<?xml version="1.0" encoding="UTF-8"?>
<testsuites name="QA_IWP2.5_Regression" time="20353.195" tests="73" failures="19" errors="0">
   <testsuite name="QA_IWP2.5_Regression" tests="73" failures="19" errors="0" time="20353.195" skipped="0" timestamp="24-10-2024T21:54:23" hostname="t476046 - TXD87096.deluxe.com" id="Test Suites/QA/IWP2.5/QA_IWP2.5_Regression">
      <properties>
         <property name="deviceName" value=""/>
         <property name="devicePlatform"/>
         <property name="logFolder" value="C:\\Users\\t476046\\Documents\\katalon\\VPS-Katalon\\Reports\\20241024_215405\\QA\\IWP2.5\\QA_IWP2.5_Regression\\20241024_215405"/>
         <property name="logFiles" value="C:\\Users\\t476046\\Documents\\katalon\\VPS-Katalon\\Reports\\20241024_215405\\QA\\IWP2.5\\QA_IWP2.5_Regression\\20241024_215405\\execution0.log, C:\\Users\\t476046\\Documents\\katalon\\VPS-Katalon\\Reports\\20241024_215405\\QA\\IWP2.5\\QA_IWP2.5_Regression\\20241024_215405\\execution1.log, C:\\Users\\t476046\\Documents\\katalon\\VPS-Katalon\\Reports\\20241024_215405\\QA\\IWP2.5\\QA_IWP2.5_Regression\\20241024_215405\\execution2.log"/>
         <property name="attachments" value="C:\\Users\\t476046\\Documents\\katalon\\VPS-Katalon\\Reports\\20241024_215405\\QA\\IWP2.5\\QA_IWP2.5_Regression\\20241024_215405\\1729805416942.png, C:\\Users\\t476046\\Documents\\katalon\\VPS-Katalon\\Reports\\20241024_215405\\QA\\IWP2.5\\QA_IWP2.5_Regression\\20241024_215405\\1729805417908.png"/>
         <property name="hostName" value="t476046 - TXD87096.deluxe.com"/>
         <property name="os" value="Windows 10 64bit"/>
         <property name="katalonVersion" value="9.6.0.217"/>
         <property name="browser" value="Edge Chromium 130"/>
         <property name="hostAddress" value="10.203.40.166"/>
         <property name="sessionId" value="38e1740d1bcc9f5125c00de0b345a8d9"/>
         <property name="seleniumVersion" value="3.141.59"/>
         <property name="proxyInformation" value="ProxyInformation { proxyOption=NO_PROXY, proxyServerType=HTTP, username=, password=********, proxyServerAddress=, proxyServerPort=0, executionList=&quot;&quot;, isApplyToDesiredCapabilities=true }"/>
         <property name="platform" value="Windows 10"/>
      </properties>
      <testcase name="Test Cases/IntegratedWeb/IWP25/Payments/NoModifyAmountCC" time="238.098" classname="Test Cases/IntegratedWeb/IWP25/Payments/NoModifyAmountCC" status="FAILED">
         <failure type="FAILED" message="Test Cases/IntegratedWeb/IWP25/Payments/NoModifyAmountCC FAILED.&#xa;Reason:&#xa;com.kms.katalon.core.exception.StepFailedException: Text 'Successful Payment Receipt' is not present on page  (Root cause: com.kms.katalon.core.exception.StepFailedException: Text 'Successful Payment Receipt' is not present on page &#xa;	at com.kms.katalon.core.webui.keyword.internal.WebUIKeywordMain.stepFailed(WebUIKeywordMain.groovy:64)&#xa;	at com.kms.katalon.core.webui.keyword.builtin.VerifyTextPresentKeyword$_verifyTextPresent_closure1.doCall(VerifyTextPresentKeyword.groovy:79)&#xa;	at com.kms.katalon.core.webui.keyword.builtin.VerifyTextPresentKeyword$_verifyTextPresent_closure1.call(VerifyTextPresentKeyword.groovy)&#xa;	at com.kms.katalon.core.webui.keyword.internal.WebUIKeywordMain.runKeyword(WebUIKeywordMain.groovy:20)&#xa;	at com.kms.katalon.core.webui.keyword.builtin.VerifyTextPresentKeyword.verifyTextPresent(VerifyTextPresentKeyword.groovy:83)&#xa;	at com.kms.katalon.core.webui.keyword.builtin.VerifyTextPresentKeyword.execute(VerifyTextPresentKeyword.groovy:68)&#xa;	at com.kms.katalon.core.keyword.internal.KeywordExecutor.executeKeywordForPlatform(KeywordExecutor.groovy:74)&#xa;	at com.kms.katalon.core.webui.keyword.WebUiBuiltInKeywords.verifyTextPresent(WebUiBuiltInKeywords.groovy:1762)&#xa;	at NoModifyAmountCC.run(NoModifyAmountCC:93)&#xa;	at com.kms.katalon.core.main.ScriptEngine.run(ScriptEngine.java:194)&#xa;	at com.kms.katalon.core.main.ScriptEngine.runScriptAsRawText(ScriptEngine.java:119)&#xa;	at com.kms.katalon.core.main.TestCaseExecutor.runScript(TestCaseExecutor.java:448)&#xa;	at com.kms.katalon.core.main.TestCaseExecutor.doExecute(TestCaseExecutor.java:439)&#xa;	at com.kms.katalon.core.main.TestCaseExecutor.processExecutionPhase(TestCaseExecutor.java:418)&#xa;	at com.kms.katalon.core.main.TestCaseExecutor.accessMainPhase(TestCaseExecutor.java:410)&#xa;	at com.kms.katalon.core.main.TestCaseExecutor.execute(TestCaseExecutor.java:285)&#xa;	at com.kms.katalon.core.common.CommonExecutor.accessTestCaseMainPhase(CommonExecutor.java:65)&#xa;	at com.kms.katalon.core.main.TestSuiteExecutor.accessTestSuiteMainPhase(TestSuiteExecutor.java:150)&#xa;	at com.kms.katalon.core.main.TestSuiteExecutor.execute(TestSuiteExecutor.java:106)&#xa;	at com.kms.katalon.core.main.TestCaseMain.startTestSuite(TestCaseMain.java:180)&#xa;	at TempTestSuite1729787045812.run(TempTestSuite1729787045812.groovy:35)&#xa;	at java.base/jdk.internal.reflect.NativeMethodAccessorImpl.invoke0(Native Method)&#xa;	at java.base/jdk.internal.reflect.NativeMethodAccessorImpl.invoke(NativeMethodAccessorImpl.java:77)&#xa;	at java.base/jdk.internal.reflect.DelegatingMethodAccessorImpl.invoke(DelegatingMethodAccessorImpl.java:43)&#xa;)&#xa;	at com.kms.katalon.core.keyword.internal.KeywordMain.stepFailed(KeywordMain.groovy:39)&#xa;	at com.kms.katalon.core.webui.keyword.internal.WebUIKeywordMain.stepFailed(WebUIKeywordMain.groovy:64)&#xa;	at com.kms.katalon.core.webui.keyword.builtin.VerifyTextPresentKeyword$_verifyTextPresent_closure1.doCall(VerifyTextPresentKeyword.groovy:79)&#xa;	at com.kms.katalon.core.webui.keyword.builtin.VerifyTextPresentKeyword$_verifyTextPresent_closure1.call(VerifyTextPresentKeyword.groovy)&#xa;	at com.kms.katalon.core.webui.keyword.internal.WebUIKeywordMain.runKeyword(WebUIKeywordMain.groovy:20)&#xa;	at com.kms.katalon.core.webui.keyword.builtin.VerifyTextPresentKeyword.verifyTextPresent(VerifyTextPresentKeyword.groovy:83)&#xa;	at com.kms.katalon.core.webui.keyword.builtin.VerifyTextPresentKeyword.execute(VerifyTextPresentKeyword.groovy:68)&#xa;	at com.kms.katalon.core.keyword.internal.KeywordExecutor.executeKeywordForPlatform(KeywordExecutor.groovy:74)&#xa;	at com.kms.katalon.core.webui.keyword.WebUiBuiltInKeywords.verifyTextPresent(WebUiBuiltInKeywords.groovy:1762)&#xa;	at NoModifyAmountCC.run(NoModifyAmountCC:93)&#xa;	at com.kms.katalon.core.main.ScriptEngine.run(ScriptEngine.java:194)&#xa;	at com.kms.katalon.core.main.ScriptEngine.runScriptAsRawText(ScriptEngine.java:119)&#xa;	at com.kms.katalon.core.main.TestCaseExecutor.runScript(TestCaseExecutor.java:448)&#xa;	at com.kms.katalon.core.main.TestCaseExecutor.doExecute(TestCaseExecutor.java:439)&#xa;	at com.kms.katalon.core.main.TestCaseExecutor.processExecutionPhase(TestCaseExecutor.java:418)&#xa;	at com.kms.katalon.core.main.TestCaseExecutor.accessMainPhase(TestCaseExecutor.java:410)&#xa;	at com.kms.katalon.core.main.TestCaseExecutor.execute(TestCaseExecutor.java:285)&#xa;	at com.kms.katalon.core.common.CommonExecutor.accessTestCaseMainPhase(CommonExecutor.java:65)&#xa;	at com.kms.katalon.core.main.TestSuiteExecutor.accessTestSuiteMainPhase(TestSuiteExecutor.java:150)&#xa;	at com.kms.katalon.core.main.TestSuiteExecutor.execute(TestSuiteExecutor.java:106)&#xa;	at com.kms.katalon.core.main.TestCaseMain.startTestSuite(TestCaseMain.java:180)&#xa;	at TempTestSuite1729787045812.run(TempTestSuite1729787045812.groovy:35)&#xa;	at java.base/jdk.internal.reflect.NativeMethodAccessorImpl.invoke0(Native Method)&#xa;	at java.base/jdk.internal.reflect.NativeMethodAccessorImpl.invoke(NativeMethodAccessorImpl.java:77)&#xa;	at java.base/jdk.internal.reflect.DelegatingMethodAccessorImpl.invoke(DelegatingMethodAccessorImpl.java:43)&#xa;Caused by: com.kms.katalon.core.exception.StepFailedException: Text 'Successful Payment Receipt' is not present on page &#xa;	... 24 more&#xa;"/>
         <system-out><![CDATA[24-10-2024T21:54:24 - [TEST_CASE][FAILED] - Test Cases/IntegratedWeb/IWP25/Payments/NoModifyAmountCC: Test Cases/IntegratedWeb/IWP25/Payments/NoModifyAmountCC FAILED.
Reason:
com.kms.katalon.core.exception.StepFailedException: Text 'Successful Payment Receipt' is not present on page  (Root cause: com.kms.katalon.core.exception.StepFailedException: Text 'Successful Payment Receipt' is not present on page 
	at com.kms.katalon.core.webui.keyword.internal.WebUIKeywordMain.stepFailed(WebUIKeywordMain.groovy:64)
	at com.kms.katalon.core.webui.keyword.builtin.VerifyTextPresentKeyword$_verifyTextPresent_closure1.doCall(VerifyTextPresentKeyword.groovy:79)
	at com.kms.katalon.core.webui.keyword.builtin.VerifyTextPresentKeyword$_verifyTextPresent_closure1.call(VerifyTextPresentKeyword.groovy)
	at com.kms.katalon.core.webui.keyword.internal.WebUIKeywordMain.runKeyword(WebUIKeywordMain.groovy:20)
	at com.kms.katalon.core.webui.keyword.builtin.VerifyTextPresentKeyword.verifyTextPresent(VerifyTextPresentKeyword.groovy:83)
	at com.kms.katalon.core.webui.keyword.builtin.VerifyTextPresentKeyword.execute(VerifyTextPresentKeyword.groovy:68)
	at com.kms.katalon.core.keyword.internal.KeywordExecutor.executeKeywordForPlatform(KeywordExecutor.groovy:74)
	at com.kms.katalon.core.webui.keyword.WebUiBuiltInKeywords.verifyTextPresent(WebUiBuiltInKeywords.groovy:1762)
	at NoModifyAmountCC.run(NoModifyAmountCC:93)
	at com.kms.katalon.core.main.ScriptEngine.run(ScriptEngine.java:194)
	at com.kms.katalon.core.main.ScriptEngine.runScriptAsRawText(ScriptEngine.java:119)
	at com.kms.katalon.core.main.TestCaseExecutor.runScript(TestCaseExecutor.java:448)
	at com.kms.katalon.core.main.TestCaseExecutor.doExecute(TestCaseExecutor.java:439)
	at com.kms.katalon.core.main.TestCaseExecutor.processExecutionPhase(TestCaseExecutor.java:418)
	at com.kms.katalon.core.main.TestCaseExecutor.accessMainPhase(TestCaseExecutor.java:410)
	at com.kms.katalon.core.main.TestCaseExecutor.execute(TestCaseExecutor.java:285)
	at com.kms.katalon.core.common.CommonExecutor.accessTestCaseMainPhase(CommonExecutor.java:65)
	at com.kms.katalon.core.main.TestSuiteExecutor.accessTestSuiteMainPhase(TestSuiteExecutor.java:150)
	at com.kms.katalon.core.main.TestSuiteExecutor.execute(TestSuiteExecutor.java:106)
	at com.kms.katalon.core.main.TestCaseMain.startTestSuite(TestCaseMain.java:180)
	at TempTestSuite1729787045812.run(TempTestSuite1729787045812.groovy:35)
	at java.base/jdk.internal.reflect.NativeMethodAccessorImpl.invoke0(Native Method)
	at java.base/jdk.internal.reflect.NativeMethodAccessorImpl.invoke(NativeMethodAccessorImpl.java:77)
	at java.base/jdk.internal.reflect.DelegatingMethodAccessorImpl.invoke(DelegatingMethodAccessorImpl.java:43)
)
	at com.kms.katalon.core.keyword.internal.KeywordMain.stepFailed(KeywordMain.groovy:39)
	at com.kms.katalon.core.webui.keyword.internal.WebUIKeywordMain.stepFailed(WebUIKeywordMain.groovy:64)
	at com.kms.katalon.core.webui.keyword.builtin.VerifyTextPresentKeyword$_verifyTextPresent_closure1.doCall(VerifyTextPresentKeyword.groovy:79)
	at com.kms.katalon.core.webui.keyword.builtin.VerifyTextPresentKeyword$_verifyTextPresent_closure1.call(VerifyTextPresentKeyword.groovy)
	at com.kms.katalon.core.webui.keyword.internal.WebUIKeywordMain.runKeyword(WebUIKeywordMain.groovy:20)
	at com.kms.katalon.core.webui.keyword.builtin.VerifyTextPresentKeyword.verifyTextPresent(VerifyTextPresentKeyword.groovy:83)
	at com.kms.katalon.core.webui.keyword.builtin.VerifyTextPresentKeyword.execute(VerifyTextPresentKeyword.groovy:68)
	at com.kms.katalon.core.keyword.internal.KeywordExecutor.executeKeywordForPlatform(KeywordExecutor.groovy:74)
	at com.kms.katalon.core.webui.keyword.WebUiBuiltInKeywords.verifyTextPresent(WebUiBuiltInKeywords.groovy:1762)
	at NoModifyAmountCC.run(NoModifyAmountCC:93)
	at com.kms.katalon.core.main.ScriptEngine.run(ScriptEngine.java:194)
	at com.kms.katalon.core.main.ScriptEngine.runScriptAsRawText(ScriptEngine.java:119)
	at com.kms.katalon.core.main.TestCaseExecutor.runScript(TestCaseExecutor.java:448)
	at com.kms.katalon.core.main.TestCaseExecutor.doExecute(TestCaseExecutor.java:439)
	at com.kms.katalon.core.main.TestCaseExecutor.processExecutionPhase(TestCaseExecutor.java:418)
	at com.kms.katalon.core.main.TestCaseExecutor.accessMainPhase(TestCaseExecutor.java:410)
	at com.kms.katalon.core.main.TestCaseExecutor.execute(TestCaseExecutor.java:285)
	at com.kms.katalon.core.common.CommonExecutor.accessTestCaseMainPhase(CommonExecutor.java:65)
	at com.kms.katalon.core.main.TestSuiteExecutor.accessTestSuiteMainPhase(TestSuiteExecutor.java:150)
	at com.kms.katalon.core.main.TestSuiteExecutor.execute(TestSuiteExecutor.java:106)
	at com.kms.katalon.core.main.TestCaseMain.startTestSuite(TestCaseMain.java:180)
	at TempTestSuite1729787045812.run(TempTestSuite1729787045812.groovy:35)
	at java.base/jdk.internal.reflect.NativeMethodAccessorImpl.invoke0(Native Method)
	at java.base/jdk.internal.reflect.NativeMethodAccessorImpl.invoke(NativeMethodAccessorImpl.java:77)
	at java.base/jdk.internal.reflect.DelegatingMethodAccessorImpl.invoke(DelegatingMethodAccessorImpl.java:43)
Caused by: com.kms.katalon.core.exception.StepFailedException: Text 'Successful Payment Receipt' is not present on page 
	... 24 more


24-10-2024T21:54:25 - [TEST_STEP][PASSED] - resText = "Fail": null

24-10-2024T21:54:25 - [TEST_STEP][PASSED] - resColumn = "Result": null

24-10-2024T21:54:25 - [TEST_STEP][PASSED] - datCloumn = "Date": null

24-10-2024T21:54:25 - [TEST_STEP][PASSED] - fileLoc = "KatalonData/IWPTestData/VRelay25Payments.xlsx": null

24-10-2024T21:54:25 - [TEST_STEP][PASSED] - numOfRows = <not implemented yet for class: org.codehaus.groovy.ast.expr.EmptyExpression>: null

24-10-2024T21:54:25 - [TEST_STEP][PASSED] - dataFile = <not implemented yet for class: org.codehaus.groovy.ast.expr.EmptyExpression>: null

24-10-2024T21:54:25 - [TEST_STEP][PASSED] - nameSheet = <not implemented yet for class: org.codehaus.groovy.ast.expr.EmptyExpression>: null

24-10-2024T21:54:25 - [TEST_STEP][PASSED] - dataFileEmulator = <not implemented yet for class: org.codehaus.groovy.ast.expr.EmptyExpression>: null

24-10-2024T21:54:25 - [TEST_STEP][PASSED] - nameSheet = "NoModifyAmountCC": null

24-10-2024T21:54:25 - [TEST_STEP][PASSED] - dataFile = "IWPTestData/IWP25NoModifyAmountCC": null

24-10-2024T21:54:25 - [TEST_STEP][PASSED] - dataFileEmulator = "IWPTestData/EmulatorData": null

24-10-2024T21:54:25 - [TEST_STEP][PASSED] - numOfRows = findTestData(dataFile).getRowNumbers(): null

24-10-2024T21:54:26 - [TEST_STEP][PASSED] - println("Number of Records: " + numOfRows): null

24-10-2024T21:54:26 - [TEST_STEP][PASSED] - for ([row = 1, row <= numOfRows, (row++)]): Browser is closed

24-10-2024T21:54:26 - [TEST_STEP][PASSED] - ExecuteTC = findTestData(dataFile).getValue("Execute", row): null

24-10-2024T21:54:27 - [TEST_STEP][PASSED] - out.println("Value of Execute is : " + ExecuteTC): null

24-10-2024T21:54:27 - [TEST_STEP][PASSED] - if (ExecuteTC.equalsIgnoreCase("Y")): null

24-10-2024T21:54:27 - [TEST_STEP][PASSED] - out.println("Begin Record Number: " + row): null

24-10-2024T21:54:27 - [TEST_STEP][PASSED] - today = new java.util.Date(): null

24-10-2024T21:54:27 - [TEST_STEP][PASSED] - println(today): null

24-10-2024T21:54:27 - [TEST_STEP][PASSED] - datText = today: null

24-10-2024T21:54:27 - [TEST_STEP][PASSED] - EmulatorDataKey = findTestData(dataFile).getValue("EmulatorData", row): null

24-10-2024T21:54:27 - [TEST_STEP][PASSED] - out.println("Value of Emulator Key is : " + EmulatorDataKey): null

24-10-2024T21:54:27 - [TEST_STEP][PASSED] - iwpPages.emulatorIWP30.setDataEmulator_DD(EmulatorDataKey): iwpPages.emulatorIWP30.setDataEmulator_DD is PASSED

24-10-2024T21:54:29 - [MESSAGE][INFO] - Starting 'Edge Chromium' driver

24-10-2024T21:54:29 - [MESSAGE][INFO] - User set preference: ['acceptInsecureCerts', 'true']

24-10-2024T21:54:31 - [MESSAGE][INFO] - Action delay is set to 0 milliseconds

24-10-2024T21:54:36 - [MESSAGE][PASSED] - Browser is opened with url: 'https://qa2.velocitypayment.com/agencyx/config.action?action=editor&message_version=2_5'

24-10-2024T21:54:36 - [MESSAGE][PASSED] - Current window maximized

24-10-2024T21:55:08 - [MESSAGE][INFO] - Unable to find the element located by 'By.xpath: //select[@name='message_version']'. Please recheck the objects properties to make sure the desired element is located. 

24-10-2024T21:55:08 - [MESSAGE][WARNING] - [SELF-HEALING] Failed to find element with id 'Object Repository/IWP30/Page_VRelay30Emulator/MV'. Try using Self-healing.

24-10-2024T21:55:08 - [MESSAGE][WARNING] - [SELF-HEALING] The current locator of test object 'Object Repository/IWP30/Page_VRelay30Emulator/MV' was broken. Propose an alternative one: '(.//*[normalize-space(text()) and normalize-space(.)='Message Version'])[1]/following::select[1]'.

24-10-2024T21:55:09 - [MESSAGE][PASSED] - All options with value '2.5' are selected in object 'Object Repository/IWP30/Page_VRelay30Emulator/MV'  using regular expression

24-10-2024T21:55:09 - [MESSAGE][PASSED] - Text '10.50' is set on object 'Object Repository/IWP30/Page_EmulatorAgencyX/Amount'

24-10-2024T21:55:10 - [MESSAGE][PASSED] - Text 'C916BnlevLRm' is set on object 'Object Repository/IWP30/Page_EmulatorAgencyX/CAN'

24-10-2024T21:55:11 - [MESSAGE][PASSED] - Text 'PayNow' is set on object 'Object Repository/IWP30/Page_EmulatorAgencyX/Action'

24-10-2024T21:55:11 - [MESSAGE][PASSED] - Text 'en_US' is set on object 'Object Repository/IWP30/Page_EmulatorAgencyX/Lang'

24-10-2024T21:55:12 - [MESSAGE][PASSED] - Text 'Jasmine' is set on object 'Object Repository/IWP30/Page_EmulatorAgencyX/Fname'

24-10-2024T21:55:12 - [MESSAGE][PASSED] - Text 'Patrinol' is set on object 'Object Repository/IWP30/Page_EmulatorAgencyX/Lname'

24-10-2024T21:55:13 - [MESSAGE][PASSED] - Text '258 Underwood rd' is set on object 'Object Repository/IWP30/Page_EmulatorAgencyX/AL1'

24-10-2024T21:55:14 - [MESSAGE][PASSED] - Text 'Suite 600' is set on object 'Object Repository/IWP30/Page_EmulatorAgencyX/AL2'

24-10-2024T21:55:14 - [MESSAGE][PASSED] - Text '840' is set on object 'Object Repository/IWP30/Page_EmulatorAgencyX/Country'

24-10-2024T21:55:15 - [MESSAGE][PASSED] - Text 'Arlington' is set on object 'Object Repository/IWP30/Page_EmulatorAgencyX/City'

24-10-2024T21:55:16 - [MESSAGE][PASSED] - Text 'VA' is set on object 'Object Repository/IWP30/Page_EmulatorAgencyX/State'

24-10-2024T21:55:17 - [MESSAGE][PASSED] - Text '22201' is set on object 'Object Repository/IWP30/Page_EmulatorAgencyX/ZIP'

24-10-2024T21:55:17 - [MESSAGE][PASSED] - Text '' is set on object 'Object Repository/IWP30/Page_EmulatorAgencyX/Order'

24-10-2024T21:55:18 - [MESSAGE][PASSED] - Text 'Some Company' is set on object 'Object Repository/IWP30/Page_EmulatorAgencyX/Company'

24-10-2024T21:55:19 - [MESSAGE][PASSED] - Text 'iahmed@govolution.com' is set on object 'Object Repository/IWP30/Page_EmulatorAgencyX/Email'

24-10-2024T21:55:19 - [MESSAGE][PASSED] - Text 'udf data 1' is set on object 'Object Repository/IWP30/Page_EmulatorAgencyX/UDF1'

24-10-2024T21:55:20 - [MESSAGE][PASSED] - Text 'udf data 2' is set on object 'Object Repository/IWP30/Page_EmulatorAgencyX/UDF2'

24-10-2024T21:55:20 - [MESSAGE][PASSED] - Text 'udf data 3' is set on object 'Object Repository/IWP30/Page_EmulatorAgencyX/UDF3'

24-10-2024T21:55:21 - [MESSAGE][PASSED] - Text 'udf data 4' is set on object 'Object Repository/IWP30/Page_EmulatorAgencyX/UDF4'

24-10-2024T21:55:22 - [MESSAGE][PASSED] - Text 'udf data 5' is set on object 'Object Repository/IWP30/Page_EmulatorAgencyX/UDF5'

24-10-2024T21:55:22 - [MESSAGE][PASSED] - Text 'udf data 6' is set on object 'Object Repository/IWP30/Page_EmulatorAgencyX/UDF6'

24-10-2024T21:55:23 - [MESSAGE][PASSED] - Text 'Orange' is set on object 'Object Repository/IWP30/Page_EmulatorAgencyX/UDF7'

24-10-2024T21:55:24 - [MESSAGE][PASSED] - Text 'Soccer' is set on object 'Object Repository/IWP30/Page_EmulatorAgencyX/UDF8'

24-10-2024T21:55:24 - [MESSAGE][PASSED] - Text 'udf data 9' is set on object 'Object Repository/IWP30/Page_EmulatorAgencyX/UDF9'

24-10-2024T21:55:25 - [MESSAGE][PASSED] - Text 'udf data 10' is set on object 'Object Repository/IWP30/Page_EmulatorAgencyX/UDF10'

24-10-2024T21:55:26 - [MESSAGE][PASSED] - Object: 'Object Repository/IWP30/Page_EmulatorAgencyX/Submit' is clicked on

24-10-2024T21:55:31 - [MESSAGE][PASSED] - Browser is closed

24-10-2024T21:55:35 - [MESSAGE][PASSED] - iwpPages.emulatorIWP30.setDataEmulator_DD is PASSED

24-10-2024T21:55:35 - [TEST_STEP][PASSED] - testHarnessURL = urlTestHarness: null

24-10-2024T21:55:35 - [TEST_STEP][PASSED] - openBrowser(testHarnessURL): Browser is opened with url: 'https://dev-algorithm.govolution.com/vrelaytest/QA2/version_2_2/vrelaytest.html'

24-10-2024T21:55:35 - [MESSAGE][INFO] - Starting 'Edge Chromium' driver

24-10-2024T21:55:35 - [MESSAGE][INFO] - User set preference: ['acceptInsecureCerts', 'true']

24-10-2024T21:55:37 - [MESSAGE][INFO] - Action delay is set to 0 milliseconds

24-10-2024T21:55:41 - [MESSAGE][PASSED] - Browser is opened with url: 'https://dev-algorithm.govolution.com/vrelaytest/QA2/version_2_2/vrelaytest.html'

24-10-2024T21:55:41 - [TEST_STEP][PASSED] - maximizeWindow(): Current window maximized

24-10-2024T21:55:41 - [MESSAGE][PASSED] - Current window maximized

24-10-2024T21:55:41 - [TEST_STEP][PASSED] - iwpPages.TestHarnessPage.setDataMethod(row, dataFile): iwpPages.TestHarnessPage.setDataMethod is PASSED

24-10-2024T21:55:41 - [MESSAGE][PASSED] - Object 'Object Repository/IWP30/Page_QATestHarness/RemittanceID' is present

24-10-2024T21:55:42 - [MESSAGE][PASSED] - Text '654' is set on object 'Object Repository/IWP30/Page_QATestHarness/ApplicationID'

24-10-2024T21:55:43 - [MESSAGE][PASSED] - Text '2.5' is set on object 'Object Repository/IWP30/Page_QATestHarness/MessageVersion'

24-10-2024T21:55:43 - [MESSAGE][PASSED] - Text 'GaCRaoatyp5r' is set on object 'Object Repository/IWP30/Page_QATestHarness/RemittanceID'

24-10-2024T21:55:47 - [MESSAGE][PASSED] - Object: 'Object Repository/IWP30/Page_QATestHarness/SubmitButton' is clicked on

24-10-2024T21:55:47 - [MESSAGE][PASSED] - iwpPages.TestHarnessPage.setDataMethod is PASSED

24-10-2024T21:55:47 - [TEST_STEP][PASSED] - click(findTestObject("Object Repository/IWP30/Page_SelectPaymentMethod/PayByCreditCard")): Object: 'Object Repository/IWP30/Page_SelectPaymentMethod/PayByCreditCard' is clicked on

24-10-2024T21:55:48 - [MESSAGE][PASSED] - Object: 'Object Repository/IWP30/Page_SelectPaymentMethod/PayByCreditCard' is clicked on

24-10-2024T21:55:48 - [TEST_STEP][PASSED] - click(findTestObject("Object Repository/IWP30/Page_SelectPaymentMethod/MakePaymentButton")): Object: 'Object Repository/IWP30/Page_SelectPaymentMethod/MakePaymentButton' is clicked on

24-10-2024T21:55:51 - [MESSAGE][PASSED] - Object: 'Object Repository/IWP30/Page_SelectPaymentMethod/MakePaymentButton' is clicked on

24-10-2024T21:55:51 - [TEST_STEP][PASSED] - if (verifyElementNotPresent(findTestObject("Object Repository/IWP30/Page_CCPaymentEntry/Amount"), 30) && verifyTextPresent("$10.50", false)): null

24-10-2024T21:55:51 - [MESSAGE][PASSED] - Web element with id: 'Object Repository/IWP30/Page_CCPaymentEntry/Amount' located by 'By.xpath: //*[@type = 'text' and @name = 'amount' and @alt = 'Amount']' is not present after '30' second(s)

24-10-2024T21:55:52 - [MESSAGE][PASSED] - Text '$10.50' is present on page 

24-10-2024T21:55:52 - [TEST_STEP][PASSED] - iwpPages.ccPaymentEntryPage.setDataCCPM(row, dataFile): iwpPages.ccPaymentEntryPage.setDataCCPM is PASSED

24-10-2024T21:55:53 - [MESSAGE][PASSED] - Object 'Object Repository/IWP30/Page_CCPaymentEntry/Name' is present

24-10-2024T21:55:54 - [MESSAGE][PASSED] - Object 'Object Repository/IWP30/Page_CCPaymentEntry/Name' is present

24-10-2024T21:55:54 - [MESSAGE][PASSED] - Object 'Object Repository/IWP30/Page_CCPaymentEntry/CardNumber' is present

24-10-2024T21:55:55 - [MESSAGE][PASSED] - Text '5146312200000035' is set on object 'Object Repository/IWP30/Page_CCPaymentEntry/CardNumber'

24-10-2024T21:55:55 - [MESSAGE][PASSED] - Object 'Object Repository/IWP30/Page_CCPaymentEntry/Month' is present

24-10-2024T21:55:55 - [MESSAGE][PASSED] - All options with label '09' are selected in object 'Object Repository/IWP30/Page_CCPaymentEntry/Month' 

24-10-2024T21:55:56 - [MESSAGE][PASSED] - Object 'Object Repository/IWP30/Page_CCPaymentEntry/Year' is present

24-10-2024T21:55:56 - [MESSAGE][PASSED] - All options with label '2028' are selected in object 'Object Repository/IWP30/Page_CCPaymentEntry/Year' 

24-10-2024T21:55:57 - [MESSAGE][PASSED] - Object 'Object Repository/IWP30/Page_CCPaymentEntry/EmailAddress' is present

24-10-2024T21:55:57 - [MESSAGE][PASSED] - Object 'Object Repository/IWP30/Page_CCPaymentEntry/TermCondCheckBox' is present

24-10-2024T21:55:57 - [MESSAGE][PASSED] - Object 'Object Repository/IWP30/Page_CCPaymentEntry/TermCondCheckBox' is checked

24-10-2024T21:55:58 - [MESSAGE][PASSED] - Object 'Object Repository/IWP30/Page_CCPaymentEntry/ContinueButton' is present

24-10-2024T21:55:59 - [MESSAGE][PASSED] - Object: 'Object Repository/IWP30/Page_CCPaymentEntry/ContinueButton' is clicked on

24-10-2024T21:55:59 - [MESSAGE][PASSED] - iwpPages.ccPaymentEntryPage.setDataCCPM is PASSED

24-10-2024T21:55:59 - [TEST_STEP][PASSED] - click(findTestObject("Object Repository/IWP30/Page_Confirmation/ConfirmButton")): Object: 'Object Repository/IWP30/Page_Confirmation/ConfirmButton' is clicked on

24-10-2024T21:56:01 - [MESSAGE][PASSED] - Object: 'Object Repository/IWP30/Page_Confirmation/ConfirmButton' is clicked on

24-10-2024T21:56:01 - [TEST_STEP][PASSED] - Thread.sleep(10000): null

24-10-2024T21:56:11 - [TEST_STEP][PASSED] - if (verifyTextPresent("Successful Payment Receipt", false)): null

24-10-2024T21:56:11 - [MESSAGE][PASSED] - Text 'Successful Payment Receipt' is present on page 

24-10-2024T21:56:11 - [TEST_STEP][PASSED] - println("Successful Payment Receipt text is present on the Receipt page"): null

24-10-2024T21:56:11 - [TEST_STEP][PASSED] - markPassed("Successful Payment Receipt text is present on the Receipt page"): Successful Payment Receipt text is present on the Receipt page

24-10-2024T21:56:11 - [MESSAGE][PASSED] - Successful Payment Receipt text is present on the Receipt page

24-10-2024T21:56:11 - [TEST_STEP][PASSED] - resText = "Pass": null

24-10-2024T21:56:11 - [TEST_STEP][PASSED] - pages.WriteExcel.demoKey(resText, datText, resColumn, datCloumn, fileLoc, nameSheet, row): pages.WriteExcel.demoKey is PASSED

24-10-2024T21:56:12 - [MESSAGE][PASSED] - pages.WriteExcel.demoKey is PASSED

24-10-2024T21:56:12 - [TEST_STEP][PASSED] - closeBrowser(): Browser is closed

24-10-2024T21:56:12 - [MESSAGE][PASSED] - Browser is closed

24-10-2024T21:56:12 - [TEST_STEP][PASSED] - ExecuteTC = findTestData(dataFile).getValue("Execute", row): null

24-10-2024T21:56:12 - [TEST_STEP][PASSED] - out.println("Value of Execute is : " + ExecuteTC): null

24-10-2024T21:56:12 - [TEST_STEP][PASSED] - if (ExecuteTC.equalsIgnoreCase("Y")): null

24-10-2024T21:56:12 - [TEST_STEP][PASSED] - out.println("Begin Record Number: " + row): null

24-10-2024T21:56:12 - [TEST_STEP][PASSED] - today = new java.util.Date(): null

24-10-2024T21:56:12 - [TEST_STEP][PASSED] - println(today): null

24-10-2024T21:56:12 - [TEST_STEP][PASSED] - datText = today: null

24-10-2024T21:56:12 - [TEST_STEP][PASSED] - EmulatorDataKey = findTestData(dataFile).getValue("EmulatorData", row): null

24-10-2024T21:56:13 - [TEST_STEP][PASSED] - out.println("Value of Emulator Key is : " + EmulatorDataKey): null

24-10-2024T21:56:13 - [TEST_STEP][PASSED] - iwpPages.emulatorIWP30.setDataEmulator_DD(EmulatorDataKey): iwpPages.emulatorIWP30.setDataEmulator_DD is PASSED

24-10-2024T21:56:14 - [MESSAGE][INFO] - Starting 'Edge Chromium' driver

24-10-2024T21:56:14 - [MESSAGE][INFO] - User set preference: ['acceptInsecureCerts', 'true']

24-10-2024T21:56:16 - [MESSAGE][INFO] - Action delay is set to 0 milliseconds

24-10-2024T21:56:19 - [MESSAGE][PASSED] - Browser is opened with url: 'https://qa2.velocitypayment.com/agencyx/config.action?action=editor&message_version=3_0'

24-10-2024T21:56:19 - [MESSAGE][PASSED] - Current window maximized

24-10-2024T21:56:51 - [MESSAGE][INFO] - Unable to find the element located by 'By.xpath: //select[@name='message_version']'. Please recheck the objects properties to make sure the desired element is located. 

24-10-2024T21:56:51 - [MESSAGE][WARNING] - [SELF-HEALING] Failed to find element with id 'Object Repository/IWP30/Page_VRelay30Emulator/MV'. Try using Self-healing.

24-10-2024T21:56:51 - [MESSAGE][WARNING] - [SELF-HEALING] The current locator of test object 'Object Repository/IWP30/Page_VRelay30Emulator/MV' was broken. Propose an alternative one: '(.//*[normalize-space(text()) and normalize-space(.)='Message Version'])[1]/following::select[1]'.

24-10-2024T21:56:51 - [MESSAGE][PASSED] - All options with value '3.0' are selected in object 'Object Repository/IWP30/Page_VRelay30Emulator/MV'  using regular expression

24-10-2024T21:56:52 - [MESSAGE][PASSED] - Text '10.50' is set on object 'Object Repository/IWP30/Page_EmulatorAgencyX/Amount'

24-10-2024T21:56:53 - [MESSAGE][PASSED] - Text 'hAJwwiEwBJ9W' is set on object 'Object Repository/IWP30/Page_EmulatorAgencyX/CAN'

24-10-2024T21:56:53 - [MESSAGE][PASSED] - Text 'PayNow' is set on object 'Object Repository/IWP30/Page_EmulatorAgencyX/Action'

24-10-2024T21:56:54 - [MESSAGE][PASSED] - Text 'en_US' is set on object 'Object Repository/IWP30/Page_EmulatorAgencyX/Lang'

24-10-2024T21:56:55 - [MESSAGE][PASSED] - Text 'Jasmine' is set on object 'Object Repository/IWP30/Page_EmulatorAgencyX/Fname'

24-10-2024T21:56:55 - [MESSAGE][PASSED] - Text 'Patrinol' is set on object 'Object Repository/IWP30/Page_EmulatorAgencyX/Lname'

24-10-2024T21:56:56 - [MESSAGE][PASSED] - Text '258 Underwood rd' is set on object 'Object Repository/IWP30/Page_EmulatorAgencyX/AL1'

24-10-2024T21:56:56 - [MESSAGE][PASSED] - Text 'Suite 600' is set on object 'Object Repository/IWP30/Page_EmulatorAgencyX/AL2'

24-10-2024T21:56:57 - [MESSAGE][PASSED] - Text '840' is set on object 'Object Repository/IWP30/Page_EmulatorAgencyX/Country'

24-10-2024T21:56:58 - [MESSAGE][PASSED] - Text 'Arlington' is set on object 'Object Repository/IWP30/Page_EmulatorAgencyX/City'

24-10-2024T21:56:58 - [MESSAGE][PASSED] - Text 'VA' is set on object 'Object Repository/IWP30/Page_EmulatorAgencyX/State'

24-10-2024T21:56:59 - [MESSAGE][PASSED] - Text '22201' is set on object 'Object Repository/IWP30/Page_EmulatorAgencyX/ZIP'

24-10-2024T21:56:59 - [MESSAGE][PASSED] - Text '' is set on object 'Object Repository/IWP30/Page_EmulatorAgencyX/Order'

24-10-2024T21:57:00 - [MESSAGE][PASSED] - Text 'Some Company' is set on object 'Object Repository/IWP30/Page_EmulatorAgencyX/Company'

24-10-2024T21:57:01 - [MESSAGE][PASSED] - Text 'iahmed@govolution.com' is set on object 'Object Repository/IWP30/Page_EmulatorAgencyX/Email'

24-10-2024T21:57:01 - [MESSAGE][PASSED] - Text 'udf data 1' is set on object 'Object Repository/IWP30/Page_EmulatorAgencyX/UDF1'

24-10-2024T21:57:02 - [MESSAGE][PASSED] - Text 'udf data 2' is set on object 'Object Repository/IWP30/Page_EmulatorAgencyX/UDF2'

24-10-2024T21:57:02 - [MESSAGE][PASSED] - Text 'udf data 3' is set on object 'Object Repository/IWP30/Page_EmulatorAgencyX/UDF3'

24-10-2024T21:57:03 - [MESSAGE][PASSED] - Text 'udf data 4' is set on object 'Object Repository/IWP30/Page_EmulatorAgencyX/UDF4'

24-10-2024T21:57:04 - [MESSAGE][PASSED] - Text 'udf data 5' is set on object 'Object Repository/IWP30/Page_EmulatorAgencyX/UDF5'

24-10-2024T21:57:04 - [MESSAGE][PASSED] - Text 'udf data 6' is set on object 'Object Repository/IWP30/Page_EmulatorAgencyX/UDF6'

24-10-2024T21:57:05 - [MESSAGE][PASSED] - Text 'Orange' is set on object 'Object Repository/IWP30/Page_EmulatorAgencyX/UDF7'

24-10-2024T21:57:05 - [MESSAGE][PASSED] - Text 'Soccer' is set on object 'Object Repository/IWP30/Page_EmulatorAgencyX/UDF8'

24-10-2024T21:57:06 - [MESSAGE][PASSED] - Text 'udf data 9' is set on object 'Object Repository/IWP30/Page_EmulatorAgencyX/UDF9'

24-10-2024T21:57:07 - [MESSAGE][PASSED] - Text 'udf data 10' is set on object 'Object Repository/IWP30/Page_EmulatorAgencyX/UDF10'

24-10-2024T21:57:08 - [MESSAGE][PASSED] - Object: 'Object Repository/IWP30/Page_EmulatorAgencyX/Submit' is clicked on

24-10-2024T21:57:12 - [MESSAGE][PASSED] - Browser is closed

24-10-2024T21:57:16 - [MESSAGE][PASSED] - iwpPages.emulatorIWP30.setDataEmulator_DD is PASSED

24-10-2024T21:57:16 - [TEST_STEP][PASSED] - testHarnessURL = urlTestHarness: null

24-10-2024T21:57:16 - [TEST_STEP][PASSED] - openBrowser(testHarnessURL): Browser is opened with url: 'https://dev-algorithm.govolution.com/vrelaytest/QA2/version_2_2/vrelaytest.html'

24-10-2024T21:57:16 - [MESSAGE][INFO] - Starting 'Edge Chromium' driver

24-10-2024T21:57:16 - [MESSAGE][INFO] - User set preference: ['acceptInsecureCerts', 'true']

24-10-2024T21:57:19 - [MESSAGE][INFO] - Action delay is set to 0 milliseconds

24-10-2024T21:57:22 - [MESSAGE][PASSED] - Browser is opened with url: 'https://dev-algorithm.govolution.com/vrelaytest/QA2/version_2_2/vrelaytest.html'

24-10-2024T21:57:22 - [TEST_STEP][PASSED] - maximizeWindow(): Current window maximized

24-10-2024T21:57:22 - [MESSAGE][PASSED] - Current window maximized

24-10-2024T21:57:22 - [TEST_STEP][PASSED] - iwpPages.TestHarnessPage.setDataMethod(row, dataFile): iwpPages.TestHarnessPage.setDataMethod is PASSED

24-10-2024T21:57:22 - [MESSAGE][PASSED] - Object 'Object Repository/IWP30/Page_QATestHarness/RemittanceID' is present

24-10-2024T21:57:23 - [MESSAGE][PASSED] - Text '824' is set on object 'Object Repository/IWP30/Page_QATestHarness/ApplicationID'

24-10-2024T21:57:24 - [MESSAGE][PASSED] - Text '3.0' is set on object 'Object Repository/IWP30/Page_QATestHarness/MessageVersion'

24-10-2024T21:57:24 - [MESSAGE][PASSED] - Text 'kDjeZ3QmUu4A' is set on object 'Object Repository/IWP30/Page_QATestHarness/RemittanceID'

24-10-2024T21:57:26 - [MESSAGE][PASSED] - Object: 'Object Repository/IWP30/Page_QATestHarness/SubmitButton' is clicked on

24-10-2024T21:57:26 - [MESSAGE][PASSED] - iwpPages.TestHarnessPage.setDataMethod is PASSED

24-10-2024T21:57:26 - [TEST_STEP][PASSED] - click(findTestObject("Object Repository/IWP30/Page_SelectPaymentMethod/PayByCreditCard")): Object: 'Object Repository/IWP30/Page_SelectPaymentMethod/PayByCreditCard' is clicked on

24-10-2024T21:57:27 - [MESSAGE][PASSED] - Object: 'Object Repository/IWP30/Page_SelectPaymentMethod/PayByCreditCard' is clicked on

24-10-2024T21:57:27 - [TEST_STEP][PASSED] - click(findTestObject("Object Repository/IWP30/Page_SelectPaymentMethod/MakePaymentButton")): Object: 'Object Repository/IWP30/Page_SelectPaymentMethod/MakePaymentButton' is clicked on

24-10-2024T21:57:30 - [MESSAGE][PASSED] - Object: 'Object Repository/IWP30/Page_SelectPaymentMethod/MakePaymentButton' is clicked on

24-10-2024T21:57:30 - [TEST_STEP][PASSED] - if (verifyElementNotPresent(findTestObject("Object Repository/IWP30/Page_CCPaymentEntry/Amount"), 30) && verifyTextPresent("$10.50", false)): null

24-10-2024T21:57:30 - [MESSAGE][PASSED] - Web element with id: 'Object Repository/IWP30/Page_CCPaymentEntry/Amount' located by 'By.xpath: //*[@type = 'text' and @name = 'amount' and @alt = 'Amount']' is not present after '30' second(s)

24-10-2024T21:57:31 - [MESSAGE][PASSED] - Text '$10.50' is present on page 

24-10-2024T21:57:31 - [TEST_STEP][PASSED] - iwpPages.ccPaymentEntryPage.setDataCCPM(row, dataFile): iwpPages.ccPaymentEntryPage.setDataCCPM is PASSED

24-10-2024T21:57:32 - [MESSAGE][PASSED] - Object 'Object Repository/IWP30/Page_CCPaymentEntry/Name' is present

24-10-2024T21:57:32 - [MESSAGE][PASSED] - Object 'Object Repository/IWP30/Page_CCPaymentEntry/Name' is present

24-10-2024T21:57:32 - [MESSAGE][PASSED] - Object 'Object Repository/IWP30/Page_CCPaymentEntry/CardNumber' is present

24-10-2024T21:57:33 - [MESSAGE][PASSED] - Text '5146312200000035' is set on object 'Object Repository/IWP30/Page_CCPaymentEntry/CardNumber'

24-10-2024T21:57:33 - [MESSAGE][PASSED] - Object 'Object Repository/IWP30/Page_CCPaymentEntry/Month' is present

24-10-2024T21:57:34 - [MESSAGE][PASSED] - All options with label '09' are selected in object 'Object Repository/IWP30/Page_CCPaymentEntry/Month' 

24-10-2024T21:57:34 - [MESSAGE][PASSED] - Object 'Object Repository/IWP30/Page_CCPaymentEntry/Year' is present

24-10-2024T21:57:35 - [MESSAGE][PASSED] - All options with label '2028' are selected in object 'Object Repository/IWP30/Page_CCPaymentEntry/Year' 

24-10-2024T21:57:35 - [MESSAGE][PASSED] - Object 'Object Repository/IWP30/Page_CCPaymentEntry/EmailAddress' is present

24-10-2024T21:57:35 - [MESSAGE][PASSED] - Object 'Object Repository/IWP30/Page_CCPaymentEntry/TermCondCheckBox' is present

24-10-2024T21:57:36 - [MESSAGE][PASSED] - Object 'Object Repository/IWP30/Page_CCPaymentEntry/TermCondCheckBox' is checked

24-10-2024T21:57:36 - [MESSAGE][PASSED] - Object 'Object Repository/IWP30/Page_CCPaymentEntry/ContinueButton' is present

24-10-2024T21:57:37 - [MESSAGE][PASSED] - Object: 'Object Repository/IWP30/Page_CCPaymentEntry/ContinueButton' is clicked on

24-10-2024T21:57:37 - [MESSAGE][PASSED] - iwpPages.ccPaymentEntryPage.setDataCCPM is PASSED

24-10-2024T21:57:37 - [TEST_STEP][PASSED] - click(findTestObject("Object Repository/IWP30/Page_Confirmation/ConfirmButton")): Object: 'Object Repository/IWP30/Page_Confirmation/ConfirmButton' is clicked on

24-10-2024T21:58:09 - [MESSAGE][INFO] - Unable to find the element located by 'By.xpath: //*[@type = 'submit' and @name = 'confirmNotifyAction' and @id = 'submitYes' and @value = 'Confirm']'. Please recheck the objects properties to make sure the desired element is located. 

24-10-2024T21:58:09 - [MESSAGE][WARNING] - [SELF-HEALING] Failed to find element with id 'Object Repository/IWP30/Page_Confirmation/ConfirmButton'. Try using Self-healing.

24-10-2024T21:58:09 - [MESSAGE][WARNING] - [SELF-HEALING] The current locator of test object 'Object Repository/IWP30/Page_Confirmation/ConfirmButton' was broken. Propose an alternative one: '//div/input'.

24-10-2024T21:58:11 - [MESSAGE][PASSED] - Object: 'Object Repository/IWP30/Page_Confirmation/ConfirmButton' is clicked on

24-10-2024T21:58:11 - [TEST_STEP][PASSED] - Thread.sleep(10000): null

24-10-2024T21:58:21 - [TEST_STEP][FAILED] - if (verifyTextPresent("Successful Payment Receipt", false)): Text 'Successful Payment Receipt' is not present on page  (Root cause: com.kms.katalon.core.exception.StepFailedException: Text 'Successful Payment Receipt' is not present on page 
	at com.kms.katalon.core.webui.keyword.internal.WebUIKeywordMain.stepFailed(WebUIKeywordMain.groovy:64)
	at com.kms.katalon.core.webui.keyword.builtin.VerifyTextPresentKeyword$_verifyTextPresent_closure1.doCall(VerifyTextPresentKeyword.groovy:79)
	at com.kms.katalon.core.webui.keyword.builtin.VerifyTextPresentKeyword$_verifyTextPresent_closure1.call(VerifyTextPresentKeyword.groovy)
	at com.kms.katalon.core.webui.keyword.internal.WebUIKeywordMain.runKeyword(WebUIKeywordMain.groovy:20)
	at com.kms.katalon.core.webui.keyword.builtin.VerifyTextPresentKeyword.verifyTextPresent(VerifyTextPresentKeyword.groovy:83)
	at com.kms.katalon.core.webui.keyword.builtin.VerifyTextPresentKeyword.execute(VerifyTextPresentKeyword.groovy:68)
	at com.kms.katalon.core.keyword.internal.KeywordExecutor.executeKeywordForPlatform(KeywordExecutor.groovy:74)
	at com.kms.katalon.core.webui.keyword.WebUiBuiltInKeywords.verifyTextPresent(WebUiBuiltInKeywords.groovy:1762)
	at NoModifyAmountCC.run(NoModifyAmountCC:93)
	at com.kms.katalon.core.main.ScriptEngine.run(ScriptEngine.java:194)
	at com.kms.katalon.core.main.ScriptEngine.runScriptAsRawText(ScriptEngine.java:119)
	at com.kms.katalon.core.main.TestCaseExecutor.runScript(TestCaseExecutor.java:448)
	at com.kms.katalon.core.main.TestCaseExecutor.doExecute(TestCaseExecutor.java:439)
	at com.kms.katalon.core.main.TestCaseExecutor.processExecutionPhase(TestCaseExecutor.java:418)
	at com.kms.katalon.core.main.TestCaseExecutor.accessMainPhase(TestCaseExecutor.java:410)
	at com.kms.katalon.core.main.TestCaseExecutor.execute(TestCaseExecutor.java:285)
	at com.kms.katalon.core.common.CommonExecutor.accessTestCaseMainPhase(CommonExecutor.java:65)
	at com.kms.katalon.core.main.TestSuiteExecutor.accessTestSuiteMainPhase(TestSuiteExecutor.java:150)
	at com.kms.katalon.core.main.TestSuiteExecutor.execute(TestSuiteExecutor.java:106)
	at com.kms.katalon.core.main.TestCaseMain.startTestSuite(TestCaseMain.java:180)
	at TempTestSuite1729787045812.run(TempTestSuite1729787045812.groovy:35)
	at java.base/jdk.internal.reflect.NativeMethodAccessorImpl.invoke0(Native Method)
	at java.base/jdk.internal.reflect.NativeMethodAccessorImpl.invoke(NativeMethodAccessorImpl.java:77)
	at java.base/jdk.internal.reflect.DelegatingMethodAccessorImpl.invoke(DelegatingMethodAccessorImpl.java:43)
)

24-10-2024T21:58:21 - [MESSAGE][FAILED] - Text 'Successful Payment Receipt' is not present on page  (Root cause: com.kms.katalon.core.exception.StepFailedException: Text 'Successful Payment Receipt' is not present on page 
	at com.kms.katalon.core.webui.keyword.internal.WebUIKeywordMain.stepFailed(WebUIKeywordMain.groovy:64)
	at com.kms.katalon.core.webui.keyword.builtin.VerifyTextPresentKeyword$_verifyTextPresent_closure1.doCall(VerifyTextPresentKeyword.groovy:79)
	at com.kms.katalon.core.webui.keyword.builtin.VerifyTextPresentKeyword$_verifyTextPresent_closure1.call(VerifyTextPresentKeyword.groovy)
	at com.kms.katalon.core.webui.keyword.internal.WebUIKeywordMain.runKeyword(WebUIKeywordMain.groovy:20)
	at com.kms.katalon.core.webui.keyword.builtin.VerifyTextPresentKeyword.verifyTextPresent(VerifyTextPresentKeyword.groovy:83)
	at com.kms.katalon.core.webui.keyword.builtin.VerifyTextPresentKeyword.execute(VerifyTextPresentKeyword.groovy:68)
	at com.kms.katalon.core.keyword.internal.KeywordExecutor.executeKeywordForPlatform(KeywordExecutor.groovy:74)
	at com.kms.katalon.core.webui.keyword.WebUiBuiltInKeywords.verifyTextPresent(WebUiBuiltInKeywords.groovy:1762)
	at NoModifyAmountCC.run(NoModifyAmountCC:93)
	at com.kms.katalon.core.main.ScriptEngine.run(ScriptEngine.java:194)
	at com.kms.katalon.core.main.ScriptEngine.runScriptAsRawText(ScriptEngine.java:119)
	at com.kms.katalon.core.main.TestCaseExecutor.runScript(TestCaseExecutor.java:448)
	at com.kms.katalon.core.main.TestCaseExecutor.doExecute(TestCaseExecutor.java:439)
	at com.kms.katalon.core.main.TestCaseExecutor.processExecutionPhase(TestCaseExecutor.java:418)
	at com.kms.katalon.core.main.TestCaseExecutor.accessMainPhase(TestCaseExecutor.java:410)
	at com.kms.katalon.core.main.TestCaseExecutor.execute(TestCaseExecutor.java:285)
	at com.kms.katalon.core.common.CommonExecutor.accessTestCaseMainPhase(CommonExecutor.java:65)
	at com.kms.katalon.core.main.TestSuiteExecutor.accessTestSuiteMainPhase(TestSuiteExecutor.java:150)
	at com.kms.katalon.core.main.TestSuiteExecutor.execute(TestSuiteExecutor.java:106)
	at com.kms.katalon.core.main.TestCaseMain.startTestSuite(TestCaseMain.java:180)
	at TempTestSuite1729787045812.run(TempTestSuite1729787045812.groovy:35)
	at java.base/jdk.internal.reflect.NativeMethodAccessorImpl.invoke0(Native Method)
	at java.base/jdk.internal.reflect.NativeMethodAccessorImpl.invoke(NativeMethodAccessorImpl.java:77)
	at java.base/jdk.internal.reflect.DelegatingMethodAccessorImpl.invoke(DelegatingMethodAccessorImpl.java:43)
)

24-10-2024T21:58:21 - [TEST_STEP][PASSED] - else: pages.WriteExcel.demoKey is PASSED

24-10-2024T21:58:21 - [TEST_STEP][PASSED] - println("Successful Payment Receipt text is not present on the Receipt page"): null

24-10-2024T21:58:21 - [TEST_STEP][PASSED] - resText = "Fail": null

24-10-2024T21:58:21 - [TEST_STEP][PASSED] - pages.WriteExcel.demoKey(resText, datText, resColumn, datCloumn, fileLoc, nameSheet, row): pages.WriteExcel.demoKey is PASSED

24-10-2024T21:58:21 - [MESSAGE][PASSED] - pages.WriteExcel.demoKey is PASSED

24-10-2024T21:58:21 - [TEST_STEP][PASSED] - closeBrowser(): Browser is closed

24-10-2024T21:58:22 - [MESSAGE][PASSED] - Browser is closed]]></system-out>
         <system-err><![CDATA[24-10-2024T21:54:24 - [TEST_CASE][FAILED] - Test Cases/IntegratedWeb/IWP25/Payments/NoModifyAmountCC: Test Cases/IntegratedWeb/IWP25/Payments/NoModifyAmountCC FAILED.
Reason:
com.kms.katalon.core.exception.StepFailedException: Text 'Successful Payment Receipt' is not present on page  (Root cause: com.kms.katalon.core.exception.StepFailedException: Text 'Successful Payment Receipt' is not present on page 
	at com.kms.katalon.core.webui.keyword.internal.WebUIKeywordMain.stepFailed(WebUIKeywordMain.groovy:64)
	at com.kms.katalon.core.webui.keyword.builtin.VerifyTextPresentKeyword$_verifyTextPresent_closure1.doCall(VerifyTextPresentKeyword.groovy:79)
	at com.kms.katalon.core.webui.keyword.builtin.VerifyTextPresentKeyword$_verifyTextPresent_closure1.call(VerifyTextPresentKeyword.groovy)
	at com.kms.katalon.core.webui.keyword.internal.WebUIKeywordMain.runKeyword(WebUIKeywordMain.groovy:20)
	at com.kms.katalon.core.webui.keyword.builtin.VerifyTextPresentKeyword.verifyTextPresent(VerifyTextPresentKeyword.groovy:83)
	at com.kms.katalon.core.webui.keyword.builtin.VerifyTextPresentKeyword.execute(VerifyTextPresentKeyword.groovy:68)
	at com.kms.katalon.core.keyword.internal.KeywordExecutor.executeKeywordForPlatform(KeywordExecutor.groovy:74)
	at com.kms.katalon.core.webui.keyword.WebUiBuiltInKeywords.verifyTextPresent(WebUiBuiltInKeywords.groovy:1762)
	at NoModifyAmountCC.run(NoModifyAmountCC:93)
	at com.kms.katalon.core.main.ScriptEngine.run(ScriptEngine.java:194)
	at com.kms.katalon.core.main.ScriptEngine.runScriptAsRawText(ScriptEngine.java:119)
	at com.kms.katalon.core.main.TestCaseExecutor.runScript(TestCaseExecutor.java:448)
	at com.kms.katalon.core.main.TestCaseExecutor.doExecute(TestCaseExecutor.java:439)
	at com.kms.katalon.core.main.TestCaseExecutor.processExecutionPhase(TestCaseExecutor.java:418)
	at com.kms.katalon.core.main.TestCaseExecutor.accessMainPhase(TestCaseExecutor.java:410)
	at com.kms.katalon.core.main.TestCaseExecutor.execute(TestCaseExecutor.java:285)
	at com.kms.katalon.core.common.CommonExecutor.accessTestCaseMainPhase(CommonExecutor.java:65)
	at com.kms.katalon.core.main.TestSuiteExecutor.accessTestSuiteMainPhase(TestSuiteExecutor.java:150)
	at com.kms.katalon.core.main.TestSuiteExecutor.execute(TestSuiteExecutor.java:106)
	at com.kms.katalon.core.main.TestCaseMain.startTestSuite(TestCaseMain.java:180)
	at TempTestSuite1729787045812.run(TempTestSuite1729787045812.groovy:35)
	at java.base/jdk.internal.reflect.NativeMethodAccessorImpl.invoke0(Native Method)
	at java.base/jdk.internal.reflect.NativeMethodAccessorImpl.invoke(NativeMethodAccessorImpl.java:77)
	at java.base/jdk.internal.reflect.DelegatingMethodAccessorImpl.invoke(DelegatingMethodAccessorImpl.java:43)
)
	at com.kms.katalon.core.keyword.internal.KeywordMain.stepFailed(KeywordMain.groovy:39)
	at com.kms.katalon.core.webui.keyword.internal.WebUIKeywordMain.stepFailed(WebUIKeywordMain.groovy:64)
	at com.kms.katalon.core.webui.keyword.builtin.VerifyTextPresentKeyword$_verifyTextPresent_closure1.doCall(VerifyTextPresentKeyword.groovy:79)
	at com.kms.katalon.core.webui.keyword.builtin.VerifyTextPresentKeyword$_verifyTextPresent_closure1.call(VerifyTextPresentKeyword.groovy)
	at com.kms.katalon.core.webui.keyword.internal.WebUIKeywordMain.runKeyword(WebUIKeywordMain.groovy:20)
	at com.kms.katalon.core.webui.keyword.builtin.VerifyTextPresentKeyword.verifyTextPresent(VerifyTextPresentKeyword.groovy:83)
	at com.kms.katalon.core.webui.keyword.builtin.VerifyTextPresentKeyword.execute(VerifyTextPresentKeyword.groovy:68)
	at com.kms.katalon.core.keyword.internal.KeywordExecutor.executeKeywordForPlatform(KeywordExecutor.groovy:74)
	at com.kms.katalon.core.webui.keyword.WebUiBuiltInKeywords.verifyTextPresent(WebUiBuiltInKeywords.groovy:1762)
	at NoModifyAmountCC.run(NoModifyAmountCC:93)
	at com.kms.katalon.core.main.ScriptEngine.run(ScriptEngine.java:194)
	at com.kms.katalon.core.main.ScriptEngine.runScriptAsRawText(ScriptEngine.java:119)
	at com.kms.katalon.core.main.TestCaseExecutor.runScript(TestCaseExecutor.java:448)
	at com.kms.katalon.core.main.TestCaseExecutor.doExecute(TestCaseExecutor.java:439)
	at com.kms.katalon.core.main.TestCaseExecutor.processExecutionPhase(TestCaseExecutor.java:418)
	at com.kms.katalon.core.main.TestCaseExecutor.accessMainPhase(TestCaseExecutor.java:410)
	at com.kms.katalon.core.main.TestCaseExecutor.execute(TestCaseExecutor.java:285)
	at com.kms.katalon.core.common.CommonExecutor.accessTestCaseMainPhase(CommonExecutor.java:65)
	at com.kms.katalon.core.main.TestSuiteExecutor.accessTestSuiteMainPhase(TestSuiteExecutor.java:150)
	at com.kms.katalon.core.main.TestSuiteExecutor.execute(TestSuiteExecutor.java:106)
	at com.kms.katalon.core.main.TestCaseMain.startTestSuite(TestCaseMain.java:180)
	at TempTestSuite1729787045812.run(TempTestSuite1729787045812.groovy:35)
	at java.base/jdk.internal.reflect.NativeMethodAccessorImpl.invoke0(Native Method)
	at java.base/jdk.internal.reflect.NativeMethodAccessorImpl.invoke(NativeMethodAccessorImpl.java:77)
	at java.base/jdk.internal.reflect.DelegatingMethodAccessorImpl.invoke(DelegatingMethodAccessorImpl.java:43)
Caused by: com.kms.katalon.core.exception.StepFailedException: Text 'Successful Payment Receipt' is not present on page 
	... 24 more]]></system-err>
      </testcase>
      <testcase name="Test Cases/IntegratedWeb/IWP25/Payments/NoModifyAmountCorp" time="228.347" classname="Test Cases/IntegratedWeb/IWP25/Payments/NoModifyAmountCorp" status="PASSED">
         <system-out><![CDATA[24-10-2024T21:58:22 - [TEST_CASE][PASSED] - Test Cases/IntegratedWeb/IWP25/Payments/NoModifyAmountCorp: Test Cases/IntegratedWeb/IWP25/Payments/NoModifyAmountCorp

24-10-2024T21:58:22 - [TEST_STEP][PASSED] - resText = "Fail": null

24-10-2024T21:58:22 - [TEST_STEP][PASSED] - resColumn = "Result": null

24-10-2024T21:58:22 - [TEST_STEP][PASSED] - datCloumn = "Date": null

24-10-2024T21:58:22 - [TEST_STEP][PASSED] - fileLoc = "KatalonData/IWPTestData/VRelay25Payments.xlsx": null

24-10-2024T21:58:22 - [TEST_STEP][PASSED] - numOfRows = <not implemented yet for class: org.codehaus.groovy.ast.expr.EmptyExpression>: null

24-10-2024T21:58:22 - [TEST_STEP][PASSED] - dataFile = <not implemented yet for class: org.codehaus.groovy.ast.expr.EmptyExpression>: null

24-10-2024T21:58:22 - [TEST_STEP][PASSED] - nameSheet = <not implemented yet for class: org.codehaus.groovy.ast.expr.EmptyExpression>: null

24-10-2024T21:58:22 - [TEST_STEP][PASSED] - dataFileEmulator = <not implemented yet for class: org.codehaus.groovy.ast.expr.EmptyExpression>: null

24-10-2024T21:58:22 - [TEST_STEP][PASSED] - nameSheet = "NoModifyAmountCorp": null

24-10-2024T21:58:22 - [TEST_STEP][PASSED] - dataFile = "IWPTestData/IWP25NoModifyAmountCorp": null

24-10-2024T21:58:22 - [TEST_STEP][PASSED] - dataFileEmulator = "IWPTestData/EmulatorData": null

24-10-2024T21:58:22 - [TEST_STEP][PASSED] - numOfRows = findTestData(dataFile).getRowNumbers(): null

24-10-2024T21:58:22 - [TEST_STEP][PASSED] - println("Number of Records: " + numOfRows): null

24-10-2024T21:58:22 - [TEST_STEP][PASSED] - for ([row = 1, row <= numOfRows, (row++)]): Browser is closed

24-10-2024T21:58:22 - [TEST_STEP][PASSED] - ExecuteTC = findTestData(dataFile).getValue("Execute", row): null

24-10-2024T21:58:22 - [TEST_STEP][PASSED] - out.println("Value of Execute is : " + ExecuteTC): null

24-10-2024T21:58:22 - [TEST_STEP][PASSED] - if (ExecuteTC.equalsIgnoreCase("Y")): null

24-10-2024T21:58:22 - [TEST_STEP][PASSED] - out.println("Begin Record Number: " + row): null

24-10-2024T21:58:22 - [TEST_STEP][PASSED] - today = new java.util.Date(): null

24-10-2024T21:58:22 - [TEST_STEP][PASSED] - println(today): null

24-10-2024T21:58:22 - [TEST_STEP][PASSED] - datText = today: null

24-10-2024T21:58:22 - [TEST_STEP][PASSED] - EmulatorDataKey = findTestData(dataFile).getValue("EmulatorData", row): null

24-10-2024T21:58:22 - [TEST_STEP][PASSED] - out.println("Value of Emulator Key is : " + EmulatorDataKey): null

24-10-2024T21:58:22 - [TEST_STEP][PASSED] - iwpPages.emulatorIWP30.setDataEmulator_DD(EmulatorDataKey): iwpPages.emulatorIWP30.setDataEmulator_DD is PASSED

24-10-2024T21:58:23 - [MESSAGE][INFO] - Starting 'Edge Chromium' driver

24-10-2024T21:58:23 - [MESSAGE][INFO] - User set preference: ['acceptInsecureCerts', 'true']

24-10-2024T21:58:25 - [MESSAGE][INFO] - Action delay is set to 0 milliseconds

24-10-2024T21:58:28 - [MESSAGE][PASSED] - Browser is opened with url: 'https://qa2.velocitypayment.com/agencyx/config.action?action=editor&message_version=2_5'

24-10-2024T21:58:28 - [MESSAGE][PASSED] - Current window maximized

24-10-2024T21:59:00 - [MESSAGE][INFO] - Unable to find the element located by 'By.xpath: //select[@name='message_version']'. Please recheck the objects properties to make sure the desired element is located. 

24-10-2024T21:59:00 - [MESSAGE][WARNING] - [SELF-HEALING] Failed to find element with id 'Object Repository/IWP30/Page_VRelay30Emulator/MV'. Try using Self-healing.

24-10-2024T21:59:00 - [MESSAGE][WARNING] - [SELF-HEALING] The current locator of test object 'Object Repository/IWP30/Page_VRelay30Emulator/MV' was broken. Propose an alternative one: '(.//*[normalize-space(text()) and normalize-space(.)='Message Version'])[1]/following::select[1]'.

24-10-2024T21:59:00 - [MESSAGE][PASSED] - All options with value '2.5' are selected in object 'Object Repository/IWP30/Page_VRelay30Emulator/MV'  using regular expression

24-10-2024T21:59:01 - [MESSAGE][PASSED] - Text '10.50' is set on object 'Object Repository/IWP30/Page_EmulatorAgencyX/Amount'

24-10-2024T21:59:02 - [MESSAGE][PASSED] - Text 'v1BHv62TsuOO' is set on object 'Object Repository/IWP30/Page_EmulatorAgencyX/CAN'

24-10-2024T21:59:02 - [MESSAGE][PASSED] - Text 'PayNow' is set on object 'Object Repository/IWP30/Page_EmulatorAgencyX/Action'

24-10-2024T21:59:03 - [MESSAGE][PASSED] - Text 'en_US' is set on object 'Object Repository/IWP30/Page_EmulatorAgencyX/Lang'

24-10-2024T21:59:04 - [MESSAGE][PASSED] - Text 'Jasmine' is set on object 'Object Repository/IWP30/Page_EmulatorAgencyX/Fname'

24-10-2024T21:59:04 - [MESSAGE][PASSED] - Text 'Patrinol' is set on object 'Object Repository/IWP30/Page_EmulatorAgencyX/Lname'

24-10-2024T21:59:05 - [MESSAGE][PASSED] - Text '258 Underwood rd' is set on object 'Object Repository/IWP30/Page_EmulatorAgencyX/AL1'

24-10-2024T21:59:05 - [MESSAGE][PASSED] - Text 'Suite 600' is set on object 'Object Repository/IWP30/Page_EmulatorAgencyX/AL2'

24-10-2024T21:59:06 - [MESSAGE][PASSED] - Text '840' is set on object 'Object Repository/IWP30/Page_EmulatorAgencyX/Country'

24-10-2024T21:59:07 - [MESSAGE][PASSED] - Text 'Arlington' is set on object 'Object Repository/IWP30/Page_EmulatorAgencyX/City'

24-10-2024T21:59:07 - [MESSAGE][PASSED] - Text 'VA' is set on object 'Object Repository/IWP30/Page_EmulatorAgencyX/State'

24-10-2024T21:59:08 - [MESSAGE][PASSED] - Text '22201' is set on object 'Object Repository/IWP30/Page_EmulatorAgencyX/ZIP'

24-10-2024T21:59:08 - [MESSAGE][PASSED] - Text '' is set on object 'Object Repository/IWP30/Page_EmulatorAgencyX/Order'

24-10-2024T21:59:09 - [MESSAGE][PASSED] - Text 'Some Company' is set on object 'Object Repository/IWP30/Page_EmulatorAgencyX/Company'

24-10-2024T21:59:10 - [MESSAGE][PASSED] - Text 'iahmed@govolution.com' is set on object 'Object Repository/IWP30/Page_EmulatorAgencyX/Email'

24-10-2024T21:59:10 - [MESSAGE][PASSED] - Text 'udf data 1' is set on object 'Object Repository/IWP30/Page_EmulatorAgencyX/UDF1'

24-10-2024T21:59:11 - [MESSAGE][PASSED] - Text 'udf data 2' is set on object 'Object Repository/IWP30/Page_EmulatorAgencyX/UDF2'

24-10-2024T21:59:11 - [MESSAGE][PASSED] - Text 'udf data 3' is set on object 'Object Repository/IWP30/Page_EmulatorAgencyX/UDF3'

24-10-2024T21:59:12 - [MESSAGE][PASSED] - Text 'udf data 4' is set on object 'Object Repository/IWP30/Page_EmulatorAgencyX/UDF4'

24-10-2024T21:59:13 - [MESSAGE][PASSED] - Text 'udf data 5' is set on object 'Object Repository/IWP30/Page_EmulatorAgencyX/UDF5'

24-10-2024T21:59:13 - [MESSAGE][PASSED] - Text 'udf data 6' is set on object 'Object Repository/IWP30/Page_EmulatorAgencyX/UDF6'

24-10-2024T21:59:14 - [MESSAGE][PASSED] - Text 'Orange' is set on object 'Object Repository/IWP30/Page_EmulatorAgencyX/UDF7'

24-10-2024T21:59:14 - [MESSAGE][PASSED] - Text 'Soccer' is set on object 'Object Repository/IWP30/Page_EmulatorAgencyX/UDF8'

24-10-2024T21:59:15 - [MESSAGE][PASSED] - Text 'udf data 9' is set on object 'Object Repository/IWP30/Page_EmulatorAgencyX/UDF9'

24-10-2024T21:59:16 - [MESSAGE][PASSED] - Text 'udf data 10' is set on object 'Object Repository/IWP30/Page_EmulatorAgencyX/UDF10'

24-10-2024T21:59:17 - [MESSAGE][PASSED] - Object: 'Object Repository/IWP30/Page_EmulatorAgencyX/Submit' is clicked on

24-10-2024T21:59:21 - [MESSAGE][PASSED] - Browser is closed

24-10-2024T21:59:25 - [MESSAGE][PASSED] - iwpPages.emulatorIWP30.setDataEmulator_DD is PASSED

24-10-2024T21:59:25 - [TEST_STEP][PASSED] - testHarnessURL = urlTestHarness: null

24-10-2024T21:59:25 - [TEST_STEP][PASSED] - openBrowser(testHarnessURL): Browser is opened with url: 'https://dev-algorithm.govolution.com/vrelaytest/QA2/version_2_2/vrelaytest.html'

24-10-2024T21:59:25 - [MESSAGE][INFO] - Starting 'Edge Chromium' driver

24-10-2024T21:59:25 - [MESSAGE][INFO] - User set preference: ['acceptInsecureCerts', 'true']

24-10-2024T21:59:28 - [MESSAGE][INFO] - Action delay is set to 0 milliseconds

24-10-2024T21:59:31 - [MESSAGE][PASSED] - Browser is opened with url: 'https://dev-algorithm.govolution.com/vrelaytest/QA2/version_2_2/vrelaytest.html'

24-10-2024T21:59:31 - [TEST_STEP][PASSED] - maximizeWindow(): Current window maximized

24-10-2024T21:59:31 - [MESSAGE][PASSED] - Current window maximized

24-10-2024T21:59:31 - [TEST_STEP][PASSED] - iwpPages.TestHarnessPage.setDataMethod(row, dataFile): iwpPages.TestHarnessPage.setDataMethod is PASSED

24-10-2024T21:59:31 - [MESSAGE][PASSED] - Object 'Object Repository/IWP30/Page_QATestHarness/RemittanceID' is present

24-10-2024T21:59:32 - [MESSAGE][PASSED] - Text '654' is set on object 'Object Repository/IWP30/Page_QATestHarness/ApplicationID'

24-10-2024T21:59:33 - [MESSAGE][PASSED] - Text '2.5' is set on object 'Object Repository/IWP30/Page_QATestHarness/MessageVersion'

24-10-2024T21:59:33 - [MESSAGE][PASSED] - Text 'wEfZadmF5Wpr' is set on object 'Object Repository/IWP30/Page_QATestHarness/RemittanceID'

24-10-2024T21:59:37 - [MESSAGE][PASSED] - Object: 'Object Repository/IWP30/Page_QATestHarness/SubmitButton' is clicked on

24-10-2024T21:59:37 - [MESSAGE][PASSED] - iwpPages.TestHarnessPage.setDataMethod is PASSED

24-10-2024T21:59:37 - [TEST_STEP][PASSED] - click(findTestObject("Object Repository/IWP30/Page_SelectPaymentMethod/PayByCorporateCheck")): Object: 'Object Repository/IWP30/Page_SelectPaymentMethod/PayByCorporateCheck' is clicked on

24-10-2024T21:59:37 - [MESSAGE][PASSED] - Object: 'Object Repository/IWP30/Page_SelectPaymentMethod/PayByCorporateCheck' is clicked on

24-10-2024T21:59:37 - [TEST_STEP][PASSED] - click(findTestObject("Object Repository/IWP30/Page_SelectPaymentMethod/MakePaymentButton")): Object: 'Object Repository/IWP30/Page_SelectPaymentMethod/MakePaymentButton' is clicked on

24-10-2024T21:59:39 - [MESSAGE][PASSED] - Object: 'Object Repository/IWP30/Page_SelectPaymentMethod/MakePaymentButton' is clicked on

24-10-2024T21:59:39 - [TEST_STEP][PASSED] - if (verifyElementNotPresent(findTestObject("Object Repository/IWP30/Page_ACHCorporatePaymentEntry/txt_Amount"), 30) && verifyTextPresent("$ 10.50", false)): null

24-10-2024T21:59:40 - [MESSAGE][PASSED] - Web element with id: 'Object Repository/IWP30/Page_ACHCorporatePaymentEntry/txt_Amount' located by 'By.xpath: //*[@type = 'text' and @name = 'amount' and @alt = 'Amount']' is not present after '30' second(s)

24-10-2024T21:59:40 - [MESSAGE][PASSED] - Text '$ 10.50' is present on page 

24-10-2024T21:59:40 - [TEST_STEP][PASSED] - iwpPages.achCorporatePaymentEntryPage.setDataCorporate(row, dataFile): iwpPages.achCorporatePaymentEntryPage.setDataCorporate is PASSED

24-10-2024T21:59:42 - [MESSAGE][PASSED] - Object 'Object Repository/IWP30/Page_ACHCorporatePaymentEntry/txt_accountNumber' is present

24-10-2024T21:59:42 - [MESSAGE][PASSED] - Object 'Object Repository/IWP30/Page_ACHCorporatePaymentEntry/input_CompanyName' is present

24-10-2024T21:59:42 - [MESSAGE][PASSED] - Object 'Object Repository/IWP30/Page_ACHCorporatePaymentEntry/input_EIN' is present

24-10-2024T21:59:43 - [MESSAGE][PASSED] - Text '123456789' is set on object 'Object Repository/IWP30/Page_ACHCorporatePaymentEntry/input_EIN'

24-10-2024T21:59:43 - [MESSAGE][PASSED] - Object 'Object Repository/IWP30/Page_ACHCorporatePaymentEntry/txt_routingNumber' is present

24-10-2024T21:59:44 - [MESSAGE][PASSED] - Text '256072691' is set on object 'Object Repository/IWP30/Page_ACHCorporatePaymentEntry/txt_routingNumber'

24-10-2024T21:59:44 - [MESSAGE][PASSED] - Object 'Object Repository/IWP30/Page_ACHCorporatePaymentEntry/txt_accountNumber' is present

24-10-2024T21:59:45 - [MESSAGE][PASSED] - Text '12344444' is set on object 'Object Repository/IWP30/Page_ACHCorporatePaymentEntry/txt_accountNumber'

24-10-2024T21:59:45 - [MESSAGE][PASSED] - Object 'Object Repository/IWP30/Page_ACHCorporatePaymentEntry/txt_confirmAccountNumber' is present

24-10-2024T21:59:46 - [MESSAGE][PASSED] - Text '12344444' is set on object 'Object Repository/IWP30/Page_ACHCorporatePaymentEntry/txt_confirmAccountNumber'

24-10-2024T21:59:46 - [MESSAGE][PASSED] - Object 'Object Repository/IWP30/Page_ACHCorporatePaymentEntry/txt_Email' is present

24-10-2024T21:59:46 - [MESSAGE][PASSED] - Object 'Object Repository/IWP30/Page_ACHCorporatePaymentEntry/cb_TermsAndCond' is present

24-10-2024T21:59:47 - [MESSAGE][PASSED] - Object: 'Object Repository/IWP30/Page_ACHCorporatePaymentEntry/cb_TermsAndCond' is clicked on

24-10-2024T21:59:47 - [MESSAGE][PASSED] - Object 'Object Repository/IWP30/Page_ACHCorporatePaymentEntry/btn_Continue' is present

24-10-2024T21:59:48 - [MESSAGE][PASSED] - Object: 'Object Repository/IWP30/Page_ACHCorporatePaymentEntry/btn_Continue' is clicked on

24-10-2024T21:59:48 - [MESSAGE][PASSED] - iwpPages.achCorporatePaymentEntryPage.setDataCorporate is PASSED

24-10-2024T21:59:48 - [TEST_STEP][PASSED] - click(findTestObject("Object Repository/IWP30/Page_Confirmation/ConfirmButton")): Object: 'Object Repository/IWP30/Page_Confirmation/ConfirmButton' is clicked on

24-10-2024T21:59:49 - [MESSAGE][PASSED] - Object: 'Object Repository/IWP30/Page_Confirmation/ConfirmButton' is clicked on

24-10-2024T21:59:49 - [TEST_STEP][PASSED] - Thread.sleep(10000): null

24-10-2024T21:59:59 - [TEST_STEP][PASSED] - if (verifyTextPresent("Successful Payment Receipt", false)): null

24-10-2024T22:00:00 - [MESSAGE][PASSED] - Text 'Successful Payment Receipt' is present on page 

24-10-2024T22:00:00 - [TEST_STEP][PASSED] - println("Successful Payment Receipt text is present on the Receipt page"): null

24-10-2024T22:00:00 - [TEST_STEP][PASSED] - markPassed("Successful Payment Receipt text is present on the Receipt page"): Successful Payment Receipt text is present on the Receipt page

24-10-2024T22:00:00 - [MESSAGE][PASSED] - Successful Payment Receipt text is present on the Receipt page

24-10-2024T22:00:00 - [TEST_STEP][PASSED] - resText = "Pass": null

24-10-2024T22:00:00 - [TEST_STEP][PASSED] - pages.WriteExcel.demoKey(resText, datText, resColumn, datCloumn, fileLoc, nameSheet, row): pages.WriteExcel.demoKey is PASSED

24-10-2024T22:00:00 - [MESSAGE][PASSED] - pages.WriteExcel.demoKey is PASSED

24-10-2024T22:00:00 - [TEST_STEP][PASSED] - closeBrowser(): Browser is closed

24-10-2024T22:00:01 - [MESSAGE][PASSED] - Browser is closed

24-10-2024T22:00:01 - [TEST_STEP][PASSED] - ExecuteTC = findTestData(dataFile).getValue("Execute", row): null

24-10-2024T22:00:01 - [TEST_STEP][PASSED] - out.println("Value of Execute is : " + ExecuteTC): null

24-10-2024T22:00:01 - [TEST_STEP][PASSED] - if (ExecuteTC.equalsIgnoreCase("Y")): null

24-10-2024T22:00:01 - [TEST_STEP][PASSED] - out.println("Begin Record Number: " + row): null

24-10-2024T22:00:01 - [TEST_STEP][PASSED] - today = new java.util.Date(): null

24-10-2024T22:00:01 - [TEST_STEP][PASSED] - println(today): null

24-10-2024T22:00:01 - [TEST_STEP][PASSED] - datText = today: null

24-10-2024T22:00:01 - [TEST_STEP][PASSED] - EmulatorDataKey = findTestData(dataFile).getValue("EmulatorData", row): null

24-10-2024T22:00:01 - [TEST_STEP][PASSED] - out.println("Value of Emulator Key is : " + EmulatorDataKey): null

24-10-2024T22:00:01 - [TEST_STEP][PASSED] - iwpPages.emulatorIWP30.setDataEmulator_DD(EmulatorDataKey): iwpPages.emulatorIWP30.setDataEmulator_DD is PASSED

24-10-2024T22:00:01 - [MESSAGE][INFO] - Starting 'Edge Chromium' driver

24-10-2024T22:00:01 - [MESSAGE][INFO] - User set preference: ['acceptInsecureCerts', 'true']

24-10-2024T22:00:03 - [MESSAGE][INFO] - Action delay is set to 0 milliseconds

24-10-2024T22:00:07 - [MESSAGE][PASSED] - Browser is opened with url: 'https://qa2.velocitypayment.com/agencyx/config.action?action=editor&message_version=3_0'

24-10-2024T22:00:07 - [MESSAGE][PASSED] - Current window maximized

24-10-2024T22:00:38 - [MESSAGE][INFO] - Unable to find the element located by 'By.xpath: //select[@name='message_version']'. Please recheck the objects properties to make sure the desired element is located. 

24-10-2024T22:00:38 - [MESSAGE][WARNING] - [SELF-HEALING] Failed to find element with id 'Object Repository/IWP30/Page_VRelay30Emulator/MV'. Try using Self-healing.

24-10-2024T22:00:39 - [MESSAGE][WARNING] - [SELF-HEALING] The current locator of test object 'Object Repository/IWP30/Page_VRelay30Emulator/MV' was broken. Propose an alternative one: '(.//*[normalize-space(text()) and normalize-space(.)='Message Version'])[1]/following::select[1]'.

24-10-2024T22:00:39 - [MESSAGE][PASSED] - All options with value '3.0' are selected in object 'Object Repository/IWP30/Page_VRelay30Emulator/MV'  using regular expression

24-10-2024T22:00:40 - [MESSAGE][PASSED] - Text '10.50' is set on object 'Object Repository/IWP30/Page_EmulatorAgencyX/Amount'

24-10-2024T22:00:40 - [MESSAGE][PASSED] - Text '6Mq82wLP17ja' is set on object 'Object Repository/IWP30/Page_EmulatorAgencyX/CAN'

24-10-2024T22:00:41 - [MESSAGE][PASSED] - Text 'PayNow' is set on object 'Object Repository/IWP30/Page_EmulatorAgencyX/Action'

24-10-2024T22:00:42 - [MESSAGE][PASSED] - Text 'en_US' is set on object 'Object Repository/IWP30/Page_EmulatorAgencyX/Lang'

24-10-2024T22:00:42 - [MESSAGE][PASSED] - Text 'Jasmine' is set on object 'Object Repository/IWP30/Page_EmulatorAgencyX/Fname'

24-10-2024T22:00:43 - [MESSAGE][PASSED] - Text 'Patrinol' is set on object 'Object Repository/IWP30/Page_EmulatorAgencyX/Lname'

24-10-2024T22:00:43 - [MESSAGE][PASSED] - Text '258 Underwood rd' is set on object 'Object Repository/IWP30/Page_EmulatorAgencyX/AL1'

24-10-2024T22:00:44 - [MESSAGE][PASSED] - Text 'Suite 600' is set on object 'Object Repository/IWP30/Page_EmulatorAgencyX/AL2'

24-10-2024T22:00:45 - [MESSAGE][PASSED] - Text '840' is set on object 'Object Repository/IWP30/Page_EmulatorAgencyX/Country'

24-10-2024T22:00:45 - [MESSAGE][PASSED] - Text 'Arlington' is set on object 'Object Repository/IWP30/Page_EmulatorAgencyX/City'

24-10-2024T22:00:46 - [MESSAGE][PASSED] - Text 'VA' is set on object 'Object Repository/IWP30/Page_EmulatorAgencyX/State'

24-10-2024T22:00:46 - [MESSAGE][PASSED] - Text '22201' is set on object 'Object Repository/IWP30/Page_EmulatorAgencyX/ZIP'

24-10-2024T22:00:47 - [MESSAGE][PASSED] - Text '' is set on object 'Object Repository/IWP30/Page_EmulatorAgencyX/Order'

24-10-2024T22:00:47 - [MESSAGE][PASSED] - Text 'Some Company' is set on object 'Object Repository/IWP30/Page_EmulatorAgencyX/Company'

24-10-2024T22:00:48 - [MESSAGE][PASSED] - Text 'iahmed@govolution.com' is set on object 'Object Repository/IWP30/Page_EmulatorAgencyX/Email'

24-10-2024T22:00:49 - [MESSAGE][PASSED] - Text 'udf data 1' is set on object 'Object Repository/IWP30/Page_EmulatorAgencyX/UDF1'

24-10-2024T22:00:49 - [MESSAGE][PASSED] - Text 'udf data 2' is set on object 'Object Repository/IWP30/Page_EmulatorAgencyX/UDF2'

24-10-2024T22:00:50 - [MESSAGE][PASSED] - Text 'udf data 3' is set on object 'Object Repository/IWP30/Page_EmulatorAgencyX/UDF3'

24-10-2024T22:00:50 - [MESSAGE][PASSED] - Text 'udf data 4' is set on object 'Object Repository/IWP30/Page_EmulatorAgencyX/UDF4'

24-10-2024T22:00:51 - [MESSAGE][PASSED] - Text 'udf data 5' is set on object 'Object Repository/IWP30/Page_EmulatorAgencyX/UDF5'

24-10-2024T22:00:52 - [MESSAGE][PASSED] - Text 'udf data 6' is set on object 'Object Repository/IWP30/Page_EmulatorAgencyX/UDF6'

24-10-2024T22:00:52 - [MESSAGE][PASSED] - Text 'Orange' is set on object 'Object Repository/IWP30/Page_EmulatorAgencyX/UDF7'

24-10-2024T22:00:53 - [MESSAGE][PASSED] - Text 'Soccer' is set on object 'Object Repository/IWP30/Page_EmulatorAgencyX/UDF8'

24-10-2024T22:00:53 - [MESSAGE][PASSED] - Text 'udf data 9' is set on object 'Object Repository/IWP30/Page_EmulatorAgencyX/UDF9'

24-10-2024T22:00:54 - [MESSAGE][PASSED] - Text 'udf data 10' is set on object 'Object Repository/IWP30/Page_EmulatorAgencyX/UDF10'

24-10-2024T22:00:55 - [MESSAGE][PASSED] - Object: 'Object Repository/IWP30/Page_EmulatorAgencyX/Submit' is clicked on

24-10-2024T22:01:00 - [MESSAGE][PASSED] - Browser is closed

24-10-2024T22:01:04 - [MESSAGE][PASSED] - iwpPages.emulatorIWP30.setDataEmulator_DD is PASSED

24-10-2024T22:01:04 - [TEST_STEP][PASSED] - testHarnessURL = urlTestHarness: null

24-10-2024T22:01:04 - [TEST_STEP][PASSED] - openBrowser(testHarnessURL): Browser is opened with url: 'https://dev-algorithm.govolution.com/vrelaytest/QA2/version_2_2/vrelaytest.html'

24-10-2024T22:01:04 - [MESSAGE][INFO] - Starting 'Edge Chromium' driver

24-10-2024T22:01:04 - [MESSAGE][INFO] - User set preference: ['acceptInsecureCerts', 'true']

24-10-2024T22:01:06 - [MESSAGE][INFO] - Action delay is set to 0 milliseconds

24-10-2024T22:01:09 - [MESSAGE][PASSED] - Browser is opened with url: 'https://dev-algorithm.govolution.com/vrelaytest/QA2/version_2_2/vrelaytest.html'

24-10-2024T22:01:09 - [TEST_STEP][PASSED] - maximizeWindow(): Current window maximized

24-10-2024T22:01:10 - [MESSAGE][PASSED] - Current window maximized

24-10-2024T22:01:10 - [TEST_STEP][PASSED] - iwpPages.TestHarnessPage.setDataMethod(row, dataFile): iwpPages.TestHarnessPage.setDataMethod is PASSED

24-10-2024T22:01:10 - [MESSAGE][PASSED] - Object 'Object Repository/IWP30/Page_QATestHarness/RemittanceID' is present

24-10-2024T22:01:11 - [MESSAGE][PASSED] - Text '824' is set on object 'Object Repository/IWP30/Page_QATestHarness/ApplicationID'

24-10-2024T22:01:11 - [MESSAGE][PASSED] - Text '3.0' is set on object 'Object Repository/IWP30/Page_QATestHarness/MessageVersion'

24-10-2024T22:01:12 - [MESSAGE][PASSED] - Text 'VnTmh5KniULn' is set on object 'Object Repository/IWP30/Page_QATestHarness/RemittanceID'

24-10-2024T22:01:14 - [MESSAGE][PASSED] - Object: 'Object Repository/IWP30/Page_QATestHarness/SubmitButton' is clicked on

24-10-2024T22:01:14 - [MESSAGE][PASSED] - iwpPages.TestHarnessPage.setDataMethod is PASSED

24-10-2024T22:01:14 - [TEST_STEP][PASSED] - click(findTestObject("Object Repository/IWP30/Page_SelectPaymentMethod/PayByCorporateCheck")): Object: 'Object Repository/IWP30/Page_SelectPaymentMethod/PayByCorporateCheck' is clicked on

24-10-2024T22:01:14 - [MESSAGE][PASSED] - Object: 'Object Repository/IWP30/Page_SelectPaymentMethod/PayByCorporateCheck' is clicked on

24-10-2024T22:01:14 - [TEST_STEP][PASSED] - click(findTestObject("Object Repository/IWP30/Page_SelectPaymentMethod/MakePaymentButton")): Object: 'Object Repository/IWP30/Page_SelectPaymentMethod/MakePaymentButton' is clicked on

24-10-2024T22:01:17 - [MESSAGE][PASSED] - Object: 'Object Repository/IWP30/Page_SelectPaymentMethod/MakePaymentButton' is clicked on

24-10-2024T22:01:17 - [TEST_STEP][PASSED] - if (verifyElementNotPresent(findTestObject("Object Repository/IWP30/Page_ACHCorporatePaymentEntry/txt_Amount"), 30) && verifyTextPresent("$ 10.50", false)): null

24-10-2024T22:01:17 - [MESSAGE][PASSED] - Web element with id: 'Object Repository/IWP30/Page_ACHCorporatePaymentEntry/txt_Amount' located by 'By.xpath: //*[@type = 'text' and @name = 'amount' and @alt = 'Amount']' is not present after '30' second(s)

24-10-2024T22:01:18 - [MESSAGE][PASSED] - Text '$ 10.50' is present on page 

24-10-2024T22:01:18 - [TEST_STEP][PASSED] - iwpPages.achCorporatePaymentEntryPage.setDataCorporate(row, dataFile): iwpPages.achCorporatePaymentEntryPage.setDataCorporate is PASSED

24-10-2024T22:01:19 - [MESSAGE][PASSED] - Object 'Object Repository/IWP30/Page_ACHCorporatePaymentEntry/txt_accountNumber' is present

24-10-2024T22:01:19 - [MESSAGE][PASSED] - Object 'Object Repository/IWP30/Page_ACHCorporatePaymentEntry/input_CompanyName' is present

24-10-2024T22:01:19 - [MESSAGE][PASSED] - Object 'Object Repository/IWP30/Page_ACHCorporatePaymentEntry/input_EIN' is present

24-10-2024T22:01:20 - [MESSAGE][PASSED] - Text '123456789' is set on object 'Object Repository/IWP30/Page_ACHCorporatePaymentEntry/input_EIN'

24-10-2024T22:01:20 - [MESSAGE][PASSED] - Object 'Object Repository/IWP30/Page_ACHCorporatePaymentEntry/txt_routingNumber' is present

24-10-2024T22:01:21 - [MESSAGE][PASSED] - Text '256072691' is set on object 'Object Repository/IWP30/Page_ACHCorporatePaymentEntry/txt_routingNumber'

24-10-2024T22:01:21 - [MESSAGE][PASSED] - Object 'Object Repository/IWP30/Page_ACHCorporatePaymentEntry/txt_accountNumber' is present

24-10-2024T22:01:22 - [MESSAGE][PASSED] - Text '12344444' is set on object 'Object Repository/IWP30/Page_ACHCorporatePaymentEntry/txt_accountNumber'

24-10-2024T22:01:22 - [MESSAGE][PASSED] - Object 'Object Repository/IWP30/Page_ACHCorporatePaymentEntry/txt_confirmAccountNumber' is present

24-10-2024T22:01:23 - [MESSAGE][PASSED] - Text '12344444' is set on object 'Object Repository/IWP30/Page_ACHCorporatePaymentEntry/txt_confirmAccountNumber'

24-10-2024T22:01:23 - [MESSAGE][PASSED] - Object 'Object Repository/IWP30/Page_ACHCorporatePaymentEntry/txt_Email' is present

24-10-2024T22:01:23 - [MESSAGE][PASSED] - Object 'Object Repository/IWP30/Page_ACHCorporatePaymentEntry/cb_TermsAndCond' is present

24-10-2024T22:01:24 - [MESSAGE][PASSED] - Object: 'Object Repository/IWP30/Page_ACHCorporatePaymentEntry/cb_TermsAndCond' is clicked on

24-10-2024T22:01:24 - [MESSAGE][PASSED] - Object 'Object Repository/IWP30/Page_ACHCorporatePaymentEntry/btn_Continue' is present

24-10-2024T22:01:25 - [MESSAGE][PASSED] - Object: 'Object Repository/IWP30/Page_ACHCorporatePaymentEntry/btn_Continue' is clicked on

24-10-2024T22:01:25 - [MESSAGE][PASSED] - iwpPages.achCorporatePaymentEntryPage.setDataCorporate is PASSED

24-10-2024T22:01:25 - [TEST_STEP][PASSED] - click(findTestObject("Object Repository/IWP30/Page_Confirmation/ConfirmButton")): Object: 'Object Repository/IWP30/Page_Confirmation/ConfirmButton' is clicked on

24-10-2024T22:01:56 - [MESSAGE][INFO] - Unable to find the element located by 'By.xpath: //*[@type = 'submit' and @name = 'confirmNotifyAction' and @id = 'submitYes' and @value = 'Confirm']'. Please recheck the objects properties to make sure the desired element is located. 

24-10-2024T22:01:56 - [MESSAGE][WARNING] - [SELF-HEALING] Failed to find element with id 'Object Repository/IWP30/Page_Confirmation/ConfirmButton'. Try using Self-healing.

24-10-2024T22:01:57 - [MESSAGE][WARNING] - [SELF-HEALING] The current locator of test object 'Object Repository/IWP30/Page_Confirmation/ConfirmButton' was broken. Propose an alternative one: '//div/input'.

24-10-2024T22:01:59 - [MESSAGE][PASSED] - Object: 'Object Repository/IWP30/Page_Confirmation/ConfirmButton' is clicked on

24-10-2024T22:01:59 - [TEST_STEP][PASSED] - Thread.sleep(10000): null

24-10-2024T22:02:09 - [TEST_STEP][PASSED] - if (verifyTextPresent("Successful Payment Receipt", false)): null

24-10-2024T22:02:09 - [MESSAGE][PASSED] - Text 'Successful Payment Receipt' is present on page 

24-10-2024T22:02:09 - [TEST_STEP][PASSED] - println("Successful Payment Receipt text is present on the Receipt page"): null

24-10-2024T22:02:09 - [TEST_STEP][PASSED] - markPassed("Successful Payment Receipt text is present on the Receipt page"): Successful Payment Receipt text is present on the Receipt page

24-10-2024T22:02:09 - [MESSAGE][PASSED] - Successful Payment Receipt text is present on the Receipt page

24-10-2024T22:02:09 - [TEST_STEP][PASSED] - resText = "Pass": null

24-10-2024T22:02:09 - [TEST_STEP][PASSED] - pages.WriteExcel.demoKey(resText, datText, resColumn, datCloumn, fileLoc, nameSheet, row): pages.WriteExcel.demoKey is PASSED

24-10-2024T22:02:09 - [MESSAGE][PASSED] - pages.WriteExcel.demoKey is PASSED

24-10-2024T22:02:09 - [TEST_STEP][PASSED] - closeBrowser(): Browser is closed

24-10-2024T22:02:10 - [MESSAGE][PASSED] - Browser is closed]]></system-out>
         <system-err><![CDATA[]]></system-err>
      </testcase>
      <testcase name="Test Cases/IntegratedWeb/IWP25/Payments/NoModifyAmountPC" time="231.958" classname="Test Cases/IntegratedWeb/IWP25/Payments/NoModifyAmountPC" status="PASSED">
         <system-out><![CDATA[24-10-2024T22:02:10 - [TEST_CASE][PASSED] - Test Cases/IntegratedWeb/IWP25/Payments/NoModifyAmountPC: Test Cases/IntegratedWeb/IWP25/Payments/NoModifyAmountPC

24-10-2024T22:02:10 - [TEST_STEP][PASSED] - resText = "Fail": null

24-10-2024T22:02:10 - [TEST_STEP][PASSED] - resColumn = "Result": null

24-10-2024T22:02:10 - [TEST_STEP][PASSED] - datCloumn = "Date": null

24-10-2024T22:02:10 - [TEST_STEP][PASSED] - fileLoc = "KatalonData/IWPTestData/VRelay25Payments.xlsx": null

24-10-2024T22:02:10 - [TEST_STEP][PASSED] - numOfRows = <not implemented yet for class: org.codehaus.groovy.ast.expr.EmptyExpression>: null

24-10-2024T22:02:10 - [TEST_STEP][PASSED] - dataFile = <not implemented yet for class: org.codehaus.groovy.ast.expr.EmptyExpression>: null

24-10-2024T22:02:10 - [TEST_STEP][PASSED] - nameSheet = <not implemented yet for class: org.codehaus.groovy.ast.expr.EmptyExpression>: null

24-10-2024T22:02:10 - [TEST_STEP][PASSED] - dataFileEmulator = <not implemented yet for class: org.codehaus.groovy.ast.expr.EmptyExpression>: null

24-10-2024T22:02:10 - [TEST_STEP][PASSED] - nameSheet = "NoModifyAmountPC": null

24-10-2024T22:02:10 - [TEST_STEP][PASSED] - dataFile = "IWPTestData/IWP25NoModifyAmountPC": null

24-10-2024T22:02:10 - [TEST_STEP][PASSED] - dataFileEmulator = "IWPTestData/EmulatorData": null

24-10-2024T22:02:10 - [TEST_STEP][PASSED] - numOfRows = findTestData(dataFile).getRowNumbers(): null

24-10-2024T22:02:11 - [TEST_STEP][PASSED] - println("Number of Records: " + numOfRows): null

24-10-2024T22:02:11 - [TEST_STEP][PASSED] - for ([row = 1, row <= numOfRows, (row++)]): Browser is closed

24-10-2024T22:02:11 - [TEST_STEP][PASSED] - ExecuteTC = findTestData(dataFile).getValue("Execute", row): null

24-10-2024T22:02:11 - [TEST_STEP][PASSED] - out.println("Value of Execute is : " + ExecuteTC): null

24-10-2024T22:02:11 - [TEST_STEP][PASSED] - if (ExecuteTC.equalsIgnoreCase("Y")): null

24-10-2024T22:02:11 - [TEST_STEP][PASSED] - out.println("Begin Record Number: " + row): null

24-10-2024T22:02:11 - [TEST_STEP][PASSED] - today = new java.util.Date(): null

24-10-2024T22:02:11 - [TEST_STEP][PASSED] - println(today): null

24-10-2024T22:02:11 - [TEST_STEP][PASSED] - datText = today: null

24-10-2024T22:02:11 - [TEST_STEP][PASSED] - EmulatorDataKey = findTestData(dataFile).getValue("EmulatorData", row): null

24-10-2024T22:02:11 - [TEST_STEP][PASSED] - out.println("Value of Emulator Key is : " + EmulatorDataKey): null

24-10-2024T22:02:11 - [TEST_STEP][PASSED] - iwpPages.emulatorIWP30.setDataEmulator_DD(EmulatorDataKey): iwpPages.emulatorIWP30.setDataEmulator_DD is PASSED

24-10-2024T22:02:11 - [MESSAGE][INFO] - Starting 'Edge Chromium' driver

24-10-2024T22:02:11 - [MESSAGE][INFO] - User set preference: ['acceptInsecureCerts', 'true']

24-10-2024T22:02:13 - [MESSAGE][INFO] - Action delay is set to 0 milliseconds

24-10-2024T22:02:17 - [MESSAGE][PASSED] - Browser is opened with url: 'https://qa2.velocitypayment.com/agencyx/config.action?action=editor&message_version=2_5'

24-10-2024T22:02:17 - [MESSAGE][PASSED] - Current window maximized

24-10-2024T22:02:48 - [MESSAGE][INFO] - Unable to find the element located by 'By.xpath: //select[@name='message_version']'. Please recheck the objects properties to make sure the desired element is located. 

24-10-2024T22:02:48 - [MESSAGE][WARNING] - [SELF-HEALING] Failed to find element with id 'Object Repository/IWP30/Page_VRelay30Emulator/MV'. Try using Self-healing.

24-10-2024T22:02:48 - [MESSAGE][WARNING] - [SELF-HEALING] The current locator of test object 'Object Repository/IWP30/Page_VRelay30Emulator/MV' was broken. Propose an alternative one: '(.//*[normalize-space(text()) and normalize-space(.)='Message Version'])[1]/following::select[1]'.

24-10-2024T22:02:49 - [MESSAGE][PASSED] - All options with value '2.5' are selected in object 'Object Repository/IWP30/Page_VRelay30Emulator/MV'  using regular expression

24-10-2024T22:02:50 - [MESSAGE][PASSED] - Text '10.50' is set on object 'Object Repository/IWP30/Page_EmulatorAgencyX/Amount'

24-10-2024T22:02:50 - [MESSAGE][PASSED] - Text '3ZZTM7t7F67c' is set on object 'Object Repository/IWP30/Page_EmulatorAgencyX/CAN'

24-10-2024T22:02:51 - [MESSAGE][PASSED] - Text 'PayNow' is set on object 'Object Repository/IWP30/Page_EmulatorAgencyX/Action'

24-10-2024T22:02:51 - [MESSAGE][PASSED] - Text 'en_US' is set on object 'Object Repository/IWP30/Page_EmulatorAgencyX/Lang'

24-10-2024T22:02:52 - [MESSAGE][PASSED] - Text 'Jasmine' is set on object 'Object Repository/IWP30/Page_EmulatorAgencyX/Fname'

24-10-2024T22:02:53 - [MESSAGE][PASSED] - Text 'Patrinol' is set on object 'Object Repository/IWP30/Page_EmulatorAgencyX/Lname'

24-10-2024T22:02:53 - [MESSAGE][PASSED] - Text '258 Underwood rd' is set on object 'Object Repository/IWP30/Page_EmulatorAgencyX/AL1'

24-10-2024T22:02:54 - [MESSAGE][PASSED] - Text 'Suite 600' is set on object 'Object Repository/IWP30/Page_EmulatorAgencyX/AL2'

24-10-2024T22:02:54 - [MESSAGE][PASSED] - Text '840' is set on object 'Object Repository/IWP30/Page_EmulatorAgencyX/Country'

24-10-2024T22:02:55 - [MESSAGE][PASSED] - Text 'Arlington' is set on object 'Object Repository/IWP30/Page_EmulatorAgencyX/City'

24-10-2024T22:02:56 - [MESSAGE][PASSED] - Text 'VA' is set on object 'Object Repository/IWP30/Page_EmulatorAgencyX/State'

24-10-2024T22:02:56 - [MESSAGE][PASSED] - Text '22201' is set on object 'Object Repository/IWP30/Page_EmulatorAgencyX/ZIP'

24-10-2024T22:02:57 - [MESSAGE][PASSED] - Text '' is set on object 'Object Repository/IWP30/Page_EmulatorAgencyX/Order'

24-10-2024T22:02:57 - [MESSAGE][PASSED] - Text 'Some Company' is set on object 'Object Repository/IWP30/Page_EmulatorAgencyX/Company'

24-10-2024T22:02:58 - [MESSAGE][PASSED] - Text 'iahmed@govolution.com' is set on object 'Object Repository/IWP30/Page_EmulatorAgencyX/Email'

24-10-2024T22:02:59 - [MESSAGE][PASSED] - Text 'udf data 1' is set on object 'Object Repository/IWP30/Page_EmulatorAgencyX/UDF1'

24-10-2024T22:02:59 - [MESSAGE][PASSED] - Text 'udf data 2' is set on object 'Object Repository/IWP30/Page_EmulatorAgencyX/UDF2'

24-10-2024T22:03:00 - [MESSAGE][PASSED] - Text 'udf data 3' is set on object 'Object Repository/IWP30/Page_EmulatorAgencyX/UDF3'

24-10-2024T22:03:00 - [MESSAGE][PASSED] - Text 'udf data 4' is set on object 'Object Repository/IWP30/Page_EmulatorAgencyX/UDF4'

24-10-2024T22:03:01 - [MESSAGE][PASSED] - Text 'udf data 5' is set on object 'Object Repository/IWP30/Page_EmulatorAgencyX/UDF5'

24-10-2024T22:03:02 - [MESSAGE][PASSED] - Text 'udf data 6' is set on object 'Object Repository/IWP30/Page_EmulatorAgencyX/UDF6'

24-10-2024T22:03:02 - [MESSAGE][PASSED] - Text 'Orange' is set on object 'Object Repository/IWP30/Page_EmulatorAgencyX/UDF7'

24-10-2024T22:03:03 - [MESSAGE][PASSED] - Text 'Soccer' is set on object 'Object Repository/IWP30/Page_EmulatorAgencyX/UDF8'

24-10-2024T22:03:03 - [MESSAGE][PASSED] - Text 'udf data 9' is set on object 'Object Repository/IWP30/Page_EmulatorAgencyX/UDF9'

24-10-2024T22:03:04 - [MESSAGE][PASSED] - Text 'udf data 10' is set on object 'Object Repository/IWP30/Page_EmulatorAgencyX/UDF10'

24-10-2024T22:03:05 - [MESSAGE][PASSED] - Object: 'Object Repository/IWP30/Page_EmulatorAgencyX/Submit' is clicked on

24-10-2024T22:03:10 - [MESSAGE][PASSED] - Browser is closed

24-10-2024T22:03:14 - [MESSAGE][PASSED] - iwpPages.emulatorIWP30.setDataEmulator_DD is PASSED

24-10-2024T22:03:14 - [TEST_STEP][PASSED] - testHarnessURL = urlTestHarness: null

24-10-2024T22:03:14 - [TEST_STEP][PASSED] - openBrowser(testHarnessURL): Browser is opened with url: 'https://dev-algorithm.govolution.com/vrelaytest/QA2/version_2_2/vrelaytest.html'

24-10-2024T22:03:14 - [MESSAGE][INFO] - Starting 'Edge Chromium' driver

24-10-2024T22:03:14 - [MESSAGE][INFO] - User set preference: ['acceptInsecureCerts', 'true']

24-10-2024T22:03:16 - [MESSAGE][INFO] - Action delay is set to 0 milliseconds

24-10-2024T22:03:19 - [MESSAGE][PASSED] - Browser is opened with url: 'https://dev-algorithm.govolution.com/vrelaytest/QA2/version_2_2/vrelaytest.html'

24-10-2024T22:03:19 - [TEST_STEP][PASSED] - maximizeWindow(): Current window maximized

24-10-2024T22:03:20 - [MESSAGE][PASSED] - Current window maximized

24-10-2024T22:03:20 - [TEST_STEP][PASSED] - iwpPages.TestHarnessPage.setDataMethod(row, dataFile): iwpPages.TestHarnessPage.setDataMethod is PASSED

24-10-2024T22:03:20 - [MESSAGE][PASSED] - Object 'Object Repository/IWP30/Page_QATestHarness/RemittanceID' is present

24-10-2024T22:03:21 - [MESSAGE][PASSED] - Text '654' is set on object 'Object Repository/IWP30/Page_QATestHarness/ApplicationID'

24-10-2024T22:03:21 - [MESSAGE][PASSED] - Text '2.5' is set on object 'Object Repository/IWP30/Page_QATestHarness/MessageVersion'

24-10-2024T22:03:22 - [MESSAGE][PASSED] - Text 'pXB9hluZLe42' is set on object 'Object Repository/IWP30/Page_QATestHarness/RemittanceID'

24-10-2024T22:03:25 - [MESSAGE][PASSED] - Object: 'Object Repository/IWP30/Page_QATestHarness/SubmitButton' is clicked on

24-10-2024T22:03:25 - [MESSAGE][PASSED] - iwpPages.TestHarnessPage.setDataMethod is PASSED

24-10-2024T22:03:25 - [TEST_STEP][PASSED] - click(findTestObject("Object Repository/IWP30/Page_SelectPaymentMethod/PayByPersonalCheck")): Object: 'Object Repository/IWP30/Page_SelectPaymentMethod/PayByPersonalCheck' is clicked on

24-10-2024T22:03:26 - [MESSAGE][PASSED] - Object: 'Object Repository/IWP30/Page_SelectPaymentMethod/PayByPersonalCheck' is clicked on

24-10-2024T22:03:26 - [TEST_STEP][PASSED] - click(findTestObject("Object Repository/IWP30/Page_SelectPaymentMethod/MakePaymentButton")): Object: 'Object Repository/IWP30/Page_SelectPaymentMethod/MakePaymentButton' is clicked on

24-10-2024T22:03:28 - [MESSAGE][PASSED] - Object: 'Object Repository/IWP30/Page_SelectPaymentMethod/MakePaymentButton' is clicked on

24-10-2024T22:03:28 - [TEST_STEP][PASSED] - if (verifyElementNotPresent(findTestObject("Object Repository/IWP30/Page_ACHPersonalPaymentEntry/txt_Amount"), 30) && verifyTextPresent("$ 10.50", false)): null

24-10-2024T22:03:29 - [MESSAGE][PASSED] - Web element with id: 'Object Repository/IWP30/Page_ACHPersonalPaymentEntry/txt_Amount' located by 'By.xpath: //*[@type = 'text' and @name = 'amount']' is not present after '30' second(s)

24-10-2024T22:03:29 - [MESSAGE][PASSED] - Text '$ 10.50' is present on page 

24-10-2024T22:03:29 - [TEST_STEP][PASSED] - iwpPages.achPersonalPaymentEntryPage.setDataACHPPM(row, dataFile): iwpPages.achPersonalPaymentEntryPage.setDataACHPPM is PASSED

24-10-2024T22:03:30 - [MESSAGE][PASSED] - Object 'Object Repository/IWP30/Page_ACHPersonalPaymentEntry/txt_accountNumber' is present

24-10-2024T22:03:31 - [MESSAGE][PASSED] - Object 'Object Repository/IWP30/Page_ACHPersonalPaymentEntry/txt_UDF2' is present

24-10-2024T22:03:31 - [MESSAGE][PASSED] - Object 'Object Repository/IWP30/Page_ACHPersonalPaymentEntry/txt_Firstname' is present

24-10-2024T22:03:32 - [MESSAGE][PASSED] - Text 'Elizath' is set on object 'Object Repository/IWP30/Page_ACHPersonalPaymentEntry/txt_Firstname'

24-10-2024T22:03:32 - [MESSAGE][PASSED] - Object 'Object Repository/IWP30/Page_ACHPersonalPaymentEntry/txt_Lastname' is present

24-10-2024T22:03:32 - [MESSAGE][PASSED] - Text 'Christine' is set on object 'Object Repository/IWP30/Page_ACHPersonalPaymentEntry/txt_Lastname'

24-10-2024T22:03:33 - [MESSAGE][PASSED] - Object 'Object Repository/IWP30/Page_ACHPersonalPaymentEntry/txt_routingNumber' is present

24-10-2024T22:03:33 - [MESSAGE][PASSED] - Text '256072691' is set on object 'Object Repository/IWP30/Page_ACHPersonalPaymentEntry/txt_routingNumber'

24-10-2024T22:03:34 - [MESSAGE][PASSED] - Object 'Object Repository/IWP30/Page_ACHPersonalPaymentEntry/txt_accountNumber' is present

24-10-2024T22:03:35 - [MESSAGE][PASSED] - Text '12344444' is set on object 'Object Repository/IWP30/Page_ACHPersonalPaymentEntry/txt_accountNumber'

24-10-2024T22:03:35 - [MESSAGE][PASSED] - Object 'Object Repository/IWP30/Page_ACHPersonalPaymentEntry/txt_confirmAccountNumber' is present

24-10-2024T22:03:36 - [MESSAGE][PASSED] - Text '12344444' is set on object 'Object Repository/IWP30/Page_ACHPersonalPaymentEntry/txt_confirmAccountNumber'

24-10-2024T22:03:36 - [MESSAGE][PASSED] - Object 'Object Repository/IWP30/Page_ACHPersonalPaymentEntry/rd_accountType' is present

24-10-2024T22:03:36 - [MESSAGE][PASSED] - Modify property of object successfully

24-10-2024T22:03:37 - [MESSAGE][PASSED] - Object: 'Object Repository/IWP30/Page_ACHPersonalPaymentEntry/rd_accountType' is clicked on

24-10-2024T22:03:37 - [MESSAGE][PASSED] - Object 'Object Repository/IWP30/Page_ACHPersonalPaymentEntry/txt_Email' is present

24-10-2024T22:03:37 - [MESSAGE][PASSED] - Object 'Object Repository/IWP30/Page_ACHPersonalPaymentEntry/cb_TermsAndCond' is present

24-10-2024T22:03:37 - [MESSAGE][PASSED] - Object: 'Object Repository/IWP30/Page_ACHPersonalPaymentEntry/cb_TermsAndCond' is clicked on

24-10-2024T22:03:38 - [MESSAGE][PASSED] - Object 'Object Repository/IWP30/Page_ACHPersonalPaymentEntry/btn_Continue' is present

24-10-2024T22:03:39 - [MESSAGE][PASSED] - Object: 'Object Repository/IWP30/Page_ACHPersonalPaymentEntry/btn_Continue' is clicked on

24-10-2024T22:03:39 - [MESSAGE][PASSED] - iwpPages.achPersonalPaymentEntryPage.setDataACHPPM is PASSED

24-10-2024T22:03:39 - [TEST_STEP][PASSED] - click(findTestObject("Object Repository/IWP30/Page_Confirmation/ConfirmButton")): Object: 'Object Repository/IWP30/Page_Confirmation/ConfirmButton' is clicked on

24-10-2024T22:03:40 - [MESSAGE][PASSED] - Object: 'Object Repository/IWP30/Page_Confirmation/ConfirmButton' is clicked on

24-10-2024T22:03:40 - [TEST_STEP][PASSED] - Thread.sleep(10000): null

24-10-2024T22:03:50 - [TEST_STEP][PASSED] - if (verifyTextPresent("Successful Payment Receipt", false)): null

24-10-2024T22:03:51 - [MESSAGE][PASSED] - Text 'Successful Payment Receipt' is present on page 

24-10-2024T22:03:51 - [TEST_STEP][PASSED] - println("Successful Payment Receipt text is present on the Receipt page"): null

24-10-2024T22:03:51 - [TEST_STEP][PASSED] - markPassed("Successful Payment Receipt text is present on the Receipt page"): Successful Payment Receipt text is present on the Receipt page

24-10-2024T22:03:51 - [MESSAGE][PASSED] - Successful Payment Receipt text is present on the Receipt page

24-10-2024T22:03:51 - [TEST_STEP][PASSED] - resText = "Pass": null

24-10-2024T22:03:51 - [TEST_STEP][PASSED] - pages.WriteExcel.demoKey(resText, datText, resColumn, datCloumn, fileLoc, nameSheet, row): pages.WriteExcel.demoKey is PASSED

24-10-2024T22:03:51 - [MESSAGE][PASSED] - pages.WriteExcel.demoKey is PASSED

24-10-2024T22:03:51 - [TEST_STEP][PASSED] - closeBrowser(): Browser is closed

24-10-2024T22:03:51 - [MESSAGE][PASSED] - Browser is closed

24-10-2024T22:03:51 - [TEST_STEP][PASSED] - ExecuteTC = findTestData(dataFile).getValue("Execute", row): null

24-10-2024T22:03:51 - [TEST_STEP][PASSED] - out.println("Value of Execute is : " + ExecuteTC): null

24-10-2024T22:03:51 - [TEST_STEP][PASSED] - if (ExecuteTC.equalsIgnoreCase("Y")): null

24-10-2024T22:03:51 - [TEST_STEP][PASSED] - out.println("Begin Record Number: " + row): null

24-10-2024T22:03:51 - [TEST_STEP][PASSED] - today = new java.util.Date(): null

24-10-2024T22:03:51 - [TEST_STEP][PASSED] - println(today): null

24-10-2024T22:03:51 - [TEST_STEP][PASSED] - datText = today: null

24-10-2024T22:03:51 - [TEST_STEP][PASSED] - EmulatorDataKey = findTestData(dataFile).getValue("EmulatorData", row): null

24-10-2024T22:03:51 - [TEST_STEP][PASSED] - out.println("Value of Emulator Key is : " + EmulatorDataKey): null

24-10-2024T22:03:51 - [TEST_STEP][PASSED] - iwpPages.emulatorIWP30.setDataEmulator_DD(EmulatorDataKey): iwpPages.emulatorIWP30.setDataEmulator_DD is PASSED

24-10-2024T22:03:52 - [MESSAGE][INFO] - Starting 'Edge Chromium' driver

24-10-2024T22:03:52 - [MESSAGE][INFO] - User set preference: ['acceptInsecureCerts', 'true']

24-10-2024T22:03:54 - [MESSAGE][INFO] - Action delay is set to 0 milliseconds

24-10-2024T22:03:57 - [MESSAGE][PASSED] - Browser is opened with url: 'https://qa2.velocitypayment.com/agencyx/config.action?action=editor&message_version=3_0'

24-10-2024T22:03:58 - [MESSAGE][PASSED] - Current window maximized

24-10-2024T22:04:29 - [MESSAGE][INFO] - Unable to find the element located by 'By.xpath: //select[@name='message_version']'. Please recheck the objects properties to make sure the desired element is located. 

24-10-2024T22:04:29 - [MESSAGE][WARNING] - [SELF-HEALING] Failed to find element with id 'Object Repository/IWP30/Page_VRelay30Emulator/MV'. Try using Self-healing.

24-10-2024T22:04:29 - [MESSAGE][WARNING] - [SELF-HEALING] The current locator of test object 'Object Repository/IWP30/Page_VRelay30Emulator/MV' was broken. Propose an alternative one: '(.//*[normalize-space(text()) and normalize-space(.)='Message Version'])[1]/following::select[1]'.

24-10-2024T22:04:29 - [MESSAGE][PASSED] - All options with value '3.0' are selected in object 'Object Repository/IWP30/Page_VRelay30Emulator/MV'  using regular expression

24-10-2024T22:04:30 - [MESSAGE][PASSED] - Text '10.50' is set on object 'Object Repository/IWP30/Page_EmulatorAgencyX/Amount'

24-10-2024T22:04:31 - [MESSAGE][PASSED] - Text 'DVcYpiCMWuUl' is set on object 'Object Repository/IWP30/Page_EmulatorAgencyX/CAN'

24-10-2024T22:04:31 - [MESSAGE][PASSED] - Text 'PayNow' is set on object 'Object Repository/IWP30/Page_EmulatorAgencyX/Action'

24-10-2024T22:04:32 - [MESSAGE][PASSED] - Text 'en_US' is set on object 'Object Repository/IWP30/Page_EmulatorAgencyX/Lang'

24-10-2024T22:04:32 - [MESSAGE][PASSED] - Text 'Jasmine' is set on object 'Object Repository/IWP30/Page_EmulatorAgencyX/Fname'

24-10-2024T22:04:33 - [MESSAGE][PASSED] - Text 'Patrinol' is set on object 'Object Repository/IWP30/Page_EmulatorAgencyX/Lname'

24-10-2024T22:04:34 - [MESSAGE][PASSED] - Text '258 Underwood rd' is set on object 'Object Repository/IWP30/Page_EmulatorAgencyX/AL1'

24-10-2024T22:04:34 - [MESSAGE][PASSED] - Text 'Suite 600' is set on object 'Object Repository/IWP30/Page_EmulatorAgencyX/AL2'

24-10-2024T22:04:35 - [MESSAGE][PASSED] - Text '840' is set on object 'Object Repository/IWP30/Page_EmulatorAgencyX/Country'

24-10-2024T22:04:36 - [MESSAGE][PASSED] - Text 'Arlington' is set on object 'Object Repository/IWP30/Page_EmulatorAgencyX/City'

24-10-2024T22:04:36 - [MESSAGE][PASSED] - Text 'VA' is set on object 'Object Repository/IWP30/Page_EmulatorAgencyX/State'

24-10-2024T22:04:37 - [MESSAGE][PASSED] - Text '22201' is set on object 'Object Repository/IWP30/Page_EmulatorAgencyX/ZIP'

24-10-2024T22:04:37 - [MESSAGE][PASSED] - Text '' is set on object 'Object Repository/IWP30/Page_EmulatorAgencyX/Order'

24-10-2024T22:04:38 - [MESSAGE][PASSED] - Text 'Some Company' is set on object 'Object Repository/IWP30/Page_EmulatorAgencyX/Company'

24-10-2024T22:04:39 - [MESSAGE][PASSED] - Text 'iahmed@govolution.com' is set on object 'Object Repository/IWP30/Page_EmulatorAgencyX/Email'

24-10-2024T22:04:39 - [MESSAGE][PASSED] - Text 'udf data 1' is set on object 'Object Repository/IWP30/Page_EmulatorAgencyX/UDF1'

24-10-2024T22:04:40 - [MESSAGE][PASSED] - Text 'udf data 2' is set on object 'Object Repository/IWP30/Page_EmulatorAgencyX/UDF2'

24-10-2024T22:04:40 - [MESSAGE][PASSED] - Text 'udf data 3' is set on object 'Object Repository/IWP30/Page_EmulatorAgencyX/UDF3'

24-10-2024T22:04:41 - [MESSAGE][PASSED] - Text 'udf data 4' is set on object 'Object Repository/IWP30/Page_EmulatorAgencyX/UDF4'

24-10-2024T22:04:42 - [MESSAGE][PASSED] - Text 'udf data 5' is set on object 'Object Repository/IWP30/Page_EmulatorAgencyX/UDF5'

24-10-2024T22:04:42 - [MESSAGE][PASSED] - Text 'udf data 6' is set on object 'Object Repository/IWP30/Page_EmulatorAgencyX/UDF6'

24-10-2024T22:04:43 - [MESSAGE][PASSED] - Text 'Orange' is set on object 'Object Repository/IWP30/Page_EmulatorAgencyX/UDF7'

24-10-2024T22:04:43 - [MESSAGE][PASSED] - Text 'Soccer' is set on object 'Object Repository/IWP30/Page_EmulatorAgencyX/UDF8'

24-10-2024T22:04:44 - [MESSAGE][PASSED] - Text 'udf data 9' is set on object 'Object Repository/IWP30/Page_EmulatorAgencyX/UDF9'

24-10-2024T22:04:45 - [MESSAGE][PASSED] - Text 'udf data 10' is set on object 'Object Repository/IWP30/Page_EmulatorAgencyX/UDF10'

24-10-2024T22:04:46 - [MESSAGE][PASSED] - Object: 'Object Repository/IWP30/Page_EmulatorAgencyX/Submit' is clicked on

24-10-2024T22:04:50 - [MESSAGE][PASSED] - Browser is closed

24-10-2024T22:04:54 - [MESSAGE][PASSED] - iwpPages.emulatorIWP30.setDataEmulator_DD is PASSED

24-10-2024T22:04:54 - [TEST_STEP][PASSED] - testHarnessURL = urlTestHarness: null

24-10-2024T22:04:54 - [TEST_STEP][PASSED] - openBrowser(testHarnessURL): Browser is opened with url: 'https://dev-algorithm.govolution.com/vrelaytest/QA2/version_2_2/vrelaytest.html'

24-10-2024T22:04:54 - [MESSAGE][INFO] - Starting 'Edge Chromium' driver

24-10-2024T22:04:54 - [MESSAGE][INFO] - User set preference: ['acceptInsecureCerts', 'true']

24-10-2024T22:04:56 - [MESSAGE][INFO] - Action delay is set to 0 milliseconds

24-10-2024T22:05:00 - [MESSAGE][PASSED] - Browser is opened with url: 'https://dev-algorithm.govolution.com/vrelaytest/QA2/version_2_2/vrelaytest.html'

24-10-2024T22:05:00 - [TEST_STEP][PASSED] - maximizeWindow(): Current window maximized

24-10-2024T22:05:00 - [MESSAGE][PASSED] - Current window maximized

24-10-2024T22:05:00 - [TEST_STEP][PASSED] - iwpPages.TestHarnessPage.setDataMethod(row, dataFile): iwpPages.TestHarnessPage.setDataMethod is PASSED

24-10-2024T22:05:00 - [MESSAGE][PASSED] - Object 'Object Repository/IWP30/Page_QATestHarness/RemittanceID' is present

24-10-2024T22:05:01 - [MESSAGE][PASSED] - Text '824' is set on object 'Object Repository/IWP30/Page_QATestHarness/ApplicationID'

24-10-2024T22:05:02 - [MESSAGE][PASSED] - Text '3.0' is set on object 'Object Repository/IWP30/Page_QATestHarness/MessageVersion'

24-10-2024T22:05:02 - [MESSAGE][PASSED] - Text 'mvNC9vDf8AU2' is set on object 'Object Repository/IWP30/Page_QATestHarness/RemittanceID'

24-10-2024T22:05:04 - [MESSAGE][PASSED] - Object: 'Object Repository/IWP30/Page_QATestHarness/SubmitButton' is clicked on

24-10-2024T22:05:04 - [MESSAGE][PASSED] - iwpPages.TestHarnessPage.setDataMethod is PASSED

24-10-2024T22:05:04 - [TEST_STEP][PASSED] - click(findTestObject("Object Repository/IWP30/Page_SelectPaymentMethod/PayByPersonalCheck")): Object: 'Object Repository/IWP30/Page_SelectPaymentMethod/PayByPersonalCheck' is clicked on

24-10-2024T22:05:05 - [MESSAGE][PASSED] - Object: 'Object Repository/IWP30/Page_SelectPaymentMethod/PayByPersonalCheck' is clicked on

24-10-2024T22:05:05 - [TEST_STEP][PASSED] - click(findTestObject("Object Repository/IWP30/Page_SelectPaymentMethod/MakePaymentButton")): Object: 'Object Repository/IWP30/Page_SelectPaymentMethod/MakePaymentButton' is clicked on

24-10-2024T22:05:07 - [MESSAGE][PASSED] - Object: 'Object Repository/IWP30/Page_SelectPaymentMethod/MakePaymentButton' is clicked on

24-10-2024T22:05:07 - [TEST_STEP][PASSED] - if (verifyElementNotPresent(findTestObject("Object Repository/IWP30/Page_ACHPersonalPaymentEntry/txt_Amount"), 30) && verifyTextPresent("$ 10.50", false)): null

24-10-2024T22:05:08 - [MESSAGE][PASSED] - Web element with id: 'Object Repository/IWP30/Page_ACHPersonalPaymentEntry/txt_Amount' located by 'By.xpath: //*[@type = 'text' and @name = 'amount']' is not present after '30' second(s)

24-10-2024T22:05:08 - [MESSAGE][PASSED] - Text '$ 10.50' is present on page 

24-10-2024T22:05:08 - [TEST_STEP][PASSED] - iwpPages.achPersonalPaymentEntryPage.setDataACHPPM(row, dataFile): iwpPages.achPersonalPaymentEntryPage.setDataACHPPM is PASSED

24-10-2024T22:05:09 - [MESSAGE][PASSED] - Object 'Object Repository/IWP30/Page_ACHPersonalPaymentEntry/txt_accountNumber' is present

24-10-2024T22:05:10 - [MESSAGE][PASSED] - Object 'Object Repository/IWP30/Page_ACHPersonalPaymentEntry/txt_UDF2' is present

24-10-2024T22:05:10 - [MESSAGE][PASSED] - Object 'Object Repository/IWP30/Page_ACHPersonalPaymentEntry/txt_Firstname' is present

24-10-2024T22:05:10 - [MESSAGE][PASSED] - Text 'Elizath' is set on object 'Object Repository/IWP30/Page_ACHPersonalPaymentEntry/txt_Firstname'

24-10-2024T22:05:11 - [MESSAGE][PASSED] - Object 'Object Repository/IWP30/Page_ACHPersonalPaymentEntry/txt_Lastname' is present

24-10-2024T22:05:11 - [MESSAGE][PASSED] - Text 'Christine' is set on object 'Object Repository/IWP30/Page_ACHPersonalPaymentEntry/txt_Lastname'

24-10-2024T22:05:11 - [MESSAGE][PASSED] - Object 'Object Repository/IWP30/Page_ACHPersonalPaymentEntry/txt_routingNumber' is present

24-10-2024T22:05:12 - [MESSAGE][PASSED] - Text '256072691' is set on object 'Object Repository/IWP30/Page_ACHPersonalPaymentEntry/txt_routingNumber'

24-10-2024T22:05:12 - [MESSAGE][PASSED] - Object 'Object Repository/IWP30/Page_ACHPersonalPaymentEntry/txt_accountNumber' is present

24-10-2024T22:05:13 - [MESSAGE][PASSED] - Text '12344444' is set on object 'Object Repository/IWP30/Page_ACHPersonalPaymentEntry/txt_accountNumber'

24-10-2024T22:05:14 - [MESSAGE][PASSED] - Object 'Object Repository/IWP30/Page_ACHPersonalPaymentEntry/txt_confirmAccountNumber' is present

24-10-2024T22:05:14 - [MESSAGE][PASSED] - Text '12344444' is set on object 'Object Repository/IWP30/Page_ACHPersonalPaymentEntry/txt_confirmAccountNumber'

24-10-2024T22:05:15 - [MESSAGE][PASSED] - Object 'Object Repository/IWP30/Page_ACHPersonalPaymentEntry/rd_accountType' is present

24-10-2024T22:05:15 - [MESSAGE][PASSED] - Modify property of object successfully

24-10-2024T22:05:15 - [MESSAGE][PASSED] - Object: 'Object Repository/IWP30/Page_ACHPersonalPaymentEntry/rd_accountType' is clicked on

24-10-2024T22:05:15 - [MESSAGE][PASSED] - Object 'Object Repository/IWP30/Page_ACHPersonalPaymentEntry/txt_Email' is present

24-10-2024T22:05:15 - [MESSAGE][PASSED] - Object 'Object Repository/IWP30/Page_ACHPersonalPaymentEntry/cb_TermsAndCond' is present

24-10-2024T22:05:16 - [MESSAGE][PASSED] - Object: 'Object Repository/IWP30/Page_ACHPersonalPaymentEntry/cb_TermsAndCond' is clicked on

24-10-2024T22:05:16 - [MESSAGE][PASSED] - Object 'Object Repository/IWP30/Page_ACHPersonalPaymentEntry/btn_Continue' is present

24-10-2024T22:05:17 - [MESSAGE][PASSED] - Object: 'Object Repository/IWP30/Page_ACHPersonalPaymentEntry/btn_Continue' is clicked on

24-10-2024T22:05:17 - [MESSAGE][PASSED] - iwpPages.achPersonalPaymentEntryPage.setDataACHPPM is PASSED

24-10-2024T22:05:17 - [TEST_STEP][PASSED] - click(findTestObject("Object Repository/IWP30/Page_Confirmation/ConfirmButton")): Object: 'Object Repository/IWP30/Page_Confirmation/ConfirmButton' is clicked on

24-10-2024T22:05:48 - [MESSAGE][INFO] - Unable to find the element located by 'By.xpath: //*[@type = 'submit' and @name = 'confirmNotifyAction' and @id = 'submitYes' and @value = 'Confirm']'. Please recheck the objects properties to make sure the desired element is located. 

24-10-2024T22:05:48 - [MESSAGE][WARNING] - [SELF-HEALING] Failed to find element with id 'Object Repository/IWP30/Page_Confirmation/ConfirmButton'. Try using Self-healing.

24-10-2024T22:05:49 - [MESSAGE][WARNING] - [SELF-HEALING] The current locator of test object 'Object Repository/IWP30/Page_Confirmation/ConfirmButton' was broken. Propose an alternative one: '//div/input'.

24-10-2024T22:05:51 - [MESSAGE][PASSED] - Object: 'Object Repository/IWP30/Page_Confirmation/ConfirmButton' is clicked on

24-10-2024T22:05:51 - [TEST_STEP][PASSED] - Thread.sleep(10000): null

24-10-2024T22:06:01 - [TEST_STEP][PASSED] - if (verifyTextPresent("Successful Payment Receipt", false)): null

24-10-2024T22:06:01 - [MESSAGE][PASSED] - Text 'Successful Payment Receipt' is present on page 

24-10-2024T22:06:01 - [TEST_STEP][PASSED] - println("Successful Payment Receipt text is present on the Receipt page"): null

24-10-2024T22:06:01 - [TEST_STEP][PASSED] - markPassed("Successful Payment Receipt text is present on the Receipt page"): Successful Payment Receipt text is present on the Receipt page

24-10-2024T22:06:01 - [MESSAGE][PASSED] - Successful Payment Receipt text is present on the Receipt page

24-10-2024T22:06:01 - [TEST_STEP][PASSED] - resText = "Pass": null

24-10-2024T22:06:01 - [TEST_STEP][PASSED] - pages.WriteExcel.demoKey(resText, datText, resColumn, datCloumn, fileLoc, nameSheet, row): pages.WriteExcel.demoKey is PASSED

24-10-2024T22:06:01 - [MESSAGE][PASSED] - pages.WriteExcel.demoKey is PASSED

24-10-2024T22:06:01 - [TEST_STEP][PASSED] - closeBrowser(): Browser is closed

24-10-2024T22:06:02 - [MESSAGE][PASSED] - Browser is closed]]></system-out>
         <system-err><![CDATA[]]></system-err>
      </testcase>
      <testcase name="Test Cases/IntegratedWeb/IWP25/Payments/NoModifyAmountPS" time="232.117" classname="Test Cases/IntegratedWeb/IWP25/Payments/NoModifyAmountPS" status="PASSED">
         <system-out><![CDATA[24-10-2024T22:06:02 - [TEST_CASE][PASSED] - Test Cases/IntegratedWeb/IWP25/Payments/NoModifyAmountPS: Test Cases/IntegratedWeb/IWP25/Payments/NoModifyAmountPS

24-10-2024T22:06:02 - [TEST_STEP][PASSED] - resText = "Fail": null

24-10-2024T22:06:02 - [TEST_STEP][PASSED] - resColumn = "Result": null

24-10-2024T22:06:02 - [TEST_STEP][PASSED] - datCloumn = "Date": null

24-10-2024T22:06:02 - [TEST_STEP][PASSED] - fileLoc = "KatalonData/IWPTestData/VRelay25Payments.xlsx": null

24-10-2024T22:06:02 - [TEST_STEP][PASSED] - numOfRows = <not implemented yet for class: org.codehaus.groovy.ast.expr.EmptyExpression>: null

24-10-2024T22:06:02 - [TEST_STEP][PASSED] - dataFile = <not implemented yet for class: org.codehaus.groovy.ast.expr.EmptyExpression>: null

24-10-2024T22:06:02 - [TEST_STEP][PASSED] - nameSheet = <not implemented yet for class: org.codehaus.groovy.ast.expr.EmptyExpression>: null

24-10-2024T22:06:02 - [TEST_STEP][PASSED] - dataFileEmulator = <not implemented yet for class: org.codehaus.groovy.ast.expr.EmptyExpression>: null

24-10-2024T22:06:02 - [TEST_STEP][PASSED] - nameSheet = "NoModifyAmountPS": null

24-10-2024T22:06:02 - [TEST_STEP][PASSED] - dataFile = "IWPTestData/IWP25NoModifyAmountPS": null

24-10-2024T22:06:02 - [TEST_STEP][PASSED] - dataFileEmulator = "IWPTestData/EmulatorData": null

24-10-2024T22:06:02 - [TEST_STEP][PASSED] - numOfRows = findTestData(dataFile).getRowNumbers(): null

24-10-2024T22:06:02 - [TEST_STEP][PASSED] - println("Number of Records: " + numOfRows): null

24-10-2024T22:06:02 - [TEST_STEP][PASSED] - for ([row = 1, row <= numOfRows, (row++)]): Browser is closed

24-10-2024T22:06:02 - [TEST_STEP][PASSED] - ExecuteTC = findTestData(dataFile).getValue("Execute", row): null

24-10-2024T22:06:02 - [TEST_STEP][PASSED] - out.println("Value of Execute is : " + ExecuteTC): null

24-10-2024T22:06:02 - [TEST_STEP][PASSED] - if (ExecuteTC.equalsIgnoreCase("Y")): null

24-10-2024T22:06:02 - [TEST_STEP][PASSED] - out.println("Begin Record Number: " + row): null

24-10-2024T22:06:02 - [TEST_STEP][PASSED] - today = new java.util.Date(): null

24-10-2024T22:06:02 - [TEST_STEP][PASSED] - println(today): null

24-10-2024T22:06:02 - [TEST_STEP][PASSED] - datText = today: null

24-10-2024T22:06:02 - [TEST_STEP][PASSED] - EmulatorDataKey = findTestData(dataFile).getValue("EmulatorData", row): null

24-10-2024T22:06:03 - [TEST_STEP][PASSED] - out.println("Value of Emulator Key is : " + EmulatorDataKey): null

24-10-2024T22:06:03 - [TEST_STEP][PASSED] - iwpPages.emulatorIWP30.setDataEmulator_DD(EmulatorDataKey): iwpPages.emulatorIWP30.setDataEmulator_DD is PASSED

24-10-2024T22:06:03 - [MESSAGE][INFO] - Starting 'Edge Chromium' driver

24-10-2024T22:06:03 - [MESSAGE][INFO] - User set preference: ['acceptInsecureCerts', 'true']

24-10-2024T22:06:05 - [MESSAGE][INFO] - Action delay is set to 0 milliseconds

24-10-2024T22:06:09 - [MESSAGE][PASSED] - Browser is opened with url: 'https://qa2.velocitypayment.com/agencyx/config.action?action=editor&message_version=2_5'

24-10-2024T22:06:09 - [MESSAGE][PASSED] - Current window maximized

24-10-2024T22:06:40 - [MESSAGE][INFO] - Unable to find the element located by 'By.xpath: //select[@name='message_version']'. Please recheck the objects properties to make sure the desired element is located. 

24-10-2024T22:06:40 - [MESSAGE][WARNING] - [SELF-HEALING] Failed to find element with id 'Object Repository/IWP30/Page_VRelay30Emulator/MV'. Try using Self-healing.

24-10-2024T22:06:40 - [MESSAGE][WARNING] - [SELF-HEALING] The current locator of test object 'Object Repository/IWP30/Page_VRelay30Emulator/MV' was broken. Propose an alternative one: '(.//*[normalize-space(text()) and normalize-space(.)='Message Version'])[1]/following::select[1]'.

24-10-2024T22:06:41 - [MESSAGE][PASSED] - All options with value '2.5' are selected in object 'Object Repository/IWP30/Page_VRelay30Emulator/MV'  using regular expression

24-10-2024T22:06:41 - [MESSAGE][PASSED] - Text '10.50' is set on object 'Object Repository/IWP30/Page_EmulatorAgencyX/Amount'

24-10-2024T22:06:42 - [MESSAGE][PASSED] - Text 'uLY5TsNR1w9B' is set on object 'Object Repository/IWP30/Page_EmulatorAgencyX/CAN'

24-10-2024T22:06:43 - [MESSAGE][PASSED] - Text 'PayNow' is set on object 'Object Repository/IWP30/Page_EmulatorAgencyX/Action'

24-10-2024T22:06:43 - [MESSAGE][PASSED] - Text 'en_US' is set on object 'Object Repository/IWP30/Page_EmulatorAgencyX/Lang'

24-10-2024T22:06:44 - [MESSAGE][PASSED] - Text 'Jasmine' is set on object 'Object Repository/IWP30/Page_EmulatorAgencyX/Fname'

24-10-2024T22:06:44 - [MESSAGE][PASSED] - Text 'Patrinol' is set on object 'Object Repository/IWP30/Page_EmulatorAgencyX/Lname'

24-10-2024T22:06:45 - [MESSAGE][PASSED] - Text '258 Underwood rd' is set on object 'Object Repository/IWP30/Page_EmulatorAgencyX/AL1'

24-10-2024T22:06:46 - [MESSAGE][PASSED] - Text 'Suite 600' is set on object 'Object Repository/IWP30/Page_EmulatorAgencyX/AL2'

24-10-2024T22:06:46 - [MESSAGE][PASSED] - Text '840' is set on object 'Object Repository/IWP30/Page_EmulatorAgencyX/Country'

24-10-2024T22:06:47 - [MESSAGE][PASSED] - Text 'Arlington' is set on object 'Object Repository/IWP30/Page_EmulatorAgencyX/City'

24-10-2024T22:06:47 - [MESSAGE][PASSED] - Text 'VA' is set on object 'Object Repository/IWP30/Page_EmulatorAgencyX/State'

24-10-2024T22:06:48 - [MESSAGE][PASSED] - Text '22201' is set on object 'Object Repository/IWP30/Page_EmulatorAgencyX/ZIP'

24-10-2024T22:06:49 - [MESSAGE][PASSED] - Text '' is set on object 'Object Repository/IWP30/Page_EmulatorAgencyX/Order'

24-10-2024T22:06:49 - [MESSAGE][PASSED] - Text 'Some Company' is set on object 'Object Repository/IWP30/Page_EmulatorAgencyX/Company'

24-10-2024T22:06:50 - [MESSAGE][PASSED] - Text 'iahmed@govolution.com' is set on object 'Object Repository/IWP30/Page_EmulatorAgencyX/Email'

24-10-2024T22:06:50 - [MESSAGE][PASSED] - Text 'udf data 1' is set on object 'Object Repository/IWP30/Page_EmulatorAgencyX/UDF1'

24-10-2024T22:06:51 - [MESSAGE][PASSED] - Text 'udf data 2' is set on object 'Object Repository/IWP30/Page_EmulatorAgencyX/UDF2'

24-10-2024T22:06:52 - [MESSAGE][PASSED] - Text 'udf data 3' is set on object 'Object Repository/IWP30/Page_EmulatorAgencyX/UDF3'

24-10-2024T22:06:52 - [MESSAGE][PASSED] - Text 'udf data 4' is set on object 'Object Repository/IWP30/Page_EmulatorAgencyX/UDF4'

24-10-2024T22:06:53 - [MESSAGE][PASSED] - Text 'udf data 5' is set on object 'Object Repository/IWP30/Page_EmulatorAgencyX/UDF5'

24-10-2024T22:06:53 - [MESSAGE][PASSED] - Text 'udf data 6' is set on object 'Object Repository/IWP30/Page_EmulatorAgencyX/UDF6'

24-10-2024T22:06:54 - [MESSAGE][PASSED] - Text 'Orange' is set on object 'Object Repository/IWP30/Page_EmulatorAgencyX/UDF7'

24-10-2024T22:06:55 - [MESSAGE][PASSED] - Text 'Soccer' is set on object 'Object Repository/IWP30/Page_EmulatorAgencyX/UDF8'

24-10-2024T22:06:55 - [MESSAGE][PASSED] - Text 'udf data 9' is set on object 'Object Repository/IWP30/Page_EmulatorAgencyX/UDF9'

24-10-2024T22:06:56 - [MESSAGE][PASSED] - Text 'udf data 10' is set on object 'Object Repository/IWP30/Page_EmulatorAgencyX/UDF10'

24-10-2024T22:06:57 - [MESSAGE][PASSED] - Object: 'Object Repository/IWP30/Page_EmulatorAgencyX/Submit' is clicked on

24-10-2024T22:07:02 - [MESSAGE][PASSED] - Browser is closed

24-10-2024T22:07:06 - [MESSAGE][PASSED] - iwpPages.emulatorIWP30.setDataEmulator_DD is PASSED

24-10-2024T22:07:06 - [TEST_STEP][PASSED] - testHarnessURL = urlTestHarness: null

24-10-2024T22:07:06 - [TEST_STEP][PASSED] - openBrowser(testHarnessURL): Browser is opened with url: 'https://dev-algorithm.govolution.com/vrelaytest/QA2/version_2_2/vrelaytest.html'

24-10-2024T22:07:06 - [MESSAGE][INFO] - Starting 'Edge Chromium' driver

24-10-2024T22:07:06 - [MESSAGE][INFO] - User set preference: ['acceptInsecureCerts', 'true']

24-10-2024T22:07:08 - [MESSAGE][INFO] - Action delay is set to 0 milliseconds

24-10-2024T22:07:11 - [MESSAGE][PASSED] - Browser is opened with url: 'https://dev-algorithm.govolution.com/vrelaytest/QA2/version_2_2/vrelaytest.html'

24-10-2024T22:07:11 - [TEST_STEP][PASSED] - maximizeWindow(): Current window maximized

24-10-2024T22:07:11 - [MESSAGE][PASSED] - Current window maximized

24-10-2024T22:07:11 - [TEST_STEP][PASSED] - iwpPages.TestHarnessPage.setDataMethod(row, dataFile): iwpPages.TestHarnessPage.setDataMethod is PASSED

24-10-2024T22:07:12 - [MESSAGE][PASSED] - Object 'Object Repository/IWP30/Page_QATestHarness/RemittanceID' is present

24-10-2024T22:07:12 - [MESSAGE][PASSED] - Text '654' is set on object 'Object Repository/IWP30/Page_QATestHarness/ApplicationID'

24-10-2024T22:07:13 - [MESSAGE][PASSED] - Text '2.5' is set on object 'Object Repository/IWP30/Page_QATestHarness/MessageVersion'

24-10-2024T22:07:14 - [MESSAGE][PASSED] - Text 'tWLjRwvYePDV' is set on object 'Object Repository/IWP30/Page_QATestHarness/RemittanceID'

24-10-2024T22:07:17 - [MESSAGE][PASSED] - Object: 'Object Repository/IWP30/Page_QATestHarness/SubmitButton' is clicked on

24-10-2024T22:07:17 - [MESSAGE][PASSED] - iwpPages.TestHarnessPage.setDataMethod is PASSED

24-10-2024T22:07:17 - [TEST_STEP][PASSED] - click(findTestObject("Object Repository/IWP30/Page_SelectPaymentMethod/PayByPersonalCheck")): Object: 'Object Repository/IWP30/Page_SelectPaymentMethod/PayByPersonalCheck' is clicked on

24-10-2024T22:07:18 - [MESSAGE][PASSED] - Object: 'Object Repository/IWP30/Page_SelectPaymentMethod/PayByPersonalCheck' is clicked on

24-10-2024T22:07:18 - [TEST_STEP][PASSED] - click(findTestObject("Object Repository/IWP30/Page_SelectPaymentMethod/MakePaymentButton")): Object: 'Object Repository/IWP30/Page_SelectPaymentMethod/MakePaymentButton' is clicked on

24-10-2024T22:07:21 - [MESSAGE][PASSED] - Object: 'Object Repository/IWP30/Page_SelectPaymentMethod/MakePaymentButton' is clicked on

24-10-2024T22:07:21 - [TEST_STEP][PASSED] - if (verifyElementNotPresent(findTestObject("Object Repository/IWP30/Page_ACHPersonalPaymentEntry/txt_Amount"), 30) && verifyTextPresent("$ 10.50", false)): null

24-10-2024T22:07:21 - [MESSAGE][PASSED] - Web element with id: 'Object Repository/IWP30/Page_ACHPersonalPaymentEntry/txt_Amount' located by 'By.xpath: //*[@type = 'text' and @name = 'amount']' is not present after '30' second(s)

24-10-2024T22:07:22 - [MESSAGE][PASSED] - Text '$ 10.50' is present on page 

24-10-2024T22:07:22 - [TEST_STEP][PASSED] - iwpPages.achPersonalPaymentEntryPage.setDataACHPPM(row, dataFile): iwpPages.achPersonalPaymentEntryPage.setDataACHPPM is PASSED

24-10-2024T22:07:23 - [MESSAGE][PASSED] - Object 'Object Repository/IWP30/Page_ACHPersonalPaymentEntry/txt_accountNumber' is present

24-10-2024T22:07:23 - [MESSAGE][PASSED] - Object 'Object Repository/IWP30/Page_ACHPersonalPaymentEntry/txt_UDF2' is present

24-10-2024T22:07:23 - [MESSAGE][PASSED] - Object 'Object Repository/IWP30/Page_ACHPersonalPaymentEntry/txt_Firstname' is present

24-10-2024T22:07:24 - [MESSAGE][PASSED] - Text 'Elizath' is set on object 'Object Repository/IWP30/Page_ACHPersonalPaymentEntry/txt_Firstname'

24-10-2024T22:07:24 - [MESSAGE][PASSED] - Object 'Object Repository/IWP30/Page_ACHPersonalPaymentEntry/txt_Lastname' is present

24-10-2024T22:07:24 - [MESSAGE][PASSED] - Text 'Christine' is set on object 'Object Repository/IWP30/Page_ACHPersonalPaymentEntry/txt_Lastname'

24-10-2024T22:07:25 - [MESSAGE][PASSED] - Object 'Object Repository/IWP30/Page_ACHPersonalPaymentEntry/txt_routingNumber' is present

24-10-2024T22:07:25 - [MESSAGE][PASSED] - Text '256072691' is set on object 'Object Repository/IWP30/Page_ACHPersonalPaymentEntry/txt_routingNumber'

24-10-2024T22:07:26 - [MESSAGE][PASSED] - Object 'Object Repository/IWP30/Page_ACHPersonalPaymentEntry/txt_accountNumber' is present

24-10-2024T22:07:27 - [MESSAGE][PASSED] - Text '12344444' is set on object 'Object Repository/IWP30/Page_ACHPersonalPaymentEntry/txt_accountNumber'

24-10-2024T22:07:27 - [MESSAGE][PASSED] - Object 'Object Repository/IWP30/Page_ACHPersonalPaymentEntry/txt_confirmAccountNumber' is present

24-10-2024T22:07:28 - [MESSAGE][PASSED] - Text '12344444' is set on object 'Object Repository/IWP30/Page_ACHPersonalPaymentEntry/txt_confirmAccountNumber'

24-10-2024T22:07:28 - [MESSAGE][PASSED] - Object 'Object Repository/IWP30/Page_ACHPersonalPaymentEntry/rd_accountType' is present

24-10-2024T22:07:28 - [MESSAGE][PASSED] - Modify property of object successfully

24-10-2024T22:07:28 - [MESSAGE][PASSED] - Object: 'Object Repository/IWP30/Page_ACHPersonalPaymentEntry/rd_accountType' is clicked on

24-10-2024T22:07:29 - [MESSAGE][PASSED] - Object 'Object Repository/IWP30/Page_ACHPersonalPaymentEntry/txt_Email' is present

24-10-2024T22:07:29 - [MESSAGE][PASSED] - Object 'Object Repository/IWP30/Page_ACHPersonalPaymentEntry/cb_TermsAndCond' is present

24-10-2024T22:07:29 - [MESSAGE][PASSED] - Object: 'Object Repository/IWP30/Page_ACHPersonalPaymentEntry/cb_TermsAndCond' is clicked on

24-10-2024T22:07:29 - [MESSAGE][PASSED] - Object 'Object Repository/IWP30/Page_ACHPersonalPaymentEntry/btn_Continue' is present

24-10-2024T22:07:31 - [MESSAGE][PASSED] - Object: 'Object Repository/IWP30/Page_ACHPersonalPaymentEntry/btn_Continue' is clicked on

24-10-2024T22:07:31 - [MESSAGE][PASSED] - iwpPages.achPersonalPaymentEntryPage.setDataACHPPM is PASSED

24-10-2024T22:07:31 - [TEST_STEP][PASSED] - click(findTestObject("Object Repository/IWP30/Page_Confirmation/ConfirmButton")): Object: 'Object Repository/IWP30/Page_Confirmation/ConfirmButton' is clicked on

24-10-2024T22:07:32 - [MESSAGE][PASSED] - Object: 'Object Repository/IWP30/Page_Confirmation/ConfirmButton' is clicked on

24-10-2024T22:07:32 - [TEST_STEP][PASSED] - Thread.sleep(10000): null

24-10-2024T22:07:42 - [TEST_STEP][PASSED] - if (verifyTextPresent("Successful Payment Receipt", false)): null

24-10-2024T22:07:42 - [MESSAGE][PASSED] - Text 'Successful Payment Receipt' is present on page 

24-10-2024T22:07:42 - [TEST_STEP][PASSED] - println("Successful Payment Receipt text is present on the Receipt page"): null

24-10-2024T22:07:42 - [TEST_STEP][PASSED] - markPassed("Successful Payment Receipt text is present on the Receipt page"): Successful Payment Receipt text is present on the Receipt page

24-10-2024T22:07:42 - [MESSAGE][PASSED] - Successful Payment Receipt text is present on the Receipt page

24-10-2024T22:07:42 - [TEST_STEP][PASSED] - resText = "Pass": null

24-10-2024T22:07:42 - [TEST_STEP][PASSED] - pages.WriteExcel.demoKey(resText, datText, resColumn, datCloumn, fileLoc, nameSheet, row): pages.WriteExcel.demoKey is PASSED

24-10-2024T22:07:42 - [MESSAGE][PASSED] - pages.WriteExcel.demoKey is PASSED

24-10-2024T22:07:42 - [TEST_STEP][PASSED] - closeBrowser(): Browser is closed

24-10-2024T22:07:43 - [MESSAGE][PASSED] - Browser is closed

24-10-2024T22:07:43 - [TEST_STEP][PASSED] - ExecuteTC = findTestData(dataFile).getValue("Execute", row): null

24-10-2024T22:07:43 - [TEST_STEP][PASSED] - out.println("Value of Execute is : " + ExecuteTC): null

24-10-2024T22:07:43 - [TEST_STEP][PASSED] - if (ExecuteTC.equalsIgnoreCase("Y")): null

24-10-2024T22:07:43 - [TEST_STEP][PASSED] - out.println("Begin Record Number: " + row): null

24-10-2024T22:07:43 - [TEST_STEP][PASSED] - today = new java.util.Date(): null

24-10-2024T22:07:43 - [TEST_STEP][PASSED] - println(today): null

24-10-2024T22:07:43 - [TEST_STEP][PASSED] - datText = today: null

24-10-2024T22:07:43 - [TEST_STEP][PASSED] - EmulatorDataKey = findTestData(dataFile).getValue("EmulatorData", row): null

24-10-2024T22:07:43 - [TEST_STEP][PASSED] - out.println("Value of Emulator Key is : " + EmulatorDataKey): null

24-10-2024T22:07:43 - [TEST_STEP][PASSED] - iwpPages.emulatorIWP30.setDataEmulator_DD(EmulatorDataKey): iwpPages.emulatorIWP30.setDataEmulator_DD is PASSED

24-10-2024T22:07:44 - [MESSAGE][INFO] - Starting 'Edge Chromium' driver

24-10-2024T22:07:44 - [MESSAGE][INFO] - User set preference: ['acceptInsecureCerts', 'true']

24-10-2024T22:07:46 - [MESSAGE][INFO] - Action delay is set to 0 milliseconds

24-10-2024T22:07:49 - [MESSAGE][PASSED] - Browser is opened with url: 'https://qa2.velocitypayment.com/agencyx/config.action?action=editor&message_version=3_0'

24-10-2024T22:07:49 - [MESSAGE][PASSED] - Current window maximized

24-10-2024T22:08:21 - [MESSAGE][INFO] - Unable to find the element located by 'By.xpath: //select[@name='message_version']'. Please recheck the objects properties to make sure the desired element is located. 

24-10-2024T22:08:21 - [MESSAGE][WARNING] - [SELF-HEALING] Failed to find element with id 'Object Repository/IWP30/Page_VRelay30Emulator/MV'. Try using Self-healing.

24-10-2024T22:08:21 - [MESSAGE][WARNING] - [SELF-HEALING] The current locator of test object 'Object Repository/IWP30/Page_VRelay30Emulator/MV' was broken. Propose an alternative one: '(.//*[normalize-space(text()) and normalize-space(.)='Message Version'])[1]/following::select[1]'.

24-10-2024T22:08:21 - [MESSAGE][PASSED] - All options with value '3.0' are selected in object 'Object Repository/IWP30/Page_VRelay30Emulator/MV'  using regular expression

24-10-2024T22:08:22 - [MESSAGE][PASSED] - Text '10.50' is set on object 'Object Repository/IWP30/Page_EmulatorAgencyX/Amount'

24-10-2024T22:08:23 - [MESSAGE][PASSED] - Text 'it5ucSwccHG2' is set on object 'Object Repository/IWP30/Page_EmulatorAgencyX/CAN'

24-10-2024T22:08:23 - [MESSAGE][PASSED] - Text 'PayNow' is set on object 'Object Repository/IWP30/Page_EmulatorAgencyX/Action'

24-10-2024T22:08:24 - [MESSAGE][PASSED] - Text 'en_US' is set on object 'Object Repository/IWP30/Page_EmulatorAgencyX/Lang'

24-10-2024T22:08:25 - [MESSAGE][PASSED] - Text 'Jasmine' is set on object 'Object Repository/IWP30/Page_EmulatorAgencyX/Fname'

24-10-2024T22:08:25 - [MESSAGE][PASSED] - Text 'Patrinol' is set on object 'Object Repository/IWP30/Page_EmulatorAgencyX/Lname'

24-10-2024T22:08:26 - [MESSAGE][PASSED] - Text '258 Underwood rd' is set on object 'Object Repository/IWP30/Page_EmulatorAgencyX/AL1'

24-10-2024T22:08:26 - [MESSAGE][PASSED] - Text 'Suite 600' is set on object 'Object Repository/IWP30/Page_EmulatorAgencyX/AL2'

24-10-2024T22:08:27 - [MESSAGE][PASSED] - Text '840' is set on object 'Object Repository/IWP30/Page_EmulatorAgencyX/Country'

24-10-2024T22:08:28 - [MESSAGE][PASSED] - Text 'Arlington' is set on object 'Object Repository/IWP30/Page_EmulatorAgencyX/City'

24-10-2024T22:08:28 - [MESSAGE][PASSED] - Text 'VA' is set on object 'Object Repository/IWP30/Page_EmulatorAgencyX/State'

24-10-2024T22:08:29 - [MESSAGE][PASSED] - Text '22201' is set on object 'Object Repository/IWP30/Page_EmulatorAgencyX/ZIP'

24-10-2024T22:08:29 - [MESSAGE][PASSED] - Text '' is set on object 'Object Repository/IWP30/Page_EmulatorAgencyX/Order'

24-10-2024T22:08:30 - [MESSAGE][PASSED] - Text 'Some Company' is set on object 'Object Repository/IWP30/Page_EmulatorAgencyX/Company'

24-10-2024T22:08:31 - [MESSAGE][PASSED] - Text 'iahmed@govolution.com' is set on object 'Object Repository/IWP30/Page_EmulatorAgencyX/Email'

24-10-2024T22:08:31 - [MESSAGE][PASSED] - Text 'udf data 1' is set on object 'Object Repository/IWP30/Page_EmulatorAgencyX/UDF1'

24-10-2024T22:08:32 - [MESSAGE][PASSED] - Text 'udf data 2' is set on object 'Object Repository/IWP30/Page_EmulatorAgencyX/UDF2'

24-10-2024T22:08:32 - [MESSAGE][PASSED] - Text 'udf data 3' is set on object 'Object Repository/IWP30/Page_EmulatorAgencyX/UDF3'

24-10-2024T22:08:33 - [MESSAGE][PASSED] - Text 'udf data 4' is set on object 'Object Repository/IWP30/Page_EmulatorAgencyX/UDF4'

24-10-2024T22:08:34 - [MESSAGE][PASSED] - Text 'udf data 5' is set on object 'Object Repository/IWP30/Page_EmulatorAgencyX/UDF5'

24-10-2024T22:08:34 - [MESSAGE][PASSED] - Text 'udf data 6' is set on object 'Object Repository/IWP30/Page_EmulatorAgencyX/UDF6'

24-10-2024T22:08:35 - [MESSAGE][PASSED] - Text 'Orange' is set on object 'Object Repository/IWP30/Page_EmulatorAgencyX/UDF7'

24-10-2024T22:08:35 - [MESSAGE][PASSED] - Text 'Soccer' is set on object 'Object Repository/IWP30/Page_EmulatorAgencyX/UDF8'

24-10-2024T22:08:36 - [MESSAGE][PASSED] - Text 'udf data 9' is set on object 'Object Repository/IWP30/Page_EmulatorAgencyX/UDF9'

24-10-2024T22:08:37 - [MESSAGE][PASSED] - Text 'udf data 10' is set on object 'Object Repository/IWP30/Page_EmulatorAgencyX/UDF10'

24-10-2024T22:08:38 - [MESSAGE][PASSED] - Object: 'Object Repository/IWP30/Page_EmulatorAgencyX/Submit' is clicked on

24-10-2024T22:08:42 - [MESSAGE][PASSED] - Browser is closed

24-10-2024T22:08:47 - [MESSAGE][PASSED] - iwpPages.emulatorIWP30.setDataEmulator_DD is PASSED

24-10-2024T22:08:47 - [TEST_STEP][PASSED] - testHarnessURL = urlTestHarness: null

24-10-2024T22:08:47 - [TEST_STEP][PASSED] - openBrowser(testHarnessURL): Browser is opened with url: 'https://dev-algorithm.govolution.com/vrelaytest/QA2/version_2_2/vrelaytest.html'

24-10-2024T22:08:47 - [MESSAGE][INFO] - Starting 'Edge Chromium' driver

24-10-2024T22:08:47 - [MESSAGE][INFO] - User set preference: ['acceptInsecureCerts', 'true']

24-10-2024T22:08:49 - [MESSAGE][INFO] - Action delay is set to 0 milliseconds

24-10-2024T22:08:52 - [MESSAGE][PASSED] - Browser is opened with url: 'https://dev-algorithm.govolution.com/vrelaytest/QA2/version_2_2/vrelaytest.html'

24-10-2024T22:08:52 - [TEST_STEP][PASSED] - maximizeWindow(): Current window maximized

24-10-2024T22:08:52 - [MESSAGE][PASSED] - Current window maximized

24-10-2024T22:08:52 - [TEST_STEP][PASSED] - iwpPages.TestHarnessPage.setDataMethod(row, dataFile): iwpPages.TestHarnessPage.setDataMethod is PASSED

24-10-2024T22:08:53 - [MESSAGE][PASSED] - Object 'Object Repository/IWP30/Page_QATestHarness/RemittanceID' is present

24-10-2024T22:08:53 - [MESSAGE][PASSED] - Text '824' is set on object 'Object Repository/IWP30/Page_QATestHarness/ApplicationID'

24-10-2024T22:08:54 - [MESSAGE][PASSED] - Text '3.0' is set on object 'Object Repository/IWP30/Page_QATestHarness/MessageVersion'

24-10-2024T22:08:55 - [MESSAGE][PASSED] - Text '1jqxhdaWk0cV' is set on object 'Object Repository/IWP30/Page_QATestHarness/RemittanceID'

24-10-2024T22:08:57 - [MESSAGE][PASSED] - Object: 'Object Repository/IWP30/Page_QATestHarness/SubmitButton' is clicked on

24-10-2024T22:08:57 - [MESSAGE][PASSED] - iwpPages.TestHarnessPage.setDataMethod is PASSED

24-10-2024T22:08:57 - [TEST_STEP][PASSED] - click(findTestObject("Object Repository/IWP30/Page_SelectPaymentMethod/PayByPersonalCheck")): Object: 'Object Repository/IWP30/Page_SelectPaymentMethod/PayByPersonalCheck' is clicked on

24-10-2024T22:08:57 - [MESSAGE][PASSED] - Object: 'Object Repository/IWP30/Page_SelectPaymentMethod/PayByPersonalCheck' is clicked on

24-10-2024T22:08:57 - [TEST_STEP][PASSED] - click(findTestObject("Object Repository/IWP30/Page_SelectPaymentMethod/MakePaymentButton")): Object: 'Object Repository/IWP30/Page_SelectPaymentMethod/MakePaymentButton' is clicked on

24-10-2024T22:09:00 - [MESSAGE][PASSED] - Object: 'Object Repository/IWP30/Page_SelectPaymentMethod/MakePaymentButton' is clicked on

24-10-2024T22:09:00 - [TEST_STEP][PASSED] - if (verifyElementNotPresent(findTestObject("Object Repository/IWP30/Page_ACHPersonalPaymentEntry/txt_Amount"), 30) && verifyTextPresent("$ 10.50", false)): null

24-10-2024T22:09:00 - [MESSAGE][PASSED] - Web element with id: 'Object Repository/IWP30/Page_ACHPersonalPaymentEntry/txt_Amount' located by 'By.xpath: //*[@type = 'text' and @name = 'amount']' is not present after '30' second(s)

24-10-2024T22:09:00 - [MESSAGE][PASSED] - Text '$ 10.50' is present on page 

24-10-2024T22:09:00 - [TEST_STEP][PASSED] - iwpPages.achPersonalPaymentEntryPage.setDataACHPPM(row, dataFile): iwpPages.achPersonalPaymentEntryPage.setDataACHPPM is PASSED

24-10-2024T22:09:01 - [MESSAGE][PASSED] - Object 'Object Repository/IWP30/Page_ACHPersonalPaymentEntry/txt_accountNumber' is present

24-10-2024T22:09:02 - [MESSAGE][PASSED] - Object 'Object Repository/IWP30/Page_ACHPersonalPaymentEntry/txt_UDF2' is present

24-10-2024T22:09:02 - [MESSAGE][PASSED] - Object 'Object Repository/IWP30/Page_ACHPersonalPaymentEntry/txt_Firstname' is present

24-10-2024T22:09:03 - [MESSAGE][PASSED] - Text 'Elizath' is set on object 'Object Repository/IWP30/Page_ACHPersonalPaymentEntry/txt_Firstname'

24-10-2024T22:09:03 - [MESSAGE][PASSED] - Object 'Object Repository/IWP30/Page_ACHPersonalPaymentEntry/txt_Lastname' is present

24-10-2024T22:09:03 - [MESSAGE][PASSED] - Text 'Christine' is set on object 'Object Repository/IWP30/Page_ACHPersonalPaymentEntry/txt_Lastname'

24-10-2024T22:09:04 - [MESSAGE][PASSED] - Object 'Object Repository/IWP30/Page_ACHPersonalPaymentEntry/txt_routingNumber' is present

24-10-2024T22:09:04 - [MESSAGE][PASSED] - Text '256072691' is set on object 'Object Repository/IWP30/Page_ACHPersonalPaymentEntry/txt_routingNumber'

24-10-2024T22:09:04 - [MESSAGE][PASSED] - Object 'Object Repository/IWP30/Page_ACHPersonalPaymentEntry/txt_accountNumber' is present

24-10-2024T22:09:05 - [MESSAGE][PASSED] - Text '12344444' is set on object 'Object Repository/IWP30/Page_ACHPersonalPaymentEntry/txt_accountNumber'

24-10-2024T22:09:06 - [MESSAGE][PASSED] - Object 'Object Repository/IWP30/Page_ACHPersonalPaymentEntry/txt_confirmAccountNumber' is present

24-10-2024T22:09:06 - [MESSAGE][PASSED] - Text '12344444' is set on object 'Object Repository/IWP30/Page_ACHPersonalPaymentEntry/txt_confirmAccountNumber'

24-10-2024T22:09:07 - [MESSAGE][PASSED] - Object 'Object Repository/IWP30/Page_ACHPersonalPaymentEntry/rd_accountType' is present

24-10-2024T22:09:07 - [MESSAGE][PASSED] - Modify property of object successfully

24-10-2024T22:09:07 - [MESSAGE][PASSED] - Object: 'Object Repository/IWP30/Page_ACHPersonalPaymentEntry/rd_accountType' is clicked on

24-10-2024T22:09:07 - [MESSAGE][PASSED] - Object 'Object Repository/IWP30/Page_ACHPersonalPaymentEntry/txt_Email' is present

24-10-2024T22:09:07 - [MESSAGE][PASSED] - Object 'Object Repository/IWP30/Page_ACHPersonalPaymentEntry/cb_TermsAndCond' is present

24-10-2024T22:09:08 - [MESSAGE][PASSED] - Object: 'Object Repository/IWP30/Page_ACHPersonalPaymentEntry/cb_TermsAndCond' is clicked on

24-10-2024T22:09:08 - [MESSAGE][PASSED] - Object 'Object Repository/IWP30/Page_ACHPersonalPaymentEntry/btn_Continue' is present

24-10-2024T22:09:09 - [MESSAGE][PASSED] - Object: 'Object Repository/IWP30/Page_ACHPersonalPaymentEntry/btn_Continue' is clicked on

24-10-2024T22:09:09 - [MESSAGE][PASSED] - iwpPages.achPersonalPaymentEntryPage.setDataACHPPM is PASSED

24-10-2024T22:09:09 - [TEST_STEP][PASSED] - click(findTestObject("Object Repository/IWP30/Page_Confirmation/ConfirmButton")): Object: 'Object Repository/IWP30/Page_Confirmation/ConfirmButton' is clicked on

24-10-2024T22:09:40 - [MESSAGE][INFO] - Unable to find the element located by 'By.xpath: //*[@type = 'submit' and @name = 'confirmNotifyAction' and @id = 'submitYes' and @value = 'Confirm']'. Please recheck the objects properties to make sure the desired element is located. 

24-10-2024T22:09:40 - [MESSAGE][WARNING] - [SELF-HEALING] Failed to find element with id 'Object Repository/IWP30/Page_Confirmation/ConfirmButton'. Try using Self-healing.

24-10-2024T22:09:41 - [MESSAGE][WARNING] - [SELF-HEALING] The current locator of test object 'Object Repository/IWP30/Page_Confirmation/ConfirmButton' was broken. Propose an alternative one: '//div/input'.

24-10-2024T22:09:43 - [MESSAGE][PASSED] - Object: 'Object Repository/IWP30/Page_Confirmation/ConfirmButton' is clicked on

24-10-2024T22:09:43 - [TEST_STEP][PASSED] - Thread.sleep(10000): null

24-10-2024T22:09:53 - [TEST_STEP][PASSED] - if (verifyTextPresent("Successful Payment Receipt", false)): null

24-10-2024T22:09:53 - [MESSAGE][PASSED] - Text 'Successful Payment Receipt' is present on page 

24-10-2024T22:09:53 - [TEST_STEP][PASSED] - println("Successful Payment Receipt text is present on the Receipt page"): null

24-10-2024T22:09:53 - [TEST_STEP][PASSED] - markPassed("Successful Payment Receipt text is present on the Receipt page"): Successful Payment Receipt text is present on the Receipt page

24-10-2024T22:09:53 - [MESSAGE][PASSED] - Successful Payment Receipt text is present on the Receipt page

24-10-2024T22:09:53 - [TEST_STEP][PASSED] - resText = "Pass": null

24-10-2024T22:09:53 - [TEST_STEP][PASSED] - pages.WriteExcel.demoKey(resText, datText, resColumn, datCloumn, fileLoc, nameSheet, row): pages.WriteExcel.demoKey is PASSED

24-10-2024T22:09:54 - [MESSAGE][PASSED] - pages.WriteExcel.demoKey is PASSED

24-10-2024T22:09:54 - [TEST_STEP][PASSED] - closeBrowser(): Browser is closed

24-10-2024T22:09:54 - [MESSAGE][PASSED] - Browser is closed]]></system-out>
         <system-err><![CDATA[]]></system-err>
      </testcase>
      <testcase name="Test Cases/IntegratedWeb/IWP25/Payments/OverAndUnderPayCorp" time="464.719" classname="Test Cases/IntegratedWeb/IWP25/Payments/OverAndUnderPayCorp" status="PASSED">
         <system-out><![CDATA[24-10-2024T22:09:54 - [TEST_CASE][PASSED] - Test Cases/IntegratedWeb/IWP25/Payments/OverAndUnderPayCorp: Test Cases/IntegratedWeb/IWP25/Payments/OverAndUnderPayCorp

24-10-2024T22:09:55 - [TEST_STEP][PASSED] - resText = "Fail": null

24-10-2024T22:09:55 - [TEST_STEP][PASSED] - resColumn = "Result": null

24-10-2024T22:09:55 - [TEST_STEP][PASSED] - datCloumn = "Date": null

24-10-2024T22:09:55 - [TEST_STEP][PASSED] - fileLoc = "KatalonData/IWPTestData/VRelay25Payments.xlsx": null

24-10-2024T22:09:55 - [TEST_STEP][PASSED] - numOfRows = <not implemented yet for class: org.codehaus.groovy.ast.expr.EmptyExpression>: null

24-10-2024T22:09:55 - [TEST_STEP][PASSED] - dataFile = <not implemented yet for class: org.codehaus.groovy.ast.expr.EmptyExpression>: null

24-10-2024T22:09:55 - [TEST_STEP][PASSED] - nameSheet = <not implemented yet for class: org.codehaus.groovy.ast.expr.EmptyExpression>: null

24-10-2024T22:09:55 - [TEST_STEP][PASSED] - dataFileEmulator = <not implemented yet for class: org.codehaus.groovy.ast.expr.EmptyExpression>: null

24-10-2024T22:09:55 - [TEST_STEP][PASSED] - isRequiredTextPresent = false: null

24-10-2024T22:09:55 - [TEST_STEP][PASSED] - nameSheet = "OverAndUnderPayCorp": null

24-10-2024T22:09:55 - [TEST_STEP][PASSED] - dataFile = "IWPTestData/IWP25OverAndUnderPayCorp": null

24-10-2024T22:09:55 - [TEST_STEP][PASSED] - dataFileEmulator = "IWPTestData/EmulatorData": null

24-10-2024T22:09:55 - [TEST_STEP][PASSED] - numOfRows = findTestData(dataFile).getRowNumbers(): null

24-10-2024T22:09:55 - [TEST_STEP][PASSED] - println("Number of Records: " + numOfRows): null

24-10-2024T22:09:55 - [TEST_STEP][PASSED] - for ([row = 1, row <= numOfRows, (row++)]): Browser is closed

24-10-2024T22:09:55 - [TEST_STEP][PASSED] - ExecuteTC = findTestData(dataFile).getValue("Execute", row): null

24-10-2024T22:09:55 - [TEST_STEP][PASSED] - out.println("Value of Execute is : " + ExecuteTC): null

24-10-2024T22:09:55 - [TEST_STEP][PASSED] - if (ExecuteTC.equalsIgnoreCase("Y")): null

24-10-2024T22:09:55 - [TEST_STEP][PASSED] - out.println("Begin Record Number: " + row): null

24-10-2024T22:09:55 - [TEST_STEP][PASSED] - today = new java.util.Date(): null

24-10-2024T22:09:55 - [TEST_STEP][PASSED] - println(today): null

24-10-2024T22:09:55 - [TEST_STEP][PASSED] - datText = today: null

24-10-2024T22:09:55 - [TEST_STEP][PASSED] - EmulatorDataKey = findTestData(dataFile).getValue("EmulatorData", row): null

24-10-2024T22:09:55 - [TEST_STEP][PASSED] - out.println("Value of Emulator Key is : " + EmulatorDataKey): null

24-10-2024T22:09:55 - [TEST_STEP][PASSED] - iwpPages.emulatorIWP30.setDataEmulator_DD(EmulatorDataKey): iwpPages.emulatorIWP30.setDataEmulator_DD is PASSED

24-10-2024T22:09:55 - [MESSAGE][INFO] - Starting 'Edge Chromium' driver

24-10-2024T22:09:55 - [MESSAGE][INFO] - User set preference: ['acceptInsecureCerts', 'true']

24-10-2024T22:09:57 - [MESSAGE][INFO] - Action delay is set to 0 milliseconds

24-10-2024T22:10:01 - [MESSAGE][PASSED] - Browser is opened with url: 'https://qa2.velocitypayment.com/agencyx/config.action?action=editor&message_version=2_5'

24-10-2024T22:10:01 - [MESSAGE][PASSED] - Current window maximized

24-10-2024T22:10:32 - [MESSAGE][INFO] - Unable to find the element located by 'By.xpath: //select[@name='message_version']'. Please recheck the objects properties to make sure the desired element is located. 

24-10-2024T22:10:32 - [MESSAGE][WARNING] - [SELF-HEALING] Failed to find element with id 'Object Repository/IWP30/Page_VRelay30Emulator/MV'. Try using Self-healing.

24-10-2024T22:10:32 - [MESSAGE][WARNING] - [SELF-HEALING] The current locator of test object 'Object Repository/IWP30/Page_VRelay30Emulator/MV' was broken. Propose an alternative one: '(.//*[normalize-space(text()) and normalize-space(.)='Message Version'])[1]/following::select[1]'.

24-10-2024T22:10:33 - [MESSAGE][PASSED] - All options with value '2.5' are selected in object 'Object Repository/IWP30/Page_VRelay30Emulator/MV'  using regular expression

24-10-2024T22:10:33 - [MESSAGE][PASSED] - Text '10.50' is set on object 'Object Repository/IWP30/Page_EmulatorAgencyX/Amount'

24-10-2024T22:10:34 - [MESSAGE][PASSED] - Text 'rtAiTuj3xJdg' is set on object 'Object Repository/IWP30/Page_EmulatorAgencyX/CAN'

24-10-2024T22:10:35 - [MESSAGE][PASSED] - Text 'PayNow' is set on object 'Object Repository/IWP30/Page_EmulatorAgencyX/Action'

24-10-2024T22:10:35 - [MESSAGE][PASSED] - Text 'en_US' is set on object 'Object Repository/IWP30/Page_EmulatorAgencyX/Lang'

24-10-2024T22:10:36 - [MESSAGE][PASSED] - Text 'Jasmine' is set on object 'Object Repository/IWP30/Page_EmulatorAgencyX/Fname'

24-10-2024T22:10:36 - [MESSAGE][PASSED] - Text 'Patrinol' is set on object 'Object Repository/IWP30/Page_EmulatorAgencyX/Lname'

24-10-2024T22:10:37 - [MESSAGE][PASSED] - Text '258 Underwood rd' is set on object 'Object Repository/IWP30/Page_EmulatorAgencyX/AL1'

24-10-2024T22:10:38 - [MESSAGE][PASSED] - Text 'Suite 600' is set on object 'Object Repository/IWP30/Page_EmulatorAgencyX/AL2'

24-10-2024T22:10:38 - [MESSAGE][PASSED] - Text '840' is set on object 'Object Repository/IWP30/Page_EmulatorAgencyX/Country'

24-10-2024T22:10:39 - [MESSAGE][PASSED] - Text 'Arlington' is set on object 'Object Repository/IWP30/Page_EmulatorAgencyX/City'

24-10-2024T22:10:40 - [MESSAGE][PASSED] - Text 'VA' is set on object 'Object Repository/IWP30/Page_EmulatorAgencyX/State'

24-10-2024T22:10:40 - [MESSAGE][PASSED] - Text '22201' is set on object 'Object Repository/IWP30/Page_EmulatorAgencyX/ZIP'

24-10-2024T22:10:41 - [MESSAGE][PASSED] - Text '' is set on object 'Object Repository/IWP30/Page_EmulatorAgencyX/Order'

24-10-2024T22:10:41 - [MESSAGE][PASSED] - Text 'Some Company' is set on object 'Object Repository/IWP30/Page_EmulatorAgencyX/Company'

24-10-2024T22:10:42 - [MESSAGE][PASSED] - Text 'iahmed@govolution.com' is set on object 'Object Repository/IWP30/Page_EmulatorAgencyX/Email'

24-10-2024T22:10:42 - [MESSAGE][PASSED] - Text 'udf data 1' is set on object 'Object Repository/IWP30/Page_EmulatorAgencyX/UDF1'

24-10-2024T22:10:43 - [MESSAGE][PASSED] - Text 'udf data 2' is set on object 'Object Repository/IWP30/Page_EmulatorAgencyX/UDF2'

24-10-2024T22:10:44 - [MESSAGE][PASSED] - Text 'udf data 3' is set on object 'Object Repository/IWP30/Page_EmulatorAgencyX/UDF3'

24-10-2024T22:10:44 - [MESSAGE][PASSED] - Text 'udf data 4' is set on object 'Object Repository/IWP30/Page_EmulatorAgencyX/UDF4'

24-10-2024T22:10:45 - [MESSAGE][PASSED] - Text 'udf data 5' is set on object 'Object Repository/IWP30/Page_EmulatorAgencyX/UDF5'

24-10-2024T22:10:45 - [MESSAGE][PASSED] - Text 'udf data 6' is set on object 'Object Repository/IWP30/Page_EmulatorAgencyX/UDF6'

24-10-2024T22:10:46 - [MESSAGE][PASSED] - Text 'Orange' is set on object 'Object Repository/IWP30/Page_EmulatorAgencyX/UDF7'

24-10-2024T22:10:47 - [MESSAGE][PASSED] - Text 'Soccer' is set on object 'Object Repository/IWP30/Page_EmulatorAgencyX/UDF8'

24-10-2024T22:10:47 - [MESSAGE][PASSED] - Text 'udf data 9' is set on object 'Object Repository/IWP30/Page_EmulatorAgencyX/UDF9'

24-10-2024T22:10:48 - [MESSAGE][PASSED] - Text 'udf data 10' is set on object 'Object Repository/IWP30/Page_EmulatorAgencyX/UDF10'

24-10-2024T22:10:49 - [MESSAGE][PASSED] - Object: 'Object Repository/IWP30/Page_EmulatorAgencyX/Submit' is clicked on

24-10-2024T22:10:54 - [MESSAGE][PASSED] - Browser is closed

24-10-2024T22:10:58 - [MESSAGE][PASSED] - iwpPages.emulatorIWP30.setDataEmulator_DD is PASSED

24-10-2024T22:10:58 - [TEST_STEP][PASSED] - testHarnessURL = urlTestHarness: null

24-10-2024T22:10:58 - [TEST_STEP][PASSED] - openBrowser(testHarnessURL): Browser is opened with url: 'https://dev-algorithm.govolution.com/vrelaytest/QA2/version_2_2/vrelaytest.html'

24-10-2024T22:10:58 - [MESSAGE][INFO] - Starting 'Edge Chromium' driver

24-10-2024T22:10:58 - [MESSAGE][INFO] - User set preference: ['acceptInsecureCerts', 'true']

24-10-2024T22:11:00 - [MESSAGE][INFO] - Action delay is set to 0 milliseconds

24-10-2024T22:11:03 - [MESSAGE][PASSED] - Browser is opened with url: 'https://dev-algorithm.govolution.com/vrelaytest/QA2/version_2_2/vrelaytest.html'

24-10-2024T22:11:03 - [TEST_STEP][PASSED] - maximizeWindow(): Current window maximized

24-10-2024T22:11:03 - [MESSAGE][PASSED] - Current window maximized

24-10-2024T22:11:03 - [TEST_STEP][PASSED] - iwpPages.TestHarnessPage.setDataMethod(row, dataFile): iwpPages.TestHarnessPage.setDataMethod is PASSED

24-10-2024T22:11:04 - [MESSAGE][PASSED] - Object 'Object Repository/IWP30/Page_QATestHarness/RemittanceID' is present

24-10-2024T22:11:04 - [MESSAGE][PASSED] - Text '638' is set on object 'Object Repository/IWP30/Page_QATestHarness/ApplicationID'

24-10-2024T22:11:05 - [MESSAGE][PASSED] - Text '2.5' is set on object 'Object Repository/IWP30/Page_QATestHarness/MessageVersion'

24-10-2024T22:11:06 - [MESSAGE][PASSED] - Text 'NzhZGX80kvaI' is set on object 'Object Repository/IWP30/Page_QATestHarness/RemittanceID'

24-10-2024T22:11:10 - [MESSAGE][PASSED] - Object: 'Object Repository/IWP30/Page_QATestHarness/SubmitButton' is clicked on

24-10-2024T22:11:10 - [MESSAGE][PASSED] - iwpPages.TestHarnessPage.setDataMethod is PASSED

24-10-2024T22:11:10 - [TEST_STEP][PASSED] - click(findTestObject("Object Repository/IWP30/Page_SelectPaymentMethod/PayByCorporateCheck")): Object: 'Object Repository/IWP30/Page_SelectPaymentMethod/PayByCorporateCheck' is clicked on

24-10-2024T22:11:10 - [MESSAGE][PASSED] - Object: 'Object Repository/IWP30/Page_SelectPaymentMethod/PayByCorporateCheck' is clicked on

24-10-2024T22:11:10 - [TEST_STEP][PASSED] - click(findTestObject("Object Repository/IWP30/Page_SelectPaymentMethod/MakePaymentButton")): Object: 'Object Repository/IWP30/Page_SelectPaymentMethod/MakePaymentButton' is clicked on

24-10-2024T22:11:13 - [MESSAGE][PASSED] - Object: 'Object Repository/IWP30/Page_SelectPaymentMethod/MakePaymentButton' is clicked on

24-10-2024T22:11:13 - [TEST_STEP][PASSED] - iwpPages.achCorporatePaymentEntryPage.setDataCorporate(row, dataFile): iwpPages.achCorporatePaymentEntryPage.setDataCorporate is PASSED

24-10-2024T22:11:14 - [MESSAGE][PASSED] - Object 'Object Repository/IWP30/Page_ACHCorporatePaymentEntry/txt_accountNumber' is present

24-10-2024T22:11:15 - [MESSAGE][PASSED] - Object 'Object Repository/IWP30/Page_ACHCorporatePaymentEntry/input_CompanyName' is present

24-10-2024T22:11:15 - [MESSAGE][PASSED] - Text 'My Company' is set on object 'Object Repository/IWP30/Page_ACHCorporatePaymentEntry/input_CompanyName'

24-10-2024T22:11:16 - [MESSAGE][PASSED] - Object 'Object Repository/IWP30/Page_ACHCorporatePaymentEntry/input_EIN' is present

24-10-2024T22:11:16 - [MESSAGE][PASSED] - Text '123456789' is set on object 'Object Repository/IWP30/Page_ACHCorporatePaymentEntry/input_EIN'

24-10-2024T22:11:17 - [MESSAGE][PASSED] - Text '11.50' is set on object 'Object Repository/IWP30/Page_ACHCorporatePaymentEntry/txt_Amount'

24-10-2024T22:11:17 - [MESSAGE][PASSED] - All options with label 'Soccer' are selected in object 'Object Repository/IWP30/Page_ACHCorporatePaymentEntry/dd_UDF8' 

24-10-2024T22:11:18 - [MESSAGE][PASSED] - Object 'Object Repository/IWP30/Page_ACHCorporatePaymentEntry/txt_routingNumber' is present

24-10-2024T22:11:18 - [MESSAGE][PASSED] - Text '256072691' is set on object 'Object Repository/IWP30/Page_ACHCorporatePaymentEntry/txt_routingNumber'

24-10-2024T22:11:19 - [MESSAGE][PASSED] - Object 'Object Repository/IWP30/Page_ACHCorporatePaymentEntry/txt_accountNumber' is present

24-10-2024T22:11:19 - [MESSAGE][PASSED] - Text '12344444' is set on object 'Object Repository/IWP30/Page_ACHCorporatePaymentEntry/txt_accountNumber'

24-10-2024T22:11:20 - [MESSAGE][PASSED] - Object 'Object Repository/IWP30/Page_ACHCorporatePaymentEntry/txt_confirmAccountNumber' is present

24-10-2024T22:11:20 - [MESSAGE][PASSED] - Text '12344444' is set on object 'Object Repository/IWP30/Page_ACHCorporatePaymentEntry/txt_confirmAccountNumber'

24-10-2024T22:11:21 - [MESSAGE][PASSED] - Object 'Object Repository/IWP30/Page_ACHCorporatePaymentEntry/txt_Email' is present

24-10-2024T22:11:21 - [MESSAGE][PASSED] - Object 'Object Repository/IWP30/Page_ACHCorporatePaymentEntry/cb_TermsAndCond' is present

24-10-2024T22:11:21 - [MESSAGE][PASSED] - Object: 'Object Repository/IWP30/Page_ACHCorporatePaymentEntry/cb_TermsAndCond' is clicked on

24-10-2024T22:11:21 - [MESSAGE][PASSED] - Object 'Object Repository/IWP30/Page_ACHCorporatePaymentEntry/btn_Continue' is present

24-10-2024T22:11:23 - [MESSAGE][PASSED] - Object: 'Object Repository/IWP30/Page_ACHCorporatePaymentEntry/btn_Continue' is clicked on

24-10-2024T22:11:23 - [MESSAGE][PASSED] - iwpPages.achCorporatePaymentEntryPage.setDataCorporate is PASSED

24-10-2024T22:11:23 - [TEST_STEP][PASSED] - click(findTestObject("Object Repository/IWP30/Page_Confirmation/ConfirmButton")): Object: 'Object Repository/IWP30/Page_Confirmation/ConfirmButton' is clicked on

24-10-2024T22:11:25 - [MESSAGE][PASSED] - Object: 'Object Repository/IWP30/Page_Confirmation/ConfirmButton' is clicked on

24-10-2024T22:11:25 - [TEST_STEP][PASSED] - Thread.sleep(10000): null

24-10-2024T22:11:35 - [TEST_STEP][PASSED] - if (verifyTextPresent("Successful Payment Receipt", false)): null

24-10-2024T22:11:36 - [MESSAGE][PASSED] - Text 'Successful Payment Receipt' is present on page 

24-10-2024T22:11:36 - [TEST_STEP][PASSED] - println("Successful Payment Receipt text is present on the Receipt page"): null

24-10-2024T22:11:36 - [TEST_STEP][PASSED] - markPassed("Successful Payment Receipt text is present on the Receipt page"): Successful Payment Receipt text is present on the Receipt page

24-10-2024T22:11:36 - [MESSAGE][PASSED] - Successful Payment Receipt text is present on the Receipt page

24-10-2024T22:11:36 - [TEST_STEP][PASSED] - resText = "Pass": null

24-10-2024T22:11:36 - [TEST_STEP][PASSED] - pages.WriteExcel.demoKey(resText, datText, resColumn, datCloumn, fileLoc, nameSheet, row): pages.WriteExcel.demoKey is PASSED

24-10-2024T22:11:36 - [MESSAGE][PASSED] - pages.WriteExcel.demoKey is PASSED

24-10-2024T22:11:36 - [TEST_STEP][PASSED] - closeBrowser(): Browser is closed

24-10-2024T22:11:36 - [MESSAGE][PASSED] - Browser is closed

24-10-2024T22:11:36 - [TEST_STEP][PASSED] - ExecuteTC = findTestData(dataFile).getValue("Execute", row): null

24-10-2024T22:11:36 - [TEST_STEP][PASSED] - out.println("Value of Execute is : " + ExecuteTC): null

24-10-2024T22:11:36 - [TEST_STEP][PASSED] - if (ExecuteTC.equalsIgnoreCase("Y")): null

24-10-2024T22:11:36 - [TEST_STEP][PASSED] - out.println("Begin Record Number: " + row): null

24-10-2024T22:11:36 - [TEST_STEP][PASSED] - today = new java.util.Date(): null

24-10-2024T22:11:36 - [TEST_STEP][PASSED] - println(today): null

24-10-2024T22:11:36 - [TEST_STEP][PASSED] - datText = today: null

24-10-2024T22:11:36 - [TEST_STEP][PASSED] - EmulatorDataKey = findTestData(dataFile).getValue("EmulatorData", row): null

24-10-2024T22:11:37 - [TEST_STEP][PASSED] - out.println("Value of Emulator Key is : " + EmulatorDataKey): null

24-10-2024T22:11:37 - [TEST_STEP][PASSED] - iwpPages.emulatorIWP30.setDataEmulator_DD(EmulatorDataKey): iwpPages.emulatorIWP30.setDataEmulator_DD is PASSED

24-10-2024T22:11:37 - [MESSAGE][INFO] - Starting 'Edge Chromium' driver

24-10-2024T22:11:37 - [MESSAGE][INFO] - User set preference: ['acceptInsecureCerts', 'true']

24-10-2024T22:11:39 - [MESSAGE][INFO] - Action delay is set to 0 milliseconds

24-10-2024T22:11:43 - [MESSAGE][PASSED] - Browser is opened with url: 'https://qa2.velocitypayment.com/agencyx/config.action?action=editor&message_version=2_5'

24-10-2024T22:11:43 - [MESSAGE][PASSED] - Current window maximized

24-10-2024T22:12:14 - [MESSAGE][INFO] - Unable to find the element located by 'By.xpath: //select[@name='message_version']'. Please recheck the objects properties to make sure the desired element is located. 

24-10-2024T22:12:14 - [MESSAGE][WARNING] - [SELF-HEALING] Failed to find element with id 'Object Repository/IWP30/Page_VRelay30Emulator/MV'. Try using Self-healing.

24-10-2024T22:12:15 - [MESSAGE][WARNING] - [SELF-HEALING] The current locator of test object 'Object Repository/IWP30/Page_VRelay30Emulator/MV' was broken. Propose an alternative one: '(.//*[normalize-space(text()) and normalize-space(.)='Message Version'])[1]/following::select[1]'.

24-10-2024T22:12:15 - [MESSAGE][PASSED] - All options with value '2.5' are selected in object 'Object Repository/IWP30/Page_VRelay30Emulator/MV'  using regular expression

24-10-2024T22:12:16 - [MESSAGE][PASSED] - Text '10.50' is set on object 'Object Repository/IWP30/Page_EmulatorAgencyX/Amount'

24-10-2024T22:12:17 - [MESSAGE][PASSED] - Text 'YBmJxFNn8K5l' is set on object 'Object Repository/IWP30/Page_EmulatorAgencyX/CAN'

24-10-2024T22:12:17 - [MESSAGE][PASSED] - Text 'PayNow' is set on object 'Object Repository/IWP30/Page_EmulatorAgencyX/Action'

24-10-2024T22:12:18 - [MESSAGE][PASSED] - Text 'en_US' is set on object 'Object Repository/IWP30/Page_EmulatorAgencyX/Lang'

24-10-2024T22:12:18 - [MESSAGE][PASSED] - Text 'Jasmine' is set on object 'Object Repository/IWP30/Page_EmulatorAgencyX/Fname'

24-10-2024T22:12:19 - [MESSAGE][PASSED] - Text 'Patrinol' is set on object 'Object Repository/IWP30/Page_EmulatorAgencyX/Lname'

24-10-2024T22:12:20 - [MESSAGE][PASSED] - Text '258 Underwood rd' is set on object 'Object Repository/IWP30/Page_EmulatorAgencyX/AL1'

24-10-2024T22:12:20 - [MESSAGE][PASSED] - Text 'Suite 600' is set on object 'Object Repository/IWP30/Page_EmulatorAgencyX/AL2'

24-10-2024T22:12:21 - [MESSAGE][PASSED] - Text '840' is set on object 'Object Repository/IWP30/Page_EmulatorAgencyX/Country'

24-10-2024T22:12:21 - [MESSAGE][PASSED] - Text 'Arlington' is set on object 'Object Repository/IWP30/Page_EmulatorAgencyX/City'

24-10-2024T22:12:22 - [MESSAGE][PASSED] - Text 'VA' is set on object 'Object Repository/IWP30/Page_EmulatorAgencyX/State'

24-10-2024T22:12:23 - [MESSAGE][PASSED] - Text '22201' is set on object 'Object Repository/IWP30/Page_EmulatorAgencyX/ZIP'

24-10-2024T22:12:23 - [MESSAGE][PASSED] - Text '' is set on object 'Object Repository/IWP30/Page_EmulatorAgencyX/Order'

24-10-2024T22:12:24 - [MESSAGE][PASSED] - Text 'Some Company' is set on object 'Object Repository/IWP30/Page_EmulatorAgencyX/Company'

24-10-2024T22:12:24 - [MESSAGE][PASSED] - Text 'iahmed@govolution.com' is set on object 'Object Repository/IWP30/Page_EmulatorAgencyX/Email'

24-10-2024T22:12:25 - [MESSAGE][PASSED] - Text 'udf data 1' is set on object 'Object Repository/IWP30/Page_EmulatorAgencyX/UDF1'

24-10-2024T22:12:25 - [MESSAGE][PASSED] - Text 'udf data 2' is set on object 'Object Repository/IWP30/Page_EmulatorAgencyX/UDF2'

24-10-2024T22:12:26 - [MESSAGE][PASSED] - Text 'udf data 3' is set on object 'Object Repository/IWP30/Page_EmulatorAgencyX/UDF3'

24-10-2024T22:12:27 - [MESSAGE][PASSED] - Text 'udf data 4' is set on object 'Object Repository/IWP30/Page_EmulatorAgencyX/UDF4'

24-10-2024T22:12:27 - [MESSAGE][PASSED] - Text 'udf data 5' is set on object 'Object Repository/IWP30/Page_EmulatorAgencyX/UDF5'

24-10-2024T22:12:28 - [MESSAGE][PASSED] - Text 'udf data 6' is set on object 'Object Repository/IWP30/Page_EmulatorAgencyX/UDF6'

24-10-2024T22:12:28 - [MESSAGE][PASSED] - Text 'Orange' is set on object 'Object Repository/IWP30/Page_EmulatorAgencyX/UDF7'

24-10-2024T22:12:29 - [MESSAGE][PASSED] - Text 'Soccer' is set on object 'Object Repository/IWP30/Page_EmulatorAgencyX/UDF8'

24-10-2024T22:12:30 - [MESSAGE][PASSED] - Text 'udf data 9' is set on object 'Object Repository/IWP30/Page_EmulatorAgencyX/UDF9'

24-10-2024T22:12:30 - [MESSAGE][PASSED] - Text 'udf data 10' is set on object 'Object Repository/IWP30/Page_EmulatorAgencyX/UDF10'

24-10-2024T22:12:32 - [MESSAGE][PASSED] - Object: 'Object Repository/IWP30/Page_EmulatorAgencyX/Submit' is clicked on

24-10-2024T22:12:36 - [MESSAGE][PASSED] - Browser is closed

24-10-2024T22:12:40 - [MESSAGE][PASSED] - iwpPages.emulatorIWP30.setDataEmulator_DD is PASSED

24-10-2024T22:12:40 - [TEST_STEP][PASSED] - testHarnessURL = urlTestHarness: null

24-10-2024T22:12:40 - [TEST_STEP][PASSED] - openBrowser(testHarnessURL): Browser is opened with url: 'https://dev-algorithm.govolution.com/vrelaytest/QA2/version_2_2/vrelaytest.html'

24-10-2024T22:12:40 - [MESSAGE][INFO] - Starting 'Edge Chromium' driver

24-10-2024T22:12:40 - [MESSAGE][INFO] - User set preference: ['acceptInsecureCerts', 'true']

24-10-2024T22:12:42 - [MESSAGE][INFO] - Action delay is set to 0 milliseconds

24-10-2024T22:12:46 - [MESSAGE][PASSED] - Browser is opened with url: 'https://dev-algorithm.govolution.com/vrelaytest/QA2/version_2_2/vrelaytest.html'

24-10-2024T22:12:46 - [TEST_STEP][PASSED] - maximizeWindow(): Current window maximized

24-10-2024T22:12:46 - [MESSAGE][PASSED] - Current window maximized

24-10-2024T22:12:46 - [TEST_STEP][PASSED] - iwpPages.TestHarnessPage.setDataMethod(row, dataFile): iwpPages.TestHarnessPage.setDataMethod is PASSED

24-10-2024T22:12:46 - [MESSAGE][PASSED] - Object 'Object Repository/IWP30/Page_QATestHarness/RemittanceID' is present

24-10-2024T22:12:47 - [MESSAGE][PASSED] - Text '638' is set on object 'Object Repository/IWP30/Page_QATestHarness/ApplicationID'

24-10-2024T22:12:48 - [MESSAGE][PASSED] - Text '2.5' is set on object 'Object Repository/IWP30/Page_QATestHarness/MessageVersion'

24-10-2024T22:12:48 - [MESSAGE][PASSED] - Text 'Gh9ZbhcD2Poe' is set on object 'Object Repository/IWP30/Page_QATestHarness/RemittanceID'

24-10-2024T22:12:52 - [MESSAGE][PASSED] - Object: 'Object Repository/IWP30/Page_QATestHarness/SubmitButton' is clicked on

24-10-2024T22:12:52 - [MESSAGE][PASSED] - iwpPages.TestHarnessPage.setDataMethod is PASSED

24-10-2024T22:12:52 - [TEST_STEP][PASSED] - click(findTestObject("Object Repository/IWP30/Page_SelectPaymentMethod/PayByCorporateCheck")): Object: 'Object Repository/IWP30/Page_SelectPaymentMethod/PayByCorporateCheck' is clicked on

24-10-2024T22:12:53 - [MESSAGE][PASSED] - Object: 'Object Repository/IWP30/Page_SelectPaymentMethod/PayByCorporateCheck' is clicked on

24-10-2024T22:12:53 - [TEST_STEP][PASSED] - click(findTestObject("Object Repository/IWP30/Page_SelectPaymentMethod/MakePaymentButton")): Object: 'Object Repository/IWP30/Page_SelectPaymentMethod/MakePaymentButton' is clicked on

24-10-2024T22:12:55 - [MESSAGE][PASSED] - Object: 'Object Repository/IWP30/Page_SelectPaymentMethod/MakePaymentButton' is clicked on

24-10-2024T22:12:55 - [TEST_STEP][PASSED] - iwpPages.achCorporatePaymentEntryPage.setDataCorporate(row, dataFile): iwpPages.achCorporatePaymentEntryPage.setDataCorporate is PASSED

24-10-2024T22:12:56 - [MESSAGE][PASSED] - Object 'Object Repository/IWP30/Page_ACHCorporatePaymentEntry/txt_accountNumber' is present

24-10-2024T22:12:57 - [MESSAGE][PASSED] - Object 'Object Repository/IWP30/Page_ACHCorporatePaymentEntry/input_CompanyName' is present

24-10-2024T22:12:57 - [MESSAGE][PASSED] - Text 'My Company' is set on object 'Object Repository/IWP30/Page_ACHCorporatePaymentEntry/input_CompanyName'

24-10-2024T22:12:58 - [MESSAGE][PASSED] - Object 'Object Repository/IWP30/Page_ACHCorporatePaymentEntry/input_EIN' is present

24-10-2024T22:12:58 - [MESSAGE][PASSED] - Text '123456789' is set on object 'Object Repository/IWP30/Page_ACHCorporatePaymentEntry/input_EIN'

24-10-2024T22:12:59 - [MESSAGE][PASSED] - Text '9.50' is set on object 'Object Repository/IWP30/Page_ACHCorporatePaymentEntry/txt_Amount'

24-10-2024T22:12:59 - [MESSAGE][PASSED] - All options with label 'Soccer' are selected in object 'Object Repository/IWP30/Page_ACHCorporatePaymentEntry/dd_UDF8' 

24-10-2024T22:13:00 - [MESSAGE][PASSED] - Object 'Object Repository/IWP30/Page_ACHCorporatePaymentEntry/txt_routingNumber' is present

24-10-2024T22:13:00 - [MESSAGE][PASSED] - Text '256072691' is set on object 'Object Repository/IWP30/Page_ACHCorporatePaymentEntry/txt_routingNumber'

24-10-2024T22:13:00 - [MESSAGE][PASSED] - Object 'Object Repository/IWP30/Page_ACHCorporatePaymentEntry/txt_accountNumber' is present

24-10-2024T22:13:01 - [MESSAGE][PASSED] - Text '12344444' is set on object 'Object Repository/IWP30/Page_ACHCorporatePaymentEntry/txt_accountNumber'

24-10-2024T22:13:02 - [MESSAGE][PASSED] - Object 'Object Repository/IWP30/Page_ACHCorporatePaymentEntry/txt_confirmAccountNumber' is present

24-10-2024T22:13:02 - [MESSAGE][PASSED] - Text '12344444' is set on object 'Object Repository/IWP30/Page_ACHCorporatePaymentEntry/txt_confirmAccountNumber'

24-10-2024T22:13:03 - [MESSAGE][PASSED] - Object 'Object Repository/IWP30/Page_ACHCorporatePaymentEntry/txt_Email' is present

24-10-2024T22:13:03 - [MESSAGE][PASSED] - Object 'Object Repository/IWP30/Page_ACHCorporatePaymentEntry/cb_TermsAndCond' is present

24-10-2024T22:13:03 - [MESSAGE][PASSED] - Object: 'Object Repository/IWP30/Page_ACHCorporatePaymentEntry/cb_TermsAndCond' is clicked on

24-10-2024T22:13:03 - [MESSAGE][PASSED] - Object 'Object Repository/IWP30/Page_ACHCorporatePaymentEntry/btn_Continue' is present

24-10-2024T22:13:05 - [MESSAGE][PASSED] - Object: 'Object Repository/IWP30/Page_ACHCorporatePaymentEntry/btn_Continue' is clicked on

24-10-2024T22:13:05 - [MESSAGE][PASSED] - iwpPages.achCorporatePaymentEntryPage.setDataCorporate is PASSED

24-10-2024T22:13:05 - [TEST_STEP][PASSED] - click(findTestObject("Object Repository/IWP30/Page_Confirmation/ConfirmButton")): Object: 'Object Repository/IWP30/Page_Confirmation/ConfirmButton' is clicked on

24-10-2024T22:13:07 - [MESSAGE][PASSED] - Object: 'Object Repository/IWP30/Page_Confirmation/ConfirmButton' is clicked on

24-10-2024T22:13:07 - [TEST_STEP][PASSED] - Thread.sleep(10000): null

24-10-2024T22:13:17 - [TEST_STEP][PASSED] - if (verifyTextPresent("Successful Payment Receipt", false)): null

24-10-2024T22:13:17 - [MESSAGE][PASSED] - Text 'Successful Payment Receipt' is present on page 

24-10-2024T22:13:17 - [TEST_STEP][PASSED] - println("Successful Payment Receipt text is present on the Receipt page"): null

24-10-2024T22:13:17 - [TEST_STEP][PASSED] - markPassed("Successful Payment Receipt text is present on the Receipt page"): Successful Payment Receipt text is present on the Receipt page

24-10-2024T22:13:17 - [MESSAGE][PASSED] - Successful Payment Receipt text is present on the Receipt page

24-10-2024T22:13:17 - [TEST_STEP][PASSED] - resText = "Pass": null

24-10-2024T22:13:17 - [TEST_STEP][PASSED] - pages.WriteExcel.demoKey(resText, datText, resColumn, datCloumn, fileLoc, nameSheet, row): pages.WriteExcel.demoKey is PASSED

24-10-2024T22:13:18 - [MESSAGE][PASSED] - pages.WriteExcel.demoKey is PASSED

24-10-2024T22:13:18 - [TEST_STEP][PASSED] - closeBrowser(): Browser is closed

24-10-2024T22:13:18 - [MESSAGE][PASSED] - Browser is closed

24-10-2024T22:13:18 - [TEST_STEP][PASSED] - ExecuteTC = findTestData(dataFile).getValue("Execute", row): null

24-10-2024T22:13:18 - [TEST_STEP][PASSED] - out.println("Value of Execute is : " + ExecuteTC): null

24-10-2024T22:13:18 - [TEST_STEP][PASSED] - if (ExecuteTC.equalsIgnoreCase("Y")): null

24-10-2024T22:13:18 - [TEST_STEP][PASSED] - out.println("Begin Record Number: " + row): null

24-10-2024T22:13:18 - [TEST_STEP][PASSED] - today = new java.util.Date(): null

24-10-2024T22:13:18 - [TEST_STEP][PASSED] - println(today): null

24-10-2024T22:13:18 - [TEST_STEP][PASSED] - datText = today: null

24-10-2024T22:13:18 - [TEST_STEP][PASSED] - EmulatorDataKey = findTestData(dataFile).getValue("EmulatorData", row): null

24-10-2024T22:13:18 - [TEST_STEP][PASSED] - out.println("Value of Emulator Key is : " + EmulatorDataKey): null

24-10-2024T22:13:18 - [TEST_STEP][PASSED] - iwpPages.emulatorIWP30.setDataEmulator_DD(EmulatorDataKey): iwpPages.emulatorIWP30.setDataEmulator_DD is PASSED

24-10-2024T22:13:19 - [MESSAGE][INFO] - Starting 'Edge Chromium' driver

24-10-2024T22:13:19 - [MESSAGE][INFO] - User set preference: ['acceptInsecureCerts', 'true']

24-10-2024T22:13:21 - [MESSAGE][INFO] - Action delay is set to 0 milliseconds

24-10-2024T22:13:24 - [MESSAGE][PASSED] - Browser is opened with url: 'https://qa2.velocitypayment.com/agencyx/config.action?action=editor&message_version=3_0'

24-10-2024T22:13:24 - [MESSAGE][PASSED] - Current window maximized

24-10-2024T22:13:55 - [MESSAGE][INFO] - Unable to find the element located by 'By.xpath: //select[@name='message_version']'. Please recheck the objects properties to make sure the desired element is located. 

24-10-2024T22:13:55 - [MESSAGE][WARNING] - [SELF-HEALING] Failed to find element with id 'Object Repository/IWP30/Page_VRelay30Emulator/MV'. Try using Self-healing.

24-10-2024T22:13:55 - [MESSAGE][WARNING] - [SELF-HEALING] The current locator of test object 'Object Repository/IWP30/Page_VRelay30Emulator/MV' was broken. Propose an alternative one: '(.//*[normalize-space(text()) and normalize-space(.)='Message Version'])[1]/following::select[1]'.

24-10-2024T22:13:56 - [MESSAGE][PASSED] - All options with value '3.0' are selected in object 'Object Repository/IWP30/Page_VRelay30Emulator/MV'  using regular expression

24-10-2024T22:13:57 - [MESSAGE][PASSED] - Text '10.50' is set on object 'Object Repository/IWP30/Page_EmulatorAgencyX/Amount'

24-10-2024T22:13:57 - [MESSAGE][PASSED] - Text 'HBbM6LIi7tKZ' is set on object 'Object Repository/IWP30/Page_EmulatorAgencyX/CAN'

24-10-2024T22:13:58 - [MESSAGE][PASSED] - Text 'PayNow' is set on object 'Object Repository/IWP30/Page_EmulatorAgencyX/Action'

24-10-2024T22:13:58 - [MESSAGE][PASSED] - Text 'en_US' is set on object 'Object Repository/IWP30/Page_EmulatorAgencyX/Lang'

24-10-2024T22:13:59 - [MESSAGE][PASSED] - Text 'Jasmine' is set on object 'Object Repository/IWP30/Page_EmulatorAgencyX/Fname'

24-10-2024T22:14:00 - [MESSAGE][PASSED] - Text 'Patrinol' is set on object 'Object Repository/IWP30/Page_EmulatorAgencyX/Lname'

24-10-2024T22:14:00 - [MESSAGE][PASSED] - Text '258 Underwood rd' is set on object 'Object Repository/IWP30/Page_EmulatorAgencyX/AL1'

24-10-2024T22:14:01 - [MESSAGE][PASSED] - Text 'Suite 600' is set on object 'Object Repository/IWP30/Page_EmulatorAgencyX/AL2'

24-10-2024T22:14:01 - [MESSAGE][PASSED] - Text '840' is set on object 'Object Repository/IWP30/Page_EmulatorAgencyX/Country'

24-10-2024T22:14:02 - [MESSAGE][PASSED] - Text 'Arlington' is set on object 'Object Repository/IWP30/Page_EmulatorAgencyX/City'

24-10-2024T22:14:03 - [MESSAGE][PASSED] - Text 'VA' is set on object 'Object Repository/IWP30/Page_EmulatorAgencyX/State'

24-10-2024T22:14:03 - [MESSAGE][PASSED] - Text '22201' is set on object 'Object Repository/IWP30/Page_EmulatorAgencyX/ZIP'

24-10-2024T22:14:04 - [MESSAGE][PASSED] - Text '' is set on object 'Object Repository/IWP30/Page_EmulatorAgencyX/Order'

24-10-2024T22:14:04 - [MESSAGE][PASSED] - Text 'Some Company' is set on object 'Object Repository/IWP30/Page_EmulatorAgencyX/Company'

24-10-2024T22:14:05 - [MESSAGE][PASSED] - Text 'iahmed@govolution.com' is set on object 'Object Repository/IWP30/Page_EmulatorAgencyX/Email'

24-10-2024T22:14:06 - [MESSAGE][PASSED] - Text 'udf data 1' is set on object 'Object Repository/IWP30/Page_EmulatorAgencyX/UDF1'

24-10-2024T22:14:06 - [MESSAGE][PASSED] - Text 'udf data 2' is set on object 'Object Repository/IWP30/Page_EmulatorAgencyX/UDF2'

24-10-2024T22:14:07 - [MESSAGE][PASSED] - Text 'udf data 3' is set on object 'Object Repository/IWP30/Page_EmulatorAgencyX/UDF3'

24-10-2024T22:14:07 - [MESSAGE][PASSED] - Text 'udf data 4' is set on object 'Object Repository/IWP30/Page_EmulatorAgencyX/UDF4'

24-10-2024T22:14:08 - [MESSAGE][PASSED] - Text 'udf data 5' is set on object 'Object Repository/IWP30/Page_EmulatorAgencyX/UDF5'

24-10-2024T22:14:08 - [MESSAGE][PASSED] - Text 'udf data 6' is set on object 'Object Repository/IWP30/Page_EmulatorAgencyX/UDF6'

24-10-2024T22:14:09 - [MESSAGE][PASSED] - Text 'Orange' is set on object 'Object Repository/IWP30/Page_EmulatorAgencyX/UDF7'

24-10-2024T22:14:10 - [MESSAGE][PASSED] - Text 'Soccer' is set on object 'Object Repository/IWP30/Page_EmulatorAgencyX/UDF8'

24-10-2024T22:14:10 - [MESSAGE][PASSED] - Text 'udf data 9' is set on object 'Object Repository/IWP30/Page_EmulatorAgencyX/UDF9'

24-10-2024T22:14:11 - [MESSAGE][PASSED] - Text 'udf data 10' is set on object 'Object Repository/IWP30/Page_EmulatorAgencyX/UDF10'

24-10-2024T22:14:12 - [MESSAGE][PASSED] - Object: 'Object Repository/IWP30/Page_EmulatorAgencyX/Submit' is clicked on

24-10-2024T22:14:17 - [MESSAGE][PASSED] - Browser is closed

24-10-2024T22:14:21 - [MESSAGE][PASSED] - iwpPages.emulatorIWP30.setDataEmulator_DD is PASSED

24-10-2024T22:14:21 - [TEST_STEP][PASSED] - testHarnessURL = urlTestHarness: null

24-10-2024T22:14:21 - [TEST_STEP][PASSED] - openBrowser(testHarnessURL): Browser is opened with url: 'https://dev-algorithm.govolution.com/vrelaytest/QA2/version_2_2/vrelaytest.html'

24-10-2024T22:14:21 - [MESSAGE][INFO] - Starting 'Edge Chromium' driver

24-10-2024T22:14:21 - [MESSAGE][INFO] - User set preference: ['acceptInsecureCerts', 'true']

24-10-2024T22:14:23 - [MESSAGE][INFO] - Action delay is set to 0 milliseconds

24-10-2024T22:14:27 - [MESSAGE][PASSED] - Browser is opened with url: 'https://dev-algorithm.govolution.com/vrelaytest/QA2/version_2_2/vrelaytest.html'

24-10-2024T22:14:27 - [TEST_STEP][PASSED] - maximizeWindow(): Current window maximized

24-10-2024T22:14:27 - [MESSAGE][PASSED] - Current window maximized

24-10-2024T22:14:27 - [TEST_STEP][PASSED] - iwpPages.TestHarnessPage.setDataMethod(row, dataFile): iwpPages.TestHarnessPage.setDataMethod is PASSED

24-10-2024T22:14:27 - [MESSAGE][PASSED] - Object 'Object Repository/IWP30/Page_QATestHarness/RemittanceID' is present

24-10-2024T22:14:28 - [MESSAGE][PASSED] - Text '649' is set on object 'Object Repository/IWP30/Page_QATestHarness/ApplicationID'

24-10-2024T22:14:28 - [MESSAGE][PASSED] - Text '3.0' is set on object 'Object Repository/IWP30/Page_QATestHarness/MessageVersion'

24-10-2024T22:14:29 - [MESSAGE][PASSED] - Text 'jb4s39hfi6S4' is set on object 'Object Repository/IWP30/Page_QATestHarness/RemittanceID'

24-10-2024T22:14:32 - [MESSAGE][PASSED] - Object: 'Object Repository/IWP30/Page_QATestHarness/SubmitButton' is clicked on

24-10-2024T22:14:32 - [MESSAGE][PASSED] - iwpPages.TestHarnessPage.setDataMethod is PASSED

24-10-2024T22:14:32 - [TEST_STEP][PASSED] - click(findTestObject("Object Repository/IWP30/Page_SelectPaymentMethod/PayByCorporateCheck")): Object: 'Object Repository/IWP30/Page_SelectPaymentMethod/PayByCorporateCheck' is clicked on

24-10-2024T22:14:33 - [MESSAGE][PASSED] - Object: 'Object Repository/IWP30/Page_SelectPaymentMethod/PayByCorporateCheck' is clicked on

24-10-2024T22:14:33 - [TEST_STEP][PASSED] - click(findTestObject("Object Repository/IWP30/Page_SelectPaymentMethod/MakePaymentButton")): Object: 'Object Repository/IWP30/Page_SelectPaymentMethod/MakePaymentButton' is clicked on

24-10-2024T22:14:35 - [MESSAGE][PASSED] - Object: 'Object Repository/IWP30/Page_SelectPaymentMethod/MakePaymentButton' is clicked on

24-10-2024T22:14:35 - [TEST_STEP][PASSED] - iwpPages.achCorporatePaymentEntryPage.setDataCorporate(row, dataFile): iwpPages.achCorporatePaymentEntryPage.setDataCorporate is PASSED

24-10-2024T22:14:36 - [MESSAGE][PASSED] - Object 'Object Repository/IWP30/Page_ACHCorporatePaymentEntry/txt_accountNumber' is present

24-10-2024T22:14:37 - [MESSAGE][PASSED] - Object 'Object Repository/IWP30/Page_ACHCorporatePaymentEntry/input_CompanyName' is present

24-10-2024T22:14:37 - [MESSAGE][PASSED] - Text 'My Company' is set on object 'Object Repository/IWP30/Page_ACHCorporatePaymentEntry/input_CompanyName'

24-10-2024T22:14:37 - [MESSAGE][PASSED] - Object 'Object Repository/IWP30/Page_ACHCorporatePaymentEntry/input_EIN' is present

24-10-2024T22:14:38 - [MESSAGE][PASSED] - Text '123456789' is set on object 'Object Repository/IWP30/Page_ACHCorporatePaymentEntry/input_EIN'

24-10-2024T22:14:39 - [MESSAGE][PASSED] - Text '11.50' is set on object 'Object Repository/IWP30/Page_ACHCorporatePaymentEntry/txt_Amount'

24-10-2024T22:14:39 - [MESSAGE][PASSED] - All options with label 'Soccer' are selected in object 'Object Repository/IWP30/Page_ACHCorporatePaymentEntry/dd_UDF8' 

24-10-2024T22:14:39 - [MESSAGE][PASSED] - Object 'Object Repository/IWP30/Page_ACHCorporatePaymentEntry/txt_routingNumber' is present

24-10-2024T22:14:40 - [MESSAGE][PASSED] - Text '256072691' is set on object 'Object Repository/IWP30/Page_ACHCorporatePaymentEntry/txt_routingNumber'

24-10-2024T22:14:40 - [MESSAGE][PASSED] - Object 'Object Repository/IWP30/Page_ACHCorporatePaymentEntry/txt_accountNumber' is present

24-10-2024T22:14:42 - [MESSAGE][PASSED] - Text '12344444' is set on object 'Object Repository/IWP30/Page_ACHCorporatePaymentEntry/txt_accountNumber'

24-10-2024T22:14:42 - [MESSAGE][PASSED] - Object 'Object Repository/IWP30/Page_ACHCorporatePaymentEntry/txt_confirmAccountNumber' is present

24-10-2024T22:14:43 - [MESSAGE][PASSED] - Text '12344444' is set on object 'Object Repository/IWP30/Page_ACHCorporatePaymentEntry/txt_confirmAccountNumber'

24-10-2024T22:14:43 - [MESSAGE][PASSED] - Object 'Object Repository/IWP30/Page_ACHCorporatePaymentEntry/txt_Email' is present

24-10-2024T22:14:43 - [MESSAGE][PASSED] - Object 'Object Repository/IWP30/Page_ACHCorporatePaymentEntry/cb_TermsAndCond' is present

24-10-2024T22:14:43 - [MESSAGE][PASSED] - Object: 'Object Repository/IWP30/Page_ACHCorporatePaymentEntry/cb_TermsAndCond' is clicked on

24-10-2024T22:14:44 - [MESSAGE][PASSED] - Object 'Object Repository/IWP30/Page_ACHCorporatePaymentEntry/btn_Continue' is present

24-10-2024T22:14:45 - [MESSAGE][PASSED] - Object: 'Object Repository/IWP30/Page_ACHCorporatePaymentEntry/btn_Continue' is clicked on

24-10-2024T22:14:45 - [MESSAGE][PASSED] - iwpPages.achCorporatePaymentEntryPage.setDataCorporate is PASSED

24-10-2024T22:14:45 - [TEST_STEP][PASSED] - click(findTestObject("Object Repository/IWP30/Page_Confirmation/ConfirmButton")): Object: 'Object Repository/IWP30/Page_Confirmation/ConfirmButton' is clicked on

24-10-2024T22:15:16 - [MESSAGE][INFO] - Unable to find the element located by 'By.xpath: //*[@type = 'submit' and @name = 'confirmNotifyAction' and @id = 'submitYes' and @value = 'Confirm']'. Please recheck the objects properties to make sure the desired element is located. 

24-10-2024T22:15:16 - [MESSAGE][WARNING] - [SELF-HEALING] Failed to find element with id 'Object Repository/IWP30/Page_Confirmation/ConfirmButton'. Try using Self-healing.

24-10-2024T22:15:16 - [MESSAGE][WARNING] - [SELF-HEALING] The current locator of test object 'Object Repository/IWP30/Page_Confirmation/ConfirmButton' was broken. Propose an alternative one: '//div/input'.

24-10-2024T22:15:18 - [MESSAGE][PASSED] - Object: 'Object Repository/IWP30/Page_Confirmation/ConfirmButton' is clicked on

24-10-2024T22:15:18 - [TEST_STEP][PASSED] - Thread.sleep(10000): null

24-10-2024T22:15:28 - [TEST_STEP][PASSED] - if (verifyTextPresent("Successful Payment Receipt", false)): null

24-10-2024T22:15:28 - [MESSAGE][PASSED] - Text 'Successful Payment Receipt' is present on page 

24-10-2024T22:15:28 - [TEST_STEP][PASSED] - println("Successful Payment Receipt text is present on the Receipt page"): null

24-10-2024T22:15:28 - [TEST_STEP][PASSED] - markPassed("Successful Payment Receipt text is present on the Receipt page"): Successful Payment Receipt text is present on the Receipt page

24-10-2024T22:15:28 - [MESSAGE][PASSED] - Successful Payment Receipt text is present on the Receipt page

24-10-2024T22:15:28 - [TEST_STEP][PASSED] - resText = "Pass": null

24-10-2024T22:15:28 - [TEST_STEP][PASSED] - pages.WriteExcel.demoKey(resText, datText, resColumn, datCloumn, fileLoc, nameSheet, row): pages.WriteExcel.demoKey is PASSED

24-10-2024T22:15:28 - [MESSAGE][PASSED] - pages.WriteExcel.demoKey is PASSED

24-10-2024T22:15:28 - [TEST_STEP][PASSED] - closeBrowser(): Browser is closed

24-10-2024T22:15:29 - [MESSAGE][PASSED] - Browser is closed

24-10-2024T22:15:29 - [TEST_STEP][PASSED] - ExecuteTC = findTestData(dataFile).getValue("Execute", row): null

24-10-2024T22:15:29 - [TEST_STEP][PASSED] - out.println("Value of Execute is : " + ExecuteTC): null

24-10-2024T22:15:29 - [TEST_STEP][PASSED] - if (ExecuteTC.equalsIgnoreCase("Y")): null

24-10-2024T22:15:29 - [TEST_STEP][PASSED] - out.println("Begin Record Number: " + row): null

24-10-2024T22:15:29 - [TEST_STEP][PASSED] - today = new java.util.Date(): null

24-10-2024T22:15:29 - [TEST_STEP][PASSED] - println(today): null

24-10-2024T22:15:29 - [TEST_STEP][PASSED] - datText = today: null

24-10-2024T22:15:29 - [TEST_STEP][PASSED] - EmulatorDataKey = findTestData(dataFile).getValue("EmulatorData", row): null

24-10-2024T22:15:29 - [TEST_STEP][PASSED] - out.println("Value of Emulator Key is : " + EmulatorDataKey): null

24-10-2024T22:15:29 - [TEST_STEP][PASSED] - iwpPages.emulatorIWP30.setDataEmulator_DD(EmulatorDataKey): iwpPages.emulatorIWP30.setDataEmulator_DD is PASSED

24-10-2024T22:15:29 - [MESSAGE][INFO] - Starting 'Edge Chromium' driver

24-10-2024T22:15:29 - [MESSAGE][INFO] - User set preference: ['acceptInsecureCerts', 'true']

24-10-2024T22:15:31 - [MESSAGE][INFO] - Action delay is set to 0 milliseconds

24-10-2024T22:15:35 - [MESSAGE][PASSED] - Browser is opened with url: 'https://qa2.velocitypayment.com/agencyx/config.action?action=editor&message_version=3_0'

24-10-2024T22:15:35 - [MESSAGE][PASSED] - Current window maximized

24-10-2024T22:16:06 - [MESSAGE][INFO] - Unable to find the element located by 'By.xpath: //select[@name='message_version']'. Please recheck the objects properties to make sure the desired element is located. 

24-10-2024T22:16:06 - [MESSAGE][WARNING] - [SELF-HEALING] Failed to find element with id 'Object Repository/IWP30/Page_VRelay30Emulator/MV'. Try using Self-healing.

24-10-2024T22:16:06 - [MESSAGE][WARNING] - [SELF-HEALING] The current locator of test object 'Object Repository/IWP30/Page_VRelay30Emulator/MV' was broken. Propose an alternative one: '(.//*[normalize-space(text()) and normalize-space(.)='Message Version'])[1]/following::select[1]'.

24-10-2024T22:16:07 - [MESSAGE][PASSED] - All options with value '3.0' are selected in object 'Object Repository/IWP30/Page_VRelay30Emulator/MV'  using regular expression

24-10-2024T22:16:07 - [MESSAGE][PASSED] - Text '10.50' is set on object 'Object Repository/IWP30/Page_EmulatorAgencyX/Amount'

24-10-2024T22:16:08 - [MESSAGE][PASSED] - Text 'LMDWgtkR7JY2' is set on object 'Object Repository/IWP30/Page_EmulatorAgencyX/CAN'

24-10-2024T22:16:09 - [MESSAGE][PASSED] - Text 'PayNow' is set on object 'Object Repository/IWP30/Page_EmulatorAgencyX/Action'

24-10-2024T22:16:09 - [MESSAGE][PASSED] - Text 'en_US' is set on object 'Object Repository/IWP30/Page_EmulatorAgencyX/Lang'

24-10-2024T22:16:10 - [MESSAGE][PASSED] - Text 'Jasmine' is set on object 'Object Repository/IWP30/Page_EmulatorAgencyX/Fname'

24-10-2024T22:16:10 - [MESSAGE][PASSED] - Text 'Patrinol' is set on object 'Object Repository/IWP30/Page_EmulatorAgencyX/Lname'

24-10-2024T22:16:11 - [MESSAGE][PASSED] - Text '258 Underwood rd' is set on object 'Object Repository/IWP30/Page_EmulatorAgencyX/AL1'

24-10-2024T22:16:12 - [MESSAGE][PASSED] - Text 'Suite 600' is set on object 'Object Repository/IWP30/Page_EmulatorAgencyX/AL2'

24-10-2024T22:16:12 - [MESSAGE][PASSED] - Text '840' is set on object 'Object Repository/IWP30/Page_EmulatorAgencyX/Country'

24-10-2024T22:16:13 - [MESSAGE][PASSED] - Text 'Arlington' is set on object 'Object Repository/IWP30/Page_EmulatorAgencyX/City'

24-10-2024T22:16:13 - [MESSAGE][PASSED] - Text 'VA' is set on object 'Object Repository/IWP30/Page_EmulatorAgencyX/State'

24-10-2024T22:16:14 - [MESSAGE][PASSED] - Text '22201' is set on object 'Object Repository/IWP30/Page_EmulatorAgencyX/ZIP'

24-10-2024T22:16:15 - [MESSAGE][PASSED] - Text '' is set on object 'Object Repository/IWP30/Page_EmulatorAgencyX/Order'

24-10-2024T22:16:15 - [MESSAGE][PASSED] - Text 'Some Company' is set on object 'Object Repository/IWP30/Page_EmulatorAgencyX/Company'

24-10-2024T22:16:16 - [MESSAGE][PASSED] - Text 'iahmed@govolution.com' is set on object 'Object Repository/IWP30/Page_EmulatorAgencyX/Email'

24-10-2024T22:16:16 - [MESSAGE][PASSED] - Text 'udf data 1' is set on object 'Object Repository/IWP30/Page_EmulatorAgencyX/UDF1'

24-10-2024T22:16:17 - [MESSAGE][PASSED] - Text 'udf data 2' is set on object 'Object Repository/IWP30/Page_EmulatorAgencyX/UDF2'

24-10-2024T22:16:18 - [MESSAGE][PASSED] - Text 'udf data 3' is set on object 'Object Repository/IWP30/Page_EmulatorAgencyX/UDF3'

24-10-2024T22:16:18 - [MESSAGE][PASSED] - Text 'udf data 4' is set on object 'Object Repository/IWP30/Page_EmulatorAgencyX/UDF4'

24-10-2024T22:16:19 - [MESSAGE][PASSED] - Text 'udf data 5' is set on object 'Object Repository/IWP30/Page_EmulatorAgencyX/UDF5'

24-10-2024T22:16:19 - [MESSAGE][PASSED] - Text 'udf data 6' is set on object 'Object Repository/IWP30/Page_EmulatorAgencyX/UDF6'

24-10-2024T22:16:20 - [MESSAGE][PASSED] - Text 'Orange' is set on object 'Object Repository/IWP30/Page_EmulatorAgencyX/UDF7'

24-10-2024T22:16:21 - [MESSAGE][PASSED] - Text 'Soccer' is set on object 'Object Repository/IWP30/Page_EmulatorAgencyX/UDF8'

24-10-2024T22:16:21 - [MESSAGE][PASSED] - Text 'udf data 9' is set on object 'Object Repository/IWP30/Page_EmulatorAgencyX/UDF9'

24-10-2024T22:16:22 - [MESSAGE][PASSED] - Text 'udf data 10' is set on object 'Object Repository/IWP30/Page_EmulatorAgencyX/UDF10'

24-10-2024T22:16:23 - [MESSAGE][PASSED] - Object: 'Object Repository/IWP30/Page_EmulatorAgencyX/Submit' is clicked on

24-10-2024T22:16:28 - [MESSAGE][PASSED] - Browser is closed

24-10-2024T22:16:32 - [MESSAGE][PASSED] - iwpPages.emulatorIWP30.setDataEmulator_DD is PASSED

24-10-2024T22:16:32 - [TEST_STEP][PASSED] - testHarnessURL = urlTestHarness: null

24-10-2024T22:16:32 - [TEST_STEP][PASSED] - openBrowser(testHarnessURL): Browser is opened with url: 'https://dev-algorithm.govolution.com/vrelaytest/QA2/version_2_2/vrelaytest.html'

24-10-2024T22:16:32 - [MESSAGE][INFO] - Starting 'Edge Chromium' driver

24-10-2024T22:16:32 - [MESSAGE][INFO] - User set preference: ['acceptInsecureCerts', 'true']

24-10-2024T22:16:34 - [MESSAGE][INFO] - Action delay is set to 0 milliseconds

24-10-2024T22:16:37 - [MESSAGE][PASSED] - Browser is opened with url: 'https://dev-algorithm.govolution.com/vrelaytest/QA2/version_2_2/vrelaytest.html'

24-10-2024T22:16:37 - [TEST_STEP][PASSED] - maximizeWindow(): Current window maximized

24-10-2024T22:16:37 - [MESSAGE][PASSED] - Current window maximized

24-10-2024T22:16:37 - [TEST_STEP][PASSED] - iwpPages.TestHarnessPage.setDataMethod(row, dataFile): iwpPages.TestHarnessPage.setDataMethod is PASSED

24-10-2024T22:16:38 - [MESSAGE][PASSED] - Object 'Object Repository/IWP30/Page_QATestHarness/RemittanceID' is present

24-10-2024T22:16:38 - [MESSAGE][PASSED] - Text '649' is set on object 'Object Repository/IWP30/Page_QATestHarness/ApplicationID'

24-10-2024T22:16:39 - [MESSAGE][PASSED] - Text '3.0' is set on object 'Object Repository/IWP30/Page_QATestHarness/MessageVersion'

24-10-2024T22:16:39 - [MESSAGE][PASSED] - Text 'qoqYWgAWt9xF' is set on object 'Object Repository/IWP30/Page_QATestHarness/RemittanceID'

24-10-2024T22:16:43 - [MESSAGE][PASSED] - Object: 'Object Repository/IWP30/Page_QATestHarness/SubmitButton' is clicked on

24-10-2024T22:16:43 - [MESSAGE][PASSED] - iwpPages.TestHarnessPage.setDataMethod is PASSED

24-10-2024T22:16:43 - [TEST_STEP][PASSED] - click(findTestObject("Object Repository/IWP30/Page_SelectPaymentMethod/PayByCorporateCheck")): Object: 'Object Repository/IWP30/Page_SelectPaymentMethod/PayByCorporateCheck' is clicked on

24-10-2024T22:16:43 - [MESSAGE][PASSED] - Object: 'Object Repository/IWP30/Page_SelectPaymentMethod/PayByCorporateCheck' is clicked on

24-10-2024T22:16:43 - [TEST_STEP][PASSED] - click(findTestObject("Object Repository/IWP30/Page_SelectPaymentMethod/MakePaymentButton")): Object: 'Object Repository/IWP30/Page_SelectPaymentMethod/MakePaymentButton' is clicked on

24-10-2024T22:16:46 - [MESSAGE][PASSED] - Object: 'Object Repository/IWP30/Page_SelectPaymentMethod/MakePaymentButton' is clicked on

24-10-2024T22:16:46 - [TEST_STEP][PASSED] - iwpPages.achCorporatePaymentEntryPage.setDataCorporate(row, dataFile): iwpPages.achCorporatePaymentEntryPage.setDataCorporate is PASSED

24-10-2024T22:16:47 - [MESSAGE][PASSED] - Object 'Object Repository/IWP30/Page_ACHCorporatePaymentEntry/txt_accountNumber' is present

24-10-2024T22:16:47 - [MESSAGE][PASSED] - Object 'Object Repository/IWP30/Page_ACHCorporatePaymentEntry/input_CompanyName' is present

24-10-2024T22:16:48 - [MESSAGE][PASSED] - Text 'My Company' is set on object 'Object Repository/IWP30/Page_ACHCorporatePaymentEntry/input_CompanyName'

24-10-2024T22:16:48 - [MESSAGE][PASSED] - Object 'Object Repository/IWP30/Page_ACHCorporatePaymentEntry/input_EIN' is present

24-10-2024T22:16:49 - [MESSAGE][PASSED] - Text '123456789' is set on object 'Object Repository/IWP30/Page_ACHCorporatePaymentEntry/input_EIN'

24-10-2024T22:16:49 - [MESSAGE][PASSED] - Text '9.50' is set on object 'Object Repository/IWP30/Page_ACHCorporatePaymentEntry/txt_Amount'

24-10-2024T22:16:50 - [MESSAGE][PASSED] - All options with label 'Soccer' are selected in object 'Object Repository/IWP30/Page_ACHCorporatePaymentEntry/dd_UDF8' 

24-10-2024T22:16:50 - [MESSAGE][PASSED] - Object 'Object Repository/IWP30/Page_ACHCorporatePaymentEntry/txt_routingNumber' is present

24-10-2024T22:16:51 - [MESSAGE][PASSED] - Text '256072691' is set on object 'Object Repository/IWP30/Page_ACHCorporatePaymentEntry/txt_routingNumber'

24-10-2024T22:16:51 - [MESSAGE][PASSED] - Object 'Object Repository/IWP30/Page_ACHCorporatePaymentEntry/txt_accountNumber' is present

24-10-2024T22:16:52 - [MESSAGE][PASSED] - Text '12344444' is set on object 'Object Repository/IWP30/Page_ACHCorporatePaymentEntry/txt_accountNumber'

24-10-2024T22:16:52 - [MESSAGE][PASSED] - Object 'Object Repository/IWP30/Page_ACHCorporatePaymentEntry/txt_confirmAccountNumber' is present

24-10-2024T22:16:53 - [MESSAGE][PASSED] - Text '12344444' is set on object 'Object Repository/IWP30/Page_ACHCorporatePaymentEntry/txt_confirmAccountNumber'

24-10-2024T22:16:53 - [MESSAGE][PASSED] - Object 'Object Repository/IWP30/Page_ACHCorporatePaymentEntry/txt_Email' is present

24-10-2024T22:16:53 - [MESSAGE][PASSED] - Object 'Object Repository/IWP30/Page_ACHCorporatePaymentEntry/cb_TermsAndCond' is present

24-10-2024T22:16:54 - [MESSAGE][PASSED] - Object: 'Object Repository/IWP30/Page_ACHCorporatePaymentEntry/cb_TermsAndCond' is clicked on

24-10-2024T22:16:54 - [MESSAGE][PASSED] - Object 'Object Repository/IWP30/Page_ACHCorporatePaymentEntry/btn_Continue' is present

24-10-2024T22:16:55 - [MESSAGE][PASSED] - Object: 'Object Repository/IWP30/Page_ACHCorporatePaymentEntry/btn_Continue' is clicked on

24-10-2024T22:16:55 - [MESSAGE][PASSED] - iwpPages.achCorporatePaymentEntryPage.setDataCorporate is PASSED

24-10-2024T22:16:55 - [TEST_STEP][PASSED] - click(findTestObject("Object Repository/IWP30/Page_Confirmation/ConfirmButton")): Object: 'Object Repository/IWP30/Page_Confirmation/ConfirmButton' is clicked on

24-10-2024T22:17:26 - [MESSAGE][INFO] - Unable to find the element located by 'By.xpath: //*[@type = 'submit' and @name = 'confirmNotifyAction' and @id = 'submitYes' and @value = 'Confirm']'. Please recheck the objects properties to make sure the desired element is located. 

24-10-2024T22:17:26 - [MESSAGE][WARNING] - [SELF-HEALING] Failed to find element with id 'Object Repository/IWP30/Page_Confirmation/ConfirmButton'. Try using Self-healing.

24-10-2024T22:17:26 - [MESSAGE][WARNING] - [SELF-HEALING] The current locator of test object 'Object Repository/IWP30/Page_Confirmation/ConfirmButton' was broken. Propose an alternative one: '//div/input'.

24-10-2024T22:17:28 - [MESSAGE][PASSED] - Object: 'Object Repository/IWP30/Page_Confirmation/ConfirmButton' is clicked on

24-10-2024T22:17:28 - [TEST_STEP][PASSED] - Thread.sleep(10000): null

24-10-2024T22:17:38 - [TEST_STEP][PASSED] - if (verifyTextPresent("Successful Payment Receipt", false)): null

24-10-2024T22:17:38 - [MESSAGE][PASSED] - Text 'Successful Payment Receipt' is present on page 

24-10-2024T22:17:38 - [TEST_STEP][PASSED] - println("Successful Payment Receipt text is present on the Receipt page"): null

24-10-2024T22:17:38 - [TEST_STEP][PASSED] - markPassed("Successful Payment Receipt text is present on the Receipt page"): Successful Payment Receipt text is present on the Receipt page

24-10-2024T22:17:38 - [MESSAGE][PASSED] - Successful Payment Receipt text is present on the Receipt page

24-10-2024T22:17:38 - [TEST_STEP][PASSED] - resText = "Pass": null

24-10-2024T22:17:38 - [TEST_STEP][PASSED] - pages.WriteExcel.demoKey(resText, datText, resColumn, datCloumn, fileLoc, nameSheet, row): pages.WriteExcel.demoKey is PASSED

24-10-2024T22:17:38 - [MESSAGE][PASSED] - pages.WriteExcel.demoKey is PASSED

24-10-2024T22:17:38 - [TEST_STEP][PASSED] - closeBrowser(): Browser is closed

24-10-2024T22:17:39 - [MESSAGE][PASSED] - Browser is closed]]></system-out>
         <system-err><![CDATA[]]></system-err>
      </testcase>
      <testcase name="Test Cases/IntegratedWeb/IWP25/Payments/OverAndUnderPayCredit" time="403.482" classname="Test Cases/IntegratedWeb/IWP25/Payments/OverAndUnderPayCredit" status="PASSED">
         <system-out><![CDATA[24-10-2024T22:17:39 - [TEST_CASE][PASSED] - Test Cases/IntegratedWeb/IWP25/Payments/OverAndUnderPayCredit: Test Cases/IntegratedWeb/IWP25/Payments/OverAndUnderPayCredit

24-10-2024T22:17:39 - [TEST_STEP][PASSED] - resText = "Fail": null

24-10-2024T22:17:39 - [TEST_STEP][PASSED] - resColumn = "Result": null

24-10-2024T22:17:39 - [TEST_STEP][PASSED] - datCloumn = "Date": null

24-10-2024T22:17:39 - [TEST_STEP][PASSED] - fileLoc = "KatalonData/IWPTestData/VRelay25Payments.xlsx": null

24-10-2024T22:17:39 - [TEST_STEP][PASSED] - numOfRows = <not implemented yet for class: org.codehaus.groovy.ast.expr.EmptyExpression>: null

24-10-2024T22:17:39 - [TEST_STEP][PASSED] - dataFile = <not implemented yet for class: org.codehaus.groovy.ast.expr.EmptyExpression>: null

24-10-2024T22:17:39 - [TEST_STEP][PASSED] - nameSheet = <not implemented yet for class: org.codehaus.groovy.ast.expr.EmptyExpression>: null

24-10-2024T22:17:39 - [TEST_STEP][PASSED] - dataFileEmulator = <not implemented yet for class: org.codehaus.groovy.ast.expr.EmptyExpression>: null

24-10-2024T22:17:39 - [TEST_STEP][PASSED] - isRequiredTextPresent = false: null

24-10-2024T22:17:39 - [TEST_STEP][PASSED] - nameSheet = "OverAndUnderPayCredit": null

24-10-2024T22:17:39 - [TEST_STEP][PASSED] - dataFile = "IWPTestData/IWP25OverAndUnderPayCredit": null

24-10-2024T22:17:39 - [TEST_STEP][PASSED] - dataFileEmulator = "IWPTestData/EmulatorData": null

24-10-2024T22:17:39 - [TEST_STEP][PASSED] - numOfRows = findTestData(dataFile).getRowNumbers(): null

24-10-2024T22:17:39 - [TEST_STEP][PASSED] - println("Number of Records: " + numOfRows): null

24-10-2024T22:17:39 - [TEST_STEP][PASSED] - for ([row = 1, row <= numOfRows, (row++)]): Browser is closed

24-10-2024T22:17:39 - [TEST_STEP][PASSED] - ExecuteTC = findTestData(dataFile).getValue("Execute", row): null

24-10-2024T22:17:39 - [TEST_STEP][PASSED] - out.println("Value of Execute is : " + ExecuteTC): null

24-10-2024T22:17:39 - [TEST_STEP][PASSED] - if (ExecuteTC.equalsIgnoreCase("Y")): null

24-10-2024T22:17:39 - [TEST_STEP][PASSED] - out.println("Begin Record Number: " + row): null

24-10-2024T22:17:39 - [TEST_STEP][PASSED] - today = new java.util.Date(): null

24-10-2024T22:17:39 - [TEST_STEP][PASSED] - println(today): null

24-10-2024T22:17:39 - [TEST_STEP][PASSED] - datText = today: null

24-10-2024T22:17:39 - [TEST_STEP][PASSED] - EmulatorDataKey = findTestData(dataFile).getValue("EmulatorData", row): null

24-10-2024T22:17:39 - [TEST_STEP][PASSED] - out.println("Value of Emulator Key is : " + EmulatorDataKey): null

24-10-2024T22:17:39 - [TEST_STEP][PASSED] - iwpPages.emulatorIWP30.setDataEmulator_DD(EmulatorDataKey): iwpPages.emulatorIWP30.setDataEmulator_DD is PASSED

24-10-2024T22:17:40 - [MESSAGE][INFO] - Starting 'Edge Chromium' driver

24-10-2024T22:17:40 - [MESSAGE][INFO] - User set preference: ['acceptInsecureCerts', 'true']

24-10-2024T22:17:42 - [MESSAGE][INFO] - Action delay is set to 0 milliseconds

24-10-2024T22:17:46 - [MESSAGE][PASSED] - Browser is opened with url: 'https://qa2.velocitypayment.com/agencyx/config.action?action=editor&message_version=2_5'

24-10-2024T22:17:46 - [MESSAGE][PASSED] - Current window maximized

24-10-2024T22:18:17 - [MESSAGE][INFO] - Unable to find the element located by 'By.xpath: //select[@name='message_version']'. Please recheck the objects properties to make sure the desired element is located. 

24-10-2024T22:18:17 - [MESSAGE][WARNING] - [SELF-HEALING] Failed to find element with id 'Object Repository/IWP30/Page_VRelay30Emulator/MV'. Try using Self-healing.

24-10-2024T22:18:17 - [MESSAGE][WARNING] - [SELF-HEALING] The current locator of test object 'Object Repository/IWP30/Page_VRelay30Emulator/MV' was broken. Propose an alternative one: '(.//*[normalize-space(text()) and normalize-space(.)='Message Version'])[1]/following::select[1]'.

24-10-2024T22:18:18 - [MESSAGE][PASSED] - All options with value '2.5' are selected in object 'Object Repository/IWP30/Page_VRelay30Emulator/MV'  using regular expression

24-10-2024T22:18:18 - [MESSAGE][PASSED] - Text '10.50' is set on object 'Object Repository/IWP30/Page_EmulatorAgencyX/Amount'

24-10-2024T22:18:19 - [MESSAGE][PASSED] - Text 'dWUSivXEkxwE' is set on object 'Object Repository/IWP30/Page_EmulatorAgencyX/CAN'

24-10-2024T22:18:20 - [MESSAGE][PASSED] - Text 'PayNow' is set on object 'Object Repository/IWP30/Page_EmulatorAgencyX/Action'

24-10-2024T22:18:20 - [MESSAGE][PASSED] - Text 'en_US' is set on object 'Object Repository/IWP30/Page_EmulatorAgencyX/Lang'

24-10-2024T22:18:21 - [MESSAGE][PASSED] - Text 'Jasmine' is set on object 'Object Repository/IWP30/Page_EmulatorAgencyX/Fname'

24-10-2024T22:18:21 - [MESSAGE][PASSED] - Text 'Patrinol' is set on object 'Object Repository/IWP30/Page_EmulatorAgencyX/Lname'

24-10-2024T22:18:22 - [MESSAGE][PASSED] - Text '258 Underwood rd' is set on object 'Object Repository/IWP30/Page_EmulatorAgencyX/AL1'

24-10-2024T22:18:23 - [MESSAGE][PASSED] - Text 'Suite 600' is set on object 'Object Repository/IWP30/Page_EmulatorAgencyX/AL2'

24-10-2024T22:18:23 - [MESSAGE][PASSED] - Text '840' is set on object 'Object Repository/IWP30/Page_EmulatorAgencyX/Country'

24-10-2024T22:18:24 - [MESSAGE][PASSED] - Text 'Arlington' is set on object 'Object Repository/IWP30/Page_EmulatorAgencyX/City'

24-10-2024T22:18:24 - [MESSAGE][PASSED] - Text 'VA' is set on object 'Object Repository/IWP30/Page_EmulatorAgencyX/State'

24-10-2024T22:18:25 - [MESSAGE][PASSED] - Text '22201' is set on object 'Object Repository/IWP30/Page_EmulatorAgencyX/ZIP'

24-10-2024T22:18:25 - [MESSAGE][PASSED] - Text '' is set on object 'Object Repository/IWP30/Page_EmulatorAgencyX/Order'

24-10-2024T22:18:26 - [MESSAGE][PASSED] - Text 'Some Company' is set on object 'Object Repository/IWP30/Page_EmulatorAgencyX/Company'

24-10-2024T22:18:27 - [MESSAGE][PASSED] - Text 'iahmed@govolution.com' is set on object 'Object Repository/IWP30/Page_EmulatorAgencyX/Email'

24-10-2024T22:18:27 - [MESSAGE][PASSED] - Text 'udf data 1' is set on object 'Object Repository/IWP30/Page_EmulatorAgencyX/UDF1'

24-10-2024T22:18:28 - [MESSAGE][PASSED] - Text 'udf data 2' is set on object 'Object Repository/IWP30/Page_EmulatorAgencyX/UDF2'

24-10-2024T22:18:28 - [MESSAGE][PASSED] - Text 'udf data 3' is set on object 'Object Repository/IWP30/Page_EmulatorAgencyX/UDF3'

24-10-2024T22:18:29 - [MESSAGE][PASSED] - Text 'udf data 4' is set on object 'Object Repository/IWP30/Page_EmulatorAgencyX/UDF4'

24-10-2024T22:18:30 - [MESSAGE][PASSED] - Text 'udf data 5' is set on object 'Object Repository/IWP30/Page_EmulatorAgencyX/UDF5'

24-10-2024T22:18:30 - [MESSAGE][PASSED] - Text 'udf data 6' is set on object 'Object Repository/IWP30/Page_EmulatorAgencyX/UDF6'

24-10-2024T22:18:31 - [MESSAGE][PASSED] - Text 'Orange' is set on object 'Object Repository/IWP30/Page_EmulatorAgencyX/UDF7'

24-10-2024T22:18:31 - [MESSAGE][PASSED] - Text 'Soccer' is set on object 'Object Repository/IWP30/Page_EmulatorAgencyX/UDF8'

24-10-2024T22:18:32 - [MESSAGE][PASSED] - Text 'udf data 9' is set on object 'Object Repository/IWP30/Page_EmulatorAgencyX/UDF9'

24-10-2024T22:18:33 - [MESSAGE][PASSED] - Text 'udf data 10' is set on object 'Object Repository/IWP30/Page_EmulatorAgencyX/UDF10'

24-10-2024T22:18:34 - [MESSAGE][PASSED] - Object: 'Object Repository/IWP30/Page_EmulatorAgencyX/Submit' is clicked on

24-10-2024T22:18:39 - [MESSAGE][PASSED] - Browser is closed

24-10-2024T22:18:43 - [MESSAGE][PASSED] - iwpPages.emulatorIWP30.setDataEmulator_DD is PASSED

24-10-2024T22:18:43 - [TEST_STEP][PASSED] - testHarnessURL = urlTestHarness: null

24-10-2024T22:18:43 - [TEST_STEP][PASSED] - openBrowser(testHarnessURL): Browser is opened with url: 'https://dev-algorithm.govolution.com/vrelaytest/QA2/version_2_2/vrelaytest.html'

24-10-2024T22:18:43 - [MESSAGE][INFO] - Starting 'Edge Chromium' driver

24-10-2024T22:18:43 - [MESSAGE][INFO] - User set preference: ['acceptInsecureCerts', 'true']

24-10-2024T22:18:45 - [MESSAGE][INFO] - Action delay is set to 0 milliseconds

24-10-2024T22:18:49 - [MESSAGE][PASSED] - Browser is opened with url: 'https://dev-algorithm.govolution.com/vrelaytest/QA2/version_2_2/vrelaytest.html'

24-10-2024T22:18:49 - [TEST_STEP][PASSED] - maximizeWindow(): Current window maximized

24-10-2024T22:18:49 - [MESSAGE][PASSED] - Current window maximized

24-10-2024T22:18:49 - [TEST_STEP][PASSED] - iwpPages.TestHarnessPage.setDataMethod(row, dataFile): iwpPages.TestHarnessPage.setDataMethod is PASSED

24-10-2024T22:18:49 - [MESSAGE][PASSED] - Object 'Object Repository/IWP30/Page_QATestHarness/RemittanceID' is present

24-10-2024T22:18:50 - [MESSAGE][PASSED] - Text '638' is set on object 'Object Repository/IWP30/Page_QATestHarness/ApplicationID'

24-10-2024T22:18:50 - [MESSAGE][PASSED] - Text '2.5' is set on object 'Object Repository/IWP30/Page_QATestHarness/MessageVersion'

24-10-2024T22:18:51 - [MESSAGE][PASSED] - Text '2BgCFRMUnWGW' is set on object 'Object Repository/IWP30/Page_QATestHarness/RemittanceID'

24-10-2024T22:18:56 - [MESSAGE][PASSED] - Object: 'Object Repository/IWP30/Page_QATestHarness/SubmitButton' is clicked on

24-10-2024T22:18:56 - [MESSAGE][PASSED] - iwpPages.TestHarnessPage.setDataMethod is PASSED

24-10-2024T22:18:56 - [TEST_STEP][PASSED] - click(findTestObject("Object Repository/IWP30/Page_SelectPaymentMethod/PayByCreditCard")): Object: 'Object Repository/IWP30/Page_SelectPaymentMethod/PayByCreditCard' is clicked on

24-10-2024T22:18:56 - [MESSAGE][PASSED] - Object: 'Object Repository/IWP30/Page_SelectPaymentMethod/PayByCreditCard' is clicked on

24-10-2024T22:18:57 - [TEST_STEP][PASSED] - click(findTestObject("Object Repository/IWP30/Page_SelectPaymentMethod/MakePaymentButton")): Object: 'Object Repository/IWP30/Page_SelectPaymentMethod/MakePaymentButton' is clicked on

24-10-2024T22:19:00 - [MESSAGE][PASSED] - Object: 'Object Repository/IWP30/Page_SelectPaymentMethod/MakePaymentButton' is clicked on

24-10-2024T22:19:00 - [TEST_STEP][PASSED] - iwpPages.ccPaymentEntryPage.setDataCCPM(row, dataFile): iwpPages.ccPaymentEntryPage.setDataCCPM is PASSED

24-10-2024T22:19:01 - [MESSAGE][PASSED] - Object 'Object Repository/IWP30/Page_CCPaymentEntry/Name' is present

24-10-2024T22:19:02 - [MESSAGE][PASSED] - Text '11.50' is set on object 'Object Repository/IWP30/Page_CCPaymentEntry/Amount'

24-10-2024T22:19:02 - [MESSAGE][PASSED] - All options with label 'Soccer' are selected in object 'Object Repository/IWP30/Page_CCPaymentEntry/UserDefined8' 

24-10-2024T22:19:02 - [MESSAGE][PASSED] - Object 'Object Repository/IWP30/Page_CCPaymentEntry/Name' is present

24-10-2024T22:19:03 - [MESSAGE][PASSED] - Object 'Object Repository/IWP30/Page_CCPaymentEntry/CardNumber' is present

24-10-2024T22:19:03 - [MESSAGE][PASSED] - Text '4111111111111111' is set on object 'Object Repository/IWP30/Page_CCPaymentEntry/CardNumber'

24-10-2024T22:19:04 - [MESSAGE][PASSED] - Text '123' is set on object 'Object Repository/IWP30/Page_CCPaymentEntry/SPC'

24-10-2024T22:19:04 - [MESSAGE][PASSED] - Object 'Object Repository/IWP30/Page_CCPaymentEntry/Month' is present

24-10-2024T22:19:05 - [MESSAGE][PASSED] - All options with label '09' are selected in object 'Object Repository/IWP30/Page_CCPaymentEntry/Month' 

24-10-2024T22:19:05 - [MESSAGE][PASSED] - Object 'Object Repository/IWP30/Page_CCPaymentEntry/Year' is present

24-10-2024T22:19:06 - [MESSAGE][PASSED] - All options with label '2028' are selected in object 'Object Repository/IWP30/Page_CCPaymentEntry/Year' 

24-10-2024T22:19:06 - [MESSAGE][PASSED] - Object 'Object Repository/IWP30/Page_CCPaymentEntry/EmailAddress' is present

24-10-2024T22:19:06 - [MESSAGE][PASSED] - Object 'Object Repository/IWP30/Page_CCPaymentEntry/TermCondCheckBox' is present

24-10-2024T22:19:06 - [MESSAGE][PASSED] - Object 'Object Repository/IWP30/Page_CCPaymentEntry/TermCondCheckBox' is checked

24-10-2024T22:19:07 - [MESSAGE][PASSED] - Object 'Object Repository/IWP30/Page_CCPaymentEntry/ContinueButton' is present

24-10-2024T22:19:08 - [MESSAGE][PASSED] - Object: 'Object Repository/IWP30/Page_CCPaymentEntry/ContinueButton' is clicked on

24-10-2024T22:19:08 - [MESSAGE][PASSED] - iwpPages.ccPaymentEntryPage.setDataCCPM is PASSED

24-10-2024T22:19:08 - [TEST_STEP][PASSED] - click(findTestObject("Object Repository/IWP30/Page_Confirmation/ConfirmButton")): Object: 'Object Repository/IWP30/Page_Confirmation/ConfirmButton' is clicked on

24-10-2024T22:19:11 - [MESSAGE][PASSED] - Object: 'Object Repository/IWP30/Page_Confirmation/ConfirmButton' is clicked on

24-10-2024T22:19:11 - [TEST_STEP][PASSED] - Thread.sleep(10000): null

24-10-2024T22:19:21 - [TEST_STEP][PASSED] - if (verifyTextPresent("Successful Payment Receipt", false)): null

24-10-2024T22:19:21 - [MESSAGE][PASSED] - Text 'Successful Payment Receipt' is present on page 

24-10-2024T22:19:21 - [TEST_STEP][PASSED] - println("Successful Payment Receipt text is present on the Receipt page"): null

24-10-2024T22:19:21 - [TEST_STEP][PASSED] - markPassed("Successful Payment Receipt text is present on the Receipt page"): Successful Payment Receipt text is present on the Receipt page

24-10-2024T22:19:21 - [MESSAGE][PASSED] - Successful Payment Receipt text is present on the Receipt page

24-10-2024T22:19:21 - [TEST_STEP][PASSED] - resText = "Pass": null

24-10-2024T22:19:21 - [TEST_STEP][PASSED] - pages.WriteExcel.demoKey(resText, datText, resColumn, datCloumn, fileLoc, nameSheet, row): pages.WriteExcel.demoKey is PASSED

24-10-2024T22:19:21 - [MESSAGE][PASSED] - pages.WriteExcel.demoKey is PASSED

24-10-2024T22:19:21 - [TEST_STEP][PASSED] - closeBrowser(): Browser is closed

24-10-2024T22:19:22 - [MESSAGE][PASSED] - Browser is closed

24-10-2024T22:19:22 - [TEST_STEP][PASSED] - ExecuteTC = findTestData(dataFile).getValue("Execute", row): null

24-10-2024T22:19:22 - [TEST_STEP][PASSED] - out.println("Value of Execute is : " + ExecuteTC): null

24-10-2024T22:19:22 - [TEST_STEP][PASSED] - if (ExecuteTC.equalsIgnoreCase("Y")): null

24-10-2024T22:19:22 - [TEST_STEP][PASSED] - out.println("Begin Record Number: " + row): null

24-10-2024T22:19:22 - [TEST_STEP][PASSED] - today = new java.util.Date(): null

24-10-2024T22:19:22 - [TEST_STEP][PASSED] - println(today): null

24-10-2024T22:19:22 - [TEST_STEP][PASSED] - datText = today: null

24-10-2024T22:19:22 - [TEST_STEP][PASSED] - EmulatorDataKey = findTestData(dataFile).getValue("EmulatorData", row): null

24-10-2024T22:19:22 - [TEST_STEP][PASSED] - out.println("Value of Emulator Key is : " + EmulatorDataKey): null

24-10-2024T22:19:22 - [TEST_STEP][PASSED] - iwpPages.emulatorIWP30.setDataEmulator_DD(EmulatorDataKey): iwpPages.emulatorIWP30.setDataEmulator_DD is PASSED

24-10-2024T22:19:22 - [MESSAGE][INFO] - Starting 'Edge Chromium' driver

24-10-2024T22:19:22 - [MESSAGE][INFO] - User set preference: ['acceptInsecureCerts', 'true']

24-10-2024T22:19:24 - [MESSAGE][INFO] - Action delay is set to 0 milliseconds

24-10-2024T22:19:28 - [MESSAGE][PASSED] - Browser is opened with url: 'https://qa2.velocitypayment.com/agencyx/config.action?action=editor&message_version=2_5'

24-10-2024T22:19:28 - [MESSAGE][PASSED] - Current window maximized

24-10-2024T22:19:59 - [MESSAGE][INFO] - Unable to find the element located by 'By.xpath: //select[@name='message_version']'. Please recheck the objects properties to make sure the desired element is located. 

24-10-2024T22:19:59 - [MESSAGE][WARNING] - [SELF-HEALING] Failed to find element with id 'Object Repository/IWP30/Page_VRelay30Emulator/MV'. Try using Self-healing.

24-10-2024T22:19:59 - [MESSAGE][WARNING] - [SELF-HEALING] The current locator of test object 'Object Repository/IWP30/Page_VRelay30Emulator/MV' was broken. Propose an alternative one: '(.//*[normalize-space(text()) and normalize-space(.)='Message Version'])[1]/following::select[1]'.

24-10-2024T22:20:00 - [MESSAGE][PASSED] - All options with value '2.5' are selected in object 'Object Repository/IWP30/Page_VRelay30Emulator/MV'  using regular expression

24-10-2024T22:20:01 - [MESSAGE][PASSED] - Text '10.50' is set on object 'Object Repository/IWP30/Page_EmulatorAgencyX/Amount'

24-10-2024T22:20:01 - [MESSAGE][PASSED] - Text 'FsiTBLzj3YN5' is set on object 'Object Repository/IWP30/Page_EmulatorAgencyX/CAN'

24-10-2024T22:20:02 - [MESSAGE][PASSED] - Text 'PayNow' is set on object 'Object Repository/IWP30/Page_EmulatorAgencyX/Action'

24-10-2024T22:20:02 - [MESSAGE][PASSED] - Text 'en_US' is set on object 'Object Repository/IWP30/Page_EmulatorAgencyX/Lang'

24-10-2024T22:20:03 - [MESSAGE][PASSED] - Text 'Jasmine' is set on object 'Object Repository/IWP30/Page_EmulatorAgencyX/Fname'

24-10-2024T22:20:04 - [MESSAGE][PASSED] - Text 'Patrinol' is set on object 'Object Repository/IWP30/Page_EmulatorAgencyX/Lname'

24-10-2024T22:20:04 - [MESSAGE][PASSED] - Text '258 Underwood rd' is set on object 'Object Repository/IWP30/Page_EmulatorAgencyX/AL1'

24-10-2024T22:20:05 - [MESSAGE][PASSED] - Text 'Suite 600' is set on object 'Object Repository/IWP30/Page_EmulatorAgencyX/AL2'

24-10-2024T22:20:05 - [MESSAGE][PASSED] - Text '840' is set on object 'Object Repository/IWP30/Page_EmulatorAgencyX/Country'

24-10-2024T22:20:06 - [MESSAGE][PASSED] - Text 'Arlington' is set on object 'Object Repository/IWP30/Page_EmulatorAgencyX/City'

24-10-2024T22:20:07 - [MESSAGE][PASSED] - Text 'VA' is set on object 'Object Repository/IWP30/Page_EmulatorAgencyX/State'

24-10-2024T22:20:07 - [MESSAGE][PASSED] - Text '22201' is set on object 'Object Repository/IWP30/Page_EmulatorAgencyX/ZIP'

24-10-2024T22:20:08 - [MESSAGE][PASSED] - Text '' is set on object 'Object Repository/IWP30/Page_EmulatorAgencyX/Order'

24-10-2024T22:20:08 - [MESSAGE][PASSED] - Text 'Some Company' is set on object 'Object Repository/IWP30/Page_EmulatorAgencyX/Company'

24-10-2024T22:20:09 - [MESSAGE][PASSED] - Text 'iahmed@govolution.com' is set on object 'Object Repository/IWP30/Page_EmulatorAgencyX/Email'

24-10-2024T22:20:10 - [MESSAGE][PASSED] - Text 'udf data 1' is set on object 'Object Repository/IWP30/Page_EmulatorAgencyX/UDF1'

24-10-2024T22:20:10 - [MESSAGE][PASSED] - Text 'udf data 2' is set on object 'Object Repository/IWP30/Page_EmulatorAgencyX/UDF2'

24-10-2024T22:20:11 - [MESSAGE][PASSED] - Text 'udf data 3' is set on object 'Object Repository/IWP30/Page_EmulatorAgencyX/UDF3'

24-10-2024T22:20:11 - [MESSAGE][PASSED] - Text 'udf data 4' is set on object 'Object Repository/IWP30/Page_EmulatorAgencyX/UDF4'

24-10-2024T22:20:12 - [MESSAGE][PASSED] - Text 'udf data 5' is set on object 'Object Repository/IWP30/Page_EmulatorAgencyX/UDF5'

24-10-2024T22:20:13 - [MESSAGE][PASSED] - Text 'udf data 6' is set on object 'Object Repository/IWP30/Page_EmulatorAgencyX/UDF6'

24-10-2024T22:20:13 - [MESSAGE][PASSED] - Text 'Orange' is set on object 'Object Repository/IWP30/Page_EmulatorAgencyX/UDF7'

24-10-2024T22:20:14 - [MESSAGE][PASSED] - Text 'Soccer' is set on object 'Object Repository/IWP30/Page_EmulatorAgencyX/UDF8'

24-10-2024T22:20:14 - [MESSAGE][PASSED] - Text 'udf data 9' is set on object 'Object Repository/IWP30/Page_EmulatorAgencyX/UDF9'

24-10-2024T22:20:15 - [MESSAGE][PASSED] - Text 'udf data 10' is set on object 'Object Repository/IWP30/Page_EmulatorAgencyX/UDF10'

24-10-2024T22:20:16 - [MESSAGE][PASSED] - Object: 'Object Repository/IWP30/Page_EmulatorAgencyX/Submit' is clicked on

24-10-2024T22:20:21 - [MESSAGE][PASSED] - Browser is closed

24-10-2024T22:20:25 - [MESSAGE][PASSED] - iwpPages.emulatorIWP30.setDataEmulator_DD is PASSED

24-10-2024T22:20:25 - [TEST_STEP][PASSED] - testHarnessURL = urlTestHarness: null

24-10-2024T22:20:25 - [TEST_STEP][PASSED] - openBrowser(testHarnessURL): Browser is opened with url: 'https://dev-algorithm.govolution.com/vrelaytest/QA2/version_2_2/vrelaytest.html'

24-10-2024T22:20:25 - [MESSAGE][INFO] - Starting 'Edge Chromium' driver

24-10-2024T22:20:25 - [MESSAGE][INFO] - User set preference: ['acceptInsecureCerts', 'true']

24-10-2024T22:20:27 - [MESSAGE][INFO] - Action delay is set to 0 milliseconds

24-10-2024T22:20:30 - [MESSAGE][PASSED] - Browser is opened with url: 'https://dev-algorithm.govolution.com/vrelaytest/QA2/version_2_2/vrelaytest.html'

24-10-2024T22:20:30 - [TEST_STEP][PASSED] - maximizeWindow(): Current window maximized

24-10-2024T22:20:31 - [MESSAGE][PASSED] - Current window maximized

24-10-2024T22:20:31 - [TEST_STEP][PASSED] - iwpPages.TestHarnessPage.setDataMethod(row, dataFile): iwpPages.TestHarnessPage.setDataMethod is PASSED

24-10-2024T22:20:31 - [MESSAGE][PASSED] - Object 'Object Repository/IWP30/Page_QATestHarness/RemittanceID' is present

24-10-2024T22:20:31 - [MESSAGE][PASSED] - Text '638' is set on object 'Object Repository/IWP30/Page_QATestHarness/ApplicationID'

24-10-2024T22:20:32 - [MESSAGE][PASSED] - Text '2.5' is set on object 'Object Repository/IWP30/Page_QATestHarness/MessageVersion'

24-10-2024T22:20:33 - [MESSAGE][PASSED] - Text 'ICfczjZfRTRV' is set on object 'Object Repository/IWP30/Page_QATestHarness/RemittanceID'

24-10-2024T22:20:36 - [MESSAGE][PASSED] - Object: 'Object Repository/IWP30/Page_QATestHarness/SubmitButton' is clicked on

24-10-2024T22:20:36 - [MESSAGE][PASSED] - iwpPages.TestHarnessPage.setDataMethod is PASSED

24-10-2024T22:20:36 - [TEST_STEP][PASSED] - click(findTestObject("Object Repository/IWP30/Page_SelectPaymentMethod/PayByCreditCard")): Object: 'Object Repository/IWP30/Page_SelectPaymentMethod/PayByCreditCard' is clicked on

24-10-2024T22:20:37 - [MESSAGE][PASSED] - Object: 'Object Repository/IWP30/Page_SelectPaymentMethod/PayByCreditCard' is clicked on

24-10-2024T22:20:37 - [TEST_STEP][PASSED] - click(findTestObject("Object Repository/IWP30/Page_SelectPaymentMethod/MakePaymentButton")): Object: 'Object Repository/IWP30/Page_SelectPaymentMethod/MakePaymentButton' is clicked on

24-10-2024T22:20:40 - [MESSAGE][PASSED] - Object: 'Object Repository/IWP30/Page_SelectPaymentMethod/MakePaymentButton' is clicked on

24-10-2024T22:20:40 - [TEST_STEP][PASSED] - iwpPages.ccPaymentEntryPage.setDataCCPM(row, dataFile): iwpPages.ccPaymentEntryPage.setDataCCPM is PASSED

24-10-2024T22:20:41 - [MESSAGE][PASSED] - Object 'Object Repository/IWP30/Page_CCPaymentEntry/Name' is present

24-10-2024T22:20:42 - [MESSAGE][PASSED] - Text '9.50' is set on object 'Object Repository/IWP30/Page_CCPaymentEntry/Amount'

24-10-2024T22:20:42 - [MESSAGE][PASSED] - All options with label 'Soccer' are selected in object 'Object Repository/IWP30/Page_CCPaymentEntry/UserDefined8' 

24-10-2024T22:20:43 - [MESSAGE][PASSED] - Object 'Object Repository/IWP30/Page_CCPaymentEntry/Name' is present

24-10-2024T22:20:43 - [MESSAGE][PASSED] - Object 'Object Repository/IWP30/Page_CCPaymentEntry/CardNumber' is present

24-10-2024T22:20:43 - [MESSAGE][PASSED] - Text '4111111111111111' is set on object 'Object Repository/IWP30/Page_CCPaymentEntry/CardNumber'

24-10-2024T22:20:44 - [MESSAGE][PASSED] - Text '123' is set on object 'Object Repository/IWP30/Page_CCPaymentEntry/SPC'

24-10-2024T22:20:45 - [MESSAGE][PASSED] - Object 'Object Repository/IWP30/Page_CCPaymentEntry/Month' is present

24-10-2024T22:20:45 - [MESSAGE][PASSED] - All options with label '09' are selected in object 'Object Repository/IWP30/Page_CCPaymentEntry/Month' 

24-10-2024T22:20:45 - [MESSAGE][PASSED] - Object 'Object Repository/IWP30/Page_CCPaymentEntry/Year' is present

24-10-2024T22:20:46 - [MESSAGE][PASSED] - All options with label '2028' are selected in object 'Object Repository/IWP30/Page_CCPaymentEntry/Year' 

24-10-2024T22:20:46 - [MESSAGE][PASSED] - Object 'Object Repository/IWP30/Page_CCPaymentEntry/EmailAddress' is present

24-10-2024T22:20:46 - [MESSAGE][PASSED] - Object 'Object Repository/IWP30/Page_CCPaymentEntry/TermCondCheckBox' is present

24-10-2024T22:20:47 - [MESSAGE][PASSED] - Object 'Object Repository/IWP30/Page_CCPaymentEntry/TermCondCheckBox' is checked

24-10-2024T22:20:47 - [MESSAGE][PASSED] - Object 'Object Repository/IWP30/Page_CCPaymentEntry/ContinueButton' is present

24-10-2024T22:20:49 - [MESSAGE][PASSED] - Object: 'Object Repository/IWP30/Page_CCPaymentEntry/ContinueButton' is clicked on

24-10-2024T22:20:49 - [MESSAGE][PASSED] - iwpPages.ccPaymentEntryPage.setDataCCPM is PASSED

24-10-2024T22:20:49 - [TEST_STEP][PASSED] - click(findTestObject("Object Repository/IWP30/Page_Confirmation/ConfirmButton")): Object: 'Object Repository/IWP30/Page_Confirmation/ConfirmButton' is clicked on

24-10-2024T22:20:51 - [MESSAGE][PASSED] - Object: 'Object Repository/IWP30/Page_Confirmation/ConfirmButton' is clicked on

24-10-2024T22:20:51 - [TEST_STEP][PASSED] - Thread.sleep(10000): null

24-10-2024T22:21:01 - [TEST_STEP][PASSED] - if (verifyTextPresent("Successful Payment Receipt", false)): null

24-10-2024T22:21:01 - [MESSAGE][PASSED] - Text 'Successful Payment Receipt' is present on page 

24-10-2024T22:21:01 - [TEST_STEP][PASSED] - println("Successful Payment Receipt text is present on the Receipt page"): null

24-10-2024T22:21:01 - [TEST_STEP][PASSED] - markPassed("Successful Payment Receipt text is present on the Receipt page"): Successful Payment Receipt text is present on the Receipt page

24-10-2024T22:21:01 - [MESSAGE][PASSED] - Successful Payment Receipt text is present on the Receipt page

24-10-2024T22:21:01 - [TEST_STEP][PASSED] - resText = "Pass": null

24-10-2024T22:21:01 - [TEST_STEP][PASSED] - pages.WriteExcel.demoKey(resText, datText, resColumn, datCloumn, fileLoc, nameSheet, row): pages.WriteExcel.demoKey is PASSED

24-10-2024T22:21:01 - [MESSAGE][PASSED] - pages.WriteExcel.demoKey is PASSED

24-10-2024T22:21:01 - [TEST_STEP][PASSED] - closeBrowser(): Browser is closed

24-10-2024T22:21:02 - [MESSAGE][PASSED] - Browser is closed

24-10-2024T22:21:02 - [TEST_STEP][PASSED] - ExecuteTC = findTestData(dataFile).getValue("Execute", row): null

24-10-2024T22:21:02 - [TEST_STEP][PASSED] - out.println("Value of Execute is : " + ExecuteTC): null

24-10-2024T22:21:02 - [TEST_STEP][PASSED] - if (ExecuteTC.equalsIgnoreCase("Y")): null

24-10-2024T22:21:02 - [TEST_STEP][PASSED] - out.println("Begin Record Number: " + row): null

24-10-2024T22:21:02 - [TEST_STEP][PASSED] - today = new java.util.Date(): null

24-10-2024T22:21:02 - [TEST_STEP][PASSED] - println(today): null

24-10-2024T22:21:02 - [TEST_STEP][PASSED] - datText = today: null

24-10-2024T22:21:02 - [TEST_STEP][PASSED] - EmulatorDataKey = findTestData(dataFile).getValue("EmulatorData", row): null

24-10-2024T22:21:02 - [TEST_STEP][PASSED] - out.println("Value of Emulator Key is : " + EmulatorDataKey): null

24-10-2024T22:21:02 - [TEST_STEP][PASSED] - iwpPages.emulatorIWP30.setDataEmulator_DD(EmulatorDataKey): iwpPages.emulatorIWP30.setDataEmulator_DD is PASSED

24-10-2024T22:21:02 - [MESSAGE][INFO] - Starting 'Edge Chromium' driver

24-10-2024T22:21:02 - [MESSAGE][INFO] - User set preference: ['acceptInsecureCerts', 'true']

24-10-2024T22:21:04 - [MESSAGE][INFO] - Action delay is set to 0 milliseconds

24-10-2024T22:21:07 - [MESSAGE][PASSED] - Browser is opened with url: 'https://qa2.velocitypayment.com/agencyx/config.action?action=editor&message_version=3_0'

24-10-2024T22:21:08 - [MESSAGE][PASSED] - Current window maximized

24-10-2024T22:21:39 - [MESSAGE][INFO] - Unable to find the element located by 'By.xpath: //select[@name='message_version']'. Please recheck the objects properties to make sure the desired element is located. 

24-10-2024T22:21:39 - [MESSAGE][WARNING] - [SELF-HEALING] Failed to find element with id 'Object Repository/IWP30/Page_VRelay30Emulator/MV'. Try using Self-healing.

24-10-2024T22:21:39 - [MESSAGE][WARNING] - [SELF-HEALING] The current locator of test object 'Object Repository/IWP30/Page_VRelay30Emulator/MV' was broken. Propose an alternative one: '(.//*[normalize-space(text()) and normalize-space(.)='Message Version'])[1]/following::select[1]'.

24-10-2024T22:21:40 - [MESSAGE][PASSED] - All options with value '3.0' are selected in object 'Object Repository/IWP30/Page_VRelay30Emulator/MV'  using regular expression

24-10-2024T22:21:41 - [MESSAGE][PASSED] - Text '10.50' is set on object 'Object Repository/IWP30/Page_EmulatorAgencyX/Amount'

24-10-2024T22:21:41 - [MESSAGE][PASSED] - Text 'ph8uBimPDXJW' is set on object 'Object Repository/IWP30/Page_EmulatorAgencyX/CAN'

24-10-2024T22:21:42 - [MESSAGE][PASSED] - Text 'PayNow' is set on object 'Object Repository/IWP30/Page_EmulatorAgencyX/Action'

24-10-2024T22:21:42 - [MESSAGE][PASSED] - Text 'en_US' is set on object 'Object Repository/IWP30/Page_EmulatorAgencyX/Lang'

24-10-2024T22:21:43 - [MESSAGE][PASSED] - Text 'Jasmine' is set on object 'Object Repository/IWP30/Page_EmulatorAgencyX/Fname'

24-10-2024T22:21:44 - [MESSAGE][PASSED] - Text 'Patrinol' is set on object 'Object Repository/IWP30/Page_EmulatorAgencyX/Lname'

24-10-2024T22:21:44 - [MESSAGE][PASSED] - Text '258 Underwood rd' is set on object 'Object Repository/IWP30/Page_EmulatorAgencyX/AL1'

24-10-2024T22:21:45 - [MESSAGE][PASSED] - Text 'Suite 600' is set on object 'Object Repository/IWP30/Page_EmulatorAgencyX/AL2'

24-10-2024T22:21:45 - [MESSAGE][PASSED] - Text '840' is set on object 'Object Repository/IWP30/Page_EmulatorAgencyX/Country'

24-10-2024T22:21:46 - [MESSAGE][PASSED] - Text 'Arlington' is set on object 'Object Repository/IWP30/Page_EmulatorAgencyX/City'

24-10-2024T22:21:47 - [MESSAGE][PASSED] - Text 'VA' is set on object 'Object Repository/IWP30/Page_EmulatorAgencyX/State'

24-10-2024T22:21:47 - [MESSAGE][PASSED] - Text '22201' is set on object 'Object Repository/IWP30/Page_EmulatorAgencyX/ZIP'

24-10-2024T22:21:48 - [MESSAGE][PASSED] - Text '' is set on object 'Object Repository/IWP30/Page_EmulatorAgencyX/Order'

24-10-2024T22:21:48 - [MESSAGE][PASSED] - Text 'Some Company' is set on object 'Object Repository/IWP30/Page_EmulatorAgencyX/Company'

24-10-2024T22:21:49 - [MESSAGE][PASSED] - Text 'iahmed@govolution.com' is set on object 'Object Repository/IWP30/Page_EmulatorAgencyX/Email'

24-10-2024T22:21:50 - [MESSAGE][PASSED] - Text 'udf data 1' is set on object 'Object Repository/IWP30/Page_EmulatorAgencyX/UDF1'

24-10-2024T22:21:50 - [MESSAGE][PASSED] - Text 'udf data 2' is set on object 'Object Repository/IWP30/Page_EmulatorAgencyX/UDF2'

24-10-2024T22:21:51 - [MESSAGE][PASSED] - Text 'udf data 3' is set on object 'Object Repository/IWP30/Page_EmulatorAgencyX/UDF3'

24-10-2024T22:21:51 - [MESSAGE][PASSED] - Text 'udf data 4' is set on object 'Object Repository/IWP30/Page_EmulatorAgencyX/UDF4'

24-10-2024T22:21:52 - [MESSAGE][PASSED] - Text 'udf data 5' is set on object 'Object Repository/IWP30/Page_EmulatorAgencyX/UDF5'

24-10-2024T22:21:53 - [MESSAGE][PASSED] - Text 'udf data 6' is set on object 'Object Repository/IWP30/Page_EmulatorAgencyX/UDF6'

24-10-2024T22:21:53 - [MESSAGE][PASSED] - Text 'Orange' is set on object 'Object Repository/IWP30/Page_EmulatorAgencyX/UDF7'

24-10-2024T22:21:54 - [MESSAGE][PASSED] - Text 'Soccer' is set on object 'Object Repository/IWP30/Page_EmulatorAgencyX/UDF8'

24-10-2024T22:21:54 - [MESSAGE][PASSED] - Text 'udf data 9' is set on object 'Object Repository/IWP30/Page_EmulatorAgencyX/UDF9'

24-10-2024T22:21:55 - [MESSAGE][PASSED] - Text 'udf data 10' is set on object 'Object Repository/IWP30/Page_EmulatorAgencyX/UDF10'

24-10-2024T22:21:56 - [MESSAGE][PASSED] - Object: 'Object Repository/IWP30/Page_EmulatorAgencyX/Submit' is clicked on

24-10-2024T22:22:01 - [MESSAGE][PASSED] - Browser is closed

24-10-2024T22:22:05 - [MESSAGE][PASSED] - iwpPages.emulatorIWP30.setDataEmulator_DD is PASSED

24-10-2024T22:22:05 - [TEST_STEP][PASSED] - testHarnessURL = urlTestHarness: null

24-10-2024T22:22:05 - [TEST_STEP][PASSED] - openBrowser(testHarnessURL): Browser is opened with url: 'https://dev-algorithm.govolution.com/vrelaytest/QA2/version_2_2/vrelaytest.html'

24-10-2024T22:22:05 - [MESSAGE][INFO] - Starting 'Edge Chromium' driver

24-10-2024T22:22:05 - [MESSAGE][INFO] - User set preference: ['acceptInsecureCerts', 'true']

24-10-2024T22:22:07 - [MESSAGE][INFO] - Action delay is set to 0 milliseconds

24-10-2024T22:22:12 - [MESSAGE][PASSED] - Browser is opened with url: 'https://dev-algorithm.govolution.com/vrelaytest/QA2/version_2_2/vrelaytest.html'

24-10-2024T22:22:12 - [TEST_STEP][PASSED] - maximizeWindow(): Current window maximized

24-10-2024T22:22:12 - [MESSAGE][PASSED] - Current window maximized

24-10-2024T22:22:12 - [TEST_STEP][PASSED] - iwpPages.TestHarnessPage.setDataMethod(row, dataFile): iwpPages.TestHarnessPage.setDataMethod is PASSED

24-10-2024T22:22:13 - [MESSAGE][PASSED] - Object 'Object Repository/IWP30/Page_QATestHarness/RemittanceID' is present

24-10-2024T22:22:13 - [MESSAGE][PASSED] - Text '649' is set on object 'Object Repository/IWP30/Page_QATestHarness/ApplicationID'

24-10-2024T22:22:14 - [MESSAGE][PASSED] - Text '3.0' is set on object 'Object Repository/IWP30/Page_QATestHarness/MessageVersion'

24-10-2024T22:22:15 - [MESSAGE][PASSED] - Text 'HBtjsKlFiuuF' is set on object 'Object Repository/IWP30/Page_QATestHarness/RemittanceID'

24-10-2024T22:22:18 - [MESSAGE][PASSED] - Object: 'Object Repository/IWP30/Page_QATestHarness/SubmitButton' is clicked on

24-10-2024T22:22:18 - [MESSAGE][PASSED] - iwpPages.TestHarnessPage.setDataMethod is PASSED

24-10-2024T22:22:18 - [TEST_STEP][PASSED] - click(findTestObject("Object Repository/IWP30/Page_SelectPaymentMethod/PayByCreditCard")): Object: 'Object Repository/IWP30/Page_SelectPaymentMethod/PayByCreditCard' is clicked on

24-10-2024T22:22:19 - [MESSAGE][PASSED] - Object: 'Object Repository/IWP30/Page_SelectPaymentMethod/PayByCreditCard' is clicked on

24-10-2024T22:22:19 - [TEST_STEP][PASSED] - click(findTestObject("Object Repository/IWP30/Page_SelectPaymentMethod/MakePaymentButton")): Object: 'Object Repository/IWP30/Page_SelectPaymentMethod/MakePaymentButton' is clicked on

24-10-2024T22:22:22 - [MESSAGE][PASSED] - Object: 'Object Repository/IWP30/Page_SelectPaymentMethod/MakePaymentButton' is clicked on

24-10-2024T22:22:22 - [TEST_STEP][PASSED] - iwpPages.ccPaymentEntryPage.setDataCCPM(row, dataFile): iwpPages.ccPaymentEntryPage.setDataCCPM is PASSED

24-10-2024T22:22:23 - [MESSAGE][PASSED] - Object 'Object Repository/IWP30/Page_CCPaymentEntry/Name' is present

24-10-2024T22:22:24 - [MESSAGE][PASSED] - Text '11.50' is set on object 'Object Repository/IWP30/Page_CCPaymentEntry/Amount'

24-10-2024T22:22:25 - [MESSAGE][PASSED] - All options with label 'Soccer' are selected in object 'Object Repository/IWP30/Page_CCPaymentEntry/UserDefined8' 

24-10-2024T22:22:25 - [MESSAGE][PASSED] - Object 'Object Repository/IWP30/Page_CCPaymentEntry/Name' is present

24-10-2024T22:22:25 - [MESSAGE][PASSED] - Object 'Object Repository/IWP30/Page_CCPaymentEntry/CardNumber' is present

24-10-2024T22:22:26 - [MESSAGE][PASSED] - Text '4111111111111111' is set on object 'Object Repository/IWP30/Page_CCPaymentEntry/CardNumber'

24-10-2024T22:22:26 - [MESSAGE][PASSED] - Text '123' is set on object 'Object Repository/IWP30/Page_CCPaymentEntry/SPC'

24-10-2024T22:22:27 - [MESSAGE][PASSED] - Object 'Object Repository/IWP30/Page_CCPaymentEntry/Month' is present

24-10-2024T22:22:27 - [MESSAGE][PASSED] - All options with label '09' are selected in object 'Object Repository/IWP30/Page_CCPaymentEntry/Month' 

24-10-2024T22:22:28 - [MESSAGE][PASSED] - Object 'Object Repository/IWP30/Page_CCPaymentEntry/Year' is present

24-10-2024T22:22:28 - [MESSAGE][PASSED] - All options with label '2028' are selected in object 'Object Repository/IWP30/Page_CCPaymentEntry/Year' 

24-10-2024T22:22:28 - [MESSAGE][PASSED] - Object 'Object Repository/IWP30/Page_CCPaymentEntry/EmailAddress' is present

24-10-2024T22:22:29 - [MESSAGE][PASSED] - Object 'Object Repository/IWP30/Page_CCPaymentEntry/TermCondCheckBox' is present

24-10-2024T22:22:29 - [MESSAGE][PASSED] - Object 'Object Repository/IWP30/Page_CCPaymentEntry/TermCondCheckBox' is checked

24-10-2024T22:22:29 - [MESSAGE][PASSED] - Object 'Object Repository/IWP30/Page_CCPaymentEntry/ContinueButton' is present

24-10-2024T22:22:30 - [MESSAGE][PASSED] - Object: 'Object Repository/IWP30/Page_CCPaymentEntry/ContinueButton' is clicked on

24-10-2024T22:22:30 - [MESSAGE][PASSED] - iwpPages.ccPaymentEntryPage.setDataCCPM is PASSED

24-10-2024T22:22:30 - [TEST_STEP][PASSED] - click(findTestObject("Object Repository/IWP30/Page_Confirmation/ConfirmButton")): Object: 'Object Repository/IWP30/Page_Confirmation/ConfirmButton' is clicked on

24-10-2024T22:22:32 - [MESSAGE][PASSED] - Object: 'Object Repository/IWP30/Page_Confirmation/ConfirmButton' is clicked on

24-10-2024T22:22:32 - [TEST_STEP][PASSED] - Thread.sleep(10000): null

24-10-2024T22:22:42 - [TEST_STEP][PASSED] - if (verifyTextPresent("Successful Payment Receipt", false)): null

24-10-2024T22:22:42 - [MESSAGE][PASSED] - Text 'Successful Payment Receipt' is present on page 

24-10-2024T22:22:42 - [TEST_STEP][PASSED] - println("Successful Payment Receipt text is present on the Receipt page"): null

24-10-2024T22:22:42 - [TEST_STEP][PASSED] - markPassed("Successful Payment Receipt text is present on the Receipt page"): Successful Payment Receipt text is present on the Receipt page

24-10-2024T22:22:42 - [MESSAGE][PASSED] - Successful Payment Receipt text is present on the Receipt page

24-10-2024T22:22:42 - [TEST_STEP][PASSED] - resText = "Pass": null

24-10-2024T22:22:42 - [TEST_STEP][PASSED] - pages.WriteExcel.demoKey(resText, datText, resColumn, datCloumn, fileLoc, nameSheet, row): pages.WriteExcel.demoKey is PASSED

24-10-2024T22:22:42 - [MESSAGE][PASSED] - pages.WriteExcel.demoKey is PASSED

24-10-2024T22:22:42 - [TEST_STEP][PASSED] - closeBrowser(): Browser is closed

24-10-2024T22:22:43 - [MESSAGE][PASSED] - Browser is closed

24-10-2024T22:22:43 - [TEST_STEP][PASSED] - ExecuteTC = findTestData(dataFile).getValue("Execute", row): null

24-10-2024T22:22:43 - [TEST_STEP][PASSED] - out.println("Value of Execute is : " + ExecuteTC): null

24-10-2024T22:22:43 - [TEST_STEP][PASSED] - if (ExecuteTC.equalsIgnoreCase("Y")): null

24-10-2024T22:22:43 - [TEST_STEP][PASSED] - out.println("Begin Record Number: " + row): null

24-10-2024T22:22:43 - [TEST_STEP][PASSED] - today = new java.util.Date(): null

24-10-2024T22:22:43 - [TEST_STEP][PASSED] - println(today): null

24-10-2024T22:22:43 - [TEST_STEP][PASSED] - datText = today: null

24-10-2024T22:22:43 - [TEST_STEP][PASSED] - EmulatorDataKey = findTestData(dataFile).getValue("EmulatorData", row): null

24-10-2024T22:22:43 - [TEST_STEP][PASSED] - out.println("Value of Emulator Key is : " + EmulatorDataKey): null

24-10-2024T22:22:43 - [TEST_STEP][PASSED] - iwpPages.emulatorIWP30.setDataEmulator_DD(EmulatorDataKey): iwpPages.emulatorIWP30.setDataEmulator_DD is PASSED

24-10-2024T22:22:43 - [MESSAGE][INFO] - Starting 'Edge Chromium' driver

24-10-2024T22:22:43 - [MESSAGE][INFO] - User set preference: ['acceptInsecureCerts', 'true']

24-10-2024T22:22:45 - [MESSAGE][INFO] - Action delay is set to 0 milliseconds

24-10-2024T22:22:49 - [MESSAGE][PASSED] - Browser is opened with url: 'https://qa2.velocitypayment.com/agencyx/config.action?action=editor&message_version=3_0'

24-10-2024T22:22:49 - [MESSAGE][PASSED] - Current window maximized

24-10-2024T22:23:20 - [MESSAGE][INFO] - Unable to find the element located by 'By.xpath: //select[@name='message_version']'. Please recheck the objects properties to make sure the desired element is located. 

24-10-2024T22:23:20 - [MESSAGE][WARNING] - [SELF-HEALING] Failed to find element with id 'Object Repository/IWP30/Page_VRelay30Emulator/MV'. Try using Self-healing.

24-10-2024T22:23:21 - [MESSAGE][WARNING] - [SELF-HEALING] The current locator of test object 'Object Repository/IWP30/Page_VRelay30Emulator/MV' was broken. Propose an alternative one: '(.//*[normalize-space(text()) and normalize-space(.)='Message Version'])[1]/following::select[1]'.

24-10-2024T22:23:21 - [MESSAGE][PASSED] - All options with value '3.0' are selected in object 'Object Repository/IWP30/Page_VRelay30Emulator/MV'  using regular expression

24-10-2024T22:23:22 - [MESSAGE][PASSED] - Text '10.50' is set on object 'Object Repository/IWP30/Page_EmulatorAgencyX/Amount'

24-10-2024T22:23:23 - [MESSAGE][PASSED] - Text 'h8VtvWyMWguE' is set on object 'Object Repository/IWP30/Page_EmulatorAgencyX/CAN'

24-10-2024T22:23:23 - [MESSAGE][PASSED] - Text 'PayNow' is set on object 'Object Repository/IWP30/Page_EmulatorAgencyX/Action'

24-10-2024T22:23:24 - [MESSAGE][PASSED] - Text 'en_US' is set on object 'Object Repository/IWP30/Page_EmulatorAgencyX/Lang'

24-10-2024T22:23:24 - [MESSAGE][PASSED] - Text 'Jasmine' is set on object 'Object Repository/IWP30/Page_EmulatorAgencyX/Fname'

24-10-2024T22:23:25 - [MESSAGE][PASSED] - Text 'Patrinol' is set on object 'Object Repository/IWP30/Page_EmulatorAgencyX/Lname'

24-10-2024T22:23:26 - [MESSAGE][PASSED] - Text '258 Underwood rd' is set on object 'Object Repository/IWP30/Page_EmulatorAgencyX/AL1'

24-10-2024T22:23:26 - [MESSAGE][PASSED] - Text 'Suite 600' is set on object 'Object Repository/IWP30/Page_EmulatorAgencyX/AL2'

24-10-2024T22:23:27 - [MESSAGE][PASSED] - Text '840' is set on object 'Object Repository/IWP30/Page_EmulatorAgencyX/Country'

24-10-2024T22:23:27 - [MESSAGE][PASSED] - Text 'Arlington' is set on object 'Object Repository/IWP30/Page_EmulatorAgencyX/City'

24-10-2024T22:23:28 - [MESSAGE][PASSED] - Text 'VA' is set on object 'Object Repository/IWP30/Page_EmulatorAgencyX/State'

24-10-2024T22:23:29 - [MESSAGE][PASSED] - Text '22201' is set on object 'Object Repository/IWP30/Page_EmulatorAgencyX/ZIP'

24-10-2024T22:23:29 - [MESSAGE][PASSED] - Text '' is set on object 'Object Repository/IWP30/Page_EmulatorAgencyX/Order'

24-10-2024T22:23:30 - [MESSAGE][PASSED] - Text 'Some Company' is set on object 'Object Repository/IWP30/Page_EmulatorAgencyX/Company'

24-10-2024T22:23:30 - [MESSAGE][PASSED] - Text 'iahmed@govolution.com' is set on object 'Object Repository/IWP30/Page_EmulatorAgencyX/Email'

24-10-2024T22:23:31 - [MESSAGE][PASSED] - Text 'udf data 1' is set on object 'Object Repository/IWP30/Page_EmulatorAgencyX/UDF1'

24-10-2024T22:23:32 - [MESSAGE][PASSED] - Text 'udf data 2' is set on object 'Object Repository/IWP30/Page_EmulatorAgencyX/UDF2'

24-10-2024T22:23:32 - [MESSAGE][PASSED] - Text 'udf data 3' is set on object 'Object Repository/IWP30/Page_EmulatorAgencyX/UDF3'

24-10-2024T22:23:33 - [MESSAGE][PASSED] - Text 'udf data 4' is set on object 'Object Repository/IWP30/Page_EmulatorAgencyX/UDF4'

24-10-2024T22:23:33 - [MESSAGE][PASSED] - Text 'udf data 5' is set on object 'Object Repository/IWP30/Page_EmulatorAgencyX/UDF5'

24-10-2024T22:23:34 - [MESSAGE][PASSED] - Text 'udf data 6' is set on object 'Object Repository/IWP30/Page_EmulatorAgencyX/UDF6'

24-10-2024T22:23:35 - [MESSAGE][PASSED] - Text 'Orange' is set on object 'Object Repository/IWP30/Page_EmulatorAgencyX/UDF7'

24-10-2024T22:23:35 - [MESSAGE][PASSED] - Text 'Soccer' is set on object 'Object Repository/IWP30/Page_EmulatorAgencyX/UDF8'

24-10-2024T22:23:36 - [MESSAGE][PASSED] - Text 'udf data 9' is set on object 'Object Repository/IWP30/Page_EmulatorAgencyX/UDF9'

24-10-2024T22:23:37 - [MESSAGE][PASSED] - Text 'udf data 10' is set on object 'Object Repository/IWP30/Page_EmulatorAgencyX/UDF10'

24-10-2024T22:23:38 - [MESSAGE][PASSED] - Object: 'Object Repository/IWP30/Page_EmulatorAgencyX/Submit' is clicked on

24-10-2024T22:23:42 - [MESSAGE][PASSED] - Browser is closed

24-10-2024T22:23:46 - [MESSAGE][PASSED] - iwpPages.emulatorIWP30.setDataEmulator_DD is PASSED

24-10-2024T22:23:46 - [TEST_STEP][PASSED] - testHarnessURL = urlTestHarness: null

24-10-2024T22:23:46 - [TEST_STEP][PASSED] - openBrowser(testHarnessURL): Browser is opened with url: 'https://dev-algorithm.govolution.com/vrelaytest/QA2/version_2_2/vrelaytest.html'

24-10-2024T22:23:46 - [MESSAGE][INFO] - Starting 'Edge Chromium' driver

24-10-2024T22:23:46 - [MESSAGE][INFO] - User set preference: ['acceptInsecureCerts', 'true']

24-10-2024T22:23:49 - [MESSAGE][INFO] - Action delay is set to 0 milliseconds

24-10-2024T22:23:52 - [MESSAGE][PASSED] - Browser is opened with url: 'https://dev-algorithm.govolution.com/vrelaytest/QA2/version_2_2/vrelaytest.html'

24-10-2024T22:23:52 - [TEST_STEP][PASSED] - maximizeWindow(): Current window maximized

24-10-2024T22:23:52 - [MESSAGE][PASSED] - Current window maximized

24-10-2024T22:23:52 - [TEST_STEP][PASSED] - iwpPages.TestHarnessPage.setDataMethod(row, dataFile): iwpPages.TestHarnessPage.setDataMethod is PASSED

24-10-2024T22:23:53 - [MESSAGE][PASSED] - Object 'Object Repository/IWP30/Page_QATestHarness/RemittanceID' is present

24-10-2024T22:23:53 - [MESSAGE][PASSED] - Text '649' is set on object 'Object Repository/IWP30/Page_QATestHarness/ApplicationID'

24-10-2024T22:23:54 - [MESSAGE][PASSED] - Text '3.0' is set on object 'Object Repository/IWP30/Page_QATestHarness/MessageVersion'

24-10-2024T22:23:54 - [MESSAGE][PASSED] - Text '8JGBjkRUygg7' is set on object 'Object Repository/IWP30/Page_QATestHarness/RemittanceID'

24-10-2024T22:23:58 - [MESSAGE][PASSED] - Object: 'Object Repository/IWP30/Page_QATestHarness/SubmitButton' is clicked on

24-10-2024T22:23:58 - [MESSAGE][PASSED] - iwpPages.TestHarnessPage.setDataMethod is PASSED

24-10-2024T22:23:58 - [TEST_STEP][PASSED] - click(findTestObject("Object Repository/IWP30/Page_SelectPaymentMethod/PayByCreditCard")): Object: 'Object Repository/IWP30/Page_SelectPaymentMethod/PayByCreditCard' is clicked on

24-10-2024T22:23:59 - [MESSAGE][PASSED] - Object: 'Object Repository/IWP30/Page_SelectPaymentMethod/PayByCreditCard' is clicked on

24-10-2024T22:23:59 - [TEST_STEP][PASSED] - click(findTestObject("Object Repository/IWP30/Page_SelectPaymentMethod/MakePaymentButton")): Object: 'Object Repository/IWP30/Page_SelectPaymentMethod/MakePaymentButton' is clicked on

24-10-2024T22:24:02 - [MESSAGE][PASSED] - Object: 'Object Repository/IWP30/Page_SelectPaymentMethod/MakePaymentButton' is clicked on

24-10-2024T22:24:02 - [TEST_STEP][PASSED] - iwpPages.ccPaymentEntryPage.setDataCCPM(row, dataFile): iwpPages.ccPaymentEntryPage.setDataCCPM is PASSED

24-10-2024T22:24:03 - [MESSAGE][PASSED] - Object 'Object Repository/IWP30/Page_CCPaymentEntry/Name' is present

24-10-2024T22:24:03 - [MESSAGE][PASSED] - Text '9.50' is set on object 'Object Repository/IWP30/Page_CCPaymentEntry/Amount'

24-10-2024T22:24:04 - [MESSAGE][PASSED] - All options with label 'Soccer' are selected in object 'Object Repository/IWP30/Page_CCPaymentEntry/UserDefined8' 

24-10-2024T22:24:04 - [MESSAGE][PASSED] - Object 'Object Repository/IWP30/Page_CCPaymentEntry/Name' is present

24-10-2024T22:24:04 - [MESSAGE][PASSED] - Object 'Object Repository/IWP30/Page_CCPaymentEntry/CardNumber' is present

24-10-2024T22:24:05 - [MESSAGE][PASSED] - Text '4111111111111111' is set on object 'Object Repository/IWP30/Page_CCPaymentEntry/CardNumber'

24-10-2024T22:24:06 - [MESSAGE][PASSED] - Text '123' is set on object 'Object Repository/IWP30/Page_CCPaymentEntry/SPC'

24-10-2024T22:24:06 - [MESSAGE][PASSED] - Object 'Object Repository/IWP30/Page_CCPaymentEntry/Month' is present

24-10-2024T22:24:07 - [MESSAGE][PASSED] - All options with label '09' are selected in object 'Object Repository/IWP30/Page_CCPaymentEntry/Month' 

24-10-2024T22:24:07 - [MESSAGE][PASSED] - Object 'Object Repository/IWP30/Page_CCPaymentEntry/Year' is present

24-10-2024T22:24:07 - [MESSAGE][PASSED] - All options with label '2028' are selected in object 'Object Repository/IWP30/Page_CCPaymentEntry/Year' 

24-10-2024T22:24:08 - [MESSAGE][PASSED] - Object 'Object Repository/IWP30/Page_CCPaymentEntry/EmailAddress' is present

24-10-2024T22:24:08 - [MESSAGE][PASSED] - Object 'Object Repository/IWP30/Page_CCPaymentEntry/TermCondCheckBox' is present

24-10-2024T22:24:08 - [MESSAGE][PASSED] - Object 'Object Repository/IWP30/Page_CCPaymentEntry/TermCondCheckBox' is checked

24-10-2024T22:24:08 - [MESSAGE][PASSED] - Object 'Object Repository/IWP30/Page_CCPaymentEntry/ContinueButton' is present

24-10-2024T22:24:10 - [MESSAGE][PASSED] - Object: 'Object Repository/IWP30/Page_CCPaymentEntry/ContinueButton' is clicked on

24-10-2024T22:24:10 - [MESSAGE][PASSED] - iwpPages.ccPaymentEntryPage.setDataCCPM is PASSED

24-10-2024T22:24:10 - [TEST_STEP][PASSED] - click(findTestObject("Object Repository/IWP30/Page_Confirmation/ConfirmButton")): Object: 'Object Repository/IWP30/Page_Confirmation/ConfirmButton' is clicked on

24-10-2024T22:24:11 - [MESSAGE][PASSED] - Object: 'Object Repository/IWP30/Page_Confirmation/ConfirmButton' is clicked on

24-10-2024T22:24:11 - [TEST_STEP][PASSED] - Thread.sleep(10000): null

24-10-2024T22:24:21 - [TEST_STEP][PASSED] - if (verifyTextPresent("Successful Payment Receipt", false)): null

24-10-2024T22:24:22 - [MESSAGE][PASSED] - Text 'Successful Payment Receipt' is present on page 

24-10-2024T22:24:22 - [TEST_STEP][PASSED] - println("Successful Payment Receipt text is present on the Receipt page"): null

24-10-2024T22:24:22 - [TEST_STEP][PASSED] - markPassed("Successful Payment Receipt text is present on the Receipt page"): Successful Payment Receipt text is present on the Receipt page

24-10-2024T22:24:22 - [MESSAGE][PASSED] - Successful Payment Receipt text is present on the Receipt page

24-10-2024T22:24:22 - [TEST_STEP][PASSED] - resText = "Pass": null

24-10-2024T22:24:22 - [TEST_STEP][PASSED] - pages.WriteExcel.demoKey(resText, datText, resColumn, datCloumn, fileLoc, nameSheet, row): pages.WriteExcel.demoKey is PASSED

24-10-2024T22:24:22 - [MESSAGE][PASSED] - pages.WriteExcel.demoKey is PASSED

24-10-2024T22:24:22 - [TEST_STEP][PASSED] - closeBrowser(): Browser is closed

24-10-2024T22:24:22 - [MESSAGE][PASSED] - Browser is closed]]></system-out>
         <system-err><![CDATA[]]></system-err>
      </testcase>
      <testcase name="Test Cases/IntegratedWeb/IWP25/Payments/OverAndUnderPayPC" time="468.261" classname="Test Cases/IntegratedWeb/IWP25/Payments/OverAndUnderPayPC" status="PASSED">
         <system-out><![CDATA[24-10-2024T22:24:22 - [TEST_CASE][PASSED] - Test Cases/IntegratedWeb/IWP25/Payments/OverAndUnderPayPC: Test Cases/IntegratedWeb/IWP25/Payments/OverAndUnderPayPC

24-10-2024T22:24:23 - [TEST_STEP][PASSED] - resText = "Fail": null

24-10-2024T22:24:23 - [TEST_STEP][PASSED] - resColumn = "Result": null

24-10-2024T22:24:23 - [TEST_STEP][PASSED] - datCloumn = "Date": null

24-10-2024T22:24:23 - [TEST_STEP][PASSED] - fileLoc = "KatalonData/IWPTestData/VRelay25Payments.xlsx": null

24-10-2024T22:24:23 - [TEST_STEP][PASSED] - numOfRows = <not implemented yet for class: org.codehaus.groovy.ast.expr.EmptyExpression>: null

24-10-2024T22:24:23 - [TEST_STEP][PASSED] - dataFile = <not implemented yet for class: org.codehaus.groovy.ast.expr.EmptyExpression>: null

24-10-2024T22:24:23 - [TEST_STEP][PASSED] - nameSheet = <not implemented yet for class: org.codehaus.groovy.ast.expr.EmptyExpression>: null

24-10-2024T22:24:23 - [TEST_STEP][PASSED] - dataFileEmulator = <not implemented yet for class: org.codehaus.groovy.ast.expr.EmptyExpression>: null

24-10-2024T22:24:23 - [TEST_STEP][PASSED] - isRequiredTextPresent = false: null

24-10-2024T22:24:23 - [TEST_STEP][PASSED] - nameSheet = "OverAndUnderPayPC": null

24-10-2024T22:24:23 - [TEST_STEP][PASSED] - dataFile = "IWPTestData/IWP25OverAndUnderPayPC": null

24-10-2024T22:24:23 - [TEST_STEP][PASSED] - dataFileEmulator = "IWPTestData/EmulatorData": null

24-10-2024T22:24:23 - [TEST_STEP][PASSED] - numOfRows = findTestData(dataFile).getRowNumbers(): null

24-10-2024T22:24:23 - [TEST_STEP][PASSED] - println("Number of Records: " + numOfRows): null

24-10-2024T22:24:23 - [TEST_STEP][PASSED] - for ([row = 1, row <= numOfRows, (row++)]): Browser is closed

24-10-2024T22:24:23 - [TEST_STEP][PASSED] - ExecuteTC = findTestData(dataFile).getValue("Execute", row): null

24-10-2024T22:24:23 - [TEST_STEP][PASSED] - out.println("Value of Execute is : " + ExecuteTC): null

24-10-2024T22:24:23 - [TEST_STEP][PASSED] - if (ExecuteTC.equalsIgnoreCase("Y")): null

24-10-2024T22:24:23 - [TEST_STEP][PASSED] - out.println("Begin Record Number: " + row): null

24-10-2024T22:24:23 - [TEST_STEP][PASSED] - today = new java.util.Date(): null

24-10-2024T22:24:23 - [TEST_STEP][PASSED] - println(today): null

24-10-2024T22:24:23 - [TEST_STEP][PASSED] - datText = today: null

24-10-2024T22:24:23 - [TEST_STEP][PASSED] - EmulatorDataKey = findTestData(dataFile).getValue("EmulatorData", row): null

24-10-2024T22:24:23 - [TEST_STEP][PASSED] - out.println("Value of Emulator Key is : " + EmulatorDataKey): null

24-10-2024T22:24:23 - [TEST_STEP][PASSED] - iwpPages.emulatorIWP30.setDataEmulator_DD(EmulatorDataKey): iwpPages.emulatorIWP30.setDataEmulator_DD is PASSED

24-10-2024T22:24:23 - [MESSAGE][INFO] - Starting 'Edge Chromium' driver

24-10-2024T22:24:23 - [MESSAGE][INFO] - User set preference: ['acceptInsecureCerts', 'true']

24-10-2024T22:24:25 - [MESSAGE][INFO] - Action delay is set to 0 milliseconds

24-10-2024T22:24:29 - [MESSAGE][PASSED] - Browser is opened with url: 'https://qa2.velocitypayment.com/agencyx/config.action?action=editor&message_version=2_5'

24-10-2024T22:24:29 - [MESSAGE][PASSED] - Current window maximized

24-10-2024T22:25:00 - [MESSAGE][INFO] - Unable to find the element located by 'By.xpath: //select[@name='message_version']'. Please recheck the objects properties to make sure the desired element is located. 

24-10-2024T22:25:00 - [MESSAGE][WARNING] - [SELF-HEALING] Failed to find element with id 'Object Repository/IWP30/Page_VRelay30Emulator/MV'. Try using Self-healing.

24-10-2024T22:25:00 - [MESSAGE][WARNING] - [SELF-HEALING] The current locator of test object 'Object Repository/IWP30/Page_VRelay30Emulator/MV' was broken. Propose an alternative one: '(.//*[normalize-space(text()) and normalize-space(.)='Message Version'])[1]/following::select[1]'.

24-10-2024T22:25:01 - [MESSAGE][PASSED] - All options with value '2.5' are selected in object 'Object Repository/IWP30/Page_VRelay30Emulator/MV'  using regular expression

24-10-2024T22:25:02 - [MESSAGE][PASSED] - Text '10.50' is set on object 'Object Repository/IWP30/Page_EmulatorAgencyX/Amount'

24-10-2024T22:25:02 - [MESSAGE][PASSED] - Text 'axLv6I3vo5JI' is set on object 'Object Repository/IWP30/Page_EmulatorAgencyX/CAN'

24-10-2024T22:25:03 - [MESSAGE][PASSED] - Text 'PayNow' is set on object 'Object Repository/IWP30/Page_EmulatorAgencyX/Action'

24-10-2024T22:25:03 - [MESSAGE][PASSED] - Text 'en_US' is set on object 'Object Repository/IWP30/Page_EmulatorAgencyX/Lang'

24-10-2024T22:25:04 - [MESSAGE][PASSED] - Text 'Jasmine' is set on object 'Object Repository/IWP30/Page_EmulatorAgencyX/Fname'

24-10-2024T22:25:05 - [MESSAGE][PASSED] - Text 'Patrinol' is set on object 'Object Repository/IWP30/Page_EmulatorAgencyX/Lname'

24-10-2024T22:25:05 - [MESSAGE][PASSED] - Text '258 Underwood rd' is set on object 'Object Repository/IWP30/Page_EmulatorAgencyX/AL1'

24-10-2024T22:25:06 - [MESSAGE][PASSED] - Text 'Suite 600' is set on object 'Object Repository/IWP30/Page_EmulatorAgencyX/AL2'

24-10-2024T22:25:06 - [MESSAGE][PASSED] - Text '840' is set on object 'Object Repository/IWP30/Page_EmulatorAgencyX/Country'

24-10-2024T22:25:07 - [MESSAGE][PASSED] - Text 'Arlington' is set on object 'Object Repository/IWP30/Page_EmulatorAgencyX/City'

24-10-2024T22:25:08 - [MESSAGE][PASSED] - Text 'VA' is set on object 'Object Repository/IWP30/Page_EmulatorAgencyX/State'

24-10-2024T22:25:08 - [MESSAGE][PASSED] - Text '22201' is set on object 'Object Repository/IWP30/Page_EmulatorAgencyX/ZIP'

24-10-2024T22:25:09 - [MESSAGE][PASSED] - Text '' is set on object 'Object Repository/IWP30/Page_EmulatorAgencyX/Order'

24-10-2024T22:25:09 - [MESSAGE][PASSED] - Text 'Some Company' is set on object 'Object Repository/IWP30/Page_EmulatorAgencyX/Company'

24-10-2024T22:25:10 - [MESSAGE][PASSED] - Text 'iahmed@govolution.com' is set on object 'Object Repository/IWP30/Page_EmulatorAgencyX/Email'

24-10-2024T22:25:11 - [MESSAGE][PASSED] - Text 'udf data 1' is set on object 'Object Repository/IWP30/Page_EmulatorAgencyX/UDF1'

24-10-2024T22:25:11 - [MESSAGE][PASSED] - Text 'udf data 2' is set on object 'Object Repository/IWP30/Page_EmulatorAgencyX/UDF2'

24-10-2024T22:25:12 - [MESSAGE][PASSED] - Text 'udf data 3' is set on object 'Object Repository/IWP30/Page_EmulatorAgencyX/UDF3'

24-10-2024T22:25:12 - [MESSAGE][PASSED] - Text 'udf data 4' is set on object 'Object Repository/IWP30/Page_EmulatorAgencyX/UDF4'

24-10-2024T22:25:13 - [MESSAGE][PASSED] - Text 'udf data 5' is set on object 'Object Repository/IWP30/Page_EmulatorAgencyX/UDF5'

24-10-2024T22:25:13 - [MESSAGE][PASSED] - Text 'udf data 6' is set on object 'Object Repository/IWP30/Page_EmulatorAgencyX/UDF6'

24-10-2024T22:25:14 - [MESSAGE][PASSED] - Text 'Orange' is set on object 'Object Repository/IWP30/Page_EmulatorAgencyX/UDF7'

24-10-2024T22:25:15 - [MESSAGE][PASSED] - Text 'Soccer' is set on object 'Object Repository/IWP30/Page_EmulatorAgencyX/UDF8'

24-10-2024T22:25:15 - [MESSAGE][PASSED] - Text 'udf data 9' is set on object 'Object Repository/IWP30/Page_EmulatorAgencyX/UDF9'

24-10-2024T22:25:16 - [MESSAGE][PASSED] - Text 'udf data 10' is set on object 'Object Repository/IWP30/Page_EmulatorAgencyX/UDF10'

24-10-2024T22:25:17 - [MESSAGE][PASSED] - Object: 'Object Repository/IWP30/Page_EmulatorAgencyX/Submit' is clicked on

24-10-2024T22:25:22 - [MESSAGE][PASSED] - Browser is closed

24-10-2024T22:25:26 - [MESSAGE][PASSED] - iwpPages.emulatorIWP30.setDataEmulator_DD is PASSED

24-10-2024T22:25:26 - [TEST_STEP][PASSED] - testHarnessURL = urlTestHarness: null

24-10-2024T22:25:26 - [TEST_STEP][PASSED] - openBrowser(testHarnessURL): Browser is opened with url: 'https://dev-algorithm.govolution.com/vrelaytest/QA2/version_2_2/vrelaytest.html'

24-10-2024T22:25:26 - [MESSAGE][INFO] - Starting 'Edge Chromium' driver

24-10-2024T22:25:26 - [MESSAGE][INFO] - User set preference: ['acceptInsecureCerts', 'true']

24-10-2024T22:25:28 - [MESSAGE][INFO] - Action delay is set to 0 milliseconds

24-10-2024T22:25:32 - [MESSAGE][PASSED] - Browser is opened with url: 'https://dev-algorithm.govolution.com/vrelaytest/QA2/version_2_2/vrelaytest.html'

24-10-2024T22:25:32 - [TEST_STEP][PASSED] - maximizeWindow(): Current window maximized

24-10-2024T22:25:32 - [MESSAGE][PASSED] - Current window maximized

24-10-2024T22:25:32 - [TEST_STEP][PASSED] - iwpPages.TestHarnessPage.setDataMethod(row, dataFile): iwpPages.TestHarnessPage.setDataMethod is PASSED

24-10-2024T22:25:32 - [MESSAGE][PASSED] - Object 'Object Repository/IWP30/Page_QATestHarness/RemittanceID' is present

24-10-2024T22:25:33 - [MESSAGE][PASSED] - Text '638' is set on object 'Object Repository/IWP30/Page_QATestHarness/ApplicationID'

24-10-2024T22:25:33 - [MESSAGE][PASSED] - Text '2.5' is set on object 'Object Repository/IWP30/Page_QATestHarness/MessageVersion'

24-10-2024T22:25:34 - [MESSAGE][PASSED] - Text 'KMuQDpPG2P9f' is set on object 'Object Repository/IWP30/Page_QATestHarness/RemittanceID'

24-10-2024T22:25:38 - [MESSAGE][PASSED] - Object: 'Object Repository/IWP30/Page_QATestHarness/SubmitButton' is clicked on

24-10-2024T22:25:38 - [MESSAGE][PASSED] - iwpPages.TestHarnessPage.setDataMethod is PASSED

24-10-2024T22:25:38 - [TEST_STEP][PASSED] - click(findTestObject("Object Repository/IWP30/Page_SelectPaymentMethod/PayByPersonalCheck")): Object: 'Object Repository/IWP30/Page_SelectPaymentMethod/PayByPersonalCheck' is clicked on

24-10-2024T22:25:38 - [MESSAGE][PASSED] - Object: 'Object Repository/IWP30/Page_SelectPaymentMethod/PayByPersonalCheck' is clicked on

24-10-2024T22:25:38 - [TEST_STEP][PASSED] - click(findTestObject("Object Repository/IWP30/Page_SelectPaymentMethod/MakePaymentButton")): Object: 'Object Repository/IWP30/Page_SelectPaymentMethod/MakePaymentButton' is clicked on

24-10-2024T22:25:41 - [MESSAGE][PASSED] - Object: 'Object Repository/IWP30/Page_SelectPaymentMethod/MakePaymentButton' is clicked on

24-10-2024T22:25:41 - [TEST_STEP][PASSED] - iwpPages.achPersonalPaymentEntryPage.setDataACHPPM(row, dataFile): iwpPages.achPersonalPaymentEntryPage.setDataACHPPM is PASSED

24-10-2024T22:25:42 - [MESSAGE][PASSED] - Object 'Object Repository/IWP30/Page_ACHPersonalPaymentEntry/txt_accountNumber' is present

24-10-2024T22:25:42 - [MESSAGE][PASSED] - Text '11.50' is set on object 'Object Repository/IWP30/Page_ACHPersonalPaymentEntry/txt_Amount'

24-10-2024T22:25:43 - [MESSAGE][PASSED] - Object 'Object Repository/IWP30/Page_ACHPersonalPaymentEntry/txt_UDF2' is present

24-10-2024T22:25:43 - [MESSAGE][PASSED] - All options with label 'Soccer' are selected in object 'Object Repository/IWP30/Page_ACHPersonalPaymentEntry/dd_UDF8' 

24-10-2024T22:25:43 - [MESSAGE][PASSED] - Object 'Object Repository/IWP30/Page_ACHPersonalPaymentEntry/txt_Firstname' is present

24-10-2024T22:25:44 - [MESSAGE][PASSED] - Text 'Elizath' is set on object 'Object Repository/IWP30/Page_ACHPersonalPaymentEntry/txt_Firstname'

24-10-2024T22:25:44 - [MESSAGE][PASSED] - Object 'Object Repository/IWP30/Page_ACHPersonalPaymentEntry/txt_Lastname' is present

24-10-2024T22:25:45 - [MESSAGE][PASSED] - Text 'Christine' is set on object 'Object Repository/IWP30/Page_ACHPersonalPaymentEntry/txt_Lastname'

24-10-2024T22:25:45 - [MESSAGE][PASSED] - Object 'Object Repository/IWP30/Page_ACHPersonalPaymentEntry/txt_routingNumber' is present

24-10-2024T22:25:46 - [MESSAGE][PASSED] - Text '256072691' is set on object 'Object Repository/IWP30/Page_ACHPersonalPaymentEntry/txt_routingNumber'

24-10-2024T22:25:46 - [MESSAGE][PASSED] - Object 'Object Repository/IWP30/Page_ACHPersonalPaymentEntry/txt_accountNumber' is present

24-10-2024T22:25:47 - [MESSAGE][PASSED] - Text '12344444' is set on object 'Object Repository/IWP30/Page_ACHPersonalPaymentEntry/txt_accountNumber'

24-10-2024T22:25:48 - [MESSAGE][PASSED] - Object 'Object Repository/IWP30/Page_ACHPersonalPaymentEntry/txt_confirmAccountNumber' is present

24-10-2024T22:25:48 - [MESSAGE][PASSED] - Text '12344444' is set on object 'Object Repository/IWP30/Page_ACHPersonalPaymentEntry/txt_confirmAccountNumber'

24-10-2024T22:25:49 - [MESSAGE][PASSED] - Object 'Object Repository/IWP30/Page_ACHPersonalPaymentEntry/rd_accountType' is present

24-10-2024T22:25:49 - [MESSAGE][PASSED] - Modify property of object successfully

24-10-2024T22:25:49 - [MESSAGE][PASSED] - Object: 'Object Repository/IWP30/Page_ACHPersonalPaymentEntry/rd_accountType' is clicked on

24-10-2024T22:25:49 - [MESSAGE][PASSED] - Object 'Object Repository/IWP30/Page_ACHPersonalPaymentEntry/txt_Email' is present

24-10-2024T22:25:50 - [MESSAGE][PASSED] - Object 'Object Repository/IWP30/Page_ACHPersonalPaymentEntry/cb_TermsAndCond' is present

24-10-2024T22:25:50 - [MESSAGE][PASSED] - Object: 'Object Repository/IWP30/Page_ACHPersonalPaymentEntry/cb_TermsAndCond' is clicked on

24-10-2024T22:25:50 - [MESSAGE][PASSED] - Object 'Object Repository/IWP30/Page_ACHPersonalPaymentEntry/btn_Continue' is present

24-10-2024T22:25:52 - [MESSAGE][PASSED] - Object: 'Object Repository/IWP30/Page_ACHPersonalPaymentEntry/btn_Continue' is clicked on

24-10-2024T22:25:52 - [MESSAGE][PASSED] - iwpPages.achPersonalPaymentEntryPage.setDataACHPPM is PASSED

24-10-2024T22:25:52 - [TEST_STEP][PASSED] - click(findTestObject("Object Repository/IWP30/Page_Confirmation/ConfirmButton")): Object: 'Object Repository/IWP30/Page_Confirmation/ConfirmButton' is clicked on

24-10-2024T22:25:54 - [MESSAGE][PASSED] - Object: 'Object Repository/IWP30/Page_Confirmation/ConfirmButton' is clicked on

24-10-2024T22:25:54 - [TEST_STEP][PASSED] - Thread.sleep(10000): null

24-10-2024T22:26:04 - [TEST_STEP][PASSED] - if (verifyTextPresent("Successful Payment Receipt", false)): null

24-10-2024T22:26:04 - [MESSAGE][PASSED] - Text 'Successful Payment Receipt' is present on page 

24-10-2024T22:26:04 - [TEST_STEP][PASSED] - println("Successful Payment Receipt text is present on the Receipt page"): null

24-10-2024T22:26:04 - [TEST_STEP][PASSED] - markPassed("Successful Payment Receipt text is present on the Receipt page"): Successful Payment Receipt text is present on the Receipt page

24-10-2024T22:26:04 - [MESSAGE][PASSED] - Successful Payment Receipt text is present on the Receipt page

24-10-2024T22:26:04 - [TEST_STEP][PASSED] - resText = "Pass": null

24-10-2024T22:26:04 - [TEST_STEP][PASSED] - pages.WriteExcel.demoKey(resText, datText, resColumn, datCloumn, fileLoc, nameSheet, row): pages.WriteExcel.demoKey is PASSED

24-10-2024T22:26:04 - [MESSAGE][PASSED] - pages.WriteExcel.demoKey is PASSED

24-10-2024T22:26:04 - [TEST_STEP][PASSED] - closeBrowser(): Browser is closed

24-10-2024T22:26:05 - [MESSAGE][PASSED] - Browser is closed

24-10-2024T22:26:05 - [TEST_STEP][PASSED] - ExecuteTC = findTestData(dataFile).getValue("Execute", row): null

24-10-2024T22:26:05 - [TEST_STEP][PASSED] - out.println("Value of Execute is : " + ExecuteTC): null

24-10-2024T22:26:05 - [TEST_STEP][PASSED] - if (ExecuteTC.equalsIgnoreCase("Y")): null

24-10-2024T22:26:05 - [TEST_STEP][PASSED] - out.println("Begin Record Number: " + row): null

24-10-2024T22:26:05 - [TEST_STEP][PASSED] - today = new java.util.Date(): null

24-10-2024T22:26:05 - [TEST_STEP][PASSED] - println(today): null

24-10-2024T22:26:05 - [TEST_STEP][PASSED] - datText = today: null

24-10-2024T22:26:05 - [TEST_STEP][PASSED] - EmulatorDataKey = findTestData(dataFile).getValue("EmulatorData", row): null

24-10-2024T22:26:05 - [TEST_STEP][PASSED] - out.println("Value of Emulator Key is : " + EmulatorDataKey): null

24-10-2024T22:26:05 - [TEST_STEP][PASSED] - iwpPages.emulatorIWP30.setDataEmulator_DD(EmulatorDataKey): iwpPages.emulatorIWP30.setDataEmulator_DD is PASSED

24-10-2024T22:26:05 - [MESSAGE][INFO] - Starting 'Edge Chromium' driver

24-10-2024T22:26:05 - [MESSAGE][INFO] - User set preference: ['acceptInsecureCerts', 'true']

24-10-2024T22:26:07 - [MESSAGE][INFO] - Action delay is set to 0 milliseconds

24-10-2024T22:26:11 - [MESSAGE][PASSED] - Browser is opened with url: 'https://qa2.velocitypayment.com/agencyx/config.action?action=editor&message_version=2_5'

24-10-2024T22:26:11 - [MESSAGE][PASSED] - Current window maximized

24-10-2024T22:26:43 - [MESSAGE][INFO] - Unable to find the element located by 'By.xpath: //select[@name='message_version']'. Please recheck the objects properties to make sure the desired element is located. 

24-10-2024T22:26:43 - [MESSAGE][WARNING] - [SELF-HEALING] Failed to find element with id 'Object Repository/IWP30/Page_VRelay30Emulator/MV'. Try using Self-healing.

24-10-2024T22:26:43 - [MESSAGE][WARNING] - [SELF-HEALING] The current locator of test object 'Object Repository/IWP30/Page_VRelay30Emulator/MV' was broken. Propose an alternative one: '(.//*[normalize-space(text()) and normalize-space(.)='Message Version'])[1]/following::select[1]'.

24-10-2024T22:26:43 - [MESSAGE][PASSED] - All options with value '2.5' are selected in object 'Object Repository/IWP30/Page_VRelay30Emulator/MV'  using regular expression

24-10-2024T22:26:44 - [MESSAGE][PASSED] - Text '10.50' is set on object 'Object Repository/IWP30/Page_EmulatorAgencyX/Amount'

24-10-2024T22:26:45 - [MESSAGE][PASSED] - Text 'YkhXwuDUNqV6' is set on object 'Object Repository/IWP30/Page_EmulatorAgencyX/CAN'

24-10-2024T22:26:45 - [MESSAGE][PASSED] - Text 'PayNow' is set on object 'Object Repository/IWP30/Page_EmulatorAgencyX/Action'

24-10-2024T22:26:46 - [MESSAGE][PASSED] - Text 'en_US' is set on object 'Object Repository/IWP30/Page_EmulatorAgencyX/Lang'

24-10-2024T22:26:46 - [MESSAGE][PASSED] - Text 'Jasmine' is set on object 'Object Repository/IWP30/Page_EmulatorAgencyX/Fname'

24-10-2024T22:26:47 - [MESSAGE][PASSED] - Text 'Patrinol' is set on object 'Object Repository/IWP30/Page_EmulatorAgencyX/Lname'

24-10-2024T22:26:48 - [MESSAGE][PASSED] - Text '258 Underwood rd' is set on object 'Object Repository/IWP30/Page_EmulatorAgencyX/AL1'

24-10-2024T22:26:48 - [MESSAGE][PASSED] - Text 'Suite 600' is set on object 'Object Repository/IWP30/Page_EmulatorAgencyX/AL2'

24-10-2024T22:26:49 - [MESSAGE][PASSED] - Text '840' is set on object 'Object Repository/IWP30/Page_EmulatorAgencyX/Country'

24-10-2024T22:26:50 - [MESSAGE][PASSED] - Text 'Arlington' is set on object 'Object Repository/IWP30/Page_EmulatorAgencyX/City'

24-10-2024T22:26:50 - [MESSAGE][PASSED] - Text 'VA' is set on object 'Object Repository/IWP30/Page_EmulatorAgencyX/State'

24-10-2024T22:26:51 - [MESSAGE][PASSED] - Text '22201' is set on object 'Object Repository/IWP30/Page_EmulatorAgencyX/ZIP'

24-10-2024T22:26:51 - [MESSAGE][PASSED] - Text '' is set on object 'Object Repository/IWP30/Page_EmulatorAgencyX/Order'

24-10-2024T22:26:52 - [MESSAGE][PASSED] - Text 'Some Company' is set on object 'Object Repository/IWP30/Page_EmulatorAgencyX/Company'

24-10-2024T22:26:53 - [MESSAGE][PASSED] - Text 'iahmed@govolution.com' is set on object 'Object Repository/IWP30/Page_EmulatorAgencyX/Email'

24-10-2024T22:26:53 - [MESSAGE][PASSED] - Text 'udf data 1' is set on object 'Object Repository/IWP30/Page_EmulatorAgencyX/UDF1'

24-10-2024T22:26:54 - [MESSAGE][PASSED] - Text 'udf data 2' is set on object 'Object Repository/IWP30/Page_EmulatorAgencyX/UDF2'

24-10-2024T22:26:54 - [MESSAGE][PASSED] - Text 'udf data 3' is set on object 'Object Repository/IWP30/Page_EmulatorAgencyX/UDF3'

24-10-2024T22:26:55 - [MESSAGE][PASSED] - Text 'udf data 4' is set on object 'Object Repository/IWP30/Page_EmulatorAgencyX/UDF4'

24-10-2024T22:26:56 - [MESSAGE][PASSED] - Text 'udf data 5' is set on object 'Object Repository/IWP30/Page_EmulatorAgencyX/UDF5'

24-10-2024T22:26:56 - [MESSAGE][PASSED] - Text 'udf data 6' is set on object 'Object Repository/IWP30/Page_EmulatorAgencyX/UDF6'

24-10-2024T22:26:57 - [MESSAGE][PASSED] - Text 'Orange' is set on object 'Object Repository/IWP30/Page_EmulatorAgencyX/UDF7'

24-10-2024T22:26:57 - [MESSAGE][PASSED] - Text 'Soccer' is set on object 'Object Repository/IWP30/Page_EmulatorAgencyX/UDF8'

24-10-2024T22:26:58 - [MESSAGE][PASSED] - Text 'udf data 9' is set on object 'Object Repository/IWP30/Page_EmulatorAgencyX/UDF9'

24-10-2024T22:26:58 - [MESSAGE][PASSED] - Text 'udf data 10' is set on object 'Object Repository/IWP30/Page_EmulatorAgencyX/UDF10'

24-10-2024T22:27:00 - [MESSAGE][PASSED] - Object: 'Object Repository/IWP30/Page_EmulatorAgencyX/Submit' is clicked on

24-10-2024T22:27:04 - [MESSAGE][PASSED] - Browser is closed

24-10-2024T22:27:08 - [MESSAGE][PASSED] - iwpPages.emulatorIWP30.setDataEmulator_DD is PASSED

24-10-2024T22:27:08 - [TEST_STEP][PASSED] - testHarnessURL = urlTestHarness: null

24-10-2024T22:27:08 - [TEST_STEP][PASSED] - openBrowser(testHarnessURL): Browser is opened with url: 'https://dev-algorithm.govolution.com/vrelaytest/QA2/version_2_2/vrelaytest.html'

24-10-2024T22:27:08 - [MESSAGE][INFO] - Starting 'Edge Chromium' driver

24-10-2024T22:27:08 - [MESSAGE][INFO] - User set preference: ['acceptInsecureCerts', 'true']

24-10-2024T22:27:11 - [MESSAGE][INFO] - Action delay is set to 0 milliseconds

24-10-2024T22:27:14 - [MESSAGE][PASSED] - Browser is opened with url: 'https://dev-algorithm.govolution.com/vrelaytest/QA2/version_2_2/vrelaytest.html'

24-10-2024T22:27:14 - [TEST_STEP][PASSED] - maximizeWindow(): Current window maximized

24-10-2024T22:27:14 - [MESSAGE][PASSED] - Current window maximized

24-10-2024T22:27:14 - [TEST_STEP][PASSED] - iwpPages.TestHarnessPage.setDataMethod(row, dataFile): iwpPages.TestHarnessPage.setDataMethod is PASSED

24-10-2024T22:27:14 - [MESSAGE][PASSED] - Object 'Object Repository/IWP30/Page_QATestHarness/RemittanceID' is present

24-10-2024T22:27:15 - [MESSAGE][PASSED] - Text '638' is set on object 'Object Repository/IWP30/Page_QATestHarness/ApplicationID'

24-10-2024T22:27:16 - [MESSAGE][PASSED] - Text '2.5' is set on object 'Object Repository/IWP30/Page_QATestHarness/MessageVersion'

24-10-2024T22:27:17 - [MESSAGE][PASSED] - Text 'gpJ27TDzYNNo' is set on object 'Object Repository/IWP30/Page_QATestHarness/RemittanceID'

24-10-2024T22:27:20 - [MESSAGE][PASSED] - Object: 'Object Repository/IWP30/Page_QATestHarness/SubmitButton' is clicked on

24-10-2024T22:27:20 - [MESSAGE][PASSED] - iwpPages.TestHarnessPage.setDataMethod is PASSED

24-10-2024T22:27:20 - [TEST_STEP][PASSED] - click(findTestObject("Object Repository/IWP30/Page_SelectPaymentMethod/PayByPersonalCheck")): Object: 'Object Repository/IWP30/Page_SelectPaymentMethod/PayByPersonalCheck' is clicked on

24-10-2024T22:27:21 - [MESSAGE][PASSED] - Object: 'Object Repository/IWP30/Page_SelectPaymentMethod/PayByPersonalCheck' is clicked on

24-10-2024T22:27:21 - [TEST_STEP][PASSED] - click(findTestObject("Object Repository/IWP30/Page_SelectPaymentMethod/MakePaymentButton")): Object: 'Object Repository/IWP30/Page_SelectPaymentMethod/MakePaymentButton' is clicked on

24-10-2024T22:27:23 - [MESSAGE][PASSED] - Object: 'Object Repository/IWP30/Page_SelectPaymentMethod/MakePaymentButton' is clicked on

24-10-2024T22:27:23 - [TEST_STEP][PASSED] - iwpPages.achPersonalPaymentEntryPage.setDataACHPPM(row, dataFile): iwpPages.achPersonalPaymentEntryPage.setDataACHPPM is PASSED

24-10-2024T22:27:24 - [MESSAGE][PASSED] - Object 'Object Repository/IWP30/Page_ACHPersonalPaymentEntry/txt_accountNumber' is present

24-10-2024T22:27:25 - [MESSAGE][PASSED] - Text '9.50' is set on object 'Object Repository/IWP30/Page_ACHPersonalPaymentEntry/txt_Amount'

24-10-2024T22:27:25 - [MESSAGE][PASSED] - Object 'Object Repository/IWP30/Page_ACHPersonalPaymentEntry/txt_UDF2' is present

24-10-2024T22:27:26 - [MESSAGE][PASSED] - All options with label 'Soccer' are selected in object 'Object Repository/IWP30/Page_ACHPersonalPaymentEntry/dd_UDF8' 

24-10-2024T22:27:26 - [MESSAGE][PASSED] - Object 'Object Repository/IWP30/Page_ACHPersonalPaymentEntry/txt_Firstname' is present

24-10-2024T22:27:27 - [MESSAGE][PASSED] - Text 'Elizath' is set on object 'Object Repository/IWP30/Page_ACHPersonalPaymentEntry/txt_Firstname'

24-10-2024T22:27:27 - [MESSAGE][PASSED] - Object 'Object Repository/IWP30/Page_ACHPersonalPaymentEntry/txt_Lastname' is present

24-10-2024T22:27:28 - [MESSAGE][PASSED] - Text 'Christine' is set on object 'Object Repository/IWP30/Page_ACHPersonalPaymentEntry/txt_Lastname'

24-10-2024T22:27:28 - [MESSAGE][PASSED] - Object 'Object Repository/IWP30/Page_ACHPersonalPaymentEntry/txt_routingNumber' is present

24-10-2024T22:27:28 - [MESSAGE][PASSED] - Text '256072691' is set on object 'Object Repository/IWP30/Page_ACHPersonalPaymentEntry/txt_routingNumber'

24-10-2024T22:27:29 - [MESSAGE][PASSED] - Object 'Object Repository/IWP30/Page_ACHPersonalPaymentEntry/txt_accountNumber' is present

24-10-2024T22:27:30 - [MESSAGE][PASSED] - Text '12344444' is set on object 'Object Repository/IWP30/Page_ACHPersonalPaymentEntry/txt_accountNumber'

24-10-2024T22:27:30 - [MESSAGE][PASSED] - Object 'Object Repository/IWP30/Page_ACHPersonalPaymentEntry/txt_confirmAccountNumber' is present

24-10-2024T22:27:31 - [MESSAGE][PASSED] - Text '12344444' is set on object 'Object Repository/IWP30/Page_ACHPersonalPaymentEntry/txt_confirmAccountNumber'

24-10-2024T22:27:31 - [MESSAGE][PASSED] - Object 'Object Repository/IWP30/Page_ACHPersonalPaymentEntry/rd_accountType' is present

24-10-2024T22:27:31 - [MESSAGE][PASSED] - Modify property of object successfully

24-10-2024T22:27:32 - [MESSAGE][PASSED] - Object: 'Object Repository/IWP30/Page_ACHPersonalPaymentEntry/rd_accountType' is clicked on

24-10-2024T22:27:32 - [MESSAGE][PASSED] - Object 'Object Repository/IWP30/Page_ACHPersonalPaymentEntry/txt_Email' is present

24-10-2024T22:27:32 - [MESSAGE][PASSED] - Object 'Object Repository/IWP30/Page_ACHPersonalPaymentEntry/cb_TermsAndCond' is present

24-10-2024T22:27:32 - [MESSAGE][PASSED] - Object: 'Object Repository/IWP30/Page_ACHPersonalPaymentEntry/cb_TermsAndCond' is clicked on

24-10-2024T22:27:33 - [MESSAGE][PASSED] - Object 'Object Repository/IWP30/Page_ACHPersonalPaymentEntry/btn_Continue' is present

24-10-2024T22:27:34 - [MESSAGE][PASSED] - Object: 'Object Repository/IWP30/Page_ACHPersonalPaymentEntry/btn_Continue' is clicked on

24-10-2024T22:27:34 - [MESSAGE][PASSED] - iwpPages.achPersonalPaymentEntryPage.setDataACHPPM is PASSED

24-10-2024T22:27:34 - [TEST_STEP][PASSED] - click(findTestObject("Object Repository/IWP30/Page_Confirmation/ConfirmButton")): Object: 'Object Repository/IWP30/Page_Confirmation/ConfirmButton' is clicked on

24-10-2024T22:27:36 - [MESSAGE][PASSED] - Object: 'Object Repository/IWP30/Page_Confirmation/ConfirmButton' is clicked on

24-10-2024T22:27:36 - [TEST_STEP][PASSED] - Thread.sleep(10000): null

24-10-2024T22:27:46 - [TEST_STEP][PASSED] - if (verifyTextPresent("Successful Payment Receipt", false)): null

24-10-2024T22:27:47 - [MESSAGE][PASSED] - Text 'Successful Payment Receipt' is present on page 

24-10-2024T22:27:47 - [TEST_STEP][PASSED] - println("Successful Payment Receipt text is present on the Receipt page"): null

24-10-2024T22:27:47 - [TEST_STEP][PASSED] - markPassed("Successful Payment Receipt text is present on the Receipt page"): Successful Payment Receipt text is present on the Receipt page

24-10-2024T22:27:47 - [MESSAGE][PASSED] - Successful Payment Receipt text is present on the Receipt page

24-10-2024T22:27:47 - [TEST_STEP][PASSED] - resText = "Pass": null

24-10-2024T22:27:47 - [TEST_STEP][PASSED] - pages.WriteExcel.demoKey(resText, datText, resColumn, datCloumn, fileLoc, nameSheet, row): pages.WriteExcel.demoKey is PASSED

24-10-2024T22:27:47 - [MESSAGE][PASSED] - pages.WriteExcel.demoKey is PASSED

24-10-2024T22:27:47 - [TEST_STEP][PASSED] - closeBrowser(): Browser is closed

24-10-2024T22:27:48 - [MESSAGE][PASSED] - Browser is closed

24-10-2024T22:27:48 - [TEST_STEP][PASSED] - ExecuteTC = findTestData(dataFile).getValue("Execute", row): null

24-10-2024T22:27:48 - [TEST_STEP][PASSED] - out.println("Value of Execute is : " + ExecuteTC): null

24-10-2024T22:27:48 - [TEST_STEP][PASSED] - if (ExecuteTC.equalsIgnoreCase("Y")): null

24-10-2024T22:27:48 - [TEST_STEP][PASSED] - out.println("Begin Record Number: " + row): null

24-10-2024T22:27:48 - [TEST_STEP][PASSED] - today = new java.util.Date(): null

24-10-2024T22:27:48 - [TEST_STEP][PASSED] - println(today): null

24-10-2024T22:27:48 - [TEST_STEP][PASSED] - datText = today: null

24-10-2024T22:27:48 - [TEST_STEP][PASSED] - EmulatorDataKey = findTestData(dataFile).getValue("EmulatorData", row): null

24-10-2024T22:27:48 - [TEST_STEP][PASSED] - out.println("Value of Emulator Key is : " + EmulatorDataKey): null

24-10-2024T22:27:48 - [TEST_STEP][PASSED] - iwpPages.emulatorIWP30.setDataEmulator_DD(EmulatorDataKey): iwpPages.emulatorIWP30.setDataEmulator_DD is PASSED

24-10-2024T22:27:48 - [MESSAGE][INFO] - Starting 'Edge Chromium' driver

24-10-2024T22:27:48 - [MESSAGE][INFO] - User set preference: ['acceptInsecureCerts', 'true']

24-10-2024T22:27:50 - [MESSAGE][INFO] - Action delay is set to 0 milliseconds

24-10-2024T22:27:54 - [MESSAGE][PASSED] - Browser is opened with url: 'https://qa2.velocitypayment.com/agencyx/config.action?action=editor&message_version=3_0'

24-10-2024T22:27:54 - [MESSAGE][PASSED] - Current window maximized

24-10-2024T22:28:25 - [MESSAGE][INFO] - Unable to find the element located by 'By.xpath: //select[@name='message_version']'. Please recheck the objects properties to make sure the desired element is located. 

24-10-2024T22:28:25 - [MESSAGE][WARNING] - [SELF-HEALING] Failed to find element with id 'Object Repository/IWP30/Page_VRelay30Emulator/MV'. Try using Self-healing.

24-10-2024T22:28:25 - [MESSAGE][WARNING] - [SELF-HEALING] The current locator of test object 'Object Repository/IWP30/Page_VRelay30Emulator/MV' was broken. Propose an alternative one: '(.//*[normalize-space(text()) and normalize-space(.)='Message Version'])[1]/following::select[1]'.

24-10-2024T22:28:26 - [MESSAGE][PASSED] - All options with value '3.0' are selected in object 'Object Repository/IWP30/Page_VRelay30Emulator/MV'  using regular expression

24-10-2024T22:28:26 - [MESSAGE][PASSED] - Text '10.50' is set on object 'Object Repository/IWP30/Page_EmulatorAgencyX/Amount'

24-10-2024T22:28:27 - [MESSAGE][PASSED] - Text 'vG6aWdAi2ozo' is set on object 'Object Repository/IWP30/Page_EmulatorAgencyX/CAN'

24-10-2024T22:28:28 - [MESSAGE][PASSED] - Text 'PayNow' is set on object 'Object Repository/IWP30/Page_EmulatorAgencyX/Action'

24-10-2024T22:28:28 - [MESSAGE][PASSED] - Text 'en_US' is set on object 'Object Repository/IWP30/Page_EmulatorAgencyX/Lang'

24-10-2024T22:28:29 - [MESSAGE][PASSED] - Text 'Jasmine' is set on object 'Object Repository/IWP30/Page_EmulatorAgencyX/Fname'

24-10-2024T22:28:29 - [MESSAGE][PASSED] - Text 'Patrinol' is set on object 'Object Repository/IWP30/Page_EmulatorAgencyX/Lname'

24-10-2024T22:28:30 - [MESSAGE][PASSED] - Text '258 Underwood rd' is set on object 'Object Repository/IWP30/Page_EmulatorAgencyX/AL1'

24-10-2024T22:28:30 - [MESSAGE][PASSED] - Text 'Suite 600' is set on object 'Object Repository/IWP30/Page_EmulatorAgencyX/AL2'

24-10-2024T22:28:31 - [MESSAGE][PASSED] - Text '840' is set on object 'Object Repository/IWP30/Page_EmulatorAgencyX/Country'

24-10-2024T22:28:32 - [MESSAGE][PASSED] - Text 'Arlington' is set on object 'Object Repository/IWP30/Page_EmulatorAgencyX/City'

24-10-2024T22:28:32 - [MESSAGE][PASSED] - Text 'VA' is set on object 'Object Repository/IWP30/Page_EmulatorAgencyX/State'

24-10-2024T22:28:33 - [MESSAGE][PASSED] - Text '22201' is set on object 'Object Repository/IWP30/Page_EmulatorAgencyX/ZIP'

24-10-2024T22:28:33 - [MESSAGE][PASSED] - Text '' is set on object 'Object Repository/IWP30/Page_EmulatorAgencyX/Order'

24-10-2024T22:28:34 - [MESSAGE][PASSED] - Text 'Some Company' is set on object 'Object Repository/IWP30/Page_EmulatorAgencyX/Company'

24-10-2024T22:28:35 - [MESSAGE][PASSED] - Text 'iahmed@govolution.com' is set on object 'Object Repository/IWP30/Page_EmulatorAgencyX/Email'

24-10-2024T22:28:35 - [MESSAGE][PASSED] - Text 'udf data 1' is set on object 'Object Repository/IWP30/Page_EmulatorAgencyX/UDF1'

24-10-2024T22:28:36 - [MESSAGE][PASSED] - Text 'udf data 2' is set on object 'Object Repository/IWP30/Page_EmulatorAgencyX/UDF2'

24-10-2024T22:28:36 - [MESSAGE][PASSED] - Text 'udf data 3' is set on object 'Object Repository/IWP30/Page_EmulatorAgencyX/UDF3'

24-10-2024T22:28:37 - [MESSAGE][PASSED] - Text 'udf data 4' is set on object 'Object Repository/IWP30/Page_EmulatorAgencyX/UDF4'

24-10-2024T22:28:38 - [MESSAGE][PASSED] - Text 'udf data 5' is set on object 'Object Repository/IWP30/Page_EmulatorAgencyX/UDF5'

24-10-2024T22:28:38 - [MESSAGE][PASSED] - Text 'udf data 6' is set on object 'Object Repository/IWP30/Page_EmulatorAgencyX/UDF6'

24-10-2024T22:28:39 - [MESSAGE][PASSED] - Text 'Orange' is set on object 'Object Repository/IWP30/Page_EmulatorAgencyX/UDF7'

24-10-2024T22:28:39 - [MESSAGE][PASSED] - Text 'Soccer' is set on object 'Object Repository/IWP30/Page_EmulatorAgencyX/UDF8'

24-10-2024T22:28:40 - [MESSAGE][PASSED] - Text 'udf data 9' is set on object 'Object Repository/IWP30/Page_EmulatorAgencyX/UDF9'

24-10-2024T22:28:41 - [MESSAGE][PASSED] - Text 'udf data 10' is set on object 'Object Repository/IWP30/Page_EmulatorAgencyX/UDF10'

24-10-2024T22:28:42 - [MESSAGE][PASSED] - Object: 'Object Repository/IWP30/Page_EmulatorAgencyX/Submit' is clicked on

24-10-2024T22:28:46 - [MESSAGE][PASSED] - Browser is closed

24-10-2024T22:28:50 - [MESSAGE][PASSED] - iwpPages.emulatorIWP30.setDataEmulator_DD is PASSED

24-10-2024T22:28:50 - [TEST_STEP][PASSED] - testHarnessURL = urlTestHarness: null

24-10-2024T22:28:50 - [TEST_STEP][PASSED] - openBrowser(testHarnessURL): Browser is opened with url: 'https://dev-algorithm.govolution.com/vrelaytest/QA2/version_2_2/vrelaytest.html'

24-10-2024T22:28:50 - [MESSAGE][INFO] - Starting 'Edge Chromium' driver

24-10-2024T22:28:50 - [MESSAGE][INFO] - User set preference: ['acceptInsecureCerts', 'true']

24-10-2024T22:28:52 - [MESSAGE][INFO] - Action delay is set to 0 milliseconds

24-10-2024T22:28:56 - [MESSAGE][PASSED] - Browser is opened with url: 'https://dev-algorithm.govolution.com/vrelaytest/QA2/version_2_2/vrelaytest.html'

24-10-2024T22:28:56 - [TEST_STEP][PASSED] - maximizeWindow(): Current window maximized

24-10-2024T22:28:56 - [MESSAGE][PASSED] - Current window maximized

24-10-2024T22:28:56 - [TEST_STEP][PASSED] - iwpPages.TestHarnessPage.setDataMethod(row, dataFile): iwpPages.TestHarnessPage.setDataMethod is PASSED

24-10-2024T22:28:56 - [MESSAGE][PASSED] - Object 'Object Repository/IWP30/Page_QATestHarness/RemittanceID' is present

24-10-2024T22:28:57 - [MESSAGE][PASSED] - Text '649' is set on object 'Object Repository/IWP30/Page_QATestHarness/ApplicationID'

24-10-2024T22:28:58 - [MESSAGE][PASSED] - Text '3.0' is set on object 'Object Repository/IWP30/Page_QATestHarness/MessageVersion'

24-10-2024T22:28:58 - [MESSAGE][PASSED] - Text 'StzFY73tfsq4' is set on object 'Object Repository/IWP30/Page_QATestHarness/RemittanceID'

24-10-2024T22:29:02 - [MESSAGE][PASSED] - Object: 'Object Repository/IWP30/Page_QATestHarness/SubmitButton' is clicked on

24-10-2024T22:29:02 - [MESSAGE][PASSED] - iwpPages.TestHarnessPage.setDataMethod is PASSED

24-10-2024T22:29:02 - [TEST_STEP][PASSED] - click(findTestObject("Object Repository/IWP30/Page_SelectPaymentMethod/PayByPersonalCheck")): Object: 'Object Repository/IWP30/Page_SelectPaymentMethod/PayByPersonalCheck' is clicked on

24-10-2024T22:29:02 - [MESSAGE][PASSED] - Object: 'Object Repository/IWP30/Page_SelectPaymentMethod/PayByPersonalCheck' is clicked on

24-10-2024T22:29:02 - [TEST_STEP][PASSED] - click(findTestObject("Object Repository/IWP30/Page_SelectPaymentMethod/MakePaymentButton")): Object: 'Object Repository/IWP30/Page_SelectPaymentMethod/MakePaymentButton' is clicked on

24-10-2024T22:29:05 - [MESSAGE][PASSED] - Object: 'Object Repository/IWP30/Page_SelectPaymentMethod/MakePaymentButton' is clicked on

24-10-2024T22:29:05 - [TEST_STEP][PASSED] - iwpPages.achPersonalPaymentEntryPage.setDataACHPPM(row, dataFile): iwpPages.achPersonalPaymentEntryPage.setDataACHPPM is PASSED

24-10-2024T22:29:06 - [MESSAGE][PASSED] - Object 'Object Repository/IWP30/Page_ACHPersonalPaymentEntry/txt_accountNumber' is present

24-10-2024T22:29:07 - [MESSAGE][PASSED] - Text '11.50' is set on object 'Object Repository/IWP30/Page_ACHPersonalPaymentEntry/txt_Amount'

24-10-2024T22:29:07 - [MESSAGE][PASSED] - Object 'Object Repository/IWP30/Page_ACHPersonalPaymentEntry/txt_UDF2' is present

24-10-2024T22:29:07 - [MESSAGE][PASSED] - All options with label 'Soccer' are selected in object 'Object Repository/IWP30/Page_ACHPersonalPaymentEntry/dd_UDF8' 

24-10-2024T22:29:08 - [MESSAGE][PASSED] - Object 'Object Repository/IWP30/Page_ACHPersonalPaymentEntry/txt_Firstname' is present

24-10-2024T22:29:08 - [MESSAGE][PASSED] - Text 'Elizath' is set on object 'Object Repository/IWP30/Page_ACHPersonalPaymentEntry/txt_Firstname'

24-10-2024T22:29:08 - [MESSAGE][PASSED] - Object 'Object Repository/IWP30/Page_ACHPersonalPaymentEntry/txt_Lastname' is present

24-10-2024T22:29:09 - [MESSAGE][PASSED] - Text 'Christine' is set on object 'Object Repository/IWP30/Page_ACHPersonalPaymentEntry/txt_Lastname'

24-10-2024T22:29:09 - [MESSAGE][PASSED] - Object 'Object Repository/IWP30/Page_ACHPersonalPaymentEntry/txt_routingNumber' is present

24-10-2024T22:29:10 - [MESSAGE][PASSED] - Text '256072691' is set on object 'Object Repository/IWP30/Page_ACHPersonalPaymentEntry/txt_routingNumber'

24-10-2024T22:29:10 - [MESSAGE][PASSED] - Object 'Object Repository/IWP30/Page_ACHPersonalPaymentEntry/txt_accountNumber' is present

24-10-2024T22:29:11 - [MESSAGE][PASSED] - Text '12344444' is set on object 'Object Repository/IWP30/Page_ACHPersonalPaymentEntry/txt_accountNumber'

24-10-2024T22:29:12 - [MESSAGE][PASSED] - Object 'Object Repository/IWP30/Page_ACHPersonalPaymentEntry/txt_confirmAccountNumber' is present

24-10-2024T22:29:13 - [MESSAGE][PASSED] - Text '12344444' is set on object 'Object Repository/IWP30/Page_ACHPersonalPaymentEntry/txt_confirmAccountNumber'

24-10-2024T22:29:13 - [MESSAGE][PASSED] - Object 'Object Repository/IWP30/Page_ACHPersonalPaymentEntry/rd_accountType' is present

24-10-2024T22:29:13 - [MESSAGE][PASSED] - Modify property of object successfully

24-10-2024T22:29:13 - [MESSAGE][PASSED] - Object: 'Object Repository/IWP30/Page_ACHPersonalPaymentEntry/rd_accountType' is clicked on

24-10-2024T22:29:13 - [MESSAGE][PASSED] - Object 'Object Repository/IWP30/Page_ACHPersonalPaymentEntry/txt_Email' is present

24-10-2024T22:29:14 - [MESSAGE][PASSED] - Object 'Object Repository/IWP30/Page_ACHPersonalPaymentEntry/cb_TermsAndCond' is present

24-10-2024T22:29:14 - [MESSAGE][PASSED] - Object: 'Object Repository/IWP30/Page_ACHPersonalPaymentEntry/cb_TermsAndCond' is clicked on

24-10-2024T22:29:14 - [MESSAGE][PASSED] - Object 'Object Repository/IWP30/Page_ACHPersonalPaymentEntry/btn_Continue' is present

24-10-2024T22:29:15 - [MESSAGE][PASSED] - Object: 'Object Repository/IWP30/Page_ACHPersonalPaymentEntry/btn_Continue' is clicked on

24-10-2024T22:29:15 - [MESSAGE][PASSED] - iwpPages.achPersonalPaymentEntryPage.setDataACHPPM is PASSED

24-10-2024T22:29:15 - [TEST_STEP][PASSED] - click(findTestObject("Object Repository/IWP30/Page_Confirmation/ConfirmButton")): Object: 'Object Repository/IWP30/Page_Confirmation/ConfirmButton' is clicked on

24-10-2024T22:29:46 - [MESSAGE][INFO] - Unable to find the element located by 'By.xpath: //*[@type = 'submit' and @name = 'confirmNotifyAction' and @id = 'submitYes' and @value = 'Confirm']'. Please recheck the objects properties to make sure the desired element is located. 

24-10-2024T22:29:46 - [MESSAGE][WARNING] - [SELF-HEALING] Failed to find element with id 'Object Repository/IWP30/Page_Confirmation/ConfirmButton'. Try using Self-healing.

24-10-2024T22:29:47 - [MESSAGE][WARNING] - [SELF-HEALING] The current locator of test object 'Object Repository/IWP30/Page_Confirmation/ConfirmButton' was broken. Propose an alternative one: '//div/input'.

24-10-2024T22:29:48 - [MESSAGE][PASSED] - Object: 'Object Repository/IWP30/Page_Confirmation/ConfirmButton' is clicked on

24-10-2024T22:29:48 - [TEST_STEP][PASSED] - Thread.sleep(10000): null

24-10-2024T22:29:58 - [TEST_STEP][PASSED] - if (verifyTextPresent("Successful Payment Receipt", false)): null

24-10-2024T22:29:59 - [MESSAGE][PASSED] - Text 'Successful Payment Receipt' is present on page 

24-10-2024T22:29:59 - [TEST_STEP][PASSED] - println("Successful Payment Receipt text is present on the Receipt page"): null

24-10-2024T22:29:59 - [TEST_STEP][PASSED] - markPassed("Successful Payment Receipt text is present on the Receipt page"): Successful Payment Receipt text is present on the Receipt page

24-10-2024T22:29:59 - [MESSAGE][PASSED] - Successful Payment Receipt text is present on the Receipt page

24-10-2024T22:29:59 - [TEST_STEP][PASSED] - resText = "Pass": null

24-10-2024T22:29:59 - [TEST_STEP][PASSED] - pages.WriteExcel.demoKey(resText, datText, resColumn, datCloumn, fileLoc, nameSheet, row): pages.WriteExcel.demoKey is PASSED

24-10-2024T22:29:59 - [MESSAGE][PASSED] - pages.WriteExcel.demoKey is PASSED

24-10-2024T22:29:59 - [TEST_STEP][PASSED] - closeBrowser(): Browser is closed

24-10-2024T22:29:59 - [MESSAGE][PASSED] - Browser is closed

24-10-2024T22:29:59 - [TEST_STEP][PASSED] - ExecuteTC = findTestData(dataFile).getValue("Execute", row): null

24-10-2024T22:29:59 - [TEST_STEP][PASSED] - out.println("Value of Execute is : " + ExecuteTC): null

24-10-2024T22:29:59 - [TEST_STEP][PASSED] - if (ExecuteTC.equalsIgnoreCase("Y")): null

24-10-2024T22:29:59 - [TEST_STEP][PASSED] - out.println("Begin Record Number: " + row): null

24-10-2024T22:29:59 - [TEST_STEP][PASSED] - today = new java.util.Date(): null

24-10-2024T22:29:59 - [TEST_STEP][PASSED] - println(today): null

24-10-2024T22:29:59 - [TEST_STEP][PASSED] - datText = today: null

24-10-2024T22:29:59 - [TEST_STEP][PASSED] - EmulatorDataKey = findTestData(dataFile).getValue("EmulatorData", row): null

24-10-2024T22:29:59 - [TEST_STEP][PASSED] - out.println("Value of Emulator Key is : " + EmulatorDataKey): null

24-10-2024T22:29:59 - [TEST_STEP][PASSED] - iwpPages.emulatorIWP30.setDataEmulator_DD(EmulatorDataKey): iwpPages.emulatorIWP30.setDataEmulator_DD is PASSED

24-10-2024T22:30:00 - [MESSAGE][INFO] - Starting 'Edge Chromium' driver

24-10-2024T22:30:00 - [MESSAGE][INFO] - User set preference: ['acceptInsecureCerts', 'true']

24-10-2024T22:30:02 - [MESSAGE][INFO] - Action delay is set to 0 milliseconds

24-10-2024T22:30:05 - [MESSAGE][PASSED] - Browser is opened with url: 'https://qa2.velocitypayment.com/agencyx/config.action?action=editor&message_version=3_0'

24-10-2024T22:30:05 - [MESSAGE][PASSED] - Current window maximized

24-10-2024T22:30:36 - [MESSAGE][INFO] - Unable to find the element located by 'By.xpath: //select[@name='message_version']'. Please recheck the objects properties to make sure the desired element is located. 

24-10-2024T22:30:36 - [MESSAGE][WARNING] - [SELF-HEALING] Failed to find element with id 'Object Repository/IWP30/Page_VRelay30Emulator/MV'. Try using Self-healing.

24-10-2024T22:30:36 - [MESSAGE][WARNING] - [SELF-HEALING] The current locator of test object 'Object Repository/IWP30/Page_VRelay30Emulator/MV' was broken. Propose an alternative one: '(.//*[normalize-space(text()) and normalize-space(.)='Message Version'])[1]/following::select[1]'.

24-10-2024T22:30:37 - [MESSAGE][PASSED] - All options with value '3.0' are selected in object 'Object Repository/IWP30/Page_VRelay30Emulator/MV'  using regular expression

24-10-2024T22:30:38 - [MESSAGE][PASSED] - Text '10.50' is set on object 'Object Repository/IWP30/Page_EmulatorAgencyX/Amount'

24-10-2024T22:30:38 - [MESSAGE][PASSED] - Text 'g8ThvBWAmd4L' is set on object 'Object Repository/IWP30/Page_EmulatorAgencyX/CAN'

24-10-2024T22:30:39 - [MESSAGE][PASSED] - Text 'PayNow' is set on object 'Object Repository/IWP30/Page_EmulatorAgencyX/Action'

24-10-2024T22:30:40 - [MESSAGE][PASSED] - Text 'en_US' is set on object 'Object Repository/IWP30/Page_EmulatorAgencyX/Lang'

24-10-2024T22:30:40 - [MESSAGE][PASSED] - Text 'Jasmine' is set on object 'Object Repository/IWP30/Page_EmulatorAgencyX/Fname'

24-10-2024T22:30:41 - [MESSAGE][PASSED] - Text 'Patrinol' is set on object 'Object Repository/IWP30/Page_EmulatorAgencyX/Lname'

24-10-2024T22:30:41 - [MESSAGE][PASSED] - Text '258 Underwood rd' is set on object 'Object Repository/IWP30/Page_EmulatorAgencyX/AL1'

24-10-2024T22:30:42 - [MESSAGE][PASSED] - Text 'Suite 600' is set on object 'Object Repository/IWP30/Page_EmulatorAgencyX/AL2'

24-10-2024T22:30:42 - [MESSAGE][PASSED] - Text '840' is set on object 'Object Repository/IWP30/Page_EmulatorAgencyX/Country'

24-10-2024T22:30:43 - [MESSAGE][PASSED] - Text 'Arlington' is set on object 'Object Repository/IWP30/Page_EmulatorAgencyX/City'

24-10-2024T22:30:44 - [MESSAGE][PASSED] - Text 'VA' is set on object 'Object Repository/IWP30/Page_EmulatorAgencyX/State'

24-10-2024T22:30:44 - [MESSAGE][PASSED] - Text '22201' is set on object 'Object Repository/IWP30/Page_EmulatorAgencyX/ZIP'

24-10-2024T22:30:45 - [MESSAGE][PASSED] - Text '' is set on object 'Object Repository/IWP30/Page_EmulatorAgencyX/Order'

24-10-2024T22:30:45 - [MESSAGE][PASSED] - Text 'Some Company' is set on object 'Object Repository/IWP30/Page_EmulatorAgencyX/Company'

24-10-2024T22:30:46 - [MESSAGE][PASSED] - Text 'iahmed@govolution.com' is set on object 'Object Repository/IWP30/Page_EmulatorAgencyX/Email'

24-10-2024T22:30:47 - [MESSAGE][PASSED] - Text 'udf data 1' is set on object 'Object Repository/IWP30/Page_EmulatorAgencyX/UDF1'

24-10-2024T22:30:47 - [MESSAGE][PASSED] - Text 'udf data 2' is set on object 'Object Repository/IWP30/Page_EmulatorAgencyX/UDF2'

24-10-2024T22:30:48 - [MESSAGE][PASSED] - Text 'udf data 3' is set on object 'Object Repository/IWP30/Page_EmulatorAgencyX/UDF3'

24-10-2024T22:30:48 - [MESSAGE][PASSED] - Text 'udf data 4' is set on object 'Object Repository/IWP30/Page_EmulatorAgencyX/UDF4'

24-10-2024T22:30:49 - [MESSAGE][PASSED] - Text 'udf data 5' is set on object 'Object Repository/IWP30/Page_EmulatorAgencyX/UDF5'

24-10-2024T22:30:50 - [MESSAGE][PASSED] - Text 'udf data 6' is set on object 'Object Repository/IWP30/Page_EmulatorAgencyX/UDF6'

24-10-2024T22:30:50 - [MESSAGE][PASSED] - Text 'Orange' is set on object 'Object Repository/IWP30/Page_EmulatorAgencyX/UDF7'

24-10-2024T22:30:51 - [MESSAGE][PASSED] - Text 'Soccer' is set on object 'Object Repository/IWP30/Page_EmulatorAgencyX/UDF8'

24-10-2024T22:30:51 - [MESSAGE][PASSED] - Text 'udf data 9' is set on object 'Object Repository/IWP30/Page_EmulatorAgencyX/UDF9'

24-10-2024T22:30:52 - [MESSAGE][PASSED] - Text 'udf data 10' is set on object 'Object Repository/IWP30/Page_EmulatorAgencyX/UDF10'

24-10-2024T22:30:53 - [MESSAGE][PASSED] - Object: 'Object Repository/IWP30/Page_EmulatorAgencyX/Submit' is clicked on

24-10-2024T22:30:58 - [MESSAGE][PASSED] - Browser is closed

24-10-2024T22:31:02 - [MESSAGE][PASSED] - iwpPages.emulatorIWP30.setDataEmulator_DD is PASSED

24-10-2024T22:31:02 - [TEST_STEP][PASSED] - testHarnessURL = urlTestHarness: null

24-10-2024T22:31:02 - [TEST_STEP][PASSED] - openBrowser(testHarnessURL): Browser is opened with url: 'https://dev-algorithm.govolution.com/vrelaytest/QA2/version_2_2/vrelaytest.html'

24-10-2024T22:31:02 - [MESSAGE][INFO] - Starting 'Edge Chromium' driver

24-10-2024T22:31:02 - [MESSAGE][INFO] - User set preference: ['acceptInsecureCerts', 'true']

24-10-2024T22:31:04 - [MESSAGE][INFO] - Action delay is set to 0 milliseconds

24-10-2024T22:31:07 - [MESSAGE][PASSED] - Browser is opened with url: 'https://dev-algorithm.govolution.com/vrelaytest/QA2/version_2_2/vrelaytest.html'

24-10-2024T22:31:07 - [TEST_STEP][PASSED] - maximizeWindow(): Current window maximized

24-10-2024T22:31:08 - [MESSAGE][PASSED] - Current window maximized

24-10-2024T22:31:08 - [TEST_STEP][PASSED] - iwpPages.TestHarnessPage.setDataMethod(row, dataFile): iwpPages.TestHarnessPage.setDataMethod is PASSED

24-10-2024T22:31:08 - [MESSAGE][PASSED] - Object 'Object Repository/IWP30/Page_QATestHarness/RemittanceID' is present

24-10-2024T22:31:08 - [MESSAGE][PASSED] - Text '649' is set on object 'Object Repository/IWP30/Page_QATestHarness/ApplicationID'

24-10-2024T22:31:09 - [MESSAGE][PASSED] - Text '3.0' is set on object 'Object Repository/IWP30/Page_QATestHarness/MessageVersion'

24-10-2024T22:31:10 - [MESSAGE][PASSED] - Text 't7dNiiLqI4aD' is set on object 'Object Repository/IWP30/Page_QATestHarness/RemittanceID'

24-10-2024T22:31:13 - [MESSAGE][PASSED] - Object: 'Object Repository/IWP30/Page_QATestHarness/SubmitButton' is clicked on

24-10-2024T22:31:13 - [MESSAGE][PASSED] - iwpPages.TestHarnessPage.setDataMethod is PASSED

24-10-2024T22:31:13 - [TEST_STEP][PASSED] - click(findTestObject("Object Repository/IWP30/Page_SelectPaymentMethod/PayByPersonalCheck")): Object: 'Object Repository/IWP30/Page_SelectPaymentMethod/PayByPersonalCheck' is clicked on

24-10-2024T22:31:14 - [MESSAGE][PASSED] - Object: 'Object Repository/IWP30/Page_SelectPaymentMethod/PayByPersonalCheck' is clicked on

24-10-2024T22:31:14 - [TEST_STEP][PASSED] - click(findTestObject("Object Repository/IWP30/Page_SelectPaymentMethod/MakePaymentButton")): Object: 'Object Repository/IWP30/Page_SelectPaymentMethod/MakePaymentButton' is clicked on

24-10-2024T22:31:16 - [MESSAGE][PASSED] - Object: 'Object Repository/IWP30/Page_SelectPaymentMethod/MakePaymentButton' is clicked on

24-10-2024T22:31:16 - [TEST_STEP][PASSED] - iwpPages.achPersonalPaymentEntryPage.setDataACHPPM(row, dataFile): iwpPages.achPersonalPaymentEntryPage.setDataACHPPM is PASSED

24-10-2024T22:31:17 - [MESSAGE][PASSED] - Object 'Object Repository/IWP30/Page_ACHPersonalPaymentEntry/txt_accountNumber' is present

24-10-2024T22:31:18 - [MESSAGE][PASSED] - Text '9.50' is set on object 'Object Repository/IWP30/Page_ACHPersonalPaymentEntry/txt_Amount'

24-10-2024T22:31:18 - [MESSAGE][PASSED] - Object 'Object Repository/IWP30/Page_ACHPersonalPaymentEntry/txt_UDF2' is present

24-10-2024T22:31:19 - [MESSAGE][PASSED] - All options with label 'Soccer' are selected in object 'Object Repository/IWP30/Page_ACHPersonalPaymentEntry/dd_UDF8' 

24-10-2024T22:31:19 - [MESSAGE][PASSED] - Object 'Object Repository/IWP30/Page_ACHPersonalPaymentEntry/txt_Firstname' is present

24-10-2024T22:31:20 - [MESSAGE][PASSED] - Text 'Elizath' is set on object 'Object Repository/IWP30/Page_ACHPersonalPaymentEntry/txt_Firstname'

24-10-2024T22:31:20 - [MESSAGE][PASSED] - Object 'Object Repository/IWP30/Page_ACHPersonalPaymentEntry/txt_Lastname' is present

24-10-2024T22:31:21 - [MESSAGE][PASSED] - Text 'Christine' is set on object 'Object Repository/IWP30/Page_ACHPersonalPaymentEntry/txt_Lastname'

24-10-2024T22:31:21 - [MESSAGE][PASSED] - Object 'Object Repository/IWP30/Page_ACHPersonalPaymentEntry/txt_routingNumber' is present

24-10-2024T22:31:21 - [MESSAGE][PASSED] - Text '256072691' is set on object 'Object Repository/IWP30/Page_ACHPersonalPaymentEntry/txt_routingNumber'

24-10-2024T22:31:22 - [MESSAGE][PASSED] - Object 'Object Repository/IWP30/Page_ACHPersonalPaymentEntry/txt_accountNumber' is present

24-10-2024T22:31:23 - [MESSAGE][PASSED] - Text '12344444' is set on object 'Object Repository/IWP30/Page_ACHPersonalPaymentEntry/txt_accountNumber'

24-10-2024T22:31:23 - [MESSAGE][PASSED] - Object 'Object Repository/IWP30/Page_ACHPersonalPaymentEntry/txt_confirmAccountNumber' is present

24-10-2024T22:31:24 - [MESSAGE][PASSED] - Text '12344444' is set on object 'Object Repository/IWP30/Page_ACHPersonalPaymentEntry/txt_confirmAccountNumber'

24-10-2024T22:31:24 - [MESSAGE][PASSED] - Object 'Object Repository/IWP30/Page_ACHPersonalPaymentEntry/rd_accountType' is present

24-10-2024T22:31:24 - [MESSAGE][PASSED] - Modify property of object successfully

24-10-2024T22:31:25 - [MESSAGE][PASSED] - Object: 'Object Repository/IWP30/Page_ACHPersonalPaymentEntry/rd_accountType' is clicked on

24-10-2024T22:31:25 - [MESSAGE][PASSED] - Object 'Object Repository/IWP30/Page_ACHPersonalPaymentEntry/txt_Email' is present

24-10-2024T22:31:25 - [MESSAGE][PASSED] - Object 'Object Repository/IWP30/Page_ACHPersonalPaymentEntry/cb_TermsAndCond' is present

24-10-2024T22:31:25 - [MESSAGE][PASSED] - Object: 'Object Repository/IWP30/Page_ACHPersonalPaymentEntry/cb_TermsAndCond' is clicked on

24-10-2024T22:31:26 - [MESSAGE][PASSED] - Object 'Object Repository/IWP30/Page_ACHPersonalPaymentEntry/btn_Continue' is present

24-10-2024T22:31:27 - [MESSAGE][PASSED] - Object: 'Object Repository/IWP30/Page_ACHPersonalPaymentEntry/btn_Continue' is clicked on

24-10-2024T22:31:27 - [MESSAGE][PASSED] - iwpPages.achPersonalPaymentEntryPage.setDataACHPPM is PASSED

24-10-2024T22:31:27 - [TEST_STEP][PASSED] - click(findTestObject("Object Repository/IWP30/Page_Confirmation/ConfirmButton")): Object: 'Object Repository/IWP30/Page_Confirmation/ConfirmButton' is clicked on

24-10-2024T22:31:58 - [MESSAGE][INFO] - Unable to find the element located by 'By.xpath: //*[@type = 'submit' and @name = 'confirmNotifyAction' and @id = 'submitYes' and @value = 'Confirm']'. Please recheck the objects properties to make sure the desired element is located. 

24-10-2024T22:31:58 - [MESSAGE][WARNING] - [SELF-HEALING] Failed to find element with id 'Object Repository/IWP30/Page_Confirmation/ConfirmButton'. Try using Self-healing.

24-10-2024T22:31:58 - [MESSAGE][WARNING] - [SELF-HEALING] The current locator of test object 'Object Repository/IWP30/Page_Confirmation/ConfirmButton' was broken. Propose an alternative one: '//div/input'.

24-10-2024T22:32:00 - [MESSAGE][PASSED] - Object: 'Object Repository/IWP30/Page_Confirmation/ConfirmButton' is clicked on

24-10-2024T22:32:00 - [TEST_STEP][PASSED] - Thread.sleep(10000): null

24-10-2024T22:32:10 - [TEST_STEP][PASSED] - if (verifyTextPresent("Successful Payment Receipt", false)): null

24-10-2024T22:32:10 - [MESSAGE][PASSED] - Text 'Successful Payment Receipt' is present on page 

24-10-2024T22:32:10 - [TEST_STEP][PASSED] - println("Successful Payment Receipt text is present on the Receipt page"): null

24-10-2024T22:32:10 - [TEST_STEP][PASSED] - markPassed("Successful Payment Receipt text is present on the Receipt page"): Successful Payment Receipt text is present on the Receipt page

24-10-2024T22:32:10 - [MESSAGE][PASSED] - Successful Payment Receipt text is present on the Receipt page

24-10-2024T22:32:10 - [TEST_STEP][PASSED] - resText = "Pass": null

24-10-2024T22:32:10 - [TEST_STEP][PASSED] - pages.WriteExcel.demoKey(resText, datText, resColumn, datCloumn, fileLoc, nameSheet, row): pages.WriteExcel.demoKey is PASSED

24-10-2024T22:32:10 - [MESSAGE][PASSED] - pages.WriteExcel.demoKey is PASSED

24-10-2024T22:32:10 - [TEST_STEP][PASSED] - closeBrowser(): Browser is closed

24-10-2024T22:32:11 - [MESSAGE][PASSED] - Browser is closed]]></system-out>
         <system-err><![CDATA[]]></system-err>
      </testcase>
      <testcase name="Test Cases/IntegratedWeb/IWP25/Payments/OverAndUnderPayPS" time="477.952" classname="Test Cases/IntegratedWeb/IWP25/Payments/OverAndUnderPayPS" status="PASSED">
         <system-out><![CDATA[24-10-2024T22:32:11 - [TEST_CASE][PASSED] - Test Cases/IntegratedWeb/IWP25/Payments/OverAndUnderPayPS: Test Cases/IntegratedWeb/IWP25/Payments/OverAndUnderPayPS

24-10-2024T22:32:11 - [TEST_STEP][PASSED] - resText = "Fail": null

24-10-2024T22:32:11 - [TEST_STEP][PASSED] - resColumn = "Result": null

24-10-2024T22:32:11 - [TEST_STEP][PASSED] - datCloumn = "Date": null

24-10-2024T22:32:11 - [TEST_STEP][PASSED] - fileLoc = "KatalonData/IWPTestData/VRelay25Payments.xlsx": null

24-10-2024T22:32:11 - [TEST_STEP][PASSED] - numOfRows = <not implemented yet for class: org.codehaus.groovy.ast.expr.EmptyExpression>: null

24-10-2024T22:32:11 - [TEST_STEP][PASSED] - dataFile = <not implemented yet for class: org.codehaus.groovy.ast.expr.EmptyExpression>: null

24-10-2024T22:32:11 - [TEST_STEP][PASSED] - nameSheet = <not implemented yet for class: org.codehaus.groovy.ast.expr.EmptyExpression>: null

24-10-2024T22:32:11 - [TEST_STEP][PASSED] - dataFileEmulator = <not implemented yet for class: org.codehaus.groovy.ast.expr.EmptyExpression>: null

24-10-2024T22:32:11 - [TEST_STEP][PASSED] - isRequiredTextPresent = false: null

24-10-2024T22:32:11 - [TEST_STEP][PASSED] - nameSheet = "OverAndUnderPayPS": null

24-10-2024T22:32:11 - [TEST_STEP][PASSED] - dataFile = "IWPTestData/IWP25OverAndUnderPayPS": null

24-10-2024T22:32:11 - [TEST_STEP][PASSED] - dataFileEmulator = "IWPTestData/EmulatorData": null

24-10-2024T22:32:11 - [TEST_STEP][PASSED] - numOfRows = findTestData(dataFile).getRowNumbers(): null

24-10-2024T22:32:11 - [TEST_STEP][PASSED] - println("Number of Records: " + numOfRows): null

24-10-2024T22:32:11 - [TEST_STEP][PASSED] - for ([row = 1, row <= numOfRows, (row++)]): Browser is closed

24-10-2024T22:32:11 - [TEST_STEP][PASSED] - ExecuteTC = findTestData(dataFile).getValue("Execute", row): null

24-10-2024T22:32:11 - [TEST_STEP][PASSED] - out.println("Value of Execute is : " + ExecuteTC): null

24-10-2024T22:32:11 - [TEST_STEP][PASSED] - if (ExecuteTC.equalsIgnoreCase("Y")): null

24-10-2024T22:32:11 - [TEST_STEP][PASSED] - out.println("Begin Record Number: " + row): null

24-10-2024T22:32:11 - [TEST_STEP][PASSED] - today = new java.util.Date(): null

24-10-2024T22:32:11 - [TEST_STEP][PASSED] - println(today): null

24-10-2024T22:32:11 - [TEST_STEP][PASSED] - datText = today: null

24-10-2024T22:32:11 - [TEST_STEP][PASSED] - EmulatorDataKey = findTestData(dataFile).getValue("EmulatorData", row): null

24-10-2024T22:32:11 - [TEST_STEP][PASSED] - out.println("Value of Emulator Key is : " + EmulatorDataKey): null

24-10-2024T22:32:11 - [TEST_STEP][PASSED] - iwpPages.emulatorIWP30.setDataEmulator_DD(EmulatorDataKey): iwpPages.emulatorIWP30.setDataEmulator_DD is PASSED

24-10-2024T22:32:11 - [MESSAGE][INFO] - Starting 'Edge Chromium' driver

24-10-2024T22:32:11 - [MESSAGE][INFO] - User set preference: ['acceptInsecureCerts', 'true']

24-10-2024T22:32:13 - [MESSAGE][INFO] - Action delay is set to 0 milliseconds

24-10-2024T22:32:21 - [MESSAGE][PASSED] - Browser is opened with url: 'https://qa2.velocitypayment.com/agencyx/config.action?action=editor&message_version=2_5'

24-10-2024T22:32:21 - [MESSAGE][PASSED] - Current window maximized

24-10-2024T22:32:52 - [MESSAGE][INFO] - Unable to find the element located by 'By.xpath: //select[@name='message_version']'. Please recheck the objects properties to make sure the desired element is located. 

24-10-2024T22:32:52 - [MESSAGE][WARNING] - [SELF-HEALING] Failed to find element with id 'Object Repository/IWP30/Page_VRelay30Emulator/MV'. Try using Self-healing.

24-10-2024T22:32:53 - [MESSAGE][WARNING] - [SELF-HEALING] The current locator of test object 'Object Repository/IWP30/Page_VRelay30Emulator/MV' was broken. Propose an alternative one: '(.//*[normalize-space(text()) and normalize-space(.)='Message Version'])[1]/following::select[1]'.

24-10-2024T22:32:53 - [MESSAGE][PASSED] - All options with value '2.5' are selected in object 'Object Repository/IWP30/Page_VRelay30Emulator/MV'  using regular expression

24-10-2024T22:32:54 - [MESSAGE][PASSED] - Text '10.50' is set on object 'Object Repository/IWP30/Page_EmulatorAgencyX/Amount'

24-10-2024T22:32:54 - [MESSAGE][PASSED] - Text 'ryQZ5IlVMFxh' is set on object 'Object Repository/IWP30/Page_EmulatorAgencyX/CAN'

24-10-2024T22:32:55 - [MESSAGE][PASSED] - Text 'PayNow' is set on object 'Object Repository/IWP30/Page_EmulatorAgencyX/Action'

24-10-2024T22:32:56 - [MESSAGE][PASSED] - Text 'en_US' is set on object 'Object Repository/IWP30/Page_EmulatorAgencyX/Lang'

24-10-2024T22:32:56 - [MESSAGE][PASSED] - Text 'Jasmine' is set on object 'Object Repository/IWP30/Page_EmulatorAgencyX/Fname'

24-10-2024T22:32:57 - [MESSAGE][PASSED] - Text 'Patrinol' is set on object 'Object Repository/IWP30/Page_EmulatorAgencyX/Lname'

24-10-2024T22:32:57 - [MESSAGE][PASSED] - Text '258 Underwood rd' is set on object 'Object Repository/IWP30/Page_EmulatorAgencyX/AL1'

24-10-2024T22:32:58 - [MESSAGE][PASSED] - Text 'Suite 600' is set on object 'Object Repository/IWP30/Page_EmulatorAgencyX/AL2'

24-10-2024T22:32:59 - [MESSAGE][PASSED] - Text '840' is set on object 'Object Repository/IWP30/Page_EmulatorAgencyX/Country'

24-10-2024T22:32:59 - [MESSAGE][PASSED] - Text 'Arlington' is set on object 'Object Repository/IWP30/Page_EmulatorAgencyX/City'

24-10-2024T22:33:00 - [MESSAGE][PASSED] - Text 'VA' is set on object 'Object Repository/IWP30/Page_EmulatorAgencyX/State'

24-10-2024T22:33:00 - [MESSAGE][PASSED] - Text '22201' is set on object 'Object Repository/IWP30/Page_EmulatorAgencyX/ZIP'

24-10-2024T22:33:01 - [MESSAGE][PASSED] - Text '' is set on object 'Object Repository/IWP30/Page_EmulatorAgencyX/Order'

24-10-2024T22:33:02 - [MESSAGE][PASSED] - Text 'Some Company' is set on object 'Object Repository/IWP30/Page_EmulatorAgencyX/Company'

24-10-2024T22:33:02 - [MESSAGE][PASSED] - Text 'iahmed@govolution.com' is set on object 'Object Repository/IWP30/Page_EmulatorAgencyX/Email'

24-10-2024T22:33:03 - [MESSAGE][PASSED] - Text 'udf data 1' is set on object 'Object Repository/IWP30/Page_EmulatorAgencyX/UDF1'

24-10-2024T22:33:03 - [MESSAGE][PASSED] - Text 'udf data 2' is set on object 'Object Repository/IWP30/Page_EmulatorAgencyX/UDF2'

24-10-2024T22:33:04 - [MESSAGE][PASSED] - Text 'udf data 3' is set on object 'Object Repository/IWP30/Page_EmulatorAgencyX/UDF3'

24-10-2024T22:33:05 - [MESSAGE][PASSED] - Text 'udf data 4' is set on object 'Object Repository/IWP30/Page_EmulatorAgencyX/UDF4'

24-10-2024T22:33:05 - [MESSAGE][PASSED] - Text 'udf data 5' is set on object 'Object Repository/IWP30/Page_EmulatorAgencyX/UDF5'

24-10-2024T22:33:06 - [MESSAGE][PASSED] - Text 'udf data 6' is set on object 'Object Repository/IWP30/Page_EmulatorAgencyX/UDF6'

24-10-2024T22:33:06 - [MESSAGE][PASSED] - Text 'Orange' is set on object 'Object Repository/IWP30/Page_EmulatorAgencyX/UDF7'

24-10-2024T22:33:07 - [MESSAGE][PASSED] - Text 'Soccer' is set on object 'Object Repository/IWP30/Page_EmulatorAgencyX/UDF8'

24-10-2024T22:33:08 - [MESSAGE][PASSED] - Text 'udf data 9' is set on object 'Object Repository/IWP30/Page_EmulatorAgencyX/UDF9'

24-10-2024T22:33:08 - [MESSAGE][PASSED] - Text 'udf data 10' is set on object 'Object Repository/IWP30/Page_EmulatorAgencyX/UDF10'

24-10-2024T22:33:10 - [MESSAGE][PASSED] - Object: 'Object Repository/IWP30/Page_EmulatorAgencyX/Submit' is clicked on

24-10-2024T22:33:14 - [MESSAGE][PASSED] - Browser is closed

24-10-2024T22:33:18 - [MESSAGE][PASSED] - iwpPages.emulatorIWP30.setDataEmulator_DD is PASSED

24-10-2024T22:33:18 - [TEST_STEP][PASSED] - testHarnessURL = urlTestHarness: null

24-10-2024T22:33:18 - [TEST_STEP][PASSED] - openBrowser(testHarnessURL): Browser is opened with url: 'https://dev-algorithm.govolution.com/vrelaytest/QA2/version_2_2/vrelaytest.html'

24-10-2024T22:33:18 - [MESSAGE][INFO] - Starting 'Edge Chromium' driver

24-10-2024T22:33:18 - [MESSAGE][INFO] - User set preference: ['acceptInsecureCerts', 'true']

24-10-2024T22:33:20 - [MESSAGE][INFO] - Action delay is set to 0 milliseconds

24-10-2024T22:33:24 - [MESSAGE][PASSED] - Browser is opened with url: 'https://dev-algorithm.govolution.com/vrelaytest/QA2/version_2_2/vrelaytest.html'

24-10-2024T22:33:24 - [TEST_STEP][PASSED] - maximizeWindow(): Current window maximized

24-10-2024T22:33:24 - [MESSAGE][PASSED] - Current window maximized

24-10-2024T22:33:24 - [TEST_STEP][PASSED] - iwpPages.TestHarnessPage.setDataMethod(row, dataFile): iwpPages.TestHarnessPage.setDataMethod is PASSED

24-10-2024T22:33:24 - [MESSAGE][PASSED] - Object 'Object Repository/IWP30/Page_QATestHarness/RemittanceID' is present

24-10-2024T22:33:25 - [MESSAGE][PASSED] - Text '638' is set on object 'Object Repository/IWP30/Page_QATestHarness/ApplicationID'

24-10-2024T22:33:25 - [MESSAGE][PASSED] - Text '2.5' is set on object 'Object Repository/IWP30/Page_QATestHarness/MessageVersion'

24-10-2024T22:33:26 - [MESSAGE][PASSED] - Text 'xx7oQ0aPE3EX' is set on object 'Object Repository/IWP30/Page_QATestHarness/RemittanceID'

24-10-2024T22:33:30 - [MESSAGE][PASSED] - Object: 'Object Repository/IWP30/Page_QATestHarness/SubmitButton' is clicked on

24-10-2024T22:33:30 - [MESSAGE][PASSED] - iwpPages.TestHarnessPage.setDataMethod is PASSED

24-10-2024T22:33:30 - [TEST_STEP][PASSED] - click(findTestObject("Object Repository/IWP30/Page_SelectPaymentMethod/PayByPersonalCheck")): Object: 'Object Repository/IWP30/Page_SelectPaymentMethod/PayByPersonalCheck' is clicked on

24-10-2024T22:33:30 - [MESSAGE][PASSED] - Object: 'Object Repository/IWP30/Page_SelectPaymentMethod/PayByPersonalCheck' is clicked on

24-10-2024T22:33:30 - [TEST_STEP][PASSED] - click(findTestObject("Object Repository/IWP30/Page_SelectPaymentMethod/MakePaymentButton")): Object: 'Object Repository/IWP30/Page_SelectPaymentMethod/MakePaymentButton' is clicked on

24-10-2024T22:33:33 - [MESSAGE][PASSED] - Object: 'Object Repository/IWP30/Page_SelectPaymentMethod/MakePaymentButton' is clicked on

24-10-2024T22:33:33 - [TEST_STEP][PASSED] - iwpPages.achPersonalPaymentEntryPage.setDataACHPPM(row, dataFile): iwpPages.achPersonalPaymentEntryPage.setDataACHPPM is PASSED

24-10-2024T22:33:34 - [MESSAGE][PASSED] - Object 'Object Repository/IWP30/Page_ACHPersonalPaymentEntry/txt_accountNumber' is present

24-10-2024T22:33:35 - [MESSAGE][PASSED] - Text '11.50' is set on object 'Object Repository/IWP30/Page_ACHPersonalPaymentEntry/txt_Amount'

24-10-2024T22:33:35 - [MESSAGE][PASSED] - Object 'Object Repository/IWP30/Page_ACHPersonalPaymentEntry/txt_UDF2' is present

24-10-2024T22:33:35 - [MESSAGE][PASSED] - All options with label 'Soccer' are selected in object 'Object Repository/IWP30/Page_ACHPersonalPaymentEntry/dd_UDF8' 

24-10-2024T22:33:36 - [MESSAGE][PASSED] - Object 'Object Repository/IWP30/Page_ACHPersonalPaymentEntry/txt_Firstname' is present

24-10-2024T22:33:36 - [MESSAGE][PASSED] - Text 'Elizath' is set on object 'Object Repository/IWP30/Page_ACHPersonalPaymentEntry/txt_Firstname'

24-10-2024T22:33:36 - [MESSAGE][PASSED] - Object 'Object Repository/IWP30/Page_ACHPersonalPaymentEntry/txt_Lastname' is present

24-10-2024T22:33:37 - [MESSAGE][PASSED] - Text 'Christine' is set on object 'Object Repository/IWP30/Page_ACHPersonalPaymentEntry/txt_Lastname'

24-10-2024T22:33:37 - [MESSAGE][PASSED] - Object 'Object Repository/IWP30/Page_ACHPersonalPaymentEntry/txt_routingNumber' is present

24-10-2024T22:33:38 - [MESSAGE][PASSED] - Text '256072691' is set on object 'Object Repository/IWP30/Page_ACHPersonalPaymentEntry/txt_routingNumber'

24-10-2024T22:33:38 - [MESSAGE][PASSED] - Object 'Object Repository/IWP30/Page_ACHPersonalPaymentEntry/txt_accountNumber' is present

24-10-2024T22:33:39 - [MESSAGE][PASSED] - Text '12344444' is set on object 'Object Repository/IWP30/Page_ACHPersonalPaymentEntry/txt_accountNumber'

24-10-2024T22:33:40 - [MESSAGE][PASSED] - Object 'Object Repository/IWP30/Page_ACHPersonalPaymentEntry/txt_confirmAccountNumber' is present

24-10-2024T22:33:41 - [MESSAGE][PASSED] - Text '12344444' is set on object 'Object Repository/IWP30/Page_ACHPersonalPaymentEntry/txt_confirmAccountNumber'

24-10-2024T22:33:41 - [MESSAGE][PASSED] - Object 'Object Repository/IWP30/Page_ACHPersonalPaymentEntry/rd_accountType' is present

24-10-2024T22:33:41 - [MESSAGE][PASSED] - Modify property of object successfully

24-10-2024T22:33:41 - [MESSAGE][PASSED] - Object: 'Object Repository/IWP30/Page_ACHPersonalPaymentEntry/rd_accountType' is clicked on

24-10-2024T22:33:41 - [MESSAGE][PASSED] - Object 'Object Repository/IWP30/Page_ACHPersonalPaymentEntry/txt_Email' is present

24-10-2024T22:33:42 - [MESSAGE][PASSED] - Object 'Object Repository/IWP30/Page_ACHPersonalPaymentEntry/cb_TermsAndCond' is present

24-10-2024T22:33:42 - [MESSAGE][PASSED] - Object: 'Object Repository/IWP30/Page_ACHPersonalPaymentEntry/cb_TermsAndCond' is clicked on

24-10-2024T22:33:42 - [MESSAGE][PASSED] - Object 'Object Repository/IWP30/Page_ACHPersonalPaymentEntry/btn_Continue' is present

24-10-2024T22:33:44 - [MESSAGE][PASSED] - Object: 'Object Repository/IWP30/Page_ACHPersonalPaymentEntry/btn_Continue' is clicked on

24-10-2024T22:33:44 - [MESSAGE][PASSED] - iwpPages.achPersonalPaymentEntryPage.setDataACHPPM is PASSED

24-10-2024T22:33:44 - [TEST_STEP][PASSED] - click(findTestObject("Object Repository/IWP30/Page_Confirmation/ConfirmButton")): Object: 'Object Repository/IWP30/Page_Confirmation/ConfirmButton' is clicked on

24-10-2024T22:33:46 - [MESSAGE][PASSED] - Object: 'Object Repository/IWP30/Page_Confirmation/ConfirmButton' is clicked on

24-10-2024T22:33:46 - [TEST_STEP][PASSED] - Thread.sleep(10000): null

24-10-2024T22:33:56 - [TEST_STEP][PASSED] - if (verifyTextPresent("Successful Payment Receipt", false)): null

24-10-2024T22:33:56 - [MESSAGE][PASSED] - Text 'Successful Payment Receipt' is present on page 

24-10-2024T22:33:56 - [TEST_STEP][PASSED] - println("Successful Payment Receipt text is present on the Receipt page"): null

24-10-2024T22:33:56 - [TEST_STEP][PASSED] - markPassed("Successful Payment Receipt text is present on the Receipt page"): Successful Payment Receipt text is present on the Receipt page

24-10-2024T22:33:56 - [MESSAGE][PASSED] - Successful Payment Receipt text is present on the Receipt page

24-10-2024T22:33:56 - [TEST_STEP][PASSED] - resText = "Pass": null

24-10-2024T22:33:56 - [TEST_STEP][PASSED] - pages.WriteExcel.demoKey(resText, datText, resColumn, datCloumn, fileLoc, nameSheet, row): pages.WriteExcel.demoKey is PASSED

24-10-2024T22:33:56 - [MESSAGE][PASSED] - pages.WriteExcel.demoKey is PASSED

24-10-2024T22:33:56 - [TEST_STEP][PASSED] - closeBrowser(): Browser is closed

24-10-2024T22:33:57 - [MESSAGE][PASSED] - Browser is closed

24-10-2024T22:33:57 - [TEST_STEP][PASSED] - ExecuteTC = findTestData(dataFile).getValue("Execute", row): null

24-10-2024T22:33:57 - [TEST_STEP][PASSED] - out.println("Value of Execute is : " + ExecuteTC): null

24-10-2024T22:33:57 - [TEST_STEP][PASSED] - if (ExecuteTC.equalsIgnoreCase("Y")): null

24-10-2024T22:33:57 - [TEST_STEP][PASSED] - out.println("Begin Record Number: " + row): null

24-10-2024T22:33:57 - [TEST_STEP][PASSED] - today = new java.util.Date(): null

24-10-2024T22:33:57 - [TEST_STEP][PASSED] - println(today): null

24-10-2024T22:33:57 - [TEST_STEP][PASSED] - datText = today: null

24-10-2024T22:33:57 - [TEST_STEP][PASSED] - EmulatorDataKey = findTestData(dataFile).getValue("EmulatorData", row): null

24-10-2024T22:33:57 - [TEST_STEP][PASSED] - out.println("Value of Emulator Key is : " + EmulatorDataKey): null

24-10-2024T22:33:57 - [TEST_STEP][PASSED] - iwpPages.emulatorIWP30.setDataEmulator_DD(EmulatorDataKey): iwpPages.emulatorIWP30.setDataEmulator_DD is PASSED

24-10-2024T22:33:57 - [MESSAGE][INFO] - Starting 'Edge Chromium' driver

24-10-2024T22:33:57 - [MESSAGE][INFO] - User set preference: ['acceptInsecureCerts', 'true']

24-10-2024T22:33:59 - [MESSAGE][INFO] - Action delay is set to 0 milliseconds

24-10-2024T22:34:03 - [MESSAGE][PASSED] - Browser is opened with url: 'https://qa2.velocitypayment.com/agencyx/config.action?action=editor&message_version=2_5'

24-10-2024T22:34:03 - [MESSAGE][PASSED] - Current window maximized

24-10-2024T22:34:35 - [MESSAGE][INFO] - Unable to find the element located by 'By.xpath: //select[@name='message_version']'. Please recheck the objects properties to make sure the desired element is located. 

24-10-2024T22:34:35 - [MESSAGE][WARNING] - [SELF-HEALING] Failed to find element with id 'Object Repository/IWP30/Page_VRelay30Emulator/MV'. Try using Self-healing.

24-10-2024T22:34:35 - [MESSAGE][WARNING] - [SELF-HEALING] The current locator of test object 'Object Repository/IWP30/Page_VRelay30Emulator/MV' was broken. Propose an alternative one: '(.//*[normalize-space(text()) and normalize-space(.)='Message Version'])[1]/following::select[1]'.

24-10-2024T22:34:35 - [MESSAGE][PASSED] - All options with value '2.5' are selected in object 'Object Repository/IWP30/Page_VRelay30Emulator/MV'  using regular expression

24-10-2024T22:34:36 - [MESSAGE][PASSED] - Text '10.50' is set on object 'Object Repository/IWP30/Page_EmulatorAgencyX/Amount'

24-10-2024T22:34:37 - [MESSAGE][PASSED] - Text 'qS2JTFO9rffT' is set on object 'Object Repository/IWP30/Page_EmulatorAgencyX/CAN'

24-10-2024T22:34:37 - [MESSAGE][PASSED] - Text 'PayNow' is set on object 'Object Repository/IWP30/Page_EmulatorAgencyX/Action'

24-10-2024T22:34:38 - [MESSAGE][PASSED] - Text 'en_US' is set on object 'Object Repository/IWP30/Page_EmulatorAgencyX/Lang'

24-10-2024T22:34:39 - [MESSAGE][PASSED] - Text 'Jasmine' is set on object 'Object Repository/IWP30/Page_EmulatorAgencyX/Fname'

24-10-2024T22:34:39 - [MESSAGE][PASSED] - Text 'Patrinol' is set on object 'Object Repository/IWP30/Page_EmulatorAgencyX/Lname'

24-10-2024T22:34:40 - [MESSAGE][PASSED] - Text '258 Underwood rd' is set on object 'Object Repository/IWP30/Page_EmulatorAgencyX/AL1'

24-10-2024T22:34:40 - [MESSAGE][PASSED] - Text 'Suite 600' is set on object 'Object Repository/IWP30/Page_EmulatorAgencyX/AL2'

24-10-2024T22:34:41 - [MESSAGE][PASSED] - Text '840' is set on object 'Object Repository/IWP30/Page_EmulatorAgencyX/Country'

24-10-2024T22:34:41 - [MESSAGE][PASSED] - Text 'Arlington' is set on object 'Object Repository/IWP30/Page_EmulatorAgencyX/City'

24-10-2024T22:34:42 - [MESSAGE][PASSED] - Text 'VA' is set on object 'Object Repository/IWP30/Page_EmulatorAgencyX/State'

24-10-2024T22:34:43 - [MESSAGE][PASSED] - Text '22201' is set on object 'Object Repository/IWP30/Page_EmulatorAgencyX/ZIP'

24-10-2024T22:34:43 - [MESSAGE][PASSED] - Text '' is set on object 'Object Repository/IWP30/Page_EmulatorAgencyX/Order'

24-10-2024T22:34:44 - [MESSAGE][PASSED] - Text 'Some Company' is set on object 'Object Repository/IWP30/Page_EmulatorAgencyX/Company'

24-10-2024T22:34:45 - [MESSAGE][PASSED] - Text 'iahmed@govolution.com' is set on object 'Object Repository/IWP30/Page_EmulatorAgencyX/Email'

24-10-2024T22:34:45 - [MESSAGE][PASSED] - Text 'udf data 1' is set on object 'Object Repository/IWP30/Page_EmulatorAgencyX/UDF1'

24-10-2024T22:34:46 - [MESSAGE][PASSED] - Text 'udf data 2' is set on object 'Object Repository/IWP30/Page_EmulatorAgencyX/UDF2'

24-10-2024T22:34:46 - [MESSAGE][PASSED] - Text 'udf data 3' is set on object 'Object Repository/IWP30/Page_EmulatorAgencyX/UDF3'

24-10-2024T22:34:47 - [MESSAGE][PASSED] - Text 'udf data 4' is set on object 'Object Repository/IWP30/Page_EmulatorAgencyX/UDF4'

24-10-2024T22:34:47 - [MESSAGE][PASSED] - Text 'udf data 5' is set on object 'Object Repository/IWP30/Page_EmulatorAgencyX/UDF5'

24-10-2024T22:34:48 - [MESSAGE][PASSED] - Text 'udf data 6' is set on object 'Object Repository/IWP30/Page_EmulatorAgencyX/UDF6'

24-10-2024T22:34:49 - [MESSAGE][PASSED] - Text 'Orange' is set on object 'Object Repository/IWP30/Page_EmulatorAgencyX/UDF7'

24-10-2024T22:34:49 - [MESSAGE][PASSED] - Text 'Soccer' is set on object 'Object Repository/IWP30/Page_EmulatorAgencyX/UDF8'

24-10-2024T22:34:50 - [MESSAGE][PASSED] - Text 'udf data 9' is set on object 'Object Repository/IWP30/Page_EmulatorAgencyX/UDF9'

24-10-2024T22:34:50 - [MESSAGE][PASSED] - Text 'udf data 10' is set on object 'Object Repository/IWP30/Page_EmulatorAgencyX/UDF10'

24-10-2024T22:34:52 - [MESSAGE][PASSED] - Object: 'Object Repository/IWP30/Page_EmulatorAgencyX/Submit' is clicked on

24-10-2024T22:34:56 - [MESSAGE][PASSED] - Browser is closed

24-10-2024T22:35:00 - [MESSAGE][PASSED] - iwpPages.emulatorIWP30.setDataEmulator_DD is PASSED

24-10-2024T22:35:00 - [TEST_STEP][PASSED] - testHarnessURL = urlTestHarness: null

24-10-2024T22:35:00 - [TEST_STEP][PASSED] - openBrowser(testHarnessURL): Browser is opened with url: 'https://dev-algorithm.govolution.com/vrelaytest/QA2/version_2_2/vrelaytest.html'

24-10-2024T22:35:00 - [MESSAGE][INFO] - Starting 'Edge Chromium' driver

24-10-2024T22:35:00 - [MESSAGE][INFO] - User set preference: ['acceptInsecureCerts', 'true']

24-10-2024T22:35:02 - [MESSAGE][INFO] - Action delay is set to 0 milliseconds

24-10-2024T22:35:06 - [MESSAGE][PASSED] - Browser is opened with url: 'https://dev-algorithm.govolution.com/vrelaytest/QA2/version_2_2/vrelaytest.html'

24-10-2024T22:35:06 - [TEST_STEP][PASSED] - maximizeWindow(): Current window maximized

24-10-2024T22:35:06 - [MESSAGE][PASSED] - Current window maximized

24-10-2024T22:35:06 - [TEST_STEP][PASSED] - iwpPages.TestHarnessPage.setDataMethod(row, dataFile): iwpPages.TestHarnessPage.setDataMethod is PASSED

24-10-2024T22:35:06 - [MESSAGE][PASSED] - Object 'Object Repository/IWP30/Page_QATestHarness/RemittanceID' is present

24-10-2024T22:35:07 - [MESSAGE][PASSED] - Text '638' is set on object 'Object Repository/IWP30/Page_QATestHarness/ApplicationID'

24-10-2024T22:35:08 - [MESSAGE][PASSED] - Text '2.5' is set on object 'Object Repository/IWP30/Page_QATestHarness/MessageVersion'

24-10-2024T22:35:08 - [MESSAGE][PASSED] - Text '0m3E6lTfHQ0y' is set on object 'Object Repository/IWP30/Page_QATestHarness/RemittanceID'

24-10-2024T22:35:12 - [MESSAGE][PASSED] - Object: 'Object Repository/IWP30/Page_QATestHarness/SubmitButton' is clicked on

24-10-2024T22:35:12 - [MESSAGE][PASSED] - iwpPages.TestHarnessPage.setDataMethod is PASSED

24-10-2024T22:35:12 - [TEST_STEP][PASSED] - click(findTestObject("Object Repository/IWP30/Page_SelectPaymentMethod/PayByPersonalCheck")): Object: 'Object Repository/IWP30/Page_SelectPaymentMethod/PayByPersonalCheck' is clicked on

24-10-2024T22:35:13 - [MESSAGE][PASSED] - Object: 'Object Repository/IWP30/Page_SelectPaymentMethod/PayByPersonalCheck' is clicked on

24-10-2024T22:35:13 - [TEST_STEP][PASSED] - click(findTestObject("Object Repository/IWP30/Page_SelectPaymentMethod/MakePaymentButton")): Object: 'Object Repository/IWP30/Page_SelectPaymentMethod/MakePaymentButton' is clicked on

24-10-2024T22:35:15 - [MESSAGE][PASSED] - Object: 'Object Repository/IWP30/Page_SelectPaymentMethod/MakePaymentButton' is clicked on

24-10-2024T22:35:15 - [TEST_STEP][PASSED] - iwpPages.achPersonalPaymentEntryPage.setDataACHPPM(row, dataFile): iwpPages.achPersonalPaymentEntryPage.setDataACHPPM is PASSED

24-10-2024T22:35:16 - [MESSAGE][PASSED] - Object 'Object Repository/IWP30/Page_ACHPersonalPaymentEntry/txt_accountNumber' is present

24-10-2024T22:35:17 - [MESSAGE][PASSED] - Text '9.50' is set on object 'Object Repository/IWP30/Page_ACHPersonalPaymentEntry/txt_Amount'

24-10-2024T22:35:17 - [MESSAGE][PASSED] - Object 'Object Repository/IWP30/Page_ACHPersonalPaymentEntry/txt_UDF2' is present

24-10-2024T22:35:18 - [MESSAGE][PASSED] - All options with label 'Soccer' are selected in object 'Object Repository/IWP30/Page_ACHPersonalPaymentEntry/dd_UDF8' 

24-10-2024T22:35:18 - [MESSAGE][PASSED] - Object 'Object Repository/IWP30/Page_ACHPersonalPaymentEntry/txt_Firstname' is present

24-10-2024T22:35:19 - [MESSAGE][PASSED] - Text 'Elizath' is set on object 'Object Repository/IWP30/Page_ACHPersonalPaymentEntry/txt_Firstname'

24-10-2024T22:35:19 - [MESSAGE][PASSED] - Object 'Object Repository/IWP30/Page_ACHPersonalPaymentEntry/txt_Lastname' is present

24-10-2024T22:35:19 - [MESSAGE][PASSED] - Text 'Christine' is set on object 'Object Repository/IWP30/Page_ACHPersonalPaymentEntry/txt_Lastname'

24-10-2024T22:35:20 - [MESSAGE][PASSED] - Object 'Object Repository/IWP30/Page_ACHPersonalPaymentEntry/txt_routingNumber' is present

24-10-2024T22:35:20 - [MESSAGE][PASSED] - Text '256072691' is set on object 'Object Repository/IWP30/Page_ACHPersonalPaymentEntry/txt_routingNumber'

24-10-2024T22:35:21 - [MESSAGE][PASSED] - Object 'Object Repository/IWP30/Page_ACHPersonalPaymentEntry/txt_accountNumber' is present

24-10-2024T22:35:22 - [MESSAGE][PASSED] - Text '12344444' is set on object 'Object Repository/IWP30/Page_ACHPersonalPaymentEntry/txt_accountNumber'

24-10-2024T22:35:22 - [MESSAGE][PASSED] - Object 'Object Repository/IWP30/Page_ACHPersonalPaymentEntry/txt_confirmAccountNumber' is present

24-10-2024T22:35:23 - [MESSAGE][PASSED] - Text '12344444' is set on object 'Object Repository/IWP30/Page_ACHPersonalPaymentEntry/txt_confirmAccountNumber'

24-10-2024T22:35:23 - [MESSAGE][PASSED] - Object 'Object Repository/IWP30/Page_ACHPersonalPaymentEntry/rd_accountType' is present

24-10-2024T22:35:23 - [MESSAGE][PASSED] - Modify property of object successfully

24-10-2024T22:35:24 - [MESSAGE][PASSED] - Object: 'Object Repository/IWP30/Page_ACHPersonalPaymentEntry/rd_accountType' is clicked on

24-10-2024T22:35:24 - [MESSAGE][PASSED] - Object 'Object Repository/IWP30/Page_ACHPersonalPaymentEntry/txt_Email' is present

24-10-2024T22:35:24 - [MESSAGE][PASSED] - Object 'Object Repository/IWP30/Page_ACHPersonalPaymentEntry/cb_TermsAndCond' is present

24-10-2024T22:35:24 - [MESSAGE][PASSED] - Object: 'Object Repository/IWP30/Page_ACHPersonalPaymentEntry/cb_TermsAndCond' is clicked on

24-10-2024T22:35:25 - [MESSAGE][PASSED] - Object 'Object Repository/IWP30/Page_ACHPersonalPaymentEntry/btn_Continue' is present

24-10-2024T22:35:26 - [MESSAGE][PASSED] - Object: 'Object Repository/IWP30/Page_ACHPersonalPaymentEntry/btn_Continue' is clicked on

24-10-2024T22:35:26 - [MESSAGE][PASSED] - iwpPages.achPersonalPaymentEntryPage.setDataACHPPM is PASSED

24-10-2024T22:35:26 - [TEST_STEP][PASSED] - click(findTestObject("Object Repository/IWP30/Page_Confirmation/ConfirmButton")): Object: 'Object Repository/IWP30/Page_Confirmation/ConfirmButton' is clicked on

24-10-2024T22:35:28 - [MESSAGE][PASSED] - Object: 'Object Repository/IWP30/Page_Confirmation/ConfirmButton' is clicked on

24-10-2024T22:35:28 - [TEST_STEP][PASSED] - Thread.sleep(10000): null

24-10-2024T22:35:38 - [TEST_STEP][PASSED] - if (verifyTextPresent("Successful Payment Receipt", false)): null

24-10-2024T22:35:39 - [MESSAGE][PASSED] - Text 'Successful Payment Receipt' is present on page 

24-10-2024T22:35:39 - [TEST_STEP][PASSED] - println("Successful Payment Receipt text is present on the Receipt page"): null

24-10-2024T22:35:39 - [TEST_STEP][PASSED] - markPassed("Successful Payment Receipt text is present on the Receipt page"): Successful Payment Receipt text is present on the Receipt page

24-10-2024T22:35:39 - [MESSAGE][PASSED] - Successful Payment Receipt text is present on the Receipt page

24-10-2024T22:35:39 - [TEST_STEP][PASSED] - resText = "Pass": null

24-10-2024T22:35:39 - [TEST_STEP][PASSED] - pages.WriteExcel.demoKey(resText, datText, resColumn, datCloumn, fileLoc, nameSheet, row): pages.WriteExcel.demoKey is PASSED

24-10-2024T22:35:39 - [MESSAGE][PASSED] - pages.WriteExcel.demoKey is PASSED

24-10-2024T22:35:39 - [TEST_STEP][PASSED] - closeBrowser(): Browser is closed

24-10-2024T22:35:39 - [MESSAGE][PASSED] - Browser is closed

24-10-2024T22:35:39 - [TEST_STEP][PASSED] - ExecuteTC = findTestData(dataFile).getValue("Execute", row): null

24-10-2024T22:35:39 - [TEST_STEP][PASSED] - out.println("Value of Execute is : " + ExecuteTC): null

24-10-2024T22:35:39 - [TEST_STEP][PASSED] - if (ExecuteTC.equalsIgnoreCase("Y")): null

24-10-2024T22:35:39 - [TEST_STEP][PASSED] - out.println("Begin Record Number: " + row): null

24-10-2024T22:35:39 - [TEST_STEP][PASSED] - today = new java.util.Date(): null

24-10-2024T22:35:39 - [TEST_STEP][PASSED] - println(today): null

24-10-2024T22:35:39 - [TEST_STEP][PASSED] - datText = today: null

24-10-2024T22:35:39 - [TEST_STEP][PASSED] - EmulatorDataKey = findTestData(dataFile).getValue("EmulatorData", row): null

24-10-2024T22:35:39 - [TEST_STEP][PASSED] - out.println("Value of Emulator Key is : " + EmulatorDataKey): null

24-10-2024T22:35:39 - [TEST_STEP][PASSED] - iwpPages.emulatorIWP30.setDataEmulator_DD(EmulatorDataKey): iwpPages.emulatorIWP30.setDataEmulator_DD is PASSED

24-10-2024T22:35:40 - [MESSAGE][INFO] - Starting 'Edge Chromium' driver

24-10-2024T22:35:40 - [MESSAGE][INFO] - User set preference: ['acceptInsecureCerts', 'true']

24-10-2024T22:35:42 - [MESSAGE][INFO] - Action delay is set to 0 milliseconds

24-10-2024T22:35:46 - [MESSAGE][PASSED] - Browser is opened with url: 'https://qa2.velocitypayment.com/agencyx/config.action?action=editor&message_version=3_0'

24-10-2024T22:35:46 - [MESSAGE][PASSED] - Current window maximized

24-10-2024T22:36:17 - [MESSAGE][INFO] - Unable to find the element located by 'By.xpath: //select[@name='message_version']'. Please recheck the objects properties to make sure the desired element is located. 

24-10-2024T22:36:17 - [MESSAGE][WARNING] - [SELF-HEALING] Failed to find element with id 'Object Repository/IWP30/Page_VRelay30Emulator/MV'. Try using Self-healing.

24-10-2024T22:36:17 - [MESSAGE][WARNING] - [SELF-HEALING] The current locator of test object 'Object Repository/IWP30/Page_VRelay30Emulator/MV' was broken. Propose an alternative one: '(.//*[normalize-space(text()) and normalize-space(.)='Message Version'])[1]/following::select[1]'.

24-10-2024T22:36:18 - [MESSAGE][PASSED] - All options with value '3.0' are selected in object 'Object Repository/IWP30/Page_VRelay30Emulator/MV'  using regular expression

24-10-2024T22:36:18 - [MESSAGE][PASSED] - Text '10.50' is set on object 'Object Repository/IWP30/Page_EmulatorAgencyX/Amount'

24-10-2024T22:36:19 - [MESSAGE][PASSED] - Text 'yq1CauZ5druc' is set on object 'Object Repository/IWP30/Page_EmulatorAgencyX/CAN'

24-10-2024T22:36:20 - [MESSAGE][PASSED] - Text 'PayNow' is set on object 'Object Repository/IWP30/Page_EmulatorAgencyX/Action'

24-10-2024T22:36:20 - [MESSAGE][PASSED] - Text 'en_US' is set on object 'Object Repository/IWP30/Page_EmulatorAgencyX/Lang'

24-10-2024T22:36:21 - [MESSAGE][PASSED] - Text 'Jasmine' is set on object 'Object Repository/IWP30/Page_EmulatorAgencyX/Fname'

24-10-2024T22:36:21 - [MESSAGE][PASSED] - Text 'Patrinol' is set on object 'Object Repository/IWP30/Page_EmulatorAgencyX/Lname'

24-10-2024T22:36:22 - [MESSAGE][PASSED] - Text '258 Underwood rd' is set on object 'Object Repository/IWP30/Page_EmulatorAgencyX/AL1'

24-10-2024T22:36:23 - [MESSAGE][PASSED] - Text 'Suite 600' is set on object 'Object Repository/IWP30/Page_EmulatorAgencyX/AL2'

24-10-2024T22:36:23 - [MESSAGE][PASSED] - Text '840' is set on object 'Object Repository/IWP30/Page_EmulatorAgencyX/Country'

24-10-2024T22:36:24 - [MESSAGE][PASSED] - Text 'Arlington' is set on object 'Object Repository/IWP30/Page_EmulatorAgencyX/City'

24-10-2024T22:36:24 - [MESSAGE][PASSED] - Text 'VA' is set on object 'Object Repository/IWP30/Page_EmulatorAgencyX/State'

24-10-2024T22:36:25 - [MESSAGE][PASSED] - Text '22201' is set on object 'Object Repository/IWP30/Page_EmulatorAgencyX/ZIP'

24-10-2024T22:36:25 - [MESSAGE][PASSED] - Text '' is set on object 'Object Repository/IWP30/Page_EmulatorAgencyX/Order'

24-10-2024T22:36:26 - [MESSAGE][PASSED] - Text 'Some Company' is set on object 'Object Repository/IWP30/Page_EmulatorAgencyX/Company'

24-10-2024T22:36:27 - [MESSAGE][PASSED] - Text 'iahmed@govolution.com' is set on object 'Object Repository/IWP30/Page_EmulatorAgencyX/Email'

24-10-2024T22:36:27 - [MESSAGE][PASSED] - Text 'udf data 1' is set on object 'Object Repository/IWP30/Page_EmulatorAgencyX/UDF1'

24-10-2024T22:36:28 - [MESSAGE][PASSED] - Text 'udf data 2' is set on object 'Object Repository/IWP30/Page_EmulatorAgencyX/UDF2'

24-10-2024T22:36:29 - [MESSAGE][PASSED] - Text 'udf data 3' is set on object 'Object Repository/IWP30/Page_EmulatorAgencyX/UDF3'

24-10-2024T22:36:29 - [MESSAGE][PASSED] - Text 'udf data 4' is set on object 'Object Repository/IWP30/Page_EmulatorAgencyX/UDF4'

24-10-2024T22:36:30 - [MESSAGE][PASSED] - Text 'udf data 5' is set on object 'Object Repository/IWP30/Page_EmulatorAgencyX/UDF5'

24-10-2024T22:36:30 - [MESSAGE][PASSED] - Text 'udf data 6' is set on object 'Object Repository/IWP30/Page_EmulatorAgencyX/UDF6'

24-10-2024T22:36:31 - [MESSAGE][PASSED] - Text 'Orange' is set on object 'Object Repository/IWP30/Page_EmulatorAgencyX/UDF7'

24-10-2024T22:36:32 - [MESSAGE][PASSED] - Text 'Soccer' is set on object 'Object Repository/IWP30/Page_EmulatorAgencyX/UDF8'

24-10-2024T22:36:32 - [MESSAGE][PASSED] - Text 'udf data 9' is set on object 'Object Repository/IWP30/Page_EmulatorAgencyX/UDF9'

24-10-2024T22:36:33 - [MESSAGE][PASSED] - Text 'udf data 10' is set on object 'Object Repository/IWP30/Page_EmulatorAgencyX/UDF10'

24-10-2024T22:36:34 - [MESSAGE][PASSED] - Object: 'Object Repository/IWP30/Page_EmulatorAgencyX/Submit' is clicked on

24-10-2024T22:36:39 - [MESSAGE][PASSED] - Browser is closed

24-10-2024T22:36:43 - [MESSAGE][PASSED] - iwpPages.emulatorIWP30.setDataEmulator_DD is PASSED

24-10-2024T22:36:43 - [TEST_STEP][PASSED] - testHarnessURL = urlTestHarness: null

24-10-2024T22:36:43 - [TEST_STEP][PASSED] - openBrowser(testHarnessURL): Browser is opened with url: 'https://dev-algorithm.govolution.com/vrelaytest/QA2/version_2_2/vrelaytest.html'

24-10-2024T22:36:43 - [MESSAGE][INFO] - Starting 'Edge Chromium' driver

24-10-2024T22:36:43 - [MESSAGE][INFO] - User set preference: ['acceptInsecureCerts', 'true']

24-10-2024T22:36:45 - [MESSAGE][INFO] - Action delay is set to 0 milliseconds

24-10-2024T22:36:48 - [MESSAGE][PASSED] - Browser is opened with url: 'https://dev-algorithm.govolution.com/vrelaytest/QA2/version_2_2/vrelaytest.html'

24-10-2024T22:36:48 - [TEST_STEP][PASSED] - maximizeWindow(): Current window maximized

24-10-2024T22:36:48 - [MESSAGE][PASSED] - Current window maximized

24-10-2024T22:36:48 - [TEST_STEP][PASSED] - iwpPages.TestHarnessPage.setDataMethod(row, dataFile): iwpPages.TestHarnessPage.setDataMethod is PASSED

24-10-2024T22:36:49 - [MESSAGE][PASSED] - Object 'Object Repository/IWP30/Page_QATestHarness/RemittanceID' is present

24-10-2024T22:36:49 - [MESSAGE][PASSED] - Text '649' is set on object 'Object Repository/IWP30/Page_QATestHarness/ApplicationID'

24-10-2024T22:36:50 - [MESSAGE][PASSED] - Text '3.0' is set on object 'Object Repository/IWP30/Page_QATestHarness/MessageVersion'

24-10-2024T22:36:51 - [MESSAGE][PASSED] - Text '6gPhxdulOeAV' is set on object 'Object Repository/IWP30/Page_QATestHarness/RemittanceID'

24-10-2024T22:36:54 - [MESSAGE][PASSED] - Object: 'Object Repository/IWP30/Page_QATestHarness/SubmitButton' is clicked on

24-10-2024T22:36:54 - [MESSAGE][PASSED] - iwpPages.TestHarnessPage.setDataMethod is PASSED

24-10-2024T22:36:54 - [TEST_STEP][PASSED] - click(findTestObject("Object Repository/IWP30/Page_SelectPaymentMethod/PayByPersonalCheck")): Object: 'Object Repository/IWP30/Page_SelectPaymentMethod/PayByPersonalCheck' is clicked on

24-10-2024T22:36:54 - [MESSAGE][PASSED] - Object: 'Object Repository/IWP30/Page_SelectPaymentMethod/PayByPersonalCheck' is clicked on

24-10-2024T22:36:54 - [TEST_STEP][PASSED] - click(findTestObject("Object Repository/IWP30/Page_SelectPaymentMethod/MakePaymentButton")): Object: 'Object Repository/IWP30/Page_SelectPaymentMethod/MakePaymentButton' is clicked on

24-10-2024T22:36:57 - [MESSAGE][PASSED] - Object: 'Object Repository/IWP30/Page_SelectPaymentMethod/MakePaymentButton' is clicked on

24-10-2024T22:36:57 - [TEST_STEP][PASSED] - iwpPages.achPersonalPaymentEntryPage.setDataACHPPM(row, dataFile): iwpPages.achPersonalPaymentEntryPage.setDataACHPPM is PASSED

24-10-2024T22:36:58 - [MESSAGE][PASSED] - Object 'Object Repository/IWP30/Page_ACHPersonalPaymentEntry/txt_accountNumber' is present

24-10-2024T22:36:59 - [MESSAGE][PASSED] - Text '11.50' is set on object 'Object Repository/IWP30/Page_ACHPersonalPaymentEntry/txt_Amount'

24-10-2024T22:36:59 - [MESSAGE][PASSED] - Object 'Object Repository/IWP30/Page_ACHPersonalPaymentEntry/txt_UDF2' is present

24-10-2024T22:36:59 - [MESSAGE][PASSED] - All options with label 'Soccer' are selected in object 'Object Repository/IWP30/Page_ACHPersonalPaymentEntry/dd_UDF8' 

24-10-2024T22:37:00 - [MESSAGE][PASSED] - Object 'Object Repository/IWP30/Page_ACHPersonalPaymentEntry/txt_Firstname' is present

24-10-2024T22:37:00 - [MESSAGE][PASSED] - Text 'Elizath' is set on object 'Object Repository/IWP30/Page_ACHPersonalPaymentEntry/txt_Firstname'

24-10-2024T22:37:01 - [MESSAGE][PASSED] - Object 'Object Repository/IWP30/Page_ACHPersonalPaymentEntry/txt_Lastname' is present

24-10-2024T22:37:01 - [MESSAGE][PASSED] - Text 'Christine' is set on object 'Object Repository/IWP30/Page_ACHPersonalPaymentEntry/txt_Lastname'

24-10-2024T22:37:01 - [MESSAGE][PASSED] - Object 'Object Repository/IWP30/Page_ACHPersonalPaymentEntry/txt_routingNumber' is present

24-10-2024T22:37:02 - [MESSAGE][PASSED] - Text '256072691' is set on object 'Object Repository/IWP30/Page_ACHPersonalPaymentEntry/txt_routingNumber'

24-10-2024T22:37:02 - [MESSAGE][PASSED] - Object 'Object Repository/IWP30/Page_ACHPersonalPaymentEntry/txt_accountNumber' is present

24-10-2024T22:37:04 - [MESSAGE][PASSED] - Text '12344444' is set on object 'Object Repository/IWP30/Page_ACHPersonalPaymentEntry/txt_accountNumber'

24-10-2024T22:37:04 - [MESSAGE][PASSED] - Object 'Object Repository/IWP30/Page_ACHPersonalPaymentEntry/txt_confirmAccountNumber' is present

24-10-2024T22:37:05 - [MESSAGE][PASSED] - Text '12344444' is set on object 'Object Repository/IWP30/Page_ACHPersonalPaymentEntry/txt_confirmAccountNumber'

24-10-2024T22:37:05 - [MESSAGE][PASSED] - Object 'Object Repository/IWP30/Page_ACHPersonalPaymentEntry/rd_accountType' is present

24-10-2024T22:37:05 - [MESSAGE][PASSED] - Modify property of object successfully

24-10-2024T22:37:05 - [MESSAGE][PASSED] - Object: 'Object Repository/IWP30/Page_ACHPersonalPaymentEntry/rd_accountType' is clicked on

24-10-2024T22:37:05 - [MESSAGE][PASSED] - Object 'Object Repository/IWP30/Page_ACHPersonalPaymentEntry/txt_Email' is present

24-10-2024T22:37:06 - [MESSAGE][PASSED] - Object 'Object Repository/IWP30/Page_ACHPersonalPaymentEntry/cb_TermsAndCond' is present

24-10-2024T22:37:06 - [MESSAGE][PASSED] - Object: 'Object Repository/IWP30/Page_ACHPersonalPaymentEntry/cb_TermsAndCond' is clicked on

24-10-2024T22:37:06 - [MESSAGE][PASSED] - Object 'Object Repository/IWP30/Page_ACHPersonalPaymentEntry/btn_Continue' is present

24-10-2024T22:37:07 - [MESSAGE][PASSED] - Object: 'Object Repository/IWP30/Page_ACHPersonalPaymentEntry/btn_Continue' is clicked on

24-10-2024T22:37:07 - [MESSAGE][PASSED] - iwpPages.achPersonalPaymentEntryPage.setDataACHPPM is PASSED

24-10-2024T22:37:07 - [TEST_STEP][PASSED] - click(findTestObject("Object Repository/IWP30/Page_Confirmation/ConfirmButton")): Object: 'Object Repository/IWP30/Page_Confirmation/ConfirmButton' is clicked on

24-10-2024T22:37:39 - [MESSAGE][INFO] - Unable to find the element located by 'By.xpath: //*[@type = 'submit' and @name = 'confirmNotifyAction' and @id = 'submitYes' and @value = 'Confirm']'. Please recheck the objects properties to make sure the desired element is located. 

24-10-2024T22:37:39 - [MESSAGE][WARNING] - [SELF-HEALING] Failed to find element with id 'Object Repository/IWP30/Page_Confirmation/ConfirmButton'. Try using Self-healing.

24-10-2024T22:37:39 - [MESSAGE][WARNING] - [SELF-HEALING] The current locator of test object 'Object Repository/IWP30/Page_Confirmation/ConfirmButton' was broken. Propose an alternative one: '//div/input'.

24-10-2024T22:37:40 - [MESSAGE][PASSED] - Object: 'Object Repository/IWP30/Page_Confirmation/ConfirmButton' is clicked on

24-10-2024T22:37:40 - [TEST_STEP][PASSED] - Thread.sleep(10000): null

24-10-2024T22:37:50 - [TEST_STEP][PASSED] - if (verifyTextPresent("Successful Payment Receipt", false)): null

24-10-2024T22:37:51 - [MESSAGE][PASSED] - Text 'Successful Payment Receipt' is present on page 

24-10-2024T22:37:51 - [TEST_STEP][PASSED] - println("Successful Payment Receipt text is present on the Receipt page"): null

24-10-2024T22:37:51 - [TEST_STEP][PASSED] - markPassed("Successful Payment Receipt text is present on the Receipt page"): Successful Payment Receipt text is present on the Receipt page

24-10-2024T22:37:51 - [MESSAGE][PASSED] - Successful Payment Receipt text is present on the Receipt page

24-10-2024T22:37:51 - [TEST_STEP][PASSED] - resText = "Pass": null

24-10-2024T22:37:51 - [TEST_STEP][PASSED] - pages.WriteExcel.demoKey(resText, datText, resColumn, datCloumn, fileLoc, nameSheet, row): pages.WriteExcel.demoKey is PASSED

24-10-2024T22:37:51 - [MESSAGE][PASSED] - pages.WriteExcel.demoKey is PASSED

24-10-2024T22:37:51 - [TEST_STEP][PASSED] - closeBrowser(): Browser is closed

24-10-2024T22:37:53 - [MESSAGE][PASSED] - Browser is closed

24-10-2024T22:37:53 - [TEST_STEP][PASSED] - ExecuteTC = findTestData(dataFile).getValue("Execute", row): null

24-10-2024T22:37:53 - [TEST_STEP][PASSED] - out.println("Value of Execute is : " + ExecuteTC): null

24-10-2024T22:37:53 - [TEST_STEP][PASSED] - if (ExecuteTC.equalsIgnoreCase("Y")): null

24-10-2024T22:37:53 - [TEST_STEP][PASSED] - out.println("Begin Record Number: " + row): null

24-10-2024T22:37:53 - [TEST_STEP][PASSED] - today = new java.util.Date(): null

24-10-2024T22:37:53 - [TEST_STEP][PASSED] - println(today): null

24-10-2024T22:37:53 - [TEST_STEP][PASSED] - datText = today: null

24-10-2024T22:37:53 - [TEST_STEP][PASSED] - EmulatorDataKey = findTestData(dataFile).getValue("EmulatorData", row): null

24-10-2024T22:37:53 - [TEST_STEP][PASSED] - out.println("Value of Emulator Key is : " + EmulatorDataKey): null

24-10-2024T22:37:53 - [TEST_STEP][PASSED] - iwpPages.emulatorIWP30.setDataEmulator_DD(EmulatorDataKey): iwpPages.emulatorIWP30.setDataEmulator_DD is PASSED

24-10-2024T22:37:53 - [MESSAGE][INFO] - Starting 'Edge Chromium' driver

24-10-2024T22:37:53 - [MESSAGE][INFO] - User set preference: ['acceptInsecureCerts', 'true']

24-10-2024T22:37:55 - [MESSAGE][INFO] - Action delay is set to 0 milliseconds

24-10-2024T22:38:01 - [MESSAGE][PASSED] - Browser is opened with url: 'https://qa2.velocitypayment.com/agencyx/config.action?action=editor&message_version=3_0'

24-10-2024T22:38:01 - [MESSAGE][PASSED] - Current window maximized

24-10-2024T22:38:32 - [MESSAGE][INFO] - Unable to find the element located by 'By.xpath: //select[@name='message_version']'. Please recheck the objects properties to make sure the desired element is located. 

24-10-2024T22:38:32 - [MESSAGE][WARNING] - [SELF-HEALING] Failed to find element with id 'Object Repository/IWP30/Page_VRelay30Emulator/MV'. Try using Self-healing.

24-10-2024T22:38:32 - [MESSAGE][WARNING] - [SELF-HEALING] The current locator of test object 'Object Repository/IWP30/Page_VRelay30Emulator/MV' was broken. Propose an alternative one: '(.//*[normalize-space(text()) and normalize-space(.)='Message Version'])[1]/following::select[1]'.

24-10-2024T22:38:33 - [MESSAGE][PASSED] - All options with value '3.0' are selected in object 'Object Repository/IWP30/Page_VRelay30Emulator/MV'  using regular expression

24-10-2024T22:38:34 - [MESSAGE][PASSED] - Text '10.50' is set on object 'Object Repository/IWP30/Page_EmulatorAgencyX/Amount'

24-10-2024T22:38:34 - [MESSAGE][PASSED] - Text '2q7DCF9Fl08g' is set on object 'Object Repository/IWP30/Page_EmulatorAgencyX/CAN'

24-10-2024T22:38:35 - [MESSAGE][PASSED] - Text 'PayNow' is set on object 'Object Repository/IWP30/Page_EmulatorAgencyX/Action'

24-10-2024T22:38:36 - [MESSAGE][PASSED] - Text 'en_US' is set on object 'Object Repository/IWP30/Page_EmulatorAgencyX/Lang'

24-10-2024T22:38:36 - [MESSAGE][PASSED] - Text 'Jasmine' is set on object 'Object Repository/IWP30/Page_EmulatorAgencyX/Fname'

24-10-2024T22:38:37 - [MESSAGE][PASSED] - Text 'Patrinol' is set on object 'Object Repository/IWP30/Page_EmulatorAgencyX/Lname'

24-10-2024T22:38:38 - [MESSAGE][PASSED] - Text '258 Underwood rd' is set on object 'Object Repository/IWP30/Page_EmulatorAgencyX/AL1'

24-10-2024T22:38:38 - [MESSAGE][PASSED] - Text 'Suite 600' is set on object 'Object Repository/IWP30/Page_EmulatorAgencyX/AL2'

24-10-2024T22:38:39 - [MESSAGE][PASSED] - Text '840' is set on object 'Object Repository/IWP30/Page_EmulatorAgencyX/Country'

24-10-2024T22:38:40 - [MESSAGE][PASSED] - Text 'Arlington' is set on object 'Object Repository/IWP30/Page_EmulatorAgencyX/City'

24-10-2024T22:38:40 - [MESSAGE][PASSED] - Text 'VA' is set on object 'Object Repository/IWP30/Page_EmulatorAgencyX/State'

24-10-2024T22:38:41 - [MESSAGE][PASSED] - Text '22201' is set on object 'Object Repository/IWP30/Page_EmulatorAgencyX/ZIP'

24-10-2024T22:38:41 - [MESSAGE][PASSED] - Text '' is set on object 'Object Repository/IWP30/Page_EmulatorAgencyX/Order'

24-10-2024T22:38:42 - [MESSAGE][PASSED] - Text 'Some Company' is set on object 'Object Repository/IWP30/Page_EmulatorAgencyX/Company'

24-10-2024T22:38:43 - [MESSAGE][PASSED] - Text 'iahmed@govolution.com' is set on object 'Object Repository/IWP30/Page_EmulatorAgencyX/Email'

24-10-2024T22:38:43 - [MESSAGE][PASSED] - Text 'udf data 1' is set on object 'Object Repository/IWP30/Page_EmulatorAgencyX/UDF1'

24-10-2024T22:38:44 - [MESSAGE][PASSED] - Text 'udf data 2' is set on object 'Object Repository/IWP30/Page_EmulatorAgencyX/UDF2'

24-10-2024T22:38:45 - [MESSAGE][PASSED] - Text 'udf data 3' is set on object 'Object Repository/IWP30/Page_EmulatorAgencyX/UDF3'

24-10-2024T22:38:45 - [MESSAGE][PASSED] - Text 'udf data 4' is set on object 'Object Repository/IWP30/Page_EmulatorAgencyX/UDF4'

24-10-2024T22:38:46 - [MESSAGE][PASSED] - Text 'udf data 5' is set on object 'Object Repository/IWP30/Page_EmulatorAgencyX/UDF5'

24-10-2024T22:38:46 - [MESSAGE][PASSED] - Text 'udf data 6' is set on object 'Object Repository/IWP30/Page_EmulatorAgencyX/UDF6'

24-10-2024T22:38:47 - [MESSAGE][PASSED] - Text 'Orange' is set on object 'Object Repository/IWP30/Page_EmulatorAgencyX/UDF7'

24-10-2024T22:38:48 - [MESSAGE][PASSED] - Text 'Soccer' is set on object 'Object Repository/IWP30/Page_EmulatorAgencyX/UDF8'

24-10-2024T22:38:48 - [MESSAGE][PASSED] - Text 'udf data 9' is set on object 'Object Repository/IWP30/Page_EmulatorAgencyX/UDF9'

24-10-2024T22:38:49 - [MESSAGE][PASSED] - Text 'udf data 10' is set on object 'Object Repository/IWP30/Page_EmulatorAgencyX/UDF10'

24-10-2024T22:38:50 - [MESSAGE][PASSED] - Object: 'Object Repository/IWP30/Page_EmulatorAgencyX/Submit' is clicked on

24-10-2024T22:38:55 - [MESSAGE][PASSED] - Browser is closed

24-10-2024T22:38:59 - [MESSAGE][PASSED] - iwpPages.emulatorIWP30.setDataEmulator_DD is PASSED

24-10-2024T22:38:59 - [TEST_STEP][PASSED] - testHarnessURL = urlTestHarness: null

24-10-2024T22:38:59 - [TEST_STEP][PASSED] - openBrowser(testHarnessURL): Browser is opened with url: 'https://dev-algorithm.govolution.com/vrelaytest/QA2/version_2_2/vrelaytest.html'

24-10-2024T22:38:59 - [MESSAGE][INFO] - Starting 'Edge Chromium' driver

24-10-2024T22:38:59 - [MESSAGE][INFO] - User set preference: ['acceptInsecureCerts', 'true']

24-10-2024T22:39:01 - [MESSAGE][INFO] - Action delay is set to 0 milliseconds

24-10-2024T22:39:05 - [MESSAGE][PASSED] - Browser is opened with url: 'https://dev-algorithm.govolution.com/vrelaytest/QA2/version_2_2/vrelaytest.html'

24-10-2024T22:39:05 - [TEST_STEP][PASSED] - maximizeWindow(): Current window maximized

24-10-2024T22:39:05 - [MESSAGE][PASSED] - Current window maximized

24-10-2024T22:39:05 - [TEST_STEP][PASSED] - iwpPages.TestHarnessPage.setDataMethod(row, dataFile): iwpPages.TestHarnessPage.setDataMethod is PASSED

24-10-2024T22:39:05 - [MESSAGE][PASSED] - Object 'Object Repository/IWP30/Page_QATestHarness/RemittanceID' is present

24-10-2024T22:39:06 - [MESSAGE][PASSED] - Text '649' is set on object 'Object Repository/IWP30/Page_QATestHarness/ApplicationID'

24-10-2024T22:39:07 - [MESSAGE][PASSED] - Text '3.0' is set on object 'Object Repository/IWP30/Page_QATestHarness/MessageVersion'

24-10-2024T22:39:07 - [MESSAGE][PASSED] - Text 'qsdd8nySAA62' is set on object 'Object Repository/IWP30/Page_QATestHarness/RemittanceID'

24-10-2024T22:39:10 - [MESSAGE][PASSED] - Object: 'Object Repository/IWP30/Page_QATestHarness/SubmitButton' is clicked on

24-10-2024T22:39:10 - [MESSAGE][PASSED] - iwpPages.TestHarnessPage.setDataMethod is PASSED

24-10-2024T22:39:10 - [TEST_STEP][PASSED] - click(findTestObject("Object Repository/IWP30/Page_SelectPaymentMethod/PayByPersonalCheck")): Object: 'Object Repository/IWP30/Page_SelectPaymentMethod/PayByPersonalCheck' is clicked on

24-10-2024T22:39:11 - [MESSAGE][PASSED] - Object: 'Object Repository/IWP30/Page_SelectPaymentMethod/PayByPersonalCheck' is clicked on

24-10-2024T22:39:11 - [TEST_STEP][PASSED] - click(findTestObject("Object Repository/IWP30/Page_SelectPaymentMethod/MakePaymentButton")): Object: 'Object Repository/IWP30/Page_SelectPaymentMethod/MakePaymentButton' is clicked on

24-10-2024T22:39:14 - [MESSAGE][PASSED] - Object: 'Object Repository/IWP30/Page_SelectPaymentMethod/MakePaymentButton' is clicked on

24-10-2024T22:39:14 - [TEST_STEP][PASSED] - iwpPages.achPersonalPaymentEntryPage.setDataACHPPM(row, dataFile): iwpPages.achPersonalPaymentEntryPage.setDataACHPPM is PASSED

24-10-2024T22:39:15 - [MESSAGE][PASSED] - Object 'Object Repository/IWP30/Page_ACHPersonalPaymentEntry/txt_accountNumber' is present

24-10-2024T22:39:16 - [MESSAGE][PASSED] - Text '9.50' is set on object 'Object Repository/IWP30/Page_ACHPersonalPaymentEntry/txt_Amount'

24-10-2024T22:39:16 - [MESSAGE][PASSED] - Object 'Object Repository/IWP30/Page_ACHPersonalPaymentEntry/txt_UDF2' is present

24-10-2024T22:39:16 - [MESSAGE][PASSED] - All options with label 'Soccer' are selected in object 'Object Repository/IWP30/Page_ACHPersonalPaymentEntry/dd_UDF8' 

24-10-2024T22:39:17 - [MESSAGE][PASSED] - Object 'Object Repository/IWP30/Page_ACHPersonalPaymentEntry/txt_Firstname' is present

24-10-2024T22:39:17 - [MESSAGE][PASSED] - Text 'Elizath' is set on object 'Object Repository/IWP30/Page_ACHPersonalPaymentEntry/txt_Firstname'

24-10-2024T22:39:17 - [MESSAGE][PASSED] - Object 'Object Repository/IWP30/Page_ACHPersonalPaymentEntry/txt_Lastname' is present

24-10-2024T22:39:18 - [MESSAGE][PASSED] - Text 'Christine' is set on object 'Object Repository/IWP30/Page_ACHPersonalPaymentEntry/txt_Lastname'

24-10-2024T22:39:18 - [MESSAGE][PASSED] - Object 'Object Repository/IWP30/Page_ACHPersonalPaymentEntry/txt_routingNumber' is present

24-10-2024T22:39:19 - [MESSAGE][PASSED] - Text '256072691' is set on object 'Object Repository/IWP30/Page_ACHPersonalPaymentEntry/txt_routingNumber'

24-10-2024T22:39:19 - [MESSAGE][PASSED] - Object 'Object Repository/IWP30/Page_ACHPersonalPaymentEntry/txt_accountNumber' is present

24-10-2024T22:39:21 - [MESSAGE][PASSED] - Text '12344444' is set on object 'Object Repository/IWP30/Page_ACHPersonalPaymentEntry/txt_accountNumber'

24-10-2024T22:39:21 - [MESSAGE][PASSED] - Object 'Object Repository/IWP30/Page_ACHPersonalPaymentEntry/txt_confirmAccountNumber' is present

24-10-2024T22:39:22 - [MESSAGE][PASSED] - Text '12344444' is set on object 'Object Repository/IWP30/Page_ACHPersonalPaymentEntry/txt_confirmAccountNumber'

24-10-2024T22:39:22 - [MESSAGE][PASSED] - Object 'Object Repository/IWP30/Page_ACHPersonalPaymentEntry/rd_accountType' is present

24-10-2024T22:39:22 - [MESSAGE][PASSED] - Modify property of object successfully

24-10-2024T22:39:22 - [MESSAGE][PASSED] - Object: 'Object Repository/IWP30/Page_ACHPersonalPaymentEntry/rd_accountType' is clicked on

24-10-2024T22:39:22 - [MESSAGE][PASSED] - Object 'Object Repository/IWP30/Page_ACHPersonalPaymentEntry/txt_Email' is present

24-10-2024T22:39:23 - [MESSAGE][PASSED] - Object 'Object Repository/IWP30/Page_ACHPersonalPaymentEntry/cb_TermsAndCond' is present

24-10-2024T22:39:23 - [MESSAGE][PASSED] - Object: 'Object Repository/IWP30/Page_ACHPersonalPaymentEntry/cb_TermsAndCond' is clicked on

24-10-2024T22:39:23 - [MESSAGE][PASSED] - Object 'Object Repository/IWP30/Page_ACHPersonalPaymentEntry/btn_Continue' is present

24-10-2024T22:39:24 - [MESSAGE][PASSED] - Object: 'Object Repository/IWP30/Page_ACHPersonalPaymentEntry/btn_Continue' is clicked on

24-10-2024T22:39:24 - [MESSAGE][PASSED] - iwpPages.achPersonalPaymentEntryPage.setDataACHPPM is PASSED

24-10-2024T22:39:24 - [TEST_STEP][PASSED] - click(findTestObject("Object Repository/IWP30/Page_Confirmation/ConfirmButton")): Object: 'Object Repository/IWP30/Page_Confirmation/ConfirmButton' is clicked on

24-10-2024T22:39:56 - [MESSAGE][INFO] - Unable to find the element located by 'By.xpath: //*[@type = 'submit' and @name = 'confirmNotifyAction' and @id = 'submitYes' and @value = 'Confirm']'. Please recheck the objects properties to make sure the desired element is located. 

24-10-2024T22:39:56 - [MESSAGE][WARNING] - [SELF-HEALING] Failed to find element with id 'Object Repository/IWP30/Page_Confirmation/ConfirmButton'. Try using Self-healing.

24-10-2024T22:39:56 - [MESSAGE][WARNING] - [SELF-HEALING] The current locator of test object 'Object Repository/IWP30/Page_Confirmation/ConfirmButton' was broken. Propose an alternative one: '//div/input'.

24-10-2024T22:39:57 - [MESSAGE][PASSED] - Object: 'Object Repository/IWP30/Page_Confirmation/ConfirmButton' is clicked on

24-10-2024T22:39:57 - [TEST_STEP][PASSED] - Thread.sleep(10000): null

24-10-2024T22:40:07 - [TEST_STEP][PASSED] - if (verifyTextPresent("Successful Payment Receipt", false)): null

24-10-2024T22:40:08 - [MESSAGE][PASSED] - Text 'Successful Payment Receipt' is present on page 

24-10-2024T22:40:08 - [TEST_STEP][PASSED] - println("Successful Payment Receipt text is present on the Receipt page"): null

24-10-2024T22:40:08 - [TEST_STEP][PASSED] - markPassed("Successful Payment Receipt text is present on the Receipt page"): Successful Payment Receipt text is present on the Receipt page

24-10-2024T22:40:08 - [MESSAGE][PASSED] - Successful Payment Receipt text is present on the Receipt page

24-10-2024T22:40:08 - [TEST_STEP][PASSED] - resText = "Pass": null

24-10-2024T22:40:08 - [TEST_STEP][PASSED] - pages.WriteExcel.demoKey(resText, datText, resColumn, datCloumn, fileLoc, nameSheet, row): pages.WriteExcel.demoKey is PASSED

24-10-2024T22:40:08 - [MESSAGE][PASSED] - pages.WriteExcel.demoKey is PASSED

24-10-2024T22:40:08 - [TEST_STEP][PASSED] - closeBrowser(): Browser is closed

24-10-2024T22:40:09 - [MESSAGE][PASSED] - Browser is closed]]></system-out>
         <system-err><![CDATA[]]></system-err>
      </testcase>
      <testcase name="Test Cases/IntegratedWeb/IWP25/Payments/PayNowCorpDCF" time="546.722" classname="Test Cases/IntegratedWeb/IWP25/Payments/PayNowCorpDCF" status="PASSED">
         <system-out><![CDATA[24-10-2024T22:40:09 - [TEST_CASE][PASSED] - Test Cases/IntegratedWeb/IWP25/Payments/PayNowCorpDCF: Test Cases/IntegratedWeb/IWP25/Payments/PayNowCorpDCF

24-10-2024T22:40:09 - [TEST_STEP][PASSED] - resText = "Fail": null

24-10-2024T22:40:09 - [TEST_STEP][PASSED] - resColumn = "Result": null

24-10-2024T22:40:09 - [TEST_STEP][PASSED] - datCloumn = "Date": null

24-10-2024T22:40:09 - [TEST_STEP][PASSED] - fileLoc = "KatalonData/IWPTestData/VRelay25Payments.xlsx": null

24-10-2024T22:40:09 - [TEST_STEP][PASSED] - numOfRows = <not implemented yet for class: org.codehaus.groovy.ast.expr.EmptyExpression>: null

24-10-2024T22:40:09 - [TEST_STEP][PASSED] - dataFile = <not implemented yet for class: org.codehaus.groovy.ast.expr.EmptyExpression>: null

24-10-2024T22:40:09 - [TEST_STEP][PASSED] - nameSheet = <not implemented yet for class: org.codehaus.groovy.ast.expr.EmptyExpression>: null

24-10-2024T22:40:09 - [TEST_STEP][PASSED] - dataFileEmulator = <not implemented yet for class: org.codehaus.groovy.ast.expr.EmptyExpression>: null

24-10-2024T22:40:09 - [TEST_STEP][PASSED] - isRequiredTextPresent = false: null

24-10-2024T22:40:09 - [TEST_STEP][PASSED] - nameSheet = "PayNowCorpDCF": null

24-10-2024T22:40:09 - [TEST_STEP][PASSED] - dataFile = "IWPTestData/IWP25PayNowCorpDCF": null

24-10-2024T22:40:09 - [TEST_STEP][PASSED] - dataFileEmulator = "IWPTestData/EmulatorData": null

24-10-2024T22:40:09 - [TEST_STEP][PASSED] - numOfRows = findTestData(dataFile).getRowNumbers(): null

24-10-2024T22:40:09 - [TEST_STEP][PASSED] - println("Number of Records: " + numOfRows): null

24-10-2024T22:40:09 - [TEST_STEP][PASSED] - for ([row = 1, row <= numOfRows, (row++)]): Browser is closed

24-10-2024T22:40:09 - [TEST_STEP][PASSED] - ExecuteTC = findTestData(dataFile).getValue("Execute", row): null

24-10-2024T22:40:09 - [TEST_STEP][PASSED] - out.println("Value of Execute is : " + ExecuteTC): null

24-10-2024T22:40:09 - [TEST_STEP][PASSED] - if (ExecuteTC.equalsIgnoreCase("Y")): null

24-10-2024T22:40:09 - [TEST_STEP][PASSED] - out.println("Begin Record Number: " + row): null

24-10-2024T22:40:09 - [TEST_STEP][PASSED] - today = new java.util.Date(): null

24-10-2024T22:40:09 - [TEST_STEP][PASSED] - println(today): null

24-10-2024T22:40:09 - [TEST_STEP][PASSED] - datText = today: null

24-10-2024T22:40:09 - [TEST_STEP][PASSED] - EmulatorDataKey = findTestData(dataFile).getValue("EmulatorData", row): null

24-10-2024T22:40:09 - [TEST_STEP][PASSED] - out.println("Value of Emulator Key is : " + EmulatorDataKey): null

24-10-2024T22:40:09 - [TEST_STEP][PASSED] - iwpPages.emulatorIWP30.setDataEmulator_DD(EmulatorDataKey): iwpPages.emulatorIWP30.setDataEmulator_DD is PASSED

24-10-2024T22:40:10 - [MESSAGE][INFO] - Starting 'Edge Chromium' driver

24-10-2024T22:40:10 - [MESSAGE][INFO] - User set preference: ['acceptInsecureCerts', 'true']

24-10-2024T22:40:12 - [MESSAGE][INFO] - Action delay is set to 0 milliseconds

24-10-2024T22:40:15 - [MESSAGE][PASSED] - Browser is opened with url: 'https://qa2.velocitypayment.com/agencyx/config.action?action=editor&message_version=2_5'

24-10-2024T22:40:16 - [MESSAGE][PASSED] - Current window maximized

24-10-2024T22:40:47 - [MESSAGE][INFO] - Unable to find the element located by 'By.xpath: //select[@name='message_version']'. Please recheck the objects properties to make sure the desired element is located. 

24-10-2024T22:40:47 - [MESSAGE][WARNING] - [SELF-HEALING] Failed to find element with id 'Object Repository/IWP30/Page_VRelay30Emulator/MV'. Try using Self-healing.

24-10-2024T22:40:47 - [MESSAGE][WARNING] - [SELF-HEALING] The current locator of test object 'Object Repository/IWP30/Page_VRelay30Emulator/MV' was broken. Propose an alternative one: '(.//*[normalize-space(text()) and normalize-space(.)='Message Version'])[1]/following::select[1]'.

24-10-2024T22:40:48 - [MESSAGE][PASSED] - All options with value '2.5' are selected in object 'Object Repository/IWP30/Page_VRelay30Emulator/MV'  using regular expression

24-10-2024T22:40:48 - [MESSAGE][PASSED] - Text '10.50' is set on object 'Object Repository/IWP30/Page_EmulatorAgencyX/Amount'

24-10-2024T22:40:49 - [MESSAGE][PASSED] - Text 'XcTYoSJwmktr' is set on object 'Object Repository/IWP30/Page_EmulatorAgencyX/CAN'

24-10-2024T22:40:49 - [MESSAGE][PASSED] - Text 'PayNow' is set on object 'Object Repository/IWP30/Page_EmulatorAgencyX/Action'

24-10-2024T22:40:50 - [MESSAGE][PASSED] - Text 'en_US' is set on object 'Object Repository/IWP30/Page_EmulatorAgencyX/Lang'

24-10-2024T22:40:51 - [MESSAGE][PASSED] - Text '' is set on object 'Object Repository/IWP30/Page_EmulatorAgencyX/Fname'

24-10-2024T22:40:51 - [MESSAGE][PASSED] - Text '' is set on object 'Object Repository/IWP30/Page_EmulatorAgencyX/Lname'

24-10-2024T22:40:52 - [MESSAGE][PASSED] - Text '' is set on object 'Object Repository/IWP30/Page_EmulatorAgencyX/AL1'

24-10-2024T22:40:52 - [MESSAGE][PASSED] - Text '' is set on object 'Object Repository/IWP30/Page_EmulatorAgencyX/AL2'

24-10-2024T22:40:53 - [MESSAGE][PASSED] - Text '' is set on object 'Object Repository/IWP30/Page_EmulatorAgencyX/Country'

24-10-2024T22:40:54 - [MESSAGE][PASSED] - Text '' is set on object 'Object Repository/IWP30/Page_EmulatorAgencyX/City'

24-10-2024T22:40:54 - [MESSAGE][PASSED] - Text '' is set on object 'Object Repository/IWP30/Page_EmulatorAgencyX/State'

24-10-2024T22:40:55 - [MESSAGE][PASSED] - Text '' is set on object 'Object Repository/IWP30/Page_EmulatorAgencyX/ZIP'

24-10-2024T22:40:55 - [MESSAGE][PASSED] - Text '' is set on object 'Object Repository/IWP30/Page_EmulatorAgencyX/Order'

24-10-2024T22:40:56 - [MESSAGE][PASSED] - Text '' is set on object 'Object Repository/IWP30/Page_EmulatorAgencyX/Company'

24-10-2024T22:40:57 - [MESSAGE][PASSED] - Text '' is set on object 'Object Repository/IWP30/Page_EmulatorAgencyX/Email'

24-10-2024T22:40:57 - [MESSAGE][PASSED] - Text '' is set on object 'Object Repository/IWP30/Page_EmulatorAgencyX/UDF1'

24-10-2024T22:40:58 - [MESSAGE][PASSED] - Text '' is set on object 'Object Repository/IWP30/Page_EmulatorAgencyX/UDF2'

24-10-2024T22:40:58 - [MESSAGE][PASSED] - Text '' is set on object 'Object Repository/IWP30/Page_EmulatorAgencyX/UDF3'

24-10-2024T22:40:59 - [MESSAGE][PASSED] - Text 'udf data 4' is set on object 'Object Repository/IWP30/Page_EmulatorAgencyX/UDF4'

24-10-2024T22:40:59 - [MESSAGE][PASSED] - Text 'udf data 5' is set on object 'Object Repository/IWP30/Page_EmulatorAgencyX/UDF5'

24-10-2024T22:41:00 - [MESSAGE][PASSED] - Text '' is set on object 'Object Repository/IWP30/Page_EmulatorAgencyX/UDF6'

24-10-2024T22:41:01 - [MESSAGE][PASSED] - Text '' is set on object 'Object Repository/IWP30/Page_EmulatorAgencyX/UDF7'

24-10-2024T22:41:01 - [MESSAGE][PASSED] - Text '' is set on object 'Object Repository/IWP30/Page_EmulatorAgencyX/UDF8'

24-10-2024T22:41:02 - [MESSAGE][PASSED] - Text 'udf data 9' is set on object 'Object Repository/IWP30/Page_EmulatorAgencyX/UDF9'

24-10-2024T22:41:02 - [MESSAGE][PASSED] - Text 'udf data 10' is set on object 'Object Repository/IWP30/Page_EmulatorAgencyX/UDF10'

24-10-2024T22:41:04 - [MESSAGE][PASSED] - Object: 'Object Repository/IWP30/Page_EmulatorAgencyX/Submit' is clicked on

24-10-2024T22:41:08 - [MESSAGE][PASSED] - Browser is closed

24-10-2024T22:41:13 - [MESSAGE][PASSED] - iwpPages.emulatorIWP30.setDataEmulator_DD is PASSED

24-10-2024T22:41:13 - [TEST_STEP][PASSED] - testHarnessURL = urlTestHarness: null

24-10-2024T22:41:13 - [TEST_STEP][PASSED] - openBrowser(testHarnessURL): Browser is opened with url: 'https://dev-algorithm.govolution.com/vrelaytest/QA2/version_2_2/vrelaytest.html'

24-10-2024T22:41:13 - [MESSAGE][INFO] - Starting 'Edge Chromium' driver

24-10-2024T22:41:13 - [MESSAGE][INFO] - User set preference: ['acceptInsecureCerts', 'true']

24-10-2024T22:41:15 - [MESSAGE][INFO] - Action delay is set to 0 milliseconds

24-10-2024T22:41:18 - [MESSAGE][PASSED] - Browser is opened with url: 'https://dev-algorithm.govolution.com/vrelaytest/QA2/version_2_2/vrelaytest.html'

24-10-2024T22:41:18 - [TEST_STEP][PASSED] - maximizeWindow(): Current window maximized

24-10-2024T22:41:19 - [MESSAGE][PASSED] - Current window maximized

24-10-2024T22:41:19 - [TEST_STEP][PASSED] - iwpPages.TestHarnessPage.setDataMethod(row, dataFile): iwpPages.TestHarnessPage.setDataMethod is PASSED

24-10-2024T22:41:19 - [MESSAGE][PASSED] - Object 'Object Repository/IWP30/Page_QATestHarness/RemittanceID' is present

24-10-2024T22:41:20 - [MESSAGE][PASSED] - Text '640' is set on object 'Object Repository/IWP30/Page_QATestHarness/ApplicationID'

24-10-2024T22:41:20 - [MESSAGE][PASSED] - Text '2.5' is set on object 'Object Repository/IWP30/Page_QATestHarness/MessageVersion'

24-10-2024T22:41:21 - [MESSAGE][PASSED] - Text 'J2vC4Kaz4Wf4' is set on object 'Object Repository/IWP30/Page_QATestHarness/RemittanceID'

24-10-2024T22:41:25 - [MESSAGE][PASSED] - Object: 'Object Repository/IWP30/Page_QATestHarness/SubmitButton' is clicked on

24-10-2024T22:41:25 - [MESSAGE][PASSED] - iwpPages.TestHarnessPage.setDataMethod is PASSED

24-10-2024T22:41:25 - [TEST_STEP][PASSED] - click(findTestObject("Object Repository/IWP30/Page_SelectPaymentMethod/PayByCorporateCheck")): Object: 'Object Repository/IWP30/Page_SelectPaymentMethod/PayByCorporateCheck' is clicked on

24-10-2024T22:41:26 - [MESSAGE][PASSED] - Object: 'Object Repository/IWP30/Page_SelectPaymentMethod/PayByCorporateCheck' is clicked on

24-10-2024T22:41:26 - [TEST_STEP][PASSED] - click(findTestObject("Object Repository/IWP30/Page_SelectPaymentMethod/MakePaymentButton")): Object: 'Object Repository/IWP30/Page_SelectPaymentMethod/MakePaymentButton' is clicked on

24-10-2024T22:41:28 - [MESSAGE][PASSED] - Object: 'Object Repository/IWP30/Page_SelectPaymentMethod/MakePaymentButton' is clicked on

24-10-2024T22:41:28 - [TEST_STEP][PASSED] - iwpPages.achCorporatePaymentEntryPage.setDataCorporate(row, dataFile): iwpPages.achCorporatePaymentEntryPage.setDataCorporate is PASSED

24-10-2024T22:41:30 - [MESSAGE][PASSED] - Object 'Object Repository/IWP30/Page_ACHCorporatePaymentEntry/txt_accountNumber' is present

24-10-2024T22:41:30 - [MESSAGE][PASSED] - Object 'Object Repository/IWP30/Page_ACHCorporatePaymentEntry/input_CompanyName' is present

24-10-2024T22:41:31 - [MESSAGE][PASSED] - Text 'My Company' is set on object 'Object Repository/IWP30/Page_ACHCorporatePaymentEntry/input_CompanyName'

24-10-2024T22:41:31 - [MESSAGE][PASSED] - Object 'Object Repository/IWP30/Page_ACHCorporatePaymentEntry/input_EIN' is present

24-10-2024T22:41:31 - [MESSAGE][PASSED] - Text '123456789' is set on object 'Object Repository/IWP30/Page_ACHCorporatePaymentEntry/input_EIN'

24-10-2024T22:41:32 - [MESSAGE][PASSED] - Text '10.50' is set on object 'Object Repository/IWP30/Page_ACHCorporatePaymentEntry/txt_Amount'

24-10-2024T22:41:33 - [MESSAGE][PASSED] - Text 'udf data 2' is set on object 'Object Repository/IWP30/Page_ACHCorporatePaymentEntry/txt_UDF2'

24-10-2024T22:41:33 - [MESSAGE][PASSED] - Text 'udf data 3' is set on object 'Object Repository/IWP30/Page_ACHCorporatePaymentEntry/txt_UDF3'

24-10-2024T22:41:34 - [MESSAGE][PASSED] - All options with label 'Orange' are selected in object 'Object Repository/IWP30/Page_ACHCorporatePaymentEntry/dd_UDF7' 

24-10-2024T22:41:34 - [MESSAGE][PASSED] - All options with label 'Soccer' are selected in object 'Object Repository/IWP30/Page_ACHCorporatePaymentEntry/dd_UDF8' 

24-10-2024T22:41:35 - [MESSAGE][PASSED] - Object 'Object Repository/IWP30/Page_ACHCorporatePaymentEntry/txt_routingNumber' is present

24-10-2024T22:41:35 - [MESSAGE][PASSED] - Text '256072691' is set on object 'Object Repository/IWP30/Page_ACHCorporatePaymentEntry/txt_routingNumber'

24-10-2024T22:41:36 - [MESSAGE][PASSED] - Object 'Object Repository/IWP30/Page_ACHCorporatePaymentEntry/txt_accountNumber' is present

24-10-2024T22:41:37 - [MESSAGE][PASSED] - Text '12344444' is set on object 'Object Repository/IWP30/Page_ACHCorporatePaymentEntry/txt_accountNumber'

24-10-2024T22:41:37 - [MESSAGE][PASSED] - Object 'Object Repository/IWP30/Page_ACHCorporatePaymentEntry/txt_confirmAccountNumber' is present

24-10-2024T22:41:38 - [MESSAGE][PASSED] - Text '12344444' is set on object 'Object Repository/IWP30/Page_ACHCorporatePaymentEntry/txt_confirmAccountNumber'

24-10-2024T22:41:39 - [MESSAGE][PASSED] - Text '365 Main Avenue' is set on object 'Object Repository/IWP30/Page_ACHCorporatePaymentEntry/txt_AL1'

24-10-2024T22:41:39 - [MESSAGE][PASSED] - Text '22201' is set on object 'Object Repository/IWP30/Page_ACHCorporatePaymentEntry/txt_ZIP'

24-10-2024T22:41:40 - [MESSAGE][PASSED] - Object 'Object Repository/IWP30/Page_ACHCorporatePaymentEntry/txt_Email' is present

24-10-2024T22:41:41 - [MESSAGE][PASSED] - Text 'iahmed@govolution.com' is set on object 'Object Repository/IWP30/Page_ACHCorporatePaymentEntry/txt_Email'

24-10-2024T22:41:41 - [MESSAGE][PASSED] - Object 'Object Repository/IWP30/Page_ACHCorporatePaymentEntry/cb_TermsAndCond' is present

24-10-2024T22:41:42 - [MESSAGE][PASSED] - Object: 'Object Repository/IWP30/Page_ACHCorporatePaymentEntry/cb_TermsAndCond' is clicked on

24-10-2024T22:41:42 - [MESSAGE][PASSED] - Object 'Object Repository/IWP30/Page_ACHCorporatePaymentEntry/btn_Continue' is present

24-10-2024T22:41:43 - [MESSAGE][PASSED] - Object: 'Object Repository/IWP30/Page_ACHCorporatePaymentEntry/btn_Continue' is clicked on

24-10-2024T22:41:43 - [MESSAGE][PASSED] - iwpPages.achCorporatePaymentEntryPage.setDataCorporate is PASSED

24-10-2024T22:41:43 - [TEST_STEP][PASSED] - click(findTestObject("Object Repository/IWP30/Page_Confirmation/ConfirmButton")): Object: 'Object Repository/IWP30/Page_Confirmation/ConfirmButton' is clicked on

24-10-2024T22:41:45 - [MESSAGE][PASSED] - Object: 'Object Repository/IWP30/Page_Confirmation/ConfirmButton' is clicked on

24-10-2024T22:41:45 - [TEST_STEP][PASSED] - Thread.sleep(5000): null

24-10-2024T22:41:50 - [TEST_STEP][PASSED] - println("I am on real estate page"): null

24-10-2024T22:41:50 - [TEST_STEP][PASSED] - if (verifyTextPresent("Make a Real Estate Payment", false)): null

24-10-2024T22:41:51 - [MESSAGE][PASSED] - Text 'Make a Real Estate Payment' is present on page 

24-10-2024T22:41:51 - [TEST_STEP][PASSED] - isRequiredTextPresent = true: null

24-10-2024T22:41:51 - [TEST_STEP][PASSED] - println(isRequiredTextPresent): null

24-10-2024T22:41:51 - [TEST_STEP][PASSED] - if (isRequiredTextPresent): null

24-10-2024T22:41:51 - [TEST_STEP][PASSED] - if (verifyTextPresent("This transaction is subject to a Convenience Fees of $2.00.", false)): null

24-10-2024T22:41:51 - [MESSAGE][PASSED] - Text 'This transaction is subject to a Convenience Fees of $2.00.' is present on page 

24-10-2024T22:41:51 - [TEST_STEP][PASSED] - isRequiredTextPresent = true: null

24-10-2024T22:41:51 - [TEST_STEP][PASSED] - println(isRequiredTextPresent): null

24-10-2024T22:41:51 - [TEST_STEP][PASSED] - if (isRequiredTextPresent): null

24-10-2024T22:41:51 - [TEST_STEP][PASSED] - if (verifyTextPresent("Payment Amount:  $10.50", false)): null

24-10-2024T22:41:51 - [MESSAGE][PASSED] - Text 'Payment Amount:  $10.50' is present on page 

24-10-2024T22:41:51 - [TEST_STEP][PASSED] - isRequiredTextPresent = true: null

24-10-2024T22:41:51 - [TEST_STEP][PASSED] - if (isRequiredTextPresent): null

24-10-2024T22:41:51 - [TEST_STEP][PASSED] - if (verifyTextPresent("Convenience Fees:  $2.00", false)): null

24-10-2024T22:41:51 - [MESSAGE][PASSED] - Text 'Convenience Fees:  $2.00' is present on page 

24-10-2024T22:41:51 - [TEST_STEP][PASSED] - isRequiredTextPresent = true: null

24-10-2024T22:41:51 - [TEST_STEP][PASSED] - if (isRequiredTextPresent): null

24-10-2024T22:41:51 - [TEST_STEP][PASSED] - if (verifyTextPresent("Total Amount:  $12.50", false)): null

24-10-2024T22:41:52 - [MESSAGE][PASSED] - Text 'Total Amount:  $12.50' is present on page 

24-10-2024T22:41:52 - [TEST_STEP][PASSED] - isRequiredTextPresent = true: null

24-10-2024T22:41:52 - [TEST_STEP][PASSED] - if (isRequiredTextPresent): null

24-10-2024T22:41:52 - [TEST_STEP][PASSED] - if (verifyTextPresent("Two transactions will appear on your bank statement, one in the amount of $10.50 and one in the amount of $2.00.", false)): null

24-10-2024T22:41:52 - [MESSAGE][PASSED] - Text 'Two transactions will appear on your bank statement, one in the amount of $10.50 and one in the amount of $2.00.' is present on page 

24-10-2024T22:41:52 - [TEST_STEP][PASSED] - isRequiredTextPresent = true: null

24-10-2024T22:41:52 - [TEST_STEP][PASSED] - Thread.sleep(10000): null

24-10-2024T22:42:02 - [TEST_STEP][PASSED] - click(findTestObject("Object Repository/IWP30/Page_ConvenienceFees/btn_convFeeNotifyAction")): Object: 'Object Repository/IWP30/Page_ConvenienceFees/btn_convFeeNotifyAction' is clicked on

24-10-2024T22:42:04 - [MESSAGE][PASSED] - Object: 'Object Repository/IWP30/Page_ConvenienceFees/btn_convFeeNotifyAction' is clicked on

24-10-2024T22:42:04 - [TEST_STEP][PASSED] - Thread.sleep(10000): null

24-10-2024T22:42:14 - [TEST_STEP][PASSED] - if (verifyTextPresent("Successful Payment Receipt", false)): null

24-10-2024T22:42:14 - [MESSAGE][PASSED] - Text 'Successful Payment Receipt' is present on page 

24-10-2024T22:42:14 - [TEST_STEP][PASSED] - println("Successful Payment Receipt text is present on the Receipt page"): null

24-10-2024T22:42:14 - [TEST_STEP][PASSED] - markPassed("Successful Payment Receipt text is present on the Receipt page"): Successful Payment Receipt text is present on the Receipt page

24-10-2024T22:42:14 - [MESSAGE][PASSED] - Successful Payment Receipt text is present on the Receipt page

24-10-2024T22:42:14 - [TEST_STEP][PASSED] - resText = "Pass": null

24-10-2024T22:42:14 - [TEST_STEP][PASSED] - pages.WriteExcel.demoKey(resText, datText, resColumn, datCloumn, fileLoc, nameSheet, row): pages.WriteExcel.demoKey is PASSED

24-10-2024T22:42:14 - [MESSAGE][PASSED] - pages.WriteExcel.demoKey is PASSED

24-10-2024T22:42:14 - [TEST_STEP][PASSED] - closeBrowser(): Browser is closed

24-10-2024T22:42:15 - [MESSAGE][PASSED] - Browser is closed

24-10-2024T22:42:15 - [TEST_STEP][PASSED] - ExecuteTC = findTestData(dataFile).getValue("Execute", row): null

24-10-2024T22:42:15 - [TEST_STEP][PASSED] - out.println("Value of Execute is : " + ExecuteTC): null

24-10-2024T22:42:15 - [TEST_STEP][PASSED] - if (ExecuteTC.equalsIgnoreCase("Y")): null

24-10-2024T22:42:15 - [TEST_STEP][PASSED] - out.println("Begin Record Number: " + row): null

24-10-2024T22:42:15 - [TEST_STEP][PASSED] - today = new java.util.Date(): null

24-10-2024T22:42:15 - [TEST_STEP][PASSED] - println(today): null

24-10-2024T22:42:15 - [TEST_STEP][PASSED] - datText = today: null

24-10-2024T22:42:15 - [TEST_STEP][PASSED] - EmulatorDataKey = findTestData(dataFile).getValue("EmulatorData", row): null

24-10-2024T22:42:15 - [TEST_STEP][PASSED] - out.println("Value of Emulator Key is : " + EmulatorDataKey): null

24-10-2024T22:42:15 - [TEST_STEP][PASSED] - iwpPages.emulatorIWP30.setDataEmulator_DD(EmulatorDataKey): iwpPages.emulatorIWP30.setDataEmulator_DD is PASSED

24-10-2024T22:42:16 - [MESSAGE][INFO] - Starting 'Edge Chromium' driver

24-10-2024T22:42:16 - [MESSAGE][INFO] - User set preference: ['acceptInsecureCerts', 'true']

24-10-2024T22:42:18 - [MESSAGE][INFO] - Action delay is set to 0 milliseconds

24-10-2024T22:42:21 - [MESSAGE][PASSED] - Browser is opened with url: 'https://qa2.velocitypayment.com/agencyx/config.action?action=editor&message_version=2_5'

24-10-2024T22:42:21 - [MESSAGE][PASSED] - Current window maximized

24-10-2024T22:42:52 - [MESSAGE][INFO] - Unable to find the element located by 'By.xpath: //select[@name='message_version']'. Please recheck the objects properties to make sure the desired element is located. 

24-10-2024T22:42:52 - [MESSAGE][WARNING] - [SELF-HEALING] Failed to find element with id 'Object Repository/IWP30/Page_VRelay30Emulator/MV'. Try using Self-healing.

24-10-2024T22:42:53 - [MESSAGE][WARNING] - [SELF-HEALING] The current locator of test object 'Object Repository/IWP30/Page_VRelay30Emulator/MV' was broken. Propose an alternative one: '(.//*[normalize-space(text()) and normalize-space(.)='Message Version'])[1]/following::select[1]'.

24-10-2024T22:42:53 - [MESSAGE][PASSED] - All options with value '2.5' are selected in object 'Object Repository/IWP30/Page_VRelay30Emulator/MV'  using regular expression

24-10-2024T22:42:54 - [MESSAGE][PASSED] - Text '10.50' is set on object 'Object Repository/IWP30/Page_EmulatorAgencyX/Amount'

24-10-2024T22:42:55 - [MESSAGE][PASSED] - Text 'S91ojAo1bEZS' is set on object 'Object Repository/IWP30/Page_EmulatorAgencyX/CAN'

24-10-2024T22:42:55 - [MESSAGE][PASSED] - Text 'PayNow' is set on object 'Object Repository/IWP30/Page_EmulatorAgencyX/Action'

24-10-2024T22:42:56 - [MESSAGE][PASSED] - Text 'en_US' is set on object 'Object Repository/IWP30/Page_EmulatorAgencyX/Lang'

24-10-2024T22:42:56 - [MESSAGE][PASSED] - Text 'Jasmine' is set on object 'Object Repository/IWP30/Page_EmulatorAgencyX/Fname'

24-10-2024T22:42:57 - [MESSAGE][PASSED] - Text 'Patrinol' is set on object 'Object Repository/IWP30/Page_EmulatorAgencyX/Lname'

24-10-2024T22:42:58 - [MESSAGE][PASSED] - Text '258 Underwood rd' is set on object 'Object Repository/IWP30/Page_EmulatorAgencyX/AL1'

24-10-2024T22:42:58 - [MESSAGE][PASSED] - Text 'Suite 600' is set on object 'Object Repository/IWP30/Page_EmulatorAgencyX/AL2'

24-10-2024T22:42:59 - [MESSAGE][PASSED] - Text '840' is set on object 'Object Repository/IWP30/Page_EmulatorAgencyX/Country'

24-10-2024T22:43:00 - [MESSAGE][PASSED] - Text 'Arlington' is set on object 'Object Repository/IWP30/Page_EmulatorAgencyX/City'

24-10-2024T22:43:00 - [MESSAGE][PASSED] - Text 'VA' is set on object 'Object Repository/IWP30/Page_EmulatorAgencyX/State'

24-10-2024T22:43:01 - [MESSAGE][PASSED] - Text '22201' is set on object 'Object Repository/IWP30/Page_EmulatorAgencyX/ZIP'

24-10-2024T22:43:01 - [MESSAGE][PASSED] - Text '' is set on object 'Object Repository/IWP30/Page_EmulatorAgencyX/Order'

24-10-2024T22:43:02 - [MESSAGE][PASSED] - Text 'Some Company' is set on object 'Object Repository/IWP30/Page_EmulatorAgencyX/Company'

24-10-2024T22:43:03 - [MESSAGE][PASSED] - Text 'iahmed@govolution.com' is set on object 'Object Repository/IWP30/Page_EmulatorAgencyX/Email'

24-10-2024T22:43:03 - [MESSAGE][PASSED] - Text 'udf data 1' is set on object 'Object Repository/IWP30/Page_EmulatorAgencyX/UDF1'

24-10-2024T22:43:04 - [MESSAGE][PASSED] - Text 'udf data 2' is set on object 'Object Repository/IWP30/Page_EmulatorAgencyX/UDF2'

24-10-2024T22:43:04 - [MESSAGE][PASSED] - Text 'udf data 3' is set on object 'Object Repository/IWP30/Page_EmulatorAgencyX/UDF3'

24-10-2024T22:43:05 - [MESSAGE][PASSED] - Text 'udf data 4' is set on object 'Object Repository/IWP30/Page_EmulatorAgencyX/UDF4'

24-10-2024T22:43:06 - [MESSAGE][PASSED] - Text 'udf data 5' is set on object 'Object Repository/IWP30/Page_EmulatorAgencyX/UDF5'

24-10-2024T22:43:06 - [MESSAGE][PASSED] - Text 'udf data 6' is set on object 'Object Repository/IWP30/Page_EmulatorAgencyX/UDF6'

24-10-2024T22:43:07 - [MESSAGE][PASSED] - Text 'Orange' is set on object 'Object Repository/IWP30/Page_EmulatorAgencyX/UDF7'

24-10-2024T22:43:08 - [MESSAGE][PASSED] - Text 'Soccer' is set on object 'Object Repository/IWP30/Page_EmulatorAgencyX/UDF8'

24-10-2024T22:43:08 - [MESSAGE][PASSED] - Text 'udf data 9' is set on object 'Object Repository/IWP30/Page_EmulatorAgencyX/UDF9'

24-10-2024T22:43:09 - [MESSAGE][PASSED] - Text 'udf data 10' is set on object 'Object Repository/IWP30/Page_EmulatorAgencyX/UDF10'

24-10-2024T22:43:10 - [MESSAGE][PASSED] - Object: 'Object Repository/IWP30/Page_EmulatorAgencyX/Submit' is clicked on

24-10-2024T22:43:15 - [MESSAGE][PASSED] - Browser is closed

24-10-2024T22:43:19 - [MESSAGE][PASSED] - iwpPages.emulatorIWP30.setDataEmulator_DD is PASSED

24-10-2024T22:43:19 - [TEST_STEP][PASSED] - testHarnessURL = urlTestHarness: null

24-10-2024T22:43:19 - [TEST_STEP][PASSED] - openBrowser(testHarnessURL): Browser is opened with url: 'https://dev-algorithm.govolution.com/vrelaytest/QA2/version_2_2/vrelaytest.html'

24-10-2024T22:43:19 - [MESSAGE][INFO] - Starting 'Edge Chromium' driver

24-10-2024T22:43:19 - [MESSAGE][INFO] - User set preference: ['acceptInsecureCerts', 'true']

24-10-2024T22:43:21 - [MESSAGE][INFO] - Action delay is set to 0 milliseconds

24-10-2024T22:43:24 - [MESSAGE][PASSED] - Browser is opened with url: 'https://dev-algorithm.govolution.com/vrelaytest/QA2/version_2_2/vrelaytest.html'

24-10-2024T22:43:25 - [TEST_STEP][PASSED] - maximizeWindow(): Current window maximized

24-10-2024T22:43:25 - [MESSAGE][PASSED] - Current window maximized

24-10-2024T22:43:25 - [TEST_STEP][PASSED] - iwpPages.TestHarnessPage.setDataMethod(row, dataFile): iwpPages.TestHarnessPage.setDataMethod is PASSED

24-10-2024T22:43:25 - [MESSAGE][PASSED] - Object 'Object Repository/IWP30/Page_QATestHarness/RemittanceID' is present

24-10-2024T22:43:26 - [MESSAGE][PASSED] - Text '640' is set on object 'Object Repository/IWP30/Page_QATestHarness/ApplicationID'

24-10-2024T22:43:26 - [MESSAGE][PASSED] - Text '2.5' is set on object 'Object Repository/IWP30/Page_QATestHarness/MessageVersion'

24-10-2024T22:43:27 - [MESSAGE][PASSED] - Text 'gWJ8SPPhsXHq' is set on object 'Object Repository/IWP30/Page_QATestHarness/RemittanceID'

24-10-2024T22:43:30 - [MESSAGE][PASSED] - Object: 'Object Repository/IWP30/Page_QATestHarness/SubmitButton' is clicked on

24-10-2024T22:43:30 - [MESSAGE][PASSED] - iwpPages.TestHarnessPage.setDataMethod is PASSED

24-10-2024T22:43:30 - [TEST_STEP][PASSED] - click(findTestObject("Object Repository/IWP30/Page_SelectPaymentMethod/PayByCorporateCheck")): Object: 'Object Repository/IWP30/Page_SelectPaymentMethod/PayByCorporateCheck' is clicked on

24-10-2024T22:43:31 - [MESSAGE][PASSED] - Object: 'Object Repository/IWP30/Page_SelectPaymentMethod/PayByCorporateCheck' is clicked on

24-10-2024T22:43:31 - [TEST_STEP][PASSED] - click(findTestObject("Object Repository/IWP30/Page_SelectPaymentMethod/MakePaymentButton")): Object: 'Object Repository/IWP30/Page_SelectPaymentMethod/MakePaymentButton' is clicked on

24-10-2024T22:43:34 - [MESSAGE][PASSED] - Object: 'Object Repository/IWP30/Page_SelectPaymentMethod/MakePaymentButton' is clicked on

24-10-2024T22:43:34 - [TEST_STEP][PASSED] - iwpPages.achCorporatePaymentEntryPage.setDataCorporate(row, dataFile): iwpPages.achCorporatePaymentEntryPage.setDataCorporate is PASSED

24-10-2024T22:43:35 - [MESSAGE][PASSED] - Object 'Object Repository/IWP30/Page_ACHCorporatePaymentEntry/txt_accountNumber' is present

24-10-2024T22:43:35 - [MESSAGE][PASSED] - Object 'Object Repository/IWP30/Page_ACHCorporatePaymentEntry/input_CompanyName' is present

24-10-2024T22:43:35 - [MESSAGE][PASSED] - Object 'Object Repository/IWP30/Page_ACHCorporatePaymentEntry/input_EIN' is present

24-10-2024T22:43:36 - [MESSAGE][PASSED] - Text '123456789' is set on object 'Object Repository/IWP30/Page_ACHCorporatePaymentEntry/input_EIN'

24-10-2024T22:43:36 - [MESSAGE][PASSED] - All options with label 'Soccer' are selected in object 'Object Repository/IWP30/Page_ACHCorporatePaymentEntry/dd_UDF8' 

24-10-2024T22:43:37 - [MESSAGE][PASSED] - Object 'Object Repository/IWP30/Page_ACHCorporatePaymentEntry/txt_routingNumber' is present

24-10-2024T22:43:37 - [MESSAGE][PASSED] - Text '256072691' is set on object 'Object Repository/IWP30/Page_ACHCorporatePaymentEntry/txt_routingNumber'

24-10-2024T22:43:37 - [MESSAGE][PASSED] - Object 'Object Repository/IWP30/Page_ACHCorporatePaymentEntry/txt_accountNumber' is present

24-10-2024T22:43:38 - [MESSAGE][PASSED] - Text '12344444' is set on object 'Object Repository/IWP30/Page_ACHCorporatePaymentEntry/txt_accountNumber'

24-10-2024T22:43:39 - [MESSAGE][PASSED] - Object 'Object Repository/IWP30/Page_ACHCorporatePaymentEntry/txt_confirmAccountNumber' is present

24-10-2024T22:43:39 - [MESSAGE][PASSED] - Text '12344444' is set on object 'Object Repository/IWP30/Page_ACHCorporatePaymentEntry/txt_confirmAccountNumber'

24-10-2024T22:43:40 - [MESSAGE][PASSED] - Object 'Object Repository/IWP30/Page_ACHCorporatePaymentEntry/txt_Email' is present

24-10-2024T22:43:40 - [MESSAGE][PASSED] - Object 'Object Repository/IWP30/Page_ACHCorporatePaymentEntry/cb_TermsAndCond' is present

24-10-2024T22:43:40 - [MESSAGE][PASSED] - Object: 'Object Repository/IWP30/Page_ACHCorporatePaymentEntry/cb_TermsAndCond' is clicked on

24-10-2024T22:43:40 - [MESSAGE][PASSED] - Object 'Object Repository/IWP30/Page_ACHCorporatePaymentEntry/btn_Continue' is present

24-10-2024T22:43:42 - [MESSAGE][PASSED] - Object: 'Object Repository/IWP30/Page_ACHCorporatePaymentEntry/btn_Continue' is clicked on

24-10-2024T22:43:42 - [MESSAGE][PASSED] - iwpPages.achCorporatePaymentEntryPage.setDataCorporate is PASSED

24-10-2024T22:43:42 - [TEST_STEP][PASSED] - click(findTestObject("Object Repository/IWP30/Page_Confirmation/ConfirmButton")): Object: 'Object Repository/IWP30/Page_Confirmation/ConfirmButton' is clicked on

24-10-2024T22:43:44 - [MESSAGE][PASSED] - Object: 'Object Repository/IWP30/Page_Confirmation/ConfirmButton' is clicked on

24-10-2024T22:43:44 - [TEST_STEP][PASSED] - Thread.sleep(5000): null

24-10-2024T22:43:49 - [TEST_STEP][PASSED] - println("I am on real estate page"): null

24-10-2024T22:43:49 - [TEST_STEP][PASSED] - if (verifyTextPresent("Make a Real Estate Payment", false)): null

24-10-2024T22:43:49 - [MESSAGE][PASSED] - Text 'Make a Real Estate Payment' is present on page 

24-10-2024T22:43:49 - [TEST_STEP][PASSED] - isRequiredTextPresent = true: null

24-10-2024T22:43:49 - [TEST_STEP][PASSED] - println(isRequiredTextPresent): null

24-10-2024T22:43:49 - [TEST_STEP][PASSED] - if (isRequiredTextPresent): null

24-10-2024T22:43:49 - [TEST_STEP][PASSED] - if (verifyTextPresent("This transaction is subject to a Convenience Fees of $2.00.", false)): null

24-10-2024T22:43:49 - [MESSAGE][PASSED] - Text 'This transaction is subject to a Convenience Fees of $2.00.' is present on page 

24-10-2024T22:43:49 - [TEST_STEP][PASSED] - isRequiredTextPresent = true: null

24-10-2024T22:43:49 - [TEST_STEP][PASSED] - println(isRequiredTextPresent): null

24-10-2024T22:43:49 - [TEST_STEP][PASSED] - if (isRequiredTextPresent): null

24-10-2024T22:43:49 - [TEST_STEP][PASSED] - if (verifyTextPresent("Payment Amount:  $10.50", false)): null

24-10-2024T22:43:49 - [MESSAGE][PASSED] - Text 'Payment Amount:  $10.50' is present on page 

24-10-2024T22:43:49 - [TEST_STEP][PASSED] - isRequiredTextPresent = true: null

24-10-2024T22:43:49 - [TEST_STEP][PASSED] - if (isRequiredTextPresent): null

24-10-2024T22:43:49 - [TEST_STEP][PASSED] - if (verifyTextPresent("Convenience Fees:  $2.00", false)): null

24-10-2024T22:43:50 - [MESSAGE][PASSED] - Text 'Convenience Fees:  $2.00' is present on page 

24-10-2024T22:43:50 - [TEST_STEP][PASSED] - isRequiredTextPresent = true: null

24-10-2024T22:43:50 - [TEST_STEP][PASSED] - if (isRequiredTextPresent): null

24-10-2024T22:43:50 - [TEST_STEP][PASSED] - if (verifyTextPresent("Total Amount:  $12.50", false)): null

24-10-2024T22:43:50 - [MESSAGE][PASSED] - Text 'Total Amount:  $12.50' is present on page 

24-10-2024T22:43:50 - [TEST_STEP][PASSED] - isRequiredTextPresent = true: null

24-10-2024T22:43:50 - [TEST_STEP][PASSED] - if (isRequiredTextPresent): null

24-10-2024T22:43:50 - [TEST_STEP][PASSED] - if (verifyTextPresent("Two transactions will appear on your bank statement, one in the amount of $10.50 and one in the amount of $2.00.", false)): null

24-10-2024T22:43:50 - [MESSAGE][PASSED] - Text 'Two transactions will appear on your bank statement, one in the amount of $10.50 and one in the amount of $2.00.' is present on page 

24-10-2024T22:43:50 - [TEST_STEP][PASSED] - isRequiredTextPresent = true: null

24-10-2024T22:43:50 - [TEST_STEP][PASSED] - Thread.sleep(10000): null

24-10-2024T22:44:00 - [TEST_STEP][PASSED] - click(findTestObject("Object Repository/IWP30/Page_ConvenienceFees/btn_convFeeNotifyAction")): Object: 'Object Repository/IWP30/Page_ConvenienceFees/btn_convFeeNotifyAction' is clicked on

24-10-2024T22:44:02 - [MESSAGE][PASSED] - Object: 'Object Repository/IWP30/Page_ConvenienceFees/btn_convFeeNotifyAction' is clicked on

24-10-2024T22:44:02 - [TEST_STEP][PASSED] - Thread.sleep(10000): null

24-10-2024T22:44:12 - [TEST_STEP][PASSED] - if (verifyTextPresent("Successful Payment Receipt", false)): null

24-10-2024T22:44:12 - [MESSAGE][PASSED] - Text 'Successful Payment Receipt' is present on page 

24-10-2024T22:44:12 - [TEST_STEP][PASSED] - println("Successful Payment Receipt text is present on the Receipt page"): null

24-10-2024T22:44:12 - [TEST_STEP][PASSED] - markPassed("Successful Payment Receipt text is present on the Receipt page"): Successful Payment Receipt text is present on the Receipt page

24-10-2024T22:44:12 - [MESSAGE][PASSED] - Successful Payment Receipt text is present on the Receipt page

24-10-2024T22:44:12 - [TEST_STEP][PASSED] - resText = "Pass": null

24-10-2024T22:44:12 - [TEST_STEP][PASSED] - pages.WriteExcel.demoKey(resText, datText, resColumn, datCloumn, fileLoc, nameSheet, row): pages.WriteExcel.demoKey is PASSED

24-10-2024T22:44:13 - [MESSAGE][PASSED] - pages.WriteExcel.demoKey is PASSED

24-10-2024T22:44:13 - [TEST_STEP][PASSED] - closeBrowser(): Browser is closed

24-10-2024T22:44:13 - [MESSAGE][PASSED] - Browser is closed

24-10-2024T22:44:13 - [TEST_STEP][PASSED] - ExecuteTC = findTestData(dataFile).getValue("Execute", row): null

24-10-2024T22:44:13 - [TEST_STEP][PASSED] - out.println("Value of Execute is : " + ExecuteTC): null

24-10-2024T22:44:13 - [TEST_STEP][PASSED] - if (ExecuteTC.equalsIgnoreCase("Y")): null

24-10-2024T22:44:13 - [TEST_STEP][PASSED] - out.println("Begin Record Number: " + row): null

24-10-2024T22:44:13 - [TEST_STEP][PASSED] - today = new java.util.Date(): null

24-10-2024T22:44:13 - [TEST_STEP][PASSED] - println(today): null

24-10-2024T22:44:13 - [TEST_STEP][PASSED] - datText = today: null

24-10-2024T22:44:13 - [TEST_STEP][PASSED] - EmulatorDataKey = findTestData(dataFile).getValue("EmulatorData", row): null

24-10-2024T22:44:13 - [TEST_STEP][PASSED] - out.println("Value of Emulator Key is : " + EmulatorDataKey): null

24-10-2024T22:44:13 - [TEST_STEP][PASSED] - iwpPages.emulatorIWP30.setDataEmulator_DD(EmulatorDataKey): iwpPages.emulatorIWP30.setDataEmulator_DD is PASSED

24-10-2024T22:44:14 - [MESSAGE][INFO] - Starting 'Edge Chromium' driver

24-10-2024T22:44:14 - [MESSAGE][INFO] - User set preference: ['acceptInsecureCerts', 'true']

24-10-2024T22:44:16 - [MESSAGE][INFO] - Action delay is set to 0 milliseconds

24-10-2024T22:44:20 - [MESSAGE][PASSED] - Browser is opened with url: 'https://qa2.velocitypayment.com/agencyx/config.action?action=editor&message_version=3_0'

24-10-2024T22:44:20 - [MESSAGE][PASSED] - Current window maximized

24-10-2024T22:44:51 - [MESSAGE][INFO] - Unable to find the element located by 'By.xpath: //select[@name='message_version']'. Please recheck the objects properties to make sure the desired element is located. 

24-10-2024T22:44:51 - [MESSAGE][WARNING] - [SELF-HEALING] Failed to find element with id 'Object Repository/IWP30/Page_VRelay30Emulator/MV'. Try using Self-healing.

24-10-2024T22:44:51 - [MESSAGE][WARNING] - [SELF-HEALING] The current locator of test object 'Object Repository/IWP30/Page_VRelay30Emulator/MV' was broken. Propose an alternative one: '(.//*[normalize-space(text()) and normalize-space(.)='Message Version'])[1]/following::select[1]'.

24-10-2024T22:44:52 - [MESSAGE][PASSED] - All options with value '3.0' are selected in object 'Object Repository/IWP30/Page_VRelay30Emulator/MV'  using regular expression

24-10-2024T22:44:53 - [MESSAGE][PASSED] - Text '10.50' is set on object 'Object Repository/IWP30/Page_EmulatorAgencyX/Amount'

24-10-2024T22:44:53 - [MESSAGE][PASSED] - Text 'a3Pdh3opfksY' is set on object 'Object Repository/IWP30/Page_EmulatorAgencyX/CAN'

24-10-2024T22:44:54 - [MESSAGE][PASSED] - Text 'PayNow' is set on object 'Object Repository/IWP30/Page_EmulatorAgencyX/Action'

24-10-2024T22:44:54 - [MESSAGE][PASSED] - Text 'en_US' is set on object 'Object Repository/IWP30/Page_EmulatorAgencyX/Lang'

24-10-2024T22:44:55 - [MESSAGE][PASSED] - Text '' is set on object 'Object Repository/IWP30/Page_EmulatorAgencyX/Fname'

24-10-2024T22:44:55 - [MESSAGE][PASSED] - Text '' is set on object 'Object Repository/IWP30/Page_EmulatorAgencyX/Lname'

24-10-2024T22:44:56 - [MESSAGE][PASSED] - Text '' is set on object 'Object Repository/IWP30/Page_EmulatorAgencyX/AL1'

24-10-2024T22:44:57 - [MESSAGE][PASSED] - Text '' is set on object 'Object Repository/IWP30/Page_EmulatorAgencyX/AL2'

24-10-2024T22:44:57 - [MESSAGE][PASSED] - Text '' is set on object 'Object Repository/IWP30/Page_EmulatorAgencyX/Country'

24-10-2024T22:44:58 - [MESSAGE][PASSED] - Text '' is set on object 'Object Repository/IWP30/Page_EmulatorAgencyX/City'

24-10-2024T22:44:58 - [MESSAGE][PASSED] - Text '' is set on object 'Object Repository/IWP30/Page_EmulatorAgencyX/State'

24-10-2024T22:44:59 - [MESSAGE][PASSED] - Text '' is set on object 'Object Repository/IWP30/Page_EmulatorAgencyX/ZIP'

24-10-2024T22:44:59 - [MESSAGE][PASSED] - Text '' is set on object 'Object Repository/IWP30/Page_EmulatorAgencyX/Order'

24-10-2024T22:45:00 - [MESSAGE][PASSED] - Text '' is set on object 'Object Repository/IWP30/Page_EmulatorAgencyX/Company'

24-10-2024T22:45:01 - [MESSAGE][PASSED] - Text '' is set on object 'Object Repository/IWP30/Page_EmulatorAgencyX/Email'

24-10-2024T22:45:01 - [MESSAGE][PASSED] - Text '' is set on object 'Object Repository/IWP30/Page_EmulatorAgencyX/UDF1'

24-10-2024T22:45:02 - [MESSAGE][PASSED] - Text '' is set on object 'Object Repository/IWP30/Page_EmulatorAgencyX/UDF2'

24-10-2024T22:45:02 - [MESSAGE][PASSED] - Text '' is set on object 'Object Repository/IWP30/Page_EmulatorAgencyX/UDF3'

24-10-2024T22:45:03 - [MESSAGE][PASSED] - Text 'udf data 4' is set on object 'Object Repository/IWP30/Page_EmulatorAgencyX/UDF4'

24-10-2024T22:45:03 - [MESSAGE][PASSED] - Text 'udf data 5' is set on object 'Object Repository/IWP30/Page_EmulatorAgencyX/UDF5'

24-10-2024T22:45:04 - [MESSAGE][PASSED] - Text '' is set on object 'Object Repository/IWP30/Page_EmulatorAgencyX/UDF6'

24-10-2024T22:45:05 - [MESSAGE][PASSED] - Text '' is set on object 'Object Repository/IWP30/Page_EmulatorAgencyX/UDF7'

24-10-2024T22:45:05 - [MESSAGE][PASSED] - Text '' is set on object 'Object Repository/IWP30/Page_EmulatorAgencyX/UDF8'

24-10-2024T22:45:06 - [MESSAGE][PASSED] - Text 'udf data 9' is set on object 'Object Repository/IWP30/Page_EmulatorAgencyX/UDF9'

24-10-2024T22:45:06 - [MESSAGE][PASSED] - Text 'udf data 10' is set on object 'Object Repository/IWP30/Page_EmulatorAgencyX/UDF10'

24-10-2024T22:45:08 - [MESSAGE][PASSED] - Object: 'Object Repository/IWP30/Page_EmulatorAgencyX/Submit' is clicked on

24-10-2024T22:45:12 - [MESSAGE][PASSED] - Browser is closed

24-10-2024T22:45:16 - [MESSAGE][PASSED] - iwpPages.emulatorIWP30.setDataEmulator_DD is PASSED

24-10-2024T22:45:16 - [TEST_STEP][PASSED] - testHarnessURL = urlTestHarness: null

24-10-2024T22:45:16 - [TEST_STEP][PASSED] - openBrowser(testHarnessURL): Browser is opened with url: 'https://dev-algorithm.govolution.com/vrelaytest/QA2/version_2_2/vrelaytest.html'

24-10-2024T22:45:16 - [MESSAGE][INFO] - Starting 'Edge Chromium' driver

24-10-2024T22:45:16 - [MESSAGE][INFO] - User set preference: ['acceptInsecureCerts', 'true']

24-10-2024T22:45:18 - [MESSAGE][INFO] - Action delay is set to 0 milliseconds

24-10-2024T22:45:22 - [MESSAGE][PASSED] - Browser is opened with url: 'https://dev-algorithm.govolution.com/vrelaytest/QA2/version_2_2/vrelaytest.html'

24-10-2024T22:45:22 - [TEST_STEP][PASSED] - maximizeWindow(): Current window maximized

24-10-2024T22:45:22 - [MESSAGE][PASSED] - Current window maximized

24-10-2024T22:45:22 - [TEST_STEP][PASSED] - iwpPages.TestHarnessPage.setDataMethod(row, dataFile): iwpPages.TestHarnessPage.setDataMethod is PASSED

24-10-2024T22:45:22 - [MESSAGE][PASSED] - Object 'Object Repository/IWP30/Page_QATestHarness/RemittanceID' is present

24-10-2024T22:45:23 - [MESSAGE][PASSED] - Text '651' is set on object 'Object Repository/IWP30/Page_QATestHarness/ApplicationID'

24-10-2024T22:45:24 - [MESSAGE][PASSED] - Text '3.0' is set on object 'Object Repository/IWP30/Page_QATestHarness/MessageVersion'

24-10-2024T22:45:24 - [MESSAGE][PASSED] - Text 'R23DRNg5TqR3' is set on object 'Object Repository/IWP30/Page_QATestHarness/RemittanceID'

24-10-2024T22:45:28 - [MESSAGE][PASSED] - Object: 'Object Repository/IWP30/Page_QATestHarness/SubmitButton' is clicked on

24-10-2024T22:45:28 - [MESSAGE][PASSED] - iwpPages.TestHarnessPage.setDataMethod is PASSED

24-10-2024T22:45:28 - [TEST_STEP][PASSED] - click(findTestObject("Object Repository/IWP30/Page_SelectPaymentMethod/PayByCorporateCheck")): Object: 'Object Repository/IWP30/Page_SelectPaymentMethod/PayByCorporateCheck' is clicked on

24-10-2024T22:45:28 - [MESSAGE][PASSED] - Object: 'Object Repository/IWP30/Page_SelectPaymentMethod/PayByCorporateCheck' is clicked on

24-10-2024T22:45:28 - [TEST_STEP][PASSED] - click(findTestObject("Object Repository/IWP30/Page_SelectPaymentMethod/MakePaymentButton")): Object: 'Object Repository/IWP30/Page_SelectPaymentMethod/MakePaymentButton' is clicked on

24-10-2024T22:45:31 - [MESSAGE][PASSED] - Object: 'Object Repository/IWP30/Page_SelectPaymentMethod/MakePaymentButton' is clicked on

24-10-2024T22:45:31 - [TEST_STEP][PASSED] - iwpPages.achCorporatePaymentEntryPage.setDataCorporate(row, dataFile): iwpPages.achCorporatePaymentEntryPage.setDataCorporate is PASSED

24-10-2024T22:45:32 - [MESSAGE][PASSED] - Object 'Object Repository/IWP30/Page_ACHCorporatePaymentEntry/txt_accountNumber' is present

24-10-2024T22:45:33 - [MESSAGE][PASSED] - Object 'Object Repository/IWP30/Page_ACHCorporatePaymentEntry/input_CompanyName' is present

24-10-2024T22:45:33 - [MESSAGE][PASSED] - Text 'My Company' is set on object 'Object Repository/IWP30/Page_ACHCorporatePaymentEntry/input_CompanyName'

24-10-2024T22:45:33 - [MESSAGE][PASSED] - Object 'Object Repository/IWP30/Page_ACHCorporatePaymentEntry/input_EIN' is present

24-10-2024T22:45:34 - [MESSAGE][PASSED] - Text '123456789' is set on object 'Object Repository/IWP30/Page_ACHCorporatePaymentEntry/input_EIN'

24-10-2024T22:45:35 - [MESSAGE][PASSED] - Text '10.50' is set on object 'Object Repository/IWP30/Page_ACHCorporatePaymentEntry/txt_Amount'

24-10-2024T22:45:35 - [MESSAGE][PASSED] - Text 'udf data 2' is set on object 'Object Repository/IWP30/Page_ACHCorporatePaymentEntry/txt_UDF2'

24-10-2024T22:45:36 - [MESSAGE][PASSED] - Text 'udf data 3' is set on object 'Object Repository/IWP30/Page_ACHCorporatePaymentEntry/txt_UDF3'

24-10-2024T22:45:36 - [MESSAGE][PASSED] - All options with label 'Orange' are selected in object 'Object Repository/IWP30/Page_ACHCorporatePaymentEntry/dd_UDF7' 

24-10-2024T22:45:37 - [MESSAGE][PASSED] - All options with label 'Soccer' are selected in object 'Object Repository/IWP30/Page_ACHCorporatePaymentEntry/dd_UDF8' 

24-10-2024T22:45:37 - [MESSAGE][PASSED] - Object 'Object Repository/IWP30/Page_ACHCorporatePaymentEntry/txt_routingNumber' is present

24-10-2024T22:45:38 - [MESSAGE][PASSED] - Text '256072691' is set on object 'Object Repository/IWP30/Page_ACHCorporatePaymentEntry/txt_routingNumber'

24-10-2024T22:45:38 - [MESSAGE][PASSED] - Object 'Object Repository/IWP30/Page_ACHCorporatePaymentEntry/txt_accountNumber' is present

24-10-2024T22:45:39 - [MESSAGE][PASSED] - Text '12344444' is set on object 'Object Repository/IWP30/Page_ACHCorporatePaymentEntry/txt_accountNumber'

24-10-2024T22:45:39 - [MESSAGE][PASSED] - Object 'Object Repository/IWP30/Page_ACHCorporatePaymentEntry/txt_confirmAccountNumber' is present

24-10-2024T22:45:40 - [MESSAGE][PASSED] - Text '12344444' is set on object 'Object Repository/IWP30/Page_ACHCorporatePaymentEntry/txt_confirmAccountNumber'

24-10-2024T22:45:41 - [MESSAGE][PASSED] - Text '365 Main Avenue' is set on object 'Object Repository/IWP30/Page_ACHCorporatePaymentEntry/txt_AL1'

24-10-2024T22:45:41 - [MESSAGE][PASSED] - Text '22201' is set on object 'Object Repository/IWP30/Page_ACHCorporatePaymentEntry/txt_ZIP'

24-10-2024T22:45:41 - [MESSAGE][PASSED] - Object 'Object Repository/IWP30/Page_ACHCorporatePaymentEntry/txt_Email' is present

24-10-2024T22:45:42 - [MESSAGE][PASSED] - Text 'iahmed@govolution.com' is set on object 'Object Repository/IWP30/Page_ACHCorporatePaymentEntry/txt_Email'

24-10-2024T22:45:43 - [MESSAGE][PASSED] - Object 'Object Repository/IWP30/Page_ACHCorporatePaymentEntry/cb_TermsAndCond' is present

24-10-2024T22:45:43 - [MESSAGE][PASSED] - Object: 'Object Repository/IWP30/Page_ACHCorporatePaymentEntry/cb_TermsAndCond' is clicked on

24-10-2024T22:45:43 - [MESSAGE][PASSED] - Object 'Object Repository/IWP30/Page_ACHCorporatePaymentEntry/btn_Continue' is present

24-10-2024T22:45:44 - [MESSAGE][PASSED] - Object: 'Object Repository/IWP30/Page_ACHCorporatePaymentEntry/btn_Continue' is clicked on

24-10-2024T22:45:44 - [MESSAGE][PASSED] - iwpPages.achCorporatePaymentEntryPage.setDataCorporate is PASSED

24-10-2024T22:45:44 - [TEST_STEP][PASSED] - click(findTestObject("Object Repository/IWP30/Page_Confirmation/ConfirmButton")): Object: 'Object Repository/IWP30/Page_Confirmation/ConfirmButton' is clicked on

24-10-2024T22:46:15 - [MESSAGE][INFO] - Unable to find the element located by 'By.xpath: //*[@type = 'submit' and @name = 'confirmNotifyAction' and @id = 'submitYes' and @value = 'Confirm']'. Please recheck the objects properties to make sure the desired element is located. 

24-10-2024T22:46:15 - [MESSAGE][WARNING] - [SELF-HEALING] Failed to find element with id 'Object Repository/IWP30/Page_Confirmation/ConfirmButton'. Try using Self-healing.

24-10-2024T22:46:16 - [MESSAGE][WARNING] - [SELF-HEALING] The current locator of test object 'Object Repository/IWP30/Page_Confirmation/ConfirmButton' was broken. Propose an alternative one: '//div/input'.

24-10-2024T22:46:17 - [MESSAGE][PASSED] - Object: 'Object Repository/IWP30/Page_Confirmation/ConfirmButton' is clicked on

24-10-2024T22:46:17 - [TEST_STEP][PASSED] - Thread.sleep(5000): null

24-10-2024T22:46:22 - [TEST_STEP][PASSED] - println("I am on real estate page"): null

24-10-2024T22:46:22 - [TEST_STEP][PASSED] - if (verifyTextPresent("Make a Real Estate Payment", false)): null

24-10-2024T22:46:23 - [MESSAGE][PASSED] - Text 'Make a Real Estate Payment' is present on page 

24-10-2024T22:46:23 - [TEST_STEP][PASSED] - isRequiredTextPresent = true: null

24-10-2024T22:46:23 - [TEST_STEP][PASSED] - println(isRequiredTextPresent): null

24-10-2024T22:46:23 - [TEST_STEP][PASSED] - if (isRequiredTextPresent): null

24-10-2024T22:46:23 - [TEST_STEP][PASSED] - if (verifyTextPresent("This transaction is subject to a Convenience Fees of $2.00.", false)): null

24-10-2024T22:46:23 - [MESSAGE][PASSED] - Text 'This transaction is subject to a Convenience Fees of $2.00.' is present on page 

24-10-2024T22:46:23 - [TEST_STEP][PASSED] - isRequiredTextPresent = true: null

24-10-2024T22:46:23 - [TEST_STEP][PASSED] - println(isRequiredTextPresent): null

24-10-2024T22:46:23 - [TEST_STEP][PASSED] - if (isRequiredTextPresent): null

24-10-2024T22:46:23 - [TEST_STEP][PASSED] - if (verifyTextPresent("Payment Amount:  $10.50", false)): null

24-10-2024T22:46:23 - [MESSAGE][PASSED] - Text 'Payment Amount:  $10.50' is present on page 

24-10-2024T22:46:23 - [TEST_STEP][PASSED] - isRequiredTextPresent = true: null

24-10-2024T22:46:23 - [TEST_STEP][PASSED] - if (isRequiredTextPresent): null

24-10-2024T22:46:23 - [TEST_STEP][PASSED] - if (verifyTextPresent("Convenience Fees:  $2.00", false)): null

24-10-2024T22:46:23 - [MESSAGE][PASSED] - Text 'Convenience Fees:  $2.00' is present on page 

24-10-2024T22:46:23 - [TEST_STEP][PASSED] - isRequiredTextPresent = true: null

24-10-2024T22:46:23 - [TEST_STEP][PASSED] - if (isRequiredTextPresent): null

24-10-2024T22:46:23 - [TEST_STEP][PASSED] - if (verifyTextPresent("Total Amount:  $12.50", false)): null

24-10-2024T22:46:24 - [MESSAGE][PASSED] - Text 'Total Amount:  $12.50' is present on page 

24-10-2024T22:46:24 - [TEST_STEP][PASSED] - isRequiredTextPresent = true: null

24-10-2024T22:46:24 - [TEST_STEP][PASSED] - if (isRequiredTextPresent): null

24-10-2024T22:46:24 - [TEST_STEP][PASSED] - if (verifyTextPresent("Two transactions will appear on your bank statement, one in the amount of $10.50 and one in the amount of $2.00.", false)): null

24-10-2024T22:46:24 - [MESSAGE][PASSED] - Text 'Two transactions will appear on your bank statement, one in the amount of $10.50 and one in the amount of $2.00.' is present on page 

24-10-2024T22:46:24 - [TEST_STEP][PASSED] - isRequiredTextPresent = true: null

24-10-2024T22:46:24 - [TEST_STEP][PASSED] - Thread.sleep(10000): null

24-10-2024T22:46:34 - [TEST_STEP][PASSED] - click(findTestObject("Object Repository/IWP30/Page_ConvenienceFees/btn_convFeeNotifyAction")): Object: 'Object Repository/IWP30/Page_ConvenienceFees/btn_convFeeNotifyAction' is clicked on

24-10-2024T22:46:36 - [MESSAGE][PASSED] - Object: 'Object Repository/IWP30/Page_ConvenienceFees/btn_convFeeNotifyAction' is clicked on

24-10-2024T22:46:36 - [TEST_STEP][PASSED] - Thread.sleep(10000): null

24-10-2024T22:46:46 - [TEST_STEP][PASSED] - if (verifyTextPresent("Successful Payment Receipt", false)): null

24-10-2024T22:46:46 - [MESSAGE][PASSED] - Text 'Successful Payment Receipt' is present on page 

24-10-2024T22:46:46 - [TEST_STEP][PASSED] - println("Successful Payment Receipt text is present on the Receipt page"): null

24-10-2024T22:46:46 - [TEST_STEP][PASSED] - markPassed("Successful Payment Receipt text is present on the Receipt page"): Successful Payment Receipt text is present on the Receipt page

24-10-2024T22:46:46 - [MESSAGE][PASSED] - Successful Payment Receipt text is present on the Receipt page

24-10-2024T22:46:46 - [TEST_STEP][PASSED] - resText = "Pass": null

24-10-2024T22:46:46 - [TEST_STEP][PASSED] - pages.WriteExcel.demoKey(resText, datText, resColumn, datCloumn, fileLoc, nameSheet, row): pages.WriteExcel.demoKey is PASSED

24-10-2024T22:46:46 - [MESSAGE][PASSED] - pages.WriteExcel.demoKey is PASSED

24-10-2024T22:46:46 - [TEST_STEP][PASSED] - closeBrowser(): Browser is closed

24-10-2024T22:46:47 - [MESSAGE][PASSED] - Browser is closed

24-10-2024T22:46:47 - [TEST_STEP][PASSED] - ExecuteTC = findTestData(dataFile).getValue("Execute", row): null

24-10-2024T22:46:47 - [TEST_STEP][PASSED] - out.println("Value of Execute is : " + ExecuteTC): null

24-10-2024T22:46:47 - [TEST_STEP][PASSED] - if (ExecuteTC.equalsIgnoreCase("Y")): null

24-10-2024T22:46:47 - [TEST_STEP][PASSED] - out.println("Begin Record Number: " + row): null

24-10-2024T22:46:47 - [TEST_STEP][PASSED] - today = new java.util.Date(): null

24-10-2024T22:46:47 - [TEST_STEP][PASSED] - println(today): null

24-10-2024T22:46:47 - [TEST_STEP][PASSED] - datText = today: null

24-10-2024T22:46:47 - [TEST_STEP][PASSED] - EmulatorDataKey = findTestData(dataFile).getValue("EmulatorData", row): null

24-10-2024T22:46:47 - [TEST_STEP][PASSED] - out.println("Value of Emulator Key is : " + EmulatorDataKey): null

24-10-2024T22:46:47 - [TEST_STEP][PASSED] - iwpPages.emulatorIWP30.setDataEmulator_DD(EmulatorDataKey): iwpPages.emulatorIWP30.setDataEmulator_DD is PASSED

24-10-2024T22:46:47 - [MESSAGE][INFO] - Starting 'Edge Chromium' driver

24-10-2024T22:46:47 - [MESSAGE][INFO] - User set preference: ['acceptInsecureCerts', 'true']

24-10-2024T22:46:49 - [MESSAGE][INFO] - Action delay is set to 0 milliseconds

24-10-2024T22:46:53 - [MESSAGE][PASSED] - Browser is opened with url: 'https://qa2.velocitypayment.com/agencyx/config.action?action=editor&message_version=3_0'

24-10-2024T22:46:53 - [MESSAGE][PASSED] - Current window maximized

24-10-2024T22:47:24 - [MESSAGE][INFO] - Unable to find the element located by 'By.xpath: //select[@name='message_version']'. Please recheck the objects properties to make sure the desired element is located. 

24-10-2024T22:47:24 - [MESSAGE][WARNING] - [SELF-HEALING] Failed to find element with id 'Object Repository/IWP30/Page_VRelay30Emulator/MV'. Try using Self-healing.

24-10-2024T22:47:24 - [MESSAGE][WARNING] - [SELF-HEALING] The current locator of test object 'Object Repository/IWP30/Page_VRelay30Emulator/MV' was broken. Propose an alternative one: '(.//*[normalize-space(text()) and normalize-space(.)='Message Version'])[1]/following::select[1]'.

24-10-2024T22:47:25 - [MESSAGE][PASSED] - All options with value '3.0' are selected in object 'Object Repository/IWP30/Page_VRelay30Emulator/MV'  using regular expression

24-10-2024T22:47:26 - [MESSAGE][PASSED] - Text '10.50' is set on object 'Object Repository/IWP30/Page_EmulatorAgencyX/Amount'

24-10-2024T22:47:26 - [MESSAGE][PASSED] - Text 'ACsh51JO1hPt' is set on object 'Object Repository/IWP30/Page_EmulatorAgencyX/CAN'

24-10-2024T22:47:27 - [MESSAGE][PASSED] - Text 'PayNow' is set on object 'Object Repository/IWP30/Page_EmulatorAgencyX/Action'

24-10-2024T22:47:27 - [MESSAGE][PASSED] - Text 'en_US' is set on object 'Object Repository/IWP30/Page_EmulatorAgencyX/Lang'

24-10-2024T22:47:28 - [MESSAGE][PASSED] - Text 'Jasmine' is set on object 'Object Repository/IWP30/Page_EmulatorAgencyX/Fname'

24-10-2024T22:47:29 - [MESSAGE][PASSED] - Text 'Patrinol' is set on object 'Object Repository/IWP30/Page_EmulatorAgencyX/Lname'

24-10-2024T22:47:29 - [MESSAGE][PASSED] - Text '258 Underwood rd' is set on object 'Object Repository/IWP30/Page_EmulatorAgencyX/AL1'

24-10-2024T22:47:30 - [MESSAGE][PASSED] - Text 'Suite 600' is set on object 'Object Repository/IWP30/Page_EmulatorAgencyX/AL2'

24-10-2024T22:47:30 - [MESSAGE][PASSED] - Text '840' is set on object 'Object Repository/IWP30/Page_EmulatorAgencyX/Country'

24-10-2024T22:47:31 - [MESSAGE][PASSED] - Text 'Arlington' is set on object 'Object Repository/IWP30/Page_EmulatorAgencyX/City'

24-10-2024T22:47:32 - [MESSAGE][PASSED] - Text 'VA' is set on object 'Object Repository/IWP30/Page_EmulatorAgencyX/State'

24-10-2024T22:47:32 - [MESSAGE][PASSED] - Text '22201' is set on object 'Object Repository/IWP30/Page_EmulatorAgencyX/ZIP'

24-10-2024T22:47:33 - [MESSAGE][PASSED] - Text '' is set on object 'Object Repository/IWP30/Page_EmulatorAgencyX/Order'

24-10-2024T22:47:33 - [MESSAGE][PASSED] - Text 'Some Company' is set on object 'Object Repository/IWP30/Page_EmulatorAgencyX/Company'

24-10-2024T22:47:34 - [MESSAGE][PASSED] - Text 'iahmed@govolution.com' is set on object 'Object Repository/IWP30/Page_EmulatorAgencyX/Email'

24-10-2024T22:47:35 - [MESSAGE][PASSED] - Text 'udf data 1' is set on object 'Object Repository/IWP30/Page_EmulatorAgencyX/UDF1'

24-10-2024T22:47:35 - [MESSAGE][PASSED] - Text 'udf data 2' is set on object 'Object Repository/IWP30/Page_EmulatorAgencyX/UDF2'

24-10-2024T22:47:36 - [MESSAGE][PASSED] - Text 'udf data 3' is set on object 'Object Repository/IWP30/Page_EmulatorAgencyX/UDF3'

24-10-2024T22:47:36 - [MESSAGE][PASSED] - Text 'udf data 4' is set on object 'Object Repository/IWP30/Page_EmulatorAgencyX/UDF4'

24-10-2024T22:47:37 - [MESSAGE][PASSED] - Text 'udf data 5' is set on object 'Object Repository/IWP30/Page_EmulatorAgencyX/UDF5'

24-10-2024T22:47:38 - [MESSAGE][PASSED] - Text 'udf data 6' is set on object 'Object Repository/IWP30/Page_EmulatorAgencyX/UDF6'

24-10-2024T22:47:38 - [MESSAGE][PASSED] - Text 'Orange' is set on object 'Object Repository/IWP30/Page_EmulatorAgencyX/UDF7'

24-10-2024T22:47:39 - [MESSAGE][PASSED] - Text 'Soccer' is set on object 'Object Repository/IWP30/Page_EmulatorAgencyX/UDF8'

24-10-2024T22:47:39 - [MESSAGE][PASSED] - Text 'udf data 9' is set on object 'Object Repository/IWP30/Page_EmulatorAgencyX/UDF9'

24-10-2024T22:47:40 - [MESSAGE][PASSED] - Text 'udf data 10' is set on object 'Object Repository/IWP30/Page_EmulatorAgencyX/UDF10'

24-10-2024T22:47:41 - [MESSAGE][PASSED] - Object: 'Object Repository/IWP30/Page_EmulatorAgencyX/Submit' is clicked on

24-10-2024T22:47:46 - [MESSAGE][PASSED] - Browser is closed

24-10-2024T22:47:50 - [MESSAGE][PASSED] - iwpPages.emulatorIWP30.setDataEmulator_DD is PASSED

24-10-2024T22:47:50 - [TEST_STEP][PASSED] - testHarnessURL = urlTestHarness: null

24-10-2024T22:47:50 - [TEST_STEP][PASSED] - openBrowser(testHarnessURL): Browser is opened with url: 'https://dev-algorithm.govolution.com/vrelaytest/QA2/version_2_2/vrelaytest.html'

24-10-2024T22:47:50 - [MESSAGE][INFO] - Starting 'Edge Chromium' driver

24-10-2024T22:47:50 - [MESSAGE][INFO] - User set preference: ['acceptInsecureCerts', 'true']

24-10-2024T22:47:52 - [MESSAGE][INFO] - Action delay is set to 0 milliseconds

24-10-2024T22:47:55 - [MESSAGE][PASSED] - Browser is opened with url: 'https://dev-algorithm.govolution.com/vrelaytest/QA2/version_2_2/vrelaytest.html'

24-10-2024T22:47:55 - [TEST_STEP][PASSED] - maximizeWindow(): Current window maximized

24-10-2024T22:47:55 - [MESSAGE][PASSED] - Current window maximized

24-10-2024T22:47:55 - [TEST_STEP][PASSED] - iwpPages.TestHarnessPage.setDataMethod(row, dataFile): iwpPages.TestHarnessPage.setDataMethod is PASSED

24-10-2024T22:47:56 - [MESSAGE][PASSED] - Object 'Object Repository/IWP30/Page_QATestHarness/RemittanceID' is present

24-10-2024T22:47:56 - [MESSAGE][PASSED] - Text '651' is set on object 'Object Repository/IWP30/Page_QATestHarness/ApplicationID'

24-10-2024T22:47:57 - [MESSAGE][PASSED] - Text '3.0' is set on object 'Object Repository/IWP30/Page_QATestHarness/MessageVersion'

24-10-2024T22:47:58 - [MESSAGE][PASSED] - Text 'NnronzoKWnzQ' is set on object 'Object Repository/IWP30/Page_QATestHarness/RemittanceID'

24-10-2024T22:48:02 - [MESSAGE][PASSED] - Object: 'Object Repository/IWP30/Page_QATestHarness/SubmitButton' is clicked on

24-10-2024T22:48:02 - [MESSAGE][PASSED] - iwpPages.TestHarnessPage.setDataMethod is PASSED

24-10-2024T22:48:02 - [TEST_STEP][PASSED] - click(findTestObject("Object Repository/IWP30/Page_SelectPaymentMethod/PayByCorporateCheck")): Object: 'Object Repository/IWP30/Page_SelectPaymentMethod/PayByCorporateCheck' is clicked on

24-10-2024T22:48:03 - [MESSAGE][PASSED] - Object: 'Object Repository/IWP30/Page_SelectPaymentMethod/PayByCorporateCheck' is clicked on

24-10-2024T22:48:03 - [TEST_STEP][PASSED] - click(findTestObject("Object Repository/IWP30/Page_SelectPaymentMethod/MakePaymentButton")): Object: 'Object Repository/IWP30/Page_SelectPaymentMethod/MakePaymentButton' is clicked on

24-10-2024T22:48:05 - [MESSAGE][PASSED] - Object: 'Object Repository/IWP30/Page_SelectPaymentMethod/MakePaymentButton' is clicked on

24-10-2024T22:48:05 - [TEST_STEP][PASSED] - iwpPages.achCorporatePaymentEntryPage.setDataCorporate(row, dataFile): iwpPages.achCorporatePaymentEntryPage.setDataCorporate is PASSED

24-10-2024T22:48:06 - [MESSAGE][PASSED] - Object 'Object Repository/IWP30/Page_ACHCorporatePaymentEntry/txt_accountNumber' is present

24-10-2024T22:48:06 - [MESSAGE][PASSED] - Object 'Object Repository/IWP30/Page_ACHCorporatePaymentEntry/input_CompanyName' is present

24-10-2024T22:48:07 - [MESSAGE][PASSED] - Object 'Object Repository/IWP30/Page_ACHCorporatePaymentEntry/input_EIN' is present

24-10-2024T22:48:07 - [MESSAGE][PASSED] - Text '123456789' is set on object 'Object Repository/IWP30/Page_ACHCorporatePaymentEntry/input_EIN'

24-10-2024T22:48:08 - [MESSAGE][PASSED] - All options with label 'Soccer' are selected in object 'Object Repository/IWP30/Page_ACHCorporatePaymentEntry/dd_UDF8' 

24-10-2024T22:48:08 - [MESSAGE][PASSED] - Object 'Object Repository/IWP30/Page_ACHCorporatePaymentEntry/txt_routingNumber' is present

24-10-2024T22:48:09 - [MESSAGE][PASSED] - Text '256072691' is set on object 'Object Repository/IWP30/Page_ACHCorporatePaymentEntry/txt_routingNumber'

24-10-2024T22:48:09 - [MESSAGE][PASSED] - Object 'Object Repository/IWP30/Page_ACHCorporatePaymentEntry/txt_accountNumber' is present

24-10-2024T22:48:10 - [MESSAGE][PASSED] - Text '12344444' is set on object 'Object Repository/IWP30/Page_ACHCorporatePaymentEntry/txt_accountNumber'

24-10-2024T22:48:10 - [MESSAGE][PASSED] - Object 'Object Repository/IWP30/Page_ACHCorporatePaymentEntry/txt_confirmAccountNumber' is present

24-10-2024T22:48:11 - [MESSAGE][PASSED] - Text '12344444' is set on object 'Object Repository/IWP30/Page_ACHCorporatePaymentEntry/txt_confirmAccountNumber'

24-10-2024T22:48:11 - [MESSAGE][PASSED] - Object 'Object Repository/IWP30/Page_ACHCorporatePaymentEntry/txt_Email' is present

24-10-2024T22:48:11 - [MESSAGE][PASSED] - Object 'Object Repository/IWP30/Page_ACHCorporatePaymentEntry/cb_TermsAndCond' is present

24-10-2024T22:48:12 - [MESSAGE][PASSED] - Object: 'Object Repository/IWP30/Page_ACHCorporatePaymentEntry/cb_TermsAndCond' is clicked on

24-10-2024T22:48:12 - [MESSAGE][PASSED] - Object 'Object Repository/IWP30/Page_ACHCorporatePaymentEntry/btn_Continue' is present

24-10-2024T22:48:13 - [MESSAGE][PASSED] - Object: 'Object Repository/IWP30/Page_ACHCorporatePaymentEntry/btn_Continue' is clicked on

24-10-2024T22:48:13 - [MESSAGE][PASSED] - iwpPages.achCorporatePaymentEntryPage.setDataCorporate is PASSED

24-10-2024T22:48:13 - [TEST_STEP][PASSED] - click(findTestObject("Object Repository/IWP30/Page_Confirmation/ConfirmButton")): Object: 'Object Repository/IWP30/Page_Confirmation/ConfirmButton' is clicked on

24-10-2024T22:48:44 - [MESSAGE][INFO] - Unable to find the element located by 'By.xpath: //*[@type = 'submit' and @name = 'confirmNotifyAction' and @id = 'submitYes' and @value = 'Confirm']'. Please recheck the objects properties to make sure the desired element is located. 

24-10-2024T22:48:44 - [MESSAGE][WARNING] - [SELF-HEALING] Failed to find element with id 'Object Repository/IWP30/Page_Confirmation/ConfirmButton'. Try using Self-healing.

24-10-2024T22:48:44 - [MESSAGE][WARNING] - [SELF-HEALING] The current locator of test object 'Object Repository/IWP30/Page_Confirmation/ConfirmButton' was broken. Propose an alternative one: '//div/input'.

24-10-2024T22:48:46 - [MESSAGE][PASSED] - Object: 'Object Repository/IWP30/Page_Confirmation/ConfirmButton' is clicked on

24-10-2024T22:48:46 - [TEST_STEP][PASSED] - Thread.sleep(5000): null

24-10-2024T22:48:51 - [TEST_STEP][PASSED] - println("I am on real estate page"): null

24-10-2024T22:48:51 - [TEST_STEP][PASSED] - if (verifyTextPresent("Make a Real Estate Payment", false)): null

24-10-2024T22:48:51 - [MESSAGE][PASSED] - Text 'Make a Real Estate Payment' is present on page 

24-10-2024T22:48:51 - [TEST_STEP][PASSED] - isRequiredTextPresent = true: null

24-10-2024T22:48:51 - [TEST_STEP][PASSED] - println(isRequiredTextPresent): null

24-10-2024T22:48:51 - [TEST_STEP][PASSED] - if (isRequiredTextPresent): null

24-10-2024T22:48:51 - [TEST_STEP][PASSED] - if (verifyTextPresent("This transaction is subject to a Convenience Fees of $2.00.", false)): null

24-10-2024T22:48:51 - [MESSAGE][PASSED] - Text 'This transaction is subject to a Convenience Fees of $2.00.' is present on page 

24-10-2024T22:48:51 - [TEST_STEP][PASSED] - isRequiredTextPresent = true: null

24-10-2024T22:48:51 - [TEST_STEP][PASSED] - println(isRequiredTextPresent): null

24-10-2024T22:48:51 - [TEST_STEP][PASSED] - if (isRequiredTextPresent): null

24-10-2024T22:48:51 - [TEST_STEP][PASSED] - if (verifyTextPresent("Payment Amount:  $10.50", false)): null

24-10-2024T22:48:52 - [MESSAGE][PASSED] - Text 'Payment Amount:  $10.50' is present on page 

24-10-2024T22:48:52 - [TEST_STEP][PASSED] - isRequiredTextPresent = true: null

24-10-2024T22:48:52 - [TEST_STEP][PASSED] - if (isRequiredTextPresent): null

24-10-2024T22:48:52 - [TEST_STEP][PASSED] - if (verifyTextPresent("Convenience Fees:  $2.00", false)): null

24-10-2024T22:48:52 - [MESSAGE][PASSED] - Text 'Convenience Fees:  $2.00' is present on page 

24-10-2024T22:48:52 - [TEST_STEP][PASSED] - isRequiredTextPresent = true: null

24-10-2024T22:48:52 - [TEST_STEP][PASSED] - if (isRequiredTextPresent): null

24-10-2024T22:48:52 - [TEST_STEP][PASSED] - if (verifyTextPresent("Total Amount:  $12.50", false)): null

24-10-2024T22:48:52 - [MESSAGE][PASSED] - Text 'Total Amount:  $12.50' is present on page 

24-10-2024T22:48:52 - [TEST_STEP][PASSED] - isRequiredTextPresent = true: null

24-10-2024T22:48:52 - [TEST_STEP][PASSED] - if (isRequiredTextPresent): null

24-10-2024T22:48:52 - [TEST_STEP][PASSED] - if (verifyTextPresent("Two transactions will appear on your bank statement, one in the amount of $10.50 and one in the amount of $2.00.", false)): null

24-10-2024T22:48:52 - [MESSAGE][PASSED] - Text 'Two transactions will appear on your bank statement, one in the amount of $10.50 and one in the amount of $2.00.' is present on page 

24-10-2024T22:48:52 - [TEST_STEP][PASSED] - isRequiredTextPresent = true: null

24-10-2024T22:48:52 - [TEST_STEP][PASSED] - Thread.sleep(10000): null

24-10-2024T22:49:02 - [TEST_STEP][PASSED] - click(findTestObject("Object Repository/IWP30/Page_ConvenienceFees/btn_convFeeNotifyAction")): Object: 'Object Repository/IWP30/Page_ConvenienceFees/btn_convFeeNotifyAction' is clicked on

24-10-2024T22:49:04 - [MESSAGE][PASSED] - Object: 'Object Repository/IWP30/Page_ConvenienceFees/btn_convFeeNotifyAction' is clicked on

24-10-2024T22:49:04 - [TEST_STEP][PASSED] - Thread.sleep(10000): null

24-10-2024T22:49:14 - [TEST_STEP][PASSED] - if (verifyTextPresent("Successful Payment Receipt", false)): null

24-10-2024T22:49:15 - [MESSAGE][PASSED] - Text 'Successful Payment Receipt' is present on page 

24-10-2024T22:49:15 - [TEST_STEP][PASSED] - println("Successful Payment Receipt text is present on the Receipt page"): null

24-10-2024T22:49:15 - [TEST_STEP][PASSED] - markPassed("Successful Payment Receipt text is present on the Receipt page"): Successful Payment Receipt text is present on the Receipt page

24-10-2024T22:49:15 - [MESSAGE][PASSED] - Successful Payment Receipt text is present on the Receipt page

24-10-2024T22:49:15 - [TEST_STEP][PASSED] - resText = "Pass": null

24-10-2024T22:49:15 - [TEST_STEP][PASSED] - pages.WriteExcel.demoKey(resText, datText, resColumn, datCloumn, fileLoc, nameSheet, row): pages.WriteExcel.demoKey is PASSED

24-10-2024T22:49:15 - [MESSAGE][PASSED] - pages.WriteExcel.demoKey is PASSED

24-10-2024T22:49:15 - [TEST_STEP][PASSED] - closeBrowser(): Browser is closed

24-10-2024T22:49:15 - [MESSAGE][PASSED] - Browser is closed]]></system-out>
         <system-err><![CDATA[]]></system-err>
      </testcase>
      <testcase name="Test Cases/IntegratedWeb/IWP25/Payments/PayNowCorporate" time="710.827" classname="Test Cases/IntegratedWeb/IWP25/Payments/PayNowCorporate" status="PASSED">
         <system-out><![CDATA[24-10-2024T22:49:15 - [TEST_CASE][PASSED] - Test Cases/IntegratedWeb/IWP25/Payments/PayNowCorporate: Test Cases/IntegratedWeb/IWP25/Payments/PayNowCorporate

24-10-2024T22:49:16 - [TEST_STEP][PASSED] - resText = "Fail": null

24-10-2024T22:49:16 - [TEST_STEP][PASSED] - resColumn = "Result": null

24-10-2024T22:49:16 - [TEST_STEP][PASSED] - datCloumn = "Date": null

24-10-2024T22:49:16 - [TEST_STEP][PASSED] - fileLoc = "KatalonData/IWPTestData/VRelay25Payments.xlsx": null

24-10-2024T22:49:16 - [TEST_STEP][PASSED] - numOfRows = <not implemented yet for class: org.codehaus.groovy.ast.expr.EmptyExpression>: null

24-10-2024T22:49:16 - [TEST_STEP][PASSED] - dataFile = <not implemented yet for class: org.codehaus.groovy.ast.expr.EmptyExpression>: null

24-10-2024T22:49:16 - [TEST_STEP][PASSED] - nameSheet = <not implemented yet for class: org.codehaus.groovy.ast.expr.EmptyExpression>: null

24-10-2024T22:49:16 - [TEST_STEP][PASSED] - dataFileEmulator = <not implemented yet for class: org.codehaus.groovy.ast.expr.EmptyExpression>: null

24-10-2024T22:49:16 - [TEST_STEP][PASSED] - nameSheet = "PayNowCorp": null

24-10-2024T22:49:16 - [TEST_STEP][PASSED] - dataFile = "IWPTestData/IWP25PayNowCorp": null

24-10-2024T22:49:16 - [TEST_STEP][PASSED] - dataFileEmulator = "IWPTestData/EmulatorData": null

24-10-2024T22:49:16 - [TEST_STEP][PASSED] - numOfRows = findTestData(dataFile).getRowNumbers(): null

24-10-2024T22:49:16 - [TEST_STEP][PASSED] - println("Number of Records: " + numOfRows): null

24-10-2024T22:49:16 - [TEST_STEP][PASSED] - for ([row = 1, row <= numOfRows, (row++)]): Browser is closed

24-10-2024T22:49:16 - [TEST_STEP][PASSED] - ExecuteTC = findTestData(dataFile).getValue("Execute", row): null

24-10-2024T22:49:16 - [TEST_STEP][PASSED] - out.println("Value of Execute is : " + ExecuteTC): null

24-10-2024T22:49:16 - [TEST_STEP][PASSED] - if (ExecuteTC.equalsIgnoreCase("Y")): null

24-10-2024T22:49:16 - [TEST_STEP][PASSED] - out.println("Begin Record Number: " + row): null

24-10-2024T22:49:16 - [TEST_STEP][PASSED] - today = new java.util.Date(): null

24-10-2024T22:49:16 - [TEST_STEP][PASSED] - println(today): null

24-10-2024T22:49:16 - [TEST_STEP][PASSED] - datText = today: null

24-10-2024T22:49:16 - [TEST_STEP][PASSED] - EmulatorDataKey = findTestData(dataFile).getValue("EmulatorData", row): null

24-10-2024T22:49:16 - [TEST_STEP][PASSED] - out.println("Value of Emulator Key is : " + EmulatorDataKey): null

24-10-2024T22:49:16 - [TEST_STEP][PASSED] - iwpPages.emulatorIWP30.setDataEmulator_DD(EmulatorDataKey): iwpPages.emulatorIWP30.setDataEmulator_DD is PASSED

24-10-2024T22:49:16 - [MESSAGE][INFO] - Starting 'Edge Chromium' driver

24-10-2024T22:49:16 - [MESSAGE][INFO] - User set preference: ['acceptInsecureCerts', 'true']

24-10-2024T22:49:18 - [MESSAGE][INFO] - Action delay is set to 0 milliseconds

24-10-2024T22:49:22 - [MESSAGE][PASSED] - Browser is opened with url: 'https://qa2.velocitypayment.com/agencyx/config.action?action=editor&message_version=2_5'

24-10-2024T22:49:22 - [MESSAGE][PASSED] - Current window maximized

24-10-2024T22:49:53 - [MESSAGE][INFO] - Unable to find the element located by 'By.xpath: //select[@name='message_version']'. Please recheck the objects properties to make sure the desired element is located. 

24-10-2024T22:49:53 - [MESSAGE][WARNING] - [SELF-HEALING] Failed to find element with id 'Object Repository/IWP30/Page_VRelay30Emulator/MV'. Try using Self-healing.

24-10-2024T22:49:53 - [MESSAGE][WARNING] - [SELF-HEALING] The current locator of test object 'Object Repository/IWP30/Page_VRelay30Emulator/MV' was broken. Propose an alternative one: '(.//*[normalize-space(text()) and normalize-space(.)='Message Version'])[1]/following::select[1]'.

24-10-2024T22:49:54 - [MESSAGE][PASSED] - All options with value '2.5' are selected in object 'Object Repository/IWP30/Page_VRelay30Emulator/MV'  using regular expression

24-10-2024T22:49:55 - [MESSAGE][PASSED] - Text '10.50' is set on object 'Object Repository/IWP30/Page_EmulatorAgencyX/Amount'

24-10-2024T22:49:55 - [MESSAGE][PASSED] - Text 'CLQXUZYnvSDl' is set on object 'Object Repository/IWP30/Page_EmulatorAgencyX/CAN'

24-10-2024T22:49:56 - [MESSAGE][PASSED] - Text 'PayNow' is set on object 'Object Repository/IWP30/Page_EmulatorAgencyX/Action'

24-10-2024T22:49:56 - [MESSAGE][PASSED] - Text 'en_US' is set on object 'Object Repository/IWP30/Page_EmulatorAgencyX/Lang'

24-10-2024T22:49:57 - [MESSAGE][PASSED] - Text '' is set on object 'Object Repository/IWP30/Page_EmulatorAgencyX/Fname'

24-10-2024T22:49:58 - [MESSAGE][PASSED] - Text '' is set on object 'Object Repository/IWP30/Page_EmulatorAgencyX/Lname'

24-10-2024T22:49:58 - [MESSAGE][PASSED] - Text '' is set on object 'Object Repository/IWP30/Page_EmulatorAgencyX/AL1'

24-10-2024T22:49:59 - [MESSAGE][PASSED] - Text '' is set on object 'Object Repository/IWP30/Page_EmulatorAgencyX/AL2'

24-10-2024T22:49:59 - [MESSAGE][PASSED] - Text '' is set on object 'Object Repository/IWP30/Page_EmulatorAgencyX/Country'

24-10-2024T22:50:00 - [MESSAGE][PASSED] - Text '' is set on object 'Object Repository/IWP30/Page_EmulatorAgencyX/City'

24-10-2024T22:50:00 - [MESSAGE][PASSED] - Text '' is set on object 'Object Repository/IWP30/Page_EmulatorAgencyX/State'

24-10-2024T22:50:01 - [MESSAGE][PASSED] - Text '' is set on object 'Object Repository/IWP30/Page_EmulatorAgencyX/ZIP'

24-10-2024T22:50:02 - [MESSAGE][PASSED] - Text '' is set on object 'Object Repository/IWP30/Page_EmulatorAgencyX/Order'

24-10-2024T22:50:02 - [MESSAGE][PASSED] - Text '' is set on object 'Object Repository/IWP30/Page_EmulatorAgencyX/Company'

24-10-2024T22:50:03 - [MESSAGE][PASSED] - Text '' is set on object 'Object Repository/IWP30/Page_EmulatorAgencyX/Email'

24-10-2024T22:50:03 - [MESSAGE][PASSED] - Text '' is set on object 'Object Repository/IWP30/Page_EmulatorAgencyX/UDF1'

24-10-2024T22:50:04 - [MESSAGE][PASSED] - Text '' is set on object 'Object Repository/IWP30/Page_EmulatorAgencyX/UDF2'

24-10-2024T22:50:04 - [MESSAGE][PASSED] - Text '' is set on object 'Object Repository/IWP30/Page_EmulatorAgencyX/UDF3'

24-10-2024T22:50:05 - [MESSAGE][PASSED] - Text 'udf data 4' is set on object 'Object Repository/IWP30/Page_EmulatorAgencyX/UDF4'

24-10-2024T22:50:06 - [MESSAGE][PASSED] - Text 'udf data 5' is set on object 'Object Repository/IWP30/Page_EmulatorAgencyX/UDF5'

24-10-2024T22:50:06 - [MESSAGE][PASSED] - Text '' is set on object 'Object Repository/IWP30/Page_EmulatorAgencyX/UDF6'

24-10-2024T22:50:07 - [MESSAGE][PASSED] - Text '' is set on object 'Object Repository/IWP30/Page_EmulatorAgencyX/UDF7'

24-10-2024T22:50:07 - [MESSAGE][PASSED] - Text '' is set on object 'Object Repository/IWP30/Page_EmulatorAgencyX/UDF8'

24-10-2024T22:50:08 - [MESSAGE][PASSED] - Text 'udf data 9' is set on object 'Object Repository/IWP30/Page_EmulatorAgencyX/UDF9'

24-10-2024T22:50:09 - [MESSAGE][PASSED] - Text 'udf data 10' is set on object 'Object Repository/IWP30/Page_EmulatorAgencyX/UDF10'

24-10-2024T22:50:10 - [MESSAGE][PASSED] - Object: 'Object Repository/IWP30/Page_EmulatorAgencyX/Submit' is clicked on

24-10-2024T22:50:14 - [MESSAGE][PASSED] - Browser is closed

24-10-2024T22:50:18 - [MESSAGE][PASSED] - iwpPages.emulatorIWP30.setDataEmulator_DD is PASSED

24-10-2024T22:50:18 - [TEST_STEP][PASSED] - testHarnessURL = urlTestHarness: null

24-10-2024T22:50:18 - [TEST_STEP][PASSED] - openBrowser(testHarnessURL): Browser is opened with url: 'https://dev-algorithm.govolution.com/vrelaytest/QA2/version_2_2/vrelaytest.html'

24-10-2024T22:50:18 - [MESSAGE][INFO] - Starting 'Edge Chromium' driver

24-10-2024T22:50:18 - [MESSAGE][INFO] - User set preference: ['acceptInsecureCerts', 'true']

24-10-2024T22:50:21 - [MESSAGE][INFO] - Action delay is set to 0 milliseconds

24-10-2024T22:50:24 - [MESSAGE][PASSED] - Browser is opened with url: 'https://dev-algorithm.govolution.com/vrelaytest/QA2/version_2_2/vrelaytest.html'

24-10-2024T22:50:24 - [TEST_STEP][PASSED] - maximizeWindow(): Current window maximized

24-10-2024T22:50:24 - [MESSAGE][PASSED] - Current window maximized

24-10-2024T22:50:24 - [TEST_STEP][PASSED] - iwpPages.TestHarnessPage.setDataMethod(row, dataFile): iwpPages.TestHarnessPage.setDataMethod is PASSED

24-10-2024T22:50:24 - [MESSAGE][PASSED] - Object 'Object Repository/IWP30/Page_QATestHarness/RemittanceID' is present

24-10-2024T22:50:25 - [MESSAGE][PASSED] - Text '638' is set on object 'Object Repository/IWP30/Page_QATestHarness/ApplicationID'

24-10-2024T22:50:26 - [MESSAGE][PASSED] - Text '2.5' is set on object 'Object Repository/IWP30/Page_QATestHarness/MessageVersion'

24-10-2024T22:50:26 - [MESSAGE][PASSED] - Text 'qipi7yFxzArz' is set on object 'Object Repository/IWP30/Page_QATestHarness/RemittanceID'

24-10-2024T22:50:30 - [MESSAGE][PASSED] - Object: 'Object Repository/IWP30/Page_QATestHarness/SubmitButton' is clicked on

24-10-2024T22:50:30 - [MESSAGE][PASSED] - iwpPages.TestHarnessPage.setDataMethod is PASSED

24-10-2024T22:50:30 - [TEST_STEP][PASSED] - click(findTestObject("Object Repository/IWP30/Page_SelectPaymentMethod/PayByCorporateCheck")): Object: 'Object Repository/IWP30/Page_SelectPaymentMethod/PayByCorporateCheck' is clicked on

24-10-2024T22:50:30 - [MESSAGE][PASSED] - Object: 'Object Repository/IWP30/Page_SelectPaymentMethod/PayByCorporateCheck' is clicked on

24-10-2024T22:50:30 - [TEST_STEP][PASSED] - click(findTestObject("Object Repository/IWP30/Page_SelectPaymentMethod/MakePaymentButton")): Object: 'Object Repository/IWP30/Page_SelectPaymentMethod/MakePaymentButton' is clicked on

24-10-2024T22:50:33 - [MESSAGE][PASSED] - Object: 'Object Repository/IWP30/Page_SelectPaymentMethod/MakePaymentButton' is clicked on

24-10-2024T22:50:33 - [TEST_STEP][PASSED] - iwpPages.achCorporatePaymentEntryPage.setDataCorporate(row, dataFile): iwpPages.achCorporatePaymentEntryPage.setDataCorporate is PASSED

24-10-2024T22:50:34 - [MESSAGE][PASSED] - Object 'Object Repository/IWP30/Page_ACHCorporatePaymentEntry/txt_accountNumber' is present

24-10-2024T22:50:35 - [MESSAGE][PASSED] - Object 'Object Repository/IWP30/Page_ACHCorporatePaymentEntry/input_CompanyName' is present

24-10-2024T22:50:35 - [MESSAGE][PASSED] - Text 'My Company' is set on object 'Object Repository/IWP30/Page_ACHCorporatePaymentEntry/input_CompanyName'

24-10-2024T22:50:36 - [MESSAGE][PASSED] - Object 'Object Repository/IWP30/Page_ACHCorporatePaymentEntry/input_EIN' is present

24-10-2024T22:50:36 - [MESSAGE][PASSED] - Text '123456789' is set on object 'Object Repository/IWP30/Page_ACHCorporatePaymentEntry/input_EIN'

24-10-2024T22:50:37 - [MESSAGE][PASSED] - Text '10.50' is set on object 'Object Repository/IWP30/Page_ACHCorporatePaymentEntry/txt_Amount'

24-10-2024T22:50:37 - [MESSAGE][PASSED] - Text 'udf data 2' is set on object 'Object Repository/IWP30/Page_ACHCorporatePaymentEntry/txt_UDF2'

24-10-2024T22:50:38 - [MESSAGE][PASSED] - Text 'udf data 3' is set on object 'Object Repository/IWP30/Page_ACHCorporatePaymentEntry/txt_UDF3'

24-10-2024T22:50:39 - [MESSAGE][PASSED] - All options with label 'Orange' are selected in object 'Object Repository/IWP30/Page_ACHCorporatePaymentEntry/dd_UDF7' 

24-10-2024T22:50:39 - [MESSAGE][PASSED] - All options with label 'Soccer' are selected in object 'Object Repository/IWP30/Page_ACHCorporatePaymentEntry/dd_UDF8' 

24-10-2024T22:50:39 - [MESSAGE][PASSED] - Object 'Object Repository/IWP30/Page_ACHCorporatePaymentEntry/txt_routingNumber' is present

24-10-2024T22:50:40 - [MESSAGE][PASSED] - Text '256072691' is set on object 'Object Repository/IWP30/Page_ACHCorporatePaymentEntry/txt_routingNumber'

24-10-2024T22:50:40 - [MESSAGE][PASSED] - Object 'Object Repository/IWP30/Page_ACHCorporatePaymentEntry/txt_accountNumber' is present

24-10-2024T22:50:41 - [MESSAGE][PASSED] - Text '12344444' is set on object 'Object Repository/IWP30/Page_ACHCorporatePaymentEntry/txt_accountNumber'

24-10-2024T22:50:42 - [MESSAGE][PASSED] - Object 'Object Repository/IWP30/Page_ACHCorporatePaymentEntry/txt_confirmAccountNumber' is present

24-10-2024T22:50:43 - [MESSAGE][PASSED] - Text '12344444' is set on object 'Object Repository/IWP30/Page_ACHCorporatePaymentEntry/txt_confirmAccountNumber'

24-10-2024T22:50:43 - [MESSAGE][PASSED] - Text '365 Main Avenue' is set on object 'Object Repository/IWP30/Page_ACHCorporatePaymentEntry/txt_AL1'

24-10-2024T22:50:44 - [MESSAGE][PASSED] - Text '22201' is set on object 'Object Repository/IWP30/Page_ACHCorporatePaymentEntry/txt_ZIP'

24-10-2024T22:50:44 - [MESSAGE][PASSED] - Object 'Object Repository/IWP30/Page_ACHCorporatePaymentEntry/txt_Email' is present

24-10-2024T22:50:45 - [MESSAGE][PASSED] - Text 'iahmed@govolution.com' is set on object 'Object Repository/IWP30/Page_ACHCorporatePaymentEntry/txt_Email'

24-10-2024T22:50:46 - [MESSAGE][PASSED] - Object 'Object Repository/IWP30/Page_ACHCorporatePaymentEntry/cb_TermsAndCond' is present

24-10-2024T22:50:46 - [MESSAGE][PASSED] - Object: 'Object Repository/IWP30/Page_ACHCorporatePaymentEntry/cb_TermsAndCond' is clicked on

24-10-2024T22:50:46 - [MESSAGE][PASSED] - Object 'Object Repository/IWP30/Page_ACHCorporatePaymentEntry/btn_Continue' is present

24-10-2024T22:50:48 - [MESSAGE][PASSED] - Object: 'Object Repository/IWP30/Page_ACHCorporatePaymentEntry/btn_Continue' is clicked on

24-10-2024T22:50:48 - [MESSAGE][PASSED] - iwpPages.achCorporatePaymentEntryPage.setDataCorporate is PASSED

24-10-2024T22:50:48 - [TEST_STEP][PASSED] - click(findTestObject("Object Repository/IWP30/Page_Confirmation/ConfirmButton")): Object: 'Object Repository/IWP30/Page_Confirmation/ConfirmButton' is clicked on

24-10-2024T22:50:50 - [MESSAGE][PASSED] - Object: 'Object Repository/IWP30/Page_Confirmation/ConfirmButton' is clicked on

24-10-2024T22:50:50 - [TEST_STEP][PASSED] - Thread.sleep(10000): null

24-10-2024T22:51:00 - [TEST_STEP][PASSED] - if (verifyTextPresent("Successful Payment Receipt", false)): null

24-10-2024T22:51:00 - [MESSAGE][PASSED] - Text 'Successful Payment Receipt' is present on page 

24-10-2024T22:51:00 - [TEST_STEP][PASSED] - println("Successful Payment Receipt text is present on the Receipt page"): null

24-10-2024T22:51:00 - [TEST_STEP][PASSED] - markPassed("Successful Payment Receipt text is present on the Receipt page"): Successful Payment Receipt text is present on the Receipt page

24-10-2024T22:51:00 - [MESSAGE][PASSED] - Successful Payment Receipt text is present on the Receipt page

24-10-2024T22:51:00 - [TEST_STEP][PASSED] - resText = "Pass": null

24-10-2024T22:51:00 - [TEST_STEP][PASSED] - pages.WriteExcel.demoKey(resText, datText, resColumn, datCloumn, fileLoc, nameSheet, row): pages.WriteExcel.demoKey is PASSED

24-10-2024T22:51:00 - [MESSAGE][PASSED] - pages.WriteExcel.demoKey is PASSED

24-10-2024T22:51:00 - [TEST_STEP][PASSED] - closeBrowser(): Browser is closed

24-10-2024T22:51:01 - [MESSAGE][PASSED] - Browser is closed

24-10-2024T22:51:01 - [TEST_STEP][PASSED] - ExecuteTC = findTestData(dataFile).getValue("Execute", row): null

24-10-2024T22:51:01 - [TEST_STEP][PASSED] - out.println("Value of Execute is : " + ExecuteTC): null

24-10-2024T22:51:01 - [TEST_STEP][PASSED] - if (ExecuteTC.equalsIgnoreCase("Y")): null

24-10-2024T22:51:01 - [TEST_STEP][PASSED] - out.println("Begin Record Number: " + row): null

24-10-2024T22:51:01 - [TEST_STEP][PASSED] - today = new java.util.Date(): null

24-10-2024T22:51:01 - [TEST_STEP][PASSED] - println(today): null

24-10-2024T22:51:01 - [TEST_STEP][PASSED] - datText = today: null

24-10-2024T22:51:01 - [TEST_STEP][PASSED] - EmulatorDataKey = findTestData(dataFile).getValue("EmulatorData", row): null

24-10-2024T22:51:01 - [TEST_STEP][PASSED] - out.println("Value of Emulator Key is : " + EmulatorDataKey): null

24-10-2024T22:51:01 - [TEST_STEP][PASSED] - iwpPages.emulatorIWP30.setDataEmulator_DD(EmulatorDataKey): iwpPages.emulatorIWP30.setDataEmulator_DD is PASSED

24-10-2024T22:51:02 - [MESSAGE][INFO] - Starting 'Edge Chromium' driver

24-10-2024T22:51:02 - [MESSAGE][INFO] - User set preference: ['acceptInsecureCerts', 'true']

24-10-2024T22:51:04 - [MESSAGE][INFO] - Action delay is set to 0 milliseconds

24-10-2024T22:51:07 - [MESSAGE][PASSED] - Browser is opened with url: 'https://qa2.velocitypayment.com/agencyx/config.action?action=editor&message_version=2_5'

24-10-2024T22:51:08 - [MESSAGE][PASSED] - Current window maximized

24-10-2024T22:51:39 - [MESSAGE][INFO] - Unable to find the element located by 'By.xpath: //select[@name='message_version']'. Please recheck the objects properties to make sure the desired element is located. 

24-10-2024T22:51:39 - [MESSAGE][WARNING] - [SELF-HEALING] Failed to find element with id 'Object Repository/IWP30/Page_VRelay30Emulator/MV'. Try using Self-healing.

24-10-2024T22:51:39 - [MESSAGE][WARNING] - [SELF-HEALING] The current locator of test object 'Object Repository/IWP30/Page_VRelay30Emulator/MV' was broken. Propose an alternative one: '(.//*[normalize-space(text()) and normalize-space(.)='Message Version'])[1]/following::select[1]'.

24-10-2024T22:51:40 - [MESSAGE][PASSED] - All options with value '2.5' are selected in object 'Object Repository/IWP30/Page_VRelay30Emulator/MV'  using regular expression

24-10-2024T22:51:40 - [MESSAGE][PASSED] - Text '10.50' is set on object 'Object Repository/IWP30/Page_EmulatorAgencyX/Amount'

24-10-2024T22:51:41 - [MESSAGE][PASSED] - Text '0ELhWbhU2hev' is set on object 'Object Repository/IWP30/Page_EmulatorAgencyX/CAN'

24-10-2024T22:51:41 - [MESSAGE][PASSED] - Text 'PayNow' is set on object 'Object Repository/IWP30/Page_EmulatorAgencyX/Action'

24-10-2024T22:51:42 - [MESSAGE][PASSED] - Text 'en_US' is set on object 'Object Repository/IWP30/Page_EmulatorAgencyX/Lang'

24-10-2024T22:51:43 - [MESSAGE][PASSED] - Text 'Jasmine' is set on object 'Object Repository/IWP30/Page_EmulatorAgencyX/Fname'

24-10-2024T22:51:43 - [MESSAGE][PASSED] - Text 'Patrinol' is set on object 'Object Repository/IWP30/Page_EmulatorAgencyX/Lname'

24-10-2024T22:51:44 - [MESSAGE][PASSED] - Text '258 Underwood rd' is set on object 'Object Repository/IWP30/Page_EmulatorAgencyX/AL1'

24-10-2024T22:51:44 - [MESSAGE][PASSED] - Text 'Suite 600' is set on object 'Object Repository/IWP30/Page_EmulatorAgencyX/AL2'

24-10-2024T22:51:45 - [MESSAGE][PASSED] - Text '840' is set on object 'Object Repository/IWP30/Page_EmulatorAgencyX/Country'

24-10-2024T22:51:46 - [MESSAGE][PASSED] - Text 'Arlington' is set on object 'Object Repository/IWP30/Page_EmulatorAgencyX/City'

24-10-2024T22:51:46 - [MESSAGE][PASSED] - Text 'VA' is set on object 'Object Repository/IWP30/Page_EmulatorAgencyX/State'

24-10-2024T22:51:47 - [MESSAGE][PASSED] - Text '22201' is set on object 'Object Repository/IWP30/Page_EmulatorAgencyX/ZIP'

24-10-2024T22:51:47 - [MESSAGE][PASSED] - Text '' is set on object 'Object Repository/IWP30/Page_EmulatorAgencyX/Order'

24-10-2024T22:51:48 - [MESSAGE][PASSED] - Text 'Some Company' is set on object 'Object Repository/IWP30/Page_EmulatorAgencyX/Company'

24-10-2024T22:51:49 - [MESSAGE][PASSED] - Text 'iahmed@govolution.com' is set on object 'Object Repository/IWP30/Page_EmulatorAgencyX/Email'

24-10-2024T22:51:49 - [MESSAGE][PASSED] - Text 'udf data 1' is set on object 'Object Repository/IWP30/Page_EmulatorAgencyX/UDF1'

24-10-2024T22:51:50 - [MESSAGE][PASSED] - Text 'udf data 2' is set on object 'Object Repository/IWP30/Page_EmulatorAgencyX/UDF2'

24-10-2024T22:51:50 - [MESSAGE][PASSED] - Text 'udf data 3' is set on object 'Object Repository/IWP30/Page_EmulatorAgencyX/UDF3'

24-10-2024T22:51:51 - [MESSAGE][PASSED] - Text 'udf data 4' is set on object 'Object Repository/IWP30/Page_EmulatorAgencyX/UDF4'

24-10-2024T22:51:52 - [MESSAGE][PASSED] - Text 'udf data 5' is set on object 'Object Repository/IWP30/Page_EmulatorAgencyX/UDF5'

24-10-2024T22:51:52 - [MESSAGE][PASSED] - Text 'udf data 6' is set on object 'Object Repository/IWP30/Page_EmulatorAgencyX/UDF6'

24-10-2024T22:51:53 - [MESSAGE][PASSED] - Text 'Orange' is set on object 'Object Repository/IWP30/Page_EmulatorAgencyX/UDF7'

24-10-2024T22:51:53 - [MESSAGE][PASSED] - Text 'Soccer' is set on object 'Object Repository/IWP30/Page_EmulatorAgencyX/UDF8'

24-10-2024T22:51:54 - [MESSAGE][PASSED] - Text 'udf data 9' is set on object 'Object Repository/IWP30/Page_EmulatorAgencyX/UDF9'

24-10-2024T22:51:55 - [MESSAGE][PASSED] - Text 'udf data 10' is set on object 'Object Repository/IWP30/Page_EmulatorAgencyX/UDF10'

24-10-2024T22:51:56 - [MESSAGE][PASSED] - Object: 'Object Repository/IWP30/Page_EmulatorAgencyX/Submit' is clicked on

24-10-2024T22:52:00 - [MESSAGE][PASSED] - Browser is closed

24-10-2024T22:52:05 - [MESSAGE][PASSED] - iwpPages.emulatorIWP30.setDataEmulator_DD is PASSED

24-10-2024T22:52:05 - [TEST_STEP][PASSED] - testHarnessURL = urlTestHarness: null

24-10-2024T22:52:05 - [TEST_STEP][PASSED] - openBrowser(testHarnessURL): Browser is opened with url: 'https://dev-algorithm.govolution.com/vrelaytest/QA2/version_2_2/vrelaytest.html'

24-10-2024T22:52:05 - [MESSAGE][INFO] - Starting 'Edge Chromium' driver

24-10-2024T22:52:05 - [MESSAGE][INFO] - User set preference: ['acceptInsecureCerts', 'true']

24-10-2024T22:52:07 - [MESSAGE][INFO] - Action delay is set to 0 milliseconds

24-10-2024T22:52:10 - [MESSAGE][PASSED] - Browser is opened with url: 'https://dev-algorithm.govolution.com/vrelaytest/QA2/version_2_2/vrelaytest.html'

24-10-2024T22:52:10 - [TEST_STEP][PASSED] - maximizeWindow(): Current window maximized

24-10-2024T22:52:10 - [MESSAGE][PASSED] - Current window maximized

24-10-2024T22:52:10 - [TEST_STEP][PASSED] - iwpPages.TestHarnessPage.setDataMethod(row, dataFile): iwpPages.TestHarnessPage.setDataMethod is PASSED

24-10-2024T22:52:11 - [MESSAGE][PASSED] - Object 'Object Repository/IWP30/Page_QATestHarness/RemittanceID' is present

24-10-2024T22:52:11 - [MESSAGE][PASSED] - Text '638' is set on object 'Object Repository/IWP30/Page_QATestHarness/ApplicationID'

24-10-2024T22:52:12 - [MESSAGE][PASSED] - Text '2.5' is set on object 'Object Repository/IWP30/Page_QATestHarness/MessageVersion'

24-10-2024T22:52:13 - [MESSAGE][PASSED] - Text 'BTjkIhxsVmb7' is set on object 'Object Repository/IWP30/Page_QATestHarness/RemittanceID'

24-10-2024T22:52:16 - [MESSAGE][PASSED] - Object: 'Object Repository/IWP30/Page_QATestHarness/SubmitButton' is clicked on

24-10-2024T22:52:16 - [MESSAGE][PASSED] - iwpPages.TestHarnessPage.setDataMethod is PASSED

24-10-2024T22:52:16 - [TEST_STEP][PASSED] - click(findTestObject("Object Repository/IWP30/Page_SelectPaymentMethod/PayByCorporateCheck")): Object: 'Object Repository/IWP30/Page_SelectPaymentMethod/PayByCorporateCheck' is clicked on

24-10-2024T22:52:17 - [MESSAGE][PASSED] - Object: 'Object Repository/IWP30/Page_SelectPaymentMethod/PayByCorporateCheck' is clicked on

24-10-2024T22:52:17 - [TEST_STEP][PASSED] - click(findTestObject("Object Repository/IWP30/Page_SelectPaymentMethod/MakePaymentButton")): Object: 'Object Repository/IWP30/Page_SelectPaymentMethod/MakePaymentButton' is clicked on

24-10-2024T22:52:20 - [MESSAGE][PASSED] - Object: 'Object Repository/IWP30/Page_SelectPaymentMethod/MakePaymentButton' is clicked on

24-10-2024T22:52:20 - [TEST_STEP][PASSED] - iwpPages.achCorporatePaymentEntryPage.setDataCorporate(row, dataFile): iwpPages.achCorporatePaymentEntryPage.setDataCorporate is PASSED

24-10-2024T22:52:21 - [MESSAGE][PASSED] - Object 'Object Repository/IWP30/Page_ACHCorporatePaymentEntry/txt_accountNumber' is present

24-10-2024T22:52:21 - [MESSAGE][PASSED] - Object 'Object Repository/IWP30/Page_ACHCorporatePaymentEntry/input_CompanyName' is present

24-10-2024T22:52:21 - [MESSAGE][PASSED] - Object 'Object Repository/IWP30/Page_ACHCorporatePaymentEntry/input_EIN' is present

24-10-2024T22:52:22 - [MESSAGE][PASSED] - Text '123456789' is set on object 'Object Repository/IWP30/Page_ACHCorporatePaymentEntry/input_EIN'

24-10-2024T22:52:22 - [MESSAGE][PASSED] - All options with label 'Soccer' are selected in object 'Object Repository/IWP30/Page_ACHCorporatePaymentEntry/dd_UDF8' 

24-10-2024T22:52:23 - [MESSAGE][PASSED] - Object 'Object Repository/IWP30/Page_ACHCorporatePaymentEntry/txt_routingNumber' is present

24-10-2024T22:52:23 - [MESSAGE][PASSED] - Text '256072691' is set on object 'Object Repository/IWP30/Page_ACHCorporatePaymentEntry/txt_routingNumber'

24-10-2024T22:52:23 - [MESSAGE][PASSED] - Object 'Object Repository/IWP30/Page_ACHCorporatePaymentEntry/txt_accountNumber' is present

24-10-2024T22:52:24 - [MESSAGE][PASSED] - Text '12344444' is set on object 'Object Repository/IWP30/Page_ACHCorporatePaymentEntry/txt_accountNumber'

24-10-2024T22:52:25 - [MESSAGE][PASSED] - Object 'Object Repository/IWP30/Page_ACHCorporatePaymentEntry/txt_confirmAccountNumber' is present

24-10-2024T22:52:25 - [MESSAGE][PASSED] - Text '12344444' is set on object 'Object Repository/IWP30/Page_ACHCorporatePaymentEntry/txt_confirmAccountNumber'

24-10-2024T22:52:26 - [MESSAGE][PASSED] - Object 'Object Repository/IWP30/Page_ACHCorporatePaymentEntry/txt_Email' is present

24-10-2024T22:52:26 - [MESSAGE][PASSED] - Object 'Object Repository/IWP30/Page_ACHCorporatePaymentEntry/cb_TermsAndCond' is present

24-10-2024T22:52:26 - [MESSAGE][PASSED] - Object: 'Object Repository/IWP30/Page_ACHCorporatePaymentEntry/cb_TermsAndCond' is clicked on

24-10-2024T22:52:26 - [MESSAGE][PASSED] - Object 'Object Repository/IWP30/Page_ACHCorporatePaymentEntry/btn_Continue' is present

24-10-2024T22:52:28 - [MESSAGE][PASSED] - Object: 'Object Repository/IWP30/Page_ACHCorporatePaymentEntry/btn_Continue' is clicked on

24-10-2024T22:52:28 - [MESSAGE][PASSED] - iwpPages.achCorporatePaymentEntryPage.setDataCorporate is PASSED

24-10-2024T22:52:28 - [TEST_STEP][PASSED] - click(findTestObject("Object Repository/IWP30/Page_Confirmation/ConfirmButton")): Object: 'Object Repository/IWP30/Page_Confirmation/ConfirmButton' is clicked on

24-10-2024T22:52:30 - [MESSAGE][PASSED] - Object: 'Object Repository/IWP30/Page_Confirmation/ConfirmButton' is clicked on

24-10-2024T22:52:30 - [TEST_STEP][PASSED] - Thread.sleep(10000): null

24-10-2024T22:52:40 - [TEST_STEP][PASSED] - if (verifyTextPresent("Successful Payment Receipt", false)): null

24-10-2024T22:52:41 - [MESSAGE][PASSED] - Text 'Successful Payment Receipt' is present on page 

24-10-2024T22:52:41 - [TEST_STEP][PASSED] - println("Successful Payment Receipt text is present on the Receipt page"): null

24-10-2024T22:52:41 - [TEST_STEP][PASSED] - markPassed("Successful Payment Receipt text is present on the Receipt page"): Successful Payment Receipt text is present on the Receipt page

24-10-2024T22:52:41 - [MESSAGE][PASSED] - Successful Payment Receipt text is present on the Receipt page

24-10-2024T22:52:41 - [TEST_STEP][PASSED] - resText = "Pass": null

24-10-2024T22:52:41 - [TEST_STEP][PASSED] - pages.WriteExcel.demoKey(resText, datText, resColumn, datCloumn, fileLoc, nameSheet, row): pages.WriteExcel.demoKey is PASSED

24-10-2024T22:52:41 - [MESSAGE][PASSED] - pages.WriteExcel.demoKey is PASSED

24-10-2024T22:52:41 - [TEST_STEP][PASSED] - closeBrowser(): Browser is closed

24-10-2024T22:52:41 - [MESSAGE][PASSED] - Browser is closed

24-10-2024T22:52:41 - [TEST_STEP][PASSED] - ExecuteTC = findTestData(dataFile).getValue("Execute", row): null

24-10-2024T22:52:41 - [TEST_STEP][PASSED] - out.println("Value of Execute is : " + ExecuteTC): null

24-10-2024T22:52:41 - [TEST_STEP][PASSED] - if (ExecuteTC.equalsIgnoreCase("Y")): null

24-10-2024T22:52:41 - [TEST_STEP][PASSED] - out.println("Begin Record Number: " + row): null

24-10-2024T22:52:41 - [TEST_STEP][PASSED] - today = new java.util.Date(): null

24-10-2024T22:52:41 - [TEST_STEP][PASSED] - println(today): null

24-10-2024T22:52:41 - [TEST_STEP][PASSED] - datText = today: null

24-10-2024T22:52:41 - [TEST_STEP][PASSED] - EmulatorDataKey = findTestData(dataFile).getValue("EmulatorData", row): null

24-10-2024T22:52:41 - [TEST_STEP][PASSED] - out.println("Value of Emulator Key is : " + EmulatorDataKey): null

24-10-2024T22:52:41 - [TEST_STEP][PASSED] - iwpPages.emulatorIWP30.setDataEmulator_DD(EmulatorDataKey): iwpPages.emulatorIWP30.setDataEmulator_DD is PASSED

24-10-2024T22:52:42 - [MESSAGE][INFO] - Starting 'Edge Chromium' driver

24-10-2024T22:52:42 - [MESSAGE][INFO] - User set preference: ['acceptInsecureCerts', 'true']

24-10-2024T22:52:44 - [MESSAGE][INFO] - Action delay is set to 0 milliseconds

24-10-2024T22:52:47 - [MESSAGE][PASSED] - Browser is opened with url: 'https://qa2.velocitypayment.com/agencyx/config.action?action=editor&message_version=2_5'

24-10-2024T22:52:48 - [MESSAGE][PASSED] - Current window maximized

24-10-2024T22:53:19 - [MESSAGE][INFO] - Unable to find the element located by 'By.xpath: //select[@name='message_version']'. Please recheck the objects properties to make sure the desired element is located. 

24-10-2024T22:53:19 - [MESSAGE][WARNING] - [SELF-HEALING] Failed to find element with id 'Object Repository/IWP30/Page_VRelay30Emulator/MV'. Try using Self-healing.

24-10-2024T22:53:19 - [MESSAGE][WARNING] - [SELF-HEALING] The current locator of test object 'Object Repository/IWP30/Page_VRelay30Emulator/MV' was broken. Propose an alternative one: '(.//*[normalize-space(text()) and normalize-space(.)='Message Version'])[1]/following::select[1]'.

24-10-2024T22:53:19 - [MESSAGE][PASSED] - All options with value '2.5' are selected in object 'Object Repository/IWP30/Page_VRelay30Emulator/MV'  using regular expression

24-10-2024T22:53:20 - [MESSAGE][PASSED] - Text '10.50' is set on object 'Object Repository/IWP30/Page_EmulatorAgencyX/Amount'

24-10-2024T22:53:21 - [MESSAGE][PASSED] - Text 'eqIz5JuBkmAL' is set on object 'Object Repository/IWP30/Page_EmulatorAgencyX/CAN'

24-10-2024T22:53:21 - [MESSAGE][PASSED] - Text 'PayNow' is set on object 'Object Repository/IWP30/Page_EmulatorAgencyX/Action'

24-10-2024T22:53:22 - [MESSAGE][PASSED] - Text 'en_US' is set on object 'Object Repository/IWP30/Page_EmulatorAgencyX/Lang'

24-10-2024T22:53:23 - [MESSAGE][PASSED] - Text '' is set on object 'Object Repository/IWP30/Page_EmulatorAgencyX/Fname'

24-10-2024T22:53:23 - [MESSAGE][PASSED] - Text '' is set on object 'Object Repository/IWP30/Page_EmulatorAgencyX/Lname'

24-10-2024T22:53:24 - [MESSAGE][PASSED] - Text '' is set on object 'Object Repository/IWP30/Page_EmulatorAgencyX/AL1'

24-10-2024T22:53:24 - [MESSAGE][PASSED] - Text '' is set on object 'Object Repository/IWP30/Page_EmulatorAgencyX/AL2'

24-10-2024T22:53:25 - [MESSAGE][PASSED] - Text '' is set on object 'Object Repository/IWP30/Page_EmulatorAgencyX/Country'

24-10-2024T22:53:25 - [MESSAGE][PASSED] - Text '' is set on object 'Object Repository/IWP30/Page_EmulatorAgencyX/City'

24-10-2024T22:53:26 - [MESSAGE][PASSED] - Text '' is set on object 'Object Repository/IWP30/Page_EmulatorAgencyX/State'

24-10-2024T22:53:27 - [MESSAGE][PASSED] - Text '' is set on object 'Object Repository/IWP30/Page_EmulatorAgencyX/ZIP'

24-10-2024T22:53:27 - [MESSAGE][PASSED] - Text '' is set on object 'Object Repository/IWP30/Page_EmulatorAgencyX/Order'

24-10-2024T22:53:28 - [MESSAGE][PASSED] - Text '' is set on object 'Object Repository/IWP30/Page_EmulatorAgencyX/Company'

24-10-2024T22:53:28 - [MESSAGE][PASSED] - Text '' is set on object 'Object Repository/IWP30/Page_EmulatorAgencyX/Email'

24-10-2024T22:53:29 - [MESSAGE][PASSED] - Text '' is set on object 'Object Repository/IWP30/Page_EmulatorAgencyX/UDF1'

24-10-2024T22:53:30 - [MESSAGE][PASSED] - Text '' is set on object 'Object Repository/IWP30/Page_EmulatorAgencyX/UDF2'

24-10-2024T22:53:30 - [MESSAGE][PASSED] - Text '' is set on object 'Object Repository/IWP30/Page_EmulatorAgencyX/UDF3'

24-10-2024T22:53:31 - [MESSAGE][PASSED] - Text 'udf data 4' is set on object 'Object Repository/IWP30/Page_EmulatorAgencyX/UDF4'

24-10-2024T22:53:31 - [MESSAGE][PASSED] - Text 'udf data 5' is set on object 'Object Repository/IWP30/Page_EmulatorAgencyX/UDF5'

24-10-2024T22:53:32 - [MESSAGE][PASSED] - Text '' is set on object 'Object Repository/IWP30/Page_EmulatorAgencyX/UDF6'

24-10-2024T22:53:33 - [MESSAGE][PASSED] - Text '' is set on object 'Object Repository/IWP30/Page_EmulatorAgencyX/UDF7'

24-10-2024T22:53:33 - [MESSAGE][PASSED] - Text '' is set on object 'Object Repository/IWP30/Page_EmulatorAgencyX/UDF8'

24-10-2024T22:53:34 - [MESSAGE][PASSED] - Text 'udf data 9' is set on object 'Object Repository/IWP30/Page_EmulatorAgencyX/UDF9'

24-10-2024T22:53:34 - [MESSAGE][PASSED] - Text 'udf data 10' is set on object 'Object Repository/IWP30/Page_EmulatorAgencyX/UDF10'

24-10-2024T22:53:36 - [MESSAGE][PASSED] - Object: 'Object Repository/IWP30/Page_EmulatorAgencyX/Submit' is clicked on

24-10-2024T22:53:40 - [MESSAGE][PASSED] - Browser is closed

24-10-2024T22:53:44 - [MESSAGE][PASSED] - iwpPages.emulatorIWP30.setDataEmulator_DD is PASSED

24-10-2024T22:53:44 - [TEST_STEP][PASSED] - testHarnessURL = urlTestHarness: null

24-10-2024T22:53:44 - [TEST_STEP][PASSED] - openBrowser(testHarnessURL): Browser is opened with url: 'https://dev-algorithm.govolution.com/vrelaytest/QA2/version_2_2/vrelaytest.html'

24-10-2024T22:53:44 - [MESSAGE][INFO] - Starting 'Edge Chromium' driver

24-10-2024T22:53:44 - [MESSAGE][INFO] - User set preference: ['acceptInsecureCerts', 'true']

24-10-2024T22:53:46 - [MESSAGE][INFO] - Action delay is set to 0 milliseconds

24-10-2024T22:53:50 - [MESSAGE][PASSED] - Browser is opened with url: 'https://dev-algorithm.govolution.com/vrelaytest/QA2/version_2_2/vrelaytest.html'

24-10-2024T22:53:50 - [TEST_STEP][PASSED] - maximizeWindow(): Current window maximized

24-10-2024T22:53:50 - [MESSAGE][PASSED] - Current window maximized

24-10-2024T22:53:50 - [TEST_STEP][PASSED] - iwpPages.TestHarnessPage.setDataMethod(row, dataFile): iwpPages.TestHarnessPage.setDataMethod is PASSED

24-10-2024T22:53:50 - [MESSAGE][PASSED] - Object 'Object Repository/IWP30/Page_QATestHarness/RemittanceID' is present

24-10-2024T22:53:51 - [MESSAGE][PASSED] - Text '638' is set on object 'Object Repository/IWP30/Page_QATestHarness/ApplicationID'

24-10-2024T22:53:52 - [MESSAGE][PASSED] - Text '2.5' is set on object 'Object Repository/IWP30/Page_QATestHarness/MessageVersion'

24-10-2024T22:53:52 - [MESSAGE][PASSED] - Text '5ySKPqAICYJU' is set on object 'Object Repository/IWP30/Page_QATestHarness/RemittanceID'

24-10-2024T22:53:56 - [MESSAGE][PASSED] - Object: 'Object Repository/IWP30/Page_QATestHarness/SubmitButton' is clicked on

24-10-2024T22:53:56 - [MESSAGE][PASSED] - iwpPages.TestHarnessPage.setDataMethod is PASSED

24-10-2024T22:53:56 - [TEST_STEP][PASSED] - click(findTestObject("Object Repository/IWP30/Page_SelectPaymentMethod/PayByCorporateCheck")): Object: 'Object Repository/IWP30/Page_SelectPaymentMethod/PayByCorporateCheck' is clicked on

24-10-2024T22:53:57 - [MESSAGE][PASSED] - Object: 'Object Repository/IWP30/Page_SelectPaymentMethod/PayByCorporateCheck' is clicked on

24-10-2024T22:53:57 - [TEST_STEP][PASSED] - click(findTestObject("Object Repository/IWP30/Page_SelectPaymentMethod/MakePaymentButton")): Object: 'Object Repository/IWP30/Page_SelectPaymentMethod/MakePaymentButton' is clicked on

24-10-2024T22:53:59 - [MESSAGE][PASSED] - Object: 'Object Repository/IWP30/Page_SelectPaymentMethod/MakePaymentButton' is clicked on

24-10-2024T22:53:59 - [TEST_STEP][PASSED] - iwpPages.achCorporatePaymentEntryPage.setDataCorporate(row, dataFile): iwpPages.achCorporatePaymentEntryPage.setDataCorporate is PASSED

24-10-2024T22:54:00 - [MESSAGE][PASSED] - Object 'Object Repository/IWP30/Page_ACHCorporatePaymentEntry/txt_accountNumber' is present

24-10-2024T22:54:00 - [MESSAGE][PASSED] - Object 'Object Repository/IWP30/Page_ACHCorporatePaymentEntry/input_CompanyName' is present

24-10-2024T22:54:01 - [MESSAGE][PASSED] - Text 'My Company' is set on object 'Object Repository/IWP30/Page_ACHCorporatePaymentEntry/input_CompanyName'

24-10-2024T22:54:01 - [MESSAGE][PASSED] - Object 'Object Repository/IWP30/Page_ACHCorporatePaymentEntry/input_EIN' is present

24-10-2024T22:54:02 - [MESSAGE][PASSED] - Text '10.50' is set on object 'Object Repository/IWP30/Page_ACHCorporatePaymentEntry/txt_Amount'

24-10-2024T22:54:02 - [MESSAGE][PASSED] - Text 'udf data 3' is set on object 'Object Repository/IWP30/Page_ACHCorporatePaymentEntry/txt_UDF3'

24-10-2024T22:54:03 - [MESSAGE][PASSED] - All options with label 'Soccer' are selected in object 'Object Repository/IWP30/Page_ACHCorporatePaymentEntry/dd_UDF8' 

24-10-2024T22:54:03 - [MESSAGE][PASSED] - Object 'Object Repository/IWP30/Page_ACHCorporatePaymentEntry/txt_routingNumber' is present

24-10-2024T22:54:04 - [MESSAGE][PASSED] - Text '256072691' is set on object 'Object Repository/IWP30/Page_ACHCorporatePaymentEntry/txt_routingNumber'

24-10-2024T22:54:04 - [MESSAGE][PASSED] - Object 'Object Repository/IWP30/Page_ACHCorporatePaymentEntry/txt_accountNumber' is present

24-10-2024T22:54:05 - [MESSAGE][PASSED] - Text '12344444' is set on object 'Object Repository/IWP30/Page_ACHCorporatePaymentEntry/txt_accountNumber'

24-10-2024T22:54:06 - [MESSAGE][PASSED] - Object 'Object Repository/IWP30/Page_ACHCorporatePaymentEntry/txt_confirmAccountNumber' is present

24-10-2024T22:54:07 - [MESSAGE][PASSED] - Text '12344444' is set on object 'Object Repository/IWP30/Page_ACHCorporatePaymentEntry/txt_confirmAccountNumber'

24-10-2024T22:54:07 - [MESSAGE][PASSED] - Text '365 Main Avenue' is set on object 'Object Repository/IWP30/Page_ACHCorporatePaymentEntry/txt_AL1'

24-10-2024T22:54:08 - [MESSAGE][PASSED] - Text '22201' is set on object 'Object Repository/IWP30/Page_ACHCorporatePaymentEntry/txt_ZIP'

24-10-2024T22:54:08 - [MESSAGE][PASSED] - Object 'Object Repository/IWP30/Page_ACHCorporatePaymentEntry/txt_Email' is present

24-10-2024T22:54:10 - [MESSAGE][PASSED] - Text 'iahmed@govolution.com' is set on object 'Object Repository/IWP30/Page_ACHCorporatePaymentEntry/txt_Email'

24-10-2024T22:54:10 - [MESSAGE][PASSED] - Object 'Object Repository/IWP30/Page_ACHCorporatePaymentEntry/cb_TermsAndCond' is present

24-10-2024T22:54:10 - [MESSAGE][PASSED] - Object: 'Object Repository/IWP30/Page_ACHCorporatePaymentEntry/cb_TermsAndCond' is clicked on

24-10-2024T22:54:10 - [MESSAGE][PASSED] - Object 'Object Repository/IWP30/Page_ACHCorporatePaymentEntry/btn_Continue' is present

24-10-2024T22:54:12 - [MESSAGE][PASSED] - Object: 'Object Repository/IWP30/Page_ACHCorporatePaymentEntry/btn_Continue' is clicked on

24-10-2024T22:54:12 - [MESSAGE][PASSED] - iwpPages.achCorporatePaymentEntryPage.setDataCorporate is PASSED

24-10-2024T22:54:12 - [TEST_STEP][PASSED] - click(findTestObject("Object Repository/IWP30/Page_Confirmation/ConfirmButton")): Object: 'Object Repository/IWP30/Page_Confirmation/ConfirmButton' is clicked on

24-10-2024T22:54:14 - [MESSAGE][PASSED] - Object: 'Object Repository/IWP30/Page_Confirmation/ConfirmButton' is clicked on

24-10-2024T22:54:14 - [TEST_STEP][PASSED] - Thread.sleep(10000): null

24-10-2024T22:54:24 - [TEST_STEP][PASSED] - if (verifyTextPresent("Successful Payment Receipt", false)): null

24-10-2024T22:54:24 - [MESSAGE][PASSED] - Text 'Successful Payment Receipt' is present on page 

24-10-2024T22:54:24 - [TEST_STEP][PASSED] - println("Successful Payment Receipt text is present on the Receipt page"): null

24-10-2024T22:54:24 - [TEST_STEP][PASSED] - markPassed("Successful Payment Receipt text is present on the Receipt page"): Successful Payment Receipt text is present on the Receipt page

24-10-2024T22:54:24 - [MESSAGE][PASSED] - Successful Payment Receipt text is present on the Receipt page

24-10-2024T22:54:24 - [TEST_STEP][PASSED] - resText = "Pass": null

24-10-2024T22:54:24 - [TEST_STEP][PASSED] - pages.WriteExcel.demoKey(resText, datText, resColumn, datCloumn, fileLoc, nameSheet, row): pages.WriteExcel.demoKey is PASSED

24-10-2024T22:54:25 - [MESSAGE][PASSED] - pages.WriteExcel.demoKey is PASSED

24-10-2024T22:54:25 - [TEST_STEP][PASSED] - closeBrowser(): Browser is closed

24-10-2024T22:54:25 - [MESSAGE][PASSED] - Browser is closed

24-10-2024T22:54:25 - [TEST_STEP][PASSED] - ExecuteTC = findTestData(dataFile).getValue("Execute", row): null

24-10-2024T22:54:25 - [TEST_STEP][PASSED] - out.println("Value of Execute is : " + ExecuteTC): null

24-10-2024T22:54:25 - [TEST_STEP][PASSED] - if (ExecuteTC.equalsIgnoreCase("Y")): null

24-10-2024T22:54:25 - [TEST_STEP][PASSED] - out.println("Begin Record Number: " + row): null

24-10-2024T22:54:25 - [TEST_STEP][PASSED] - today = new java.util.Date(): null

24-10-2024T22:54:25 - [TEST_STEP][PASSED] - println(today): null

24-10-2024T22:54:25 - [TEST_STEP][PASSED] - datText = today: null

24-10-2024T22:54:25 - [TEST_STEP][PASSED] - EmulatorDataKey = findTestData(dataFile).getValue("EmulatorData", row): null

24-10-2024T22:54:25 - [TEST_STEP][PASSED] - out.println("Value of Emulator Key is : " + EmulatorDataKey): null

24-10-2024T22:54:25 - [TEST_STEP][PASSED] - iwpPages.emulatorIWP30.setDataEmulator_DD(EmulatorDataKey): iwpPages.emulatorIWP30.setDataEmulator_DD is PASSED

24-10-2024T22:54:26 - [MESSAGE][INFO] - Starting 'Edge Chromium' driver

24-10-2024T22:54:26 - [MESSAGE][INFO] - User set preference: ['acceptInsecureCerts', 'true']

24-10-2024T22:54:28 - [MESSAGE][INFO] - Action delay is set to 0 milliseconds

24-10-2024T22:54:32 - [MESSAGE][PASSED] - Browser is opened with url: 'https://qa2.velocitypayment.com/agencyx/config.action?action=editor&message_version=3_0'

24-10-2024T22:54:32 - [MESSAGE][PASSED] - Current window maximized

24-10-2024T22:55:03 - [MESSAGE][INFO] - Unable to find the element located by 'By.xpath: //select[@name='message_version']'. Please recheck the objects properties to make sure the desired element is located. 

24-10-2024T22:55:03 - [MESSAGE][WARNING] - [SELF-HEALING] Failed to find element with id 'Object Repository/IWP30/Page_VRelay30Emulator/MV'. Try using Self-healing.

24-10-2024T22:55:03 - [MESSAGE][WARNING] - [SELF-HEALING] The current locator of test object 'Object Repository/IWP30/Page_VRelay30Emulator/MV' was broken. Propose an alternative one: '(.//*[normalize-space(text()) and normalize-space(.)='Message Version'])[1]/following::select[1]'.

24-10-2024T22:55:04 - [MESSAGE][PASSED] - All options with value '3.0' are selected in object 'Object Repository/IWP30/Page_VRelay30Emulator/MV'  using regular expression

24-10-2024T22:55:04 - [MESSAGE][PASSED] - Text '10.50' is set on object 'Object Repository/IWP30/Page_EmulatorAgencyX/Amount'

24-10-2024T22:55:05 - [MESSAGE][PASSED] - Text '7iAn3Fd0X9bS' is set on object 'Object Repository/IWP30/Page_EmulatorAgencyX/CAN'

24-10-2024T22:55:06 - [MESSAGE][PASSED] - Text 'PayNow' is set on object 'Object Repository/IWP30/Page_EmulatorAgencyX/Action'

24-10-2024T22:55:06 - [MESSAGE][PASSED] - Text 'en_US' is set on object 'Object Repository/IWP30/Page_EmulatorAgencyX/Lang'

24-10-2024T22:55:07 - [MESSAGE][PASSED] - Text '' is set on object 'Object Repository/IWP30/Page_EmulatorAgencyX/Fname'

24-10-2024T22:55:07 - [MESSAGE][PASSED] - Text '' is set on object 'Object Repository/IWP30/Page_EmulatorAgencyX/Lname'

24-10-2024T22:55:08 - [MESSAGE][PASSED] - Text '' is set on object 'Object Repository/IWP30/Page_EmulatorAgencyX/AL1'

24-10-2024T22:55:09 - [MESSAGE][PASSED] - Text '' is set on object 'Object Repository/IWP30/Page_EmulatorAgencyX/AL2'

24-10-2024T22:55:09 - [MESSAGE][PASSED] - Text '' is set on object 'Object Repository/IWP30/Page_EmulatorAgencyX/Country'

24-10-2024T22:55:10 - [MESSAGE][PASSED] - Text '' is set on object 'Object Repository/IWP30/Page_EmulatorAgencyX/City'

24-10-2024T22:55:10 - [MESSAGE][PASSED] - Text '' is set on object 'Object Repository/IWP30/Page_EmulatorAgencyX/State'

24-10-2024T22:55:11 - [MESSAGE][PASSED] - Text '' is set on object 'Object Repository/IWP30/Page_EmulatorAgencyX/ZIP'

24-10-2024T22:55:11 - [MESSAGE][PASSED] - Text '' is set on object 'Object Repository/IWP30/Page_EmulatorAgencyX/Order'

24-10-2024T22:55:12 - [MESSAGE][PASSED] - Text '' is set on object 'Object Repository/IWP30/Page_EmulatorAgencyX/Company'

24-10-2024T22:55:13 - [MESSAGE][PASSED] - Text '' is set on object 'Object Repository/IWP30/Page_EmulatorAgencyX/Email'

24-10-2024T22:55:13 - [MESSAGE][PASSED] - Text '' is set on object 'Object Repository/IWP30/Page_EmulatorAgencyX/UDF1'

24-10-2024T22:55:14 - [MESSAGE][PASSED] - Text '' is set on object 'Object Repository/IWP30/Page_EmulatorAgencyX/UDF2'

24-10-2024T22:55:14 - [MESSAGE][PASSED] - Text '' is set on object 'Object Repository/IWP30/Page_EmulatorAgencyX/UDF3'

24-10-2024T22:55:15 - [MESSAGE][PASSED] - Text 'udf data 4' is set on object 'Object Repository/IWP30/Page_EmulatorAgencyX/UDF4'

24-10-2024T22:55:16 - [MESSAGE][PASSED] - Text 'udf data 5' is set on object 'Object Repository/IWP30/Page_EmulatorAgencyX/UDF5'

24-10-2024T22:55:16 - [MESSAGE][PASSED] - Text '' is set on object 'Object Repository/IWP30/Page_EmulatorAgencyX/UDF6'

24-10-2024T22:55:17 - [MESSAGE][PASSED] - Text '' is set on object 'Object Repository/IWP30/Page_EmulatorAgencyX/UDF7'

24-10-2024T22:55:17 - [MESSAGE][PASSED] - Text '' is set on object 'Object Repository/IWP30/Page_EmulatorAgencyX/UDF8'

24-10-2024T22:55:18 - [MESSAGE][PASSED] - Text 'udf data 9' is set on object 'Object Repository/IWP30/Page_EmulatorAgencyX/UDF9'

24-10-2024T22:55:18 - [MESSAGE][PASSED] - Text 'udf data 10' is set on object 'Object Repository/IWP30/Page_EmulatorAgencyX/UDF10'

24-10-2024T22:55:20 - [MESSAGE][PASSED] - Object: 'Object Repository/IWP30/Page_EmulatorAgencyX/Submit' is clicked on

24-10-2024T22:55:24 - [MESSAGE][PASSED] - Browser is closed

24-10-2024T22:55:28 - [MESSAGE][PASSED] - iwpPages.emulatorIWP30.setDataEmulator_DD is PASSED

24-10-2024T22:55:28 - [TEST_STEP][PASSED] - testHarnessURL = urlTestHarness: null

24-10-2024T22:55:28 - [TEST_STEP][PASSED] - openBrowser(testHarnessURL): Browser is opened with url: 'https://dev-algorithm.govolution.com/vrelaytest/QA2/version_2_2/vrelaytest.html'

24-10-2024T22:55:28 - [MESSAGE][INFO] - Starting 'Edge Chromium' driver

24-10-2024T22:55:28 - [MESSAGE][INFO] - User set preference: ['acceptInsecureCerts', 'true']

24-10-2024T22:55:30 - [MESSAGE][INFO] - Action delay is set to 0 milliseconds

24-10-2024T22:55:34 - [MESSAGE][PASSED] - Browser is opened with url: 'https://dev-algorithm.govolution.com/vrelaytest/QA2/version_2_2/vrelaytest.html'

24-10-2024T22:55:34 - [TEST_STEP][PASSED] - maximizeWindow(): Current window maximized

24-10-2024T22:55:34 - [MESSAGE][PASSED] - Current window maximized

24-10-2024T22:55:34 - [TEST_STEP][PASSED] - iwpPages.TestHarnessPage.setDataMethod(row, dataFile): iwpPages.TestHarnessPage.setDataMethod is PASSED

24-10-2024T22:55:34 - [MESSAGE][PASSED] - Object 'Object Repository/IWP30/Page_QATestHarness/RemittanceID' is present

24-10-2024T22:55:35 - [MESSAGE][PASSED] - Text '649' is set on object 'Object Repository/IWP30/Page_QATestHarness/ApplicationID'

24-10-2024T22:55:36 - [MESSAGE][PASSED] - Text '3.0' is set on object 'Object Repository/IWP30/Page_QATestHarness/MessageVersion'

24-10-2024T22:55:36 - [MESSAGE][PASSED] - Text 'dIwBtWqaffxY' is set on object 'Object Repository/IWP30/Page_QATestHarness/RemittanceID'

24-10-2024T22:55:40 - [MESSAGE][PASSED] - Object: 'Object Repository/IWP30/Page_QATestHarness/SubmitButton' is clicked on

24-10-2024T22:55:40 - [MESSAGE][PASSED] - iwpPages.TestHarnessPage.setDataMethod is PASSED

24-10-2024T22:55:40 - [TEST_STEP][PASSED] - click(findTestObject("Object Repository/IWP30/Page_SelectPaymentMethod/PayByCorporateCheck")): Object: 'Object Repository/IWP30/Page_SelectPaymentMethod/PayByCorporateCheck' is clicked on

24-10-2024T22:55:40 - [MESSAGE][PASSED] - Object: 'Object Repository/IWP30/Page_SelectPaymentMethod/PayByCorporateCheck' is clicked on

24-10-2024T22:55:40 - [TEST_STEP][PASSED] - click(findTestObject("Object Repository/IWP30/Page_SelectPaymentMethod/MakePaymentButton")): Object: 'Object Repository/IWP30/Page_SelectPaymentMethod/MakePaymentButton' is clicked on

24-10-2024T22:55:43 - [MESSAGE][PASSED] - Object: 'Object Repository/IWP30/Page_SelectPaymentMethod/MakePaymentButton' is clicked on

24-10-2024T22:55:43 - [TEST_STEP][PASSED] - iwpPages.achCorporatePaymentEntryPage.setDataCorporate(row, dataFile): iwpPages.achCorporatePaymentEntryPage.setDataCorporate is PASSED

24-10-2024T22:55:44 - [MESSAGE][PASSED] - Object 'Object Repository/IWP30/Page_ACHCorporatePaymentEntry/txt_accountNumber' is present

24-10-2024T22:55:44 - [MESSAGE][PASSED] - Object 'Object Repository/IWP30/Page_ACHCorporatePaymentEntry/input_CompanyName' is present

24-10-2024T22:55:45 - [MESSAGE][PASSED] - Text 'My Company' is set on object 'Object Repository/IWP30/Page_ACHCorporatePaymentEntry/input_CompanyName'

24-10-2024T22:55:45 - [MESSAGE][PASSED] - Object 'Object Repository/IWP30/Page_ACHCorporatePaymentEntry/input_EIN' is present

24-10-2024T22:55:46 - [MESSAGE][PASSED] - Text '123456789' is set on object 'Object Repository/IWP30/Page_ACHCorporatePaymentEntry/input_EIN'

24-10-2024T22:55:46 - [MESSAGE][PASSED] - Text '10.50' is set on object 'Object Repository/IWP30/Page_ACHCorporatePaymentEntry/txt_Amount'

24-10-2024T22:55:47 - [MESSAGE][PASSED] - Text 'udf data 2' is set on object 'Object Repository/IWP30/Page_ACHCorporatePaymentEntry/txt_UDF2'

24-10-2024T22:55:47 - [MESSAGE][PASSED] - Text 'udf data 3' is set on object 'Object Repository/IWP30/Page_ACHCorporatePaymentEntry/txt_UDF3'

24-10-2024T22:55:48 - [MESSAGE][PASSED] - All options with label 'Orange' are selected in object 'Object Repository/IWP30/Page_ACHCorporatePaymentEntry/dd_UDF7' 

24-10-2024T22:55:49 - [MESSAGE][PASSED] - All options with label 'Soccer' are selected in object 'Object Repository/IWP30/Page_ACHCorporatePaymentEntry/dd_UDF8' 

24-10-2024T22:55:49 - [MESSAGE][PASSED] - Object 'Object Repository/IWP30/Page_ACHCorporatePaymentEntry/txt_routingNumber' is present

24-10-2024T22:55:49 - [MESSAGE][PASSED] - Text '256072691' is set on object 'Object Repository/IWP30/Page_ACHCorporatePaymentEntry/txt_routingNumber'

24-10-2024T22:55:50 - [MESSAGE][PASSED] - Object 'Object Repository/IWP30/Page_ACHCorporatePaymentEntry/txt_accountNumber' is present

24-10-2024T22:55:50 - [MESSAGE][PASSED] - Text '12344444' is set on object 'Object Repository/IWP30/Page_ACHCorporatePaymentEntry/txt_accountNumber'

24-10-2024T22:55:51 - [MESSAGE][PASSED] - Object 'Object Repository/IWP30/Page_ACHCorporatePaymentEntry/txt_confirmAccountNumber' is present

24-10-2024T22:55:52 - [MESSAGE][PASSED] - Text '12344444' is set on object 'Object Repository/IWP30/Page_ACHCorporatePaymentEntry/txt_confirmAccountNumber'

24-10-2024T22:55:52 - [MESSAGE][PASSED] - Text '365 Main Avenue' is set on object 'Object Repository/IWP30/Page_ACHCorporatePaymentEntry/txt_AL1'

24-10-2024T22:55:53 - [MESSAGE][PASSED] - Text '22201' is set on object 'Object Repository/IWP30/Page_ACHCorporatePaymentEntry/txt_ZIP'

24-10-2024T22:55:53 - [MESSAGE][PASSED] - Object 'Object Repository/IWP30/Page_ACHCorporatePaymentEntry/txt_Email' is present

24-10-2024T22:55:54 - [MESSAGE][PASSED] - Text 'iahmed@govolution.com' is set on object 'Object Repository/IWP30/Page_ACHCorporatePaymentEntry/txt_Email'

24-10-2024T22:55:55 - [MESSAGE][PASSED] - Object 'Object Repository/IWP30/Page_ACHCorporatePaymentEntry/cb_TermsAndCond' is present

24-10-2024T22:55:55 - [MESSAGE][PASSED] - Object: 'Object Repository/IWP30/Page_ACHCorporatePaymentEntry/cb_TermsAndCond' is clicked on

24-10-2024T22:55:55 - [MESSAGE][PASSED] - Object 'Object Repository/IWP30/Page_ACHCorporatePaymentEntry/btn_Continue' is present

24-10-2024T22:55:56 - [MESSAGE][PASSED] - Object: 'Object Repository/IWP30/Page_ACHCorporatePaymentEntry/btn_Continue' is clicked on

24-10-2024T22:55:56 - [MESSAGE][PASSED] - iwpPages.achCorporatePaymentEntryPage.setDataCorporate is PASSED

24-10-2024T22:55:56 - [TEST_STEP][PASSED] - click(findTestObject("Object Repository/IWP30/Page_Confirmation/ConfirmButton")): Object: 'Object Repository/IWP30/Page_Confirmation/ConfirmButton' is clicked on

24-10-2024T22:56:27 - [MESSAGE][INFO] - Unable to find the element located by 'By.xpath: //*[@type = 'submit' and @name = 'confirmNotifyAction' and @id = 'submitYes' and @value = 'Confirm']'. Please recheck the objects properties to make sure the desired element is located. 

24-10-2024T22:56:27 - [MESSAGE][WARNING] - [SELF-HEALING] Failed to find element with id 'Object Repository/IWP30/Page_Confirmation/ConfirmButton'. Try using Self-healing.

24-10-2024T22:56:27 - [MESSAGE][WARNING] - [SELF-HEALING] The current locator of test object 'Object Repository/IWP30/Page_Confirmation/ConfirmButton' was broken. Propose an alternative one: '//div/input'.

24-10-2024T22:56:29 - [MESSAGE][PASSED] - Object: 'Object Repository/IWP30/Page_Confirmation/ConfirmButton' is clicked on

24-10-2024T22:56:29 - [TEST_STEP][PASSED] - Thread.sleep(10000): null

24-10-2024T22:56:39 - [TEST_STEP][PASSED] - if (verifyTextPresent("Successful Payment Receipt", false)): null

24-10-2024T22:56:39 - [MESSAGE][PASSED] - Text 'Successful Payment Receipt' is present on page 

24-10-2024T22:56:39 - [TEST_STEP][PASSED] - println("Successful Payment Receipt text is present on the Receipt page"): null

24-10-2024T22:56:39 - [TEST_STEP][PASSED] - markPassed("Successful Payment Receipt text is present on the Receipt page"): Successful Payment Receipt text is present on the Receipt page

24-10-2024T22:56:39 - [MESSAGE][PASSED] - Successful Payment Receipt text is present on the Receipt page

24-10-2024T22:56:39 - [TEST_STEP][PASSED] - resText = "Pass": null

24-10-2024T22:56:39 - [TEST_STEP][PASSED] - pages.WriteExcel.demoKey(resText, datText, resColumn, datCloumn, fileLoc, nameSheet, row): pages.WriteExcel.demoKey is PASSED

24-10-2024T22:56:39 - [MESSAGE][PASSED] - pages.WriteExcel.demoKey is PASSED

24-10-2024T22:56:39 - [TEST_STEP][PASSED] - closeBrowser(): Browser is closed

24-10-2024T22:56:40 - [MESSAGE][PASSED] - Browser is closed

24-10-2024T22:56:40 - [TEST_STEP][PASSED] - ExecuteTC = findTestData(dataFile).getValue("Execute", row): null

24-10-2024T22:56:40 - [TEST_STEP][PASSED] - out.println("Value of Execute is : " + ExecuteTC): null

24-10-2024T22:56:40 - [TEST_STEP][PASSED] - if (ExecuteTC.equalsIgnoreCase("Y")): null

24-10-2024T22:56:40 - [TEST_STEP][PASSED] - out.println("Begin Record Number: " + row): null

24-10-2024T22:56:40 - [TEST_STEP][PASSED] - today = new java.util.Date(): null

24-10-2024T22:56:40 - [TEST_STEP][PASSED] - println(today): null

24-10-2024T22:56:40 - [TEST_STEP][PASSED] - datText = today: null

24-10-2024T22:56:40 - [TEST_STEP][PASSED] - EmulatorDataKey = findTestData(dataFile).getValue("EmulatorData", row): null

24-10-2024T22:56:40 - [TEST_STEP][PASSED] - out.println("Value of Emulator Key is : " + EmulatorDataKey): null

24-10-2024T22:56:40 - [TEST_STEP][PASSED] - iwpPages.emulatorIWP30.setDataEmulator_DD(EmulatorDataKey): iwpPages.emulatorIWP30.setDataEmulator_DD is PASSED

24-10-2024T22:56:41 - [MESSAGE][INFO] - Starting 'Edge Chromium' driver

24-10-2024T22:56:41 - [MESSAGE][INFO] - User set preference: ['acceptInsecureCerts', 'true']

24-10-2024T22:56:43 - [MESSAGE][INFO] - Action delay is set to 0 milliseconds

24-10-2024T22:56:46 - [MESSAGE][PASSED] - Browser is opened with url: 'https://qa2.velocitypayment.com/agencyx/config.action?action=editor&message_version=3_0'

24-10-2024T22:56:46 - [MESSAGE][PASSED] - Current window maximized

24-10-2024T22:57:17 - [MESSAGE][INFO] - Unable to find the element located by 'By.xpath: //select[@name='message_version']'. Please recheck the objects properties to make sure the desired element is located. 

24-10-2024T22:57:17 - [MESSAGE][WARNING] - [SELF-HEALING] Failed to find element with id 'Object Repository/IWP30/Page_VRelay30Emulator/MV'. Try using Self-healing.

24-10-2024T22:57:17 - [MESSAGE][WARNING] - [SELF-HEALING] The current locator of test object 'Object Repository/IWP30/Page_VRelay30Emulator/MV' was broken. Propose an alternative one: '(.//*[normalize-space(text()) and normalize-space(.)='Message Version'])[1]/following::select[1]'.

24-10-2024T22:57:18 - [MESSAGE][PASSED] - All options with value '3.0' are selected in object 'Object Repository/IWP30/Page_VRelay30Emulator/MV'  using regular expression

24-10-2024T22:57:19 - [MESSAGE][PASSED] - Text '10.50' is set on object 'Object Repository/IWP30/Page_EmulatorAgencyX/Amount'

24-10-2024T22:57:19 - [MESSAGE][PASSED] - Text 'Xt4M0brFaU5v' is set on object 'Object Repository/IWP30/Page_EmulatorAgencyX/CAN'

24-10-2024T22:57:20 - [MESSAGE][PASSED] - Text 'PayNow' is set on object 'Object Repository/IWP30/Page_EmulatorAgencyX/Action'

24-10-2024T22:57:20 - [MESSAGE][PASSED] - Text 'en_US' is set on object 'Object Repository/IWP30/Page_EmulatorAgencyX/Lang'

24-10-2024T22:57:21 - [MESSAGE][PASSED] - Text 'Jasmine' is set on object 'Object Repository/IWP30/Page_EmulatorAgencyX/Fname'

24-10-2024T22:57:22 - [MESSAGE][PASSED] - Text 'Patrinol' is set on object 'Object Repository/IWP30/Page_EmulatorAgencyX/Lname'

24-10-2024T22:57:22 - [MESSAGE][PASSED] - Text '258 Underwood rd' is set on object 'Object Repository/IWP30/Page_EmulatorAgencyX/AL1'

24-10-2024T22:57:23 - [MESSAGE][PASSED] - Text 'Suite 600' is set on object 'Object Repository/IWP30/Page_EmulatorAgencyX/AL2'

24-10-2024T22:57:23 - [MESSAGE][PASSED] - Text '840' is set on object 'Object Repository/IWP30/Page_EmulatorAgencyX/Country'

24-10-2024T22:57:24 - [MESSAGE][PASSED] - Text 'Arlington' is set on object 'Object Repository/IWP30/Page_EmulatorAgencyX/City'

24-10-2024T22:57:25 - [MESSAGE][PASSED] - Text 'VA' is set on object 'Object Repository/IWP30/Page_EmulatorAgencyX/State'

24-10-2024T22:57:25 - [MESSAGE][PASSED] - Text '22201' is set on object 'Object Repository/IWP30/Page_EmulatorAgencyX/ZIP'

24-10-2024T22:57:26 - [MESSAGE][PASSED] - Text '' is set on object 'Object Repository/IWP30/Page_EmulatorAgencyX/Order'

24-10-2024T22:57:26 - [MESSAGE][PASSED] - Text 'Some Company' is set on object 'Object Repository/IWP30/Page_EmulatorAgencyX/Company'

24-10-2024T22:57:27 - [MESSAGE][PASSED] - Text 'iahmed@govolution.com' is set on object 'Object Repository/IWP30/Page_EmulatorAgencyX/Email'

24-10-2024T22:57:28 - [MESSAGE][PASSED] - Text 'udf data 1' is set on object 'Object Repository/IWP30/Page_EmulatorAgencyX/UDF1'

24-10-2024T22:57:28 - [MESSAGE][PASSED] - Text 'udf data 2' is set on object 'Object Repository/IWP30/Page_EmulatorAgencyX/UDF2'

24-10-2024T22:57:29 - [MESSAGE][PASSED] - Text 'udf data 3' is set on object 'Object Repository/IWP30/Page_EmulatorAgencyX/UDF3'

24-10-2024T22:57:29 - [MESSAGE][PASSED] - Text 'udf data 4' is set on object 'Object Repository/IWP30/Page_EmulatorAgencyX/UDF4'

24-10-2024T22:57:30 - [MESSAGE][PASSED] - Text 'udf data 5' is set on object 'Object Repository/IWP30/Page_EmulatorAgencyX/UDF5'

24-10-2024T22:57:31 - [MESSAGE][PASSED] - Text 'udf data 6' is set on object 'Object Repository/IWP30/Page_EmulatorAgencyX/UDF6'

24-10-2024T22:57:31 - [MESSAGE][PASSED] - Text 'Orange' is set on object 'Object Repository/IWP30/Page_EmulatorAgencyX/UDF7'

24-10-2024T22:57:32 - [MESSAGE][PASSED] - Text 'Soccer' is set on object 'Object Repository/IWP30/Page_EmulatorAgencyX/UDF8'

24-10-2024T22:57:32 - [MESSAGE][PASSED] - Text 'udf data 9' is set on object 'Object Repository/IWP30/Page_EmulatorAgencyX/UDF9'

24-10-2024T22:57:33 - [MESSAGE][PASSED] - Text 'udf data 10' is set on object 'Object Repository/IWP30/Page_EmulatorAgencyX/UDF10'

24-10-2024T22:57:34 - [MESSAGE][PASSED] - Object: 'Object Repository/IWP30/Page_EmulatorAgencyX/Submit' is clicked on

24-10-2024T22:57:39 - [MESSAGE][PASSED] - Browser is closed

24-10-2024T22:57:43 - [MESSAGE][PASSED] - iwpPages.emulatorIWP30.setDataEmulator_DD is PASSED

24-10-2024T22:57:43 - [TEST_STEP][PASSED] - testHarnessURL = urlTestHarness: null

24-10-2024T22:57:43 - [TEST_STEP][PASSED] - openBrowser(testHarnessURL): Browser is opened with url: 'https://dev-algorithm.govolution.com/vrelaytest/QA2/version_2_2/vrelaytest.html'

24-10-2024T22:57:43 - [MESSAGE][INFO] - Starting 'Edge Chromium' driver

24-10-2024T22:57:43 - [MESSAGE][INFO] - User set preference: ['acceptInsecureCerts', 'true']

24-10-2024T22:57:45 - [MESSAGE][INFO] - Action delay is set to 0 milliseconds

24-10-2024T22:57:53 - [MESSAGE][PASSED] - Browser is opened with url: 'https://dev-algorithm.govolution.com/vrelaytest/QA2/version_2_2/vrelaytest.html'

24-10-2024T22:57:53 - [TEST_STEP][PASSED] - maximizeWindow(): Current window maximized

24-10-2024T22:57:53 - [MESSAGE][PASSED] - Current window maximized

24-10-2024T22:57:53 - [TEST_STEP][PASSED] - iwpPages.TestHarnessPage.setDataMethod(row, dataFile): iwpPages.TestHarnessPage.setDataMethod is PASSED

24-10-2024T22:57:53 - [MESSAGE][PASSED] - Object 'Object Repository/IWP30/Page_QATestHarness/RemittanceID' is present

24-10-2024T22:57:54 - [MESSAGE][PASSED] - Text '649' is set on object 'Object Repository/IWP30/Page_QATestHarness/ApplicationID'

24-10-2024T22:57:54 - [MESSAGE][PASSED] - Text '3.0' is set on object 'Object Repository/IWP30/Page_QATestHarness/MessageVersion'

24-10-2024T22:57:55 - [MESSAGE][PASSED] - Text 'mhyyMvH1MmkS' is set on object 'Object Repository/IWP30/Page_QATestHarness/RemittanceID'

24-10-2024T22:57:59 - [MESSAGE][PASSED] - Object: 'Object Repository/IWP30/Page_QATestHarness/SubmitButton' is clicked on

24-10-2024T22:57:59 - [MESSAGE][PASSED] - iwpPages.TestHarnessPage.setDataMethod is PASSED

24-10-2024T22:57:59 - [TEST_STEP][PASSED] - click(findTestObject("Object Repository/IWP30/Page_SelectPaymentMethod/PayByCorporateCheck")): Object: 'Object Repository/IWP30/Page_SelectPaymentMethod/PayByCorporateCheck' is clicked on

24-10-2024T22:57:59 - [MESSAGE][PASSED] - Object: 'Object Repository/IWP30/Page_SelectPaymentMethod/PayByCorporateCheck' is clicked on

24-10-2024T22:57:59 - [TEST_STEP][PASSED] - click(findTestObject("Object Repository/IWP30/Page_SelectPaymentMethod/MakePaymentButton")): Object: 'Object Repository/IWP30/Page_SelectPaymentMethod/MakePaymentButton' is clicked on

24-10-2024T22:58:02 - [MESSAGE][PASSED] - Object: 'Object Repository/IWP30/Page_SelectPaymentMethod/MakePaymentButton' is clicked on

24-10-2024T22:58:02 - [TEST_STEP][PASSED] - iwpPages.achCorporatePaymentEntryPage.setDataCorporate(row, dataFile): iwpPages.achCorporatePaymentEntryPage.setDataCorporate is PASSED

24-10-2024T22:58:03 - [MESSAGE][PASSED] - Object 'Object Repository/IWP30/Page_ACHCorporatePaymentEntry/txt_accountNumber' is present

24-10-2024T22:58:03 - [MESSAGE][PASSED] - Object 'Object Repository/IWP30/Page_ACHCorporatePaymentEntry/input_CompanyName' is present

24-10-2024T22:58:03 - [MESSAGE][PASSED] - Object 'Object Repository/IWP30/Page_ACHCorporatePaymentEntry/input_EIN' is present

24-10-2024T22:58:04 - [MESSAGE][PASSED] - Text '123456789' is set on object 'Object Repository/IWP30/Page_ACHCorporatePaymentEntry/input_EIN'

24-10-2024T22:58:04 - [MESSAGE][PASSED] - All options with label 'Soccer' are selected in object 'Object Repository/IWP30/Page_ACHCorporatePaymentEntry/dd_UDF8' 

24-10-2024T22:58:05 - [MESSAGE][PASSED] - Object 'Object Repository/IWP30/Page_ACHCorporatePaymentEntry/txt_routingNumber' is present

24-10-2024T22:58:05 - [MESSAGE][PASSED] - Text '256072691' is set on object 'Object Repository/IWP30/Page_ACHCorporatePaymentEntry/txt_routingNumber'

24-10-2024T22:58:06 - [MESSAGE][PASSED] - Object 'Object Repository/IWP30/Page_ACHCorporatePaymentEntry/txt_accountNumber' is present

24-10-2024T22:58:06 - [MESSAGE][PASSED] - Text '12344444' is set on object 'Object Repository/IWP30/Page_ACHCorporatePaymentEntry/txt_accountNumber'

24-10-2024T22:58:07 - [MESSAGE][PASSED] - Object 'Object Repository/IWP30/Page_ACHCorporatePaymentEntry/txt_confirmAccountNumber' is present

24-10-2024T22:58:07 - [MESSAGE][PASSED] - Text '12344444' is set on object 'Object Repository/IWP30/Page_ACHCorporatePaymentEntry/txt_confirmAccountNumber'

24-10-2024T22:58:08 - [MESSAGE][PASSED] - Object 'Object Repository/IWP30/Page_ACHCorporatePaymentEntry/txt_Email' is present

24-10-2024T22:58:08 - [MESSAGE][PASSED] - Object 'Object Repository/IWP30/Page_ACHCorporatePaymentEntry/cb_TermsAndCond' is present

24-10-2024T22:58:08 - [MESSAGE][PASSED] - Object: 'Object Repository/IWP30/Page_ACHCorporatePaymentEntry/cb_TermsAndCond' is clicked on

24-10-2024T22:58:08 - [MESSAGE][PASSED] - Object 'Object Repository/IWP30/Page_ACHCorporatePaymentEntry/btn_Continue' is present

24-10-2024T22:58:10 - [MESSAGE][PASSED] - Object: 'Object Repository/IWP30/Page_ACHCorporatePaymentEntry/btn_Continue' is clicked on

24-10-2024T22:58:10 - [MESSAGE][PASSED] - iwpPages.achCorporatePaymentEntryPage.setDataCorporate is PASSED

24-10-2024T22:58:10 - [TEST_STEP][PASSED] - click(findTestObject("Object Repository/IWP30/Page_Confirmation/ConfirmButton")): Object: 'Object Repository/IWP30/Page_Confirmation/ConfirmButton' is clicked on

24-10-2024T22:58:41 - [MESSAGE][INFO] - Unable to find the element located by 'By.xpath: //*[@type = 'submit' and @name = 'confirmNotifyAction' and @id = 'submitYes' and @value = 'Confirm']'. Please recheck the objects properties to make sure the desired element is located. 

24-10-2024T22:58:41 - [MESSAGE][WARNING] - [SELF-HEALING] Failed to find element with id 'Object Repository/IWP30/Page_Confirmation/ConfirmButton'. Try using Self-healing.

24-10-2024T22:58:41 - [MESSAGE][WARNING] - [SELF-HEALING] The current locator of test object 'Object Repository/IWP30/Page_Confirmation/ConfirmButton' was broken. Propose an alternative one: '//div/input'.

24-10-2024T22:58:43 - [MESSAGE][PASSED] - Object: 'Object Repository/IWP30/Page_Confirmation/ConfirmButton' is clicked on

24-10-2024T22:58:43 - [TEST_STEP][PASSED] - Thread.sleep(10000): null

24-10-2024T22:58:53 - [TEST_STEP][PASSED] - if (verifyTextPresent("Successful Payment Receipt", false)): null

24-10-2024T22:58:53 - [MESSAGE][PASSED] - Text 'Successful Payment Receipt' is present on page 

24-10-2024T22:58:53 - [TEST_STEP][PASSED] - println("Successful Payment Receipt text is present on the Receipt page"): null

24-10-2024T22:58:53 - [TEST_STEP][PASSED] - markPassed("Successful Payment Receipt text is present on the Receipt page"): Successful Payment Receipt text is present on the Receipt page

24-10-2024T22:58:53 - [MESSAGE][PASSED] - Successful Payment Receipt text is present on the Receipt page

24-10-2024T22:58:53 - [TEST_STEP][PASSED] - resText = "Pass": null

24-10-2024T22:58:53 - [TEST_STEP][PASSED] - pages.WriteExcel.demoKey(resText, datText, resColumn, datCloumn, fileLoc, nameSheet, row): pages.WriteExcel.demoKey is PASSED

24-10-2024T22:58:53 - [MESSAGE][PASSED] - pages.WriteExcel.demoKey is PASSED

24-10-2024T22:58:53 - [TEST_STEP][PASSED] - closeBrowser(): Browser is closed

24-10-2024T22:58:54 - [MESSAGE][PASSED] - Browser is closed

24-10-2024T22:58:54 - [TEST_STEP][PASSED] - ExecuteTC = findTestData(dataFile).getValue("Execute", row): null

24-10-2024T22:58:54 - [TEST_STEP][PASSED] - out.println("Value of Execute is : " + ExecuteTC): null

24-10-2024T22:58:54 - [TEST_STEP][PASSED] - if (ExecuteTC.equalsIgnoreCase("Y")): null

24-10-2024T22:58:54 - [TEST_STEP][PASSED] - out.println("Begin Record Number: " + row): null

24-10-2024T22:58:54 - [TEST_STEP][PASSED] - today = new java.util.Date(): null

24-10-2024T22:58:54 - [TEST_STEP][PASSED] - println(today): null

24-10-2024T22:58:54 - [TEST_STEP][PASSED] - datText = today: null

24-10-2024T22:58:54 - [TEST_STEP][PASSED] - EmulatorDataKey = findTestData(dataFile).getValue("EmulatorData", row): null

24-10-2024T22:58:54 - [TEST_STEP][PASSED] - out.println("Value of Emulator Key is : " + EmulatorDataKey): null

24-10-2024T22:58:54 - [TEST_STEP][PASSED] - iwpPages.emulatorIWP30.setDataEmulator_DD(EmulatorDataKey): iwpPages.emulatorIWP30.setDataEmulator_DD is PASSED

24-10-2024T22:58:54 - [MESSAGE][INFO] - Starting 'Edge Chromium' driver

24-10-2024T22:58:54 - [MESSAGE][INFO] - User set preference: ['acceptInsecureCerts', 'true']

24-10-2024T22:58:56 - [MESSAGE][INFO] - Action delay is set to 0 milliseconds

24-10-2024T22:59:00 - [MESSAGE][PASSED] - Browser is opened with url: 'https://qa2.velocitypayment.com/agencyx/config.action?action=editor&message_version=3_0'

24-10-2024T22:59:00 - [MESSAGE][PASSED] - Current window maximized

24-10-2024T22:59:31 - [MESSAGE][INFO] - Unable to find the element located by 'By.xpath: //select[@name='message_version']'. Please recheck the objects properties to make sure the desired element is located. 

24-10-2024T22:59:31 - [MESSAGE][WARNING] - [SELF-HEALING] Failed to find element with id 'Object Repository/IWP30/Page_VRelay30Emulator/MV'. Try using Self-healing.

24-10-2024T22:59:31 - [MESSAGE][WARNING] - [SELF-HEALING] The current locator of test object 'Object Repository/IWP30/Page_VRelay30Emulator/MV' was broken. Propose an alternative one: '(.//*[normalize-space(text()) and normalize-space(.)='Message Version'])[1]/following::select[1]'.

24-10-2024T22:59:32 - [MESSAGE][PASSED] - All options with value '3.0' are selected in object 'Object Repository/IWP30/Page_VRelay30Emulator/MV'  using regular expression

24-10-2024T22:59:33 - [MESSAGE][PASSED] - Text '10.50' is set on object 'Object Repository/IWP30/Page_EmulatorAgencyX/Amount'

24-10-2024T22:59:33 - [MESSAGE][PASSED] - Text '340KbVHwwX0q' is set on object 'Object Repository/IWP30/Page_EmulatorAgencyX/CAN'

24-10-2024T22:59:34 - [MESSAGE][PASSED] - Text 'PayNow' is set on object 'Object Repository/IWP30/Page_EmulatorAgencyX/Action'

24-10-2024T22:59:34 - [MESSAGE][PASSED] - Text 'en_US' is set on object 'Object Repository/IWP30/Page_EmulatorAgencyX/Lang'

24-10-2024T22:59:35 - [MESSAGE][PASSED] - Text '' is set on object 'Object Repository/IWP30/Page_EmulatorAgencyX/Fname'

24-10-2024T22:59:36 - [MESSAGE][PASSED] - Text '' is set on object 'Object Repository/IWP30/Page_EmulatorAgencyX/Lname'

24-10-2024T22:59:36 - [MESSAGE][PASSED] - Text '' is set on object 'Object Repository/IWP30/Page_EmulatorAgencyX/AL1'

24-10-2024T22:59:37 - [MESSAGE][PASSED] - Text '' is set on object 'Object Repository/IWP30/Page_EmulatorAgencyX/AL2'

24-10-2024T22:59:37 - [MESSAGE][PASSED] - Text '' is set on object 'Object Repository/IWP30/Page_EmulatorAgencyX/Country'

24-10-2024T22:59:38 - [MESSAGE][PASSED] - Text '' is set on object 'Object Repository/IWP30/Page_EmulatorAgencyX/City'

24-10-2024T22:59:39 - [MESSAGE][PASSED] - Text '' is set on object 'Object Repository/IWP30/Page_EmulatorAgencyX/State'

24-10-2024T22:59:39 - [MESSAGE][PASSED] - Text '' is set on object 'Object Repository/IWP30/Page_EmulatorAgencyX/ZIP'

24-10-2024T22:59:40 - [MESSAGE][PASSED] - Text '' is set on object 'Object Repository/IWP30/Page_EmulatorAgencyX/Order'

24-10-2024T22:59:40 - [MESSAGE][PASSED] - Text '' is set on object 'Object Repository/IWP30/Page_EmulatorAgencyX/Company'

24-10-2024T22:59:41 - [MESSAGE][PASSED] - Text '' is set on object 'Object Repository/IWP30/Page_EmulatorAgencyX/Email'

24-10-2024T22:59:41 - [MESSAGE][PASSED] - Text '' is set on object 'Object Repository/IWP30/Page_EmulatorAgencyX/UDF1'

24-10-2024T22:59:42 - [MESSAGE][PASSED] - Text '' is set on object 'Object Repository/IWP30/Page_EmulatorAgencyX/UDF2'

24-10-2024T22:59:43 - [MESSAGE][PASSED] - Text '' is set on object 'Object Repository/IWP30/Page_EmulatorAgencyX/UDF3'

24-10-2024T22:59:43 - [MESSAGE][PASSED] - Text 'udf data 4' is set on object 'Object Repository/IWP30/Page_EmulatorAgencyX/UDF4'

24-10-2024T22:59:44 - [MESSAGE][PASSED] - Text 'udf data 5' is set on object 'Object Repository/IWP30/Page_EmulatorAgencyX/UDF5'

24-10-2024T22:59:44 - [MESSAGE][PASSED] - Text '' is set on object 'Object Repository/IWP30/Page_EmulatorAgencyX/UDF6'

24-10-2024T22:59:45 - [MESSAGE][PASSED] - Text '' is set on object 'Object Repository/IWP30/Page_EmulatorAgencyX/UDF7'

24-10-2024T22:59:46 - [MESSAGE][PASSED] - Text '' is set on object 'Object Repository/IWP30/Page_EmulatorAgencyX/UDF8'

24-10-2024T22:59:46 - [MESSAGE][PASSED] - Text 'udf data 9' is set on object 'Object Repository/IWP30/Page_EmulatorAgencyX/UDF9'

24-10-2024T22:59:47 - [MESSAGE][PASSED] - Text 'udf data 10' is set on object 'Object Repository/IWP30/Page_EmulatorAgencyX/UDF10'

24-10-2024T22:59:48 - [MESSAGE][PASSED] - Object: 'Object Repository/IWP30/Page_EmulatorAgencyX/Submit' is clicked on

24-10-2024T22:59:53 - [MESSAGE][PASSED] - Browser is closed

24-10-2024T22:59:57 - [MESSAGE][PASSED] - iwpPages.emulatorIWP30.setDataEmulator_DD is PASSED

24-10-2024T22:59:57 - [TEST_STEP][PASSED] - testHarnessURL = urlTestHarness: null

24-10-2024T22:59:57 - [TEST_STEP][PASSED] - openBrowser(testHarnessURL): Browser is opened with url: 'https://dev-algorithm.govolution.com/vrelaytest/QA2/version_2_2/vrelaytest.html'

24-10-2024T22:59:57 - [MESSAGE][INFO] - Starting 'Edge Chromium' driver

24-10-2024T22:59:57 - [MESSAGE][INFO] - User set preference: ['acceptInsecureCerts', 'true']

24-10-2024T22:59:59 - [MESSAGE][INFO] - Action delay is set to 0 milliseconds

24-10-2024T23:00:02 - [MESSAGE][PASSED] - Browser is opened with url: 'https://dev-algorithm.govolution.com/vrelaytest/QA2/version_2_2/vrelaytest.html'

24-10-2024T23:00:02 - [TEST_STEP][PASSED] - maximizeWindow(): Current window maximized

24-10-2024T23:00:02 - [MESSAGE][PASSED] - Current window maximized

24-10-2024T23:00:02 - [TEST_STEP][PASSED] - iwpPages.TestHarnessPage.setDataMethod(row, dataFile): iwpPages.TestHarnessPage.setDataMethod is PASSED

24-10-2024T23:00:03 - [MESSAGE][PASSED] - Object 'Object Repository/IWP30/Page_QATestHarness/RemittanceID' is present

24-10-2024T23:00:03 - [MESSAGE][PASSED] - Text '649' is set on object 'Object Repository/IWP30/Page_QATestHarness/ApplicationID'

24-10-2024T23:00:04 - [MESSAGE][PASSED] - Text '3.0' is set on object 'Object Repository/IWP30/Page_QATestHarness/MessageVersion'

24-10-2024T23:00:04 - [MESSAGE][PASSED] - Text '5vXUMrd5rIi4' is set on object 'Object Repository/IWP30/Page_QATestHarness/RemittanceID'

24-10-2024T23:00:08 - [MESSAGE][PASSED] - Object: 'Object Repository/IWP30/Page_QATestHarness/SubmitButton' is clicked on

24-10-2024T23:00:08 - [MESSAGE][PASSED] - iwpPages.TestHarnessPage.setDataMethod is PASSED

24-10-2024T23:00:08 - [TEST_STEP][PASSED] - click(findTestObject("Object Repository/IWP30/Page_SelectPaymentMethod/PayByCorporateCheck")): Object: 'Object Repository/IWP30/Page_SelectPaymentMethod/PayByCorporateCheck' is clicked on

24-10-2024T23:00:09 - [MESSAGE][PASSED] - Object: 'Object Repository/IWP30/Page_SelectPaymentMethod/PayByCorporateCheck' is clicked on

24-10-2024T23:00:09 - [TEST_STEP][PASSED] - click(findTestObject("Object Repository/IWP30/Page_SelectPaymentMethod/MakePaymentButton")): Object: 'Object Repository/IWP30/Page_SelectPaymentMethod/MakePaymentButton' is clicked on

24-10-2024T23:00:11 - [MESSAGE][PASSED] - Object: 'Object Repository/IWP30/Page_SelectPaymentMethod/MakePaymentButton' is clicked on

24-10-2024T23:00:11 - [TEST_STEP][PASSED] - iwpPages.achCorporatePaymentEntryPage.setDataCorporate(row, dataFile): iwpPages.achCorporatePaymentEntryPage.setDataCorporate is PASSED

24-10-2024T23:00:12 - [MESSAGE][PASSED] - Object 'Object Repository/IWP30/Page_ACHCorporatePaymentEntry/txt_accountNumber' is present

24-10-2024T23:00:12 - [MESSAGE][PASSED] - Object 'Object Repository/IWP30/Page_ACHCorporatePaymentEntry/input_CompanyName' is present

24-10-2024T23:00:13 - [MESSAGE][PASSED] - Text 'My Company' is set on object 'Object Repository/IWP30/Page_ACHCorporatePaymentEntry/input_CompanyName'

24-10-2024T23:00:13 - [MESSAGE][PASSED] - Object 'Object Repository/IWP30/Page_ACHCorporatePaymentEntry/input_EIN' is present

24-10-2024T23:00:14 - [MESSAGE][PASSED] - Text '10.50' is set on object 'Object Repository/IWP30/Page_ACHCorporatePaymentEntry/txt_Amount'

24-10-2024T23:00:14 - [MESSAGE][PASSED] - Text 'udf data 3' is set on object 'Object Repository/IWP30/Page_ACHCorporatePaymentEntry/txt_UDF3'

24-10-2024T23:00:15 - [MESSAGE][PASSED] - All options with label 'Soccer' are selected in object 'Object Repository/IWP30/Page_ACHCorporatePaymentEntry/dd_UDF8' 

24-10-2024T23:00:15 - [MESSAGE][PASSED] - Object 'Object Repository/IWP30/Page_ACHCorporatePaymentEntry/txt_routingNumber' is present

24-10-2024T23:00:16 - [MESSAGE][PASSED] - Text '256072691' is set on object 'Object Repository/IWP30/Page_ACHCorporatePaymentEntry/txt_routingNumber'

24-10-2024T23:00:16 - [MESSAGE][PASSED] - Object 'Object Repository/IWP30/Page_ACHCorporatePaymentEntry/txt_accountNumber' is present

24-10-2024T23:00:17 - [MESSAGE][PASSED] - Text '12344444' is set on object 'Object Repository/IWP30/Page_ACHCorporatePaymentEntry/txt_accountNumber'

24-10-2024T23:00:17 - [MESSAGE][PASSED] - Object 'Object Repository/IWP30/Page_ACHCorporatePaymentEntry/txt_confirmAccountNumber' is present

24-10-2024T23:00:18 - [MESSAGE][PASSED] - Text '12344444' is set on object 'Object Repository/IWP30/Page_ACHCorporatePaymentEntry/txt_confirmAccountNumber'

24-10-2024T23:00:19 - [MESSAGE][PASSED] - Text '365 Main Avenue' is set on object 'Object Repository/IWP30/Page_ACHCorporatePaymentEntry/txt_AL1'

24-10-2024T23:00:19 - [MESSAGE][PASSED] - Text '22201' is set on object 'Object Repository/IWP30/Page_ACHCorporatePaymentEntry/txt_ZIP'

24-10-2024T23:00:19 - [MESSAGE][PASSED] - Object 'Object Repository/IWP30/Page_ACHCorporatePaymentEntry/txt_Email' is present

24-10-2024T23:00:20 - [MESSAGE][PASSED] - Text 'iahmed@govolution.com' is set on object 'Object Repository/IWP30/Page_ACHCorporatePaymentEntry/txt_Email'

24-10-2024T23:00:21 - [MESSAGE][PASSED] - Object 'Object Repository/IWP30/Page_ACHCorporatePaymentEntry/cb_TermsAndCond' is present

24-10-2024T23:00:21 - [MESSAGE][PASSED] - Object: 'Object Repository/IWP30/Page_ACHCorporatePaymentEntry/cb_TermsAndCond' is clicked on

24-10-2024T23:00:21 - [MESSAGE][PASSED] - Object 'Object Repository/IWP30/Page_ACHCorporatePaymentEntry/btn_Continue' is present

24-10-2024T23:00:22 - [MESSAGE][PASSED] - Object: 'Object Repository/IWP30/Page_ACHCorporatePaymentEntry/btn_Continue' is clicked on

24-10-2024T23:00:22 - [MESSAGE][PASSED] - iwpPages.achCorporatePaymentEntryPage.setDataCorporate is PASSED

24-10-2024T23:00:22 - [TEST_STEP][PASSED] - click(findTestObject("Object Repository/IWP30/Page_Confirmation/ConfirmButton")): Object: 'Object Repository/IWP30/Page_Confirmation/ConfirmButton' is clicked on

24-10-2024T23:00:53 - [MESSAGE][INFO] - Unable to find the element located by 'By.xpath: //*[@type = 'submit' and @name = 'confirmNotifyAction' and @id = 'submitYes' and @value = 'Confirm']'. Please recheck the objects properties to make sure the desired element is located. 

24-10-2024T23:00:53 - [MESSAGE][WARNING] - [SELF-HEALING] Failed to find element with id 'Object Repository/IWP30/Page_Confirmation/ConfirmButton'. Try using Self-healing.

24-10-2024T23:00:54 - [MESSAGE][WARNING] - [SELF-HEALING] The current locator of test object 'Object Repository/IWP30/Page_Confirmation/ConfirmButton' was broken. Propose an alternative one: '//div/input'.

24-10-2024T23:00:55 - [MESSAGE][PASSED] - Object: 'Object Repository/IWP30/Page_Confirmation/ConfirmButton' is clicked on

24-10-2024T23:00:55 - [TEST_STEP][PASSED] - Thread.sleep(10000): null

24-10-2024T23:01:05 - [TEST_STEP][PASSED] - if (verifyTextPresent("Successful Payment Receipt", false)): null

24-10-2024T23:01:06 - [MESSAGE][PASSED] - Text 'Successful Payment Receipt' is present on page 

24-10-2024T23:01:06 - [TEST_STEP][PASSED] - println("Successful Payment Receipt text is present on the Receipt page"): null

24-10-2024T23:01:06 - [TEST_STEP][PASSED] - markPassed("Successful Payment Receipt text is present on the Receipt page"): Successful Payment Receipt text is present on the Receipt page

24-10-2024T23:01:06 - [MESSAGE][PASSED] - Successful Payment Receipt text is present on the Receipt page

24-10-2024T23:01:06 - [TEST_STEP][PASSED] - resText = "Pass": null

24-10-2024T23:01:06 - [TEST_STEP][PASSED] - pages.WriteExcel.demoKey(resText, datText, resColumn, datCloumn, fileLoc, nameSheet, row): pages.WriteExcel.demoKey is PASSED

24-10-2024T23:01:06 - [MESSAGE][PASSED] - pages.WriteExcel.demoKey is PASSED

24-10-2024T23:01:06 - [TEST_STEP][PASSED] - closeBrowser(): Browser is closed

24-10-2024T23:01:06 - [MESSAGE][PASSED] - Browser is closed]]></system-out>
         <system-err><![CDATA[]]></system-err>
      </testcase>
      <testcase name="Test Cases/IntegratedWeb/IWP25/Payments/PayNowCorpSCF" time="546.17" classname="Test Cases/IntegratedWeb/IWP25/Payments/PayNowCorpSCF" status="PASSED">
         <system-out><![CDATA[24-10-2024T23:01:06 - [TEST_CASE][PASSED] - Test Cases/IntegratedWeb/IWP25/Payments/PayNowCorpSCF: Test Cases/IntegratedWeb/IWP25/Payments/PayNowCorpSCF

24-10-2024T23:01:07 - [TEST_STEP][PASSED] - resText = "Fail": null

24-10-2024T23:01:07 - [TEST_STEP][PASSED] - resColumn = "Result": null

24-10-2024T23:01:07 - [TEST_STEP][PASSED] - datCloumn = "Date": null

24-10-2024T23:01:07 - [TEST_STEP][PASSED] - fileLoc = "KatalonData/IWPTestData/VRelay25Payments.xlsx": null

24-10-2024T23:01:07 - [TEST_STEP][PASSED] - numOfRows = <not implemented yet for class: org.codehaus.groovy.ast.expr.EmptyExpression>: null

24-10-2024T23:01:07 - [TEST_STEP][PASSED] - dataFile = <not implemented yet for class: org.codehaus.groovy.ast.expr.EmptyExpression>: null

24-10-2024T23:01:07 - [TEST_STEP][PASSED] - nameSheet = <not implemented yet for class: org.codehaus.groovy.ast.expr.EmptyExpression>: null

24-10-2024T23:01:07 - [TEST_STEP][PASSED] - dataFileEmulator = <not implemented yet for class: org.codehaus.groovy.ast.expr.EmptyExpression>: null

24-10-2024T23:01:07 - [TEST_STEP][PASSED] - isRequiredTextPresent = false: null

24-10-2024T23:01:07 - [TEST_STEP][PASSED] - nameSheet = "PayNowCorpSCF": null

24-10-2024T23:01:07 - [TEST_STEP][PASSED] - dataFile = "IWPTestData/IWP25PayNowCorpSCF": null

24-10-2024T23:01:07 - [TEST_STEP][PASSED] - dataFileEmulator = "IWPTestData/EmulatorData": null

24-10-2024T23:01:07 - [TEST_STEP][PASSED] - numOfRows = findTestData(dataFile).getRowNumbers(): null

24-10-2024T23:01:07 - [TEST_STEP][PASSED] - println("Number of Records: " + numOfRows): null

24-10-2024T23:01:07 - [TEST_STEP][PASSED] - for ([row = 1, row <= numOfRows, (row++)]): Browser is closed

24-10-2024T23:01:07 - [TEST_STEP][PASSED] - ExecuteTC = findTestData(dataFile).getValue("Execute", row): null

24-10-2024T23:01:07 - [TEST_STEP][PASSED] - out.println("Value of Execute is : " + ExecuteTC): null

24-10-2024T23:01:07 - [TEST_STEP][PASSED] - if (ExecuteTC.equalsIgnoreCase("Y")): null

24-10-2024T23:01:07 - [TEST_STEP][PASSED] - out.println("Begin Record Number: " + row): null

24-10-2024T23:01:07 - [TEST_STEP][PASSED] - today = new java.util.Date(): null

24-10-2024T23:01:07 - [TEST_STEP][PASSED] - println(today): null

24-10-2024T23:01:07 - [TEST_STEP][PASSED] - datText = today: null

24-10-2024T23:01:07 - [TEST_STEP][PASSED] - EmulatorDataKey = findTestData(dataFile).getValue("EmulatorData", row): null

24-10-2024T23:01:07 - [TEST_STEP][PASSED] - out.println("Value of Emulator Key is : " + EmulatorDataKey): null

24-10-2024T23:01:07 - [TEST_STEP][PASSED] - iwpPages.emulatorIWP30.setDataEmulator_DD(EmulatorDataKey): iwpPages.emulatorIWP30.setDataEmulator_DD is PASSED

24-10-2024T23:01:07 - [MESSAGE][INFO] - Starting 'Edge Chromium' driver

24-10-2024T23:01:07 - [MESSAGE][INFO] - User set preference: ['acceptInsecureCerts', 'true']

24-10-2024T23:01:09 - [MESSAGE][INFO] - Action delay is set to 0 milliseconds

24-10-2024T23:01:16 - [MESSAGE][PASSED] - Browser is opened with url: 'https://qa2.velocitypayment.com/agencyx/config.action?action=editor&message_version=2_5'

24-10-2024T23:01:16 - [MESSAGE][PASSED] - Current window maximized

24-10-2024T23:01:47 - [MESSAGE][INFO] - Unable to find the element located by 'By.xpath: //select[@name='message_version']'. Please recheck the objects properties to make sure the desired element is located. 

24-10-2024T23:01:47 - [MESSAGE][WARNING] - [SELF-HEALING] Failed to find element with id 'Object Repository/IWP30/Page_VRelay30Emulator/MV'. Try using Self-healing.

24-10-2024T23:01:47 - [MESSAGE][WARNING] - [SELF-HEALING] The current locator of test object 'Object Repository/IWP30/Page_VRelay30Emulator/MV' was broken. Propose an alternative one: '(.//*[normalize-space(text()) and normalize-space(.)='Message Version'])[1]/following::select[1]'.

24-10-2024T23:01:48 - [MESSAGE][PASSED] - All options with value '2.5' are selected in object 'Object Repository/IWP30/Page_VRelay30Emulator/MV'  using regular expression

24-10-2024T23:01:49 - [MESSAGE][PASSED] - Text '10.50' is set on object 'Object Repository/IWP30/Page_EmulatorAgencyX/Amount'

24-10-2024T23:01:49 - [MESSAGE][PASSED] - Text 'OQZr5wLg9xVZ' is set on object 'Object Repository/IWP30/Page_EmulatorAgencyX/CAN'

24-10-2024T23:01:50 - [MESSAGE][PASSED] - Text 'PayNow' is set on object 'Object Repository/IWP30/Page_EmulatorAgencyX/Action'

24-10-2024T23:01:50 - [MESSAGE][PASSED] - Text 'en_US' is set on object 'Object Repository/IWP30/Page_EmulatorAgencyX/Lang'

24-10-2024T23:01:51 - [MESSAGE][PASSED] - Text '' is set on object 'Object Repository/IWP30/Page_EmulatorAgencyX/Fname'

24-10-2024T23:01:52 - [MESSAGE][PASSED] - Text '' is set on object 'Object Repository/IWP30/Page_EmulatorAgencyX/Lname'

24-10-2024T23:01:52 - [MESSAGE][PASSED] - Text '' is set on object 'Object Repository/IWP30/Page_EmulatorAgencyX/AL1'

24-10-2024T23:01:53 - [MESSAGE][PASSED] - Text '' is set on object 'Object Repository/IWP30/Page_EmulatorAgencyX/AL2'

24-10-2024T23:01:53 - [MESSAGE][PASSED] - Text '' is set on object 'Object Repository/IWP30/Page_EmulatorAgencyX/Country'

24-10-2024T23:01:54 - [MESSAGE][PASSED] - Text '' is set on object 'Object Repository/IWP30/Page_EmulatorAgencyX/City'

24-10-2024T23:01:54 - [MESSAGE][PASSED] - Text '' is set on object 'Object Repository/IWP30/Page_EmulatorAgencyX/State'

24-10-2024T23:01:55 - [MESSAGE][PASSED] - Text '' is set on object 'Object Repository/IWP30/Page_EmulatorAgencyX/ZIP'

24-10-2024T23:01:56 - [MESSAGE][PASSED] - Text '' is set on object 'Object Repository/IWP30/Page_EmulatorAgencyX/Order'

24-10-2024T23:01:56 - [MESSAGE][PASSED] - Text '' is set on object 'Object Repository/IWP30/Page_EmulatorAgencyX/Company'

24-10-2024T23:01:57 - [MESSAGE][PASSED] - Text '' is set on object 'Object Repository/IWP30/Page_EmulatorAgencyX/Email'

24-10-2024T23:01:57 - [MESSAGE][PASSED] - Text '' is set on object 'Object Repository/IWP30/Page_EmulatorAgencyX/UDF1'

24-10-2024T23:01:58 - [MESSAGE][PASSED] - Text '' is set on object 'Object Repository/IWP30/Page_EmulatorAgencyX/UDF2'

24-10-2024T23:01:58 - [MESSAGE][PASSED] - Text '' is set on object 'Object Repository/IWP30/Page_EmulatorAgencyX/UDF3'

24-10-2024T23:01:59 - [MESSAGE][PASSED] - Text 'udf data 4' is set on object 'Object Repository/IWP30/Page_EmulatorAgencyX/UDF4'

24-10-2024T23:02:00 - [MESSAGE][PASSED] - Text 'udf data 5' is set on object 'Object Repository/IWP30/Page_EmulatorAgencyX/UDF5'

24-10-2024T23:02:00 - [MESSAGE][PASSED] - Text '' is set on object 'Object Repository/IWP30/Page_EmulatorAgencyX/UDF6'

24-10-2024T23:02:01 - [MESSAGE][PASSED] - Text '' is set on object 'Object Repository/IWP30/Page_EmulatorAgencyX/UDF7'

24-10-2024T23:02:01 - [MESSAGE][PASSED] - Text '' is set on object 'Object Repository/IWP30/Page_EmulatorAgencyX/UDF8'

24-10-2024T23:02:02 - [MESSAGE][PASSED] - Text 'udf data 9' is set on object 'Object Repository/IWP30/Page_EmulatorAgencyX/UDF9'

24-10-2024T23:02:03 - [MESSAGE][PASSED] - Text 'udf data 10' is set on object 'Object Repository/IWP30/Page_EmulatorAgencyX/UDF10'

24-10-2024T23:02:04 - [MESSAGE][PASSED] - Object: 'Object Repository/IWP30/Page_EmulatorAgencyX/Submit' is clicked on

24-10-2024T23:02:08 - [MESSAGE][PASSED] - Browser is closed

24-10-2024T23:02:12 - [MESSAGE][PASSED] - iwpPages.emulatorIWP30.setDataEmulator_DD is PASSED

24-10-2024T23:02:12 - [TEST_STEP][PASSED] - testHarnessURL = urlTestHarness: null

24-10-2024T23:02:12 - [TEST_STEP][PASSED] - openBrowser(testHarnessURL): Browser is opened with url: 'https://dev-algorithm.govolution.com/vrelaytest/QA2/version_2_2/vrelaytest.html'

24-10-2024T23:02:12 - [MESSAGE][INFO] - Starting 'Edge Chromium' driver

24-10-2024T23:02:12 - [MESSAGE][INFO] - User set preference: ['acceptInsecureCerts', 'true']

24-10-2024T23:02:15 - [MESSAGE][INFO] - Action delay is set to 0 milliseconds

24-10-2024T23:02:18 - [MESSAGE][PASSED] - Browser is opened with url: 'https://dev-algorithm.govolution.com/vrelaytest/QA2/version_2_2/vrelaytest.html'

24-10-2024T23:02:18 - [TEST_STEP][PASSED] - maximizeWindow(): Current window maximized

24-10-2024T23:02:18 - [MESSAGE][PASSED] - Current window maximized

24-10-2024T23:02:18 - [TEST_STEP][PASSED] - iwpPages.TestHarnessPage.setDataMethod(row, dataFile): iwpPages.TestHarnessPage.setDataMethod is PASSED

24-10-2024T23:02:19 - [MESSAGE][PASSED] - Object 'Object Repository/IWP30/Page_QATestHarness/RemittanceID' is present

24-10-2024T23:02:19 - [MESSAGE][PASSED] - Text '639' is set on object 'Object Repository/IWP30/Page_QATestHarness/ApplicationID'

24-10-2024T23:02:20 - [MESSAGE][PASSED] - Text '2.5' is set on object 'Object Repository/IWP30/Page_QATestHarness/MessageVersion'

24-10-2024T23:02:21 - [MESSAGE][PASSED] - Text 'SV6zUJWG8SHl' is set on object 'Object Repository/IWP30/Page_QATestHarness/RemittanceID'

24-10-2024T23:02:25 - [MESSAGE][PASSED] - Object: 'Object Repository/IWP30/Page_QATestHarness/SubmitButton' is clicked on

24-10-2024T23:02:25 - [MESSAGE][PASSED] - iwpPages.TestHarnessPage.setDataMethod is PASSED

24-10-2024T23:02:25 - [TEST_STEP][PASSED] - click(findTestObject("Object Repository/IWP30/Page_SelectPaymentMethod/PayByCorporateCheck")): Object: 'Object Repository/IWP30/Page_SelectPaymentMethod/PayByCorporateCheck' is clicked on

24-10-2024T23:02:25 - [MESSAGE][PASSED] - Object: 'Object Repository/IWP30/Page_SelectPaymentMethod/PayByCorporateCheck' is clicked on

24-10-2024T23:02:25 - [TEST_STEP][PASSED] - click(findTestObject("Object Repository/IWP30/Page_SelectPaymentMethod/MakePaymentButton")): Object: 'Object Repository/IWP30/Page_SelectPaymentMethod/MakePaymentButton' is clicked on

24-10-2024T23:02:28 - [MESSAGE][PASSED] - Object: 'Object Repository/IWP30/Page_SelectPaymentMethod/MakePaymentButton' is clicked on

24-10-2024T23:02:28 - [TEST_STEP][PASSED] - iwpPages.achCorporatePaymentEntryPage.setDataCorporate(row, dataFile): iwpPages.achCorporatePaymentEntryPage.setDataCorporate is PASSED

24-10-2024T23:02:29 - [MESSAGE][PASSED] - Object 'Object Repository/IWP30/Page_ACHCorporatePaymentEntry/txt_accountNumber' is present

24-10-2024T23:02:29 - [MESSAGE][PASSED] - Object 'Object Repository/IWP30/Page_ACHCorporatePaymentEntry/input_CompanyName' is present

24-10-2024T23:02:30 - [MESSAGE][PASSED] - Text 'My Company' is set on object 'Object Repository/IWP30/Page_ACHCorporatePaymentEntry/input_CompanyName'

24-10-2024T23:02:30 - [MESSAGE][PASSED] - Object 'Object Repository/IWP30/Page_ACHCorporatePaymentEntry/input_EIN' is present

24-10-2024T23:02:31 - [MESSAGE][PASSED] - Text '123456789' is set on object 'Object Repository/IWP30/Page_ACHCorporatePaymentEntry/input_EIN'

24-10-2024T23:02:31 - [MESSAGE][PASSED] - Text '10.50' is set on object 'Object Repository/IWP30/Page_ACHCorporatePaymentEntry/txt_Amount'

24-10-2024T23:02:32 - [MESSAGE][PASSED] - Text 'udf data 2' is set on object 'Object Repository/IWP30/Page_ACHCorporatePaymentEntry/txt_UDF2'

24-10-2024T23:02:32 - [MESSAGE][PASSED] - Text 'udf data 3' is set on object 'Object Repository/IWP30/Page_ACHCorporatePaymentEntry/txt_UDF3'

24-10-2024T23:02:33 - [MESSAGE][PASSED] - All options with label 'Orange' are selected in object 'Object Repository/IWP30/Page_ACHCorporatePaymentEntry/dd_UDF7' 

24-10-2024T23:02:33 - [MESSAGE][PASSED] - All options with label 'Soccer' are selected in object 'Object Repository/IWP30/Page_ACHCorporatePaymentEntry/dd_UDF8' 

24-10-2024T23:02:34 - [MESSAGE][PASSED] - Object 'Object Repository/IWP30/Page_ACHCorporatePaymentEntry/txt_routingNumber' is present

24-10-2024T23:02:34 - [MESSAGE][PASSED] - Text '256072691' is set on object 'Object Repository/IWP30/Page_ACHCorporatePaymentEntry/txt_routingNumber'

24-10-2024T23:02:35 - [MESSAGE][PASSED] - Object 'Object Repository/IWP30/Page_ACHCorporatePaymentEntry/txt_accountNumber' is present

24-10-2024T23:02:36 - [MESSAGE][PASSED] - Text '12344444' is set on object 'Object Repository/IWP30/Page_ACHCorporatePaymentEntry/txt_accountNumber'

24-10-2024T23:02:36 - [MESSAGE][PASSED] - Object 'Object Repository/IWP30/Page_ACHCorporatePaymentEntry/txt_confirmAccountNumber' is present

24-10-2024T23:02:37 - [MESSAGE][PASSED] - Text '12344444' is set on object 'Object Repository/IWP30/Page_ACHCorporatePaymentEntry/txt_confirmAccountNumber'

24-10-2024T23:02:38 - [MESSAGE][PASSED] - Text '365 Main Avenue' is set on object 'Object Repository/IWP30/Page_ACHCorporatePaymentEntry/txt_AL1'

24-10-2024T23:02:38 - [MESSAGE][PASSED] - Text '22201' is set on object 'Object Repository/IWP30/Page_ACHCorporatePaymentEntry/txt_ZIP'

24-10-2024T23:02:39 - [MESSAGE][PASSED] - Object 'Object Repository/IWP30/Page_ACHCorporatePaymentEntry/txt_Email' is present

24-10-2024T23:02:40 - [MESSAGE][PASSED] - Text 'iahmed@govolution.com' is set on object 'Object Repository/IWP30/Page_ACHCorporatePaymentEntry/txt_Email'

24-10-2024T23:02:40 - [MESSAGE][PASSED] - Object 'Object Repository/IWP30/Page_ACHCorporatePaymentEntry/cb_TermsAndCond' is present

24-10-2024T23:02:41 - [MESSAGE][PASSED] - Object: 'Object Repository/IWP30/Page_ACHCorporatePaymentEntry/cb_TermsAndCond' is clicked on

24-10-2024T23:02:41 - [MESSAGE][PASSED] - Object 'Object Repository/IWP30/Page_ACHCorporatePaymentEntry/btn_Continue' is present

24-10-2024T23:02:42 - [MESSAGE][PASSED] - Object: 'Object Repository/IWP30/Page_ACHCorporatePaymentEntry/btn_Continue' is clicked on

24-10-2024T23:02:42 - [MESSAGE][PASSED] - iwpPages.achCorporatePaymentEntryPage.setDataCorporate is PASSED

24-10-2024T23:02:42 - [TEST_STEP][PASSED] - click(findTestObject("Object Repository/IWP30/Page_Confirmation/ConfirmButton")): Object: 'Object Repository/IWP30/Page_Confirmation/ConfirmButton' is clicked on

24-10-2024T23:02:44 - [MESSAGE][PASSED] - Object: 'Object Repository/IWP30/Page_Confirmation/ConfirmButton' is clicked on

24-10-2024T23:02:44 - [TEST_STEP][PASSED] - Thread.sleep(5000): null

24-10-2024T23:02:49 - [TEST_STEP][PASSED] - if (verifyTextPresent("Make a Real Estate Payment", false)): null

24-10-2024T23:02:49 - [MESSAGE][PASSED] - Text 'Make a Real Estate Payment' is present on page 

24-10-2024T23:02:49 - [TEST_STEP][PASSED] - isRequiredTextPresent = true: null

24-10-2024T23:02:49 - [TEST_STEP][PASSED] - println(isRequiredTextPresent): null

24-10-2024T23:02:49 - [TEST_STEP][PASSED] - if (isRequiredTextPresent): null

24-10-2024T23:02:49 - [TEST_STEP][PASSED] - if (verifyTextPresent("This transaction is subject to a Convenience Fees of $2.00.", false)): null

24-10-2024T23:02:50 - [MESSAGE][PASSED] - Text 'This transaction is subject to a Convenience Fees of $2.00.' is present on page 

24-10-2024T23:02:50 - [TEST_STEP][PASSED] - isRequiredTextPresent = true: null

24-10-2024T23:02:50 - [TEST_STEP][PASSED] - println(isRequiredTextPresent): null

24-10-2024T23:02:50 - [TEST_STEP][PASSED] - if (isRequiredTextPresent): null

24-10-2024T23:02:50 - [TEST_STEP][PASSED] - if (verifyTextPresent("Payment Amount:  $10.50", false)): null

24-10-2024T23:02:50 - [MESSAGE][PASSED] - Text 'Payment Amount:  $10.50' is present on page 

24-10-2024T23:02:50 - [TEST_STEP][PASSED] - isRequiredTextPresent = true: null

24-10-2024T23:02:50 - [TEST_STEP][PASSED] - if (isRequiredTextPresent): null

24-10-2024T23:02:50 - [TEST_STEP][PASSED] - if (verifyTextPresent("Convenience Fees:  $2.00", false)): null

24-10-2024T23:02:50 - [MESSAGE][PASSED] - Text 'Convenience Fees:  $2.00' is present on page 

24-10-2024T23:02:50 - [TEST_STEP][PASSED] - isRequiredTextPresent = true: null

24-10-2024T23:02:50 - [TEST_STEP][PASSED] - if (isRequiredTextPresent): null

24-10-2024T23:02:50 - [TEST_STEP][PASSED] - if (verifyTextPresent("Total Amount:  $12.50", false)): null

24-10-2024T23:02:50 - [MESSAGE][PASSED] - Text 'Total Amount:  $12.50' is present on page 

24-10-2024T23:02:50 - [TEST_STEP][PASSED] - isRequiredTextPresent = true: null

24-10-2024T23:02:50 - [TEST_STEP][PASSED] - if (isRequiredTextPresent): null

24-10-2024T23:02:50 - [TEST_STEP][PASSED] - if (verifyTextPresent("One transaction in the amount of $12.50 will appear on your bank statement.", false)): null

24-10-2024T23:02:51 - [MESSAGE][PASSED] - Text 'One transaction in the amount of $12.50 will appear on your bank statement.' is present on page 

24-10-2024T23:02:51 - [TEST_STEP][PASSED] - isRequiredTextPresent = true: null

24-10-2024T23:02:51 - [TEST_STEP][PASSED] - Thread.sleep(10000): null

24-10-2024T23:03:01 - [TEST_STEP][PASSED] - click(findTestObject("Object Repository/IWP30/Page_ConvenienceFees/btn_convFeeNotifyAction")): Object: 'Object Repository/IWP30/Page_ConvenienceFees/btn_convFeeNotifyAction' is clicked on

24-10-2024T23:03:03 - [MESSAGE][PASSED] - Object: 'Object Repository/IWP30/Page_ConvenienceFees/btn_convFeeNotifyAction' is clicked on

24-10-2024T23:03:03 - [TEST_STEP][PASSED] - Thread.sleep(10000): null

24-10-2024T23:03:13 - [TEST_STEP][PASSED] - if (verifyTextPresent("Successful Payment Receipt", false)): null

24-10-2024T23:03:13 - [MESSAGE][PASSED] - Text 'Successful Payment Receipt' is present on page 

24-10-2024T23:03:13 - [TEST_STEP][PASSED] - println("Successful Payment Receipt text is present on the Receipt page"): null

24-10-2024T23:03:13 - [TEST_STEP][PASSED] - markPassed("Successful Payment Receipt text is present on the Receipt page"): Successful Payment Receipt text is present on the Receipt page

24-10-2024T23:03:13 - [MESSAGE][PASSED] - Successful Payment Receipt text is present on the Receipt page

24-10-2024T23:03:13 - [TEST_STEP][PASSED] - resText = "Pass": null

24-10-2024T23:03:13 - [TEST_STEP][PASSED] - pages.WriteExcel.demoKey(resText, datText, resColumn, datCloumn, fileLoc, nameSheet, row): pages.WriteExcel.demoKey is PASSED

24-10-2024T23:03:13 - [MESSAGE][PASSED] - pages.WriteExcel.demoKey is PASSED

24-10-2024T23:03:13 - [TEST_STEP][PASSED] - closeBrowser(): Browser is closed

24-10-2024T23:03:14 - [MESSAGE][PASSED] - Browser is closed

24-10-2024T23:03:14 - [TEST_STEP][PASSED] - ExecuteTC = findTestData(dataFile).getValue("Execute", row): null

24-10-2024T23:03:14 - [TEST_STEP][PASSED] - out.println("Value of Execute is : " + ExecuteTC): null

24-10-2024T23:03:14 - [TEST_STEP][PASSED] - if (ExecuteTC.equalsIgnoreCase("Y")): null

24-10-2024T23:03:14 - [TEST_STEP][PASSED] - out.println("Begin Record Number: " + row): null

24-10-2024T23:03:14 - [TEST_STEP][PASSED] - today = new java.util.Date(): null

24-10-2024T23:03:14 - [TEST_STEP][PASSED] - println(today): null

24-10-2024T23:03:14 - [TEST_STEP][PASSED] - datText = today: null

24-10-2024T23:03:14 - [TEST_STEP][PASSED] - EmulatorDataKey = findTestData(dataFile).getValue("EmulatorData", row): null

24-10-2024T23:03:14 - [TEST_STEP][PASSED] - out.println("Value of Emulator Key is : " + EmulatorDataKey): null

24-10-2024T23:03:14 - [TEST_STEP][PASSED] - iwpPages.emulatorIWP30.setDataEmulator_DD(EmulatorDataKey): iwpPages.emulatorIWP30.setDataEmulator_DD is PASSED

24-10-2024T23:03:14 - [MESSAGE][INFO] - Starting 'Edge Chromium' driver

24-10-2024T23:03:14 - [MESSAGE][INFO] - User set preference: ['acceptInsecureCerts', 'true']

24-10-2024T23:03:16 - [MESSAGE][INFO] - Action delay is set to 0 milliseconds

24-10-2024T23:03:20 - [MESSAGE][PASSED] - Browser is opened with url: 'https://qa2.velocitypayment.com/agencyx/config.action?action=editor&message_version=2_5'

24-10-2024T23:03:20 - [MESSAGE][PASSED] - Current window maximized

24-10-2024T23:03:51 - [MESSAGE][INFO] - Unable to find the element located by 'By.xpath: //select[@name='message_version']'. Please recheck the objects properties to make sure the desired element is located. 

24-10-2024T23:03:51 - [MESSAGE][WARNING] - [SELF-HEALING] Failed to find element with id 'Object Repository/IWP30/Page_VRelay30Emulator/MV'. Try using Self-healing.

24-10-2024T23:03:51 - [MESSAGE][WARNING] - [SELF-HEALING] The current locator of test object 'Object Repository/IWP30/Page_VRelay30Emulator/MV' was broken. Propose an alternative one: '(.//*[normalize-space(text()) and normalize-space(.)='Message Version'])[1]/following::select[1]'.

24-10-2024T23:03:52 - [MESSAGE][PASSED] - All options with value '2.5' are selected in object 'Object Repository/IWP30/Page_VRelay30Emulator/MV'  using regular expression

24-10-2024T23:03:53 - [MESSAGE][PASSED] - Text '10.50' is set on object 'Object Repository/IWP30/Page_EmulatorAgencyX/Amount'

24-10-2024T23:03:53 - [MESSAGE][PASSED] - Text 'vchOXSnj4jZf' is set on object 'Object Repository/IWP30/Page_EmulatorAgencyX/CAN'

24-10-2024T23:03:54 - [MESSAGE][PASSED] - Text 'PayNow' is set on object 'Object Repository/IWP30/Page_EmulatorAgencyX/Action'

24-10-2024T23:03:54 - [MESSAGE][PASSED] - Text 'en_US' is set on object 'Object Repository/IWP30/Page_EmulatorAgencyX/Lang'

24-10-2024T23:03:55 - [MESSAGE][PASSED] - Text 'Jasmine' is set on object 'Object Repository/IWP30/Page_EmulatorAgencyX/Fname'

24-10-2024T23:03:56 - [MESSAGE][PASSED] - Text 'Patrinol' is set on object 'Object Repository/IWP30/Page_EmulatorAgencyX/Lname'

24-10-2024T23:03:56 - [MESSAGE][PASSED] - Text '258 Underwood rd' is set on object 'Object Repository/IWP30/Page_EmulatorAgencyX/AL1'

24-10-2024T23:03:57 - [MESSAGE][PASSED] - Text 'Suite 600' is set on object 'Object Repository/IWP30/Page_EmulatorAgencyX/AL2'

24-10-2024T23:03:57 - [MESSAGE][PASSED] - Text '840' is set on object 'Object Repository/IWP30/Page_EmulatorAgencyX/Country'

24-10-2024T23:03:58 - [MESSAGE][PASSED] - Text 'Arlington' is set on object 'Object Repository/IWP30/Page_EmulatorAgencyX/City'

24-10-2024T23:03:58 - [MESSAGE][PASSED] - Text 'VA' is set on object 'Object Repository/IWP30/Page_EmulatorAgencyX/State'

24-10-2024T23:03:59 - [MESSAGE][PASSED] - Text '22201' is set on object 'Object Repository/IWP30/Page_EmulatorAgencyX/ZIP'

24-10-2024T23:04:00 - [MESSAGE][PASSED] - Text '' is set on object 'Object Repository/IWP30/Page_EmulatorAgencyX/Order'

24-10-2024T23:04:00 - [MESSAGE][PASSED] - Text 'Some Company' is set on object 'Object Repository/IWP30/Page_EmulatorAgencyX/Company'

24-10-2024T23:04:01 - [MESSAGE][PASSED] - Text 'iahmed@govolution.com' is set on object 'Object Repository/IWP30/Page_EmulatorAgencyX/Email'

24-10-2024T23:04:02 - [MESSAGE][PASSED] - Text 'udf data 1' is set on object 'Object Repository/IWP30/Page_EmulatorAgencyX/UDF1'

24-10-2024T23:04:02 - [MESSAGE][PASSED] - Text 'udf data 2' is set on object 'Object Repository/IWP30/Page_EmulatorAgencyX/UDF2'

24-10-2024T23:04:03 - [MESSAGE][PASSED] - Text 'udf data 3' is set on object 'Object Repository/IWP30/Page_EmulatorAgencyX/UDF3'

24-10-2024T23:04:03 - [MESSAGE][PASSED] - Text 'udf data 4' is set on object 'Object Repository/IWP30/Page_EmulatorAgencyX/UDF4'

24-10-2024T23:04:04 - [MESSAGE][PASSED] - Text 'udf data 5' is set on object 'Object Repository/IWP30/Page_EmulatorAgencyX/UDF5'

24-10-2024T23:04:04 - [MESSAGE][PASSED] - Text 'udf data 6' is set on object 'Object Repository/IWP30/Page_EmulatorAgencyX/UDF6'

24-10-2024T23:04:05 - [MESSAGE][PASSED] - Text 'Orange' is set on object 'Object Repository/IWP30/Page_EmulatorAgencyX/UDF7'

24-10-2024T23:04:06 - [MESSAGE][PASSED] - Text 'Soccer' is set on object 'Object Repository/IWP30/Page_EmulatorAgencyX/UDF8'

24-10-2024T23:04:06 - [MESSAGE][PASSED] - Text 'udf data 9' is set on object 'Object Repository/IWP30/Page_EmulatorAgencyX/UDF9'

24-10-2024T23:04:07 - [MESSAGE][PASSED] - Text 'udf data 10' is set on object 'Object Repository/IWP30/Page_EmulatorAgencyX/UDF10'

24-10-2024T23:04:08 - [MESSAGE][PASSED] - Object: 'Object Repository/IWP30/Page_EmulatorAgencyX/Submit' is clicked on

24-10-2024T23:04:13 - [MESSAGE][PASSED] - Browser is closed

24-10-2024T23:04:17 - [MESSAGE][PASSED] - iwpPages.emulatorIWP30.setDataEmulator_DD is PASSED

24-10-2024T23:04:17 - [TEST_STEP][PASSED] - testHarnessURL = urlTestHarness: null

24-10-2024T23:04:17 - [TEST_STEP][PASSED] - openBrowser(testHarnessURL): Browser is opened with url: 'https://dev-algorithm.govolution.com/vrelaytest/QA2/version_2_2/vrelaytest.html'

24-10-2024T23:04:17 - [MESSAGE][INFO] - Starting 'Edge Chromium' driver

24-10-2024T23:04:17 - [MESSAGE][INFO] - User set preference: ['acceptInsecureCerts', 'true']

24-10-2024T23:04:19 - [MESSAGE][INFO] - Action delay is set to 0 milliseconds

24-10-2024T23:04:22 - [MESSAGE][PASSED] - Browser is opened with url: 'https://dev-algorithm.govolution.com/vrelaytest/QA2/version_2_2/vrelaytest.html'

24-10-2024T23:04:22 - [TEST_STEP][PASSED] - maximizeWindow(): Current window maximized

24-10-2024T23:04:23 - [MESSAGE][PASSED] - Current window maximized

24-10-2024T23:04:23 - [TEST_STEP][PASSED] - iwpPages.TestHarnessPage.setDataMethod(row, dataFile): iwpPages.TestHarnessPage.setDataMethod is PASSED

24-10-2024T23:04:23 - [MESSAGE][PASSED] - Object 'Object Repository/IWP30/Page_QATestHarness/RemittanceID' is present

24-10-2024T23:04:24 - [MESSAGE][PASSED] - Text '639' is set on object 'Object Repository/IWP30/Page_QATestHarness/ApplicationID'

24-10-2024T23:04:24 - [MESSAGE][PASSED] - Text '2.5' is set on object 'Object Repository/IWP30/Page_QATestHarness/MessageVersion'

24-10-2024T23:04:25 - [MESSAGE][PASSED] - Text 'jWiqaB5Lw4zU' is set on object 'Object Repository/IWP30/Page_QATestHarness/RemittanceID'

24-10-2024T23:04:29 - [MESSAGE][PASSED] - Object: 'Object Repository/IWP30/Page_QATestHarness/SubmitButton' is clicked on

24-10-2024T23:04:29 - [MESSAGE][PASSED] - iwpPages.TestHarnessPage.setDataMethod is PASSED

24-10-2024T23:04:29 - [TEST_STEP][PASSED] - click(findTestObject("Object Repository/IWP30/Page_SelectPaymentMethod/PayByCorporateCheck")): Object: 'Object Repository/IWP30/Page_SelectPaymentMethod/PayByCorporateCheck' is clicked on

24-10-2024T23:04:29 - [MESSAGE][PASSED] - Object: 'Object Repository/IWP30/Page_SelectPaymentMethod/PayByCorporateCheck' is clicked on

24-10-2024T23:04:29 - [TEST_STEP][PASSED] - click(findTestObject("Object Repository/IWP30/Page_SelectPaymentMethod/MakePaymentButton")): Object: 'Object Repository/IWP30/Page_SelectPaymentMethod/MakePaymentButton' is clicked on

24-10-2024T23:04:32 - [MESSAGE][PASSED] - Object: 'Object Repository/IWP30/Page_SelectPaymentMethod/MakePaymentButton' is clicked on

24-10-2024T23:04:32 - [TEST_STEP][PASSED] - iwpPages.achCorporatePaymentEntryPage.setDataCorporate(row, dataFile): iwpPages.achCorporatePaymentEntryPage.setDataCorporate is PASSED

24-10-2024T23:04:33 - [MESSAGE][PASSED] - Object 'Object Repository/IWP30/Page_ACHCorporatePaymentEntry/txt_accountNumber' is present

24-10-2024T23:04:33 - [MESSAGE][PASSED] - Object 'Object Repository/IWP30/Page_ACHCorporatePaymentEntry/input_CompanyName' is present

24-10-2024T23:04:33 - [MESSAGE][PASSED] - Object 'Object Repository/IWP30/Page_ACHCorporatePaymentEntry/input_EIN' is present

24-10-2024T23:04:34 - [MESSAGE][PASSED] - Text '123456789' is set on object 'Object Repository/IWP30/Page_ACHCorporatePaymentEntry/input_EIN'

24-10-2024T23:04:35 - [MESSAGE][PASSED] - All options with label 'Soccer' are selected in object 'Object Repository/IWP30/Page_ACHCorporatePaymentEntry/dd_UDF8' 

24-10-2024T23:04:35 - [MESSAGE][PASSED] - Object 'Object Repository/IWP30/Page_ACHCorporatePaymentEntry/txt_routingNumber' is present

24-10-2024T23:04:35 - [MESSAGE][PASSED] - Text '256072691' is set on object 'Object Repository/IWP30/Page_ACHCorporatePaymentEntry/txt_routingNumber'

24-10-2024T23:04:36 - [MESSAGE][PASSED] - Object 'Object Repository/IWP30/Page_ACHCorporatePaymentEntry/txt_accountNumber' is present

24-10-2024T23:04:37 - [MESSAGE][PASSED] - Text '12344444' is set on object 'Object Repository/IWP30/Page_ACHCorporatePaymentEntry/txt_accountNumber'

24-10-2024T23:04:37 - [MESSAGE][PASSED] - Object 'Object Repository/IWP30/Page_ACHCorporatePaymentEntry/txt_confirmAccountNumber' is present

24-10-2024T23:04:38 - [MESSAGE][PASSED] - Text '12344444' is set on object 'Object Repository/IWP30/Page_ACHCorporatePaymentEntry/txt_confirmAccountNumber'

24-10-2024T23:04:38 - [MESSAGE][PASSED] - Object 'Object Repository/IWP30/Page_ACHCorporatePaymentEntry/txt_Email' is present

24-10-2024T23:04:38 - [MESSAGE][PASSED] - Object 'Object Repository/IWP30/Page_ACHCorporatePaymentEntry/cb_TermsAndCond' is present

24-10-2024T23:04:38 - [MESSAGE][PASSED] - Object: 'Object Repository/IWP30/Page_ACHCorporatePaymentEntry/cb_TermsAndCond' is clicked on

24-10-2024T23:04:39 - [MESSAGE][PASSED] - Object 'Object Repository/IWP30/Page_ACHCorporatePaymentEntry/btn_Continue' is present

24-10-2024T23:04:40 - [MESSAGE][PASSED] - Object: 'Object Repository/IWP30/Page_ACHCorporatePaymentEntry/btn_Continue' is clicked on

24-10-2024T23:04:40 - [MESSAGE][PASSED] - iwpPages.achCorporatePaymentEntryPage.setDataCorporate is PASSED

24-10-2024T23:04:40 - [TEST_STEP][PASSED] - click(findTestObject("Object Repository/IWP30/Page_Confirmation/ConfirmButton")): Object: 'Object Repository/IWP30/Page_Confirmation/ConfirmButton' is clicked on

24-10-2024T23:04:42 - [MESSAGE][PASSED] - Object: 'Object Repository/IWP30/Page_Confirmation/ConfirmButton' is clicked on

24-10-2024T23:04:42 - [TEST_STEP][PASSED] - Thread.sleep(5000): null

24-10-2024T23:04:47 - [TEST_STEP][PASSED] - if (verifyTextPresent("Make a Real Estate Payment", false)): null

24-10-2024T23:04:47 - [MESSAGE][PASSED] - Text 'Make a Real Estate Payment' is present on page 

24-10-2024T23:04:47 - [TEST_STEP][PASSED] - isRequiredTextPresent = true: null

24-10-2024T23:04:47 - [TEST_STEP][PASSED] - println(isRequiredTextPresent): null

24-10-2024T23:04:47 - [TEST_STEP][PASSED] - if (isRequiredTextPresent): null

24-10-2024T23:04:47 - [TEST_STEP][PASSED] - if (verifyTextPresent("This transaction is subject to a Convenience Fees of $2.00.", false)): null

24-10-2024T23:04:47 - [MESSAGE][PASSED] - Text 'This transaction is subject to a Convenience Fees of $2.00.' is present on page 

24-10-2024T23:04:47 - [TEST_STEP][PASSED] - isRequiredTextPresent = true: null

24-10-2024T23:04:47 - [TEST_STEP][PASSED] - println(isRequiredTextPresent): null

24-10-2024T23:04:47 - [TEST_STEP][PASSED] - if (isRequiredTextPresent): null

24-10-2024T23:04:47 - [TEST_STEP][PASSED] - if (verifyTextPresent("Payment Amount:  $10.50", false)): null

24-10-2024T23:04:48 - [MESSAGE][PASSED] - Text 'Payment Amount:  $10.50' is present on page 

24-10-2024T23:04:48 - [TEST_STEP][PASSED] - isRequiredTextPresent = true: null

24-10-2024T23:04:48 - [TEST_STEP][PASSED] - if (isRequiredTextPresent): null

24-10-2024T23:04:48 - [TEST_STEP][PASSED] - if (verifyTextPresent("Convenience Fees:  $2.00", false)): null

24-10-2024T23:04:48 - [MESSAGE][PASSED] - Text 'Convenience Fees:  $2.00' is present on page 

24-10-2024T23:04:48 - [TEST_STEP][PASSED] - isRequiredTextPresent = true: null

24-10-2024T23:04:48 - [TEST_STEP][PASSED] - if (isRequiredTextPresent): null

24-10-2024T23:04:48 - [TEST_STEP][PASSED] - if (verifyTextPresent("Total Amount:  $12.50", false)): null

24-10-2024T23:04:48 - [MESSAGE][PASSED] - Text 'Total Amount:  $12.50' is present on page 

24-10-2024T23:04:48 - [TEST_STEP][PASSED] - isRequiredTextPresent = true: null

24-10-2024T23:04:48 - [TEST_STEP][PASSED] - if (isRequiredTextPresent): null

24-10-2024T23:04:48 - [TEST_STEP][PASSED] - if (verifyTextPresent("One transaction in the amount of $12.50 will appear on your bank statement.", false)): null

24-10-2024T23:04:48 - [MESSAGE][PASSED] - Text 'One transaction in the amount of $12.50 will appear on your bank statement.' is present on page 

24-10-2024T23:04:48 - [TEST_STEP][PASSED] - isRequiredTextPresent = true: null

24-10-2024T23:04:48 - [TEST_STEP][PASSED] - Thread.sleep(10000): null

24-10-2024T23:04:58 - [TEST_STEP][PASSED] - click(findTestObject("Object Repository/IWP30/Page_ConvenienceFees/btn_convFeeNotifyAction")): Object: 'Object Repository/IWP30/Page_ConvenienceFees/btn_convFeeNotifyAction' is clicked on

24-10-2024T23:05:01 - [MESSAGE][PASSED] - Object: 'Object Repository/IWP30/Page_ConvenienceFees/btn_convFeeNotifyAction' is clicked on

24-10-2024T23:05:01 - [TEST_STEP][PASSED] - Thread.sleep(10000): null

24-10-2024T23:05:11 - [TEST_STEP][PASSED] - if (verifyTextPresent("Successful Payment Receipt", false)): null

24-10-2024T23:05:11 - [MESSAGE][PASSED] - Text 'Successful Payment Receipt' is present on page 

24-10-2024T23:05:11 - [TEST_STEP][PASSED] - println("Successful Payment Receipt text is present on the Receipt page"): null

24-10-2024T23:05:11 - [TEST_STEP][PASSED] - markPassed("Successful Payment Receipt text is present on the Receipt page"): Successful Payment Receipt text is present on the Receipt page

24-10-2024T23:05:11 - [MESSAGE][PASSED] - Successful Payment Receipt text is present on the Receipt page

24-10-2024T23:05:11 - [TEST_STEP][PASSED] - resText = "Pass": null

24-10-2024T23:05:11 - [TEST_STEP][PASSED] - pages.WriteExcel.demoKey(resText, datText, resColumn, datCloumn, fileLoc, nameSheet, row): pages.WriteExcel.demoKey is PASSED

24-10-2024T23:05:11 - [MESSAGE][PASSED] - pages.WriteExcel.demoKey is PASSED

24-10-2024T23:05:11 - [TEST_STEP][PASSED] - closeBrowser(): Browser is closed

24-10-2024T23:05:11 - [MESSAGE][PASSED] - Browser is closed

24-10-2024T23:05:11 - [TEST_STEP][PASSED] - ExecuteTC = findTestData(dataFile).getValue("Execute", row): null

24-10-2024T23:05:11 - [TEST_STEP][PASSED] - out.println("Value of Execute is : " + ExecuteTC): null

24-10-2024T23:05:11 - [TEST_STEP][PASSED] - if (ExecuteTC.equalsIgnoreCase("Y")): null

24-10-2024T23:05:11 - [TEST_STEP][PASSED] - out.println("Begin Record Number: " + row): null

24-10-2024T23:05:11 - [TEST_STEP][PASSED] - today = new java.util.Date(): null

24-10-2024T23:05:11 - [TEST_STEP][PASSED] - println(today): null

24-10-2024T23:05:11 - [TEST_STEP][PASSED] - datText = today: null

24-10-2024T23:05:11 - [TEST_STEP][PASSED] - EmulatorDataKey = findTestData(dataFile).getValue("EmulatorData", row): null

24-10-2024T23:05:12 - [TEST_STEP][PASSED] - out.println("Value of Emulator Key is : " + EmulatorDataKey): null

24-10-2024T23:05:12 - [TEST_STEP][PASSED] - iwpPages.emulatorIWP30.setDataEmulator_DD(EmulatorDataKey): iwpPages.emulatorIWP30.setDataEmulator_DD is PASSED

24-10-2024T23:05:12 - [MESSAGE][INFO] - Starting 'Edge Chromium' driver

24-10-2024T23:05:12 - [MESSAGE][INFO] - User set preference: ['acceptInsecureCerts', 'true']

24-10-2024T23:05:14 - [MESSAGE][INFO] - Action delay is set to 0 milliseconds

24-10-2024T23:05:18 - [MESSAGE][PASSED] - Browser is opened with url: 'https://qa2.velocitypayment.com/agencyx/config.action?action=editor&message_version=3_0'

24-10-2024T23:05:18 - [MESSAGE][PASSED] - Current window maximized

24-10-2024T23:05:49 - [MESSAGE][INFO] - Unable to find the element located by 'By.xpath: //select[@name='message_version']'. Please recheck the objects properties to make sure the desired element is located. 

24-10-2024T23:05:49 - [MESSAGE][WARNING] - [SELF-HEALING] Failed to find element with id 'Object Repository/IWP30/Page_VRelay30Emulator/MV'. Try using Self-healing.

24-10-2024T23:05:49 - [MESSAGE][WARNING] - [SELF-HEALING] The current locator of test object 'Object Repository/IWP30/Page_VRelay30Emulator/MV' was broken. Propose an alternative one: '(.//*[normalize-space(text()) and normalize-space(.)='Message Version'])[1]/following::select[1]'.

24-10-2024T23:05:50 - [MESSAGE][PASSED] - All options with value '3.0' are selected in object 'Object Repository/IWP30/Page_VRelay30Emulator/MV'  using regular expression

24-10-2024T23:05:50 - [MESSAGE][PASSED] - Text '10.50' is set on object 'Object Repository/IWP30/Page_EmulatorAgencyX/Amount'

24-10-2024T23:05:51 - [MESSAGE][PASSED] - Text 'VJUiKGZu4Tcj' is set on object 'Object Repository/IWP30/Page_EmulatorAgencyX/CAN'

24-10-2024T23:05:52 - [MESSAGE][PASSED] - Text 'PayNow' is set on object 'Object Repository/IWP30/Page_EmulatorAgencyX/Action'

24-10-2024T23:05:52 - [MESSAGE][PASSED] - Text 'en_US' is set on object 'Object Repository/IWP30/Page_EmulatorAgencyX/Lang'

24-10-2024T23:05:53 - [MESSAGE][PASSED] - Text '' is set on object 'Object Repository/IWP30/Page_EmulatorAgencyX/Fname'

24-10-2024T23:05:53 - [MESSAGE][PASSED] - Text '' is set on object 'Object Repository/IWP30/Page_EmulatorAgencyX/Lname'

24-10-2024T23:05:54 - [MESSAGE][PASSED] - Text '' is set on object 'Object Repository/IWP30/Page_EmulatorAgencyX/AL1'

24-10-2024T23:05:55 - [MESSAGE][PASSED] - Text '' is set on object 'Object Repository/IWP30/Page_EmulatorAgencyX/AL2'

24-10-2024T23:05:55 - [MESSAGE][PASSED] - Text '' is set on object 'Object Repository/IWP30/Page_EmulatorAgencyX/Country'

24-10-2024T23:05:56 - [MESSAGE][PASSED] - Text '' is set on object 'Object Repository/IWP30/Page_EmulatorAgencyX/City'

24-10-2024T23:05:56 - [MESSAGE][PASSED] - Text '' is set on object 'Object Repository/IWP30/Page_EmulatorAgencyX/State'

24-10-2024T23:05:57 - [MESSAGE][PASSED] - Text '' is set on object 'Object Repository/IWP30/Page_EmulatorAgencyX/ZIP'

24-10-2024T23:05:57 - [MESSAGE][PASSED] - Text '' is set on object 'Object Repository/IWP30/Page_EmulatorAgencyX/Order'

24-10-2024T23:05:58 - [MESSAGE][PASSED] - Text '' is set on object 'Object Repository/IWP30/Page_EmulatorAgencyX/Company'

24-10-2024T23:05:59 - [MESSAGE][PASSED] - Text '' is set on object 'Object Repository/IWP30/Page_EmulatorAgencyX/Email'

24-10-2024T23:05:59 - [MESSAGE][PASSED] - Text '' is set on object 'Object Repository/IWP30/Page_EmulatorAgencyX/UDF1'

24-10-2024T23:06:00 - [MESSAGE][PASSED] - Text '' is set on object 'Object Repository/IWP30/Page_EmulatorAgencyX/UDF2'

24-10-2024T23:06:00 - [MESSAGE][PASSED] - Text '' is set on object 'Object Repository/IWP30/Page_EmulatorAgencyX/UDF3'

24-10-2024T23:06:01 - [MESSAGE][PASSED] - Text 'udf data 4' is set on object 'Object Repository/IWP30/Page_EmulatorAgencyX/UDF4'

24-10-2024T23:06:01 - [MESSAGE][PASSED] - Text 'udf data 5' is set on object 'Object Repository/IWP30/Page_EmulatorAgencyX/UDF5'

24-10-2024T23:06:02 - [MESSAGE][PASSED] - Text '' is set on object 'Object Repository/IWP30/Page_EmulatorAgencyX/UDF6'

24-10-2024T23:06:03 - [MESSAGE][PASSED] - Text '' is set on object 'Object Repository/IWP30/Page_EmulatorAgencyX/UDF7'

24-10-2024T23:06:03 - [MESSAGE][PASSED] - Text '' is set on object 'Object Repository/IWP30/Page_EmulatorAgencyX/UDF8'

24-10-2024T23:06:04 - [MESSAGE][PASSED] - Text 'udf data 9' is set on object 'Object Repository/IWP30/Page_EmulatorAgencyX/UDF9'

24-10-2024T23:06:04 - [MESSAGE][PASSED] - Text 'udf data 10' is set on object 'Object Repository/IWP30/Page_EmulatorAgencyX/UDF10'

24-10-2024T23:06:06 - [MESSAGE][PASSED] - Object: 'Object Repository/IWP30/Page_EmulatorAgencyX/Submit' is clicked on

24-10-2024T23:06:10 - [MESSAGE][PASSED] - Browser is closed

24-10-2024T23:06:14 - [MESSAGE][PASSED] - iwpPages.emulatorIWP30.setDataEmulator_DD is PASSED

24-10-2024T23:06:14 - [TEST_STEP][PASSED] - testHarnessURL = urlTestHarness: null

24-10-2024T23:06:14 - [TEST_STEP][PASSED] - openBrowser(testHarnessURL): Browser is opened with url: 'https://dev-algorithm.govolution.com/vrelaytest/QA2/version_2_2/vrelaytest.html'

24-10-2024T23:06:14 - [MESSAGE][INFO] - Starting 'Edge Chromium' driver

24-10-2024T23:06:14 - [MESSAGE][INFO] - User set preference: ['acceptInsecureCerts', 'true']

24-10-2024T23:06:16 - [MESSAGE][INFO] - Action delay is set to 0 milliseconds

24-10-2024T23:06:20 - [MESSAGE][PASSED] - Browser is opened with url: 'https://dev-algorithm.govolution.com/vrelaytest/QA2/version_2_2/vrelaytest.html'

24-10-2024T23:06:20 - [TEST_STEP][PASSED] - maximizeWindow(): Current window maximized

24-10-2024T23:06:20 - [MESSAGE][PASSED] - Current window maximized

24-10-2024T23:06:20 - [TEST_STEP][PASSED] - iwpPages.TestHarnessPage.setDataMethod(row, dataFile): iwpPages.TestHarnessPage.setDataMethod is PASSED

24-10-2024T23:06:20 - [MESSAGE][PASSED] - Object 'Object Repository/IWP30/Page_QATestHarness/RemittanceID' is present

24-10-2024T23:06:21 - [MESSAGE][PASSED] - Text '650' is set on object 'Object Repository/IWP30/Page_QATestHarness/ApplicationID'

24-10-2024T23:06:21 - [MESSAGE][PASSED] - Text '3.0' is set on object 'Object Repository/IWP30/Page_QATestHarness/MessageVersion'

24-10-2024T23:06:22 - [MESSAGE][PASSED] - Text 'B9lmxhLFoDuR' is set on object 'Object Repository/IWP30/Page_QATestHarness/RemittanceID'

24-10-2024T23:06:25 - [MESSAGE][PASSED] - Object: 'Object Repository/IWP30/Page_QATestHarness/SubmitButton' is clicked on

24-10-2024T23:06:25 - [MESSAGE][PASSED] - iwpPages.TestHarnessPage.setDataMethod is PASSED

24-10-2024T23:06:25 - [TEST_STEP][PASSED] - click(findTestObject("Object Repository/IWP30/Page_SelectPaymentMethod/PayByCorporateCheck")): Object: 'Object Repository/IWP30/Page_SelectPaymentMethod/PayByCorporateCheck' is clicked on

24-10-2024T23:06:26 - [MESSAGE][PASSED] - Object: 'Object Repository/IWP30/Page_SelectPaymentMethod/PayByCorporateCheck' is clicked on

24-10-2024T23:06:26 - [TEST_STEP][PASSED] - click(findTestObject("Object Repository/IWP30/Page_SelectPaymentMethod/MakePaymentButton")): Object: 'Object Repository/IWP30/Page_SelectPaymentMethod/MakePaymentButton' is clicked on

24-10-2024T23:06:28 - [MESSAGE][PASSED] - Object: 'Object Repository/IWP30/Page_SelectPaymentMethod/MakePaymentButton' is clicked on

24-10-2024T23:06:28 - [TEST_STEP][PASSED] - iwpPages.achCorporatePaymentEntryPage.setDataCorporate(row, dataFile): iwpPages.achCorporatePaymentEntryPage.setDataCorporate is PASSED

24-10-2024T23:06:29 - [MESSAGE][PASSED] - Object 'Object Repository/IWP30/Page_ACHCorporatePaymentEntry/txt_accountNumber' is present

24-10-2024T23:06:30 - [MESSAGE][PASSED] - Object 'Object Repository/IWP30/Page_ACHCorporatePaymentEntry/input_CompanyName' is present

24-10-2024T23:06:30 - [MESSAGE][PASSED] - Text 'My Company' is set on object 'Object Repository/IWP30/Page_ACHCorporatePaymentEntry/input_CompanyName'

24-10-2024T23:06:30 - [MESSAGE][PASSED] - Object 'Object Repository/IWP30/Page_ACHCorporatePaymentEntry/input_EIN' is present

24-10-2024T23:06:31 - [MESSAGE][PASSED] - Text '123456789' is set on object 'Object Repository/IWP30/Page_ACHCorporatePaymentEntry/input_EIN'

24-10-2024T23:06:32 - [MESSAGE][PASSED] - Text '10.50' is set on object 'Object Repository/IWP30/Page_ACHCorporatePaymentEntry/txt_Amount'

24-10-2024T23:06:32 - [MESSAGE][PASSED] - Text 'udf data 2' is set on object 'Object Repository/IWP30/Page_ACHCorporatePaymentEntry/txt_UDF2'

24-10-2024T23:06:33 - [MESSAGE][PASSED] - Text 'udf data 3' is set on object 'Object Repository/IWP30/Page_ACHCorporatePaymentEntry/txt_UDF3'

24-10-2024T23:06:33 - [MESSAGE][PASSED] - All options with label 'Orange' are selected in object 'Object Repository/IWP30/Page_ACHCorporatePaymentEntry/dd_UDF7' 

24-10-2024T23:06:34 - [MESSAGE][PASSED] - All options with label 'Soccer' are selected in object 'Object Repository/IWP30/Page_ACHCorporatePaymentEntry/dd_UDF8' 

24-10-2024T23:06:34 - [MESSAGE][PASSED] - Object 'Object Repository/IWP30/Page_ACHCorporatePaymentEntry/txt_routingNumber' is present

24-10-2024T23:06:35 - [MESSAGE][PASSED] - Text '256072691' is set on object 'Object Repository/IWP30/Page_ACHCorporatePaymentEntry/txt_routingNumber'

24-10-2024T23:06:35 - [MESSAGE][PASSED] - Object 'Object Repository/IWP30/Page_ACHCorporatePaymentEntry/txt_accountNumber' is present

24-10-2024T23:06:36 - [MESSAGE][PASSED] - Text '12344444' is set on object 'Object Repository/IWP30/Page_ACHCorporatePaymentEntry/txt_accountNumber'

24-10-2024T23:06:36 - [MESSAGE][PASSED] - Object 'Object Repository/IWP30/Page_ACHCorporatePaymentEntry/txt_confirmAccountNumber' is present

24-10-2024T23:06:37 - [MESSAGE][PASSED] - Text '12344444' is set on object 'Object Repository/IWP30/Page_ACHCorporatePaymentEntry/txt_confirmAccountNumber'

24-10-2024T23:06:37 - [MESSAGE][PASSED] - Text '365 Main Avenue' is set on object 'Object Repository/IWP30/Page_ACHCorporatePaymentEntry/txt_AL1'

24-10-2024T23:06:38 - [MESSAGE][PASSED] - Text '22201' is set on object 'Object Repository/IWP30/Page_ACHCorporatePaymentEntry/txt_ZIP'

24-10-2024T23:06:38 - [MESSAGE][PASSED] - Object 'Object Repository/IWP30/Page_ACHCorporatePaymentEntry/txt_Email' is present

24-10-2024T23:06:39 - [MESSAGE][PASSED] - Text 'iahmed@govolution.com' is set on object 'Object Repository/IWP30/Page_ACHCorporatePaymentEntry/txt_Email'

24-10-2024T23:06:40 - [MESSAGE][PASSED] - Object 'Object Repository/IWP30/Page_ACHCorporatePaymentEntry/cb_TermsAndCond' is present

24-10-2024T23:06:40 - [MESSAGE][PASSED] - Object: 'Object Repository/IWP30/Page_ACHCorporatePaymentEntry/cb_TermsAndCond' is clicked on

24-10-2024T23:06:40 - [MESSAGE][PASSED] - Object 'Object Repository/IWP30/Page_ACHCorporatePaymentEntry/btn_Continue' is present

24-10-2024T23:06:41 - [MESSAGE][PASSED] - Object: 'Object Repository/IWP30/Page_ACHCorporatePaymentEntry/btn_Continue' is clicked on

24-10-2024T23:06:41 - [MESSAGE][PASSED] - iwpPages.achCorporatePaymentEntryPage.setDataCorporate is PASSED

24-10-2024T23:06:41 - [TEST_STEP][PASSED] - click(findTestObject("Object Repository/IWP30/Page_Confirmation/ConfirmButton")): Object: 'Object Repository/IWP30/Page_Confirmation/ConfirmButton' is clicked on

24-10-2024T23:07:13 - [MESSAGE][INFO] - Unable to find the element located by 'By.xpath: //*[@type = 'submit' and @name = 'confirmNotifyAction' and @id = 'submitYes' and @value = 'Confirm']'. Please recheck the objects properties to make sure the desired element is located. 

24-10-2024T23:07:13 - [MESSAGE][WARNING] - [SELF-HEALING] Failed to find element with id 'Object Repository/IWP30/Page_Confirmation/ConfirmButton'. Try using Self-healing.

24-10-2024T23:07:13 - [MESSAGE][WARNING] - [SELF-HEALING] The current locator of test object 'Object Repository/IWP30/Page_Confirmation/ConfirmButton' was broken. Propose an alternative one: '//div/input'.

24-10-2024T23:07:14 - [MESSAGE][PASSED] - Object: 'Object Repository/IWP30/Page_Confirmation/ConfirmButton' is clicked on

24-10-2024T23:07:14 - [TEST_STEP][PASSED] - Thread.sleep(5000): null

24-10-2024T23:07:19 - [TEST_STEP][PASSED] - if (verifyTextPresent("Make a Real Estate Payment", false)): null

24-10-2024T23:07:20 - [MESSAGE][PASSED] - Text 'Make a Real Estate Payment' is present on page 

24-10-2024T23:07:20 - [TEST_STEP][PASSED] - isRequiredTextPresent = true: null

24-10-2024T23:07:20 - [TEST_STEP][PASSED] - println(isRequiredTextPresent): null

24-10-2024T23:07:20 - [TEST_STEP][PASSED] - if (isRequiredTextPresent): null

24-10-2024T23:07:20 - [TEST_STEP][PASSED] - if (verifyTextPresent("This transaction is subject to a Convenience Fees of $2.00.", false)): null

24-10-2024T23:07:20 - [MESSAGE][PASSED] - Text 'This transaction is subject to a Convenience Fees of $2.00.' is present on page 

24-10-2024T23:07:20 - [TEST_STEP][PASSED] - isRequiredTextPresent = true: null

24-10-2024T23:07:20 - [TEST_STEP][PASSED] - println(isRequiredTextPresent): null

24-10-2024T23:07:20 - [TEST_STEP][PASSED] - if (isRequiredTextPresent): null

24-10-2024T23:07:20 - [TEST_STEP][PASSED] - if (verifyTextPresent("Payment Amount:  $10.50", false)): null

24-10-2024T23:07:20 - [MESSAGE][PASSED] - Text 'Payment Amount:  $10.50' is present on page 

24-10-2024T23:07:20 - [TEST_STEP][PASSED] - isRequiredTextPresent = true: null

24-10-2024T23:07:20 - [TEST_STEP][PASSED] - if (isRequiredTextPresent): null

24-10-2024T23:07:20 - [TEST_STEP][PASSED] - if (verifyTextPresent("Convenience Fees:  $2.00", false)): null

24-10-2024T23:07:21 - [MESSAGE][PASSED] - Text 'Convenience Fees:  $2.00' is present on page 

24-10-2024T23:07:21 - [TEST_STEP][PASSED] - isRequiredTextPresent = true: null

24-10-2024T23:07:21 - [TEST_STEP][PASSED] - if (isRequiredTextPresent): null

24-10-2024T23:07:21 - [TEST_STEP][PASSED] - if (verifyTextPresent("Total Amount:  $12.50", false)): null

24-10-2024T23:07:21 - [MESSAGE][PASSED] - Text 'Total Amount:  $12.50' is present on page 

24-10-2024T23:07:21 - [TEST_STEP][PASSED] - isRequiredTextPresent = true: null

24-10-2024T23:07:21 - [TEST_STEP][PASSED] - if (isRequiredTextPresent): null

24-10-2024T23:07:21 - [TEST_STEP][PASSED] - if (verifyTextPresent("One transaction in the amount of $12.50 will appear on your bank statement.", false)): null

24-10-2024T23:07:21 - [MESSAGE][PASSED] - Text 'One transaction in the amount of $12.50 will appear on your bank statement.' is present on page 

24-10-2024T23:07:21 - [TEST_STEP][PASSED] - isRequiredTextPresent = true: null

24-10-2024T23:07:21 - [TEST_STEP][PASSED] - Thread.sleep(10000): null

24-10-2024T23:07:31 - [TEST_STEP][PASSED] - click(findTestObject("Object Repository/IWP30/Page_ConvenienceFees/btn_convFeeNotifyAction")): Object: 'Object Repository/IWP30/Page_ConvenienceFees/btn_convFeeNotifyAction' is clicked on

24-10-2024T23:07:33 - [MESSAGE][PASSED] - Object: 'Object Repository/IWP30/Page_ConvenienceFees/btn_convFeeNotifyAction' is clicked on

24-10-2024T23:07:33 - [TEST_STEP][PASSED] - Thread.sleep(10000): null

24-10-2024T23:07:43 - [TEST_STEP][PASSED] - if (verifyTextPresent("Successful Payment Receipt", false)): null

24-10-2024T23:07:43 - [MESSAGE][PASSED] - Text 'Successful Payment Receipt' is present on page 

24-10-2024T23:07:43 - [TEST_STEP][PASSED] - println("Successful Payment Receipt text is present on the Receipt page"): null

24-10-2024T23:07:43 - [TEST_STEP][PASSED] - markPassed("Successful Payment Receipt text is present on the Receipt page"): Successful Payment Receipt text is present on the Receipt page

24-10-2024T23:07:43 - [MESSAGE][PASSED] - Successful Payment Receipt text is present on the Receipt page

24-10-2024T23:07:43 - [TEST_STEP][PASSED] - resText = "Pass": null

24-10-2024T23:07:43 - [TEST_STEP][PASSED] - pages.WriteExcel.demoKey(resText, datText, resColumn, datCloumn, fileLoc, nameSheet, row): pages.WriteExcel.demoKey is PASSED

24-10-2024T23:07:43 - [MESSAGE][PASSED] - pages.WriteExcel.demoKey is PASSED

24-10-2024T23:07:43 - [TEST_STEP][PASSED] - closeBrowser(): Browser is closed

24-10-2024T23:07:44 - [MESSAGE][PASSED] - Browser is closed

24-10-2024T23:07:44 - [TEST_STEP][PASSED] - ExecuteTC = findTestData(dataFile).getValue("Execute", row): null

24-10-2024T23:07:44 - [TEST_STEP][PASSED] - out.println("Value of Execute is : " + ExecuteTC): null

24-10-2024T23:07:44 - [TEST_STEP][PASSED] - if (ExecuteTC.equalsIgnoreCase("Y")): null

24-10-2024T23:07:44 - [TEST_STEP][PASSED] - out.println("Begin Record Number: " + row): null

24-10-2024T23:07:44 - [TEST_STEP][PASSED] - today = new java.util.Date(): null

24-10-2024T23:07:44 - [TEST_STEP][PASSED] - println(today): null

24-10-2024T23:07:44 - [TEST_STEP][PASSED] - datText = today: null

24-10-2024T23:07:44 - [TEST_STEP][PASSED] - EmulatorDataKey = findTestData(dataFile).getValue("EmulatorData", row): null

24-10-2024T23:07:44 - [TEST_STEP][PASSED] - out.println("Value of Emulator Key is : " + EmulatorDataKey): null

24-10-2024T23:07:44 - [TEST_STEP][PASSED] - iwpPages.emulatorIWP30.setDataEmulator_DD(EmulatorDataKey): iwpPages.emulatorIWP30.setDataEmulator_DD is PASSED

24-10-2024T23:07:44 - [MESSAGE][INFO] - Starting 'Edge Chromium' driver

24-10-2024T23:07:44 - [MESSAGE][INFO] - User set preference: ['acceptInsecureCerts', 'true']

24-10-2024T23:07:46 - [MESSAGE][INFO] - Action delay is set to 0 milliseconds

24-10-2024T23:07:50 - [MESSAGE][PASSED] - Browser is opened with url: 'https://qa2.velocitypayment.com/agencyx/config.action?action=editor&message_version=3_0'

24-10-2024T23:07:50 - [MESSAGE][PASSED] - Current window maximized

24-10-2024T23:08:21 - [MESSAGE][INFO] - Unable to find the element located by 'By.xpath: //select[@name='message_version']'. Please recheck the objects properties to make sure the desired element is located. 

24-10-2024T23:08:21 - [MESSAGE][WARNING] - [SELF-HEALING] Failed to find element with id 'Object Repository/IWP30/Page_VRelay30Emulator/MV'. Try using Self-healing.

24-10-2024T23:08:21 - [MESSAGE][WARNING] - [SELF-HEALING] The current locator of test object 'Object Repository/IWP30/Page_VRelay30Emulator/MV' was broken. Propose an alternative one: '(.//*[normalize-space(text()) and normalize-space(.)='Message Version'])[1]/following::select[1]'.

24-10-2024T23:08:22 - [MESSAGE][PASSED] - All options with value '3.0' are selected in object 'Object Repository/IWP30/Page_VRelay30Emulator/MV'  using regular expression

24-10-2024T23:08:23 - [MESSAGE][PASSED] - Text '10.50' is set on object 'Object Repository/IWP30/Page_EmulatorAgencyX/Amount'

24-10-2024T23:08:23 - [MESSAGE][PASSED] - Text 'BGF7jrV8JWv2' is set on object 'Object Repository/IWP30/Page_EmulatorAgencyX/CAN'

24-10-2024T23:08:24 - [MESSAGE][PASSED] - Text 'PayNow' is set on object 'Object Repository/IWP30/Page_EmulatorAgencyX/Action'

24-10-2024T23:08:25 - [MESSAGE][PASSED] - Text 'en_US' is set on object 'Object Repository/IWP30/Page_EmulatorAgencyX/Lang'

24-10-2024T23:08:25 - [MESSAGE][PASSED] - Text 'Jasmine' is set on object 'Object Repository/IWP30/Page_EmulatorAgencyX/Fname'

24-10-2024T23:08:26 - [MESSAGE][PASSED] - Text 'Patrinol' is set on object 'Object Repository/IWP30/Page_EmulatorAgencyX/Lname'

24-10-2024T23:08:26 - [MESSAGE][PASSED] - Text '258 Underwood rd' is set on object 'Object Repository/IWP30/Page_EmulatorAgencyX/AL1'

24-10-2024T23:08:27 - [MESSAGE][PASSED] - Text 'Suite 600' is set on object 'Object Repository/IWP30/Page_EmulatorAgencyX/AL2'

24-10-2024T23:08:28 - [MESSAGE][PASSED] - Text '840' is set on object 'Object Repository/IWP30/Page_EmulatorAgencyX/Country'

24-10-2024T23:08:28 - [MESSAGE][PASSED] - Text 'Arlington' is set on object 'Object Repository/IWP30/Page_EmulatorAgencyX/City'

24-10-2024T23:08:29 - [MESSAGE][PASSED] - Text 'VA' is set on object 'Object Repository/IWP30/Page_EmulatorAgencyX/State'

24-10-2024T23:08:29 - [MESSAGE][PASSED] - Text '22201' is set on object 'Object Repository/IWP30/Page_EmulatorAgencyX/ZIP'

24-10-2024T23:08:30 - [MESSAGE][PASSED] - Text '' is set on object 'Object Repository/IWP30/Page_EmulatorAgencyX/Order'

24-10-2024T23:08:31 - [MESSAGE][PASSED] - Text 'Some Company' is set on object 'Object Repository/IWP30/Page_EmulatorAgencyX/Company'

24-10-2024T23:08:31 - [MESSAGE][PASSED] - Text 'iahmed@govolution.com' is set on object 'Object Repository/IWP30/Page_EmulatorAgencyX/Email'

24-10-2024T23:08:32 - [MESSAGE][PASSED] - Text 'udf data 1' is set on object 'Object Repository/IWP30/Page_EmulatorAgencyX/UDF1'

24-10-2024T23:08:32 - [MESSAGE][PASSED] - Text 'udf data 2' is set on object 'Object Repository/IWP30/Page_EmulatorAgencyX/UDF2'

24-10-2024T23:08:33 - [MESSAGE][PASSED] - Text 'udf data 3' is set on object 'Object Repository/IWP30/Page_EmulatorAgencyX/UDF3'

24-10-2024T23:08:34 - [MESSAGE][PASSED] - Text 'udf data 4' is set on object 'Object Repository/IWP30/Page_EmulatorAgencyX/UDF4'

24-10-2024T23:08:34 - [MESSAGE][PASSED] - Text 'udf data 5' is set on object 'Object Repository/IWP30/Page_EmulatorAgencyX/UDF5'

24-10-2024T23:08:35 - [MESSAGE][PASSED] - Text 'udf data 6' is set on object 'Object Repository/IWP30/Page_EmulatorAgencyX/UDF6'

24-10-2024T23:08:35 - [MESSAGE][PASSED] - Text 'Orange' is set on object 'Object Repository/IWP30/Page_EmulatorAgencyX/UDF7'

24-10-2024T23:08:36 - [MESSAGE][PASSED] - Text 'Soccer' is set on object 'Object Repository/IWP30/Page_EmulatorAgencyX/UDF8'

24-10-2024T23:08:37 - [MESSAGE][PASSED] - Text 'udf data 9' is set on object 'Object Repository/IWP30/Page_EmulatorAgencyX/UDF9'

24-10-2024T23:08:37 - [MESSAGE][PASSED] - Text 'udf data 10' is set on object 'Object Repository/IWP30/Page_EmulatorAgencyX/UDF10'

24-10-2024T23:08:39 - [MESSAGE][PASSED] - Object: 'Object Repository/IWP30/Page_EmulatorAgencyX/Submit' is clicked on

24-10-2024T23:08:43 - [MESSAGE][PASSED] - Browser is closed

24-10-2024T23:08:47 - [MESSAGE][PASSED] - iwpPages.emulatorIWP30.setDataEmulator_DD is PASSED

24-10-2024T23:08:47 - [TEST_STEP][PASSED] - testHarnessURL = urlTestHarness: null

24-10-2024T23:08:47 - [TEST_STEP][PASSED] - openBrowser(testHarnessURL): Browser is opened with url: 'https://dev-algorithm.govolution.com/vrelaytest/QA2/version_2_2/vrelaytest.html'

24-10-2024T23:08:47 - [MESSAGE][INFO] - Starting 'Edge Chromium' driver

24-10-2024T23:08:47 - [MESSAGE][INFO] - User set preference: ['acceptInsecureCerts', 'true']

24-10-2024T23:08:49 - [MESSAGE][INFO] - Action delay is set to 0 milliseconds

24-10-2024T23:08:53 - [MESSAGE][PASSED] - Browser is opened with url: 'https://dev-algorithm.govolution.com/vrelaytest/QA2/version_2_2/vrelaytest.html'

24-10-2024T23:08:53 - [TEST_STEP][PASSED] - maximizeWindow(): Current window maximized

24-10-2024T23:08:53 - [MESSAGE][PASSED] - Current window maximized

24-10-2024T23:08:53 - [TEST_STEP][PASSED] - iwpPages.TestHarnessPage.setDataMethod(row, dataFile): iwpPages.TestHarnessPage.setDataMethod is PASSED

24-10-2024T23:08:53 - [MESSAGE][PASSED] - Object 'Object Repository/IWP30/Page_QATestHarness/RemittanceID' is present

24-10-2024T23:08:54 - [MESSAGE][PASSED] - Text '650' is set on object 'Object Repository/IWP30/Page_QATestHarness/ApplicationID'

24-10-2024T23:08:55 - [MESSAGE][PASSED] - Text '3.0' is set on object 'Object Repository/IWP30/Page_QATestHarness/MessageVersion'

24-10-2024T23:08:55 - [MESSAGE][PASSED] - Text 'pKdpH5V6Wfsr' is set on object 'Object Repository/IWP30/Page_QATestHarness/RemittanceID'

24-10-2024T23:08:59 - [MESSAGE][PASSED] - Object: 'Object Repository/IWP30/Page_QATestHarness/SubmitButton' is clicked on

24-10-2024T23:08:59 - [MESSAGE][PASSED] - iwpPages.TestHarnessPage.setDataMethod is PASSED

24-10-2024T23:08:59 - [TEST_STEP][PASSED] - click(findTestObject("Object Repository/IWP30/Page_SelectPaymentMethod/PayByCorporateCheck")): Object: 'Object Repository/IWP30/Page_SelectPaymentMethod/PayByCorporateCheck' is clicked on

24-10-2024T23:08:59 - [MESSAGE][PASSED] - Object: 'Object Repository/IWP30/Page_SelectPaymentMethod/PayByCorporateCheck' is clicked on

24-10-2024T23:08:59 - [TEST_STEP][PASSED] - click(findTestObject("Object Repository/IWP30/Page_SelectPaymentMethod/MakePaymentButton")): Object: 'Object Repository/IWP30/Page_SelectPaymentMethod/MakePaymentButton' is clicked on

24-10-2024T23:09:02 - [MESSAGE][PASSED] - Object: 'Object Repository/IWP30/Page_SelectPaymentMethod/MakePaymentButton' is clicked on

24-10-2024T23:09:02 - [TEST_STEP][PASSED] - iwpPages.achCorporatePaymentEntryPage.setDataCorporate(row, dataFile): iwpPages.achCorporatePaymentEntryPage.setDataCorporate is PASSED

24-10-2024T23:09:03 - [MESSAGE][PASSED] - Object 'Object Repository/IWP30/Page_ACHCorporatePaymentEntry/txt_accountNumber' is present

24-10-2024T23:09:03 - [MESSAGE][PASSED] - Object 'Object Repository/IWP30/Page_ACHCorporatePaymentEntry/input_CompanyName' is present

24-10-2024T23:09:04 - [MESSAGE][PASSED] - Object 'Object Repository/IWP30/Page_ACHCorporatePaymentEntry/input_EIN' is present

24-10-2024T23:09:04 - [MESSAGE][PASSED] - Text '123456789' is set on object 'Object Repository/IWP30/Page_ACHCorporatePaymentEntry/input_EIN'

24-10-2024T23:09:05 - [MESSAGE][PASSED] - All options with label 'Soccer' are selected in object 'Object Repository/IWP30/Page_ACHCorporatePaymentEntry/dd_UDF8' 

24-10-2024T23:09:05 - [MESSAGE][PASSED] - Object 'Object Repository/IWP30/Page_ACHCorporatePaymentEntry/txt_routingNumber' is present

24-10-2024T23:09:06 - [MESSAGE][PASSED] - Text '256072691' is set on object 'Object Repository/IWP30/Page_ACHCorporatePaymentEntry/txt_routingNumber'

24-10-2024T23:09:06 - [MESSAGE][PASSED] - Object 'Object Repository/IWP30/Page_ACHCorporatePaymentEntry/txt_accountNumber' is present

24-10-2024T23:09:07 - [MESSAGE][PASSED] - Text '12344444' is set on object 'Object Repository/IWP30/Page_ACHCorporatePaymentEntry/txt_accountNumber'

24-10-2024T23:09:07 - [MESSAGE][PASSED] - Object 'Object Repository/IWP30/Page_ACHCorporatePaymentEntry/txt_confirmAccountNumber' is present

24-10-2024T23:09:08 - [MESSAGE][PASSED] - Text '12344444' is set on object 'Object Repository/IWP30/Page_ACHCorporatePaymentEntry/txt_confirmAccountNumber'

24-10-2024T23:09:08 - [MESSAGE][PASSED] - Object 'Object Repository/IWP30/Page_ACHCorporatePaymentEntry/txt_Email' is present

24-10-2024T23:09:08 - [MESSAGE][PASSED] - Object 'Object Repository/IWP30/Page_ACHCorporatePaymentEntry/cb_TermsAndCond' is present

24-10-2024T23:09:08 - [MESSAGE][PASSED] - Object: 'Object Repository/IWP30/Page_ACHCorporatePaymentEntry/cb_TermsAndCond' is clicked on

24-10-2024T23:09:09 - [MESSAGE][PASSED] - Object 'Object Repository/IWP30/Page_ACHCorporatePaymentEntry/btn_Continue' is present

24-10-2024T23:09:10 - [MESSAGE][PASSED] - Object: 'Object Repository/IWP30/Page_ACHCorporatePaymentEntry/btn_Continue' is clicked on

24-10-2024T23:09:10 - [MESSAGE][PASSED] - iwpPages.achCorporatePaymentEntryPage.setDataCorporate is PASSED

24-10-2024T23:09:10 - [TEST_STEP][PASSED] - click(findTestObject("Object Repository/IWP30/Page_Confirmation/ConfirmButton")): Object: 'Object Repository/IWP30/Page_Confirmation/ConfirmButton' is clicked on

24-10-2024T23:09:41 - [MESSAGE][INFO] - Unable to find the element located by 'By.xpath: //*[@type = 'submit' and @name = 'confirmNotifyAction' and @id = 'submitYes' and @value = 'Confirm']'. Please recheck the objects properties to make sure the desired element is located. 

24-10-2024T23:09:41 - [MESSAGE][WARNING] - [SELF-HEALING] Failed to find element with id 'Object Repository/IWP30/Page_Confirmation/ConfirmButton'. Try using Self-healing.

24-10-2024T23:09:41 - [MESSAGE][WARNING] - [SELF-HEALING] The current locator of test object 'Object Repository/IWP30/Page_Confirmation/ConfirmButton' was broken. Propose an alternative one: '//div/input'.

24-10-2024T23:09:43 - [MESSAGE][PASSED] - Object: 'Object Repository/IWP30/Page_Confirmation/ConfirmButton' is clicked on

24-10-2024T23:09:43 - [TEST_STEP][PASSED] - Thread.sleep(5000): null

24-10-2024T23:09:48 - [TEST_STEP][PASSED] - if (verifyTextPresent("Make a Real Estate Payment", false)): null

24-10-2024T23:09:48 - [MESSAGE][PASSED] - Text 'Make a Real Estate Payment' is present on page 

24-10-2024T23:09:48 - [TEST_STEP][PASSED] - isRequiredTextPresent = true: null

24-10-2024T23:09:48 - [TEST_STEP][PASSED] - println(isRequiredTextPresent): null

24-10-2024T23:09:48 - [TEST_STEP][PASSED] - if (isRequiredTextPresent): null

24-10-2024T23:09:48 - [TEST_STEP][PASSED] - if (verifyTextPresent("This transaction is subject to a Convenience Fees of $2.00.", false)): null

24-10-2024T23:09:48 - [MESSAGE][PASSED] - Text 'This transaction is subject to a Convenience Fees of $2.00.' is present on page 

24-10-2024T23:09:48 - [TEST_STEP][PASSED] - isRequiredTextPresent = true: null

24-10-2024T23:09:48 - [TEST_STEP][PASSED] - println(isRequiredTextPresent): null

24-10-2024T23:09:48 - [TEST_STEP][PASSED] - if (isRequiredTextPresent): null

24-10-2024T23:09:48 - [TEST_STEP][PASSED] - if (verifyTextPresent("Payment Amount:  $10.50", false)): null

24-10-2024T23:09:49 - [MESSAGE][PASSED] - Text 'Payment Amount:  $10.50' is present on page 

24-10-2024T23:09:49 - [TEST_STEP][PASSED] - isRequiredTextPresent = true: null

24-10-2024T23:09:49 - [TEST_STEP][PASSED] - if (isRequiredTextPresent): null

24-10-2024T23:09:49 - [TEST_STEP][PASSED] - if (verifyTextPresent("Convenience Fees:  $2.00", false)): null

24-10-2024T23:09:49 - [MESSAGE][PASSED] - Text 'Convenience Fees:  $2.00' is present on page 

24-10-2024T23:09:49 - [TEST_STEP][PASSED] - isRequiredTextPresent = true: null

24-10-2024T23:09:49 - [TEST_STEP][PASSED] - if (isRequiredTextPresent): null

24-10-2024T23:09:49 - [TEST_STEP][PASSED] - if (verifyTextPresent("Total Amount:  $12.50", false)): null

24-10-2024T23:09:49 - [MESSAGE][PASSED] - Text 'Total Amount:  $12.50' is present on page 

24-10-2024T23:09:49 - [TEST_STEP][PASSED] - isRequiredTextPresent = true: null

24-10-2024T23:09:49 - [TEST_STEP][PASSED] - if (isRequiredTextPresent): null

24-10-2024T23:09:49 - [TEST_STEP][PASSED] - if (verifyTextPresent("One transaction in the amount of $12.50 will appear on your bank statement.", false)): null

24-10-2024T23:09:49 - [MESSAGE][PASSED] - Text 'One transaction in the amount of $12.50 will appear on your bank statement.' is present on page 

24-10-2024T23:09:49 - [TEST_STEP][PASSED] - isRequiredTextPresent = true: null

24-10-2024T23:09:49 - [TEST_STEP][PASSED] - Thread.sleep(10000): null

24-10-2024T23:09:59 - [TEST_STEP][PASSED] - click(findTestObject("Object Repository/IWP30/Page_ConvenienceFees/btn_convFeeNotifyAction")): Object: 'Object Repository/IWP30/Page_ConvenienceFees/btn_convFeeNotifyAction' is clicked on

24-10-2024T23:10:01 - [MESSAGE][PASSED] - Object: 'Object Repository/IWP30/Page_ConvenienceFees/btn_convFeeNotifyAction' is clicked on

24-10-2024T23:10:01 - [TEST_STEP][PASSED] - Thread.sleep(10000): null

24-10-2024T23:10:11 - [TEST_STEP][PASSED] - if (verifyTextPresent("Successful Payment Receipt", false)): null

24-10-2024T23:10:12 - [MESSAGE][PASSED] - Text 'Successful Payment Receipt' is present on page 

24-10-2024T23:10:12 - [TEST_STEP][PASSED] - println("Successful Payment Receipt text is present on the Receipt page"): null

24-10-2024T23:10:12 - [TEST_STEP][PASSED] - markPassed("Successful Payment Receipt text is present on the Receipt page"): Successful Payment Receipt text is present on the Receipt page

24-10-2024T23:10:12 - [MESSAGE][PASSED] - Successful Payment Receipt text is present on the Receipt page

24-10-2024T23:10:12 - [TEST_STEP][PASSED] - resText = "Pass": null

24-10-2024T23:10:12 - [TEST_STEP][PASSED] - pages.WriteExcel.demoKey(resText, datText, resColumn, datCloumn, fileLoc, nameSheet, row): pages.WriteExcel.demoKey is PASSED

24-10-2024T23:10:12 - [MESSAGE][PASSED] - pages.WriteExcel.demoKey is PASSED

24-10-2024T23:10:12 - [TEST_STEP][PASSED] - closeBrowser(): Browser is closed

24-10-2024T23:10:12 - [MESSAGE][PASSED] - Browser is closed]]></system-out>
         <system-err><![CDATA[]]></system-err>
      </testcase>
      <testcase name="Test Cases/IntegratedWeb/IWP25/Payments/PayNowCreditDCF" time="479.607" classname="Test Cases/IntegratedWeb/IWP25/Payments/PayNowCreditDCF" status="PASSED">
         <system-out><![CDATA[24-10-2024T23:10:12 - [TEST_CASE][PASSED] - Test Cases/IntegratedWeb/IWP25/Payments/PayNowCreditDCF: Test Cases/IntegratedWeb/IWP25/Payments/PayNowCreditDCF

24-10-2024T23:10:13 - [TEST_STEP][PASSED] - resText = "Fail": null

24-10-2024T23:10:13 - [TEST_STEP][PASSED] - resColumn = "Result": null

24-10-2024T23:10:13 - [TEST_STEP][PASSED] - datCloumn = "Date": null

24-10-2024T23:10:13 - [TEST_STEP][PASSED] - fileLoc = "KatalonData/IWPTestData/VRelay25Payments.xlsx": null

24-10-2024T23:10:13 - [TEST_STEP][PASSED] - numOfRows = <not implemented yet for class: org.codehaus.groovy.ast.expr.EmptyExpression>: null

24-10-2024T23:10:13 - [TEST_STEP][PASSED] - dataFile = <not implemented yet for class: org.codehaus.groovy.ast.expr.EmptyExpression>: null

24-10-2024T23:10:13 - [TEST_STEP][PASSED] - nameSheet = <not implemented yet for class: org.codehaus.groovy.ast.expr.EmptyExpression>: null

24-10-2024T23:10:13 - [TEST_STEP][PASSED] - dataFileEmulator = <not implemented yet for class: org.codehaus.groovy.ast.expr.EmptyExpression>: null

24-10-2024T23:10:13 - [TEST_STEP][PASSED] - isRequiredTextPresent = false: null

24-10-2024T23:10:13 - [TEST_STEP][PASSED] - nameSheet = "PayNowCreditDCF": null

24-10-2024T23:10:13 - [TEST_STEP][PASSED] - dataFile = "IWPTestData/PayNowCreditDCF": null

24-10-2024T23:10:13 - [TEST_STEP][PASSED] - dataFileEmulator = "IWPTestData/EmulatorData": null

24-10-2024T23:10:13 - [TEST_STEP][PASSED] - numOfRows = findTestData(dataFile).getRowNumbers(): null

24-10-2024T23:10:13 - [TEST_STEP][PASSED] - println("Number of Records: " + numOfRows): null

24-10-2024T23:10:13 - [TEST_STEP][PASSED] - for ([row = 1, row <= numOfRows, (row++)]): Browser is closed

24-10-2024T23:10:13 - [TEST_STEP][PASSED] - ExecuteTC = findTestData(dataFile).getValue("Execute", row): null

24-10-2024T23:10:13 - [TEST_STEP][PASSED] - out.println("Value of Execute is : " + ExecuteTC): null

24-10-2024T23:10:13 - [TEST_STEP][PASSED] - if (ExecuteTC.equalsIgnoreCase("Y")): null

24-10-2024T23:10:13 - [TEST_STEP][PASSED] - out.println("Begin Record Number: " + row): null

24-10-2024T23:10:13 - [TEST_STEP][PASSED] - today = new java.util.Date(): null

24-10-2024T23:10:13 - [TEST_STEP][PASSED] - println(today): null

24-10-2024T23:10:13 - [TEST_STEP][PASSED] - datText = today: null

24-10-2024T23:10:13 - [TEST_STEP][PASSED] - EmulatorDataKey = findTestData(dataFile).getValue("EmulatorData", row): null

24-10-2024T23:10:13 - [TEST_STEP][PASSED] - out.println("Value of Emulator Key is : " + EmulatorDataKey): null

24-10-2024T23:10:13 - [TEST_STEP][PASSED] - iwpPages.emulatorIWP30.setDataEmulator_DD(EmulatorDataKey): iwpPages.emulatorIWP30.setDataEmulator_DD is PASSED

24-10-2024T23:10:13 - [MESSAGE][INFO] - Starting 'Edge Chromium' driver

24-10-2024T23:10:13 - [MESSAGE][INFO] - User set preference: ['acceptInsecureCerts', 'true']

24-10-2024T23:10:15 - [MESSAGE][INFO] - Action delay is set to 0 milliseconds

24-10-2024T23:10:19 - [MESSAGE][PASSED] - Browser is opened with url: 'https://qa2.velocitypayment.com/agencyx/config.action?action=editor&message_version=2_5'

24-10-2024T23:10:19 - [MESSAGE][PASSED] - Current window maximized

24-10-2024T23:10:50 - [MESSAGE][INFO] - Unable to find the element located by 'By.xpath: //select[@name='message_version']'. Please recheck the objects properties to make sure the desired element is located. 

24-10-2024T23:10:50 - [MESSAGE][WARNING] - [SELF-HEALING] Failed to find element with id 'Object Repository/IWP30/Page_VRelay30Emulator/MV'. Try using Self-healing.

24-10-2024T23:10:50 - [MESSAGE][WARNING] - [SELF-HEALING] The current locator of test object 'Object Repository/IWP30/Page_VRelay30Emulator/MV' was broken. Propose an alternative one: '(.//*[normalize-space(text()) and normalize-space(.)='Message Version'])[1]/following::select[1]'.

24-10-2024T23:10:51 - [MESSAGE][PASSED] - All options with value '2.5' are selected in object 'Object Repository/IWP30/Page_VRelay30Emulator/MV'  using regular expression

24-10-2024T23:10:52 - [MESSAGE][PASSED] - Text '10.50' is set on object 'Object Repository/IWP30/Page_EmulatorAgencyX/Amount'

24-10-2024T23:10:52 - [MESSAGE][PASSED] - Text '0YRGnLPsTeN3' is set on object 'Object Repository/IWP30/Page_EmulatorAgencyX/CAN'

24-10-2024T23:10:53 - [MESSAGE][PASSED] - Text 'PayNow' is set on object 'Object Repository/IWP30/Page_EmulatorAgencyX/Action'

24-10-2024T23:10:53 - [MESSAGE][PASSED] - Text 'en_US' is set on object 'Object Repository/IWP30/Page_EmulatorAgencyX/Lang'

24-10-2024T23:10:54 - [MESSAGE][PASSED] - Text 'Jasmine' is set on object 'Object Repository/IWP30/Page_EmulatorAgencyX/Fname'

24-10-2024T23:10:55 - [MESSAGE][PASSED] - Text 'Patrinol' is set on object 'Object Repository/IWP30/Page_EmulatorAgencyX/Lname'

24-10-2024T23:10:55 - [MESSAGE][PASSED] - Text '258 Underwood rd' is set on object 'Object Repository/IWP30/Page_EmulatorAgencyX/AL1'

24-10-2024T23:10:56 - [MESSAGE][PASSED] - Text 'Suite 600' is set on object 'Object Repository/IWP30/Page_EmulatorAgencyX/AL2'

24-10-2024T23:10:56 - [MESSAGE][PASSED] - Text '840' is set on object 'Object Repository/IWP30/Page_EmulatorAgencyX/Country'

24-10-2024T23:10:57 - [MESSAGE][PASSED] - Text 'Arlington' is set on object 'Object Repository/IWP30/Page_EmulatorAgencyX/City'

24-10-2024T23:10:58 - [MESSAGE][PASSED] - Text 'VA' is set on object 'Object Repository/IWP30/Page_EmulatorAgencyX/State'

24-10-2024T23:10:58 - [MESSAGE][PASSED] - Text '22201' is set on object 'Object Repository/IWP30/Page_EmulatorAgencyX/ZIP'

24-10-2024T23:10:59 - [MESSAGE][PASSED] - Text '' is set on object 'Object Repository/IWP30/Page_EmulatorAgencyX/Order'

24-10-2024T23:10:59 - [MESSAGE][PASSED] - Text 'Some Company' is set on object 'Object Repository/IWP30/Page_EmulatorAgencyX/Company'

24-10-2024T23:11:00 - [MESSAGE][PASSED] - Text 'iahmed@govolution.com' is set on object 'Object Repository/IWP30/Page_EmulatorAgencyX/Email'

24-10-2024T23:11:01 - [MESSAGE][PASSED] - Text 'udf data 1' is set on object 'Object Repository/IWP30/Page_EmulatorAgencyX/UDF1'

24-10-2024T23:11:01 - [MESSAGE][PASSED] - Text 'udf data 2' is set on object 'Object Repository/IWP30/Page_EmulatorAgencyX/UDF2'

24-10-2024T23:11:02 - [MESSAGE][PASSED] - Text 'udf data 3' is set on object 'Object Repository/IWP30/Page_EmulatorAgencyX/UDF3'

24-10-2024T23:11:02 - [MESSAGE][PASSED] - Text 'udf data 4' is set on object 'Object Repository/IWP30/Page_EmulatorAgencyX/UDF4'

24-10-2024T23:11:03 - [MESSAGE][PASSED] - Text 'udf data 5' is set on object 'Object Repository/IWP30/Page_EmulatorAgencyX/UDF5'

24-10-2024T23:11:04 - [MESSAGE][PASSED] - Text 'udf data 6' is set on object 'Object Repository/IWP30/Page_EmulatorAgencyX/UDF6'

24-10-2024T23:11:04 - [MESSAGE][PASSED] - Text 'Orange' is set on object 'Object Repository/IWP30/Page_EmulatorAgencyX/UDF7'

24-10-2024T23:11:05 - [MESSAGE][PASSED] - Text 'Soccer' is set on object 'Object Repository/IWP30/Page_EmulatorAgencyX/UDF8'

24-10-2024T23:11:05 - [MESSAGE][PASSED] - Text 'udf data 9' is set on object 'Object Repository/IWP30/Page_EmulatorAgencyX/UDF9'

24-10-2024T23:11:06 - [MESSAGE][PASSED] - Text 'udf data 10' is set on object 'Object Repository/IWP30/Page_EmulatorAgencyX/UDF10'

24-10-2024T23:11:07 - [MESSAGE][PASSED] - Object: 'Object Repository/IWP30/Page_EmulatorAgencyX/Submit' is clicked on

24-10-2024T23:11:12 - [MESSAGE][PASSED] - Browser is closed

24-10-2024T23:11:16 - [MESSAGE][PASSED] - iwpPages.emulatorIWP30.setDataEmulator_DD is PASSED

24-10-2024T23:11:16 - [TEST_STEP][PASSED] - testHarnessURL = urlTestHarness: null

24-10-2024T23:11:16 - [TEST_STEP][PASSED] - openBrowser(testHarnessURL): Browser is opened with url: 'https://dev-algorithm.govolution.com/vrelaytest/QA2/version_2_2/vrelaytest.html'

24-10-2024T23:11:16 - [MESSAGE][INFO] - Starting 'Edge Chromium' driver

24-10-2024T23:11:16 - [MESSAGE][INFO] - User set preference: ['acceptInsecureCerts', 'true']

24-10-2024T23:11:18 - [MESSAGE][INFO] - Action delay is set to 0 milliseconds

24-10-2024T23:11:22 - [MESSAGE][PASSED] - Browser is opened with url: 'https://dev-algorithm.govolution.com/vrelaytest/QA2/version_2_2/vrelaytest.html'

24-10-2024T23:11:22 - [TEST_STEP][PASSED] - maximizeWindow(): Current window maximized

24-10-2024T23:11:22 - [MESSAGE][PASSED] - Current window maximized

24-10-2024T23:11:22 - [TEST_STEP][PASSED] - iwpPages.TestHarnessPage.setDataMethod(row, dataFile): iwpPages.TestHarnessPage.setDataMethod is PASSED

24-10-2024T23:11:22 - [MESSAGE][PASSED] - Object 'Object Repository/IWP30/Page_QATestHarness/RemittanceID' is present

24-10-2024T23:11:23 - [MESSAGE][PASSED] - Text '640' is set on object 'Object Repository/IWP30/Page_QATestHarness/ApplicationID'

24-10-2024T23:11:23 - [MESSAGE][PASSED] - Text '2.5' is set on object 'Object Repository/IWP30/Page_QATestHarness/MessageVersion'

24-10-2024T23:11:24 - [MESSAGE][PASSED] - Text 'Xt76jgYuvRf1' is set on object 'Object Repository/IWP30/Page_QATestHarness/RemittanceID'

24-10-2024T23:11:28 - [MESSAGE][PASSED] - Object: 'Object Repository/IWP30/Page_QATestHarness/SubmitButton' is clicked on

24-10-2024T23:11:28 - [MESSAGE][PASSED] - iwpPages.TestHarnessPage.setDataMethod is PASSED

24-10-2024T23:11:28 - [TEST_STEP][PASSED] - click(findTestObject("Object Repository/IWP30/Page_SelectPaymentMethod/PayByCreditCard")): Object: 'Object Repository/IWP30/Page_SelectPaymentMethod/PayByCreditCard' is clicked on

24-10-2024T23:11:29 - [MESSAGE][PASSED] - Object: 'Object Repository/IWP30/Page_SelectPaymentMethod/PayByCreditCard' is clicked on

24-10-2024T23:11:29 - [TEST_STEP][PASSED] - click(findTestObject("Object Repository/IWP30/Page_SelectPaymentMethod/MakePaymentButton")): Object: 'Object Repository/IWP30/Page_SelectPaymentMethod/MakePaymentButton' is clicked on

24-10-2024T23:11:32 - [MESSAGE][PASSED] - Object: 'Object Repository/IWP30/Page_SelectPaymentMethod/MakePaymentButton' is clicked on

24-10-2024T23:11:32 - [TEST_STEP][PASSED] - iwpPages.ccPaymentEntryPage.setDataCCPM(row, dataFile): iwpPages.ccPaymentEntryPage.setDataCCPM is PASSED

24-10-2024T23:11:33 - [MESSAGE][PASSED] - Object 'Object Repository/IWP30/Page_CCPaymentEntry/Name' is present

24-10-2024T23:11:33 - [MESSAGE][PASSED] - All options with label 'Soccer' are selected in object 'Object Repository/IWP30/Page_CCPaymentEntry/UserDefined8' 

24-10-2024T23:11:34 - [MESSAGE][PASSED] - Object 'Object Repository/IWP30/Page_CCPaymentEntry/Name' is present

24-10-2024T23:11:34 - [MESSAGE][PASSED] - Object 'Object Repository/IWP30/Page_CCPaymentEntry/CardNumber' is present

24-10-2024T23:11:35 - [MESSAGE][PASSED] - Text '4761730000000011' is set on object 'Object Repository/IWP30/Page_CCPaymentEntry/CardNumber'

24-10-2024T23:11:35 - [MESSAGE][PASSED] - Text '123' is set on object 'Object Repository/IWP30/Page_CCPaymentEntry/SPC'

24-10-2024T23:11:36 - [MESSAGE][PASSED] - Object 'Object Repository/IWP30/Page_CCPaymentEntry/Month' is present

24-10-2024T23:11:36 - [MESSAGE][PASSED] - All options with label '09' are selected in object 'Object Repository/IWP30/Page_CCPaymentEntry/Month' 

24-10-2024T23:11:36 - [MESSAGE][PASSED] - Object 'Object Repository/IWP30/Page_CCPaymentEntry/Year' is present

24-10-2024T23:11:37 - [MESSAGE][PASSED] - All options with label '2028' are selected in object 'Object Repository/IWP30/Page_CCPaymentEntry/Year' 

24-10-2024T23:11:37 - [MESSAGE][PASSED] - Object 'Object Repository/IWP30/Page_CCPaymentEntry/EmailAddress' is present

24-10-2024T23:11:37 - [MESSAGE][PASSED] - Object 'Object Repository/IWP30/Page_CCPaymentEntry/TermCondCheckBox' is present

24-10-2024T23:11:38 - [MESSAGE][PASSED] - Object 'Object Repository/IWP30/Page_CCPaymentEntry/TermCondCheckBox' is checked

24-10-2024T23:11:38 - [MESSAGE][PASSED] - Object 'Object Repository/IWP30/Page_CCPaymentEntry/ContinueButton' is present

24-10-2024T23:11:40 - [MESSAGE][PASSED] - Object: 'Object Repository/IWP30/Page_CCPaymentEntry/ContinueButton' is clicked on

24-10-2024T23:11:40 - [MESSAGE][PASSED] - iwpPages.ccPaymentEntryPage.setDataCCPM is PASSED

24-10-2024T23:11:40 - [TEST_STEP][PASSED] - click(findTestObject("Object Repository/IWP30/Page_Confirmation/ConfirmButton")): Object: 'Object Repository/IWP30/Page_Confirmation/ConfirmButton' is clicked on

24-10-2024T23:11:42 - [MESSAGE][PASSED] - Object: 'Object Repository/IWP30/Page_Confirmation/ConfirmButton' is clicked on

24-10-2024T23:11:42 - [TEST_STEP][PASSED] - Thread.sleep(5000): null

24-10-2024T23:11:47 - [TEST_STEP][PASSED] - println("I am on real estate page"): null

24-10-2024T23:11:47 - [TEST_STEP][PASSED] - if (verifyTextPresent("Make a Real Estate Payment", false)): null

24-10-2024T23:11:47 - [MESSAGE][PASSED] - Text 'Make a Real Estate Payment' is present on page 

24-10-2024T23:11:47 - [TEST_STEP][PASSED] - isRequiredTextPresent = true: null

24-10-2024T23:11:47 - [TEST_STEP][PASSED] - println(isRequiredTextPresent): null

24-10-2024T23:11:47 - [TEST_STEP][PASSED] - if (isRequiredTextPresent): null

24-10-2024T23:11:47 - [TEST_STEP][PASSED] - if (verifyTextPresent("This transaction is subject to a Convenience Fees of $2.00.", false)): null

24-10-2024T23:11:47 - [MESSAGE][PASSED] - Text 'This transaction is subject to a Convenience Fees of $2.00.' is present on page 

24-10-2024T23:11:47 - [TEST_STEP][PASSED] - isRequiredTextPresent = true: null

24-10-2024T23:11:47 - [TEST_STEP][PASSED] - println(isRequiredTextPresent): null

24-10-2024T23:11:47 - [TEST_STEP][PASSED] - if (isRequiredTextPresent): null

24-10-2024T23:11:47 - [TEST_STEP][PASSED] - if (verifyTextPresent("Payment Amount:  $10.50", false)): null

24-10-2024T23:11:48 - [MESSAGE][PASSED] - Text 'Payment Amount:  $10.50' is present on page 

24-10-2024T23:11:48 - [TEST_STEP][PASSED] - isRequiredTextPresent = true: null

24-10-2024T23:11:48 - [TEST_STEP][PASSED] - if (isRequiredTextPresent): null

24-10-2024T23:11:48 - [TEST_STEP][PASSED] - if (verifyTextPresent("Convenience Fees:  $2.00", false)): null

24-10-2024T23:11:48 - [MESSAGE][PASSED] - Text 'Convenience Fees:  $2.00' is present on page 

24-10-2024T23:11:48 - [TEST_STEP][PASSED] - isRequiredTextPresent = true: null

24-10-2024T23:11:48 - [TEST_STEP][PASSED] - if (isRequiredTextPresent): null

24-10-2024T23:11:48 - [TEST_STEP][PASSED] - if (verifyTextPresent("Total Amount:  $12.50", false)): null

24-10-2024T23:11:48 - [MESSAGE][PASSED] - Text 'Total Amount:  $12.50' is present on page 

24-10-2024T23:11:48 - [TEST_STEP][PASSED] - isRequiredTextPresent = true: null

24-10-2024T23:11:48 - [TEST_STEP][PASSED] - if (isRequiredTextPresent): null

24-10-2024T23:11:48 - [TEST_STEP][PASSED] - if (verifyTextPresent("Two transactions will appear on your bank statement, one in the amount of $10.50 and one in the amount of $2.00.", false)): null

24-10-2024T23:11:48 - [MESSAGE][PASSED] - Text 'Two transactions will appear on your bank statement, one in the amount of $10.50 and one in the amount of $2.00.' is present on page 

24-10-2024T23:11:48 - [TEST_STEP][PASSED] - isRequiredTextPresent = true: null

24-10-2024T23:11:48 - [TEST_STEP][PASSED] - Thread.sleep(10000): null

24-10-2024T23:11:58 - [TEST_STEP][PASSED] - click(findTestObject("Object Repository/IWP30/Page_ConvenienceFees/btn_convFeeNotifyAction")): Object: 'Object Repository/IWP30/Page_ConvenienceFees/btn_convFeeNotifyAction' is clicked on

24-10-2024T23:12:01 - [MESSAGE][PASSED] - Object: 'Object Repository/IWP30/Page_ConvenienceFees/btn_convFeeNotifyAction' is clicked on

24-10-2024T23:12:01 - [TEST_STEP][PASSED] - Thread.sleep(10000): null

24-10-2024T23:12:11 - [TEST_STEP][PASSED] - if (verifyTextPresent("Successful Payment Receipt", false)): null

24-10-2024T23:12:11 - [MESSAGE][PASSED] - Text 'Successful Payment Receipt' is present on page 

24-10-2024T23:12:11 - [TEST_STEP][PASSED] - println("Successful Payment Receipt text is present on the Receipt page"): null

24-10-2024T23:12:11 - [TEST_STEP][PASSED] - markPassed("Successful Payment Receipt text is present on the Receipt page"): Successful Payment Receipt text is present on the Receipt page

24-10-2024T23:12:11 - [MESSAGE][PASSED] - Successful Payment Receipt text is present on the Receipt page

24-10-2024T23:12:11 - [TEST_STEP][PASSED] - resText = "Pass": null

24-10-2024T23:12:11 - [TEST_STEP][PASSED] - pages.WriteExcel.demoKey(resText, datText, resColumn, datCloumn, fileLoc, nameSheet, row): pages.WriteExcel.demoKey is PASSED

24-10-2024T23:12:11 - [MESSAGE][PASSED] - pages.WriteExcel.demoKey is PASSED

24-10-2024T23:12:11 - [TEST_STEP][PASSED] - closeBrowser(): Browser is closed

24-10-2024T23:12:12 - [MESSAGE][PASSED] - Browser is closed

24-10-2024T23:12:12 - [TEST_STEP][PASSED] - ExecuteTC = findTestData(dataFile).getValue("Execute", row): null

24-10-2024T23:12:12 - [TEST_STEP][PASSED] - out.println("Value of Execute is : " + ExecuteTC): null

24-10-2024T23:12:12 - [TEST_STEP][PASSED] - if (ExecuteTC.equalsIgnoreCase("Y")): null

24-10-2024T23:12:12 - [TEST_STEP][PASSED] - out.println("Begin Record Number: " + row): null

24-10-2024T23:12:12 - [TEST_STEP][PASSED] - today = new java.util.Date(): null

24-10-2024T23:12:12 - [TEST_STEP][PASSED] - println(today): null

24-10-2024T23:12:12 - [TEST_STEP][PASSED] - datText = today: null

24-10-2024T23:12:12 - [TEST_STEP][PASSED] - EmulatorDataKey = findTestData(dataFile).getValue("EmulatorData", row): null

24-10-2024T23:12:12 - [TEST_STEP][PASSED] - out.println("Value of Emulator Key is : " + EmulatorDataKey): null

24-10-2024T23:12:12 - [TEST_STEP][PASSED] - iwpPages.emulatorIWP30.setDataEmulator_DD(EmulatorDataKey): iwpPages.emulatorIWP30.setDataEmulator_DD is PASSED

24-10-2024T23:12:12 - [MESSAGE][INFO] - Starting 'Edge Chromium' driver

24-10-2024T23:12:12 - [MESSAGE][INFO] - User set preference: ['acceptInsecureCerts', 'true']

24-10-2024T23:12:14 - [MESSAGE][INFO] - Action delay is set to 0 milliseconds

24-10-2024T23:12:18 - [MESSAGE][PASSED] - Browser is opened with url: 'https://qa2.velocitypayment.com/agencyx/config.action?action=editor&message_version=2_5'

24-10-2024T23:12:18 - [MESSAGE][PASSED] - Current window maximized

24-10-2024T23:12:49 - [MESSAGE][INFO] - Unable to find the element located by 'By.xpath: //select[@name='message_version']'. Please recheck the objects properties to make sure the desired element is located. 

24-10-2024T23:12:49 - [MESSAGE][WARNING] - [SELF-HEALING] Failed to find element with id 'Object Repository/IWP30/Page_VRelay30Emulator/MV'. Try using Self-healing.

24-10-2024T23:12:49 - [MESSAGE][WARNING] - [SELF-HEALING] The current locator of test object 'Object Repository/IWP30/Page_VRelay30Emulator/MV' was broken. Propose an alternative one: '(.//*[normalize-space(text()) and normalize-space(.)='Message Version'])[1]/following::select[1]'.

24-10-2024T23:12:50 - [MESSAGE][PASSED] - All options with value '2.5' are selected in object 'Object Repository/IWP30/Page_VRelay30Emulator/MV'  using regular expression

24-10-2024T23:12:50 - [MESSAGE][PASSED] - Text '10.50' is set on object 'Object Repository/IWP30/Page_EmulatorAgencyX/Amount'

24-10-2024T23:12:51 - [MESSAGE][PASSED] - Text 'A3DyLnWx4rzC' is set on object 'Object Repository/IWP30/Page_EmulatorAgencyX/CAN'

24-10-2024T23:12:51 - [MESSAGE][PASSED] - Text 'PayNow' is set on object 'Object Repository/IWP30/Page_EmulatorAgencyX/Action'

24-10-2024T23:12:52 - [MESSAGE][PASSED] - Text 'en_US' is set on object 'Object Repository/IWP30/Page_EmulatorAgencyX/Lang'

24-10-2024T23:12:53 - [MESSAGE][PASSED] - Text '' is set on object 'Object Repository/IWP30/Page_EmulatorAgencyX/Fname'

24-10-2024T23:12:53 - [MESSAGE][PASSED] - Text '' is set on object 'Object Repository/IWP30/Page_EmulatorAgencyX/Lname'

24-10-2024T23:12:54 - [MESSAGE][PASSED] - Text '' is set on object 'Object Repository/IWP30/Page_EmulatorAgencyX/AL1'

24-10-2024T23:12:54 - [MESSAGE][PASSED] - Text '' is set on object 'Object Repository/IWP30/Page_EmulatorAgencyX/AL2'

24-10-2024T23:12:55 - [MESSAGE][PASSED] - Text '' is set on object 'Object Repository/IWP30/Page_EmulatorAgencyX/Country'

24-10-2024T23:12:55 - [MESSAGE][PASSED] - Text '' is set on object 'Object Repository/IWP30/Page_EmulatorAgencyX/City'

24-10-2024T23:12:56 - [MESSAGE][PASSED] - Text '' is set on object 'Object Repository/IWP30/Page_EmulatorAgencyX/State'

24-10-2024T23:12:57 - [MESSAGE][PASSED] - Text '' is set on object 'Object Repository/IWP30/Page_EmulatorAgencyX/ZIP'

24-10-2024T23:12:57 - [MESSAGE][PASSED] - Text '' is set on object 'Object Repository/IWP30/Page_EmulatorAgencyX/Order'

24-10-2024T23:12:58 - [MESSAGE][PASSED] - Text '' is set on object 'Object Repository/IWP30/Page_EmulatorAgencyX/Company'

24-10-2024T23:12:58 - [MESSAGE][PASSED] - Text '' is set on object 'Object Repository/IWP30/Page_EmulatorAgencyX/Email'

24-10-2024T23:12:59 - [MESSAGE][PASSED] - Text '' is set on object 'Object Repository/IWP30/Page_EmulatorAgencyX/UDF1'

24-10-2024T23:12:59 - [MESSAGE][PASSED] - Text '' is set on object 'Object Repository/IWP30/Page_EmulatorAgencyX/UDF2'

24-10-2024T23:13:00 - [MESSAGE][PASSED] - Text '' is set on object 'Object Repository/IWP30/Page_EmulatorAgencyX/UDF3'

24-10-2024T23:13:01 - [MESSAGE][PASSED] - Text 'udf data 4' is set on object 'Object Repository/IWP30/Page_EmulatorAgencyX/UDF4'

24-10-2024T23:13:01 - [MESSAGE][PASSED] - Text 'udf data 5' is set on object 'Object Repository/IWP30/Page_EmulatorAgencyX/UDF5'

24-10-2024T23:13:02 - [MESSAGE][PASSED] - Text '' is set on object 'Object Repository/IWP30/Page_EmulatorAgencyX/UDF6'

24-10-2024T23:13:02 - [MESSAGE][PASSED] - Text '' is set on object 'Object Repository/IWP30/Page_EmulatorAgencyX/UDF7'

24-10-2024T23:13:03 - [MESSAGE][PASSED] - Text '' is set on object 'Object Repository/IWP30/Page_EmulatorAgencyX/UDF8'

24-10-2024T23:13:04 - [MESSAGE][PASSED] - Text 'udf data 9' is set on object 'Object Repository/IWP30/Page_EmulatorAgencyX/UDF9'

24-10-2024T23:13:04 - [MESSAGE][PASSED] - Text 'udf data 10' is set on object 'Object Repository/IWP30/Page_EmulatorAgencyX/UDF10'

24-10-2024T23:13:06 - [MESSAGE][PASSED] - Object: 'Object Repository/IWP30/Page_EmulatorAgencyX/Submit' is clicked on

24-10-2024T23:13:10 - [MESSAGE][PASSED] - Browser is closed

24-10-2024T23:13:14 - [MESSAGE][PASSED] - iwpPages.emulatorIWP30.setDataEmulator_DD is PASSED

24-10-2024T23:13:14 - [TEST_STEP][PASSED] - testHarnessURL = urlTestHarness: null

24-10-2024T23:13:14 - [TEST_STEP][PASSED] - openBrowser(testHarnessURL): Browser is opened with url: 'https://dev-algorithm.govolution.com/vrelaytest/QA2/version_2_2/vrelaytest.html'

24-10-2024T23:13:14 - [MESSAGE][INFO] - Starting 'Edge Chromium' driver

24-10-2024T23:13:14 - [MESSAGE][INFO] - User set preference: ['acceptInsecureCerts', 'true']

24-10-2024T23:13:16 - [MESSAGE][INFO] - Action delay is set to 0 milliseconds

24-10-2024T23:13:20 - [MESSAGE][PASSED] - Browser is opened with url: 'https://dev-algorithm.govolution.com/vrelaytest/QA2/version_2_2/vrelaytest.html'

24-10-2024T23:13:20 - [TEST_STEP][PASSED] - maximizeWindow(): Current window maximized

24-10-2024T23:13:20 - [MESSAGE][PASSED] - Current window maximized

24-10-2024T23:13:20 - [TEST_STEP][PASSED] - iwpPages.TestHarnessPage.setDataMethod(row, dataFile): iwpPages.TestHarnessPage.setDataMethod is PASSED

24-10-2024T23:13:20 - [MESSAGE][PASSED] - Object 'Object Repository/IWP30/Page_QATestHarness/RemittanceID' is present

24-10-2024T23:13:21 - [MESSAGE][PASSED] - Text '640' is set on object 'Object Repository/IWP30/Page_QATestHarness/ApplicationID'

24-10-2024T23:13:21 - [MESSAGE][PASSED] - Text '2.5' is set on object 'Object Repository/IWP30/Page_QATestHarness/MessageVersion'

24-10-2024T23:13:22 - [MESSAGE][PASSED] - Text 'auNl9YzwOMAW' is set on object 'Object Repository/IWP30/Page_QATestHarness/RemittanceID'

24-10-2024T23:13:26 - [MESSAGE][PASSED] - Object: 'Object Repository/IWP30/Page_QATestHarness/SubmitButton' is clicked on

24-10-2024T23:13:26 - [MESSAGE][PASSED] - iwpPages.TestHarnessPage.setDataMethod is PASSED

24-10-2024T23:13:26 - [TEST_STEP][PASSED] - click(findTestObject("Object Repository/IWP30/Page_SelectPaymentMethod/PayByCreditCard")): Object: 'Object Repository/IWP30/Page_SelectPaymentMethod/PayByCreditCard' is clicked on

24-10-2024T23:13:26 - [MESSAGE][PASSED] - Object: 'Object Repository/IWP30/Page_SelectPaymentMethod/PayByCreditCard' is clicked on

24-10-2024T23:13:26 - [TEST_STEP][PASSED] - click(findTestObject("Object Repository/IWP30/Page_SelectPaymentMethod/MakePaymentButton")): Object: 'Object Repository/IWP30/Page_SelectPaymentMethod/MakePaymentButton' is clicked on

24-10-2024T23:13:29 - [MESSAGE][PASSED] - Object: 'Object Repository/IWP30/Page_SelectPaymentMethod/MakePaymentButton' is clicked on

24-10-2024T23:13:29 - [TEST_STEP][PASSED] - iwpPages.ccPaymentEntryPage.setDataCCPM(row, dataFile): iwpPages.ccPaymentEntryPage.setDataCCPM is PASSED

24-10-2024T23:13:30 - [MESSAGE][PASSED] - Object 'Object Repository/IWP30/Page_CCPaymentEntry/Name' is present

24-10-2024T23:13:31 - [MESSAGE][PASSED] - Text '10.50' is set on object 'Object Repository/IWP30/Page_CCPaymentEntry/Amount'

24-10-2024T23:13:32 - [MESSAGE][PASSED] - Text 'udf data 2' is set on object 'Object Repository/IWP30/Page_CCPaymentEntry/UserDefined2'

24-10-2024T23:13:32 - [MESSAGE][PASSED] - Text 'udf data 3' is set on object 'Object Repository/IWP30/Page_CCPaymentEntry/UserDefined3'

24-10-2024T23:13:33 - [MESSAGE][PASSED] - All options with label 'Orange' are selected in object 'Object Repository/IWP30/Page_CCPaymentEntry/UserDefined7' 

24-10-2024T23:13:33 - [MESSAGE][PASSED] - All options with label 'Soccer' are selected in object 'Object Repository/IWP30/Page_CCPaymentEntry/UserDefined8' 

24-10-2024T23:13:34 - [MESSAGE][PASSED] - Object 'Object Repository/IWP30/Page_CCPaymentEntry/Name' is present

24-10-2024T23:13:34 - [MESSAGE][PASSED] - Text 'Kavita Ranawati' is set on object 'Object Repository/IWP30/Page_CCPaymentEntry/Name'

24-10-2024T23:13:34 - [MESSAGE][PASSED] - Object 'Object Repository/IWP30/Page_CCPaymentEntry/CardNumber' is present

24-10-2024T23:13:35 - [MESSAGE][PASSED] - Text '4111111111111111' is set on object 'Object Repository/IWP30/Page_CCPaymentEntry/CardNumber'

24-10-2024T23:13:36 - [MESSAGE][PASSED] - Text '123' is set on object 'Object Repository/IWP30/Page_CCPaymentEntry/SPC'

24-10-2024T23:13:36 - [MESSAGE][PASSED] - Object 'Object Repository/IWP30/Page_CCPaymentEntry/Month' is present

24-10-2024T23:13:37 - [MESSAGE][PASSED] - All options with label '09' are selected in object 'Object Repository/IWP30/Page_CCPaymentEntry/Month' 

24-10-2024T23:13:37 - [MESSAGE][PASSED] - Object 'Object Repository/IWP30/Page_CCPaymentEntry/Year' is present

24-10-2024T23:13:37 - [MESSAGE][PASSED] - All options with label '2028' are selected in object 'Object Repository/IWP30/Page_CCPaymentEntry/Year' 

24-10-2024T23:13:38 - [MESSAGE][PASSED] - Text '365 Main Avenue' is set on object 'Object Repository/IWP30/Page_CCPaymentEntry/AL1'

24-10-2024T23:13:39 - [MESSAGE][PASSED] - Text '22201' is set on object 'Object Repository/IWP30/Page_CCPaymentEntry/ZIP'

24-10-2024T23:13:39 - [MESSAGE][PASSED] - Object 'Object Repository/IWP30/Page_CCPaymentEntry/EmailAddress' is present

24-10-2024T23:13:41 - [MESSAGE][PASSED] - Text 'iahmed@govolution.com' is set on object 'Object Repository/IWP30/Page_CCPaymentEntry/EmailAddress'

24-10-2024T23:13:41 - [MESSAGE][PASSED] - Object 'Object Repository/IWP30/Page_CCPaymentEntry/TermCondCheckBox' is present

24-10-2024T23:13:41 - [MESSAGE][PASSED] - Object 'Object Repository/IWP30/Page_CCPaymentEntry/TermCondCheckBox' is checked

24-10-2024T23:13:41 - [MESSAGE][PASSED] - Object 'Object Repository/IWP30/Page_CCPaymentEntry/ContinueButton' is present

24-10-2024T23:13:43 - [MESSAGE][PASSED] - Object: 'Object Repository/IWP30/Page_CCPaymentEntry/ContinueButton' is clicked on

24-10-2024T23:13:43 - [MESSAGE][PASSED] - iwpPages.ccPaymentEntryPage.setDataCCPM is PASSED

24-10-2024T23:13:43 - [TEST_STEP][PASSED] - click(findTestObject("Object Repository/IWP30/Page_Confirmation/ConfirmButton")): Object: 'Object Repository/IWP30/Page_Confirmation/ConfirmButton' is clicked on

24-10-2024T23:13:45 - [MESSAGE][PASSED] - Object: 'Object Repository/IWP30/Page_Confirmation/ConfirmButton' is clicked on

24-10-2024T23:13:45 - [TEST_STEP][PASSED] - Thread.sleep(5000): null

24-10-2024T23:13:50 - [TEST_STEP][PASSED] - println("I am on real estate page"): null

24-10-2024T23:13:50 - [TEST_STEP][PASSED] - if (verifyTextPresent("Make a Real Estate Payment", false)): null

24-10-2024T23:13:50 - [MESSAGE][PASSED] - Text 'Make a Real Estate Payment' is present on page 

24-10-2024T23:13:50 - [TEST_STEP][PASSED] - isRequiredTextPresent = true: null

24-10-2024T23:13:50 - [TEST_STEP][PASSED] - println(isRequiredTextPresent): null

24-10-2024T23:13:50 - [TEST_STEP][PASSED] - if (isRequiredTextPresent): null

24-10-2024T23:13:50 - [TEST_STEP][PASSED] - if (verifyTextPresent("This transaction is subject to a Convenience Fees of $2.00.", false)): null

24-10-2024T23:13:50 - [MESSAGE][PASSED] - Text 'This transaction is subject to a Convenience Fees of $2.00.' is present on page 

24-10-2024T23:13:50 - [TEST_STEP][PASSED] - isRequiredTextPresent = true: null

24-10-2024T23:13:50 - [TEST_STEP][PASSED] - println(isRequiredTextPresent): null

24-10-2024T23:13:50 - [TEST_STEP][PASSED] - if (isRequiredTextPresent): null

24-10-2024T23:13:50 - [TEST_STEP][PASSED] - if (verifyTextPresent("Payment Amount:  $10.50", false)): null

24-10-2024T23:13:51 - [MESSAGE][PASSED] - Text 'Payment Amount:  $10.50' is present on page 

24-10-2024T23:13:51 - [TEST_STEP][PASSED] - isRequiredTextPresent = true: null

24-10-2024T23:13:51 - [TEST_STEP][PASSED] - if (isRequiredTextPresent): null

24-10-2024T23:13:51 - [TEST_STEP][PASSED] - if (verifyTextPresent("Convenience Fees:  $2.00", false)): null

24-10-2024T23:13:51 - [MESSAGE][PASSED] - Text 'Convenience Fees:  $2.00' is present on page 

24-10-2024T23:13:51 - [TEST_STEP][PASSED] - isRequiredTextPresent = true: null

24-10-2024T23:13:51 - [TEST_STEP][PASSED] - if (isRequiredTextPresent): null

24-10-2024T23:13:51 - [TEST_STEP][PASSED] - if (verifyTextPresent("Total Amount:  $12.50", false)): null

24-10-2024T23:13:51 - [MESSAGE][PASSED] - Text 'Total Amount:  $12.50' is present on page 

24-10-2024T23:13:51 - [TEST_STEP][PASSED] - isRequiredTextPresent = true: null

24-10-2024T23:13:51 - [TEST_STEP][PASSED] - if (isRequiredTextPresent): null

24-10-2024T23:13:51 - [TEST_STEP][PASSED] - if (verifyTextPresent("Two transactions will appear on your bank statement, one in the amount of $10.50 and one in the amount of $2.00.", false)): null

24-10-2024T23:13:51 - [MESSAGE][PASSED] - Text 'Two transactions will appear on your bank statement, one in the amount of $10.50 and one in the amount of $2.00.' is present on page 

24-10-2024T23:13:51 - [TEST_STEP][PASSED] - isRequiredTextPresent = true: null

24-10-2024T23:13:51 - [TEST_STEP][PASSED] - Thread.sleep(10000): null

24-10-2024T23:14:01 - [TEST_STEP][PASSED] - click(findTestObject("Object Repository/IWP30/Page_ConvenienceFees/btn_convFeeNotifyAction")): Object: 'Object Repository/IWP30/Page_ConvenienceFees/btn_convFeeNotifyAction' is clicked on

24-10-2024T23:14:03 - [MESSAGE][PASSED] - Object: 'Object Repository/IWP30/Page_ConvenienceFees/btn_convFeeNotifyAction' is clicked on

24-10-2024T23:14:03 - [TEST_STEP][PASSED] - Thread.sleep(10000): null

24-10-2024T23:14:13 - [TEST_STEP][PASSED] - if (verifyTextPresent("Successful Payment Receipt", false)): null

24-10-2024T23:14:14 - [MESSAGE][PASSED] - Text 'Successful Payment Receipt' is present on page 

24-10-2024T23:14:14 - [TEST_STEP][PASSED] - println("Successful Payment Receipt text is present on the Receipt page"): null

24-10-2024T23:14:14 - [TEST_STEP][PASSED] - markPassed("Successful Payment Receipt text is present on the Receipt page"): Successful Payment Receipt text is present on the Receipt page

24-10-2024T23:14:14 - [MESSAGE][PASSED] - Successful Payment Receipt text is present on the Receipt page

24-10-2024T23:14:14 - [TEST_STEP][PASSED] - resText = "Pass": null

24-10-2024T23:14:14 - [TEST_STEP][PASSED] - pages.WriteExcel.demoKey(resText, datText, resColumn, datCloumn, fileLoc, nameSheet, row): pages.WriteExcel.demoKey is PASSED

24-10-2024T23:14:14 - [MESSAGE][PASSED] - pages.WriteExcel.demoKey is PASSED

24-10-2024T23:14:14 - [TEST_STEP][PASSED] - closeBrowser(): Browser is closed

24-10-2024T23:14:14 - [MESSAGE][PASSED] - Browser is closed

24-10-2024T23:14:14 - [TEST_STEP][PASSED] - ExecuteTC = findTestData(dataFile).getValue("Execute", row): null

24-10-2024T23:14:14 - [TEST_STEP][PASSED] - out.println("Value of Execute is : " + ExecuteTC): null

24-10-2024T23:14:14 - [TEST_STEP][PASSED] - if (ExecuteTC.equalsIgnoreCase("Y")): null

24-10-2024T23:14:14 - [TEST_STEP][PASSED] - out.println("Begin Record Number: " + row): null

24-10-2024T23:14:14 - [TEST_STEP][PASSED] - today = new java.util.Date(): null

24-10-2024T23:14:14 - [TEST_STEP][PASSED] - println(today): null

24-10-2024T23:14:14 - [TEST_STEP][PASSED] - datText = today: null

24-10-2024T23:14:14 - [TEST_STEP][PASSED] - EmulatorDataKey = findTestData(dataFile).getValue("EmulatorData", row): null

24-10-2024T23:14:14 - [TEST_STEP][PASSED] - out.println("Value of Emulator Key is : " + EmulatorDataKey): null

24-10-2024T23:14:14 - [TEST_STEP][PASSED] - iwpPages.emulatorIWP30.setDataEmulator_DD(EmulatorDataKey): iwpPages.emulatorIWP30.setDataEmulator_DD is PASSED

24-10-2024T23:14:15 - [MESSAGE][INFO] - Starting 'Edge Chromium' driver

24-10-2024T23:14:15 - [MESSAGE][INFO] - User set preference: ['acceptInsecureCerts', 'true']

24-10-2024T23:14:17 - [MESSAGE][INFO] - Action delay is set to 0 milliseconds

24-10-2024T23:14:20 - [MESSAGE][PASSED] - Browser is opened with url: 'https://qa2.velocitypayment.com/agencyx/config.action?action=editor&message_version=3_0'

24-10-2024T23:14:21 - [MESSAGE][PASSED] - Current window maximized

24-10-2024T23:14:52 - [MESSAGE][INFO] - Unable to find the element located by 'By.xpath: //select[@name='message_version']'. Please recheck the objects properties to make sure the desired element is located. 

24-10-2024T23:14:52 - [MESSAGE][WARNING] - [SELF-HEALING] Failed to find element with id 'Object Repository/IWP30/Page_VRelay30Emulator/MV'. Try using Self-healing.

24-10-2024T23:14:52 - [MESSAGE][WARNING] - [SELF-HEALING] The current locator of test object 'Object Repository/IWP30/Page_VRelay30Emulator/MV' was broken. Propose an alternative one: '(.//*[normalize-space(text()) and normalize-space(.)='Message Version'])[1]/following::select[1]'.

24-10-2024T23:14:52 - [MESSAGE][PASSED] - All options with value '3.0' are selected in object 'Object Repository/IWP30/Page_VRelay30Emulator/MV'  using regular expression

24-10-2024T23:14:53 - [MESSAGE][PASSED] - Text '10.50' is set on object 'Object Repository/IWP30/Page_EmulatorAgencyX/Amount'

24-10-2024T23:14:54 - [MESSAGE][PASSED] - Text 'etvrYDYZOUbl' is set on object 'Object Repository/IWP30/Page_EmulatorAgencyX/CAN'

24-10-2024T23:14:54 - [MESSAGE][PASSED] - Text 'PayNow' is set on object 'Object Repository/IWP30/Page_EmulatorAgencyX/Action'

24-10-2024T23:14:55 - [MESSAGE][PASSED] - Text 'en_US' is set on object 'Object Repository/IWP30/Page_EmulatorAgencyX/Lang'

24-10-2024T23:14:56 - [MESSAGE][PASSED] - Text 'Jasmine' is set on object 'Object Repository/IWP30/Page_EmulatorAgencyX/Fname'

24-10-2024T23:14:56 - [MESSAGE][PASSED] - Text 'Patrinol' is set on object 'Object Repository/IWP30/Page_EmulatorAgencyX/Lname'

24-10-2024T23:14:57 - [MESSAGE][PASSED] - Text '258 Underwood rd' is set on object 'Object Repository/IWP30/Page_EmulatorAgencyX/AL1'

24-10-2024T23:14:57 - [MESSAGE][PASSED] - Text 'Suite 600' is set on object 'Object Repository/IWP30/Page_EmulatorAgencyX/AL2'

24-10-2024T23:14:58 - [MESSAGE][PASSED] - Text '840' is set on object 'Object Repository/IWP30/Page_EmulatorAgencyX/Country'

24-10-2024T23:14:59 - [MESSAGE][PASSED] - Text 'Arlington' is set on object 'Object Repository/IWP30/Page_EmulatorAgencyX/City'

24-10-2024T23:14:59 - [MESSAGE][PASSED] - Text 'VA' is set on object 'Object Repository/IWP30/Page_EmulatorAgencyX/State'

24-10-2024T23:15:00 - [MESSAGE][PASSED] - Text '22201' is set on object 'Object Repository/IWP30/Page_EmulatorAgencyX/ZIP'

24-10-2024T23:15:00 - [MESSAGE][PASSED] - Text '' is set on object 'Object Repository/IWP30/Page_EmulatorAgencyX/Order'

24-10-2024T23:15:01 - [MESSAGE][PASSED] - Text 'Some Company' is set on object 'Object Repository/IWP30/Page_EmulatorAgencyX/Company'

24-10-2024T23:15:01 - [MESSAGE][PASSED] - Text 'iahmed@govolution.com' is set on object 'Object Repository/IWP30/Page_EmulatorAgencyX/Email'

24-10-2024T23:15:02 - [MESSAGE][PASSED] - Text 'udf data 1' is set on object 'Object Repository/IWP30/Page_EmulatorAgencyX/UDF1'

24-10-2024T23:15:03 - [MESSAGE][PASSED] - Text 'udf data 2' is set on object 'Object Repository/IWP30/Page_EmulatorAgencyX/UDF2'

24-10-2024T23:15:03 - [MESSAGE][PASSED] - Text 'udf data 3' is set on object 'Object Repository/IWP30/Page_EmulatorAgencyX/UDF3'

24-10-2024T23:15:04 - [MESSAGE][PASSED] - Text 'udf data 4' is set on object 'Object Repository/IWP30/Page_EmulatorAgencyX/UDF4'

24-10-2024T23:15:04 - [MESSAGE][PASSED] - Text 'udf data 5' is set on object 'Object Repository/IWP30/Page_EmulatorAgencyX/UDF5'

24-10-2024T23:15:05 - [MESSAGE][PASSED] - Text 'udf data 6' is set on object 'Object Repository/IWP30/Page_EmulatorAgencyX/UDF6'

24-10-2024T23:15:06 - [MESSAGE][PASSED] - Text 'Orange' is set on object 'Object Repository/IWP30/Page_EmulatorAgencyX/UDF7'

24-10-2024T23:15:06 - [MESSAGE][PASSED] - Text 'Soccer' is set on object 'Object Repository/IWP30/Page_EmulatorAgencyX/UDF8'

24-10-2024T23:15:07 - [MESSAGE][PASSED] - Text 'udf data 9' is set on object 'Object Repository/IWP30/Page_EmulatorAgencyX/UDF9'

24-10-2024T23:15:07 - [MESSAGE][PASSED] - Text 'udf data 10' is set on object 'Object Repository/IWP30/Page_EmulatorAgencyX/UDF10'

24-10-2024T23:15:09 - [MESSAGE][PASSED] - Object: 'Object Repository/IWP30/Page_EmulatorAgencyX/Submit' is clicked on

24-10-2024T23:15:13 - [MESSAGE][PASSED] - Browser is closed

24-10-2024T23:15:17 - [MESSAGE][PASSED] - iwpPages.emulatorIWP30.setDataEmulator_DD is PASSED

24-10-2024T23:15:17 - [TEST_STEP][PASSED] - testHarnessURL = urlTestHarness: null

24-10-2024T23:15:17 - [TEST_STEP][PASSED] - openBrowser(testHarnessURL): Browser is opened with url: 'https://dev-algorithm.govolution.com/vrelaytest/QA2/version_2_2/vrelaytest.html'

24-10-2024T23:15:17 - [MESSAGE][INFO] - Starting 'Edge Chromium' driver

24-10-2024T23:15:17 - [MESSAGE][INFO] - User set preference: ['acceptInsecureCerts', 'true']

24-10-2024T23:15:19 - [MESSAGE][INFO] - Action delay is set to 0 milliseconds

24-10-2024T23:15:23 - [MESSAGE][PASSED] - Browser is opened with url: 'https://dev-algorithm.govolution.com/vrelaytest/QA2/version_2_2/vrelaytest.html'

24-10-2024T23:15:23 - [TEST_STEP][PASSED] - maximizeWindow(): Current window maximized

24-10-2024T23:15:23 - [MESSAGE][PASSED] - Current window maximized

24-10-2024T23:15:23 - [TEST_STEP][PASSED] - iwpPages.TestHarnessPage.setDataMethod(row, dataFile): iwpPages.TestHarnessPage.setDataMethod is PASSED

24-10-2024T23:15:23 - [MESSAGE][PASSED] - Object 'Object Repository/IWP30/Page_QATestHarness/RemittanceID' is present

24-10-2024T23:15:24 - [MESSAGE][PASSED] - Text '651' is set on object 'Object Repository/IWP30/Page_QATestHarness/ApplicationID'

24-10-2024T23:15:24 - [MESSAGE][PASSED] - Text '3.0' is set on object 'Object Repository/IWP30/Page_QATestHarness/MessageVersion'

24-10-2024T23:15:25 - [MESSAGE][PASSED] - Text 'wpamlFrqTsdK' is set on object 'Object Repository/IWP30/Page_QATestHarness/RemittanceID'

24-10-2024T23:15:29 - [MESSAGE][PASSED] - Object: 'Object Repository/IWP30/Page_QATestHarness/SubmitButton' is clicked on

24-10-2024T23:15:29 - [MESSAGE][PASSED] - iwpPages.TestHarnessPage.setDataMethod is PASSED

24-10-2024T23:15:29 - [TEST_STEP][PASSED] - click(findTestObject("Object Repository/IWP30/Page_SelectPaymentMethod/PayByCreditCard")): Object: 'Object Repository/IWP30/Page_SelectPaymentMethod/PayByCreditCard' is clicked on

24-10-2024T23:15:29 - [MESSAGE][PASSED] - Object: 'Object Repository/IWP30/Page_SelectPaymentMethod/PayByCreditCard' is clicked on

24-10-2024T23:15:29 - [TEST_STEP][PASSED] - click(findTestObject("Object Repository/IWP30/Page_SelectPaymentMethod/MakePaymentButton")): Object: 'Object Repository/IWP30/Page_SelectPaymentMethod/MakePaymentButton' is clicked on

24-10-2024T23:15:32 - [MESSAGE][PASSED] - Object: 'Object Repository/IWP30/Page_SelectPaymentMethod/MakePaymentButton' is clicked on

24-10-2024T23:15:32 - [TEST_STEP][PASSED] - iwpPages.ccPaymentEntryPage.setDataCCPM(row, dataFile): iwpPages.ccPaymentEntryPage.setDataCCPM is PASSED

24-10-2024T23:15:33 - [MESSAGE][PASSED] - Object 'Object Repository/IWP30/Page_CCPaymentEntry/Name' is present

24-10-2024T23:15:34 - [MESSAGE][PASSED] - All options with label 'Soccer' are selected in object 'Object Repository/IWP30/Page_CCPaymentEntry/UserDefined8' 

24-10-2024T23:15:34 - [MESSAGE][PASSED] - Object 'Object Repository/IWP30/Page_CCPaymentEntry/Name' is present

24-10-2024T23:15:34 - [MESSAGE][PASSED] - Object 'Object Repository/IWP30/Page_CCPaymentEntry/CardNumber' is present

24-10-2024T23:15:35 - [MESSAGE][PASSED] - Text '4761730000000011' is set on object 'Object Repository/IWP30/Page_CCPaymentEntry/CardNumber'

24-10-2024T23:15:35 - [MESSAGE][PASSED] - Text '123' is set on object 'Object Repository/IWP30/Page_CCPaymentEntry/SPC'

24-10-2024T23:15:36 - [MESSAGE][PASSED] - Object 'Object Repository/IWP30/Page_CCPaymentEntry/Month' is present

24-10-2024T23:15:36 - [MESSAGE][PASSED] - All options with label '09' are selected in object 'Object Repository/IWP30/Page_CCPaymentEntry/Month' 

24-10-2024T23:15:37 - [MESSAGE][PASSED] - Object 'Object Repository/IWP30/Page_CCPaymentEntry/Year' is present

24-10-2024T23:15:37 - [MESSAGE][PASSED] - All options with label '2028' are selected in object 'Object Repository/IWP30/Page_CCPaymentEntry/Year' 

24-10-2024T23:15:37 - [MESSAGE][PASSED] - Object 'Object Repository/IWP30/Page_CCPaymentEntry/EmailAddress' is present

24-10-2024T23:15:38 - [MESSAGE][PASSED] - Object 'Object Repository/IWP30/Page_CCPaymentEntry/TermCondCheckBox' is present

24-10-2024T23:15:38 - [MESSAGE][PASSED] - Object 'Object Repository/IWP30/Page_CCPaymentEntry/TermCondCheckBox' is checked

24-10-2024T23:15:38 - [MESSAGE][PASSED] - Object 'Object Repository/IWP30/Page_CCPaymentEntry/ContinueButton' is present

24-10-2024T23:15:40 - [MESSAGE][PASSED] - Object: 'Object Repository/IWP30/Page_CCPaymentEntry/ContinueButton' is clicked on

24-10-2024T23:15:40 - [MESSAGE][PASSED] - iwpPages.ccPaymentEntryPage.setDataCCPM is PASSED

24-10-2024T23:15:40 - [TEST_STEP][PASSED] - click(findTestObject("Object Repository/IWP30/Page_Confirmation/ConfirmButton")): Object: 'Object Repository/IWP30/Page_Confirmation/ConfirmButton' is clicked on

24-10-2024T23:15:41 - [MESSAGE][PASSED] - Object: 'Object Repository/IWP30/Page_Confirmation/ConfirmButton' is clicked on

24-10-2024T23:15:41 - [TEST_STEP][PASSED] - Thread.sleep(5000): null

24-10-2024T23:15:46 - [TEST_STEP][PASSED] - println("I am on real estate page"): null

24-10-2024T23:15:46 - [TEST_STEP][PASSED] - if (verifyTextPresent("Make a Real Estate Payment", false)): null

24-10-2024T23:15:46 - [MESSAGE][PASSED] - Text 'Make a Real Estate Payment' is present on page 

24-10-2024T23:15:46 - [TEST_STEP][PASSED] - isRequiredTextPresent = true: null

24-10-2024T23:15:46 - [TEST_STEP][PASSED] - println(isRequiredTextPresent): null

24-10-2024T23:15:46 - [TEST_STEP][PASSED] - if (isRequiredTextPresent): null

24-10-2024T23:15:46 - [TEST_STEP][PASSED] - if (verifyTextPresent("This transaction is subject to a Convenience Fees of $2.00.", false)): null

24-10-2024T23:15:47 - [MESSAGE][PASSED] - Text 'This transaction is subject to a Convenience Fees of $2.00.' is present on page 

24-10-2024T23:15:47 - [TEST_STEP][PASSED] - isRequiredTextPresent = true: null

24-10-2024T23:15:47 - [TEST_STEP][PASSED] - println(isRequiredTextPresent): null

24-10-2024T23:15:47 - [TEST_STEP][PASSED] - if (isRequiredTextPresent): null

24-10-2024T23:15:47 - [TEST_STEP][PASSED] - if (verifyTextPresent("Payment Amount:  $10.50", false)): null

24-10-2024T23:15:47 - [MESSAGE][PASSED] - Text 'Payment Amount:  $10.50' is present on page 

24-10-2024T23:15:47 - [TEST_STEP][PASSED] - isRequiredTextPresent = true: null

24-10-2024T23:15:47 - [TEST_STEP][PASSED] - if (isRequiredTextPresent): null

24-10-2024T23:15:47 - [TEST_STEP][PASSED] - if (verifyTextPresent("Convenience Fees:  $2.00", false)): null

24-10-2024T23:15:47 - [MESSAGE][PASSED] - Text 'Convenience Fees:  $2.00' is present on page 

24-10-2024T23:15:47 - [TEST_STEP][PASSED] - isRequiredTextPresent = true: null

24-10-2024T23:15:47 - [TEST_STEP][PASSED] - if (isRequiredTextPresent): null

24-10-2024T23:15:47 - [TEST_STEP][PASSED] - if (verifyTextPresent("Total Amount:  $12.50", false)): null

24-10-2024T23:15:48 - [MESSAGE][PASSED] - Text 'Total Amount:  $12.50' is present on page 

24-10-2024T23:15:48 - [TEST_STEP][PASSED] - isRequiredTextPresent = true: null

24-10-2024T23:15:48 - [TEST_STEP][PASSED] - if (isRequiredTextPresent): null

24-10-2024T23:15:48 - [TEST_STEP][PASSED] - if (verifyTextPresent("Two transactions will appear on your bank statement, one in the amount of $10.50 and one in the amount of $2.00.", false)): null

24-10-2024T23:15:48 - [MESSAGE][PASSED] - Text 'Two transactions will appear on your bank statement, one in the amount of $10.50 and one in the amount of $2.00.' is present on page 

24-10-2024T23:15:48 - [TEST_STEP][PASSED] - isRequiredTextPresent = true: null

24-10-2024T23:15:48 - [TEST_STEP][PASSED] - Thread.sleep(10000): null

24-10-2024T23:15:58 - [TEST_STEP][PASSED] - click(findTestObject("Object Repository/IWP30/Page_ConvenienceFees/btn_convFeeNotifyAction")): Object: 'Object Repository/IWP30/Page_ConvenienceFees/btn_convFeeNotifyAction' is clicked on

24-10-2024T23:15:59 - [MESSAGE][PASSED] - Object: 'Object Repository/IWP30/Page_ConvenienceFees/btn_convFeeNotifyAction' is clicked on

24-10-2024T23:15:59 - [TEST_STEP][PASSED] - Thread.sleep(10000): null

24-10-2024T23:16:09 - [TEST_STEP][PASSED] - if (verifyTextPresent("Successful Payment Receipt", false)): null

24-10-2024T23:16:10 - [MESSAGE][PASSED] - Text 'Successful Payment Receipt' is present on page 

24-10-2024T23:16:10 - [TEST_STEP][PASSED] - println("Successful Payment Receipt text is present on the Receipt page"): null

24-10-2024T23:16:10 - [TEST_STEP][PASSED] - markPassed("Successful Payment Receipt text is present on the Receipt page"): Successful Payment Receipt text is present on the Receipt page

24-10-2024T23:16:10 - [MESSAGE][PASSED] - Successful Payment Receipt text is present on the Receipt page

24-10-2024T23:16:10 - [TEST_STEP][PASSED] - resText = "Pass": null

24-10-2024T23:16:10 - [TEST_STEP][PASSED] - pages.WriteExcel.demoKey(resText, datText, resColumn, datCloumn, fileLoc, nameSheet, row): pages.WriteExcel.demoKey is PASSED

24-10-2024T23:16:10 - [MESSAGE][PASSED] - pages.WriteExcel.demoKey is PASSED

24-10-2024T23:16:10 - [TEST_STEP][PASSED] - closeBrowser(): Browser is closed

24-10-2024T23:16:10 - [MESSAGE][PASSED] - Browser is closed

24-10-2024T23:16:10 - [TEST_STEP][PASSED] - ExecuteTC = findTestData(dataFile).getValue("Execute", row): null

24-10-2024T23:16:10 - [TEST_STEP][PASSED] - out.println("Value of Execute is : " + ExecuteTC): null

24-10-2024T23:16:10 - [TEST_STEP][PASSED] - if (ExecuteTC.equalsIgnoreCase("Y")): null

24-10-2024T23:16:10 - [TEST_STEP][PASSED] - out.println("Begin Record Number: " + row): null

24-10-2024T23:16:10 - [TEST_STEP][PASSED] - today = new java.util.Date(): null

24-10-2024T23:16:10 - [TEST_STEP][PASSED] - println(today): null

24-10-2024T23:16:10 - [TEST_STEP][PASSED] - datText = today: null

24-10-2024T23:16:10 - [TEST_STEP][PASSED] - EmulatorDataKey = findTestData(dataFile).getValue("EmulatorData", row): null

24-10-2024T23:16:10 - [TEST_STEP][PASSED] - out.println("Value of Emulator Key is : " + EmulatorDataKey): null

24-10-2024T23:16:10 - [TEST_STEP][PASSED] - iwpPages.emulatorIWP30.setDataEmulator_DD(EmulatorDataKey): iwpPages.emulatorIWP30.setDataEmulator_DD is PASSED

24-10-2024T23:16:11 - [MESSAGE][INFO] - Starting 'Edge Chromium' driver

24-10-2024T23:16:11 - [MESSAGE][INFO] - User set preference: ['acceptInsecureCerts', 'true']

24-10-2024T23:16:13 - [MESSAGE][INFO] - Action delay is set to 0 milliseconds

24-10-2024T23:16:17 - [MESSAGE][PASSED] - Browser is opened with url: 'https://qa2.velocitypayment.com/agencyx/config.action?action=editor&message_version=3_0'

24-10-2024T23:16:17 - [MESSAGE][PASSED] - Current window maximized

24-10-2024T23:16:48 - [MESSAGE][INFO] - Unable to find the element located by 'By.xpath: //select[@name='message_version']'. Please recheck the objects properties to make sure the desired element is located. 

24-10-2024T23:16:48 - [MESSAGE][WARNING] - [SELF-HEALING] Failed to find element with id 'Object Repository/IWP30/Page_VRelay30Emulator/MV'. Try using Self-healing.

24-10-2024T23:16:48 - [MESSAGE][WARNING] - [SELF-HEALING] The current locator of test object 'Object Repository/IWP30/Page_VRelay30Emulator/MV' was broken. Propose an alternative one: '(.//*[normalize-space(text()) and normalize-space(.)='Message Version'])[1]/following::select[1]'.

24-10-2024T23:16:49 - [MESSAGE][PASSED] - All options with value '3.0' are selected in object 'Object Repository/IWP30/Page_VRelay30Emulator/MV'  using regular expression

24-10-2024T23:16:50 - [MESSAGE][PASSED] - Text '10.50' is set on object 'Object Repository/IWP30/Page_EmulatorAgencyX/Amount'

24-10-2024T23:16:50 - [MESSAGE][PASSED] - Text 'BZSKthXYDOGg' is set on object 'Object Repository/IWP30/Page_EmulatorAgencyX/CAN'

24-10-2024T23:16:51 - [MESSAGE][PASSED] - Text 'PayNow' is set on object 'Object Repository/IWP30/Page_EmulatorAgencyX/Action'

24-10-2024T23:16:51 - [MESSAGE][PASSED] - Text 'en_US' is set on object 'Object Repository/IWP30/Page_EmulatorAgencyX/Lang'

24-10-2024T23:16:52 - [MESSAGE][PASSED] - Text '' is set on object 'Object Repository/IWP30/Page_EmulatorAgencyX/Fname'

24-10-2024T23:16:52 - [MESSAGE][PASSED] - Text '' is set on object 'Object Repository/IWP30/Page_EmulatorAgencyX/Lname'

24-10-2024T23:16:53 - [MESSAGE][PASSED] - Text '' is set on object 'Object Repository/IWP30/Page_EmulatorAgencyX/AL1'

24-10-2024T23:16:54 - [MESSAGE][PASSED] - Text '' is set on object 'Object Repository/IWP30/Page_EmulatorAgencyX/AL2'

24-10-2024T23:16:54 - [MESSAGE][PASSED] - Text '' is set on object 'Object Repository/IWP30/Page_EmulatorAgencyX/Country'

24-10-2024T23:16:55 - [MESSAGE][PASSED] - Text '' is set on object 'Object Repository/IWP30/Page_EmulatorAgencyX/City'

24-10-2024T23:16:55 - [MESSAGE][PASSED] - Text '' is set on object 'Object Repository/IWP30/Page_EmulatorAgencyX/State'

24-10-2024T23:16:56 - [MESSAGE][PASSED] - Text '' is set on object 'Object Repository/IWP30/Page_EmulatorAgencyX/ZIP'

24-10-2024T23:16:56 - [MESSAGE][PASSED] - Text '' is set on object 'Object Repository/IWP30/Page_EmulatorAgencyX/Order'

24-10-2024T23:16:57 - [MESSAGE][PASSED] - Text '' is set on object 'Object Repository/IWP30/Page_EmulatorAgencyX/Company'

24-10-2024T23:16:58 - [MESSAGE][PASSED] - Text '' is set on object 'Object Repository/IWP30/Page_EmulatorAgencyX/Email'

24-10-2024T23:16:58 - [MESSAGE][PASSED] - Text '' is set on object 'Object Repository/IWP30/Page_EmulatorAgencyX/UDF1'

24-10-2024T23:16:59 - [MESSAGE][PASSED] - Text '' is set on object 'Object Repository/IWP30/Page_EmulatorAgencyX/UDF2'

24-10-2024T23:16:59 - [MESSAGE][PASSED] - Text '' is set on object 'Object Repository/IWP30/Page_EmulatorAgencyX/UDF3'

24-10-2024T23:17:00 - [MESSAGE][PASSED] - Text 'udf data 4' is set on object 'Object Repository/IWP30/Page_EmulatorAgencyX/UDF4'

24-10-2024T23:17:01 - [MESSAGE][PASSED] - Text 'udf data 5' is set on object 'Object Repository/IWP30/Page_EmulatorAgencyX/UDF5'

24-10-2024T23:17:01 - [MESSAGE][PASSED] - Text '' is set on object 'Object Repository/IWP30/Page_EmulatorAgencyX/UDF6'

24-10-2024T23:17:02 - [MESSAGE][PASSED] - Text '' is set on object 'Object Repository/IWP30/Page_EmulatorAgencyX/UDF7'

24-10-2024T23:17:02 - [MESSAGE][PASSED] - Text '' is set on object 'Object Repository/IWP30/Page_EmulatorAgencyX/UDF8'

24-10-2024T23:17:03 - [MESSAGE][PASSED] - Text 'udf data 9' is set on object 'Object Repository/IWP30/Page_EmulatorAgencyX/UDF9'

24-10-2024T23:17:03 - [MESSAGE][PASSED] - Text 'udf data 10' is set on object 'Object Repository/IWP30/Page_EmulatorAgencyX/UDF10'

24-10-2024T23:17:05 - [MESSAGE][PASSED] - Object: 'Object Repository/IWP30/Page_EmulatorAgencyX/Submit' is clicked on

24-10-2024T23:17:09 - [MESSAGE][PASSED] - Browser is closed

24-10-2024T23:17:13 - [MESSAGE][PASSED] - iwpPages.emulatorIWP30.setDataEmulator_DD is PASSED

24-10-2024T23:17:13 - [TEST_STEP][PASSED] - testHarnessURL = urlTestHarness: null

24-10-2024T23:17:13 - [TEST_STEP][PASSED] - openBrowser(testHarnessURL): Browser is opened with url: 'https://dev-algorithm.govolution.com/vrelaytest/QA2/version_2_2/vrelaytest.html'

24-10-2024T23:17:13 - [MESSAGE][INFO] - Starting 'Edge Chromium' driver

24-10-2024T23:17:13 - [MESSAGE][INFO] - User set preference: ['acceptInsecureCerts', 'true']

24-10-2024T23:17:15 - [MESSAGE][INFO] - Action delay is set to 0 milliseconds

24-10-2024T23:17:19 - [MESSAGE][PASSED] - Browser is opened with url: 'https://dev-algorithm.govolution.com/vrelaytest/QA2/version_2_2/vrelaytest.html'

24-10-2024T23:17:19 - [TEST_STEP][PASSED] - maximizeWindow(): Current window maximized

24-10-2024T23:17:19 - [MESSAGE][PASSED] - Current window maximized

24-10-2024T23:17:19 - [TEST_STEP][PASSED] - iwpPages.TestHarnessPage.setDataMethod(row, dataFile): iwpPages.TestHarnessPage.setDataMethod is PASSED

24-10-2024T23:17:19 - [MESSAGE][PASSED] - Object 'Object Repository/IWP30/Page_QATestHarness/RemittanceID' is present

24-10-2024T23:17:20 - [MESSAGE][PASSED] - Text '651' is set on object 'Object Repository/IWP30/Page_QATestHarness/ApplicationID'

24-10-2024T23:17:20 - [MESSAGE][PASSED] - Text '3.0' is set on object 'Object Repository/IWP30/Page_QATestHarness/MessageVersion'

24-10-2024T23:17:21 - [MESSAGE][PASSED] - Text 'xGvfxSNLEsTd' is set on object 'Object Repository/IWP30/Page_QATestHarness/RemittanceID'

24-10-2024T23:17:25 - [MESSAGE][PASSED] - Object: 'Object Repository/IWP30/Page_QATestHarness/SubmitButton' is clicked on

24-10-2024T23:17:25 - [MESSAGE][PASSED] - iwpPages.TestHarnessPage.setDataMethod is PASSED

24-10-2024T23:17:25 - [TEST_STEP][PASSED] - click(findTestObject("Object Repository/IWP30/Page_SelectPaymentMethod/PayByCreditCard")): Object: 'Object Repository/IWP30/Page_SelectPaymentMethod/PayByCreditCard' is clicked on

24-10-2024T23:17:25 - [MESSAGE][PASSED] - Object: 'Object Repository/IWP30/Page_SelectPaymentMethod/PayByCreditCard' is clicked on

24-10-2024T23:17:25 - [TEST_STEP][PASSED] - click(findTestObject("Object Repository/IWP30/Page_SelectPaymentMethod/MakePaymentButton")): Object: 'Object Repository/IWP30/Page_SelectPaymentMethod/MakePaymentButton' is clicked on

24-10-2024T23:17:28 - [MESSAGE][PASSED] - Object: 'Object Repository/IWP30/Page_SelectPaymentMethod/MakePaymentButton' is clicked on

24-10-2024T23:17:28 - [TEST_STEP][PASSED] - iwpPages.ccPaymentEntryPage.setDataCCPM(row, dataFile): iwpPages.ccPaymentEntryPage.setDataCCPM is PASSED

24-10-2024T23:17:29 - [MESSAGE][PASSED] - Object 'Object Repository/IWP30/Page_CCPaymentEntry/Name' is present

24-10-2024T23:17:30 - [MESSAGE][PASSED] - Text '10.50' is set on object 'Object Repository/IWP30/Page_CCPaymentEntry/Amount'

24-10-2024T23:17:30 - [MESSAGE][PASSED] - Text 'udf data 2' is set on object 'Object Repository/IWP30/Page_CCPaymentEntry/UserDefined2'

24-10-2024T23:17:31 - [MESSAGE][PASSED] - Text 'udf data 3' is set on object 'Object Repository/IWP30/Page_CCPaymentEntry/UserDefined3'

24-10-2024T23:17:32 - [MESSAGE][PASSED] - All options with label 'Orange' are selected in object 'Object Repository/IWP30/Page_CCPaymentEntry/UserDefined7' 

24-10-2024T23:17:32 - [MESSAGE][PASSED] - All options with label 'Soccer' are selected in object 'Object Repository/IWP30/Page_CCPaymentEntry/UserDefined8' 

24-10-2024T23:17:32 - [MESSAGE][PASSED] - Object 'Object Repository/IWP30/Page_CCPaymentEntry/Name' is present

24-10-2024T23:17:33 - [MESSAGE][PASSED] - Text 'Kavita Ranawati' is set on object 'Object Repository/IWP30/Page_CCPaymentEntry/Name'

24-10-2024T23:17:33 - [MESSAGE][PASSED] - Object 'Object Repository/IWP30/Page_CCPaymentEntry/CardNumber' is present

24-10-2024T23:17:34 - [MESSAGE][PASSED] - Text '4111111111111111' is set on object 'Object Repository/IWP30/Page_CCPaymentEntry/CardNumber'

24-10-2024T23:17:34 - [MESSAGE][PASSED] - Text '123' is set on object 'Object Repository/IWP30/Page_CCPaymentEntry/SPC'

24-10-2024T23:17:35 - [MESSAGE][PASSED] - Object 'Object Repository/IWP30/Page_CCPaymentEntry/Month' is present

24-10-2024T23:17:36 - [MESSAGE][PASSED] - All options with label '09' are selected in object 'Object Repository/IWP30/Page_CCPaymentEntry/Month' 

24-10-2024T23:17:36 - [MESSAGE][PASSED] - Object 'Object Repository/IWP30/Page_CCPaymentEntry/Year' is present

24-10-2024T23:17:37 - [MESSAGE][PASSED] - All options with label '2028' are selected in object 'Object Repository/IWP30/Page_CCPaymentEntry/Year' 

24-10-2024T23:17:37 - [MESSAGE][PASSED] - Text '365 Main Avenue' is set on object 'Object Repository/IWP30/Page_CCPaymentEntry/AL1'

24-10-2024T23:17:38 - [MESSAGE][PASSED] - Text '22201' is set on object 'Object Repository/IWP30/Page_CCPaymentEntry/ZIP'

24-10-2024T23:17:38 - [MESSAGE][PASSED] - Object 'Object Repository/IWP30/Page_CCPaymentEntry/EmailAddress' is present

24-10-2024T23:17:39 - [MESSAGE][PASSED] - Text 'iahmed@govolution.com' is set on object 'Object Repository/IWP30/Page_CCPaymentEntry/EmailAddress'

24-10-2024T23:17:39 - [MESSAGE][PASSED] - Object 'Object Repository/IWP30/Page_CCPaymentEntry/TermCondCheckBox' is present

24-10-2024T23:17:40 - [MESSAGE][PASSED] - Object 'Object Repository/IWP30/Page_CCPaymentEntry/TermCondCheckBox' is checked

24-10-2024T23:17:40 - [MESSAGE][PASSED] - Object 'Object Repository/IWP30/Page_CCPaymentEntry/ContinueButton' is present

24-10-2024T23:17:41 - [MESSAGE][PASSED] - Object: 'Object Repository/IWP30/Page_CCPaymentEntry/ContinueButton' is clicked on

24-10-2024T23:17:41 - [MESSAGE][PASSED] - iwpPages.ccPaymentEntryPage.setDataCCPM is PASSED

24-10-2024T23:17:41 - [TEST_STEP][PASSED] - click(findTestObject("Object Repository/IWP30/Page_Confirmation/ConfirmButton")): Object: 'Object Repository/IWP30/Page_Confirmation/ConfirmButton' is clicked on

24-10-2024T23:17:43 - [MESSAGE][PASSED] - Object: 'Object Repository/IWP30/Page_Confirmation/ConfirmButton' is clicked on

24-10-2024T23:17:43 - [TEST_STEP][PASSED] - Thread.sleep(5000): null

24-10-2024T23:17:48 - [TEST_STEP][PASSED] - println("I am on real estate page"): null

24-10-2024T23:17:48 - [TEST_STEP][PASSED] - if (verifyTextPresent("Make a Real Estate Payment", false)): null

24-10-2024T23:17:48 - [MESSAGE][PASSED] - Text 'Make a Real Estate Payment' is present on page 

24-10-2024T23:17:48 - [TEST_STEP][PASSED] - isRequiredTextPresent = true: null

24-10-2024T23:17:48 - [TEST_STEP][PASSED] - println(isRequiredTextPresent): null

24-10-2024T23:17:48 - [TEST_STEP][PASSED] - if (isRequiredTextPresent): null

24-10-2024T23:17:48 - [TEST_STEP][PASSED] - if (verifyTextPresent("This transaction is subject to a Convenience Fees of $2.00.", false)): null

24-10-2024T23:17:49 - [MESSAGE][PASSED] - Text 'This transaction is subject to a Convenience Fees of $2.00.' is present on page 

24-10-2024T23:17:49 - [TEST_STEP][PASSED] - isRequiredTextPresent = true: null

24-10-2024T23:17:49 - [TEST_STEP][PASSED] - println(isRequiredTextPresent): null

24-10-2024T23:17:49 - [TEST_STEP][PASSED] - if (isRequiredTextPresent): null

24-10-2024T23:17:49 - [TEST_STEP][PASSED] - if (verifyTextPresent("Payment Amount:  $10.50", false)): null

24-10-2024T23:17:49 - [MESSAGE][PASSED] - Text 'Payment Amount:  $10.50' is present on page 

24-10-2024T23:17:49 - [TEST_STEP][PASSED] - isRequiredTextPresent = true: null

24-10-2024T23:17:49 - [TEST_STEP][PASSED] - if (isRequiredTextPresent): null

24-10-2024T23:17:49 - [TEST_STEP][PASSED] - if (verifyTextPresent("Convenience Fees:  $2.00", false)): null

24-10-2024T23:17:49 - [MESSAGE][PASSED] - Text 'Convenience Fees:  $2.00' is present on page 

24-10-2024T23:17:49 - [TEST_STEP][PASSED] - isRequiredTextPresent = true: null

24-10-2024T23:17:49 - [TEST_STEP][PASSED] - if (isRequiredTextPresent): null

24-10-2024T23:17:49 - [TEST_STEP][PASSED] - if (verifyTextPresent("Total Amount:  $12.50", false)): null

24-10-2024T23:17:49 - [MESSAGE][PASSED] - Text 'Total Amount:  $12.50' is present on page 

24-10-2024T23:17:49 - [TEST_STEP][PASSED] - isRequiredTextPresent = true: null

24-10-2024T23:17:49 - [TEST_STEP][PASSED] - if (isRequiredTextPresent): null

24-10-2024T23:17:49 - [TEST_STEP][PASSED] - if (verifyTextPresent("Two transactions will appear on your bank statement, one in the amount of $10.50 and one in the amount of $2.00.", false)): null

24-10-2024T23:17:50 - [MESSAGE][PASSED] - Text 'Two transactions will appear on your bank statement, one in the amount of $10.50 and one in the amount of $2.00.' is present on page 

24-10-2024T23:17:50 - [TEST_STEP][PASSED] - isRequiredTextPresent = true: null

24-10-2024T23:17:50 - [TEST_STEP][PASSED] - Thread.sleep(10000): null

24-10-2024T23:18:00 - [TEST_STEP][PASSED] - click(findTestObject("Object Repository/IWP30/Page_ConvenienceFees/btn_convFeeNotifyAction")): Object: 'Object Repository/IWP30/Page_ConvenienceFees/btn_convFeeNotifyAction' is clicked on

24-10-2024T23:18:01 - [MESSAGE][PASSED] - Object: 'Object Repository/IWP30/Page_ConvenienceFees/btn_convFeeNotifyAction' is clicked on

24-10-2024T23:18:01 - [TEST_STEP][PASSED] - Thread.sleep(10000): null

24-10-2024T23:18:11 - [TEST_STEP][PASSED] - if (verifyTextPresent("Successful Payment Receipt", false)): null

24-10-2024T23:18:11 - [MESSAGE][PASSED] - Text 'Successful Payment Receipt' is present on page 

24-10-2024T23:18:11 - [TEST_STEP][PASSED] - println("Successful Payment Receipt text is present on the Receipt page"): null

24-10-2024T23:18:11 - [TEST_STEP][PASSED] - markPassed("Successful Payment Receipt text is present on the Receipt page"): Successful Payment Receipt text is present on the Receipt page

24-10-2024T23:18:11 - [MESSAGE][PASSED] - Successful Payment Receipt text is present on the Receipt page

24-10-2024T23:18:11 - [TEST_STEP][PASSED] - resText = "Pass": null

24-10-2024T23:18:11 - [TEST_STEP][PASSED] - pages.WriteExcel.demoKey(resText, datText, resColumn, datCloumn, fileLoc, nameSheet, row): pages.WriteExcel.demoKey is PASSED

24-10-2024T23:18:11 - [MESSAGE][PASSED] - pages.WriteExcel.demoKey is PASSED

24-10-2024T23:18:11 - [TEST_STEP][PASSED] - closeBrowser(): Browser is closed

24-10-2024T23:18:12 - [MESSAGE][PASSED] - Browser is closed]]></system-out>
         <system-err><![CDATA[]]></system-err>
      </testcase>
      <testcase name="Test Cases/IntegratedWeb/IWP25/Payments/PayNowCreditSCF" time="482.513" classname="Test Cases/IntegratedWeb/IWP25/Payments/PayNowCreditSCF" status="PASSED">
         <system-out><![CDATA[24-10-2024T23:18:12 - [TEST_CASE][PASSED] - Test Cases/IntegratedWeb/IWP25/Payments/PayNowCreditSCF: Test Cases/IntegratedWeb/IWP25/Payments/PayNowCreditSCF

24-10-2024T23:18:12 - [TEST_STEP][PASSED] - resText = "Fail": null

24-10-2024T23:18:12 - [TEST_STEP][PASSED] - resColumn = "Result": null

24-10-2024T23:18:12 - [TEST_STEP][PASSED] - datCloumn = "Date": null

24-10-2024T23:18:12 - [TEST_STEP][PASSED] - fileLoc = "KatalonData/IWPTestData/VRelay25Payments.xlsx": null

24-10-2024T23:18:12 - [TEST_STEP][PASSED] - numOfRows = <not implemented yet for class: org.codehaus.groovy.ast.expr.EmptyExpression>: null

24-10-2024T23:18:12 - [TEST_STEP][PASSED] - dataFile = <not implemented yet for class: org.codehaus.groovy.ast.expr.EmptyExpression>: null

24-10-2024T23:18:12 - [TEST_STEP][PASSED] - nameSheet = <not implemented yet for class: org.codehaus.groovy.ast.expr.EmptyExpression>: null

24-10-2024T23:18:12 - [TEST_STEP][PASSED] - dataFileEmulator = <not implemented yet for class: org.codehaus.groovy.ast.expr.EmptyExpression>: null

24-10-2024T23:18:12 - [TEST_STEP][PASSED] - isRequiredTextPresent = false: null

24-10-2024T23:18:12 - [TEST_STEP][PASSED] - nameSheet = "PayNowCreditSCF": null

24-10-2024T23:18:12 - [TEST_STEP][PASSED] - dataFile = "IWPTestData/PayNowCreditSCF": null

24-10-2024T23:18:12 - [TEST_STEP][PASSED] - dataFileEmulator = "IWPTestData/EmulatorData": null

24-10-2024T23:18:12 - [TEST_STEP][PASSED] - numOfRows = findTestData(dataFile).getRowNumbers(): null

24-10-2024T23:18:12 - [TEST_STEP][PASSED] - println("Number of Records: " + numOfRows): null

24-10-2024T23:18:12 - [TEST_STEP][PASSED] - for ([row = 1, row <= numOfRows, (row++)]): Browser is closed

24-10-2024T23:18:12 - [TEST_STEP][PASSED] - ExecuteTC = findTestData(dataFile).getValue("Execute", row): null

24-10-2024T23:18:12 - [TEST_STEP][PASSED] - out.println("Value of Execute is : " + ExecuteTC): null

24-10-2024T23:18:12 - [TEST_STEP][PASSED] - if (ExecuteTC.equalsIgnoreCase("Y")): null

24-10-2024T23:18:12 - [TEST_STEP][PASSED] - out.println("Begin Record Number: " + row): null

24-10-2024T23:18:12 - [TEST_STEP][PASSED] - today = new java.util.Date(): null

24-10-2024T23:18:12 - [TEST_STEP][PASSED] - println(today): null

24-10-2024T23:18:12 - [TEST_STEP][PASSED] - datText = today: null

24-10-2024T23:18:12 - [TEST_STEP][PASSED] - EmulatorDataKey = findTestData(dataFile).getValue("EmulatorData", row): null

24-10-2024T23:18:12 - [TEST_STEP][PASSED] - out.println("Value of Emulator Key is : " + EmulatorDataKey): null

24-10-2024T23:18:12 - [TEST_STEP][PASSED] - iwpPages.emulatorIWP30.setDataEmulator_DD(EmulatorDataKey): iwpPages.emulatorIWP30.setDataEmulator_DD is PASSED

24-10-2024T23:18:13 - [MESSAGE][INFO] - Starting 'Edge Chromium' driver

24-10-2024T23:18:13 - [MESSAGE][INFO] - User set preference: ['acceptInsecureCerts', 'true']

24-10-2024T23:18:15 - [MESSAGE][INFO] - Action delay is set to 0 milliseconds

24-10-2024T23:18:19 - [MESSAGE][PASSED] - Browser is opened with url: 'https://qa2.velocitypayment.com/agencyx/config.action?action=editor&message_version=2_5'

24-10-2024T23:18:19 - [MESSAGE][PASSED] - Current window maximized

24-10-2024T23:18:50 - [MESSAGE][INFO] - Unable to find the element located by 'By.xpath: //select[@name='message_version']'. Please recheck the objects properties to make sure the desired element is located. 

24-10-2024T23:18:50 - [MESSAGE][WARNING] - [SELF-HEALING] Failed to find element with id 'Object Repository/IWP30/Page_VRelay30Emulator/MV'. Try using Self-healing.

24-10-2024T23:18:50 - [MESSAGE][WARNING] - [SELF-HEALING] The current locator of test object 'Object Repository/IWP30/Page_VRelay30Emulator/MV' was broken. Propose an alternative one: '(.//*[normalize-space(text()) and normalize-space(.)='Message Version'])[1]/following::select[1]'.

24-10-2024T23:18:51 - [MESSAGE][PASSED] - All options with value '2.5' are selected in object 'Object Repository/IWP30/Page_VRelay30Emulator/MV'  using regular expression

24-10-2024T23:18:51 - [MESSAGE][PASSED] - Text '10.50' is set on object 'Object Repository/IWP30/Page_EmulatorAgencyX/Amount'

24-10-2024T23:18:52 - [MESSAGE][PASSED] - Text 'aBy2mx1hF8yV' is set on object 'Object Repository/IWP30/Page_EmulatorAgencyX/CAN'

24-10-2024T23:18:52 - [MESSAGE][PASSED] - Text 'PayNow' is set on object 'Object Repository/IWP30/Page_EmulatorAgencyX/Action'

24-10-2024T23:18:53 - [MESSAGE][PASSED] - Text 'en_US' is set on object 'Object Repository/IWP30/Page_EmulatorAgencyX/Lang'

24-10-2024T23:18:54 - [MESSAGE][PASSED] - Text 'Jasmine' is set on object 'Object Repository/IWP30/Page_EmulatorAgencyX/Fname'

24-10-2024T23:18:54 - [MESSAGE][PASSED] - Text 'Patrinol' is set on object 'Object Repository/IWP30/Page_EmulatorAgencyX/Lname'

24-10-2024T23:18:55 - [MESSAGE][PASSED] - Text '258 Underwood rd' is set on object 'Object Repository/IWP30/Page_EmulatorAgencyX/AL1'

24-10-2024T23:18:55 - [MESSAGE][PASSED] - Text 'Suite 600' is set on object 'Object Repository/IWP30/Page_EmulatorAgencyX/AL2'

24-10-2024T23:18:56 - [MESSAGE][PASSED] - Text '840' is set on object 'Object Repository/IWP30/Page_EmulatorAgencyX/Country'

24-10-2024T23:18:57 - [MESSAGE][PASSED] - Text 'Arlington' is set on object 'Object Repository/IWP30/Page_EmulatorAgencyX/City'

24-10-2024T23:18:57 - [MESSAGE][PASSED] - Text 'VA' is set on object 'Object Repository/IWP30/Page_EmulatorAgencyX/State'

24-10-2024T23:18:58 - [MESSAGE][PASSED] - Text '22201' is set on object 'Object Repository/IWP30/Page_EmulatorAgencyX/ZIP'

24-10-2024T23:18:58 - [MESSAGE][PASSED] - Text '' is set on object 'Object Repository/IWP30/Page_EmulatorAgencyX/Order'

24-10-2024T23:18:59 - [MESSAGE][PASSED] - Text 'Some Company' is set on object 'Object Repository/IWP30/Page_EmulatorAgencyX/Company'

24-10-2024T23:19:00 - [MESSAGE][PASSED] - Text 'iahmed@govolution.com' is set on object 'Object Repository/IWP30/Page_EmulatorAgencyX/Email'

24-10-2024T23:19:00 - [MESSAGE][PASSED] - Text 'udf data 1' is set on object 'Object Repository/IWP30/Page_EmulatorAgencyX/UDF1'

24-10-2024T23:19:01 - [MESSAGE][PASSED] - Text 'udf data 2' is set on object 'Object Repository/IWP30/Page_EmulatorAgencyX/UDF2'

24-10-2024T23:19:01 - [MESSAGE][PASSED] - Text 'udf data 3' is set on object 'Object Repository/IWP30/Page_EmulatorAgencyX/UDF3'

24-10-2024T23:19:02 - [MESSAGE][PASSED] - Text 'udf data 4' is set on object 'Object Repository/IWP30/Page_EmulatorAgencyX/UDF4'

24-10-2024T23:19:03 - [MESSAGE][PASSED] - Text 'udf data 5' is set on object 'Object Repository/IWP30/Page_EmulatorAgencyX/UDF5'

24-10-2024T23:19:03 - [MESSAGE][PASSED] - Text 'udf data 6' is set on object 'Object Repository/IWP30/Page_EmulatorAgencyX/UDF6'

24-10-2024T23:19:04 - [MESSAGE][PASSED] - Text 'Orange' is set on object 'Object Repository/IWP30/Page_EmulatorAgencyX/UDF7'

24-10-2024T23:19:04 - [MESSAGE][PASSED] - Text 'Soccer' is set on object 'Object Repository/IWP30/Page_EmulatorAgencyX/UDF8'

24-10-2024T23:19:05 - [MESSAGE][PASSED] - Text 'udf data 9' is set on object 'Object Repository/IWP30/Page_EmulatorAgencyX/UDF9'

24-10-2024T23:19:06 - [MESSAGE][PASSED] - Text 'udf data 10' is set on object 'Object Repository/IWP30/Page_EmulatorAgencyX/UDF10'

24-10-2024T23:19:07 - [MESSAGE][PASSED] - Object: 'Object Repository/IWP30/Page_EmulatorAgencyX/Submit' is clicked on

24-10-2024T23:19:11 - [MESSAGE][PASSED] - Browser is closed

24-10-2024T23:19:16 - [MESSAGE][PASSED] - iwpPages.emulatorIWP30.setDataEmulator_DD is PASSED

24-10-2024T23:19:16 - [TEST_STEP][PASSED] - testHarnessURL = urlTestHarness: null

24-10-2024T23:19:16 - [TEST_STEP][PASSED] - openBrowser(testHarnessURL): Browser is opened with url: 'https://dev-algorithm.govolution.com/vrelaytest/QA2/version_2_2/vrelaytest.html'

24-10-2024T23:19:16 - [MESSAGE][INFO] - Starting 'Edge Chromium' driver

24-10-2024T23:19:16 - [MESSAGE][INFO] - User set preference: ['acceptInsecureCerts', 'true']

24-10-2024T23:19:18 - [MESSAGE][INFO] - Action delay is set to 0 milliseconds

24-10-2024T23:19:21 - [MESSAGE][PASSED] - Browser is opened with url: 'https://dev-algorithm.govolution.com/vrelaytest/QA2/version_2_2/vrelaytest.html'

24-10-2024T23:19:21 - [TEST_STEP][PASSED] - maximizeWindow(): Current window maximized

24-10-2024T23:19:21 - [MESSAGE][PASSED] - Current window maximized

24-10-2024T23:19:21 - [TEST_STEP][PASSED] - iwpPages.TestHarnessPage.setDataMethod(row, dataFile): iwpPages.TestHarnessPage.setDataMethod is PASSED

24-10-2024T23:19:21 - [MESSAGE][PASSED] - Object 'Object Repository/IWP30/Page_QATestHarness/RemittanceID' is present

24-10-2024T23:19:22 - [MESSAGE][PASSED] - Text '639' is set on object 'Object Repository/IWP30/Page_QATestHarness/ApplicationID'

24-10-2024T23:19:23 - [MESSAGE][PASSED] - Text '2.5' is set on object 'Object Repository/IWP30/Page_QATestHarness/MessageVersion'

24-10-2024T23:19:23 - [MESSAGE][PASSED] - Text 'RGuiGOfvNOk3' is set on object 'Object Repository/IWP30/Page_QATestHarness/RemittanceID'

24-10-2024T23:19:27 - [MESSAGE][PASSED] - Object: 'Object Repository/IWP30/Page_QATestHarness/SubmitButton' is clicked on

24-10-2024T23:19:27 - [MESSAGE][PASSED] - iwpPages.TestHarnessPage.setDataMethod is PASSED

24-10-2024T23:19:27 - [TEST_STEP][PASSED] - click(findTestObject("Object Repository/IWP30/Page_SelectPaymentMethod/PayByCreditCard")): Object: 'Object Repository/IWP30/Page_SelectPaymentMethod/PayByCreditCard' is clicked on

24-10-2024T23:19:27 - [MESSAGE][PASSED] - Object: 'Object Repository/IWP30/Page_SelectPaymentMethod/PayByCreditCard' is clicked on

24-10-2024T23:19:27 - [TEST_STEP][PASSED] - click(findTestObject("Object Repository/IWP30/Page_SelectPaymentMethod/MakePaymentButton")): Object: 'Object Repository/IWP30/Page_SelectPaymentMethod/MakePaymentButton' is clicked on

24-10-2024T23:19:31 - [MESSAGE][PASSED] - Object: 'Object Repository/IWP30/Page_SelectPaymentMethod/MakePaymentButton' is clicked on

24-10-2024T23:19:31 - [TEST_STEP][PASSED] - iwpPages.ccPaymentEntryPage.setDataCCPM(row, dataFile): iwpPages.ccPaymentEntryPage.setDataCCPM is PASSED

24-10-2024T23:19:32 - [MESSAGE][PASSED] - Object 'Object Repository/IWP30/Page_CCPaymentEntry/Name' is present

24-10-2024T23:19:32 - [MESSAGE][PASSED] - All options with label 'Soccer' are selected in object 'Object Repository/IWP30/Page_CCPaymentEntry/UserDefined8' 

24-10-2024T23:19:33 - [MESSAGE][PASSED] - Object 'Object Repository/IWP30/Page_CCPaymentEntry/Name' is present

24-10-2024T23:19:33 - [MESSAGE][PASSED] - Object 'Object Repository/IWP30/Page_CCPaymentEntry/CardNumber' is present

24-10-2024T23:19:33 - [MESSAGE][PASSED] - Text '5146312200000035' is set on object 'Object Repository/IWP30/Page_CCPaymentEntry/CardNumber'

24-10-2024T23:19:34 - [MESSAGE][PASSED] - Text '123' is set on object 'Object Repository/IWP30/Page_CCPaymentEntry/SPC'

24-10-2024T23:19:35 - [MESSAGE][PASSED] - Object 'Object Repository/IWP30/Page_CCPaymentEntry/Month' is present

24-10-2024T23:19:35 - [MESSAGE][PASSED] - All options with label '09' are selected in object 'Object Repository/IWP30/Page_CCPaymentEntry/Month' 

24-10-2024T23:19:35 - [MESSAGE][PASSED] - Object 'Object Repository/IWP30/Page_CCPaymentEntry/Year' is present

24-10-2024T23:19:36 - [MESSAGE][PASSED] - All options with label '2028' are selected in object 'Object Repository/IWP30/Page_CCPaymentEntry/Year' 

24-10-2024T23:19:36 - [MESSAGE][PASSED] - Object 'Object Repository/IWP30/Page_CCPaymentEntry/EmailAddress' is present

24-10-2024T23:19:36 - [MESSAGE][PASSED] - Object 'Object Repository/IWP30/Page_CCPaymentEntry/TermCondCheckBox' is present

24-10-2024T23:19:37 - [MESSAGE][PASSED] - Object 'Object Repository/IWP30/Page_CCPaymentEntry/TermCondCheckBox' is checked

24-10-2024T23:19:37 - [MESSAGE][PASSED] - Object 'Object Repository/IWP30/Page_CCPaymentEntry/ContinueButton' is present

24-10-2024T23:19:38 - [MESSAGE][PASSED] - Object: 'Object Repository/IWP30/Page_CCPaymentEntry/ContinueButton' is clicked on

24-10-2024T23:19:38 - [MESSAGE][PASSED] - iwpPages.ccPaymentEntryPage.setDataCCPM is PASSED

24-10-2024T23:19:38 - [TEST_STEP][PASSED] - click(findTestObject("Object Repository/IWP30/Page_Confirmation/ConfirmButton")): Object: 'Object Repository/IWP30/Page_Confirmation/ConfirmButton' is clicked on

24-10-2024T23:19:40 - [MESSAGE][PASSED] - Object: 'Object Repository/IWP30/Page_Confirmation/ConfirmButton' is clicked on

24-10-2024T23:19:40 - [TEST_STEP][PASSED] - Thread.sleep(5000): null

24-10-2024T23:19:45 - [TEST_STEP][PASSED] - if (verifyTextPresent("Make a Real Estate Payment", false)): null

24-10-2024T23:19:46 - [MESSAGE][PASSED] - Text 'Make a Real Estate Payment' is present on page 

24-10-2024T23:19:46 - [TEST_STEP][PASSED] - isRequiredTextPresent = true: null

24-10-2024T23:19:46 - [TEST_STEP][PASSED] - println(isRequiredTextPresent): null

24-10-2024T23:19:46 - [TEST_STEP][PASSED] - if (isRequiredTextPresent): null

24-10-2024T23:19:46 - [TEST_STEP][PASSED] - if (verifyTextPresent("This transaction is subject to a Convenience Fees of $2.00.", false)): null

24-10-2024T23:19:46 - [MESSAGE][PASSED] - Text 'This transaction is subject to a Convenience Fees of $2.00.' is present on page 

24-10-2024T23:19:46 - [TEST_STEP][PASSED] - isRequiredTextPresent = true: null

24-10-2024T23:19:46 - [TEST_STEP][PASSED] - println(isRequiredTextPresent): null

24-10-2024T23:19:46 - [TEST_STEP][PASSED] - if (isRequiredTextPresent): null

24-10-2024T23:19:46 - [TEST_STEP][PASSED] - if (verifyTextPresent("Payment Amount:  $10.50", false)): null

24-10-2024T23:19:46 - [MESSAGE][PASSED] - Text 'Payment Amount:  $10.50' is present on page 

24-10-2024T23:19:46 - [TEST_STEP][PASSED] - isRequiredTextPresent = true: null

24-10-2024T23:19:46 - [TEST_STEP][PASSED] - if (isRequiredTextPresent): null

24-10-2024T23:19:46 - [TEST_STEP][PASSED] - if (verifyTextPresent("Convenience Fees:  $2.00", false)): null

24-10-2024T23:19:46 - [MESSAGE][PASSED] - Text 'Convenience Fees:  $2.00' is present on page 

24-10-2024T23:19:46 - [TEST_STEP][PASSED] - isRequiredTextPresent = true: null

24-10-2024T23:19:46 - [TEST_STEP][PASSED] - if (isRequiredTextPresent): null

24-10-2024T23:19:46 - [TEST_STEP][PASSED] - if (verifyTextPresent("Total Amount:  $12.50", false)): null

24-10-2024T23:19:47 - [MESSAGE][PASSED] - Text 'Total Amount:  $12.50' is present on page 

24-10-2024T23:19:47 - [TEST_STEP][PASSED] - isRequiredTextPresent = true: null

24-10-2024T23:19:47 - [TEST_STEP][PASSED] - if (isRequiredTextPresent): null

24-10-2024T23:19:47 - [TEST_STEP][PASSED] - if (verifyTextPresent("One transaction in the amount of $12.50 will appear on your bank statement.", false)): null

24-10-2024T23:19:47 - [MESSAGE][PASSED] - Text 'One transaction in the amount of $12.50 will appear on your bank statement.' is present on page 

24-10-2024T23:19:47 - [TEST_STEP][PASSED] - isRequiredTextPresent = true: null

24-10-2024T23:19:47 - [TEST_STEP][PASSED] - Thread.sleep(10000): null

24-10-2024T23:19:57 - [TEST_STEP][PASSED] - click(findTestObject("Object Repository/IWP30/Page_ConvenienceFees/btn_convFeeNotifyAction")): Object: 'Object Repository/IWP30/Page_ConvenienceFees/btn_convFeeNotifyAction' is clicked on

24-10-2024T23:19:59 - [MESSAGE][PASSED] - Object: 'Object Repository/IWP30/Page_ConvenienceFees/btn_convFeeNotifyAction' is clicked on

24-10-2024T23:19:59 - [TEST_STEP][PASSED] - Thread.sleep(10000): null

24-10-2024T23:20:09 - [TEST_STEP][PASSED] - if (verifyTextPresent("Successful Payment Receipt", false)): null

24-10-2024T23:20:09 - [MESSAGE][PASSED] - Text 'Successful Payment Receipt' is present on page 

24-10-2024T23:20:09 - [TEST_STEP][PASSED] - println("Successful Payment Receipt text is present on the Receipt page"): null

24-10-2024T23:20:09 - [TEST_STEP][PASSED] - markPassed("Successful Payment Receipt text is present on the Receipt page"): Successful Payment Receipt text is present on the Receipt page

24-10-2024T23:20:09 - [MESSAGE][PASSED] - Successful Payment Receipt text is present on the Receipt page

24-10-2024T23:20:09 - [TEST_STEP][PASSED] - resText = "Pass": null

24-10-2024T23:20:09 - [TEST_STEP][PASSED] - pages.WriteExcel.demoKey(resText, datText, resColumn, datCloumn, fileLoc, nameSheet, row): pages.WriteExcel.demoKey is PASSED

24-10-2024T23:20:09 - [MESSAGE][PASSED] - pages.WriteExcel.demoKey is PASSED

24-10-2024T23:20:09 - [TEST_STEP][PASSED] - closeBrowser(): Browser is closed

24-10-2024T23:20:10 - [MESSAGE][PASSED] - Browser is closed

24-10-2024T23:20:10 - [TEST_STEP][PASSED] - ExecuteTC = findTestData(dataFile).getValue("Execute", row): null

24-10-2024T23:20:10 - [TEST_STEP][PASSED] - out.println("Value of Execute is : " + ExecuteTC): null

24-10-2024T23:20:10 - [TEST_STEP][PASSED] - if (ExecuteTC.equalsIgnoreCase("Y")): null

24-10-2024T23:20:10 - [TEST_STEP][PASSED] - out.println("Begin Record Number: " + row): null

24-10-2024T23:20:10 - [TEST_STEP][PASSED] - today = new java.util.Date(): null

24-10-2024T23:20:10 - [TEST_STEP][PASSED] - println(today): null

24-10-2024T23:20:10 - [TEST_STEP][PASSED] - datText = today: null

24-10-2024T23:20:10 - [TEST_STEP][PASSED] - EmulatorDataKey = findTestData(dataFile).getValue("EmulatorData", row): null

24-10-2024T23:20:10 - [TEST_STEP][PASSED] - out.println("Value of Emulator Key is : " + EmulatorDataKey): null

24-10-2024T23:20:10 - [TEST_STEP][PASSED] - iwpPages.emulatorIWP30.setDataEmulator_DD(EmulatorDataKey): iwpPages.emulatorIWP30.setDataEmulator_DD is PASSED

24-10-2024T23:20:11 - [MESSAGE][INFO] - Starting 'Edge Chromium' driver

24-10-2024T23:20:11 - [MESSAGE][INFO] - User set preference: ['acceptInsecureCerts', 'true']

24-10-2024T23:20:13 - [MESSAGE][INFO] - Action delay is set to 0 milliseconds

24-10-2024T23:20:16 - [MESSAGE][PASSED] - Browser is opened with url: 'https://qa2.velocitypayment.com/agencyx/config.action?action=editor&message_version=2_5'

24-10-2024T23:20:16 - [MESSAGE][PASSED] - Current window maximized

24-10-2024T23:20:47 - [MESSAGE][INFO] - Unable to find the element located by 'By.xpath: //select[@name='message_version']'. Please recheck the objects properties to make sure the desired element is located. 

24-10-2024T23:20:47 - [MESSAGE][WARNING] - [SELF-HEALING] Failed to find element with id 'Object Repository/IWP30/Page_VRelay30Emulator/MV'. Try using Self-healing.

24-10-2024T23:20:48 - [MESSAGE][WARNING] - [SELF-HEALING] The current locator of test object 'Object Repository/IWP30/Page_VRelay30Emulator/MV' was broken. Propose an alternative one: '(.//*[normalize-space(text()) and normalize-space(.)='Message Version'])[1]/following::select[1]'.

24-10-2024T23:20:48 - [MESSAGE][PASSED] - All options with value '2.5' are selected in object 'Object Repository/IWP30/Page_VRelay30Emulator/MV'  using regular expression

24-10-2024T23:20:49 - [MESSAGE][PASSED] - Text '10.50' is set on object 'Object Repository/IWP30/Page_EmulatorAgencyX/Amount'

24-10-2024T23:20:49 - [MESSAGE][PASSED] - Text 'Cm5YUTDiVjoV' is set on object 'Object Repository/IWP30/Page_EmulatorAgencyX/CAN'

24-10-2024T23:20:50 - [MESSAGE][PASSED] - Text 'PayNow' is set on object 'Object Repository/IWP30/Page_EmulatorAgencyX/Action'

24-10-2024T23:20:51 - [MESSAGE][PASSED] - Text 'en_US' is set on object 'Object Repository/IWP30/Page_EmulatorAgencyX/Lang'

24-10-2024T23:20:51 - [MESSAGE][PASSED] - Text '' is set on object 'Object Repository/IWP30/Page_EmulatorAgencyX/Fname'

24-10-2024T23:20:52 - [MESSAGE][PASSED] - Text '' is set on object 'Object Repository/IWP30/Page_EmulatorAgencyX/Lname'

24-10-2024T23:20:52 - [MESSAGE][PASSED] - Text '' is set on object 'Object Repository/IWP30/Page_EmulatorAgencyX/AL1'

24-10-2024T23:20:53 - [MESSAGE][PASSED] - Text '' is set on object 'Object Repository/IWP30/Page_EmulatorAgencyX/AL2'

24-10-2024T23:20:53 - [MESSAGE][PASSED] - Text '' is set on object 'Object Repository/IWP30/Page_EmulatorAgencyX/Country'

24-10-2024T23:20:54 - [MESSAGE][PASSED] - Text '' is set on object 'Object Repository/IWP30/Page_EmulatorAgencyX/City'

24-10-2024T23:20:55 - [MESSAGE][PASSED] - Text '' is set on object 'Object Repository/IWP30/Page_EmulatorAgencyX/State'

24-10-2024T23:20:55 - [MESSAGE][PASSED] - Text '' is set on object 'Object Repository/IWP30/Page_EmulatorAgencyX/ZIP'

24-10-2024T23:20:56 - [MESSAGE][PASSED] - Text '' is set on object 'Object Repository/IWP30/Page_EmulatorAgencyX/Order'

24-10-2024T23:20:56 - [MESSAGE][PASSED] - Text '' is set on object 'Object Repository/IWP30/Page_EmulatorAgencyX/Company'

24-10-2024T23:20:57 - [MESSAGE][PASSED] - Text '' is set on object 'Object Repository/IWP30/Page_EmulatorAgencyX/Email'

24-10-2024T23:20:58 - [MESSAGE][PASSED] - Text '' is set on object 'Object Repository/IWP30/Page_EmulatorAgencyX/UDF1'

24-10-2024T23:20:58 - [MESSAGE][PASSED] - Text '' is set on object 'Object Repository/IWP30/Page_EmulatorAgencyX/UDF2'

24-10-2024T23:20:59 - [MESSAGE][PASSED] - Text '' is set on object 'Object Repository/IWP30/Page_EmulatorAgencyX/UDF3'

24-10-2024T23:20:59 - [MESSAGE][PASSED] - Text 'udf data 4' is set on object 'Object Repository/IWP30/Page_EmulatorAgencyX/UDF4'

24-10-2024T23:21:00 - [MESSAGE][PASSED] - Text 'udf data 5' is set on object 'Object Repository/IWP30/Page_EmulatorAgencyX/UDF5'

24-10-2024T23:21:00 - [MESSAGE][PASSED] - Text '' is set on object 'Object Repository/IWP30/Page_EmulatorAgencyX/UDF6'

24-10-2024T23:21:01 - [MESSAGE][PASSED] - Text '' is set on object 'Object Repository/IWP30/Page_EmulatorAgencyX/UDF7'

24-10-2024T23:21:02 - [MESSAGE][PASSED] - Text '' is set on object 'Object Repository/IWP30/Page_EmulatorAgencyX/UDF8'

24-10-2024T23:21:02 - [MESSAGE][PASSED] - Text 'udf data 9' is set on object 'Object Repository/IWP30/Page_EmulatorAgencyX/UDF9'

24-10-2024T23:21:03 - [MESSAGE][PASSED] - Text 'udf data 10' is set on object 'Object Repository/IWP30/Page_EmulatorAgencyX/UDF10'

24-10-2024T23:21:04 - [MESSAGE][PASSED] - Object: 'Object Repository/IWP30/Page_EmulatorAgencyX/Submit' is clicked on

24-10-2024T23:21:09 - [MESSAGE][PASSED] - Browser is closed

24-10-2024T23:21:13 - [MESSAGE][PASSED] - iwpPages.emulatorIWP30.setDataEmulator_DD is PASSED

24-10-2024T23:21:13 - [TEST_STEP][PASSED] - testHarnessURL = urlTestHarness: null

24-10-2024T23:21:13 - [TEST_STEP][PASSED] - openBrowser(testHarnessURL): Browser is opened with url: 'https://dev-algorithm.govolution.com/vrelaytest/QA2/version_2_2/vrelaytest.html'

24-10-2024T23:21:13 - [MESSAGE][INFO] - Starting 'Edge Chromium' driver

24-10-2024T23:21:13 - [MESSAGE][INFO] - User set preference: ['acceptInsecureCerts', 'true']

24-10-2024T23:21:15 - [MESSAGE][INFO] - Action delay is set to 0 milliseconds

24-10-2024T23:21:18 - [MESSAGE][PASSED] - Browser is opened with url: 'https://dev-algorithm.govolution.com/vrelaytest/QA2/version_2_2/vrelaytest.html'

24-10-2024T23:21:18 - [TEST_STEP][PASSED] - maximizeWindow(): Current window maximized

24-10-2024T23:21:18 - [MESSAGE][PASSED] - Current window maximized

24-10-2024T23:21:18 - [TEST_STEP][PASSED] - iwpPages.TestHarnessPage.setDataMethod(row, dataFile): iwpPages.TestHarnessPage.setDataMethod is PASSED

24-10-2024T23:21:18 - [MESSAGE][PASSED] - Object 'Object Repository/IWP30/Page_QATestHarness/RemittanceID' is present

24-10-2024T23:21:19 - [MESSAGE][PASSED] - Text '639' is set on object 'Object Repository/IWP30/Page_QATestHarness/ApplicationID'

24-10-2024T23:21:20 - [MESSAGE][PASSED] - Text '2.5' is set on object 'Object Repository/IWP30/Page_QATestHarness/MessageVersion'

24-10-2024T23:21:20 - [MESSAGE][PASSED] - Text 'RDzIHsl8e0ZP' is set on object 'Object Repository/IWP30/Page_QATestHarness/RemittanceID'

24-10-2024T23:21:25 - [MESSAGE][PASSED] - Object: 'Object Repository/IWP30/Page_QATestHarness/SubmitButton' is clicked on

24-10-2024T23:21:25 - [MESSAGE][PASSED] - iwpPages.TestHarnessPage.setDataMethod is PASSED

24-10-2024T23:21:25 - [TEST_STEP][PASSED] - click(findTestObject("Object Repository/IWP30/Page_SelectPaymentMethod/PayByCreditCard")): Object: 'Object Repository/IWP30/Page_SelectPaymentMethod/PayByCreditCard' is clicked on

24-10-2024T23:21:26 - [MESSAGE][PASSED] - Object: 'Object Repository/IWP30/Page_SelectPaymentMethod/PayByCreditCard' is clicked on

24-10-2024T23:21:26 - [TEST_STEP][PASSED] - click(findTestObject("Object Repository/IWP30/Page_SelectPaymentMethod/MakePaymentButton")): Object: 'Object Repository/IWP30/Page_SelectPaymentMethod/MakePaymentButton' is clicked on

24-10-2024T23:21:29 - [MESSAGE][PASSED] - Object: 'Object Repository/IWP30/Page_SelectPaymentMethod/MakePaymentButton' is clicked on

24-10-2024T23:21:29 - [TEST_STEP][PASSED] - iwpPages.ccPaymentEntryPage.setDataCCPM(row, dataFile): iwpPages.ccPaymentEntryPage.setDataCCPM is PASSED

24-10-2024T23:21:30 - [MESSAGE][PASSED] - Object 'Object Repository/IWP30/Page_CCPaymentEntry/Name' is present

24-10-2024T23:21:31 - [MESSAGE][PASSED] - Text '10.50' is set on object 'Object Repository/IWP30/Page_CCPaymentEntry/Amount'

24-10-2024T23:21:31 - [MESSAGE][PASSED] - Text 'udf data 2' is set on object 'Object Repository/IWP30/Page_CCPaymentEntry/UserDefined2'

24-10-2024T23:21:32 - [MESSAGE][PASSED] - Text 'udf data 3' is set on object 'Object Repository/IWP30/Page_CCPaymentEntry/UserDefined3'

24-10-2024T23:21:33 - [MESSAGE][PASSED] - All options with label 'Orange' are selected in object 'Object Repository/IWP30/Page_CCPaymentEntry/UserDefined7' 

24-10-2024T23:21:33 - [MESSAGE][PASSED] - All options with label 'Soccer' are selected in object 'Object Repository/IWP30/Page_CCPaymentEntry/UserDefined8' 

24-10-2024T23:21:33 - [MESSAGE][PASSED] - Object 'Object Repository/IWP30/Page_CCPaymentEntry/Name' is present

24-10-2024T23:21:34 - [MESSAGE][PASSED] - Text 'Kavita Ranawati' is set on object 'Object Repository/IWP30/Page_CCPaymentEntry/Name'

24-10-2024T23:21:34 - [MESSAGE][PASSED] - Object 'Object Repository/IWP30/Page_CCPaymentEntry/CardNumber' is present

24-10-2024T23:21:35 - [MESSAGE][PASSED] - Text '4111111111111111' is set on object 'Object Repository/IWP30/Page_CCPaymentEntry/CardNumber'

24-10-2024T23:21:35 - [MESSAGE][PASSED] - Text '123' is set on object 'Object Repository/IWP30/Page_CCPaymentEntry/SPC'

24-10-2024T23:21:36 - [MESSAGE][PASSED] - Object 'Object Repository/IWP30/Page_CCPaymentEntry/Month' is present

24-10-2024T23:21:37 - [MESSAGE][PASSED] - All options with label '09' are selected in object 'Object Repository/IWP30/Page_CCPaymentEntry/Month' 

24-10-2024T23:21:37 - [MESSAGE][PASSED] - Object 'Object Repository/IWP30/Page_CCPaymentEntry/Year' is present

24-10-2024T23:21:38 - [MESSAGE][PASSED] - All options with label '2028' are selected in object 'Object Repository/IWP30/Page_CCPaymentEntry/Year' 

24-10-2024T23:21:38 - [MESSAGE][PASSED] - Text '365 Main Avenue' is set on object 'Object Repository/IWP30/Page_CCPaymentEntry/AL1'

24-10-2024T23:21:39 - [MESSAGE][PASSED] - Text '22201' is set on object 'Object Repository/IWP30/Page_CCPaymentEntry/ZIP'

24-10-2024T23:21:39 - [MESSAGE][PASSED] - Object 'Object Repository/IWP30/Page_CCPaymentEntry/EmailAddress' is present

24-10-2024T23:21:40 - [MESSAGE][PASSED] - Text 'iahmed@govolution.com' is set on object 'Object Repository/IWP30/Page_CCPaymentEntry/EmailAddress'

24-10-2024T23:21:41 - [MESSAGE][PASSED] - Object 'Object Repository/IWP30/Page_CCPaymentEntry/TermCondCheckBox' is present

24-10-2024T23:21:41 - [MESSAGE][PASSED] - Object 'Object Repository/IWP30/Page_CCPaymentEntry/TermCondCheckBox' is checked

24-10-2024T23:21:41 - [MESSAGE][PASSED] - Object 'Object Repository/IWP30/Page_CCPaymentEntry/ContinueButton' is present

24-10-2024T23:21:43 - [MESSAGE][PASSED] - Object: 'Object Repository/IWP30/Page_CCPaymentEntry/ContinueButton' is clicked on

24-10-2024T23:21:43 - [MESSAGE][PASSED] - iwpPages.ccPaymentEntryPage.setDataCCPM is PASSED

24-10-2024T23:21:43 - [TEST_STEP][PASSED] - click(findTestObject("Object Repository/IWP30/Page_Confirmation/ConfirmButton")): Object: 'Object Repository/IWP30/Page_Confirmation/ConfirmButton' is clicked on

24-10-2024T23:21:45 - [MESSAGE][PASSED] - Object: 'Object Repository/IWP30/Page_Confirmation/ConfirmButton' is clicked on

24-10-2024T23:21:45 - [TEST_STEP][PASSED] - Thread.sleep(5000): null

24-10-2024T23:21:50 - [TEST_STEP][PASSED] - if (verifyTextPresent("Make a Real Estate Payment", false)): null

24-10-2024T23:21:50 - [MESSAGE][PASSED] - Text 'Make a Real Estate Payment' is present on page 

24-10-2024T23:21:50 - [TEST_STEP][PASSED] - isRequiredTextPresent = true: null

24-10-2024T23:21:50 - [TEST_STEP][PASSED] - println(isRequiredTextPresent): null

24-10-2024T23:21:50 - [TEST_STEP][PASSED] - if (isRequiredTextPresent): null

24-10-2024T23:21:50 - [TEST_STEP][PASSED] - if (verifyTextPresent("This transaction is subject to a Convenience Fees of $2.00.", false)): null

24-10-2024T23:21:50 - [MESSAGE][PASSED] - Text 'This transaction is subject to a Convenience Fees of $2.00.' is present on page 

24-10-2024T23:21:50 - [TEST_STEP][PASSED] - isRequiredTextPresent = true: null

24-10-2024T23:21:50 - [TEST_STEP][PASSED] - println(isRequiredTextPresent): null

24-10-2024T23:21:50 - [TEST_STEP][PASSED] - if (isRequiredTextPresent): null

24-10-2024T23:21:50 - [TEST_STEP][PASSED] - if (verifyTextPresent("Payment Amount:  $10.50", false)): null

24-10-2024T23:21:50 - [MESSAGE][PASSED] - Text 'Payment Amount:  $10.50' is present on page 

24-10-2024T23:21:50 - [TEST_STEP][PASSED] - isRequiredTextPresent = true: null

24-10-2024T23:21:50 - [TEST_STEP][PASSED] - if (isRequiredTextPresent): null

24-10-2024T23:21:50 - [TEST_STEP][PASSED] - if (verifyTextPresent("Convenience Fees:  $2.00", false)): null

24-10-2024T23:21:51 - [MESSAGE][PASSED] - Text 'Convenience Fees:  $2.00' is present on page 

24-10-2024T23:21:51 - [TEST_STEP][PASSED] - isRequiredTextPresent = true: null

24-10-2024T23:21:51 - [TEST_STEP][PASSED] - if (isRequiredTextPresent): null

24-10-2024T23:21:51 - [TEST_STEP][PASSED] - if (verifyTextPresent("Total Amount:  $12.50", false)): null

24-10-2024T23:21:51 - [MESSAGE][PASSED] - Text 'Total Amount:  $12.50' is present on page 

24-10-2024T23:21:51 - [TEST_STEP][PASSED] - isRequiredTextPresent = true: null

24-10-2024T23:21:51 - [TEST_STEP][PASSED] - if (isRequiredTextPresent): null

24-10-2024T23:21:51 - [TEST_STEP][PASSED] - if (verifyTextPresent("One transaction in the amount of $12.50 will appear on your bank statement.", false)): null

24-10-2024T23:21:51 - [MESSAGE][PASSED] - Text 'One transaction in the amount of $12.50 will appear on your bank statement.' is present on page 

24-10-2024T23:21:51 - [TEST_STEP][PASSED] - isRequiredTextPresent = true: null

24-10-2024T23:21:51 - [TEST_STEP][PASSED] - Thread.sleep(10000): null

24-10-2024T23:22:01 - [TEST_STEP][PASSED] - click(findTestObject("Object Repository/IWP30/Page_ConvenienceFees/btn_convFeeNotifyAction")): Object: 'Object Repository/IWP30/Page_ConvenienceFees/btn_convFeeNotifyAction' is clicked on

24-10-2024T23:22:03 - [MESSAGE][PASSED] - Object: 'Object Repository/IWP30/Page_ConvenienceFees/btn_convFeeNotifyAction' is clicked on

24-10-2024T23:22:03 - [TEST_STEP][PASSED] - Thread.sleep(10000): null

24-10-2024T23:22:13 - [TEST_STEP][PASSED] - if (verifyTextPresent("Successful Payment Receipt", false)): null

24-10-2024T23:22:14 - [MESSAGE][PASSED] - Text 'Successful Payment Receipt' is present on page 

24-10-2024T23:22:14 - [TEST_STEP][PASSED] - println("Successful Payment Receipt text is present on the Receipt page"): null

24-10-2024T23:22:14 - [TEST_STEP][PASSED] - markPassed("Successful Payment Receipt text is present on the Receipt page"): Successful Payment Receipt text is present on the Receipt page

24-10-2024T23:22:14 - [MESSAGE][PASSED] - Successful Payment Receipt text is present on the Receipt page

24-10-2024T23:22:14 - [TEST_STEP][PASSED] - resText = "Pass": null

24-10-2024T23:22:14 - [TEST_STEP][PASSED] - pages.WriteExcel.demoKey(resText, datText, resColumn, datCloumn, fileLoc, nameSheet, row): pages.WriteExcel.demoKey is PASSED

24-10-2024T23:22:14 - [MESSAGE][PASSED] - pages.WriteExcel.demoKey is PASSED

24-10-2024T23:22:14 - [TEST_STEP][PASSED] - closeBrowser(): Browser is closed

24-10-2024T23:22:14 - [MESSAGE][PASSED] - Browser is closed

24-10-2024T23:22:14 - [TEST_STEP][PASSED] - ExecuteTC = findTestData(dataFile).getValue("Execute", row): null

24-10-2024T23:22:14 - [TEST_STEP][PASSED] - out.println("Value of Execute is : " + ExecuteTC): null

24-10-2024T23:22:14 - [TEST_STEP][PASSED] - if (ExecuteTC.equalsIgnoreCase("Y")): null

24-10-2024T23:22:14 - [TEST_STEP][PASSED] - out.println("Begin Record Number: " + row): null

24-10-2024T23:22:14 - [TEST_STEP][PASSED] - today = new java.util.Date(): null

24-10-2024T23:22:14 - [TEST_STEP][PASSED] - println(today): null

24-10-2024T23:22:14 - [TEST_STEP][PASSED] - datText = today: null

24-10-2024T23:22:14 - [TEST_STEP][PASSED] - EmulatorDataKey = findTestData(dataFile).getValue("EmulatorData", row): null

24-10-2024T23:22:14 - [TEST_STEP][PASSED] - out.println("Value of Emulator Key is : " + EmulatorDataKey): null

24-10-2024T23:22:14 - [TEST_STEP][PASSED] - iwpPages.emulatorIWP30.setDataEmulator_DD(EmulatorDataKey): iwpPages.emulatorIWP30.setDataEmulator_DD is PASSED

24-10-2024T23:22:15 - [MESSAGE][INFO] - Starting 'Edge Chromium' driver

24-10-2024T23:22:15 - [MESSAGE][INFO] - User set preference: ['acceptInsecureCerts', 'true']

24-10-2024T23:22:17 - [MESSAGE][INFO] - Action delay is set to 0 milliseconds

24-10-2024T23:22:20 - [MESSAGE][PASSED] - Browser is opened with url: 'https://qa2.velocitypayment.com/agencyx/config.action?action=editor&message_version=3_0'

24-10-2024T23:22:20 - [MESSAGE][PASSED] - Current window maximized

24-10-2024T23:22:52 - [MESSAGE][INFO] - Unable to find the element located by 'By.xpath: //select[@name='message_version']'. Please recheck the objects properties to make sure the desired element is located. 

24-10-2024T23:22:52 - [MESSAGE][WARNING] - [SELF-HEALING] Failed to find element with id 'Object Repository/IWP30/Page_VRelay30Emulator/MV'. Try using Self-healing.

24-10-2024T23:22:52 - [MESSAGE][WARNING] - [SELF-HEALING] The current locator of test object 'Object Repository/IWP30/Page_VRelay30Emulator/MV' was broken. Propose an alternative one: '(.//*[normalize-space(text()) and normalize-space(.)='Message Version'])[1]/following::select[1]'.

24-10-2024T23:22:53 - [MESSAGE][PASSED] - All options with value '3.0' are selected in object 'Object Repository/IWP30/Page_VRelay30Emulator/MV'  using regular expression

24-10-2024T23:22:53 - [MESSAGE][PASSED] - Text '10.50' is set on object 'Object Repository/IWP30/Page_EmulatorAgencyX/Amount'

24-10-2024T23:22:54 - [MESSAGE][PASSED] - Text 'etDUt1JoQ2N9' is set on object 'Object Repository/IWP30/Page_EmulatorAgencyX/CAN'

24-10-2024T23:22:54 - [MESSAGE][PASSED] - Text 'PayNow' is set on object 'Object Repository/IWP30/Page_EmulatorAgencyX/Action'

24-10-2024T23:22:55 - [MESSAGE][PASSED] - Text 'en_US' is set on object 'Object Repository/IWP30/Page_EmulatorAgencyX/Lang'

24-10-2024T23:22:56 - [MESSAGE][PASSED] - Text 'Jasmine' is set on object 'Object Repository/IWP30/Page_EmulatorAgencyX/Fname'

24-10-2024T23:22:56 - [MESSAGE][PASSED] - Text 'Patrinol' is set on object 'Object Repository/IWP30/Page_EmulatorAgencyX/Lname'

24-10-2024T23:22:57 - [MESSAGE][PASSED] - Text '258 Underwood rd' is set on object 'Object Repository/IWP30/Page_EmulatorAgencyX/AL1'

24-10-2024T23:22:57 - [MESSAGE][PASSED] - Text 'Suite 600' is set on object 'Object Repository/IWP30/Page_EmulatorAgencyX/AL2'

24-10-2024T23:22:58 - [MESSAGE][PASSED] - Text '840' is set on object 'Object Repository/IWP30/Page_EmulatorAgencyX/Country'

24-10-2024T23:22:59 - [MESSAGE][PASSED] - Text 'Arlington' is set on object 'Object Repository/IWP30/Page_EmulatorAgencyX/City'

24-10-2024T23:22:59 - [MESSAGE][PASSED] - Text 'VA' is set on object 'Object Repository/IWP30/Page_EmulatorAgencyX/State'

24-10-2024T23:23:00 - [MESSAGE][PASSED] - Text '22201' is set on object 'Object Repository/IWP30/Page_EmulatorAgencyX/ZIP'

24-10-2024T23:23:00 - [MESSAGE][PASSED] - Text '' is set on object 'Object Repository/IWP30/Page_EmulatorAgencyX/Order'

24-10-2024T23:23:01 - [MESSAGE][PASSED] - Text 'Some Company' is set on object 'Object Repository/IWP30/Page_EmulatorAgencyX/Company'

24-10-2024T23:23:02 - [MESSAGE][PASSED] - Text 'iahmed@govolution.com' is set on object 'Object Repository/IWP30/Page_EmulatorAgencyX/Email'

24-10-2024T23:23:02 - [MESSAGE][PASSED] - Text 'udf data 1' is set on object 'Object Repository/IWP30/Page_EmulatorAgencyX/UDF1'

24-10-2024T23:23:03 - [MESSAGE][PASSED] - Text 'udf data 2' is set on object 'Object Repository/IWP30/Page_EmulatorAgencyX/UDF2'

24-10-2024T23:23:03 - [MESSAGE][PASSED] - Text 'udf data 3' is set on object 'Object Repository/IWP30/Page_EmulatorAgencyX/UDF3'

24-10-2024T23:23:04 - [MESSAGE][PASSED] - Text 'udf data 4' is set on object 'Object Repository/IWP30/Page_EmulatorAgencyX/UDF4'

24-10-2024T23:23:05 - [MESSAGE][PASSED] - Text 'udf data 5' is set on object 'Object Repository/IWP30/Page_EmulatorAgencyX/UDF5'

24-10-2024T23:23:05 - [MESSAGE][PASSED] - Text 'udf data 6' is set on object 'Object Repository/IWP30/Page_EmulatorAgencyX/UDF6'

24-10-2024T23:23:06 - [MESSAGE][PASSED] - Text 'Orange' is set on object 'Object Repository/IWP30/Page_EmulatorAgencyX/UDF7'

24-10-2024T23:23:07 - [MESSAGE][PASSED] - Text 'Soccer' is set on object 'Object Repository/IWP30/Page_EmulatorAgencyX/UDF8'

24-10-2024T23:23:07 - [MESSAGE][PASSED] - Text 'udf data 9' is set on object 'Object Repository/IWP30/Page_EmulatorAgencyX/UDF9'

24-10-2024T23:23:08 - [MESSAGE][PASSED] - Text 'udf data 10' is set on object 'Object Repository/IWP30/Page_EmulatorAgencyX/UDF10'

24-10-2024T23:23:09 - [MESSAGE][PASSED] - Object: 'Object Repository/IWP30/Page_EmulatorAgencyX/Submit' is clicked on

24-10-2024T23:23:14 - [MESSAGE][PASSED] - Browser is closed

24-10-2024T23:23:18 - [MESSAGE][PASSED] - iwpPages.emulatorIWP30.setDataEmulator_DD is PASSED

24-10-2024T23:23:18 - [TEST_STEP][PASSED] - testHarnessURL = urlTestHarness: null

24-10-2024T23:23:18 - [TEST_STEP][PASSED] - openBrowser(testHarnessURL): Browser is opened with url: 'https://dev-algorithm.govolution.com/vrelaytest/QA2/version_2_2/vrelaytest.html'

24-10-2024T23:23:18 - [MESSAGE][INFO] - Starting 'Edge Chromium' driver

24-10-2024T23:23:18 - [MESSAGE][INFO] - User set preference: ['acceptInsecureCerts', 'true']

24-10-2024T23:23:20 - [MESSAGE][INFO] - Action delay is set to 0 milliseconds

24-10-2024T23:23:23 - [MESSAGE][PASSED] - Browser is opened with url: 'https://dev-algorithm.govolution.com/vrelaytest/QA2/version_2_2/vrelaytest.html'

24-10-2024T23:23:23 - [TEST_STEP][PASSED] - maximizeWindow(): Current window maximized

24-10-2024T23:23:23 - [MESSAGE][PASSED] - Current window maximized

24-10-2024T23:23:23 - [TEST_STEP][PASSED] - iwpPages.TestHarnessPage.setDataMethod(row, dataFile): iwpPages.TestHarnessPage.setDataMethod is PASSED

24-10-2024T23:23:24 - [MESSAGE][PASSED] - Object 'Object Repository/IWP30/Page_QATestHarness/RemittanceID' is present

24-10-2024T23:23:24 - [MESSAGE][PASSED] - Text '650' is set on object 'Object Repository/IWP30/Page_QATestHarness/ApplicationID'

24-10-2024T23:23:25 - [MESSAGE][PASSED] - Text '3.0' is set on object 'Object Repository/IWP30/Page_QATestHarness/MessageVersion'

24-10-2024T23:23:25 - [MESSAGE][PASSED] - Text '3qkDfAXaNxDo' is set on object 'Object Repository/IWP30/Page_QATestHarness/RemittanceID'

24-10-2024T23:23:30 - [MESSAGE][PASSED] - Object: 'Object Repository/IWP30/Page_QATestHarness/SubmitButton' is clicked on

24-10-2024T23:23:30 - [MESSAGE][PASSED] - iwpPages.TestHarnessPage.setDataMethod is PASSED

24-10-2024T23:23:30 - [TEST_STEP][PASSED] - click(findTestObject("Object Repository/IWP30/Page_SelectPaymentMethod/PayByCreditCard")): Object: 'Object Repository/IWP30/Page_SelectPaymentMethod/PayByCreditCard' is clicked on

24-10-2024T23:23:30 - [MESSAGE][PASSED] - Object: 'Object Repository/IWP30/Page_SelectPaymentMethod/PayByCreditCard' is clicked on

24-10-2024T23:23:30 - [TEST_STEP][PASSED] - click(findTestObject("Object Repository/IWP30/Page_SelectPaymentMethod/MakePaymentButton")): Object: 'Object Repository/IWP30/Page_SelectPaymentMethod/MakePaymentButton' is clicked on

24-10-2024T23:23:33 - [MESSAGE][PASSED] - Object: 'Object Repository/IWP30/Page_SelectPaymentMethod/MakePaymentButton' is clicked on

24-10-2024T23:23:33 - [TEST_STEP][PASSED] - iwpPages.ccPaymentEntryPage.setDataCCPM(row, dataFile): iwpPages.ccPaymentEntryPage.setDataCCPM is PASSED

24-10-2024T23:23:35 - [MESSAGE][PASSED] - Object 'Object Repository/IWP30/Page_CCPaymentEntry/Name' is present

24-10-2024T23:23:35 - [MESSAGE][PASSED] - All options with label 'Soccer' are selected in object 'Object Repository/IWP30/Page_CCPaymentEntry/UserDefined8' 

24-10-2024T23:23:35 - [MESSAGE][PASSED] - Object 'Object Repository/IWP30/Page_CCPaymentEntry/Name' is present

24-10-2024T23:23:36 - [MESSAGE][PASSED] - Object 'Object Repository/IWP30/Page_CCPaymentEntry/CardNumber' is present

24-10-2024T23:23:36 - [MESSAGE][PASSED] - Text '5146312200000035' is set on object 'Object Repository/IWP30/Page_CCPaymentEntry/CardNumber'

24-10-2024T23:23:37 - [MESSAGE][PASSED] - Text '123' is set on object 'Object Repository/IWP30/Page_CCPaymentEntry/SPC'

24-10-2024T23:23:37 - [MESSAGE][PASSED] - Object 'Object Repository/IWP30/Page_CCPaymentEntry/Month' is present

24-10-2024T23:23:38 - [MESSAGE][PASSED] - All options with label '09' are selected in object 'Object Repository/IWP30/Page_CCPaymentEntry/Month' 

24-10-2024T23:23:38 - [MESSAGE][PASSED] - Object 'Object Repository/IWP30/Page_CCPaymentEntry/Year' is present

24-10-2024T23:23:39 - [MESSAGE][PASSED] - All options with label '2028' are selected in object 'Object Repository/IWP30/Page_CCPaymentEntry/Year' 

24-10-2024T23:23:39 - [MESSAGE][PASSED] - Object 'Object Repository/IWP30/Page_CCPaymentEntry/EmailAddress' is present

24-10-2024T23:23:39 - [MESSAGE][PASSED] - Object 'Object Repository/IWP30/Page_CCPaymentEntry/TermCondCheckBox' is present

24-10-2024T23:23:39 - [MESSAGE][PASSED] - Object 'Object Repository/IWP30/Page_CCPaymentEntry/TermCondCheckBox' is checked

24-10-2024T23:23:40 - [MESSAGE][PASSED] - Object 'Object Repository/IWP30/Page_CCPaymentEntry/ContinueButton' is present

24-10-2024T23:23:41 - [MESSAGE][PASSED] - Object: 'Object Repository/IWP30/Page_CCPaymentEntry/ContinueButton' is clicked on

24-10-2024T23:23:41 - [MESSAGE][PASSED] - iwpPages.ccPaymentEntryPage.setDataCCPM is PASSED

24-10-2024T23:23:41 - [TEST_STEP][PASSED] - click(findTestObject("Object Repository/IWP30/Page_Confirmation/ConfirmButton")): Object: 'Object Repository/IWP30/Page_Confirmation/ConfirmButton' is clicked on

24-10-2024T23:23:43 - [MESSAGE][PASSED] - Object: 'Object Repository/IWP30/Page_Confirmation/ConfirmButton' is clicked on

24-10-2024T23:23:43 - [TEST_STEP][PASSED] - Thread.sleep(5000): null

24-10-2024T23:23:48 - [TEST_STEP][PASSED] - if (verifyTextPresent("Make a Real Estate Payment", false)): null

24-10-2024T23:23:48 - [MESSAGE][PASSED] - Text 'Make a Real Estate Payment' is present on page 

24-10-2024T23:23:48 - [TEST_STEP][PASSED] - isRequiredTextPresent = true: null

24-10-2024T23:23:48 - [TEST_STEP][PASSED] - println(isRequiredTextPresent): null

24-10-2024T23:23:48 - [TEST_STEP][PASSED] - if (isRequiredTextPresent): null

24-10-2024T23:23:48 - [TEST_STEP][PASSED] - if (verifyTextPresent("This transaction is subject to a Convenience Fees of $2.00.", false)): null

24-10-2024T23:23:48 - [MESSAGE][PASSED] - Text 'This transaction is subject to a Convenience Fees of $2.00.' is present on page 

24-10-2024T23:23:48 - [TEST_STEP][PASSED] - isRequiredTextPresent = true: null

24-10-2024T23:23:48 - [TEST_STEP][PASSED] - println(isRequiredTextPresent): null

24-10-2024T23:23:48 - [TEST_STEP][PASSED] - if (isRequiredTextPresent): null

24-10-2024T23:23:48 - [TEST_STEP][PASSED] - if (verifyTextPresent("Payment Amount:  $10.50", false)): null

24-10-2024T23:23:49 - [MESSAGE][PASSED] - Text 'Payment Amount:  $10.50' is present on page 

24-10-2024T23:23:49 - [TEST_STEP][PASSED] - isRequiredTextPresent = true: null

24-10-2024T23:23:49 - [TEST_STEP][PASSED] - if (isRequiredTextPresent): null

24-10-2024T23:23:49 - [TEST_STEP][PASSED] - if (verifyTextPresent("Convenience Fees:  $2.00", false)): null

24-10-2024T23:23:49 - [MESSAGE][PASSED] - Text 'Convenience Fees:  $2.00' is present on page 

24-10-2024T23:23:49 - [TEST_STEP][PASSED] - isRequiredTextPresent = true: null

24-10-2024T23:23:49 - [TEST_STEP][PASSED] - if (isRequiredTextPresent): null

24-10-2024T23:23:49 - [TEST_STEP][PASSED] - if (verifyTextPresent("Total Amount:  $12.50", false)): null

24-10-2024T23:23:49 - [MESSAGE][PASSED] - Text 'Total Amount:  $12.50' is present on page 

24-10-2024T23:23:49 - [TEST_STEP][PASSED] - isRequiredTextPresent = true: null

24-10-2024T23:23:49 - [TEST_STEP][PASSED] - if (isRequiredTextPresent): null

24-10-2024T23:23:49 - [TEST_STEP][PASSED] - if (verifyTextPresent("One transaction in the amount of $12.50 will appear on your bank statement.", false)): null

24-10-2024T23:23:49 - [MESSAGE][PASSED] - Text 'One transaction in the amount of $12.50 will appear on your bank statement.' is present on page 

24-10-2024T23:23:49 - [TEST_STEP][PASSED] - isRequiredTextPresent = true: null

24-10-2024T23:23:49 - [TEST_STEP][PASSED] - Thread.sleep(10000): null

24-10-2024T23:24:00 - [TEST_STEP][PASSED] - click(findTestObject("Object Repository/IWP30/Page_ConvenienceFees/btn_convFeeNotifyAction")): Object: 'Object Repository/IWP30/Page_ConvenienceFees/btn_convFeeNotifyAction' is clicked on

24-10-2024T23:24:01 - [MESSAGE][PASSED] - Object: 'Object Repository/IWP30/Page_ConvenienceFees/btn_convFeeNotifyAction' is clicked on

24-10-2024T23:24:01 - [TEST_STEP][PASSED] - Thread.sleep(10000): null

24-10-2024T23:24:11 - [TEST_STEP][PASSED] - if (verifyTextPresent("Successful Payment Receipt", false)): null

24-10-2024T23:24:11 - [MESSAGE][PASSED] - Text 'Successful Payment Receipt' is present on page 

24-10-2024T23:24:11 - [TEST_STEP][PASSED] - println("Successful Payment Receipt text is present on the Receipt page"): null

24-10-2024T23:24:11 - [TEST_STEP][PASSED] - markPassed("Successful Payment Receipt text is present on the Receipt page"): Successful Payment Receipt text is present on the Receipt page

24-10-2024T23:24:11 - [MESSAGE][PASSED] - Successful Payment Receipt text is present on the Receipt page

24-10-2024T23:24:11 - [TEST_STEP][PASSED] - resText = "Pass": null

24-10-2024T23:24:11 - [TEST_STEP][PASSED] - pages.WriteExcel.demoKey(resText, datText, resColumn, datCloumn, fileLoc, nameSheet, row): pages.WriteExcel.demoKey is PASSED

24-10-2024T23:24:11 - [MESSAGE][PASSED] - pages.WriteExcel.demoKey is PASSED

24-10-2024T23:24:11 - [TEST_STEP][PASSED] - closeBrowser(): Browser is closed

24-10-2024T23:24:12 - [MESSAGE][PASSED] - Browser is closed

24-10-2024T23:24:12 - [TEST_STEP][PASSED] - ExecuteTC = findTestData(dataFile).getValue("Execute", row): null

24-10-2024T23:24:12 - [TEST_STEP][PASSED] - out.println("Value of Execute is : " + ExecuteTC): null

24-10-2024T23:24:12 - [TEST_STEP][PASSED] - if (ExecuteTC.equalsIgnoreCase("Y")): null

24-10-2024T23:24:12 - [TEST_STEP][PASSED] - out.println("Begin Record Number: " + row): null

24-10-2024T23:24:12 - [TEST_STEP][PASSED] - today = new java.util.Date(): null

24-10-2024T23:24:12 - [TEST_STEP][PASSED] - println(today): null

24-10-2024T23:24:12 - [TEST_STEP][PASSED] - datText = today: null

24-10-2024T23:24:12 - [TEST_STEP][PASSED] - EmulatorDataKey = findTestData(dataFile).getValue("EmulatorData", row): null

24-10-2024T23:24:12 - [TEST_STEP][PASSED] - out.println("Value of Emulator Key is : " + EmulatorDataKey): null

24-10-2024T23:24:12 - [TEST_STEP][PASSED] - iwpPages.emulatorIWP30.setDataEmulator_DD(EmulatorDataKey): iwpPages.emulatorIWP30.setDataEmulator_DD is PASSED

24-10-2024T23:24:12 - [MESSAGE][INFO] - Starting 'Edge Chromium' driver

24-10-2024T23:24:12 - [MESSAGE][INFO] - User set preference: ['acceptInsecureCerts', 'true']

24-10-2024T23:24:14 - [MESSAGE][INFO] - Action delay is set to 0 milliseconds

24-10-2024T23:24:18 - [MESSAGE][PASSED] - Browser is opened with url: 'https://qa2.velocitypayment.com/agencyx/config.action?action=editor&message_version=3_0'

24-10-2024T23:24:18 - [MESSAGE][PASSED] - Current window maximized

24-10-2024T23:24:49 - [MESSAGE][INFO] - Unable to find the element located by 'By.xpath: //select[@name='message_version']'. Please recheck the objects properties to make sure the desired element is located. 

24-10-2024T23:24:49 - [MESSAGE][WARNING] - [SELF-HEALING] Failed to find element with id 'Object Repository/IWP30/Page_VRelay30Emulator/MV'. Try using Self-healing.

24-10-2024T23:24:50 - [MESSAGE][WARNING] - [SELF-HEALING] The current locator of test object 'Object Repository/IWP30/Page_VRelay30Emulator/MV' was broken. Propose an alternative one: '(.//*[normalize-space(text()) and normalize-space(.)='Message Version'])[1]/following::select[1]'.

24-10-2024T23:24:50 - [MESSAGE][PASSED] - All options with value '3.0' are selected in object 'Object Repository/IWP30/Page_VRelay30Emulator/MV'  using regular expression

24-10-2024T23:24:51 - [MESSAGE][PASSED] - Text '10.50' is set on object 'Object Repository/IWP30/Page_EmulatorAgencyX/Amount'

24-10-2024T23:24:51 - [MESSAGE][PASSED] - Text 'V0aLa4SGz7Tb' is set on object 'Object Repository/IWP30/Page_EmulatorAgencyX/CAN'

24-10-2024T23:24:52 - [MESSAGE][PASSED] - Text 'PayNow' is set on object 'Object Repository/IWP30/Page_EmulatorAgencyX/Action'

24-10-2024T23:24:53 - [MESSAGE][PASSED] - Text 'en_US' is set on object 'Object Repository/IWP30/Page_EmulatorAgencyX/Lang'

24-10-2024T23:24:53 - [MESSAGE][PASSED] - Text '' is set on object 'Object Repository/IWP30/Page_EmulatorAgencyX/Fname'

24-10-2024T23:24:54 - [MESSAGE][PASSED] - Text '' is set on object 'Object Repository/IWP30/Page_EmulatorAgencyX/Lname'

24-10-2024T23:24:54 - [MESSAGE][PASSED] - Text '' is set on object 'Object Repository/IWP30/Page_EmulatorAgencyX/AL1'

24-10-2024T23:24:55 - [MESSAGE][PASSED] - Text '' is set on object 'Object Repository/IWP30/Page_EmulatorAgencyX/AL2'

24-10-2024T23:24:55 - [MESSAGE][PASSED] - Text '' is set on object 'Object Repository/IWP30/Page_EmulatorAgencyX/Country'

24-10-2024T23:24:56 - [MESSAGE][PASSED] - Text '' is set on object 'Object Repository/IWP30/Page_EmulatorAgencyX/City'

24-10-2024T23:24:57 - [MESSAGE][PASSED] - Text '' is set on object 'Object Repository/IWP30/Page_EmulatorAgencyX/State'

24-10-2024T23:24:57 - [MESSAGE][PASSED] - Text '' is set on object 'Object Repository/IWP30/Page_EmulatorAgencyX/ZIP'

24-10-2024T23:24:58 - [MESSAGE][PASSED] - Text '' is set on object 'Object Repository/IWP30/Page_EmulatorAgencyX/Order'

24-10-2024T23:24:58 - [MESSAGE][PASSED] - Text '' is set on object 'Object Repository/IWP30/Page_EmulatorAgencyX/Company'

24-10-2024T23:24:59 - [MESSAGE][PASSED] - Text '' is set on object 'Object Repository/IWP30/Page_EmulatorAgencyX/Email'

24-10-2024T23:25:00 - [MESSAGE][PASSED] - Text '' is set on object 'Object Repository/IWP30/Page_EmulatorAgencyX/UDF1'

24-10-2024T23:25:00 - [MESSAGE][PASSED] - Text '' is set on object 'Object Repository/IWP30/Page_EmulatorAgencyX/UDF2'

24-10-2024T23:25:01 - [MESSAGE][PASSED] - Text '' is set on object 'Object Repository/IWP30/Page_EmulatorAgencyX/UDF3'

24-10-2024T23:25:01 - [MESSAGE][PASSED] - Text 'udf data 4' is set on object 'Object Repository/IWP30/Page_EmulatorAgencyX/UDF4'

24-10-2024T23:25:02 - [MESSAGE][PASSED] - Text 'udf data 5' is set on object 'Object Repository/IWP30/Page_EmulatorAgencyX/UDF5'

24-10-2024T23:25:02 - [MESSAGE][PASSED] - Text '' is set on object 'Object Repository/IWP30/Page_EmulatorAgencyX/UDF6'

24-10-2024T23:25:03 - [MESSAGE][PASSED] - Text '' is set on object 'Object Repository/IWP30/Page_EmulatorAgencyX/UDF7'

24-10-2024T23:25:04 - [MESSAGE][PASSED] - Text '' is set on object 'Object Repository/IWP30/Page_EmulatorAgencyX/UDF8'

24-10-2024T23:25:04 - [MESSAGE][PASSED] - Text 'udf data 9' is set on object 'Object Repository/IWP30/Page_EmulatorAgencyX/UDF9'

24-10-2024T23:25:05 - [MESSAGE][PASSED] - Text 'udf data 10' is set on object 'Object Repository/IWP30/Page_EmulatorAgencyX/UDF10'

24-10-2024T23:25:06 - [MESSAGE][PASSED] - Object: 'Object Repository/IWP30/Page_EmulatorAgencyX/Submit' is clicked on

24-10-2024T23:25:11 - [MESSAGE][PASSED] - Browser is closed

24-10-2024T23:25:15 - [MESSAGE][PASSED] - iwpPages.emulatorIWP30.setDataEmulator_DD is PASSED

24-10-2024T23:25:15 - [TEST_STEP][PASSED] - testHarnessURL = urlTestHarness: null

24-10-2024T23:25:15 - [TEST_STEP][PASSED] - openBrowser(testHarnessURL): Browser is opened with url: 'https://dev-algorithm.govolution.com/vrelaytest/QA2/version_2_2/vrelaytest.html'

24-10-2024T23:25:15 - [MESSAGE][INFO] - Starting 'Edge Chromium' driver

24-10-2024T23:25:15 - [MESSAGE][INFO] - User set preference: ['acceptInsecureCerts', 'true']

24-10-2024T23:25:17 - [MESSAGE][INFO] - Action delay is set to 0 milliseconds

24-10-2024T23:25:20 - [MESSAGE][PASSED] - Browser is opened with url: 'https://dev-algorithm.govolution.com/vrelaytest/QA2/version_2_2/vrelaytest.html'

24-10-2024T23:25:20 - [TEST_STEP][PASSED] - maximizeWindow(): Current window maximized

24-10-2024T23:25:20 - [MESSAGE][PASSED] - Current window maximized

24-10-2024T23:25:20 - [TEST_STEP][PASSED] - iwpPages.TestHarnessPage.setDataMethod(row, dataFile): iwpPages.TestHarnessPage.setDataMethod is PASSED

24-10-2024T23:25:21 - [MESSAGE][PASSED] - Object 'Object Repository/IWP30/Page_QATestHarness/RemittanceID' is present

24-10-2024T23:25:21 - [MESSAGE][PASSED] - Text '650' is set on object 'Object Repository/IWP30/Page_QATestHarness/ApplicationID'

24-10-2024T23:25:22 - [MESSAGE][PASSED] - Text '3.0' is set on object 'Object Repository/IWP30/Page_QATestHarness/MessageVersion'

24-10-2024T23:25:23 - [MESSAGE][PASSED] - Text 'FvZtdeDsTi1z' is set on object 'Object Repository/IWP30/Page_QATestHarness/RemittanceID'

24-10-2024T23:25:27 - [MESSAGE][PASSED] - Object: 'Object Repository/IWP30/Page_QATestHarness/SubmitButton' is clicked on

24-10-2024T23:25:27 - [MESSAGE][PASSED] - iwpPages.TestHarnessPage.setDataMethod is PASSED

24-10-2024T23:25:27 - [TEST_STEP][PASSED] - click(findTestObject("Object Repository/IWP30/Page_SelectPaymentMethod/PayByCreditCard")): Object: 'Object Repository/IWP30/Page_SelectPaymentMethod/PayByCreditCard' is clicked on

24-10-2024T23:25:28 - [MESSAGE][PASSED] - Object: 'Object Repository/IWP30/Page_SelectPaymentMethod/PayByCreditCard' is clicked on

24-10-2024T23:25:28 - [TEST_STEP][PASSED] - click(findTestObject("Object Repository/IWP30/Page_SelectPaymentMethod/MakePaymentButton")): Object: 'Object Repository/IWP30/Page_SelectPaymentMethod/MakePaymentButton' is clicked on

24-10-2024T23:25:30 - [MESSAGE][PASSED] - Object: 'Object Repository/IWP30/Page_SelectPaymentMethod/MakePaymentButton' is clicked on

24-10-2024T23:25:30 - [TEST_STEP][PASSED] - iwpPages.ccPaymentEntryPage.setDataCCPM(row, dataFile): iwpPages.ccPaymentEntryPage.setDataCCPM is PASSED

24-10-2024T23:25:31 - [MESSAGE][PASSED] - Object 'Object Repository/IWP30/Page_CCPaymentEntry/Name' is present

24-10-2024T23:25:32 - [MESSAGE][PASSED] - Text '10.50' is set on object 'Object Repository/IWP30/Page_CCPaymentEntry/Amount'

24-10-2024T23:25:33 - [MESSAGE][PASSED] - Text 'udf data 2' is set on object 'Object Repository/IWP30/Page_CCPaymentEntry/UserDefined2'

24-10-2024T23:25:33 - [MESSAGE][PASSED] - Text 'udf data 3' is set on object 'Object Repository/IWP30/Page_CCPaymentEntry/UserDefined3'

24-10-2024T23:25:34 - [MESSAGE][PASSED] - All options with label 'Orange' are selected in object 'Object Repository/IWP30/Page_CCPaymentEntry/UserDefined7' 

24-10-2024T23:25:34 - [MESSAGE][PASSED] - All options with label 'Soccer' are selected in object 'Object Repository/IWP30/Page_CCPaymentEntry/UserDefined8' 

24-10-2024T23:25:35 - [MESSAGE][PASSED] - Object 'Object Repository/IWP30/Page_CCPaymentEntry/Name' is present

24-10-2024T23:25:35 - [MESSAGE][PASSED] - Text 'Kavita Ranawati' is set on object 'Object Repository/IWP30/Page_CCPaymentEntry/Name'

24-10-2024T23:25:35 - [MESSAGE][PASSED] - Object 'Object Repository/IWP30/Page_CCPaymentEntry/CardNumber' is present

24-10-2024T23:25:36 - [MESSAGE][PASSED] - Text '4111111111111111' is set on object 'Object Repository/IWP30/Page_CCPaymentEntry/CardNumber'

24-10-2024T23:25:37 - [MESSAGE][PASSED] - Text '123' is set on object 'Object Repository/IWP30/Page_CCPaymentEntry/SPC'

24-10-2024T23:25:38 - [MESSAGE][PASSED] - Object 'Object Repository/IWP30/Page_CCPaymentEntry/Month' is present

24-10-2024T23:25:38 - [MESSAGE][PASSED] - All options with label '09' are selected in object 'Object Repository/IWP30/Page_CCPaymentEntry/Month' 

24-10-2024T23:25:38 - [MESSAGE][PASSED] - Object 'Object Repository/IWP30/Page_CCPaymentEntry/Year' is present

24-10-2024T23:25:39 - [MESSAGE][PASSED] - All options with label '2028' are selected in object 'Object Repository/IWP30/Page_CCPaymentEntry/Year' 

24-10-2024T23:25:40 - [MESSAGE][PASSED] - Text '365 Main Avenue' is set on object 'Object Repository/IWP30/Page_CCPaymentEntry/AL1'

24-10-2024T23:25:40 - [MESSAGE][PASSED] - Text '22201' is set on object 'Object Repository/IWP30/Page_CCPaymentEntry/ZIP'

24-10-2024T23:25:40 - [MESSAGE][PASSED] - Object 'Object Repository/IWP30/Page_CCPaymentEntry/EmailAddress' is present

24-10-2024T23:25:41 - [MESSAGE][PASSED] - Text 'iahmed@govolution.com' is set on object 'Object Repository/IWP30/Page_CCPaymentEntry/EmailAddress'

24-10-2024T23:25:42 - [MESSAGE][PASSED] - Object 'Object Repository/IWP30/Page_CCPaymentEntry/TermCondCheckBox' is present

24-10-2024T23:25:42 - [MESSAGE][PASSED] - Object 'Object Repository/IWP30/Page_CCPaymentEntry/TermCondCheckBox' is checked

24-10-2024T23:25:42 - [MESSAGE][PASSED] - Object 'Object Repository/IWP30/Page_CCPaymentEntry/ContinueButton' is present

24-10-2024T23:25:44 - [MESSAGE][PASSED] - Object: 'Object Repository/IWP30/Page_CCPaymentEntry/ContinueButton' is clicked on

24-10-2024T23:25:44 - [MESSAGE][PASSED] - iwpPages.ccPaymentEntryPage.setDataCCPM is PASSED

24-10-2024T23:25:44 - [TEST_STEP][PASSED] - click(findTestObject("Object Repository/IWP30/Page_Confirmation/ConfirmButton")): Object: 'Object Repository/IWP30/Page_Confirmation/ConfirmButton' is clicked on

24-10-2024T23:25:45 - [MESSAGE][PASSED] - Object: 'Object Repository/IWP30/Page_Confirmation/ConfirmButton' is clicked on

24-10-2024T23:25:45 - [TEST_STEP][PASSED] - Thread.sleep(5000): null

24-10-2024T23:25:50 - [TEST_STEP][PASSED] - if (verifyTextPresent("Make a Real Estate Payment", false)): null

24-10-2024T23:25:51 - [MESSAGE][PASSED] - Text 'Make a Real Estate Payment' is present on page 

24-10-2024T23:25:51 - [TEST_STEP][PASSED] - isRequiredTextPresent = true: null

24-10-2024T23:25:51 - [TEST_STEP][PASSED] - println(isRequiredTextPresent): null

24-10-2024T23:25:51 - [TEST_STEP][PASSED] - if (isRequiredTextPresent): null

24-10-2024T23:25:51 - [TEST_STEP][PASSED] - if (verifyTextPresent("This transaction is subject to a Convenience Fees of $2.00.", false)): null

24-10-2024T23:25:51 - [MESSAGE][PASSED] - Text 'This transaction is subject to a Convenience Fees of $2.00.' is present on page 

24-10-2024T23:25:51 - [TEST_STEP][PASSED] - isRequiredTextPresent = true: null

24-10-2024T23:25:51 - [TEST_STEP][PASSED] - println(isRequiredTextPresent): null

24-10-2024T23:25:51 - [TEST_STEP][PASSED] - if (isRequiredTextPresent): null

24-10-2024T23:25:51 - [TEST_STEP][PASSED] - if (verifyTextPresent("Payment Amount:  $10.50", false)): null

24-10-2024T23:25:51 - [MESSAGE][PASSED] - Text 'Payment Amount:  $10.50' is present on page 

24-10-2024T23:25:51 - [TEST_STEP][PASSED] - isRequiredTextPresent = true: null

24-10-2024T23:25:51 - [TEST_STEP][PASSED] - if (isRequiredTextPresent): null

24-10-2024T23:25:51 - [TEST_STEP][PASSED] - if (verifyTextPresent("Convenience Fees:  $2.00", false)): null

24-10-2024T23:25:51 - [MESSAGE][PASSED] - Text 'Convenience Fees:  $2.00' is present on page 

24-10-2024T23:25:51 - [TEST_STEP][PASSED] - isRequiredTextPresent = true: null

24-10-2024T23:25:51 - [TEST_STEP][PASSED] - if (isRequiredTextPresent): null

24-10-2024T23:25:51 - [TEST_STEP][PASSED] - if (verifyTextPresent("Total Amount:  $12.50", false)): null

24-10-2024T23:25:52 - [MESSAGE][PASSED] - Text 'Total Amount:  $12.50' is present on page 

24-10-2024T23:25:52 - [TEST_STEP][PASSED] - isRequiredTextPresent = true: null

24-10-2024T23:25:52 - [TEST_STEP][PASSED] - if (isRequiredTextPresent): null

24-10-2024T23:25:52 - [TEST_STEP][PASSED] - if (verifyTextPresent("One transaction in the amount of $12.50 will appear on your bank statement.", false)): null

24-10-2024T23:25:52 - [MESSAGE][PASSED] - Text 'One transaction in the amount of $12.50 will appear on your bank statement.' is present on page 

24-10-2024T23:25:52 - [TEST_STEP][PASSED] - isRequiredTextPresent = true: null

24-10-2024T23:25:52 - [TEST_STEP][PASSED] - Thread.sleep(10000): null

24-10-2024T23:26:02 - [TEST_STEP][PASSED] - click(findTestObject("Object Repository/IWP30/Page_ConvenienceFees/btn_convFeeNotifyAction")): Object: 'Object Repository/IWP30/Page_ConvenienceFees/btn_convFeeNotifyAction' is clicked on

24-10-2024T23:26:04 - [MESSAGE][PASSED] - Object: 'Object Repository/IWP30/Page_ConvenienceFees/btn_convFeeNotifyAction' is clicked on

24-10-2024T23:26:04 - [TEST_STEP][PASSED] - Thread.sleep(10000): null

24-10-2024T23:26:14 - [TEST_STEP][PASSED] - if (verifyTextPresent("Successful Payment Receipt", false)): null

24-10-2024T23:26:14 - [MESSAGE][PASSED] - Text 'Successful Payment Receipt' is present on page 

24-10-2024T23:26:14 - [TEST_STEP][PASSED] - println("Successful Payment Receipt text is present on the Receipt page"): null

24-10-2024T23:26:14 - [TEST_STEP][PASSED] - markPassed("Successful Payment Receipt text is present on the Receipt page"): Successful Payment Receipt text is present on the Receipt page

24-10-2024T23:26:14 - [MESSAGE][PASSED] - Successful Payment Receipt text is present on the Receipt page

24-10-2024T23:26:14 - [TEST_STEP][PASSED] - resText = "Pass": null

24-10-2024T23:26:14 - [TEST_STEP][PASSED] - pages.WriteExcel.demoKey(resText, datText, resColumn, datCloumn, fileLoc, nameSheet, row): pages.WriteExcel.demoKey is PASSED

24-10-2024T23:26:14 - [MESSAGE][PASSED] - pages.WriteExcel.demoKey is PASSED

24-10-2024T23:26:14 - [TEST_STEP][PASSED] - closeBrowser(): Browser is closed

24-10-2024T23:26:15 - [MESSAGE][PASSED] - Browser is closed]]></system-out>
         <system-err><![CDATA[]]></system-err>
      </testcase>
      <testcase name="Test Cases/IntegratedWeb/IWP25/Payments/PayNowPersonalCheckDCF" time="549.956" classname="Test Cases/IntegratedWeb/IWP25/Payments/PayNowPersonalCheckDCF" status="PASSED">
         <system-out><![CDATA[24-10-2024T23:26:15 - [TEST_CASE][PASSED] - Test Cases/IntegratedWeb/IWP25/Payments/PayNowPersonalCheckDCF: Test Cases/IntegratedWeb/IWP25/Payments/PayNowPersonalCheckDCF

24-10-2024T23:26:15 - [TEST_STEP][PASSED] - resText = "Fail": null

24-10-2024T23:26:15 - [TEST_STEP][PASSED] - resColumn = "Result": null

24-10-2024T23:26:15 - [TEST_STEP][PASSED] - datCloumn = "Date": null

24-10-2024T23:26:15 - [TEST_STEP][PASSED] - fileLoc = "KatalonData/IWPTestData/VRelay25Payments.xlsx": null

24-10-2024T23:26:15 - [TEST_STEP][PASSED] - numOfRows = <not implemented yet for class: org.codehaus.groovy.ast.expr.EmptyExpression>: null

24-10-2024T23:26:15 - [TEST_STEP][PASSED] - dataFile = <not implemented yet for class: org.codehaus.groovy.ast.expr.EmptyExpression>: null

24-10-2024T23:26:15 - [TEST_STEP][PASSED] - nameSheet = <not implemented yet for class: org.codehaus.groovy.ast.expr.EmptyExpression>: null

24-10-2024T23:26:15 - [TEST_STEP][PASSED] - dataFileEmulator = <not implemented yet for class: org.codehaus.groovy.ast.expr.EmptyExpression>: null

24-10-2024T23:26:15 - [TEST_STEP][PASSED] - isRequiredTextPresent = false: null

24-10-2024T23:26:15 - [TEST_STEP][PASSED] - nameSheet = "PayNowPersonalCheckDCF": null

24-10-2024T23:26:15 - [TEST_STEP][PASSED] - dataFile = "IWPTestData/IWP25PayNowPersonalCheckDCF": null

24-10-2024T23:26:15 - [TEST_STEP][PASSED] - dataFileEmulator = "IWPTestData/EmulatorData": null

24-10-2024T23:26:15 - [TEST_STEP][PASSED] - numOfRows = findTestData(dataFile).getRowNumbers(): null

24-10-2024T23:26:15 - [TEST_STEP][PASSED] - println("Number of Records: " + numOfRows): null

24-10-2024T23:26:15 - [TEST_STEP][PASSED] - for ([row = 1, row <= numOfRows, (row++)]): Browser is closed

24-10-2024T23:26:15 - [TEST_STEP][PASSED] - ExecuteTC = findTestData(dataFile).getValue("Execute", row): null

24-10-2024T23:26:15 - [TEST_STEP][PASSED] - out.println("Value of Execute is : " + ExecuteTC): null

24-10-2024T23:26:15 - [TEST_STEP][PASSED] - if (ExecuteTC.equalsIgnoreCase("Y")): null

24-10-2024T23:26:15 - [TEST_STEP][PASSED] - out.println("Begin Record Number: " + row): null

24-10-2024T23:26:15 - [TEST_STEP][PASSED] - today = new java.util.Date(): null

24-10-2024T23:26:15 - [TEST_STEP][PASSED] - println(today): null

24-10-2024T23:26:15 - [TEST_STEP][PASSED] - datText = today: null

24-10-2024T23:26:15 - [TEST_STEP][PASSED] - EmulatorDataKey = findTestData(dataFile).getValue("EmulatorData", row): null

24-10-2024T23:26:15 - [TEST_STEP][PASSED] - out.println("Value of Emulator Key is : " + EmulatorDataKey): null

24-10-2024T23:26:15 - [TEST_STEP][PASSED] - iwpPages.emulatorIWP30.setDataEmulator_DD(EmulatorDataKey): iwpPages.emulatorIWP30.setDataEmulator_DD is PASSED

24-10-2024T23:26:15 - [MESSAGE][INFO] - Starting 'Edge Chromium' driver

24-10-2024T23:26:15 - [MESSAGE][INFO] - User set preference: ['acceptInsecureCerts', 'true']

24-10-2024T23:26:17 - [MESSAGE][INFO] - Action delay is set to 0 milliseconds

24-10-2024T23:26:21 - [MESSAGE][PASSED] - Browser is opened with url: 'https://qa2.velocitypayment.com/agencyx/config.action?action=editor&message_version=2_5'

24-10-2024T23:26:21 - [MESSAGE][PASSED] - Current window maximized

24-10-2024T23:26:53 - [MESSAGE][INFO] - Unable to find the element located by 'By.xpath: //select[@name='message_version']'. Please recheck the objects properties to make sure the desired element is located. 

24-10-2024T23:26:53 - [MESSAGE][WARNING] - [SELF-HEALING] Failed to find element with id 'Object Repository/IWP30/Page_VRelay30Emulator/MV'. Try using Self-healing.

24-10-2024T23:26:53 - [MESSAGE][WARNING] - [SELF-HEALING] The current locator of test object 'Object Repository/IWP30/Page_VRelay30Emulator/MV' was broken. Propose an alternative one: '(.//*[normalize-space(text()) and normalize-space(.)='Message Version'])[1]/following::select[1]'.

24-10-2024T23:26:53 - [MESSAGE][PASSED] - All options with value '2.5' are selected in object 'Object Repository/IWP30/Page_VRelay30Emulator/MV'  using regular expression

24-10-2024T23:26:54 - [MESSAGE][PASSED] - Text '10.50' is set on object 'Object Repository/IWP30/Page_EmulatorAgencyX/Amount'

24-10-2024T23:26:55 - [MESSAGE][PASSED] - Text 'IvFD6oV8Qpw2' is set on object 'Object Repository/IWP30/Page_EmulatorAgencyX/CAN'

24-10-2024T23:26:55 - [MESSAGE][PASSED] - Text 'PayNow' is set on object 'Object Repository/IWP30/Page_EmulatorAgencyX/Action'

24-10-2024T23:26:56 - [MESSAGE][PASSED] - Text 'en_US' is set on object 'Object Repository/IWP30/Page_EmulatorAgencyX/Lang'

24-10-2024T23:26:56 - [MESSAGE][PASSED] - Text '' is set on object 'Object Repository/IWP30/Page_EmulatorAgencyX/Fname'

24-10-2024T23:26:57 - [MESSAGE][PASSED] - Text '' is set on object 'Object Repository/IWP30/Page_EmulatorAgencyX/Lname'

24-10-2024T23:26:58 - [MESSAGE][PASSED] - Text '' is set on object 'Object Repository/IWP30/Page_EmulatorAgencyX/AL1'

24-10-2024T23:26:58 - [MESSAGE][PASSED] - Text '' is set on object 'Object Repository/IWP30/Page_EmulatorAgencyX/AL2'

24-10-2024T23:26:59 - [MESSAGE][PASSED] - Text '' is set on object 'Object Repository/IWP30/Page_EmulatorAgencyX/Country'

24-10-2024T23:26:59 - [MESSAGE][PASSED] - Text '' is set on object 'Object Repository/IWP30/Page_EmulatorAgencyX/City'

24-10-2024T23:27:00 - [MESSAGE][PASSED] - Text '' is set on object 'Object Repository/IWP30/Page_EmulatorAgencyX/State'

24-10-2024T23:27:00 - [MESSAGE][PASSED] - Text '' is set on object 'Object Repository/IWP30/Page_EmulatorAgencyX/ZIP'

24-10-2024T23:27:01 - [MESSAGE][PASSED] - Text '' is set on object 'Object Repository/IWP30/Page_EmulatorAgencyX/Order'

24-10-2024T23:27:02 - [MESSAGE][PASSED] - Text '' is set on object 'Object Repository/IWP30/Page_EmulatorAgencyX/Company'

24-10-2024T23:27:02 - [MESSAGE][PASSED] - Text '' is set on object 'Object Repository/IWP30/Page_EmulatorAgencyX/Email'

24-10-2024T23:27:03 - [MESSAGE][PASSED] - Text '' is set on object 'Object Repository/IWP30/Page_EmulatorAgencyX/UDF1'

24-10-2024T23:27:03 - [MESSAGE][PASSED] - Text '' is set on object 'Object Repository/IWP30/Page_EmulatorAgencyX/UDF2'

24-10-2024T23:27:04 - [MESSAGE][PASSED] - Text '' is set on object 'Object Repository/IWP30/Page_EmulatorAgencyX/UDF3'

24-10-2024T23:27:04 - [MESSAGE][PASSED] - Text 'udf data 4' is set on object 'Object Repository/IWP30/Page_EmulatorAgencyX/UDF4'

24-10-2024T23:27:05 - [MESSAGE][PASSED] - Text 'udf data 5' is set on object 'Object Repository/IWP30/Page_EmulatorAgencyX/UDF5'

24-10-2024T23:27:06 - [MESSAGE][PASSED] - Text '' is set on object 'Object Repository/IWP30/Page_EmulatorAgencyX/UDF6'

24-10-2024T23:27:06 - [MESSAGE][PASSED] - Text '' is set on object 'Object Repository/IWP30/Page_EmulatorAgencyX/UDF7'

24-10-2024T23:27:07 - [MESSAGE][PASSED] - Text '' is set on object 'Object Repository/IWP30/Page_EmulatorAgencyX/UDF8'

24-10-2024T23:27:07 - [MESSAGE][PASSED] - Text 'udf data 9' is set on object 'Object Repository/IWP30/Page_EmulatorAgencyX/UDF9'

24-10-2024T23:27:08 - [MESSAGE][PASSED] - Text 'udf data 10' is set on object 'Object Repository/IWP30/Page_EmulatorAgencyX/UDF10'

24-10-2024T23:27:09 - [MESSAGE][PASSED] - Object: 'Object Repository/IWP30/Page_EmulatorAgencyX/Submit' is clicked on

24-10-2024T23:27:14 - [MESSAGE][PASSED] - Browser is closed

24-10-2024T23:27:18 - [MESSAGE][PASSED] - iwpPages.emulatorIWP30.setDataEmulator_DD is PASSED

24-10-2024T23:27:18 - [TEST_STEP][PASSED] - testHarnessURL = urlTestHarness: null

24-10-2024T23:27:18 - [TEST_STEP][PASSED] - openBrowser(testHarnessURL): Browser is opened with url: 'https://dev-algorithm.govolution.com/vrelaytest/QA2/version_2_2/vrelaytest.html'

24-10-2024T23:27:18 - [MESSAGE][INFO] - Starting 'Edge Chromium' driver

24-10-2024T23:27:18 - [MESSAGE][INFO] - User set preference: ['acceptInsecureCerts', 'true']

24-10-2024T23:27:20 - [MESSAGE][INFO] - Action delay is set to 0 milliseconds

24-10-2024T23:27:23 - [MESSAGE][PASSED] - Browser is opened with url: 'https://dev-algorithm.govolution.com/vrelaytest/QA2/version_2_2/vrelaytest.html'

24-10-2024T23:27:23 - [TEST_STEP][PASSED] - maximizeWindow(): Current window maximized

24-10-2024T23:27:24 - [MESSAGE][PASSED] - Current window maximized

24-10-2024T23:27:24 - [TEST_STEP][PASSED] - iwpPages.TestHarnessPage.setDataMethod(row, dataFile): iwpPages.TestHarnessPage.setDataMethod is PASSED

24-10-2024T23:27:24 - [MESSAGE][PASSED] - Object 'Object Repository/IWP30/Page_QATestHarness/RemittanceID' is present

24-10-2024T23:27:25 - [MESSAGE][PASSED] - Text '640' is set on object 'Object Repository/IWP30/Page_QATestHarness/ApplicationID'

24-10-2024T23:27:25 - [MESSAGE][PASSED] - Text '2.5' is set on object 'Object Repository/IWP30/Page_QATestHarness/MessageVersion'

24-10-2024T23:27:26 - [MESSAGE][PASSED] - Text 'gOMK4TJ94ZV7' is set on object 'Object Repository/IWP30/Page_QATestHarness/RemittanceID'

24-10-2024T23:27:30 - [MESSAGE][PASSED] - Object: 'Object Repository/IWP30/Page_QATestHarness/SubmitButton' is clicked on

24-10-2024T23:27:30 - [MESSAGE][PASSED] - iwpPages.TestHarnessPage.setDataMethod is PASSED

24-10-2024T23:27:30 - [TEST_STEP][PASSED] - click(findTestObject("Object Repository/IWP30/Page_SelectPaymentMethod/PayByPersonalCheck")): Object: 'Object Repository/IWP30/Page_SelectPaymentMethod/PayByPersonalCheck' is clicked on

24-10-2024T23:27:30 - [MESSAGE][PASSED] - Object: 'Object Repository/IWP30/Page_SelectPaymentMethod/PayByPersonalCheck' is clicked on

24-10-2024T23:27:30 - [TEST_STEP][PASSED] - click(findTestObject("Object Repository/IWP30/Page_SelectPaymentMethod/MakePaymentButton")): Object: 'Object Repository/IWP30/Page_SelectPaymentMethod/MakePaymentButton' is clicked on

24-10-2024T23:27:33 - [MESSAGE][PASSED] - Object: 'Object Repository/IWP30/Page_SelectPaymentMethod/MakePaymentButton' is clicked on

24-10-2024T23:27:33 - [TEST_STEP][PASSED] - iwpPages.achPersonalPaymentEntryPage.setDataACHPPM(row, dataFile): iwpPages.achPersonalPaymentEntryPage.setDataACHPPM is PASSED

24-10-2024T23:27:34 - [MESSAGE][PASSED] - Object 'Object Repository/IWP30/Page_ACHPersonalPaymentEntry/txt_accountNumber' is present

24-10-2024T23:27:35 - [MESSAGE][PASSED] - Text '10.50' is set on object 'Object Repository/IWP30/Page_ACHPersonalPaymentEntry/txt_Amount'

24-10-2024T23:27:35 - [MESSAGE][PASSED] - Object 'Object Repository/IWP30/Page_ACHPersonalPaymentEntry/txt_UDF2' is present

24-10-2024T23:27:36 - [MESSAGE][PASSED] - Text 'udf data 2' is set on object 'Object Repository/IWP30/Page_ACHPersonalPaymentEntry/txt_UDF2'

24-10-2024T23:27:36 - [MESSAGE][PASSED] - Text 'udf data 3' is set on object 'Object Repository/IWP30/Page_ACHPersonalPaymentEntry/txt_UDF3'

24-10-2024T23:27:37 - [MESSAGE][PASSED] - All options with label 'Orange' are selected in object 'Object Repository/IWP30/Page_ACHPersonalPaymentEntry/dd_UDF7' 

24-10-2024T23:27:37 - [MESSAGE][PASSED] - All options with label 'Soccer' are selected in object 'Object Repository/IWP30/Page_ACHPersonalPaymentEntry/dd_UDF8' 

24-10-2024T23:27:38 - [MESSAGE][PASSED] - Object 'Object Repository/IWP30/Page_ACHPersonalPaymentEntry/txt_Firstname' is present

24-10-2024T23:27:38 - [MESSAGE][PASSED] - Text 'Elizath' is set on object 'Object Repository/IWP30/Page_ACHPersonalPaymentEntry/txt_Firstname'

24-10-2024T23:27:38 - [MESSAGE][PASSED] - Object 'Object Repository/IWP30/Page_ACHPersonalPaymentEntry/txt_Lastname' is present

24-10-2024T23:27:39 - [MESSAGE][PASSED] - Text 'Christine' is set on object 'Object Repository/IWP30/Page_ACHPersonalPaymentEntry/txt_Lastname'

24-10-2024T23:27:39 - [MESSAGE][PASSED] - Object 'Object Repository/IWP30/Page_ACHPersonalPaymentEntry/txt_routingNumber' is present

24-10-2024T23:27:40 - [MESSAGE][PASSED] - Text '256072691' is set on object 'Object Repository/IWP30/Page_ACHPersonalPaymentEntry/txt_routingNumber'

24-10-2024T23:27:40 - [MESSAGE][PASSED] - Object 'Object Repository/IWP30/Page_ACHPersonalPaymentEntry/txt_accountNumber' is present

24-10-2024T23:27:41 - [MESSAGE][PASSED] - Text '12344444' is set on object 'Object Repository/IWP30/Page_ACHPersonalPaymentEntry/txt_accountNumber'

24-10-2024T23:27:42 - [MESSAGE][PASSED] - Object 'Object Repository/IWP30/Page_ACHPersonalPaymentEntry/txt_confirmAccountNumber' is present

24-10-2024T23:27:42 - [MESSAGE][PASSED] - Text '12344444' is set on object 'Object Repository/IWP30/Page_ACHPersonalPaymentEntry/txt_confirmAccountNumber'

24-10-2024T23:27:43 - [MESSAGE][PASSED] - Object 'Object Repository/IWP30/Page_ACHPersonalPaymentEntry/rd_accountType' is present

24-10-2024T23:27:43 - [MESSAGE][PASSED] - Modify property of object successfully

24-10-2024T23:27:43 - [MESSAGE][PASSED] - Object: 'Object Repository/IWP30/Page_ACHPersonalPaymentEntry/rd_accountType' is clicked on

24-10-2024T23:27:44 - [MESSAGE][PASSED] - Text '365 Main Avenue' is set on object 'Object Repository/IWP30/Page_ACHPersonalPaymentEntry/txt_AL1'

24-10-2024T23:27:44 - [MESSAGE][PASSED] - Text '22201' is set on object 'Object Repository/IWP30/Page_ACHPersonalPaymentEntry/txt_ZIP'

24-10-2024T23:27:45 - [MESSAGE][PASSED] - Object 'Object Repository/IWP30/Page_ACHPersonalPaymentEntry/txt_Email' is present

24-10-2024T23:27:46 - [MESSAGE][PASSED] - Text 'iahmed@govolution.com' is set on object 'Object Repository/IWP30/Page_ACHPersonalPaymentEntry/txt_Email'

24-10-2024T23:27:46 - [MESSAGE][PASSED] - Object 'Object Repository/IWP30/Page_ACHPersonalPaymentEntry/cb_TermsAndCond' is present

24-10-2024T23:27:46 - [MESSAGE][PASSED] - Object: 'Object Repository/IWP30/Page_ACHPersonalPaymentEntry/cb_TermsAndCond' is clicked on

24-10-2024T23:27:47 - [MESSAGE][PASSED] - Object 'Object Repository/IWP30/Page_ACHPersonalPaymentEntry/btn_Continue' is present

24-10-2024T23:27:48 - [MESSAGE][PASSED] - Object: 'Object Repository/IWP30/Page_ACHPersonalPaymentEntry/btn_Continue' is clicked on

24-10-2024T23:27:48 - [MESSAGE][PASSED] - iwpPages.achPersonalPaymentEntryPage.setDataACHPPM is PASSED

24-10-2024T23:27:48 - [TEST_STEP][PASSED] - click(findTestObject("Object Repository/IWP30/Page_Confirmation/ConfirmButton")): Object: 'Object Repository/IWP30/Page_Confirmation/ConfirmButton' is clicked on

24-10-2024T23:27:50 - [MESSAGE][PASSED] - Object: 'Object Repository/IWP30/Page_Confirmation/ConfirmButton' is clicked on

24-10-2024T23:27:50 - [TEST_STEP][PASSED] - Thread.sleep(5000): null

24-10-2024T23:27:55 - [TEST_STEP][PASSED] - println("I am on real estate page"): null

24-10-2024T23:27:55 - [TEST_STEP][PASSED] - if (verifyTextPresent("Make a Real Estate Payment", false)): null

24-10-2024T23:27:55 - [MESSAGE][PASSED] - Text 'Make a Real Estate Payment' is present on page 

24-10-2024T23:27:55 - [TEST_STEP][PASSED] - isRequiredTextPresent = true: null

24-10-2024T23:27:55 - [TEST_STEP][PASSED] - println(isRequiredTextPresent): null

24-10-2024T23:27:55 - [TEST_STEP][PASSED] - if (isRequiredTextPresent): null

24-10-2024T23:27:55 - [TEST_STEP][PASSED] - if (verifyTextPresent("This transaction is subject to a Convenience Fees of $2.00.", false)): null

24-10-2024T23:27:55 - [MESSAGE][PASSED] - Text 'This transaction is subject to a Convenience Fees of $2.00.' is present on page 

24-10-2024T23:27:55 - [TEST_STEP][PASSED] - isRequiredTextPresent = true: null

24-10-2024T23:27:55 - [TEST_STEP][PASSED] - println(isRequiredTextPresent): null

24-10-2024T23:27:55 - [TEST_STEP][PASSED] - if (isRequiredTextPresent): null

24-10-2024T23:27:55 - [TEST_STEP][PASSED] - if (verifyTextPresent("Payment Amount:  $10.50", false)): null

24-10-2024T23:27:56 - [MESSAGE][PASSED] - Text 'Payment Amount:  $10.50' is present on page 

24-10-2024T23:27:56 - [TEST_STEP][PASSED] - isRequiredTextPresent = true: null

24-10-2024T23:27:56 - [TEST_STEP][PASSED] - if (isRequiredTextPresent): null

24-10-2024T23:27:56 - [TEST_STEP][PASSED] - if (verifyTextPresent("Convenience Fees:  $2.00", false)): null

24-10-2024T23:27:56 - [MESSAGE][PASSED] - Text 'Convenience Fees:  $2.00' is present on page 

24-10-2024T23:27:56 - [TEST_STEP][PASSED] - isRequiredTextPresent = true: null

24-10-2024T23:27:56 - [TEST_STEP][PASSED] - if (isRequiredTextPresent): null

24-10-2024T23:27:56 - [TEST_STEP][PASSED] - if (verifyTextPresent("Total Amount:  $12.50", false)): null

24-10-2024T23:27:56 - [MESSAGE][PASSED] - Text 'Total Amount:  $12.50' is present on page 

24-10-2024T23:27:56 - [TEST_STEP][PASSED] - isRequiredTextPresent = true: null

24-10-2024T23:27:56 - [TEST_STEP][PASSED] - if (isRequiredTextPresent): null

24-10-2024T23:27:56 - [TEST_STEP][PASSED] - if (verifyTextPresent("Two transactions will appear on your bank statement, one in the amount of $10.50 and one in the amount of $2.00.", false)): null

24-10-2024T23:27:57 - [MESSAGE][PASSED] - Text 'Two transactions will appear on your bank statement, one in the amount of $10.50 and one in the amount of $2.00.' is present on page 

24-10-2024T23:27:57 - [TEST_STEP][PASSED] - isRequiredTextPresent = true: null

24-10-2024T23:27:57 - [TEST_STEP][PASSED] - Thread.sleep(10000): null

24-10-2024T23:28:07 - [TEST_STEP][PASSED] - click(findTestObject("Object Repository/IWP30/Page_ConvenienceFees/btn_convFeeNotifyAction")): Object: 'Object Repository/IWP30/Page_ConvenienceFees/btn_convFeeNotifyAction' is clicked on

24-10-2024T23:28:09 - [MESSAGE][PASSED] - Object: 'Object Repository/IWP30/Page_ConvenienceFees/btn_convFeeNotifyAction' is clicked on

24-10-2024T23:28:09 - [TEST_STEP][PASSED] - Thread.sleep(10000): null

24-10-2024T23:28:19 - [TEST_STEP][PASSED] - if (verifyTextPresent("Successful Payment Receipt", false)): null

24-10-2024T23:28:19 - [MESSAGE][PASSED] - Text 'Successful Payment Receipt' is present on page 

24-10-2024T23:28:19 - [TEST_STEP][PASSED] - println("Successful Payment Receipt text is present on the Receipt page"): null

24-10-2024T23:28:19 - [TEST_STEP][PASSED] - markPassed("Successful Payment Receipt text is present on the Receipt page"): Successful Payment Receipt text is present on the Receipt page

24-10-2024T23:28:19 - [MESSAGE][PASSED] - Successful Payment Receipt text is present on the Receipt page

24-10-2024T23:28:19 - [TEST_STEP][PASSED] - resText = "Pass": null

24-10-2024T23:28:19 - [TEST_STEP][PASSED] - pages.WriteExcel.demoKey(resText, datText, resColumn, datCloumn, fileLoc, nameSheet, row): pages.WriteExcel.demoKey is PASSED

24-10-2024T23:28:19 - [MESSAGE][PASSED] - pages.WriteExcel.demoKey is PASSED

24-10-2024T23:28:19 - [TEST_STEP][PASSED] - closeBrowser(): Browser is closed

24-10-2024T23:28:20 - [MESSAGE][PASSED] - Browser is closed

24-10-2024T23:28:20 - [TEST_STEP][PASSED] - ExecuteTC = findTestData(dataFile).getValue("Execute", row): null

24-10-2024T23:28:20 - [TEST_STEP][PASSED] - out.println("Value of Execute is : " + ExecuteTC): null

24-10-2024T23:28:20 - [TEST_STEP][PASSED] - if (ExecuteTC.equalsIgnoreCase("Y")): null

24-10-2024T23:28:20 - [TEST_STEP][PASSED] - out.println("Begin Record Number: " + row): null

24-10-2024T23:28:20 - [TEST_STEP][PASSED] - today = new java.util.Date(): null

24-10-2024T23:28:20 - [TEST_STEP][PASSED] - println(today): null

24-10-2024T23:28:20 - [TEST_STEP][PASSED] - datText = today: null

24-10-2024T23:28:20 - [TEST_STEP][PASSED] - EmulatorDataKey = findTestData(dataFile).getValue("EmulatorData", row): null

24-10-2024T23:28:20 - [TEST_STEP][PASSED] - out.println("Value of Emulator Key is : " + EmulatorDataKey): null

24-10-2024T23:28:20 - [TEST_STEP][PASSED] - iwpPages.emulatorIWP30.setDataEmulator_DD(EmulatorDataKey): iwpPages.emulatorIWP30.setDataEmulator_DD is PASSED

24-10-2024T23:28:20 - [MESSAGE][INFO] - Starting 'Edge Chromium' driver

24-10-2024T23:28:20 - [MESSAGE][INFO] - User set preference: ['acceptInsecureCerts', 'true']

24-10-2024T23:28:22 - [MESSAGE][INFO] - Action delay is set to 0 milliseconds

24-10-2024T23:28:26 - [MESSAGE][PASSED] - Browser is opened with url: 'https://qa2.velocitypayment.com/agencyx/config.action?action=editor&message_version=2_5'

24-10-2024T23:28:26 - [MESSAGE][PASSED] - Current window maximized

24-10-2024T23:28:57 - [MESSAGE][INFO] - Unable to find the element located by 'By.xpath: //select[@name='message_version']'. Please recheck the objects properties to make sure the desired element is located. 

24-10-2024T23:28:57 - [MESSAGE][WARNING] - [SELF-HEALING] Failed to find element with id 'Object Repository/IWP30/Page_VRelay30Emulator/MV'. Try using Self-healing.

24-10-2024T23:28:57 - [MESSAGE][WARNING] - [SELF-HEALING] The current locator of test object 'Object Repository/IWP30/Page_VRelay30Emulator/MV' was broken. Propose an alternative one: '(.//*[normalize-space(text()) and normalize-space(.)='Message Version'])[1]/following::select[1]'.

24-10-2024T23:28:58 - [MESSAGE][PASSED] - All options with value '2.5' are selected in object 'Object Repository/IWP30/Page_VRelay30Emulator/MV'  using regular expression

24-10-2024T23:28:58 - [MESSAGE][PASSED] - Text '10.50' is set on object 'Object Repository/IWP30/Page_EmulatorAgencyX/Amount'

24-10-2024T23:28:59 - [MESSAGE][PASSED] - Text 'vtpZt1WCDHeJ' is set on object 'Object Repository/IWP30/Page_EmulatorAgencyX/CAN'

24-10-2024T23:28:59 - [MESSAGE][PASSED] - Text 'PayNow' is set on object 'Object Repository/IWP30/Page_EmulatorAgencyX/Action'

24-10-2024T23:29:00 - [MESSAGE][PASSED] - Text 'en_US' is set on object 'Object Repository/IWP30/Page_EmulatorAgencyX/Lang'

24-10-2024T23:29:01 - [MESSAGE][PASSED] - Text 'Jasmine' is set on object 'Object Repository/IWP30/Page_EmulatorAgencyX/Fname'

24-10-2024T23:29:01 - [MESSAGE][PASSED] - Text 'Patrinol' is set on object 'Object Repository/IWP30/Page_EmulatorAgencyX/Lname'

24-10-2024T23:29:02 - [MESSAGE][PASSED] - Text '258 Underwood rd' is set on object 'Object Repository/IWP30/Page_EmulatorAgencyX/AL1'

24-10-2024T23:29:02 - [MESSAGE][PASSED] - Text 'Suite 600' is set on object 'Object Repository/IWP30/Page_EmulatorAgencyX/AL2'

24-10-2024T23:29:03 - [MESSAGE][PASSED] - Text '840' is set on object 'Object Repository/IWP30/Page_EmulatorAgencyX/Country'

24-10-2024T23:29:04 - [MESSAGE][PASSED] - Text 'Arlington' is set on object 'Object Repository/IWP30/Page_EmulatorAgencyX/City'

24-10-2024T23:29:04 - [MESSAGE][PASSED] - Text 'VA' is set on object 'Object Repository/IWP30/Page_EmulatorAgencyX/State'

24-10-2024T23:29:05 - [MESSAGE][PASSED] - Text '22201' is set on object 'Object Repository/IWP30/Page_EmulatorAgencyX/ZIP'

24-10-2024T23:29:05 - [MESSAGE][PASSED] - Text '' is set on object 'Object Repository/IWP30/Page_EmulatorAgencyX/Order'

24-10-2024T23:29:06 - [MESSAGE][PASSED] - Text 'Some Company' is set on object 'Object Repository/IWP30/Page_EmulatorAgencyX/Company'

24-10-2024T23:29:07 - [MESSAGE][PASSED] - Text 'iahmed@govolution.com' is set on object 'Object Repository/IWP30/Page_EmulatorAgencyX/Email'

24-10-2024T23:29:07 - [MESSAGE][PASSED] - Text 'udf data 1' is set on object 'Object Repository/IWP30/Page_EmulatorAgencyX/UDF1'

24-10-2024T23:29:08 - [MESSAGE][PASSED] - Text 'udf data 2' is set on object 'Object Repository/IWP30/Page_EmulatorAgencyX/UDF2'

24-10-2024T23:29:08 - [MESSAGE][PASSED] - Text 'udf data 3' is set on object 'Object Repository/IWP30/Page_EmulatorAgencyX/UDF3'

24-10-2024T23:29:09 - [MESSAGE][PASSED] - Text 'udf data 4' is set on object 'Object Repository/IWP30/Page_EmulatorAgencyX/UDF4'

24-10-2024T23:29:10 - [MESSAGE][PASSED] - Text 'udf data 5' is set on object 'Object Repository/IWP30/Page_EmulatorAgencyX/UDF5'

24-10-2024T23:29:10 - [MESSAGE][PASSED] - Text 'udf data 6' is set on object 'Object Repository/IWP30/Page_EmulatorAgencyX/UDF6'

24-10-2024T23:29:11 - [MESSAGE][PASSED] - Text 'Orange' is set on object 'Object Repository/IWP30/Page_EmulatorAgencyX/UDF7'

24-10-2024T23:29:11 - [MESSAGE][PASSED] - Text 'Soccer' is set on object 'Object Repository/IWP30/Page_EmulatorAgencyX/UDF8'

24-10-2024T23:29:12 - [MESSAGE][PASSED] - Text 'udf data 9' is set on object 'Object Repository/IWP30/Page_EmulatorAgencyX/UDF9'

24-10-2024T23:29:13 - [MESSAGE][PASSED] - Text 'udf data 10' is set on object 'Object Repository/IWP30/Page_EmulatorAgencyX/UDF10'

24-10-2024T23:29:14 - [MESSAGE][PASSED] - Object: 'Object Repository/IWP30/Page_EmulatorAgencyX/Submit' is clicked on

24-10-2024T23:29:18 - [MESSAGE][PASSED] - Browser is closed

24-10-2024T23:29:22 - [MESSAGE][PASSED] - iwpPages.emulatorIWP30.setDataEmulator_DD is PASSED

24-10-2024T23:29:22 - [TEST_STEP][PASSED] - testHarnessURL = urlTestHarness: null

24-10-2024T23:29:22 - [TEST_STEP][PASSED] - openBrowser(testHarnessURL): Browser is opened with url: 'https://dev-algorithm.govolution.com/vrelaytest/QA2/version_2_2/vrelaytest.html'

24-10-2024T23:29:22 - [MESSAGE][INFO] - Starting 'Edge Chromium' driver

24-10-2024T23:29:22 - [MESSAGE][INFO] - User set preference: ['acceptInsecureCerts', 'true']

24-10-2024T23:29:25 - [MESSAGE][INFO] - Action delay is set to 0 milliseconds

24-10-2024T23:29:28 - [MESSAGE][PASSED] - Browser is opened with url: 'https://dev-algorithm.govolution.com/vrelaytest/QA2/version_2_2/vrelaytest.html'

24-10-2024T23:29:28 - [TEST_STEP][PASSED] - maximizeWindow(): Current window maximized

24-10-2024T23:29:28 - [MESSAGE][PASSED] - Current window maximized

24-10-2024T23:29:28 - [TEST_STEP][PASSED] - iwpPages.TestHarnessPage.setDataMethod(row, dataFile): iwpPages.TestHarnessPage.setDataMethod is PASSED

24-10-2024T23:29:29 - [MESSAGE][PASSED] - Object 'Object Repository/IWP30/Page_QATestHarness/RemittanceID' is present

24-10-2024T23:29:29 - [MESSAGE][PASSED] - Text '640' is set on object 'Object Repository/IWP30/Page_QATestHarness/ApplicationID'

24-10-2024T23:29:30 - [MESSAGE][PASSED] - Text '2.5' is set on object 'Object Repository/IWP30/Page_QATestHarness/MessageVersion'

24-10-2024T23:29:30 - [MESSAGE][PASSED] - Text 'DuSoBbHE4SyC' is set on object 'Object Repository/IWP30/Page_QATestHarness/RemittanceID'

24-10-2024T23:29:34 - [MESSAGE][PASSED] - Object: 'Object Repository/IWP30/Page_QATestHarness/SubmitButton' is clicked on

24-10-2024T23:29:34 - [MESSAGE][PASSED] - iwpPages.TestHarnessPage.setDataMethod is PASSED

24-10-2024T23:29:34 - [TEST_STEP][PASSED] - click(findTestObject("Object Repository/IWP30/Page_SelectPaymentMethod/PayByPersonalCheck")): Object: 'Object Repository/IWP30/Page_SelectPaymentMethod/PayByPersonalCheck' is clicked on

24-10-2024T23:29:35 - [MESSAGE][PASSED] - Object: 'Object Repository/IWP30/Page_SelectPaymentMethod/PayByPersonalCheck' is clicked on

24-10-2024T23:29:35 - [TEST_STEP][PASSED] - click(findTestObject("Object Repository/IWP30/Page_SelectPaymentMethod/MakePaymentButton")): Object: 'Object Repository/IWP30/Page_SelectPaymentMethod/MakePaymentButton' is clicked on

24-10-2024T23:29:38 - [MESSAGE][PASSED] - Object: 'Object Repository/IWP30/Page_SelectPaymentMethod/MakePaymentButton' is clicked on

24-10-2024T23:29:38 - [TEST_STEP][PASSED] - iwpPages.achPersonalPaymentEntryPage.setDataACHPPM(row, dataFile): iwpPages.achPersonalPaymentEntryPage.setDataACHPPM is PASSED

24-10-2024T23:29:39 - [MESSAGE][PASSED] - Object 'Object Repository/IWP30/Page_ACHPersonalPaymentEntry/txt_accountNumber' is present

24-10-2024T23:29:39 - [MESSAGE][PASSED] - Object 'Object Repository/IWP30/Page_ACHPersonalPaymentEntry/txt_UDF2' is present

24-10-2024T23:29:39 - [MESSAGE][PASSED] - All options with label 'Soccer' are selected in object 'Object Repository/IWP30/Page_ACHPersonalPaymentEntry/dd_UDF8' 

24-10-2024T23:29:40 - [MESSAGE][PASSED] - Object 'Object Repository/IWP30/Page_ACHPersonalPaymentEntry/txt_Firstname' is present

24-10-2024T23:29:40 - [MESSAGE][PASSED] - Text 'Elizath' is set on object 'Object Repository/IWP30/Page_ACHPersonalPaymentEntry/txt_Firstname'

24-10-2024T23:29:41 - [MESSAGE][PASSED] - Object 'Object Repository/IWP30/Page_ACHPersonalPaymentEntry/txt_Lastname' is present

24-10-2024T23:29:41 - [MESSAGE][PASSED] - Text 'Christine' is set on object 'Object Repository/IWP30/Page_ACHPersonalPaymentEntry/txt_Lastname'

24-10-2024T23:29:41 - [MESSAGE][PASSED] - Object 'Object Repository/IWP30/Page_ACHPersonalPaymentEntry/txt_routingNumber' is present

24-10-2024T23:29:42 - [MESSAGE][PASSED] - Text '256072691' is set on object 'Object Repository/IWP30/Page_ACHPersonalPaymentEntry/txt_routingNumber'

24-10-2024T23:29:42 - [MESSAGE][PASSED] - Object 'Object Repository/IWP30/Page_ACHPersonalPaymentEntry/txt_accountNumber' is present

24-10-2024T23:29:44 - [MESSAGE][PASSED] - Text '12344444' is set on object 'Object Repository/IWP30/Page_ACHPersonalPaymentEntry/txt_accountNumber'

24-10-2024T23:29:44 - [MESSAGE][PASSED] - Object 'Object Repository/IWP30/Page_ACHPersonalPaymentEntry/txt_confirmAccountNumber' is present

24-10-2024T23:29:45 - [MESSAGE][PASSED] - Text '12344444' is set on object 'Object Repository/IWP30/Page_ACHPersonalPaymentEntry/txt_confirmAccountNumber'

24-10-2024T23:29:45 - [MESSAGE][PASSED] - Object 'Object Repository/IWP30/Page_ACHPersonalPaymentEntry/rd_accountType' is present

24-10-2024T23:29:45 - [MESSAGE][PASSED] - Modify property of object successfully

24-10-2024T23:29:45 - [MESSAGE][PASSED] - Object: 'Object Repository/IWP30/Page_ACHPersonalPaymentEntry/rd_accountType' is clicked on

24-10-2024T23:29:45 - [MESSAGE][PASSED] - Object 'Object Repository/IWP30/Page_ACHPersonalPaymentEntry/txt_Email' is present

24-10-2024T23:29:46 - [MESSAGE][PASSED] - Object 'Object Repository/IWP30/Page_ACHPersonalPaymentEntry/cb_TermsAndCond' is present

24-10-2024T23:29:46 - [MESSAGE][PASSED] - Object: 'Object Repository/IWP30/Page_ACHPersonalPaymentEntry/cb_TermsAndCond' is clicked on

24-10-2024T23:29:46 - [MESSAGE][PASSED] - Object 'Object Repository/IWP30/Page_ACHPersonalPaymentEntry/btn_Continue' is present

24-10-2024T23:29:48 - [MESSAGE][PASSED] - Object: 'Object Repository/IWP30/Page_ACHPersonalPaymentEntry/btn_Continue' is clicked on

24-10-2024T23:29:48 - [MESSAGE][PASSED] - iwpPages.achPersonalPaymentEntryPage.setDataACHPPM is PASSED

24-10-2024T23:29:48 - [TEST_STEP][PASSED] - click(findTestObject("Object Repository/IWP30/Page_Confirmation/ConfirmButton")): Object: 'Object Repository/IWP30/Page_Confirmation/ConfirmButton' is clicked on

24-10-2024T23:29:49 - [MESSAGE][PASSED] - Object: 'Object Repository/IWP30/Page_Confirmation/ConfirmButton' is clicked on

24-10-2024T23:29:49 - [TEST_STEP][PASSED] - Thread.sleep(5000): null

24-10-2024T23:29:54 - [TEST_STEP][PASSED] - println("I am on real estate page"): null

24-10-2024T23:29:54 - [TEST_STEP][PASSED] - if (verifyTextPresent("Make a Real Estate Payment", false)): null

24-10-2024T23:29:55 - [MESSAGE][PASSED] - Text 'Make a Real Estate Payment' is present on page 

24-10-2024T23:29:55 - [TEST_STEP][PASSED] - isRequiredTextPresent = true: null

24-10-2024T23:29:55 - [TEST_STEP][PASSED] - println(isRequiredTextPresent): null

24-10-2024T23:29:55 - [TEST_STEP][PASSED] - if (isRequiredTextPresent): null

24-10-2024T23:29:55 - [TEST_STEP][PASSED] - if (verifyTextPresent("This transaction is subject to a Convenience Fees of $2.00.", false)): null

24-10-2024T23:29:55 - [MESSAGE][PASSED] - Text 'This transaction is subject to a Convenience Fees of $2.00.' is present on page 

24-10-2024T23:29:55 - [TEST_STEP][PASSED] - isRequiredTextPresent = true: null

24-10-2024T23:29:55 - [TEST_STEP][PASSED] - println(isRequiredTextPresent): null

24-10-2024T23:29:55 - [TEST_STEP][PASSED] - if (isRequiredTextPresent): null

24-10-2024T23:29:55 - [TEST_STEP][PASSED] - if (verifyTextPresent("Payment Amount:  $10.50", false)): null

24-10-2024T23:29:55 - [MESSAGE][PASSED] - Text 'Payment Amount:  $10.50' is present on page 

24-10-2024T23:29:55 - [TEST_STEP][PASSED] - isRequiredTextPresent = true: null

24-10-2024T23:29:55 - [TEST_STEP][PASSED] - if (isRequiredTextPresent): null

24-10-2024T23:29:55 - [TEST_STEP][PASSED] - if (verifyTextPresent("Convenience Fees:  $2.00", false)): null

24-10-2024T23:29:56 - [MESSAGE][PASSED] - Text 'Convenience Fees:  $2.00' is present on page 

24-10-2024T23:29:56 - [TEST_STEP][PASSED] - isRequiredTextPresent = true: null

24-10-2024T23:29:56 - [TEST_STEP][PASSED] - if (isRequiredTextPresent): null

24-10-2024T23:29:56 - [TEST_STEP][PASSED] - if (verifyTextPresent("Total Amount:  $12.50", false)): null

24-10-2024T23:29:56 - [MESSAGE][PASSED] - Text 'Total Amount:  $12.50' is present on page 

24-10-2024T23:29:56 - [TEST_STEP][PASSED] - isRequiredTextPresent = true: null

24-10-2024T23:29:56 - [TEST_STEP][PASSED] - if (isRequiredTextPresent): null

24-10-2024T23:29:56 - [TEST_STEP][PASSED] - if (verifyTextPresent("Two transactions will appear on your bank statement, one in the amount of $10.50 and one in the amount of $2.00.", false)): null

24-10-2024T23:29:56 - [MESSAGE][PASSED] - Text 'Two transactions will appear on your bank statement, one in the amount of $10.50 and one in the amount of $2.00.' is present on page 

24-10-2024T23:29:56 - [TEST_STEP][PASSED] - isRequiredTextPresent = true: null

24-10-2024T23:29:56 - [TEST_STEP][PASSED] - Thread.sleep(10000): null

24-10-2024T23:30:06 - [TEST_STEP][PASSED] - click(findTestObject("Object Repository/IWP30/Page_ConvenienceFees/btn_convFeeNotifyAction")): Object: 'Object Repository/IWP30/Page_ConvenienceFees/btn_convFeeNotifyAction' is clicked on

24-10-2024T23:30:08 - [MESSAGE][PASSED] - Object: 'Object Repository/IWP30/Page_ConvenienceFees/btn_convFeeNotifyAction' is clicked on

24-10-2024T23:30:08 - [TEST_STEP][PASSED] - Thread.sleep(10000): null

24-10-2024T23:30:18 - [TEST_STEP][PASSED] - if (verifyTextPresent("Successful Payment Receipt", false)): null

24-10-2024T23:30:19 - [MESSAGE][PASSED] - Text 'Successful Payment Receipt' is present on page 

24-10-2024T23:30:19 - [TEST_STEP][PASSED] - println("Successful Payment Receipt text is present on the Receipt page"): null

24-10-2024T23:30:19 - [TEST_STEP][PASSED] - markPassed("Successful Payment Receipt text is present on the Receipt page"): Successful Payment Receipt text is present on the Receipt page

24-10-2024T23:30:19 - [MESSAGE][PASSED] - Successful Payment Receipt text is present on the Receipt page

24-10-2024T23:30:19 - [TEST_STEP][PASSED] - resText = "Pass": null

24-10-2024T23:30:19 - [TEST_STEP][PASSED] - pages.WriteExcel.demoKey(resText, datText, resColumn, datCloumn, fileLoc, nameSheet, row): pages.WriteExcel.demoKey is PASSED

24-10-2024T23:30:19 - [MESSAGE][PASSED] - pages.WriteExcel.demoKey is PASSED

24-10-2024T23:30:19 - [TEST_STEP][PASSED] - closeBrowser(): Browser is closed

24-10-2024T23:30:19 - [MESSAGE][PASSED] - Browser is closed

24-10-2024T23:30:19 - [TEST_STEP][PASSED] - ExecuteTC = findTestData(dataFile).getValue("Execute", row): null

24-10-2024T23:30:20 - [TEST_STEP][PASSED] - out.println("Value of Execute is : " + ExecuteTC): null

24-10-2024T23:30:20 - [TEST_STEP][PASSED] - if (ExecuteTC.equalsIgnoreCase("Y")): null

24-10-2024T23:30:20 - [TEST_STEP][PASSED] - out.println("Begin Record Number: " + row): null

24-10-2024T23:30:20 - [TEST_STEP][PASSED] - today = new java.util.Date(): null

24-10-2024T23:30:20 - [TEST_STEP][PASSED] - println(today): null

24-10-2024T23:30:20 - [TEST_STEP][PASSED] - datText = today: null

24-10-2024T23:30:20 - [TEST_STEP][PASSED] - EmulatorDataKey = findTestData(dataFile).getValue("EmulatorData", row): null

24-10-2024T23:30:20 - [TEST_STEP][PASSED] - out.println("Value of Emulator Key is : " + EmulatorDataKey): null

24-10-2024T23:30:20 - [TEST_STEP][PASSED] - iwpPages.emulatorIWP30.setDataEmulator_DD(EmulatorDataKey): iwpPages.emulatorIWP30.setDataEmulator_DD is PASSED

24-10-2024T23:30:20 - [MESSAGE][INFO] - Starting 'Edge Chromium' driver

24-10-2024T23:30:20 - [MESSAGE][INFO] - User set preference: ['acceptInsecureCerts', 'true']

24-10-2024T23:30:22 - [MESSAGE][INFO] - Action delay is set to 0 milliseconds

24-10-2024T23:30:26 - [MESSAGE][PASSED] - Browser is opened with url: 'https://qa2.velocitypayment.com/agencyx/config.action?action=editor&message_version=3_0'

24-10-2024T23:30:26 - [MESSAGE][PASSED] - Current window maximized

24-10-2024T23:30:57 - [MESSAGE][INFO] - Unable to find the element located by 'By.xpath: //select[@name='message_version']'. Please recheck the objects properties to make sure the desired element is located. 

24-10-2024T23:30:57 - [MESSAGE][WARNING] - [SELF-HEALING] Failed to find element with id 'Object Repository/IWP30/Page_VRelay30Emulator/MV'. Try using Self-healing.

24-10-2024T23:30:57 - [MESSAGE][WARNING] - [SELF-HEALING] The current locator of test object 'Object Repository/IWP30/Page_VRelay30Emulator/MV' was broken. Propose an alternative one: '(.//*[normalize-space(text()) and normalize-space(.)='Message Version'])[1]/following::select[1]'.

24-10-2024T23:30:58 - [MESSAGE][PASSED] - All options with value '3.0' are selected in object 'Object Repository/IWP30/Page_VRelay30Emulator/MV'  using regular expression

24-10-2024T23:30:58 - [MESSAGE][PASSED] - Text '10.50' is set on object 'Object Repository/IWP30/Page_EmulatorAgencyX/Amount'

24-10-2024T23:30:59 - [MESSAGE][PASSED] - Text 'MQy771DAlcW4' is set on object 'Object Repository/IWP30/Page_EmulatorAgencyX/CAN'

24-10-2024T23:30:59 - [MESSAGE][PASSED] - Text 'PayNow' is set on object 'Object Repository/IWP30/Page_EmulatorAgencyX/Action'

24-10-2024T23:31:00 - [MESSAGE][PASSED] - Text 'en_US' is set on object 'Object Repository/IWP30/Page_EmulatorAgencyX/Lang'

24-10-2024T23:31:01 - [MESSAGE][PASSED] - Text '' is set on object 'Object Repository/IWP30/Page_EmulatorAgencyX/Fname'

24-10-2024T23:31:01 - [MESSAGE][PASSED] - Text '' is set on object 'Object Repository/IWP30/Page_EmulatorAgencyX/Lname'

24-10-2024T23:31:02 - [MESSAGE][PASSED] - Text '' is set on object 'Object Repository/IWP30/Page_EmulatorAgencyX/AL1'

24-10-2024T23:31:02 - [MESSAGE][PASSED] - Text '' is set on object 'Object Repository/IWP30/Page_EmulatorAgencyX/AL2'

24-10-2024T23:31:03 - [MESSAGE][PASSED] - Text '' is set on object 'Object Repository/IWP30/Page_EmulatorAgencyX/Country'

24-10-2024T23:31:03 - [MESSAGE][PASSED] - Text '' is set on object 'Object Repository/IWP30/Page_EmulatorAgencyX/City'

24-10-2024T23:31:04 - [MESSAGE][PASSED] - Text '' is set on object 'Object Repository/IWP30/Page_EmulatorAgencyX/State'

24-10-2024T23:31:05 - [MESSAGE][PASSED] - Text '' is set on object 'Object Repository/IWP30/Page_EmulatorAgencyX/ZIP'

24-10-2024T23:31:05 - [MESSAGE][PASSED] - Text '' is set on object 'Object Repository/IWP30/Page_EmulatorAgencyX/Order'

24-10-2024T23:31:06 - [MESSAGE][PASSED] - Text '' is set on object 'Object Repository/IWP30/Page_EmulatorAgencyX/Company'

24-10-2024T23:31:06 - [MESSAGE][PASSED] - Text '' is set on object 'Object Repository/IWP30/Page_EmulatorAgencyX/Email'

24-10-2024T23:31:07 - [MESSAGE][PASSED] - Text '' is set on object 'Object Repository/IWP30/Page_EmulatorAgencyX/UDF1'

24-10-2024T23:31:07 - [MESSAGE][PASSED] - Text '' is set on object 'Object Repository/IWP30/Page_EmulatorAgencyX/UDF2'

24-10-2024T23:31:08 - [MESSAGE][PASSED] - Text '' is set on object 'Object Repository/IWP30/Page_EmulatorAgencyX/UDF3'

24-10-2024T23:31:09 - [MESSAGE][PASSED] - Text 'udf data 4' is set on object 'Object Repository/IWP30/Page_EmulatorAgencyX/UDF4'

24-10-2024T23:31:09 - [MESSAGE][PASSED] - Text 'udf data 5' is set on object 'Object Repository/IWP30/Page_EmulatorAgencyX/UDF5'

24-10-2024T23:31:10 - [MESSAGE][PASSED] - Text '' is set on object 'Object Repository/IWP30/Page_EmulatorAgencyX/UDF6'

24-10-2024T23:31:10 - [MESSAGE][PASSED] - Text '' is set on object 'Object Repository/IWP30/Page_EmulatorAgencyX/UDF7'

24-10-2024T23:31:11 - [MESSAGE][PASSED] - Text '' is set on object 'Object Repository/IWP30/Page_EmulatorAgencyX/UDF8'

24-10-2024T23:31:12 - [MESSAGE][PASSED] - Text 'udf data 9' is set on object 'Object Repository/IWP30/Page_EmulatorAgencyX/UDF9'

24-10-2024T23:31:12 - [MESSAGE][PASSED] - Text 'udf data 10' is set on object 'Object Repository/IWP30/Page_EmulatorAgencyX/UDF10'

24-10-2024T23:31:14 - [MESSAGE][PASSED] - Object: 'Object Repository/IWP30/Page_EmulatorAgencyX/Submit' is clicked on

24-10-2024T23:31:18 - [MESSAGE][PASSED] - Browser is closed

24-10-2024T23:31:22 - [MESSAGE][PASSED] - iwpPages.emulatorIWP30.setDataEmulator_DD is PASSED

24-10-2024T23:31:22 - [TEST_STEP][PASSED] - testHarnessURL = urlTestHarness: null

24-10-2024T23:31:22 - [TEST_STEP][PASSED] - openBrowser(testHarnessURL): Browser is opened with url: 'https://dev-algorithm.govolution.com/vrelaytest/QA2/version_2_2/vrelaytest.html'

24-10-2024T23:31:22 - [MESSAGE][INFO] - Starting 'Edge Chromium' driver

24-10-2024T23:31:22 - [MESSAGE][INFO] - User set preference: ['acceptInsecureCerts', 'true']

24-10-2024T23:31:24 - [MESSAGE][INFO] - Action delay is set to 0 milliseconds

24-10-2024T23:31:28 - [MESSAGE][PASSED] - Browser is opened with url: 'https://dev-algorithm.govolution.com/vrelaytest/QA2/version_2_2/vrelaytest.html'

24-10-2024T23:31:28 - [TEST_STEP][PASSED] - maximizeWindow(): Current window maximized

24-10-2024T23:31:28 - [MESSAGE][PASSED] - Current window maximized

24-10-2024T23:31:28 - [TEST_STEP][PASSED] - iwpPages.TestHarnessPage.setDataMethod(row, dataFile): iwpPages.TestHarnessPage.setDataMethod is PASSED

24-10-2024T23:31:28 - [MESSAGE][PASSED] - Object 'Object Repository/IWP30/Page_QATestHarness/RemittanceID' is present

24-10-2024T23:31:29 - [MESSAGE][PASSED] - Text '651' is set on object 'Object Repository/IWP30/Page_QATestHarness/ApplicationID'

24-10-2024T23:31:29 - [MESSAGE][PASSED] - Text '3.0' is set on object 'Object Repository/IWP30/Page_QATestHarness/MessageVersion'

24-10-2024T23:31:30 - [MESSAGE][PASSED] - Text 'BdirSAQRMQWB' is set on object 'Object Repository/IWP30/Page_QATestHarness/RemittanceID'

24-10-2024T23:31:35 - [MESSAGE][PASSED] - Object: 'Object Repository/IWP30/Page_QATestHarness/SubmitButton' is clicked on

24-10-2024T23:31:35 - [MESSAGE][PASSED] - iwpPages.TestHarnessPage.setDataMethod is PASSED

24-10-2024T23:31:35 - [TEST_STEP][PASSED] - click(findTestObject("Object Repository/IWP30/Page_SelectPaymentMethod/PayByPersonalCheck")): Object: 'Object Repository/IWP30/Page_SelectPaymentMethod/PayByPersonalCheck' is clicked on

24-10-2024T23:31:36 - [MESSAGE][PASSED] - Object: 'Object Repository/IWP30/Page_SelectPaymentMethod/PayByPersonalCheck' is clicked on

24-10-2024T23:31:36 - [TEST_STEP][PASSED] - click(findTestObject("Object Repository/IWP30/Page_SelectPaymentMethod/MakePaymentButton")): Object: 'Object Repository/IWP30/Page_SelectPaymentMethod/MakePaymentButton' is clicked on

24-10-2024T23:31:38 - [MESSAGE][PASSED] - Object: 'Object Repository/IWP30/Page_SelectPaymentMethod/MakePaymentButton' is clicked on

24-10-2024T23:31:38 - [TEST_STEP][PASSED] - iwpPages.achPersonalPaymentEntryPage.setDataACHPPM(row, dataFile): iwpPages.achPersonalPaymentEntryPage.setDataACHPPM is PASSED

24-10-2024T23:31:39 - [MESSAGE][PASSED] - Object 'Object Repository/IWP30/Page_ACHPersonalPaymentEntry/txt_accountNumber' is present

24-10-2024T23:31:40 - [MESSAGE][PASSED] - Text '10.50' is set on object 'Object Repository/IWP30/Page_ACHPersonalPaymentEntry/txt_Amount'

24-10-2024T23:31:40 - [MESSAGE][PASSED] - Object 'Object Repository/IWP30/Page_ACHPersonalPaymentEntry/txt_UDF2' is present

24-10-2024T23:31:41 - [MESSAGE][PASSED] - Text 'udf data 2' is set on object 'Object Repository/IWP30/Page_ACHPersonalPaymentEntry/txt_UDF2'

24-10-2024T23:31:41 - [MESSAGE][PASSED] - Text 'udf data 3' is set on object 'Object Repository/IWP30/Page_ACHPersonalPaymentEntry/txt_UDF3'

24-10-2024T23:31:42 - [MESSAGE][PASSED] - All options with label 'Orange' are selected in object 'Object Repository/IWP30/Page_ACHPersonalPaymentEntry/dd_UDF7' 

24-10-2024T23:31:42 - [MESSAGE][PASSED] - All options with label 'Soccer' are selected in object 'Object Repository/IWP30/Page_ACHPersonalPaymentEntry/dd_UDF8' 

24-10-2024T23:31:43 - [MESSAGE][PASSED] - Object 'Object Repository/IWP30/Page_ACHPersonalPaymentEntry/txt_Firstname' is present

24-10-2024T23:31:43 - [MESSAGE][PASSED] - Text 'Elizath' is set on object 'Object Repository/IWP30/Page_ACHPersonalPaymentEntry/txt_Firstname'

24-10-2024T23:31:43 - [MESSAGE][PASSED] - Object 'Object Repository/IWP30/Page_ACHPersonalPaymentEntry/txt_Lastname' is present

24-10-2024T23:31:44 - [MESSAGE][PASSED] - Text 'Christine' is set on object 'Object Repository/IWP30/Page_ACHPersonalPaymentEntry/txt_Lastname'

24-10-2024T23:31:44 - [MESSAGE][PASSED] - Object 'Object Repository/IWP30/Page_ACHPersonalPaymentEntry/txt_routingNumber' is present

24-10-2024T23:31:45 - [MESSAGE][PASSED] - Text '256072691' is set on object 'Object Repository/IWP30/Page_ACHPersonalPaymentEntry/txt_routingNumber'

24-10-2024T23:31:45 - [MESSAGE][PASSED] - Object 'Object Repository/IWP30/Page_ACHPersonalPaymentEntry/txt_accountNumber' is present

24-10-2024T23:31:46 - [MESSAGE][PASSED] - Text '12344444' is set on object 'Object Repository/IWP30/Page_ACHPersonalPaymentEntry/txt_accountNumber'

24-10-2024T23:31:47 - [MESSAGE][PASSED] - Object 'Object Repository/IWP30/Page_ACHPersonalPaymentEntry/txt_confirmAccountNumber' is present

24-10-2024T23:31:47 - [MESSAGE][PASSED] - Text '12344444' is set on object 'Object Repository/IWP30/Page_ACHPersonalPaymentEntry/txt_confirmAccountNumber'

24-10-2024T23:31:47 - [MESSAGE][PASSED] - Object 'Object Repository/IWP30/Page_ACHPersonalPaymentEntry/rd_accountType' is present

24-10-2024T23:31:47 - [MESSAGE][PASSED] - Modify property of object successfully

24-10-2024T23:31:48 - [MESSAGE][PASSED] - Object: 'Object Repository/IWP30/Page_ACHPersonalPaymentEntry/rd_accountType' is clicked on

24-10-2024T23:31:48 - [MESSAGE][PASSED] - Text '365 Main Avenue' is set on object 'Object Repository/IWP30/Page_ACHPersonalPaymentEntry/txt_AL1'

24-10-2024T23:31:49 - [MESSAGE][PASSED] - Text '22201' is set on object 'Object Repository/IWP30/Page_ACHPersonalPaymentEntry/txt_ZIP'

24-10-2024T23:31:49 - [MESSAGE][PASSED] - Object 'Object Repository/IWP30/Page_ACHPersonalPaymentEntry/txt_Email' is present

24-10-2024T23:31:50 - [MESSAGE][PASSED] - Text 'iahmed@govolution.com' is set on object 'Object Repository/IWP30/Page_ACHPersonalPaymentEntry/txt_Email'

24-10-2024T23:31:51 - [MESSAGE][PASSED] - Object 'Object Repository/IWP30/Page_ACHPersonalPaymentEntry/cb_TermsAndCond' is present

24-10-2024T23:31:51 - [MESSAGE][PASSED] - Object: 'Object Repository/IWP30/Page_ACHPersonalPaymentEntry/cb_TermsAndCond' is clicked on

24-10-2024T23:31:51 - [MESSAGE][PASSED] - Object 'Object Repository/IWP30/Page_ACHPersonalPaymentEntry/btn_Continue' is present

24-10-2024T23:31:52 - [MESSAGE][PASSED] - Object: 'Object Repository/IWP30/Page_ACHPersonalPaymentEntry/btn_Continue' is clicked on

24-10-2024T23:31:52 - [MESSAGE][PASSED] - iwpPages.achPersonalPaymentEntryPage.setDataACHPPM is PASSED

24-10-2024T23:31:52 - [TEST_STEP][PASSED] - click(findTestObject("Object Repository/IWP30/Page_Confirmation/ConfirmButton")): Object: 'Object Repository/IWP30/Page_Confirmation/ConfirmButton' is clicked on

24-10-2024T23:32:24 - [MESSAGE][INFO] - Unable to find the element located by 'By.xpath: //*[@type = 'submit' and @name = 'confirmNotifyAction' and @id = 'submitYes' and @value = 'Confirm']'. Please recheck the objects properties to make sure the desired element is located. 

24-10-2024T23:32:24 - [MESSAGE][WARNING] - [SELF-HEALING] Failed to find element with id 'Object Repository/IWP30/Page_Confirmation/ConfirmButton'. Try using Self-healing.

24-10-2024T23:32:24 - [MESSAGE][WARNING] - [SELF-HEALING] The current locator of test object 'Object Repository/IWP30/Page_Confirmation/ConfirmButton' was broken. Propose an alternative one: '//div/input'.

24-10-2024T23:32:25 - [MESSAGE][PASSED] - Object: 'Object Repository/IWP30/Page_Confirmation/ConfirmButton' is clicked on

24-10-2024T23:32:25 - [TEST_STEP][PASSED] - Thread.sleep(5000): null

24-10-2024T23:32:30 - [TEST_STEP][PASSED] - println("I am on real estate page"): null

24-10-2024T23:32:30 - [TEST_STEP][PASSED] - if (verifyTextPresent("Make a Real Estate Payment", false)): null

24-10-2024T23:32:31 - [MESSAGE][PASSED] - Text 'Make a Real Estate Payment' is present on page 

24-10-2024T23:32:31 - [TEST_STEP][PASSED] - isRequiredTextPresent = true: null

24-10-2024T23:32:31 - [TEST_STEP][PASSED] - println(isRequiredTextPresent): null

24-10-2024T23:32:31 - [TEST_STEP][PASSED] - if (isRequiredTextPresent): null

24-10-2024T23:32:31 - [TEST_STEP][PASSED] - if (verifyTextPresent("This transaction is subject to a Convenience Fees of $2.00.", false)): null

24-10-2024T23:32:31 - [MESSAGE][PASSED] - Text 'This transaction is subject to a Convenience Fees of $2.00.' is present on page 

24-10-2024T23:32:31 - [TEST_STEP][PASSED] - isRequiredTextPresent = true: null

24-10-2024T23:32:31 - [TEST_STEP][PASSED] - println(isRequiredTextPresent): null

24-10-2024T23:32:31 - [TEST_STEP][PASSED] - if (isRequiredTextPresent): null

24-10-2024T23:32:31 - [TEST_STEP][PASSED] - if (verifyTextPresent("Payment Amount:  $10.50", false)): null

24-10-2024T23:32:31 - [MESSAGE][PASSED] - Text 'Payment Amount:  $10.50' is present on page 

24-10-2024T23:32:31 - [TEST_STEP][PASSED] - isRequiredTextPresent = true: null

24-10-2024T23:32:31 - [TEST_STEP][PASSED] - if (isRequiredTextPresent): null

24-10-2024T23:32:31 - [TEST_STEP][PASSED] - if (verifyTextPresent("Convenience Fees:  $2.00", false)): null

24-10-2024T23:32:31 - [MESSAGE][PASSED] - Text 'Convenience Fees:  $2.00' is present on page 

24-10-2024T23:32:31 - [TEST_STEP][PASSED] - isRequiredTextPresent = true: null

24-10-2024T23:32:31 - [TEST_STEP][PASSED] - if (isRequiredTextPresent): null

24-10-2024T23:32:31 - [TEST_STEP][PASSED] - if (verifyTextPresent("Total Amount:  $12.50", false)): null

24-10-2024T23:32:32 - [MESSAGE][PASSED] - Text 'Total Amount:  $12.50' is present on page 

24-10-2024T23:32:32 - [TEST_STEP][PASSED] - isRequiredTextPresent = true: null

24-10-2024T23:32:32 - [TEST_STEP][PASSED] - if (isRequiredTextPresent): null

24-10-2024T23:32:32 - [TEST_STEP][PASSED] - if (verifyTextPresent("Two transactions will appear on your bank statement, one in the amount of $10.50 and one in the amount of $2.00.", false)): null

24-10-2024T23:32:32 - [MESSAGE][PASSED] - Text 'Two transactions will appear on your bank statement, one in the amount of $10.50 and one in the amount of $2.00.' is present on page 

24-10-2024T23:32:32 - [TEST_STEP][PASSED] - isRequiredTextPresent = true: null

24-10-2024T23:32:32 - [TEST_STEP][PASSED] - Thread.sleep(10000): null

24-10-2024T23:32:42 - [TEST_STEP][PASSED] - click(findTestObject("Object Repository/IWP30/Page_ConvenienceFees/btn_convFeeNotifyAction")): Object: 'Object Repository/IWP30/Page_ConvenienceFees/btn_convFeeNotifyAction' is clicked on

24-10-2024T23:32:43 - [MESSAGE][PASSED] - Object: 'Object Repository/IWP30/Page_ConvenienceFees/btn_convFeeNotifyAction' is clicked on

24-10-2024T23:32:43 - [TEST_STEP][PASSED] - Thread.sleep(10000): null

24-10-2024T23:32:53 - [TEST_STEP][PASSED] - if (verifyTextPresent("Successful Payment Receipt", false)): null

24-10-2024T23:32:54 - [MESSAGE][PASSED] - Text 'Successful Payment Receipt' is present on page 

24-10-2024T23:32:54 - [TEST_STEP][PASSED] - println("Successful Payment Receipt text is present on the Receipt page"): null

24-10-2024T23:32:54 - [TEST_STEP][PASSED] - markPassed("Successful Payment Receipt text is present on the Receipt page"): Successful Payment Receipt text is present on the Receipt page

24-10-2024T23:32:54 - [MESSAGE][PASSED] - Successful Payment Receipt text is present on the Receipt page

24-10-2024T23:32:54 - [TEST_STEP][PASSED] - resText = "Pass": null

24-10-2024T23:32:54 - [TEST_STEP][PASSED] - pages.WriteExcel.demoKey(resText, datText, resColumn, datCloumn, fileLoc, nameSheet, row): pages.WriteExcel.demoKey is PASSED

24-10-2024T23:32:54 - [MESSAGE][PASSED] - pages.WriteExcel.demoKey is PASSED

24-10-2024T23:32:54 - [TEST_STEP][PASSED] - closeBrowser(): Browser is closed

24-10-2024T23:32:54 - [MESSAGE][PASSED] - Browser is closed

24-10-2024T23:32:54 - [TEST_STEP][PASSED] - ExecuteTC = findTestData(dataFile).getValue("Execute", row): null

24-10-2024T23:32:54 - [TEST_STEP][PASSED] - out.println("Value of Execute is : " + ExecuteTC): null

24-10-2024T23:32:54 - [TEST_STEP][PASSED] - if (ExecuteTC.equalsIgnoreCase("Y")): null

24-10-2024T23:32:54 - [TEST_STEP][PASSED] - out.println("Begin Record Number: " + row): null

24-10-2024T23:32:54 - [TEST_STEP][PASSED] - today = new java.util.Date(): null

24-10-2024T23:32:54 - [TEST_STEP][PASSED] - println(today): null

24-10-2024T23:32:54 - [TEST_STEP][PASSED] - datText = today: null

24-10-2024T23:32:54 - [TEST_STEP][PASSED] - EmulatorDataKey = findTestData(dataFile).getValue("EmulatorData", row): null

24-10-2024T23:32:54 - [TEST_STEP][PASSED] - out.println("Value of Emulator Key is : " + EmulatorDataKey): null

24-10-2024T23:32:54 - [TEST_STEP][PASSED] - iwpPages.emulatorIWP30.setDataEmulator_DD(EmulatorDataKey): iwpPages.emulatorIWP30.setDataEmulator_DD is PASSED

24-10-2024T23:32:55 - [MESSAGE][INFO] - Starting 'Edge Chromium' driver

24-10-2024T23:32:55 - [MESSAGE][INFO] - User set preference: ['acceptInsecureCerts', 'true']

24-10-2024T23:32:57 - [MESSAGE][INFO] - Action delay is set to 0 milliseconds

24-10-2024T23:33:00 - [MESSAGE][PASSED] - Browser is opened with url: 'https://qa2.velocitypayment.com/agencyx/config.action?action=editor&message_version=3_0'

24-10-2024T23:33:01 - [MESSAGE][PASSED] - Current window maximized

24-10-2024T23:33:32 - [MESSAGE][INFO] - Unable to find the element located by 'By.xpath: //select[@name='message_version']'. Please recheck the objects properties to make sure the desired element is located. 

24-10-2024T23:33:32 - [MESSAGE][WARNING] - [SELF-HEALING] Failed to find element with id 'Object Repository/IWP30/Page_VRelay30Emulator/MV'. Try using Self-healing.

24-10-2024T23:33:32 - [MESSAGE][WARNING] - [SELF-HEALING] The current locator of test object 'Object Repository/IWP30/Page_VRelay30Emulator/MV' was broken. Propose an alternative one: '(.//*[normalize-space(text()) and normalize-space(.)='Message Version'])[1]/following::select[1]'.

24-10-2024T23:33:33 - [MESSAGE][PASSED] - All options with value '3.0' are selected in object 'Object Repository/IWP30/Page_VRelay30Emulator/MV'  using regular expression

24-10-2024T23:33:33 - [MESSAGE][PASSED] - Text '10.50' is set on object 'Object Repository/IWP30/Page_EmulatorAgencyX/Amount'

24-10-2024T23:33:34 - [MESSAGE][PASSED] - Text 'djAQjQ1qpejp' is set on object 'Object Repository/IWP30/Page_EmulatorAgencyX/CAN'

24-10-2024T23:33:34 - [MESSAGE][PASSED] - Text 'PayNow' is set on object 'Object Repository/IWP30/Page_EmulatorAgencyX/Action'

24-10-2024T23:33:35 - [MESSAGE][PASSED] - Text 'en_US' is set on object 'Object Repository/IWP30/Page_EmulatorAgencyX/Lang'

24-10-2024T23:33:36 - [MESSAGE][PASSED] - Text 'Jasmine' is set on object 'Object Repository/IWP30/Page_EmulatorAgencyX/Fname'

24-10-2024T23:33:36 - [MESSAGE][PASSED] - Text 'Patrinol' is set on object 'Object Repository/IWP30/Page_EmulatorAgencyX/Lname'

24-10-2024T23:33:37 - [MESSAGE][PASSED] - Text '258 Underwood rd' is set on object 'Object Repository/IWP30/Page_EmulatorAgencyX/AL1'

24-10-2024T23:33:37 - [MESSAGE][PASSED] - Text 'Suite 600' is set on object 'Object Repository/IWP30/Page_EmulatorAgencyX/AL2'

24-10-2024T23:33:38 - [MESSAGE][PASSED] - Text '840' is set on object 'Object Repository/IWP30/Page_EmulatorAgencyX/Country'

24-10-2024T23:33:39 - [MESSAGE][PASSED] - Text 'Arlington' is set on object 'Object Repository/IWP30/Page_EmulatorAgencyX/City'

24-10-2024T23:33:39 - [MESSAGE][PASSED] - Text 'VA' is set on object 'Object Repository/IWP30/Page_EmulatorAgencyX/State'

24-10-2024T23:33:40 - [MESSAGE][PASSED] - Text '22201' is set on object 'Object Repository/IWP30/Page_EmulatorAgencyX/ZIP'

24-10-2024T23:33:40 - [MESSAGE][PASSED] - Text '' is set on object 'Object Repository/IWP30/Page_EmulatorAgencyX/Order'

24-10-2024T23:33:41 - [MESSAGE][PASSED] - Text 'Some Company' is set on object 'Object Repository/IWP30/Page_EmulatorAgencyX/Company'

24-10-2024T23:33:42 - [MESSAGE][PASSED] - Text 'iahmed@govolution.com' is set on object 'Object Repository/IWP30/Page_EmulatorAgencyX/Email'

24-10-2024T23:33:42 - [MESSAGE][PASSED] - Text 'udf data 1' is set on object 'Object Repository/IWP30/Page_EmulatorAgencyX/UDF1'

24-10-2024T23:33:43 - [MESSAGE][PASSED] - Text 'udf data 2' is set on object 'Object Repository/IWP30/Page_EmulatorAgencyX/UDF2'

24-10-2024T23:33:43 - [MESSAGE][PASSED] - Text 'udf data 3' is set on object 'Object Repository/IWP30/Page_EmulatorAgencyX/UDF3'

24-10-2024T23:33:44 - [MESSAGE][PASSED] - Text 'udf data 4' is set on object 'Object Repository/IWP30/Page_EmulatorAgencyX/UDF4'

24-10-2024T23:33:45 - [MESSAGE][PASSED] - Text 'udf data 5' is set on object 'Object Repository/IWP30/Page_EmulatorAgencyX/UDF5'

24-10-2024T23:33:45 - [MESSAGE][PASSED] - Text 'udf data 6' is set on object 'Object Repository/IWP30/Page_EmulatorAgencyX/UDF6'

24-10-2024T23:33:46 - [MESSAGE][PASSED] - Text 'Orange' is set on object 'Object Repository/IWP30/Page_EmulatorAgencyX/UDF7'

24-10-2024T23:33:46 - [MESSAGE][PASSED] - Text 'Soccer' is set on object 'Object Repository/IWP30/Page_EmulatorAgencyX/UDF8'

24-10-2024T23:33:47 - [MESSAGE][PASSED] - Text 'udf data 9' is set on object 'Object Repository/IWP30/Page_EmulatorAgencyX/UDF9'

24-10-2024T23:33:48 - [MESSAGE][PASSED] - Text 'udf data 10' is set on object 'Object Repository/IWP30/Page_EmulatorAgencyX/UDF10'

24-10-2024T23:33:49 - [MESSAGE][PASSED] - Object: 'Object Repository/IWP30/Page_EmulatorAgencyX/Submit' is clicked on

24-10-2024T23:33:53 - [MESSAGE][PASSED] - Browser is closed

24-10-2024T23:33:57 - [MESSAGE][PASSED] - iwpPages.emulatorIWP30.setDataEmulator_DD is PASSED

24-10-2024T23:33:57 - [TEST_STEP][PASSED] - testHarnessURL = urlTestHarness: null

24-10-2024T23:33:57 - [TEST_STEP][PASSED] - openBrowser(testHarnessURL): Browser is opened with url: 'https://dev-algorithm.govolution.com/vrelaytest/QA2/version_2_2/vrelaytest.html'

24-10-2024T23:33:57 - [MESSAGE][INFO] - Starting 'Edge Chromium' driver

24-10-2024T23:33:57 - [MESSAGE][INFO] - User set preference: ['acceptInsecureCerts', 'true']

24-10-2024T23:33:59 - [MESSAGE][INFO] - Action delay is set to 0 milliseconds

24-10-2024T23:34:03 - [MESSAGE][PASSED] - Browser is opened with url: 'https://dev-algorithm.govolution.com/vrelaytest/QA2/version_2_2/vrelaytest.html'

24-10-2024T23:34:03 - [TEST_STEP][PASSED] - maximizeWindow(): Current window maximized

24-10-2024T23:34:03 - [MESSAGE][PASSED] - Current window maximized

24-10-2024T23:34:03 - [TEST_STEP][PASSED] - iwpPages.TestHarnessPage.setDataMethod(row, dataFile): iwpPages.TestHarnessPage.setDataMethod is PASSED

24-10-2024T23:34:03 - [MESSAGE][PASSED] - Object 'Object Repository/IWP30/Page_QATestHarness/RemittanceID' is present

24-10-2024T23:34:04 - [MESSAGE][PASSED] - Text '651' is set on object 'Object Repository/IWP30/Page_QATestHarness/ApplicationID'

24-10-2024T23:34:05 - [MESSAGE][PASSED] - Text '3.0' is set on object 'Object Repository/IWP30/Page_QATestHarness/MessageVersion'

24-10-2024T23:34:05 - [MESSAGE][PASSED] - Text 'h9O3BibRYYWL' is set on object 'Object Repository/IWP30/Page_QATestHarness/RemittanceID'

24-10-2024T23:34:10 - [MESSAGE][PASSED] - Object: 'Object Repository/IWP30/Page_QATestHarness/SubmitButton' is clicked on

24-10-2024T23:34:10 - [MESSAGE][PASSED] - iwpPages.TestHarnessPage.setDataMethod is PASSED

24-10-2024T23:34:10 - [TEST_STEP][PASSED] - click(findTestObject("Object Repository/IWP30/Page_SelectPaymentMethod/PayByPersonalCheck")): Object: 'Object Repository/IWP30/Page_SelectPaymentMethod/PayByPersonalCheck' is clicked on

24-10-2024T23:34:11 - [MESSAGE][PASSED] - Object: 'Object Repository/IWP30/Page_SelectPaymentMethod/PayByPersonalCheck' is clicked on

24-10-2024T23:34:11 - [TEST_STEP][PASSED] - click(findTestObject("Object Repository/IWP30/Page_SelectPaymentMethod/MakePaymentButton")): Object: 'Object Repository/IWP30/Page_SelectPaymentMethod/MakePaymentButton' is clicked on

24-10-2024T23:34:13 - [MESSAGE][PASSED] - Object: 'Object Repository/IWP30/Page_SelectPaymentMethod/MakePaymentButton' is clicked on

24-10-2024T23:34:13 - [TEST_STEP][PASSED] - iwpPages.achPersonalPaymentEntryPage.setDataACHPPM(row, dataFile): iwpPages.achPersonalPaymentEntryPage.setDataACHPPM is PASSED

24-10-2024T23:34:14 - [MESSAGE][PASSED] - Object 'Object Repository/IWP30/Page_ACHPersonalPaymentEntry/txt_accountNumber' is present

24-10-2024T23:34:15 - [MESSAGE][PASSED] - Object 'Object Repository/IWP30/Page_ACHPersonalPaymentEntry/txt_UDF2' is present

24-10-2024T23:34:15 - [MESSAGE][PASSED] - All options with label 'Soccer' are selected in object 'Object Repository/IWP30/Page_ACHPersonalPaymentEntry/dd_UDF8' 

24-10-2024T23:34:15 - [MESSAGE][PASSED] - Object 'Object Repository/IWP30/Page_ACHPersonalPaymentEntry/txt_Firstname' is present

24-10-2024T23:34:16 - [MESSAGE][PASSED] - Text 'Elizath' is set on object 'Object Repository/IWP30/Page_ACHPersonalPaymentEntry/txt_Firstname'

24-10-2024T23:34:16 - [MESSAGE][PASSED] - Object 'Object Repository/IWP30/Page_ACHPersonalPaymentEntry/txt_Lastname' is present

24-10-2024T23:34:17 - [MESSAGE][PASSED] - Text 'Christine' is set on object 'Object Repository/IWP30/Page_ACHPersonalPaymentEntry/txt_Lastname'

24-10-2024T23:34:17 - [MESSAGE][PASSED] - Object 'Object Repository/IWP30/Page_ACHPersonalPaymentEntry/txt_routingNumber' is present

24-10-2024T23:34:18 - [MESSAGE][PASSED] - Text '256072691' is set on object 'Object Repository/IWP30/Page_ACHPersonalPaymentEntry/txt_routingNumber'

24-10-2024T23:34:18 - [MESSAGE][PASSED] - Object 'Object Repository/IWP30/Page_ACHPersonalPaymentEntry/txt_accountNumber' is present

24-10-2024T23:34:19 - [MESSAGE][PASSED] - Text '12344444' is set on object 'Object Repository/IWP30/Page_ACHPersonalPaymentEntry/txt_accountNumber'

24-10-2024T23:34:19 - [MESSAGE][PASSED] - Object 'Object Repository/IWP30/Page_ACHPersonalPaymentEntry/txt_confirmAccountNumber' is present

24-10-2024T23:34:20 - [MESSAGE][PASSED] - Text '12344444' is set on object 'Object Repository/IWP30/Page_ACHPersonalPaymentEntry/txt_confirmAccountNumber'

24-10-2024T23:34:20 - [MESSAGE][PASSED] - Object 'Object Repository/IWP30/Page_ACHPersonalPaymentEntry/rd_accountType' is present

24-10-2024T23:34:20 - [MESSAGE][PASSED] - Modify property of object successfully

24-10-2024T23:34:20 - [MESSAGE][PASSED] - Object: 'Object Repository/IWP30/Page_ACHPersonalPaymentEntry/rd_accountType' is clicked on

24-10-2024T23:34:21 - [MESSAGE][PASSED] - Object 'Object Repository/IWP30/Page_ACHPersonalPaymentEntry/txt_Email' is present

24-10-2024T23:34:21 - [MESSAGE][PASSED] - Object 'Object Repository/IWP30/Page_ACHPersonalPaymentEntry/cb_TermsAndCond' is present

24-10-2024T23:34:21 - [MESSAGE][PASSED] - Object: 'Object Repository/IWP30/Page_ACHPersonalPaymentEntry/cb_TermsAndCond' is clicked on

24-10-2024T23:34:21 - [MESSAGE][PASSED] - Object 'Object Repository/IWP30/Page_ACHPersonalPaymentEntry/btn_Continue' is present

24-10-2024T23:34:23 - [MESSAGE][PASSED] - Object: 'Object Repository/IWP30/Page_ACHPersonalPaymentEntry/btn_Continue' is clicked on

24-10-2024T23:34:23 - [MESSAGE][PASSED] - iwpPages.achPersonalPaymentEntryPage.setDataACHPPM is PASSED

24-10-2024T23:34:23 - [TEST_STEP][PASSED] - click(findTestObject("Object Repository/IWP30/Page_Confirmation/ConfirmButton")): Object: 'Object Repository/IWP30/Page_Confirmation/ConfirmButton' is clicked on

24-10-2024T23:34:54 - [MESSAGE][INFO] - Unable to find the element located by 'By.xpath: //*[@type = 'submit' and @name = 'confirmNotifyAction' and @id = 'submitYes' and @value = 'Confirm']'. Please recheck the objects properties to make sure the desired element is located. 

24-10-2024T23:34:54 - [MESSAGE][WARNING] - [SELF-HEALING] Failed to find element with id 'Object Repository/IWP30/Page_Confirmation/ConfirmButton'. Try using Self-healing.

24-10-2024T23:34:54 - [MESSAGE][WARNING] - [SELF-HEALING] The current locator of test object 'Object Repository/IWP30/Page_Confirmation/ConfirmButton' was broken. Propose an alternative one: '//div/input'.

24-10-2024T23:34:56 - [MESSAGE][PASSED] - Object: 'Object Repository/IWP30/Page_Confirmation/ConfirmButton' is clicked on

24-10-2024T23:34:56 - [TEST_STEP][PASSED] - Thread.sleep(5000): null

24-10-2024T23:35:01 - [TEST_STEP][PASSED] - println("I am on real estate page"): null

24-10-2024T23:35:01 - [TEST_STEP][PASSED] - if (verifyTextPresent("Make a Real Estate Payment", false)): null

24-10-2024T23:35:01 - [MESSAGE][PASSED] - Text 'Make a Real Estate Payment' is present on page 

24-10-2024T23:35:01 - [TEST_STEP][PASSED] - isRequiredTextPresent = true: null

24-10-2024T23:35:01 - [TEST_STEP][PASSED] - println(isRequiredTextPresent): null

24-10-2024T23:35:01 - [TEST_STEP][PASSED] - if (isRequiredTextPresent): null

24-10-2024T23:35:01 - [TEST_STEP][PASSED] - if (verifyTextPresent("This transaction is subject to a Convenience Fees of $2.00.", false)): null

24-10-2024T23:35:01 - [MESSAGE][PASSED] - Text 'This transaction is subject to a Convenience Fees of $2.00.' is present on page 

24-10-2024T23:35:01 - [TEST_STEP][PASSED] - isRequiredTextPresent = true: null

24-10-2024T23:35:01 - [TEST_STEP][PASSED] - println(isRequiredTextPresent): null

24-10-2024T23:35:01 - [TEST_STEP][PASSED] - if (isRequiredTextPresent): null

24-10-2024T23:35:01 - [TEST_STEP][PASSED] - if (verifyTextPresent("Payment Amount:  $10.50", false)): null

24-10-2024T23:35:01 - [MESSAGE][PASSED] - Text 'Payment Amount:  $10.50' is present on page 

24-10-2024T23:35:01 - [TEST_STEP][PASSED] - isRequiredTextPresent = true: null

24-10-2024T23:35:01 - [TEST_STEP][PASSED] - if (isRequiredTextPresent): null

24-10-2024T23:35:01 - [TEST_STEP][PASSED] - if (verifyTextPresent("Convenience Fees:  $2.00", false)): null

24-10-2024T23:35:02 - [MESSAGE][PASSED] - Text 'Convenience Fees:  $2.00' is present on page 

24-10-2024T23:35:02 - [TEST_STEP][PASSED] - isRequiredTextPresent = true: null

24-10-2024T23:35:02 - [TEST_STEP][PASSED] - if (isRequiredTextPresent): null

24-10-2024T23:35:02 - [TEST_STEP][PASSED] - if (verifyTextPresent("Total Amount:  $12.50", false)): null

24-10-2024T23:35:02 - [MESSAGE][PASSED] - Text 'Total Amount:  $12.50' is present on page 

24-10-2024T23:35:02 - [TEST_STEP][PASSED] - isRequiredTextPresent = true: null

24-10-2024T23:35:02 - [TEST_STEP][PASSED] - if (isRequiredTextPresent): null

24-10-2024T23:35:02 - [TEST_STEP][PASSED] - if (verifyTextPresent("Two transactions will appear on your bank statement, one in the amount of $10.50 and one in the amount of $2.00.", false)): null

24-10-2024T23:35:02 - [MESSAGE][PASSED] - Text 'Two transactions will appear on your bank statement, one in the amount of $10.50 and one in the amount of $2.00.' is present on page 

24-10-2024T23:35:02 - [TEST_STEP][PASSED] - isRequiredTextPresent = true: null

24-10-2024T23:35:02 - [TEST_STEP][PASSED] - Thread.sleep(10000): null

24-10-2024T23:35:12 - [TEST_STEP][PASSED] - click(findTestObject("Object Repository/IWP30/Page_ConvenienceFees/btn_convFeeNotifyAction")): Object: 'Object Repository/IWP30/Page_ConvenienceFees/btn_convFeeNotifyAction' is clicked on

24-10-2024T23:35:14 - [MESSAGE][PASSED] - Object: 'Object Repository/IWP30/Page_ConvenienceFees/btn_convFeeNotifyAction' is clicked on

24-10-2024T23:35:14 - [TEST_STEP][PASSED] - Thread.sleep(10000): null

24-10-2024T23:35:24 - [TEST_STEP][PASSED] - if (verifyTextPresent("Successful Payment Receipt", false)): null

24-10-2024T23:35:24 - [MESSAGE][PASSED] - Text 'Successful Payment Receipt' is present on page 

24-10-2024T23:35:24 - [TEST_STEP][PASSED] - println("Successful Payment Receipt text is present on the Receipt page"): null

24-10-2024T23:35:24 - [TEST_STEP][PASSED] - markPassed("Successful Payment Receipt text is present on the Receipt page"): Successful Payment Receipt text is present on the Receipt page

24-10-2024T23:35:24 - [MESSAGE][PASSED] - Successful Payment Receipt text is present on the Receipt page

24-10-2024T23:35:24 - [TEST_STEP][PASSED] - resText = "Pass": null

24-10-2024T23:35:24 - [TEST_STEP][PASSED] - pages.WriteExcel.demoKey(resText, datText, resColumn, datCloumn, fileLoc, nameSheet, row): pages.WriteExcel.demoKey is PASSED

24-10-2024T23:35:24 - [MESSAGE][PASSED] - pages.WriteExcel.demoKey is PASSED

24-10-2024T23:35:24 - [TEST_STEP][PASSED] - closeBrowser(): Browser is closed

24-10-2024T23:35:25 - [MESSAGE][PASSED] - Browser is closed]]></system-out>
         <system-err><![CDATA[]]></system-err>
      </testcase>
      <testcase name="Test Cases/IntegratedWeb/IWP25/Payments/PayNowPersonalCheckSCF" time="548.459" classname="Test Cases/IntegratedWeb/IWP25/Payments/PayNowPersonalCheckSCF" status="PASSED">
         <system-out><![CDATA[24-10-2024T23:35:25 - [TEST_CASE][PASSED] - Test Cases/IntegratedWeb/IWP25/Payments/PayNowPersonalCheckSCF: Test Cases/IntegratedWeb/IWP25/Payments/PayNowPersonalCheckSCF

24-10-2024T23:35:25 - [TEST_STEP][PASSED] - resText = "Fail": null

24-10-2024T23:35:25 - [TEST_STEP][PASSED] - resColumn = "Result": null

24-10-2024T23:35:25 - [TEST_STEP][PASSED] - datCloumn = "Date": null

24-10-2024T23:35:25 - [TEST_STEP][PASSED] - fileLoc = "KatalonData/IWPTestData/VRelay25Payments.xlsx": null

24-10-2024T23:35:25 - [TEST_STEP][PASSED] - numOfRows = <not implemented yet for class: org.codehaus.groovy.ast.expr.EmptyExpression>: null

24-10-2024T23:35:25 - [TEST_STEP][PASSED] - dataFile = <not implemented yet for class: org.codehaus.groovy.ast.expr.EmptyExpression>: null

24-10-2024T23:35:25 - [TEST_STEP][PASSED] - nameSheet = <not implemented yet for class: org.codehaus.groovy.ast.expr.EmptyExpression>: null

24-10-2024T23:35:25 - [TEST_STEP][PASSED] - dataFileEmulator = <not implemented yet for class: org.codehaus.groovy.ast.expr.EmptyExpression>: null

24-10-2024T23:35:25 - [TEST_STEP][PASSED] - isRequiredTextPresent = false: null

24-10-2024T23:35:25 - [TEST_STEP][PASSED] - nameSheet = "PayNowPersonalCheckSCF": null

24-10-2024T23:35:25 - [TEST_STEP][PASSED] - dataFile = "IWPTestData/IWP25PayNowPersonalCheckSCF": null

24-10-2024T23:35:25 - [TEST_STEP][PASSED] - dataFileEmulator = "IWPTestData/EmulatorData": null

24-10-2024T23:35:25 - [TEST_STEP][PASSED] - numOfRows = findTestData(dataFile).getRowNumbers(): null

24-10-2024T23:35:25 - [TEST_STEP][PASSED] - println("Number of Records: " + numOfRows): null

24-10-2024T23:35:25 - [TEST_STEP][PASSED] - for ([row = 1, row <= numOfRows, (row++)]): Browser is closed

24-10-2024T23:35:25 - [TEST_STEP][PASSED] - ExecuteTC = findTestData(dataFile).getValue("Execute", row): null

24-10-2024T23:35:25 - [TEST_STEP][PASSED] - out.println("Value of Execute is : " + ExecuteTC): null

24-10-2024T23:35:25 - [TEST_STEP][PASSED] - if (ExecuteTC.equalsIgnoreCase("Y")): null

24-10-2024T23:35:25 - [TEST_STEP][PASSED] - out.println("Begin Record Number: " + row): null

24-10-2024T23:35:25 - [TEST_STEP][PASSED] - today = new java.util.Date(): null

24-10-2024T23:35:25 - [TEST_STEP][PASSED] - println(today): null

24-10-2024T23:35:25 - [TEST_STEP][PASSED] - datText = today: null

24-10-2024T23:35:25 - [TEST_STEP][PASSED] - EmulatorDataKey = findTestData(dataFile).getValue("EmulatorData", row): null

24-10-2024T23:35:25 - [TEST_STEP][PASSED] - out.println("Value of Emulator Key is : " + EmulatorDataKey): null

24-10-2024T23:35:25 - [TEST_STEP][PASSED] - iwpPages.emulatorIWP30.setDataEmulator_DD(EmulatorDataKey): iwpPages.emulatorIWP30.setDataEmulator_DD is PASSED

24-10-2024T23:35:25 - [MESSAGE][INFO] - Starting 'Edge Chromium' driver

24-10-2024T23:35:25 - [MESSAGE][INFO] - User set preference: ['acceptInsecureCerts', 'true']

24-10-2024T23:35:27 - [MESSAGE][INFO] - Action delay is set to 0 milliseconds

24-10-2024T23:35:31 - [MESSAGE][PASSED] - Browser is opened with url: 'https://qa2.velocitypayment.com/agencyx/config.action?action=editor&message_version=2_5'

24-10-2024T23:35:31 - [MESSAGE][PASSED] - Current window maximized

24-10-2024T23:36:03 - [MESSAGE][INFO] - Unable to find the element located by 'By.xpath: //select[@name='message_version']'. Please recheck the objects properties to make sure the desired element is located. 

24-10-2024T23:36:03 - [MESSAGE][WARNING] - [SELF-HEALING] Failed to find element with id 'Object Repository/IWP30/Page_VRelay30Emulator/MV'. Try using Self-healing.

24-10-2024T23:36:03 - [MESSAGE][WARNING] - [SELF-HEALING] The current locator of test object 'Object Repository/IWP30/Page_VRelay30Emulator/MV' was broken. Propose an alternative one: '(.//*[normalize-space(text()) and normalize-space(.)='Message Version'])[1]/following::select[1]'.

24-10-2024T23:36:03 - [MESSAGE][PASSED] - All options with value '2.5' are selected in object 'Object Repository/IWP30/Page_VRelay30Emulator/MV'  using regular expression

24-10-2024T23:36:04 - [MESSAGE][PASSED] - Text '10.50' is set on object 'Object Repository/IWP30/Page_EmulatorAgencyX/Amount'

24-10-2024T23:36:05 - [MESSAGE][PASSED] - Text '44nXjncFdR5H' is set on object 'Object Repository/IWP30/Page_EmulatorAgencyX/CAN'

24-10-2024T23:36:05 - [MESSAGE][PASSED] - Text 'PayNow' is set on object 'Object Repository/IWP30/Page_EmulatorAgencyX/Action'

24-10-2024T23:36:06 - [MESSAGE][PASSED] - Text 'en_US' is set on object 'Object Repository/IWP30/Page_EmulatorAgencyX/Lang'

24-10-2024T23:36:06 - [MESSAGE][PASSED] - Text '' is set on object 'Object Repository/IWP30/Page_EmulatorAgencyX/Fname'

24-10-2024T23:36:07 - [MESSAGE][PASSED] - Text '' is set on object 'Object Repository/IWP30/Page_EmulatorAgencyX/Lname'

24-10-2024T23:36:08 - [MESSAGE][PASSED] - Text '' is set on object 'Object Repository/IWP30/Page_EmulatorAgencyX/AL1'

24-10-2024T23:36:08 - [MESSAGE][PASSED] - Text '' is set on object 'Object Repository/IWP30/Page_EmulatorAgencyX/AL2'

24-10-2024T23:36:09 - [MESSAGE][PASSED] - Text '' is set on object 'Object Repository/IWP30/Page_EmulatorAgencyX/Country'

24-10-2024T23:36:09 - [MESSAGE][PASSED] - Text '' is set on object 'Object Repository/IWP30/Page_EmulatorAgencyX/City'

24-10-2024T23:36:10 - [MESSAGE][PASSED] - Text '' is set on object 'Object Repository/IWP30/Page_EmulatorAgencyX/State'

24-10-2024T23:36:10 - [MESSAGE][PASSED] - Text '' is set on object 'Object Repository/IWP30/Page_EmulatorAgencyX/ZIP'

24-10-2024T23:36:11 - [MESSAGE][PASSED] - Text '' is set on object 'Object Repository/IWP30/Page_EmulatorAgencyX/Order'

24-10-2024T23:36:12 - [MESSAGE][PASSED] - Text '' is set on object 'Object Repository/IWP30/Page_EmulatorAgencyX/Company'

24-10-2024T23:36:12 - [MESSAGE][PASSED] - Text '' is set on object 'Object Repository/IWP30/Page_EmulatorAgencyX/Email'

24-10-2024T23:36:13 - [MESSAGE][PASSED] - Text '' is set on object 'Object Repository/IWP30/Page_EmulatorAgencyX/UDF1'

24-10-2024T23:36:13 - [MESSAGE][PASSED] - Text '' is set on object 'Object Repository/IWP30/Page_EmulatorAgencyX/UDF2'

24-10-2024T23:36:14 - [MESSAGE][PASSED] - Text '' is set on object 'Object Repository/IWP30/Page_EmulatorAgencyX/UDF3'

24-10-2024T23:36:14 - [MESSAGE][PASSED] - Text 'udf data 4' is set on object 'Object Repository/IWP30/Page_EmulatorAgencyX/UDF4'

24-10-2024T23:36:15 - [MESSAGE][PASSED] - Text 'udf data 5' is set on object 'Object Repository/IWP30/Page_EmulatorAgencyX/UDF5'

24-10-2024T23:36:16 - [MESSAGE][PASSED] - Text '' is set on object 'Object Repository/IWP30/Page_EmulatorAgencyX/UDF6'

24-10-2024T23:36:16 - [MESSAGE][PASSED] - Text '' is set on object 'Object Repository/IWP30/Page_EmulatorAgencyX/UDF7'

24-10-2024T23:36:17 - [MESSAGE][PASSED] - Text '' is set on object 'Object Repository/IWP30/Page_EmulatorAgencyX/UDF8'

24-10-2024T23:36:17 - [MESSAGE][PASSED] - Text 'udf data 9' is set on object 'Object Repository/IWP30/Page_EmulatorAgencyX/UDF9'

24-10-2024T23:36:18 - [MESSAGE][PASSED] - Text 'udf data 10' is set on object 'Object Repository/IWP30/Page_EmulatorAgencyX/UDF10'

24-10-2024T23:36:19 - [MESSAGE][PASSED] - Object: 'Object Repository/IWP30/Page_EmulatorAgencyX/Submit' is clicked on

24-10-2024T23:36:24 - [MESSAGE][PASSED] - Browser is closed

24-10-2024T23:36:28 - [MESSAGE][PASSED] - iwpPages.emulatorIWP30.setDataEmulator_DD is PASSED

24-10-2024T23:36:28 - [TEST_STEP][PASSED] - testHarnessURL = urlTestHarness: null

24-10-2024T23:36:28 - [TEST_STEP][PASSED] - openBrowser(testHarnessURL): Browser is opened with url: 'https://dev-algorithm.govolution.com/vrelaytest/QA2/version_2_2/vrelaytest.html'

24-10-2024T23:36:28 - [MESSAGE][INFO] - Starting 'Edge Chromium' driver

24-10-2024T23:36:28 - [MESSAGE][INFO] - User set preference: ['acceptInsecureCerts', 'true']

24-10-2024T23:36:30 - [MESSAGE][INFO] - Action delay is set to 0 milliseconds

24-10-2024T23:36:34 - [MESSAGE][PASSED] - Browser is opened with url: 'https://dev-algorithm.govolution.com/vrelaytest/QA2/version_2_2/vrelaytest.html'

24-10-2024T23:36:34 - [TEST_STEP][PASSED] - maximizeWindow(): Current window maximized

24-10-2024T23:36:34 - [MESSAGE][PASSED] - Current window maximized

24-10-2024T23:36:34 - [TEST_STEP][PASSED] - iwpPages.TestHarnessPage.setDataMethod(row, dataFile): iwpPages.TestHarnessPage.setDataMethod is PASSED

24-10-2024T23:36:34 - [MESSAGE][PASSED] - Object 'Object Repository/IWP30/Page_QATestHarness/RemittanceID' is present

24-10-2024T23:36:35 - [MESSAGE][PASSED] - Text '639' is set on object 'Object Repository/IWP30/Page_QATestHarness/ApplicationID'

24-10-2024T23:36:35 - [MESSAGE][PASSED] - Text '2.5' is set on object 'Object Repository/IWP30/Page_QATestHarness/MessageVersion'

24-10-2024T23:36:36 - [MESSAGE][PASSED] - Text 'xzROPsaoztSN' is set on object 'Object Repository/IWP30/Page_QATestHarness/RemittanceID'

24-10-2024T23:36:39 - [MESSAGE][PASSED] - Object: 'Object Repository/IWP30/Page_QATestHarness/SubmitButton' is clicked on

24-10-2024T23:36:39 - [MESSAGE][PASSED] - iwpPages.TestHarnessPage.setDataMethod is PASSED

24-10-2024T23:36:39 - [TEST_STEP][PASSED] - click(findTestObject("Object Repository/IWP30/Page_SelectPaymentMethod/PayByPersonalCheck")): Object: 'Object Repository/IWP30/Page_SelectPaymentMethod/PayByPersonalCheck' is clicked on

24-10-2024T23:36:40 - [MESSAGE][PASSED] - Object: 'Object Repository/IWP30/Page_SelectPaymentMethod/PayByPersonalCheck' is clicked on

24-10-2024T23:36:40 - [TEST_STEP][PASSED] - click(findTestObject("Object Repository/IWP30/Page_SelectPaymentMethod/MakePaymentButton")): Object: 'Object Repository/IWP30/Page_SelectPaymentMethod/MakePaymentButton' is clicked on

24-10-2024T23:36:43 - [MESSAGE][PASSED] - Object: 'Object Repository/IWP30/Page_SelectPaymentMethod/MakePaymentButton' is clicked on

24-10-2024T23:36:43 - [TEST_STEP][PASSED] - iwpPages.achPersonalPaymentEntryPage.setDataACHPPM(row, dataFile): iwpPages.achPersonalPaymentEntryPage.setDataACHPPM is PASSED

24-10-2024T23:36:44 - [MESSAGE][PASSED] - Object 'Object Repository/IWP30/Page_ACHPersonalPaymentEntry/txt_accountNumber' is present

24-10-2024T23:36:44 - [MESSAGE][PASSED] - Text '10.50' is set on object 'Object Repository/IWP30/Page_ACHPersonalPaymentEntry/txt_Amount'

24-10-2024T23:36:45 - [MESSAGE][PASSED] - Object 'Object Repository/IWP30/Page_ACHPersonalPaymentEntry/txt_UDF2' is present

24-10-2024T23:36:45 - [MESSAGE][PASSED] - Text 'udf data 2' is set on object 'Object Repository/IWP30/Page_ACHPersonalPaymentEntry/txt_UDF2'

24-10-2024T23:36:46 - [MESSAGE][PASSED] - Text 'udf data 3' is set on object 'Object Repository/IWP30/Page_ACHPersonalPaymentEntry/txt_UDF3'

24-10-2024T23:36:46 - [MESSAGE][PASSED] - All options with label 'Orange' are selected in object 'Object Repository/IWP30/Page_ACHPersonalPaymentEntry/dd_UDF7' 

24-10-2024T23:36:47 - [MESSAGE][PASSED] - All options with label 'Soccer' are selected in object 'Object Repository/IWP30/Page_ACHPersonalPaymentEntry/dd_UDF8' 

24-10-2024T23:36:47 - [MESSAGE][PASSED] - Object 'Object Repository/IWP30/Page_ACHPersonalPaymentEntry/txt_Firstname' is present

24-10-2024T23:36:48 - [MESSAGE][PASSED] - Text 'Elizath' is set on object 'Object Repository/IWP30/Page_ACHPersonalPaymentEntry/txt_Firstname'

24-10-2024T23:36:48 - [MESSAGE][PASSED] - Object 'Object Repository/IWP30/Page_ACHPersonalPaymentEntry/txt_Lastname' is present

24-10-2024T23:36:49 - [MESSAGE][PASSED] - Text 'Christine' is set on object 'Object Repository/IWP30/Page_ACHPersonalPaymentEntry/txt_Lastname'

24-10-2024T23:36:49 - [MESSAGE][PASSED] - Object 'Object Repository/IWP30/Page_ACHPersonalPaymentEntry/txt_routingNumber' is present

24-10-2024T23:36:49 - [MESSAGE][PASSED] - Text '256072691' is set on object 'Object Repository/IWP30/Page_ACHPersonalPaymentEntry/txt_routingNumber'

24-10-2024T23:36:50 - [MESSAGE][PASSED] - Object 'Object Repository/IWP30/Page_ACHPersonalPaymentEntry/txt_accountNumber' is present

24-10-2024T23:36:51 - [MESSAGE][PASSED] - Text '12344444' is set on object 'Object Repository/IWP30/Page_ACHPersonalPaymentEntry/txt_accountNumber'

24-10-2024T23:36:52 - [MESSAGE][PASSED] - Object 'Object Repository/IWP30/Page_ACHPersonalPaymentEntry/txt_confirmAccountNumber' is present

24-10-2024T23:36:52 - [MESSAGE][PASSED] - Text '12344444' is set on object 'Object Repository/IWP30/Page_ACHPersonalPaymentEntry/txt_confirmAccountNumber'

24-10-2024T23:36:52 - [MESSAGE][PASSED] - Object 'Object Repository/IWP30/Page_ACHPersonalPaymentEntry/rd_accountType' is present

24-10-2024T23:36:52 - [MESSAGE][PASSED] - Modify property of object successfully

24-10-2024T23:36:53 - [MESSAGE][PASSED] - Object: 'Object Repository/IWP30/Page_ACHPersonalPaymentEntry/rd_accountType' is clicked on

24-10-2024T23:36:53 - [MESSAGE][PASSED] - Text '365 Main Avenue' is set on object 'Object Repository/IWP30/Page_ACHPersonalPaymentEntry/txt_AL1'

24-10-2024T23:36:54 - [MESSAGE][PASSED] - Text '22201' is set on object 'Object Repository/IWP30/Page_ACHPersonalPaymentEntry/txt_ZIP'

24-10-2024T23:36:54 - [MESSAGE][PASSED] - Object 'Object Repository/IWP30/Page_ACHPersonalPaymentEntry/txt_Email' is present

24-10-2024T23:36:56 - [MESSAGE][PASSED] - Text 'iahmed@govolution.com' is set on object 'Object Repository/IWP30/Page_ACHPersonalPaymentEntry/txt_Email'

24-10-2024T23:36:56 - [MESSAGE][PASSED] - Object 'Object Repository/IWP30/Page_ACHPersonalPaymentEntry/cb_TermsAndCond' is present

24-10-2024T23:36:56 - [MESSAGE][PASSED] - Object: 'Object Repository/IWP30/Page_ACHPersonalPaymentEntry/cb_TermsAndCond' is clicked on

24-10-2024T23:36:56 - [MESSAGE][PASSED] - Object 'Object Repository/IWP30/Page_ACHPersonalPaymentEntry/btn_Continue' is present

24-10-2024T23:36:58 - [MESSAGE][PASSED] - Object: 'Object Repository/IWP30/Page_ACHPersonalPaymentEntry/btn_Continue' is clicked on

24-10-2024T23:36:58 - [MESSAGE][PASSED] - iwpPages.achPersonalPaymentEntryPage.setDataACHPPM is PASSED

24-10-2024T23:36:58 - [TEST_STEP][PASSED] - click(findTestObject("Object Repository/IWP30/Page_Confirmation/ConfirmButton")): Object: 'Object Repository/IWP30/Page_Confirmation/ConfirmButton' is clicked on

24-10-2024T23:37:00 - [MESSAGE][PASSED] - Object: 'Object Repository/IWP30/Page_Confirmation/ConfirmButton' is clicked on

24-10-2024T23:37:00 - [TEST_STEP][PASSED] - Thread.sleep(5000): null

24-10-2024T23:37:05 - [TEST_STEP][PASSED] - if (verifyTextPresent("Make a Real Estate Payment", false)): null

24-10-2024T23:37:05 - [MESSAGE][PASSED] - Text 'Make a Real Estate Payment' is present on page 

24-10-2024T23:37:05 - [TEST_STEP][PASSED] - isRequiredTextPresent = true: null

24-10-2024T23:37:05 - [TEST_STEP][PASSED] - println(isRequiredTextPresent): null

24-10-2024T23:37:05 - [TEST_STEP][PASSED] - if (isRequiredTextPresent): null

24-10-2024T23:37:05 - [TEST_STEP][PASSED] - if (verifyTextPresent("This transaction is subject to a Convenience Fees of $2.00.", false)): null

24-10-2024T23:37:05 - [MESSAGE][PASSED] - Text 'This transaction is subject to a Convenience Fees of $2.00.' is present on page 

24-10-2024T23:37:05 - [TEST_STEP][PASSED] - isRequiredTextPresent = true: null

24-10-2024T23:37:05 - [TEST_STEP][PASSED] - println(isRequiredTextPresent): null

24-10-2024T23:37:05 - [TEST_STEP][PASSED] - if (isRequiredTextPresent): null

24-10-2024T23:37:05 - [TEST_STEP][PASSED] - if (verifyTextPresent("Payment Amount:  $10.50", false)): null

24-10-2024T23:37:05 - [MESSAGE][PASSED] - Text 'Payment Amount:  $10.50' is present on page 

24-10-2024T23:37:05 - [TEST_STEP][PASSED] - isRequiredTextPresent = true: null

24-10-2024T23:37:05 - [TEST_STEP][PASSED] - if (isRequiredTextPresent): null

24-10-2024T23:37:05 - [TEST_STEP][PASSED] - if (verifyTextPresent("Convenience Fees:  $2.00", false)): null

24-10-2024T23:37:06 - [MESSAGE][PASSED] - Text 'Convenience Fees:  $2.00' is present on page 

24-10-2024T23:37:06 - [TEST_STEP][PASSED] - isRequiredTextPresent = true: null

24-10-2024T23:37:06 - [TEST_STEP][PASSED] - if (isRequiredTextPresent): null

24-10-2024T23:37:06 - [TEST_STEP][PASSED] - if (verifyTextPresent("Total Amount:  $12.50", false)): null

24-10-2024T23:37:06 - [MESSAGE][PASSED] - Text 'Total Amount:  $12.50' is present on page 

24-10-2024T23:37:06 - [TEST_STEP][PASSED] - isRequiredTextPresent = true: null

24-10-2024T23:37:06 - [TEST_STEP][PASSED] - if (isRequiredTextPresent): null

24-10-2024T23:37:06 - [TEST_STEP][PASSED] - if (verifyTextPresent("One transaction in the amount of $12.50 will appear on your bank statement.", false)): null

24-10-2024T23:37:06 - [MESSAGE][PASSED] - Text 'One transaction in the amount of $12.50 will appear on your bank statement.' is present on page 

24-10-2024T23:37:06 - [TEST_STEP][PASSED] - isRequiredTextPresent = true: null

24-10-2024T23:37:06 - [TEST_STEP][PASSED] - Thread.sleep(10000): null

24-10-2024T23:37:16 - [TEST_STEP][PASSED] - click(findTestObject("Object Repository/IWP30/Page_ConvenienceFees/btn_convFeeNotifyAction")): Object: 'Object Repository/IWP30/Page_ConvenienceFees/btn_convFeeNotifyAction' is clicked on

24-10-2024T23:37:18 - [MESSAGE][PASSED] - Object: 'Object Repository/IWP30/Page_ConvenienceFees/btn_convFeeNotifyAction' is clicked on

24-10-2024T23:37:18 - [TEST_STEP][PASSED] - Thread.sleep(10000): null

24-10-2024T23:37:28 - [TEST_STEP][PASSED] - if (verifyTextPresent("Successful Payment Receipt", false)): null

24-10-2024T23:37:29 - [MESSAGE][PASSED] - Text 'Successful Payment Receipt' is present on page 

24-10-2024T23:37:29 - [TEST_STEP][PASSED] - println("Successful Payment Receipt text is present on the Receipt page"): null

24-10-2024T23:37:29 - [TEST_STEP][PASSED] - markPassed("Successful Payment Receipt text is present on the Receipt page"): Successful Payment Receipt text is present on the Receipt page

24-10-2024T23:37:29 - [MESSAGE][PASSED] - Successful Payment Receipt text is present on the Receipt page

24-10-2024T23:37:29 - [TEST_STEP][PASSED] - resText = "Pass": null

24-10-2024T23:37:29 - [TEST_STEP][PASSED] - pages.WriteExcel.demoKey(resText, datText, resColumn, datCloumn, fileLoc, nameSheet, row): pages.WriteExcel.demoKey is PASSED

24-10-2024T23:37:29 - [MESSAGE][PASSED] - pages.WriteExcel.demoKey is PASSED

24-10-2024T23:37:29 - [TEST_STEP][PASSED] - closeBrowser(): Browser is closed

24-10-2024T23:37:29 - [MESSAGE][PASSED] - Browser is closed

24-10-2024T23:37:29 - [TEST_STEP][PASSED] - ExecuteTC = findTestData(dataFile).getValue("Execute", row): null

24-10-2024T23:37:29 - [TEST_STEP][PASSED] - out.println("Value of Execute is : " + ExecuteTC): null

24-10-2024T23:37:29 - [TEST_STEP][PASSED] - if (ExecuteTC.equalsIgnoreCase("Y")): null

24-10-2024T23:37:29 - [TEST_STEP][PASSED] - out.println("Begin Record Number: " + row): null

24-10-2024T23:37:29 - [TEST_STEP][PASSED] - today = new java.util.Date(): null

24-10-2024T23:37:29 - [TEST_STEP][PASSED] - println(today): null

24-10-2024T23:37:29 - [TEST_STEP][PASSED] - datText = today: null

24-10-2024T23:37:29 - [TEST_STEP][PASSED] - EmulatorDataKey = findTestData(dataFile).getValue("EmulatorData", row): null

24-10-2024T23:37:29 - [TEST_STEP][PASSED] - out.println("Value of Emulator Key is : " + EmulatorDataKey): null

24-10-2024T23:37:29 - [TEST_STEP][PASSED] - iwpPages.emulatorIWP30.setDataEmulator_DD(EmulatorDataKey): iwpPages.emulatorIWP30.setDataEmulator_DD is PASSED

24-10-2024T23:37:30 - [MESSAGE][INFO] - Starting 'Edge Chromium' driver

24-10-2024T23:37:30 - [MESSAGE][INFO] - User set preference: ['acceptInsecureCerts', 'true']

24-10-2024T23:37:32 - [MESSAGE][INFO] - Action delay is set to 0 milliseconds

24-10-2024T23:37:35 - [MESSAGE][PASSED] - Browser is opened with url: 'https://qa2.velocitypayment.com/agencyx/config.action?action=editor&message_version=2_5'

24-10-2024T23:37:35 - [MESSAGE][PASSED] - Current window maximized

24-10-2024T23:38:06 - [MESSAGE][INFO] - Unable to find the element located by 'By.xpath: //select[@name='message_version']'. Please recheck the objects properties to make sure the desired element is located. 

24-10-2024T23:38:06 - [MESSAGE][WARNING] - [SELF-HEALING] Failed to find element with id 'Object Repository/IWP30/Page_VRelay30Emulator/MV'. Try using Self-healing.

24-10-2024T23:38:07 - [MESSAGE][WARNING] - [SELF-HEALING] The current locator of test object 'Object Repository/IWP30/Page_VRelay30Emulator/MV' was broken. Propose an alternative one: '(.//*[normalize-space(text()) and normalize-space(.)='Message Version'])[1]/following::select[1]'.

24-10-2024T23:38:07 - [MESSAGE][PASSED] - All options with value '2.5' are selected in object 'Object Repository/IWP30/Page_VRelay30Emulator/MV'  using regular expression

24-10-2024T23:38:08 - [MESSAGE][PASSED] - Text '10.50' is set on object 'Object Repository/IWP30/Page_EmulatorAgencyX/Amount'

24-10-2024T23:38:09 - [MESSAGE][PASSED] - Text 'SX7iLmISLOrD' is set on object 'Object Repository/IWP30/Page_EmulatorAgencyX/CAN'

24-10-2024T23:38:09 - [MESSAGE][PASSED] - Text 'PayNow' is set on object 'Object Repository/IWP30/Page_EmulatorAgencyX/Action'

24-10-2024T23:38:10 - [MESSAGE][PASSED] - Text 'en_US' is set on object 'Object Repository/IWP30/Page_EmulatorAgencyX/Lang'

24-10-2024T23:38:10 - [MESSAGE][PASSED] - Text 'Jasmine' is set on object 'Object Repository/IWP30/Page_EmulatorAgencyX/Fname'

24-10-2024T23:38:11 - [MESSAGE][PASSED] - Text 'Patrinol' is set on object 'Object Repository/IWP30/Page_EmulatorAgencyX/Lname'

24-10-2024T23:38:12 - [MESSAGE][PASSED] - Text '258 Underwood rd' is set on object 'Object Repository/IWP30/Page_EmulatorAgencyX/AL1'

24-10-2024T23:38:12 - [MESSAGE][PASSED] - Text 'Suite 600' is set on object 'Object Repository/IWP30/Page_EmulatorAgencyX/AL2'

24-10-2024T23:38:13 - [MESSAGE][PASSED] - Text '840' is set on object 'Object Repository/IWP30/Page_EmulatorAgencyX/Country'

24-10-2024T23:38:13 - [MESSAGE][PASSED] - Text 'Arlington' is set on object 'Object Repository/IWP30/Page_EmulatorAgencyX/City'

24-10-2024T23:38:14 - [MESSAGE][PASSED] - Text 'VA' is set on object 'Object Repository/IWP30/Page_EmulatorAgencyX/State'

24-10-2024T23:38:15 - [MESSAGE][PASSED] - Text '22201' is set on object 'Object Repository/IWP30/Page_EmulatorAgencyX/ZIP'

24-10-2024T23:38:15 - [MESSAGE][PASSED] - Text '' is set on object 'Object Repository/IWP30/Page_EmulatorAgencyX/Order'

24-10-2024T23:38:16 - [MESSAGE][PASSED] - Text 'Some Company' is set on object 'Object Repository/IWP30/Page_EmulatorAgencyX/Company'

24-10-2024T23:38:16 - [MESSAGE][PASSED] - Text 'iahmed@govolution.com' is set on object 'Object Repository/IWP30/Page_EmulatorAgencyX/Email'

24-10-2024T23:38:17 - [MESSAGE][PASSED] - Text 'udf data 1' is set on object 'Object Repository/IWP30/Page_EmulatorAgencyX/UDF1'

24-10-2024T23:38:18 - [MESSAGE][PASSED] - Text 'udf data 2' is set on object 'Object Repository/IWP30/Page_EmulatorAgencyX/UDF2'

24-10-2024T23:38:18 - [MESSAGE][PASSED] - Text 'udf data 3' is set on object 'Object Repository/IWP30/Page_EmulatorAgencyX/UDF3'

24-10-2024T23:38:19 - [MESSAGE][PASSED] - Text 'udf data 4' is set on object 'Object Repository/IWP30/Page_EmulatorAgencyX/UDF4'

24-10-2024T23:38:20 - [MESSAGE][PASSED] - Text 'udf data 5' is set on object 'Object Repository/IWP30/Page_EmulatorAgencyX/UDF5'

24-10-2024T23:38:20 - [MESSAGE][PASSED] - Text 'udf data 6' is set on object 'Object Repository/IWP30/Page_EmulatorAgencyX/UDF6'

24-10-2024T23:38:21 - [MESSAGE][PASSED] - Text 'Orange' is set on object 'Object Repository/IWP30/Page_EmulatorAgencyX/UDF7'

24-10-2024T23:38:21 - [MESSAGE][PASSED] - Text 'Soccer' is set on object 'Object Repository/IWP30/Page_EmulatorAgencyX/UDF8'

24-10-2024T23:38:22 - [MESSAGE][PASSED] - Text 'udf data 9' is set on object 'Object Repository/IWP30/Page_EmulatorAgencyX/UDF9'

24-10-2024T23:38:23 - [MESSAGE][PASSED] - Text 'udf data 10' is set on object 'Object Repository/IWP30/Page_EmulatorAgencyX/UDF10'

24-10-2024T23:38:24 - [MESSAGE][PASSED] - Object: 'Object Repository/IWP30/Page_EmulatorAgencyX/Submit' is clicked on

24-10-2024T23:38:28 - [MESSAGE][PASSED] - Browser is closed

24-10-2024T23:38:33 - [MESSAGE][PASSED] - iwpPages.emulatorIWP30.setDataEmulator_DD is PASSED

24-10-2024T23:38:33 - [TEST_STEP][PASSED] - testHarnessURL = urlTestHarness: null

24-10-2024T23:38:33 - [TEST_STEP][PASSED] - openBrowser(testHarnessURL): Browser is opened with url: 'https://dev-algorithm.govolution.com/vrelaytest/QA2/version_2_2/vrelaytest.html'

24-10-2024T23:38:33 - [MESSAGE][INFO] - Starting 'Edge Chromium' driver

24-10-2024T23:38:33 - [MESSAGE][INFO] - User set preference: ['acceptInsecureCerts', 'true']

24-10-2024T23:38:35 - [MESSAGE][INFO] - Action delay is set to 0 milliseconds

24-10-2024T23:38:38 - [MESSAGE][PASSED] - Browser is opened with url: 'https://dev-algorithm.govolution.com/vrelaytest/QA2/version_2_2/vrelaytest.html'

24-10-2024T23:38:38 - [TEST_STEP][PASSED] - maximizeWindow(): Current window maximized

24-10-2024T23:38:38 - [MESSAGE][PASSED] - Current window maximized

24-10-2024T23:38:38 - [TEST_STEP][PASSED] - iwpPages.TestHarnessPage.setDataMethod(row, dataFile): iwpPages.TestHarnessPage.setDataMethod is PASSED

24-10-2024T23:38:38 - [MESSAGE][PASSED] - Object 'Object Repository/IWP30/Page_QATestHarness/RemittanceID' is present

24-10-2024T23:38:39 - [MESSAGE][PASSED] - Text '639' is set on object 'Object Repository/IWP30/Page_QATestHarness/ApplicationID'

24-10-2024T23:38:40 - [MESSAGE][PASSED] - Text '2.5' is set on object 'Object Repository/IWP30/Page_QATestHarness/MessageVersion'

24-10-2024T23:38:40 - [MESSAGE][PASSED] - Text 'cbGRAH4c0RxD' is set on object 'Object Repository/IWP30/Page_QATestHarness/RemittanceID'

24-10-2024T23:38:45 - [MESSAGE][PASSED] - Object: 'Object Repository/IWP30/Page_QATestHarness/SubmitButton' is clicked on

24-10-2024T23:38:45 - [MESSAGE][PASSED] - iwpPages.TestHarnessPage.setDataMethod is PASSED

24-10-2024T23:38:45 - [TEST_STEP][PASSED] - click(findTestObject("Object Repository/IWP30/Page_SelectPaymentMethod/PayByPersonalCheck")): Object: 'Object Repository/IWP30/Page_SelectPaymentMethod/PayByPersonalCheck' is clicked on

24-10-2024T23:38:45 - [MESSAGE][PASSED] - Object: 'Object Repository/IWP30/Page_SelectPaymentMethod/PayByPersonalCheck' is clicked on

24-10-2024T23:38:45 - [TEST_STEP][PASSED] - click(findTestObject("Object Repository/IWP30/Page_SelectPaymentMethod/MakePaymentButton")): Object: 'Object Repository/IWP30/Page_SelectPaymentMethod/MakePaymentButton' is clicked on

24-10-2024T23:38:48 - [MESSAGE][PASSED] - Object: 'Object Repository/IWP30/Page_SelectPaymentMethod/MakePaymentButton' is clicked on

24-10-2024T23:38:48 - [TEST_STEP][PASSED] - iwpPages.achPersonalPaymentEntryPage.setDataACHPPM(row, dataFile): iwpPages.achPersonalPaymentEntryPage.setDataACHPPM is PASSED

24-10-2024T23:38:49 - [MESSAGE][PASSED] - Object 'Object Repository/IWP30/Page_ACHPersonalPaymentEntry/txt_accountNumber' is present

24-10-2024T23:38:49 - [MESSAGE][PASSED] - Object 'Object Repository/IWP30/Page_ACHPersonalPaymentEntry/txt_UDF2' is present

24-10-2024T23:38:50 - [MESSAGE][PASSED] - All options with label 'Soccer' are selected in object 'Object Repository/IWP30/Page_ACHPersonalPaymentEntry/dd_UDF8' 

24-10-2024T23:38:50 - [MESSAGE][PASSED] - Object 'Object Repository/IWP30/Page_ACHPersonalPaymentEntry/txt_Firstname' is present

24-10-2024T23:38:51 - [MESSAGE][PASSED] - Text 'Elizath' is set on object 'Object Repository/IWP30/Page_ACHPersonalPaymentEntry/txt_Firstname'

24-10-2024T23:38:51 - [MESSAGE][PASSED] - Object 'Object Repository/IWP30/Page_ACHPersonalPaymentEntry/txt_Lastname' is present

24-10-2024T23:38:52 - [MESSAGE][PASSED] - Text 'Christine' is set on object 'Object Repository/IWP30/Page_ACHPersonalPaymentEntry/txt_Lastname'

24-10-2024T23:38:52 - [MESSAGE][PASSED] - Object 'Object Repository/IWP30/Page_ACHPersonalPaymentEntry/txt_routingNumber' is present

24-10-2024T23:38:52 - [MESSAGE][PASSED] - Text '256072691' is set on object 'Object Repository/IWP30/Page_ACHPersonalPaymentEntry/txt_routingNumber'

24-10-2024T23:38:53 - [MESSAGE][PASSED] - Object 'Object Repository/IWP30/Page_ACHPersonalPaymentEntry/txt_accountNumber' is present

24-10-2024T23:38:54 - [MESSAGE][PASSED] - Text '12344444' is set on object 'Object Repository/IWP30/Page_ACHPersonalPaymentEntry/txt_accountNumber'

24-10-2024T23:38:54 - [MESSAGE][PASSED] - Object 'Object Repository/IWP30/Page_ACHPersonalPaymentEntry/txt_confirmAccountNumber' is present

24-10-2024T23:38:55 - [MESSAGE][PASSED] - Text '12344444' is set on object 'Object Repository/IWP30/Page_ACHPersonalPaymentEntry/txt_confirmAccountNumber'

24-10-2024T23:38:55 - [MESSAGE][PASSED] - Object 'Object Repository/IWP30/Page_ACHPersonalPaymentEntry/rd_accountType' is present

24-10-2024T23:38:55 - [MESSAGE][PASSED] - Modify property of object successfully

24-10-2024T23:38:56 - [MESSAGE][PASSED] - Object: 'Object Repository/IWP30/Page_ACHPersonalPaymentEntry/rd_accountType' is clicked on

24-10-2024T23:38:56 - [MESSAGE][PASSED] - Object 'Object Repository/IWP30/Page_ACHPersonalPaymentEntry/txt_Email' is present

24-10-2024T23:38:56 - [MESSAGE][PASSED] - Object 'Object Repository/IWP30/Page_ACHPersonalPaymentEntry/cb_TermsAndCond' is present

24-10-2024T23:38:56 - [MESSAGE][PASSED] - Object: 'Object Repository/IWP30/Page_ACHPersonalPaymentEntry/cb_TermsAndCond' is clicked on

24-10-2024T23:38:57 - [MESSAGE][PASSED] - Object 'Object Repository/IWP30/Page_ACHPersonalPaymentEntry/btn_Continue' is present

24-10-2024T23:38:58 - [MESSAGE][PASSED] - Object: 'Object Repository/IWP30/Page_ACHPersonalPaymentEntry/btn_Continue' is clicked on

24-10-2024T23:38:58 - [MESSAGE][PASSED] - iwpPages.achPersonalPaymentEntryPage.setDataACHPPM is PASSED

24-10-2024T23:38:58 - [TEST_STEP][PASSED] - click(findTestObject("Object Repository/IWP30/Page_Confirmation/ConfirmButton")): Object: 'Object Repository/IWP30/Page_Confirmation/ConfirmButton' is clicked on

24-10-2024T23:39:00 - [MESSAGE][PASSED] - Object: 'Object Repository/IWP30/Page_Confirmation/ConfirmButton' is clicked on

24-10-2024T23:39:00 - [TEST_STEP][PASSED] - Thread.sleep(5000): null

24-10-2024T23:39:05 - [TEST_STEP][PASSED] - if (verifyTextPresent("Make a Real Estate Payment", false)): null

24-10-2024T23:39:05 - [MESSAGE][PASSED] - Text 'Make a Real Estate Payment' is present on page 

24-10-2024T23:39:05 - [TEST_STEP][PASSED] - isRequiredTextPresent = true: null

24-10-2024T23:39:05 - [TEST_STEP][PASSED] - println(isRequiredTextPresent): null

24-10-2024T23:39:05 - [TEST_STEP][PASSED] - if (isRequiredTextPresent): null

24-10-2024T23:39:05 - [TEST_STEP][PASSED] - if (verifyTextPresent("This transaction is subject to a Convenience Fees of $2.00.", false)): null

24-10-2024T23:39:06 - [MESSAGE][PASSED] - Text 'This transaction is subject to a Convenience Fees of $2.00.' is present on page 

24-10-2024T23:39:06 - [TEST_STEP][PASSED] - isRequiredTextPresent = true: null

24-10-2024T23:39:06 - [TEST_STEP][PASSED] - println(isRequiredTextPresent): null

24-10-2024T23:39:06 - [TEST_STEP][PASSED] - if (isRequiredTextPresent): null

24-10-2024T23:39:06 - [TEST_STEP][PASSED] - if (verifyTextPresent("Payment Amount:  $10.50", false)): null

24-10-2024T23:39:06 - [MESSAGE][PASSED] - Text 'Payment Amount:  $10.50' is present on page 

24-10-2024T23:39:06 - [TEST_STEP][PASSED] - isRequiredTextPresent = true: null

24-10-2024T23:39:06 - [TEST_STEP][PASSED] - if (isRequiredTextPresent): null

24-10-2024T23:39:06 - [TEST_STEP][PASSED] - if (verifyTextPresent("Convenience Fees:  $2.00", false)): null

24-10-2024T23:39:06 - [MESSAGE][PASSED] - Text 'Convenience Fees:  $2.00' is present on page 

24-10-2024T23:39:06 - [TEST_STEP][PASSED] - isRequiredTextPresent = true: null

24-10-2024T23:39:06 - [TEST_STEP][PASSED] - if (isRequiredTextPresent): null

24-10-2024T23:39:06 - [TEST_STEP][PASSED] - if (verifyTextPresent("Total Amount:  $12.50", false)): null

24-10-2024T23:39:06 - [MESSAGE][PASSED] - Text 'Total Amount:  $12.50' is present on page 

24-10-2024T23:39:06 - [TEST_STEP][PASSED] - isRequiredTextPresent = true: null

24-10-2024T23:39:06 - [TEST_STEP][PASSED] - if (isRequiredTextPresent): null

24-10-2024T23:39:06 - [TEST_STEP][PASSED] - if (verifyTextPresent("One transaction in the amount of $12.50 will appear on your bank statement.", false)): null

24-10-2024T23:39:07 - [MESSAGE][PASSED] - Text 'One transaction in the amount of $12.50 will appear on your bank statement.' is present on page 

24-10-2024T23:39:07 - [TEST_STEP][PASSED] - isRequiredTextPresent = true: null

24-10-2024T23:39:07 - [TEST_STEP][PASSED] - Thread.sleep(10000): null

24-10-2024T23:39:17 - [TEST_STEP][PASSED] - click(findTestObject("Object Repository/IWP30/Page_ConvenienceFees/btn_convFeeNotifyAction")): Object: 'Object Repository/IWP30/Page_ConvenienceFees/btn_convFeeNotifyAction' is clicked on

24-10-2024T23:39:19 - [MESSAGE][PASSED] - Object: 'Object Repository/IWP30/Page_ConvenienceFees/btn_convFeeNotifyAction' is clicked on

24-10-2024T23:39:19 - [TEST_STEP][PASSED] - Thread.sleep(10000): null

24-10-2024T23:39:29 - [TEST_STEP][PASSED] - if (verifyTextPresent("Successful Payment Receipt", false)): null

24-10-2024T23:39:29 - [MESSAGE][PASSED] - Text 'Successful Payment Receipt' is present on page 

24-10-2024T23:39:29 - [TEST_STEP][PASSED] - println("Successful Payment Receipt text is present on the Receipt page"): null

24-10-2024T23:39:29 - [TEST_STEP][PASSED] - markPassed("Successful Payment Receipt text is present on the Receipt page"): Successful Payment Receipt text is present on the Receipt page

24-10-2024T23:39:29 - [MESSAGE][PASSED] - Successful Payment Receipt text is present on the Receipt page

24-10-2024T23:39:29 - [TEST_STEP][PASSED] - resText = "Pass": null

24-10-2024T23:39:29 - [TEST_STEP][PASSED] - pages.WriteExcel.demoKey(resText, datText, resColumn, datCloumn, fileLoc, nameSheet, row): pages.WriteExcel.demoKey is PASSED

24-10-2024T23:39:29 - [MESSAGE][PASSED] - pages.WriteExcel.demoKey is PASSED

24-10-2024T23:39:29 - [TEST_STEP][PASSED] - closeBrowser(): Browser is closed

24-10-2024T23:39:30 - [MESSAGE][PASSED] - Browser is closed

24-10-2024T23:39:30 - [TEST_STEP][PASSED] - ExecuteTC = findTestData(dataFile).getValue("Execute", row): null

24-10-2024T23:39:30 - [TEST_STEP][PASSED] - out.println("Value of Execute is : " + ExecuteTC): null

24-10-2024T23:39:30 - [TEST_STEP][PASSED] - if (ExecuteTC.equalsIgnoreCase("Y")): null

24-10-2024T23:39:30 - [TEST_STEP][PASSED] - out.println("Begin Record Number: " + row): null

24-10-2024T23:39:30 - [TEST_STEP][PASSED] - today = new java.util.Date(): null

24-10-2024T23:39:30 - [TEST_STEP][PASSED] - println(today): null

24-10-2024T23:39:30 - [TEST_STEP][PASSED] - datText = today: null

24-10-2024T23:39:30 - [TEST_STEP][PASSED] - EmulatorDataKey = findTestData(dataFile).getValue("EmulatorData", row): null

24-10-2024T23:39:30 - [TEST_STEP][PASSED] - out.println("Value of Emulator Key is : " + EmulatorDataKey): null

24-10-2024T23:39:30 - [TEST_STEP][PASSED] - iwpPages.emulatorIWP30.setDataEmulator_DD(EmulatorDataKey): iwpPages.emulatorIWP30.setDataEmulator_DD is PASSED

24-10-2024T23:39:30 - [MESSAGE][INFO] - Starting 'Edge Chromium' driver

24-10-2024T23:39:30 - [MESSAGE][INFO] - User set preference: ['acceptInsecureCerts', 'true']

24-10-2024T23:39:32 - [MESSAGE][INFO] - Action delay is set to 0 milliseconds

24-10-2024T23:39:36 - [MESSAGE][PASSED] - Browser is opened with url: 'https://qa2.velocitypayment.com/agencyx/config.action?action=editor&message_version=3_0'

24-10-2024T23:39:36 - [MESSAGE][PASSED] - Current window maximized

24-10-2024T23:40:07 - [MESSAGE][INFO] - Unable to find the element located by 'By.xpath: //select[@name='message_version']'. Please recheck the objects properties to make sure the desired element is located. 

24-10-2024T23:40:07 - [MESSAGE][WARNING] - [SELF-HEALING] Failed to find element with id 'Object Repository/IWP30/Page_VRelay30Emulator/MV'. Try using Self-healing.

24-10-2024T23:40:07 - [MESSAGE][WARNING] - [SELF-HEALING] The current locator of test object 'Object Repository/IWP30/Page_VRelay30Emulator/MV' was broken. Propose an alternative one: '(.//*[normalize-space(text()) and normalize-space(.)='Message Version'])[1]/following::select[1]'.

24-10-2024T23:40:08 - [MESSAGE][PASSED] - All options with value '3.0' are selected in object 'Object Repository/IWP30/Page_VRelay30Emulator/MV'  using regular expression

24-10-2024T23:40:08 - [MESSAGE][PASSED] - Text '10.50' is set on object 'Object Repository/IWP30/Page_EmulatorAgencyX/Amount'

24-10-2024T23:40:09 - [MESSAGE][PASSED] - Text 'GlWiJ70Slhq7' is set on object 'Object Repository/IWP30/Page_EmulatorAgencyX/CAN'

24-10-2024T23:40:10 - [MESSAGE][PASSED] - Text 'PayNow' is set on object 'Object Repository/IWP30/Page_EmulatorAgencyX/Action'

24-10-2024T23:40:10 - [MESSAGE][PASSED] - Text 'en_US' is set on object 'Object Repository/IWP30/Page_EmulatorAgencyX/Lang'

24-10-2024T23:40:11 - [MESSAGE][PASSED] - Text '' is set on object 'Object Repository/IWP30/Page_EmulatorAgencyX/Fname'

24-10-2024T23:40:11 - [MESSAGE][PASSED] - Text '' is set on object 'Object Repository/IWP30/Page_EmulatorAgencyX/Lname'

24-10-2024T23:40:12 - [MESSAGE][PASSED] - Text '' is set on object 'Object Repository/IWP30/Page_EmulatorAgencyX/AL1'

24-10-2024T23:40:12 - [MESSAGE][PASSED] - Text '' is set on object 'Object Repository/IWP30/Page_EmulatorAgencyX/AL2'

24-10-2024T23:40:13 - [MESSAGE][PASSED] - Text '' is set on object 'Object Repository/IWP30/Page_EmulatorAgencyX/Country'

24-10-2024T23:40:14 - [MESSAGE][PASSED] - Text '' is set on object 'Object Repository/IWP30/Page_EmulatorAgencyX/City'

24-10-2024T23:40:14 - [MESSAGE][PASSED] - Text '' is set on object 'Object Repository/IWP30/Page_EmulatorAgencyX/State'

24-10-2024T23:40:15 - [MESSAGE][PASSED] - Text '' is set on object 'Object Repository/IWP30/Page_EmulatorAgencyX/ZIP'

24-10-2024T23:40:15 - [MESSAGE][PASSED] - Text '' is set on object 'Object Repository/IWP30/Page_EmulatorAgencyX/Order'

24-10-2024T23:40:16 - [MESSAGE][PASSED] - Text '' is set on object 'Object Repository/IWP30/Page_EmulatorAgencyX/Company'

24-10-2024T23:40:16 - [MESSAGE][PASSED] - Text '' is set on object 'Object Repository/IWP30/Page_EmulatorAgencyX/Email'

24-10-2024T23:40:17 - [MESSAGE][PASSED] - Text '' is set on object 'Object Repository/IWP30/Page_EmulatorAgencyX/UDF1'

24-10-2024T23:40:18 - [MESSAGE][PASSED] - Text '' is set on object 'Object Repository/IWP30/Page_EmulatorAgencyX/UDF2'

24-10-2024T23:40:18 - [MESSAGE][PASSED] - Text '' is set on object 'Object Repository/IWP30/Page_EmulatorAgencyX/UDF3'

24-10-2024T23:40:19 - [MESSAGE][PASSED] - Text 'udf data 4' is set on object 'Object Repository/IWP30/Page_EmulatorAgencyX/UDF4'

24-10-2024T23:40:19 - [MESSAGE][PASSED] - Text 'udf data 5' is set on object 'Object Repository/IWP30/Page_EmulatorAgencyX/UDF5'

24-10-2024T23:40:20 - [MESSAGE][PASSED] - Text '' is set on object 'Object Repository/IWP30/Page_EmulatorAgencyX/UDF6'

24-10-2024T23:40:20 - [MESSAGE][PASSED] - Text '' is set on object 'Object Repository/IWP30/Page_EmulatorAgencyX/UDF7'

24-10-2024T23:40:21 - [MESSAGE][PASSED] - Text '' is set on object 'Object Repository/IWP30/Page_EmulatorAgencyX/UDF8'

24-10-2024T23:40:22 - [MESSAGE][PASSED] - Text 'udf data 9' is set on object 'Object Repository/IWP30/Page_EmulatorAgencyX/UDF9'

24-10-2024T23:40:22 - [MESSAGE][PASSED] - Text 'udf data 10' is set on object 'Object Repository/IWP30/Page_EmulatorAgencyX/UDF10'

24-10-2024T23:40:24 - [MESSAGE][PASSED] - Object: 'Object Repository/IWP30/Page_EmulatorAgencyX/Submit' is clicked on

24-10-2024T23:40:28 - [MESSAGE][PASSED] - Browser is closed

24-10-2024T23:40:32 - [MESSAGE][PASSED] - iwpPages.emulatorIWP30.setDataEmulator_DD is PASSED

24-10-2024T23:40:32 - [TEST_STEP][PASSED] - testHarnessURL = urlTestHarness: null

24-10-2024T23:40:32 - [TEST_STEP][PASSED] - openBrowser(testHarnessURL): Browser is opened with url: 'https://dev-algorithm.govolution.com/vrelaytest/QA2/version_2_2/vrelaytest.html'

24-10-2024T23:40:32 - [MESSAGE][INFO] - Starting 'Edge Chromium' driver

24-10-2024T23:40:32 - [MESSAGE][INFO] - User set preference: ['acceptInsecureCerts', 'true']

24-10-2024T23:40:34 - [MESSAGE][INFO] - Action delay is set to 0 milliseconds

24-10-2024T23:40:38 - [MESSAGE][PASSED] - Browser is opened with url: 'https://dev-algorithm.govolution.com/vrelaytest/QA2/version_2_2/vrelaytest.html'

24-10-2024T23:40:38 - [TEST_STEP][PASSED] - maximizeWindow(): Current window maximized

24-10-2024T23:40:38 - [MESSAGE][PASSED] - Current window maximized

24-10-2024T23:40:38 - [TEST_STEP][PASSED] - iwpPages.TestHarnessPage.setDataMethod(row, dataFile): iwpPages.TestHarnessPage.setDataMethod is PASSED

24-10-2024T23:40:38 - [MESSAGE][PASSED] - Object 'Object Repository/IWP30/Page_QATestHarness/RemittanceID' is present

24-10-2024T23:40:39 - [MESSAGE][PASSED] - Text '650' is set on object 'Object Repository/IWP30/Page_QATestHarness/ApplicationID'

24-10-2024T23:40:39 - [MESSAGE][PASSED] - Text '3.0' is set on object 'Object Repository/IWP30/Page_QATestHarness/MessageVersion'

24-10-2024T23:40:40 - [MESSAGE][PASSED] - Text 'SDmYx44J2CCS' is set on object 'Object Repository/IWP30/Page_QATestHarness/RemittanceID'

24-10-2024T23:40:44 - [MESSAGE][PASSED] - Object: 'Object Repository/IWP30/Page_QATestHarness/SubmitButton' is clicked on

24-10-2024T23:40:44 - [MESSAGE][PASSED] - iwpPages.TestHarnessPage.setDataMethod is PASSED

24-10-2024T23:40:44 - [TEST_STEP][PASSED] - click(findTestObject("Object Repository/IWP30/Page_SelectPaymentMethod/PayByPersonalCheck")): Object: 'Object Repository/IWP30/Page_SelectPaymentMethod/PayByPersonalCheck' is clicked on

24-10-2024T23:40:44 - [MESSAGE][PASSED] - Object: 'Object Repository/IWP30/Page_SelectPaymentMethod/PayByPersonalCheck' is clicked on

24-10-2024T23:40:44 - [TEST_STEP][PASSED] - click(findTestObject("Object Repository/IWP30/Page_SelectPaymentMethod/MakePaymentButton")): Object: 'Object Repository/IWP30/Page_SelectPaymentMethod/MakePaymentButton' is clicked on

24-10-2024T23:40:47 - [MESSAGE][PASSED] - Object: 'Object Repository/IWP30/Page_SelectPaymentMethod/MakePaymentButton' is clicked on

24-10-2024T23:40:47 - [TEST_STEP][PASSED] - iwpPages.achPersonalPaymentEntryPage.setDataACHPPM(row, dataFile): iwpPages.achPersonalPaymentEntryPage.setDataACHPPM is PASSED

24-10-2024T23:40:48 - [MESSAGE][PASSED] - Object 'Object Repository/IWP30/Page_ACHPersonalPaymentEntry/txt_accountNumber' is present

24-10-2024T23:40:49 - [MESSAGE][PASSED] - Text '10.50' is set on object 'Object Repository/IWP30/Page_ACHPersonalPaymentEntry/txt_Amount'

24-10-2024T23:40:49 - [MESSAGE][PASSED] - Object 'Object Repository/IWP30/Page_ACHPersonalPaymentEntry/txt_UDF2' is present

24-10-2024T23:40:50 - [MESSAGE][PASSED] - Text 'udf data 2' is set on object 'Object Repository/IWP30/Page_ACHPersonalPaymentEntry/txt_UDF2'

24-10-2024T23:40:50 - [MESSAGE][PASSED] - Text 'udf data 3' is set on object 'Object Repository/IWP30/Page_ACHPersonalPaymentEntry/txt_UDF3'

24-10-2024T23:40:51 - [MESSAGE][PASSED] - All options with label 'Orange' are selected in object 'Object Repository/IWP30/Page_ACHPersonalPaymentEntry/dd_UDF7' 

24-10-2024T23:40:51 - [MESSAGE][PASSED] - All options with label 'Soccer' are selected in object 'Object Repository/IWP30/Page_ACHPersonalPaymentEntry/dd_UDF8' 

24-10-2024T23:40:52 - [MESSAGE][PASSED] - Object 'Object Repository/IWP30/Page_ACHPersonalPaymentEntry/txt_Firstname' is present

24-10-2024T23:40:52 - [MESSAGE][PASSED] - Text 'Elizath' is set on object 'Object Repository/IWP30/Page_ACHPersonalPaymentEntry/txt_Firstname'

24-10-2024T23:40:52 - [MESSAGE][PASSED] - Object 'Object Repository/IWP30/Page_ACHPersonalPaymentEntry/txt_Lastname' is present

24-10-2024T23:40:53 - [MESSAGE][PASSED] - Text 'Christine' is set on object 'Object Repository/IWP30/Page_ACHPersonalPaymentEntry/txt_Lastname'

24-10-2024T23:40:53 - [MESSAGE][PASSED] - Object 'Object Repository/IWP30/Page_ACHPersonalPaymentEntry/txt_routingNumber' is present

24-10-2024T23:40:54 - [MESSAGE][PASSED] - Text '256072691' is set on object 'Object Repository/IWP30/Page_ACHPersonalPaymentEntry/txt_routingNumber'

24-10-2024T23:40:54 - [MESSAGE][PASSED] - Object 'Object Repository/IWP30/Page_ACHPersonalPaymentEntry/txt_accountNumber' is present

24-10-2024T23:40:55 - [MESSAGE][PASSED] - Text '12344444' is set on object 'Object Repository/IWP30/Page_ACHPersonalPaymentEntry/txt_accountNumber'

24-10-2024T23:40:55 - [MESSAGE][PASSED] - Object 'Object Repository/IWP30/Page_ACHPersonalPaymentEntry/txt_confirmAccountNumber' is present

24-10-2024T23:40:56 - [MESSAGE][PASSED] - Text '12344444' is set on object 'Object Repository/IWP30/Page_ACHPersonalPaymentEntry/txt_confirmAccountNumber'

24-10-2024T23:40:56 - [MESSAGE][PASSED] - Object 'Object Repository/IWP30/Page_ACHPersonalPaymentEntry/rd_accountType' is present

24-10-2024T23:40:56 - [MESSAGE][PASSED] - Modify property of object successfully

24-10-2024T23:40:57 - [MESSAGE][PASSED] - Object: 'Object Repository/IWP30/Page_ACHPersonalPaymentEntry/rd_accountType' is clicked on

24-10-2024T23:40:57 - [MESSAGE][PASSED] - Text '365 Main Avenue' is set on object 'Object Repository/IWP30/Page_ACHPersonalPaymentEntry/txt_AL1'

24-10-2024T23:40:58 - [MESSAGE][PASSED] - Text '22201' is set on object 'Object Repository/IWP30/Page_ACHPersonalPaymentEntry/txt_ZIP'

24-10-2024T23:40:58 - [MESSAGE][PASSED] - Object 'Object Repository/IWP30/Page_ACHPersonalPaymentEntry/txt_Email' is present

24-10-2024T23:40:59 - [MESSAGE][PASSED] - Text 'iahmed@govolution.com' is set on object 'Object Repository/IWP30/Page_ACHPersonalPaymentEntry/txt_Email'

24-10-2024T23:40:59 - [MESSAGE][PASSED] - Object 'Object Repository/IWP30/Page_ACHPersonalPaymentEntry/cb_TermsAndCond' is present

24-10-2024T23:41:00 - [MESSAGE][PASSED] - Object: 'Object Repository/IWP30/Page_ACHPersonalPaymentEntry/cb_TermsAndCond' is clicked on

24-10-2024T23:41:00 - [MESSAGE][PASSED] - Object 'Object Repository/IWP30/Page_ACHPersonalPaymentEntry/btn_Continue' is present

24-10-2024T23:41:01 - [MESSAGE][PASSED] - Object: 'Object Repository/IWP30/Page_ACHPersonalPaymentEntry/btn_Continue' is clicked on

24-10-2024T23:41:01 - [MESSAGE][PASSED] - iwpPages.achPersonalPaymentEntryPage.setDataACHPPM is PASSED

24-10-2024T23:41:01 - [TEST_STEP][PASSED] - click(findTestObject("Object Repository/IWP30/Page_Confirmation/ConfirmButton")): Object: 'Object Repository/IWP30/Page_Confirmation/ConfirmButton' is clicked on

24-10-2024T23:41:32 - [MESSAGE][INFO] - Unable to find the element located by 'By.xpath: //*[@type = 'submit' and @name = 'confirmNotifyAction' and @id = 'submitYes' and @value = 'Confirm']'. Please recheck the objects properties to make sure the desired element is located. 

24-10-2024T23:41:32 - [MESSAGE][WARNING] - [SELF-HEALING] Failed to find element with id 'Object Repository/IWP30/Page_Confirmation/ConfirmButton'. Try using Self-healing.

24-10-2024T23:41:32 - [MESSAGE][WARNING] - [SELF-HEALING] The current locator of test object 'Object Repository/IWP30/Page_Confirmation/ConfirmButton' was broken. Propose an alternative one: '//div/input'.

24-10-2024T23:41:34 - [MESSAGE][PASSED] - Object: 'Object Repository/IWP30/Page_Confirmation/ConfirmButton' is clicked on

24-10-2024T23:41:34 - [TEST_STEP][PASSED] - Thread.sleep(5000): null

24-10-2024T23:41:39 - [TEST_STEP][PASSED] - if (verifyTextPresent("Make a Real Estate Payment", false)): null

24-10-2024T23:41:39 - [MESSAGE][PASSED] - Text 'Make a Real Estate Payment' is present on page 

24-10-2024T23:41:39 - [TEST_STEP][PASSED] - isRequiredTextPresent = true: null

24-10-2024T23:41:39 - [TEST_STEP][PASSED] - println(isRequiredTextPresent): null

24-10-2024T23:41:39 - [TEST_STEP][PASSED] - if (isRequiredTextPresent): null

24-10-2024T23:41:39 - [TEST_STEP][PASSED] - if (verifyTextPresent("This transaction is subject to a Convenience Fees of $2.00.", false)): null

24-10-2024T23:41:40 - [MESSAGE][PASSED] - Text 'This transaction is subject to a Convenience Fees of $2.00.' is present on page 

24-10-2024T23:41:40 - [TEST_STEP][PASSED] - isRequiredTextPresent = true: null

24-10-2024T23:41:40 - [TEST_STEP][PASSED] - println(isRequiredTextPresent): null

24-10-2024T23:41:40 - [TEST_STEP][PASSED] - if (isRequiredTextPresent): null

24-10-2024T23:41:40 - [TEST_STEP][PASSED] - if (verifyTextPresent("Payment Amount:  $10.50", false)): null

24-10-2024T23:41:40 - [MESSAGE][PASSED] - Text 'Payment Amount:  $10.50' is present on page 

24-10-2024T23:41:40 - [TEST_STEP][PASSED] - isRequiredTextPresent = true: null

24-10-2024T23:41:40 - [TEST_STEP][PASSED] - if (isRequiredTextPresent): null

24-10-2024T23:41:40 - [TEST_STEP][PASSED] - if (verifyTextPresent("Convenience Fees:  $2.00", false)): null

24-10-2024T23:41:40 - [MESSAGE][PASSED] - Text 'Convenience Fees:  $2.00' is present on page 

24-10-2024T23:41:40 - [TEST_STEP][PASSED] - isRequiredTextPresent = true: null

24-10-2024T23:41:40 - [TEST_STEP][PASSED] - if (isRequiredTextPresent): null

24-10-2024T23:41:40 - [TEST_STEP][PASSED] - if (verifyTextPresent("Total Amount:  $12.50", false)): null

24-10-2024T23:41:40 - [MESSAGE][PASSED] - Text 'Total Amount:  $12.50' is present on page 

24-10-2024T23:41:40 - [TEST_STEP][PASSED] - isRequiredTextPresent = true: null

24-10-2024T23:41:40 - [TEST_STEP][PASSED] - if (isRequiredTextPresent): null

24-10-2024T23:41:40 - [TEST_STEP][PASSED] - if (verifyTextPresent("One transaction in the amount of $12.50 will appear on your bank statement.", false)): null

24-10-2024T23:41:41 - [MESSAGE][PASSED] - Text 'One transaction in the amount of $12.50 will appear on your bank statement.' is present on page 

24-10-2024T23:41:41 - [TEST_STEP][PASSED] - isRequiredTextPresent = true: null

24-10-2024T23:41:41 - [TEST_STEP][PASSED] - Thread.sleep(10000): null

24-10-2024T23:41:51 - [TEST_STEP][PASSED] - click(findTestObject("Object Repository/IWP30/Page_ConvenienceFees/btn_convFeeNotifyAction")): Object: 'Object Repository/IWP30/Page_ConvenienceFees/btn_convFeeNotifyAction' is clicked on

24-10-2024T23:41:53 - [MESSAGE][PASSED] - Object: 'Object Repository/IWP30/Page_ConvenienceFees/btn_convFeeNotifyAction' is clicked on

24-10-2024T23:41:53 - [TEST_STEP][PASSED] - Thread.sleep(10000): null

24-10-2024T23:42:03 - [TEST_STEP][PASSED] - if (verifyTextPresent("Successful Payment Receipt", false)): null

24-10-2024T23:42:03 - [MESSAGE][PASSED] - Text 'Successful Payment Receipt' is present on page 

24-10-2024T23:42:03 - [TEST_STEP][PASSED] - println("Successful Payment Receipt text is present on the Receipt page"): null

24-10-2024T23:42:03 - [TEST_STEP][PASSED] - markPassed("Successful Payment Receipt text is present on the Receipt page"): Successful Payment Receipt text is present on the Receipt page

24-10-2024T23:42:03 - [MESSAGE][PASSED] - Successful Payment Receipt text is present on the Receipt page

24-10-2024T23:42:03 - [TEST_STEP][PASSED] - resText = "Pass": null

24-10-2024T23:42:03 - [TEST_STEP][PASSED] - pages.WriteExcel.demoKey(resText, datText, resColumn, datCloumn, fileLoc, nameSheet, row): pages.WriteExcel.demoKey is PASSED

24-10-2024T23:42:03 - [MESSAGE][PASSED] - pages.WriteExcel.demoKey is PASSED

24-10-2024T23:42:03 - [TEST_STEP][PASSED] - closeBrowser(): Browser is closed

24-10-2024T23:42:03 - [MESSAGE][PASSED] - Browser is closed

24-10-2024T23:42:03 - [TEST_STEP][PASSED] - ExecuteTC = findTestData(dataFile).getValue("Execute", row): null

24-10-2024T23:42:03 - [TEST_STEP][PASSED] - out.println("Value of Execute is : " + ExecuteTC): null

24-10-2024T23:42:03 - [TEST_STEP][PASSED] - if (ExecuteTC.equalsIgnoreCase("Y")): null

24-10-2024T23:42:03 - [TEST_STEP][PASSED] - out.println("Begin Record Number: " + row): null

24-10-2024T23:42:03 - [TEST_STEP][PASSED] - today = new java.util.Date(): null

24-10-2024T23:42:03 - [TEST_STEP][PASSED] - println(today): null

24-10-2024T23:42:03 - [TEST_STEP][PASSED] - datText = today: null

24-10-2024T23:42:03 - [TEST_STEP][PASSED] - EmulatorDataKey = findTestData(dataFile).getValue("EmulatorData", row): null

24-10-2024T23:42:04 - [TEST_STEP][PASSED] - out.println("Value of Emulator Key is : " + EmulatorDataKey): null

24-10-2024T23:42:04 - [TEST_STEP][PASSED] - iwpPages.emulatorIWP30.setDataEmulator_DD(EmulatorDataKey): iwpPages.emulatorIWP30.setDataEmulator_DD is PASSED

24-10-2024T23:42:04 - [MESSAGE][INFO] - Starting 'Edge Chromium' driver

24-10-2024T23:42:04 - [MESSAGE][INFO] - User set preference: ['acceptInsecureCerts', 'true']

24-10-2024T23:42:06 - [MESSAGE][INFO] - Action delay is set to 0 milliseconds

24-10-2024T23:42:09 - [MESSAGE][PASSED] - Browser is opened with url: 'https://qa2.velocitypayment.com/agencyx/config.action?action=editor&message_version=3_0'

24-10-2024T23:42:10 - [MESSAGE][PASSED] - Current window maximized

24-10-2024T23:42:41 - [MESSAGE][INFO] - Unable to find the element located by 'By.xpath: //select[@name='message_version']'. Please recheck the objects properties to make sure the desired element is located. 

24-10-2024T23:42:41 - [MESSAGE][WARNING] - [SELF-HEALING] Failed to find element with id 'Object Repository/IWP30/Page_VRelay30Emulator/MV'. Try using Self-healing.

24-10-2024T23:42:41 - [MESSAGE][WARNING] - [SELF-HEALING] The current locator of test object 'Object Repository/IWP30/Page_VRelay30Emulator/MV' was broken. Propose an alternative one: '(.//*[normalize-space(text()) and normalize-space(.)='Message Version'])[1]/following::select[1]'.

24-10-2024T23:42:42 - [MESSAGE][PASSED] - All options with value '3.0' are selected in object 'Object Repository/IWP30/Page_VRelay30Emulator/MV'  using regular expression

24-10-2024T23:42:42 - [MESSAGE][PASSED] - Text '10.50' is set on object 'Object Repository/IWP30/Page_EmulatorAgencyX/Amount'

24-10-2024T23:42:43 - [MESSAGE][PASSED] - Text 'DQPf9TYDSRfQ' is set on object 'Object Repository/IWP30/Page_EmulatorAgencyX/CAN'

24-10-2024T23:42:43 - [MESSAGE][PASSED] - Text 'PayNow' is set on object 'Object Repository/IWP30/Page_EmulatorAgencyX/Action'

24-10-2024T23:42:44 - [MESSAGE][PASSED] - Text 'en_US' is set on object 'Object Repository/IWP30/Page_EmulatorAgencyX/Lang'

24-10-2024T23:42:45 - [MESSAGE][PASSED] - Text 'Jasmine' is set on object 'Object Repository/IWP30/Page_EmulatorAgencyX/Fname'

24-10-2024T23:42:45 - [MESSAGE][PASSED] - Text 'Patrinol' is set on object 'Object Repository/IWP30/Page_EmulatorAgencyX/Lname'

24-10-2024T23:42:46 - [MESSAGE][PASSED] - Text '258 Underwood rd' is set on object 'Object Repository/IWP30/Page_EmulatorAgencyX/AL1'

24-10-2024T23:42:46 - [MESSAGE][PASSED] - Text 'Suite 600' is set on object 'Object Repository/IWP30/Page_EmulatorAgencyX/AL2'

24-10-2024T23:42:47 - [MESSAGE][PASSED] - Text '840' is set on object 'Object Repository/IWP30/Page_EmulatorAgencyX/Country'

24-10-2024T23:42:48 - [MESSAGE][PASSED] - Text 'Arlington' is set on object 'Object Repository/IWP30/Page_EmulatorAgencyX/City'

24-10-2024T23:42:48 - [MESSAGE][PASSED] - Text 'VA' is set on object 'Object Repository/IWP30/Page_EmulatorAgencyX/State'

24-10-2024T23:42:49 - [MESSAGE][PASSED] - Text '22201' is set on object 'Object Repository/IWP30/Page_EmulatorAgencyX/ZIP'

24-10-2024T23:42:49 - [MESSAGE][PASSED] - Text '' is set on object 'Object Repository/IWP30/Page_EmulatorAgencyX/Order'

24-10-2024T23:42:50 - [MESSAGE][PASSED] - Text 'Some Company' is set on object 'Object Repository/IWP30/Page_EmulatorAgencyX/Company'

24-10-2024T23:42:50 - [MESSAGE][PASSED] - Text 'iahmed@govolution.com' is set on object 'Object Repository/IWP30/Page_EmulatorAgencyX/Email'

24-10-2024T23:42:51 - [MESSAGE][PASSED] - Text 'udf data 1' is set on object 'Object Repository/IWP30/Page_EmulatorAgencyX/UDF1'

24-10-2024T23:42:52 - [MESSAGE][PASSED] - Text 'udf data 2' is set on object 'Object Repository/IWP30/Page_EmulatorAgencyX/UDF2'

24-10-2024T23:42:52 - [MESSAGE][PASSED] - Text 'udf data 3' is set on object 'Object Repository/IWP30/Page_EmulatorAgencyX/UDF3'

24-10-2024T23:42:53 - [MESSAGE][PASSED] - Text 'udf data 4' is set on object 'Object Repository/IWP30/Page_EmulatorAgencyX/UDF4'

24-10-2024T23:42:53 - [MESSAGE][PASSED] - Text 'udf data 5' is set on object 'Object Repository/IWP30/Page_EmulatorAgencyX/UDF5'

24-10-2024T23:42:54 - [MESSAGE][PASSED] - Text 'udf data 6' is set on object 'Object Repository/IWP30/Page_EmulatorAgencyX/UDF6'

24-10-2024T23:42:55 - [MESSAGE][PASSED] - Text 'Orange' is set on object 'Object Repository/IWP30/Page_EmulatorAgencyX/UDF7'

24-10-2024T23:42:55 - [MESSAGE][PASSED] - Text 'Soccer' is set on object 'Object Repository/IWP30/Page_EmulatorAgencyX/UDF8'

24-10-2024T23:42:56 - [MESSAGE][PASSED] - Text 'udf data 9' is set on object 'Object Repository/IWP30/Page_EmulatorAgencyX/UDF9'

24-10-2024T23:42:56 - [MESSAGE][PASSED] - Text 'udf data 10' is set on object 'Object Repository/IWP30/Page_EmulatorAgencyX/UDF10'

24-10-2024T23:42:58 - [MESSAGE][PASSED] - Object: 'Object Repository/IWP30/Page_EmulatorAgencyX/Submit' is clicked on

24-10-2024T23:43:02 - [MESSAGE][PASSED] - Browser is closed

24-10-2024T23:43:06 - [MESSAGE][PASSED] - iwpPages.emulatorIWP30.setDataEmulator_DD is PASSED

24-10-2024T23:43:06 - [TEST_STEP][PASSED] - testHarnessURL = urlTestHarness: null

24-10-2024T23:43:06 - [TEST_STEP][PASSED] - openBrowser(testHarnessURL): Browser is opened with url: 'https://dev-algorithm.govolution.com/vrelaytest/QA2/version_2_2/vrelaytest.html'

24-10-2024T23:43:06 - [MESSAGE][INFO] - Starting 'Edge Chromium' driver

24-10-2024T23:43:06 - [MESSAGE][INFO] - User set preference: ['acceptInsecureCerts', 'true']

24-10-2024T23:43:08 - [MESSAGE][INFO] - Action delay is set to 0 milliseconds

24-10-2024T23:43:12 - [MESSAGE][PASSED] - Browser is opened with url: 'https://dev-algorithm.govolution.com/vrelaytest/QA2/version_2_2/vrelaytest.html'

24-10-2024T23:43:12 - [TEST_STEP][PASSED] - maximizeWindow(): Current window maximized

24-10-2024T23:43:12 - [MESSAGE][PASSED] - Current window maximized

24-10-2024T23:43:12 - [TEST_STEP][PASSED] - iwpPages.TestHarnessPage.setDataMethod(row, dataFile): iwpPages.TestHarnessPage.setDataMethod is PASSED

24-10-2024T23:43:12 - [MESSAGE][PASSED] - Object 'Object Repository/IWP30/Page_QATestHarness/RemittanceID' is present

24-10-2024T23:43:13 - [MESSAGE][PASSED] - Text '650' is set on object 'Object Repository/IWP30/Page_QATestHarness/ApplicationID'

24-10-2024T23:43:14 - [MESSAGE][PASSED] - Text '3.0' is set on object 'Object Repository/IWP30/Page_QATestHarness/MessageVersion'

24-10-2024T23:43:14 - [MESSAGE][PASSED] - Text 'jz1DvsolQ2js' is set on object 'Object Repository/IWP30/Page_QATestHarness/RemittanceID'

24-10-2024T23:43:18 - [MESSAGE][PASSED] - Object: 'Object Repository/IWP30/Page_QATestHarness/SubmitButton' is clicked on

24-10-2024T23:43:18 - [MESSAGE][PASSED] - iwpPages.TestHarnessPage.setDataMethod is PASSED

24-10-2024T23:43:18 - [TEST_STEP][PASSED] - click(findTestObject("Object Repository/IWP30/Page_SelectPaymentMethod/PayByPersonalCheck")): Object: 'Object Repository/IWP30/Page_SelectPaymentMethod/PayByPersonalCheck' is clicked on

24-10-2024T23:43:18 - [MESSAGE][PASSED] - Object: 'Object Repository/IWP30/Page_SelectPaymentMethod/PayByPersonalCheck' is clicked on

24-10-2024T23:43:18 - [TEST_STEP][PASSED] - click(findTestObject("Object Repository/IWP30/Page_SelectPaymentMethod/MakePaymentButton")): Object: 'Object Repository/IWP30/Page_SelectPaymentMethod/MakePaymentButton' is clicked on

24-10-2024T23:43:21 - [MESSAGE][PASSED] - Object: 'Object Repository/IWP30/Page_SelectPaymentMethod/MakePaymentButton' is clicked on

24-10-2024T23:43:21 - [TEST_STEP][PASSED] - iwpPages.achPersonalPaymentEntryPage.setDataACHPPM(row, dataFile): iwpPages.achPersonalPaymentEntryPage.setDataACHPPM is PASSED

24-10-2024T23:43:22 - [MESSAGE][PASSED] - Object 'Object Repository/IWP30/Page_ACHPersonalPaymentEntry/txt_accountNumber' is present

24-10-2024T23:43:22 - [MESSAGE][PASSED] - Object 'Object Repository/IWP30/Page_ACHPersonalPaymentEntry/txt_UDF2' is present

24-10-2024T23:43:22 - [MESSAGE][PASSED] - All options with label 'Soccer' are selected in object 'Object Repository/IWP30/Page_ACHPersonalPaymentEntry/dd_UDF8' 

24-10-2024T23:43:23 - [MESSAGE][PASSED] - Object 'Object Repository/IWP30/Page_ACHPersonalPaymentEntry/txt_Firstname' is present

24-10-2024T23:43:23 - [MESSAGE][PASSED] - Text 'Elizath' is set on object 'Object Repository/IWP30/Page_ACHPersonalPaymentEntry/txt_Firstname'

24-10-2024T23:43:24 - [MESSAGE][PASSED] - Object 'Object Repository/IWP30/Page_ACHPersonalPaymentEntry/txt_Lastname' is present

24-10-2024T23:43:24 - [MESSAGE][PASSED] - Text 'Christine' is set on object 'Object Repository/IWP30/Page_ACHPersonalPaymentEntry/txt_Lastname'

24-10-2024T23:43:24 - [MESSAGE][PASSED] - Object 'Object Repository/IWP30/Page_ACHPersonalPaymentEntry/txt_routingNumber' is present

24-10-2024T23:43:25 - [MESSAGE][PASSED] - Text '256072691' is set on object 'Object Repository/IWP30/Page_ACHPersonalPaymentEntry/txt_routingNumber'

24-10-2024T23:43:25 - [MESSAGE][PASSED] - Object 'Object Repository/IWP30/Page_ACHPersonalPaymentEntry/txt_accountNumber' is present

24-10-2024T23:43:27 - [MESSAGE][PASSED] - Text '12344444' is set on object 'Object Repository/IWP30/Page_ACHPersonalPaymentEntry/txt_accountNumber'

24-10-2024T23:43:27 - [MESSAGE][PASSED] - Object 'Object Repository/IWP30/Page_ACHPersonalPaymentEntry/txt_confirmAccountNumber' is present

24-10-2024T23:43:28 - [MESSAGE][PASSED] - Text '12344444' is set on object 'Object Repository/IWP30/Page_ACHPersonalPaymentEntry/txt_confirmAccountNumber'

24-10-2024T23:43:28 - [MESSAGE][PASSED] - Object 'Object Repository/IWP30/Page_ACHPersonalPaymentEntry/rd_accountType' is present

24-10-2024T23:43:28 - [MESSAGE][PASSED] - Modify property of object successfully

24-10-2024T23:43:28 - [MESSAGE][PASSED] - Object: 'Object Repository/IWP30/Page_ACHPersonalPaymentEntry/rd_accountType' is clicked on

24-10-2024T23:43:28 - [MESSAGE][PASSED] - Object 'Object Repository/IWP30/Page_ACHPersonalPaymentEntry/txt_Email' is present

24-10-2024T23:43:29 - [MESSAGE][PASSED] - Object 'Object Repository/IWP30/Page_ACHPersonalPaymentEntry/cb_TermsAndCond' is present

24-10-2024T23:43:29 - [MESSAGE][PASSED] - Object: 'Object Repository/IWP30/Page_ACHPersonalPaymentEntry/cb_TermsAndCond' is clicked on

24-10-2024T23:43:29 - [MESSAGE][PASSED] - Object 'Object Repository/IWP30/Page_ACHPersonalPaymentEntry/btn_Continue' is present

24-10-2024T23:43:30 - [MESSAGE][PASSED] - Object: 'Object Repository/IWP30/Page_ACHPersonalPaymentEntry/btn_Continue' is clicked on

24-10-2024T23:43:30 - [MESSAGE][PASSED] - iwpPages.achPersonalPaymentEntryPage.setDataACHPPM is PASSED

24-10-2024T23:43:30 - [TEST_STEP][PASSED] - click(findTestObject("Object Repository/IWP30/Page_Confirmation/ConfirmButton")): Object: 'Object Repository/IWP30/Page_Confirmation/ConfirmButton' is clicked on

24-10-2024T23:44:01 - [MESSAGE][INFO] - Unable to find the element located by 'By.xpath: //*[@type = 'submit' and @name = 'confirmNotifyAction' and @id = 'submitYes' and @value = 'Confirm']'. Please recheck the objects properties to make sure the desired element is located. 

24-10-2024T23:44:01 - [MESSAGE][WARNING] - [SELF-HEALING] Failed to find element with id 'Object Repository/IWP30/Page_Confirmation/ConfirmButton'. Try using Self-healing.

24-10-2024T23:44:02 - [MESSAGE][WARNING] - [SELF-HEALING] The current locator of test object 'Object Repository/IWP30/Page_Confirmation/ConfirmButton' was broken. Propose an alternative one: '//div/input'.

24-10-2024T23:44:03 - [MESSAGE][PASSED] - Object: 'Object Repository/IWP30/Page_Confirmation/ConfirmButton' is clicked on

24-10-2024T23:44:03 - [TEST_STEP][PASSED] - Thread.sleep(5000): null

24-10-2024T23:44:08 - [TEST_STEP][PASSED] - if (verifyTextPresent("Make a Real Estate Payment", false)): null

24-10-2024T23:44:09 - [MESSAGE][PASSED] - Text 'Make a Real Estate Payment' is present on page 

24-10-2024T23:44:09 - [TEST_STEP][PASSED] - isRequiredTextPresent = true: null

24-10-2024T23:44:09 - [TEST_STEP][PASSED] - println(isRequiredTextPresent): null

24-10-2024T23:44:09 - [TEST_STEP][PASSED] - if (isRequiredTextPresent): null

24-10-2024T23:44:09 - [TEST_STEP][PASSED] - if (verifyTextPresent("This transaction is subject to a Convenience Fees of $2.00.", false)): null

24-10-2024T23:44:09 - [MESSAGE][PASSED] - Text 'This transaction is subject to a Convenience Fees of $2.00.' is present on page 

24-10-2024T23:44:09 - [TEST_STEP][PASSED] - isRequiredTextPresent = true: null

24-10-2024T23:44:09 - [TEST_STEP][PASSED] - println(isRequiredTextPresent): null

24-10-2024T23:44:09 - [TEST_STEP][PASSED] - if (isRequiredTextPresent): null

24-10-2024T23:44:09 - [TEST_STEP][PASSED] - if (verifyTextPresent("Payment Amount:  $10.50", false)): null

24-10-2024T23:44:09 - [MESSAGE][PASSED] - Text 'Payment Amount:  $10.50' is present on page 

24-10-2024T23:44:09 - [TEST_STEP][PASSED] - isRequiredTextPresent = true: null

24-10-2024T23:44:09 - [TEST_STEP][PASSED] - if (isRequiredTextPresent): null

24-10-2024T23:44:09 - [TEST_STEP][PASSED] - if (verifyTextPresent("Convenience Fees:  $2.00", false)): null

24-10-2024T23:44:09 - [MESSAGE][PASSED] - Text 'Convenience Fees:  $2.00' is present on page 

24-10-2024T23:44:09 - [TEST_STEP][PASSED] - isRequiredTextPresent = true: null

24-10-2024T23:44:09 - [TEST_STEP][PASSED] - if (isRequiredTextPresent): null

24-10-2024T23:44:09 - [TEST_STEP][PASSED] - if (verifyTextPresent("Total Amount:  $12.50", false)): null

24-10-2024T23:44:10 - [MESSAGE][PASSED] - Text 'Total Amount:  $12.50' is present on page 

24-10-2024T23:44:10 - [TEST_STEP][PASSED] - isRequiredTextPresent = true: null

24-10-2024T23:44:10 - [TEST_STEP][PASSED] - if (isRequiredTextPresent): null

24-10-2024T23:44:10 - [TEST_STEP][PASSED] - if (verifyTextPresent("One transaction in the amount of $12.50 will appear on your bank statement.", false)): null

24-10-2024T23:44:10 - [MESSAGE][PASSED] - Text 'One transaction in the amount of $12.50 will appear on your bank statement.' is present on page 

24-10-2024T23:44:10 - [TEST_STEP][PASSED] - isRequiredTextPresent = true: null

24-10-2024T23:44:10 - [TEST_STEP][PASSED] - Thread.sleep(10000): null

24-10-2024T23:44:20 - [TEST_STEP][PASSED] - click(findTestObject("Object Repository/IWP30/Page_ConvenienceFees/btn_convFeeNotifyAction")): Object: 'Object Repository/IWP30/Page_ConvenienceFees/btn_convFeeNotifyAction' is clicked on

24-10-2024T23:44:22 - [MESSAGE][PASSED] - Object: 'Object Repository/IWP30/Page_ConvenienceFees/btn_convFeeNotifyAction' is clicked on

24-10-2024T23:44:22 - [TEST_STEP][PASSED] - Thread.sleep(10000): null

24-10-2024T23:44:32 - [TEST_STEP][PASSED] - if (verifyTextPresent("Successful Payment Receipt", false)): null

24-10-2024T23:44:32 - [MESSAGE][PASSED] - Text 'Successful Payment Receipt' is present on page 

24-10-2024T23:44:32 - [TEST_STEP][PASSED] - println("Successful Payment Receipt text is present on the Receipt page"): null

24-10-2024T23:44:32 - [TEST_STEP][PASSED] - markPassed("Successful Payment Receipt text is present on the Receipt page"): Successful Payment Receipt text is present on the Receipt page

24-10-2024T23:44:32 - [MESSAGE][PASSED] - Successful Payment Receipt text is present on the Receipt page

24-10-2024T23:44:32 - [TEST_STEP][PASSED] - resText = "Pass": null

24-10-2024T23:44:32 - [TEST_STEP][PASSED] - pages.WriteExcel.demoKey(resText, datText, resColumn, datCloumn, fileLoc, nameSheet, row): pages.WriteExcel.demoKey is PASSED

24-10-2024T23:44:32 - [MESSAGE][PASSED] - pages.WriteExcel.demoKey is PASSED

24-10-2024T23:44:32 - [TEST_STEP][PASSED] - closeBrowser(): Browser is closed

24-10-2024T23:44:33 - [MESSAGE][PASSED] - Browser is closed]]></system-out>
         <system-err><![CDATA[]]></system-err>
      </testcase>
      <testcase name="Test Cases/IntegratedWeb/IWP25/Payments/PayNowPersonalSavingsDCF" time="549.32" classname="Test Cases/IntegratedWeb/IWP25/Payments/PayNowPersonalSavingsDCF" status="PASSED">
         <system-out><![CDATA[24-10-2024T23:44:33 - [TEST_CASE][PASSED] - Test Cases/IntegratedWeb/IWP25/Payments/PayNowPersonalSavingsDCF: Test Cases/IntegratedWeb/IWP25/Payments/PayNowPersonalSavingsDCF

24-10-2024T23:44:33 - [TEST_STEP][PASSED] - resText = "Fail": null

24-10-2024T23:44:33 - [TEST_STEP][PASSED] - resColumn = "Result": null

24-10-2024T23:44:33 - [TEST_STEP][PASSED] - datCloumn = "Date": null

24-10-2024T23:44:33 - [TEST_STEP][PASSED] - fileLoc = "KatalonData/IWPTestData/VRelay25Payments.xlsx": null

24-10-2024T23:44:33 - [TEST_STEP][PASSED] - numOfRows = <not implemented yet for class: org.codehaus.groovy.ast.expr.EmptyExpression>: null

24-10-2024T23:44:33 - [TEST_STEP][PASSED] - dataFile = <not implemented yet for class: org.codehaus.groovy.ast.expr.EmptyExpression>: null

24-10-2024T23:44:33 - [TEST_STEP][PASSED] - nameSheet = <not implemented yet for class: org.codehaus.groovy.ast.expr.EmptyExpression>: null

24-10-2024T23:44:33 - [TEST_STEP][PASSED] - dataFileEmulator = <not implemented yet for class: org.codehaus.groovy.ast.expr.EmptyExpression>: null

24-10-2024T23:44:33 - [TEST_STEP][PASSED] - isRequiredTextPresent = false: null

24-10-2024T23:44:33 - [TEST_STEP][PASSED] - nameSheet = "PayNowPersonalCheckDCF": null

24-10-2024T23:44:33 - [TEST_STEP][PASSED] - dataFile = "IWPTestData/IWP25PayNowPersonalCheckDCF": null

24-10-2024T23:44:33 - [TEST_STEP][PASSED] - dataFileEmulator = "IWPTestData/EmulatorData": null

24-10-2024T23:44:33 - [TEST_STEP][PASSED] - numOfRows = findTestData(dataFile).getRowNumbers(): null

24-10-2024T23:44:33 - [TEST_STEP][PASSED] - println("Number of Records: " + numOfRows): null

24-10-2024T23:44:33 - [TEST_STEP][PASSED] - for ([row = 1, row <= numOfRows, (row++)]): Browser is closed

24-10-2024T23:44:33 - [TEST_STEP][PASSED] - ExecuteTC = findTestData(dataFile).getValue("Execute", row): null

24-10-2024T23:44:33 - [TEST_STEP][PASSED] - out.println("Value of Execute is : " + ExecuteTC): null

24-10-2024T23:44:33 - [TEST_STEP][PASSED] - if (ExecuteTC.equalsIgnoreCase("Y")): null

24-10-2024T23:44:33 - [TEST_STEP][PASSED] - out.println("Begin Record Number: " + row): null

24-10-2024T23:44:33 - [TEST_STEP][PASSED] - today = new java.util.Date(): null

24-10-2024T23:44:33 - [TEST_STEP][PASSED] - println(today): null

24-10-2024T23:44:33 - [TEST_STEP][PASSED] - datText = today: null

24-10-2024T23:44:33 - [TEST_STEP][PASSED] - EmulatorDataKey = findTestData(dataFile).getValue("EmulatorData", row): null

24-10-2024T23:44:33 - [TEST_STEP][PASSED] - out.println("Value of Emulator Key is : " + EmulatorDataKey): null

24-10-2024T23:44:33 - [TEST_STEP][PASSED] - iwpPages.emulatorIWP30.setDataEmulator_DD(EmulatorDataKey): iwpPages.emulatorIWP30.setDataEmulator_DD is PASSED

24-10-2024T23:44:33 - [MESSAGE][INFO] - Starting 'Edge Chromium' driver

24-10-2024T23:44:33 - [MESSAGE][INFO] - User set preference: ['acceptInsecureCerts', 'true']

24-10-2024T23:44:35 - [MESSAGE][INFO] - Action delay is set to 0 milliseconds

24-10-2024T23:44:39 - [MESSAGE][PASSED] - Browser is opened with url: 'https://qa2.velocitypayment.com/agencyx/config.action?action=editor&message_version=2_5'

24-10-2024T23:44:39 - [MESSAGE][PASSED] - Current window maximized

24-10-2024T23:45:11 - [MESSAGE][INFO] - Unable to find the element located by 'By.xpath: //select[@name='message_version']'. Please recheck the objects properties to make sure the desired element is located. 

24-10-2024T23:45:11 - [MESSAGE][WARNING] - [SELF-HEALING] Failed to find element with id 'Object Repository/IWP30/Page_VRelay30Emulator/MV'. Try using Self-healing.

24-10-2024T23:45:11 - [MESSAGE][WARNING] - [SELF-HEALING] The current locator of test object 'Object Repository/IWP30/Page_VRelay30Emulator/MV' was broken. Propose an alternative one: '(.//*[normalize-space(text()) and normalize-space(.)='Message Version'])[1]/following::select[1]'.

24-10-2024T23:45:12 - [MESSAGE][PASSED] - All options with value '2.5' are selected in object 'Object Repository/IWP30/Page_VRelay30Emulator/MV'  using regular expression

24-10-2024T23:45:12 - [MESSAGE][PASSED] - Text '10.50' is set on object 'Object Repository/IWP30/Page_EmulatorAgencyX/Amount'

24-10-2024T23:45:13 - [MESSAGE][PASSED] - Text 'AS4E6wZhnwSh' is set on object 'Object Repository/IWP30/Page_EmulatorAgencyX/CAN'

24-10-2024T23:45:13 - [MESSAGE][PASSED] - Text 'PayNow' is set on object 'Object Repository/IWP30/Page_EmulatorAgencyX/Action'

24-10-2024T23:45:14 - [MESSAGE][PASSED] - Text 'en_US' is set on object 'Object Repository/IWP30/Page_EmulatorAgencyX/Lang'

24-10-2024T23:45:15 - [MESSAGE][PASSED] - Text '' is set on object 'Object Repository/IWP30/Page_EmulatorAgencyX/Fname'

24-10-2024T23:45:15 - [MESSAGE][PASSED] - Text '' is set on object 'Object Repository/IWP30/Page_EmulatorAgencyX/Lname'

24-10-2024T23:45:16 - [MESSAGE][PASSED] - Text '' is set on object 'Object Repository/IWP30/Page_EmulatorAgencyX/AL1'

24-10-2024T23:45:16 - [MESSAGE][PASSED] - Text '' is set on object 'Object Repository/IWP30/Page_EmulatorAgencyX/AL2'

24-10-2024T23:45:17 - [MESSAGE][PASSED] - Text '' is set on object 'Object Repository/IWP30/Page_EmulatorAgencyX/Country'

24-10-2024T23:45:17 - [MESSAGE][PASSED] - Text '' is set on object 'Object Repository/IWP30/Page_EmulatorAgencyX/City'

24-10-2024T23:45:18 - [MESSAGE][PASSED] - Text '' is set on object 'Object Repository/IWP30/Page_EmulatorAgencyX/State'

24-10-2024T23:45:19 - [MESSAGE][PASSED] - Text '' is set on object 'Object Repository/IWP30/Page_EmulatorAgencyX/ZIP'

24-10-2024T23:45:19 - [MESSAGE][PASSED] - Text '' is set on object 'Object Repository/IWP30/Page_EmulatorAgencyX/Order'

24-10-2024T23:45:20 - [MESSAGE][PASSED] - Text '' is set on object 'Object Repository/IWP30/Page_EmulatorAgencyX/Company'

24-10-2024T23:45:20 - [MESSAGE][PASSED] - Text '' is set on object 'Object Repository/IWP30/Page_EmulatorAgencyX/Email'

24-10-2024T23:45:21 - [MESSAGE][PASSED] - Text '' is set on object 'Object Repository/IWP30/Page_EmulatorAgencyX/UDF1'

24-10-2024T23:45:21 - [MESSAGE][PASSED] - Text '' is set on object 'Object Repository/IWP30/Page_EmulatorAgencyX/UDF2'

24-10-2024T23:45:22 - [MESSAGE][PASSED] - Text '' is set on object 'Object Repository/IWP30/Page_EmulatorAgencyX/UDF3'

24-10-2024T23:45:23 - [MESSAGE][PASSED] - Text 'udf data 4' is set on object 'Object Repository/IWP30/Page_EmulatorAgencyX/UDF4'

24-10-2024T23:45:23 - [MESSAGE][PASSED] - Text 'udf data 5' is set on object 'Object Repository/IWP30/Page_EmulatorAgencyX/UDF5'

24-10-2024T23:45:24 - [MESSAGE][PASSED] - Text '' is set on object 'Object Repository/IWP30/Page_EmulatorAgencyX/UDF6'

24-10-2024T23:45:24 - [MESSAGE][PASSED] - Text '' is set on object 'Object Repository/IWP30/Page_EmulatorAgencyX/UDF7'

24-10-2024T23:45:25 - [MESSAGE][PASSED] - Text '' is set on object 'Object Repository/IWP30/Page_EmulatorAgencyX/UDF8'

24-10-2024T23:45:26 - [MESSAGE][PASSED] - Text 'udf data 9' is set on object 'Object Repository/IWP30/Page_EmulatorAgencyX/UDF9'

24-10-2024T23:45:26 - [MESSAGE][PASSED] - Text 'udf data 10' is set on object 'Object Repository/IWP30/Page_EmulatorAgencyX/UDF10'

24-10-2024T23:45:28 - [MESSAGE][PASSED] - Object: 'Object Repository/IWP30/Page_EmulatorAgencyX/Submit' is clicked on

24-10-2024T23:45:32 - [MESSAGE][PASSED] - Browser is closed

24-10-2024T23:45:36 - [MESSAGE][PASSED] - iwpPages.emulatorIWP30.setDataEmulator_DD is PASSED

24-10-2024T23:45:36 - [TEST_STEP][PASSED] - testHarnessURL = urlTestHarness: null

24-10-2024T23:45:36 - [TEST_STEP][PASSED] - openBrowser(testHarnessURL): Browser is opened with url: 'https://dev-algorithm.govolution.com/vrelaytest/QA2/version_2_2/vrelaytest.html'

24-10-2024T23:45:36 - [MESSAGE][INFO] - Starting 'Edge Chromium' driver

24-10-2024T23:45:36 - [MESSAGE][INFO] - User set preference: ['acceptInsecureCerts', 'true']

24-10-2024T23:45:38 - [MESSAGE][INFO] - Action delay is set to 0 milliseconds

24-10-2024T23:45:42 - [MESSAGE][PASSED] - Browser is opened with url: 'https://dev-algorithm.govolution.com/vrelaytest/QA2/version_2_2/vrelaytest.html'

24-10-2024T23:45:42 - [TEST_STEP][PASSED] - maximizeWindow(): Current window maximized

24-10-2024T23:45:42 - [MESSAGE][PASSED] - Current window maximized

24-10-2024T23:45:42 - [TEST_STEP][PASSED] - iwpPages.TestHarnessPage.setDataMethod(row, dataFile): iwpPages.TestHarnessPage.setDataMethod is PASSED

24-10-2024T23:45:42 - [MESSAGE][PASSED] - Object 'Object Repository/IWP30/Page_QATestHarness/RemittanceID' is present

24-10-2024T23:45:43 - [MESSAGE][PASSED] - Text '640' is set on object 'Object Repository/IWP30/Page_QATestHarness/ApplicationID'

24-10-2024T23:45:43 - [MESSAGE][PASSED] - Text '2.5' is set on object 'Object Repository/IWP30/Page_QATestHarness/MessageVersion'

24-10-2024T23:45:44 - [MESSAGE][PASSED] - Text 'XhSVWn3zba1x' is set on object 'Object Repository/IWP30/Page_QATestHarness/RemittanceID'

24-10-2024T23:45:48 - [MESSAGE][PASSED] - Object: 'Object Repository/IWP30/Page_QATestHarness/SubmitButton' is clicked on

24-10-2024T23:45:48 - [MESSAGE][PASSED] - iwpPages.TestHarnessPage.setDataMethod is PASSED

24-10-2024T23:45:48 - [TEST_STEP][PASSED] - click(findTestObject("Object Repository/IWP30/Page_SelectPaymentMethod/PayByPersonalCheck")): Object: 'Object Repository/IWP30/Page_SelectPaymentMethod/PayByPersonalCheck' is clicked on

24-10-2024T23:45:49 - [MESSAGE][PASSED] - Object: 'Object Repository/IWP30/Page_SelectPaymentMethod/PayByPersonalCheck' is clicked on

24-10-2024T23:45:49 - [TEST_STEP][PASSED] - click(findTestObject("Object Repository/IWP30/Page_SelectPaymentMethod/MakePaymentButton")): Object: 'Object Repository/IWP30/Page_SelectPaymentMethod/MakePaymentButton' is clicked on

24-10-2024T23:45:51 - [MESSAGE][PASSED] - Object: 'Object Repository/IWP30/Page_SelectPaymentMethod/MakePaymentButton' is clicked on

24-10-2024T23:45:51 - [TEST_STEP][PASSED] - iwpPages.achPersonalPaymentEntryPage.setDataACHPPM(row, dataFile): iwpPages.achPersonalPaymentEntryPage.setDataACHPPM is PASSED

24-10-2024T23:45:52 - [MESSAGE][PASSED] - Object 'Object Repository/IWP30/Page_ACHPersonalPaymentEntry/txt_accountNumber' is present

24-10-2024T23:45:53 - [MESSAGE][PASSED] - Text '10.50' is set on object 'Object Repository/IWP30/Page_ACHPersonalPaymentEntry/txt_Amount'

24-10-2024T23:45:53 - [MESSAGE][PASSED] - Object 'Object Repository/IWP30/Page_ACHPersonalPaymentEntry/txt_UDF2' is present

24-10-2024T23:45:54 - [MESSAGE][PASSED] - Text 'udf data 2' is set on object 'Object Repository/IWP30/Page_ACHPersonalPaymentEntry/txt_UDF2'

24-10-2024T23:45:54 - [MESSAGE][PASSED] - Text 'udf data 3' is set on object 'Object Repository/IWP30/Page_ACHPersonalPaymentEntry/txt_UDF3'

24-10-2024T23:45:55 - [MESSAGE][PASSED] - All options with label 'Orange' are selected in object 'Object Repository/IWP30/Page_ACHPersonalPaymentEntry/dd_UDF7' 

24-10-2024T23:45:55 - [MESSAGE][PASSED] - All options with label 'Soccer' are selected in object 'Object Repository/IWP30/Page_ACHPersonalPaymentEntry/dd_UDF8' 

24-10-2024T23:45:56 - [MESSAGE][PASSED] - Object 'Object Repository/IWP30/Page_ACHPersonalPaymentEntry/txt_Firstname' is present

24-10-2024T23:45:56 - [MESSAGE][PASSED] - Text 'Elizath' is set on object 'Object Repository/IWP30/Page_ACHPersonalPaymentEntry/txt_Firstname'

24-10-2024T23:45:56 - [MESSAGE][PASSED] - Object 'Object Repository/IWP30/Page_ACHPersonalPaymentEntry/txt_Lastname' is present

24-10-2024T23:45:57 - [MESSAGE][PASSED] - Text 'Christine' is set on object 'Object Repository/IWP30/Page_ACHPersonalPaymentEntry/txt_Lastname'

24-10-2024T23:45:57 - [MESSAGE][PASSED] - Object 'Object Repository/IWP30/Page_ACHPersonalPaymentEntry/txt_routingNumber' is present

24-10-2024T23:45:58 - [MESSAGE][PASSED] - Text '256072691' is set on object 'Object Repository/IWP30/Page_ACHPersonalPaymentEntry/txt_routingNumber'

24-10-2024T23:45:58 - [MESSAGE][PASSED] - Object 'Object Repository/IWP30/Page_ACHPersonalPaymentEntry/txt_accountNumber' is present

24-10-2024T23:45:59 - [MESSAGE][PASSED] - Text '12344444' is set on object 'Object Repository/IWP30/Page_ACHPersonalPaymentEntry/txt_accountNumber'

24-10-2024T23:46:00 - [MESSAGE][PASSED] - Object 'Object Repository/IWP30/Page_ACHPersonalPaymentEntry/txt_confirmAccountNumber' is present

24-10-2024T23:46:01 - [MESSAGE][PASSED] - Text '12344444' is set on object 'Object Repository/IWP30/Page_ACHPersonalPaymentEntry/txt_confirmAccountNumber'

24-10-2024T23:46:01 - [MESSAGE][PASSED] - Object 'Object Repository/IWP30/Page_ACHPersonalPaymentEntry/rd_accountType' is present

24-10-2024T23:46:01 - [MESSAGE][PASSED] - Modify property of object successfully

24-10-2024T23:46:01 - [MESSAGE][PASSED] - Object: 'Object Repository/IWP30/Page_ACHPersonalPaymentEntry/rd_accountType' is clicked on

24-10-2024T23:46:02 - [MESSAGE][PASSED] - Text '365 Main Avenue' is set on object 'Object Repository/IWP30/Page_ACHPersonalPaymentEntry/txt_AL1'

24-10-2024T23:46:03 - [MESSAGE][PASSED] - Text '22201' is set on object 'Object Repository/IWP30/Page_ACHPersonalPaymentEntry/txt_ZIP'

24-10-2024T23:46:03 - [MESSAGE][PASSED] - Object 'Object Repository/IWP30/Page_ACHPersonalPaymentEntry/txt_Email' is present

24-10-2024T23:46:04 - [MESSAGE][PASSED] - Text 'iahmed@govolution.com' is set on object 'Object Repository/IWP30/Page_ACHPersonalPaymentEntry/txt_Email'

24-10-2024T23:46:04 - [MESSAGE][PASSED] - Object 'Object Repository/IWP30/Page_ACHPersonalPaymentEntry/cb_TermsAndCond' is present

24-10-2024T23:46:05 - [MESSAGE][PASSED] - Object: 'Object Repository/IWP30/Page_ACHPersonalPaymentEntry/cb_TermsAndCond' is clicked on

24-10-2024T23:46:05 - [MESSAGE][PASSED] - Object 'Object Repository/IWP30/Page_ACHPersonalPaymentEntry/btn_Continue' is present

24-10-2024T23:46:06 - [MESSAGE][PASSED] - Object: 'Object Repository/IWP30/Page_ACHPersonalPaymentEntry/btn_Continue' is clicked on

24-10-2024T23:46:06 - [MESSAGE][PASSED] - iwpPages.achPersonalPaymentEntryPage.setDataACHPPM is PASSED

24-10-2024T23:46:06 - [TEST_STEP][PASSED] - click(findTestObject("Object Repository/IWP30/Page_Confirmation/ConfirmButton")): Object: 'Object Repository/IWP30/Page_Confirmation/ConfirmButton' is clicked on

24-10-2024T23:46:08 - [MESSAGE][PASSED] - Object: 'Object Repository/IWP30/Page_Confirmation/ConfirmButton' is clicked on

24-10-2024T23:46:08 - [TEST_STEP][PASSED] - Thread.sleep(5000): null

24-10-2024T23:46:13 - [TEST_STEP][PASSED] - println("I am on real estate page"): null

24-10-2024T23:46:13 - [TEST_STEP][PASSED] - if (verifyTextPresent("Make a Real Estate Payment", false)): null

24-10-2024T23:46:13 - [MESSAGE][PASSED] - Text 'Make a Real Estate Payment' is present on page 

24-10-2024T23:46:13 - [TEST_STEP][PASSED] - isRequiredTextPresent = true: null

24-10-2024T23:46:13 - [TEST_STEP][PASSED] - println(isRequiredTextPresent): null

24-10-2024T23:46:13 - [TEST_STEP][PASSED] - if (isRequiredTextPresent): null

24-10-2024T23:46:13 - [TEST_STEP][PASSED] - if (verifyTextPresent("This transaction is subject to a Convenience Fees of $2.00.", false)): null

24-10-2024T23:46:14 - [MESSAGE][PASSED] - Text 'This transaction is subject to a Convenience Fees of $2.00.' is present on page 

24-10-2024T23:46:14 - [TEST_STEP][PASSED] - isRequiredTextPresent = true: null

24-10-2024T23:46:14 - [TEST_STEP][PASSED] - println(isRequiredTextPresent): null

24-10-2024T23:46:14 - [TEST_STEP][PASSED] - if (isRequiredTextPresent): null

24-10-2024T23:46:14 - [TEST_STEP][PASSED] - if (verifyTextPresent("Payment Amount:  $10.50", false)): null

24-10-2024T23:46:14 - [MESSAGE][PASSED] - Text 'Payment Amount:  $10.50' is present on page 

24-10-2024T23:46:14 - [TEST_STEP][PASSED] - isRequiredTextPresent = true: null

24-10-2024T23:46:14 - [TEST_STEP][PASSED] - if (isRequiredTextPresent): null

24-10-2024T23:46:14 - [TEST_STEP][PASSED] - if (verifyTextPresent("Convenience Fees:  $2.00", false)): null

24-10-2024T23:46:14 - [MESSAGE][PASSED] - Text 'Convenience Fees:  $2.00' is present on page 

24-10-2024T23:46:14 - [TEST_STEP][PASSED] - isRequiredTextPresent = true: null

24-10-2024T23:46:14 - [TEST_STEP][PASSED] - if (isRequiredTextPresent): null

24-10-2024T23:46:14 - [TEST_STEP][PASSED] - if (verifyTextPresent("Total Amount:  $12.50", false)): null

24-10-2024T23:46:14 - [MESSAGE][PASSED] - Text 'Total Amount:  $12.50' is present on page 

24-10-2024T23:46:14 - [TEST_STEP][PASSED] - isRequiredTextPresent = true: null

24-10-2024T23:46:14 - [TEST_STEP][PASSED] - if (isRequiredTextPresent): null

24-10-2024T23:46:14 - [TEST_STEP][PASSED] - if (verifyTextPresent("Two transactions will appear on your bank statement, one in the amount of $10.50 and one in the amount of $2.00.", false)): null

24-10-2024T23:46:15 - [MESSAGE][PASSED] - Text 'Two transactions will appear on your bank statement, one in the amount of $10.50 and one in the amount of $2.00.' is present on page 

24-10-2024T23:46:15 - [TEST_STEP][PASSED] - isRequiredTextPresent = true: null

24-10-2024T23:46:15 - [TEST_STEP][PASSED] - Thread.sleep(10000): null

24-10-2024T23:46:25 - [TEST_STEP][PASSED] - click(findTestObject("Object Repository/IWP30/Page_ConvenienceFees/btn_convFeeNotifyAction")): Object: 'Object Repository/IWP30/Page_ConvenienceFees/btn_convFeeNotifyAction' is clicked on

24-10-2024T23:46:27 - [MESSAGE][PASSED] - Object: 'Object Repository/IWP30/Page_ConvenienceFees/btn_convFeeNotifyAction' is clicked on

24-10-2024T23:46:27 - [TEST_STEP][PASSED] - Thread.sleep(10000): null

24-10-2024T23:46:37 - [TEST_STEP][PASSED] - if (verifyTextPresent("Successful Payment Receipt", false)): null

24-10-2024T23:46:37 - [MESSAGE][PASSED] - Text 'Successful Payment Receipt' is present on page 

24-10-2024T23:46:37 - [TEST_STEP][PASSED] - println("Successful Payment Receipt text is present on the Receipt page"): null

24-10-2024T23:46:37 - [TEST_STEP][PASSED] - markPassed("Successful Payment Receipt text is present on the Receipt page"): Successful Payment Receipt text is present on the Receipt page

24-10-2024T23:46:37 - [MESSAGE][PASSED] - Successful Payment Receipt text is present on the Receipt page

24-10-2024T23:46:37 - [TEST_STEP][PASSED] - resText = "Pass": null

24-10-2024T23:46:37 - [TEST_STEP][PASSED] - pages.WriteExcel.demoKey(resText, datText, resColumn, datCloumn, fileLoc, nameSheet, row): pages.WriteExcel.demoKey is PASSED

24-10-2024T23:46:37 - [MESSAGE][PASSED] - pages.WriteExcel.demoKey is PASSED

24-10-2024T23:46:37 - [TEST_STEP][PASSED] - closeBrowser(): Browser is closed

24-10-2024T23:46:38 - [MESSAGE][PASSED] - Browser is closed

24-10-2024T23:46:38 - [TEST_STEP][PASSED] - ExecuteTC = findTestData(dataFile).getValue("Execute", row): null

24-10-2024T23:46:38 - [TEST_STEP][PASSED] - out.println("Value of Execute is : " + ExecuteTC): null

24-10-2024T23:46:38 - [TEST_STEP][PASSED] - if (ExecuteTC.equalsIgnoreCase("Y")): null

24-10-2024T23:46:38 - [TEST_STEP][PASSED] - out.println("Begin Record Number: " + row): null

24-10-2024T23:46:38 - [TEST_STEP][PASSED] - today = new java.util.Date(): null

24-10-2024T23:46:38 - [TEST_STEP][PASSED] - println(today): null

24-10-2024T23:46:38 - [TEST_STEP][PASSED] - datText = today: null

24-10-2024T23:46:38 - [TEST_STEP][PASSED] - EmulatorDataKey = findTestData(dataFile).getValue("EmulatorData", row): null

24-10-2024T23:46:38 - [TEST_STEP][PASSED] - out.println("Value of Emulator Key is : " + EmulatorDataKey): null

24-10-2024T23:46:38 - [TEST_STEP][PASSED] - iwpPages.emulatorIWP30.setDataEmulator_DD(EmulatorDataKey): iwpPages.emulatorIWP30.setDataEmulator_DD is PASSED

24-10-2024T23:46:38 - [MESSAGE][INFO] - Starting 'Edge Chromium' driver

24-10-2024T23:46:38 - [MESSAGE][INFO] - User set preference: ['acceptInsecureCerts', 'true']

24-10-2024T23:46:40 - [MESSAGE][INFO] - Action delay is set to 0 milliseconds

24-10-2024T23:46:44 - [MESSAGE][PASSED] - Browser is opened with url: 'https://qa2.velocitypayment.com/agencyx/config.action?action=editor&message_version=2_5'

24-10-2024T23:46:44 - [MESSAGE][PASSED] - Current window maximized

24-10-2024T23:47:15 - [MESSAGE][INFO] - Unable to find the element located by 'By.xpath: //select[@name='message_version']'. Please recheck the objects properties to make sure the desired element is located. 

24-10-2024T23:47:15 - [MESSAGE][WARNING] - [SELF-HEALING] Failed to find element with id 'Object Repository/IWP30/Page_VRelay30Emulator/MV'. Try using Self-healing.

24-10-2024T23:47:15 - [MESSAGE][WARNING] - [SELF-HEALING] The current locator of test object 'Object Repository/IWP30/Page_VRelay30Emulator/MV' was broken. Propose an alternative one: '(.//*[normalize-space(text()) and normalize-space(.)='Message Version'])[1]/following::select[1]'.

24-10-2024T23:47:16 - [MESSAGE][PASSED] - All options with value '2.5' are selected in object 'Object Repository/IWP30/Page_VRelay30Emulator/MV'  using regular expression

24-10-2024T23:47:16 - [MESSAGE][PASSED] - Text '10.50' is set on object 'Object Repository/IWP30/Page_EmulatorAgencyX/Amount'

24-10-2024T23:47:17 - [MESSAGE][PASSED] - Text 'amErs2973ySR' is set on object 'Object Repository/IWP30/Page_EmulatorAgencyX/CAN'

24-10-2024T23:47:17 - [MESSAGE][PASSED] - Text 'PayNow' is set on object 'Object Repository/IWP30/Page_EmulatorAgencyX/Action'

24-10-2024T23:47:18 - [MESSAGE][PASSED] - Text 'en_US' is set on object 'Object Repository/IWP30/Page_EmulatorAgencyX/Lang'

24-10-2024T23:47:19 - [MESSAGE][PASSED] - Text 'Jasmine' is set on object 'Object Repository/IWP30/Page_EmulatorAgencyX/Fname'

24-10-2024T23:47:19 - [MESSAGE][PASSED] - Text 'Patrinol' is set on object 'Object Repository/IWP30/Page_EmulatorAgencyX/Lname'

24-10-2024T23:47:20 - [MESSAGE][PASSED] - Text '258 Underwood rd' is set on object 'Object Repository/IWP30/Page_EmulatorAgencyX/AL1'

24-10-2024T23:47:21 - [MESSAGE][PASSED] - Text 'Suite 600' is set on object 'Object Repository/IWP30/Page_EmulatorAgencyX/AL2'

24-10-2024T23:47:21 - [MESSAGE][PASSED] - Text '840' is set on object 'Object Repository/IWP30/Page_EmulatorAgencyX/Country'

24-10-2024T23:47:22 - [MESSAGE][PASSED] - Text 'Arlington' is set on object 'Object Repository/IWP30/Page_EmulatorAgencyX/City'

24-10-2024T23:47:22 - [MESSAGE][PASSED] - Text 'VA' is set on object 'Object Repository/IWP30/Page_EmulatorAgencyX/State'

24-10-2024T23:47:23 - [MESSAGE][PASSED] - Text '22201' is set on object 'Object Repository/IWP30/Page_EmulatorAgencyX/ZIP'

24-10-2024T23:47:23 - [MESSAGE][PASSED] - Text '' is set on object 'Object Repository/IWP30/Page_EmulatorAgencyX/Order'

24-10-2024T23:47:24 - [MESSAGE][PASSED] - Text 'Some Company' is set on object 'Object Repository/IWP30/Page_EmulatorAgencyX/Company'

24-10-2024T23:47:25 - [MESSAGE][PASSED] - Text 'iahmed@govolution.com' is set on object 'Object Repository/IWP30/Page_EmulatorAgencyX/Email'

24-10-2024T23:47:25 - [MESSAGE][PASSED] - Text 'udf data 1' is set on object 'Object Repository/IWP30/Page_EmulatorAgencyX/UDF1'

24-10-2024T23:47:26 - [MESSAGE][PASSED] - Text 'udf data 2' is set on object 'Object Repository/IWP30/Page_EmulatorAgencyX/UDF2'

24-10-2024T23:47:26 - [MESSAGE][PASSED] - Text 'udf data 3' is set on object 'Object Repository/IWP30/Page_EmulatorAgencyX/UDF3'

24-10-2024T23:47:27 - [MESSAGE][PASSED] - Text 'udf data 4' is set on object 'Object Repository/IWP30/Page_EmulatorAgencyX/UDF4'

24-10-2024T23:47:28 - [MESSAGE][PASSED] - Text 'udf data 5' is set on object 'Object Repository/IWP30/Page_EmulatorAgencyX/UDF5'

24-10-2024T23:47:28 - [MESSAGE][PASSED] - Text 'udf data 6' is set on object 'Object Repository/IWP30/Page_EmulatorAgencyX/UDF6'

24-10-2024T23:47:29 - [MESSAGE][PASSED] - Text 'Orange' is set on object 'Object Repository/IWP30/Page_EmulatorAgencyX/UDF7'

24-10-2024T23:47:29 - [MESSAGE][PASSED] - Text 'Soccer' is set on object 'Object Repository/IWP30/Page_EmulatorAgencyX/UDF8'

24-10-2024T23:47:30 - [MESSAGE][PASSED] - Text 'udf data 9' is set on object 'Object Repository/IWP30/Page_EmulatorAgencyX/UDF9'

24-10-2024T23:47:31 - [MESSAGE][PASSED] - Text 'udf data 10' is set on object 'Object Repository/IWP30/Page_EmulatorAgencyX/UDF10'

24-10-2024T23:47:32 - [MESSAGE][PASSED] - Object: 'Object Repository/IWP30/Page_EmulatorAgencyX/Submit' is clicked on

24-10-2024T23:47:36 - [MESSAGE][PASSED] - Browser is closed

24-10-2024T23:47:41 - [MESSAGE][PASSED] - iwpPages.emulatorIWP30.setDataEmulator_DD is PASSED

24-10-2024T23:47:41 - [TEST_STEP][PASSED] - testHarnessURL = urlTestHarness: null

24-10-2024T23:47:41 - [TEST_STEP][PASSED] - openBrowser(testHarnessURL): Browser is opened with url: 'https://dev-algorithm.govolution.com/vrelaytest/QA2/version_2_2/vrelaytest.html'

24-10-2024T23:47:41 - [MESSAGE][INFO] - Starting 'Edge Chromium' driver

24-10-2024T23:47:41 - [MESSAGE][INFO] - User set preference: ['acceptInsecureCerts', 'true']

24-10-2024T23:47:43 - [MESSAGE][INFO] - Action delay is set to 0 milliseconds

24-10-2024T23:47:46 - [MESSAGE][PASSED] - Browser is opened with url: 'https://dev-algorithm.govolution.com/vrelaytest/QA2/version_2_2/vrelaytest.html'

24-10-2024T23:47:46 - [TEST_STEP][PASSED] - maximizeWindow(): Current window maximized

24-10-2024T23:47:46 - [MESSAGE][PASSED] - Current window maximized

24-10-2024T23:47:46 - [TEST_STEP][PASSED] - iwpPages.TestHarnessPage.setDataMethod(row, dataFile): iwpPages.TestHarnessPage.setDataMethod is PASSED

24-10-2024T23:47:47 - [MESSAGE][PASSED] - Object 'Object Repository/IWP30/Page_QATestHarness/RemittanceID' is present

24-10-2024T23:47:47 - [MESSAGE][PASSED] - Text '640' is set on object 'Object Repository/IWP30/Page_QATestHarness/ApplicationID'

24-10-2024T23:47:48 - [MESSAGE][PASSED] - Text '2.5' is set on object 'Object Repository/IWP30/Page_QATestHarness/MessageVersion'

24-10-2024T23:47:48 - [MESSAGE][PASSED] - Text 'ZsEr2mQ01p8G' is set on object 'Object Repository/IWP30/Page_QATestHarness/RemittanceID'

24-10-2024T23:47:53 - [MESSAGE][PASSED] - Object: 'Object Repository/IWP30/Page_QATestHarness/SubmitButton' is clicked on

24-10-2024T23:47:53 - [MESSAGE][PASSED] - iwpPages.TestHarnessPage.setDataMethod is PASSED

24-10-2024T23:47:53 - [TEST_STEP][PASSED] - click(findTestObject("Object Repository/IWP30/Page_SelectPaymentMethod/PayByPersonalCheck")): Object: 'Object Repository/IWP30/Page_SelectPaymentMethod/PayByPersonalCheck' is clicked on

24-10-2024T23:47:53 - [MESSAGE][PASSED] - Object: 'Object Repository/IWP30/Page_SelectPaymentMethod/PayByPersonalCheck' is clicked on

24-10-2024T23:47:53 - [TEST_STEP][PASSED] - click(findTestObject("Object Repository/IWP30/Page_SelectPaymentMethod/MakePaymentButton")): Object: 'Object Repository/IWP30/Page_SelectPaymentMethod/MakePaymentButton' is clicked on

24-10-2024T23:47:56 - [MESSAGE][PASSED] - Object: 'Object Repository/IWP30/Page_SelectPaymentMethod/MakePaymentButton' is clicked on

24-10-2024T23:47:56 - [TEST_STEP][PASSED] - iwpPages.achPersonalPaymentEntryPage.setDataACHPPM(row, dataFile): iwpPages.achPersonalPaymentEntryPage.setDataACHPPM is PASSED

24-10-2024T23:47:57 - [MESSAGE][PASSED] - Object 'Object Repository/IWP30/Page_ACHPersonalPaymentEntry/txt_accountNumber' is present

24-10-2024T23:47:58 - [MESSAGE][PASSED] - Object 'Object Repository/IWP30/Page_ACHPersonalPaymentEntry/txt_UDF2' is present

24-10-2024T23:47:58 - [MESSAGE][PASSED] - All options with label 'Soccer' are selected in object 'Object Repository/IWP30/Page_ACHPersonalPaymentEntry/dd_UDF8' 

24-10-2024T23:47:58 - [MESSAGE][PASSED] - Object 'Object Repository/IWP30/Page_ACHPersonalPaymentEntry/txt_Firstname' is present

24-10-2024T23:47:59 - [MESSAGE][PASSED] - Text 'Elizath' is set on object 'Object Repository/IWP30/Page_ACHPersonalPaymentEntry/txt_Firstname'

24-10-2024T23:47:59 - [MESSAGE][PASSED] - Object 'Object Repository/IWP30/Page_ACHPersonalPaymentEntry/txt_Lastname' is present

24-10-2024T23:48:00 - [MESSAGE][PASSED] - Text 'Christine' is set on object 'Object Repository/IWP30/Page_ACHPersonalPaymentEntry/txt_Lastname'

24-10-2024T23:48:00 - [MESSAGE][PASSED] - Object 'Object Repository/IWP30/Page_ACHPersonalPaymentEntry/txt_routingNumber' is present

24-10-2024T23:48:01 - [MESSAGE][PASSED] - Text '256072691' is set on object 'Object Repository/IWP30/Page_ACHPersonalPaymentEntry/txt_routingNumber'

24-10-2024T23:48:01 - [MESSAGE][PASSED] - Object 'Object Repository/IWP30/Page_ACHPersonalPaymentEntry/txt_accountNumber' is present

24-10-2024T23:48:02 - [MESSAGE][PASSED] - Text '12344444' is set on object 'Object Repository/IWP30/Page_ACHPersonalPaymentEntry/txt_accountNumber'

24-10-2024T23:48:03 - [MESSAGE][PASSED] - Object 'Object Repository/IWP30/Page_ACHPersonalPaymentEntry/txt_confirmAccountNumber' is present

24-10-2024T23:48:03 - [MESSAGE][PASSED] - Text '12344444' is set on object 'Object Repository/IWP30/Page_ACHPersonalPaymentEntry/txt_confirmAccountNumber'

24-10-2024T23:48:04 - [MESSAGE][PASSED] - Object 'Object Repository/IWP30/Page_ACHPersonalPaymentEntry/rd_accountType' is present

24-10-2024T23:48:04 - [MESSAGE][PASSED] - Modify property of object successfully

24-10-2024T23:48:04 - [MESSAGE][PASSED] - Object: 'Object Repository/IWP30/Page_ACHPersonalPaymentEntry/rd_accountType' is clicked on

24-10-2024T23:48:04 - [MESSAGE][PASSED] - Object 'Object Repository/IWP30/Page_ACHPersonalPaymentEntry/txt_Email' is present

24-10-2024T23:48:04 - [MESSAGE][PASSED] - Object 'Object Repository/IWP30/Page_ACHPersonalPaymentEntry/cb_TermsAndCond' is present

24-10-2024T23:48:05 - [MESSAGE][PASSED] - Object: 'Object Repository/IWP30/Page_ACHPersonalPaymentEntry/cb_TermsAndCond' is clicked on

24-10-2024T23:48:05 - [MESSAGE][PASSED] - Object 'Object Repository/IWP30/Page_ACHPersonalPaymentEntry/btn_Continue' is present

24-10-2024T23:48:06 - [MESSAGE][PASSED] - Object: 'Object Repository/IWP30/Page_ACHPersonalPaymentEntry/btn_Continue' is clicked on

24-10-2024T23:48:06 - [MESSAGE][PASSED] - iwpPages.achPersonalPaymentEntryPage.setDataACHPPM is PASSED

24-10-2024T23:48:06 - [TEST_STEP][PASSED] - click(findTestObject("Object Repository/IWP30/Page_Confirmation/ConfirmButton")): Object: 'Object Repository/IWP30/Page_Confirmation/ConfirmButton' is clicked on

24-10-2024T23:48:08 - [MESSAGE][PASSED] - Object: 'Object Repository/IWP30/Page_Confirmation/ConfirmButton' is clicked on

24-10-2024T23:48:08 - [TEST_STEP][PASSED] - Thread.sleep(5000): null

24-10-2024T23:48:13 - [TEST_STEP][PASSED] - println("I am on real estate page"): null

24-10-2024T23:48:13 - [TEST_STEP][PASSED] - if (verifyTextPresent("Make a Real Estate Payment", false)): null

24-10-2024T23:48:14 - [MESSAGE][PASSED] - Text 'Make a Real Estate Payment' is present on page 

24-10-2024T23:48:14 - [TEST_STEP][PASSED] - isRequiredTextPresent = true: null

24-10-2024T23:48:14 - [TEST_STEP][PASSED] - println(isRequiredTextPresent): null

24-10-2024T23:48:14 - [TEST_STEP][PASSED] - if (isRequiredTextPresent): null

24-10-2024T23:48:14 - [TEST_STEP][PASSED] - if (verifyTextPresent("This transaction is subject to a Convenience Fees of $2.00.", false)): null

24-10-2024T23:48:14 - [MESSAGE][PASSED] - Text 'This transaction is subject to a Convenience Fees of $2.00.' is present on page 

24-10-2024T23:48:14 - [TEST_STEP][PASSED] - isRequiredTextPresent = true: null

24-10-2024T23:48:14 - [TEST_STEP][PASSED] - println(isRequiredTextPresent): null

24-10-2024T23:48:14 - [TEST_STEP][PASSED] - if (isRequiredTextPresent): null

24-10-2024T23:48:14 - [TEST_STEP][PASSED] - if (verifyTextPresent("Payment Amount:  $10.50", false)): null

24-10-2024T23:48:14 - [MESSAGE][PASSED] - Text 'Payment Amount:  $10.50' is present on page 

24-10-2024T23:48:14 - [TEST_STEP][PASSED] - isRequiredTextPresent = true: null

24-10-2024T23:48:14 - [TEST_STEP][PASSED] - if (isRequiredTextPresent): null

24-10-2024T23:48:14 - [TEST_STEP][PASSED] - if (verifyTextPresent("Convenience Fees:  $2.00", false)): null

24-10-2024T23:48:14 - [MESSAGE][PASSED] - Text 'Convenience Fees:  $2.00' is present on page 

24-10-2024T23:48:14 - [TEST_STEP][PASSED] - isRequiredTextPresent = true: null

24-10-2024T23:48:14 - [TEST_STEP][PASSED] - if (isRequiredTextPresent): null

24-10-2024T23:48:14 - [TEST_STEP][PASSED] - if (verifyTextPresent("Total Amount:  $12.50", false)): null

24-10-2024T23:48:15 - [MESSAGE][PASSED] - Text 'Total Amount:  $12.50' is present on page 

24-10-2024T23:48:15 - [TEST_STEP][PASSED] - isRequiredTextPresent = true: null

24-10-2024T23:48:15 - [TEST_STEP][PASSED] - if (isRequiredTextPresent): null

24-10-2024T23:48:15 - [TEST_STEP][PASSED] - if (verifyTextPresent("Two transactions will appear on your bank statement, one in the amount of $10.50 and one in the amount of $2.00.", false)): null

24-10-2024T23:48:15 - [MESSAGE][PASSED] - Text 'Two transactions will appear on your bank statement, one in the amount of $10.50 and one in the amount of $2.00.' is present on page 

24-10-2024T23:48:15 - [TEST_STEP][PASSED] - isRequiredTextPresent = true: null

24-10-2024T23:48:15 - [TEST_STEP][PASSED] - Thread.sleep(10000): null

24-10-2024T23:48:25 - [TEST_STEP][PASSED] - click(findTestObject("Object Repository/IWP30/Page_ConvenienceFees/btn_convFeeNotifyAction")): Object: 'Object Repository/IWP30/Page_ConvenienceFees/btn_convFeeNotifyAction' is clicked on

24-10-2024T23:48:27 - [MESSAGE][PASSED] - Object: 'Object Repository/IWP30/Page_ConvenienceFees/btn_convFeeNotifyAction' is clicked on

24-10-2024T23:48:27 - [TEST_STEP][PASSED] - Thread.sleep(10000): null

24-10-2024T23:48:37 - [TEST_STEP][PASSED] - if (verifyTextPresent("Successful Payment Receipt", false)): null

24-10-2024T23:48:37 - [MESSAGE][PASSED] - Text 'Successful Payment Receipt' is present on page 

24-10-2024T23:48:37 - [TEST_STEP][PASSED] - println("Successful Payment Receipt text is present on the Receipt page"): null

24-10-2024T23:48:37 - [TEST_STEP][PASSED] - markPassed("Successful Payment Receipt text is present on the Receipt page"): Successful Payment Receipt text is present on the Receipt page

24-10-2024T23:48:37 - [MESSAGE][PASSED] - Successful Payment Receipt text is present on the Receipt page

24-10-2024T23:48:37 - [TEST_STEP][PASSED] - resText = "Pass": null

24-10-2024T23:48:37 - [TEST_STEP][PASSED] - pages.WriteExcel.demoKey(resText, datText, resColumn, datCloumn, fileLoc, nameSheet, row): pages.WriteExcel.demoKey is PASSED

24-10-2024T23:48:38 - [MESSAGE][PASSED] - pages.WriteExcel.demoKey is PASSED

24-10-2024T23:48:38 - [TEST_STEP][PASSED] - closeBrowser(): Browser is closed

24-10-2024T23:48:38 - [MESSAGE][PASSED] - Browser is closed

24-10-2024T23:48:38 - [TEST_STEP][PASSED] - ExecuteTC = findTestData(dataFile).getValue("Execute", row): null

24-10-2024T23:48:38 - [TEST_STEP][PASSED] - out.println("Value of Execute is : " + ExecuteTC): null

24-10-2024T23:48:38 - [TEST_STEP][PASSED] - if (ExecuteTC.equalsIgnoreCase("Y")): null

24-10-2024T23:48:38 - [TEST_STEP][PASSED] - out.println("Begin Record Number: " + row): null

24-10-2024T23:48:38 - [TEST_STEP][PASSED] - today = new java.util.Date(): null

24-10-2024T23:48:38 - [TEST_STEP][PASSED] - println(today): null

24-10-2024T23:48:38 - [TEST_STEP][PASSED] - datText = today: null

24-10-2024T23:48:38 - [TEST_STEP][PASSED] - EmulatorDataKey = findTestData(dataFile).getValue("EmulatorData", row): null

24-10-2024T23:48:38 - [TEST_STEP][PASSED] - out.println("Value of Emulator Key is : " + EmulatorDataKey): null

24-10-2024T23:48:38 - [TEST_STEP][PASSED] - iwpPages.emulatorIWP30.setDataEmulator_DD(EmulatorDataKey): iwpPages.emulatorIWP30.setDataEmulator_DD is PASSED

24-10-2024T23:48:39 - [MESSAGE][INFO] - Starting 'Edge Chromium' driver

24-10-2024T23:48:39 - [MESSAGE][INFO] - User set preference: ['acceptInsecureCerts', 'true']

24-10-2024T23:48:41 - [MESSAGE][INFO] - Action delay is set to 0 milliseconds

24-10-2024T23:48:44 - [MESSAGE][PASSED] - Browser is opened with url: 'https://qa2.velocitypayment.com/agencyx/config.action?action=editor&message_version=3_0'

24-10-2024T23:48:44 - [MESSAGE][PASSED] - Current window maximized

24-10-2024T23:49:16 - [MESSAGE][INFO] - Unable to find the element located by 'By.xpath: //select[@name='message_version']'. Please recheck the objects properties to make sure the desired element is located. 

24-10-2024T23:49:16 - [MESSAGE][WARNING] - [SELF-HEALING] Failed to find element with id 'Object Repository/IWP30/Page_VRelay30Emulator/MV'. Try using Self-healing.

24-10-2024T23:49:16 - [MESSAGE][WARNING] - [SELF-HEALING] The current locator of test object 'Object Repository/IWP30/Page_VRelay30Emulator/MV' was broken. Propose an alternative one: '(.//*[normalize-space(text()) and normalize-space(.)='Message Version'])[1]/following::select[1]'.

24-10-2024T23:49:17 - [MESSAGE][PASSED] - All options with value '3.0' are selected in object 'Object Repository/IWP30/Page_VRelay30Emulator/MV'  using regular expression

24-10-2024T23:49:17 - [MESSAGE][PASSED] - Text '10.50' is set on object 'Object Repository/IWP30/Page_EmulatorAgencyX/Amount'

24-10-2024T23:49:18 - [MESSAGE][PASSED] - Text 'tVvqalaX1gO8' is set on object 'Object Repository/IWP30/Page_EmulatorAgencyX/CAN'

24-10-2024T23:49:18 - [MESSAGE][PASSED] - Text 'PayNow' is set on object 'Object Repository/IWP30/Page_EmulatorAgencyX/Action'

24-10-2024T23:49:19 - [MESSAGE][PASSED] - Text 'en_US' is set on object 'Object Repository/IWP30/Page_EmulatorAgencyX/Lang'

24-10-2024T23:49:20 - [MESSAGE][PASSED] - Text '' is set on object 'Object Repository/IWP30/Page_EmulatorAgencyX/Fname'

24-10-2024T23:49:20 - [MESSAGE][PASSED] - Text '' is set on object 'Object Repository/IWP30/Page_EmulatorAgencyX/Lname'

24-10-2024T23:49:21 - [MESSAGE][PASSED] - Text '' is set on object 'Object Repository/IWP30/Page_EmulatorAgencyX/AL1'

24-10-2024T23:49:21 - [MESSAGE][PASSED] - Text '' is set on object 'Object Repository/IWP30/Page_EmulatorAgencyX/AL2'

24-10-2024T23:49:22 - [MESSAGE][PASSED] - Text '' is set on object 'Object Repository/IWP30/Page_EmulatorAgencyX/Country'

24-10-2024T23:49:22 - [MESSAGE][PASSED] - Text '' is set on object 'Object Repository/IWP30/Page_EmulatorAgencyX/City'

24-10-2024T23:49:23 - [MESSAGE][PASSED] - Text '' is set on object 'Object Repository/IWP30/Page_EmulatorAgencyX/State'

24-10-2024T23:49:24 - [MESSAGE][PASSED] - Text '' is set on object 'Object Repository/IWP30/Page_EmulatorAgencyX/ZIP'

24-10-2024T23:49:24 - [MESSAGE][PASSED] - Text '' is set on object 'Object Repository/IWP30/Page_EmulatorAgencyX/Order'

24-10-2024T23:49:25 - [MESSAGE][PASSED] - Text '' is set on object 'Object Repository/IWP30/Page_EmulatorAgencyX/Company'

24-10-2024T23:49:25 - [MESSAGE][PASSED] - Text '' is set on object 'Object Repository/IWP30/Page_EmulatorAgencyX/Email'

24-10-2024T23:49:26 - [MESSAGE][PASSED] - Text '' is set on object 'Object Repository/IWP30/Page_EmulatorAgencyX/UDF1'

24-10-2024T23:49:26 - [MESSAGE][PASSED] - Text '' is set on object 'Object Repository/IWP30/Page_EmulatorAgencyX/UDF2'

24-10-2024T23:49:27 - [MESSAGE][PASSED] - Text '' is set on object 'Object Repository/IWP30/Page_EmulatorAgencyX/UDF3'

24-10-2024T23:49:28 - [MESSAGE][PASSED] - Text 'udf data 4' is set on object 'Object Repository/IWP30/Page_EmulatorAgencyX/UDF4'

24-10-2024T23:49:28 - [MESSAGE][PASSED] - Text 'udf data 5' is set on object 'Object Repository/IWP30/Page_EmulatorAgencyX/UDF5'

24-10-2024T23:49:29 - [MESSAGE][PASSED] - Text '' is set on object 'Object Repository/IWP30/Page_EmulatorAgencyX/UDF6'

24-10-2024T23:49:29 - [MESSAGE][PASSED] - Text '' is set on object 'Object Repository/IWP30/Page_EmulatorAgencyX/UDF7'

24-10-2024T23:49:30 - [MESSAGE][PASSED] - Text '' is set on object 'Object Repository/IWP30/Page_EmulatorAgencyX/UDF8'

24-10-2024T23:49:30 - [MESSAGE][PASSED] - Text 'udf data 9' is set on object 'Object Repository/IWP30/Page_EmulatorAgencyX/UDF9'

24-10-2024T23:49:31 - [MESSAGE][PASSED] - Text 'udf data 10' is set on object 'Object Repository/IWP30/Page_EmulatorAgencyX/UDF10'

24-10-2024T23:49:33 - [MESSAGE][PASSED] - Object: 'Object Repository/IWP30/Page_EmulatorAgencyX/Submit' is clicked on

24-10-2024T23:49:37 - [MESSAGE][PASSED] - Browser is closed

24-10-2024T23:49:41 - [MESSAGE][PASSED] - iwpPages.emulatorIWP30.setDataEmulator_DD is PASSED

24-10-2024T23:49:41 - [TEST_STEP][PASSED] - testHarnessURL = urlTestHarness: null

24-10-2024T23:49:41 - [TEST_STEP][PASSED] - openBrowser(testHarnessURL): Browser is opened with url: 'https://dev-algorithm.govolution.com/vrelaytest/QA2/version_2_2/vrelaytest.html'

24-10-2024T23:49:41 - [MESSAGE][INFO] - Starting 'Edge Chromium' driver

24-10-2024T23:49:41 - [MESSAGE][INFO] - User set preference: ['acceptInsecureCerts', 'true']

24-10-2024T23:49:43 - [MESSAGE][INFO] - Action delay is set to 0 milliseconds

24-10-2024T23:49:47 - [MESSAGE][PASSED] - Browser is opened with url: 'https://dev-algorithm.govolution.com/vrelaytest/QA2/version_2_2/vrelaytest.html'

24-10-2024T23:49:47 - [TEST_STEP][PASSED] - maximizeWindow(): Current window maximized

24-10-2024T23:49:47 - [MESSAGE][PASSED] - Current window maximized

24-10-2024T23:49:47 - [TEST_STEP][PASSED] - iwpPages.TestHarnessPage.setDataMethod(row, dataFile): iwpPages.TestHarnessPage.setDataMethod is PASSED

24-10-2024T23:49:47 - [MESSAGE][PASSED] - Object 'Object Repository/IWP30/Page_QATestHarness/RemittanceID' is present

24-10-2024T23:49:48 - [MESSAGE][PASSED] - Text '651' is set on object 'Object Repository/IWP30/Page_QATestHarness/ApplicationID'

24-10-2024T23:49:48 - [MESSAGE][PASSED] - Text '3.0' is set on object 'Object Repository/IWP30/Page_QATestHarness/MessageVersion'

24-10-2024T23:49:49 - [MESSAGE][PASSED] - Text '558XcRi2vnvW' is set on object 'Object Repository/IWP30/Page_QATestHarness/RemittanceID'

24-10-2024T23:49:52 - [MESSAGE][PASSED] - Object: 'Object Repository/IWP30/Page_QATestHarness/SubmitButton' is clicked on

24-10-2024T23:49:52 - [MESSAGE][PASSED] - iwpPages.TestHarnessPage.setDataMethod is PASSED

24-10-2024T23:49:52 - [TEST_STEP][PASSED] - click(findTestObject("Object Repository/IWP30/Page_SelectPaymentMethod/PayByPersonalCheck")): Object: 'Object Repository/IWP30/Page_SelectPaymentMethod/PayByPersonalCheck' is clicked on

24-10-2024T23:49:53 - [MESSAGE][PASSED] - Object: 'Object Repository/IWP30/Page_SelectPaymentMethod/PayByPersonalCheck' is clicked on

24-10-2024T23:49:53 - [TEST_STEP][PASSED] - click(findTestObject("Object Repository/IWP30/Page_SelectPaymentMethod/MakePaymentButton")): Object: 'Object Repository/IWP30/Page_SelectPaymentMethod/MakePaymentButton' is clicked on

24-10-2024T23:49:55 - [MESSAGE][PASSED] - Object: 'Object Repository/IWP30/Page_SelectPaymentMethod/MakePaymentButton' is clicked on

24-10-2024T23:49:55 - [TEST_STEP][PASSED] - iwpPages.achPersonalPaymentEntryPage.setDataACHPPM(row, dataFile): iwpPages.achPersonalPaymentEntryPage.setDataACHPPM is PASSED

24-10-2024T23:49:56 - [MESSAGE][PASSED] - Object 'Object Repository/IWP30/Page_ACHPersonalPaymentEntry/txt_accountNumber' is present

24-10-2024T23:49:57 - [MESSAGE][PASSED] - Text '10.50' is set on object 'Object Repository/IWP30/Page_ACHPersonalPaymentEntry/txt_Amount'

24-10-2024T23:49:57 - [MESSAGE][PASSED] - Object 'Object Repository/IWP30/Page_ACHPersonalPaymentEntry/txt_UDF2' is present

24-10-2024T23:49:58 - [MESSAGE][PASSED] - Text 'udf data 2' is set on object 'Object Repository/IWP30/Page_ACHPersonalPaymentEntry/txt_UDF2'

24-10-2024T23:49:58 - [MESSAGE][PASSED] - Text 'udf data 3' is set on object 'Object Repository/IWP30/Page_ACHPersonalPaymentEntry/txt_UDF3'

24-10-2024T23:49:59 - [MESSAGE][PASSED] - All options with label 'Orange' are selected in object 'Object Repository/IWP30/Page_ACHPersonalPaymentEntry/dd_UDF7' 

24-10-2024T23:49:59 - [MESSAGE][PASSED] - All options with label 'Soccer' are selected in object 'Object Repository/IWP30/Page_ACHPersonalPaymentEntry/dd_UDF8' 

24-10-2024T23:50:00 - [MESSAGE][PASSED] - Object 'Object Repository/IWP30/Page_ACHPersonalPaymentEntry/txt_Firstname' is present

24-10-2024T23:50:00 - [MESSAGE][PASSED] - Text 'Elizath' is set on object 'Object Repository/IWP30/Page_ACHPersonalPaymentEntry/txt_Firstname'

24-10-2024T23:50:00 - [MESSAGE][PASSED] - Object 'Object Repository/IWP30/Page_ACHPersonalPaymentEntry/txt_Lastname' is present

24-10-2024T23:50:01 - [MESSAGE][PASSED] - Text 'Christine' is set on object 'Object Repository/IWP30/Page_ACHPersonalPaymentEntry/txt_Lastname'

24-10-2024T23:50:01 - [MESSAGE][PASSED] - Object 'Object Repository/IWP30/Page_ACHPersonalPaymentEntry/txt_routingNumber' is present

24-10-2024T23:50:02 - [MESSAGE][PASSED] - Text '256072691' is set on object 'Object Repository/IWP30/Page_ACHPersonalPaymentEntry/txt_routingNumber'

24-10-2024T23:50:02 - [MESSAGE][PASSED] - Object 'Object Repository/IWP30/Page_ACHPersonalPaymentEntry/txt_accountNumber' is present

24-10-2024T23:50:03 - [MESSAGE][PASSED] - Text '12344444' is set on object 'Object Repository/IWP30/Page_ACHPersonalPaymentEntry/txt_accountNumber'

24-10-2024T23:50:03 - [MESSAGE][PASSED] - Object 'Object Repository/IWP30/Page_ACHPersonalPaymentEntry/txt_confirmAccountNumber' is present

24-10-2024T23:50:04 - [MESSAGE][PASSED] - Text '12344444' is set on object 'Object Repository/IWP30/Page_ACHPersonalPaymentEntry/txt_confirmAccountNumber'

24-10-2024T23:50:04 - [MESSAGE][PASSED] - Object 'Object Repository/IWP30/Page_ACHPersonalPaymentEntry/rd_accountType' is present

24-10-2024T23:50:04 - [MESSAGE][PASSED] - Modify property of object successfully

24-10-2024T23:50:05 - [MESSAGE][PASSED] - Object: 'Object Repository/IWP30/Page_ACHPersonalPaymentEntry/rd_accountType' is clicked on

24-10-2024T23:50:05 - [MESSAGE][PASSED] - Text '365 Main Avenue' is set on object 'Object Repository/IWP30/Page_ACHPersonalPaymentEntry/txt_AL1'

24-10-2024T23:50:06 - [MESSAGE][PASSED] - Text '22201' is set on object 'Object Repository/IWP30/Page_ACHPersonalPaymentEntry/txt_ZIP'

24-10-2024T23:50:06 - [MESSAGE][PASSED] - Object 'Object Repository/IWP30/Page_ACHPersonalPaymentEntry/txt_Email' is present

24-10-2024T23:50:07 - [MESSAGE][PASSED] - Text 'iahmed@govolution.com' is set on object 'Object Repository/IWP30/Page_ACHPersonalPaymentEntry/txt_Email'

24-10-2024T23:50:07 - [MESSAGE][PASSED] - Object 'Object Repository/IWP30/Page_ACHPersonalPaymentEntry/cb_TermsAndCond' is present

24-10-2024T23:50:08 - [MESSAGE][PASSED] - Object: 'Object Repository/IWP30/Page_ACHPersonalPaymentEntry/cb_TermsAndCond' is clicked on

24-10-2024T23:50:08 - [MESSAGE][PASSED] - Object 'Object Repository/IWP30/Page_ACHPersonalPaymentEntry/btn_Continue' is present

24-10-2024T23:50:09 - [MESSAGE][PASSED] - Object: 'Object Repository/IWP30/Page_ACHPersonalPaymentEntry/btn_Continue' is clicked on

24-10-2024T23:50:09 - [MESSAGE][PASSED] - iwpPages.achPersonalPaymentEntryPage.setDataACHPPM is PASSED

24-10-2024T23:50:09 - [TEST_STEP][PASSED] - click(findTestObject("Object Repository/IWP30/Page_Confirmation/ConfirmButton")): Object: 'Object Repository/IWP30/Page_Confirmation/ConfirmButton' is clicked on

24-10-2024T23:50:40 - [MESSAGE][INFO] - Unable to find the element located by 'By.xpath: //*[@type = 'submit' and @name = 'confirmNotifyAction' and @id = 'submitYes' and @value = 'Confirm']'. Please recheck the objects properties to make sure the desired element is located. 

24-10-2024T23:50:40 - [MESSAGE][WARNING] - [SELF-HEALING] Failed to find element with id 'Object Repository/IWP30/Page_Confirmation/ConfirmButton'. Try using Self-healing.

24-10-2024T23:50:40 - [MESSAGE][WARNING] - [SELF-HEALING] The current locator of test object 'Object Repository/IWP30/Page_Confirmation/ConfirmButton' was broken. Propose an alternative one: '//div/input'.

24-10-2024T23:50:42 - [MESSAGE][PASSED] - Object: 'Object Repository/IWP30/Page_Confirmation/ConfirmButton' is clicked on

24-10-2024T23:50:42 - [TEST_STEP][PASSED] - Thread.sleep(5000): null

24-10-2024T23:50:47 - [TEST_STEP][PASSED] - println("I am on real estate page"): null

24-10-2024T23:50:47 - [TEST_STEP][PASSED] - if (verifyTextPresent("Make a Real Estate Payment", false)): null

24-10-2024T23:50:47 - [MESSAGE][PASSED] - Text 'Make a Real Estate Payment' is present on page 

24-10-2024T23:50:47 - [TEST_STEP][PASSED] - isRequiredTextPresent = true: null

24-10-2024T23:50:47 - [TEST_STEP][PASSED] - println(isRequiredTextPresent): null

24-10-2024T23:50:47 - [TEST_STEP][PASSED] - if (isRequiredTextPresent): null

24-10-2024T23:50:47 - [TEST_STEP][PASSED] - if (verifyTextPresent("This transaction is subject to a Convenience Fees of $2.00.", false)): null

24-10-2024T23:50:48 - [MESSAGE][PASSED] - Text 'This transaction is subject to a Convenience Fees of $2.00.' is present on page 

24-10-2024T23:50:48 - [TEST_STEP][PASSED] - isRequiredTextPresent = true: null

24-10-2024T23:50:48 - [TEST_STEP][PASSED] - println(isRequiredTextPresent): null

24-10-2024T23:50:48 - [TEST_STEP][PASSED] - if (isRequiredTextPresent): null

24-10-2024T23:50:48 - [TEST_STEP][PASSED] - if (verifyTextPresent("Payment Amount:  $10.50", false)): null

24-10-2024T23:50:48 - [MESSAGE][PASSED] - Text 'Payment Amount:  $10.50' is present on page 

24-10-2024T23:50:48 - [TEST_STEP][PASSED] - isRequiredTextPresent = true: null

24-10-2024T23:50:48 - [TEST_STEP][PASSED] - if (isRequiredTextPresent): null

24-10-2024T23:50:48 - [TEST_STEP][PASSED] - if (verifyTextPresent("Convenience Fees:  $2.00", false)): null

24-10-2024T23:50:48 - [MESSAGE][PASSED] - Text 'Convenience Fees:  $2.00' is present on page 

24-10-2024T23:50:48 - [TEST_STEP][PASSED] - isRequiredTextPresent = true: null

24-10-2024T23:50:48 - [TEST_STEP][PASSED] - if (isRequiredTextPresent): null

24-10-2024T23:50:48 - [TEST_STEP][PASSED] - if (verifyTextPresent("Total Amount:  $12.50", false)): null

24-10-2024T23:50:48 - [MESSAGE][PASSED] - Text 'Total Amount:  $12.50' is present on page 

24-10-2024T23:50:48 - [TEST_STEP][PASSED] - isRequiredTextPresent = true: null

24-10-2024T23:50:48 - [TEST_STEP][PASSED] - if (isRequiredTextPresent): null

24-10-2024T23:50:48 - [TEST_STEP][PASSED] - if (verifyTextPresent("Two transactions will appear on your bank statement, one in the amount of $10.50 and one in the amount of $2.00.", false)): null

24-10-2024T23:50:49 - [MESSAGE][PASSED] - Text 'Two transactions will appear on your bank statement, one in the amount of $10.50 and one in the amount of $2.00.' is present on page 

24-10-2024T23:50:49 - [TEST_STEP][PASSED] - isRequiredTextPresent = true: null

24-10-2024T23:50:49 - [TEST_STEP][PASSED] - Thread.sleep(10000): null

24-10-2024T23:50:59 - [TEST_STEP][PASSED] - click(findTestObject("Object Repository/IWP30/Page_ConvenienceFees/btn_convFeeNotifyAction")): Object: 'Object Repository/IWP30/Page_ConvenienceFees/btn_convFeeNotifyAction' is clicked on

24-10-2024T23:51:00 - [MESSAGE][PASSED] - Object: 'Object Repository/IWP30/Page_ConvenienceFees/btn_convFeeNotifyAction' is clicked on

24-10-2024T23:51:00 - [TEST_STEP][PASSED] - Thread.sleep(10000): null

24-10-2024T23:51:11 - [TEST_STEP][PASSED] - if (verifyTextPresent("Successful Payment Receipt", false)): null

24-10-2024T23:51:11 - [MESSAGE][PASSED] - Text 'Successful Payment Receipt' is present on page 

24-10-2024T23:51:11 - [TEST_STEP][PASSED] - println("Successful Payment Receipt text is present on the Receipt page"): null

24-10-2024T23:51:11 - [TEST_STEP][PASSED] - markPassed("Successful Payment Receipt text is present on the Receipt page"): Successful Payment Receipt text is present on the Receipt page

24-10-2024T23:51:11 - [MESSAGE][PASSED] - Successful Payment Receipt text is present on the Receipt page

24-10-2024T23:51:11 - [TEST_STEP][PASSED] - resText = "Pass": null

24-10-2024T23:51:11 - [TEST_STEP][PASSED] - pages.WriteExcel.demoKey(resText, datText, resColumn, datCloumn, fileLoc, nameSheet, row): pages.WriteExcel.demoKey is PASSED

24-10-2024T23:51:11 - [MESSAGE][PASSED] - pages.WriteExcel.demoKey is PASSED

24-10-2024T23:51:11 - [TEST_STEP][PASSED] - closeBrowser(): Browser is closed

24-10-2024T23:51:11 - [MESSAGE][PASSED] - Browser is closed

24-10-2024T23:51:11 - [TEST_STEP][PASSED] - ExecuteTC = findTestData(dataFile).getValue("Execute", row): null

24-10-2024T23:51:11 - [TEST_STEP][PASSED] - out.println("Value of Execute is : " + ExecuteTC): null

24-10-2024T23:51:11 - [TEST_STEP][PASSED] - if (ExecuteTC.equalsIgnoreCase("Y")): null

24-10-2024T23:51:11 - [TEST_STEP][PASSED] - out.println("Begin Record Number: " + row): null

24-10-2024T23:51:11 - [TEST_STEP][PASSED] - today = new java.util.Date(): null

24-10-2024T23:51:11 - [TEST_STEP][PASSED] - println(today): null

24-10-2024T23:51:11 - [TEST_STEP][PASSED] - datText = today: null

24-10-2024T23:51:11 - [TEST_STEP][PASSED] - EmulatorDataKey = findTestData(dataFile).getValue("EmulatorData", row): null

24-10-2024T23:51:11 - [TEST_STEP][PASSED] - out.println("Value of Emulator Key is : " + EmulatorDataKey): null

24-10-2024T23:51:11 - [TEST_STEP][PASSED] - iwpPages.emulatorIWP30.setDataEmulator_DD(EmulatorDataKey): iwpPages.emulatorIWP30.setDataEmulator_DD is PASSED

24-10-2024T23:51:12 - [MESSAGE][INFO] - Starting 'Edge Chromium' driver

24-10-2024T23:51:12 - [MESSAGE][INFO] - User set preference: ['acceptInsecureCerts', 'true']

24-10-2024T23:51:14 - [MESSAGE][INFO] - Action delay is set to 0 milliseconds

24-10-2024T23:51:17 - [MESSAGE][PASSED] - Browser is opened with url: 'https://qa2.velocitypayment.com/agencyx/config.action?action=editor&message_version=3_0'

24-10-2024T23:51:17 - [MESSAGE][PASSED] - Current window maximized

24-10-2024T23:51:49 - [MESSAGE][INFO] - Unable to find the element located by 'By.xpath: //select[@name='message_version']'. Please recheck the objects properties to make sure the desired element is located. 

24-10-2024T23:51:49 - [MESSAGE][WARNING] - [SELF-HEALING] Failed to find element with id 'Object Repository/IWP30/Page_VRelay30Emulator/MV'. Try using Self-healing.

24-10-2024T23:51:49 - [MESSAGE][WARNING] - [SELF-HEALING] The current locator of test object 'Object Repository/IWP30/Page_VRelay30Emulator/MV' was broken. Propose an alternative one: '(.//*[normalize-space(text()) and normalize-space(.)='Message Version'])[1]/following::select[1]'.

24-10-2024T23:51:50 - [MESSAGE][PASSED] - All options with value '3.0' are selected in object 'Object Repository/IWP30/Page_VRelay30Emulator/MV'  using regular expression

24-10-2024T23:51:50 - [MESSAGE][PASSED] - Text '10.50' is set on object 'Object Repository/IWP30/Page_EmulatorAgencyX/Amount'

24-10-2024T23:51:51 - [MESSAGE][PASSED] - Text 'dd2Q13LXIJQ0' is set on object 'Object Repository/IWP30/Page_EmulatorAgencyX/CAN'

24-10-2024T23:51:51 - [MESSAGE][PASSED] - Text 'PayNow' is set on object 'Object Repository/IWP30/Page_EmulatorAgencyX/Action'

24-10-2024T23:51:52 - [MESSAGE][PASSED] - Text 'en_US' is set on object 'Object Repository/IWP30/Page_EmulatorAgencyX/Lang'

24-10-2024T23:51:53 - [MESSAGE][PASSED] - Text 'Jasmine' is set on object 'Object Repository/IWP30/Page_EmulatorAgencyX/Fname'

24-10-2024T23:51:53 - [MESSAGE][PASSED] - Text 'Patrinol' is set on object 'Object Repository/IWP30/Page_EmulatorAgencyX/Lname'

24-10-2024T23:51:54 - [MESSAGE][PASSED] - Text '258 Underwood rd' is set on object 'Object Repository/IWP30/Page_EmulatorAgencyX/AL1'

24-10-2024T23:51:54 - [MESSAGE][PASSED] - Text 'Suite 600' is set on object 'Object Repository/IWP30/Page_EmulatorAgencyX/AL2'

24-10-2024T23:51:55 - [MESSAGE][PASSED] - Text '840' is set on object 'Object Repository/IWP30/Page_EmulatorAgencyX/Country'

24-10-2024T23:51:56 - [MESSAGE][PASSED] - Text 'Arlington' is set on object 'Object Repository/IWP30/Page_EmulatorAgencyX/City'

24-10-2024T23:51:56 - [MESSAGE][PASSED] - Text 'VA' is set on object 'Object Repository/IWP30/Page_EmulatorAgencyX/State'

24-10-2024T23:51:57 - [MESSAGE][PASSED] - Text '22201' is set on object 'Object Repository/IWP30/Page_EmulatorAgencyX/ZIP'

24-10-2024T23:51:57 - [MESSAGE][PASSED] - Text '' is set on object 'Object Repository/IWP30/Page_EmulatorAgencyX/Order'

24-10-2024T23:51:58 - [MESSAGE][PASSED] - Text 'Some Company' is set on object 'Object Repository/IWP30/Page_EmulatorAgencyX/Company'

24-10-2024T23:51:59 - [MESSAGE][PASSED] - Text 'iahmed@govolution.com' is set on object 'Object Repository/IWP30/Page_EmulatorAgencyX/Email'

24-10-2024T23:51:59 - [MESSAGE][PASSED] - Text 'udf data 1' is set on object 'Object Repository/IWP30/Page_EmulatorAgencyX/UDF1'

24-10-2024T23:52:00 - [MESSAGE][PASSED] - Text 'udf data 2' is set on object 'Object Repository/IWP30/Page_EmulatorAgencyX/UDF2'

24-10-2024T23:52:00 - [MESSAGE][PASSED] - Text 'udf data 3' is set on object 'Object Repository/IWP30/Page_EmulatorAgencyX/UDF3'

24-10-2024T23:52:01 - [MESSAGE][PASSED] - Text 'udf data 4' is set on object 'Object Repository/IWP30/Page_EmulatorAgencyX/UDF4'

24-10-2024T23:52:02 - [MESSAGE][PASSED] - Text 'udf data 5' is set on object 'Object Repository/IWP30/Page_EmulatorAgencyX/UDF5'

24-10-2024T23:52:02 - [MESSAGE][PASSED] - Text 'udf data 6' is set on object 'Object Repository/IWP30/Page_EmulatorAgencyX/UDF6'

24-10-2024T23:52:03 - [MESSAGE][PASSED] - Text 'Orange' is set on object 'Object Repository/IWP30/Page_EmulatorAgencyX/UDF7'

24-10-2024T23:52:03 - [MESSAGE][PASSED] - Text 'Soccer' is set on object 'Object Repository/IWP30/Page_EmulatorAgencyX/UDF8'

24-10-2024T23:52:04 - [MESSAGE][PASSED] - Text 'udf data 9' is set on object 'Object Repository/IWP30/Page_EmulatorAgencyX/UDF9'

24-10-2024T23:52:05 - [MESSAGE][PASSED] - Text 'udf data 10' is set on object 'Object Repository/IWP30/Page_EmulatorAgencyX/UDF10'

24-10-2024T23:52:06 - [MESSAGE][PASSED] - Object: 'Object Repository/IWP30/Page_EmulatorAgencyX/Submit' is clicked on

24-10-2024T23:52:10 - [MESSAGE][PASSED] - Browser is closed

24-10-2024T23:52:14 - [MESSAGE][PASSED] - iwpPages.emulatorIWP30.setDataEmulator_DD is PASSED

24-10-2024T23:52:14 - [TEST_STEP][PASSED] - testHarnessURL = urlTestHarness: null

24-10-2024T23:52:14 - [TEST_STEP][PASSED] - openBrowser(testHarnessURL): Browser is opened with url: 'https://dev-algorithm.govolution.com/vrelaytest/QA2/version_2_2/vrelaytest.html'

24-10-2024T23:52:14 - [MESSAGE][INFO] - Starting 'Edge Chromium' driver

24-10-2024T23:52:14 - [MESSAGE][INFO] - User set preference: ['acceptInsecureCerts', 'true']

24-10-2024T23:52:17 - [MESSAGE][INFO] - Action delay is set to 0 milliseconds

24-10-2024T23:52:20 - [MESSAGE][PASSED] - Browser is opened with url: 'https://dev-algorithm.govolution.com/vrelaytest/QA2/version_2_2/vrelaytest.html'

24-10-2024T23:52:20 - [TEST_STEP][PASSED] - maximizeWindow(): Current window maximized

24-10-2024T23:52:20 - [MESSAGE][PASSED] - Current window maximized

24-10-2024T23:52:20 - [TEST_STEP][PASSED] - iwpPages.TestHarnessPage.setDataMethod(row, dataFile): iwpPages.TestHarnessPage.setDataMethod is PASSED

24-10-2024T23:52:21 - [MESSAGE][PASSED] - Object 'Object Repository/IWP30/Page_QATestHarness/RemittanceID' is present

24-10-2024T23:52:21 - [MESSAGE][PASSED] - Text '651' is set on object 'Object Repository/IWP30/Page_QATestHarness/ApplicationID'

24-10-2024T23:52:22 - [MESSAGE][PASSED] - Text '3.0' is set on object 'Object Repository/IWP30/Page_QATestHarness/MessageVersion'

24-10-2024T23:52:23 - [MESSAGE][PASSED] - Text 'uErZ9llf7QEW' is set on object 'Object Repository/IWP30/Page_QATestHarness/RemittanceID'

24-10-2024T23:52:28 - [MESSAGE][PASSED] - Object: 'Object Repository/IWP30/Page_QATestHarness/SubmitButton' is clicked on

24-10-2024T23:52:28 - [MESSAGE][PASSED] - iwpPages.TestHarnessPage.setDataMethod is PASSED

24-10-2024T23:52:28 - [TEST_STEP][PASSED] - click(findTestObject("Object Repository/IWP30/Page_SelectPaymentMethod/PayByPersonalCheck")): Object: 'Object Repository/IWP30/Page_SelectPaymentMethod/PayByPersonalCheck' is clicked on

24-10-2024T23:52:28 - [MESSAGE][PASSED] - Object: 'Object Repository/IWP30/Page_SelectPaymentMethod/PayByPersonalCheck' is clicked on

24-10-2024T23:52:28 - [TEST_STEP][PASSED] - click(findTestObject("Object Repository/IWP30/Page_SelectPaymentMethod/MakePaymentButton")): Object: 'Object Repository/IWP30/Page_SelectPaymentMethod/MakePaymentButton' is clicked on

24-10-2024T23:52:31 - [MESSAGE][PASSED] - Object: 'Object Repository/IWP30/Page_SelectPaymentMethod/MakePaymentButton' is clicked on

24-10-2024T23:52:31 - [TEST_STEP][PASSED] - iwpPages.achPersonalPaymentEntryPage.setDataACHPPM(row, dataFile): iwpPages.achPersonalPaymentEntryPage.setDataACHPPM is PASSED

24-10-2024T23:52:32 - [MESSAGE][PASSED] - Object 'Object Repository/IWP30/Page_ACHPersonalPaymentEntry/txt_accountNumber' is present

24-10-2024T23:52:32 - [MESSAGE][PASSED] - Object 'Object Repository/IWP30/Page_ACHPersonalPaymentEntry/txt_UDF2' is present

24-10-2024T23:52:32 - [MESSAGE][PASSED] - All options with label 'Soccer' are selected in object 'Object Repository/IWP30/Page_ACHPersonalPaymentEntry/dd_UDF8' 

24-10-2024T23:52:33 - [MESSAGE][PASSED] - Object 'Object Repository/IWP30/Page_ACHPersonalPaymentEntry/txt_Firstname' is present

24-10-2024T23:52:33 - [MESSAGE][PASSED] - Text 'Elizath' is set on object 'Object Repository/IWP30/Page_ACHPersonalPaymentEntry/txt_Firstname'

24-10-2024T23:52:34 - [MESSAGE][PASSED] - Object 'Object Repository/IWP30/Page_ACHPersonalPaymentEntry/txt_Lastname' is present

24-10-2024T23:52:34 - [MESSAGE][PASSED] - Text 'Christine' is set on object 'Object Repository/IWP30/Page_ACHPersonalPaymentEntry/txt_Lastname'

24-10-2024T23:52:35 - [MESSAGE][PASSED] - Object 'Object Repository/IWP30/Page_ACHPersonalPaymentEntry/txt_routingNumber' is present

24-10-2024T23:52:35 - [MESSAGE][PASSED] - Text '256072691' is set on object 'Object Repository/IWP30/Page_ACHPersonalPaymentEntry/txt_routingNumber'

24-10-2024T23:52:35 - [MESSAGE][PASSED] - Object 'Object Repository/IWP30/Page_ACHPersonalPaymentEntry/txt_accountNumber' is present

24-10-2024T23:52:37 - [MESSAGE][PASSED] - Text '12344444' is set on object 'Object Repository/IWP30/Page_ACHPersonalPaymentEntry/txt_accountNumber'

24-10-2024T23:52:37 - [MESSAGE][PASSED] - Object 'Object Repository/IWP30/Page_ACHPersonalPaymentEntry/txt_confirmAccountNumber' is present

24-10-2024T23:52:38 - [MESSAGE][PASSED] - Text '12344444' is set on object 'Object Repository/IWP30/Page_ACHPersonalPaymentEntry/txt_confirmAccountNumber'

24-10-2024T23:52:38 - [MESSAGE][PASSED] - Object 'Object Repository/IWP30/Page_ACHPersonalPaymentEntry/rd_accountType' is present

24-10-2024T23:52:38 - [MESSAGE][PASSED] - Modify property of object successfully

24-10-2024T23:52:38 - [MESSAGE][PASSED] - Object: 'Object Repository/IWP30/Page_ACHPersonalPaymentEntry/rd_accountType' is clicked on

24-10-2024T23:52:38 - [MESSAGE][PASSED] - Object 'Object Repository/IWP30/Page_ACHPersonalPaymentEntry/txt_Email' is present

24-10-2024T23:52:39 - [MESSAGE][PASSED] - Object 'Object Repository/IWP30/Page_ACHPersonalPaymentEntry/cb_TermsAndCond' is present

24-10-2024T23:52:39 - [MESSAGE][PASSED] - Object: 'Object Repository/IWP30/Page_ACHPersonalPaymentEntry/cb_TermsAndCond' is clicked on

24-10-2024T23:52:39 - [MESSAGE][PASSED] - Object 'Object Repository/IWP30/Page_ACHPersonalPaymentEntry/btn_Continue' is present

24-10-2024T23:52:40 - [MESSAGE][PASSED] - Object: 'Object Repository/IWP30/Page_ACHPersonalPaymentEntry/btn_Continue' is clicked on

24-10-2024T23:52:40 - [MESSAGE][PASSED] - iwpPages.achPersonalPaymentEntryPage.setDataACHPPM is PASSED

24-10-2024T23:52:40 - [TEST_STEP][PASSED] - click(findTestObject("Object Repository/IWP30/Page_Confirmation/ConfirmButton")): Object: 'Object Repository/IWP30/Page_Confirmation/ConfirmButton' is clicked on

24-10-2024T23:53:12 - [MESSAGE][INFO] - Unable to find the element located by 'By.xpath: //*[@type = 'submit' and @name = 'confirmNotifyAction' and @id = 'submitYes' and @value = 'Confirm']'. Please recheck the objects properties to make sure the desired element is located. 

24-10-2024T23:53:12 - [MESSAGE][WARNING] - [SELF-HEALING] Failed to find element with id 'Object Repository/IWP30/Page_Confirmation/ConfirmButton'. Try using Self-healing.

24-10-2024T23:53:12 - [MESSAGE][WARNING] - [SELF-HEALING] The current locator of test object 'Object Repository/IWP30/Page_Confirmation/ConfirmButton' was broken. Propose an alternative one: '//div/input'.

24-10-2024T23:53:14 - [MESSAGE][PASSED] - Object: 'Object Repository/IWP30/Page_Confirmation/ConfirmButton' is clicked on

24-10-2024T23:53:14 - [TEST_STEP][PASSED] - Thread.sleep(5000): null

24-10-2024T23:53:19 - [TEST_STEP][PASSED] - println("I am on real estate page"): null

24-10-2024T23:53:19 - [TEST_STEP][PASSED] - if (verifyTextPresent("Make a Real Estate Payment", false)): null

24-10-2024T23:53:19 - [MESSAGE][PASSED] - Text 'Make a Real Estate Payment' is present on page 

24-10-2024T23:53:19 - [TEST_STEP][PASSED] - isRequiredTextPresent = true: null

24-10-2024T23:53:19 - [TEST_STEP][PASSED] - println(isRequiredTextPresent): null

24-10-2024T23:53:19 - [TEST_STEP][PASSED] - if (isRequiredTextPresent): null

24-10-2024T23:53:19 - [TEST_STEP][PASSED] - if (verifyTextPresent("This transaction is subject to a Convenience Fees of $2.00.", false)): null

24-10-2024T23:53:19 - [MESSAGE][PASSED] - Text 'This transaction is subject to a Convenience Fees of $2.00.' is present on page 

24-10-2024T23:53:19 - [TEST_STEP][PASSED] - isRequiredTextPresent = true: null

24-10-2024T23:53:19 - [TEST_STEP][PASSED] - println(isRequiredTextPresent): null

24-10-2024T23:53:19 - [TEST_STEP][PASSED] - if (isRequiredTextPresent): null

24-10-2024T23:53:19 - [TEST_STEP][PASSED] - if (verifyTextPresent("Payment Amount:  $10.50", false)): null

24-10-2024T23:53:19 - [MESSAGE][PASSED] - Text 'Payment Amount:  $10.50' is present on page 

24-10-2024T23:53:19 - [TEST_STEP][PASSED] - isRequiredTextPresent = true: null

24-10-2024T23:53:19 - [TEST_STEP][PASSED] - if (isRequiredTextPresent): null

24-10-2024T23:53:19 - [TEST_STEP][PASSED] - if (verifyTextPresent("Convenience Fees:  $2.00", false)): null

24-10-2024T23:53:20 - [MESSAGE][PASSED] - Text 'Convenience Fees:  $2.00' is present on page 

24-10-2024T23:53:20 - [TEST_STEP][PASSED] - isRequiredTextPresent = true: null

24-10-2024T23:53:20 - [TEST_STEP][PASSED] - if (isRequiredTextPresent): null

24-10-2024T23:53:20 - [TEST_STEP][PASSED] - if (verifyTextPresent("Total Amount:  $12.50", false)): null

24-10-2024T23:53:20 - [MESSAGE][PASSED] - Text 'Total Amount:  $12.50' is present on page 

24-10-2024T23:53:20 - [TEST_STEP][PASSED] - isRequiredTextPresent = true: null

24-10-2024T23:53:20 - [TEST_STEP][PASSED] - if (isRequiredTextPresent): null

24-10-2024T23:53:20 - [TEST_STEP][PASSED] - if (verifyTextPresent("Two transactions will appear on your bank statement, one in the amount of $10.50 and one in the amount of $2.00.", false)): null

24-10-2024T23:53:20 - [MESSAGE][PASSED] - Text 'Two transactions will appear on your bank statement, one in the amount of $10.50 and one in the amount of $2.00.' is present on page 

24-10-2024T23:53:20 - [TEST_STEP][PASSED] - isRequiredTextPresent = true: null

24-10-2024T23:53:20 - [TEST_STEP][PASSED] - Thread.sleep(10000): null

24-10-2024T23:53:30 - [TEST_STEP][PASSED] - click(findTestObject("Object Repository/IWP30/Page_ConvenienceFees/btn_convFeeNotifyAction")): Object: 'Object Repository/IWP30/Page_ConvenienceFees/btn_convFeeNotifyAction' is clicked on

24-10-2024T23:53:31 - [MESSAGE][PASSED] - Object: 'Object Repository/IWP30/Page_ConvenienceFees/btn_convFeeNotifyAction' is clicked on

24-10-2024T23:53:31 - [TEST_STEP][PASSED] - Thread.sleep(10000): null

24-10-2024T23:53:41 - [TEST_STEP][PASSED] - if (verifyTextPresent("Successful Payment Receipt", false)): null

24-10-2024T23:53:42 - [MESSAGE][PASSED] - Text 'Successful Payment Receipt' is present on page 

24-10-2024T23:53:42 - [TEST_STEP][PASSED] - println("Successful Payment Receipt text is present on the Receipt page"): null

24-10-2024T23:53:42 - [TEST_STEP][PASSED] - markPassed("Successful Payment Receipt text is present on the Receipt page"): Successful Payment Receipt text is present on the Receipt page

24-10-2024T23:53:42 - [MESSAGE][PASSED] - Successful Payment Receipt text is present on the Receipt page

24-10-2024T23:53:42 - [TEST_STEP][PASSED] - resText = "Pass": null

24-10-2024T23:53:42 - [TEST_STEP][PASSED] - pages.WriteExcel.demoKey(resText, datText, resColumn, datCloumn, fileLoc, nameSheet, row): pages.WriteExcel.demoKey is PASSED

24-10-2024T23:53:42 - [MESSAGE][PASSED] - pages.WriteExcel.demoKey is PASSED

24-10-2024T23:53:42 - [TEST_STEP][PASSED] - closeBrowser(): Browser is closed

24-10-2024T23:53:42 - [MESSAGE][PASSED] - Browser is closed]]></system-out>
         <system-err><![CDATA[]]></system-err>
      </testcase>
      <testcase name="Test Cases/IntegratedWeb/IWP25/Payments/PayNowPersonalSavingsSCF" time="547.77" classname="Test Cases/IntegratedWeb/IWP25/Payments/PayNowPersonalSavingsSCF" status="PASSED">
         <system-out><![CDATA[24-10-2024T23:53:42 - [TEST_CASE][PASSED] - Test Cases/IntegratedWeb/IWP25/Payments/PayNowPersonalSavingsSCF: Test Cases/IntegratedWeb/IWP25/Payments/PayNowPersonalSavingsSCF

24-10-2024T23:53:43 - [TEST_STEP][PASSED] - resText = "Fail": null

24-10-2024T23:53:43 - [TEST_STEP][PASSED] - resColumn = "Result": null

24-10-2024T23:53:43 - [TEST_STEP][PASSED] - datCloumn = "Date": null

24-10-2024T23:53:43 - [TEST_STEP][PASSED] - fileLoc = "KatalonData/IWPTestData/VRelay25Payments.xlsx": null

24-10-2024T23:53:43 - [TEST_STEP][PASSED] - numOfRows = <not implemented yet for class: org.codehaus.groovy.ast.expr.EmptyExpression>: null

24-10-2024T23:53:43 - [TEST_STEP][PASSED] - dataFile = <not implemented yet for class: org.codehaus.groovy.ast.expr.EmptyExpression>: null

24-10-2024T23:53:43 - [TEST_STEP][PASSED] - nameSheet = <not implemented yet for class: org.codehaus.groovy.ast.expr.EmptyExpression>: null

24-10-2024T23:53:43 - [TEST_STEP][PASSED] - dataFileEmulator = <not implemented yet for class: org.codehaus.groovy.ast.expr.EmptyExpression>: null

24-10-2024T23:53:43 - [TEST_STEP][PASSED] - isRequiredTextPresent = false: null

24-10-2024T23:53:43 - [TEST_STEP][PASSED] - nameSheet = "PayNowPersonalSavingsSCF": null

24-10-2024T23:53:43 - [TEST_STEP][PASSED] - dataFile = "IWPTestData/IWP25PayNowPersonalSavingsSCF": null

24-10-2024T23:53:43 - [TEST_STEP][PASSED] - dataFileEmulator = "IWPTestData/EmulatorData": null

24-10-2024T23:53:43 - [TEST_STEP][PASSED] - numOfRows = findTestData(dataFile).getRowNumbers(): null

24-10-2024T23:53:43 - [TEST_STEP][PASSED] - println("Number of Records: " + numOfRows): null

24-10-2024T23:53:43 - [TEST_STEP][PASSED] - for ([row = 1, row <= numOfRows, (row++)]): Browser is closed

24-10-2024T23:53:43 - [TEST_STEP][PASSED] - ExecuteTC = findTestData(dataFile).getValue("Execute", row): null

24-10-2024T23:53:43 - [TEST_STEP][PASSED] - out.println("Value of Execute is : " + ExecuteTC): null

24-10-2024T23:53:43 - [TEST_STEP][PASSED] - if (ExecuteTC.equalsIgnoreCase("Y")): null

24-10-2024T23:53:43 - [TEST_STEP][PASSED] - out.println("Begin Record Number: " + row): null

24-10-2024T23:53:43 - [TEST_STEP][PASSED] - today = new java.util.Date(): null

24-10-2024T23:53:43 - [TEST_STEP][PASSED] - println(today): null

24-10-2024T23:53:43 - [TEST_STEP][PASSED] - datText = today: null

24-10-2024T23:53:43 - [TEST_STEP][PASSED] - EmulatorDataKey = findTestData(dataFile).getValue("EmulatorData", row): null

24-10-2024T23:53:43 - [TEST_STEP][PASSED] - out.println("Value of Emulator Key is : " + EmulatorDataKey): null

24-10-2024T23:53:43 - [TEST_STEP][PASSED] - iwpPages.emulatorIWP30.setDataEmulator_DD(EmulatorDataKey): iwpPages.emulatorIWP30.setDataEmulator_DD is PASSED

24-10-2024T23:53:43 - [MESSAGE][INFO] - Starting 'Edge Chromium' driver

24-10-2024T23:53:43 - [MESSAGE][INFO] - User set preference: ['acceptInsecureCerts', 'true']

24-10-2024T23:53:45 - [MESSAGE][INFO] - Action delay is set to 0 milliseconds

24-10-2024T23:53:49 - [MESSAGE][PASSED] - Browser is opened with url: 'https://qa2.velocitypayment.com/agencyx/config.action?action=editor&message_version=2_5'

24-10-2024T23:53:49 - [MESSAGE][PASSED] - Current window maximized

24-10-2024T23:54:20 - [MESSAGE][INFO] - Unable to find the element located by 'By.xpath: //select[@name='message_version']'. Please recheck the objects properties to make sure the desired element is located. 

24-10-2024T23:54:20 - [MESSAGE][WARNING] - [SELF-HEALING] Failed to find element with id 'Object Repository/IWP30/Page_VRelay30Emulator/MV'. Try using Self-healing.

24-10-2024T23:54:20 - [MESSAGE][WARNING] - [SELF-HEALING] The current locator of test object 'Object Repository/IWP30/Page_VRelay30Emulator/MV' was broken. Propose an alternative one: '(.//*[normalize-space(text()) and normalize-space(.)='Message Version'])[1]/following::select[1]'.

24-10-2024T23:54:21 - [MESSAGE][PASSED] - All options with value '2.5' are selected in object 'Object Repository/IWP30/Page_VRelay30Emulator/MV'  using regular expression

24-10-2024T23:54:22 - [MESSAGE][PASSED] - Text '10.50' is set on object 'Object Repository/IWP30/Page_EmulatorAgencyX/Amount'

24-10-2024T23:54:22 - [MESSAGE][PASSED] - Text 'rMY38RKB64fZ' is set on object 'Object Repository/IWP30/Page_EmulatorAgencyX/CAN'

24-10-2024T23:54:23 - [MESSAGE][PASSED] - Text 'PayNow' is set on object 'Object Repository/IWP30/Page_EmulatorAgencyX/Action'

24-10-2024T23:54:24 - [MESSAGE][PASSED] - Text 'en_US' is set on object 'Object Repository/IWP30/Page_EmulatorAgencyX/Lang'

24-10-2024T23:54:24 - [MESSAGE][PASSED] - Text '' is set on object 'Object Repository/IWP30/Page_EmulatorAgencyX/Fname'

24-10-2024T23:54:25 - [MESSAGE][PASSED] - Text '' is set on object 'Object Repository/IWP30/Page_EmulatorAgencyX/Lname'

24-10-2024T23:54:25 - [MESSAGE][PASSED] - Text '' is set on object 'Object Repository/IWP30/Page_EmulatorAgencyX/AL1'

24-10-2024T23:54:26 - [MESSAGE][PASSED] - Text '' is set on object 'Object Repository/IWP30/Page_EmulatorAgencyX/AL2'

24-10-2024T23:54:27 - [MESSAGE][PASSED] - Text '' is set on object 'Object Repository/IWP30/Page_EmulatorAgencyX/Country'

24-10-2024T23:54:27 - [MESSAGE][PASSED] - Text '' is set on object 'Object Repository/IWP30/Page_EmulatorAgencyX/City'

24-10-2024T23:54:28 - [MESSAGE][PASSED] - Text '' is set on object 'Object Repository/IWP30/Page_EmulatorAgencyX/State'

24-10-2024T23:54:28 - [MESSAGE][PASSED] - Text '' is set on object 'Object Repository/IWP30/Page_EmulatorAgencyX/ZIP'

24-10-2024T23:54:29 - [MESSAGE][PASSED] - Text '' is set on object 'Object Repository/IWP30/Page_EmulatorAgencyX/Order'

24-10-2024T23:54:30 - [MESSAGE][PASSED] - Text '' is set on object 'Object Repository/IWP30/Page_EmulatorAgencyX/Company'

24-10-2024T23:54:30 - [MESSAGE][PASSED] - Text '' is set on object 'Object Repository/IWP30/Page_EmulatorAgencyX/Email'

24-10-2024T23:54:31 - [MESSAGE][PASSED] - Text '' is set on object 'Object Repository/IWP30/Page_EmulatorAgencyX/UDF1'

24-10-2024T23:54:31 - [MESSAGE][PASSED] - Text '' is set on object 'Object Repository/IWP30/Page_EmulatorAgencyX/UDF2'

24-10-2024T23:54:32 - [MESSAGE][PASSED] - Text '' is set on object 'Object Repository/IWP30/Page_EmulatorAgencyX/UDF3'

24-10-2024T23:54:33 - [MESSAGE][PASSED] - Text 'udf data 4' is set on object 'Object Repository/IWP30/Page_EmulatorAgencyX/UDF4'

24-10-2024T23:54:33 - [MESSAGE][PASSED] - Text 'udf data 5' is set on object 'Object Repository/IWP30/Page_EmulatorAgencyX/UDF5'

24-10-2024T23:54:34 - [MESSAGE][PASSED] - Text '' is set on object 'Object Repository/IWP30/Page_EmulatorAgencyX/UDF6'

24-10-2024T23:54:34 - [MESSAGE][PASSED] - Text '' is set on object 'Object Repository/IWP30/Page_EmulatorAgencyX/UDF7'

24-10-2024T23:54:35 - [MESSAGE][PASSED] - Text '' is set on object 'Object Repository/IWP30/Page_EmulatorAgencyX/UDF8'

24-10-2024T23:54:36 - [MESSAGE][PASSED] - Text 'udf data 9' is set on object 'Object Repository/IWP30/Page_EmulatorAgencyX/UDF9'

24-10-2024T23:54:36 - [MESSAGE][PASSED] - Text 'udf data 10' is set on object 'Object Repository/IWP30/Page_EmulatorAgencyX/UDF10'

24-10-2024T23:54:38 - [MESSAGE][PASSED] - Object: 'Object Repository/IWP30/Page_EmulatorAgencyX/Submit' is clicked on

24-10-2024T23:54:42 - [MESSAGE][PASSED] - Browser is closed

24-10-2024T23:54:46 - [MESSAGE][PASSED] - iwpPages.emulatorIWP30.setDataEmulator_DD is PASSED

24-10-2024T23:54:46 - [TEST_STEP][PASSED] - testHarnessURL = urlTestHarness: null

24-10-2024T23:54:46 - [TEST_STEP][PASSED] - openBrowser(testHarnessURL): Browser is opened with url: 'https://dev-algorithm.govolution.com/vrelaytest/QA2/version_2_2/vrelaytest.html'

24-10-2024T23:54:46 - [MESSAGE][INFO] - Starting 'Edge Chromium' driver

24-10-2024T23:54:46 - [MESSAGE][INFO] - User set preference: ['acceptInsecureCerts', 'true']

24-10-2024T23:54:48 - [MESSAGE][INFO] - Action delay is set to 0 milliseconds

24-10-2024T23:54:52 - [MESSAGE][PASSED] - Browser is opened with url: 'https://dev-algorithm.govolution.com/vrelaytest/QA2/version_2_2/vrelaytest.html'

24-10-2024T23:54:52 - [TEST_STEP][PASSED] - maximizeWindow(): Current window maximized

24-10-2024T23:54:52 - [MESSAGE][PASSED] - Current window maximized

24-10-2024T23:54:52 - [TEST_STEP][PASSED] - iwpPages.TestHarnessPage.setDataMethod(row, dataFile): iwpPages.TestHarnessPage.setDataMethod is PASSED

24-10-2024T23:54:52 - [MESSAGE][PASSED] - Object 'Object Repository/IWP30/Page_QATestHarness/RemittanceID' is present

24-10-2024T23:54:53 - [MESSAGE][PASSED] - Text '639' is set on object 'Object Repository/IWP30/Page_QATestHarness/ApplicationID'

24-10-2024T23:54:53 - [MESSAGE][PASSED] - Text '2.5' is set on object 'Object Repository/IWP30/Page_QATestHarness/MessageVersion'

24-10-2024T23:54:54 - [MESSAGE][PASSED] - Text '9N9Doi3uBOat' is set on object 'Object Repository/IWP30/Page_QATestHarness/RemittanceID'

24-10-2024T23:54:58 - [MESSAGE][PASSED] - Object: 'Object Repository/IWP30/Page_QATestHarness/SubmitButton' is clicked on

24-10-2024T23:54:58 - [MESSAGE][PASSED] - iwpPages.TestHarnessPage.setDataMethod is PASSED

24-10-2024T23:54:58 - [TEST_STEP][PASSED] - click(findTestObject("Object Repository/IWP30/Page_SelectPaymentMethod/PayByPersonalCheck")): Object: 'Object Repository/IWP30/Page_SelectPaymentMethod/PayByPersonalCheck' is clicked on

24-10-2024T23:54:59 - [MESSAGE][PASSED] - Object: 'Object Repository/IWP30/Page_SelectPaymentMethod/PayByPersonalCheck' is clicked on

24-10-2024T23:54:59 - [TEST_STEP][PASSED] - click(findTestObject("Object Repository/IWP30/Page_SelectPaymentMethod/MakePaymentButton")): Object: 'Object Repository/IWP30/Page_SelectPaymentMethod/MakePaymentButton' is clicked on

24-10-2024T23:55:01 - [MESSAGE][PASSED] - Object: 'Object Repository/IWP30/Page_SelectPaymentMethod/MakePaymentButton' is clicked on

24-10-2024T23:55:01 - [TEST_STEP][PASSED] - iwpPages.achPersonalPaymentEntryPage.setDataACHPPM(row, dataFile): iwpPages.achPersonalPaymentEntryPage.setDataACHPPM is PASSED

24-10-2024T23:55:02 - [MESSAGE][PASSED] - Object 'Object Repository/IWP30/Page_ACHPersonalPaymentEntry/txt_accountNumber' is present

24-10-2024T23:55:03 - [MESSAGE][PASSED] - Text '10.50' is set on object 'Object Repository/IWP30/Page_ACHPersonalPaymentEntry/txt_Amount'

24-10-2024T23:55:03 - [MESSAGE][PASSED] - Object 'Object Repository/IWP30/Page_ACHPersonalPaymentEntry/txt_UDF2' is present

24-10-2024T23:55:04 - [MESSAGE][PASSED] - Text 'udf data 2' is set on object 'Object Repository/IWP30/Page_ACHPersonalPaymentEntry/txt_UDF2'

24-10-2024T23:55:05 - [MESSAGE][PASSED] - Text 'udf data 3' is set on object 'Object Repository/IWP30/Page_ACHPersonalPaymentEntry/txt_UDF3'

24-10-2024T23:55:05 - [MESSAGE][PASSED] - All options with label 'Orange' are selected in object 'Object Repository/IWP30/Page_ACHPersonalPaymentEntry/dd_UDF7' 

24-10-2024T23:55:06 - [MESSAGE][PASSED] - All options with label 'Soccer' are selected in object 'Object Repository/IWP30/Page_ACHPersonalPaymentEntry/dd_UDF8' 

24-10-2024T23:55:06 - [MESSAGE][PASSED] - Object 'Object Repository/IWP30/Page_ACHPersonalPaymentEntry/txt_Firstname' is present

24-10-2024T23:55:06 - [MESSAGE][PASSED] - Text 'Elizath' is set on object 'Object Repository/IWP30/Page_ACHPersonalPaymentEntry/txt_Firstname'

24-10-2024T23:55:07 - [MESSAGE][PASSED] - Object 'Object Repository/IWP30/Page_ACHPersonalPaymentEntry/txt_Lastname' is present

24-10-2024T23:55:07 - [MESSAGE][PASSED] - Text 'Christine' is set on object 'Object Repository/IWP30/Page_ACHPersonalPaymentEntry/txt_Lastname'

24-10-2024T23:55:08 - [MESSAGE][PASSED] - Object 'Object Repository/IWP30/Page_ACHPersonalPaymentEntry/txt_routingNumber' is present

24-10-2024T23:55:08 - [MESSAGE][PASSED] - Text '256072691' is set on object 'Object Repository/IWP30/Page_ACHPersonalPaymentEntry/txt_routingNumber'

24-10-2024T23:55:08 - [MESSAGE][PASSED] - Object 'Object Repository/IWP30/Page_ACHPersonalPaymentEntry/txt_accountNumber' is present

24-10-2024T23:55:10 - [MESSAGE][PASSED] - Text '12344444' is set on object 'Object Repository/IWP30/Page_ACHPersonalPaymentEntry/txt_accountNumber'

24-10-2024T23:55:10 - [MESSAGE][PASSED] - Object 'Object Repository/IWP30/Page_ACHPersonalPaymentEntry/txt_confirmAccountNumber' is present

24-10-2024T23:55:11 - [MESSAGE][PASSED] - Text '12344444' is set on object 'Object Repository/IWP30/Page_ACHPersonalPaymentEntry/txt_confirmAccountNumber'

24-10-2024T23:55:11 - [MESSAGE][PASSED] - Object 'Object Repository/IWP30/Page_ACHPersonalPaymentEntry/rd_accountType' is present

24-10-2024T23:55:11 - [MESSAGE][PASSED] - Modify property of object successfully

24-10-2024T23:55:11 - [MESSAGE][PASSED] - Object: 'Object Repository/IWP30/Page_ACHPersonalPaymentEntry/rd_accountType' is clicked on

24-10-2024T23:55:12 - [MESSAGE][PASSED] - Text '365 Main Avenue' is set on object 'Object Repository/IWP30/Page_ACHPersonalPaymentEntry/txt_AL1'

24-10-2024T23:55:13 - [MESSAGE][PASSED] - Text '22201' is set on object 'Object Repository/IWP30/Page_ACHPersonalPaymentEntry/txt_ZIP'

24-10-2024T23:55:13 - [MESSAGE][PASSED] - Object 'Object Repository/IWP30/Page_ACHPersonalPaymentEntry/txt_Email' is present

24-10-2024T23:55:14 - [MESSAGE][PASSED] - Text 'iahmed@govolution.com' is set on object 'Object Repository/IWP30/Page_ACHPersonalPaymentEntry/txt_Email'

24-10-2024T23:55:14 - [MESSAGE][PASSED] - Object 'Object Repository/IWP30/Page_ACHPersonalPaymentEntry/cb_TermsAndCond' is present

24-10-2024T23:55:15 - [MESSAGE][PASSED] - Object: 'Object Repository/IWP30/Page_ACHPersonalPaymentEntry/cb_TermsAndCond' is clicked on

24-10-2024T23:55:15 - [MESSAGE][PASSED] - Object 'Object Repository/IWP30/Page_ACHPersonalPaymentEntry/btn_Continue' is present

24-10-2024T23:55:16 - [MESSAGE][PASSED] - Object: 'Object Repository/IWP30/Page_ACHPersonalPaymentEntry/btn_Continue' is clicked on

24-10-2024T23:55:16 - [MESSAGE][PASSED] - iwpPages.achPersonalPaymentEntryPage.setDataACHPPM is PASSED

24-10-2024T23:55:16 - [TEST_STEP][PASSED] - click(findTestObject("Object Repository/IWP30/Page_Confirmation/ConfirmButton")): Object: 'Object Repository/IWP30/Page_Confirmation/ConfirmButton' is clicked on

24-10-2024T23:55:18 - [MESSAGE][PASSED] - Object: 'Object Repository/IWP30/Page_Confirmation/ConfirmButton' is clicked on

24-10-2024T23:55:18 - [TEST_STEP][PASSED] - Thread.sleep(5000): null

24-10-2024T23:55:23 - [TEST_STEP][PASSED] - if (verifyTextPresent("Make a Real Estate Payment", false)): null

24-10-2024T23:55:23 - [MESSAGE][PASSED] - Text 'Make a Real Estate Payment' is present on page 

24-10-2024T23:55:23 - [TEST_STEP][PASSED] - isRequiredTextPresent = true: null

24-10-2024T23:55:23 - [TEST_STEP][PASSED] - println(isRequiredTextPresent): null

24-10-2024T23:55:23 - [TEST_STEP][PASSED] - if (isRequiredTextPresent): null

24-10-2024T23:55:23 - [TEST_STEP][PASSED] - if (verifyTextPresent("This transaction is subject to a Convenience Fees of $2.00.", false)): null

24-10-2024T23:55:24 - [MESSAGE][PASSED] - Text 'This transaction is subject to a Convenience Fees of $2.00.' is present on page 

24-10-2024T23:55:24 - [TEST_STEP][PASSED] - isRequiredTextPresent = true: null

24-10-2024T23:55:24 - [TEST_STEP][PASSED] - println(isRequiredTextPresent): null

24-10-2024T23:55:24 - [TEST_STEP][PASSED] - if (isRequiredTextPresent): null

24-10-2024T23:55:24 - [TEST_STEP][PASSED] - if (verifyTextPresent("Payment Amount:  $10.50", false)): null

24-10-2024T23:55:24 - [MESSAGE][PASSED] - Text 'Payment Amount:  $10.50' is present on page 

24-10-2024T23:55:24 - [TEST_STEP][PASSED] - isRequiredTextPresent = true: null

24-10-2024T23:55:24 - [TEST_STEP][PASSED] - if (isRequiredTextPresent): null

24-10-2024T23:55:24 - [TEST_STEP][PASSED] - if (verifyTextPresent("Convenience Fees:  $2.00", false)): null

24-10-2024T23:55:24 - [MESSAGE][PASSED] - Text 'Convenience Fees:  $2.00' is present on page 

24-10-2024T23:55:24 - [TEST_STEP][PASSED] - isRequiredTextPresent = true: null

24-10-2024T23:55:24 - [TEST_STEP][PASSED] - if (isRequiredTextPresent): null

24-10-2024T23:55:24 - [TEST_STEP][PASSED] - if (verifyTextPresent("Total Amount:  $12.50", false)): null

24-10-2024T23:55:24 - [MESSAGE][PASSED] - Text 'Total Amount:  $12.50' is present on page 

24-10-2024T23:55:24 - [TEST_STEP][PASSED] - isRequiredTextPresent = true: null

24-10-2024T23:55:24 - [TEST_STEP][PASSED] - if (isRequiredTextPresent): null

24-10-2024T23:55:24 - [TEST_STEP][PASSED] - if (verifyTextPresent("One transaction in the amount of $12.50 will appear on your bank statement.", false)): null

24-10-2024T23:55:25 - [MESSAGE][PASSED] - Text 'One transaction in the amount of $12.50 will appear on your bank statement.' is present on page 

24-10-2024T23:55:25 - [TEST_STEP][PASSED] - isRequiredTextPresent = true: null

24-10-2024T23:55:25 - [TEST_STEP][PASSED] - Thread.sleep(10000): null

24-10-2024T23:55:35 - [TEST_STEP][PASSED] - click(findTestObject("Object Repository/IWP30/Page_ConvenienceFees/btn_convFeeNotifyAction")): Object: 'Object Repository/IWP30/Page_ConvenienceFees/btn_convFeeNotifyAction' is clicked on

24-10-2024T23:55:37 - [MESSAGE][PASSED] - Object: 'Object Repository/IWP30/Page_ConvenienceFees/btn_convFeeNotifyAction' is clicked on

24-10-2024T23:55:37 - [TEST_STEP][PASSED] - Thread.sleep(10000): null

24-10-2024T23:55:47 - [TEST_STEP][PASSED] - if (verifyTextPresent("Successful Payment Receipt", false)): null

24-10-2024T23:55:47 - [MESSAGE][PASSED] - Text 'Successful Payment Receipt' is present on page 

24-10-2024T23:55:47 - [TEST_STEP][PASSED] - println("Successful Payment Receipt text is present on the Receipt page"): null

24-10-2024T23:55:47 - [TEST_STEP][PASSED] - markPassed("Successful Payment Receipt text is present on the Receipt page"): Successful Payment Receipt text is present on the Receipt page

24-10-2024T23:55:47 - [MESSAGE][PASSED] - Successful Payment Receipt text is present on the Receipt page

24-10-2024T23:55:47 - [TEST_STEP][PASSED] - resText = "Pass": null

24-10-2024T23:55:47 - [TEST_STEP][PASSED] - pages.WriteExcel.demoKey(resText, datText, resColumn, datCloumn, fileLoc, nameSheet, row): pages.WriteExcel.demoKey is PASSED

24-10-2024T23:55:47 - [MESSAGE][PASSED] - pages.WriteExcel.demoKey is PASSED

24-10-2024T23:55:47 - [TEST_STEP][PASSED] - closeBrowser(): Browser is closed

24-10-2024T23:55:48 - [MESSAGE][PASSED] - Browser is closed

24-10-2024T23:55:48 - [TEST_STEP][PASSED] - ExecuteTC = findTestData(dataFile).getValue("Execute", row): null

24-10-2024T23:55:48 - [TEST_STEP][PASSED] - out.println("Value of Execute is : " + ExecuteTC): null

24-10-2024T23:55:48 - [TEST_STEP][PASSED] - if (ExecuteTC.equalsIgnoreCase("Y")): null

24-10-2024T23:55:48 - [TEST_STEP][PASSED] - out.println("Begin Record Number: " + row): null

24-10-2024T23:55:48 - [TEST_STEP][PASSED] - today = new java.util.Date(): null

24-10-2024T23:55:48 - [TEST_STEP][PASSED] - println(today): null

24-10-2024T23:55:48 - [TEST_STEP][PASSED] - datText = today: null

24-10-2024T23:55:48 - [TEST_STEP][PASSED] - EmulatorDataKey = findTestData(dataFile).getValue("EmulatorData", row): null

24-10-2024T23:55:48 - [TEST_STEP][PASSED] - out.println("Value of Emulator Key is : " + EmulatorDataKey): null

24-10-2024T23:55:48 - [TEST_STEP][PASSED] - iwpPages.emulatorIWP30.setDataEmulator_DD(EmulatorDataKey): iwpPages.emulatorIWP30.setDataEmulator_DD is PASSED

24-10-2024T23:55:48 - [MESSAGE][INFO] - Starting 'Edge Chromium' driver

24-10-2024T23:55:48 - [MESSAGE][INFO] - User set preference: ['acceptInsecureCerts', 'true']

24-10-2024T23:55:50 - [MESSAGE][INFO] - Action delay is set to 0 milliseconds

24-10-2024T23:55:54 - [MESSAGE][PASSED] - Browser is opened with url: 'https://qa2.velocitypayment.com/agencyx/config.action?action=editor&message_version=2_5'

24-10-2024T23:55:54 - [MESSAGE][PASSED] - Current window maximized

24-10-2024T23:56:25 - [MESSAGE][INFO] - Unable to find the element located by 'By.xpath: //select[@name='message_version']'. Please recheck the objects properties to make sure the desired element is located. 

24-10-2024T23:56:25 - [MESSAGE][WARNING] - [SELF-HEALING] Failed to find element with id 'Object Repository/IWP30/Page_VRelay30Emulator/MV'. Try using Self-healing.

24-10-2024T23:56:25 - [MESSAGE][WARNING] - [SELF-HEALING] The current locator of test object 'Object Repository/IWP30/Page_VRelay30Emulator/MV' was broken. Propose an alternative one: '(.//*[normalize-space(text()) and normalize-space(.)='Message Version'])[1]/following::select[1]'.

24-10-2024T23:56:26 - [MESSAGE][PASSED] - All options with value '2.5' are selected in object 'Object Repository/IWP30/Page_VRelay30Emulator/MV'  using regular expression

24-10-2024T23:56:26 - [MESSAGE][PASSED] - Text '10.50' is set on object 'Object Repository/IWP30/Page_EmulatorAgencyX/Amount'

24-10-2024T23:56:27 - [MESSAGE][PASSED] - Text 'RpEuaPt3W2O1' is set on object 'Object Repository/IWP30/Page_EmulatorAgencyX/CAN'

24-10-2024T23:56:27 - [MESSAGE][PASSED] - Text 'PayNow' is set on object 'Object Repository/IWP30/Page_EmulatorAgencyX/Action'

24-10-2024T23:56:28 - [MESSAGE][PASSED] - Text 'en_US' is set on object 'Object Repository/IWP30/Page_EmulatorAgencyX/Lang'

24-10-2024T23:56:29 - [MESSAGE][PASSED] - Text 'Jasmine' is set on object 'Object Repository/IWP30/Page_EmulatorAgencyX/Fname'

24-10-2024T23:56:29 - [MESSAGE][PASSED] - Text 'Patrinol' is set on object 'Object Repository/IWP30/Page_EmulatorAgencyX/Lname'

24-10-2024T23:56:30 - [MESSAGE][PASSED] - Text '258 Underwood rd' is set on object 'Object Repository/IWP30/Page_EmulatorAgencyX/AL1'

24-10-2024T23:56:30 - [MESSAGE][PASSED] - Text 'Suite 600' is set on object 'Object Repository/IWP30/Page_EmulatorAgencyX/AL2'

24-10-2024T23:56:31 - [MESSAGE][PASSED] - Text '840' is set on object 'Object Repository/IWP30/Page_EmulatorAgencyX/Country'

24-10-2024T23:56:32 - [MESSAGE][PASSED] - Text 'Arlington' is set on object 'Object Repository/IWP30/Page_EmulatorAgencyX/City'

24-10-2024T23:56:32 - [MESSAGE][PASSED] - Text 'VA' is set on object 'Object Repository/IWP30/Page_EmulatorAgencyX/State'

24-10-2024T23:56:33 - [MESSAGE][PASSED] - Text '22201' is set on object 'Object Repository/IWP30/Page_EmulatorAgencyX/ZIP'

24-10-2024T23:56:33 - [MESSAGE][PASSED] - Text '' is set on object 'Object Repository/IWP30/Page_EmulatorAgencyX/Order'

24-10-2024T23:56:34 - [MESSAGE][PASSED] - Text 'Some Company' is set on object 'Object Repository/IWP30/Page_EmulatorAgencyX/Company'

24-10-2024T23:56:35 - [MESSAGE][PASSED] - Text 'iahmed@govolution.com' is set on object 'Object Repository/IWP30/Page_EmulatorAgencyX/Email'

24-10-2024T23:56:35 - [MESSAGE][PASSED] - Text 'udf data 1' is set on object 'Object Repository/IWP30/Page_EmulatorAgencyX/UDF1'

24-10-2024T23:56:36 - [MESSAGE][PASSED] - Text 'udf data 2' is set on object 'Object Repository/IWP30/Page_EmulatorAgencyX/UDF2'

24-10-2024T23:56:36 - [MESSAGE][PASSED] - Text 'udf data 3' is set on object 'Object Repository/IWP30/Page_EmulatorAgencyX/UDF3'

24-10-2024T23:56:37 - [MESSAGE][PASSED] - Text 'udf data 4' is set on object 'Object Repository/IWP30/Page_EmulatorAgencyX/UDF4'

24-10-2024T23:56:38 - [MESSAGE][PASSED] - Text 'udf data 5' is set on object 'Object Repository/IWP30/Page_EmulatorAgencyX/UDF5'

24-10-2024T23:56:38 - [MESSAGE][PASSED] - Text 'udf data 6' is set on object 'Object Repository/IWP30/Page_EmulatorAgencyX/UDF6'

24-10-2024T23:56:39 - [MESSAGE][PASSED] - Text 'Orange' is set on object 'Object Repository/IWP30/Page_EmulatorAgencyX/UDF7'

24-10-2024T23:56:39 - [MESSAGE][PASSED] - Text 'Soccer' is set on object 'Object Repository/IWP30/Page_EmulatorAgencyX/UDF8'

24-10-2024T23:56:40 - [MESSAGE][PASSED] - Text 'udf data 9' is set on object 'Object Repository/IWP30/Page_EmulatorAgencyX/UDF9'

24-10-2024T23:56:40 - [MESSAGE][PASSED] - Text 'udf data 10' is set on object 'Object Repository/IWP30/Page_EmulatorAgencyX/UDF10'

24-10-2024T23:56:42 - [MESSAGE][PASSED] - Object: 'Object Repository/IWP30/Page_EmulatorAgencyX/Submit' is clicked on

24-10-2024T23:56:46 - [MESSAGE][PASSED] - Browser is closed

24-10-2024T23:56:50 - [MESSAGE][PASSED] - iwpPages.emulatorIWP30.setDataEmulator_DD is PASSED

24-10-2024T23:56:50 - [TEST_STEP][PASSED] - testHarnessURL = urlTestHarness: null

24-10-2024T23:56:50 - [TEST_STEP][PASSED] - openBrowser(testHarnessURL): Browser is opened with url: 'https://dev-algorithm.govolution.com/vrelaytest/QA2/version_2_2/vrelaytest.html'

24-10-2024T23:56:50 - [MESSAGE][INFO] - Starting 'Edge Chromium' driver

24-10-2024T23:56:50 - [MESSAGE][INFO] - User set preference: ['acceptInsecureCerts', 'true']

24-10-2024T23:56:52 - [MESSAGE][INFO] - Action delay is set to 0 milliseconds

24-10-2024T23:56:56 - [MESSAGE][PASSED] - Browser is opened with url: 'https://dev-algorithm.govolution.com/vrelaytest/QA2/version_2_2/vrelaytest.html'

24-10-2024T23:56:56 - [TEST_STEP][PASSED] - maximizeWindow(): Current window maximized

24-10-2024T23:56:56 - [MESSAGE][PASSED] - Current window maximized

24-10-2024T23:56:56 - [TEST_STEP][PASSED] - iwpPages.TestHarnessPage.setDataMethod(row, dataFile): iwpPages.TestHarnessPage.setDataMethod is PASSED

24-10-2024T23:56:56 - [MESSAGE][PASSED] - Object 'Object Repository/IWP30/Page_QATestHarness/RemittanceID' is present

24-10-2024T23:56:57 - [MESSAGE][PASSED] - Text '639' is set on object 'Object Repository/IWP30/Page_QATestHarness/ApplicationID'

24-10-2024T23:56:58 - [MESSAGE][PASSED] - Text '2.5' is set on object 'Object Repository/IWP30/Page_QATestHarness/MessageVersion'

24-10-2024T23:56:58 - [MESSAGE][PASSED] - Text '0VS1iR3bGwWL' is set on object 'Object Repository/IWP30/Page_QATestHarness/RemittanceID'

24-10-2024T23:57:02 - [MESSAGE][PASSED] - Object: 'Object Repository/IWP30/Page_QATestHarness/SubmitButton' is clicked on

24-10-2024T23:57:02 - [MESSAGE][PASSED] - iwpPages.TestHarnessPage.setDataMethod is PASSED

24-10-2024T23:57:02 - [TEST_STEP][PASSED] - click(findTestObject("Object Repository/IWP30/Page_SelectPaymentMethod/PayByPersonalCheck")): Object: 'Object Repository/IWP30/Page_SelectPaymentMethod/PayByPersonalCheck' is clicked on

24-10-2024T23:57:02 - [MESSAGE][PASSED] - Object: 'Object Repository/IWP30/Page_SelectPaymentMethod/PayByPersonalCheck' is clicked on

24-10-2024T23:57:02 - [TEST_STEP][PASSED] - click(findTestObject("Object Repository/IWP30/Page_SelectPaymentMethod/MakePaymentButton")): Object: 'Object Repository/IWP30/Page_SelectPaymentMethod/MakePaymentButton' is clicked on

24-10-2024T23:57:05 - [MESSAGE][PASSED] - Object: 'Object Repository/IWP30/Page_SelectPaymentMethod/MakePaymentButton' is clicked on

24-10-2024T23:57:05 - [TEST_STEP][PASSED] - iwpPages.achPersonalPaymentEntryPage.setDataACHPPM(row, dataFile): iwpPages.achPersonalPaymentEntryPage.setDataACHPPM is PASSED

24-10-2024T23:57:06 - [MESSAGE][PASSED] - Object 'Object Repository/IWP30/Page_ACHPersonalPaymentEntry/txt_accountNumber' is present

24-10-2024T23:57:06 - [MESSAGE][PASSED] - Object 'Object Repository/IWP30/Page_ACHPersonalPaymentEntry/txt_UDF2' is present

24-10-2024T23:57:07 - [MESSAGE][PASSED] - All options with label 'Soccer' are selected in object 'Object Repository/IWP30/Page_ACHPersonalPaymentEntry/dd_UDF8' 

24-10-2024T23:57:07 - [MESSAGE][PASSED] - Object 'Object Repository/IWP30/Page_ACHPersonalPaymentEntry/txt_Firstname' is present

24-10-2024T23:57:08 - [MESSAGE][PASSED] - Text 'Elizath' is set on object 'Object Repository/IWP30/Page_ACHPersonalPaymentEntry/txt_Firstname'

24-10-2024T23:57:08 - [MESSAGE][PASSED] - Object 'Object Repository/IWP30/Page_ACHPersonalPaymentEntry/txt_Lastname' is present

24-10-2024T23:57:09 - [MESSAGE][PASSED] - Text 'Christine' is set on object 'Object Repository/IWP30/Page_ACHPersonalPaymentEntry/txt_Lastname'

24-10-2024T23:57:09 - [MESSAGE][PASSED] - Object 'Object Repository/IWP30/Page_ACHPersonalPaymentEntry/txt_routingNumber' is present

24-10-2024T23:57:09 - [MESSAGE][PASSED] - Text '256072691' is set on object 'Object Repository/IWP30/Page_ACHPersonalPaymentEntry/txt_routingNumber'

24-10-2024T23:57:10 - [MESSAGE][PASSED] - Object 'Object Repository/IWP30/Page_ACHPersonalPaymentEntry/txt_accountNumber' is present

24-10-2024T23:57:11 - [MESSAGE][PASSED] - Text '12344444' is set on object 'Object Repository/IWP30/Page_ACHPersonalPaymentEntry/txt_accountNumber'

24-10-2024T23:57:12 - [MESSAGE][PASSED] - Object 'Object Repository/IWP30/Page_ACHPersonalPaymentEntry/txt_confirmAccountNumber' is present

24-10-2024T23:57:12 - [MESSAGE][PASSED] - Text '12344444' is set on object 'Object Repository/IWP30/Page_ACHPersonalPaymentEntry/txt_confirmAccountNumber'

24-10-2024T23:57:12 - [MESSAGE][PASSED] - Object 'Object Repository/IWP30/Page_ACHPersonalPaymentEntry/rd_accountType' is present

24-10-2024T23:57:12 - [MESSAGE][PASSED] - Modify property of object successfully

24-10-2024T23:57:13 - [MESSAGE][PASSED] - Object: 'Object Repository/IWP30/Page_ACHPersonalPaymentEntry/rd_accountType' is clicked on

24-10-2024T23:57:13 - [MESSAGE][PASSED] - Object 'Object Repository/IWP30/Page_ACHPersonalPaymentEntry/txt_Email' is present

24-10-2024T23:57:13 - [MESSAGE][PASSED] - Object 'Object Repository/IWP30/Page_ACHPersonalPaymentEntry/cb_TermsAndCond' is present

24-10-2024T23:57:13 - [MESSAGE][PASSED] - Object: 'Object Repository/IWP30/Page_ACHPersonalPaymentEntry/cb_TermsAndCond' is clicked on

24-10-2024T23:57:14 - [MESSAGE][PASSED] - Object 'Object Repository/IWP30/Page_ACHPersonalPaymentEntry/btn_Continue' is present

24-10-2024T23:57:15 - [MESSAGE][PASSED] - Object: 'Object Repository/IWP30/Page_ACHPersonalPaymentEntry/btn_Continue' is clicked on

24-10-2024T23:57:15 - [MESSAGE][PASSED] - iwpPages.achPersonalPaymentEntryPage.setDataACHPPM is PASSED

24-10-2024T23:57:15 - [TEST_STEP][PASSED] - click(findTestObject("Object Repository/IWP30/Page_Confirmation/ConfirmButton")): Object: 'Object Repository/IWP30/Page_Confirmation/ConfirmButton' is clicked on

24-10-2024T23:57:17 - [MESSAGE][PASSED] - Object: 'Object Repository/IWP30/Page_Confirmation/ConfirmButton' is clicked on

24-10-2024T23:57:17 - [TEST_STEP][PASSED] - Thread.sleep(5000): null

24-10-2024T23:57:22 - [TEST_STEP][PASSED] - if (verifyTextPresent("Make a Real Estate Payment", false)): null

24-10-2024T23:57:22 - [MESSAGE][PASSED] - Text 'Make a Real Estate Payment' is present on page 

24-10-2024T23:57:22 - [TEST_STEP][PASSED] - isRequiredTextPresent = true: null

24-10-2024T23:57:22 - [TEST_STEP][PASSED] - println(isRequiredTextPresent): null

24-10-2024T23:57:22 - [TEST_STEP][PASSED] - if (isRequiredTextPresent): null

24-10-2024T23:57:22 - [TEST_STEP][PASSED] - if (verifyTextPresent("This transaction is subject to a Convenience Fees of $2.00.", false)): null

24-10-2024T23:57:23 - [MESSAGE][PASSED] - Text 'This transaction is subject to a Convenience Fees of $2.00.' is present on page 

24-10-2024T23:57:23 - [TEST_STEP][PASSED] - isRequiredTextPresent = true: null

24-10-2024T23:57:23 - [TEST_STEP][PASSED] - println(isRequiredTextPresent): null

24-10-2024T23:57:23 - [TEST_STEP][PASSED] - if (isRequiredTextPresent): null

24-10-2024T23:57:23 - [TEST_STEP][PASSED] - if (verifyTextPresent("Payment Amount:  $10.50", false)): null

24-10-2024T23:57:23 - [MESSAGE][PASSED] - Text 'Payment Amount:  $10.50' is present on page 

24-10-2024T23:57:23 - [TEST_STEP][PASSED] - isRequiredTextPresent = true: null

24-10-2024T23:57:23 - [TEST_STEP][PASSED] - if (isRequiredTextPresent): null

24-10-2024T23:57:23 - [TEST_STEP][PASSED] - if (verifyTextPresent("Convenience Fees:  $2.00", false)): null

24-10-2024T23:57:23 - [MESSAGE][PASSED] - Text 'Convenience Fees:  $2.00' is present on page 

24-10-2024T23:57:23 - [TEST_STEP][PASSED] - isRequiredTextPresent = true: null

24-10-2024T23:57:23 - [TEST_STEP][PASSED] - if (isRequiredTextPresent): null

24-10-2024T23:57:23 - [TEST_STEP][PASSED] - if (verifyTextPresent("Total Amount:  $12.50", false)): null

24-10-2024T23:57:23 - [MESSAGE][PASSED] - Text 'Total Amount:  $12.50' is present on page 

24-10-2024T23:57:23 - [TEST_STEP][PASSED] - isRequiredTextPresent = true: null

24-10-2024T23:57:23 - [TEST_STEP][PASSED] - if (isRequiredTextPresent): null

24-10-2024T23:57:23 - [TEST_STEP][PASSED] - if (verifyTextPresent("One transaction in the amount of $12.50 will appear on your bank statement.", false)): null

24-10-2024T23:57:24 - [MESSAGE][PASSED] - Text 'One transaction in the amount of $12.50 will appear on your bank statement.' is present on page 

24-10-2024T23:57:24 - [TEST_STEP][PASSED] - isRequiredTextPresent = true: null

24-10-2024T23:57:24 - [TEST_STEP][PASSED] - Thread.sleep(10000): null

24-10-2024T23:57:34 - [TEST_STEP][PASSED] - click(findTestObject("Object Repository/IWP30/Page_ConvenienceFees/btn_convFeeNotifyAction")): Object: 'Object Repository/IWP30/Page_ConvenienceFees/btn_convFeeNotifyAction' is clicked on

24-10-2024T23:57:36 - [MESSAGE][PASSED] - Object: 'Object Repository/IWP30/Page_ConvenienceFees/btn_convFeeNotifyAction' is clicked on

24-10-2024T23:57:36 - [TEST_STEP][PASSED] - Thread.sleep(10000): null

24-10-2024T23:57:46 - [TEST_STEP][PASSED] - if (verifyTextPresent("Successful Payment Receipt", false)): null

24-10-2024T23:57:46 - [MESSAGE][PASSED] - Text 'Successful Payment Receipt' is present on page 

24-10-2024T23:57:46 - [TEST_STEP][PASSED] - println("Successful Payment Receipt text is present on the Receipt page"): null

24-10-2024T23:57:46 - [TEST_STEP][PASSED] - markPassed("Successful Payment Receipt text is present on the Receipt page"): Successful Payment Receipt text is present on the Receipt page

24-10-2024T23:57:46 - [MESSAGE][PASSED] - Successful Payment Receipt text is present on the Receipt page

24-10-2024T23:57:46 - [TEST_STEP][PASSED] - resText = "Pass": null

24-10-2024T23:57:46 - [TEST_STEP][PASSED] - pages.WriteExcel.demoKey(resText, datText, resColumn, datCloumn, fileLoc, nameSheet, row): pages.WriteExcel.demoKey is PASSED

24-10-2024T23:57:46 - [MESSAGE][PASSED] - pages.WriteExcel.demoKey is PASSED

24-10-2024T23:57:46 - [TEST_STEP][PASSED] - closeBrowser(): Browser is closed

24-10-2024T23:57:47 - [MESSAGE][PASSED] - Browser is closed

24-10-2024T23:57:47 - [TEST_STEP][PASSED] - ExecuteTC = findTestData(dataFile).getValue("Execute", row): null

24-10-2024T23:57:47 - [TEST_STEP][PASSED] - out.println("Value of Execute is : " + ExecuteTC): null

24-10-2024T23:57:47 - [TEST_STEP][PASSED] - if (ExecuteTC.equalsIgnoreCase("Y")): null

24-10-2024T23:57:47 - [TEST_STEP][PASSED] - out.println("Begin Record Number: " + row): null

24-10-2024T23:57:47 - [TEST_STEP][PASSED] - today = new java.util.Date(): null

24-10-2024T23:57:47 - [TEST_STEP][PASSED] - println(today): null

24-10-2024T23:57:47 - [TEST_STEP][PASSED] - datText = today: null

24-10-2024T23:57:47 - [TEST_STEP][PASSED] - EmulatorDataKey = findTestData(dataFile).getValue("EmulatorData", row): null

24-10-2024T23:57:47 - [TEST_STEP][PASSED] - out.println("Value of Emulator Key is : " + EmulatorDataKey): null

24-10-2024T23:57:47 - [TEST_STEP][PASSED] - iwpPages.emulatorIWP30.setDataEmulator_DD(EmulatorDataKey): iwpPages.emulatorIWP30.setDataEmulator_DD is PASSED

24-10-2024T23:57:47 - [MESSAGE][INFO] - Starting 'Edge Chromium' driver

24-10-2024T23:57:47 - [MESSAGE][INFO] - User set preference: ['acceptInsecureCerts', 'true']

24-10-2024T23:57:49 - [MESSAGE][INFO] - Action delay is set to 0 milliseconds

24-10-2024T23:57:53 - [MESSAGE][PASSED] - Browser is opened with url: 'https://qa2.velocitypayment.com/agencyx/config.action?action=editor&message_version=3_0'

24-10-2024T23:57:53 - [MESSAGE][PASSED] - Current window maximized

24-10-2024T23:58:24 - [MESSAGE][INFO] - Unable to find the element located by 'By.xpath: //select[@name='message_version']'. Please recheck the objects properties to make sure the desired element is located. 

24-10-2024T23:58:24 - [MESSAGE][WARNING] - [SELF-HEALING] Failed to find element with id 'Object Repository/IWP30/Page_VRelay30Emulator/MV'. Try using Self-healing.

24-10-2024T23:58:24 - [MESSAGE][WARNING] - [SELF-HEALING] The current locator of test object 'Object Repository/IWP30/Page_VRelay30Emulator/MV' was broken. Propose an alternative one: '(.//*[normalize-space(text()) and normalize-space(.)='Message Version'])[1]/following::select[1]'.

24-10-2024T23:58:25 - [MESSAGE][PASSED] - All options with value '3.0' are selected in object 'Object Repository/IWP30/Page_VRelay30Emulator/MV'  using regular expression

24-10-2024T23:58:26 - [MESSAGE][PASSED] - Text '10.50' is set on object 'Object Repository/IWP30/Page_EmulatorAgencyX/Amount'

24-10-2024T23:58:26 - [MESSAGE][PASSED] - Text 'P27BoxJn7xGc' is set on object 'Object Repository/IWP30/Page_EmulatorAgencyX/CAN'

24-10-2024T23:58:27 - [MESSAGE][PASSED] - Text 'PayNow' is set on object 'Object Repository/IWP30/Page_EmulatorAgencyX/Action'

24-10-2024T23:58:27 - [MESSAGE][PASSED] - Text 'en_US' is set on object 'Object Repository/IWP30/Page_EmulatorAgencyX/Lang'

24-10-2024T23:58:28 - [MESSAGE][PASSED] - Text '' is set on object 'Object Repository/IWP30/Page_EmulatorAgencyX/Fname'

24-10-2024T23:58:29 - [MESSAGE][PASSED] - Text '' is set on object 'Object Repository/IWP30/Page_EmulatorAgencyX/Lname'

24-10-2024T23:58:29 - [MESSAGE][PASSED] - Text '' is set on object 'Object Repository/IWP30/Page_EmulatorAgencyX/AL1'

24-10-2024T23:58:30 - [MESSAGE][PASSED] - Text '' is set on object 'Object Repository/IWP30/Page_EmulatorAgencyX/AL2'

24-10-2024T23:58:30 - [MESSAGE][PASSED] - Text '' is set on object 'Object Repository/IWP30/Page_EmulatorAgencyX/Country'

24-10-2024T23:58:31 - [MESSAGE][PASSED] - Text '' is set on object 'Object Repository/IWP30/Page_EmulatorAgencyX/City'

24-10-2024T23:58:31 - [MESSAGE][PASSED] - Text '' is set on object 'Object Repository/IWP30/Page_EmulatorAgencyX/State'

24-10-2024T23:58:32 - [MESSAGE][PASSED] - Text '' is set on object 'Object Repository/IWP30/Page_EmulatorAgencyX/ZIP'

24-10-2024T23:58:33 - [MESSAGE][PASSED] - Text '' is set on object 'Object Repository/IWP30/Page_EmulatorAgencyX/Order'

24-10-2024T23:58:33 - [MESSAGE][PASSED] - Text '' is set on object 'Object Repository/IWP30/Page_EmulatorAgencyX/Company'

24-10-2024T23:58:34 - [MESSAGE][PASSED] - Text '' is set on object 'Object Repository/IWP30/Page_EmulatorAgencyX/Email'

24-10-2024T23:58:34 - [MESSAGE][PASSED] - Text '' is set on object 'Object Repository/IWP30/Page_EmulatorAgencyX/UDF1'

24-10-2024T23:58:35 - [MESSAGE][PASSED] - Text '' is set on object 'Object Repository/IWP30/Page_EmulatorAgencyX/UDF2'

24-10-2024T23:58:35 - [MESSAGE][PASSED] - Text '' is set on object 'Object Repository/IWP30/Page_EmulatorAgencyX/UDF3'

24-10-2024T23:58:36 - [MESSAGE][PASSED] - Text 'udf data 4' is set on object 'Object Repository/IWP30/Page_EmulatorAgencyX/UDF4'

24-10-2024T23:58:37 - [MESSAGE][PASSED] - Text 'udf data 5' is set on object 'Object Repository/IWP30/Page_EmulatorAgencyX/UDF5'

24-10-2024T23:58:37 - [MESSAGE][PASSED] - Text '' is set on object 'Object Repository/IWP30/Page_EmulatorAgencyX/UDF6'

24-10-2024T23:58:38 - [MESSAGE][PASSED] - Text '' is set on object 'Object Repository/IWP30/Page_EmulatorAgencyX/UDF7'

24-10-2024T23:58:38 - [MESSAGE][PASSED] - Text '' is set on object 'Object Repository/IWP30/Page_EmulatorAgencyX/UDF8'

24-10-2024T23:58:39 - [MESSAGE][PASSED] - Text 'udf data 9' is set on object 'Object Repository/IWP30/Page_EmulatorAgencyX/UDF9'

24-10-2024T23:58:40 - [MESSAGE][PASSED] - Text 'udf data 10' is set on object 'Object Repository/IWP30/Page_EmulatorAgencyX/UDF10'

24-10-2024T23:58:41 - [MESSAGE][PASSED] - Object: 'Object Repository/IWP30/Page_EmulatorAgencyX/Submit' is clicked on

24-10-2024T23:58:45 - [MESSAGE][PASSED] - Browser is closed

24-10-2024T23:58:50 - [MESSAGE][PASSED] - iwpPages.emulatorIWP30.setDataEmulator_DD is PASSED

24-10-2024T23:58:50 - [TEST_STEP][PASSED] - testHarnessURL = urlTestHarness: null

24-10-2024T23:58:50 - [TEST_STEP][PASSED] - openBrowser(testHarnessURL): Browser is opened with url: 'https://dev-algorithm.govolution.com/vrelaytest/QA2/version_2_2/vrelaytest.html'

24-10-2024T23:58:50 - [MESSAGE][INFO] - Starting 'Edge Chromium' driver

24-10-2024T23:58:50 - [MESSAGE][INFO] - User set preference: ['acceptInsecureCerts', 'true']

24-10-2024T23:58:52 - [MESSAGE][INFO] - Action delay is set to 0 milliseconds

24-10-2024T23:58:55 - [MESSAGE][PASSED] - Browser is opened with url: 'https://dev-algorithm.govolution.com/vrelaytest/QA2/version_2_2/vrelaytest.html'

24-10-2024T23:58:55 - [TEST_STEP][PASSED] - maximizeWindow(): Current window maximized

24-10-2024T23:58:55 - [MESSAGE][PASSED] - Current window maximized

24-10-2024T23:58:55 - [TEST_STEP][PASSED] - iwpPages.TestHarnessPage.setDataMethod(row, dataFile): iwpPages.TestHarnessPage.setDataMethod is PASSED

24-10-2024T23:58:56 - [MESSAGE][PASSED] - Object 'Object Repository/IWP30/Page_QATestHarness/RemittanceID' is present

24-10-2024T23:58:56 - [MESSAGE][PASSED] - Text '650' is set on object 'Object Repository/IWP30/Page_QATestHarness/ApplicationID'

24-10-2024T23:58:57 - [MESSAGE][PASSED] - Text '3.0' is set on object 'Object Repository/IWP30/Page_QATestHarness/MessageVersion'

24-10-2024T23:58:58 - [MESSAGE][PASSED] - Text '2rMkJqpbgzCf' is set on object 'Object Repository/IWP30/Page_QATestHarness/RemittanceID'

24-10-2024T23:59:01 - [MESSAGE][PASSED] - Object: 'Object Repository/IWP30/Page_QATestHarness/SubmitButton' is clicked on

24-10-2024T23:59:01 - [MESSAGE][PASSED] - iwpPages.TestHarnessPage.setDataMethod is PASSED

24-10-2024T23:59:01 - [TEST_STEP][PASSED] - click(findTestObject("Object Repository/IWP30/Page_SelectPaymentMethod/PayByPersonalCheck")): Object: 'Object Repository/IWP30/Page_SelectPaymentMethod/PayByPersonalCheck' is clicked on

24-10-2024T23:59:02 - [MESSAGE][PASSED] - Object: 'Object Repository/IWP30/Page_SelectPaymentMethod/PayByPersonalCheck' is clicked on

24-10-2024T23:59:02 - [TEST_STEP][PASSED] - click(findTestObject("Object Repository/IWP30/Page_SelectPaymentMethod/MakePaymentButton")): Object: 'Object Repository/IWP30/Page_SelectPaymentMethod/MakePaymentButton' is clicked on

24-10-2024T23:59:04 - [MESSAGE][PASSED] - Object: 'Object Repository/IWP30/Page_SelectPaymentMethod/MakePaymentButton' is clicked on

24-10-2024T23:59:04 - [TEST_STEP][PASSED] - iwpPages.achPersonalPaymentEntryPage.setDataACHPPM(row, dataFile): iwpPages.achPersonalPaymentEntryPage.setDataACHPPM is PASSED

24-10-2024T23:59:05 - [MESSAGE][PASSED] - Object 'Object Repository/IWP30/Page_ACHPersonalPaymentEntry/txt_accountNumber' is present

24-10-2024T23:59:06 - [MESSAGE][PASSED] - Text '10.50' is set on object 'Object Repository/IWP30/Page_ACHPersonalPaymentEntry/txt_Amount'

24-10-2024T23:59:06 - [MESSAGE][PASSED] - Object 'Object Repository/IWP30/Page_ACHPersonalPaymentEntry/txt_UDF2' is present

24-10-2024T23:59:07 - [MESSAGE][PASSED] - Text 'udf data 2' is set on object 'Object Repository/IWP30/Page_ACHPersonalPaymentEntry/txt_UDF2'

24-10-2024T23:59:07 - [MESSAGE][PASSED] - Text 'udf data 3' is set on object 'Object Repository/IWP30/Page_ACHPersonalPaymentEntry/txt_UDF3'

24-10-2024T23:59:08 - [MESSAGE][PASSED] - All options with label 'Orange' are selected in object 'Object Repository/IWP30/Page_ACHPersonalPaymentEntry/dd_UDF7' 

24-10-2024T23:59:09 - [MESSAGE][PASSED] - All options with label 'Soccer' are selected in object 'Object Repository/IWP30/Page_ACHPersonalPaymentEntry/dd_UDF8' 

24-10-2024T23:59:09 - [MESSAGE][PASSED] - Object 'Object Repository/IWP30/Page_ACHPersonalPaymentEntry/txt_Firstname' is present

24-10-2024T23:59:09 - [MESSAGE][PASSED] - Text 'Elizath' is set on object 'Object Repository/IWP30/Page_ACHPersonalPaymentEntry/txt_Firstname'

24-10-2024T23:59:10 - [MESSAGE][PASSED] - Object 'Object Repository/IWP30/Page_ACHPersonalPaymentEntry/txt_Lastname' is present

24-10-2024T23:59:10 - [MESSAGE][PASSED] - Text 'Christine' is set on object 'Object Repository/IWP30/Page_ACHPersonalPaymentEntry/txt_Lastname'

24-10-2024T23:59:10 - [MESSAGE][PASSED] - Object 'Object Repository/IWP30/Page_ACHPersonalPaymentEntry/txt_routingNumber' is present

24-10-2024T23:59:11 - [MESSAGE][PASSED] - Text '256072691' is set on object 'Object Repository/IWP30/Page_ACHPersonalPaymentEntry/txt_routingNumber'

24-10-2024T23:59:11 - [MESSAGE][PASSED] - Object 'Object Repository/IWP30/Page_ACHPersonalPaymentEntry/txt_accountNumber' is present

24-10-2024T23:59:12 - [MESSAGE][PASSED] - Text '12344444' is set on object 'Object Repository/IWP30/Page_ACHPersonalPaymentEntry/txt_accountNumber'

24-10-2024T23:59:13 - [MESSAGE][PASSED] - Object 'Object Repository/IWP30/Page_ACHPersonalPaymentEntry/txt_confirmAccountNumber' is present

24-10-2024T23:59:13 - [MESSAGE][PASSED] - Text '12344444' is set on object 'Object Repository/IWP30/Page_ACHPersonalPaymentEntry/txt_confirmAccountNumber'

24-10-2024T23:59:13 - [MESSAGE][PASSED] - Object 'Object Repository/IWP30/Page_ACHPersonalPaymentEntry/rd_accountType' is present

24-10-2024T23:59:13 - [MESSAGE][PASSED] - Modify property of object successfully

24-10-2024T23:59:14 - [MESSAGE][PASSED] - Object: 'Object Repository/IWP30/Page_ACHPersonalPaymentEntry/rd_accountType' is clicked on

24-10-2024T23:59:14 - [MESSAGE][PASSED] - Text '365 Main Avenue' is set on object 'Object Repository/IWP30/Page_ACHPersonalPaymentEntry/txt_AL1'

24-10-2024T23:59:15 - [MESSAGE][PASSED] - Text '22201' is set on object 'Object Repository/IWP30/Page_ACHPersonalPaymentEntry/txt_ZIP'

24-10-2024T23:59:15 - [MESSAGE][PASSED] - Object 'Object Repository/IWP30/Page_ACHPersonalPaymentEntry/txt_Email' is present

24-10-2024T23:59:16 - [MESSAGE][PASSED] - Text 'iahmed@govolution.com' is set on object 'Object Repository/IWP30/Page_ACHPersonalPaymentEntry/txt_Email'

24-10-2024T23:59:17 - [MESSAGE][PASSED] - Object 'Object Repository/IWP30/Page_ACHPersonalPaymentEntry/cb_TermsAndCond' is present

24-10-2024T23:59:17 - [MESSAGE][PASSED] - Object: 'Object Repository/IWP30/Page_ACHPersonalPaymentEntry/cb_TermsAndCond' is clicked on

24-10-2024T23:59:17 - [MESSAGE][PASSED] - Object 'Object Repository/IWP30/Page_ACHPersonalPaymentEntry/btn_Continue' is present

24-10-2024T23:59:18 - [MESSAGE][PASSED] - Object: 'Object Repository/IWP30/Page_ACHPersonalPaymentEntry/btn_Continue' is clicked on

24-10-2024T23:59:18 - [MESSAGE][PASSED] - iwpPages.achPersonalPaymentEntryPage.setDataACHPPM is PASSED

24-10-2024T23:59:18 - [TEST_STEP][PASSED] - click(findTestObject("Object Repository/IWP30/Page_Confirmation/ConfirmButton")): Object: 'Object Repository/IWP30/Page_Confirmation/ConfirmButton' is clicked on

24-10-2024T23:59:49 - [MESSAGE][INFO] - Unable to find the element located by 'By.xpath: //*[@type = 'submit' and @name = 'confirmNotifyAction' and @id = 'submitYes' and @value = 'Confirm']'. Please recheck the objects properties to make sure the desired element is located. 

24-10-2024T23:59:49 - [MESSAGE][WARNING] - [SELF-HEALING] Failed to find element with id 'Object Repository/IWP30/Page_Confirmation/ConfirmButton'. Try using Self-healing.

24-10-2024T23:59:50 - [MESSAGE][WARNING] - [SELF-HEALING] The current locator of test object 'Object Repository/IWP30/Page_Confirmation/ConfirmButton' was broken. Propose an alternative one: '//div/input'.

24-10-2024T23:59:51 - [MESSAGE][PASSED] - Object: 'Object Repository/IWP30/Page_Confirmation/ConfirmButton' is clicked on

24-10-2024T23:59:51 - [TEST_STEP][PASSED] - Thread.sleep(5000): null

24-10-2024T23:59:56 - [TEST_STEP][PASSED] - if (verifyTextPresent("Make a Real Estate Payment", false)): null

24-10-2024T23:59:57 - [MESSAGE][PASSED] - Text 'Make a Real Estate Payment' is present on page 

24-10-2024T23:59:57 - [TEST_STEP][PASSED] - isRequiredTextPresent = true: null

24-10-2024T23:59:57 - [TEST_STEP][PASSED] - println(isRequiredTextPresent): null

24-10-2024T23:59:57 - [TEST_STEP][PASSED] - if (isRequiredTextPresent): null

24-10-2024T23:59:57 - [TEST_STEP][PASSED] - if (verifyTextPresent("This transaction is subject to a Convenience Fees of $2.00.", false)): null

24-10-2024T23:59:57 - [MESSAGE][PASSED] - Text 'This transaction is subject to a Convenience Fees of $2.00.' is present on page 

24-10-2024T23:59:57 - [TEST_STEP][PASSED] - isRequiredTextPresent = true: null

24-10-2024T23:59:57 - [TEST_STEP][PASSED] - println(isRequiredTextPresent): null

24-10-2024T23:59:57 - [TEST_STEP][PASSED] - if (isRequiredTextPresent): null

24-10-2024T23:59:57 - [TEST_STEP][PASSED] - if (verifyTextPresent("Payment Amount:  $10.50", false)): null

24-10-2024T23:59:57 - [MESSAGE][PASSED] - Text 'Payment Amount:  $10.50' is present on page 

24-10-2024T23:59:57 - [TEST_STEP][PASSED] - isRequiredTextPresent = true: null

24-10-2024T23:59:57 - [TEST_STEP][PASSED] - if (isRequiredTextPresent): null

24-10-2024T23:59:57 - [TEST_STEP][PASSED] - if (verifyTextPresent("Convenience Fees:  $2.00", false)): null

24-10-2024T23:59:57 - [MESSAGE][PASSED] - Text 'Convenience Fees:  $2.00' is present on page 

24-10-2024T23:59:57 - [TEST_STEP][PASSED] - isRequiredTextPresent = true: null

24-10-2024T23:59:57 - [TEST_STEP][PASSED] - if (isRequiredTextPresent): null

24-10-2024T23:59:57 - [TEST_STEP][PASSED] - if (verifyTextPresent("Total Amount:  $12.50", false)): null

24-10-2024T23:59:58 - [MESSAGE][PASSED] - Text 'Total Amount:  $12.50' is present on page 

24-10-2024T23:59:58 - [TEST_STEP][PASSED] - isRequiredTextPresent = true: null

24-10-2024T23:59:58 - [TEST_STEP][PASSED] - if (isRequiredTextPresent): null

24-10-2024T23:59:58 - [TEST_STEP][PASSED] - if (verifyTextPresent("One transaction in the amount of $12.50 will appear on your bank statement.", false)): null

24-10-2024T23:59:58 - [MESSAGE][PASSED] - Text 'One transaction in the amount of $12.50 will appear on your bank statement.' is present on page 

24-10-2024T23:59:58 - [TEST_STEP][PASSED] - isRequiredTextPresent = true: null

24-10-2024T23:59:58 - [TEST_STEP][PASSED] - Thread.sleep(10000): null

25-10-2024T00:00:08 - [TEST_STEP][PASSED] - click(findTestObject("Object Repository/IWP30/Page_ConvenienceFees/btn_convFeeNotifyAction")): Object: 'Object Repository/IWP30/Page_ConvenienceFees/btn_convFeeNotifyAction' is clicked on

25-10-2024T00:00:10 - [MESSAGE][PASSED] - Object: 'Object Repository/IWP30/Page_ConvenienceFees/btn_convFeeNotifyAction' is clicked on

25-10-2024T00:00:10 - [TEST_STEP][PASSED] - Thread.sleep(10000): null

25-10-2024T00:00:20 - [TEST_STEP][PASSED] - if (verifyTextPresent("Successful Payment Receipt", false)): null

25-10-2024T00:00:20 - [MESSAGE][PASSED] - Text 'Successful Payment Receipt' is present on page 

25-10-2024T00:00:20 - [TEST_STEP][PASSED] - println("Successful Payment Receipt text is present on the Receipt page"): null

25-10-2024T00:00:20 - [TEST_STEP][PASSED] - markPassed("Successful Payment Receipt text is present on the Receipt page"): Successful Payment Receipt text is present on the Receipt page

25-10-2024T00:00:20 - [MESSAGE][PASSED] - Successful Payment Receipt text is present on the Receipt page

25-10-2024T00:00:20 - [TEST_STEP][PASSED] - resText = "Pass": null

25-10-2024T00:00:20 - [TEST_STEP][PASSED] - pages.WriteExcel.demoKey(resText, datText, resColumn, datCloumn, fileLoc, nameSheet, row): pages.WriteExcel.demoKey is PASSED

25-10-2024T00:00:20 - [MESSAGE][PASSED] - pages.WriteExcel.demoKey is PASSED

25-10-2024T00:00:20 - [TEST_STEP][PASSED] - closeBrowser(): Browser is closed

25-10-2024T00:00:21 - [MESSAGE][PASSED] - Browser is closed

25-10-2024T00:00:21 - [TEST_STEP][PASSED] - ExecuteTC = findTestData(dataFile).getValue("Execute", row): null

25-10-2024T00:00:21 - [TEST_STEP][PASSED] - out.println("Value of Execute is : " + ExecuteTC): null

25-10-2024T00:00:21 - [TEST_STEP][PASSED] - if (ExecuteTC.equalsIgnoreCase("Y")): null

25-10-2024T00:00:21 - [TEST_STEP][PASSED] - out.println("Begin Record Number: " + row): null

25-10-2024T00:00:21 - [TEST_STEP][PASSED] - today = new java.util.Date(): null

25-10-2024T00:00:21 - [TEST_STEP][PASSED] - println(today): null

25-10-2024T00:00:21 - [TEST_STEP][PASSED] - datText = today: null

25-10-2024T00:00:21 - [TEST_STEP][PASSED] - EmulatorDataKey = findTestData(dataFile).getValue("EmulatorData", row): null

25-10-2024T00:00:21 - [TEST_STEP][PASSED] - out.println("Value of Emulator Key is : " + EmulatorDataKey): null

25-10-2024T00:00:21 - [TEST_STEP][PASSED] - iwpPages.emulatorIWP30.setDataEmulator_DD(EmulatorDataKey): iwpPages.emulatorIWP30.setDataEmulator_DD is PASSED

25-10-2024T00:00:21 - [MESSAGE][INFO] - Starting 'Edge Chromium' driver

25-10-2024T00:00:21 - [MESSAGE][INFO] - User set preference: ['acceptInsecureCerts', 'true']

25-10-2024T00:00:23 - [MESSAGE][INFO] - Action delay is set to 0 milliseconds

25-10-2024T00:00:27 - [MESSAGE][PASSED] - Browser is opened with url: 'https://qa2.velocitypayment.com/agencyx/config.action?action=editor&message_version=3_0'

25-10-2024T00:00:27 - [MESSAGE][PASSED] - Current window maximized

25-10-2024T00:00:58 - [MESSAGE][INFO] - Unable to find the element located by 'By.xpath: //select[@name='message_version']'. Please recheck the objects properties to make sure the desired element is located. 

25-10-2024T00:00:58 - [MESSAGE][WARNING] - [SELF-HEALING] Failed to find element with id 'Object Repository/IWP30/Page_VRelay30Emulator/MV'. Try using Self-healing.

25-10-2024T00:00:58 - [MESSAGE][WARNING] - [SELF-HEALING] The current locator of test object 'Object Repository/IWP30/Page_VRelay30Emulator/MV' was broken. Propose an alternative one: '(.//*[normalize-space(text()) and normalize-space(.)='Message Version'])[1]/following::select[1]'.

25-10-2024T00:00:59 - [MESSAGE][PASSED] - All options with value '3.0' are selected in object 'Object Repository/IWP30/Page_VRelay30Emulator/MV'  using regular expression

25-10-2024T00:00:59 - [MESSAGE][PASSED] - Text '10.50' is set on object 'Object Repository/IWP30/Page_EmulatorAgencyX/Amount'

25-10-2024T00:01:00 - [MESSAGE][PASSED] - Text 'PsdEJCFxu7rZ' is set on object 'Object Repository/IWP30/Page_EmulatorAgencyX/CAN'

25-10-2024T00:01:01 - [MESSAGE][PASSED] - Text 'PayNow' is set on object 'Object Repository/IWP30/Page_EmulatorAgencyX/Action'

25-10-2024T00:01:01 - [MESSAGE][PASSED] - Text 'en_US' is set on object 'Object Repository/IWP30/Page_EmulatorAgencyX/Lang'

25-10-2024T00:01:02 - [MESSAGE][PASSED] - Text 'Jasmine' is set on object 'Object Repository/IWP30/Page_EmulatorAgencyX/Fname'

25-10-2024T00:01:02 - [MESSAGE][PASSED] - Text 'Patrinol' is set on object 'Object Repository/IWP30/Page_EmulatorAgencyX/Lname'

25-10-2024T00:01:03 - [MESSAGE][PASSED] - Text '258 Underwood rd' is set on object 'Object Repository/IWP30/Page_EmulatorAgencyX/AL1'

25-10-2024T00:01:04 - [MESSAGE][PASSED] - Text 'Suite 600' is set on object 'Object Repository/IWP30/Page_EmulatorAgencyX/AL2'

25-10-2024T00:01:04 - [MESSAGE][PASSED] - Text '840' is set on object 'Object Repository/IWP30/Page_EmulatorAgencyX/Country'

25-10-2024T00:01:05 - [MESSAGE][PASSED] - Text 'Arlington' is set on object 'Object Repository/IWP30/Page_EmulatorAgencyX/City'

25-10-2024T00:01:05 - [MESSAGE][PASSED] - Text 'VA' is set on object 'Object Repository/IWP30/Page_EmulatorAgencyX/State'

25-10-2024T00:01:06 - [MESSAGE][PASSED] - Text '22201' is set on object 'Object Repository/IWP30/Page_EmulatorAgencyX/ZIP'

25-10-2024T00:01:07 - [MESSAGE][PASSED] - Text '' is set on object 'Object Repository/IWP30/Page_EmulatorAgencyX/Order'

25-10-2024T00:01:07 - [MESSAGE][PASSED] - Text 'Some Company' is set on object 'Object Repository/IWP30/Page_EmulatorAgencyX/Company'

25-10-2024T00:01:08 - [MESSAGE][PASSED] - Text 'iahmed@govolution.com' is set on object 'Object Repository/IWP30/Page_EmulatorAgencyX/Email'

25-10-2024T00:01:08 - [MESSAGE][PASSED] - Text 'udf data 1' is set on object 'Object Repository/IWP30/Page_EmulatorAgencyX/UDF1'

25-10-2024T00:01:09 - [MESSAGE][PASSED] - Text 'udf data 2' is set on object 'Object Repository/IWP30/Page_EmulatorAgencyX/UDF2'

25-10-2024T00:01:10 - [MESSAGE][PASSED] - Text 'udf data 3' is set on object 'Object Repository/IWP30/Page_EmulatorAgencyX/UDF3'

25-10-2024T00:01:10 - [MESSAGE][PASSED] - Text 'udf data 4' is set on object 'Object Repository/IWP30/Page_EmulatorAgencyX/UDF4'

25-10-2024T00:01:11 - [MESSAGE][PASSED] - Text 'udf data 5' is set on object 'Object Repository/IWP30/Page_EmulatorAgencyX/UDF5'

25-10-2024T00:01:11 - [MESSAGE][PASSED] - Text 'udf data 6' is set on object 'Object Repository/IWP30/Page_EmulatorAgencyX/UDF6'

25-10-2024T00:01:12 - [MESSAGE][PASSED] - Text 'Orange' is set on object 'Object Repository/IWP30/Page_EmulatorAgencyX/UDF7'

25-10-2024T00:01:13 - [MESSAGE][PASSED] - Text 'Soccer' is set on object 'Object Repository/IWP30/Page_EmulatorAgencyX/UDF8'

25-10-2024T00:01:13 - [MESSAGE][PASSED] - Text 'udf data 9' is set on object 'Object Repository/IWP30/Page_EmulatorAgencyX/UDF9'

25-10-2024T00:01:14 - [MESSAGE][PASSED] - Text 'udf data 10' is set on object 'Object Repository/IWP30/Page_EmulatorAgencyX/UDF10'

25-10-2024T00:01:15 - [MESSAGE][PASSED] - Object: 'Object Repository/IWP30/Page_EmulatorAgencyX/Submit' is clicked on

25-10-2024T00:01:20 - [MESSAGE][PASSED] - Browser is closed

25-10-2024T00:01:24 - [MESSAGE][PASSED] - iwpPages.emulatorIWP30.setDataEmulator_DD is PASSED

25-10-2024T00:01:24 - [TEST_STEP][PASSED] - testHarnessURL = urlTestHarness: null

25-10-2024T00:01:24 - [TEST_STEP][PASSED] - openBrowser(testHarnessURL): Browser is opened with url: 'https://dev-algorithm.govolution.com/vrelaytest/QA2/version_2_2/vrelaytest.html'

25-10-2024T00:01:24 - [MESSAGE][INFO] - Starting 'Edge Chromium' driver

25-10-2024T00:01:24 - [MESSAGE][INFO] - User set preference: ['acceptInsecureCerts', 'true']

25-10-2024T00:01:26 - [MESSAGE][INFO] - Action delay is set to 0 milliseconds

25-10-2024T00:01:29 - [MESSAGE][PASSED] - Browser is opened with url: 'https://dev-algorithm.govolution.com/vrelaytest/QA2/version_2_2/vrelaytest.html'

25-10-2024T00:01:29 - [TEST_STEP][PASSED] - maximizeWindow(): Current window maximized

25-10-2024T00:01:29 - [MESSAGE][PASSED] - Current window maximized

25-10-2024T00:01:29 - [TEST_STEP][PASSED] - iwpPages.TestHarnessPage.setDataMethod(row, dataFile): iwpPages.TestHarnessPage.setDataMethod is PASSED

25-10-2024T00:01:30 - [MESSAGE][PASSED] - Object 'Object Repository/IWP30/Page_QATestHarness/RemittanceID' is present

25-10-2024T00:01:30 - [MESSAGE][PASSED] - Text '650' is set on object 'Object Repository/IWP30/Page_QATestHarness/ApplicationID'

25-10-2024T00:01:31 - [MESSAGE][PASSED] - Text '3.0' is set on object 'Object Repository/IWP30/Page_QATestHarness/MessageVersion'

25-10-2024T00:01:32 - [MESSAGE][PASSED] - Text '5r2kX8GzMUsn' is set on object 'Object Repository/IWP30/Page_QATestHarness/RemittanceID'

25-10-2024T00:01:35 - [MESSAGE][PASSED] - Object: 'Object Repository/IWP30/Page_QATestHarness/SubmitButton' is clicked on

25-10-2024T00:01:35 - [MESSAGE][PASSED] - iwpPages.TestHarnessPage.setDataMethod is PASSED

25-10-2024T00:01:35 - [TEST_STEP][PASSED] - click(findTestObject("Object Repository/IWP30/Page_SelectPaymentMethod/PayByPersonalCheck")): Object: 'Object Repository/IWP30/Page_SelectPaymentMethod/PayByPersonalCheck' is clicked on

25-10-2024T00:01:35 - [MESSAGE][PASSED] - Object: 'Object Repository/IWP30/Page_SelectPaymentMethod/PayByPersonalCheck' is clicked on

25-10-2024T00:01:35 - [TEST_STEP][PASSED] - click(findTestObject("Object Repository/IWP30/Page_SelectPaymentMethod/MakePaymentButton")): Object: 'Object Repository/IWP30/Page_SelectPaymentMethod/MakePaymentButton' is clicked on

25-10-2024T00:01:38 - [MESSAGE][PASSED] - Object: 'Object Repository/IWP30/Page_SelectPaymentMethod/MakePaymentButton' is clicked on

25-10-2024T00:01:38 - [TEST_STEP][PASSED] - iwpPages.achPersonalPaymentEntryPage.setDataACHPPM(row, dataFile): iwpPages.achPersonalPaymentEntryPage.setDataACHPPM is PASSED

25-10-2024T00:01:39 - [MESSAGE][PASSED] - Object 'Object Repository/IWP30/Page_ACHPersonalPaymentEntry/txt_accountNumber' is present

25-10-2024T00:01:39 - [MESSAGE][PASSED] - Object 'Object Repository/IWP30/Page_ACHPersonalPaymentEntry/txt_UDF2' is present

25-10-2024T00:01:40 - [MESSAGE][PASSED] - All options with label 'Soccer' are selected in object 'Object Repository/IWP30/Page_ACHPersonalPaymentEntry/dd_UDF8' 

25-10-2024T00:01:40 - [MESSAGE][PASSED] - Object 'Object Repository/IWP30/Page_ACHPersonalPaymentEntry/txt_Firstname' is present

25-10-2024T00:01:41 - [MESSAGE][PASSED] - Text 'Elizath' is set on object 'Object Repository/IWP30/Page_ACHPersonalPaymentEntry/txt_Firstname'

25-10-2024T00:01:41 - [MESSAGE][PASSED] - Object 'Object Repository/IWP30/Page_ACHPersonalPaymentEntry/txt_Lastname' is present

25-10-2024T00:01:42 - [MESSAGE][PASSED] - Text 'Christine' is set on object 'Object Repository/IWP30/Page_ACHPersonalPaymentEntry/txt_Lastname'

25-10-2024T00:01:42 - [MESSAGE][PASSED] - Object 'Object Repository/IWP30/Page_ACHPersonalPaymentEntry/txt_routingNumber' is present

25-10-2024T00:01:42 - [MESSAGE][PASSED] - Text '256072691' is set on object 'Object Repository/IWP30/Page_ACHPersonalPaymentEntry/txt_routingNumber'

25-10-2024T00:01:43 - [MESSAGE][PASSED] - Object 'Object Repository/IWP30/Page_ACHPersonalPaymentEntry/txt_accountNumber' is present

25-10-2024T00:01:44 - [MESSAGE][PASSED] - Text '12344444' is set on object 'Object Repository/IWP30/Page_ACHPersonalPaymentEntry/txt_accountNumber'

25-10-2024T00:01:44 - [MESSAGE][PASSED] - Object 'Object Repository/IWP30/Page_ACHPersonalPaymentEntry/txt_confirmAccountNumber' is present

25-10-2024T00:01:45 - [MESSAGE][PASSED] - Text '12344444' is set on object 'Object Repository/IWP30/Page_ACHPersonalPaymentEntry/txt_confirmAccountNumber'

25-10-2024T00:01:45 - [MESSAGE][PASSED] - Object 'Object Repository/IWP30/Page_ACHPersonalPaymentEntry/rd_accountType' is present

25-10-2024T00:01:45 - [MESSAGE][PASSED] - Modify property of object successfully

25-10-2024T00:01:46 - [MESSAGE][PASSED] - Object: 'Object Repository/IWP30/Page_ACHPersonalPaymentEntry/rd_accountType' is clicked on

25-10-2024T00:01:46 - [MESSAGE][PASSED] - Object 'Object Repository/IWP30/Page_ACHPersonalPaymentEntry/txt_Email' is present

25-10-2024T00:01:46 - [MESSAGE][PASSED] - Object 'Object Repository/IWP30/Page_ACHPersonalPaymentEntry/cb_TermsAndCond' is present

25-10-2024T00:01:46 - [MESSAGE][PASSED] - Object: 'Object Repository/IWP30/Page_ACHPersonalPaymentEntry/cb_TermsAndCond' is clicked on

25-10-2024T00:01:47 - [MESSAGE][PASSED] - Object 'Object Repository/IWP30/Page_ACHPersonalPaymentEntry/btn_Continue' is present

25-10-2024T00:01:48 - [MESSAGE][PASSED] - Object: 'Object Repository/IWP30/Page_ACHPersonalPaymentEntry/btn_Continue' is clicked on

25-10-2024T00:01:48 - [MESSAGE][PASSED] - iwpPages.achPersonalPaymentEntryPage.setDataACHPPM is PASSED

25-10-2024T00:01:48 - [TEST_STEP][PASSED] - click(findTestObject("Object Repository/IWP30/Page_Confirmation/ConfirmButton")): Object: 'Object Repository/IWP30/Page_Confirmation/ConfirmButton' is clicked on

25-10-2024T00:02:19 - [MESSAGE][INFO] - Unable to find the element located by 'By.xpath: //*[@type = 'submit' and @name = 'confirmNotifyAction' and @id = 'submitYes' and @value = 'Confirm']'. Please recheck the objects properties to make sure the desired element is located. 

25-10-2024T00:02:19 - [MESSAGE][WARNING] - [SELF-HEALING] Failed to find element with id 'Object Repository/IWP30/Page_Confirmation/ConfirmButton'. Try using Self-healing.

25-10-2024T00:02:19 - [MESSAGE][WARNING] - [SELF-HEALING] The current locator of test object 'Object Repository/IWP30/Page_Confirmation/ConfirmButton' was broken. Propose an alternative one: '//div/input'.

25-10-2024T00:02:21 - [MESSAGE][PASSED] - Object: 'Object Repository/IWP30/Page_Confirmation/ConfirmButton' is clicked on

25-10-2024T00:02:21 - [TEST_STEP][PASSED] - Thread.sleep(5000): null

25-10-2024T00:02:26 - [TEST_STEP][PASSED] - if (verifyTextPresent("Make a Real Estate Payment", false)): null

25-10-2024T00:02:26 - [MESSAGE][PASSED] - Text 'Make a Real Estate Payment' is present on page 

25-10-2024T00:02:26 - [TEST_STEP][PASSED] - isRequiredTextPresent = true: null

25-10-2024T00:02:26 - [TEST_STEP][PASSED] - println(isRequiredTextPresent): null

25-10-2024T00:02:26 - [TEST_STEP][PASSED] - if (isRequiredTextPresent): null

25-10-2024T00:02:26 - [TEST_STEP][PASSED] - if (verifyTextPresent("This transaction is subject to a Convenience Fees of $2.00.", false)): null

25-10-2024T00:02:26 - [MESSAGE][PASSED] - Text 'This transaction is subject to a Convenience Fees of $2.00.' is present on page 

25-10-2024T00:02:26 - [TEST_STEP][PASSED] - isRequiredTextPresent = true: null

25-10-2024T00:02:26 - [TEST_STEP][PASSED] - println(isRequiredTextPresent): null

25-10-2024T00:02:26 - [TEST_STEP][PASSED] - if (isRequiredTextPresent): null

25-10-2024T00:02:26 - [TEST_STEP][PASSED] - if (verifyTextPresent("Payment Amount:  $10.50", false)): null

25-10-2024T00:02:27 - [MESSAGE][PASSED] - Text 'Payment Amount:  $10.50' is present on page 

25-10-2024T00:02:27 - [TEST_STEP][PASSED] - isRequiredTextPresent = true: null

25-10-2024T00:02:27 - [TEST_STEP][PASSED] - if (isRequiredTextPresent): null

25-10-2024T00:02:27 - [TEST_STEP][PASSED] - if (verifyTextPresent("Convenience Fees:  $2.00", false)): null

25-10-2024T00:02:27 - [MESSAGE][PASSED] - Text 'Convenience Fees:  $2.00' is present on page 

25-10-2024T00:02:27 - [TEST_STEP][PASSED] - isRequiredTextPresent = true: null

25-10-2024T00:02:27 - [TEST_STEP][PASSED] - if (isRequiredTextPresent): null

25-10-2024T00:02:27 - [TEST_STEP][PASSED] - if (verifyTextPresent("Total Amount:  $12.50", false)): null

25-10-2024T00:02:27 - [MESSAGE][PASSED] - Text 'Total Amount:  $12.50' is present on page 

25-10-2024T00:02:27 - [TEST_STEP][PASSED] - isRequiredTextPresent = true: null

25-10-2024T00:02:27 - [TEST_STEP][PASSED] - if (isRequiredTextPresent): null

25-10-2024T00:02:27 - [TEST_STEP][PASSED] - if (verifyTextPresent("One transaction in the amount of $12.50 will appear on your bank statement.", false)): null

25-10-2024T00:02:27 - [MESSAGE][PASSED] - Text 'One transaction in the amount of $12.50 will appear on your bank statement.' is present on page 

25-10-2024T00:02:27 - [TEST_STEP][PASSED] - isRequiredTextPresent = true: null

25-10-2024T00:02:27 - [TEST_STEP][PASSED] - Thread.sleep(10000): null

25-10-2024T00:02:37 - [TEST_STEP][PASSED] - click(findTestObject("Object Repository/IWP30/Page_ConvenienceFees/btn_convFeeNotifyAction")): Object: 'Object Repository/IWP30/Page_ConvenienceFees/btn_convFeeNotifyAction' is clicked on

25-10-2024T00:02:39 - [MESSAGE][PASSED] - Object: 'Object Repository/IWP30/Page_ConvenienceFees/btn_convFeeNotifyAction' is clicked on

25-10-2024T00:02:39 - [TEST_STEP][PASSED] - Thread.sleep(10000): null

25-10-2024T00:02:49 - [TEST_STEP][PASSED] - if (verifyTextPresent("Successful Payment Receipt", false)): null

25-10-2024T00:02:49 - [MESSAGE][PASSED] - Text 'Successful Payment Receipt' is present on page 

25-10-2024T00:02:49 - [TEST_STEP][PASSED] - println("Successful Payment Receipt text is present on the Receipt page"): null

25-10-2024T00:02:49 - [TEST_STEP][PASSED] - markPassed("Successful Payment Receipt text is present on the Receipt page"): Successful Payment Receipt text is present on the Receipt page

25-10-2024T00:02:49 - [MESSAGE][PASSED] - Successful Payment Receipt text is present on the Receipt page

25-10-2024T00:02:49 - [TEST_STEP][PASSED] - resText = "Pass": null

25-10-2024T00:02:49 - [TEST_STEP][PASSED] - pages.WriteExcel.demoKey(resText, datText, resColumn, datCloumn, fileLoc, nameSheet, row): pages.WriteExcel.demoKey is PASSED

25-10-2024T00:02:50 - [MESSAGE][PASSED] - pages.WriteExcel.demoKey is PASSED

25-10-2024T00:02:50 - [TEST_STEP][PASSED] - closeBrowser(): Browser is closed

25-10-2024T00:02:50 - [MESSAGE][PASSED] - Browser is closed]]></system-out>
         <system-err><![CDATA[]]></system-err>
      </testcase>
      <testcase name="Test Cases/IntegratedWeb/IWP25/Payments/PayNowSuccesfulPaymentCC" time="827.953" classname="Test Cases/IntegratedWeb/IWP25/Payments/PayNowSuccesfulPaymentCC" status="PASSED">
         <system-out><![CDATA[25-10-2024T00:02:50 - [TEST_CASE][PASSED] - Test Cases/IntegratedWeb/IWP25/Payments/PayNowSuccesfulPaymentCC: Test Cases/IntegratedWeb/IWP25/Payments/PayNowSuccesfulPaymentCC

25-10-2024T00:02:50 - [TEST_STEP][PASSED] - resText = "Fail": null

25-10-2024T00:02:50 - [TEST_STEP][PASSED] - resColumn = "Result": null

25-10-2024T00:02:50 - [TEST_STEP][PASSED] - datCloumn = "Date": null

25-10-2024T00:02:50 - [TEST_STEP][PASSED] - fileLoc = "KatalonData/IWPTestData/VRelay25Payments.xlsx": null

25-10-2024T00:02:50 - [TEST_STEP][PASSED] - numOfRows = <not implemented yet for class: org.codehaus.groovy.ast.expr.EmptyExpression>: null

25-10-2024T00:02:50 - [TEST_STEP][PASSED] - dataFile = <not implemented yet for class: org.codehaus.groovy.ast.expr.EmptyExpression>: null

25-10-2024T00:02:50 - [TEST_STEP][PASSED] - nameSheet = <not implemented yet for class: org.codehaus.groovy.ast.expr.EmptyExpression>: null

25-10-2024T00:02:50 - [TEST_STEP][PASSED] - dataFileEmulator = <not implemented yet for class: org.codehaus.groovy.ast.expr.EmptyExpression>: null

25-10-2024T00:02:50 - [TEST_STEP][PASSED] - nameSheet = "PayNowCC": null

25-10-2024T00:02:50 - [TEST_STEP][PASSED] - dataFile = "IWPTestData/IWP25PayNowCC": null

25-10-2024T00:02:50 - [TEST_STEP][PASSED] - dataFileEmulator = "IWPTestData/EmulatorData": null

25-10-2024T00:02:50 - [TEST_STEP][PASSED] - numOfRows = findTestData(dataFile).getRowNumbers(): null

25-10-2024T00:02:50 - [TEST_STEP][PASSED] - println("Number of Records: " + numOfRows): null

25-10-2024T00:02:50 - [TEST_STEP][PASSED] - for ([row = 1, row <= numOfRows, (row++)]): Browser is closed

25-10-2024T00:02:50 - [TEST_STEP][PASSED] - ExecuteTC = findTestData(dataFile).getValue("Execute", row): null

25-10-2024T00:02:51 - [TEST_STEP][PASSED] - out.println("Value of Execute is : " + ExecuteTC): null

25-10-2024T00:02:51 - [TEST_STEP][PASSED] - if (ExecuteTC.equalsIgnoreCase("Y")): null

25-10-2024T00:02:51 - [TEST_STEP][PASSED] - out.println("Begin Record Number: " + row): null

25-10-2024T00:02:51 - [TEST_STEP][PASSED] - today = new java.util.Date(): null

25-10-2024T00:02:51 - [TEST_STEP][PASSED] - println(today): null

25-10-2024T00:02:51 - [TEST_STEP][PASSED] - datText = today: null

25-10-2024T00:02:51 - [TEST_STEP][PASSED] - EmulatorDataKey = findTestData(dataFile).getValue("EmulatorData", row): null

25-10-2024T00:02:51 - [TEST_STEP][PASSED] - out.println("Value of Emulator Key is : " + EmulatorDataKey): null

25-10-2024T00:02:51 - [TEST_STEP][PASSED] - iwpPages.emulatorIWP30.setDataEmulator_DD(EmulatorDataKey): iwpPages.emulatorIWP30.setDataEmulator_DD is PASSED

25-10-2024T00:02:51 - [MESSAGE][INFO] - Starting 'Edge Chromium' driver

25-10-2024T00:02:51 - [MESSAGE][INFO] - User set preference: ['acceptInsecureCerts', 'true']

25-10-2024T00:02:53 - [MESSAGE][INFO] - Action delay is set to 0 milliseconds

25-10-2024T00:02:57 - [MESSAGE][PASSED] - Browser is opened with url: 'https://qa2.velocitypayment.com/agencyx/config.action?action=editor&message_version=2_5'

25-10-2024T00:02:57 - [MESSAGE][PASSED] - Current window maximized

25-10-2024T00:03:28 - [MESSAGE][INFO] - Unable to find the element located by 'By.xpath: //select[@name='message_version']'. Please recheck the objects properties to make sure the desired element is located. 

25-10-2024T00:03:28 - [MESSAGE][WARNING] - [SELF-HEALING] Failed to find element with id 'Object Repository/IWP30/Page_VRelay30Emulator/MV'. Try using Self-healing.

25-10-2024T00:03:28 - [MESSAGE][WARNING] - [SELF-HEALING] The current locator of test object 'Object Repository/IWP30/Page_VRelay30Emulator/MV' was broken. Propose an alternative one: '(.//*[normalize-space(text()) and normalize-space(.)='Message Version'])[1]/following::select[1]'.

25-10-2024T00:03:29 - [MESSAGE][PASSED] - All options with value '2.5' are selected in object 'Object Repository/IWP30/Page_VRelay30Emulator/MV'  using regular expression

25-10-2024T00:03:29 - [MESSAGE][PASSED] - Text '10.50' is set on object 'Object Repository/IWP30/Page_EmulatorAgencyX/Amount'

25-10-2024T00:03:30 - [MESSAGE][PASSED] - Text 'LQXRamLfMAaf' is set on object 'Object Repository/IWP30/Page_EmulatorAgencyX/CAN'

25-10-2024T00:03:31 - [MESSAGE][PASSED] - Text 'PayNow' is set on object 'Object Repository/IWP30/Page_EmulatorAgencyX/Action'

25-10-2024T00:03:31 - [MESSAGE][PASSED] - Text 'en_US' is set on object 'Object Repository/IWP30/Page_EmulatorAgencyX/Lang'

25-10-2024T00:03:32 - [MESSAGE][PASSED] - Text 'Jasmine' is set on object 'Object Repository/IWP30/Page_EmulatorAgencyX/Fname'

25-10-2024T00:03:32 - [MESSAGE][PASSED] - Text 'Patrinol' is set on object 'Object Repository/IWP30/Page_EmulatorAgencyX/Lname'

25-10-2024T00:03:33 - [MESSAGE][PASSED] - Text '258 Underwood rd' is set on object 'Object Repository/IWP30/Page_EmulatorAgencyX/AL1'

25-10-2024T00:03:33 - [MESSAGE][PASSED] - Text 'Suite 600' is set on object 'Object Repository/IWP30/Page_EmulatorAgencyX/AL2'

25-10-2024T00:03:34 - [MESSAGE][PASSED] - Text '840' is set on object 'Object Repository/IWP30/Page_EmulatorAgencyX/Country'

25-10-2024T00:03:35 - [MESSAGE][PASSED] - Text 'Arlington' is set on object 'Object Repository/IWP30/Page_EmulatorAgencyX/City'

25-10-2024T00:03:35 - [MESSAGE][PASSED] - Text 'VA' is set on object 'Object Repository/IWP30/Page_EmulatorAgencyX/State'

25-10-2024T00:03:36 - [MESSAGE][PASSED] - Text '22201' is set on object 'Object Repository/IWP30/Page_EmulatorAgencyX/ZIP'

25-10-2024T00:03:36 - [MESSAGE][PASSED] - Text '' is set on object 'Object Repository/IWP30/Page_EmulatorAgencyX/Order'

25-10-2024T00:03:37 - [MESSAGE][PASSED] - Text 'Some Company' is set on object 'Object Repository/IWP30/Page_EmulatorAgencyX/Company'

25-10-2024T00:03:38 - [MESSAGE][PASSED] - Text 'iahmed@govolution.com' is set on object 'Object Repository/IWP30/Page_EmulatorAgencyX/Email'

25-10-2024T00:03:38 - [MESSAGE][PASSED] - Text 'udf data 1' is set on object 'Object Repository/IWP30/Page_EmulatorAgencyX/UDF1'

25-10-2024T00:03:39 - [MESSAGE][PASSED] - Text 'udf data 2' is set on object 'Object Repository/IWP30/Page_EmulatorAgencyX/UDF2'

25-10-2024T00:03:39 - [MESSAGE][PASSED] - Text 'udf data 3' is set on object 'Object Repository/IWP30/Page_EmulatorAgencyX/UDF3'

25-10-2024T00:03:40 - [MESSAGE][PASSED] - Text 'udf data 4' is set on object 'Object Repository/IWP30/Page_EmulatorAgencyX/UDF4'

25-10-2024T00:03:41 - [MESSAGE][PASSED] - Text 'udf data 5' is set on object 'Object Repository/IWP30/Page_EmulatorAgencyX/UDF5'

25-10-2024T00:03:41 - [MESSAGE][PASSED] - Text 'udf data 6' is set on object 'Object Repository/IWP30/Page_EmulatorAgencyX/UDF6'

25-10-2024T00:03:42 - [MESSAGE][PASSED] - Text 'Orange' is set on object 'Object Repository/IWP30/Page_EmulatorAgencyX/UDF7'

25-10-2024T00:03:42 - [MESSAGE][PASSED] - Text 'Soccer' is set on object 'Object Repository/IWP30/Page_EmulatorAgencyX/UDF8'

25-10-2024T00:03:43 - [MESSAGE][PASSED] - Text 'udf data 9' is set on object 'Object Repository/IWP30/Page_EmulatorAgencyX/UDF9'

25-10-2024T00:03:44 - [MESSAGE][PASSED] - Text 'udf data 10' is set on object 'Object Repository/IWP30/Page_EmulatorAgencyX/UDF10'

25-10-2024T00:03:45 - [MESSAGE][PASSED] - Object: 'Object Repository/IWP30/Page_EmulatorAgencyX/Submit' is clicked on

25-10-2024T00:03:49 - [MESSAGE][PASSED] - Browser is closed

25-10-2024T00:03:54 - [MESSAGE][PASSED] - iwpPages.emulatorIWP30.setDataEmulator_DD is PASSED

25-10-2024T00:03:54 - [TEST_STEP][PASSED] - testHarnessURL = urlTestHarness: null

25-10-2024T00:03:54 - [TEST_STEP][PASSED] - openBrowser(testHarnessURL): Browser is opened with url: 'https://dev-algorithm.govolution.com/vrelaytest/QA2/version_2_2/vrelaytest.html'

25-10-2024T00:03:54 - [MESSAGE][INFO] - Starting 'Edge Chromium' driver

25-10-2024T00:03:54 - [MESSAGE][INFO] - User set preference: ['acceptInsecureCerts', 'true']

25-10-2024T00:03:56 - [MESSAGE][INFO] - Action delay is set to 0 milliseconds

25-10-2024T00:03:59 - [MESSAGE][PASSED] - Browser is opened with url: 'https://dev-algorithm.govolution.com/vrelaytest/QA2/version_2_2/vrelaytest.html'

25-10-2024T00:03:59 - [TEST_STEP][PASSED] - maximizeWindow(): Current window maximized

25-10-2024T00:03:59 - [MESSAGE][PASSED] - Current window maximized

25-10-2024T00:03:59 - [TEST_STEP][PASSED] - iwpPages.TestHarnessPage.setDataMethod(row, dataFile): iwpPages.TestHarnessPage.setDataMethod is PASSED

25-10-2024T00:04:00 - [MESSAGE][PASSED] - Object 'Object Repository/IWP30/Page_QATestHarness/RemittanceID' is present

25-10-2024T00:04:00 - [MESSAGE][PASSED] - Text '638' is set on object 'Object Repository/IWP30/Page_QATestHarness/ApplicationID'

25-10-2024T00:04:01 - [MESSAGE][PASSED] - Text '2.5' is set on object 'Object Repository/IWP30/Page_QATestHarness/MessageVersion'

25-10-2024T00:04:02 - [MESSAGE][PASSED] - Text 'zJvzf4twkI1E' is set on object 'Object Repository/IWP30/Page_QATestHarness/RemittanceID'

25-10-2024T00:04:05 - [MESSAGE][PASSED] - Object: 'Object Repository/IWP30/Page_QATestHarness/SubmitButton' is clicked on

25-10-2024T00:04:05 - [MESSAGE][PASSED] - iwpPages.TestHarnessPage.setDataMethod is PASSED

25-10-2024T00:04:05 - [TEST_STEP][PASSED] - check(findTestObject("Object Repository/IWP30/Page_SelectPaymentMethod/PayByCreditCard")): Object 'Object Repository/IWP30/Page_SelectPaymentMethod/PayByCreditCard' is checked

25-10-2024T00:04:06 - [MESSAGE][PASSED] - Object 'Object Repository/IWP30/Page_SelectPaymentMethod/PayByCreditCard' is checked

25-10-2024T00:04:06 - [TEST_STEP][PASSED] - click(findTestObject("Object Repository/IWP30/Page_SelectPaymentMethod/MakePaymentButton")): Object: 'Object Repository/IWP30/Page_SelectPaymentMethod/MakePaymentButton' is clicked on

25-10-2024T00:04:09 - [MESSAGE][PASSED] - Object: 'Object Repository/IWP30/Page_SelectPaymentMethod/MakePaymentButton' is clicked on

25-10-2024T00:04:09 - [TEST_STEP][PASSED] - iwpPages.ccPaymentEntryPage.setDataCCPM(row, dataFile): iwpPages.ccPaymentEntryPage.setDataCCPM is PASSED

25-10-2024T00:04:10 - [MESSAGE][PASSED] - Object 'Object Repository/IWP30/Page_CCPaymentEntry/Name' is present

25-10-2024T00:04:11 - [MESSAGE][PASSED] - All options with label 'Soccer' are selected in object 'Object Repository/IWP30/Page_CCPaymentEntry/UserDefined8' 

25-10-2024T00:04:11 - [MESSAGE][PASSED] - Object 'Object Repository/IWP30/Page_CCPaymentEntry/Name' is present

25-10-2024T00:04:11 - [MESSAGE][PASSED] - Object 'Object Repository/IWP30/Page_CCPaymentEntry/CardNumber' is present

25-10-2024T00:04:12 - [MESSAGE][PASSED] - Text '5146312200000035' is set on object 'Object Repository/IWP30/Page_CCPaymentEntry/CardNumber'

25-10-2024T00:04:13 - [MESSAGE][PASSED] - Text '123' is set on object 'Object Repository/IWP30/Page_CCPaymentEntry/SPC'

25-10-2024T00:04:13 - [MESSAGE][PASSED] - Object 'Object Repository/IWP30/Page_CCPaymentEntry/Month' is present

25-10-2024T00:04:14 - [MESSAGE][PASSED] - All options with label '09' are selected in object 'Object Repository/IWP30/Page_CCPaymentEntry/Month' 

25-10-2024T00:04:14 - [MESSAGE][PASSED] - Object 'Object Repository/IWP30/Page_CCPaymentEntry/Year' is present

25-10-2024T00:04:14 - [MESSAGE][PASSED] - All options with label '2028' are selected in object 'Object Repository/IWP30/Page_CCPaymentEntry/Year' 

25-10-2024T00:04:15 - [MESSAGE][PASSED] - Object 'Object Repository/IWP30/Page_CCPaymentEntry/EmailAddress' is present

25-10-2024T00:04:15 - [MESSAGE][PASSED] - Object 'Object Repository/IWP30/Page_CCPaymentEntry/TermCondCheckBox' is present

25-10-2024T00:04:15 - [MESSAGE][PASSED] - Object 'Object Repository/IWP30/Page_CCPaymentEntry/TermCondCheckBox' is checked

25-10-2024T00:04:16 - [MESSAGE][PASSED] - Object 'Object Repository/IWP30/Page_CCPaymentEntry/ContinueButton' is present

25-10-2024T00:04:17 - [MESSAGE][PASSED] - Object: 'Object Repository/IWP30/Page_CCPaymentEntry/ContinueButton' is clicked on

25-10-2024T00:04:17 - [MESSAGE][PASSED] - iwpPages.ccPaymentEntryPage.setDataCCPM is PASSED

25-10-2024T00:04:17 - [TEST_STEP][PASSED] - click(findTestObject("Object Repository/IWP30/Page_Confirmation/ConfirmButton")): Object: 'Object Repository/IWP30/Page_Confirmation/ConfirmButton' is clicked on

25-10-2024T00:04:20 - [MESSAGE][PASSED] - Object: 'Object Repository/IWP30/Page_Confirmation/ConfirmButton' is clicked on

25-10-2024T00:04:20 - [TEST_STEP][PASSED] - Thread.sleep(10000): null

25-10-2024T00:04:30 - [TEST_STEP][PASSED] - if (verifyTextPresent("Successful Payment Receipt", false)): null

25-10-2024T00:04:30 - [MESSAGE][PASSED] - Text 'Successful Payment Receipt' is present on page 

25-10-2024T00:04:30 - [TEST_STEP][PASSED] - println("Successful Payment Receipt text is present on the Receipt page"): null

25-10-2024T00:04:30 - [TEST_STEP][PASSED] - markPassed("Successful Payment Receipt text is present on the Receipt page"): Successful Payment Receipt text is present on the Receipt page

25-10-2024T00:04:30 - [MESSAGE][PASSED] - Successful Payment Receipt text is present on the Receipt page

25-10-2024T00:04:30 - [TEST_STEP][PASSED] - resText = "Pass": null

25-10-2024T00:04:30 - [TEST_STEP][PASSED] - pages.WriteExcel.demoKey(resText, datText, resColumn, datCloumn, fileLoc, nameSheet, row): pages.WriteExcel.demoKey is PASSED

25-10-2024T00:04:30 - [MESSAGE][PASSED] - pages.WriteExcel.demoKey is PASSED

25-10-2024T00:04:30 - [TEST_STEP][PASSED] - closeBrowser(): Browser is closed

25-10-2024T00:04:31 - [MESSAGE][PASSED] - Browser is closed

25-10-2024T00:04:31 - [TEST_STEP][PASSED] - ExecuteTC = findTestData(dataFile).getValue("Execute", row): null

25-10-2024T00:04:31 - [TEST_STEP][PASSED] - out.println("Value of Execute is : " + ExecuteTC): null

25-10-2024T00:04:31 - [TEST_STEP][PASSED] - if (ExecuteTC.equalsIgnoreCase("Y")): null

25-10-2024T00:04:31 - [TEST_STEP][PASSED] - out.println("Begin Record Number: " + row): null

25-10-2024T00:04:31 - [TEST_STEP][PASSED] - today = new java.util.Date(): null

25-10-2024T00:04:31 - [TEST_STEP][PASSED] - println(today): null

25-10-2024T00:04:31 - [TEST_STEP][PASSED] - datText = today: null

25-10-2024T00:04:31 - [TEST_STEP][PASSED] - EmulatorDataKey = findTestData(dataFile).getValue("EmulatorData", row): null

25-10-2024T00:04:31 - [TEST_STEP][PASSED] - out.println("Value of Emulator Key is : " + EmulatorDataKey): null

25-10-2024T00:04:31 - [TEST_STEP][PASSED] - iwpPages.emulatorIWP30.setDataEmulator_DD(EmulatorDataKey): iwpPages.emulatorIWP30.setDataEmulator_DD is PASSED

25-10-2024T00:04:31 - [MESSAGE][INFO] - Starting 'Edge Chromium' driver

25-10-2024T00:04:31 - [MESSAGE][INFO] - User set preference: ['acceptInsecureCerts', 'true']

25-10-2024T00:04:33 - [MESSAGE][INFO] - Action delay is set to 0 milliseconds

25-10-2024T00:04:37 - [MESSAGE][PASSED] - Browser is opened with url: 'https://qa2.velocitypayment.com/agencyx/config.action?action=editor&message_version=2_5'

25-10-2024T00:04:37 - [MESSAGE][PASSED] - Current window maximized

25-10-2024T00:05:08 - [MESSAGE][INFO] - Unable to find the element located by 'By.xpath: //select[@name='message_version']'. Please recheck the objects properties to make sure the desired element is located. 

25-10-2024T00:05:08 - [MESSAGE][WARNING] - [SELF-HEALING] Failed to find element with id 'Object Repository/IWP30/Page_VRelay30Emulator/MV'. Try using Self-healing.

25-10-2024T00:05:08 - [MESSAGE][WARNING] - [SELF-HEALING] The current locator of test object 'Object Repository/IWP30/Page_VRelay30Emulator/MV' was broken. Propose an alternative one: '(.//*[normalize-space(text()) and normalize-space(.)='Message Version'])[1]/following::select[1]'.

25-10-2024T00:05:09 - [MESSAGE][PASSED] - All options with value '2.5' are selected in object 'Object Repository/IWP30/Page_VRelay30Emulator/MV'  using regular expression

25-10-2024T00:05:10 - [MESSAGE][PASSED] - Text '10.50' is set on object 'Object Repository/IWP30/Page_EmulatorAgencyX/Amount'

25-10-2024T00:05:10 - [MESSAGE][PASSED] - Text '9u5xpK6DrdqK' is set on object 'Object Repository/IWP30/Page_EmulatorAgencyX/CAN'

25-10-2024T00:05:11 - [MESSAGE][PASSED] - Text 'PayNow' is set on object 'Object Repository/IWP30/Page_EmulatorAgencyX/Action'

25-10-2024T00:05:11 - [MESSAGE][PASSED] - Text 'en_US' is set on object 'Object Repository/IWP30/Page_EmulatorAgencyX/Lang'

25-10-2024T00:05:12 - [MESSAGE][PASSED] - Text '' is set on object 'Object Repository/IWP30/Page_EmulatorAgencyX/Fname'

25-10-2024T00:05:13 - [MESSAGE][PASSED] - Text '' is set on object 'Object Repository/IWP30/Page_EmulatorAgencyX/Lname'

25-10-2024T00:05:13 - [MESSAGE][PASSED] - Text '' is set on object 'Object Repository/IWP30/Page_EmulatorAgencyX/AL1'

25-10-2024T00:05:14 - [MESSAGE][PASSED] - Text '' is set on object 'Object Repository/IWP30/Page_EmulatorAgencyX/AL2'

25-10-2024T00:05:14 - [MESSAGE][PASSED] - Text '' is set on object 'Object Repository/IWP30/Page_EmulatorAgencyX/Country'

25-10-2024T00:05:15 - [MESSAGE][PASSED] - Text '' is set on object 'Object Repository/IWP30/Page_EmulatorAgencyX/City'

25-10-2024T00:05:15 - [MESSAGE][PASSED] - Text '' is set on object 'Object Repository/IWP30/Page_EmulatorAgencyX/State'

25-10-2024T00:05:16 - [MESSAGE][PASSED] - Text '' is set on object 'Object Repository/IWP30/Page_EmulatorAgencyX/ZIP'

25-10-2024T00:05:17 - [MESSAGE][PASSED] - Text '' is set on object 'Object Repository/IWP30/Page_EmulatorAgencyX/Order'

25-10-2024T00:05:17 - [MESSAGE][PASSED] - Text '' is set on object 'Object Repository/IWP30/Page_EmulatorAgencyX/Company'

25-10-2024T00:05:18 - [MESSAGE][PASSED] - Text '' is set on object 'Object Repository/IWP30/Page_EmulatorAgencyX/Email'

25-10-2024T00:05:18 - [MESSAGE][PASSED] - Text '' is set on object 'Object Repository/IWP30/Page_EmulatorAgencyX/UDF1'

25-10-2024T00:05:19 - [MESSAGE][PASSED] - Text '' is set on object 'Object Repository/IWP30/Page_EmulatorAgencyX/UDF2'

25-10-2024T00:05:20 - [MESSAGE][PASSED] - Text '' is set on object 'Object Repository/IWP30/Page_EmulatorAgencyX/UDF3'

25-10-2024T00:05:20 - [MESSAGE][PASSED] - Text 'udf data 4' is set on object 'Object Repository/IWP30/Page_EmulatorAgencyX/UDF4'

25-10-2024T00:05:21 - [MESSAGE][PASSED] - Text 'udf data 5' is set on object 'Object Repository/IWP30/Page_EmulatorAgencyX/UDF5'

25-10-2024T00:05:21 - [MESSAGE][PASSED] - Text '' is set on object 'Object Repository/IWP30/Page_EmulatorAgencyX/UDF6'

25-10-2024T00:05:22 - [MESSAGE][PASSED] - Text '' is set on object 'Object Repository/IWP30/Page_EmulatorAgencyX/UDF7'

25-10-2024T00:05:22 - [MESSAGE][PASSED] - Text '' is set on object 'Object Repository/IWP30/Page_EmulatorAgencyX/UDF8'

25-10-2024T00:05:23 - [MESSAGE][PASSED] - Text 'udf data 9' is set on object 'Object Repository/IWP30/Page_EmulatorAgencyX/UDF9'

25-10-2024T00:05:24 - [MESSAGE][PASSED] - Text 'udf data 10' is set on object 'Object Repository/IWP30/Page_EmulatorAgencyX/UDF10'

25-10-2024T00:05:25 - [MESSAGE][PASSED] - Object: 'Object Repository/IWP30/Page_EmulatorAgencyX/Submit' is clicked on

25-10-2024T00:05:29 - [MESSAGE][PASSED] - Browser is closed

25-10-2024T00:05:34 - [MESSAGE][PASSED] - iwpPages.emulatorIWP30.setDataEmulator_DD is PASSED

25-10-2024T00:05:34 - [TEST_STEP][PASSED] - testHarnessURL = urlTestHarness: null

25-10-2024T00:05:34 - [TEST_STEP][PASSED] - openBrowser(testHarnessURL): Browser is opened with url: 'https://dev-algorithm.govolution.com/vrelaytest/QA2/version_2_2/vrelaytest.html'

25-10-2024T00:05:34 - [MESSAGE][INFO] - Starting 'Edge Chromium' driver

25-10-2024T00:05:34 - [MESSAGE][INFO] - User set preference: ['acceptInsecureCerts', 'true']

25-10-2024T00:05:36 - [MESSAGE][INFO] - Action delay is set to 0 milliseconds

25-10-2024T00:05:39 - [MESSAGE][PASSED] - Browser is opened with url: 'https://dev-algorithm.govolution.com/vrelaytest/QA2/version_2_2/vrelaytest.html'

25-10-2024T00:05:39 - [TEST_STEP][PASSED] - maximizeWindow(): Current window maximized

25-10-2024T00:05:39 - [MESSAGE][PASSED] - Current window maximized

25-10-2024T00:05:39 - [TEST_STEP][PASSED] - iwpPages.TestHarnessPage.setDataMethod(row, dataFile): iwpPages.TestHarnessPage.setDataMethod is PASSED

25-10-2024T00:05:40 - [MESSAGE][PASSED] - Object 'Object Repository/IWP30/Page_QATestHarness/RemittanceID' is present

25-10-2024T00:05:40 - [MESSAGE][PASSED] - Text '638' is set on object 'Object Repository/IWP30/Page_QATestHarness/ApplicationID'

25-10-2024T00:05:41 - [MESSAGE][PASSED] - Text '2.5' is set on object 'Object Repository/IWP30/Page_QATestHarness/MessageVersion'

25-10-2024T00:05:41 - [MESSAGE][PASSED] - Text 'HuXpQB7ierBV' is set on object 'Object Repository/IWP30/Page_QATestHarness/RemittanceID'

25-10-2024T00:05:45 - [MESSAGE][PASSED] - Object: 'Object Repository/IWP30/Page_QATestHarness/SubmitButton' is clicked on

25-10-2024T00:05:45 - [MESSAGE][PASSED] - iwpPages.TestHarnessPage.setDataMethod is PASSED

25-10-2024T00:05:45 - [TEST_STEP][PASSED] - check(findTestObject("Object Repository/IWP30/Page_SelectPaymentMethod/PayByCreditCard")): Object 'Object Repository/IWP30/Page_SelectPaymentMethod/PayByCreditCard' is checked

25-10-2024T00:05:46 - [MESSAGE][PASSED] - Object 'Object Repository/IWP30/Page_SelectPaymentMethod/PayByCreditCard' is checked

25-10-2024T00:05:46 - [TEST_STEP][PASSED] - click(findTestObject("Object Repository/IWP30/Page_SelectPaymentMethod/MakePaymentButton")): Object: 'Object Repository/IWP30/Page_SelectPaymentMethod/MakePaymentButton' is clicked on

25-10-2024T00:05:49 - [MESSAGE][PASSED] - Object: 'Object Repository/IWP30/Page_SelectPaymentMethod/MakePaymentButton' is clicked on

25-10-2024T00:05:49 - [TEST_STEP][PASSED] - iwpPages.ccPaymentEntryPage.setDataCCPM(row, dataFile): iwpPages.ccPaymentEntryPage.setDataCCPM is PASSED

25-10-2024T00:05:50 - [MESSAGE][PASSED] - Object 'Object Repository/IWP30/Page_CCPaymentEntry/Name' is present

25-10-2024T00:05:51 - [MESSAGE][PASSED] - Text '10.50' is set on object 'Object Repository/IWP30/Page_CCPaymentEntry/Amount'

25-10-2024T00:05:51 - [MESSAGE][PASSED] - Text 'udf data 2' is set on object 'Object Repository/IWP30/Page_CCPaymentEntry/UserDefined2'

25-10-2024T00:05:52 - [MESSAGE][PASSED] - Text 'udf data 3' is set on object 'Object Repository/IWP30/Page_CCPaymentEntry/UserDefined3'

25-10-2024T00:05:53 - [MESSAGE][PASSED] - All options with label 'Orange' are selected in object 'Object Repository/IWP30/Page_CCPaymentEntry/UserDefined7' 

25-10-2024T00:05:53 - [MESSAGE][PASSED] - All options with label 'Soccer' are selected in object 'Object Repository/IWP30/Page_CCPaymentEntry/UserDefined8' 

25-10-2024T00:05:53 - [MESSAGE][PASSED] - Object 'Object Repository/IWP30/Page_CCPaymentEntry/Name' is present

25-10-2024T00:05:54 - [MESSAGE][PASSED] - Text 'Kavita Ranawati' is set on object 'Object Repository/IWP30/Page_CCPaymentEntry/Name'

25-10-2024T00:05:54 - [MESSAGE][PASSED] - Object 'Object Repository/IWP30/Page_CCPaymentEntry/CardNumber' is present

25-10-2024T00:05:55 - [MESSAGE][PASSED] - Text '4111111111111111' is set on object 'Object Repository/IWP30/Page_CCPaymentEntry/CardNumber'

25-10-2024T00:05:55 - [MESSAGE][PASSED] - Text '123' is set on object 'Object Repository/IWP30/Page_CCPaymentEntry/SPC'

25-10-2024T00:05:56 - [MESSAGE][PASSED] - Object 'Object Repository/IWP30/Page_CCPaymentEntry/Month' is present

25-10-2024T00:05:56 - [MESSAGE][PASSED] - All options with label '09' are selected in object 'Object Repository/IWP30/Page_CCPaymentEntry/Month' 

25-10-2024T00:05:57 - [MESSAGE][PASSED] - Object 'Object Repository/IWP30/Page_CCPaymentEntry/Year' is present

25-10-2024T00:05:57 - [MESSAGE][PASSED] - All options with label '2028' are selected in object 'Object Repository/IWP30/Page_CCPaymentEntry/Year' 

25-10-2024T00:05:58 - [MESSAGE][PASSED] - Text '365 Main Avenue' is set on object 'Object Repository/IWP30/Page_CCPaymentEntry/AL1'

25-10-2024T00:05:59 - [MESSAGE][PASSED] - Text '22201' is set on object 'Object Repository/IWP30/Page_CCPaymentEntry/ZIP'

25-10-2024T00:05:59 - [MESSAGE][PASSED] - Object 'Object Repository/IWP30/Page_CCPaymentEntry/EmailAddress' is present

25-10-2024T00:06:00 - [MESSAGE][PASSED] - Text 'iahmed@govolution.com' is set on object 'Object Repository/IWP30/Page_CCPaymentEntry/EmailAddress'

25-10-2024T00:06:01 - [MESSAGE][PASSED] - Object 'Object Repository/IWP30/Page_CCPaymentEntry/TermCondCheckBox' is present

25-10-2024T00:06:01 - [MESSAGE][PASSED] - Object 'Object Repository/IWP30/Page_CCPaymentEntry/TermCondCheckBox' is checked

25-10-2024T00:06:01 - [MESSAGE][PASSED] - Object 'Object Repository/IWP30/Page_CCPaymentEntry/ContinueButton' is present

25-10-2024T00:06:03 - [MESSAGE][PASSED] - Object: 'Object Repository/IWP30/Page_CCPaymentEntry/ContinueButton' is clicked on

25-10-2024T00:06:03 - [MESSAGE][PASSED] - iwpPages.ccPaymentEntryPage.setDataCCPM is PASSED

25-10-2024T00:06:03 - [TEST_STEP][PASSED] - click(findTestObject("Object Repository/IWP30/Page_Confirmation/ConfirmButton")): Object: 'Object Repository/IWP30/Page_Confirmation/ConfirmButton' is clicked on

25-10-2024T00:06:05 - [MESSAGE][PASSED] - Object: 'Object Repository/IWP30/Page_Confirmation/ConfirmButton' is clicked on

25-10-2024T00:06:05 - [TEST_STEP][PASSED] - Thread.sleep(10000): null

25-10-2024T00:06:15 - [TEST_STEP][PASSED] - if (verifyTextPresent("Successful Payment Receipt", false)): null

25-10-2024T00:06:15 - [MESSAGE][PASSED] - Text 'Successful Payment Receipt' is present on page 

25-10-2024T00:06:15 - [TEST_STEP][PASSED] - println("Successful Payment Receipt text is present on the Receipt page"): null

25-10-2024T00:06:15 - [TEST_STEP][PASSED] - markPassed("Successful Payment Receipt text is present on the Receipt page"): Successful Payment Receipt text is present on the Receipt page

25-10-2024T00:06:15 - [MESSAGE][PASSED] - Successful Payment Receipt text is present on the Receipt page

25-10-2024T00:06:15 - [TEST_STEP][PASSED] - resText = "Pass": null

25-10-2024T00:06:15 - [TEST_STEP][PASSED] - pages.WriteExcel.demoKey(resText, datText, resColumn, datCloumn, fileLoc, nameSheet, row): pages.WriteExcel.demoKey is PASSED

25-10-2024T00:06:15 - [MESSAGE][PASSED] - pages.WriteExcel.demoKey is PASSED

25-10-2024T00:06:15 - [TEST_STEP][PASSED] - closeBrowser(): Browser is closed

25-10-2024T00:06:16 - [MESSAGE][PASSED] - Browser is closed

25-10-2024T00:06:16 - [TEST_STEP][PASSED] - ExecuteTC = findTestData(dataFile).getValue("Execute", row): null

25-10-2024T00:06:16 - [TEST_STEP][PASSED] - out.println("Value of Execute is : " + ExecuteTC): null

25-10-2024T00:06:16 - [TEST_STEP][PASSED] - if (ExecuteTC.equalsIgnoreCase("Y")): null

25-10-2024T00:06:16 - [TEST_STEP][PASSED] - out.println("Begin Record Number: " + row): null

25-10-2024T00:06:16 - [TEST_STEP][PASSED] - today = new java.util.Date(): null

25-10-2024T00:06:16 - [TEST_STEP][PASSED] - println(today): null

25-10-2024T00:06:16 - [TEST_STEP][PASSED] - datText = today: null

25-10-2024T00:06:16 - [TEST_STEP][PASSED] - EmulatorDataKey = findTestData(dataFile).getValue("EmulatorData", row): null

25-10-2024T00:06:16 - [TEST_STEP][PASSED] - out.println("Value of Emulator Key is : " + EmulatorDataKey): null

25-10-2024T00:06:16 - [TEST_STEP][PASSED] - iwpPages.emulatorIWP30.setDataEmulator_DD(EmulatorDataKey): iwpPages.emulatorIWP30.setDataEmulator_DD is PASSED

25-10-2024T00:06:16 - [MESSAGE][INFO] - Starting 'Edge Chromium' driver

25-10-2024T00:06:16 - [MESSAGE][INFO] - User set preference: ['acceptInsecureCerts', 'true']

25-10-2024T00:06:19 - [MESSAGE][INFO] - Action delay is set to 0 milliseconds

25-10-2024T00:06:22 - [MESSAGE][PASSED] - Browser is opened with url: 'https://qa2.velocitypayment.com/agencyx/config.action?action=editor&message_version=2_5'

25-10-2024T00:06:22 - [MESSAGE][PASSED] - Current window maximized

25-10-2024T00:06:53 - [MESSAGE][INFO] - Unable to find the element located by 'By.xpath: //select[@name='message_version']'. Please recheck the objects properties to make sure the desired element is located. 

25-10-2024T00:06:53 - [MESSAGE][WARNING] - [SELF-HEALING] Failed to find element with id 'Object Repository/IWP30/Page_VRelay30Emulator/MV'. Try using Self-healing.

25-10-2024T00:06:54 - [MESSAGE][WARNING] - [SELF-HEALING] The current locator of test object 'Object Repository/IWP30/Page_VRelay30Emulator/MV' was broken. Propose an alternative one: '(.//*[normalize-space(text()) and normalize-space(.)='Message Version'])[1]/following::select[1]'.

25-10-2024T00:06:54 - [MESSAGE][PASSED] - All options with value '2.5' are selected in object 'Object Repository/IWP30/Page_VRelay30Emulator/MV'  using regular expression

25-10-2024T00:06:55 - [MESSAGE][PASSED] - Text '10.50' is set on object 'Object Repository/IWP30/Page_EmulatorAgencyX/Amount'

25-10-2024T00:06:55 - [MESSAGE][PASSED] - Text '5SwEOO7eBytn' is set on object 'Object Repository/IWP30/Page_EmulatorAgencyX/CAN'

25-10-2024T00:06:56 - [MESSAGE][PASSED] - Text 'PayNow' is set on object 'Object Repository/IWP30/Page_EmulatorAgencyX/Action'

25-10-2024T00:06:57 - [MESSAGE][PASSED] - Text 'en_US' is set on object 'Object Repository/IWP30/Page_EmulatorAgencyX/Lang'

25-10-2024T00:06:57 - [MESSAGE][PASSED] - Text '' is set on object 'Object Repository/IWP30/Page_EmulatorAgencyX/Fname'

25-10-2024T00:06:58 - [MESSAGE][PASSED] - Text '' is set on object 'Object Repository/IWP30/Page_EmulatorAgencyX/Lname'

25-10-2024T00:06:58 - [MESSAGE][PASSED] - Text '' is set on object 'Object Repository/IWP30/Page_EmulatorAgencyX/AL1'

25-10-2024T00:06:59 - [MESSAGE][PASSED] - Text '' is set on object 'Object Repository/IWP30/Page_EmulatorAgencyX/AL2'

25-10-2024T00:07:00 - [MESSAGE][PASSED] - Text '' is set on object 'Object Repository/IWP30/Page_EmulatorAgencyX/Country'

25-10-2024T00:07:00 - [MESSAGE][PASSED] - Text '' is set on object 'Object Repository/IWP30/Page_EmulatorAgencyX/City'

25-10-2024T00:07:01 - [MESSAGE][PASSED] - Text '' is set on object 'Object Repository/IWP30/Page_EmulatorAgencyX/State'

25-10-2024T00:07:01 - [MESSAGE][PASSED] - Text '' is set on object 'Object Repository/IWP30/Page_EmulatorAgencyX/ZIP'

25-10-2024T00:07:02 - [MESSAGE][PASSED] - Text '' is set on object 'Object Repository/IWP30/Page_EmulatorAgencyX/Order'

25-10-2024T00:07:02 - [MESSAGE][PASSED] - Text '' is set on object 'Object Repository/IWP30/Page_EmulatorAgencyX/Company'

25-10-2024T00:07:03 - [MESSAGE][PASSED] - Text '' is set on object 'Object Repository/IWP30/Page_EmulatorAgencyX/Email'

25-10-2024T00:07:04 - [MESSAGE][PASSED] - Text '' is set on object 'Object Repository/IWP30/Page_EmulatorAgencyX/UDF1'

25-10-2024T00:07:04 - [MESSAGE][PASSED] - Text '' is set on object 'Object Repository/IWP30/Page_EmulatorAgencyX/UDF2'

25-10-2024T00:07:05 - [MESSAGE][PASSED] - Text '' is set on object 'Object Repository/IWP30/Page_EmulatorAgencyX/UDF3'

25-10-2024T00:07:05 - [MESSAGE][PASSED] - Text 'udf data 4' is set on object 'Object Repository/IWP30/Page_EmulatorAgencyX/UDF4'

25-10-2024T00:07:06 - [MESSAGE][PASSED] - Text 'udf data 5' is set on object 'Object Repository/IWP30/Page_EmulatorAgencyX/UDF5'

25-10-2024T00:07:06 - [MESSAGE][PASSED] - Text '' is set on object 'Object Repository/IWP30/Page_EmulatorAgencyX/UDF6'

25-10-2024T00:07:07 - [MESSAGE][PASSED] - Text '' is set on object 'Object Repository/IWP30/Page_EmulatorAgencyX/UDF7'

25-10-2024T00:07:08 - [MESSAGE][PASSED] - Text '' is set on object 'Object Repository/IWP30/Page_EmulatorAgencyX/UDF8'

25-10-2024T00:07:08 - [MESSAGE][PASSED] - Text 'udf data 9' is set on object 'Object Repository/IWP30/Page_EmulatorAgencyX/UDF9'

25-10-2024T00:07:09 - [MESSAGE][PASSED] - Text 'udf data 10' is set on object 'Object Repository/IWP30/Page_EmulatorAgencyX/UDF10'

25-10-2024T00:07:10 - [MESSAGE][PASSED] - Object: 'Object Repository/IWP30/Page_EmulatorAgencyX/Submit' is clicked on

25-10-2024T00:07:15 - [MESSAGE][PASSED] - Browser is closed

25-10-2024T00:07:19 - [MESSAGE][PASSED] - iwpPages.emulatorIWP30.setDataEmulator_DD is PASSED

25-10-2024T00:07:19 - [TEST_STEP][PASSED] - testHarnessURL = urlTestHarness: null

25-10-2024T00:07:19 - [TEST_STEP][PASSED] - openBrowser(testHarnessURL): Browser is opened with url: 'https://dev-algorithm.govolution.com/vrelaytest/QA2/version_2_2/vrelaytest.html'

25-10-2024T00:07:19 - [MESSAGE][INFO] - Starting 'Edge Chromium' driver

25-10-2024T00:07:19 - [MESSAGE][INFO] - User set preference: ['acceptInsecureCerts', 'true']

25-10-2024T00:07:21 - [MESSAGE][INFO] - Action delay is set to 0 milliseconds

25-10-2024T00:07:24 - [MESSAGE][PASSED] - Browser is opened with url: 'https://dev-algorithm.govolution.com/vrelaytest/QA2/version_2_2/vrelaytest.html'

25-10-2024T00:07:24 - [TEST_STEP][PASSED] - maximizeWindow(): Current window maximized

25-10-2024T00:07:24 - [MESSAGE][PASSED] - Current window maximized

25-10-2024T00:07:24 - [TEST_STEP][PASSED] - iwpPages.TestHarnessPage.setDataMethod(row, dataFile): iwpPages.TestHarnessPage.setDataMethod is PASSED

25-10-2024T00:07:25 - [MESSAGE][PASSED] - Object 'Object Repository/IWP30/Page_QATestHarness/RemittanceID' is present

25-10-2024T00:07:25 - [MESSAGE][PASSED] - Text '638' is set on object 'Object Repository/IWP30/Page_QATestHarness/ApplicationID'

25-10-2024T00:07:26 - [MESSAGE][PASSED] - Text '2.5' is set on object 'Object Repository/IWP30/Page_QATestHarness/MessageVersion'

25-10-2024T00:07:27 - [MESSAGE][PASSED] - Text 'JCC7iKNW2XBP' is set on object 'Object Repository/IWP30/Page_QATestHarness/RemittanceID'

25-10-2024T00:07:32 - [MESSAGE][PASSED] - Object: 'Object Repository/IWP30/Page_QATestHarness/SubmitButton' is clicked on

25-10-2024T00:07:32 - [MESSAGE][PASSED] - iwpPages.TestHarnessPage.setDataMethod is PASSED

25-10-2024T00:07:32 - [TEST_STEP][PASSED] - check(findTestObject("Object Repository/IWP30/Page_SelectPaymentMethod/PayByCreditCard")): Object 'Object Repository/IWP30/Page_SelectPaymentMethod/PayByCreditCard' is checked

25-10-2024T00:07:33 - [MESSAGE][PASSED] - Object 'Object Repository/IWP30/Page_SelectPaymentMethod/PayByCreditCard' is checked

25-10-2024T00:07:33 - [TEST_STEP][PASSED] - click(findTestObject("Object Repository/IWP30/Page_SelectPaymentMethod/MakePaymentButton")): Object: 'Object Repository/IWP30/Page_SelectPaymentMethod/MakePaymentButton' is clicked on

25-10-2024T00:07:36 - [MESSAGE][PASSED] - Object: 'Object Repository/IWP30/Page_SelectPaymentMethod/MakePaymentButton' is clicked on

25-10-2024T00:07:36 - [TEST_STEP][PASSED] - iwpPages.ccPaymentEntryPage.setDataCCPM(row, dataFile): iwpPages.ccPaymentEntryPage.setDataCCPM is PASSED

25-10-2024T00:07:37 - [MESSAGE][PASSED] - Object 'Object Repository/IWP30/Page_CCPaymentEntry/Name' is present

25-10-2024T00:07:38 - [MESSAGE][PASSED] - Text '10.50' is set on object 'Object Repository/IWP30/Page_CCPaymentEntry/Amount'

25-10-2024T00:07:38 - [MESSAGE][PASSED] - Text 'udf data 2' is set on object 'Object Repository/IWP30/Page_CCPaymentEntry/UserDefined2'

25-10-2024T00:07:39 - [MESSAGE][PASSED] - Text 'udf data 3' is set on object 'Object Repository/IWP30/Page_CCPaymentEntry/UserDefined3'

25-10-2024T00:07:39 - [MESSAGE][PASSED] - All options with label 'Orange' are selected in object 'Object Repository/IWP30/Page_CCPaymentEntry/UserDefined7' 

25-10-2024T00:07:40 - [MESSAGE][PASSED] - All options with label 'Soccer' are selected in object 'Object Repository/IWP30/Page_CCPaymentEntry/UserDefined8' 

25-10-2024T00:07:40 - [MESSAGE][PASSED] - Object 'Object Repository/IWP30/Page_CCPaymentEntry/Name' is present

25-10-2024T00:07:41 - [MESSAGE][PASSED] - Text 'Charu Suraji' is set on object 'Object Repository/IWP30/Page_CCPaymentEntry/Name'

25-10-2024T00:07:41 - [MESSAGE][PASSED] - Object 'Object Repository/IWP30/Page_CCPaymentEntry/CardNumber' is present

25-10-2024T00:07:42 - [MESSAGE][PASSED] - Text '374245002771003' is set on object 'Object Repository/IWP30/Page_CCPaymentEntry/CardNumber'

25-10-2024T00:07:42 - [MESSAGE][PASSED] - Text '1234' is set on object 'Object Repository/IWP30/Page_CCPaymentEntry/SPC'

25-10-2024T00:07:43 - [MESSAGE][PASSED] - Object 'Object Repository/IWP30/Page_CCPaymentEntry/Month' is present

25-10-2024T00:07:43 - [MESSAGE][PASSED] - All options with label '09' are selected in object 'Object Repository/IWP30/Page_CCPaymentEntry/Month' 

25-10-2024T00:07:44 - [MESSAGE][PASSED] - Object 'Object Repository/IWP30/Page_CCPaymentEntry/Year' is present

25-10-2024T00:07:44 - [MESSAGE][PASSED] - All options with label '2028' are selected in object 'Object Repository/IWP30/Page_CCPaymentEntry/Year' 

25-10-2024T00:07:45 - [MESSAGE][PASSED] - Text '365 Main Avenue' is set on object 'Object Repository/IWP30/Page_CCPaymentEntry/AL1'

25-10-2024T00:07:46 - [MESSAGE][PASSED] - Text '22201' is set on object 'Object Repository/IWP30/Page_CCPaymentEntry/ZIP'

25-10-2024T00:07:46 - [MESSAGE][PASSED] - Object 'Object Repository/IWP30/Page_CCPaymentEntry/EmailAddress' is present

25-10-2024T00:07:47 - [MESSAGE][PASSED] - Text 'iahmed@govolution.com' is set on object 'Object Repository/IWP30/Page_CCPaymentEntry/EmailAddress'

25-10-2024T00:07:47 - [MESSAGE][PASSED] - Object 'Object Repository/IWP30/Page_CCPaymentEntry/TermCondCheckBox' is present

25-10-2024T00:07:47 - [MESSAGE][PASSED] - Object 'Object Repository/IWP30/Page_CCPaymentEntry/TermCondCheckBox' is checked

25-10-2024T00:07:48 - [MESSAGE][PASSED] - Object 'Object Repository/IWP30/Page_CCPaymentEntry/ContinueButton' is present

25-10-2024T00:07:49 - [MESSAGE][PASSED] - Object: 'Object Repository/IWP30/Page_CCPaymentEntry/ContinueButton' is clicked on

25-10-2024T00:07:49 - [MESSAGE][PASSED] - iwpPages.ccPaymentEntryPage.setDataCCPM is PASSED

25-10-2024T00:07:49 - [TEST_STEP][PASSED] - click(findTestObject("Object Repository/IWP30/Page_Confirmation/ConfirmButton")): Object: 'Object Repository/IWP30/Page_Confirmation/ConfirmButton' is clicked on

25-10-2024T00:07:52 - [MESSAGE][PASSED] - Object: 'Object Repository/IWP30/Page_Confirmation/ConfirmButton' is clicked on

25-10-2024T00:07:52 - [TEST_STEP][PASSED] - Thread.sleep(10000): null

25-10-2024T00:08:02 - [TEST_STEP][PASSED] - if (verifyTextPresent("Successful Payment Receipt", false)): null

25-10-2024T00:08:02 - [MESSAGE][PASSED] - Text 'Successful Payment Receipt' is present on page 

25-10-2024T00:08:02 - [TEST_STEP][PASSED] - println("Successful Payment Receipt text is present on the Receipt page"): null

25-10-2024T00:08:02 - [TEST_STEP][PASSED] - markPassed("Successful Payment Receipt text is present on the Receipt page"): Successful Payment Receipt text is present on the Receipt page

25-10-2024T00:08:02 - [MESSAGE][PASSED] - Successful Payment Receipt text is present on the Receipt page

25-10-2024T00:08:02 - [TEST_STEP][PASSED] - resText = "Pass": null

25-10-2024T00:08:02 - [TEST_STEP][PASSED] - pages.WriteExcel.demoKey(resText, datText, resColumn, datCloumn, fileLoc, nameSheet, row): pages.WriteExcel.demoKey is PASSED

25-10-2024T00:08:02 - [MESSAGE][PASSED] - pages.WriteExcel.demoKey is PASSED

25-10-2024T00:08:02 - [TEST_STEP][PASSED] - closeBrowser(): Browser is closed

25-10-2024T00:08:03 - [MESSAGE][PASSED] - Browser is closed

25-10-2024T00:08:03 - [TEST_STEP][PASSED] - ExecuteTC = findTestData(dataFile).getValue("Execute", row): null

25-10-2024T00:08:03 - [TEST_STEP][PASSED] - out.println("Value of Execute is : " + ExecuteTC): null

25-10-2024T00:08:03 - [TEST_STEP][PASSED] - if (ExecuteTC.equalsIgnoreCase("Y")): null

25-10-2024T00:08:03 - [TEST_STEP][PASSED] - out.println("Begin Record Number: " + row): null

25-10-2024T00:08:03 - [TEST_STEP][PASSED] - today = new java.util.Date(): null

25-10-2024T00:08:03 - [TEST_STEP][PASSED] - println(today): null

25-10-2024T00:08:03 - [TEST_STEP][PASSED] - datText = today: null

25-10-2024T00:08:03 - [TEST_STEP][PASSED] - EmulatorDataKey = findTestData(dataFile).getValue("EmulatorData", row): null

25-10-2024T00:08:03 - [TEST_STEP][PASSED] - out.println("Value of Emulator Key is : " + EmulatorDataKey): null

25-10-2024T00:08:03 - [TEST_STEP][PASSED] - iwpPages.emulatorIWP30.setDataEmulator_DD(EmulatorDataKey): iwpPages.emulatorIWP30.setDataEmulator_DD is PASSED

25-10-2024T00:08:03 - [MESSAGE][INFO] - Starting 'Edge Chromium' driver

25-10-2024T00:08:03 - [MESSAGE][INFO] - User set preference: ['acceptInsecureCerts', 'true']

25-10-2024T00:08:05 - [MESSAGE][INFO] - Action delay is set to 0 milliseconds

25-10-2024T00:08:09 - [MESSAGE][PASSED] - Browser is opened with url: 'https://qa2.velocitypayment.com/agencyx/config.action?action=editor&message_version=2_5'

25-10-2024T00:08:09 - [MESSAGE][PASSED] - Current window maximized

25-10-2024T00:08:40 - [MESSAGE][INFO] - Unable to find the element located by 'By.xpath: //select[@name='message_version']'. Please recheck the objects properties to make sure the desired element is located. 

25-10-2024T00:08:40 - [MESSAGE][WARNING] - [SELF-HEALING] Failed to find element with id 'Object Repository/IWP30/Page_VRelay30Emulator/MV'. Try using Self-healing.

25-10-2024T00:08:40 - [MESSAGE][WARNING] - [SELF-HEALING] The current locator of test object 'Object Repository/IWP30/Page_VRelay30Emulator/MV' was broken. Propose an alternative one: '(.//*[normalize-space(text()) and normalize-space(.)='Message Version'])[1]/following::select[1]'.

25-10-2024T00:08:41 - [MESSAGE][PASSED] - All options with value '2.5' are selected in object 'Object Repository/IWP30/Page_VRelay30Emulator/MV'  using regular expression

25-10-2024T00:08:42 - [MESSAGE][PASSED] - Text '10.50' is set on object 'Object Repository/IWP30/Page_EmulatorAgencyX/Amount'

25-10-2024T00:08:42 - [MESSAGE][PASSED] - Text 'HpAwaBhhb67s' is set on object 'Object Repository/IWP30/Page_EmulatorAgencyX/CAN'

25-10-2024T00:08:43 - [MESSAGE][PASSED] - Text 'PayNow' is set on object 'Object Repository/IWP30/Page_EmulatorAgencyX/Action'

25-10-2024T00:08:43 - [MESSAGE][PASSED] - Text 'en_US' is set on object 'Object Repository/IWP30/Page_EmulatorAgencyX/Lang'

25-10-2024T00:08:44 - [MESSAGE][PASSED] - Text '' is set on object 'Object Repository/IWP30/Page_EmulatorAgencyX/Fname'

25-10-2024T00:08:45 - [MESSAGE][PASSED] - Text '' is set on object 'Object Repository/IWP30/Page_EmulatorAgencyX/Lname'

25-10-2024T00:08:45 - [MESSAGE][PASSED] - Text '' is set on object 'Object Repository/IWP30/Page_EmulatorAgencyX/AL1'

25-10-2024T00:08:46 - [MESSAGE][PASSED] - Text '' is set on object 'Object Repository/IWP30/Page_EmulatorAgencyX/AL2'

25-10-2024T00:08:46 - [MESSAGE][PASSED] - Text '' is set on object 'Object Repository/IWP30/Page_EmulatorAgencyX/Country'

25-10-2024T00:08:47 - [MESSAGE][PASSED] - Text '' is set on object 'Object Repository/IWP30/Page_EmulatorAgencyX/City'

25-10-2024T00:08:48 - [MESSAGE][PASSED] - Text '' is set on object 'Object Repository/IWP30/Page_EmulatorAgencyX/State'

25-10-2024T00:08:48 - [MESSAGE][PASSED] - Text '' is set on object 'Object Repository/IWP30/Page_EmulatorAgencyX/ZIP'

25-10-2024T00:08:49 - [MESSAGE][PASSED] - Text '' is set on object 'Object Repository/IWP30/Page_EmulatorAgencyX/Order'

25-10-2024T00:08:49 - [MESSAGE][PASSED] - Text '' is set on object 'Object Repository/IWP30/Page_EmulatorAgencyX/Company'

25-10-2024T00:08:50 - [MESSAGE][PASSED] - Text '' is set on object 'Object Repository/IWP30/Page_EmulatorAgencyX/Email'

25-10-2024T00:08:50 - [MESSAGE][PASSED] - Text '' is set on object 'Object Repository/IWP30/Page_EmulatorAgencyX/UDF1'

25-10-2024T00:08:51 - [MESSAGE][PASSED] - Text '' is set on object 'Object Repository/IWP30/Page_EmulatorAgencyX/UDF2'

25-10-2024T00:08:52 - [MESSAGE][PASSED] - Text '' is set on object 'Object Repository/IWP30/Page_EmulatorAgencyX/UDF3'

25-10-2024T00:08:52 - [MESSAGE][PASSED] - Text 'udf data 4' is set on object 'Object Repository/IWP30/Page_EmulatorAgencyX/UDF4'

25-10-2024T00:08:53 - [MESSAGE][PASSED] - Text 'udf data 5' is set on object 'Object Repository/IWP30/Page_EmulatorAgencyX/UDF5'

25-10-2024T00:08:53 - [MESSAGE][PASSED] - Text '' is set on object 'Object Repository/IWP30/Page_EmulatorAgencyX/UDF6'

25-10-2024T00:08:54 - [MESSAGE][PASSED] - Text '' is set on object 'Object Repository/IWP30/Page_EmulatorAgencyX/UDF7'

25-10-2024T00:08:55 - [MESSAGE][PASSED] - Text '' is set on object 'Object Repository/IWP30/Page_EmulatorAgencyX/UDF8'

25-10-2024T00:08:55 - [MESSAGE][PASSED] - Text 'udf data 9' is set on object 'Object Repository/IWP30/Page_EmulatorAgencyX/UDF9'

25-10-2024T00:08:56 - [MESSAGE][PASSED] - Text 'udf data 10' is set on object 'Object Repository/IWP30/Page_EmulatorAgencyX/UDF10'

25-10-2024T00:08:57 - [MESSAGE][PASSED] - Object: 'Object Repository/IWP30/Page_EmulatorAgencyX/Submit' is clicked on

25-10-2024T00:09:02 - [MESSAGE][PASSED] - Browser is closed

25-10-2024T00:09:06 - [MESSAGE][PASSED] - iwpPages.emulatorIWP30.setDataEmulator_DD is PASSED

25-10-2024T00:09:06 - [TEST_STEP][PASSED] - testHarnessURL = urlTestHarness: null

25-10-2024T00:09:06 - [TEST_STEP][PASSED] - openBrowser(testHarnessURL): Browser is opened with url: 'https://dev-algorithm.govolution.com/vrelaytest/QA2/version_2_2/vrelaytest.html'

25-10-2024T00:09:06 - [MESSAGE][INFO] - Starting 'Edge Chromium' driver

25-10-2024T00:09:06 - [MESSAGE][INFO] - User set preference: ['acceptInsecureCerts', 'true']

25-10-2024T00:09:08 - [MESSAGE][INFO] - Action delay is set to 0 milliseconds

25-10-2024T00:09:11 - [MESSAGE][PASSED] - Browser is opened with url: 'https://dev-algorithm.govolution.com/vrelaytest/QA2/version_2_2/vrelaytest.html'

25-10-2024T00:09:11 - [TEST_STEP][PASSED] - maximizeWindow(): Current window maximized

25-10-2024T00:09:12 - [MESSAGE][PASSED] - Current window maximized

25-10-2024T00:09:12 - [TEST_STEP][PASSED] - iwpPages.TestHarnessPage.setDataMethod(row, dataFile): iwpPages.TestHarnessPage.setDataMethod is PASSED

25-10-2024T00:09:12 - [MESSAGE][PASSED] - Object 'Object Repository/IWP30/Page_QATestHarness/RemittanceID' is present

25-10-2024T00:09:13 - [MESSAGE][PASSED] - Text '638' is set on object 'Object Repository/IWP30/Page_QATestHarness/ApplicationID'

25-10-2024T00:09:13 - [MESSAGE][PASSED] - Text '2.5' is set on object 'Object Repository/IWP30/Page_QATestHarness/MessageVersion'

25-10-2024T00:09:14 - [MESSAGE][PASSED] - Text '1E1j2nfyuCrQ' is set on object 'Object Repository/IWP30/Page_QATestHarness/RemittanceID'

25-10-2024T00:09:17 - [MESSAGE][PASSED] - Object: 'Object Repository/IWP30/Page_QATestHarness/SubmitButton' is clicked on

25-10-2024T00:09:17 - [MESSAGE][PASSED] - iwpPages.TestHarnessPage.setDataMethod is PASSED

25-10-2024T00:09:17 - [TEST_STEP][PASSED] - check(findTestObject("Object Repository/IWP30/Page_SelectPaymentMethod/PayByCreditCard")): Object 'Object Repository/IWP30/Page_SelectPaymentMethod/PayByCreditCard' is checked

25-10-2024T00:09:18 - [MESSAGE][PASSED] - Object 'Object Repository/IWP30/Page_SelectPaymentMethod/PayByCreditCard' is checked

25-10-2024T00:09:18 - [TEST_STEP][PASSED] - click(findTestObject("Object Repository/IWP30/Page_SelectPaymentMethod/MakePaymentButton")): Object: 'Object Repository/IWP30/Page_SelectPaymentMethod/MakePaymentButton' is clicked on

25-10-2024T00:09:21 - [MESSAGE][PASSED] - Object: 'Object Repository/IWP30/Page_SelectPaymentMethod/MakePaymentButton' is clicked on

25-10-2024T00:09:21 - [TEST_STEP][PASSED] - iwpPages.ccPaymentEntryPage.setDataCCPM(row, dataFile): iwpPages.ccPaymentEntryPage.setDataCCPM is PASSED

25-10-2024T00:09:22 - [MESSAGE][PASSED] - Object 'Object Repository/IWP30/Page_CCPaymentEntry/Name' is present

25-10-2024T00:09:23 - [MESSAGE][PASSED] - Text '10.50' is set on object 'Object Repository/IWP30/Page_CCPaymentEntry/Amount'

25-10-2024T00:09:23 - [MESSAGE][PASSED] - Text 'udf data 3' is set on object 'Object Repository/IWP30/Page_CCPaymentEntry/UserDefined3'

25-10-2024T00:09:24 - [MESSAGE][PASSED] - All options with label 'Soccer' are selected in object 'Object Repository/IWP30/Page_CCPaymentEntry/UserDefined8' 

25-10-2024T00:09:24 - [MESSAGE][PASSED] - Object 'Object Repository/IWP30/Page_CCPaymentEntry/Name' is present

25-10-2024T00:09:25 - [MESSAGE][PASSED] - Text 'Shakuntla Devi' is set on object 'Object Repository/IWP30/Page_CCPaymentEntry/Name'

25-10-2024T00:09:25 - [MESSAGE][PASSED] - Object 'Object Repository/IWP30/Page_CCPaymentEntry/CardNumber' is present

25-10-2024T00:09:26 - [MESSAGE][PASSED] - Text '5146312200000035' is set on object 'Object Repository/IWP30/Page_CCPaymentEntry/CardNumber'

25-10-2024T00:09:26 - [MESSAGE][PASSED] - Text '123' is set on object 'Object Repository/IWP30/Page_CCPaymentEntry/SPC'

25-10-2024T00:09:27 - [MESSAGE][PASSED] - Object 'Object Repository/IWP30/Page_CCPaymentEntry/Month' is present

25-10-2024T00:09:27 - [MESSAGE][PASSED] - All options with label '09' are selected in object 'Object Repository/IWP30/Page_CCPaymentEntry/Month' 

25-10-2024T00:09:28 - [MESSAGE][PASSED] - Object 'Object Repository/IWP30/Page_CCPaymentEntry/Year' is present

25-10-2024T00:09:28 - [MESSAGE][PASSED] - All options with label '2028' are selected in object 'Object Repository/IWP30/Page_CCPaymentEntry/Year' 

25-10-2024T00:09:29 - [MESSAGE][PASSED] - Text '365 Main Avenue' is set on object 'Object Repository/IWP30/Page_CCPaymentEntry/AL1'

25-10-2024T00:09:29 - [MESSAGE][PASSED] - Text '22201' is set on object 'Object Repository/IWP30/Page_CCPaymentEntry/ZIP'

25-10-2024T00:09:30 - [MESSAGE][PASSED] - Object 'Object Repository/IWP30/Page_CCPaymentEntry/EmailAddress' is present

25-10-2024T00:09:31 - [MESSAGE][PASSED] - Text 'iahmed@govolution.com' is set on object 'Object Repository/IWP30/Page_CCPaymentEntry/EmailAddress'

25-10-2024T00:09:31 - [MESSAGE][PASSED] - Object 'Object Repository/IWP30/Page_CCPaymentEntry/TermCondCheckBox' is present

25-10-2024T00:09:31 - [MESSAGE][PASSED] - Object 'Object Repository/IWP30/Page_CCPaymentEntry/TermCondCheckBox' is checked

25-10-2024T00:09:32 - [MESSAGE][PASSED] - Object 'Object Repository/IWP30/Page_CCPaymentEntry/ContinueButton' is present

25-10-2024T00:09:33 - [MESSAGE][PASSED] - Object: 'Object Repository/IWP30/Page_CCPaymentEntry/ContinueButton' is clicked on

25-10-2024T00:09:33 - [MESSAGE][PASSED] - iwpPages.ccPaymentEntryPage.setDataCCPM is PASSED

25-10-2024T00:09:33 - [TEST_STEP][PASSED] - click(findTestObject("Object Repository/IWP30/Page_Confirmation/ConfirmButton")): Object: 'Object Repository/IWP30/Page_Confirmation/ConfirmButton' is clicked on

25-10-2024T00:09:36 - [MESSAGE][PASSED] - Object: 'Object Repository/IWP30/Page_Confirmation/ConfirmButton' is clicked on

25-10-2024T00:09:36 - [TEST_STEP][PASSED] - Thread.sleep(10000): null

25-10-2024T00:09:46 - [TEST_STEP][PASSED] - if (verifyTextPresent("Successful Payment Receipt", false)): null

25-10-2024T00:09:46 - [MESSAGE][PASSED] - Text 'Successful Payment Receipt' is present on page 

25-10-2024T00:09:46 - [TEST_STEP][PASSED] - println("Successful Payment Receipt text is present on the Receipt page"): null

25-10-2024T00:09:46 - [TEST_STEP][PASSED] - markPassed("Successful Payment Receipt text is present on the Receipt page"): Successful Payment Receipt text is present on the Receipt page

25-10-2024T00:09:46 - [MESSAGE][PASSED] - Successful Payment Receipt text is present on the Receipt page

25-10-2024T00:09:46 - [TEST_STEP][PASSED] - resText = "Pass": null

25-10-2024T00:09:46 - [TEST_STEP][PASSED] - pages.WriteExcel.demoKey(resText, datText, resColumn, datCloumn, fileLoc, nameSheet, row): pages.WriteExcel.demoKey is PASSED

25-10-2024T00:09:46 - [MESSAGE][PASSED] - pages.WriteExcel.demoKey is PASSED

25-10-2024T00:09:46 - [TEST_STEP][PASSED] - closeBrowser(): Browser is closed

25-10-2024T00:09:47 - [MESSAGE][PASSED] - Browser is closed

25-10-2024T00:09:47 - [TEST_STEP][PASSED] - ExecuteTC = findTestData(dataFile).getValue("Execute", row): null

25-10-2024T00:09:47 - [TEST_STEP][PASSED] - out.println("Value of Execute is : " + ExecuteTC): null

25-10-2024T00:09:47 - [TEST_STEP][PASSED] - if (ExecuteTC.equalsIgnoreCase("Y")): null

25-10-2024T00:09:47 - [TEST_STEP][PASSED] - out.println("Begin Record Number: " + row): null

25-10-2024T00:09:47 - [TEST_STEP][PASSED] - today = new java.util.Date(): null

25-10-2024T00:09:47 - [TEST_STEP][PASSED] - println(today): null

25-10-2024T00:09:47 - [TEST_STEP][PASSED] - datText = today: null

25-10-2024T00:09:47 - [TEST_STEP][PASSED] - EmulatorDataKey = findTestData(dataFile).getValue("EmulatorData", row): null

25-10-2024T00:09:47 - [TEST_STEP][PASSED] - out.println("Value of Emulator Key is : " + EmulatorDataKey): null

25-10-2024T00:09:47 - [TEST_STEP][PASSED] - iwpPages.emulatorIWP30.setDataEmulator_DD(EmulatorDataKey): iwpPages.emulatorIWP30.setDataEmulator_DD is PASSED

25-10-2024T00:09:47 - [MESSAGE][INFO] - Starting 'Edge Chromium' driver

25-10-2024T00:09:47 - [MESSAGE][INFO] - User set preference: ['acceptInsecureCerts', 'true']

25-10-2024T00:09:49 - [MESSAGE][INFO] - Action delay is set to 0 milliseconds

25-10-2024T00:09:53 - [MESSAGE][PASSED] - Browser is opened with url: 'https://qa2.velocitypayment.com/agencyx/config.action?action=editor&message_version=3_0'

25-10-2024T00:09:53 - [MESSAGE][PASSED] - Current window maximized

25-10-2024T00:10:24 - [MESSAGE][INFO] - Unable to find the element located by 'By.xpath: //select[@name='message_version']'. Please recheck the objects properties to make sure the desired element is located. 

25-10-2024T00:10:24 - [MESSAGE][WARNING] - [SELF-HEALING] Failed to find element with id 'Object Repository/IWP30/Page_VRelay30Emulator/MV'. Try using Self-healing.

25-10-2024T00:10:24 - [MESSAGE][WARNING] - [SELF-HEALING] The current locator of test object 'Object Repository/IWP30/Page_VRelay30Emulator/MV' was broken. Propose an alternative one: '(.//*[normalize-space(text()) and normalize-space(.)='Message Version'])[1]/following::select[1]'.

25-10-2024T00:10:25 - [MESSAGE][PASSED] - All options with value '3.0' are selected in object 'Object Repository/IWP30/Page_VRelay30Emulator/MV'  using regular expression

25-10-2024T00:10:26 - [MESSAGE][PASSED] - Text '10.50' is set on object 'Object Repository/IWP30/Page_EmulatorAgencyX/Amount'

25-10-2024T00:10:26 - [MESSAGE][PASSED] - Text 'rATJI4r6Z0Pj' is set on object 'Object Repository/IWP30/Page_EmulatorAgencyX/CAN'

25-10-2024T00:10:27 - [MESSAGE][PASSED] - Text 'PayNow' is set on object 'Object Repository/IWP30/Page_EmulatorAgencyX/Action'

25-10-2024T00:10:27 - [MESSAGE][PASSED] - Text 'en_US' is set on object 'Object Repository/IWP30/Page_EmulatorAgencyX/Lang'

25-10-2024T00:10:28 - [MESSAGE][PASSED] - Text 'Jasmine' is set on object 'Object Repository/IWP30/Page_EmulatorAgencyX/Fname'

25-10-2024T00:10:29 - [MESSAGE][PASSED] - Text 'Patrinol' is set on object 'Object Repository/IWP30/Page_EmulatorAgencyX/Lname'

25-10-2024T00:10:29 - [MESSAGE][PASSED] - Text '258 Underwood rd' is set on object 'Object Repository/IWP30/Page_EmulatorAgencyX/AL1'

25-10-2024T00:10:30 - [MESSAGE][PASSED] - Text 'Suite 600' is set on object 'Object Repository/IWP30/Page_EmulatorAgencyX/AL2'

25-10-2024T00:10:30 - [MESSAGE][PASSED] - Text '840' is set on object 'Object Repository/IWP30/Page_EmulatorAgencyX/Country'

25-10-2024T00:10:31 - [MESSAGE][PASSED] - Text 'Arlington' is set on object 'Object Repository/IWP30/Page_EmulatorAgencyX/City'

25-10-2024T00:10:32 - [MESSAGE][PASSED] - Text 'VA' is set on object 'Object Repository/IWP30/Page_EmulatorAgencyX/State'

25-10-2024T00:10:32 - [MESSAGE][PASSED] - Text '22201' is set on object 'Object Repository/IWP30/Page_EmulatorAgencyX/ZIP'

25-10-2024T00:10:33 - [MESSAGE][PASSED] - Text '' is set on object 'Object Repository/IWP30/Page_EmulatorAgencyX/Order'

25-10-2024T00:10:33 - [MESSAGE][PASSED] - Text 'Some Company' is set on object 'Object Repository/IWP30/Page_EmulatorAgencyX/Company'

25-10-2024T00:10:34 - [MESSAGE][PASSED] - Text 'iahmed@govolution.com' is set on object 'Object Repository/IWP30/Page_EmulatorAgencyX/Email'

25-10-2024T00:10:34 - [MESSAGE][PASSED] - Text 'udf data 1' is set on object 'Object Repository/IWP30/Page_EmulatorAgencyX/UDF1'

25-10-2024T00:10:35 - [MESSAGE][PASSED] - Text 'udf data 2' is set on object 'Object Repository/IWP30/Page_EmulatorAgencyX/UDF2'

25-10-2024T00:10:36 - [MESSAGE][PASSED] - Text 'udf data 3' is set on object 'Object Repository/IWP30/Page_EmulatorAgencyX/UDF3'

25-10-2024T00:10:36 - [MESSAGE][PASSED] - Text 'udf data 4' is set on object 'Object Repository/IWP30/Page_EmulatorAgencyX/UDF4'

25-10-2024T00:10:37 - [MESSAGE][PASSED] - Text 'udf data 5' is set on object 'Object Repository/IWP30/Page_EmulatorAgencyX/UDF5'

25-10-2024T00:10:37 - [MESSAGE][PASSED] - Text 'udf data 6' is set on object 'Object Repository/IWP30/Page_EmulatorAgencyX/UDF6'

25-10-2024T00:10:38 - [MESSAGE][PASSED] - Text 'Orange' is set on object 'Object Repository/IWP30/Page_EmulatorAgencyX/UDF7'

25-10-2024T00:10:39 - [MESSAGE][PASSED] - Text 'Soccer' is set on object 'Object Repository/IWP30/Page_EmulatorAgencyX/UDF8'

25-10-2024T00:10:39 - [MESSAGE][PASSED] - Text 'udf data 9' is set on object 'Object Repository/IWP30/Page_EmulatorAgencyX/UDF9'

25-10-2024T00:10:40 - [MESSAGE][PASSED] - Text 'udf data 10' is set on object 'Object Repository/IWP30/Page_EmulatorAgencyX/UDF10'

25-10-2024T00:10:41 - [MESSAGE][PASSED] - Object: 'Object Repository/IWP30/Page_EmulatorAgencyX/Submit' is clicked on

25-10-2024T00:10:46 - [MESSAGE][PASSED] - Browser is closed

25-10-2024T00:10:50 - [MESSAGE][PASSED] - iwpPages.emulatorIWP30.setDataEmulator_DD is PASSED

25-10-2024T00:10:50 - [TEST_STEP][PASSED] - testHarnessURL = urlTestHarness: null

25-10-2024T00:10:50 - [TEST_STEP][PASSED] - openBrowser(testHarnessURL): Browser is opened with url: 'https://dev-algorithm.govolution.com/vrelaytest/QA2/version_2_2/vrelaytest.html'

25-10-2024T00:10:50 - [MESSAGE][INFO] - Starting 'Edge Chromium' driver

25-10-2024T00:10:50 - [MESSAGE][INFO] - User set preference: ['acceptInsecureCerts', 'true']

25-10-2024T00:10:52 - [MESSAGE][INFO] - Action delay is set to 0 milliseconds

25-10-2024T00:10:55 - [MESSAGE][PASSED] - Browser is opened with url: 'https://dev-algorithm.govolution.com/vrelaytest/QA2/version_2_2/vrelaytest.html'

25-10-2024T00:10:55 - [TEST_STEP][PASSED] - maximizeWindow(): Current window maximized

25-10-2024T00:10:55 - [MESSAGE][PASSED] - Current window maximized

25-10-2024T00:10:55 - [TEST_STEP][PASSED] - iwpPages.TestHarnessPage.setDataMethod(row, dataFile): iwpPages.TestHarnessPage.setDataMethod is PASSED

25-10-2024T00:10:56 - [MESSAGE][PASSED] - Object 'Object Repository/IWP30/Page_QATestHarness/RemittanceID' is present

25-10-2024T00:10:56 - [MESSAGE][PASSED] - Text '649' is set on object 'Object Repository/IWP30/Page_QATestHarness/ApplicationID'

25-10-2024T00:10:57 - [MESSAGE][PASSED] - Text '3.0' is set on object 'Object Repository/IWP30/Page_QATestHarness/MessageVersion'

25-10-2024T00:10:58 - [MESSAGE][PASSED] - Text 'u0zCOEb5dXOF' is set on object 'Object Repository/IWP30/Page_QATestHarness/RemittanceID'

25-10-2024T00:11:01 - [MESSAGE][PASSED] - Object: 'Object Repository/IWP30/Page_QATestHarness/SubmitButton' is clicked on

25-10-2024T00:11:01 - [MESSAGE][PASSED] - iwpPages.TestHarnessPage.setDataMethod is PASSED

25-10-2024T00:11:01 - [TEST_STEP][PASSED] - check(findTestObject("Object Repository/IWP30/Page_SelectPaymentMethod/PayByCreditCard")): Object 'Object Repository/IWP30/Page_SelectPaymentMethod/PayByCreditCard' is checked

25-10-2024T00:11:02 - [MESSAGE][PASSED] - Object 'Object Repository/IWP30/Page_SelectPaymentMethod/PayByCreditCard' is checked

25-10-2024T00:11:02 - [TEST_STEP][PASSED] - click(findTestObject("Object Repository/IWP30/Page_SelectPaymentMethod/MakePaymentButton")): Object: 'Object Repository/IWP30/Page_SelectPaymentMethod/MakePaymentButton' is clicked on

25-10-2024T00:11:05 - [MESSAGE][PASSED] - Object: 'Object Repository/IWP30/Page_SelectPaymentMethod/MakePaymentButton' is clicked on

25-10-2024T00:11:05 - [TEST_STEP][PASSED] - iwpPages.ccPaymentEntryPage.setDataCCPM(row, dataFile): iwpPages.ccPaymentEntryPage.setDataCCPM is PASSED

25-10-2024T00:11:06 - [MESSAGE][PASSED] - Object 'Object Repository/IWP30/Page_CCPaymentEntry/Name' is present

25-10-2024T00:11:07 - [MESSAGE][PASSED] - All options with label 'Soccer' are selected in object 'Object Repository/IWP30/Page_CCPaymentEntry/UserDefined8' 

25-10-2024T00:11:07 - [MESSAGE][PASSED] - Object 'Object Repository/IWP30/Page_CCPaymentEntry/Name' is present

25-10-2024T00:11:07 - [MESSAGE][PASSED] - Object 'Object Repository/IWP30/Page_CCPaymentEntry/CardNumber' is present

25-10-2024T00:11:08 - [MESSAGE][PASSED] - Text '5146312200000035' is set on object 'Object Repository/IWP30/Page_CCPaymentEntry/CardNumber'

25-10-2024T00:11:08 - [MESSAGE][PASSED] - Text '123' is set on object 'Object Repository/IWP30/Page_CCPaymentEntry/SPC'

25-10-2024T00:11:09 - [MESSAGE][PASSED] - Object 'Object Repository/IWP30/Page_CCPaymentEntry/Month' is present

25-10-2024T00:11:09 - [MESSAGE][PASSED] - All options with label '09' are selected in object 'Object Repository/IWP30/Page_CCPaymentEntry/Month' 

25-10-2024T00:11:09 - [MESSAGE][PASSED] - Object 'Object Repository/IWP30/Page_CCPaymentEntry/Year' is present

25-10-2024T00:11:10 - [MESSAGE][PASSED] - All options with label '2028' are selected in object 'Object Repository/IWP30/Page_CCPaymentEntry/Year' 

25-10-2024T00:11:10 - [MESSAGE][PASSED] - Object 'Object Repository/IWP30/Page_CCPaymentEntry/EmailAddress' is present

25-10-2024T00:11:11 - [MESSAGE][PASSED] - Object 'Object Repository/IWP30/Page_CCPaymentEntry/TermCondCheckBox' is present

25-10-2024T00:11:11 - [MESSAGE][PASSED] - Object 'Object Repository/IWP30/Page_CCPaymentEntry/TermCondCheckBox' is checked

25-10-2024T00:11:11 - [MESSAGE][PASSED] - Object 'Object Repository/IWP30/Page_CCPaymentEntry/ContinueButton' is present

25-10-2024T00:11:12 - [MESSAGE][PASSED] - Object: 'Object Repository/IWP30/Page_CCPaymentEntry/ContinueButton' is clicked on

25-10-2024T00:11:12 - [MESSAGE][PASSED] - iwpPages.ccPaymentEntryPage.setDataCCPM is PASSED

25-10-2024T00:11:12 - [TEST_STEP][PASSED] - click(findTestObject("Object Repository/IWP30/Page_Confirmation/ConfirmButton")): Object: 'Object Repository/IWP30/Page_Confirmation/ConfirmButton' is clicked on

25-10-2024T00:11:14 - [MESSAGE][PASSED] - Object: 'Object Repository/IWP30/Page_Confirmation/ConfirmButton' is clicked on

25-10-2024T00:11:14 - [TEST_STEP][PASSED] - Thread.sleep(10000): null

25-10-2024T00:11:24 - [TEST_STEP][PASSED] - if (verifyTextPresent("Successful Payment Receipt", false)): null

25-10-2024T00:11:24 - [MESSAGE][PASSED] - Text 'Successful Payment Receipt' is present on page 

25-10-2024T00:11:24 - [TEST_STEP][PASSED] - println("Successful Payment Receipt text is present on the Receipt page"): null

25-10-2024T00:11:24 - [TEST_STEP][PASSED] - markPassed("Successful Payment Receipt text is present on the Receipt page"): Successful Payment Receipt text is present on the Receipt page

25-10-2024T00:11:24 - [MESSAGE][PASSED] - Successful Payment Receipt text is present on the Receipt page

25-10-2024T00:11:24 - [TEST_STEP][PASSED] - resText = "Pass": null

25-10-2024T00:11:24 - [TEST_STEP][PASSED] - pages.WriteExcel.demoKey(resText, datText, resColumn, datCloumn, fileLoc, nameSheet, row): pages.WriteExcel.demoKey is PASSED

25-10-2024T00:11:24 - [MESSAGE][PASSED] - pages.WriteExcel.demoKey is PASSED

25-10-2024T00:11:24 - [TEST_STEP][PASSED] - closeBrowser(): Browser is closed

25-10-2024T00:11:25 - [MESSAGE][PASSED] - Browser is closed

25-10-2024T00:11:25 - [TEST_STEP][PASSED] - ExecuteTC = findTestData(dataFile).getValue("Execute", row): null

25-10-2024T00:11:25 - [TEST_STEP][PASSED] - out.println("Value of Execute is : " + ExecuteTC): null

25-10-2024T00:11:25 - [TEST_STEP][PASSED] - if (ExecuteTC.equalsIgnoreCase("Y")): null

25-10-2024T00:11:25 - [TEST_STEP][PASSED] - out.println("Begin Record Number: " + row): null

25-10-2024T00:11:25 - [TEST_STEP][PASSED] - today = new java.util.Date(): null

25-10-2024T00:11:25 - [TEST_STEP][PASSED] - println(today): null

25-10-2024T00:11:25 - [TEST_STEP][PASSED] - datText = today: null

25-10-2024T00:11:25 - [TEST_STEP][PASSED] - EmulatorDataKey = findTestData(dataFile).getValue("EmulatorData", row): null

25-10-2024T00:11:25 - [TEST_STEP][PASSED] - out.println("Value of Emulator Key is : " + EmulatorDataKey): null

25-10-2024T00:11:25 - [TEST_STEP][PASSED] - iwpPages.emulatorIWP30.setDataEmulator_DD(EmulatorDataKey): iwpPages.emulatorIWP30.setDataEmulator_DD is PASSED

25-10-2024T00:11:25 - [MESSAGE][INFO] - Starting 'Edge Chromium' driver

25-10-2024T00:11:25 - [MESSAGE][INFO] - User set preference: ['acceptInsecureCerts', 'true']

25-10-2024T00:11:27 - [MESSAGE][INFO] - Action delay is set to 0 milliseconds

25-10-2024T00:11:31 - [MESSAGE][PASSED] - Browser is opened with url: 'https://qa2.velocitypayment.com/agencyx/config.action?action=editor&message_version=3_0'

25-10-2024T00:11:31 - [MESSAGE][PASSED] - Current window maximized

25-10-2024T00:12:02 - [MESSAGE][INFO] - Unable to find the element located by 'By.xpath: //select[@name='message_version']'. Please recheck the objects properties to make sure the desired element is located. 

25-10-2024T00:12:02 - [MESSAGE][WARNING] - [SELF-HEALING] Failed to find element with id 'Object Repository/IWP30/Page_VRelay30Emulator/MV'. Try using Self-healing.

25-10-2024T00:12:02 - [MESSAGE][WARNING] - [SELF-HEALING] The current locator of test object 'Object Repository/IWP30/Page_VRelay30Emulator/MV' was broken. Propose an alternative one: '(.//*[normalize-space(text()) and normalize-space(.)='Message Version'])[1]/following::select[1]'.

25-10-2024T00:12:03 - [MESSAGE][PASSED] - All options with value '3.0' are selected in object 'Object Repository/IWP30/Page_VRelay30Emulator/MV'  using regular expression

25-10-2024T00:12:04 - [MESSAGE][PASSED] - Text '10.50' is set on object 'Object Repository/IWP30/Page_EmulatorAgencyX/Amount'

25-10-2024T00:12:04 - [MESSAGE][PASSED] - Text 'JGDCQYReXw30' is set on object 'Object Repository/IWP30/Page_EmulatorAgencyX/CAN'

25-10-2024T00:12:05 - [MESSAGE][PASSED] - Text 'PayNow' is set on object 'Object Repository/IWP30/Page_EmulatorAgencyX/Action'

25-10-2024T00:12:05 - [MESSAGE][PASSED] - Text 'en_US' is set on object 'Object Repository/IWP30/Page_EmulatorAgencyX/Lang'

25-10-2024T00:12:06 - [MESSAGE][PASSED] - Text '' is set on object 'Object Repository/IWP30/Page_EmulatorAgencyX/Fname'

25-10-2024T00:12:07 - [MESSAGE][PASSED] - Text '' is set on object 'Object Repository/IWP30/Page_EmulatorAgencyX/Lname'

25-10-2024T00:12:07 - [MESSAGE][PASSED] - Text '' is set on object 'Object Repository/IWP30/Page_EmulatorAgencyX/AL1'

25-10-2024T00:12:08 - [MESSAGE][PASSED] - Text '' is set on object 'Object Repository/IWP30/Page_EmulatorAgencyX/AL2'

25-10-2024T00:12:08 - [MESSAGE][PASSED] - Text '' is set on object 'Object Repository/IWP30/Page_EmulatorAgencyX/Country'

25-10-2024T00:12:09 - [MESSAGE][PASSED] - Text '' is set on object 'Object Repository/IWP30/Page_EmulatorAgencyX/City'

25-10-2024T00:12:09 - [MESSAGE][PASSED] - Text '' is set on object 'Object Repository/IWP30/Page_EmulatorAgencyX/State'

25-10-2024T00:12:10 - [MESSAGE][PASSED] - Text '' is set on object 'Object Repository/IWP30/Page_EmulatorAgencyX/ZIP'

25-10-2024T00:12:11 - [MESSAGE][PASSED] - Text '' is set on object 'Object Repository/IWP30/Page_EmulatorAgencyX/Order'

25-10-2024T00:12:11 - [MESSAGE][PASSED] - Text '' is set on object 'Object Repository/IWP30/Page_EmulatorAgencyX/Company'

25-10-2024T00:12:12 - [MESSAGE][PASSED] - Text '' is set on object 'Object Repository/IWP30/Page_EmulatorAgencyX/Email'

25-10-2024T00:12:12 - [MESSAGE][PASSED] - Text '' is set on object 'Object Repository/IWP30/Page_EmulatorAgencyX/UDF1'

25-10-2024T00:12:13 - [MESSAGE][PASSED] - Text '' is set on object 'Object Repository/IWP30/Page_EmulatorAgencyX/UDF2'

25-10-2024T00:12:13 - [MESSAGE][PASSED] - Text '' is set on object 'Object Repository/IWP30/Page_EmulatorAgencyX/UDF3'

25-10-2024T00:12:14 - [MESSAGE][PASSED] - Text 'udf data 4' is set on object 'Object Repository/IWP30/Page_EmulatorAgencyX/UDF4'

25-10-2024T00:12:15 - [MESSAGE][PASSED] - Text 'udf data 5' is set on object 'Object Repository/IWP30/Page_EmulatorAgencyX/UDF5'

25-10-2024T00:12:15 - [MESSAGE][PASSED] - Text '' is set on object 'Object Repository/IWP30/Page_EmulatorAgencyX/UDF6'

25-10-2024T00:12:16 - [MESSAGE][PASSED] - Text '' is set on object 'Object Repository/IWP30/Page_EmulatorAgencyX/UDF7'

25-10-2024T00:12:16 - [MESSAGE][PASSED] - Text '' is set on object 'Object Repository/IWP30/Page_EmulatorAgencyX/UDF8'

25-10-2024T00:12:17 - [MESSAGE][PASSED] - Text 'udf data 9' is set on object 'Object Repository/IWP30/Page_EmulatorAgencyX/UDF9'

25-10-2024T00:12:18 - [MESSAGE][PASSED] - Text 'udf data 10' is set on object 'Object Repository/IWP30/Page_EmulatorAgencyX/UDF10'

25-10-2024T00:12:19 - [MESSAGE][PASSED] - Object: 'Object Repository/IWP30/Page_EmulatorAgencyX/Submit' is clicked on

25-10-2024T00:12:23 - [MESSAGE][PASSED] - Browser is closed

25-10-2024T00:12:27 - [MESSAGE][PASSED] - iwpPages.emulatorIWP30.setDataEmulator_DD is PASSED

25-10-2024T00:12:27 - [TEST_STEP][PASSED] - testHarnessURL = urlTestHarness: null

25-10-2024T00:12:27 - [TEST_STEP][PASSED] - openBrowser(testHarnessURL): Browser is opened with url: 'https://dev-algorithm.govolution.com/vrelaytest/QA2/version_2_2/vrelaytest.html'

25-10-2024T00:12:27 - [MESSAGE][INFO] - Starting 'Edge Chromium' driver

25-10-2024T00:12:27 - [MESSAGE][INFO] - User set preference: ['acceptInsecureCerts', 'true']

25-10-2024T00:12:29 - [MESSAGE][INFO] - Action delay is set to 0 milliseconds

25-10-2024T00:12:33 - [MESSAGE][PASSED] - Browser is opened with url: 'https://dev-algorithm.govolution.com/vrelaytest/QA2/version_2_2/vrelaytest.html'

25-10-2024T00:12:33 - [TEST_STEP][PASSED] - maximizeWindow(): Current window maximized

25-10-2024T00:12:33 - [MESSAGE][PASSED] - Current window maximized

25-10-2024T00:12:33 - [TEST_STEP][PASSED] - iwpPages.TestHarnessPage.setDataMethod(row, dataFile): iwpPages.TestHarnessPage.setDataMethod is PASSED

25-10-2024T00:12:33 - [MESSAGE][PASSED] - Object 'Object Repository/IWP30/Page_QATestHarness/RemittanceID' is present

25-10-2024T00:12:34 - [MESSAGE][PASSED] - Text '649' is set on object 'Object Repository/IWP30/Page_QATestHarness/ApplicationID'

25-10-2024T00:12:34 - [MESSAGE][PASSED] - Text '3.0' is set on object 'Object Repository/IWP30/Page_QATestHarness/MessageVersion'

25-10-2024T00:12:35 - [MESSAGE][PASSED] - Text 'XTB1KyvUUKuV' is set on object 'Object Repository/IWP30/Page_QATestHarness/RemittanceID'

25-10-2024T00:12:39 - [MESSAGE][PASSED] - Object: 'Object Repository/IWP30/Page_QATestHarness/SubmitButton' is clicked on

25-10-2024T00:12:39 - [MESSAGE][PASSED] - iwpPages.TestHarnessPage.setDataMethod is PASSED

25-10-2024T00:12:39 - [TEST_STEP][PASSED] - check(findTestObject("Object Repository/IWP30/Page_SelectPaymentMethod/PayByCreditCard")): Object 'Object Repository/IWP30/Page_SelectPaymentMethod/PayByCreditCard' is checked

25-10-2024T00:12:40 - [MESSAGE][PASSED] - Object 'Object Repository/IWP30/Page_SelectPaymentMethod/PayByCreditCard' is checked

25-10-2024T00:12:40 - [TEST_STEP][PASSED] - click(findTestObject("Object Repository/IWP30/Page_SelectPaymentMethod/MakePaymentButton")): Object: 'Object Repository/IWP30/Page_SelectPaymentMethod/MakePaymentButton' is clicked on

25-10-2024T00:12:42 - [MESSAGE][PASSED] - Object: 'Object Repository/IWP30/Page_SelectPaymentMethod/MakePaymentButton' is clicked on

25-10-2024T00:12:42 - [TEST_STEP][PASSED] - iwpPages.ccPaymentEntryPage.setDataCCPM(row, dataFile): iwpPages.ccPaymentEntryPage.setDataCCPM is PASSED

25-10-2024T00:12:43 - [MESSAGE][PASSED] - Object 'Object Repository/IWP30/Page_CCPaymentEntry/Name' is present

25-10-2024T00:12:44 - [MESSAGE][PASSED] - Text '10.50' is set on object 'Object Repository/IWP30/Page_CCPaymentEntry/Amount'

25-10-2024T00:12:45 - [MESSAGE][PASSED] - Text 'udf data 2' is set on object 'Object Repository/IWP30/Page_CCPaymentEntry/UserDefined2'

25-10-2024T00:12:45 - [MESSAGE][PASSED] - Text 'udf data 3' is set on object 'Object Repository/IWP30/Page_CCPaymentEntry/UserDefined3'

25-10-2024T00:12:46 - [MESSAGE][PASSED] - All options with label 'Orange' are selected in object 'Object Repository/IWP30/Page_CCPaymentEntry/UserDefined7' 

25-10-2024T00:12:46 - [MESSAGE][PASSED] - All options with label 'Soccer' are selected in object 'Object Repository/IWP30/Page_CCPaymentEntry/UserDefined8' 

25-10-2024T00:12:47 - [MESSAGE][PASSED] - Object 'Object Repository/IWP30/Page_CCPaymentEntry/Name' is present

25-10-2024T00:12:47 - [MESSAGE][PASSED] - Text 'Kavita Ranawati' is set on object 'Object Repository/IWP30/Page_CCPaymentEntry/Name'

25-10-2024T00:12:47 - [MESSAGE][PASSED] - Object 'Object Repository/IWP30/Page_CCPaymentEntry/CardNumber' is present

25-10-2024T00:12:48 - [MESSAGE][PASSED] - Text '4111111111111111' is set on object 'Object Repository/IWP30/Page_CCPaymentEntry/CardNumber'

25-10-2024T00:12:49 - [MESSAGE][PASSED] - Text '123' is set on object 'Object Repository/IWP30/Page_CCPaymentEntry/SPC'

25-10-2024T00:12:50 - [MESSAGE][PASSED] - Object 'Object Repository/IWP30/Page_CCPaymentEntry/Month' is present

25-10-2024T00:12:50 - [MESSAGE][PASSED] - All options with label '09' are selected in object 'Object Repository/IWP30/Page_CCPaymentEntry/Month' 

25-10-2024T00:12:50 - [MESSAGE][PASSED] - Object 'Object Repository/IWP30/Page_CCPaymentEntry/Year' is present

25-10-2024T00:12:51 - [MESSAGE][PASSED] - All options with label '2028' are selected in object 'Object Repository/IWP30/Page_CCPaymentEntry/Year' 

25-10-2024T00:12:51 - [MESSAGE][PASSED] - Text '365 Main Avenue' is set on object 'Object Repository/IWP30/Page_CCPaymentEntry/AL1'

25-10-2024T00:12:52 - [MESSAGE][PASSED] - Text '22201' is set on object 'Object Repository/IWP30/Page_CCPaymentEntry/ZIP'

25-10-2024T00:12:52 - [MESSAGE][PASSED] - Object 'Object Repository/IWP30/Page_CCPaymentEntry/EmailAddress' is present

25-10-2024T00:12:53 - [MESSAGE][PASSED] - Text 'iahmed@govolution.com' is set on object 'Object Repository/IWP30/Page_CCPaymentEntry/EmailAddress'

25-10-2024T00:12:54 - [MESSAGE][PASSED] - Object 'Object Repository/IWP30/Page_CCPaymentEntry/TermCondCheckBox' is present

25-10-2024T00:12:54 - [MESSAGE][PASSED] - Object 'Object Repository/IWP30/Page_CCPaymentEntry/TermCondCheckBox' is checked

25-10-2024T00:12:54 - [MESSAGE][PASSED] - Object 'Object Repository/IWP30/Page_CCPaymentEntry/ContinueButton' is present

25-10-2024T00:12:56 - [MESSAGE][PASSED] - Object: 'Object Repository/IWP30/Page_CCPaymentEntry/ContinueButton' is clicked on

25-10-2024T00:12:56 - [MESSAGE][PASSED] - iwpPages.ccPaymentEntryPage.setDataCCPM is PASSED

25-10-2024T00:12:56 - [TEST_STEP][PASSED] - click(findTestObject("Object Repository/IWP30/Page_Confirmation/ConfirmButton")): Object: 'Object Repository/IWP30/Page_Confirmation/ConfirmButton' is clicked on

25-10-2024T00:12:57 - [MESSAGE][PASSED] - Object: 'Object Repository/IWP30/Page_Confirmation/ConfirmButton' is clicked on

25-10-2024T00:12:57 - [TEST_STEP][PASSED] - Thread.sleep(10000): null

25-10-2024T00:13:07 - [TEST_STEP][PASSED] - if (verifyTextPresent("Successful Payment Receipt", false)): null

25-10-2024T00:13:07 - [MESSAGE][PASSED] - Text 'Successful Payment Receipt' is present on page 

25-10-2024T00:13:07 - [TEST_STEP][PASSED] - println("Successful Payment Receipt text is present on the Receipt page"): null

25-10-2024T00:13:07 - [TEST_STEP][PASSED] - markPassed("Successful Payment Receipt text is present on the Receipt page"): Successful Payment Receipt text is present on the Receipt page

25-10-2024T00:13:07 - [MESSAGE][PASSED] - Successful Payment Receipt text is present on the Receipt page

25-10-2024T00:13:07 - [TEST_STEP][PASSED] - resText = "Pass": null

25-10-2024T00:13:07 - [TEST_STEP][PASSED] - pages.WriteExcel.demoKey(resText, datText, resColumn, datCloumn, fileLoc, nameSheet, row): pages.WriteExcel.demoKey is PASSED

25-10-2024T00:13:08 - [MESSAGE][PASSED] - pages.WriteExcel.demoKey is PASSED

25-10-2024T00:13:08 - [TEST_STEP][PASSED] - closeBrowser(): Browser is closed

25-10-2024T00:13:08 - [MESSAGE][PASSED] - Browser is closed

25-10-2024T00:13:08 - [TEST_STEP][PASSED] - ExecuteTC = findTestData(dataFile).getValue("Execute", row): null

25-10-2024T00:13:08 - [TEST_STEP][PASSED] - out.println("Value of Execute is : " + ExecuteTC): null

25-10-2024T00:13:08 - [TEST_STEP][PASSED] - if (ExecuteTC.equalsIgnoreCase("Y")): null

25-10-2024T00:13:08 - [TEST_STEP][PASSED] - out.println("Begin Record Number: " + row): null

25-10-2024T00:13:08 - [TEST_STEP][PASSED] - today = new java.util.Date(): null

25-10-2024T00:13:08 - [TEST_STEP][PASSED] - println(today): null

25-10-2024T00:13:08 - [TEST_STEP][PASSED] - datText = today: null

25-10-2024T00:13:08 - [TEST_STEP][PASSED] - EmulatorDataKey = findTestData(dataFile).getValue("EmulatorData", row): null

25-10-2024T00:13:08 - [TEST_STEP][PASSED] - out.println("Value of Emulator Key is : " + EmulatorDataKey): null

25-10-2024T00:13:08 - [TEST_STEP][PASSED] - iwpPages.emulatorIWP30.setDataEmulator_DD(EmulatorDataKey): iwpPages.emulatorIWP30.setDataEmulator_DD is PASSED

25-10-2024T00:13:09 - [MESSAGE][INFO] - Starting 'Edge Chromium' driver

25-10-2024T00:13:09 - [MESSAGE][INFO] - User set preference: ['acceptInsecureCerts', 'true']

25-10-2024T00:13:11 - [MESSAGE][INFO] - Action delay is set to 0 milliseconds

25-10-2024T00:13:15 - [MESSAGE][PASSED] - Browser is opened with url: 'https://qa2.velocitypayment.com/agencyx/config.action?action=editor&message_version=3_0'

25-10-2024T00:13:15 - [MESSAGE][PASSED] - Current window maximized

25-10-2024T00:13:46 - [MESSAGE][INFO] - Unable to find the element located by 'By.xpath: //select[@name='message_version']'. Please recheck the objects properties to make sure the desired element is located. 

25-10-2024T00:13:46 - [MESSAGE][WARNING] - [SELF-HEALING] Failed to find element with id 'Object Repository/IWP30/Page_VRelay30Emulator/MV'. Try using Self-healing.

25-10-2024T00:13:46 - [MESSAGE][WARNING] - [SELF-HEALING] The current locator of test object 'Object Repository/IWP30/Page_VRelay30Emulator/MV' was broken. Propose an alternative one: '(.//*[normalize-space(text()) and normalize-space(.)='Message Version'])[1]/following::select[1]'.

25-10-2024T00:13:47 - [MESSAGE][PASSED] - All options with value '3.0' are selected in object 'Object Repository/IWP30/Page_VRelay30Emulator/MV'  using regular expression

25-10-2024T00:13:47 - [MESSAGE][PASSED] - Text '10.50' is set on object 'Object Repository/IWP30/Page_EmulatorAgencyX/Amount'

25-10-2024T00:13:48 - [MESSAGE][PASSED] - Text '83Iy2dO1oVVb' is set on object 'Object Repository/IWP30/Page_EmulatorAgencyX/CAN'

25-10-2024T00:13:49 - [MESSAGE][PASSED] - Text 'PayNow' is set on object 'Object Repository/IWP30/Page_EmulatorAgencyX/Action'

25-10-2024T00:13:49 - [MESSAGE][PASSED] - Text 'en_US' is set on object 'Object Repository/IWP30/Page_EmulatorAgencyX/Lang'

25-10-2024T00:13:50 - [MESSAGE][PASSED] - Text '' is set on object 'Object Repository/IWP30/Page_EmulatorAgencyX/Fname'

25-10-2024T00:13:50 - [MESSAGE][PASSED] - Text '' is set on object 'Object Repository/IWP30/Page_EmulatorAgencyX/Lname'

25-10-2024T00:13:51 - [MESSAGE][PASSED] - Text '' is set on object 'Object Repository/IWP30/Page_EmulatorAgencyX/AL1'

25-10-2024T00:13:51 - [MESSAGE][PASSED] - Text '' is set on object 'Object Repository/IWP30/Page_EmulatorAgencyX/AL2'

25-10-2024T00:13:52 - [MESSAGE][PASSED] - Text '' is set on object 'Object Repository/IWP30/Page_EmulatorAgencyX/Country'

25-10-2024T00:13:53 - [MESSAGE][PASSED] - Text '' is set on object 'Object Repository/IWP30/Page_EmulatorAgencyX/City'

25-10-2024T00:13:53 - [MESSAGE][PASSED] - Text '' is set on object 'Object Repository/IWP30/Page_EmulatorAgencyX/State'

25-10-2024T00:13:54 - [MESSAGE][PASSED] - Text '' is set on object 'Object Repository/IWP30/Page_EmulatorAgencyX/ZIP'

25-10-2024T00:13:54 - [MESSAGE][PASSED] - Text '' is set on object 'Object Repository/IWP30/Page_EmulatorAgencyX/Order'

25-10-2024T00:13:55 - [MESSAGE][PASSED] - Text '' is set on object 'Object Repository/IWP30/Page_EmulatorAgencyX/Company'

25-10-2024T00:13:55 - [MESSAGE][PASSED] - Text '' is set on object 'Object Repository/IWP30/Page_EmulatorAgencyX/Email'

25-10-2024T00:13:56 - [MESSAGE][PASSED] - Text '' is set on object 'Object Repository/IWP30/Page_EmulatorAgencyX/UDF1'

25-10-2024T00:13:57 - [MESSAGE][PASSED] - Text '' is set on object 'Object Repository/IWP30/Page_EmulatorAgencyX/UDF2'

25-10-2024T00:13:57 - [MESSAGE][PASSED] - Text '' is set on object 'Object Repository/IWP30/Page_EmulatorAgencyX/UDF3'

25-10-2024T00:13:58 - [MESSAGE][PASSED] - Text 'udf data 4' is set on object 'Object Repository/IWP30/Page_EmulatorAgencyX/UDF4'

25-10-2024T00:13:58 - [MESSAGE][PASSED] - Text 'udf data 5' is set on object 'Object Repository/IWP30/Page_EmulatorAgencyX/UDF5'

25-10-2024T00:13:59 - [MESSAGE][PASSED] - Text '' is set on object 'Object Repository/IWP30/Page_EmulatorAgencyX/UDF6'

25-10-2024T00:13:59 - [MESSAGE][PASSED] - Text '' is set on object 'Object Repository/IWP30/Page_EmulatorAgencyX/UDF7'

25-10-2024T00:14:00 - [MESSAGE][PASSED] - Text '' is set on object 'Object Repository/IWP30/Page_EmulatorAgencyX/UDF8'

25-10-2024T00:14:01 - [MESSAGE][PASSED] - Text 'udf data 9' is set on object 'Object Repository/IWP30/Page_EmulatorAgencyX/UDF9'

25-10-2024T00:14:01 - [MESSAGE][PASSED] - Text 'udf data 10' is set on object 'Object Repository/IWP30/Page_EmulatorAgencyX/UDF10'

25-10-2024T00:14:03 - [MESSAGE][PASSED] - Object: 'Object Repository/IWP30/Page_EmulatorAgencyX/Submit' is clicked on

25-10-2024T00:14:07 - [MESSAGE][PASSED] - Browser is closed

25-10-2024T00:14:11 - [MESSAGE][PASSED] - iwpPages.emulatorIWP30.setDataEmulator_DD is PASSED

25-10-2024T00:14:11 - [TEST_STEP][PASSED] - testHarnessURL = urlTestHarness: null

25-10-2024T00:14:11 - [TEST_STEP][PASSED] - openBrowser(testHarnessURL): Browser is opened with url: 'https://dev-algorithm.govolution.com/vrelaytest/QA2/version_2_2/vrelaytest.html'

25-10-2024T00:14:11 - [MESSAGE][INFO] - Starting 'Edge Chromium' driver

25-10-2024T00:14:11 - [MESSAGE][INFO] - User set preference: ['acceptInsecureCerts', 'true']

25-10-2024T00:14:13 - [MESSAGE][INFO] - Action delay is set to 0 milliseconds

25-10-2024T00:14:17 - [MESSAGE][PASSED] - Browser is opened with url: 'https://dev-algorithm.govolution.com/vrelaytest/QA2/version_2_2/vrelaytest.html'

25-10-2024T00:14:17 - [TEST_STEP][PASSED] - maximizeWindow(): Current window maximized

25-10-2024T00:14:17 - [MESSAGE][PASSED] - Current window maximized

25-10-2024T00:14:17 - [TEST_STEP][PASSED] - iwpPages.TestHarnessPage.setDataMethod(row, dataFile): iwpPages.TestHarnessPage.setDataMethod is PASSED

25-10-2024T00:14:17 - [MESSAGE][PASSED] - Object 'Object Repository/IWP30/Page_QATestHarness/RemittanceID' is present

25-10-2024T00:14:18 - [MESSAGE][PASSED] - Text '649' is set on object 'Object Repository/IWP30/Page_QATestHarness/ApplicationID'

25-10-2024T00:14:18 - [MESSAGE][PASSED] - Text '3.0' is set on object 'Object Repository/IWP30/Page_QATestHarness/MessageVersion'

25-10-2024T00:14:19 - [MESSAGE][PASSED] - Text 'Z8i8VpULLIRu' is set on object 'Object Repository/IWP30/Page_QATestHarness/RemittanceID'

25-10-2024T00:14:24 - [MESSAGE][PASSED] - Object: 'Object Repository/IWP30/Page_QATestHarness/SubmitButton' is clicked on

25-10-2024T00:14:24 - [MESSAGE][PASSED] - iwpPages.TestHarnessPage.setDataMethod is PASSED

25-10-2024T00:14:24 - [TEST_STEP][PASSED] - check(findTestObject("Object Repository/IWP30/Page_SelectPaymentMethod/PayByCreditCard")): Object 'Object Repository/IWP30/Page_SelectPaymentMethod/PayByCreditCard' is checked

25-10-2024T00:14:25 - [MESSAGE][PASSED] - Object 'Object Repository/IWP30/Page_SelectPaymentMethod/PayByCreditCard' is checked

25-10-2024T00:14:25 - [TEST_STEP][PASSED] - click(findTestObject("Object Repository/IWP30/Page_SelectPaymentMethod/MakePaymentButton")): Object: 'Object Repository/IWP30/Page_SelectPaymentMethod/MakePaymentButton' is clicked on

25-10-2024T00:14:27 - [MESSAGE][PASSED] - Object: 'Object Repository/IWP30/Page_SelectPaymentMethod/MakePaymentButton' is clicked on

25-10-2024T00:14:27 - [TEST_STEP][PASSED] - iwpPages.ccPaymentEntryPage.setDataCCPM(row, dataFile): iwpPages.ccPaymentEntryPage.setDataCCPM is PASSED

25-10-2024T00:14:29 - [MESSAGE][PASSED] - Object 'Object Repository/IWP30/Page_CCPaymentEntry/Name' is present

25-10-2024T00:14:29 - [MESSAGE][PASSED] - Text '10.50' is set on object 'Object Repository/IWP30/Page_CCPaymentEntry/Amount'

25-10-2024T00:14:30 - [MESSAGE][PASSED] - Text 'udf data 2' is set on object 'Object Repository/IWP30/Page_CCPaymentEntry/UserDefined2'

25-10-2024T00:14:31 - [MESSAGE][PASSED] - Text 'udf data 3' is set on object 'Object Repository/IWP30/Page_CCPaymentEntry/UserDefined3'

25-10-2024T00:14:31 - [MESSAGE][PASSED] - All options with label 'Orange' are selected in object 'Object Repository/IWP30/Page_CCPaymentEntry/UserDefined7' 

25-10-2024T00:14:32 - [MESSAGE][PASSED] - All options with label 'Soccer' are selected in object 'Object Repository/IWP30/Page_CCPaymentEntry/UserDefined8' 

25-10-2024T00:14:32 - [MESSAGE][PASSED] - Object 'Object Repository/IWP30/Page_CCPaymentEntry/Name' is present

25-10-2024T00:14:33 - [MESSAGE][PASSED] - Text 'Charu Suraji' is set on object 'Object Repository/IWP30/Page_CCPaymentEntry/Name'

25-10-2024T00:14:33 - [MESSAGE][PASSED] - Object 'Object Repository/IWP30/Page_CCPaymentEntry/CardNumber' is present

25-10-2024T00:14:33 - [MESSAGE][PASSED] - Text '374245002771003' is set on object 'Object Repository/IWP30/Page_CCPaymentEntry/CardNumber'

25-10-2024T00:14:34 - [MESSAGE][PASSED] - Text '1234' is set on object 'Object Repository/IWP30/Page_CCPaymentEntry/SPC'

25-10-2024T00:14:35 - [MESSAGE][PASSED] - Object 'Object Repository/IWP30/Page_CCPaymentEntry/Month' is present

25-10-2024T00:14:35 - [MESSAGE][PASSED] - All options with label '09' are selected in object 'Object Repository/IWP30/Page_CCPaymentEntry/Month' 

25-10-2024T00:14:36 - [MESSAGE][PASSED] - Object 'Object Repository/IWP30/Page_CCPaymentEntry/Year' is present

25-10-2024T00:14:36 - [MESSAGE][PASSED] - All options with label '2028' are selected in object 'Object Repository/IWP30/Page_CCPaymentEntry/Year' 

25-10-2024T00:14:37 - [MESSAGE][PASSED] - Text '365 Main Avenue' is set on object 'Object Repository/IWP30/Page_CCPaymentEntry/AL1'

25-10-2024T00:14:38 - [MESSAGE][PASSED] - Text '22201' is set on object 'Object Repository/IWP30/Page_CCPaymentEntry/ZIP'

25-10-2024T00:14:38 - [MESSAGE][PASSED] - Object 'Object Repository/IWP30/Page_CCPaymentEntry/EmailAddress' is present

25-10-2024T00:14:39 - [MESSAGE][PASSED] - Text 'iahmed@govolution.com' is set on object 'Object Repository/IWP30/Page_CCPaymentEntry/EmailAddress'

25-10-2024T00:14:39 - [MESSAGE][PASSED] - Object 'Object Repository/IWP30/Page_CCPaymentEntry/TermCondCheckBox' is present

25-10-2024T00:14:39 - [MESSAGE][PASSED] - Object 'Object Repository/IWP30/Page_CCPaymentEntry/TermCondCheckBox' is checked

25-10-2024T00:14:40 - [MESSAGE][PASSED] - Object 'Object Repository/IWP30/Page_CCPaymentEntry/ContinueButton' is present

25-10-2024T00:14:41 - [MESSAGE][PASSED] - Object: 'Object Repository/IWP30/Page_CCPaymentEntry/ContinueButton' is clicked on

25-10-2024T00:14:41 - [MESSAGE][PASSED] - iwpPages.ccPaymentEntryPage.setDataCCPM is PASSED

25-10-2024T00:14:41 - [TEST_STEP][PASSED] - click(findTestObject("Object Repository/IWP30/Page_Confirmation/ConfirmButton")): Object: 'Object Repository/IWP30/Page_Confirmation/ConfirmButton' is clicked on

25-10-2024T00:14:43 - [MESSAGE][PASSED] - Object: 'Object Repository/IWP30/Page_Confirmation/ConfirmButton' is clicked on

25-10-2024T00:14:43 - [TEST_STEP][PASSED] - Thread.sleep(10000): null

25-10-2024T00:14:53 - [TEST_STEP][PASSED] - if (verifyTextPresent("Successful Payment Receipt", false)): null

25-10-2024T00:14:53 - [MESSAGE][PASSED] - Text 'Successful Payment Receipt' is present on page 

25-10-2024T00:14:53 - [TEST_STEP][PASSED] - println("Successful Payment Receipt text is present on the Receipt page"): null

25-10-2024T00:14:53 - [TEST_STEP][PASSED] - markPassed("Successful Payment Receipt text is present on the Receipt page"): Successful Payment Receipt text is present on the Receipt page

25-10-2024T00:14:53 - [MESSAGE][PASSED] - Successful Payment Receipt text is present on the Receipt page

25-10-2024T00:14:53 - [TEST_STEP][PASSED] - resText = "Pass": null

25-10-2024T00:14:53 - [TEST_STEP][PASSED] - pages.WriteExcel.demoKey(resText, datText, resColumn, datCloumn, fileLoc, nameSheet, row): pages.WriteExcel.demoKey is PASSED

25-10-2024T00:14:53 - [MESSAGE][PASSED] - pages.WriteExcel.demoKey is PASSED

25-10-2024T00:14:53 - [TEST_STEP][PASSED] - closeBrowser(): Browser is closed

25-10-2024T00:14:54 - [MESSAGE][PASSED] - Browser is closed

25-10-2024T00:14:54 - [TEST_STEP][PASSED] - ExecuteTC = findTestData(dataFile).getValue("Execute", row): null

25-10-2024T00:14:54 - [TEST_STEP][PASSED] - out.println("Value of Execute is : " + ExecuteTC): null

25-10-2024T00:14:54 - [TEST_STEP][PASSED] - if (ExecuteTC.equalsIgnoreCase("Y")): null

25-10-2024T00:14:54 - [TEST_STEP][PASSED] - out.println("Begin Record Number: " + row): null

25-10-2024T00:14:54 - [TEST_STEP][PASSED] - today = new java.util.Date(): null

25-10-2024T00:14:54 - [TEST_STEP][PASSED] - println(today): null

25-10-2024T00:14:54 - [TEST_STEP][PASSED] - datText = today: null

25-10-2024T00:14:54 - [TEST_STEP][PASSED] - EmulatorDataKey = findTestData(dataFile).getValue("EmulatorData", row): null

25-10-2024T00:14:54 - [TEST_STEP][PASSED] - out.println("Value of Emulator Key is : " + EmulatorDataKey): null

25-10-2024T00:14:54 - [TEST_STEP][PASSED] - iwpPages.emulatorIWP30.setDataEmulator_DD(EmulatorDataKey): iwpPages.emulatorIWP30.setDataEmulator_DD is PASSED

25-10-2024T00:14:54 - [MESSAGE][INFO] - Starting 'Edge Chromium' driver

25-10-2024T00:14:54 - [MESSAGE][INFO] - User set preference: ['acceptInsecureCerts', 'true']

25-10-2024T00:14:57 - [MESSAGE][INFO] - Action delay is set to 0 milliseconds

25-10-2024T00:15:01 - [MESSAGE][PASSED] - Browser is opened with url: 'https://qa2.velocitypayment.com/agencyx/config.action?action=editor&message_version=3_0'

25-10-2024T00:15:01 - [MESSAGE][PASSED] - Current window maximized

25-10-2024T00:15:32 - [MESSAGE][INFO] - Unable to find the element located by 'By.xpath: //select[@name='message_version']'. Please recheck the objects properties to make sure the desired element is located. 

25-10-2024T00:15:32 - [MESSAGE][WARNING] - [SELF-HEALING] Failed to find element with id 'Object Repository/IWP30/Page_VRelay30Emulator/MV'. Try using Self-healing.

25-10-2024T00:15:33 - [MESSAGE][WARNING] - [SELF-HEALING] The current locator of test object 'Object Repository/IWP30/Page_VRelay30Emulator/MV' was broken. Propose an alternative one: '(.//*[normalize-space(text()) and normalize-space(.)='Message Version'])[1]/following::select[1]'.

25-10-2024T00:15:33 - [MESSAGE][PASSED] - All options with value '3.0' are selected in object 'Object Repository/IWP30/Page_VRelay30Emulator/MV'  using regular expression

25-10-2024T00:15:34 - [MESSAGE][PASSED] - Text '10.50' is set on object 'Object Repository/IWP30/Page_EmulatorAgencyX/Amount'

25-10-2024T00:15:35 - [MESSAGE][PASSED] - Text 'gaaeXwqD5uOb' is set on object 'Object Repository/IWP30/Page_EmulatorAgencyX/CAN'

25-10-2024T00:15:35 - [MESSAGE][PASSED] - Text 'PayNow' is set on object 'Object Repository/IWP30/Page_EmulatorAgencyX/Action'

25-10-2024T00:15:36 - [MESSAGE][PASSED] - Text 'en_US' is set on object 'Object Repository/IWP30/Page_EmulatorAgencyX/Lang'

25-10-2024T00:15:36 - [MESSAGE][PASSED] - Text '' is set on object 'Object Repository/IWP30/Page_EmulatorAgencyX/Fname'

25-10-2024T00:15:37 - [MESSAGE][PASSED] - Text '' is set on object 'Object Repository/IWP30/Page_EmulatorAgencyX/Lname'

25-10-2024T00:15:38 - [MESSAGE][PASSED] - Text '' is set on object 'Object Repository/IWP30/Page_EmulatorAgencyX/AL1'

25-10-2024T00:15:38 - [MESSAGE][PASSED] - Text '' is set on object 'Object Repository/IWP30/Page_EmulatorAgencyX/AL2'

25-10-2024T00:15:39 - [MESSAGE][PASSED] - Text '' is set on object 'Object Repository/IWP30/Page_EmulatorAgencyX/Country'

25-10-2024T00:15:39 - [MESSAGE][PASSED] - Text '' is set on object 'Object Repository/IWP30/Page_EmulatorAgencyX/City'

25-10-2024T00:15:40 - [MESSAGE][PASSED] - Text '' is set on object 'Object Repository/IWP30/Page_EmulatorAgencyX/State'

25-10-2024T00:15:41 - [MESSAGE][PASSED] - Text '' is set on object 'Object Repository/IWP30/Page_EmulatorAgencyX/ZIP'

25-10-2024T00:15:41 - [MESSAGE][PASSED] - Text '' is set on object 'Object Repository/IWP30/Page_EmulatorAgencyX/Order'

25-10-2024T00:15:42 - [MESSAGE][PASSED] - Text '' is set on object 'Object Repository/IWP30/Page_EmulatorAgencyX/Company'

25-10-2024T00:15:42 - [MESSAGE][PASSED] - Text '' is set on object 'Object Repository/IWP30/Page_EmulatorAgencyX/Email'

25-10-2024T00:15:43 - [MESSAGE][PASSED] - Text '' is set on object 'Object Repository/IWP30/Page_EmulatorAgencyX/UDF1'

25-10-2024T00:15:43 - [MESSAGE][PASSED] - Text '' is set on object 'Object Repository/IWP30/Page_EmulatorAgencyX/UDF2'

25-10-2024T00:15:44 - [MESSAGE][PASSED] - Text '' is set on object 'Object Repository/IWP30/Page_EmulatorAgencyX/UDF3'

25-10-2024T00:15:45 - [MESSAGE][PASSED] - Text 'udf data 4' is set on object 'Object Repository/IWP30/Page_EmulatorAgencyX/UDF4'

25-10-2024T00:15:45 - [MESSAGE][PASSED] - Text 'udf data 5' is set on object 'Object Repository/IWP30/Page_EmulatorAgencyX/UDF5'

25-10-2024T00:15:46 - [MESSAGE][PASSED] - Text '' is set on object 'Object Repository/IWP30/Page_EmulatorAgencyX/UDF6'

25-10-2024T00:15:46 - [MESSAGE][PASSED] - Text '' is set on object 'Object Repository/IWP30/Page_EmulatorAgencyX/UDF7'

25-10-2024T00:15:47 - [MESSAGE][PASSED] - Text '' is set on object 'Object Repository/IWP30/Page_EmulatorAgencyX/UDF8'

25-10-2024T00:15:48 - [MESSAGE][PASSED] - Text 'udf data 9' is set on object 'Object Repository/IWP30/Page_EmulatorAgencyX/UDF9'

25-10-2024T00:15:48 - [MESSAGE][PASSED] - Text 'udf data 10' is set on object 'Object Repository/IWP30/Page_EmulatorAgencyX/UDF10'

25-10-2024T00:15:50 - [MESSAGE][PASSED] - Object: 'Object Repository/IWP30/Page_EmulatorAgencyX/Submit' is clicked on

25-10-2024T00:15:54 - [MESSAGE][PASSED] - Browser is closed

25-10-2024T00:15:58 - [MESSAGE][PASSED] - iwpPages.emulatorIWP30.setDataEmulator_DD is PASSED

25-10-2024T00:15:58 - [TEST_STEP][PASSED] - testHarnessURL = urlTestHarness: null

25-10-2024T00:15:58 - [TEST_STEP][PASSED] - openBrowser(testHarnessURL): Browser is opened with url: 'https://dev-algorithm.govolution.com/vrelaytest/QA2/version_2_2/vrelaytest.html'

25-10-2024T00:15:58 - [MESSAGE][INFO] - Starting 'Edge Chromium' driver

25-10-2024T00:15:58 - [MESSAGE][INFO] - User set preference: ['acceptInsecureCerts', 'true']

25-10-2024T00:16:00 - [MESSAGE][INFO] - Action delay is set to 0 milliseconds

25-10-2024T00:16:04 - [MESSAGE][PASSED] - Browser is opened with url: 'https://dev-algorithm.govolution.com/vrelaytest/QA2/version_2_2/vrelaytest.html'

25-10-2024T00:16:04 - [TEST_STEP][PASSED] - maximizeWindow(): Current window maximized

25-10-2024T00:16:04 - [MESSAGE][PASSED] - Current window maximized

25-10-2024T00:16:04 - [TEST_STEP][PASSED] - iwpPages.TestHarnessPage.setDataMethod(row, dataFile): iwpPages.TestHarnessPage.setDataMethod is PASSED

25-10-2024T00:16:04 - [MESSAGE][PASSED] - Object 'Object Repository/IWP30/Page_QATestHarness/RemittanceID' is present

25-10-2024T00:16:05 - [MESSAGE][PASSED] - Text '649' is set on object 'Object Repository/IWP30/Page_QATestHarness/ApplicationID'

25-10-2024T00:16:05 - [MESSAGE][PASSED] - Text '3.0' is set on object 'Object Repository/IWP30/Page_QATestHarness/MessageVersion'

25-10-2024T00:16:06 - [MESSAGE][PASSED] - Text 'DbvXKOjfwGjJ' is set on object 'Object Repository/IWP30/Page_QATestHarness/RemittanceID'

25-10-2024T00:16:10 - [MESSAGE][PASSED] - Object: 'Object Repository/IWP30/Page_QATestHarness/SubmitButton' is clicked on

25-10-2024T00:16:10 - [MESSAGE][PASSED] - iwpPages.TestHarnessPage.setDataMethod is PASSED

25-10-2024T00:16:10 - [TEST_STEP][PASSED] - check(findTestObject("Object Repository/IWP30/Page_SelectPaymentMethod/PayByCreditCard")): Object 'Object Repository/IWP30/Page_SelectPaymentMethod/PayByCreditCard' is checked

25-10-2024T00:16:11 - [MESSAGE][PASSED] - Object 'Object Repository/IWP30/Page_SelectPaymentMethod/PayByCreditCard' is checked

25-10-2024T00:16:11 - [TEST_STEP][PASSED] - click(findTestObject("Object Repository/IWP30/Page_SelectPaymentMethod/MakePaymentButton")): Object: 'Object Repository/IWP30/Page_SelectPaymentMethod/MakePaymentButton' is clicked on

25-10-2024T00:16:14 - [MESSAGE][PASSED] - Object: 'Object Repository/IWP30/Page_SelectPaymentMethod/MakePaymentButton' is clicked on

25-10-2024T00:16:14 - [TEST_STEP][PASSED] - iwpPages.ccPaymentEntryPage.setDataCCPM(row, dataFile): iwpPages.ccPaymentEntryPage.setDataCCPM is PASSED

25-10-2024T00:16:15 - [MESSAGE][PASSED] - Object 'Object Repository/IWP30/Page_CCPaymentEntry/Name' is present

25-10-2024T00:16:15 - [MESSAGE][PASSED] - Text '10.50' is set on object 'Object Repository/IWP30/Page_CCPaymentEntry/Amount'

25-10-2024T00:16:16 - [MESSAGE][PASSED] - Text 'udf data 3' is set on object 'Object Repository/IWP30/Page_CCPaymentEntry/UserDefined3'

25-10-2024T00:16:16 - [MESSAGE][PASSED] - All options with label 'Soccer' are selected in object 'Object Repository/IWP30/Page_CCPaymentEntry/UserDefined8' 

25-10-2024T00:16:17 - [MESSAGE][PASSED] - Object 'Object Repository/IWP30/Page_CCPaymentEntry/Name' is present

25-10-2024T00:16:17 - [MESSAGE][PASSED] - Text 'Shakuntla Devi' is set on object 'Object Repository/IWP30/Page_CCPaymentEntry/Name'

25-10-2024T00:16:18 - [MESSAGE][PASSED] - Object 'Object Repository/IWP30/Page_CCPaymentEntry/CardNumber' is present

25-10-2024T00:16:18 - [MESSAGE][PASSED] - Text '5146312200000035' is set on object 'Object Repository/IWP30/Page_CCPaymentEntry/CardNumber'

25-10-2024T00:16:19 - [MESSAGE][PASSED] - Text '123' is set on object 'Object Repository/IWP30/Page_CCPaymentEntry/SPC'

25-10-2024T00:16:20 - [MESSAGE][PASSED] - Object 'Object Repository/IWP30/Page_CCPaymentEntry/Month' is present

25-10-2024T00:16:20 - [MESSAGE][PASSED] - All options with label '09' are selected in object 'Object Repository/IWP30/Page_CCPaymentEntry/Month' 

25-10-2024T00:16:21 - [MESSAGE][PASSED] - Object 'Object Repository/IWP30/Page_CCPaymentEntry/Year' is present

25-10-2024T00:16:21 - [MESSAGE][PASSED] - All options with label '2028' are selected in object 'Object Repository/IWP30/Page_CCPaymentEntry/Year' 

25-10-2024T00:16:22 - [MESSAGE][PASSED] - Text '365 Main Avenue' is set on object 'Object Repository/IWP30/Page_CCPaymentEntry/AL1'

25-10-2024T00:16:22 - [MESSAGE][PASSED] - Text '22201' is set on object 'Object Repository/IWP30/Page_CCPaymentEntry/ZIP'

25-10-2024T00:16:23 - [MESSAGE][PASSED] - Object 'Object Repository/IWP30/Page_CCPaymentEntry/EmailAddress' is present

25-10-2024T00:16:23 - [MESSAGE][PASSED] - Text 'iahmed@govolution.com' is set on object 'Object Repository/IWP30/Page_CCPaymentEntry/EmailAddress'

25-10-2024T00:16:24 - [MESSAGE][PASSED] - Object 'Object Repository/IWP30/Page_CCPaymentEntry/TermCondCheckBox' is present

25-10-2024T00:16:24 - [MESSAGE][PASSED] - Object 'Object Repository/IWP30/Page_CCPaymentEntry/TermCondCheckBox' is checked

25-10-2024T00:16:24 - [MESSAGE][PASSED] - Object 'Object Repository/IWP30/Page_CCPaymentEntry/ContinueButton' is present

25-10-2024T00:16:26 - [MESSAGE][PASSED] - Object: 'Object Repository/IWP30/Page_CCPaymentEntry/ContinueButton' is clicked on

25-10-2024T00:16:26 - [MESSAGE][PASSED] - iwpPages.ccPaymentEntryPage.setDataCCPM is PASSED

25-10-2024T00:16:26 - [TEST_STEP][PASSED] - click(findTestObject("Object Repository/IWP30/Page_Confirmation/ConfirmButton")): Object: 'Object Repository/IWP30/Page_Confirmation/ConfirmButton' is clicked on

25-10-2024T00:16:27 - [MESSAGE][PASSED] - Object: 'Object Repository/IWP30/Page_Confirmation/ConfirmButton' is clicked on

25-10-2024T00:16:27 - [TEST_STEP][PASSED] - Thread.sleep(10000): null

25-10-2024T00:16:37 - [TEST_STEP][PASSED] - if (verifyTextPresent("Successful Payment Receipt", false)): null

25-10-2024T00:16:37 - [MESSAGE][PASSED] - Text 'Successful Payment Receipt' is present on page 

25-10-2024T00:16:37 - [TEST_STEP][PASSED] - println("Successful Payment Receipt text is present on the Receipt page"): null

25-10-2024T00:16:37 - [TEST_STEP][PASSED] - markPassed("Successful Payment Receipt text is present on the Receipt page"): Successful Payment Receipt text is present on the Receipt page

25-10-2024T00:16:37 - [MESSAGE][PASSED] - Successful Payment Receipt text is present on the Receipt page

25-10-2024T00:16:37 - [TEST_STEP][PASSED] - resText = "Pass": null

25-10-2024T00:16:37 - [TEST_STEP][PASSED] - pages.WriteExcel.demoKey(resText, datText, resColumn, datCloumn, fileLoc, nameSheet, row): pages.WriteExcel.demoKey is PASSED

25-10-2024T00:16:38 - [MESSAGE][PASSED] - pages.WriteExcel.demoKey is PASSED

25-10-2024T00:16:38 - [TEST_STEP][PASSED] - closeBrowser(): Browser is closed

25-10-2024T00:16:38 - [MESSAGE][PASSED] - Browser is closed]]></system-out>
         <system-err><![CDATA[]]></system-err>
      </testcase>
      <testcase name="Test Cases/IntegratedWeb/IWP25/Payments/VerifyCancelReceiptLabelsDeferredCC" time="226.565" classname="Test Cases/IntegratedWeb/IWP25/Payments/VerifyCancelReceiptLabelsDeferredCC" status="PASSED">
         <system-out><![CDATA[25-10-2024T00:16:38 - [TEST_CASE][PASSED] - Test Cases/IntegratedWeb/IWP25/Payments/VerifyCancelReceiptLabelsDeferredCC: Test Cases/IntegratedWeb/IWP25/Payments/VerifyCancelReceiptLabelsDeferredCC

25-10-2024T00:16:39 - [TEST_STEP][PASSED] - resText = "Fail": null

25-10-2024T00:16:39 - [TEST_STEP][PASSED] - resColumn = "Result": null

25-10-2024T00:16:39 - [TEST_STEP][PASSED] - datCloumn = "Date": null

25-10-2024T00:16:39 - [TEST_STEP][PASSED] - fileLoc = "KatalonData/IWPTestData/VRelay25PaymentsExtension.xlsx": null

25-10-2024T00:16:39 - [TEST_STEP][PASSED] - numOfRows = <not implemented yet for class: org.codehaus.groovy.ast.expr.EmptyExpression>: null

25-10-2024T00:16:39 - [TEST_STEP][PASSED] - dataFile = <not implemented yet for class: org.codehaus.groovy.ast.expr.EmptyExpression>: null

25-10-2024T00:16:39 - [TEST_STEP][PASSED] - nameSheet = <not implemented yet for class: org.codehaus.groovy.ast.expr.EmptyExpression>: null

25-10-2024T00:16:39 - [TEST_STEP][PASSED] - dataFileEmulator = <not implemented yet for class: org.codehaus.groovy.ast.expr.EmptyExpression>: null

25-10-2024T00:16:39 - [TEST_STEP][PASSED] - isRequiredTextPresent = false: null

25-10-2024T00:16:39 - [TEST_STEP][PASSED] - nameSheet = "VerifyCancelLabelDeferredCredit": null

25-10-2024T00:16:39 - [TEST_STEP][PASSED] - dataFile = getExcelDataWithDefaultSheet("KatalonData/IWPTestData/VRelay25PaymentsExtension.xlsx", nameSheet, true): null

25-10-2024T00:16:39 - [TEST_STEP][PASSED] - dataFileEmulator = "IWPTestData/EmulatorData": null

25-10-2024T00:16:39 - [TEST_STEP][PASSED] - numOfRows = dataFile.getRowNumbers(): null

25-10-2024T00:16:39 - [TEST_STEP][PASSED] - println("Number of Records: " + numOfRows): null

25-10-2024T00:16:39 - [TEST_STEP][PASSED] - for ([row = 1, row <= numOfRows, (row++)]): Browser is closed

25-10-2024T00:16:39 - [TEST_STEP][PASSED] - ExecuteTC = dataFile.getValue("Execute", row): null

25-10-2024T00:16:39 - [TEST_STEP][PASSED] - out.println("Value of Execute is : " + ExecuteTC): null

25-10-2024T00:16:39 - [TEST_STEP][PASSED] - if (ExecuteTC.equalsIgnoreCase("Y")): null

25-10-2024T00:16:39 - [TEST_STEP][PASSED] - out.println("Begin Record Number: " + row): null

25-10-2024T00:16:39 - [TEST_STEP][PASSED] - today = new java.util.Date(): null

25-10-2024T00:16:39 - [TEST_STEP][PASSED] - println(today): null

25-10-2024T00:16:39 - [TEST_STEP][PASSED] - datText = today: null

25-10-2024T00:16:39 - [TEST_STEP][PASSED] - EmulatorDataKey = dataFile.getValue("EmulatorData", row): null

25-10-2024T00:16:39 - [TEST_STEP][PASSED] - out.println("Value of Emulator Key is : " + EmulatorDataKey): null

25-10-2024T00:16:39 - [TEST_STEP][PASSED] - iwpPages.emulatorIWP30.setDataEmulator_DD(EmulatorDataKey): iwpPages.emulatorIWP30.setDataEmulator_DD is PASSED

25-10-2024T00:16:39 - [MESSAGE][INFO] - Starting 'Edge Chromium' driver

25-10-2024T00:16:39 - [MESSAGE][INFO] - User set preference: ['acceptInsecureCerts', 'true']

25-10-2024T00:16:41 - [MESSAGE][INFO] - Action delay is set to 0 milliseconds

25-10-2024T00:16:45 - [MESSAGE][PASSED] - Browser is opened with url: 'https://qa2.velocitypayment.com/agencyx/config.action?action=editor&message_version=2_5'

25-10-2024T00:16:45 - [MESSAGE][PASSED] - Current window maximized

25-10-2024T00:17:16 - [MESSAGE][INFO] - Unable to find the element located by 'By.xpath: //select[@name='message_version']'. Please recheck the objects properties to make sure the desired element is located. 

25-10-2024T00:17:16 - [MESSAGE][WARNING] - [SELF-HEALING] Failed to find element with id 'Object Repository/IWP30/Page_VRelay30Emulator/MV'. Try using Self-healing.

25-10-2024T00:17:16 - [MESSAGE][WARNING] - [SELF-HEALING] The current locator of test object 'Object Repository/IWP30/Page_VRelay30Emulator/MV' was broken. Propose an alternative one: '(.//*[normalize-space(text()) and normalize-space(.)='Message Version'])[1]/following::select[1]'.

25-10-2024T00:17:17 - [MESSAGE][PASSED] - All options with value '2.5' are selected in object 'Object Repository/IWP30/Page_VRelay30Emulator/MV'  using regular expression

25-10-2024T00:17:18 - [MESSAGE][PASSED] - Text '10.50' is set on object 'Object Repository/IWP30/Page_EmulatorAgencyX/Amount'

25-10-2024T00:17:18 - [MESSAGE][PASSED] - Text '5n9rJkb3hGsJ' is set on object 'Object Repository/IWP30/Page_EmulatorAgencyX/CAN'

25-10-2024T00:17:19 - [MESSAGE][PASSED] - Text 'PayNow' is set on object 'Object Repository/IWP30/Page_EmulatorAgencyX/Action'

25-10-2024T00:17:19 - [MESSAGE][PASSED] - Text 'en_US' is set on object 'Object Repository/IWP30/Page_EmulatorAgencyX/Lang'

25-10-2024T00:17:20 - [MESSAGE][PASSED] - Text '' is set on object 'Object Repository/IWP30/Page_EmulatorAgencyX/Fname'

25-10-2024T00:17:21 - [MESSAGE][PASSED] - Text '' is set on object 'Object Repository/IWP30/Page_EmulatorAgencyX/Lname'

25-10-2024T00:17:21 - [MESSAGE][PASSED] - Text '' is set on object 'Object Repository/IWP30/Page_EmulatorAgencyX/AL1'

25-10-2024T00:17:22 - [MESSAGE][PASSED] - Text '' is set on object 'Object Repository/IWP30/Page_EmulatorAgencyX/AL2'

25-10-2024T00:17:22 - [MESSAGE][PASSED] - Text '' is set on object 'Object Repository/IWP30/Page_EmulatorAgencyX/Country'

25-10-2024T00:17:23 - [MESSAGE][PASSED] - Text '' is set on object 'Object Repository/IWP30/Page_EmulatorAgencyX/City'

25-10-2024T00:17:23 - [MESSAGE][PASSED] - Text '' is set on object 'Object Repository/IWP30/Page_EmulatorAgencyX/State'

25-10-2024T00:17:24 - [MESSAGE][PASSED] - Text '' is set on object 'Object Repository/IWP30/Page_EmulatorAgencyX/ZIP'

25-10-2024T00:17:25 - [MESSAGE][PASSED] - Text '' is set on object 'Object Repository/IWP30/Page_EmulatorAgencyX/Order'

25-10-2024T00:17:25 - [MESSAGE][PASSED] - Text '' is set on object 'Object Repository/IWP30/Page_EmulatorAgencyX/Company'

25-10-2024T00:17:26 - [MESSAGE][PASSED] - Text '' is set on object 'Object Repository/IWP30/Page_EmulatorAgencyX/Email'

25-10-2024T00:17:26 - [MESSAGE][PASSED] - Text '' is set on object 'Object Repository/IWP30/Page_EmulatorAgencyX/UDF1'

25-10-2024T00:17:27 - [MESSAGE][PASSED] - Text '' is set on object 'Object Repository/IWP30/Page_EmulatorAgencyX/UDF2'

25-10-2024T00:17:27 - [MESSAGE][PASSED] - Text '' is set on object 'Object Repository/IWP30/Page_EmulatorAgencyX/UDF3'

25-10-2024T00:17:28 - [MESSAGE][PASSED] - Text 'udf data 4' is set on object 'Object Repository/IWP30/Page_EmulatorAgencyX/UDF4'

25-10-2024T00:17:29 - [MESSAGE][PASSED] - Text 'udf data 5' is set on object 'Object Repository/IWP30/Page_EmulatorAgencyX/UDF5'

25-10-2024T00:17:29 - [MESSAGE][PASSED] - Text '' is set on object 'Object Repository/IWP30/Page_EmulatorAgencyX/UDF6'

25-10-2024T00:17:30 - [MESSAGE][PASSED] - Text '' is set on object 'Object Repository/IWP30/Page_EmulatorAgencyX/UDF7'

25-10-2024T00:17:30 - [MESSAGE][PASSED] - Text '' is set on object 'Object Repository/IWP30/Page_EmulatorAgencyX/UDF8'

25-10-2024T00:17:31 - [MESSAGE][PASSED] - Text 'udf data 9' is set on object 'Object Repository/IWP30/Page_EmulatorAgencyX/UDF9'

25-10-2024T00:17:31 - [MESSAGE][PASSED] - Text 'udf data 10' is set on object 'Object Repository/IWP30/Page_EmulatorAgencyX/UDF10'

25-10-2024T00:17:33 - [MESSAGE][PASSED] - Object: 'Object Repository/IWP30/Page_EmulatorAgencyX/Submit' is clicked on

25-10-2024T00:17:37 - [MESSAGE][PASSED] - Browser is closed

25-10-2024T00:17:41 - [MESSAGE][PASSED] - iwpPages.emulatorIWP30.setDataEmulator_DD is PASSED

25-10-2024T00:17:41 - [TEST_STEP][PASSED] - testHarnessURL = urlTestHarness: null

25-10-2024T00:17:41 - [TEST_STEP][PASSED] - openBrowser(testHarnessURL): Browser is opened with url: 'https://dev-algorithm.govolution.com/vrelaytest/QA2/version_2_2/vrelaytest.html'

25-10-2024T00:17:41 - [MESSAGE][INFO] - Starting 'Edge Chromium' driver

25-10-2024T00:17:41 - [MESSAGE][INFO] - User set preference: ['acceptInsecureCerts', 'true']

25-10-2024T00:17:43 - [MESSAGE][INFO] - Action delay is set to 0 milliseconds

25-10-2024T00:17:47 - [MESSAGE][PASSED] - Browser is opened with url: 'https://dev-algorithm.govolution.com/vrelaytest/QA2/version_2_2/vrelaytest.html'

25-10-2024T00:17:47 - [TEST_STEP][PASSED] - maximizeWindow(): Current window maximized

25-10-2024T00:17:47 - [MESSAGE][PASSED] - Current window maximized

25-10-2024T00:17:47 - [TEST_STEP][PASSED] - iwpPages.TestHarnessPage.setDataMethodEF(row, dataFile): iwpPages.TestHarnessPage.setDataMethodEF is PASSED

25-10-2024T00:17:47 - [MESSAGE][PASSED] - Object 'Object Repository/IWP30/Page_QATestHarness/RemittanceID' is present

25-10-2024T00:17:48 - [MESSAGE][PASSED] - Text '638' is set on object 'Object Repository/IWP30/Page_QATestHarness/ApplicationID'

25-10-2024T00:17:49 - [MESSAGE][PASSED] - Text '2.5' is set on object 'Object Repository/IWP30/Page_QATestHarness/MessageVersion'

25-10-2024T00:17:49 - [MESSAGE][PASSED] - Text 'eV73pSIijF2Q' is set on object 'Object Repository/IWP30/Page_QATestHarness/RemittanceID'

25-10-2024T00:17:53 - [MESSAGE][PASSED] - Object: 'Object Repository/IWP30/Page_QATestHarness/SubmitButton' is clicked on

25-10-2024T00:17:53 - [MESSAGE][PASSED] - iwpPages.TestHarnessPage.setDataMethodEF is PASSED

25-10-2024T00:17:53 - [TEST_STEP][PASSED] - click(findTestObject("Object Repository/IWP30/Page_SelectPaymentMethod/PayByCreditCard")): Object: 'Object Repository/IWP30/Page_SelectPaymentMethod/PayByCreditCard' is clicked on

25-10-2024T00:17:53 - [MESSAGE][PASSED] - Object: 'Object Repository/IWP30/Page_SelectPaymentMethod/PayByCreditCard' is clicked on

25-10-2024T00:17:53 - [TEST_STEP][PASSED] - click(findTestObject("Object Repository/IWP30/Page_SelectPaymentMethod/MakePaymentButton")): Object: 'Object Repository/IWP30/Page_SelectPaymentMethod/MakePaymentButton' is clicked on

25-10-2024T00:17:57 - [MESSAGE][PASSED] - Object: 'Object Repository/IWP30/Page_SelectPaymentMethod/MakePaymentButton' is clicked on

25-10-2024T00:17:57 - [TEST_STEP][PASSED] - iwpPages.ccPaymentEntryPage.setDataCCPM(row, dataFile): iwpPages.ccPaymentEntryPage.setDataCCPM is PASSED

25-10-2024T00:17:57 - [MESSAGE][PASSED] - Object 'Object Repository/IWP30/Page_CCPaymentEntry/Name' is present

25-10-2024T00:17:58 - [MESSAGE][PASSED] - Text '10.50' is set on object 'Object Repository/IWP30/Page_CCPaymentEntry/Amount'

25-10-2024T00:17:58 - [MESSAGE][PASSED] - Text 'udf data 2' is set on object 'Object Repository/IWP30/Page_CCPaymentEntry/UserDefined2'

25-10-2024T00:17:59 - [MESSAGE][PASSED] - Text 'udf data 3' is set on object 'Object Repository/IWP30/Page_CCPaymentEntry/UserDefined3'

25-10-2024T00:17:59 - [MESSAGE][PASSED] - All options with label 'Orange' are selected in object 'Object Repository/IWP30/Page_CCPaymentEntry/UserDefined7' 

25-10-2024T00:18:00 - [MESSAGE][PASSED] - All options with label 'Soccer' are selected in object 'Object Repository/IWP30/Page_CCPaymentEntry/UserDefined8' 

25-10-2024T00:18:00 - [MESSAGE][PASSED] - Object 'Object Repository/IWP30/Page_CCPaymentEntry/Name' is present

25-10-2024T00:18:01 - [MESSAGE][PASSED] - Text 'Kavita Ranawati' is set on object 'Object Repository/IWP30/Page_CCPaymentEntry/Name'

25-10-2024T00:18:01 - [MESSAGE][PASSED] - Object 'Object Repository/IWP30/Page_CCPaymentEntry/CardNumber' is present

25-10-2024T00:18:02 - [MESSAGE][PASSED] - Text '4111111111111111' is set on object 'Object Repository/IWP30/Page_CCPaymentEntry/CardNumber'

25-10-2024T00:18:02 - [MESSAGE][PASSED] - Text '123' is set on object 'Object Repository/IWP30/Page_CCPaymentEntry/SPC'

25-10-2024T00:18:03 - [MESSAGE][PASSED] - Object 'Object Repository/IWP30/Page_CCPaymentEntry/Month' is present

25-10-2024T00:18:03 - [MESSAGE][PASSED] - All options with label '01' are selected in object 'Object Repository/IWP30/Page_CCPaymentEntry/Month' 

25-10-2024T00:18:04 - [MESSAGE][PASSED] - Object 'Object Repository/IWP30/Page_CCPaymentEntry/Year' is present

25-10-2024T00:18:04 - [MESSAGE][PASSED] - All options with label '2028' are selected in object 'Object Repository/IWP30/Page_CCPaymentEntry/Year' 

25-10-2024T00:18:04 - [MESSAGE][PASSED] - Execute JavaScript '
				   document.getElementById('processDate').value = '08/09/2025'
				  ' successfully

25-10-2024T00:18:05 - [MESSAGE][PASSED] - Text '365 Main Avenue' is set on object 'Object Repository/IWP30/Page_CCPaymentEntry/AL1'

25-10-2024T00:18:05 - [MESSAGE][PASSED] - Text 'Ohio' is set on object 'Object Repository/IWP30/Page_CCPaymentEntry/AL2'

25-10-2024T00:18:06 - [MESSAGE][PASSED] - Text '22201' is set on object 'Object Repository/IWP30/Page_CCPaymentEntry/ZIP'

25-10-2024T00:18:06 - [MESSAGE][PASSED] - Object 'Object Repository/IWP30/Page_CCPaymentEntry/EmailAddress' is present

25-10-2024T00:18:08 - [MESSAGE][PASSED] - Text 'iahmed@govolution.com' is set on object 'Object Repository/IWP30/Page_CCPaymentEntry/EmailAddress'

25-10-2024T00:18:08 - [MESSAGE][PASSED] - Object 'Object Repository/IWP30/Page_CCPaymentEntry/TermCondCheckBox' is present

25-10-2024T00:18:08 - [MESSAGE][PASSED] - Object 'Object Repository/IWP30/Page_CCPaymentEntry/TermCondCheckBox' is checked

25-10-2024T00:18:08 - [MESSAGE][PASSED] - Object 'Object Repository/IWP30/Page_CCPaymentEntry/ContinueButton' is present

25-10-2024T00:18:10 - [MESSAGE][PASSED] - Object: 'Object Repository/IWP30/Page_CCPaymentEntry/ContinueButton' is clicked on

25-10-2024T00:18:10 - [MESSAGE][PASSED] - iwpPages.ccPaymentEntryPage.setDataCCPM is PASSED

25-10-2024T00:18:10 - [TEST_STEP][PASSED] - click(findTestObject("Object Repository/IWP30/Page_Confirmation/ConfirmButton")): Object: 'Object Repository/IWP30/Page_Confirmation/ConfirmButton' is clicked on

25-10-2024T00:18:12 - [MESSAGE][PASSED] - Object: 'Object Repository/IWP30/Page_Confirmation/ConfirmButton' is clicked on

25-10-2024T00:18:12 - [TEST_STEP][PASSED] - Thread.sleep(2000): null

25-10-2024T00:18:14 - [TEST_STEP][PASSED] - if (verifyTextPresent("Deferred", false)): null

25-10-2024T00:18:15 - [MESSAGE][PASSED] - Text 'Deferred' is present on page 

25-10-2024T00:18:15 - [TEST_STEP][PASSED] - click(findTestObject("Object Repository/IWP30/Page_Receipt/ViewScheduledPaymentsButton")): Object: 'Object Repository/IWP30/Page_Receipt/ViewScheduledPaymentsButton' is clicked on

25-10-2024T00:18:15 - [MESSAGE][PASSED] - Object: 'Object Repository/IWP30/Page_Receipt/ViewScheduledPaymentsButton' is clicked on

25-10-2024T00:18:15 - [TEST_STEP][PASSED] - switchToWindowTitle("View Scheduled Payments"): Switched to window with title: 'View Scheduled Payments'

25-10-2024T00:18:15 - [MESSAGE][PASSED] - Switched to window with title: 'View Scheduled Payments'

25-10-2024T00:18:15 - [TEST_STEP][PASSED] - Thread.sleep(4000): null

25-10-2024T00:18:19 - [TEST_STEP][PASSED] - if (verifyTextPresent("View Scheduled Payments", false)): null

25-10-2024T00:18:20 - [MESSAGE][PASSED] - Text 'View Scheduled Payments' is present on page 

25-10-2024T00:18:20 - [TEST_STEP][PASSED] - click(findTestObject("Object Repository/IWP30/Page_ScheduledPayments/cancel_payment")): Object: 'Object Repository/IWP30/Page_ScheduledPayments/cancel_payment' is clicked on

25-10-2024T00:18:21 - [MESSAGE][PASSED] - Object: 'Object Repository/IWP30/Page_ScheduledPayments/cancel_payment' is clicked on

25-10-2024T00:18:21 - [TEST_STEP][PASSED] - if (verifyTextPresent("Cancel Payment Plan", false)): null

25-10-2024T00:18:21 - [MESSAGE][PASSED] - Text 'Cancel Payment Plan' is present on page 

25-10-2024T00:18:21 - [TEST_STEP][PASSED] - click(findTestObject("Object Repository/IWP30/Page_PaymentPlan/btn_cancel")): Object: 'Object Repository/IWP30/Page_PaymentPlan/btn_cancel' is clicked on

25-10-2024T00:18:22 - [MESSAGE][PASSED] - Object: 'Object Repository/IWP30/Page_PaymentPlan/btn_cancel' is clicked on

25-10-2024T00:18:22 - [TEST_STEP][PASSED] - acceptAlert(): Alert accepted

25-10-2024T00:18:22 - [MESSAGE][PASSED] - Alert accepted

25-10-2024T00:18:22 - [TEST_STEP][PASSED] - if (verifyTextPresent("Your payment plan has been successfully canceled", false)): null

25-10-2024T00:18:23 - [MESSAGE][PASSED] - Text 'Your payment plan has been successfully canceled' is present on page 

25-10-2024T00:18:23 - [TEST_STEP][PASSED] - isRequiredTextPresent = true: null

25-10-2024T00:18:23 - [TEST_STEP][PASSED] - println(isRequiredTextPresent): null

25-10-2024T00:18:23 - [TEST_STEP][PASSED] - if (isRequiredTextPresent): null

25-10-2024T00:18:23 - [TEST_STEP][PASSED] - if (verifyTextPresent("CAN Label:", false)): null

25-10-2024T00:18:23 - [MESSAGE][PASSED] - Text 'CAN Label:' is present on page 

25-10-2024T00:18:23 - [TEST_STEP][PASSED] - isRequiredTextPresent = true: null

25-10-2024T00:18:23 - [TEST_STEP][PASSED] - println(isRequiredTextPresent): null

25-10-2024T00:18:23 - [TEST_STEP][PASSED] - if (isRequiredTextPresent): null

25-10-2024T00:18:23 - [TEST_STEP][PASSED] - if (verifyTextPresent("Please verify the following information:", false)): null

25-10-2024T00:18:24 - [MESSAGE][PASSED] - Text 'Please verify the following information:' is present on page 

25-10-2024T00:18:24 - [TEST_STEP][PASSED] - isRequiredTextPresent = true: null

25-10-2024T00:18:24 - [TEST_STEP][PASSED] - println(isRequiredTextPresent): null

25-10-2024T00:18:24 - [TEST_STEP][PASSED] - if (isRequiredTextPresent): null

25-10-2024T00:18:24 - [TEST_STEP][PASSED] - if (verifyTextPresent("Payment Information:", false)): null

25-10-2024T00:18:24 - [MESSAGE][PASSED] - Text 'Payment Information:' is present on page 

25-10-2024T00:18:24 - [TEST_STEP][PASSED] - isRequiredTextPresent = true: null

25-10-2024T00:18:24 - [TEST_STEP][PASSED] - println(isRequiredTextPresent): null

25-10-2024T00:18:24 - [TEST_STEP][PASSED] - if (isRequiredTextPresent): null

25-10-2024T00:18:24 - [TEST_STEP][PASSED] - if (verifyTextPresent("UDF2 Label:", false)): null

25-10-2024T00:18:24 - [MESSAGE][PASSED] - Text 'UDF2 Label:' is present on page 

25-10-2024T00:18:24 - [TEST_STEP][PASSED] - isRequiredTextPresent = true: null

25-10-2024T00:18:24 - [TEST_STEP][PASSED] - println(isRequiredTextPresent): null

25-10-2024T00:18:24 - [TEST_STEP][PASSED] - if (isRequiredTextPresent): null

25-10-2024T00:18:24 - [TEST_STEP][PASSED] - if (verifyTextPresent("UDF3 Label:", false)): null

25-10-2024T00:18:25 - [MESSAGE][PASSED] - Text 'UDF3 Label:' is present on page 

25-10-2024T00:18:25 - [TEST_STEP][PASSED] - isRequiredTextPresent = true: null

25-10-2024T00:18:25 - [TEST_STEP][PASSED] - println(isRequiredTextPresent): null

25-10-2024T00:18:25 - [TEST_STEP][PASSED] - if (isRequiredTextPresent): null

25-10-2024T00:18:25 - [TEST_STEP][PASSED] - if (verifyTextPresent("UDF4 Label:", false)): null

25-10-2024T00:18:25 - [MESSAGE][PASSED] - Text 'UDF4 Label:' is present on page 

25-10-2024T00:18:25 - [TEST_STEP][PASSED] - isRequiredTextPresent = true: null

25-10-2024T00:18:25 - [TEST_STEP][PASSED] - println(isRequiredTextPresent): null

25-10-2024T00:18:25 - [TEST_STEP][PASSED] - if (isRequiredTextPresent): null

25-10-2024T00:18:25 - [TEST_STEP][PASSED] - if (verifyTextPresent("UDF7 Label:", false)): null

25-10-2024T00:18:25 - [MESSAGE][PASSED] - Text 'UDF7 Label:' is present on page 

25-10-2024T00:18:25 - [TEST_STEP][PASSED] - isRequiredTextPresent = true: null

25-10-2024T00:18:25 - [TEST_STEP][PASSED] - println(isRequiredTextPresent): null

25-10-2024T00:18:25 - [TEST_STEP][PASSED] - if (isRequiredTextPresent): null

25-10-2024T00:18:25 - [TEST_STEP][PASSED] - if (verifyTextPresent("UDF8 Label:", false)): null

25-10-2024T00:18:25 - [MESSAGE][PASSED] - Text 'UDF8 Label:' is present on page 

25-10-2024T00:18:25 - [TEST_STEP][PASSED] - isRequiredTextPresent = true: null

25-10-2024T00:18:25 - [TEST_STEP][PASSED] - println(isRequiredTextPresent): null

25-10-2024T00:18:25 - [TEST_STEP][PASSED] - if (isRequiredTextPresent): null

25-10-2024T00:18:25 - [TEST_STEP][PASSED] - if (verifyTextPresent("UDF9 Label:", false)): null

25-10-2024T00:18:26 - [MESSAGE][PASSED] - Text 'UDF9 Label:' is present on page 

25-10-2024T00:18:26 - [TEST_STEP][PASSED] - isRequiredTextPresent = true: null

25-10-2024T00:18:26 - [TEST_STEP][PASSED] - println(isRequiredTextPresent): null

25-10-2024T00:18:26 - [TEST_STEP][PASSED] - if (isRequiredTextPresent): null

25-10-2024T00:18:26 - [TEST_STEP][PASSED] - if (verifyTextPresent("Card Information", false)): null

25-10-2024T00:18:26 - [MESSAGE][PASSED] - Text 'Card Information' is present on page 

25-10-2024T00:18:26 - [TEST_STEP][PASSED] - isRequiredTextPresent = true: null

25-10-2024T00:18:26 - [TEST_STEP][PASSED] - println(isRequiredTextPresent): null

25-10-2024T00:18:26 - [TEST_STEP][PASSED] - if (isRequiredTextPresent): null

25-10-2024T00:18:26 - [TEST_STEP][PASSED] - if (verifyTextPresent("Cardholder's Name:", false)): null

25-10-2024T00:18:26 - [MESSAGE][PASSED] - Text 'Cardholder's Name:' is present on page 

25-10-2024T00:18:26 - [TEST_STEP][PASSED] - isRequiredTextPresent = true: null

25-10-2024T00:18:26 - [TEST_STEP][PASSED] - println(isRequiredTextPresent): null

25-10-2024T00:18:26 - [TEST_STEP][PASSED] - if (isRequiredTextPresent): null

25-10-2024T00:18:26 - [TEST_STEP][PASSED] - if (verifyTextPresent("Card Type:", false)): null

25-10-2024T00:18:27 - [MESSAGE][PASSED] - Text 'Card Type:' is present on page 

25-10-2024T00:18:27 - [TEST_STEP][PASSED] - isRequiredTextPresent = true: null

25-10-2024T00:18:27 - [TEST_STEP][PASSED] - println(isRequiredTextPresent): null

25-10-2024T00:18:27 - [TEST_STEP][PASSED] - if (isRequiredTextPresent): null

25-10-2024T00:18:27 - [TEST_STEP][PASSED] - if (verifyTextPresent("Card Number:", false)): null

25-10-2024T00:18:27 - [MESSAGE][PASSED] - Text 'Card Number:' is present on page 

25-10-2024T00:18:27 - [TEST_STEP][PASSED] - isRequiredTextPresent = true: null

25-10-2024T00:18:27 - [TEST_STEP][PASSED] - println(isRequiredTextPresent): null

25-10-2024T00:18:27 - [TEST_STEP][PASSED] - if (isRequiredTextPresent): null

25-10-2024T00:18:27 - [TEST_STEP][PASSED] - if (verifyTextPresent("Card Security Code:", false)): null

25-10-2024T00:18:27 - [MESSAGE][PASSED] - Text 'Card Security Code:' is present on page 

25-10-2024T00:18:27 - [TEST_STEP][PASSED] - isRequiredTextPresent = true: null

25-10-2024T00:18:27 - [TEST_STEP][PASSED] - println(isRequiredTextPresent): null

25-10-2024T00:18:27 - [TEST_STEP][PASSED] - if (isRequiredTextPresent): null

25-10-2024T00:18:27 - [TEST_STEP][PASSED] - if (verifyTextPresent("Expiration Date:", false)): null

25-10-2024T00:18:27 - [MESSAGE][PASSED] - Text 'Expiration Date:' is present on page 

25-10-2024T00:18:27 - [TEST_STEP][PASSED] - isRequiredTextPresent = true: null

25-10-2024T00:18:27 - [TEST_STEP][PASSED] - println(isRequiredTextPresent): null

25-10-2024T00:18:27 - [TEST_STEP][PASSED] - if (isRequiredTextPresent): null

25-10-2024T00:18:27 - [TEST_STEP][PASSED] - if (verifyTextPresent("Billing Information:", false)): null

25-10-2024T00:18:28 - [MESSAGE][PASSED] - Text 'Billing Information:' is present on page 

25-10-2024T00:18:28 - [TEST_STEP][PASSED] - isRequiredTextPresent = true: null

25-10-2024T00:18:28 - [TEST_STEP][PASSED] - println(isRequiredTextPresent): null

25-10-2024T00:18:28 - [TEST_STEP][PASSED] - if (isRequiredTextPresent): null

25-10-2024T00:18:28 - [TEST_STEP][PASSED] - if (verifyTextPresent("Address Line 1:", false)): null

25-10-2024T00:18:28 - [MESSAGE][PASSED] - Text 'Address Line 1:' is present on page 

25-10-2024T00:18:28 - [TEST_STEP][PASSED] - isRequiredTextPresent = true: null

25-10-2024T00:18:28 - [TEST_STEP][PASSED] - println(isRequiredTextPresent): null

25-10-2024T00:18:28 - [TEST_STEP][PASSED] - if (isRequiredTextPresent): null

25-10-2024T00:18:28 - [TEST_STEP][PASSED] - if (verifyTextPresent("Address Line 2:", false)): null

25-10-2024T00:18:28 - [MESSAGE][PASSED] - Text 'Address Line 2:' is present on page 

25-10-2024T00:18:28 - [TEST_STEP][PASSED] - isRequiredTextPresent = true: null

25-10-2024T00:18:28 - [TEST_STEP][PASSED] - println(isRequiredTextPresent): null

25-10-2024T00:18:28 - [TEST_STEP][PASSED] - if (isRequiredTextPresent): null

25-10-2024T00:18:28 - [TEST_STEP][PASSED] - if (verifyTextPresent("Country:", false)): null

25-10-2024T00:18:28 - [MESSAGE][PASSED] - Text 'Country:' is present on page 

25-10-2024T00:18:28 - [TEST_STEP][PASSED] - isRequiredTextPresent = true: null

25-10-2024T00:18:28 - [TEST_STEP][PASSED] - println(isRequiredTextPresent): null

25-10-2024T00:18:28 - [TEST_STEP][PASSED] - if (isRequiredTextPresent): null

25-10-2024T00:18:28 - [TEST_STEP][PASSED] - if (verifyTextNotPresent("City:", false)): null

25-10-2024T00:18:29 - [MESSAGE][PASSED] - Text 'City:' is not present on page

25-10-2024T00:18:29 - [TEST_STEP][PASSED] - isRequiredTextPresent = true: null

25-10-2024T00:18:29 - [TEST_STEP][PASSED] - println(isRequiredTextPresent): null

25-10-2024T00:18:29 - [TEST_STEP][PASSED] - if (isRequiredTextPresent): null

25-10-2024T00:18:29 - [TEST_STEP][PASSED] - if (verifyTextPresent("State:", false)): null

25-10-2024T00:18:29 - [MESSAGE][PASSED] - Text 'State:' is present on page 

25-10-2024T00:18:29 - [TEST_STEP][PASSED] - isRequiredTextPresent = true: null

25-10-2024T00:18:29 - [TEST_STEP][PASSED] - println(isRequiredTextPresent): null

25-10-2024T00:18:29 - [TEST_STEP][PASSED] - if (isRequiredTextPresent): null

25-10-2024T00:18:29 - [TEST_STEP][PASSED] - if (verifyTextPresent("ZIP Code:", false)): null

25-10-2024T00:18:29 - [MESSAGE][PASSED] - Text 'ZIP Code:' is present on page 

25-10-2024T00:18:29 - [TEST_STEP][PASSED] - isRequiredTextPresent = true: null

25-10-2024T00:18:29 - [TEST_STEP][PASSED] - println(isRequiredTextPresent): null

25-10-2024T00:18:29 - [TEST_STEP][PASSED] - if (isRequiredTextPresent): null

25-10-2024T00:18:29 - [TEST_STEP][PASSED] - if (verifyTextPresent("Email Address:", false)): null

25-10-2024T00:18:30 - [MESSAGE][PASSED] - Text 'Email Address:' is present on page 

25-10-2024T00:18:30 - [TEST_STEP][PASSED] - isRequiredTextPresent = true: null

25-10-2024T00:18:30 - [TEST_STEP][PASSED] - println(isRequiredTextPresent): null

25-10-2024T00:18:30 - [TEST_STEP][PASSED] - if (isRequiredTextPresent): null

25-10-2024T00:18:30 - [TEST_STEP][PASSED] - if (verifyTextPresent("Payment Plan Information:", false)): null

25-10-2024T00:18:30 - [MESSAGE][PASSED] - Text 'Payment Plan Information:' is present on page 

25-10-2024T00:18:30 - [TEST_STEP][PASSED] - isRequiredTextPresent = true: null

25-10-2024T00:18:30 - [TEST_STEP][PASSED] - println(isRequiredTextPresent): null

25-10-2024T00:18:30 - [TEST_STEP][PASSED] - if (isRequiredTextPresent): null

25-10-2024T00:18:30 - [TEST_STEP][PASSED] - if (verifyTextPresent("Payment Plan Type:", false)): null

25-10-2024T00:18:30 - [MESSAGE][PASSED] - Text 'Payment Plan Type:' is present on page 

25-10-2024T00:18:30 - [TEST_STEP][PASSED] - isRequiredTextPresent = true: null

25-10-2024T00:18:30 - [TEST_STEP][PASSED] - println(isRequiredTextPresent): null

25-10-2024T00:18:30 - [TEST_STEP][PASSED] - if (isRequiredTextPresent): null

25-10-2024T00:18:30 - [TEST_STEP][PASSED] - if (verifyTextPresent("Payment Plan Status:", false)): null

25-10-2024T00:18:30 - [MESSAGE][PASSED] - Text 'Payment Plan Status:' is present on page 

25-10-2024T00:18:30 - [TEST_STEP][PASSED] - isRequiredTextPresent = true: null

25-10-2024T00:18:30 - [TEST_STEP][PASSED] - println(isRequiredTextPresent): null

25-10-2024T00:18:30 - [TEST_STEP][PASSED] - if (isRequiredTextPresent): null

25-10-2024T00:18:30 - [TEST_STEP][PASSED] - if (verifyTextPresent("Payment Plan ID:", false)): null

25-10-2024T00:18:31 - [MESSAGE][PASSED] - Text 'Payment Plan ID:' is present on page 

25-10-2024T00:18:31 - [TEST_STEP][PASSED] - isRequiredTextPresent = true: null

25-10-2024T00:18:31 - [TEST_STEP][PASSED] - println(isRequiredTextPresent): null

25-10-2024T00:18:31 - [TEST_STEP][PASSED] - if (isRequiredTextPresent): null

25-10-2024T00:18:31 - [TEST_STEP][PASSED] - if (verifyTextPresent("Payment Plan Start Date:", false)): null

25-10-2024T00:18:31 - [MESSAGE][PASSED] - Text 'Payment Plan Start Date:' is present on page 

25-10-2024T00:18:31 - [TEST_STEP][PASSED] - isRequiredTextPresent = true: null

25-10-2024T00:18:31 - [TEST_STEP][PASSED] - println(isRequiredTextPresent): null

25-10-2024T00:18:31 - [TEST_STEP][PASSED] - if (isRequiredTextPresent): null

25-10-2024T00:18:31 - [TEST_STEP][PASSED] - if (verifyTextPresent("Amount:", false)): null

25-10-2024T00:18:31 - [MESSAGE][PASSED] - Text 'Amount:' is present on page 

25-10-2024T00:18:31 - [TEST_STEP][PASSED] - isRequiredTextPresent = true: null

25-10-2024T00:18:31 - [TEST_STEP][PASSED] - println(isRequiredTextPresent): null

25-10-2024T00:18:31 - [TEST_STEP][PASSED] - if (isRequiredTextPresent == true): pages.WriteExcel.demoKey is PASSED

25-10-2024T00:18:31 - [TEST_STEP][PASSED] - println("All the relevant texts are present on Receipt Page"): null

25-10-2024T00:18:31 - [TEST_STEP][PASSED] - markPassed("All the relevant texts are present on Receipt Page"): All the relevant texts are present on Receipt Page

25-10-2024T00:18:31 - [MESSAGE][PASSED] - All the relevant texts are present on Receipt Page

25-10-2024T00:18:31 - [TEST_STEP][PASSED] - resText = "Pass": null

25-10-2024T00:18:31 - [TEST_STEP][PASSED] - pages.WriteExcel.demoKey(resText, datText, resColumn, datCloumn, fileLoc, nameSheet, row): pages.WriteExcel.demoKey is PASSED

25-10-2024T00:18:31 - [MESSAGE][PASSED] - pages.WriteExcel.demoKey is PASSED

25-10-2024T00:18:31 - [TEST_STEP][PASSED] - closeBrowser(): Browser is closed

25-10-2024T00:18:32 - [MESSAGE][PASSED] - Browser is closed

25-10-2024T00:18:32 - [TEST_STEP][PASSED] - ExecuteTC = dataFile.getValue("Execute", row): null

25-10-2024T00:18:32 - [TEST_STEP][PASSED] - out.println("Value of Execute is : " + ExecuteTC): null

25-10-2024T00:18:32 - [TEST_STEP][PASSED] - if (ExecuteTC.equalsIgnoreCase("Y")): null

25-10-2024T00:18:32 - [TEST_STEP][PASSED] - out.println("Begin Record Number: " + row): null

25-10-2024T00:18:32 - [TEST_STEP][PASSED] - today = new java.util.Date(): null

25-10-2024T00:18:32 - [TEST_STEP][PASSED] - println(today): null

25-10-2024T00:18:32 - [TEST_STEP][PASSED] - datText = today: null

25-10-2024T00:18:32 - [TEST_STEP][PASSED] - EmulatorDataKey = dataFile.getValue("EmulatorData", row): null

25-10-2024T00:18:32 - [TEST_STEP][PASSED] - out.println("Value of Emulator Key is : " + EmulatorDataKey): null

25-10-2024T00:18:32 - [TEST_STEP][PASSED] - iwpPages.emulatorIWP30.setDataEmulator_DD(EmulatorDataKey): iwpPages.emulatorIWP30.setDataEmulator_DD is PASSED

25-10-2024T00:18:32 - [MESSAGE][INFO] - Starting 'Edge Chromium' driver

25-10-2024T00:18:32 - [MESSAGE][INFO] - User set preference: ['acceptInsecureCerts', 'true']

25-10-2024T00:18:34 - [MESSAGE][INFO] - Action delay is set to 0 milliseconds

25-10-2024T00:18:38 - [MESSAGE][PASSED] - Browser is opened with url: 'https://qa2.velocitypayment.com/agencyx/config.action?action=editor&message_version=3_0'

25-10-2024T00:18:38 - [MESSAGE][PASSED] - Current window maximized

25-10-2024T00:19:09 - [MESSAGE][INFO] - Unable to find the element located by 'By.xpath: //select[@name='message_version']'. Please recheck the objects properties to make sure the desired element is located. 

25-10-2024T00:19:09 - [MESSAGE][WARNING] - [SELF-HEALING] Failed to find element with id 'Object Repository/IWP30/Page_VRelay30Emulator/MV'. Try using Self-healing.

25-10-2024T00:19:10 - [MESSAGE][WARNING] - [SELF-HEALING] The current locator of test object 'Object Repository/IWP30/Page_VRelay30Emulator/MV' was broken. Propose an alternative one: '(.//*[normalize-space(text()) and normalize-space(.)='Message Version'])[1]/following::select[1]'.

25-10-2024T00:19:10 - [MESSAGE][PASSED] - All options with value '3.0' are selected in object 'Object Repository/IWP30/Page_VRelay30Emulator/MV'  using regular expression

25-10-2024T00:19:11 - [MESSAGE][PASSED] - Text '10.50' is set on object 'Object Repository/IWP30/Page_EmulatorAgencyX/Amount'

25-10-2024T00:19:11 - [MESSAGE][PASSED] - Text 'H4FAjoV0MwTU' is set on object 'Object Repository/IWP30/Page_EmulatorAgencyX/CAN'

25-10-2024T00:19:12 - [MESSAGE][PASSED] - Text 'PayNow' is set on object 'Object Repository/IWP30/Page_EmulatorAgencyX/Action'

25-10-2024T00:19:13 - [MESSAGE][PASSED] - Text 'en_US' is set on object 'Object Repository/IWP30/Page_EmulatorAgencyX/Lang'

25-10-2024T00:19:13 - [MESSAGE][PASSED] - Text '' is set on object 'Object Repository/IWP30/Page_EmulatorAgencyX/Fname'

25-10-2024T00:19:14 - [MESSAGE][PASSED] - Text '' is set on object 'Object Repository/IWP30/Page_EmulatorAgencyX/Lname'

25-10-2024T00:19:14 - [MESSAGE][PASSED] - Text '' is set on object 'Object Repository/IWP30/Page_EmulatorAgencyX/AL1'

25-10-2024T00:19:15 - [MESSAGE][PASSED] - Text '' is set on object 'Object Repository/IWP30/Page_EmulatorAgencyX/AL2'

25-10-2024T00:19:16 - [MESSAGE][PASSED] - Text '' is set on object 'Object Repository/IWP30/Page_EmulatorAgencyX/Country'

25-10-2024T00:19:16 - [MESSAGE][PASSED] - Text '' is set on object 'Object Repository/IWP30/Page_EmulatorAgencyX/City'

25-10-2024T00:19:17 - [MESSAGE][PASSED] - Text '' is set on object 'Object Repository/IWP30/Page_EmulatorAgencyX/State'

25-10-2024T00:19:17 - [MESSAGE][PASSED] - Text '' is set on object 'Object Repository/IWP30/Page_EmulatorAgencyX/ZIP'

25-10-2024T00:19:18 - [MESSAGE][PASSED] - Text '' is set on object 'Object Repository/IWP30/Page_EmulatorAgencyX/Order'

25-10-2024T00:19:18 - [MESSAGE][PASSED] - Text '' is set on object 'Object Repository/IWP30/Page_EmulatorAgencyX/Company'

25-10-2024T00:19:19 - [MESSAGE][PASSED] - Text '' is set on object 'Object Repository/IWP30/Page_EmulatorAgencyX/Email'

25-10-2024T00:19:20 - [MESSAGE][PASSED] - Text '' is set on object 'Object Repository/IWP30/Page_EmulatorAgencyX/UDF1'

25-10-2024T00:19:20 - [MESSAGE][PASSED] - Text '' is set on object 'Object Repository/IWP30/Page_EmulatorAgencyX/UDF2'

25-10-2024T00:19:21 - [MESSAGE][PASSED] - Text '' is set on object 'Object Repository/IWP30/Page_EmulatorAgencyX/UDF3'

25-10-2024T00:19:21 - [MESSAGE][PASSED] - Text 'udf data 4' is set on object 'Object Repository/IWP30/Page_EmulatorAgencyX/UDF4'

25-10-2024T00:19:22 - [MESSAGE][PASSED] - Text 'udf data 5' is set on object 'Object Repository/IWP30/Page_EmulatorAgencyX/UDF5'

25-10-2024T00:19:22 - [MESSAGE][PASSED] - Text '' is set on object 'Object Repository/IWP30/Page_EmulatorAgencyX/UDF6'

25-10-2024T00:19:23 - [MESSAGE][PASSED] - Text '' is set on object 'Object Repository/IWP30/Page_EmulatorAgencyX/UDF7'

25-10-2024T00:19:24 - [MESSAGE][PASSED] - Text '' is set on object 'Object Repository/IWP30/Page_EmulatorAgencyX/UDF8'

25-10-2024T00:19:24 - [MESSAGE][PASSED] - Text 'udf data 9' is set on object 'Object Repository/IWP30/Page_EmulatorAgencyX/UDF9'

25-10-2024T00:19:25 - [MESSAGE][PASSED] - Text 'udf data 10' is set on object 'Object Repository/IWP30/Page_EmulatorAgencyX/UDF10'

25-10-2024T00:19:26 - [MESSAGE][PASSED] - Object: 'Object Repository/IWP30/Page_EmulatorAgencyX/Submit' is clicked on

25-10-2024T00:19:31 - [MESSAGE][PASSED] - Browser is closed

25-10-2024T00:19:35 - [MESSAGE][PASSED] - iwpPages.emulatorIWP30.setDataEmulator_DD is PASSED

25-10-2024T00:19:35 - [TEST_STEP][PASSED] - testHarnessURL = urlTestHarness: null

25-10-2024T00:19:35 - [TEST_STEP][PASSED] - openBrowser(testHarnessURL): Browser is opened with url: 'https://dev-algorithm.govolution.com/vrelaytest/QA2/version_2_2/vrelaytest.html'

25-10-2024T00:19:35 - [MESSAGE][INFO] - Starting 'Edge Chromium' driver

25-10-2024T00:19:35 - [MESSAGE][INFO] - User set preference: ['acceptInsecureCerts', 'true']

25-10-2024T00:19:37 - [MESSAGE][INFO] - Action delay is set to 0 milliseconds

25-10-2024T00:19:40 - [MESSAGE][PASSED] - Browser is opened with url: 'https://dev-algorithm.govolution.com/vrelaytest/QA2/version_2_2/vrelaytest.html'

25-10-2024T00:19:40 - [TEST_STEP][PASSED] - maximizeWindow(): Current window maximized

25-10-2024T00:19:40 - [MESSAGE][PASSED] - Current window maximized

25-10-2024T00:19:40 - [TEST_STEP][PASSED] - iwpPages.TestHarnessPage.setDataMethodEF(row, dataFile): iwpPages.TestHarnessPage.setDataMethodEF is PASSED

25-10-2024T00:19:41 - [MESSAGE][PASSED] - Object 'Object Repository/IWP30/Page_QATestHarness/RemittanceID' is present

25-10-2024T00:19:41 - [MESSAGE][PASSED] - Text '649' is set on object 'Object Repository/IWP30/Page_QATestHarness/ApplicationID'

25-10-2024T00:19:42 - [MESSAGE][PASSED] - Text '3.0' is set on object 'Object Repository/IWP30/Page_QATestHarness/MessageVersion'

25-10-2024T00:19:43 - [MESSAGE][PASSED] - Text 'shZJbxfdQqyt' is set on object 'Object Repository/IWP30/Page_QATestHarness/RemittanceID'

25-10-2024T00:19:46 - [MESSAGE][PASSED] - Object: 'Object Repository/IWP30/Page_QATestHarness/SubmitButton' is clicked on

25-10-2024T00:19:46 - [MESSAGE][PASSED] - iwpPages.TestHarnessPage.setDataMethodEF is PASSED

25-10-2024T00:19:46 - [TEST_STEP][PASSED] - click(findTestObject("Object Repository/IWP30/Page_SelectPaymentMethod/PayByCreditCard")): Object: 'Object Repository/IWP30/Page_SelectPaymentMethod/PayByCreditCard' is clicked on

25-10-2024T00:19:47 - [MESSAGE][PASSED] - Object: 'Object Repository/IWP30/Page_SelectPaymentMethod/PayByCreditCard' is clicked on

25-10-2024T00:19:47 - [TEST_STEP][PASSED] - click(findTestObject("Object Repository/IWP30/Page_SelectPaymentMethod/MakePaymentButton")): Object: 'Object Repository/IWP30/Page_SelectPaymentMethod/MakePaymentButton' is clicked on

25-10-2024T00:19:50 - [MESSAGE][PASSED] - Object: 'Object Repository/IWP30/Page_SelectPaymentMethod/MakePaymentButton' is clicked on

25-10-2024T00:19:50 - [TEST_STEP][PASSED] - iwpPages.ccPaymentEntryPage.setDataCCPM(row, dataFile): iwpPages.ccPaymentEntryPage.setDataCCPM is PASSED

25-10-2024T00:19:50 - [MESSAGE][PASSED] - Object 'Object Repository/IWP30/Page_CCPaymentEntry/Name' is present

25-10-2024T00:19:51 - [MESSAGE][PASSED] - Text '10.50' is set on object 'Object Repository/IWP30/Page_CCPaymentEntry/Amount'

25-10-2024T00:19:51 - [MESSAGE][PASSED] - Text 'udf data 2' is set on object 'Object Repository/IWP30/Page_CCPaymentEntry/UserDefined2'

25-10-2024T00:19:52 - [MESSAGE][PASSED] - Text 'udf data 3' is set on object 'Object Repository/IWP30/Page_CCPaymentEntry/UserDefined3'

25-10-2024T00:19:52 - [MESSAGE][PASSED] - All options with label 'Orange' are selected in object 'Object Repository/IWP30/Page_CCPaymentEntry/UserDefined7' 

25-10-2024T00:19:53 - [MESSAGE][PASSED] - All options with label 'Soccer' are selected in object 'Object Repository/IWP30/Page_CCPaymentEntry/UserDefined8' 

25-10-2024T00:19:53 - [MESSAGE][PASSED] - Object 'Object Repository/IWP30/Page_CCPaymentEntry/Name' is present

25-10-2024T00:19:54 - [MESSAGE][PASSED] - Text 'Kavita Ranawati' is set on object 'Object Repository/IWP30/Page_CCPaymentEntry/Name'

25-10-2024T00:19:54 - [MESSAGE][PASSED] - Object 'Object Repository/IWP30/Page_CCPaymentEntry/CardNumber' is present

25-10-2024T00:19:55 - [MESSAGE][PASSED] - Text '4111111111111111' is set on object 'Object Repository/IWP30/Page_CCPaymentEntry/CardNumber'

25-10-2024T00:19:55 - [MESSAGE][PASSED] - Text '123' is set on object 'Object Repository/IWP30/Page_CCPaymentEntry/SPC'

25-10-2024T00:19:56 - [MESSAGE][PASSED] - Object 'Object Repository/IWP30/Page_CCPaymentEntry/Month' is present

25-10-2024T00:19:57 - [MESSAGE][PASSED] - All options with label '01' are selected in object 'Object Repository/IWP30/Page_CCPaymentEntry/Month' 

25-10-2024T00:19:57 - [MESSAGE][PASSED] - Object 'Object Repository/IWP30/Page_CCPaymentEntry/Year' is present

25-10-2024T00:19:58 - [MESSAGE][PASSED] - All options with label '2028' are selected in object 'Object Repository/IWP30/Page_CCPaymentEntry/Year' 

25-10-2024T00:19:58 - [MESSAGE][PASSED] - Execute JavaScript '
				   document.getElementById('processDate').value = '08/09/2025'
				  ' successfully

25-10-2024T00:19:58 - [MESSAGE][PASSED] - Text '365 Main Avenue' is set on object 'Object Repository/IWP30/Page_CCPaymentEntry/AL1'

25-10-2024T00:19:59 - [MESSAGE][PASSED] - Text 'Ohio' is set on object 'Object Repository/IWP30/Page_CCPaymentEntry/AL2'

25-10-2024T00:19:59 - [MESSAGE][PASSED] - Text '22201' is set on object 'Object Repository/IWP30/Page_CCPaymentEntry/ZIP'

25-10-2024T00:20:00 - [MESSAGE][PASSED] - Object 'Object Repository/IWP30/Page_CCPaymentEntry/EmailAddress' is present

25-10-2024T00:20:00 - [MESSAGE][PASSED] - Text 'iahmed@govolution.com' is set on object 'Object Repository/IWP30/Page_CCPaymentEntry/EmailAddress'

25-10-2024T00:20:01 - [MESSAGE][PASSED] - Object 'Object Repository/IWP30/Page_CCPaymentEntry/TermCondCheckBox' is present

25-10-2024T00:20:01 - [MESSAGE][PASSED] - Object 'Object Repository/IWP30/Page_CCPaymentEntry/TermCondCheckBox' is checked

25-10-2024T00:20:01 - [MESSAGE][PASSED] - Object 'Object Repository/IWP30/Page_CCPaymentEntry/ContinueButton' is present

25-10-2024T00:20:04 - [MESSAGE][PASSED] - Object: 'Object Repository/IWP30/Page_CCPaymentEntry/ContinueButton' is clicked on

25-10-2024T00:20:04 - [MESSAGE][PASSED] - iwpPages.ccPaymentEntryPage.setDataCCPM is PASSED

25-10-2024T00:20:04 - [TEST_STEP][PASSED] - click(findTestObject("Object Repository/IWP30/Page_Confirmation/ConfirmButton")): Object: 'Object Repository/IWP30/Page_Confirmation/ConfirmButton' is clicked on

25-10-2024T00:20:05 - [MESSAGE][PASSED] - Object: 'Object Repository/IWP30/Page_Confirmation/ConfirmButton' is clicked on

25-10-2024T00:20:05 - [TEST_STEP][PASSED] - Thread.sleep(2000): null

25-10-2024T00:20:08 - [TEST_STEP][PASSED] - if (verifyTextPresent("Deferred", false)): null

25-10-2024T00:20:08 - [MESSAGE][PASSED] - Text 'Deferred' is present on page 

25-10-2024T00:20:08 - [TEST_STEP][PASSED] - click(findTestObject("Object Repository/IWP30/Page_Receipt/ViewScheduledPaymentsButton")): Object: 'Object Repository/IWP30/Page_Receipt/ViewScheduledPaymentsButton' is clicked on

25-10-2024T00:20:08 - [MESSAGE][PASSED] - Object: 'Object Repository/IWP30/Page_Receipt/ViewScheduledPaymentsButton' is clicked on

25-10-2024T00:20:08 - [TEST_STEP][PASSED] - switchToWindowTitle("View Scheduled Payments"): Switched to window with title: 'View Scheduled Payments'

25-10-2024T00:20:08 - [MESSAGE][PASSED] - Switched to window with title: 'View Scheduled Payments'

25-10-2024T00:20:08 - [TEST_STEP][PASSED] - Thread.sleep(4000): null

25-10-2024T00:20:12 - [TEST_STEP][PASSED] - if (verifyTextPresent("View Scheduled Payments", false)): null

25-10-2024T00:20:13 - [MESSAGE][PASSED] - Text 'View Scheduled Payments' is present on page 

25-10-2024T00:20:13 - [TEST_STEP][PASSED] - click(findTestObject("Object Repository/IWP30/Page_ScheduledPayments/cancel_payment")): Object: 'Object Repository/IWP30/Page_ScheduledPayments/cancel_payment' is clicked on

25-10-2024T00:20:14 - [MESSAGE][PASSED] - Object: 'Object Repository/IWP30/Page_ScheduledPayments/cancel_payment' is clicked on

25-10-2024T00:20:14 - [TEST_STEP][PASSED] - if (verifyTextPresent("Cancel Payment Plan", false)): null

25-10-2024T00:20:14 - [MESSAGE][PASSED] - Text 'Cancel Payment Plan' is present on page 

25-10-2024T00:20:14 - [TEST_STEP][PASSED] - click(findTestObject("Object Repository/IWP30/Page_PaymentPlan/btn_cancel")): Object: 'Object Repository/IWP30/Page_PaymentPlan/btn_cancel' is clicked on

25-10-2024T00:20:15 - [MESSAGE][PASSED] - Object: 'Object Repository/IWP30/Page_PaymentPlan/btn_cancel' is clicked on

25-10-2024T00:20:15 - [TEST_STEP][PASSED] - acceptAlert(): Alert accepted

25-10-2024T00:20:15 - [MESSAGE][PASSED] - Alert accepted

25-10-2024T00:20:15 - [TEST_STEP][PASSED] - if (verifyTextPresent("Your payment plan has been successfully canceled", false)): null

25-10-2024T00:20:16 - [MESSAGE][PASSED] - Text 'Your payment plan has been successfully canceled' is present on page 

25-10-2024T00:20:16 - [TEST_STEP][PASSED] - isRequiredTextPresent = true: null

25-10-2024T00:20:16 - [TEST_STEP][PASSED] - println(isRequiredTextPresent): null

25-10-2024T00:20:16 - [TEST_STEP][PASSED] - if (isRequiredTextPresent): null

25-10-2024T00:20:16 - [TEST_STEP][PASSED] - if (verifyTextPresent("CAN Label:", false)): null

25-10-2024T00:20:16 - [MESSAGE][PASSED] - Text 'CAN Label:' is present on page 

25-10-2024T00:20:16 - [TEST_STEP][PASSED] - isRequiredTextPresent = true: null

25-10-2024T00:20:16 - [TEST_STEP][PASSED] - println(isRequiredTextPresent): null

25-10-2024T00:20:16 - [TEST_STEP][PASSED] - if (isRequiredTextPresent): null

25-10-2024T00:20:16 - [TEST_STEP][PASSED] - if (verifyTextPresent("Please verify the following information:", false)): null

25-10-2024T00:20:16 - [MESSAGE][PASSED] - Text 'Please verify the following information:' is present on page 

25-10-2024T00:20:16 - [TEST_STEP][PASSED] - isRequiredTextPresent = true: null

25-10-2024T00:20:16 - [TEST_STEP][PASSED] - println(isRequiredTextPresent): null

25-10-2024T00:20:16 - [TEST_STEP][PASSED] - if (isRequiredTextPresent): null

25-10-2024T00:20:16 - [TEST_STEP][PASSED] - if (verifyTextPresent("Payment Information:", false)): null

25-10-2024T00:20:17 - [MESSAGE][PASSED] - Text 'Payment Information:' is present on page 

25-10-2024T00:20:17 - [TEST_STEP][PASSED] - isRequiredTextPresent = true: null

25-10-2024T00:20:17 - [TEST_STEP][PASSED] - println(isRequiredTextPresent): null

25-10-2024T00:20:17 - [TEST_STEP][PASSED] - if (isRequiredTextPresent): null

25-10-2024T00:20:17 - [TEST_STEP][PASSED] - if (verifyTextPresent("UDF2 Label:", false)): null

25-10-2024T00:20:17 - [MESSAGE][PASSED] - Text 'UDF2 Label:' is present on page 

25-10-2024T00:20:17 - [TEST_STEP][PASSED] - isRequiredTextPresent = true: null

25-10-2024T00:20:17 - [TEST_STEP][PASSED] - println(isRequiredTextPresent): null

25-10-2024T00:20:17 - [TEST_STEP][PASSED] - if (isRequiredTextPresent): null

25-10-2024T00:20:17 - [TEST_STEP][PASSED] - if (verifyTextPresent("UDF3 Label:", false)): null

25-10-2024T00:20:17 - [MESSAGE][PASSED] - Text 'UDF3 Label:' is present on page 

25-10-2024T00:20:17 - [TEST_STEP][PASSED] - isRequiredTextPresent = true: null

25-10-2024T00:20:17 - [TEST_STEP][PASSED] - println(isRequiredTextPresent): null

25-10-2024T00:20:17 - [TEST_STEP][PASSED] - if (isRequiredTextPresent): null

25-10-2024T00:20:17 - [TEST_STEP][PASSED] - if (verifyTextPresent("UDF4 Label:", false)): null

25-10-2024T00:20:18 - [MESSAGE][PASSED] - Text 'UDF4 Label:' is present on page 

25-10-2024T00:20:18 - [TEST_STEP][PASSED] - isRequiredTextPresent = true: null

25-10-2024T00:20:18 - [TEST_STEP][PASSED] - println(isRequiredTextPresent): null

25-10-2024T00:20:18 - [TEST_STEP][PASSED] - if (isRequiredTextPresent): null

25-10-2024T00:20:18 - [TEST_STEP][PASSED] - if (verifyTextPresent("UDF7 Label:", false)): null

25-10-2024T00:20:18 - [MESSAGE][PASSED] - Text 'UDF7 Label:' is present on page 

25-10-2024T00:20:18 - [TEST_STEP][PASSED] - isRequiredTextPresent = true: null

25-10-2024T00:20:18 - [TEST_STEP][PASSED] - println(isRequiredTextPresent): null

25-10-2024T00:20:18 - [TEST_STEP][PASSED] - if (isRequiredTextPresent): null

25-10-2024T00:20:18 - [TEST_STEP][PASSED] - if (verifyTextPresent("UDF8 Label:", false)): null

25-10-2024T00:20:18 - [MESSAGE][PASSED] - Text 'UDF8 Label:' is present on page 

25-10-2024T00:20:18 - [TEST_STEP][PASSED] - isRequiredTextPresent = true: null

25-10-2024T00:20:18 - [TEST_STEP][PASSED] - println(isRequiredTextPresent): null

25-10-2024T00:20:18 - [TEST_STEP][PASSED] - if (isRequiredTextPresent): null

25-10-2024T00:20:18 - [TEST_STEP][PASSED] - if (verifyTextPresent("UDF9 Label:", false)): null

25-10-2024T00:20:18 - [MESSAGE][PASSED] - Text 'UDF9 Label:' is present on page 

25-10-2024T00:20:18 - [TEST_STEP][PASSED] - isRequiredTextPresent = true: null

25-10-2024T00:20:18 - [TEST_STEP][PASSED] - println(isRequiredTextPresent): null

25-10-2024T00:20:18 - [TEST_STEP][PASSED] - if (isRequiredTextPresent): null

25-10-2024T00:20:18 - [TEST_STEP][PASSED] - if (verifyTextPresent("Card Information", false)): null

25-10-2024T00:20:19 - [MESSAGE][PASSED] - Text 'Card Information' is present on page 

25-10-2024T00:20:19 - [TEST_STEP][PASSED] - isRequiredTextPresent = true: null

25-10-2024T00:20:19 - [TEST_STEP][PASSED] - println(isRequiredTextPresent): null

25-10-2024T00:20:19 - [TEST_STEP][PASSED] - if (isRequiredTextPresent): null

25-10-2024T00:20:19 - [TEST_STEP][PASSED] - if (verifyTextPresent("Cardholder's Name:", false)): null

25-10-2024T00:20:19 - [MESSAGE][PASSED] - Text 'Cardholder's Name:' is present on page 

25-10-2024T00:20:19 - [TEST_STEP][PASSED] - isRequiredTextPresent = true: null

25-10-2024T00:20:19 - [TEST_STEP][PASSED] - println(isRequiredTextPresent): null

25-10-2024T00:20:19 - [TEST_STEP][PASSED] - if (isRequiredTextPresent): null

25-10-2024T00:20:19 - [TEST_STEP][PASSED] - if (verifyTextPresent("Card Type:", false)): null

25-10-2024T00:20:19 - [MESSAGE][PASSED] - Text 'Card Type:' is present on page 

25-10-2024T00:20:19 - [TEST_STEP][PASSED] - isRequiredTextPresent = true: null

25-10-2024T00:20:19 - [TEST_STEP][PASSED] - println(isRequiredTextPresent): null

25-10-2024T00:20:19 - [TEST_STEP][PASSED] - if (isRequiredTextPresent): null

25-10-2024T00:20:19 - [TEST_STEP][PASSED] - if (verifyTextPresent("Card Number:", false)): null

25-10-2024T00:20:20 - [MESSAGE][PASSED] - Text 'Card Number:' is present on page 

25-10-2024T00:20:20 - [TEST_STEP][PASSED] - isRequiredTextPresent = true: null

25-10-2024T00:20:20 - [TEST_STEP][PASSED] - println(isRequiredTextPresent): null

25-10-2024T00:20:20 - [TEST_STEP][PASSED] - if (isRequiredTextPresent): null

25-10-2024T00:20:20 - [TEST_STEP][PASSED] - if (verifyTextPresent("Card Security Code:", false)): null

25-10-2024T00:20:20 - [MESSAGE][PASSED] - Text 'Card Security Code:' is present on page 

25-10-2024T00:20:20 - [TEST_STEP][PASSED] - isRequiredTextPresent = true: null

25-10-2024T00:20:20 - [TEST_STEP][PASSED] - println(isRequiredTextPresent): null

25-10-2024T00:20:20 - [TEST_STEP][PASSED] - if (isRequiredTextPresent): null

25-10-2024T00:20:20 - [TEST_STEP][PASSED] - if (verifyTextPresent("Expiration Date:", false)): null

25-10-2024T00:20:20 - [MESSAGE][PASSED] - Text 'Expiration Date:' is present on page 

25-10-2024T00:20:20 - [TEST_STEP][PASSED] - isRequiredTextPresent = true: null

25-10-2024T00:20:20 - [TEST_STEP][PASSED] - println(isRequiredTextPresent): null

25-10-2024T00:20:20 - [TEST_STEP][PASSED] - if (isRequiredTextPresent): null

25-10-2024T00:20:20 - [TEST_STEP][PASSED] - if (verifyTextPresent("Billing Information:", false)): null

25-10-2024T00:20:20 - [MESSAGE][PASSED] - Text 'Billing Information:' is present on page 

25-10-2024T00:20:20 - [TEST_STEP][PASSED] - isRequiredTextPresent = true: null

25-10-2024T00:20:20 - [TEST_STEP][PASSED] - println(isRequiredTextPresent): null

25-10-2024T00:20:20 - [TEST_STEP][PASSED] - if (isRequiredTextPresent): null

25-10-2024T00:20:20 - [TEST_STEP][PASSED] - if (verifyTextPresent("Address Line 1:", false)): null

25-10-2024T00:20:21 - [MESSAGE][PASSED] - Text 'Address Line 1:' is present on page 

25-10-2024T00:20:21 - [TEST_STEP][PASSED] - isRequiredTextPresent = true: null

25-10-2024T00:20:21 - [TEST_STEP][PASSED] - println(isRequiredTextPresent): null

25-10-2024T00:20:21 - [TEST_STEP][PASSED] - if (isRequiredTextPresent): null

25-10-2024T00:20:21 - [TEST_STEP][PASSED] - if (verifyTextPresent("Address Line 2:", false)): null

25-10-2024T00:20:21 - [MESSAGE][PASSED] - Text 'Address Line 2:' is present on page 

25-10-2024T00:20:21 - [TEST_STEP][PASSED] - isRequiredTextPresent = true: null

25-10-2024T00:20:21 - [TEST_STEP][PASSED] - println(isRequiredTextPresent): null

25-10-2024T00:20:21 - [TEST_STEP][PASSED] - if (isRequiredTextPresent): null

25-10-2024T00:20:21 - [TEST_STEP][PASSED] - if (verifyTextPresent("Country:", false)): null

25-10-2024T00:20:21 - [MESSAGE][PASSED] - Text 'Country:' is present on page 

25-10-2024T00:20:21 - [TEST_STEP][PASSED] - isRequiredTextPresent = true: null

25-10-2024T00:20:21 - [TEST_STEP][PASSED] - println(isRequiredTextPresent): null

25-10-2024T00:20:21 - [TEST_STEP][PASSED] - if (isRequiredTextPresent): null

25-10-2024T00:20:21 - [TEST_STEP][PASSED] - if (verifyTextNotPresent("City:", false)): null

25-10-2024T00:20:21 - [MESSAGE][PASSED] - Text 'City:' is not present on page

25-10-2024T00:20:21 - [TEST_STEP][PASSED] - isRequiredTextPresent = true: null

25-10-2024T00:20:21 - [TEST_STEP][PASSED] - println(isRequiredTextPresent): null

25-10-2024T00:20:21 - [TEST_STEP][PASSED] - if (isRequiredTextPresent): null

25-10-2024T00:20:21 - [TEST_STEP][PASSED] - if (verifyTextPresent("State:", false)): null

25-10-2024T00:20:22 - [MESSAGE][PASSED] - Text 'State:' is present on page 

25-10-2024T00:20:22 - [TEST_STEP][PASSED] - isRequiredTextPresent = true: null

25-10-2024T00:20:22 - [TEST_STEP][PASSED] - println(isRequiredTextPresent): null

25-10-2024T00:20:22 - [TEST_STEP][PASSED] - if (isRequiredTextPresent): null

25-10-2024T00:20:22 - [TEST_STEP][PASSED] - if (verifyTextPresent("ZIP Code:", false)): null

25-10-2024T00:20:22 - [MESSAGE][PASSED] - Text 'ZIP Code:' is present on page 

25-10-2024T00:20:22 - [TEST_STEP][PASSED] - isRequiredTextPresent = true: null

25-10-2024T00:20:22 - [TEST_STEP][PASSED] - println(isRequiredTextPresent): null

25-10-2024T00:20:22 - [TEST_STEP][PASSED] - if (isRequiredTextPresent): null

25-10-2024T00:20:22 - [TEST_STEP][PASSED] - if (verifyTextPresent("Email Address:", false)): null

25-10-2024T00:20:22 - [MESSAGE][PASSED] - Text 'Email Address:' is present on page 

25-10-2024T00:20:22 - [TEST_STEP][PASSED] - isRequiredTextPresent = true: null

25-10-2024T00:20:22 - [TEST_STEP][PASSED] - println(isRequiredTextPresent): null

25-10-2024T00:20:22 - [TEST_STEP][PASSED] - if (isRequiredTextPresent): null

25-10-2024T00:20:22 - [TEST_STEP][PASSED] - if (verifyTextPresent("Payment Plan Information:", false)): null

25-10-2024T00:20:23 - [MESSAGE][PASSED] - Text 'Payment Plan Information:' is present on page 

25-10-2024T00:20:23 - [TEST_STEP][PASSED] - isRequiredTextPresent = true: null

25-10-2024T00:20:23 - [TEST_STEP][PASSED] - println(isRequiredTextPresent): null

25-10-2024T00:20:23 - [TEST_STEP][PASSED] - if (isRequiredTextPresent): null

25-10-2024T00:20:23 - [TEST_STEP][PASSED] - if (verifyTextPresent("Payment Plan Type:", false)): null

25-10-2024T00:20:23 - [MESSAGE][PASSED] - Text 'Payment Plan Type:' is present on page 

25-10-2024T00:20:23 - [TEST_STEP][PASSED] - isRequiredTextPresent = true: null

25-10-2024T00:20:23 - [TEST_STEP][PASSED] - println(isRequiredTextPresent): null

25-10-2024T00:20:23 - [TEST_STEP][PASSED] - if (isRequiredTextPresent): null

25-10-2024T00:20:23 - [TEST_STEP][PASSED] - if (verifyTextPresent("Payment Plan Status:", false)): null

25-10-2024T00:20:23 - [MESSAGE][PASSED] - Text 'Payment Plan Status:' is present on page 

25-10-2024T00:20:23 - [TEST_STEP][PASSED] - isRequiredTextPresent = true: null

25-10-2024T00:20:23 - [TEST_STEP][PASSED] - println(isRequiredTextPresent): null

25-10-2024T00:20:23 - [TEST_STEP][PASSED] - if (isRequiredTextPresent): null

25-10-2024T00:20:23 - [TEST_STEP][PASSED] - if (verifyTextPresent("Payment Plan ID:", false)): null

25-10-2024T00:20:23 - [MESSAGE][PASSED] - Text 'Payment Plan ID:' is present on page 

25-10-2024T00:20:23 - [TEST_STEP][PASSED] - isRequiredTextPresent = true: null

25-10-2024T00:20:23 - [TEST_STEP][PASSED] - println(isRequiredTextPresent): null

25-10-2024T00:20:23 - [TEST_STEP][PASSED] - if (isRequiredTextPresent): null

25-10-2024T00:20:23 - [TEST_STEP][PASSED] - if (verifyTextPresent("Payment Plan Start Date:", false)): null

25-10-2024T00:20:24 - [MESSAGE][PASSED] - Text 'Payment Plan Start Date:' is present on page 

25-10-2024T00:20:24 - [TEST_STEP][PASSED] - isRequiredTextPresent = true: null

25-10-2024T00:20:24 - [TEST_STEP][PASSED] - println(isRequiredTextPresent): null

25-10-2024T00:20:24 - [TEST_STEP][PASSED] - if (isRequiredTextPresent): null

25-10-2024T00:20:24 - [TEST_STEP][PASSED] - if (verifyTextPresent("Amount:", false)): null

25-10-2024T00:20:24 - [MESSAGE][PASSED] - Text 'Amount:' is present on page 

25-10-2024T00:20:24 - [TEST_STEP][PASSED] - isRequiredTextPresent = true: null

25-10-2024T00:20:24 - [TEST_STEP][PASSED] - println(isRequiredTextPresent): null

25-10-2024T00:20:24 - [TEST_STEP][PASSED] - if (isRequiredTextPresent == true): pages.WriteExcel.demoKey is PASSED

25-10-2024T00:20:24 - [TEST_STEP][PASSED] - println("All the relevant texts are present on Receipt Page"): null

25-10-2024T00:20:24 - [TEST_STEP][PASSED] - markPassed("All the relevant texts are present on Receipt Page"): All the relevant texts are present on Receipt Page

25-10-2024T00:20:24 - [MESSAGE][PASSED] - All the relevant texts are present on Receipt Page

25-10-2024T00:20:24 - [TEST_STEP][PASSED] - resText = "Pass": null

25-10-2024T00:20:24 - [TEST_STEP][PASSED] - pages.WriteExcel.demoKey(resText, datText, resColumn, datCloumn, fileLoc, nameSheet, row): pages.WriteExcel.demoKey is PASSED

25-10-2024T00:20:24 - [MESSAGE][PASSED] - pages.WriteExcel.demoKey is PASSED

25-10-2024T00:20:24 - [TEST_STEP][PASSED] - closeBrowser(): Browser is closed

25-10-2024T00:20:25 - [MESSAGE][PASSED] - Browser is closed]]></system-out>
         <system-err><![CDATA[]]></system-err>
      </testcase>
      <testcase name="Test Cases/IntegratedWeb/IWP25/Payments/VerifyCancelReceiptLabelsDeferredCorp" time="258.003" classname="Test Cases/IntegratedWeb/IWP25/Payments/VerifyCancelReceiptLabelsDeferredCorp" status="PASSED">
         <system-out><![CDATA[25-10-2024T00:20:25 - [TEST_CASE][PASSED] - Test Cases/IntegratedWeb/IWP25/Payments/VerifyCancelReceiptLabelsDeferredCorp: Test Cases/IntegratedWeb/IWP25/Payments/VerifyCancelReceiptLabelsDeferredCorp

25-10-2024T00:20:25 - [TEST_STEP][PASSED] - resText = "Fail": null

25-10-2024T00:20:25 - [TEST_STEP][PASSED] - resColumn = "Result": null

25-10-2024T00:20:25 - [TEST_STEP][PASSED] - datCloumn = "Date": null

25-10-2024T00:20:25 - [TEST_STEP][PASSED] - fileLoc = "KatalonData/IWPTestData/VRelay25PaymentsExtension.xlsx": null

25-10-2024T00:20:25 - [TEST_STEP][PASSED] - numOfRows = <not implemented yet for class: org.codehaus.groovy.ast.expr.EmptyExpression>: null

25-10-2024T00:20:25 - [TEST_STEP][PASSED] - dataFile = <not implemented yet for class: org.codehaus.groovy.ast.expr.EmptyExpression>: null

25-10-2024T00:20:25 - [TEST_STEP][PASSED] - nameSheet = <not implemented yet for class: org.codehaus.groovy.ast.expr.EmptyExpression>: null

25-10-2024T00:20:25 - [TEST_STEP][PASSED] - dataFileEmulator = <not implemented yet for class: org.codehaus.groovy.ast.expr.EmptyExpression>: null

25-10-2024T00:20:25 - [TEST_STEP][PASSED] - isRequiredTextPresent = false: null

25-10-2024T00:20:25 - [TEST_STEP][PASSED] - nameSheet = "VerifyCancelLabelDeferredCorp": null

25-10-2024T00:20:25 - [TEST_STEP][PASSED] - dataFile = getExcelDataWithDefaultSheet("KatalonData/IWPTestData/VRelay25PaymentsExtension.xlsx", nameSheet, true): null

25-10-2024T00:20:25 - [TEST_STEP][PASSED] - dataFileEmulator = "IWPTestData/EmulatorData": null

25-10-2024T00:20:25 - [TEST_STEP][PASSED] - numOfRows = dataFile.getRowNumbers(): null

25-10-2024T00:20:25 - [TEST_STEP][PASSED] - println("Number of Records: " + numOfRows): null

25-10-2024T00:20:25 - [TEST_STEP][PASSED] - for ([row = 1, row <= numOfRows, (row++)]): Browser is closed

25-10-2024T00:20:25 - [TEST_STEP][PASSED] - ExecuteTC = dataFile.getValue("Execute", row): null

25-10-2024T00:20:25 - [TEST_STEP][PASSED] - out.println("Value of Execute is : " + ExecuteTC): null

25-10-2024T00:20:25 - [TEST_STEP][PASSED] - if (ExecuteTC.equalsIgnoreCase("Y")): null

25-10-2024T00:20:25 - [TEST_STEP][PASSED] - out.println("Begin Record Number: " + row): null

25-10-2024T00:20:25 - [TEST_STEP][PASSED] - today = new java.util.Date(): null

25-10-2024T00:20:25 - [TEST_STEP][PASSED] - println(today): null

25-10-2024T00:20:25 - [TEST_STEP][PASSED] - datText = today: null

25-10-2024T00:20:25 - [TEST_STEP][PASSED] - EmulatorDataKey = dataFile.getValue("EmulatorData", row): null

25-10-2024T00:20:25 - [TEST_STEP][PASSED] - out.println("Value of Emulator Key is : " + EmulatorDataKey): null

25-10-2024T00:20:25 - [TEST_STEP][PASSED] - iwpPages.emulatorIWP30.setDataEmulator_DD(EmulatorDataKey): iwpPages.emulatorIWP30.setDataEmulator_DD is PASSED

25-10-2024T00:20:25 - [MESSAGE][INFO] - Starting 'Edge Chromium' driver

25-10-2024T00:20:25 - [MESSAGE][INFO] - User set preference: ['acceptInsecureCerts', 'true']

25-10-2024T00:20:27 - [MESSAGE][INFO] - Action delay is set to 0 milliseconds

25-10-2024T00:20:31 - [MESSAGE][PASSED] - Browser is opened with url: 'https://qa2.velocitypayment.com/agencyx/config.action?action=editor&message_version=2_5'

25-10-2024T00:20:32 - [MESSAGE][PASSED] - Current window maximized

25-10-2024T00:21:03 - [MESSAGE][INFO] - Unable to find the element located by 'By.xpath: //select[@name='message_version']'. Please recheck the objects properties to make sure the desired element is located. 

25-10-2024T00:21:03 - [MESSAGE][WARNING] - [SELF-HEALING] Failed to find element with id 'Object Repository/IWP30/Page_VRelay30Emulator/MV'. Try using Self-healing.

25-10-2024T00:21:03 - [MESSAGE][WARNING] - [SELF-HEALING] The current locator of test object 'Object Repository/IWP30/Page_VRelay30Emulator/MV' was broken. Propose an alternative one: '(.//*[normalize-space(text()) and normalize-space(.)='Message Version'])[1]/following::select[1]'.

25-10-2024T00:21:04 - [MESSAGE][PASSED] - All options with value '2.5' are selected in object 'Object Repository/IWP30/Page_VRelay30Emulator/MV'  using regular expression

25-10-2024T00:21:04 - [MESSAGE][PASSED] - Text '10.50' is set on object 'Object Repository/IWP30/Page_EmulatorAgencyX/Amount'

25-10-2024T00:21:05 - [MESSAGE][PASSED] - Text '2JPgVhm3I3hZ' is set on object 'Object Repository/IWP30/Page_EmulatorAgencyX/CAN'

25-10-2024T00:21:05 - [MESSAGE][PASSED] - Text 'PayNow' is set on object 'Object Repository/IWP30/Page_EmulatorAgencyX/Action'

25-10-2024T00:21:06 - [MESSAGE][PASSED] - Text 'en_US' is set on object 'Object Repository/IWP30/Page_EmulatorAgencyX/Lang'

25-10-2024T00:21:07 - [MESSAGE][PASSED] - Text '' is set on object 'Object Repository/IWP30/Page_EmulatorAgencyX/Fname'

25-10-2024T00:21:07 - [MESSAGE][PASSED] - Text '' is set on object 'Object Repository/IWP30/Page_EmulatorAgencyX/Lname'

25-10-2024T00:21:08 - [MESSAGE][PASSED] - Text '' is set on object 'Object Repository/IWP30/Page_EmulatorAgencyX/AL1'

25-10-2024T00:21:08 - [MESSAGE][PASSED] - Text '' is set on object 'Object Repository/IWP30/Page_EmulatorAgencyX/AL2'

25-10-2024T00:21:09 - [MESSAGE][PASSED] - Text '' is set on object 'Object Repository/IWP30/Page_EmulatorAgencyX/Country'

25-10-2024T00:21:09 - [MESSAGE][PASSED] - Text '' is set on object 'Object Repository/IWP30/Page_EmulatorAgencyX/City'

25-10-2024T00:21:10 - [MESSAGE][PASSED] - Text '' is set on object 'Object Repository/IWP30/Page_EmulatorAgencyX/State'

25-10-2024T00:21:11 - [MESSAGE][PASSED] - Text '' is set on object 'Object Repository/IWP30/Page_EmulatorAgencyX/ZIP'

25-10-2024T00:21:11 - [MESSAGE][PASSED] - Text '' is set on object 'Object Repository/IWP30/Page_EmulatorAgencyX/Order'

25-10-2024T00:21:12 - [MESSAGE][PASSED] - Text '' is set on object 'Object Repository/IWP30/Page_EmulatorAgencyX/Company'

25-10-2024T00:21:12 - [MESSAGE][PASSED] - Text '' is set on object 'Object Repository/IWP30/Page_EmulatorAgencyX/Email'

25-10-2024T00:21:13 - [MESSAGE][PASSED] - Text '' is set on object 'Object Repository/IWP30/Page_EmulatorAgencyX/UDF1'

25-10-2024T00:21:13 - [MESSAGE][PASSED] - Text '' is set on object 'Object Repository/IWP30/Page_EmulatorAgencyX/UDF2'

25-10-2024T00:21:14 - [MESSAGE][PASSED] - Text '' is set on object 'Object Repository/IWP30/Page_EmulatorAgencyX/UDF3'

25-10-2024T00:21:15 - [MESSAGE][PASSED] - Text 'udf data 4' is set on object 'Object Repository/IWP30/Page_EmulatorAgencyX/UDF4'

25-10-2024T00:21:15 - [MESSAGE][PASSED] - Text 'udf data 5' is set on object 'Object Repository/IWP30/Page_EmulatorAgencyX/UDF5'

25-10-2024T00:21:16 - [MESSAGE][PASSED] - Text '' is set on object 'Object Repository/IWP30/Page_EmulatorAgencyX/UDF6'

25-10-2024T00:21:16 - [MESSAGE][PASSED] - Text '' is set on object 'Object Repository/IWP30/Page_EmulatorAgencyX/UDF7'

25-10-2024T00:21:17 - [MESSAGE][PASSED] - Text '' is set on object 'Object Repository/IWP30/Page_EmulatorAgencyX/UDF8'

25-10-2024T00:21:17 - [MESSAGE][PASSED] - Text 'udf data 9' is set on object 'Object Repository/IWP30/Page_EmulatorAgencyX/UDF9'

25-10-2024T00:21:18 - [MESSAGE][PASSED] - Text 'udf data 10' is set on object 'Object Repository/IWP30/Page_EmulatorAgencyX/UDF10'

25-10-2024T00:21:19 - [MESSAGE][PASSED] - Object: 'Object Repository/IWP30/Page_EmulatorAgencyX/Submit' is clicked on

25-10-2024T00:21:24 - [MESSAGE][PASSED] - Browser is closed

25-10-2024T00:21:28 - [MESSAGE][PASSED] - iwpPages.emulatorIWP30.setDataEmulator_DD is PASSED

25-10-2024T00:21:28 - [TEST_STEP][PASSED] - testHarnessURL = urlTestHarness: null

25-10-2024T00:21:28 - [TEST_STEP][PASSED] - openBrowser(testHarnessURL): Browser is opened with url: 'https://dev-algorithm.govolution.com/vrelaytest/QA2/version_2_2/vrelaytest.html'

25-10-2024T00:21:28 - [MESSAGE][INFO] - Starting 'Edge Chromium' driver

25-10-2024T00:21:28 - [MESSAGE][INFO] - User set preference: ['acceptInsecureCerts', 'true']

25-10-2024T00:21:30 - [MESSAGE][INFO] - Action delay is set to 0 milliseconds

25-10-2024T00:21:33 - [MESSAGE][PASSED] - Browser is opened with url: 'https://dev-algorithm.govolution.com/vrelaytest/QA2/version_2_2/vrelaytest.html'

25-10-2024T00:21:33 - [TEST_STEP][PASSED] - maximizeWindow(): Current window maximized

25-10-2024T00:21:33 - [MESSAGE][PASSED] - Current window maximized

25-10-2024T00:21:33 - [TEST_STEP][PASSED] - iwpPages.TestHarnessPage.setDataMethodEF(row, dataFile): iwpPages.TestHarnessPage.setDataMethodEF is PASSED

25-10-2024T00:21:34 - [MESSAGE][PASSED] - Object 'Object Repository/IWP30/Page_QATestHarness/RemittanceID' is present

25-10-2024T00:21:34 - [MESSAGE][PASSED] - Text '638' is set on object 'Object Repository/IWP30/Page_QATestHarness/ApplicationID'

25-10-2024T00:21:35 - [MESSAGE][PASSED] - Text '2.5' is set on object 'Object Repository/IWP30/Page_QATestHarness/MessageVersion'

25-10-2024T00:21:36 - [MESSAGE][PASSED] - Text 'efYhcnF7DmFF' is set on object 'Object Repository/IWP30/Page_QATestHarness/RemittanceID'

25-10-2024T00:21:39 - [MESSAGE][PASSED] - Object: 'Object Repository/IWP30/Page_QATestHarness/SubmitButton' is clicked on

25-10-2024T00:21:39 - [MESSAGE][PASSED] - iwpPages.TestHarnessPage.setDataMethodEF is PASSED

25-10-2024T00:21:39 - [TEST_STEP][PASSED] - click(findTestObject("Object Repository/IWP30/Page_SelectPaymentMethod/PayByCorporateCheck")): Object: 'Object Repository/IWP30/Page_SelectPaymentMethod/PayByCorporateCheck' is clicked on

25-10-2024T00:21:40 - [MESSAGE][PASSED] - Object: 'Object Repository/IWP30/Page_SelectPaymentMethod/PayByCorporateCheck' is clicked on

25-10-2024T00:21:40 - [TEST_STEP][PASSED] - click(findTestObject("Object Repository/IWP30/Page_SelectPaymentMethod/MakePaymentButton")): Object: 'Object Repository/IWP30/Page_SelectPaymentMethod/MakePaymentButton' is clicked on

25-10-2024T00:21:43 - [MESSAGE][PASSED] - Object: 'Object Repository/IWP30/Page_SelectPaymentMethod/MakePaymentButton' is clicked on

25-10-2024T00:21:43 - [TEST_STEP][PASSED] - iwpPages.achCorporatePaymentEntryPage.setDataCorporate(row, dataFile): iwpPages.achCorporatePaymentEntryPage.setDataCorporate is PASSED

25-10-2024T00:21:43 - [MESSAGE][PASSED] - Object 'Object Repository/IWP30/Page_ACHCorporatePaymentEntry/txt_accountNumber' is present

25-10-2024T00:21:43 - [MESSAGE][PASSED] - Object 'Object Repository/IWP30/Page_ACHCorporatePaymentEntry/input_CompanyName' is present

25-10-2024T00:21:44 - [MESSAGE][PASSED] - Text 'My Company' is set on object 'Object Repository/IWP30/Page_ACHCorporatePaymentEntry/input_CompanyName'

25-10-2024T00:21:44 - [MESSAGE][PASSED] - Object 'Object Repository/IWP30/Page_ACHCorporatePaymentEntry/input_EIN' is present

25-10-2024T00:21:45 - [MESSAGE][PASSED] - Text '123456789' is set on object 'Object Repository/IWP30/Page_ACHCorporatePaymentEntry/input_EIN'

25-10-2024T00:21:46 - [MESSAGE][PASSED] - Text '10.50' is set on object 'Object Repository/IWP30/Page_ACHCorporatePaymentEntry/txt_Amount'

25-10-2024T00:21:46 - [MESSAGE][PASSED] - Text 'udf data 2' is set on object 'Object Repository/IWP30/Page_ACHCorporatePaymentEntry/txt_UDF2'

25-10-2024T00:21:47 - [MESSAGE][PASSED] - Text 'udf data 3' is set on object 'Object Repository/IWP30/Page_ACHCorporatePaymentEntry/txt_UDF3'

25-10-2024T00:21:47 - [MESSAGE][PASSED] - All options with label 'Orange' are selected in object 'Object Repository/IWP30/Page_ACHCorporatePaymentEntry/dd_UDF7' 

25-10-2024T00:21:48 - [MESSAGE][PASSED] - All options with label 'Soccer' are selected in object 'Object Repository/IWP30/Page_ACHCorporatePaymentEntry/dd_UDF8' 

25-10-2024T00:21:48 - [MESSAGE][PASSED] - Object 'Object Repository/IWP30/Page_ACHCorporatePaymentEntry/txt_routingNumber' is present

25-10-2024T00:21:49 - [MESSAGE][PASSED] - Text '256072691' is set on object 'Object Repository/IWP30/Page_ACHCorporatePaymentEntry/txt_routingNumber'

25-10-2024T00:21:49 - [MESSAGE][PASSED] - Object 'Object Repository/IWP30/Page_ACHCorporatePaymentEntry/txt_accountNumber' is present

25-10-2024T00:21:50 - [MESSAGE][PASSED] - Text '12344444' is set on object 'Object Repository/IWP30/Page_ACHCorporatePaymentEntry/txt_accountNumber'

25-10-2024T00:21:51 - [MESSAGE][PASSED] - Object 'Object Repository/IWP30/Page_ACHCorporatePaymentEntry/txt_confirmAccountNumber' is present

25-10-2024T00:21:51 - [MESSAGE][PASSED] - Text '12344444' is set on object 'Object Repository/IWP30/Page_ACHCorporatePaymentEntry/txt_confirmAccountNumber'

25-10-2024T00:21:51 - [MESSAGE][PASSED] - Execute JavaScript '
				   document.getElementById('processDate').value = '08/09/2025'
				  ' successfully

25-10-2024T00:21:52 - [MESSAGE][PASSED] - Text '365 Main Avenue' is set on object 'Object Repository/IWP30/Page_ACHCorporatePaymentEntry/txt_AL1'

25-10-2024T00:21:53 - [MESSAGE][PASSED] - Text 'Ohio' is set on object 'Object Repository/IWP30/Page_ACHCorporatePaymentEntry/txt_AL2'

25-10-2024T00:21:53 - [MESSAGE][PASSED] - Text '22201' is set on object 'Object Repository/IWP30/Page_ACHCorporatePaymentEntry/txt_ZIP'

25-10-2024T00:21:54 - [MESSAGE][PASSED] - Object 'Object Repository/IWP30/Page_ACHCorporatePaymentEntry/txt_Email' is present

25-10-2024T00:21:55 - [MESSAGE][PASSED] - Text 'iahmed@govolution.com' is set on object 'Object Repository/IWP30/Page_ACHCorporatePaymentEntry/txt_Email'

25-10-2024T00:21:55 - [MESSAGE][PASSED] - Object 'Object Repository/IWP30/Page_ACHCorporatePaymentEntry/cb_TermsAndCond' is present

25-10-2024T00:21:56 - [MESSAGE][PASSED] - Object: 'Object Repository/IWP30/Page_ACHCorporatePaymentEntry/cb_TermsAndCond' is clicked on

25-10-2024T00:21:56 - [MESSAGE][PASSED] - Object 'Object Repository/IWP30/Page_ACHCorporatePaymentEntry/btn_Continue' is present

25-10-2024T00:21:57 - [MESSAGE][PASSED] - Object: 'Object Repository/IWP30/Page_ACHCorporatePaymentEntry/btn_Continue' is clicked on

25-10-2024T00:21:57 - [MESSAGE][PASSED] - iwpPages.achCorporatePaymentEntryPage.setDataCorporate is PASSED

25-10-2024T00:21:57 - [TEST_STEP][PASSED] - click(findTestObject("Object Repository/IWP30/Page_Confirmation/ConfirmButton")): Object: 'Object Repository/IWP30/Page_Confirmation/ConfirmButton' is clicked on

25-10-2024T00:22:00 - [MESSAGE][PASSED] - Object: 'Object Repository/IWP30/Page_Confirmation/ConfirmButton' is clicked on

25-10-2024T00:22:00 - [TEST_STEP][PASSED] - Thread.sleep(2000): null

25-10-2024T00:22:02 - [TEST_STEP][PASSED] - if (verifyTextPresent("Deferred", false)): null

25-10-2024T00:22:02 - [MESSAGE][PASSED] - Text 'Deferred' is present on page 

25-10-2024T00:22:02 - [TEST_STEP][PASSED] - click(findTestObject("Object Repository/IWP30/Page_Receipt/ViewScheduledPaymentsButton")): Object: 'Object Repository/IWP30/Page_Receipt/ViewScheduledPaymentsButton' is clicked on

25-10-2024T00:22:02 - [MESSAGE][PASSED] - Object: 'Object Repository/IWP30/Page_Receipt/ViewScheduledPaymentsButton' is clicked on

25-10-2024T00:22:02 - [TEST_STEP][PASSED] - switchToWindowTitle("View Scheduled Payments"): Switched to window with title: 'View Scheduled Payments'

25-10-2024T00:22:03 - [MESSAGE][PASSED] - Switched to window with title: 'View Scheduled Payments'

25-10-2024T00:22:03 - [TEST_STEP][PASSED] - Thread.sleep(4000): null

25-10-2024T00:22:07 - [TEST_STEP][PASSED] - if (verifyTextPresent("View Scheduled Payments", false)): null

25-10-2024T00:22:07 - [MESSAGE][PASSED] - Text 'View Scheduled Payments' is present on page 

25-10-2024T00:22:07 - [TEST_STEP][PASSED] - click(findTestObject("Object Repository/IWP30/Page_ScheduledPayments/cancel_payment")): Object: 'Object Repository/IWP30/Page_ScheduledPayments/cancel_payment' is clicked on

25-10-2024T00:22:08 - [MESSAGE][PASSED] - Object: 'Object Repository/IWP30/Page_ScheduledPayments/cancel_payment' is clicked on

25-10-2024T00:22:08 - [TEST_STEP][PASSED] - if (verifyTextPresent("Cancel Payment Plan", false)): null

25-10-2024T00:22:09 - [MESSAGE][PASSED] - Text 'Cancel Payment Plan' is present on page 

25-10-2024T00:22:09 - [TEST_STEP][PASSED] - click(findTestObject("Object Repository/IWP30/Page_PaymentPlan/btn_cancel")): Object: 'Object Repository/IWP30/Page_PaymentPlan/btn_cancel' is clicked on

25-10-2024T00:22:09 - [MESSAGE][PASSED] - Object: 'Object Repository/IWP30/Page_PaymentPlan/btn_cancel' is clicked on

25-10-2024T00:22:09 - [TEST_STEP][PASSED] - acceptAlert(): Alert accepted

25-10-2024T00:22:09 - [MESSAGE][PASSED] - Alert accepted

25-10-2024T00:22:09 - [TEST_STEP][PASSED] - if (verifyTextPresent("Your payment plan has been successfully canceled", false)): null

25-10-2024T00:22:10 - [MESSAGE][PASSED] - Text 'Your payment plan has been successfully canceled' is present on page 

25-10-2024T00:22:10 - [TEST_STEP][PASSED] - isRequiredTextPresent = true: null

25-10-2024T00:22:10 - [TEST_STEP][PASSED] - println(isRequiredTextPresent): null

25-10-2024T00:22:10 - [TEST_STEP][PASSED] - if (isRequiredTextPresent): null

25-10-2024T00:22:10 - [TEST_STEP][PASSED] - if (verifyTextPresent("CAN Label:", false)): null

25-10-2024T00:22:11 - [MESSAGE][PASSED] - Text 'CAN Label:' is present on page 

25-10-2024T00:22:11 - [TEST_STEP][PASSED] - isRequiredTextPresent = true: null

25-10-2024T00:22:11 - [TEST_STEP][PASSED] - println(isRequiredTextPresent): null

25-10-2024T00:22:11 - [TEST_STEP][PASSED] - if (isRequiredTextPresent): null

25-10-2024T00:22:11 - [TEST_STEP][PASSED] - if (verifyTextPresent("Please verify the following information:", false)): null

25-10-2024T00:22:11 - [MESSAGE][PASSED] - Text 'Please verify the following information:' is present on page 

25-10-2024T00:22:11 - [TEST_STEP][PASSED] - isRequiredTextPresent = true: null

25-10-2024T00:22:11 - [TEST_STEP][PASSED] - println(isRequiredTextPresent): null

25-10-2024T00:22:11 - [TEST_STEP][PASSED] - if (isRequiredTextPresent): null

25-10-2024T00:22:11 - [TEST_STEP][PASSED] - if (verifyTextPresent("Payment Information:", false)): null

25-10-2024T00:22:11 - [MESSAGE][PASSED] - Text 'Payment Information:' is present on page 

25-10-2024T00:22:11 - [TEST_STEP][PASSED] - isRequiredTextPresent = true: null

25-10-2024T00:22:11 - [TEST_STEP][PASSED] - println(isRequiredTextPresent): null

25-10-2024T00:22:11 - [TEST_STEP][PASSED] - if (isRequiredTextPresent): null

25-10-2024T00:22:11 - [TEST_STEP][PASSED] - if (verifyTextPresent("UDF2 Label:", false)): null

25-10-2024T00:22:11 - [MESSAGE][PASSED] - Text 'UDF2 Label:' is present on page 

25-10-2024T00:22:11 - [TEST_STEP][PASSED] - isRequiredTextPresent = true: null

25-10-2024T00:22:11 - [TEST_STEP][PASSED] - println(isRequiredTextPresent): null

25-10-2024T00:22:11 - [TEST_STEP][PASSED] - if (isRequiredTextPresent): null

25-10-2024T00:22:11 - [TEST_STEP][PASSED] - if (verifyTextPresent("UDF3 Label:", false)): null

25-10-2024T00:22:12 - [MESSAGE][PASSED] - Text 'UDF3 Label:' is present on page 

25-10-2024T00:22:12 - [TEST_STEP][PASSED] - isRequiredTextPresent = true: null

25-10-2024T00:22:12 - [TEST_STEP][PASSED] - println(isRequiredTextPresent): null

25-10-2024T00:22:12 - [TEST_STEP][PASSED] - if (isRequiredTextPresent): null

25-10-2024T00:22:12 - [TEST_STEP][PASSED] - if (verifyTextPresent("UDF4 Label:", false)): null

25-10-2024T00:22:12 - [MESSAGE][PASSED] - Text 'UDF4 Label:' is present on page 

25-10-2024T00:22:12 - [TEST_STEP][PASSED] - isRequiredTextPresent = true: null

25-10-2024T00:22:12 - [TEST_STEP][PASSED] - println(isRequiredTextPresent): null

25-10-2024T00:22:12 - [TEST_STEP][PASSED] - if (isRequiredTextPresent): null

25-10-2024T00:22:12 - [TEST_STEP][PASSED] - if (verifyTextPresent("UDF7 Label:", false)): null

25-10-2024T00:22:12 - [MESSAGE][PASSED] - Text 'UDF7 Label:' is present on page 

25-10-2024T00:22:12 - [TEST_STEP][PASSED] - isRequiredTextPresent = true: null

25-10-2024T00:22:12 - [TEST_STEP][PASSED] - println(isRequiredTextPresent): null

25-10-2024T00:22:12 - [TEST_STEP][PASSED] - if (isRequiredTextPresent): null

25-10-2024T00:22:12 - [TEST_STEP][PASSED] - if (verifyTextPresent("UDF8 Label:", false)): null

25-10-2024T00:22:12 - [MESSAGE][PASSED] - Text 'UDF8 Label:' is present on page 

25-10-2024T00:22:12 - [TEST_STEP][PASSED] - isRequiredTextPresent = true: null

25-10-2024T00:22:12 - [TEST_STEP][PASSED] - println(isRequiredTextPresent): null

25-10-2024T00:22:12 - [TEST_STEP][PASSED] - if (isRequiredTextPresent): null

25-10-2024T00:22:13 - [TEST_STEP][PASSED] - if (verifyTextPresent("UDF9 Label:", false)): null

25-10-2024T00:22:13 - [MESSAGE][PASSED] - Text 'UDF9 Label:' is present on page 

25-10-2024T00:22:13 - [TEST_STEP][PASSED] - isRequiredTextPresent = true: null

25-10-2024T00:22:13 - [TEST_STEP][PASSED] - println(isRequiredTextPresent): null

25-10-2024T00:22:13 - [TEST_STEP][PASSED] - if (isRequiredTextPresent): null

25-10-2024T00:22:13 - [TEST_STEP][PASSED] - if (verifyTextPresent("Account Information", false)): null

25-10-2024T00:22:13 - [MESSAGE][PASSED] - Text 'Account Information' is present on page 

25-10-2024T00:22:13 - [TEST_STEP][PASSED] - isRequiredTextPresent = true: null

25-10-2024T00:22:13 - [TEST_STEP][PASSED] - println(isRequiredTextPresent): null

25-10-2024T00:22:13 - [TEST_STEP][PASSED] - if (isRequiredTextPresent): null

25-10-2024T00:22:13 - [TEST_STEP][PASSED] - if (verifyTextPresent("Routing Transit Number:", false)): null

25-10-2024T00:22:13 - [MESSAGE][PASSED] - Text 'Routing Transit Number:' is present on page 

25-10-2024T00:22:13 - [TEST_STEP][PASSED] - isRequiredTextPresent = true: null

25-10-2024T00:22:13 - [TEST_STEP][PASSED] - println(isRequiredTextPresent): null

25-10-2024T00:22:13 - [TEST_STEP][PASSED] - if (isRequiredTextPresent): null

25-10-2024T00:22:13 - [TEST_STEP][PASSED] - if (verifyTextPresent("Account Number:", false)): null

25-10-2024T00:22:14 - [MESSAGE][PASSED] - Text 'Account Number:' is present on page 

25-10-2024T00:22:14 - [TEST_STEP][PASSED] - isRequiredTextPresent = true: null

25-10-2024T00:22:14 - [TEST_STEP][PASSED] - println(isRequiredTextPresent): null

25-10-2024T00:22:14 - [TEST_STEP][PASSED] - if (isRequiredTextPresent): null

25-10-2024T00:22:14 - [TEST_STEP][PASSED] - if (verifyTextPresent("Company Name:", false)): null

25-10-2024T00:22:14 - [MESSAGE][PASSED] - Text 'Company Name:' is present on page 

25-10-2024T00:22:14 - [TEST_STEP][PASSED] - isRequiredTextPresent = true: null

25-10-2024T00:22:14 - [TEST_STEP][PASSED] - println(isRequiredTextPresent): null

25-10-2024T00:22:14 - [TEST_STEP][PASSED] - if (isRequiredTextPresent): null

25-10-2024T00:22:14 - [TEST_STEP][PASSED] - if (verifyTextPresent("Employer Identification Number (EIN):", false)): null

25-10-2024T00:22:14 - [MESSAGE][PASSED] - Text 'Employer Identification Number (EIN):' is present on page 

25-10-2024T00:22:14 - [TEST_STEP][PASSED] - isRequiredTextPresent = true: null

25-10-2024T00:22:14 - [TEST_STEP][PASSED] - println(isRequiredTextPresent): null

25-10-2024T00:22:14 - [TEST_STEP][PASSED] - if (isRequiredTextPresent): null

25-10-2024T00:22:14 - [TEST_STEP][PASSED] - if (verifyTextPresent("Type of Account:", false)): null

25-10-2024T00:22:14 - [MESSAGE][PASSED] - Text 'Type of Account:' is present on page 

25-10-2024T00:22:14 - [TEST_STEP][PASSED] - isRequiredTextPresent = true: null

25-10-2024T00:22:14 - [TEST_STEP][PASSED] - println(isRequiredTextPresent): null

25-10-2024T00:22:14 - [TEST_STEP][PASSED] - if (isRequiredTextPresent): null

25-10-2024T00:22:14 - [TEST_STEP][PASSED] - if (verifyTextPresent("Address Line 1:", false)): null

25-10-2024T00:22:15 - [MESSAGE][PASSED] - Text 'Address Line 1:' is present on page 

25-10-2024T00:22:15 - [TEST_STEP][PASSED] - isRequiredTextPresent = true: null

25-10-2024T00:22:15 - [TEST_STEP][PASSED] - println(isRequiredTextPresent): null

25-10-2024T00:22:15 - [TEST_STEP][PASSED] - if (isRequiredTextPresent): null

25-10-2024T00:22:15 - [TEST_STEP][PASSED] - if (verifyTextPresent("Address Line 2:", false)): null

25-10-2024T00:22:15 - [MESSAGE][PASSED] - Text 'Address Line 2:' is present on page 

25-10-2024T00:22:15 - [TEST_STEP][PASSED] - isRequiredTextPresent = true: null

25-10-2024T00:22:15 - [TEST_STEP][PASSED] - println(isRequiredTextPresent): null

25-10-2024T00:22:15 - [TEST_STEP][PASSED] - if (isRequiredTextPresent): null

25-10-2024T00:22:15 - [TEST_STEP][PASSED] - if (verifyTextPresent("Country:", false)): null

25-10-2024T00:22:15 - [MESSAGE][PASSED] - Text 'Country:' is present on page 

25-10-2024T00:22:15 - [TEST_STEP][PASSED] - isRequiredTextPresent = true: null

25-10-2024T00:22:15 - [TEST_STEP][PASSED] - println(isRequiredTextPresent): null

25-10-2024T00:22:15 - [TEST_STEP][PASSED] - if (isRequiredTextPresent): null

25-10-2024T00:22:15 - [TEST_STEP][PASSED] - if (verifyTextPresent("City:", false)): null

25-10-2024T00:22:15 - [MESSAGE][PASSED] - Text 'City:' is present on page 

25-10-2024T00:22:15 - [TEST_STEP][PASSED] - isRequiredTextPresent = true: null

25-10-2024T00:22:15 - [TEST_STEP][PASSED] - println(isRequiredTextPresent): null

25-10-2024T00:22:15 - [TEST_STEP][PASSED] - if (isRequiredTextPresent): null

25-10-2024T00:22:15 - [TEST_STEP][PASSED] - if (verifyTextPresent("State:", false)): null

25-10-2024T00:22:16 - [MESSAGE][PASSED] - Text 'State:' is present on page 

25-10-2024T00:22:16 - [TEST_STEP][PASSED] - isRequiredTextPresent = true: null

25-10-2024T00:22:16 - [TEST_STEP][PASSED] - println(isRequiredTextPresent): null

25-10-2024T00:22:16 - [TEST_STEP][PASSED] - if (isRequiredTextPresent): null

25-10-2024T00:22:16 - [TEST_STEP][PASSED] - if (verifyTextPresent("ZIP Code:", false)): null

25-10-2024T00:22:16 - [MESSAGE][PASSED] - Text 'ZIP Code:' is present on page 

25-10-2024T00:22:16 - [TEST_STEP][PASSED] - isRequiredTextPresent = true: null

25-10-2024T00:22:16 - [TEST_STEP][PASSED] - println(isRequiredTextPresent): null

25-10-2024T00:22:16 - [TEST_STEP][PASSED] - if (isRequiredTextPresent): null

25-10-2024T00:22:16 - [TEST_STEP][PASSED] - if (verifyTextPresent("Email Address:", false)): null

25-10-2024T00:22:16 - [MESSAGE][PASSED] - Text 'Email Address:' is present on page 

25-10-2024T00:22:16 - [TEST_STEP][PASSED] - isRequiredTextPresent = true: null

25-10-2024T00:22:16 - [TEST_STEP][PASSED] - println(isRequiredTextPresent): null

25-10-2024T00:22:16 - [TEST_STEP][PASSED] - if (isRequiredTextPresent): null

25-10-2024T00:22:16 - [TEST_STEP][PASSED] - if (verifyTextPresent("Payment Plan Information:", false)): null

25-10-2024T00:22:17 - [MESSAGE][PASSED] - Text 'Payment Plan Information:' is present on page 

25-10-2024T00:22:17 - [TEST_STEP][PASSED] - isRequiredTextPresent = true: null

25-10-2024T00:22:17 - [TEST_STEP][PASSED] - println(isRequiredTextPresent): null

25-10-2024T00:22:17 - [TEST_STEP][PASSED] - if (isRequiredTextPresent): null

25-10-2024T00:22:17 - [TEST_STEP][PASSED] - if (verifyTextPresent("Payment Plan Type:", false)): null

25-10-2024T00:22:17 - [MESSAGE][PASSED] - Text 'Payment Plan Type:' is present on page 

25-10-2024T00:22:17 - [TEST_STEP][PASSED] - isRequiredTextPresent = true: null

25-10-2024T00:22:17 - [TEST_STEP][PASSED] - println(isRequiredTextPresent): null

25-10-2024T00:22:17 - [TEST_STEP][PASSED] - if (isRequiredTextPresent): null

25-10-2024T00:22:17 - [TEST_STEP][PASSED] - if (verifyTextPresent("Payment Plan Status:", false)): null

25-10-2024T00:22:17 - [MESSAGE][PASSED] - Text 'Payment Plan Status:' is present on page 

25-10-2024T00:22:17 - [TEST_STEP][PASSED] - isRequiredTextPresent = true: null

25-10-2024T00:22:17 - [TEST_STEP][PASSED] - println(isRequiredTextPresent): null

25-10-2024T00:22:17 - [TEST_STEP][PASSED] - if (isRequiredTextPresent): null

25-10-2024T00:22:17 - [TEST_STEP][PASSED] - if (verifyTextPresent("Payment Plan ID:", false)): null

25-10-2024T00:22:17 - [MESSAGE][PASSED] - Text 'Payment Plan ID:' is present on page 

25-10-2024T00:22:17 - [TEST_STEP][PASSED] - isRequiredTextPresent = true: null

25-10-2024T00:22:17 - [TEST_STEP][PASSED] - println(isRequiredTextPresent): null

25-10-2024T00:22:17 - [TEST_STEP][PASSED] - if (isRequiredTextPresent): null

25-10-2024T00:22:17 - [TEST_STEP][PASSED] - if (verifyTextPresent("Payment Plan Start Date:", false)): null

25-10-2024T00:22:18 - [MESSAGE][PASSED] - Text 'Payment Plan Start Date:' is present on page 

25-10-2024T00:22:18 - [TEST_STEP][PASSED] - isRequiredTextPresent = true: null

25-10-2024T00:22:18 - [TEST_STEP][PASSED] - println(isRequiredTextPresent): null

25-10-2024T00:22:18 - [TEST_STEP][PASSED] - if (isRequiredTextPresent): null

25-10-2024T00:22:18 - [TEST_STEP][PASSED] - if (verifyTextPresent("Amount:", false)): null

25-10-2024T00:22:18 - [MESSAGE][PASSED] - Text 'Amount:' is present on page 

25-10-2024T00:22:18 - [TEST_STEP][PASSED] - isRequiredTextPresent = true: null

25-10-2024T00:22:18 - [TEST_STEP][PASSED] - println(isRequiredTextPresent): null

25-10-2024T00:22:18 - [TEST_STEP][PASSED] - if (isRequiredTextPresent == true): pages.WriteExcel.demoKey is PASSED

25-10-2024T00:22:18 - [TEST_STEP][PASSED] - println("All the relevant texts are present on Receipt Page"): null

25-10-2024T00:22:18 - [TEST_STEP][PASSED] - markPassed("All the relevant texts are present on Receipt Page"): All the relevant texts are present on Receipt Page

25-10-2024T00:22:18 - [MESSAGE][PASSED] - All the relevant texts are present on Receipt Page

25-10-2024T00:22:18 - [TEST_STEP][PASSED] - resText = "Pass": null

25-10-2024T00:22:18 - [TEST_STEP][PASSED] - pages.WriteExcel.demoKey(resText, datText, resColumn, datCloumn, fileLoc, nameSheet, row): pages.WriteExcel.demoKey is PASSED

25-10-2024T00:22:18 - [MESSAGE][PASSED] - pages.WriteExcel.demoKey is PASSED

25-10-2024T00:22:18 - [TEST_STEP][PASSED] - closeBrowser(): Browser is closed

25-10-2024T00:22:19 - [MESSAGE][PASSED] - Browser is closed

25-10-2024T00:22:19 - [TEST_STEP][PASSED] - ExecuteTC = dataFile.getValue("Execute", row): null

25-10-2024T00:22:19 - [TEST_STEP][PASSED] - out.println("Value of Execute is : " + ExecuteTC): null

25-10-2024T00:22:19 - [TEST_STEP][PASSED] - if (ExecuteTC.equalsIgnoreCase("Y")): null

25-10-2024T00:22:19 - [TEST_STEP][PASSED] - out.println("Begin Record Number: " + row): null

25-10-2024T00:22:19 - [TEST_STEP][PASSED] - today = new java.util.Date(): null

25-10-2024T00:22:19 - [TEST_STEP][PASSED] - println(today): null

25-10-2024T00:22:19 - [TEST_STEP][PASSED] - datText = today: null

25-10-2024T00:22:19 - [TEST_STEP][PASSED] - EmulatorDataKey = dataFile.getValue("EmulatorData", row): null

25-10-2024T00:22:19 - [TEST_STEP][PASSED] - out.println("Value of Emulator Key is : " + EmulatorDataKey): null

25-10-2024T00:22:19 - [TEST_STEP][PASSED] - iwpPages.emulatorIWP30.setDataEmulator_DD(EmulatorDataKey): iwpPages.emulatorIWP30.setDataEmulator_DD is PASSED

25-10-2024T00:22:19 - [MESSAGE][INFO] - Starting 'Edge Chromium' driver

25-10-2024T00:22:19 - [MESSAGE][INFO] - User set preference: ['acceptInsecureCerts', 'true']

25-10-2024T00:22:21 - [MESSAGE][INFO] - Action delay is set to 0 milliseconds

25-10-2024T00:22:25 - [MESSAGE][PASSED] - Browser is opened with url: 'https://qa2.velocitypayment.com/agencyx/config.action?action=editor&message_version=3_0'

25-10-2024T00:22:25 - [MESSAGE][PASSED] - Current window maximized

25-10-2024T00:22:56 - [MESSAGE][INFO] - Unable to find the element located by 'By.xpath: //select[@name='message_version']'. Please recheck the objects properties to make sure the desired element is located. 

25-10-2024T00:22:56 - [MESSAGE][WARNING] - [SELF-HEALING] Failed to find element with id 'Object Repository/IWP30/Page_VRelay30Emulator/MV'. Try using Self-healing.

25-10-2024T00:22:56 - [MESSAGE][WARNING] - [SELF-HEALING] The current locator of test object 'Object Repository/IWP30/Page_VRelay30Emulator/MV' was broken. Propose an alternative one: '(.//*[normalize-space(text()) and normalize-space(.)='Message Version'])[1]/following::select[1]'.

25-10-2024T00:22:57 - [MESSAGE][PASSED] - All options with value '3.0' are selected in object 'Object Repository/IWP30/Page_VRelay30Emulator/MV'  using regular expression

25-10-2024T00:22:58 - [MESSAGE][PASSED] - Text '10.50' is set on object 'Object Repository/IWP30/Page_EmulatorAgencyX/Amount'

25-10-2024T00:22:58 - [MESSAGE][PASSED] - Text 'A7RLNGQ8SPWu' is set on object 'Object Repository/IWP30/Page_EmulatorAgencyX/CAN'

25-10-2024T00:22:59 - [MESSAGE][PASSED] - Text 'PayNow' is set on object 'Object Repository/IWP30/Page_EmulatorAgencyX/Action'

25-10-2024T00:22:59 - [MESSAGE][PASSED] - Text 'en_US' is set on object 'Object Repository/IWP30/Page_EmulatorAgencyX/Lang'

25-10-2024T00:23:00 - [MESSAGE][PASSED] - Text '' is set on object 'Object Repository/IWP30/Page_EmulatorAgencyX/Fname'

25-10-2024T00:23:01 - [MESSAGE][PASSED] - Text '' is set on object 'Object Repository/IWP30/Page_EmulatorAgencyX/Lname'

25-10-2024T00:23:01 - [MESSAGE][PASSED] - Text '' is set on object 'Object Repository/IWP30/Page_EmulatorAgencyX/AL1'

25-10-2024T00:23:02 - [MESSAGE][PASSED] - Text '' is set on object 'Object Repository/IWP30/Page_EmulatorAgencyX/AL2'

25-10-2024T00:23:02 - [MESSAGE][PASSED] - Text '' is set on object 'Object Repository/IWP30/Page_EmulatorAgencyX/Country'

25-10-2024T00:23:03 - [MESSAGE][PASSED] - Text '' is set on object 'Object Repository/IWP30/Page_EmulatorAgencyX/City'

25-10-2024T00:23:04 - [MESSAGE][PASSED] - Text '' is set on object 'Object Repository/IWP30/Page_EmulatorAgencyX/State'

25-10-2024T00:23:04 - [MESSAGE][PASSED] - Text '' is set on object 'Object Repository/IWP30/Page_EmulatorAgencyX/ZIP'

25-10-2024T00:23:05 - [MESSAGE][PASSED] - Text '' is set on object 'Object Repository/IWP30/Page_EmulatorAgencyX/Order'

25-10-2024T00:23:05 - [MESSAGE][PASSED] - Text '' is set on object 'Object Repository/IWP30/Page_EmulatorAgencyX/Company'

25-10-2024T00:23:06 - [MESSAGE][PASSED] - Text '' is set on object 'Object Repository/IWP30/Page_EmulatorAgencyX/Email'

25-10-2024T00:23:07 - [MESSAGE][PASSED] - Text '' is set on object 'Object Repository/IWP30/Page_EmulatorAgencyX/UDF1'

25-10-2024T00:23:07 - [MESSAGE][PASSED] - Text '' is set on object 'Object Repository/IWP30/Page_EmulatorAgencyX/UDF2'

25-10-2024T00:23:08 - [MESSAGE][PASSED] - Text '' is set on object 'Object Repository/IWP30/Page_EmulatorAgencyX/UDF3'

25-10-2024T00:23:08 - [MESSAGE][PASSED] - Text 'udf data 4' is set on object 'Object Repository/IWP30/Page_EmulatorAgencyX/UDF4'

25-10-2024T00:23:09 - [MESSAGE][PASSED] - Text 'udf data 5' is set on object 'Object Repository/IWP30/Page_EmulatorAgencyX/UDF5'

25-10-2024T00:23:09 - [MESSAGE][PASSED] - Text '' is set on object 'Object Repository/IWP30/Page_EmulatorAgencyX/UDF6'

25-10-2024T00:23:10 - [MESSAGE][PASSED] - Text '' is set on object 'Object Repository/IWP30/Page_EmulatorAgencyX/UDF7'

25-10-2024T00:23:11 - [MESSAGE][PASSED] - Text '' is set on object 'Object Repository/IWP30/Page_EmulatorAgencyX/UDF8'

25-10-2024T00:23:11 - [MESSAGE][PASSED] - Text 'udf data 9' is set on object 'Object Repository/IWP30/Page_EmulatorAgencyX/UDF9'

25-10-2024T00:23:12 - [MESSAGE][PASSED] - Text 'udf data 10' is set on object 'Object Repository/IWP30/Page_EmulatorAgencyX/UDF10'

25-10-2024T00:23:13 - [MESSAGE][PASSED] - Object: 'Object Repository/IWP30/Page_EmulatorAgencyX/Submit' is clicked on

25-10-2024T00:23:18 - [MESSAGE][PASSED] - Browser is closed

25-10-2024T00:23:22 - [MESSAGE][PASSED] - iwpPages.emulatorIWP30.setDataEmulator_DD is PASSED

25-10-2024T00:23:22 - [TEST_STEP][PASSED] - testHarnessURL = urlTestHarness: null

25-10-2024T00:23:22 - [TEST_STEP][PASSED] - openBrowser(testHarnessURL): Browser is opened with url: 'https://dev-algorithm.govolution.com/vrelaytest/QA2/version_2_2/vrelaytest.html'

25-10-2024T00:23:22 - [MESSAGE][INFO] - Starting 'Edge Chromium' driver

25-10-2024T00:23:22 - [MESSAGE][INFO] - User set preference: ['acceptInsecureCerts', 'true']

25-10-2024T00:23:24 - [MESSAGE][INFO] - Action delay is set to 0 milliseconds

25-10-2024T00:23:27 - [MESSAGE][PASSED] - Browser is opened with url: 'https://dev-algorithm.govolution.com/vrelaytest/QA2/version_2_2/vrelaytest.html'

25-10-2024T00:23:27 - [TEST_STEP][PASSED] - maximizeWindow(): Current window maximized

25-10-2024T00:23:28 - [MESSAGE][PASSED] - Current window maximized

25-10-2024T00:23:28 - [TEST_STEP][PASSED] - iwpPages.TestHarnessPage.setDataMethodEF(row, dataFile): iwpPages.TestHarnessPage.setDataMethodEF is PASSED

25-10-2024T00:23:28 - [MESSAGE][PASSED] - Object 'Object Repository/IWP30/Page_QATestHarness/RemittanceID' is present

25-10-2024T00:23:28 - [MESSAGE][PASSED] - Text '649' is set on object 'Object Repository/IWP30/Page_QATestHarness/ApplicationID'

25-10-2024T00:23:29 - [MESSAGE][PASSED] - Text '3.0' is set on object 'Object Repository/IWP30/Page_QATestHarness/MessageVersion'

25-10-2024T00:23:30 - [MESSAGE][PASSED] - Text 'DiQY0HA7Q5Lc' is set on object 'Object Repository/IWP30/Page_QATestHarness/RemittanceID'

25-10-2024T00:23:34 - [MESSAGE][PASSED] - Object: 'Object Repository/IWP30/Page_QATestHarness/SubmitButton' is clicked on

25-10-2024T00:23:34 - [MESSAGE][PASSED] - iwpPages.TestHarnessPage.setDataMethodEF is PASSED

25-10-2024T00:23:34 - [TEST_STEP][PASSED] - click(findTestObject("Object Repository/IWP30/Page_SelectPaymentMethod/PayByCorporateCheck")): Object: 'Object Repository/IWP30/Page_SelectPaymentMethod/PayByCorporateCheck' is clicked on

25-10-2024T00:23:35 - [MESSAGE][PASSED] - Object: 'Object Repository/IWP30/Page_SelectPaymentMethod/PayByCorporateCheck' is clicked on

25-10-2024T00:23:35 - [TEST_STEP][PASSED] - click(findTestObject("Object Repository/IWP30/Page_SelectPaymentMethod/MakePaymentButton")): Object: 'Object Repository/IWP30/Page_SelectPaymentMethod/MakePaymentButton' is clicked on

25-10-2024T00:23:37 - [MESSAGE][PASSED] - Object: 'Object Repository/IWP30/Page_SelectPaymentMethod/MakePaymentButton' is clicked on

25-10-2024T00:23:37 - [TEST_STEP][PASSED] - iwpPages.achCorporatePaymentEntryPage.setDataCorporate(row, dataFile): iwpPages.achCorporatePaymentEntryPage.setDataCorporate is PASSED

25-10-2024T00:23:37 - [MESSAGE][PASSED] - Object 'Object Repository/IWP30/Page_ACHCorporatePaymentEntry/txt_accountNumber' is present

25-10-2024T00:23:38 - [MESSAGE][PASSED] - Object 'Object Repository/IWP30/Page_ACHCorporatePaymentEntry/input_CompanyName' is present

25-10-2024T00:23:38 - [MESSAGE][PASSED] - Text 'My Company' is set on object 'Object Repository/IWP30/Page_ACHCorporatePaymentEntry/input_CompanyName'

25-10-2024T00:23:39 - [MESSAGE][PASSED] - Object 'Object Repository/IWP30/Page_ACHCorporatePaymentEntry/input_EIN' is present

25-10-2024T00:23:39 - [MESSAGE][PASSED] - Text '123456789' is set on object 'Object Repository/IWP30/Page_ACHCorporatePaymentEntry/input_EIN'

25-10-2024T00:23:40 - [MESSAGE][PASSED] - Text '10.50' is set on object 'Object Repository/IWP30/Page_ACHCorporatePaymentEntry/txt_Amount'

25-10-2024T00:23:40 - [MESSAGE][PASSED] - Text 'udf data 2' is set on object 'Object Repository/IWP30/Page_ACHCorporatePaymentEntry/txt_UDF2'

25-10-2024T00:23:41 - [MESSAGE][PASSED] - Text 'udf data 3' is set on object 'Object Repository/IWP30/Page_ACHCorporatePaymentEntry/txt_UDF3'

25-10-2024T00:23:42 - [MESSAGE][PASSED] - All options with label 'Orange' are selected in object 'Object Repository/IWP30/Page_ACHCorporatePaymentEntry/dd_UDF7' 

25-10-2024T00:23:42 - [MESSAGE][PASSED] - All options with label 'Soccer' are selected in object 'Object Repository/IWP30/Page_ACHCorporatePaymentEntry/dd_UDF8' 

25-10-2024T00:23:42 - [MESSAGE][PASSED] - Object 'Object Repository/IWP30/Page_ACHCorporatePaymentEntry/txt_routingNumber' is present

25-10-2024T00:23:43 - [MESSAGE][PASSED] - Text '256072691' is set on object 'Object Repository/IWP30/Page_ACHCorporatePaymentEntry/txt_routingNumber'

25-10-2024T00:23:43 - [MESSAGE][PASSED] - Object 'Object Repository/IWP30/Page_ACHCorporatePaymentEntry/txt_accountNumber' is present

25-10-2024T00:23:44 - [MESSAGE][PASSED] - Text '12344444' is set on object 'Object Repository/IWP30/Page_ACHCorporatePaymentEntry/txt_accountNumber'

25-10-2024T00:23:45 - [MESSAGE][PASSED] - Object 'Object Repository/IWP30/Page_ACHCorporatePaymentEntry/txt_confirmAccountNumber' is present

25-10-2024T00:23:45 - [MESSAGE][PASSED] - Text '12344444' is set on object 'Object Repository/IWP30/Page_ACHCorporatePaymentEntry/txt_confirmAccountNumber'

25-10-2024T00:23:45 - [MESSAGE][PASSED] - Execute JavaScript '
				   document.getElementById('processDate').value = '08/09/2025'
				  ' successfully

25-10-2024T00:23:46 - [MESSAGE][PASSED] - Text '365 Main Avenue' is set on object 'Object Repository/IWP30/Page_ACHCorporatePaymentEntry/txt_AL1'

25-10-2024T00:23:47 - [MESSAGE][PASSED] - Text 'Ohio' is set on object 'Object Repository/IWP30/Page_ACHCorporatePaymentEntry/txt_AL2'

25-10-2024T00:23:47 - [MESSAGE][PASSED] - Text '22201' is set on object 'Object Repository/IWP30/Page_ACHCorporatePaymentEntry/txt_ZIP'

25-10-2024T00:23:47 - [MESSAGE][PASSED] - Object 'Object Repository/IWP30/Page_ACHCorporatePaymentEntry/txt_Email' is present

25-10-2024T00:23:49 - [MESSAGE][PASSED] - Text 'iahmed@govolution.com' is set on object 'Object Repository/IWP30/Page_ACHCorporatePaymentEntry/txt_Email'

25-10-2024T00:23:49 - [MESSAGE][PASSED] - Object 'Object Repository/IWP30/Page_ACHCorporatePaymentEntry/cb_TermsAndCond' is present

25-10-2024T00:23:49 - [MESSAGE][PASSED] - Object: 'Object Repository/IWP30/Page_ACHCorporatePaymentEntry/cb_TermsAndCond' is clicked on

25-10-2024T00:23:49 - [MESSAGE][PASSED] - Object 'Object Repository/IWP30/Page_ACHCorporatePaymentEntry/btn_Continue' is present

25-10-2024T00:23:51 - [MESSAGE][PASSED] - Object: 'Object Repository/IWP30/Page_ACHCorporatePaymentEntry/btn_Continue' is clicked on

25-10-2024T00:23:51 - [MESSAGE][PASSED] - iwpPages.achCorporatePaymentEntryPage.setDataCorporate is PASSED

25-10-2024T00:23:51 - [TEST_STEP][PASSED] - click(findTestObject("Object Repository/IWP30/Page_Confirmation/ConfirmButton")): Object: 'Object Repository/IWP30/Page_Confirmation/ConfirmButton' is clicked on

25-10-2024T00:24:22 - [MESSAGE][INFO] - Unable to find the element located by 'By.xpath: //*[@type = 'submit' and @name = 'confirmNotifyAction' and @id = 'submitYes' and @value = 'Confirm']'. Please recheck the objects properties to make sure the desired element is located. 

25-10-2024T00:24:22 - [MESSAGE][WARNING] - [SELF-HEALING] Failed to find element with id 'Object Repository/IWP30/Page_Confirmation/ConfirmButton'. Try using Self-healing.

25-10-2024T00:24:22 - [MESSAGE][WARNING] - [SELF-HEALING] The current locator of test object 'Object Repository/IWP30/Page_Confirmation/ConfirmButton' was broken. Propose an alternative one: '//div/input'.

25-10-2024T00:24:24 - [MESSAGE][PASSED] - Object: 'Object Repository/IWP30/Page_Confirmation/ConfirmButton' is clicked on

25-10-2024T00:24:24 - [TEST_STEP][PASSED] - Thread.sleep(2000): null

25-10-2024T00:24:26 - [TEST_STEP][PASSED] - if (verifyTextPresent("Deferred", false)): null

25-10-2024T00:24:26 - [MESSAGE][PASSED] - Text 'Deferred' is present on page 

25-10-2024T00:24:26 - [TEST_STEP][PASSED] - click(findTestObject("Object Repository/IWP30/Page_Receipt/ViewScheduledPaymentsButton")): Object: 'Object Repository/IWP30/Page_Receipt/ViewScheduledPaymentsButton' is clicked on

25-10-2024T00:24:27 - [MESSAGE][PASSED] - Object: 'Object Repository/IWP30/Page_Receipt/ViewScheduledPaymentsButton' is clicked on

25-10-2024T00:24:27 - [TEST_STEP][PASSED] - switchToWindowTitle("View Scheduled Payments"): Switched to window with title: 'View Scheduled Payments'

25-10-2024T00:24:27 - [MESSAGE][PASSED] - Switched to window with title: 'View Scheduled Payments'

25-10-2024T00:24:27 - [TEST_STEP][PASSED] - Thread.sleep(4000): null

25-10-2024T00:24:31 - [TEST_STEP][PASSED] - if (verifyTextPresent("View Scheduled Payments", false)): null

25-10-2024T00:24:31 - [MESSAGE][PASSED] - Text 'View Scheduled Payments' is present on page 

25-10-2024T00:24:31 - [TEST_STEP][PASSED] - click(findTestObject("Object Repository/IWP30/Page_ScheduledPayments/cancel_payment")): Object: 'Object Repository/IWP30/Page_ScheduledPayments/cancel_payment' is clicked on

25-10-2024T00:24:32 - [MESSAGE][PASSED] - Object: 'Object Repository/IWP30/Page_ScheduledPayments/cancel_payment' is clicked on

25-10-2024T00:24:32 - [TEST_STEP][PASSED] - if (verifyTextPresent("Cancel Payment Plan", false)): null

25-10-2024T00:24:33 - [MESSAGE][PASSED] - Text 'Cancel Payment Plan' is present on page 

25-10-2024T00:24:33 - [TEST_STEP][PASSED] - click(findTestObject("Object Repository/IWP30/Page_PaymentPlan/btn_cancel")): Object: 'Object Repository/IWP30/Page_PaymentPlan/btn_cancel' is clicked on

25-10-2024T00:24:33 - [MESSAGE][PASSED] - Object: 'Object Repository/IWP30/Page_PaymentPlan/btn_cancel' is clicked on

25-10-2024T00:24:33 - [TEST_STEP][PASSED] - acceptAlert(): Alert accepted

25-10-2024T00:24:33 - [MESSAGE][PASSED] - Alert accepted

25-10-2024T00:24:33 - [TEST_STEP][PASSED] - if (verifyTextPresent("Your payment plan has been successfully canceled", false)): null

25-10-2024T00:24:34 - [MESSAGE][PASSED] - Text 'Your payment plan has been successfully canceled' is present on page 

25-10-2024T00:24:34 - [TEST_STEP][PASSED] - isRequiredTextPresent = true: null

25-10-2024T00:24:34 - [TEST_STEP][PASSED] - println(isRequiredTextPresent): null

25-10-2024T00:24:34 - [TEST_STEP][PASSED] - if (isRequiredTextPresent): null

25-10-2024T00:24:34 - [TEST_STEP][PASSED] - if (verifyTextPresent("CAN Label:", false)): null

25-10-2024T00:24:35 - [MESSAGE][PASSED] - Text 'CAN Label:' is present on page 

25-10-2024T00:24:35 - [TEST_STEP][PASSED] - isRequiredTextPresent = true: null

25-10-2024T00:24:35 - [TEST_STEP][PASSED] - println(isRequiredTextPresent): null

25-10-2024T00:24:35 - [TEST_STEP][PASSED] - if (isRequiredTextPresent): null

25-10-2024T00:24:35 - [TEST_STEP][PASSED] - if (verifyTextPresent("Please verify the following information:", false)): null

25-10-2024T00:24:35 - [MESSAGE][PASSED] - Text 'Please verify the following information:' is present on page 

25-10-2024T00:24:35 - [TEST_STEP][PASSED] - isRequiredTextPresent = true: null

25-10-2024T00:24:35 - [TEST_STEP][PASSED] - println(isRequiredTextPresent): null

25-10-2024T00:24:35 - [TEST_STEP][PASSED] - if (isRequiredTextPresent): null

25-10-2024T00:24:35 - [TEST_STEP][PASSED] - if (verifyTextPresent("Payment Information:", false)): null

25-10-2024T00:24:35 - [MESSAGE][PASSED] - Text 'Payment Information:' is present on page 

25-10-2024T00:24:35 - [TEST_STEP][PASSED] - isRequiredTextPresent = true: null

25-10-2024T00:24:35 - [TEST_STEP][PASSED] - println(isRequiredTextPresent): null

25-10-2024T00:24:35 - [TEST_STEP][PASSED] - if (isRequiredTextPresent): null

25-10-2024T00:24:35 - [TEST_STEP][PASSED] - if (verifyTextPresent("UDF2 Label:", false)): null

25-10-2024T00:24:35 - [MESSAGE][PASSED] - Text 'UDF2 Label:' is present on page 

25-10-2024T00:24:35 - [TEST_STEP][PASSED] - isRequiredTextPresent = true: null

25-10-2024T00:24:35 - [TEST_STEP][PASSED] - println(isRequiredTextPresent): null

25-10-2024T00:24:35 - [TEST_STEP][PASSED] - if (isRequiredTextPresent): null

25-10-2024T00:24:35 - [TEST_STEP][PASSED] - if (verifyTextPresent("UDF3 Label:", false)): null

25-10-2024T00:24:36 - [MESSAGE][PASSED] - Text 'UDF3 Label:' is present on page 

25-10-2024T00:24:36 - [TEST_STEP][PASSED] - isRequiredTextPresent = true: null

25-10-2024T00:24:36 - [TEST_STEP][PASSED] - println(isRequiredTextPresent): null

25-10-2024T00:24:36 - [TEST_STEP][PASSED] - if (isRequiredTextPresent): null

25-10-2024T00:24:36 - [TEST_STEP][PASSED] - if (verifyTextPresent("UDF4 Label:", false)): null

25-10-2024T00:24:36 - [MESSAGE][PASSED] - Text 'UDF4 Label:' is present on page 

25-10-2024T00:24:36 - [TEST_STEP][PASSED] - isRequiredTextPresent = true: null

25-10-2024T00:24:36 - [TEST_STEP][PASSED] - println(isRequiredTextPresent): null

25-10-2024T00:24:36 - [TEST_STEP][PASSED] - if (isRequiredTextPresent): null

25-10-2024T00:24:36 - [TEST_STEP][PASSED] - if (verifyTextPresent("UDF7 Label:", false)): null

25-10-2024T00:24:36 - [MESSAGE][PASSED] - Text 'UDF7 Label:' is present on page 

25-10-2024T00:24:36 - [TEST_STEP][PASSED] - isRequiredTextPresent = true: null

25-10-2024T00:24:36 - [TEST_STEP][PASSED] - println(isRequiredTextPresent): null

25-10-2024T00:24:36 - [TEST_STEP][PASSED] - if (isRequiredTextPresent): null

25-10-2024T00:24:36 - [TEST_STEP][PASSED] - if (verifyTextPresent("UDF8 Label:", false)): null

25-10-2024T00:24:37 - [MESSAGE][PASSED] - Text 'UDF8 Label:' is present on page 

25-10-2024T00:24:37 - [TEST_STEP][PASSED] - isRequiredTextPresent = true: null

25-10-2024T00:24:37 - [TEST_STEP][PASSED] - println(isRequiredTextPresent): null

25-10-2024T00:24:37 - [TEST_STEP][PASSED] - if (isRequiredTextPresent): null

25-10-2024T00:24:37 - [TEST_STEP][PASSED] - if (verifyTextPresent("UDF9 Label:", false)): null

25-10-2024T00:24:37 - [MESSAGE][PASSED] - Text 'UDF9 Label:' is present on page 

25-10-2024T00:24:37 - [TEST_STEP][PASSED] - isRequiredTextPresent = true: null

25-10-2024T00:24:37 - [TEST_STEP][PASSED] - println(isRequiredTextPresent): null

25-10-2024T00:24:37 - [TEST_STEP][PASSED] - if (isRequiredTextPresent): null

25-10-2024T00:24:37 - [TEST_STEP][PASSED] - if (verifyTextPresent("Account Information", false)): null

25-10-2024T00:24:37 - [MESSAGE][PASSED] - Text 'Account Information' is present on page 

25-10-2024T00:24:37 - [TEST_STEP][PASSED] - isRequiredTextPresent = true: null

25-10-2024T00:24:37 - [TEST_STEP][PASSED] - println(isRequiredTextPresent): null

25-10-2024T00:24:37 - [TEST_STEP][PASSED] - if (isRequiredTextPresent): null

25-10-2024T00:24:37 - [TEST_STEP][PASSED] - if (verifyTextPresent("Routing Transit Number:", false)): null

25-10-2024T00:24:37 - [MESSAGE][PASSED] - Text 'Routing Transit Number:' is present on page 

25-10-2024T00:24:37 - [TEST_STEP][PASSED] - isRequiredTextPresent = true: null

25-10-2024T00:24:37 - [TEST_STEP][PASSED] - println(isRequiredTextPresent): null

25-10-2024T00:24:37 - [TEST_STEP][PASSED] - if (isRequiredTextPresent): null

25-10-2024T00:24:37 - [TEST_STEP][PASSED] - if (verifyTextPresent("Account Number:", false)): null

25-10-2024T00:24:38 - [MESSAGE][PASSED] - Text 'Account Number:' is present on page 

25-10-2024T00:24:38 - [TEST_STEP][PASSED] - isRequiredTextPresent = true: null

25-10-2024T00:24:38 - [TEST_STEP][PASSED] - println(isRequiredTextPresent): null

25-10-2024T00:24:38 - [TEST_STEP][PASSED] - if (isRequiredTextPresent): null

25-10-2024T00:24:38 - [TEST_STEP][PASSED] - if (verifyTextPresent("Company Name:", false)): null

25-10-2024T00:24:38 - [MESSAGE][PASSED] - Text 'Company Name:' is present on page 

25-10-2024T00:24:38 - [TEST_STEP][PASSED] - isRequiredTextPresent = true: null

25-10-2024T00:24:38 - [TEST_STEP][PASSED] - println(isRequiredTextPresent): null

25-10-2024T00:24:38 - [TEST_STEP][PASSED] - if (isRequiredTextPresent): null

25-10-2024T00:24:38 - [TEST_STEP][PASSED] - if (verifyTextPresent("Employer Identification Number (EIN):", false)): null

25-10-2024T00:24:38 - [MESSAGE][PASSED] - Text 'Employer Identification Number (EIN):' is present on page 

25-10-2024T00:24:38 - [TEST_STEP][PASSED] - isRequiredTextPresent = true: null

25-10-2024T00:24:38 - [TEST_STEP][PASSED] - println(isRequiredTextPresent): null

25-10-2024T00:24:38 - [TEST_STEP][PASSED] - if (isRequiredTextPresent): null

25-10-2024T00:24:38 - [TEST_STEP][PASSED] - if (verifyTextPresent("Type of Account:", false)): null

25-10-2024T00:24:38 - [MESSAGE][PASSED] - Text 'Type of Account:' is present on page 

25-10-2024T00:24:38 - [TEST_STEP][PASSED] - isRequiredTextPresent = true: null

25-10-2024T00:24:38 - [TEST_STEP][PASSED] - println(isRequiredTextPresent): null

25-10-2024T00:24:38 - [TEST_STEP][PASSED] - if (isRequiredTextPresent): null

25-10-2024T00:24:38 - [TEST_STEP][PASSED] - if (verifyTextPresent("Address Line 1:", false)): null

25-10-2024T00:24:39 - [MESSAGE][PASSED] - Text 'Address Line 1:' is present on page 

25-10-2024T00:24:39 - [TEST_STEP][PASSED] - isRequiredTextPresent = true: null

25-10-2024T00:24:39 - [TEST_STEP][PASSED] - println(isRequiredTextPresent): null

25-10-2024T00:24:39 - [TEST_STEP][PASSED] - if (isRequiredTextPresent): null

25-10-2024T00:24:39 - [TEST_STEP][PASSED] - if (verifyTextPresent("Address Line 2:", false)): null

25-10-2024T00:24:39 - [MESSAGE][PASSED] - Text 'Address Line 2:' is present on page 

25-10-2024T00:24:39 - [TEST_STEP][PASSED] - isRequiredTextPresent = true: null

25-10-2024T00:24:39 - [TEST_STEP][PASSED] - println(isRequiredTextPresent): null

25-10-2024T00:24:39 - [TEST_STEP][PASSED] - if (isRequiredTextPresent): null

25-10-2024T00:24:39 - [TEST_STEP][PASSED] - if (verifyTextPresent("Country:", false)): null

25-10-2024T00:24:39 - [MESSAGE][PASSED] - Text 'Country:' is present on page 

25-10-2024T00:24:39 - [TEST_STEP][PASSED] - isRequiredTextPresent = true: null

25-10-2024T00:24:39 - [TEST_STEP][PASSED] - println(isRequiredTextPresent): null

25-10-2024T00:24:39 - [TEST_STEP][PASSED] - if (isRequiredTextPresent): null

25-10-2024T00:24:39 - [TEST_STEP][PASSED] - if (verifyTextPresent("City:", false)): null

25-10-2024T00:24:40 - [MESSAGE][PASSED] - Text 'City:' is present on page 

25-10-2024T00:24:40 - [TEST_STEP][PASSED] - isRequiredTextPresent = true: null

25-10-2024T00:24:40 - [TEST_STEP][PASSED] - println(isRequiredTextPresent): null

25-10-2024T00:24:40 - [TEST_STEP][PASSED] - if (isRequiredTextPresent): null

25-10-2024T00:24:40 - [TEST_STEP][PASSED] - if (verifyTextPresent("State:", false)): null

25-10-2024T00:24:40 - [MESSAGE][PASSED] - Text 'State:' is present on page 

25-10-2024T00:24:40 - [TEST_STEP][PASSED] - isRequiredTextPresent = true: null

25-10-2024T00:24:40 - [TEST_STEP][PASSED] - println(isRequiredTextPresent): null

25-10-2024T00:24:40 - [TEST_STEP][PASSED] - if (isRequiredTextPresent): null

25-10-2024T00:24:40 - [TEST_STEP][PASSED] - if (verifyTextPresent("ZIP Code:", false)): null

25-10-2024T00:24:40 - [MESSAGE][PASSED] - Text 'ZIP Code:' is present on page 

25-10-2024T00:24:40 - [TEST_STEP][PASSED] - isRequiredTextPresent = true: null

25-10-2024T00:24:40 - [TEST_STEP][PASSED] - println(isRequiredTextPresent): null

25-10-2024T00:24:40 - [TEST_STEP][PASSED] - if (isRequiredTextPresent): null

25-10-2024T00:24:40 - [TEST_STEP][PASSED] - if (verifyTextPresent("Email Address:", false)): null

25-10-2024T00:24:40 - [MESSAGE][PASSED] - Text 'Email Address:' is present on page 

25-10-2024T00:24:40 - [TEST_STEP][PASSED] - isRequiredTextPresent = true: null

25-10-2024T00:24:40 - [TEST_STEP][PASSED] - println(isRequiredTextPresent): null

25-10-2024T00:24:40 - [TEST_STEP][PASSED] - if (isRequiredTextPresent): null

25-10-2024T00:24:40 - [TEST_STEP][PASSED] - if (verifyTextPresent("Payment Plan Information:", false)): null

25-10-2024T00:24:41 - [MESSAGE][PASSED] - Text 'Payment Plan Information:' is present on page 

25-10-2024T00:24:41 - [TEST_STEP][PASSED] - isRequiredTextPresent = true: null

25-10-2024T00:24:41 - [TEST_STEP][PASSED] - println(isRequiredTextPresent): null

25-10-2024T00:24:41 - [TEST_STEP][PASSED] - if (isRequiredTextPresent): null

25-10-2024T00:24:41 - [TEST_STEP][PASSED] - if (verifyTextPresent("Payment Plan Type:", false)): null

25-10-2024T00:24:41 - [MESSAGE][PASSED] - Text 'Payment Plan Type:' is present on page 

25-10-2024T00:24:41 - [TEST_STEP][PASSED] - isRequiredTextPresent = true: null

25-10-2024T00:24:41 - [TEST_STEP][PASSED] - println(isRequiredTextPresent): null

25-10-2024T00:24:41 - [TEST_STEP][PASSED] - if (isRequiredTextPresent): null

25-10-2024T00:24:41 - [TEST_STEP][PASSED] - if (verifyTextPresent("Payment Plan Status:", false)): null

25-10-2024T00:24:41 - [MESSAGE][PASSED] - Text 'Payment Plan Status:' is present on page 

25-10-2024T00:24:41 - [TEST_STEP][PASSED] - isRequiredTextPresent = true: null

25-10-2024T00:24:41 - [TEST_STEP][PASSED] - println(isRequiredTextPresent): null

25-10-2024T00:24:41 - [TEST_STEP][PASSED] - if (isRequiredTextPresent): null

25-10-2024T00:24:41 - [TEST_STEP][PASSED] - if (verifyTextPresent("Payment Plan ID:", false)): null

25-10-2024T00:24:41 - [MESSAGE][PASSED] - Text 'Payment Plan ID:' is present on page 

25-10-2024T00:24:41 - [TEST_STEP][PASSED] - isRequiredTextPresent = true: null

25-10-2024T00:24:41 - [TEST_STEP][PASSED] - println(isRequiredTextPresent): null

25-10-2024T00:24:41 - [TEST_STEP][PASSED] - if (isRequiredTextPresent): null

25-10-2024T00:24:41 - [TEST_STEP][PASSED] - if (verifyTextPresent("Payment Plan Start Date:", false)): null

25-10-2024T00:24:42 - [MESSAGE][PASSED] - Text 'Payment Plan Start Date:' is present on page 

25-10-2024T00:24:42 - [TEST_STEP][PASSED] - isRequiredTextPresent = true: null

25-10-2024T00:24:42 - [TEST_STEP][PASSED] - println(isRequiredTextPresent): null

25-10-2024T00:24:42 - [TEST_STEP][PASSED] - if (isRequiredTextPresent): null

25-10-2024T00:24:42 - [TEST_STEP][PASSED] - if (verifyTextPresent("Amount:", false)): null

25-10-2024T00:24:42 - [MESSAGE][PASSED] - Text 'Amount:' is present on page 

25-10-2024T00:24:42 - [TEST_STEP][PASSED] - isRequiredTextPresent = true: null

25-10-2024T00:24:42 - [TEST_STEP][PASSED] - println(isRequiredTextPresent): null

25-10-2024T00:24:42 - [TEST_STEP][PASSED] - if (isRequiredTextPresent == true): pages.WriteExcel.demoKey is PASSED

25-10-2024T00:24:42 - [TEST_STEP][PASSED] - println("All the relevant texts are present on Receipt Page"): null

25-10-2024T00:24:42 - [TEST_STEP][PASSED] - markPassed("All the relevant texts are present on Receipt Page"): All the relevant texts are present on Receipt Page

25-10-2024T00:24:42 - [MESSAGE][PASSED] - All the relevant texts are present on Receipt Page

25-10-2024T00:24:42 - [TEST_STEP][PASSED] - resText = "Pass": null

25-10-2024T00:24:42 - [TEST_STEP][PASSED] - pages.WriteExcel.demoKey(resText, datText, resColumn, datCloumn, fileLoc, nameSheet, row): pages.WriteExcel.demoKey is PASSED

25-10-2024T00:24:42 - [MESSAGE][PASSED] - pages.WriteExcel.demoKey is PASSED

25-10-2024T00:24:42 - [TEST_STEP][PASSED] - closeBrowser(): Browser is closed

25-10-2024T00:24:43 - [MESSAGE][PASSED] - Browser is closed]]></system-out>
         <system-err><![CDATA[]]></system-err>
      </testcase>
      <testcase name="Test Cases/IntegratedWeb/IWP25/Payments/VerifyCancelReceiptLabelsDeferredPC" time="257.572" classname="Test Cases/IntegratedWeb/IWP25/Payments/VerifyCancelReceiptLabelsDeferredPC" status="PASSED">
         <system-out><![CDATA[25-10-2024T00:24:43 - [TEST_CASE][PASSED] - Test Cases/IntegratedWeb/IWP25/Payments/VerifyCancelReceiptLabelsDeferredPC: Test Cases/IntegratedWeb/IWP25/Payments/VerifyCancelReceiptLabelsDeferredPC

25-10-2024T00:24:43 - [TEST_STEP][PASSED] - resText = "Fail": null

25-10-2024T00:24:43 - [TEST_STEP][PASSED] - resColumn = "Result": null

25-10-2024T00:24:43 - [TEST_STEP][PASSED] - datCloumn = "Date": null

25-10-2024T00:24:43 - [TEST_STEP][PASSED] - fileLoc = "KatalonData/IWPTestData/VRelay25PaymentsExtension.xlsx": null

25-10-2024T00:24:43 - [TEST_STEP][PASSED] - numOfRows = <not implemented yet for class: org.codehaus.groovy.ast.expr.EmptyExpression>: null

25-10-2024T00:24:43 - [TEST_STEP][PASSED] - dataFile = <not implemented yet for class: org.codehaus.groovy.ast.expr.EmptyExpression>: null

25-10-2024T00:24:43 - [TEST_STEP][PASSED] - nameSheet = <not implemented yet for class: org.codehaus.groovy.ast.expr.EmptyExpression>: null

25-10-2024T00:24:43 - [TEST_STEP][PASSED] - dataFileEmulator = <not implemented yet for class: org.codehaus.groovy.ast.expr.EmptyExpression>: null

25-10-2024T00:24:43 - [TEST_STEP][PASSED] - isRequiredTextPresent = false: null

25-10-2024T00:24:43 - [TEST_STEP][PASSED] - nameSheet = "VerifyCancelLabelDeferredPC": null

25-10-2024T00:24:43 - [TEST_STEP][PASSED] - dataFile = getExcelDataWithDefaultSheet("KatalonData/IWPTestData/VRelay25PaymentsExtension.xlsx", nameSheet, true): null

25-10-2024T00:24:43 - [TEST_STEP][PASSED] - dataFileEmulator = "IWPTestData/EmulatorData": null

25-10-2024T00:24:43 - [TEST_STEP][PASSED] - numOfRows = dataFile.getRowNumbers(): null

25-10-2024T00:24:43 - [TEST_STEP][PASSED] - println("Number of Records: " + numOfRows): null

25-10-2024T00:24:43 - [TEST_STEP][PASSED] - for ([row = 1, row <= numOfRows, (row++)]): Browser is closed

25-10-2024T00:24:43 - [TEST_STEP][PASSED] - ExecuteTC = dataFile.getValue("Execute", row): null

25-10-2024T00:24:43 - [TEST_STEP][PASSED] - out.println("Value of Execute is : " + ExecuteTC): null

25-10-2024T00:24:43 - [TEST_STEP][PASSED] - if (ExecuteTC.equalsIgnoreCase("Y")): null

25-10-2024T00:24:43 - [TEST_STEP][PASSED] - out.println("Begin Record Number: " + row): null

25-10-2024T00:24:43 - [TEST_STEP][PASSED] - today = new java.util.Date(): null

25-10-2024T00:24:43 - [TEST_STEP][PASSED] - println(today): null

25-10-2024T00:24:43 - [TEST_STEP][PASSED] - datText = today: null

25-10-2024T00:24:43 - [TEST_STEP][PASSED] - EmulatorDataKey = dataFile.getValue("EmulatorData", row): null

25-10-2024T00:24:43 - [TEST_STEP][PASSED] - out.println("Value of Emulator Key is : " + EmulatorDataKey): null

25-10-2024T00:24:43 - [TEST_STEP][PASSED] - iwpPages.emulatorIWP30.setDataEmulator_DD(EmulatorDataKey): iwpPages.emulatorIWP30.setDataEmulator_DD is PASSED

25-10-2024T00:24:44 - [MESSAGE][INFO] - Starting 'Edge Chromium' driver

25-10-2024T00:24:44 - [MESSAGE][INFO] - User set preference: ['acceptInsecureCerts', 'true']

25-10-2024T00:24:46 - [MESSAGE][INFO] - Action delay is set to 0 milliseconds

25-10-2024T00:24:49 - [MESSAGE][PASSED] - Browser is opened with url: 'https://qa2.velocitypayment.com/agencyx/config.action?action=editor&message_version=2_5'

25-10-2024T00:24:50 - [MESSAGE][PASSED] - Current window maximized

25-10-2024T00:25:21 - [MESSAGE][INFO] - Unable to find the element located by 'By.xpath: //select[@name='message_version']'. Please recheck the objects properties to make sure the desired element is located. 

25-10-2024T00:25:21 - [MESSAGE][WARNING] - [SELF-HEALING] Failed to find element with id 'Object Repository/IWP30/Page_VRelay30Emulator/MV'. Try using Self-healing.

25-10-2024T00:25:21 - [MESSAGE][WARNING] - [SELF-HEALING] The current locator of test object 'Object Repository/IWP30/Page_VRelay30Emulator/MV' was broken. Propose an alternative one: '(.//*[normalize-space(text()) and normalize-space(.)='Message Version'])[1]/following::select[1]'.

25-10-2024T00:25:22 - [MESSAGE][PASSED] - All options with value '2.5' are selected in object 'Object Repository/IWP30/Page_VRelay30Emulator/MV'  using regular expression

25-10-2024T00:25:22 - [MESSAGE][PASSED] - Text '10.50' is set on object 'Object Repository/IWP30/Page_EmulatorAgencyX/Amount'

25-10-2024T00:25:23 - [MESSAGE][PASSED] - Text 'lFvHz2kaJNcV' is set on object 'Object Repository/IWP30/Page_EmulatorAgencyX/CAN'

25-10-2024T00:25:24 - [MESSAGE][PASSED] - Text 'PayNow' is set on object 'Object Repository/IWP30/Page_EmulatorAgencyX/Action'

25-10-2024T00:25:24 - [MESSAGE][PASSED] - Text 'en_US' is set on object 'Object Repository/IWP30/Page_EmulatorAgencyX/Lang'

25-10-2024T00:25:25 - [MESSAGE][PASSED] - Text '' is set on object 'Object Repository/IWP30/Page_EmulatorAgencyX/Fname'

25-10-2024T00:25:25 - [MESSAGE][PASSED] - Text '' is set on object 'Object Repository/IWP30/Page_EmulatorAgencyX/Lname'

25-10-2024T00:25:26 - [MESSAGE][PASSED] - Text '' is set on object 'Object Repository/IWP30/Page_EmulatorAgencyX/AL1'

25-10-2024T00:25:26 - [MESSAGE][PASSED] - Text '' is set on object 'Object Repository/IWP30/Page_EmulatorAgencyX/AL2'

25-10-2024T00:25:27 - [MESSAGE][PASSED] - Text '' is set on object 'Object Repository/IWP30/Page_EmulatorAgencyX/Country'

25-10-2024T00:25:28 - [MESSAGE][PASSED] - Text '' is set on object 'Object Repository/IWP30/Page_EmulatorAgencyX/City'

25-10-2024T00:25:28 - [MESSAGE][PASSED] - Text '' is set on object 'Object Repository/IWP30/Page_EmulatorAgencyX/State'

25-10-2024T00:25:29 - [MESSAGE][PASSED] - Text '' is set on object 'Object Repository/IWP30/Page_EmulatorAgencyX/ZIP'

25-10-2024T00:25:29 - [MESSAGE][PASSED] - Text '' is set on object 'Object Repository/IWP30/Page_EmulatorAgencyX/Order'

25-10-2024T00:25:30 - [MESSAGE][PASSED] - Text '' is set on object 'Object Repository/IWP30/Page_EmulatorAgencyX/Company'

25-10-2024T00:25:30 - [MESSAGE][PASSED] - Text '' is set on object 'Object Repository/IWP30/Page_EmulatorAgencyX/Email'

25-10-2024T00:25:31 - [MESSAGE][PASSED] - Text '' is set on object 'Object Repository/IWP30/Page_EmulatorAgencyX/UDF1'

25-10-2024T00:25:32 - [MESSAGE][PASSED] - Text '' is set on object 'Object Repository/IWP30/Page_EmulatorAgencyX/UDF2'

25-10-2024T00:25:32 - [MESSAGE][PASSED] - Text '' is set on object 'Object Repository/IWP30/Page_EmulatorAgencyX/UDF3'

25-10-2024T00:25:33 - [MESSAGE][PASSED] - Text 'udf data 4' is set on object 'Object Repository/IWP30/Page_EmulatorAgencyX/UDF4'

25-10-2024T00:25:33 - [MESSAGE][PASSED] - Text 'udf data 5' is set on object 'Object Repository/IWP30/Page_EmulatorAgencyX/UDF5'

25-10-2024T00:25:34 - [MESSAGE][PASSED] - Text '' is set on object 'Object Repository/IWP30/Page_EmulatorAgencyX/UDF6'

25-10-2024T00:25:34 - [MESSAGE][PASSED] - Text '' is set on object 'Object Repository/IWP30/Page_EmulatorAgencyX/UDF7'

25-10-2024T00:25:35 - [MESSAGE][PASSED] - Text '' is set on object 'Object Repository/IWP30/Page_EmulatorAgencyX/UDF8'

25-10-2024T00:25:36 - [MESSAGE][PASSED] - Text 'udf data 9' is set on object 'Object Repository/IWP30/Page_EmulatorAgencyX/UDF9'

25-10-2024T00:25:36 - [MESSAGE][PASSED] - Text 'udf data 10' is set on object 'Object Repository/IWP30/Page_EmulatorAgencyX/UDF10'

25-10-2024T00:25:38 - [MESSAGE][PASSED] - Object: 'Object Repository/IWP30/Page_EmulatorAgencyX/Submit' is clicked on

25-10-2024T00:25:42 - [MESSAGE][PASSED] - Browser is closed

25-10-2024T00:25:46 - [MESSAGE][PASSED] - iwpPages.emulatorIWP30.setDataEmulator_DD is PASSED

25-10-2024T00:25:46 - [TEST_STEP][PASSED] - testHarnessURL = urlTestHarness: null

25-10-2024T00:25:46 - [TEST_STEP][PASSED] - openBrowser(testHarnessURL): Browser is opened with url: 'https://dev-algorithm.govolution.com/vrelaytest/QA2/version_2_2/vrelaytest.html'

25-10-2024T00:25:46 - [MESSAGE][INFO] - Starting 'Edge Chromium' driver

25-10-2024T00:25:46 - [MESSAGE][INFO] - User set preference: ['acceptInsecureCerts', 'true']

25-10-2024T00:25:48 - [MESSAGE][INFO] - Action delay is set to 0 milliseconds

25-10-2024T00:25:52 - [MESSAGE][PASSED] - Browser is opened with url: 'https://dev-algorithm.govolution.com/vrelaytest/QA2/version_2_2/vrelaytest.html'

25-10-2024T00:25:52 - [TEST_STEP][PASSED] - maximizeWindow(): Current window maximized

25-10-2024T00:25:52 - [MESSAGE][PASSED] - Current window maximized

25-10-2024T00:25:52 - [TEST_STEP][PASSED] - iwpPages.TestHarnessPage.setDataMethodEF(row, dataFile): iwpPages.TestHarnessPage.setDataMethodEF is PASSED

25-10-2024T00:25:52 - [MESSAGE][PASSED] - Object 'Object Repository/IWP30/Page_QATestHarness/RemittanceID' is present

25-10-2024T00:25:53 - [MESSAGE][PASSED] - Text '638' is set on object 'Object Repository/IWP30/Page_QATestHarness/ApplicationID'

25-10-2024T00:25:53 - [MESSAGE][PASSED] - Text '2.5' is set on object 'Object Repository/IWP30/Page_QATestHarness/MessageVersion'

25-10-2024T00:25:54 - [MESSAGE][PASSED] - Text 'yhOKnJcLBK18' is set on object 'Object Repository/IWP30/Page_QATestHarness/RemittanceID'

25-10-2024T00:25:58 - [MESSAGE][PASSED] - Object: 'Object Repository/IWP30/Page_QATestHarness/SubmitButton' is clicked on

25-10-2024T00:25:58 - [MESSAGE][PASSED] - iwpPages.TestHarnessPage.setDataMethodEF is PASSED

25-10-2024T00:25:58 - [TEST_STEP][PASSED] - click(findTestObject("Object Repository/IWP30/Page_SelectPaymentMethod/PayByPersonalCheck")): Object: 'Object Repository/IWP30/Page_SelectPaymentMethod/PayByPersonalCheck' is clicked on

25-10-2024T00:25:58 - [MESSAGE][PASSED] - Object: 'Object Repository/IWP30/Page_SelectPaymentMethod/PayByPersonalCheck' is clicked on

25-10-2024T00:25:58 - [TEST_STEP][PASSED] - click(findTestObject("Object Repository/IWP30/Page_SelectPaymentMethod/MakePaymentButton")): Object: 'Object Repository/IWP30/Page_SelectPaymentMethod/MakePaymentButton' is clicked on

25-10-2024T00:26:01 - [MESSAGE][PASSED] - Object: 'Object Repository/IWP30/Page_SelectPaymentMethod/MakePaymentButton' is clicked on

25-10-2024T00:26:01 - [TEST_STEP][PASSED] - iwpPages.achPersonalPaymentEntryPage.setDataACHPPM(row, dataFile): iwpPages.achPersonalPaymentEntryPage.setDataACHPPM is PASSED

25-10-2024T00:26:02 - [MESSAGE][PASSED] - Object 'Object Repository/IWP30/Page_ACHPersonalPaymentEntry/txt_accountNumber' is present

25-10-2024T00:26:02 - [MESSAGE][PASSED] - Text '10.50' is set on object 'Object Repository/IWP30/Page_ACHPersonalPaymentEntry/txt_Amount'

25-10-2024T00:26:03 - [MESSAGE][PASSED] - Object 'Object Repository/IWP30/Page_ACHPersonalPaymentEntry/txt_UDF2' is present

25-10-2024T00:26:03 - [MESSAGE][PASSED] - Text 'udf data 2' is set on object 'Object Repository/IWP30/Page_ACHPersonalPaymentEntry/txt_UDF2'

25-10-2024T00:26:04 - [MESSAGE][PASSED] - Text 'udf data 3' is set on object 'Object Repository/IWP30/Page_ACHPersonalPaymentEntry/txt_UDF3'

25-10-2024T00:26:04 - [MESSAGE][PASSED] - All options with label 'Orange' are selected in object 'Object Repository/IWP30/Page_ACHPersonalPaymentEntry/dd_UDF7' 

25-10-2024T00:26:05 - [MESSAGE][PASSED] - All options with label 'Soccer' are selected in object 'Object Repository/IWP30/Page_ACHPersonalPaymentEntry/dd_UDF8' 

25-10-2024T00:26:05 - [MESSAGE][PASSED] - Object 'Object Repository/IWP30/Page_ACHPersonalPaymentEntry/txt_Firstname' is present

25-10-2024T00:26:06 - [MESSAGE][PASSED] - Text 'Elizath' is set on object 'Object Repository/IWP30/Page_ACHPersonalPaymentEntry/txt_Firstname'

25-10-2024T00:26:06 - [MESSAGE][PASSED] - Object 'Object Repository/IWP30/Page_ACHPersonalPaymentEntry/txt_Lastname' is present

25-10-2024T00:26:07 - [MESSAGE][PASSED] - Text 'Christine' is set on object 'Object Repository/IWP30/Page_ACHPersonalPaymentEntry/txt_Lastname'

25-10-2024T00:26:07 - [MESSAGE][PASSED] - Object 'Object Repository/IWP30/Page_ACHPersonalPaymentEntry/txt_routingNumber' is present

25-10-2024T00:26:07 - [MESSAGE][PASSED] - Text '256072691' is set on object 'Object Repository/IWP30/Page_ACHPersonalPaymentEntry/txt_routingNumber'

25-10-2024T00:26:08 - [MESSAGE][PASSED] - Object 'Object Repository/IWP30/Page_ACHPersonalPaymentEntry/txt_accountNumber' is present

25-10-2024T00:26:09 - [MESSAGE][PASSED] - Text '12344444' is set on object 'Object Repository/IWP30/Page_ACHPersonalPaymentEntry/txt_accountNumber'

25-10-2024T00:26:09 - [MESSAGE][PASSED] - Object 'Object Repository/IWP30/Page_ACHPersonalPaymentEntry/txt_confirmAccountNumber' is present

25-10-2024T00:26:09 - [MESSAGE][PASSED] - Text '12344444' is set on object 'Object Repository/IWP30/Page_ACHPersonalPaymentEntry/txt_confirmAccountNumber'

25-10-2024T00:26:10 - [MESSAGE][PASSED] - Object 'Object Repository/IWP30/Page_ACHPersonalPaymentEntry/rd_accountType' is present

25-10-2024T00:26:10 - [MESSAGE][PASSED] - Modify property of object successfully

25-10-2024T00:26:10 - [MESSAGE][PASSED] - Object: 'Object Repository/IWP30/Page_ACHPersonalPaymentEntry/rd_accountType' is clicked on

25-10-2024T00:26:10 - [MESSAGE][PASSED] - Execute JavaScript '
				   document.getElementById('processDate').value = '08/09/2025'
				  ' successfully

25-10-2024T00:26:11 - [MESSAGE][PASSED] - Text '365 Main Avenue' is set on object 'Object Repository/IWP30/Page_ACHPersonalPaymentEntry/txt_AL1'

25-10-2024T00:26:11 - [MESSAGE][PASSED] - Text 'Ohio' is set on object 'Object Repository/IWP30/Page_ACHPersonalPaymentEntry/txt_AL2'

25-10-2024T00:26:12 - [MESSAGE][PASSED] - Text '22201' is set on object 'Object Repository/IWP30/Page_ACHPersonalPaymentEntry/txt_ZIP'

25-10-2024T00:26:12 - [MESSAGE][PASSED] - Object 'Object Repository/IWP30/Page_ACHPersonalPaymentEntry/txt_Email' is present

25-10-2024T00:26:13 - [MESSAGE][PASSED] - Text 'iahmed@govolution.com' is set on object 'Object Repository/IWP30/Page_ACHPersonalPaymentEntry/txt_Email'

25-10-2024T00:26:14 - [MESSAGE][PASSED] - Object 'Object Repository/IWP30/Page_ACHPersonalPaymentEntry/cb_TermsAndCond' is present

25-10-2024T00:26:14 - [MESSAGE][PASSED] - Object: 'Object Repository/IWP30/Page_ACHPersonalPaymentEntry/cb_TermsAndCond' is clicked on

25-10-2024T00:26:14 - [MESSAGE][PASSED] - Object 'Object Repository/IWP30/Page_ACHPersonalPaymentEntry/btn_Continue' is present

25-10-2024T00:26:16 - [MESSAGE][PASSED] - Object: 'Object Repository/IWP30/Page_ACHPersonalPaymentEntry/btn_Continue' is clicked on

25-10-2024T00:26:16 - [MESSAGE][PASSED] - iwpPages.achPersonalPaymentEntryPage.setDataACHPPM is PASSED

25-10-2024T00:26:16 - [TEST_STEP][PASSED] - click(findTestObject("Object Repository/IWP30/Page_Confirmation/ConfirmButton")): Object: 'Object Repository/IWP30/Page_Confirmation/ConfirmButton' is clicked on

25-10-2024T00:26:18 - [MESSAGE][PASSED] - Object: 'Object Repository/IWP30/Page_Confirmation/ConfirmButton' is clicked on

25-10-2024T00:26:18 - [TEST_STEP][PASSED] - Thread.sleep(2000): null

25-10-2024T00:26:20 - [TEST_STEP][PASSED] - if (verifyTextPresent("Deferred", false)): null

25-10-2024T00:26:20 - [MESSAGE][PASSED] - Text 'Deferred' is present on page 

25-10-2024T00:26:20 - [TEST_STEP][PASSED] - click(findTestObject("Object Repository/IWP30/Page_Receipt/ViewScheduledPaymentsButton")): Object: 'Object Repository/IWP30/Page_Receipt/ViewScheduledPaymentsButton' is clicked on

25-10-2024T00:26:21 - [MESSAGE][PASSED] - Object: 'Object Repository/IWP30/Page_Receipt/ViewScheduledPaymentsButton' is clicked on

25-10-2024T00:26:21 - [TEST_STEP][PASSED] - switchToWindowTitle("View Scheduled Payments"): Switched to window with title: 'View Scheduled Payments'

25-10-2024T00:26:21 - [MESSAGE][PASSED] - Switched to window with title: 'View Scheduled Payments'

25-10-2024T00:26:21 - [TEST_STEP][PASSED] - Thread.sleep(4000): null

25-10-2024T00:26:25 - [TEST_STEP][PASSED] - if (verifyTextPresent("View Scheduled Payments", false)): null

25-10-2024T00:26:25 - [MESSAGE][PASSED] - Text 'View Scheduled Payments' is present on page 

25-10-2024T00:26:25 - [TEST_STEP][PASSED] - click(findTestObject("Object Repository/IWP30/Page_ScheduledPayments/cancel_payment")): Object: 'Object Repository/IWP30/Page_ScheduledPayments/cancel_payment' is clicked on

25-10-2024T00:26:27 - [MESSAGE][PASSED] - Object: 'Object Repository/IWP30/Page_ScheduledPayments/cancel_payment' is clicked on

25-10-2024T00:26:27 - [TEST_STEP][PASSED] - if (verifyTextPresent("Cancel Payment Plan", false)): null

25-10-2024T00:26:27 - [MESSAGE][PASSED] - Text 'Cancel Payment Plan' is present on page 

25-10-2024T00:26:27 - [TEST_STEP][PASSED] - click(findTestObject("Object Repository/IWP30/Page_PaymentPlan/btn_cancel")): Object: 'Object Repository/IWP30/Page_PaymentPlan/btn_cancel' is clicked on

25-10-2024T00:26:27 - [MESSAGE][PASSED] - Object: 'Object Repository/IWP30/Page_PaymentPlan/btn_cancel' is clicked on

25-10-2024T00:26:27 - [TEST_STEP][PASSED] - acceptAlert(): Alert accepted

25-10-2024T00:26:27 - [MESSAGE][PASSED] - Alert accepted

25-10-2024T00:26:27 - [TEST_STEP][PASSED] - if (verifyTextPresent("Your payment plan has been successfully canceled", false)): null

25-10-2024T00:26:29 - [MESSAGE][PASSED] - Text 'Your payment plan has been successfully canceled' is present on page 

25-10-2024T00:26:29 - [TEST_STEP][PASSED] - isRequiredTextPresent = true: null

25-10-2024T00:26:29 - [TEST_STEP][PASSED] - println(isRequiredTextPresent): null

25-10-2024T00:26:29 - [TEST_STEP][PASSED] - if (isRequiredTextPresent): null

25-10-2024T00:26:29 - [TEST_STEP][PASSED] - if (verifyTextPresent("CAN Label:", false)): null

25-10-2024T00:26:29 - [MESSAGE][PASSED] - Text 'CAN Label:' is present on page 

25-10-2024T00:26:29 - [TEST_STEP][PASSED] - isRequiredTextPresent = true: null

25-10-2024T00:26:29 - [TEST_STEP][PASSED] - println(isRequiredTextPresent): null

25-10-2024T00:26:29 - [TEST_STEP][PASSED] - if (isRequiredTextPresent): null

25-10-2024T00:26:29 - [TEST_STEP][PASSED] - if (verifyTextPresent("Please verify the following information:", false)): null

25-10-2024T00:26:29 - [MESSAGE][PASSED] - Text 'Please verify the following information:' is present on page 

25-10-2024T00:26:29 - [TEST_STEP][PASSED] - isRequiredTextPresent = true: null

25-10-2024T00:26:29 - [TEST_STEP][PASSED] - println(isRequiredTextPresent): null

25-10-2024T00:26:29 - [TEST_STEP][PASSED] - if (isRequiredTextPresent): null

25-10-2024T00:26:29 - [TEST_STEP][PASSED] - if (verifyTextPresent("Payment Information:", false)): null

25-10-2024T00:26:30 - [MESSAGE][PASSED] - Text 'Payment Information:' is present on page 

25-10-2024T00:26:30 - [TEST_STEP][PASSED] - isRequiredTextPresent = true: null

25-10-2024T00:26:30 - [TEST_STEP][PASSED] - println(isRequiredTextPresent): null

25-10-2024T00:26:30 - [TEST_STEP][PASSED] - if (isRequiredTextPresent): null

25-10-2024T00:26:30 - [TEST_STEP][PASSED] - if (verifyTextPresent("UDF2 Label:", false)): null

25-10-2024T00:26:30 - [MESSAGE][PASSED] - Text 'UDF2 Label:' is present on page 

25-10-2024T00:26:30 - [TEST_STEP][PASSED] - isRequiredTextPresent = true: null

25-10-2024T00:26:30 - [TEST_STEP][PASSED] - println(isRequiredTextPresent): null

25-10-2024T00:26:30 - [TEST_STEP][PASSED] - if (isRequiredTextPresent): null

25-10-2024T00:26:30 - [TEST_STEP][PASSED] - if (verifyTextPresent("UDF3 Label:", false)): null

25-10-2024T00:26:30 - [MESSAGE][PASSED] - Text 'UDF3 Label:' is present on page 

25-10-2024T00:26:30 - [TEST_STEP][PASSED] - isRequiredTextPresent = true: null

25-10-2024T00:26:30 - [TEST_STEP][PASSED] - println(isRequiredTextPresent): null

25-10-2024T00:26:30 - [TEST_STEP][PASSED] - if (isRequiredTextPresent): null

25-10-2024T00:26:30 - [TEST_STEP][PASSED] - if (verifyTextPresent("UDF4 Label:", false)): null

25-10-2024T00:26:30 - [MESSAGE][PASSED] - Text 'UDF4 Label:' is present on page 

25-10-2024T00:26:30 - [TEST_STEP][PASSED] - isRequiredTextPresent = true: null

25-10-2024T00:26:30 - [TEST_STEP][PASSED] - println(isRequiredTextPresent): null

25-10-2024T00:26:30 - [TEST_STEP][PASSED] - if (isRequiredTextPresent): null

25-10-2024T00:26:30 - [TEST_STEP][PASSED] - if (verifyTextPresent("UDF7 Label:", false)): null

25-10-2024T00:26:31 - [MESSAGE][PASSED] - Text 'UDF7 Label:' is present on page 

25-10-2024T00:26:31 - [TEST_STEP][PASSED] - isRequiredTextPresent = true: null

25-10-2024T00:26:31 - [TEST_STEP][PASSED] - println(isRequiredTextPresent): null

25-10-2024T00:26:31 - [TEST_STEP][PASSED] - if (isRequiredTextPresent): null

25-10-2024T00:26:31 - [TEST_STEP][PASSED] - if (verifyTextPresent("UDF8 Label:", false)): null

25-10-2024T00:26:31 - [MESSAGE][PASSED] - Text 'UDF8 Label:' is present on page 

25-10-2024T00:26:31 - [TEST_STEP][PASSED] - isRequiredTextPresent = true: null

25-10-2024T00:26:31 - [TEST_STEP][PASSED] - println(isRequiredTextPresent): null

25-10-2024T00:26:31 - [TEST_STEP][PASSED] - if (isRequiredTextPresent): null

25-10-2024T00:26:31 - [TEST_STEP][PASSED] - if (verifyTextPresent("UDF9 Label:", false)): null

25-10-2024T00:26:31 - [MESSAGE][PASSED] - Text 'UDF9 Label:' is present on page 

25-10-2024T00:26:31 - [TEST_STEP][PASSED] - isRequiredTextPresent = true: null

25-10-2024T00:26:31 - [TEST_STEP][PASSED] - println(isRequiredTextPresent): null

25-10-2024T00:26:31 - [TEST_STEP][PASSED] - if (isRequiredTextPresent): null

25-10-2024T00:26:31 - [TEST_STEP][PASSED] - if (verifyTextPresent("Account Information", false)): null

25-10-2024T00:26:31 - [MESSAGE][PASSED] - Text 'Account Information' is present on page 

25-10-2024T00:26:31 - [TEST_STEP][PASSED] - isRequiredTextPresent = true: null

25-10-2024T00:26:31 - [TEST_STEP][PASSED] - println(isRequiredTextPresent): null

25-10-2024T00:26:31 - [TEST_STEP][PASSED] - if (isRequiredTextPresent): null

25-10-2024T00:26:31 - [TEST_STEP][PASSED] - if (verifyTextPresent("First Name on Check:", false)): null

25-10-2024T00:26:32 - [MESSAGE][PASSED] - Text 'First Name on Check:' is present on page 

25-10-2024T00:26:32 - [TEST_STEP][PASSED] - isRequiredTextPresent = true: null

25-10-2024T00:26:32 - [TEST_STEP][PASSED] - println(isRequiredTextPresent): null

25-10-2024T00:26:32 - [TEST_STEP][PASSED] - if (isRequiredTextPresent): null

25-10-2024T00:26:32 - [TEST_STEP][PASSED] - if (verifyTextPresent("Last Name on Check:", false)): null

25-10-2024T00:26:32 - [MESSAGE][PASSED] - Text 'Last Name on Check:' is present on page 

25-10-2024T00:26:32 - [TEST_STEP][PASSED] - isRequiredTextPresent = true: null

25-10-2024T00:26:32 - [TEST_STEP][PASSED] - println(isRequiredTextPresent): null

25-10-2024T00:26:32 - [TEST_STEP][PASSED] - if (isRequiredTextPresent): null

25-10-2024T00:26:32 - [TEST_STEP][PASSED] - if (verifyTextPresent("Routing Transit Number:", false)): null

25-10-2024T00:26:32 - [MESSAGE][PASSED] - Text 'Routing Transit Number:' is present on page 

25-10-2024T00:26:32 - [TEST_STEP][PASSED] - isRequiredTextPresent = true: null

25-10-2024T00:26:32 - [TEST_STEP][PASSED] - println(isRequiredTextPresent): null

25-10-2024T00:26:32 - [TEST_STEP][PASSED] - if (isRequiredTextPresent): null

25-10-2024T00:26:32 - [TEST_STEP][PASSED] - if (verifyTextPresent("Account Number:", false)): null

25-10-2024T00:26:33 - [MESSAGE][PASSED] - Text 'Account Number:' is present on page 

25-10-2024T00:26:33 - [TEST_STEP][PASSED] - isRequiredTextPresent = true: null

25-10-2024T00:26:33 - [TEST_STEP][PASSED] - println(isRequiredTextPresent): null

25-10-2024T00:26:33 - [TEST_STEP][PASSED] - if (isRequiredTextPresent): null

25-10-2024T00:26:33 - [TEST_STEP][PASSED] - if (verifyTextPresent("Type of Account:", false)): null

25-10-2024T00:26:33 - [MESSAGE][PASSED] - Text 'Type of Account:' is present on page 

25-10-2024T00:26:33 - [TEST_STEP][PASSED] - isRequiredTextPresent = true: null

25-10-2024T00:26:33 - [TEST_STEP][PASSED] - println(isRequiredTextPresent): null

25-10-2024T00:26:33 - [TEST_STEP][PASSED] - if (isRequiredTextPresent): null

25-10-2024T00:26:33 - [TEST_STEP][PASSED] - if (verifyTextPresent("Address Line 1:", false)): null

25-10-2024T00:26:33 - [MESSAGE][PASSED] - Text 'Address Line 1:' is present on page 

25-10-2024T00:26:33 - [TEST_STEP][PASSED] - isRequiredTextPresent = true: null

25-10-2024T00:26:33 - [TEST_STEP][PASSED] - println(isRequiredTextPresent): null

25-10-2024T00:26:33 - [TEST_STEP][PASSED] - if (isRequiredTextPresent): null

25-10-2024T00:26:33 - [TEST_STEP][PASSED] - if (verifyTextPresent("Address Line 2:", false)): null

25-10-2024T00:26:33 - [MESSAGE][PASSED] - Text 'Address Line 2:' is present on page 

25-10-2024T00:26:33 - [TEST_STEP][PASSED] - isRequiredTextPresent = true: null

25-10-2024T00:26:33 - [TEST_STEP][PASSED] - println(isRequiredTextPresent): null

25-10-2024T00:26:33 - [TEST_STEP][PASSED] - if (isRequiredTextPresent): null

25-10-2024T00:26:33 - [TEST_STEP][PASSED] - if (verifyTextPresent("Country:", false)): null

25-10-2024T00:26:34 - [MESSAGE][PASSED] - Text 'Country:' is present on page 

25-10-2024T00:26:34 - [TEST_STEP][PASSED] - isRequiredTextPresent = true: null

25-10-2024T00:26:34 - [TEST_STEP][PASSED] - println(isRequiredTextPresent): null

25-10-2024T00:26:34 - [TEST_STEP][PASSED] - if (isRequiredTextPresent): null

25-10-2024T00:26:34 - [TEST_STEP][PASSED] - if (verifyTextPresent("City:", false)): null

25-10-2024T00:26:34 - [MESSAGE][PASSED] - Text 'City:' is present on page 

25-10-2024T00:26:34 - [TEST_STEP][PASSED] - isRequiredTextPresent = true: null

25-10-2024T00:26:34 - [TEST_STEP][PASSED] - println(isRequiredTextPresent): null

25-10-2024T00:26:34 - [TEST_STEP][PASSED] - if (isRequiredTextPresent): null

25-10-2024T00:26:34 - [TEST_STEP][PASSED] - if (verifyTextPresent("State:", false)): null

25-10-2024T00:26:34 - [MESSAGE][PASSED] - Text 'State:' is present on page 

25-10-2024T00:26:34 - [TEST_STEP][PASSED] - isRequiredTextPresent = true: null

25-10-2024T00:26:34 - [TEST_STEP][PASSED] - println(isRequiredTextPresent): null

25-10-2024T00:26:34 - [TEST_STEP][PASSED] - if (isRequiredTextPresent): null

25-10-2024T00:26:34 - [TEST_STEP][PASSED] - if (verifyTextPresent("ZIP Code:", false)): null

25-10-2024T00:26:34 - [MESSAGE][PASSED] - Text 'ZIP Code:' is present on page 

25-10-2024T00:26:34 - [TEST_STEP][PASSED] - isRequiredTextPresent = true: null

25-10-2024T00:26:35 - [TEST_STEP][PASSED] - println(isRequiredTextPresent): null

25-10-2024T00:26:35 - [TEST_STEP][PASSED] - if (isRequiredTextPresent): null

25-10-2024T00:26:35 - [TEST_STEP][PASSED] - if (verifyTextPresent("Email Address:", false)): null

25-10-2024T00:26:35 - [MESSAGE][PASSED] - Text 'Email Address:' is present on page 

25-10-2024T00:26:35 - [TEST_STEP][PASSED] - isRequiredTextPresent = true: null

25-10-2024T00:26:35 - [TEST_STEP][PASSED] - println(isRequiredTextPresent): null

25-10-2024T00:26:35 - [TEST_STEP][PASSED] - if (isRequiredTextPresent): null

25-10-2024T00:26:35 - [TEST_STEP][PASSED] - if (verifyTextPresent("Payment Plan Information:", false)): null

25-10-2024T00:26:35 - [MESSAGE][PASSED] - Text 'Payment Plan Information:' is present on page 

25-10-2024T00:26:35 - [TEST_STEP][PASSED] - isRequiredTextPresent = true: null

25-10-2024T00:26:35 - [TEST_STEP][PASSED] - println(isRequiredTextPresent): null

25-10-2024T00:26:35 - [TEST_STEP][PASSED] - if (isRequiredTextPresent): null

25-10-2024T00:26:35 - [TEST_STEP][PASSED] - if (verifyTextPresent("Payment Plan Type:", false)): null

25-10-2024T00:26:35 - [MESSAGE][PASSED] - Text 'Payment Plan Type:' is present on page 

25-10-2024T00:26:35 - [TEST_STEP][PASSED] - isRequiredTextPresent = true: null

25-10-2024T00:26:35 - [TEST_STEP][PASSED] - println(isRequiredTextPresent): null

25-10-2024T00:26:35 - [TEST_STEP][PASSED] - if (isRequiredTextPresent): null

25-10-2024T00:26:35 - [TEST_STEP][PASSED] - if (verifyTextPresent("Payment Plan Status:", false)): null

25-10-2024T00:26:36 - [MESSAGE][PASSED] - Text 'Payment Plan Status:' is present on page 

25-10-2024T00:26:36 - [TEST_STEP][PASSED] - isRequiredTextPresent = true: null

25-10-2024T00:26:36 - [TEST_STEP][PASSED] - println(isRequiredTextPresent): null

25-10-2024T00:26:36 - [TEST_STEP][PASSED] - if (isRequiredTextPresent): null

25-10-2024T00:26:36 - [TEST_STEP][PASSED] - if (verifyTextPresent("Payment Plan ID:", false)): null

25-10-2024T00:26:36 - [MESSAGE][PASSED] - Text 'Payment Plan ID:' is present on page 

25-10-2024T00:26:36 - [TEST_STEP][PASSED] - isRequiredTextPresent = true: null

25-10-2024T00:26:36 - [TEST_STEP][PASSED] - println(isRequiredTextPresent): null

25-10-2024T00:26:36 - [TEST_STEP][PASSED] - if (isRequiredTextPresent): null

25-10-2024T00:26:36 - [TEST_STEP][PASSED] - if (verifyTextPresent("Payment Plan Start Date:", false)): null

25-10-2024T00:26:36 - [MESSAGE][PASSED] - Text 'Payment Plan Start Date:' is present on page 

25-10-2024T00:26:36 - [TEST_STEP][PASSED] - isRequiredTextPresent = true: null

25-10-2024T00:26:36 - [TEST_STEP][PASSED] - println(isRequiredTextPresent): null

25-10-2024T00:26:36 - [TEST_STEP][PASSED] - if (isRequiredTextPresent): null

25-10-2024T00:26:36 - [TEST_STEP][PASSED] - if (verifyTextPresent("Amount:", false)): null

25-10-2024T00:26:36 - [MESSAGE][PASSED] - Text 'Amount:' is present on page 

25-10-2024T00:26:36 - [TEST_STEP][PASSED] - isRequiredTextPresent = true: null

25-10-2024T00:26:36 - [TEST_STEP][PASSED] - println(isRequiredTextPresent): null

25-10-2024T00:26:36 - [TEST_STEP][PASSED] - if (isRequiredTextPresent == true): pages.WriteExcel.demoKey is PASSED

25-10-2024T00:26:36 - [TEST_STEP][PASSED] - println("All the relevant texts are present on Receipt Page"): null

25-10-2024T00:26:36 - [TEST_STEP][PASSED] - markPassed("All the relevant texts are present on Receipt Page"): All the relevant texts are present on Receipt Page

25-10-2024T00:26:36 - [MESSAGE][PASSED] - All the relevant texts are present on Receipt Page

25-10-2024T00:26:36 - [TEST_STEP][PASSED] - resText = "Pass": null

25-10-2024T00:26:36 - [TEST_STEP][PASSED] - pages.WriteExcel.demoKey(resText, datText, resColumn, datCloumn, fileLoc, nameSheet, row): pages.WriteExcel.demoKey is PASSED

25-10-2024T00:26:36 - [MESSAGE][PASSED] - pages.WriteExcel.demoKey is PASSED

25-10-2024T00:26:37 - [TEST_STEP][PASSED] - closeBrowser(): Browser is closed

25-10-2024T00:26:37 - [MESSAGE][PASSED] - Browser is closed

25-10-2024T00:26:37 - [TEST_STEP][PASSED] - ExecuteTC = dataFile.getValue("Execute", row): null

25-10-2024T00:26:37 - [TEST_STEP][PASSED] - out.println("Value of Execute is : " + ExecuteTC): null

25-10-2024T00:26:37 - [TEST_STEP][PASSED] - if (ExecuteTC.equalsIgnoreCase("Y")): null

25-10-2024T00:26:37 - [TEST_STEP][PASSED] - out.println("Begin Record Number: " + row): null

25-10-2024T00:26:37 - [TEST_STEP][PASSED] - today = new java.util.Date(): null

25-10-2024T00:26:37 - [TEST_STEP][PASSED] - println(today): null

25-10-2024T00:26:37 - [TEST_STEP][PASSED] - datText = today: null

25-10-2024T00:26:37 - [TEST_STEP][PASSED] - EmulatorDataKey = dataFile.getValue("EmulatorData", row): null

25-10-2024T00:26:37 - [TEST_STEP][PASSED] - out.println("Value of Emulator Key is : " + EmulatorDataKey): null

25-10-2024T00:26:37 - [TEST_STEP][PASSED] - iwpPages.emulatorIWP30.setDataEmulator_DD(EmulatorDataKey): iwpPages.emulatorIWP30.setDataEmulator_DD is PASSED

25-10-2024T00:26:37 - [MESSAGE][INFO] - Starting 'Edge Chromium' driver

25-10-2024T00:26:37 - [MESSAGE][INFO] - User set preference: ['acceptInsecureCerts', 'true']

25-10-2024T00:26:40 - [MESSAGE][INFO] - Action delay is set to 0 milliseconds

25-10-2024T00:26:43 - [MESSAGE][PASSED] - Browser is opened with url: 'https://qa2.velocitypayment.com/agencyx/config.action?action=editor&message_version=3_0'

25-10-2024T00:26:43 - [MESSAGE][PASSED] - Current window maximized

25-10-2024T00:27:15 - [MESSAGE][INFO] - Unable to find the element located by 'By.xpath: //select[@name='message_version']'. Please recheck the objects properties to make sure the desired element is located. 

25-10-2024T00:27:15 - [MESSAGE][WARNING] - [SELF-HEALING] Failed to find element with id 'Object Repository/IWP30/Page_VRelay30Emulator/MV'. Try using Self-healing.

25-10-2024T00:27:15 - [MESSAGE][WARNING] - [SELF-HEALING] The current locator of test object 'Object Repository/IWP30/Page_VRelay30Emulator/MV' was broken. Propose an alternative one: '(.//*[normalize-space(text()) and normalize-space(.)='Message Version'])[1]/following::select[1]'.

25-10-2024T00:27:15 - [MESSAGE][PASSED] - All options with value '3.0' are selected in object 'Object Repository/IWP30/Page_VRelay30Emulator/MV'  using regular expression

25-10-2024T00:27:16 - [MESSAGE][PASSED] - Text '10.50' is set on object 'Object Repository/IWP30/Page_EmulatorAgencyX/Amount'

25-10-2024T00:27:17 - [MESSAGE][PASSED] - Text '4doV3qctULBT' is set on object 'Object Repository/IWP30/Page_EmulatorAgencyX/CAN'

25-10-2024T00:27:17 - [MESSAGE][PASSED] - Text 'PayNow' is set on object 'Object Repository/IWP30/Page_EmulatorAgencyX/Action'

25-10-2024T00:27:18 - [MESSAGE][PASSED] - Text 'en_US' is set on object 'Object Repository/IWP30/Page_EmulatorAgencyX/Lang'

25-10-2024T00:27:18 - [MESSAGE][PASSED] - Text '' is set on object 'Object Repository/IWP30/Page_EmulatorAgencyX/Fname'

25-10-2024T00:27:19 - [MESSAGE][PASSED] - Text '' is set on object 'Object Repository/IWP30/Page_EmulatorAgencyX/Lname'

25-10-2024T00:27:20 - [MESSAGE][PASSED] - Text '' is set on object 'Object Repository/IWP30/Page_EmulatorAgencyX/AL1'

25-10-2024T00:27:20 - [MESSAGE][PASSED] - Text '' is set on object 'Object Repository/IWP30/Page_EmulatorAgencyX/AL2'

25-10-2024T00:27:21 - [MESSAGE][PASSED] - Text '' is set on object 'Object Repository/IWP30/Page_EmulatorAgencyX/Country'

25-10-2024T00:27:21 - [MESSAGE][PASSED] - Text '' is set on object 'Object Repository/IWP30/Page_EmulatorAgencyX/City'

25-10-2024T00:27:22 - [MESSAGE][PASSED] - Text '' is set on object 'Object Repository/IWP30/Page_EmulatorAgencyX/State'

25-10-2024T00:27:22 - [MESSAGE][PASSED] - Text '' is set on object 'Object Repository/IWP30/Page_EmulatorAgencyX/ZIP'

25-10-2024T00:27:23 - [MESSAGE][PASSED] - Text '' is set on object 'Object Repository/IWP30/Page_EmulatorAgencyX/Order'

25-10-2024T00:27:24 - [MESSAGE][PASSED] - Text '' is set on object 'Object Repository/IWP30/Page_EmulatorAgencyX/Company'

25-10-2024T00:27:24 - [MESSAGE][PASSED] - Text '' is set on object 'Object Repository/IWP30/Page_EmulatorAgencyX/Email'

25-10-2024T00:27:25 - [MESSAGE][PASSED] - Text '' is set on object 'Object Repository/IWP30/Page_EmulatorAgencyX/UDF1'

25-10-2024T00:27:25 - [MESSAGE][PASSED] - Text '' is set on object 'Object Repository/IWP30/Page_EmulatorAgencyX/UDF2'

25-10-2024T00:27:26 - [MESSAGE][PASSED] - Text '' is set on object 'Object Repository/IWP30/Page_EmulatorAgencyX/UDF3'

25-10-2024T00:27:26 - [MESSAGE][PASSED] - Text 'udf data 4' is set on object 'Object Repository/IWP30/Page_EmulatorAgencyX/UDF4'

25-10-2024T00:27:27 - [MESSAGE][PASSED] - Text 'udf data 5' is set on object 'Object Repository/IWP30/Page_EmulatorAgencyX/UDF5'

25-10-2024T00:27:28 - [MESSAGE][PASSED] - Text '' is set on object 'Object Repository/IWP30/Page_EmulatorAgencyX/UDF6'

25-10-2024T00:27:28 - [MESSAGE][PASSED] - Text '' is set on object 'Object Repository/IWP30/Page_EmulatorAgencyX/UDF7'

25-10-2024T00:27:29 - [MESSAGE][PASSED] - Text '' is set on object 'Object Repository/IWP30/Page_EmulatorAgencyX/UDF8'

25-10-2024T00:27:29 - [MESSAGE][PASSED] - Text 'udf data 9' is set on object 'Object Repository/IWP30/Page_EmulatorAgencyX/UDF9'

25-10-2024T00:27:30 - [MESSAGE][PASSED] - Text 'udf data 10' is set on object 'Object Repository/IWP30/Page_EmulatorAgencyX/UDF10'

25-10-2024T00:27:31 - [MESSAGE][PASSED] - Object: 'Object Repository/IWP30/Page_EmulatorAgencyX/Submit' is clicked on

25-10-2024T00:27:36 - [MESSAGE][PASSED] - Browser is closed

25-10-2024T00:27:40 - [MESSAGE][PASSED] - iwpPages.emulatorIWP30.setDataEmulator_DD is PASSED

25-10-2024T00:27:40 - [TEST_STEP][PASSED] - testHarnessURL = urlTestHarness: null

25-10-2024T00:27:40 - [TEST_STEP][PASSED] - openBrowser(testHarnessURL): Browser is opened with url: 'https://dev-algorithm.govolution.com/vrelaytest/QA2/version_2_2/vrelaytest.html'

25-10-2024T00:27:40 - [MESSAGE][INFO] - Starting 'Edge Chromium' driver

25-10-2024T00:27:40 - [MESSAGE][INFO] - User set preference: ['acceptInsecureCerts', 'true']

25-10-2024T00:27:42 - [MESSAGE][INFO] - Action delay is set to 0 milliseconds

25-10-2024T00:27:45 - [MESSAGE][PASSED] - Browser is opened with url: 'https://dev-algorithm.govolution.com/vrelaytest/QA2/version_2_2/vrelaytest.html'

25-10-2024T00:27:45 - [TEST_STEP][PASSED] - maximizeWindow(): Current window maximized

25-10-2024T00:27:45 - [MESSAGE][PASSED] - Current window maximized

25-10-2024T00:27:45 - [TEST_STEP][PASSED] - iwpPages.TestHarnessPage.setDataMethodEF(row, dataFile): iwpPages.TestHarnessPage.setDataMethodEF is PASSED

25-10-2024T00:27:46 - [MESSAGE][PASSED] - Object 'Object Repository/IWP30/Page_QATestHarness/RemittanceID' is present

25-10-2024T00:27:46 - [MESSAGE][PASSED] - Text '649' is set on object 'Object Repository/IWP30/Page_QATestHarness/ApplicationID'

25-10-2024T00:27:47 - [MESSAGE][PASSED] - Text '3.0' is set on object 'Object Repository/IWP30/Page_QATestHarness/MessageVersion'

25-10-2024T00:27:48 - [MESSAGE][PASSED] - Text 'HcXHaebX4A1p' is set on object 'Object Repository/IWP30/Page_QATestHarness/RemittanceID'

25-10-2024T00:27:51 - [MESSAGE][PASSED] - Object: 'Object Repository/IWP30/Page_QATestHarness/SubmitButton' is clicked on

25-10-2024T00:27:51 - [MESSAGE][PASSED] - iwpPages.TestHarnessPage.setDataMethodEF is PASSED

25-10-2024T00:27:51 - [TEST_STEP][PASSED] - click(findTestObject("Object Repository/IWP30/Page_SelectPaymentMethod/PayByPersonalCheck")): Object: 'Object Repository/IWP30/Page_SelectPaymentMethod/PayByPersonalCheck' is clicked on

25-10-2024T00:27:51 - [MESSAGE][PASSED] - Object: 'Object Repository/IWP30/Page_SelectPaymentMethod/PayByPersonalCheck' is clicked on

25-10-2024T00:27:51 - [TEST_STEP][PASSED] - click(findTestObject("Object Repository/IWP30/Page_SelectPaymentMethod/MakePaymentButton")): Object: 'Object Repository/IWP30/Page_SelectPaymentMethod/MakePaymentButton' is clicked on

25-10-2024T00:27:54 - [MESSAGE][PASSED] - Object: 'Object Repository/IWP30/Page_SelectPaymentMethod/MakePaymentButton' is clicked on

25-10-2024T00:27:54 - [TEST_STEP][PASSED] - iwpPages.achPersonalPaymentEntryPage.setDataACHPPM(row, dataFile): iwpPages.achPersonalPaymentEntryPage.setDataACHPPM is PASSED

25-10-2024T00:27:55 - [MESSAGE][PASSED] - Object 'Object Repository/IWP30/Page_ACHPersonalPaymentEntry/txt_accountNumber' is present

25-10-2024T00:27:55 - [MESSAGE][PASSED] - Text '10.50' is set on object 'Object Repository/IWP30/Page_ACHPersonalPaymentEntry/txt_Amount'

25-10-2024T00:27:56 - [MESSAGE][PASSED] - Object 'Object Repository/IWP30/Page_ACHPersonalPaymentEntry/txt_UDF2' is present

25-10-2024T00:27:56 - [MESSAGE][PASSED] - Text 'udf data 2' is set on object 'Object Repository/IWP30/Page_ACHPersonalPaymentEntry/txt_UDF2'

25-10-2024T00:27:57 - [MESSAGE][PASSED] - Text 'udf data 3' is set on object 'Object Repository/IWP30/Page_ACHPersonalPaymentEntry/txt_UDF3'

25-10-2024T00:27:58 - [MESSAGE][PASSED] - All options with label 'Orange' are selected in object 'Object Repository/IWP30/Page_ACHPersonalPaymentEntry/dd_UDF7' 

25-10-2024T00:27:58 - [MESSAGE][PASSED] - All options with label 'Soccer' are selected in object 'Object Repository/IWP30/Page_ACHPersonalPaymentEntry/dd_UDF8' 

25-10-2024T00:27:58 - [MESSAGE][PASSED] - Object 'Object Repository/IWP30/Page_ACHPersonalPaymentEntry/txt_Firstname' is present

25-10-2024T00:27:59 - [MESSAGE][PASSED] - Text 'Elizath' is set on object 'Object Repository/IWP30/Page_ACHPersonalPaymentEntry/txt_Firstname'

25-10-2024T00:27:59 - [MESSAGE][PASSED] - Object 'Object Repository/IWP30/Page_ACHPersonalPaymentEntry/txt_Lastname' is present

25-10-2024T00:28:00 - [MESSAGE][PASSED] - Text 'Christine' is set on object 'Object Repository/IWP30/Page_ACHPersonalPaymentEntry/txt_Lastname'

25-10-2024T00:28:00 - [MESSAGE][PASSED] - Object 'Object Repository/IWP30/Page_ACHPersonalPaymentEntry/txt_routingNumber' is present

25-10-2024T00:28:01 - [MESSAGE][PASSED] - Text '256072691' is set on object 'Object Repository/IWP30/Page_ACHPersonalPaymentEntry/txt_routingNumber'

25-10-2024T00:28:01 - [MESSAGE][PASSED] - Object 'Object Repository/IWP30/Page_ACHPersonalPaymentEntry/txt_accountNumber' is present

25-10-2024T00:28:02 - [MESSAGE][PASSED] - Text '12344444' is set on object 'Object Repository/IWP30/Page_ACHPersonalPaymentEntry/txt_accountNumber'

25-10-2024T00:28:02 - [MESSAGE][PASSED] - Object 'Object Repository/IWP30/Page_ACHPersonalPaymentEntry/txt_confirmAccountNumber' is present

25-10-2024T00:28:03 - [MESSAGE][PASSED] - Text '12344444' is set on object 'Object Repository/IWP30/Page_ACHPersonalPaymentEntry/txt_confirmAccountNumber'

25-10-2024T00:28:03 - [MESSAGE][PASSED] - Object 'Object Repository/IWP30/Page_ACHPersonalPaymentEntry/rd_accountType' is present

25-10-2024T00:28:03 - [MESSAGE][PASSED] - Modify property of object successfully

25-10-2024T00:28:03 - [MESSAGE][PASSED] - Object: 'Object Repository/IWP30/Page_ACHPersonalPaymentEntry/rd_accountType' is clicked on

25-10-2024T00:28:03 - [MESSAGE][PASSED] - Execute JavaScript '
				   document.getElementById('processDate').value = '08/09/2025'
				  ' successfully

25-10-2024T00:28:04 - [MESSAGE][PASSED] - Text '365 Main Avenue' is set on object 'Object Repository/IWP30/Page_ACHPersonalPaymentEntry/txt_AL1'

25-10-2024T00:28:04 - [MESSAGE][PASSED] - Text 'Ohio' is set on object 'Object Repository/IWP30/Page_ACHPersonalPaymentEntry/txt_AL2'

25-10-2024T00:28:05 - [MESSAGE][PASSED] - Text '22201' is set on object 'Object Repository/IWP30/Page_ACHPersonalPaymentEntry/txt_ZIP'

25-10-2024T00:28:05 - [MESSAGE][PASSED] - Object 'Object Repository/IWP30/Page_ACHPersonalPaymentEntry/txt_Email' is present

25-10-2024T00:28:06 - [MESSAGE][PASSED] - Text 'iahmed@govolution.com' is set on object 'Object Repository/IWP30/Page_ACHPersonalPaymentEntry/txt_Email'

25-10-2024T00:28:07 - [MESSAGE][PASSED] - Object 'Object Repository/IWP30/Page_ACHPersonalPaymentEntry/cb_TermsAndCond' is present

25-10-2024T00:28:07 - [MESSAGE][PASSED] - Object: 'Object Repository/IWP30/Page_ACHPersonalPaymentEntry/cb_TermsAndCond' is clicked on

25-10-2024T00:28:07 - [MESSAGE][PASSED] - Object 'Object Repository/IWP30/Page_ACHPersonalPaymentEntry/btn_Continue' is present

25-10-2024T00:28:08 - [MESSAGE][PASSED] - Object: 'Object Repository/IWP30/Page_ACHPersonalPaymentEntry/btn_Continue' is clicked on

25-10-2024T00:28:08 - [MESSAGE][PASSED] - iwpPages.achPersonalPaymentEntryPage.setDataACHPPM is PASSED

25-10-2024T00:28:08 - [TEST_STEP][PASSED] - click(findTestObject("Object Repository/IWP30/Page_Confirmation/ConfirmButton")): Object: 'Object Repository/IWP30/Page_Confirmation/ConfirmButton' is clicked on

25-10-2024T00:28:39 - [MESSAGE][INFO] - Unable to find the element located by 'By.xpath: //*[@type = 'submit' and @name = 'confirmNotifyAction' and @id = 'submitYes' and @value = 'Confirm']'. Please recheck the objects properties to make sure the desired element is located. 

25-10-2024T00:28:39 - [MESSAGE][WARNING] - [SELF-HEALING] Failed to find element with id 'Object Repository/IWP30/Page_Confirmation/ConfirmButton'. Try using Self-healing.

25-10-2024T00:28:40 - [MESSAGE][WARNING] - [SELF-HEALING] The current locator of test object 'Object Repository/IWP30/Page_Confirmation/ConfirmButton' was broken. Propose an alternative one: '//div/input'.

25-10-2024T00:28:41 - [MESSAGE][PASSED] - Object: 'Object Repository/IWP30/Page_Confirmation/ConfirmButton' is clicked on

25-10-2024T00:28:41 - [TEST_STEP][PASSED] - Thread.sleep(2000): null

25-10-2024T00:28:43 - [TEST_STEP][PASSED] - if (verifyTextPresent("Deferred", false)): null

25-10-2024T00:28:44 - [MESSAGE][PASSED] - Text 'Deferred' is present on page 

25-10-2024T00:28:44 - [TEST_STEP][PASSED] - click(findTestObject("Object Repository/IWP30/Page_Receipt/ViewScheduledPaymentsButton")): Object: 'Object Repository/IWP30/Page_Receipt/ViewScheduledPaymentsButton' is clicked on

25-10-2024T00:28:44 - [MESSAGE][PASSED] - Object: 'Object Repository/IWP30/Page_Receipt/ViewScheduledPaymentsButton' is clicked on

25-10-2024T00:28:44 - [TEST_STEP][PASSED] - switchToWindowTitle("View Scheduled Payments"): Switched to window with title: 'View Scheduled Payments'

25-10-2024T00:28:44 - [MESSAGE][PASSED] - Switched to window with title: 'View Scheduled Payments'

25-10-2024T00:28:44 - [TEST_STEP][PASSED] - Thread.sleep(4000): null

25-10-2024T00:28:48 - [TEST_STEP][PASSED] - if (verifyTextPresent("View Scheduled Payments", false)): null

25-10-2024T00:28:48 - [MESSAGE][PASSED] - Text 'View Scheduled Payments' is present on page 

25-10-2024T00:28:48 - [TEST_STEP][PASSED] - click(findTestObject("Object Repository/IWP30/Page_ScheduledPayments/cancel_payment")): Object: 'Object Repository/IWP30/Page_ScheduledPayments/cancel_payment' is clicked on

25-10-2024T00:28:50 - [MESSAGE][PASSED] - Object: 'Object Repository/IWP30/Page_ScheduledPayments/cancel_payment' is clicked on

25-10-2024T00:28:50 - [TEST_STEP][PASSED] - if (verifyTextPresent("Cancel Payment Plan", false)): null

25-10-2024T00:28:50 - [MESSAGE][PASSED] - Text 'Cancel Payment Plan' is present on page 

25-10-2024T00:28:50 - [TEST_STEP][PASSED] - click(findTestObject("Object Repository/IWP30/Page_PaymentPlan/btn_cancel")): Object: 'Object Repository/IWP30/Page_PaymentPlan/btn_cancel' is clicked on

25-10-2024T00:28:50 - [MESSAGE][PASSED] - Object: 'Object Repository/IWP30/Page_PaymentPlan/btn_cancel' is clicked on

25-10-2024T00:28:50 - [TEST_STEP][PASSED] - acceptAlert(): Alert accepted

25-10-2024T00:28:50 - [MESSAGE][PASSED] - Alert accepted

25-10-2024T00:28:50 - [TEST_STEP][PASSED] - if (verifyTextPresent("Your payment plan has been successfully canceled", false)): null

25-10-2024T00:28:52 - [MESSAGE][PASSED] - Text 'Your payment plan has been successfully canceled' is present on page 

25-10-2024T00:28:52 - [TEST_STEP][PASSED] - isRequiredTextPresent = true: null

25-10-2024T00:28:52 - [TEST_STEP][PASSED] - println(isRequiredTextPresent): null

25-10-2024T00:28:52 - [TEST_STEP][PASSED] - if (isRequiredTextPresent): null

25-10-2024T00:28:52 - [TEST_STEP][PASSED] - if (verifyTextPresent("CAN Label:", false)): null

25-10-2024T00:28:52 - [MESSAGE][PASSED] - Text 'CAN Label:' is present on page 

25-10-2024T00:28:52 - [TEST_STEP][PASSED] - isRequiredTextPresent = true: null

25-10-2024T00:28:52 - [TEST_STEP][PASSED] - println(isRequiredTextPresent): null

25-10-2024T00:28:52 - [TEST_STEP][PASSED] - if (isRequiredTextPresent): null

25-10-2024T00:28:52 - [TEST_STEP][PASSED] - if (verifyTextPresent("Please verify the following information:", false)): null

25-10-2024T00:28:52 - [MESSAGE][PASSED] - Text 'Please verify the following information:' is present on page 

25-10-2024T00:28:52 - [TEST_STEP][PASSED] - isRequiredTextPresent = true: null

25-10-2024T00:28:52 - [TEST_STEP][PASSED] - println(isRequiredTextPresent): null

25-10-2024T00:28:52 - [TEST_STEP][PASSED] - if (isRequiredTextPresent): null

25-10-2024T00:28:52 - [TEST_STEP][PASSED] - if (verifyTextPresent("Payment Information:", false)): null

25-10-2024T00:28:53 - [MESSAGE][PASSED] - Text 'Payment Information:' is present on page 

25-10-2024T00:28:53 - [TEST_STEP][PASSED] - isRequiredTextPresent = true: null

25-10-2024T00:28:53 - [TEST_STEP][PASSED] - println(isRequiredTextPresent): null

25-10-2024T00:28:53 - [TEST_STEP][PASSED] - if (isRequiredTextPresent): null

25-10-2024T00:28:53 - [TEST_STEP][PASSED] - if (verifyTextPresent("UDF2 Label:", false)): null

25-10-2024T00:28:53 - [MESSAGE][PASSED] - Text 'UDF2 Label:' is present on page 

25-10-2024T00:28:53 - [TEST_STEP][PASSED] - isRequiredTextPresent = true: null

25-10-2024T00:28:53 - [TEST_STEP][PASSED] - println(isRequiredTextPresent): null

25-10-2024T00:28:53 - [TEST_STEP][PASSED] - if (isRequiredTextPresent): null

25-10-2024T00:28:53 - [TEST_STEP][PASSED] - if (verifyTextPresent("UDF3 Label:", false)): null

25-10-2024T00:28:53 - [MESSAGE][PASSED] - Text 'UDF3 Label:' is present on page 

25-10-2024T00:28:53 - [TEST_STEP][PASSED] - isRequiredTextPresent = true: null

25-10-2024T00:28:53 - [TEST_STEP][PASSED] - println(isRequiredTextPresent): null

25-10-2024T00:28:53 - [TEST_STEP][PASSED] - if (isRequiredTextPresent): null

25-10-2024T00:28:53 - [TEST_STEP][PASSED] - if (verifyTextPresent("UDF4 Label:", false)): null

25-10-2024T00:28:53 - [MESSAGE][PASSED] - Text 'UDF4 Label:' is present on page 

25-10-2024T00:28:53 - [TEST_STEP][PASSED] - isRequiredTextPresent = true: null

25-10-2024T00:28:53 - [TEST_STEP][PASSED] - println(isRequiredTextPresent): null

25-10-2024T00:28:53 - [TEST_STEP][PASSED] - if (isRequiredTextPresent): null

25-10-2024T00:28:53 - [TEST_STEP][PASSED] - if (verifyTextPresent("UDF7 Label:", false)): null

25-10-2024T00:28:54 - [MESSAGE][PASSED] - Text 'UDF7 Label:' is present on page 

25-10-2024T00:28:54 - [TEST_STEP][PASSED] - isRequiredTextPresent = true: null

25-10-2024T00:28:54 - [TEST_STEP][PASSED] - println(isRequiredTextPresent): null

25-10-2024T00:28:54 - [TEST_STEP][PASSED] - if (isRequiredTextPresent): null

25-10-2024T00:28:54 - [TEST_STEP][PASSED] - if (verifyTextPresent("UDF8 Label:", false)): null

25-10-2024T00:28:54 - [MESSAGE][PASSED] - Text 'UDF8 Label:' is present on page 

25-10-2024T00:28:54 - [TEST_STEP][PASSED] - isRequiredTextPresent = true: null

25-10-2024T00:28:54 - [TEST_STEP][PASSED] - println(isRequiredTextPresent): null

25-10-2024T00:28:54 - [TEST_STEP][PASSED] - if (isRequiredTextPresent): null

25-10-2024T00:28:54 - [TEST_STEP][PASSED] - if (verifyTextPresent("UDF9 Label:", false)): null

25-10-2024T00:28:54 - [MESSAGE][PASSED] - Text 'UDF9 Label:' is present on page 

25-10-2024T00:28:54 - [TEST_STEP][PASSED] - isRequiredTextPresent = true: null

25-10-2024T00:28:54 - [TEST_STEP][PASSED] - println(isRequiredTextPresent): null

25-10-2024T00:28:54 - [TEST_STEP][PASSED] - if (isRequiredTextPresent): null

25-10-2024T00:28:54 - [TEST_STEP][PASSED] - if (verifyTextPresent("Account Information", false)): null

25-10-2024T00:28:54 - [MESSAGE][PASSED] - Text 'Account Information' is present on page 

25-10-2024T00:28:54 - [TEST_STEP][PASSED] - isRequiredTextPresent = true: null

25-10-2024T00:28:54 - [TEST_STEP][PASSED] - println(isRequiredTextPresent): null

25-10-2024T00:28:54 - [TEST_STEP][PASSED] - if (isRequiredTextPresent): null

25-10-2024T00:28:54 - [TEST_STEP][PASSED] - if (verifyTextPresent("First Name on Check:", false)): null

25-10-2024T00:28:55 - [MESSAGE][PASSED] - Text 'First Name on Check:' is present on page 

25-10-2024T00:28:55 - [TEST_STEP][PASSED] - isRequiredTextPresent = true: null

25-10-2024T00:28:55 - [TEST_STEP][PASSED] - println(isRequiredTextPresent): null

25-10-2024T00:28:55 - [TEST_STEP][PASSED] - if (isRequiredTextPresent): null

25-10-2024T00:28:55 - [TEST_STEP][PASSED] - if (verifyTextPresent("Last Name on Check:", false)): null

25-10-2024T00:28:55 - [MESSAGE][PASSED] - Text 'Last Name on Check:' is present on page 

25-10-2024T00:28:55 - [TEST_STEP][PASSED] - isRequiredTextPresent = true: null

25-10-2024T00:28:55 - [TEST_STEP][PASSED] - println(isRequiredTextPresent): null

25-10-2024T00:28:55 - [TEST_STEP][PASSED] - if (isRequiredTextPresent): null

25-10-2024T00:28:55 - [TEST_STEP][PASSED] - if (verifyTextPresent("Routing Transit Number:", false)): null

25-10-2024T00:28:55 - [MESSAGE][PASSED] - Text 'Routing Transit Number:' is present on page 

25-10-2024T00:28:55 - [TEST_STEP][PASSED] - isRequiredTextPresent = true: null

25-10-2024T00:28:55 - [TEST_STEP][PASSED] - println(isRequiredTextPresent): null

25-10-2024T00:28:55 - [TEST_STEP][PASSED] - if (isRequiredTextPresent): null

25-10-2024T00:28:55 - [TEST_STEP][PASSED] - if (verifyTextPresent("Account Number:", false)): null

25-10-2024T00:28:56 - [MESSAGE][PASSED] - Text 'Account Number:' is present on page 

25-10-2024T00:28:56 - [TEST_STEP][PASSED] - isRequiredTextPresent = true: null

25-10-2024T00:28:56 - [TEST_STEP][PASSED] - println(isRequiredTextPresent): null

25-10-2024T00:28:56 - [TEST_STEP][PASSED] - if (isRequiredTextPresent): null

25-10-2024T00:28:56 - [TEST_STEP][PASSED] - if (verifyTextPresent("Type of Account:", false)): null

25-10-2024T00:28:56 - [MESSAGE][PASSED] - Text 'Type of Account:' is present on page 

25-10-2024T00:28:56 - [TEST_STEP][PASSED] - isRequiredTextPresent = true: null

25-10-2024T00:28:56 - [TEST_STEP][PASSED] - println(isRequiredTextPresent): null

25-10-2024T00:28:56 - [TEST_STEP][PASSED] - if (isRequiredTextPresent): null

25-10-2024T00:28:56 - [TEST_STEP][PASSED] - if (verifyTextPresent("Address Line 1:", false)): null

25-10-2024T00:28:56 - [MESSAGE][PASSED] - Text 'Address Line 1:' is present on page 

25-10-2024T00:28:56 - [TEST_STEP][PASSED] - isRequiredTextPresent = true: null

25-10-2024T00:28:56 - [TEST_STEP][PASSED] - println(isRequiredTextPresent): null

25-10-2024T00:28:56 - [TEST_STEP][PASSED] - if (isRequiredTextPresent): null

25-10-2024T00:28:56 - [TEST_STEP][PASSED] - if (verifyTextPresent("Address Line 2:", false)): null

25-10-2024T00:28:56 - [MESSAGE][PASSED] - Text 'Address Line 2:' is present on page 

25-10-2024T00:28:56 - [TEST_STEP][PASSED] - isRequiredTextPresent = true: null

25-10-2024T00:28:56 - [TEST_STEP][PASSED] - println(isRequiredTextPresent): null

25-10-2024T00:28:56 - [TEST_STEP][PASSED] - if (isRequiredTextPresent): null

25-10-2024T00:28:56 - [TEST_STEP][PASSED] - if (verifyTextPresent("Country:", false)): null

25-10-2024T00:28:57 - [MESSAGE][PASSED] - Text 'Country:' is present on page 

25-10-2024T00:28:57 - [TEST_STEP][PASSED] - isRequiredTextPresent = true: null

25-10-2024T00:28:57 - [TEST_STEP][PASSED] - println(isRequiredTextPresent): null

25-10-2024T00:28:57 - [TEST_STEP][PASSED] - if (isRequiredTextPresent): null

25-10-2024T00:28:57 - [TEST_STEP][PASSED] - if (verifyTextPresent("City:", false)): null

25-10-2024T00:28:57 - [MESSAGE][PASSED] - Text 'City:' is present on page 

25-10-2024T00:28:57 - [TEST_STEP][PASSED] - isRequiredTextPresent = true: null

25-10-2024T00:28:57 - [TEST_STEP][PASSED] - println(isRequiredTextPresent): null

25-10-2024T00:28:57 - [TEST_STEP][PASSED] - if (isRequiredTextPresent): null

25-10-2024T00:28:57 - [TEST_STEP][PASSED] - if (verifyTextPresent("State:", false)): null

25-10-2024T00:28:57 - [MESSAGE][PASSED] - Text 'State:' is present on page 

25-10-2024T00:28:57 - [TEST_STEP][PASSED] - isRequiredTextPresent = true: null

25-10-2024T00:28:57 - [TEST_STEP][PASSED] - println(isRequiredTextPresent): null

25-10-2024T00:28:57 - [TEST_STEP][PASSED] - if (isRequiredTextPresent): null

25-10-2024T00:28:57 - [TEST_STEP][PASSED] - if (verifyTextPresent("ZIP Code:", false)): null

25-10-2024T00:28:57 - [MESSAGE][PASSED] - Text 'ZIP Code:' is present on page 

25-10-2024T00:28:57 - [TEST_STEP][PASSED] - isRequiredTextPresent = true: null

25-10-2024T00:28:57 - [TEST_STEP][PASSED] - println(isRequiredTextPresent): null

25-10-2024T00:28:57 - [TEST_STEP][PASSED] - if (isRequiredTextPresent): null

25-10-2024T00:28:57 - [TEST_STEP][PASSED] - if (verifyTextPresent("Email Address:", false)): null

25-10-2024T00:28:58 - [MESSAGE][PASSED] - Text 'Email Address:' is present on page 

25-10-2024T00:28:58 - [TEST_STEP][PASSED] - isRequiredTextPresent = true: null

25-10-2024T00:28:58 - [TEST_STEP][PASSED] - println(isRequiredTextPresent): null

25-10-2024T00:28:58 - [TEST_STEP][PASSED] - if (isRequiredTextPresent): null

25-10-2024T00:28:58 - [TEST_STEP][PASSED] - if (verifyTextPresent("Payment Plan Information:", false)): null

25-10-2024T00:28:58 - [MESSAGE][PASSED] - Text 'Payment Plan Information:' is present on page 

25-10-2024T00:28:58 - [TEST_STEP][PASSED] - isRequiredTextPresent = true: null

25-10-2024T00:28:58 - [TEST_STEP][PASSED] - println(isRequiredTextPresent): null

25-10-2024T00:28:58 - [TEST_STEP][PASSED] - if (isRequiredTextPresent): null

25-10-2024T00:28:58 - [TEST_STEP][PASSED] - if (verifyTextPresent("Payment Plan Type:", false)): null

25-10-2024T00:28:58 - [MESSAGE][PASSED] - Text 'Payment Plan Type:' is present on page 

25-10-2024T00:28:58 - [TEST_STEP][PASSED] - isRequiredTextPresent = true: null

25-10-2024T00:28:58 - [TEST_STEP][PASSED] - println(isRequiredTextPresent): null

25-10-2024T00:28:58 - [TEST_STEP][PASSED] - if (isRequiredTextPresent): null

25-10-2024T00:28:58 - [TEST_STEP][PASSED] - if (verifyTextPresent("Payment Plan Status:", false)): null

25-10-2024T00:28:59 - [MESSAGE][PASSED] - Text 'Payment Plan Status:' is present on page 

25-10-2024T00:28:59 - [TEST_STEP][PASSED] - isRequiredTextPresent = true: null

25-10-2024T00:28:59 - [TEST_STEP][PASSED] - println(isRequiredTextPresent): null

25-10-2024T00:28:59 - [TEST_STEP][PASSED] - if (isRequiredTextPresent): null

25-10-2024T00:28:59 - [TEST_STEP][PASSED] - if (verifyTextPresent("Payment Plan ID:", false)): null

25-10-2024T00:28:59 - [MESSAGE][PASSED] - Text 'Payment Plan ID:' is present on page 

25-10-2024T00:28:59 - [TEST_STEP][PASSED] - isRequiredTextPresent = true: null

25-10-2024T00:28:59 - [TEST_STEP][PASSED] - println(isRequiredTextPresent): null

25-10-2024T00:28:59 - [TEST_STEP][PASSED] - if (isRequiredTextPresent): null

25-10-2024T00:28:59 - [TEST_STEP][PASSED] - if (verifyTextPresent("Payment Plan Start Date:", false)): null

25-10-2024T00:28:59 - [MESSAGE][PASSED] - Text 'Payment Plan Start Date:' is present on page 

25-10-2024T00:28:59 - [TEST_STEP][PASSED] - isRequiredTextPresent = true: null

25-10-2024T00:28:59 - [TEST_STEP][PASSED] - println(isRequiredTextPresent): null

25-10-2024T00:28:59 - [TEST_STEP][PASSED] - if (isRequiredTextPresent): null

25-10-2024T00:28:59 - [TEST_STEP][PASSED] - if (verifyTextPresent("Amount:", false)): null

25-10-2024T00:28:59 - [MESSAGE][PASSED] - Text 'Amount:' is present on page 

25-10-2024T00:28:59 - [TEST_STEP][PASSED] - isRequiredTextPresent = true: null

25-10-2024T00:28:59 - [TEST_STEP][PASSED] - println(isRequiredTextPresent): null

25-10-2024T00:28:59 - [TEST_STEP][PASSED] - if (isRequiredTextPresent == true): pages.WriteExcel.demoKey is PASSED

25-10-2024T00:28:59 - [TEST_STEP][PASSED] - println("All the relevant texts are present on Receipt Page"): null

25-10-2024T00:28:59 - [TEST_STEP][PASSED] - markPassed("All the relevant texts are present on Receipt Page"): All the relevant texts are present on Receipt Page

25-10-2024T00:28:59 - [MESSAGE][PASSED] - All the relevant texts are present on Receipt Page

25-10-2024T00:28:59 - [TEST_STEP][PASSED] - resText = "Pass": null

25-10-2024T00:28:59 - [TEST_STEP][PASSED] - pages.WriteExcel.demoKey(resText, datText, resColumn, datCloumn, fileLoc, nameSheet, row): pages.WriteExcel.demoKey is PASSED

25-10-2024T00:29:00 - [MESSAGE][PASSED] - pages.WriteExcel.demoKey is PASSED

25-10-2024T00:29:00 - [TEST_STEP][PASSED] - closeBrowser(): Browser is closed

25-10-2024T00:29:00 - [MESSAGE][PASSED] - Browser is closed]]></system-out>
         <system-err><![CDATA[]]></system-err>
      </testcase>
      <testcase name="Test Cases/IntegratedWeb/IWP25/Payments/VerifyCancelReceiptLabelsDeferredPS" time="263.516" classname="Test Cases/IntegratedWeb/IWP25/Payments/VerifyCancelReceiptLabelsDeferredPS" status="PASSED">
         <system-out><![CDATA[25-10-2024T00:29:00 - [TEST_CASE][PASSED] - Test Cases/IntegratedWeb/IWP25/Payments/VerifyCancelReceiptLabelsDeferredPS: Test Cases/IntegratedWeb/IWP25/Payments/VerifyCancelReceiptLabelsDeferredPS

25-10-2024T00:29:01 - [TEST_STEP][PASSED] - resText = "Fail": null

25-10-2024T00:29:01 - [TEST_STEP][PASSED] - resColumn = "Result": null

25-10-2024T00:29:01 - [TEST_STEP][PASSED] - datCloumn = "Date": null

25-10-2024T00:29:01 - [TEST_STEP][PASSED] - fileLoc = "KatalonData/IWPTestData/VRelay25PaymentsExtension.xlsx": null

25-10-2024T00:29:01 - [TEST_STEP][PASSED] - numOfRows = <not implemented yet for class: org.codehaus.groovy.ast.expr.EmptyExpression>: null

25-10-2024T00:29:01 - [TEST_STEP][PASSED] - dataFile = <not implemented yet for class: org.codehaus.groovy.ast.expr.EmptyExpression>: null

25-10-2024T00:29:01 - [TEST_STEP][PASSED] - nameSheet = <not implemented yet for class: org.codehaus.groovy.ast.expr.EmptyExpression>: null

25-10-2024T00:29:01 - [TEST_STEP][PASSED] - dataFileEmulator = <not implemented yet for class: org.codehaus.groovy.ast.expr.EmptyExpression>: null

25-10-2024T00:29:01 - [TEST_STEP][PASSED] - isRequiredTextPresent = false: null

25-10-2024T00:29:01 - [TEST_STEP][PASSED] - nameSheet = "VerifyCancelLabelDeferredPS": null

25-10-2024T00:29:01 - [TEST_STEP][PASSED] - dataFile = getExcelDataWithDefaultSheet("KatalonData/IWPTestData/VRelay25PaymentsExtension.xlsx", nameSheet, true): null

25-10-2024T00:29:01 - [TEST_STEP][PASSED] - dataFileEmulator = "IWPTestData/EmulatorData": null

25-10-2024T00:29:01 - [TEST_STEP][PASSED] - numOfRows = dataFile.getRowNumbers(): null

25-10-2024T00:29:01 - [TEST_STEP][PASSED] - println("Number of Records: " + numOfRows): null

25-10-2024T00:29:01 - [TEST_STEP][PASSED] - for ([row = 1, row <= numOfRows, (row++)]): Browser is closed

25-10-2024T00:29:01 - [TEST_STEP][PASSED] - ExecuteTC = dataFile.getValue("Execute", row): null

25-10-2024T00:29:01 - [TEST_STEP][PASSED] - out.println("Value of Execute is : " + ExecuteTC): null

25-10-2024T00:29:01 - [TEST_STEP][PASSED] - if (ExecuteTC.equalsIgnoreCase("Y")): null

25-10-2024T00:29:01 - [TEST_STEP][PASSED] - out.println("Begin Record Number: " + row): null

25-10-2024T00:29:01 - [TEST_STEP][PASSED] - today = new java.util.Date(): null

25-10-2024T00:29:01 - [TEST_STEP][PASSED] - println(today): null

25-10-2024T00:29:01 - [TEST_STEP][PASSED] - datText = today: null

25-10-2024T00:29:01 - [TEST_STEP][PASSED] - EmulatorDataKey = dataFile.getValue("EmulatorData", row): null

25-10-2024T00:29:01 - [TEST_STEP][PASSED] - out.println("Value of Emulator Key is : " + EmulatorDataKey): null

25-10-2024T00:29:01 - [TEST_STEP][PASSED] - iwpPages.emulatorIWP30.setDataEmulator_DD(EmulatorDataKey): iwpPages.emulatorIWP30.setDataEmulator_DD is PASSED

25-10-2024T00:29:01 - [MESSAGE][INFO] - Starting 'Edge Chromium' driver

25-10-2024T00:29:01 - [MESSAGE][INFO] - User set preference: ['acceptInsecureCerts', 'true']

25-10-2024T00:29:03 - [MESSAGE][INFO] - Action delay is set to 0 milliseconds

25-10-2024T00:29:08 - [MESSAGE][PASSED] - Browser is opened with url: 'https://qa2.velocitypayment.com/agencyx/config.action?action=editor&message_version=2_5'

25-10-2024T00:29:08 - [MESSAGE][PASSED] - Current window maximized

25-10-2024T00:29:39 - [MESSAGE][INFO] - Unable to find the element located by 'By.xpath: //select[@name='message_version']'. Please recheck the objects properties to make sure the desired element is located. 

25-10-2024T00:29:39 - [MESSAGE][WARNING] - [SELF-HEALING] Failed to find element with id 'Object Repository/IWP30/Page_VRelay30Emulator/MV'. Try using Self-healing.

25-10-2024T00:29:39 - [MESSAGE][WARNING] - [SELF-HEALING] The current locator of test object 'Object Repository/IWP30/Page_VRelay30Emulator/MV' was broken. Propose an alternative one: '(.//*[normalize-space(text()) and normalize-space(.)='Message Version'])[1]/following::select[1]'.

25-10-2024T00:29:39 - [MESSAGE][PASSED] - All options with value '2.5' are selected in object 'Object Repository/IWP30/Page_VRelay30Emulator/MV'  using regular expression

25-10-2024T00:29:40 - [MESSAGE][PASSED] - Text '10.50' is set on object 'Object Repository/IWP30/Page_EmulatorAgencyX/Amount'

25-10-2024T00:29:41 - [MESSAGE][PASSED] - Text 'R1cQNtaypOnA' is set on object 'Object Repository/IWP30/Page_EmulatorAgencyX/CAN'

25-10-2024T00:29:41 - [MESSAGE][PASSED] - Text 'PayNow' is set on object 'Object Repository/IWP30/Page_EmulatorAgencyX/Action'

25-10-2024T00:29:42 - [MESSAGE][PASSED] - Text 'en_US' is set on object 'Object Repository/IWP30/Page_EmulatorAgencyX/Lang'

25-10-2024T00:29:42 - [MESSAGE][PASSED] - Text '' is set on object 'Object Repository/IWP30/Page_EmulatorAgencyX/Fname'

25-10-2024T00:29:43 - [MESSAGE][PASSED] - Text '' is set on object 'Object Repository/IWP30/Page_EmulatorAgencyX/Lname'

25-10-2024T00:29:44 - [MESSAGE][PASSED] - Text '' is set on object 'Object Repository/IWP30/Page_EmulatorAgencyX/AL1'

25-10-2024T00:29:44 - [MESSAGE][PASSED] - Text '' is set on object 'Object Repository/IWP30/Page_EmulatorAgencyX/AL2'

25-10-2024T00:29:45 - [MESSAGE][PASSED] - Text '' is set on object 'Object Repository/IWP30/Page_EmulatorAgencyX/Country'

25-10-2024T00:29:45 - [MESSAGE][PASSED] - Text '' is set on object 'Object Repository/IWP30/Page_EmulatorAgencyX/City'

25-10-2024T00:29:46 - [MESSAGE][PASSED] - Text '' is set on object 'Object Repository/IWP30/Page_EmulatorAgencyX/State'

25-10-2024T00:29:47 - [MESSAGE][PASSED] - Text '' is set on object 'Object Repository/IWP30/Page_EmulatorAgencyX/ZIP'

25-10-2024T00:29:47 - [MESSAGE][PASSED] - Text '' is set on object 'Object Repository/IWP30/Page_EmulatorAgencyX/Order'

25-10-2024T00:29:48 - [MESSAGE][PASSED] - Text '' is set on object 'Object Repository/IWP30/Page_EmulatorAgencyX/Company'

25-10-2024T00:29:48 - [MESSAGE][PASSED] - Text '' is set on object 'Object Repository/IWP30/Page_EmulatorAgencyX/Email'

25-10-2024T00:29:49 - [MESSAGE][PASSED] - Text '' is set on object 'Object Repository/IWP30/Page_EmulatorAgencyX/UDF1'

25-10-2024T00:29:49 - [MESSAGE][PASSED] - Text '' is set on object 'Object Repository/IWP30/Page_EmulatorAgencyX/UDF2'

25-10-2024T00:29:50 - [MESSAGE][PASSED] - Text '' is set on object 'Object Repository/IWP30/Page_EmulatorAgencyX/UDF3'

25-10-2024T00:29:51 - [MESSAGE][PASSED] - Text 'udf data 4' is set on object 'Object Repository/IWP30/Page_EmulatorAgencyX/UDF4'

25-10-2024T00:29:51 - [MESSAGE][PASSED] - Text 'udf data 5' is set on object 'Object Repository/IWP30/Page_EmulatorAgencyX/UDF5'

25-10-2024T00:29:52 - [MESSAGE][PASSED] - Text '' is set on object 'Object Repository/IWP30/Page_EmulatorAgencyX/UDF6'

25-10-2024T00:29:52 - [MESSAGE][PASSED] - Text '' is set on object 'Object Repository/IWP30/Page_EmulatorAgencyX/UDF7'

25-10-2024T00:29:53 - [MESSAGE][PASSED] - Text '' is set on object 'Object Repository/IWP30/Page_EmulatorAgencyX/UDF8'

25-10-2024T00:29:53 - [MESSAGE][PASSED] - Text 'udf data 9' is set on object 'Object Repository/IWP30/Page_EmulatorAgencyX/UDF9'

25-10-2024T00:29:54 - [MESSAGE][PASSED] - Text 'udf data 10' is set on object 'Object Repository/IWP30/Page_EmulatorAgencyX/UDF10'

25-10-2024T00:29:55 - [MESSAGE][PASSED] - Object: 'Object Repository/IWP30/Page_EmulatorAgencyX/Submit' is clicked on

25-10-2024T00:30:00 - [MESSAGE][PASSED] - Browser is closed

25-10-2024T00:30:04 - [MESSAGE][PASSED] - iwpPages.emulatorIWP30.setDataEmulator_DD is PASSED

25-10-2024T00:30:04 - [TEST_STEP][PASSED] - testHarnessURL = urlTestHarness: null

25-10-2024T00:30:04 - [TEST_STEP][PASSED] - openBrowser(testHarnessURL): Browser is opened with url: 'https://dev-algorithm.govolution.com/vrelaytest/QA2/version_2_2/vrelaytest.html'

25-10-2024T00:30:04 - [MESSAGE][INFO] - Starting 'Edge Chromium' driver

25-10-2024T00:30:04 - [MESSAGE][INFO] - User set preference: ['acceptInsecureCerts', 'true']

25-10-2024T00:30:06 - [MESSAGE][INFO] - Action delay is set to 0 milliseconds

25-10-2024T00:30:10 - [MESSAGE][PASSED] - Browser is opened with url: 'https://dev-algorithm.govolution.com/vrelaytest/QA2/version_2_2/vrelaytest.html'

25-10-2024T00:30:10 - [TEST_STEP][PASSED] - maximizeWindow(): Current window maximized

25-10-2024T00:30:10 - [MESSAGE][PASSED] - Current window maximized

25-10-2024T00:30:10 - [TEST_STEP][PASSED] - iwpPages.TestHarnessPage.setDataMethodEF(row, dataFile): iwpPages.TestHarnessPage.setDataMethodEF is PASSED

25-10-2024T00:30:10 - [MESSAGE][PASSED] - Object 'Object Repository/IWP30/Page_QATestHarness/RemittanceID' is present

25-10-2024T00:30:11 - [MESSAGE][PASSED] - Text '638' is set on object 'Object Repository/IWP30/Page_QATestHarness/ApplicationID'

25-10-2024T00:30:11 - [MESSAGE][PASSED] - Text '2.5' is set on object 'Object Repository/IWP30/Page_QATestHarness/MessageVersion'

25-10-2024T00:30:12 - [MESSAGE][PASSED] - Text 'F5PIiTQlO8sJ' is set on object 'Object Repository/IWP30/Page_QATestHarness/RemittanceID'

25-10-2024T00:30:18 - [MESSAGE][PASSED] - Object: 'Object Repository/IWP30/Page_QATestHarness/SubmitButton' is clicked on

25-10-2024T00:30:18 - [MESSAGE][PASSED] - iwpPages.TestHarnessPage.setDataMethodEF is PASSED

25-10-2024T00:30:18 - [TEST_STEP][PASSED] - click(findTestObject("Object Repository/IWP30/Page_SelectPaymentMethod/PayByPersonalCheck")): Object: 'Object Repository/IWP30/Page_SelectPaymentMethod/PayByPersonalCheck' is clicked on

25-10-2024T00:30:18 - [MESSAGE][PASSED] - Object: 'Object Repository/IWP30/Page_SelectPaymentMethod/PayByPersonalCheck' is clicked on

25-10-2024T00:30:18 - [TEST_STEP][PASSED] - click(findTestObject("Object Repository/IWP30/Page_SelectPaymentMethod/MakePaymentButton")): Object: 'Object Repository/IWP30/Page_SelectPaymentMethod/MakePaymentButton' is clicked on

25-10-2024T00:30:21 - [MESSAGE][PASSED] - Object: 'Object Repository/IWP30/Page_SelectPaymentMethod/MakePaymentButton' is clicked on

25-10-2024T00:30:21 - [TEST_STEP][PASSED] - iwpPages.achPersonalPaymentEntryPage.setDataACHPPM(row, dataFile): iwpPages.achPersonalPaymentEntryPage.setDataACHPPM is PASSED

25-10-2024T00:30:21 - [MESSAGE][PASSED] - Object 'Object Repository/IWP30/Page_ACHPersonalPaymentEntry/txt_accountNumber' is present

25-10-2024T00:30:22 - [MESSAGE][PASSED] - Text '10.50' is set on object 'Object Repository/IWP30/Page_ACHPersonalPaymentEntry/txt_Amount'

25-10-2024T00:30:22 - [MESSAGE][PASSED] - Object 'Object Repository/IWP30/Page_ACHPersonalPaymentEntry/txt_UDF2' is present

25-10-2024T00:30:23 - [MESSAGE][PASSED] - Text 'udf data 2' is set on object 'Object Repository/IWP30/Page_ACHPersonalPaymentEntry/txt_UDF2'

25-10-2024T00:30:24 - [MESSAGE][PASSED] - Text 'udf data 3' is set on object 'Object Repository/IWP30/Page_ACHPersonalPaymentEntry/txt_UDF3'

25-10-2024T00:30:24 - [MESSAGE][PASSED] - All options with label 'Orange' are selected in object 'Object Repository/IWP30/Page_ACHPersonalPaymentEntry/dd_UDF7' 

25-10-2024T00:30:25 - [MESSAGE][PASSED] - All options with label 'Soccer' are selected in object 'Object Repository/IWP30/Page_ACHPersonalPaymentEntry/dd_UDF8' 

25-10-2024T00:30:25 - [MESSAGE][PASSED] - Object 'Object Repository/IWP30/Page_ACHPersonalPaymentEntry/txt_Firstname' is present

25-10-2024T00:30:26 - [MESSAGE][PASSED] - Text 'Elizath' is set on object 'Object Repository/IWP30/Page_ACHPersonalPaymentEntry/txt_Firstname'

25-10-2024T00:30:26 - [MESSAGE][PASSED] - Object 'Object Repository/IWP30/Page_ACHPersonalPaymentEntry/txt_Lastname' is present

25-10-2024T00:30:26 - [MESSAGE][PASSED] - Text 'Christine' is set on object 'Object Repository/IWP30/Page_ACHPersonalPaymentEntry/txt_Lastname'

25-10-2024T00:30:27 - [MESSAGE][PASSED] - Object 'Object Repository/IWP30/Page_ACHPersonalPaymentEntry/txt_routingNumber' is present

25-10-2024T00:30:27 - [MESSAGE][PASSED] - Text '256072691' is set on object 'Object Repository/IWP30/Page_ACHPersonalPaymentEntry/txt_routingNumber'

25-10-2024T00:30:27 - [MESSAGE][PASSED] - Object 'Object Repository/IWP30/Page_ACHPersonalPaymentEntry/txt_accountNumber' is present

25-10-2024T00:30:29 - [MESSAGE][PASSED] - Text '12344444' is set on object 'Object Repository/IWP30/Page_ACHPersonalPaymentEntry/txt_accountNumber'

25-10-2024T00:30:29 - [MESSAGE][PASSED] - Object 'Object Repository/IWP30/Page_ACHPersonalPaymentEntry/txt_confirmAccountNumber' is present

25-10-2024T00:30:30 - [MESSAGE][PASSED] - Text '12344444' is set on object 'Object Repository/IWP30/Page_ACHPersonalPaymentEntry/txt_confirmAccountNumber'

25-10-2024T00:30:30 - [MESSAGE][PASSED] - Object 'Object Repository/IWP30/Page_ACHPersonalPaymentEntry/rd_accountType' is present

25-10-2024T00:30:30 - [MESSAGE][PASSED] - Modify property of object successfully

25-10-2024T00:30:30 - [MESSAGE][PASSED] - Object: 'Object Repository/IWP30/Page_ACHPersonalPaymentEntry/rd_accountType' is clicked on

25-10-2024T00:30:30 - [MESSAGE][PASSED] - Execute JavaScript '
				   document.getElementById('processDate').value = '08/09/2025'
				  ' successfully

25-10-2024T00:30:31 - [MESSAGE][PASSED] - Text '365 Main Avenue' is set on object 'Object Repository/IWP30/Page_ACHPersonalPaymentEntry/txt_AL1'

25-10-2024T00:30:32 - [MESSAGE][PASSED] - Text 'Ohio' is set on object 'Object Repository/IWP30/Page_ACHPersonalPaymentEntry/txt_AL2'

25-10-2024T00:30:32 - [MESSAGE][PASSED] - Text '22201' is set on object 'Object Repository/IWP30/Page_ACHPersonalPaymentEntry/txt_ZIP'

25-10-2024T00:30:33 - [MESSAGE][PASSED] - Object 'Object Repository/IWP30/Page_ACHPersonalPaymentEntry/txt_Email' is present

25-10-2024T00:30:34 - [MESSAGE][PASSED] - Text 'iahmed@govolution.com' is set on object 'Object Repository/IWP30/Page_ACHPersonalPaymentEntry/txt_Email'

25-10-2024T00:30:34 - [MESSAGE][PASSED] - Object 'Object Repository/IWP30/Page_ACHPersonalPaymentEntry/cb_TermsAndCond' is present

25-10-2024T00:30:35 - [MESSAGE][PASSED] - Object: 'Object Repository/IWP30/Page_ACHPersonalPaymentEntry/cb_TermsAndCond' is clicked on

25-10-2024T00:30:35 - [MESSAGE][PASSED] - Object 'Object Repository/IWP30/Page_ACHPersonalPaymentEntry/btn_Continue' is present

25-10-2024T00:30:36 - [MESSAGE][PASSED] - Object: 'Object Repository/IWP30/Page_ACHPersonalPaymentEntry/btn_Continue' is clicked on

25-10-2024T00:30:36 - [MESSAGE][PASSED] - iwpPages.achPersonalPaymentEntryPage.setDataACHPPM is PASSED

25-10-2024T00:30:36 - [TEST_STEP][PASSED] - click(findTestObject("Object Repository/IWP30/Page_Confirmation/ConfirmButton")): Object: 'Object Repository/IWP30/Page_Confirmation/ConfirmButton' is clicked on

25-10-2024T00:30:39 - [MESSAGE][PASSED] - Object: 'Object Repository/IWP30/Page_Confirmation/ConfirmButton' is clicked on

25-10-2024T00:30:39 - [TEST_STEP][PASSED] - Thread.sleep(2000): null

25-10-2024T00:30:41 - [TEST_STEP][PASSED] - if (verifyTextPresent("Deferred", false)): null

25-10-2024T00:30:41 - [MESSAGE][PASSED] - Text 'Deferred' is present on page 

25-10-2024T00:30:41 - [TEST_STEP][PASSED] - click(findTestObject("Object Repository/IWP30/Page_Receipt/ViewScheduledPaymentsButton")): Object: 'Object Repository/IWP30/Page_Receipt/ViewScheduledPaymentsButton' is clicked on

25-10-2024T00:30:41 - [MESSAGE][PASSED] - Object: 'Object Repository/IWP30/Page_Receipt/ViewScheduledPaymentsButton' is clicked on

25-10-2024T00:30:41 - [TEST_STEP][PASSED] - switchToWindowTitle("View Scheduled Payments"): Switched to window with title: 'View Scheduled Payments'

25-10-2024T00:30:42 - [MESSAGE][PASSED] - Switched to window with title: 'View Scheduled Payments'

25-10-2024T00:30:42 - [TEST_STEP][PASSED] - Thread.sleep(4000): null

25-10-2024T00:30:46 - [TEST_STEP][PASSED] - if (verifyTextPresent("View Scheduled Payments", false)): null

25-10-2024T00:30:46 - [MESSAGE][PASSED] - Text 'View Scheduled Payments' is present on page 

25-10-2024T00:30:46 - [TEST_STEP][PASSED] - click(findTestObject("Object Repository/IWP30/Page_ScheduledPayments/cancel_payment")): Object: 'Object Repository/IWP30/Page_ScheduledPayments/cancel_payment' is clicked on

25-10-2024T00:30:47 - [MESSAGE][PASSED] - Object: 'Object Repository/IWP30/Page_ScheduledPayments/cancel_payment' is clicked on

25-10-2024T00:30:47 - [TEST_STEP][PASSED] - if (verifyTextPresent("Cancel Payment Plan", false)): null

25-10-2024T00:30:48 - [MESSAGE][PASSED] - Text 'Cancel Payment Plan' is present on page 

25-10-2024T00:30:48 - [TEST_STEP][PASSED] - click(findTestObject("Object Repository/IWP30/Page_PaymentPlan/btn_cancel")): Object: 'Object Repository/IWP30/Page_PaymentPlan/btn_cancel' is clicked on

25-10-2024T00:30:48 - [MESSAGE][PASSED] - Object: 'Object Repository/IWP30/Page_PaymentPlan/btn_cancel' is clicked on

25-10-2024T00:30:48 - [TEST_STEP][PASSED] - acceptAlert(): Alert accepted

25-10-2024T00:30:48 - [MESSAGE][PASSED] - Alert accepted

25-10-2024T00:30:48 - [TEST_STEP][PASSED] - if (verifyTextPresent("Your payment plan has been successfully canceled", false)): null

25-10-2024T00:30:49 - [MESSAGE][PASSED] - Text 'Your payment plan has been successfully canceled' is present on page 

25-10-2024T00:30:49 - [TEST_STEP][PASSED] - isRequiredTextPresent = true: null

25-10-2024T00:30:49 - [TEST_STEP][PASSED] - println(isRequiredTextPresent): null

25-10-2024T00:30:49 - [TEST_STEP][PASSED] - if (isRequiredTextPresent): null

25-10-2024T00:30:49 - [TEST_STEP][PASSED] - if (verifyTextPresent("CAN Label:", false)): null

25-10-2024T00:30:50 - [MESSAGE][PASSED] - Text 'CAN Label:' is present on page 

25-10-2024T00:30:50 - [TEST_STEP][PASSED] - isRequiredTextPresent = true: null

25-10-2024T00:30:50 - [TEST_STEP][PASSED] - println(isRequiredTextPresent): null

25-10-2024T00:30:50 - [TEST_STEP][PASSED] - if (isRequiredTextPresent): null

25-10-2024T00:30:50 - [TEST_STEP][PASSED] - if (verifyTextPresent("Please verify the following information:", false)): null

25-10-2024T00:30:50 - [MESSAGE][PASSED] - Text 'Please verify the following information:' is present on page 

25-10-2024T00:30:50 - [TEST_STEP][PASSED] - isRequiredTextPresent = true: null

25-10-2024T00:30:50 - [TEST_STEP][PASSED] - println(isRequiredTextPresent): null

25-10-2024T00:30:50 - [TEST_STEP][PASSED] - if (isRequiredTextPresent): null

25-10-2024T00:30:50 - [TEST_STEP][PASSED] - if (verifyTextPresent("Payment Information:", false)): null

25-10-2024T00:30:50 - [MESSAGE][PASSED] - Text 'Payment Information:' is present on page 

25-10-2024T00:30:50 - [TEST_STEP][PASSED] - isRequiredTextPresent = true: null

25-10-2024T00:30:50 - [TEST_STEP][PASSED] - println(isRequiredTextPresent): null

25-10-2024T00:30:50 - [TEST_STEP][PASSED] - if (isRequiredTextPresent): null

25-10-2024T00:30:50 - [TEST_STEP][PASSED] - if (verifyTextPresent("UDF2 Label:", false)): null

25-10-2024T00:30:50 - [MESSAGE][PASSED] - Text 'UDF2 Label:' is present on page 

25-10-2024T00:30:50 - [TEST_STEP][PASSED] - isRequiredTextPresent = true: null

25-10-2024T00:30:50 - [TEST_STEP][PASSED] - println(isRequiredTextPresent): null

25-10-2024T00:30:50 - [TEST_STEP][PASSED] - if (isRequiredTextPresent): null

25-10-2024T00:30:50 - [TEST_STEP][PASSED] - if (verifyTextPresent("UDF3 Label:", false)): null

25-10-2024T00:30:51 - [MESSAGE][PASSED] - Text 'UDF3 Label:' is present on page 

25-10-2024T00:30:51 - [TEST_STEP][PASSED] - isRequiredTextPresent = true: null

25-10-2024T00:30:51 - [TEST_STEP][PASSED] - println(isRequiredTextPresent): null

25-10-2024T00:30:51 - [TEST_STEP][PASSED] - if (isRequiredTextPresent): null

25-10-2024T00:30:51 - [TEST_STEP][PASSED] - if (verifyTextPresent("UDF4 Label:", false)): null

25-10-2024T00:30:51 - [MESSAGE][PASSED] - Text 'UDF4 Label:' is present on page 

25-10-2024T00:30:51 - [TEST_STEP][PASSED] - isRequiredTextPresent = true: null

25-10-2024T00:30:51 - [TEST_STEP][PASSED] - println(isRequiredTextPresent): null

25-10-2024T00:30:51 - [TEST_STEP][PASSED] - if (isRequiredTextPresent): null

25-10-2024T00:30:51 - [TEST_STEP][PASSED] - if (verifyTextPresent("UDF7 Label:", false)): null

25-10-2024T00:30:51 - [MESSAGE][PASSED] - Text 'UDF7 Label:' is present on page 

25-10-2024T00:30:51 - [TEST_STEP][PASSED] - isRequiredTextPresent = true: null

25-10-2024T00:30:51 - [TEST_STEP][PASSED] - println(isRequiredTextPresent): null

25-10-2024T00:30:51 - [TEST_STEP][PASSED] - if (isRequiredTextPresent): null

25-10-2024T00:30:51 - [TEST_STEP][PASSED] - if (verifyTextPresent("UDF8 Label:", false)): null

25-10-2024T00:30:51 - [MESSAGE][PASSED] - Text 'UDF8 Label:' is present on page 

25-10-2024T00:30:51 - [TEST_STEP][PASSED] - isRequiredTextPresent = true: null

25-10-2024T00:30:51 - [TEST_STEP][PASSED] - println(isRequiredTextPresent): null

25-10-2024T00:30:51 - [TEST_STEP][PASSED] - if (isRequiredTextPresent): null

25-10-2024T00:30:51 - [TEST_STEP][PASSED] - if (verifyTextPresent("UDF9 Label:", false)): null

25-10-2024T00:30:52 - [MESSAGE][PASSED] - Text 'UDF9 Label:' is present on page 

25-10-2024T00:30:52 - [TEST_STEP][PASSED] - isRequiredTextPresent = true: null

25-10-2024T00:30:52 - [TEST_STEP][PASSED] - println(isRequiredTextPresent): null

25-10-2024T00:30:52 - [TEST_STEP][PASSED] - if (isRequiredTextPresent): null

25-10-2024T00:30:52 - [TEST_STEP][PASSED] - if (verifyTextPresent("Account Information", false)): null

25-10-2024T00:30:52 - [MESSAGE][PASSED] - Text 'Account Information' is present on page 

25-10-2024T00:30:52 - [TEST_STEP][PASSED] - isRequiredTextPresent = true: null

25-10-2024T00:30:52 - [TEST_STEP][PASSED] - println(isRequiredTextPresent): null

25-10-2024T00:30:52 - [TEST_STEP][PASSED] - if (isRequiredTextPresent): null

25-10-2024T00:30:52 - [TEST_STEP][PASSED] - if (verifyTextPresent("First Name on Check:", false)): null

25-10-2024T00:30:52 - [MESSAGE][PASSED] - Text 'First Name on Check:' is present on page 

25-10-2024T00:30:52 - [TEST_STEP][PASSED] - isRequiredTextPresent = true: null

25-10-2024T00:30:52 - [TEST_STEP][PASSED] - println(isRequiredTextPresent): null

25-10-2024T00:30:52 - [TEST_STEP][PASSED] - if (isRequiredTextPresent): null

25-10-2024T00:30:52 - [TEST_STEP][PASSED] - if (verifyTextPresent("Last Name on Check:", false)): null

25-10-2024T00:30:53 - [MESSAGE][PASSED] - Text 'Last Name on Check:' is present on page 

25-10-2024T00:30:53 - [TEST_STEP][PASSED] - isRequiredTextPresent = true: null

25-10-2024T00:30:53 - [TEST_STEP][PASSED] - println(isRequiredTextPresent): null

25-10-2024T00:30:53 - [TEST_STEP][PASSED] - if (isRequiredTextPresent): null

25-10-2024T00:30:53 - [TEST_STEP][PASSED] - if (verifyTextPresent("Routing Transit Number:", false)): null

25-10-2024T00:30:53 - [MESSAGE][PASSED] - Text 'Routing Transit Number:' is present on page 

25-10-2024T00:30:53 - [TEST_STEP][PASSED] - isRequiredTextPresent = true: null

25-10-2024T00:30:53 - [TEST_STEP][PASSED] - println(isRequiredTextPresent): null

25-10-2024T00:30:53 - [TEST_STEP][PASSED] - if (isRequiredTextPresent): null

25-10-2024T00:30:53 - [TEST_STEP][PASSED] - if (verifyTextPresent("Account Number:", false)): null

25-10-2024T00:30:53 - [MESSAGE][PASSED] - Text 'Account Number:' is present on page 

25-10-2024T00:30:53 - [TEST_STEP][PASSED] - isRequiredTextPresent = true: null

25-10-2024T00:30:53 - [TEST_STEP][PASSED] - println(isRequiredTextPresent): null

25-10-2024T00:30:53 - [TEST_STEP][PASSED] - if (isRequiredTextPresent): null

25-10-2024T00:30:53 - [TEST_STEP][PASSED] - if (verifyTextPresent("Type of Account:", false)): null

25-10-2024T00:30:53 - [MESSAGE][PASSED] - Text 'Type of Account:' is present on page 

25-10-2024T00:30:53 - [TEST_STEP][PASSED] - isRequiredTextPresent = true: null

25-10-2024T00:30:53 - [TEST_STEP][PASSED] - println(isRequiredTextPresent): null

25-10-2024T00:30:53 - [TEST_STEP][PASSED] - if (isRequiredTextPresent): null

25-10-2024T00:30:53 - [TEST_STEP][PASSED] - if (verifyTextPresent("Address Line 1:", false)): null

25-10-2024T00:30:54 - [MESSAGE][PASSED] - Text 'Address Line 1:' is present on page 

25-10-2024T00:30:54 - [TEST_STEP][PASSED] - isRequiredTextPresent = true: null

25-10-2024T00:30:54 - [TEST_STEP][PASSED] - println(isRequiredTextPresent): null

25-10-2024T00:30:54 - [TEST_STEP][PASSED] - if (isRequiredTextPresent): null

25-10-2024T00:30:54 - [TEST_STEP][PASSED] - if (verifyTextPresent("Address Line 2:", false)): null

25-10-2024T00:30:54 - [MESSAGE][PASSED] - Text 'Address Line 2:' is present on page 

25-10-2024T00:30:54 - [TEST_STEP][PASSED] - isRequiredTextPresent = true: null

25-10-2024T00:30:54 - [TEST_STEP][PASSED] - println(isRequiredTextPresent): null

25-10-2024T00:30:54 - [TEST_STEP][PASSED] - if (isRequiredTextPresent): null

25-10-2024T00:30:54 - [TEST_STEP][PASSED] - if (verifyTextPresent("Country:", false)): null

25-10-2024T00:30:54 - [MESSAGE][PASSED] - Text 'Country:' is present on page 

25-10-2024T00:30:54 - [TEST_STEP][PASSED] - isRequiredTextPresent = true: null

25-10-2024T00:30:54 - [TEST_STEP][PASSED] - println(isRequiredTextPresent): null

25-10-2024T00:30:54 - [TEST_STEP][PASSED] - if (isRequiredTextPresent): null

25-10-2024T00:30:54 - [TEST_STEP][PASSED] - if (verifyTextPresent("City:", false)): null

25-10-2024T00:30:55 - [MESSAGE][PASSED] - Text 'City:' is present on page 

25-10-2024T00:30:55 - [TEST_STEP][PASSED] - isRequiredTextPresent = true: null

25-10-2024T00:30:55 - [TEST_STEP][PASSED] - println(isRequiredTextPresent): null

25-10-2024T00:30:55 - [TEST_STEP][PASSED] - if (isRequiredTextPresent): null

25-10-2024T00:30:55 - [TEST_STEP][PASSED] - if (verifyTextPresent("State:", false)): null

25-10-2024T00:30:55 - [MESSAGE][PASSED] - Text 'State:' is present on page 

25-10-2024T00:30:55 - [TEST_STEP][PASSED] - isRequiredTextPresent = true: null

25-10-2024T00:30:55 - [TEST_STEP][PASSED] - println(isRequiredTextPresent): null

25-10-2024T00:30:55 - [TEST_STEP][PASSED] - if (isRequiredTextPresent): null

25-10-2024T00:30:55 - [TEST_STEP][PASSED] - if (verifyTextPresent("ZIP Code:", false)): null

25-10-2024T00:30:55 - [MESSAGE][PASSED] - Text 'ZIP Code:' is present on page 

25-10-2024T00:30:55 - [TEST_STEP][PASSED] - isRequiredTextPresent = true: null

25-10-2024T00:30:55 - [TEST_STEP][PASSED] - println(isRequiredTextPresent): null

25-10-2024T00:30:55 - [TEST_STEP][PASSED] - if (isRequiredTextPresent): null

25-10-2024T00:30:55 - [TEST_STEP][PASSED] - if (verifyTextPresent("Email Address:", false)): null

25-10-2024T00:30:55 - [MESSAGE][PASSED] - Text 'Email Address:' is present on page 

25-10-2024T00:30:55 - [TEST_STEP][PASSED] - isRequiredTextPresent = true: null

25-10-2024T00:30:55 - [TEST_STEP][PASSED] - println(isRequiredTextPresent): null

25-10-2024T00:30:55 - [TEST_STEP][PASSED] - if (isRequiredTextPresent): null

25-10-2024T00:30:55 - [TEST_STEP][PASSED] - if (verifyTextPresent("Payment Plan Information:", false)): null

25-10-2024T00:30:56 - [MESSAGE][PASSED] - Text 'Payment Plan Information:' is present on page 

25-10-2024T00:30:56 - [TEST_STEP][PASSED] - isRequiredTextPresent = true: null

25-10-2024T00:30:56 - [TEST_STEP][PASSED] - println(isRequiredTextPresent): null

25-10-2024T00:30:56 - [TEST_STEP][PASSED] - if (isRequiredTextPresent): null

25-10-2024T00:30:56 - [TEST_STEP][PASSED] - if (verifyTextPresent("Payment Plan Type:", false)): null

25-10-2024T00:30:56 - [MESSAGE][PASSED] - Text 'Payment Plan Type:' is present on page 

25-10-2024T00:30:56 - [TEST_STEP][PASSED] - isRequiredTextPresent = true: null

25-10-2024T00:30:56 - [TEST_STEP][PASSED] - println(isRequiredTextPresent): null

25-10-2024T00:30:56 - [TEST_STEP][PASSED] - if (isRequiredTextPresent): null

25-10-2024T00:30:56 - [TEST_STEP][PASSED] - if (verifyTextPresent("Payment Plan Status:", false)): null

25-10-2024T00:30:56 - [MESSAGE][PASSED] - Text 'Payment Plan Status:' is present on page 

25-10-2024T00:30:56 - [TEST_STEP][PASSED] - isRequiredTextPresent = true: null

25-10-2024T00:30:56 - [TEST_STEP][PASSED] - println(isRequiredTextPresent): null

25-10-2024T00:30:56 - [TEST_STEP][PASSED] - if (isRequiredTextPresent): null

25-10-2024T00:30:56 - [TEST_STEP][PASSED] - if (verifyTextPresent("Payment Plan ID:", false)): null

25-10-2024T00:30:56 - [MESSAGE][PASSED] - Text 'Payment Plan ID:' is present on page 

25-10-2024T00:30:56 - [TEST_STEP][PASSED] - isRequiredTextPresent = true: null

25-10-2024T00:30:56 - [TEST_STEP][PASSED] - println(isRequiredTextPresent): null

25-10-2024T00:30:56 - [TEST_STEP][PASSED] - if (isRequiredTextPresent): null

25-10-2024T00:30:56 - [TEST_STEP][PASSED] - if (verifyTextPresent("Payment Plan Start Date:", false)): null

25-10-2024T00:30:57 - [MESSAGE][PASSED] - Text 'Payment Plan Start Date:' is present on page 

25-10-2024T00:30:57 - [TEST_STEP][PASSED] - isRequiredTextPresent = true: null

25-10-2024T00:30:57 - [TEST_STEP][PASSED] - println(isRequiredTextPresent): null

25-10-2024T00:30:57 - [TEST_STEP][PASSED] - if (isRequiredTextPresent): null

25-10-2024T00:30:57 - [TEST_STEP][PASSED] - if (verifyTextPresent("Amount:", false)): null

25-10-2024T00:30:57 - [MESSAGE][PASSED] - Text 'Amount:' is present on page 

25-10-2024T00:30:57 - [TEST_STEP][PASSED] - isRequiredTextPresent = true: null

25-10-2024T00:30:57 - [TEST_STEP][PASSED] - println(isRequiredTextPresent): null

25-10-2024T00:30:57 - [TEST_STEP][PASSED] - if (isRequiredTextPresent == true): pages.WriteExcel.demoKey is PASSED

25-10-2024T00:30:57 - [TEST_STEP][PASSED] - println("All the relevant texts are present on Receipt Page"): null

25-10-2024T00:30:57 - [TEST_STEP][PASSED] - markPassed("All the relevant texts are present on Receipt Page"): All the relevant texts are present on Receipt Page

25-10-2024T00:30:57 - [MESSAGE][PASSED] - All the relevant texts are present on Receipt Page

25-10-2024T00:30:57 - [TEST_STEP][PASSED] - resText = "Pass": null

25-10-2024T00:30:57 - [TEST_STEP][PASSED] - pages.WriteExcel.demoKey(resText, datText, resColumn, datCloumn, fileLoc, nameSheet, row): pages.WriteExcel.demoKey is PASSED

25-10-2024T00:30:57 - [MESSAGE][PASSED] - pages.WriteExcel.demoKey is PASSED

25-10-2024T00:30:57 - [TEST_STEP][PASSED] - closeBrowser(): Browser is closed

25-10-2024T00:30:58 - [MESSAGE][PASSED] - Browser is closed

25-10-2024T00:30:58 - [TEST_STEP][PASSED] - ExecuteTC = dataFile.getValue("Execute", row): null

25-10-2024T00:30:58 - [TEST_STEP][PASSED] - out.println("Value of Execute is : " + ExecuteTC): null

25-10-2024T00:30:58 - [TEST_STEP][PASSED] - if (ExecuteTC.equalsIgnoreCase("Y")): null

25-10-2024T00:30:58 - [TEST_STEP][PASSED] - out.println("Begin Record Number: " + row): null

25-10-2024T00:30:58 - [TEST_STEP][PASSED] - today = new java.util.Date(): null

25-10-2024T00:30:58 - [TEST_STEP][PASSED] - println(today): null

25-10-2024T00:30:58 - [TEST_STEP][PASSED] - datText = today: null

25-10-2024T00:30:58 - [TEST_STEP][PASSED] - EmulatorDataKey = dataFile.getValue("EmulatorData", row): null

25-10-2024T00:30:58 - [TEST_STEP][PASSED] - out.println("Value of Emulator Key is : " + EmulatorDataKey): null

25-10-2024T00:30:58 - [TEST_STEP][PASSED] - iwpPages.emulatorIWP30.setDataEmulator_DD(EmulatorDataKey): iwpPages.emulatorIWP30.setDataEmulator_DD is PASSED

25-10-2024T00:30:58 - [MESSAGE][INFO] - Starting 'Edge Chromium' driver

25-10-2024T00:30:58 - [MESSAGE][INFO] - User set preference: ['acceptInsecureCerts', 'true']

25-10-2024T00:31:00 - [MESSAGE][INFO] - Action delay is set to 0 milliseconds

25-10-2024T00:31:04 - [MESSAGE][PASSED] - Browser is opened with url: 'https://qa2.velocitypayment.com/agencyx/config.action?action=editor&message_version=3_0'

25-10-2024T00:31:04 - [MESSAGE][PASSED] - Current window maximized

25-10-2024T00:31:35 - [MESSAGE][INFO] - Unable to find the element located by 'By.xpath: //select[@name='message_version']'. Please recheck the objects properties to make sure the desired element is located. 

25-10-2024T00:31:35 - [MESSAGE][WARNING] - [SELF-HEALING] Failed to find element with id 'Object Repository/IWP30/Page_VRelay30Emulator/MV'. Try using Self-healing.

25-10-2024T00:31:35 - [MESSAGE][WARNING] - [SELF-HEALING] The current locator of test object 'Object Repository/IWP30/Page_VRelay30Emulator/MV' was broken. Propose an alternative one: '(.//*[normalize-space(text()) and normalize-space(.)='Message Version'])[1]/following::select[1]'.

25-10-2024T00:31:36 - [MESSAGE][PASSED] - All options with value '3.0' are selected in object 'Object Repository/IWP30/Page_VRelay30Emulator/MV'  using regular expression

25-10-2024T00:31:37 - [MESSAGE][PASSED] - Text '10.50' is set on object 'Object Repository/IWP30/Page_EmulatorAgencyX/Amount'

25-10-2024T00:31:37 - [MESSAGE][PASSED] - Text 'PUKLAikWUutZ' is set on object 'Object Repository/IWP30/Page_EmulatorAgencyX/CAN'

25-10-2024T00:31:38 - [MESSAGE][PASSED] - Text 'PayNow' is set on object 'Object Repository/IWP30/Page_EmulatorAgencyX/Action'

25-10-2024T00:31:38 - [MESSAGE][PASSED] - Text 'en_US' is set on object 'Object Repository/IWP30/Page_EmulatorAgencyX/Lang'

25-10-2024T00:31:39 - [MESSAGE][PASSED] - Text '' is set on object 'Object Repository/IWP30/Page_EmulatorAgencyX/Fname'

25-10-2024T00:31:39 - [MESSAGE][PASSED] - Text '' is set on object 'Object Repository/IWP30/Page_EmulatorAgencyX/Lname'

25-10-2024T00:31:40 - [MESSAGE][PASSED] - Text '' is set on object 'Object Repository/IWP30/Page_EmulatorAgencyX/AL1'

25-10-2024T00:31:41 - [MESSAGE][PASSED] - Text '' is set on object 'Object Repository/IWP30/Page_EmulatorAgencyX/AL2'

25-10-2024T00:31:41 - [MESSAGE][PASSED] - Text '' is set on object 'Object Repository/IWP30/Page_EmulatorAgencyX/Country'

25-10-2024T00:31:42 - [MESSAGE][PASSED] - Text '' is set on object 'Object Repository/IWP30/Page_EmulatorAgencyX/City'

25-10-2024T00:31:42 - [MESSAGE][PASSED] - Text '' is set on object 'Object Repository/IWP30/Page_EmulatorAgencyX/State'

25-10-2024T00:31:43 - [MESSAGE][PASSED] - Text '' is set on object 'Object Repository/IWP30/Page_EmulatorAgencyX/ZIP'

25-10-2024T00:31:43 - [MESSAGE][PASSED] - Text '' is set on object 'Object Repository/IWP30/Page_EmulatorAgencyX/Order'

25-10-2024T00:31:44 - [MESSAGE][PASSED] - Text '' is set on object 'Object Repository/IWP30/Page_EmulatorAgencyX/Company'

25-10-2024T00:31:45 - [MESSAGE][PASSED] - Text '' is set on object 'Object Repository/IWP30/Page_EmulatorAgencyX/Email'

25-10-2024T00:31:45 - [MESSAGE][PASSED] - Text '' is set on object 'Object Repository/IWP30/Page_EmulatorAgencyX/UDF1'

25-10-2024T00:31:46 - [MESSAGE][PASSED] - Text '' is set on object 'Object Repository/IWP30/Page_EmulatorAgencyX/UDF2'

25-10-2024T00:31:46 - [MESSAGE][PASSED] - Text '' is set on object 'Object Repository/IWP30/Page_EmulatorAgencyX/UDF3'

25-10-2024T00:31:47 - [MESSAGE][PASSED] - Text 'udf data 4' is set on object 'Object Repository/IWP30/Page_EmulatorAgencyX/UDF4'

25-10-2024T00:31:47 - [MESSAGE][PASSED] - Text 'udf data 5' is set on object 'Object Repository/IWP30/Page_EmulatorAgencyX/UDF5'

25-10-2024T00:31:48 - [MESSAGE][PASSED] - Text '' is set on object 'Object Repository/IWP30/Page_EmulatorAgencyX/UDF6'

25-10-2024T00:31:49 - [MESSAGE][PASSED] - Text '' is set on object 'Object Repository/IWP30/Page_EmulatorAgencyX/UDF7'

25-10-2024T00:31:49 - [MESSAGE][PASSED] - Text '' is set on object 'Object Repository/IWP30/Page_EmulatorAgencyX/UDF8'

25-10-2024T00:31:50 - [MESSAGE][PASSED] - Text 'udf data 9' is set on object 'Object Repository/IWP30/Page_EmulatorAgencyX/UDF9'

25-10-2024T00:31:50 - [MESSAGE][PASSED] - Text 'udf data 10' is set on object 'Object Repository/IWP30/Page_EmulatorAgencyX/UDF10'

25-10-2024T00:31:52 - [MESSAGE][PASSED] - Object: 'Object Repository/IWP30/Page_EmulatorAgencyX/Submit' is clicked on

25-10-2024T00:31:56 - [MESSAGE][PASSED] - Browser is closed

25-10-2024T00:32:00 - [MESSAGE][PASSED] - iwpPages.emulatorIWP30.setDataEmulator_DD is PASSED

25-10-2024T00:32:00 - [TEST_STEP][PASSED] - testHarnessURL = urlTestHarness: null

25-10-2024T00:32:00 - [TEST_STEP][PASSED] - openBrowser(testHarnessURL): Browser is opened with url: 'https://dev-algorithm.govolution.com/vrelaytest/QA2/version_2_2/vrelaytest.html'

25-10-2024T00:32:00 - [MESSAGE][INFO] - Starting 'Edge Chromium' driver

25-10-2024T00:32:00 - [MESSAGE][INFO] - User set preference: ['acceptInsecureCerts', 'true']

25-10-2024T00:32:02 - [MESSAGE][INFO] - Action delay is set to 0 milliseconds

25-10-2024T00:32:06 - [MESSAGE][PASSED] - Browser is opened with url: 'https://dev-algorithm.govolution.com/vrelaytest/QA2/version_2_2/vrelaytest.html'

25-10-2024T00:32:06 - [TEST_STEP][PASSED] - maximizeWindow(): Current window maximized

25-10-2024T00:32:06 - [MESSAGE][PASSED] - Current window maximized

25-10-2024T00:32:06 - [TEST_STEP][PASSED] - iwpPages.TestHarnessPage.setDataMethodEF(row, dataFile): iwpPages.TestHarnessPage.setDataMethodEF is PASSED

25-10-2024T00:32:06 - [MESSAGE][PASSED] - Object 'Object Repository/IWP30/Page_QATestHarness/RemittanceID' is present

25-10-2024T00:32:07 - [MESSAGE][PASSED] - Text '649' is set on object 'Object Repository/IWP30/Page_QATestHarness/ApplicationID'

25-10-2024T00:32:08 - [MESSAGE][PASSED] - Text '3.0' is set on object 'Object Repository/IWP30/Page_QATestHarness/MessageVersion'

25-10-2024T00:32:08 - [MESSAGE][PASSED] - Text 'ePLjWDKOznPf' is set on object 'Object Repository/IWP30/Page_QATestHarness/RemittanceID'

25-10-2024T00:32:13 - [MESSAGE][PASSED] - Object: 'Object Repository/IWP30/Page_QATestHarness/SubmitButton' is clicked on

25-10-2024T00:32:13 - [MESSAGE][PASSED] - iwpPages.TestHarnessPage.setDataMethodEF is PASSED

25-10-2024T00:32:13 - [TEST_STEP][PASSED] - click(findTestObject("Object Repository/IWP30/Page_SelectPaymentMethod/PayByPersonalCheck")): Object: 'Object Repository/IWP30/Page_SelectPaymentMethod/PayByPersonalCheck' is clicked on

25-10-2024T00:32:14 - [MESSAGE][PASSED] - Object: 'Object Repository/IWP30/Page_SelectPaymentMethod/PayByPersonalCheck' is clicked on

25-10-2024T00:32:14 - [TEST_STEP][PASSED] - click(findTestObject("Object Repository/IWP30/Page_SelectPaymentMethod/MakePaymentButton")): Object: 'Object Repository/IWP30/Page_SelectPaymentMethod/MakePaymentButton' is clicked on

25-10-2024T00:32:16 - [MESSAGE][PASSED] - Object: 'Object Repository/IWP30/Page_SelectPaymentMethod/MakePaymentButton' is clicked on

25-10-2024T00:32:16 - [TEST_STEP][PASSED] - iwpPages.achPersonalPaymentEntryPage.setDataACHPPM(row, dataFile): iwpPages.achPersonalPaymentEntryPage.setDataACHPPM is PASSED

25-10-2024T00:32:17 - [MESSAGE][PASSED] - Object 'Object Repository/IWP30/Page_ACHPersonalPaymentEntry/txt_accountNumber' is present

25-10-2024T00:32:17 - [MESSAGE][PASSED] - Text '10.50' is set on object 'Object Repository/IWP30/Page_ACHPersonalPaymentEntry/txt_Amount'

25-10-2024T00:32:18 - [MESSAGE][PASSED] - Object 'Object Repository/IWP30/Page_ACHPersonalPaymentEntry/txt_UDF2' is present

25-10-2024T00:32:18 - [MESSAGE][PASSED] - Text 'udf data 2' is set on object 'Object Repository/IWP30/Page_ACHPersonalPaymentEntry/txt_UDF2'

25-10-2024T00:32:19 - [MESSAGE][PASSED] - Text 'udf data 3' is set on object 'Object Repository/IWP30/Page_ACHPersonalPaymentEntry/txt_UDF3'

25-10-2024T00:32:19 - [MESSAGE][PASSED] - All options with label 'Orange' are selected in object 'Object Repository/IWP30/Page_ACHPersonalPaymentEntry/dd_UDF7' 

25-10-2024T00:32:20 - [MESSAGE][PASSED] - All options with label 'Soccer' are selected in object 'Object Repository/IWP30/Page_ACHPersonalPaymentEntry/dd_UDF8' 

25-10-2024T00:32:20 - [MESSAGE][PASSED] - Object 'Object Repository/IWP30/Page_ACHPersonalPaymentEntry/txt_Firstname' is present

25-10-2024T00:32:21 - [MESSAGE][PASSED] - Text 'Elizath' is set on object 'Object Repository/IWP30/Page_ACHPersonalPaymentEntry/txt_Firstname'

25-10-2024T00:32:21 - [MESSAGE][PASSED] - Object 'Object Repository/IWP30/Page_ACHPersonalPaymentEntry/txt_Lastname' is present

25-10-2024T00:32:22 - [MESSAGE][PASSED] - Text 'Christine' is set on object 'Object Repository/IWP30/Page_ACHPersonalPaymentEntry/txt_Lastname'

25-10-2024T00:32:22 - [MESSAGE][PASSED] - Object 'Object Repository/IWP30/Page_ACHPersonalPaymentEntry/txt_routingNumber' is present

25-10-2024T00:32:23 - [MESSAGE][PASSED] - Text '256072691' is set on object 'Object Repository/IWP30/Page_ACHPersonalPaymentEntry/txt_routingNumber'

25-10-2024T00:32:23 - [MESSAGE][PASSED] - Object 'Object Repository/IWP30/Page_ACHPersonalPaymentEntry/txt_accountNumber' is present

25-10-2024T00:32:24 - [MESSAGE][PASSED] - Text '12344444' is set on object 'Object Repository/IWP30/Page_ACHPersonalPaymentEntry/txt_accountNumber'

25-10-2024T00:32:24 - [MESSAGE][PASSED] - Object 'Object Repository/IWP30/Page_ACHPersonalPaymentEntry/txt_confirmAccountNumber' is present

25-10-2024T00:32:25 - [MESSAGE][PASSED] - Text '12344444' is set on object 'Object Repository/IWP30/Page_ACHPersonalPaymentEntry/txt_confirmAccountNumber'

25-10-2024T00:32:25 - [MESSAGE][PASSED] - Object 'Object Repository/IWP30/Page_ACHPersonalPaymentEntry/rd_accountType' is present

25-10-2024T00:32:25 - [MESSAGE][PASSED] - Modify property of object successfully

25-10-2024T00:32:25 - [MESSAGE][PASSED] - Object: 'Object Repository/IWP30/Page_ACHPersonalPaymentEntry/rd_accountType' is clicked on

25-10-2024T00:32:25 - [MESSAGE][PASSED] - Execute JavaScript '
				   document.getElementById('processDate').value = '08/09/2025'
				  ' successfully

25-10-2024T00:32:26 - [MESSAGE][PASSED] - Text '365 Main Avenue' is set on object 'Object Repository/IWP30/Page_ACHPersonalPaymentEntry/txt_AL1'

25-10-2024T00:32:27 - [MESSAGE][PASSED] - Text 'Ohio' is set on object 'Object Repository/IWP30/Page_ACHPersonalPaymentEntry/txt_AL2'

25-10-2024T00:32:27 - [MESSAGE][PASSED] - Text '22201' is set on object 'Object Repository/IWP30/Page_ACHPersonalPaymentEntry/txt_ZIP'

25-10-2024T00:32:27 - [MESSAGE][PASSED] - Object 'Object Repository/IWP30/Page_ACHPersonalPaymentEntry/txt_Email' is present

25-10-2024T00:32:28 - [MESSAGE][PASSED] - Text 'iahmed@govolution.com' is set on object 'Object Repository/IWP30/Page_ACHPersonalPaymentEntry/txt_Email'

25-10-2024T00:32:29 - [MESSAGE][PASSED] - Object 'Object Repository/IWP30/Page_ACHPersonalPaymentEntry/cb_TermsAndCond' is present

25-10-2024T00:32:29 - [MESSAGE][PASSED] - Object: 'Object Repository/IWP30/Page_ACHPersonalPaymentEntry/cb_TermsAndCond' is clicked on

25-10-2024T00:32:29 - [MESSAGE][PASSED] - Object 'Object Repository/IWP30/Page_ACHPersonalPaymentEntry/btn_Continue' is present

25-10-2024T00:32:30 - [MESSAGE][PASSED] - Object: 'Object Repository/IWP30/Page_ACHPersonalPaymentEntry/btn_Continue' is clicked on

25-10-2024T00:32:30 - [MESSAGE][PASSED] - iwpPages.achPersonalPaymentEntryPage.setDataACHPPM is PASSED

25-10-2024T00:32:30 - [TEST_STEP][PASSED] - click(findTestObject("Object Repository/IWP30/Page_Confirmation/ConfirmButton")): Object: 'Object Repository/IWP30/Page_Confirmation/ConfirmButton' is clicked on

25-10-2024T00:33:02 - [MESSAGE][INFO] - Unable to find the element located by 'By.xpath: //*[@type = 'submit' and @name = 'confirmNotifyAction' and @id = 'submitYes' and @value = 'Confirm']'. Please recheck the objects properties to make sure the desired element is located. 

25-10-2024T00:33:02 - [MESSAGE][WARNING] - [SELF-HEALING] Failed to find element with id 'Object Repository/IWP30/Page_Confirmation/ConfirmButton'. Try using Self-healing.

25-10-2024T00:33:02 - [MESSAGE][WARNING] - [SELF-HEALING] The current locator of test object 'Object Repository/IWP30/Page_Confirmation/ConfirmButton' was broken. Propose an alternative one: '//div/input'.

25-10-2024T00:33:04 - [MESSAGE][PASSED] - Object: 'Object Repository/IWP30/Page_Confirmation/ConfirmButton' is clicked on

25-10-2024T00:33:04 - [TEST_STEP][PASSED] - Thread.sleep(2000): null

25-10-2024T00:33:06 - [TEST_STEP][PASSED] - if (verifyTextPresent("Deferred", false)): null

25-10-2024T00:33:06 - [MESSAGE][PASSED] - Text 'Deferred' is present on page 

25-10-2024T00:33:06 - [TEST_STEP][PASSED] - click(findTestObject("Object Repository/IWP30/Page_Receipt/ViewScheduledPaymentsButton")): Object: 'Object Repository/IWP30/Page_Receipt/ViewScheduledPaymentsButton' is clicked on

25-10-2024T00:33:06 - [MESSAGE][PASSED] - Object: 'Object Repository/IWP30/Page_Receipt/ViewScheduledPaymentsButton' is clicked on

25-10-2024T00:33:06 - [TEST_STEP][PASSED] - switchToWindowTitle("View Scheduled Payments"): Switched to window with title: 'View Scheduled Payments'

25-10-2024T00:33:06 - [MESSAGE][PASSED] - Switched to window with title: 'View Scheduled Payments'

25-10-2024T00:33:06 - [TEST_STEP][PASSED] - Thread.sleep(4000): null

25-10-2024T00:33:11 - [TEST_STEP][PASSED] - if (verifyTextPresent("View Scheduled Payments", false)): null

25-10-2024T00:33:11 - [MESSAGE][PASSED] - Text 'View Scheduled Payments' is present on page 

25-10-2024T00:33:11 - [TEST_STEP][PASSED] - click(findTestObject("Object Repository/IWP30/Page_ScheduledPayments/cancel_payment")): Object: 'Object Repository/IWP30/Page_ScheduledPayments/cancel_payment' is clicked on

25-10-2024T00:33:12 - [MESSAGE][PASSED] - Object: 'Object Repository/IWP30/Page_ScheduledPayments/cancel_payment' is clicked on

25-10-2024T00:33:12 - [TEST_STEP][PASSED] - if (verifyTextPresent("Cancel Payment Plan", false)): null

25-10-2024T00:33:13 - [MESSAGE][PASSED] - Text 'Cancel Payment Plan' is present on page 

25-10-2024T00:33:13 - [TEST_STEP][PASSED] - click(findTestObject("Object Repository/IWP30/Page_PaymentPlan/btn_cancel")): Object: 'Object Repository/IWP30/Page_PaymentPlan/btn_cancel' is clicked on

25-10-2024T00:33:13 - [MESSAGE][PASSED] - Object: 'Object Repository/IWP30/Page_PaymentPlan/btn_cancel' is clicked on

25-10-2024T00:33:13 - [TEST_STEP][PASSED] - acceptAlert(): Alert accepted

25-10-2024T00:33:13 - [MESSAGE][PASSED] - Alert accepted

25-10-2024T00:33:13 - [TEST_STEP][PASSED] - if (verifyTextPresent("Your payment plan has been successfully canceled", false)): null

25-10-2024T00:33:15 - [MESSAGE][PASSED] - Text 'Your payment plan has been successfully canceled' is present on page 

25-10-2024T00:33:15 - [TEST_STEP][PASSED] - isRequiredTextPresent = true: null

25-10-2024T00:33:15 - [TEST_STEP][PASSED] - println(isRequiredTextPresent): null

25-10-2024T00:33:15 - [TEST_STEP][PASSED] - if (isRequiredTextPresent): null

25-10-2024T00:33:15 - [TEST_STEP][PASSED] - if (verifyTextPresent("CAN Label:", false)): null

25-10-2024T00:33:15 - [MESSAGE][PASSED] - Text 'CAN Label:' is present on page 

25-10-2024T00:33:15 - [TEST_STEP][PASSED] - isRequiredTextPresent = true: null

25-10-2024T00:33:15 - [TEST_STEP][PASSED] - println(isRequiredTextPresent): null

25-10-2024T00:33:15 - [TEST_STEP][PASSED] - if (isRequiredTextPresent): null

25-10-2024T00:33:15 - [TEST_STEP][PASSED] - if (verifyTextPresent("Please verify the following information:", false)): null

25-10-2024T00:33:15 - [MESSAGE][PASSED] - Text 'Please verify the following information:' is present on page 

25-10-2024T00:33:15 - [TEST_STEP][PASSED] - isRequiredTextPresent = true: null

25-10-2024T00:33:15 - [TEST_STEP][PASSED] - println(isRequiredTextPresent): null

25-10-2024T00:33:15 - [TEST_STEP][PASSED] - if (isRequiredTextPresent): null

25-10-2024T00:33:15 - [TEST_STEP][PASSED] - if (verifyTextPresent("Payment Information:", false)): null

25-10-2024T00:33:15 - [MESSAGE][PASSED] - Text 'Payment Information:' is present on page 

25-10-2024T00:33:15 - [TEST_STEP][PASSED] - isRequiredTextPresent = true: null

25-10-2024T00:33:15 - [TEST_STEP][PASSED] - println(isRequiredTextPresent): null

25-10-2024T00:33:15 - [TEST_STEP][PASSED] - if (isRequiredTextPresent): null

25-10-2024T00:33:15 - [TEST_STEP][PASSED] - if (verifyTextPresent("UDF2 Label:", false)): null

25-10-2024T00:33:16 - [MESSAGE][PASSED] - Text 'UDF2 Label:' is present on page 

25-10-2024T00:33:16 - [TEST_STEP][PASSED] - isRequiredTextPresent = true: null

25-10-2024T00:33:16 - [TEST_STEP][PASSED] - println(isRequiredTextPresent): null

25-10-2024T00:33:16 - [TEST_STEP][PASSED] - if (isRequiredTextPresent): null

25-10-2024T00:33:16 - [TEST_STEP][PASSED] - if (verifyTextPresent("UDF3 Label:", false)): null

25-10-2024T00:33:16 - [MESSAGE][PASSED] - Text 'UDF3 Label:' is present on page 

25-10-2024T00:33:16 - [TEST_STEP][PASSED] - isRequiredTextPresent = true: null

25-10-2024T00:33:16 - [TEST_STEP][PASSED] - println(isRequiredTextPresent): null

25-10-2024T00:33:16 - [TEST_STEP][PASSED] - if (isRequiredTextPresent): null

25-10-2024T00:33:16 - [TEST_STEP][PASSED] - if (verifyTextPresent("UDF4 Label:", false)): null

25-10-2024T00:33:16 - [MESSAGE][PASSED] - Text 'UDF4 Label:' is present on page 

25-10-2024T00:33:16 - [TEST_STEP][PASSED] - isRequiredTextPresent = true: null

25-10-2024T00:33:16 - [TEST_STEP][PASSED] - println(isRequiredTextPresent): null

25-10-2024T00:33:16 - [TEST_STEP][PASSED] - if (isRequiredTextPresent): null

25-10-2024T00:33:16 - [TEST_STEP][PASSED] - if (verifyTextPresent("UDF7 Label:", false)): null

25-10-2024T00:33:17 - [MESSAGE][PASSED] - Text 'UDF7 Label:' is present on page 

25-10-2024T00:33:17 - [TEST_STEP][PASSED] - isRequiredTextPresent = true: null

25-10-2024T00:33:17 - [TEST_STEP][PASSED] - println(isRequiredTextPresent): null

25-10-2024T00:33:17 - [TEST_STEP][PASSED] - if (isRequiredTextPresent): null

25-10-2024T00:33:17 - [TEST_STEP][PASSED] - if (verifyTextPresent("UDF8 Label:", false)): null

25-10-2024T00:33:17 - [MESSAGE][PASSED] - Text 'UDF8 Label:' is present on page 

25-10-2024T00:33:17 - [TEST_STEP][PASSED] - isRequiredTextPresent = true: null

25-10-2024T00:33:17 - [TEST_STEP][PASSED] - println(isRequiredTextPresent): null

25-10-2024T00:33:17 - [TEST_STEP][PASSED] - if (isRequiredTextPresent): null

25-10-2024T00:33:17 - [TEST_STEP][PASSED] - if (verifyTextPresent("UDF9 Label:", false)): null

25-10-2024T00:33:17 - [MESSAGE][PASSED] - Text 'UDF9 Label:' is present on page 

25-10-2024T00:33:17 - [TEST_STEP][PASSED] - isRequiredTextPresent = true: null

25-10-2024T00:33:17 - [TEST_STEP][PASSED] - println(isRequiredTextPresent): null

25-10-2024T00:33:17 - [TEST_STEP][PASSED] - if (isRequiredTextPresent): null

25-10-2024T00:33:17 - [TEST_STEP][PASSED] - if (verifyTextPresent("Account Information", false)): null

25-10-2024T00:33:17 - [MESSAGE][PASSED] - Text 'Account Information' is present on page 

25-10-2024T00:33:17 - [TEST_STEP][PASSED] - isRequiredTextPresent = true: null

25-10-2024T00:33:17 - [TEST_STEP][PASSED] - println(isRequiredTextPresent): null

25-10-2024T00:33:17 - [TEST_STEP][PASSED] - if (isRequiredTextPresent): null

25-10-2024T00:33:17 - [TEST_STEP][PASSED] - if (verifyTextPresent("First Name on Check:", false)): null

25-10-2024T00:33:18 - [MESSAGE][PASSED] - Text 'First Name on Check:' is present on page 

25-10-2024T00:33:18 - [TEST_STEP][PASSED] - isRequiredTextPresent = true: null

25-10-2024T00:33:18 - [TEST_STEP][PASSED] - println(isRequiredTextPresent): null

25-10-2024T00:33:18 - [TEST_STEP][PASSED] - if (isRequiredTextPresent): null

25-10-2024T00:33:18 - [TEST_STEP][PASSED] - if (verifyTextPresent("Last Name on Check:", false)): null

25-10-2024T00:33:18 - [MESSAGE][PASSED] - Text 'Last Name on Check:' is present on page 

25-10-2024T00:33:18 - [TEST_STEP][PASSED] - isRequiredTextPresent = true: null

25-10-2024T00:33:18 - [TEST_STEP][PASSED] - println(isRequiredTextPresent): null

25-10-2024T00:33:18 - [TEST_STEP][PASSED] - if (isRequiredTextPresent): null

25-10-2024T00:33:18 - [TEST_STEP][PASSED] - if (verifyTextPresent("Routing Transit Number:", false)): null

25-10-2024T00:33:18 - [MESSAGE][PASSED] - Text 'Routing Transit Number:' is present on page 

25-10-2024T00:33:18 - [TEST_STEP][PASSED] - isRequiredTextPresent = true: null

25-10-2024T00:33:18 - [TEST_STEP][PASSED] - println(isRequiredTextPresent): null

25-10-2024T00:33:18 - [TEST_STEP][PASSED] - if (isRequiredTextPresent): null

25-10-2024T00:33:18 - [TEST_STEP][PASSED] - if (verifyTextPresent("Account Number:", false)): null

25-10-2024T00:33:19 - [MESSAGE][PASSED] - Text 'Account Number:' is present on page 

25-10-2024T00:33:19 - [TEST_STEP][PASSED] - isRequiredTextPresent = true: null

25-10-2024T00:33:19 - [TEST_STEP][PASSED] - println(isRequiredTextPresent): null

25-10-2024T00:33:19 - [TEST_STEP][PASSED] - if (isRequiredTextPresent): null

25-10-2024T00:33:19 - [TEST_STEP][PASSED] - if (verifyTextPresent("Type of Account:", false)): null

25-10-2024T00:33:19 - [MESSAGE][PASSED] - Text 'Type of Account:' is present on page 

25-10-2024T00:33:19 - [TEST_STEP][PASSED] - isRequiredTextPresent = true: null

25-10-2024T00:33:19 - [TEST_STEP][PASSED] - println(isRequiredTextPresent): null

25-10-2024T00:33:19 - [TEST_STEP][PASSED] - if (isRequiredTextPresent): null

25-10-2024T00:33:19 - [TEST_STEP][PASSED] - if (verifyTextPresent("Address Line 1:", false)): null

25-10-2024T00:33:19 - [MESSAGE][PASSED] - Text 'Address Line 1:' is present on page 

25-10-2024T00:33:19 - [TEST_STEP][PASSED] - isRequiredTextPresent = true: null

25-10-2024T00:33:19 - [TEST_STEP][PASSED] - println(isRequiredTextPresent): null

25-10-2024T00:33:19 - [TEST_STEP][PASSED] - if (isRequiredTextPresent): null

25-10-2024T00:33:19 - [TEST_STEP][PASSED] - if (verifyTextPresent("Address Line 2:", false)): null

25-10-2024T00:33:20 - [MESSAGE][PASSED] - Text 'Address Line 2:' is present on page 

25-10-2024T00:33:20 - [TEST_STEP][PASSED] - isRequiredTextPresent = true: null

25-10-2024T00:33:20 - [TEST_STEP][PASSED] - println(isRequiredTextPresent): null

25-10-2024T00:33:20 - [TEST_STEP][PASSED] - if (isRequiredTextPresent): null

25-10-2024T00:33:20 - [TEST_STEP][PASSED] - if (verifyTextPresent("Country:", false)): null

25-10-2024T00:33:20 - [MESSAGE][PASSED] - Text 'Country:' is present on page 

25-10-2024T00:33:20 - [TEST_STEP][PASSED] - isRequiredTextPresent = true: null

25-10-2024T00:33:20 - [TEST_STEP][PASSED] - println(isRequiredTextPresent): null

25-10-2024T00:33:20 - [TEST_STEP][PASSED] - if (isRequiredTextPresent): null

25-10-2024T00:33:20 - [TEST_STEP][PASSED] - if (verifyTextPresent("City:", false)): null

25-10-2024T00:33:20 - [MESSAGE][PASSED] - Text 'City:' is present on page 

25-10-2024T00:33:20 - [TEST_STEP][PASSED] - isRequiredTextPresent = true: null

25-10-2024T00:33:20 - [TEST_STEP][PASSED] - println(isRequiredTextPresent): null

25-10-2024T00:33:20 - [TEST_STEP][PASSED] - if (isRequiredTextPresent): null

25-10-2024T00:33:20 - [TEST_STEP][PASSED] - if (verifyTextPresent("State:", false)): null

25-10-2024T00:33:21 - [MESSAGE][PASSED] - Text 'State:' is present on page 

25-10-2024T00:33:21 - [TEST_STEP][PASSED] - isRequiredTextPresent = true: null

25-10-2024T00:33:21 - [TEST_STEP][PASSED] - println(isRequiredTextPresent): null

25-10-2024T00:33:21 - [TEST_STEP][PASSED] - if (isRequiredTextPresent): null

25-10-2024T00:33:21 - [TEST_STEP][PASSED] - if (verifyTextPresent("ZIP Code:", false)): null

25-10-2024T00:33:21 - [MESSAGE][PASSED] - Text 'ZIP Code:' is present on page 

25-10-2024T00:33:21 - [TEST_STEP][PASSED] - isRequiredTextPresent = true: null

25-10-2024T00:33:21 - [TEST_STEP][PASSED] - println(isRequiredTextPresent): null

25-10-2024T00:33:21 - [TEST_STEP][PASSED] - if (isRequiredTextPresent): null

25-10-2024T00:33:21 - [TEST_STEP][PASSED] - if (verifyTextPresent("Email Address:", false)): null

25-10-2024T00:33:21 - [MESSAGE][PASSED] - Text 'Email Address:' is present on page 

25-10-2024T00:33:21 - [TEST_STEP][PASSED] - isRequiredTextPresent = true: null

25-10-2024T00:33:21 - [TEST_STEP][PASSED] - println(isRequiredTextPresent): null

25-10-2024T00:33:21 - [TEST_STEP][PASSED] - if (isRequiredTextPresent): null

25-10-2024T00:33:21 - [TEST_STEP][PASSED] - if (verifyTextPresent("Payment Plan Information:", false)): null

25-10-2024T00:33:22 - [MESSAGE][PASSED] - Text 'Payment Plan Information:' is present on page 

25-10-2024T00:33:22 - [TEST_STEP][PASSED] - isRequiredTextPresent = true: null

25-10-2024T00:33:22 - [TEST_STEP][PASSED] - println(isRequiredTextPresent): null

25-10-2024T00:33:22 - [TEST_STEP][PASSED] - if (isRequiredTextPresent): null

25-10-2024T00:33:22 - [TEST_STEP][PASSED] - if (verifyTextPresent("Payment Plan Type:", false)): null

25-10-2024T00:33:22 - [MESSAGE][PASSED] - Text 'Payment Plan Type:' is present on page 

25-10-2024T00:33:22 - [TEST_STEP][PASSED] - isRequiredTextPresent = true: null

25-10-2024T00:33:22 - [TEST_STEP][PASSED] - println(isRequiredTextPresent): null

25-10-2024T00:33:22 - [TEST_STEP][PASSED] - if (isRequiredTextPresent): null

25-10-2024T00:33:22 - [TEST_STEP][PASSED] - if (verifyTextPresent("Payment Plan Status:", false)): null

25-10-2024T00:33:22 - [MESSAGE][PASSED] - Text 'Payment Plan Status:' is present on page 

25-10-2024T00:33:22 - [TEST_STEP][PASSED] - isRequiredTextPresent = true: null

25-10-2024T00:33:22 - [TEST_STEP][PASSED] - println(isRequiredTextPresent): null

25-10-2024T00:33:22 - [TEST_STEP][PASSED] - if (isRequiredTextPresent): null

25-10-2024T00:33:22 - [TEST_STEP][PASSED] - if (verifyTextPresent("Payment Plan ID:", false)): null

25-10-2024T00:33:22 - [MESSAGE][PASSED] - Text 'Payment Plan ID:' is present on page 

25-10-2024T00:33:22 - [TEST_STEP][PASSED] - isRequiredTextPresent = true: null

25-10-2024T00:33:22 - [TEST_STEP][PASSED] - println(isRequiredTextPresent): null

25-10-2024T00:33:22 - [TEST_STEP][PASSED] - if (isRequiredTextPresent): null

25-10-2024T00:33:22 - [TEST_STEP][PASSED] - if (verifyTextPresent("Payment Plan Start Date:", false)): null

25-10-2024T00:33:23 - [MESSAGE][PASSED] - Text 'Payment Plan Start Date:' is present on page 

25-10-2024T00:33:23 - [TEST_STEP][PASSED] - isRequiredTextPresent = true: null

25-10-2024T00:33:23 - [TEST_STEP][PASSED] - println(isRequiredTextPresent): null

25-10-2024T00:33:23 - [TEST_STEP][PASSED] - if (isRequiredTextPresent): null

25-10-2024T00:33:23 - [TEST_STEP][PASSED] - if (verifyTextPresent("Amount:", false)): null

25-10-2024T00:33:23 - [MESSAGE][PASSED] - Text 'Amount:' is present on page 

25-10-2024T00:33:23 - [TEST_STEP][PASSED] - isRequiredTextPresent = true: null

25-10-2024T00:33:23 - [TEST_STEP][PASSED] - println(isRequiredTextPresent): null

25-10-2024T00:33:23 - [TEST_STEP][PASSED] - if (isRequiredTextPresent == true): pages.WriteExcel.demoKey is PASSED

25-10-2024T00:33:23 - [TEST_STEP][PASSED] - println("All the relevant texts are present on Receipt Page"): null

25-10-2024T00:33:23 - [TEST_STEP][PASSED] - markPassed("All the relevant texts are present on Receipt Page"): All the relevant texts are present on Receipt Page

25-10-2024T00:33:23 - [MESSAGE][PASSED] - All the relevant texts are present on Receipt Page

25-10-2024T00:33:23 - [TEST_STEP][PASSED] - resText = "Pass": null

25-10-2024T00:33:23 - [TEST_STEP][PASSED] - pages.WriteExcel.demoKey(resText, datText, resColumn, datCloumn, fileLoc, nameSheet, row): pages.WriteExcel.demoKey is PASSED

25-10-2024T00:33:23 - [MESSAGE][PASSED] - pages.WriteExcel.demoKey is PASSED

25-10-2024T00:33:23 - [TEST_STEP][PASSED] - closeBrowser(): Browser is closed

25-10-2024T00:33:24 - [MESSAGE][PASSED] - Browser is closed]]></system-out>
         <system-err><![CDATA[]]></system-err>
      </testcase>
      <testcase name="Test Cases/IntegratedWeb/IWP25/Payments/VerifyConfirmPageLabelsCC" time="93.355" classname="Test Cases/IntegratedWeb/IWP25/Payments/VerifyConfirmPageLabelsCC" status="FAILED">
         <failure type="FAILED" message="Test Cases/IntegratedWeb/IWP25/Payments/VerifyConfirmPageLabelsCC FAILED.&#xa;Reason:&#xa;com.kms.katalon.core.exception.StepFailedException: Text 'Confirm Payment Information' is not present on page  (Root cause: com.kms.katalon.core.exception.StepFailedException: Text 'Confirm Payment Information' is not present on page &#xa;	at com.kms.katalon.core.webui.keyword.internal.WebUIKeywordMain.stepFailed(WebUIKeywordMain.groovy:64)&#xa;	at com.kms.katalon.core.webui.keyword.builtin.VerifyTextPresentKeyword$_verifyTextPresent_closure1.doCall(VerifyTextPresentKeyword.groovy:79)&#xa;	at com.kms.katalon.core.webui.keyword.builtin.VerifyTextPresentKeyword$_verifyTextPresent_closure1.call(VerifyTextPresentKeyword.groovy)&#xa;	at com.kms.katalon.core.webui.keyword.internal.WebUIKeywordMain.runKeyword(WebUIKeywordMain.groovy:20)&#xa;	at com.kms.katalon.core.webui.keyword.builtin.VerifyTextPresentKeyword.verifyTextPresent(VerifyTextPresentKeyword.groovy:83)&#xa;	at com.kms.katalon.core.webui.keyword.builtin.VerifyTextPresentKeyword.execute(VerifyTextPresentKeyword.groovy:68)&#xa;	at com.kms.katalon.core.keyword.internal.KeywordExecutor.executeKeywordForPlatform(KeywordExecutor.groovy:74)&#xa;	at com.kms.katalon.core.webui.keyword.WebUiBuiltInKeywords.verifyTextPresent(WebUiBuiltInKeywords.groovy:1762)&#xa;	at VerifyConfirmPageLabelsCC.run(VerifyConfirmPageLabelsCC:97)&#xa;	at com.kms.katalon.core.main.ScriptEngine.run(ScriptEngine.java:194)&#xa;	at com.kms.katalon.core.main.ScriptEngine.runScriptAsRawText(ScriptEngine.java:119)&#xa;	at com.kms.katalon.core.main.TestCaseExecutor.runScript(TestCaseExecutor.java:448)&#xa;	at com.kms.katalon.core.main.TestCaseExecutor.doExecute(TestCaseExecutor.java:439)&#xa;	at com.kms.katalon.core.main.TestCaseExecutor.processExecutionPhase(TestCaseExecutor.java:418)&#xa;	at com.kms.katalon.core.main.TestCaseExecutor.accessMainPhase(TestCaseExecutor.java:410)&#xa;	at com.kms.katalon.core.main.TestCaseExecutor.execute(TestCaseExecutor.java:285)&#xa;	at com.kms.katalon.core.common.CommonExecutor.accessTestCaseMainPhase(CommonExecutor.java:65)&#xa;	at com.kms.katalon.core.main.TestSuiteExecutor.accessTestSuiteMainPhase(TestSuiteExecutor.java:150)&#xa;	at com.kms.katalon.core.main.TestSuiteExecutor.execute(TestSuiteExecutor.java:106)&#xa;	at com.kms.katalon.core.main.TestCaseMain.startTestSuite(TestCaseMain.java:180)&#xa;	at TempTestSuite1729787045812.run(TempTestSuite1729787045812.groovy:35)&#xa;	at java.base/jdk.internal.reflect.NativeMethodAccessorImpl.invoke0(Native Method)&#xa;	at java.base/jdk.internal.reflect.NativeMethodAccessorImpl.invoke(NativeMethodAccessorImpl.java:77)&#xa;	at java.base/jdk.internal.reflect.DelegatingMethodAccessorImpl.invoke(DelegatingMethodAccessorImpl.java:43)&#xa;)&#xa;	at com.kms.katalon.core.keyword.internal.KeywordMain.stepFailed(KeywordMain.groovy:39)&#xa;	at com.kms.katalon.core.webui.keyword.internal.WebUIKeywordMain.stepFailed(WebUIKeywordMain.groovy:64)&#xa;	at com.kms.katalon.core.webui.keyword.builtin.VerifyTextPresentKeyword$_verifyTextPresent_closure1.doCall(VerifyTextPresentKeyword.groovy:79)&#xa;	at com.kms.katalon.core.webui.keyword.builtin.VerifyTextPresentKeyword$_verifyTextPresent_closure1.call(VerifyTextPresentKeyword.groovy)&#xa;	at com.kms.katalon.core.webui.keyword.internal.WebUIKeywordMain.runKeyword(WebUIKeywordMain.groovy:20)&#xa;	at com.kms.katalon.core.webui.keyword.builtin.VerifyTextPresentKeyword.verifyTextPresent(VerifyTextPresentKeyword.groovy:83)&#xa;	at com.kms.katalon.core.webui.keyword.builtin.VerifyTextPresentKeyword.execute(VerifyTextPresentKeyword.groovy:68)&#xa;	at com.kms.katalon.core.keyword.internal.KeywordExecutor.executeKeywordForPlatform(KeywordExecutor.groovy:74)&#xa;	at com.kms.katalon.core.webui.keyword.WebUiBuiltInKeywords.verifyTextPresent(WebUiBuiltInKeywords.groovy:1762)&#xa;	at VerifyConfirmPageLabelsCC.run(VerifyConfirmPageLabelsCC:97)&#xa;	at com.kms.katalon.core.main.ScriptEngine.run(ScriptEngine.java:194)&#xa;	at com.kms.katalon.core.main.ScriptEngine.runScriptAsRawText(ScriptEngine.java:119)&#xa;	at com.kms.katalon.core.main.TestCaseExecutor.runScript(TestCaseExecutor.java:448)&#xa;	at com.kms.katalon.core.main.TestCaseExecutor.doExecute(TestCaseExecutor.java:439)&#xa;	at com.kms.katalon.core.main.TestCaseExecutor.processExecutionPhase(TestCaseExecutor.java:418)&#xa;	at com.kms.katalon.core.main.TestCaseExecutor.accessMainPhase(TestCaseExecutor.java:410)&#xa;	at com.kms.katalon.core.main.TestCaseExecutor.execute(TestCaseExecutor.java:285)&#xa;	at com.kms.katalon.core.common.CommonExecutor.accessTestCaseMainPhase(CommonExecutor.java:65)&#xa;	at com.kms.katalon.core.main.TestSuiteExecutor.accessTestSuiteMainPhase(TestSuiteExecutor.java:150)&#xa;	at com.kms.katalon.core.main.TestSuiteExecutor.execute(TestSuiteExecutor.java:106)&#xa;	at com.kms.katalon.core.main.TestCaseMain.startTestSuite(TestCaseMain.java:180)&#xa;	at TempTestSuite1729787045812.run(TempTestSuite1729787045812.groovy:35)&#xa;	at java.base/jdk.internal.reflect.NativeMethodAccessorImpl.invoke0(Native Method)&#xa;	at java.base/jdk.internal.reflect.NativeMethodAccessorImpl.invoke(NativeMethodAccessorImpl.java:77)&#xa;	at java.base/jdk.internal.reflect.DelegatingMethodAccessorImpl.invoke(DelegatingMethodAccessorImpl.java:43)&#xa;Caused by: com.kms.katalon.core.exception.StepFailedException: Text 'Confirm Payment Information' is not present on page &#xa;	... 24 more&#xa;"/>
         <system-out><![CDATA[25-10-2024T00:33:24 - [TEST_CASE][FAILED] - Test Cases/IntegratedWeb/IWP25/Payments/VerifyConfirmPageLabelsCC: Test Cases/IntegratedWeb/IWP25/Payments/VerifyConfirmPageLabelsCC FAILED.
Reason:
com.kms.katalon.core.exception.StepFailedException: Text 'Confirm Payment Information' is not present on page  (Root cause: com.kms.katalon.core.exception.StepFailedException: Text 'Confirm Payment Information' is not present on page 
	at com.kms.katalon.core.webui.keyword.internal.WebUIKeywordMain.stepFailed(WebUIKeywordMain.groovy:64)
	at com.kms.katalon.core.webui.keyword.builtin.VerifyTextPresentKeyword$_verifyTextPresent_closure1.doCall(VerifyTextPresentKeyword.groovy:79)
	at com.kms.katalon.core.webui.keyword.builtin.VerifyTextPresentKeyword$_verifyTextPresent_closure1.call(VerifyTextPresentKeyword.groovy)
	at com.kms.katalon.core.webui.keyword.internal.WebUIKeywordMain.runKeyword(WebUIKeywordMain.groovy:20)
	at com.kms.katalon.core.webui.keyword.builtin.VerifyTextPresentKeyword.verifyTextPresent(VerifyTextPresentKeyword.groovy:83)
	at com.kms.katalon.core.webui.keyword.builtin.VerifyTextPresentKeyword.execute(VerifyTextPresentKeyword.groovy:68)
	at com.kms.katalon.core.keyword.internal.KeywordExecutor.executeKeywordForPlatform(KeywordExecutor.groovy:74)
	at com.kms.katalon.core.webui.keyword.WebUiBuiltInKeywords.verifyTextPresent(WebUiBuiltInKeywords.groovy:1762)
	at VerifyConfirmPageLabelsCC.run(VerifyConfirmPageLabelsCC:97)
	at com.kms.katalon.core.main.ScriptEngine.run(ScriptEngine.java:194)
	at com.kms.katalon.core.main.ScriptEngine.runScriptAsRawText(ScriptEngine.java:119)
	at com.kms.katalon.core.main.TestCaseExecutor.runScript(TestCaseExecutor.java:448)
	at com.kms.katalon.core.main.TestCaseExecutor.doExecute(TestCaseExecutor.java:439)
	at com.kms.katalon.core.main.TestCaseExecutor.processExecutionPhase(TestCaseExecutor.java:418)
	at com.kms.katalon.core.main.TestCaseExecutor.accessMainPhase(TestCaseExecutor.java:410)
	at com.kms.katalon.core.main.TestCaseExecutor.execute(TestCaseExecutor.java:285)
	at com.kms.katalon.core.common.CommonExecutor.accessTestCaseMainPhase(CommonExecutor.java:65)
	at com.kms.katalon.core.main.TestSuiteExecutor.accessTestSuiteMainPhase(TestSuiteExecutor.java:150)
	at com.kms.katalon.core.main.TestSuiteExecutor.execute(TestSuiteExecutor.java:106)
	at com.kms.katalon.core.main.TestCaseMain.startTestSuite(TestCaseMain.java:180)
	at TempTestSuite1729787045812.run(TempTestSuite1729787045812.groovy:35)
	at java.base/jdk.internal.reflect.NativeMethodAccessorImpl.invoke0(Native Method)
	at java.base/jdk.internal.reflect.NativeMethodAccessorImpl.invoke(NativeMethodAccessorImpl.java:77)
	at java.base/jdk.internal.reflect.DelegatingMethodAccessorImpl.invoke(DelegatingMethodAccessorImpl.java:43)
)
	at com.kms.katalon.core.keyword.internal.KeywordMain.stepFailed(KeywordMain.groovy:39)
	at com.kms.katalon.core.webui.keyword.internal.WebUIKeywordMain.stepFailed(WebUIKeywordMain.groovy:64)
	at com.kms.katalon.core.webui.keyword.builtin.VerifyTextPresentKeyword$_verifyTextPresent_closure1.doCall(VerifyTextPresentKeyword.groovy:79)
	at com.kms.katalon.core.webui.keyword.builtin.VerifyTextPresentKeyword$_verifyTextPresent_closure1.call(VerifyTextPresentKeyword.groovy)
	at com.kms.katalon.core.webui.keyword.internal.WebUIKeywordMain.runKeyword(WebUIKeywordMain.groovy:20)
	at com.kms.katalon.core.webui.keyword.builtin.VerifyTextPresentKeyword.verifyTextPresent(VerifyTextPresentKeyword.groovy:83)
	at com.kms.katalon.core.webui.keyword.builtin.VerifyTextPresentKeyword.execute(VerifyTextPresentKeyword.groovy:68)
	at com.kms.katalon.core.keyword.internal.KeywordExecutor.executeKeywordForPlatform(KeywordExecutor.groovy:74)
	at com.kms.katalon.core.webui.keyword.WebUiBuiltInKeywords.verifyTextPresent(WebUiBuiltInKeywords.groovy:1762)
	at VerifyConfirmPageLabelsCC.run(VerifyConfirmPageLabelsCC:97)
	at com.kms.katalon.core.main.ScriptEngine.run(ScriptEngine.java:194)
	at com.kms.katalon.core.main.ScriptEngine.runScriptAsRawText(ScriptEngine.java:119)
	at com.kms.katalon.core.main.TestCaseExecutor.runScript(TestCaseExecutor.java:448)
	at com.kms.katalon.core.main.TestCaseExecutor.doExecute(TestCaseExecutor.java:439)
	at com.kms.katalon.core.main.TestCaseExecutor.processExecutionPhase(TestCaseExecutor.java:418)
	at com.kms.katalon.core.main.TestCaseExecutor.accessMainPhase(TestCaseExecutor.java:410)
	at com.kms.katalon.core.main.TestCaseExecutor.execute(TestCaseExecutor.java:285)
	at com.kms.katalon.core.common.CommonExecutor.accessTestCaseMainPhase(CommonExecutor.java:65)
	at com.kms.katalon.core.main.TestSuiteExecutor.accessTestSuiteMainPhase(TestSuiteExecutor.java:150)
	at com.kms.katalon.core.main.TestSuiteExecutor.execute(TestSuiteExecutor.java:106)
	at com.kms.katalon.core.main.TestCaseMain.startTestSuite(TestCaseMain.java:180)
	at TempTestSuite1729787045812.run(TempTestSuite1729787045812.groovy:35)
	at java.base/jdk.internal.reflect.NativeMethodAccessorImpl.invoke0(Native Method)
	at java.base/jdk.internal.reflect.NativeMethodAccessorImpl.invoke(NativeMethodAccessorImpl.java:77)
	at java.base/jdk.internal.reflect.DelegatingMethodAccessorImpl.invoke(DelegatingMethodAccessorImpl.java:43)
Caused by: com.kms.katalon.core.exception.StepFailedException: Text 'Confirm Payment Information' is not present on page 
	... 24 more


25-10-2024T00:33:24 - [TEST_STEP][PASSED] - resText = "Fail": null

25-10-2024T00:33:24 - [TEST_STEP][PASSED] - resColumn = "Result": null

25-10-2024T00:33:24 - [TEST_STEP][PASSED] - datCloumn = "Date": null

25-10-2024T00:33:24 - [TEST_STEP][PASSED] - fileLoc = "KatalonData/IWPTestData/VRelay25Payments.xlsx": null

25-10-2024T00:33:24 - [TEST_STEP][PASSED] - numOfRows = <not implemented yet for class: org.codehaus.groovy.ast.expr.EmptyExpression>: null

25-10-2024T00:33:24 - [TEST_STEP][PASSED] - dataFile = <not implemented yet for class: org.codehaus.groovy.ast.expr.EmptyExpression>: null

25-10-2024T00:33:24 - [TEST_STEP][PASSED] - nameSheet = <not implemented yet for class: org.codehaus.groovy.ast.expr.EmptyExpression>: null

25-10-2024T00:33:24 - [TEST_STEP][PASSED] - dataFileEmulator = <not implemented yet for class: org.codehaus.groovy.ast.expr.EmptyExpression>: null

25-10-2024T00:33:24 - [TEST_STEP][PASSED] - isRequiredTextPresent = false: null

25-10-2024T00:33:24 - [TEST_STEP][PASSED] - nameSheet = "VerifyConfirmPageLabelsCredit": null

25-10-2024T00:33:24 - [TEST_STEP][PASSED] - dataFile = "IWPTestData/IWP25VerifyConfirmPageLabelsCC": null

25-10-2024T00:33:24 - [TEST_STEP][PASSED] - dataFileEmulator = "IWPTestData/EmulatorData": null

25-10-2024T00:33:24 - [TEST_STEP][PASSED] - numOfRows = findTestData(dataFile).getRowNumbers(): null

25-10-2024T00:33:24 - [TEST_STEP][PASSED] - println("Number of Records: " + numOfRows): null

25-10-2024T00:33:24 - [TEST_STEP][FAILED] - for ([row = 2, row <= numOfRows, (row++)]): null

25-10-2024T00:33:24 - [TEST_STEP][PASSED] - ExecuteTC = findTestData(dataFile).getValue("Execute", row): null

25-10-2024T00:33:24 - [TEST_STEP][PASSED] - out.println("Value of Execute is : " + ExecuteTC): null

25-10-2024T00:33:24 - [TEST_STEP][FAILED] - if (ExecuteTC.equalsIgnoreCase("Y")): null

25-10-2024T00:33:24 - [TEST_STEP][PASSED] - out.println("Begin Record Number: " + row): null

25-10-2024T00:33:24 - [TEST_STEP][PASSED] - today = new java.util.Date(): null

25-10-2024T00:33:24 - [TEST_STEP][PASSED] - println(today): null

25-10-2024T00:33:24 - [TEST_STEP][PASSED] - datText = today: null

25-10-2024T00:33:24 - [TEST_STEP][PASSED] - EmulatorDataKey = findTestData(dataFile).getValue("EmulatorData", row): null

25-10-2024T00:33:24 - [TEST_STEP][PASSED] - out.println("Value of Emulator Key is : " + EmulatorDataKey): null

25-10-2024T00:33:24 - [TEST_STEP][PASSED] - iwpPages.emulatorIWP30.setDataEmulator_DD(EmulatorDataKey): iwpPages.emulatorIWP30.setDataEmulator_DD is PASSED

25-10-2024T00:33:25 - [MESSAGE][INFO] - Starting 'Edge Chromium' driver

25-10-2024T00:33:25 - [MESSAGE][INFO] - User set preference: ['acceptInsecureCerts', 'true']

25-10-2024T00:33:27 - [MESSAGE][INFO] - Action delay is set to 0 milliseconds

25-10-2024T00:33:31 - [MESSAGE][PASSED] - Browser is opened with url: 'https://qa2.velocitypayment.com/agencyx/config.action?action=editor&message_version=3_0'

25-10-2024T00:33:31 - [MESSAGE][PASSED] - Current window maximized

25-10-2024T00:34:02 - [MESSAGE][INFO] - Unable to find the element located by 'By.xpath: //select[@name='message_version']'. Please recheck the objects properties to make sure the desired element is located. 

25-10-2024T00:34:02 - [MESSAGE][WARNING] - [SELF-HEALING] Failed to find element with id 'Object Repository/IWP30/Page_VRelay30Emulator/MV'. Try using Self-healing.

25-10-2024T00:34:02 - [MESSAGE][WARNING] - [SELF-HEALING] The current locator of test object 'Object Repository/IWP30/Page_VRelay30Emulator/MV' was broken. Propose an alternative one: '(.//*[normalize-space(text()) and normalize-space(.)='Message Version'])[1]/following::select[1]'.

25-10-2024T00:34:03 - [MESSAGE][PASSED] - All options with value '3.0' are selected in object 'Object Repository/IWP30/Page_VRelay30Emulator/MV'  using regular expression

25-10-2024T00:34:03 - [MESSAGE][PASSED] - Text '10.50' is set on object 'Object Repository/IWP30/Page_EmulatorAgencyX/Amount'

25-10-2024T00:34:04 - [MESSAGE][PASSED] - Text 'NYQiLmneAyKQ' is set on object 'Object Repository/IWP30/Page_EmulatorAgencyX/CAN'

25-10-2024T00:34:05 - [MESSAGE][PASSED] - Text 'PayNow' is set on object 'Object Repository/IWP30/Page_EmulatorAgencyX/Action'

25-10-2024T00:34:05 - [MESSAGE][PASSED] - Text 'en_US' is set on object 'Object Repository/IWP30/Page_EmulatorAgencyX/Lang'

25-10-2024T00:34:06 - [MESSAGE][PASSED] - Text '' is set on object 'Object Repository/IWP30/Page_EmulatorAgencyX/Fname'

25-10-2024T00:34:06 - [MESSAGE][PASSED] - Text '' is set on object 'Object Repository/IWP30/Page_EmulatorAgencyX/Lname'

25-10-2024T00:34:07 - [MESSAGE][PASSED] - Text '' is set on object 'Object Repository/IWP30/Page_EmulatorAgencyX/AL1'

25-10-2024T00:34:08 - [MESSAGE][PASSED] - Text '' is set on object 'Object Repository/IWP30/Page_EmulatorAgencyX/AL2'

25-10-2024T00:34:08 - [MESSAGE][PASSED] - Text '' is set on object 'Object Repository/IWP30/Page_EmulatorAgencyX/Country'

25-10-2024T00:34:09 - [MESSAGE][PASSED] - Text '' is set on object 'Object Repository/IWP30/Page_EmulatorAgencyX/City'

25-10-2024T00:34:09 - [MESSAGE][PASSED] - Text '' is set on object 'Object Repository/IWP30/Page_EmulatorAgencyX/State'

25-10-2024T00:34:10 - [MESSAGE][PASSED] - Text '' is set on object 'Object Repository/IWP30/Page_EmulatorAgencyX/ZIP'

25-10-2024T00:34:10 - [MESSAGE][PASSED] - Text '' is set on object 'Object Repository/IWP30/Page_EmulatorAgencyX/Order'

25-10-2024T00:34:11 - [MESSAGE][PASSED] - Text '' is set on object 'Object Repository/IWP30/Page_EmulatorAgencyX/Company'

25-10-2024T00:34:12 - [MESSAGE][PASSED] - Text '' is set on object 'Object Repository/IWP30/Page_EmulatorAgencyX/Email'

25-10-2024T00:34:12 - [MESSAGE][PASSED] - Text '' is set on object 'Object Repository/IWP30/Page_EmulatorAgencyX/UDF1'

25-10-2024T00:34:13 - [MESSAGE][PASSED] - Text '' is set on object 'Object Repository/IWP30/Page_EmulatorAgencyX/UDF2'

25-10-2024T00:34:13 - [MESSAGE][PASSED] - Text '' is set on object 'Object Repository/IWP30/Page_EmulatorAgencyX/UDF3'

25-10-2024T00:34:14 - [MESSAGE][PASSED] - Text 'udf data 4' is set on object 'Object Repository/IWP30/Page_EmulatorAgencyX/UDF4'

25-10-2024T00:34:14 - [MESSAGE][PASSED] - Text 'udf data 5' is set on object 'Object Repository/IWP30/Page_EmulatorAgencyX/UDF5'

25-10-2024T00:34:15 - [MESSAGE][PASSED] - Text '' is set on object 'Object Repository/IWP30/Page_EmulatorAgencyX/UDF6'

25-10-2024T00:34:16 - [MESSAGE][PASSED] - Text '' is set on object 'Object Repository/IWP30/Page_EmulatorAgencyX/UDF7'

25-10-2024T00:34:16 - [MESSAGE][PASSED] - Text '' is set on object 'Object Repository/IWP30/Page_EmulatorAgencyX/UDF8'

25-10-2024T00:34:17 - [MESSAGE][PASSED] - Text 'udf data 9' is set on object 'Object Repository/IWP30/Page_EmulatorAgencyX/UDF9'

25-10-2024T00:34:17 - [MESSAGE][PASSED] - Text 'udf data 10' is set on object 'Object Repository/IWP30/Page_EmulatorAgencyX/UDF10'

25-10-2024T00:34:19 - [MESSAGE][PASSED] - Object: 'Object Repository/IWP30/Page_EmulatorAgencyX/Submit' is clicked on

25-10-2024T00:34:23 - [MESSAGE][PASSED] - Browser is closed

25-10-2024T00:34:27 - [MESSAGE][PASSED] - iwpPages.emulatorIWP30.setDataEmulator_DD is PASSED

25-10-2024T00:34:27 - [TEST_STEP][PASSED] - testHarnessURL = urlTestHarness: null

25-10-2024T00:34:27 - [TEST_STEP][PASSED] - openBrowser(testHarnessURL): Browser is opened with url: 'https://dev-algorithm.govolution.com/vrelaytest/QA2/version_2_2/vrelaytest.html'

25-10-2024T00:34:27 - [MESSAGE][INFO] - Starting 'Edge Chromium' driver

25-10-2024T00:34:27 - [MESSAGE][INFO] - User set preference: ['acceptInsecureCerts', 'true']

25-10-2024T00:34:29 - [MESSAGE][INFO] - Action delay is set to 0 milliseconds

25-10-2024T00:34:33 - [MESSAGE][PASSED] - Browser is opened with url: 'https://dev-algorithm.govolution.com/vrelaytest/QA2/version_2_2/vrelaytest.html'

25-10-2024T00:34:33 - [TEST_STEP][PASSED] - maximizeWindow(): Current window maximized

25-10-2024T00:34:33 - [MESSAGE][PASSED] - Current window maximized

25-10-2024T00:34:33 - [TEST_STEP][PASSED] - iwpPages.TestHarnessPage.setDataMethod(row, dataFile): iwpPages.TestHarnessPage.setDataMethod is PASSED

25-10-2024T00:34:33 - [MESSAGE][PASSED] - Object 'Object Repository/IWP30/Page_QATestHarness/RemittanceID' is present

25-10-2024T00:34:34 - [MESSAGE][PASSED] - Text '649' is set on object 'Object Repository/IWP30/Page_QATestHarness/ApplicationID'

25-10-2024T00:34:34 - [MESSAGE][PASSED] - Text '3.0' is set on object 'Object Repository/IWP30/Page_QATestHarness/MessageVersion'

25-10-2024T00:34:35 - [MESSAGE][PASSED] - Text 'Xrj2fD7EaMoO' is set on object 'Object Repository/IWP30/Page_QATestHarness/RemittanceID'

25-10-2024T00:34:39 - [MESSAGE][PASSED] - Object: 'Object Repository/IWP30/Page_QATestHarness/SubmitButton' is clicked on

25-10-2024T00:34:39 - [MESSAGE][PASSED] - iwpPages.TestHarnessPage.setDataMethod is PASSED

25-10-2024T00:34:39 - [TEST_STEP][PASSED] - click(findTestObject("Object Repository/IWP30/Page_SelectPaymentMethod/PayByCreditCard")): Object: 'Object Repository/IWP30/Page_SelectPaymentMethod/PayByCreditCard' is clicked on

25-10-2024T00:34:40 - [MESSAGE][PASSED] - Object: 'Object Repository/IWP30/Page_SelectPaymentMethod/PayByCreditCard' is clicked on

25-10-2024T00:34:40 - [TEST_STEP][PASSED] - click(findTestObject("Object Repository/IWP30/Page_SelectPaymentMethod/MakePaymentButton")): Object: 'Object Repository/IWP30/Page_SelectPaymentMethod/MakePaymentButton' is clicked on

25-10-2024T00:34:43 - [MESSAGE][PASSED] - Object: 'Object Repository/IWP30/Page_SelectPaymentMethod/MakePaymentButton' is clicked on

25-10-2024T00:34:43 - [TEST_STEP][PASSED] - iwpPages.ccPaymentEntryPage.setDataCCPM(row, dataFile): iwpPages.ccPaymentEntryPage.setDataCCPM is PASSED

25-10-2024T00:34:44 - [MESSAGE][PASSED] - Object 'Object Repository/IWP30/Page_CCPaymentEntry/Name' is present

25-10-2024T00:34:44 - [MESSAGE][PASSED] - Text '10.50' is set on object 'Object Repository/IWP30/Page_CCPaymentEntry/Amount'

25-10-2024T00:34:45 - [MESSAGE][PASSED] - Text 'udf data 2' is set on object 'Object Repository/IWP30/Page_CCPaymentEntry/UserDefined2'

25-10-2024T00:34:46 - [MESSAGE][PASSED] - Text 'udf data 3' is set on object 'Object Repository/IWP30/Page_CCPaymentEntry/UserDefined3'

25-10-2024T00:34:46 - [MESSAGE][PASSED] - All options with label 'Orange' are selected in object 'Object Repository/IWP30/Page_CCPaymentEntry/UserDefined7' 

25-10-2024T00:34:47 - [MESSAGE][PASSED] - All options with label 'Soccer' are selected in object 'Object Repository/IWP30/Page_CCPaymentEntry/UserDefined8' 

25-10-2024T00:34:47 - [MESSAGE][PASSED] - Object 'Object Repository/IWP30/Page_CCPaymentEntry/Name' is present

25-10-2024T00:34:48 - [MESSAGE][PASSED] - Text 'Kavita Ranawati' is set on object 'Object Repository/IWP30/Page_CCPaymentEntry/Name'

25-10-2024T00:34:48 - [MESSAGE][PASSED] - Object 'Object Repository/IWP30/Page_CCPaymentEntry/CardNumber' is present

25-10-2024T00:34:48 - [MESSAGE][PASSED] - Text '4111111111111111' is set on object 'Object Repository/IWP30/Page_CCPaymentEntry/CardNumber'

25-10-2024T00:34:49 - [MESSAGE][PASSED] - Text '123' is set on object 'Object Repository/IWP30/Page_CCPaymentEntry/SPC'

25-10-2024T00:34:50 - [MESSAGE][PASSED] - Object 'Object Repository/IWP30/Page_CCPaymentEntry/Month' is present

25-10-2024T00:34:51 - [MESSAGE][PASSED] - All options with label '09' are selected in object 'Object Repository/IWP30/Page_CCPaymentEntry/Month' 

25-10-2024T00:34:51 - [MESSAGE][PASSED] - Object 'Object Repository/IWP30/Page_CCPaymentEntry/Year' is present

25-10-2024T00:34:51 - [MESSAGE][PASSED] - All options with label '2028' are selected in object 'Object Repository/IWP30/Page_CCPaymentEntry/Year' 

25-10-2024T00:34:52 - [MESSAGE][PASSED] - Text '365 Main Avenue' is set on object 'Object Repository/IWP30/Page_CCPaymentEntry/AL1'

25-10-2024T00:34:53 - [MESSAGE][PASSED] - Text '22201' is set on object 'Object Repository/IWP30/Page_CCPaymentEntry/ZIP'

25-10-2024T00:34:53 - [MESSAGE][PASSED] - Object 'Object Repository/IWP30/Page_CCPaymentEntry/EmailAddress' is present

25-10-2024T00:34:54 - [MESSAGE][PASSED] - Text 'iahmed@govolution.com' is set on object 'Object Repository/IWP30/Page_CCPaymentEntry/EmailAddress'

25-10-2024T00:34:54 - [MESSAGE][PASSED] - Object 'Object Repository/IWP30/Page_CCPaymentEntry/TermCondCheckBox' is present

25-10-2024T00:34:55 - [MESSAGE][PASSED] - Object 'Object Repository/IWP30/Page_CCPaymentEntry/TermCondCheckBox' is checked

25-10-2024T00:34:55 - [MESSAGE][PASSED] - Object 'Object Repository/IWP30/Page_CCPaymentEntry/ContinueButton' is present

25-10-2024T00:34:56 - [MESSAGE][PASSED] - Object: 'Object Repository/IWP30/Page_CCPaymentEntry/ContinueButton' is clicked on

25-10-2024T00:34:56 - [MESSAGE][PASSED] - iwpPages.ccPaymentEntryPage.setDataCCPM is PASSED

25-10-2024T00:34:56 - [TEST_STEP][PASSED] - if (verifyTextPresent("Make a Real Estate Payment", false)): null

25-10-2024T00:34:57 - [MESSAGE][PASSED] - Text 'Make a Real Estate Payment' is present on page 

25-10-2024T00:34:57 - [TEST_STEP][PASSED] - isRequiredTextPresent = true: null

25-10-2024T00:34:57 - [TEST_STEP][PASSED] - println(isRequiredTextPresent): null

25-10-2024T00:34:57 - [TEST_STEP][FAILED] - if (isRequiredTextPresent): null

25-10-2024T00:34:57 - [TEST_STEP][FAILED] - if (verifyTextPresent("Confirm Payment Information", false)): Text 'Confirm Payment Information' is not present on page  (Root cause: com.kms.katalon.core.exception.StepFailedException: Text 'Confirm Payment Information' is not present on page 
	at com.kms.katalon.core.webui.keyword.internal.WebUIKeywordMain.stepFailed(WebUIKeywordMain.groovy:64)
	at com.kms.katalon.core.webui.keyword.builtin.VerifyTextPresentKeyword$_verifyTextPresent_closure1.doCall(VerifyTextPresentKeyword.groovy:79)
	at com.kms.katalon.core.webui.keyword.builtin.VerifyTextPresentKeyword$_verifyTextPresent_closure1.call(VerifyTextPresentKeyword.groovy)
	at com.kms.katalon.core.webui.keyword.internal.WebUIKeywordMain.runKeyword(WebUIKeywordMain.groovy:20)
	at com.kms.katalon.core.webui.keyword.builtin.VerifyTextPresentKeyword.verifyTextPresent(VerifyTextPresentKeyword.groovy:83)
	at com.kms.katalon.core.webui.keyword.builtin.VerifyTextPresentKeyword.execute(VerifyTextPresentKeyword.groovy:68)
	at com.kms.katalon.core.keyword.internal.KeywordExecutor.executeKeywordForPlatform(KeywordExecutor.groovy:74)
	at com.kms.katalon.core.webui.keyword.WebUiBuiltInKeywords.verifyTextPresent(WebUiBuiltInKeywords.groovy:1762)
	at VerifyConfirmPageLabelsCC.run(VerifyConfirmPageLabelsCC:97)
	at com.kms.katalon.core.main.ScriptEngine.run(ScriptEngine.java:194)
	at com.kms.katalon.core.main.ScriptEngine.runScriptAsRawText(ScriptEngine.java:119)
	at com.kms.katalon.core.main.TestCaseExecutor.runScript(TestCaseExecutor.java:448)
	at com.kms.katalon.core.main.TestCaseExecutor.doExecute(TestCaseExecutor.java:439)
	at com.kms.katalon.core.main.TestCaseExecutor.processExecutionPhase(TestCaseExecutor.java:418)
	at com.kms.katalon.core.main.TestCaseExecutor.accessMainPhase(TestCaseExecutor.java:410)
	at com.kms.katalon.core.main.TestCaseExecutor.execute(TestCaseExecutor.java:285)
	at com.kms.katalon.core.common.CommonExecutor.accessTestCaseMainPhase(CommonExecutor.java:65)
	at com.kms.katalon.core.main.TestSuiteExecutor.accessTestSuiteMainPhase(TestSuiteExecutor.java:150)
	at com.kms.katalon.core.main.TestSuiteExecutor.execute(TestSuiteExecutor.java:106)
	at com.kms.katalon.core.main.TestCaseMain.startTestSuite(TestCaseMain.java:180)
	at TempTestSuite1729787045812.run(TempTestSuite1729787045812.groovy:35)
	at java.base/jdk.internal.reflect.NativeMethodAccessorImpl.invoke0(Native Method)
	at java.base/jdk.internal.reflect.NativeMethodAccessorImpl.invoke(NativeMethodAccessorImpl.java:77)
	at java.base/jdk.internal.reflect.DelegatingMethodAccessorImpl.invoke(DelegatingMethodAccessorImpl.java:43)
)

25-10-2024T00:34:57 - [MESSAGE][FAILED] - Text 'Confirm Payment Information' is not present on page  (Root cause: com.kms.katalon.core.exception.StepFailedException: Text 'Confirm Payment Information' is not present on page 
	at com.kms.katalon.core.webui.keyword.internal.WebUIKeywordMain.stepFailed(WebUIKeywordMain.groovy:64)
	at com.kms.katalon.core.webui.keyword.builtin.VerifyTextPresentKeyword$_verifyTextPresent_closure1.doCall(VerifyTextPresentKeyword.groovy:79)
	at com.kms.katalon.core.webui.keyword.builtin.VerifyTextPresentKeyword$_verifyTextPresent_closure1.call(VerifyTextPresentKeyword.groovy)
	at com.kms.katalon.core.webui.keyword.internal.WebUIKeywordMain.runKeyword(WebUIKeywordMain.groovy:20)
	at com.kms.katalon.core.webui.keyword.builtin.VerifyTextPresentKeyword.verifyTextPresent(VerifyTextPresentKeyword.groovy:83)
	at com.kms.katalon.core.webui.keyword.builtin.VerifyTextPresentKeyword.execute(VerifyTextPresentKeyword.groovy:68)
	at com.kms.katalon.core.keyword.internal.KeywordExecutor.executeKeywordForPlatform(KeywordExecutor.groovy:74)
	at com.kms.katalon.core.webui.keyword.WebUiBuiltInKeywords.verifyTextPresent(WebUiBuiltInKeywords.groovy:1762)
	at VerifyConfirmPageLabelsCC.run(VerifyConfirmPageLabelsCC:97)
	at com.kms.katalon.core.main.ScriptEngine.run(ScriptEngine.java:194)
	at com.kms.katalon.core.main.ScriptEngine.runScriptAsRawText(ScriptEngine.java:119)
	at com.kms.katalon.core.main.TestCaseExecutor.runScript(TestCaseExecutor.java:448)
	at com.kms.katalon.core.main.TestCaseExecutor.doExecute(TestCaseExecutor.java:439)
	at com.kms.katalon.core.main.TestCaseExecutor.processExecutionPhase(TestCaseExecutor.java:418)
	at com.kms.katalon.core.main.TestCaseExecutor.accessMainPhase(TestCaseExecutor.java:410)
	at com.kms.katalon.core.main.TestCaseExecutor.execute(TestCaseExecutor.java:285)
	at com.kms.katalon.core.common.CommonExecutor.accessTestCaseMainPhase(CommonExecutor.java:65)
	at com.kms.katalon.core.main.TestSuiteExecutor.accessTestSuiteMainPhase(TestSuiteExecutor.java:150)
	at com.kms.katalon.core.main.TestSuiteExecutor.execute(TestSuiteExecutor.java:106)
	at com.kms.katalon.core.main.TestCaseMain.startTestSuite(TestCaseMain.java:180)
	at TempTestSuite1729787045812.run(TempTestSuite1729787045812.groovy:35)
	at java.base/jdk.internal.reflect.NativeMethodAccessorImpl.invoke0(Native Method)
	at java.base/jdk.internal.reflect.NativeMethodAccessorImpl.invoke(NativeMethodAccessorImpl.java:77)
	at java.base/jdk.internal.reflect.DelegatingMethodAccessorImpl.invoke(DelegatingMethodAccessorImpl.java:43)
)

25-10-2024T00:34:57 - [TEST_STEP][PASSED] - else: null

25-10-2024T00:34:57 - [TEST_STEP][PASSED] - isRequiredTextPresent = false: null

25-10-2024T00:34:57 - [TEST_STEP][PASSED] - if (isRequiredTextPresent): null

25-10-2024T00:34:57 - [TEST_STEP][PASSED] - if (isRequiredTextPresent): null

25-10-2024T00:34:57 - [TEST_STEP][PASSED] - if (isRequiredTextPresent): null

25-10-2024T00:34:57 - [TEST_STEP][PASSED] - if (isRequiredTextPresent): null

25-10-2024T00:34:57 - [TEST_STEP][PASSED] - if (isRequiredTextPresent): null

25-10-2024T00:34:57 - [TEST_STEP][PASSED] - if (isRequiredTextPresent): null

25-10-2024T00:34:57 - [TEST_STEP][PASSED] - if (isRequiredTextPresent): null

25-10-2024T00:34:57 - [TEST_STEP][PASSED] - if (isRequiredTextPresent): null

25-10-2024T00:34:57 - [TEST_STEP][PASSED] - if (isRequiredTextPresent): null

25-10-2024T00:34:57 - [TEST_STEP][PASSED] - if (isRequiredTextPresent): null

25-10-2024T00:34:57 - [TEST_STEP][PASSED] - if (isRequiredTextPresent): null

25-10-2024T00:34:57 - [TEST_STEP][PASSED] - if (isRequiredTextPresent): null

25-10-2024T00:34:57 - [TEST_STEP][PASSED] - if (isRequiredTextPresent): null

25-10-2024T00:34:57 - [TEST_STEP][PASSED] - if (isRequiredTextPresent): null

25-10-2024T00:34:57 - [TEST_STEP][PASSED] - if (isRequiredTextPresent): null

25-10-2024T00:34:57 - [TEST_STEP][PASSED] - if (isRequiredTextPresent): null

25-10-2024T00:34:57 - [TEST_STEP][PASSED] - if (isRequiredTextPresent): null

25-10-2024T00:34:57 - [TEST_STEP][PASSED] - if (isRequiredTextPresent): null

25-10-2024T00:34:57 - [TEST_STEP][PASSED] - if (isRequiredTextPresent): null

25-10-2024T00:34:57 - [TEST_STEP][PASSED] - if (isRequiredTextPresent): null

25-10-2024T00:34:57 - [TEST_STEP][PASSED] - if (isRequiredTextPresent): null

25-10-2024T00:34:57 - [TEST_STEP][PASSED] - if (isRequiredTextPresent): null

25-10-2024T00:34:57 - [TEST_STEP][PASSED] - if (isRequiredTextPresent): null

25-10-2024T00:34:57 - [TEST_STEP][PASSED] - if (isRequiredTextPresent): null

25-10-2024T00:34:57 - [TEST_STEP][PASSED] - if (isRequiredTextPresent): null

25-10-2024T00:34:57 - [TEST_STEP][PASSED] - if (isRequiredTextPresent): null

25-10-2024T00:34:57 - [TEST_STEP][PASSED] - if (isRequiredTextPresent == true): null

25-10-2024T00:34:57 - [TEST_STEP][PASSED] - else: pages.WriteExcel.demoKey is PASSED

25-10-2024T00:34:57 - [TEST_STEP][PASSED] - println("Some texts are missing on the Confirm page"): null

25-10-2024T00:34:57 - [TEST_STEP][PASSED] - resText = "Fail": null

25-10-2024T00:34:57 - [TEST_STEP][PASSED] - pages.WriteExcel.demoKey(resText, datText, resColumn, datCloumn, fileLoc, nameSheet, row): pages.WriteExcel.demoKey is PASSED

25-10-2024T00:34:57 - [MESSAGE][PASSED] - pages.WriteExcel.demoKey is PASSED]]></system-out>
         <system-err><![CDATA[25-10-2024T00:33:24 - [TEST_CASE][FAILED] - Test Cases/IntegratedWeb/IWP25/Payments/VerifyConfirmPageLabelsCC: Test Cases/IntegratedWeb/IWP25/Payments/VerifyConfirmPageLabelsCC FAILED.
Reason:
com.kms.katalon.core.exception.StepFailedException: Text 'Confirm Payment Information' is not present on page  (Root cause: com.kms.katalon.core.exception.StepFailedException: Text 'Confirm Payment Information' is not present on page 
	at com.kms.katalon.core.webui.keyword.internal.WebUIKeywordMain.stepFailed(WebUIKeywordMain.groovy:64)
	at com.kms.katalon.core.webui.keyword.builtin.VerifyTextPresentKeyword$_verifyTextPresent_closure1.doCall(VerifyTextPresentKeyword.groovy:79)
	at com.kms.katalon.core.webui.keyword.builtin.VerifyTextPresentKeyword$_verifyTextPresent_closure1.call(VerifyTextPresentKeyword.groovy)
	at com.kms.katalon.core.webui.keyword.internal.WebUIKeywordMain.runKeyword(WebUIKeywordMain.groovy:20)
	at com.kms.katalon.core.webui.keyword.builtin.VerifyTextPresentKeyword.verifyTextPresent(VerifyTextPresentKeyword.groovy:83)
	at com.kms.katalon.core.webui.keyword.builtin.VerifyTextPresentKeyword.execute(VerifyTextPresentKeyword.groovy:68)
	at com.kms.katalon.core.keyword.internal.KeywordExecutor.executeKeywordForPlatform(KeywordExecutor.groovy:74)
	at com.kms.katalon.core.webui.keyword.WebUiBuiltInKeywords.verifyTextPresent(WebUiBuiltInKeywords.groovy:1762)
	at VerifyConfirmPageLabelsCC.run(VerifyConfirmPageLabelsCC:97)
	at com.kms.katalon.core.main.ScriptEngine.run(ScriptEngine.java:194)
	at com.kms.katalon.core.main.ScriptEngine.runScriptAsRawText(ScriptEngine.java:119)
	at com.kms.katalon.core.main.TestCaseExecutor.runScript(TestCaseExecutor.java:448)
	at com.kms.katalon.core.main.TestCaseExecutor.doExecute(TestCaseExecutor.java:439)
	at com.kms.katalon.core.main.TestCaseExecutor.processExecutionPhase(TestCaseExecutor.java:418)
	at com.kms.katalon.core.main.TestCaseExecutor.accessMainPhase(TestCaseExecutor.java:410)
	at com.kms.katalon.core.main.TestCaseExecutor.execute(TestCaseExecutor.java:285)
	at com.kms.katalon.core.common.CommonExecutor.accessTestCaseMainPhase(CommonExecutor.java:65)
	at com.kms.katalon.core.main.TestSuiteExecutor.accessTestSuiteMainPhase(TestSuiteExecutor.java:150)
	at com.kms.katalon.core.main.TestSuiteExecutor.execute(TestSuiteExecutor.java:106)
	at com.kms.katalon.core.main.TestCaseMain.startTestSuite(TestCaseMain.java:180)
	at TempTestSuite1729787045812.run(TempTestSuite1729787045812.groovy:35)
	at java.base/jdk.internal.reflect.NativeMethodAccessorImpl.invoke0(Native Method)
	at java.base/jdk.internal.reflect.NativeMethodAccessorImpl.invoke(NativeMethodAccessorImpl.java:77)
	at java.base/jdk.internal.reflect.DelegatingMethodAccessorImpl.invoke(DelegatingMethodAccessorImpl.java:43)
)
	at com.kms.katalon.core.keyword.internal.KeywordMain.stepFailed(KeywordMain.groovy:39)
	at com.kms.katalon.core.webui.keyword.internal.WebUIKeywordMain.stepFailed(WebUIKeywordMain.groovy:64)
	at com.kms.katalon.core.webui.keyword.builtin.VerifyTextPresentKeyword$_verifyTextPresent_closure1.doCall(VerifyTextPresentKeyword.groovy:79)
	at com.kms.katalon.core.webui.keyword.builtin.VerifyTextPresentKeyword$_verifyTextPresent_closure1.call(VerifyTextPresentKeyword.groovy)
	at com.kms.katalon.core.webui.keyword.internal.WebUIKeywordMain.runKeyword(WebUIKeywordMain.groovy:20)
	at com.kms.katalon.core.webui.keyword.builtin.VerifyTextPresentKeyword.verifyTextPresent(VerifyTextPresentKeyword.groovy:83)
	at com.kms.katalon.core.webui.keyword.builtin.VerifyTextPresentKeyword.execute(VerifyTextPresentKeyword.groovy:68)
	at com.kms.katalon.core.keyword.internal.KeywordExecutor.executeKeywordForPlatform(KeywordExecutor.groovy:74)
	at com.kms.katalon.core.webui.keyword.WebUiBuiltInKeywords.verifyTextPresent(WebUiBuiltInKeywords.groovy:1762)
	at VerifyConfirmPageLabelsCC.run(VerifyConfirmPageLabelsCC:97)
	at com.kms.katalon.core.main.ScriptEngine.run(ScriptEngine.java:194)
	at com.kms.katalon.core.main.ScriptEngine.runScriptAsRawText(ScriptEngine.java:119)
	at com.kms.katalon.core.main.TestCaseExecutor.runScript(TestCaseExecutor.java:448)
	at com.kms.katalon.core.main.TestCaseExecutor.doExecute(TestCaseExecutor.java:439)
	at com.kms.katalon.core.main.TestCaseExecutor.processExecutionPhase(TestCaseExecutor.java:418)
	at com.kms.katalon.core.main.TestCaseExecutor.accessMainPhase(TestCaseExecutor.java:410)
	at com.kms.katalon.core.main.TestCaseExecutor.execute(TestCaseExecutor.java:285)
	at com.kms.katalon.core.common.CommonExecutor.accessTestCaseMainPhase(CommonExecutor.java:65)
	at com.kms.katalon.core.main.TestSuiteExecutor.accessTestSuiteMainPhase(TestSuiteExecutor.java:150)
	at com.kms.katalon.core.main.TestSuiteExecutor.execute(TestSuiteExecutor.java:106)
	at com.kms.katalon.core.main.TestCaseMain.startTestSuite(TestCaseMain.java:180)
	at TempTestSuite1729787045812.run(TempTestSuite1729787045812.groovy:35)
	at java.base/jdk.internal.reflect.NativeMethodAccessorImpl.invoke0(Native Method)
	at java.base/jdk.internal.reflect.NativeMethodAccessorImpl.invoke(NativeMethodAccessorImpl.java:77)
	at java.base/jdk.internal.reflect.DelegatingMethodAccessorImpl.invoke(DelegatingMethodAccessorImpl.java:43)
Caused by: com.kms.katalon.core.exception.StepFailedException: Text 'Confirm Payment Information' is not present on page 
	... 24 more]]></system-err>
      </testcase>
      <testcase name="Test Cases/IntegratedWeb/IWP25/Payments/VerifyConfirmPageLabelsCorp" time="198.783" classname="Test Cases/IntegratedWeb/IWP25/Payments/VerifyConfirmPageLabelsCorp" status="PASSED">
         <system-out><![CDATA[25-10-2024T00:34:57 - [TEST_CASE][PASSED] - Test Cases/IntegratedWeb/IWP25/Payments/VerifyConfirmPageLabelsCorp: Test Cases/IntegratedWeb/IWP25/Payments/VerifyConfirmPageLabelsCorp

25-10-2024T00:34:57 - [TEST_STEP][PASSED] - resText = "Fail": null

25-10-2024T00:34:57 - [TEST_STEP][PASSED] - resColumn = "Result": null

25-10-2024T00:34:57 - [TEST_STEP][PASSED] - datCloumn = "Date": null

25-10-2024T00:34:57 - [TEST_STEP][PASSED] - fileLoc = "KatalonData/IWPTestData/VRelay25Payments.xlsx": null

25-10-2024T00:34:57 - [TEST_STEP][PASSED] - numOfRows = <not implemented yet for class: org.codehaus.groovy.ast.expr.EmptyExpression>: null

25-10-2024T00:34:57 - [TEST_STEP][PASSED] - dataFile = <not implemented yet for class: org.codehaus.groovy.ast.expr.EmptyExpression>: null

25-10-2024T00:34:57 - [TEST_STEP][PASSED] - nameSheet = <not implemented yet for class: org.codehaus.groovy.ast.expr.EmptyExpression>: null

25-10-2024T00:34:57 - [TEST_STEP][PASSED] - dataFileEmulator = <not implemented yet for class: org.codehaus.groovy.ast.expr.EmptyExpression>: null

25-10-2024T00:34:57 - [TEST_STEP][PASSED] - isRequiredTextPresent = false: null

25-10-2024T00:34:57 - [TEST_STEP][PASSED] - nameSheet = "VerifyConfirmPageLabelsCorp": null

25-10-2024T00:34:57 - [TEST_STEP][PASSED] - dataFile = "IWPTestData/IWP25VerifyConfirmPageLabelsCorp": null

25-10-2024T00:34:57 - [TEST_STEP][PASSED] - dataFileEmulator = "IWPTestData/EmulatorData": null

25-10-2024T00:34:57 - [TEST_STEP][PASSED] - numOfRows = findTestData(dataFile).getRowNumbers(): null

25-10-2024T00:34:58 - [TEST_STEP][PASSED] - println("Number of Records: " + numOfRows): null

25-10-2024T00:34:58 - [TEST_STEP][PASSED] - for ([row = 1, row <= numOfRows, (row++)]): Browser is closed

25-10-2024T00:34:58 - [TEST_STEP][PASSED] - ExecuteTC = findTestData(dataFile).getValue("Execute", row): null

25-10-2024T00:34:58 - [TEST_STEP][PASSED] - out.println("Value of Execute is : " + ExecuteTC): null

25-10-2024T00:34:58 - [TEST_STEP][PASSED] - if (ExecuteTC.equalsIgnoreCase("Y")): pages.WriteExcel.demoKey is PASSED

25-10-2024T00:34:58 - [TEST_STEP][PASSED] - out.println("Begin Record Number: " + row): null

25-10-2024T00:34:58 - [TEST_STEP][PASSED] - today = new java.util.Date(): null

25-10-2024T00:34:58 - [TEST_STEP][PASSED] - println(today): null

25-10-2024T00:34:58 - [TEST_STEP][PASSED] - datText = today: null

25-10-2024T00:34:58 - [TEST_STEP][PASSED] - EmulatorDataKey = findTestData(dataFile).getValue("EmulatorData", row): null

25-10-2024T00:34:58 - [TEST_STEP][PASSED] - out.println("Value of Emulator Key is : " + EmulatorDataKey): null

25-10-2024T00:34:58 - [TEST_STEP][PASSED] - iwpPages.emulatorIWP30.setDataEmulator_DD(EmulatorDataKey): iwpPages.emulatorIWP30.setDataEmulator_DD is PASSED

25-10-2024T00:34:58 - [MESSAGE][WARNING] - A browser is already opened. Closing browser and opening a new one

25-10-2024T00:34:58 - [MESSAGE][INFO] - Starting 'Edge Chromium' driver

25-10-2024T00:34:58 - [MESSAGE][INFO] - User set preference: ['acceptInsecureCerts', 'true']

25-10-2024T00:35:00 - [MESSAGE][INFO] - Action delay is set to 0 milliseconds

25-10-2024T00:35:04 - [MESSAGE][PASSED] - Browser is opened with url: 'https://qa2.velocitypayment.com/agencyx/config.action?action=editor&message_version=2_5'

25-10-2024T00:35:04 - [MESSAGE][PASSED] - Current window maximized

25-10-2024T00:35:35 - [MESSAGE][INFO] - Unable to find the element located by 'By.xpath: //select[@name='message_version']'. Please recheck the objects properties to make sure the desired element is located. 

25-10-2024T00:35:35 - [MESSAGE][WARNING] - [SELF-HEALING] Failed to find element with id 'Object Repository/IWP30/Page_VRelay30Emulator/MV'. Try using Self-healing.

25-10-2024T00:35:36 - [MESSAGE][WARNING] - [SELF-HEALING] The current locator of test object 'Object Repository/IWP30/Page_VRelay30Emulator/MV' was broken. Propose an alternative one: '(.//*[normalize-space(text()) and normalize-space(.)='Message Version'])[1]/following::select[1]'.

25-10-2024T00:35:36 - [MESSAGE][PASSED] - All options with value '2.5' are selected in object 'Object Repository/IWP30/Page_VRelay30Emulator/MV'  using regular expression

25-10-2024T00:35:37 - [MESSAGE][PASSED] - Text '10.50' is set on object 'Object Repository/IWP30/Page_EmulatorAgencyX/Amount'

25-10-2024T00:35:38 - [MESSAGE][PASSED] - Text 'EHrWBpCKm4ly' is set on object 'Object Repository/IWP30/Page_EmulatorAgencyX/CAN'

25-10-2024T00:35:38 - [MESSAGE][PASSED] - Text 'PayNow' is set on object 'Object Repository/IWP30/Page_EmulatorAgencyX/Action'

25-10-2024T00:35:39 - [MESSAGE][PASSED] - Text 'en_US' is set on object 'Object Repository/IWP30/Page_EmulatorAgencyX/Lang'

25-10-2024T00:35:39 - [MESSAGE][PASSED] - Text '' is set on object 'Object Repository/IWP30/Page_EmulatorAgencyX/Fname'

25-10-2024T00:35:40 - [MESSAGE][PASSED] - Text '' is set on object 'Object Repository/IWP30/Page_EmulatorAgencyX/Lname'

25-10-2024T00:35:40 - [MESSAGE][PASSED] - Text '' is set on object 'Object Repository/IWP30/Page_EmulatorAgencyX/AL1'

25-10-2024T00:35:41 - [MESSAGE][PASSED] - Text '' is set on object 'Object Repository/IWP30/Page_EmulatorAgencyX/AL2'

25-10-2024T00:35:42 - [MESSAGE][PASSED] - Text '' is set on object 'Object Repository/IWP30/Page_EmulatorAgencyX/Country'

25-10-2024T00:35:42 - [MESSAGE][PASSED] - Text '' is set on object 'Object Repository/IWP30/Page_EmulatorAgencyX/City'

25-10-2024T00:35:43 - [MESSAGE][PASSED] - Text '' is set on object 'Object Repository/IWP30/Page_EmulatorAgencyX/State'

25-10-2024T00:35:43 - [MESSAGE][PASSED] - Text '' is set on object 'Object Repository/IWP30/Page_EmulatorAgencyX/ZIP'

25-10-2024T00:35:44 - [MESSAGE][PASSED] - Text '' is set on object 'Object Repository/IWP30/Page_EmulatorAgencyX/Order'

25-10-2024T00:35:44 - [MESSAGE][PASSED] - Text '' is set on object 'Object Repository/IWP30/Page_EmulatorAgencyX/Company'

25-10-2024T00:35:45 - [MESSAGE][PASSED] - Text '' is set on object 'Object Repository/IWP30/Page_EmulatorAgencyX/Email'

25-10-2024T00:35:46 - [MESSAGE][PASSED] - Text '' is set on object 'Object Repository/IWP30/Page_EmulatorAgencyX/UDF1'

25-10-2024T00:35:46 - [MESSAGE][PASSED] - Text '' is set on object 'Object Repository/IWP30/Page_EmulatorAgencyX/UDF2'

25-10-2024T00:35:47 - [MESSAGE][PASSED] - Text '' is set on object 'Object Repository/IWP30/Page_EmulatorAgencyX/UDF3'

25-10-2024T00:35:47 - [MESSAGE][PASSED] - Text 'udf data 4' is set on object 'Object Repository/IWP30/Page_EmulatorAgencyX/UDF4'

25-10-2024T00:35:48 - [MESSAGE][PASSED] - Text 'udf data 5' is set on object 'Object Repository/IWP30/Page_EmulatorAgencyX/UDF5'

25-10-2024T00:35:48 - [MESSAGE][PASSED] - Text '' is set on object 'Object Repository/IWP30/Page_EmulatorAgencyX/UDF6'

25-10-2024T00:35:49 - [MESSAGE][PASSED] - Text '' is set on object 'Object Repository/IWP30/Page_EmulatorAgencyX/UDF7'

25-10-2024T00:35:50 - [MESSAGE][PASSED] - Text '' is set on object 'Object Repository/IWP30/Page_EmulatorAgencyX/UDF8'

25-10-2024T00:35:50 - [MESSAGE][PASSED] - Text 'udf data 9' is set on object 'Object Repository/IWP30/Page_EmulatorAgencyX/UDF9'

25-10-2024T00:35:51 - [MESSAGE][PASSED] - Text 'udf data 10' is set on object 'Object Repository/IWP30/Page_EmulatorAgencyX/UDF10'

25-10-2024T00:35:52 - [MESSAGE][PASSED] - Object: 'Object Repository/IWP30/Page_EmulatorAgencyX/Submit' is clicked on

25-10-2024T00:35:57 - [MESSAGE][PASSED] - Browser is closed

25-10-2024T00:36:01 - [MESSAGE][PASSED] - iwpPages.emulatorIWP30.setDataEmulator_DD is PASSED

25-10-2024T00:36:01 - [TEST_STEP][PASSED] - testHarnessURL = urlTestHarness: null

25-10-2024T00:36:01 - [TEST_STEP][PASSED] - openBrowser(testHarnessURL): Browser is opened with url: 'https://dev-algorithm.govolution.com/vrelaytest/QA2/version_2_2/vrelaytest.html'

25-10-2024T00:36:01 - [MESSAGE][INFO] - Starting 'Edge Chromium' driver

25-10-2024T00:36:01 - [MESSAGE][INFO] - User set preference: ['acceptInsecureCerts', 'true']

25-10-2024T00:36:03 - [MESSAGE][INFO] - Action delay is set to 0 milliseconds

25-10-2024T00:36:06 - [MESSAGE][PASSED] - Browser is opened with url: 'https://dev-algorithm.govolution.com/vrelaytest/QA2/version_2_2/vrelaytest.html'

25-10-2024T00:36:06 - [TEST_STEP][PASSED] - maximizeWindow(): Current window maximized

25-10-2024T00:36:06 - [MESSAGE][PASSED] - Current window maximized

25-10-2024T00:36:06 - [TEST_STEP][PASSED] - iwpPages.TestHarnessPage.setDataMethod(row, dataFile): iwpPages.TestHarnessPage.setDataMethod is PASSED

25-10-2024T00:36:07 - [MESSAGE][PASSED] - Object 'Object Repository/IWP30/Page_QATestHarness/RemittanceID' is present

25-10-2024T00:36:07 - [MESSAGE][PASSED] - Text '638' is set on object 'Object Repository/IWP30/Page_QATestHarness/ApplicationID'

25-10-2024T00:36:08 - [MESSAGE][PASSED] - Text '2.5' is set on object 'Object Repository/IWP30/Page_QATestHarness/MessageVersion'

25-10-2024T00:36:09 - [MESSAGE][PASSED] - Text 'XMQi9al1s3hC' is set on object 'Object Repository/IWP30/Page_QATestHarness/RemittanceID'

25-10-2024T00:36:14 - [MESSAGE][PASSED] - Object: 'Object Repository/IWP30/Page_QATestHarness/SubmitButton' is clicked on

25-10-2024T00:36:14 - [MESSAGE][PASSED] - iwpPages.TestHarnessPage.setDataMethod is PASSED

25-10-2024T00:36:14 - [TEST_STEP][PASSED] - click(findTestObject("Object Repository/IWP30/Page_SelectPaymentMethod/PayByCorporateCheck")): Object: 'Object Repository/IWP30/Page_SelectPaymentMethod/PayByCorporateCheck' is clicked on

25-10-2024T00:36:14 - [MESSAGE][PASSED] - Object: 'Object Repository/IWP30/Page_SelectPaymentMethod/PayByCorporateCheck' is clicked on

25-10-2024T00:36:14 - [TEST_STEP][PASSED] - click(findTestObject("Object Repository/IWP30/Page_SelectPaymentMethod/MakePaymentButton")): Object: 'Object Repository/IWP30/Page_SelectPaymentMethod/MakePaymentButton' is clicked on

25-10-2024T00:36:17 - [MESSAGE][PASSED] - Object: 'Object Repository/IWP30/Page_SelectPaymentMethod/MakePaymentButton' is clicked on

25-10-2024T00:36:17 - [TEST_STEP][PASSED] - iwpPages.achCorporatePaymentEntryPage.setDataCorporate(row, dataFile): iwpPages.achCorporatePaymentEntryPage.setDataCorporate is PASSED

25-10-2024T00:36:18 - [MESSAGE][PASSED] - Object 'Object Repository/IWP30/Page_ACHCorporatePaymentEntry/txt_accountNumber' is present

25-10-2024T00:36:18 - [MESSAGE][PASSED] - Object 'Object Repository/IWP30/Page_ACHCorporatePaymentEntry/input_CompanyName' is present

25-10-2024T00:36:19 - [MESSAGE][PASSED] - Text 'My Company' is set on object 'Object Repository/IWP30/Page_ACHCorporatePaymentEntry/input_CompanyName'

25-10-2024T00:36:19 - [MESSAGE][PASSED] - Object 'Object Repository/IWP30/Page_ACHCorporatePaymentEntry/input_EIN' is present

25-10-2024T00:36:20 - [MESSAGE][PASSED] - Text '10.50' is set on object 'Object Repository/IWP30/Page_ACHCorporatePaymentEntry/txt_Amount'

25-10-2024T00:36:20 - [MESSAGE][PASSED] - Text 'udf data 3' is set on object 'Object Repository/IWP30/Page_ACHCorporatePaymentEntry/txt_UDF3'

25-10-2024T00:36:21 - [MESSAGE][PASSED] - All options with label 'Soccer' are selected in object 'Object Repository/IWP30/Page_ACHCorporatePaymentEntry/dd_UDF8' 

25-10-2024T00:36:21 - [MESSAGE][PASSED] - Object 'Object Repository/IWP30/Page_ACHCorporatePaymentEntry/txt_routingNumber' is present

25-10-2024T00:36:22 - [MESSAGE][PASSED] - Text '256072691' is set on object 'Object Repository/IWP30/Page_ACHCorporatePaymentEntry/txt_routingNumber'

25-10-2024T00:36:22 - [MESSAGE][PASSED] - Object 'Object Repository/IWP30/Page_ACHCorporatePaymentEntry/txt_accountNumber' is present

25-10-2024T00:36:23 - [MESSAGE][PASSED] - Text '12344444' is set on object 'Object Repository/IWP30/Page_ACHCorporatePaymentEntry/txt_accountNumber'

25-10-2024T00:36:24 - [MESSAGE][PASSED] - Object 'Object Repository/IWP30/Page_ACHCorporatePaymentEntry/txt_confirmAccountNumber' is present

25-10-2024T00:36:24 - [MESSAGE][PASSED] - Text '12344444' is set on object 'Object Repository/IWP30/Page_ACHCorporatePaymentEntry/txt_confirmAccountNumber'

25-10-2024T00:36:25 - [MESSAGE][PASSED] - Text '365 Main Avenue' is set on object 'Object Repository/IWP30/Page_ACHCorporatePaymentEntry/txt_AL1'

25-10-2024T00:36:26 - [MESSAGE][PASSED] - Text '22201' is set on object 'Object Repository/IWP30/Page_ACHCorporatePaymentEntry/txt_ZIP'

25-10-2024T00:36:26 - [MESSAGE][PASSED] - Object 'Object Repository/IWP30/Page_ACHCorporatePaymentEntry/txt_Email' is present

25-10-2024T00:36:27 - [MESSAGE][PASSED] - Text 'iahmed@govolution.com' is set on object 'Object Repository/IWP30/Page_ACHCorporatePaymentEntry/txt_Email'

25-10-2024T00:36:27 - [MESSAGE][PASSED] - Object 'Object Repository/IWP30/Page_ACHCorporatePaymentEntry/cb_TermsAndCond' is present

25-10-2024T00:36:28 - [MESSAGE][PASSED] - Object: 'Object Repository/IWP30/Page_ACHCorporatePaymentEntry/cb_TermsAndCond' is clicked on

25-10-2024T00:36:28 - [MESSAGE][PASSED] - Object 'Object Repository/IWP30/Page_ACHCorporatePaymentEntry/btn_Continue' is present

25-10-2024T00:36:29 - [MESSAGE][PASSED] - Object: 'Object Repository/IWP30/Page_ACHCorporatePaymentEntry/btn_Continue' is clicked on

25-10-2024T00:36:29 - [MESSAGE][PASSED] - iwpPages.achCorporatePaymentEntryPage.setDataCorporate is PASSED

25-10-2024T00:36:29 - [TEST_STEP][PASSED] - if (verifyTextPresent("Make a Real Estate Payment", false)): null

25-10-2024T00:36:30 - [MESSAGE][PASSED] - Text 'Make a Real Estate Payment' is present on page 

25-10-2024T00:36:30 - [TEST_STEP][PASSED] - isRequiredTextPresent = true: null

25-10-2024T00:36:30 - [TEST_STEP][PASSED] - println(isRequiredTextPresent): null

25-10-2024T00:36:30 - [TEST_STEP][PASSED] - if (isRequiredTextPresent): null

25-10-2024T00:36:30 - [TEST_STEP][PASSED] - if (verifyTextPresent("Confirm Payment Information", false)): null

25-10-2024T00:36:30 - [MESSAGE][PASSED] - Text 'Confirm Payment Information' is present on page 

25-10-2024T00:36:30 - [TEST_STEP][PASSED] - isRequiredTextPresent = true: null

25-10-2024T00:36:30 - [TEST_STEP][PASSED] - println(isRequiredTextPresent): null

25-10-2024T00:36:30 - [TEST_STEP][PASSED] - if (isRequiredTextPresent): null

25-10-2024T00:36:30 - [TEST_STEP][PASSED] - if (verifyTextPresent("Please verify the following information:", false)): null

25-10-2024T00:36:30 - [MESSAGE][PASSED] - Text 'Please verify the following information:' is present on page 

25-10-2024T00:36:30 - [TEST_STEP][PASSED] - isRequiredTextPresent = true: null

25-10-2024T00:36:30 - [TEST_STEP][PASSED] - if (isRequiredTextPresent): null

25-10-2024T00:36:30 - [TEST_STEP][PASSED] - if (verifyTextPresent("Payment Information:", false)): null

25-10-2024T00:36:31 - [MESSAGE][PASSED] - Text 'Payment Information:' is present on page 

25-10-2024T00:36:31 - [TEST_STEP][PASSED] - isRequiredTextPresent = true: null

25-10-2024T00:36:31 - [TEST_STEP][PASSED] - if (isRequiredTextPresent): null

25-10-2024T00:36:31 - [TEST_STEP][PASSED] - if (verifyTextPresent("CAN Label:", false)): null

25-10-2024T00:36:31 - [MESSAGE][PASSED] - Text 'CAN Label:' is present on page 

25-10-2024T00:36:31 - [TEST_STEP][PASSED] - isRequiredTextPresent = true: null

25-10-2024T00:36:31 - [TEST_STEP][PASSED] - if (isRequiredTextPresent): null

25-10-2024T00:36:31 - [TEST_STEP][PASSED] - if (verifyTextPresent("Tax Amount:", false)): null

25-10-2024T00:36:31 - [MESSAGE][PASSED] - Text 'Tax Amount:' is present on page 

25-10-2024T00:36:31 - [TEST_STEP][PASSED] - isRequiredTextPresent = true: null

25-10-2024T00:36:31 - [TEST_STEP][PASSED] - if (isRequiredTextPresent): null

25-10-2024T00:36:31 - [TEST_STEP][PASSED] - if (verifyTextPresent("Amount:", false)): null

25-10-2024T00:36:32 - [MESSAGE][PASSED] - Text 'Amount:' is present on page 

25-10-2024T00:36:32 - [TEST_STEP][PASSED] - isRequiredTextPresent = true: null

25-10-2024T00:36:32 - [TEST_STEP][PASSED] - if (isRequiredTextPresent): null

25-10-2024T00:36:32 - [TEST_STEP][PASSED] - if (verifyTextPresent("UDF3 Label:", false)): null

25-10-2024T00:36:32 - [MESSAGE][PASSED] - Text 'UDF3 Label:' is present on page 

25-10-2024T00:36:32 - [TEST_STEP][PASSED] - isRequiredTextPresent = true: null

25-10-2024T00:36:32 - [TEST_STEP][PASSED] - if (isRequiredTextPresent): null

25-10-2024T00:36:32 - [TEST_STEP][PASSED] - if (verifyTextPresent("UDF4 Label:", false)): null

25-10-2024T00:36:32 - [MESSAGE][PASSED] - Text 'UDF4 Label:' is present on page 

25-10-2024T00:36:32 - [TEST_STEP][PASSED] - isRequiredTextPresent = true: null

25-10-2024T00:36:32 - [TEST_STEP][PASSED] - if (isRequiredTextPresent): null

25-10-2024T00:36:32 - [TEST_STEP][PASSED] - if (verifyTextPresent("UDF8 Label:", false)): null

25-10-2024T00:36:32 - [MESSAGE][PASSED] - Text 'UDF8 Label:' is present on page 

25-10-2024T00:36:32 - [TEST_STEP][PASSED] - isRequiredTextPresent = true: null

25-10-2024T00:36:32 - [TEST_STEP][PASSED] - if (isRequiredTextPresent): null

25-10-2024T00:36:32 - [TEST_STEP][PASSED] - if (verifyTextPresent("UDF9 Label:", false)): null

25-10-2024T00:36:33 - [MESSAGE][PASSED] - Text 'UDF9 Label:' is present on page 

25-10-2024T00:36:33 - [TEST_STEP][PASSED] - isRequiredTextPresent = true: null

25-10-2024T00:36:33 - [TEST_STEP][PASSED] - if (isRequiredTextPresent): null

25-10-2024T00:36:33 - [TEST_STEP][PASSED] - if (verifyTextPresent("UDF8 Label:", false)): null

25-10-2024T00:36:33 - [MESSAGE][PASSED] - Text 'UDF8 Label:' is present on page 

25-10-2024T00:36:33 - [TEST_STEP][PASSED] - isRequiredTextPresent = true: null

25-10-2024T00:36:33 - [TEST_STEP][PASSED] - if (isRequiredTextPresent): null

25-10-2024T00:36:33 - [TEST_STEP][PASSED] - if (verifyTextPresent("UDF9 Label:", false)): null

25-10-2024T00:36:33 - [MESSAGE][PASSED] - Text 'UDF9 Label:' is present on page 

25-10-2024T00:36:33 - [TEST_STEP][PASSED] - isRequiredTextPresent = true: null

25-10-2024T00:36:33 - [TEST_STEP][PASSED] - if (isRequiredTextPresent): null

25-10-2024T00:36:33 - [TEST_STEP][PASSED] - if (verifyTextPresent("Account Information:", false)): null

25-10-2024T00:36:33 - [MESSAGE][PASSED] - Text 'Account Information:' is present on page 

25-10-2024T00:36:33 - [TEST_STEP][PASSED] - isRequiredTextPresent = true: null

25-10-2024T00:36:33 - [TEST_STEP][PASSED] - if (isRequiredTextPresent): null

25-10-2024T00:36:33 - [TEST_STEP][PASSED] - if (verifyTextPresent("Company Name:", false)): null

25-10-2024T00:36:34 - [MESSAGE][PASSED] - Text 'Company Name:' is present on page 

25-10-2024T00:36:34 - [TEST_STEP][PASSED] - isRequiredTextPresent = true: null

25-10-2024T00:36:34 - [TEST_STEP][PASSED] - if (isRequiredTextPresent): null

25-10-2024T00:36:34 - [TEST_STEP][PASSED] - if (verifyTextPresent("Routing Transit Number:", false)): null

25-10-2024T00:36:34 - [MESSAGE][PASSED] - Text 'Routing Transit Number:' is present on page 

25-10-2024T00:36:34 - [TEST_STEP][PASSED] - isRequiredTextPresent = true: null

25-10-2024T00:36:34 - [TEST_STEP][PASSED] - if (isRequiredTextPresent): null

25-10-2024T00:36:34 - [TEST_STEP][PASSED] - if (verifyTextPresent("Account Number:", false)): null

25-10-2024T00:36:34 - [MESSAGE][PASSED] - Text 'Account Number:' is present on page 

25-10-2024T00:36:34 - [TEST_STEP][PASSED] - isRequiredTextPresent = true: null

25-10-2024T00:36:34 - [TEST_STEP][PASSED] - if (isRequiredTextPresent): null

25-10-2024T00:36:34 - [TEST_STEP][PASSED] - if (verifyTextPresent("Employer Identification Number (EIN):", false)): null

25-10-2024T00:36:35 - [MESSAGE][PASSED] - Text 'Employer Identification Number (EIN):' is present on page 

25-10-2024T00:36:35 - [TEST_STEP][PASSED] - isRequiredTextPresent = true: null

25-10-2024T00:36:35 - [TEST_STEP][PASSED] - if (isRequiredTextPresent): null

25-10-2024T00:36:35 - [TEST_STEP][PASSED] - if (verifyTextPresent("Type of Account:", false)): null

25-10-2024T00:36:35 - [MESSAGE][PASSED] - Text 'Type of Account:' is present on page 

25-10-2024T00:36:35 - [TEST_STEP][PASSED] - isRequiredTextPresent = true: null

25-10-2024T00:36:35 - [TEST_STEP][PASSED] - if (isRequiredTextPresent): null

25-10-2024T00:36:35 - [TEST_STEP][PASSED] - if (verifyTextPresent("Payment Date:", false)): null

25-10-2024T00:36:35 - [MESSAGE][PASSED] - Text 'Payment Date:' is present on page 

25-10-2024T00:36:35 - [TEST_STEP][PASSED] - isRequiredTextPresent = true: null

25-10-2024T00:36:35 - [TEST_STEP][PASSED] - if (isRequiredTextPresent): null

25-10-2024T00:36:35 - [TEST_STEP][PASSED] - if (verifyTextPresent("Address Line 1:", false)): null

25-10-2024T00:36:35 - [MESSAGE][PASSED] - Text 'Address Line 1:' is present on page 

25-10-2024T00:36:35 - [TEST_STEP][PASSED] - isRequiredTextPresent = true: null

25-10-2024T00:36:35 - [TEST_STEP][PASSED] - if (isRequiredTextPresent): null

25-10-2024T00:36:35 - [TEST_STEP][PASSED] - if (verifyTextPresent("Country:", false)): null

25-10-2024T00:36:36 - [MESSAGE][PASSED] - Text 'Country:' is present on page 

25-10-2024T00:36:36 - [TEST_STEP][PASSED] - isRequiredTextPresent = true: null

25-10-2024T00:36:36 - [TEST_STEP][PASSED] - if (isRequiredTextPresent): null

25-10-2024T00:36:36 - [TEST_STEP][PASSED] - if (verifyTextPresent("City:", false)): null

25-10-2024T00:36:36 - [MESSAGE][PASSED] - Text 'City:' is present on page 

25-10-2024T00:36:36 - [TEST_STEP][PASSED] - isRequiredTextPresent = true: null

25-10-2024T00:36:36 - [TEST_STEP][PASSED] - if (isRequiredTextPresent): null

25-10-2024T00:36:36 - [TEST_STEP][PASSED] - if (verifyTextPresent("State:", false)): null

25-10-2024T00:36:36 - [MESSAGE][PASSED] - Text 'State:' is present on page 

25-10-2024T00:36:36 - [TEST_STEP][PASSED] - isRequiredTextPresent = true: null

25-10-2024T00:36:36 - [TEST_STEP][PASSED] - if (isRequiredTextPresent): null

25-10-2024T00:36:36 - [TEST_STEP][PASSED] - if (verifyTextPresent("ZIP Code:", false)): null

25-10-2024T00:36:37 - [MESSAGE][PASSED] - Text 'ZIP Code:' is present on page 

25-10-2024T00:36:37 - [TEST_STEP][PASSED] - isRequiredTextPresent = true: null

25-10-2024T00:36:37 - [TEST_STEP][PASSED] - if (isRequiredTextPresent): null

25-10-2024T00:36:37 - [TEST_STEP][PASSED] - if (verifyTextPresent("Email Address:", false)): null

25-10-2024T00:36:37 - [MESSAGE][PASSED] - Text 'Email Address:' is present on page 

25-10-2024T00:36:37 - [TEST_STEP][PASSED] - isRequiredTextPresent = true: null

25-10-2024T00:36:37 - [TEST_STEP][PASSED] - if (isRequiredTextPresent): null

25-10-2024T00:36:37 - [TEST_STEP][PASSED] - if (verifyTextPresent("Is this information correct?", false)): null

25-10-2024T00:36:37 - [MESSAGE][PASSED] - Text 'Is this information correct?' is present on page 

25-10-2024T00:36:37 - [TEST_STEP][PASSED] - isRequiredTextPresent = true: null

25-10-2024T00:36:37 - [TEST_STEP][PASSED] - if (isRequiredTextPresent == true): pages.WriteExcel.demoKey is PASSED

25-10-2024T00:36:37 - [TEST_STEP][PASSED] - println("All the relevant texts are present on Confirm Page"): null

25-10-2024T00:36:37 - [TEST_STEP][PASSED] - markPassed("All the relevant texts are present on Confirm Page"): All the relevant texts are present on Confirm Page

25-10-2024T00:36:37 - [MESSAGE][PASSED] - All the relevant texts are present on Confirm Page

25-10-2024T00:36:37 - [TEST_STEP][PASSED] - resText = "Pass": null

25-10-2024T00:36:37 - [TEST_STEP][PASSED] - pages.WriteExcel.demoKey(resText, datText, resColumn, datCloumn, fileLoc, nameSheet, row): pages.WriteExcel.demoKey is PASSED

25-10-2024T00:36:37 - [MESSAGE][PASSED] - pages.WriteExcel.demoKey is PASSED

25-10-2024T00:36:37 - [TEST_STEP][PASSED] - closeBrowser(): Browser is closed

25-10-2024T00:36:38 - [MESSAGE][PASSED] - Browser is closed

25-10-2024T00:36:38 - [TEST_STEP][PASSED] - ExecuteTC = findTestData(dataFile).getValue("Execute", row): null

25-10-2024T00:36:38 - [TEST_STEP][PASSED] - out.println("Value of Execute is : " + ExecuteTC): null

25-10-2024T00:36:38 - [TEST_STEP][PASSED] - if (ExecuteTC.equalsIgnoreCase("Y")): pages.WriteExcel.demoKey is PASSED

25-10-2024T00:36:38 - [TEST_STEP][PASSED] - out.println("Begin Record Number: " + row): null

25-10-2024T00:36:38 - [TEST_STEP][PASSED] - today = new java.util.Date(): null

25-10-2024T00:36:38 - [TEST_STEP][PASSED] - println(today): null

25-10-2024T00:36:38 - [TEST_STEP][PASSED] - datText = today: null

25-10-2024T00:36:38 - [TEST_STEP][PASSED] - EmulatorDataKey = findTestData(dataFile).getValue("EmulatorData", row): null

25-10-2024T00:36:38 - [TEST_STEP][PASSED] - out.println("Value of Emulator Key is : " + EmulatorDataKey): null

25-10-2024T00:36:38 - [TEST_STEP][PASSED] - iwpPages.emulatorIWP30.setDataEmulator_DD(EmulatorDataKey): iwpPages.emulatorIWP30.setDataEmulator_DD is PASSED

25-10-2024T00:36:39 - [MESSAGE][INFO] - Starting 'Edge Chromium' driver

25-10-2024T00:36:39 - [MESSAGE][INFO] - User set preference: ['acceptInsecureCerts', 'true']

25-10-2024T00:36:41 - [MESSAGE][INFO] - Action delay is set to 0 milliseconds

25-10-2024T00:36:45 - [MESSAGE][PASSED] - Browser is opened with url: 'https://qa2.velocitypayment.com/agencyx/config.action?action=editor&message_version=3_0'

25-10-2024T00:36:45 - [MESSAGE][PASSED] - Current window maximized

25-10-2024T00:37:16 - [MESSAGE][INFO] - Unable to find the element located by 'By.xpath: //select[@name='message_version']'. Please recheck the objects properties to make sure the desired element is located. 

25-10-2024T00:37:16 - [MESSAGE][WARNING] - [SELF-HEALING] Failed to find element with id 'Object Repository/IWP30/Page_VRelay30Emulator/MV'. Try using Self-healing.

25-10-2024T00:37:16 - [MESSAGE][WARNING] - [SELF-HEALING] The current locator of test object 'Object Repository/IWP30/Page_VRelay30Emulator/MV' was broken. Propose an alternative one: '(.//*[normalize-space(text()) and normalize-space(.)='Message Version'])[1]/following::select[1]'.

25-10-2024T00:37:17 - [MESSAGE][PASSED] - All options with value '3.0' are selected in object 'Object Repository/IWP30/Page_VRelay30Emulator/MV'  using regular expression

25-10-2024T00:37:17 - [MESSAGE][PASSED] - Text '10.50' is set on object 'Object Repository/IWP30/Page_EmulatorAgencyX/Amount'

25-10-2024T00:37:18 - [MESSAGE][PASSED] - Text 'kpRd3NU0YOB4' is set on object 'Object Repository/IWP30/Page_EmulatorAgencyX/CAN'

25-10-2024T00:37:19 - [MESSAGE][PASSED] - Text 'PayNow' is set on object 'Object Repository/IWP30/Page_EmulatorAgencyX/Action'

25-10-2024T00:37:19 - [MESSAGE][PASSED] - Text 'en_US' is set on object 'Object Repository/IWP30/Page_EmulatorAgencyX/Lang'

25-10-2024T00:37:20 - [MESSAGE][PASSED] - Text '' is set on object 'Object Repository/IWP30/Page_EmulatorAgencyX/Fname'

25-10-2024T00:37:20 - [MESSAGE][PASSED] - Text '' is set on object 'Object Repository/IWP30/Page_EmulatorAgencyX/Lname'

25-10-2024T00:37:21 - [MESSAGE][PASSED] - Text '' is set on object 'Object Repository/IWP30/Page_EmulatorAgencyX/AL1'

25-10-2024T00:37:21 - [MESSAGE][PASSED] - Text '' is set on object 'Object Repository/IWP30/Page_EmulatorAgencyX/AL2'

25-10-2024T00:37:22 - [MESSAGE][PASSED] - Text '' is set on object 'Object Repository/IWP30/Page_EmulatorAgencyX/Country'

25-10-2024T00:37:23 - [MESSAGE][PASSED] - Text '' is set on object 'Object Repository/IWP30/Page_EmulatorAgencyX/City'

25-10-2024T00:37:23 - [MESSAGE][PASSED] - Text '' is set on object 'Object Repository/IWP30/Page_EmulatorAgencyX/State'

25-10-2024T00:37:24 - [MESSAGE][PASSED] - Text '' is set on object 'Object Repository/IWP30/Page_EmulatorAgencyX/ZIP'

25-10-2024T00:37:24 - [MESSAGE][PASSED] - Text '' is set on object 'Object Repository/IWP30/Page_EmulatorAgencyX/Order'

25-10-2024T00:37:25 - [MESSAGE][PASSED] - Text '' is set on object 'Object Repository/IWP30/Page_EmulatorAgencyX/Company'

25-10-2024T00:37:25 - [MESSAGE][PASSED] - Text '' is set on object 'Object Repository/IWP30/Page_EmulatorAgencyX/Email'

25-10-2024T00:37:26 - [MESSAGE][PASSED] - Text '' is set on object 'Object Repository/IWP30/Page_EmulatorAgencyX/UDF1'

25-10-2024T00:37:27 - [MESSAGE][PASSED] - Text '' is set on object 'Object Repository/IWP30/Page_EmulatorAgencyX/UDF2'

25-10-2024T00:37:27 - [MESSAGE][PASSED] - Text '' is set on object 'Object Repository/IWP30/Page_EmulatorAgencyX/UDF3'

25-10-2024T00:37:28 - [MESSAGE][PASSED] - Text 'udf data 4' is set on object 'Object Repository/IWP30/Page_EmulatorAgencyX/UDF4'

25-10-2024T00:37:28 - [MESSAGE][PASSED] - Text 'udf data 5' is set on object 'Object Repository/IWP30/Page_EmulatorAgencyX/UDF5'

25-10-2024T00:37:29 - [MESSAGE][PASSED] - Text '' is set on object 'Object Repository/IWP30/Page_EmulatorAgencyX/UDF6'

25-10-2024T00:37:29 - [MESSAGE][PASSED] - Text '' is set on object 'Object Repository/IWP30/Page_EmulatorAgencyX/UDF7'

25-10-2024T00:37:30 - [MESSAGE][PASSED] - Text '' is set on object 'Object Repository/IWP30/Page_EmulatorAgencyX/UDF8'

25-10-2024T00:37:31 - [MESSAGE][PASSED] - Text 'udf data 9' is set on object 'Object Repository/IWP30/Page_EmulatorAgencyX/UDF9'

25-10-2024T00:37:31 - [MESSAGE][PASSED] - Text 'udf data 10' is set on object 'Object Repository/IWP30/Page_EmulatorAgencyX/UDF10'

25-10-2024T00:37:33 - [MESSAGE][PASSED] - Object: 'Object Repository/IWP30/Page_EmulatorAgencyX/Submit' is clicked on

25-10-2024T00:37:37 - [MESSAGE][PASSED] - Browser is closed

25-10-2024T00:37:41 - [MESSAGE][PASSED] - iwpPages.emulatorIWP30.setDataEmulator_DD is PASSED

25-10-2024T00:37:41 - [TEST_STEP][PASSED] - testHarnessURL = urlTestHarness: null

25-10-2024T00:37:41 - [TEST_STEP][PASSED] - openBrowser(testHarnessURL): Browser is opened with url: 'https://dev-algorithm.govolution.com/vrelaytest/QA2/version_2_2/vrelaytest.html'

25-10-2024T00:37:41 - [MESSAGE][INFO] - Starting 'Edge Chromium' driver

25-10-2024T00:37:41 - [MESSAGE][INFO] - User set preference: ['acceptInsecureCerts', 'true']

25-10-2024T00:37:43 - [MESSAGE][INFO] - Action delay is set to 0 milliseconds

25-10-2024T00:37:47 - [MESSAGE][PASSED] - Browser is opened with url: 'https://dev-algorithm.govolution.com/vrelaytest/QA2/version_2_2/vrelaytest.html'

25-10-2024T00:37:47 - [TEST_STEP][PASSED] - maximizeWindow(): Current window maximized

25-10-2024T00:37:47 - [MESSAGE][PASSED] - Current window maximized

25-10-2024T00:37:47 - [TEST_STEP][PASSED] - iwpPages.TestHarnessPage.setDataMethod(row, dataFile): iwpPages.TestHarnessPage.setDataMethod is PASSED

25-10-2024T00:37:47 - [MESSAGE][PASSED] - Object 'Object Repository/IWP30/Page_QATestHarness/RemittanceID' is present

25-10-2024T00:37:48 - [MESSAGE][PASSED] - Text '649' is set on object 'Object Repository/IWP30/Page_QATestHarness/ApplicationID'

25-10-2024T00:37:48 - [MESSAGE][PASSED] - Text '3.0' is set on object 'Object Repository/IWP30/Page_QATestHarness/MessageVersion'

25-10-2024T00:37:49 - [MESSAGE][PASSED] - Text 'R82f7oNMpBvn' is set on object 'Object Repository/IWP30/Page_QATestHarness/RemittanceID'

25-10-2024T00:37:53 - [MESSAGE][PASSED] - Object: 'Object Repository/IWP30/Page_QATestHarness/SubmitButton' is clicked on

25-10-2024T00:37:53 - [MESSAGE][PASSED] - iwpPages.TestHarnessPage.setDataMethod is PASSED

25-10-2024T00:37:53 - [TEST_STEP][PASSED] - click(findTestObject("Object Repository/IWP30/Page_SelectPaymentMethod/PayByCorporateCheck")): Object: 'Object Repository/IWP30/Page_SelectPaymentMethod/PayByCorporateCheck' is clicked on

25-10-2024T00:37:53 - [MESSAGE][PASSED] - Object: 'Object Repository/IWP30/Page_SelectPaymentMethod/PayByCorporateCheck' is clicked on

25-10-2024T00:37:53 - [TEST_STEP][PASSED] - click(findTestObject("Object Repository/IWP30/Page_SelectPaymentMethod/MakePaymentButton")): Object: 'Object Repository/IWP30/Page_SelectPaymentMethod/MakePaymentButton' is clicked on

25-10-2024T00:37:56 - [MESSAGE][PASSED] - Object: 'Object Repository/IWP30/Page_SelectPaymentMethod/MakePaymentButton' is clicked on

25-10-2024T00:37:56 - [TEST_STEP][PASSED] - iwpPages.achCorporatePaymentEntryPage.setDataCorporate(row, dataFile): iwpPages.achCorporatePaymentEntryPage.setDataCorporate is PASSED

25-10-2024T00:37:57 - [MESSAGE][PASSED] - Object 'Object Repository/IWP30/Page_ACHCorporatePaymentEntry/txt_accountNumber' is present

25-10-2024T00:37:57 - [MESSAGE][PASSED] - Object 'Object Repository/IWP30/Page_ACHCorporatePaymentEntry/input_CompanyName' is present

25-10-2024T00:37:58 - [MESSAGE][PASSED] - Text 'My Company' is set on object 'Object Repository/IWP30/Page_ACHCorporatePaymentEntry/input_CompanyName'

25-10-2024T00:37:58 - [MESSAGE][PASSED] - Object 'Object Repository/IWP30/Page_ACHCorporatePaymentEntry/input_EIN' is present

25-10-2024T00:37:59 - [MESSAGE][PASSED] - Text '10.50' is set on object 'Object Repository/IWP30/Page_ACHCorporatePaymentEntry/txt_Amount'

25-10-2024T00:37:59 - [MESSAGE][PASSED] - Text 'udf data 3' is set on object 'Object Repository/IWP30/Page_ACHCorporatePaymentEntry/txt_UDF3'

25-10-2024T00:38:00 - [MESSAGE][PASSED] - All options with label 'Soccer' are selected in object 'Object Repository/IWP30/Page_ACHCorporatePaymentEntry/dd_UDF8' 

25-10-2024T00:38:00 - [MESSAGE][PASSED] - Object 'Object Repository/IWP30/Page_ACHCorporatePaymentEntry/txt_routingNumber' is present

25-10-2024T00:38:01 - [MESSAGE][PASSED] - Text '256072691' is set on object 'Object Repository/IWP30/Page_ACHCorporatePaymentEntry/txt_routingNumber'

25-10-2024T00:38:01 - [MESSAGE][PASSED] - Object 'Object Repository/IWP30/Page_ACHCorporatePaymentEntry/txt_accountNumber' is present

25-10-2024T00:38:02 - [MESSAGE][PASSED] - Text '12344444' is set on object 'Object Repository/IWP30/Page_ACHCorporatePaymentEntry/txt_accountNumber'

25-10-2024T00:38:03 - [MESSAGE][PASSED] - Object 'Object Repository/IWP30/Page_ACHCorporatePaymentEntry/txt_confirmAccountNumber' is present

25-10-2024T00:38:03 - [MESSAGE][PASSED] - Text '12344444' is set on object 'Object Repository/IWP30/Page_ACHCorporatePaymentEntry/txt_confirmAccountNumber'

25-10-2024T00:38:04 - [MESSAGE][PASSED] - Text '365 Main Avenue' is set on object 'Object Repository/IWP30/Page_ACHCorporatePaymentEntry/txt_AL1'

25-10-2024T00:38:04 - [MESSAGE][PASSED] - Text '22201' is set on object 'Object Repository/IWP30/Page_ACHCorporatePaymentEntry/txt_ZIP'

25-10-2024T00:38:05 - [MESSAGE][PASSED] - Object 'Object Repository/IWP30/Page_ACHCorporatePaymentEntry/txt_Email' is present

25-10-2024T00:38:06 - [MESSAGE][PASSED] - Text 'iahmed@govolution.com' is set on object 'Object Repository/IWP30/Page_ACHCorporatePaymentEntry/txt_Email'

25-10-2024T00:38:06 - [MESSAGE][PASSED] - Object 'Object Repository/IWP30/Page_ACHCorporatePaymentEntry/cb_TermsAndCond' is present

25-10-2024T00:38:06 - [MESSAGE][PASSED] - Object: 'Object Repository/IWP30/Page_ACHCorporatePaymentEntry/cb_TermsAndCond' is clicked on

25-10-2024T00:38:06 - [MESSAGE][PASSED] - Object 'Object Repository/IWP30/Page_ACHCorporatePaymentEntry/btn_Continue' is present

25-10-2024T00:38:08 - [MESSAGE][PASSED] - Object: 'Object Repository/IWP30/Page_ACHCorporatePaymentEntry/btn_Continue' is clicked on

25-10-2024T00:38:08 - [MESSAGE][PASSED] - iwpPages.achCorporatePaymentEntryPage.setDataCorporate is PASSED

25-10-2024T00:38:08 - [TEST_STEP][PASSED] - if (verifyTextPresent("Make a Real Estate Payment", false)): null

25-10-2024T00:38:08 - [MESSAGE][PASSED] - Text 'Make a Real Estate Payment' is present on page 

25-10-2024T00:38:08 - [TEST_STEP][PASSED] - isRequiredTextPresent = true: null

25-10-2024T00:38:08 - [TEST_STEP][PASSED] - println(isRequiredTextPresent): null

25-10-2024T00:38:08 - [TEST_STEP][PASSED] - if (isRequiredTextPresent): null

25-10-2024T00:38:08 - [TEST_STEP][PASSED] - if (verifyTextPresent("Confirm Payment Information", false)): null

25-10-2024T00:38:08 - [MESSAGE][PASSED] - Text 'Confirm Payment Information' is present on page 

25-10-2024T00:38:08 - [TEST_STEP][PASSED] - isRequiredTextPresent = true: null

25-10-2024T00:38:08 - [TEST_STEP][PASSED] - println(isRequiredTextPresent): null

25-10-2024T00:38:08 - [TEST_STEP][PASSED] - if (isRequiredTextPresent): null

25-10-2024T00:38:08 - [TEST_STEP][PASSED] - if (verifyTextPresent("Please verify the following information:", false)): null

25-10-2024T00:38:09 - [MESSAGE][PASSED] - Text 'Please verify the following information:' is present on page 

25-10-2024T00:38:09 - [TEST_STEP][PASSED] - isRequiredTextPresent = true: null

25-10-2024T00:38:09 - [TEST_STEP][PASSED] - if (isRequiredTextPresent): null

25-10-2024T00:38:09 - [TEST_STEP][PASSED] - if (verifyTextPresent("Payment Information:", false)): null

25-10-2024T00:38:09 - [MESSAGE][PASSED] - Text 'Payment Information:' is present on page 

25-10-2024T00:38:09 - [TEST_STEP][PASSED] - isRequiredTextPresent = true: null

25-10-2024T00:38:09 - [TEST_STEP][PASSED] - if (isRequiredTextPresent): null

25-10-2024T00:38:09 - [TEST_STEP][PASSED] - if (verifyTextPresent("CAN Label:", false)): null

25-10-2024T00:38:09 - [MESSAGE][PASSED] - Text 'CAN Label:' is present on page 

25-10-2024T00:38:09 - [TEST_STEP][PASSED] - isRequiredTextPresent = true: null

25-10-2024T00:38:09 - [TEST_STEP][PASSED] - if (isRequiredTextPresent): null

25-10-2024T00:38:09 - [TEST_STEP][PASSED] - if (verifyTextPresent("Tax Amount:", false)): null

25-10-2024T00:38:10 - [MESSAGE][PASSED] - Text 'Tax Amount:' is present on page 

25-10-2024T00:38:10 - [TEST_STEP][PASSED] - isRequiredTextPresent = true: null

25-10-2024T00:38:10 - [TEST_STEP][PASSED] - if (isRequiredTextPresent): null

25-10-2024T00:38:10 - [TEST_STEP][PASSED] - if (verifyTextPresent("Amount:", false)): null

25-10-2024T00:38:10 - [MESSAGE][PASSED] - Text 'Amount:' is present on page 

25-10-2024T00:38:10 - [TEST_STEP][PASSED] - isRequiredTextPresent = true: null

25-10-2024T00:38:10 - [TEST_STEP][PASSED] - if (isRequiredTextPresent): null

25-10-2024T00:38:10 - [TEST_STEP][PASSED] - if (verifyTextPresent("UDF3 Label:", false)): null

25-10-2024T00:38:10 - [MESSAGE][PASSED] - Text 'UDF3 Label:' is present on page 

25-10-2024T00:38:10 - [TEST_STEP][PASSED] - isRequiredTextPresent = true: null

25-10-2024T00:38:10 - [TEST_STEP][PASSED] - if (isRequiredTextPresent): null

25-10-2024T00:38:10 - [TEST_STEP][PASSED] - if (verifyTextPresent("UDF4 Label:", false)): null

25-10-2024T00:38:10 - [MESSAGE][PASSED] - Text 'UDF4 Label:' is present on page 

25-10-2024T00:38:10 - [TEST_STEP][PASSED] - isRequiredTextPresent = true: null

25-10-2024T00:38:10 - [TEST_STEP][PASSED] - if (isRequiredTextPresent): null

25-10-2024T00:38:10 - [TEST_STEP][PASSED] - if (verifyTextPresent("UDF8 Label:", false)): null

25-10-2024T00:38:11 - [MESSAGE][PASSED] - Text 'UDF8 Label:' is present on page 

25-10-2024T00:38:11 - [TEST_STEP][PASSED] - isRequiredTextPresent = true: null

25-10-2024T00:38:11 - [TEST_STEP][PASSED] - if (isRequiredTextPresent): null

25-10-2024T00:38:11 - [TEST_STEP][PASSED] - if (verifyTextPresent("UDF9 Label:", false)): null

25-10-2024T00:38:11 - [MESSAGE][PASSED] - Text 'UDF9 Label:' is present on page 

25-10-2024T00:38:11 - [TEST_STEP][PASSED] - isRequiredTextPresent = true: null

25-10-2024T00:38:11 - [TEST_STEP][PASSED] - if (isRequiredTextPresent): null

25-10-2024T00:38:11 - [TEST_STEP][PASSED] - if (verifyTextPresent("UDF8 Label:", false)): null

25-10-2024T00:38:11 - [MESSAGE][PASSED] - Text 'UDF8 Label:' is present on page 

25-10-2024T00:38:11 - [TEST_STEP][PASSED] - isRequiredTextPresent = true: null

25-10-2024T00:38:11 - [TEST_STEP][PASSED] - if (isRequiredTextPresent): null

25-10-2024T00:38:11 - [TEST_STEP][PASSED] - if (verifyTextPresent("UDF9 Label:", false)): null

25-10-2024T00:38:11 - [MESSAGE][PASSED] - Text 'UDF9 Label:' is present on page 

25-10-2024T00:38:11 - [TEST_STEP][PASSED] - isRequiredTextPresent = true: null

25-10-2024T00:38:11 - [TEST_STEP][PASSED] - if (isRequiredTextPresent): null

25-10-2024T00:38:11 - [TEST_STEP][PASSED] - if (verifyTextPresent("Account Information:", false)): null

25-10-2024T00:38:12 - [MESSAGE][PASSED] - Text 'Account Information:' is present on page 

25-10-2024T00:38:12 - [TEST_STEP][PASSED] - isRequiredTextPresent = true: null

25-10-2024T00:38:12 - [TEST_STEP][PASSED] - if (isRequiredTextPresent): null

25-10-2024T00:38:12 - [TEST_STEP][PASSED] - if (verifyTextPresent("Company Name:", false)): null

25-10-2024T00:38:12 - [MESSAGE][PASSED] - Text 'Company Name:' is present on page 

25-10-2024T00:38:12 - [TEST_STEP][PASSED] - isRequiredTextPresent = true: null

25-10-2024T00:38:12 - [TEST_STEP][PASSED] - if (isRequiredTextPresent): null

25-10-2024T00:38:12 - [TEST_STEP][PASSED] - if (verifyTextPresent("Routing Transit Number:", false)): null

25-10-2024T00:38:12 - [MESSAGE][PASSED] - Text 'Routing Transit Number:' is present on page 

25-10-2024T00:38:12 - [TEST_STEP][PASSED] - isRequiredTextPresent = true: null

25-10-2024T00:38:12 - [TEST_STEP][PASSED] - if (isRequiredTextPresent): null

25-10-2024T00:38:12 - [TEST_STEP][PASSED] - if (verifyTextPresent("Account Number:", false)): null

25-10-2024T00:38:13 - [MESSAGE][PASSED] - Text 'Account Number:' is present on page 

25-10-2024T00:38:13 - [TEST_STEP][PASSED] - isRequiredTextPresent = true: null

25-10-2024T00:38:13 - [TEST_STEP][PASSED] - if (isRequiredTextPresent): null

25-10-2024T00:38:13 - [TEST_STEP][PASSED] - if (verifyTextPresent("Employer Identification Number (EIN):", false)): null

25-10-2024T00:38:13 - [MESSAGE][PASSED] - Text 'Employer Identification Number (EIN):' is present on page 

25-10-2024T00:38:13 - [TEST_STEP][PASSED] - isRequiredTextPresent = true: null

25-10-2024T00:38:13 - [TEST_STEP][PASSED] - if (isRequiredTextPresent): null

25-10-2024T00:38:13 - [TEST_STEP][PASSED] - if (verifyTextPresent("Type of Account:", false)): null

25-10-2024T00:38:13 - [MESSAGE][PASSED] - Text 'Type of Account:' is present on page 

25-10-2024T00:38:13 - [TEST_STEP][PASSED] - isRequiredTextPresent = true: null

25-10-2024T00:38:13 - [TEST_STEP][PASSED] - if (isRequiredTextPresent): null

25-10-2024T00:38:13 - [TEST_STEP][PASSED] - if (verifyTextPresent("Payment Date:", false)): null

25-10-2024T00:38:13 - [MESSAGE][PASSED] - Text 'Payment Date:' is present on page 

25-10-2024T00:38:13 - [TEST_STEP][PASSED] - isRequiredTextPresent = true: null

25-10-2024T00:38:13 - [TEST_STEP][PASSED] - if (isRequiredTextPresent): null

25-10-2024T00:38:13 - [TEST_STEP][PASSED] - if (verifyTextPresent("Address Line 1:", false)): null

25-10-2024T00:38:14 - [MESSAGE][PASSED] - Text 'Address Line 1:' is present on page 

25-10-2024T00:38:14 - [TEST_STEP][PASSED] - isRequiredTextPresent = true: null

25-10-2024T00:38:14 - [TEST_STEP][PASSED] - if (isRequiredTextPresent): null

25-10-2024T00:38:14 - [TEST_STEP][PASSED] - if (verifyTextPresent("Country:", false)): null

25-10-2024T00:38:14 - [MESSAGE][PASSED] - Text 'Country:' is present on page 

25-10-2024T00:38:14 - [TEST_STEP][PASSED] - isRequiredTextPresent = true: null

25-10-2024T00:38:14 - [TEST_STEP][PASSED] - if (isRequiredTextPresent): null

25-10-2024T00:38:14 - [TEST_STEP][PASSED] - if (verifyTextPresent("City:", false)): null

25-10-2024T00:38:14 - [MESSAGE][PASSED] - Text 'City:' is present on page 

25-10-2024T00:38:14 - [TEST_STEP][PASSED] - isRequiredTextPresent = true: null

25-10-2024T00:38:14 - [TEST_STEP][PASSED] - if (isRequiredTextPresent): null

25-10-2024T00:38:14 - [TEST_STEP][PASSED] - if (verifyTextPresent("State:", false)): null

25-10-2024T00:38:14 - [MESSAGE][PASSED] - Text 'State:' is present on page 

25-10-2024T00:38:14 - [TEST_STEP][PASSED] - isRequiredTextPresent = true: null

25-10-2024T00:38:14 - [TEST_STEP][PASSED] - if (isRequiredTextPresent): null

25-10-2024T00:38:14 - [TEST_STEP][PASSED] - if (verifyTextPresent("ZIP Code:", false)): null

25-10-2024T00:38:15 - [MESSAGE][PASSED] - Text 'ZIP Code:' is present on page 

25-10-2024T00:38:15 - [TEST_STEP][PASSED] - isRequiredTextPresent = true: null

25-10-2024T00:38:15 - [TEST_STEP][PASSED] - if (isRequiredTextPresent): null

25-10-2024T00:38:15 - [TEST_STEP][PASSED] - if (verifyTextPresent("Email Address:", false)): null

25-10-2024T00:38:15 - [MESSAGE][PASSED] - Text 'Email Address:' is present on page 

25-10-2024T00:38:15 - [TEST_STEP][PASSED] - isRequiredTextPresent = true: null

25-10-2024T00:38:15 - [TEST_STEP][PASSED] - if (isRequiredTextPresent): null

25-10-2024T00:38:15 - [TEST_STEP][PASSED] - if (verifyTextPresent("Is this information correct?", false)): null

25-10-2024T00:38:15 - [MESSAGE][PASSED] - Text 'Is this information correct?' is present on page 

25-10-2024T00:38:15 - [TEST_STEP][PASSED] - isRequiredTextPresent = true: null

25-10-2024T00:38:15 - [TEST_STEP][PASSED] - if (isRequiredTextPresent == true): pages.WriteExcel.demoKey is PASSED

25-10-2024T00:38:15 - [TEST_STEP][PASSED] - println("All the relevant texts are present on Confirm Page"): null

25-10-2024T00:38:15 - [TEST_STEP][PASSED] - markPassed("All the relevant texts are present on Confirm Page"): All the relevant texts are present on Confirm Page

25-10-2024T00:38:15 - [MESSAGE][PASSED] - All the relevant texts are present on Confirm Page

25-10-2024T00:38:15 - [TEST_STEP][PASSED] - resText = "Pass": null

25-10-2024T00:38:15 - [TEST_STEP][PASSED] - pages.WriteExcel.demoKey(resText, datText, resColumn, datCloumn, fileLoc, nameSheet, row): pages.WriteExcel.demoKey is PASSED

25-10-2024T00:38:15 - [MESSAGE][PASSED] - pages.WriteExcel.demoKey is PASSED

25-10-2024T00:38:15 - [TEST_STEP][PASSED] - closeBrowser(): Browser is closed

25-10-2024T00:38:16 - [MESSAGE][PASSED] - Browser is closed]]></system-out>
         <system-err><![CDATA[]]></system-err>
      </testcase>
      <testcase name="Test Cases/IntegratedWeb/IWP25/Payments/VerifyConfirmPageLabelsPC" time="217.616" classname="Test Cases/IntegratedWeb/IWP25/Payments/VerifyConfirmPageLabelsPC" status="PASSED">
         <system-out><![CDATA[25-10-2024T00:38:16 - [TEST_CASE][PASSED] - Test Cases/IntegratedWeb/IWP25/Payments/VerifyConfirmPageLabelsPC: Test Cases/IntegratedWeb/IWP25/Payments/VerifyConfirmPageLabelsPC

25-10-2024T00:38:16 - [TEST_STEP][PASSED] - resText = "Fail": null

25-10-2024T00:38:16 - [TEST_STEP][PASSED] - resColumn = "Result": null

25-10-2024T00:38:16 - [TEST_STEP][PASSED] - datCloumn = "Date": null

25-10-2024T00:38:16 - [TEST_STEP][PASSED] - fileLoc = "KatalonData/IWPTestData/VRelay25Payments.xlsx": null

25-10-2024T00:38:16 - [TEST_STEP][PASSED] - numOfRows = <not implemented yet for class: org.codehaus.groovy.ast.expr.EmptyExpression>: null

25-10-2024T00:38:16 - [TEST_STEP][PASSED] - dataFile = <not implemented yet for class: org.codehaus.groovy.ast.expr.EmptyExpression>: null

25-10-2024T00:38:16 - [TEST_STEP][PASSED] - nameSheet = <not implemented yet for class: org.codehaus.groovy.ast.expr.EmptyExpression>: null

25-10-2024T00:38:16 - [TEST_STEP][PASSED] - dataFileEmulator = <not implemented yet for class: org.codehaus.groovy.ast.expr.EmptyExpression>: null

25-10-2024T00:38:16 - [TEST_STEP][PASSED] - isRequiredTextPresent = false: null

25-10-2024T00:38:16 - [TEST_STEP][PASSED] - nameSheet = "VerifyConfirmPageLabelsPC": null

25-10-2024T00:38:16 - [TEST_STEP][PASSED] - dataFile = "IWPTestData/IWP25VerifyConfirmPageLabelsPC": null

25-10-2024T00:38:16 - [TEST_STEP][PASSED] - dataFileEmulator = "IWPTestData/EmulatorData": null

25-10-2024T00:38:16 - [TEST_STEP][PASSED] - numOfRows = findTestData(dataFile).getRowNumbers(): null

25-10-2024T00:38:16 - [TEST_STEP][PASSED] - println("Number of Records: " + numOfRows): null

25-10-2024T00:38:16 - [TEST_STEP][PASSED] - for ([row = 1, row <= numOfRows, (row++)]): Browser is closed

25-10-2024T00:38:16 - [TEST_STEP][PASSED] - ExecuteTC = findTestData(dataFile).getValue("Execute", row): null

25-10-2024T00:38:16 - [TEST_STEP][PASSED] - out.println("Value of Execute is : " + ExecuteTC): null

25-10-2024T00:38:16 - [TEST_STEP][PASSED] - if (ExecuteTC.equalsIgnoreCase("Y")): null

25-10-2024T00:38:16 - [TEST_STEP][PASSED] - out.println("Begin Record Number: " + row): null

25-10-2024T00:38:16 - [TEST_STEP][PASSED] - today = new java.util.Date(): null

25-10-2024T00:38:16 - [TEST_STEP][PASSED] - println(today): null

25-10-2024T00:38:16 - [TEST_STEP][PASSED] - datText = today: null

25-10-2024T00:38:16 - [TEST_STEP][PASSED] - EmulatorDataKey = findTestData(dataFile).getValue("EmulatorData", row): null

25-10-2024T00:38:16 - [TEST_STEP][PASSED] - out.println("Value of Emulator Key is : " + EmulatorDataKey): null

25-10-2024T00:38:16 - [TEST_STEP][PASSED] - iwpPages.emulatorIWP30.setDataEmulator_DD(EmulatorDataKey): iwpPages.emulatorIWP30.setDataEmulator_DD is PASSED

25-10-2024T00:38:17 - [MESSAGE][INFO] - Starting 'Edge Chromium' driver

25-10-2024T00:38:17 - [MESSAGE][INFO] - User set preference: ['acceptInsecureCerts', 'true']

25-10-2024T00:38:19 - [MESSAGE][INFO] - Action delay is set to 0 milliseconds

25-10-2024T00:38:23 - [MESSAGE][PASSED] - Browser is opened with url: 'https://qa2.velocitypayment.com/agencyx/config.action?action=editor&message_version=2_5'

25-10-2024T00:38:23 - [MESSAGE][PASSED] - Current window maximized

25-10-2024T00:38:54 - [MESSAGE][INFO] - Unable to find the element located by 'By.xpath: //select[@name='message_version']'. Please recheck the objects properties to make sure the desired element is located. 

25-10-2024T00:38:54 - [MESSAGE][WARNING] - [SELF-HEALING] Failed to find element with id 'Object Repository/IWP30/Page_VRelay30Emulator/MV'. Try using Self-healing.

25-10-2024T00:38:54 - [MESSAGE][WARNING] - [SELF-HEALING] The current locator of test object 'Object Repository/IWP30/Page_VRelay30Emulator/MV' was broken. Propose an alternative one: '(.//*[normalize-space(text()) and normalize-space(.)='Message Version'])[1]/following::select[1]'.

25-10-2024T00:38:55 - [MESSAGE][PASSED] - All options with value '2.5' are selected in object 'Object Repository/IWP30/Page_VRelay30Emulator/MV'  using regular expression

25-10-2024T00:38:55 - [MESSAGE][PASSED] - Text '10.50' is set on object 'Object Repository/IWP30/Page_EmulatorAgencyX/Amount'

25-10-2024T00:38:56 - [MESSAGE][PASSED] - Text 'moCuN5Jz9brZ' is set on object 'Object Repository/IWP30/Page_EmulatorAgencyX/CAN'

25-10-2024T00:38:56 - [MESSAGE][PASSED] - Text 'PayNow' is set on object 'Object Repository/IWP30/Page_EmulatorAgencyX/Action'

25-10-2024T00:38:57 - [MESSAGE][PASSED] - Text 'en_US' is set on object 'Object Repository/IWP30/Page_EmulatorAgencyX/Lang'

25-10-2024T00:38:58 - [MESSAGE][PASSED] - Text '' is set on object 'Object Repository/IWP30/Page_EmulatorAgencyX/Fname'

25-10-2024T00:38:58 - [MESSAGE][PASSED] - Text '' is set on object 'Object Repository/IWP30/Page_EmulatorAgencyX/Lname'

25-10-2024T00:38:59 - [MESSAGE][PASSED] - Text '' is set on object 'Object Repository/IWP30/Page_EmulatorAgencyX/AL1'

25-10-2024T00:38:59 - [MESSAGE][PASSED] - Text '' is set on object 'Object Repository/IWP30/Page_EmulatorAgencyX/AL2'

25-10-2024T00:39:00 - [MESSAGE][PASSED] - Text '' is set on object 'Object Repository/IWP30/Page_EmulatorAgencyX/Country'

25-10-2024T00:39:01 - [MESSAGE][PASSED] - Text '' is set on object 'Object Repository/IWP30/Page_EmulatorAgencyX/City'

25-10-2024T00:39:01 - [MESSAGE][PASSED] - Text '' is set on object 'Object Repository/IWP30/Page_EmulatorAgencyX/State'

25-10-2024T00:39:02 - [MESSAGE][PASSED] - Text '' is set on object 'Object Repository/IWP30/Page_EmulatorAgencyX/ZIP'

25-10-2024T00:39:02 - [MESSAGE][PASSED] - Text '' is set on object 'Object Repository/IWP30/Page_EmulatorAgencyX/Order'

25-10-2024T00:39:03 - [MESSAGE][PASSED] - Text '' is set on object 'Object Repository/IWP30/Page_EmulatorAgencyX/Company'

25-10-2024T00:39:03 - [MESSAGE][PASSED] - Text '' is set on object 'Object Repository/IWP30/Page_EmulatorAgencyX/Email'

25-10-2024T00:39:04 - [MESSAGE][PASSED] - Text '' is set on object 'Object Repository/IWP30/Page_EmulatorAgencyX/UDF1'

25-10-2024T00:39:05 - [MESSAGE][PASSED] - Text '' is set on object 'Object Repository/IWP30/Page_EmulatorAgencyX/UDF2'

25-10-2024T00:39:05 - [MESSAGE][PASSED] - Text '' is set on object 'Object Repository/IWP30/Page_EmulatorAgencyX/UDF3'

25-10-2024T00:39:06 - [MESSAGE][PASSED] - Text 'udf data 4' is set on object 'Object Repository/IWP30/Page_EmulatorAgencyX/UDF4'

25-10-2024T00:39:06 - [MESSAGE][PASSED] - Text 'udf data 5' is set on object 'Object Repository/IWP30/Page_EmulatorAgencyX/UDF5'

25-10-2024T00:39:07 - [MESSAGE][PASSED] - Text '' is set on object 'Object Repository/IWP30/Page_EmulatorAgencyX/UDF6'

25-10-2024T00:39:08 - [MESSAGE][PASSED] - Text '' is set on object 'Object Repository/IWP30/Page_EmulatorAgencyX/UDF7'

25-10-2024T00:39:08 - [MESSAGE][PASSED] - Text '' is set on object 'Object Repository/IWP30/Page_EmulatorAgencyX/UDF8'

25-10-2024T00:39:09 - [MESSAGE][PASSED] - Text 'udf data 9' is set on object 'Object Repository/IWP30/Page_EmulatorAgencyX/UDF9'

25-10-2024T00:39:09 - [MESSAGE][PASSED] - Text 'udf data 10' is set on object 'Object Repository/IWP30/Page_EmulatorAgencyX/UDF10'

25-10-2024T00:39:11 - [MESSAGE][PASSED] - Object: 'Object Repository/IWP30/Page_EmulatorAgencyX/Submit' is clicked on

25-10-2024T00:39:15 - [MESSAGE][PASSED] - Browser is closed

25-10-2024T00:39:19 - [MESSAGE][PASSED] - iwpPages.emulatorIWP30.setDataEmulator_DD is PASSED

25-10-2024T00:39:19 - [TEST_STEP][PASSED] - testHarnessURL = urlTestHarness: null

25-10-2024T00:39:19 - [TEST_STEP][PASSED] - openBrowser(testHarnessURL): Browser is opened with url: 'https://dev-algorithm.govolution.com/vrelaytest/QA2/version_2_2/vrelaytest.html'

25-10-2024T00:39:19 - [MESSAGE][INFO] - Starting 'Edge Chromium' driver

25-10-2024T00:39:19 - [MESSAGE][INFO] - User set preference: ['acceptInsecureCerts', 'true']

25-10-2024T00:39:21 - [MESSAGE][INFO] - Action delay is set to 0 milliseconds

25-10-2024T00:39:25 - [MESSAGE][PASSED] - Browser is opened with url: 'https://dev-algorithm.govolution.com/vrelaytest/QA2/version_2_2/vrelaytest.html'

25-10-2024T00:39:25 - [TEST_STEP][PASSED] - maximizeWindow(): Current window maximized

25-10-2024T00:39:25 - [MESSAGE][PASSED] - Current window maximized

25-10-2024T00:39:25 - [TEST_STEP][PASSED] - iwpPages.TestHarnessPage.setDataMethod(row, dataFile): iwpPages.TestHarnessPage.setDataMethod is PASSED

25-10-2024T00:39:25 - [MESSAGE][PASSED] - Object 'Object Repository/IWP30/Page_QATestHarness/RemittanceID' is present

25-10-2024T00:39:26 - [MESSAGE][PASSED] - Text '638' is set on object 'Object Repository/IWP30/Page_QATestHarness/ApplicationID'

25-10-2024T00:39:26 - [MESSAGE][PASSED] - Text '2.5' is set on object 'Object Repository/IWP30/Page_QATestHarness/MessageVersion'

25-10-2024T00:39:27 - [MESSAGE][PASSED] - Text '0mgpXA8a9ht0' is set on object 'Object Repository/IWP30/Page_QATestHarness/RemittanceID'

25-10-2024T00:39:32 - [MESSAGE][PASSED] - Object: 'Object Repository/IWP30/Page_QATestHarness/SubmitButton' is clicked on

25-10-2024T00:39:32 - [MESSAGE][PASSED] - iwpPages.TestHarnessPage.setDataMethod is PASSED

25-10-2024T00:39:32 - [TEST_STEP][PASSED] - click(findTestObject("Object Repository/IWP30/Page_SelectPaymentMethod/PayByPersonalCheck")): Object: 'Object Repository/IWP30/Page_SelectPaymentMethod/PayByPersonalCheck' is clicked on

25-10-2024T00:39:33 - [MESSAGE][PASSED] - Object: 'Object Repository/IWP30/Page_SelectPaymentMethod/PayByPersonalCheck' is clicked on

25-10-2024T00:39:33 - [TEST_STEP][PASSED] - click(findTestObject("Object Repository/IWP30/Page_SelectPaymentMethod/MakePaymentButton")): Object: 'Object Repository/IWP30/Page_SelectPaymentMethod/MakePaymentButton' is clicked on

25-10-2024T00:39:35 - [MESSAGE][PASSED] - Object: 'Object Repository/IWP30/Page_SelectPaymentMethod/MakePaymentButton' is clicked on

25-10-2024T00:39:35 - [TEST_STEP][PASSED] - iwpPages.achPersonalPaymentEntryPage.setDataACHPPM(row, dataFile): iwpPages.achPersonalPaymentEntryPage.setDataACHPPM is PASSED

25-10-2024T00:39:36 - [MESSAGE][PASSED] - Object 'Object Repository/IWP30/Page_ACHPersonalPaymentEntry/txt_accountNumber' is present

25-10-2024T00:39:37 - [MESSAGE][PASSED] - Text '10.50' is set on object 'Object Repository/IWP30/Page_ACHPersonalPaymentEntry/txt_Amount'

25-10-2024T00:39:37 - [MESSAGE][PASSED] - Object 'Object Repository/IWP30/Page_ACHPersonalPaymentEntry/txt_UDF2' is present

25-10-2024T00:39:38 - [MESSAGE][PASSED] - Text 'udf data 2' is set on object 'Object Repository/IWP30/Page_ACHPersonalPaymentEntry/txt_UDF2'

25-10-2024T00:39:39 - [MESSAGE][PASSED] - Text 'udf data 3' is set on object 'Object Repository/IWP30/Page_ACHPersonalPaymentEntry/txt_UDF3'

25-10-2024T00:39:39 - [MESSAGE][PASSED] - All options with label 'Orange' are selected in object 'Object Repository/IWP30/Page_ACHPersonalPaymentEntry/dd_UDF7' 

25-10-2024T00:39:40 - [MESSAGE][PASSED] - All options with label 'Soccer' are selected in object 'Object Repository/IWP30/Page_ACHPersonalPaymentEntry/dd_UDF8' 

25-10-2024T00:39:40 - [MESSAGE][PASSED] - Object 'Object Repository/IWP30/Page_ACHPersonalPaymentEntry/txt_Firstname' is present

25-10-2024T00:39:40 - [MESSAGE][PASSED] - Text 'Curlonty' is set on object 'Object Repository/IWP30/Page_ACHPersonalPaymentEntry/txt_Firstname'

25-10-2024T00:39:41 - [MESSAGE][PASSED] - Object 'Object Repository/IWP30/Page_ACHPersonalPaymentEntry/txt_Lastname' is present

25-10-2024T00:39:41 - [MESSAGE][PASSED] - Text 'Lachuga' is set on object 'Object Repository/IWP30/Page_ACHPersonalPaymentEntry/txt_Lastname'

25-10-2024T00:39:42 - [MESSAGE][PASSED] - Object 'Object Repository/IWP30/Page_ACHPersonalPaymentEntry/txt_routingNumber' is present

25-10-2024T00:39:42 - [MESSAGE][PASSED] - Text '256072691' is set on object 'Object Repository/IWP30/Page_ACHPersonalPaymentEntry/txt_routingNumber'

25-10-2024T00:39:42 - [MESSAGE][PASSED] - Object 'Object Repository/IWP30/Page_ACHPersonalPaymentEntry/txt_accountNumber' is present

25-10-2024T00:39:44 - [MESSAGE][PASSED] - Text '12342222' is set on object 'Object Repository/IWP30/Page_ACHPersonalPaymentEntry/txt_accountNumber'

25-10-2024T00:39:44 - [MESSAGE][PASSED] - Object 'Object Repository/IWP30/Page_ACHPersonalPaymentEntry/txt_confirmAccountNumber' is present

25-10-2024T00:39:45 - [MESSAGE][PASSED] - Text '12342222' is set on object 'Object Repository/IWP30/Page_ACHPersonalPaymentEntry/txt_confirmAccountNumber'

25-10-2024T00:39:45 - [MESSAGE][PASSED] - Object 'Object Repository/IWP30/Page_ACHPersonalPaymentEntry/rd_accountType' is present

25-10-2024T00:39:45 - [MESSAGE][PASSED] - Modify property of object successfully

25-10-2024T00:39:45 - [MESSAGE][PASSED] - Object: 'Object Repository/IWP30/Page_ACHPersonalPaymentEntry/rd_accountType' is clicked on

25-10-2024T00:39:46 - [MESSAGE][PASSED] - Text '365 Main Avenue' is set on object 'Object Repository/IWP30/Page_ACHPersonalPaymentEntry/txt_AL1'

25-10-2024T00:39:47 - [MESSAGE][PASSED] - Text '22201' is set on object 'Object Repository/IWP30/Page_ACHPersonalPaymentEntry/txt_ZIP'

25-10-2024T00:39:47 - [MESSAGE][PASSED] - Object 'Object Repository/IWP30/Page_ACHPersonalPaymentEntry/txt_Email' is present

25-10-2024T00:39:48 - [MESSAGE][PASSED] - Text 'iahmed@govolution.com' is set on object 'Object Repository/IWP30/Page_ACHPersonalPaymentEntry/txt_Email'

25-10-2024T00:39:48 - [MESSAGE][PASSED] - Object 'Object Repository/IWP30/Page_ACHPersonalPaymentEntry/cb_TermsAndCond' is present

25-10-2024T00:39:49 - [MESSAGE][PASSED] - Object: 'Object Repository/IWP30/Page_ACHPersonalPaymentEntry/cb_TermsAndCond' is clicked on

25-10-2024T00:39:49 - [MESSAGE][PASSED] - Object 'Object Repository/IWP30/Page_ACHPersonalPaymentEntry/btn_Continue' is present

25-10-2024T00:39:50 - [MESSAGE][PASSED] - Object: 'Object Repository/IWP30/Page_ACHPersonalPaymentEntry/btn_Continue' is clicked on

25-10-2024T00:39:50 - [MESSAGE][PASSED] - iwpPages.achPersonalPaymentEntryPage.setDataACHPPM is PASSED

25-10-2024T00:39:50 - [TEST_STEP][PASSED] - Thread.sleep(5000): null

25-10-2024T00:39:55 - [TEST_STEP][PASSED] - if (verifyTextPresent("Make a Real Estate Payment", false)): null

25-10-2024T00:39:56 - [MESSAGE][PASSED] - Text 'Make a Real Estate Payment' is present on page 

25-10-2024T00:39:56 - [TEST_STEP][PASSED] - isRequiredTextPresent = true: null

25-10-2024T00:39:56 - [TEST_STEP][PASSED] - println(isRequiredTextPresent): null

25-10-2024T00:39:56 - [TEST_STEP][PASSED] - if (isRequiredTextPresent): null

25-10-2024T00:39:56 - [TEST_STEP][PASSED] - if (verifyTextPresent("Confirm Payment Information", false)): null

25-10-2024T00:39:56 - [MESSAGE][PASSED] - Text 'Confirm Payment Information' is present on page 

25-10-2024T00:39:56 - [TEST_STEP][PASSED] - isRequiredTextPresent = true: null

25-10-2024T00:39:56 - [TEST_STEP][PASSED] - println(isRequiredTextPresent): null

25-10-2024T00:39:56 - [TEST_STEP][PASSED] - if (isRequiredTextPresent): null

25-10-2024T00:39:56 - [TEST_STEP][PASSED] - if (verifyTextPresent("Please verify the following information:", false)): null

25-10-2024T00:39:56 - [MESSAGE][PASSED] - Text 'Please verify the following information:' is present on page 

25-10-2024T00:39:56 - [TEST_STEP][PASSED] - isRequiredTextPresent = true: null

25-10-2024T00:39:56 - [TEST_STEP][PASSED] - if (isRequiredTextPresent): null

25-10-2024T00:39:56 - [TEST_STEP][PASSED] - if (verifyTextPresent("Payment Information:", false)): null

25-10-2024T00:39:57 - [MESSAGE][PASSED] - Text 'Payment Information:' is present on page 

25-10-2024T00:39:57 - [TEST_STEP][PASSED] - isRequiredTextPresent = true: null

25-10-2024T00:39:57 - [TEST_STEP][PASSED] - if (isRequiredTextPresent): null

25-10-2024T00:39:57 - [TEST_STEP][PASSED] - if (verifyTextPresent("Tax Amount:", false)): null

25-10-2024T00:39:57 - [MESSAGE][PASSED] - Text 'Tax Amount:' is present on page 

25-10-2024T00:39:57 - [TEST_STEP][PASSED] - isRequiredTextPresent = true: null

25-10-2024T00:39:57 - [TEST_STEP][PASSED] - if (isRequiredTextPresent): null

25-10-2024T00:39:57 - [TEST_STEP][PASSED] - if (verifyTextPresent("Amount:", false)): null

25-10-2024T00:39:57 - [MESSAGE][PASSED] - Text 'Amount:' is present on page 

25-10-2024T00:39:57 - [TEST_STEP][PASSED] - isRequiredTextPresent = true: null

25-10-2024T00:39:57 - [TEST_STEP][PASSED] - if (isRequiredTextPresent): null

25-10-2024T00:39:57 - [TEST_STEP][PASSED] - if (verifyTextPresent("UDF2 Label:", false)): null

25-10-2024T00:39:57 - [MESSAGE][PASSED] - Text 'UDF2 Label:' is present on page 

25-10-2024T00:39:57 - [TEST_STEP][PASSED] - isRequiredTextPresent = true: null

25-10-2024T00:39:57 - [TEST_STEP][PASSED] - if (isRequiredTextPresent): null

25-10-2024T00:39:57 - [TEST_STEP][PASSED] - if (verifyTextPresent("UDF3 Label:", false)): null

25-10-2024T00:39:58 - [MESSAGE][PASSED] - Text 'UDF3 Label:' is present on page 

25-10-2024T00:39:58 - [TEST_STEP][PASSED] - isRequiredTextPresent = true: null

25-10-2024T00:39:58 - [TEST_STEP][PASSED] - if (isRequiredTextPresent): null

25-10-2024T00:39:58 - [TEST_STEP][PASSED] - if (verifyTextPresent("UDF4 Label:", false)): null

25-10-2024T00:39:58 - [MESSAGE][PASSED] - Text 'UDF4 Label:' is present on page 

25-10-2024T00:39:58 - [TEST_STEP][PASSED] - isRequiredTextPresent = true: null

25-10-2024T00:39:58 - [TEST_STEP][PASSED] - if (isRequiredTextPresent): null

25-10-2024T00:39:58 - [TEST_STEP][PASSED] - if (verifyTextPresent("UDF7 Label:", false)): null

25-10-2024T00:39:58 - [MESSAGE][PASSED] - Text 'UDF7 Label:' is present on page 

25-10-2024T00:39:58 - [TEST_STEP][PASSED] - isRequiredTextPresent = true: null

25-10-2024T00:39:58 - [TEST_STEP][PASSED] - if (isRequiredTextPresent): null

25-10-2024T00:39:58 - [TEST_STEP][PASSED] - if (verifyTextPresent("UDF8 Label:", false)): null

25-10-2024T00:39:58 - [MESSAGE][PASSED] - Text 'UDF8 Label:' is present on page 

25-10-2024T00:39:58 - [TEST_STEP][PASSED] - isRequiredTextPresent = true: null

25-10-2024T00:39:58 - [TEST_STEP][PASSED] - if (isRequiredTextPresent): null

25-10-2024T00:39:58 - [TEST_STEP][PASSED] - if (verifyTextPresent("UDF9 Label:", false)): null

25-10-2024T00:39:59 - [MESSAGE][PASSED] - Text 'UDF9 Label:' is present on page 

25-10-2024T00:39:59 - [TEST_STEP][PASSED] - isRequiredTextPresent = true: null

25-10-2024T00:39:59 - [TEST_STEP][PASSED] - if (isRequiredTextPresent): null

25-10-2024T00:39:59 - [TEST_STEP][PASSED] - if (verifyTextPresent("UDF9 Label:", false)): null

25-10-2024T00:39:59 - [MESSAGE][PASSED] - Text 'UDF9 Label:' is present on page 

25-10-2024T00:39:59 - [TEST_STEP][PASSED] - isRequiredTextPresent = true: null

25-10-2024T00:39:59 - [TEST_STEP][PASSED] - if (isRequiredTextPresent): null

25-10-2024T00:39:59 - [TEST_STEP][PASSED] - if (verifyTextPresent("Account Information:", false)): null

25-10-2024T00:39:59 - [MESSAGE][PASSED] - Text 'Account Information:' is present on page 

25-10-2024T00:39:59 - [TEST_STEP][PASSED] - isRequiredTextPresent = true: null

25-10-2024T00:39:59 - [TEST_STEP][PASSED] - if (isRequiredTextPresent): null

25-10-2024T00:39:59 - [TEST_STEP][PASSED] - if (verifyTextPresent("First Name on Check:", false)): null

25-10-2024T00:40:00 - [MESSAGE][PASSED] - Text 'First Name on Check:' is present on page 

25-10-2024T00:40:00 - [TEST_STEP][PASSED] - isRequiredTextPresent = true: null

25-10-2024T00:40:00 - [TEST_STEP][PASSED] - if (isRequiredTextPresent): null

25-10-2024T00:40:00 - [TEST_STEP][PASSED] - if (verifyTextPresent("Last Name on Check:", false)): null

25-10-2024T00:40:00 - [MESSAGE][PASSED] - Text 'Last Name on Check:' is present on page 

25-10-2024T00:40:00 - [TEST_STEP][PASSED] - isRequiredTextPresent = true: null

25-10-2024T00:40:00 - [TEST_STEP][PASSED] - if (isRequiredTextPresent): null

25-10-2024T00:40:00 - [TEST_STEP][PASSED] - if (verifyTextPresent("Routing Transit Number:", false)): null

25-10-2024T00:40:00 - [MESSAGE][PASSED] - Text 'Routing Transit Number:' is present on page 

25-10-2024T00:40:00 - [TEST_STEP][PASSED] - isRequiredTextPresent = true: null

25-10-2024T00:40:00 - [TEST_STEP][PASSED] - if (isRequiredTextPresent): null

25-10-2024T00:40:00 - [TEST_STEP][PASSED] - if (verifyTextPresent("Account Number:", false)): null

25-10-2024T00:40:00 - [MESSAGE][PASSED] - Text 'Account Number:' is present on page 

25-10-2024T00:40:00 - [TEST_STEP][PASSED] - isRequiredTextPresent = true: null

25-10-2024T00:40:00 - [TEST_STEP][PASSED] - if (isRequiredTextPresent): null

25-10-2024T00:40:00 - [TEST_STEP][PASSED] - if (verifyTextPresent("Type of Account:", false)): null

25-10-2024T00:40:01 - [MESSAGE][PASSED] - Text 'Type of Account:' is present on page 

25-10-2024T00:40:01 - [TEST_STEP][PASSED] - isRequiredTextPresent = true: null

25-10-2024T00:40:01 - [TEST_STEP][PASSED] - if (isRequiredTextPresent): null

25-10-2024T00:40:01 - [TEST_STEP][PASSED] - if (verifyTextPresent("Payment Date:", false)): null

25-10-2024T00:40:01 - [MESSAGE][PASSED] - Text 'Payment Date:' is present on page 

25-10-2024T00:40:01 - [TEST_STEP][PASSED] - isRequiredTextPresent = true: null

25-10-2024T00:40:01 - [TEST_STEP][PASSED] - if (isRequiredTextPresent): null

25-10-2024T00:40:01 - [TEST_STEP][PASSED] - if (verifyTextPresent("Address Line 1:", false)): null

25-10-2024T00:40:01 - [MESSAGE][PASSED] - Text 'Address Line 1:' is present on page 

25-10-2024T00:40:01 - [TEST_STEP][PASSED] - isRequiredTextPresent = true: null

25-10-2024T00:40:01 - [TEST_STEP][PASSED] - if (isRequiredTextPresent): null

25-10-2024T00:40:01 - [TEST_STEP][PASSED] - if (verifyTextPresent("Country:", false)): null

25-10-2024T00:40:02 - [MESSAGE][PASSED] - Text 'Country:' is present on page 

25-10-2024T00:40:02 - [TEST_STEP][PASSED] - isRequiredTextPresent = true: null

25-10-2024T00:40:02 - [TEST_STEP][PASSED] - if (isRequiredTextPresent): null

25-10-2024T00:40:02 - [TEST_STEP][PASSED] - if (verifyTextPresent("City:", false)): null

25-10-2024T00:40:02 - [MESSAGE][PASSED] - Text 'City:' is present on page 

25-10-2024T00:40:02 - [TEST_STEP][PASSED] - isRequiredTextPresent = true: null

25-10-2024T00:40:02 - [TEST_STEP][PASSED] - if (isRequiredTextPresent): null

25-10-2024T00:40:02 - [TEST_STEP][PASSED] - if (verifyTextPresent("State:", false)): null

25-10-2024T00:40:02 - [MESSAGE][PASSED] - Text 'State:' is present on page 

25-10-2024T00:40:02 - [TEST_STEP][PASSED] - isRequiredTextPresent = true: null

25-10-2024T00:40:02 - [TEST_STEP][PASSED] - if (isRequiredTextPresent): null

25-10-2024T00:40:02 - [TEST_STEP][PASSED] - if (verifyTextPresent("ZIP Code:", false)): null

25-10-2024T00:40:02 - [MESSAGE][PASSED] - Text 'ZIP Code:' is present on page 

25-10-2024T00:40:02 - [TEST_STEP][PASSED] - isRequiredTextPresent = true: null

25-10-2024T00:40:02 - [TEST_STEP][PASSED] - if (isRequiredTextPresent): null

25-10-2024T00:40:02 - [TEST_STEP][PASSED] - if (verifyTextPresent("Email Address:", false)): null

25-10-2024T00:40:03 - [MESSAGE][PASSED] - Text 'Email Address:' is present on page 

25-10-2024T00:40:03 - [TEST_STEP][PASSED] - isRequiredTextPresent = true: null

25-10-2024T00:40:03 - [TEST_STEP][PASSED] - if (isRequiredTextPresent): null

25-10-2024T00:40:03 - [TEST_STEP][PASSED] - if (verifyTextPresent("Is this information correct?", false)): null

25-10-2024T00:40:03 - [MESSAGE][PASSED] - Text 'Is this information correct?' is present on page 

25-10-2024T00:40:03 - [TEST_STEP][PASSED] - isRequiredTextPresent = true: null

25-10-2024T00:40:03 - [TEST_STEP][PASSED] - closeBrowser(): Browser is closed

25-10-2024T00:40:04 - [MESSAGE][PASSED] - Browser is closed

25-10-2024T00:40:04 - [TEST_STEP][PASSED] - ExecuteTC = findTestData(dataFile).getValue("Execute", row): null

25-10-2024T00:40:04 - [TEST_STEP][PASSED] - out.println("Value of Execute is : " + ExecuteTC): null

25-10-2024T00:40:04 - [TEST_STEP][PASSED] - if (ExecuteTC.equalsIgnoreCase("Y")): null

25-10-2024T00:40:04 - [TEST_STEP][PASSED] - out.println("Begin Record Number: " + row): null

25-10-2024T00:40:04 - [TEST_STEP][PASSED] - today = new java.util.Date(): null

25-10-2024T00:40:04 - [TEST_STEP][PASSED] - println(today): null

25-10-2024T00:40:04 - [TEST_STEP][PASSED] - datText = today: null

25-10-2024T00:40:04 - [TEST_STEP][PASSED] - EmulatorDataKey = findTestData(dataFile).getValue("EmulatorData", row): null

25-10-2024T00:40:04 - [TEST_STEP][PASSED] - out.println("Value of Emulator Key is : " + EmulatorDataKey): null

25-10-2024T00:40:04 - [TEST_STEP][PASSED] - iwpPages.emulatorIWP30.setDataEmulator_DD(EmulatorDataKey): iwpPages.emulatorIWP30.setDataEmulator_DD is PASSED

25-10-2024T00:40:04 - [MESSAGE][INFO] - Starting 'Edge Chromium' driver

25-10-2024T00:40:04 - [MESSAGE][INFO] - User set preference: ['acceptInsecureCerts', 'true']

25-10-2024T00:40:06 - [MESSAGE][INFO] - Action delay is set to 0 milliseconds

25-10-2024T00:40:14 - [MESSAGE][PASSED] - Browser is opened with url: 'https://qa2.velocitypayment.com/agencyx/config.action?action=editor&message_version=3_0'

25-10-2024T00:40:14 - [MESSAGE][PASSED] - Current window maximized

25-10-2024T00:40:45 - [MESSAGE][INFO] - Unable to find the element located by 'By.xpath: //select[@name='message_version']'. Please recheck the objects properties to make sure the desired element is located. 

25-10-2024T00:40:45 - [MESSAGE][WARNING] - [SELF-HEALING] Failed to find element with id 'Object Repository/IWP30/Page_VRelay30Emulator/MV'. Try using Self-healing.

25-10-2024T00:40:45 - [MESSAGE][WARNING] - [SELF-HEALING] The current locator of test object 'Object Repository/IWP30/Page_VRelay30Emulator/MV' was broken. Propose an alternative one: '(.//*[normalize-space(text()) and normalize-space(.)='Message Version'])[1]/following::select[1]'.

25-10-2024T00:40:46 - [MESSAGE][PASSED] - All options with value '3.0' are selected in object 'Object Repository/IWP30/Page_VRelay30Emulator/MV'  using regular expression

25-10-2024T00:40:46 - [MESSAGE][PASSED] - Text '10.50' is set on object 'Object Repository/IWP30/Page_EmulatorAgencyX/Amount'

25-10-2024T00:40:47 - [MESSAGE][PASSED] - Text 'UeeqAp5gJl9d' is set on object 'Object Repository/IWP30/Page_EmulatorAgencyX/CAN'

25-10-2024T00:40:48 - [MESSAGE][PASSED] - Text 'PayNow' is set on object 'Object Repository/IWP30/Page_EmulatorAgencyX/Action'

25-10-2024T00:40:48 - [MESSAGE][PASSED] - Text 'en_US' is set on object 'Object Repository/IWP30/Page_EmulatorAgencyX/Lang'

25-10-2024T00:40:49 - [MESSAGE][PASSED] - Text '' is set on object 'Object Repository/IWP30/Page_EmulatorAgencyX/Fname'

25-10-2024T00:40:49 - [MESSAGE][PASSED] - Text '' is set on object 'Object Repository/IWP30/Page_EmulatorAgencyX/Lname'

25-10-2024T00:40:50 - [MESSAGE][PASSED] - Text '' is set on object 'Object Repository/IWP30/Page_EmulatorAgencyX/AL1'

25-10-2024T00:40:51 - [MESSAGE][PASSED] - Text '' is set on object 'Object Repository/IWP30/Page_EmulatorAgencyX/AL2'

25-10-2024T00:40:51 - [MESSAGE][PASSED] - Text '' is set on object 'Object Repository/IWP30/Page_EmulatorAgencyX/Country'

25-10-2024T00:40:52 - [MESSAGE][PASSED] - Text '' is set on object 'Object Repository/IWP30/Page_EmulatorAgencyX/City'

25-10-2024T00:40:52 - [MESSAGE][PASSED] - Text '' is set on object 'Object Repository/IWP30/Page_EmulatorAgencyX/State'

25-10-2024T00:40:53 - [MESSAGE][PASSED] - Text '' is set on object 'Object Repository/IWP30/Page_EmulatorAgencyX/ZIP'

25-10-2024T00:40:53 - [MESSAGE][PASSED] - Text '' is set on object 'Object Repository/IWP30/Page_EmulatorAgencyX/Order'

25-10-2024T00:40:54 - [MESSAGE][PASSED] - Text '' is set on object 'Object Repository/IWP30/Page_EmulatorAgencyX/Company'

25-10-2024T00:40:55 - [MESSAGE][PASSED] - Text '' is set on object 'Object Repository/IWP30/Page_EmulatorAgencyX/Email'

25-10-2024T00:40:55 - [MESSAGE][PASSED] - Text '' is set on object 'Object Repository/IWP30/Page_EmulatorAgencyX/UDF1'

25-10-2024T00:40:56 - [MESSAGE][PASSED] - Text '' is set on object 'Object Repository/IWP30/Page_EmulatorAgencyX/UDF2'

25-10-2024T00:40:56 - [MESSAGE][PASSED] - Text '' is set on object 'Object Repository/IWP30/Page_EmulatorAgencyX/UDF3'

25-10-2024T00:40:57 - [MESSAGE][PASSED] - Text 'udf data 4' is set on object 'Object Repository/IWP30/Page_EmulatorAgencyX/UDF4'

25-10-2024T00:40:57 - [MESSAGE][PASSED] - Text 'udf data 5' is set on object 'Object Repository/IWP30/Page_EmulatorAgencyX/UDF5'

25-10-2024T00:40:58 - [MESSAGE][PASSED] - Text '' is set on object 'Object Repository/IWP30/Page_EmulatorAgencyX/UDF6'

25-10-2024T00:40:59 - [MESSAGE][PASSED] - Text '' is set on object 'Object Repository/IWP30/Page_EmulatorAgencyX/UDF7'

25-10-2024T00:40:59 - [MESSAGE][PASSED] - Text '' is set on object 'Object Repository/IWP30/Page_EmulatorAgencyX/UDF8'

25-10-2024T00:41:00 - [MESSAGE][PASSED] - Text 'udf data 9' is set on object 'Object Repository/IWP30/Page_EmulatorAgencyX/UDF9'

25-10-2024T00:41:00 - [MESSAGE][PASSED] - Text 'udf data 10' is set on object 'Object Repository/IWP30/Page_EmulatorAgencyX/UDF10'

25-10-2024T00:41:02 - [MESSAGE][PASSED] - Object: 'Object Repository/IWP30/Page_EmulatorAgencyX/Submit' is clicked on

25-10-2024T00:41:06 - [MESSAGE][PASSED] - Browser is closed

25-10-2024T00:41:10 - [MESSAGE][PASSED] - iwpPages.emulatorIWP30.setDataEmulator_DD is PASSED

25-10-2024T00:41:10 - [TEST_STEP][PASSED] - testHarnessURL = urlTestHarness: null

25-10-2024T00:41:10 - [TEST_STEP][PASSED] - openBrowser(testHarnessURL): Browser is opened with url: 'https://dev-algorithm.govolution.com/vrelaytest/QA2/version_2_2/vrelaytest.html'

25-10-2024T00:41:10 - [MESSAGE][INFO] - Starting 'Edge Chromium' driver

25-10-2024T00:41:10 - [MESSAGE][INFO] - User set preference: ['acceptInsecureCerts', 'true']

25-10-2024T00:41:12 - [MESSAGE][INFO] - Action delay is set to 0 milliseconds

25-10-2024T00:41:16 - [MESSAGE][PASSED] - Browser is opened with url: 'https://dev-algorithm.govolution.com/vrelaytest/QA2/version_2_2/vrelaytest.html'

25-10-2024T00:41:16 - [TEST_STEP][PASSED] - maximizeWindow(): Current window maximized

25-10-2024T00:41:16 - [MESSAGE][PASSED] - Current window maximized

25-10-2024T00:41:16 - [TEST_STEP][PASSED] - iwpPages.TestHarnessPage.setDataMethod(row, dataFile): iwpPages.TestHarnessPage.setDataMethod is PASSED

25-10-2024T00:41:16 - [MESSAGE][PASSED] - Object 'Object Repository/IWP30/Page_QATestHarness/RemittanceID' is present

25-10-2024T00:41:17 - [MESSAGE][PASSED] - Text '649' is set on object 'Object Repository/IWP30/Page_QATestHarness/ApplicationID'

25-10-2024T00:41:17 - [MESSAGE][PASSED] - Text '3.0' is set on object 'Object Repository/IWP30/Page_QATestHarness/MessageVersion'

25-10-2024T00:41:18 - [MESSAGE][PASSED] - Text 'xauLPtgSH0n0' is set on object 'Object Repository/IWP30/Page_QATestHarness/RemittanceID'

25-10-2024T00:41:23 - [MESSAGE][PASSED] - Object: 'Object Repository/IWP30/Page_QATestHarness/SubmitButton' is clicked on

25-10-2024T00:41:23 - [MESSAGE][PASSED] - iwpPages.TestHarnessPage.setDataMethod is PASSED

25-10-2024T00:41:23 - [TEST_STEP][PASSED] - click(findTestObject("Object Repository/IWP30/Page_SelectPaymentMethod/PayByPersonalCheck")): Object: 'Object Repository/IWP30/Page_SelectPaymentMethod/PayByPersonalCheck' is clicked on

25-10-2024T00:41:23 - [MESSAGE][PASSED] - Object: 'Object Repository/IWP30/Page_SelectPaymentMethod/PayByPersonalCheck' is clicked on

25-10-2024T00:41:23 - [TEST_STEP][PASSED] - click(findTestObject("Object Repository/IWP30/Page_SelectPaymentMethod/MakePaymentButton")): Object: 'Object Repository/IWP30/Page_SelectPaymentMethod/MakePaymentButton' is clicked on

25-10-2024T00:41:26 - [MESSAGE][PASSED] - Object: 'Object Repository/IWP30/Page_SelectPaymentMethod/MakePaymentButton' is clicked on

25-10-2024T00:41:26 - [TEST_STEP][PASSED] - iwpPages.achPersonalPaymentEntryPage.setDataACHPPM(row, dataFile): iwpPages.achPersonalPaymentEntryPage.setDataACHPPM is PASSED

25-10-2024T00:41:27 - [MESSAGE][PASSED] - Object 'Object Repository/IWP30/Page_ACHPersonalPaymentEntry/txt_accountNumber' is present

25-10-2024T00:41:27 - [MESSAGE][PASSED] - Text '10.50' is set on object 'Object Repository/IWP30/Page_ACHPersonalPaymentEntry/txt_Amount'

25-10-2024T00:41:28 - [MESSAGE][PASSED] - Object 'Object Repository/IWP30/Page_ACHPersonalPaymentEntry/txt_UDF2' is present

25-10-2024T00:41:28 - [MESSAGE][PASSED] - Text 'udf data 2' is set on object 'Object Repository/IWP30/Page_ACHPersonalPaymentEntry/txt_UDF2'

25-10-2024T00:41:29 - [MESSAGE][PASSED] - Text 'udf data 3' is set on object 'Object Repository/IWP30/Page_ACHPersonalPaymentEntry/txt_UDF3'

25-10-2024T00:41:29 - [MESSAGE][PASSED] - All options with label 'Orange' are selected in object 'Object Repository/IWP30/Page_ACHPersonalPaymentEntry/dd_UDF7' 

25-10-2024T00:41:30 - [MESSAGE][PASSED] - All options with label 'Soccer' are selected in object 'Object Repository/IWP30/Page_ACHPersonalPaymentEntry/dd_UDF8' 

25-10-2024T00:41:30 - [MESSAGE][PASSED] - Object 'Object Repository/IWP30/Page_ACHPersonalPaymentEntry/txt_Firstname' is present

25-10-2024T00:41:31 - [MESSAGE][PASSED] - Text 'Curlonty' is set on object 'Object Repository/IWP30/Page_ACHPersonalPaymentEntry/txt_Firstname'

25-10-2024T00:41:31 - [MESSAGE][PASSED] - Object 'Object Repository/IWP30/Page_ACHPersonalPaymentEntry/txt_Lastname' is present

25-10-2024T00:41:32 - [MESSAGE][PASSED] - Text 'Lachuga' is set on object 'Object Repository/IWP30/Page_ACHPersonalPaymentEntry/txt_Lastname'

25-10-2024T00:41:32 - [MESSAGE][PASSED] - Object 'Object Repository/IWP30/Page_ACHPersonalPaymentEntry/txt_routingNumber' is present

25-10-2024T00:41:33 - [MESSAGE][PASSED] - Text '256072691' is set on object 'Object Repository/IWP30/Page_ACHPersonalPaymentEntry/txt_routingNumber'

25-10-2024T00:41:33 - [MESSAGE][PASSED] - Object 'Object Repository/IWP30/Page_ACHPersonalPaymentEntry/txt_accountNumber' is present

25-10-2024T00:41:34 - [MESSAGE][PASSED] - Text '12342222' is set on object 'Object Repository/IWP30/Page_ACHPersonalPaymentEntry/txt_accountNumber'

25-10-2024T00:41:35 - [MESSAGE][PASSED] - Object 'Object Repository/IWP30/Page_ACHPersonalPaymentEntry/txt_confirmAccountNumber' is present

25-10-2024T00:41:35 - [MESSAGE][PASSED] - Text '12342222' is set on object 'Object Repository/IWP30/Page_ACHPersonalPaymentEntry/txt_confirmAccountNumber'

25-10-2024T00:41:35 - [MESSAGE][PASSED] - Object 'Object Repository/IWP30/Page_ACHPersonalPaymentEntry/rd_accountType' is present

25-10-2024T00:41:35 - [MESSAGE][PASSED] - Modify property of object successfully

25-10-2024T00:41:36 - [MESSAGE][PASSED] - Object: 'Object Repository/IWP30/Page_ACHPersonalPaymentEntry/rd_accountType' is clicked on

25-10-2024T00:41:36 - [MESSAGE][PASSED] - Text '365 Main Avenue' is set on object 'Object Repository/IWP30/Page_ACHPersonalPaymentEntry/txt_AL1'

25-10-2024T00:41:37 - [MESSAGE][PASSED] - Text '22201' is set on object 'Object Repository/IWP30/Page_ACHPersonalPaymentEntry/txt_ZIP'

25-10-2024T00:41:37 - [MESSAGE][PASSED] - Object 'Object Repository/IWP30/Page_ACHPersonalPaymentEntry/txt_Email' is present

25-10-2024T00:41:38 - [MESSAGE][PASSED] - Text 'iahmed@govolution.com' is set on object 'Object Repository/IWP30/Page_ACHPersonalPaymentEntry/txt_Email'

25-10-2024T00:41:38 - [MESSAGE][PASSED] - Object 'Object Repository/IWP30/Page_ACHPersonalPaymentEntry/cb_TermsAndCond' is present

25-10-2024T00:41:39 - [MESSAGE][PASSED] - Object: 'Object Repository/IWP30/Page_ACHPersonalPaymentEntry/cb_TermsAndCond' is clicked on

25-10-2024T00:41:39 - [MESSAGE][PASSED] - Object 'Object Repository/IWP30/Page_ACHPersonalPaymentEntry/btn_Continue' is present

25-10-2024T00:41:40 - [MESSAGE][PASSED] - Object: 'Object Repository/IWP30/Page_ACHPersonalPaymentEntry/btn_Continue' is clicked on

25-10-2024T00:41:40 - [MESSAGE][PASSED] - iwpPages.achPersonalPaymentEntryPage.setDataACHPPM is PASSED

25-10-2024T00:41:40 - [TEST_STEP][PASSED] - Thread.sleep(5000): null

25-10-2024T00:41:45 - [TEST_STEP][PASSED] - if (verifyTextPresent("Make a Real Estate Payment", false)): null

25-10-2024T00:41:46 - [MESSAGE][PASSED] - Text 'Make a Real Estate Payment' is present on page 

25-10-2024T00:41:46 - [TEST_STEP][PASSED] - isRequiredTextPresent = true: null

25-10-2024T00:41:46 - [TEST_STEP][PASSED] - println(isRequiredTextPresent): null

25-10-2024T00:41:46 - [TEST_STEP][PASSED] - if (isRequiredTextPresent): null

25-10-2024T00:41:46 - [TEST_STEP][PASSED] - if (verifyTextPresent("Confirm Payment Information", false)): null

25-10-2024T00:41:46 - [MESSAGE][PASSED] - Text 'Confirm Payment Information' is present on page 

25-10-2024T00:41:46 - [TEST_STEP][PASSED] - isRequiredTextPresent = true: null

25-10-2024T00:41:46 - [TEST_STEP][PASSED] - println(isRequiredTextPresent): null

25-10-2024T00:41:46 - [TEST_STEP][PASSED] - if (isRequiredTextPresent): null

25-10-2024T00:41:46 - [TEST_STEP][PASSED] - if (verifyTextPresent("Please verify the following information:", false)): null

25-10-2024T00:41:46 - [MESSAGE][PASSED] - Text 'Please verify the following information:' is present on page 

25-10-2024T00:41:46 - [TEST_STEP][PASSED] - isRequiredTextPresent = true: null

25-10-2024T00:41:46 - [TEST_STEP][PASSED] - if (isRequiredTextPresent): null

25-10-2024T00:41:46 - [TEST_STEP][PASSED] - if (verifyTextPresent("Payment Information:", false)): null

25-10-2024T00:41:46 - [MESSAGE][PASSED] - Text 'Payment Information:' is present on page 

25-10-2024T00:41:46 - [TEST_STEP][PASSED] - isRequiredTextPresent = true: null

25-10-2024T00:41:46 - [TEST_STEP][PASSED] - if (isRequiredTextPresent): null

25-10-2024T00:41:46 - [TEST_STEP][PASSED] - if (verifyTextPresent("Tax Amount:", false)): null

25-10-2024T00:41:47 - [MESSAGE][PASSED] - Text 'Tax Amount:' is present on page 

25-10-2024T00:41:47 - [TEST_STEP][PASSED] - isRequiredTextPresent = true: null

25-10-2024T00:41:47 - [TEST_STEP][PASSED] - if (isRequiredTextPresent): null

25-10-2024T00:41:47 - [TEST_STEP][PASSED] - if (verifyTextPresent("Amount:", false)): null

25-10-2024T00:41:47 - [MESSAGE][PASSED] - Text 'Amount:' is present on page 

25-10-2024T00:41:47 - [TEST_STEP][PASSED] - isRequiredTextPresent = true: null

25-10-2024T00:41:47 - [TEST_STEP][PASSED] - if (isRequiredTextPresent): null

25-10-2024T00:41:47 - [TEST_STEP][PASSED] - if (verifyTextPresent("UDF2 Label:", false)): null

25-10-2024T00:41:47 - [MESSAGE][PASSED] - Text 'UDF2 Label:' is present on page 

25-10-2024T00:41:47 - [TEST_STEP][PASSED] - isRequiredTextPresent = true: null

25-10-2024T00:41:47 - [TEST_STEP][PASSED] - if (isRequiredTextPresent): null

25-10-2024T00:41:47 - [TEST_STEP][PASSED] - if (verifyTextPresent("UDF3 Label:", false)): null

25-10-2024T00:41:47 - [MESSAGE][PASSED] - Text 'UDF3 Label:' is present on page 

25-10-2024T00:41:47 - [TEST_STEP][PASSED] - isRequiredTextPresent = true: null

25-10-2024T00:41:47 - [TEST_STEP][PASSED] - if (isRequiredTextPresent): null

25-10-2024T00:41:47 - [TEST_STEP][PASSED] - if (verifyTextPresent("UDF4 Label:", false)): null

25-10-2024T00:41:48 - [MESSAGE][PASSED] - Text 'UDF4 Label:' is present on page 

25-10-2024T00:41:48 - [TEST_STEP][PASSED] - isRequiredTextPresent = true: null

25-10-2024T00:41:48 - [TEST_STEP][PASSED] - if (isRequiredTextPresent): null

25-10-2024T00:41:48 - [TEST_STEP][PASSED] - if (verifyTextPresent("UDF7 Label:", false)): null

25-10-2024T00:41:48 - [MESSAGE][PASSED] - Text 'UDF7 Label:' is present on page 

25-10-2024T00:41:48 - [TEST_STEP][PASSED] - isRequiredTextPresent = true: null

25-10-2024T00:41:48 - [TEST_STEP][PASSED] - if (isRequiredTextPresent): null

25-10-2024T00:41:48 - [TEST_STEP][PASSED] - if (verifyTextPresent("UDF8 Label:", false)): null

25-10-2024T00:41:48 - [MESSAGE][PASSED] - Text 'UDF8 Label:' is present on page 

25-10-2024T00:41:48 - [TEST_STEP][PASSED] - isRequiredTextPresent = true: null

25-10-2024T00:41:48 - [TEST_STEP][PASSED] - if (isRequiredTextPresent): null

25-10-2024T00:41:48 - [TEST_STEP][PASSED] - if (verifyTextPresent("UDF9 Label:", false)): null

25-10-2024T00:41:49 - [MESSAGE][PASSED] - Text 'UDF9 Label:' is present on page 

25-10-2024T00:41:49 - [TEST_STEP][PASSED] - isRequiredTextPresent = true: null

25-10-2024T00:41:49 - [TEST_STEP][PASSED] - if (isRequiredTextPresent): null

25-10-2024T00:41:49 - [TEST_STEP][PASSED] - if (verifyTextPresent("UDF9 Label:", false)): null

25-10-2024T00:41:49 - [MESSAGE][PASSED] - Text 'UDF9 Label:' is present on page 

25-10-2024T00:41:49 - [TEST_STEP][PASSED] - isRequiredTextPresent = true: null

25-10-2024T00:41:49 - [TEST_STEP][PASSED] - if (isRequiredTextPresent): null

25-10-2024T00:41:49 - [TEST_STEP][PASSED] - if (verifyTextPresent("Account Information:", false)): null

25-10-2024T00:41:49 - [MESSAGE][PASSED] - Text 'Account Information:' is present on page 

25-10-2024T00:41:49 - [TEST_STEP][PASSED] - isRequiredTextPresent = true: null

25-10-2024T00:41:49 - [TEST_STEP][PASSED] - if (isRequiredTextPresent): null

25-10-2024T00:41:49 - [TEST_STEP][PASSED] - if (verifyTextPresent("First Name on Check:", false)): null

25-10-2024T00:41:49 - [MESSAGE][PASSED] - Text 'First Name on Check:' is present on page 

25-10-2024T00:41:49 - [TEST_STEP][PASSED] - isRequiredTextPresent = true: null

25-10-2024T00:41:49 - [TEST_STEP][PASSED] - if (isRequiredTextPresent): null

25-10-2024T00:41:49 - [TEST_STEP][PASSED] - if (verifyTextPresent("Last Name on Check:", false)): null

25-10-2024T00:41:50 - [MESSAGE][PASSED] - Text 'Last Name on Check:' is present on page 

25-10-2024T00:41:50 - [TEST_STEP][PASSED] - isRequiredTextPresent = true: null

25-10-2024T00:41:50 - [TEST_STEP][PASSED] - if (isRequiredTextPresent): null

25-10-2024T00:41:50 - [TEST_STEP][PASSED] - if (verifyTextPresent("Routing Transit Number:", false)): null

25-10-2024T00:41:50 - [MESSAGE][PASSED] - Text 'Routing Transit Number:' is present on page 

25-10-2024T00:41:50 - [TEST_STEP][PASSED] - isRequiredTextPresent = true: null

25-10-2024T00:41:50 - [TEST_STEP][PASSED] - if (isRequiredTextPresent): null

25-10-2024T00:41:50 - [TEST_STEP][PASSED] - if (verifyTextPresent("Account Number:", false)): null

25-10-2024T00:41:50 - [MESSAGE][PASSED] - Text 'Account Number:' is present on page 

25-10-2024T00:41:50 - [TEST_STEP][PASSED] - isRequiredTextPresent = true: null

25-10-2024T00:41:50 - [TEST_STEP][PASSED] - if (isRequiredTextPresent): null

25-10-2024T00:41:50 - [TEST_STEP][PASSED] - if (verifyTextPresent("Type of Account:", false)): null

25-10-2024T00:41:51 - [MESSAGE][PASSED] - Text 'Type of Account:' is present on page 

25-10-2024T00:41:51 - [TEST_STEP][PASSED] - isRequiredTextPresent = true: null

25-10-2024T00:41:51 - [TEST_STEP][PASSED] - if (isRequiredTextPresent): null

25-10-2024T00:41:51 - [TEST_STEP][PASSED] - if (verifyTextPresent("Payment Date:", false)): null

25-10-2024T00:41:51 - [MESSAGE][PASSED] - Text 'Payment Date:' is present on page 

25-10-2024T00:41:51 - [TEST_STEP][PASSED] - isRequiredTextPresent = true: null

25-10-2024T00:41:51 - [TEST_STEP][PASSED] - if (isRequiredTextPresent): null

25-10-2024T00:41:51 - [TEST_STEP][PASSED] - if (verifyTextPresent("Address Line 1:", false)): null

25-10-2024T00:41:51 - [MESSAGE][PASSED] - Text 'Address Line 1:' is present on page 

25-10-2024T00:41:51 - [TEST_STEP][PASSED] - isRequiredTextPresent = true: null

25-10-2024T00:41:51 - [TEST_STEP][PASSED] - if (isRequiredTextPresent): null

25-10-2024T00:41:51 - [TEST_STEP][PASSED] - if (verifyTextPresent("Country:", false)): null

25-10-2024T00:41:51 - [MESSAGE][PASSED] - Text 'Country:' is present on page 

25-10-2024T00:41:51 - [TEST_STEP][PASSED] - isRequiredTextPresent = true: null

25-10-2024T00:41:51 - [TEST_STEP][PASSED] - if (isRequiredTextPresent): null

25-10-2024T00:41:51 - [TEST_STEP][PASSED] - if (verifyTextPresent("City:", false)): null

25-10-2024T00:41:52 - [MESSAGE][PASSED] - Text 'City:' is present on page 

25-10-2024T00:41:52 - [TEST_STEP][PASSED] - isRequiredTextPresent = true: null

25-10-2024T00:41:52 - [TEST_STEP][PASSED] - if (isRequiredTextPresent): null

25-10-2024T00:41:52 - [TEST_STEP][PASSED] - if (verifyTextPresent("State:", false)): null

25-10-2024T00:41:52 - [MESSAGE][PASSED] - Text 'State:' is present on page 

25-10-2024T00:41:52 - [TEST_STEP][PASSED] - isRequiredTextPresent = true: null

25-10-2024T00:41:52 - [TEST_STEP][PASSED] - if (isRequiredTextPresent): null

25-10-2024T00:41:52 - [TEST_STEP][PASSED] - if (verifyTextPresent("ZIP Code:", false)): null

25-10-2024T00:41:52 - [MESSAGE][PASSED] - Text 'ZIP Code:' is present on page 

25-10-2024T00:41:52 - [TEST_STEP][PASSED] - isRequiredTextPresent = true: null

25-10-2024T00:41:52 - [TEST_STEP][PASSED] - if (isRequiredTextPresent): null

25-10-2024T00:41:52 - [TEST_STEP][PASSED] - if (verifyTextPresent("Email Address:", false)): null

25-10-2024T00:41:52 - [MESSAGE][PASSED] - Text 'Email Address:' is present on page 

25-10-2024T00:41:52 - [TEST_STEP][PASSED] - isRequiredTextPresent = true: null

25-10-2024T00:41:52 - [TEST_STEP][PASSED] - if (isRequiredTextPresent): null

25-10-2024T00:41:52 - [TEST_STEP][PASSED] - if (verifyTextPresent("Is this information correct?", false)): null

25-10-2024T00:41:53 - [MESSAGE][PASSED] - Text 'Is this information correct?' is present on page 

25-10-2024T00:41:53 - [TEST_STEP][PASSED] - isRequiredTextPresent = true: null

25-10-2024T00:41:53 - [TEST_STEP][PASSED] - closeBrowser(): Browser is closed

25-10-2024T00:41:54 - [MESSAGE][PASSED] - Browser is closed]]></system-out>
         <system-err><![CDATA[]]></system-err>
      </testcase>
      <testcase name="Test Cases/IntegratedWeb/IWP25/Payments/VerifyConfirmPageLabelsPS" time="210.785" classname="Test Cases/IntegratedWeb/IWP25/Payments/VerifyConfirmPageLabelsPS" status="PASSED">
         <system-out><![CDATA[25-10-2024T00:41:54 - [TEST_CASE][PASSED] - Test Cases/IntegratedWeb/IWP25/Payments/VerifyConfirmPageLabelsPS: Test Cases/IntegratedWeb/IWP25/Payments/VerifyConfirmPageLabelsPS

25-10-2024T00:41:54 - [TEST_STEP][PASSED] - resText = "Fail": null

25-10-2024T00:41:54 - [TEST_STEP][PASSED] - resColumn = "Result": null

25-10-2024T00:41:54 - [TEST_STEP][PASSED] - datCloumn = "Date": null

25-10-2024T00:41:54 - [TEST_STEP][PASSED] - fileLoc = "KatalonData/IWPTestData/VRelay25Payments.xlsx": null

25-10-2024T00:41:54 - [TEST_STEP][PASSED] - numOfRows = <not implemented yet for class: org.codehaus.groovy.ast.expr.EmptyExpression>: null

25-10-2024T00:41:54 - [TEST_STEP][PASSED] - dataFile = <not implemented yet for class: org.codehaus.groovy.ast.expr.EmptyExpression>: null

25-10-2024T00:41:54 - [TEST_STEP][PASSED] - nameSheet = <not implemented yet for class: org.codehaus.groovy.ast.expr.EmptyExpression>: null

25-10-2024T00:41:54 - [TEST_STEP][PASSED] - dataFileEmulator = <not implemented yet for class: org.codehaus.groovy.ast.expr.EmptyExpression>: null

25-10-2024T00:41:54 - [TEST_STEP][PASSED] - isRequiredTextPresent = false: null

25-10-2024T00:41:54 - [TEST_STEP][PASSED] - nameSheet = "VerifyConfirmPageLabelsPS": null

25-10-2024T00:41:54 - [TEST_STEP][PASSED] - dataFile = "IWPTestData/IWP25VerifyConfirmPageLabelsPS": null

25-10-2024T00:41:54 - [TEST_STEP][PASSED] - dataFileEmulator = "IWPTestData/EmulatorData": null

25-10-2024T00:41:54 - [TEST_STEP][PASSED] - numOfRows = findTestData(dataFile).getRowNumbers(): null

25-10-2024T00:41:54 - [TEST_STEP][PASSED] - println("Number of Records: " + numOfRows): null

25-10-2024T00:41:54 - [TEST_STEP][PASSED] - for ([row = 1, row <= numOfRows, (row++)]): Browser is closed

25-10-2024T00:41:54 - [TEST_STEP][PASSED] - ExecuteTC = findTestData(dataFile).getValue("Execute", row): null

25-10-2024T00:41:54 - [TEST_STEP][PASSED] - out.println("Value of Execute is : " + ExecuteTC): null

25-10-2024T00:41:54 - [TEST_STEP][PASSED] - if (ExecuteTC.equalsIgnoreCase("Y")): null

25-10-2024T00:41:54 - [TEST_STEP][PASSED] - out.println("Begin Record Number: " + row): null

25-10-2024T00:41:54 - [TEST_STEP][PASSED] - today = new java.util.Date(): null

25-10-2024T00:41:54 - [TEST_STEP][PASSED] - println(today): null

25-10-2024T00:41:54 - [TEST_STEP][PASSED] - datText = today: null

25-10-2024T00:41:54 - [TEST_STEP][PASSED] - EmulatorDataKey = findTestData(dataFile).getValue("EmulatorData", row): null

25-10-2024T00:41:54 - [TEST_STEP][PASSED] - out.println("Value of Emulator Key is : " + EmulatorDataKey): null

25-10-2024T00:41:54 - [TEST_STEP][PASSED] - iwpPages.emulatorIWP30.setDataEmulator_DD(EmulatorDataKey): iwpPages.emulatorIWP30.setDataEmulator_DD is PASSED

25-10-2024T00:41:54 - [MESSAGE][INFO] - Starting 'Edge Chromium' driver

25-10-2024T00:41:54 - [MESSAGE][INFO] - User set preference: ['acceptInsecureCerts', 'true']

25-10-2024T00:41:56 - [MESSAGE][INFO] - Action delay is set to 0 milliseconds

25-10-2024T00:42:00 - [MESSAGE][PASSED] - Browser is opened with url: 'https://qa2.velocitypayment.com/agencyx/config.action?action=editor&message_version=2_5'

25-10-2024T00:42:01 - [MESSAGE][PASSED] - Current window maximized

25-10-2024T00:42:32 - [MESSAGE][INFO] - Unable to find the element located by 'By.xpath: //select[@name='message_version']'. Please recheck the objects properties to make sure the desired element is located. 

25-10-2024T00:42:32 - [MESSAGE][WARNING] - [SELF-HEALING] Failed to find element with id 'Object Repository/IWP30/Page_VRelay30Emulator/MV'. Try using Self-healing.

25-10-2024T00:42:32 - [MESSAGE][WARNING] - [SELF-HEALING] The current locator of test object 'Object Repository/IWP30/Page_VRelay30Emulator/MV' was broken. Propose an alternative one: '(.//*[normalize-space(text()) and normalize-space(.)='Message Version'])[1]/following::select[1]'.

25-10-2024T00:42:33 - [MESSAGE][PASSED] - All options with value '2.5' are selected in object 'Object Repository/IWP30/Page_VRelay30Emulator/MV'  using regular expression

25-10-2024T00:42:33 - [MESSAGE][PASSED] - Text '10.50' is set on object 'Object Repository/IWP30/Page_EmulatorAgencyX/Amount'

25-10-2024T00:42:34 - [MESSAGE][PASSED] - Text 'n4OsORTrCgfu' is set on object 'Object Repository/IWP30/Page_EmulatorAgencyX/CAN'

25-10-2024T00:42:34 - [MESSAGE][PASSED] - Text 'PayNow' is set on object 'Object Repository/IWP30/Page_EmulatorAgencyX/Action'

25-10-2024T00:42:35 - [MESSAGE][PASSED] - Text 'en_US' is set on object 'Object Repository/IWP30/Page_EmulatorAgencyX/Lang'

25-10-2024T00:42:35 - [MESSAGE][PASSED] - Text '' is set on object 'Object Repository/IWP30/Page_EmulatorAgencyX/Fname'

25-10-2024T00:42:36 - [MESSAGE][PASSED] - Text '' is set on object 'Object Repository/IWP30/Page_EmulatorAgencyX/Lname'

25-10-2024T00:42:37 - [MESSAGE][PASSED] - Text '' is set on object 'Object Repository/IWP30/Page_EmulatorAgencyX/AL1'

25-10-2024T00:42:37 - [MESSAGE][PASSED] - Text '' is set on object 'Object Repository/IWP30/Page_EmulatorAgencyX/AL2'

25-10-2024T00:42:38 - [MESSAGE][PASSED] - Text '' is set on object 'Object Repository/IWP30/Page_EmulatorAgencyX/Country'

25-10-2024T00:42:38 - [MESSAGE][PASSED] - Text '' is set on object 'Object Repository/IWP30/Page_EmulatorAgencyX/City'

25-10-2024T00:42:39 - [MESSAGE][PASSED] - Text '' is set on object 'Object Repository/IWP30/Page_EmulatorAgencyX/State'

25-10-2024T00:42:40 - [MESSAGE][PASSED] - Text '' is set on object 'Object Repository/IWP30/Page_EmulatorAgencyX/ZIP'

25-10-2024T00:42:40 - [MESSAGE][PASSED] - Text '' is set on object 'Object Repository/IWP30/Page_EmulatorAgencyX/Order'

25-10-2024T00:42:41 - [MESSAGE][PASSED] - Text '' is set on object 'Object Repository/IWP30/Page_EmulatorAgencyX/Company'

25-10-2024T00:42:41 - [MESSAGE][PASSED] - Text '' is set on object 'Object Repository/IWP30/Page_EmulatorAgencyX/Email'

25-10-2024T00:42:42 - [MESSAGE][PASSED] - Text '' is set on object 'Object Repository/IWP30/Page_EmulatorAgencyX/UDF1'

25-10-2024T00:42:42 - [MESSAGE][PASSED] - Text '' is set on object 'Object Repository/IWP30/Page_EmulatorAgencyX/UDF2'

25-10-2024T00:42:43 - [MESSAGE][PASSED] - Text '' is set on object 'Object Repository/IWP30/Page_EmulatorAgencyX/UDF3'

25-10-2024T00:42:44 - [MESSAGE][PASSED] - Text 'udf data 4' is set on object 'Object Repository/IWP30/Page_EmulatorAgencyX/UDF4'

25-10-2024T00:42:44 - [MESSAGE][PASSED] - Text 'udf data 5' is set on object 'Object Repository/IWP30/Page_EmulatorAgencyX/UDF5'

25-10-2024T00:42:45 - [MESSAGE][PASSED] - Text '' is set on object 'Object Repository/IWP30/Page_EmulatorAgencyX/UDF6'

25-10-2024T00:42:45 - [MESSAGE][PASSED] - Text '' is set on object 'Object Repository/IWP30/Page_EmulatorAgencyX/UDF7'

25-10-2024T00:42:46 - [MESSAGE][PASSED] - Text '' is set on object 'Object Repository/IWP30/Page_EmulatorAgencyX/UDF8'

25-10-2024T00:42:46 - [MESSAGE][PASSED] - Text 'udf data 9' is set on object 'Object Repository/IWP30/Page_EmulatorAgencyX/UDF9'

25-10-2024T00:42:47 - [MESSAGE][PASSED] - Text 'udf data 10' is set on object 'Object Repository/IWP30/Page_EmulatorAgencyX/UDF10'

25-10-2024T00:42:48 - [MESSAGE][PASSED] - Object: 'Object Repository/IWP30/Page_EmulatorAgencyX/Submit' is clicked on

25-10-2024T00:42:53 - [MESSAGE][PASSED] - Browser is closed

25-10-2024T00:42:57 - [MESSAGE][PASSED] - iwpPages.emulatorIWP30.setDataEmulator_DD is PASSED

25-10-2024T00:42:57 - [TEST_STEP][PASSED] - testHarnessURL = urlTestHarness: null

25-10-2024T00:42:57 - [TEST_STEP][PASSED] - openBrowser(testHarnessURL): Browser is opened with url: 'https://dev-algorithm.govolution.com/vrelaytest/QA2/version_2_2/vrelaytest.html'

25-10-2024T00:42:57 - [MESSAGE][INFO] - Starting 'Edge Chromium' driver

25-10-2024T00:42:57 - [MESSAGE][INFO] - User set preference: ['acceptInsecureCerts', 'true']

25-10-2024T00:42:59 - [MESSAGE][INFO] - Action delay is set to 0 milliseconds

25-10-2024T00:43:02 - [MESSAGE][PASSED] - Browser is opened with url: 'https://dev-algorithm.govolution.com/vrelaytest/QA2/version_2_2/vrelaytest.html'

25-10-2024T00:43:02 - [TEST_STEP][PASSED] - maximizeWindow(): Current window maximized

25-10-2024T00:43:03 - [MESSAGE][PASSED] - Current window maximized

25-10-2024T00:43:03 - [TEST_STEP][PASSED] - iwpPages.TestHarnessPage.setDataMethod(row, dataFile): iwpPages.TestHarnessPage.setDataMethod is PASSED

25-10-2024T00:43:03 - [MESSAGE][PASSED] - Object 'Object Repository/IWP30/Page_QATestHarness/RemittanceID' is present

25-10-2024T00:43:03 - [MESSAGE][PASSED] - Text '638' is set on object 'Object Repository/IWP30/Page_QATestHarness/ApplicationID'

25-10-2024T00:43:04 - [MESSAGE][PASSED] - Text '2.5' is set on object 'Object Repository/IWP30/Page_QATestHarness/MessageVersion'

25-10-2024T00:43:05 - [MESSAGE][PASSED] - Text 'I94M1KwXBAfA' is set on object 'Object Repository/IWP30/Page_QATestHarness/RemittanceID'

25-10-2024T00:43:08 - [MESSAGE][PASSED] - Object: 'Object Repository/IWP30/Page_QATestHarness/SubmitButton' is clicked on

25-10-2024T00:43:08 - [MESSAGE][PASSED] - iwpPages.TestHarnessPage.setDataMethod is PASSED

25-10-2024T00:43:08 - [TEST_STEP][PASSED] - click(findTestObject("Object Repository/IWP30/Page_SelectPaymentMethod/PayByPersonalCheck")): Object: 'Object Repository/IWP30/Page_SelectPaymentMethod/PayByPersonalCheck' is clicked on

25-10-2024T00:43:09 - [MESSAGE][PASSED] - Object: 'Object Repository/IWP30/Page_SelectPaymentMethod/PayByPersonalCheck' is clicked on

25-10-2024T00:43:09 - [TEST_STEP][PASSED] - click(findTestObject("Object Repository/IWP30/Page_SelectPaymentMethod/MakePaymentButton")): Object: 'Object Repository/IWP30/Page_SelectPaymentMethod/MakePaymentButton' is clicked on

25-10-2024T00:43:12 - [MESSAGE][PASSED] - Object: 'Object Repository/IWP30/Page_SelectPaymentMethod/MakePaymentButton' is clicked on

25-10-2024T00:43:12 - [TEST_STEP][PASSED] - iwpPages.achPersonalPaymentEntryPage.setDataACHPPM(row, dataFile): iwpPages.achPersonalPaymentEntryPage.setDataACHPPM is PASSED

25-10-2024T00:43:13 - [MESSAGE][PASSED] - Object 'Object Repository/IWP30/Page_ACHPersonalPaymentEntry/txt_accountNumber' is present

25-10-2024T00:43:13 - [MESSAGE][PASSED] - Text '10.50' is set on object 'Object Repository/IWP30/Page_ACHPersonalPaymentEntry/txt_Amount'

25-10-2024T00:43:13 - [MESSAGE][PASSED] - Object 'Object Repository/IWP30/Page_ACHPersonalPaymentEntry/txt_UDF2' is present

25-10-2024T00:43:14 - [MESSAGE][PASSED] - Text 'udf data 2' is set on object 'Object Repository/IWP30/Page_ACHPersonalPaymentEntry/txt_UDF2'

25-10-2024T00:43:15 - [MESSAGE][PASSED] - Text 'udf data 3' is set on object 'Object Repository/IWP30/Page_ACHPersonalPaymentEntry/txt_UDF3'

25-10-2024T00:43:15 - [MESSAGE][PASSED] - All options with label 'Orange' are selected in object 'Object Repository/IWP30/Page_ACHPersonalPaymentEntry/dd_UDF7' 

25-10-2024T00:43:16 - [MESSAGE][PASSED] - All options with label 'Soccer' are selected in object 'Object Repository/IWP30/Page_ACHPersonalPaymentEntry/dd_UDF8' 

25-10-2024T00:43:16 - [MESSAGE][PASSED] - Object 'Object Repository/IWP30/Page_ACHPersonalPaymentEntry/txt_Firstname' is present

25-10-2024T00:43:17 - [MESSAGE][PASSED] - Text 'Curlonty' is set on object 'Object Repository/IWP30/Page_ACHPersonalPaymentEntry/txt_Firstname'

25-10-2024T00:43:17 - [MESSAGE][PASSED] - Object 'Object Repository/IWP30/Page_ACHPersonalPaymentEntry/txt_Lastname' is present

25-10-2024T00:43:17 - [MESSAGE][PASSED] - Text 'Lachuga' is set on object 'Object Repository/IWP30/Page_ACHPersonalPaymentEntry/txt_Lastname'

25-10-2024T00:43:18 - [MESSAGE][PASSED] - Object 'Object Repository/IWP30/Page_ACHPersonalPaymentEntry/txt_routingNumber' is present

25-10-2024T00:43:18 - [MESSAGE][PASSED] - Text '256072691' is set on object 'Object Repository/IWP30/Page_ACHPersonalPaymentEntry/txt_routingNumber'

25-10-2024T00:43:19 - [MESSAGE][PASSED] - Object 'Object Repository/IWP30/Page_ACHPersonalPaymentEntry/txt_accountNumber' is present

25-10-2024T00:43:20 - [MESSAGE][PASSED] - Text '12342222' is set on object 'Object Repository/IWP30/Page_ACHPersonalPaymentEntry/txt_accountNumber'

25-10-2024T00:43:20 - [MESSAGE][PASSED] - Object 'Object Repository/IWP30/Page_ACHPersonalPaymentEntry/txt_confirmAccountNumber' is present

25-10-2024T00:43:21 - [MESSAGE][PASSED] - Text '12342222' is set on object 'Object Repository/IWP30/Page_ACHPersonalPaymentEntry/txt_confirmAccountNumber'

25-10-2024T00:43:21 - [MESSAGE][PASSED] - Object 'Object Repository/IWP30/Page_ACHPersonalPaymentEntry/rd_accountType' is present

25-10-2024T00:43:21 - [MESSAGE][PASSED] - Modify property of object successfully

25-10-2024T00:43:21 - [MESSAGE][PASSED] - Object: 'Object Repository/IWP30/Page_ACHPersonalPaymentEntry/rd_accountType' is clicked on

25-10-2024T00:43:22 - [MESSAGE][PASSED] - Text '365 Main Avenue' is set on object 'Object Repository/IWP30/Page_ACHPersonalPaymentEntry/txt_AL1'

25-10-2024T00:43:23 - [MESSAGE][PASSED] - Text '22201' is set on object 'Object Repository/IWP30/Page_ACHPersonalPaymentEntry/txt_ZIP'

25-10-2024T00:43:23 - [MESSAGE][PASSED] - Object 'Object Repository/IWP30/Page_ACHPersonalPaymentEntry/txt_Email' is present

25-10-2024T00:43:24 - [MESSAGE][PASSED] - Text 'iahmed@govolution.com' is set on object 'Object Repository/IWP30/Page_ACHPersonalPaymentEntry/txt_Email'

25-10-2024T00:43:25 - [MESSAGE][PASSED] - Object 'Object Repository/IWP30/Page_ACHPersonalPaymentEntry/cb_TermsAndCond' is present

25-10-2024T00:43:25 - [MESSAGE][PASSED] - Object: 'Object Repository/IWP30/Page_ACHPersonalPaymentEntry/cb_TermsAndCond' is clicked on

25-10-2024T00:43:25 - [MESSAGE][PASSED] - Object 'Object Repository/IWP30/Page_ACHPersonalPaymentEntry/btn_Continue' is present

25-10-2024T00:43:26 - [MESSAGE][PASSED] - Object: 'Object Repository/IWP30/Page_ACHPersonalPaymentEntry/btn_Continue' is clicked on

25-10-2024T00:43:26 - [MESSAGE][PASSED] - iwpPages.achPersonalPaymentEntryPage.setDataACHPPM is PASSED

25-10-2024T00:43:26 - [TEST_STEP][PASSED] - Thread.sleep(5000): null

25-10-2024T00:43:32 - [TEST_STEP][PASSED] - if (verifyTextPresent("Make a Real Estate Payment", false)): null

25-10-2024T00:43:32 - [MESSAGE][PASSED] - Text 'Make a Real Estate Payment' is present on page 

25-10-2024T00:43:32 - [TEST_STEP][PASSED] - isRequiredTextPresent = true: null

25-10-2024T00:43:32 - [TEST_STEP][PASSED] - println(isRequiredTextPresent): null

25-10-2024T00:43:32 - [TEST_STEP][PASSED] - if (isRequiredTextPresent): null

25-10-2024T00:43:32 - [TEST_STEP][PASSED] - if (verifyTextPresent("Confirm Payment Information", false)): null

25-10-2024T00:43:32 - [MESSAGE][PASSED] - Text 'Confirm Payment Information' is present on page 

25-10-2024T00:43:32 - [TEST_STEP][PASSED] - isRequiredTextPresent = true: null

25-10-2024T00:43:32 - [TEST_STEP][PASSED] - println(isRequiredTextPresent): null

25-10-2024T00:43:32 - [TEST_STEP][PASSED] - if (isRequiredTextPresent): null

25-10-2024T00:43:32 - [TEST_STEP][PASSED] - if (verifyTextPresent("Please verify the following information:", false)): null

25-10-2024T00:43:32 - [MESSAGE][PASSED] - Text 'Please verify the following information:' is present on page 

25-10-2024T00:43:32 - [TEST_STEP][PASSED] - isRequiredTextPresent = true: null

25-10-2024T00:43:32 - [TEST_STEP][PASSED] - if (isRequiredTextPresent): null

25-10-2024T00:43:32 - [TEST_STEP][PASSED] - if (verifyTextPresent("Payment Information:", false)): null

25-10-2024T00:43:33 - [MESSAGE][PASSED] - Text 'Payment Information:' is present on page 

25-10-2024T00:43:33 - [TEST_STEP][PASSED] - isRequiredTextPresent = true: null

25-10-2024T00:43:33 - [TEST_STEP][PASSED] - if (isRequiredTextPresent): null

25-10-2024T00:43:33 - [TEST_STEP][PASSED] - if (verifyTextPresent("Tax Amount:", false)): null

25-10-2024T00:43:33 - [MESSAGE][PASSED] - Text 'Tax Amount:' is present on page 

25-10-2024T00:43:33 - [TEST_STEP][PASSED] - isRequiredTextPresent = true: null

25-10-2024T00:43:33 - [TEST_STEP][PASSED] - if (isRequiredTextPresent): null

25-10-2024T00:43:33 - [TEST_STEP][PASSED] - if (verifyTextPresent("Amount:", false)): null

25-10-2024T00:43:33 - [MESSAGE][PASSED] - Text 'Amount:' is present on page 

25-10-2024T00:43:33 - [TEST_STEP][PASSED] - isRequiredTextPresent = true: null

25-10-2024T00:43:33 - [TEST_STEP][PASSED] - if (isRequiredTextPresent): null

25-10-2024T00:43:33 - [TEST_STEP][PASSED] - if (verifyTextPresent("UDF2 Label:", false)): null

25-10-2024T00:43:33 - [MESSAGE][PASSED] - Text 'UDF2 Label:' is present on page 

25-10-2024T00:43:33 - [TEST_STEP][PASSED] - isRequiredTextPresent = true: null

25-10-2024T00:43:33 - [TEST_STEP][PASSED] - if (isRequiredTextPresent): null

25-10-2024T00:43:33 - [TEST_STEP][PASSED] - if (verifyTextPresent("UDF3 Label:", false)): null

25-10-2024T00:43:34 - [MESSAGE][PASSED] - Text 'UDF3 Label:' is present on page 

25-10-2024T00:43:34 - [TEST_STEP][PASSED] - isRequiredTextPresent = true: null

25-10-2024T00:43:34 - [TEST_STEP][PASSED] - if (isRequiredTextPresent): null

25-10-2024T00:43:34 - [TEST_STEP][PASSED] - if (verifyTextPresent("UDF4 Label:", false)): null

25-10-2024T00:43:34 - [MESSAGE][PASSED] - Text 'UDF4 Label:' is present on page 

25-10-2024T00:43:34 - [TEST_STEP][PASSED] - isRequiredTextPresent = true: null

25-10-2024T00:43:34 - [TEST_STEP][PASSED] - if (isRequiredTextPresent): null

25-10-2024T00:43:34 - [TEST_STEP][PASSED] - if (verifyTextPresent("UDF7 Label:", false)): null

25-10-2024T00:43:34 - [MESSAGE][PASSED] - Text 'UDF7 Label:' is present on page 

25-10-2024T00:43:34 - [TEST_STEP][PASSED] - isRequiredTextPresent = true: null

25-10-2024T00:43:34 - [TEST_STEP][PASSED] - if (isRequiredTextPresent): null

25-10-2024T00:43:34 - [TEST_STEP][PASSED] - if (verifyTextPresent("UDF8 Label:", false)): null

25-10-2024T00:43:35 - [MESSAGE][PASSED] - Text 'UDF8 Label:' is present on page 

25-10-2024T00:43:35 - [TEST_STEP][PASSED] - isRequiredTextPresent = true: null

25-10-2024T00:43:35 - [TEST_STEP][PASSED] - if (isRequiredTextPresent): null

25-10-2024T00:43:35 - [TEST_STEP][PASSED] - if (verifyTextPresent("UDF9 Label:", false)): null

25-10-2024T00:43:35 - [MESSAGE][PASSED] - Text 'UDF9 Label:' is present on page 

25-10-2024T00:43:35 - [TEST_STEP][PASSED] - isRequiredTextPresent = true: null

25-10-2024T00:43:35 - [TEST_STEP][PASSED] - if (isRequiredTextPresent): null

25-10-2024T00:43:35 - [TEST_STEP][PASSED] - if (verifyTextPresent("UDF9 Label:", false)): null

25-10-2024T00:43:35 - [MESSAGE][PASSED] - Text 'UDF9 Label:' is present on page 

25-10-2024T00:43:35 - [TEST_STEP][PASSED] - isRequiredTextPresent = true: null

25-10-2024T00:43:35 - [TEST_STEP][PASSED] - if (isRequiredTextPresent): null

25-10-2024T00:43:35 - [TEST_STEP][PASSED] - if (verifyTextPresent("Account Information:", false)): null

25-10-2024T00:43:35 - [MESSAGE][PASSED] - Text 'Account Information:' is present on page 

25-10-2024T00:43:35 - [TEST_STEP][PASSED] - isRequiredTextPresent = true: null

25-10-2024T00:43:35 - [TEST_STEP][PASSED] - if (isRequiredTextPresent): null

25-10-2024T00:43:35 - [TEST_STEP][PASSED] - if (verifyTextPresent("First Name on Check:", false)): null

25-10-2024T00:43:36 - [MESSAGE][PASSED] - Text 'First Name on Check:' is present on page 

25-10-2024T00:43:36 - [TEST_STEP][PASSED] - isRequiredTextPresent = true: null

25-10-2024T00:43:36 - [TEST_STEP][PASSED] - if (isRequiredTextPresent): null

25-10-2024T00:43:36 - [TEST_STEP][PASSED] - if (verifyTextPresent("Last Name on Check:", false)): null

25-10-2024T00:43:36 - [MESSAGE][PASSED] - Text 'Last Name on Check:' is present on page 

25-10-2024T00:43:36 - [TEST_STEP][PASSED] - isRequiredTextPresent = true: null

25-10-2024T00:43:36 - [TEST_STEP][PASSED] - if (isRequiredTextPresent): null

25-10-2024T00:43:36 - [TEST_STEP][PASSED] - if (verifyTextPresent("Routing Transit Number:", false)): null

25-10-2024T00:43:36 - [MESSAGE][PASSED] - Text 'Routing Transit Number:' is present on page 

25-10-2024T00:43:36 - [TEST_STEP][PASSED] - isRequiredTextPresent = true: null

25-10-2024T00:43:36 - [TEST_STEP][PASSED] - if (isRequiredTextPresent): null

25-10-2024T00:43:36 - [TEST_STEP][PASSED] - if (verifyTextPresent("Account Number:", false)): null

25-10-2024T00:43:37 - [MESSAGE][PASSED] - Text 'Account Number:' is present on page 

25-10-2024T00:43:37 - [TEST_STEP][PASSED] - isRequiredTextPresent = true: null

25-10-2024T00:43:37 - [TEST_STEP][PASSED] - if (isRequiredTextPresent): null

25-10-2024T00:43:37 - [TEST_STEP][PASSED] - if (verifyTextPresent("Type of Account:", false)): null

25-10-2024T00:43:37 - [MESSAGE][PASSED] - Text 'Type of Account:' is present on page 

25-10-2024T00:43:37 - [TEST_STEP][PASSED] - isRequiredTextPresent = true: null

25-10-2024T00:43:37 - [TEST_STEP][PASSED] - if (isRequiredTextPresent): null

25-10-2024T00:43:37 - [TEST_STEP][PASSED] - if (verifyTextPresent("Payment Date:", false)): null

25-10-2024T00:43:37 - [MESSAGE][PASSED] - Text 'Payment Date:' is present on page 

25-10-2024T00:43:37 - [TEST_STEP][PASSED] - isRequiredTextPresent = true: null

25-10-2024T00:43:37 - [TEST_STEP][PASSED] - if (isRequiredTextPresent): null

25-10-2024T00:43:37 - [TEST_STEP][PASSED] - if (verifyTextPresent("Address Line 1:", false)): null

25-10-2024T00:43:37 - [MESSAGE][PASSED] - Text 'Address Line 1:' is present on page 

25-10-2024T00:43:37 - [TEST_STEP][PASSED] - isRequiredTextPresent = true: null

25-10-2024T00:43:37 - [TEST_STEP][PASSED] - if (isRequiredTextPresent): null

25-10-2024T00:43:37 - [TEST_STEP][PASSED] - if (verifyTextPresent("Country:", false)): null

25-10-2024T00:43:38 - [MESSAGE][PASSED] - Text 'Country:' is present on page 

25-10-2024T00:43:38 - [TEST_STEP][PASSED] - isRequiredTextPresent = true: null

25-10-2024T00:43:38 - [TEST_STEP][PASSED] - if (isRequiredTextPresent): null

25-10-2024T00:43:38 - [TEST_STEP][PASSED] - if (verifyTextPresent("City:", false)): null

25-10-2024T00:43:38 - [MESSAGE][PASSED] - Text 'City:' is present on page 

25-10-2024T00:43:38 - [TEST_STEP][PASSED] - isRequiredTextPresent = true: null

25-10-2024T00:43:38 - [TEST_STEP][PASSED] - if (isRequiredTextPresent): null

25-10-2024T00:43:38 - [TEST_STEP][PASSED] - if (verifyTextPresent("State:", false)): null

25-10-2024T00:43:38 - [MESSAGE][PASSED] - Text 'State:' is present on page 

25-10-2024T00:43:38 - [TEST_STEP][PASSED] - isRequiredTextPresent = true: null

25-10-2024T00:43:38 - [TEST_STEP][PASSED] - if (isRequiredTextPresent): null

25-10-2024T00:43:38 - [TEST_STEP][PASSED] - if (verifyTextPresent("ZIP Code:", false)): null

25-10-2024T00:43:39 - [MESSAGE][PASSED] - Text 'ZIP Code:' is present on page 

25-10-2024T00:43:39 - [TEST_STEP][PASSED] - isRequiredTextPresent = true: null

25-10-2024T00:43:39 - [TEST_STEP][PASSED] - if (isRequiredTextPresent): null

25-10-2024T00:43:39 - [TEST_STEP][PASSED] - if (verifyTextPresent("Email Address:", false)): null

25-10-2024T00:43:39 - [MESSAGE][PASSED] - Text 'Email Address:' is present on page 

25-10-2024T00:43:39 - [TEST_STEP][PASSED] - isRequiredTextPresent = true: null

25-10-2024T00:43:39 - [TEST_STEP][PASSED] - if (isRequiredTextPresent): null

25-10-2024T00:43:39 - [TEST_STEP][PASSED] - if (verifyTextPresent("Is this information correct?", false)): null

25-10-2024T00:43:39 - [MESSAGE][PASSED] - Text 'Is this information correct?' is present on page 

25-10-2024T00:43:39 - [TEST_STEP][PASSED] - isRequiredTextPresent = true: null

25-10-2024T00:43:39 - [TEST_STEP][PASSED] - closeBrowser(): Browser is closed

25-10-2024T00:43:40 - [MESSAGE][PASSED] - Browser is closed

25-10-2024T00:43:40 - [TEST_STEP][PASSED] - ExecuteTC = findTestData(dataFile).getValue("Execute", row): null

25-10-2024T00:43:40 - [TEST_STEP][PASSED] - out.println("Value of Execute is : " + ExecuteTC): null

25-10-2024T00:43:40 - [TEST_STEP][PASSED] - if (ExecuteTC.equalsIgnoreCase("Y")): null

25-10-2024T00:43:40 - [TEST_STEP][PASSED] - out.println("Begin Record Number: " + row): null

25-10-2024T00:43:40 - [TEST_STEP][PASSED] - today = new java.util.Date(): null

25-10-2024T00:43:40 - [TEST_STEP][PASSED] - println(today): null

25-10-2024T00:43:40 - [TEST_STEP][PASSED] - datText = today: null

25-10-2024T00:43:40 - [TEST_STEP][PASSED] - EmulatorDataKey = findTestData(dataFile).getValue("EmulatorData", row): null

25-10-2024T00:43:40 - [TEST_STEP][PASSED] - out.println("Value of Emulator Key is : " + EmulatorDataKey): null

25-10-2024T00:43:40 - [TEST_STEP][PASSED] - iwpPages.emulatorIWP30.setDataEmulator_DD(EmulatorDataKey): iwpPages.emulatorIWP30.setDataEmulator_DD is PASSED

25-10-2024T00:43:40 - [MESSAGE][INFO] - Starting 'Edge Chromium' driver

25-10-2024T00:43:40 - [MESSAGE][INFO] - User set preference: ['acceptInsecureCerts', 'true']

25-10-2024T00:43:42 - [MESSAGE][INFO] - Action delay is set to 0 milliseconds

25-10-2024T00:43:46 - [MESSAGE][PASSED] - Browser is opened with url: 'https://qa2.velocitypayment.com/agencyx/config.action?action=editor&message_version=3_0'

25-10-2024T00:43:46 - [MESSAGE][PASSED] - Current window maximized

25-10-2024T00:44:17 - [MESSAGE][INFO] - Unable to find the element located by 'By.xpath: //select[@name='message_version']'. Please recheck the objects properties to make sure the desired element is located. 

25-10-2024T00:44:17 - [MESSAGE][WARNING] - [SELF-HEALING] Failed to find element with id 'Object Repository/IWP30/Page_VRelay30Emulator/MV'. Try using Self-healing.

25-10-2024T00:44:17 - [MESSAGE][WARNING] - [SELF-HEALING] The current locator of test object 'Object Repository/IWP30/Page_VRelay30Emulator/MV' was broken. Propose an alternative one: '(.//*[normalize-space(text()) and normalize-space(.)='Message Version'])[1]/following::select[1]'.

25-10-2024T00:44:18 - [MESSAGE][PASSED] - All options with value '3.0' are selected in object 'Object Repository/IWP30/Page_VRelay30Emulator/MV'  using regular expression

25-10-2024T00:44:19 - [MESSAGE][PASSED] - Text '10.50' is set on object 'Object Repository/IWP30/Page_EmulatorAgencyX/Amount'

25-10-2024T00:44:19 - [MESSAGE][PASSED] - Text 'DnTKNi4UjeiQ' is set on object 'Object Repository/IWP30/Page_EmulatorAgencyX/CAN'

25-10-2024T00:44:20 - [MESSAGE][PASSED] - Text 'PayNow' is set on object 'Object Repository/IWP30/Page_EmulatorAgencyX/Action'

25-10-2024T00:44:21 - [MESSAGE][PASSED] - Text 'en_US' is set on object 'Object Repository/IWP30/Page_EmulatorAgencyX/Lang'

25-10-2024T00:44:21 - [MESSAGE][PASSED] - Text '' is set on object 'Object Repository/IWP30/Page_EmulatorAgencyX/Fname'

25-10-2024T00:44:22 - [MESSAGE][PASSED] - Text '' is set on object 'Object Repository/IWP30/Page_EmulatorAgencyX/Lname'

25-10-2024T00:44:22 - [MESSAGE][PASSED] - Text '' is set on object 'Object Repository/IWP30/Page_EmulatorAgencyX/AL1'

25-10-2024T00:44:23 - [MESSAGE][PASSED] - Text '' is set on object 'Object Repository/IWP30/Page_EmulatorAgencyX/AL2'

25-10-2024T00:44:23 - [MESSAGE][PASSED] - Text '' is set on object 'Object Repository/IWP30/Page_EmulatorAgencyX/Country'

25-10-2024T00:44:24 - [MESSAGE][PASSED] - Text '' is set on object 'Object Repository/IWP30/Page_EmulatorAgencyX/City'

25-10-2024T00:44:25 - [MESSAGE][PASSED] - Text '' is set on object 'Object Repository/IWP30/Page_EmulatorAgencyX/State'

25-10-2024T00:44:25 - [MESSAGE][PASSED] - Text '' is set on object 'Object Repository/IWP30/Page_EmulatorAgencyX/ZIP'

25-10-2024T00:44:26 - [MESSAGE][PASSED] - Text '' is set on object 'Object Repository/IWP30/Page_EmulatorAgencyX/Order'

25-10-2024T00:44:26 - [MESSAGE][PASSED] - Text '' is set on object 'Object Repository/IWP30/Page_EmulatorAgencyX/Company'

25-10-2024T00:44:27 - [MESSAGE][PASSED] - Text '' is set on object 'Object Repository/IWP30/Page_EmulatorAgencyX/Email'

25-10-2024T00:44:27 - [MESSAGE][PASSED] - Text '' is set on object 'Object Repository/IWP30/Page_EmulatorAgencyX/UDF1'

25-10-2024T00:44:28 - [MESSAGE][PASSED] - Text '' is set on object 'Object Repository/IWP30/Page_EmulatorAgencyX/UDF2'

25-10-2024T00:44:29 - [MESSAGE][PASSED] - Text '' is set on object 'Object Repository/IWP30/Page_EmulatorAgencyX/UDF3'

25-10-2024T00:44:29 - [MESSAGE][PASSED] - Text 'udf data 4' is set on object 'Object Repository/IWP30/Page_EmulatorAgencyX/UDF4'

25-10-2024T00:44:30 - [MESSAGE][PASSED] - Text 'udf data 5' is set on object 'Object Repository/IWP30/Page_EmulatorAgencyX/UDF5'

25-10-2024T00:44:30 - [MESSAGE][PASSED] - Text '' is set on object 'Object Repository/IWP30/Page_EmulatorAgencyX/UDF6'

25-10-2024T00:44:31 - [MESSAGE][PASSED] - Text '' is set on object 'Object Repository/IWP30/Page_EmulatorAgencyX/UDF7'

25-10-2024T00:44:31 - [MESSAGE][PASSED] - Text '' is set on object 'Object Repository/IWP30/Page_EmulatorAgencyX/UDF8'

25-10-2024T00:44:32 - [MESSAGE][PASSED] - Text 'udf data 9' is set on object 'Object Repository/IWP30/Page_EmulatorAgencyX/UDF9'

25-10-2024T00:44:33 - [MESSAGE][PASSED] - Text 'udf data 10' is set on object 'Object Repository/IWP30/Page_EmulatorAgencyX/UDF10'

25-10-2024T00:44:34 - [MESSAGE][PASSED] - Object: 'Object Repository/IWP30/Page_EmulatorAgencyX/Submit' is clicked on

25-10-2024T00:44:39 - [MESSAGE][PASSED] - Browser is closed

25-10-2024T00:44:43 - [MESSAGE][PASSED] - iwpPages.emulatorIWP30.setDataEmulator_DD is PASSED

25-10-2024T00:44:43 - [TEST_STEP][PASSED] - testHarnessURL = urlTestHarness: null

25-10-2024T00:44:43 - [TEST_STEP][PASSED] - openBrowser(testHarnessURL): Browser is opened with url: 'https://dev-algorithm.govolution.com/vrelaytest/QA2/version_2_2/vrelaytest.html'

25-10-2024T00:44:43 - [MESSAGE][INFO] - Starting 'Edge Chromium' driver

25-10-2024T00:44:43 - [MESSAGE][INFO] - User set preference: ['acceptInsecureCerts', 'true']

25-10-2024T00:44:45 - [MESSAGE][INFO] - Action delay is set to 0 milliseconds

25-10-2024T00:44:48 - [MESSAGE][PASSED] - Browser is opened with url: 'https://dev-algorithm.govolution.com/vrelaytest/QA2/version_2_2/vrelaytest.html'

25-10-2024T00:44:48 - [TEST_STEP][PASSED] - maximizeWindow(): Current window maximized

25-10-2024T00:44:48 - [MESSAGE][PASSED] - Current window maximized

25-10-2024T00:44:48 - [TEST_STEP][PASSED] - iwpPages.TestHarnessPage.setDataMethod(row, dataFile): iwpPages.TestHarnessPage.setDataMethod is PASSED

25-10-2024T00:44:49 - [MESSAGE][PASSED] - Object 'Object Repository/IWP30/Page_QATestHarness/RemittanceID' is present

25-10-2024T00:44:49 - [MESSAGE][PASSED] - Text '649' is set on object 'Object Repository/IWP30/Page_QATestHarness/ApplicationID'

25-10-2024T00:44:50 - [MESSAGE][PASSED] - Text '3.0' is set on object 'Object Repository/IWP30/Page_QATestHarness/MessageVersion'

25-10-2024T00:44:51 - [MESSAGE][PASSED] - Text 'S0nXtKPIXJY5' is set on object 'Object Repository/IWP30/Page_QATestHarness/RemittanceID'

25-10-2024T00:44:54 - [MESSAGE][PASSED] - Object: 'Object Repository/IWP30/Page_QATestHarness/SubmitButton' is clicked on

25-10-2024T00:44:54 - [MESSAGE][PASSED] - iwpPages.TestHarnessPage.setDataMethod is PASSED

25-10-2024T00:44:54 - [TEST_STEP][PASSED] - click(findTestObject("Object Repository/IWP30/Page_SelectPaymentMethod/PayByPersonalCheck")): Object: 'Object Repository/IWP30/Page_SelectPaymentMethod/PayByPersonalCheck' is clicked on

25-10-2024T00:44:55 - [MESSAGE][PASSED] - Object: 'Object Repository/IWP30/Page_SelectPaymentMethod/PayByPersonalCheck' is clicked on

25-10-2024T00:44:55 - [TEST_STEP][PASSED] - click(findTestObject("Object Repository/IWP30/Page_SelectPaymentMethod/MakePaymentButton")): Object: 'Object Repository/IWP30/Page_SelectPaymentMethod/MakePaymentButton' is clicked on

25-10-2024T00:44:57 - [MESSAGE][PASSED] - Object: 'Object Repository/IWP30/Page_SelectPaymentMethod/MakePaymentButton' is clicked on

25-10-2024T00:44:57 - [TEST_STEP][PASSED] - iwpPages.achPersonalPaymentEntryPage.setDataACHPPM(row, dataFile): iwpPages.achPersonalPaymentEntryPage.setDataACHPPM is PASSED

25-10-2024T00:44:58 - [MESSAGE][PASSED] - Object 'Object Repository/IWP30/Page_ACHPersonalPaymentEntry/txt_accountNumber' is present

25-10-2024T00:44:59 - [MESSAGE][PASSED] - Text '10.50' is set on object 'Object Repository/IWP30/Page_ACHPersonalPaymentEntry/txt_Amount'

25-10-2024T00:44:59 - [MESSAGE][PASSED] - Object 'Object Repository/IWP30/Page_ACHPersonalPaymentEntry/txt_UDF2' is present

25-10-2024T00:45:00 - [MESSAGE][PASSED] - Text 'udf data 2' is set on object 'Object Repository/IWP30/Page_ACHPersonalPaymentEntry/txt_UDF2'

25-10-2024T00:45:00 - [MESSAGE][PASSED] - Text 'udf data 3' is set on object 'Object Repository/IWP30/Page_ACHPersonalPaymentEntry/txt_UDF3'

25-10-2024T00:45:01 - [MESSAGE][PASSED] - All options with label 'Orange' are selected in object 'Object Repository/IWP30/Page_ACHPersonalPaymentEntry/dd_UDF7' 

25-10-2024T00:45:01 - [MESSAGE][PASSED] - All options with label 'Soccer' are selected in object 'Object Repository/IWP30/Page_ACHPersonalPaymentEntry/dd_UDF8' 

25-10-2024T00:45:02 - [MESSAGE][PASSED] - Object 'Object Repository/IWP30/Page_ACHPersonalPaymentEntry/txt_Firstname' is present

25-10-2024T00:45:02 - [MESSAGE][PASSED] - Text 'Curlonty' is set on object 'Object Repository/IWP30/Page_ACHPersonalPaymentEntry/txt_Firstname'

25-10-2024T00:45:02 - [MESSAGE][PASSED] - Object 'Object Repository/IWP30/Page_ACHPersonalPaymentEntry/txt_Lastname' is present

25-10-2024T00:45:03 - [MESSAGE][PASSED] - Text 'Lachuga' is set on object 'Object Repository/IWP30/Page_ACHPersonalPaymentEntry/txt_Lastname'

25-10-2024T00:45:03 - [MESSAGE][PASSED] - Object 'Object Repository/IWP30/Page_ACHPersonalPaymentEntry/txt_routingNumber' is present

25-10-2024T00:45:04 - [MESSAGE][PASSED] - Text '256072691' is set on object 'Object Repository/IWP30/Page_ACHPersonalPaymentEntry/txt_routingNumber'

25-10-2024T00:45:04 - [MESSAGE][PASSED] - Object 'Object Repository/IWP30/Page_ACHPersonalPaymentEntry/txt_accountNumber' is present

25-10-2024T00:45:05 - [MESSAGE][PASSED] - Text '12342222' is set on object 'Object Repository/IWP30/Page_ACHPersonalPaymentEntry/txt_accountNumber'

25-10-2024T00:45:05 - [MESSAGE][PASSED] - Object 'Object Repository/IWP30/Page_ACHPersonalPaymentEntry/txt_confirmAccountNumber' is present

25-10-2024T00:45:06 - [MESSAGE][PASSED] - Text '12342222' is set on object 'Object Repository/IWP30/Page_ACHPersonalPaymentEntry/txt_confirmAccountNumber'

25-10-2024T00:45:06 - [MESSAGE][PASSED] - Object 'Object Repository/IWP30/Page_ACHPersonalPaymentEntry/rd_accountType' is present

25-10-2024T00:45:06 - [MESSAGE][PASSED] - Modify property of object successfully

25-10-2024T00:45:07 - [MESSAGE][PASSED] - Object: 'Object Repository/IWP30/Page_ACHPersonalPaymentEntry/rd_accountType' is clicked on

25-10-2024T00:45:07 - [MESSAGE][PASSED] - Text '365 Main Avenue' is set on object 'Object Repository/IWP30/Page_ACHPersonalPaymentEntry/txt_AL1'

25-10-2024T00:45:08 - [MESSAGE][PASSED] - Text '22201' is set on object 'Object Repository/IWP30/Page_ACHPersonalPaymentEntry/txt_ZIP'

25-10-2024T00:45:08 - [MESSAGE][PASSED] - Object 'Object Repository/IWP30/Page_ACHPersonalPaymentEntry/txt_Email' is present

25-10-2024T00:45:09 - [MESSAGE][PASSED] - Text 'iahmed@govolution.com' is set on object 'Object Repository/IWP30/Page_ACHPersonalPaymentEntry/txt_Email'

25-10-2024T00:45:10 - [MESSAGE][PASSED] - Object 'Object Repository/IWP30/Page_ACHPersonalPaymentEntry/cb_TermsAndCond' is present

25-10-2024T00:45:10 - [MESSAGE][PASSED] - Object: 'Object Repository/IWP30/Page_ACHPersonalPaymentEntry/cb_TermsAndCond' is clicked on

25-10-2024T00:45:10 - [MESSAGE][PASSED] - Object 'Object Repository/IWP30/Page_ACHPersonalPaymentEntry/btn_Continue' is present

25-10-2024T00:45:11 - [MESSAGE][PASSED] - Object: 'Object Repository/IWP30/Page_ACHPersonalPaymentEntry/btn_Continue' is clicked on

25-10-2024T00:45:11 - [MESSAGE][PASSED] - iwpPages.achPersonalPaymentEntryPage.setDataACHPPM is PASSED

25-10-2024T00:45:11 - [TEST_STEP][PASSED] - Thread.sleep(5000): null

25-10-2024T00:45:16 - [TEST_STEP][PASSED] - if (verifyTextPresent("Make a Real Estate Payment", false)): null

25-10-2024T00:45:17 - [MESSAGE][PASSED] - Text 'Make a Real Estate Payment' is present on page 

25-10-2024T00:45:17 - [TEST_STEP][PASSED] - isRequiredTextPresent = true: null

25-10-2024T00:45:17 - [TEST_STEP][PASSED] - println(isRequiredTextPresent): null

25-10-2024T00:45:17 - [TEST_STEP][PASSED] - if (isRequiredTextPresent): null

25-10-2024T00:45:17 - [TEST_STEP][PASSED] - if (verifyTextPresent("Confirm Payment Information", false)): null

25-10-2024T00:45:17 - [MESSAGE][PASSED] - Text 'Confirm Payment Information' is present on page 

25-10-2024T00:45:17 - [TEST_STEP][PASSED] - isRequiredTextPresent = true: null

25-10-2024T00:45:17 - [TEST_STEP][PASSED] - println(isRequiredTextPresent): null

25-10-2024T00:45:17 - [TEST_STEP][PASSED] - if (isRequiredTextPresent): null

25-10-2024T00:45:17 - [TEST_STEP][PASSED] - if (verifyTextPresent("Please verify the following information:", false)): null

25-10-2024T00:45:17 - [MESSAGE][PASSED] - Text 'Please verify the following information:' is present on page 

25-10-2024T00:45:17 - [TEST_STEP][PASSED] - isRequiredTextPresent = true: null

25-10-2024T00:45:17 - [TEST_STEP][PASSED] - if (isRequiredTextPresent): null

25-10-2024T00:45:17 - [TEST_STEP][PASSED] - if (verifyTextPresent("Payment Information:", false)): null

25-10-2024T00:45:17 - [MESSAGE][PASSED] - Text 'Payment Information:' is present on page 

25-10-2024T00:45:17 - [TEST_STEP][PASSED] - isRequiredTextPresent = true: null

25-10-2024T00:45:17 - [TEST_STEP][PASSED] - if (isRequiredTextPresent): null

25-10-2024T00:45:17 - [TEST_STEP][PASSED] - if (verifyTextPresent("Tax Amount:", false)): null

25-10-2024T00:45:18 - [MESSAGE][PASSED] - Text 'Tax Amount:' is present on page 

25-10-2024T00:45:18 - [TEST_STEP][PASSED] - isRequiredTextPresent = true: null

25-10-2024T00:45:18 - [TEST_STEP][PASSED] - if (isRequiredTextPresent): null

25-10-2024T00:45:18 - [TEST_STEP][PASSED] - if (verifyTextPresent("Amount:", false)): null

25-10-2024T00:45:18 - [MESSAGE][PASSED] - Text 'Amount:' is present on page 

25-10-2024T00:45:18 - [TEST_STEP][PASSED] - isRequiredTextPresent = true: null

25-10-2024T00:45:18 - [TEST_STEP][PASSED] - if (isRequiredTextPresent): null

25-10-2024T00:45:18 - [TEST_STEP][PASSED] - if (verifyTextPresent("UDF2 Label:", false)): null

25-10-2024T00:45:18 - [MESSAGE][PASSED] - Text 'UDF2 Label:' is present on page 

25-10-2024T00:45:18 - [TEST_STEP][PASSED] - isRequiredTextPresent = true: null

25-10-2024T00:45:18 - [TEST_STEP][PASSED] - if (isRequiredTextPresent): null

25-10-2024T00:45:18 - [TEST_STEP][PASSED] - if (verifyTextPresent("UDF3 Label:", false)): null

25-10-2024T00:45:19 - [MESSAGE][PASSED] - Text 'UDF3 Label:' is present on page 

25-10-2024T00:45:19 - [TEST_STEP][PASSED] - isRequiredTextPresent = true: null

25-10-2024T00:45:19 - [TEST_STEP][PASSED] - if (isRequiredTextPresent): null

25-10-2024T00:45:19 - [TEST_STEP][PASSED] - if (verifyTextPresent("UDF4 Label:", false)): null

25-10-2024T00:45:19 - [MESSAGE][PASSED] - Text 'UDF4 Label:' is present on page 

25-10-2024T00:45:19 - [TEST_STEP][PASSED] - isRequiredTextPresent = true: null

25-10-2024T00:45:19 - [TEST_STEP][PASSED] - if (isRequiredTextPresent): null

25-10-2024T00:45:19 - [TEST_STEP][PASSED] - if (verifyTextPresent("UDF7 Label:", false)): null

25-10-2024T00:45:19 - [MESSAGE][PASSED] - Text 'UDF7 Label:' is present on page 

25-10-2024T00:45:19 - [TEST_STEP][PASSED] - isRequiredTextPresent = true: null

25-10-2024T00:45:19 - [TEST_STEP][PASSED] - if (isRequiredTextPresent): null

25-10-2024T00:45:19 - [TEST_STEP][PASSED] - if (verifyTextPresent("UDF8 Label:", false)): null

25-10-2024T00:45:19 - [MESSAGE][PASSED] - Text 'UDF8 Label:' is present on page 

25-10-2024T00:45:19 - [TEST_STEP][PASSED] - isRequiredTextPresent = true: null

25-10-2024T00:45:19 - [TEST_STEP][PASSED] - if (isRequiredTextPresent): null

25-10-2024T00:45:19 - [TEST_STEP][PASSED] - if (verifyTextPresent("UDF9 Label:", false)): null

25-10-2024T00:45:20 - [MESSAGE][PASSED] - Text 'UDF9 Label:' is present on page 

25-10-2024T00:45:20 - [TEST_STEP][PASSED] - isRequiredTextPresent = true: null

25-10-2024T00:45:20 - [TEST_STEP][PASSED] - if (isRequiredTextPresent): null

25-10-2024T00:45:20 - [TEST_STEP][PASSED] - if (verifyTextPresent("UDF9 Label:", false)): null

25-10-2024T00:45:20 - [MESSAGE][PASSED] - Text 'UDF9 Label:' is present on page 

25-10-2024T00:45:20 - [TEST_STEP][PASSED] - isRequiredTextPresent = true: null

25-10-2024T00:45:20 - [TEST_STEP][PASSED] - if (isRequiredTextPresent): null

25-10-2024T00:45:20 - [TEST_STEP][PASSED] - if (verifyTextPresent("Account Information:", false)): null

25-10-2024T00:45:20 - [MESSAGE][PASSED] - Text 'Account Information:' is present on page 

25-10-2024T00:45:20 - [TEST_STEP][PASSED] - isRequiredTextPresent = true: null

25-10-2024T00:45:20 - [TEST_STEP][PASSED] - if (isRequiredTextPresent): null

25-10-2024T00:45:20 - [TEST_STEP][PASSED] - if (verifyTextPresent("First Name on Check:", false)): null

25-10-2024T00:45:20 - [MESSAGE][PASSED] - Text 'First Name on Check:' is present on page 

25-10-2024T00:45:20 - [TEST_STEP][PASSED] - isRequiredTextPresent = true: null

25-10-2024T00:45:20 - [TEST_STEP][PASSED] - if (isRequiredTextPresent): null

25-10-2024T00:45:20 - [TEST_STEP][PASSED] - if (verifyTextPresent("Last Name on Check:", false)): null

25-10-2024T00:45:21 - [MESSAGE][PASSED] - Text 'Last Name on Check:' is present on page 

25-10-2024T00:45:21 - [TEST_STEP][PASSED] - isRequiredTextPresent = true: null

25-10-2024T00:45:21 - [TEST_STEP][PASSED] - if (isRequiredTextPresent): null

25-10-2024T00:45:21 - [TEST_STEP][PASSED] - if (verifyTextPresent("Routing Transit Number:", false)): null

25-10-2024T00:45:21 - [MESSAGE][PASSED] - Text 'Routing Transit Number:' is present on page 

25-10-2024T00:45:21 - [TEST_STEP][PASSED] - isRequiredTextPresent = true: null

25-10-2024T00:45:21 - [TEST_STEP][PASSED] - if (isRequiredTextPresent): null

25-10-2024T00:45:21 - [TEST_STEP][PASSED] - if (verifyTextPresent("Account Number:", false)): null

25-10-2024T00:45:21 - [MESSAGE][PASSED] - Text 'Account Number:' is present on page 

25-10-2024T00:45:21 - [TEST_STEP][PASSED] - isRequiredTextPresent = true: null

25-10-2024T00:45:21 - [TEST_STEP][PASSED] - if (isRequiredTextPresent): null

25-10-2024T00:45:21 - [TEST_STEP][PASSED] - if (verifyTextPresent("Type of Account:", false)): null

25-10-2024T00:45:22 - [MESSAGE][PASSED] - Text 'Type of Account:' is present on page 

25-10-2024T00:45:22 - [TEST_STEP][PASSED] - isRequiredTextPresent = true: null

25-10-2024T00:45:22 - [TEST_STEP][PASSED] - if (isRequiredTextPresent): null

25-10-2024T00:45:22 - [TEST_STEP][PASSED] - if (verifyTextPresent("Payment Date:", false)): null

25-10-2024T00:45:22 - [MESSAGE][PASSED] - Text 'Payment Date:' is present on page 

25-10-2024T00:45:22 - [TEST_STEP][PASSED] - isRequiredTextPresent = true: null

25-10-2024T00:45:22 - [TEST_STEP][PASSED] - if (isRequiredTextPresent): null

25-10-2024T00:45:22 - [TEST_STEP][PASSED] - if (verifyTextPresent("Address Line 1:", false)): null

25-10-2024T00:45:22 - [MESSAGE][PASSED] - Text 'Address Line 1:' is present on page 

25-10-2024T00:45:22 - [TEST_STEP][PASSED] - isRequiredTextPresent = true: null

25-10-2024T00:45:22 - [TEST_STEP][PASSED] - if (isRequiredTextPresent): null

25-10-2024T00:45:22 - [TEST_STEP][PASSED] - if (verifyTextPresent("Country:", false)): null

25-10-2024T00:45:22 - [MESSAGE][PASSED] - Text 'Country:' is present on page 

25-10-2024T00:45:22 - [TEST_STEP][PASSED] - isRequiredTextPresent = true: null

25-10-2024T00:45:22 - [TEST_STEP][PASSED] - if (isRequiredTextPresent): null

25-10-2024T00:45:22 - [TEST_STEP][PASSED] - if (verifyTextPresent("City:", false)): null

25-10-2024T00:45:23 - [MESSAGE][PASSED] - Text 'City:' is present on page 

25-10-2024T00:45:23 - [TEST_STEP][PASSED] - isRequiredTextPresent = true: null

25-10-2024T00:45:23 - [TEST_STEP][PASSED] - if (isRequiredTextPresent): null

25-10-2024T00:45:23 - [TEST_STEP][PASSED] - if (verifyTextPresent("State:", false)): null

25-10-2024T00:45:23 - [MESSAGE][PASSED] - Text 'State:' is present on page 

25-10-2024T00:45:23 - [TEST_STEP][PASSED] - isRequiredTextPresent = true: null

25-10-2024T00:45:23 - [TEST_STEP][PASSED] - if (isRequiredTextPresent): null

25-10-2024T00:45:23 - [TEST_STEP][PASSED] - if (verifyTextPresent("ZIP Code:", false)): null

25-10-2024T00:45:23 - [MESSAGE][PASSED] - Text 'ZIP Code:' is present on page 

25-10-2024T00:45:23 - [TEST_STEP][PASSED] - isRequiredTextPresent = true: null

25-10-2024T00:45:23 - [TEST_STEP][PASSED] - if (isRequiredTextPresent): null

25-10-2024T00:45:23 - [TEST_STEP][PASSED] - if (verifyTextPresent("Email Address:", false)): null

25-10-2024T00:45:23 - [MESSAGE][PASSED] - Text 'Email Address:' is present on page 

25-10-2024T00:45:24 - [TEST_STEP][PASSED] - isRequiredTextPresent = true: null

25-10-2024T00:45:24 - [TEST_STEP][PASSED] - if (isRequiredTextPresent): null

25-10-2024T00:45:24 - [TEST_STEP][PASSED] - if (verifyTextPresent("Is this information correct?", false)): null

25-10-2024T00:45:24 - [MESSAGE][PASSED] - Text 'Is this information correct?' is present on page 

25-10-2024T00:45:24 - [TEST_STEP][PASSED] - isRequiredTextPresent = true: null

25-10-2024T00:45:24 - [TEST_STEP][PASSED] - closeBrowser(): Browser is closed

25-10-2024T00:45:24 - [MESSAGE][PASSED] - Browser is closed]]></system-out>
         <system-err><![CDATA[]]></system-err>
      </testcase>
      <testcase name="Test Cases/IntegratedWeb/IWP25/Payments/VerifyCreateReceiptLabelsDeferredCC" time="209.353" classname="Test Cases/IntegratedWeb/IWP25/Payments/VerifyCreateReceiptLabelsDeferredCC" status="PASSED">
         <system-out><![CDATA[25-10-2024T00:45:24 - [TEST_CASE][PASSED] - Test Cases/IntegratedWeb/IWP25/Payments/VerifyCreateReceiptLabelsDeferredCC: Test Cases/IntegratedWeb/IWP25/Payments/VerifyCreateReceiptLabelsDeferredCC

25-10-2024T00:45:25 - [TEST_STEP][PASSED] - resText = "Fail": null

25-10-2024T00:45:25 - [TEST_STEP][PASSED] - resColumn = "Result": null

25-10-2024T00:45:25 - [TEST_STEP][PASSED] - datCloumn = "Date": null

25-10-2024T00:45:25 - [TEST_STEP][PASSED] - fileLoc = "KatalonData/IWPTestData/VRelay25PaymentsExtension.xlsx": null

25-10-2024T00:45:25 - [TEST_STEP][PASSED] - numOfRows = <not implemented yet for class: org.codehaus.groovy.ast.expr.EmptyExpression>: null

25-10-2024T00:45:25 - [TEST_STEP][PASSED] - dataFile = <not implemented yet for class: org.codehaus.groovy.ast.expr.EmptyExpression>: null

25-10-2024T00:45:25 - [TEST_STEP][PASSED] - nameSheet = <not implemented yet for class: org.codehaus.groovy.ast.expr.EmptyExpression>: null

25-10-2024T00:45:25 - [TEST_STEP][PASSED] - dataFileEmulator = <not implemented yet for class: org.codehaus.groovy.ast.expr.EmptyExpression>: null

25-10-2024T00:45:25 - [TEST_STEP][PASSED] - isRequiredTextPresent = false: null

25-10-2024T00:45:25 - [TEST_STEP][PASSED] - nameSheet = "VerifyCreateLabelDeferredCredit": null

25-10-2024T00:45:25 - [TEST_STEP][PASSED] - dataFile = getExcelDataWithDefaultSheet("KatalonData/IWPTestData/VRelay25PaymentsExtension.xlsx", nameSheet, true): null

25-10-2024T00:45:25 - [TEST_STEP][PASSED] - dataFileEmulator = "IWPTestData/EmulatorData": null

25-10-2024T00:45:25 - [TEST_STEP][PASSED] - numOfRows = dataFile.getRowNumbers(): null

25-10-2024T00:45:25 - [TEST_STEP][PASSED] - println("Number of Records: " + numOfRows): null

25-10-2024T00:45:25 - [TEST_STEP][PASSED] - for ([row = 1, row <= numOfRows, (row++)]): Browser is closed

25-10-2024T00:45:25 - [TEST_STEP][PASSED] - ExecuteTC = dataFile.getValue("Execute", row): null

25-10-2024T00:45:25 - [TEST_STEP][PASSED] - out.println("Value of Execute is : " + ExecuteTC): null

25-10-2024T00:45:25 - [TEST_STEP][PASSED] - if (ExecuteTC.equalsIgnoreCase("Y")): null

25-10-2024T00:45:25 - [TEST_STEP][PASSED] - out.println("Begin Record Number: " + row): null

25-10-2024T00:45:25 - [TEST_STEP][PASSED] - today = new java.util.Date(): null

25-10-2024T00:45:25 - [TEST_STEP][PASSED] - println(today): null

25-10-2024T00:45:25 - [TEST_STEP][PASSED] - datText = today: null

25-10-2024T00:45:25 - [TEST_STEP][PASSED] - EmulatorDataKey = dataFile.getValue("EmulatorData", row): null

25-10-2024T00:45:25 - [TEST_STEP][PASSED] - out.println("Value of Emulator Key is : " + EmulatorDataKey): null

25-10-2024T00:45:25 - [TEST_STEP][PASSED] - iwpPages.emulatorIWP30.setDataEmulator_DD(EmulatorDataKey): iwpPages.emulatorIWP30.setDataEmulator_DD is PASSED

25-10-2024T00:45:25 - [MESSAGE][INFO] - Starting 'Edge Chromium' driver

25-10-2024T00:45:25 - [MESSAGE][INFO] - User set preference: ['acceptInsecureCerts', 'true']

25-10-2024T00:45:27 - [MESSAGE][INFO] - Action delay is set to 0 milliseconds

25-10-2024T00:45:31 - [MESSAGE][PASSED] - Browser is opened with url: 'https://qa2.velocitypayment.com/agencyx/config.action?action=editor&message_version=2_5'

25-10-2024T00:45:31 - [MESSAGE][PASSED] - Current window maximized

25-10-2024T00:46:02 - [MESSAGE][INFO] - Unable to find the element located by 'By.xpath: //select[@name='message_version']'. Please recheck the objects properties to make sure the desired element is located. 

25-10-2024T00:46:02 - [MESSAGE][WARNING] - [SELF-HEALING] Failed to find element with id 'Object Repository/IWP30/Page_VRelay30Emulator/MV'. Try using Self-healing.

25-10-2024T00:46:03 - [MESSAGE][WARNING] - [SELF-HEALING] The current locator of test object 'Object Repository/IWP30/Page_VRelay30Emulator/MV' was broken. Propose an alternative one: '(.//*[normalize-space(text()) and normalize-space(.)='Message Version'])[1]/following::select[1]'.

25-10-2024T00:46:03 - [MESSAGE][PASSED] - All options with value '2.5' are selected in object 'Object Repository/IWP30/Page_VRelay30Emulator/MV'  using regular expression

25-10-2024T00:46:04 - [MESSAGE][PASSED] - Text '10.50' is set on object 'Object Repository/IWP30/Page_EmulatorAgencyX/Amount'

25-10-2024T00:46:05 - [MESSAGE][PASSED] - Text 'vYxhTazf32m8' is set on object 'Object Repository/IWP30/Page_EmulatorAgencyX/CAN'

25-10-2024T00:46:05 - [MESSAGE][PASSED] - Text 'PayNow' is set on object 'Object Repository/IWP30/Page_EmulatorAgencyX/Action'

25-10-2024T00:46:06 - [MESSAGE][PASSED] - Text 'en_US' is set on object 'Object Repository/IWP30/Page_EmulatorAgencyX/Lang'

25-10-2024T00:46:06 - [MESSAGE][PASSED] - Text '' is set on object 'Object Repository/IWP30/Page_EmulatorAgencyX/Fname'

25-10-2024T00:46:07 - [MESSAGE][PASSED] - Text '' is set on object 'Object Repository/IWP30/Page_EmulatorAgencyX/Lname'

25-10-2024T00:46:07 - [MESSAGE][PASSED] - Text '' is set on object 'Object Repository/IWP30/Page_EmulatorAgencyX/AL1'

25-10-2024T00:46:08 - [MESSAGE][PASSED] - Text '' is set on object 'Object Repository/IWP30/Page_EmulatorAgencyX/AL2'

25-10-2024T00:46:09 - [MESSAGE][PASSED] - Text '' is set on object 'Object Repository/IWP30/Page_EmulatorAgencyX/Country'

25-10-2024T00:46:09 - [MESSAGE][PASSED] - Text '' is set on object 'Object Repository/IWP30/Page_EmulatorAgencyX/City'

25-10-2024T00:46:10 - [MESSAGE][PASSED] - Text '' is set on object 'Object Repository/IWP30/Page_EmulatorAgencyX/State'

25-10-2024T00:46:10 - [MESSAGE][PASSED] - Text '' is set on object 'Object Repository/IWP30/Page_EmulatorAgencyX/ZIP'

25-10-2024T00:46:11 - [MESSAGE][PASSED] - Text '' is set on object 'Object Repository/IWP30/Page_EmulatorAgencyX/Order'

25-10-2024T00:46:11 - [MESSAGE][PASSED] - Text '' is set on object 'Object Repository/IWP30/Page_EmulatorAgencyX/Company'

25-10-2024T00:46:12 - [MESSAGE][PASSED] - Text '' is set on object 'Object Repository/IWP30/Page_EmulatorAgencyX/Email'

25-10-2024T00:46:13 - [MESSAGE][PASSED] - Text '' is set on object 'Object Repository/IWP30/Page_EmulatorAgencyX/UDF1'

25-10-2024T00:46:13 - [MESSAGE][PASSED] - Text '' is set on object 'Object Repository/IWP30/Page_EmulatorAgencyX/UDF2'

25-10-2024T00:46:14 - [MESSAGE][PASSED] - Text '' is set on object 'Object Repository/IWP30/Page_EmulatorAgencyX/UDF3'

25-10-2024T00:46:14 - [MESSAGE][PASSED] - Text 'udf data 4' is set on object 'Object Repository/IWP30/Page_EmulatorAgencyX/UDF4'

25-10-2024T00:46:15 - [MESSAGE][PASSED] - Text 'udf data 5' is set on object 'Object Repository/IWP30/Page_EmulatorAgencyX/UDF5'

25-10-2024T00:46:15 - [MESSAGE][PASSED] - Text '' is set on object 'Object Repository/IWP30/Page_EmulatorAgencyX/UDF6'

25-10-2024T00:46:16 - [MESSAGE][PASSED] - Text '' is set on object 'Object Repository/IWP30/Page_EmulatorAgencyX/UDF7'

25-10-2024T00:46:17 - [MESSAGE][PASSED] - Text '' is set on object 'Object Repository/IWP30/Page_EmulatorAgencyX/UDF8'

25-10-2024T00:46:17 - [MESSAGE][PASSED] - Text 'udf data 9' is set on object 'Object Repository/IWP30/Page_EmulatorAgencyX/UDF9'

25-10-2024T00:46:18 - [MESSAGE][PASSED] - Text 'udf data 10' is set on object 'Object Repository/IWP30/Page_EmulatorAgencyX/UDF10'

25-10-2024T00:46:19 - [MESSAGE][PASSED] - Object: 'Object Repository/IWP30/Page_EmulatorAgencyX/Submit' is clicked on

25-10-2024T00:46:24 - [MESSAGE][PASSED] - Browser is closed

25-10-2024T00:46:28 - [MESSAGE][PASSED] - iwpPages.emulatorIWP30.setDataEmulator_DD is PASSED

25-10-2024T00:46:28 - [TEST_STEP][PASSED] - testHarnessURL = urlTestHarness: null

25-10-2024T00:46:28 - [TEST_STEP][PASSED] - openBrowser(testHarnessURL): Browser is opened with url: 'https://dev-algorithm.govolution.com/vrelaytest/QA2/version_2_2/vrelaytest.html'

25-10-2024T00:46:28 - [MESSAGE][INFO] - Starting 'Edge Chromium' driver

25-10-2024T00:46:28 - [MESSAGE][INFO] - User set preference: ['acceptInsecureCerts', 'true']

25-10-2024T00:46:30 - [MESSAGE][INFO] - Action delay is set to 0 milliseconds

25-10-2024T00:46:33 - [MESSAGE][PASSED] - Browser is opened with url: 'https://dev-algorithm.govolution.com/vrelaytest/QA2/version_2_2/vrelaytest.html'

25-10-2024T00:46:33 - [TEST_STEP][PASSED] - maximizeWindow(): Current window maximized

25-10-2024T00:46:33 - [MESSAGE][PASSED] - Current window maximized

25-10-2024T00:46:33 - [TEST_STEP][PASSED] - iwpPages.TestHarnessPage.setDataMethodEF(row, dataFile): iwpPages.TestHarnessPage.setDataMethodEF is PASSED

25-10-2024T00:46:34 - [MESSAGE][PASSED] - Object 'Object Repository/IWP30/Page_QATestHarness/RemittanceID' is present

25-10-2024T00:46:34 - [MESSAGE][PASSED] - Text '638' is set on object 'Object Repository/IWP30/Page_QATestHarness/ApplicationID'

25-10-2024T00:46:35 - [MESSAGE][PASSED] - Text '2.5' is set on object 'Object Repository/IWP30/Page_QATestHarness/MessageVersion'

25-10-2024T00:46:35 - [MESSAGE][PASSED] - Text 'yT8TCKcJiiRH' is set on object 'Object Repository/IWP30/Page_QATestHarness/RemittanceID'

25-10-2024T00:46:39 - [MESSAGE][PASSED] - Object: 'Object Repository/IWP30/Page_QATestHarness/SubmitButton' is clicked on

25-10-2024T00:46:39 - [MESSAGE][PASSED] - iwpPages.TestHarnessPage.setDataMethodEF is PASSED

25-10-2024T00:46:39 - [TEST_STEP][PASSED] - click(findTestObject("Object Repository/IWP30/Page_SelectPaymentMethod/PayByCreditCard")): Object: 'Object Repository/IWP30/Page_SelectPaymentMethod/PayByCreditCard' is clicked on

25-10-2024T00:46:40 - [MESSAGE][PASSED] - Object: 'Object Repository/IWP30/Page_SelectPaymentMethod/PayByCreditCard' is clicked on

25-10-2024T00:46:40 - [TEST_STEP][PASSED] - click(findTestObject("Object Repository/IWP30/Page_SelectPaymentMethod/MakePaymentButton")): Object: 'Object Repository/IWP30/Page_SelectPaymentMethod/MakePaymentButton' is clicked on

25-10-2024T00:46:42 - [MESSAGE][PASSED] - Object: 'Object Repository/IWP30/Page_SelectPaymentMethod/MakePaymentButton' is clicked on

25-10-2024T00:46:42 - [TEST_STEP][PASSED] - iwpPages.ccPaymentEntryPage.setDataCCPM(row, dataFile): iwpPages.ccPaymentEntryPage.setDataCCPM is PASSED

25-10-2024T00:46:43 - [MESSAGE][PASSED] - Object 'Object Repository/IWP30/Page_CCPaymentEntry/Name' is present

25-10-2024T00:46:44 - [MESSAGE][PASSED] - Text '10.50' is set on object 'Object Repository/IWP30/Page_CCPaymentEntry/Amount'

25-10-2024T00:46:44 - [MESSAGE][PASSED] - Text 'udf data 2' is set on object 'Object Repository/IWP30/Page_CCPaymentEntry/UserDefined2'

25-10-2024T00:46:45 - [MESSAGE][PASSED] - Text 'udf data 3' is set on object 'Object Repository/IWP30/Page_CCPaymentEntry/UserDefined3'

25-10-2024T00:46:45 - [MESSAGE][PASSED] - All options with label 'Orange' are selected in object 'Object Repository/IWP30/Page_CCPaymentEntry/UserDefined7' 

25-10-2024T00:46:46 - [MESSAGE][PASSED] - All options with label 'Soccer' are selected in object 'Object Repository/IWP30/Page_CCPaymentEntry/UserDefined8' 

25-10-2024T00:46:46 - [MESSAGE][PASSED] - Object 'Object Repository/IWP30/Page_CCPaymentEntry/Name' is present

25-10-2024T00:46:47 - [MESSAGE][PASSED] - Text 'Kavita Ranawati' is set on object 'Object Repository/IWP30/Page_CCPaymentEntry/Name'

25-10-2024T00:46:47 - [MESSAGE][PASSED] - Object 'Object Repository/IWP30/Page_CCPaymentEntry/CardNumber' is present

25-10-2024T00:46:48 - [MESSAGE][PASSED] - Text '4111111111111111' is set on object 'Object Repository/IWP30/Page_CCPaymentEntry/CardNumber'

25-10-2024T00:46:48 - [MESSAGE][PASSED] - Text '123' is set on object 'Object Repository/IWP30/Page_CCPaymentEntry/SPC'

25-10-2024T00:46:49 - [MESSAGE][PASSED] - Object 'Object Repository/IWP30/Page_CCPaymentEntry/Month' is present

25-10-2024T00:46:49 - [MESSAGE][PASSED] - All options with label '01' are selected in object 'Object Repository/IWP30/Page_CCPaymentEntry/Month' 

25-10-2024T00:46:50 - [MESSAGE][PASSED] - Object 'Object Repository/IWP30/Page_CCPaymentEntry/Year' is present

25-10-2024T00:46:50 - [MESSAGE][PASSED] - All options with label '2028' are selected in object 'Object Repository/IWP30/Page_CCPaymentEntry/Year' 

25-10-2024T00:46:50 - [MESSAGE][PASSED] - Execute JavaScript '
				   document.getElementById('processDate').value = '08/09/2025'
				  ' successfully

25-10-2024T00:46:51 - [MESSAGE][PASSED] - Text '365 Main Avenue' is set on object 'Object Repository/IWP30/Page_CCPaymentEntry/AL1'

25-10-2024T00:46:51 - [MESSAGE][PASSED] - Text 'Ohio' is set on object 'Object Repository/IWP30/Page_CCPaymentEntry/AL2'

25-10-2024T00:46:52 - [MESSAGE][PASSED] - Text '22201' is set on object 'Object Repository/IWP30/Page_CCPaymentEntry/ZIP'

25-10-2024T00:46:52 - [MESSAGE][PASSED] - Object 'Object Repository/IWP30/Page_CCPaymentEntry/EmailAddress' is present

25-10-2024T00:46:54 - [MESSAGE][PASSED] - Text 'iahmed@govolution.com' is set on object 'Object Repository/IWP30/Page_CCPaymentEntry/EmailAddress'

25-10-2024T00:46:54 - [MESSAGE][PASSED] - Object 'Object Repository/IWP30/Page_CCPaymentEntry/TermCondCheckBox' is present

25-10-2024T00:46:54 - [MESSAGE][PASSED] - Object 'Object Repository/IWP30/Page_CCPaymentEntry/TermCondCheckBox' is checked

25-10-2024T00:46:54 - [MESSAGE][PASSED] - Object 'Object Repository/IWP30/Page_CCPaymentEntry/ContinueButton' is present

25-10-2024T00:46:56 - [MESSAGE][PASSED] - Object: 'Object Repository/IWP30/Page_CCPaymentEntry/ContinueButton' is clicked on

25-10-2024T00:46:56 - [MESSAGE][PASSED] - iwpPages.ccPaymentEntryPage.setDataCCPM is PASSED

25-10-2024T00:46:56 - [TEST_STEP][PASSED] - click(findTestObject("Object Repository/IWP30/Page_Confirmation/ConfirmButton")): Object: 'Object Repository/IWP30/Page_Confirmation/ConfirmButton' is clicked on

25-10-2024T00:46:59 - [MESSAGE][PASSED] - Object: 'Object Repository/IWP30/Page_Confirmation/ConfirmButton' is clicked on

25-10-2024T00:46:59 - [TEST_STEP][PASSED] - Thread.sleep(2000): null

25-10-2024T00:47:01 - [TEST_STEP][PASSED] - if (verifyTextPresent("Deferred", false)): null

25-10-2024T00:47:01 - [MESSAGE][PASSED] - Text 'Deferred' is present on page 

25-10-2024T00:47:01 - [TEST_STEP][PASSED] - if (verifyTextPresent("Your payment plan has been successfully created", false)): null

25-10-2024T00:47:01 - [MESSAGE][PASSED] - Text 'Your payment plan has been successfully created' is present on page 

25-10-2024T00:47:01 - [TEST_STEP][PASSED] - isRequiredTextPresent = true: null

25-10-2024T00:47:01 - [TEST_STEP][PASSED] - println(isRequiredTextPresent): null

25-10-2024T00:47:01 - [TEST_STEP][PASSED] - if (isRequiredTextPresent): null

25-10-2024T00:47:01 - [TEST_STEP][PASSED] - if (verifyTextPresent("CAN Label:", false)): null

25-10-2024T00:47:02 - [MESSAGE][PASSED] - Text 'CAN Label:' is present on page 

25-10-2024T00:47:02 - [TEST_STEP][PASSED] - isRequiredTextPresent = true: null

25-10-2024T00:47:02 - [TEST_STEP][PASSED] - println(isRequiredTextPresent): null

25-10-2024T00:47:02 - [TEST_STEP][PASSED] - if (isRequiredTextPresent): null

25-10-2024T00:47:02 - [TEST_STEP][PASSED] - if (verifyTextPresent("Remittance ID:", false)): null

25-10-2024T00:47:02 - [MESSAGE][PASSED] - Text 'Remittance ID:' is present on page 

25-10-2024T00:47:02 - [TEST_STEP][PASSED] - isRequiredTextPresent = true: null

25-10-2024T00:47:02 - [TEST_STEP][PASSED] - println(isRequiredTextPresent): null

25-10-2024T00:47:02 - [TEST_STEP][PASSED] - if (isRequiredTextPresent): null

25-10-2024T00:47:02 - [TEST_STEP][PASSED] - if (verifyTextPresent("UDF2 Label:", false)): null

25-10-2024T00:47:02 - [MESSAGE][PASSED] - Text 'UDF2 Label:' is present on page 

25-10-2024T00:47:02 - [TEST_STEP][PASSED] - isRequiredTextPresent = true: null

25-10-2024T00:47:02 - [TEST_STEP][PASSED] - println(isRequiredTextPresent): null

25-10-2024T00:47:02 - [TEST_STEP][PASSED] - if (isRequiredTextPresent): null

25-10-2024T00:47:02 - [TEST_STEP][PASSED] - if (verifyTextPresent("UDF3 Label:", false)): null

25-10-2024T00:47:02 - [MESSAGE][PASSED] - Text 'UDF3 Label:' is present on page 

25-10-2024T00:47:02 - [TEST_STEP][PASSED] - isRequiredTextPresent = true: null

25-10-2024T00:47:02 - [TEST_STEP][PASSED] - println(isRequiredTextPresent): null

25-10-2024T00:47:02 - [TEST_STEP][PASSED] - if (isRequiredTextPresent): null

25-10-2024T00:47:02 - [TEST_STEP][PASSED] - if (verifyTextPresent("UDF4 Label:", false)): null

25-10-2024T00:47:03 - [MESSAGE][PASSED] - Text 'UDF4 Label:' is present on page 

25-10-2024T00:47:03 - [TEST_STEP][PASSED] - isRequiredTextPresent = true: null

25-10-2024T00:47:03 - [TEST_STEP][PASSED] - println(isRequiredTextPresent): null

25-10-2024T00:47:03 - [TEST_STEP][PASSED] - if (isRequiredTextPresent): null

25-10-2024T00:47:03 - [TEST_STEP][PASSED] - if (verifyTextPresent("UDF7 Label:", false)): null

25-10-2024T00:47:03 - [MESSAGE][PASSED] - Text 'UDF7 Label:' is present on page 

25-10-2024T00:47:03 - [TEST_STEP][PASSED] - isRequiredTextPresent = true: null

25-10-2024T00:47:03 - [TEST_STEP][PASSED] - println(isRequiredTextPresent): null

25-10-2024T00:47:03 - [TEST_STEP][PASSED] - if (isRequiredTextPresent): null

25-10-2024T00:47:03 - [TEST_STEP][PASSED] - if (verifyTextPresent("UDF8 Label:", false)): null

25-10-2024T00:47:03 - [MESSAGE][PASSED] - Text 'UDF8 Label:' is present on page 

25-10-2024T00:47:03 - [TEST_STEP][PASSED] - isRequiredTextPresent = true: null

25-10-2024T00:47:03 - [TEST_STEP][PASSED] - println(isRequiredTextPresent): null

25-10-2024T00:47:03 - [TEST_STEP][PASSED] - if (isRequiredTextPresent): null

25-10-2024T00:47:03 - [TEST_STEP][PASSED] - if (verifyTextPresent("UDF9 Label:", false)): null

25-10-2024T00:47:04 - [MESSAGE][PASSED] - Text 'UDF9 Label:' is present on page 

25-10-2024T00:47:04 - [TEST_STEP][PASSED] - isRequiredTextPresent = true: null

25-10-2024T00:47:04 - [TEST_STEP][PASSED] - println(isRequiredTextPresent): null

25-10-2024T00:47:04 - [TEST_STEP][PASSED] - if (isRequiredTextPresent): null

25-10-2024T00:47:04 - [TEST_STEP][PASSED] - if (verifyTextPresent("Transaction Type:", false)): null

25-10-2024T00:47:04 - [MESSAGE][PASSED] - Text 'Transaction Type:' is present on page 

25-10-2024T00:47:04 - [TEST_STEP][PASSED] - isRequiredTextPresent = true: null

25-10-2024T00:47:04 - [TEST_STEP][PASSED] - println(isRequiredTextPresent): null

25-10-2024T00:47:04 - [TEST_STEP][PASSED] - if (isRequiredTextPresent): null

25-10-2024T00:47:04 - [TEST_STEP][PASSED] - if (verifyTextPresent("Amount:", false)): null

25-10-2024T00:47:04 - [MESSAGE][PASSED] - Text 'Amount:' is present on page 

25-10-2024T00:47:04 - [TEST_STEP][PASSED] - isRequiredTextPresent = true: null

25-10-2024T00:47:04 - [TEST_STEP][PASSED] - println(isRequiredTextPresent): null

25-10-2024T00:47:04 - [TEST_STEP][PASSED] - if (isRequiredTextPresent): null

25-10-2024T00:47:04 - [TEST_STEP][PASSED] - if (verifyTextPresent("Card Information:", false)): null

25-10-2024T00:47:04 - [MESSAGE][PASSED] - Text 'Card Information:' is present on page 

25-10-2024T00:47:04 - [TEST_STEP][PASSED] - isRequiredTextPresent = true: null

25-10-2024T00:47:04 - [TEST_STEP][PASSED] - println(isRequiredTextPresent): null

25-10-2024T00:47:04 - [TEST_STEP][PASSED] - if (isRequiredTextPresent): null

25-10-2024T00:47:04 - [TEST_STEP][PASSED] - if (verifyTextPresent("Card Type:", false)): null

25-10-2024T00:47:05 - [MESSAGE][PASSED] - Text 'Card Type:' is present on page 

25-10-2024T00:47:05 - [TEST_STEP][PASSED] - isRequiredTextPresent = true: null

25-10-2024T00:47:05 - [TEST_STEP][PASSED] - println(isRequiredTextPresent): null

25-10-2024T00:47:05 - [TEST_STEP][PASSED] - if (isRequiredTextPresent): null

25-10-2024T00:47:05 - [TEST_STEP][PASSED] - if (verifyTextPresent("Name of Account:", false)): null

25-10-2024T00:47:05 - [MESSAGE][PASSED] - Text 'Name of Account:' is present on page 

25-10-2024T00:47:05 - [TEST_STEP][PASSED] - isRequiredTextPresent = true: null

25-10-2024T00:47:05 - [TEST_STEP][PASSED] - println(isRequiredTextPresent): null

25-10-2024T00:47:05 - [TEST_STEP][PASSED] - if (isRequiredTextPresent): null

25-10-2024T00:47:05 - [TEST_STEP][PASSED] - if (verifyTextPresent("Card Number:", false)): null

25-10-2024T00:47:05 - [MESSAGE][PASSED] - Text 'Card Number:' is present on page 

25-10-2024T00:47:05 - [TEST_STEP][PASSED] - isRequiredTextPresent = true: null

25-10-2024T00:47:05 - [TEST_STEP][PASSED] - println(isRequiredTextPresent): null

25-10-2024T00:47:05 - [TEST_STEP][PASSED] - if (isRequiredTextPresent): null

25-10-2024T00:47:05 - [TEST_STEP][PASSED] - if (verifyTextPresent("Expiration Date:", false)): null

25-10-2024T00:47:05 - [MESSAGE][PASSED] - Text 'Expiration Date:' is present on page 

25-10-2024T00:47:05 - [TEST_STEP][PASSED] - isRequiredTextPresent = true: null

25-10-2024T00:47:05 - [TEST_STEP][PASSED] - println(isRequiredTextPresent): null

25-10-2024T00:47:05 - [TEST_STEP][PASSED] - if (isRequiredTextPresent): null

25-10-2024T00:47:05 - [TEST_STEP][PASSED] - if (verifyTextPresent("Billing Information:", false)): null

25-10-2024T00:47:06 - [MESSAGE][PASSED] - Text 'Billing Information:' is present on page 

25-10-2024T00:47:06 - [TEST_STEP][PASSED] - isRequiredTextPresent = true: null

25-10-2024T00:47:06 - [TEST_STEP][PASSED] - println(isRequiredTextPresent): null

25-10-2024T00:47:06 - [TEST_STEP][PASSED] - if (isRequiredTextPresent): null

25-10-2024T00:47:06 - [TEST_STEP][PASSED] - if (verifyTextPresent("Address Line 1:", false)): null

25-10-2024T00:47:06 - [MESSAGE][PASSED] - Text 'Address Line 1:' is present on page 

25-10-2024T00:47:06 - [TEST_STEP][PASSED] - isRequiredTextPresent = true: null

25-10-2024T00:47:06 - [TEST_STEP][PASSED] - println(isRequiredTextPresent): null

25-10-2024T00:47:06 - [TEST_STEP][PASSED] - if (isRequiredTextPresent): null

25-10-2024T00:47:06 - [TEST_STEP][PASSED] - if (verifyTextPresent("Address Line 2:", false)): null

25-10-2024T00:47:06 - [MESSAGE][PASSED] - Text 'Address Line 2:' is present on page 

25-10-2024T00:47:06 - [TEST_STEP][PASSED] - isRequiredTextPresent = true: null

25-10-2024T00:47:06 - [TEST_STEP][PASSED] - println(isRequiredTextPresent): null

25-10-2024T00:47:06 - [TEST_STEP][PASSED] - if (isRequiredTextPresent): null

25-10-2024T00:47:06 - [TEST_STEP][PASSED] - if (verifyTextPresent("Country:", false)): null

25-10-2024T00:47:07 - [MESSAGE][PASSED] - Text 'Country:' is present on page 

25-10-2024T00:47:07 - [TEST_STEP][PASSED] - isRequiredTextPresent = true: null

25-10-2024T00:47:07 - [TEST_STEP][PASSED] - println(isRequiredTextPresent): null

25-10-2024T00:47:07 - [TEST_STEP][PASSED] - if (isRequiredTextPresent): null

25-10-2024T00:47:07 - [TEST_STEP][PASSED] - if (verifyTextPresent("City:", false)): null

25-10-2024T00:47:07 - [MESSAGE][PASSED] - Text 'City:' is present on page 

25-10-2024T00:47:07 - [TEST_STEP][PASSED] - isRequiredTextPresent = true: null

25-10-2024T00:47:07 - [TEST_STEP][PASSED] - println(isRequiredTextPresent): null

25-10-2024T00:47:07 - [TEST_STEP][PASSED] - if (isRequiredTextPresent): null

25-10-2024T00:47:07 - [TEST_STEP][PASSED] - if (verifyTextPresent("State:", false)): null

25-10-2024T00:47:07 - [MESSAGE][PASSED] - Text 'State:' is present on page 

25-10-2024T00:47:07 - [TEST_STEP][PASSED] - isRequiredTextPresent = true: null

25-10-2024T00:47:07 - [TEST_STEP][PASSED] - println(isRequiredTextPresent): null

25-10-2024T00:47:07 - [TEST_STEP][PASSED] - if (isRequiredTextPresent): null

25-10-2024T00:47:07 - [TEST_STEP][PASSED] - if (verifyTextPresent("Zip Code:", false)): null

25-10-2024T00:47:07 - [MESSAGE][PASSED] - Text 'Zip Code:' is present on page 

25-10-2024T00:47:07 - [TEST_STEP][PASSED] - isRequiredTextPresent = true: null

25-10-2024T00:47:08 - [TEST_STEP][PASSED] - println(isRequiredTextPresent): null

25-10-2024T00:47:08 - [TEST_STEP][PASSED] - if (isRequiredTextPresent): null

25-10-2024T00:47:08 - [TEST_STEP][PASSED] - if (verifyTextPresent("Plan Information:", false)): null

25-10-2024T00:47:08 - [MESSAGE][PASSED] - Text 'Plan Information:' is present on page 

25-10-2024T00:47:08 - [TEST_STEP][PASSED] - isRequiredTextPresent = true: null

25-10-2024T00:47:08 - [TEST_STEP][PASSED] - println(isRequiredTextPresent): null

25-10-2024T00:47:08 - [TEST_STEP][PASSED] - if (isRequiredTextPresent): null

25-10-2024T00:47:08 - [TEST_STEP][PASSED] - if (verifyTextPresent("Payment Plan Type:", false)): null

25-10-2024T00:47:08 - [MESSAGE][PASSED] - Text 'Payment Plan Type:' is present on page 

25-10-2024T00:47:08 - [TEST_STEP][PASSED] - isRequiredTextPresent = true: null

25-10-2024T00:47:08 - [TEST_STEP][PASSED] - println(isRequiredTextPresent): null

25-10-2024T00:47:08 - [TEST_STEP][PASSED] - if (isRequiredTextPresent): null

25-10-2024T00:47:08 - [TEST_STEP][PASSED] - if (verifyTextPresent("Payment Plan ID:", false)): null

25-10-2024T00:47:08 - [MESSAGE][PASSED] - Text 'Payment Plan ID:' is present on page 

25-10-2024T00:47:08 - [TEST_STEP][PASSED] - isRequiredTextPresent = true: null

25-10-2024T00:47:08 - [TEST_STEP][PASSED] - println(isRequiredTextPresent): null

25-10-2024T00:47:08 - [TEST_STEP][PASSED] - if (isRequiredTextPresent): null

25-10-2024T00:47:08 - [TEST_STEP][PASSED] - if (verifyTextPresent("Payment Date:", false)): null

25-10-2024T00:47:09 - [MESSAGE][PASSED] - Text 'Payment Date:' is present on page 

25-10-2024T00:47:09 - [TEST_STEP][PASSED] - isRequiredTextPresent = true: null

25-10-2024T00:47:09 - [TEST_STEP][PASSED] - println(isRequiredTextPresent): null

25-10-2024T00:47:09 - [TEST_STEP][PASSED] - if (isRequiredTextPresent == true): pages.WriteExcel.demoKey is PASSED

25-10-2024T00:47:09 - [TEST_STEP][PASSED] - println("All the relevant texts are present on Receipt Page"): null

25-10-2024T00:47:09 - [TEST_STEP][PASSED] - markPassed("All the relevant texts are present on Receipt Page"): All the relevant texts are present on Receipt Page

25-10-2024T00:47:09 - [MESSAGE][PASSED] - All the relevant texts are present on Receipt Page

25-10-2024T00:47:09 - [TEST_STEP][PASSED] - resText = "Pass": null

25-10-2024T00:47:09 - [TEST_STEP][PASSED] - pages.WriteExcel.demoKey(resText, datText, resColumn, datCloumn, fileLoc, nameSheet, row): pages.WriteExcel.demoKey is PASSED

25-10-2024T00:47:09 - [MESSAGE][PASSED] - pages.WriteExcel.demoKey is PASSED

25-10-2024T00:47:09 - [TEST_STEP][PASSED] - closeBrowser(): Browser is closed

25-10-2024T00:47:09 - [MESSAGE][PASSED] - Browser is closed

25-10-2024T00:47:10 - [TEST_STEP][PASSED] - ExecuteTC = dataFile.getValue("Execute", row): null

25-10-2024T00:47:10 - [TEST_STEP][PASSED] - out.println("Value of Execute is : " + ExecuteTC): null

25-10-2024T00:47:10 - [TEST_STEP][PASSED] - if (ExecuteTC.equalsIgnoreCase("Y")): null

25-10-2024T00:47:10 - [TEST_STEP][PASSED] - out.println("Begin Record Number: " + row): null

25-10-2024T00:47:10 - [TEST_STEP][PASSED] - today = new java.util.Date(): null

25-10-2024T00:47:10 - [TEST_STEP][PASSED] - println(today): null

25-10-2024T00:47:10 - [TEST_STEP][PASSED] - datText = today: null

25-10-2024T00:47:10 - [TEST_STEP][PASSED] - EmulatorDataKey = dataFile.getValue("EmulatorData", row): null

25-10-2024T00:47:10 - [TEST_STEP][PASSED] - out.println("Value of Emulator Key is : " + EmulatorDataKey): null

25-10-2024T00:47:10 - [TEST_STEP][PASSED] - iwpPages.emulatorIWP30.setDataEmulator_DD(EmulatorDataKey): iwpPages.emulatorIWP30.setDataEmulator_DD is PASSED

25-10-2024T00:47:10 - [MESSAGE][INFO] - Starting 'Edge Chromium' driver

25-10-2024T00:47:10 - [MESSAGE][INFO] - User set preference: ['acceptInsecureCerts', 'true']

25-10-2024T00:47:12 - [MESSAGE][INFO] - Action delay is set to 0 milliseconds

25-10-2024T00:47:16 - [MESSAGE][PASSED] - Browser is opened with url: 'https://qa2.velocitypayment.com/agencyx/config.action?action=editor&message_version=3_0'

25-10-2024T00:47:16 - [MESSAGE][PASSED] - Current window maximized

25-10-2024T00:47:47 - [MESSAGE][INFO] - Unable to find the element located by 'By.xpath: //select[@name='message_version']'. Please recheck the objects properties to make sure the desired element is located. 

25-10-2024T00:47:47 - [MESSAGE][WARNING] - [SELF-HEALING] Failed to find element with id 'Object Repository/IWP30/Page_VRelay30Emulator/MV'. Try using Self-healing.

25-10-2024T00:47:47 - [MESSAGE][WARNING] - [SELF-HEALING] The current locator of test object 'Object Repository/IWP30/Page_VRelay30Emulator/MV' was broken. Propose an alternative one: '(.//*[normalize-space(text()) and normalize-space(.)='Message Version'])[1]/following::select[1]'.

25-10-2024T00:47:48 - [MESSAGE][PASSED] - All options with value '3.0' are selected in object 'Object Repository/IWP30/Page_VRelay30Emulator/MV'  using regular expression

25-10-2024T00:47:48 - [MESSAGE][PASSED] - Text '10.50' is set on object 'Object Repository/IWP30/Page_EmulatorAgencyX/Amount'

25-10-2024T00:47:49 - [MESSAGE][PASSED] - Text 'hMzNd6MvFCWw' is set on object 'Object Repository/IWP30/Page_EmulatorAgencyX/CAN'

25-10-2024T00:47:50 - [MESSAGE][PASSED] - Text 'PayNow' is set on object 'Object Repository/IWP30/Page_EmulatorAgencyX/Action'

25-10-2024T00:47:50 - [MESSAGE][PASSED] - Text 'en_US' is set on object 'Object Repository/IWP30/Page_EmulatorAgencyX/Lang'

25-10-2024T00:47:51 - [MESSAGE][PASSED] - Text '' is set on object 'Object Repository/IWP30/Page_EmulatorAgencyX/Fname'

25-10-2024T00:47:51 - [MESSAGE][PASSED] - Text '' is set on object 'Object Repository/IWP30/Page_EmulatorAgencyX/Lname'

25-10-2024T00:47:52 - [MESSAGE][PASSED] - Text '' is set on object 'Object Repository/IWP30/Page_EmulatorAgencyX/AL1'

25-10-2024T00:47:52 - [MESSAGE][PASSED] - Text '' is set on object 'Object Repository/IWP30/Page_EmulatorAgencyX/AL2'

25-10-2024T00:47:53 - [MESSAGE][PASSED] - Text '' is set on object 'Object Repository/IWP30/Page_EmulatorAgencyX/Country'

25-10-2024T00:47:54 - [MESSAGE][PASSED] - Text '' is set on object 'Object Repository/IWP30/Page_EmulatorAgencyX/City'

25-10-2024T00:47:54 - [MESSAGE][PASSED] - Text '' is set on object 'Object Repository/IWP30/Page_EmulatorAgencyX/State'

25-10-2024T00:47:55 - [MESSAGE][PASSED] - Text '' is set on object 'Object Repository/IWP30/Page_EmulatorAgencyX/ZIP'

25-10-2024T00:47:55 - [MESSAGE][PASSED] - Text '' is set on object 'Object Repository/IWP30/Page_EmulatorAgencyX/Order'

25-10-2024T00:47:56 - [MESSAGE][PASSED] - Text '' is set on object 'Object Repository/IWP30/Page_EmulatorAgencyX/Company'

25-10-2024T00:47:56 - [MESSAGE][PASSED] - Text '' is set on object 'Object Repository/IWP30/Page_EmulatorAgencyX/Email'

25-10-2024T00:47:57 - [MESSAGE][PASSED] - Text '' is set on object 'Object Repository/IWP30/Page_EmulatorAgencyX/UDF1'

25-10-2024T00:47:58 - [MESSAGE][PASSED] - Text '' is set on object 'Object Repository/IWP30/Page_EmulatorAgencyX/UDF2'

25-10-2024T00:47:58 - [MESSAGE][PASSED] - Text '' is set on object 'Object Repository/IWP30/Page_EmulatorAgencyX/UDF3'

25-10-2024T00:47:59 - [MESSAGE][PASSED] - Text 'udf data 4' is set on object 'Object Repository/IWP30/Page_EmulatorAgencyX/UDF4'

25-10-2024T00:47:59 - [MESSAGE][PASSED] - Text 'udf data 5' is set on object 'Object Repository/IWP30/Page_EmulatorAgencyX/UDF5'

25-10-2024T00:48:00 - [MESSAGE][PASSED] - Text '' is set on object 'Object Repository/IWP30/Page_EmulatorAgencyX/UDF6'

25-10-2024T00:48:00 - [MESSAGE][PASSED] - Text '' is set on object 'Object Repository/IWP30/Page_EmulatorAgencyX/UDF7'

25-10-2024T00:48:01 - [MESSAGE][PASSED] - Text '' is set on object 'Object Repository/IWP30/Page_EmulatorAgencyX/UDF8'

25-10-2024T00:48:02 - [MESSAGE][PASSED] - Text 'udf data 9' is set on object 'Object Repository/IWP30/Page_EmulatorAgencyX/UDF9'

25-10-2024T00:48:02 - [MESSAGE][PASSED] - Text 'udf data 10' is set on object 'Object Repository/IWP30/Page_EmulatorAgencyX/UDF10'

25-10-2024T00:48:04 - [MESSAGE][PASSED] - Object: 'Object Repository/IWP30/Page_EmulatorAgencyX/Submit' is clicked on

25-10-2024T00:48:08 - [MESSAGE][PASSED] - Browser is closed

25-10-2024T00:48:12 - [MESSAGE][PASSED] - iwpPages.emulatorIWP30.setDataEmulator_DD is PASSED

25-10-2024T00:48:12 - [TEST_STEP][PASSED] - testHarnessURL = urlTestHarness: null

25-10-2024T00:48:12 - [TEST_STEP][PASSED] - openBrowser(testHarnessURL): Browser is opened with url: 'https://dev-algorithm.govolution.com/vrelaytest/QA2/version_2_2/vrelaytest.html'

25-10-2024T00:48:12 - [MESSAGE][INFO] - Starting 'Edge Chromium' driver

25-10-2024T00:48:12 - [MESSAGE][INFO] - User set preference: ['acceptInsecureCerts', 'true']

25-10-2024T00:48:14 - [MESSAGE][INFO] - Action delay is set to 0 milliseconds

25-10-2024T00:48:18 - [MESSAGE][PASSED] - Browser is opened with url: 'https://dev-algorithm.govolution.com/vrelaytest/QA2/version_2_2/vrelaytest.html'

25-10-2024T00:48:18 - [TEST_STEP][PASSED] - maximizeWindow(): Current window maximized

25-10-2024T00:48:18 - [MESSAGE][PASSED] - Current window maximized

25-10-2024T00:48:18 - [TEST_STEP][PASSED] - iwpPages.TestHarnessPage.setDataMethodEF(row, dataFile): iwpPages.TestHarnessPage.setDataMethodEF is PASSED

25-10-2024T00:48:18 - [MESSAGE][PASSED] - Object 'Object Repository/IWP30/Page_QATestHarness/RemittanceID' is present

25-10-2024T00:48:19 - [MESSAGE][PASSED] - Text '649' is set on object 'Object Repository/IWP30/Page_QATestHarness/ApplicationID'

25-10-2024T00:48:19 - [MESSAGE][PASSED] - Text '3.0' is set on object 'Object Repository/IWP30/Page_QATestHarness/MessageVersion'

25-10-2024T00:48:20 - [MESSAGE][PASSED] - Text '2OxwePjNMhCR' is set on object 'Object Repository/IWP30/Page_QATestHarness/RemittanceID'

25-10-2024T00:48:25 - [MESSAGE][PASSED] - Object: 'Object Repository/IWP30/Page_QATestHarness/SubmitButton' is clicked on

25-10-2024T00:48:25 - [MESSAGE][PASSED] - iwpPages.TestHarnessPage.setDataMethodEF is PASSED

25-10-2024T00:48:25 - [TEST_STEP][PASSED] - click(findTestObject("Object Repository/IWP30/Page_SelectPaymentMethod/PayByCreditCard")): Object: 'Object Repository/IWP30/Page_SelectPaymentMethod/PayByCreditCard' is clicked on

25-10-2024T00:48:25 - [MESSAGE][PASSED] - Object: 'Object Repository/IWP30/Page_SelectPaymentMethod/PayByCreditCard' is clicked on

25-10-2024T00:48:25 - [TEST_STEP][PASSED] - click(findTestObject("Object Repository/IWP30/Page_SelectPaymentMethod/MakePaymentButton")): Object: 'Object Repository/IWP30/Page_SelectPaymentMethod/MakePaymentButton' is clicked on

25-10-2024T00:48:28 - [MESSAGE][PASSED] - Object: 'Object Repository/IWP30/Page_SelectPaymentMethod/MakePaymentButton' is clicked on

25-10-2024T00:48:28 - [TEST_STEP][PASSED] - iwpPages.ccPaymentEntryPage.setDataCCPM(row, dataFile): iwpPages.ccPaymentEntryPage.setDataCCPM is PASSED

25-10-2024T00:48:28 - [MESSAGE][PASSED] - Object 'Object Repository/IWP30/Page_CCPaymentEntry/Name' is present

25-10-2024T00:48:29 - [MESSAGE][PASSED] - Text '10.50' is set on object 'Object Repository/IWP30/Page_CCPaymentEntry/Amount'

25-10-2024T00:48:30 - [MESSAGE][PASSED] - Text 'udf data 2' is set on object 'Object Repository/IWP30/Page_CCPaymentEntry/UserDefined2'

25-10-2024T00:48:30 - [MESSAGE][PASSED] - Text 'udf data 3' is set on object 'Object Repository/IWP30/Page_CCPaymentEntry/UserDefined3'

25-10-2024T00:48:31 - [MESSAGE][PASSED] - All options with label 'Orange' are selected in object 'Object Repository/IWP30/Page_CCPaymentEntry/UserDefined7' 

25-10-2024T00:48:31 - [MESSAGE][PASSED] - All options with label 'Soccer' are selected in object 'Object Repository/IWP30/Page_CCPaymentEntry/UserDefined8' 

25-10-2024T00:48:32 - [MESSAGE][PASSED] - Object 'Object Repository/IWP30/Page_CCPaymentEntry/Name' is present

25-10-2024T00:48:32 - [MESSAGE][PASSED] - Text 'Kavita Ranawati' is set on object 'Object Repository/IWP30/Page_CCPaymentEntry/Name'

25-10-2024T00:48:32 - [MESSAGE][PASSED] - Object 'Object Repository/IWP30/Page_CCPaymentEntry/CardNumber' is present

25-10-2024T00:48:33 - [MESSAGE][PASSED] - Text '4111111111111111' is set on object 'Object Repository/IWP30/Page_CCPaymentEntry/CardNumber'

25-10-2024T00:48:34 - [MESSAGE][PASSED] - Text '123' is set on object 'Object Repository/IWP30/Page_CCPaymentEntry/SPC'

25-10-2024T00:48:35 - [MESSAGE][PASSED] - Object 'Object Repository/IWP30/Page_CCPaymentEntry/Month' is present

25-10-2024T00:48:35 - [MESSAGE][PASSED] - All options with label '01' are selected in object 'Object Repository/IWP30/Page_CCPaymentEntry/Month' 

25-10-2024T00:48:36 - [MESSAGE][PASSED] - Object 'Object Repository/IWP30/Page_CCPaymentEntry/Year' is present

25-10-2024T00:48:36 - [MESSAGE][PASSED] - All options with label '2028' are selected in object 'Object Repository/IWP30/Page_CCPaymentEntry/Year' 

25-10-2024T00:48:36 - [MESSAGE][PASSED] - Execute JavaScript '
				   document.getElementById('processDate').value = '08/09/2025'
				  ' successfully

25-10-2024T00:48:37 - [MESSAGE][PASSED] - Text '365 Main Avenue' is set on object 'Object Repository/IWP30/Page_CCPaymentEntry/AL1'

25-10-2024T00:48:37 - [MESSAGE][PASSED] - Text 'Ohio' is set on object 'Object Repository/IWP30/Page_CCPaymentEntry/AL2'

25-10-2024T00:48:38 - [MESSAGE][PASSED] - Text '22201' is set on object 'Object Repository/IWP30/Page_CCPaymentEntry/ZIP'

25-10-2024T00:48:38 - [MESSAGE][PASSED] - Object 'Object Repository/IWP30/Page_CCPaymentEntry/EmailAddress' is present

25-10-2024T00:48:39 - [MESSAGE][PASSED] - Text 'iahmed@govolution.com' is set on object 'Object Repository/IWP30/Page_CCPaymentEntry/EmailAddress'

25-10-2024T00:48:39 - [MESSAGE][PASSED] - Object 'Object Repository/IWP30/Page_CCPaymentEntry/TermCondCheckBox' is present

25-10-2024T00:48:40 - [MESSAGE][PASSED] - Object 'Object Repository/IWP30/Page_CCPaymentEntry/TermCondCheckBox' is checked

25-10-2024T00:48:40 - [MESSAGE][PASSED] - Object 'Object Repository/IWP30/Page_CCPaymentEntry/ContinueButton' is present

25-10-2024T00:48:41 - [MESSAGE][PASSED] - Object: 'Object Repository/IWP30/Page_CCPaymentEntry/ContinueButton' is clicked on

25-10-2024T00:48:41 - [MESSAGE][PASSED] - iwpPages.ccPaymentEntryPage.setDataCCPM is PASSED

25-10-2024T00:48:41 - [TEST_STEP][PASSED] - click(findTestObject("Object Repository/IWP30/Page_Confirmation/ConfirmButton")): Object: 'Object Repository/IWP30/Page_Confirmation/ConfirmButton' is clicked on

25-10-2024T00:48:43 - [MESSAGE][PASSED] - Object: 'Object Repository/IWP30/Page_Confirmation/ConfirmButton' is clicked on

25-10-2024T00:48:43 - [TEST_STEP][PASSED] - Thread.sleep(2000): null

25-10-2024T00:48:45 - [TEST_STEP][PASSED] - if (verifyTextPresent("Deferred", false)): null

25-10-2024T00:48:45 - [MESSAGE][PASSED] - Text 'Deferred' is present on page 

25-10-2024T00:48:45 - [TEST_STEP][PASSED] - if (verifyTextPresent("Your payment plan has been successfully created", false)): null

25-10-2024T00:48:46 - [MESSAGE][PASSED] - Text 'Your payment plan has been successfully created' is present on page 

25-10-2024T00:48:46 - [TEST_STEP][PASSED] - isRequiredTextPresent = true: null

25-10-2024T00:48:46 - [TEST_STEP][PASSED] - println(isRequiredTextPresent): null

25-10-2024T00:48:46 - [TEST_STEP][PASSED] - if (isRequiredTextPresent): null

25-10-2024T00:48:46 - [TEST_STEP][PASSED] - if (verifyTextPresent("CAN Label:", false)): null

25-10-2024T00:48:46 - [MESSAGE][PASSED] - Text 'CAN Label:' is present on page 

25-10-2024T00:48:46 - [TEST_STEP][PASSED] - isRequiredTextPresent = true: null

25-10-2024T00:48:46 - [TEST_STEP][PASSED] - println(isRequiredTextPresent): null

25-10-2024T00:48:46 - [TEST_STEP][PASSED] - if (isRequiredTextPresent): null

25-10-2024T00:48:46 - [TEST_STEP][PASSED] - if (verifyTextPresent("Remittance ID:", false)): null

25-10-2024T00:48:46 - [MESSAGE][PASSED] - Text 'Remittance ID:' is present on page 

25-10-2024T00:48:46 - [TEST_STEP][PASSED] - isRequiredTextPresent = true: null

25-10-2024T00:48:46 - [TEST_STEP][PASSED] - println(isRequiredTextPresent): null

25-10-2024T00:48:46 - [TEST_STEP][PASSED] - if (isRequiredTextPresent): null

25-10-2024T00:48:46 - [TEST_STEP][PASSED] - if (verifyTextPresent("UDF2 Label:", false)): null

25-10-2024T00:48:47 - [MESSAGE][PASSED] - Text 'UDF2 Label:' is present on page 

25-10-2024T00:48:47 - [TEST_STEP][PASSED] - isRequiredTextPresent = true: null

25-10-2024T00:48:47 - [TEST_STEP][PASSED] - println(isRequiredTextPresent): null

25-10-2024T00:48:47 - [TEST_STEP][PASSED] - if (isRequiredTextPresent): null

25-10-2024T00:48:47 - [TEST_STEP][PASSED] - if (verifyTextPresent("UDF3 Label:", false)): null

25-10-2024T00:48:47 - [MESSAGE][PASSED] - Text 'UDF3 Label:' is present on page 

25-10-2024T00:48:47 - [TEST_STEP][PASSED] - isRequiredTextPresent = true: null

25-10-2024T00:48:47 - [TEST_STEP][PASSED] - println(isRequiredTextPresent): null

25-10-2024T00:48:47 - [TEST_STEP][PASSED] - if (isRequiredTextPresent): null

25-10-2024T00:48:47 - [TEST_STEP][PASSED] - if (verifyTextPresent("UDF4 Label:", false)): null

25-10-2024T00:48:47 - [MESSAGE][PASSED] - Text 'UDF4 Label:' is present on page 

25-10-2024T00:48:47 - [TEST_STEP][PASSED] - isRequiredTextPresent = true: null

25-10-2024T00:48:47 - [TEST_STEP][PASSED] - println(isRequiredTextPresent): null

25-10-2024T00:48:47 - [TEST_STEP][PASSED] - if (isRequiredTextPresent): null

25-10-2024T00:48:47 - [TEST_STEP][PASSED] - if (verifyTextPresent("UDF7 Label:", false)): null

25-10-2024T00:48:47 - [MESSAGE][PASSED] - Text 'UDF7 Label:' is present on page 

25-10-2024T00:48:47 - [TEST_STEP][PASSED] - isRequiredTextPresent = true: null

25-10-2024T00:48:47 - [TEST_STEP][PASSED] - println(isRequiredTextPresent): null

25-10-2024T00:48:47 - [TEST_STEP][PASSED] - if (isRequiredTextPresent): null

25-10-2024T00:48:47 - [TEST_STEP][PASSED] - if (verifyTextPresent("UDF8 Label:", false)): null

25-10-2024T00:48:48 - [MESSAGE][PASSED] - Text 'UDF8 Label:' is present on page 

25-10-2024T00:48:48 - [TEST_STEP][PASSED] - isRequiredTextPresent = true: null

25-10-2024T00:48:48 - [TEST_STEP][PASSED] - println(isRequiredTextPresent): null

25-10-2024T00:48:48 - [TEST_STEP][PASSED] - if (isRequiredTextPresent): null

25-10-2024T00:48:48 - [TEST_STEP][PASSED] - if (verifyTextPresent("UDF9 Label:", false)): null

25-10-2024T00:48:48 - [MESSAGE][PASSED] - Text 'UDF9 Label:' is present on page 

25-10-2024T00:48:48 - [TEST_STEP][PASSED] - isRequiredTextPresent = true: null

25-10-2024T00:48:48 - [TEST_STEP][PASSED] - println(isRequiredTextPresent): null

25-10-2024T00:48:48 - [TEST_STEP][PASSED] - if (isRequiredTextPresent): null

25-10-2024T00:48:48 - [TEST_STEP][PASSED] - if (verifyTextPresent("Transaction Type:", false)): null

25-10-2024T00:48:48 - [MESSAGE][PASSED] - Text 'Transaction Type:' is present on page 

25-10-2024T00:48:48 - [TEST_STEP][PASSED] - isRequiredTextPresent = true: null

25-10-2024T00:48:48 - [TEST_STEP][PASSED] - println(isRequiredTextPresent): null

25-10-2024T00:48:48 - [TEST_STEP][PASSED] - if (isRequiredTextPresent): null

25-10-2024T00:48:48 - [TEST_STEP][PASSED] - if (verifyTextPresent("Amount:", false)): null

25-10-2024T00:48:49 - [MESSAGE][PASSED] - Text 'Amount:' is present on page 

25-10-2024T00:48:49 - [TEST_STEP][PASSED] - isRequiredTextPresent = true: null

25-10-2024T00:48:49 - [TEST_STEP][PASSED] - println(isRequiredTextPresent): null

25-10-2024T00:48:49 - [TEST_STEP][PASSED] - if (isRequiredTextPresent): null

25-10-2024T00:48:49 - [TEST_STEP][PASSED] - if (verifyTextPresent("Card Information:", false)): null

25-10-2024T00:48:49 - [MESSAGE][PASSED] - Text 'Card Information:' is present on page 

25-10-2024T00:48:49 - [TEST_STEP][PASSED] - isRequiredTextPresent = true: null

25-10-2024T00:48:49 - [TEST_STEP][PASSED] - println(isRequiredTextPresent): null

25-10-2024T00:48:49 - [TEST_STEP][PASSED] - if (isRequiredTextPresent): null

25-10-2024T00:48:49 - [TEST_STEP][PASSED] - if (verifyTextPresent("Card Type:", false)): null

25-10-2024T00:48:49 - [MESSAGE][PASSED] - Text 'Card Type:' is present on page 

25-10-2024T00:48:49 - [TEST_STEP][PASSED] - isRequiredTextPresent = true: null

25-10-2024T00:48:49 - [TEST_STEP][PASSED] - println(isRequiredTextPresent): null

25-10-2024T00:48:49 - [TEST_STEP][PASSED] - if (isRequiredTextPresent): null

25-10-2024T00:48:49 - [TEST_STEP][PASSED] - if (verifyTextPresent("Name of Account:", false)): null

25-10-2024T00:48:49 - [MESSAGE][PASSED] - Text 'Name of Account:' is present on page 

25-10-2024T00:48:49 - [TEST_STEP][PASSED] - isRequiredTextPresent = true: null

25-10-2024T00:48:49 - [TEST_STEP][PASSED] - println(isRequiredTextPresent): null

25-10-2024T00:48:49 - [TEST_STEP][PASSED] - if (isRequiredTextPresent): null

25-10-2024T00:48:49 - [TEST_STEP][PASSED] - if (verifyTextPresent("Card Number:", false)): null

25-10-2024T00:48:50 - [MESSAGE][PASSED] - Text 'Card Number:' is present on page 

25-10-2024T00:48:50 - [TEST_STEP][PASSED] - isRequiredTextPresent = true: null

25-10-2024T00:48:50 - [TEST_STEP][PASSED] - println(isRequiredTextPresent): null

25-10-2024T00:48:50 - [TEST_STEP][PASSED] - if (isRequiredTextPresent): null

25-10-2024T00:48:50 - [TEST_STEP][PASSED] - if (verifyTextPresent("Expiration Date:", false)): null

25-10-2024T00:48:50 - [MESSAGE][PASSED] - Text 'Expiration Date:' is present on page 

25-10-2024T00:48:50 - [TEST_STEP][PASSED] - isRequiredTextPresent = true: null

25-10-2024T00:48:50 - [TEST_STEP][PASSED] - println(isRequiredTextPresent): null

25-10-2024T00:48:50 - [TEST_STEP][PASSED] - if (isRequiredTextPresent): null

25-10-2024T00:48:50 - [TEST_STEP][PASSED] - if (verifyTextPresent("Billing Information:", false)): null

25-10-2024T00:48:50 - [MESSAGE][PASSED] - Text 'Billing Information:' is present on page 

25-10-2024T00:48:50 - [TEST_STEP][PASSED] - isRequiredTextPresent = true: null

25-10-2024T00:48:50 - [TEST_STEP][PASSED] - println(isRequiredTextPresent): null

25-10-2024T00:48:50 - [TEST_STEP][PASSED] - if (isRequiredTextPresent): null

25-10-2024T00:48:50 - [TEST_STEP][PASSED] - if (verifyTextPresent("Address Line 1:", false)): null

25-10-2024T00:48:50 - [MESSAGE][PASSED] - Text 'Address Line 1:' is present on page 

25-10-2024T00:48:50 - [TEST_STEP][PASSED] - isRequiredTextPresent = true: null

25-10-2024T00:48:50 - [TEST_STEP][PASSED] - println(isRequiredTextPresent): null

25-10-2024T00:48:50 - [TEST_STEP][PASSED] - if (isRequiredTextPresent): null

25-10-2024T00:48:50 - [TEST_STEP][PASSED] - if (verifyTextPresent("Address Line 2:", false)): null

25-10-2024T00:48:51 - [MESSAGE][PASSED] - Text 'Address Line 2:' is present on page 

25-10-2024T00:48:51 - [TEST_STEP][PASSED] - isRequiredTextPresent = true: null

25-10-2024T00:48:51 - [TEST_STEP][PASSED] - println(isRequiredTextPresent): null

25-10-2024T00:48:51 - [TEST_STEP][PASSED] - if (isRequiredTextPresent): null

25-10-2024T00:48:51 - [TEST_STEP][PASSED] - if (verifyTextPresent("Country:", false)): null

25-10-2024T00:48:51 - [MESSAGE][PASSED] - Text 'Country:' is present on page 

25-10-2024T00:48:51 - [TEST_STEP][PASSED] - isRequiredTextPresent = true: null

25-10-2024T00:48:51 - [TEST_STEP][PASSED] - println(isRequiredTextPresent): null

25-10-2024T00:48:51 - [TEST_STEP][PASSED] - if (isRequiredTextPresent): null

25-10-2024T00:48:51 - [TEST_STEP][PASSED] - if (verifyTextPresent("City:", false)): null

25-10-2024T00:48:51 - [MESSAGE][PASSED] - Text 'City:' is present on page 

25-10-2024T00:48:51 - [TEST_STEP][PASSED] - isRequiredTextPresent = true: null

25-10-2024T00:48:51 - [TEST_STEP][PASSED] - println(isRequiredTextPresent): null

25-10-2024T00:48:51 - [TEST_STEP][PASSED] - if (isRequiredTextPresent): null

25-10-2024T00:48:51 - [TEST_STEP][PASSED] - if (verifyTextPresent("State:", false)): null

25-10-2024T00:48:52 - [MESSAGE][PASSED] - Text 'State:' is present on page 

25-10-2024T00:48:52 - [TEST_STEP][PASSED] - isRequiredTextPresent = true: null

25-10-2024T00:48:52 - [TEST_STEP][PASSED] - println(isRequiredTextPresent): null

25-10-2024T00:48:52 - [TEST_STEP][PASSED] - if (isRequiredTextPresent): null

25-10-2024T00:48:52 - [TEST_STEP][PASSED] - if (verifyTextPresent("Zip Code:", false)): null

25-10-2024T00:48:52 - [MESSAGE][PASSED] - Text 'Zip Code:' is present on page 

25-10-2024T00:48:52 - [TEST_STEP][PASSED] - isRequiredTextPresent = true: null

25-10-2024T00:48:52 - [TEST_STEP][PASSED] - println(isRequiredTextPresent): null

25-10-2024T00:48:52 - [TEST_STEP][PASSED] - if (isRequiredTextPresent): null

25-10-2024T00:48:52 - [TEST_STEP][PASSED] - if (verifyTextPresent("Plan Information:", false)): null

25-10-2024T00:48:52 - [MESSAGE][PASSED] - Text 'Plan Information:' is present on page 

25-10-2024T00:48:52 - [TEST_STEP][PASSED] - isRequiredTextPresent = true: null

25-10-2024T00:48:52 - [TEST_STEP][PASSED] - println(isRequiredTextPresent): null

25-10-2024T00:48:52 - [TEST_STEP][PASSED] - if (isRequiredTextPresent): null

25-10-2024T00:48:52 - [TEST_STEP][PASSED] - if (verifyTextPresent("Payment Plan Type:", false)): null

25-10-2024T00:48:52 - [MESSAGE][PASSED] - Text 'Payment Plan Type:' is present on page 

25-10-2024T00:48:52 - [TEST_STEP][PASSED] - isRequiredTextPresent = true: null

25-10-2024T00:48:52 - [TEST_STEP][PASSED] - println(isRequiredTextPresent): null

25-10-2024T00:48:52 - [TEST_STEP][PASSED] - if (isRequiredTextPresent): null

25-10-2024T00:48:52 - [TEST_STEP][PASSED] - if (verifyTextPresent("Payment Plan ID:", false)): null

25-10-2024T00:48:53 - [MESSAGE][PASSED] - Text 'Payment Plan ID:' is present on page 

25-10-2024T00:48:53 - [TEST_STEP][PASSED] - isRequiredTextPresent = true: null

25-10-2024T00:48:53 - [TEST_STEP][PASSED] - println(isRequiredTextPresent): null

25-10-2024T00:48:53 - [TEST_STEP][PASSED] - if (isRequiredTextPresent): null

25-10-2024T00:48:53 - [TEST_STEP][PASSED] - if (verifyTextPresent("Payment Date:", false)): null

25-10-2024T00:48:53 - [MESSAGE][PASSED] - Text 'Payment Date:' is present on page 

25-10-2024T00:48:53 - [TEST_STEP][PASSED] - isRequiredTextPresent = true: null

25-10-2024T00:48:53 - [TEST_STEP][PASSED] - println(isRequiredTextPresent): null

25-10-2024T00:48:53 - [TEST_STEP][PASSED] - if (isRequiredTextPresent == true): pages.WriteExcel.demoKey is PASSED

25-10-2024T00:48:53 - [TEST_STEP][PASSED] - println("All the relevant texts are present on Receipt Page"): null

25-10-2024T00:48:53 - [TEST_STEP][PASSED] - markPassed("All the relevant texts are present on Receipt Page"): All the relevant texts are present on Receipt Page

25-10-2024T00:48:53 - [MESSAGE][PASSED] - All the relevant texts are present on Receipt Page

25-10-2024T00:48:53 - [TEST_STEP][PASSED] - resText = "Pass": null

25-10-2024T00:48:53 - [TEST_STEP][PASSED] - pages.WriteExcel.demoKey(resText, datText, resColumn, datCloumn, fileLoc, nameSheet, row): pages.WriteExcel.demoKey is PASSED

25-10-2024T00:48:53 - [MESSAGE][PASSED] - pages.WriteExcel.demoKey is PASSED

25-10-2024T00:48:53 - [TEST_STEP][PASSED] - closeBrowser(): Browser is closed

25-10-2024T00:48:54 - [MESSAGE][PASSED] - Browser is closed]]></system-out>
         <system-err><![CDATA[]]></system-err>
      </testcase>
      <testcase name="Test Cases/IntegratedWeb/IWP25/Payments/VerifyCreateReceiptLabelsDeferredCorp" time="246.718" classname="Test Cases/IntegratedWeb/IWP25/Payments/VerifyCreateReceiptLabelsDeferredCorp" status="PASSED">
         <system-out><![CDATA[25-10-2024T00:48:54 - [TEST_CASE][PASSED] - Test Cases/IntegratedWeb/IWP25/Payments/VerifyCreateReceiptLabelsDeferredCorp: Test Cases/IntegratedWeb/IWP25/Payments/VerifyCreateReceiptLabelsDeferredCorp

25-10-2024T00:48:54 - [TEST_STEP][PASSED] - resText = "Fail": null

25-10-2024T00:48:54 - [TEST_STEP][PASSED] - resColumn = "Result": null

25-10-2024T00:48:54 - [TEST_STEP][PASSED] - datCloumn = "Date": null

25-10-2024T00:48:54 - [TEST_STEP][PASSED] - fileLoc = "KatalonData/IWPTestData/VRelay25PaymentsExtension.xlsx": null

25-10-2024T00:48:54 - [TEST_STEP][PASSED] - numOfRows = <not implemented yet for class: org.codehaus.groovy.ast.expr.EmptyExpression>: null

25-10-2024T00:48:54 - [TEST_STEP][PASSED] - dataFile = <not implemented yet for class: org.codehaus.groovy.ast.expr.EmptyExpression>: null

25-10-2024T00:48:54 - [TEST_STEP][PASSED] - nameSheet = <not implemented yet for class: org.codehaus.groovy.ast.expr.EmptyExpression>: null

25-10-2024T00:48:54 - [TEST_STEP][PASSED] - dataFileEmulator = <not implemented yet for class: org.codehaus.groovy.ast.expr.EmptyExpression>: null

25-10-2024T00:48:54 - [TEST_STEP][PASSED] - isRequiredTextPresent = false: null

25-10-2024T00:48:54 - [TEST_STEP][PASSED] - nameSheet = "VerifyCreateLabelDeferredCorp": null

25-10-2024T00:48:54 - [TEST_STEP][PASSED] - dataFile = getExcelDataWithDefaultSheet("KatalonData/IWPTestData/VRelay25PaymentsExtension.xlsx", nameSheet, true): null

25-10-2024T00:48:54 - [TEST_STEP][PASSED] - dataFileEmulator = "IWPTestData/EmulatorData": null

25-10-2024T00:48:54 - [TEST_STEP][PASSED] - numOfRows = dataFile.getRowNumbers(): null

25-10-2024T00:48:54 - [TEST_STEP][PASSED] - println("Number of Records: " + numOfRows): null

25-10-2024T00:48:54 - [TEST_STEP][PASSED] - for ([row = 1, row <= numOfRows, (row++)]): Browser is closed

25-10-2024T00:48:54 - [TEST_STEP][PASSED] - ExecuteTC = dataFile.getValue("Execute", row): null

25-10-2024T00:48:54 - [TEST_STEP][PASSED] - out.println("Value of Execute is : " + ExecuteTC): null

25-10-2024T00:48:54 - [TEST_STEP][PASSED] - if (ExecuteTC.equalsIgnoreCase("Y")): null

25-10-2024T00:48:54 - [TEST_STEP][PASSED] - out.println("Begin Record Number: " + row): null

25-10-2024T00:48:54 - [TEST_STEP][PASSED] - today = new java.util.Date(): null

25-10-2024T00:48:54 - [TEST_STEP][PASSED] - println(today): null

25-10-2024T00:48:54 - [TEST_STEP][PASSED] - datText = today: null

25-10-2024T00:48:54 - [TEST_STEP][PASSED] - EmulatorDataKey = dataFile.getValue("EmulatorData", row): null

25-10-2024T00:48:54 - [TEST_STEP][PASSED] - out.println("Value of Emulator Key is : " + EmulatorDataKey): null

25-10-2024T00:48:54 - [TEST_STEP][PASSED] - iwpPages.emulatorIWP30.setDataEmulator_DD(EmulatorDataKey): iwpPages.emulatorIWP30.setDataEmulator_DD is PASSED

25-10-2024T00:48:54 - [MESSAGE][INFO] - Starting 'Edge Chromium' driver

25-10-2024T00:48:54 - [MESSAGE][INFO] - User set preference: ['acceptInsecureCerts', 'true']

25-10-2024T00:48:57 - [MESSAGE][INFO] - Action delay is set to 0 milliseconds

25-10-2024T00:49:02 - [MESSAGE][PASSED] - Browser is opened with url: 'https://qa2.velocitypayment.com/agencyx/config.action?action=editor&message_version=2_5'

25-10-2024T00:49:02 - [MESSAGE][PASSED] - Current window maximized

25-10-2024T00:49:33 - [MESSAGE][INFO] - Unable to find the element located by 'By.xpath: //select[@name='message_version']'. Please recheck the objects properties to make sure the desired element is located. 

25-10-2024T00:49:33 - [MESSAGE][WARNING] - [SELF-HEALING] Failed to find element with id 'Object Repository/IWP30/Page_VRelay30Emulator/MV'. Try using Self-healing.

25-10-2024T00:49:33 - [MESSAGE][WARNING] - [SELF-HEALING] The current locator of test object 'Object Repository/IWP30/Page_VRelay30Emulator/MV' was broken. Propose an alternative one: '(.//*[normalize-space(text()) and normalize-space(.)='Message Version'])[1]/following::select[1]'.

25-10-2024T00:49:34 - [MESSAGE][PASSED] - All options with value '2.5' are selected in object 'Object Repository/IWP30/Page_VRelay30Emulator/MV'  using regular expression

25-10-2024T00:49:34 - [MESSAGE][PASSED] - Text '10.50' is set on object 'Object Repository/IWP30/Page_EmulatorAgencyX/Amount'

25-10-2024T00:49:35 - [MESSAGE][PASSED] - Text 'FPtKX2WsWVGN' is set on object 'Object Repository/IWP30/Page_EmulatorAgencyX/CAN'

25-10-2024T00:49:35 - [MESSAGE][PASSED] - Text 'PayNow' is set on object 'Object Repository/IWP30/Page_EmulatorAgencyX/Action'

25-10-2024T00:49:36 - [MESSAGE][PASSED] - Text 'en_US' is set on object 'Object Repository/IWP30/Page_EmulatorAgencyX/Lang'

25-10-2024T00:49:37 - [MESSAGE][PASSED] - Text '' is set on object 'Object Repository/IWP30/Page_EmulatorAgencyX/Fname'

25-10-2024T00:49:37 - [MESSAGE][PASSED] - Text '' is set on object 'Object Repository/IWP30/Page_EmulatorAgencyX/Lname'

25-10-2024T00:49:38 - [MESSAGE][PASSED] - Text '' is set on object 'Object Repository/IWP30/Page_EmulatorAgencyX/AL1'

25-10-2024T00:49:38 - [MESSAGE][PASSED] - Text '' is set on object 'Object Repository/IWP30/Page_EmulatorAgencyX/AL2'

25-10-2024T00:49:39 - [MESSAGE][PASSED] - Text '' is set on object 'Object Repository/IWP30/Page_EmulatorAgencyX/Country'

25-10-2024T00:49:39 - [MESSAGE][PASSED] - Text '' is set on object 'Object Repository/IWP30/Page_EmulatorAgencyX/City'

25-10-2024T00:49:40 - [MESSAGE][PASSED] - Text '' is set on object 'Object Repository/IWP30/Page_EmulatorAgencyX/State'

25-10-2024T00:49:41 - [MESSAGE][PASSED] - Text '' is set on object 'Object Repository/IWP30/Page_EmulatorAgencyX/ZIP'

25-10-2024T00:49:41 - [MESSAGE][PASSED] - Text '' is set on object 'Object Repository/IWP30/Page_EmulatorAgencyX/Order'

25-10-2024T00:49:42 - [MESSAGE][PASSED] - Text '' is set on object 'Object Repository/IWP30/Page_EmulatorAgencyX/Company'

25-10-2024T00:49:42 - [MESSAGE][PASSED] - Text '' is set on object 'Object Repository/IWP30/Page_EmulatorAgencyX/Email'

25-10-2024T00:49:43 - [MESSAGE][PASSED] - Text '' is set on object 'Object Repository/IWP30/Page_EmulatorAgencyX/UDF1'

25-10-2024T00:49:43 - [MESSAGE][PASSED] - Text '' is set on object 'Object Repository/IWP30/Page_EmulatorAgencyX/UDF2'

25-10-2024T00:49:44 - [MESSAGE][PASSED] - Text '' is set on object 'Object Repository/IWP30/Page_EmulatorAgencyX/UDF3'

25-10-2024T00:49:45 - [MESSAGE][PASSED] - Text 'udf data 4' is set on object 'Object Repository/IWP30/Page_EmulatorAgencyX/UDF4'

25-10-2024T00:49:45 - [MESSAGE][PASSED] - Text 'udf data 5' is set on object 'Object Repository/IWP30/Page_EmulatorAgencyX/UDF5'

25-10-2024T00:49:46 - [MESSAGE][PASSED] - Text '' is set on object 'Object Repository/IWP30/Page_EmulatorAgencyX/UDF6'

25-10-2024T00:49:46 - [MESSAGE][PASSED] - Text '' is set on object 'Object Repository/IWP30/Page_EmulatorAgencyX/UDF7'

25-10-2024T00:49:47 - [MESSAGE][PASSED] - Text '' is set on object 'Object Repository/IWP30/Page_EmulatorAgencyX/UDF8'

25-10-2024T00:49:48 - [MESSAGE][PASSED] - Text 'udf data 9' is set on object 'Object Repository/IWP30/Page_EmulatorAgencyX/UDF9'

25-10-2024T00:49:48 - [MESSAGE][PASSED] - Text 'udf data 10' is set on object 'Object Repository/IWP30/Page_EmulatorAgencyX/UDF10'

25-10-2024T00:49:50 - [MESSAGE][PASSED] - Object: 'Object Repository/IWP30/Page_EmulatorAgencyX/Submit' is clicked on

25-10-2024T00:49:54 - [MESSAGE][PASSED] - Browser is closed

25-10-2024T00:49:58 - [MESSAGE][PASSED] - iwpPages.emulatorIWP30.setDataEmulator_DD is PASSED

25-10-2024T00:49:58 - [TEST_STEP][PASSED] - testHarnessURL = urlTestHarness: null

25-10-2024T00:49:58 - [TEST_STEP][PASSED] - openBrowser(testHarnessURL): Browser is opened with url: 'https://dev-algorithm.govolution.com/vrelaytest/QA2/version_2_2/vrelaytest.html'

25-10-2024T00:49:58 - [MESSAGE][INFO] - Starting 'Edge Chromium' driver

25-10-2024T00:49:58 - [MESSAGE][INFO] - User set preference: ['acceptInsecureCerts', 'true']

25-10-2024T00:50:00 - [MESSAGE][INFO] - Action delay is set to 0 milliseconds

25-10-2024T00:50:04 - [MESSAGE][PASSED] - Browser is opened with url: 'https://dev-algorithm.govolution.com/vrelaytest/QA2/version_2_2/vrelaytest.html'

25-10-2024T00:50:04 - [TEST_STEP][PASSED] - maximizeWindow(): Current window maximized

25-10-2024T00:50:04 - [MESSAGE][PASSED] - Current window maximized

25-10-2024T00:50:04 - [TEST_STEP][PASSED] - iwpPages.TestHarnessPage.setDataMethodEF(row, dataFile): iwpPages.TestHarnessPage.setDataMethodEF is PASSED

25-10-2024T00:50:04 - [MESSAGE][PASSED] - Object 'Object Repository/IWP30/Page_QATestHarness/RemittanceID' is present

25-10-2024T00:50:05 - [MESSAGE][PASSED] - Text '638' is set on object 'Object Repository/IWP30/Page_QATestHarness/ApplicationID'

25-10-2024T00:50:05 - [MESSAGE][PASSED] - Text '2.5' is set on object 'Object Repository/IWP30/Page_QATestHarness/MessageVersion'

25-10-2024T00:50:06 - [MESSAGE][PASSED] - Text 'q5quOozp0Vw1' is set on object 'Object Repository/IWP30/Page_QATestHarness/RemittanceID'

25-10-2024T00:50:12 - [MESSAGE][PASSED] - Object: 'Object Repository/IWP30/Page_QATestHarness/SubmitButton' is clicked on

25-10-2024T00:50:12 - [MESSAGE][PASSED] - iwpPages.TestHarnessPage.setDataMethodEF is PASSED

25-10-2024T00:50:12 - [TEST_STEP][PASSED] - click(findTestObject("Object Repository/IWP30/Page_SelectPaymentMethod/PayByCorporateCheck")): Object: 'Object Repository/IWP30/Page_SelectPaymentMethod/PayByCorporateCheck' is clicked on

25-10-2024T00:50:12 - [MESSAGE][PASSED] - Object: 'Object Repository/IWP30/Page_SelectPaymentMethod/PayByCorporateCheck' is clicked on

25-10-2024T00:50:12 - [TEST_STEP][PASSED] - click(findTestObject("Object Repository/IWP30/Page_SelectPaymentMethod/MakePaymentButton")): Object: 'Object Repository/IWP30/Page_SelectPaymentMethod/MakePaymentButton' is clicked on

25-10-2024T00:50:15 - [MESSAGE][PASSED] - Object: 'Object Repository/IWP30/Page_SelectPaymentMethod/MakePaymentButton' is clicked on

25-10-2024T00:50:15 - [TEST_STEP][PASSED] - iwpPages.achCorporatePaymentEntryPage.setDataCorporate(row, dataFile): iwpPages.achCorporatePaymentEntryPage.setDataCorporate is PASSED

25-10-2024T00:50:15 - [MESSAGE][PASSED] - Object 'Object Repository/IWP30/Page_ACHCorporatePaymentEntry/txt_accountNumber' is present

25-10-2024T00:50:16 - [MESSAGE][PASSED] - Object 'Object Repository/IWP30/Page_ACHCorporatePaymentEntry/input_CompanyName' is present

25-10-2024T00:50:16 - [MESSAGE][PASSED] - Text 'My Company' is set on object 'Object Repository/IWP30/Page_ACHCorporatePaymentEntry/input_CompanyName'

25-10-2024T00:50:16 - [MESSAGE][PASSED] - Object 'Object Repository/IWP30/Page_ACHCorporatePaymentEntry/input_EIN' is present

25-10-2024T00:50:17 - [MESSAGE][PASSED] - Text '123456789' is set on object 'Object Repository/IWP30/Page_ACHCorporatePaymentEntry/input_EIN'

25-10-2024T00:50:18 - [MESSAGE][PASSED] - Text '10.50' is set on object 'Object Repository/IWP30/Page_ACHCorporatePaymentEntry/txt_Amount'

25-10-2024T00:50:18 - [MESSAGE][PASSED] - Text 'udf data 2' is set on object 'Object Repository/IWP30/Page_ACHCorporatePaymentEntry/txt_UDF2'

25-10-2024T00:50:19 - [MESSAGE][PASSED] - Text 'udf data 3' is set on object 'Object Repository/IWP30/Page_ACHCorporatePaymentEntry/txt_UDF3'

25-10-2024T00:50:19 - [MESSAGE][PASSED] - All options with label 'Orange' are selected in object 'Object Repository/IWP30/Page_ACHCorporatePaymentEntry/dd_UDF7' 

25-10-2024T00:50:20 - [MESSAGE][PASSED] - All options with label 'Soccer' are selected in object 'Object Repository/IWP30/Page_ACHCorporatePaymentEntry/dd_UDF8' 

25-10-2024T00:50:20 - [MESSAGE][PASSED] - Object 'Object Repository/IWP30/Page_ACHCorporatePaymentEntry/txt_routingNumber' is present

25-10-2024T00:50:21 - [MESSAGE][PASSED] - Text '256072691' is set on object 'Object Repository/IWP30/Page_ACHCorporatePaymentEntry/txt_routingNumber'

25-10-2024T00:50:21 - [MESSAGE][PASSED] - Object 'Object Repository/IWP30/Page_ACHCorporatePaymentEntry/txt_accountNumber' is present

25-10-2024T00:50:22 - [MESSAGE][PASSED] - Text '12344444' is set on object 'Object Repository/IWP30/Page_ACHCorporatePaymentEntry/txt_accountNumber'

25-10-2024T00:50:23 - [MESSAGE][PASSED] - Object 'Object Repository/IWP30/Page_ACHCorporatePaymentEntry/txt_confirmAccountNumber' is present

25-10-2024T00:50:24 - [MESSAGE][PASSED] - Text '12344444' is set on object 'Object Repository/IWP30/Page_ACHCorporatePaymentEntry/txt_confirmAccountNumber'

25-10-2024T00:50:24 - [MESSAGE][PASSED] - Execute JavaScript '
				   document.getElementById('processDate').value = '08/09/2025'
				  ' successfully

25-10-2024T00:50:24 - [MESSAGE][PASSED] - Text '365 Main Avenue' is set on object 'Object Repository/IWP30/Page_ACHCorporatePaymentEntry/txt_AL1'

25-10-2024T00:50:25 - [MESSAGE][PASSED] - Text 'Ohio' is set on object 'Object Repository/IWP30/Page_ACHCorporatePaymentEntry/txt_AL2'

25-10-2024T00:50:26 - [MESSAGE][PASSED] - Text '22201' is set on object 'Object Repository/IWP30/Page_ACHCorporatePaymentEntry/txt_ZIP'

25-10-2024T00:50:26 - [MESSAGE][PASSED] - Object 'Object Repository/IWP30/Page_ACHCorporatePaymentEntry/txt_Email' is present

25-10-2024T00:50:27 - [MESSAGE][PASSED] - Text 'iahmed@govolution.com' is set on object 'Object Repository/IWP30/Page_ACHCorporatePaymentEntry/txt_Email'

25-10-2024T00:50:27 - [MESSAGE][PASSED] - Object 'Object Repository/IWP30/Page_ACHCorporatePaymentEntry/cb_TermsAndCond' is present

25-10-2024T00:50:27 - [MESSAGE][PASSED] - Object: 'Object Repository/IWP30/Page_ACHCorporatePaymentEntry/cb_TermsAndCond' is clicked on

25-10-2024T00:50:28 - [MESSAGE][PASSED] - Object 'Object Repository/IWP30/Page_ACHCorporatePaymentEntry/btn_Continue' is present

25-10-2024T00:50:29 - [MESSAGE][PASSED] - Object: 'Object Repository/IWP30/Page_ACHCorporatePaymentEntry/btn_Continue' is clicked on

25-10-2024T00:50:29 - [MESSAGE][PASSED] - iwpPages.achCorporatePaymentEntryPage.setDataCorporate is PASSED

25-10-2024T00:50:29 - [TEST_STEP][PASSED] - click(findTestObject("Object Repository/IWP30/Page_Confirmation/ConfirmButton")): Object: 'Object Repository/IWP30/Page_Confirmation/ConfirmButton' is clicked on

25-10-2024T00:50:32 - [MESSAGE][PASSED] - Object: 'Object Repository/IWP30/Page_Confirmation/ConfirmButton' is clicked on

25-10-2024T00:50:32 - [TEST_STEP][PASSED] - Thread.sleep(2000): null

25-10-2024T00:50:34 - [TEST_STEP][PASSED] - if (verifyTextPresent("Deferred", false)): null

25-10-2024T00:50:34 - [MESSAGE][PASSED] - Text 'Deferred' is present on page 

25-10-2024T00:50:34 - [TEST_STEP][PASSED] - if (verifyTextPresent("Your payment plan has been successfully created", false)): null

25-10-2024T00:50:34 - [MESSAGE][PASSED] - Text 'Your payment plan has been successfully created' is present on page 

25-10-2024T00:50:34 - [TEST_STEP][PASSED] - isRequiredTextPresent = true: null

25-10-2024T00:50:34 - [TEST_STEP][PASSED] - println(isRequiredTextPresent): null

25-10-2024T00:50:34 - [TEST_STEP][PASSED] - if (isRequiredTextPresent): null

25-10-2024T00:50:34 - [TEST_STEP][PASSED] - if (verifyTextPresent("CAN Label:", false)): null

25-10-2024T00:50:35 - [MESSAGE][PASSED] - Text 'CAN Label:' is present on page 

25-10-2024T00:50:35 - [TEST_STEP][PASSED] - isRequiredTextPresent = true: null

25-10-2024T00:50:35 - [TEST_STEP][PASSED] - println(isRequiredTextPresent): null

25-10-2024T00:50:35 - [TEST_STEP][PASSED] - if (isRequiredTextPresent): null

25-10-2024T00:50:35 - [TEST_STEP][PASSED] - if (verifyTextPresent("Remittance ID:", false)): null

25-10-2024T00:50:35 - [MESSAGE][PASSED] - Text 'Remittance ID:' is present on page 

25-10-2024T00:50:35 - [TEST_STEP][PASSED] - isRequiredTextPresent = true: null

25-10-2024T00:50:35 - [TEST_STEP][PASSED] - println(isRequiredTextPresent): null

25-10-2024T00:50:35 - [TEST_STEP][PASSED] - if (isRequiredTextPresent): null

25-10-2024T00:50:35 - [TEST_STEP][PASSED] - if (verifyTextPresent("UDF2 Label:", false)): null

25-10-2024T00:50:35 - [MESSAGE][PASSED] - Text 'UDF2 Label:' is present on page 

25-10-2024T00:50:35 - [TEST_STEP][PASSED] - isRequiredTextPresent = true: null

25-10-2024T00:50:35 - [TEST_STEP][PASSED] - println(isRequiredTextPresent): null

25-10-2024T00:50:35 - [TEST_STEP][PASSED] - if (isRequiredTextPresent): null

25-10-2024T00:50:35 - [TEST_STEP][PASSED] - if (verifyTextPresent("UDF3 Label:", false)): null

25-10-2024T00:50:35 - [MESSAGE][PASSED] - Text 'UDF3 Label:' is present on page 

25-10-2024T00:50:35 - [TEST_STEP][PASSED] - isRequiredTextPresent = true: null

25-10-2024T00:50:35 - [TEST_STEP][PASSED] - println(isRequiredTextPresent): null

25-10-2024T00:50:35 - [TEST_STEP][PASSED] - if (isRequiredTextPresent): null

25-10-2024T00:50:35 - [TEST_STEP][PASSED] - if (verifyTextPresent("UDF4 Label:", false)): null

25-10-2024T00:50:36 - [MESSAGE][PASSED] - Text 'UDF4 Label:' is present on page 

25-10-2024T00:50:36 - [TEST_STEP][PASSED] - isRequiredTextPresent = true: null

25-10-2024T00:50:36 - [TEST_STEP][PASSED] - println(isRequiredTextPresent): null

25-10-2024T00:50:36 - [TEST_STEP][PASSED] - if (isRequiredTextPresent): null

25-10-2024T00:50:36 - [TEST_STEP][PASSED] - if (verifyTextPresent("UDF7 Label:", false)): null

25-10-2024T00:50:36 - [MESSAGE][PASSED] - Text 'UDF7 Label:' is present on page 

25-10-2024T00:50:36 - [TEST_STEP][PASSED] - isRequiredTextPresent = true: null

25-10-2024T00:50:36 - [TEST_STEP][PASSED] - println(isRequiredTextPresent): null

25-10-2024T00:50:36 - [TEST_STEP][PASSED] - if (isRequiredTextPresent): null

25-10-2024T00:50:36 - [TEST_STEP][PASSED] - if (verifyTextPresent("UDF8 Label:", false)): null

25-10-2024T00:50:36 - [MESSAGE][PASSED] - Text 'UDF8 Label:' is present on page 

25-10-2024T00:50:36 - [TEST_STEP][PASSED] - isRequiredTextPresent = true: null

25-10-2024T00:50:36 - [TEST_STEP][PASSED] - println(isRequiredTextPresent): null

25-10-2024T00:50:36 - [TEST_STEP][PASSED] - if (isRequiredTextPresent): null

25-10-2024T00:50:36 - [TEST_STEP][PASSED] - if (verifyTextPresent("UDF9 Label:", false)): null

25-10-2024T00:50:37 - [MESSAGE][PASSED] - Text 'UDF9 Label:' is present on page 

25-10-2024T00:50:37 - [TEST_STEP][PASSED] - isRequiredTextPresent = true: null

25-10-2024T00:50:37 - [TEST_STEP][PASSED] - println(isRequiredTextPresent): null

25-10-2024T00:50:37 - [TEST_STEP][PASSED] - if (isRequiredTextPresent): null

25-10-2024T00:50:37 - [TEST_STEP][PASSED] - if (verifyTextPresent("Transaction Type:", false)): null

25-10-2024T00:50:37 - [MESSAGE][PASSED] - Text 'Transaction Type:' is present on page 

25-10-2024T00:50:37 - [TEST_STEP][PASSED] - isRequiredTextPresent = true: null

25-10-2024T00:50:37 - [TEST_STEP][PASSED] - println(isRequiredTextPresent): null

25-10-2024T00:50:37 - [TEST_STEP][PASSED] - if (isRequiredTextPresent): null

25-10-2024T00:50:37 - [TEST_STEP][PASSED] - if (verifyTextPresent("Amount:", false)): null

25-10-2024T00:50:37 - [MESSAGE][PASSED] - Text 'Amount:' is present on page 

25-10-2024T00:50:37 - [TEST_STEP][PASSED] - isRequiredTextPresent = true: null

25-10-2024T00:50:37 - [TEST_STEP][PASSED] - println(isRequiredTextPresent): null

25-10-2024T00:50:37 - [TEST_STEP][PASSED] - if (isRequiredTextPresent): null

25-10-2024T00:50:37 - [TEST_STEP][PASSED] - if (verifyTextPresent("Check Information:", false)): null

25-10-2024T00:50:37 - [MESSAGE][PASSED] - Text 'Check Information:' is present on page 

25-10-2024T00:50:37 - [TEST_STEP][PASSED] - isRequiredTextPresent = true: null

25-10-2024T00:50:37 - [TEST_STEP][PASSED] - println(isRequiredTextPresent): null

25-10-2024T00:50:37 - [TEST_STEP][PASSED] - if (isRequiredTextPresent): null

25-10-2024T00:50:37 - [TEST_STEP][PASSED] - if (verifyTextPresent("Account Type:", false)): null

25-10-2024T00:50:38 - [MESSAGE][PASSED] - Text 'Account Type:' is present on page 

25-10-2024T00:50:38 - [TEST_STEP][PASSED] - isRequiredTextPresent = true: null

25-10-2024T00:50:38 - [TEST_STEP][PASSED] - println(isRequiredTextPresent): null

25-10-2024T00:50:38 - [TEST_STEP][PASSED] - if (isRequiredTextPresent): null

25-10-2024T00:50:38 - [TEST_STEP][PASSED] - if (verifyTextPresent("Employer Identification Number(EIN):", false)): null

25-10-2024T00:50:38 - [MESSAGE][PASSED] - Text 'Employer Identification Number(EIN):' is present on page 

25-10-2024T00:50:38 - [TEST_STEP][PASSED] - isRequiredTextPresent = true: null

25-10-2024T00:50:38 - [TEST_STEP][PASSED] - println(isRequiredTextPresent): null

25-10-2024T00:50:38 - [TEST_STEP][PASSED] - if (isRequiredTextPresent): null

25-10-2024T00:50:38 - [TEST_STEP][PASSED] - if (verifyTextPresent("Account Number:", false)): null

25-10-2024T00:50:38 - [MESSAGE][PASSED] - Text 'Account Number:' is present on page 

25-10-2024T00:50:38 - [TEST_STEP][PASSED] - isRequiredTextPresent = true: null

25-10-2024T00:50:38 - [TEST_STEP][PASSED] - println(isRequiredTextPresent): null

25-10-2024T00:50:38 - [TEST_STEP][PASSED] - if (isRequiredTextPresent): null

25-10-2024T00:50:38 - [TEST_STEP][PASSED] - if (verifyTextPresent("Routing Number:", false)): null

25-10-2024T00:50:39 - [MESSAGE][PASSED] - Text 'Routing Number:' is present on page 

25-10-2024T00:50:39 - [TEST_STEP][PASSED] - isRequiredTextPresent = true: null

25-10-2024T00:50:39 - [TEST_STEP][PASSED] - println(isRequiredTextPresent): null

25-10-2024T00:50:39 - [TEST_STEP][PASSED] - if (isRequiredTextPresent): null

25-10-2024T00:50:39 - [TEST_STEP][PASSED] - if (verifyTextPresent("Company Name:", false)): null

25-10-2024T00:50:39 - [MESSAGE][PASSED] - Text 'Company Name:' is present on page 

25-10-2024T00:50:39 - [TEST_STEP][PASSED] - isRequiredTextPresent = true: null

25-10-2024T00:50:39 - [TEST_STEP][PASSED] - println(isRequiredTextPresent): null

25-10-2024T00:50:39 - [TEST_STEP][PASSED] - if (isRequiredTextPresent): null

25-10-2024T00:50:39 - [TEST_STEP][PASSED] - if (verifyTextPresent("Billing Information:", false)): null

25-10-2024T00:50:39 - [MESSAGE][PASSED] - Text 'Billing Information:' is present on page 

25-10-2024T00:50:39 - [TEST_STEP][PASSED] - isRequiredTextPresent = true: null

25-10-2024T00:50:39 - [TEST_STEP][PASSED] - println(isRequiredTextPresent): null

25-10-2024T00:50:39 - [TEST_STEP][PASSED] - if (isRequiredTextPresent): null

25-10-2024T00:50:39 - [TEST_STEP][PASSED] - if (verifyTextPresent("Address Line 1:", false)): null

25-10-2024T00:50:39 - [MESSAGE][PASSED] - Text 'Address Line 1:' is present on page 

25-10-2024T00:50:39 - [TEST_STEP][PASSED] - isRequiredTextPresent = true: null

25-10-2024T00:50:39 - [TEST_STEP][PASSED] - println(isRequiredTextPresent): null

25-10-2024T00:50:39 - [TEST_STEP][PASSED] - if (isRequiredTextPresent): null

25-10-2024T00:50:39 - [TEST_STEP][PASSED] - if (verifyTextPresent("Address Line 2:", false)): null

25-10-2024T00:50:40 - [MESSAGE][PASSED] - Text 'Address Line 2:' is present on page 

25-10-2024T00:50:40 - [TEST_STEP][PASSED] - isRequiredTextPresent = true: null

25-10-2024T00:50:40 - [TEST_STEP][PASSED] - println(isRequiredTextPresent): null

25-10-2024T00:50:40 - [TEST_STEP][PASSED] - if (isRequiredTextPresent): null

25-10-2024T00:50:40 - [TEST_STEP][PASSED] - if (verifyTextPresent("Country:", false)): null

25-10-2024T00:50:40 - [MESSAGE][PASSED] - Text 'Country:' is present on page 

25-10-2024T00:50:40 - [TEST_STEP][PASSED] - isRequiredTextPresent = true: null

25-10-2024T00:50:40 - [TEST_STEP][PASSED] - println(isRequiredTextPresent): null

25-10-2024T00:50:40 - [TEST_STEP][PASSED] - if (isRequiredTextPresent): null

25-10-2024T00:50:40 - [TEST_STEP][PASSED] - if (verifyTextPresent("City:", false)): null

25-10-2024T00:50:40 - [MESSAGE][PASSED] - Text 'City:' is present on page 

25-10-2024T00:50:40 - [TEST_STEP][PASSED] - isRequiredTextPresent = true: null

25-10-2024T00:50:40 - [TEST_STEP][PASSED] - println(isRequiredTextPresent): null

25-10-2024T00:50:40 - [TEST_STEP][PASSED] - if (isRequiredTextPresent): null

25-10-2024T00:50:40 - [TEST_STEP][PASSED] - if (verifyTextPresent("State:", false)): null

25-10-2024T00:50:41 - [MESSAGE][PASSED] - Text 'State:' is present on page 

25-10-2024T00:50:41 - [TEST_STEP][PASSED] - isRequiredTextPresent = true: null

25-10-2024T00:50:41 - [TEST_STEP][PASSED] - println(isRequiredTextPresent): null

25-10-2024T00:50:41 - [TEST_STEP][PASSED] - if (isRequiredTextPresent): null

25-10-2024T00:50:41 - [TEST_STEP][PASSED] - if (verifyTextPresent("Zip Code:", false)): null

25-10-2024T00:50:41 - [MESSAGE][PASSED] - Text 'Zip Code:' is present on page 

25-10-2024T00:50:41 - [TEST_STEP][PASSED] - isRequiredTextPresent = true: null

25-10-2024T00:50:41 - [TEST_STEP][PASSED] - println(isRequiredTextPresent): null

25-10-2024T00:50:41 - [TEST_STEP][PASSED] - if (isRequiredTextPresent): null

25-10-2024T00:50:41 - [TEST_STEP][PASSED] - if (verifyTextPresent("Plan Information:", false)): null

25-10-2024T00:50:41 - [MESSAGE][PASSED] - Text 'Plan Information:' is present on page 

25-10-2024T00:50:41 - [TEST_STEP][PASSED] - isRequiredTextPresent = true: null

25-10-2024T00:50:41 - [TEST_STEP][PASSED] - println(isRequiredTextPresent): null

25-10-2024T00:50:41 - [TEST_STEP][PASSED] - if (isRequiredTextPresent): null

25-10-2024T00:50:41 - [TEST_STEP][PASSED] - if (verifyTextPresent("Payment Plan Type:", false)): null

25-10-2024T00:50:41 - [MESSAGE][PASSED] - Text 'Payment Plan Type:' is present on page 

25-10-2024T00:50:41 - [TEST_STEP][PASSED] - isRequiredTextPresent = true: null

25-10-2024T00:50:41 - [TEST_STEP][PASSED] - println(isRequiredTextPresent): null

25-10-2024T00:50:41 - [TEST_STEP][PASSED] - if (isRequiredTextPresent): null

25-10-2024T00:50:41 - [TEST_STEP][PASSED] - if (verifyTextPresent("Payment Plan ID:", false)): null

25-10-2024T00:50:42 - [MESSAGE][PASSED] - Text 'Payment Plan ID:' is present on page 

25-10-2024T00:50:42 - [TEST_STEP][PASSED] - isRequiredTextPresent = true: null

25-10-2024T00:50:42 - [TEST_STEP][PASSED] - println(isRequiredTextPresent): null

25-10-2024T00:50:42 - [TEST_STEP][PASSED] - if (isRequiredTextPresent): null

25-10-2024T00:50:42 - [TEST_STEP][PASSED] - if (verifyTextPresent("Payment Date:", false)): null

25-10-2024T00:50:42 - [MESSAGE][PASSED] - Text 'Payment Date:' is present on page 

25-10-2024T00:50:42 - [TEST_STEP][PASSED] - isRequiredTextPresent = true: null

25-10-2024T00:50:42 - [TEST_STEP][PASSED] - println(isRequiredTextPresent): null

25-10-2024T00:50:42 - [TEST_STEP][PASSED] - if (isRequiredTextPresent == true): pages.WriteExcel.demoKey is PASSED

25-10-2024T00:50:42 - [TEST_STEP][PASSED] - println("All the relevant texts are present on Receipt Page"): null

25-10-2024T00:50:42 - [TEST_STEP][PASSED] - markPassed("All the relevant texts are present on Receipt Page"): All the relevant texts are present on Receipt Page

25-10-2024T00:50:42 - [MESSAGE][PASSED] - All the relevant texts are present on Receipt Page

25-10-2024T00:50:42 - [TEST_STEP][PASSED] - resText = "Pass": null

25-10-2024T00:50:42 - [TEST_STEP][PASSED] - pages.WriteExcel.demoKey(resText, datText, resColumn, datCloumn, fileLoc, nameSheet, row): pages.WriteExcel.demoKey is PASSED

25-10-2024T00:50:42 - [MESSAGE][PASSED] - pages.WriteExcel.demoKey is PASSED

25-10-2024T00:50:42 - [TEST_STEP][PASSED] - closeBrowser(): Browser is closed

25-10-2024T00:50:43 - [MESSAGE][PASSED] - Browser is closed

25-10-2024T00:50:43 - [TEST_STEP][PASSED] - ExecuteTC = dataFile.getValue("Execute", row): null

25-10-2024T00:50:43 - [TEST_STEP][PASSED] - out.println("Value of Execute is : " + ExecuteTC): null

25-10-2024T00:50:43 - [TEST_STEP][PASSED] - if (ExecuteTC.equalsIgnoreCase("Y")): null

25-10-2024T00:50:43 - [TEST_STEP][PASSED] - out.println("Begin Record Number: " + row): null

25-10-2024T00:50:43 - [TEST_STEP][PASSED] - today = new java.util.Date(): null

25-10-2024T00:50:43 - [TEST_STEP][PASSED] - println(today): null

25-10-2024T00:50:43 - [TEST_STEP][PASSED] - datText = today: null

25-10-2024T00:50:43 - [TEST_STEP][PASSED] - EmulatorDataKey = dataFile.getValue("EmulatorData", row): null

25-10-2024T00:50:43 - [TEST_STEP][PASSED] - out.println("Value of Emulator Key is : " + EmulatorDataKey): null

25-10-2024T00:50:43 - [TEST_STEP][PASSED] - iwpPages.emulatorIWP30.setDataEmulator_DD(EmulatorDataKey): iwpPages.emulatorIWP30.setDataEmulator_DD is PASSED

25-10-2024T00:50:43 - [MESSAGE][INFO] - Starting 'Edge Chromium' driver

25-10-2024T00:50:43 - [MESSAGE][INFO] - User set preference: ['acceptInsecureCerts', 'true']

25-10-2024T00:50:45 - [MESSAGE][INFO] - Action delay is set to 0 milliseconds

25-10-2024T00:50:48 - [MESSAGE][PASSED] - Browser is opened with url: 'https://qa2.velocitypayment.com/agencyx/config.action?action=editor&message_version=3_0'

25-10-2024T00:50:49 - [MESSAGE][PASSED] - Current window maximized

25-10-2024T00:51:20 - [MESSAGE][INFO] - Unable to find the element located by 'By.xpath: //select[@name='message_version']'. Please recheck the objects properties to make sure the desired element is located. 

25-10-2024T00:51:20 - [MESSAGE][WARNING] - [SELF-HEALING] Failed to find element with id 'Object Repository/IWP30/Page_VRelay30Emulator/MV'. Try using Self-healing.

25-10-2024T00:51:20 - [MESSAGE][WARNING] - [SELF-HEALING] The current locator of test object 'Object Repository/IWP30/Page_VRelay30Emulator/MV' was broken. Propose an alternative one: '(.//*[normalize-space(text()) and normalize-space(.)='Message Version'])[1]/following::select[1]'.

25-10-2024T00:51:21 - [MESSAGE][PASSED] - All options with value '3.0' are selected in object 'Object Repository/IWP30/Page_VRelay30Emulator/MV'  using regular expression

25-10-2024T00:51:22 - [MESSAGE][PASSED] - Text '10.50' is set on object 'Object Repository/IWP30/Page_EmulatorAgencyX/Amount'

25-10-2024T00:51:22 - [MESSAGE][PASSED] - Text 'PCM4mLASl0OX' is set on object 'Object Repository/IWP30/Page_EmulatorAgencyX/CAN'

25-10-2024T00:51:23 - [MESSAGE][PASSED] - Text 'PayNow' is set on object 'Object Repository/IWP30/Page_EmulatorAgencyX/Action'

25-10-2024T00:51:23 - [MESSAGE][PASSED] - Text 'en_US' is set on object 'Object Repository/IWP30/Page_EmulatorAgencyX/Lang'

25-10-2024T00:51:24 - [MESSAGE][PASSED] - Text '' is set on object 'Object Repository/IWP30/Page_EmulatorAgencyX/Fname'

25-10-2024T00:51:25 - [MESSAGE][PASSED] - Text '' is set on object 'Object Repository/IWP30/Page_EmulatorAgencyX/Lname'

25-10-2024T00:51:25 - [MESSAGE][PASSED] - Text '' is set on object 'Object Repository/IWP30/Page_EmulatorAgencyX/AL1'

25-10-2024T00:51:26 - [MESSAGE][PASSED] - Text '' is set on object 'Object Repository/IWP30/Page_EmulatorAgencyX/AL2'

25-10-2024T00:51:26 - [MESSAGE][PASSED] - Text '' is set on object 'Object Repository/IWP30/Page_EmulatorAgencyX/Country'

25-10-2024T00:51:27 - [MESSAGE][PASSED] - Text '' is set on object 'Object Repository/IWP30/Page_EmulatorAgencyX/City'

25-10-2024T00:51:27 - [MESSAGE][PASSED] - Text '' is set on object 'Object Repository/IWP30/Page_EmulatorAgencyX/State'

25-10-2024T00:51:28 - [MESSAGE][PASSED] - Text '' is set on object 'Object Repository/IWP30/Page_EmulatorAgencyX/ZIP'

25-10-2024T00:51:29 - [MESSAGE][PASSED] - Text '' is set on object 'Object Repository/IWP30/Page_EmulatorAgencyX/Order'

25-10-2024T00:51:29 - [MESSAGE][PASSED] - Text '' is set on object 'Object Repository/IWP30/Page_EmulatorAgencyX/Company'

25-10-2024T00:51:30 - [MESSAGE][PASSED] - Text '' is set on object 'Object Repository/IWP30/Page_EmulatorAgencyX/Email'

25-10-2024T00:51:30 - [MESSAGE][PASSED] - Text '' is set on object 'Object Repository/IWP30/Page_EmulatorAgencyX/UDF1'

25-10-2024T00:51:31 - [MESSAGE][PASSED] - Text '' is set on object 'Object Repository/IWP30/Page_EmulatorAgencyX/UDF2'

25-10-2024T00:51:31 - [MESSAGE][PASSED] - Text '' is set on object 'Object Repository/IWP30/Page_EmulatorAgencyX/UDF3'

25-10-2024T00:51:32 - [MESSAGE][PASSED] - Text 'udf data 4' is set on object 'Object Repository/IWP30/Page_EmulatorAgencyX/UDF4'

25-10-2024T00:51:33 - [MESSAGE][PASSED] - Text 'udf data 5' is set on object 'Object Repository/IWP30/Page_EmulatorAgencyX/UDF5'

25-10-2024T00:51:33 - [MESSAGE][PASSED] - Text '' is set on object 'Object Repository/IWP30/Page_EmulatorAgencyX/UDF6'

25-10-2024T00:51:34 - [MESSAGE][PASSED] - Text '' is set on object 'Object Repository/IWP30/Page_EmulatorAgencyX/UDF7'

25-10-2024T00:51:34 - [MESSAGE][PASSED] - Text '' is set on object 'Object Repository/IWP30/Page_EmulatorAgencyX/UDF8'

25-10-2024T00:51:35 - [MESSAGE][PASSED] - Text 'udf data 9' is set on object 'Object Repository/IWP30/Page_EmulatorAgencyX/UDF9'

25-10-2024T00:51:36 - [MESSAGE][PASSED] - Text 'udf data 10' is set on object 'Object Repository/IWP30/Page_EmulatorAgencyX/UDF10'

25-10-2024T00:51:37 - [MESSAGE][PASSED] - Object: 'Object Repository/IWP30/Page_EmulatorAgencyX/Submit' is clicked on

25-10-2024T00:51:41 - [MESSAGE][PASSED] - Browser is closed

25-10-2024T00:51:45 - [MESSAGE][PASSED] - iwpPages.emulatorIWP30.setDataEmulator_DD is PASSED

25-10-2024T00:51:45 - [TEST_STEP][PASSED] - testHarnessURL = urlTestHarness: null

25-10-2024T00:51:45 - [TEST_STEP][PASSED] - openBrowser(testHarnessURL): Browser is opened with url: 'https://dev-algorithm.govolution.com/vrelaytest/QA2/version_2_2/vrelaytest.html'

25-10-2024T00:51:46 - [MESSAGE][INFO] - Starting 'Edge Chromium' driver

25-10-2024T00:51:46 - [MESSAGE][INFO] - User set preference: ['acceptInsecureCerts', 'true']

25-10-2024T00:51:48 - [MESSAGE][INFO] - Action delay is set to 0 milliseconds

25-10-2024T00:51:55 - [MESSAGE][PASSED] - Browser is opened with url: 'https://dev-algorithm.govolution.com/vrelaytest/QA2/version_2_2/vrelaytest.html'

25-10-2024T00:51:55 - [TEST_STEP][PASSED] - maximizeWindow(): Current window maximized

25-10-2024T00:51:55 - [MESSAGE][PASSED] - Current window maximized

25-10-2024T00:51:55 - [TEST_STEP][PASSED] - iwpPages.TestHarnessPage.setDataMethodEF(row, dataFile): iwpPages.TestHarnessPage.setDataMethodEF is PASSED

25-10-2024T00:51:55 - [MESSAGE][PASSED] - Object 'Object Repository/IWP30/Page_QATestHarness/RemittanceID' is present

25-10-2024T00:51:56 - [MESSAGE][PASSED] - Text '649' is set on object 'Object Repository/IWP30/Page_QATestHarness/ApplicationID'

25-10-2024T00:51:56 - [MESSAGE][PASSED] - Text '3.0' is set on object 'Object Repository/IWP30/Page_QATestHarness/MessageVersion'

25-10-2024T00:51:57 - [MESSAGE][PASSED] - Text 'IsH55D4FR4PV' is set on object 'Object Repository/IWP30/Page_QATestHarness/RemittanceID'

25-10-2024T00:52:01 - [MESSAGE][PASSED] - Object: 'Object Repository/IWP30/Page_QATestHarness/SubmitButton' is clicked on

25-10-2024T00:52:01 - [MESSAGE][PASSED] - iwpPages.TestHarnessPage.setDataMethodEF is PASSED

25-10-2024T00:52:01 - [TEST_STEP][PASSED] - click(findTestObject("Object Repository/IWP30/Page_SelectPaymentMethod/PayByCorporateCheck")): Object: 'Object Repository/IWP30/Page_SelectPaymentMethod/PayByCorporateCheck' is clicked on

25-10-2024T00:52:01 - [MESSAGE][PASSED] - Object: 'Object Repository/IWP30/Page_SelectPaymentMethod/PayByCorporateCheck' is clicked on

25-10-2024T00:52:01 - [TEST_STEP][PASSED] - click(findTestObject("Object Repository/IWP30/Page_SelectPaymentMethod/MakePaymentButton")): Object: 'Object Repository/IWP30/Page_SelectPaymentMethod/MakePaymentButton' is clicked on

25-10-2024T00:52:04 - [MESSAGE][PASSED] - Object: 'Object Repository/IWP30/Page_SelectPaymentMethod/MakePaymentButton' is clicked on

25-10-2024T00:52:04 - [TEST_STEP][PASSED] - iwpPages.achCorporatePaymentEntryPage.setDataCorporate(row, dataFile): iwpPages.achCorporatePaymentEntryPage.setDataCorporate is PASSED

25-10-2024T00:52:04 - [MESSAGE][PASSED] - Object 'Object Repository/IWP30/Page_ACHCorporatePaymentEntry/txt_accountNumber' is present

25-10-2024T00:52:04 - [MESSAGE][PASSED] - Object 'Object Repository/IWP30/Page_ACHCorporatePaymentEntry/input_CompanyName' is present

25-10-2024T00:52:05 - [MESSAGE][PASSED] - Text 'My Company' is set on object 'Object Repository/IWP30/Page_ACHCorporatePaymentEntry/input_CompanyName'

25-10-2024T00:52:05 - [MESSAGE][PASSED] - Object 'Object Repository/IWP30/Page_ACHCorporatePaymentEntry/input_EIN' is present

25-10-2024T00:52:06 - [MESSAGE][PASSED] - Text '123456789' is set on object 'Object Repository/IWP30/Page_ACHCorporatePaymentEntry/input_EIN'

25-10-2024T00:52:06 - [MESSAGE][PASSED] - Text '10.50' is set on object 'Object Repository/IWP30/Page_ACHCorporatePaymentEntry/txt_Amount'

25-10-2024T00:52:07 - [MESSAGE][PASSED] - Text 'udf data 2' is set on object 'Object Repository/IWP30/Page_ACHCorporatePaymentEntry/txt_UDF2'

25-10-2024T00:52:07 - [MESSAGE][PASSED] - Text 'udf data 3' is set on object 'Object Repository/IWP30/Page_ACHCorporatePaymentEntry/txt_UDF3'

25-10-2024T00:52:08 - [MESSAGE][PASSED] - All options with label 'Orange' are selected in object 'Object Repository/IWP30/Page_ACHCorporatePaymentEntry/dd_UDF7' 

25-10-2024T00:52:09 - [MESSAGE][PASSED] - All options with label 'Soccer' are selected in object 'Object Repository/IWP30/Page_ACHCorporatePaymentEntry/dd_UDF8' 

25-10-2024T00:52:09 - [MESSAGE][PASSED] - Object 'Object Repository/IWP30/Page_ACHCorporatePaymentEntry/txt_routingNumber' is present

25-10-2024T00:52:09 - [MESSAGE][PASSED] - Text '256072691' is set on object 'Object Repository/IWP30/Page_ACHCorporatePaymentEntry/txt_routingNumber'

25-10-2024T00:52:10 - [MESSAGE][PASSED] - Object 'Object Repository/IWP30/Page_ACHCorporatePaymentEntry/txt_accountNumber' is present

25-10-2024T00:52:11 - [MESSAGE][PASSED] - Text '12344444' is set on object 'Object Repository/IWP30/Page_ACHCorporatePaymentEntry/txt_accountNumber'

25-10-2024T00:52:11 - [MESSAGE][PASSED] - Object 'Object Repository/IWP30/Page_ACHCorporatePaymentEntry/txt_confirmAccountNumber' is present

25-10-2024T00:52:12 - [MESSAGE][PASSED] - Text '12344444' is set on object 'Object Repository/IWP30/Page_ACHCorporatePaymentEntry/txt_confirmAccountNumber'

25-10-2024T00:52:12 - [MESSAGE][PASSED] - Execute JavaScript '
				   document.getElementById('processDate').value = '08/09/2025'
				  ' successfully

25-10-2024T00:52:12 - [MESSAGE][PASSED] - Text '365 Main Avenue' is set on object 'Object Repository/IWP30/Page_ACHCorporatePaymentEntry/txt_AL1'

25-10-2024T00:52:13 - [MESSAGE][PASSED] - Text 'Ohio' is set on object 'Object Repository/IWP30/Page_ACHCorporatePaymentEntry/txt_AL2'

25-10-2024T00:52:13 - [MESSAGE][PASSED] - Text '22201' is set on object 'Object Repository/IWP30/Page_ACHCorporatePaymentEntry/txt_ZIP'

25-10-2024T00:52:14 - [MESSAGE][PASSED] - Object 'Object Repository/IWP30/Page_ACHCorporatePaymentEntry/txt_Email' is present

25-10-2024T00:52:14 - [MESSAGE][PASSED] - Text 'iahmed@govolution.com' is set on object 'Object Repository/IWP30/Page_ACHCorporatePaymentEntry/txt_Email'

25-10-2024T00:52:15 - [MESSAGE][PASSED] - Object 'Object Repository/IWP30/Page_ACHCorporatePaymentEntry/cb_TermsAndCond' is present

25-10-2024T00:52:15 - [MESSAGE][PASSED] - Object: 'Object Repository/IWP30/Page_ACHCorporatePaymentEntry/cb_TermsAndCond' is clicked on

25-10-2024T00:52:15 - [MESSAGE][PASSED] - Object 'Object Repository/IWP30/Page_ACHCorporatePaymentEntry/btn_Continue' is present

25-10-2024T00:52:17 - [MESSAGE][PASSED] - Object: 'Object Repository/IWP30/Page_ACHCorporatePaymentEntry/btn_Continue' is clicked on

25-10-2024T00:52:17 - [MESSAGE][PASSED] - iwpPages.achCorporatePaymentEntryPage.setDataCorporate is PASSED

25-10-2024T00:52:17 - [TEST_STEP][PASSED] - click(findTestObject("Object Repository/IWP30/Page_Confirmation/ConfirmButton")): Object: 'Object Repository/IWP30/Page_Confirmation/ConfirmButton' is clicked on

25-10-2024T00:52:48 - [MESSAGE][INFO] - Unable to find the element located by 'By.xpath: //*[@type = 'submit' and @name = 'confirmNotifyAction' and @id = 'submitYes' and @value = 'Confirm']'. Please recheck the objects properties to make sure the desired element is located. 

25-10-2024T00:52:48 - [MESSAGE][WARNING] - [SELF-HEALING] Failed to find element with id 'Object Repository/IWP30/Page_Confirmation/ConfirmButton'. Try using Self-healing.

25-10-2024T00:52:48 - [MESSAGE][WARNING] - [SELF-HEALING] The current locator of test object 'Object Repository/IWP30/Page_Confirmation/ConfirmButton' was broken. Propose an alternative one: '//div/input'.

25-10-2024T00:52:50 - [MESSAGE][PASSED] - Object: 'Object Repository/IWP30/Page_Confirmation/ConfirmButton' is clicked on

25-10-2024T00:52:50 - [TEST_STEP][PASSED] - Thread.sleep(2000): null

25-10-2024T00:52:52 - [TEST_STEP][PASSED] - if (verifyTextPresent("Deferred", false)): null

25-10-2024T00:52:52 - [MESSAGE][PASSED] - Text 'Deferred' is present on page 

25-10-2024T00:52:52 - [TEST_STEP][PASSED] - if (verifyTextPresent("Your payment plan has been successfully created", false)): null

25-10-2024T00:52:52 - [MESSAGE][PASSED] - Text 'Your payment plan has been successfully created' is present on page 

25-10-2024T00:52:52 - [TEST_STEP][PASSED] - isRequiredTextPresent = true: null

25-10-2024T00:52:52 - [TEST_STEP][PASSED] - println(isRequiredTextPresent): null

25-10-2024T00:52:52 - [TEST_STEP][PASSED] - if (isRequiredTextPresent): null

25-10-2024T00:52:52 - [TEST_STEP][PASSED] - if (verifyTextPresent("CAN Label:", false)): null

25-10-2024T00:52:52 - [MESSAGE][PASSED] - Text 'CAN Label:' is present on page 

25-10-2024T00:52:52 - [TEST_STEP][PASSED] - isRequiredTextPresent = true: null

25-10-2024T00:52:52 - [TEST_STEP][PASSED] - println(isRequiredTextPresent): null

25-10-2024T00:52:52 - [TEST_STEP][PASSED] - if (isRequiredTextPresent): null

25-10-2024T00:52:52 - [TEST_STEP][PASSED] - if (verifyTextPresent("Remittance ID:", false)): null

25-10-2024T00:52:53 - [MESSAGE][PASSED] - Text 'Remittance ID:' is present on page 

25-10-2024T00:52:53 - [TEST_STEP][PASSED] - isRequiredTextPresent = true: null

25-10-2024T00:52:53 - [TEST_STEP][PASSED] - println(isRequiredTextPresent): null

25-10-2024T00:52:53 - [TEST_STEP][PASSED] - if (isRequiredTextPresent): null

25-10-2024T00:52:53 - [TEST_STEP][PASSED] - if (verifyTextPresent("UDF2 Label:", false)): null

25-10-2024T00:52:53 - [MESSAGE][PASSED] - Text 'UDF2 Label:' is present on page 

25-10-2024T00:52:53 - [TEST_STEP][PASSED] - isRequiredTextPresent = true: null

25-10-2024T00:52:53 - [TEST_STEP][PASSED] - println(isRequiredTextPresent): null

25-10-2024T00:52:53 - [TEST_STEP][PASSED] - if (isRequiredTextPresent): null

25-10-2024T00:52:53 - [TEST_STEP][PASSED] - if (verifyTextPresent("UDF3 Label:", false)): null

25-10-2024T00:52:53 - [MESSAGE][PASSED] - Text 'UDF3 Label:' is present on page 

25-10-2024T00:52:53 - [TEST_STEP][PASSED] - isRequiredTextPresent = true: null

25-10-2024T00:52:53 - [TEST_STEP][PASSED] - println(isRequiredTextPresent): null

25-10-2024T00:52:53 - [TEST_STEP][PASSED] - if (isRequiredTextPresent): null

25-10-2024T00:52:53 - [TEST_STEP][PASSED] - if (verifyTextPresent("UDF4 Label:", false)): null

25-10-2024T00:52:54 - [MESSAGE][PASSED] - Text 'UDF4 Label:' is present on page 

25-10-2024T00:52:54 - [TEST_STEP][PASSED] - isRequiredTextPresent = true: null

25-10-2024T00:52:54 - [TEST_STEP][PASSED] - println(isRequiredTextPresent): null

25-10-2024T00:52:54 - [TEST_STEP][PASSED] - if (isRequiredTextPresent): null

25-10-2024T00:52:54 - [TEST_STEP][PASSED] - if (verifyTextPresent("UDF7 Label:", false)): null

25-10-2024T00:52:54 - [MESSAGE][PASSED] - Text 'UDF7 Label:' is present on page 

25-10-2024T00:52:54 - [TEST_STEP][PASSED] - isRequiredTextPresent = true: null

25-10-2024T00:52:54 - [TEST_STEP][PASSED] - println(isRequiredTextPresent): null

25-10-2024T00:52:54 - [TEST_STEP][PASSED] - if (isRequiredTextPresent): null

25-10-2024T00:52:54 - [TEST_STEP][PASSED] - if (verifyTextPresent("UDF8 Label:", false)): null

25-10-2024T00:52:54 - [MESSAGE][PASSED] - Text 'UDF8 Label:' is present on page 

25-10-2024T00:52:54 - [TEST_STEP][PASSED] - isRequiredTextPresent = true: null

25-10-2024T00:52:54 - [TEST_STEP][PASSED] - println(isRequiredTextPresent): null

25-10-2024T00:52:54 - [TEST_STEP][PASSED] - if (isRequiredTextPresent): null

25-10-2024T00:52:54 - [TEST_STEP][PASSED] - if (verifyTextPresent("UDF9 Label:", false)): null

25-10-2024T00:52:54 - [MESSAGE][PASSED] - Text 'UDF9 Label:' is present on page 

25-10-2024T00:52:54 - [TEST_STEP][PASSED] - isRequiredTextPresent = true: null

25-10-2024T00:52:54 - [TEST_STEP][PASSED] - println(isRequiredTextPresent): null

25-10-2024T00:52:54 - [TEST_STEP][PASSED] - if (isRequiredTextPresent): null

25-10-2024T00:52:54 - [TEST_STEP][PASSED] - if (verifyTextPresent("Transaction Type:", false)): null

25-10-2024T00:52:55 - [MESSAGE][PASSED] - Text 'Transaction Type:' is present on page 

25-10-2024T00:52:55 - [TEST_STEP][PASSED] - isRequiredTextPresent = true: null

25-10-2024T00:52:55 - [TEST_STEP][PASSED] - println(isRequiredTextPresent): null

25-10-2024T00:52:55 - [TEST_STEP][PASSED] - if (isRequiredTextPresent): null

25-10-2024T00:52:55 - [TEST_STEP][PASSED] - if (verifyTextPresent("Amount:", false)): null

25-10-2024T00:52:55 - [MESSAGE][PASSED] - Text 'Amount:' is present on page 

25-10-2024T00:52:55 - [TEST_STEP][PASSED] - isRequiredTextPresent = true: null

25-10-2024T00:52:55 - [TEST_STEP][PASSED] - println(isRequiredTextPresent): null

25-10-2024T00:52:55 - [TEST_STEP][PASSED] - if (isRequiredTextPresent): null

25-10-2024T00:52:55 - [TEST_STEP][PASSED] - if (verifyTextPresent("Check Information:", false)): null

25-10-2024T00:52:55 - [MESSAGE][PASSED] - Text 'Check Information:' is present on page 

25-10-2024T00:52:55 - [TEST_STEP][PASSED] - isRequiredTextPresent = true: null

25-10-2024T00:52:55 - [TEST_STEP][PASSED] - println(isRequiredTextPresent): null

25-10-2024T00:52:55 - [TEST_STEP][PASSED] - if (isRequiredTextPresent): null

25-10-2024T00:52:55 - [TEST_STEP][PASSED] - if (verifyTextPresent("Account Type:", false)): null

25-10-2024T00:52:56 - [MESSAGE][PASSED] - Text 'Account Type:' is present on page 

25-10-2024T00:52:56 - [TEST_STEP][PASSED] - isRequiredTextPresent = true: null

25-10-2024T00:52:56 - [TEST_STEP][PASSED] - println(isRequiredTextPresent): null

25-10-2024T00:52:56 - [TEST_STEP][PASSED] - if (isRequiredTextPresent): null

25-10-2024T00:52:56 - [TEST_STEP][PASSED] - if (verifyTextPresent("Employer Identification Number(EIN):", false)): null

25-10-2024T00:52:56 - [MESSAGE][PASSED] - Text 'Employer Identification Number(EIN):' is present on page 

25-10-2024T00:52:56 - [TEST_STEP][PASSED] - isRequiredTextPresent = true: null

25-10-2024T00:52:56 - [TEST_STEP][PASSED] - println(isRequiredTextPresent): null

25-10-2024T00:52:56 - [TEST_STEP][PASSED] - if (isRequiredTextPresent): null

25-10-2024T00:52:56 - [TEST_STEP][PASSED] - if (verifyTextPresent("Account Number:", false)): null

25-10-2024T00:52:56 - [MESSAGE][PASSED] - Text 'Account Number:' is present on page 

25-10-2024T00:52:56 - [TEST_STEP][PASSED] - isRequiredTextPresent = true: null

25-10-2024T00:52:56 - [TEST_STEP][PASSED] - println(isRequiredTextPresent): null

25-10-2024T00:52:56 - [TEST_STEP][PASSED] - if (isRequiredTextPresent): null

25-10-2024T00:52:56 - [TEST_STEP][PASSED] - if (verifyTextPresent("Routing Number:", false)): null

25-10-2024T00:52:56 - [MESSAGE][PASSED] - Text 'Routing Number:' is present on page 

25-10-2024T00:52:56 - [TEST_STEP][PASSED] - isRequiredTextPresent = true: null

25-10-2024T00:52:56 - [TEST_STEP][PASSED] - println(isRequiredTextPresent): null

25-10-2024T00:52:56 - [TEST_STEP][PASSED] - if (isRequiredTextPresent): null

25-10-2024T00:52:56 - [TEST_STEP][PASSED] - if (verifyTextPresent("Company Name:", false)): null

25-10-2024T00:52:57 - [MESSAGE][PASSED] - Text 'Company Name:' is present on page 

25-10-2024T00:52:57 - [TEST_STEP][PASSED] - isRequiredTextPresent = true: null

25-10-2024T00:52:57 - [TEST_STEP][PASSED] - println(isRequiredTextPresent): null

25-10-2024T00:52:57 - [TEST_STEP][PASSED] - if (isRequiredTextPresent): null

25-10-2024T00:52:57 - [TEST_STEP][PASSED] - if (verifyTextPresent("Billing Information:", false)): null

25-10-2024T00:52:57 - [MESSAGE][PASSED] - Text 'Billing Information:' is present on page 

25-10-2024T00:52:57 - [TEST_STEP][PASSED] - isRequiredTextPresent = true: null

25-10-2024T00:52:57 - [TEST_STEP][PASSED] - println(isRequiredTextPresent): null

25-10-2024T00:52:57 - [TEST_STEP][PASSED] - if (isRequiredTextPresent): null

25-10-2024T00:52:57 - [TEST_STEP][PASSED] - if (verifyTextPresent("Address Line 1:", false)): null

25-10-2024T00:52:57 - [MESSAGE][PASSED] - Text 'Address Line 1:' is present on page 

25-10-2024T00:52:57 - [TEST_STEP][PASSED] - isRequiredTextPresent = true: null

25-10-2024T00:52:57 - [TEST_STEP][PASSED] - println(isRequiredTextPresent): null

25-10-2024T00:52:57 - [TEST_STEP][PASSED] - if (isRequiredTextPresent): null

25-10-2024T00:52:57 - [TEST_STEP][PASSED] - if (verifyTextPresent("Address Line 2:", false)): null

25-10-2024T00:52:57 - [MESSAGE][PASSED] - Text 'Address Line 2:' is present on page 

25-10-2024T00:52:57 - [TEST_STEP][PASSED] - isRequiredTextPresent = true: null

25-10-2024T00:52:57 - [TEST_STEP][PASSED] - println(isRequiredTextPresent): null

25-10-2024T00:52:57 - [TEST_STEP][PASSED] - if (isRequiredTextPresent): null

25-10-2024T00:52:57 - [TEST_STEP][PASSED] - if (verifyTextPresent("Country:", false)): null

25-10-2024T00:52:58 - [MESSAGE][PASSED] - Text 'Country:' is present on page 

25-10-2024T00:52:58 - [TEST_STEP][PASSED] - isRequiredTextPresent = true: null

25-10-2024T00:52:58 - [TEST_STEP][PASSED] - println(isRequiredTextPresent): null

25-10-2024T00:52:58 - [TEST_STEP][PASSED] - if (isRequiredTextPresent): null

25-10-2024T00:52:58 - [TEST_STEP][PASSED] - if (verifyTextPresent("City:", false)): null

25-10-2024T00:52:58 - [MESSAGE][PASSED] - Text 'City:' is present on page 

25-10-2024T00:52:58 - [TEST_STEP][PASSED] - isRequiredTextPresent = true: null

25-10-2024T00:52:58 - [TEST_STEP][PASSED] - println(isRequiredTextPresent): null

25-10-2024T00:52:58 - [TEST_STEP][PASSED] - if (isRequiredTextPresent): null

25-10-2024T00:52:58 - [TEST_STEP][PASSED] - if (verifyTextPresent("State:", false)): null

25-10-2024T00:52:58 - [MESSAGE][PASSED] - Text 'State:' is present on page 

25-10-2024T00:52:58 - [TEST_STEP][PASSED] - isRequiredTextPresent = true: null

25-10-2024T00:52:58 - [TEST_STEP][PASSED] - println(isRequiredTextPresent): null

25-10-2024T00:52:58 - [TEST_STEP][PASSED] - if (isRequiredTextPresent): null

25-10-2024T00:52:58 - [TEST_STEP][PASSED] - if (verifyTextPresent("Zip Code:", false)): null

25-10-2024T00:52:59 - [MESSAGE][PASSED] - Text 'Zip Code:' is present on page 

25-10-2024T00:52:59 - [TEST_STEP][PASSED] - isRequiredTextPresent = true: null

25-10-2024T00:52:59 - [TEST_STEP][PASSED] - println(isRequiredTextPresent): null

25-10-2024T00:52:59 - [TEST_STEP][PASSED] - if (isRequiredTextPresent): null

25-10-2024T00:52:59 - [TEST_STEP][PASSED] - if (verifyTextPresent("Plan Information:", false)): null

25-10-2024T00:52:59 - [MESSAGE][PASSED] - Text 'Plan Information:' is present on page 

25-10-2024T00:52:59 - [TEST_STEP][PASSED] - isRequiredTextPresent = true: null

25-10-2024T00:52:59 - [TEST_STEP][PASSED] - println(isRequiredTextPresent): null

25-10-2024T00:52:59 - [TEST_STEP][PASSED] - if (isRequiredTextPresent): null

25-10-2024T00:52:59 - [TEST_STEP][PASSED] - if (verifyTextPresent("Payment Plan Type:", false)): null

25-10-2024T00:52:59 - [MESSAGE][PASSED] - Text 'Payment Plan Type:' is present on page 

25-10-2024T00:52:59 - [TEST_STEP][PASSED] - isRequiredTextPresent = true: null

25-10-2024T00:52:59 - [TEST_STEP][PASSED] - println(isRequiredTextPresent): null

25-10-2024T00:52:59 - [TEST_STEP][PASSED] - if (isRequiredTextPresent): null

25-10-2024T00:52:59 - [TEST_STEP][PASSED] - if (verifyTextPresent("Payment Plan ID:", false)): null

25-10-2024T00:53:00 - [MESSAGE][PASSED] - Text 'Payment Plan ID:' is present on page 

25-10-2024T00:53:00 - [TEST_STEP][PASSED] - isRequiredTextPresent = true: null

25-10-2024T00:53:00 - [TEST_STEP][PASSED] - println(isRequiredTextPresent): null

25-10-2024T00:53:00 - [TEST_STEP][PASSED] - if (isRequiredTextPresent): null

25-10-2024T00:53:00 - [TEST_STEP][PASSED] - if (verifyTextPresent("Payment Date:", false)): null

25-10-2024T00:53:00 - [MESSAGE][PASSED] - Text 'Payment Date:' is present on page 

25-10-2024T00:53:00 - [TEST_STEP][PASSED] - isRequiredTextPresent = true: null

25-10-2024T00:53:00 - [TEST_STEP][PASSED] - println(isRequiredTextPresent): null

25-10-2024T00:53:00 - [TEST_STEP][PASSED] - if (isRequiredTextPresent == true): pages.WriteExcel.demoKey is PASSED

25-10-2024T00:53:00 - [TEST_STEP][PASSED] - println("All the relevant texts are present on Receipt Page"): null

25-10-2024T00:53:00 - [TEST_STEP][PASSED] - markPassed("All the relevant texts are present on Receipt Page"): All the relevant texts are present on Receipt Page

25-10-2024T00:53:00 - [MESSAGE][PASSED] - All the relevant texts are present on Receipt Page

25-10-2024T00:53:00 - [TEST_STEP][PASSED] - resText = "Pass": null

25-10-2024T00:53:00 - [TEST_STEP][PASSED] - pages.WriteExcel.demoKey(resText, datText, resColumn, datCloumn, fileLoc, nameSheet, row): pages.WriteExcel.demoKey is PASSED

25-10-2024T00:53:00 - [MESSAGE][PASSED] - pages.WriteExcel.demoKey is PASSED

25-10-2024T00:53:00 - [TEST_STEP][PASSED] - closeBrowser(): Browser is closed

25-10-2024T00:53:01 - [MESSAGE][PASSED] - Browser is closed]]></system-out>
         <system-err><![CDATA[]]></system-err>
      </testcase>
      <testcase name="Test Cases/IntegratedWeb/IWP25/Payments/VerifyCreateReceiptLabelsDeferredPC" time="241.703" classname="Test Cases/IntegratedWeb/IWP25/Payments/VerifyCreateReceiptLabelsDeferredPC" status="PASSED">
         <system-out><![CDATA[25-10-2024T00:53:01 - [TEST_CASE][PASSED] - Test Cases/IntegratedWeb/IWP25/Payments/VerifyCreateReceiptLabelsDeferredPC: Test Cases/IntegratedWeb/IWP25/Payments/VerifyCreateReceiptLabelsDeferredPC

25-10-2024T00:53:01 - [TEST_STEP][PASSED] - resText = "Fail": null

25-10-2024T00:53:01 - [TEST_STEP][PASSED] - resColumn = "Result": null

25-10-2024T00:53:01 - [TEST_STEP][PASSED] - datCloumn = "Date": null

25-10-2024T00:53:01 - [TEST_STEP][PASSED] - fileLoc = "KatalonData/IWPTestData/VRelay25PaymentsExtension.xlsx": null

25-10-2024T00:53:01 - [TEST_STEP][PASSED] - numOfRows = <not implemented yet for class: org.codehaus.groovy.ast.expr.EmptyExpression>: null

25-10-2024T00:53:01 - [TEST_STEP][PASSED] - dataFile = <not implemented yet for class: org.codehaus.groovy.ast.expr.EmptyExpression>: null

25-10-2024T00:53:01 - [TEST_STEP][PASSED] - nameSheet = <not implemented yet for class: org.codehaus.groovy.ast.expr.EmptyExpression>: null

25-10-2024T00:53:01 - [TEST_STEP][PASSED] - dataFileEmulator = <not implemented yet for class: org.codehaus.groovy.ast.expr.EmptyExpression>: null

25-10-2024T00:53:01 - [TEST_STEP][PASSED] - isRequiredTextPresent = false: null

25-10-2024T00:53:01 - [TEST_STEP][PASSED] - nameSheet = "VerifyCreateLabelDeferredPC": null

25-10-2024T00:53:01 - [TEST_STEP][PASSED] - dataFile = getExcelDataWithDefaultSheet("KatalonData/IWPTestData/VRelay25PaymentsExtension.xlsx", nameSheet, true): null

25-10-2024T00:53:01 - [TEST_STEP][PASSED] - dataFileEmulator = "IWPTestData/EmulatorData": null

25-10-2024T00:53:01 - [TEST_STEP][PASSED] - numOfRows = dataFile.getRowNumbers(): null

25-10-2024T00:53:01 - [TEST_STEP][PASSED] - println("Number of Records: " + numOfRows): null

25-10-2024T00:53:01 - [TEST_STEP][PASSED] - for ([row = 1, row <= numOfRows, (row++)]): Browser is closed

25-10-2024T00:53:01 - [TEST_STEP][PASSED] - ExecuteTC = dataFile.getValue("Execute", row): null

25-10-2024T00:53:01 - [TEST_STEP][PASSED] - out.println("Value of Execute is : " + ExecuteTC): null

25-10-2024T00:53:01 - [TEST_STEP][PASSED] - if (ExecuteTC.equalsIgnoreCase("Y")): null

25-10-2024T00:53:01 - [TEST_STEP][PASSED] - out.println("Begin Record Number: " + row): null

25-10-2024T00:53:01 - [TEST_STEP][PASSED] - today = new java.util.Date(): null

25-10-2024T00:53:01 - [TEST_STEP][PASSED] - println(today): null

25-10-2024T00:53:01 - [TEST_STEP][PASSED] - datText = today: null

25-10-2024T00:53:01 - [TEST_STEP][PASSED] - EmulatorDataKey = dataFile.getValue("EmulatorData", row): null

25-10-2024T00:53:01 - [TEST_STEP][PASSED] - out.println("Value of Emulator Key is : " + EmulatorDataKey): null

25-10-2024T00:53:01 - [TEST_STEP][PASSED] - iwpPages.emulatorIWP30.setDataEmulator_DD(EmulatorDataKey): iwpPages.emulatorIWP30.setDataEmulator_DD is PASSED

25-10-2024T00:53:01 - [MESSAGE][INFO] - Starting 'Edge Chromium' driver

25-10-2024T00:53:01 - [MESSAGE][INFO] - User set preference: ['acceptInsecureCerts', 'true']

25-10-2024T00:53:03 - [MESSAGE][INFO] - Action delay is set to 0 milliseconds

25-10-2024T00:53:08 - [MESSAGE][PASSED] - Browser is opened with url: 'https://qa2.velocitypayment.com/agencyx/config.action?action=editor&message_version=2_5'

25-10-2024T00:53:08 - [MESSAGE][PASSED] - Current window maximized

25-10-2024T00:53:39 - [MESSAGE][INFO] - Unable to find the element located by 'By.xpath: //select[@name='message_version']'. Please recheck the objects properties to make sure the desired element is located. 

25-10-2024T00:53:39 - [MESSAGE][WARNING] - [SELF-HEALING] Failed to find element with id 'Object Repository/IWP30/Page_VRelay30Emulator/MV'. Try using Self-healing.

25-10-2024T00:53:39 - [MESSAGE][WARNING] - [SELF-HEALING] The current locator of test object 'Object Repository/IWP30/Page_VRelay30Emulator/MV' was broken. Propose an alternative one: '(.//*[normalize-space(text()) and normalize-space(.)='Message Version'])[1]/following::select[1]'.

25-10-2024T00:53:40 - [MESSAGE][PASSED] - All options with value '2.5' are selected in object 'Object Repository/IWP30/Page_VRelay30Emulator/MV'  using regular expression

25-10-2024T00:53:40 - [MESSAGE][PASSED] - Text '10.50' is set on object 'Object Repository/IWP30/Page_EmulatorAgencyX/Amount'

25-10-2024T00:53:41 - [MESSAGE][PASSED] - Text 'JK54dSJshpGs' is set on object 'Object Repository/IWP30/Page_EmulatorAgencyX/CAN'

25-10-2024T00:53:42 - [MESSAGE][PASSED] - Text 'PayNow' is set on object 'Object Repository/IWP30/Page_EmulatorAgencyX/Action'

25-10-2024T00:53:42 - [MESSAGE][PASSED] - Text 'en_US' is set on object 'Object Repository/IWP30/Page_EmulatorAgencyX/Lang'

25-10-2024T00:53:43 - [MESSAGE][PASSED] - Text '' is set on object 'Object Repository/IWP30/Page_EmulatorAgencyX/Fname'

25-10-2024T00:53:43 - [MESSAGE][PASSED] - Text '' is set on object 'Object Repository/IWP30/Page_EmulatorAgencyX/Lname'

25-10-2024T00:53:44 - [MESSAGE][PASSED] - Text '' is set on object 'Object Repository/IWP30/Page_EmulatorAgencyX/AL1'

25-10-2024T00:53:45 - [MESSAGE][PASSED] - Text '' is set on object 'Object Repository/IWP30/Page_EmulatorAgencyX/AL2'

25-10-2024T00:53:45 - [MESSAGE][PASSED] - Text '' is set on object 'Object Repository/IWP30/Page_EmulatorAgencyX/Country'

25-10-2024T00:53:46 - [MESSAGE][PASSED] - Text '' is set on object 'Object Repository/IWP30/Page_EmulatorAgencyX/City'

25-10-2024T00:53:46 - [MESSAGE][PASSED] - Text '' is set on object 'Object Repository/IWP30/Page_EmulatorAgencyX/State'

25-10-2024T00:53:47 - [MESSAGE][PASSED] - Text '' is set on object 'Object Repository/IWP30/Page_EmulatorAgencyX/ZIP'

25-10-2024T00:53:47 - [MESSAGE][PASSED] - Text '' is set on object 'Object Repository/IWP30/Page_EmulatorAgencyX/Order'

25-10-2024T00:53:48 - [MESSAGE][PASSED] - Text '' is set on object 'Object Repository/IWP30/Page_EmulatorAgencyX/Company'

25-10-2024T00:53:49 - [MESSAGE][PASSED] - Text '' is set on object 'Object Repository/IWP30/Page_EmulatorAgencyX/Email'

25-10-2024T00:53:49 - [MESSAGE][PASSED] - Text '' is set on object 'Object Repository/IWP30/Page_EmulatorAgencyX/UDF1'

25-10-2024T00:53:50 - [MESSAGE][PASSED] - Text '' is set on object 'Object Repository/IWP30/Page_EmulatorAgencyX/UDF2'

25-10-2024T00:53:50 - [MESSAGE][PASSED] - Text '' is set on object 'Object Repository/IWP30/Page_EmulatorAgencyX/UDF3'

25-10-2024T00:53:51 - [MESSAGE][PASSED] - Text 'udf data 4' is set on object 'Object Repository/IWP30/Page_EmulatorAgencyX/UDF4'

25-10-2024T00:53:52 - [MESSAGE][PASSED] - Text 'udf data 5' is set on object 'Object Repository/IWP30/Page_EmulatorAgencyX/UDF5'

25-10-2024T00:53:52 - [MESSAGE][PASSED] - Text '' is set on object 'Object Repository/IWP30/Page_EmulatorAgencyX/UDF6'

25-10-2024T00:53:53 - [MESSAGE][PASSED] - Text '' is set on object 'Object Repository/IWP30/Page_EmulatorAgencyX/UDF7'

25-10-2024T00:53:53 - [MESSAGE][PASSED] - Text '' is set on object 'Object Repository/IWP30/Page_EmulatorAgencyX/UDF8'

25-10-2024T00:53:54 - [MESSAGE][PASSED] - Text 'udf data 9' is set on object 'Object Repository/IWP30/Page_EmulatorAgencyX/UDF9'

25-10-2024T00:53:55 - [MESSAGE][PASSED] - Text 'udf data 10' is set on object 'Object Repository/IWP30/Page_EmulatorAgencyX/UDF10'

25-10-2024T00:53:56 - [MESSAGE][PASSED] - Object: 'Object Repository/IWP30/Page_EmulatorAgencyX/Submit' is clicked on

25-10-2024T00:54:01 - [MESSAGE][PASSED] - Browser is closed

25-10-2024T00:54:05 - [MESSAGE][PASSED] - iwpPages.emulatorIWP30.setDataEmulator_DD is PASSED

25-10-2024T00:54:05 - [TEST_STEP][PASSED] - testHarnessURL = urlTestHarness: null

25-10-2024T00:54:05 - [TEST_STEP][PASSED] - openBrowser(testHarnessURL): Browser is opened with url: 'https://dev-algorithm.govolution.com/vrelaytest/QA2/version_2_2/vrelaytest.html'

25-10-2024T00:54:05 - [MESSAGE][INFO] - Starting 'Edge Chromium' driver

25-10-2024T00:54:05 - [MESSAGE][INFO] - User set preference: ['acceptInsecureCerts', 'true']

25-10-2024T00:54:07 - [MESSAGE][INFO] - Action delay is set to 0 milliseconds

25-10-2024T00:54:10 - [MESSAGE][PASSED] - Browser is opened with url: 'https://dev-algorithm.govolution.com/vrelaytest/QA2/version_2_2/vrelaytest.html'

25-10-2024T00:54:10 - [TEST_STEP][PASSED] - maximizeWindow(): Current window maximized

25-10-2024T00:54:10 - [MESSAGE][PASSED] - Current window maximized

25-10-2024T00:54:10 - [TEST_STEP][PASSED] - iwpPages.TestHarnessPage.setDataMethodEF(row, dataFile): iwpPages.TestHarnessPage.setDataMethodEF is PASSED

25-10-2024T00:54:10 - [MESSAGE][PASSED] - Object 'Object Repository/IWP30/Page_QATestHarness/RemittanceID' is present

25-10-2024T00:54:11 - [MESSAGE][PASSED] - Text '638' is set on object 'Object Repository/IWP30/Page_QATestHarness/ApplicationID'

25-10-2024T00:54:11 - [MESSAGE][PASSED] - Text '2.5' is set on object 'Object Repository/IWP30/Page_QATestHarness/MessageVersion'

25-10-2024T00:54:12 - [MESSAGE][PASSED] - Text 'OVLDRpKa4JaI' is set on object 'Object Repository/IWP30/Page_QATestHarness/RemittanceID'

25-10-2024T00:54:16 - [MESSAGE][PASSED] - Object: 'Object Repository/IWP30/Page_QATestHarness/SubmitButton' is clicked on

25-10-2024T00:54:16 - [MESSAGE][PASSED] - iwpPages.TestHarnessPage.setDataMethodEF is PASSED

25-10-2024T00:54:16 - [TEST_STEP][PASSED] - click(findTestObject("Object Repository/IWP30/Page_SelectPaymentMethod/PayByPersonalCheck")): Object: 'Object Repository/IWP30/Page_SelectPaymentMethod/PayByPersonalCheck' is clicked on

25-10-2024T00:54:16 - [MESSAGE][PASSED] - Object: 'Object Repository/IWP30/Page_SelectPaymentMethod/PayByPersonalCheck' is clicked on

25-10-2024T00:54:16 - [TEST_STEP][PASSED] - click(findTestObject("Object Repository/IWP30/Page_SelectPaymentMethod/MakePaymentButton")): Object: 'Object Repository/IWP30/Page_SelectPaymentMethod/MakePaymentButton' is clicked on

25-10-2024T00:54:19 - [MESSAGE][PASSED] - Object: 'Object Repository/IWP30/Page_SelectPaymentMethod/MakePaymentButton' is clicked on

25-10-2024T00:54:19 - [TEST_STEP][PASSED] - iwpPages.achPersonalPaymentEntryPage.setDataACHPPM(row, dataFile): iwpPages.achPersonalPaymentEntryPage.setDataACHPPM is PASSED

25-10-2024T00:54:20 - [MESSAGE][PASSED] - Object 'Object Repository/IWP30/Page_ACHPersonalPaymentEntry/txt_accountNumber' is present

25-10-2024T00:54:20 - [MESSAGE][PASSED] - Text '10.50' is set on object 'Object Repository/IWP30/Page_ACHPersonalPaymentEntry/txt_Amount'

25-10-2024T00:54:21 - [MESSAGE][PASSED] - Object 'Object Repository/IWP30/Page_ACHPersonalPaymentEntry/txt_UDF2' is present

25-10-2024T00:54:21 - [MESSAGE][PASSED] - Text 'udf data 2' is set on object 'Object Repository/IWP30/Page_ACHPersonalPaymentEntry/txt_UDF2'

25-10-2024T00:54:22 - [MESSAGE][PASSED] - Text 'udf data 3' is set on object 'Object Repository/IWP30/Page_ACHPersonalPaymentEntry/txt_UDF3'

25-10-2024T00:54:22 - [MESSAGE][PASSED] - All options with label 'Orange' are selected in object 'Object Repository/IWP30/Page_ACHPersonalPaymentEntry/dd_UDF7' 

25-10-2024T00:54:23 - [MESSAGE][PASSED] - All options with label 'Soccer' are selected in object 'Object Repository/IWP30/Page_ACHPersonalPaymentEntry/dd_UDF8' 

25-10-2024T00:54:23 - [MESSAGE][PASSED] - Object 'Object Repository/IWP30/Page_ACHPersonalPaymentEntry/txt_Firstname' is present

25-10-2024T00:54:24 - [MESSAGE][PASSED] - Text 'Elizath' is set on object 'Object Repository/IWP30/Page_ACHPersonalPaymentEntry/txt_Firstname'

25-10-2024T00:54:24 - [MESSAGE][PASSED] - Object 'Object Repository/IWP30/Page_ACHPersonalPaymentEntry/txt_Lastname' is present

25-10-2024T00:54:25 - [MESSAGE][PASSED] - Text 'Christine' is set on object 'Object Repository/IWP30/Page_ACHPersonalPaymentEntry/txt_Lastname'

25-10-2024T00:54:25 - [MESSAGE][PASSED] - Object 'Object Repository/IWP30/Page_ACHPersonalPaymentEntry/txt_routingNumber' is present

25-10-2024T00:54:26 - [MESSAGE][PASSED] - Text '256072691' is set on object 'Object Repository/IWP30/Page_ACHPersonalPaymentEntry/txt_routingNumber'

25-10-2024T00:54:26 - [MESSAGE][PASSED] - Object 'Object Repository/IWP30/Page_ACHPersonalPaymentEntry/txt_accountNumber' is present

25-10-2024T00:54:27 - [MESSAGE][PASSED] - Text '12344444' is set on object 'Object Repository/IWP30/Page_ACHPersonalPaymentEntry/txt_accountNumber'

25-10-2024T00:54:28 - [MESSAGE][PASSED] - Object 'Object Repository/IWP30/Page_ACHPersonalPaymentEntry/txt_confirmAccountNumber' is present

25-10-2024T00:54:28 - [MESSAGE][PASSED] - Text '12344444' is set on object 'Object Repository/IWP30/Page_ACHPersonalPaymentEntry/txt_confirmAccountNumber'

25-10-2024T00:54:28 - [MESSAGE][PASSED] - Object 'Object Repository/IWP30/Page_ACHPersonalPaymentEntry/rd_accountType' is present

25-10-2024T00:54:28 - [MESSAGE][PASSED] - Modify property of object successfully

25-10-2024T00:54:29 - [MESSAGE][PASSED] - Object: 'Object Repository/IWP30/Page_ACHPersonalPaymentEntry/rd_accountType' is clicked on

25-10-2024T00:54:29 - [MESSAGE][PASSED] - Execute JavaScript '
				   document.getElementById('processDate').value = '08/09/2025'
				  ' successfully

25-10-2024T00:54:29 - [MESSAGE][PASSED] - Text '365 Main Avenue' is set on object 'Object Repository/IWP30/Page_ACHPersonalPaymentEntry/txt_AL1'

25-10-2024T00:54:30 - [MESSAGE][PASSED] - Text 'Ohio' is set on object 'Object Repository/IWP30/Page_ACHPersonalPaymentEntry/txt_AL2'

25-10-2024T00:54:31 - [MESSAGE][PASSED] - Text '22201' is set on object 'Object Repository/IWP30/Page_ACHPersonalPaymentEntry/txt_ZIP'

25-10-2024T00:54:31 - [MESSAGE][PASSED] - Object 'Object Repository/IWP30/Page_ACHPersonalPaymentEntry/txt_Email' is present

25-10-2024T00:54:32 - [MESSAGE][PASSED] - Text 'iahmed@govolution.com' is set on object 'Object Repository/IWP30/Page_ACHPersonalPaymentEntry/txt_Email'

25-10-2024T00:54:32 - [MESSAGE][PASSED] - Object 'Object Repository/IWP30/Page_ACHPersonalPaymentEntry/cb_TermsAndCond' is present

25-10-2024T00:54:33 - [MESSAGE][PASSED] - Object: 'Object Repository/IWP30/Page_ACHPersonalPaymentEntry/cb_TermsAndCond' is clicked on

25-10-2024T00:54:33 - [MESSAGE][PASSED] - Object 'Object Repository/IWP30/Page_ACHPersonalPaymentEntry/btn_Continue' is present

25-10-2024T00:54:34 - [MESSAGE][PASSED] - Object: 'Object Repository/IWP30/Page_ACHPersonalPaymentEntry/btn_Continue' is clicked on

25-10-2024T00:54:34 - [MESSAGE][PASSED] - iwpPages.achPersonalPaymentEntryPage.setDataACHPPM is PASSED

25-10-2024T00:54:34 - [TEST_STEP][PASSED] - click(findTestObject("Object Repository/IWP30/Page_Confirmation/ConfirmButton")): Object: 'Object Repository/IWP30/Page_Confirmation/ConfirmButton' is clicked on

25-10-2024T00:54:37 - [MESSAGE][PASSED] - Object: 'Object Repository/IWP30/Page_Confirmation/ConfirmButton' is clicked on

25-10-2024T00:54:37 - [TEST_STEP][PASSED] - Thread.sleep(2000): null

25-10-2024T00:54:39 - [TEST_STEP][PASSED] - if (verifyTextPresent("Deferred", false)): null

25-10-2024T00:54:40 - [MESSAGE][PASSED] - Text 'Deferred' is present on page 

25-10-2024T00:54:40 - [TEST_STEP][PASSED] - if (verifyTextPresent("Your payment plan has been successfully created", false)): null

25-10-2024T00:54:40 - [MESSAGE][PASSED] - Text 'Your payment plan has been successfully created' is present on page 

25-10-2024T00:54:40 - [TEST_STEP][PASSED] - isRequiredTextPresent = true: null

25-10-2024T00:54:40 - [TEST_STEP][PASSED] - println(isRequiredTextPresent): null

25-10-2024T00:54:40 - [TEST_STEP][PASSED] - if (isRequiredTextPresent): null

25-10-2024T00:54:40 - [TEST_STEP][PASSED] - if (verifyTextPresent("CAN Label:", false)): null

25-10-2024T00:54:40 - [MESSAGE][PASSED] - Text 'CAN Label:' is present on page 

25-10-2024T00:54:40 - [TEST_STEP][PASSED] - isRequiredTextPresent = true: null

25-10-2024T00:54:40 - [TEST_STEP][PASSED] - println(isRequiredTextPresent): null

25-10-2024T00:54:40 - [TEST_STEP][PASSED] - if (isRequiredTextPresent): null

25-10-2024T00:54:40 - [TEST_STEP][PASSED] - if (verifyTextPresent("Remittance ID:", false)): null

25-10-2024T00:54:40 - [MESSAGE][PASSED] - Text 'Remittance ID:' is present on page 

25-10-2024T00:54:40 - [TEST_STEP][PASSED] - isRequiredTextPresent = true: null

25-10-2024T00:54:40 - [TEST_STEP][PASSED] - println(isRequiredTextPresent): null

25-10-2024T00:54:40 - [TEST_STEP][PASSED] - if (isRequiredTextPresent): null

25-10-2024T00:54:40 - [TEST_STEP][PASSED] - if (verifyTextPresent("UDF2 Label:", false)): null

25-10-2024T00:54:41 - [MESSAGE][PASSED] - Text 'UDF2 Label:' is present on page 

25-10-2024T00:54:41 - [TEST_STEP][PASSED] - isRequiredTextPresent = true: null

25-10-2024T00:54:41 - [TEST_STEP][PASSED] - println(isRequiredTextPresent): null

25-10-2024T00:54:41 - [TEST_STEP][PASSED] - if (isRequiredTextPresent): null

25-10-2024T00:54:41 - [TEST_STEP][PASSED] - if (verifyTextPresent("UDF3 Label:", false)): null

25-10-2024T00:54:41 - [MESSAGE][PASSED] - Text 'UDF3 Label:' is present on page 

25-10-2024T00:54:41 - [TEST_STEP][PASSED] - isRequiredTextPresent = true: null

25-10-2024T00:54:41 - [TEST_STEP][PASSED] - println(isRequiredTextPresent): null

25-10-2024T00:54:41 - [TEST_STEP][PASSED] - if (isRequiredTextPresent): null

25-10-2024T00:54:41 - [TEST_STEP][PASSED] - if (verifyTextPresent("UDF4 Label:", false)): null

25-10-2024T00:54:41 - [MESSAGE][PASSED] - Text 'UDF4 Label:' is present on page 

25-10-2024T00:54:41 - [TEST_STEP][PASSED] - isRequiredTextPresent = true: null

25-10-2024T00:54:41 - [TEST_STEP][PASSED] - println(isRequiredTextPresent): null

25-10-2024T00:54:41 - [TEST_STEP][PASSED] - if (isRequiredTextPresent): null

25-10-2024T00:54:41 - [TEST_STEP][PASSED] - if (verifyTextPresent("UDF7 Label:", false)): null

25-10-2024T00:54:41 - [MESSAGE][PASSED] - Text 'UDF7 Label:' is present on page 

25-10-2024T00:54:41 - [TEST_STEP][PASSED] - isRequiredTextPresent = true: null

25-10-2024T00:54:41 - [TEST_STEP][PASSED] - println(isRequiredTextPresent): null

25-10-2024T00:54:41 - [TEST_STEP][PASSED] - if (isRequiredTextPresent): null

25-10-2024T00:54:41 - [TEST_STEP][PASSED] - if (verifyTextPresent("UDF8 Label:", false)): null

25-10-2024T00:54:42 - [MESSAGE][PASSED] - Text 'UDF8 Label:' is present on page 

25-10-2024T00:54:42 - [TEST_STEP][PASSED] - isRequiredTextPresent = true: null

25-10-2024T00:54:42 - [TEST_STEP][PASSED] - println(isRequiredTextPresent): null

25-10-2024T00:54:42 - [TEST_STEP][PASSED] - if (isRequiredTextPresent): null

25-10-2024T00:54:42 - [TEST_STEP][PASSED] - if (verifyTextPresent("UDF9 Label:", false)): null

25-10-2024T00:54:42 - [MESSAGE][PASSED] - Text 'UDF9 Label:' is present on page 

25-10-2024T00:54:42 - [TEST_STEP][PASSED] - isRequiredTextPresent = true: null

25-10-2024T00:54:42 - [TEST_STEP][PASSED] - println(isRequiredTextPresent): null

25-10-2024T00:54:42 - [TEST_STEP][PASSED] - if (isRequiredTextPresent): null

25-10-2024T00:54:42 - [TEST_STEP][PASSED] - if (verifyTextPresent("Transaction Type:", false)): null

25-10-2024T00:54:42 - [MESSAGE][PASSED] - Text 'Transaction Type:' is present on page 

25-10-2024T00:54:42 - [TEST_STEP][PASSED] - isRequiredTextPresent = true: null

25-10-2024T00:54:42 - [TEST_STEP][PASSED] - println(isRequiredTextPresent): null

25-10-2024T00:54:42 - [TEST_STEP][PASSED] - if (isRequiredTextPresent): null

25-10-2024T00:54:42 - [TEST_STEP][PASSED] - if (verifyTextPresent("Amount:", false)): null

25-10-2024T00:54:43 - [MESSAGE][PASSED] - Text 'Amount:' is present on page 

25-10-2024T00:54:43 - [TEST_STEP][PASSED] - isRequiredTextPresent = true: null

25-10-2024T00:54:43 - [TEST_STEP][PASSED] - println(isRequiredTextPresent): null

25-10-2024T00:54:43 - [TEST_STEP][PASSED] - if (isRequiredTextPresent): null

25-10-2024T00:54:43 - [TEST_STEP][PASSED] - if (verifyTextPresent("Check Information:", false)): null

25-10-2024T00:54:43 - [MESSAGE][PASSED] - Text 'Check Information:' is present on page 

25-10-2024T00:54:43 - [TEST_STEP][PASSED] - isRequiredTextPresent = true: null

25-10-2024T00:54:43 - [TEST_STEP][PASSED] - println(isRequiredTextPresent): null

25-10-2024T00:54:43 - [TEST_STEP][PASSED] - if (isRequiredTextPresent): null

25-10-2024T00:54:43 - [TEST_STEP][PASSED] - if (verifyTextPresent("Account Type:", false)): null

25-10-2024T00:54:43 - [MESSAGE][PASSED] - Text 'Account Type:' is present on page 

25-10-2024T00:54:43 - [TEST_STEP][PASSED] - isRequiredTextPresent = true: null

25-10-2024T00:54:43 - [TEST_STEP][PASSED] - println(isRequiredTextPresent): null

25-10-2024T00:54:43 - [TEST_STEP][PASSED] - if (isRequiredTextPresent): null

25-10-2024T00:54:43 - [TEST_STEP][PASSED] - if (verifyTextPresent("Account Number:", false)): null

25-10-2024T00:54:43 - [MESSAGE][PASSED] - Text 'Account Number:' is present on page 

25-10-2024T00:54:43 - [TEST_STEP][PASSED] - isRequiredTextPresent = true: null

25-10-2024T00:54:43 - [TEST_STEP][PASSED] - println(isRequiredTextPresent): null

25-10-2024T00:54:43 - [TEST_STEP][PASSED] - if (isRequiredTextPresent): null

25-10-2024T00:54:43 - [TEST_STEP][PASSED] - if (verifyTextPresent("Routing Number:", false)): null

25-10-2024T00:54:44 - [MESSAGE][PASSED] - Text 'Routing Number:' is present on page 

25-10-2024T00:54:44 - [TEST_STEP][PASSED] - isRequiredTextPresent = true: null

25-10-2024T00:54:44 - [TEST_STEP][PASSED] - println(isRequiredTextPresent): null

25-10-2024T00:54:44 - [TEST_STEP][PASSED] - if (isRequiredTextPresent): null

25-10-2024T00:54:44 - [TEST_STEP][PASSED] - if (verifyTextPresent("Name of Account:", false)): null

25-10-2024T00:54:44 - [MESSAGE][PASSED] - Text 'Name of Account:' is present on page 

25-10-2024T00:54:44 - [TEST_STEP][PASSED] - isRequiredTextPresent = true: null

25-10-2024T00:54:44 - [TEST_STEP][PASSED] - println(isRequiredTextPresent): null

25-10-2024T00:54:44 - [TEST_STEP][PASSED] - if (isRequiredTextPresent): null

25-10-2024T00:54:44 - [TEST_STEP][PASSED] - if (verifyTextPresent("Billing Information:", false)): null

25-10-2024T00:54:44 - [MESSAGE][PASSED] - Text 'Billing Information:' is present on page 

25-10-2024T00:54:44 - [TEST_STEP][PASSED] - isRequiredTextPresent = true: null

25-10-2024T00:54:44 - [TEST_STEP][PASSED] - println(isRequiredTextPresent): null

25-10-2024T00:54:44 - [TEST_STEP][PASSED] - if (isRequiredTextPresent): null

25-10-2024T00:54:44 - [TEST_STEP][PASSED] - if (verifyTextPresent("Address Line 1:", false)): null

25-10-2024T00:54:45 - [MESSAGE][PASSED] - Text 'Address Line 1:' is present on page 

25-10-2024T00:54:45 - [TEST_STEP][PASSED] - isRequiredTextPresent = true: null

25-10-2024T00:54:45 - [TEST_STEP][PASSED] - println(isRequiredTextPresent): null

25-10-2024T00:54:45 - [TEST_STEP][PASSED] - if (isRequiredTextPresent): null

25-10-2024T00:54:45 - [TEST_STEP][PASSED] - if (verifyTextPresent("Address Line 2:", false)): null

25-10-2024T00:54:45 - [MESSAGE][PASSED] - Text 'Address Line 2:' is present on page 

25-10-2024T00:54:45 - [TEST_STEP][PASSED] - isRequiredTextPresent = true: null

25-10-2024T00:54:45 - [TEST_STEP][PASSED] - println(isRequiredTextPresent): null

25-10-2024T00:54:45 - [TEST_STEP][PASSED] - if (isRequiredTextPresent): null

25-10-2024T00:54:45 - [TEST_STEP][PASSED] - if (verifyTextPresent("Country:", false)): null

25-10-2024T00:54:45 - [MESSAGE][PASSED] - Text 'Country:' is present on page 

25-10-2024T00:54:45 - [TEST_STEP][PASSED] - isRequiredTextPresent = true: null

25-10-2024T00:54:45 - [TEST_STEP][PASSED] - println(isRequiredTextPresent): null

25-10-2024T00:54:45 - [TEST_STEP][PASSED] - if (isRequiredTextPresent): null

25-10-2024T00:54:45 - [TEST_STEP][PASSED] - if (verifyTextPresent("City:", false)): null

25-10-2024T00:54:45 - [MESSAGE][PASSED] - Text 'City:' is present on page 

25-10-2024T00:54:45 - [TEST_STEP][PASSED] - isRequiredTextPresent = true: null

25-10-2024T00:54:45 - [TEST_STEP][PASSED] - println(isRequiredTextPresent): null

25-10-2024T00:54:45 - [TEST_STEP][PASSED] - if (isRequiredTextPresent): null

25-10-2024T00:54:45 - [TEST_STEP][PASSED] - if (verifyTextPresent("State:", false)): null

25-10-2024T00:54:46 - [MESSAGE][PASSED] - Text 'State:' is present on page 

25-10-2024T00:54:46 - [TEST_STEP][PASSED] - isRequiredTextPresent = true: null

25-10-2024T00:54:46 - [TEST_STEP][PASSED] - println(isRequiredTextPresent): null

25-10-2024T00:54:46 - [TEST_STEP][PASSED] - if (isRequiredTextPresent): null

25-10-2024T00:54:46 - [TEST_STEP][PASSED] - if (verifyTextPresent("Zip Code:", false)): null

25-10-2024T00:54:46 - [MESSAGE][PASSED] - Text 'Zip Code:' is present on page 

25-10-2024T00:54:46 - [TEST_STEP][PASSED] - isRequiredTextPresent = true: null

25-10-2024T00:54:46 - [TEST_STEP][PASSED] - println(isRequiredTextPresent): null

25-10-2024T00:54:46 - [TEST_STEP][PASSED] - if (isRequiredTextPresent): null

25-10-2024T00:54:46 - [TEST_STEP][PASSED] - if (verifyTextPresent("Plan Information:", false)): null

25-10-2024T00:54:46 - [MESSAGE][PASSED] - Text 'Plan Information:' is present on page 

25-10-2024T00:54:46 - [TEST_STEP][PASSED] - isRequiredTextPresent = true: null

25-10-2024T00:54:46 - [TEST_STEP][PASSED] - println(isRequiredTextPresent): null

25-10-2024T00:54:46 - [TEST_STEP][PASSED] - if (isRequiredTextPresent): null

25-10-2024T00:54:46 - [TEST_STEP][PASSED] - if (verifyTextPresent("Payment Plan Type:", false)): null

25-10-2024T00:54:47 - [MESSAGE][PASSED] - Text 'Payment Plan Type:' is present on page 

25-10-2024T00:54:47 - [TEST_STEP][PASSED] - isRequiredTextPresent = true: null

25-10-2024T00:54:47 - [TEST_STEP][PASSED] - println(isRequiredTextPresent): null

25-10-2024T00:54:47 - [TEST_STEP][PASSED] - if (isRequiredTextPresent): null

25-10-2024T00:54:47 - [TEST_STEP][PASSED] - if (verifyTextPresent("Payment Plan ID:", false)): null

25-10-2024T00:54:47 - [MESSAGE][PASSED] - Text 'Payment Plan ID:' is present on page 

25-10-2024T00:54:47 - [TEST_STEP][PASSED] - isRequiredTextPresent = true: null

25-10-2024T00:54:47 - [TEST_STEP][PASSED] - println(isRequiredTextPresent): null

25-10-2024T00:54:47 - [TEST_STEP][PASSED] - if (isRequiredTextPresent): null

25-10-2024T00:54:47 - [TEST_STEP][PASSED] - if (verifyTextPresent("Payment Date:", false)): null

25-10-2024T00:54:47 - [MESSAGE][PASSED] - Text 'Payment Date:' is present on page 

25-10-2024T00:54:47 - [TEST_STEP][PASSED] - isRequiredTextPresent = true: null

25-10-2024T00:54:47 - [TEST_STEP][PASSED] - println(isRequiredTextPresent): null

25-10-2024T00:54:47 - [TEST_STEP][PASSED] - if (isRequiredTextPresent == true): pages.WriteExcel.demoKey is PASSED

25-10-2024T00:54:47 - [TEST_STEP][PASSED] - println("All the relevant texts are present on Receipt Page"): null

25-10-2024T00:54:47 - [TEST_STEP][PASSED] - markPassed("All the relevant texts are present on Receipt Page"): All the relevant texts are present on Receipt Page

25-10-2024T00:54:47 - [MESSAGE][PASSED] - All the relevant texts are present on Receipt Page

25-10-2024T00:54:47 - [TEST_STEP][PASSED] - resText = "Pass": null

25-10-2024T00:54:47 - [TEST_STEP][PASSED] - pages.WriteExcel.demoKey(resText, datText, resColumn, datCloumn, fileLoc, nameSheet, row): pages.WriteExcel.demoKey is PASSED

25-10-2024T00:54:47 - [MESSAGE][PASSED] - pages.WriteExcel.demoKey is PASSED

25-10-2024T00:54:47 - [TEST_STEP][PASSED] - closeBrowser(): Browser is closed

25-10-2024T00:54:48 - [MESSAGE][PASSED] - Browser is closed

25-10-2024T00:54:48 - [TEST_STEP][PASSED] - ExecuteTC = dataFile.getValue("Execute", row): null

25-10-2024T00:54:48 - [TEST_STEP][PASSED] - out.println("Value of Execute is : " + ExecuteTC): null

25-10-2024T00:54:48 - [TEST_STEP][PASSED] - if (ExecuteTC.equalsIgnoreCase("Y")): null

25-10-2024T00:54:48 - [TEST_STEP][PASSED] - out.println("Begin Record Number: " + row): null

25-10-2024T00:54:48 - [TEST_STEP][PASSED] - today = new java.util.Date(): null

25-10-2024T00:54:48 - [TEST_STEP][PASSED] - println(today): null

25-10-2024T00:54:48 - [TEST_STEP][PASSED] - datText = today: null

25-10-2024T00:54:48 - [TEST_STEP][PASSED] - EmulatorDataKey = dataFile.getValue("EmulatorData", row): null

25-10-2024T00:54:48 - [TEST_STEP][PASSED] - out.println("Value of Emulator Key is : " + EmulatorDataKey): null

25-10-2024T00:54:48 - [TEST_STEP][PASSED] - iwpPages.emulatorIWP30.setDataEmulator_DD(EmulatorDataKey): iwpPages.emulatorIWP30.setDataEmulator_DD is PASSED

25-10-2024T00:54:48 - [MESSAGE][INFO] - Starting 'Edge Chromium' driver

25-10-2024T00:54:48 - [MESSAGE][INFO] - User set preference: ['acceptInsecureCerts', 'true']

25-10-2024T00:54:51 - [MESSAGE][INFO] - Action delay is set to 0 milliseconds

25-10-2024T00:54:54 - [MESSAGE][PASSED] - Browser is opened with url: 'https://qa2.velocitypayment.com/agencyx/config.action?action=editor&message_version=3_0'

25-10-2024T00:54:54 - [MESSAGE][PASSED] - Current window maximized

25-10-2024T00:55:26 - [MESSAGE][INFO] - Unable to find the element located by 'By.xpath: //select[@name='message_version']'. Please recheck the objects properties to make sure the desired element is located. 

25-10-2024T00:55:26 - [MESSAGE][WARNING] - [SELF-HEALING] Failed to find element with id 'Object Repository/IWP30/Page_VRelay30Emulator/MV'. Try using Self-healing.

25-10-2024T00:55:26 - [MESSAGE][WARNING] - [SELF-HEALING] The current locator of test object 'Object Repository/IWP30/Page_VRelay30Emulator/MV' was broken. Propose an alternative one: '(.//*[normalize-space(text()) and normalize-space(.)='Message Version'])[1]/following::select[1]'.

25-10-2024T00:55:26 - [MESSAGE][PASSED] - All options with value '3.0' are selected in object 'Object Repository/IWP30/Page_VRelay30Emulator/MV'  using regular expression

25-10-2024T00:55:27 - [MESSAGE][PASSED] - Text '10.50' is set on object 'Object Repository/IWP30/Page_EmulatorAgencyX/Amount'

25-10-2024T00:55:28 - [MESSAGE][PASSED] - Text 'j3BQ6yWnz7QF' is set on object 'Object Repository/IWP30/Page_EmulatorAgencyX/CAN'

25-10-2024T00:55:28 - [MESSAGE][PASSED] - Text 'PayNow' is set on object 'Object Repository/IWP30/Page_EmulatorAgencyX/Action'

25-10-2024T00:55:29 - [MESSAGE][PASSED] - Text 'en_US' is set on object 'Object Repository/IWP30/Page_EmulatorAgencyX/Lang'

25-10-2024T00:55:29 - [MESSAGE][PASSED] - Text '' is set on object 'Object Repository/IWP30/Page_EmulatorAgencyX/Fname'

25-10-2024T00:55:30 - [MESSAGE][PASSED] - Text '' is set on object 'Object Repository/IWP30/Page_EmulatorAgencyX/Lname'

25-10-2024T00:55:30 - [MESSAGE][PASSED] - Text '' is set on object 'Object Repository/IWP30/Page_EmulatorAgencyX/AL1'

25-10-2024T00:55:31 - [MESSAGE][PASSED] - Text '' is set on object 'Object Repository/IWP30/Page_EmulatorAgencyX/AL2'

25-10-2024T00:55:32 - [MESSAGE][PASSED] - Text '' is set on object 'Object Repository/IWP30/Page_EmulatorAgencyX/Country'

25-10-2024T00:55:32 - [MESSAGE][PASSED] - Text '' is set on object 'Object Repository/IWP30/Page_EmulatorAgencyX/City'

25-10-2024T00:55:33 - [MESSAGE][PASSED] - Text '' is set on object 'Object Repository/IWP30/Page_EmulatorAgencyX/State'

25-10-2024T00:55:33 - [MESSAGE][PASSED] - Text '' is set on object 'Object Repository/IWP30/Page_EmulatorAgencyX/ZIP'

25-10-2024T00:55:34 - [MESSAGE][PASSED] - Text '' is set on object 'Object Repository/IWP30/Page_EmulatorAgencyX/Order'

25-10-2024T00:55:34 - [MESSAGE][PASSED] - Text '' is set on object 'Object Repository/IWP30/Page_EmulatorAgencyX/Company'

25-10-2024T00:55:35 - [MESSAGE][PASSED] - Text '' is set on object 'Object Repository/IWP30/Page_EmulatorAgencyX/Email'

25-10-2024T00:55:36 - [MESSAGE][PASSED] - Text '' is set on object 'Object Repository/IWP30/Page_EmulatorAgencyX/UDF1'

25-10-2024T00:55:36 - [MESSAGE][PASSED] - Text '' is set on object 'Object Repository/IWP30/Page_EmulatorAgencyX/UDF2'

25-10-2024T00:55:37 - [MESSAGE][PASSED] - Text '' is set on object 'Object Repository/IWP30/Page_EmulatorAgencyX/UDF3'

25-10-2024T00:55:37 - [MESSAGE][PASSED] - Text 'udf data 4' is set on object 'Object Repository/IWP30/Page_EmulatorAgencyX/UDF4'

25-10-2024T00:55:38 - [MESSAGE][PASSED] - Text 'udf data 5' is set on object 'Object Repository/IWP30/Page_EmulatorAgencyX/UDF5'

25-10-2024T00:55:39 - [MESSAGE][PASSED] - Text '' is set on object 'Object Repository/IWP30/Page_EmulatorAgencyX/UDF6'

25-10-2024T00:55:39 - [MESSAGE][PASSED] - Text '' is set on object 'Object Repository/IWP30/Page_EmulatorAgencyX/UDF7'

25-10-2024T00:55:40 - [MESSAGE][PASSED] - Text '' is set on object 'Object Repository/IWP30/Page_EmulatorAgencyX/UDF8'

25-10-2024T00:55:40 - [MESSAGE][PASSED] - Text 'udf data 9' is set on object 'Object Repository/IWP30/Page_EmulatorAgencyX/UDF9'

25-10-2024T00:55:41 - [MESSAGE][PASSED] - Text 'udf data 10' is set on object 'Object Repository/IWP30/Page_EmulatorAgencyX/UDF10'

25-10-2024T00:55:42 - [MESSAGE][PASSED] - Object: 'Object Repository/IWP30/Page_EmulatorAgencyX/Submit' is clicked on

25-10-2024T00:55:47 - [MESSAGE][PASSED] - Browser is closed

25-10-2024T00:55:51 - [MESSAGE][PASSED] - iwpPages.emulatorIWP30.setDataEmulator_DD is PASSED

25-10-2024T00:55:51 - [TEST_STEP][PASSED] - testHarnessURL = urlTestHarness: null

25-10-2024T00:55:51 - [TEST_STEP][PASSED] - openBrowser(testHarnessURL): Browser is opened with url: 'https://dev-algorithm.govolution.com/vrelaytest/QA2/version_2_2/vrelaytest.html'

25-10-2024T00:55:51 - [MESSAGE][INFO] - Starting 'Edge Chromium' driver

25-10-2024T00:55:51 - [MESSAGE][INFO] - User set preference: ['acceptInsecureCerts', 'true']

25-10-2024T00:55:53 - [MESSAGE][INFO] - Action delay is set to 0 milliseconds

25-10-2024T00:55:56 - [MESSAGE][PASSED] - Browser is opened with url: 'https://dev-algorithm.govolution.com/vrelaytest/QA2/version_2_2/vrelaytest.html'

25-10-2024T00:55:56 - [TEST_STEP][PASSED] - maximizeWindow(): Current window maximized

25-10-2024T00:55:56 - [MESSAGE][PASSED] - Current window maximized

25-10-2024T00:55:56 - [TEST_STEP][PASSED] - iwpPages.TestHarnessPage.setDataMethodEF(row, dataFile): iwpPages.TestHarnessPage.setDataMethodEF is PASSED

25-10-2024T00:55:56 - [MESSAGE][PASSED] - Object 'Object Repository/IWP30/Page_QATestHarness/RemittanceID' is present

25-10-2024T00:55:57 - [MESSAGE][PASSED] - Text '649' is set on object 'Object Repository/IWP30/Page_QATestHarness/ApplicationID'

25-10-2024T00:55:58 - [MESSAGE][PASSED] - Text '3.0' is set on object 'Object Repository/IWP30/Page_QATestHarness/MessageVersion'

25-10-2024T00:55:58 - [MESSAGE][PASSED] - Text 'HWbIQDusUfpX' is set on object 'Object Repository/IWP30/Page_QATestHarness/RemittanceID'

25-10-2024T00:56:02 - [MESSAGE][PASSED] - Object: 'Object Repository/IWP30/Page_QATestHarness/SubmitButton' is clicked on

25-10-2024T00:56:02 - [MESSAGE][PASSED] - iwpPages.TestHarnessPage.setDataMethodEF is PASSED

25-10-2024T00:56:02 - [TEST_STEP][PASSED] - click(findTestObject("Object Repository/IWP30/Page_SelectPaymentMethod/PayByPersonalCheck")): Object: 'Object Repository/IWP30/Page_SelectPaymentMethod/PayByPersonalCheck' is clicked on

25-10-2024T00:56:02 - [MESSAGE][PASSED] - Object: 'Object Repository/IWP30/Page_SelectPaymentMethod/PayByPersonalCheck' is clicked on

25-10-2024T00:56:02 - [TEST_STEP][PASSED] - click(findTestObject("Object Repository/IWP30/Page_SelectPaymentMethod/MakePaymentButton")): Object: 'Object Repository/IWP30/Page_SelectPaymentMethod/MakePaymentButton' is clicked on

25-10-2024T00:56:05 - [MESSAGE][PASSED] - Object: 'Object Repository/IWP30/Page_SelectPaymentMethod/MakePaymentButton' is clicked on

25-10-2024T00:56:05 - [TEST_STEP][PASSED] - iwpPages.achPersonalPaymentEntryPage.setDataACHPPM(row, dataFile): iwpPages.achPersonalPaymentEntryPage.setDataACHPPM is PASSED

25-10-2024T00:56:05 - [MESSAGE][PASSED] - Object 'Object Repository/IWP30/Page_ACHPersonalPaymentEntry/txt_accountNumber' is present

25-10-2024T00:56:06 - [MESSAGE][PASSED] - Text '10.50' is set on object 'Object Repository/IWP30/Page_ACHPersonalPaymentEntry/txt_Amount'

25-10-2024T00:56:06 - [MESSAGE][PASSED] - Object 'Object Repository/IWP30/Page_ACHPersonalPaymentEntry/txt_UDF2' is present

25-10-2024T00:56:07 - [MESSAGE][PASSED] - Text 'udf data 2' is set on object 'Object Repository/IWP30/Page_ACHPersonalPaymentEntry/txt_UDF2'

25-10-2024T00:56:07 - [MESSAGE][PASSED] - Text 'udf data 3' is set on object 'Object Repository/IWP30/Page_ACHPersonalPaymentEntry/txt_UDF3'

25-10-2024T00:56:08 - [MESSAGE][PASSED] - All options with label 'Orange' are selected in object 'Object Repository/IWP30/Page_ACHPersonalPaymentEntry/dd_UDF7' 

25-10-2024T00:56:08 - [MESSAGE][PASSED] - All options with label 'Soccer' are selected in object 'Object Repository/IWP30/Page_ACHPersonalPaymentEntry/dd_UDF8' 

25-10-2024T00:56:08 - [MESSAGE][PASSED] - Object 'Object Repository/IWP30/Page_ACHPersonalPaymentEntry/txt_Firstname' is present

25-10-2024T00:56:09 - [MESSAGE][PASSED] - Text 'Elizath' is set on object 'Object Repository/IWP30/Page_ACHPersonalPaymentEntry/txt_Firstname'

25-10-2024T00:56:09 - [MESSAGE][PASSED] - Object 'Object Repository/IWP30/Page_ACHPersonalPaymentEntry/txt_Lastname' is present

25-10-2024T00:56:10 - [MESSAGE][PASSED] - Text 'Christine' is set on object 'Object Repository/IWP30/Page_ACHPersonalPaymentEntry/txt_Lastname'

25-10-2024T00:56:10 - [MESSAGE][PASSED] - Object 'Object Repository/IWP30/Page_ACHPersonalPaymentEntry/txt_routingNumber' is present

25-10-2024T00:56:11 - [MESSAGE][PASSED] - Text '256072691' is set on object 'Object Repository/IWP30/Page_ACHPersonalPaymentEntry/txt_routingNumber'

25-10-2024T00:56:11 - [MESSAGE][PASSED] - Object 'Object Repository/IWP30/Page_ACHPersonalPaymentEntry/txt_accountNumber' is present

25-10-2024T00:56:12 - [MESSAGE][PASSED] - Text '12344444' is set on object 'Object Repository/IWP30/Page_ACHPersonalPaymentEntry/txt_accountNumber'

25-10-2024T00:56:12 - [MESSAGE][PASSED] - Object 'Object Repository/IWP30/Page_ACHPersonalPaymentEntry/txt_confirmAccountNumber' is present

25-10-2024T00:56:13 - [MESSAGE][PASSED] - Text '12344444' is set on object 'Object Repository/IWP30/Page_ACHPersonalPaymentEntry/txt_confirmAccountNumber'

25-10-2024T00:56:13 - [MESSAGE][PASSED] - Object 'Object Repository/IWP30/Page_ACHPersonalPaymentEntry/rd_accountType' is present

25-10-2024T00:56:13 - [MESSAGE][PASSED] - Modify property of object successfully

25-10-2024T00:56:13 - [MESSAGE][PASSED] - Object: 'Object Repository/IWP30/Page_ACHPersonalPaymentEntry/rd_accountType' is clicked on

25-10-2024T00:56:13 - [MESSAGE][PASSED] - Execute JavaScript '
				   document.getElementById('processDate').value = '08/09/2025'
				  ' successfully

25-10-2024T00:56:14 - [MESSAGE][PASSED] - Text '365 Main Avenue' is set on object 'Object Repository/IWP30/Page_ACHPersonalPaymentEntry/txt_AL1'

25-10-2024T00:56:15 - [MESSAGE][PASSED] - Text 'Ohio' is set on object 'Object Repository/IWP30/Page_ACHPersonalPaymentEntry/txt_AL2'

25-10-2024T00:56:15 - [MESSAGE][PASSED] - Text '22201' is set on object 'Object Repository/IWP30/Page_ACHPersonalPaymentEntry/txt_ZIP'

25-10-2024T00:56:15 - [MESSAGE][PASSED] - Object 'Object Repository/IWP30/Page_ACHPersonalPaymentEntry/txt_Email' is present

25-10-2024T00:56:16 - [MESSAGE][PASSED] - Text 'iahmed@govolution.com' is set on object 'Object Repository/IWP30/Page_ACHPersonalPaymentEntry/txt_Email'

25-10-2024T00:56:17 - [MESSAGE][PASSED] - Object 'Object Repository/IWP30/Page_ACHPersonalPaymentEntry/cb_TermsAndCond' is present

25-10-2024T00:56:17 - [MESSAGE][PASSED] - Object: 'Object Repository/IWP30/Page_ACHPersonalPaymentEntry/cb_TermsAndCond' is clicked on

25-10-2024T00:56:17 - [MESSAGE][PASSED] - Object 'Object Repository/IWP30/Page_ACHPersonalPaymentEntry/btn_Continue' is present

25-10-2024T00:56:18 - [MESSAGE][PASSED] - Object: 'Object Repository/IWP30/Page_ACHPersonalPaymentEntry/btn_Continue' is clicked on

25-10-2024T00:56:18 - [MESSAGE][PASSED] - iwpPages.achPersonalPaymentEntryPage.setDataACHPPM is PASSED

25-10-2024T00:56:18 - [TEST_STEP][PASSED] - click(findTestObject("Object Repository/IWP30/Page_Confirmation/ConfirmButton")): Object: 'Object Repository/IWP30/Page_Confirmation/ConfirmButton' is clicked on

25-10-2024T00:56:50 - [MESSAGE][INFO] - Unable to find the element located by 'By.xpath: //*[@type = 'submit' and @name = 'confirmNotifyAction' and @id = 'submitYes' and @value = 'Confirm']'. Please recheck the objects properties to make sure the desired element is located. 

25-10-2024T00:56:50 - [MESSAGE][WARNING] - [SELF-HEALING] Failed to find element with id 'Object Repository/IWP30/Page_Confirmation/ConfirmButton'. Try using Self-healing.

25-10-2024T00:56:50 - [MESSAGE][WARNING] - [SELF-HEALING] The current locator of test object 'Object Repository/IWP30/Page_Confirmation/ConfirmButton' was broken. Propose an alternative one: '//div/input'.

25-10-2024T00:56:52 - [MESSAGE][PASSED] - Object: 'Object Repository/IWP30/Page_Confirmation/ConfirmButton' is clicked on

25-10-2024T00:56:52 - [TEST_STEP][PASSED] - Thread.sleep(2000): null

25-10-2024T00:56:54 - [TEST_STEP][PASSED] - if (verifyTextPresent("Deferred", false)): null

25-10-2024T00:56:54 - [MESSAGE][PASSED] - Text 'Deferred' is present on page 

25-10-2024T00:56:54 - [TEST_STEP][PASSED] - if (verifyTextPresent("Your payment plan has been successfully created", false)): null

25-10-2024T00:56:54 - [MESSAGE][PASSED] - Text 'Your payment plan has been successfully created' is present on page 

25-10-2024T00:56:54 - [TEST_STEP][PASSED] - isRequiredTextPresent = true: null

25-10-2024T00:56:54 - [TEST_STEP][PASSED] - println(isRequiredTextPresent): null

25-10-2024T00:56:54 - [TEST_STEP][PASSED] - if (isRequiredTextPresent): null

25-10-2024T00:56:54 - [TEST_STEP][PASSED] - if (verifyTextPresent("CAN Label:", false)): null

25-10-2024T00:56:55 - [MESSAGE][PASSED] - Text 'CAN Label:' is present on page 

25-10-2024T00:56:55 - [TEST_STEP][PASSED] - isRequiredTextPresent = true: null

25-10-2024T00:56:55 - [TEST_STEP][PASSED] - println(isRequiredTextPresent): null

25-10-2024T00:56:55 - [TEST_STEP][PASSED] - if (isRequiredTextPresent): null

25-10-2024T00:56:55 - [TEST_STEP][PASSED] - if (verifyTextPresent("Remittance ID:", false)): null

25-10-2024T00:56:55 - [MESSAGE][PASSED] - Text 'Remittance ID:' is present on page 

25-10-2024T00:56:55 - [TEST_STEP][PASSED] - isRequiredTextPresent = true: null

25-10-2024T00:56:55 - [TEST_STEP][PASSED] - println(isRequiredTextPresent): null

25-10-2024T00:56:55 - [TEST_STEP][PASSED] - if (isRequiredTextPresent): null

25-10-2024T00:56:55 - [TEST_STEP][PASSED] - if (verifyTextPresent("UDF2 Label:", false)): null

25-10-2024T00:56:55 - [MESSAGE][PASSED] - Text 'UDF2 Label:' is present on page 

25-10-2024T00:56:55 - [TEST_STEP][PASSED] - isRequiredTextPresent = true: null

25-10-2024T00:56:55 - [TEST_STEP][PASSED] - println(isRequiredTextPresent): null

25-10-2024T00:56:55 - [TEST_STEP][PASSED] - if (isRequiredTextPresent): null

25-10-2024T00:56:55 - [TEST_STEP][PASSED] - if (verifyTextPresent("UDF3 Label:", false)): null

25-10-2024T00:56:55 - [MESSAGE][PASSED] - Text 'UDF3 Label:' is present on page 

25-10-2024T00:56:55 - [TEST_STEP][PASSED] - isRequiredTextPresent = true: null

25-10-2024T00:56:55 - [TEST_STEP][PASSED] - println(isRequiredTextPresent): null

25-10-2024T00:56:55 - [TEST_STEP][PASSED] - if (isRequiredTextPresent): null

25-10-2024T00:56:55 - [TEST_STEP][PASSED] - if (verifyTextPresent("UDF4 Label:", false)): null

25-10-2024T00:56:56 - [MESSAGE][PASSED] - Text 'UDF4 Label:' is present on page 

25-10-2024T00:56:56 - [TEST_STEP][PASSED] - isRequiredTextPresent = true: null

25-10-2024T00:56:56 - [TEST_STEP][PASSED] - println(isRequiredTextPresent): null

25-10-2024T00:56:56 - [TEST_STEP][PASSED] - if (isRequiredTextPresent): null

25-10-2024T00:56:56 - [TEST_STEP][PASSED] - if (verifyTextPresent("UDF7 Label:", false)): null

25-10-2024T00:56:56 - [MESSAGE][PASSED] - Text 'UDF7 Label:' is present on page 

25-10-2024T00:56:56 - [TEST_STEP][PASSED] - isRequiredTextPresent = true: null

25-10-2024T00:56:56 - [TEST_STEP][PASSED] - println(isRequiredTextPresent): null

25-10-2024T00:56:56 - [TEST_STEP][PASSED] - if (isRequiredTextPresent): null

25-10-2024T00:56:56 - [TEST_STEP][PASSED] - if (verifyTextPresent("UDF8 Label:", false)): null

25-10-2024T00:56:56 - [MESSAGE][PASSED] - Text 'UDF8 Label:' is present on page 

25-10-2024T00:56:56 - [TEST_STEP][PASSED] - isRequiredTextPresent = true: null

25-10-2024T00:56:56 - [TEST_STEP][PASSED] - println(isRequiredTextPresent): null

25-10-2024T00:56:56 - [TEST_STEP][PASSED] - if (isRequiredTextPresent): null

25-10-2024T00:56:56 - [TEST_STEP][PASSED] - if (verifyTextPresent("UDF9 Label:", false)): null

25-10-2024T00:56:57 - [MESSAGE][PASSED] - Text 'UDF9 Label:' is present on page 

25-10-2024T00:56:57 - [TEST_STEP][PASSED] - isRequiredTextPresent = true: null

25-10-2024T00:56:57 - [TEST_STEP][PASSED] - println(isRequiredTextPresent): null

25-10-2024T00:56:57 - [TEST_STEP][PASSED] - if (isRequiredTextPresent): null

25-10-2024T00:56:57 - [TEST_STEP][PASSED] - if (verifyTextPresent("Transaction Type:", false)): null

25-10-2024T00:56:57 - [MESSAGE][PASSED] - Text 'Transaction Type:' is present on page 

25-10-2024T00:56:57 - [TEST_STEP][PASSED] - isRequiredTextPresent = true: null

25-10-2024T00:56:57 - [TEST_STEP][PASSED] - println(isRequiredTextPresent): null

25-10-2024T00:56:57 - [TEST_STEP][PASSED] - if (isRequiredTextPresent): null

25-10-2024T00:56:57 - [TEST_STEP][PASSED] - if (verifyTextPresent("Amount:", false)): null

25-10-2024T00:56:57 - [MESSAGE][PASSED] - Text 'Amount:' is present on page 

25-10-2024T00:56:57 - [TEST_STEP][PASSED] - isRequiredTextPresent = true: null

25-10-2024T00:56:57 - [TEST_STEP][PASSED] - println(isRequiredTextPresent): null

25-10-2024T00:56:57 - [TEST_STEP][PASSED] - if (isRequiredTextPresent): null

25-10-2024T00:56:57 - [TEST_STEP][PASSED] - if (verifyTextPresent("Check Information:", false)): null

25-10-2024T00:56:57 - [MESSAGE][PASSED] - Text 'Check Information:' is present on page 

25-10-2024T00:56:57 - [TEST_STEP][PASSED] - isRequiredTextPresent = true: null

25-10-2024T00:56:57 - [TEST_STEP][PASSED] - println(isRequiredTextPresent): null

25-10-2024T00:56:57 - [TEST_STEP][PASSED] - if (isRequiredTextPresent): null

25-10-2024T00:56:57 - [TEST_STEP][PASSED] - if (verifyTextPresent("Account Type:", false)): null

25-10-2024T00:56:58 - [MESSAGE][PASSED] - Text 'Account Type:' is present on page 

25-10-2024T00:56:58 - [TEST_STEP][PASSED] - isRequiredTextPresent = true: null

25-10-2024T00:56:58 - [TEST_STEP][PASSED] - println(isRequiredTextPresent): null

25-10-2024T00:56:58 - [TEST_STEP][PASSED] - if (isRequiredTextPresent): null

25-10-2024T00:56:58 - [TEST_STEP][PASSED] - if (verifyTextPresent("Account Number:", false)): null

25-10-2024T00:56:58 - [MESSAGE][PASSED] - Text 'Account Number:' is present on page 

25-10-2024T00:56:58 - [TEST_STEP][PASSED] - isRequiredTextPresent = true: null

25-10-2024T00:56:58 - [TEST_STEP][PASSED] - println(isRequiredTextPresent): null

25-10-2024T00:56:58 - [TEST_STEP][PASSED] - if (isRequiredTextPresent): null

25-10-2024T00:56:58 - [TEST_STEP][PASSED] - if (verifyTextPresent("Routing Number:", false)): null

25-10-2024T00:56:58 - [MESSAGE][PASSED] - Text 'Routing Number:' is present on page 

25-10-2024T00:56:58 - [TEST_STEP][PASSED] - isRequiredTextPresent = true: null

25-10-2024T00:56:58 - [TEST_STEP][PASSED] - println(isRequiredTextPresent): null

25-10-2024T00:56:58 - [TEST_STEP][PASSED] - if (isRequiredTextPresent): null

25-10-2024T00:56:58 - [TEST_STEP][PASSED] - if (verifyTextPresent("Name of Account:", false)): null

25-10-2024T00:56:58 - [MESSAGE][PASSED] - Text 'Name of Account:' is present on page 

25-10-2024T00:56:58 - [TEST_STEP][PASSED] - isRequiredTextPresent = true: null

25-10-2024T00:56:58 - [TEST_STEP][PASSED] - println(isRequiredTextPresent): null

25-10-2024T00:56:58 - [TEST_STEP][PASSED] - if (isRequiredTextPresent): null

25-10-2024T00:56:58 - [TEST_STEP][PASSED] - if (verifyTextPresent("Billing Information:", false)): null

25-10-2024T00:56:59 - [MESSAGE][PASSED] - Text 'Billing Information:' is present on page 

25-10-2024T00:56:59 - [TEST_STEP][PASSED] - isRequiredTextPresent = true: null

25-10-2024T00:56:59 - [TEST_STEP][PASSED] - println(isRequiredTextPresent): null

25-10-2024T00:56:59 - [TEST_STEP][PASSED] - if (isRequiredTextPresent): null

25-10-2024T00:56:59 - [TEST_STEP][PASSED] - if (verifyTextPresent("Address Line 1:", false)): null

25-10-2024T00:56:59 - [MESSAGE][PASSED] - Text 'Address Line 1:' is present on page 

25-10-2024T00:56:59 - [TEST_STEP][PASSED] - isRequiredTextPresent = true: null

25-10-2024T00:56:59 - [TEST_STEP][PASSED] - println(isRequiredTextPresent): null

25-10-2024T00:56:59 - [TEST_STEP][PASSED] - if (isRequiredTextPresent): null

25-10-2024T00:56:59 - [TEST_STEP][PASSED] - if (verifyTextPresent("Address Line 2:", false)): null

25-10-2024T00:56:59 - [MESSAGE][PASSED] - Text 'Address Line 2:' is present on page 

25-10-2024T00:56:59 - [TEST_STEP][PASSED] - isRequiredTextPresent = true: null

25-10-2024T00:56:59 - [TEST_STEP][PASSED] - println(isRequiredTextPresent): null

25-10-2024T00:56:59 - [TEST_STEP][PASSED] - if (isRequiredTextPresent): null

25-10-2024T00:56:59 - [TEST_STEP][PASSED] - if (verifyTextPresent("Country:", false)): null

25-10-2024T00:57:00 - [MESSAGE][PASSED] - Text 'Country:' is present on page 

25-10-2024T00:57:00 - [TEST_STEP][PASSED] - isRequiredTextPresent = true: null

25-10-2024T00:57:00 - [TEST_STEP][PASSED] - println(isRequiredTextPresent): null

25-10-2024T00:57:00 - [TEST_STEP][PASSED] - if (isRequiredTextPresent): null

25-10-2024T00:57:00 - [TEST_STEP][PASSED] - if (verifyTextPresent("City:", false)): null

25-10-2024T00:57:00 - [MESSAGE][PASSED] - Text 'City:' is present on page 

25-10-2024T00:57:00 - [TEST_STEP][PASSED] - isRequiredTextPresent = true: null

25-10-2024T00:57:00 - [TEST_STEP][PASSED] - println(isRequiredTextPresent): null

25-10-2024T00:57:00 - [TEST_STEP][PASSED] - if (isRequiredTextPresent): null

25-10-2024T00:57:00 - [TEST_STEP][PASSED] - if (verifyTextPresent("State:", false)): null

25-10-2024T00:57:00 - [MESSAGE][PASSED] - Text 'State:' is present on page 

25-10-2024T00:57:00 - [TEST_STEP][PASSED] - isRequiredTextPresent = true: null

25-10-2024T00:57:00 - [TEST_STEP][PASSED] - println(isRequiredTextPresent): null

25-10-2024T00:57:00 - [TEST_STEP][PASSED] - if (isRequiredTextPresent): null

25-10-2024T00:57:00 - [TEST_STEP][PASSED] - if (verifyTextPresent("Zip Code:", false)): null

25-10-2024T00:57:00 - [MESSAGE][PASSED] - Text 'Zip Code:' is present on page 

25-10-2024T00:57:00 - [TEST_STEP][PASSED] - isRequiredTextPresent = true: null

25-10-2024T00:57:00 - [TEST_STEP][PASSED] - println(isRequiredTextPresent): null

25-10-2024T00:57:00 - [TEST_STEP][PASSED] - if (isRequiredTextPresent): null

25-10-2024T00:57:00 - [TEST_STEP][PASSED] - if (verifyTextPresent("Plan Information:", false)): null

25-10-2024T00:57:01 - [MESSAGE][PASSED] - Text 'Plan Information:' is present on page 

25-10-2024T00:57:01 - [TEST_STEP][PASSED] - isRequiredTextPresent = true: null

25-10-2024T00:57:01 - [TEST_STEP][PASSED] - println(isRequiredTextPresent): null

25-10-2024T00:57:01 - [TEST_STEP][PASSED] - if (isRequiredTextPresent): null

25-10-2024T00:57:01 - [TEST_STEP][PASSED] - if (verifyTextPresent("Payment Plan Type:", false)): null

25-10-2024T00:57:01 - [MESSAGE][PASSED] - Text 'Payment Plan Type:' is present on page 

25-10-2024T00:57:01 - [TEST_STEP][PASSED] - isRequiredTextPresent = true: null

25-10-2024T00:57:01 - [TEST_STEP][PASSED] - println(isRequiredTextPresent): null

25-10-2024T00:57:01 - [TEST_STEP][PASSED] - if (isRequiredTextPresent): null

25-10-2024T00:57:01 - [TEST_STEP][PASSED] - if (verifyTextPresent("Payment Plan ID:", false)): null

25-10-2024T00:57:01 - [MESSAGE][PASSED] - Text 'Payment Plan ID:' is present on page 

25-10-2024T00:57:01 - [TEST_STEP][PASSED] - isRequiredTextPresent = true: null

25-10-2024T00:57:01 - [TEST_STEP][PASSED] - println(isRequiredTextPresent): null

25-10-2024T00:57:01 - [TEST_STEP][PASSED] - if (isRequiredTextPresent): null

25-10-2024T00:57:01 - [TEST_STEP][PASSED] - if (verifyTextPresent("Payment Date:", false)): null

25-10-2024T00:57:02 - [MESSAGE][PASSED] - Text 'Payment Date:' is present on page 

25-10-2024T00:57:02 - [TEST_STEP][PASSED] - isRequiredTextPresent = true: null

25-10-2024T00:57:02 - [TEST_STEP][PASSED] - println(isRequiredTextPresent): null

25-10-2024T00:57:02 - [TEST_STEP][PASSED] - if (isRequiredTextPresent == true): pages.WriteExcel.demoKey is PASSED

25-10-2024T00:57:02 - [TEST_STEP][PASSED] - println("All the relevant texts are present on Receipt Page"): null

25-10-2024T00:57:02 - [TEST_STEP][PASSED] - markPassed("All the relevant texts are present on Receipt Page"): All the relevant texts are present on Receipt Page

25-10-2024T00:57:02 - [MESSAGE][PASSED] - All the relevant texts are present on Receipt Page

25-10-2024T00:57:02 - [TEST_STEP][PASSED] - resText = "Pass": null

25-10-2024T00:57:02 - [TEST_STEP][PASSED] - pages.WriteExcel.demoKey(resText, datText, resColumn, datCloumn, fileLoc, nameSheet, row): pages.WriteExcel.demoKey is PASSED

25-10-2024T00:57:02 - [MESSAGE][PASSED] - pages.WriteExcel.demoKey is PASSED

25-10-2024T00:57:02 - [TEST_STEP][PASSED] - closeBrowser(): Browser is closed

25-10-2024T00:57:02 - [MESSAGE][PASSED] - Browser is closed]]></system-out>
         <system-err><![CDATA[]]></system-err>
      </testcase>
      <testcase name="Test Cases/IntegratedWeb/IWP25/Payments/VerifyCreateReceiptLabelsDeferredPS" time="243.237" classname="Test Cases/IntegratedWeb/IWP25/Payments/VerifyCreateReceiptLabelsDeferredPS" status="PASSED">
         <system-out><![CDATA[25-10-2024T00:57:02 - [TEST_CASE][PASSED] - Test Cases/IntegratedWeb/IWP25/Payments/VerifyCreateReceiptLabelsDeferredPS: Test Cases/IntegratedWeb/IWP25/Payments/VerifyCreateReceiptLabelsDeferredPS

25-10-2024T00:57:03 - [TEST_STEP][PASSED] - resText = "Fail": null

25-10-2024T00:57:03 - [TEST_STEP][PASSED] - resColumn = "Result": null

25-10-2024T00:57:03 - [TEST_STEP][PASSED] - datCloumn = "Date": null

25-10-2024T00:57:03 - [TEST_STEP][PASSED] - fileLoc = "KatalonData/IWPTestData/VRelay25PaymentsExtension.xlsx": null

25-10-2024T00:57:03 - [TEST_STEP][PASSED] - numOfRows = <not implemented yet for class: org.codehaus.groovy.ast.expr.EmptyExpression>: null

25-10-2024T00:57:03 - [TEST_STEP][PASSED] - dataFile = <not implemented yet for class: org.codehaus.groovy.ast.expr.EmptyExpression>: null

25-10-2024T00:57:03 - [TEST_STEP][PASSED] - nameSheet = <not implemented yet for class: org.codehaus.groovy.ast.expr.EmptyExpression>: null

25-10-2024T00:57:03 - [TEST_STEP][PASSED] - dataFileEmulator = <not implemented yet for class: org.codehaus.groovy.ast.expr.EmptyExpression>: null

25-10-2024T00:57:03 - [TEST_STEP][PASSED] - isRequiredTextPresent = false: null

25-10-2024T00:57:03 - [TEST_STEP][PASSED] - nameSheet = "VerifyCreateLabelDeferredPS": null

25-10-2024T00:57:03 - [TEST_STEP][PASSED] - dataFile = getExcelDataWithDefaultSheet("KatalonData/IWPTestData/VRelay25PaymentsExtension.xlsx", nameSheet, true): null

25-10-2024T00:57:03 - [TEST_STEP][PASSED] - dataFileEmulator = "IWPTestData/EmulatorData": null

25-10-2024T00:57:03 - [TEST_STEP][PASSED] - numOfRows = dataFile.getRowNumbers(): null

25-10-2024T00:57:03 - [TEST_STEP][PASSED] - println("Number of Records: " + numOfRows): null

25-10-2024T00:57:03 - [TEST_STEP][PASSED] - for ([row = 1, row <= numOfRows, (row++)]): Browser is closed

25-10-2024T00:57:03 - [TEST_STEP][PASSED] - ExecuteTC = dataFile.getValue("Execute", row): null

25-10-2024T00:57:03 - [TEST_STEP][PASSED] - out.println("Value of Execute is : " + ExecuteTC): null

25-10-2024T00:57:03 - [TEST_STEP][PASSED] - if (ExecuteTC.equalsIgnoreCase("Y")): null

25-10-2024T00:57:03 - [TEST_STEP][PASSED] - out.println("Begin Record Number: " + row): null

25-10-2024T00:57:03 - [TEST_STEP][PASSED] - today = new java.util.Date(): null

25-10-2024T00:57:03 - [TEST_STEP][PASSED] - println(today): null

25-10-2024T00:57:03 - [TEST_STEP][PASSED] - datText = today: null

25-10-2024T00:57:03 - [TEST_STEP][PASSED] - EmulatorDataKey = dataFile.getValue("EmulatorData", row): null

25-10-2024T00:57:03 - [TEST_STEP][PASSED] - out.println("Value of Emulator Key is : " + EmulatorDataKey): null

25-10-2024T00:57:03 - [TEST_STEP][PASSED] - iwpPages.emulatorIWP30.setDataEmulator_DD(EmulatorDataKey): iwpPages.emulatorIWP30.setDataEmulator_DD is PASSED

25-10-2024T00:57:03 - [MESSAGE][INFO] - Starting 'Edge Chromium' driver

25-10-2024T00:57:03 - [MESSAGE][INFO] - User set preference: ['acceptInsecureCerts', 'true']

25-10-2024T00:57:05 - [MESSAGE][INFO] - Action delay is set to 0 milliseconds

25-10-2024T00:57:09 - [MESSAGE][PASSED] - Browser is opened with url: 'https://qa2.velocitypayment.com/agencyx/config.action?action=editor&message_version=2_5'

25-10-2024T00:57:09 - [MESSAGE][PASSED] - Current window maximized

25-10-2024T00:57:40 - [MESSAGE][INFO] - Unable to find the element located by 'By.xpath: //select[@name='message_version']'. Please recheck the objects properties to make sure the desired element is located. 

25-10-2024T00:57:40 - [MESSAGE][WARNING] - [SELF-HEALING] Failed to find element with id 'Object Repository/IWP30/Page_VRelay30Emulator/MV'. Try using Self-healing.

25-10-2024T00:57:41 - [MESSAGE][WARNING] - [SELF-HEALING] The current locator of test object 'Object Repository/IWP30/Page_VRelay30Emulator/MV' was broken. Propose an alternative one: '(.//*[normalize-space(text()) and normalize-space(.)='Message Version'])[1]/following::select[1]'.

25-10-2024T00:57:41 - [MESSAGE][PASSED] - All options with value '2.5' are selected in object 'Object Repository/IWP30/Page_VRelay30Emulator/MV'  using regular expression

25-10-2024T00:57:42 - [MESSAGE][PASSED] - Text '10.50' is set on object 'Object Repository/IWP30/Page_EmulatorAgencyX/Amount'

25-10-2024T00:57:42 - [MESSAGE][PASSED] - Text 'cPHVQw321AfY' is set on object 'Object Repository/IWP30/Page_EmulatorAgencyX/CAN'

25-10-2024T00:57:43 - [MESSAGE][PASSED] - Text 'PayNow' is set on object 'Object Repository/IWP30/Page_EmulatorAgencyX/Action'

25-10-2024T00:57:44 - [MESSAGE][PASSED] - Text 'en_US' is set on object 'Object Repository/IWP30/Page_EmulatorAgencyX/Lang'

25-10-2024T00:57:44 - [MESSAGE][PASSED] - Text '' is set on object 'Object Repository/IWP30/Page_EmulatorAgencyX/Fname'

25-10-2024T00:57:45 - [MESSAGE][PASSED] - Text '' is set on object 'Object Repository/IWP30/Page_EmulatorAgencyX/Lname'

25-10-2024T00:57:45 - [MESSAGE][PASSED] - Text '' is set on object 'Object Repository/IWP30/Page_EmulatorAgencyX/AL1'

25-10-2024T00:57:46 - [MESSAGE][PASSED] - Text '' is set on object 'Object Repository/IWP30/Page_EmulatorAgencyX/AL2'

25-10-2024T00:57:46 - [MESSAGE][PASSED] - Text '' is set on object 'Object Repository/IWP30/Page_EmulatorAgencyX/Country'

25-10-2024T00:57:47 - [MESSAGE][PASSED] - Text '' is set on object 'Object Repository/IWP30/Page_EmulatorAgencyX/City'

25-10-2024T00:57:48 - [MESSAGE][PASSED] - Text '' is set on object 'Object Repository/IWP30/Page_EmulatorAgencyX/State'

25-10-2024T00:57:48 - [MESSAGE][PASSED] - Text '' is set on object 'Object Repository/IWP30/Page_EmulatorAgencyX/ZIP'

25-10-2024T00:57:49 - [MESSAGE][PASSED] - Text '' is set on object 'Object Repository/IWP30/Page_EmulatorAgencyX/Order'

25-10-2024T00:57:49 - [MESSAGE][PASSED] - Text '' is set on object 'Object Repository/IWP30/Page_EmulatorAgencyX/Company'

25-10-2024T00:57:50 - [MESSAGE][PASSED] - Text '' is set on object 'Object Repository/IWP30/Page_EmulatorAgencyX/Email'

25-10-2024T00:57:51 - [MESSAGE][PASSED] - Text '' is set on object 'Object Repository/IWP30/Page_EmulatorAgencyX/UDF1'

25-10-2024T00:57:51 - [MESSAGE][PASSED] - Text '' is set on object 'Object Repository/IWP30/Page_EmulatorAgencyX/UDF2'

25-10-2024T00:57:52 - [MESSAGE][PASSED] - Text '' is set on object 'Object Repository/IWP30/Page_EmulatorAgencyX/UDF3'

25-10-2024T00:57:52 - [MESSAGE][PASSED] - Text 'udf data 4' is set on object 'Object Repository/IWP30/Page_EmulatorAgencyX/UDF4'

25-10-2024T00:57:53 - [MESSAGE][PASSED] - Text 'udf data 5' is set on object 'Object Repository/IWP30/Page_EmulatorAgencyX/UDF5'

25-10-2024T00:57:53 - [MESSAGE][PASSED] - Text '' is set on object 'Object Repository/IWP30/Page_EmulatorAgencyX/UDF6'

25-10-2024T00:57:54 - [MESSAGE][PASSED] - Text '' is set on object 'Object Repository/IWP30/Page_EmulatorAgencyX/UDF7'

25-10-2024T00:57:55 - [MESSAGE][PASSED] - Text '' is set on object 'Object Repository/IWP30/Page_EmulatorAgencyX/UDF8'

25-10-2024T00:57:55 - [MESSAGE][PASSED] - Text 'udf data 9' is set on object 'Object Repository/IWP30/Page_EmulatorAgencyX/UDF9'

25-10-2024T00:57:56 - [MESSAGE][PASSED] - Text 'udf data 10' is set on object 'Object Repository/IWP30/Page_EmulatorAgencyX/UDF10'

25-10-2024T00:57:57 - [MESSAGE][PASSED] - Object: 'Object Repository/IWP30/Page_EmulatorAgencyX/Submit' is clicked on

25-10-2024T00:58:02 - [MESSAGE][PASSED] - Browser is closed

25-10-2024T00:58:06 - [MESSAGE][PASSED] - iwpPages.emulatorIWP30.setDataEmulator_DD is PASSED

25-10-2024T00:58:06 - [TEST_STEP][PASSED] - testHarnessURL = urlTestHarness: null

25-10-2024T00:58:06 - [TEST_STEP][PASSED] - openBrowser(testHarnessURL): Browser is opened with url: 'https://dev-algorithm.govolution.com/vrelaytest/QA2/version_2_2/vrelaytest.html'

25-10-2024T00:58:06 - [MESSAGE][INFO] - Starting 'Edge Chromium' driver

25-10-2024T00:58:06 - [MESSAGE][INFO] - User set preference: ['acceptInsecureCerts', 'true']

25-10-2024T00:58:08 - [MESSAGE][INFO] - Action delay is set to 0 milliseconds

25-10-2024T00:58:11 - [MESSAGE][PASSED] - Browser is opened with url: 'https://dev-algorithm.govolution.com/vrelaytest/QA2/version_2_2/vrelaytest.html'

25-10-2024T00:58:11 - [TEST_STEP][PASSED] - maximizeWindow(): Current window maximized

25-10-2024T00:58:11 - [MESSAGE][PASSED] - Current window maximized

25-10-2024T00:58:11 - [TEST_STEP][PASSED] - iwpPages.TestHarnessPage.setDataMethodEF(row, dataFile): iwpPages.TestHarnessPage.setDataMethodEF is PASSED

25-10-2024T00:58:12 - [MESSAGE][PASSED] - Object 'Object Repository/IWP30/Page_QATestHarness/RemittanceID' is present

25-10-2024T00:58:12 - [MESSAGE][PASSED] - Text '638' is set on object 'Object Repository/IWP30/Page_QATestHarness/ApplicationID'

25-10-2024T00:58:13 - [MESSAGE][PASSED] - Text '2.5' is set on object 'Object Repository/IWP30/Page_QATestHarness/MessageVersion'

25-10-2024T00:58:13 - [MESSAGE][PASSED] - Text '4kSBy17KjjDd' is set on object 'Object Repository/IWP30/Page_QATestHarness/RemittanceID'

25-10-2024T00:58:17 - [MESSAGE][PASSED] - Object: 'Object Repository/IWP30/Page_QATestHarness/SubmitButton' is clicked on

25-10-2024T00:58:17 - [MESSAGE][PASSED] - iwpPages.TestHarnessPage.setDataMethodEF is PASSED

25-10-2024T00:58:17 - [TEST_STEP][PASSED] - click(findTestObject("Object Repository/IWP30/Page_SelectPaymentMethod/PayByPersonalCheck")): Object: 'Object Repository/IWP30/Page_SelectPaymentMethod/PayByPersonalCheck' is clicked on

25-10-2024T00:58:17 - [MESSAGE][PASSED] - Object: 'Object Repository/IWP30/Page_SelectPaymentMethod/PayByPersonalCheck' is clicked on

25-10-2024T00:58:17 - [TEST_STEP][PASSED] - click(findTestObject("Object Repository/IWP30/Page_SelectPaymentMethod/MakePaymentButton")): Object: 'Object Repository/IWP30/Page_SelectPaymentMethod/MakePaymentButton' is clicked on

25-10-2024T00:58:20 - [MESSAGE][PASSED] - Object: 'Object Repository/IWP30/Page_SelectPaymentMethod/MakePaymentButton' is clicked on

25-10-2024T00:58:20 - [TEST_STEP][PASSED] - iwpPages.achPersonalPaymentEntryPage.setDataACHPPM(row, dataFile): iwpPages.achPersonalPaymentEntryPage.setDataACHPPM is PASSED

25-10-2024T00:58:21 - [MESSAGE][PASSED] - Object 'Object Repository/IWP30/Page_ACHPersonalPaymentEntry/txt_accountNumber' is present

25-10-2024T00:58:21 - [MESSAGE][PASSED] - Text '10.50' is set on object 'Object Repository/IWP30/Page_ACHPersonalPaymentEntry/txt_Amount'

25-10-2024T00:58:21 - [MESSAGE][PASSED] - Object 'Object Repository/IWP30/Page_ACHPersonalPaymentEntry/txt_UDF2' is present

25-10-2024T00:58:22 - [MESSAGE][PASSED] - Text 'udf data 2' is set on object 'Object Repository/IWP30/Page_ACHPersonalPaymentEntry/txt_UDF2'

25-10-2024T00:58:23 - [MESSAGE][PASSED] - Text 'udf data 3' is set on object 'Object Repository/IWP30/Page_ACHPersonalPaymentEntry/txt_UDF3'

25-10-2024T00:58:23 - [MESSAGE][PASSED] - All options with label 'Orange' are selected in object 'Object Repository/IWP30/Page_ACHPersonalPaymentEntry/dd_UDF7' 

25-10-2024T00:58:24 - [MESSAGE][PASSED] - All options with label 'Soccer' are selected in object 'Object Repository/IWP30/Page_ACHPersonalPaymentEntry/dd_UDF8' 

25-10-2024T00:58:24 - [MESSAGE][PASSED] - Object 'Object Repository/IWP30/Page_ACHPersonalPaymentEntry/txt_Firstname' is present

25-10-2024T00:58:25 - [MESSAGE][PASSED] - Text 'Elizath' is set on object 'Object Repository/IWP30/Page_ACHPersonalPaymentEntry/txt_Firstname'

25-10-2024T00:58:25 - [MESSAGE][PASSED] - Object 'Object Repository/IWP30/Page_ACHPersonalPaymentEntry/txt_Lastname' is present

25-10-2024T00:58:26 - [MESSAGE][PASSED] - Text 'Christine' is set on object 'Object Repository/IWP30/Page_ACHPersonalPaymentEntry/txt_Lastname'

25-10-2024T00:58:26 - [MESSAGE][PASSED] - Object 'Object Repository/IWP30/Page_ACHPersonalPaymentEntry/txt_routingNumber' is present

25-10-2024T00:58:26 - [MESSAGE][PASSED] - Text '256072691' is set on object 'Object Repository/IWP30/Page_ACHPersonalPaymentEntry/txt_routingNumber'

25-10-2024T00:58:27 - [MESSAGE][PASSED] - Object 'Object Repository/IWP30/Page_ACHPersonalPaymentEntry/txt_accountNumber' is present

25-10-2024T00:58:28 - [MESSAGE][PASSED] - Text '12344444' is set on object 'Object Repository/IWP30/Page_ACHPersonalPaymentEntry/txt_accountNumber'

25-10-2024T00:58:28 - [MESSAGE][PASSED] - Object 'Object Repository/IWP30/Page_ACHPersonalPaymentEntry/txt_confirmAccountNumber' is present

25-10-2024T00:58:29 - [MESSAGE][PASSED] - Text '12344444' is set on object 'Object Repository/IWP30/Page_ACHPersonalPaymentEntry/txt_confirmAccountNumber'

25-10-2024T00:58:29 - [MESSAGE][PASSED] - Object 'Object Repository/IWP30/Page_ACHPersonalPaymentEntry/rd_accountType' is present

25-10-2024T00:58:29 - [MESSAGE][PASSED] - Modify property of object successfully

25-10-2024T00:58:30 - [MESSAGE][PASSED] - Object: 'Object Repository/IWP30/Page_ACHPersonalPaymentEntry/rd_accountType' is clicked on

25-10-2024T00:58:30 - [MESSAGE][PASSED] - Execute JavaScript '
				   document.getElementById('processDate').value = '08/09/2025'
				  ' successfully

25-10-2024T00:58:30 - [MESSAGE][PASSED] - Text '365 Main Avenue' is set on object 'Object Repository/IWP30/Page_ACHPersonalPaymentEntry/txt_AL1'

25-10-2024T00:58:31 - [MESSAGE][PASSED] - Text 'Ohio' is set on object 'Object Repository/IWP30/Page_ACHPersonalPaymentEntry/txt_AL2'

25-10-2024T00:58:32 - [MESSAGE][PASSED] - Text '22201' is set on object 'Object Repository/IWP30/Page_ACHPersonalPaymentEntry/txt_ZIP'

25-10-2024T00:58:32 - [MESSAGE][PASSED] - Object 'Object Repository/IWP30/Page_ACHPersonalPaymentEntry/txt_Email' is present

25-10-2024T00:58:33 - [MESSAGE][PASSED] - Text 'iahmed@govolution.com' is set on object 'Object Repository/IWP30/Page_ACHPersonalPaymentEntry/txt_Email'

25-10-2024T00:58:34 - [MESSAGE][PASSED] - Object 'Object Repository/IWP30/Page_ACHPersonalPaymentEntry/cb_TermsAndCond' is present

25-10-2024T00:58:34 - [MESSAGE][PASSED] - Object: 'Object Repository/IWP30/Page_ACHPersonalPaymentEntry/cb_TermsAndCond' is clicked on

25-10-2024T00:58:34 - [MESSAGE][PASSED] - Object 'Object Repository/IWP30/Page_ACHPersonalPaymentEntry/btn_Continue' is present

25-10-2024T00:58:35 - [MESSAGE][PASSED] - Object: 'Object Repository/IWP30/Page_ACHPersonalPaymentEntry/btn_Continue' is clicked on

25-10-2024T00:58:35 - [MESSAGE][PASSED] - iwpPages.achPersonalPaymentEntryPage.setDataACHPPM is PASSED

25-10-2024T00:58:35 - [TEST_STEP][PASSED] - click(findTestObject("Object Repository/IWP30/Page_Confirmation/ConfirmButton")): Object: 'Object Repository/IWP30/Page_Confirmation/ConfirmButton' is clicked on

25-10-2024T00:58:38 - [MESSAGE][PASSED] - Object: 'Object Repository/IWP30/Page_Confirmation/ConfirmButton' is clicked on

25-10-2024T00:58:38 - [TEST_STEP][PASSED] - Thread.sleep(2000): null

25-10-2024T00:58:40 - [TEST_STEP][PASSED] - if (verifyTextPresent("Deferred", false)): null

25-10-2024T00:58:40 - [MESSAGE][PASSED] - Text 'Deferred' is present on page 

25-10-2024T00:58:40 - [TEST_STEP][PASSED] - if (verifyTextPresent("Your payment plan has been successfully created", false)): null

25-10-2024T00:58:41 - [MESSAGE][PASSED] - Text 'Your payment plan has been successfully created' is present on page 

25-10-2024T00:58:41 - [TEST_STEP][PASSED] - isRequiredTextPresent = true: null

25-10-2024T00:58:41 - [TEST_STEP][PASSED] - println(isRequiredTextPresent): null

25-10-2024T00:58:41 - [TEST_STEP][PASSED] - if (isRequiredTextPresent): null

25-10-2024T00:58:41 - [TEST_STEP][PASSED] - if (verifyTextPresent("CAN Label:", false)): null

25-10-2024T00:58:41 - [MESSAGE][PASSED] - Text 'CAN Label:' is present on page 

25-10-2024T00:58:41 - [TEST_STEP][PASSED] - isRequiredTextPresent = true: null

25-10-2024T00:58:41 - [TEST_STEP][PASSED] - println(isRequiredTextPresent): null

25-10-2024T00:58:41 - [TEST_STEP][PASSED] - if (isRequiredTextPresent): null

25-10-2024T00:58:41 - [TEST_STEP][PASSED] - if (verifyTextPresent("Remittance ID:", false)): null

25-10-2024T00:58:41 - [MESSAGE][PASSED] - Text 'Remittance ID:' is present on page 

25-10-2024T00:58:41 - [TEST_STEP][PASSED] - isRequiredTextPresent = true: null

25-10-2024T00:58:41 - [TEST_STEP][PASSED] - println(isRequiredTextPresent): null

25-10-2024T00:58:41 - [TEST_STEP][PASSED] - if (isRequiredTextPresent): null

25-10-2024T00:58:41 - [TEST_STEP][PASSED] - if (verifyTextPresent("UDF2 Label:", false)): null

25-10-2024T00:58:41 - [MESSAGE][PASSED] - Text 'UDF2 Label:' is present on page 

25-10-2024T00:58:41 - [TEST_STEP][PASSED] - isRequiredTextPresent = true: null

25-10-2024T00:58:41 - [TEST_STEP][PASSED] - println(isRequiredTextPresent): null

25-10-2024T00:58:41 - [TEST_STEP][PASSED] - if (isRequiredTextPresent): null

25-10-2024T00:58:41 - [TEST_STEP][PASSED] - if (verifyTextPresent("UDF3 Label:", false)): null

25-10-2024T00:58:42 - [MESSAGE][PASSED] - Text 'UDF3 Label:' is present on page 

25-10-2024T00:58:42 - [TEST_STEP][PASSED] - isRequiredTextPresent = true: null

25-10-2024T00:58:42 - [TEST_STEP][PASSED] - println(isRequiredTextPresent): null

25-10-2024T00:58:42 - [TEST_STEP][PASSED] - if (isRequiredTextPresent): null

25-10-2024T00:58:42 - [TEST_STEP][PASSED] - if (verifyTextPresent("UDF4 Label:", false)): null

25-10-2024T00:58:42 - [MESSAGE][PASSED] - Text 'UDF4 Label:' is present on page 

25-10-2024T00:58:42 - [TEST_STEP][PASSED] - isRequiredTextPresent = true: null

25-10-2024T00:58:42 - [TEST_STEP][PASSED] - println(isRequiredTextPresent): null

25-10-2024T00:58:42 - [TEST_STEP][PASSED] - if (isRequiredTextPresent): null

25-10-2024T00:58:42 - [TEST_STEP][PASSED] - if (verifyTextPresent("UDF7 Label:", false)): null

25-10-2024T00:58:42 - [MESSAGE][PASSED] - Text 'UDF7 Label:' is present on page 

25-10-2024T00:58:42 - [TEST_STEP][PASSED] - isRequiredTextPresent = true: null

25-10-2024T00:58:42 - [TEST_STEP][PASSED] - println(isRequiredTextPresent): null

25-10-2024T00:58:42 - [TEST_STEP][PASSED] - if (isRequiredTextPresent): null

25-10-2024T00:58:42 - [TEST_STEP][PASSED] - if (verifyTextPresent("UDF8 Label:", false)): null

25-10-2024T00:58:43 - [MESSAGE][PASSED] - Text 'UDF8 Label:' is present on page 

25-10-2024T00:58:43 - [TEST_STEP][PASSED] - isRequiredTextPresent = true: null

25-10-2024T00:58:43 - [TEST_STEP][PASSED] - println(isRequiredTextPresent): null

25-10-2024T00:58:43 - [TEST_STEP][PASSED] - if (isRequiredTextPresent): null

25-10-2024T00:58:43 - [TEST_STEP][PASSED] - if (verifyTextPresent("UDF9 Label:", false)): null

25-10-2024T00:58:43 - [MESSAGE][PASSED] - Text 'UDF9 Label:' is present on page 

25-10-2024T00:58:43 - [TEST_STEP][PASSED] - isRequiredTextPresent = true: null

25-10-2024T00:58:43 - [TEST_STEP][PASSED] - println(isRequiredTextPresent): null

25-10-2024T00:58:43 - [TEST_STEP][PASSED] - if (isRequiredTextPresent): null

25-10-2024T00:58:43 - [TEST_STEP][PASSED] - if (verifyTextPresent("Transaction Type:", false)): null

25-10-2024T00:58:43 - [MESSAGE][PASSED] - Text 'Transaction Type:' is present on page 

25-10-2024T00:58:43 - [TEST_STEP][PASSED] - isRequiredTextPresent = true: null

25-10-2024T00:58:43 - [TEST_STEP][PASSED] - println(isRequiredTextPresent): null

25-10-2024T00:58:43 - [TEST_STEP][PASSED] - if (isRequiredTextPresent): null

25-10-2024T00:58:43 - [TEST_STEP][PASSED] - if (verifyTextPresent("Amount:", false)): null

25-10-2024T00:58:44 - [MESSAGE][PASSED] - Text 'Amount:' is present on page 

25-10-2024T00:58:44 - [TEST_STEP][PASSED] - isRequiredTextPresent = true: null

25-10-2024T00:58:44 - [TEST_STEP][PASSED] - println(isRequiredTextPresent): null

25-10-2024T00:58:44 - [TEST_STEP][PASSED] - if (isRequiredTextPresent): null

25-10-2024T00:58:44 - [TEST_STEP][PASSED] - if (verifyTextPresent("Check Information:", false)): null

25-10-2024T00:58:44 - [MESSAGE][PASSED] - Text 'Check Information:' is present on page 

25-10-2024T00:58:44 - [TEST_STEP][PASSED] - isRequiredTextPresent = true: null

25-10-2024T00:58:44 - [TEST_STEP][PASSED] - println(isRequiredTextPresent): null

25-10-2024T00:58:44 - [TEST_STEP][PASSED] - if (isRequiredTextPresent): null

25-10-2024T00:58:44 - [TEST_STEP][PASSED] - if (verifyTextPresent("Account Type:", false)): null

25-10-2024T00:58:44 - [MESSAGE][PASSED] - Text 'Account Type:' is present on page 

25-10-2024T00:58:44 - [TEST_STEP][PASSED] - isRequiredTextPresent = true: null

25-10-2024T00:58:44 - [TEST_STEP][PASSED] - println(isRequiredTextPresent): null

25-10-2024T00:58:44 - [TEST_STEP][PASSED] - if (isRequiredTextPresent): null

25-10-2024T00:58:44 - [TEST_STEP][PASSED] - if (verifyTextPresent("Account Number:", false)): null

25-10-2024T00:58:44 - [MESSAGE][PASSED] - Text 'Account Number:' is present on page 

25-10-2024T00:58:44 - [TEST_STEP][PASSED] - isRequiredTextPresent = true: null

25-10-2024T00:58:44 - [TEST_STEP][PASSED] - println(isRequiredTextPresent): null

25-10-2024T00:58:44 - [TEST_STEP][PASSED] - if (isRequiredTextPresent): null

25-10-2024T00:58:44 - [TEST_STEP][PASSED] - if (verifyTextPresent("Routing Number:", false)): null

25-10-2024T00:58:45 - [MESSAGE][PASSED] - Text 'Routing Number:' is present on page 

25-10-2024T00:58:45 - [TEST_STEP][PASSED] - isRequiredTextPresent = true: null

25-10-2024T00:58:45 - [TEST_STEP][PASSED] - println(isRequiredTextPresent): null

25-10-2024T00:58:45 - [TEST_STEP][PASSED] - if (isRequiredTextPresent): null

25-10-2024T00:58:45 - [TEST_STEP][PASSED] - if (verifyTextPresent("Name of Account:", false)): null

25-10-2024T00:58:45 - [MESSAGE][PASSED] - Text 'Name of Account:' is present on page 

25-10-2024T00:58:45 - [TEST_STEP][PASSED] - isRequiredTextPresent = true: null

25-10-2024T00:58:45 - [TEST_STEP][PASSED] - println(isRequiredTextPresent): null

25-10-2024T00:58:45 - [TEST_STEP][PASSED] - if (isRequiredTextPresent): null

25-10-2024T00:58:45 - [TEST_STEP][PASSED] - if (verifyTextPresent("Billing Information:", false)): null

25-10-2024T00:58:45 - [MESSAGE][PASSED] - Text 'Billing Information:' is present on page 

25-10-2024T00:58:45 - [TEST_STEP][PASSED] - isRequiredTextPresent = true: null

25-10-2024T00:58:45 - [TEST_STEP][PASSED] - println(isRequiredTextPresent): null

25-10-2024T00:58:45 - [TEST_STEP][PASSED] - if (isRequiredTextPresent): null

25-10-2024T00:58:45 - [TEST_STEP][PASSED] - if (verifyTextPresent("Address Line 1:", false)): null

25-10-2024T00:58:46 - [MESSAGE][PASSED] - Text 'Address Line 1:' is present on page 

25-10-2024T00:58:46 - [TEST_STEP][PASSED] - isRequiredTextPresent = true: null

25-10-2024T00:58:46 - [TEST_STEP][PASSED] - println(isRequiredTextPresent): null

25-10-2024T00:58:46 - [TEST_STEP][PASSED] - if (isRequiredTextPresent): null

25-10-2024T00:58:46 - [TEST_STEP][PASSED] - if (verifyTextPresent("Address Line 2:", false)): null

25-10-2024T00:58:46 - [MESSAGE][PASSED] - Text 'Address Line 2:' is present on page 

25-10-2024T00:58:46 - [TEST_STEP][PASSED] - isRequiredTextPresent = true: null

25-10-2024T00:58:46 - [TEST_STEP][PASSED] - println(isRequiredTextPresent): null

25-10-2024T00:58:46 - [TEST_STEP][PASSED] - if (isRequiredTextPresent): null

25-10-2024T00:58:46 - [TEST_STEP][PASSED] - if (verifyTextPresent("Country:", false)): null

25-10-2024T00:58:46 - [MESSAGE][PASSED] - Text 'Country:' is present on page 

25-10-2024T00:58:46 - [TEST_STEP][PASSED] - isRequiredTextPresent = true: null

25-10-2024T00:58:46 - [TEST_STEP][PASSED] - println(isRequiredTextPresent): null

25-10-2024T00:58:46 - [TEST_STEP][PASSED] - if (isRequiredTextPresent): null

25-10-2024T00:58:46 - [TEST_STEP][PASSED] - if (verifyTextPresent("City:", false)): null

25-10-2024T00:58:47 - [MESSAGE][PASSED] - Text 'City:' is present on page 

25-10-2024T00:58:47 - [TEST_STEP][PASSED] - isRequiredTextPresent = true: null

25-10-2024T00:58:47 - [TEST_STEP][PASSED] - println(isRequiredTextPresent): null

25-10-2024T00:58:47 - [TEST_STEP][PASSED] - if (isRequiredTextPresent): null

25-10-2024T00:58:47 - [TEST_STEP][PASSED] - if (verifyTextPresent("State:", false)): null

25-10-2024T00:58:47 - [MESSAGE][PASSED] - Text 'State:' is present on page 

25-10-2024T00:58:47 - [TEST_STEP][PASSED] - isRequiredTextPresent = true: null

25-10-2024T00:58:47 - [TEST_STEP][PASSED] - println(isRequiredTextPresent): null

25-10-2024T00:58:47 - [TEST_STEP][PASSED] - if (isRequiredTextPresent): null

25-10-2024T00:58:47 - [TEST_STEP][PASSED] - if (verifyTextPresent("Zip Code:", false)): null

25-10-2024T00:58:47 - [MESSAGE][PASSED] - Text 'Zip Code:' is present on page 

25-10-2024T00:58:47 - [TEST_STEP][PASSED] - isRequiredTextPresent = true: null

25-10-2024T00:58:47 - [TEST_STEP][PASSED] - println(isRequiredTextPresent): null

25-10-2024T00:58:47 - [TEST_STEP][PASSED] - if (isRequiredTextPresent): null

25-10-2024T00:58:47 - [TEST_STEP][PASSED] - if (verifyTextPresent("Plan Information:", false)): null

25-10-2024T00:58:47 - [MESSAGE][PASSED] - Text 'Plan Information:' is present on page 

25-10-2024T00:58:47 - [TEST_STEP][PASSED] - isRequiredTextPresent = true: null

25-10-2024T00:58:47 - [TEST_STEP][PASSED] - println(isRequiredTextPresent): null

25-10-2024T00:58:47 - [TEST_STEP][PASSED] - if (isRequiredTextPresent): null

25-10-2024T00:58:47 - [TEST_STEP][PASSED] - if (verifyTextPresent("Payment Plan Type:", false)): null

25-10-2024T00:58:48 - [MESSAGE][PASSED] - Text 'Payment Plan Type:' is present on page 

25-10-2024T00:58:48 - [TEST_STEP][PASSED] - isRequiredTextPresent = true: null

25-10-2024T00:58:48 - [TEST_STEP][PASSED] - println(isRequiredTextPresent): null

25-10-2024T00:58:48 - [TEST_STEP][PASSED] - if (isRequiredTextPresent): null

25-10-2024T00:58:48 - [TEST_STEP][PASSED] - if (verifyTextPresent("Payment Plan ID:", false)): null

25-10-2024T00:58:48 - [MESSAGE][PASSED] - Text 'Payment Plan ID:' is present on page 

25-10-2024T00:58:48 - [TEST_STEP][PASSED] - isRequiredTextPresent = true: null

25-10-2024T00:58:48 - [TEST_STEP][PASSED] - println(isRequiredTextPresent): null

25-10-2024T00:58:48 - [TEST_STEP][PASSED] - if (isRequiredTextPresent): null

25-10-2024T00:58:48 - [TEST_STEP][PASSED] - if (verifyTextPresent("Payment Date:", false)): null

25-10-2024T00:58:48 - [MESSAGE][PASSED] - Text 'Payment Date:' is present on page 

25-10-2024T00:58:48 - [TEST_STEP][PASSED] - isRequiredTextPresent = true: null

25-10-2024T00:58:48 - [TEST_STEP][PASSED] - println(isRequiredTextPresent): null

25-10-2024T00:58:48 - [TEST_STEP][PASSED] - if (isRequiredTextPresent == true): pages.WriteExcel.demoKey is PASSED

25-10-2024T00:58:48 - [TEST_STEP][PASSED] - println("All the relevant texts are present on Receipt Page"): null

25-10-2024T00:58:48 - [TEST_STEP][PASSED] - markPassed("All the relevant texts are present on Receipt Page"): All the relevant texts are present on Receipt Page

25-10-2024T00:58:48 - [MESSAGE][PASSED] - All the relevant texts are present on Receipt Page

25-10-2024T00:58:48 - [TEST_STEP][PASSED] - resText = "Pass": null

25-10-2024T00:58:48 - [TEST_STEP][PASSED] - pages.WriteExcel.demoKey(resText, datText, resColumn, datCloumn, fileLoc, nameSheet, row): pages.WriteExcel.demoKey is PASSED

25-10-2024T00:58:48 - [MESSAGE][PASSED] - pages.WriteExcel.demoKey is PASSED

25-10-2024T00:58:48 - [TEST_STEP][PASSED] - closeBrowser(): Browser is closed

25-10-2024T00:58:50 - [MESSAGE][PASSED] - Browser is closed

25-10-2024T00:58:50 - [TEST_STEP][PASSED] - ExecuteTC = dataFile.getValue("Execute", row): null

25-10-2024T00:58:50 - [TEST_STEP][PASSED] - out.println("Value of Execute is : " + ExecuteTC): null

25-10-2024T00:58:50 - [TEST_STEP][PASSED] - if (ExecuteTC.equalsIgnoreCase("Y")): null

25-10-2024T00:58:50 - [TEST_STEP][PASSED] - out.println("Begin Record Number: " + row): null

25-10-2024T00:58:50 - [TEST_STEP][PASSED] - today = new java.util.Date(): null

25-10-2024T00:58:50 - [TEST_STEP][PASSED] - println(today): null

25-10-2024T00:58:50 - [TEST_STEP][PASSED] - datText = today: null

25-10-2024T00:58:50 - [TEST_STEP][PASSED] - EmulatorDataKey = dataFile.getValue("EmulatorData", row): null

25-10-2024T00:58:50 - [TEST_STEP][PASSED] - out.println("Value of Emulator Key is : " + EmulatorDataKey): null

25-10-2024T00:58:50 - [TEST_STEP][PASSED] - iwpPages.emulatorIWP30.setDataEmulator_DD(EmulatorDataKey): iwpPages.emulatorIWP30.setDataEmulator_DD is PASSED

25-10-2024T00:58:50 - [MESSAGE][INFO] - Starting 'Edge Chromium' driver

25-10-2024T00:58:50 - [MESSAGE][INFO] - User set preference: ['acceptInsecureCerts', 'true']

25-10-2024T00:58:52 - [MESSAGE][INFO] - Action delay is set to 0 milliseconds

25-10-2024T00:58:56 - [MESSAGE][PASSED] - Browser is opened with url: 'https://qa2.velocitypayment.com/agencyx/config.action?action=editor&message_version=3_0'

25-10-2024T00:58:57 - [MESSAGE][PASSED] - Current window maximized

25-10-2024T00:59:28 - [MESSAGE][INFO] - Unable to find the element located by 'By.xpath: //select[@name='message_version']'. Please recheck the objects properties to make sure the desired element is located. 

25-10-2024T00:59:28 - [MESSAGE][WARNING] - [SELF-HEALING] Failed to find element with id 'Object Repository/IWP30/Page_VRelay30Emulator/MV'. Try using Self-healing.

25-10-2024T00:59:28 - [MESSAGE][WARNING] - [SELF-HEALING] The current locator of test object 'Object Repository/IWP30/Page_VRelay30Emulator/MV' was broken. Propose an alternative one: '(.//*[normalize-space(text()) and normalize-space(.)='Message Version'])[1]/following::select[1]'.

25-10-2024T00:59:29 - [MESSAGE][PASSED] - All options with value '3.0' are selected in object 'Object Repository/IWP30/Page_VRelay30Emulator/MV'  using regular expression

25-10-2024T00:59:29 - [MESSAGE][PASSED] - Text '10.50' is set on object 'Object Repository/IWP30/Page_EmulatorAgencyX/Amount'

25-10-2024T00:59:30 - [MESSAGE][PASSED] - Text 't5h2whstIEjk' is set on object 'Object Repository/IWP30/Page_EmulatorAgencyX/CAN'

25-10-2024T00:59:30 - [MESSAGE][PASSED] - Text 'PayNow' is set on object 'Object Repository/IWP30/Page_EmulatorAgencyX/Action'

25-10-2024T00:59:31 - [MESSAGE][PASSED] - Text 'en_US' is set on object 'Object Repository/IWP30/Page_EmulatorAgencyX/Lang'

25-10-2024T00:59:32 - [MESSAGE][PASSED] - Text '' is set on object 'Object Repository/IWP30/Page_EmulatorAgencyX/Fname'

25-10-2024T00:59:32 - [MESSAGE][PASSED] - Text '' is set on object 'Object Repository/IWP30/Page_EmulatorAgencyX/Lname'

25-10-2024T00:59:33 - [MESSAGE][PASSED] - Text '' is set on object 'Object Repository/IWP30/Page_EmulatorAgencyX/AL1'

25-10-2024T00:59:33 - [MESSAGE][PASSED] - Text '' is set on object 'Object Repository/IWP30/Page_EmulatorAgencyX/AL2'

25-10-2024T00:59:34 - [MESSAGE][PASSED] - Text '' is set on object 'Object Repository/IWP30/Page_EmulatorAgencyX/Country'

25-10-2024T00:59:35 - [MESSAGE][PASSED] - Text '' is set on object 'Object Repository/IWP30/Page_EmulatorAgencyX/City'

25-10-2024T00:59:35 - [MESSAGE][PASSED] - Text '' is set on object 'Object Repository/IWP30/Page_EmulatorAgencyX/State'

25-10-2024T00:59:36 - [MESSAGE][PASSED] - Text '' is set on object 'Object Repository/IWP30/Page_EmulatorAgencyX/ZIP'

25-10-2024T00:59:36 - [MESSAGE][PASSED] - Text '' is set on object 'Object Repository/IWP30/Page_EmulatorAgencyX/Order'

25-10-2024T00:59:37 - [MESSAGE][PASSED] - Text '' is set on object 'Object Repository/IWP30/Page_EmulatorAgencyX/Company'

25-10-2024T00:59:37 - [MESSAGE][PASSED] - Text '' is set on object 'Object Repository/IWP30/Page_EmulatorAgencyX/Email'

25-10-2024T00:59:38 - [MESSAGE][PASSED] - Text '' is set on object 'Object Repository/IWP30/Page_EmulatorAgencyX/UDF1'

25-10-2024T00:59:39 - [MESSAGE][PASSED] - Text '' is set on object 'Object Repository/IWP30/Page_EmulatorAgencyX/UDF2'

25-10-2024T00:59:39 - [MESSAGE][PASSED] - Text '' is set on object 'Object Repository/IWP30/Page_EmulatorAgencyX/UDF3'

25-10-2024T00:59:40 - [MESSAGE][PASSED] - Text 'udf data 4' is set on object 'Object Repository/IWP30/Page_EmulatorAgencyX/UDF4'

25-10-2024T00:59:40 - [MESSAGE][PASSED] - Text 'udf data 5' is set on object 'Object Repository/IWP30/Page_EmulatorAgencyX/UDF5'

25-10-2024T00:59:41 - [MESSAGE][PASSED] - Text '' is set on object 'Object Repository/IWP30/Page_EmulatorAgencyX/UDF6'

25-10-2024T00:59:41 - [MESSAGE][PASSED] - Text '' is set on object 'Object Repository/IWP30/Page_EmulatorAgencyX/UDF7'

25-10-2024T00:59:42 - [MESSAGE][PASSED] - Text '' is set on object 'Object Repository/IWP30/Page_EmulatorAgencyX/UDF8'

25-10-2024T00:59:43 - [MESSAGE][PASSED] - Text 'udf data 9' is set on object 'Object Repository/IWP30/Page_EmulatorAgencyX/UDF9'

25-10-2024T00:59:43 - [MESSAGE][PASSED] - Text 'udf data 10' is set on object 'Object Repository/IWP30/Page_EmulatorAgencyX/UDF10'

25-10-2024T00:59:45 - [MESSAGE][PASSED] - Object: 'Object Repository/IWP30/Page_EmulatorAgencyX/Submit' is clicked on

25-10-2024T00:59:49 - [MESSAGE][PASSED] - Browser is closed

25-10-2024T00:59:53 - [MESSAGE][PASSED] - iwpPages.emulatorIWP30.setDataEmulator_DD is PASSED

25-10-2024T00:59:53 - [TEST_STEP][PASSED] - testHarnessURL = urlTestHarness: null

25-10-2024T00:59:53 - [TEST_STEP][PASSED] - openBrowser(testHarnessURL): Browser is opened with url: 'https://dev-algorithm.govolution.com/vrelaytest/QA2/version_2_2/vrelaytest.html'

25-10-2024T00:59:53 - [MESSAGE][INFO] - Starting 'Edge Chromium' driver

25-10-2024T00:59:53 - [MESSAGE][INFO] - User set preference: ['acceptInsecureCerts', 'true']

25-10-2024T00:59:55 - [MESSAGE][INFO] - Action delay is set to 0 milliseconds

25-10-2024T00:59:59 - [MESSAGE][PASSED] - Browser is opened with url: 'https://dev-algorithm.govolution.com/vrelaytest/QA2/version_2_2/vrelaytest.html'

25-10-2024T00:59:59 - [TEST_STEP][PASSED] - maximizeWindow(): Current window maximized

25-10-2024T00:59:59 - [MESSAGE][PASSED] - Current window maximized

25-10-2024T00:59:59 - [TEST_STEP][PASSED] - iwpPages.TestHarnessPage.setDataMethodEF(row, dataFile): iwpPages.TestHarnessPage.setDataMethodEF is PASSED

25-10-2024T00:59:59 - [MESSAGE][PASSED] - Object 'Object Repository/IWP30/Page_QATestHarness/RemittanceID' is present

25-10-2024T01:00:00 - [MESSAGE][PASSED] - Text '649' is set on object 'Object Repository/IWP30/Page_QATestHarness/ApplicationID'

25-10-2024T01:00:00 - [MESSAGE][PASSED] - Text '3.0' is set on object 'Object Repository/IWP30/Page_QATestHarness/MessageVersion'

25-10-2024T01:00:01 - [MESSAGE][PASSED] - Text 'cckWQPpnSrKz' is set on object 'Object Repository/IWP30/Page_QATestHarness/RemittanceID'

25-10-2024T01:00:05 - [MESSAGE][PASSED] - Object: 'Object Repository/IWP30/Page_QATestHarness/SubmitButton' is clicked on

25-10-2024T01:00:05 - [MESSAGE][PASSED] - iwpPages.TestHarnessPage.setDataMethodEF is PASSED

25-10-2024T01:00:05 - [TEST_STEP][PASSED] - click(findTestObject("Object Repository/IWP30/Page_SelectPaymentMethod/PayByPersonalCheck")): Object: 'Object Repository/IWP30/Page_SelectPaymentMethod/PayByPersonalCheck' is clicked on

25-10-2024T01:00:06 - [MESSAGE][PASSED] - Object: 'Object Repository/IWP30/Page_SelectPaymentMethod/PayByPersonalCheck' is clicked on

25-10-2024T01:00:06 - [TEST_STEP][PASSED] - click(findTestObject("Object Repository/IWP30/Page_SelectPaymentMethod/MakePaymentButton")): Object: 'Object Repository/IWP30/Page_SelectPaymentMethod/MakePaymentButton' is clicked on

25-10-2024T01:00:08 - [MESSAGE][PASSED] - Object: 'Object Repository/IWP30/Page_SelectPaymentMethod/MakePaymentButton' is clicked on

25-10-2024T01:00:08 - [TEST_STEP][PASSED] - iwpPages.achPersonalPaymentEntryPage.setDataACHPPM(row, dataFile): iwpPages.achPersonalPaymentEntryPage.setDataACHPPM is PASSED

25-10-2024T01:00:08 - [MESSAGE][PASSED] - Object 'Object Repository/IWP30/Page_ACHPersonalPaymentEntry/txt_accountNumber' is present

25-10-2024T01:00:09 - [MESSAGE][PASSED] - Text '10.50' is set on object 'Object Repository/IWP30/Page_ACHPersonalPaymentEntry/txt_Amount'

25-10-2024T01:00:09 - [MESSAGE][PASSED] - Object 'Object Repository/IWP30/Page_ACHPersonalPaymentEntry/txt_UDF2' is present

25-10-2024T01:00:10 - [MESSAGE][PASSED] - Text 'udf data 2' is set on object 'Object Repository/IWP30/Page_ACHPersonalPaymentEntry/txt_UDF2'

25-10-2024T01:00:10 - [MESSAGE][PASSED] - Text 'udf data 3' is set on object 'Object Repository/IWP30/Page_ACHPersonalPaymentEntry/txt_UDF3'

25-10-2024T01:00:11 - [MESSAGE][PASSED] - All options with label 'Orange' are selected in object 'Object Repository/IWP30/Page_ACHPersonalPaymentEntry/dd_UDF7' 

25-10-2024T01:00:12 - [MESSAGE][PASSED] - All options with label 'Soccer' are selected in object 'Object Repository/IWP30/Page_ACHPersonalPaymentEntry/dd_UDF8' 

25-10-2024T01:00:12 - [MESSAGE][PASSED] - Object 'Object Repository/IWP30/Page_ACHPersonalPaymentEntry/txt_Firstname' is present

25-10-2024T01:00:12 - [MESSAGE][PASSED] - Text 'Elizath' is set on object 'Object Repository/IWP30/Page_ACHPersonalPaymentEntry/txt_Firstname'

25-10-2024T01:00:13 - [MESSAGE][PASSED] - Object 'Object Repository/IWP30/Page_ACHPersonalPaymentEntry/txt_Lastname' is present

25-10-2024T01:00:13 - [MESSAGE][PASSED] - Text 'Christine' is set on object 'Object Repository/IWP30/Page_ACHPersonalPaymentEntry/txt_Lastname'

25-10-2024T01:00:14 - [MESSAGE][PASSED] - Object 'Object Repository/IWP30/Page_ACHPersonalPaymentEntry/txt_routingNumber' is present

25-10-2024T01:00:14 - [MESSAGE][PASSED] - Text '256072691' is set on object 'Object Repository/IWP30/Page_ACHPersonalPaymentEntry/txt_routingNumber'

25-10-2024T01:00:14 - [MESSAGE][PASSED] - Object 'Object Repository/IWP30/Page_ACHPersonalPaymentEntry/txt_accountNumber' is present

25-10-2024T01:00:15 - [MESSAGE][PASSED] - Text '12344444' is set on object 'Object Repository/IWP30/Page_ACHPersonalPaymentEntry/txt_accountNumber'

25-10-2024T01:00:16 - [MESSAGE][PASSED] - Object 'Object Repository/IWP30/Page_ACHPersonalPaymentEntry/txt_confirmAccountNumber' is present

25-10-2024T01:00:16 - [MESSAGE][PASSED] - Text '12344444' is set on object 'Object Repository/IWP30/Page_ACHPersonalPaymentEntry/txt_confirmAccountNumber'

25-10-2024T01:00:17 - [MESSAGE][PASSED] - Object 'Object Repository/IWP30/Page_ACHPersonalPaymentEntry/rd_accountType' is present

25-10-2024T01:00:17 - [MESSAGE][PASSED] - Modify property of object successfully

25-10-2024T01:00:17 - [MESSAGE][PASSED] - Object: 'Object Repository/IWP30/Page_ACHPersonalPaymentEntry/rd_accountType' is clicked on

25-10-2024T01:00:17 - [MESSAGE][PASSED] - Execute JavaScript '
				   document.getElementById('processDate').value = '08/09/2025'
				  ' successfully

25-10-2024T01:00:17 - [MESSAGE][PASSED] - Text '365 Main Avenue' is set on object 'Object Repository/IWP30/Page_ACHPersonalPaymentEntry/txt_AL1'

25-10-2024T01:00:18 - [MESSAGE][PASSED] - Text 'Ohio' is set on object 'Object Repository/IWP30/Page_ACHPersonalPaymentEntry/txt_AL2'

25-10-2024T01:00:19 - [MESSAGE][PASSED] - Text '22201' is set on object 'Object Repository/IWP30/Page_ACHPersonalPaymentEntry/txt_ZIP'

25-10-2024T01:00:19 - [MESSAGE][PASSED] - Object 'Object Repository/IWP30/Page_ACHPersonalPaymentEntry/txt_Email' is present

25-10-2024T01:00:20 - [MESSAGE][PASSED] - Text 'iahmed@govolution.com' is set on object 'Object Repository/IWP30/Page_ACHPersonalPaymentEntry/txt_Email'

25-10-2024T01:00:20 - [MESSAGE][PASSED] - Object 'Object Repository/IWP30/Page_ACHPersonalPaymentEntry/cb_TermsAndCond' is present

25-10-2024T01:00:21 - [MESSAGE][PASSED] - Object: 'Object Repository/IWP30/Page_ACHPersonalPaymentEntry/cb_TermsAndCond' is clicked on

25-10-2024T01:00:21 - [MESSAGE][PASSED] - Object 'Object Repository/IWP30/Page_ACHPersonalPaymentEntry/btn_Continue' is present

25-10-2024T01:00:22 - [MESSAGE][PASSED] - Object: 'Object Repository/IWP30/Page_ACHPersonalPaymentEntry/btn_Continue' is clicked on

25-10-2024T01:00:22 - [MESSAGE][PASSED] - iwpPages.achPersonalPaymentEntryPage.setDataACHPPM is PASSED

25-10-2024T01:00:22 - [TEST_STEP][PASSED] - click(findTestObject("Object Repository/IWP30/Page_Confirmation/ConfirmButton")): Object: 'Object Repository/IWP30/Page_Confirmation/ConfirmButton' is clicked on

25-10-2024T01:00:53 - [MESSAGE][INFO] - Unable to find the element located by 'By.xpath: //*[@type = 'submit' and @name = 'confirmNotifyAction' and @id = 'submitYes' and @value = 'Confirm']'. Please recheck the objects properties to make sure the desired element is located. 

25-10-2024T01:00:53 - [MESSAGE][WARNING] - [SELF-HEALING] Failed to find element with id 'Object Repository/IWP30/Page_Confirmation/ConfirmButton'. Try using Self-healing.

25-10-2024T01:00:53 - [MESSAGE][WARNING] - [SELF-HEALING] The current locator of test object 'Object Repository/IWP30/Page_Confirmation/ConfirmButton' was broken. Propose an alternative one: '//div/input'.

25-10-2024T01:00:55 - [MESSAGE][PASSED] - Object: 'Object Repository/IWP30/Page_Confirmation/ConfirmButton' is clicked on

25-10-2024T01:00:55 - [TEST_STEP][PASSED] - Thread.sleep(2000): null

25-10-2024T01:00:57 - [TEST_STEP][PASSED] - if (verifyTextPresent("Deferred", false)): null

25-10-2024T01:00:57 - [MESSAGE][PASSED] - Text 'Deferred' is present on page 

25-10-2024T01:00:57 - [TEST_STEP][PASSED] - if (verifyTextPresent("Your payment plan has been successfully created", false)): null

25-10-2024T01:00:58 - [MESSAGE][PASSED] - Text 'Your payment plan has been successfully created' is present on page 

25-10-2024T01:00:58 - [TEST_STEP][PASSED] - isRequiredTextPresent = true: null

25-10-2024T01:00:58 - [TEST_STEP][PASSED] - println(isRequiredTextPresent): null

25-10-2024T01:00:58 - [TEST_STEP][PASSED] - if (isRequiredTextPresent): null

25-10-2024T01:00:58 - [TEST_STEP][PASSED] - if (verifyTextPresent("CAN Label:", false)): null

25-10-2024T01:00:58 - [MESSAGE][PASSED] - Text 'CAN Label:' is present on page 

25-10-2024T01:00:58 - [TEST_STEP][PASSED] - isRequiredTextPresent = true: null

25-10-2024T01:00:58 - [TEST_STEP][PASSED] - println(isRequiredTextPresent): null

25-10-2024T01:00:58 - [TEST_STEP][PASSED] - if (isRequiredTextPresent): null

25-10-2024T01:00:58 - [TEST_STEP][PASSED] - if (verifyTextPresent("Remittance ID:", false)): null

25-10-2024T01:00:58 - [MESSAGE][PASSED] - Text 'Remittance ID:' is present on page 

25-10-2024T01:00:58 - [TEST_STEP][PASSED] - isRequiredTextPresent = true: null

25-10-2024T01:00:58 - [TEST_STEP][PASSED] - println(isRequiredTextPresent): null

25-10-2024T01:00:58 - [TEST_STEP][PASSED] - if (isRequiredTextPresent): null

25-10-2024T01:00:58 - [TEST_STEP][PASSED] - if (verifyTextPresent("UDF2 Label:", false)): null

25-10-2024T01:00:59 - [MESSAGE][PASSED] - Text 'UDF2 Label:' is present on page 

25-10-2024T01:00:59 - [TEST_STEP][PASSED] - isRequiredTextPresent = true: null

25-10-2024T01:00:59 - [TEST_STEP][PASSED] - println(isRequiredTextPresent): null

25-10-2024T01:00:59 - [TEST_STEP][PASSED] - if (isRequiredTextPresent): null

25-10-2024T01:00:59 - [TEST_STEP][PASSED] - if (verifyTextPresent("UDF3 Label:", false)): null

25-10-2024T01:00:59 - [MESSAGE][PASSED] - Text 'UDF3 Label:' is present on page 

25-10-2024T01:00:59 - [TEST_STEP][PASSED] - isRequiredTextPresent = true: null

25-10-2024T01:00:59 - [TEST_STEP][PASSED] - println(isRequiredTextPresent): null

25-10-2024T01:00:59 - [TEST_STEP][PASSED] - if (isRequiredTextPresent): null

25-10-2024T01:00:59 - [TEST_STEP][PASSED] - if (verifyTextPresent("UDF4 Label:", false)): null

25-10-2024T01:00:59 - [MESSAGE][PASSED] - Text 'UDF4 Label:' is present on page 

25-10-2024T01:00:59 - [TEST_STEP][PASSED] - isRequiredTextPresent = true: null

25-10-2024T01:00:59 - [TEST_STEP][PASSED] - println(isRequiredTextPresent): null

25-10-2024T01:00:59 - [TEST_STEP][PASSED] - if (isRequiredTextPresent): null

25-10-2024T01:00:59 - [TEST_STEP][PASSED] - if (verifyTextPresent("UDF7 Label:", false)): null

25-10-2024T01:00:59 - [MESSAGE][PASSED] - Text 'UDF7 Label:' is present on page 

25-10-2024T01:00:59 - [TEST_STEP][PASSED] - isRequiredTextPresent = true: null

25-10-2024T01:00:59 - [TEST_STEP][PASSED] - println(isRequiredTextPresent): null

25-10-2024T01:00:59 - [TEST_STEP][PASSED] - if (isRequiredTextPresent): null

25-10-2024T01:00:59 - [TEST_STEP][PASSED] - if (verifyTextPresent("UDF8 Label:", false)): null

25-10-2024T01:01:00 - [MESSAGE][PASSED] - Text 'UDF8 Label:' is present on page 

25-10-2024T01:01:00 - [TEST_STEP][PASSED] - isRequiredTextPresent = true: null

25-10-2024T01:01:00 - [TEST_STEP][PASSED] - println(isRequiredTextPresent): null

25-10-2024T01:01:00 - [TEST_STEP][PASSED] - if (isRequiredTextPresent): null

25-10-2024T01:01:00 - [TEST_STEP][PASSED] - if (verifyTextPresent("UDF9 Label:", false)): null

25-10-2024T01:01:00 - [MESSAGE][PASSED] - Text 'UDF9 Label:' is present on page 

25-10-2024T01:01:00 - [TEST_STEP][PASSED] - isRequiredTextPresent = true: null

25-10-2024T01:01:00 - [TEST_STEP][PASSED] - println(isRequiredTextPresent): null

25-10-2024T01:01:00 - [TEST_STEP][PASSED] - if (isRequiredTextPresent): null

25-10-2024T01:01:00 - [TEST_STEP][PASSED] - if (verifyTextPresent("Transaction Type:", false)): null

25-10-2024T01:01:00 - [MESSAGE][PASSED] - Text 'Transaction Type:' is present on page 

25-10-2024T01:01:00 - [TEST_STEP][PASSED] - isRequiredTextPresent = true: null

25-10-2024T01:01:00 - [TEST_STEP][PASSED] - println(isRequiredTextPresent): null

25-10-2024T01:01:00 - [TEST_STEP][PASSED] - if (isRequiredTextPresent): null

25-10-2024T01:01:00 - [TEST_STEP][PASSED] - if (verifyTextPresent("Amount:", false)): null

25-10-2024T01:01:00 - [MESSAGE][PASSED] - Text 'Amount:' is present on page 

25-10-2024T01:01:00 - [TEST_STEP][PASSED] - isRequiredTextPresent = true: null

25-10-2024T01:01:00 - [TEST_STEP][PASSED] - println(isRequiredTextPresent): null

25-10-2024T01:01:00 - [TEST_STEP][PASSED] - if (isRequiredTextPresent): null

25-10-2024T01:01:00 - [TEST_STEP][PASSED] - if (verifyTextPresent("Check Information:", false)): null

25-10-2024T01:01:01 - [MESSAGE][PASSED] - Text 'Check Information:' is present on page 

25-10-2024T01:01:01 - [TEST_STEP][PASSED] - isRequiredTextPresent = true: null

25-10-2024T01:01:01 - [TEST_STEP][PASSED] - println(isRequiredTextPresent): null

25-10-2024T01:01:01 - [TEST_STEP][PASSED] - if (isRequiredTextPresent): null

25-10-2024T01:01:01 - [TEST_STEP][PASSED] - if (verifyTextPresent("Account Type:", false)): null

25-10-2024T01:01:01 - [MESSAGE][PASSED] - Text 'Account Type:' is present on page 

25-10-2024T01:01:01 - [TEST_STEP][PASSED] - isRequiredTextPresent = true: null

25-10-2024T01:01:01 - [TEST_STEP][PASSED] - println(isRequiredTextPresent): null

25-10-2024T01:01:01 - [TEST_STEP][PASSED] - if (isRequiredTextPresent): null

25-10-2024T01:01:01 - [TEST_STEP][PASSED] - if (verifyTextPresent("Account Number:", false)): null

25-10-2024T01:01:01 - [MESSAGE][PASSED] - Text 'Account Number:' is present on page 

25-10-2024T01:01:01 - [TEST_STEP][PASSED] - isRequiredTextPresent = true: null

25-10-2024T01:01:01 - [TEST_STEP][PASSED] - println(isRequiredTextPresent): null

25-10-2024T01:01:01 - [TEST_STEP][PASSED] - if (isRequiredTextPresent): null

25-10-2024T01:01:01 - [TEST_STEP][PASSED] - if (verifyTextPresent("Routing Number:", false)): null

25-10-2024T01:01:02 - [MESSAGE][PASSED] - Text 'Routing Number:' is present on page 

25-10-2024T01:01:02 - [TEST_STEP][PASSED] - isRequiredTextPresent = true: null

25-10-2024T01:01:02 - [TEST_STEP][PASSED] - println(isRequiredTextPresent): null

25-10-2024T01:01:02 - [TEST_STEP][PASSED] - if (isRequiredTextPresent): null

25-10-2024T01:01:02 - [TEST_STEP][PASSED] - if (verifyTextPresent("Name of Account:", false)): null

25-10-2024T01:01:02 - [MESSAGE][PASSED] - Text 'Name of Account:' is present on page 

25-10-2024T01:01:02 - [TEST_STEP][PASSED] - isRequiredTextPresent = true: null

25-10-2024T01:01:02 - [TEST_STEP][PASSED] - println(isRequiredTextPresent): null

25-10-2024T01:01:02 - [TEST_STEP][PASSED] - if (isRequiredTextPresent): null

25-10-2024T01:01:02 - [TEST_STEP][PASSED] - if (verifyTextPresent("Billing Information:", false)): null

25-10-2024T01:01:02 - [MESSAGE][PASSED] - Text 'Billing Information:' is present on page 

25-10-2024T01:01:02 - [TEST_STEP][PASSED] - isRequiredTextPresent = true: null

25-10-2024T01:01:02 - [TEST_STEP][PASSED] - println(isRequiredTextPresent): null

25-10-2024T01:01:02 - [TEST_STEP][PASSED] - if (isRequiredTextPresent): null

25-10-2024T01:01:02 - [TEST_STEP][PASSED] - if (verifyTextPresent("Address Line 1:", false)): null

25-10-2024T01:01:02 - [MESSAGE][PASSED] - Text 'Address Line 1:' is present on page 

25-10-2024T01:01:02 - [TEST_STEP][PASSED] - isRequiredTextPresent = true: null

25-10-2024T01:01:02 - [TEST_STEP][PASSED] - println(isRequiredTextPresent): null

25-10-2024T01:01:02 - [TEST_STEP][PASSED] - if (isRequiredTextPresent): null

25-10-2024T01:01:02 - [TEST_STEP][PASSED] - if (verifyTextPresent("Address Line 2:", false)): null

25-10-2024T01:01:03 - [MESSAGE][PASSED] - Text 'Address Line 2:' is present on page 

25-10-2024T01:01:03 - [TEST_STEP][PASSED] - isRequiredTextPresent = true: null

25-10-2024T01:01:03 - [TEST_STEP][PASSED] - println(isRequiredTextPresent): null

25-10-2024T01:01:03 - [TEST_STEP][PASSED] - if (isRequiredTextPresent): null

25-10-2024T01:01:03 - [TEST_STEP][PASSED] - if (verifyTextPresent("Country:", false)): null

25-10-2024T01:01:03 - [MESSAGE][PASSED] - Text 'Country:' is present on page 

25-10-2024T01:01:03 - [TEST_STEP][PASSED] - isRequiredTextPresent = true: null

25-10-2024T01:01:03 - [TEST_STEP][PASSED] - println(isRequiredTextPresent): null

25-10-2024T01:01:03 - [TEST_STEP][PASSED] - if (isRequiredTextPresent): null

25-10-2024T01:01:03 - [TEST_STEP][PASSED] - if (verifyTextPresent("City:", false)): null

25-10-2024T01:01:03 - [MESSAGE][PASSED] - Text 'City:' is present on page 

25-10-2024T01:01:03 - [TEST_STEP][PASSED] - isRequiredTextPresent = true: null

25-10-2024T01:01:03 - [TEST_STEP][PASSED] - println(isRequiredTextPresent): null

25-10-2024T01:01:03 - [TEST_STEP][PASSED] - if (isRequiredTextPresent): null

25-10-2024T01:01:03 - [TEST_STEP][PASSED] - if (verifyTextPresent("State:", false)): null

25-10-2024T01:01:03 - [MESSAGE][PASSED] - Text 'State:' is present on page 

25-10-2024T01:01:03 - [TEST_STEP][PASSED] - isRequiredTextPresent = true: null

25-10-2024T01:01:03 - [TEST_STEP][PASSED] - println(isRequiredTextPresent): null

25-10-2024T01:01:03 - [TEST_STEP][PASSED] - if (isRequiredTextPresent): null

25-10-2024T01:01:03 - [TEST_STEP][PASSED] - if (verifyTextPresent("Zip Code:", false)): null

25-10-2024T01:01:04 - [MESSAGE][PASSED] - Text 'Zip Code:' is present on page 

25-10-2024T01:01:04 - [TEST_STEP][PASSED] - isRequiredTextPresent = true: null

25-10-2024T01:01:04 - [TEST_STEP][PASSED] - println(isRequiredTextPresent): null

25-10-2024T01:01:04 - [TEST_STEP][PASSED] - if (isRequiredTextPresent): null

25-10-2024T01:01:04 - [TEST_STEP][PASSED] - if (verifyTextPresent("Plan Information:", false)): null

25-10-2024T01:01:04 - [MESSAGE][PASSED] - Text 'Plan Information:' is present on page 

25-10-2024T01:01:04 - [TEST_STEP][PASSED] - isRequiredTextPresent = true: null

25-10-2024T01:01:04 - [TEST_STEP][PASSED] - println(isRequiredTextPresent): null

25-10-2024T01:01:04 - [TEST_STEP][PASSED] - if (isRequiredTextPresent): null

25-10-2024T01:01:04 - [TEST_STEP][PASSED] - if (verifyTextPresent("Payment Plan Type:", false)): null

25-10-2024T01:01:04 - [MESSAGE][PASSED] - Text 'Payment Plan Type:' is present on page 

25-10-2024T01:01:04 - [TEST_STEP][PASSED] - isRequiredTextPresent = true: null

25-10-2024T01:01:04 - [TEST_STEP][PASSED] - println(isRequiredTextPresent): null

25-10-2024T01:01:04 - [TEST_STEP][PASSED] - if (isRequiredTextPresent): null

25-10-2024T01:01:04 - [TEST_STEP][PASSED] - if (verifyTextPresent("Payment Plan ID:", false)): null

25-10-2024T01:01:05 - [MESSAGE][PASSED] - Text 'Payment Plan ID:' is present on page 

25-10-2024T01:01:05 - [TEST_STEP][PASSED] - isRequiredTextPresent = true: null

25-10-2024T01:01:05 - [TEST_STEP][PASSED] - println(isRequiredTextPresent): null

25-10-2024T01:01:05 - [TEST_STEP][PASSED] - if (isRequiredTextPresent): null

25-10-2024T01:01:05 - [TEST_STEP][PASSED] - if (verifyTextPresent("Payment Date:", false)): null

25-10-2024T01:01:05 - [MESSAGE][PASSED] - Text 'Payment Date:' is present on page 

25-10-2024T01:01:05 - [TEST_STEP][PASSED] - isRequiredTextPresent = true: null

25-10-2024T01:01:05 - [TEST_STEP][PASSED] - println(isRequiredTextPresent): null

25-10-2024T01:01:05 - [TEST_STEP][PASSED] - if (isRequiredTextPresent == true): pages.WriteExcel.demoKey is PASSED

25-10-2024T01:01:05 - [TEST_STEP][PASSED] - println("All the relevant texts are present on Receipt Page"): null

25-10-2024T01:01:05 - [TEST_STEP][PASSED] - markPassed("All the relevant texts are present on Receipt Page"): All the relevant texts are present on Receipt Page

25-10-2024T01:01:05 - [MESSAGE][PASSED] - All the relevant texts are present on Receipt Page

25-10-2024T01:01:05 - [TEST_STEP][PASSED] - resText = "Pass": null

25-10-2024T01:01:05 - [TEST_STEP][PASSED] - pages.WriteExcel.demoKey(resText, datText, resColumn, datCloumn, fileLoc, nameSheet, row): pages.WriteExcel.demoKey is PASSED

25-10-2024T01:01:05 - [MESSAGE][PASSED] - pages.WriteExcel.demoKey is PASSED

25-10-2024T01:01:05 - [TEST_STEP][PASSED] - closeBrowser(): Browser is closed

25-10-2024T01:01:05 - [MESSAGE][PASSED] - Browser is closed]]></system-out>
         <system-err><![CDATA[]]></system-err>
      </testcase>
      <testcase name="Test Cases/IntegratedWeb/IWP25/Payments/VerifyEditReceiptLabelsDeferredCC" time="237.539" classname="Test Cases/IntegratedWeb/IWP25/Payments/VerifyEditReceiptLabelsDeferredCC" status="PASSED">
         <system-out><![CDATA[25-10-2024T01:01:05 - [TEST_CASE][PASSED] - Test Cases/IntegratedWeb/IWP25/Payments/VerifyEditReceiptLabelsDeferredCC: Test Cases/IntegratedWeb/IWP25/Payments/VerifyEditReceiptLabelsDeferredCC

25-10-2024T01:01:06 - [TEST_STEP][PASSED] - resText = "Fail": null

25-10-2024T01:01:06 - [TEST_STEP][PASSED] - resColumn = "Result": null

25-10-2024T01:01:06 - [TEST_STEP][PASSED] - datCloumn = "Date": null

25-10-2024T01:01:06 - [TEST_STEP][PASSED] - fileLoc = "KatalonData/IWPTestData/VRelay25PaymentsExtension.xlsx": null

25-10-2024T01:01:06 - [TEST_STEP][PASSED] - numOfRows = <not implemented yet for class: org.codehaus.groovy.ast.expr.EmptyExpression>: null

25-10-2024T01:01:06 - [TEST_STEP][PASSED] - nameSheet = <not implemented yet for class: org.codehaus.groovy.ast.expr.EmptyExpression>: null

25-10-2024T01:01:06 - [TEST_STEP][PASSED] - dataFileEmulator = <not implemented yet for class: org.codehaus.groovy.ast.expr.EmptyExpression>: null

25-10-2024T01:01:06 - [TEST_STEP][PASSED] - isRequiredTextPresent = false: null

25-10-2024T01:01:06 - [TEST_STEP][PASSED] - nameSheet = "VerifyEditLabelDeferredCredit": null

25-10-2024T01:01:06 - [TEST_STEP][PASSED] - dataFile = getExcelDataWithDefaultSheet("KatalonData/IWPTestData/VRelay25PaymentsExtension.xlsx", nameSheet, true): null

25-10-2024T01:01:06 - [TEST_STEP][PASSED] - dataFileEmulator = "IWPTestData/EmulatorData": null

25-10-2024T01:01:06 - [TEST_STEP][PASSED] - numOfRows = dataFile.getRowNumbers(): null

25-10-2024T01:01:06 - [TEST_STEP][PASSED] - println("Number of Records: " + numOfRows): null

25-10-2024T01:01:06 - [TEST_STEP][PASSED] - columnNames = dataFile.getColumnNames(): null

25-10-2024T01:01:06 - [TEST_STEP][PASSED] - println(columnNames[0]): null

25-10-2024T01:01:06 - [TEST_STEP][PASSED] - for ([row = 1, row <= numOfRows, (row++)]): Browser is closed

25-10-2024T01:01:06 - [TEST_STEP][PASSED] - ExecuteTC = dataFile.getValue("Execute", row): null

25-10-2024T01:01:06 - [TEST_STEP][PASSED] - out.println("Value of Execute is : " + ExecuteTC): null

25-10-2024T01:01:06 - [TEST_STEP][PASSED] - if (ExecuteTC.equalsIgnoreCase("Y")): null

25-10-2024T01:01:06 - [TEST_STEP][PASSED] - out.println("Begin Record Number: " + row): null

25-10-2024T01:01:06 - [TEST_STEP][PASSED] - today = new java.util.Date(): null

25-10-2024T01:01:06 - [TEST_STEP][PASSED] - println(today): null

25-10-2024T01:01:06 - [TEST_STEP][PASSED] - datText = today: null

25-10-2024T01:01:06 - [TEST_STEP][PASSED] - EmulatorDataKey = dataFile.getValue("EmulatorData", row): null

25-10-2024T01:01:06 - [TEST_STEP][PASSED] - out.println("Value of Emulator Key is : " + EmulatorDataKey): null

25-10-2024T01:01:06 - [TEST_STEP][PASSED] - iwpPages.emulatorIWP30.setDataEmulator_DD(EmulatorDataKey): iwpPages.emulatorIWP30.setDataEmulator_DD is PASSED

25-10-2024T01:01:06 - [MESSAGE][INFO] - Starting 'Edge Chromium' driver

25-10-2024T01:01:06 - [MESSAGE][INFO] - User set preference: ['acceptInsecureCerts', 'true']

25-10-2024T01:01:08 - [MESSAGE][INFO] - Action delay is set to 0 milliseconds

25-10-2024T01:01:12 - [MESSAGE][PASSED] - Browser is opened with url: 'https://qa2.velocitypayment.com/agencyx/config.action?action=editor&message_version=2_5'

25-10-2024T01:01:12 - [MESSAGE][PASSED] - Current window maximized

25-10-2024T01:01:44 - [MESSAGE][INFO] - Unable to find the element located by 'By.xpath: //select[@name='message_version']'. Please recheck the objects properties to make sure the desired element is located. 

25-10-2024T01:01:44 - [MESSAGE][WARNING] - [SELF-HEALING] Failed to find element with id 'Object Repository/IWP30/Page_VRelay30Emulator/MV'. Try using Self-healing.

25-10-2024T01:01:44 - [MESSAGE][WARNING] - [SELF-HEALING] The current locator of test object 'Object Repository/IWP30/Page_VRelay30Emulator/MV' was broken. Propose an alternative one: '(.//*[normalize-space(text()) and normalize-space(.)='Message Version'])[1]/following::select[1]'.

25-10-2024T01:01:44 - [MESSAGE][PASSED] - All options with value '2.5' are selected in object 'Object Repository/IWP30/Page_VRelay30Emulator/MV'  using regular expression

25-10-2024T01:01:45 - [MESSAGE][PASSED] - Text '10.50' is set on object 'Object Repository/IWP30/Page_EmulatorAgencyX/Amount'

25-10-2024T01:01:46 - [MESSAGE][PASSED] - Text 'gCHc15hhOxbR' is set on object 'Object Repository/IWP30/Page_EmulatorAgencyX/CAN'

25-10-2024T01:01:46 - [MESSAGE][PASSED] - Text 'PayNow' is set on object 'Object Repository/IWP30/Page_EmulatorAgencyX/Action'

25-10-2024T01:01:47 - [MESSAGE][PASSED] - Text 'en_US' is set on object 'Object Repository/IWP30/Page_EmulatorAgencyX/Lang'

25-10-2024T01:01:47 - [MESSAGE][PASSED] - Text '' is set on object 'Object Repository/IWP30/Page_EmulatorAgencyX/Fname'

25-10-2024T01:01:48 - [MESSAGE][PASSED] - Text '' is set on object 'Object Repository/IWP30/Page_EmulatorAgencyX/Lname'

25-10-2024T01:01:49 - [MESSAGE][PASSED] - Text '' is set on object 'Object Repository/IWP30/Page_EmulatorAgencyX/AL1'

25-10-2024T01:01:49 - [MESSAGE][PASSED] - Text '' is set on object 'Object Repository/IWP30/Page_EmulatorAgencyX/AL2'

25-10-2024T01:01:50 - [MESSAGE][PASSED] - Text '' is set on object 'Object Repository/IWP30/Page_EmulatorAgencyX/Country'

25-10-2024T01:01:50 - [MESSAGE][PASSED] - Text '' is set on object 'Object Repository/IWP30/Page_EmulatorAgencyX/City'

25-10-2024T01:01:51 - [MESSAGE][PASSED] - Text '' is set on object 'Object Repository/IWP30/Page_EmulatorAgencyX/State'

25-10-2024T01:01:51 - [MESSAGE][PASSED] - Text '' is set on object 'Object Repository/IWP30/Page_EmulatorAgencyX/ZIP'

25-10-2024T01:01:52 - [MESSAGE][PASSED] - Text '' is set on object 'Object Repository/IWP30/Page_EmulatorAgencyX/Order'

25-10-2024T01:01:53 - [MESSAGE][PASSED] - Text '' is set on object 'Object Repository/IWP30/Page_EmulatorAgencyX/Company'

25-10-2024T01:01:53 - [MESSAGE][PASSED] - Text '' is set on object 'Object Repository/IWP30/Page_EmulatorAgencyX/Email'

25-10-2024T01:01:54 - [MESSAGE][PASSED] - Text '' is set on object 'Object Repository/IWP30/Page_EmulatorAgencyX/UDF1'

25-10-2024T01:01:54 - [MESSAGE][PASSED] - Text '' is set on object 'Object Repository/IWP30/Page_EmulatorAgencyX/UDF2'

25-10-2024T01:01:55 - [MESSAGE][PASSED] - Text '' is set on object 'Object Repository/IWP30/Page_EmulatorAgencyX/UDF3'

25-10-2024T01:01:55 - [MESSAGE][PASSED] - Text 'udf data 4' is set on object 'Object Repository/IWP30/Page_EmulatorAgencyX/UDF4'

25-10-2024T01:01:56 - [MESSAGE][PASSED] - Text 'udf data 5' is set on object 'Object Repository/IWP30/Page_EmulatorAgencyX/UDF5'

25-10-2024T01:01:57 - [MESSAGE][PASSED] - Text '' is set on object 'Object Repository/IWP30/Page_EmulatorAgencyX/UDF6'

25-10-2024T01:01:57 - [MESSAGE][PASSED] - Text '' is set on object 'Object Repository/IWP30/Page_EmulatorAgencyX/UDF7'

25-10-2024T01:01:58 - [MESSAGE][PASSED] - Text '' is set on object 'Object Repository/IWP30/Page_EmulatorAgencyX/UDF8'

25-10-2024T01:01:58 - [MESSAGE][PASSED] - Text 'udf data 9' is set on object 'Object Repository/IWP30/Page_EmulatorAgencyX/UDF9'

25-10-2024T01:01:59 - [MESSAGE][PASSED] - Text 'udf data 10' is set on object 'Object Repository/IWP30/Page_EmulatorAgencyX/UDF10'

25-10-2024T01:02:00 - [MESSAGE][PASSED] - Object: 'Object Repository/IWP30/Page_EmulatorAgencyX/Submit' is clicked on

25-10-2024T01:02:05 - [MESSAGE][PASSED] - Browser is closed

25-10-2024T01:02:09 - [MESSAGE][PASSED] - iwpPages.emulatorIWP30.setDataEmulator_DD is PASSED

25-10-2024T01:02:09 - [TEST_STEP][PASSED] - testHarnessURL = urlTestHarness: null

25-10-2024T01:02:09 - [TEST_STEP][PASSED] - openBrowser(testHarnessURL): Browser is opened with url: 'https://dev-algorithm.govolution.com/vrelaytest/QA2/version_2_2/vrelaytest.html'

25-10-2024T01:02:09 - [MESSAGE][INFO] - Starting 'Edge Chromium' driver

25-10-2024T01:02:09 - [MESSAGE][INFO] - User set preference: ['acceptInsecureCerts', 'true']

25-10-2024T01:02:11 - [MESSAGE][INFO] - Action delay is set to 0 milliseconds

25-10-2024T01:02:14 - [MESSAGE][PASSED] - Browser is opened with url: 'https://dev-algorithm.govolution.com/vrelaytest/QA2/version_2_2/vrelaytest.html'

25-10-2024T01:02:14 - [TEST_STEP][PASSED] - maximizeWindow(): Current window maximized

25-10-2024T01:02:15 - [MESSAGE][PASSED] - Current window maximized

25-10-2024T01:02:15 - [TEST_STEP][PASSED] - iwpPages.TestHarnessPage.setDataMethodEF(row, dataFile): iwpPages.TestHarnessPage.setDataMethodEF is PASSED

25-10-2024T01:02:15 - [MESSAGE][PASSED] - Object 'Object Repository/IWP30/Page_QATestHarness/RemittanceID' is present

25-10-2024T01:02:15 - [MESSAGE][PASSED] - Text '638' is set on object 'Object Repository/IWP30/Page_QATestHarness/ApplicationID'

25-10-2024T01:02:16 - [MESSAGE][PASSED] - Text '2.5' is set on object 'Object Repository/IWP30/Page_QATestHarness/MessageVersion'

25-10-2024T01:02:17 - [MESSAGE][PASSED] - Text 'H6ReQ5YdTV8A' is set on object 'Object Repository/IWP30/Page_QATestHarness/RemittanceID'

25-10-2024T01:02:21 - [MESSAGE][PASSED] - Object: 'Object Repository/IWP30/Page_QATestHarness/SubmitButton' is clicked on

25-10-2024T01:02:21 - [MESSAGE][PASSED] - iwpPages.TestHarnessPage.setDataMethodEF is PASSED

25-10-2024T01:02:21 - [TEST_STEP][PASSED] - click(findTestObject("Object Repository/IWP30/Page_SelectPaymentMethod/PayByCreditCard")): Object: 'Object Repository/IWP30/Page_SelectPaymentMethod/PayByCreditCard' is clicked on

25-10-2024T01:02:21 - [MESSAGE][PASSED] - Object: 'Object Repository/IWP30/Page_SelectPaymentMethod/PayByCreditCard' is clicked on

25-10-2024T01:02:21 - [TEST_STEP][PASSED] - click(findTestObject("Object Repository/IWP30/Page_SelectPaymentMethod/MakePaymentButton")): Object: 'Object Repository/IWP30/Page_SelectPaymentMethod/MakePaymentButton' is clicked on

25-10-2024T01:02:24 - [MESSAGE][PASSED] - Object: 'Object Repository/IWP30/Page_SelectPaymentMethod/MakePaymentButton' is clicked on

25-10-2024T01:02:24 - [TEST_STEP][PASSED] - iwpPages.ccPaymentEntryPage.setDataCCPM(row, dataFile): iwpPages.ccPaymentEntryPage.setDataCCPM is PASSED

25-10-2024T01:02:25 - [MESSAGE][PASSED] - Object 'Object Repository/IWP30/Page_CCPaymentEntry/Name' is present

25-10-2024T01:02:25 - [MESSAGE][PASSED] - Text '10.50' is set on object 'Object Repository/IWP30/Page_CCPaymentEntry/Amount'

25-10-2024T01:02:26 - [MESSAGE][PASSED] - Text 'udf data 2' is set on object 'Object Repository/IWP30/Page_CCPaymentEntry/UserDefined2'

25-10-2024T01:02:27 - [MESSAGE][PASSED] - Text 'udf data 3' is set on object 'Object Repository/IWP30/Page_CCPaymentEntry/UserDefined3'

25-10-2024T01:02:27 - [MESSAGE][PASSED] - All options with label 'Orange' are selected in object 'Object Repository/IWP30/Page_CCPaymentEntry/UserDefined7' 

25-10-2024T01:02:28 - [MESSAGE][PASSED] - All options with label 'Soccer' are selected in object 'Object Repository/IWP30/Page_CCPaymentEntry/UserDefined8' 

25-10-2024T01:02:28 - [MESSAGE][PASSED] - Object 'Object Repository/IWP30/Page_CCPaymentEntry/Name' is present

25-10-2024T01:02:29 - [MESSAGE][PASSED] - Text 'Kavita Ranawati' is set on object 'Object Repository/IWP30/Page_CCPaymentEntry/Name'

25-10-2024T01:02:29 - [MESSAGE][PASSED] - Object 'Object Repository/IWP30/Page_CCPaymentEntry/CardNumber' is present

25-10-2024T01:02:29 - [MESSAGE][PASSED] - Text '4111111111111111' is set on object 'Object Repository/IWP30/Page_CCPaymentEntry/CardNumber'

25-10-2024T01:02:30 - [MESSAGE][PASSED] - Text '123' is set on object 'Object Repository/IWP30/Page_CCPaymentEntry/SPC'

25-10-2024T01:02:31 - [MESSAGE][PASSED] - Object 'Object Repository/IWP30/Page_CCPaymentEntry/Month' is present

25-10-2024T01:02:31 - [MESSAGE][PASSED] - All options with label '01' are selected in object 'Object Repository/IWP30/Page_CCPaymentEntry/Month' 

25-10-2024T01:02:31 - [MESSAGE][PASSED] - Object 'Object Repository/IWP30/Page_CCPaymentEntry/Year' is present

25-10-2024T01:02:32 - [MESSAGE][PASSED] - All options with label '2028' are selected in object 'Object Repository/IWP30/Page_CCPaymentEntry/Year' 

25-10-2024T01:02:32 - [MESSAGE][PASSED] - Execute JavaScript '
				   document.getElementById('processDate').value = '08/09/2025'
				  ' successfully

25-10-2024T01:02:33 - [MESSAGE][PASSED] - Text '365 Main Avenue' is set on object 'Object Repository/IWP30/Page_CCPaymentEntry/AL1'

25-10-2024T01:02:33 - [MESSAGE][PASSED] - Text 'Ohio' is set on object 'Object Repository/IWP30/Page_CCPaymentEntry/AL2'

25-10-2024T01:02:34 - [MESSAGE][PASSED] - Text '22201' is set on object 'Object Repository/IWP30/Page_CCPaymentEntry/ZIP'

25-10-2024T01:02:34 - [MESSAGE][PASSED] - Object 'Object Repository/IWP30/Page_CCPaymentEntry/EmailAddress' is present

25-10-2024T01:02:36 - [MESSAGE][PASSED] - Text 'iahmed@govolution.com' is set on object 'Object Repository/IWP30/Page_CCPaymentEntry/EmailAddress'

25-10-2024T01:02:36 - [MESSAGE][PASSED] - Object 'Object Repository/IWP30/Page_CCPaymentEntry/TermCondCheckBox' is present

25-10-2024T01:02:36 - [MESSAGE][PASSED] - Object 'Object Repository/IWP30/Page_CCPaymentEntry/TermCondCheckBox' is checked

25-10-2024T01:02:36 - [MESSAGE][PASSED] - Object 'Object Repository/IWP30/Page_CCPaymentEntry/ContinueButton' is present

25-10-2024T01:02:38 - [MESSAGE][PASSED] - Object: 'Object Repository/IWP30/Page_CCPaymentEntry/ContinueButton' is clicked on

25-10-2024T01:02:38 - [MESSAGE][PASSED] - iwpPages.ccPaymentEntryPage.setDataCCPM is PASSED

25-10-2024T01:02:38 - [TEST_STEP][PASSED] - click(findTestObject("Object Repository/IWP30/Page_Confirmation/ConfirmButton")): Object: 'Object Repository/IWP30/Page_Confirmation/ConfirmButton' is clicked on

25-10-2024T01:02:41 - [MESSAGE][PASSED] - Object: 'Object Repository/IWP30/Page_Confirmation/ConfirmButton' is clicked on

25-10-2024T01:02:41 - [TEST_STEP][PASSED] - Thread.sleep(2000): null

25-10-2024T01:02:43 - [TEST_STEP][PASSED] - if (verifyTextPresent("Deferred", false)): null

25-10-2024T01:02:43 - [MESSAGE][PASSED] - Text 'Deferred' is present on page 

25-10-2024T01:02:43 - [TEST_STEP][PASSED] - click(findTestObject("Object Repository/IWP30/Page_Receipt/ViewScheduledPaymentsButton")): Object: 'Object Repository/IWP30/Page_Receipt/ViewScheduledPaymentsButton' is clicked on

25-10-2024T01:02:44 - [MESSAGE][PASSED] - Object: 'Object Repository/IWP30/Page_Receipt/ViewScheduledPaymentsButton' is clicked on

25-10-2024T01:02:44 - [TEST_STEP][PASSED] - switchToWindowTitle("View Scheduled Payments"): Switched to window with title: 'View Scheduled Payments'

25-10-2024T01:02:44 - [MESSAGE][PASSED] - Switched to window with title: 'View Scheduled Payments'

25-10-2024T01:02:44 - [TEST_STEP][PASSED] - Thread.sleep(5000): null

25-10-2024T01:02:49 - [TEST_STEP][PASSED] - if (verifyTextPresent("View Scheduled Payments", false)): null

25-10-2024T01:02:49 - [MESSAGE][PASSED] - Text 'View Scheduled Payments' is present on page 

25-10-2024T01:02:49 - [TEST_STEP][PASSED] - click(findTestObject("Object Repository/IWP30/Page_ScheduledPayments/edit_payment")): Object: 'Object Repository/IWP30/Page_ScheduledPayments/edit_payment' is clicked on

25-10-2024T01:02:52 - [MESSAGE][PASSED] - Object: 'Object Repository/IWP30/Page_ScheduledPayments/edit_payment' is clicked on

25-10-2024T01:02:52 - [TEST_STEP][PASSED] - iwpPages.editSchedulePayment.setDataSchedPaymentEF(row, dataFile): iwpPages.editSchedulePayment.setDataSchedPaymentEF is PASSED

25-10-2024T01:02:53 - [MESSAGE][PASSED] - Text 'Edit Payment Plan' is present on page 

25-10-2024T01:02:54 - [MESSAGE][PASSED] - All options with label 'Orange' are selected in object 'Object Repository/IWP30/Page_CCPaymentEntry/UserDefined7' 

25-10-2024T01:02:54 - [MESSAGE][PASSED] - All options with label 'Soccer' are selected in object 'Object Repository/IWP30/Page_CCPaymentEntry/UserDefined8' 

25-10-2024T01:02:55 - [MESSAGE][PASSED] - Text '123' is set on object 'Object Repository/IWP30/Page_CCPaymentEntry/SPC'

25-10-2024T01:02:55 - [MESSAGE][PASSED] - Execute JavaScript '
				   document.getElementById('processDate').value = '08/09/2045'
				  ' successfully

25-10-2024T01:02:55 - [MESSAGE][PASSED] - iwpPages.editSchedulePayment.setDataSchedPaymentEF is PASSED

25-10-2024T01:02:55 - [TEST_STEP][PASSED] - click(findTestObject("Object Repository/Page_EditSchedPayment/chkbox_acceptterms")): Object: 'Object Repository/Page_EditSchedPayment/chkbox_acceptterms' is clicked on

25-10-2024T01:02:55 - [MESSAGE][PASSED] - Object: 'Object Repository/Page_EditSchedPayment/chkbox_acceptterms' is clicked on

25-10-2024T01:02:55 - [TEST_STEP][PASSED] - click(findTestObject("Object Repository/Page_EditSchedPayment/btn_update")): Object: 'Object Repository/Page_EditSchedPayment/btn_update' is clicked on

25-10-2024T01:02:58 - [MESSAGE][PASSED] - Object: 'Object Repository/Page_EditSchedPayment/btn_update' is clicked on

25-10-2024T01:02:58 - [TEST_STEP][PASSED] - if (verifyTextPresent("Successful Payment Plan Update", false)): null

25-10-2024T01:02:58 - [MESSAGE][PASSED] - Text 'Successful Payment Plan Update' is present on page 

25-10-2024T01:02:58 - [TEST_STEP][PASSED] - isRequiredTextPresent = true: null

25-10-2024T01:02:58 - [TEST_STEP][PASSED] - println(isRequiredTextPresent): null

25-10-2024T01:02:58 - [TEST_STEP][PASSED] - if (isRequiredTextPresent): null

25-10-2024T01:02:58 - [TEST_STEP][PASSED] - if (verifyTextPresent("CAN Label:", false)): null

25-10-2024T01:02:58 - [MESSAGE][PASSED] - Text 'CAN Label:' is present on page 

25-10-2024T01:02:58 - [TEST_STEP][PASSED] - isRequiredTextPresent = true: null

25-10-2024T01:02:58 - [TEST_STEP][PASSED] - println(isRequiredTextPresent): null

25-10-2024T01:02:58 - [TEST_STEP][PASSED] - if (isRequiredTextPresent): null

25-10-2024T01:02:58 - [TEST_STEP][PASSED] - if (verifyTextPresent("Remittance ID:", false)): null

25-10-2024T01:02:59 - [MESSAGE][PASSED] - Text 'Remittance ID:' is present on page 

25-10-2024T01:02:59 - [TEST_STEP][PASSED] - isRequiredTextPresent = true: null

25-10-2024T01:02:59 - [TEST_STEP][PASSED] - println(isRequiredTextPresent): null

25-10-2024T01:02:59 - [TEST_STEP][PASSED] - if (isRequiredTextPresent): null

25-10-2024T01:02:59 - [TEST_STEP][PASSED] - if (verifyTextPresent("UDF2 Label:", false)): null

25-10-2024T01:02:59 - [MESSAGE][PASSED] - Text 'UDF2 Label:' is present on page 

25-10-2024T01:02:59 - [TEST_STEP][PASSED] - isRequiredTextPresent = true: null

25-10-2024T01:02:59 - [TEST_STEP][PASSED] - println(isRequiredTextPresent): null

25-10-2024T01:02:59 - [TEST_STEP][PASSED] - if (isRequiredTextPresent): null

25-10-2024T01:02:59 - [TEST_STEP][PASSED] - if (verifyTextPresent("UDF3 Label:", false)): null

25-10-2024T01:02:59 - [MESSAGE][PASSED] - Text 'UDF3 Label:' is present on page 

25-10-2024T01:02:59 - [TEST_STEP][PASSED] - isRequiredTextPresent = true: null

25-10-2024T01:02:59 - [TEST_STEP][PASSED] - println(isRequiredTextPresent): null

25-10-2024T01:02:59 - [TEST_STEP][PASSED] - if (isRequiredTextPresent): null

25-10-2024T01:02:59 - [TEST_STEP][PASSED] - if (verifyTextPresent("UDF4 Label:", false)): null

25-10-2024T01:02:59 - [MESSAGE][PASSED] - Text 'UDF4 Label:' is present on page 

25-10-2024T01:02:59 - [TEST_STEP][PASSED] - isRequiredTextPresent = true: null

25-10-2024T01:02:59 - [TEST_STEP][PASSED] - println(isRequiredTextPresent): null

25-10-2024T01:02:59 - [TEST_STEP][PASSED] - if (isRequiredTextPresent): null

25-10-2024T01:02:59 - [TEST_STEP][PASSED] - if (verifyTextPresent("UDF7 Label:", false)): null

25-10-2024T01:03:00 - [MESSAGE][PASSED] - Text 'UDF7 Label:' is present on page 

25-10-2024T01:03:00 - [TEST_STEP][PASSED] - isRequiredTextPresent = true: null

25-10-2024T01:03:00 - [TEST_STEP][PASSED] - println(isRequiredTextPresent): null

25-10-2024T01:03:00 - [TEST_STEP][PASSED] - if (isRequiredTextPresent): null

25-10-2024T01:03:00 - [TEST_STEP][PASSED] - if (verifyTextPresent("UDF8 Label:", false)): null

25-10-2024T01:03:00 - [MESSAGE][PASSED] - Text 'UDF8 Label:' is present on page 

25-10-2024T01:03:00 - [TEST_STEP][PASSED] - isRequiredTextPresent = true: null

25-10-2024T01:03:00 - [TEST_STEP][PASSED] - println(isRequiredTextPresent): null

25-10-2024T01:03:00 - [TEST_STEP][PASSED] - if (isRequiredTextPresent): null

25-10-2024T01:03:00 - [TEST_STEP][PASSED] - if (verifyTextPresent("UDF9 Label:", false)): null

25-10-2024T01:03:00 - [MESSAGE][PASSED] - Text 'UDF9 Label:' is present on page 

25-10-2024T01:03:00 - [TEST_STEP][PASSED] - isRequiredTextPresent = true: null

25-10-2024T01:03:00 - [TEST_STEP][PASSED] - println(isRequiredTextPresent): null

25-10-2024T01:03:00 - [TEST_STEP][PASSED] - if (isRequiredTextPresent): null

25-10-2024T01:03:00 - [TEST_STEP][PASSED] - if (verifyTextPresent("Transaction Type:", false)): null

25-10-2024T01:03:01 - [MESSAGE][PASSED] - Text 'Transaction Type:' is present on page 

25-10-2024T01:03:01 - [TEST_STEP][PASSED] - isRequiredTextPresent = true: null

25-10-2024T01:03:01 - [TEST_STEP][PASSED] - println(isRequiredTextPresent): null

25-10-2024T01:03:01 - [TEST_STEP][PASSED] - if (isRequiredTextPresent): null

25-10-2024T01:03:01 - [TEST_STEP][PASSED] - if (verifyTextPresent("Amount:", false)): null

25-10-2024T01:03:01 - [MESSAGE][PASSED] - Text 'Amount:' is present on page 

25-10-2024T01:03:01 - [TEST_STEP][PASSED] - isRequiredTextPresent = true: null

25-10-2024T01:03:01 - [TEST_STEP][PASSED] - println(isRequiredTextPresent): null

25-10-2024T01:03:01 - [TEST_STEP][PASSED] - if (isRequiredTextPresent): null

25-10-2024T01:03:01 - [TEST_STEP][PASSED] - if (verifyTextPresent("Card Information:", false)): null

25-10-2024T01:03:01 - [MESSAGE][PASSED] - Text 'Card Information:' is present on page 

25-10-2024T01:03:01 - [TEST_STEP][PASSED] - isRequiredTextPresent = true: null

25-10-2024T01:03:01 - [TEST_STEP][PASSED] - println(isRequiredTextPresent): null

25-10-2024T01:03:01 - [TEST_STEP][PASSED] - if (isRequiredTextPresent): null

25-10-2024T01:03:01 - [TEST_STEP][PASSED] - if (verifyTextPresent("Card Type:", false)): null

25-10-2024T01:03:01 - [MESSAGE][PASSED] - Text 'Card Type:' is present on page 

25-10-2024T01:03:01 - [TEST_STEP][PASSED] - isRequiredTextPresent = true: null

25-10-2024T01:03:01 - [TEST_STEP][PASSED] - println(isRequiredTextPresent): null

25-10-2024T01:03:01 - [TEST_STEP][PASSED] - if (isRequiredTextPresent): null

25-10-2024T01:03:01 - [TEST_STEP][PASSED] - if (verifyTextPresent("Name of Account:", false)): null

25-10-2024T01:03:02 - [MESSAGE][PASSED] - Text 'Name of Account:' is present on page 

25-10-2024T01:03:02 - [TEST_STEP][PASSED] - isRequiredTextPresent = true: null

25-10-2024T01:03:02 - [TEST_STEP][PASSED] - println(isRequiredTextPresent): null

25-10-2024T01:03:02 - [TEST_STEP][PASSED] - if (isRequiredTextPresent): null

25-10-2024T01:03:02 - [TEST_STEP][PASSED] - if (verifyTextPresent("Card Number:", false)): null

25-10-2024T01:03:02 - [MESSAGE][PASSED] - Text 'Card Number:' is present on page 

25-10-2024T01:03:02 - [TEST_STEP][PASSED] - isRequiredTextPresent = true: null

25-10-2024T01:03:02 - [TEST_STEP][PASSED] - println(isRequiredTextPresent): null

25-10-2024T01:03:02 - [TEST_STEP][PASSED] - if (isRequiredTextPresent): null

25-10-2024T01:03:02 - [TEST_STEP][PASSED] - if (verifyTextPresent("Expiration Date:", false)): null

25-10-2024T01:03:02 - [MESSAGE][PASSED] - Text 'Expiration Date:' is present on page 

25-10-2024T01:03:02 - [TEST_STEP][PASSED] - isRequiredTextPresent = true: null

25-10-2024T01:03:02 - [TEST_STEP][PASSED] - println(isRequiredTextPresent): null

25-10-2024T01:03:02 - [TEST_STEP][PASSED] - if (isRequiredTextPresent): null

25-10-2024T01:03:02 - [TEST_STEP][PASSED] - if (verifyTextPresent("Billing Information:", false)): null

25-10-2024T01:03:03 - [MESSAGE][PASSED] - Text 'Billing Information:' is present on page 

25-10-2024T01:03:03 - [TEST_STEP][PASSED] - isRequiredTextPresent = true: null

25-10-2024T01:03:03 - [TEST_STEP][PASSED] - println(isRequiredTextPresent): null

25-10-2024T01:03:03 - [TEST_STEP][PASSED] - if (isRequiredTextPresent): null

25-10-2024T01:03:03 - [TEST_STEP][PASSED] - if (verifyTextPresent("Address Line 1:", false)): null

25-10-2024T01:03:03 - [MESSAGE][PASSED] - Text 'Address Line 1:' is present on page 

25-10-2024T01:03:03 - [TEST_STEP][PASSED] - isRequiredTextPresent = true: null

25-10-2024T01:03:03 - [TEST_STEP][PASSED] - println(isRequiredTextPresent): null

25-10-2024T01:03:03 - [TEST_STEP][PASSED] - if (isRequiredTextPresent): null

25-10-2024T01:03:03 - [TEST_STEP][PASSED] - if (verifyTextPresent("Address Line 2:", false)): null

25-10-2024T01:03:03 - [MESSAGE][PASSED] - Text 'Address Line 2:' is present on page 

25-10-2024T01:03:03 - [TEST_STEP][PASSED] - isRequiredTextPresent = true: null

25-10-2024T01:03:03 - [TEST_STEP][PASSED] - println(isRequiredTextPresent): null

25-10-2024T01:03:03 - [TEST_STEP][PASSED] - if (isRequiredTextPresent): null

25-10-2024T01:03:03 - [TEST_STEP][PASSED] - if (verifyTextPresent("Country:", false)): null

25-10-2024T01:03:03 - [MESSAGE][PASSED] - Text 'Country:' is present on page 

25-10-2024T01:03:03 - [TEST_STEP][PASSED] - isRequiredTextPresent = true: null

25-10-2024T01:03:03 - [TEST_STEP][PASSED] - println(isRequiredTextPresent): null

25-10-2024T01:03:03 - [TEST_STEP][PASSED] - if (isRequiredTextPresent): null

25-10-2024T01:03:03 - [TEST_STEP][PASSED] - if (verifyTextPresent("City:", false)): null

25-10-2024T01:03:04 - [MESSAGE][PASSED] - Text 'City:' is present on page 

25-10-2024T01:03:04 - [TEST_STEP][PASSED] - isRequiredTextPresent = true: null

25-10-2024T01:03:04 - [TEST_STEP][PASSED] - println(isRequiredTextPresent): null

25-10-2024T01:03:04 - [TEST_STEP][PASSED] - if (isRequiredTextPresent): null

25-10-2024T01:03:04 - [TEST_STEP][PASSED] - if (verifyTextPresent("State:", false)): null

25-10-2024T01:03:04 - [MESSAGE][PASSED] - Text 'State:' is present on page 

25-10-2024T01:03:04 - [TEST_STEP][PASSED] - isRequiredTextPresent = true: null

25-10-2024T01:03:04 - [TEST_STEP][PASSED] - println(isRequiredTextPresent): null

25-10-2024T01:03:04 - [TEST_STEP][PASSED] - if (isRequiredTextPresent): null

25-10-2024T01:03:04 - [TEST_STEP][PASSED] - if (verifyTextPresent("Zip Code:", false)): null

25-10-2024T01:03:04 - [MESSAGE][PASSED] - Text 'Zip Code:' is present on page 

25-10-2024T01:03:04 - [TEST_STEP][PASSED] - isRequiredTextPresent = true: null

25-10-2024T01:03:04 - [TEST_STEP][PASSED] - println(isRequiredTextPresent): null

25-10-2024T01:03:04 - [TEST_STEP][PASSED] - if (isRequiredTextPresent): null

25-10-2024T01:03:04 - [TEST_STEP][PASSED] - if (verifyTextPresent("Plan Information:", false)): null

25-10-2024T01:03:04 - [MESSAGE][PASSED] - Text 'Plan Information:' is present on page 

25-10-2024T01:03:04 - [TEST_STEP][PASSED] - isRequiredTextPresent = true: null

25-10-2024T01:03:04 - [TEST_STEP][PASSED] - println(isRequiredTextPresent): null

25-10-2024T01:03:04 - [TEST_STEP][PASSED] - if (isRequiredTextPresent): null

25-10-2024T01:03:04 - [TEST_STEP][PASSED] - if (verifyTextPresent("Payment Plan Type:", false)): null

25-10-2024T01:03:05 - [MESSAGE][PASSED] - Text 'Payment Plan Type:' is present on page 

25-10-2024T01:03:05 - [TEST_STEP][PASSED] - isRequiredTextPresent = true: null

25-10-2024T01:03:05 - [TEST_STEP][PASSED] - println(isRequiredTextPresent): null

25-10-2024T01:03:05 - [TEST_STEP][PASSED] - if (isRequiredTextPresent): null

25-10-2024T01:03:05 - [TEST_STEP][PASSED] - if (verifyTextPresent("Payment Plan ID:", false)): null

25-10-2024T01:03:05 - [MESSAGE][PASSED] - Text 'Payment Plan ID:' is present on page 

25-10-2024T01:03:05 - [TEST_STEP][PASSED] - isRequiredTextPresent = true: null

25-10-2024T01:03:05 - [TEST_STEP][PASSED] - println(isRequiredTextPresent): null

25-10-2024T01:03:05 - [TEST_STEP][PASSED] - if (isRequiredTextPresent): null

25-10-2024T01:03:05 - [TEST_STEP][PASSED] - if (verifyTextPresent("Start Date:", false)): null

25-10-2024T01:03:05 - [MESSAGE][PASSED] - Text 'Start Date:' is present on page 

25-10-2024T01:03:05 - [TEST_STEP][PASSED] - isRequiredTextPresent = true: null

25-10-2024T01:03:05 - [TEST_STEP][PASSED] - println(isRequiredTextPresent): null

25-10-2024T01:03:05 - [TEST_STEP][PASSED] - if (isRequiredTextPresent == true): pages.WriteExcel.demoKey is PASSED

25-10-2024T01:03:05 - [TEST_STEP][PASSED] - println("All the relevant texts are present on Receipt Page"): null

25-10-2024T01:03:05 - [TEST_STEP][PASSED] - markPassed("All the relevant texts are present on Receipt Page"): All the relevant texts are present on Receipt Page

25-10-2024T01:03:05 - [MESSAGE][PASSED] - All the relevant texts are present on Receipt Page

25-10-2024T01:03:05 - [TEST_STEP][PASSED] - resText = "Pass": null

25-10-2024T01:03:05 - [TEST_STEP][PASSED] - pages.WriteExcel.demoKey(resText, datText, resColumn, datCloumn, fileLoc, nameSheet, row): pages.WriteExcel.demoKey is PASSED

25-10-2024T01:03:06 - [MESSAGE][PASSED] - pages.WriteExcel.demoKey is PASSED

25-10-2024T01:03:06 - [TEST_STEP][PASSED] - closeBrowser(): Browser is closed

25-10-2024T01:03:06 - [MESSAGE][PASSED] - Browser is closed

25-10-2024T01:03:06 - [TEST_STEP][PASSED] - ExecuteTC = dataFile.getValue("Execute", row): null

25-10-2024T01:03:06 - [TEST_STEP][PASSED] - out.println("Value of Execute is : " + ExecuteTC): null

25-10-2024T01:03:06 - [TEST_STEP][PASSED] - if (ExecuteTC.equalsIgnoreCase("Y")): null

25-10-2024T01:03:06 - [TEST_STEP][PASSED] - out.println("Begin Record Number: " + row): null

25-10-2024T01:03:06 - [TEST_STEP][PASSED] - today = new java.util.Date(): null

25-10-2024T01:03:06 - [TEST_STEP][PASSED] - println(today): null

25-10-2024T01:03:06 - [TEST_STEP][PASSED] - datText = today: null

25-10-2024T01:03:06 - [TEST_STEP][PASSED] - EmulatorDataKey = dataFile.getValue("EmulatorData", row): null

25-10-2024T01:03:06 - [TEST_STEP][PASSED] - out.println("Value of Emulator Key is : " + EmulatorDataKey): null

25-10-2024T01:03:06 - [TEST_STEP][PASSED] - iwpPages.emulatorIWP30.setDataEmulator_DD(EmulatorDataKey): iwpPages.emulatorIWP30.setDataEmulator_DD is PASSED

25-10-2024T01:03:07 - [MESSAGE][INFO] - Starting 'Edge Chromium' driver

25-10-2024T01:03:07 - [MESSAGE][INFO] - User set preference: ['acceptInsecureCerts', 'true']

25-10-2024T01:03:09 - [MESSAGE][INFO] - Action delay is set to 0 milliseconds

25-10-2024T01:03:13 - [MESSAGE][PASSED] - Browser is opened with url: 'https://qa2.velocitypayment.com/agencyx/config.action?action=editor&message_version=3_0'

25-10-2024T01:03:13 - [MESSAGE][PASSED] - Current window maximized

25-10-2024T01:03:44 - [MESSAGE][INFO] - Unable to find the element located by 'By.xpath: //select[@name='message_version']'. Please recheck the objects properties to make sure the desired element is located. 

25-10-2024T01:03:44 - [MESSAGE][WARNING] - [SELF-HEALING] Failed to find element with id 'Object Repository/IWP30/Page_VRelay30Emulator/MV'. Try using Self-healing.

25-10-2024T01:03:44 - [MESSAGE][WARNING] - [SELF-HEALING] The current locator of test object 'Object Repository/IWP30/Page_VRelay30Emulator/MV' was broken. Propose an alternative one: '(.//*[normalize-space(text()) and normalize-space(.)='Message Version'])[1]/following::select[1]'.

25-10-2024T01:03:45 - [MESSAGE][PASSED] - All options with value '3.0' are selected in object 'Object Repository/IWP30/Page_VRelay30Emulator/MV'  using regular expression

25-10-2024T01:03:45 - [MESSAGE][PASSED] - Text '10.50' is set on object 'Object Repository/IWP30/Page_EmulatorAgencyX/Amount'

25-10-2024T01:03:46 - [MESSAGE][PASSED] - Text 'pnkHfQvLy1cU' is set on object 'Object Repository/IWP30/Page_EmulatorAgencyX/CAN'

25-10-2024T01:03:47 - [MESSAGE][PASSED] - Text 'PayNow' is set on object 'Object Repository/IWP30/Page_EmulatorAgencyX/Action'

25-10-2024T01:03:47 - [MESSAGE][PASSED] - Text 'en_US' is set on object 'Object Repository/IWP30/Page_EmulatorAgencyX/Lang'

25-10-2024T01:03:48 - [MESSAGE][PASSED] - Text '' is set on object 'Object Repository/IWP30/Page_EmulatorAgencyX/Fname'

25-10-2024T01:03:48 - [MESSAGE][PASSED] - Text '' is set on object 'Object Repository/IWP30/Page_EmulatorAgencyX/Lname'

25-10-2024T01:03:49 - [MESSAGE][PASSED] - Text '' is set on object 'Object Repository/IWP30/Page_EmulatorAgencyX/AL1'

25-10-2024T01:03:49 - [MESSAGE][PASSED] - Text '' is set on object 'Object Repository/IWP30/Page_EmulatorAgencyX/AL2'

25-10-2024T01:03:50 - [MESSAGE][PASSED] - Text '' is set on object 'Object Repository/IWP30/Page_EmulatorAgencyX/Country'

25-10-2024T01:03:51 - [MESSAGE][PASSED] - Text '' is set on object 'Object Repository/IWP30/Page_EmulatorAgencyX/City'

25-10-2024T01:03:51 - [MESSAGE][PASSED] - Text '' is set on object 'Object Repository/IWP30/Page_EmulatorAgencyX/State'

25-10-2024T01:03:52 - [MESSAGE][PASSED] - Text '' is set on object 'Object Repository/IWP30/Page_EmulatorAgencyX/ZIP'

25-10-2024T01:03:52 - [MESSAGE][PASSED] - Text '' is set on object 'Object Repository/IWP30/Page_EmulatorAgencyX/Order'

25-10-2024T01:03:53 - [MESSAGE][PASSED] - Text '' is set on object 'Object Repository/IWP30/Page_EmulatorAgencyX/Company'

25-10-2024T01:03:53 - [MESSAGE][PASSED] - Text '' is set on object 'Object Repository/IWP30/Page_EmulatorAgencyX/Email'

25-10-2024T01:03:54 - [MESSAGE][PASSED] - Text '' is set on object 'Object Repository/IWP30/Page_EmulatorAgencyX/UDF1'

25-10-2024T01:03:55 - [MESSAGE][PASSED] - Text '' is set on object 'Object Repository/IWP30/Page_EmulatorAgencyX/UDF2'

25-10-2024T01:03:55 - [MESSAGE][PASSED] - Text '' is set on object 'Object Repository/IWP30/Page_EmulatorAgencyX/UDF3'

25-10-2024T01:03:56 - [MESSAGE][PASSED] - Text 'udf data 4' is set on object 'Object Repository/IWP30/Page_EmulatorAgencyX/UDF4'

25-10-2024T01:03:56 - [MESSAGE][PASSED] - Text 'udf data 5' is set on object 'Object Repository/IWP30/Page_EmulatorAgencyX/UDF5'

25-10-2024T01:03:57 - [MESSAGE][PASSED] - Text '' is set on object 'Object Repository/IWP30/Page_EmulatorAgencyX/UDF6'

25-10-2024T01:03:58 - [MESSAGE][PASSED] - Text '' is set on object 'Object Repository/IWP30/Page_EmulatorAgencyX/UDF7'

25-10-2024T01:03:58 - [MESSAGE][PASSED] - Text '' is set on object 'Object Repository/IWP30/Page_EmulatorAgencyX/UDF8'

25-10-2024T01:03:59 - [MESSAGE][PASSED] - Text 'udf data 9' is set on object 'Object Repository/IWP30/Page_EmulatorAgencyX/UDF9'

25-10-2024T01:03:59 - [MESSAGE][PASSED] - Text 'udf data 10' is set on object 'Object Repository/IWP30/Page_EmulatorAgencyX/UDF10'

25-10-2024T01:04:01 - [MESSAGE][PASSED] - Object: 'Object Repository/IWP30/Page_EmulatorAgencyX/Submit' is clicked on

25-10-2024T01:04:05 - [MESSAGE][PASSED] - Browser is closed

25-10-2024T01:04:09 - [MESSAGE][PASSED] - iwpPages.emulatorIWP30.setDataEmulator_DD is PASSED

25-10-2024T01:04:09 - [TEST_STEP][PASSED] - testHarnessURL = urlTestHarness: null

25-10-2024T01:04:09 - [TEST_STEP][PASSED] - openBrowser(testHarnessURL): Browser is opened with url: 'https://dev-algorithm.govolution.com/vrelaytest/QA2/version_2_2/vrelaytest.html'

25-10-2024T01:04:09 - [MESSAGE][INFO] - Starting 'Edge Chromium' driver

25-10-2024T01:04:09 - [MESSAGE][INFO] - User set preference: ['acceptInsecureCerts', 'true']

25-10-2024T01:04:11 - [MESSAGE][INFO] - Action delay is set to 0 milliseconds

25-10-2024T01:04:15 - [MESSAGE][PASSED] - Browser is opened with url: 'https://dev-algorithm.govolution.com/vrelaytest/QA2/version_2_2/vrelaytest.html'

25-10-2024T01:04:15 - [TEST_STEP][PASSED] - maximizeWindow(): Current window maximized

25-10-2024T01:04:15 - [MESSAGE][PASSED] - Current window maximized

25-10-2024T01:04:15 - [TEST_STEP][PASSED] - iwpPages.TestHarnessPage.setDataMethodEF(row, dataFile): iwpPages.TestHarnessPage.setDataMethodEF is PASSED

25-10-2024T01:04:15 - [MESSAGE][PASSED] - Object 'Object Repository/IWP30/Page_QATestHarness/RemittanceID' is present

25-10-2024T01:04:16 - [MESSAGE][PASSED] - Text '649' is set on object 'Object Repository/IWP30/Page_QATestHarness/ApplicationID'

25-10-2024T01:04:16 - [MESSAGE][PASSED] - Text '3.0' is set on object 'Object Repository/IWP30/Page_QATestHarness/MessageVersion'

25-10-2024T01:04:17 - [MESSAGE][PASSED] - Text 'YcoHKSQxlegQ' is set on object 'Object Repository/IWP30/Page_QATestHarness/RemittanceID'

25-10-2024T01:04:20 - [MESSAGE][PASSED] - Object: 'Object Repository/IWP30/Page_QATestHarness/SubmitButton' is clicked on

25-10-2024T01:04:20 - [MESSAGE][PASSED] - iwpPages.TestHarnessPage.setDataMethodEF is PASSED

25-10-2024T01:04:20 - [TEST_STEP][PASSED] - click(findTestObject("Object Repository/IWP30/Page_SelectPaymentMethod/PayByCreditCard")): Object: 'Object Repository/IWP30/Page_SelectPaymentMethod/PayByCreditCard' is clicked on

25-10-2024T01:04:21 - [MESSAGE][PASSED] - Object: 'Object Repository/IWP30/Page_SelectPaymentMethod/PayByCreditCard' is clicked on

25-10-2024T01:04:21 - [TEST_STEP][PASSED] - click(findTestObject("Object Repository/IWP30/Page_SelectPaymentMethod/MakePaymentButton")): Object: 'Object Repository/IWP30/Page_SelectPaymentMethod/MakePaymentButton' is clicked on

25-10-2024T01:04:24 - [MESSAGE][PASSED] - Object: 'Object Repository/IWP30/Page_SelectPaymentMethod/MakePaymentButton' is clicked on

25-10-2024T01:04:24 - [TEST_STEP][PASSED] - iwpPages.ccPaymentEntryPage.setDataCCPM(row, dataFile): iwpPages.ccPaymentEntryPage.setDataCCPM is PASSED

25-10-2024T01:04:24 - [MESSAGE][PASSED] - Object 'Object Repository/IWP30/Page_CCPaymentEntry/Name' is present

25-10-2024T01:04:25 - [MESSAGE][PASSED] - Text '10.50' is set on object 'Object Repository/IWP30/Page_CCPaymentEntry/Amount'

25-10-2024T01:04:26 - [MESSAGE][PASSED] - Text 'udf data 2' is set on object 'Object Repository/IWP30/Page_CCPaymentEntry/UserDefined2'

25-10-2024T01:04:26 - [MESSAGE][PASSED] - Text 'udf data 3' is set on object 'Object Repository/IWP30/Page_CCPaymentEntry/UserDefined3'

25-10-2024T01:04:27 - [MESSAGE][PASSED] - All options with label 'Orange' are selected in object 'Object Repository/IWP30/Page_CCPaymentEntry/UserDefined7' 

25-10-2024T01:04:27 - [MESSAGE][PASSED] - All options with label 'Soccer' are selected in object 'Object Repository/IWP30/Page_CCPaymentEntry/UserDefined8' 

25-10-2024T01:04:27 - [MESSAGE][PASSED] - Object 'Object Repository/IWP30/Page_CCPaymentEntry/Name' is present

25-10-2024T01:04:28 - [MESSAGE][PASSED] - Text 'Kavita Ranawati' is set on object 'Object Repository/IWP30/Page_CCPaymentEntry/Name'

25-10-2024T01:04:28 - [MESSAGE][PASSED] - Object 'Object Repository/IWP30/Page_CCPaymentEntry/CardNumber' is present

25-10-2024T01:04:29 - [MESSAGE][PASSED] - Text '4111111111111111' is set on object 'Object Repository/IWP30/Page_CCPaymentEntry/CardNumber'

25-10-2024T01:04:30 - [MESSAGE][PASSED] - Text '123' is set on object 'Object Repository/IWP30/Page_CCPaymentEntry/SPC'

25-10-2024T01:04:30 - [MESSAGE][PASSED] - Object 'Object Repository/IWP30/Page_CCPaymentEntry/Month' is present

25-10-2024T01:04:31 - [MESSAGE][PASSED] - All options with label '01' are selected in object 'Object Repository/IWP30/Page_CCPaymentEntry/Month' 

25-10-2024T01:04:31 - [MESSAGE][PASSED] - Object 'Object Repository/IWP30/Page_CCPaymentEntry/Year' is present

25-10-2024T01:04:32 - [MESSAGE][PASSED] - All options with label '2028' are selected in object 'Object Repository/IWP30/Page_CCPaymentEntry/Year' 

25-10-2024T01:04:32 - [MESSAGE][PASSED] - Execute JavaScript '
				   document.getElementById('processDate').value = '08/09/2025'
				  ' successfully

25-10-2024T01:04:32 - [MESSAGE][PASSED] - Text '365 Main Avenue' is set on object 'Object Repository/IWP30/Page_CCPaymentEntry/AL1'

25-10-2024T01:04:33 - [MESSAGE][PASSED] - Text 'Ohio' is set on object 'Object Repository/IWP30/Page_CCPaymentEntry/AL2'

25-10-2024T01:04:34 - [MESSAGE][PASSED] - Text '22201' is set on object 'Object Repository/IWP30/Page_CCPaymentEntry/ZIP'

25-10-2024T01:04:34 - [MESSAGE][PASSED] - Object 'Object Repository/IWP30/Page_CCPaymentEntry/EmailAddress' is present

25-10-2024T01:04:35 - [MESSAGE][PASSED] - Text 'iahmed@govolution.com' is set on object 'Object Repository/IWP30/Page_CCPaymentEntry/EmailAddress'

25-10-2024T01:04:35 - [MESSAGE][PASSED] - Object 'Object Repository/IWP30/Page_CCPaymentEntry/TermCondCheckBox' is present

25-10-2024T01:04:35 - [MESSAGE][PASSED] - Object 'Object Repository/IWP30/Page_CCPaymentEntry/TermCondCheckBox' is checked

25-10-2024T01:04:36 - [MESSAGE][PASSED] - Object 'Object Repository/IWP30/Page_CCPaymentEntry/ContinueButton' is present

25-10-2024T01:04:37 - [MESSAGE][PASSED] - Object: 'Object Repository/IWP30/Page_CCPaymentEntry/ContinueButton' is clicked on

25-10-2024T01:04:37 - [MESSAGE][PASSED] - iwpPages.ccPaymentEntryPage.setDataCCPM is PASSED

25-10-2024T01:04:37 - [TEST_STEP][PASSED] - click(findTestObject("Object Repository/IWP30/Page_Confirmation/ConfirmButton")): Object: 'Object Repository/IWP30/Page_Confirmation/ConfirmButton' is clicked on

25-10-2024T01:04:39 - [MESSAGE][PASSED] - Object: 'Object Repository/IWP30/Page_Confirmation/ConfirmButton' is clicked on

25-10-2024T01:04:39 - [TEST_STEP][PASSED] - Thread.sleep(2000): null

25-10-2024T01:04:41 - [TEST_STEP][PASSED] - if (verifyTextPresent("Deferred", false)): null

25-10-2024T01:04:41 - [MESSAGE][PASSED] - Text 'Deferred' is present on page 

25-10-2024T01:04:41 - [TEST_STEP][PASSED] - click(findTestObject("Object Repository/IWP30/Page_Receipt/ViewScheduledPaymentsButton")): Object: 'Object Repository/IWP30/Page_Receipt/ViewScheduledPaymentsButton' is clicked on

25-10-2024T01:04:42 - [MESSAGE][PASSED] - Object: 'Object Repository/IWP30/Page_Receipt/ViewScheduledPaymentsButton' is clicked on

25-10-2024T01:04:42 - [TEST_STEP][PASSED] - switchToWindowTitle("View Scheduled Payments"): Switched to window with title: 'View Scheduled Payments'

25-10-2024T01:04:42 - [MESSAGE][PASSED] - Switched to window with title: 'View Scheduled Payments'

25-10-2024T01:04:42 - [TEST_STEP][PASSED] - Thread.sleep(5000): null

25-10-2024T01:04:47 - [TEST_STEP][PASSED] - if (verifyTextPresent("View Scheduled Payments", false)): null

25-10-2024T01:04:47 - [MESSAGE][PASSED] - Text 'View Scheduled Payments' is present on page 

25-10-2024T01:04:47 - [TEST_STEP][PASSED] - click(findTestObject("Object Repository/IWP30/Page_ScheduledPayments/edit_payment")): Object: 'Object Repository/IWP30/Page_ScheduledPayments/edit_payment' is clicked on

25-10-2024T01:04:50 - [MESSAGE][PASSED] - Object: 'Object Repository/IWP30/Page_ScheduledPayments/edit_payment' is clicked on

25-10-2024T01:04:50 - [TEST_STEP][PASSED] - iwpPages.editSchedulePayment.setDataSchedPaymentEF(row, dataFile): iwpPages.editSchedulePayment.setDataSchedPaymentEF is PASSED

25-10-2024T01:04:51 - [MESSAGE][PASSED] - Text 'Edit Payment Plan' is present on page 

25-10-2024T01:04:51 - [MESSAGE][PASSED] - All options with label 'Orange' are selected in object 'Object Repository/IWP30/Page_CCPaymentEntry/UserDefined7' 

25-10-2024T01:04:52 - [MESSAGE][PASSED] - All options with label 'Soccer' are selected in object 'Object Repository/IWP30/Page_CCPaymentEntry/UserDefined8' 

25-10-2024T01:04:52 - [MESSAGE][PASSED] - Text '123' is set on object 'Object Repository/IWP30/Page_CCPaymentEntry/SPC'

25-10-2024T01:04:52 - [MESSAGE][PASSED] - Execute JavaScript '
				   document.getElementById('processDate').value = '08/09/2045'
				  ' successfully

25-10-2024T01:04:52 - [MESSAGE][PASSED] - iwpPages.editSchedulePayment.setDataSchedPaymentEF is PASSED

25-10-2024T01:04:52 - [TEST_STEP][PASSED] - click(findTestObject("Object Repository/Page_EditSchedPayment/chkbox_acceptterms")): Object: 'Object Repository/Page_EditSchedPayment/chkbox_acceptterms' is clicked on

25-10-2024T01:04:53 - [MESSAGE][PASSED] - Object: 'Object Repository/Page_EditSchedPayment/chkbox_acceptterms' is clicked on

25-10-2024T01:04:53 - [TEST_STEP][PASSED] - click(findTestObject("Object Repository/Page_EditSchedPayment/btn_update")): Object: 'Object Repository/Page_EditSchedPayment/btn_update' is clicked on

25-10-2024T01:04:55 - [MESSAGE][PASSED] - Object: 'Object Repository/Page_EditSchedPayment/btn_update' is clicked on

25-10-2024T01:04:55 - [TEST_STEP][PASSED] - if (verifyTextPresent("Successful Payment Plan Update", false)): null

25-10-2024T01:04:55 - [MESSAGE][PASSED] - Text 'Successful Payment Plan Update' is present on page 

25-10-2024T01:04:55 - [TEST_STEP][PASSED] - isRequiredTextPresent = true: null

25-10-2024T01:04:55 - [TEST_STEP][PASSED] - println(isRequiredTextPresent): null

25-10-2024T01:04:55 - [TEST_STEP][PASSED] - if (isRequiredTextPresent): null

25-10-2024T01:04:55 - [TEST_STEP][PASSED] - if (verifyTextPresent("CAN Label:", false)): null

25-10-2024T01:04:55 - [MESSAGE][PASSED] - Text 'CAN Label:' is present on page 

25-10-2024T01:04:55 - [TEST_STEP][PASSED] - isRequiredTextPresent = true: null

25-10-2024T01:04:55 - [TEST_STEP][PASSED] - println(isRequiredTextPresent): null

25-10-2024T01:04:55 - [TEST_STEP][PASSED] - if (isRequiredTextPresent): null

25-10-2024T01:04:55 - [TEST_STEP][PASSED] - if (verifyTextPresent("Remittance ID:", false)): null

25-10-2024T01:04:56 - [MESSAGE][PASSED] - Text 'Remittance ID:' is present on page 

25-10-2024T01:04:56 - [TEST_STEP][PASSED] - isRequiredTextPresent = true: null

25-10-2024T01:04:56 - [TEST_STEP][PASSED] - println(isRequiredTextPresent): null

25-10-2024T01:04:56 - [TEST_STEP][PASSED] - if (isRequiredTextPresent): null

25-10-2024T01:04:56 - [TEST_STEP][PASSED] - if (verifyTextPresent("UDF2 Label:", false)): null

25-10-2024T01:04:56 - [MESSAGE][PASSED] - Text 'UDF2 Label:' is present on page 

25-10-2024T01:04:56 - [TEST_STEP][PASSED] - isRequiredTextPresent = true: null

25-10-2024T01:04:56 - [TEST_STEP][PASSED] - println(isRequiredTextPresent): null

25-10-2024T01:04:56 - [TEST_STEP][PASSED] - if (isRequiredTextPresent): null

25-10-2024T01:04:56 - [TEST_STEP][PASSED] - if (verifyTextPresent("UDF3 Label:", false)): null

25-10-2024T01:04:56 - [MESSAGE][PASSED] - Text 'UDF3 Label:' is present on page 

25-10-2024T01:04:56 - [TEST_STEP][PASSED] - isRequiredTextPresent = true: null

25-10-2024T01:04:56 - [TEST_STEP][PASSED] - println(isRequiredTextPresent): null

25-10-2024T01:04:56 - [TEST_STEP][PASSED] - if (isRequiredTextPresent): null

25-10-2024T01:04:56 - [TEST_STEP][PASSED] - if (verifyTextPresent("UDF4 Label:", false)): null

25-10-2024T01:04:56 - [MESSAGE][PASSED] - Text 'UDF4 Label:' is present on page 

25-10-2024T01:04:56 - [TEST_STEP][PASSED] - isRequiredTextPresent = true: null

25-10-2024T01:04:56 - [TEST_STEP][PASSED] - println(isRequiredTextPresent): null

25-10-2024T01:04:56 - [TEST_STEP][PASSED] - if (isRequiredTextPresent): null

25-10-2024T01:04:56 - [TEST_STEP][PASSED] - if (verifyTextPresent("UDF7 Label:", false)): null

25-10-2024T01:04:57 - [MESSAGE][PASSED] - Text 'UDF7 Label:' is present on page 

25-10-2024T01:04:57 - [TEST_STEP][PASSED] - isRequiredTextPresent = true: null

25-10-2024T01:04:57 - [TEST_STEP][PASSED] - println(isRequiredTextPresent): null

25-10-2024T01:04:57 - [TEST_STEP][PASSED] - if (isRequiredTextPresent): null

25-10-2024T01:04:57 - [TEST_STEP][PASSED] - if (verifyTextPresent("UDF8 Label:", false)): null

25-10-2024T01:04:57 - [MESSAGE][PASSED] - Text 'UDF8 Label:' is present on page 

25-10-2024T01:04:57 - [TEST_STEP][PASSED] - isRequiredTextPresent = true: null

25-10-2024T01:04:57 - [TEST_STEP][PASSED] - println(isRequiredTextPresent): null

25-10-2024T01:04:57 - [TEST_STEP][PASSED] - if (isRequiredTextPresent): null

25-10-2024T01:04:57 - [TEST_STEP][PASSED] - if (verifyTextPresent("UDF9 Label:", false)): null

25-10-2024T01:04:57 - [MESSAGE][PASSED] - Text 'UDF9 Label:' is present on page 

25-10-2024T01:04:57 - [TEST_STEP][PASSED] - isRequiredTextPresent = true: null

25-10-2024T01:04:57 - [TEST_STEP][PASSED] - println(isRequiredTextPresent): null

25-10-2024T01:04:57 - [TEST_STEP][PASSED] - if (isRequiredTextPresent): null

25-10-2024T01:04:57 - [TEST_STEP][PASSED] - if (verifyTextPresent("Transaction Type:", false)): null

25-10-2024T01:04:58 - [MESSAGE][PASSED] - Text 'Transaction Type:' is present on page 

25-10-2024T01:04:58 - [TEST_STEP][PASSED] - isRequiredTextPresent = true: null

25-10-2024T01:04:58 - [TEST_STEP][PASSED] - println(isRequiredTextPresent): null

25-10-2024T01:04:58 - [TEST_STEP][PASSED] - if (isRequiredTextPresent): null

25-10-2024T01:04:58 - [TEST_STEP][PASSED] - if (verifyTextPresent("Amount:", false)): null

25-10-2024T01:04:58 - [MESSAGE][PASSED] - Text 'Amount:' is present on page 

25-10-2024T01:04:58 - [TEST_STEP][PASSED] - isRequiredTextPresent = true: null

25-10-2024T01:04:58 - [TEST_STEP][PASSED] - println(isRequiredTextPresent): null

25-10-2024T01:04:58 - [TEST_STEP][PASSED] - if (isRequiredTextPresent): null

25-10-2024T01:04:58 - [TEST_STEP][PASSED] - if (verifyTextPresent("Card Information:", false)): null

25-10-2024T01:04:58 - [MESSAGE][PASSED] - Text 'Card Information:' is present on page 

25-10-2024T01:04:58 - [TEST_STEP][PASSED] - isRequiredTextPresent = true: null

25-10-2024T01:04:58 - [TEST_STEP][PASSED] - println(isRequiredTextPresent): null

25-10-2024T01:04:58 - [TEST_STEP][PASSED] - if (isRequiredTextPresent): null

25-10-2024T01:04:58 - [TEST_STEP][PASSED] - if (verifyTextPresent("Card Type:", false)): null

25-10-2024T01:04:58 - [MESSAGE][PASSED] - Text 'Card Type:' is present on page 

25-10-2024T01:04:58 - [TEST_STEP][PASSED] - isRequiredTextPresent = true: null

25-10-2024T01:04:58 - [TEST_STEP][PASSED] - println(isRequiredTextPresent): null

25-10-2024T01:04:58 - [TEST_STEP][PASSED] - if (isRequiredTextPresent): null

25-10-2024T01:04:58 - [TEST_STEP][PASSED] - if (verifyTextPresent("Name of Account:", false)): null

25-10-2024T01:04:59 - [MESSAGE][PASSED] - Text 'Name of Account:' is present on page 

25-10-2024T01:04:59 - [TEST_STEP][PASSED] - isRequiredTextPresent = true: null

25-10-2024T01:04:59 - [TEST_STEP][PASSED] - println(isRequiredTextPresent): null

25-10-2024T01:04:59 - [TEST_STEP][PASSED] - if (isRequiredTextPresent): null

25-10-2024T01:04:59 - [TEST_STEP][PASSED] - if (verifyTextPresent("Card Number:", false)): null

25-10-2024T01:04:59 - [MESSAGE][PASSED] - Text 'Card Number:' is present on page 

25-10-2024T01:04:59 - [TEST_STEP][PASSED] - isRequiredTextPresent = true: null

25-10-2024T01:04:59 - [TEST_STEP][PASSED] - println(isRequiredTextPresent): null

25-10-2024T01:04:59 - [TEST_STEP][PASSED] - if (isRequiredTextPresent): null

25-10-2024T01:04:59 - [TEST_STEP][PASSED] - if (verifyTextPresent("Expiration Date:", false)): null

25-10-2024T01:04:59 - [MESSAGE][PASSED] - Text 'Expiration Date:' is present on page 

25-10-2024T01:04:59 - [TEST_STEP][PASSED] - isRequiredTextPresent = true: null

25-10-2024T01:04:59 - [TEST_STEP][PASSED] - println(isRequiredTextPresent): null

25-10-2024T01:04:59 - [TEST_STEP][PASSED] - if (isRequiredTextPresent): null

25-10-2024T01:04:59 - [TEST_STEP][PASSED] - if (verifyTextPresent("Billing Information:", false)): null

25-10-2024T01:04:59 - [MESSAGE][PASSED] - Text 'Billing Information:' is present on page 

25-10-2024T01:04:59 - [TEST_STEP][PASSED] - isRequiredTextPresent = true: null

25-10-2024T01:04:59 - [TEST_STEP][PASSED] - println(isRequiredTextPresent): null

25-10-2024T01:04:59 - [TEST_STEP][PASSED] - if (isRequiredTextPresent): null

25-10-2024T01:04:59 - [TEST_STEP][PASSED] - if (verifyTextPresent("Address Line 1:", false)): null

25-10-2024T01:05:00 - [MESSAGE][PASSED] - Text 'Address Line 1:' is present on page 

25-10-2024T01:05:00 - [TEST_STEP][PASSED] - isRequiredTextPresent = true: null

25-10-2024T01:05:00 - [TEST_STEP][PASSED] - println(isRequiredTextPresent): null

25-10-2024T01:05:00 - [TEST_STEP][PASSED] - if (isRequiredTextPresent): null

25-10-2024T01:05:00 - [TEST_STEP][PASSED] - if (verifyTextPresent("Address Line 2:", false)): null

25-10-2024T01:05:00 - [MESSAGE][PASSED] - Text 'Address Line 2:' is present on page 

25-10-2024T01:05:00 - [TEST_STEP][PASSED] - isRequiredTextPresent = true: null

25-10-2024T01:05:00 - [TEST_STEP][PASSED] - println(isRequiredTextPresent): null

25-10-2024T01:05:00 - [TEST_STEP][PASSED] - if (isRequiredTextPresent): null

25-10-2024T01:05:00 - [TEST_STEP][PASSED] - if (verifyTextPresent("Country:", false)): null

25-10-2024T01:05:00 - [MESSAGE][PASSED] - Text 'Country:' is present on page 

25-10-2024T01:05:00 - [TEST_STEP][PASSED] - isRequiredTextPresent = true: null

25-10-2024T01:05:00 - [TEST_STEP][PASSED] - println(isRequiredTextPresent): null

25-10-2024T01:05:00 - [TEST_STEP][PASSED] - if (isRequiredTextPresent): null

25-10-2024T01:05:00 - [TEST_STEP][PASSED] - if (verifyTextPresent("City:", false)): null

25-10-2024T01:05:01 - [MESSAGE][PASSED] - Text 'City:' is present on page 

25-10-2024T01:05:01 - [TEST_STEP][PASSED] - isRequiredTextPresent = true: null

25-10-2024T01:05:01 - [TEST_STEP][PASSED] - println(isRequiredTextPresent): null

25-10-2024T01:05:01 - [TEST_STEP][PASSED] - if (isRequiredTextPresent): null

25-10-2024T01:05:01 - [TEST_STEP][PASSED] - if (verifyTextPresent("State:", false)): null

25-10-2024T01:05:01 - [MESSAGE][PASSED] - Text 'State:' is present on page 

25-10-2024T01:05:01 - [TEST_STEP][PASSED] - isRequiredTextPresent = true: null

25-10-2024T01:05:01 - [TEST_STEP][PASSED] - println(isRequiredTextPresent): null

25-10-2024T01:05:01 - [TEST_STEP][PASSED] - if (isRequiredTextPresent): null

25-10-2024T01:05:01 - [TEST_STEP][PASSED] - if (verifyTextPresent("Zip Code:", false)): null

25-10-2024T01:05:01 - [MESSAGE][PASSED] - Text 'Zip Code:' is present on page 

25-10-2024T01:05:01 - [TEST_STEP][PASSED] - isRequiredTextPresent = true: null

25-10-2024T01:05:01 - [TEST_STEP][PASSED] - println(isRequiredTextPresent): null

25-10-2024T01:05:01 - [TEST_STEP][PASSED] - if (isRequiredTextPresent): null

25-10-2024T01:05:01 - [TEST_STEP][PASSED] - if (verifyTextPresent("Plan Information:", false)): null

25-10-2024T01:05:01 - [MESSAGE][PASSED] - Text 'Plan Information:' is present on page 

25-10-2024T01:05:01 - [TEST_STEP][PASSED] - isRequiredTextPresent = true: null

25-10-2024T01:05:01 - [TEST_STEP][PASSED] - println(isRequiredTextPresent): null

25-10-2024T01:05:01 - [TEST_STEP][PASSED] - if (isRequiredTextPresent): null

25-10-2024T01:05:01 - [TEST_STEP][PASSED] - if (verifyTextPresent("Payment Plan Type:", false)): null

25-10-2024T01:05:02 - [MESSAGE][PASSED] - Text 'Payment Plan Type:' is present on page 

25-10-2024T01:05:02 - [TEST_STEP][PASSED] - isRequiredTextPresent = true: null

25-10-2024T01:05:02 - [TEST_STEP][PASSED] - println(isRequiredTextPresent): null

25-10-2024T01:05:02 - [TEST_STEP][PASSED] - if (isRequiredTextPresent): null

25-10-2024T01:05:02 - [TEST_STEP][PASSED] - if (verifyTextPresent("Payment Plan ID:", false)): null

25-10-2024T01:05:02 - [MESSAGE][PASSED] - Text 'Payment Plan ID:' is present on page 

25-10-2024T01:05:02 - [TEST_STEP][PASSED] - isRequiredTextPresent = true: null

25-10-2024T01:05:02 - [TEST_STEP][PASSED] - println(isRequiredTextPresent): null

25-10-2024T01:05:02 - [TEST_STEP][PASSED] - if (isRequiredTextPresent): null

25-10-2024T01:05:02 - [TEST_STEP][PASSED] - if (verifyTextPresent("Start Date:", false)): null

25-10-2024T01:05:02 - [MESSAGE][PASSED] - Text 'Start Date:' is present on page 

25-10-2024T01:05:02 - [TEST_STEP][PASSED] - isRequiredTextPresent = true: null

25-10-2024T01:05:02 - [TEST_STEP][PASSED] - println(isRequiredTextPresent): null

25-10-2024T01:05:02 - [TEST_STEP][PASSED] - if (isRequiredTextPresent == true): pages.WriteExcel.demoKey is PASSED

25-10-2024T01:05:02 - [TEST_STEP][PASSED] - println("All the relevant texts are present on Receipt Page"): null

25-10-2024T01:05:02 - [TEST_STEP][PASSED] - markPassed("All the relevant texts are present on Receipt Page"): All the relevant texts are present on Receipt Page

25-10-2024T01:05:02 - [MESSAGE][PASSED] - All the relevant texts are present on Receipt Page

25-10-2024T01:05:02 - [TEST_STEP][PASSED] - resText = "Pass": null

25-10-2024T01:05:02 - [TEST_STEP][PASSED] - pages.WriteExcel.demoKey(resText, datText, resColumn, datCloumn, fileLoc, nameSheet, row): pages.WriteExcel.demoKey is PASSED

25-10-2024T01:05:02 - [MESSAGE][PASSED] - pages.WriteExcel.demoKey is PASSED

25-10-2024T01:05:02 - [TEST_STEP][PASSED] - closeBrowser(): Browser is closed

25-10-2024T01:05:03 - [MESSAGE][PASSED] - Browser is closed]]></system-out>
         <system-err><![CDATA[]]></system-err>
      </testcase>
      <testcase name="Test Cases/IntegratedWeb/IWP25/Payments/VerifyEditReceiptLabelsDeferredCorp" time="268.308" classname="Test Cases/IntegratedWeb/IWP25/Payments/VerifyEditReceiptLabelsDeferredCorp" status="PASSED">
         <system-out><![CDATA[25-10-2024T01:05:03 - [TEST_CASE][PASSED] - Test Cases/IntegratedWeb/IWP25/Payments/VerifyEditReceiptLabelsDeferredCorp: Test Cases/IntegratedWeb/IWP25/Payments/VerifyEditReceiptLabelsDeferredCorp

25-10-2024T01:05:03 - [TEST_STEP][PASSED] - resText = "Fail": null

25-10-2024T01:05:03 - [TEST_STEP][PASSED] - resColumn = "Result": null

25-10-2024T01:05:03 - [TEST_STEP][PASSED] - datCloumn = "Date": null

25-10-2024T01:05:03 - [TEST_STEP][PASSED] - fileLoc = "KatalonData/IWPTestData/VRelay25PaymentsExtension.xlsx": null

25-10-2024T01:05:03 - [TEST_STEP][PASSED] - numOfRows = <not implemented yet for class: org.codehaus.groovy.ast.expr.EmptyExpression>: null

25-10-2024T01:05:03 - [TEST_STEP][PASSED] - nameSheet = <not implemented yet for class: org.codehaus.groovy.ast.expr.EmptyExpression>: null

25-10-2024T01:05:03 - [TEST_STEP][PASSED] - dataFileEmulator = <not implemented yet for class: org.codehaus.groovy.ast.expr.EmptyExpression>: null

25-10-2024T01:05:03 - [TEST_STEP][PASSED] - isRequiredTextPresent = false: null

25-10-2024T01:05:03 - [TEST_STEP][PASSED] - nameSheet = "VerifyEditLabelDeferredCorp": null

25-10-2024T01:05:03 - [TEST_STEP][PASSED] - dataFile = getExcelDataWithDefaultSheet("KatalonData/IWPTestData/VRelay25PaymentsExtension.xlsx", nameSheet, true): null

25-10-2024T01:05:03 - [TEST_STEP][PASSED] - dataFileEmulator = "IWPTestData/EmulatorData": null

25-10-2024T01:05:03 - [TEST_STEP][PASSED] - numOfRows = dataFile.getRowNumbers(): null

25-10-2024T01:05:03 - [TEST_STEP][PASSED] - println("Number of Records: " + numOfRows): null

25-10-2024T01:05:03 - [TEST_STEP][PASSED] - columnNames = dataFile.getColumnNames(): null

25-10-2024T01:05:03 - [TEST_STEP][PASSED] - println(columnNames[0]): null

25-10-2024T01:05:03 - [TEST_STEP][PASSED] - for ([row = 1, row <= numOfRows, (row++)]): Browser is closed

25-10-2024T01:05:03 - [TEST_STEP][PASSED] - ExecuteTC = dataFile.getValue("Execute", row): null

25-10-2024T01:05:03 - [TEST_STEP][PASSED] - out.println("Value of Execute is : " + ExecuteTC): null

25-10-2024T01:05:03 - [TEST_STEP][PASSED] - if (ExecuteTC.equalsIgnoreCase("Y")): null

25-10-2024T01:05:03 - [TEST_STEP][PASSED] - out.println("Begin Record Number: " + row): null

25-10-2024T01:05:03 - [TEST_STEP][PASSED] - today = new java.util.Date(): null

25-10-2024T01:05:03 - [TEST_STEP][PASSED] - println(today): null

25-10-2024T01:05:03 - [TEST_STEP][PASSED] - datText = today: null

25-10-2024T01:05:03 - [TEST_STEP][PASSED] - EmulatorDataKey = dataFile.getValue("EmulatorData", row): null

25-10-2024T01:05:03 - [TEST_STEP][PASSED] - out.println("Value of Emulator Key is : " + EmulatorDataKey): null

25-10-2024T01:05:03 - [TEST_STEP][PASSED] - iwpPages.emulatorIWP30.setDataEmulator_DD(EmulatorDataKey): iwpPages.emulatorIWP30.setDataEmulator_DD is PASSED

25-10-2024T01:05:04 - [MESSAGE][INFO] - Starting 'Edge Chromium' driver

25-10-2024T01:05:04 - [MESSAGE][INFO] - User set preference: ['acceptInsecureCerts', 'true']

25-10-2024T01:05:06 - [MESSAGE][INFO] - Action delay is set to 0 milliseconds

25-10-2024T01:05:10 - [MESSAGE][PASSED] - Browser is opened with url: 'https://qa2.velocitypayment.com/agencyx/config.action?action=editor&message_version=2_5'

25-10-2024T01:05:10 - [MESSAGE][PASSED] - Current window maximized

25-10-2024T01:05:41 - [MESSAGE][INFO] - Unable to find the element located by 'By.xpath: //select[@name='message_version']'. Please recheck the objects properties to make sure the desired element is located. 

25-10-2024T01:05:41 - [MESSAGE][WARNING] - [SELF-HEALING] Failed to find element with id 'Object Repository/IWP30/Page_VRelay30Emulator/MV'. Try using Self-healing.

25-10-2024T01:05:41 - [MESSAGE][WARNING] - [SELF-HEALING] The current locator of test object 'Object Repository/IWP30/Page_VRelay30Emulator/MV' was broken. Propose an alternative one: '(.//*[normalize-space(text()) and normalize-space(.)='Message Version'])[1]/following::select[1]'.

25-10-2024T01:05:42 - [MESSAGE][PASSED] - All options with value '2.5' are selected in object 'Object Repository/IWP30/Page_VRelay30Emulator/MV'  using regular expression

25-10-2024T01:05:43 - [MESSAGE][PASSED] - Text '10.50' is set on object 'Object Repository/IWP30/Page_EmulatorAgencyX/Amount'

25-10-2024T01:05:43 - [MESSAGE][PASSED] - Text '048zv6kEn5f8' is set on object 'Object Repository/IWP30/Page_EmulatorAgencyX/CAN'

25-10-2024T01:05:44 - [MESSAGE][PASSED] - Text 'PayNow' is set on object 'Object Repository/IWP30/Page_EmulatorAgencyX/Action'

25-10-2024T01:05:44 - [MESSAGE][PASSED] - Text 'en_US' is set on object 'Object Repository/IWP30/Page_EmulatorAgencyX/Lang'

25-10-2024T01:05:45 - [MESSAGE][PASSED] - Text '' is set on object 'Object Repository/IWP30/Page_EmulatorAgencyX/Fname'

25-10-2024T01:05:46 - [MESSAGE][PASSED] - Text '' is set on object 'Object Repository/IWP30/Page_EmulatorAgencyX/Lname'

25-10-2024T01:05:46 - [MESSAGE][PASSED] - Text '' is set on object 'Object Repository/IWP30/Page_EmulatorAgencyX/AL1'

25-10-2024T01:05:47 - [MESSAGE][PASSED] - Text '' is set on object 'Object Repository/IWP30/Page_EmulatorAgencyX/AL2'

25-10-2024T01:05:47 - [MESSAGE][PASSED] - Text '' is set on object 'Object Repository/IWP30/Page_EmulatorAgencyX/Country'

25-10-2024T01:05:48 - [MESSAGE][PASSED] - Text '' is set on object 'Object Repository/IWP30/Page_EmulatorAgencyX/City'

25-10-2024T01:05:48 - [MESSAGE][PASSED] - Text '' is set on object 'Object Repository/IWP30/Page_EmulatorAgencyX/State'

25-10-2024T01:05:49 - [MESSAGE][PASSED] - Text '' is set on object 'Object Repository/IWP30/Page_EmulatorAgencyX/ZIP'

25-10-2024T01:05:50 - [MESSAGE][PASSED] - Text '' is set on object 'Object Repository/IWP30/Page_EmulatorAgencyX/Order'

25-10-2024T01:05:50 - [MESSAGE][PASSED] - Text '' is set on object 'Object Repository/IWP30/Page_EmulatorAgencyX/Company'

25-10-2024T01:05:51 - [MESSAGE][PASSED] - Text '' is set on object 'Object Repository/IWP30/Page_EmulatorAgencyX/Email'

25-10-2024T01:05:51 - [MESSAGE][PASSED] - Text '' is set on object 'Object Repository/IWP30/Page_EmulatorAgencyX/UDF1'

25-10-2024T01:05:52 - [MESSAGE][PASSED] - Text '' is set on object 'Object Repository/IWP30/Page_EmulatorAgencyX/UDF2'

25-10-2024T01:05:52 - [MESSAGE][PASSED] - Text '' is set on object 'Object Repository/IWP30/Page_EmulatorAgencyX/UDF3'

25-10-2024T01:05:53 - [MESSAGE][PASSED] - Text 'udf data 4' is set on object 'Object Repository/IWP30/Page_EmulatorAgencyX/UDF4'

25-10-2024T01:05:54 - [MESSAGE][PASSED] - Text 'udf data 5' is set on object 'Object Repository/IWP30/Page_EmulatorAgencyX/UDF5'

25-10-2024T01:05:54 - [MESSAGE][PASSED] - Text '' is set on object 'Object Repository/IWP30/Page_EmulatorAgencyX/UDF6'

25-10-2024T01:05:55 - [MESSAGE][PASSED] - Text '' is set on object 'Object Repository/IWP30/Page_EmulatorAgencyX/UDF7'

25-10-2024T01:05:55 - [MESSAGE][PASSED] - Text '' is set on object 'Object Repository/IWP30/Page_EmulatorAgencyX/UDF8'

25-10-2024T01:05:56 - [MESSAGE][PASSED] - Text 'udf data 9' is set on object 'Object Repository/IWP30/Page_EmulatorAgencyX/UDF9'

25-10-2024T01:05:57 - [MESSAGE][PASSED] - Text 'udf data 10' is set on object 'Object Repository/IWP30/Page_EmulatorAgencyX/UDF10'

25-10-2024T01:05:58 - [MESSAGE][PASSED] - Object: 'Object Repository/IWP30/Page_EmulatorAgencyX/Submit' is clicked on

25-10-2024T01:06:02 - [MESSAGE][PASSED] - Browser is closed

25-10-2024T01:06:06 - [MESSAGE][PASSED] - iwpPages.emulatorIWP30.setDataEmulator_DD is PASSED

25-10-2024T01:06:06 - [TEST_STEP][PASSED] - testHarnessURL = urlTestHarness: null

25-10-2024T01:06:06 - [TEST_STEP][PASSED] - openBrowser(testHarnessURL): Browser is opened with url: 'https://dev-algorithm.govolution.com/vrelaytest/QA2/version_2_2/vrelaytest.html'

25-10-2024T01:06:06 - [MESSAGE][INFO] - Starting 'Edge Chromium' driver

25-10-2024T01:06:06 - [MESSAGE][INFO] - User set preference: ['acceptInsecureCerts', 'true']

25-10-2024T01:06:08 - [MESSAGE][INFO] - Action delay is set to 0 milliseconds

25-10-2024T01:06:12 - [MESSAGE][PASSED] - Browser is opened with url: 'https://dev-algorithm.govolution.com/vrelaytest/QA2/version_2_2/vrelaytest.html'

25-10-2024T01:06:12 - [TEST_STEP][PASSED] - maximizeWindow(): Current window maximized

25-10-2024T01:06:12 - [MESSAGE][PASSED] - Current window maximized

25-10-2024T01:06:12 - [TEST_STEP][PASSED] - iwpPages.TestHarnessPage.setDataMethodEF(row, dataFile): iwpPages.TestHarnessPage.setDataMethodEF is PASSED

25-10-2024T01:06:12 - [MESSAGE][PASSED] - Object 'Object Repository/IWP30/Page_QATestHarness/RemittanceID' is present

25-10-2024T01:06:13 - [MESSAGE][PASSED] - Text '638' is set on object 'Object Repository/IWP30/Page_QATestHarness/ApplicationID'

25-10-2024T01:06:14 - [MESSAGE][PASSED] - Text '2.5' is set on object 'Object Repository/IWP30/Page_QATestHarness/MessageVersion'

25-10-2024T01:06:14 - [MESSAGE][PASSED] - Text 'fqmJdrp1OQtP' is set on object 'Object Repository/IWP30/Page_QATestHarness/RemittanceID'

25-10-2024T01:06:20 - [MESSAGE][PASSED] - Object: 'Object Repository/IWP30/Page_QATestHarness/SubmitButton' is clicked on

25-10-2024T01:06:20 - [MESSAGE][PASSED] - iwpPages.TestHarnessPage.setDataMethodEF is PASSED

25-10-2024T01:06:20 - [TEST_STEP][PASSED] - click(findTestObject("Object Repository/IWP30/Page_SelectPaymentMethod/PayByCorporateCheck")): Object: 'Object Repository/IWP30/Page_SelectPaymentMethod/PayByCorporateCheck' is clicked on

25-10-2024T01:06:20 - [MESSAGE][PASSED] - Object: 'Object Repository/IWP30/Page_SelectPaymentMethod/PayByCorporateCheck' is clicked on

25-10-2024T01:06:20 - [TEST_STEP][PASSED] - click(findTestObject("Object Repository/IWP30/Page_SelectPaymentMethod/MakePaymentButton")): Object: 'Object Repository/IWP30/Page_SelectPaymentMethod/MakePaymentButton' is clicked on

25-10-2024T01:06:23 - [MESSAGE][PASSED] - Object: 'Object Repository/IWP30/Page_SelectPaymentMethod/MakePaymentButton' is clicked on

25-10-2024T01:06:23 - [TEST_STEP][PASSED] - iwpPages.achCorporatePaymentEntryPage.setDataCorporate(row, dataFile): iwpPages.achCorporatePaymentEntryPage.setDataCorporate is PASSED

25-10-2024T01:06:23 - [MESSAGE][PASSED] - Object 'Object Repository/IWP30/Page_ACHCorporatePaymentEntry/txt_accountNumber' is present

25-10-2024T01:06:24 - [MESSAGE][PASSED] - Object 'Object Repository/IWP30/Page_ACHCorporatePaymentEntry/input_CompanyName' is present

25-10-2024T01:06:24 - [MESSAGE][PASSED] - Text 'My Company' is set on object 'Object Repository/IWP30/Page_ACHCorporatePaymentEntry/input_CompanyName'

25-10-2024T01:06:24 - [MESSAGE][PASSED] - Object 'Object Repository/IWP30/Page_ACHCorporatePaymentEntry/input_EIN' is present

25-10-2024T01:06:25 - [MESSAGE][PASSED] - Text '123456789' is set on object 'Object Repository/IWP30/Page_ACHCorporatePaymentEntry/input_EIN'

25-10-2024T01:06:26 - [MESSAGE][PASSED] - Text '10.50' is set on object 'Object Repository/IWP30/Page_ACHCorporatePaymentEntry/txt_Amount'

25-10-2024T01:06:26 - [MESSAGE][PASSED] - Text 'udf data 2' is set on object 'Object Repository/IWP30/Page_ACHCorporatePaymentEntry/txt_UDF2'

25-10-2024T01:06:27 - [MESSAGE][PASSED] - Text 'udf data 3' is set on object 'Object Repository/IWP30/Page_ACHCorporatePaymentEntry/txt_UDF3'

25-10-2024T01:06:27 - [MESSAGE][PASSED] - All options with label 'Orange' are selected in object 'Object Repository/IWP30/Page_ACHCorporatePaymentEntry/dd_UDF7' 

25-10-2024T01:06:28 - [MESSAGE][PASSED] - All options with label 'Soccer' are selected in object 'Object Repository/IWP30/Page_ACHCorporatePaymentEntry/dd_UDF8' 

25-10-2024T01:06:28 - [MESSAGE][PASSED] - Object 'Object Repository/IWP30/Page_ACHCorporatePaymentEntry/txt_routingNumber' is present

25-10-2024T01:06:29 - [MESSAGE][PASSED] - Text '256072691' is set on object 'Object Repository/IWP30/Page_ACHCorporatePaymentEntry/txt_routingNumber'

25-10-2024T01:06:29 - [MESSAGE][PASSED] - Object 'Object Repository/IWP30/Page_ACHCorporatePaymentEntry/txt_accountNumber' is present

25-10-2024T01:06:30 - [MESSAGE][PASSED] - Text '12344444' is set on object 'Object Repository/IWP30/Page_ACHCorporatePaymentEntry/txt_accountNumber'

25-10-2024T01:06:31 - [MESSAGE][PASSED] - Object 'Object Repository/IWP30/Page_ACHCorporatePaymentEntry/txt_confirmAccountNumber' is present

25-10-2024T01:06:31 - [MESSAGE][PASSED] - Text '12344444' is set on object 'Object Repository/IWP30/Page_ACHCorporatePaymentEntry/txt_confirmAccountNumber'

25-10-2024T01:06:31 - [MESSAGE][PASSED] - Execute JavaScript '
				   document.getElementById('processDate').value = '08/09/2025'
				  ' successfully

25-10-2024T01:06:32 - [MESSAGE][PASSED] - Text '365 Main Avenue' is set on object 'Object Repository/IWP30/Page_ACHCorporatePaymentEntry/txt_AL1'

25-10-2024T01:06:33 - [MESSAGE][PASSED] - Text 'Ohio' is set on object 'Object Repository/IWP30/Page_ACHCorporatePaymentEntry/txt_AL2'

25-10-2024T01:06:33 - [MESSAGE][PASSED] - Text '22201' is set on object 'Object Repository/IWP30/Page_ACHCorporatePaymentEntry/txt_ZIP'

25-10-2024T01:06:34 - [MESSAGE][PASSED] - Object 'Object Repository/IWP30/Page_ACHCorporatePaymentEntry/txt_Email' is present

25-10-2024T01:06:35 - [MESSAGE][PASSED] - Text 'iahmed@govolution.com' is set on object 'Object Repository/IWP30/Page_ACHCorporatePaymentEntry/txt_Email'

25-10-2024T01:06:35 - [MESSAGE][PASSED] - Object 'Object Repository/IWP30/Page_ACHCorporatePaymentEntry/cb_TermsAndCond' is present

25-10-2024T01:06:36 - [MESSAGE][PASSED] - Object: 'Object Repository/IWP30/Page_ACHCorporatePaymentEntry/cb_TermsAndCond' is clicked on

25-10-2024T01:06:36 - [MESSAGE][PASSED] - Object 'Object Repository/IWP30/Page_ACHCorporatePaymentEntry/btn_Continue' is present

25-10-2024T01:06:37 - [MESSAGE][PASSED] - Object: 'Object Repository/IWP30/Page_ACHCorporatePaymentEntry/btn_Continue' is clicked on

25-10-2024T01:06:37 - [MESSAGE][PASSED] - iwpPages.achCorporatePaymentEntryPage.setDataCorporate is PASSED

25-10-2024T01:06:37 - [TEST_STEP][PASSED] - click(findTestObject("Object Repository/IWP30/Page_Confirmation/ConfirmButton")): Object: 'Object Repository/IWP30/Page_Confirmation/ConfirmButton' is clicked on

25-10-2024T01:06:40 - [MESSAGE][PASSED] - Object: 'Object Repository/IWP30/Page_Confirmation/ConfirmButton' is clicked on

25-10-2024T01:06:40 - [TEST_STEP][PASSED] - Thread.sleep(2000): null

25-10-2024T01:06:42 - [TEST_STEP][PASSED] - if (verifyTextPresent("Deferred", false)): null

25-10-2024T01:06:42 - [MESSAGE][PASSED] - Text 'Deferred' is present on page 

25-10-2024T01:06:42 - [TEST_STEP][PASSED] - click(findTestObject("Object Repository/IWP30/Page_Receipt/ViewScheduledPaymentsButton")): Object: 'Object Repository/IWP30/Page_Receipt/ViewScheduledPaymentsButton' is clicked on

25-10-2024T01:06:42 - [MESSAGE][PASSED] - Object: 'Object Repository/IWP30/Page_Receipt/ViewScheduledPaymentsButton' is clicked on

25-10-2024T01:06:42 - [TEST_STEP][PASSED] - switchToWindowTitle("View Scheduled Payments"): Switched to window with title: 'View Scheduled Payments'

25-10-2024T01:06:43 - [MESSAGE][PASSED] - Switched to window with title: 'View Scheduled Payments'

25-10-2024T01:06:43 - [TEST_STEP][PASSED] - Thread.sleep(5000): null

25-10-2024T01:06:48 - [TEST_STEP][PASSED] - if (verifyTextPresent("View Scheduled Payments", false)): null

25-10-2024T01:06:48 - [MESSAGE][PASSED] - Text 'View Scheduled Payments' is present on page 

25-10-2024T01:06:48 - [TEST_STEP][PASSED] - click(findTestObject("Object Repository/IWP30/Page_ScheduledPayments/edit_payment")): Object: 'Object Repository/IWP30/Page_ScheduledPayments/edit_payment' is clicked on

25-10-2024T01:06:51 - [MESSAGE][PASSED] - Object: 'Object Repository/IWP30/Page_ScheduledPayments/edit_payment' is clicked on

25-10-2024T01:06:51 - [TEST_STEP][PASSED] - iwpPages.editSchedulePayment.setDataSchedPaymentEF(row, dataFile): iwpPages.editSchedulePayment.setDataSchedPaymentEF is PASSED

25-10-2024T01:06:52 - [MESSAGE][PASSED] - Text 'Edit Payment Plan' is present on page 

25-10-2024T01:06:52 - [MESSAGE][PASSED] - All options with label 'Orange' are selected in object 'Object Repository/IWP30/Page_CCPaymentEntry/UserDefined7' 

25-10-2024T01:06:53 - [MESSAGE][PASSED] - All options with label 'Soccer' are selected in object 'Object Repository/IWP30/Page_CCPaymentEntry/UserDefined8' 

25-10-2024T01:06:53 - [MESSAGE][PASSED] - Execute JavaScript '
				   document.getElementById('processDate').value = '08/09/2045'
				  ' successfully

25-10-2024T01:06:53 - [MESSAGE][PASSED] - iwpPages.editSchedulePayment.setDataSchedPaymentEF is PASSED

25-10-2024T01:06:53 - [TEST_STEP][PASSED] - click(findTestObject("Object Repository/Page_EditSchedPayment/chkbox_acceptterms")): Object: 'Object Repository/Page_EditSchedPayment/chkbox_acceptterms' is clicked on

25-10-2024T01:06:53 - [MESSAGE][PASSED] - Object: 'Object Repository/Page_EditSchedPayment/chkbox_acceptterms' is clicked on

25-10-2024T01:06:53 - [TEST_STEP][PASSED] - click(findTestObject("Object Repository/Page_EditSchedPayment/btn_update")): Object: 'Object Repository/Page_EditSchedPayment/btn_update' is clicked on

25-10-2024T01:06:56 - [MESSAGE][PASSED] - Object: 'Object Repository/Page_EditSchedPayment/btn_update' is clicked on

25-10-2024T01:06:56 - [TEST_STEP][PASSED] - if (verifyTextPresent("Successful Payment Plan Update", false)): null

25-10-2024T01:06:56 - [MESSAGE][PASSED] - Text 'Successful Payment Plan Update' is present on page 

25-10-2024T01:06:56 - [TEST_STEP][PASSED] - isRequiredTextPresent = true: null

25-10-2024T01:06:56 - [TEST_STEP][PASSED] - println(isRequiredTextPresent): null

25-10-2024T01:06:56 - [TEST_STEP][PASSED] - if (isRequiredTextPresent): null

25-10-2024T01:06:56 - [TEST_STEP][PASSED] - if (verifyTextPresent("CAN Label:", false)): null

25-10-2024T01:06:57 - [MESSAGE][PASSED] - Text 'CAN Label:' is present on page 

25-10-2024T01:06:57 - [TEST_STEP][PASSED] - isRequiredTextPresent = true: null

25-10-2024T01:06:57 - [TEST_STEP][PASSED] - println(isRequiredTextPresent): null

25-10-2024T01:06:57 - [TEST_STEP][PASSED] - if (isRequiredTextPresent): null

25-10-2024T01:06:57 - [TEST_STEP][PASSED] - if (verifyTextPresent("Remittance ID:", false)): null

25-10-2024T01:06:57 - [MESSAGE][PASSED] - Text 'Remittance ID:' is present on page 

25-10-2024T01:06:57 - [TEST_STEP][PASSED] - isRequiredTextPresent = true: null

25-10-2024T01:06:57 - [TEST_STEP][PASSED] - println(isRequiredTextPresent): null

25-10-2024T01:06:57 - [TEST_STEP][PASSED] - if (isRequiredTextPresent): null

25-10-2024T01:06:57 - [TEST_STEP][PASSED] - if (verifyTextPresent("UDF2 Label:", false)): null

25-10-2024T01:06:57 - [MESSAGE][PASSED] - Text 'UDF2 Label:' is present on page 

25-10-2024T01:06:57 - [TEST_STEP][PASSED] - isRequiredTextPresent = true: null

25-10-2024T01:06:57 - [TEST_STEP][PASSED] - println(isRequiredTextPresent): null

25-10-2024T01:06:57 - [TEST_STEP][PASSED] - if (isRequiredTextPresent): null

25-10-2024T01:06:57 - [TEST_STEP][PASSED] - if (verifyTextPresent("UDF3 Label:", false)): null

25-10-2024T01:06:57 - [MESSAGE][PASSED] - Text 'UDF3 Label:' is present on page 

25-10-2024T01:06:57 - [TEST_STEP][PASSED] - isRequiredTextPresent = true: null

25-10-2024T01:06:57 - [TEST_STEP][PASSED] - println(isRequiredTextPresent): null

25-10-2024T01:06:57 - [TEST_STEP][PASSED] - if (isRequiredTextPresent): null

25-10-2024T01:06:57 - [TEST_STEP][PASSED] - if (verifyTextPresent("UDF4 Label:", false)): null

25-10-2024T01:06:58 - [MESSAGE][PASSED] - Text 'UDF4 Label:' is present on page 

25-10-2024T01:06:58 - [TEST_STEP][PASSED] - isRequiredTextPresent = true: null

25-10-2024T01:06:58 - [TEST_STEP][PASSED] - println(isRequiredTextPresent): null

25-10-2024T01:06:58 - [TEST_STEP][PASSED] - if (isRequiredTextPresent): null

25-10-2024T01:06:58 - [TEST_STEP][PASSED] - if (verifyTextPresent("UDF7 Label:", false)): null

25-10-2024T01:06:58 - [MESSAGE][PASSED] - Text 'UDF7 Label:' is present on page 

25-10-2024T01:06:58 - [TEST_STEP][PASSED] - isRequiredTextPresent = true: null

25-10-2024T01:06:58 - [TEST_STEP][PASSED] - println(isRequiredTextPresent): null

25-10-2024T01:06:58 - [TEST_STEP][PASSED] - if (isRequiredTextPresent): null

25-10-2024T01:06:58 - [TEST_STEP][PASSED] - if (verifyTextPresent("UDF8 Label:", false)): null

25-10-2024T01:06:59 - [MESSAGE][PASSED] - Text 'UDF8 Label:' is present on page 

25-10-2024T01:06:59 - [TEST_STEP][PASSED] - isRequiredTextPresent = true: null

25-10-2024T01:06:59 - [TEST_STEP][PASSED] - println(isRequiredTextPresent): null

25-10-2024T01:06:59 - [TEST_STEP][PASSED] - if (isRequiredTextPresent): null

25-10-2024T01:06:59 - [TEST_STEP][PASSED] - if (verifyTextPresent("UDF9 Label:", false)): null

25-10-2024T01:06:59 - [MESSAGE][PASSED] - Text 'UDF9 Label:' is present on page 

25-10-2024T01:06:59 - [TEST_STEP][PASSED] - isRequiredTextPresent = true: null

25-10-2024T01:06:59 - [TEST_STEP][PASSED] - println(isRequiredTextPresent): null

25-10-2024T01:06:59 - [TEST_STEP][PASSED] - if (isRequiredTextPresent): null

25-10-2024T01:06:59 - [TEST_STEP][PASSED] - if (verifyTextPresent("Transaction Type:", false)): null

25-10-2024T01:06:59 - [MESSAGE][PASSED] - Text 'Transaction Type:' is present on page 

25-10-2024T01:06:59 - [TEST_STEP][PASSED] - isRequiredTextPresent = true: null

25-10-2024T01:06:59 - [TEST_STEP][PASSED] - println(isRequiredTextPresent): null

25-10-2024T01:06:59 - [TEST_STEP][PASSED] - if (isRequiredTextPresent): null

25-10-2024T01:06:59 - [TEST_STEP][PASSED] - if (verifyTextPresent("Amount:", false)): null

25-10-2024T01:07:00 - [MESSAGE][PASSED] - Text 'Amount:' is present on page 

25-10-2024T01:07:00 - [TEST_STEP][PASSED] - isRequiredTextPresent = true: null

25-10-2024T01:07:00 - [TEST_STEP][PASSED] - println(isRequiredTextPresent): null

25-10-2024T01:07:00 - [TEST_STEP][PASSED] - if (isRequiredTextPresent): null

25-10-2024T01:07:00 - [TEST_STEP][PASSED] - if (verifyTextPresent("Check Information:", false)): null

25-10-2024T01:07:01 - [MESSAGE][PASSED] - Text 'Check Information:' is present on page 

25-10-2024T01:07:01 - [TEST_STEP][PASSED] - isRequiredTextPresent = true: null

25-10-2024T01:07:01 - [TEST_STEP][PASSED] - println(isRequiredTextPresent): null

25-10-2024T01:07:01 - [TEST_STEP][PASSED] - if (isRequiredTextPresent): null

25-10-2024T01:07:01 - [TEST_STEP][PASSED] - if (verifyTextPresent("Account Type:", false)): null

25-10-2024T01:07:01 - [MESSAGE][PASSED] - Text 'Account Type:' is present on page 

25-10-2024T01:07:01 - [TEST_STEP][PASSED] - isRequiredTextPresent = true: null

25-10-2024T01:07:01 - [TEST_STEP][PASSED] - println(isRequiredTextPresent): null

25-10-2024T01:07:01 - [TEST_STEP][PASSED] - if (isRequiredTextPresent): null

25-10-2024T01:07:01 - [TEST_STEP][PASSED] - if (verifyTextPresent("Employer Identification Number(EIN):", false)): null

25-10-2024T01:07:01 - [MESSAGE][PASSED] - Text 'Employer Identification Number(EIN):' is present on page 

25-10-2024T01:07:01 - [TEST_STEP][PASSED] - isRequiredTextPresent = true: null

25-10-2024T01:07:01 - [TEST_STEP][PASSED] - println(isRequiredTextPresent): null

25-10-2024T01:07:01 - [TEST_STEP][PASSED] - if (isRequiredTextPresent): null

25-10-2024T01:07:01 - [TEST_STEP][PASSED] - if (verifyTextPresent("Account Number:", false)): null

25-10-2024T01:07:02 - [MESSAGE][PASSED] - Text 'Account Number:' is present on page 

25-10-2024T01:07:02 - [TEST_STEP][PASSED] - isRequiredTextPresent = true: null

25-10-2024T01:07:02 - [TEST_STEP][PASSED] - println(isRequiredTextPresent): null

25-10-2024T01:07:02 - [TEST_STEP][PASSED] - if (isRequiredTextPresent): null

25-10-2024T01:07:02 - [TEST_STEP][PASSED] - if (verifyTextPresent("Routing Number:", false)): null

25-10-2024T01:07:02 - [MESSAGE][PASSED] - Text 'Routing Number:' is present on page 

25-10-2024T01:07:02 - [TEST_STEP][PASSED] - isRequiredTextPresent = true: null

25-10-2024T01:07:02 - [TEST_STEP][PASSED] - println(isRequiredTextPresent): null

25-10-2024T01:07:02 - [TEST_STEP][PASSED] - if (isRequiredTextPresent): null

25-10-2024T01:07:02 - [TEST_STEP][PASSED] - if (verifyTextPresent("Company Name:", false)): null

25-10-2024T01:07:02 - [MESSAGE][PASSED] - Text 'Company Name:' is present on page 

25-10-2024T01:07:02 - [TEST_STEP][PASSED] - isRequiredTextPresent = true: null

25-10-2024T01:07:02 - [TEST_STEP][PASSED] - println(isRequiredTextPresent): null

25-10-2024T01:07:02 - [TEST_STEP][PASSED] - if (isRequiredTextPresent): null

25-10-2024T01:07:02 - [TEST_STEP][PASSED] - if (verifyTextPresent("Billing Information:", false)): null

25-10-2024T01:07:02 - [MESSAGE][PASSED] - Text 'Billing Information:' is present on page 

25-10-2024T01:07:02 - [TEST_STEP][PASSED] - isRequiredTextPresent = true: null

25-10-2024T01:07:02 - [TEST_STEP][PASSED] - println(isRequiredTextPresent): null

25-10-2024T01:07:02 - [TEST_STEP][PASSED] - if (isRequiredTextPresent): null

25-10-2024T01:07:02 - [TEST_STEP][PASSED] - if (verifyTextPresent("Address Line 1:", false)): null

25-10-2024T01:07:03 - [MESSAGE][PASSED] - Text 'Address Line 1:' is present on page 

25-10-2024T01:07:03 - [TEST_STEP][PASSED] - isRequiredTextPresent = true: null

25-10-2024T01:07:03 - [TEST_STEP][PASSED] - println(isRequiredTextPresent): null

25-10-2024T01:07:03 - [TEST_STEP][PASSED] - if (isRequiredTextPresent): null

25-10-2024T01:07:03 - [TEST_STEP][PASSED] - if (verifyTextPresent("Address Line 2:", false)): null

25-10-2024T01:07:03 - [MESSAGE][PASSED] - Text 'Address Line 2:' is present on page 

25-10-2024T01:07:03 - [TEST_STEP][PASSED] - isRequiredTextPresent = true: null

25-10-2024T01:07:03 - [TEST_STEP][PASSED] - println(isRequiredTextPresent): null

25-10-2024T01:07:03 - [TEST_STEP][PASSED] - if (isRequiredTextPresent): null

25-10-2024T01:07:03 - [TEST_STEP][PASSED] - if (verifyTextPresent("Country:", false)): null

25-10-2024T01:07:03 - [MESSAGE][PASSED] - Text 'Country:' is present on page 

25-10-2024T01:07:03 - [TEST_STEP][PASSED] - isRequiredTextPresent = true: null

25-10-2024T01:07:03 - [TEST_STEP][PASSED] - println(isRequiredTextPresent): null

25-10-2024T01:07:03 - [TEST_STEP][PASSED] - if (isRequiredTextPresent): null

25-10-2024T01:07:03 - [TEST_STEP][PASSED] - if (verifyTextPresent("City:", false)): null

25-10-2024T01:07:04 - [MESSAGE][PASSED] - Text 'City:' is present on page 

25-10-2024T01:07:04 - [TEST_STEP][PASSED] - isRequiredTextPresent = true: null

25-10-2024T01:07:04 - [TEST_STEP][PASSED] - println(isRequiredTextPresent): null

25-10-2024T01:07:04 - [TEST_STEP][PASSED] - if (isRequiredTextPresent): null

25-10-2024T01:07:04 - [TEST_STEP][PASSED] - if (verifyTextPresent("State:", false)): null

25-10-2024T01:07:04 - [MESSAGE][PASSED] - Text 'State:' is present on page 

25-10-2024T01:07:04 - [TEST_STEP][PASSED] - isRequiredTextPresent = true: null

25-10-2024T01:07:04 - [TEST_STEP][PASSED] - println(isRequiredTextPresent): null

25-10-2024T01:07:04 - [TEST_STEP][PASSED] - if (isRequiredTextPresent): null

25-10-2024T01:07:04 - [TEST_STEP][PASSED] - if (verifyTextPresent("Zip Code:", false)): null

25-10-2024T01:07:04 - [MESSAGE][PASSED] - Text 'Zip Code:' is present on page 

25-10-2024T01:07:04 - [TEST_STEP][PASSED] - isRequiredTextPresent = true: null

25-10-2024T01:07:04 - [TEST_STEP][PASSED] - println(isRequiredTextPresent): null

25-10-2024T01:07:04 - [TEST_STEP][PASSED] - if (isRequiredTextPresent): null

25-10-2024T01:07:04 - [TEST_STEP][PASSED] - if (verifyTextPresent("Plan Information:", false)): null

25-10-2024T01:07:04 - [MESSAGE][PASSED] - Text 'Plan Information:' is present on page 

25-10-2024T01:07:04 - [TEST_STEP][PASSED] - isRequiredTextPresent = true: null

25-10-2024T01:07:04 - [TEST_STEP][PASSED] - println(isRequiredTextPresent): null

25-10-2024T01:07:04 - [TEST_STEP][PASSED] - if (isRequiredTextPresent): null

25-10-2024T01:07:04 - [TEST_STEP][PASSED] - if (verifyTextPresent("Payment Plan Type:", false)): null

25-10-2024T01:07:05 - [MESSAGE][PASSED] - Text 'Payment Plan Type:' is present on page 

25-10-2024T01:07:05 - [TEST_STEP][PASSED] - isRequiredTextPresent = true: null

25-10-2024T01:07:05 - [TEST_STEP][PASSED] - println(isRequiredTextPresent): null

25-10-2024T01:07:05 - [TEST_STEP][PASSED] - if (isRequiredTextPresent): null

25-10-2024T01:07:05 - [TEST_STEP][PASSED] - if (verifyTextPresent("Payment Plan ID:", false)): null

25-10-2024T01:07:05 - [MESSAGE][PASSED] - Text 'Payment Plan ID:' is present on page 

25-10-2024T01:07:05 - [TEST_STEP][PASSED] - isRequiredTextPresent = true: null

25-10-2024T01:07:05 - [TEST_STEP][PASSED] - println(isRequiredTextPresent): null

25-10-2024T01:07:05 - [TEST_STEP][PASSED] - if (isRequiredTextPresent): null

25-10-2024T01:07:05 - [TEST_STEP][PASSED] - if (verifyTextPresent("Start Date:", false)): null

25-10-2024T01:07:05 - [MESSAGE][PASSED] - Text 'Start Date:' is present on page 

25-10-2024T01:07:05 - [TEST_STEP][PASSED] - isRequiredTextPresent = true: null

25-10-2024T01:07:05 - [TEST_STEP][PASSED] - println(isRequiredTextPresent): null

25-10-2024T01:07:05 - [TEST_STEP][PASSED] - if (isRequiredTextPresent == true): pages.WriteExcel.demoKey is PASSED

25-10-2024T01:07:05 - [TEST_STEP][PASSED] - println("All the relevant texts are present on Receipt Page"): null

25-10-2024T01:07:05 - [TEST_STEP][PASSED] - markPassed("All the relevant texts are present on Receipt Page"): All the relevant texts are present on Receipt Page

25-10-2024T01:07:05 - [MESSAGE][PASSED] - All the relevant texts are present on Receipt Page

25-10-2024T01:07:05 - [TEST_STEP][PASSED] - resText = "Pass": null

25-10-2024T01:07:05 - [TEST_STEP][PASSED] - pages.WriteExcel.demoKey(resText, datText, resColumn, datCloumn, fileLoc, nameSheet, row): pages.WriteExcel.demoKey is PASSED

25-10-2024T01:07:05 - [MESSAGE][PASSED] - pages.WriteExcel.demoKey is PASSED

25-10-2024T01:07:05 - [TEST_STEP][PASSED] - closeBrowser(): Browser is closed

25-10-2024T01:07:06 - [MESSAGE][PASSED] - Browser is closed

25-10-2024T01:07:06 - [TEST_STEP][PASSED] - ExecuteTC = dataFile.getValue("Execute", row): null

25-10-2024T01:07:06 - [TEST_STEP][PASSED] - out.println("Value of Execute is : " + ExecuteTC): null

25-10-2024T01:07:06 - [TEST_STEP][PASSED] - if (ExecuteTC.equalsIgnoreCase("Y")): null

25-10-2024T01:07:06 - [TEST_STEP][PASSED] - out.println("Begin Record Number: " + row): null

25-10-2024T01:07:06 - [TEST_STEP][PASSED] - today = new java.util.Date(): null

25-10-2024T01:07:06 - [TEST_STEP][PASSED] - println(today): null

25-10-2024T01:07:06 - [TEST_STEP][PASSED] - datText = today: null

25-10-2024T01:07:06 - [TEST_STEP][PASSED] - EmulatorDataKey = dataFile.getValue("EmulatorData", row): null

25-10-2024T01:07:06 - [TEST_STEP][PASSED] - out.println("Value of Emulator Key is : " + EmulatorDataKey): null

25-10-2024T01:07:06 - [TEST_STEP][PASSED] - iwpPages.emulatorIWP30.setDataEmulator_DD(EmulatorDataKey): iwpPages.emulatorIWP30.setDataEmulator_DD is PASSED

25-10-2024T01:07:06 - [MESSAGE][INFO] - Starting 'Edge Chromium' driver

25-10-2024T01:07:06 - [MESSAGE][INFO] - User set preference: ['acceptInsecureCerts', 'true']

25-10-2024T01:07:08 - [MESSAGE][INFO] - Action delay is set to 0 milliseconds

25-10-2024T01:07:12 - [MESSAGE][PASSED] - Browser is opened with url: 'https://qa2.velocitypayment.com/agencyx/config.action?action=editor&message_version=3_0'

25-10-2024T01:07:12 - [MESSAGE][PASSED] - Current window maximized

25-10-2024T01:07:43 - [MESSAGE][INFO] - Unable to find the element located by 'By.xpath: //select[@name='message_version']'. Please recheck the objects properties to make sure the desired element is located. 

25-10-2024T01:07:43 - [MESSAGE][WARNING] - [SELF-HEALING] Failed to find element with id 'Object Repository/IWP30/Page_VRelay30Emulator/MV'. Try using Self-healing.

25-10-2024T01:07:43 - [MESSAGE][WARNING] - [SELF-HEALING] The current locator of test object 'Object Repository/IWP30/Page_VRelay30Emulator/MV' was broken. Propose an alternative one: '(.//*[normalize-space(text()) and normalize-space(.)='Message Version'])[1]/following::select[1]'.

25-10-2024T01:07:44 - [MESSAGE][PASSED] - All options with value '3.0' are selected in object 'Object Repository/IWP30/Page_VRelay30Emulator/MV'  using regular expression

25-10-2024T01:07:44 - [MESSAGE][PASSED] - Text '10.50' is set on object 'Object Repository/IWP30/Page_EmulatorAgencyX/Amount'

25-10-2024T01:07:45 - [MESSAGE][PASSED] - Text '3CfCsqvkqR46' is set on object 'Object Repository/IWP30/Page_EmulatorAgencyX/CAN'

25-10-2024T01:07:45 - [MESSAGE][PASSED] - Text 'PayNow' is set on object 'Object Repository/IWP30/Page_EmulatorAgencyX/Action'

25-10-2024T01:07:46 - [MESSAGE][PASSED] - Text 'en_US' is set on object 'Object Repository/IWP30/Page_EmulatorAgencyX/Lang'

25-10-2024T01:07:47 - [MESSAGE][PASSED] - Text '' is set on object 'Object Repository/IWP30/Page_EmulatorAgencyX/Fname'

25-10-2024T01:07:47 - [MESSAGE][PASSED] - Text '' is set on object 'Object Repository/IWP30/Page_EmulatorAgencyX/Lname'

25-10-2024T01:07:48 - [MESSAGE][PASSED] - Text '' is set on object 'Object Repository/IWP30/Page_EmulatorAgencyX/AL1'

25-10-2024T01:07:48 - [MESSAGE][PASSED] - Text '' is set on object 'Object Repository/IWP30/Page_EmulatorAgencyX/AL2'

25-10-2024T01:07:49 - [MESSAGE][PASSED] - Text '' is set on object 'Object Repository/IWP30/Page_EmulatorAgencyX/Country'

25-10-2024T01:07:49 - [MESSAGE][PASSED] - Text '' is set on object 'Object Repository/IWP30/Page_EmulatorAgencyX/City'

25-10-2024T01:07:50 - [MESSAGE][PASSED] - Text '' is set on object 'Object Repository/IWP30/Page_EmulatorAgencyX/State'

25-10-2024T01:07:51 - [MESSAGE][PASSED] - Text '' is set on object 'Object Repository/IWP30/Page_EmulatorAgencyX/ZIP'

25-10-2024T01:07:51 - [MESSAGE][PASSED] - Text '' is set on object 'Object Repository/IWP30/Page_EmulatorAgencyX/Order'

25-10-2024T01:07:52 - [MESSAGE][PASSED] - Text '' is set on object 'Object Repository/IWP30/Page_EmulatorAgencyX/Company'

25-10-2024T01:07:52 - [MESSAGE][PASSED] - Text '' is set on object 'Object Repository/IWP30/Page_EmulatorAgencyX/Email'

25-10-2024T01:07:53 - [MESSAGE][PASSED] - Text '' is set on object 'Object Repository/IWP30/Page_EmulatorAgencyX/UDF1'

25-10-2024T01:07:53 - [MESSAGE][PASSED] - Text '' is set on object 'Object Repository/IWP30/Page_EmulatorAgencyX/UDF2'

25-10-2024T01:07:54 - [MESSAGE][PASSED] - Text '' is set on object 'Object Repository/IWP30/Page_EmulatorAgencyX/UDF3'

25-10-2024T01:07:55 - [MESSAGE][PASSED] - Text 'udf data 4' is set on object 'Object Repository/IWP30/Page_EmulatorAgencyX/UDF4'

25-10-2024T01:07:55 - [MESSAGE][PASSED] - Text 'udf data 5' is set on object 'Object Repository/IWP30/Page_EmulatorAgencyX/UDF5'

25-10-2024T01:07:56 - [MESSAGE][PASSED] - Text '' is set on object 'Object Repository/IWP30/Page_EmulatorAgencyX/UDF6'

25-10-2024T01:07:56 - [MESSAGE][PASSED] - Text '' is set on object 'Object Repository/IWP30/Page_EmulatorAgencyX/UDF7'

25-10-2024T01:07:57 - [MESSAGE][PASSED] - Text '' is set on object 'Object Repository/IWP30/Page_EmulatorAgencyX/UDF8'

25-10-2024T01:07:58 - [MESSAGE][PASSED] - Text 'udf data 9' is set on object 'Object Repository/IWP30/Page_EmulatorAgencyX/UDF9'

25-10-2024T01:07:58 - [MESSAGE][PASSED] - Text 'udf data 10' is set on object 'Object Repository/IWP30/Page_EmulatorAgencyX/UDF10'

25-10-2024T01:08:00 - [MESSAGE][PASSED] - Object: 'Object Repository/IWP30/Page_EmulatorAgencyX/Submit' is clicked on

25-10-2024T01:08:04 - [MESSAGE][PASSED] - Browser is closed

25-10-2024T01:08:08 - [MESSAGE][PASSED] - iwpPages.emulatorIWP30.setDataEmulator_DD is PASSED

25-10-2024T01:08:08 - [TEST_STEP][PASSED] - testHarnessURL = urlTestHarness: null

25-10-2024T01:08:08 - [TEST_STEP][PASSED] - openBrowser(testHarnessURL): Browser is opened with url: 'https://dev-algorithm.govolution.com/vrelaytest/QA2/version_2_2/vrelaytest.html'

25-10-2024T01:08:08 - [MESSAGE][INFO] - Starting 'Edge Chromium' driver

25-10-2024T01:08:08 - [MESSAGE][INFO] - User set preference: ['acceptInsecureCerts', 'true']

25-10-2024T01:08:10 - [MESSAGE][INFO] - Action delay is set to 0 milliseconds

25-10-2024T01:08:13 - [MESSAGE][PASSED] - Browser is opened with url: 'https://dev-algorithm.govolution.com/vrelaytest/QA2/version_2_2/vrelaytest.html'

25-10-2024T01:08:13 - [TEST_STEP][PASSED] - maximizeWindow(): Current window maximized

25-10-2024T01:08:13 - [MESSAGE][PASSED] - Current window maximized

25-10-2024T01:08:13 - [TEST_STEP][PASSED] - iwpPages.TestHarnessPage.setDataMethodEF(row, dataFile): iwpPages.TestHarnessPage.setDataMethodEF is PASSED

25-10-2024T01:08:13 - [MESSAGE][PASSED] - Object 'Object Repository/IWP30/Page_QATestHarness/RemittanceID' is present

25-10-2024T01:08:14 - [MESSAGE][PASSED] - Text '649' is set on object 'Object Repository/IWP30/Page_QATestHarness/ApplicationID'

25-10-2024T01:08:15 - [MESSAGE][PASSED] - Text '3.0' is set on object 'Object Repository/IWP30/Page_QATestHarness/MessageVersion'

25-10-2024T01:08:15 - [MESSAGE][PASSED] - Text 'S3I9ihN76q1q' is set on object 'Object Repository/IWP30/Page_QATestHarness/RemittanceID'

25-10-2024T01:08:19 - [MESSAGE][PASSED] - Object: 'Object Repository/IWP30/Page_QATestHarness/SubmitButton' is clicked on

25-10-2024T01:08:19 - [MESSAGE][PASSED] - iwpPages.TestHarnessPage.setDataMethodEF is PASSED

25-10-2024T01:08:19 - [TEST_STEP][PASSED] - click(findTestObject("Object Repository/IWP30/Page_SelectPaymentMethod/PayByCorporateCheck")): Object: 'Object Repository/IWP30/Page_SelectPaymentMethod/PayByCorporateCheck' is clicked on

25-10-2024T01:08:19 - [MESSAGE][PASSED] - Object: 'Object Repository/IWP30/Page_SelectPaymentMethod/PayByCorporateCheck' is clicked on

25-10-2024T01:08:19 - [TEST_STEP][PASSED] - click(findTestObject("Object Repository/IWP30/Page_SelectPaymentMethod/MakePaymentButton")): Object: 'Object Repository/IWP30/Page_SelectPaymentMethod/MakePaymentButton' is clicked on

25-10-2024T01:08:22 - [MESSAGE][PASSED] - Object: 'Object Repository/IWP30/Page_SelectPaymentMethod/MakePaymentButton' is clicked on

25-10-2024T01:08:22 - [TEST_STEP][PASSED] - iwpPages.achCorporatePaymentEntryPage.setDataCorporate(row, dataFile): iwpPages.achCorporatePaymentEntryPage.setDataCorporate is PASSED

25-10-2024T01:08:22 - [MESSAGE][PASSED] - Object 'Object Repository/IWP30/Page_ACHCorporatePaymentEntry/txt_accountNumber' is present

25-10-2024T01:08:22 - [MESSAGE][PASSED] - Object 'Object Repository/IWP30/Page_ACHCorporatePaymentEntry/input_CompanyName' is present

25-10-2024T01:08:23 - [MESSAGE][PASSED] - Text 'My Company' is set on object 'Object Repository/IWP30/Page_ACHCorporatePaymentEntry/input_CompanyName'

25-10-2024T01:08:23 - [MESSAGE][PASSED] - Object 'Object Repository/IWP30/Page_ACHCorporatePaymentEntry/input_EIN' is present

25-10-2024T01:08:24 - [MESSAGE][PASSED] - Text '123456789' is set on object 'Object Repository/IWP30/Page_ACHCorporatePaymentEntry/input_EIN'

25-10-2024T01:08:24 - [MESSAGE][PASSED] - Text '10.50' is set on object 'Object Repository/IWP30/Page_ACHCorporatePaymentEntry/txt_Amount'

25-10-2024T01:08:25 - [MESSAGE][PASSED] - Text 'udf data 2' is set on object 'Object Repository/IWP30/Page_ACHCorporatePaymentEntry/txt_UDF2'

25-10-2024T01:08:26 - [MESSAGE][PASSED] - Text 'udf data 3' is set on object 'Object Repository/IWP30/Page_ACHCorporatePaymentEntry/txt_UDF3'

25-10-2024T01:08:26 - [MESSAGE][PASSED] - All options with label 'Orange' are selected in object 'Object Repository/IWP30/Page_ACHCorporatePaymentEntry/dd_UDF7' 

25-10-2024T01:08:27 - [MESSAGE][PASSED] - All options with label 'Soccer' are selected in object 'Object Repository/IWP30/Page_ACHCorporatePaymentEntry/dd_UDF8' 

25-10-2024T01:08:27 - [MESSAGE][PASSED] - Object 'Object Repository/IWP30/Page_ACHCorporatePaymentEntry/txt_routingNumber' is present

25-10-2024T01:08:28 - [MESSAGE][PASSED] - Text '256072691' is set on object 'Object Repository/IWP30/Page_ACHCorporatePaymentEntry/txt_routingNumber'

25-10-2024T01:08:28 - [MESSAGE][PASSED] - Object 'Object Repository/IWP30/Page_ACHCorporatePaymentEntry/txt_accountNumber' is present

25-10-2024T01:08:29 - [MESSAGE][PASSED] - Text '12344444' is set on object 'Object Repository/IWP30/Page_ACHCorporatePaymentEntry/txt_accountNumber'

25-10-2024T01:08:29 - [MESSAGE][PASSED] - Object 'Object Repository/IWP30/Page_ACHCorporatePaymentEntry/txt_confirmAccountNumber' is present

25-10-2024T01:08:30 - [MESSAGE][PASSED] - Text '12344444' is set on object 'Object Repository/IWP30/Page_ACHCorporatePaymentEntry/txt_confirmAccountNumber'

25-10-2024T01:08:30 - [MESSAGE][PASSED] - Execute JavaScript '
				   document.getElementById('processDate').value = '08/09/2025'
				  ' successfully

25-10-2024T01:08:30 - [MESSAGE][PASSED] - Text '365 Main Avenue' is set on object 'Object Repository/IWP30/Page_ACHCorporatePaymentEntry/txt_AL1'

25-10-2024T01:08:31 - [MESSAGE][PASSED] - Text 'Ohio' is set on object 'Object Repository/IWP30/Page_ACHCorporatePaymentEntry/txt_AL2'

25-10-2024T01:08:32 - [MESSAGE][PASSED] - Text '22201' is set on object 'Object Repository/IWP30/Page_ACHCorporatePaymentEntry/txt_ZIP'

25-10-2024T01:08:32 - [MESSAGE][PASSED] - Object 'Object Repository/IWP30/Page_ACHCorporatePaymentEntry/txt_Email' is present

25-10-2024T01:08:33 - [MESSAGE][PASSED] - Text 'iahmed@govolution.com' is set on object 'Object Repository/IWP30/Page_ACHCorporatePaymentEntry/txt_Email'

25-10-2024T01:08:33 - [MESSAGE][PASSED] - Object 'Object Repository/IWP30/Page_ACHCorporatePaymentEntry/cb_TermsAndCond' is present

25-10-2024T01:08:33 - [MESSAGE][PASSED] - Object: 'Object Repository/IWP30/Page_ACHCorporatePaymentEntry/cb_TermsAndCond' is clicked on

25-10-2024T01:08:34 - [MESSAGE][PASSED] - Object 'Object Repository/IWP30/Page_ACHCorporatePaymentEntry/btn_Continue' is present

25-10-2024T01:08:35 - [MESSAGE][PASSED] - Object: 'Object Repository/IWP30/Page_ACHCorporatePaymentEntry/btn_Continue' is clicked on

25-10-2024T01:08:35 - [MESSAGE][PASSED] - iwpPages.achCorporatePaymentEntryPage.setDataCorporate is PASSED

25-10-2024T01:08:35 - [TEST_STEP][PASSED] - click(findTestObject("Object Repository/IWP30/Page_Confirmation/ConfirmButton")): Object: 'Object Repository/IWP30/Page_Confirmation/ConfirmButton' is clicked on

25-10-2024T01:09:06 - [MESSAGE][INFO] - Unable to find the element located by 'By.xpath: //*[@type = 'submit' and @name = 'confirmNotifyAction' and @id = 'submitYes' and @value = 'Confirm']'. Please recheck the objects properties to make sure the desired element is located. 

25-10-2024T01:09:06 - [MESSAGE][WARNING] - [SELF-HEALING] Failed to find element with id 'Object Repository/IWP30/Page_Confirmation/ConfirmButton'. Try using Self-healing.

25-10-2024T01:09:06 - [MESSAGE][WARNING] - [SELF-HEALING] The current locator of test object 'Object Repository/IWP30/Page_Confirmation/ConfirmButton' was broken. Propose an alternative one: '//div/input'.

25-10-2024T01:09:08 - [MESSAGE][PASSED] - Object: 'Object Repository/IWP30/Page_Confirmation/ConfirmButton' is clicked on

25-10-2024T01:09:08 - [TEST_STEP][PASSED] - Thread.sleep(2000): null

25-10-2024T01:09:10 - [TEST_STEP][PASSED] - if (verifyTextPresent("Deferred", false)): null

25-10-2024T01:09:10 - [MESSAGE][PASSED] - Text 'Deferred' is present on page 

25-10-2024T01:09:10 - [TEST_STEP][PASSED] - click(findTestObject("Object Repository/IWP30/Page_Receipt/ViewScheduledPaymentsButton")): Object: 'Object Repository/IWP30/Page_Receipt/ViewScheduledPaymentsButton' is clicked on

25-10-2024T01:09:11 - [MESSAGE][PASSED] - Object: 'Object Repository/IWP30/Page_Receipt/ViewScheduledPaymentsButton' is clicked on

25-10-2024T01:09:11 - [TEST_STEP][PASSED] - switchToWindowTitle("View Scheduled Payments"): Switched to window with title: 'View Scheduled Payments'

25-10-2024T01:09:11 - [MESSAGE][PASSED] - Switched to window with title: 'View Scheduled Payments'

25-10-2024T01:09:11 - [TEST_STEP][PASSED] - Thread.sleep(5000): null

25-10-2024T01:09:16 - [TEST_STEP][PASSED] - if (verifyTextPresent("View Scheduled Payments", false)): null

25-10-2024T01:09:16 - [MESSAGE][PASSED] - Text 'View Scheduled Payments' is present on page 

25-10-2024T01:09:16 - [TEST_STEP][PASSED] - click(findTestObject("Object Repository/IWP30/Page_ScheduledPayments/edit_payment")): Object: 'Object Repository/IWP30/Page_ScheduledPayments/edit_payment' is clicked on

25-10-2024T01:09:19 - [MESSAGE][PASSED] - Object: 'Object Repository/IWP30/Page_ScheduledPayments/edit_payment' is clicked on

25-10-2024T01:09:19 - [TEST_STEP][PASSED] - iwpPages.editSchedulePayment.setDataSchedPaymentEF(row, dataFile): iwpPages.editSchedulePayment.setDataSchedPaymentEF is PASSED

25-10-2024T01:09:20 - [MESSAGE][PASSED] - Text 'Edit Payment Plan' is present on page 

25-10-2024T01:09:20 - [MESSAGE][PASSED] - All options with label 'Orange' are selected in object 'Object Repository/IWP30/Page_CCPaymentEntry/UserDefined7' 

25-10-2024T01:09:21 - [MESSAGE][PASSED] - All options with label 'Soccer' are selected in object 'Object Repository/IWP30/Page_CCPaymentEntry/UserDefined8' 

25-10-2024T01:09:21 - [MESSAGE][PASSED] - Execute JavaScript '
				   document.getElementById('processDate').value = '08/09/2045'
				  ' successfully

25-10-2024T01:09:21 - [MESSAGE][PASSED] - iwpPages.editSchedulePayment.setDataSchedPaymentEF is PASSED

25-10-2024T01:09:21 - [TEST_STEP][PASSED] - click(findTestObject("Object Repository/Page_EditSchedPayment/chkbox_acceptterms")): Object: 'Object Repository/Page_EditSchedPayment/chkbox_acceptterms' is clicked on

25-10-2024T01:09:21 - [MESSAGE][PASSED] - Object: 'Object Repository/Page_EditSchedPayment/chkbox_acceptterms' is clicked on

25-10-2024T01:09:21 - [TEST_STEP][PASSED] - click(findTestObject("Object Repository/Page_EditSchedPayment/btn_update")): Object: 'Object Repository/Page_EditSchedPayment/btn_update' is clicked on

25-10-2024T01:09:23 - [MESSAGE][PASSED] - Object: 'Object Repository/Page_EditSchedPayment/btn_update' is clicked on

25-10-2024T01:09:23 - [TEST_STEP][PASSED] - if (verifyTextPresent("Successful Payment Plan Update", false)): null

25-10-2024T01:09:23 - [MESSAGE][PASSED] - Text 'Successful Payment Plan Update' is present on page 

25-10-2024T01:09:23 - [TEST_STEP][PASSED] - isRequiredTextPresent = true: null

25-10-2024T01:09:23 - [TEST_STEP][PASSED] - println(isRequiredTextPresent): null

25-10-2024T01:09:23 - [TEST_STEP][PASSED] - if (isRequiredTextPresent): null

25-10-2024T01:09:23 - [TEST_STEP][PASSED] - if (verifyTextPresent("CAN Label:", false)): null

25-10-2024T01:09:24 - [MESSAGE][PASSED] - Text 'CAN Label:' is present on page 

25-10-2024T01:09:24 - [TEST_STEP][PASSED] - isRequiredTextPresent = true: null

25-10-2024T01:09:24 - [TEST_STEP][PASSED] - println(isRequiredTextPresent): null

25-10-2024T01:09:24 - [TEST_STEP][PASSED] - if (isRequiredTextPresent): null

25-10-2024T01:09:24 - [TEST_STEP][PASSED] - if (verifyTextPresent("Remittance ID:", false)): null

25-10-2024T01:09:24 - [MESSAGE][PASSED] - Text 'Remittance ID:' is present on page 

25-10-2024T01:09:24 - [TEST_STEP][PASSED] - isRequiredTextPresent = true: null

25-10-2024T01:09:24 - [TEST_STEP][PASSED] - println(isRequiredTextPresent): null

25-10-2024T01:09:24 - [TEST_STEP][PASSED] - if (isRequiredTextPresent): null

25-10-2024T01:09:24 - [TEST_STEP][PASSED] - if (verifyTextPresent("UDF2 Label:", false)): null

25-10-2024T01:09:24 - [MESSAGE][PASSED] - Text 'UDF2 Label:' is present on page 

25-10-2024T01:09:24 - [TEST_STEP][PASSED] - isRequiredTextPresent = true: null

25-10-2024T01:09:24 - [TEST_STEP][PASSED] - println(isRequiredTextPresent): null

25-10-2024T01:09:24 - [TEST_STEP][PASSED] - if (isRequiredTextPresent): null

25-10-2024T01:09:24 - [TEST_STEP][PASSED] - if (verifyTextPresent("UDF3 Label:", false)): null

25-10-2024T01:09:24 - [MESSAGE][PASSED] - Text 'UDF3 Label:' is present on page 

25-10-2024T01:09:24 - [TEST_STEP][PASSED] - isRequiredTextPresent = true: null

25-10-2024T01:09:24 - [TEST_STEP][PASSED] - println(isRequiredTextPresent): null

25-10-2024T01:09:24 - [TEST_STEP][PASSED] - if (isRequiredTextPresent): null

25-10-2024T01:09:24 - [TEST_STEP][PASSED] - if (verifyTextPresent("UDF4 Label:", false)): null

25-10-2024T01:09:25 - [MESSAGE][PASSED] - Text 'UDF4 Label:' is present on page 

25-10-2024T01:09:25 - [TEST_STEP][PASSED] - isRequiredTextPresent = true: null

25-10-2024T01:09:25 - [TEST_STEP][PASSED] - println(isRequiredTextPresent): null

25-10-2024T01:09:25 - [TEST_STEP][PASSED] - if (isRequiredTextPresent): null

25-10-2024T01:09:25 - [TEST_STEP][PASSED] - if (verifyTextPresent("UDF7 Label:", false)): null

25-10-2024T01:09:25 - [MESSAGE][PASSED] - Text 'UDF7 Label:' is present on page 

25-10-2024T01:09:25 - [TEST_STEP][PASSED] - isRequiredTextPresent = true: null

25-10-2024T01:09:25 - [TEST_STEP][PASSED] - println(isRequiredTextPresent): null

25-10-2024T01:09:25 - [TEST_STEP][PASSED] - if (isRequiredTextPresent): null

25-10-2024T01:09:25 - [TEST_STEP][PASSED] - if (verifyTextPresent("UDF8 Label:", false)): null

25-10-2024T01:09:25 - [MESSAGE][PASSED] - Text 'UDF8 Label:' is present on page 

25-10-2024T01:09:25 - [TEST_STEP][PASSED] - isRequiredTextPresent = true: null

25-10-2024T01:09:25 - [TEST_STEP][PASSED] - println(isRequiredTextPresent): null

25-10-2024T01:09:25 - [TEST_STEP][PASSED] - if (isRequiredTextPresent): null

25-10-2024T01:09:25 - [TEST_STEP][PASSED] - if (verifyTextPresent("UDF9 Label:", false)): null

25-10-2024T01:09:25 - [MESSAGE][PASSED] - Text 'UDF9 Label:' is present on page 

25-10-2024T01:09:25 - [TEST_STEP][PASSED] - isRequiredTextPresent = true: null

25-10-2024T01:09:25 - [TEST_STEP][PASSED] - println(isRequiredTextPresent): null

25-10-2024T01:09:25 - [TEST_STEP][PASSED] - if (isRequiredTextPresent): null

25-10-2024T01:09:25 - [TEST_STEP][PASSED] - if (verifyTextPresent("Transaction Type:", false)): null

25-10-2024T01:09:26 - [MESSAGE][PASSED] - Text 'Transaction Type:' is present on page 

25-10-2024T01:09:26 - [TEST_STEP][PASSED] - isRequiredTextPresent = true: null

25-10-2024T01:09:26 - [TEST_STEP][PASSED] - println(isRequiredTextPresent): null

25-10-2024T01:09:26 - [TEST_STEP][PASSED] - if (isRequiredTextPresent): null

25-10-2024T01:09:26 - [TEST_STEP][PASSED] - if (verifyTextPresent("Amount:", false)): null

25-10-2024T01:09:26 - [MESSAGE][PASSED] - Text 'Amount:' is present on page 

25-10-2024T01:09:26 - [TEST_STEP][PASSED] - isRequiredTextPresent = true: null

25-10-2024T01:09:26 - [TEST_STEP][PASSED] - println(isRequiredTextPresent): null

25-10-2024T01:09:26 - [TEST_STEP][PASSED] - if (isRequiredTextPresent): null

25-10-2024T01:09:26 - [TEST_STEP][PASSED] - if (verifyTextPresent("Check Information:", false)): null

25-10-2024T01:09:26 - [MESSAGE][PASSED] - Text 'Check Information:' is present on page 

25-10-2024T01:09:26 - [TEST_STEP][PASSED] - isRequiredTextPresent = true: null

25-10-2024T01:09:26 - [TEST_STEP][PASSED] - println(isRequiredTextPresent): null

25-10-2024T01:09:26 - [TEST_STEP][PASSED] - if (isRequiredTextPresent): null

25-10-2024T01:09:26 - [TEST_STEP][PASSED] - if (verifyTextPresent("Account Type:", false)): null

25-10-2024T01:09:27 - [MESSAGE][PASSED] - Text 'Account Type:' is present on page 

25-10-2024T01:09:27 - [TEST_STEP][PASSED] - isRequiredTextPresent = true: null

25-10-2024T01:09:27 - [TEST_STEP][PASSED] - println(isRequiredTextPresent): null

25-10-2024T01:09:27 - [TEST_STEP][PASSED] - if (isRequiredTextPresent): null

25-10-2024T01:09:27 - [TEST_STEP][PASSED] - if (verifyTextPresent("Employer Identification Number(EIN):", false)): null

25-10-2024T01:09:27 - [MESSAGE][PASSED] - Text 'Employer Identification Number(EIN):' is present on page 

25-10-2024T01:09:27 - [TEST_STEP][PASSED] - isRequiredTextPresent = true: null

25-10-2024T01:09:27 - [TEST_STEP][PASSED] - println(isRequiredTextPresent): null

25-10-2024T01:09:27 - [TEST_STEP][PASSED] - if (isRequiredTextPresent): null

25-10-2024T01:09:27 - [TEST_STEP][PASSED] - if (verifyTextPresent("Account Number:", false)): null

25-10-2024T01:09:27 - [MESSAGE][PASSED] - Text 'Account Number:' is present on page 

25-10-2024T01:09:27 - [TEST_STEP][PASSED] - isRequiredTextPresent = true: null

25-10-2024T01:09:27 - [TEST_STEP][PASSED] - println(isRequiredTextPresent): null

25-10-2024T01:09:27 - [TEST_STEP][PASSED] - if (isRequiredTextPresent): null

25-10-2024T01:09:27 - [TEST_STEP][PASSED] - if (verifyTextPresent("Routing Number:", false)): null

25-10-2024T01:09:27 - [MESSAGE][PASSED] - Text 'Routing Number:' is present on page 

25-10-2024T01:09:27 - [TEST_STEP][PASSED] - isRequiredTextPresent = true: null

25-10-2024T01:09:27 - [TEST_STEP][PASSED] - println(isRequiredTextPresent): null

25-10-2024T01:09:27 - [TEST_STEP][PASSED] - if (isRequiredTextPresent): null

25-10-2024T01:09:27 - [TEST_STEP][PASSED] - if (verifyTextPresent("Company Name:", false)): null

25-10-2024T01:09:28 - [MESSAGE][PASSED] - Text 'Company Name:' is present on page 

25-10-2024T01:09:28 - [TEST_STEP][PASSED] - isRequiredTextPresent = true: null

25-10-2024T01:09:28 - [TEST_STEP][PASSED] - println(isRequiredTextPresent): null

25-10-2024T01:09:28 - [TEST_STEP][PASSED] - if (isRequiredTextPresent): null

25-10-2024T01:09:28 - [TEST_STEP][PASSED] - if (verifyTextPresent("Billing Information:", false)): null

25-10-2024T01:09:28 - [MESSAGE][PASSED] - Text 'Billing Information:' is present on page 

25-10-2024T01:09:28 - [TEST_STEP][PASSED] - isRequiredTextPresent = true: null

25-10-2024T01:09:28 - [TEST_STEP][PASSED] - println(isRequiredTextPresent): null

25-10-2024T01:09:28 - [TEST_STEP][PASSED] - if (isRequiredTextPresent): null

25-10-2024T01:09:28 - [TEST_STEP][PASSED] - if (verifyTextPresent("Address Line 1:", false)): null

25-10-2024T01:09:28 - [MESSAGE][PASSED] - Text 'Address Line 1:' is present on page 

25-10-2024T01:09:28 - [TEST_STEP][PASSED] - isRequiredTextPresent = true: null

25-10-2024T01:09:28 - [TEST_STEP][PASSED] - println(isRequiredTextPresent): null

25-10-2024T01:09:28 - [TEST_STEP][PASSED] - if (isRequiredTextPresent): null

25-10-2024T01:09:28 - [TEST_STEP][PASSED] - if (verifyTextPresent("Address Line 2:", false)): null

25-10-2024T01:09:28 - [MESSAGE][PASSED] - Text 'Address Line 2:' is present on page 

25-10-2024T01:09:28 - [TEST_STEP][PASSED] - isRequiredTextPresent = true: null

25-10-2024T01:09:28 - [TEST_STEP][PASSED] - println(isRequiredTextPresent): null

25-10-2024T01:09:28 - [TEST_STEP][PASSED] - if (isRequiredTextPresent): null

25-10-2024T01:09:28 - [TEST_STEP][PASSED] - if (verifyTextPresent("Country:", false)): null

25-10-2024T01:09:29 - [MESSAGE][PASSED] - Text 'Country:' is present on page 

25-10-2024T01:09:29 - [TEST_STEP][PASSED] - isRequiredTextPresent = true: null

25-10-2024T01:09:29 - [TEST_STEP][PASSED] - println(isRequiredTextPresent): null

25-10-2024T01:09:29 - [TEST_STEP][PASSED] - if (isRequiredTextPresent): null

25-10-2024T01:09:29 - [TEST_STEP][PASSED] - if (verifyTextPresent("City:", false)): null

25-10-2024T01:09:29 - [MESSAGE][PASSED] - Text 'City:' is present on page 

25-10-2024T01:09:29 - [TEST_STEP][PASSED] - isRequiredTextPresent = true: null

25-10-2024T01:09:29 - [TEST_STEP][PASSED] - println(isRequiredTextPresent): null

25-10-2024T01:09:29 - [TEST_STEP][PASSED] - if (isRequiredTextPresent): null

25-10-2024T01:09:29 - [TEST_STEP][PASSED] - if (verifyTextPresent("State:", false)): null

25-10-2024T01:09:29 - [MESSAGE][PASSED] - Text 'State:' is present on page 

25-10-2024T01:09:29 - [TEST_STEP][PASSED] - isRequiredTextPresent = true: null

25-10-2024T01:09:29 - [TEST_STEP][PASSED] - println(isRequiredTextPresent): null

25-10-2024T01:09:29 - [TEST_STEP][PASSED] - if (isRequiredTextPresent): null

25-10-2024T01:09:29 - [TEST_STEP][PASSED] - if (verifyTextPresent("Zip Code:", false)): null

25-10-2024T01:09:29 - [MESSAGE][PASSED] - Text 'Zip Code:' is present on page 

25-10-2024T01:09:29 - [TEST_STEP][PASSED] - isRequiredTextPresent = true: null

25-10-2024T01:09:29 - [TEST_STEP][PASSED] - println(isRequiredTextPresent): null

25-10-2024T01:09:29 - [TEST_STEP][PASSED] - if (isRequiredTextPresent): null

25-10-2024T01:09:29 - [TEST_STEP][PASSED] - if (verifyTextPresent("Plan Information:", false)): null

25-10-2024T01:09:30 - [MESSAGE][PASSED] - Text 'Plan Information:' is present on page 

25-10-2024T01:09:30 - [TEST_STEP][PASSED] - isRequiredTextPresent = true: null

25-10-2024T01:09:30 - [TEST_STEP][PASSED] - println(isRequiredTextPresent): null

25-10-2024T01:09:30 - [TEST_STEP][PASSED] - if (isRequiredTextPresent): null

25-10-2024T01:09:30 - [TEST_STEP][PASSED] - if (verifyTextPresent("Payment Plan Type:", false)): null

25-10-2024T01:09:30 - [MESSAGE][PASSED] - Text 'Payment Plan Type:' is present on page 

25-10-2024T01:09:30 - [TEST_STEP][PASSED] - isRequiredTextPresent = true: null

25-10-2024T01:09:30 - [TEST_STEP][PASSED] - println(isRequiredTextPresent): null

25-10-2024T01:09:30 - [TEST_STEP][PASSED] - if (isRequiredTextPresent): null

25-10-2024T01:09:30 - [TEST_STEP][PASSED] - if (verifyTextPresent("Payment Plan ID:", false)): null

25-10-2024T01:09:30 - [MESSAGE][PASSED] - Text 'Payment Plan ID:' is present on page 

25-10-2024T01:09:30 - [TEST_STEP][PASSED] - isRequiredTextPresent = true: null

25-10-2024T01:09:30 - [TEST_STEP][PASSED] - println(isRequiredTextPresent): null

25-10-2024T01:09:30 - [TEST_STEP][PASSED] - if (isRequiredTextPresent): null

25-10-2024T01:09:30 - [TEST_STEP][PASSED] - if (verifyTextPresent("Start Date:", false)): null

25-10-2024T01:09:31 - [MESSAGE][PASSED] - Text 'Start Date:' is present on page 

25-10-2024T01:09:31 - [TEST_STEP][PASSED] - isRequiredTextPresent = true: null

25-10-2024T01:09:31 - [TEST_STEP][PASSED] - println(isRequiredTextPresent): null

25-10-2024T01:09:31 - [TEST_STEP][PASSED] - if (isRequiredTextPresent == true): pages.WriteExcel.demoKey is PASSED

25-10-2024T01:09:31 - [TEST_STEP][PASSED] - println("All the relevant texts are present on Receipt Page"): null

25-10-2024T01:09:31 - [TEST_STEP][PASSED] - markPassed("All the relevant texts are present on Receipt Page"): All the relevant texts are present on Receipt Page

25-10-2024T01:09:31 - [MESSAGE][PASSED] - All the relevant texts are present on Receipt Page

25-10-2024T01:09:31 - [TEST_STEP][PASSED] - resText = "Pass": null

25-10-2024T01:09:31 - [TEST_STEP][PASSED] - pages.WriteExcel.demoKey(resText, datText, resColumn, datCloumn, fileLoc, nameSheet, row): pages.WriteExcel.demoKey is PASSED

25-10-2024T01:09:31 - [MESSAGE][PASSED] - pages.WriteExcel.demoKey is PASSED

25-10-2024T01:09:31 - [TEST_STEP][PASSED] - closeBrowser(): Browser is closed

25-10-2024T01:09:31 - [MESSAGE][PASSED] - Browser is closed]]></system-out>
         <system-err><![CDATA[]]></system-err>
      </testcase>
      <testcase name="Test Cases/IntegratedWeb/IWP25/Payments/VerifyEditReceiptLabelsDeferredPC" time="264.653" classname="Test Cases/IntegratedWeb/IWP25/Payments/VerifyEditReceiptLabelsDeferredPC" status="PASSED">
         <system-out><![CDATA[25-10-2024T01:09:31 - [TEST_CASE][PASSED] - Test Cases/IntegratedWeb/IWP25/Payments/VerifyEditReceiptLabelsDeferredPC: Test Cases/IntegratedWeb/IWP25/Payments/VerifyEditReceiptLabelsDeferredPC

25-10-2024T01:09:32 - [TEST_STEP][PASSED] - resText = "Fail": null

25-10-2024T01:09:32 - [TEST_STEP][PASSED] - resColumn = "Result": null

25-10-2024T01:09:32 - [TEST_STEP][PASSED] - datCloumn = "Date": null

25-10-2024T01:09:32 - [TEST_STEP][PASSED] - fileLoc = "KatalonData/IWPTestData/VRelay25PaymentsExtension.xlsx": null

25-10-2024T01:09:32 - [TEST_STEP][PASSED] - numOfRows = <not implemented yet for class: org.codehaus.groovy.ast.expr.EmptyExpression>: null

25-10-2024T01:09:32 - [TEST_STEP][PASSED] - nameSheet = <not implemented yet for class: org.codehaus.groovy.ast.expr.EmptyExpression>: null

25-10-2024T01:09:32 - [TEST_STEP][PASSED] - dataFileEmulator = <not implemented yet for class: org.codehaus.groovy.ast.expr.EmptyExpression>: null

25-10-2024T01:09:32 - [TEST_STEP][PASSED] - isRequiredTextPresent = false: null

25-10-2024T01:09:32 - [TEST_STEP][PASSED] - nameSheet = "VerifyEditLabelDeferredPC": null

25-10-2024T01:09:32 - [TEST_STEP][PASSED] - dataFile = getExcelDataWithDefaultSheet("KatalonData/IWPTestData/VRelay25PaymentsExtension.xlsx", nameSheet, true): null

25-10-2024T01:09:32 - [TEST_STEP][PASSED] - dataFileEmulator = "IWPTestData/EmulatorData": null

25-10-2024T01:09:32 - [TEST_STEP][PASSED] - numOfRows = dataFile.getRowNumbers(): null

25-10-2024T01:09:32 - [TEST_STEP][PASSED] - println("Number of Records: " + numOfRows): null

25-10-2024T01:09:32 - [TEST_STEP][PASSED] - columnNames = dataFile.getColumnNames(): null

25-10-2024T01:09:32 - [TEST_STEP][PASSED] - println(columnNames[0]): null

25-10-2024T01:09:32 - [TEST_STEP][PASSED] - for ([row = 1, row <= numOfRows, (row++)]): Browser is closed

25-10-2024T01:09:32 - [TEST_STEP][PASSED] - ExecuteTC = dataFile.getValue("Execute", row): null

25-10-2024T01:09:32 - [TEST_STEP][PASSED] - out.println("Value of Execute is : " + ExecuteTC): null

25-10-2024T01:09:32 - [TEST_STEP][PASSED] - if (ExecuteTC.equalsIgnoreCase("Y")): null

25-10-2024T01:09:32 - [TEST_STEP][PASSED] - out.println("Begin Record Number: " + row): null

25-10-2024T01:09:32 - [TEST_STEP][PASSED] - today = new java.util.Date(): null

25-10-2024T01:09:32 - [TEST_STEP][PASSED] - println(today): null

25-10-2024T01:09:32 - [TEST_STEP][PASSED] - datText = today: null

25-10-2024T01:09:32 - [TEST_STEP][PASSED] - EmulatorDataKey = dataFile.getValue("EmulatorData", row): null

25-10-2024T01:09:32 - [TEST_STEP][PASSED] - out.println("Value of Emulator Key is : " + EmulatorDataKey): null

25-10-2024T01:09:32 - [TEST_STEP][PASSED] - iwpPages.emulatorIWP30.setDataEmulator_DD(EmulatorDataKey): iwpPages.emulatorIWP30.setDataEmulator_DD is PASSED

25-10-2024T01:09:32 - [MESSAGE][INFO] - Starting 'Edge Chromium' driver

25-10-2024T01:09:32 - [MESSAGE][INFO] - User set preference: ['acceptInsecureCerts', 'true']

25-10-2024T01:09:34 - [MESSAGE][INFO] - Action delay is set to 0 milliseconds

25-10-2024T01:09:37 - [MESSAGE][PASSED] - Browser is opened with url: 'https://qa2.velocitypayment.com/agencyx/config.action?action=editor&message_version=2_5'

25-10-2024T01:09:38 - [MESSAGE][PASSED] - Current window maximized

25-10-2024T01:10:09 - [MESSAGE][INFO] - Unable to find the element located by 'By.xpath: //select[@name='message_version']'. Please recheck the objects properties to make sure the desired element is located. 

25-10-2024T01:10:09 - [MESSAGE][WARNING] - [SELF-HEALING] Failed to find element with id 'Object Repository/IWP30/Page_VRelay30Emulator/MV'. Try using Self-healing.

25-10-2024T01:10:09 - [MESSAGE][WARNING] - [SELF-HEALING] The current locator of test object 'Object Repository/IWP30/Page_VRelay30Emulator/MV' was broken. Propose an alternative one: '(.//*[normalize-space(text()) and normalize-space(.)='Message Version'])[1]/following::select[1]'.

25-10-2024T01:10:10 - [MESSAGE][PASSED] - All options with value '2.5' are selected in object 'Object Repository/IWP30/Page_VRelay30Emulator/MV'  using regular expression

25-10-2024T01:10:10 - [MESSAGE][PASSED] - Text '10.50' is set on object 'Object Repository/IWP30/Page_EmulatorAgencyX/Amount'

25-10-2024T01:10:11 - [MESSAGE][PASSED] - Text 'C7AJpAeZxGLv' is set on object 'Object Repository/IWP30/Page_EmulatorAgencyX/CAN'

25-10-2024T01:10:12 - [MESSAGE][PASSED] - Text 'PayNow' is set on object 'Object Repository/IWP30/Page_EmulatorAgencyX/Action'

25-10-2024T01:10:12 - [MESSAGE][PASSED] - Text 'en_US' is set on object 'Object Repository/IWP30/Page_EmulatorAgencyX/Lang'

25-10-2024T01:10:13 - [MESSAGE][PASSED] - Text '' is set on object 'Object Repository/IWP30/Page_EmulatorAgencyX/Fname'

25-10-2024T01:10:13 - [MESSAGE][PASSED] - Text '' is set on object 'Object Repository/IWP30/Page_EmulatorAgencyX/Lname'

25-10-2024T01:10:14 - [MESSAGE][PASSED] - Text '' is set on object 'Object Repository/IWP30/Page_EmulatorAgencyX/AL1'

25-10-2024T01:10:14 - [MESSAGE][PASSED] - Text '' is set on object 'Object Repository/IWP30/Page_EmulatorAgencyX/AL2'

25-10-2024T01:10:15 - [MESSAGE][PASSED] - Text '' is set on object 'Object Repository/IWP30/Page_EmulatorAgencyX/Country'

25-10-2024T01:10:16 - [MESSAGE][PASSED] - Text '' is set on object 'Object Repository/IWP30/Page_EmulatorAgencyX/City'

25-10-2024T01:10:16 - [MESSAGE][PASSED] - Text '' is set on object 'Object Repository/IWP30/Page_EmulatorAgencyX/State'

25-10-2024T01:10:17 - [MESSAGE][PASSED] - Text '' is set on object 'Object Repository/IWP30/Page_EmulatorAgencyX/ZIP'

25-10-2024T01:10:17 - [MESSAGE][PASSED] - Text '' is set on object 'Object Repository/IWP30/Page_EmulatorAgencyX/Order'

25-10-2024T01:10:18 - [MESSAGE][PASSED] - Text '' is set on object 'Object Repository/IWP30/Page_EmulatorAgencyX/Company'

25-10-2024T01:10:19 - [MESSAGE][PASSED] - Text '' is set on object 'Object Repository/IWP30/Page_EmulatorAgencyX/Email'

25-10-2024T01:10:19 - [MESSAGE][PASSED] - Text '' is set on object 'Object Repository/IWP30/Page_EmulatorAgencyX/UDF1'

25-10-2024T01:10:20 - [MESSAGE][PASSED] - Text '' is set on object 'Object Repository/IWP30/Page_EmulatorAgencyX/UDF2'

25-10-2024T01:10:20 - [MESSAGE][PASSED] - Text '' is set on object 'Object Repository/IWP30/Page_EmulatorAgencyX/UDF3'

25-10-2024T01:10:21 - [MESSAGE][PASSED] - Text 'udf data 4' is set on object 'Object Repository/IWP30/Page_EmulatorAgencyX/UDF4'

25-10-2024T01:10:21 - [MESSAGE][PASSED] - Text 'udf data 5' is set on object 'Object Repository/IWP30/Page_EmulatorAgencyX/UDF5'

25-10-2024T01:10:22 - [MESSAGE][PASSED] - Text '' is set on object 'Object Repository/IWP30/Page_EmulatorAgencyX/UDF6'

25-10-2024T01:10:23 - [MESSAGE][PASSED] - Text '' is set on object 'Object Repository/IWP30/Page_EmulatorAgencyX/UDF7'

25-10-2024T01:10:23 - [MESSAGE][PASSED] - Text '' is set on object 'Object Repository/IWP30/Page_EmulatorAgencyX/UDF8'

25-10-2024T01:10:24 - [MESSAGE][PASSED] - Text 'udf data 9' is set on object 'Object Repository/IWP30/Page_EmulatorAgencyX/UDF9'

25-10-2024T01:10:24 - [MESSAGE][PASSED] - Text 'udf data 10' is set on object 'Object Repository/IWP30/Page_EmulatorAgencyX/UDF10'

25-10-2024T01:10:26 - [MESSAGE][PASSED] - Object: 'Object Repository/IWP30/Page_EmulatorAgencyX/Submit' is clicked on

25-10-2024T01:10:30 - [MESSAGE][PASSED] - Browser is closed

25-10-2024T01:10:34 - [MESSAGE][PASSED] - iwpPages.emulatorIWP30.setDataEmulator_DD is PASSED

25-10-2024T01:10:34 - [TEST_STEP][PASSED] - testHarnessURL = urlTestHarness: null

25-10-2024T01:10:34 - [TEST_STEP][PASSED] - openBrowser(testHarnessURL): Browser is opened with url: 'https://dev-algorithm.govolution.com/vrelaytest/QA2/version_2_2/vrelaytest.html'

25-10-2024T01:10:34 - [MESSAGE][INFO] - Starting 'Edge Chromium' driver

25-10-2024T01:10:34 - [MESSAGE][INFO] - User set preference: ['acceptInsecureCerts', 'true']

25-10-2024T01:10:36 - [MESSAGE][INFO] - Action delay is set to 0 milliseconds

25-10-2024T01:10:40 - [MESSAGE][PASSED] - Browser is opened with url: 'https://dev-algorithm.govolution.com/vrelaytest/QA2/version_2_2/vrelaytest.html'

25-10-2024T01:10:40 - [TEST_STEP][PASSED] - maximizeWindow(): Current window maximized

25-10-2024T01:10:40 - [MESSAGE][PASSED] - Current window maximized

25-10-2024T01:10:40 - [TEST_STEP][PASSED] - iwpPages.TestHarnessPage.setDataMethodEF(row, dataFile): iwpPages.TestHarnessPage.setDataMethodEF is PASSED

25-10-2024T01:10:40 - [MESSAGE][PASSED] - Object 'Object Repository/IWP30/Page_QATestHarness/RemittanceID' is present

25-10-2024T01:10:40 - [MESSAGE][PASSED] - Text '638' is set on object 'Object Repository/IWP30/Page_QATestHarness/ApplicationID'

25-10-2024T01:10:41 - [MESSAGE][PASSED] - Text '2.5' is set on object 'Object Repository/IWP30/Page_QATestHarness/MessageVersion'

25-10-2024T01:10:42 - [MESSAGE][PASSED] - Text '8W89C6PrZhFX' is set on object 'Object Repository/IWP30/Page_QATestHarness/RemittanceID'

25-10-2024T01:10:46 - [MESSAGE][PASSED] - Object: 'Object Repository/IWP30/Page_QATestHarness/SubmitButton' is clicked on

25-10-2024T01:10:46 - [MESSAGE][PASSED] - iwpPages.TestHarnessPage.setDataMethodEF is PASSED

25-10-2024T01:10:46 - [TEST_STEP][PASSED] - click(findTestObject("Object Repository/IWP30/Page_SelectPaymentMethod/PayByPersonalCheck")): Object: 'Object Repository/IWP30/Page_SelectPaymentMethod/PayByPersonalCheck' is clicked on

25-10-2024T01:10:46 - [MESSAGE][PASSED] - Object: 'Object Repository/IWP30/Page_SelectPaymentMethod/PayByPersonalCheck' is clicked on

25-10-2024T01:10:46 - [TEST_STEP][PASSED] - click(findTestObject("Object Repository/IWP30/Page_SelectPaymentMethod/MakePaymentButton")): Object: 'Object Repository/IWP30/Page_SelectPaymentMethod/MakePaymentButton' is clicked on

25-10-2024T01:10:49 - [MESSAGE][PASSED] - Object: 'Object Repository/IWP30/Page_SelectPaymentMethod/MakePaymentButton' is clicked on

25-10-2024T01:10:49 - [TEST_STEP][PASSED] - iwpPages.achPersonalPaymentEntryPage.setDataACHPPM(row, dataFile): iwpPages.achPersonalPaymentEntryPage.setDataACHPPM is PASSED

25-10-2024T01:10:49 - [MESSAGE][PASSED] - Object 'Object Repository/IWP30/Page_ACHPersonalPaymentEntry/txt_accountNumber' is present

25-10-2024T01:10:50 - [MESSAGE][PASSED] - Text '10.50' is set on object 'Object Repository/IWP30/Page_ACHPersonalPaymentEntry/txt_Amount'

25-10-2024T01:10:50 - [MESSAGE][PASSED] - Object 'Object Repository/IWP30/Page_ACHPersonalPaymentEntry/txt_UDF2' is present

25-10-2024T01:10:51 - [MESSAGE][PASSED] - Text 'udf data 2' is set on object 'Object Repository/IWP30/Page_ACHPersonalPaymentEntry/txt_UDF2'

25-10-2024T01:10:52 - [MESSAGE][PASSED] - Text 'udf data 3' is set on object 'Object Repository/IWP30/Page_ACHPersonalPaymentEntry/txt_UDF3'

25-10-2024T01:10:52 - [MESSAGE][PASSED] - All options with label 'Orange' are selected in object 'Object Repository/IWP30/Page_ACHPersonalPaymentEntry/dd_UDF7' 

25-10-2024T01:10:53 - [MESSAGE][PASSED] - All options with label 'Soccer' are selected in object 'Object Repository/IWP30/Page_ACHPersonalPaymentEntry/dd_UDF8' 

25-10-2024T01:10:53 - [MESSAGE][PASSED] - Object 'Object Repository/IWP30/Page_ACHPersonalPaymentEntry/txt_Firstname' is present

25-10-2024T01:10:53 - [MESSAGE][PASSED] - Text 'Elizath' is set on object 'Object Repository/IWP30/Page_ACHPersonalPaymentEntry/txt_Firstname'

25-10-2024T01:10:54 - [MESSAGE][PASSED] - Object 'Object Repository/IWP30/Page_ACHPersonalPaymentEntry/txt_Lastname' is present

25-10-2024T01:10:54 - [MESSAGE][PASSED] - Text 'Christine' is set on object 'Object Repository/IWP30/Page_ACHPersonalPaymentEntry/txt_Lastname'

25-10-2024T01:10:55 - [MESSAGE][PASSED] - Object 'Object Repository/IWP30/Page_ACHPersonalPaymentEntry/txt_routingNumber' is present

25-10-2024T01:10:55 - [MESSAGE][PASSED] - Text '256072691' is set on object 'Object Repository/IWP30/Page_ACHPersonalPaymentEntry/txt_routingNumber'

25-10-2024T01:10:55 - [MESSAGE][PASSED] - Object 'Object Repository/IWP30/Page_ACHPersonalPaymentEntry/txt_accountNumber' is present

25-10-2024T01:10:57 - [MESSAGE][PASSED] - Text '12344444' is set on object 'Object Repository/IWP30/Page_ACHPersonalPaymentEntry/txt_accountNumber'

25-10-2024T01:10:57 - [MESSAGE][PASSED] - Object 'Object Repository/IWP30/Page_ACHPersonalPaymentEntry/txt_confirmAccountNumber' is present

25-10-2024T01:10:58 - [MESSAGE][PASSED] - Text '12344444' is set on object 'Object Repository/IWP30/Page_ACHPersonalPaymentEntry/txt_confirmAccountNumber'

25-10-2024T01:10:58 - [MESSAGE][PASSED] - Object 'Object Repository/IWP30/Page_ACHPersonalPaymentEntry/rd_accountType' is present

25-10-2024T01:10:58 - [MESSAGE][PASSED] - Modify property of object successfully

25-10-2024T01:10:58 - [MESSAGE][PASSED] - Object: 'Object Repository/IWP30/Page_ACHPersonalPaymentEntry/rd_accountType' is clicked on

25-10-2024T01:10:58 - [MESSAGE][PASSED] - Execute JavaScript '
				   document.getElementById('processDate').value = '08/09/2025'
				  ' successfully

25-10-2024T01:10:59 - [MESSAGE][PASSED] - Text '365 Main Avenue' is set on object 'Object Repository/IWP30/Page_ACHPersonalPaymentEntry/txt_AL1'

25-10-2024T01:11:00 - [MESSAGE][PASSED] - Text 'Ohio' is set on object 'Object Repository/IWP30/Page_ACHPersonalPaymentEntry/txt_AL2'

25-10-2024T01:11:00 - [MESSAGE][PASSED] - Text '22201' is set on object 'Object Repository/IWP30/Page_ACHPersonalPaymentEntry/txt_ZIP'

25-10-2024T01:11:01 - [MESSAGE][PASSED] - Object 'Object Repository/IWP30/Page_ACHPersonalPaymentEntry/txt_Email' is present

25-10-2024T01:11:02 - [MESSAGE][PASSED] - Text 'iahmed@govolution.com' is set on object 'Object Repository/IWP30/Page_ACHPersonalPaymentEntry/txt_Email'

25-10-2024T01:11:02 - [MESSAGE][PASSED] - Object 'Object Repository/IWP30/Page_ACHPersonalPaymentEntry/cb_TermsAndCond' is present

25-10-2024T01:11:02 - [MESSAGE][PASSED] - Object: 'Object Repository/IWP30/Page_ACHPersonalPaymentEntry/cb_TermsAndCond' is clicked on

25-10-2024T01:11:03 - [MESSAGE][PASSED] - Object 'Object Repository/IWP30/Page_ACHPersonalPaymentEntry/btn_Continue' is present

25-10-2024T01:11:04 - [MESSAGE][PASSED] - Object: 'Object Repository/IWP30/Page_ACHPersonalPaymentEntry/btn_Continue' is clicked on

25-10-2024T01:11:04 - [MESSAGE][PASSED] - iwpPages.achPersonalPaymentEntryPage.setDataACHPPM is PASSED

25-10-2024T01:11:04 - [TEST_STEP][PASSED] - click(findTestObject("Object Repository/IWP30/Page_Confirmation/ConfirmButton")): Object: 'Object Repository/IWP30/Page_Confirmation/ConfirmButton' is clicked on

25-10-2024T01:11:06 - [MESSAGE][PASSED] - Object: 'Object Repository/IWP30/Page_Confirmation/ConfirmButton' is clicked on

25-10-2024T01:11:06 - [TEST_STEP][PASSED] - Thread.sleep(2000): null

25-10-2024T01:11:08 - [TEST_STEP][PASSED] - if (verifyTextPresent("Deferred", false)): null

25-10-2024T01:11:09 - [MESSAGE][PASSED] - Text 'Deferred' is present on page 

25-10-2024T01:11:09 - [TEST_STEP][PASSED] - click(findTestObject("Object Repository/IWP30/Page_Receipt/ViewScheduledPaymentsButton")): Object: 'Object Repository/IWP30/Page_Receipt/ViewScheduledPaymentsButton' is clicked on

25-10-2024T01:11:09 - [MESSAGE][PASSED] - Object: 'Object Repository/IWP30/Page_Receipt/ViewScheduledPaymentsButton' is clicked on

25-10-2024T01:11:09 - [TEST_STEP][PASSED] - switchToWindowTitle("View Scheduled Payments"): Switched to window with title: 'View Scheduled Payments'

25-10-2024T01:11:09 - [MESSAGE][PASSED] - Switched to window with title: 'View Scheduled Payments'

25-10-2024T01:11:09 - [TEST_STEP][PASSED] - Thread.sleep(5000): null

25-10-2024T01:11:14 - [TEST_STEP][PASSED] - if (verifyTextPresent("View Scheduled Payments", false)): null

25-10-2024T01:11:14 - [MESSAGE][PASSED] - Text 'View Scheduled Payments' is present on page 

25-10-2024T01:11:14 - [TEST_STEP][PASSED] - click(findTestObject("Object Repository/IWP30/Page_ScheduledPayments/edit_payment")): Object: 'Object Repository/IWP30/Page_ScheduledPayments/edit_payment' is clicked on

25-10-2024T01:11:17 - [MESSAGE][PASSED] - Object: 'Object Repository/IWP30/Page_ScheduledPayments/edit_payment' is clicked on

25-10-2024T01:11:17 - [TEST_STEP][PASSED] - iwpPages.editSchedulePayment.setDataSchedPaymentEF(row, dataFile): iwpPages.editSchedulePayment.setDataSchedPaymentEF is PASSED

25-10-2024T01:11:18 - [MESSAGE][PASSED] - Text 'Edit Payment Plan' is present on page 

25-10-2024T01:11:19 - [MESSAGE][PASSED] - All options with label 'Orange' are selected in object 'Object Repository/IWP30/Page_CCPaymentEntry/UserDefined7' 

25-10-2024T01:11:19 - [MESSAGE][PASSED] - All options with label 'Soccer' are selected in object 'Object Repository/IWP30/Page_CCPaymentEntry/UserDefined8' 

25-10-2024T01:11:19 - [MESSAGE][PASSED] - Execute JavaScript '
				   document.getElementById('processDate').value = '08/09/2045'
				  ' successfully

25-10-2024T01:11:19 - [MESSAGE][PASSED] - iwpPages.editSchedulePayment.setDataSchedPaymentEF is PASSED

25-10-2024T01:11:19 - [TEST_STEP][PASSED] - click(findTestObject("Object Repository/Page_EditSchedPayment/chkbox_acceptterms")): Object: 'Object Repository/Page_EditSchedPayment/chkbox_acceptterms' is clicked on

25-10-2024T01:11:20 - [MESSAGE][PASSED] - Object: 'Object Repository/Page_EditSchedPayment/chkbox_acceptterms' is clicked on

25-10-2024T01:11:20 - [TEST_STEP][PASSED] - click(findTestObject("Object Repository/Page_EditSchedPayment/btn_update")): Object: 'Object Repository/Page_EditSchedPayment/btn_update' is clicked on

25-10-2024T01:11:22 - [MESSAGE][PASSED] - Object: 'Object Repository/Page_EditSchedPayment/btn_update' is clicked on

25-10-2024T01:11:22 - [TEST_STEP][PASSED] - if (verifyTextPresent("Successful Payment Plan Update", false)): null

25-10-2024T01:11:22 - [MESSAGE][PASSED] - Text 'Successful Payment Plan Update' is present on page 

25-10-2024T01:11:22 - [TEST_STEP][PASSED] - isRequiredTextPresent = true: null

25-10-2024T01:11:22 - [TEST_STEP][PASSED] - println(isRequiredTextPresent): null

25-10-2024T01:11:22 - [TEST_STEP][PASSED] - if (isRequiredTextPresent): null

25-10-2024T01:11:22 - [TEST_STEP][PASSED] - if (verifyTextPresent("CAN Label:", false)): null

25-10-2024T01:11:23 - [MESSAGE][PASSED] - Text 'CAN Label:' is present on page 

25-10-2024T01:11:23 - [TEST_STEP][PASSED] - isRequiredTextPresent = true: null

25-10-2024T01:11:23 - [TEST_STEP][PASSED] - println(isRequiredTextPresent): null

25-10-2024T01:11:23 - [TEST_STEP][PASSED] - if (isRequiredTextPresent): null

25-10-2024T01:11:23 - [TEST_STEP][PASSED] - if (verifyTextPresent("Remittance ID:", false)): null

25-10-2024T01:11:23 - [MESSAGE][PASSED] - Text 'Remittance ID:' is present on page 

25-10-2024T01:11:23 - [TEST_STEP][PASSED] - isRequiredTextPresent = true: null

25-10-2024T01:11:23 - [TEST_STEP][PASSED] - println(isRequiredTextPresent): null

25-10-2024T01:11:23 - [TEST_STEP][PASSED] - if (isRequiredTextPresent): null

25-10-2024T01:11:23 - [TEST_STEP][PASSED] - if (verifyTextPresent("UDF2 Label:", false)): null

25-10-2024T01:11:23 - [MESSAGE][PASSED] - Text 'UDF2 Label:' is present on page 

25-10-2024T01:11:23 - [TEST_STEP][PASSED] - isRequiredTextPresent = true: null

25-10-2024T01:11:23 - [TEST_STEP][PASSED] - println(isRequiredTextPresent): null

25-10-2024T01:11:23 - [TEST_STEP][PASSED] - if (isRequiredTextPresent): null

25-10-2024T01:11:23 - [TEST_STEP][PASSED] - if (verifyTextPresent("UDF3 Label:", false)): null

25-10-2024T01:11:23 - [MESSAGE][PASSED] - Text 'UDF3 Label:' is present on page 

25-10-2024T01:11:23 - [TEST_STEP][PASSED] - isRequiredTextPresent = true: null

25-10-2024T01:11:23 - [TEST_STEP][PASSED] - println(isRequiredTextPresent): null

25-10-2024T01:11:23 - [TEST_STEP][PASSED] - if (isRequiredTextPresent): null

25-10-2024T01:11:23 - [TEST_STEP][PASSED] - if (verifyTextPresent("UDF4 Label:", false)): null

25-10-2024T01:11:24 - [MESSAGE][PASSED] - Text 'UDF4 Label:' is present on page 

25-10-2024T01:11:24 - [TEST_STEP][PASSED] - isRequiredTextPresent = true: null

25-10-2024T01:11:24 - [TEST_STEP][PASSED] - println(isRequiredTextPresent): null

25-10-2024T01:11:24 - [TEST_STEP][PASSED] - if (isRequiredTextPresent): null

25-10-2024T01:11:24 - [TEST_STEP][PASSED] - if (verifyTextPresent("UDF7 Label:", false)): null

25-10-2024T01:11:24 - [MESSAGE][PASSED] - Text 'UDF7 Label:' is present on page 

25-10-2024T01:11:24 - [TEST_STEP][PASSED] - isRequiredTextPresent = true: null

25-10-2024T01:11:24 - [TEST_STEP][PASSED] - println(isRequiredTextPresent): null

25-10-2024T01:11:24 - [TEST_STEP][PASSED] - if (isRequiredTextPresent): null

25-10-2024T01:11:24 - [TEST_STEP][PASSED] - if (verifyTextPresent("UDF8 Label:", false)): null

25-10-2024T01:11:24 - [MESSAGE][PASSED] - Text 'UDF8 Label:' is present on page 

25-10-2024T01:11:24 - [TEST_STEP][PASSED] - isRequiredTextPresent = true: null

25-10-2024T01:11:24 - [TEST_STEP][PASSED] - println(isRequiredTextPresent): null

25-10-2024T01:11:24 - [TEST_STEP][PASSED] - if (isRequiredTextPresent): null

25-10-2024T01:11:24 - [TEST_STEP][PASSED] - if (verifyTextPresent("UDF9 Label:", false)): null

25-10-2024T01:11:25 - [MESSAGE][PASSED] - Text 'UDF9 Label:' is present on page 

25-10-2024T01:11:25 - [TEST_STEP][PASSED] - isRequiredTextPresent = true: null

25-10-2024T01:11:25 - [TEST_STEP][PASSED] - println(isRequiredTextPresent): null

25-10-2024T01:11:25 - [TEST_STEP][PASSED] - if (isRequiredTextPresent): null

25-10-2024T01:11:25 - [TEST_STEP][PASSED] - if (verifyTextPresent("Transaction Type:", false)): null

25-10-2024T01:11:25 - [MESSAGE][PASSED] - Text 'Transaction Type:' is present on page 

25-10-2024T01:11:25 - [TEST_STEP][PASSED] - isRequiredTextPresent = true: null

25-10-2024T01:11:25 - [TEST_STEP][PASSED] - println(isRequiredTextPresent): null

25-10-2024T01:11:25 - [TEST_STEP][PASSED] - if (isRequiredTextPresent): null

25-10-2024T01:11:25 - [TEST_STEP][PASSED] - if (verifyTextPresent("Amount:", false)): null

25-10-2024T01:11:25 - [MESSAGE][PASSED] - Text 'Amount:' is present on page 

25-10-2024T01:11:25 - [TEST_STEP][PASSED] - isRequiredTextPresent = true: null

25-10-2024T01:11:25 - [TEST_STEP][PASSED] - println(isRequiredTextPresent): null

25-10-2024T01:11:25 - [TEST_STEP][PASSED] - if (isRequiredTextPresent): null

25-10-2024T01:11:25 - [TEST_STEP][PASSED] - if (verifyTextPresent("Check Information:", false)): null

25-10-2024T01:11:25 - [MESSAGE][PASSED] - Text 'Check Information:' is present on page 

25-10-2024T01:11:25 - [TEST_STEP][PASSED] - isRequiredTextPresent = true: null

25-10-2024T01:11:25 - [TEST_STEP][PASSED] - println(isRequiredTextPresent): null

25-10-2024T01:11:25 - [TEST_STEP][PASSED] - if (isRequiredTextPresent): null

25-10-2024T01:11:25 - [TEST_STEP][PASSED] - if (verifyTextPresent("Account Type:", false)): null

25-10-2024T01:11:26 - [MESSAGE][PASSED] - Text 'Account Type:' is present on page 

25-10-2024T01:11:26 - [TEST_STEP][PASSED] - isRequiredTextPresent = true: null

25-10-2024T01:11:26 - [TEST_STEP][PASSED] - println(isRequiredTextPresent): null

25-10-2024T01:11:26 - [TEST_STEP][PASSED] - if (isRequiredTextPresent): null

25-10-2024T01:11:26 - [TEST_STEP][PASSED] - if (verifyTextPresent("Account Number:", false)): null

25-10-2024T01:11:26 - [MESSAGE][PASSED] - Text 'Account Number:' is present on page 

25-10-2024T01:11:26 - [TEST_STEP][PASSED] - isRequiredTextPresent = true: null

25-10-2024T01:11:26 - [TEST_STEP][PASSED] - println(isRequiredTextPresent): null

25-10-2024T01:11:26 - [TEST_STEP][PASSED] - if (isRequiredTextPresent): null

25-10-2024T01:11:26 - [TEST_STEP][PASSED] - if (verifyTextPresent("Routing Number:", false)): null

25-10-2024T01:11:26 - [MESSAGE][PASSED] - Text 'Routing Number:' is present on page 

25-10-2024T01:11:26 - [TEST_STEP][PASSED] - isRequiredTextPresent = true: null

25-10-2024T01:11:26 - [TEST_STEP][PASSED] - println(isRequiredTextPresent): null

25-10-2024T01:11:26 - [TEST_STEP][PASSED] - if (isRequiredTextPresent): null

25-10-2024T01:11:26 - [TEST_STEP][PASSED] - if (verifyTextPresent("Name of Account:", false)): null

25-10-2024T01:11:26 - [MESSAGE][PASSED] - Text 'Name of Account:' is present on page 

25-10-2024T01:11:26 - [TEST_STEP][PASSED] - isRequiredTextPresent = true: null

25-10-2024T01:11:26 - [TEST_STEP][PASSED] - println(isRequiredTextPresent): null

25-10-2024T01:11:26 - [TEST_STEP][PASSED] - if (isRequiredTextPresent): null

25-10-2024T01:11:26 - [TEST_STEP][PASSED] - if (verifyTextPresent("Billing Information:", false)): null

25-10-2024T01:11:27 - [MESSAGE][PASSED] - Text 'Billing Information:' is present on page 

25-10-2024T01:11:27 - [TEST_STEP][PASSED] - isRequiredTextPresent = true: null

25-10-2024T01:11:27 - [TEST_STEP][PASSED] - println(isRequiredTextPresent): null

25-10-2024T01:11:27 - [TEST_STEP][PASSED] - if (isRequiredTextPresent): null

25-10-2024T01:11:27 - [TEST_STEP][PASSED] - if (verifyTextPresent("Address Line 1:", false)): null

25-10-2024T01:11:27 - [MESSAGE][PASSED] - Text 'Address Line 1:' is present on page 

25-10-2024T01:11:27 - [TEST_STEP][PASSED] - isRequiredTextPresent = true: null

25-10-2024T01:11:27 - [TEST_STEP][PASSED] - println(isRequiredTextPresent): null

25-10-2024T01:11:27 - [TEST_STEP][PASSED] - if (isRequiredTextPresent): null

25-10-2024T01:11:27 - [TEST_STEP][PASSED] - if (verifyTextPresent("Address Line 2:", false)): null

25-10-2024T01:11:27 - [MESSAGE][PASSED] - Text 'Address Line 2:' is present on page 

25-10-2024T01:11:27 - [TEST_STEP][PASSED] - isRequiredTextPresent = true: null

25-10-2024T01:11:27 - [TEST_STEP][PASSED] - println(isRequiredTextPresent): null

25-10-2024T01:11:27 - [TEST_STEP][PASSED] - if (isRequiredTextPresent): null

25-10-2024T01:11:27 - [TEST_STEP][PASSED] - if (verifyTextPresent("Country:", false)): null

25-10-2024T01:11:27 - [MESSAGE][PASSED] - Text 'Country:' is present on page 

25-10-2024T01:11:27 - [TEST_STEP][PASSED] - isRequiredTextPresent = true: null

25-10-2024T01:11:27 - [TEST_STEP][PASSED] - println(isRequiredTextPresent): null

25-10-2024T01:11:27 - [TEST_STEP][PASSED] - if (isRequiredTextPresent): null

25-10-2024T01:11:27 - [TEST_STEP][PASSED] - if (verifyTextPresent("City:", false)): null

25-10-2024T01:11:28 - [MESSAGE][PASSED] - Text 'City:' is present on page 

25-10-2024T01:11:28 - [TEST_STEP][PASSED] - isRequiredTextPresent = true: null

25-10-2024T01:11:28 - [TEST_STEP][PASSED] - println(isRequiredTextPresent): null

25-10-2024T01:11:28 - [TEST_STEP][PASSED] - if (isRequiredTextPresent): null

25-10-2024T01:11:28 - [TEST_STEP][PASSED] - if (verifyTextPresent("State:", false)): null

25-10-2024T01:11:28 - [MESSAGE][PASSED] - Text 'State:' is present on page 

25-10-2024T01:11:28 - [TEST_STEP][PASSED] - isRequiredTextPresent = true: null

25-10-2024T01:11:28 - [TEST_STEP][PASSED] - println(isRequiredTextPresent): null

25-10-2024T01:11:28 - [TEST_STEP][PASSED] - if (isRequiredTextPresent): null

25-10-2024T01:11:28 - [TEST_STEP][PASSED] - if (verifyTextPresent("Zip Code:", false)): null

25-10-2024T01:11:28 - [MESSAGE][PASSED] - Text 'Zip Code:' is present on page 

25-10-2024T01:11:28 - [TEST_STEP][PASSED] - isRequiredTextPresent = true: null

25-10-2024T01:11:28 - [TEST_STEP][PASSED] - println(isRequiredTextPresent): null

25-10-2024T01:11:28 - [TEST_STEP][PASSED] - if (isRequiredTextPresent): null

25-10-2024T01:11:28 - [TEST_STEP][PASSED] - if (verifyTextPresent("Plan Information:", false)): null

25-10-2024T01:11:29 - [MESSAGE][PASSED] - Text 'Plan Information:' is present on page 

25-10-2024T01:11:29 - [TEST_STEP][PASSED] - isRequiredTextPresent = true: null

25-10-2024T01:11:29 - [TEST_STEP][PASSED] - println(isRequiredTextPresent): null

25-10-2024T01:11:29 - [TEST_STEP][PASSED] - if (isRequiredTextPresent): null

25-10-2024T01:11:29 - [TEST_STEP][PASSED] - if (verifyTextPresent("Payment Plan Type:", false)): null

25-10-2024T01:11:29 - [MESSAGE][PASSED] - Text 'Payment Plan Type:' is present on page 

25-10-2024T01:11:29 - [TEST_STEP][PASSED] - isRequiredTextPresent = true: null

25-10-2024T01:11:29 - [TEST_STEP][PASSED] - println(isRequiredTextPresent): null

25-10-2024T01:11:29 - [TEST_STEP][PASSED] - if (isRequiredTextPresent): null

25-10-2024T01:11:29 - [TEST_STEP][PASSED] - if (verifyTextPresent("Payment Plan ID:", false)): null

25-10-2024T01:11:29 - [MESSAGE][PASSED] - Text 'Payment Plan ID:' is present on page 

25-10-2024T01:11:29 - [TEST_STEP][PASSED] - isRequiredTextPresent = true: null

25-10-2024T01:11:29 - [TEST_STEP][PASSED] - println(isRequiredTextPresent): null

25-10-2024T01:11:29 - [TEST_STEP][PASSED] - if (isRequiredTextPresent): null

25-10-2024T01:11:29 - [TEST_STEP][PASSED] - if (verifyTextPresent("Start Date:", false)): null

25-10-2024T01:11:29 - [MESSAGE][PASSED] - Text 'Start Date:' is present on page 

25-10-2024T01:11:29 - [TEST_STEP][PASSED] - isRequiredTextPresent = true: null

25-10-2024T01:11:29 - [TEST_STEP][PASSED] - println(isRequiredTextPresent): null

25-10-2024T01:11:29 - [TEST_STEP][PASSED] - if (isRequiredTextPresent == true): pages.WriteExcel.demoKey is PASSED

25-10-2024T01:11:29 - [TEST_STEP][PASSED] - println("All the relevant texts are present on Receipt Page"): null

25-10-2024T01:11:29 - [TEST_STEP][PASSED] - markPassed("All the relevant texts are present on Receipt Page"): All the relevant texts are present on Receipt Page

25-10-2024T01:11:29 - [MESSAGE][PASSED] - All the relevant texts are present on Receipt Page

25-10-2024T01:11:29 - [TEST_STEP][PASSED] - resText = "Pass": null

25-10-2024T01:11:29 - [TEST_STEP][PASSED] - pages.WriteExcel.demoKey(resText, datText, resColumn, datCloumn, fileLoc, nameSheet, row): pages.WriteExcel.demoKey is PASSED

25-10-2024T01:11:30 - [MESSAGE][PASSED] - pages.WriteExcel.demoKey is PASSED

25-10-2024T01:11:30 - [TEST_STEP][PASSED] - closeBrowser(): Browser is closed

25-10-2024T01:11:30 - [MESSAGE][PASSED] - Browser is closed

25-10-2024T01:11:30 - [TEST_STEP][PASSED] - ExecuteTC = dataFile.getValue("Execute", row): null

25-10-2024T01:11:30 - [TEST_STEP][PASSED] - out.println("Value of Execute is : " + ExecuteTC): null

25-10-2024T01:11:30 - [TEST_STEP][PASSED] - if (ExecuteTC.equalsIgnoreCase("Y")): null

25-10-2024T01:11:30 - [TEST_STEP][PASSED] - out.println("Begin Record Number: " + row): null

25-10-2024T01:11:30 - [TEST_STEP][PASSED] - today = new java.util.Date(): null

25-10-2024T01:11:30 - [TEST_STEP][PASSED] - println(today): null

25-10-2024T01:11:30 - [TEST_STEP][PASSED] - datText = today: null

25-10-2024T01:11:30 - [TEST_STEP][PASSED] - EmulatorDataKey = dataFile.getValue("EmulatorData", row): null

25-10-2024T01:11:30 - [TEST_STEP][PASSED] - out.println("Value of Emulator Key is : " + EmulatorDataKey): null

25-10-2024T01:11:30 - [TEST_STEP][PASSED] - iwpPages.emulatorIWP30.setDataEmulator_DD(EmulatorDataKey): iwpPages.emulatorIWP30.setDataEmulator_DD is PASSED

25-10-2024T01:11:30 - [MESSAGE][INFO] - Starting 'Edge Chromium' driver

25-10-2024T01:11:30 - [MESSAGE][INFO] - User set preference: ['acceptInsecureCerts', 'true']

25-10-2024T01:11:32 - [MESSAGE][INFO] - Action delay is set to 0 milliseconds

25-10-2024T01:11:36 - [MESSAGE][PASSED] - Browser is opened with url: 'https://qa2.velocitypayment.com/agencyx/config.action?action=editor&message_version=3_0'

25-10-2024T01:11:36 - [MESSAGE][PASSED] - Current window maximized

25-10-2024T01:12:07 - [MESSAGE][INFO] - Unable to find the element located by 'By.xpath: //select[@name='message_version']'. Please recheck the objects properties to make sure the desired element is located. 

25-10-2024T01:12:07 - [MESSAGE][WARNING] - [SELF-HEALING] Failed to find element with id 'Object Repository/IWP30/Page_VRelay30Emulator/MV'. Try using Self-healing.

25-10-2024T01:12:07 - [MESSAGE][WARNING] - [SELF-HEALING] The current locator of test object 'Object Repository/IWP30/Page_VRelay30Emulator/MV' was broken. Propose an alternative one: '(.//*[normalize-space(text()) and normalize-space(.)='Message Version'])[1]/following::select[1]'.

25-10-2024T01:12:08 - [MESSAGE][PASSED] - All options with value '3.0' are selected in object 'Object Repository/IWP30/Page_VRelay30Emulator/MV'  using regular expression

25-10-2024T01:12:08 - [MESSAGE][PASSED] - Text '10.50' is set on object 'Object Repository/IWP30/Page_EmulatorAgencyX/Amount'

25-10-2024T01:12:09 - [MESSAGE][PASSED] - Text 'A2rIBGQZvXLd' is set on object 'Object Repository/IWP30/Page_EmulatorAgencyX/CAN'

25-10-2024T01:12:09 - [MESSAGE][PASSED] - Text 'PayNow' is set on object 'Object Repository/IWP30/Page_EmulatorAgencyX/Action'

25-10-2024T01:12:10 - [MESSAGE][PASSED] - Text 'en_US' is set on object 'Object Repository/IWP30/Page_EmulatorAgencyX/Lang'

25-10-2024T01:12:11 - [MESSAGE][PASSED] - Text '' is set on object 'Object Repository/IWP30/Page_EmulatorAgencyX/Fname'

25-10-2024T01:12:11 - [MESSAGE][PASSED] - Text '' is set on object 'Object Repository/IWP30/Page_EmulatorAgencyX/Lname'

25-10-2024T01:12:12 - [MESSAGE][PASSED] - Text '' is set on object 'Object Repository/IWP30/Page_EmulatorAgencyX/AL1'

25-10-2024T01:12:12 - [MESSAGE][PASSED] - Text '' is set on object 'Object Repository/IWP30/Page_EmulatorAgencyX/AL2'

25-10-2024T01:12:13 - [MESSAGE][PASSED] - Text '' is set on object 'Object Repository/IWP30/Page_EmulatorAgencyX/Country'

25-10-2024T01:12:13 - [MESSAGE][PASSED] - Text '' is set on object 'Object Repository/IWP30/Page_EmulatorAgencyX/City'

25-10-2024T01:12:14 - [MESSAGE][PASSED] - Text '' is set on object 'Object Repository/IWP30/Page_EmulatorAgencyX/State'

25-10-2024T01:12:14 - [MESSAGE][PASSED] - Text '' is set on object 'Object Repository/IWP30/Page_EmulatorAgencyX/ZIP'

25-10-2024T01:12:15 - [MESSAGE][PASSED] - Text '' is set on object 'Object Repository/IWP30/Page_EmulatorAgencyX/Order'

25-10-2024T01:12:16 - [MESSAGE][PASSED] - Text '' is set on object 'Object Repository/IWP30/Page_EmulatorAgencyX/Company'

25-10-2024T01:12:16 - [MESSAGE][PASSED] - Text '' is set on object 'Object Repository/IWP30/Page_EmulatorAgencyX/Email'

25-10-2024T01:12:17 - [MESSAGE][PASSED] - Text '' is set on object 'Object Repository/IWP30/Page_EmulatorAgencyX/UDF1'

25-10-2024T01:12:17 - [MESSAGE][PASSED] - Text '' is set on object 'Object Repository/IWP30/Page_EmulatorAgencyX/UDF2'

25-10-2024T01:12:18 - [MESSAGE][PASSED] - Text '' is set on object 'Object Repository/IWP30/Page_EmulatorAgencyX/UDF3'

25-10-2024T01:12:18 - [MESSAGE][PASSED] - Text 'udf data 4' is set on object 'Object Repository/IWP30/Page_EmulatorAgencyX/UDF4'

25-10-2024T01:12:19 - [MESSAGE][PASSED] - Text 'udf data 5' is set on object 'Object Repository/IWP30/Page_EmulatorAgencyX/UDF5'

25-10-2024T01:12:20 - [MESSAGE][PASSED] - Text '' is set on object 'Object Repository/IWP30/Page_EmulatorAgencyX/UDF6'

25-10-2024T01:12:20 - [MESSAGE][PASSED] - Text '' is set on object 'Object Repository/IWP30/Page_EmulatorAgencyX/UDF7'

25-10-2024T01:12:21 - [MESSAGE][PASSED] - Text '' is set on object 'Object Repository/IWP30/Page_EmulatorAgencyX/UDF8'

25-10-2024T01:12:21 - [MESSAGE][PASSED] - Text 'udf data 9' is set on object 'Object Repository/IWP30/Page_EmulatorAgencyX/UDF9'

25-10-2024T01:12:22 - [MESSAGE][PASSED] - Text 'udf data 10' is set on object 'Object Repository/IWP30/Page_EmulatorAgencyX/UDF10'

25-10-2024T01:12:23 - [MESSAGE][PASSED] - Object: 'Object Repository/IWP30/Page_EmulatorAgencyX/Submit' is clicked on

25-10-2024T01:12:28 - [MESSAGE][PASSED] - Browser is closed

25-10-2024T01:12:32 - [MESSAGE][PASSED] - iwpPages.emulatorIWP30.setDataEmulator_DD is PASSED

25-10-2024T01:12:32 - [TEST_STEP][PASSED] - testHarnessURL = urlTestHarness: null

25-10-2024T01:12:32 - [TEST_STEP][PASSED] - openBrowser(testHarnessURL): Browser is opened with url: 'https://dev-algorithm.govolution.com/vrelaytest/QA2/version_2_2/vrelaytest.html'

25-10-2024T01:12:32 - [MESSAGE][INFO] - Starting 'Edge Chromium' driver

25-10-2024T01:12:32 - [MESSAGE][INFO] - User set preference: ['acceptInsecureCerts', 'true']

25-10-2024T01:12:34 - [MESSAGE][INFO] - Action delay is set to 0 milliseconds

25-10-2024T01:12:37 - [MESSAGE][PASSED] - Browser is opened with url: 'https://dev-algorithm.govolution.com/vrelaytest/QA2/version_2_2/vrelaytest.html'

25-10-2024T01:12:37 - [TEST_STEP][PASSED] - maximizeWindow(): Current window maximized

25-10-2024T01:12:37 - [MESSAGE][PASSED] - Current window maximized

25-10-2024T01:12:37 - [TEST_STEP][PASSED] - iwpPages.TestHarnessPage.setDataMethodEF(row, dataFile): iwpPages.TestHarnessPage.setDataMethodEF is PASSED

25-10-2024T01:12:37 - [MESSAGE][PASSED] - Object 'Object Repository/IWP30/Page_QATestHarness/RemittanceID' is present

25-10-2024T01:12:38 - [MESSAGE][PASSED] - Text '649' is set on object 'Object Repository/IWP30/Page_QATestHarness/ApplicationID'

25-10-2024T01:12:39 - [MESSAGE][PASSED] - Text '3.0' is set on object 'Object Repository/IWP30/Page_QATestHarness/MessageVersion'

25-10-2024T01:12:39 - [MESSAGE][PASSED] - Text 'Xai5kzCFna4m' is set on object 'Object Repository/IWP30/Page_QATestHarness/RemittanceID'

25-10-2024T01:12:42 - [MESSAGE][PASSED] - Object: 'Object Repository/IWP30/Page_QATestHarness/SubmitButton' is clicked on

25-10-2024T01:12:42 - [MESSAGE][PASSED] - iwpPages.TestHarnessPage.setDataMethodEF is PASSED

25-10-2024T01:12:42 - [TEST_STEP][PASSED] - click(findTestObject("Object Repository/IWP30/Page_SelectPaymentMethod/PayByPersonalCheck")): Object: 'Object Repository/IWP30/Page_SelectPaymentMethod/PayByPersonalCheck' is clicked on

25-10-2024T01:12:43 - [MESSAGE][PASSED] - Object: 'Object Repository/IWP30/Page_SelectPaymentMethod/PayByPersonalCheck' is clicked on

25-10-2024T01:12:43 - [TEST_STEP][PASSED] - click(findTestObject("Object Repository/IWP30/Page_SelectPaymentMethod/MakePaymentButton")): Object: 'Object Repository/IWP30/Page_SelectPaymentMethod/MakePaymentButton' is clicked on

25-10-2024T01:12:45 - [MESSAGE][PASSED] - Object: 'Object Repository/IWP30/Page_SelectPaymentMethod/MakePaymentButton' is clicked on

25-10-2024T01:12:45 - [TEST_STEP][PASSED] - iwpPages.achPersonalPaymentEntryPage.setDataACHPPM(row, dataFile): iwpPages.achPersonalPaymentEntryPage.setDataACHPPM is PASSED

25-10-2024T01:12:46 - [MESSAGE][PASSED] - Object 'Object Repository/IWP30/Page_ACHPersonalPaymentEntry/txt_accountNumber' is present

25-10-2024T01:12:46 - [MESSAGE][PASSED] - Text '10.50' is set on object 'Object Repository/IWP30/Page_ACHPersonalPaymentEntry/txt_Amount'

25-10-2024T01:12:47 - [MESSAGE][PASSED] - Object 'Object Repository/IWP30/Page_ACHPersonalPaymentEntry/txt_UDF2' is present

25-10-2024T01:12:47 - [MESSAGE][PASSED] - Text 'udf data 2' is set on object 'Object Repository/IWP30/Page_ACHPersonalPaymentEntry/txt_UDF2'

25-10-2024T01:12:48 - [MESSAGE][PASSED] - Text 'udf data 3' is set on object 'Object Repository/IWP30/Page_ACHPersonalPaymentEntry/txt_UDF3'

25-10-2024T01:12:48 - [MESSAGE][PASSED] - All options with label 'Orange' are selected in object 'Object Repository/IWP30/Page_ACHPersonalPaymentEntry/dd_UDF7' 

25-10-2024T01:12:49 - [MESSAGE][PASSED] - All options with label 'Soccer' are selected in object 'Object Repository/IWP30/Page_ACHPersonalPaymentEntry/dd_UDF8' 

25-10-2024T01:12:49 - [MESSAGE][PASSED] - Object 'Object Repository/IWP30/Page_ACHPersonalPaymentEntry/txt_Firstname' is present

25-10-2024T01:12:50 - [MESSAGE][PASSED] - Text 'Elizath' is set on object 'Object Repository/IWP30/Page_ACHPersonalPaymentEntry/txt_Firstname'

25-10-2024T01:12:50 - [MESSAGE][PASSED] - Object 'Object Repository/IWP30/Page_ACHPersonalPaymentEntry/txt_Lastname' is present

25-10-2024T01:12:51 - [MESSAGE][PASSED] - Text 'Christine' is set on object 'Object Repository/IWP30/Page_ACHPersonalPaymentEntry/txt_Lastname'

25-10-2024T01:12:51 - [MESSAGE][PASSED] - Object 'Object Repository/IWP30/Page_ACHPersonalPaymentEntry/txt_routingNumber' is present

25-10-2024T01:12:51 - [MESSAGE][PASSED] - Text '256072691' is set on object 'Object Repository/IWP30/Page_ACHPersonalPaymentEntry/txt_routingNumber'

25-10-2024T01:12:52 - [MESSAGE][PASSED] - Object 'Object Repository/IWP30/Page_ACHPersonalPaymentEntry/txt_accountNumber' is present

25-10-2024T01:12:53 - [MESSAGE][PASSED] - Text '12344444' is set on object 'Object Repository/IWP30/Page_ACHPersonalPaymentEntry/txt_accountNumber'

25-10-2024T01:12:53 - [MESSAGE][PASSED] - Object 'Object Repository/IWP30/Page_ACHPersonalPaymentEntry/txt_confirmAccountNumber' is present

25-10-2024T01:12:54 - [MESSAGE][PASSED] - Text '12344444' is set on object 'Object Repository/IWP30/Page_ACHPersonalPaymentEntry/txt_confirmAccountNumber'

25-10-2024T01:12:54 - [MESSAGE][PASSED] - Object 'Object Repository/IWP30/Page_ACHPersonalPaymentEntry/rd_accountType' is present

25-10-2024T01:12:54 - [MESSAGE][PASSED] - Modify property of object successfully

25-10-2024T01:12:54 - [MESSAGE][PASSED] - Object: 'Object Repository/IWP30/Page_ACHPersonalPaymentEntry/rd_accountType' is clicked on

25-10-2024T01:12:54 - [MESSAGE][PASSED] - Execute JavaScript '
				   document.getElementById('processDate').value = '08/09/2025'
				  ' successfully

25-10-2024T01:12:55 - [MESSAGE][PASSED] - Text '365 Main Avenue' is set on object 'Object Repository/IWP30/Page_ACHPersonalPaymentEntry/txt_AL1'

25-10-2024T01:12:55 - [MESSAGE][PASSED] - Text 'Ohio' is set on object 'Object Repository/IWP30/Page_ACHPersonalPaymentEntry/txt_AL2'

25-10-2024T01:12:56 - [MESSAGE][PASSED] - Text '22201' is set on object 'Object Repository/IWP30/Page_ACHPersonalPaymentEntry/txt_ZIP'

25-10-2024T01:12:56 - [MESSAGE][PASSED] - Object 'Object Repository/IWP30/Page_ACHPersonalPaymentEntry/txt_Email' is present

25-10-2024T01:12:57 - [MESSAGE][PASSED] - Text 'iahmed@govolution.com' is set on object 'Object Repository/IWP30/Page_ACHPersonalPaymentEntry/txt_Email'

25-10-2024T01:12:58 - [MESSAGE][PASSED] - Object 'Object Repository/IWP30/Page_ACHPersonalPaymentEntry/cb_TermsAndCond' is present

25-10-2024T01:12:58 - [MESSAGE][PASSED] - Object: 'Object Repository/IWP30/Page_ACHPersonalPaymentEntry/cb_TermsAndCond' is clicked on

25-10-2024T01:12:58 - [MESSAGE][PASSED] - Object 'Object Repository/IWP30/Page_ACHPersonalPaymentEntry/btn_Continue' is present

25-10-2024T01:12:59 - [MESSAGE][PASSED] - Object: 'Object Repository/IWP30/Page_ACHPersonalPaymentEntry/btn_Continue' is clicked on

25-10-2024T01:12:59 - [MESSAGE][PASSED] - iwpPages.achPersonalPaymentEntryPage.setDataACHPPM is PASSED

25-10-2024T01:12:59 - [TEST_STEP][PASSED] - click(findTestObject("Object Repository/IWP30/Page_Confirmation/ConfirmButton")): Object: 'Object Repository/IWP30/Page_Confirmation/ConfirmButton' is clicked on

25-10-2024T01:13:31 - [MESSAGE][INFO] - Unable to find the element located by 'By.xpath: //*[@type = 'submit' and @name = 'confirmNotifyAction' and @id = 'submitYes' and @value = 'Confirm']'. Please recheck the objects properties to make sure the desired element is located. 

25-10-2024T01:13:31 - [MESSAGE][WARNING] - [SELF-HEALING] Failed to find element with id 'Object Repository/IWP30/Page_Confirmation/ConfirmButton'. Try using Self-healing.

25-10-2024T01:13:31 - [MESSAGE][WARNING] - [SELF-HEALING] The current locator of test object 'Object Repository/IWP30/Page_Confirmation/ConfirmButton' was broken. Propose an alternative one: '//div/input'.

25-10-2024T01:13:33 - [MESSAGE][PASSED] - Object: 'Object Repository/IWP30/Page_Confirmation/ConfirmButton' is clicked on

25-10-2024T01:13:33 - [TEST_STEP][PASSED] - Thread.sleep(2000): null

25-10-2024T01:13:35 - [TEST_STEP][PASSED] - if (verifyTextPresent("Deferred", false)): null

25-10-2024T01:13:35 - [MESSAGE][PASSED] - Text 'Deferred' is present on page 

25-10-2024T01:13:35 - [TEST_STEP][PASSED] - click(findTestObject("Object Repository/IWP30/Page_Receipt/ViewScheduledPaymentsButton")): Object: 'Object Repository/IWP30/Page_Receipt/ViewScheduledPaymentsButton' is clicked on

25-10-2024T01:13:35 - [MESSAGE][PASSED] - Object: 'Object Repository/IWP30/Page_Receipt/ViewScheduledPaymentsButton' is clicked on

25-10-2024T01:13:35 - [TEST_STEP][PASSED] - switchToWindowTitle("View Scheduled Payments"): Switched to window with title: 'View Scheduled Payments'

25-10-2024T01:13:35 - [MESSAGE][PASSED] - Switched to window with title: 'View Scheduled Payments'

25-10-2024T01:13:35 - [TEST_STEP][PASSED] - Thread.sleep(5000): null

25-10-2024T01:13:40 - [TEST_STEP][PASSED] - if (verifyTextPresent("View Scheduled Payments", false)): null

25-10-2024T01:13:41 - [MESSAGE][PASSED] - Text 'View Scheduled Payments' is present on page 

25-10-2024T01:13:41 - [TEST_STEP][PASSED] - click(findTestObject("Object Repository/IWP30/Page_ScheduledPayments/edit_payment")): Object: 'Object Repository/IWP30/Page_ScheduledPayments/edit_payment' is clicked on

25-10-2024T01:13:43 - [MESSAGE][PASSED] - Object: 'Object Repository/IWP30/Page_ScheduledPayments/edit_payment' is clicked on

25-10-2024T01:13:43 - [TEST_STEP][PASSED] - iwpPages.editSchedulePayment.setDataSchedPaymentEF(row, dataFile): iwpPages.editSchedulePayment.setDataSchedPaymentEF is PASSED

25-10-2024T01:13:44 - [MESSAGE][PASSED] - Text 'Edit Payment Plan' is present on page 

25-10-2024T01:13:45 - [MESSAGE][PASSED] - All options with label 'Orange' are selected in object 'Object Repository/IWP30/Page_CCPaymentEntry/UserDefined7' 

25-10-2024T01:13:45 - [MESSAGE][PASSED] - All options with label 'Soccer' are selected in object 'Object Repository/IWP30/Page_CCPaymentEntry/UserDefined8' 

25-10-2024T01:13:45 - [MESSAGE][PASSED] - Execute JavaScript '
				   document.getElementById('processDate').value = '08/09/2045'
				  ' successfully

25-10-2024T01:13:45 - [MESSAGE][PASSED] - iwpPages.editSchedulePayment.setDataSchedPaymentEF is PASSED

25-10-2024T01:13:45 - [TEST_STEP][PASSED] - click(findTestObject("Object Repository/Page_EditSchedPayment/chkbox_acceptterms")): Object: 'Object Repository/Page_EditSchedPayment/chkbox_acceptterms' is clicked on

25-10-2024T01:13:46 - [MESSAGE][PASSED] - Object: 'Object Repository/Page_EditSchedPayment/chkbox_acceptterms' is clicked on

25-10-2024T01:13:46 - [TEST_STEP][PASSED] - click(findTestObject("Object Repository/Page_EditSchedPayment/btn_update")): Object: 'Object Repository/Page_EditSchedPayment/btn_update' is clicked on

25-10-2024T01:13:48 - [MESSAGE][PASSED] - Object: 'Object Repository/Page_EditSchedPayment/btn_update' is clicked on

25-10-2024T01:13:48 - [TEST_STEP][PASSED] - if (verifyTextPresent("Successful Payment Plan Update", false)): null

25-10-2024T01:13:48 - [MESSAGE][PASSED] - Text 'Successful Payment Plan Update' is present on page 

25-10-2024T01:13:48 - [TEST_STEP][PASSED] - isRequiredTextPresent = true: null

25-10-2024T01:13:48 - [TEST_STEP][PASSED] - println(isRequiredTextPresent): null

25-10-2024T01:13:48 - [TEST_STEP][PASSED] - if (isRequiredTextPresent): null

25-10-2024T01:13:48 - [TEST_STEP][PASSED] - if (verifyTextPresent("CAN Label:", false)): null

25-10-2024T01:13:49 - [MESSAGE][PASSED] - Text 'CAN Label:' is present on page 

25-10-2024T01:13:49 - [TEST_STEP][PASSED] - isRequiredTextPresent = true: null

25-10-2024T01:13:49 - [TEST_STEP][PASSED] - println(isRequiredTextPresent): null

25-10-2024T01:13:49 - [TEST_STEP][PASSED] - if (isRequiredTextPresent): null

25-10-2024T01:13:49 - [TEST_STEP][PASSED] - if (verifyTextPresent("Remittance ID:", false)): null

25-10-2024T01:13:49 - [MESSAGE][PASSED] - Text 'Remittance ID:' is present on page 

25-10-2024T01:13:49 - [TEST_STEP][PASSED] - isRequiredTextPresent = true: null

25-10-2024T01:13:49 - [TEST_STEP][PASSED] - println(isRequiredTextPresent): null

25-10-2024T01:13:49 - [TEST_STEP][PASSED] - if (isRequiredTextPresent): null

25-10-2024T01:13:49 - [TEST_STEP][PASSED] - if (verifyTextPresent("UDF2 Label:", false)): null

25-10-2024T01:13:49 - [MESSAGE][PASSED] - Text 'UDF2 Label:' is present on page 

25-10-2024T01:13:49 - [TEST_STEP][PASSED] - isRequiredTextPresent = true: null

25-10-2024T01:13:49 - [TEST_STEP][PASSED] - println(isRequiredTextPresent): null

25-10-2024T01:13:49 - [TEST_STEP][PASSED] - if (isRequiredTextPresent): null

25-10-2024T01:13:49 - [TEST_STEP][PASSED] - if (verifyTextPresent("UDF3 Label:", false)): null

25-10-2024T01:13:49 - [MESSAGE][PASSED] - Text 'UDF3 Label:' is present on page 

25-10-2024T01:13:49 - [TEST_STEP][PASSED] - isRequiredTextPresent = true: null

25-10-2024T01:13:49 - [TEST_STEP][PASSED] - println(isRequiredTextPresent): null

25-10-2024T01:13:49 - [TEST_STEP][PASSED] - if (isRequiredTextPresent): null

25-10-2024T01:13:49 - [TEST_STEP][PASSED] - if (verifyTextPresent("UDF4 Label:", false)): null

25-10-2024T01:13:50 - [MESSAGE][PASSED] - Text 'UDF4 Label:' is present on page 

25-10-2024T01:13:50 - [TEST_STEP][PASSED] - isRequiredTextPresent = true: null

25-10-2024T01:13:50 - [TEST_STEP][PASSED] - println(isRequiredTextPresent): null

25-10-2024T01:13:50 - [TEST_STEP][PASSED] - if (isRequiredTextPresent): null

25-10-2024T01:13:50 - [TEST_STEP][PASSED] - if (verifyTextPresent("UDF7 Label:", false)): null

25-10-2024T01:13:50 - [MESSAGE][PASSED] - Text 'UDF7 Label:' is present on page 

25-10-2024T01:13:50 - [TEST_STEP][PASSED] - isRequiredTextPresent = true: null

25-10-2024T01:13:50 - [TEST_STEP][PASSED] - println(isRequiredTextPresent): null

25-10-2024T01:13:50 - [TEST_STEP][PASSED] - if (isRequiredTextPresent): null

25-10-2024T01:13:50 - [TEST_STEP][PASSED] - if (verifyTextPresent("UDF8 Label:", false)): null

25-10-2024T01:13:50 - [MESSAGE][PASSED] - Text 'UDF8 Label:' is present on page 

25-10-2024T01:13:50 - [TEST_STEP][PASSED] - isRequiredTextPresent = true: null

25-10-2024T01:13:50 - [TEST_STEP][PASSED] - println(isRequiredTextPresent): null

25-10-2024T01:13:50 - [TEST_STEP][PASSED] - if (isRequiredTextPresent): null

25-10-2024T01:13:50 - [TEST_STEP][PASSED] - if (verifyTextPresent("UDF9 Label:", false)): null

25-10-2024T01:13:51 - [MESSAGE][PASSED] - Text 'UDF9 Label:' is present on page 

25-10-2024T01:13:51 - [TEST_STEP][PASSED] - isRequiredTextPresent = true: null

25-10-2024T01:13:51 - [TEST_STEP][PASSED] - println(isRequiredTextPresent): null

25-10-2024T01:13:51 - [TEST_STEP][PASSED] - if (isRequiredTextPresent): null

25-10-2024T01:13:51 - [TEST_STEP][PASSED] - if (verifyTextPresent("Transaction Type:", false)): null

25-10-2024T01:13:51 - [MESSAGE][PASSED] - Text 'Transaction Type:' is present on page 

25-10-2024T01:13:51 - [TEST_STEP][PASSED] - isRequiredTextPresent = true: null

25-10-2024T01:13:51 - [TEST_STEP][PASSED] - println(isRequiredTextPresent): null

25-10-2024T01:13:51 - [TEST_STEP][PASSED] - if (isRequiredTextPresent): null

25-10-2024T01:13:51 - [TEST_STEP][PASSED] - if (verifyTextPresent("Amount:", false)): null

25-10-2024T01:13:51 - [MESSAGE][PASSED] - Text 'Amount:' is present on page 

25-10-2024T01:13:51 - [TEST_STEP][PASSED] - isRequiredTextPresent = true: null

25-10-2024T01:13:51 - [TEST_STEP][PASSED] - println(isRequiredTextPresent): null

25-10-2024T01:13:51 - [TEST_STEP][PASSED] - if (isRequiredTextPresent): null

25-10-2024T01:13:51 - [TEST_STEP][PASSED] - if (verifyTextPresent("Check Information:", false)): null

25-10-2024T01:13:51 - [MESSAGE][PASSED] - Text 'Check Information:' is present on page 

25-10-2024T01:13:51 - [TEST_STEP][PASSED] - isRequiredTextPresent = true: null

25-10-2024T01:13:51 - [TEST_STEP][PASSED] - println(isRequiredTextPresent): null

25-10-2024T01:13:51 - [TEST_STEP][PASSED] - if (isRequiredTextPresent): null

25-10-2024T01:13:51 - [TEST_STEP][PASSED] - if (verifyTextPresent("Account Type:", false)): null

25-10-2024T01:13:52 - [MESSAGE][PASSED] - Text 'Account Type:' is present on page 

25-10-2024T01:13:52 - [TEST_STEP][PASSED] - isRequiredTextPresent = true: null

25-10-2024T01:13:52 - [TEST_STEP][PASSED] - println(isRequiredTextPresent): null

25-10-2024T01:13:52 - [TEST_STEP][PASSED] - if (isRequiredTextPresent): null

25-10-2024T01:13:52 - [TEST_STEP][PASSED] - if (verifyTextPresent("Account Number:", false)): null

25-10-2024T01:13:52 - [MESSAGE][PASSED] - Text 'Account Number:' is present on page 

25-10-2024T01:13:52 - [TEST_STEP][PASSED] - isRequiredTextPresent = true: null

25-10-2024T01:13:52 - [TEST_STEP][PASSED] - println(isRequiredTextPresent): null

25-10-2024T01:13:52 - [TEST_STEP][PASSED] - if (isRequiredTextPresent): null

25-10-2024T01:13:52 - [TEST_STEP][PASSED] - if (verifyTextPresent("Routing Number:", false)): null

25-10-2024T01:13:52 - [MESSAGE][PASSED] - Text 'Routing Number:' is present on page 

25-10-2024T01:13:52 - [TEST_STEP][PASSED] - isRequiredTextPresent = true: null

25-10-2024T01:13:52 - [TEST_STEP][PASSED] - println(isRequiredTextPresent): null

25-10-2024T01:13:52 - [TEST_STEP][PASSED] - if (isRequiredTextPresent): null

25-10-2024T01:13:52 - [TEST_STEP][PASSED] - if (verifyTextPresent("Name of Account:", false)): null

25-10-2024T01:13:52 - [MESSAGE][PASSED] - Text 'Name of Account:' is present on page 

25-10-2024T01:13:52 - [TEST_STEP][PASSED] - isRequiredTextPresent = true: null

25-10-2024T01:13:52 - [TEST_STEP][PASSED] - println(isRequiredTextPresent): null

25-10-2024T01:13:52 - [TEST_STEP][PASSED] - if (isRequiredTextPresent): null

25-10-2024T01:13:52 - [TEST_STEP][PASSED] - if (verifyTextPresent("Billing Information:", false)): null

25-10-2024T01:13:53 - [MESSAGE][PASSED] - Text 'Billing Information:' is present on page 

25-10-2024T01:13:53 - [TEST_STEP][PASSED] - isRequiredTextPresent = true: null

25-10-2024T01:13:53 - [TEST_STEP][PASSED] - println(isRequiredTextPresent): null

25-10-2024T01:13:53 - [TEST_STEP][PASSED] - if (isRequiredTextPresent): null

25-10-2024T01:13:53 - [TEST_STEP][PASSED] - if (verifyTextPresent("Address Line 1:", false)): null

25-10-2024T01:13:53 - [MESSAGE][PASSED] - Text 'Address Line 1:' is present on page 

25-10-2024T01:13:53 - [TEST_STEP][PASSED] - isRequiredTextPresent = true: null

25-10-2024T01:13:53 - [TEST_STEP][PASSED] - println(isRequiredTextPresent): null

25-10-2024T01:13:53 - [TEST_STEP][PASSED] - if (isRequiredTextPresent): null

25-10-2024T01:13:53 - [TEST_STEP][PASSED] - if (verifyTextPresent("Address Line 2:", false)): null

25-10-2024T01:13:53 - [MESSAGE][PASSED] - Text 'Address Line 2:' is present on page 

25-10-2024T01:13:53 - [TEST_STEP][PASSED] - isRequiredTextPresent = true: null

25-10-2024T01:13:53 - [TEST_STEP][PASSED] - println(isRequiredTextPresent): null

25-10-2024T01:13:53 - [TEST_STEP][PASSED] - if (isRequiredTextPresent): null

25-10-2024T01:13:53 - [TEST_STEP][PASSED] - if (verifyTextPresent("Country:", false)): null

25-10-2024T01:13:54 - [MESSAGE][PASSED] - Text 'Country:' is present on page 

25-10-2024T01:13:54 - [TEST_STEP][PASSED] - isRequiredTextPresent = true: null

25-10-2024T01:13:54 - [TEST_STEP][PASSED] - println(isRequiredTextPresent): null

25-10-2024T01:13:54 - [TEST_STEP][PASSED] - if (isRequiredTextPresent): null

25-10-2024T01:13:54 - [TEST_STEP][PASSED] - if (verifyTextPresent("City:", false)): null

25-10-2024T01:13:54 - [MESSAGE][PASSED] - Text 'City:' is present on page 

25-10-2024T01:13:54 - [TEST_STEP][PASSED] - isRequiredTextPresent = true: null

25-10-2024T01:13:54 - [TEST_STEP][PASSED] - println(isRequiredTextPresent): null

25-10-2024T01:13:54 - [TEST_STEP][PASSED] - if (isRequiredTextPresent): null

25-10-2024T01:13:54 - [TEST_STEP][PASSED] - if (verifyTextPresent("State:", false)): null

25-10-2024T01:13:54 - [MESSAGE][PASSED] - Text 'State:' is present on page 

25-10-2024T01:13:54 - [TEST_STEP][PASSED] - isRequiredTextPresent = true: null

25-10-2024T01:13:54 - [TEST_STEP][PASSED] - println(isRequiredTextPresent): null

25-10-2024T01:13:54 - [TEST_STEP][PASSED] - if (isRequiredTextPresent): null

25-10-2024T01:13:54 - [TEST_STEP][PASSED] - if (verifyTextPresent("Zip Code:", false)): null

25-10-2024T01:13:54 - [MESSAGE][PASSED] - Text 'Zip Code:' is present on page 

25-10-2024T01:13:54 - [TEST_STEP][PASSED] - isRequiredTextPresent = true: null

25-10-2024T01:13:54 - [TEST_STEP][PASSED] - println(isRequiredTextPresent): null

25-10-2024T01:13:54 - [TEST_STEP][PASSED] - if (isRequiredTextPresent): null

25-10-2024T01:13:54 - [TEST_STEP][PASSED] - if (verifyTextPresent("Plan Information:", false)): null

25-10-2024T01:13:55 - [MESSAGE][PASSED] - Text 'Plan Information:' is present on page 

25-10-2024T01:13:55 - [TEST_STEP][PASSED] - isRequiredTextPresent = true: null

25-10-2024T01:13:55 - [TEST_STEP][PASSED] - println(isRequiredTextPresent): null

25-10-2024T01:13:55 - [TEST_STEP][PASSED] - if (isRequiredTextPresent): null

25-10-2024T01:13:55 - [TEST_STEP][PASSED] - if (verifyTextPresent("Payment Plan Type:", false)): null

25-10-2024T01:13:55 - [MESSAGE][PASSED] - Text 'Payment Plan Type:' is present on page 

25-10-2024T01:13:55 - [TEST_STEP][PASSED] - isRequiredTextPresent = true: null

25-10-2024T01:13:55 - [TEST_STEP][PASSED] - println(isRequiredTextPresent): null

25-10-2024T01:13:55 - [TEST_STEP][PASSED] - if (isRequiredTextPresent): null

25-10-2024T01:13:55 - [TEST_STEP][PASSED] - if (verifyTextPresent("Payment Plan ID:", false)): null

25-10-2024T01:13:55 - [MESSAGE][PASSED] - Text 'Payment Plan ID:' is present on page 

25-10-2024T01:13:55 - [TEST_STEP][PASSED] - isRequiredTextPresent = true: null

25-10-2024T01:13:55 - [TEST_STEP][PASSED] - println(isRequiredTextPresent): null

25-10-2024T01:13:55 - [TEST_STEP][PASSED] - if (isRequiredTextPresent): null

25-10-2024T01:13:55 - [TEST_STEP][PASSED] - if (verifyTextPresent("Start Date:", false)): null

25-10-2024T01:13:55 - [MESSAGE][PASSED] - Text 'Start Date:' is present on page 

25-10-2024T01:13:55 - [TEST_STEP][PASSED] - isRequiredTextPresent = true: null

25-10-2024T01:13:55 - [TEST_STEP][PASSED] - println(isRequiredTextPresent): null

25-10-2024T01:13:55 - [TEST_STEP][PASSED] - if (isRequiredTextPresent == true): pages.WriteExcel.demoKey is PASSED

25-10-2024T01:13:55 - [TEST_STEP][PASSED] - println("All the relevant texts are present on Receipt Page"): null

25-10-2024T01:13:55 - [TEST_STEP][PASSED] - markPassed("All the relevant texts are present on Receipt Page"): All the relevant texts are present on Receipt Page

25-10-2024T01:13:55 - [MESSAGE][PASSED] - All the relevant texts are present on Receipt Page

25-10-2024T01:13:55 - [TEST_STEP][PASSED] - resText = "Pass": null

25-10-2024T01:13:55 - [TEST_STEP][PASSED] - pages.WriteExcel.demoKey(resText, datText, resColumn, datCloumn, fileLoc, nameSheet, row): pages.WriteExcel.demoKey is PASSED

25-10-2024T01:13:56 - [MESSAGE][PASSED] - pages.WriteExcel.demoKey is PASSED

25-10-2024T01:13:56 - [TEST_STEP][PASSED] - closeBrowser(): Browser is closed

25-10-2024T01:13:56 - [MESSAGE][PASSED] - Browser is closed]]></system-out>
         <system-err><![CDATA[]]></system-err>
      </testcase>
      <testcase name="Test Cases/IntegratedWeb/IWP25/Payments/VerifyEditReceiptLabelsDeferredPS" time="265.131" classname="Test Cases/IntegratedWeb/IWP25/Payments/VerifyEditReceiptLabelsDeferredPS" status="PASSED">
         <system-out><![CDATA[25-10-2024T01:13:56 - [TEST_CASE][PASSED] - Test Cases/IntegratedWeb/IWP25/Payments/VerifyEditReceiptLabelsDeferredPS: Test Cases/IntegratedWeb/IWP25/Payments/VerifyEditReceiptLabelsDeferredPS

25-10-2024T01:13:56 - [TEST_STEP][PASSED] - resText = "Fail": null

25-10-2024T01:13:56 - [TEST_STEP][PASSED] - resColumn = "Result": null

25-10-2024T01:13:56 - [TEST_STEP][PASSED] - datCloumn = "Date": null

25-10-2024T01:13:56 - [TEST_STEP][PASSED] - fileLoc = "KatalonData/IWPTestData/VRelay25PaymentsExtension.xlsx": null

25-10-2024T01:13:56 - [TEST_STEP][PASSED] - numOfRows = <not implemented yet for class: org.codehaus.groovy.ast.expr.EmptyExpression>: null

25-10-2024T01:13:56 - [TEST_STEP][PASSED] - nameSheet = <not implemented yet for class: org.codehaus.groovy.ast.expr.EmptyExpression>: null

25-10-2024T01:13:56 - [TEST_STEP][PASSED] - dataFileEmulator = <not implemented yet for class: org.codehaus.groovy.ast.expr.EmptyExpression>: null

25-10-2024T01:13:56 - [TEST_STEP][PASSED] - isRequiredTextPresent = false: null

25-10-2024T01:13:56 - [TEST_STEP][PASSED] - nameSheet = "VerifyEditLabelDeferredPS": null

25-10-2024T01:13:56 - [TEST_STEP][PASSED] - dataFile = getExcelDataWithDefaultSheet("KatalonData/IWPTestData/VRelay25PaymentsExtension.xlsx", nameSheet, true): null

25-10-2024T01:13:56 - [TEST_STEP][PASSED] - dataFileEmulator = "IWPTestData/EmulatorData": null

25-10-2024T01:13:56 - [TEST_STEP][PASSED] - numOfRows = dataFile.getRowNumbers(): null

25-10-2024T01:13:56 - [TEST_STEP][PASSED] - println("Number of Records: " + numOfRows): null

25-10-2024T01:13:56 - [TEST_STEP][PASSED] - columnNames = dataFile.getColumnNames(): null

25-10-2024T01:13:56 - [TEST_STEP][PASSED] - println(columnNames[0]): null

25-10-2024T01:13:56 - [TEST_STEP][PASSED] - for ([row = 1, row <= numOfRows, (row++)]): Browser is closed

25-10-2024T01:13:56 - [TEST_STEP][PASSED] - ExecuteTC = dataFile.getValue("Execute", row): null

25-10-2024T01:13:56 - [TEST_STEP][PASSED] - out.println("Value of Execute is : " + ExecuteTC): null

25-10-2024T01:13:56 - [TEST_STEP][PASSED] - if (ExecuteTC.equalsIgnoreCase("Y")): null

25-10-2024T01:13:56 - [TEST_STEP][PASSED] - out.println("Begin Record Number: " + row): null

25-10-2024T01:13:56 - [TEST_STEP][PASSED] - today = new java.util.Date(): null

25-10-2024T01:13:56 - [TEST_STEP][PASSED] - println(today): null

25-10-2024T01:13:56 - [TEST_STEP][PASSED] - datText = today: null

25-10-2024T01:13:56 - [TEST_STEP][PASSED] - EmulatorDataKey = dataFile.getValue("EmulatorData", row): null

25-10-2024T01:13:56 - [TEST_STEP][PASSED] - out.println("Value of Emulator Key is : " + EmulatorDataKey): null

25-10-2024T01:13:56 - [TEST_STEP][PASSED] - iwpPages.emulatorIWP30.setDataEmulator_DD(EmulatorDataKey): iwpPages.emulatorIWP30.setDataEmulator_DD is PASSED

25-10-2024T01:13:57 - [MESSAGE][INFO] - Starting 'Edge Chromium' driver

25-10-2024T01:13:57 - [MESSAGE][INFO] - User set preference: ['acceptInsecureCerts', 'true']

25-10-2024T01:13:59 - [MESSAGE][INFO] - Action delay is set to 0 milliseconds

25-10-2024T01:14:02 - [MESSAGE][PASSED] - Browser is opened with url: 'https://qa2.velocitypayment.com/agencyx/config.action?action=editor&message_version=2_5'

25-10-2024T01:14:02 - [MESSAGE][PASSED] - Current window maximized

25-10-2024T01:14:34 - [MESSAGE][INFO] - Unable to find the element located by 'By.xpath: //select[@name='message_version']'. Please recheck the objects properties to make sure the desired element is located. 

25-10-2024T01:14:34 - [MESSAGE][WARNING] - [SELF-HEALING] Failed to find element with id 'Object Repository/IWP30/Page_VRelay30Emulator/MV'. Try using Self-healing.

25-10-2024T01:14:34 - [MESSAGE][WARNING] - [SELF-HEALING] The current locator of test object 'Object Repository/IWP30/Page_VRelay30Emulator/MV' was broken. Propose an alternative one: '(.//*[normalize-space(text()) and normalize-space(.)='Message Version'])[1]/following::select[1]'.

25-10-2024T01:14:35 - [MESSAGE][PASSED] - All options with value '2.5' are selected in object 'Object Repository/IWP30/Page_VRelay30Emulator/MV'  using regular expression

25-10-2024T01:14:35 - [MESSAGE][PASSED] - Text '10.50' is set on object 'Object Repository/IWP30/Page_EmulatorAgencyX/Amount'

25-10-2024T01:14:36 - [MESSAGE][PASSED] - Text 'MoYh0CciOPZE' is set on object 'Object Repository/IWP30/Page_EmulatorAgencyX/CAN'

25-10-2024T01:14:36 - [MESSAGE][PASSED] - Text 'PayNow' is set on object 'Object Repository/IWP30/Page_EmulatorAgencyX/Action'

25-10-2024T01:14:37 - [MESSAGE][PASSED] - Text 'en_US' is set on object 'Object Repository/IWP30/Page_EmulatorAgencyX/Lang'

25-10-2024T01:14:38 - [MESSAGE][PASSED] - Text '' is set on object 'Object Repository/IWP30/Page_EmulatorAgencyX/Fname'

25-10-2024T01:14:38 - [MESSAGE][PASSED] - Text '' is set on object 'Object Repository/IWP30/Page_EmulatorAgencyX/Lname'

25-10-2024T01:14:39 - [MESSAGE][PASSED] - Text '' is set on object 'Object Repository/IWP30/Page_EmulatorAgencyX/AL1'

25-10-2024T01:14:39 - [MESSAGE][PASSED] - Text '' is set on object 'Object Repository/IWP30/Page_EmulatorAgencyX/AL2'

25-10-2024T01:14:40 - [MESSAGE][PASSED] - Text '' is set on object 'Object Repository/IWP30/Page_EmulatorAgencyX/Country'

25-10-2024T01:14:40 - [MESSAGE][PASSED] - Text '' is set on object 'Object Repository/IWP30/Page_EmulatorAgencyX/City'

25-10-2024T01:14:41 - [MESSAGE][PASSED] - Text '' is set on object 'Object Repository/IWP30/Page_EmulatorAgencyX/State'

25-10-2024T01:14:41 - [MESSAGE][PASSED] - Text '' is set on object 'Object Repository/IWP30/Page_EmulatorAgencyX/ZIP'

25-10-2024T01:14:42 - [MESSAGE][PASSED] - Text '' is set on object 'Object Repository/IWP30/Page_EmulatorAgencyX/Order'

25-10-2024T01:14:43 - [MESSAGE][PASSED] - Text '' is set on object 'Object Repository/IWP30/Page_EmulatorAgencyX/Company'

25-10-2024T01:14:43 - [MESSAGE][PASSED] - Text '' is set on object 'Object Repository/IWP30/Page_EmulatorAgencyX/Email'

25-10-2024T01:14:44 - [MESSAGE][PASSED] - Text '' is set on object 'Object Repository/IWP30/Page_EmulatorAgencyX/UDF1'

25-10-2024T01:14:44 - [MESSAGE][PASSED] - Text '' is set on object 'Object Repository/IWP30/Page_EmulatorAgencyX/UDF2'

25-10-2024T01:14:45 - [MESSAGE][PASSED] - Text '' is set on object 'Object Repository/IWP30/Page_EmulatorAgencyX/UDF3'

25-10-2024T01:14:45 - [MESSAGE][PASSED] - Text 'udf data 4' is set on object 'Object Repository/IWP30/Page_EmulatorAgencyX/UDF4'

25-10-2024T01:14:46 - [MESSAGE][PASSED] - Text 'udf data 5' is set on object 'Object Repository/IWP30/Page_EmulatorAgencyX/UDF5'

25-10-2024T01:14:47 - [MESSAGE][PASSED] - Text '' is set on object 'Object Repository/IWP30/Page_EmulatorAgencyX/UDF6'

25-10-2024T01:14:47 - [MESSAGE][PASSED] - Text '' is set on object 'Object Repository/IWP30/Page_EmulatorAgencyX/UDF7'

25-10-2024T01:14:48 - [MESSAGE][PASSED] - Text '' is set on object 'Object Repository/IWP30/Page_EmulatorAgencyX/UDF8'

25-10-2024T01:14:48 - [MESSAGE][PASSED] - Text 'udf data 9' is set on object 'Object Repository/IWP30/Page_EmulatorAgencyX/UDF9'

25-10-2024T01:14:49 - [MESSAGE][PASSED] - Text 'udf data 10' is set on object 'Object Repository/IWP30/Page_EmulatorAgencyX/UDF10'

25-10-2024T01:14:50 - [MESSAGE][PASSED] - Object: 'Object Repository/IWP30/Page_EmulatorAgencyX/Submit' is clicked on

25-10-2024T01:14:55 - [MESSAGE][PASSED] - Browser is closed

25-10-2024T01:14:59 - [MESSAGE][PASSED] - iwpPages.emulatorIWP30.setDataEmulator_DD is PASSED

25-10-2024T01:14:59 - [TEST_STEP][PASSED] - testHarnessURL = urlTestHarness: null

25-10-2024T01:14:59 - [TEST_STEP][PASSED] - openBrowser(testHarnessURL): Browser is opened with url: 'https://dev-algorithm.govolution.com/vrelaytest/QA2/version_2_2/vrelaytest.html'

25-10-2024T01:14:59 - [MESSAGE][INFO] - Starting 'Edge Chromium' driver

25-10-2024T01:14:59 - [MESSAGE][INFO] - User set preference: ['acceptInsecureCerts', 'true']

25-10-2024T01:15:01 - [MESSAGE][INFO] - Action delay is set to 0 milliseconds

25-10-2024T01:15:04 - [MESSAGE][PASSED] - Browser is opened with url: 'https://dev-algorithm.govolution.com/vrelaytest/QA2/version_2_2/vrelaytest.html'

25-10-2024T01:15:04 - [TEST_STEP][PASSED] - maximizeWindow(): Current window maximized

25-10-2024T01:15:04 - [MESSAGE][PASSED] - Current window maximized

25-10-2024T01:15:04 - [TEST_STEP][PASSED] - iwpPages.TestHarnessPage.setDataMethodEF(row, dataFile): iwpPages.TestHarnessPage.setDataMethodEF is PASSED

25-10-2024T01:15:05 - [MESSAGE][PASSED] - Object 'Object Repository/IWP30/Page_QATestHarness/RemittanceID' is present

25-10-2024T01:15:05 - [MESSAGE][PASSED] - Text '638' is set on object 'Object Repository/IWP30/Page_QATestHarness/ApplicationID'

25-10-2024T01:15:06 - [MESSAGE][PASSED] - Text '2.5' is set on object 'Object Repository/IWP30/Page_QATestHarness/MessageVersion'

25-10-2024T01:15:07 - [MESSAGE][PASSED] - Text '7A3cBjTJudjT' is set on object 'Object Repository/IWP30/Page_QATestHarness/RemittanceID'

25-10-2024T01:15:11 - [MESSAGE][PASSED] - Object: 'Object Repository/IWP30/Page_QATestHarness/SubmitButton' is clicked on

25-10-2024T01:15:11 - [MESSAGE][PASSED] - iwpPages.TestHarnessPage.setDataMethodEF is PASSED

25-10-2024T01:15:11 - [TEST_STEP][PASSED] - click(findTestObject("Object Repository/IWP30/Page_SelectPaymentMethod/PayByPersonalCheck")): Object: 'Object Repository/IWP30/Page_SelectPaymentMethod/PayByPersonalCheck' is clicked on

25-10-2024T01:15:11 - [MESSAGE][PASSED] - Object: 'Object Repository/IWP30/Page_SelectPaymentMethod/PayByPersonalCheck' is clicked on

25-10-2024T01:15:11 - [TEST_STEP][PASSED] - click(findTestObject("Object Repository/IWP30/Page_SelectPaymentMethod/MakePaymentButton")): Object: 'Object Repository/IWP30/Page_SelectPaymentMethod/MakePaymentButton' is clicked on

25-10-2024T01:15:14 - [MESSAGE][PASSED] - Object: 'Object Repository/IWP30/Page_SelectPaymentMethod/MakePaymentButton' is clicked on

25-10-2024T01:15:14 - [TEST_STEP][PASSED] - iwpPages.achPersonalPaymentEntryPage.setDataACHPPM(row, dataFile): iwpPages.achPersonalPaymentEntryPage.setDataACHPPM is PASSED

25-10-2024T01:15:14 - [MESSAGE][PASSED] - Object 'Object Repository/IWP30/Page_ACHPersonalPaymentEntry/txt_accountNumber' is present

25-10-2024T01:15:15 - [MESSAGE][PASSED] - Text '10.50' is set on object 'Object Repository/IWP30/Page_ACHPersonalPaymentEntry/txt_Amount'

25-10-2024T01:15:15 - [MESSAGE][PASSED] - Object 'Object Repository/IWP30/Page_ACHPersonalPaymentEntry/txt_UDF2' is present

25-10-2024T01:15:16 - [MESSAGE][PASSED] - Text 'udf data 2' is set on object 'Object Repository/IWP30/Page_ACHPersonalPaymentEntry/txt_UDF2'

25-10-2024T01:15:17 - [MESSAGE][PASSED] - Text 'udf data 3' is set on object 'Object Repository/IWP30/Page_ACHPersonalPaymentEntry/txt_UDF3'

25-10-2024T01:15:17 - [MESSAGE][PASSED] - All options with label 'Orange' are selected in object 'Object Repository/IWP30/Page_ACHPersonalPaymentEntry/dd_UDF7' 

25-10-2024T01:15:18 - [MESSAGE][PASSED] - All options with label 'Soccer' are selected in object 'Object Repository/IWP30/Page_ACHPersonalPaymentEntry/dd_UDF8' 

25-10-2024T01:15:18 - [MESSAGE][PASSED] - Object 'Object Repository/IWP30/Page_ACHPersonalPaymentEntry/txt_Firstname' is present

25-10-2024T01:15:18 - [MESSAGE][PASSED] - Text 'Elizath' is set on object 'Object Repository/IWP30/Page_ACHPersonalPaymentEntry/txt_Firstname'

25-10-2024T01:15:19 - [MESSAGE][PASSED] - Object 'Object Repository/IWP30/Page_ACHPersonalPaymentEntry/txt_Lastname' is present

25-10-2024T01:15:19 - [MESSAGE][PASSED] - Text 'Christine' is set on object 'Object Repository/IWP30/Page_ACHPersonalPaymentEntry/txt_Lastname'

25-10-2024T01:15:20 - [MESSAGE][PASSED] - Object 'Object Repository/IWP30/Page_ACHPersonalPaymentEntry/txt_routingNumber' is present

25-10-2024T01:15:20 - [MESSAGE][PASSED] - Text '256072691' is set on object 'Object Repository/IWP30/Page_ACHPersonalPaymentEntry/txt_routingNumber'

25-10-2024T01:15:20 - [MESSAGE][PASSED] - Object 'Object Repository/IWP30/Page_ACHPersonalPaymentEntry/txt_accountNumber' is present

25-10-2024T01:15:22 - [MESSAGE][PASSED] - Text '12344444' is set on object 'Object Repository/IWP30/Page_ACHPersonalPaymentEntry/txt_accountNumber'

25-10-2024T01:15:22 - [MESSAGE][PASSED] - Object 'Object Repository/IWP30/Page_ACHPersonalPaymentEntry/txt_confirmAccountNumber' is present

25-10-2024T01:15:23 - [MESSAGE][PASSED] - Text '12344444' is set on object 'Object Repository/IWP30/Page_ACHPersonalPaymentEntry/txt_confirmAccountNumber'

25-10-2024T01:15:23 - [MESSAGE][PASSED] - Object 'Object Repository/IWP30/Page_ACHPersonalPaymentEntry/rd_accountType' is present

25-10-2024T01:15:23 - [MESSAGE][PASSED] - Modify property of object successfully

25-10-2024T01:15:23 - [MESSAGE][PASSED] - Object: 'Object Repository/IWP30/Page_ACHPersonalPaymentEntry/rd_accountType' is clicked on

25-10-2024T01:15:23 - [MESSAGE][PASSED] - Execute JavaScript '
				   document.getElementById('processDate').value = '08/09/2025'
				  ' successfully

25-10-2024T01:15:24 - [MESSAGE][PASSED] - Text '365 Main Avenue' is set on object 'Object Repository/IWP30/Page_ACHPersonalPaymentEntry/txt_AL1'

25-10-2024T01:15:25 - [MESSAGE][PASSED] - Text 'Ohio' is set on object 'Object Repository/IWP30/Page_ACHPersonalPaymentEntry/txt_AL2'

25-10-2024T01:15:25 - [MESSAGE][PASSED] - Text '22201' is set on object 'Object Repository/IWP30/Page_ACHPersonalPaymentEntry/txt_ZIP'

25-10-2024T01:15:26 - [MESSAGE][PASSED] - Object 'Object Repository/IWP30/Page_ACHPersonalPaymentEntry/txt_Email' is present

25-10-2024T01:15:27 - [MESSAGE][PASSED] - Text 'iahmed@govolution.com' is set on object 'Object Repository/IWP30/Page_ACHPersonalPaymentEntry/txt_Email'

25-10-2024T01:15:27 - [MESSAGE][PASSED] - Object 'Object Repository/IWP30/Page_ACHPersonalPaymentEntry/cb_TermsAndCond' is present

25-10-2024T01:15:27 - [MESSAGE][PASSED] - Object: 'Object Repository/IWP30/Page_ACHPersonalPaymentEntry/cb_TermsAndCond' is clicked on

25-10-2024T01:15:27 - [MESSAGE][PASSED] - Object 'Object Repository/IWP30/Page_ACHPersonalPaymentEntry/btn_Continue' is present

25-10-2024T01:15:29 - [MESSAGE][PASSED] - Object: 'Object Repository/IWP30/Page_ACHPersonalPaymentEntry/btn_Continue' is clicked on

25-10-2024T01:15:29 - [MESSAGE][PASSED] - iwpPages.achPersonalPaymentEntryPage.setDataACHPPM is PASSED

25-10-2024T01:15:29 - [TEST_STEP][PASSED] - click(findTestObject("Object Repository/IWP30/Page_Confirmation/ConfirmButton")): Object: 'Object Repository/IWP30/Page_Confirmation/ConfirmButton' is clicked on

25-10-2024T01:15:31 - [MESSAGE][PASSED] - Object: 'Object Repository/IWP30/Page_Confirmation/ConfirmButton' is clicked on

25-10-2024T01:15:31 - [TEST_STEP][PASSED] - Thread.sleep(2000): null

25-10-2024T01:15:33 - [TEST_STEP][PASSED] - if (verifyTextPresent("Deferred", false)): null

25-10-2024T01:15:34 - [MESSAGE][PASSED] - Text 'Deferred' is present on page 

25-10-2024T01:15:34 - [TEST_STEP][PASSED] - click(findTestObject("Object Repository/IWP30/Page_Receipt/ViewScheduledPaymentsButton")): Object: 'Object Repository/IWP30/Page_Receipt/ViewScheduledPaymentsButton' is clicked on

25-10-2024T01:15:34 - [MESSAGE][PASSED] - Object: 'Object Repository/IWP30/Page_Receipt/ViewScheduledPaymentsButton' is clicked on

25-10-2024T01:15:34 - [TEST_STEP][PASSED] - switchToWindowTitle("View Scheduled Payments"): Switched to window with title: 'View Scheduled Payments'

25-10-2024T01:15:34 - [MESSAGE][PASSED] - Switched to window with title: 'View Scheduled Payments'

25-10-2024T01:15:34 - [TEST_STEP][PASSED] - Thread.sleep(5000): null

25-10-2024T01:15:39 - [TEST_STEP][PASSED] - if (verifyTextPresent("View Scheduled Payments", false)): null

25-10-2024T01:15:39 - [MESSAGE][PASSED] - Text 'View Scheduled Payments' is present on page 

25-10-2024T01:15:39 - [TEST_STEP][PASSED] - click(findTestObject("Object Repository/IWP30/Page_ScheduledPayments/edit_payment")): Object: 'Object Repository/IWP30/Page_ScheduledPayments/edit_payment' is clicked on

25-10-2024T01:15:42 - [MESSAGE][PASSED] - Object: 'Object Repository/IWP30/Page_ScheduledPayments/edit_payment' is clicked on

25-10-2024T01:15:42 - [TEST_STEP][PASSED] - iwpPages.editSchedulePayment.setDataSchedPaymentEF(row, dataFile): iwpPages.editSchedulePayment.setDataSchedPaymentEF is PASSED

25-10-2024T01:15:43 - [MESSAGE][PASSED] - Text 'Edit Payment Plan' is present on page 

25-10-2024T01:15:44 - [MESSAGE][PASSED] - All options with label 'Orange' are selected in object 'Object Repository/IWP30/Page_CCPaymentEntry/UserDefined7' 

25-10-2024T01:15:44 - [MESSAGE][PASSED] - All options with label 'Soccer' are selected in object 'Object Repository/IWP30/Page_CCPaymentEntry/UserDefined8' 

25-10-2024T01:15:44 - [MESSAGE][PASSED] - Execute JavaScript '
				   document.getElementById('processDate').value = '08/09/2045'
				  ' successfully

25-10-2024T01:15:44 - [MESSAGE][PASSED] - iwpPages.editSchedulePayment.setDataSchedPaymentEF is PASSED

25-10-2024T01:15:44 - [TEST_STEP][PASSED] - click(findTestObject("Object Repository/Page_EditSchedPayment/chkbox_acceptterms")): Object: 'Object Repository/Page_EditSchedPayment/chkbox_acceptterms' is clicked on

25-10-2024T01:15:45 - [MESSAGE][PASSED] - Object: 'Object Repository/Page_EditSchedPayment/chkbox_acceptterms' is clicked on

25-10-2024T01:15:45 - [TEST_STEP][PASSED] - click(findTestObject("Object Repository/Page_EditSchedPayment/btn_update")): Object: 'Object Repository/Page_EditSchedPayment/btn_update' is clicked on

25-10-2024T01:15:47 - [MESSAGE][PASSED] - Object: 'Object Repository/Page_EditSchedPayment/btn_update' is clicked on

25-10-2024T01:15:47 - [TEST_STEP][PASSED] - if (verifyTextPresent("Successful Payment Plan Update", false)): null

25-10-2024T01:15:47 - [MESSAGE][PASSED] - Text 'Successful Payment Plan Update' is present on page 

25-10-2024T01:15:47 - [TEST_STEP][PASSED] - isRequiredTextPresent = true: null

25-10-2024T01:15:47 - [TEST_STEP][PASSED] - println(isRequiredTextPresent): null

25-10-2024T01:15:47 - [TEST_STEP][PASSED] - if (isRequiredTextPresent): null

25-10-2024T01:15:47 - [TEST_STEP][PASSED] - if (verifyTextPresent("CAN Label:", false)): null

25-10-2024T01:15:48 - [MESSAGE][PASSED] - Text 'CAN Label:' is present on page 

25-10-2024T01:15:48 - [TEST_STEP][PASSED] - isRequiredTextPresent = true: null

25-10-2024T01:15:48 - [TEST_STEP][PASSED] - println(isRequiredTextPresent): null

25-10-2024T01:15:48 - [TEST_STEP][PASSED] - if (isRequiredTextPresent): null

25-10-2024T01:15:48 - [TEST_STEP][PASSED] - if (verifyTextPresent("Remittance ID:", false)): null

25-10-2024T01:15:48 - [MESSAGE][PASSED] - Text 'Remittance ID:' is present on page 

25-10-2024T01:15:48 - [TEST_STEP][PASSED] - isRequiredTextPresent = true: null

25-10-2024T01:15:48 - [TEST_STEP][PASSED] - println(isRequiredTextPresent): null

25-10-2024T01:15:48 - [TEST_STEP][PASSED] - if (isRequiredTextPresent): null

25-10-2024T01:15:48 - [TEST_STEP][PASSED] - if (verifyTextPresent("UDF2 Label:", false)): null

25-10-2024T01:15:48 - [MESSAGE][PASSED] - Text 'UDF2 Label:' is present on page 

25-10-2024T01:15:48 - [TEST_STEP][PASSED] - isRequiredTextPresent = true: null

25-10-2024T01:15:48 - [TEST_STEP][PASSED] - println(isRequiredTextPresent): null

25-10-2024T01:15:48 - [TEST_STEP][PASSED] - if (isRequiredTextPresent): null

25-10-2024T01:15:48 - [TEST_STEP][PASSED] - if (verifyTextPresent("UDF3 Label:", false)): null

25-10-2024T01:15:49 - [MESSAGE][PASSED] - Text 'UDF3 Label:' is present on page 

25-10-2024T01:15:49 - [TEST_STEP][PASSED] - isRequiredTextPresent = true: null

25-10-2024T01:15:49 - [TEST_STEP][PASSED] - println(isRequiredTextPresent): null

25-10-2024T01:15:49 - [TEST_STEP][PASSED] - if (isRequiredTextPresent): null

25-10-2024T01:15:49 - [TEST_STEP][PASSED] - if (verifyTextPresent("UDF4 Label:", false)): null

25-10-2024T01:15:49 - [MESSAGE][PASSED] - Text 'UDF4 Label:' is present on page 

25-10-2024T01:15:49 - [TEST_STEP][PASSED] - isRequiredTextPresent = true: null

25-10-2024T01:15:49 - [TEST_STEP][PASSED] - println(isRequiredTextPresent): null

25-10-2024T01:15:49 - [TEST_STEP][PASSED] - if (isRequiredTextPresent): null

25-10-2024T01:15:49 - [TEST_STEP][PASSED] - if (verifyTextPresent("UDF7 Label:", false)): null

25-10-2024T01:15:49 - [MESSAGE][PASSED] - Text 'UDF7 Label:' is present on page 

25-10-2024T01:15:49 - [TEST_STEP][PASSED] - isRequiredTextPresent = true: null

25-10-2024T01:15:49 - [TEST_STEP][PASSED] - println(isRequiredTextPresent): null

25-10-2024T01:15:49 - [TEST_STEP][PASSED] - if (isRequiredTextPresent): null

25-10-2024T01:15:49 - [TEST_STEP][PASSED] - if (verifyTextPresent("UDF8 Label:", false)): null

25-10-2024T01:15:49 - [MESSAGE][PASSED] - Text 'UDF8 Label:' is present on page 

25-10-2024T01:15:49 - [TEST_STEP][PASSED] - isRequiredTextPresent = true: null

25-10-2024T01:15:49 - [TEST_STEP][PASSED] - println(isRequiredTextPresent): null

25-10-2024T01:15:49 - [TEST_STEP][PASSED] - if (isRequiredTextPresent): null

25-10-2024T01:15:49 - [TEST_STEP][PASSED] - if (verifyTextPresent("UDF9 Label:", false)): null

25-10-2024T01:15:50 - [MESSAGE][PASSED] - Text 'UDF9 Label:' is present on page 

25-10-2024T01:15:50 - [TEST_STEP][PASSED] - isRequiredTextPresent = true: null

25-10-2024T01:15:50 - [TEST_STEP][PASSED] - println(isRequiredTextPresent): null

25-10-2024T01:15:50 - [TEST_STEP][PASSED] - if (isRequiredTextPresent): null

25-10-2024T01:15:50 - [TEST_STEP][PASSED] - if (verifyTextPresent("Transaction Type:", false)): null

25-10-2024T01:15:50 - [MESSAGE][PASSED] - Text 'Transaction Type:' is present on page 

25-10-2024T01:15:50 - [TEST_STEP][PASSED] - isRequiredTextPresent = true: null

25-10-2024T01:15:50 - [TEST_STEP][PASSED] - println(isRequiredTextPresent): null

25-10-2024T01:15:50 - [TEST_STEP][PASSED] - if (isRequiredTextPresent): null

25-10-2024T01:15:50 - [TEST_STEP][PASSED] - if (verifyTextPresent("Amount:", false)): null

25-10-2024T01:15:50 - [MESSAGE][PASSED] - Text 'Amount:' is present on page 

25-10-2024T01:15:50 - [TEST_STEP][PASSED] - isRequiredTextPresent = true: null

25-10-2024T01:15:50 - [TEST_STEP][PASSED] - println(isRequiredTextPresent): null

25-10-2024T01:15:50 - [TEST_STEP][PASSED] - if (isRequiredTextPresent): null

25-10-2024T01:15:50 - [TEST_STEP][PASSED] - if (verifyTextPresent("Check Information:", false)): null

25-10-2024T01:15:51 - [MESSAGE][PASSED] - Text 'Check Information:' is present on page 

25-10-2024T01:15:51 - [TEST_STEP][PASSED] - isRequiredTextPresent = true: null

25-10-2024T01:15:51 - [TEST_STEP][PASSED] - println(isRequiredTextPresent): null

25-10-2024T01:15:51 - [TEST_STEP][PASSED] - if (isRequiredTextPresent): null

25-10-2024T01:15:51 - [TEST_STEP][PASSED] - if (verifyTextPresent("Account Type:", false)): null

25-10-2024T01:15:51 - [MESSAGE][PASSED] - Text 'Account Type:' is present on page 

25-10-2024T01:15:51 - [TEST_STEP][PASSED] - isRequiredTextPresent = true: null

25-10-2024T01:15:51 - [TEST_STEP][PASSED] - println(isRequiredTextPresent): null

25-10-2024T01:15:51 - [TEST_STEP][PASSED] - if (isRequiredTextPresent): null

25-10-2024T01:15:51 - [TEST_STEP][PASSED] - if (verifyTextPresent("Account Number:", false)): null

25-10-2024T01:15:51 - [MESSAGE][PASSED] - Text 'Account Number:' is present on page 

25-10-2024T01:15:51 - [TEST_STEP][PASSED] - isRequiredTextPresent = true: null

25-10-2024T01:15:51 - [TEST_STEP][PASSED] - println(isRequiredTextPresent): null

25-10-2024T01:15:51 - [TEST_STEP][PASSED] - if (isRequiredTextPresent): null

25-10-2024T01:15:51 - [TEST_STEP][PASSED] - if (verifyTextPresent("Routing Number:", false)): null

25-10-2024T01:15:51 - [MESSAGE][PASSED] - Text 'Routing Number:' is present on page 

25-10-2024T01:15:51 - [TEST_STEP][PASSED] - isRequiredTextPresent = true: null

25-10-2024T01:15:51 - [TEST_STEP][PASSED] - println(isRequiredTextPresent): null

25-10-2024T01:15:51 - [TEST_STEP][PASSED] - if (isRequiredTextPresent): null

25-10-2024T01:15:51 - [TEST_STEP][PASSED] - if (verifyTextPresent("Name of Account:", false)): null

25-10-2024T01:15:52 - [MESSAGE][PASSED] - Text 'Name of Account:' is present on page 

25-10-2024T01:15:52 - [TEST_STEP][PASSED] - isRequiredTextPresent = true: null

25-10-2024T01:15:52 - [TEST_STEP][PASSED] - println(isRequiredTextPresent): null

25-10-2024T01:15:52 - [TEST_STEP][PASSED] - if (isRequiredTextPresent): null

25-10-2024T01:15:52 - [TEST_STEP][PASSED] - if (verifyTextPresent("Billing Information:", false)): null

25-10-2024T01:15:52 - [MESSAGE][PASSED] - Text 'Billing Information:' is present on page 

25-10-2024T01:15:52 - [TEST_STEP][PASSED] - isRequiredTextPresent = true: null

25-10-2024T01:15:52 - [TEST_STEP][PASSED] - println(isRequiredTextPresent): null

25-10-2024T01:15:52 - [TEST_STEP][PASSED] - if (isRequiredTextPresent): null

25-10-2024T01:15:52 - [TEST_STEP][PASSED] - if (verifyTextPresent("Address Line 1:", false)): null

25-10-2024T01:15:52 - [MESSAGE][PASSED] - Text 'Address Line 1:' is present on page 

25-10-2024T01:15:52 - [TEST_STEP][PASSED] - isRequiredTextPresent = true: null

25-10-2024T01:15:52 - [TEST_STEP][PASSED] - println(isRequiredTextPresent): null

25-10-2024T01:15:52 - [TEST_STEP][PASSED] - if (isRequiredTextPresent): null

25-10-2024T01:15:52 - [TEST_STEP][PASSED] - if (verifyTextPresent("Address Line 2:", false)): null

25-10-2024T01:15:52 - [MESSAGE][PASSED] - Text 'Address Line 2:' is present on page 

25-10-2024T01:15:52 - [TEST_STEP][PASSED] - isRequiredTextPresent = true: null

25-10-2024T01:15:52 - [TEST_STEP][PASSED] - println(isRequiredTextPresent): null

25-10-2024T01:15:52 - [TEST_STEP][PASSED] - if (isRequiredTextPresent): null

25-10-2024T01:15:52 - [TEST_STEP][PASSED] - if (verifyTextPresent("Country:", false)): null

25-10-2024T01:15:53 - [MESSAGE][PASSED] - Text 'Country:' is present on page 

25-10-2024T01:15:53 - [TEST_STEP][PASSED] - isRequiredTextPresent = true: null

25-10-2024T01:15:53 - [TEST_STEP][PASSED] - println(isRequiredTextPresent): null

25-10-2024T01:15:53 - [TEST_STEP][PASSED] - if (isRequiredTextPresent): null

25-10-2024T01:15:53 - [TEST_STEP][PASSED] - if (verifyTextPresent("City:", false)): null

25-10-2024T01:15:53 - [MESSAGE][PASSED] - Text 'City:' is present on page 

25-10-2024T01:15:53 - [TEST_STEP][PASSED] - isRequiredTextPresent = true: null

25-10-2024T01:15:53 - [TEST_STEP][PASSED] - println(isRequiredTextPresent): null

25-10-2024T01:15:53 - [TEST_STEP][PASSED] - if (isRequiredTextPresent): null

25-10-2024T01:15:53 - [TEST_STEP][PASSED] - if (verifyTextPresent("State:", false)): null

25-10-2024T01:15:53 - [MESSAGE][PASSED] - Text 'State:' is present on page 

25-10-2024T01:15:53 - [TEST_STEP][PASSED] - isRequiredTextPresent = true: null

25-10-2024T01:15:53 - [TEST_STEP][PASSED] - println(isRequiredTextPresent): null

25-10-2024T01:15:53 - [TEST_STEP][PASSED] - if (isRequiredTextPresent): null

25-10-2024T01:15:53 - [TEST_STEP][PASSED] - if (verifyTextPresent("Zip Code:", false)): null

25-10-2024T01:15:53 - [MESSAGE][PASSED] - Text 'Zip Code:' is present on page 

25-10-2024T01:15:53 - [TEST_STEP][PASSED] - isRequiredTextPresent = true: null

25-10-2024T01:15:53 - [TEST_STEP][PASSED] - println(isRequiredTextPresent): null

25-10-2024T01:15:53 - [TEST_STEP][PASSED] - if (isRequiredTextPresent): null

25-10-2024T01:15:53 - [TEST_STEP][PASSED] - if (verifyTextPresent("Plan Information:", false)): null

25-10-2024T01:15:54 - [MESSAGE][PASSED] - Text 'Plan Information:' is present on page 

25-10-2024T01:15:54 - [TEST_STEP][PASSED] - isRequiredTextPresent = true: null

25-10-2024T01:15:54 - [TEST_STEP][PASSED] - println(isRequiredTextPresent): null

25-10-2024T01:15:54 - [TEST_STEP][PASSED] - if (isRequiredTextPresent): null

25-10-2024T01:15:54 - [TEST_STEP][PASSED] - if (verifyTextPresent("Payment Plan Type:", false)): null

25-10-2024T01:15:54 - [MESSAGE][PASSED] - Text 'Payment Plan Type:' is present on page 

25-10-2024T01:15:54 - [TEST_STEP][PASSED] - isRequiredTextPresent = true: null

25-10-2024T01:15:54 - [TEST_STEP][PASSED] - println(isRequiredTextPresent): null

25-10-2024T01:15:54 - [TEST_STEP][PASSED] - if (isRequiredTextPresent): null

25-10-2024T01:15:54 - [TEST_STEP][PASSED] - if (verifyTextPresent("Payment Plan ID:", false)): null

25-10-2024T01:15:54 - [MESSAGE][PASSED] - Text 'Payment Plan ID:' is present on page 

25-10-2024T01:15:54 - [TEST_STEP][PASSED] - isRequiredTextPresent = true: null

25-10-2024T01:15:54 - [TEST_STEP][PASSED] - println(isRequiredTextPresent): null

25-10-2024T01:15:54 - [TEST_STEP][PASSED] - if (isRequiredTextPresent): null

25-10-2024T01:15:54 - [TEST_STEP][PASSED] - if (verifyTextPresent("Start Date:", false)): null

25-10-2024T01:15:55 - [MESSAGE][PASSED] - Text 'Start Date:' is present on page 

25-10-2024T01:15:55 - [TEST_STEP][PASSED] - isRequiredTextPresent = true: null

25-10-2024T01:15:55 - [TEST_STEP][PASSED] - println(isRequiredTextPresent): null

25-10-2024T01:15:55 - [TEST_STEP][PASSED] - if (isRequiredTextPresent == true): pages.WriteExcel.demoKey is PASSED

25-10-2024T01:15:55 - [TEST_STEP][PASSED] - println("All the relevant texts are present on Receipt Page"): null

25-10-2024T01:15:55 - [TEST_STEP][PASSED] - markPassed("All the relevant texts are present on Receipt Page"): All the relevant texts are present on Receipt Page

25-10-2024T01:15:55 - [MESSAGE][PASSED] - All the relevant texts are present on Receipt Page

25-10-2024T01:15:55 - [TEST_STEP][PASSED] - resText = "Pass": null

25-10-2024T01:15:55 - [TEST_STEP][PASSED] - pages.WriteExcel.demoKey(resText, datText, resColumn, datCloumn, fileLoc, nameSheet, row): pages.WriteExcel.demoKey is PASSED

25-10-2024T01:15:55 - [MESSAGE][PASSED] - pages.WriteExcel.demoKey is PASSED

25-10-2024T01:15:55 - [TEST_STEP][PASSED] - closeBrowser(): Browser is closed

25-10-2024T01:15:55 - [MESSAGE][PASSED] - Browser is closed

25-10-2024T01:15:55 - [TEST_STEP][PASSED] - ExecuteTC = dataFile.getValue("Execute", row): null

25-10-2024T01:15:55 - [TEST_STEP][PASSED] - out.println("Value of Execute is : " + ExecuteTC): null

25-10-2024T01:15:55 - [TEST_STEP][PASSED] - if (ExecuteTC.equalsIgnoreCase("Y")): null

25-10-2024T01:15:55 - [TEST_STEP][PASSED] - out.println("Begin Record Number: " + row): null

25-10-2024T01:15:55 - [TEST_STEP][PASSED] - today = new java.util.Date(): null

25-10-2024T01:15:55 - [TEST_STEP][PASSED] - println(today): null

25-10-2024T01:15:55 - [TEST_STEP][PASSED] - datText = today: null

25-10-2024T01:15:55 - [TEST_STEP][PASSED] - EmulatorDataKey = dataFile.getValue("EmulatorData", row): null

25-10-2024T01:15:55 - [TEST_STEP][PASSED] - out.println("Value of Emulator Key is : " + EmulatorDataKey): null

25-10-2024T01:15:55 - [TEST_STEP][PASSED] - iwpPages.emulatorIWP30.setDataEmulator_DD(EmulatorDataKey): iwpPages.emulatorIWP30.setDataEmulator_DD is PASSED

25-10-2024T01:15:55 - [MESSAGE][INFO] - Starting 'Edge Chromium' driver

25-10-2024T01:15:55 - [MESSAGE][INFO] - User set preference: ['acceptInsecureCerts', 'true']

25-10-2024T01:15:58 - [MESSAGE][INFO] - Action delay is set to 0 milliseconds

25-10-2024T01:16:01 - [MESSAGE][PASSED] - Browser is opened with url: 'https://qa2.velocitypayment.com/agencyx/config.action?action=editor&message_version=3_0'

25-10-2024T01:16:01 - [MESSAGE][PASSED] - Current window maximized

25-10-2024T01:16:32 - [MESSAGE][INFO] - Unable to find the element located by 'By.xpath: //select[@name='message_version']'. Please recheck the objects properties to make sure the desired element is located. 

25-10-2024T01:16:32 - [MESSAGE][WARNING] - [SELF-HEALING] Failed to find element with id 'Object Repository/IWP30/Page_VRelay30Emulator/MV'. Try using Self-healing.

25-10-2024T01:16:32 - [MESSAGE][WARNING] - [SELF-HEALING] The current locator of test object 'Object Repository/IWP30/Page_VRelay30Emulator/MV' was broken. Propose an alternative one: '(.//*[normalize-space(text()) and normalize-space(.)='Message Version'])[1]/following::select[1]'.

25-10-2024T01:16:33 - [MESSAGE][PASSED] - All options with value '3.0' are selected in object 'Object Repository/IWP30/Page_VRelay30Emulator/MV'  using regular expression

25-10-2024T01:16:34 - [MESSAGE][PASSED] - Text '10.50' is set on object 'Object Repository/IWP30/Page_EmulatorAgencyX/Amount'

25-10-2024T01:16:34 - [MESSAGE][PASSED] - Text 'OPFQADq63KtJ' is set on object 'Object Repository/IWP30/Page_EmulatorAgencyX/CAN'

25-10-2024T01:16:35 - [MESSAGE][PASSED] - Text 'PayNow' is set on object 'Object Repository/IWP30/Page_EmulatorAgencyX/Action'

25-10-2024T01:16:35 - [MESSAGE][PASSED] - Text 'en_US' is set on object 'Object Repository/IWP30/Page_EmulatorAgencyX/Lang'

25-10-2024T01:16:36 - [MESSAGE][PASSED] - Text '' is set on object 'Object Repository/IWP30/Page_EmulatorAgencyX/Fname'

25-10-2024T01:16:37 - [MESSAGE][PASSED] - Text '' is set on object 'Object Repository/IWP30/Page_EmulatorAgencyX/Lname'

25-10-2024T01:16:37 - [MESSAGE][PASSED] - Text '' is set on object 'Object Repository/IWP30/Page_EmulatorAgencyX/AL1'

25-10-2024T01:16:38 - [MESSAGE][PASSED] - Text '' is set on object 'Object Repository/IWP30/Page_EmulatorAgencyX/AL2'

25-10-2024T01:16:38 - [MESSAGE][PASSED] - Text '' is set on object 'Object Repository/IWP30/Page_EmulatorAgencyX/Country'

25-10-2024T01:16:39 - [MESSAGE][PASSED] - Text '' is set on object 'Object Repository/IWP30/Page_EmulatorAgencyX/City'

25-10-2024T01:16:39 - [MESSAGE][PASSED] - Text '' is set on object 'Object Repository/IWP30/Page_EmulatorAgencyX/State'

25-10-2024T01:16:40 - [MESSAGE][PASSED] - Text '' is set on object 'Object Repository/IWP30/Page_EmulatorAgencyX/ZIP'

25-10-2024T01:16:41 - [MESSAGE][PASSED] - Text '' is set on object 'Object Repository/IWP30/Page_EmulatorAgencyX/Order'

25-10-2024T01:16:41 - [MESSAGE][PASSED] - Text '' is set on object 'Object Repository/IWP30/Page_EmulatorAgencyX/Company'

25-10-2024T01:16:42 - [MESSAGE][PASSED] - Text '' is set on object 'Object Repository/IWP30/Page_EmulatorAgencyX/Email'

25-10-2024T01:16:42 - [MESSAGE][PASSED] - Text '' is set on object 'Object Repository/IWP30/Page_EmulatorAgencyX/UDF1'

25-10-2024T01:16:43 - [MESSAGE][PASSED] - Text '' is set on object 'Object Repository/IWP30/Page_EmulatorAgencyX/UDF2'

25-10-2024T01:16:43 - [MESSAGE][PASSED] - Text '' is set on object 'Object Repository/IWP30/Page_EmulatorAgencyX/UDF3'

25-10-2024T01:16:44 - [MESSAGE][PASSED] - Text 'udf data 4' is set on object 'Object Repository/IWP30/Page_EmulatorAgencyX/UDF4'

25-10-2024T01:16:45 - [MESSAGE][PASSED] - Text 'udf data 5' is set on object 'Object Repository/IWP30/Page_EmulatorAgencyX/UDF5'

25-10-2024T01:16:45 - [MESSAGE][PASSED] - Text '' is set on object 'Object Repository/IWP30/Page_EmulatorAgencyX/UDF6'

25-10-2024T01:16:46 - [MESSAGE][PASSED] - Text '' is set on object 'Object Repository/IWP30/Page_EmulatorAgencyX/UDF7'

25-10-2024T01:16:46 - [MESSAGE][PASSED] - Text '' is set on object 'Object Repository/IWP30/Page_EmulatorAgencyX/UDF8'

25-10-2024T01:16:47 - [MESSAGE][PASSED] - Text 'udf data 9' is set on object 'Object Repository/IWP30/Page_EmulatorAgencyX/UDF9'

25-10-2024T01:16:47 - [MESSAGE][PASSED] - Text 'udf data 10' is set on object 'Object Repository/IWP30/Page_EmulatorAgencyX/UDF10'

25-10-2024T01:16:49 - [MESSAGE][PASSED] - Object: 'Object Repository/IWP30/Page_EmulatorAgencyX/Submit' is clicked on

25-10-2024T01:16:53 - [MESSAGE][PASSED] - Browser is closed

25-10-2024T01:16:57 - [MESSAGE][PASSED] - iwpPages.emulatorIWP30.setDataEmulator_DD is PASSED

25-10-2024T01:16:57 - [TEST_STEP][PASSED] - testHarnessURL = urlTestHarness: null

25-10-2024T01:16:57 - [TEST_STEP][PASSED] - openBrowser(testHarnessURL): Browser is opened with url: 'https://dev-algorithm.govolution.com/vrelaytest/QA2/version_2_2/vrelaytest.html'

25-10-2024T01:16:57 - [MESSAGE][INFO] - Starting 'Edge Chromium' driver

25-10-2024T01:16:57 - [MESSAGE][INFO] - User set preference: ['acceptInsecureCerts', 'true']

25-10-2024T01:16:59 - [MESSAGE][INFO] - Action delay is set to 0 milliseconds

25-10-2024T01:17:03 - [MESSAGE][PASSED] - Browser is opened with url: 'https://dev-algorithm.govolution.com/vrelaytest/QA2/version_2_2/vrelaytest.html'

25-10-2024T01:17:03 - [TEST_STEP][PASSED] - maximizeWindow(): Current window maximized

25-10-2024T01:17:03 - [MESSAGE][PASSED] - Current window maximized

25-10-2024T01:17:03 - [TEST_STEP][PASSED] - iwpPages.TestHarnessPage.setDataMethodEF(row, dataFile): iwpPages.TestHarnessPage.setDataMethodEF is PASSED

25-10-2024T01:17:03 - [MESSAGE][PASSED] - Object 'Object Repository/IWP30/Page_QATestHarness/RemittanceID' is present

25-10-2024T01:17:03 - [MESSAGE][PASSED] - Text '649' is set on object 'Object Repository/IWP30/Page_QATestHarness/ApplicationID'

25-10-2024T01:17:04 - [MESSAGE][PASSED] - Text '3.0' is set on object 'Object Repository/IWP30/Page_QATestHarness/MessageVersion'

25-10-2024T01:17:05 - [MESSAGE][PASSED] - Text 'vjhNXIpMS4m0' is set on object 'Object Repository/IWP30/Page_QATestHarness/RemittanceID'

25-10-2024T01:17:08 - [MESSAGE][PASSED] - Object: 'Object Repository/IWP30/Page_QATestHarness/SubmitButton' is clicked on

25-10-2024T01:17:08 - [MESSAGE][PASSED] - iwpPages.TestHarnessPage.setDataMethodEF is PASSED

25-10-2024T01:17:08 - [TEST_STEP][PASSED] - click(findTestObject("Object Repository/IWP30/Page_SelectPaymentMethod/PayByPersonalCheck")): Object: 'Object Repository/IWP30/Page_SelectPaymentMethod/PayByPersonalCheck' is clicked on

25-10-2024T01:17:08 - [MESSAGE][PASSED] - Object: 'Object Repository/IWP30/Page_SelectPaymentMethod/PayByPersonalCheck' is clicked on

25-10-2024T01:17:08 - [TEST_STEP][PASSED] - click(findTestObject("Object Repository/IWP30/Page_SelectPaymentMethod/MakePaymentButton")): Object: 'Object Repository/IWP30/Page_SelectPaymentMethod/MakePaymentButton' is clicked on

25-10-2024T01:17:11 - [MESSAGE][PASSED] - Object: 'Object Repository/IWP30/Page_SelectPaymentMethod/MakePaymentButton' is clicked on

25-10-2024T01:17:11 - [TEST_STEP][PASSED] - iwpPages.achPersonalPaymentEntryPage.setDataACHPPM(row, dataFile): iwpPages.achPersonalPaymentEntryPage.setDataACHPPM is PASSED

25-10-2024T01:17:12 - [MESSAGE][PASSED] - Object 'Object Repository/IWP30/Page_ACHPersonalPaymentEntry/txt_accountNumber' is present

25-10-2024T01:17:12 - [MESSAGE][PASSED] - Text '10.50' is set on object 'Object Repository/IWP30/Page_ACHPersonalPaymentEntry/txt_Amount'

25-10-2024T01:17:12 - [MESSAGE][PASSED] - Object 'Object Repository/IWP30/Page_ACHPersonalPaymentEntry/txt_UDF2' is present

25-10-2024T01:17:13 - [MESSAGE][PASSED] - Text 'udf data 2' is set on object 'Object Repository/IWP30/Page_ACHPersonalPaymentEntry/txt_UDF2'

25-10-2024T01:17:14 - [MESSAGE][PASSED] - Text 'udf data 3' is set on object 'Object Repository/IWP30/Page_ACHPersonalPaymentEntry/txt_UDF3'

25-10-2024T01:17:14 - [MESSAGE][PASSED] - All options with label 'Orange' are selected in object 'Object Repository/IWP30/Page_ACHPersonalPaymentEntry/dd_UDF7' 

25-10-2024T01:17:15 - [MESSAGE][PASSED] - All options with label 'Soccer' are selected in object 'Object Repository/IWP30/Page_ACHPersonalPaymentEntry/dd_UDF8' 

25-10-2024T01:17:15 - [MESSAGE][PASSED] - Object 'Object Repository/IWP30/Page_ACHPersonalPaymentEntry/txt_Firstname' is present

25-10-2024T01:17:15 - [MESSAGE][PASSED] - Text 'Elizath' is set on object 'Object Repository/IWP30/Page_ACHPersonalPaymentEntry/txt_Firstname'

25-10-2024T01:17:16 - [MESSAGE][PASSED] - Object 'Object Repository/IWP30/Page_ACHPersonalPaymentEntry/txt_Lastname' is present

25-10-2024T01:17:16 - [MESSAGE][PASSED] - Text 'Christine' is set on object 'Object Repository/IWP30/Page_ACHPersonalPaymentEntry/txt_Lastname'

25-10-2024T01:17:17 - [MESSAGE][PASSED] - Object 'Object Repository/IWP30/Page_ACHPersonalPaymentEntry/txt_routingNumber' is present

25-10-2024T01:17:17 - [MESSAGE][PASSED] - Text '256072691' is set on object 'Object Repository/IWP30/Page_ACHPersonalPaymentEntry/txt_routingNumber'

25-10-2024T01:17:17 - [MESSAGE][PASSED] - Object 'Object Repository/IWP30/Page_ACHPersonalPaymentEntry/txt_accountNumber' is present

25-10-2024T01:17:19 - [MESSAGE][PASSED] - Text '12344444' is set on object 'Object Repository/IWP30/Page_ACHPersonalPaymentEntry/txt_accountNumber'

25-10-2024T01:17:19 - [MESSAGE][PASSED] - Object 'Object Repository/IWP30/Page_ACHPersonalPaymentEntry/txt_confirmAccountNumber' is present

25-10-2024T01:17:20 - [MESSAGE][PASSED] - Text '12344444' is set on object 'Object Repository/IWP30/Page_ACHPersonalPaymentEntry/txt_confirmAccountNumber'

25-10-2024T01:17:20 - [MESSAGE][PASSED] - Object 'Object Repository/IWP30/Page_ACHPersonalPaymentEntry/rd_accountType' is present

25-10-2024T01:17:20 - [MESSAGE][PASSED] - Modify property of object successfully

25-10-2024T01:17:20 - [MESSAGE][PASSED] - Object: 'Object Repository/IWP30/Page_ACHPersonalPaymentEntry/rd_accountType' is clicked on

25-10-2024T01:17:20 - [MESSAGE][PASSED] - Execute JavaScript '
				   document.getElementById('processDate').value = '08/09/2025'
				  ' successfully

25-10-2024T01:17:21 - [MESSAGE][PASSED] - Text '365 Main Avenue' is set on object 'Object Repository/IWP30/Page_ACHPersonalPaymentEntry/txt_AL1'

25-10-2024T01:17:21 - [MESSAGE][PASSED] - Text 'Ohio' is set on object 'Object Repository/IWP30/Page_ACHPersonalPaymentEntry/txt_AL2'

25-10-2024T01:17:22 - [MESSAGE][PASSED] - Text '22201' is set on object 'Object Repository/IWP30/Page_ACHPersonalPaymentEntry/txt_ZIP'

25-10-2024T01:17:22 - [MESSAGE][PASSED] - Object 'Object Repository/IWP30/Page_ACHPersonalPaymentEntry/txt_Email' is present

25-10-2024T01:17:23 - [MESSAGE][PASSED] - Text 'iahmed@govolution.com' is set on object 'Object Repository/IWP30/Page_ACHPersonalPaymentEntry/txt_Email'

25-10-2024T01:17:24 - [MESSAGE][PASSED] - Object 'Object Repository/IWP30/Page_ACHPersonalPaymentEntry/cb_TermsAndCond' is present

25-10-2024T01:17:24 - [MESSAGE][PASSED] - Object: 'Object Repository/IWP30/Page_ACHPersonalPaymentEntry/cb_TermsAndCond' is clicked on

25-10-2024T01:17:24 - [MESSAGE][PASSED] - Object 'Object Repository/IWP30/Page_ACHPersonalPaymentEntry/btn_Continue' is present

25-10-2024T01:17:25 - [MESSAGE][PASSED] - Object: 'Object Repository/IWP30/Page_ACHPersonalPaymentEntry/btn_Continue' is clicked on

25-10-2024T01:17:25 - [MESSAGE][PASSED] - iwpPages.achPersonalPaymentEntryPage.setDataACHPPM is PASSED

25-10-2024T01:17:25 - [TEST_STEP][PASSED] - click(findTestObject("Object Repository/IWP30/Page_Confirmation/ConfirmButton")): Object: 'Object Repository/IWP30/Page_Confirmation/ConfirmButton' is clicked on

25-10-2024T01:17:57 - [MESSAGE][INFO] - Unable to find the element located by 'By.xpath: //*[@type = 'submit' and @name = 'confirmNotifyAction' and @id = 'submitYes' and @value = 'Confirm']'. Please recheck the objects properties to make sure the desired element is located. 

25-10-2024T01:17:57 - [MESSAGE][WARNING] - [SELF-HEALING] Failed to find element with id 'Object Repository/IWP30/Page_Confirmation/ConfirmButton'. Try using Self-healing.

25-10-2024T01:17:57 - [MESSAGE][WARNING] - [SELF-HEALING] The current locator of test object 'Object Repository/IWP30/Page_Confirmation/ConfirmButton' was broken. Propose an alternative one: '//div/input'.

25-10-2024T01:17:58 - [MESSAGE][PASSED] - Object: 'Object Repository/IWP30/Page_Confirmation/ConfirmButton' is clicked on

25-10-2024T01:17:58 - [TEST_STEP][PASSED] - Thread.sleep(2000): null

25-10-2024T01:18:00 - [TEST_STEP][PASSED] - if (verifyTextPresent("Deferred", false)): null

25-10-2024T01:18:01 - [MESSAGE][PASSED] - Text 'Deferred' is present on page 

25-10-2024T01:18:01 - [TEST_STEP][PASSED] - click(findTestObject("Object Repository/IWP30/Page_Receipt/ViewScheduledPaymentsButton")): Object: 'Object Repository/IWP30/Page_Receipt/ViewScheduledPaymentsButton' is clicked on

25-10-2024T01:18:01 - [MESSAGE][PASSED] - Object: 'Object Repository/IWP30/Page_Receipt/ViewScheduledPaymentsButton' is clicked on

25-10-2024T01:18:01 - [TEST_STEP][PASSED] - switchToWindowTitle("View Scheduled Payments"): Switched to window with title: 'View Scheduled Payments'

25-10-2024T01:18:01 - [MESSAGE][PASSED] - Switched to window with title: 'View Scheduled Payments'

25-10-2024T01:18:01 - [TEST_STEP][PASSED] - Thread.sleep(5000): null

25-10-2024T01:18:06 - [TEST_STEP][PASSED] - if (verifyTextPresent("View Scheduled Payments", false)): null

25-10-2024T01:18:07 - [MESSAGE][PASSED] - Text 'View Scheduled Payments' is present on page 

25-10-2024T01:18:07 - [TEST_STEP][PASSED] - click(findTestObject("Object Repository/IWP30/Page_ScheduledPayments/edit_payment")): Object: 'Object Repository/IWP30/Page_ScheduledPayments/edit_payment' is clicked on

25-10-2024T01:18:09 - [MESSAGE][PASSED] - Object: 'Object Repository/IWP30/Page_ScheduledPayments/edit_payment' is clicked on

25-10-2024T01:18:09 - [TEST_STEP][PASSED] - iwpPages.editSchedulePayment.setDataSchedPaymentEF(row, dataFile): iwpPages.editSchedulePayment.setDataSchedPaymentEF is PASSED

25-10-2024T01:18:10 - [MESSAGE][PASSED] - Text 'Edit Payment Plan' is present on page 

25-10-2024T01:18:10 - [MESSAGE][PASSED] - All options with label 'Orange' are selected in object 'Object Repository/IWP30/Page_CCPaymentEntry/UserDefined7' 

25-10-2024T01:18:11 - [MESSAGE][PASSED] - All options with label 'Soccer' are selected in object 'Object Repository/IWP30/Page_CCPaymentEntry/UserDefined8' 

25-10-2024T01:18:11 - [MESSAGE][PASSED] - Execute JavaScript '
				   document.getElementById('processDate').value = '08/09/2045'
				  ' successfully

25-10-2024T01:18:11 - [MESSAGE][PASSED] - iwpPages.editSchedulePayment.setDataSchedPaymentEF is PASSED

25-10-2024T01:18:11 - [TEST_STEP][PASSED] - click(findTestObject("Object Repository/Page_EditSchedPayment/chkbox_acceptterms")): Object: 'Object Repository/Page_EditSchedPayment/chkbox_acceptterms' is clicked on

25-10-2024T01:18:11 - [MESSAGE][PASSED] - Object: 'Object Repository/Page_EditSchedPayment/chkbox_acceptterms' is clicked on

25-10-2024T01:18:11 - [TEST_STEP][PASSED] - click(findTestObject("Object Repository/Page_EditSchedPayment/btn_update")): Object: 'Object Repository/Page_EditSchedPayment/btn_update' is clicked on

25-10-2024T01:18:13 - [MESSAGE][PASSED] - Object: 'Object Repository/Page_EditSchedPayment/btn_update' is clicked on

25-10-2024T01:18:13 - [TEST_STEP][PASSED] - if (verifyTextPresent("Successful Payment Plan Update", false)): null

25-10-2024T01:18:13 - [MESSAGE][PASSED] - Text 'Successful Payment Plan Update' is present on page 

25-10-2024T01:18:13 - [TEST_STEP][PASSED] - isRequiredTextPresent = true: null

25-10-2024T01:18:13 - [TEST_STEP][PASSED] - println(isRequiredTextPresent): null

25-10-2024T01:18:13 - [TEST_STEP][PASSED] - if (isRequiredTextPresent): null

25-10-2024T01:18:13 - [TEST_STEP][PASSED] - if (verifyTextPresent("CAN Label:", false)): null

25-10-2024T01:18:14 - [MESSAGE][PASSED] - Text 'CAN Label:' is present on page 

25-10-2024T01:18:14 - [TEST_STEP][PASSED] - isRequiredTextPresent = true: null

25-10-2024T01:18:14 - [TEST_STEP][PASSED] - println(isRequiredTextPresent): null

25-10-2024T01:18:14 - [TEST_STEP][PASSED] - if (isRequiredTextPresent): null

25-10-2024T01:18:14 - [TEST_STEP][PASSED] - if (verifyTextPresent("Remittance ID:", false)): null

25-10-2024T01:18:14 - [MESSAGE][PASSED] - Text 'Remittance ID:' is present on page 

25-10-2024T01:18:14 - [TEST_STEP][PASSED] - isRequiredTextPresent = true: null

25-10-2024T01:18:14 - [TEST_STEP][PASSED] - println(isRequiredTextPresent): null

25-10-2024T01:18:14 - [TEST_STEP][PASSED] - if (isRequiredTextPresent): null

25-10-2024T01:18:14 - [TEST_STEP][PASSED] - if (verifyTextPresent("UDF2 Label:", false)): null

25-10-2024T01:18:14 - [MESSAGE][PASSED] - Text 'UDF2 Label:' is present on page 

25-10-2024T01:18:14 - [TEST_STEP][PASSED] - isRequiredTextPresent = true: null

25-10-2024T01:18:14 - [TEST_STEP][PASSED] - println(isRequiredTextPresent): null

25-10-2024T01:18:14 - [TEST_STEP][PASSED] - if (isRequiredTextPresent): null

25-10-2024T01:18:14 - [TEST_STEP][PASSED] - if (verifyTextPresent("UDF3 Label:", false)): null

25-10-2024T01:18:14 - [MESSAGE][PASSED] - Text 'UDF3 Label:' is present on page 

25-10-2024T01:18:14 - [TEST_STEP][PASSED] - isRequiredTextPresent = true: null

25-10-2024T01:18:14 - [TEST_STEP][PASSED] - println(isRequiredTextPresent): null

25-10-2024T01:18:14 - [TEST_STEP][PASSED] - if (isRequiredTextPresent): null

25-10-2024T01:18:14 - [TEST_STEP][PASSED] - if (verifyTextPresent("UDF4 Label:", false)): null

25-10-2024T01:18:15 - [MESSAGE][PASSED] - Text 'UDF4 Label:' is present on page 

25-10-2024T01:18:15 - [TEST_STEP][PASSED] - isRequiredTextPresent = true: null

25-10-2024T01:18:15 - [TEST_STEP][PASSED] - println(isRequiredTextPresent): null

25-10-2024T01:18:15 - [TEST_STEP][PASSED] - if (isRequiredTextPresent): null

25-10-2024T01:18:15 - [TEST_STEP][PASSED] - if (verifyTextPresent("UDF7 Label:", false)): null

25-10-2024T01:18:15 - [MESSAGE][PASSED] - Text 'UDF7 Label:' is present on page 

25-10-2024T01:18:15 - [TEST_STEP][PASSED] - isRequiredTextPresent = true: null

25-10-2024T01:18:15 - [TEST_STEP][PASSED] - println(isRequiredTextPresent): null

25-10-2024T01:18:15 - [TEST_STEP][PASSED] - if (isRequiredTextPresent): null

25-10-2024T01:18:15 - [TEST_STEP][PASSED] - if (verifyTextPresent("UDF8 Label:", false)): null

25-10-2024T01:18:15 - [MESSAGE][PASSED] - Text 'UDF8 Label:' is present on page 

25-10-2024T01:18:15 - [TEST_STEP][PASSED] - isRequiredTextPresent = true: null

25-10-2024T01:18:15 - [TEST_STEP][PASSED] - println(isRequiredTextPresent): null

25-10-2024T01:18:15 - [TEST_STEP][PASSED] - if (isRequiredTextPresent): null

25-10-2024T01:18:15 - [TEST_STEP][PASSED] - if (verifyTextPresent("UDF9 Label:", false)): null

25-10-2024T01:18:16 - [MESSAGE][PASSED] - Text 'UDF9 Label:' is present on page 

25-10-2024T01:18:16 - [TEST_STEP][PASSED] - isRequiredTextPresent = true: null

25-10-2024T01:18:16 - [TEST_STEP][PASSED] - println(isRequiredTextPresent): null

25-10-2024T01:18:16 - [TEST_STEP][PASSED] - if (isRequiredTextPresent): null

25-10-2024T01:18:16 - [TEST_STEP][PASSED] - if (verifyTextPresent("Transaction Type:", false)): null

25-10-2024T01:18:16 - [MESSAGE][PASSED] - Text 'Transaction Type:' is present on page 

25-10-2024T01:18:16 - [TEST_STEP][PASSED] - isRequiredTextPresent = true: null

25-10-2024T01:18:16 - [TEST_STEP][PASSED] - println(isRequiredTextPresent): null

25-10-2024T01:18:16 - [TEST_STEP][PASSED] - if (isRequiredTextPresent): null

25-10-2024T01:18:16 - [TEST_STEP][PASSED] - if (verifyTextPresent("Amount:", false)): null

25-10-2024T01:18:16 - [MESSAGE][PASSED] - Text 'Amount:' is present on page 

25-10-2024T01:18:16 - [TEST_STEP][PASSED] - isRequiredTextPresent = true: null

25-10-2024T01:18:16 - [TEST_STEP][PASSED] - println(isRequiredTextPresent): null

25-10-2024T01:18:16 - [TEST_STEP][PASSED] - if (isRequiredTextPresent): null

25-10-2024T01:18:16 - [TEST_STEP][PASSED] - if (verifyTextPresent("Check Information:", false)): null

25-10-2024T01:18:16 - [MESSAGE][PASSED] - Text 'Check Information:' is present on page 

25-10-2024T01:18:16 - [TEST_STEP][PASSED] - isRequiredTextPresent = true: null

25-10-2024T01:18:16 - [TEST_STEP][PASSED] - println(isRequiredTextPresent): null

25-10-2024T01:18:16 - [TEST_STEP][PASSED] - if (isRequiredTextPresent): null

25-10-2024T01:18:16 - [TEST_STEP][PASSED] - if (verifyTextPresent("Account Type:", false)): null

25-10-2024T01:18:17 - [MESSAGE][PASSED] - Text 'Account Type:' is present on page 

25-10-2024T01:18:17 - [TEST_STEP][PASSED] - isRequiredTextPresent = true: null

25-10-2024T01:18:17 - [TEST_STEP][PASSED] - println(isRequiredTextPresent): null

25-10-2024T01:18:17 - [TEST_STEP][PASSED] - if (isRequiredTextPresent): null

25-10-2024T01:18:17 - [TEST_STEP][PASSED] - if (verifyTextPresent("Account Number:", false)): null

25-10-2024T01:18:17 - [MESSAGE][PASSED] - Text 'Account Number:' is present on page 

25-10-2024T01:18:17 - [TEST_STEP][PASSED] - isRequiredTextPresent = true: null

25-10-2024T01:18:17 - [TEST_STEP][PASSED] - println(isRequiredTextPresent): null

25-10-2024T01:18:17 - [TEST_STEP][PASSED] - if (isRequiredTextPresent): null

25-10-2024T01:18:17 - [TEST_STEP][PASSED] - if (verifyTextPresent("Routing Number:", false)): null

25-10-2024T01:18:17 - [MESSAGE][PASSED] - Text 'Routing Number:' is present on page 

25-10-2024T01:18:17 - [TEST_STEP][PASSED] - isRequiredTextPresent = true: null

25-10-2024T01:18:17 - [TEST_STEP][PASSED] - println(isRequiredTextPresent): null

25-10-2024T01:18:17 - [TEST_STEP][PASSED] - if (isRequiredTextPresent): null

25-10-2024T01:18:17 - [TEST_STEP][PASSED] - if (verifyTextPresent("Name of Account:", false)): null

25-10-2024T01:18:17 - [MESSAGE][PASSED] - Text 'Name of Account:' is present on page 

25-10-2024T01:18:17 - [TEST_STEP][PASSED] - isRequiredTextPresent = true: null

25-10-2024T01:18:17 - [TEST_STEP][PASSED] - println(isRequiredTextPresent): null

25-10-2024T01:18:17 - [TEST_STEP][PASSED] - if (isRequiredTextPresent): null

25-10-2024T01:18:17 - [TEST_STEP][PASSED] - if (verifyTextPresent("Billing Information:", false)): null

25-10-2024T01:18:18 - [MESSAGE][PASSED] - Text 'Billing Information:' is present on page 

25-10-2024T01:18:18 - [TEST_STEP][PASSED] - isRequiredTextPresent = true: null

25-10-2024T01:18:18 - [TEST_STEP][PASSED] - println(isRequiredTextPresent): null

25-10-2024T01:18:18 - [TEST_STEP][PASSED] - if (isRequiredTextPresent): null

25-10-2024T01:18:18 - [TEST_STEP][PASSED] - if (verifyTextPresent("Address Line 1:", false)): null

25-10-2024T01:18:18 - [MESSAGE][PASSED] - Text 'Address Line 1:' is present on page 

25-10-2024T01:18:18 - [TEST_STEP][PASSED] - isRequiredTextPresent = true: null

25-10-2024T01:18:18 - [TEST_STEP][PASSED] - println(isRequiredTextPresent): null

25-10-2024T01:18:18 - [TEST_STEP][PASSED] - if (isRequiredTextPresent): null

25-10-2024T01:18:18 - [TEST_STEP][PASSED] - if (verifyTextPresent("Address Line 2:", false)): null

25-10-2024T01:18:18 - [MESSAGE][PASSED] - Text 'Address Line 2:' is present on page 

25-10-2024T01:18:18 - [TEST_STEP][PASSED] - isRequiredTextPresent = true: null

25-10-2024T01:18:18 - [TEST_STEP][PASSED] - println(isRequiredTextPresent): null

25-10-2024T01:18:18 - [TEST_STEP][PASSED] - if (isRequiredTextPresent): null

25-10-2024T01:18:18 - [TEST_STEP][PASSED] - if (verifyTextPresent("Country:", false)): null

25-10-2024T01:18:19 - [MESSAGE][PASSED] - Text 'Country:' is present on page 

25-10-2024T01:18:19 - [TEST_STEP][PASSED] - isRequiredTextPresent = true: null

25-10-2024T01:18:19 - [TEST_STEP][PASSED] - println(isRequiredTextPresent): null

25-10-2024T01:18:19 - [TEST_STEP][PASSED] - if (isRequiredTextPresent): null

25-10-2024T01:18:19 - [TEST_STEP][PASSED] - if (verifyTextPresent("City:", false)): null

25-10-2024T01:18:19 - [MESSAGE][PASSED] - Text 'City:' is present on page 

25-10-2024T01:18:19 - [TEST_STEP][PASSED] - isRequiredTextPresent = true: null

25-10-2024T01:18:19 - [TEST_STEP][PASSED] - println(isRequiredTextPresent): null

25-10-2024T01:18:19 - [TEST_STEP][PASSED] - if (isRequiredTextPresent): null

25-10-2024T01:18:19 - [TEST_STEP][PASSED] - if (verifyTextPresent("State:", false)): null

25-10-2024T01:18:19 - [MESSAGE][PASSED] - Text 'State:' is present on page 

25-10-2024T01:18:19 - [TEST_STEP][PASSED] - isRequiredTextPresent = true: null

25-10-2024T01:18:19 - [TEST_STEP][PASSED] - println(isRequiredTextPresent): null

25-10-2024T01:18:19 - [TEST_STEP][PASSED] - if (isRequiredTextPresent): null

25-10-2024T01:18:19 - [TEST_STEP][PASSED] - if (verifyTextPresent("Zip Code:", false)): null

25-10-2024T01:18:19 - [MESSAGE][PASSED] - Text 'Zip Code:' is present on page 

25-10-2024T01:18:19 - [TEST_STEP][PASSED] - isRequiredTextPresent = true: null

25-10-2024T01:18:19 - [TEST_STEP][PASSED] - println(isRequiredTextPresent): null

25-10-2024T01:18:19 - [TEST_STEP][PASSED] - if (isRequiredTextPresent): null

25-10-2024T01:18:19 - [TEST_STEP][PASSED] - if (verifyTextPresent("Plan Information:", false)): null

25-10-2024T01:18:20 - [MESSAGE][PASSED] - Text 'Plan Information:' is present on page 

25-10-2024T01:18:20 - [TEST_STEP][PASSED] - isRequiredTextPresent = true: null

25-10-2024T01:18:20 - [TEST_STEP][PASSED] - println(isRequiredTextPresent): null

25-10-2024T01:18:20 - [TEST_STEP][PASSED] - if (isRequiredTextPresent): null

25-10-2024T01:18:20 - [TEST_STEP][PASSED] - if (verifyTextPresent("Payment Plan Type:", false)): null

25-10-2024T01:18:20 - [MESSAGE][PASSED] - Text 'Payment Plan Type:' is present on page 

25-10-2024T01:18:20 - [TEST_STEP][PASSED] - isRequiredTextPresent = true: null

25-10-2024T01:18:20 - [TEST_STEP][PASSED] - println(isRequiredTextPresent): null

25-10-2024T01:18:20 - [TEST_STEP][PASSED] - if (isRequiredTextPresent): null

25-10-2024T01:18:20 - [TEST_STEP][PASSED] - if (verifyTextPresent("Payment Plan ID:", false)): null

25-10-2024T01:18:20 - [MESSAGE][PASSED] - Text 'Payment Plan ID:' is present on page 

25-10-2024T01:18:20 - [TEST_STEP][PASSED] - isRequiredTextPresent = true: null

25-10-2024T01:18:20 - [TEST_STEP][PASSED] - println(isRequiredTextPresent): null

25-10-2024T01:18:20 - [TEST_STEP][PASSED] - if (isRequiredTextPresent): null

25-10-2024T01:18:20 - [TEST_STEP][PASSED] - if (verifyTextPresent("Start Date:", false)): null

25-10-2024T01:18:21 - [MESSAGE][PASSED] - Text 'Start Date:' is present on page 

25-10-2024T01:18:21 - [TEST_STEP][PASSED] - isRequiredTextPresent = true: null

25-10-2024T01:18:21 - [TEST_STEP][PASSED] - println(isRequiredTextPresent): null

25-10-2024T01:18:21 - [TEST_STEP][PASSED] - if (isRequiredTextPresent == true): pages.WriteExcel.demoKey is PASSED

25-10-2024T01:18:21 - [TEST_STEP][PASSED] - println("All the relevant texts are present on Receipt Page"): null

25-10-2024T01:18:21 - [TEST_STEP][PASSED] - markPassed("All the relevant texts are present on Receipt Page"): All the relevant texts are present on Receipt Page

25-10-2024T01:18:21 - [MESSAGE][PASSED] - All the relevant texts are present on Receipt Page

25-10-2024T01:18:21 - [TEST_STEP][PASSED] - resText = "Pass": null

25-10-2024T01:18:21 - [TEST_STEP][PASSED] - pages.WriteExcel.demoKey(resText, datText, resColumn, datCloumn, fileLoc, nameSheet, row): pages.WriteExcel.demoKey is PASSED

25-10-2024T01:18:21 - [MESSAGE][PASSED] - pages.WriteExcel.demoKey is PASSED

25-10-2024T01:18:21 - [TEST_STEP][PASSED] - closeBrowser(): Browser is closed

25-10-2024T01:18:21 - [MESSAGE][PASSED] - Browser is closed]]></system-out>
         <system-err><![CDATA[]]></system-err>
      </testcase>
      <testcase name="Test Cases/IntegratedWeb/IWP25/Payments/VerifyReceiptPageLabelsCC" time="214.095" classname="Test Cases/IntegratedWeb/IWP25/Payments/VerifyReceiptPageLabelsCC" status="PASSED">
         <system-out><![CDATA[25-10-2024T01:18:21 - [TEST_CASE][PASSED] - Test Cases/IntegratedWeb/IWP25/Payments/VerifyReceiptPageLabelsCC: Test Cases/IntegratedWeb/IWP25/Payments/VerifyReceiptPageLabelsCC

25-10-2024T01:18:21 - [TEST_STEP][PASSED] - resText = "Fail": null

25-10-2024T01:18:21 - [TEST_STEP][PASSED] - resColumn = "Result": null

25-10-2024T01:18:21 - [TEST_STEP][PASSED] - datCloumn = "Date": null

25-10-2024T01:18:21 - [TEST_STEP][PASSED] - fileLoc = "KatalonData/IWPTestData/VRelay25Payments.xlsx": null

25-10-2024T01:18:21 - [TEST_STEP][PASSED] - numOfRows = <not implemented yet for class: org.codehaus.groovy.ast.expr.EmptyExpression>: null

25-10-2024T01:18:21 - [TEST_STEP][PASSED] - dataFile = <not implemented yet for class: org.codehaus.groovy.ast.expr.EmptyExpression>: null

25-10-2024T01:18:21 - [TEST_STEP][PASSED] - nameSheet = <not implemented yet for class: org.codehaus.groovy.ast.expr.EmptyExpression>: null

25-10-2024T01:18:21 - [TEST_STEP][PASSED] - dataFileEmulator = <not implemented yet for class: org.codehaus.groovy.ast.expr.EmptyExpression>: null

25-10-2024T01:18:21 - [TEST_STEP][PASSED] - isRequiredTextPresent = false: null

25-10-2024T01:18:21 - [TEST_STEP][PASSED] - nameSheet = "VerifyReceiptPageLabelsCredit": null

25-10-2024T01:18:21 - [TEST_STEP][PASSED] - dataFile = "IWPTestData/IWP25VerifyReceiptPageLabelsCC": null

25-10-2024T01:18:21 - [TEST_STEP][PASSED] - dataFileEmulator = "IWPTestData/EmulatorData": null

25-10-2024T01:18:21 - [TEST_STEP][PASSED] - numOfRows = findTestData(dataFile).getRowNumbers(): null

25-10-2024T01:18:21 - [TEST_STEP][PASSED] - println("Number of Records: " + numOfRows): null

25-10-2024T01:18:21 - [TEST_STEP][PASSED] - for ([row = 1, row <= numOfRows, (row++)]): Browser is closed

25-10-2024T01:18:21 - [TEST_STEP][PASSED] - ExecuteTC = findTestData(dataFile).getValue("Execute", row): null

25-10-2024T01:18:22 - [TEST_STEP][PASSED] - out.println("Value of Execute is : " + ExecuteTC): null

25-10-2024T01:18:22 - [TEST_STEP][PASSED] - if (ExecuteTC.equalsIgnoreCase("Y")): pages.WriteExcel.demoKey is PASSED

25-10-2024T01:18:22 - [TEST_STEP][PASSED] - out.println("Begin Record Number: " + row): null

25-10-2024T01:18:22 - [TEST_STEP][PASSED] - today = new java.util.Date(): null

25-10-2024T01:18:22 - [TEST_STEP][PASSED] - println(today): null

25-10-2024T01:18:22 - [TEST_STEP][PASSED] - datText = today: null

25-10-2024T01:18:22 - [TEST_STEP][PASSED] - EmulatorDataKey = findTestData(dataFile).getValue("EmulatorData", row): null

25-10-2024T01:18:22 - [TEST_STEP][PASSED] - out.println("Value of Emulator Key is : " + EmulatorDataKey): null

25-10-2024T01:18:22 - [TEST_STEP][PASSED] - iwpPages.emulatorIWP30.setDataEmulator_DD(EmulatorDataKey): iwpPages.emulatorIWP30.setDataEmulator_DD is PASSED

25-10-2024T01:18:22 - [MESSAGE][INFO] - Starting 'Edge Chromium' driver

25-10-2024T01:18:22 - [MESSAGE][INFO] - User set preference: ['acceptInsecureCerts', 'true']

25-10-2024T01:18:24 - [MESSAGE][INFO] - Action delay is set to 0 milliseconds

25-10-2024T01:18:28 - [MESSAGE][PASSED] - Browser is opened with url: 'https://qa2.velocitypayment.com/agencyx/config.action?action=editor&message_version=2_5'

25-10-2024T01:18:28 - [MESSAGE][PASSED] - Current window maximized

25-10-2024T01:18:59 - [MESSAGE][INFO] - Unable to find the element located by 'By.xpath: //select[@name='message_version']'. Please recheck the objects properties to make sure the desired element is located. 

25-10-2024T01:18:59 - [MESSAGE][WARNING] - [SELF-HEALING] Failed to find element with id 'Object Repository/IWP30/Page_VRelay30Emulator/MV'. Try using Self-healing.

25-10-2024T01:18:59 - [MESSAGE][WARNING] - [SELF-HEALING] The current locator of test object 'Object Repository/IWP30/Page_VRelay30Emulator/MV' was broken. Propose an alternative one: '(.//*[normalize-space(text()) and normalize-space(.)='Message Version'])[1]/following::select[1]'.

25-10-2024T01:19:00 - [MESSAGE][PASSED] - All options with value '2.5' are selected in object 'Object Repository/IWP30/Page_VRelay30Emulator/MV'  using regular expression

25-10-2024T01:19:00 - [MESSAGE][PASSED] - Text '10.50' is set on object 'Object Repository/IWP30/Page_EmulatorAgencyX/Amount'

25-10-2024T01:19:01 - [MESSAGE][PASSED] - Text 'z0lwlTXeowSr' is set on object 'Object Repository/IWP30/Page_EmulatorAgencyX/CAN'

25-10-2024T01:19:01 - [MESSAGE][PASSED] - Text 'PayNow' is set on object 'Object Repository/IWP30/Page_EmulatorAgencyX/Action'

25-10-2024T01:19:02 - [MESSAGE][PASSED] - Text 'en_US' is set on object 'Object Repository/IWP30/Page_EmulatorAgencyX/Lang'

25-10-2024T01:19:03 - [MESSAGE][PASSED] - Text '' is set on object 'Object Repository/IWP30/Page_EmulatorAgencyX/Fname'

25-10-2024T01:19:03 - [MESSAGE][PASSED] - Text '' is set on object 'Object Repository/IWP30/Page_EmulatorAgencyX/Lname'

25-10-2024T01:19:04 - [MESSAGE][PASSED] - Text '' is set on object 'Object Repository/IWP30/Page_EmulatorAgencyX/AL1'

25-10-2024T01:19:04 - [MESSAGE][PASSED] - Text '' is set on object 'Object Repository/IWP30/Page_EmulatorAgencyX/AL2'

25-10-2024T01:19:05 - [MESSAGE][PASSED] - Text '' is set on object 'Object Repository/IWP30/Page_EmulatorAgencyX/Country'

25-10-2024T01:19:05 - [MESSAGE][PASSED] - Text '' is set on object 'Object Repository/IWP30/Page_EmulatorAgencyX/City'

25-10-2024T01:19:06 - [MESSAGE][PASSED] - Text '' is set on object 'Object Repository/IWP30/Page_EmulatorAgencyX/State'

25-10-2024T01:19:07 - [MESSAGE][PASSED] - Text '' is set on object 'Object Repository/IWP30/Page_EmulatorAgencyX/ZIP'

25-10-2024T01:19:07 - [MESSAGE][PASSED] - Text '' is set on object 'Object Repository/IWP30/Page_EmulatorAgencyX/Order'

25-10-2024T01:19:08 - [MESSAGE][PASSED] - Text '' is set on object 'Object Repository/IWP30/Page_EmulatorAgencyX/Company'

25-10-2024T01:19:08 - [MESSAGE][PASSED] - Text '' is set on object 'Object Repository/IWP30/Page_EmulatorAgencyX/Email'

25-10-2024T01:19:09 - [MESSAGE][PASSED] - Text '' is set on object 'Object Repository/IWP30/Page_EmulatorAgencyX/UDF1'

25-10-2024T01:19:09 - [MESSAGE][PASSED] - Text '' is set on object 'Object Repository/IWP30/Page_EmulatorAgencyX/UDF2'

25-10-2024T01:19:10 - [MESSAGE][PASSED] - Text '' is set on object 'Object Repository/IWP30/Page_EmulatorAgencyX/UDF3'

25-10-2024T01:19:10 - [MESSAGE][PASSED] - Text 'udf data 4' is set on object 'Object Repository/IWP30/Page_EmulatorAgencyX/UDF4'

25-10-2024T01:19:11 - [MESSAGE][PASSED] - Text 'udf data 5' is set on object 'Object Repository/IWP30/Page_EmulatorAgencyX/UDF5'

25-10-2024T01:19:12 - [MESSAGE][PASSED] - Text '' is set on object 'Object Repository/IWP30/Page_EmulatorAgencyX/UDF6'

25-10-2024T01:19:12 - [MESSAGE][PASSED] - Text '' is set on object 'Object Repository/IWP30/Page_EmulatorAgencyX/UDF7'

25-10-2024T01:19:13 - [MESSAGE][PASSED] - Text '' is set on object 'Object Repository/IWP30/Page_EmulatorAgencyX/UDF8'

25-10-2024T01:19:13 - [MESSAGE][PASSED] - Text 'udf data 9' is set on object 'Object Repository/IWP30/Page_EmulatorAgencyX/UDF9'

25-10-2024T01:19:14 - [MESSAGE][PASSED] - Text 'udf data 10' is set on object 'Object Repository/IWP30/Page_EmulatorAgencyX/UDF10'

25-10-2024T01:19:15 - [MESSAGE][PASSED] - Object: 'Object Repository/IWP30/Page_EmulatorAgencyX/Submit' is clicked on

25-10-2024T01:19:20 - [MESSAGE][PASSED] - Browser is closed

25-10-2024T01:19:24 - [MESSAGE][PASSED] - iwpPages.emulatorIWP30.setDataEmulator_DD is PASSED

25-10-2024T01:19:24 - [TEST_STEP][PASSED] - testHarnessURL = urlTestHarness: null

25-10-2024T01:19:24 - [TEST_STEP][PASSED] - openBrowser(testHarnessURL): Browser is opened with url: 'https://dev-algorithm.govolution.com/vrelaytest/QA2/version_2_2/vrelaytest.html'

25-10-2024T01:19:24 - [MESSAGE][INFO] - Starting 'Edge Chromium' driver

25-10-2024T01:19:24 - [MESSAGE][INFO] - User set preference: ['acceptInsecureCerts', 'true']

25-10-2024T01:19:26 - [MESSAGE][INFO] - Action delay is set to 0 milliseconds

25-10-2024T01:19:29 - [MESSAGE][PASSED] - Browser is opened with url: 'https://dev-algorithm.govolution.com/vrelaytest/QA2/version_2_2/vrelaytest.html'

25-10-2024T01:19:29 - [TEST_STEP][PASSED] - maximizeWindow(): Current window maximized

25-10-2024T01:19:29 - [MESSAGE][PASSED] - Current window maximized

25-10-2024T01:19:29 - [TEST_STEP][PASSED] - iwpPages.TestHarnessPage.setDataMethod(row, dataFile): iwpPages.TestHarnessPage.setDataMethod is PASSED

25-10-2024T01:19:30 - [MESSAGE][PASSED] - Object 'Object Repository/IWP30/Page_QATestHarness/RemittanceID' is present

25-10-2024T01:19:30 - [MESSAGE][PASSED] - Text '638' is set on object 'Object Repository/IWP30/Page_QATestHarness/ApplicationID'

25-10-2024T01:19:31 - [MESSAGE][PASSED] - Text '2.5' is set on object 'Object Repository/IWP30/Page_QATestHarness/MessageVersion'

25-10-2024T01:19:32 - [MESSAGE][PASSED] - Text 'VrC2ndVWC3qe' is set on object 'Object Repository/IWP30/Page_QATestHarness/RemittanceID'

25-10-2024T01:19:36 - [MESSAGE][PASSED] - Object: 'Object Repository/IWP30/Page_QATestHarness/SubmitButton' is clicked on

25-10-2024T01:19:36 - [MESSAGE][PASSED] - iwpPages.TestHarnessPage.setDataMethod is PASSED

25-10-2024T01:19:36 - [TEST_STEP][PASSED] - click(findTestObject("Object Repository/IWP30/Page_SelectPaymentMethod/PayByCreditCard")): Object: 'Object Repository/IWP30/Page_SelectPaymentMethod/PayByCreditCard' is clicked on

25-10-2024T01:19:36 - [MESSAGE][PASSED] - Object: 'Object Repository/IWP30/Page_SelectPaymentMethod/PayByCreditCard' is clicked on

25-10-2024T01:19:36 - [TEST_STEP][PASSED] - click(findTestObject("Object Repository/IWP30/Page_SelectPaymentMethod/MakePaymentButton")): Object: 'Object Repository/IWP30/Page_SelectPaymentMethod/MakePaymentButton' is clicked on

25-10-2024T01:19:40 - [MESSAGE][PASSED] - Object: 'Object Repository/IWP30/Page_SelectPaymentMethod/MakePaymentButton' is clicked on

25-10-2024T01:19:40 - [TEST_STEP][PASSED] - iwpPages.ccPaymentEntryPage.setDataCCPM(row, dataFile): iwpPages.ccPaymentEntryPage.setDataCCPM is PASSED

25-10-2024T01:19:41 - [MESSAGE][PASSED] - Object 'Object Repository/IWP30/Page_CCPaymentEntry/Name' is present

25-10-2024T01:19:41 - [MESSAGE][PASSED] - Text '10.50' is set on object 'Object Repository/IWP30/Page_CCPaymentEntry/Amount'

25-10-2024T01:19:42 - [MESSAGE][PASSED] - Text 'udf data 2' is set on object 'Object Repository/IWP30/Page_CCPaymentEntry/UserDefined2'

25-10-2024T01:19:43 - [MESSAGE][PASSED] - Text 'udf data 3' is set on object 'Object Repository/IWP30/Page_CCPaymentEntry/UserDefined3'

25-10-2024T01:19:43 - [MESSAGE][PASSED] - All options with label 'Orange' are selected in object 'Object Repository/IWP30/Page_CCPaymentEntry/UserDefined7' 

25-10-2024T01:19:44 - [MESSAGE][PASSED] - All options with label 'Soccer' are selected in object 'Object Repository/IWP30/Page_CCPaymentEntry/UserDefined8' 

25-10-2024T01:19:44 - [MESSAGE][PASSED] - Object 'Object Repository/IWP30/Page_CCPaymentEntry/Name' is present

25-10-2024T01:19:45 - [MESSAGE][PASSED] - Text 'Kavita Ranawati' is set on object 'Object Repository/IWP30/Page_CCPaymentEntry/Name'

25-10-2024T01:19:45 - [MESSAGE][PASSED] - Object 'Object Repository/IWP30/Page_CCPaymentEntry/CardNumber' is present

25-10-2024T01:19:45 - [MESSAGE][PASSED] - Text '4111111111111111' is set on object 'Object Repository/IWP30/Page_CCPaymentEntry/CardNumber'

25-10-2024T01:19:46 - [MESSAGE][PASSED] - Text '123' is set on object 'Object Repository/IWP30/Page_CCPaymentEntry/SPC'

25-10-2024T01:19:47 - [MESSAGE][PASSED] - Object 'Object Repository/IWP30/Page_CCPaymentEntry/Month' is present

25-10-2024T01:19:47 - [MESSAGE][PASSED] - All options with label '09' are selected in object 'Object Repository/IWP30/Page_CCPaymentEntry/Month' 

25-10-2024T01:19:47 - [MESSAGE][PASSED] - Object 'Object Repository/IWP30/Page_CCPaymentEntry/Year' is present

25-10-2024T01:19:48 - [MESSAGE][PASSED] - All options with label '2028' are selected in object 'Object Repository/IWP30/Page_CCPaymentEntry/Year' 

25-10-2024T01:19:48 - [MESSAGE][PASSED] - Text '365 Main Avenue' is set on object 'Object Repository/IWP30/Page_CCPaymentEntry/AL1'

25-10-2024T01:19:49 - [MESSAGE][PASSED] - Text '22201' is set on object 'Object Repository/IWP30/Page_CCPaymentEntry/ZIP'

25-10-2024T01:19:50 - [MESSAGE][PASSED] - Object 'Object Repository/IWP30/Page_CCPaymentEntry/EmailAddress' is present

25-10-2024T01:19:51 - [MESSAGE][PASSED] - Text 'iahmed@govolution.com' is set on object 'Object Repository/IWP30/Page_CCPaymentEntry/EmailAddress'

25-10-2024T01:19:51 - [MESSAGE][PASSED] - Object 'Object Repository/IWP30/Page_CCPaymentEntry/TermCondCheckBox' is present

25-10-2024T01:19:51 - [MESSAGE][PASSED] - Object 'Object Repository/IWP30/Page_CCPaymentEntry/TermCondCheckBox' is checked

25-10-2024T01:19:52 - [MESSAGE][PASSED] - Object 'Object Repository/IWP30/Page_CCPaymentEntry/ContinueButton' is present

25-10-2024T01:19:53 - [MESSAGE][PASSED] - Object: 'Object Repository/IWP30/Page_CCPaymentEntry/ContinueButton' is clicked on

25-10-2024T01:19:53 - [MESSAGE][PASSED] - iwpPages.ccPaymentEntryPage.setDataCCPM is PASSED

25-10-2024T01:19:53 - [TEST_STEP][PASSED] - click(findTestObject("Object Repository/IWP30/Page_Confirmation/ConfirmButton")): Object: 'Object Repository/IWP30/Page_Confirmation/ConfirmButton' is clicked on

25-10-2024T01:19:56 - [MESSAGE][PASSED] - Object: 'Object Repository/IWP30/Page_Confirmation/ConfirmButton' is clicked on

25-10-2024T01:19:56 - [TEST_STEP][PASSED] - Thread.sleep(5000): null

25-10-2024T01:20:01 - [TEST_STEP][PASSED] - if (verifyTextPresent("Make a Real Estate Payment", false)): null

25-10-2024T01:20:03 - [MESSAGE][PASSED] - Text 'Make a Real Estate Payment' is present on page 

25-10-2024T01:20:03 - [TEST_STEP][PASSED] - isRequiredTextPresent = true: null

25-10-2024T01:20:03 - [TEST_STEP][PASSED] - println(isRequiredTextPresent): null

25-10-2024T01:20:03 - [TEST_STEP][PASSED] - if (isRequiredTextPresent): null

25-10-2024T01:20:03 - [TEST_STEP][PASSED] - if (verifyTextPresent("Successful Payment Receipt", false)): null

25-10-2024T01:20:03 - [MESSAGE][PASSED] - Text 'Successful Payment Receipt' is present on page 

25-10-2024T01:20:03 - [TEST_STEP][PASSED] - isRequiredTextPresent = true: null

25-10-2024T01:20:03 - [TEST_STEP][PASSED] - println(isRequiredTextPresent): null

25-10-2024T01:20:03 - [TEST_STEP][PASSED] - if (isRequiredTextPresent): null

25-10-2024T01:20:03 - [TEST_STEP][PASSED] - if (verifyTextPresent("Please print this receipt for your records", false)): null

25-10-2024T01:20:03 - [MESSAGE][PASSED] - Text 'Please print this receipt for your records' is present on page 

25-10-2024T01:20:03 - [TEST_STEP][PASSED] - isRequiredTextPresent = true: null

25-10-2024T01:20:03 - [TEST_STEP][PASSED] - if (isRequiredTextPresent): null

25-10-2024T01:20:03 - [TEST_STEP][PASSED] - if (verifyTextPresent("Remittance ID:", false)): null

25-10-2024T01:20:04 - [MESSAGE][PASSED] - Text 'Remittance ID:' is present on page 

25-10-2024T01:20:04 - [TEST_STEP][PASSED] - isRequiredTextPresent = true: null

25-10-2024T01:20:04 - [TEST_STEP][PASSED] - if (isRequiredTextPresent): null

25-10-2024T01:20:04 - [TEST_STEP][PASSED] - if (verifyTextPresent("Payment ID:", false)): null

25-10-2024T01:20:04 - [MESSAGE][PASSED] - Text 'Payment ID:' is present on page 

25-10-2024T01:20:04 - [TEST_STEP][PASSED] - isRequiredTextPresent = true: null

25-10-2024T01:20:04 - [TEST_STEP][PASSED] - if (isRequiredTextPresent): null

25-10-2024T01:20:04 - [TEST_STEP][PASSED] - if (verifyTextPresent("CAN Label:", false)): null

25-10-2024T01:20:04 - [MESSAGE][PASSED] - Text 'CAN Label:' is present on page 

25-10-2024T01:20:04 - [TEST_STEP][PASSED] - isRequiredTextPresent = true: null

25-10-2024T01:20:04 - [TEST_STEP][PASSED] - if (isRequiredTextPresent): null

25-10-2024T01:20:04 - [TEST_STEP][PASSED] - if (verifyTextPresent("Received:", false)): null

25-10-2024T01:20:04 - [MESSAGE][PASSED] - Text 'Received:' is present on page 

25-10-2024T01:20:04 - [TEST_STEP][PASSED] - isRequiredTextPresent = true: null

25-10-2024T01:20:04 - [TEST_STEP][PASSED] - if (isRequiredTextPresent): null

25-10-2024T01:20:04 - [TEST_STEP][PASSED] - if (verifyTextPresent("UDF1 Label:", false)): null

25-10-2024T01:20:05 - [MESSAGE][PASSED] - Text 'UDF1 Label:' is present on page 

25-10-2024T01:20:05 - [TEST_STEP][PASSED] - isRequiredTextPresent = true: null

25-10-2024T01:20:05 - [TEST_STEP][PASSED] - if (isRequiredTextPresent): null

25-10-2024T01:20:05 - [TEST_STEP][PASSED] - if (verifyTextPresent("UDF2 Label:", false)): null

25-10-2024T01:20:05 - [MESSAGE][PASSED] - Text 'UDF2 Label:' is present on page 

25-10-2024T01:20:05 - [TEST_STEP][PASSED] - isRequiredTextPresent = true: null

25-10-2024T01:20:05 - [TEST_STEP][PASSED] - if (isRequiredTextPresent): null

25-10-2024T01:20:05 - [TEST_STEP][PASSED] - if (verifyTextPresent("UDF3 Label:", false)): null

25-10-2024T01:20:05 - [MESSAGE][PASSED] - Text 'UDF3 Label:' is present on page 

25-10-2024T01:20:05 - [TEST_STEP][PASSED] - isRequiredTextPresent = true: null

25-10-2024T01:20:05 - [TEST_STEP][PASSED] - if (isRequiredTextPresent): null

25-10-2024T01:20:05 - [TEST_STEP][PASSED] - if (verifyTextPresent("UDF4 Label:", false)): null

25-10-2024T01:20:05 - [MESSAGE][PASSED] - Text 'UDF4 Label:' is present on page 

25-10-2024T01:20:05 - [TEST_STEP][PASSED] - isRequiredTextPresent = true: null

25-10-2024T01:20:05 - [TEST_STEP][PASSED] - if (isRequiredTextPresent): null

25-10-2024T01:20:05 - [TEST_STEP][PASSED] - if (verifyTextPresent("UDF6 Label:", false)): null

25-10-2024T01:20:06 - [MESSAGE][PASSED] - Text 'UDF6 Label:' is present on page 

25-10-2024T01:20:06 - [TEST_STEP][PASSED] - isRequiredTextPresent = true: null

25-10-2024T01:20:06 - [TEST_STEP][PASSED] - if (isRequiredTextPresent): null

25-10-2024T01:20:06 - [TEST_STEP][PASSED] - if (verifyTextPresent("UDF7 Label:", false)): null

25-10-2024T01:20:06 - [MESSAGE][PASSED] - Text 'UDF7 Label:' is present on page 

25-10-2024T01:20:06 - [TEST_STEP][PASSED] - isRequiredTextPresent = true: null

25-10-2024T01:20:06 - [TEST_STEP][PASSED] - if (isRequiredTextPresent): null

25-10-2024T01:20:06 - [TEST_STEP][PASSED] - if (verifyTextPresent("UDF8 Label:", false)): null

25-10-2024T01:20:06 - [MESSAGE][PASSED] - Text 'UDF8 Label:' is present on page 

25-10-2024T01:20:06 - [TEST_STEP][PASSED] - isRequiredTextPresent = true: null

25-10-2024T01:20:06 - [TEST_STEP][PASSED] - if (isRequiredTextPresent): null

25-10-2024T01:20:06 - [TEST_STEP][PASSED] - if (verifyTextPresent("UDF9 Label:", false)): null

25-10-2024T01:20:06 - [MESSAGE][PASSED] - Text 'UDF9 Label:' is present on page 

25-10-2024T01:20:06 - [TEST_STEP][PASSED] - isRequiredTextPresent = true: null

25-10-2024T01:20:06 - [TEST_STEP][PASSED] - if (isRequiredTextPresent): null

25-10-2024T01:20:06 - [TEST_STEP][PASSED] - if (verifyTextPresent("Tax Amount:", false)): null

25-10-2024T01:20:07 - [MESSAGE][PASSED] - Text 'Tax Amount:' is present on page 

25-10-2024T01:20:07 - [TEST_STEP][PASSED] - isRequiredTextPresent = true: null

25-10-2024T01:20:07 - [TEST_STEP][PASSED] - if (isRequiredTextPresent): null

25-10-2024T01:20:07 - [TEST_STEP][PASSED] - if (verifyTextPresent("Amount:", false)): null

25-10-2024T01:20:07 - [MESSAGE][PASSED] - Text 'Amount:' is present on page 

25-10-2024T01:20:07 - [TEST_STEP][PASSED] - isRequiredTextPresent = true: null

25-10-2024T01:20:07 - [TEST_STEP][PASSED] - if (isRequiredTextPresent): null

25-10-2024T01:20:07 - [TEST_STEP][PASSED] - if (verifyTextPresent("Transaction Type:", false)): null

25-10-2024T01:20:07 - [MESSAGE][PASSED] - Text 'Transaction Type:' is present on page 

25-10-2024T01:20:07 - [TEST_STEP][PASSED] - isRequiredTextPresent = true: null

25-10-2024T01:20:07 - [TEST_STEP][PASSED] - if (isRequiredTextPresent): null

25-10-2024T01:20:07 - [TEST_STEP][PASSED] - if (verifyTextPresent("Card Information:", false)): null

25-10-2024T01:20:07 - [MESSAGE][PASSED] - Text 'Card Information:' is present on page 

25-10-2024T01:20:07 - [TEST_STEP][PASSED] - isRequiredTextPresent = true: null

25-10-2024T01:20:07 - [TEST_STEP][PASSED] - if (isRequiredTextPresent): null

25-10-2024T01:20:07 - [TEST_STEP][PASSED] - if (verifyTextPresent("Billing Information:", false)): null

25-10-2024T01:20:08 - [MESSAGE][PASSED] - Text 'Billing Information:' is present on page 

25-10-2024T01:20:08 - [TEST_STEP][PASSED] - isRequiredTextPresent = true: null

25-10-2024T01:20:08 - [TEST_STEP][PASSED] - if (isRequiredTextPresent): null

25-10-2024T01:20:08 - [TEST_STEP][PASSED] - if (verifyTextPresent("Address Line 1:", false)): null

25-10-2024T01:20:08 - [MESSAGE][PASSED] - Text 'Address Line 1:' is present on page 

25-10-2024T01:20:08 - [TEST_STEP][PASSED] - isRequiredTextPresent = true: null

25-10-2024T01:20:08 - [TEST_STEP][PASSED] - if (isRequiredTextPresent): null

25-10-2024T01:20:08 - [TEST_STEP][PASSED] - if (verifyTextPresent("Address Line 2:", false)): null

25-10-2024T01:20:08 - [MESSAGE][PASSED] - Text 'Address Line 2:' is present on page 

25-10-2024T01:20:08 - [TEST_STEP][PASSED] - isRequiredTextPresent = true: null

25-10-2024T01:20:08 - [TEST_STEP][PASSED] - if (isRequiredTextPresent): null

25-10-2024T01:20:08 - [TEST_STEP][PASSED] - if (verifyTextPresent("Country:", false)): null

25-10-2024T01:20:09 - [MESSAGE][PASSED] - Text 'Country:' is present on page 

25-10-2024T01:20:09 - [TEST_STEP][PASSED] - isRequiredTextPresent = true: null

25-10-2024T01:20:09 - [TEST_STEP][PASSED] - if (isRequiredTextPresent): null

25-10-2024T01:20:09 - [TEST_STEP][PASSED] - if (verifyTextPresent("City:", false)): null

25-10-2024T01:20:09 - [MESSAGE][PASSED] - Text 'City:' is present on page 

25-10-2024T01:20:09 - [TEST_STEP][PASSED] - isRequiredTextPresent = true: null

25-10-2024T01:20:09 - [TEST_STEP][PASSED] - if (isRequiredTextPresent): null

25-10-2024T01:20:09 - [TEST_STEP][PASSED] - if (verifyTextPresent("State:", false)): null

25-10-2024T01:20:09 - [MESSAGE][PASSED] - Text 'State:' is present on page 

25-10-2024T01:20:09 - [TEST_STEP][PASSED] - isRequiredTextPresent = true: null

25-10-2024T01:20:09 - [TEST_STEP][PASSED] - if (isRequiredTextPresent): null

25-10-2024T01:20:09 - [TEST_STEP][PASSED] - if (verifyTextPresent("ZIP Code:", false)): null

25-10-2024T01:20:09 - [MESSAGE][PASSED] - Text 'ZIP Code:' is present on page 

25-10-2024T01:20:09 - [TEST_STEP][PASSED] - isRequiredTextPresent = true: null

25-10-2024T01:20:09 - [TEST_STEP][PASSED] - if (isRequiredTextPresent): null

25-10-2024T01:20:09 - [TEST_STEP][PASSED] - if (verifyTextPresent("Please click here to make another payment.", false)): null

25-10-2024T01:20:10 - [MESSAGE][PASSED] - Text 'Please click here to make another payment.' is present on page 

25-10-2024T01:20:10 - [TEST_STEP][PASSED] - isRequiredTextPresent = true: null

25-10-2024T01:20:10 - [TEST_STEP][PASSED] - if (isRequiredTextPresent == true): pages.WriteExcel.demoKey is PASSED

25-10-2024T01:20:10 - [TEST_STEP][PASSED] - println("All the relevant texts are present on Receipt Page"): null

25-10-2024T01:20:10 - [TEST_STEP][PASSED] - markPassed("All the relevant texts are present on Receipt Page"): All the relevant texts are present on Receipt Page

25-10-2024T01:20:10 - [MESSAGE][PASSED] - All the relevant texts are present on Receipt Page

25-10-2024T01:20:10 - [TEST_STEP][PASSED] - resText = "Pass": null

25-10-2024T01:20:10 - [TEST_STEP][PASSED] - pages.WriteExcel.demoKey(resText, datText, resColumn, datCloumn, fileLoc, nameSheet, row): pages.WriteExcel.demoKey is PASSED

25-10-2024T01:20:10 - [MESSAGE][PASSED] - pages.WriteExcel.demoKey is PASSED

25-10-2024T01:20:10 - [TEST_STEP][PASSED] - closeBrowser(): Browser is closed

25-10-2024T01:20:10 - [MESSAGE][PASSED] - Browser is closed

25-10-2024T01:20:10 - [TEST_STEP][PASSED] - ExecuteTC = findTestData(dataFile).getValue("Execute", row): null

25-10-2024T01:20:10 - [TEST_STEP][PASSED] - out.println("Value of Execute is : " + ExecuteTC): null

25-10-2024T01:20:10 - [TEST_STEP][PASSED] - if (ExecuteTC.equalsIgnoreCase("Y")): pages.WriteExcel.demoKey is PASSED

25-10-2024T01:20:10 - [TEST_STEP][PASSED] - out.println("Begin Record Number: " + row): null

25-10-2024T01:20:10 - [TEST_STEP][PASSED] - today = new java.util.Date(): null

25-10-2024T01:20:10 - [TEST_STEP][PASSED] - println(today): null

25-10-2024T01:20:10 - [TEST_STEP][PASSED] - datText = today: null

25-10-2024T01:20:10 - [TEST_STEP][PASSED] - EmulatorDataKey = findTestData(dataFile).getValue("EmulatorData", row): null

25-10-2024T01:20:10 - [TEST_STEP][PASSED] - out.println("Value of Emulator Key is : " + EmulatorDataKey): null

25-10-2024T01:20:10 - [TEST_STEP][PASSED] - iwpPages.emulatorIWP30.setDataEmulator_DD(EmulatorDataKey): iwpPages.emulatorIWP30.setDataEmulator_DD is PASSED

25-10-2024T01:20:10 - [MESSAGE][INFO] - Starting 'Edge Chromium' driver

25-10-2024T01:20:10 - [MESSAGE][INFO] - User set preference: ['acceptInsecureCerts', 'true']

25-10-2024T01:20:12 - [MESSAGE][INFO] - Action delay is set to 0 milliseconds

25-10-2024T01:20:16 - [MESSAGE][PASSED] - Browser is opened with url: 'https://qa2.velocitypayment.com/agencyx/config.action?action=editor&message_version=3_0'

25-10-2024T01:20:16 - [MESSAGE][PASSED] - Current window maximized

25-10-2024T01:20:47 - [MESSAGE][INFO] - Unable to find the element located by 'By.xpath: //select[@name='message_version']'. Please recheck the objects properties to make sure the desired element is located. 

25-10-2024T01:20:47 - [MESSAGE][WARNING] - [SELF-HEALING] Failed to find element with id 'Object Repository/IWP30/Page_VRelay30Emulator/MV'. Try using Self-healing.

25-10-2024T01:20:47 - [MESSAGE][WARNING] - [SELF-HEALING] The current locator of test object 'Object Repository/IWP30/Page_VRelay30Emulator/MV' was broken. Propose an alternative one: '(.//*[normalize-space(text()) and normalize-space(.)='Message Version'])[1]/following::select[1]'.

25-10-2024T01:20:48 - [MESSAGE][PASSED] - All options with value '3.0' are selected in object 'Object Repository/IWP30/Page_VRelay30Emulator/MV'  using regular expression

25-10-2024T01:20:49 - [MESSAGE][PASSED] - Text '10.50' is set on object 'Object Repository/IWP30/Page_EmulatorAgencyX/Amount'

25-10-2024T01:20:49 - [MESSAGE][PASSED] - Text 'Zt35zQGbmzQO' is set on object 'Object Repository/IWP30/Page_EmulatorAgencyX/CAN'

25-10-2024T01:20:50 - [MESSAGE][PASSED] - Text 'PayNow' is set on object 'Object Repository/IWP30/Page_EmulatorAgencyX/Action'

25-10-2024T01:20:50 - [MESSAGE][PASSED] - Text 'en_US' is set on object 'Object Repository/IWP30/Page_EmulatorAgencyX/Lang'

25-10-2024T01:20:51 - [MESSAGE][PASSED] - Text '' is set on object 'Object Repository/IWP30/Page_EmulatorAgencyX/Fname'

25-10-2024T01:20:51 - [MESSAGE][PASSED] - Text '' is set on object 'Object Repository/IWP30/Page_EmulatorAgencyX/Lname'

25-10-2024T01:20:52 - [MESSAGE][PASSED] - Text '' is set on object 'Object Repository/IWP30/Page_EmulatorAgencyX/AL1'

25-10-2024T01:20:53 - [MESSAGE][PASSED] - Text '' is set on object 'Object Repository/IWP30/Page_EmulatorAgencyX/AL2'

25-10-2024T01:20:53 - [MESSAGE][PASSED] - Text '' is set on object 'Object Repository/IWP30/Page_EmulatorAgencyX/Country'

25-10-2024T01:20:54 - [MESSAGE][PASSED] - Text '' is set on object 'Object Repository/IWP30/Page_EmulatorAgencyX/City'

25-10-2024T01:20:54 - [MESSAGE][PASSED] - Text '' is set on object 'Object Repository/IWP30/Page_EmulatorAgencyX/State'

25-10-2024T01:20:55 - [MESSAGE][PASSED] - Text '' is set on object 'Object Repository/IWP30/Page_EmulatorAgencyX/ZIP'

25-10-2024T01:20:55 - [MESSAGE][PASSED] - Text '' is set on object 'Object Repository/IWP30/Page_EmulatorAgencyX/Order'

25-10-2024T01:20:56 - [MESSAGE][PASSED] - Text '' is set on object 'Object Repository/IWP30/Page_EmulatorAgencyX/Company'

25-10-2024T01:20:57 - [MESSAGE][PASSED] - Text '' is set on object 'Object Repository/IWP30/Page_EmulatorAgencyX/Email'

25-10-2024T01:20:57 - [MESSAGE][PASSED] - Text '' is set on object 'Object Repository/IWP30/Page_EmulatorAgencyX/UDF1'

25-10-2024T01:20:58 - [MESSAGE][PASSED] - Text '' is set on object 'Object Repository/IWP30/Page_EmulatorAgencyX/UDF2'

25-10-2024T01:20:58 - [MESSAGE][PASSED] - Text '' is set on object 'Object Repository/IWP30/Page_EmulatorAgencyX/UDF3'

25-10-2024T01:20:59 - [MESSAGE][PASSED] - Text 'udf data 4' is set on object 'Object Repository/IWP30/Page_EmulatorAgencyX/UDF4'

25-10-2024T01:20:59 - [MESSAGE][PASSED] - Text 'udf data 5' is set on object 'Object Repository/IWP30/Page_EmulatorAgencyX/UDF5'

25-10-2024T01:21:00 - [MESSAGE][PASSED] - Text '' is set on object 'Object Repository/IWP30/Page_EmulatorAgencyX/UDF6'

25-10-2024T01:21:01 - [MESSAGE][PASSED] - Text '' is set on object 'Object Repository/IWP30/Page_EmulatorAgencyX/UDF7'

25-10-2024T01:21:01 - [MESSAGE][PASSED] - Text '' is set on object 'Object Repository/IWP30/Page_EmulatorAgencyX/UDF8'

25-10-2024T01:21:02 - [MESSAGE][PASSED] - Text 'udf data 9' is set on object 'Object Repository/IWP30/Page_EmulatorAgencyX/UDF9'

25-10-2024T01:21:02 - [MESSAGE][PASSED] - Text 'udf data 10' is set on object 'Object Repository/IWP30/Page_EmulatorAgencyX/UDF10'

25-10-2024T01:21:04 - [MESSAGE][PASSED] - Object: 'Object Repository/IWP30/Page_EmulatorAgencyX/Submit' is clicked on

25-10-2024T01:21:08 - [MESSAGE][PASSED] - Browser is closed

25-10-2024T01:21:12 - [MESSAGE][PASSED] - iwpPages.emulatorIWP30.setDataEmulator_DD is PASSED

25-10-2024T01:21:12 - [TEST_STEP][PASSED] - testHarnessURL = urlTestHarness: null

25-10-2024T01:21:12 - [TEST_STEP][PASSED] - openBrowser(testHarnessURL): Browser is opened with url: 'https://dev-algorithm.govolution.com/vrelaytest/QA2/version_2_2/vrelaytest.html'

25-10-2024T01:21:12 - [MESSAGE][INFO] - Starting 'Edge Chromium' driver

25-10-2024T01:21:12 - [MESSAGE][INFO] - User set preference: ['acceptInsecureCerts', 'true']

25-10-2024T01:21:14 - [MESSAGE][INFO] - Action delay is set to 0 milliseconds

25-10-2024T01:21:17 - [MESSAGE][PASSED] - Browser is opened with url: 'https://dev-algorithm.govolution.com/vrelaytest/QA2/version_2_2/vrelaytest.html'

25-10-2024T01:21:17 - [TEST_STEP][PASSED] - maximizeWindow(): Current window maximized

25-10-2024T01:21:18 - [MESSAGE][PASSED] - Current window maximized

25-10-2024T01:21:18 - [TEST_STEP][PASSED] - iwpPages.TestHarnessPage.setDataMethod(row, dataFile): iwpPages.TestHarnessPage.setDataMethod is PASSED

25-10-2024T01:21:18 - [MESSAGE][PASSED] - Object 'Object Repository/IWP30/Page_QATestHarness/RemittanceID' is present

25-10-2024T01:21:18 - [MESSAGE][PASSED] - Text '649' is set on object 'Object Repository/IWP30/Page_QATestHarness/ApplicationID'

25-10-2024T01:21:19 - [MESSAGE][PASSED] - Text '3.0' is set on object 'Object Repository/IWP30/Page_QATestHarness/MessageVersion'

25-10-2024T01:21:20 - [MESSAGE][PASSED] - Text 'bS9PYj16YOmJ' is set on object 'Object Repository/IWP30/Page_QATestHarness/RemittanceID'

25-10-2024T01:21:23 - [MESSAGE][PASSED] - Object: 'Object Repository/IWP30/Page_QATestHarness/SubmitButton' is clicked on

25-10-2024T01:21:23 - [MESSAGE][PASSED] - iwpPages.TestHarnessPage.setDataMethod is PASSED

25-10-2024T01:21:23 - [TEST_STEP][PASSED] - click(findTestObject("Object Repository/IWP30/Page_SelectPaymentMethod/PayByCreditCard")): Object: 'Object Repository/IWP30/Page_SelectPaymentMethod/PayByCreditCard' is clicked on

25-10-2024T01:21:24 - [MESSAGE][PASSED] - Object: 'Object Repository/IWP30/Page_SelectPaymentMethod/PayByCreditCard' is clicked on

25-10-2024T01:21:24 - [TEST_STEP][PASSED] - click(findTestObject("Object Repository/IWP30/Page_SelectPaymentMethod/MakePaymentButton")): Object: 'Object Repository/IWP30/Page_SelectPaymentMethod/MakePaymentButton' is clicked on

25-10-2024T01:21:26 - [MESSAGE][PASSED] - Object: 'Object Repository/IWP30/Page_SelectPaymentMethod/MakePaymentButton' is clicked on

25-10-2024T01:21:26 - [TEST_STEP][PASSED] - iwpPages.ccPaymentEntryPage.setDataCCPM(row, dataFile): iwpPages.ccPaymentEntryPage.setDataCCPM is PASSED

25-10-2024T01:21:27 - [MESSAGE][PASSED] - Object 'Object Repository/IWP30/Page_CCPaymentEntry/Name' is present

25-10-2024T01:21:28 - [MESSAGE][PASSED] - Text '10.50' is set on object 'Object Repository/IWP30/Page_CCPaymentEntry/Amount'

25-10-2024T01:21:28 - [MESSAGE][PASSED] - Text 'udf data 2' is set on object 'Object Repository/IWP30/Page_CCPaymentEntry/UserDefined2'

25-10-2024T01:21:29 - [MESSAGE][PASSED] - Text 'udf data 3' is set on object 'Object Repository/IWP30/Page_CCPaymentEntry/UserDefined3'

25-10-2024T01:21:30 - [MESSAGE][PASSED] - All options with label 'Orange' are selected in object 'Object Repository/IWP30/Page_CCPaymentEntry/UserDefined7' 

25-10-2024T01:21:30 - [MESSAGE][PASSED] - All options with label 'Soccer' are selected in object 'Object Repository/IWP30/Page_CCPaymentEntry/UserDefined8' 

25-10-2024T01:21:30 - [MESSAGE][PASSED] - Object 'Object Repository/IWP30/Page_CCPaymentEntry/Name' is present

25-10-2024T01:21:31 - [MESSAGE][PASSED] - Text 'Kavita Ranawati' is set on object 'Object Repository/IWP30/Page_CCPaymentEntry/Name'

25-10-2024T01:21:31 - [MESSAGE][PASSED] - Object 'Object Repository/IWP30/Page_CCPaymentEntry/CardNumber' is present

25-10-2024T01:21:32 - [MESSAGE][PASSED] - Text '4111111111111111' is set on object 'Object Repository/IWP30/Page_CCPaymentEntry/CardNumber'

25-10-2024T01:21:32 - [MESSAGE][PASSED] - Text '123' is set on object 'Object Repository/IWP30/Page_CCPaymentEntry/SPC'

25-10-2024T01:21:33 - [MESSAGE][PASSED] - Object 'Object Repository/IWP30/Page_CCPaymentEntry/Month' is present

25-10-2024T01:21:34 - [MESSAGE][PASSED] - All options with label '09' are selected in object 'Object Repository/IWP30/Page_CCPaymentEntry/Month' 

25-10-2024T01:21:34 - [MESSAGE][PASSED] - Object 'Object Repository/IWP30/Page_CCPaymentEntry/Year' is present

25-10-2024T01:21:35 - [MESSAGE][PASSED] - All options with label '2028' are selected in object 'Object Repository/IWP30/Page_CCPaymentEntry/Year' 

25-10-2024T01:21:35 - [MESSAGE][PASSED] - Text '365 Main Avenue' is set on object 'Object Repository/IWP30/Page_CCPaymentEntry/AL1'

25-10-2024T01:21:36 - [MESSAGE][PASSED] - Text '22201' is set on object 'Object Repository/IWP30/Page_CCPaymentEntry/ZIP'

25-10-2024T01:21:36 - [MESSAGE][PASSED] - Object 'Object Repository/IWP30/Page_CCPaymentEntry/EmailAddress' is present

25-10-2024T01:21:37 - [MESSAGE][PASSED] - Text 'iahmed@govolution.com' is set on object 'Object Repository/IWP30/Page_CCPaymentEntry/EmailAddress'

25-10-2024T01:21:38 - [MESSAGE][PASSED] - Object 'Object Repository/IWP30/Page_CCPaymentEntry/TermCondCheckBox' is present

25-10-2024T01:21:38 - [MESSAGE][PASSED] - Object 'Object Repository/IWP30/Page_CCPaymentEntry/TermCondCheckBox' is checked

25-10-2024T01:21:38 - [MESSAGE][PASSED] - Object 'Object Repository/IWP30/Page_CCPaymentEntry/ContinueButton' is present

25-10-2024T01:21:39 - [MESSAGE][PASSED] - Object: 'Object Repository/IWP30/Page_CCPaymentEntry/ContinueButton' is clicked on

25-10-2024T01:21:39 - [MESSAGE][PASSED] - iwpPages.ccPaymentEntryPage.setDataCCPM is PASSED

25-10-2024T01:21:39 - [TEST_STEP][PASSED] - click(findTestObject("Object Repository/IWP30/Page_Confirmation/ConfirmButton")): Object: 'Object Repository/IWP30/Page_Confirmation/ConfirmButton' is clicked on

25-10-2024T01:21:41 - [MESSAGE][PASSED] - Object: 'Object Repository/IWP30/Page_Confirmation/ConfirmButton' is clicked on

25-10-2024T01:21:41 - [TEST_STEP][PASSED] - Thread.sleep(5000): null

25-10-2024T01:21:46 - [TEST_STEP][PASSED] - if (verifyTextPresent("Make a Real Estate Payment", false)): null

25-10-2024T01:21:47 - [MESSAGE][PASSED] - Text 'Make a Real Estate Payment' is present on page 

25-10-2024T01:21:47 - [TEST_STEP][PASSED] - isRequiredTextPresent = true: null

25-10-2024T01:21:47 - [TEST_STEP][PASSED] - println(isRequiredTextPresent): null

25-10-2024T01:21:47 - [TEST_STEP][PASSED] - if (isRequiredTextPresent): null

25-10-2024T01:21:47 - [TEST_STEP][PASSED] - if (verifyTextPresent("Successful Payment Receipt", false)): null

25-10-2024T01:21:48 - [MESSAGE][PASSED] - Text 'Successful Payment Receipt' is present on page 

25-10-2024T01:21:48 - [TEST_STEP][PASSED] - isRequiredTextPresent = true: null

25-10-2024T01:21:48 - [TEST_STEP][PASSED] - println(isRequiredTextPresent): null

25-10-2024T01:21:48 - [TEST_STEP][PASSED] - if (isRequiredTextPresent): null

25-10-2024T01:21:48 - [TEST_STEP][PASSED] - if (verifyTextPresent("Please print this receipt for your records", false)): null

25-10-2024T01:21:48 - [MESSAGE][PASSED] - Text 'Please print this receipt for your records' is present on page 

25-10-2024T01:21:48 - [TEST_STEP][PASSED] - isRequiredTextPresent = true: null

25-10-2024T01:21:48 - [TEST_STEP][PASSED] - if (isRequiredTextPresent): null

25-10-2024T01:21:48 - [TEST_STEP][PASSED] - if (verifyTextPresent("Remittance ID:", false)): null

25-10-2024T01:21:48 - [MESSAGE][PASSED] - Text 'Remittance ID:' is present on page 

25-10-2024T01:21:48 - [TEST_STEP][PASSED] - isRequiredTextPresent = true: null

25-10-2024T01:21:48 - [TEST_STEP][PASSED] - if (isRequiredTextPresent): null

25-10-2024T01:21:48 - [TEST_STEP][PASSED] - if (verifyTextPresent("Payment ID:", false)): null

25-10-2024T01:21:49 - [MESSAGE][PASSED] - Text 'Payment ID:' is present on page 

25-10-2024T01:21:49 - [TEST_STEP][PASSED] - isRequiredTextPresent = true: null

25-10-2024T01:21:49 - [TEST_STEP][PASSED] - if (isRequiredTextPresent): null

25-10-2024T01:21:49 - [TEST_STEP][PASSED] - if (verifyTextPresent("CAN Label:", false)): null

25-10-2024T01:21:49 - [MESSAGE][PASSED] - Text 'CAN Label:' is present on page 

25-10-2024T01:21:49 - [TEST_STEP][PASSED] - isRequiredTextPresent = true: null

25-10-2024T01:21:49 - [TEST_STEP][PASSED] - if (isRequiredTextPresent): null

25-10-2024T01:21:49 - [TEST_STEP][PASSED] - if (verifyTextPresent("Received:", false)): null

25-10-2024T01:21:49 - [MESSAGE][PASSED] - Text 'Received:' is present on page 

25-10-2024T01:21:49 - [TEST_STEP][PASSED] - isRequiredTextPresent = true: null

25-10-2024T01:21:49 - [TEST_STEP][PASSED] - if (isRequiredTextPresent): null

25-10-2024T01:21:49 - [TEST_STEP][PASSED] - if (verifyTextPresent("UDF1 Label:", false)): null

25-10-2024T01:21:49 - [MESSAGE][PASSED] - Text 'UDF1 Label:' is present on page 

25-10-2024T01:21:49 - [TEST_STEP][PASSED] - isRequiredTextPresent = true: null

25-10-2024T01:21:49 - [TEST_STEP][PASSED] - if (isRequiredTextPresent): null

25-10-2024T01:21:49 - [TEST_STEP][PASSED] - if (verifyTextPresent("UDF2 Label:", false)): null

25-10-2024T01:21:50 - [MESSAGE][PASSED] - Text 'UDF2 Label:' is present on page 

25-10-2024T01:21:50 - [TEST_STEP][PASSED] - isRequiredTextPresent = true: null

25-10-2024T01:21:50 - [TEST_STEP][PASSED] - if (isRequiredTextPresent): null

25-10-2024T01:21:50 - [TEST_STEP][PASSED] - if (verifyTextPresent("UDF3 Label:", false)): null

25-10-2024T01:21:50 - [MESSAGE][PASSED] - Text 'UDF3 Label:' is present on page 

25-10-2024T01:21:50 - [TEST_STEP][PASSED] - isRequiredTextPresent = true: null

25-10-2024T01:21:50 - [TEST_STEP][PASSED] - if (isRequiredTextPresent): null

25-10-2024T01:21:50 - [TEST_STEP][PASSED] - if (verifyTextPresent("UDF4 Label:", false)): null

25-10-2024T01:21:50 - [MESSAGE][PASSED] - Text 'UDF4 Label:' is present on page 

25-10-2024T01:21:50 - [TEST_STEP][PASSED] - isRequiredTextPresent = true: null

25-10-2024T01:21:50 - [TEST_STEP][PASSED] - if (isRequiredTextPresent): null

25-10-2024T01:21:50 - [TEST_STEP][PASSED] - if (verifyTextPresent("UDF6 Label:", false)): null

25-10-2024T01:21:50 - [MESSAGE][PASSED] - Text 'UDF6 Label:' is present on page 

25-10-2024T01:21:50 - [TEST_STEP][PASSED] - isRequiredTextPresent = true: null

25-10-2024T01:21:50 - [TEST_STEP][PASSED] - if (isRequiredTextPresent): null

25-10-2024T01:21:50 - [TEST_STEP][PASSED] - if (verifyTextPresent("UDF7 Label:", false)): null

25-10-2024T01:21:51 - [MESSAGE][PASSED] - Text 'UDF7 Label:' is present on page 

25-10-2024T01:21:51 - [TEST_STEP][PASSED] - isRequiredTextPresent = true: null

25-10-2024T01:21:51 - [TEST_STEP][PASSED] - if (isRequiredTextPresent): null

25-10-2024T01:21:51 - [TEST_STEP][PASSED] - if (verifyTextPresent("UDF8 Label:", false)): null

25-10-2024T01:21:51 - [MESSAGE][PASSED] - Text 'UDF8 Label:' is present on page 

25-10-2024T01:21:51 - [TEST_STEP][PASSED] - isRequiredTextPresent = true: null

25-10-2024T01:21:51 - [TEST_STEP][PASSED] - if (isRequiredTextPresent): null

25-10-2024T01:21:51 - [TEST_STEP][PASSED] - if (verifyTextPresent("UDF9 Label:", false)): null

25-10-2024T01:21:51 - [MESSAGE][PASSED] - Text 'UDF9 Label:' is present on page 

25-10-2024T01:21:51 - [TEST_STEP][PASSED] - isRequiredTextPresent = true: null

25-10-2024T01:21:51 - [TEST_STEP][PASSED] - if (isRequiredTextPresent): null

25-10-2024T01:21:51 - [TEST_STEP][PASSED] - if (verifyTextPresent("Tax Amount:", false)): null

25-10-2024T01:21:51 - [MESSAGE][PASSED] - Text 'Tax Amount:' is present on page 

25-10-2024T01:21:51 - [TEST_STEP][PASSED] - isRequiredTextPresent = true: null

25-10-2024T01:21:51 - [TEST_STEP][PASSED] - if (isRequiredTextPresent): null

25-10-2024T01:21:51 - [TEST_STEP][PASSED] - if (verifyTextPresent("Amount:", false)): null

25-10-2024T01:21:52 - [MESSAGE][PASSED] - Text 'Amount:' is present on page 

25-10-2024T01:21:52 - [TEST_STEP][PASSED] - isRequiredTextPresent = true: null

25-10-2024T01:21:52 - [TEST_STEP][PASSED] - if (isRequiredTextPresent): null

25-10-2024T01:21:52 - [TEST_STEP][PASSED] - if (verifyTextPresent("Transaction Type:", false)): null

25-10-2024T01:21:52 - [MESSAGE][PASSED] - Text 'Transaction Type:' is present on page 

25-10-2024T01:21:52 - [TEST_STEP][PASSED] - isRequiredTextPresent = true: null

25-10-2024T01:21:52 - [TEST_STEP][PASSED] - if (isRequiredTextPresent): null

25-10-2024T01:21:52 - [TEST_STEP][PASSED] - if (verifyTextPresent("Card Information:", false)): null

25-10-2024T01:21:52 - [MESSAGE][PASSED] - Text 'Card Information:' is present on page 

25-10-2024T01:21:52 - [TEST_STEP][PASSED] - isRequiredTextPresent = true: null

25-10-2024T01:21:52 - [TEST_STEP][PASSED] - if (isRequiredTextPresent): null

25-10-2024T01:21:52 - [TEST_STEP][PASSED] - if (verifyTextPresent("Billing Information:", false)): null

25-10-2024T01:21:53 - [MESSAGE][PASSED] - Text 'Billing Information:' is present on page 

25-10-2024T01:21:53 - [TEST_STEP][PASSED] - isRequiredTextPresent = true: null

25-10-2024T01:21:53 - [TEST_STEP][PASSED] - if (isRequiredTextPresent): null

25-10-2024T01:21:53 - [TEST_STEP][PASSED] - if (verifyTextPresent("Address Line 1:", false)): null

25-10-2024T01:21:53 - [MESSAGE][PASSED] - Text 'Address Line 1:' is present on page 

25-10-2024T01:21:53 - [TEST_STEP][PASSED] - isRequiredTextPresent = true: null

25-10-2024T01:21:53 - [TEST_STEP][PASSED] - if (isRequiredTextPresent): null

25-10-2024T01:21:53 - [TEST_STEP][PASSED] - if (verifyTextPresent("Address Line 2:", false)): null

25-10-2024T01:21:53 - [MESSAGE][PASSED] - Text 'Address Line 2:' is present on page 

25-10-2024T01:21:53 - [TEST_STEP][PASSED] - isRequiredTextPresent = true: null

25-10-2024T01:21:53 - [TEST_STEP][PASSED] - if (isRequiredTextPresent): null

25-10-2024T01:21:53 - [TEST_STEP][PASSED] - if (verifyTextPresent("Country:", false)): null

25-10-2024T01:21:53 - [MESSAGE][PASSED] - Text 'Country:' is present on page 

25-10-2024T01:21:53 - [TEST_STEP][PASSED] - isRequiredTextPresent = true: null

25-10-2024T01:21:53 - [TEST_STEP][PASSED] - if (isRequiredTextPresent): null

25-10-2024T01:21:53 - [TEST_STEP][PASSED] - if (verifyTextPresent("City:", false)): null

25-10-2024T01:21:54 - [MESSAGE][PASSED] - Text 'City:' is present on page 

25-10-2024T01:21:54 - [TEST_STEP][PASSED] - isRequiredTextPresent = true: null

25-10-2024T01:21:54 - [TEST_STEP][PASSED] - if (isRequiredTextPresent): null

25-10-2024T01:21:54 - [TEST_STEP][PASSED] - if (verifyTextPresent("State:", false)): null

25-10-2024T01:21:54 - [MESSAGE][PASSED] - Text 'State:' is present on page 

25-10-2024T01:21:54 - [TEST_STEP][PASSED] - isRequiredTextPresent = true: null

25-10-2024T01:21:54 - [TEST_STEP][PASSED] - if (isRequiredTextPresent): null

25-10-2024T01:21:54 - [TEST_STEP][PASSED] - if (verifyTextPresent("ZIP Code:", false)): null

25-10-2024T01:21:54 - [MESSAGE][PASSED] - Text 'ZIP Code:' is present on page 

25-10-2024T01:21:54 - [TEST_STEP][PASSED] - isRequiredTextPresent = true: null

25-10-2024T01:21:54 - [TEST_STEP][PASSED] - if (isRequiredTextPresent): null

25-10-2024T01:21:54 - [TEST_STEP][PASSED] - if (verifyTextPresent("Please click here to make another payment.", false)): null

25-10-2024T01:21:54 - [MESSAGE][PASSED] - Text 'Please click here to make another payment.' is present on page 

25-10-2024T01:21:54 - [TEST_STEP][PASSED] - isRequiredTextPresent = true: null

25-10-2024T01:21:54 - [TEST_STEP][PASSED] - if (isRequiredTextPresent == true): pages.WriteExcel.demoKey is PASSED

25-10-2024T01:21:54 - [TEST_STEP][PASSED] - println("All the relevant texts are present on Receipt Page"): null

25-10-2024T01:21:54 - [TEST_STEP][PASSED] - markPassed("All the relevant texts are present on Receipt Page"): All the relevant texts are present on Receipt Page

25-10-2024T01:21:54 - [MESSAGE][PASSED] - All the relevant texts are present on Receipt Page

25-10-2024T01:21:54 - [TEST_STEP][PASSED] - resText = "Pass": null

25-10-2024T01:21:54 - [TEST_STEP][PASSED] - pages.WriteExcel.demoKey(resText, datText, resColumn, datCloumn, fileLoc, nameSheet, row): pages.WriteExcel.demoKey is PASSED

25-10-2024T01:21:54 - [MESSAGE][PASSED] - pages.WriteExcel.demoKey is PASSED

25-10-2024T01:21:54 - [TEST_STEP][PASSED] - closeBrowser(): Browser is closed

25-10-2024T01:21:55 - [MESSAGE][PASSED] - Browser is closed]]></system-out>
         <system-err><![CDATA[]]></system-err>
      </testcase>
      <testcase name="Test Cases/IntegratedWeb/IWP25/Payments/VerifyReceiptPageLabelsCorp" time="243.991" classname="Test Cases/IntegratedWeb/IWP25/Payments/VerifyReceiptPageLabelsCorp" status="PASSED">
         <system-out><![CDATA[25-10-2024T01:21:55 - [TEST_CASE][PASSED] - Test Cases/IntegratedWeb/IWP25/Payments/VerifyReceiptPageLabelsCorp: Test Cases/IntegratedWeb/IWP25/Payments/VerifyReceiptPageLabelsCorp

25-10-2024T01:21:56 - [TEST_STEP][PASSED] - resText = "Fail": null

25-10-2024T01:21:56 - [TEST_STEP][PASSED] - resColumn = "Result": null

25-10-2024T01:21:56 - [TEST_STEP][PASSED] - datCloumn = "Date": null

25-10-2024T01:21:56 - [TEST_STEP][PASSED] - fileLoc = "KatalonData/IWPTestData/VRelay25Payments.xlsx": null

25-10-2024T01:21:56 - [TEST_STEP][PASSED] - numOfRows = <not implemented yet for class: org.codehaus.groovy.ast.expr.EmptyExpression>: null

25-10-2024T01:21:56 - [TEST_STEP][PASSED] - dataFile = <not implemented yet for class: org.codehaus.groovy.ast.expr.EmptyExpression>: null

25-10-2024T01:21:56 - [TEST_STEP][PASSED] - nameSheet = <not implemented yet for class: org.codehaus.groovy.ast.expr.EmptyExpression>: null

25-10-2024T01:21:56 - [TEST_STEP][PASSED] - dataFileEmulator = <not implemented yet for class: org.codehaus.groovy.ast.expr.EmptyExpression>: null

25-10-2024T01:21:56 - [TEST_STEP][PASSED] - isRequiredTextPresent = false: null

25-10-2024T01:21:56 - [TEST_STEP][PASSED] - nameSheet = "VerifyReceiptPageLabelsCorp": null

25-10-2024T01:21:56 - [TEST_STEP][PASSED] - dataFile = "IWPTestData/IWP25VerifyReceiptPageLabelsCorp": null

25-10-2024T01:21:56 - [TEST_STEP][PASSED] - dataFileEmulator = "IWPTestData/EmulatorData": null

25-10-2024T01:21:56 - [TEST_STEP][PASSED] - numOfRows = findTestData(dataFile).getRowNumbers(): null

25-10-2024T01:21:56 - [TEST_STEP][PASSED] - println("Number of Records: " + numOfRows): null

25-10-2024T01:21:56 - [TEST_STEP][PASSED] - for ([row = 1, row <= numOfRows, (row++)]): Browser is closed

25-10-2024T01:21:56 - [TEST_STEP][PASSED] - ExecuteTC = findTestData(dataFile).getValue("Execute", row): null

25-10-2024T01:21:56 - [TEST_STEP][PASSED] - out.println("Value of Execute is : " + ExecuteTC): null

25-10-2024T01:21:56 - [TEST_STEP][PASSED] - if (ExecuteTC.equalsIgnoreCase("Y")): pages.WriteExcel.demoKey is PASSED

25-10-2024T01:21:56 - [TEST_STEP][PASSED] - out.println("Begin Record Number: " + row): null

25-10-2024T01:21:56 - [TEST_STEP][PASSED] - today = new java.util.Date(): null

25-10-2024T01:21:56 - [TEST_STEP][PASSED] - println(today): null

25-10-2024T01:21:56 - [TEST_STEP][PASSED] - datText = today: null

25-10-2024T01:21:56 - [TEST_STEP][PASSED] - EmulatorDataKey = findTestData(dataFile).getValue("EmulatorData", row): null

25-10-2024T01:21:56 - [TEST_STEP][PASSED] - out.println("Value of Emulator Key is : " + EmulatorDataKey): null

25-10-2024T01:21:56 - [TEST_STEP][PASSED] - iwpPages.emulatorIWP30.setDataEmulator_DD(EmulatorDataKey): iwpPages.emulatorIWP30.setDataEmulator_DD is PASSED

25-10-2024T01:21:56 - [MESSAGE][INFO] - Starting 'Edge Chromium' driver

25-10-2024T01:21:56 - [MESSAGE][INFO] - User set preference: ['acceptInsecureCerts', 'true']

25-10-2024T01:21:58 - [MESSAGE][INFO] - Action delay is set to 0 milliseconds

25-10-2024T01:22:02 - [MESSAGE][PASSED] - Browser is opened with url: 'https://qa2.velocitypayment.com/agencyx/config.action?action=editor&message_version=2_5'

25-10-2024T01:22:02 - [MESSAGE][PASSED] - Current window maximized

25-10-2024T01:22:33 - [MESSAGE][INFO] - Unable to find the element located by 'By.xpath: //select[@name='message_version']'. Please recheck the objects properties to make sure the desired element is located. 

25-10-2024T01:22:33 - [MESSAGE][WARNING] - [SELF-HEALING] Failed to find element with id 'Object Repository/IWP30/Page_VRelay30Emulator/MV'. Try using Self-healing.

25-10-2024T01:22:33 - [MESSAGE][WARNING] - [SELF-HEALING] The current locator of test object 'Object Repository/IWP30/Page_VRelay30Emulator/MV' was broken. Propose an alternative one: '(.//*[normalize-space(text()) and normalize-space(.)='Message Version'])[1]/following::select[1]'.

25-10-2024T01:22:34 - [MESSAGE][PASSED] - All options with value '2.5' are selected in object 'Object Repository/IWP30/Page_VRelay30Emulator/MV'  using regular expression

25-10-2024T01:22:34 - [MESSAGE][PASSED] - Text '10.50' is set on object 'Object Repository/IWP30/Page_EmulatorAgencyX/Amount'

25-10-2024T01:22:35 - [MESSAGE][PASSED] - Text 'eos9VCtLqliv' is set on object 'Object Repository/IWP30/Page_EmulatorAgencyX/CAN'

25-10-2024T01:22:36 - [MESSAGE][PASSED] - Text 'PayNow' is set on object 'Object Repository/IWP30/Page_EmulatorAgencyX/Action'

25-10-2024T01:22:36 - [MESSAGE][PASSED] - Text 'en_US' is set on object 'Object Repository/IWP30/Page_EmulatorAgencyX/Lang'

25-10-2024T01:22:37 - [MESSAGE][PASSED] - Text '' is set on object 'Object Repository/IWP30/Page_EmulatorAgencyX/Fname'

25-10-2024T01:22:37 - [MESSAGE][PASSED] - Text '' is set on object 'Object Repository/IWP30/Page_EmulatorAgencyX/Lname'

25-10-2024T01:22:38 - [MESSAGE][PASSED] - Text '' is set on object 'Object Repository/IWP30/Page_EmulatorAgencyX/AL1'

25-10-2024T01:22:39 - [MESSAGE][PASSED] - Text '' is set on object 'Object Repository/IWP30/Page_EmulatorAgencyX/AL2'

25-10-2024T01:22:39 - [MESSAGE][PASSED] - Text '' is set on object 'Object Repository/IWP30/Page_EmulatorAgencyX/Country'

25-10-2024T01:22:40 - [MESSAGE][PASSED] - Text '' is set on object 'Object Repository/IWP30/Page_EmulatorAgencyX/City'

25-10-2024T01:22:40 - [MESSAGE][PASSED] - Text '' is set on object 'Object Repository/IWP30/Page_EmulatorAgencyX/State'

25-10-2024T01:22:41 - [MESSAGE][PASSED] - Text '' is set on object 'Object Repository/IWP30/Page_EmulatorAgencyX/ZIP'

25-10-2024T01:22:41 - [MESSAGE][PASSED] - Text '' is set on object 'Object Repository/IWP30/Page_EmulatorAgencyX/Order'

25-10-2024T01:22:42 - [MESSAGE][PASSED] - Text '' is set on object 'Object Repository/IWP30/Page_EmulatorAgencyX/Company'

25-10-2024T01:22:43 - [MESSAGE][PASSED] - Text '' is set on object 'Object Repository/IWP30/Page_EmulatorAgencyX/Email'

25-10-2024T01:22:43 - [MESSAGE][PASSED] - Text '' is set on object 'Object Repository/IWP30/Page_EmulatorAgencyX/UDF1'

25-10-2024T01:22:44 - [MESSAGE][PASSED] - Text '' is set on object 'Object Repository/IWP30/Page_EmulatorAgencyX/UDF2'

25-10-2024T01:22:44 - [MESSAGE][PASSED] - Text '' is set on object 'Object Repository/IWP30/Page_EmulatorAgencyX/UDF3'

25-10-2024T01:22:45 - [MESSAGE][PASSED] - Text 'udf data 4' is set on object 'Object Repository/IWP30/Page_EmulatorAgencyX/UDF4'

25-10-2024T01:22:45 - [MESSAGE][PASSED] - Text 'udf data 5' is set on object 'Object Repository/IWP30/Page_EmulatorAgencyX/UDF5'

25-10-2024T01:22:46 - [MESSAGE][PASSED] - Text '' is set on object 'Object Repository/IWP30/Page_EmulatorAgencyX/UDF6'

25-10-2024T01:22:47 - [MESSAGE][PASSED] - Text '' is set on object 'Object Repository/IWP30/Page_EmulatorAgencyX/UDF7'

25-10-2024T01:22:47 - [MESSAGE][PASSED] - Text '' is set on object 'Object Repository/IWP30/Page_EmulatorAgencyX/UDF8'

25-10-2024T01:22:48 - [MESSAGE][PASSED] - Text 'udf data 9' is set on object 'Object Repository/IWP30/Page_EmulatorAgencyX/UDF9'

25-10-2024T01:22:48 - [MESSAGE][PASSED] - Text 'udf data 10' is set on object 'Object Repository/IWP30/Page_EmulatorAgencyX/UDF10'

25-10-2024T01:22:50 - [MESSAGE][PASSED] - Object: 'Object Repository/IWP30/Page_EmulatorAgencyX/Submit' is clicked on

25-10-2024T01:22:54 - [MESSAGE][PASSED] - Browser is closed

25-10-2024T01:22:58 - [MESSAGE][PASSED] - iwpPages.emulatorIWP30.setDataEmulator_DD is PASSED

25-10-2024T01:22:58 - [TEST_STEP][PASSED] - testHarnessURL = urlTestHarness: null

25-10-2024T01:22:58 - [TEST_STEP][PASSED] - openBrowser(testHarnessURL): Browser is opened with url: 'https://dev-algorithm.govolution.com/vrelaytest/QA2/version_2_2/vrelaytest.html'

25-10-2024T01:22:58 - [MESSAGE][INFO] - Starting 'Edge Chromium' driver

25-10-2024T01:22:58 - [MESSAGE][INFO] - User set preference: ['acceptInsecureCerts', 'true']

25-10-2024T01:23:00 - [MESSAGE][INFO] - Action delay is set to 0 milliseconds

25-10-2024T01:23:04 - [MESSAGE][PASSED] - Browser is opened with url: 'https://dev-algorithm.govolution.com/vrelaytest/QA2/version_2_2/vrelaytest.html'

25-10-2024T01:23:04 - [TEST_STEP][PASSED] - maximizeWindow(): Current window maximized

25-10-2024T01:23:04 - [MESSAGE][PASSED] - Current window maximized

25-10-2024T01:23:04 - [TEST_STEP][PASSED] - iwpPages.TestHarnessPage.setDataMethod(row, dataFile): iwpPages.TestHarnessPage.setDataMethod is PASSED

25-10-2024T01:23:04 - [MESSAGE][PASSED] - Object 'Object Repository/IWP30/Page_QATestHarness/RemittanceID' is present

25-10-2024T01:23:05 - [MESSAGE][PASSED] - Text '638' is set on object 'Object Repository/IWP30/Page_QATestHarness/ApplicationID'

25-10-2024T01:23:06 - [MESSAGE][PASSED] - Text '2.5' is set on object 'Object Repository/IWP30/Page_QATestHarness/MessageVersion'

25-10-2024T01:23:06 - [MESSAGE][PASSED] - Text 'BhwgM1JceDXU' is set on object 'Object Repository/IWP30/Page_QATestHarness/RemittanceID'

25-10-2024T01:23:10 - [MESSAGE][PASSED] - Object: 'Object Repository/IWP30/Page_QATestHarness/SubmitButton' is clicked on

25-10-2024T01:23:10 - [MESSAGE][PASSED] - iwpPages.TestHarnessPage.setDataMethod is PASSED

25-10-2024T01:23:10 - [TEST_STEP][PASSED] - click(findTestObject("Object Repository/IWP30/Page_SelectPaymentMethod/PayByCorporateCheck")): Object: 'Object Repository/IWP30/Page_SelectPaymentMethod/PayByCorporateCheck' is clicked on

25-10-2024T01:23:10 - [MESSAGE][PASSED] - Object: 'Object Repository/IWP30/Page_SelectPaymentMethod/PayByCorporateCheck' is clicked on

25-10-2024T01:23:10 - [TEST_STEP][PASSED] - click(findTestObject("Object Repository/IWP30/Page_SelectPaymentMethod/MakePaymentButton")): Object: 'Object Repository/IWP30/Page_SelectPaymentMethod/MakePaymentButton' is clicked on

25-10-2024T01:23:13 - [MESSAGE][PASSED] - Object: 'Object Repository/IWP30/Page_SelectPaymentMethod/MakePaymentButton' is clicked on

25-10-2024T01:23:13 - [TEST_STEP][PASSED] - iwpPages.achCorporatePaymentEntryPage.setDataCorporate(row, dataFile): iwpPages.achCorporatePaymentEntryPage.setDataCorporate is PASSED

25-10-2024T01:23:14 - [MESSAGE][PASSED] - Object 'Object Repository/IWP30/Page_ACHCorporatePaymentEntry/txt_accountNumber' is present

25-10-2024T01:23:14 - [MESSAGE][PASSED] - Object 'Object Repository/IWP30/Page_ACHCorporatePaymentEntry/input_CompanyName' is present

25-10-2024T01:23:15 - [MESSAGE][PASSED] - Text 'My Company' is set on object 'Object Repository/IWP30/Page_ACHCorporatePaymentEntry/input_CompanyName'

25-10-2024T01:23:15 - [MESSAGE][PASSED] - Object 'Object Repository/IWP30/Page_ACHCorporatePaymentEntry/input_EIN' is present

25-10-2024T01:23:16 - [MESSAGE][PASSED] - Text '10.50' is set on object 'Object Repository/IWP30/Page_ACHCorporatePaymentEntry/txt_Amount'

25-10-2024T01:23:17 - [MESSAGE][PASSED] - Text 'udf data 3' is set on object 'Object Repository/IWP30/Page_ACHCorporatePaymentEntry/txt_UDF3'

25-10-2024T01:23:17 - [MESSAGE][PASSED] - All options with label 'Soccer' are selected in object 'Object Repository/IWP30/Page_ACHCorporatePaymentEntry/dd_UDF8' 

25-10-2024T01:23:17 - [MESSAGE][PASSED] - Object 'Object Repository/IWP30/Page_ACHCorporatePaymentEntry/txt_routingNumber' is present

25-10-2024T01:23:18 - [MESSAGE][PASSED] - Text '256072691' is set on object 'Object Repository/IWP30/Page_ACHCorporatePaymentEntry/txt_routingNumber'

25-10-2024T01:23:18 - [MESSAGE][PASSED] - Object 'Object Repository/IWP30/Page_ACHCorporatePaymentEntry/txt_accountNumber' is present

25-10-2024T01:23:20 - [MESSAGE][PASSED] - Text '12344444' is set on object 'Object Repository/IWP30/Page_ACHCorporatePaymentEntry/txt_accountNumber'

25-10-2024T01:23:20 - [MESSAGE][PASSED] - Object 'Object Repository/IWP30/Page_ACHCorporatePaymentEntry/txt_confirmAccountNumber' is present

25-10-2024T01:23:20 - [MESSAGE][PASSED] - Text '12344444' is set on object 'Object Repository/IWP30/Page_ACHCorporatePaymentEntry/txt_confirmAccountNumber'

25-10-2024T01:23:21 - [MESSAGE][PASSED] - Text '365 Main Avenue' is set on object 'Object Repository/IWP30/Page_ACHCorporatePaymentEntry/txt_AL1'

25-10-2024T01:23:22 - [MESSAGE][PASSED] - Text '22201' is set on object 'Object Repository/IWP30/Page_ACHCorporatePaymentEntry/txt_ZIP'

25-10-2024T01:23:22 - [MESSAGE][PASSED] - Object 'Object Repository/IWP30/Page_ACHCorporatePaymentEntry/txt_Email' is present

25-10-2024T01:23:24 - [MESSAGE][PASSED] - Text 'iahmed@govolution.com' is set on object 'Object Repository/IWP30/Page_ACHCorporatePaymentEntry/txt_Email'

25-10-2024T01:23:24 - [MESSAGE][PASSED] - Object 'Object Repository/IWP30/Page_ACHCorporatePaymentEntry/cb_TermsAndCond' is present

25-10-2024T01:23:24 - [MESSAGE][PASSED] - Object: 'Object Repository/IWP30/Page_ACHCorporatePaymentEntry/cb_TermsAndCond' is clicked on

25-10-2024T01:23:24 - [MESSAGE][PASSED] - Object 'Object Repository/IWP30/Page_ACHCorporatePaymentEntry/btn_Continue' is present

25-10-2024T01:23:26 - [MESSAGE][PASSED] - Object: 'Object Repository/IWP30/Page_ACHCorporatePaymentEntry/btn_Continue' is clicked on

25-10-2024T01:23:26 - [MESSAGE][PASSED] - iwpPages.achCorporatePaymentEntryPage.setDataCorporate is PASSED

25-10-2024T01:23:26 - [TEST_STEP][PASSED] - click(findTestObject("Object Repository/IWP30/Page_Confirmation/ConfirmButton")): Object: 'Object Repository/IWP30/Page_Confirmation/ConfirmButton' is clicked on

25-10-2024T01:23:28 - [MESSAGE][PASSED] - Object: 'Object Repository/IWP30/Page_Confirmation/ConfirmButton' is clicked on

25-10-2024T01:23:28 - [TEST_STEP][PASSED] - Thread.sleep(5000): null

25-10-2024T01:23:33 - [TEST_STEP][PASSED] - if (verifyTextPresent("Make a Real Estate Payment", false)): null

25-10-2024T01:23:34 - [MESSAGE][PASSED] - Text 'Make a Real Estate Payment' is present on page 

25-10-2024T01:23:34 - [TEST_STEP][PASSED] - isRequiredTextPresent = true: null

25-10-2024T01:23:34 - [TEST_STEP][PASSED] - println(isRequiredTextPresent): null

25-10-2024T01:23:34 - [TEST_STEP][PASSED] - if (isRequiredTextPresent): null

25-10-2024T01:23:34 - [TEST_STEP][PASSED] - if (verifyTextPresent("Successful Payment Receipt", false)): null

25-10-2024T01:23:35 - [MESSAGE][PASSED] - Text 'Successful Payment Receipt' is present on page 

25-10-2024T01:23:35 - [TEST_STEP][PASSED] - isRequiredTextPresent = true: null

25-10-2024T01:23:35 - [TEST_STEP][PASSED] - println(isRequiredTextPresent): null

25-10-2024T01:23:35 - [TEST_STEP][PASSED] - if (isRequiredTextPresent): null

25-10-2024T01:23:35 - [TEST_STEP][PASSED] - if (verifyTextPresent("Please print this receipt for your records", false)): null

25-10-2024T01:23:35 - [MESSAGE][PASSED] - Text 'Please print this receipt for your records' is present on page 

25-10-2024T01:23:35 - [TEST_STEP][PASSED] - isRequiredTextPresent = true: null

25-10-2024T01:23:35 - [TEST_STEP][PASSED] - if (isRequiredTextPresent): null

25-10-2024T01:23:35 - [TEST_STEP][PASSED] - if (verifyTextPresent("Remittance ID:", false)): null

25-10-2024T01:23:35 - [MESSAGE][PASSED] - Text 'Remittance ID:' is present on page 

25-10-2024T01:23:35 - [TEST_STEP][PASSED] - isRequiredTextPresent = true: null

25-10-2024T01:23:35 - [TEST_STEP][PASSED] - if (isRequiredTextPresent): null

25-10-2024T01:23:35 - [TEST_STEP][PASSED] - if (verifyTextPresent("Payment ID:", false)): null

25-10-2024T01:23:35 - [MESSAGE][PASSED] - Text 'Payment ID:' is present on page 

25-10-2024T01:23:35 - [TEST_STEP][PASSED] - isRequiredTextPresent = true: null

25-10-2024T01:23:35 - [TEST_STEP][PASSED] - if (isRequiredTextPresent): null

25-10-2024T01:23:35 - [TEST_STEP][PASSED] - if (verifyTextPresent("CAN Label:", false)): null

25-10-2024T01:23:36 - [MESSAGE][PASSED] - Text 'CAN Label:' is present on page 

25-10-2024T01:23:36 - [TEST_STEP][PASSED] - isRequiredTextPresent = true: null

25-10-2024T01:23:36 - [TEST_STEP][PASSED] - if (isRequiredTextPresent): null

25-10-2024T01:23:36 - [TEST_STEP][PASSED] - if (verifyTextPresent("Received:", false)): null

25-10-2024T01:23:36 - [MESSAGE][PASSED] - Text 'Received:' is present on page 

25-10-2024T01:23:36 - [TEST_STEP][PASSED] - isRequiredTextPresent = true: null

25-10-2024T01:23:36 - [TEST_STEP][PASSED] - if (isRequiredTextPresent): null

25-10-2024T01:23:36 - [TEST_STEP][PASSED] - if (verifyTextPresent("UDF1 Label:", false)): null

25-10-2024T01:23:36 - [MESSAGE][PASSED] - Text 'UDF1 Label:' is present on page 

25-10-2024T01:23:36 - [TEST_STEP][PASSED] - isRequiredTextPresent = true: null

25-10-2024T01:23:36 - [TEST_STEP][PASSED] - if (isRequiredTextPresent): null

25-10-2024T01:23:36 - [TEST_STEP][PASSED] - if (verifyTextPresent("UDF2 Label:", false)): null

25-10-2024T01:23:37 - [MESSAGE][PASSED] - Text 'UDF2 Label:' is present on page 

25-10-2024T01:23:37 - [TEST_STEP][PASSED] - isRequiredTextPresent = true: null

25-10-2024T01:23:37 - [TEST_STEP][PASSED] - if (isRequiredTextPresent): null

25-10-2024T01:23:37 - [TEST_STEP][PASSED] - if (verifyTextPresent("UDF3 Label:", false)): null

25-10-2024T01:23:37 - [MESSAGE][PASSED] - Text 'UDF3 Label:' is present on page 

25-10-2024T01:23:37 - [TEST_STEP][PASSED] - isRequiredTextPresent = true: null

25-10-2024T01:23:37 - [TEST_STEP][PASSED] - if (isRequiredTextPresent): null

25-10-2024T01:23:37 - [TEST_STEP][PASSED] - if (verifyTextPresent("UDF4 Label:", false)): null

25-10-2024T01:23:37 - [MESSAGE][PASSED] - Text 'UDF4 Label:' is present on page 

25-10-2024T01:23:37 - [TEST_STEP][PASSED] - isRequiredTextPresent = true: null

25-10-2024T01:23:37 - [TEST_STEP][PASSED] - if (isRequiredTextPresent): null

25-10-2024T01:23:37 - [TEST_STEP][PASSED] - if (verifyTextPresent("UDF6 Label:", false)): null

25-10-2024T01:23:37 - [MESSAGE][PASSED] - Text 'UDF6 Label:' is present on page 

25-10-2024T01:23:37 - [TEST_STEP][PASSED] - isRequiredTextPresent = true: null

25-10-2024T01:23:37 - [TEST_STEP][PASSED] - if (isRequiredTextPresent): null

25-10-2024T01:23:37 - [TEST_STEP][PASSED] - if (verifyTextPresent("UDF7 Label:", false)): null

25-10-2024T01:23:38 - [MESSAGE][PASSED] - Text 'UDF7 Label:' is present on page 

25-10-2024T01:23:38 - [TEST_STEP][PASSED] - isRequiredTextPresent = true: null

25-10-2024T01:23:38 - [TEST_STEP][PASSED] - if (isRequiredTextPresent): null

25-10-2024T01:23:38 - [TEST_STEP][PASSED] - if (verifyTextPresent("UDF8 Label:", false)): null

25-10-2024T01:23:38 - [MESSAGE][PASSED] - Text 'UDF8 Label:' is present on page 

25-10-2024T01:23:38 - [TEST_STEP][PASSED] - isRequiredTextPresent = true: null

25-10-2024T01:23:38 - [TEST_STEP][PASSED] - if (isRequiredTextPresent): null

25-10-2024T01:23:38 - [TEST_STEP][PASSED] - if (verifyTextPresent("UDF9 Label:", false)): null

25-10-2024T01:23:38 - [MESSAGE][PASSED] - Text 'UDF9 Label:' is present on page 

25-10-2024T01:23:38 - [TEST_STEP][PASSED] - isRequiredTextPresent = true: null

25-10-2024T01:23:38 - [TEST_STEP][PASSED] - if (isRequiredTextPresent): null

25-10-2024T01:23:38 - [TEST_STEP][PASSED] - if (verifyTextPresent("Tax Amount:", false)): null

25-10-2024T01:23:38 - [MESSAGE][PASSED] - Text 'Tax Amount:' is present on page 

25-10-2024T01:23:38 - [TEST_STEP][PASSED] - isRequiredTextPresent = true: null

25-10-2024T01:23:38 - [TEST_STEP][PASSED] - if (isRequiredTextPresent): null

25-10-2024T01:23:38 - [TEST_STEP][PASSED] - if (verifyTextPresent("Amount:", false)): null

25-10-2024T01:23:39 - [MESSAGE][PASSED] - Text 'Amount:' is present on page 

25-10-2024T01:23:39 - [TEST_STEP][PASSED] - isRequiredTextPresent = true: null

25-10-2024T01:23:39 - [TEST_STEP][PASSED] - if (isRequiredTextPresent): null

25-10-2024T01:23:39 - [TEST_STEP][PASSED] - if (verifyTextPresent("Transaction Type:", false)): null

25-10-2024T01:23:39 - [MESSAGE][PASSED] - Text 'Transaction Type:' is present on page 

25-10-2024T01:23:39 - [TEST_STEP][PASSED] - isRequiredTextPresent = true: null

25-10-2024T01:23:39 - [TEST_STEP][PASSED] - if (isRequiredTextPresent): null

25-10-2024T01:23:39 - [TEST_STEP][PASSED] - if (verifyTextPresent("Check Information:", false)): null

25-10-2024T01:23:39 - [MESSAGE][PASSED] - Text 'Check Information:' is present on page 

25-10-2024T01:23:39 - [TEST_STEP][PASSED] - isRequiredTextPresent = true: null

25-10-2024T01:23:39 - [TEST_STEP][PASSED] - if (isRequiredTextPresent): null

25-10-2024T01:23:39 - [TEST_STEP][PASSED] - if (verifyTextPresent("Company's Name:", false)): null

25-10-2024T01:23:40 - [MESSAGE][PASSED] - Text 'Company's Name:' is present on page 

25-10-2024T01:23:40 - [TEST_STEP][PASSED] - isRequiredTextPresent = true: null

25-10-2024T01:23:40 - [TEST_STEP][PASSED] - if (isRequiredTextPresent): null

25-10-2024T01:23:40 - [TEST_STEP][PASSED] - if (verifyTextPresent("Routing Number:", false)): null

25-10-2024T01:23:40 - [MESSAGE][PASSED] - Text 'Routing Number:' is present on page 

25-10-2024T01:23:40 - [TEST_STEP][PASSED] - isRequiredTextPresent = true: null

25-10-2024T01:23:40 - [TEST_STEP][PASSED] - if (isRequiredTextPresent): null

25-10-2024T01:23:40 - [TEST_STEP][PASSED] - if (verifyTextPresent("Account Number:", false)): null

25-10-2024T01:23:40 - [MESSAGE][PASSED] - Text 'Account Number:' is present on page 

25-10-2024T01:23:40 - [TEST_STEP][PASSED] - isRequiredTextPresent = true: null

25-10-2024T01:23:40 - [TEST_STEP][PASSED] - if (isRequiredTextPresent): null

25-10-2024T01:23:40 - [TEST_STEP][PASSED] - if (verifyTextPresent("Account Type:", false)): null

25-10-2024T01:23:40 - [MESSAGE][PASSED] - Text 'Account Type:' is present on page 

25-10-2024T01:23:40 - [TEST_STEP][PASSED] - isRequiredTextPresent = true: null

25-10-2024T01:23:40 - [TEST_STEP][PASSED] - if (isRequiredTextPresent): null

25-10-2024T01:23:40 - [TEST_STEP][PASSED] - if (verifyTextPresent("Billing Information:", false)): null

25-10-2024T01:23:41 - [MESSAGE][PASSED] - Text 'Billing Information:' is present on page 

25-10-2024T01:23:41 - [TEST_STEP][PASSED] - isRequiredTextPresent = true: null

25-10-2024T01:23:41 - [TEST_STEP][PASSED] - if (isRequiredTextPresent): null

25-10-2024T01:23:41 - [TEST_STEP][PASSED] - if (verifyTextPresent("Address Line 1:", false)): null

25-10-2024T01:23:41 - [MESSAGE][PASSED] - Text 'Address Line 1:' is present on page 

25-10-2024T01:23:41 - [TEST_STEP][PASSED] - isRequiredTextPresent = true: null

25-10-2024T01:23:41 - [TEST_STEP][PASSED] - if (isRequiredTextPresent): null

25-10-2024T01:23:41 - [TEST_STEP][PASSED] - if (verifyTextPresent("Country:", false)): null

25-10-2024T01:23:41 - [MESSAGE][PASSED] - Text 'Country:' is present on page 

25-10-2024T01:23:41 - [TEST_STEP][PASSED] - isRequiredTextPresent = true: null

25-10-2024T01:23:41 - [TEST_STEP][PASSED] - if (isRequiredTextPresent): null

25-10-2024T01:23:41 - [TEST_STEP][PASSED] - if (verifyTextPresent("City:", false)): null

25-10-2024T01:23:41 - [MESSAGE][PASSED] - Text 'City:' is present on page 

25-10-2024T01:23:41 - [TEST_STEP][PASSED] - isRequiredTextPresent = true: null

25-10-2024T01:23:41 - [TEST_STEP][PASSED] - if (isRequiredTextPresent): null

25-10-2024T01:23:41 - [TEST_STEP][PASSED] - if (verifyTextPresent("State:", false)): null

25-10-2024T01:23:42 - [MESSAGE][PASSED] - Text 'State:' is present on page 

25-10-2024T01:23:42 - [TEST_STEP][PASSED] - isRequiredTextPresent = true: null

25-10-2024T01:23:42 - [TEST_STEP][PASSED] - if (isRequiredTextPresent): null

25-10-2024T01:23:42 - [TEST_STEP][PASSED] - if (verifyTextPresent("ZIP Code:", false)): null

25-10-2024T01:23:42 - [MESSAGE][PASSED] - Text 'ZIP Code:' is present on page 

25-10-2024T01:23:42 - [TEST_STEP][PASSED] - isRequiredTextPresent = true: null

25-10-2024T01:23:42 - [TEST_STEP][PASSED] - if (isRequiredTextPresent): null

25-10-2024T01:23:42 - [TEST_STEP][PASSED] - if (verifyTextPresent("Please click here to make another payment.", false)): null

25-10-2024T01:23:42 - [MESSAGE][PASSED] - Text 'Please click here to make another payment.' is present on page 

25-10-2024T01:23:42 - [TEST_STEP][PASSED] - isRequiredTextPresent = true: null

25-10-2024T01:23:42 - [TEST_STEP][PASSED] - if (isRequiredTextPresent == true): pages.WriteExcel.demoKey is PASSED

25-10-2024T01:23:42 - [TEST_STEP][PASSED] - println("All the relevant texts are present on Receipt Page"): null

25-10-2024T01:23:42 - [TEST_STEP][PASSED] - markPassed("All the relevant texts are present on Receipt Page"): All the relevant texts are present on Receipt Page

25-10-2024T01:23:42 - [MESSAGE][PASSED] - All the relevant texts are present on Receipt Page

25-10-2024T01:23:42 - [TEST_STEP][PASSED] - resText = "Pass": null

25-10-2024T01:23:42 - [TEST_STEP][PASSED] - pages.WriteExcel.demoKey(resText, datText, resColumn, datCloumn, fileLoc, nameSheet, row): pages.WriteExcel.demoKey is PASSED

25-10-2024T01:23:42 - [MESSAGE][PASSED] - pages.WriteExcel.demoKey is PASSED

25-10-2024T01:23:42 - [TEST_STEP][PASSED] - closeBrowser(): Browser is closed

25-10-2024T01:23:43 - [MESSAGE][PASSED] - Browser is closed

25-10-2024T01:23:43 - [TEST_STEP][PASSED] - ExecuteTC = findTestData(dataFile).getValue("Execute", row): null

25-10-2024T01:23:43 - [TEST_STEP][PASSED] - out.println("Value of Execute is : " + ExecuteTC): null

25-10-2024T01:23:43 - [TEST_STEP][PASSED] - if (ExecuteTC.equalsIgnoreCase("Y")): pages.WriteExcel.demoKey is PASSED

25-10-2024T01:23:43 - [TEST_STEP][PASSED] - out.println("Begin Record Number: " + row): null

25-10-2024T01:23:43 - [TEST_STEP][PASSED] - today = new java.util.Date(): null

25-10-2024T01:23:43 - [TEST_STEP][PASSED] - println(today): null

25-10-2024T01:23:43 - [TEST_STEP][PASSED] - datText = today: null

25-10-2024T01:23:43 - [TEST_STEP][PASSED] - EmulatorDataKey = findTestData(dataFile).getValue("EmulatorData", row): null

25-10-2024T01:23:43 - [TEST_STEP][PASSED] - out.println("Value of Emulator Key is : " + EmulatorDataKey): null

25-10-2024T01:23:43 - [TEST_STEP][PASSED] - iwpPages.emulatorIWP30.setDataEmulator_DD(EmulatorDataKey): iwpPages.emulatorIWP30.setDataEmulator_DD is PASSED

25-10-2024T01:23:43 - [MESSAGE][INFO] - Starting 'Edge Chromium' driver

25-10-2024T01:23:43 - [MESSAGE][INFO] - User set preference: ['acceptInsecureCerts', 'true']

25-10-2024T01:23:45 - [MESSAGE][INFO] - Action delay is set to 0 milliseconds

25-10-2024T01:23:49 - [MESSAGE][PASSED] - Browser is opened with url: 'https://qa2.velocitypayment.com/agencyx/config.action?action=editor&message_version=3_0'

25-10-2024T01:23:49 - [MESSAGE][PASSED] - Current window maximized

25-10-2024T01:24:20 - [MESSAGE][INFO] - Unable to find the element located by 'By.xpath: //select[@name='message_version']'. Please recheck the objects properties to make sure the desired element is located. 

25-10-2024T01:24:20 - [MESSAGE][WARNING] - [SELF-HEALING] Failed to find element with id 'Object Repository/IWP30/Page_VRelay30Emulator/MV'. Try using Self-healing.

25-10-2024T01:24:21 - [MESSAGE][WARNING] - [SELF-HEALING] The current locator of test object 'Object Repository/IWP30/Page_VRelay30Emulator/MV' was broken. Propose an alternative one: '(.//*[normalize-space(text()) and normalize-space(.)='Message Version'])[1]/following::select[1]'.

25-10-2024T01:24:21 - [MESSAGE][PASSED] - All options with value '3.0' are selected in object 'Object Repository/IWP30/Page_VRelay30Emulator/MV'  using regular expression

25-10-2024T01:24:22 - [MESSAGE][PASSED] - Text '10.50' is set on object 'Object Repository/IWP30/Page_EmulatorAgencyX/Amount'

25-10-2024T01:24:22 - [MESSAGE][PASSED] - Text 'GWK1R2UU0hDe' is set on object 'Object Repository/IWP30/Page_EmulatorAgencyX/CAN'

25-10-2024T01:24:23 - [MESSAGE][PASSED] - Text 'PayNow' is set on object 'Object Repository/IWP30/Page_EmulatorAgencyX/Action'

25-10-2024T01:24:24 - [MESSAGE][PASSED] - Text 'en_US' is set on object 'Object Repository/IWP30/Page_EmulatorAgencyX/Lang'

25-10-2024T01:24:24 - [MESSAGE][PASSED] - Text '' is set on object 'Object Repository/IWP30/Page_EmulatorAgencyX/Fname'

25-10-2024T01:24:25 - [MESSAGE][PASSED] - Text '' is set on object 'Object Repository/IWP30/Page_EmulatorAgencyX/Lname'

25-10-2024T01:24:25 - [MESSAGE][PASSED] - Text '' is set on object 'Object Repository/IWP30/Page_EmulatorAgencyX/AL1'

25-10-2024T01:24:26 - [MESSAGE][PASSED] - Text '' is set on object 'Object Repository/IWP30/Page_EmulatorAgencyX/AL2'

25-10-2024T01:24:26 - [MESSAGE][PASSED] - Text '' is set on object 'Object Repository/IWP30/Page_EmulatorAgencyX/Country'

25-10-2024T01:24:27 - [MESSAGE][PASSED] - Text '' is set on object 'Object Repository/IWP30/Page_EmulatorAgencyX/City'

25-10-2024T01:24:28 - [MESSAGE][PASSED] - Text '' is set on object 'Object Repository/IWP30/Page_EmulatorAgencyX/State'

25-10-2024T01:24:28 - [MESSAGE][PASSED] - Text '' is set on object 'Object Repository/IWP30/Page_EmulatorAgencyX/ZIP'

25-10-2024T01:24:29 - [MESSAGE][PASSED] - Text '' is set on object 'Object Repository/IWP30/Page_EmulatorAgencyX/Order'

25-10-2024T01:24:29 - [MESSAGE][PASSED] - Text '' is set on object 'Object Repository/IWP30/Page_EmulatorAgencyX/Company'

25-10-2024T01:24:30 - [MESSAGE][PASSED] - Text '' is set on object 'Object Repository/IWP30/Page_EmulatorAgencyX/Email'

25-10-2024T01:24:31 - [MESSAGE][PASSED] - Text '' is set on object 'Object Repository/IWP30/Page_EmulatorAgencyX/UDF1'

25-10-2024T01:24:31 - [MESSAGE][PASSED] - Text '' is set on object 'Object Repository/IWP30/Page_EmulatorAgencyX/UDF2'

25-10-2024T01:24:32 - [MESSAGE][PASSED] - Text '' is set on object 'Object Repository/IWP30/Page_EmulatorAgencyX/UDF3'

25-10-2024T01:24:32 - [MESSAGE][PASSED] - Text 'udf data 4' is set on object 'Object Repository/IWP30/Page_EmulatorAgencyX/UDF4'

25-10-2024T01:24:33 - [MESSAGE][PASSED] - Text 'udf data 5' is set on object 'Object Repository/IWP30/Page_EmulatorAgencyX/UDF5'

25-10-2024T01:24:33 - [MESSAGE][PASSED] - Text '' is set on object 'Object Repository/IWP30/Page_EmulatorAgencyX/UDF6'

25-10-2024T01:24:34 - [MESSAGE][PASSED] - Text '' is set on object 'Object Repository/IWP30/Page_EmulatorAgencyX/UDF7'

25-10-2024T01:24:35 - [MESSAGE][PASSED] - Text '' is set on object 'Object Repository/IWP30/Page_EmulatorAgencyX/UDF8'

25-10-2024T01:24:35 - [MESSAGE][PASSED] - Text 'udf data 9' is set on object 'Object Repository/IWP30/Page_EmulatorAgencyX/UDF9'

25-10-2024T01:24:36 - [MESSAGE][PASSED] - Text 'udf data 10' is set on object 'Object Repository/IWP30/Page_EmulatorAgencyX/UDF10'

25-10-2024T01:24:37 - [MESSAGE][PASSED] - Object: 'Object Repository/IWP30/Page_EmulatorAgencyX/Submit' is clicked on

25-10-2024T01:24:42 - [MESSAGE][PASSED] - Browser is closed

25-10-2024T01:24:46 - [MESSAGE][PASSED] - iwpPages.emulatorIWP30.setDataEmulator_DD is PASSED

25-10-2024T01:24:46 - [TEST_STEP][PASSED] - testHarnessURL = urlTestHarness: null

25-10-2024T01:24:46 - [TEST_STEP][PASSED] - openBrowser(testHarnessURL): Browser is opened with url: 'https://dev-algorithm.govolution.com/vrelaytest/QA2/version_2_2/vrelaytest.html'

25-10-2024T01:24:46 - [MESSAGE][INFO] - Starting 'Edge Chromium' driver

25-10-2024T01:24:46 - [MESSAGE][INFO] - User set preference: ['acceptInsecureCerts', 'true']

25-10-2024T01:24:48 - [MESSAGE][INFO] - Action delay is set to 0 milliseconds

25-10-2024T01:24:51 - [MESSAGE][PASSED] - Browser is opened with url: 'https://dev-algorithm.govolution.com/vrelaytest/QA2/version_2_2/vrelaytest.html'

25-10-2024T01:24:51 - [TEST_STEP][PASSED] - maximizeWindow(): Current window maximized

25-10-2024T01:24:51 - [MESSAGE][PASSED] - Current window maximized

25-10-2024T01:24:51 - [TEST_STEP][PASSED] - iwpPages.TestHarnessPage.setDataMethod(row, dataFile): iwpPages.TestHarnessPage.setDataMethod is PASSED

25-10-2024T01:24:51 - [MESSAGE][PASSED] - Object 'Object Repository/IWP30/Page_QATestHarness/RemittanceID' is present

25-10-2024T01:24:52 - [MESSAGE][PASSED] - Text '649' is set on object 'Object Repository/IWP30/Page_QATestHarness/ApplicationID'

25-10-2024T01:24:53 - [MESSAGE][PASSED] - Text '3.0' is set on object 'Object Repository/IWP30/Page_QATestHarness/MessageVersion'

25-10-2024T01:24:53 - [MESSAGE][PASSED] - Text 'ttwzawgBFjm4' is set on object 'Object Repository/IWP30/Page_QATestHarness/RemittanceID'

25-10-2024T01:24:58 - [MESSAGE][PASSED] - Object: 'Object Repository/IWP30/Page_QATestHarness/SubmitButton' is clicked on

25-10-2024T01:24:58 - [MESSAGE][PASSED] - iwpPages.TestHarnessPage.setDataMethod is PASSED

25-10-2024T01:24:58 - [TEST_STEP][PASSED] - click(findTestObject("Object Repository/IWP30/Page_SelectPaymentMethod/PayByCorporateCheck")): Object: 'Object Repository/IWP30/Page_SelectPaymentMethod/PayByCorporateCheck' is clicked on

25-10-2024T01:24:58 - [MESSAGE][PASSED] - Object: 'Object Repository/IWP30/Page_SelectPaymentMethod/PayByCorporateCheck' is clicked on

25-10-2024T01:24:58 - [TEST_STEP][PASSED] - click(findTestObject("Object Repository/IWP30/Page_SelectPaymentMethod/MakePaymentButton")): Object: 'Object Repository/IWP30/Page_SelectPaymentMethod/MakePaymentButton' is clicked on

25-10-2024T01:25:00 - [MESSAGE][PASSED] - Object: 'Object Repository/IWP30/Page_SelectPaymentMethod/MakePaymentButton' is clicked on

25-10-2024T01:25:00 - [TEST_STEP][PASSED] - iwpPages.achCorporatePaymentEntryPage.setDataCorporate(row, dataFile): iwpPages.achCorporatePaymentEntryPage.setDataCorporate is PASSED

25-10-2024T01:25:01 - [MESSAGE][PASSED] - Object 'Object Repository/IWP30/Page_ACHCorporatePaymentEntry/txt_accountNumber' is present

25-10-2024T01:25:02 - [MESSAGE][PASSED] - Object 'Object Repository/IWP30/Page_ACHCorporatePaymentEntry/input_CompanyName' is present

25-10-2024T01:25:02 - [MESSAGE][PASSED] - Text 'My Company' is set on object 'Object Repository/IWP30/Page_ACHCorporatePaymentEntry/input_CompanyName'

25-10-2024T01:25:03 - [MESSAGE][PASSED] - Object 'Object Repository/IWP30/Page_ACHCorporatePaymentEntry/input_EIN' is present

25-10-2024T01:25:03 - [MESSAGE][PASSED] - Text '10.50' is set on object 'Object Repository/IWP30/Page_ACHCorporatePaymentEntry/txt_Amount'

25-10-2024T01:25:04 - [MESSAGE][PASSED] - Text 'udf data 3' is set on object 'Object Repository/IWP30/Page_ACHCorporatePaymentEntry/txt_UDF3'

25-10-2024T01:25:04 - [MESSAGE][PASSED] - All options with label 'Soccer' are selected in object 'Object Repository/IWP30/Page_ACHCorporatePaymentEntry/dd_UDF8' 

25-10-2024T01:25:05 - [MESSAGE][PASSED] - Object 'Object Repository/IWP30/Page_ACHCorporatePaymentEntry/txt_routingNumber' is present

25-10-2024T01:25:05 - [MESSAGE][PASSED] - Text '256072691' is set on object 'Object Repository/IWP30/Page_ACHCorporatePaymentEntry/txt_routingNumber'

25-10-2024T01:25:05 - [MESSAGE][PASSED] - Object 'Object Repository/IWP30/Page_ACHCorporatePaymentEntry/txt_accountNumber' is present

25-10-2024T01:25:06 - [MESSAGE][PASSED] - Text '12344444' is set on object 'Object Repository/IWP30/Page_ACHCorporatePaymentEntry/txt_accountNumber'

25-10-2024T01:25:07 - [MESSAGE][PASSED] - Object 'Object Repository/IWP30/Page_ACHCorporatePaymentEntry/txt_confirmAccountNumber' is present

25-10-2024T01:25:07 - [MESSAGE][PASSED] - Text '12344444' is set on object 'Object Repository/IWP30/Page_ACHCorporatePaymentEntry/txt_confirmAccountNumber'

25-10-2024T01:25:08 - [MESSAGE][PASSED] - Text '365 Main Avenue' is set on object 'Object Repository/IWP30/Page_ACHCorporatePaymentEntry/txt_AL1'

25-10-2024T01:25:08 - [MESSAGE][PASSED] - Text '22201' is set on object 'Object Repository/IWP30/Page_ACHCorporatePaymentEntry/txt_ZIP'

25-10-2024T01:25:09 - [MESSAGE][PASSED] - Object 'Object Repository/IWP30/Page_ACHCorporatePaymentEntry/txt_Email' is present

25-10-2024T01:25:10 - [MESSAGE][PASSED] - Text 'iahmed@govolution.com' is set on object 'Object Repository/IWP30/Page_ACHCorporatePaymentEntry/txt_Email'

25-10-2024T01:25:10 - [MESSAGE][PASSED] - Object 'Object Repository/IWP30/Page_ACHCorporatePaymentEntry/cb_TermsAndCond' is present

25-10-2024T01:25:10 - [MESSAGE][PASSED] - Object: 'Object Repository/IWP30/Page_ACHCorporatePaymentEntry/cb_TermsAndCond' is clicked on

25-10-2024T01:25:11 - [MESSAGE][PASSED] - Object 'Object Repository/IWP30/Page_ACHCorporatePaymentEntry/btn_Continue' is present

25-10-2024T01:25:12 - [MESSAGE][PASSED] - Object: 'Object Repository/IWP30/Page_ACHCorporatePaymentEntry/btn_Continue' is clicked on

25-10-2024T01:25:12 - [MESSAGE][PASSED] - iwpPages.achCorporatePaymentEntryPage.setDataCorporate is PASSED

25-10-2024T01:25:12 - [TEST_STEP][PASSED] - click(findTestObject("Object Repository/IWP30/Page_Confirmation/ConfirmButton")): Object: 'Object Repository/IWP30/Page_Confirmation/ConfirmButton' is clicked on

25-10-2024T01:25:43 - [MESSAGE][INFO] - Unable to find the element located by 'By.xpath: //*[@type = 'submit' and @name = 'confirmNotifyAction' and @id = 'submitYes' and @value = 'Confirm']'. Please recheck the objects properties to make sure the desired element is located. 

25-10-2024T01:25:43 - [MESSAGE][WARNING] - [SELF-HEALING] Failed to find element with id 'Object Repository/IWP30/Page_Confirmation/ConfirmButton'. Try using Self-healing.

25-10-2024T01:25:43 - [MESSAGE][WARNING] - [SELF-HEALING] The current locator of test object 'Object Repository/IWP30/Page_Confirmation/ConfirmButton' was broken. Propose an alternative one: '//div/input'.

25-10-2024T01:25:45 - [MESSAGE][PASSED] - Object: 'Object Repository/IWP30/Page_Confirmation/ConfirmButton' is clicked on

25-10-2024T01:25:45 - [TEST_STEP][PASSED] - Thread.sleep(5000): null

25-10-2024T01:25:50 - [TEST_STEP][PASSED] - if (verifyTextPresent("Make a Real Estate Payment", false)): null

25-10-2024T01:25:51 - [MESSAGE][PASSED] - Text 'Make a Real Estate Payment' is present on page 

25-10-2024T01:25:51 - [TEST_STEP][PASSED] - isRequiredTextPresent = true: null

25-10-2024T01:25:51 - [TEST_STEP][PASSED] - println(isRequiredTextPresent): null

25-10-2024T01:25:51 - [TEST_STEP][PASSED] - if (isRequiredTextPresent): null

25-10-2024T01:25:51 - [TEST_STEP][PASSED] - if (verifyTextPresent("Successful Payment Receipt", false)): null

25-10-2024T01:25:51 - [MESSAGE][PASSED] - Text 'Successful Payment Receipt' is present on page 

25-10-2024T01:25:51 - [TEST_STEP][PASSED] - isRequiredTextPresent = true: null

25-10-2024T01:25:51 - [TEST_STEP][PASSED] - println(isRequiredTextPresent): null

25-10-2024T01:25:51 - [TEST_STEP][PASSED] - if (isRequiredTextPresent): null

25-10-2024T01:25:51 - [TEST_STEP][PASSED] - if (verifyTextPresent("Please print this receipt for your records", false)): null

25-10-2024T01:25:52 - [MESSAGE][PASSED] - Text 'Please print this receipt for your records' is present on page 

25-10-2024T01:25:52 - [TEST_STEP][PASSED] - isRequiredTextPresent = true: null

25-10-2024T01:25:52 - [TEST_STEP][PASSED] - if (isRequiredTextPresent): null

25-10-2024T01:25:52 - [TEST_STEP][PASSED] - if (verifyTextPresent("Remittance ID:", false)): null

25-10-2024T01:25:52 - [MESSAGE][PASSED] - Text 'Remittance ID:' is present on page 

25-10-2024T01:25:52 - [TEST_STEP][PASSED] - isRequiredTextPresent = true: null

25-10-2024T01:25:52 - [TEST_STEP][PASSED] - if (isRequiredTextPresent): null

25-10-2024T01:25:52 - [TEST_STEP][PASSED] - if (verifyTextPresent("Payment ID:", false)): null

25-10-2024T01:25:52 - [MESSAGE][PASSED] - Text 'Payment ID:' is present on page 

25-10-2024T01:25:52 - [TEST_STEP][PASSED] - isRequiredTextPresent = true: null

25-10-2024T01:25:52 - [TEST_STEP][PASSED] - if (isRequiredTextPresent): null

25-10-2024T01:25:52 - [TEST_STEP][PASSED] - if (verifyTextPresent("CAN Label:", false)): null

25-10-2024T01:25:53 - [MESSAGE][PASSED] - Text 'CAN Label:' is present on page 

25-10-2024T01:25:53 - [TEST_STEP][PASSED] - isRequiredTextPresent = true: null

25-10-2024T01:25:53 - [TEST_STEP][PASSED] - if (isRequiredTextPresent): null

25-10-2024T01:25:53 - [TEST_STEP][PASSED] - if (verifyTextPresent("Received:", false)): null

25-10-2024T01:25:53 - [MESSAGE][PASSED] - Text 'Received:' is present on page 

25-10-2024T01:25:53 - [TEST_STEP][PASSED] - isRequiredTextPresent = true: null

25-10-2024T01:25:53 - [TEST_STEP][PASSED] - if (isRequiredTextPresent): null

25-10-2024T01:25:53 - [TEST_STEP][PASSED] - if (verifyTextPresent("UDF1 Label:", false)): null

25-10-2024T01:25:53 - [MESSAGE][PASSED] - Text 'UDF1 Label:' is present on page 

25-10-2024T01:25:53 - [TEST_STEP][PASSED] - isRequiredTextPresent = true: null

25-10-2024T01:25:53 - [TEST_STEP][PASSED] - if (isRequiredTextPresent): null

25-10-2024T01:25:53 - [TEST_STEP][PASSED] - if (verifyTextPresent("UDF2 Label:", false)): null

25-10-2024T01:25:53 - [MESSAGE][PASSED] - Text 'UDF2 Label:' is present on page 

25-10-2024T01:25:53 - [TEST_STEP][PASSED] - isRequiredTextPresent = true: null

25-10-2024T01:25:53 - [TEST_STEP][PASSED] - if (isRequiredTextPresent): null

25-10-2024T01:25:53 - [TEST_STEP][PASSED] - if (verifyTextPresent("UDF3 Label:", false)): null

25-10-2024T01:25:54 - [MESSAGE][PASSED] - Text 'UDF3 Label:' is present on page 

25-10-2024T01:25:54 - [TEST_STEP][PASSED] - isRequiredTextPresent = true: null

25-10-2024T01:25:54 - [TEST_STEP][PASSED] - if (isRequiredTextPresent): null

25-10-2024T01:25:54 - [TEST_STEP][PASSED] - if (verifyTextPresent("UDF4 Label:", false)): null

25-10-2024T01:25:54 - [MESSAGE][PASSED] - Text 'UDF4 Label:' is present on page 

25-10-2024T01:25:54 - [TEST_STEP][PASSED] - isRequiredTextPresent = true: null

25-10-2024T01:25:54 - [TEST_STEP][PASSED] - if (isRequiredTextPresent): null

25-10-2024T01:25:54 - [TEST_STEP][PASSED] - if (verifyTextPresent("UDF6 Label:", false)): null

25-10-2024T01:25:54 - [MESSAGE][PASSED] - Text 'UDF6 Label:' is present on page 

25-10-2024T01:25:54 - [TEST_STEP][PASSED] - isRequiredTextPresent = true: null

25-10-2024T01:25:54 - [TEST_STEP][PASSED] - if (isRequiredTextPresent): null

25-10-2024T01:25:54 - [TEST_STEP][PASSED] - if (verifyTextPresent("UDF7 Label:", false)): null

25-10-2024T01:25:54 - [MESSAGE][PASSED] - Text 'UDF7 Label:' is present on page 

25-10-2024T01:25:54 - [TEST_STEP][PASSED] - isRequiredTextPresent = true: null

25-10-2024T01:25:54 - [TEST_STEP][PASSED] - if (isRequiredTextPresent): null

25-10-2024T01:25:54 - [TEST_STEP][PASSED] - if (verifyTextPresent("UDF8 Label:", false)): null

25-10-2024T01:25:55 - [MESSAGE][PASSED] - Text 'UDF8 Label:' is present on page 

25-10-2024T01:25:55 - [TEST_STEP][PASSED] - isRequiredTextPresent = true: null

25-10-2024T01:25:55 - [TEST_STEP][PASSED] - if (isRequiredTextPresent): null

25-10-2024T01:25:55 - [TEST_STEP][PASSED] - if (verifyTextPresent("UDF9 Label:", false)): null

25-10-2024T01:25:55 - [MESSAGE][PASSED] - Text 'UDF9 Label:' is present on page 

25-10-2024T01:25:55 - [TEST_STEP][PASSED] - isRequiredTextPresent = true: null

25-10-2024T01:25:55 - [TEST_STEP][PASSED] - if (isRequiredTextPresent): null

25-10-2024T01:25:55 - [TEST_STEP][PASSED] - if (verifyTextPresent("Tax Amount:", false)): null

25-10-2024T01:25:55 - [MESSAGE][PASSED] - Text 'Tax Amount:' is present on page 

25-10-2024T01:25:55 - [TEST_STEP][PASSED] - isRequiredTextPresent = true: null

25-10-2024T01:25:55 - [TEST_STEP][PASSED] - if (isRequiredTextPresent): null

25-10-2024T01:25:55 - [TEST_STEP][PASSED] - if (verifyTextPresent("Amount:", false)): null

25-10-2024T01:25:55 - [MESSAGE][PASSED] - Text 'Amount:' is present on page 

25-10-2024T01:25:55 - [TEST_STEP][PASSED] - isRequiredTextPresent = true: null

25-10-2024T01:25:55 - [TEST_STEP][PASSED] - if (isRequiredTextPresent): null

25-10-2024T01:25:55 - [TEST_STEP][PASSED] - if (verifyTextPresent("Transaction Type:", false)): null

25-10-2024T01:25:56 - [MESSAGE][PASSED] - Text 'Transaction Type:' is present on page 

25-10-2024T01:25:56 - [TEST_STEP][PASSED] - isRequiredTextPresent = true: null

25-10-2024T01:25:56 - [TEST_STEP][PASSED] - if (isRequiredTextPresent): null

25-10-2024T01:25:56 - [TEST_STEP][PASSED] - if (verifyTextPresent("Check Information:", false)): null

25-10-2024T01:25:56 - [MESSAGE][PASSED] - Text 'Check Information:' is present on page 

25-10-2024T01:25:56 - [TEST_STEP][PASSED] - isRequiredTextPresent = true: null

25-10-2024T01:25:56 - [TEST_STEP][PASSED] - if (isRequiredTextPresent): null

25-10-2024T01:25:56 - [TEST_STEP][PASSED] - if (verifyTextPresent("Company's Name:", false)): null

25-10-2024T01:25:56 - [MESSAGE][PASSED] - Text 'Company's Name:' is present on page 

25-10-2024T01:25:56 - [TEST_STEP][PASSED] - isRequiredTextPresent = true: null

25-10-2024T01:25:56 - [TEST_STEP][PASSED] - if (isRequiredTextPresent): null

25-10-2024T01:25:56 - [TEST_STEP][PASSED] - if (verifyTextPresent("Routing Number:", false)): null

25-10-2024T01:25:56 - [MESSAGE][PASSED] - Text 'Routing Number:' is present on page 

25-10-2024T01:25:56 - [TEST_STEP][PASSED] - isRequiredTextPresent = true: null

25-10-2024T01:25:56 - [TEST_STEP][PASSED] - if (isRequiredTextPresent): null

25-10-2024T01:25:56 - [TEST_STEP][PASSED] - if (verifyTextPresent("Account Number:", false)): null

25-10-2024T01:25:57 - [MESSAGE][PASSED] - Text 'Account Number:' is present on page 

25-10-2024T01:25:57 - [TEST_STEP][PASSED] - isRequiredTextPresent = true: null

25-10-2024T01:25:57 - [TEST_STEP][PASSED] - if (isRequiredTextPresent): null

25-10-2024T01:25:57 - [TEST_STEP][PASSED] - if (verifyTextPresent("Account Type:", false)): null

25-10-2024T01:25:57 - [MESSAGE][PASSED] - Text 'Account Type:' is present on page 

25-10-2024T01:25:57 - [TEST_STEP][PASSED] - isRequiredTextPresent = true: null

25-10-2024T01:25:57 - [TEST_STEP][PASSED] - if (isRequiredTextPresent): null

25-10-2024T01:25:57 - [TEST_STEP][PASSED] - if (verifyTextPresent("Billing Information:", false)): null

25-10-2024T01:25:57 - [MESSAGE][PASSED] - Text 'Billing Information:' is present on page 

25-10-2024T01:25:57 - [TEST_STEP][PASSED] - isRequiredTextPresent = true: null

25-10-2024T01:25:57 - [TEST_STEP][PASSED] - if (isRequiredTextPresent): null

25-10-2024T01:25:57 - [TEST_STEP][PASSED] - if (verifyTextPresent("Address Line 1:", false)): null

25-10-2024T01:25:57 - [MESSAGE][PASSED] - Text 'Address Line 1:' is present on page 

25-10-2024T01:25:57 - [TEST_STEP][PASSED] - isRequiredTextPresent = true: null

25-10-2024T01:25:57 - [TEST_STEP][PASSED] - if (isRequiredTextPresent): null

25-10-2024T01:25:57 - [TEST_STEP][PASSED] - if (verifyTextPresent("Country:", false)): null

25-10-2024T01:25:58 - [MESSAGE][PASSED] - Text 'Country:' is present on page 

25-10-2024T01:25:58 - [TEST_STEP][PASSED] - isRequiredTextPresent = true: null

25-10-2024T01:25:58 - [TEST_STEP][PASSED] - if (isRequiredTextPresent): null

25-10-2024T01:25:58 - [TEST_STEP][PASSED] - if (verifyTextPresent("City:", false)): null

25-10-2024T01:25:58 - [MESSAGE][PASSED] - Text 'City:' is present on page 

25-10-2024T01:25:58 - [TEST_STEP][PASSED] - isRequiredTextPresent = true: null

25-10-2024T01:25:58 - [TEST_STEP][PASSED] - if (isRequiredTextPresent): null

25-10-2024T01:25:58 - [TEST_STEP][PASSED] - if (verifyTextPresent("State:", false)): null

25-10-2024T01:25:58 - [MESSAGE][PASSED] - Text 'State:' is present on page 

25-10-2024T01:25:58 - [TEST_STEP][PASSED] - isRequiredTextPresent = true: null

25-10-2024T01:25:58 - [TEST_STEP][PASSED] - if (isRequiredTextPresent): null

25-10-2024T01:25:58 - [TEST_STEP][PASSED] - if (verifyTextPresent("ZIP Code:", false)): null

25-10-2024T01:25:59 - [MESSAGE][PASSED] - Text 'ZIP Code:' is present on page 

25-10-2024T01:25:59 - [TEST_STEP][PASSED] - isRequiredTextPresent = true: null

25-10-2024T01:25:59 - [TEST_STEP][PASSED] - if (isRequiredTextPresent): null

25-10-2024T01:25:59 - [TEST_STEP][PASSED] - if (verifyTextPresent("Please click here to make another payment.", false)): null

25-10-2024T01:25:59 - [MESSAGE][PASSED] - Text 'Please click here to make another payment.' is present on page 

25-10-2024T01:25:59 - [TEST_STEP][PASSED] - isRequiredTextPresent = true: null

25-10-2024T01:25:59 - [TEST_STEP][PASSED] - if (isRequiredTextPresent == true): pages.WriteExcel.demoKey is PASSED

25-10-2024T01:25:59 - [TEST_STEP][PASSED] - println("All the relevant texts are present on Receipt Page"): null

25-10-2024T01:25:59 - [TEST_STEP][PASSED] - markPassed("All the relevant texts are present on Receipt Page"): All the relevant texts are present on Receipt Page

25-10-2024T01:25:59 - [MESSAGE][PASSED] - All the relevant texts are present on Receipt Page

25-10-2024T01:25:59 - [TEST_STEP][PASSED] - resText = "Pass": null

25-10-2024T01:25:59 - [TEST_STEP][PASSED] - pages.WriteExcel.demoKey(resText, datText, resColumn, datCloumn, fileLoc, nameSheet, row): pages.WriteExcel.demoKey is PASSED

25-10-2024T01:25:59 - [MESSAGE][PASSED] - pages.WriteExcel.demoKey is PASSED

25-10-2024T01:25:59 - [TEST_STEP][PASSED] - closeBrowser(): Browser is closed

25-10-2024T01:25:59 - [MESSAGE][PASSED] - Browser is closed]]></system-out>
         <system-err><![CDATA[]]></system-err>
      </testcase>
      <testcase name="Test Cases/IntegratedWeb/IWP25/Payments/VerifyReceiptPageLabelsPC" time="264.538" classname="Test Cases/IntegratedWeb/IWP25/Payments/VerifyReceiptPageLabelsPC" status="PASSED">
         <system-out><![CDATA[25-10-2024T01:25:59 - [TEST_CASE][PASSED] - Test Cases/IntegratedWeb/IWP25/Payments/VerifyReceiptPageLabelsPC: Test Cases/IntegratedWeb/IWP25/Payments/VerifyReceiptPageLabelsPC

25-10-2024T01:26:00 - [TEST_STEP][PASSED] - resText = "Fail": null

25-10-2024T01:26:00 - [TEST_STEP][PASSED] - resColumn = "Result": null

25-10-2024T01:26:00 - [TEST_STEP][PASSED] - datCloumn = "Date": null

25-10-2024T01:26:00 - [TEST_STEP][PASSED] - fileLoc = "KatalonData/IWPTestData/VRelay25Payments.xlsx": null

25-10-2024T01:26:00 - [TEST_STEP][PASSED] - numOfRows = <not implemented yet for class: org.codehaus.groovy.ast.expr.EmptyExpression>: null

25-10-2024T01:26:00 - [TEST_STEP][PASSED] - dataFile = <not implemented yet for class: org.codehaus.groovy.ast.expr.EmptyExpression>: null

25-10-2024T01:26:00 - [TEST_STEP][PASSED] - nameSheet = <not implemented yet for class: org.codehaus.groovy.ast.expr.EmptyExpression>: null

25-10-2024T01:26:00 - [TEST_STEP][PASSED] - dataFileEmulator = <not implemented yet for class: org.codehaus.groovy.ast.expr.EmptyExpression>: null

25-10-2024T01:26:00 - [TEST_STEP][PASSED] - isRequiredTextPresent = false: null

25-10-2024T01:26:00 - [TEST_STEP][PASSED] - nameSheet = "VerifyReceiptPageLabelsPC": null

25-10-2024T01:26:00 - [TEST_STEP][PASSED] - dataFile = "IWPTestData/IWP25VerifyReceiptPageLabelsPC": null

25-10-2024T01:26:00 - [TEST_STEP][PASSED] - dataFileEmulator = "IWPTestData/EmulatorData": null

25-10-2024T01:26:00 - [TEST_STEP][PASSED] - numOfRows = findTestData(dataFile).getRowNumbers(): null

25-10-2024T01:26:00 - [TEST_STEP][PASSED] - println("Number of Records: " + numOfRows): null

25-10-2024T01:26:00 - [TEST_STEP][PASSED] - for ([row = 1, row <= numOfRows, (row++)]): Browser is closed

25-10-2024T01:26:00 - [TEST_STEP][PASSED] - ExecuteTC = findTestData(dataFile).getValue("Execute", row): null

25-10-2024T01:26:00 - [TEST_STEP][PASSED] - out.println("Value of Execute is : " + ExecuteTC): null

25-10-2024T01:26:00 - [TEST_STEP][PASSED] - if (ExecuteTC.equalsIgnoreCase("Y")): pages.WriteExcel.demoKey is PASSED

25-10-2024T01:26:00 - [TEST_STEP][PASSED] - out.println("Begin Record Number: " + row): null

25-10-2024T01:26:00 - [TEST_STEP][PASSED] - today = new java.util.Date(): null

25-10-2024T01:26:00 - [TEST_STEP][PASSED] - println(today): null

25-10-2024T01:26:00 - [TEST_STEP][PASSED] - datText = today: null

25-10-2024T01:26:00 - [TEST_STEP][PASSED] - EmulatorDataKey = findTestData(dataFile).getValue("EmulatorData", row): null

25-10-2024T01:26:00 - [TEST_STEP][PASSED] - out.println("Value of Emulator Key is : " + EmulatorDataKey): null

25-10-2024T01:26:00 - [TEST_STEP][PASSED] - iwpPages.emulatorIWP30.setDataEmulator_DD(EmulatorDataKey): iwpPages.emulatorIWP30.setDataEmulator_DD is PASSED

25-10-2024T01:26:00 - [MESSAGE][INFO] - Starting 'Edge Chromium' driver

25-10-2024T01:26:00 - [MESSAGE][INFO] - User set preference: ['acceptInsecureCerts', 'true']

25-10-2024T01:26:02 - [MESSAGE][INFO] - Action delay is set to 0 milliseconds

25-10-2024T01:26:06 - [MESSAGE][PASSED] - Browser is opened with url: 'https://qa2.velocitypayment.com/agencyx/config.action?action=editor&message_version=2_5'

25-10-2024T01:26:06 - [MESSAGE][PASSED] - Current window maximized

25-10-2024T01:26:37 - [MESSAGE][INFO] - Unable to find the element located by 'By.xpath: //select[@name='message_version']'. Please recheck the objects properties to make sure the desired element is located. 

25-10-2024T01:26:37 - [MESSAGE][WARNING] - [SELF-HEALING] Failed to find element with id 'Object Repository/IWP30/Page_VRelay30Emulator/MV'. Try using Self-healing.

25-10-2024T01:26:37 - [MESSAGE][WARNING] - [SELF-HEALING] The current locator of test object 'Object Repository/IWP30/Page_VRelay30Emulator/MV' was broken. Propose an alternative one: '(.//*[normalize-space(text()) and normalize-space(.)='Message Version'])[1]/following::select[1]'.

25-10-2024T01:26:38 - [MESSAGE][PASSED] - All options with value '2.5' are selected in object 'Object Repository/IWP30/Page_VRelay30Emulator/MV'  using regular expression

25-10-2024T01:26:39 - [MESSAGE][PASSED] - Text '10.50' is set on object 'Object Repository/IWP30/Page_EmulatorAgencyX/Amount'

25-10-2024T01:26:39 - [MESSAGE][PASSED] - Text 'zyCuA5XtAYhe' is set on object 'Object Repository/IWP30/Page_EmulatorAgencyX/CAN'

25-10-2024T01:26:40 - [MESSAGE][PASSED] - Text 'PayNow' is set on object 'Object Repository/IWP30/Page_EmulatorAgencyX/Action'

25-10-2024T01:26:40 - [MESSAGE][PASSED] - Text 'en_US' is set on object 'Object Repository/IWP30/Page_EmulatorAgencyX/Lang'

25-10-2024T01:26:41 - [MESSAGE][PASSED] - Text '' is set on object 'Object Repository/IWP30/Page_EmulatorAgencyX/Fname'

25-10-2024T01:26:41 - [MESSAGE][PASSED] - Text '' is set on object 'Object Repository/IWP30/Page_EmulatorAgencyX/Lname'

25-10-2024T01:26:42 - [MESSAGE][PASSED] - Text '' is set on object 'Object Repository/IWP30/Page_EmulatorAgencyX/AL1'

25-10-2024T01:26:43 - [MESSAGE][PASSED] - Text '' is set on object 'Object Repository/IWP30/Page_EmulatorAgencyX/AL2'

25-10-2024T01:26:43 - [MESSAGE][PASSED] - Text '' is set on object 'Object Repository/IWP30/Page_EmulatorAgencyX/Country'

25-10-2024T01:26:44 - [MESSAGE][PASSED] - Text '' is set on object 'Object Repository/IWP30/Page_EmulatorAgencyX/City'

25-10-2024T01:26:44 - [MESSAGE][PASSED] - Text '' is set on object 'Object Repository/IWP30/Page_EmulatorAgencyX/State'

25-10-2024T01:26:45 - [MESSAGE][PASSED] - Text '' is set on object 'Object Repository/IWP30/Page_EmulatorAgencyX/ZIP'

25-10-2024T01:26:45 - [MESSAGE][PASSED] - Text '' is set on object 'Object Repository/IWP30/Page_EmulatorAgencyX/Order'

25-10-2024T01:26:46 - [MESSAGE][PASSED] - Text '' is set on object 'Object Repository/IWP30/Page_EmulatorAgencyX/Company'

25-10-2024T01:26:47 - [MESSAGE][PASSED] - Text '' is set on object 'Object Repository/IWP30/Page_EmulatorAgencyX/Email'

25-10-2024T01:26:47 - [MESSAGE][PASSED] - Text '' is set on object 'Object Repository/IWP30/Page_EmulatorAgencyX/UDF1'

25-10-2024T01:26:48 - [MESSAGE][PASSED] - Text '' is set on object 'Object Repository/IWP30/Page_EmulatorAgencyX/UDF2'

25-10-2024T01:26:48 - [MESSAGE][PASSED] - Text '' is set on object 'Object Repository/IWP30/Page_EmulatorAgencyX/UDF3'

25-10-2024T01:26:49 - [MESSAGE][PASSED] - Text 'udf data 4' is set on object 'Object Repository/IWP30/Page_EmulatorAgencyX/UDF4'

25-10-2024T01:26:49 - [MESSAGE][PASSED] - Text 'udf data 5' is set on object 'Object Repository/IWP30/Page_EmulatorAgencyX/UDF5'

25-10-2024T01:26:50 - [MESSAGE][PASSED] - Text '' is set on object 'Object Repository/IWP30/Page_EmulatorAgencyX/UDF6'

25-10-2024T01:26:51 - [MESSAGE][PASSED] - Text '' is set on object 'Object Repository/IWP30/Page_EmulatorAgencyX/UDF7'

25-10-2024T01:26:51 - [MESSAGE][PASSED] - Text '' is set on object 'Object Repository/IWP30/Page_EmulatorAgencyX/UDF8'

25-10-2024T01:26:52 - [MESSAGE][PASSED] - Text 'udf data 9' is set on object 'Object Repository/IWP30/Page_EmulatorAgencyX/UDF9'

25-10-2024T01:26:52 - [MESSAGE][PASSED] - Text 'udf data 10' is set on object 'Object Repository/IWP30/Page_EmulatorAgencyX/UDF10'

25-10-2024T01:26:54 - [MESSAGE][PASSED] - Object: 'Object Repository/IWP30/Page_EmulatorAgencyX/Submit' is clicked on

25-10-2024T01:26:58 - [MESSAGE][PASSED] - Browser is closed

25-10-2024T01:27:02 - [MESSAGE][PASSED] - iwpPages.emulatorIWP30.setDataEmulator_DD is PASSED

25-10-2024T01:27:02 - [TEST_STEP][PASSED] - testHarnessURL = urlTestHarness: null

25-10-2024T01:27:02 - [TEST_STEP][PASSED] - openBrowser(testHarnessURL): Browser is opened with url: 'https://dev-algorithm.govolution.com/vrelaytest/QA2/version_2_2/vrelaytest.html'

25-10-2024T01:27:02 - [MESSAGE][INFO] - Starting 'Edge Chromium' driver

25-10-2024T01:27:02 - [MESSAGE][INFO] - User set preference: ['acceptInsecureCerts', 'true']

25-10-2024T01:27:04 - [MESSAGE][INFO] - Action delay is set to 0 milliseconds

25-10-2024T01:27:08 - [MESSAGE][PASSED] - Browser is opened with url: 'https://dev-algorithm.govolution.com/vrelaytest/QA2/version_2_2/vrelaytest.html'

25-10-2024T01:27:08 - [TEST_STEP][PASSED] - maximizeWindow(): Current window maximized

25-10-2024T01:27:08 - [MESSAGE][PASSED] - Current window maximized

25-10-2024T01:27:08 - [TEST_STEP][PASSED] - iwpPages.TestHarnessPage.setDataMethod(row, dataFile): iwpPages.TestHarnessPage.setDataMethod is PASSED

25-10-2024T01:27:08 - [MESSAGE][PASSED] - Object 'Object Repository/IWP30/Page_QATestHarness/RemittanceID' is present

25-10-2024T01:27:09 - [MESSAGE][PASSED] - Text '638' is set on object 'Object Repository/IWP30/Page_QATestHarness/ApplicationID'

25-10-2024T01:27:09 - [MESSAGE][PASSED] - Text '2.5' is set on object 'Object Repository/IWP30/Page_QATestHarness/MessageVersion'

25-10-2024T01:27:10 - [MESSAGE][PASSED] - Text 'HUMxjcW7b21S' is set on object 'Object Repository/IWP30/Page_QATestHarness/RemittanceID'

25-10-2024T01:27:14 - [MESSAGE][PASSED] - Object: 'Object Repository/IWP30/Page_QATestHarness/SubmitButton' is clicked on

25-10-2024T01:27:14 - [MESSAGE][PASSED] - iwpPages.TestHarnessPage.setDataMethod is PASSED

25-10-2024T01:27:14 - [TEST_STEP][PASSED] - click(findTestObject("Object Repository/IWP30/Page_SelectPaymentMethod/PayByPersonalCheck")): Object: 'Object Repository/IWP30/Page_SelectPaymentMethod/PayByPersonalCheck' is clicked on

25-10-2024T01:27:14 - [MESSAGE][PASSED] - Object: 'Object Repository/IWP30/Page_SelectPaymentMethod/PayByPersonalCheck' is clicked on

25-10-2024T01:27:14 - [TEST_STEP][PASSED] - click(findTestObject("Object Repository/IWP30/Page_SelectPaymentMethod/MakePaymentButton")): Object: 'Object Repository/IWP30/Page_SelectPaymentMethod/MakePaymentButton' is clicked on

25-10-2024T01:27:17 - [MESSAGE][PASSED] - Object: 'Object Repository/IWP30/Page_SelectPaymentMethod/MakePaymentButton' is clicked on

25-10-2024T01:27:17 - [TEST_STEP][PASSED] - iwpPages.achPersonalPaymentEntryPage.setDataACHPPM(row, dataFile): iwpPages.achPersonalPaymentEntryPage.setDataACHPPM is PASSED

25-10-2024T01:27:18 - [MESSAGE][PASSED] - Object 'Object Repository/IWP30/Page_ACHPersonalPaymentEntry/txt_accountNumber' is present

25-10-2024T01:27:18 - [MESSAGE][PASSED] - Text '10.50' is set on object 'Object Repository/IWP30/Page_ACHPersonalPaymentEntry/txt_Amount'

25-10-2024T01:27:19 - [MESSAGE][PASSED] - Object 'Object Repository/IWP30/Page_ACHPersonalPaymentEntry/txt_UDF2' is present

25-10-2024T01:27:19 - [MESSAGE][PASSED] - Text 'udf data 2' is set on object 'Object Repository/IWP30/Page_ACHPersonalPaymentEntry/txt_UDF2'

25-10-2024T01:27:20 - [MESSAGE][PASSED] - Text 'udf data 3' is set on object 'Object Repository/IWP30/Page_ACHPersonalPaymentEntry/txt_UDF3'

25-10-2024T01:27:20 - [MESSAGE][PASSED] - All options with label 'Orange' are selected in object 'Object Repository/IWP30/Page_ACHPersonalPaymentEntry/dd_UDF7' 

25-10-2024T01:27:21 - [MESSAGE][PASSED] - All options with label 'Soccer' are selected in object 'Object Repository/IWP30/Page_ACHPersonalPaymentEntry/dd_UDF8' 

25-10-2024T01:27:21 - [MESSAGE][PASSED] - Object 'Object Repository/IWP30/Page_ACHPersonalPaymentEntry/txt_Firstname' is present

25-10-2024T01:27:22 - [MESSAGE][PASSED] - Text 'Curlonty' is set on object 'Object Repository/IWP30/Page_ACHPersonalPaymentEntry/txt_Firstname'

25-10-2024T01:27:22 - [MESSAGE][PASSED] - Object 'Object Repository/IWP30/Page_ACHPersonalPaymentEntry/txt_Lastname' is present

25-10-2024T01:27:23 - [MESSAGE][PASSED] - Text 'Lachuga' is set on object 'Object Repository/IWP30/Page_ACHPersonalPaymentEntry/txt_Lastname'

25-10-2024T01:27:23 - [MESSAGE][PASSED] - Object 'Object Repository/IWP30/Page_ACHPersonalPaymentEntry/txt_routingNumber' is present

25-10-2024T01:27:24 - [MESSAGE][PASSED] - Text '256072691' is set on object 'Object Repository/IWP30/Page_ACHPersonalPaymentEntry/txt_routingNumber'

25-10-2024T01:27:24 - [MESSAGE][PASSED] - Object 'Object Repository/IWP30/Page_ACHPersonalPaymentEntry/txt_accountNumber' is present

25-10-2024T01:27:25 - [MESSAGE][PASSED] - Text '12342222' is set on object 'Object Repository/IWP30/Page_ACHPersonalPaymentEntry/txt_accountNumber'

25-10-2024T01:27:25 - [MESSAGE][PASSED] - Object 'Object Repository/IWP30/Page_ACHPersonalPaymentEntry/txt_confirmAccountNumber' is present

25-10-2024T01:27:26 - [MESSAGE][PASSED] - Text '12342222' is set on object 'Object Repository/IWP30/Page_ACHPersonalPaymentEntry/txt_confirmAccountNumber'

25-10-2024T01:27:26 - [MESSAGE][PASSED] - Object 'Object Repository/IWP30/Page_ACHPersonalPaymentEntry/rd_accountType' is present

25-10-2024T01:27:26 - [MESSAGE][PASSED] - Modify property of object successfully

25-10-2024T01:27:26 - [MESSAGE][PASSED] - Object: 'Object Repository/IWP30/Page_ACHPersonalPaymentEntry/rd_accountType' is clicked on

25-10-2024T01:27:27 - [MESSAGE][PASSED] - Text '365 Main Avenue' is set on object 'Object Repository/IWP30/Page_ACHPersonalPaymentEntry/txt_AL1'

25-10-2024T01:27:28 - [MESSAGE][PASSED] - Text '22201' is set on object 'Object Repository/IWP30/Page_ACHPersonalPaymentEntry/txt_ZIP'

25-10-2024T01:27:28 - [MESSAGE][PASSED] - Object 'Object Repository/IWP30/Page_ACHPersonalPaymentEntry/txt_Email' is present

25-10-2024T01:27:29 - [MESSAGE][PASSED] - Text 'iahmed@govolution.com' is set on object 'Object Repository/IWP30/Page_ACHPersonalPaymentEntry/txt_Email'

25-10-2024T01:27:30 - [MESSAGE][PASSED] - Object 'Object Repository/IWP30/Page_ACHPersonalPaymentEntry/cb_TermsAndCond' is present

25-10-2024T01:27:30 - [MESSAGE][PASSED] - Object: 'Object Repository/IWP30/Page_ACHPersonalPaymentEntry/cb_TermsAndCond' is clicked on

25-10-2024T01:27:30 - [MESSAGE][PASSED] - Object 'Object Repository/IWP30/Page_ACHPersonalPaymentEntry/btn_Continue' is present

25-10-2024T01:27:32 - [MESSAGE][PASSED] - Object: 'Object Repository/IWP30/Page_ACHPersonalPaymentEntry/btn_Continue' is clicked on

25-10-2024T01:27:32 - [MESSAGE][PASSED] - iwpPages.achPersonalPaymentEntryPage.setDataACHPPM is PASSED

25-10-2024T01:27:32 - [TEST_STEP][PASSED] - click(findTestObject("Object Repository/IWP30/Page_Confirmation/ConfirmButton")): Object: 'Object Repository/IWP30/Page_Confirmation/ConfirmButton' is clicked on

25-10-2024T01:27:34 - [MESSAGE][PASSED] - Object: 'Object Repository/IWP30/Page_Confirmation/ConfirmButton' is clicked on

25-10-2024T01:27:34 - [TEST_STEP][PASSED] - Thread.sleep(15000): null

25-10-2024T01:27:49 - [TEST_STEP][PASSED] - if (verifyTextPresent("Make a Real Estate Payment", false)): null

25-10-2024T01:27:49 - [MESSAGE][PASSED] - Text 'Make a Real Estate Payment' is present on page 

25-10-2024T01:27:49 - [TEST_STEP][PASSED] - isRequiredTextPresent = true: null

25-10-2024T01:27:49 - [TEST_STEP][PASSED] - println(isRequiredTextPresent): null

25-10-2024T01:27:49 - [TEST_STEP][PASSED] - if (isRequiredTextPresent): null

25-10-2024T01:27:49 - [TEST_STEP][PASSED] - if (verifyTextPresent("Successful Payment Receipt", false)): null

25-10-2024T01:27:49 - [MESSAGE][PASSED] - Text 'Successful Payment Receipt' is present on page 

25-10-2024T01:27:49 - [TEST_STEP][PASSED] - isRequiredTextPresent = true: null

25-10-2024T01:27:49 - [TEST_STEP][PASSED] - println(isRequiredTextPresent): null

25-10-2024T01:27:49 - [TEST_STEP][PASSED] - if (isRequiredTextPresent): null

25-10-2024T01:27:49 - [TEST_STEP][PASSED] - if (verifyTextPresent("Please print this receipt for your records", false)): null

25-10-2024T01:27:50 - [MESSAGE][PASSED] - Text 'Please print this receipt for your records' is present on page 

25-10-2024T01:27:50 - [TEST_STEP][PASSED] - isRequiredTextPresent = true: null

25-10-2024T01:27:50 - [TEST_STEP][PASSED] - if (isRequiredTextPresent): null

25-10-2024T01:27:50 - [TEST_STEP][PASSED] - if (verifyTextPresent("Remittance ID:", false)): null

25-10-2024T01:27:50 - [MESSAGE][PASSED] - Text 'Remittance ID:' is present on page 

25-10-2024T01:27:50 - [TEST_STEP][PASSED] - isRequiredTextPresent = true: null

25-10-2024T01:27:50 - [TEST_STEP][PASSED] - if (isRequiredTextPresent): null

25-10-2024T01:27:50 - [TEST_STEP][PASSED] - if (verifyTextPresent("Payment ID:", false)): null

25-10-2024T01:27:50 - [MESSAGE][PASSED] - Text 'Payment ID:' is present on page 

25-10-2024T01:27:50 - [TEST_STEP][PASSED] - isRequiredTextPresent = true: null

25-10-2024T01:27:50 - [TEST_STEP][PASSED] - if (isRequiredTextPresent): null

25-10-2024T01:27:50 - [TEST_STEP][PASSED] - if (verifyTextPresent("CAN Label:", false)): null

25-10-2024T01:27:50 - [MESSAGE][PASSED] - Text 'CAN Label:' is present on page 

25-10-2024T01:27:50 - [TEST_STEP][PASSED] - isRequiredTextPresent = true: null

25-10-2024T01:27:50 - [TEST_STEP][PASSED] - if (isRequiredTextPresent): null

25-10-2024T01:27:50 - [TEST_STEP][PASSED] - if (verifyTextPresent("Received:", false)): null

25-10-2024T01:27:51 - [MESSAGE][PASSED] - Text 'Received:' is present on page 

25-10-2024T01:27:51 - [TEST_STEP][PASSED] - isRequiredTextPresent = true: null

25-10-2024T01:27:51 - [TEST_STEP][PASSED] - if (isRequiredTextPresent): null

25-10-2024T01:27:51 - [TEST_STEP][PASSED] - if (verifyTextPresent("UDF1 Label:", false)): null

25-10-2024T01:27:51 - [MESSAGE][PASSED] - Text 'UDF1 Label:' is present on page 

25-10-2024T01:27:51 - [TEST_STEP][PASSED] - isRequiredTextPresent = true: null

25-10-2024T01:27:51 - [TEST_STEP][PASSED] - if (isRequiredTextPresent): null

25-10-2024T01:27:51 - [TEST_STEP][PASSED] - if (verifyTextPresent("UDF2 Label:", false)): null

25-10-2024T01:27:51 - [MESSAGE][PASSED] - Text 'UDF2 Label:' is present on page 

25-10-2024T01:27:51 - [TEST_STEP][PASSED] - isRequiredTextPresent = true: null

25-10-2024T01:27:51 - [TEST_STEP][PASSED] - if (isRequiredTextPresent): null

25-10-2024T01:27:51 - [TEST_STEP][PASSED] - if (verifyTextPresent("UDF3 Label:", false)): null

25-10-2024T01:27:51 - [MESSAGE][PASSED] - Text 'UDF3 Label:' is present on page 

25-10-2024T01:27:51 - [TEST_STEP][PASSED] - isRequiredTextPresent = true: null

25-10-2024T01:27:51 - [TEST_STEP][PASSED] - if (isRequiredTextPresent): null

25-10-2024T01:27:51 - [TEST_STEP][PASSED] - if (verifyTextPresent("UDF4 Label:", false)): null

25-10-2024T01:27:52 - [MESSAGE][PASSED] - Text 'UDF4 Label:' is present on page 

25-10-2024T01:27:52 - [TEST_STEP][PASSED] - isRequiredTextPresent = true: null

25-10-2024T01:27:52 - [TEST_STEP][PASSED] - if (isRequiredTextPresent): null

25-10-2024T01:27:52 - [TEST_STEP][PASSED] - if (verifyTextPresent("UDF6 Label:", false)): null

25-10-2024T01:27:52 - [MESSAGE][PASSED] - Text 'UDF6 Label:' is present on page 

25-10-2024T01:27:52 - [TEST_STEP][PASSED] - isRequiredTextPresent = true: null

25-10-2024T01:27:52 - [TEST_STEP][PASSED] - if (isRequiredTextPresent): null

25-10-2024T01:27:52 - [TEST_STEP][PASSED] - if (verifyTextPresent("UDF7 Label:", false)): null

25-10-2024T01:27:52 - [MESSAGE][PASSED] - Text 'UDF7 Label:' is present on page 

25-10-2024T01:27:52 - [TEST_STEP][PASSED] - isRequiredTextPresent = true: null

25-10-2024T01:27:52 - [TEST_STEP][PASSED] - if (isRequiredTextPresent): null

25-10-2024T01:27:52 - [TEST_STEP][PASSED] - if (verifyTextPresent("UDF8 Label:", false)): null

25-10-2024T01:27:52 - [MESSAGE][PASSED] - Text 'UDF8 Label:' is present on page 

25-10-2024T01:27:52 - [TEST_STEP][PASSED] - isRequiredTextPresent = true: null

25-10-2024T01:27:52 - [TEST_STEP][PASSED] - if (isRequiredTextPresent): null

25-10-2024T01:27:52 - [TEST_STEP][PASSED] - if (verifyTextPresent("UDF9 Label:", false)): null

25-10-2024T01:27:53 - [MESSAGE][PASSED] - Text 'UDF9 Label:' is present on page 

25-10-2024T01:27:53 - [TEST_STEP][PASSED] - isRequiredTextPresent = true: null

25-10-2024T01:27:53 - [TEST_STEP][PASSED] - if (isRequiredTextPresent): null

25-10-2024T01:27:53 - [TEST_STEP][PASSED] - if (verifyTextPresent("Tax Amount:", false)): null

25-10-2024T01:27:53 - [MESSAGE][PASSED] - Text 'Tax Amount:' is present on page 

25-10-2024T01:27:53 - [TEST_STEP][PASSED] - isRequiredTextPresent = true: null

25-10-2024T01:27:53 - [TEST_STEP][PASSED] - if (isRequiredTextPresent): null

25-10-2024T01:27:53 - [TEST_STEP][PASSED] - if (verifyTextPresent("Amount:", false)): null

25-10-2024T01:27:53 - [MESSAGE][PASSED] - Text 'Amount:' is present on page 

25-10-2024T01:27:53 - [TEST_STEP][PASSED] - isRequiredTextPresent = true: null

25-10-2024T01:27:53 - [TEST_STEP][PASSED] - if (isRequiredTextPresent): null

25-10-2024T01:27:53 - [TEST_STEP][PASSED] - if (verifyTextPresent("Transaction Type:", false)): null

25-10-2024T01:27:54 - [MESSAGE][PASSED] - Text 'Transaction Type:' is present on page 

25-10-2024T01:27:54 - [TEST_STEP][PASSED] - isRequiredTextPresent = true: null

25-10-2024T01:27:54 - [TEST_STEP][PASSED] - if (isRequiredTextPresent): null

25-10-2024T01:27:54 - [TEST_STEP][PASSED] - if (verifyTextPresent("Check Information:", false)): null

25-10-2024T01:27:54 - [MESSAGE][PASSED] - Text 'Check Information:' is present on page 

25-10-2024T01:27:54 - [TEST_STEP][PASSED] - isRequiredTextPresent = true: null

25-10-2024T01:27:54 - [TEST_STEP][PASSED] - if (isRequiredTextPresent): null

25-10-2024T01:27:54 - [TEST_STEP][PASSED] - if (verifyTextPresent("Name on Account:", false)): null

25-10-2024T01:27:54 - [MESSAGE][PASSED] - Text 'Name on Account:' is present on page 

25-10-2024T01:27:54 - [TEST_STEP][PASSED] - isRequiredTextPresent = true: null

25-10-2024T01:27:54 - [TEST_STEP][PASSED] - if (isRequiredTextPresent): null

25-10-2024T01:27:54 - [TEST_STEP][PASSED] - if (verifyTextPresent("Routing Number:", false)): null

25-10-2024T01:27:54 - [MESSAGE][PASSED] - Text 'Routing Number:' is present on page 

25-10-2024T01:27:54 - [TEST_STEP][PASSED] - isRequiredTextPresent = true: null

25-10-2024T01:27:54 - [TEST_STEP][PASSED] - if (isRequiredTextPresent): null

25-10-2024T01:27:54 - [TEST_STEP][PASSED] - if (verifyTextPresent("Account Number:", false)): null

25-10-2024T01:27:55 - [MESSAGE][PASSED] - Text 'Account Number:' is present on page 

25-10-2024T01:27:55 - [TEST_STEP][PASSED] - isRequiredTextPresent = true: null

25-10-2024T01:27:55 - [TEST_STEP][PASSED] - if (isRequiredTextPresent): null

25-10-2024T01:27:55 - [TEST_STEP][PASSED] - if (verifyTextPresent("Account Type:", false)): null

25-10-2024T01:27:55 - [MESSAGE][PASSED] - Text 'Account Type:' is present on page 

25-10-2024T01:27:55 - [TEST_STEP][PASSED] - isRequiredTextPresent = true: null

25-10-2024T01:27:55 - [TEST_STEP][PASSED] - if (isRequiredTextPresent): null

25-10-2024T01:27:55 - [TEST_STEP][PASSED] - if (verifyTextPresent("Billing Information:", false)): null

25-10-2024T01:27:55 - [MESSAGE][PASSED] - Text 'Billing Information:' is present on page 

25-10-2024T01:27:55 - [TEST_STEP][PASSED] - isRequiredTextPresent = true: null

25-10-2024T01:27:55 - [TEST_STEP][PASSED] - if (isRequiredTextPresent): null

25-10-2024T01:27:55 - [TEST_STEP][PASSED] - if (verifyTextPresent("Address Line 1:", false)): null

25-10-2024T01:27:55 - [MESSAGE][PASSED] - Text 'Address Line 1:' is present on page 

25-10-2024T01:27:55 - [TEST_STEP][PASSED] - isRequiredTextPresent = true: null

25-10-2024T01:27:55 - [TEST_STEP][PASSED] - if (isRequiredTextPresent): null

25-10-2024T01:27:55 - [TEST_STEP][PASSED] - if (verifyTextPresent("Country:", false)): null

25-10-2024T01:27:56 - [MESSAGE][PASSED] - Text 'Country:' is present on page 

25-10-2024T01:27:56 - [TEST_STEP][PASSED] - isRequiredTextPresent = true: null

25-10-2024T01:27:56 - [TEST_STEP][PASSED] - if (isRequiredTextPresent): null

25-10-2024T01:27:56 - [TEST_STEP][PASSED] - if (verifyTextPresent("City:", false)): null

25-10-2024T01:27:56 - [MESSAGE][PASSED] - Text 'City:' is present on page 

25-10-2024T01:27:56 - [TEST_STEP][PASSED] - isRequiredTextPresent = true: null

25-10-2024T01:27:56 - [TEST_STEP][PASSED] - if (isRequiredTextPresent): null

25-10-2024T01:27:56 - [TEST_STEP][PASSED] - if (verifyTextPresent("State:", false)): null

25-10-2024T01:27:56 - [MESSAGE][PASSED] - Text 'State:' is present on page 

25-10-2024T01:27:56 - [TEST_STEP][PASSED] - isRequiredTextPresent = true: null

25-10-2024T01:27:56 - [TEST_STEP][PASSED] - if (isRequiredTextPresent): null

25-10-2024T01:27:56 - [TEST_STEP][PASSED] - if (verifyTextPresent("ZIP Code:", false)): null

25-10-2024T01:27:56 - [MESSAGE][PASSED] - Text 'ZIP Code:' is present on page 

25-10-2024T01:27:56 - [TEST_STEP][PASSED] - isRequiredTextPresent = true: null

25-10-2024T01:27:56 - [TEST_STEP][PASSED] - if (isRequiredTextPresent): null

25-10-2024T01:27:56 - [TEST_STEP][PASSED] - if (verifyTextPresent("Please click here to make another payment.", false)): null

25-10-2024T01:27:57 - [MESSAGE][PASSED] - Text 'Please click here to make another payment.' is present on page 

25-10-2024T01:27:57 - [TEST_STEP][PASSED] - isRequiredTextPresent = true: null

25-10-2024T01:27:57 - [TEST_STEP][PASSED] - if (isRequiredTextPresent == true): pages.WriteExcel.demoKey is PASSED

25-10-2024T01:27:57 - [TEST_STEP][PASSED] - println("All the relevant texts are present on Receipt Page"): null

25-10-2024T01:27:57 - [TEST_STEP][PASSED] - markPassed("All the relevant texts are present on Receipt Page"): All the relevant texts are present on Receipt Page

25-10-2024T01:27:57 - [MESSAGE][PASSED] - All the relevant texts are present on Receipt Page

25-10-2024T01:27:57 - [TEST_STEP][PASSED] - resText = "Pass": null

25-10-2024T01:27:57 - [TEST_STEP][PASSED] - pages.WriteExcel.demoKey(resText, datText, resColumn, datCloumn, fileLoc, nameSheet, row): pages.WriteExcel.demoKey is PASSED

25-10-2024T01:27:57 - [MESSAGE][PASSED] - pages.WriteExcel.demoKey is PASSED

25-10-2024T01:27:57 - [TEST_STEP][PASSED] - closeBrowser(): Browser is closed

25-10-2024T01:27:57 - [MESSAGE][PASSED] - Browser is closed

25-10-2024T01:27:57 - [TEST_STEP][PASSED] - ExecuteTC = findTestData(dataFile).getValue("Execute", row): null

25-10-2024T01:27:57 - [TEST_STEP][PASSED] - out.println("Value of Execute is : " + ExecuteTC): null

25-10-2024T01:27:57 - [TEST_STEP][PASSED] - if (ExecuteTC.equalsIgnoreCase("Y")): pages.WriteExcel.demoKey is PASSED

25-10-2024T01:27:57 - [TEST_STEP][PASSED] - out.println("Begin Record Number: " + row): null

25-10-2024T01:27:57 - [TEST_STEP][PASSED] - today = new java.util.Date(): null

25-10-2024T01:27:57 - [TEST_STEP][PASSED] - println(today): null

25-10-2024T01:27:57 - [TEST_STEP][PASSED] - datText = today: null

25-10-2024T01:27:57 - [TEST_STEP][PASSED] - EmulatorDataKey = findTestData(dataFile).getValue("EmulatorData", row): null

25-10-2024T01:27:57 - [TEST_STEP][PASSED] - out.println("Value of Emulator Key is : " + EmulatorDataKey): null

25-10-2024T01:27:57 - [TEST_STEP][PASSED] - iwpPages.emulatorIWP30.setDataEmulator_DD(EmulatorDataKey): iwpPages.emulatorIWP30.setDataEmulator_DD is PASSED

25-10-2024T01:27:58 - [MESSAGE][INFO] - Starting 'Edge Chromium' driver

25-10-2024T01:27:58 - [MESSAGE][INFO] - User set preference: ['acceptInsecureCerts', 'true']

25-10-2024T01:28:00 - [MESSAGE][INFO] - Action delay is set to 0 milliseconds

25-10-2024T01:28:03 - [MESSAGE][PASSED] - Browser is opened with url: 'https://qa2.velocitypayment.com/agencyx/config.action?action=editor&message_version=3_0'

25-10-2024T01:28:03 - [MESSAGE][PASSED] - Current window maximized

25-10-2024T01:28:34 - [MESSAGE][INFO] - Unable to find the element located by 'By.xpath: //select[@name='message_version']'. Please recheck the objects properties to make sure the desired element is located. 

25-10-2024T01:28:34 - [MESSAGE][WARNING] - [SELF-HEALING] Failed to find element with id 'Object Repository/IWP30/Page_VRelay30Emulator/MV'. Try using Self-healing.

25-10-2024T01:28:34 - [MESSAGE][WARNING] - [SELF-HEALING] The current locator of test object 'Object Repository/IWP30/Page_VRelay30Emulator/MV' was broken. Propose an alternative one: '(.//*[normalize-space(text()) and normalize-space(.)='Message Version'])[1]/following::select[1]'.

25-10-2024T01:28:35 - [MESSAGE][PASSED] - All options with value '3.0' are selected in object 'Object Repository/IWP30/Page_VRelay30Emulator/MV'  using regular expression

25-10-2024T01:28:36 - [MESSAGE][PASSED] - Text '10.50' is set on object 'Object Repository/IWP30/Page_EmulatorAgencyX/Amount'

25-10-2024T01:28:36 - [MESSAGE][PASSED] - Text 'AvXzna2hFk4n' is set on object 'Object Repository/IWP30/Page_EmulatorAgencyX/CAN'

25-10-2024T01:28:37 - [MESSAGE][PASSED] - Text 'PayNow' is set on object 'Object Repository/IWP30/Page_EmulatorAgencyX/Action'

25-10-2024T01:28:37 - [MESSAGE][PASSED] - Text 'en_US' is set on object 'Object Repository/IWP30/Page_EmulatorAgencyX/Lang'

25-10-2024T01:28:38 - [MESSAGE][PASSED] - Text '' is set on object 'Object Repository/IWP30/Page_EmulatorAgencyX/Fname'

25-10-2024T01:28:38 - [MESSAGE][PASSED] - Text '' is set on object 'Object Repository/IWP30/Page_EmulatorAgencyX/Lname'

25-10-2024T01:28:39 - [MESSAGE][PASSED] - Text '' is set on object 'Object Repository/IWP30/Page_EmulatorAgencyX/AL1'

25-10-2024T01:28:40 - [MESSAGE][PASSED] - Text '' is set on object 'Object Repository/IWP30/Page_EmulatorAgencyX/AL2'

25-10-2024T01:28:40 - [MESSAGE][PASSED] - Text '' is set on object 'Object Repository/IWP30/Page_EmulatorAgencyX/Country'

25-10-2024T01:28:41 - [MESSAGE][PASSED] - Text '' is set on object 'Object Repository/IWP30/Page_EmulatorAgencyX/City'

25-10-2024T01:28:41 - [MESSAGE][PASSED] - Text '' is set on object 'Object Repository/IWP30/Page_EmulatorAgencyX/State'

25-10-2024T01:28:42 - [MESSAGE][PASSED] - Text '' is set on object 'Object Repository/IWP30/Page_EmulatorAgencyX/ZIP'

25-10-2024T01:28:42 - [MESSAGE][PASSED] - Text '' is set on object 'Object Repository/IWP30/Page_EmulatorAgencyX/Order'

25-10-2024T01:28:43 - [MESSAGE][PASSED] - Text '' is set on object 'Object Repository/IWP30/Page_EmulatorAgencyX/Company'

25-10-2024T01:28:44 - [MESSAGE][PASSED] - Text '' is set on object 'Object Repository/IWP30/Page_EmulatorAgencyX/Email'

25-10-2024T01:28:44 - [MESSAGE][PASSED] - Text '' is set on object 'Object Repository/IWP30/Page_EmulatorAgencyX/UDF1'

25-10-2024T01:28:45 - [MESSAGE][PASSED] - Text '' is set on object 'Object Repository/IWP30/Page_EmulatorAgencyX/UDF2'

25-10-2024T01:28:45 - [MESSAGE][PASSED] - Text '' is set on object 'Object Repository/IWP30/Page_EmulatorAgencyX/UDF3'

25-10-2024T01:28:46 - [MESSAGE][PASSED] - Text 'udf data 4' is set on object 'Object Repository/IWP30/Page_EmulatorAgencyX/UDF4'

25-10-2024T01:28:46 - [MESSAGE][PASSED] - Text 'udf data 5' is set on object 'Object Repository/IWP30/Page_EmulatorAgencyX/UDF5'

25-10-2024T01:28:47 - [MESSAGE][PASSED] - Text '' is set on object 'Object Repository/IWP30/Page_EmulatorAgencyX/UDF6'

25-10-2024T01:28:48 - [MESSAGE][PASSED] - Text '' is set on object 'Object Repository/IWP30/Page_EmulatorAgencyX/UDF7'

25-10-2024T01:28:48 - [MESSAGE][PASSED] - Text '' is set on object 'Object Repository/IWP30/Page_EmulatorAgencyX/UDF8'

25-10-2024T01:28:49 - [MESSAGE][PASSED] - Text 'udf data 9' is set on object 'Object Repository/IWP30/Page_EmulatorAgencyX/UDF9'

25-10-2024T01:28:49 - [MESSAGE][PASSED] - Text 'udf data 10' is set on object 'Object Repository/IWP30/Page_EmulatorAgencyX/UDF10'

25-10-2024T01:28:51 - [MESSAGE][PASSED] - Object: 'Object Repository/IWP30/Page_EmulatorAgencyX/Submit' is clicked on

25-10-2024T01:28:55 - [MESSAGE][PASSED] - Browser is closed

25-10-2024T01:28:59 - [MESSAGE][PASSED] - iwpPages.emulatorIWP30.setDataEmulator_DD is PASSED

25-10-2024T01:28:59 - [TEST_STEP][PASSED] - testHarnessURL = urlTestHarness: null

25-10-2024T01:28:59 - [TEST_STEP][PASSED] - openBrowser(testHarnessURL): Browser is opened with url: 'https://dev-algorithm.govolution.com/vrelaytest/QA2/version_2_2/vrelaytest.html'

25-10-2024T01:28:59 - [MESSAGE][INFO] - Starting 'Edge Chromium' driver

25-10-2024T01:28:59 - [MESSAGE][INFO] - User set preference: ['acceptInsecureCerts', 'true']

25-10-2024T01:29:01 - [MESSAGE][INFO] - Action delay is set to 0 milliseconds

25-10-2024T01:29:05 - [MESSAGE][PASSED] - Browser is opened with url: 'https://dev-algorithm.govolution.com/vrelaytest/QA2/version_2_2/vrelaytest.html'

25-10-2024T01:29:05 - [TEST_STEP][PASSED] - maximizeWindow(): Current window maximized

25-10-2024T01:29:05 - [MESSAGE][PASSED] - Current window maximized

25-10-2024T01:29:05 - [TEST_STEP][PASSED] - iwpPages.TestHarnessPage.setDataMethod(row, dataFile): iwpPages.TestHarnessPage.setDataMethod is PASSED

25-10-2024T01:29:05 - [MESSAGE][PASSED] - Object 'Object Repository/IWP30/Page_QATestHarness/RemittanceID' is present

25-10-2024T01:29:06 - [MESSAGE][PASSED] - Text '649' is set on object 'Object Repository/IWP30/Page_QATestHarness/ApplicationID'

25-10-2024T01:29:06 - [MESSAGE][PASSED] - Text '3.0' is set on object 'Object Repository/IWP30/Page_QATestHarness/MessageVersion'

25-10-2024T01:29:07 - [MESSAGE][PASSED] - Text 'mJK9ZZ1v7F0b' is set on object 'Object Repository/IWP30/Page_QATestHarness/RemittanceID'

25-10-2024T01:29:11 - [MESSAGE][PASSED] - Object: 'Object Repository/IWP30/Page_QATestHarness/SubmitButton' is clicked on

25-10-2024T01:29:11 - [MESSAGE][PASSED] - iwpPages.TestHarnessPage.setDataMethod is PASSED

25-10-2024T01:29:11 - [TEST_STEP][PASSED] - click(findTestObject("Object Repository/IWP30/Page_SelectPaymentMethod/PayByPersonalCheck")): Object: 'Object Repository/IWP30/Page_SelectPaymentMethod/PayByPersonalCheck' is clicked on

25-10-2024T01:29:11 - [MESSAGE][PASSED] - Object: 'Object Repository/IWP30/Page_SelectPaymentMethod/PayByPersonalCheck' is clicked on

25-10-2024T01:29:11 - [TEST_STEP][PASSED] - click(findTestObject("Object Repository/IWP30/Page_SelectPaymentMethod/MakePaymentButton")): Object: 'Object Repository/IWP30/Page_SelectPaymentMethod/MakePaymentButton' is clicked on

25-10-2024T01:29:14 - [MESSAGE][PASSED] - Object: 'Object Repository/IWP30/Page_SelectPaymentMethod/MakePaymentButton' is clicked on

25-10-2024T01:29:14 - [TEST_STEP][PASSED] - iwpPages.achPersonalPaymentEntryPage.setDataACHPPM(row, dataFile): iwpPages.achPersonalPaymentEntryPage.setDataACHPPM is PASSED

25-10-2024T01:29:15 - [MESSAGE][PASSED] - Object 'Object Repository/IWP30/Page_ACHPersonalPaymentEntry/txt_accountNumber' is present

25-10-2024T01:29:15 - [MESSAGE][PASSED] - Text '10.50' is set on object 'Object Repository/IWP30/Page_ACHPersonalPaymentEntry/txt_Amount'

25-10-2024T01:29:15 - [MESSAGE][PASSED] - Object 'Object Repository/IWP30/Page_ACHPersonalPaymentEntry/txt_UDF2' is present

25-10-2024T01:29:16 - [MESSAGE][PASSED] - Text 'udf data 2' is set on object 'Object Repository/IWP30/Page_ACHPersonalPaymentEntry/txt_UDF2'

25-10-2024T01:29:17 - [MESSAGE][PASSED] - Text 'udf data 3' is set on object 'Object Repository/IWP30/Page_ACHPersonalPaymentEntry/txt_UDF3'

25-10-2024T01:29:17 - [MESSAGE][PASSED] - All options with label 'Orange' are selected in object 'Object Repository/IWP30/Page_ACHPersonalPaymentEntry/dd_UDF7' 

25-10-2024T01:29:18 - [MESSAGE][PASSED] - All options with label 'Soccer' are selected in object 'Object Repository/IWP30/Page_ACHPersonalPaymentEntry/dd_UDF8' 

25-10-2024T01:29:18 - [MESSAGE][PASSED] - Object 'Object Repository/IWP30/Page_ACHPersonalPaymentEntry/txt_Firstname' is present

25-10-2024T01:29:18 - [MESSAGE][PASSED] - Text 'Curlonty' is set on object 'Object Repository/IWP30/Page_ACHPersonalPaymentEntry/txt_Firstname'

25-10-2024T01:29:19 - [MESSAGE][PASSED] - Object 'Object Repository/IWP30/Page_ACHPersonalPaymentEntry/txt_Lastname' is present

25-10-2024T01:29:19 - [MESSAGE][PASSED] - Text 'Lachuga' is set on object 'Object Repository/IWP30/Page_ACHPersonalPaymentEntry/txt_Lastname'

25-10-2024T01:29:20 - [MESSAGE][PASSED] - Object 'Object Repository/IWP30/Page_ACHPersonalPaymentEntry/txt_routingNumber' is present

25-10-2024T01:29:20 - [MESSAGE][PASSED] - Text '256072691' is set on object 'Object Repository/IWP30/Page_ACHPersonalPaymentEntry/txt_routingNumber'

25-10-2024T01:29:20 - [MESSAGE][PASSED] - Object 'Object Repository/IWP30/Page_ACHPersonalPaymentEntry/txt_accountNumber' is present

25-10-2024T01:29:21 - [MESSAGE][PASSED] - Text '12342222' is set on object 'Object Repository/IWP30/Page_ACHPersonalPaymentEntry/txt_accountNumber'

25-10-2024T01:29:22 - [MESSAGE][PASSED] - Object 'Object Repository/IWP30/Page_ACHPersonalPaymentEntry/txt_confirmAccountNumber' is present

25-10-2024T01:29:22 - [MESSAGE][PASSED] - Text '12342222' is set on object 'Object Repository/IWP30/Page_ACHPersonalPaymentEntry/txt_confirmAccountNumber'

25-10-2024T01:29:23 - [MESSAGE][PASSED] - Object 'Object Repository/IWP30/Page_ACHPersonalPaymentEntry/rd_accountType' is present

25-10-2024T01:29:23 - [MESSAGE][PASSED] - Modify property of object successfully

25-10-2024T01:29:23 - [MESSAGE][PASSED] - Object: 'Object Repository/IWP30/Page_ACHPersonalPaymentEntry/rd_accountType' is clicked on

25-10-2024T01:29:23 - [MESSAGE][PASSED] - Text '365 Main Avenue' is set on object 'Object Repository/IWP30/Page_ACHPersonalPaymentEntry/txt_AL1'

25-10-2024T01:29:24 - [MESSAGE][PASSED] - Text '22201' is set on object 'Object Repository/IWP30/Page_ACHPersonalPaymentEntry/txt_ZIP'

25-10-2024T01:29:24 - [MESSAGE][PASSED] - Object 'Object Repository/IWP30/Page_ACHPersonalPaymentEntry/txt_Email' is present

25-10-2024T01:29:25 - [MESSAGE][PASSED] - Text 'iahmed@govolution.com' is set on object 'Object Repository/IWP30/Page_ACHPersonalPaymentEntry/txt_Email'

25-10-2024T01:29:26 - [MESSAGE][PASSED] - Object 'Object Repository/IWP30/Page_ACHPersonalPaymentEntry/cb_TermsAndCond' is present

25-10-2024T01:29:26 - [MESSAGE][PASSED] - Object: 'Object Repository/IWP30/Page_ACHPersonalPaymentEntry/cb_TermsAndCond' is clicked on

25-10-2024T01:29:26 - [MESSAGE][PASSED] - Object 'Object Repository/IWP30/Page_ACHPersonalPaymentEntry/btn_Continue' is present

25-10-2024T01:29:27 - [MESSAGE][PASSED] - Object: 'Object Repository/IWP30/Page_ACHPersonalPaymentEntry/btn_Continue' is clicked on

25-10-2024T01:29:27 - [MESSAGE][PASSED] - iwpPages.achPersonalPaymentEntryPage.setDataACHPPM is PASSED

25-10-2024T01:29:27 - [TEST_STEP][PASSED] - click(findTestObject("Object Repository/IWP30/Page_Confirmation/ConfirmButton")): Object: 'Object Repository/IWP30/Page_Confirmation/ConfirmButton' is clicked on

25-10-2024T01:29:59 - [MESSAGE][INFO] - Unable to find the element located by 'By.xpath: //*[@type = 'submit' and @name = 'confirmNotifyAction' and @id = 'submitYes' and @value = 'Confirm']'. Please recheck the objects properties to make sure the desired element is located. 

25-10-2024T01:29:59 - [MESSAGE][WARNING] - [SELF-HEALING] Failed to find element with id 'Object Repository/IWP30/Page_Confirmation/ConfirmButton'. Try using Self-healing.

25-10-2024T01:29:59 - [MESSAGE][WARNING] - [SELF-HEALING] The current locator of test object 'Object Repository/IWP30/Page_Confirmation/ConfirmButton' was broken. Propose an alternative one: '//div/input'.

25-10-2024T01:30:00 - [MESSAGE][PASSED] - Object: 'Object Repository/IWP30/Page_Confirmation/ConfirmButton' is clicked on

25-10-2024T01:30:00 - [TEST_STEP][PASSED] - Thread.sleep(15000): null

25-10-2024T01:30:15 - [TEST_STEP][PASSED] - if (verifyTextPresent("Make a Real Estate Payment", false)): null

25-10-2024T01:30:16 - [MESSAGE][PASSED] - Text 'Make a Real Estate Payment' is present on page 

25-10-2024T01:30:16 - [TEST_STEP][PASSED] - isRequiredTextPresent = true: null

25-10-2024T01:30:16 - [TEST_STEP][PASSED] - println(isRequiredTextPresent): null

25-10-2024T01:30:16 - [TEST_STEP][PASSED] - if (isRequiredTextPresent): null

25-10-2024T01:30:16 - [TEST_STEP][PASSED] - if (verifyTextPresent("Successful Payment Receipt", false)): null

25-10-2024T01:30:16 - [MESSAGE][PASSED] - Text 'Successful Payment Receipt' is present on page 

25-10-2024T01:30:16 - [TEST_STEP][PASSED] - isRequiredTextPresent = true: null

25-10-2024T01:30:16 - [TEST_STEP][PASSED] - println(isRequiredTextPresent): null

25-10-2024T01:30:16 - [TEST_STEP][PASSED] - if (isRequiredTextPresent): null

25-10-2024T01:30:16 - [TEST_STEP][PASSED] - if (verifyTextPresent("Please print this receipt for your records", false)): null

25-10-2024T01:30:16 - [MESSAGE][PASSED] - Text 'Please print this receipt for your records' is present on page 

25-10-2024T01:30:16 - [TEST_STEP][PASSED] - isRequiredTextPresent = true: null

25-10-2024T01:30:16 - [TEST_STEP][PASSED] - if (isRequiredTextPresent): null

25-10-2024T01:30:16 - [TEST_STEP][PASSED] - if (verifyTextPresent("Remittance ID:", false)): null

25-10-2024T01:30:16 - [MESSAGE][PASSED] - Text 'Remittance ID:' is present on page 

25-10-2024T01:30:16 - [TEST_STEP][PASSED] - isRequiredTextPresent = true: null

25-10-2024T01:30:16 - [TEST_STEP][PASSED] - if (isRequiredTextPresent): null

25-10-2024T01:30:16 - [TEST_STEP][PASSED] - if (verifyTextPresent("Payment ID:", false)): null

25-10-2024T01:30:17 - [MESSAGE][PASSED] - Text 'Payment ID:' is present on page 

25-10-2024T01:30:17 - [TEST_STEP][PASSED] - isRequiredTextPresent = true: null

25-10-2024T01:30:17 - [TEST_STEP][PASSED] - if (isRequiredTextPresent): null

25-10-2024T01:30:17 - [TEST_STEP][PASSED] - if (verifyTextPresent("CAN Label:", false)): null

25-10-2024T01:30:17 - [MESSAGE][PASSED] - Text 'CAN Label:' is present on page 

25-10-2024T01:30:17 - [TEST_STEP][PASSED] - isRequiredTextPresent = true: null

25-10-2024T01:30:17 - [TEST_STEP][PASSED] - if (isRequiredTextPresent): null

25-10-2024T01:30:17 - [TEST_STEP][PASSED] - if (verifyTextPresent("Received:", false)): null

25-10-2024T01:30:17 - [MESSAGE][PASSED] - Text 'Received:' is present on page 

25-10-2024T01:30:17 - [TEST_STEP][PASSED] - isRequiredTextPresent = true: null

25-10-2024T01:30:17 - [TEST_STEP][PASSED] - if (isRequiredTextPresent): null

25-10-2024T01:30:17 - [TEST_STEP][PASSED] - if (verifyTextPresent("UDF1 Label:", false)): null

25-10-2024T01:30:18 - [MESSAGE][PASSED] - Text 'UDF1 Label:' is present on page 

25-10-2024T01:30:18 - [TEST_STEP][PASSED] - isRequiredTextPresent = true: null

25-10-2024T01:30:18 - [TEST_STEP][PASSED] - if (isRequiredTextPresent): null

25-10-2024T01:30:18 - [TEST_STEP][PASSED] - if (verifyTextPresent("UDF2 Label:", false)): null

25-10-2024T01:30:18 - [MESSAGE][PASSED] - Text 'UDF2 Label:' is present on page 

25-10-2024T01:30:18 - [TEST_STEP][PASSED] - isRequiredTextPresent = true: null

25-10-2024T01:30:18 - [TEST_STEP][PASSED] - if (isRequiredTextPresent): null

25-10-2024T01:30:18 - [TEST_STEP][PASSED] - if (verifyTextPresent("UDF3 Label:", false)): null

25-10-2024T01:30:18 - [MESSAGE][PASSED] - Text 'UDF3 Label:' is present on page 

25-10-2024T01:30:18 - [TEST_STEP][PASSED] - isRequiredTextPresent = true: null

25-10-2024T01:30:18 - [TEST_STEP][PASSED] - if (isRequiredTextPresent): null

25-10-2024T01:30:18 - [TEST_STEP][PASSED] - if (verifyTextPresent("UDF4 Label:", false)): null

25-10-2024T01:30:18 - [MESSAGE][PASSED] - Text 'UDF4 Label:' is present on page 

25-10-2024T01:30:18 - [TEST_STEP][PASSED] - isRequiredTextPresent = true: null

25-10-2024T01:30:18 - [TEST_STEP][PASSED] - if (isRequiredTextPresent): null

25-10-2024T01:30:18 - [TEST_STEP][PASSED] - if (verifyTextPresent("UDF6 Label:", false)): null

25-10-2024T01:30:19 - [MESSAGE][PASSED] - Text 'UDF6 Label:' is present on page 

25-10-2024T01:30:19 - [TEST_STEP][PASSED] - isRequiredTextPresent = true: null

25-10-2024T01:30:19 - [TEST_STEP][PASSED] - if (isRequiredTextPresent): null

25-10-2024T01:30:19 - [TEST_STEP][PASSED] - if (verifyTextPresent("UDF7 Label:", false)): null

25-10-2024T01:30:19 - [MESSAGE][PASSED] - Text 'UDF7 Label:' is present on page 

25-10-2024T01:30:19 - [TEST_STEP][PASSED] - isRequiredTextPresent = true: null

25-10-2024T01:30:19 - [TEST_STEP][PASSED] - if (isRequiredTextPresent): null

25-10-2024T01:30:19 - [TEST_STEP][PASSED] - if (verifyTextPresent("UDF8 Label:", false)): null

25-10-2024T01:30:19 - [MESSAGE][PASSED] - Text 'UDF8 Label:' is present on page 

25-10-2024T01:30:19 - [TEST_STEP][PASSED] - isRequiredTextPresent = true: null

25-10-2024T01:30:19 - [TEST_STEP][PASSED] - if (isRequiredTextPresent): null

25-10-2024T01:30:19 - [TEST_STEP][PASSED] - if (verifyTextPresent("UDF9 Label:", false)): null

25-10-2024T01:30:19 - [MESSAGE][PASSED] - Text 'UDF9 Label:' is present on page 

25-10-2024T01:30:19 - [TEST_STEP][PASSED] - isRequiredTextPresent = true: null

25-10-2024T01:30:19 - [TEST_STEP][PASSED] - if (isRequiredTextPresent): null

25-10-2024T01:30:19 - [TEST_STEP][PASSED] - if (verifyTextPresent("Tax Amount:", false)): null

25-10-2024T01:30:20 - [MESSAGE][PASSED] - Text 'Tax Amount:' is present on page 

25-10-2024T01:30:20 - [TEST_STEP][PASSED] - isRequiredTextPresent = true: null

25-10-2024T01:30:20 - [TEST_STEP][PASSED] - if (isRequiredTextPresent): null

25-10-2024T01:30:20 - [TEST_STEP][PASSED] - if (verifyTextPresent("Amount:", false)): null

25-10-2024T01:30:20 - [MESSAGE][PASSED] - Text 'Amount:' is present on page 

25-10-2024T01:30:20 - [TEST_STEP][PASSED] - isRequiredTextPresent = true: null

25-10-2024T01:30:20 - [TEST_STEP][PASSED] - if (isRequiredTextPresent): null

25-10-2024T01:30:20 - [TEST_STEP][PASSED] - if (verifyTextPresent("Transaction Type:", false)): null

25-10-2024T01:30:20 - [MESSAGE][PASSED] - Text 'Transaction Type:' is present on page 

25-10-2024T01:30:20 - [TEST_STEP][PASSED] - isRequiredTextPresent = true: null

25-10-2024T01:30:20 - [TEST_STEP][PASSED] - if (isRequiredTextPresent): null

25-10-2024T01:30:20 - [TEST_STEP][PASSED] - if (verifyTextPresent("Check Information:", false)): null

25-10-2024T01:30:20 - [MESSAGE][PASSED] - Text 'Check Information:' is present on page 

25-10-2024T01:30:20 - [TEST_STEP][PASSED] - isRequiredTextPresent = true: null

25-10-2024T01:30:20 - [TEST_STEP][PASSED] - if (isRequiredTextPresent): null

25-10-2024T01:30:20 - [TEST_STEP][PASSED] - if (verifyTextPresent("Name on Account:", false)): null

25-10-2024T01:30:21 - [MESSAGE][PASSED] - Text 'Name on Account:' is present on page 

25-10-2024T01:30:21 - [TEST_STEP][PASSED] - isRequiredTextPresent = true: null

25-10-2024T01:30:21 - [TEST_STEP][PASSED] - if (isRequiredTextPresent): null

25-10-2024T01:30:21 - [TEST_STEP][PASSED] - if (verifyTextPresent("Routing Number:", false)): null

25-10-2024T01:30:21 - [MESSAGE][PASSED] - Text 'Routing Number:' is present on page 

25-10-2024T01:30:21 - [TEST_STEP][PASSED] - isRequiredTextPresent = true: null

25-10-2024T01:30:21 - [TEST_STEP][PASSED] - if (isRequiredTextPresent): null

25-10-2024T01:30:21 - [TEST_STEP][PASSED] - if (verifyTextPresent("Account Number:", false)): null

25-10-2024T01:30:21 - [MESSAGE][PASSED] - Text 'Account Number:' is present on page 

25-10-2024T01:30:21 - [TEST_STEP][PASSED] - isRequiredTextPresent = true: null

25-10-2024T01:30:21 - [TEST_STEP][PASSED] - if (isRequiredTextPresent): null

25-10-2024T01:30:21 - [TEST_STEP][PASSED] - if (verifyTextPresent("Account Type:", false)): null

25-10-2024T01:30:21 - [MESSAGE][PASSED] - Text 'Account Type:' is present on page 

25-10-2024T01:30:21 - [TEST_STEP][PASSED] - isRequiredTextPresent = true: null

25-10-2024T01:30:21 - [TEST_STEP][PASSED] - if (isRequiredTextPresent): null

25-10-2024T01:30:21 - [TEST_STEP][PASSED] - if (verifyTextPresent("Billing Information:", false)): null

25-10-2024T01:30:22 - [MESSAGE][PASSED] - Text 'Billing Information:' is present on page 

25-10-2024T01:30:22 - [TEST_STEP][PASSED] - isRequiredTextPresent = true: null

25-10-2024T01:30:22 - [TEST_STEP][PASSED] - if (isRequiredTextPresent): null

25-10-2024T01:30:22 - [TEST_STEP][PASSED] - if (verifyTextPresent("Address Line 1:", false)): null

25-10-2024T01:30:22 - [MESSAGE][PASSED] - Text 'Address Line 1:' is present on page 

25-10-2024T01:30:22 - [TEST_STEP][PASSED] - isRequiredTextPresent = true: null

25-10-2024T01:30:22 - [TEST_STEP][PASSED] - if (isRequiredTextPresent): null

25-10-2024T01:30:22 - [TEST_STEP][PASSED] - if (verifyTextPresent("Country:", false)): null

25-10-2024T01:30:22 - [MESSAGE][PASSED] - Text 'Country:' is present on page 

25-10-2024T01:30:22 - [TEST_STEP][PASSED] - isRequiredTextPresent = true: null

25-10-2024T01:30:22 - [TEST_STEP][PASSED] - if (isRequiredTextPresent): null

25-10-2024T01:30:22 - [TEST_STEP][PASSED] - if (verifyTextPresent("City:", false)): null

25-10-2024T01:30:23 - [MESSAGE][PASSED] - Text 'City:' is present on page 

25-10-2024T01:30:23 - [TEST_STEP][PASSED] - isRequiredTextPresent = true: null

25-10-2024T01:30:23 - [TEST_STEP][PASSED] - if (isRequiredTextPresent): null

25-10-2024T01:30:23 - [TEST_STEP][PASSED] - if (verifyTextPresent("State:", false)): null

25-10-2024T01:30:23 - [MESSAGE][PASSED] - Text 'State:' is present on page 

25-10-2024T01:30:23 - [TEST_STEP][PASSED] - isRequiredTextPresent = true: null

25-10-2024T01:30:23 - [TEST_STEP][PASSED] - if (isRequiredTextPresent): null

25-10-2024T01:30:23 - [TEST_STEP][PASSED] - if (verifyTextPresent("ZIP Code:", false)): null

25-10-2024T01:30:23 - [MESSAGE][PASSED] - Text 'ZIP Code:' is present on page 

25-10-2024T01:30:23 - [TEST_STEP][PASSED] - isRequiredTextPresent = true: null

25-10-2024T01:30:23 - [TEST_STEP][PASSED] - if (isRequiredTextPresent): null

25-10-2024T01:30:23 - [TEST_STEP][PASSED] - if (verifyTextPresent("Please click here to make another payment.", false)): null

25-10-2024T01:30:23 - [MESSAGE][PASSED] - Text 'Please click here to make another payment.' is present on page 

25-10-2024T01:30:23 - [TEST_STEP][PASSED] - isRequiredTextPresent = true: null

25-10-2024T01:30:23 - [TEST_STEP][PASSED] - if (isRequiredTextPresent == true): pages.WriteExcel.demoKey is PASSED

25-10-2024T01:30:23 - [TEST_STEP][PASSED] - println("All the relevant texts are present on Receipt Page"): null

25-10-2024T01:30:23 - [TEST_STEP][PASSED] - markPassed("All the relevant texts are present on Receipt Page"): All the relevant texts are present on Receipt Page

25-10-2024T01:30:23 - [MESSAGE][PASSED] - All the relevant texts are present on Receipt Page

25-10-2024T01:30:23 - [TEST_STEP][PASSED] - resText = "Pass": null

25-10-2024T01:30:23 - [TEST_STEP][PASSED] - pages.WriteExcel.demoKey(resText, datText, resColumn, datCloumn, fileLoc, nameSheet, row): pages.WriteExcel.demoKey is PASSED

25-10-2024T01:30:23 - [MESSAGE][PASSED] - pages.WriteExcel.demoKey is PASSED

25-10-2024T01:30:23 - [TEST_STEP][PASSED] - closeBrowser(): Browser is closed

25-10-2024T01:30:24 - [MESSAGE][PASSED] - Browser is closed]]></system-out>
         <system-err><![CDATA[]]></system-err>
      </testcase>
      <testcase name="Test Cases/IntegratedWeb/IWP25/Payments/VerifyReceiptPageLabelsPS" time="267.009" classname="Test Cases/IntegratedWeb/IWP25/Payments/VerifyReceiptPageLabelsPS" status="PASSED">
         <system-out><![CDATA[25-10-2024T01:30:24 - [TEST_CASE][PASSED] - Test Cases/IntegratedWeb/IWP25/Payments/VerifyReceiptPageLabelsPS: Test Cases/IntegratedWeb/IWP25/Payments/VerifyReceiptPageLabelsPS

25-10-2024T01:30:24 - [TEST_STEP][PASSED] - resText = "Fail": null

25-10-2024T01:30:24 - [TEST_STEP][PASSED] - resColumn = "Result": null

25-10-2024T01:30:24 - [TEST_STEP][PASSED] - datCloumn = "Date": null

25-10-2024T01:30:24 - [TEST_STEP][PASSED] - fileLoc = "KatalonData/IWPTestData/VRelay25Payments.xlsx": null

25-10-2024T01:30:24 - [TEST_STEP][PASSED] - numOfRows = <not implemented yet for class: org.codehaus.groovy.ast.expr.EmptyExpression>: null

25-10-2024T01:30:24 - [TEST_STEP][PASSED] - dataFile = <not implemented yet for class: org.codehaus.groovy.ast.expr.EmptyExpression>: null

25-10-2024T01:30:24 - [TEST_STEP][PASSED] - nameSheet = <not implemented yet for class: org.codehaus.groovy.ast.expr.EmptyExpression>: null

25-10-2024T01:30:24 - [TEST_STEP][PASSED] - dataFileEmulator = <not implemented yet for class: org.codehaus.groovy.ast.expr.EmptyExpression>: null

25-10-2024T01:30:24 - [TEST_STEP][PASSED] - isRequiredTextPresent = false: null

25-10-2024T01:30:24 - [TEST_STEP][PASSED] - nameSheet = "VerifyReceiptPageLabelsPS": null

25-10-2024T01:30:24 - [TEST_STEP][PASSED] - dataFile = "IWPTestData/IWP25VerifyReceiptPageLabelsPS": null

25-10-2024T01:30:24 - [TEST_STEP][PASSED] - dataFileEmulator = "IWPTestData/EmulatorData": null

25-10-2024T01:30:24 - [TEST_STEP][PASSED] - numOfRows = findTestData(dataFile).getRowNumbers(): null

25-10-2024T01:30:24 - [TEST_STEP][PASSED] - println("Number of Records: " + numOfRows): null

25-10-2024T01:30:24 - [TEST_STEP][PASSED] - for ([row = 1, row <= numOfRows, (row++)]): Browser is closed

25-10-2024T01:30:24 - [TEST_STEP][PASSED] - ExecuteTC = findTestData(dataFile).getValue("Execute", row): null

25-10-2024T01:30:24 - [TEST_STEP][PASSED] - out.println("Value of Execute is : " + ExecuteTC): null

25-10-2024T01:30:24 - [TEST_STEP][PASSED] - if (ExecuteTC.equalsIgnoreCase("Y")): pages.WriteExcel.demoKey is PASSED

25-10-2024T01:30:24 - [TEST_STEP][PASSED] - out.println("Begin Record Number: " + row): null

25-10-2024T01:30:24 - [TEST_STEP][PASSED] - today = new java.util.Date(): null

25-10-2024T01:30:24 - [TEST_STEP][PASSED] - println(today): null

25-10-2024T01:30:24 - [TEST_STEP][PASSED] - datText = today: null

25-10-2024T01:30:24 - [TEST_STEP][PASSED] - EmulatorDataKey = findTestData(dataFile).getValue("EmulatorData", row): null

25-10-2024T01:30:24 - [TEST_STEP][PASSED] - out.println("Value of Emulator Key is : " + EmulatorDataKey): null

25-10-2024T01:30:24 - [TEST_STEP][PASSED] - iwpPages.emulatorIWP30.setDataEmulator_DD(EmulatorDataKey): iwpPages.emulatorIWP30.setDataEmulator_DD is PASSED

25-10-2024T01:30:25 - [MESSAGE][INFO] - Starting 'Edge Chromium' driver

25-10-2024T01:30:25 - [MESSAGE][INFO] - User set preference: ['acceptInsecureCerts', 'true']

25-10-2024T01:30:27 - [MESSAGE][INFO] - Action delay is set to 0 milliseconds

25-10-2024T01:30:30 - [MESSAGE][PASSED] - Browser is opened with url: 'https://qa2.velocitypayment.com/agencyx/config.action?action=editor&message_version=2_5'

25-10-2024T01:30:30 - [MESSAGE][PASSED] - Current window maximized

25-10-2024T01:31:02 - [MESSAGE][INFO] - Unable to find the element located by 'By.xpath: //select[@name='message_version']'. Please recheck the objects properties to make sure the desired element is located. 

25-10-2024T01:31:02 - [MESSAGE][WARNING] - [SELF-HEALING] Failed to find element with id 'Object Repository/IWP30/Page_VRelay30Emulator/MV'. Try using Self-healing.

25-10-2024T01:31:02 - [MESSAGE][WARNING] - [SELF-HEALING] The current locator of test object 'Object Repository/IWP30/Page_VRelay30Emulator/MV' was broken. Propose an alternative one: '(.//*[normalize-space(text()) and normalize-space(.)='Message Version'])[1]/following::select[1]'.

25-10-2024T01:31:02 - [MESSAGE][PASSED] - All options with value '2.5' are selected in object 'Object Repository/IWP30/Page_VRelay30Emulator/MV'  using regular expression

25-10-2024T01:31:03 - [MESSAGE][PASSED] - Text '10.50' is set on object 'Object Repository/IWP30/Page_EmulatorAgencyX/Amount'

25-10-2024T01:31:04 - [MESSAGE][PASSED] - Text '6pXy8wEDV3l5' is set on object 'Object Repository/IWP30/Page_EmulatorAgencyX/CAN'

25-10-2024T01:31:04 - [MESSAGE][PASSED] - Text 'PayNow' is set on object 'Object Repository/IWP30/Page_EmulatorAgencyX/Action'

25-10-2024T01:31:05 - [MESSAGE][PASSED] - Text 'en_US' is set on object 'Object Repository/IWP30/Page_EmulatorAgencyX/Lang'

25-10-2024T01:31:05 - [MESSAGE][PASSED] - Text '' is set on object 'Object Repository/IWP30/Page_EmulatorAgencyX/Fname'

25-10-2024T01:31:06 - [MESSAGE][PASSED] - Text '' is set on object 'Object Repository/IWP30/Page_EmulatorAgencyX/Lname'

25-10-2024T01:31:06 - [MESSAGE][PASSED] - Text '' is set on object 'Object Repository/IWP30/Page_EmulatorAgencyX/AL1'

25-10-2024T01:31:07 - [MESSAGE][PASSED] - Text '' is set on object 'Object Repository/IWP30/Page_EmulatorAgencyX/AL2'

25-10-2024T01:31:08 - [MESSAGE][PASSED] - Text '' is set on object 'Object Repository/IWP30/Page_EmulatorAgencyX/Country'

25-10-2024T01:31:08 - [MESSAGE][PASSED] - Text '' is set on object 'Object Repository/IWP30/Page_EmulatorAgencyX/City'

25-10-2024T01:31:09 - [MESSAGE][PASSED] - Text '' is set on object 'Object Repository/IWP30/Page_EmulatorAgencyX/State'

25-10-2024T01:31:09 - [MESSAGE][PASSED] - Text '' is set on object 'Object Repository/IWP30/Page_EmulatorAgencyX/ZIP'

25-10-2024T01:31:10 - [MESSAGE][PASSED] - Text '' is set on object 'Object Repository/IWP30/Page_EmulatorAgencyX/Order'

25-10-2024T01:31:10 - [MESSAGE][PASSED] - Text '' is set on object 'Object Repository/IWP30/Page_EmulatorAgencyX/Company'

25-10-2024T01:31:11 - [MESSAGE][PASSED] - Text '' is set on object 'Object Repository/IWP30/Page_EmulatorAgencyX/Email'

25-10-2024T01:31:12 - [MESSAGE][PASSED] - Text '' is set on object 'Object Repository/IWP30/Page_EmulatorAgencyX/UDF1'

25-10-2024T01:31:12 - [MESSAGE][PASSED] - Text '' is set on object 'Object Repository/IWP30/Page_EmulatorAgencyX/UDF2'

25-10-2024T01:31:13 - [MESSAGE][PASSED] - Text '' is set on object 'Object Repository/IWP30/Page_EmulatorAgencyX/UDF3'

25-10-2024T01:31:13 - [MESSAGE][PASSED] - Text 'udf data 4' is set on object 'Object Repository/IWP30/Page_EmulatorAgencyX/UDF4'

25-10-2024T01:31:14 - [MESSAGE][PASSED] - Text 'udf data 5' is set on object 'Object Repository/IWP30/Page_EmulatorAgencyX/UDF5'

25-10-2024T01:31:14 - [MESSAGE][PASSED] - Text '' is set on object 'Object Repository/IWP30/Page_EmulatorAgencyX/UDF6'

25-10-2024T01:31:15 - [MESSAGE][PASSED] - Text '' is set on object 'Object Repository/IWP30/Page_EmulatorAgencyX/UDF7'

25-10-2024T01:31:16 - [MESSAGE][PASSED] - Text '' is set on object 'Object Repository/IWP30/Page_EmulatorAgencyX/UDF8'

25-10-2024T01:31:16 - [MESSAGE][PASSED] - Text 'udf data 9' is set on object 'Object Repository/IWP30/Page_EmulatorAgencyX/UDF9'

25-10-2024T01:31:17 - [MESSAGE][PASSED] - Text 'udf data 10' is set on object 'Object Repository/IWP30/Page_EmulatorAgencyX/UDF10'

25-10-2024T01:31:18 - [MESSAGE][PASSED] - Object: 'Object Repository/IWP30/Page_EmulatorAgencyX/Submit' is clicked on

25-10-2024T01:31:23 - [MESSAGE][PASSED] - Browser is closed

25-10-2024T01:31:27 - [MESSAGE][PASSED] - iwpPages.emulatorIWP30.setDataEmulator_DD is PASSED

25-10-2024T01:31:27 - [TEST_STEP][PASSED] - testHarnessURL = urlTestHarness: null

25-10-2024T01:31:27 - [TEST_STEP][PASSED] - openBrowser(testHarnessURL): Browser is opened with url: 'https://dev-algorithm.govolution.com/vrelaytest/QA2/version_2_2/vrelaytest.html'

25-10-2024T01:31:27 - [MESSAGE][INFO] - Starting 'Edge Chromium' driver

25-10-2024T01:31:27 - [MESSAGE][INFO] - User set preference: ['acceptInsecureCerts', 'true']

25-10-2024T01:31:29 - [MESSAGE][INFO] - Action delay is set to 0 milliseconds

25-10-2024T01:31:32 - [MESSAGE][PASSED] - Browser is opened with url: 'https://dev-algorithm.govolution.com/vrelaytest/QA2/version_2_2/vrelaytest.html'

25-10-2024T01:31:32 - [TEST_STEP][PASSED] - maximizeWindow(): Current window maximized

25-10-2024T01:31:32 - [MESSAGE][PASSED] - Current window maximized

25-10-2024T01:31:32 - [TEST_STEP][PASSED] - iwpPages.TestHarnessPage.setDataMethod(row, dataFile): iwpPages.TestHarnessPage.setDataMethod is PASSED

25-10-2024T01:31:32 - [MESSAGE][PASSED] - Object 'Object Repository/IWP30/Page_QATestHarness/RemittanceID' is present

25-10-2024T01:31:33 - [MESSAGE][PASSED] - Text '638' is set on object 'Object Repository/IWP30/Page_QATestHarness/ApplicationID'

25-10-2024T01:31:34 - [MESSAGE][PASSED] - Text '2.5' is set on object 'Object Repository/IWP30/Page_QATestHarness/MessageVersion'

25-10-2024T01:31:34 - [MESSAGE][PASSED] - Text 'zQyvcdq5pUXh' is set on object 'Object Repository/IWP30/Page_QATestHarness/RemittanceID'

25-10-2024T01:31:40 - [MESSAGE][PASSED] - Object: 'Object Repository/IWP30/Page_QATestHarness/SubmitButton' is clicked on

25-10-2024T01:31:40 - [MESSAGE][PASSED] - iwpPages.TestHarnessPage.setDataMethod is PASSED

25-10-2024T01:31:40 - [TEST_STEP][PASSED] - click(findTestObject("Object Repository/IWP30/Page_SelectPaymentMethod/PayByPersonalCheck")): Object: 'Object Repository/IWP30/Page_SelectPaymentMethod/PayByPersonalCheck' is clicked on

25-10-2024T01:31:40 - [MESSAGE][PASSED] - Object: 'Object Repository/IWP30/Page_SelectPaymentMethod/PayByPersonalCheck' is clicked on

25-10-2024T01:31:40 - [TEST_STEP][PASSED] - click(findTestObject("Object Repository/IWP30/Page_SelectPaymentMethod/MakePaymentButton")): Object: 'Object Repository/IWP30/Page_SelectPaymentMethod/MakePaymentButton' is clicked on

25-10-2024T01:31:43 - [MESSAGE][PASSED] - Object: 'Object Repository/IWP30/Page_SelectPaymentMethod/MakePaymentButton' is clicked on

25-10-2024T01:31:43 - [TEST_STEP][PASSED] - iwpPages.achPersonalPaymentEntryPage.setDataACHPPM(row, dataFile): iwpPages.achPersonalPaymentEntryPage.setDataACHPPM is PASSED

25-10-2024T01:31:44 - [MESSAGE][PASSED] - Object 'Object Repository/IWP30/Page_ACHPersonalPaymentEntry/txt_accountNumber' is present

25-10-2024T01:31:44 - [MESSAGE][PASSED] - Text '10.50' is set on object 'Object Repository/IWP30/Page_ACHPersonalPaymentEntry/txt_Amount'

25-10-2024T01:31:45 - [MESSAGE][PASSED] - Object 'Object Repository/IWP30/Page_ACHPersonalPaymentEntry/txt_UDF2' is present

25-10-2024T01:31:45 - [MESSAGE][PASSED] - Text 'udf data 2' is set on object 'Object Repository/IWP30/Page_ACHPersonalPaymentEntry/txt_UDF2'

25-10-2024T01:31:46 - [MESSAGE][PASSED] - Text 'udf data 3' is set on object 'Object Repository/IWP30/Page_ACHPersonalPaymentEntry/txt_UDF3'

25-10-2024T01:31:46 - [MESSAGE][PASSED] - All options with label 'Orange' are selected in object 'Object Repository/IWP30/Page_ACHPersonalPaymentEntry/dd_UDF7' 

25-10-2024T01:31:47 - [MESSAGE][PASSED] - All options with label 'Soccer' are selected in object 'Object Repository/IWP30/Page_ACHPersonalPaymentEntry/dd_UDF8' 

25-10-2024T01:31:47 - [MESSAGE][PASSED] - Object 'Object Repository/IWP30/Page_ACHPersonalPaymentEntry/txt_Firstname' is present

25-10-2024T01:31:48 - [MESSAGE][PASSED] - Text 'Curlonty' is set on object 'Object Repository/IWP30/Page_ACHPersonalPaymentEntry/txt_Firstname'

25-10-2024T01:31:48 - [MESSAGE][PASSED] - Object 'Object Repository/IWP30/Page_ACHPersonalPaymentEntry/txt_Lastname' is present

25-10-2024T01:31:49 - [MESSAGE][PASSED] - Text 'Lachuga' is set on object 'Object Repository/IWP30/Page_ACHPersonalPaymentEntry/txt_Lastname'

25-10-2024T01:31:49 - [MESSAGE][PASSED] - Object 'Object Repository/IWP30/Page_ACHPersonalPaymentEntry/txt_routingNumber' is present

25-10-2024T01:31:49 - [MESSAGE][PASSED] - Text '256072691' is set on object 'Object Repository/IWP30/Page_ACHPersonalPaymentEntry/txt_routingNumber'

25-10-2024T01:31:50 - [MESSAGE][PASSED] - Object 'Object Repository/IWP30/Page_ACHPersonalPaymentEntry/txt_accountNumber' is present

25-10-2024T01:31:51 - [MESSAGE][PASSED] - Text '12342222' is set on object 'Object Repository/IWP30/Page_ACHPersonalPaymentEntry/txt_accountNumber'

25-10-2024T01:31:51 - [MESSAGE][PASSED] - Object 'Object Repository/IWP30/Page_ACHPersonalPaymentEntry/txt_confirmAccountNumber' is present

25-10-2024T01:31:52 - [MESSAGE][PASSED] - Text '12342222' is set on object 'Object Repository/IWP30/Page_ACHPersonalPaymentEntry/txt_confirmAccountNumber'

25-10-2024T01:31:52 - [MESSAGE][PASSED] - Object 'Object Repository/IWP30/Page_ACHPersonalPaymentEntry/rd_accountType' is present

25-10-2024T01:31:52 - [MESSAGE][PASSED] - Modify property of object successfully

25-10-2024T01:31:53 - [MESSAGE][PASSED] - Object: 'Object Repository/IWP30/Page_ACHPersonalPaymentEntry/rd_accountType' is clicked on

25-10-2024T01:31:53 - [MESSAGE][PASSED] - Text '365 Main Avenue' is set on object 'Object Repository/IWP30/Page_ACHPersonalPaymentEntry/txt_AL1'

25-10-2024T01:31:54 - [MESSAGE][PASSED] - Text '22201' is set on object 'Object Repository/IWP30/Page_ACHPersonalPaymentEntry/txt_ZIP'

25-10-2024T01:31:54 - [MESSAGE][PASSED] - Object 'Object Repository/IWP30/Page_ACHPersonalPaymentEntry/txt_Email' is present

25-10-2024T01:31:56 - [MESSAGE][PASSED] - Text 'iahmed@govolution.com' is set on object 'Object Repository/IWP30/Page_ACHPersonalPaymentEntry/txt_Email'

25-10-2024T01:31:56 - [MESSAGE][PASSED] - Object 'Object Repository/IWP30/Page_ACHPersonalPaymentEntry/cb_TermsAndCond' is present

25-10-2024T01:31:56 - [MESSAGE][PASSED] - Object: 'Object Repository/IWP30/Page_ACHPersonalPaymentEntry/cb_TermsAndCond' is clicked on

25-10-2024T01:31:56 - [MESSAGE][PASSED] - Object 'Object Repository/IWP30/Page_ACHPersonalPaymentEntry/btn_Continue' is present

25-10-2024T01:31:58 - [MESSAGE][PASSED] - Object: 'Object Repository/IWP30/Page_ACHPersonalPaymentEntry/btn_Continue' is clicked on

25-10-2024T01:31:58 - [MESSAGE][PASSED] - iwpPages.achPersonalPaymentEntryPage.setDataACHPPM is PASSED

25-10-2024T01:31:58 - [TEST_STEP][PASSED] - click(findTestObject("Object Repository/IWP30/Page_Confirmation/ConfirmButton")): Object: 'Object Repository/IWP30/Page_Confirmation/ConfirmButton' is clicked on

25-10-2024T01:32:00 - [MESSAGE][PASSED] - Object: 'Object Repository/IWP30/Page_Confirmation/ConfirmButton' is clicked on

25-10-2024T01:32:00 - [TEST_STEP][PASSED] - Thread.sleep(15000): null

25-10-2024T01:32:15 - [TEST_STEP][PASSED] - if (verifyTextPresent("Make a Real Estate Payment", false)): null

25-10-2024T01:32:15 - [MESSAGE][PASSED] - Text 'Make a Real Estate Payment' is present on page 

25-10-2024T01:32:15 - [TEST_STEP][PASSED] - isRequiredTextPresent = true: null

25-10-2024T01:32:15 - [TEST_STEP][PASSED] - println(isRequiredTextPresent): null

25-10-2024T01:32:15 - [TEST_STEP][PASSED] - if (isRequiredTextPresent): null

25-10-2024T01:32:15 - [TEST_STEP][PASSED] - if (verifyTextPresent("Successful Payment Receipt", false)): null

25-10-2024T01:32:16 - [MESSAGE][PASSED] - Text 'Successful Payment Receipt' is present on page 

25-10-2024T01:32:16 - [TEST_STEP][PASSED] - isRequiredTextPresent = true: null

25-10-2024T01:32:16 - [TEST_STEP][PASSED] - println(isRequiredTextPresent): null

25-10-2024T01:32:16 - [TEST_STEP][PASSED] - if (isRequiredTextPresent): null

25-10-2024T01:32:16 - [TEST_STEP][PASSED] - if (verifyTextPresent("Please print this receipt for your records", false)): null

25-10-2024T01:32:16 - [MESSAGE][PASSED] - Text 'Please print this receipt for your records' is present on page 

25-10-2024T01:32:16 - [TEST_STEP][PASSED] - isRequiredTextPresent = true: null

25-10-2024T01:32:16 - [TEST_STEP][PASSED] - if (isRequiredTextPresent): null

25-10-2024T01:32:16 - [TEST_STEP][PASSED] - if (verifyTextPresent("Remittance ID:", false)): null

25-10-2024T01:32:16 - [MESSAGE][PASSED] - Text 'Remittance ID:' is present on page 

25-10-2024T01:32:16 - [TEST_STEP][PASSED] - isRequiredTextPresent = true: null

25-10-2024T01:32:16 - [TEST_STEP][PASSED] - if (isRequiredTextPresent): null

25-10-2024T01:32:16 - [TEST_STEP][PASSED] - if (verifyTextPresent("Payment ID:", false)): null

25-10-2024T01:32:16 - [MESSAGE][PASSED] - Text 'Payment ID:' is present on page 

25-10-2024T01:32:16 - [TEST_STEP][PASSED] - isRequiredTextPresent = true: null

25-10-2024T01:32:16 - [TEST_STEP][PASSED] - if (isRequiredTextPresent): null

25-10-2024T01:32:16 - [TEST_STEP][PASSED] - if (verifyTextPresent("CAN Label:", false)): null

25-10-2024T01:32:17 - [MESSAGE][PASSED] - Text 'CAN Label:' is present on page 

25-10-2024T01:32:17 - [TEST_STEP][PASSED] - isRequiredTextPresent = true: null

25-10-2024T01:32:17 - [TEST_STEP][PASSED] - if (isRequiredTextPresent): null

25-10-2024T01:32:17 - [TEST_STEP][PASSED] - if (verifyTextPresent("Received:", false)): null

25-10-2024T01:32:17 - [MESSAGE][PASSED] - Text 'Received:' is present on page 

25-10-2024T01:32:17 - [TEST_STEP][PASSED] - isRequiredTextPresent = true: null

25-10-2024T01:32:17 - [TEST_STEP][PASSED] - if (isRequiredTextPresent): null

25-10-2024T01:32:17 - [TEST_STEP][PASSED] - if (verifyTextPresent("UDF1 Label:", false)): null

25-10-2024T01:32:17 - [MESSAGE][PASSED] - Text 'UDF1 Label:' is present on page 

25-10-2024T01:32:17 - [TEST_STEP][PASSED] - isRequiredTextPresent = true: null

25-10-2024T01:32:17 - [TEST_STEP][PASSED] - if (isRequiredTextPresent): null

25-10-2024T01:32:17 - [TEST_STEP][PASSED] - if (verifyTextPresent("UDF2 Label:", false)): null

25-10-2024T01:32:17 - [MESSAGE][PASSED] - Text 'UDF2 Label:' is present on page 

25-10-2024T01:32:17 - [TEST_STEP][PASSED] - isRequiredTextPresent = true: null

25-10-2024T01:32:17 - [TEST_STEP][PASSED] - if (isRequiredTextPresent): null

25-10-2024T01:32:17 - [TEST_STEP][PASSED] - if (verifyTextPresent("UDF3 Label:", false)): null

25-10-2024T01:32:18 - [MESSAGE][PASSED] - Text 'UDF3 Label:' is present on page 

25-10-2024T01:32:18 - [TEST_STEP][PASSED] - isRequiredTextPresent = true: null

25-10-2024T01:32:18 - [TEST_STEP][PASSED] - if (isRequiredTextPresent): null

25-10-2024T01:32:18 - [TEST_STEP][PASSED] - if (verifyTextPresent("UDF4 Label:", false)): null

25-10-2024T01:32:18 - [MESSAGE][PASSED] - Text 'UDF4 Label:' is present on page 

25-10-2024T01:32:18 - [TEST_STEP][PASSED] - isRequiredTextPresent = true: null

25-10-2024T01:32:18 - [TEST_STEP][PASSED] - if (isRequiredTextPresent): null

25-10-2024T01:32:18 - [TEST_STEP][PASSED] - if (verifyTextPresent("UDF6 Label:", false)): null

25-10-2024T01:32:18 - [MESSAGE][PASSED] - Text 'UDF6 Label:' is present on page 

25-10-2024T01:32:18 - [TEST_STEP][PASSED] - isRequiredTextPresent = true: null

25-10-2024T01:32:18 - [TEST_STEP][PASSED] - if (isRequiredTextPresent): null

25-10-2024T01:32:18 - [TEST_STEP][PASSED] - if (verifyTextPresent("UDF7 Label:", false)): null

25-10-2024T01:32:19 - [MESSAGE][PASSED] - Text 'UDF7 Label:' is present on page 

25-10-2024T01:32:19 - [TEST_STEP][PASSED] - isRequiredTextPresent = true: null

25-10-2024T01:32:19 - [TEST_STEP][PASSED] - if (isRequiredTextPresent): null

25-10-2024T01:32:19 - [TEST_STEP][PASSED] - if (verifyTextPresent("UDF8 Label:", false)): null

25-10-2024T01:32:19 - [MESSAGE][PASSED] - Text 'UDF8 Label:' is present on page 

25-10-2024T01:32:19 - [TEST_STEP][PASSED] - isRequiredTextPresent = true: null

25-10-2024T01:32:19 - [TEST_STEP][PASSED] - if (isRequiredTextPresent): null

25-10-2024T01:32:19 - [TEST_STEP][PASSED] - if (verifyTextPresent("UDF9 Label:", false)): null

25-10-2024T01:32:19 - [MESSAGE][PASSED] - Text 'UDF9 Label:' is present on page 

25-10-2024T01:32:19 - [TEST_STEP][PASSED] - isRequiredTextPresent = true: null

25-10-2024T01:32:19 - [TEST_STEP][PASSED] - if (isRequiredTextPresent): null

25-10-2024T01:32:19 - [TEST_STEP][PASSED] - if (verifyTextPresent("Tax Amount:", false)): null

25-10-2024T01:32:19 - [MESSAGE][PASSED] - Text 'Tax Amount:' is present on page 

25-10-2024T01:32:19 - [TEST_STEP][PASSED] - isRequiredTextPresent = true: null

25-10-2024T01:32:19 - [TEST_STEP][PASSED] - if (isRequiredTextPresent): null

25-10-2024T01:32:19 - [TEST_STEP][PASSED] - if (verifyTextPresent("Amount:", false)): null

25-10-2024T01:32:20 - [MESSAGE][PASSED] - Text 'Amount:' is present on page 

25-10-2024T01:32:20 - [TEST_STEP][PASSED] - isRequiredTextPresent = true: null

25-10-2024T01:32:20 - [TEST_STEP][PASSED] - if (isRequiredTextPresent): null

25-10-2024T01:32:20 - [TEST_STEP][PASSED] - if (verifyTextPresent("Transaction Type:", false)): null

25-10-2024T01:32:20 - [MESSAGE][PASSED] - Text 'Transaction Type:' is present on page 

25-10-2024T01:32:20 - [TEST_STEP][PASSED] - isRequiredTextPresent = true: null

25-10-2024T01:32:20 - [TEST_STEP][PASSED] - if (isRequiredTextPresent): null

25-10-2024T01:32:20 - [TEST_STEP][PASSED] - if (verifyTextPresent("Check Information:", false)): null

25-10-2024T01:32:20 - [MESSAGE][PASSED] - Text 'Check Information:' is present on page 

25-10-2024T01:32:20 - [TEST_STEP][PASSED] - isRequiredTextPresent = true: null

25-10-2024T01:32:20 - [TEST_STEP][PASSED] - if (isRequiredTextPresent): null

25-10-2024T01:32:20 - [TEST_STEP][PASSED] - if (verifyTextPresent("Name on Account:", false)): null

25-10-2024T01:32:20 - [MESSAGE][PASSED] - Text 'Name on Account:' is present on page 

25-10-2024T01:32:20 - [TEST_STEP][PASSED] - isRequiredTextPresent = true: null

25-10-2024T01:32:20 - [TEST_STEP][PASSED] - if (isRequiredTextPresent): null

25-10-2024T01:32:20 - [TEST_STEP][PASSED] - if (verifyTextPresent("Routing Number:", false)): null

25-10-2024T01:32:21 - [MESSAGE][PASSED] - Text 'Routing Number:' is present on page 

25-10-2024T01:32:21 - [TEST_STEP][PASSED] - isRequiredTextPresent = true: null

25-10-2024T01:32:21 - [TEST_STEP][PASSED] - if (isRequiredTextPresent): null

25-10-2024T01:32:21 - [TEST_STEP][PASSED] - if (verifyTextPresent("Account Number:", false)): null

25-10-2024T01:32:21 - [MESSAGE][PASSED] - Text 'Account Number:' is present on page 

25-10-2024T01:32:21 - [TEST_STEP][PASSED] - isRequiredTextPresent = true: null

25-10-2024T01:32:21 - [TEST_STEP][PASSED] - if (isRequiredTextPresent): null

25-10-2024T01:32:21 - [TEST_STEP][PASSED] - if (verifyTextPresent("Account Type:", false)): null

25-10-2024T01:32:21 - [MESSAGE][PASSED] - Text 'Account Type:' is present on page 

25-10-2024T01:32:21 - [TEST_STEP][PASSED] - isRequiredTextPresent = true: null

25-10-2024T01:32:21 - [TEST_STEP][PASSED] - if (isRequiredTextPresent): null

25-10-2024T01:32:21 - [TEST_STEP][PASSED] - if (verifyTextPresent("Billing Information:", false)): null

25-10-2024T01:32:21 - [MESSAGE][PASSED] - Text 'Billing Information:' is present on page 

25-10-2024T01:32:21 - [TEST_STEP][PASSED] - isRequiredTextPresent = true: null

25-10-2024T01:32:21 - [TEST_STEP][PASSED] - if (isRequiredTextPresent): null

25-10-2024T01:32:21 - [TEST_STEP][PASSED] - if (verifyTextPresent("Address Line 1:", false)): null

25-10-2024T01:32:22 - [MESSAGE][PASSED] - Text 'Address Line 1:' is present on page 

25-10-2024T01:32:22 - [TEST_STEP][PASSED] - isRequiredTextPresent = true: null

25-10-2024T01:32:22 - [TEST_STEP][PASSED] - if (isRequiredTextPresent): null

25-10-2024T01:32:22 - [TEST_STEP][PASSED] - if (verifyTextPresent("Country:", false)): null

25-10-2024T01:32:22 - [MESSAGE][PASSED] - Text 'Country:' is present on page 

25-10-2024T01:32:22 - [TEST_STEP][PASSED] - isRequiredTextPresent = true: null

25-10-2024T01:32:22 - [TEST_STEP][PASSED] - if (isRequiredTextPresent): null

25-10-2024T01:32:22 - [TEST_STEP][PASSED] - if (verifyTextPresent("City:", false)): null

25-10-2024T01:32:22 - [MESSAGE][PASSED] - Text 'City:' is present on page 

25-10-2024T01:32:22 - [TEST_STEP][PASSED] - isRequiredTextPresent = true: null

25-10-2024T01:32:22 - [TEST_STEP][PASSED] - if (isRequiredTextPresent): null

25-10-2024T01:32:22 - [TEST_STEP][PASSED] - if (verifyTextPresent("State:", false)): null

25-10-2024T01:32:22 - [MESSAGE][PASSED] - Text 'State:' is present on page 

25-10-2024T01:32:22 - [TEST_STEP][PASSED] - isRequiredTextPresent = true: null

25-10-2024T01:32:22 - [TEST_STEP][PASSED] - if (isRequiredTextPresent): null

25-10-2024T01:32:22 - [TEST_STEP][PASSED] - if (verifyTextPresent("ZIP Code:", false)): null

25-10-2024T01:32:23 - [MESSAGE][PASSED] - Text 'ZIP Code:' is present on page 

25-10-2024T01:32:23 - [TEST_STEP][PASSED] - isRequiredTextPresent = true: null

25-10-2024T01:32:23 - [TEST_STEP][PASSED] - if (isRequiredTextPresent): null

25-10-2024T01:32:23 - [TEST_STEP][PASSED] - if (verifyTextPresent("Please click here to make another payment.", false)): null

25-10-2024T01:32:23 - [MESSAGE][PASSED] - Text 'Please click here to make another payment.' is present on page 

25-10-2024T01:32:23 - [TEST_STEP][PASSED] - isRequiredTextPresent = true: null

25-10-2024T01:32:23 - [TEST_STEP][PASSED] - if (isRequiredTextPresent == true): pages.WriteExcel.demoKey is PASSED

25-10-2024T01:32:23 - [TEST_STEP][PASSED] - println("All the relevant texts are present on Receipt Page"): null

25-10-2024T01:32:23 - [TEST_STEP][PASSED] - markPassed("All the relevant texts are present on Receipt Page"): All the relevant texts are present on Receipt Page

25-10-2024T01:32:23 - [MESSAGE][PASSED] - All the relevant texts are present on Receipt Page

25-10-2024T01:32:23 - [TEST_STEP][PASSED] - resText = "Pass": null

25-10-2024T01:32:23 - [TEST_STEP][PASSED] - pages.WriteExcel.demoKey(resText, datText, resColumn, datCloumn, fileLoc, nameSheet, row): pages.WriteExcel.demoKey is PASSED

25-10-2024T01:32:23 - [MESSAGE][PASSED] - pages.WriteExcel.demoKey is PASSED

25-10-2024T01:32:23 - [TEST_STEP][PASSED] - closeBrowser(): Browser is closed

25-10-2024T01:32:24 - [MESSAGE][PASSED] - Browser is closed

25-10-2024T01:32:24 - [TEST_STEP][PASSED] - ExecuteTC = findTestData(dataFile).getValue("Execute", row): null

25-10-2024T01:32:24 - [TEST_STEP][PASSED] - out.println("Value of Execute is : " + ExecuteTC): null

25-10-2024T01:32:24 - [TEST_STEP][PASSED] - if (ExecuteTC.equalsIgnoreCase("Y")): pages.WriteExcel.demoKey is PASSED

25-10-2024T01:32:24 - [TEST_STEP][PASSED] - out.println("Begin Record Number: " + row): null

25-10-2024T01:32:24 - [TEST_STEP][PASSED] - today = new java.util.Date(): null

25-10-2024T01:32:24 - [TEST_STEP][PASSED] - println(today): null

25-10-2024T01:32:24 - [TEST_STEP][PASSED] - datText = today: null

25-10-2024T01:32:24 - [TEST_STEP][PASSED] - EmulatorDataKey = findTestData(dataFile).getValue("EmulatorData", row): null

25-10-2024T01:32:24 - [TEST_STEP][PASSED] - out.println("Value of Emulator Key is : " + EmulatorDataKey): null

25-10-2024T01:32:24 - [TEST_STEP][PASSED] - iwpPages.emulatorIWP30.setDataEmulator_DD(EmulatorDataKey): iwpPages.emulatorIWP30.setDataEmulator_DD is PASSED

25-10-2024T01:32:24 - [MESSAGE][INFO] - Starting 'Edge Chromium' driver

25-10-2024T01:32:24 - [MESSAGE][INFO] - User set preference: ['acceptInsecureCerts', 'true']

25-10-2024T01:32:26 - [MESSAGE][INFO] - Action delay is set to 0 milliseconds

25-10-2024T01:32:29 - [MESSAGE][PASSED] - Browser is opened with url: 'https://qa2.velocitypayment.com/agencyx/config.action?action=editor&message_version=3_0'

25-10-2024T01:32:29 - [MESSAGE][PASSED] - Current window maximized

25-10-2024T01:33:01 - [MESSAGE][INFO] - Unable to find the element located by 'By.xpath: //select[@name='message_version']'. Please recheck the objects properties to make sure the desired element is located. 

25-10-2024T01:33:01 - [MESSAGE][WARNING] - [SELF-HEALING] Failed to find element with id 'Object Repository/IWP30/Page_VRelay30Emulator/MV'. Try using Self-healing.

25-10-2024T01:33:01 - [MESSAGE][WARNING] - [SELF-HEALING] The current locator of test object 'Object Repository/IWP30/Page_VRelay30Emulator/MV' was broken. Propose an alternative one: '(.//*[normalize-space(text()) and normalize-space(.)='Message Version'])[1]/following::select[1]'.

25-10-2024T01:33:01 - [MESSAGE][PASSED] - All options with value '3.0' are selected in object 'Object Repository/IWP30/Page_VRelay30Emulator/MV'  using regular expression

25-10-2024T01:33:02 - [MESSAGE][PASSED] - Text '10.50' is set on object 'Object Repository/IWP30/Page_EmulatorAgencyX/Amount'

25-10-2024T01:33:03 - [MESSAGE][PASSED] - Text 'fLyAXTk25xd2' is set on object 'Object Repository/IWP30/Page_EmulatorAgencyX/CAN'

25-10-2024T01:33:03 - [MESSAGE][PASSED] - Text 'PayNow' is set on object 'Object Repository/IWP30/Page_EmulatorAgencyX/Action'

25-10-2024T01:33:04 - [MESSAGE][PASSED] - Text 'en_US' is set on object 'Object Repository/IWP30/Page_EmulatorAgencyX/Lang'

25-10-2024T01:33:04 - [MESSAGE][PASSED] - Text '' is set on object 'Object Repository/IWP30/Page_EmulatorAgencyX/Fname'

25-10-2024T01:33:05 - [MESSAGE][PASSED] - Text '' is set on object 'Object Repository/IWP30/Page_EmulatorAgencyX/Lname'

25-10-2024T01:33:06 - [MESSAGE][PASSED] - Text '' is set on object 'Object Repository/IWP30/Page_EmulatorAgencyX/AL1'

25-10-2024T01:33:06 - [MESSAGE][PASSED] - Text '' is set on object 'Object Repository/IWP30/Page_EmulatorAgencyX/AL2'

25-10-2024T01:33:07 - [MESSAGE][PASSED] - Text '' is set on object 'Object Repository/IWP30/Page_EmulatorAgencyX/Country'

25-10-2024T01:33:07 - [MESSAGE][PASSED] - Text '' is set on object 'Object Repository/IWP30/Page_EmulatorAgencyX/City'

25-10-2024T01:33:08 - [MESSAGE][PASSED] - Text '' is set on object 'Object Repository/IWP30/Page_EmulatorAgencyX/State'

25-10-2024T01:33:08 - [MESSAGE][PASSED] - Text '' is set on object 'Object Repository/IWP30/Page_EmulatorAgencyX/ZIP'

25-10-2024T01:33:09 - [MESSAGE][PASSED] - Text '' is set on object 'Object Repository/IWP30/Page_EmulatorAgencyX/Order'

25-10-2024T01:33:10 - [MESSAGE][PASSED] - Text '' is set on object 'Object Repository/IWP30/Page_EmulatorAgencyX/Company'

25-10-2024T01:33:10 - [MESSAGE][PASSED] - Text '' is set on object 'Object Repository/IWP30/Page_EmulatorAgencyX/Email'

25-10-2024T01:33:11 - [MESSAGE][PASSED] - Text '' is set on object 'Object Repository/IWP30/Page_EmulatorAgencyX/UDF1'

25-10-2024T01:33:11 - [MESSAGE][PASSED] - Text '' is set on object 'Object Repository/IWP30/Page_EmulatorAgencyX/UDF2'

25-10-2024T01:33:12 - [MESSAGE][PASSED] - Text '' is set on object 'Object Repository/IWP30/Page_EmulatorAgencyX/UDF3'

25-10-2024T01:33:12 - [MESSAGE][PASSED] - Text 'udf data 4' is set on object 'Object Repository/IWP30/Page_EmulatorAgencyX/UDF4'

25-10-2024T01:33:13 - [MESSAGE][PASSED] - Text 'udf data 5' is set on object 'Object Repository/IWP30/Page_EmulatorAgencyX/UDF5'

25-10-2024T01:33:14 - [MESSAGE][PASSED] - Text '' is set on object 'Object Repository/IWP30/Page_EmulatorAgencyX/UDF6'

25-10-2024T01:33:14 - [MESSAGE][PASSED] - Text '' is set on object 'Object Repository/IWP30/Page_EmulatorAgencyX/UDF7'

25-10-2024T01:33:15 - [MESSAGE][PASSED] - Text '' is set on object 'Object Repository/IWP30/Page_EmulatorAgencyX/UDF8'

25-10-2024T01:33:15 - [MESSAGE][PASSED] - Text 'udf data 9' is set on object 'Object Repository/IWP30/Page_EmulatorAgencyX/UDF9'

25-10-2024T01:33:16 - [MESSAGE][PASSED] - Text 'udf data 10' is set on object 'Object Repository/IWP30/Page_EmulatorAgencyX/UDF10'

25-10-2024T01:33:17 - [MESSAGE][PASSED] - Object: 'Object Repository/IWP30/Page_EmulatorAgencyX/Submit' is clicked on

25-10-2024T01:33:22 - [MESSAGE][PASSED] - Browser is closed

25-10-2024T01:33:26 - [MESSAGE][PASSED] - iwpPages.emulatorIWP30.setDataEmulator_DD is PASSED

25-10-2024T01:33:26 - [TEST_STEP][PASSED] - testHarnessURL = urlTestHarness: null

25-10-2024T01:33:26 - [TEST_STEP][PASSED] - openBrowser(testHarnessURL): Browser is opened with url: 'https://dev-algorithm.govolution.com/vrelaytest/QA2/version_2_2/vrelaytest.html'

25-10-2024T01:33:26 - [MESSAGE][INFO] - Starting 'Edge Chromium' driver

25-10-2024T01:33:26 - [MESSAGE][INFO] - User set preference: ['acceptInsecureCerts', 'true']

25-10-2024T01:33:28 - [MESSAGE][INFO] - Action delay is set to 0 milliseconds

25-10-2024T01:33:31 - [MESSAGE][PASSED] - Browser is opened with url: 'https://dev-algorithm.govolution.com/vrelaytest/QA2/version_2_2/vrelaytest.html'

25-10-2024T01:33:31 - [TEST_STEP][PASSED] - maximizeWindow(): Current window maximized

25-10-2024T01:33:31 - [MESSAGE][PASSED] - Current window maximized

25-10-2024T01:33:31 - [TEST_STEP][PASSED] - iwpPages.TestHarnessPage.setDataMethod(row, dataFile): iwpPages.TestHarnessPage.setDataMethod is PASSED

25-10-2024T01:33:32 - [MESSAGE][PASSED] - Object 'Object Repository/IWP30/Page_QATestHarness/RemittanceID' is present

25-10-2024T01:33:32 - [MESSAGE][PASSED] - Text '649' is set on object 'Object Repository/IWP30/Page_QATestHarness/ApplicationID'

25-10-2024T01:33:33 - [MESSAGE][PASSED] - Text '3.0' is set on object 'Object Repository/IWP30/Page_QATestHarness/MessageVersion'

25-10-2024T01:33:33 - [MESSAGE][PASSED] - Text 'dTWXOMEbygsG' is set on object 'Object Repository/IWP30/Page_QATestHarness/RemittanceID'

25-10-2024T01:33:37 - [MESSAGE][PASSED] - Object: 'Object Repository/IWP30/Page_QATestHarness/SubmitButton' is clicked on

25-10-2024T01:33:37 - [MESSAGE][PASSED] - iwpPages.TestHarnessPage.setDataMethod is PASSED

25-10-2024T01:33:37 - [TEST_STEP][PASSED] - click(findTestObject("Object Repository/IWP30/Page_SelectPaymentMethod/PayByPersonalCheck")): Object: 'Object Repository/IWP30/Page_SelectPaymentMethod/PayByPersonalCheck' is clicked on

25-10-2024T01:33:37 - [MESSAGE][PASSED] - Object: 'Object Repository/IWP30/Page_SelectPaymentMethod/PayByPersonalCheck' is clicked on

25-10-2024T01:33:37 - [TEST_STEP][PASSED] - click(findTestObject("Object Repository/IWP30/Page_SelectPaymentMethod/MakePaymentButton")): Object: 'Object Repository/IWP30/Page_SelectPaymentMethod/MakePaymentButton' is clicked on

25-10-2024T01:33:40 - [MESSAGE][PASSED] - Object: 'Object Repository/IWP30/Page_SelectPaymentMethod/MakePaymentButton' is clicked on

25-10-2024T01:33:40 - [TEST_STEP][PASSED] - iwpPages.achPersonalPaymentEntryPage.setDataACHPPM(row, dataFile): iwpPages.achPersonalPaymentEntryPage.setDataACHPPM is PASSED

25-10-2024T01:33:41 - [MESSAGE][PASSED] - Object 'Object Repository/IWP30/Page_ACHPersonalPaymentEntry/txt_accountNumber' is present

25-10-2024T01:33:41 - [MESSAGE][PASSED] - Text '10.50' is set on object 'Object Repository/IWP30/Page_ACHPersonalPaymentEntry/txt_Amount'

25-10-2024T01:33:42 - [MESSAGE][PASSED] - Object 'Object Repository/IWP30/Page_ACHPersonalPaymentEntry/txt_UDF2' is present

25-10-2024T01:33:42 - [MESSAGE][PASSED] - Text 'udf data 2' is set on object 'Object Repository/IWP30/Page_ACHPersonalPaymentEntry/txt_UDF2'

25-10-2024T01:33:43 - [MESSAGE][PASSED] - Text 'udf data 3' is set on object 'Object Repository/IWP30/Page_ACHPersonalPaymentEntry/txt_UDF3'

25-10-2024T01:33:43 - [MESSAGE][PASSED] - All options with label 'Orange' are selected in object 'Object Repository/IWP30/Page_ACHPersonalPaymentEntry/dd_UDF7' 

25-10-2024T01:33:44 - [MESSAGE][PASSED] - All options with label 'Soccer' are selected in object 'Object Repository/IWP30/Page_ACHPersonalPaymentEntry/dd_UDF8' 

25-10-2024T01:33:44 - [MESSAGE][PASSED] - Object 'Object Repository/IWP30/Page_ACHPersonalPaymentEntry/txt_Firstname' is present

25-10-2024T01:33:45 - [MESSAGE][PASSED] - Text 'Curlonty' is set on object 'Object Repository/IWP30/Page_ACHPersonalPaymentEntry/txt_Firstname'

25-10-2024T01:33:45 - [MESSAGE][PASSED] - Object 'Object Repository/IWP30/Page_ACHPersonalPaymentEntry/txt_Lastname' is present

25-10-2024T01:33:46 - [MESSAGE][PASSED] - Text 'Lachuga' is set on object 'Object Repository/IWP30/Page_ACHPersonalPaymentEntry/txt_Lastname'

25-10-2024T01:33:46 - [MESSAGE][PASSED] - Object 'Object Repository/IWP30/Page_ACHPersonalPaymentEntry/txt_routingNumber' is present

25-10-2024T01:33:46 - [MESSAGE][PASSED] - Text '256072691' is set on object 'Object Repository/IWP30/Page_ACHPersonalPaymentEntry/txt_routingNumber'

25-10-2024T01:33:47 - [MESSAGE][PASSED] - Object 'Object Repository/IWP30/Page_ACHPersonalPaymentEntry/txt_accountNumber' is present

25-10-2024T01:33:48 - [MESSAGE][PASSED] - Text '12342222' is set on object 'Object Repository/IWP30/Page_ACHPersonalPaymentEntry/txt_accountNumber'

25-10-2024T01:33:49 - [MESSAGE][PASSED] - Object 'Object Repository/IWP30/Page_ACHPersonalPaymentEntry/txt_confirmAccountNumber' is present

25-10-2024T01:33:49 - [MESSAGE][PASSED] - Text '12342222' is set on object 'Object Repository/IWP30/Page_ACHPersonalPaymentEntry/txt_confirmAccountNumber'

25-10-2024T01:33:49 - [MESSAGE][PASSED] - Object 'Object Repository/IWP30/Page_ACHPersonalPaymentEntry/rd_accountType' is present

25-10-2024T01:33:49 - [MESSAGE][PASSED] - Modify property of object successfully

25-10-2024T01:33:50 - [MESSAGE][PASSED] - Object: 'Object Repository/IWP30/Page_ACHPersonalPaymentEntry/rd_accountType' is clicked on

25-10-2024T01:33:50 - [MESSAGE][PASSED] - Text '365 Main Avenue' is set on object 'Object Repository/IWP30/Page_ACHPersonalPaymentEntry/txt_AL1'

25-10-2024T01:33:51 - [MESSAGE][PASSED] - Text '22201' is set on object 'Object Repository/IWP30/Page_ACHPersonalPaymentEntry/txt_ZIP'

25-10-2024T01:33:51 - [MESSAGE][PASSED] - Object 'Object Repository/IWP30/Page_ACHPersonalPaymentEntry/txt_Email' is present

25-10-2024T01:33:52 - [MESSAGE][PASSED] - Text 'iahmed@govolution.com' is set on object 'Object Repository/IWP30/Page_ACHPersonalPaymentEntry/txt_Email'

25-10-2024T01:33:53 - [MESSAGE][PASSED] - Object 'Object Repository/IWP30/Page_ACHPersonalPaymentEntry/cb_TermsAndCond' is present

25-10-2024T01:33:53 - [MESSAGE][PASSED] - Object: 'Object Repository/IWP30/Page_ACHPersonalPaymentEntry/cb_TermsAndCond' is clicked on

25-10-2024T01:33:53 - [MESSAGE][PASSED] - Object 'Object Repository/IWP30/Page_ACHPersonalPaymentEntry/btn_Continue' is present

25-10-2024T01:33:55 - [MESSAGE][PASSED] - Object: 'Object Repository/IWP30/Page_ACHPersonalPaymentEntry/btn_Continue' is clicked on

25-10-2024T01:33:55 - [MESSAGE][PASSED] - iwpPages.achPersonalPaymentEntryPage.setDataACHPPM is PASSED

25-10-2024T01:33:55 - [TEST_STEP][PASSED] - click(findTestObject("Object Repository/IWP30/Page_Confirmation/ConfirmButton")): Object: 'Object Repository/IWP30/Page_Confirmation/ConfirmButton' is clicked on

25-10-2024T01:34:26 - [MESSAGE][INFO] - Unable to find the element located by 'By.xpath: //*[@type = 'submit' and @name = 'confirmNotifyAction' and @id = 'submitYes' and @value = 'Confirm']'. Please recheck the objects properties to make sure the desired element is located. 

25-10-2024T01:34:26 - [MESSAGE][WARNING] - [SELF-HEALING] Failed to find element with id 'Object Repository/IWP30/Page_Confirmation/ConfirmButton'. Try using Self-healing.

25-10-2024T01:34:26 - [MESSAGE][WARNING] - [SELF-HEALING] The current locator of test object 'Object Repository/IWP30/Page_Confirmation/ConfirmButton' was broken. Propose an alternative one: '//div/input'.

25-10-2024T01:34:27 - [MESSAGE][PASSED] - Object: 'Object Repository/IWP30/Page_Confirmation/ConfirmButton' is clicked on

25-10-2024T01:34:27 - [TEST_STEP][PASSED] - Thread.sleep(15000): null

25-10-2024T01:34:42 - [TEST_STEP][PASSED] - if (verifyTextPresent("Make a Real Estate Payment", false)): null

25-10-2024T01:34:43 - [MESSAGE][PASSED] - Text 'Make a Real Estate Payment' is present on page 

25-10-2024T01:34:43 - [TEST_STEP][PASSED] - isRequiredTextPresent = true: null

25-10-2024T01:34:43 - [TEST_STEP][PASSED] - println(isRequiredTextPresent): null

25-10-2024T01:34:43 - [TEST_STEP][PASSED] - if (isRequiredTextPresent): null

25-10-2024T01:34:43 - [TEST_STEP][PASSED] - if (verifyTextPresent("Successful Payment Receipt", false)): null

25-10-2024T01:34:43 - [MESSAGE][PASSED] - Text 'Successful Payment Receipt' is present on page 

25-10-2024T01:34:43 - [TEST_STEP][PASSED] - isRequiredTextPresent = true: null

25-10-2024T01:34:43 - [TEST_STEP][PASSED] - println(isRequiredTextPresent): null

25-10-2024T01:34:43 - [TEST_STEP][PASSED] - if (isRequiredTextPresent): null

25-10-2024T01:34:43 - [TEST_STEP][PASSED] - if (verifyTextPresent("Please print this receipt for your records", false)): null

25-10-2024T01:34:43 - [MESSAGE][PASSED] - Text 'Please print this receipt for your records' is present on page 

25-10-2024T01:34:43 - [TEST_STEP][PASSED] - isRequiredTextPresent = true: null

25-10-2024T01:34:43 - [TEST_STEP][PASSED] - if (isRequiredTextPresent): null

25-10-2024T01:34:43 - [TEST_STEP][PASSED] - if (verifyTextPresent("Remittance ID:", false)): null

25-10-2024T01:34:43 - [MESSAGE][PASSED] - Text 'Remittance ID:' is present on page 

25-10-2024T01:34:43 - [TEST_STEP][PASSED] - isRequiredTextPresent = true: null

25-10-2024T01:34:43 - [TEST_STEP][PASSED] - if (isRequiredTextPresent): null

25-10-2024T01:34:43 - [TEST_STEP][PASSED] - if (verifyTextPresent("Payment ID:", false)): null

25-10-2024T01:34:44 - [MESSAGE][PASSED] - Text 'Payment ID:' is present on page 

25-10-2024T01:34:44 - [TEST_STEP][PASSED] - isRequiredTextPresent = true: null

25-10-2024T01:34:44 - [TEST_STEP][PASSED] - if (isRequiredTextPresent): null

25-10-2024T01:34:44 - [TEST_STEP][PASSED] - if (verifyTextPresent("CAN Label:", false)): null

25-10-2024T01:34:44 - [MESSAGE][PASSED] - Text 'CAN Label:' is present on page 

25-10-2024T01:34:44 - [TEST_STEP][PASSED] - isRequiredTextPresent = true: null

25-10-2024T01:34:44 - [TEST_STEP][PASSED] - if (isRequiredTextPresent): null

25-10-2024T01:34:44 - [TEST_STEP][PASSED] - if (verifyTextPresent("Received:", false)): null

25-10-2024T01:34:44 - [MESSAGE][PASSED] - Text 'Received:' is present on page 

25-10-2024T01:34:44 - [TEST_STEP][PASSED] - isRequiredTextPresent = true: null

25-10-2024T01:34:44 - [TEST_STEP][PASSED] - if (isRequiredTextPresent): null

25-10-2024T01:34:44 - [TEST_STEP][PASSED] - if (verifyTextPresent("UDF1 Label:", false)): null

25-10-2024T01:34:44 - [MESSAGE][PASSED] - Text 'UDF1 Label:' is present on page 

25-10-2024T01:34:44 - [TEST_STEP][PASSED] - isRequiredTextPresent = true: null

25-10-2024T01:34:44 - [TEST_STEP][PASSED] - if (isRequiredTextPresent): null

25-10-2024T01:34:44 - [TEST_STEP][PASSED] - if (verifyTextPresent("UDF2 Label:", false)): null

25-10-2024T01:34:45 - [MESSAGE][PASSED] - Text 'UDF2 Label:' is present on page 

25-10-2024T01:34:45 - [TEST_STEP][PASSED] - isRequiredTextPresent = true: null

25-10-2024T01:34:45 - [TEST_STEP][PASSED] - if (isRequiredTextPresent): null

25-10-2024T01:34:45 - [TEST_STEP][PASSED] - if (verifyTextPresent("UDF3 Label:", false)): null

25-10-2024T01:34:45 - [MESSAGE][PASSED] - Text 'UDF3 Label:' is present on page 

25-10-2024T01:34:45 - [TEST_STEP][PASSED] - isRequiredTextPresent = true: null

25-10-2024T01:34:45 - [TEST_STEP][PASSED] - if (isRequiredTextPresent): null

25-10-2024T01:34:45 - [TEST_STEP][PASSED] - if (verifyTextPresent("UDF4 Label:", false)): null

25-10-2024T01:34:45 - [MESSAGE][PASSED] - Text 'UDF4 Label:' is present on page 

25-10-2024T01:34:45 - [TEST_STEP][PASSED] - isRequiredTextPresent = true: null

25-10-2024T01:34:45 - [TEST_STEP][PASSED] - if (isRequiredTextPresent): null

25-10-2024T01:34:45 - [TEST_STEP][PASSED] - if (verifyTextPresent("UDF6 Label:", false)): null

25-10-2024T01:34:46 - [MESSAGE][PASSED] - Text 'UDF6 Label:' is present on page 

25-10-2024T01:34:46 - [TEST_STEP][PASSED] - isRequiredTextPresent = true: null

25-10-2024T01:34:46 - [TEST_STEP][PASSED] - if (isRequiredTextPresent): null

25-10-2024T01:34:46 - [TEST_STEP][PASSED] - if (verifyTextPresent("UDF7 Label:", false)): null

25-10-2024T01:34:46 - [MESSAGE][PASSED] - Text 'UDF7 Label:' is present on page 

25-10-2024T01:34:46 - [TEST_STEP][PASSED] - isRequiredTextPresent = true: null

25-10-2024T01:34:46 - [TEST_STEP][PASSED] - if (isRequiredTextPresent): null

25-10-2024T01:34:46 - [TEST_STEP][PASSED] - if (verifyTextPresent("UDF8 Label:", false)): null

25-10-2024T01:34:46 - [MESSAGE][PASSED] - Text 'UDF8 Label:' is present on page 

25-10-2024T01:34:46 - [TEST_STEP][PASSED] - isRequiredTextPresent = true: null

25-10-2024T01:34:46 - [TEST_STEP][PASSED] - if (isRequiredTextPresent): null

25-10-2024T01:34:46 - [TEST_STEP][PASSED] - if (verifyTextPresent("UDF9 Label:", false)): null

25-10-2024T01:34:46 - [MESSAGE][PASSED] - Text 'UDF9 Label:' is present on page 

25-10-2024T01:34:46 - [TEST_STEP][PASSED] - isRequiredTextPresent = true: null

25-10-2024T01:34:46 - [TEST_STEP][PASSED] - if (isRequiredTextPresent): null

25-10-2024T01:34:46 - [TEST_STEP][PASSED] - if (verifyTextPresent("Tax Amount:", false)): null

25-10-2024T01:34:47 - [MESSAGE][PASSED] - Text 'Tax Amount:' is present on page 

25-10-2024T01:34:47 - [TEST_STEP][PASSED] - isRequiredTextPresent = true: null

25-10-2024T01:34:47 - [TEST_STEP][PASSED] - if (isRequiredTextPresent): null

25-10-2024T01:34:47 - [TEST_STEP][PASSED] - if (verifyTextPresent("Amount:", false)): null

25-10-2024T01:34:47 - [MESSAGE][PASSED] - Text 'Amount:' is present on page 

25-10-2024T01:34:47 - [TEST_STEP][PASSED] - isRequiredTextPresent = true: null

25-10-2024T01:34:47 - [TEST_STEP][PASSED] - if (isRequiredTextPresent): null

25-10-2024T01:34:47 - [TEST_STEP][PASSED] - if (verifyTextPresent("Transaction Type:", false)): null

25-10-2024T01:34:47 - [MESSAGE][PASSED] - Text 'Transaction Type:' is present on page 

25-10-2024T01:34:47 - [TEST_STEP][PASSED] - isRequiredTextPresent = true: null

25-10-2024T01:34:47 - [TEST_STEP][PASSED] - if (isRequiredTextPresent): null

25-10-2024T01:34:47 - [TEST_STEP][PASSED] - if (verifyTextPresent("Check Information:", false)): null

25-10-2024T01:34:47 - [MESSAGE][PASSED] - Text 'Check Information:' is present on page 

25-10-2024T01:34:47 - [TEST_STEP][PASSED] - isRequiredTextPresent = true: null

25-10-2024T01:34:47 - [TEST_STEP][PASSED] - if (isRequiredTextPresent): null

25-10-2024T01:34:47 - [TEST_STEP][PASSED] - if (verifyTextPresent("Name on Account:", false)): null

25-10-2024T01:34:48 - [MESSAGE][PASSED] - Text 'Name on Account:' is present on page 

25-10-2024T01:34:48 - [TEST_STEP][PASSED] - isRequiredTextPresent = true: null

25-10-2024T01:34:48 - [TEST_STEP][PASSED] - if (isRequiredTextPresent): null

25-10-2024T01:34:48 - [TEST_STEP][PASSED] - if (verifyTextPresent("Routing Number:", false)): null

25-10-2024T01:34:48 - [MESSAGE][PASSED] - Text 'Routing Number:' is present on page 

25-10-2024T01:34:48 - [TEST_STEP][PASSED] - isRequiredTextPresent = true: null

25-10-2024T01:34:48 - [TEST_STEP][PASSED] - if (isRequiredTextPresent): null

25-10-2024T01:34:48 - [TEST_STEP][PASSED] - if (verifyTextPresent("Account Number:", false)): null

25-10-2024T01:34:48 - [MESSAGE][PASSED] - Text 'Account Number:' is present on page 

25-10-2024T01:34:48 - [TEST_STEP][PASSED] - isRequiredTextPresent = true: null

25-10-2024T01:34:48 - [TEST_STEP][PASSED] - if (isRequiredTextPresent): null

25-10-2024T01:34:48 - [TEST_STEP][PASSED] - if (verifyTextPresent("Account Type:", false)): null

25-10-2024T01:34:48 - [MESSAGE][PASSED] - Text 'Account Type:' is present on page 

25-10-2024T01:34:48 - [TEST_STEP][PASSED] - isRequiredTextPresent = true: null

25-10-2024T01:34:48 - [TEST_STEP][PASSED] - if (isRequiredTextPresent): null

25-10-2024T01:34:48 - [TEST_STEP][PASSED] - if (verifyTextPresent("Billing Information:", false)): null

25-10-2024T01:34:49 - [MESSAGE][PASSED] - Text 'Billing Information:' is present on page 

25-10-2024T01:34:49 - [TEST_STEP][PASSED] - isRequiredTextPresent = true: null

25-10-2024T01:34:49 - [TEST_STEP][PASSED] - if (isRequiredTextPresent): null

25-10-2024T01:34:49 - [TEST_STEP][PASSED] - if (verifyTextPresent("Address Line 1:", false)): null

25-10-2024T01:34:49 - [MESSAGE][PASSED] - Text 'Address Line 1:' is present on page 

25-10-2024T01:34:49 - [TEST_STEP][PASSED] - isRequiredTextPresent = true: null

25-10-2024T01:34:49 - [TEST_STEP][PASSED] - if (isRequiredTextPresent): null

25-10-2024T01:34:49 - [TEST_STEP][PASSED] - if (verifyTextPresent("Country:", false)): null

25-10-2024T01:34:49 - [MESSAGE][PASSED] - Text 'Country:' is present on page 

25-10-2024T01:34:49 - [TEST_STEP][PASSED] - isRequiredTextPresent = true: null

25-10-2024T01:34:49 - [TEST_STEP][PASSED] - if (isRequiredTextPresent): null

25-10-2024T01:34:49 - [TEST_STEP][PASSED] - if (verifyTextPresent("City:", false)): null

25-10-2024T01:34:49 - [MESSAGE][PASSED] - Text 'City:' is present on page 

25-10-2024T01:34:49 - [TEST_STEP][PASSED] - isRequiredTextPresent = true: null

25-10-2024T01:34:49 - [TEST_STEP][PASSED] - if (isRequiredTextPresent): null

25-10-2024T01:34:49 - [TEST_STEP][PASSED] - if (verifyTextPresent("State:", false)): null

25-10-2024T01:34:50 - [MESSAGE][PASSED] - Text 'State:' is present on page 

25-10-2024T01:34:50 - [TEST_STEP][PASSED] - isRequiredTextPresent = true: null

25-10-2024T01:34:50 - [TEST_STEP][PASSED] - if (isRequiredTextPresent): null

25-10-2024T01:34:50 - [TEST_STEP][PASSED] - if (verifyTextPresent("ZIP Code:", false)): null

25-10-2024T01:34:50 - [MESSAGE][PASSED] - Text 'ZIP Code:' is present on page 

25-10-2024T01:34:50 - [TEST_STEP][PASSED] - isRequiredTextPresent = true: null

25-10-2024T01:34:50 - [TEST_STEP][PASSED] - if (isRequiredTextPresent): null

25-10-2024T01:34:50 - [TEST_STEP][PASSED] - if (verifyTextPresent("Please click here to make another payment.", false)): null

25-10-2024T01:34:50 - [MESSAGE][PASSED] - Text 'Please click here to make another payment.' is present on page 

25-10-2024T01:34:50 - [TEST_STEP][PASSED] - isRequiredTextPresent = true: null

25-10-2024T01:34:50 - [TEST_STEP][PASSED] - if (isRequiredTextPresent == true): pages.WriteExcel.demoKey is PASSED

25-10-2024T01:34:50 - [TEST_STEP][PASSED] - println("All the relevant texts are present on Receipt Page"): null

25-10-2024T01:34:50 - [TEST_STEP][PASSED] - markPassed("All the relevant texts are present on Receipt Page"): All the relevant texts are present on Receipt Page

25-10-2024T01:34:50 - [MESSAGE][PASSED] - All the relevant texts are present on Receipt Page

25-10-2024T01:34:50 - [TEST_STEP][PASSED] - resText = "Pass": null

25-10-2024T01:34:50 - [TEST_STEP][PASSED] - pages.WriteExcel.demoKey(resText, datText, resColumn, datCloumn, fileLoc, nameSheet, row): pages.WriteExcel.demoKey is PASSED

25-10-2024T01:34:50 - [MESSAGE][PASSED] - pages.WriteExcel.demoKey is PASSED

25-10-2024T01:34:50 - [TEST_STEP][PASSED] - closeBrowser(): Browser is closed

25-10-2024T01:34:51 - [MESSAGE][PASSED] - Browser is closed]]></system-out>
         <system-err><![CDATA[]]></system-err>
      </testcase>
      <testcase name="Test Cases/IntegratedWeb/IWP25/Payments/CCAutoPayCorp" time="238.353" classname="Test Cases/IntegratedWeb/IWP25/Payments/CCAutoPayCorp" status="FAILED">
         <failure type="FAILED" message="Test Cases/IntegratedWeb/IWP25/Payments/CCAutoPayCorp FAILED.&#xa;Reason:&#xa;com.kms.katalon.core.exception.StepFailedException: Text 'AutoPay' is not present on page  (Root cause: com.kms.katalon.core.exception.StepFailedException: Text 'AutoPay' is not present on page &#xa;	at com.kms.katalon.core.webui.keyword.internal.WebUIKeywordMain.stepFailed(WebUIKeywordMain.groovy:64)&#xa;	at com.kms.katalon.core.webui.keyword.builtin.VerifyTextPresentKeyword$_verifyTextPresent_closure1.doCall(VerifyTextPresentKeyword.groovy:79)&#xa;	at com.kms.katalon.core.webui.keyword.builtin.VerifyTextPresentKeyword$_verifyTextPresent_closure1.call(VerifyTextPresentKeyword.groovy)&#xa;	at com.kms.katalon.core.webui.keyword.internal.WebUIKeywordMain.runKeyword(WebUIKeywordMain.groovy:20)&#xa;	at com.kms.katalon.core.webui.keyword.builtin.VerifyTextPresentKeyword.verifyTextPresent(VerifyTextPresentKeyword.groovy:83)&#xa;	at com.kms.katalon.core.webui.keyword.builtin.VerifyTextPresentKeyword.execute(VerifyTextPresentKeyword.groovy:68)&#xa;	at com.kms.katalon.core.keyword.internal.KeywordExecutor.executeKeywordForPlatform(KeywordExecutor.groovy:74)&#xa;	at com.kms.katalon.core.webui.keyword.WebUiBuiltInKeywords.verifyTextPresent(WebUiBuiltInKeywords.groovy:1762)&#xa;	at CCAutoPayCorp.run(CCAutoPayCorp:92)&#xa;	at com.kms.katalon.core.main.ScriptEngine.run(ScriptEngine.java:194)&#xa;	at com.kms.katalon.core.main.ScriptEngine.runScriptAsRawText(ScriptEngine.java:119)&#xa;	at com.kms.katalon.core.main.TestCaseExecutor.runScript(TestCaseExecutor.java:448)&#xa;	at com.kms.katalon.core.main.TestCaseExecutor.doExecute(TestCaseExecutor.java:439)&#xa;	at com.kms.katalon.core.main.TestCaseExecutor.processExecutionPhase(TestCaseExecutor.java:418)&#xa;	at com.kms.katalon.core.main.TestCaseExecutor.accessMainPhase(TestCaseExecutor.java:410)&#xa;	at com.kms.katalon.core.main.TestCaseExecutor.execute(TestCaseExecutor.java:285)&#xa;	at com.kms.katalon.core.common.CommonExecutor.accessTestCaseMainPhase(CommonExecutor.java:65)&#xa;	at com.kms.katalon.core.main.TestSuiteExecutor.accessTestSuiteMainPhase(TestSuiteExecutor.java:150)&#xa;	at com.kms.katalon.core.main.TestSuiteExecutor.execute(TestSuiteExecutor.java:106)&#xa;	at com.kms.katalon.core.main.TestCaseMain.startTestSuite(TestCaseMain.java:180)&#xa;	at TempTestSuite1729787045812.run(TempTestSuite1729787045812.groovy:35)&#xa;	at java.base/jdk.internal.reflect.NativeMethodAccessorImpl.invoke0(Native Method)&#xa;	at java.base/jdk.internal.reflect.NativeMethodAccessorImpl.invoke(NativeMethodAccessorImpl.java:77)&#xa;	at java.base/jdk.internal.reflect.DelegatingMethodAccessorImpl.invoke(DelegatingMethodAccessorImpl.java:43)&#xa;)&#xa;	at com.kms.katalon.core.keyword.internal.KeywordMain.stepFailed(KeywordMain.groovy:39)&#xa;	at com.kms.katalon.core.webui.keyword.internal.WebUIKeywordMain.stepFailed(WebUIKeywordMain.groovy:64)&#xa;	at com.kms.katalon.core.webui.keyword.builtin.VerifyTextPresentKeyword$_verifyTextPresent_closure1.doCall(VerifyTextPresentKeyword.groovy:79)&#xa;	at com.kms.katalon.core.webui.keyword.builtin.VerifyTextPresentKeyword$_verifyTextPresent_closure1.call(VerifyTextPresentKeyword.groovy)&#xa;	at com.kms.katalon.core.webui.keyword.internal.WebUIKeywordMain.runKeyword(WebUIKeywordMain.groovy:20)&#xa;	at com.kms.katalon.core.webui.keyword.builtin.VerifyTextPresentKeyword.verifyTextPresent(VerifyTextPresentKeyword.groovy:83)&#xa;	at com.kms.katalon.core.webui.keyword.builtin.VerifyTextPresentKeyword.execute(VerifyTextPresentKeyword.groovy:68)&#xa;	at com.kms.katalon.core.keyword.internal.KeywordExecutor.executeKeywordForPlatform(KeywordExecutor.groovy:74)&#xa;	at com.kms.katalon.core.webui.keyword.WebUiBuiltInKeywords.verifyTextPresent(WebUiBuiltInKeywords.groovy:1762)&#xa;	at CCAutoPayCorp.run(CCAutoPayCorp:92)&#xa;	at com.kms.katalon.core.main.ScriptEngine.run(ScriptEngine.java:194)&#xa;	at com.kms.katalon.core.main.ScriptEngine.runScriptAsRawText(ScriptEngine.java:119)&#xa;	at com.kms.katalon.core.main.TestCaseExecutor.runScript(TestCaseExecutor.java:448)&#xa;	at com.kms.katalon.core.main.TestCaseExecutor.doExecute(TestCaseExecutor.java:439)&#xa;	at com.kms.katalon.core.main.TestCaseExecutor.processExecutionPhase(TestCaseExecutor.java:418)&#xa;	at com.kms.katalon.core.main.TestCaseExecutor.accessMainPhase(TestCaseExecutor.java:410)&#xa;	at com.kms.katalon.core.main.TestCaseExecutor.execute(TestCaseExecutor.java:285)&#xa;	at com.kms.katalon.core.common.CommonExecutor.accessTestCaseMainPhase(CommonExecutor.java:65)&#xa;	at com.kms.katalon.core.main.TestSuiteExecutor.accessTestSuiteMainPhase(TestSuiteExecutor.java:150)&#xa;	at com.kms.katalon.core.main.TestSuiteExecutor.execute(TestSuiteExecutor.java:106)&#xa;	at com.kms.katalon.core.main.TestCaseMain.startTestSuite(TestCaseMain.java:180)&#xa;	at TempTestSuite1729787045812.run(TempTestSuite1729787045812.groovy:35)&#xa;	at java.base/jdk.internal.reflect.NativeMethodAccessorImpl.invoke0(Native Method)&#xa;	at java.base/jdk.internal.reflect.NativeMethodAccessorImpl.invoke(NativeMethodAccessorImpl.java:77)&#xa;	at java.base/jdk.internal.reflect.DelegatingMethodAccessorImpl.invoke(DelegatingMethodAccessorImpl.java:43)&#xa;Caused by: com.kms.katalon.core.exception.StepFailedException: Text 'AutoPay' is not present on page &#xa;	... 24 more&#xa;"/>
         <system-out><![CDATA[25-10-2024T01:34:51 - [TEST_CASE][FAILED] - Test Cases/IntegratedWeb/IWP25/Payments/CCAutoPayCorp: Test Cases/IntegratedWeb/IWP25/Payments/CCAutoPayCorp FAILED.
Reason:
com.kms.katalon.core.exception.StepFailedException: Text 'AutoPay' is not present on page  (Root cause: com.kms.katalon.core.exception.StepFailedException: Text 'AutoPay' is not present on page 
	at com.kms.katalon.core.webui.keyword.internal.WebUIKeywordMain.stepFailed(WebUIKeywordMain.groovy:64)
	at com.kms.katalon.core.webui.keyword.builtin.VerifyTextPresentKeyword$_verifyTextPresent_closure1.doCall(VerifyTextPresentKeyword.groovy:79)
	at com.kms.katalon.core.webui.keyword.builtin.VerifyTextPresentKeyword$_verifyTextPresent_closure1.call(VerifyTextPresentKeyword.groovy)
	at com.kms.katalon.core.webui.keyword.internal.WebUIKeywordMain.runKeyword(WebUIKeywordMain.groovy:20)
	at com.kms.katalon.core.webui.keyword.builtin.VerifyTextPresentKeyword.verifyTextPresent(VerifyTextPresentKeyword.groovy:83)
	at com.kms.katalon.core.webui.keyword.builtin.VerifyTextPresentKeyword.execute(VerifyTextPresentKeyword.groovy:68)
	at com.kms.katalon.core.keyword.internal.KeywordExecutor.executeKeywordForPlatform(KeywordExecutor.groovy:74)
	at com.kms.katalon.core.webui.keyword.WebUiBuiltInKeywords.verifyTextPresent(WebUiBuiltInKeywords.groovy:1762)
	at CCAutoPayCorp.run(CCAutoPayCorp:92)
	at com.kms.katalon.core.main.ScriptEngine.run(ScriptEngine.java:194)
	at com.kms.katalon.core.main.ScriptEngine.runScriptAsRawText(ScriptEngine.java:119)
	at com.kms.katalon.core.main.TestCaseExecutor.runScript(TestCaseExecutor.java:448)
	at com.kms.katalon.core.main.TestCaseExecutor.doExecute(TestCaseExecutor.java:439)
	at com.kms.katalon.core.main.TestCaseExecutor.processExecutionPhase(TestCaseExecutor.java:418)
	at com.kms.katalon.core.main.TestCaseExecutor.accessMainPhase(TestCaseExecutor.java:410)
	at com.kms.katalon.core.main.TestCaseExecutor.execute(TestCaseExecutor.java:285)
	at com.kms.katalon.core.common.CommonExecutor.accessTestCaseMainPhase(CommonExecutor.java:65)
	at com.kms.katalon.core.main.TestSuiteExecutor.accessTestSuiteMainPhase(TestSuiteExecutor.java:150)
	at com.kms.katalon.core.main.TestSuiteExecutor.execute(TestSuiteExecutor.java:106)
	at com.kms.katalon.core.main.TestCaseMain.startTestSuite(TestCaseMain.java:180)
	at TempTestSuite1729787045812.run(TempTestSuite1729787045812.groovy:35)
	at java.base/jdk.internal.reflect.NativeMethodAccessorImpl.invoke0(Native Method)
	at java.base/jdk.internal.reflect.NativeMethodAccessorImpl.invoke(NativeMethodAccessorImpl.java:77)
	at java.base/jdk.internal.reflect.DelegatingMethodAccessorImpl.invoke(DelegatingMethodAccessorImpl.java:43)
)
	at com.kms.katalon.core.keyword.internal.KeywordMain.stepFailed(KeywordMain.groovy:39)
	at com.kms.katalon.core.webui.keyword.internal.WebUIKeywordMain.stepFailed(WebUIKeywordMain.groovy:64)
	at com.kms.katalon.core.webui.keyword.builtin.VerifyTextPresentKeyword$_verifyTextPresent_closure1.doCall(VerifyTextPresentKeyword.groovy:79)
	at com.kms.katalon.core.webui.keyword.builtin.VerifyTextPresentKeyword$_verifyTextPresent_closure1.call(VerifyTextPresentKeyword.groovy)
	at com.kms.katalon.core.webui.keyword.internal.WebUIKeywordMain.runKeyword(WebUIKeywordMain.groovy:20)
	at com.kms.katalon.core.webui.keyword.builtin.VerifyTextPresentKeyword.verifyTextPresent(VerifyTextPresentKeyword.groovy:83)
	at com.kms.katalon.core.webui.keyword.builtin.VerifyTextPresentKeyword.execute(VerifyTextPresentKeyword.groovy:68)
	at com.kms.katalon.core.keyword.internal.KeywordExecutor.executeKeywordForPlatform(KeywordExecutor.groovy:74)
	at com.kms.katalon.core.webui.keyword.WebUiBuiltInKeywords.verifyTextPresent(WebUiBuiltInKeywords.groovy:1762)
	at CCAutoPayCorp.run(CCAutoPayCorp:92)
	at com.kms.katalon.core.main.ScriptEngine.run(ScriptEngine.java:194)
	at com.kms.katalon.core.main.ScriptEngine.runScriptAsRawText(ScriptEngine.java:119)
	at com.kms.katalon.core.main.TestCaseExecutor.runScript(TestCaseExecutor.java:448)
	at com.kms.katalon.core.main.TestCaseExecutor.doExecute(TestCaseExecutor.java:439)
	at com.kms.katalon.core.main.TestCaseExecutor.processExecutionPhase(TestCaseExecutor.java:418)
	at com.kms.katalon.core.main.TestCaseExecutor.accessMainPhase(TestCaseExecutor.java:410)
	at com.kms.katalon.core.main.TestCaseExecutor.execute(TestCaseExecutor.java:285)
	at com.kms.katalon.core.common.CommonExecutor.accessTestCaseMainPhase(CommonExecutor.java:65)
	at com.kms.katalon.core.main.TestSuiteExecutor.accessTestSuiteMainPhase(TestSuiteExecutor.java:150)
	at com.kms.katalon.core.main.TestSuiteExecutor.execute(TestSuiteExecutor.java:106)
	at com.kms.katalon.core.main.TestCaseMain.startTestSuite(TestCaseMain.java:180)
	at TempTestSuite1729787045812.run(TempTestSuite1729787045812.groovy:35)
	at java.base/jdk.internal.reflect.NativeMethodAccessorImpl.invoke0(Native Method)
	at java.base/jdk.internal.reflect.NativeMethodAccessorImpl.invoke(NativeMethodAccessorImpl.java:77)
	at java.base/jdk.internal.reflect.DelegatingMethodAccessorImpl.invoke(DelegatingMethodAccessorImpl.java:43)
Caused by: com.kms.katalon.core.exception.StepFailedException: Text 'AutoPay' is not present on page 
	... 24 more


25-10-2024T01:34:51 - [TEST_STEP][PASSED] - resText = "Fail": null

25-10-2024T01:34:51 - [TEST_STEP][PASSED] - resColumn = "Result": null

25-10-2024T01:34:51 - [TEST_STEP][PASSED] - datCloumn = "Date": null

25-10-2024T01:34:51 - [TEST_STEP][PASSED] - fileLoc = "KatalonData/IWPTestData/VRelay25PaymentsExtension.xlsx": null

25-10-2024T01:34:51 - [TEST_STEP][PASSED] - numOfRows = <not implemented yet for class: org.codehaus.groovy.ast.expr.EmptyExpression>: null

25-10-2024T01:34:51 - [TEST_STEP][PASSED] - dataFile = <not implemented yet for class: org.codehaus.groovy.ast.expr.EmptyExpression>: null

25-10-2024T01:34:51 - [TEST_STEP][PASSED] - nameSheet = <not implemented yet for class: org.codehaus.groovy.ast.expr.EmptyExpression>: null

25-10-2024T01:34:51 - [TEST_STEP][PASSED] - dataFileEmulator = <not implemented yet for class: org.codehaus.groovy.ast.expr.EmptyExpression>: null

25-10-2024T01:34:51 - [TEST_STEP][PASSED] - isRequiredTextPresent = false: null

25-10-2024T01:34:51 - [TEST_STEP][PASSED] - nameSheet = "CCAutoPayPlanCorp": null

25-10-2024T01:34:51 - [TEST_STEP][PASSED] - dataFile = getExcelDataWithDefaultSheet("KatalonData/IWPTestData/VRelay25PaymentsExtension.xlsx", nameSheet, true): null

25-10-2024T01:34:51 - [TEST_STEP][PASSED] - dataFileEmulator = "IWPTestData/EmulatorData": null

25-10-2024T01:34:51 - [TEST_STEP][PASSED] - numOfRows = dataFile.getRowNumbers(): null

25-10-2024T01:34:51 - [TEST_STEP][PASSED] - println("Number of Records: " + numOfRows): null

25-10-2024T01:34:51 - [TEST_STEP][PASSED] - columnNames = dataFile.getColumnNames(): null

25-10-2024T01:34:51 - [TEST_STEP][PASSED] - println(columnNames[0]): null

25-10-2024T01:34:51 - [TEST_STEP][FAILED] - for ([row = 1, row <= numOfRows, (row++)]): null

25-10-2024T01:34:51 - [TEST_STEP][PASSED] - ExecuteTC = dataFile.getValue("Execute", row): null

25-10-2024T01:34:51 - [TEST_STEP][PASSED] - out.println("Value of Execute is : " + ExecuteTC): null

25-10-2024T01:34:51 - [TEST_STEP][FAILED] - if (ExecuteTC.equalsIgnoreCase("Y")): null

25-10-2024T01:34:51 - [TEST_STEP][PASSED] - out.println("Begin Record Number: " + row): null

25-10-2024T01:34:51 - [TEST_STEP][PASSED] - today = new java.util.Date(): null

25-10-2024T01:34:51 - [TEST_STEP][PASSED] - println(today): null

25-10-2024T01:34:51 - [TEST_STEP][PASSED] - datText = today: null

25-10-2024T01:34:51 - [TEST_STEP][PASSED] - EmulatorDataKey = dataFile.getValue("EmulatorData", row): null

25-10-2024T01:34:51 - [TEST_STEP][PASSED] - out.println("Value of Emulator Key is : " + EmulatorDataKey): null

25-10-2024T01:34:51 - [TEST_STEP][PASSED] - iwpPages.emulatorIWP30.setDataEmulator_DD(EmulatorDataKey): iwpPages.emulatorIWP30.setDataEmulator_DD is PASSED

25-10-2024T01:34:52 - [MESSAGE][INFO] - Starting 'Edge Chromium' driver

25-10-2024T01:34:52 - [MESSAGE][INFO] - User set preference: ['acceptInsecureCerts', 'true']

25-10-2024T01:34:54 - [MESSAGE][INFO] - Action delay is set to 0 milliseconds

25-10-2024T01:34:58 - [MESSAGE][PASSED] - Browser is opened with url: 'https://qa2.velocitypayment.com/agencyx/config.action?action=editor&message_version=2_5'

25-10-2024T01:34:58 - [MESSAGE][PASSED] - Current window maximized

25-10-2024T01:35:29 - [MESSAGE][INFO] - Unable to find the element located by 'By.xpath: //select[@name='message_version']'. Please recheck the objects properties to make sure the desired element is located. 

25-10-2024T01:35:29 - [MESSAGE][WARNING] - [SELF-HEALING] Failed to find element with id 'Object Repository/IWP30/Page_VRelay30Emulator/MV'. Try using Self-healing.

25-10-2024T01:35:29 - [MESSAGE][WARNING] - [SELF-HEALING] The current locator of test object 'Object Repository/IWP30/Page_VRelay30Emulator/MV' was broken. Propose an alternative one: '(.//*[normalize-space(text()) and normalize-space(.)='Message Version'])[1]/following::select[1]'.

25-10-2024T01:35:30 - [MESSAGE][PASSED] - All options with value '2.5' are selected in object 'Object Repository/IWP30/Page_VRelay30Emulator/MV'  using regular expression

25-10-2024T01:35:30 - [MESSAGE][PASSED] - Text '10.50' is set on object 'Object Repository/IWP30/Page_EmulatorAgencyX/Amount'

25-10-2024T01:35:31 - [MESSAGE][PASSED] - Text '2fcfEQJfpMkc' is set on object 'Object Repository/IWP30/Page_EmulatorAgencyX/CAN'

25-10-2024T01:35:31 - [MESSAGE][PASSED] - Text 'AutoPay' is set on object 'Object Repository/IWP30/Page_EmulatorAgencyX/Action'

25-10-2024T01:35:32 - [MESSAGE][PASSED] - Text 'en_US' is set on object 'Object Repository/IWP30/Page_EmulatorAgencyX/Lang'

25-10-2024T01:35:33 - [MESSAGE][PASSED] - Text '' is set on object 'Object Repository/IWP30/Page_EmulatorAgencyX/Fname'

25-10-2024T01:35:33 - [MESSAGE][PASSED] - Text '' is set on object 'Object Repository/IWP30/Page_EmulatorAgencyX/Lname'

25-10-2024T01:35:34 - [MESSAGE][PASSED] - Text '' is set on object 'Object Repository/IWP30/Page_EmulatorAgencyX/AL1'

25-10-2024T01:35:34 - [MESSAGE][PASSED] - Text '' is set on object 'Object Repository/IWP30/Page_EmulatorAgencyX/AL2'

25-10-2024T01:35:35 - [MESSAGE][PASSED] - Text '' is set on object 'Object Repository/IWP30/Page_EmulatorAgencyX/Country'

25-10-2024T01:35:35 - [MESSAGE][PASSED] - Text '' is set on object 'Object Repository/IWP30/Page_EmulatorAgencyX/City'

25-10-2024T01:35:36 - [MESSAGE][PASSED] - Text '' is set on object 'Object Repository/IWP30/Page_EmulatorAgencyX/State'

25-10-2024T01:35:37 - [MESSAGE][PASSED] - Text '' is set on object 'Object Repository/IWP30/Page_EmulatorAgencyX/ZIP'

25-10-2024T01:35:37 - [MESSAGE][PASSED] - Text '' is set on object 'Object Repository/IWP30/Page_EmulatorAgencyX/Order'

25-10-2024T01:35:38 - [MESSAGE][PASSED] - Text '' is set on object 'Object Repository/IWP30/Page_EmulatorAgencyX/Company'

25-10-2024T01:35:38 - [MESSAGE][PASSED] - Text '' is set on object 'Object Repository/IWP30/Page_EmulatorAgencyX/Email'

25-10-2024T01:35:39 - [MESSAGE][PASSED] - Text '' is set on object 'Object Repository/IWP30/Page_EmulatorAgencyX/UDF1'

25-10-2024T01:35:39 - [MESSAGE][PASSED] - Text '' is set on object 'Object Repository/IWP30/Page_EmulatorAgencyX/UDF2'

25-10-2024T01:35:40 - [MESSAGE][PASSED] - Text '' is set on object 'Object Repository/IWP30/Page_EmulatorAgencyX/UDF3'

25-10-2024T01:35:41 - [MESSAGE][PASSED] - Text 'udf data 4' is set on object 'Object Repository/IWP30/Page_EmulatorAgencyX/UDF4'

25-10-2024T01:35:41 - [MESSAGE][PASSED] - Text 'udf data 5' is set on object 'Object Repository/IWP30/Page_EmulatorAgencyX/UDF5'

25-10-2024T01:35:42 - [MESSAGE][PASSED] - Text '' is set on object 'Object Repository/IWP30/Page_EmulatorAgencyX/UDF6'

25-10-2024T01:35:42 - [MESSAGE][PASSED] - Text '' is set on object 'Object Repository/IWP30/Page_EmulatorAgencyX/UDF7'

25-10-2024T01:35:43 - [MESSAGE][PASSED] - Text '' is set on object 'Object Repository/IWP30/Page_EmulatorAgencyX/UDF8'

25-10-2024T01:35:43 - [MESSAGE][PASSED] - Text 'udf data 9' is set on object 'Object Repository/IWP30/Page_EmulatorAgencyX/UDF9'

25-10-2024T01:35:44 - [MESSAGE][PASSED] - Text 'udf data 10' is set on object 'Object Repository/IWP30/Page_EmulatorAgencyX/UDF10'

25-10-2024T01:35:45 - [MESSAGE][PASSED] - Object: 'Object Repository/IWP30/Page_EmulatorAgencyX/Submit' is clicked on

25-10-2024T01:35:50 - [MESSAGE][PASSED] - Browser is closed

25-10-2024T01:35:54 - [MESSAGE][PASSED] - iwpPages.emulatorIWP30.setDataEmulator_DD is PASSED

25-10-2024T01:35:54 - [TEST_STEP][PASSED] - testHarnessURL = urlTestHarness: null

25-10-2024T01:35:54 - [TEST_STEP][PASSED] - openBrowser(testHarnessURL): Browser is opened with url: 'https://dev-algorithm.govolution.com/vrelaytest/QA2/version_2_2/vrelaytest.html'

25-10-2024T01:35:54 - [MESSAGE][INFO] - Starting 'Edge Chromium' driver

25-10-2024T01:35:54 - [MESSAGE][INFO] - User set preference: ['acceptInsecureCerts', 'true']

25-10-2024T01:35:56 - [MESSAGE][INFO] - Action delay is set to 0 milliseconds

25-10-2024T01:35:59 - [MESSAGE][PASSED] - Browser is opened with url: 'https://dev-algorithm.govolution.com/vrelaytest/QA2/version_2_2/vrelaytest.html'

25-10-2024T01:35:59 - [TEST_STEP][PASSED] - maximizeWindow(): Current window maximized

25-10-2024T01:35:59 - [MESSAGE][PASSED] - Current window maximized

25-10-2024T01:35:59 - [TEST_STEP][PASSED] - iwpPages.TestHarnessPage.setDataMethodEF(row, dataFile): iwpPages.TestHarnessPage.setDataMethodEF is PASSED

25-10-2024T01:36:00 - [MESSAGE][PASSED] - Object 'Object Repository/IWP30/Page_QATestHarness/RemittanceID' is present

25-10-2024T01:36:00 - [MESSAGE][PASSED] - Text '638' is set on object 'Object Repository/IWP30/Page_QATestHarness/ApplicationID'

25-10-2024T01:36:01 - [MESSAGE][PASSED] - Text '2.5' is set on object 'Object Repository/IWP30/Page_QATestHarness/MessageVersion'

25-10-2024T01:36:01 - [MESSAGE][PASSED] - Text 'wdv1sCGUGkhD' is set on object 'Object Repository/IWP30/Page_QATestHarness/RemittanceID'

25-10-2024T01:36:06 - [MESSAGE][PASSED] - Object: 'Object Repository/IWP30/Page_QATestHarness/SubmitButton' is clicked on

25-10-2024T01:36:06 - [MESSAGE][PASSED] - iwpPages.TestHarnessPage.setDataMethodEF is PASSED

25-10-2024T01:36:06 - [TEST_STEP][PASSED] - click(findTestObject("Object Repository/IWP30/Page_SelectPaymentMethod/PayByCorporateCheck")): Object: 'Object Repository/IWP30/Page_SelectPaymentMethod/PayByCorporateCheck' is clicked on

25-10-2024T01:36:07 - [MESSAGE][PASSED] - Object: 'Object Repository/IWP30/Page_SelectPaymentMethod/PayByCorporateCheck' is clicked on

25-10-2024T01:36:07 - [TEST_STEP][PASSED] - click(findTestObject("Object Repository/IWP30/Page_SelectPaymentMethod/MakePaymentButton")): Object: 'Object Repository/IWP30/Page_SelectPaymentMethod/MakePaymentButton' is clicked on

25-10-2024T01:36:09 - [MESSAGE][PASSED] - Object: 'Object Repository/IWP30/Page_SelectPaymentMethod/MakePaymentButton' is clicked on

25-10-2024T01:36:09 - [TEST_STEP][PASSED] - iwpPages.achCorporatePaymentEntryPage.setDataCorporate(row, dataFile): iwpPages.achCorporatePaymentEntryPage.setDataCorporate is PASSED

25-10-2024T01:36:10 - [MESSAGE][PASSED] - Object 'Object Repository/IWP30/Page_ACHCorporatePaymentEntry/txt_accountNumber' is present

25-10-2024T01:36:10 - [MESSAGE][PASSED] - Object 'Object Repository/IWP30/Page_ACHCorporatePaymentEntry/input_CompanyName' is present

25-10-2024T01:36:11 - [MESSAGE][PASSED] - Text 'My Company' is set on object 'Object Repository/IWP30/Page_ACHCorporatePaymentEntry/input_CompanyName'

25-10-2024T01:36:11 - [MESSAGE][PASSED] - Object 'Object Repository/IWP30/Page_ACHCorporatePaymentEntry/input_EIN' is present

25-10-2024T01:36:12 - [MESSAGE][PASSED] - Text '123456789' is set on object 'Object Repository/IWP30/Page_ACHCorporatePaymentEntry/input_EIN'

25-10-2024T01:36:12 - [MESSAGE][PASSED] - Text 'udf data 2' is set on object 'Object Repository/IWP30/Page_ACHCorporatePaymentEntry/txt_UDF2'

25-10-2024T01:36:13 - [MESSAGE][PASSED] - Text 'udf data 3' is set on object 'Object Repository/IWP30/Page_ACHCorporatePaymentEntry/txt_UDF3'

25-10-2024T01:36:13 - [MESSAGE][PASSED] - All options with label 'Orange' are selected in object 'Object Repository/IWP30/Page_ACHCorporatePaymentEntry/dd_UDF7' 

25-10-2024T01:36:14 - [MESSAGE][PASSED] - All options with label 'Soccer' are selected in object 'Object Repository/IWP30/Page_ACHCorporatePaymentEntry/dd_UDF8' 

25-10-2024T01:36:14 - [MESSAGE][PASSED] - Object 'Object Repository/IWP30/Page_ACHCorporatePaymentEntry/txt_routingNumber' is present

25-10-2024T01:36:15 - [MESSAGE][PASSED] - Text '256072691' is set on object 'Object Repository/IWP30/Page_ACHCorporatePaymentEntry/txt_routingNumber'

25-10-2024T01:36:15 - [MESSAGE][PASSED] - Object 'Object Repository/IWP30/Page_ACHCorporatePaymentEntry/txt_accountNumber' is present

25-10-2024T01:36:16 - [MESSAGE][PASSED] - Text '12344444' is set on object 'Object Repository/IWP30/Page_ACHCorporatePaymentEntry/txt_accountNumber'

25-10-2024T01:36:16 - [MESSAGE][PASSED] - Object 'Object Repository/IWP30/Page_ACHCorporatePaymentEntry/txt_confirmAccountNumber' is present

25-10-2024T01:36:17 - [MESSAGE][PASSED] - Text '12344444' is set on object 'Object Repository/IWP30/Page_ACHCorporatePaymentEntry/txt_confirmAccountNumber'

25-10-2024T01:36:17 - [MESSAGE][PASSED] - Text '365 Main Avenue' is set on object 'Object Repository/IWP30/Page_ACHCorporatePaymentEntry/txt_AL1'

25-10-2024T01:36:18 - [MESSAGE][PASSED] - Text '22201' is set on object 'Object Repository/IWP30/Page_ACHCorporatePaymentEntry/txt_ZIP'

25-10-2024T01:36:19 - [MESSAGE][PASSED] - Object 'Object Repository/IWP30/Page_ACHCorporatePaymentEntry/txt_Email' is present

25-10-2024T01:36:20 - [MESSAGE][PASSED] - Text 'iahmed@govolution.com' is set on object 'Object Repository/IWP30/Page_ACHCorporatePaymentEntry/txt_Email'

25-10-2024T01:36:20 - [MESSAGE][PASSED] - Object 'Object Repository/IWP30/Page_ACHCorporatePaymentEntry/cb_TermsAndCond' is present

25-10-2024T01:36:20 - [MESSAGE][PASSED] - Object: 'Object Repository/IWP30/Page_ACHCorporatePaymentEntry/cb_TermsAndCond' is clicked on

25-10-2024T01:36:20 - [MESSAGE][PASSED] - Object 'Object Repository/IWP30/Page_ACHCorporatePaymentEntry/btn_Continue' is present

25-10-2024T01:36:22 - [MESSAGE][PASSED] - Object: 'Object Repository/IWP30/Page_ACHCorporatePaymentEntry/btn_Continue' is clicked on

25-10-2024T01:36:22 - [MESSAGE][PASSED] - iwpPages.achCorporatePaymentEntryPage.setDataCorporate is PASSED

25-10-2024T01:36:22 - [TEST_STEP][PASSED] - click(findTestObject("Object Repository/IWP30/Page_Confirmation/ConfirmButton")): Object: 'Object Repository/IWP30/Page_Confirmation/ConfirmButton' is clicked on

25-10-2024T01:36:24 - [MESSAGE][PASSED] - Object: 'Object Repository/IWP30/Page_Confirmation/ConfirmButton' is clicked on

25-10-2024T01:36:24 - [TEST_STEP][PASSED] - Thread.sleep(2000): null

25-10-2024T01:36:26 - [TEST_STEP][FAILED] - if (verifyTextPresent("AutoPay", false)): Text 'AutoPay' is not present on page  (Root cause: com.kms.katalon.core.exception.StepFailedException: Text 'AutoPay' is not present on page 
	at com.kms.katalon.core.webui.keyword.internal.WebUIKeywordMain.stepFailed(WebUIKeywordMain.groovy:64)
	at com.kms.katalon.core.webui.keyword.builtin.VerifyTextPresentKeyword$_verifyTextPresent_closure1.doCall(VerifyTextPresentKeyword.groovy:79)
	at com.kms.katalon.core.webui.keyword.builtin.VerifyTextPresentKeyword$_verifyTextPresent_closure1.call(VerifyTextPresentKeyword.groovy)
	at com.kms.katalon.core.webui.keyword.internal.WebUIKeywordMain.runKeyword(WebUIKeywordMain.groovy:20)
	at com.kms.katalon.core.webui.keyword.builtin.VerifyTextPresentKeyword.verifyTextPresent(VerifyTextPresentKeyword.groovy:83)
	at com.kms.katalon.core.webui.keyword.builtin.VerifyTextPresentKeyword.execute(VerifyTextPresentKeyword.groovy:68)
	at com.kms.katalon.core.keyword.internal.KeywordExecutor.executeKeywordForPlatform(KeywordExecutor.groovy:74)
	at com.kms.katalon.core.webui.keyword.WebUiBuiltInKeywords.verifyTextPresent(WebUiBuiltInKeywords.groovy:1762)
	at CCAutoPayCorp.run(CCAutoPayCorp:92)
	at com.kms.katalon.core.main.ScriptEngine.run(ScriptEngine.java:194)
	at com.kms.katalon.core.main.ScriptEngine.runScriptAsRawText(ScriptEngine.java:119)
	at com.kms.katalon.core.main.TestCaseExecutor.runScript(TestCaseExecutor.java:448)
	at com.kms.katalon.core.main.TestCaseExecutor.doExecute(TestCaseExecutor.java:439)
	at com.kms.katalon.core.main.TestCaseExecutor.processExecutionPhase(TestCaseExecutor.java:418)
	at com.kms.katalon.core.main.TestCaseExecutor.accessMainPhase(TestCaseExecutor.java:410)
	at com.kms.katalon.core.main.TestCaseExecutor.execute(TestCaseExecutor.java:285)
	at com.kms.katalon.core.common.CommonExecutor.accessTestCaseMainPhase(CommonExecutor.java:65)
	at com.kms.katalon.core.main.TestSuiteExecutor.accessTestSuiteMainPhase(TestSuiteExecutor.java:150)
	at com.kms.katalon.core.main.TestSuiteExecutor.execute(TestSuiteExecutor.java:106)
	at com.kms.katalon.core.main.TestCaseMain.startTestSuite(TestCaseMain.java:180)
	at TempTestSuite1729787045812.run(TempTestSuite1729787045812.groovy:35)
	at java.base/jdk.internal.reflect.NativeMethodAccessorImpl.invoke0(Native Method)
	at java.base/jdk.internal.reflect.NativeMethodAccessorImpl.invoke(NativeMethodAccessorImpl.java:77)
	at java.base/jdk.internal.reflect.DelegatingMethodAccessorImpl.invoke(DelegatingMethodAccessorImpl.java:43)
)

25-10-2024T01:36:27 - [MESSAGE][FAILED] - Text 'AutoPay' is not present on page  (Root cause: com.kms.katalon.core.exception.StepFailedException: Text 'AutoPay' is not present on page 
	at com.kms.katalon.core.webui.keyword.internal.WebUIKeywordMain.stepFailed(WebUIKeywordMain.groovy:64)
	at com.kms.katalon.core.webui.keyword.builtin.VerifyTextPresentKeyword$_verifyTextPresent_closure1.doCall(VerifyTextPresentKeyword.groovy:79)
	at com.kms.katalon.core.webui.keyword.builtin.VerifyTextPresentKeyword$_verifyTextPresent_closure1.call(VerifyTextPresentKeyword.groovy)
	at com.kms.katalon.core.webui.keyword.internal.WebUIKeywordMain.runKeyword(WebUIKeywordMain.groovy:20)
	at com.kms.katalon.core.webui.keyword.builtin.VerifyTextPresentKeyword.verifyTextPresent(VerifyTextPresentKeyword.groovy:83)
	at com.kms.katalon.core.webui.keyword.builtin.VerifyTextPresentKeyword.execute(VerifyTextPresentKeyword.groovy:68)
	at com.kms.katalon.core.keyword.internal.KeywordExecutor.executeKeywordForPlatform(KeywordExecutor.groovy:74)
	at com.kms.katalon.core.webui.keyword.WebUiBuiltInKeywords.verifyTextPresent(WebUiBuiltInKeywords.groovy:1762)
	at CCAutoPayCorp.run(CCAutoPayCorp:92)
	at com.kms.katalon.core.main.ScriptEngine.run(ScriptEngine.java:194)
	at com.kms.katalon.core.main.ScriptEngine.runScriptAsRawText(ScriptEngine.java:119)
	at com.kms.katalon.core.main.TestCaseExecutor.runScript(TestCaseExecutor.java:448)
	at com.kms.katalon.core.main.TestCaseExecutor.doExecute(TestCaseExecutor.java:439)
	at com.kms.katalon.core.main.TestCaseExecutor.processExecutionPhase(TestCaseExecutor.java:418)
	at com.kms.katalon.core.main.TestCaseExecutor.accessMainPhase(TestCaseExecutor.java:410)
	at com.kms.katalon.core.main.TestCaseExecutor.execute(TestCaseExecutor.java:285)
	at com.kms.katalon.core.common.CommonExecutor.accessTestCaseMainPhase(CommonExecutor.java:65)
	at com.kms.katalon.core.main.TestSuiteExecutor.accessTestSuiteMainPhase(TestSuiteExecutor.java:150)
	at com.kms.katalon.core.main.TestSuiteExecutor.execute(TestSuiteExecutor.java:106)
	at com.kms.katalon.core.main.TestCaseMain.startTestSuite(TestCaseMain.java:180)
	at TempTestSuite1729787045812.run(TempTestSuite1729787045812.groovy:35)
	at java.base/jdk.internal.reflect.NativeMethodAccessorImpl.invoke0(Native Method)
	at java.base/jdk.internal.reflect.NativeMethodAccessorImpl.invoke(NativeMethodAccessorImpl.java:77)
	at java.base/jdk.internal.reflect.DelegatingMethodAccessorImpl.invoke(DelegatingMethodAccessorImpl.java:43)
)

25-10-2024T01:36:27 - [TEST_STEP][FAILED] - else: null

25-10-2024T01:36:27 - [TEST_STEP][FAILED] - markFailed("Autopay is not present on page"): Autopay is not present on page

25-10-2024T01:36:27 - [MESSAGE][FAILED] - Autopay is not present on page

25-10-2024T01:36:27 - [TEST_STEP][PASSED] - resText = "Fail": null

25-10-2024T01:36:27 - [TEST_STEP][PASSED] - pages.WriteExcel.demoKey(resText, datText, resColumn, datCloumn, fileLoc, nameSheet, row): pages.WriteExcel.demoKey is PASSED

25-10-2024T01:36:27 - [MESSAGE][PASSED] - pages.WriteExcel.demoKey is PASSED

25-10-2024T01:36:27 - [TEST_STEP][PASSED] - closeBrowser(): Browser is closed

25-10-2024T01:36:27 - [MESSAGE][PASSED] - Browser is closed

25-10-2024T01:36:27 - [TEST_STEP][PASSED] - ExecuteTC = dataFile.getValue("Execute", row): null

25-10-2024T01:36:27 - [TEST_STEP][PASSED] - out.println("Value of Execute is : " + ExecuteTC): null

25-10-2024T01:36:27 - [TEST_STEP][PASSED] - if (ExecuteTC.equalsIgnoreCase("Y")): null

25-10-2024T01:36:27 - [TEST_STEP][PASSED] - out.println("Begin Record Number: " + row): null

25-10-2024T01:36:27 - [TEST_STEP][PASSED] - today = new java.util.Date(): null

25-10-2024T01:36:27 - [TEST_STEP][PASSED] - println(today): null

25-10-2024T01:36:27 - [TEST_STEP][PASSED] - datText = today: null

25-10-2024T01:36:27 - [TEST_STEP][PASSED] - EmulatorDataKey = dataFile.getValue("EmulatorData", row): null

25-10-2024T01:36:27 - [TEST_STEP][PASSED] - out.println("Value of Emulator Key is : " + EmulatorDataKey): null

25-10-2024T01:36:27 - [TEST_STEP][PASSED] - iwpPages.emulatorIWP30.setDataEmulator_DD(EmulatorDataKey): iwpPages.emulatorIWP30.setDataEmulator_DD is PASSED

25-10-2024T01:36:27 - [MESSAGE][INFO] - Starting 'Edge Chromium' driver

25-10-2024T01:36:27 - [MESSAGE][INFO] - User set preference: ['acceptInsecureCerts', 'true']

25-10-2024T01:36:30 - [MESSAGE][INFO] - Action delay is set to 0 milliseconds

25-10-2024T01:36:33 - [MESSAGE][PASSED] - Browser is opened with url: 'https://qa2.velocitypayment.com/agencyx/config.action?action=editor&message_version=3_0'

25-10-2024T01:36:33 - [MESSAGE][PASSED] - Current window maximized

25-10-2024T01:37:05 - [MESSAGE][INFO] - Unable to find the element located by 'By.xpath: //select[@name='message_version']'. Please recheck the objects properties to make sure the desired element is located. 

25-10-2024T01:37:05 - [MESSAGE][WARNING] - [SELF-HEALING] Failed to find element with id 'Object Repository/IWP30/Page_VRelay30Emulator/MV'. Try using Self-healing.

25-10-2024T01:37:05 - [MESSAGE][WARNING] - [SELF-HEALING] The current locator of test object 'Object Repository/IWP30/Page_VRelay30Emulator/MV' was broken. Propose an alternative one: '(.//*[normalize-space(text()) and normalize-space(.)='Message Version'])[1]/following::select[1]'.

25-10-2024T01:37:05 - [MESSAGE][PASSED] - All options with value '3.0' are selected in object 'Object Repository/IWP30/Page_VRelay30Emulator/MV'  using regular expression

25-10-2024T01:37:06 - [MESSAGE][PASSED] - Text '10.50' is set on object 'Object Repository/IWP30/Page_EmulatorAgencyX/Amount'

25-10-2024T01:37:07 - [MESSAGE][PASSED] - Text 'oD2fCQUj5cLz' is set on object 'Object Repository/IWP30/Page_EmulatorAgencyX/CAN'

25-10-2024T01:37:07 - [MESSAGE][PASSED] - Text 'AutoPay' is set on object 'Object Repository/IWP30/Page_EmulatorAgencyX/Action'

25-10-2024T01:37:08 - [MESSAGE][PASSED] - Text 'en_US' is set on object 'Object Repository/IWP30/Page_EmulatorAgencyX/Lang'

25-10-2024T01:37:08 - [MESSAGE][PASSED] - Text '' is set on object 'Object Repository/IWP30/Page_EmulatorAgencyX/Fname'

25-10-2024T01:37:09 - [MESSAGE][PASSED] - Text '' is set on object 'Object Repository/IWP30/Page_EmulatorAgencyX/Lname'

25-10-2024T01:37:10 - [MESSAGE][PASSED] - Text '' is set on object 'Object Repository/IWP30/Page_EmulatorAgencyX/AL1'

25-10-2024T01:37:10 - [MESSAGE][PASSED] - Text '' is set on object 'Object Repository/IWP30/Page_EmulatorAgencyX/AL2'

25-10-2024T01:37:11 - [MESSAGE][PASSED] - Text '' is set on object 'Object Repository/IWP30/Page_EmulatorAgencyX/Country'

25-10-2024T01:37:11 - [MESSAGE][PASSED] - Text '' is set on object 'Object Repository/IWP30/Page_EmulatorAgencyX/City'

25-10-2024T01:37:12 - [MESSAGE][PASSED] - Text '' is set on object 'Object Repository/IWP30/Page_EmulatorAgencyX/State'

25-10-2024T01:37:12 - [MESSAGE][PASSED] - Text '' is set on object 'Object Repository/IWP30/Page_EmulatorAgencyX/ZIP'

25-10-2024T01:37:13 - [MESSAGE][PASSED] - Text '' is set on object 'Object Repository/IWP30/Page_EmulatorAgencyX/Order'

25-10-2024T01:37:14 - [MESSAGE][PASSED] - Text '' is set on object 'Object Repository/IWP30/Page_EmulatorAgencyX/Company'

25-10-2024T01:37:14 - [MESSAGE][PASSED] - Text '' is set on object 'Object Repository/IWP30/Page_EmulatorAgencyX/Email'

25-10-2024T01:37:15 - [MESSAGE][PASSED] - Text '' is set on object 'Object Repository/IWP30/Page_EmulatorAgencyX/UDF1'

25-10-2024T01:37:15 - [MESSAGE][PASSED] - Text '' is set on object 'Object Repository/IWP30/Page_EmulatorAgencyX/UDF2'

25-10-2024T01:37:16 - [MESSAGE][PASSED] - Text '' is set on object 'Object Repository/IWP30/Page_EmulatorAgencyX/UDF3'

25-10-2024T01:37:16 - [MESSAGE][PASSED] - Text 'udf data 4' is set on object 'Object Repository/IWP30/Page_EmulatorAgencyX/UDF4'

25-10-2024T01:37:17 - [MESSAGE][PASSED] - Text 'udf data 5' is set on object 'Object Repository/IWP30/Page_EmulatorAgencyX/UDF5'

25-10-2024T01:37:18 - [MESSAGE][PASSED] - Text '' is set on object 'Object Repository/IWP30/Page_EmulatorAgencyX/UDF6'

25-10-2024T01:37:18 - [MESSAGE][PASSED] - Text '' is set on object 'Object Repository/IWP30/Page_EmulatorAgencyX/UDF7'

25-10-2024T01:37:19 - [MESSAGE][PASSED] - Text '' is set on object 'Object Repository/IWP30/Page_EmulatorAgencyX/UDF8'

25-10-2024T01:37:19 - [MESSAGE][PASSED] - Text 'udf data 9' is set on object 'Object Repository/IWP30/Page_EmulatorAgencyX/UDF9'

25-10-2024T01:37:20 - [MESSAGE][PASSED] - Text 'udf data 10' is set on object 'Object Repository/IWP30/Page_EmulatorAgencyX/UDF10'

25-10-2024T01:37:21 - [MESSAGE][PASSED] - Object: 'Object Repository/IWP30/Page_EmulatorAgencyX/Submit' is clicked on

25-10-2024T01:37:26 - [MESSAGE][PASSED] - Browser is closed

25-10-2024T01:37:30 - [MESSAGE][PASSED] - iwpPages.emulatorIWP30.setDataEmulator_DD is PASSED

25-10-2024T01:37:30 - [TEST_STEP][PASSED] - testHarnessURL = urlTestHarness: null

25-10-2024T01:37:30 - [TEST_STEP][PASSED] - openBrowser(testHarnessURL): Browser is opened with url: 'https://dev-algorithm.govolution.com/vrelaytest/QA2/version_2_2/vrelaytest.html'

25-10-2024T01:37:30 - [MESSAGE][INFO] - Starting 'Edge Chromium' driver

25-10-2024T01:37:30 - [MESSAGE][INFO] - User set preference: ['acceptInsecureCerts', 'true']

25-10-2024T01:37:32 - [MESSAGE][INFO] - Action delay is set to 0 milliseconds

25-10-2024T01:37:35 - [MESSAGE][PASSED] - Browser is opened with url: 'https://dev-algorithm.govolution.com/vrelaytest/QA2/version_2_2/vrelaytest.html'

25-10-2024T01:37:35 - [TEST_STEP][PASSED] - maximizeWindow(): Current window maximized

25-10-2024T01:37:35 - [MESSAGE][PASSED] - Current window maximized

25-10-2024T01:37:35 - [TEST_STEP][PASSED] - iwpPages.TestHarnessPage.setDataMethodEF(row, dataFile): iwpPages.TestHarnessPage.setDataMethodEF is PASSED

25-10-2024T01:37:35 - [MESSAGE][PASSED] - Object 'Object Repository/IWP30/Page_QATestHarness/RemittanceID' is present

25-10-2024T01:37:36 - [MESSAGE][PASSED] - Text '649' is set on object 'Object Repository/IWP30/Page_QATestHarness/ApplicationID'

25-10-2024T01:37:37 - [MESSAGE][PASSED] - Text '3.0' is set on object 'Object Repository/IWP30/Page_QATestHarness/MessageVersion'

25-10-2024T01:37:37 - [MESSAGE][PASSED] - Text 'sJ9A95pIJK3b' is set on object 'Object Repository/IWP30/Page_QATestHarness/RemittanceID'

25-10-2024T01:37:41 - [MESSAGE][PASSED] - Object: 'Object Repository/IWP30/Page_QATestHarness/SubmitButton' is clicked on

25-10-2024T01:37:41 - [MESSAGE][PASSED] - iwpPages.TestHarnessPage.setDataMethodEF is PASSED

25-10-2024T01:37:41 - [TEST_STEP][PASSED] - click(findTestObject("Object Repository/IWP30/Page_SelectPaymentMethod/PayByCorporateCheck")): Object: 'Object Repository/IWP30/Page_SelectPaymentMethod/PayByCorporateCheck' is clicked on

25-10-2024T01:37:42 - [MESSAGE][PASSED] - Object: 'Object Repository/IWP30/Page_SelectPaymentMethod/PayByCorporateCheck' is clicked on

25-10-2024T01:37:42 - [TEST_STEP][PASSED] - click(findTestObject("Object Repository/IWP30/Page_SelectPaymentMethod/MakePaymentButton")): Object: 'Object Repository/IWP30/Page_SelectPaymentMethod/MakePaymentButton' is clicked on

25-10-2024T01:37:44 - [MESSAGE][PASSED] - Object: 'Object Repository/IWP30/Page_SelectPaymentMethod/MakePaymentButton' is clicked on

25-10-2024T01:37:44 - [TEST_STEP][PASSED] - iwpPages.achCorporatePaymentEntryPage.setDataCorporate(row, dataFile): iwpPages.achCorporatePaymentEntryPage.setDataCorporate is PASSED

25-10-2024T01:37:45 - [MESSAGE][PASSED] - Object 'Object Repository/IWP30/Page_ACHCorporatePaymentEntry/txt_accountNumber' is present

25-10-2024T01:37:45 - [MESSAGE][PASSED] - Object 'Object Repository/IWP30/Page_ACHCorporatePaymentEntry/input_CompanyName' is present

25-10-2024T01:37:46 - [MESSAGE][PASSED] - Text 'My Company' is set on object 'Object Repository/IWP30/Page_ACHCorporatePaymentEntry/input_CompanyName'

25-10-2024T01:37:46 - [MESSAGE][PASSED] - Object 'Object Repository/IWP30/Page_ACHCorporatePaymentEntry/input_EIN' is present

25-10-2024T01:37:46 - [MESSAGE][PASSED] - Text '123456789' is set on object 'Object Repository/IWP30/Page_ACHCorporatePaymentEntry/input_EIN'

25-10-2024T01:37:47 - [MESSAGE][PASSED] - Text 'udf data 2' is set on object 'Object Repository/IWP30/Page_ACHCorporatePaymentEntry/txt_UDF2'

25-10-2024T01:37:48 - [MESSAGE][PASSED] - Text 'udf data 3' is set on object 'Object Repository/IWP30/Page_ACHCorporatePaymentEntry/txt_UDF3'

25-10-2024T01:37:48 - [MESSAGE][PASSED] - All options with label 'Orange' are selected in object 'Object Repository/IWP30/Page_ACHCorporatePaymentEntry/dd_UDF7' 

25-10-2024T01:37:49 - [MESSAGE][PASSED] - All options with label 'Soccer' are selected in object 'Object Repository/IWP30/Page_ACHCorporatePaymentEntry/dd_UDF8' 

25-10-2024T01:37:49 - [MESSAGE][PASSED] - Object 'Object Repository/IWP30/Page_ACHCorporatePaymentEntry/txt_routingNumber' is present

25-10-2024T01:37:50 - [MESSAGE][PASSED] - Text '256072691' is set on object 'Object Repository/IWP30/Page_ACHCorporatePaymentEntry/txt_routingNumber'

25-10-2024T01:37:50 - [MESSAGE][PASSED] - Object 'Object Repository/IWP30/Page_ACHCorporatePaymentEntry/txt_accountNumber' is present

25-10-2024T01:37:51 - [MESSAGE][PASSED] - Text '12344444' is set on object 'Object Repository/IWP30/Page_ACHCorporatePaymentEntry/txt_accountNumber'

25-10-2024T01:37:52 - [MESSAGE][PASSED] - Object 'Object Repository/IWP30/Page_ACHCorporatePaymentEntry/txt_confirmAccountNumber' is present

25-10-2024T01:37:52 - [MESSAGE][PASSED] - Text '12344444' is set on object 'Object Repository/IWP30/Page_ACHCorporatePaymentEntry/txt_confirmAccountNumber'

25-10-2024T01:37:53 - [MESSAGE][PASSED] - Text '365 Main Avenue' is set on object 'Object Repository/IWP30/Page_ACHCorporatePaymentEntry/txt_AL1'

25-10-2024T01:37:53 - [MESSAGE][PASSED] - Text '22201' is set on object 'Object Repository/IWP30/Page_ACHCorporatePaymentEntry/txt_ZIP'

25-10-2024T01:37:54 - [MESSAGE][PASSED] - Object 'Object Repository/IWP30/Page_ACHCorporatePaymentEntry/txt_Email' is present

25-10-2024T01:37:55 - [MESSAGE][PASSED] - Text 'iahmed@govolution.com' is set on object 'Object Repository/IWP30/Page_ACHCorporatePaymentEntry/txt_Email'

25-10-2024T01:37:55 - [MESSAGE][PASSED] - Object 'Object Repository/IWP30/Page_ACHCorporatePaymentEntry/cb_TermsAndCond' is present

25-10-2024T01:37:55 - [MESSAGE][PASSED] - Object: 'Object Repository/IWP30/Page_ACHCorporatePaymentEntry/cb_TermsAndCond' is clicked on

25-10-2024T01:37:56 - [MESSAGE][PASSED] - Object 'Object Repository/IWP30/Page_ACHCorporatePaymentEntry/btn_Continue' is present

25-10-2024T01:37:57 - [MESSAGE][PASSED] - Object: 'Object Repository/IWP30/Page_ACHCorporatePaymentEntry/btn_Continue' is clicked on

25-10-2024T01:37:57 - [MESSAGE][PASSED] - iwpPages.achCorporatePaymentEntryPage.setDataCorporate is PASSED

25-10-2024T01:37:57 - [TEST_STEP][PASSED] - click(findTestObject("Object Repository/IWP30/Page_Confirmation/ConfirmButton")): Object: 'Object Repository/IWP30/Page_Confirmation/ConfirmButton' is clicked on

25-10-2024T01:38:28 - [MESSAGE][INFO] - Unable to find the element located by 'By.xpath: //*[@type = 'submit' and @name = 'confirmNotifyAction' and @id = 'submitYes' and @value = 'Confirm']'. Please recheck the objects properties to make sure the desired element is located. 

25-10-2024T01:38:28 - [MESSAGE][WARNING] - [SELF-HEALING] Failed to find element with id 'Object Repository/IWP30/Page_Confirmation/ConfirmButton'. Try using Self-healing.

25-10-2024T01:38:28 - [MESSAGE][WARNING] - [SELF-HEALING] The current locator of test object 'Object Repository/IWP30/Page_Confirmation/ConfirmButton' was broken. Propose an alternative one: '//div/input'.

25-10-2024T01:38:30 - [MESSAGE][PASSED] - Object: 'Object Repository/IWP30/Page_Confirmation/ConfirmButton' is clicked on

25-10-2024T01:38:30 - [TEST_STEP][PASSED] - Thread.sleep(2000): null

25-10-2024T01:38:32 - [TEST_STEP][PASSED] - if (verifyTextPresent("AutoPay", false)): null

25-10-2024T01:38:32 - [MESSAGE][PASSED] - Text 'AutoPay' is present on page 

25-10-2024T01:38:32 - [TEST_STEP][PASSED] - println("Autopay is present on page. Autopay is created"): null

25-10-2024T01:38:32 - [TEST_STEP][PASSED] - openBrowser(testHarnessURL): Browser is opened with url: 'https://dev-algorithm.govolution.com/vrelaytest/QA2/version_2_2/vrelaytest.html'

25-10-2024T01:38:32 - [MESSAGE][WARNING] - A browser is already opened. Closing browser and opening a new one

25-10-2024T01:38:33 - [MESSAGE][INFO] - Starting 'Edge Chromium' driver

25-10-2024T01:38:33 - [MESSAGE][INFO] - User set preference: ['acceptInsecureCerts', 'true']

25-10-2024T01:38:35 - [MESSAGE][INFO] - Action delay is set to 0 milliseconds

25-10-2024T01:38:38 - [MESSAGE][PASSED] - Browser is opened with url: 'https://dev-algorithm.govolution.com/vrelaytest/QA2/version_2_2/vrelaytest.html'

25-10-2024T01:38:38 - [TEST_STEP][PASSED] - maximizeWindow(): Current window maximized

25-10-2024T01:38:38 - [MESSAGE][PASSED] - Current window maximized

25-10-2024T01:38:38 - [TEST_STEP][PASSED] - iwpPages.TestHarnessPage.setDataMethodEF(row, dataFile): iwpPages.TestHarnessPage.setDataMethodEF is PASSED

25-10-2024T01:38:38 - [MESSAGE][PASSED] - Object 'Object Repository/IWP30/Page_QATestHarness/RemittanceID' is present

25-10-2024T01:38:39 - [MESSAGE][PASSED] - Text '649' is set on object 'Object Repository/IWP30/Page_QATestHarness/ApplicationID'

25-10-2024T01:38:40 - [MESSAGE][PASSED] - Text '3.0' is set on object 'Object Repository/IWP30/Page_QATestHarness/MessageVersion'

25-10-2024T01:38:40 - [MESSAGE][PASSED] - Text 'pZ2j6dNEM9Hp' is set on object 'Object Repository/IWP30/Page_QATestHarness/RemittanceID'

25-10-2024T01:38:46 - [MESSAGE][PASSED] - Object: 'Object Repository/IWP30/Page_QATestHarness/SubmitButton' is clicked on

25-10-2024T01:38:46 - [MESSAGE][PASSED] - iwpPages.TestHarnessPage.setDataMethodEF is PASSED

25-10-2024T01:38:46 - [TEST_STEP][PASSED] - click(findTestObject("Object Repository/IWP30/Page_ManagePlan_Autopay/btn_cancel")): Object: 'Object Repository/IWP30/Page_ManagePlan_Autopay/btn_cancel' is clicked on

25-10-2024T01:38:46 - [MESSAGE][PASSED] - Object: 'Object Repository/IWP30/Page_ManagePlan_Autopay/btn_cancel' is clicked on

25-10-2024T01:38:46 - [TEST_STEP][PASSED] - click(findTestObject("Object Repository/IWP30/Page_CancelPlan/btn_cancel")): Object: 'Object Repository/IWP30/Page_CancelPlan/btn_cancel' is clicked on

25-10-2024T01:38:48 - [MESSAGE][PASSED] - Object: 'Object Repository/IWP30/Page_CancelPlan/btn_cancel' is clicked on

25-10-2024T01:38:48 - [TEST_STEP][PASSED] - if (verifyTextPresent("Your payment plan has been cancelled successfully", false)): null

25-10-2024T01:38:49 - [MESSAGE][PASSED] - Text 'Your payment plan has been cancelled successfully' is present on page 

25-10-2024T01:38:49 - [TEST_STEP][PASSED] - markPassed("Your payment plan has been successfully created and canceled"): Your payment plan has been successfully created and canceled

25-10-2024T01:38:49 - [MESSAGE][PASSED] - Your payment plan has been successfully created and canceled

25-10-2024T01:38:49 - [TEST_STEP][PASSED] - resText = "Pass": null

25-10-2024T01:38:49 - [TEST_STEP][PASSED] - println(row): null

25-10-2024T01:38:49 - [TEST_STEP][PASSED] - pages.WriteExcel.demoKey(resText, datText, resColumn, datCloumn, fileLoc, nameSheet, row): pages.WriteExcel.demoKey is PASSED

25-10-2024T01:38:49 - [MESSAGE][PASSED] - pages.WriteExcel.demoKey is PASSED

25-10-2024T01:38:49 - [TEST_STEP][PASSED] - closeBrowser(): Browser is closed

25-10-2024T01:38:49 - [MESSAGE][PASSED] - Browser is closed]]></system-out>
         <system-err><![CDATA[25-10-2024T01:34:51 - [TEST_CASE][FAILED] - Test Cases/IntegratedWeb/IWP25/Payments/CCAutoPayCorp: Test Cases/IntegratedWeb/IWP25/Payments/CCAutoPayCorp FAILED.
Reason:
com.kms.katalon.core.exception.StepFailedException: Text 'AutoPay' is not present on page  (Root cause: com.kms.katalon.core.exception.StepFailedException: Text 'AutoPay' is not present on page 
	at com.kms.katalon.core.webui.keyword.internal.WebUIKeywordMain.stepFailed(WebUIKeywordMain.groovy:64)
	at com.kms.katalon.core.webui.keyword.builtin.VerifyTextPresentKeyword$_verifyTextPresent_closure1.doCall(VerifyTextPresentKeyword.groovy:79)
	at com.kms.katalon.core.webui.keyword.builtin.VerifyTextPresentKeyword$_verifyTextPresent_closure1.call(VerifyTextPresentKeyword.groovy)
	at com.kms.katalon.core.webui.keyword.internal.WebUIKeywordMain.runKeyword(WebUIKeywordMain.groovy:20)
	at com.kms.katalon.core.webui.keyword.builtin.VerifyTextPresentKeyword.verifyTextPresent(VerifyTextPresentKeyword.groovy:83)
	at com.kms.katalon.core.webui.keyword.builtin.VerifyTextPresentKeyword.execute(VerifyTextPresentKeyword.groovy:68)
	at com.kms.katalon.core.keyword.internal.KeywordExecutor.executeKeywordForPlatform(KeywordExecutor.groovy:74)
	at com.kms.katalon.core.webui.keyword.WebUiBuiltInKeywords.verifyTextPresent(WebUiBuiltInKeywords.groovy:1762)
	at CCAutoPayCorp.run(CCAutoPayCorp:92)
	at com.kms.katalon.core.main.ScriptEngine.run(ScriptEngine.java:194)
	at com.kms.katalon.core.main.ScriptEngine.runScriptAsRawText(ScriptEngine.java:119)
	at com.kms.katalon.core.main.TestCaseExecutor.runScript(TestCaseExecutor.java:448)
	at com.kms.katalon.core.main.TestCaseExecutor.doExecute(TestCaseExecutor.java:439)
	at com.kms.katalon.core.main.TestCaseExecutor.processExecutionPhase(TestCaseExecutor.java:418)
	at com.kms.katalon.core.main.TestCaseExecutor.accessMainPhase(TestCaseExecutor.java:410)
	at com.kms.katalon.core.main.TestCaseExecutor.execute(TestCaseExecutor.java:285)
	at com.kms.katalon.core.common.CommonExecutor.accessTestCaseMainPhase(CommonExecutor.java:65)
	at com.kms.katalon.core.main.TestSuiteExecutor.accessTestSuiteMainPhase(TestSuiteExecutor.java:150)
	at com.kms.katalon.core.main.TestSuiteExecutor.execute(TestSuiteExecutor.java:106)
	at com.kms.katalon.core.main.TestCaseMain.startTestSuite(TestCaseMain.java:180)
	at TempTestSuite1729787045812.run(TempTestSuite1729787045812.groovy:35)
	at java.base/jdk.internal.reflect.NativeMethodAccessorImpl.invoke0(Native Method)
	at java.base/jdk.internal.reflect.NativeMethodAccessorImpl.invoke(NativeMethodAccessorImpl.java:77)
	at java.base/jdk.internal.reflect.DelegatingMethodAccessorImpl.invoke(DelegatingMethodAccessorImpl.java:43)
)
	at com.kms.katalon.core.keyword.internal.KeywordMain.stepFailed(KeywordMain.groovy:39)
	at com.kms.katalon.core.webui.keyword.internal.WebUIKeywordMain.stepFailed(WebUIKeywordMain.groovy:64)
	at com.kms.katalon.core.webui.keyword.builtin.VerifyTextPresentKeyword$_verifyTextPresent_closure1.doCall(VerifyTextPresentKeyword.groovy:79)
	at com.kms.katalon.core.webui.keyword.builtin.VerifyTextPresentKeyword$_verifyTextPresent_closure1.call(VerifyTextPresentKeyword.groovy)
	at com.kms.katalon.core.webui.keyword.internal.WebUIKeywordMain.runKeyword(WebUIKeywordMain.groovy:20)
	at com.kms.katalon.core.webui.keyword.builtin.VerifyTextPresentKeyword.verifyTextPresent(VerifyTextPresentKeyword.groovy:83)
	at com.kms.katalon.core.webui.keyword.builtin.VerifyTextPresentKeyword.execute(VerifyTextPresentKeyword.groovy:68)
	at com.kms.katalon.core.keyword.internal.KeywordExecutor.executeKeywordForPlatform(KeywordExecutor.groovy:74)
	at com.kms.katalon.core.webui.keyword.WebUiBuiltInKeywords.verifyTextPresent(WebUiBuiltInKeywords.groovy:1762)
	at CCAutoPayCorp.run(CCAutoPayCorp:92)
	at com.kms.katalon.core.main.ScriptEngine.run(ScriptEngine.java:194)
	at com.kms.katalon.core.main.ScriptEngine.runScriptAsRawText(ScriptEngine.java:119)
	at com.kms.katalon.core.main.TestCaseExecutor.runScript(TestCaseExecutor.java:448)
	at com.kms.katalon.core.main.TestCaseExecutor.doExecute(TestCaseExecutor.java:439)
	at com.kms.katalon.core.main.TestCaseExecutor.processExecutionPhase(TestCaseExecutor.java:418)
	at com.kms.katalon.core.main.TestCaseExecutor.accessMainPhase(TestCaseExecutor.java:410)
	at com.kms.katalon.core.main.TestCaseExecutor.execute(TestCaseExecutor.java:285)
	at com.kms.katalon.core.common.CommonExecutor.accessTestCaseMainPhase(CommonExecutor.java:65)
	at com.kms.katalon.core.main.TestSuiteExecutor.accessTestSuiteMainPhase(TestSuiteExecutor.java:150)
	at com.kms.katalon.core.main.TestSuiteExecutor.execute(TestSuiteExecutor.java:106)
	at com.kms.katalon.core.main.TestCaseMain.startTestSuite(TestCaseMain.java:180)
	at TempTestSuite1729787045812.run(TempTestSuite1729787045812.groovy:35)
	at java.base/jdk.internal.reflect.NativeMethodAccessorImpl.invoke0(Native Method)
	at java.base/jdk.internal.reflect.NativeMethodAccessorImpl.invoke(NativeMethodAccessorImpl.java:77)
	at java.base/jdk.internal.reflect.DelegatingMethodAccessorImpl.invoke(DelegatingMethodAccessorImpl.java:43)
Caused by: com.kms.katalon.core.exception.StepFailedException: Text 'AutoPay' is not present on page 
	... 24 more]]></system-err>
      </testcase>
      <testcase name="Test Cases/IntegratedWeb/IWP25/Payments/CCAutoPayCredit" time="204.62" classname="Test Cases/IntegratedWeb/IWP25/Payments/CCAutoPayCredit" status="FAILED">
         <failure type="FAILED" message="Test Cases/IntegratedWeb/IWP25/Payments/CCAutoPayCredit FAILED.&#xa;Reason:&#xa;com.kms.katalon.core.exception.StepFailedException: Text 'AutoPay' is not present on page  (Root cause: com.kms.katalon.core.exception.StepFailedException: Text 'AutoPay' is not present on page &#xa;	at com.kms.katalon.core.webui.keyword.internal.WebUIKeywordMain.stepFailed(WebUIKeywordMain.groovy:64)&#xa;	at com.kms.katalon.core.webui.keyword.builtin.VerifyTextPresentKeyword$_verifyTextPresent_closure1.doCall(VerifyTextPresentKeyword.groovy:79)&#xa;	at com.kms.katalon.core.webui.keyword.builtin.VerifyTextPresentKeyword$_verifyTextPresent_closure1.call(VerifyTextPresentKeyword.groovy)&#xa;	at com.kms.katalon.core.webui.keyword.internal.WebUIKeywordMain.runKeyword(WebUIKeywordMain.groovy:20)&#xa;	at com.kms.katalon.core.webui.keyword.builtin.VerifyTextPresentKeyword.verifyTextPresent(VerifyTextPresentKeyword.groovy:83)&#xa;	at com.kms.katalon.core.webui.keyword.builtin.VerifyTextPresentKeyword.execute(VerifyTextPresentKeyword.groovy:68)&#xa;	at com.kms.katalon.core.keyword.internal.KeywordExecutor.executeKeywordForPlatform(KeywordExecutor.groovy:74)&#xa;	at com.kms.katalon.core.webui.keyword.WebUiBuiltInKeywords.verifyTextPresent(WebUiBuiltInKeywords.groovy:1762)&#xa;	at CCAutoPayCredit.run(CCAutoPayCredit:92)&#xa;	at com.kms.katalon.core.main.ScriptEngine.run(ScriptEngine.java:194)&#xa;	at com.kms.katalon.core.main.ScriptEngine.runScriptAsRawText(ScriptEngine.java:119)&#xa;	at com.kms.katalon.core.main.TestCaseExecutor.runScript(TestCaseExecutor.java:448)&#xa;	at com.kms.katalon.core.main.TestCaseExecutor.doExecute(TestCaseExecutor.java:439)&#xa;	at com.kms.katalon.core.main.TestCaseExecutor.processExecutionPhase(TestCaseExecutor.java:418)&#xa;	at com.kms.katalon.core.main.TestCaseExecutor.accessMainPhase(TestCaseExecutor.java:410)&#xa;	at com.kms.katalon.core.main.TestCaseExecutor.execute(TestCaseExecutor.java:285)&#xa;	at com.kms.katalon.core.common.CommonExecutor.accessTestCaseMainPhase(CommonExecutor.java:65)&#xa;	at com.kms.katalon.core.main.TestSuiteExecutor.accessTestSuiteMainPhase(TestSuiteExecutor.java:150)&#xa;	at com.kms.katalon.core.main.TestSuiteExecutor.execute(TestSuiteExecutor.java:106)&#xa;	at com.kms.katalon.core.main.TestCaseMain.startTestSuite(TestCaseMain.java:180)&#xa;	at TempTestSuite1729787045812.run(TempTestSuite1729787045812.groovy:35)&#xa;	at java.base/jdk.internal.reflect.NativeMethodAccessorImpl.invoke0(Native Method)&#xa;	at java.base/jdk.internal.reflect.NativeMethodAccessorImpl.invoke(NativeMethodAccessorImpl.java:77)&#xa;	at java.base/jdk.internal.reflect.DelegatingMethodAccessorImpl.invoke(DelegatingMethodAccessorImpl.java:43)&#xa;)&#xa;	at com.kms.katalon.core.keyword.internal.KeywordMain.stepFailed(KeywordMain.groovy:39)&#xa;	at com.kms.katalon.core.webui.keyword.internal.WebUIKeywordMain.stepFailed(WebUIKeywordMain.groovy:64)&#xa;	at com.kms.katalon.core.webui.keyword.builtin.VerifyTextPresentKeyword$_verifyTextPresent_closure1.doCall(VerifyTextPresentKeyword.groovy:79)&#xa;	at com.kms.katalon.core.webui.keyword.builtin.VerifyTextPresentKeyword$_verifyTextPresent_closure1.call(VerifyTextPresentKeyword.groovy)&#xa;	at com.kms.katalon.core.webui.keyword.internal.WebUIKeywordMain.runKeyword(WebUIKeywordMain.groovy:20)&#xa;	at com.kms.katalon.core.webui.keyword.builtin.VerifyTextPresentKeyword.verifyTextPresent(VerifyTextPresentKeyword.groovy:83)&#xa;	at com.kms.katalon.core.webui.keyword.builtin.VerifyTextPresentKeyword.execute(VerifyTextPresentKeyword.groovy:68)&#xa;	at com.kms.katalon.core.keyword.internal.KeywordExecutor.executeKeywordForPlatform(KeywordExecutor.groovy:74)&#xa;	at com.kms.katalon.core.webui.keyword.WebUiBuiltInKeywords.verifyTextPresent(WebUiBuiltInKeywords.groovy:1762)&#xa;	at CCAutoPayCredit.run(CCAutoPayCredit:92)&#xa;	at com.kms.katalon.core.main.ScriptEngine.run(ScriptEngine.java:194)&#xa;	at com.kms.katalon.core.main.ScriptEngine.runScriptAsRawText(ScriptEngine.java:119)&#xa;	at com.kms.katalon.core.main.TestCaseExecutor.runScript(TestCaseExecutor.java:448)&#xa;	at com.kms.katalon.core.main.TestCaseExecutor.doExecute(TestCaseExecutor.java:439)&#xa;	at com.kms.katalon.core.main.TestCaseExecutor.processExecutionPhase(TestCaseExecutor.java:418)&#xa;	at com.kms.katalon.core.main.TestCaseExecutor.accessMainPhase(TestCaseExecutor.java:410)&#xa;	at com.kms.katalon.core.main.TestCaseExecutor.execute(TestCaseExecutor.java:285)&#xa;	at com.kms.katalon.core.common.CommonExecutor.accessTestCaseMainPhase(CommonExecutor.java:65)&#xa;	at com.kms.katalon.core.main.TestSuiteExecutor.accessTestSuiteMainPhase(TestSuiteExecutor.java:150)&#xa;	at com.kms.katalon.core.main.TestSuiteExecutor.execute(TestSuiteExecutor.java:106)&#xa;	at com.kms.katalon.core.main.TestCaseMain.startTestSuite(TestCaseMain.java:180)&#xa;	at TempTestSuite1729787045812.run(TempTestSuite1729787045812.groovy:35)&#xa;	at java.base/jdk.internal.reflect.NativeMethodAccessorImpl.invoke0(Native Method)&#xa;	at java.base/jdk.internal.reflect.NativeMethodAccessorImpl.invoke(NativeMethodAccessorImpl.java:77)&#xa;	at java.base/jdk.internal.reflect.DelegatingMethodAccessorImpl.invoke(DelegatingMethodAccessorImpl.java:43)&#xa;Caused by: com.kms.katalon.core.exception.StepFailedException: Text 'AutoPay' is not present on page &#xa;	... 24 more&#xa;"/>
         <system-out><![CDATA[25-10-2024T01:38:49 - [TEST_CASE][FAILED] - Test Cases/IntegratedWeb/IWP25/Payments/CCAutoPayCredit: Test Cases/IntegratedWeb/IWP25/Payments/CCAutoPayCredit FAILED.
Reason:
com.kms.katalon.core.exception.StepFailedException: Text 'AutoPay' is not present on page  (Root cause: com.kms.katalon.core.exception.StepFailedException: Text 'AutoPay' is not present on page 
	at com.kms.katalon.core.webui.keyword.internal.WebUIKeywordMain.stepFailed(WebUIKeywordMain.groovy:64)
	at com.kms.katalon.core.webui.keyword.builtin.VerifyTextPresentKeyword$_verifyTextPresent_closure1.doCall(VerifyTextPresentKeyword.groovy:79)
	at com.kms.katalon.core.webui.keyword.builtin.VerifyTextPresentKeyword$_verifyTextPresent_closure1.call(VerifyTextPresentKeyword.groovy)
	at com.kms.katalon.core.webui.keyword.internal.WebUIKeywordMain.runKeyword(WebUIKeywordMain.groovy:20)
	at com.kms.katalon.core.webui.keyword.builtin.VerifyTextPresentKeyword.verifyTextPresent(VerifyTextPresentKeyword.groovy:83)
	at com.kms.katalon.core.webui.keyword.builtin.VerifyTextPresentKeyword.execute(VerifyTextPresentKeyword.groovy:68)
	at com.kms.katalon.core.keyword.internal.KeywordExecutor.executeKeywordForPlatform(KeywordExecutor.groovy:74)
	at com.kms.katalon.core.webui.keyword.WebUiBuiltInKeywords.verifyTextPresent(WebUiBuiltInKeywords.groovy:1762)
	at CCAutoPayCredit.run(CCAutoPayCredit:92)
	at com.kms.katalon.core.main.ScriptEngine.run(ScriptEngine.java:194)
	at com.kms.katalon.core.main.ScriptEngine.runScriptAsRawText(ScriptEngine.java:119)
	at com.kms.katalon.core.main.TestCaseExecutor.runScript(TestCaseExecutor.java:448)
	at com.kms.katalon.core.main.TestCaseExecutor.doExecute(TestCaseExecutor.java:439)
	at com.kms.katalon.core.main.TestCaseExecutor.processExecutionPhase(TestCaseExecutor.java:418)
	at com.kms.katalon.core.main.TestCaseExecutor.accessMainPhase(TestCaseExecutor.java:410)
	at com.kms.katalon.core.main.TestCaseExecutor.execute(TestCaseExecutor.java:285)
	at com.kms.katalon.core.common.CommonExecutor.accessTestCaseMainPhase(CommonExecutor.java:65)
	at com.kms.katalon.core.main.TestSuiteExecutor.accessTestSuiteMainPhase(TestSuiteExecutor.java:150)
	at com.kms.katalon.core.main.TestSuiteExecutor.execute(TestSuiteExecutor.java:106)
	at com.kms.katalon.core.main.TestCaseMain.startTestSuite(TestCaseMain.java:180)
	at TempTestSuite1729787045812.run(TempTestSuite1729787045812.groovy:35)
	at java.base/jdk.internal.reflect.NativeMethodAccessorImpl.invoke0(Native Method)
	at java.base/jdk.internal.reflect.NativeMethodAccessorImpl.invoke(NativeMethodAccessorImpl.java:77)
	at java.base/jdk.internal.reflect.DelegatingMethodAccessorImpl.invoke(DelegatingMethodAccessorImpl.java:43)
)
	at com.kms.katalon.core.keyword.internal.KeywordMain.stepFailed(KeywordMain.groovy:39)
	at com.kms.katalon.core.webui.keyword.internal.WebUIKeywordMain.stepFailed(WebUIKeywordMain.groovy:64)
	at com.kms.katalon.core.webui.keyword.builtin.VerifyTextPresentKeyword$_verifyTextPresent_closure1.doCall(VerifyTextPresentKeyword.groovy:79)
	at com.kms.katalon.core.webui.keyword.builtin.VerifyTextPresentKeyword$_verifyTextPresent_closure1.call(VerifyTextPresentKeyword.groovy)
	at com.kms.katalon.core.webui.keyword.internal.WebUIKeywordMain.runKeyword(WebUIKeywordMain.groovy:20)
	at com.kms.katalon.core.webui.keyword.builtin.VerifyTextPresentKeyword.verifyTextPresent(VerifyTextPresentKeyword.groovy:83)
	at com.kms.katalon.core.webui.keyword.builtin.VerifyTextPresentKeyword.execute(VerifyTextPresentKeyword.groovy:68)
	at com.kms.katalon.core.keyword.internal.KeywordExecutor.executeKeywordForPlatform(KeywordExecutor.groovy:74)
	at com.kms.katalon.core.webui.keyword.WebUiBuiltInKeywords.verifyTextPresent(WebUiBuiltInKeywords.groovy:1762)
	at CCAutoPayCredit.run(CCAutoPayCredit:92)
	at com.kms.katalon.core.main.ScriptEngine.run(ScriptEngine.java:194)
	at com.kms.katalon.core.main.ScriptEngine.runScriptAsRawText(ScriptEngine.java:119)
	at com.kms.katalon.core.main.TestCaseExecutor.runScript(TestCaseExecutor.java:448)
	at com.kms.katalon.core.main.TestCaseExecutor.doExecute(TestCaseExecutor.java:439)
	at com.kms.katalon.core.main.TestCaseExecutor.processExecutionPhase(TestCaseExecutor.java:418)
	at com.kms.katalon.core.main.TestCaseExecutor.accessMainPhase(TestCaseExecutor.java:410)
	at com.kms.katalon.core.main.TestCaseExecutor.execute(TestCaseExecutor.java:285)
	at com.kms.katalon.core.common.CommonExecutor.accessTestCaseMainPhase(CommonExecutor.java:65)
	at com.kms.katalon.core.main.TestSuiteExecutor.accessTestSuiteMainPhase(TestSuiteExecutor.java:150)
	at com.kms.katalon.core.main.TestSuiteExecutor.execute(TestSuiteExecutor.java:106)
	at com.kms.katalon.core.main.TestCaseMain.startTestSuite(TestCaseMain.java:180)
	at TempTestSuite1729787045812.run(TempTestSuite1729787045812.groovy:35)
	at java.base/jdk.internal.reflect.NativeMethodAccessorImpl.invoke0(Native Method)
	at java.base/jdk.internal.reflect.NativeMethodAccessorImpl.invoke(NativeMethodAccessorImpl.java:77)
	at java.base/jdk.internal.reflect.DelegatingMethodAccessorImpl.invoke(DelegatingMethodAccessorImpl.java:43)
Caused by: com.kms.katalon.core.exception.StepFailedException: Text 'AutoPay' is not present on page 
	... 24 more


25-10-2024T01:38:50 - [TEST_STEP][PASSED] - resText = "Fail": null

25-10-2024T01:38:50 - [TEST_STEP][PASSED] - resColumn = "Result": null

25-10-2024T01:38:50 - [TEST_STEP][PASSED] - datCloumn = "Date": null

25-10-2024T01:38:50 - [TEST_STEP][PASSED] - fileLoc = "KatalonData/IWPTestData/VRelay25PaymentsExtension.xlsx": null

25-10-2024T01:38:50 - [TEST_STEP][PASSED] - numOfRows = <not implemented yet for class: org.codehaus.groovy.ast.expr.EmptyExpression>: null

25-10-2024T01:38:50 - [TEST_STEP][PASSED] - dataFile = <not implemented yet for class: org.codehaus.groovy.ast.expr.EmptyExpression>: null

25-10-2024T01:38:50 - [TEST_STEP][PASSED] - nameSheet = <not implemented yet for class: org.codehaus.groovy.ast.expr.EmptyExpression>: null

25-10-2024T01:38:50 - [TEST_STEP][PASSED] - dataFileEmulator = <not implemented yet for class: org.codehaus.groovy.ast.expr.EmptyExpression>: null

25-10-2024T01:38:50 - [TEST_STEP][PASSED] - isRequiredTextPresent = false: null

25-10-2024T01:38:50 - [TEST_STEP][PASSED] - nameSheet = "CCAutoPayPlanCredit": null

25-10-2024T01:38:50 - [TEST_STEP][PASSED] - dataFile = getExcelDataWithDefaultSheet("KatalonData/IWPTestData/VRelay25PaymentsExtension.xlsx", nameSheet, true): null

25-10-2024T01:38:50 - [TEST_STEP][PASSED] - dataFileEmulator = "IWPTestData/EmulatorData": null

25-10-2024T01:38:50 - [TEST_STEP][PASSED] - numOfRows = dataFile.getRowNumbers(): null

25-10-2024T01:38:50 - [TEST_STEP][PASSED] - println("Number of Records: " + numOfRows): null

25-10-2024T01:38:50 - [TEST_STEP][PASSED] - columnNames = dataFile.getColumnNames(): null

25-10-2024T01:38:50 - [TEST_STEP][PASSED] - println(columnNames[0]): null

25-10-2024T01:38:50 - [TEST_STEP][FAILED] - for ([row = 1, row <= numOfRows, (row++)]): null

25-10-2024T01:38:50 - [TEST_STEP][PASSED] - ExecuteTC = dataFile.getValue("Execute", row): null

25-10-2024T01:38:50 - [TEST_STEP][PASSED] - out.println("Value of Execute is : " + ExecuteTC): null

25-10-2024T01:38:50 - [TEST_STEP][FAILED] - if (ExecuteTC.equalsIgnoreCase("Y")): null

25-10-2024T01:38:50 - [TEST_STEP][PASSED] - out.println("Begin Record Number: " + row): null

25-10-2024T01:38:50 - [TEST_STEP][PASSED] - today = new java.util.Date(): null

25-10-2024T01:38:50 - [TEST_STEP][PASSED] - println(today): null

25-10-2024T01:38:50 - [TEST_STEP][PASSED] - datText = today: null

25-10-2024T01:38:50 - [TEST_STEP][PASSED] - EmulatorDataKey = dataFile.getValue("EmulatorData", row): null

25-10-2024T01:38:50 - [TEST_STEP][PASSED] - out.println("Value of Emulator Key is : " + EmulatorDataKey): null

25-10-2024T01:38:50 - [TEST_STEP][PASSED] - iwpPages.emulatorIWP30.setDataEmulator_DD(EmulatorDataKey): iwpPages.emulatorIWP30.setDataEmulator_DD is PASSED

25-10-2024T01:38:50 - [MESSAGE][INFO] - Starting 'Edge Chromium' driver

25-10-2024T01:38:50 - [MESSAGE][INFO] - User set preference: ['acceptInsecureCerts', 'true']

25-10-2024T01:38:52 - [MESSAGE][INFO] - Action delay is set to 0 milliseconds

25-10-2024T01:38:56 - [MESSAGE][PASSED] - Browser is opened with url: 'https://qa2.velocitypayment.com/agencyx/config.action?action=editor&message_version=2_5'

25-10-2024T01:38:56 - [MESSAGE][PASSED] - Current window maximized

25-10-2024T01:39:27 - [MESSAGE][INFO] - Unable to find the element located by 'By.xpath: //select[@name='message_version']'. Please recheck the objects properties to make sure the desired element is located. 

25-10-2024T01:39:27 - [MESSAGE][WARNING] - [SELF-HEALING] Failed to find element with id 'Object Repository/IWP30/Page_VRelay30Emulator/MV'. Try using Self-healing.

25-10-2024T01:39:27 - [MESSAGE][WARNING] - [SELF-HEALING] The current locator of test object 'Object Repository/IWP30/Page_VRelay30Emulator/MV' was broken. Propose an alternative one: '(.//*[normalize-space(text()) and normalize-space(.)='Message Version'])[1]/following::select[1]'.

25-10-2024T01:39:28 - [MESSAGE][PASSED] - All options with value '2.5' are selected in object 'Object Repository/IWP30/Page_VRelay30Emulator/MV'  using regular expression

25-10-2024T01:39:29 - [MESSAGE][PASSED] - Text '10.50' is set on object 'Object Repository/IWP30/Page_EmulatorAgencyX/Amount'

25-10-2024T01:39:29 - [MESSAGE][PASSED] - Text 'EhRsEEMsbWPw' is set on object 'Object Repository/IWP30/Page_EmulatorAgencyX/CAN'

25-10-2024T01:39:30 - [MESSAGE][PASSED] - Text 'AutoPay' is set on object 'Object Repository/IWP30/Page_EmulatorAgencyX/Action'

25-10-2024T01:39:30 - [MESSAGE][PASSED] - Text 'en_US' is set on object 'Object Repository/IWP30/Page_EmulatorAgencyX/Lang'

25-10-2024T01:39:31 - [MESSAGE][PASSED] - Text '' is set on object 'Object Repository/IWP30/Page_EmulatorAgencyX/Fname'

25-10-2024T01:39:31 - [MESSAGE][PASSED] - Text '' is set on object 'Object Repository/IWP30/Page_EmulatorAgencyX/Lname'

25-10-2024T01:39:32 - [MESSAGE][PASSED] - Text '' is set on object 'Object Repository/IWP30/Page_EmulatorAgencyX/AL1'

25-10-2024T01:39:33 - [MESSAGE][PASSED] - Text '' is set on object 'Object Repository/IWP30/Page_EmulatorAgencyX/AL2'

25-10-2024T01:39:33 - [MESSAGE][PASSED] - Text '' is set on object 'Object Repository/IWP30/Page_EmulatorAgencyX/Country'

25-10-2024T01:39:34 - [MESSAGE][PASSED] - Text '' is set on object 'Object Repository/IWP30/Page_EmulatorAgencyX/City'

25-10-2024T01:39:34 - [MESSAGE][PASSED] - Text '' is set on object 'Object Repository/IWP30/Page_EmulatorAgencyX/State'

25-10-2024T01:39:35 - [MESSAGE][PASSED] - Text '' is set on object 'Object Repository/IWP30/Page_EmulatorAgencyX/ZIP'

25-10-2024T01:39:36 - [MESSAGE][PASSED] - Text '' is set on object 'Object Repository/IWP30/Page_EmulatorAgencyX/Order'

25-10-2024T01:39:36 - [MESSAGE][PASSED] - Text '' is set on object 'Object Repository/IWP30/Page_EmulatorAgencyX/Company'

25-10-2024T01:39:37 - [MESSAGE][PASSED] - Text '' is set on object 'Object Repository/IWP30/Page_EmulatorAgencyX/Email'

25-10-2024T01:39:37 - [MESSAGE][PASSED] - Text '' is set on object 'Object Repository/IWP30/Page_EmulatorAgencyX/UDF1'

25-10-2024T01:39:38 - [MESSAGE][PASSED] - Text '' is set on object 'Object Repository/IWP30/Page_EmulatorAgencyX/UDF2'

25-10-2024T01:39:39 - [MESSAGE][PASSED] - Text '' is set on object 'Object Repository/IWP30/Page_EmulatorAgencyX/UDF3'

25-10-2024T01:39:39 - [MESSAGE][PASSED] - Text 'udf data 4' is set on object 'Object Repository/IWP30/Page_EmulatorAgencyX/UDF4'

25-10-2024T01:39:40 - [MESSAGE][PASSED] - Text 'udf data 5' is set on object 'Object Repository/IWP30/Page_EmulatorAgencyX/UDF5'

25-10-2024T01:39:40 - [MESSAGE][PASSED] - Text '' is set on object 'Object Repository/IWP30/Page_EmulatorAgencyX/UDF6'

25-10-2024T01:39:41 - [MESSAGE][PASSED] - Text '' is set on object 'Object Repository/IWP30/Page_EmulatorAgencyX/UDF7'

25-10-2024T01:39:41 - [MESSAGE][PASSED] - Text '' is set on object 'Object Repository/IWP30/Page_EmulatorAgencyX/UDF8'

25-10-2024T01:39:42 - [MESSAGE][PASSED] - Text 'udf data 9' is set on object 'Object Repository/IWP30/Page_EmulatorAgencyX/UDF9'

25-10-2024T01:39:43 - [MESSAGE][PASSED] - Text 'udf data 10' is set on object 'Object Repository/IWP30/Page_EmulatorAgencyX/UDF10'

25-10-2024T01:39:44 - [MESSAGE][PASSED] - Object: 'Object Repository/IWP30/Page_EmulatorAgencyX/Submit' is clicked on

25-10-2024T01:39:48 - [MESSAGE][PASSED] - Browser is closed

25-10-2024T01:39:53 - [MESSAGE][PASSED] - iwpPages.emulatorIWP30.setDataEmulator_DD is PASSED

25-10-2024T01:39:53 - [TEST_STEP][PASSED] - testHarnessURL = urlTestHarness: null

25-10-2024T01:39:53 - [TEST_STEP][PASSED] - openBrowser(testHarnessURL): Browser is opened with url: 'https://dev-algorithm.govolution.com/vrelaytest/QA2/version_2_2/vrelaytest.html'

25-10-2024T01:39:53 - [MESSAGE][INFO] - Starting 'Edge Chromium' driver

25-10-2024T01:39:53 - [MESSAGE][INFO] - User set preference: ['acceptInsecureCerts', 'true']

25-10-2024T01:39:55 - [MESSAGE][INFO] - Action delay is set to 0 milliseconds

25-10-2024T01:39:58 - [MESSAGE][PASSED] - Browser is opened with url: 'https://dev-algorithm.govolution.com/vrelaytest/QA2/version_2_2/vrelaytest.html'

25-10-2024T01:39:58 - [TEST_STEP][PASSED] - maximizeWindow(): Current window maximized

25-10-2024T01:39:58 - [MESSAGE][PASSED] - Current window maximized

25-10-2024T01:39:58 - [TEST_STEP][PASSED] - iwpPages.TestHarnessPage.setDataMethodEF(row, dataFile): iwpPages.TestHarnessPage.setDataMethodEF is PASSED

25-10-2024T01:39:58 - [MESSAGE][PASSED] - Object 'Object Repository/IWP30/Page_QATestHarness/RemittanceID' is present

25-10-2024T01:39:59 - [MESSAGE][PASSED] - Text '638' is set on object 'Object Repository/IWP30/Page_QATestHarness/ApplicationID'

25-10-2024T01:40:00 - [MESSAGE][PASSED] - Text '2.5' is set on object 'Object Repository/IWP30/Page_QATestHarness/MessageVersion'

25-10-2024T01:40:00 - [MESSAGE][PASSED] - Text 'tIHYYbZuMadC' is set on object 'Object Repository/IWP30/Page_QATestHarness/RemittanceID'

25-10-2024T01:40:04 - [MESSAGE][PASSED] - Object: 'Object Repository/IWP30/Page_QATestHarness/SubmitButton' is clicked on

25-10-2024T01:40:04 - [MESSAGE][PASSED] - iwpPages.TestHarnessPage.setDataMethodEF is PASSED

25-10-2024T01:40:04 - [TEST_STEP][PASSED] - click(findTestObject("Object Repository/IWP30/Page_SelectPaymentMethod/PayByCreditCard")): Object: 'Object Repository/IWP30/Page_SelectPaymentMethod/PayByCreditCard' is clicked on

25-10-2024T01:40:05 - [MESSAGE][PASSED] - Object: 'Object Repository/IWP30/Page_SelectPaymentMethod/PayByCreditCard' is clicked on

25-10-2024T01:40:05 - [TEST_STEP][PASSED] - click(findTestObject("Object Repository/IWP30/Page_SelectPaymentMethod/MakePaymentButton")): Object: 'Object Repository/IWP30/Page_SelectPaymentMethod/MakePaymentButton' is clicked on

25-10-2024T01:40:08 - [MESSAGE][PASSED] - Object: 'Object Repository/IWP30/Page_SelectPaymentMethod/MakePaymentButton' is clicked on

25-10-2024T01:40:08 - [TEST_STEP][PASSED] - iwpPages.ccPaymentEntryPage.setDataCCPM(row, dataFile): iwpPages.ccPaymentEntryPage.setDataCCPM is PASSED

25-10-2024T01:40:09 - [MESSAGE][PASSED] - Object 'Object Repository/IWP30/Page_CCPaymentEntry/Name' is present

25-10-2024T01:40:09 - [MESSAGE][PASSED] - Text 'udf data 2' is set on object 'Object Repository/IWP30/Page_CCPaymentEntry/UserDefined2'

25-10-2024T01:40:10 - [MESSAGE][PASSED] - Text 'udf data 3' is set on object 'Object Repository/IWP30/Page_CCPaymentEntry/UserDefined3'

25-10-2024T01:40:10 - [MESSAGE][PASSED] - All options with label 'Orange' are selected in object 'Object Repository/IWP30/Page_CCPaymentEntry/UserDefined7' 

25-10-2024T01:40:11 - [MESSAGE][PASSED] - All options with label 'Soccer' are selected in object 'Object Repository/IWP30/Page_CCPaymentEntry/UserDefined8' 

25-10-2024T01:40:11 - [MESSAGE][PASSED] - Object 'Object Repository/IWP30/Page_CCPaymentEntry/Name' is present

25-10-2024T01:40:12 - [MESSAGE][PASSED] - Text 'Kavita Ranawati' is set on object 'Object Repository/IWP30/Page_CCPaymentEntry/Name'

25-10-2024T01:40:12 - [MESSAGE][PASSED] - Object 'Object Repository/IWP30/Page_CCPaymentEntry/CardNumber' is present

25-10-2024T01:40:13 - [MESSAGE][PASSED] - Text '4111111111111111' is set on object 'Object Repository/IWP30/Page_CCPaymentEntry/CardNumber'

25-10-2024T01:40:13 - [MESSAGE][PASSED] - Text '123' is set on object 'Object Repository/IWP30/Page_CCPaymentEntry/SPC'

25-10-2024T01:40:14 - [MESSAGE][PASSED] - Object 'Object Repository/IWP30/Page_CCPaymentEntry/Month' is present

25-10-2024T01:40:14 - [MESSAGE][PASSED] - All options with label '01' are selected in object 'Object Repository/IWP30/Page_CCPaymentEntry/Month' 

25-10-2024T01:40:14 - [MESSAGE][PASSED] - Object 'Object Repository/IWP30/Page_CCPaymentEntry/Year' is present

25-10-2024T01:40:15 - [MESSAGE][PASSED] - All options with label '2028' are selected in object 'Object Repository/IWP30/Page_CCPaymentEntry/Year' 

25-10-2024T01:40:16 - [MESSAGE][PASSED] - Text '365 Main Avenue' is set on object 'Object Repository/IWP30/Page_CCPaymentEntry/AL1'

25-10-2024T01:40:16 - [MESSAGE][PASSED] - Text '22201' is set on object 'Object Repository/IWP30/Page_CCPaymentEntry/ZIP'

25-10-2024T01:40:17 - [MESSAGE][PASSED] - Object 'Object Repository/IWP30/Page_CCPaymentEntry/EmailAddress' is present

25-10-2024T01:40:18 - [MESSAGE][PASSED] - Text 'iahmed@govolution.com' is set on object 'Object Repository/IWP30/Page_CCPaymentEntry/EmailAddress'

25-10-2024T01:40:18 - [MESSAGE][PASSED] - Object 'Object Repository/IWP30/Page_CCPaymentEntry/TermCondCheckBox' is present

25-10-2024T01:40:18 - [MESSAGE][PASSED] - Object 'Object Repository/IWP30/Page_CCPaymentEntry/TermCondCheckBox' is checked

25-10-2024T01:40:19 - [MESSAGE][PASSED] - Object 'Object Repository/IWP30/Page_CCPaymentEntry/ContinueButton' is present

25-10-2024T01:40:20 - [MESSAGE][PASSED] - Object: 'Object Repository/IWP30/Page_CCPaymentEntry/ContinueButton' is clicked on

25-10-2024T01:40:20 - [MESSAGE][PASSED] - iwpPages.ccPaymentEntryPage.setDataCCPM is PASSED

25-10-2024T01:40:20 - [TEST_STEP][PASSED] - click(findTestObject("Object Repository/IWP30/Page_Confirmation/ConfirmButton")): Object: 'Object Repository/IWP30/Page_Confirmation/ConfirmButton' is clicked on

25-10-2024T01:40:23 - [MESSAGE][PASSED] - Object: 'Object Repository/IWP30/Page_Confirmation/ConfirmButton' is clicked on

25-10-2024T01:40:23 - [TEST_STEP][PASSED] - Thread.sleep(2000): null

25-10-2024T01:40:25 - [TEST_STEP][FAILED] - if (verifyTextPresent("AutoPay", false)): Text 'AutoPay' is not present on page  (Root cause: com.kms.katalon.core.exception.StepFailedException: Text 'AutoPay' is not present on page 
	at com.kms.katalon.core.webui.keyword.internal.WebUIKeywordMain.stepFailed(WebUIKeywordMain.groovy:64)
	at com.kms.katalon.core.webui.keyword.builtin.VerifyTextPresentKeyword$_verifyTextPresent_closure1.doCall(VerifyTextPresentKeyword.groovy:79)
	at com.kms.katalon.core.webui.keyword.builtin.VerifyTextPresentKeyword$_verifyTextPresent_closure1.call(VerifyTextPresentKeyword.groovy)
	at com.kms.katalon.core.webui.keyword.internal.WebUIKeywordMain.runKeyword(WebUIKeywordMain.groovy:20)
	at com.kms.katalon.core.webui.keyword.builtin.VerifyTextPresentKeyword.verifyTextPresent(VerifyTextPresentKeyword.groovy:83)
	at com.kms.katalon.core.webui.keyword.builtin.VerifyTextPresentKeyword.execute(VerifyTextPresentKeyword.groovy:68)
	at com.kms.katalon.core.keyword.internal.KeywordExecutor.executeKeywordForPlatform(KeywordExecutor.groovy:74)
	at com.kms.katalon.core.webui.keyword.WebUiBuiltInKeywords.verifyTextPresent(WebUiBuiltInKeywords.groovy:1762)
	at CCAutoPayCredit.run(CCAutoPayCredit:92)
	at com.kms.katalon.core.main.ScriptEngine.run(ScriptEngine.java:194)
	at com.kms.katalon.core.main.ScriptEngine.runScriptAsRawText(ScriptEngine.java:119)
	at com.kms.katalon.core.main.TestCaseExecutor.runScript(TestCaseExecutor.java:448)
	at com.kms.katalon.core.main.TestCaseExecutor.doExecute(TestCaseExecutor.java:439)
	at com.kms.katalon.core.main.TestCaseExecutor.processExecutionPhase(TestCaseExecutor.java:418)
	at com.kms.katalon.core.main.TestCaseExecutor.accessMainPhase(TestCaseExecutor.java:410)
	at com.kms.katalon.core.main.TestCaseExecutor.execute(TestCaseExecutor.java:285)
	at com.kms.katalon.core.common.CommonExecutor.accessTestCaseMainPhase(CommonExecutor.java:65)
	at com.kms.katalon.core.main.TestSuiteExecutor.accessTestSuiteMainPhase(TestSuiteExecutor.java:150)
	at com.kms.katalon.core.main.TestSuiteExecutor.execute(TestSuiteExecutor.java:106)
	at com.kms.katalon.core.main.TestCaseMain.startTestSuite(TestCaseMain.java:180)
	at TempTestSuite1729787045812.run(TempTestSuite1729787045812.groovy:35)
	at java.base/jdk.internal.reflect.NativeMethodAccessorImpl.invoke0(Native Method)
	at java.base/jdk.internal.reflect.NativeMethodAccessorImpl.invoke(NativeMethodAccessorImpl.java:77)
	at java.base/jdk.internal.reflect.DelegatingMethodAccessorImpl.invoke(DelegatingMethodAccessorImpl.java:43)
)

25-10-2024T01:40:25 - [MESSAGE][FAILED] - Text 'AutoPay' is not present on page  (Root cause: com.kms.katalon.core.exception.StepFailedException: Text 'AutoPay' is not present on page 
	at com.kms.katalon.core.webui.keyword.internal.WebUIKeywordMain.stepFailed(WebUIKeywordMain.groovy:64)
	at com.kms.katalon.core.webui.keyword.builtin.VerifyTextPresentKeyword$_verifyTextPresent_closure1.doCall(VerifyTextPresentKeyword.groovy:79)
	at com.kms.katalon.core.webui.keyword.builtin.VerifyTextPresentKeyword$_verifyTextPresent_closure1.call(VerifyTextPresentKeyword.groovy)
	at com.kms.katalon.core.webui.keyword.internal.WebUIKeywordMain.runKeyword(WebUIKeywordMain.groovy:20)
	at com.kms.katalon.core.webui.keyword.builtin.VerifyTextPresentKeyword.verifyTextPresent(VerifyTextPresentKeyword.groovy:83)
	at com.kms.katalon.core.webui.keyword.builtin.VerifyTextPresentKeyword.execute(VerifyTextPresentKeyword.groovy:68)
	at com.kms.katalon.core.keyword.internal.KeywordExecutor.executeKeywordForPlatform(KeywordExecutor.groovy:74)
	at com.kms.katalon.core.webui.keyword.WebUiBuiltInKeywords.verifyTextPresent(WebUiBuiltInKeywords.groovy:1762)
	at CCAutoPayCredit.run(CCAutoPayCredit:92)
	at com.kms.katalon.core.main.ScriptEngine.run(ScriptEngine.java:194)
	at com.kms.katalon.core.main.ScriptEngine.runScriptAsRawText(ScriptEngine.java:119)
	at com.kms.katalon.core.main.TestCaseExecutor.runScript(TestCaseExecutor.java:448)
	at com.kms.katalon.core.main.TestCaseExecutor.doExecute(TestCaseExecutor.java:439)
	at com.kms.katalon.core.main.TestCaseExecutor.processExecutionPhase(TestCaseExecutor.java:418)
	at com.kms.katalon.core.main.TestCaseExecutor.accessMainPhase(TestCaseExecutor.java:410)
	at com.kms.katalon.core.main.TestCaseExecutor.execute(TestCaseExecutor.java:285)
	at com.kms.katalon.core.common.CommonExecutor.accessTestCaseMainPhase(CommonExecutor.java:65)
	at com.kms.katalon.core.main.TestSuiteExecutor.accessTestSuiteMainPhase(TestSuiteExecutor.java:150)
	at com.kms.katalon.core.main.TestSuiteExecutor.execute(TestSuiteExecutor.java:106)
	at com.kms.katalon.core.main.TestCaseMain.startTestSuite(TestCaseMain.java:180)
	at TempTestSuite1729787045812.run(TempTestSuite1729787045812.groovy:35)
	at java.base/jdk.internal.reflect.NativeMethodAccessorImpl.invoke0(Native Method)
	at java.base/jdk.internal.reflect.NativeMethodAccessorImpl.invoke(NativeMethodAccessorImpl.java:77)
	at java.base/jdk.internal.reflect.DelegatingMethodAccessorImpl.invoke(DelegatingMethodAccessorImpl.java:43)
)

25-10-2024T01:40:25 - [TEST_STEP][FAILED] - else: null

25-10-2024T01:40:25 - [TEST_STEP][FAILED] - markFailed("Autopay is not present on page"): Autopay is not present on page

25-10-2024T01:40:25 - [MESSAGE][FAILED] - Autopay is not present on page

25-10-2024T01:40:25 - [TEST_STEP][PASSED] - resText = "Fail": null

25-10-2024T01:40:25 - [TEST_STEP][PASSED] - pages.WriteExcel.demoKey(resText, datText, resColumn, datCloumn, fileLoc, nameSheet, row): pages.WriteExcel.demoKey is PASSED

25-10-2024T01:40:25 - [MESSAGE][PASSED] - pages.WriteExcel.demoKey is PASSED

25-10-2024T01:40:25 - [TEST_STEP][PASSED] - closeBrowser(): Browser is closed

25-10-2024T01:40:26 - [MESSAGE][PASSED] - Browser is closed

25-10-2024T01:40:26 - [TEST_STEP][PASSED] - ExecuteTC = dataFile.getValue("Execute", row): null

25-10-2024T01:40:26 - [TEST_STEP][PASSED] - out.println("Value of Execute is : " + ExecuteTC): null

25-10-2024T01:40:26 - [TEST_STEP][PASSED] - if (ExecuteTC.equalsIgnoreCase("Y")): null

25-10-2024T01:40:26 - [TEST_STEP][PASSED] - out.println("Begin Record Number: " + row): null

25-10-2024T01:40:26 - [TEST_STEP][PASSED] - today = new java.util.Date(): null

25-10-2024T01:40:26 - [TEST_STEP][PASSED] - println(today): null

25-10-2024T01:40:26 - [TEST_STEP][PASSED] - datText = today: null

25-10-2024T01:40:26 - [TEST_STEP][PASSED] - EmulatorDataKey = dataFile.getValue("EmulatorData", row): null

25-10-2024T01:40:26 - [TEST_STEP][PASSED] - out.println("Value of Emulator Key is : " + EmulatorDataKey): null

25-10-2024T01:40:26 - [TEST_STEP][PASSED] - iwpPages.emulatorIWP30.setDataEmulator_DD(EmulatorDataKey): iwpPages.emulatorIWP30.setDataEmulator_DD is PASSED

25-10-2024T01:40:26 - [MESSAGE][INFO] - Starting 'Edge Chromium' driver

25-10-2024T01:40:26 - [MESSAGE][INFO] - User set preference: ['acceptInsecureCerts', 'true']

25-10-2024T01:40:28 - [MESSAGE][INFO] - Action delay is set to 0 milliseconds

25-10-2024T01:40:31 - [MESSAGE][PASSED] - Browser is opened with url: 'https://qa2.velocitypayment.com/agencyx/config.action?action=editor&message_version=3_0'

25-10-2024T01:40:31 - [MESSAGE][PASSED] - Current window maximized

25-10-2024T01:41:03 - [MESSAGE][INFO] - Unable to find the element located by 'By.xpath: //select[@name='message_version']'. Please recheck the objects properties to make sure the desired element is located. 

25-10-2024T01:41:03 - [MESSAGE][WARNING] - [SELF-HEALING] Failed to find element with id 'Object Repository/IWP30/Page_VRelay30Emulator/MV'. Try using Self-healing.

25-10-2024T01:41:03 - [MESSAGE][WARNING] - [SELF-HEALING] The current locator of test object 'Object Repository/IWP30/Page_VRelay30Emulator/MV' was broken. Propose an alternative one: '(.//*[normalize-space(text()) and normalize-space(.)='Message Version'])[1]/following::select[1]'.

25-10-2024T01:41:03 - [MESSAGE][PASSED] - All options with value '3.0' are selected in object 'Object Repository/IWP30/Page_VRelay30Emulator/MV'  using regular expression

25-10-2024T01:41:04 - [MESSAGE][PASSED] - Text '10.50' is set on object 'Object Repository/IWP30/Page_EmulatorAgencyX/Amount'

25-10-2024T01:41:05 - [MESSAGE][PASSED] - Text 'SR9HrOYonKUw' is set on object 'Object Repository/IWP30/Page_EmulatorAgencyX/CAN'

25-10-2024T01:41:05 - [MESSAGE][PASSED] - Text 'AutoPay' is set on object 'Object Repository/IWP30/Page_EmulatorAgencyX/Action'

25-10-2024T01:41:06 - [MESSAGE][PASSED] - Text 'en_US' is set on object 'Object Repository/IWP30/Page_EmulatorAgencyX/Lang'

25-10-2024T01:41:06 - [MESSAGE][PASSED] - Text '' is set on object 'Object Repository/IWP30/Page_EmulatorAgencyX/Fname'

25-10-2024T01:41:07 - [MESSAGE][PASSED] - Text '' is set on object 'Object Repository/IWP30/Page_EmulatorAgencyX/Lname'

25-10-2024T01:41:07 - [MESSAGE][PASSED] - Text '' is set on object 'Object Repository/IWP30/Page_EmulatorAgencyX/AL1'

25-10-2024T01:41:08 - [MESSAGE][PASSED] - Text '' is set on object 'Object Repository/IWP30/Page_EmulatorAgencyX/AL2'

25-10-2024T01:41:09 - [MESSAGE][PASSED] - Text '' is set on object 'Object Repository/IWP30/Page_EmulatorAgencyX/Country'

25-10-2024T01:41:09 - [MESSAGE][PASSED] - Text '' is set on object 'Object Repository/IWP30/Page_EmulatorAgencyX/City'

25-10-2024T01:41:10 - [MESSAGE][PASSED] - Text '' is set on object 'Object Repository/IWP30/Page_EmulatorAgencyX/State'

25-10-2024T01:41:10 - [MESSAGE][PASSED] - Text '' is set on object 'Object Repository/IWP30/Page_EmulatorAgencyX/ZIP'

25-10-2024T01:41:11 - [MESSAGE][PASSED] - Text '' is set on object 'Object Repository/IWP30/Page_EmulatorAgencyX/Order'

25-10-2024T01:41:11 - [MESSAGE][PASSED] - Text '' is set on object 'Object Repository/IWP30/Page_EmulatorAgencyX/Company'

25-10-2024T01:41:12 - [MESSAGE][PASSED] - Text '' is set on object 'Object Repository/IWP30/Page_EmulatorAgencyX/Email'

25-10-2024T01:41:13 - [MESSAGE][PASSED] - Text '' is set on object 'Object Repository/IWP30/Page_EmulatorAgencyX/UDF1'

25-10-2024T01:41:13 - [MESSAGE][PASSED] - Text '' is set on object 'Object Repository/IWP30/Page_EmulatorAgencyX/UDF2'

25-10-2024T01:41:14 - [MESSAGE][PASSED] - Text '' is set on object 'Object Repository/IWP30/Page_EmulatorAgencyX/UDF3'

25-10-2024T01:41:14 - [MESSAGE][PASSED] - Text 'udf data 4' is set on object 'Object Repository/IWP30/Page_EmulatorAgencyX/UDF4'

25-10-2024T01:41:15 - [MESSAGE][PASSED] - Text 'udf data 5' is set on object 'Object Repository/IWP30/Page_EmulatorAgencyX/UDF5'

25-10-2024T01:41:15 - [MESSAGE][PASSED] - Text '' is set on object 'Object Repository/IWP30/Page_EmulatorAgencyX/UDF6'

25-10-2024T01:41:16 - [MESSAGE][PASSED] - Text '' is set on object 'Object Repository/IWP30/Page_EmulatorAgencyX/UDF7'

25-10-2024T01:41:17 - [MESSAGE][PASSED] - Text '' is set on object 'Object Repository/IWP30/Page_EmulatorAgencyX/UDF8'

25-10-2024T01:41:17 - [MESSAGE][PASSED] - Text 'udf data 9' is set on object 'Object Repository/IWP30/Page_EmulatorAgencyX/UDF9'

25-10-2024T01:41:18 - [MESSAGE][PASSED] - Text 'udf data 10' is set on object 'Object Repository/IWP30/Page_EmulatorAgencyX/UDF10'

25-10-2024T01:41:19 - [MESSAGE][PASSED] - Object: 'Object Repository/IWP30/Page_EmulatorAgencyX/Submit' is clicked on

25-10-2024T01:41:23 - [MESSAGE][PASSED] - Browser is closed

25-10-2024T01:41:28 - [MESSAGE][PASSED] - iwpPages.emulatorIWP30.setDataEmulator_DD is PASSED

25-10-2024T01:41:28 - [TEST_STEP][PASSED] - testHarnessURL = urlTestHarness: null

25-10-2024T01:41:28 - [TEST_STEP][PASSED] - openBrowser(testHarnessURL): Browser is opened with url: 'https://dev-algorithm.govolution.com/vrelaytest/QA2/version_2_2/vrelaytest.html'

25-10-2024T01:41:28 - [MESSAGE][INFO] - Starting 'Edge Chromium' driver

25-10-2024T01:41:28 - [MESSAGE][INFO] - User set preference: ['acceptInsecureCerts', 'true']

25-10-2024T01:41:30 - [MESSAGE][INFO] - Action delay is set to 0 milliseconds

25-10-2024T01:41:33 - [MESSAGE][PASSED] - Browser is opened with url: 'https://dev-algorithm.govolution.com/vrelaytest/QA2/version_2_2/vrelaytest.html'

25-10-2024T01:41:33 - [TEST_STEP][PASSED] - maximizeWindow(): Current window maximized

25-10-2024T01:41:33 - [MESSAGE][PASSED] - Current window maximized

25-10-2024T01:41:33 - [TEST_STEP][PASSED] - iwpPages.TestHarnessPage.setDataMethodEF(row, dataFile): iwpPages.TestHarnessPage.setDataMethodEF is PASSED

25-10-2024T01:41:33 - [MESSAGE][PASSED] - Object 'Object Repository/IWP30/Page_QATestHarness/RemittanceID' is present

25-10-2024T01:41:34 - [MESSAGE][PASSED] - Text '649' is set on object 'Object Repository/IWP30/Page_QATestHarness/ApplicationID'

25-10-2024T01:41:34 - [MESSAGE][PASSED] - Text '3.0' is set on object 'Object Repository/IWP30/Page_QATestHarness/MessageVersion'

25-10-2024T01:41:35 - [MESSAGE][PASSED] - Text 'm3CEIlgx4Hyt' is set on object 'Object Repository/IWP30/Page_QATestHarness/RemittanceID'

25-10-2024T01:41:40 - [MESSAGE][PASSED] - Object: 'Object Repository/IWP30/Page_QATestHarness/SubmitButton' is clicked on

25-10-2024T01:41:40 - [MESSAGE][PASSED] - iwpPages.TestHarnessPage.setDataMethodEF is PASSED

25-10-2024T01:41:40 - [TEST_STEP][PASSED] - click(findTestObject("Object Repository/IWP30/Page_SelectPaymentMethod/PayByCreditCard")): Object: 'Object Repository/IWP30/Page_SelectPaymentMethod/PayByCreditCard' is clicked on

25-10-2024T01:41:41 - [MESSAGE][PASSED] - Object: 'Object Repository/IWP30/Page_SelectPaymentMethod/PayByCreditCard' is clicked on

25-10-2024T01:41:41 - [TEST_STEP][PASSED] - click(findTestObject("Object Repository/IWP30/Page_SelectPaymentMethod/MakePaymentButton")): Object: 'Object Repository/IWP30/Page_SelectPaymentMethod/MakePaymentButton' is clicked on

25-10-2024T01:41:43 - [MESSAGE][PASSED] - Object: 'Object Repository/IWP30/Page_SelectPaymentMethod/MakePaymentButton' is clicked on

25-10-2024T01:41:43 - [TEST_STEP][PASSED] - iwpPages.ccPaymentEntryPage.setDataCCPM(row, dataFile): iwpPages.ccPaymentEntryPage.setDataCCPM is PASSED

25-10-2024T01:41:44 - [MESSAGE][PASSED] - Object 'Object Repository/IWP30/Page_CCPaymentEntry/Name' is present

25-10-2024T01:41:44 - [MESSAGE][PASSED] - Text 'udf data 2' is set on object 'Object Repository/IWP30/Page_CCPaymentEntry/UserDefined2'

25-10-2024T01:41:45 - [MESSAGE][PASSED] - Text 'udf data 3' is set on object 'Object Repository/IWP30/Page_CCPaymentEntry/UserDefined3'

25-10-2024T01:41:45 - [MESSAGE][PASSED] - All options with label 'Orange' are selected in object 'Object Repository/IWP30/Page_CCPaymentEntry/UserDefined7' 

25-10-2024T01:41:46 - [MESSAGE][PASSED] - All options with label 'Soccer' are selected in object 'Object Repository/IWP30/Page_CCPaymentEntry/UserDefined8' 

25-10-2024T01:41:46 - [MESSAGE][PASSED] - Object 'Object Repository/IWP30/Page_CCPaymentEntry/Name' is present

25-10-2024T01:41:47 - [MESSAGE][PASSED] - Text 'Kavita Ranawati' is set on object 'Object Repository/IWP30/Page_CCPaymentEntry/Name'

25-10-2024T01:41:47 - [MESSAGE][PASSED] - Object 'Object Repository/IWP30/Page_CCPaymentEntry/CardNumber' is present

25-10-2024T01:41:48 - [MESSAGE][PASSED] - Text '4111111111111111' is set on object 'Object Repository/IWP30/Page_CCPaymentEntry/CardNumber'

25-10-2024T01:41:48 - [MESSAGE][PASSED] - Text '123' is set on object 'Object Repository/IWP30/Page_CCPaymentEntry/SPC'

25-10-2024T01:41:48 - [MESSAGE][PASSED] - Object 'Object Repository/IWP30/Page_CCPaymentEntry/Month' is present

25-10-2024T01:41:49 - [MESSAGE][PASSED] - All options with label '01' are selected in object 'Object Repository/IWP30/Page_CCPaymentEntry/Month' 

25-10-2024T01:41:49 - [MESSAGE][PASSED] - Object 'Object Repository/IWP30/Page_CCPaymentEntry/Year' is present

25-10-2024T01:41:50 - [MESSAGE][PASSED] - All options with label '2028' are selected in object 'Object Repository/IWP30/Page_CCPaymentEntry/Year' 

25-10-2024T01:41:50 - [MESSAGE][PASSED] - Text '365 Main Avenue' is set on object 'Object Repository/IWP30/Page_CCPaymentEntry/AL1'

25-10-2024T01:41:51 - [MESSAGE][PASSED] - Text '22201' is set on object 'Object Repository/IWP30/Page_CCPaymentEntry/ZIP'

25-10-2024T01:41:51 - [MESSAGE][PASSED] - Object 'Object Repository/IWP30/Page_CCPaymentEntry/EmailAddress' is present

25-10-2024T01:41:53 - [MESSAGE][PASSED] - Text 'iahmed@govolution.com' is set on object 'Object Repository/IWP30/Page_CCPaymentEntry/EmailAddress'

25-10-2024T01:41:53 - [MESSAGE][PASSED] - Object 'Object Repository/IWP30/Page_CCPaymentEntry/TermCondCheckBox' is present

25-10-2024T01:41:53 - [MESSAGE][PASSED] - Object 'Object Repository/IWP30/Page_CCPaymentEntry/TermCondCheckBox' is checked

25-10-2024T01:41:53 - [MESSAGE][PASSED] - Object 'Object Repository/IWP30/Page_CCPaymentEntry/ContinueButton' is present

25-10-2024T01:41:55 - [MESSAGE][PASSED] - Object: 'Object Repository/IWP30/Page_CCPaymentEntry/ContinueButton' is clicked on

25-10-2024T01:41:55 - [MESSAGE][PASSED] - iwpPages.ccPaymentEntryPage.setDataCCPM is PASSED

25-10-2024T01:41:55 - [TEST_STEP][PASSED] - click(findTestObject("Object Repository/IWP30/Page_Confirmation/ConfirmButton")): Object: 'Object Repository/IWP30/Page_Confirmation/ConfirmButton' is clicked on

25-10-2024T01:41:57 - [MESSAGE][PASSED] - Object: 'Object Repository/IWP30/Page_Confirmation/ConfirmButton' is clicked on

25-10-2024T01:41:57 - [TEST_STEP][PASSED] - Thread.sleep(2000): null

25-10-2024T01:41:59 - [TEST_STEP][PASSED] - if (verifyTextPresent("AutoPay", false)): null

25-10-2024T01:41:59 - [MESSAGE][PASSED] - Text 'AutoPay' is present on page 

25-10-2024T01:41:59 - [TEST_STEP][PASSED] - println("Autopay is present on page. Autopay is created"): null

25-10-2024T01:41:59 - [TEST_STEP][PASSED] - openBrowser(testHarnessURL): Browser is opened with url: 'https://dev-algorithm.govolution.com/vrelaytest/QA2/version_2_2/vrelaytest.html'

25-10-2024T01:41:59 - [MESSAGE][WARNING] - A browser is already opened. Closing browser and opening a new one

25-10-2024T01:41:59 - [MESSAGE][INFO] - Starting 'Edge Chromium' driver

25-10-2024T01:41:59 - [MESSAGE][INFO] - User set preference: ['acceptInsecureCerts', 'true']

25-10-2024T01:42:01 - [MESSAGE][INFO] - Action delay is set to 0 milliseconds

25-10-2024T01:42:05 - [MESSAGE][PASSED] - Browser is opened with url: 'https://dev-algorithm.govolution.com/vrelaytest/QA2/version_2_2/vrelaytest.html'

25-10-2024T01:42:05 - [TEST_STEP][PASSED] - maximizeWindow(): Current window maximized

25-10-2024T01:42:05 - [MESSAGE][PASSED] - Current window maximized

25-10-2024T01:42:05 - [TEST_STEP][PASSED] - iwpPages.TestHarnessPage.setDataMethodEF(row, dataFile): iwpPages.TestHarnessPage.setDataMethodEF is PASSED

25-10-2024T01:42:05 - [MESSAGE][PASSED] - Object 'Object Repository/IWP30/Page_QATestHarness/RemittanceID' is present

25-10-2024T01:42:06 - [MESSAGE][PASSED] - Text '649' is set on object 'Object Repository/IWP30/Page_QATestHarness/ApplicationID'

25-10-2024T01:42:06 - [MESSAGE][PASSED] - Text '3.0' is set on object 'Object Repository/IWP30/Page_QATestHarness/MessageVersion'

25-10-2024T01:42:07 - [MESSAGE][PASSED] - Text '6qMCboc7g71S' is set on object 'Object Repository/IWP30/Page_QATestHarness/RemittanceID'

25-10-2024T01:42:11 - [MESSAGE][PASSED] - Object: 'Object Repository/IWP30/Page_QATestHarness/SubmitButton' is clicked on

25-10-2024T01:42:11 - [MESSAGE][PASSED] - iwpPages.TestHarnessPage.setDataMethodEF is PASSED

25-10-2024T01:42:11 - [TEST_STEP][PASSED] - click(findTestObject("Object Repository/IWP30/Page_ManagePlan_Autopay/btn_cancel")): Object: 'Object Repository/IWP30/Page_ManagePlan_Autopay/btn_cancel' is clicked on

25-10-2024T01:42:11 - [MESSAGE][PASSED] - Object: 'Object Repository/IWP30/Page_ManagePlan_Autopay/btn_cancel' is clicked on

25-10-2024T01:42:11 - [TEST_STEP][PASSED] - click(findTestObject("Object Repository/IWP30/Page_CancelPlan/btn_cancel")): Object: 'Object Repository/IWP30/Page_CancelPlan/btn_cancel' is clicked on

25-10-2024T01:42:13 - [MESSAGE][PASSED] - Object: 'Object Repository/IWP30/Page_CancelPlan/btn_cancel' is clicked on

25-10-2024T01:42:13 - [TEST_STEP][PASSED] - if (verifyTextPresent("Your payment plan has been cancelled successfully", false)): null

25-10-2024T01:42:13 - [MESSAGE][PASSED] - Text 'Your payment plan has been cancelled successfully' is present on page 

25-10-2024T01:42:13 - [TEST_STEP][PASSED] - markPassed("Your payment plan has been successfully created and canceled"): Your payment plan has been successfully created and canceled

25-10-2024T01:42:13 - [MESSAGE][PASSED] - Your payment plan has been successfully created and canceled

25-10-2024T01:42:13 - [TEST_STEP][PASSED] - resText = "Pass": null

25-10-2024T01:42:13 - [TEST_STEP][PASSED] - println(row): null

25-10-2024T01:42:13 - [TEST_STEP][PASSED] - pages.WriteExcel.demoKey(resText, datText, resColumn, datCloumn, fileLoc, nameSheet, row): pages.WriteExcel.demoKey is PASSED

25-10-2024T01:42:13 - [MESSAGE][PASSED] - pages.WriteExcel.demoKey is PASSED

25-10-2024T01:42:13 - [TEST_STEP][PASSED] - closeBrowser(): Browser is closed

25-10-2024T01:42:14 - [MESSAGE][PASSED] - Browser is closed]]></system-out>
         <system-err><![CDATA[25-10-2024T01:38:49 - [TEST_CASE][FAILED] - Test Cases/IntegratedWeb/IWP25/Payments/CCAutoPayCredit: Test Cases/IntegratedWeb/IWP25/Payments/CCAutoPayCredit FAILED.
Reason:
com.kms.katalon.core.exception.StepFailedException: Text 'AutoPay' is not present on page  (Root cause: com.kms.katalon.core.exception.StepFailedException: Text 'AutoPay' is not present on page 
	at com.kms.katalon.core.webui.keyword.internal.WebUIKeywordMain.stepFailed(WebUIKeywordMain.groovy:64)
	at com.kms.katalon.core.webui.keyword.builtin.VerifyTextPresentKeyword$_verifyTextPresent_closure1.doCall(VerifyTextPresentKeyword.groovy:79)
	at com.kms.katalon.core.webui.keyword.builtin.VerifyTextPresentKeyword$_verifyTextPresent_closure1.call(VerifyTextPresentKeyword.groovy)
	at com.kms.katalon.core.webui.keyword.internal.WebUIKeywordMain.runKeyword(WebUIKeywordMain.groovy:20)
	at com.kms.katalon.core.webui.keyword.builtin.VerifyTextPresentKeyword.verifyTextPresent(VerifyTextPresentKeyword.groovy:83)
	at com.kms.katalon.core.webui.keyword.builtin.VerifyTextPresentKeyword.execute(VerifyTextPresentKeyword.groovy:68)
	at com.kms.katalon.core.keyword.internal.KeywordExecutor.executeKeywordForPlatform(KeywordExecutor.groovy:74)
	at com.kms.katalon.core.webui.keyword.WebUiBuiltInKeywords.verifyTextPresent(WebUiBuiltInKeywords.groovy:1762)
	at CCAutoPayCredit.run(CCAutoPayCredit:92)
	at com.kms.katalon.core.main.ScriptEngine.run(ScriptEngine.java:194)
	at com.kms.katalon.core.main.ScriptEngine.runScriptAsRawText(ScriptEngine.java:119)
	at com.kms.katalon.core.main.TestCaseExecutor.runScript(TestCaseExecutor.java:448)
	at com.kms.katalon.core.main.TestCaseExecutor.doExecute(TestCaseExecutor.java:439)
	at com.kms.katalon.core.main.TestCaseExecutor.processExecutionPhase(TestCaseExecutor.java:418)
	at com.kms.katalon.core.main.TestCaseExecutor.accessMainPhase(TestCaseExecutor.java:410)
	at com.kms.katalon.core.main.TestCaseExecutor.execute(TestCaseExecutor.java:285)
	at com.kms.katalon.core.common.CommonExecutor.accessTestCaseMainPhase(CommonExecutor.java:65)
	at com.kms.katalon.core.main.TestSuiteExecutor.accessTestSuiteMainPhase(TestSuiteExecutor.java:150)
	at com.kms.katalon.core.main.TestSuiteExecutor.execute(TestSuiteExecutor.java:106)
	at com.kms.katalon.core.main.TestCaseMain.startTestSuite(TestCaseMain.java:180)
	at TempTestSuite1729787045812.run(TempTestSuite1729787045812.groovy:35)
	at java.base/jdk.internal.reflect.NativeMethodAccessorImpl.invoke0(Native Method)
	at java.base/jdk.internal.reflect.NativeMethodAccessorImpl.invoke(NativeMethodAccessorImpl.java:77)
	at java.base/jdk.internal.reflect.DelegatingMethodAccessorImpl.invoke(DelegatingMethodAccessorImpl.java:43)
)
	at com.kms.katalon.core.keyword.internal.KeywordMain.stepFailed(KeywordMain.groovy:39)
	at com.kms.katalon.core.webui.keyword.internal.WebUIKeywordMain.stepFailed(WebUIKeywordMain.groovy:64)
	at com.kms.katalon.core.webui.keyword.builtin.VerifyTextPresentKeyword$_verifyTextPresent_closure1.doCall(VerifyTextPresentKeyword.groovy:79)
	at com.kms.katalon.core.webui.keyword.builtin.VerifyTextPresentKeyword$_verifyTextPresent_closure1.call(VerifyTextPresentKeyword.groovy)
	at com.kms.katalon.core.webui.keyword.internal.WebUIKeywordMain.runKeyword(WebUIKeywordMain.groovy:20)
	at com.kms.katalon.core.webui.keyword.builtin.VerifyTextPresentKeyword.verifyTextPresent(VerifyTextPresentKeyword.groovy:83)
	at com.kms.katalon.core.webui.keyword.builtin.VerifyTextPresentKeyword.execute(VerifyTextPresentKeyword.groovy:68)
	at com.kms.katalon.core.keyword.internal.KeywordExecutor.executeKeywordForPlatform(KeywordExecutor.groovy:74)
	at com.kms.katalon.core.webui.keyword.WebUiBuiltInKeywords.verifyTextPresent(WebUiBuiltInKeywords.groovy:1762)
	at CCAutoPayCredit.run(CCAutoPayCredit:92)
	at com.kms.katalon.core.main.ScriptEngine.run(ScriptEngine.java:194)
	at com.kms.katalon.core.main.ScriptEngine.runScriptAsRawText(ScriptEngine.java:119)
	at com.kms.katalon.core.main.TestCaseExecutor.runScript(TestCaseExecutor.java:448)
	at com.kms.katalon.core.main.TestCaseExecutor.doExecute(TestCaseExecutor.java:439)
	at com.kms.katalon.core.main.TestCaseExecutor.processExecutionPhase(TestCaseExecutor.java:418)
	at com.kms.katalon.core.main.TestCaseExecutor.accessMainPhase(TestCaseExecutor.java:410)
	at com.kms.katalon.core.main.TestCaseExecutor.execute(TestCaseExecutor.java:285)
	at com.kms.katalon.core.common.CommonExecutor.accessTestCaseMainPhase(CommonExecutor.java:65)
	at com.kms.katalon.core.main.TestSuiteExecutor.accessTestSuiteMainPhase(TestSuiteExecutor.java:150)
	at com.kms.katalon.core.main.TestSuiteExecutor.execute(TestSuiteExecutor.java:106)
	at com.kms.katalon.core.main.TestCaseMain.startTestSuite(TestCaseMain.java:180)
	at TempTestSuite1729787045812.run(TempTestSuite1729787045812.groovy:35)
	at java.base/jdk.internal.reflect.NativeMethodAccessorImpl.invoke0(Native Method)
	at java.base/jdk.internal.reflect.NativeMethodAccessorImpl.invoke(NativeMethodAccessorImpl.java:77)
	at java.base/jdk.internal.reflect.DelegatingMethodAccessorImpl.invoke(DelegatingMethodAccessorImpl.java:43)
Caused by: com.kms.katalon.core.exception.StepFailedException: Text 'AutoPay' is not present on page 
	... 24 more]]></system-err>
      </testcase>
      <testcase name="Test Cases/IntegratedWeb/IWP25/Payments/CCAutoPayPC" time="238.087" classname="Test Cases/IntegratedWeb/IWP25/Payments/CCAutoPayPC" status="FAILED">
         <failure type="FAILED" message="Test Cases/IntegratedWeb/IWP25/Payments/CCAutoPayPC FAILED.&#xa;Reason:&#xa;com.kms.katalon.core.exception.StepFailedException: Text 'AutoPay' is not present on page  (Root cause: com.kms.katalon.core.exception.StepFailedException: Text 'AutoPay' is not present on page &#xa;	at com.kms.katalon.core.webui.keyword.internal.WebUIKeywordMain.stepFailed(WebUIKeywordMain.groovy:64)&#xa;	at com.kms.katalon.core.webui.keyword.builtin.VerifyTextPresentKeyword$_verifyTextPresent_closure1.doCall(VerifyTextPresentKeyword.groovy:79)&#xa;	at com.kms.katalon.core.webui.keyword.builtin.VerifyTextPresentKeyword$_verifyTextPresent_closure1.call(VerifyTextPresentKeyword.groovy)&#xa;	at com.kms.katalon.core.webui.keyword.internal.WebUIKeywordMain.runKeyword(WebUIKeywordMain.groovy:20)&#xa;	at com.kms.katalon.core.webui.keyword.builtin.VerifyTextPresentKeyword.verifyTextPresent(VerifyTextPresentKeyword.groovy:83)&#xa;	at com.kms.katalon.core.webui.keyword.builtin.VerifyTextPresentKeyword.execute(VerifyTextPresentKeyword.groovy:68)&#xa;	at com.kms.katalon.core.keyword.internal.KeywordExecutor.executeKeywordForPlatform(KeywordExecutor.groovy:74)&#xa;	at com.kms.katalon.core.webui.keyword.WebUiBuiltInKeywords.verifyTextPresent(WebUiBuiltInKeywords.groovy:1762)&#xa;	at CCAutoPayPC.run(CCAutoPayPC:91)&#xa;	at com.kms.katalon.core.main.ScriptEngine.run(ScriptEngine.java:194)&#xa;	at com.kms.katalon.core.main.ScriptEngine.runScriptAsRawText(ScriptEngine.java:119)&#xa;	at com.kms.katalon.core.main.TestCaseExecutor.runScript(TestCaseExecutor.java:448)&#xa;	at com.kms.katalon.core.main.TestCaseExecutor.doExecute(TestCaseExecutor.java:439)&#xa;	at com.kms.katalon.core.main.TestCaseExecutor.processExecutionPhase(TestCaseExecutor.java:418)&#xa;	at com.kms.katalon.core.main.TestCaseExecutor.accessMainPhase(TestCaseExecutor.java:410)&#xa;	at com.kms.katalon.core.main.TestCaseExecutor.execute(TestCaseExecutor.java:285)&#xa;	at com.kms.katalon.core.common.CommonExecutor.accessTestCaseMainPhase(CommonExecutor.java:65)&#xa;	at com.kms.katalon.core.main.TestSuiteExecutor.accessTestSuiteMainPhase(TestSuiteExecutor.java:150)&#xa;	at com.kms.katalon.core.main.TestSuiteExecutor.execute(TestSuiteExecutor.java:106)&#xa;	at com.kms.katalon.core.main.TestCaseMain.startTestSuite(TestCaseMain.java:180)&#xa;	at TempTestSuite1729787045812.run(TempTestSuite1729787045812.groovy:35)&#xa;	at java.base/jdk.internal.reflect.NativeMethodAccessorImpl.invoke0(Native Method)&#xa;	at java.base/jdk.internal.reflect.NativeMethodAccessorImpl.invoke(NativeMethodAccessorImpl.java:77)&#xa;	at java.base/jdk.internal.reflect.DelegatingMethodAccessorImpl.invoke(DelegatingMethodAccessorImpl.java:43)&#xa;)&#xa;	at com.kms.katalon.core.keyword.internal.KeywordMain.stepFailed(KeywordMain.groovy:39)&#xa;	at com.kms.katalon.core.webui.keyword.internal.WebUIKeywordMain.stepFailed(WebUIKeywordMain.groovy:64)&#xa;	at com.kms.katalon.core.webui.keyword.builtin.VerifyTextPresentKeyword$_verifyTextPresent_closure1.doCall(VerifyTextPresentKeyword.groovy:79)&#xa;	at com.kms.katalon.core.webui.keyword.builtin.VerifyTextPresentKeyword$_verifyTextPresent_closure1.call(VerifyTextPresentKeyword.groovy)&#xa;	at com.kms.katalon.core.webui.keyword.internal.WebUIKeywordMain.runKeyword(WebUIKeywordMain.groovy:20)&#xa;	at com.kms.katalon.core.webui.keyword.builtin.VerifyTextPresentKeyword.verifyTextPresent(VerifyTextPresentKeyword.groovy:83)&#xa;	at com.kms.katalon.core.webui.keyword.builtin.VerifyTextPresentKeyword.execute(VerifyTextPresentKeyword.groovy:68)&#xa;	at com.kms.katalon.core.keyword.internal.KeywordExecutor.executeKeywordForPlatform(KeywordExecutor.groovy:74)&#xa;	at com.kms.katalon.core.webui.keyword.WebUiBuiltInKeywords.verifyTextPresent(WebUiBuiltInKeywords.groovy:1762)&#xa;	at CCAutoPayPC.run(CCAutoPayPC:91)&#xa;	at com.kms.katalon.core.main.ScriptEngine.run(ScriptEngine.java:194)&#xa;	at com.kms.katalon.core.main.ScriptEngine.runScriptAsRawText(ScriptEngine.java:119)&#xa;	at com.kms.katalon.core.main.TestCaseExecutor.runScript(TestCaseExecutor.java:448)&#xa;	at com.kms.katalon.core.main.TestCaseExecutor.doExecute(TestCaseExecutor.java:439)&#xa;	at com.kms.katalon.core.main.TestCaseExecutor.processExecutionPhase(TestCaseExecutor.java:418)&#xa;	at com.kms.katalon.core.main.TestCaseExecutor.accessMainPhase(TestCaseExecutor.java:410)&#xa;	at com.kms.katalon.core.main.TestCaseExecutor.execute(TestCaseExecutor.java:285)&#xa;	at com.kms.katalon.core.common.CommonExecutor.accessTestCaseMainPhase(CommonExecutor.java:65)&#xa;	at com.kms.katalon.core.main.TestSuiteExecutor.accessTestSuiteMainPhase(TestSuiteExecutor.java:150)&#xa;	at com.kms.katalon.core.main.TestSuiteExecutor.execute(TestSuiteExecutor.java:106)&#xa;	at com.kms.katalon.core.main.TestCaseMain.startTestSuite(TestCaseMain.java:180)&#xa;	at TempTestSuite1729787045812.run(TempTestSuite1729787045812.groovy:35)&#xa;	at java.base/jdk.internal.reflect.NativeMethodAccessorImpl.invoke0(Native Method)&#xa;	at java.base/jdk.internal.reflect.NativeMethodAccessorImpl.invoke(NativeMethodAccessorImpl.java:77)&#xa;	at java.base/jdk.internal.reflect.DelegatingMethodAccessorImpl.invoke(DelegatingMethodAccessorImpl.java:43)&#xa;Caused by: com.kms.katalon.core.exception.StepFailedException: Text 'AutoPay' is not present on page &#xa;	... 24 more&#xa;"/>
         <system-out><![CDATA[25-10-2024T01:42:14 - [TEST_CASE][FAILED] - Test Cases/IntegratedWeb/IWP25/Payments/CCAutoPayPC: Test Cases/IntegratedWeb/IWP25/Payments/CCAutoPayPC FAILED.
Reason:
com.kms.katalon.core.exception.StepFailedException: Text 'AutoPay' is not present on page  (Root cause: com.kms.katalon.core.exception.StepFailedException: Text 'AutoPay' is not present on page 
	at com.kms.katalon.core.webui.keyword.internal.WebUIKeywordMain.stepFailed(WebUIKeywordMain.groovy:64)
	at com.kms.katalon.core.webui.keyword.builtin.VerifyTextPresentKeyword$_verifyTextPresent_closure1.doCall(VerifyTextPresentKeyword.groovy:79)
	at com.kms.katalon.core.webui.keyword.builtin.VerifyTextPresentKeyword$_verifyTextPresent_closure1.call(VerifyTextPresentKeyword.groovy)
	at com.kms.katalon.core.webui.keyword.internal.WebUIKeywordMain.runKeyword(WebUIKeywordMain.groovy:20)
	at com.kms.katalon.core.webui.keyword.builtin.VerifyTextPresentKeyword.verifyTextPresent(VerifyTextPresentKeyword.groovy:83)
	at com.kms.katalon.core.webui.keyword.builtin.VerifyTextPresentKeyword.execute(VerifyTextPresentKeyword.groovy:68)
	at com.kms.katalon.core.keyword.internal.KeywordExecutor.executeKeywordForPlatform(KeywordExecutor.groovy:74)
	at com.kms.katalon.core.webui.keyword.WebUiBuiltInKeywords.verifyTextPresent(WebUiBuiltInKeywords.groovy:1762)
	at CCAutoPayPC.run(CCAutoPayPC:91)
	at com.kms.katalon.core.main.ScriptEngine.run(ScriptEngine.java:194)
	at com.kms.katalon.core.main.ScriptEngine.runScriptAsRawText(ScriptEngine.java:119)
	at com.kms.katalon.core.main.TestCaseExecutor.runScript(TestCaseExecutor.java:448)
	at com.kms.katalon.core.main.TestCaseExecutor.doExecute(TestCaseExecutor.java:439)
	at com.kms.katalon.core.main.TestCaseExecutor.processExecutionPhase(TestCaseExecutor.java:418)
	at com.kms.katalon.core.main.TestCaseExecutor.accessMainPhase(TestCaseExecutor.java:410)
	at com.kms.katalon.core.main.TestCaseExecutor.execute(TestCaseExecutor.java:285)
	at com.kms.katalon.core.common.CommonExecutor.accessTestCaseMainPhase(CommonExecutor.java:65)
	at com.kms.katalon.core.main.TestSuiteExecutor.accessTestSuiteMainPhase(TestSuiteExecutor.java:150)
	at com.kms.katalon.core.main.TestSuiteExecutor.execute(TestSuiteExecutor.java:106)
	at com.kms.katalon.core.main.TestCaseMain.startTestSuite(TestCaseMain.java:180)
	at TempTestSuite1729787045812.run(TempTestSuite1729787045812.groovy:35)
	at java.base/jdk.internal.reflect.NativeMethodAccessorImpl.invoke0(Native Method)
	at java.base/jdk.internal.reflect.NativeMethodAccessorImpl.invoke(NativeMethodAccessorImpl.java:77)
	at java.base/jdk.internal.reflect.DelegatingMethodAccessorImpl.invoke(DelegatingMethodAccessorImpl.java:43)
)
	at com.kms.katalon.core.keyword.internal.KeywordMain.stepFailed(KeywordMain.groovy:39)
	at com.kms.katalon.core.webui.keyword.internal.WebUIKeywordMain.stepFailed(WebUIKeywordMain.groovy:64)
	at com.kms.katalon.core.webui.keyword.builtin.VerifyTextPresentKeyword$_verifyTextPresent_closure1.doCall(VerifyTextPresentKeyword.groovy:79)
	at com.kms.katalon.core.webui.keyword.builtin.VerifyTextPresentKeyword$_verifyTextPresent_closure1.call(VerifyTextPresentKeyword.groovy)
	at com.kms.katalon.core.webui.keyword.internal.WebUIKeywordMain.runKeyword(WebUIKeywordMain.groovy:20)
	at com.kms.katalon.core.webui.keyword.builtin.VerifyTextPresentKeyword.verifyTextPresent(VerifyTextPresentKeyword.groovy:83)
	at com.kms.katalon.core.webui.keyword.builtin.VerifyTextPresentKeyword.execute(VerifyTextPresentKeyword.groovy:68)
	at com.kms.katalon.core.keyword.internal.KeywordExecutor.executeKeywordForPlatform(KeywordExecutor.groovy:74)
	at com.kms.katalon.core.webui.keyword.WebUiBuiltInKeywords.verifyTextPresent(WebUiBuiltInKeywords.groovy:1762)
	at CCAutoPayPC.run(CCAutoPayPC:91)
	at com.kms.katalon.core.main.ScriptEngine.run(ScriptEngine.java:194)
	at com.kms.katalon.core.main.ScriptEngine.runScriptAsRawText(ScriptEngine.java:119)
	at com.kms.katalon.core.main.TestCaseExecutor.runScript(TestCaseExecutor.java:448)
	at com.kms.katalon.core.main.TestCaseExecutor.doExecute(TestCaseExecutor.java:439)
	at com.kms.katalon.core.main.TestCaseExecutor.processExecutionPhase(TestCaseExecutor.java:418)
	at com.kms.katalon.core.main.TestCaseExecutor.accessMainPhase(TestCaseExecutor.java:410)
	at com.kms.katalon.core.main.TestCaseExecutor.execute(TestCaseExecutor.java:285)
	at com.kms.katalon.core.common.CommonExecutor.accessTestCaseMainPhase(CommonExecutor.java:65)
	at com.kms.katalon.core.main.TestSuiteExecutor.accessTestSuiteMainPhase(TestSuiteExecutor.java:150)
	at com.kms.katalon.core.main.TestSuiteExecutor.execute(TestSuiteExecutor.java:106)
	at com.kms.katalon.core.main.TestCaseMain.startTestSuite(TestCaseMain.java:180)
	at TempTestSuite1729787045812.run(TempTestSuite1729787045812.groovy:35)
	at java.base/jdk.internal.reflect.NativeMethodAccessorImpl.invoke0(Native Method)
	at java.base/jdk.internal.reflect.NativeMethodAccessorImpl.invoke(NativeMethodAccessorImpl.java:77)
	at java.base/jdk.internal.reflect.DelegatingMethodAccessorImpl.invoke(DelegatingMethodAccessorImpl.java:43)
Caused by: com.kms.katalon.core.exception.StepFailedException: Text 'AutoPay' is not present on page 
	... 24 more


25-10-2024T01:42:14 - [TEST_STEP][PASSED] - resText = "Fail": null

25-10-2024T01:42:14 - [TEST_STEP][PASSED] - resColumn = "Result": null

25-10-2024T01:42:14 - [TEST_STEP][PASSED] - datCloumn = "Date": null

25-10-2024T01:42:14 - [TEST_STEP][PASSED] - fileLoc = "KatalonData/IWPTestData/VRelay25PaymentsExtension.xlsx": null

25-10-2024T01:42:14 - [TEST_STEP][PASSED] - numOfRows = <not implemented yet for class: org.codehaus.groovy.ast.expr.EmptyExpression>: null

25-10-2024T01:42:14 - [TEST_STEP][PASSED] - dataFile = <not implemented yet for class: org.codehaus.groovy.ast.expr.EmptyExpression>: null

25-10-2024T01:42:14 - [TEST_STEP][PASSED] - nameSheet = <not implemented yet for class: org.codehaus.groovy.ast.expr.EmptyExpression>: null

25-10-2024T01:42:14 - [TEST_STEP][PASSED] - dataFileEmulator = <not implemented yet for class: org.codehaus.groovy.ast.expr.EmptyExpression>: null

25-10-2024T01:42:14 - [TEST_STEP][PASSED] - isRequiredTextPresent = false: null

25-10-2024T01:42:14 - [TEST_STEP][PASSED] - nameSheet = "CCAutoPayPlanPC": null

25-10-2024T01:42:14 - [TEST_STEP][PASSED] - dataFile = getExcelDataWithDefaultSheet("KatalonData/IWPTestData/VRelay25PaymentsExtension.xlsx", nameSheet, true): null

25-10-2024T01:42:14 - [TEST_STEP][PASSED] - dataFileEmulator = "IWPTestData/EmulatorData": null

25-10-2024T01:42:14 - [TEST_STEP][PASSED] - numOfRows = dataFile.getRowNumbers(): null

25-10-2024T01:42:14 - [TEST_STEP][PASSED] - println("Number of Records: " + numOfRows): null

25-10-2024T01:42:14 - [TEST_STEP][FAILED] - for ([row = 1, row <= numOfRows, (row++)]): null

25-10-2024T01:42:14 - [TEST_STEP][PASSED] - ExecuteTC = dataFile.getValue("Execute", row): null

25-10-2024T01:42:14 - [TEST_STEP][PASSED] - out.println("Value of Execute is : " + ExecuteTC): null

25-10-2024T01:42:14 - [TEST_STEP][FAILED] - if (ExecuteTC.equalsIgnoreCase("Y")): null

25-10-2024T01:42:14 - [TEST_STEP][PASSED] - out.println("Begin Record Number: " + row): null

25-10-2024T01:42:14 - [TEST_STEP][PASSED] - today = new java.util.Date(): null

25-10-2024T01:42:14 - [TEST_STEP][PASSED] - println(today): null

25-10-2024T01:42:14 - [TEST_STEP][PASSED] - datText = today: null

25-10-2024T01:42:14 - [TEST_STEP][PASSED] - EmulatorDataKey = dataFile.getValue("EmulatorData", row): null

25-10-2024T01:42:14 - [TEST_STEP][PASSED] - out.println("Value of Emulator Key is : " + EmulatorDataKey): null

25-10-2024T01:42:14 - [TEST_STEP][PASSED] - iwpPages.emulatorIWP30.setDataEmulator_DD(EmulatorDataKey): iwpPages.emulatorIWP30.setDataEmulator_DD is PASSED

25-10-2024T01:42:14 - [MESSAGE][INFO] - Starting 'Edge Chromium' driver

25-10-2024T01:42:14 - [MESSAGE][INFO] - User set preference: ['acceptInsecureCerts', 'true']

25-10-2024T01:42:17 - [MESSAGE][INFO] - Action delay is set to 0 milliseconds

25-10-2024T01:42:20 - [MESSAGE][PASSED] - Browser is opened with url: 'https://qa2.velocitypayment.com/agencyx/config.action?action=editor&message_version=2_5'

25-10-2024T01:42:21 - [MESSAGE][PASSED] - Current window maximized

25-10-2024T01:42:52 - [MESSAGE][INFO] - Unable to find the element located by 'By.xpath: //select[@name='message_version']'. Please recheck the objects properties to make sure the desired element is located. 

25-10-2024T01:42:52 - [MESSAGE][WARNING] - [SELF-HEALING] Failed to find element with id 'Object Repository/IWP30/Page_VRelay30Emulator/MV'. Try using Self-healing.

25-10-2024T01:42:52 - [MESSAGE][WARNING] - [SELF-HEALING] The current locator of test object 'Object Repository/IWP30/Page_VRelay30Emulator/MV' was broken. Propose an alternative one: '(.//*[normalize-space(text()) and normalize-space(.)='Message Version'])[1]/following::select[1]'.

25-10-2024T01:42:53 - [MESSAGE][PASSED] - All options with value '2.5' are selected in object 'Object Repository/IWP30/Page_VRelay30Emulator/MV'  using regular expression

25-10-2024T01:42:53 - [MESSAGE][PASSED] - Text '10.50' is set on object 'Object Repository/IWP30/Page_EmulatorAgencyX/Amount'

25-10-2024T01:42:54 - [MESSAGE][PASSED] - Text 'FQhF1I2isUXF' is set on object 'Object Repository/IWP30/Page_EmulatorAgencyX/CAN'

25-10-2024T01:42:54 - [MESSAGE][PASSED] - Text 'AutoPay' is set on object 'Object Repository/IWP30/Page_EmulatorAgencyX/Action'

25-10-2024T01:42:55 - [MESSAGE][PASSED] - Text 'en_US' is set on object 'Object Repository/IWP30/Page_EmulatorAgencyX/Lang'

25-10-2024T01:42:56 - [MESSAGE][PASSED] - Text '' is set on object 'Object Repository/IWP30/Page_EmulatorAgencyX/Fname'

25-10-2024T01:42:56 - [MESSAGE][PASSED] - Text '' is set on object 'Object Repository/IWP30/Page_EmulatorAgencyX/Lname'

25-10-2024T01:42:57 - [MESSAGE][PASSED] - Text '' is set on object 'Object Repository/IWP30/Page_EmulatorAgencyX/AL1'

25-10-2024T01:42:57 - [MESSAGE][PASSED] - Text '' is set on object 'Object Repository/IWP30/Page_EmulatorAgencyX/AL2'

25-10-2024T01:42:58 - [MESSAGE][PASSED] - Text '' is set on object 'Object Repository/IWP30/Page_EmulatorAgencyX/Country'

25-10-2024T01:42:58 - [MESSAGE][PASSED] - Text '' is set on object 'Object Repository/IWP30/Page_EmulatorAgencyX/City'

25-10-2024T01:42:59 - [MESSAGE][PASSED] - Text '' is set on object 'Object Repository/IWP30/Page_EmulatorAgencyX/State'

25-10-2024T01:42:59 - [MESSAGE][PASSED] - Text '' is set on object 'Object Repository/IWP30/Page_EmulatorAgencyX/ZIP'

25-10-2024T01:43:00 - [MESSAGE][PASSED] - Text '' is set on object 'Object Repository/IWP30/Page_EmulatorAgencyX/Order'

25-10-2024T01:43:01 - [MESSAGE][PASSED] - Text '' is set on object 'Object Repository/IWP30/Page_EmulatorAgencyX/Company'

25-10-2024T01:43:01 - [MESSAGE][PASSED] - Text '' is set on object 'Object Repository/IWP30/Page_EmulatorAgencyX/Email'

25-10-2024T01:43:02 - [MESSAGE][PASSED] - Text '' is set on object 'Object Repository/IWP30/Page_EmulatorAgencyX/UDF1'

25-10-2024T01:43:02 - [MESSAGE][PASSED] - Text '' is set on object 'Object Repository/IWP30/Page_EmulatorAgencyX/UDF2'

25-10-2024T01:43:03 - [MESSAGE][PASSED] - Text '' is set on object 'Object Repository/IWP30/Page_EmulatorAgencyX/UDF3'

25-10-2024T01:43:03 - [MESSAGE][PASSED] - Text 'udf data 4' is set on object 'Object Repository/IWP30/Page_EmulatorAgencyX/UDF4'

25-10-2024T01:43:04 - [MESSAGE][PASSED] - Text 'udf data 5' is set on object 'Object Repository/IWP30/Page_EmulatorAgencyX/UDF5'

25-10-2024T01:43:05 - [MESSAGE][PASSED] - Text '' is set on object 'Object Repository/IWP30/Page_EmulatorAgencyX/UDF6'

25-10-2024T01:43:05 - [MESSAGE][PASSED] - Text '' is set on object 'Object Repository/IWP30/Page_EmulatorAgencyX/UDF7'

25-10-2024T01:43:06 - [MESSAGE][PASSED] - Text '' is set on object 'Object Repository/IWP30/Page_EmulatorAgencyX/UDF8'

25-10-2024T01:43:06 - [MESSAGE][PASSED] - Text 'udf data 9' is set on object 'Object Repository/IWP30/Page_EmulatorAgencyX/UDF9'

25-10-2024T01:43:07 - [MESSAGE][PASSED] - Text 'udf data 10' is set on object 'Object Repository/IWP30/Page_EmulatorAgencyX/UDF10'

25-10-2024T01:43:08 - [MESSAGE][PASSED] - Object: 'Object Repository/IWP30/Page_EmulatorAgencyX/Submit' is clicked on

25-10-2024T01:43:13 - [MESSAGE][PASSED] - Browser is closed

25-10-2024T01:43:17 - [MESSAGE][PASSED] - iwpPages.emulatorIWP30.setDataEmulator_DD is PASSED

25-10-2024T01:43:17 - [TEST_STEP][PASSED] - testHarnessURL = urlTestHarness: null

25-10-2024T01:43:17 - [TEST_STEP][PASSED] - openBrowser(testHarnessURL): Browser is opened with url: 'https://dev-algorithm.govolution.com/vrelaytest/QA2/version_2_2/vrelaytest.html'

25-10-2024T01:43:17 - [MESSAGE][INFO] - Starting 'Edge Chromium' driver

25-10-2024T01:43:17 - [MESSAGE][INFO] - User set preference: ['acceptInsecureCerts', 'true']

25-10-2024T01:43:19 - [MESSAGE][INFO] - Action delay is set to 0 milliseconds

25-10-2024T01:43:22 - [MESSAGE][PASSED] - Browser is opened with url: 'https://dev-algorithm.govolution.com/vrelaytest/QA2/version_2_2/vrelaytest.html'

25-10-2024T01:43:22 - [TEST_STEP][PASSED] - maximizeWindow(): Current window maximized

25-10-2024T01:43:22 - [MESSAGE][PASSED] - Current window maximized

25-10-2024T01:43:22 - [TEST_STEP][PASSED] - iwpPages.TestHarnessPage.setDataMethodEF(row, dataFile): iwpPages.TestHarnessPage.setDataMethodEF is PASSED

25-10-2024T01:43:22 - [MESSAGE][PASSED] - Object 'Object Repository/IWP30/Page_QATestHarness/RemittanceID' is present

25-10-2024T01:43:23 - [MESSAGE][PASSED] - Text '638' is set on object 'Object Repository/IWP30/Page_QATestHarness/ApplicationID'

25-10-2024T01:43:24 - [MESSAGE][PASSED] - Text '2.5' is set on object 'Object Repository/IWP30/Page_QATestHarness/MessageVersion'

25-10-2024T01:43:25 - [MESSAGE][PASSED] - Text 'eyGOEjKsL8aL' is set on object 'Object Repository/IWP30/Page_QATestHarness/RemittanceID'

25-10-2024T01:43:28 - [MESSAGE][PASSED] - Object: 'Object Repository/IWP30/Page_QATestHarness/SubmitButton' is clicked on

25-10-2024T01:43:28 - [MESSAGE][PASSED] - iwpPages.TestHarnessPage.setDataMethodEF is PASSED

25-10-2024T01:43:28 - [TEST_STEP][PASSED] - click(findTestObject("Object Repository/IWP30/Page_SelectPaymentMethod/PayByPersonalCheck")): Object: 'Object Repository/IWP30/Page_SelectPaymentMethod/PayByPersonalCheck' is clicked on

25-10-2024T01:43:29 - [MESSAGE][PASSED] - Object: 'Object Repository/IWP30/Page_SelectPaymentMethod/PayByPersonalCheck' is clicked on

25-10-2024T01:43:29 - [TEST_STEP][PASSED] - click(findTestObject("Object Repository/IWP30/Page_SelectPaymentMethod/MakePaymentButton")): Object: 'Object Repository/IWP30/Page_SelectPaymentMethod/MakePaymentButton' is clicked on

25-10-2024T01:43:31 - [MESSAGE][PASSED] - Object: 'Object Repository/IWP30/Page_SelectPaymentMethod/MakePaymentButton' is clicked on

25-10-2024T01:43:31 - [TEST_STEP][PASSED] - iwpPages.achPersonalPaymentEntryPage.setDataACHPPM(row, dataFile): iwpPages.achPersonalPaymentEntryPage.setDataACHPPM is PASSED

25-10-2024T01:43:32 - [MESSAGE][PASSED] - Object 'Object Repository/IWP30/Page_ACHPersonalPaymentEntry/txt_accountNumber' is present

25-10-2024T01:43:32 - [MESSAGE][PASSED] - Object 'Object Repository/IWP30/Page_ACHPersonalPaymentEntry/txt_UDF2' is present

25-10-2024T01:43:33 - [MESSAGE][PASSED] - Text 'udf data 2' is set on object 'Object Repository/IWP30/Page_ACHPersonalPaymentEntry/txt_UDF2'

25-10-2024T01:43:33 - [MESSAGE][PASSED] - Text 'udf data 3' is set on object 'Object Repository/IWP30/Page_ACHPersonalPaymentEntry/txt_UDF3'

25-10-2024T01:43:34 - [MESSAGE][PASSED] - All options with label 'Orange' are selected in object 'Object Repository/IWP30/Page_ACHPersonalPaymentEntry/dd_UDF7' 

25-10-2024T01:43:35 - [MESSAGE][PASSED] - All options with label 'Soccer' are selected in object 'Object Repository/IWP30/Page_ACHPersonalPaymentEntry/dd_UDF8' 

25-10-2024T01:43:35 - [MESSAGE][PASSED] - Object 'Object Repository/IWP30/Page_ACHPersonalPaymentEntry/txt_Firstname' is present

25-10-2024T01:43:35 - [MESSAGE][PASSED] - Text 'Elizath' is set on object 'Object Repository/IWP30/Page_ACHPersonalPaymentEntry/txt_Firstname'

25-10-2024T01:43:36 - [MESSAGE][PASSED] - Object 'Object Repository/IWP30/Page_ACHPersonalPaymentEntry/txt_Lastname' is present

25-10-2024T01:43:36 - [MESSAGE][PASSED] - Text 'Christine' is set on object 'Object Repository/IWP30/Page_ACHPersonalPaymentEntry/txt_Lastname'

25-10-2024T01:43:37 - [MESSAGE][PASSED] - Object 'Object Repository/IWP30/Page_ACHPersonalPaymentEntry/txt_routingNumber' is present

25-10-2024T01:43:37 - [MESSAGE][PASSED] - Text '256072691' is set on object 'Object Repository/IWP30/Page_ACHPersonalPaymentEntry/txt_routingNumber'

25-10-2024T01:43:37 - [MESSAGE][PASSED] - Object 'Object Repository/IWP30/Page_ACHPersonalPaymentEntry/txt_accountNumber' is present

25-10-2024T01:43:39 - [MESSAGE][PASSED] - Text '12344444' is set on object 'Object Repository/IWP30/Page_ACHPersonalPaymentEntry/txt_accountNumber'

25-10-2024T01:43:39 - [MESSAGE][PASSED] - Object 'Object Repository/IWP30/Page_ACHPersonalPaymentEntry/txt_confirmAccountNumber' is present

25-10-2024T01:43:40 - [MESSAGE][PASSED] - Text '12344444' is set on object 'Object Repository/IWP30/Page_ACHPersonalPaymentEntry/txt_confirmAccountNumber'

25-10-2024T01:43:40 - [MESSAGE][PASSED] - Object 'Object Repository/IWP30/Page_ACHPersonalPaymentEntry/rd_accountType' is present

25-10-2024T01:43:40 - [MESSAGE][PASSED] - Modify property of object successfully

25-10-2024T01:43:40 - [MESSAGE][PASSED] - Object: 'Object Repository/IWP30/Page_ACHPersonalPaymentEntry/rd_accountType' is clicked on

25-10-2024T01:43:41 - [MESSAGE][PASSED] - Text '365 Main Avenue' is set on object 'Object Repository/IWP30/Page_ACHPersonalPaymentEntry/txt_AL1'

25-10-2024T01:43:42 - [MESSAGE][PASSED] - Text '22201' is set on object 'Object Repository/IWP30/Page_ACHPersonalPaymentEntry/txt_ZIP'

25-10-2024T01:43:42 - [MESSAGE][PASSED] - Object 'Object Repository/IWP30/Page_ACHPersonalPaymentEntry/txt_Email' is present

25-10-2024T01:43:43 - [MESSAGE][PASSED] - Text 'iahmed@govolution.com' is set on object 'Object Repository/IWP30/Page_ACHPersonalPaymentEntry/txt_Email'

25-10-2024T01:43:43 - [MESSAGE][PASSED] - Object 'Object Repository/IWP30/Page_ACHPersonalPaymentEntry/cb_TermsAndCond' is present

25-10-2024T01:43:44 - [MESSAGE][PASSED] - Object: 'Object Repository/IWP30/Page_ACHPersonalPaymentEntry/cb_TermsAndCond' is clicked on

25-10-2024T01:43:44 - [MESSAGE][PASSED] - Object 'Object Repository/IWP30/Page_ACHPersonalPaymentEntry/btn_Continue' is present

25-10-2024T01:43:45 - [MESSAGE][PASSED] - Object: 'Object Repository/IWP30/Page_ACHPersonalPaymentEntry/btn_Continue' is clicked on

25-10-2024T01:43:45 - [MESSAGE][PASSED] - iwpPages.achPersonalPaymentEntryPage.setDataACHPPM is PASSED

25-10-2024T01:43:45 - [TEST_STEP][PASSED] - click(findTestObject("Object Repository/IWP30/Page_Confirmation/ConfirmButton")): Object: 'Object Repository/IWP30/Page_Confirmation/ConfirmButton' is clicked on

25-10-2024T01:43:48 - [MESSAGE][PASSED] - Object: 'Object Repository/IWP30/Page_Confirmation/ConfirmButton' is clicked on

25-10-2024T01:43:48 - [TEST_STEP][PASSED] - Thread.sleep(2000): null

25-10-2024T01:43:50 - [TEST_STEP][FAILED] - if (verifyTextPresent("AutoPay", false)): Text 'AutoPay' is not present on page  (Root cause: com.kms.katalon.core.exception.StepFailedException: Text 'AutoPay' is not present on page 
	at com.kms.katalon.core.webui.keyword.internal.WebUIKeywordMain.stepFailed(WebUIKeywordMain.groovy:64)
	at com.kms.katalon.core.webui.keyword.builtin.VerifyTextPresentKeyword$_verifyTextPresent_closure1.doCall(VerifyTextPresentKeyword.groovy:79)
	at com.kms.katalon.core.webui.keyword.builtin.VerifyTextPresentKeyword$_verifyTextPresent_closure1.call(VerifyTextPresentKeyword.groovy)
	at com.kms.katalon.core.webui.keyword.internal.WebUIKeywordMain.runKeyword(WebUIKeywordMain.groovy:20)
	at com.kms.katalon.core.webui.keyword.builtin.VerifyTextPresentKeyword.verifyTextPresent(VerifyTextPresentKeyword.groovy:83)
	at com.kms.katalon.core.webui.keyword.builtin.VerifyTextPresentKeyword.execute(VerifyTextPresentKeyword.groovy:68)
	at com.kms.katalon.core.keyword.internal.KeywordExecutor.executeKeywordForPlatform(KeywordExecutor.groovy:74)
	at com.kms.katalon.core.webui.keyword.WebUiBuiltInKeywords.verifyTextPresent(WebUiBuiltInKeywords.groovy:1762)
	at CCAutoPayPC.run(CCAutoPayPC:91)
	at com.kms.katalon.core.main.ScriptEngine.run(ScriptEngine.java:194)
	at com.kms.katalon.core.main.ScriptEngine.runScriptAsRawText(ScriptEngine.java:119)
	at com.kms.katalon.core.main.TestCaseExecutor.runScript(TestCaseExecutor.java:448)
	at com.kms.katalon.core.main.TestCaseExecutor.doExecute(TestCaseExecutor.java:439)
	at com.kms.katalon.core.main.TestCaseExecutor.processExecutionPhase(TestCaseExecutor.java:418)
	at com.kms.katalon.core.main.TestCaseExecutor.accessMainPhase(TestCaseExecutor.java:410)
	at com.kms.katalon.core.main.TestCaseExecutor.execute(TestCaseExecutor.java:285)
	at com.kms.katalon.core.common.CommonExecutor.accessTestCaseMainPhase(CommonExecutor.java:65)
	at com.kms.katalon.core.main.TestSuiteExecutor.accessTestSuiteMainPhase(TestSuiteExecutor.java:150)
	at com.kms.katalon.core.main.TestSuiteExecutor.execute(TestSuiteExecutor.java:106)
	at com.kms.katalon.core.main.TestCaseMain.startTestSuite(TestCaseMain.java:180)
	at TempTestSuite1729787045812.run(TempTestSuite1729787045812.groovy:35)
	at java.base/jdk.internal.reflect.NativeMethodAccessorImpl.invoke0(Native Method)
	at java.base/jdk.internal.reflect.NativeMethodAccessorImpl.invoke(NativeMethodAccessorImpl.java:77)
	at java.base/jdk.internal.reflect.DelegatingMethodAccessorImpl.invoke(DelegatingMethodAccessorImpl.java:43)
)

25-10-2024T01:43:50 - [MESSAGE][FAILED] - Text 'AutoPay' is not present on page  (Root cause: com.kms.katalon.core.exception.StepFailedException: Text 'AutoPay' is not present on page 
	at com.kms.katalon.core.webui.keyword.internal.WebUIKeywordMain.stepFailed(WebUIKeywordMain.groovy:64)
	at com.kms.katalon.core.webui.keyword.builtin.VerifyTextPresentKeyword$_verifyTextPresent_closure1.doCall(VerifyTextPresentKeyword.groovy:79)
	at com.kms.katalon.core.webui.keyword.builtin.VerifyTextPresentKeyword$_verifyTextPresent_closure1.call(VerifyTextPresentKeyword.groovy)
	at com.kms.katalon.core.webui.keyword.internal.WebUIKeywordMain.runKeyword(WebUIKeywordMain.groovy:20)
	at com.kms.katalon.core.webui.keyword.builtin.VerifyTextPresentKeyword.verifyTextPresent(VerifyTextPresentKeyword.groovy:83)
	at com.kms.katalon.core.webui.keyword.builtin.VerifyTextPresentKeyword.execute(VerifyTextPresentKeyword.groovy:68)
	at com.kms.katalon.core.keyword.internal.KeywordExecutor.executeKeywordForPlatform(KeywordExecutor.groovy:74)
	at com.kms.katalon.core.webui.keyword.WebUiBuiltInKeywords.verifyTextPresent(WebUiBuiltInKeywords.groovy:1762)
	at CCAutoPayPC.run(CCAutoPayPC:91)
	at com.kms.katalon.core.main.ScriptEngine.run(ScriptEngine.java:194)
	at com.kms.katalon.core.main.ScriptEngine.runScriptAsRawText(ScriptEngine.java:119)
	at com.kms.katalon.core.main.TestCaseExecutor.runScript(TestCaseExecutor.java:448)
	at com.kms.katalon.core.main.TestCaseExecutor.doExecute(TestCaseExecutor.java:439)
	at com.kms.katalon.core.main.TestCaseExecutor.processExecutionPhase(TestCaseExecutor.java:418)
	at com.kms.katalon.core.main.TestCaseExecutor.accessMainPhase(TestCaseExecutor.java:410)
	at com.kms.katalon.core.main.TestCaseExecutor.execute(TestCaseExecutor.java:285)
	at com.kms.katalon.core.common.CommonExecutor.accessTestCaseMainPhase(CommonExecutor.java:65)
	at com.kms.katalon.core.main.TestSuiteExecutor.accessTestSuiteMainPhase(TestSuiteExecutor.java:150)
	at com.kms.katalon.core.main.TestSuiteExecutor.execute(TestSuiteExecutor.java:106)
	at com.kms.katalon.core.main.TestCaseMain.startTestSuite(TestCaseMain.java:180)
	at TempTestSuite1729787045812.run(TempTestSuite1729787045812.groovy:35)
	at java.base/jdk.internal.reflect.NativeMethodAccessorImpl.invoke0(Native Method)
	at java.base/jdk.internal.reflect.NativeMethodAccessorImpl.invoke(NativeMethodAccessorImpl.java:77)
	at java.base/jdk.internal.reflect.DelegatingMethodAccessorImpl.invoke(DelegatingMethodAccessorImpl.java:43)
)

25-10-2024T01:43:50 - [TEST_STEP][FAILED] - else: null

25-10-2024T01:43:50 - [TEST_STEP][FAILED] - markFailed("Autopay is not present on page"): Autopay is not present on page

25-10-2024T01:43:50 - [MESSAGE][FAILED] - Autopay is not present on page

25-10-2024T01:43:50 - [TEST_STEP][PASSED] - resText = "Fail": null

25-10-2024T01:43:50 - [TEST_STEP][PASSED] - pages.WriteExcel.demoKey(resText, datText, resColumn, datCloumn, fileLoc, nameSheet, row): pages.WriteExcel.demoKey is PASSED

25-10-2024T01:43:50 - [MESSAGE][PASSED] - pages.WriteExcel.demoKey is PASSED

25-10-2024T01:43:50 - [TEST_STEP][PASSED] - closeBrowser(): Browser is closed

25-10-2024T01:43:50 - [MESSAGE][PASSED] - Browser is closed

25-10-2024T01:43:50 - [TEST_STEP][PASSED] - ExecuteTC = dataFile.getValue("Execute", row): null

25-10-2024T01:43:50 - [TEST_STEP][PASSED] - out.println("Value of Execute is : " + ExecuteTC): null

25-10-2024T01:43:50 - [TEST_STEP][PASSED] - if (ExecuteTC.equalsIgnoreCase("Y")): null

25-10-2024T01:43:50 - [TEST_STEP][PASSED] - out.println("Begin Record Number: " + row): null

25-10-2024T01:43:50 - [TEST_STEP][PASSED] - today = new java.util.Date(): null

25-10-2024T01:43:50 - [TEST_STEP][PASSED] - println(today): null

25-10-2024T01:43:50 - [TEST_STEP][PASSED] - datText = today: null

25-10-2024T01:43:50 - [TEST_STEP][PASSED] - EmulatorDataKey = dataFile.getValue("EmulatorData", row): null

25-10-2024T01:43:50 - [TEST_STEP][PASSED] - out.println("Value of Emulator Key is : " + EmulatorDataKey): null

25-10-2024T01:43:50 - [TEST_STEP][PASSED] - iwpPages.emulatorIWP30.setDataEmulator_DD(EmulatorDataKey): iwpPages.emulatorIWP30.setDataEmulator_DD is PASSED

25-10-2024T01:43:51 - [MESSAGE][INFO] - Starting 'Edge Chromium' driver

25-10-2024T01:43:51 - [MESSAGE][INFO] - User set preference: ['acceptInsecureCerts', 'true']

25-10-2024T01:43:53 - [MESSAGE][INFO] - Action delay is set to 0 milliseconds

25-10-2024T01:43:56 - [MESSAGE][PASSED] - Browser is opened with url: 'https://qa2.velocitypayment.com/agencyx/config.action?action=editor&message_version=3_0'

25-10-2024T01:43:56 - [MESSAGE][PASSED] - Current window maximized

25-10-2024T01:44:27 - [MESSAGE][INFO] - Unable to find the element located by 'By.xpath: //select[@name='message_version']'. Please recheck the objects properties to make sure the desired element is located. 

25-10-2024T01:44:27 - [MESSAGE][WARNING] - [SELF-HEALING] Failed to find element with id 'Object Repository/IWP30/Page_VRelay30Emulator/MV'. Try using Self-healing.

25-10-2024T01:44:28 - [MESSAGE][WARNING] - [SELF-HEALING] The current locator of test object 'Object Repository/IWP30/Page_VRelay30Emulator/MV' was broken. Propose an alternative one: '(.//*[normalize-space(text()) and normalize-space(.)='Message Version'])[1]/following::select[1]'.

25-10-2024T01:44:28 - [MESSAGE][PASSED] - All options with value '3.0' are selected in object 'Object Repository/IWP30/Page_VRelay30Emulator/MV'  using regular expression

25-10-2024T01:44:29 - [MESSAGE][PASSED] - Text '10.50' is set on object 'Object Repository/IWP30/Page_EmulatorAgencyX/Amount'

25-10-2024T01:44:29 - [MESSAGE][PASSED] - Text 'I4mSMjoEuFth' is set on object 'Object Repository/IWP30/Page_EmulatorAgencyX/CAN'

25-10-2024T01:44:30 - [MESSAGE][PASSED] - Text 'AutoPay' is set on object 'Object Repository/IWP30/Page_EmulatorAgencyX/Action'

25-10-2024T01:44:31 - [MESSAGE][PASSED] - Text 'en_US' is set on object 'Object Repository/IWP30/Page_EmulatorAgencyX/Lang'

25-10-2024T01:44:31 - [MESSAGE][PASSED] - Text '' is set on object 'Object Repository/IWP30/Page_EmulatorAgencyX/Fname'

25-10-2024T01:44:32 - [MESSAGE][PASSED] - Text '' is set on object 'Object Repository/IWP30/Page_EmulatorAgencyX/Lname'

25-10-2024T01:44:32 - [MESSAGE][PASSED] - Text '' is set on object 'Object Repository/IWP30/Page_EmulatorAgencyX/AL1'

25-10-2024T01:44:33 - [MESSAGE][PASSED] - Text '' is set on object 'Object Repository/IWP30/Page_EmulatorAgencyX/AL2'

25-10-2024T01:44:33 - [MESSAGE][PASSED] - Text '' is set on object 'Object Repository/IWP30/Page_EmulatorAgencyX/Country'

25-10-2024T01:44:34 - [MESSAGE][PASSED] - Text '' is set on object 'Object Repository/IWP30/Page_EmulatorAgencyX/City'

25-10-2024T01:44:35 - [MESSAGE][PASSED] - Text '' is set on object 'Object Repository/IWP30/Page_EmulatorAgencyX/State'

25-10-2024T01:44:35 - [MESSAGE][PASSED] - Text '' is set on object 'Object Repository/IWP30/Page_EmulatorAgencyX/ZIP'

25-10-2024T01:44:36 - [MESSAGE][PASSED] - Text '' is set on object 'Object Repository/IWP30/Page_EmulatorAgencyX/Order'

25-10-2024T01:44:36 - [MESSAGE][PASSED] - Text '' is set on object 'Object Repository/IWP30/Page_EmulatorAgencyX/Company'

25-10-2024T01:44:37 - [MESSAGE][PASSED] - Text '' is set on object 'Object Repository/IWP30/Page_EmulatorAgencyX/Email'

25-10-2024T01:44:37 - [MESSAGE][PASSED] - Text '' is set on object 'Object Repository/IWP30/Page_EmulatorAgencyX/UDF1'

25-10-2024T01:44:38 - [MESSAGE][PASSED] - Text '' is set on object 'Object Repository/IWP30/Page_EmulatorAgencyX/UDF2'

25-10-2024T01:44:39 - [MESSAGE][PASSED] - Text '' is set on object 'Object Repository/IWP30/Page_EmulatorAgencyX/UDF3'

25-10-2024T01:44:39 - [MESSAGE][PASSED] - Text 'udf data 4' is set on object 'Object Repository/IWP30/Page_EmulatorAgencyX/UDF4'

25-10-2024T01:44:40 - [MESSAGE][PASSED] - Text 'udf data 5' is set on object 'Object Repository/IWP30/Page_EmulatorAgencyX/UDF5'

25-10-2024T01:44:40 - [MESSAGE][PASSED] - Text '' is set on object 'Object Repository/IWP30/Page_EmulatorAgencyX/UDF6'

25-10-2024T01:44:41 - [MESSAGE][PASSED] - Text '' is set on object 'Object Repository/IWP30/Page_EmulatorAgencyX/UDF7'

25-10-2024T01:44:42 - [MESSAGE][PASSED] - Text '' is set on object 'Object Repository/IWP30/Page_EmulatorAgencyX/UDF8'

25-10-2024T01:44:42 - [MESSAGE][PASSED] - Text 'udf data 9' is set on object 'Object Repository/IWP30/Page_EmulatorAgencyX/UDF9'

25-10-2024T01:44:43 - [MESSAGE][PASSED] - Text 'udf data 10' is set on object 'Object Repository/IWP30/Page_EmulatorAgencyX/UDF10'

25-10-2024T01:44:44 - [MESSAGE][PASSED] - Object: 'Object Repository/IWP30/Page_EmulatorAgencyX/Submit' is clicked on

25-10-2024T01:44:49 - [MESSAGE][PASSED] - Browser is closed

25-10-2024T01:44:53 - [MESSAGE][PASSED] - iwpPages.emulatorIWP30.setDataEmulator_DD is PASSED

25-10-2024T01:44:53 - [TEST_STEP][PASSED] - testHarnessURL = urlTestHarness: null

25-10-2024T01:44:53 - [TEST_STEP][PASSED] - openBrowser(testHarnessURL): Browser is opened with url: 'https://dev-algorithm.govolution.com/vrelaytest/QA2/version_2_2/vrelaytest.html'

25-10-2024T01:44:53 - [MESSAGE][INFO] - Starting 'Edge Chromium' driver

25-10-2024T01:44:53 - [MESSAGE][INFO] - User set preference: ['acceptInsecureCerts', 'true']

25-10-2024T01:44:55 - [MESSAGE][INFO] - Action delay is set to 0 milliseconds

25-10-2024T01:44:58 - [MESSAGE][PASSED] - Browser is opened with url: 'https://dev-algorithm.govolution.com/vrelaytest/QA2/version_2_2/vrelaytest.html'

25-10-2024T01:44:58 - [TEST_STEP][PASSED] - maximizeWindow(): Current window maximized

25-10-2024T01:44:58 - [MESSAGE][PASSED] - Current window maximized

25-10-2024T01:44:58 - [TEST_STEP][PASSED] - iwpPages.TestHarnessPage.setDataMethodEF(row, dataFile): iwpPages.TestHarnessPage.setDataMethodEF is PASSED

25-10-2024T01:44:59 - [MESSAGE][PASSED] - Object 'Object Repository/IWP30/Page_QATestHarness/RemittanceID' is present

25-10-2024T01:44:59 - [MESSAGE][PASSED] - Text '649' is set on object 'Object Repository/IWP30/Page_QATestHarness/ApplicationID'

25-10-2024T01:45:00 - [MESSAGE][PASSED] - Text '3.0' is set on object 'Object Repository/IWP30/Page_QATestHarness/MessageVersion'

25-10-2024T01:45:00 - [MESSAGE][PASSED] - Text 'iX8QsnhJhDxs' is set on object 'Object Repository/IWP30/Page_QATestHarness/RemittanceID'

25-10-2024T01:45:05 - [MESSAGE][PASSED] - Object: 'Object Repository/IWP30/Page_QATestHarness/SubmitButton' is clicked on

25-10-2024T01:45:05 - [MESSAGE][PASSED] - iwpPages.TestHarnessPage.setDataMethodEF is PASSED

25-10-2024T01:45:05 - [TEST_STEP][PASSED] - click(findTestObject("Object Repository/IWP30/Page_SelectPaymentMethod/PayByPersonalCheck")): Object: 'Object Repository/IWP30/Page_SelectPaymentMethod/PayByPersonalCheck' is clicked on

25-10-2024T01:45:06 - [MESSAGE][PASSED] - Object: 'Object Repository/IWP30/Page_SelectPaymentMethod/PayByPersonalCheck' is clicked on

25-10-2024T01:45:06 - [TEST_STEP][PASSED] - click(findTestObject("Object Repository/IWP30/Page_SelectPaymentMethod/MakePaymentButton")): Object: 'Object Repository/IWP30/Page_SelectPaymentMethod/MakePaymentButton' is clicked on

25-10-2024T01:45:08 - [MESSAGE][PASSED] - Object: 'Object Repository/IWP30/Page_SelectPaymentMethod/MakePaymentButton' is clicked on

25-10-2024T01:45:08 - [TEST_STEP][PASSED] - iwpPages.achPersonalPaymentEntryPage.setDataACHPPM(row, dataFile): iwpPages.achPersonalPaymentEntryPage.setDataACHPPM is PASSED

25-10-2024T01:45:09 - [MESSAGE][PASSED] - Object 'Object Repository/IWP30/Page_ACHPersonalPaymentEntry/txt_accountNumber' is present

25-10-2024T01:45:09 - [MESSAGE][PASSED] - Object 'Object Repository/IWP30/Page_ACHPersonalPaymentEntry/txt_UDF2' is present

25-10-2024T01:45:10 - [MESSAGE][PASSED] - Text 'udf data 2' is set on object 'Object Repository/IWP30/Page_ACHPersonalPaymentEntry/txt_UDF2'

25-10-2024T01:45:10 - [MESSAGE][PASSED] - Text 'udf data 3' is set on object 'Object Repository/IWP30/Page_ACHPersonalPaymentEntry/txt_UDF3'

25-10-2024T01:45:11 - [MESSAGE][PASSED] - All options with label 'Orange' are selected in object 'Object Repository/IWP30/Page_ACHPersonalPaymentEntry/dd_UDF7' 

25-10-2024T01:45:11 - [MESSAGE][PASSED] - All options with label 'Soccer' are selected in object 'Object Repository/IWP30/Page_ACHPersonalPaymentEntry/dd_UDF8' 

25-10-2024T01:45:12 - [MESSAGE][PASSED] - Object 'Object Repository/IWP30/Page_ACHPersonalPaymentEntry/txt_Firstname' is present

25-10-2024T01:45:12 - [MESSAGE][PASSED] - Text 'Elizath' is set on object 'Object Repository/IWP30/Page_ACHPersonalPaymentEntry/txt_Firstname'

25-10-2024T01:45:12 - [MESSAGE][PASSED] - Object 'Object Repository/IWP30/Page_ACHPersonalPaymentEntry/txt_Lastname' is present

25-10-2024T01:45:13 - [MESSAGE][PASSED] - Text 'Christine' is set on object 'Object Repository/IWP30/Page_ACHPersonalPaymentEntry/txt_Lastname'

25-10-2024T01:45:13 - [MESSAGE][PASSED] - Object 'Object Repository/IWP30/Page_ACHPersonalPaymentEntry/txt_routingNumber' is present

25-10-2024T01:45:14 - [MESSAGE][PASSED] - Text '256072691' is set on object 'Object Repository/IWP30/Page_ACHPersonalPaymentEntry/txt_routingNumber'

25-10-2024T01:45:14 - [MESSAGE][PASSED] - Object 'Object Repository/IWP30/Page_ACHPersonalPaymentEntry/txt_accountNumber' is present

25-10-2024T01:45:15 - [MESSAGE][PASSED] - Text '12344444' is set on object 'Object Repository/IWP30/Page_ACHPersonalPaymentEntry/txt_accountNumber'

25-10-2024T01:45:16 - [MESSAGE][PASSED] - Object 'Object Repository/IWP30/Page_ACHPersonalPaymentEntry/txt_confirmAccountNumber' is present

25-10-2024T01:45:16 - [MESSAGE][PASSED] - Text '12344444' is set on object 'Object Repository/IWP30/Page_ACHPersonalPaymentEntry/txt_confirmAccountNumber'

25-10-2024T01:45:17 - [MESSAGE][PASSED] - Object 'Object Repository/IWP30/Page_ACHPersonalPaymentEntry/rd_accountType' is present

25-10-2024T01:45:17 - [MESSAGE][PASSED] - Modify property of object successfully

25-10-2024T01:45:17 - [MESSAGE][PASSED] - Object: 'Object Repository/IWP30/Page_ACHPersonalPaymentEntry/rd_accountType' is clicked on

25-10-2024T01:45:18 - [MESSAGE][PASSED] - Text '365 Main Avenue' is set on object 'Object Repository/IWP30/Page_ACHPersonalPaymentEntry/txt_AL1'

25-10-2024T01:45:18 - [MESSAGE][PASSED] - Text '22201' is set on object 'Object Repository/IWP30/Page_ACHPersonalPaymentEntry/txt_ZIP'

25-10-2024T01:45:18 - [MESSAGE][PASSED] - Object 'Object Repository/IWP30/Page_ACHPersonalPaymentEntry/txt_Email' is present

25-10-2024T01:45:19 - [MESSAGE][PASSED] - Text 'iahmed@govolution.com' is set on object 'Object Repository/IWP30/Page_ACHPersonalPaymentEntry/txt_Email'

25-10-2024T01:45:20 - [MESSAGE][PASSED] - Object 'Object Repository/IWP30/Page_ACHPersonalPaymentEntry/cb_TermsAndCond' is present

25-10-2024T01:45:20 - [MESSAGE][PASSED] - Object: 'Object Repository/IWP30/Page_ACHPersonalPaymentEntry/cb_TermsAndCond' is clicked on

25-10-2024T01:45:20 - [MESSAGE][PASSED] - Object 'Object Repository/IWP30/Page_ACHPersonalPaymentEntry/btn_Continue' is present

25-10-2024T01:45:21 - [MESSAGE][PASSED] - Object: 'Object Repository/IWP30/Page_ACHPersonalPaymentEntry/btn_Continue' is clicked on

25-10-2024T01:45:22 - [MESSAGE][PASSED] - iwpPages.achPersonalPaymentEntryPage.setDataACHPPM is PASSED

25-10-2024T01:45:22 - [TEST_STEP][PASSED] - click(findTestObject("Object Repository/IWP30/Page_Confirmation/ConfirmButton")): Object: 'Object Repository/IWP30/Page_Confirmation/ConfirmButton' is clicked on

25-10-2024T01:45:53 - [MESSAGE][INFO] - Unable to find the element located by 'By.xpath: //*[@type = 'submit' and @name = 'confirmNotifyAction' and @id = 'submitYes' and @value = 'Confirm']'. Please recheck the objects properties to make sure the desired element is located. 

25-10-2024T01:45:53 - [MESSAGE][WARNING] - [SELF-HEALING] Failed to find element with id 'Object Repository/IWP30/Page_Confirmation/ConfirmButton'. Try using Self-healing.

25-10-2024T01:45:53 - [MESSAGE][WARNING] - [SELF-HEALING] The current locator of test object 'Object Repository/IWP30/Page_Confirmation/ConfirmButton' was broken. Propose an alternative one: '//div/input'.

25-10-2024T01:45:55 - [MESSAGE][PASSED] - Object: 'Object Repository/IWP30/Page_Confirmation/ConfirmButton' is clicked on

25-10-2024T01:45:55 - [TEST_STEP][PASSED] - Thread.sleep(2000): null

25-10-2024T01:45:57 - [TEST_STEP][PASSED] - if (verifyTextPresent("AutoPay", false)): null

25-10-2024T01:45:57 - [MESSAGE][PASSED] - Text 'AutoPay' is present on page 

25-10-2024T01:45:57 - [TEST_STEP][PASSED] - println("Autopay is present on page. Autopay is created"): null

25-10-2024T01:45:57 - [TEST_STEP][PASSED] - openBrowser(testHarnessURL): Browser is opened with url: 'https://dev-algorithm.govolution.com/vrelaytest/QA2/version_2_2/vrelaytest.html'

25-10-2024T01:45:57 - [MESSAGE][WARNING] - A browser is already opened. Closing browser and opening a new one

25-10-2024T01:45:57 - [MESSAGE][INFO] - Starting 'Edge Chromium' driver

25-10-2024T01:45:57 - [MESSAGE][INFO] - User set preference: ['acceptInsecureCerts', 'true']

25-10-2024T01:45:59 - [MESSAGE][INFO] - Action delay is set to 0 milliseconds

25-10-2024T01:46:03 - [MESSAGE][PASSED] - Browser is opened with url: 'https://dev-algorithm.govolution.com/vrelaytest/QA2/version_2_2/vrelaytest.html'

25-10-2024T01:46:03 - [TEST_STEP][PASSED] - maximizeWindow(): Current window maximized

25-10-2024T01:46:03 - [MESSAGE][PASSED] - Current window maximized

25-10-2024T01:46:03 - [TEST_STEP][PASSED] - iwpPages.TestHarnessPage.setDataMethodEF(row, dataFile): iwpPages.TestHarnessPage.setDataMethodEF is PASSED

25-10-2024T01:46:03 - [MESSAGE][PASSED] - Object 'Object Repository/IWP30/Page_QATestHarness/RemittanceID' is present

25-10-2024T01:46:04 - [MESSAGE][PASSED] - Text '649' is set on object 'Object Repository/IWP30/Page_QATestHarness/ApplicationID'

25-10-2024T01:46:04 - [MESSAGE][PASSED] - Text '3.0' is set on object 'Object Repository/IWP30/Page_QATestHarness/MessageVersion'

25-10-2024T01:46:05 - [MESSAGE][PASSED] - Text 'Y4Yh5Svpxas1' is set on object 'Object Repository/IWP30/Page_QATestHarness/RemittanceID'

25-10-2024T01:46:08 - [MESSAGE][PASSED] - Object: 'Object Repository/IWP30/Page_QATestHarness/SubmitButton' is clicked on

25-10-2024T01:46:08 - [MESSAGE][PASSED] - iwpPages.TestHarnessPage.setDataMethodEF is PASSED

25-10-2024T01:46:08 - [TEST_STEP][PASSED] - click(findTestObject("Object Repository/IWP30/Page_ManagePlan_Autopay/btn_cancel")): Object: 'Object Repository/IWP30/Page_ManagePlan_Autopay/btn_cancel' is clicked on

25-10-2024T01:46:09 - [MESSAGE][PASSED] - Object: 'Object Repository/IWP30/Page_ManagePlan_Autopay/btn_cancel' is clicked on

25-10-2024T01:46:09 - [TEST_STEP][PASSED] - click(findTestObject("Object Repository/IWP30/Page_CancelPlan/btn_cancel")): Object: 'Object Repository/IWP30/Page_CancelPlan/btn_cancel' is clicked on

25-10-2024T01:46:10 - [MESSAGE][PASSED] - Object: 'Object Repository/IWP30/Page_CancelPlan/btn_cancel' is clicked on

25-10-2024T01:46:10 - [TEST_STEP][PASSED] - if (verifyTextPresent("Your payment plan has been cancelled successfully", false)): null

25-10-2024T01:46:11 - [MESSAGE][PASSED] - Text 'Your payment plan has been cancelled successfully' is present on page 

25-10-2024T01:46:11 - [TEST_STEP][PASSED] - markPassed("Your payment plan has been successfully created and canceled"): Your payment plan has been successfully created and canceled

25-10-2024T01:46:11 - [MESSAGE][PASSED] - Your payment plan has been successfully created and canceled

25-10-2024T01:46:11 - [TEST_STEP][PASSED] - resText = "Pass": null

25-10-2024T01:46:11 - [TEST_STEP][PASSED] - println(row): null

25-10-2024T01:46:11 - [TEST_STEP][PASSED] - pages.WriteExcel.demoKey(resText, datText, resColumn, datCloumn, fileLoc, nameSheet, row): pages.WriteExcel.demoKey is PASSED

25-10-2024T01:46:11 - [MESSAGE][PASSED] - pages.WriteExcel.demoKey is PASSED

25-10-2024T01:46:11 - [TEST_STEP][PASSED] - closeBrowser(): Browser is closed

25-10-2024T01:46:12 - [MESSAGE][PASSED] - Browser is closed]]></system-out>
         <system-err><![CDATA[25-10-2024T01:42:14 - [TEST_CASE][FAILED] - Test Cases/IntegratedWeb/IWP25/Payments/CCAutoPayPC: Test Cases/IntegratedWeb/IWP25/Payments/CCAutoPayPC FAILED.
Reason:
com.kms.katalon.core.exception.StepFailedException: Text 'AutoPay' is not present on page  (Root cause: com.kms.katalon.core.exception.StepFailedException: Text 'AutoPay' is not present on page 
	at com.kms.katalon.core.webui.keyword.internal.WebUIKeywordMain.stepFailed(WebUIKeywordMain.groovy:64)
	at com.kms.katalon.core.webui.keyword.builtin.VerifyTextPresentKeyword$_verifyTextPresent_closure1.doCall(VerifyTextPresentKeyword.groovy:79)
	at com.kms.katalon.core.webui.keyword.builtin.VerifyTextPresentKeyword$_verifyTextPresent_closure1.call(VerifyTextPresentKeyword.groovy)
	at com.kms.katalon.core.webui.keyword.internal.WebUIKeywordMain.runKeyword(WebUIKeywordMain.groovy:20)
	at com.kms.katalon.core.webui.keyword.builtin.VerifyTextPresentKeyword.verifyTextPresent(VerifyTextPresentKeyword.groovy:83)
	at com.kms.katalon.core.webui.keyword.builtin.VerifyTextPresentKeyword.execute(VerifyTextPresentKeyword.groovy:68)
	at com.kms.katalon.core.keyword.internal.KeywordExecutor.executeKeywordForPlatform(KeywordExecutor.groovy:74)
	at com.kms.katalon.core.webui.keyword.WebUiBuiltInKeywords.verifyTextPresent(WebUiBuiltInKeywords.groovy:1762)
	at CCAutoPayPC.run(CCAutoPayPC:91)
	at com.kms.katalon.core.main.ScriptEngine.run(ScriptEngine.java:194)
	at com.kms.katalon.core.main.ScriptEngine.runScriptAsRawText(ScriptEngine.java:119)
	at com.kms.katalon.core.main.TestCaseExecutor.runScript(TestCaseExecutor.java:448)
	at com.kms.katalon.core.main.TestCaseExecutor.doExecute(TestCaseExecutor.java:439)
	at com.kms.katalon.core.main.TestCaseExecutor.processExecutionPhase(TestCaseExecutor.java:418)
	at com.kms.katalon.core.main.TestCaseExecutor.accessMainPhase(TestCaseExecutor.java:410)
	at com.kms.katalon.core.main.TestCaseExecutor.execute(TestCaseExecutor.java:285)
	at com.kms.katalon.core.common.CommonExecutor.accessTestCaseMainPhase(CommonExecutor.java:65)
	at com.kms.katalon.core.main.TestSuiteExecutor.accessTestSuiteMainPhase(TestSuiteExecutor.java:150)
	at com.kms.katalon.core.main.TestSuiteExecutor.execute(TestSuiteExecutor.java:106)
	at com.kms.katalon.core.main.TestCaseMain.startTestSuite(TestCaseMain.java:180)
	at TempTestSuite1729787045812.run(TempTestSuite1729787045812.groovy:35)
	at java.base/jdk.internal.reflect.NativeMethodAccessorImpl.invoke0(Native Method)
	at java.base/jdk.internal.reflect.NativeMethodAccessorImpl.invoke(NativeMethodAccessorImpl.java:77)
	at java.base/jdk.internal.reflect.DelegatingMethodAccessorImpl.invoke(DelegatingMethodAccessorImpl.java:43)
)
	at com.kms.katalon.core.keyword.internal.KeywordMain.stepFailed(KeywordMain.groovy:39)
	at com.kms.katalon.core.webui.keyword.internal.WebUIKeywordMain.stepFailed(WebUIKeywordMain.groovy:64)
	at com.kms.katalon.core.webui.keyword.builtin.VerifyTextPresentKeyword$_verifyTextPresent_closure1.doCall(VerifyTextPresentKeyword.groovy:79)
	at com.kms.katalon.core.webui.keyword.builtin.VerifyTextPresentKeyword$_verifyTextPresent_closure1.call(VerifyTextPresentKeyword.groovy)
	at com.kms.katalon.core.webui.keyword.internal.WebUIKeywordMain.runKeyword(WebUIKeywordMain.groovy:20)
	at com.kms.katalon.core.webui.keyword.builtin.VerifyTextPresentKeyword.verifyTextPresent(VerifyTextPresentKeyword.groovy:83)
	at com.kms.katalon.core.webui.keyword.builtin.VerifyTextPresentKeyword.execute(VerifyTextPresentKeyword.groovy:68)
	at com.kms.katalon.core.keyword.internal.KeywordExecutor.executeKeywordForPlatform(KeywordExecutor.groovy:74)
	at com.kms.katalon.core.webui.keyword.WebUiBuiltInKeywords.verifyTextPresent(WebUiBuiltInKeywords.groovy:1762)
	at CCAutoPayPC.run(CCAutoPayPC:91)
	at com.kms.katalon.core.main.ScriptEngine.run(ScriptEngine.java:194)
	at com.kms.katalon.core.main.ScriptEngine.runScriptAsRawText(ScriptEngine.java:119)
	at com.kms.katalon.core.main.TestCaseExecutor.runScript(TestCaseExecutor.java:448)
	at com.kms.katalon.core.main.TestCaseExecutor.doExecute(TestCaseExecutor.java:439)
	at com.kms.katalon.core.main.TestCaseExecutor.processExecutionPhase(TestCaseExecutor.java:418)
	at com.kms.katalon.core.main.TestCaseExecutor.accessMainPhase(TestCaseExecutor.java:410)
	at com.kms.katalon.core.main.TestCaseExecutor.execute(TestCaseExecutor.java:285)
	at com.kms.katalon.core.common.CommonExecutor.accessTestCaseMainPhase(CommonExecutor.java:65)
	at com.kms.katalon.core.main.TestSuiteExecutor.accessTestSuiteMainPhase(TestSuiteExecutor.java:150)
	at com.kms.katalon.core.main.TestSuiteExecutor.execute(TestSuiteExecutor.java:106)
	at com.kms.katalon.core.main.TestCaseMain.startTestSuite(TestCaseMain.java:180)
	at TempTestSuite1729787045812.run(TempTestSuite1729787045812.groovy:35)
	at java.base/jdk.internal.reflect.NativeMethodAccessorImpl.invoke0(Native Method)
	at java.base/jdk.internal.reflect.NativeMethodAccessorImpl.invoke(NativeMethodAccessorImpl.java:77)
	at java.base/jdk.internal.reflect.DelegatingMethodAccessorImpl.invoke(DelegatingMethodAccessorImpl.java:43)
Caused by: com.kms.katalon.core.exception.StepFailedException: Text 'AutoPay' is not present on page 
	... 24 more]]></system-err>
      </testcase>
      <testcase name="Test Cases/IntegratedWeb/IWP25/Payments/CCAutoPayPS" time="236.571" classname="Test Cases/IntegratedWeb/IWP25/Payments/CCAutoPayPS" status="FAILED">
         <failure type="FAILED" message="Test Cases/IntegratedWeb/IWP25/Payments/CCAutoPayPS FAILED.&#xa;Reason:&#xa;com.kms.katalon.core.exception.StepFailedException: Text 'AutoPay' is not present on page  (Root cause: com.kms.katalon.core.exception.StepFailedException: Text 'AutoPay' is not present on page &#xa;	at com.kms.katalon.core.webui.keyword.internal.WebUIKeywordMain.stepFailed(WebUIKeywordMain.groovy:64)&#xa;	at com.kms.katalon.core.webui.keyword.builtin.VerifyTextPresentKeyword$_verifyTextPresent_closure1.doCall(VerifyTextPresentKeyword.groovy:79)&#xa;	at com.kms.katalon.core.webui.keyword.builtin.VerifyTextPresentKeyword$_verifyTextPresent_closure1.call(VerifyTextPresentKeyword.groovy)&#xa;	at com.kms.katalon.core.webui.keyword.internal.WebUIKeywordMain.runKeyword(WebUIKeywordMain.groovy:20)&#xa;	at com.kms.katalon.core.webui.keyword.builtin.VerifyTextPresentKeyword.verifyTextPresent(VerifyTextPresentKeyword.groovy:83)&#xa;	at com.kms.katalon.core.webui.keyword.builtin.VerifyTextPresentKeyword.execute(VerifyTextPresentKeyword.groovy:68)&#xa;	at com.kms.katalon.core.keyword.internal.KeywordExecutor.executeKeywordForPlatform(KeywordExecutor.groovy:74)&#xa;	at com.kms.katalon.core.webui.keyword.WebUiBuiltInKeywords.verifyTextPresent(WebUiBuiltInKeywords.groovy:1762)&#xa;	at CCAutoPayPS.run(CCAutoPayPS:91)&#xa;	at com.kms.katalon.core.main.ScriptEngine.run(ScriptEngine.java:194)&#xa;	at com.kms.katalon.core.main.ScriptEngine.runScriptAsRawText(ScriptEngine.java:119)&#xa;	at com.kms.katalon.core.main.TestCaseExecutor.runScript(TestCaseExecutor.java:448)&#xa;	at com.kms.katalon.core.main.TestCaseExecutor.doExecute(TestCaseExecutor.java:439)&#xa;	at com.kms.katalon.core.main.TestCaseExecutor.processExecutionPhase(TestCaseExecutor.java:418)&#xa;	at com.kms.katalon.core.main.TestCaseExecutor.accessMainPhase(TestCaseExecutor.java:410)&#xa;	at com.kms.katalon.core.main.TestCaseExecutor.execute(TestCaseExecutor.java:285)&#xa;	at com.kms.katalon.core.common.CommonExecutor.accessTestCaseMainPhase(CommonExecutor.java:65)&#xa;	at com.kms.katalon.core.main.TestSuiteExecutor.accessTestSuiteMainPhase(TestSuiteExecutor.java:150)&#xa;	at com.kms.katalon.core.main.TestSuiteExecutor.execute(TestSuiteExecutor.java:106)&#xa;	at com.kms.katalon.core.main.TestCaseMain.startTestSuite(TestCaseMain.java:180)&#xa;	at TempTestSuite1729787045812.run(TempTestSuite1729787045812.groovy:35)&#xa;	at java.base/jdk.internal.reflect.NativeMethodAccessorImpl.invoke0(Native Method)&#xa;	at java.base/jdk.internal.reflect.NativeMethodAccessorImpl.invoke(NativeMethodAccessorImpl.java:77)&#xa;	at java.base/jdk.internal.reflect.DelegatingMethodAccessorImpl.invoke(DelegatingMethodAccessorImpl.java:43)&#xa;)&#xa;	at com.kms.katalon.core.keyword.internal.KeywordMain.stepFailed(KeywordMain.groovy:39)&#xa;	at com.kms.katalon.core.webui.keyword.internal.WebUIKeywordMain.stepFailed(WebUIKeywordMain.groovy:64)&#xa;	at com.kms.katalon.core.webui.keyword.builtin.VerifyTextPresentKeyword$_verifyTextPresent_closure1.doCall(VerifyTextPresentKeyword.groovy:79)&#xa;	at com.kms.katalon.core.webui.keyword.builtin.VerifyTextPresentKeyword$_verifyTextPresent_closure1.call(VerifyTextPresentKeyword.groovy)&#xa;	at com.kms.katalon.core.webui.keyword.internal.WebUIKeywordMain.runKeyword(WebUIKeywordMain.groovy:20)&#xa;	at com.kms.katalon.core.webui.keyword.builtin.VerifyTextPresentKeyword.verifyTextPresent(VerifyTextPresentKeyword.groovy:83)&#xa;	at com.kms.katalon.core.webui.keyword.builtin.VerifyTextPresentKeyword.execute(VerifyTextPresentKeyword.groovy:68)&#xa;	at com.kms.katalon.core.keyword.internal.KeywordExecutor.executeKeywordForPlatform(KeywordExecutor.groovy:74)&#xa;	at com.kms.katalon.core.webui.keyword.WebUiBuiltInKeywords.verifyTextPresent(WebUiBuiltInKeywords.groovy:1762)&#xa;	at CCAutoPayPS.run(CCAutoPayPS:91)&#xa;	at com.kms.katalon.core.main.ScriptEngine.run(ScriptEngine.java:194)&#xa;	at com.kms.katalon.core.main.ScriptEngine.runScriptAsRawText(ScriptEngine.java:119)&#xa;	at com.kms.katalon.core.main.TestCaseExecutor.runScript(TestCaseExecutor.java:448)&#xa;	at com.kms.katalon.core.main.TestCaseExecutor.doExecute(TestCaseExecutor.java:439)&#xa;	at com.kms.katalon.core.main.TestCaseExecutor.processExecutionPhase(TestCaseExecutor.java:418)&#xa;	at com.kms.katalon.core.main.TestCaseExecutor.accessMainPhase(TestCaseExecutor.java:410)&#xa;	at com.kms.katalon.core.main.TestCaseExecutor.execute(TestCaseExecutor.java:285)&#xa;	at com.kms.katalon.core.common.CommonExecutor.accessTestCaseMainPhase(CommonExecutor.java:65)&#xa;	at com.kms.katalon.core.main.TestSuiteExecutor.accessTestSuiteMainPhase(TestSuiteExecutor.java:150)&#xa;	at com.kms.katalon.core.main.TestSuiteExecutor.execute(TestSuiteExecutor.java:106)&#xa;	at com.kms.katalon.core.main.TestCaseMain.startTestSuite(TestCaseMain.java:180)&#xa;	at TempTestSuite1729787045812.run(TempTestSuite1729787045812.groovy:35)&#xa;	at java.base/jdk.internal.reflect.NativeMethodAccessorImpl.invoke0(Native Method)&#xa;	at java.base/jdk.internal.reflect.NativeMethodAccessorImpl.invoke(NativeMethodAccessorImpl.java:77)&#xa;	at java.base/jdk.internal.reflect.DelegatingMethodAccessorImpl.invoke(DelegatingMethodAccessorImpl.java:43)&#xa;Caused by: com.kms.katalon.core.exception.StepFailedException: Text 'AutoPay' is not present on page &#xa;	... 24 more&#xa;"/>
         <system-out><![CDATA[25-10-2024T01:46:12 - [TEST_CASE][FAILED] - Test Cases/IntegratedWeb/IWP25/Payments/CCAutoPayPS: Test Cases/IntegratedWeb/IWP25/Payments/CCAutoPayPS FAILED.
Reason:
com.kms.katalon.core.exception.StepFailedException: Text 'AutoPay' is not present on page  (Root cause: com.kms.katalon.core.exception.StepFailedException: Text 'AutoPay' is not present on page 
	at com.kms.katalon.core.webui.keyword.internal.WebUIKeywordMain.stepFailed(WebUIKeywordMain.groovy:64)
	at com.kms.katalon.core.webui.keyword.builtin.VerifyTextPresentKeyword$_verifyTextPresent_closure1.doCall(VerifyTextPresentKeyword.groovy:79)
	at com.kms.katalon.core.webui.keyword.builtin.VerifyTextPresentKeyword$_verifyTextPresent_closure1.call(VerifyTextPresentKeyword.groovy)
	at com.kms.katalon.core.webui.keyword.internal.WebUIKeywordMain.runKeyword(WebUIKeywordMain.groovy:20)
	at com.kms.katalon.core.webui.keyword.builtin.VerifyTextPresentKeyword.verifyTextPresent(VerifyTextPresentKeyword.groovy:83)
	at com.kms.katalon.core.webui.keyword.builtin.VerifyTextPresentKeyword.execute(VerifyTextPresentKeyword.groovy:68)
	at com.kms.katalon.core.keyword.internal.KeywordExecutor.executeKeywordForPlatform(KeywordExecutor.groovy:74)
	at com.kms.katalon.core.webui.keyword.WebUiBuiltInKeywords.verifyTextPresent(WebUiBuiltInKeywords.groovy:1762)
	at CCAutoPayPS.run(CCAutoPayPS:91)
	at com.kms.katalon.core.main.ScriptEngine.run(ScriptEngine.java:194)
	at com.kms.katalon.core.main.ScriptEngine.runScriptAsRawText(ScriptEngine.java:119)
	at com.kms.katalon.core.main.TestCaseExecutor.runScript(TestCaseExecutor.java:448)
	at com.kms.katalon.core.main.TestCaseExecutor.doExecute(TestCaseExecutor.java:439)
	at com.kms.katalon.core.main.TestCaseExecutor.processExecutionPhase(TestCaseExecutor.java:418)
	at com.kms.katalon.core.main.TestCaseExecutor.accessMainPhase(TestCaseExecutor.java:410)
	at com.kms.katalon.core.main.TestCaseExecutor.execute(TestCaseExecutor.java:285)
	at com.kms.katalon.core.common.CommonExecutor.accessTestCaseMainPhase(CommonExecutor.java:65)
	at com.kms.katalon.core.main.TestSuiteExecutor.accessTestSuiteMainPhase(TestSuiteExecutor.java:150)
	at com.kms.katalon.core.main.TestSuiteExecutor.execute(TestSuiteExecutor.java:106)
	at com.kms.katalon.core.main.TestCaseMain.startTestSuite(TestCaseMain.java:180)
	at TempTestSuite1729787045812.run(TempTestSuite1729787045812.groovy:35)
	at java.base/jdk.internal.reflect.NativeMethodAccessorImpl.invoke0(Native Method)
	at java.base/jdk.internal.reflect.NativeMethodAccessorImpl.invoke(NativeMethodAccessorImpl.java:77)
	at java.base/jdk.internal.reflect.DelegatingMethodAccessorImpl.invoke(DelegatingMethodAccessorImpl.java:43)
)
	at com.kms.katalon.core.keyword.internal.KeywordMain.stepFailed(KeywordMain.groovy:39)
	at com.kms.katalon.core.webui.keyword.internal.WebUIKeywordMain.stepFailed(WebUIKeywordMain.groovy:64)
	at com.kms.katalon.core.webui.keyword.builtin.VerifyTextPresentKeyword$_verifyTextPresent_closure1.doCall(VerifyTextPresentKeyword.groovy:79)
	at com.kms.katalon.core.webui.keyword.builtin.VerifyTextPresentKeyword$_verifyTextPresent_closure1.call(VerifyTextPresentKeyword.groovy)
	at com.kms.katalon.core.webui.keyword.internal.WebUIKeywordMain.runKeyword(WebUIKeywordMain.groovy:20)
	at com.kms.katalon.core.webui.keyword.builtin.VerifyTextPresentKeyword.verifyTextPresent(VerifyTextPresentKeyword.groovy:83)
	at com.kms.katalon.core.webui.keyword.builtin.VerifyTextPresentKeyword.execute(VerifyTextPresentKeyword.groovy:68)
	at com.kms.katalon.core.keyword.internal.KeywordExecutor.executeKeywordForPlatform(KeywordExecutor.groovy:74)
	at com.kms.katalon.core.webui.keyword.WebUiBuiltInKeywords.verifyTextPresent(WebUiBuiltInKeywords.groovy:1762)
	at CCAutoPayPS.run(CCAutoPayPS:91)
	at com.kms.katalon.core.main.ScriptEngine.run(ScriptEngine.java:194)
	at com.kms.katalon.core.main.ScriptEngine.runScriptAsRawText(ScriptEngine.java:119)
	at com.kms.katalon.core.main.TestCaseExecutor.runScript(TestCaseExecutor.java:448)
	at com.kms.katalon.core.main.TestCaseExecutor.doExecute(TestCaseExecutor.java:439)
	at com.kms.katalon.core.main.TestCaseExecutor.processExecutionPhase(TestCaseExecutor.java:418)
	at com.kms.katalon.core.main.TestCaseExecutor.accessMainPhase(TestCaseExecutor.java:410)
	at com.kms.katalon.core.main.TestCaseExecutor.execute(TestCaseExecutor.java:285)
	at com.kms.katalon.core.common.CommonExecutor.accessTestCaseMainPhase(CommonExecutor.java:65)
	at com.kms.katalon.core.main.TestSuiteExecutor.accessTestSuiteMainPhase(TestSuiteExecutor.java:150)
	at com.kms.katalon.core.main.TestSuiteExecutor.execute(TestSuiteExecutor.java:106)
	at com.kms.katalon.core.main.TestCaseMain.startTestSuite(TestCaseMain.java:180)
	at TempTestSuite1729787045812.run(TempTestSuite1729787045812.groovy:35)
	at java.base/jdk.internal.reflect.NativeMethodAccessorImpl.invoke0(Native Method)
	at java.base/jdk.internal.reflect.NativeMethodAccessorImpl.invoke(NativeMethodAccessorImpl.java:77)
	at java.base/jdk.internal.reflect.DelegatingMethodAccessorImpl.invoke(DelegatingMethodAccessorImpl.java:43)
Caused by: com.kms.katalon.core.exception.StepFailedException: Text 'AutoPay' is not present on page 
	... 24 more


25-10-2024T01:46:12 - [TEST_STEP][PASSED] - resText = "Fail": null

25-10-2024T01:46:12 - [TEST_STEP][PASSED] - resColumn = "Result": null

25-10-2024T01:46:12 - [TEST_STEP][PASSED] - datCloumn = "Date": null

25-10-2024T01:46:12 - [TEST_STEP][PASSED] - fileLoc = "KatalonData/IWPTestData/VRelay25PaymentsExtension.xlsx": null

25-10-2024T01:46:12 - [TEST_STEP][PASSED] - numOfRows = <not implemented yet for class: org.codehaus.groovy.ast.expr.EmptyExpression>: null

25-10-2024T01:46:12 - [TEST_STEP][PASSED] - dataFile = <not implemented yet for class: org.codehaus.groovy.ast.expr.EmptyExpression>: null

25-10-2024T01:46:12 - [TEST_STEP][PASSED] - nameSheet = <not implemented yet for class: org.codehaus.groovy.ast.expr.EmptyExpression>: null

25-10-2024T01:46:12 - [TEST_STEP][PASSED] - dataFileEmulator = <not implemented yet for class: org.codehaus.groovy.ast.expr.EmptyExpression>: null

25-10-2024T01:46:12 - [TEST_STEP][PASSED] - isRequiredTextPresent = false: null

25-10-2024T01:46:12 - [TEST_STEP][PASSED] - nameSheet = "CCAutoPayPlanPS": null

25-10-2024T01:46:12 - [TEST_STEP][PASSED] - dataFile = getExcelDataWithDefaultSheet("KatalonData/IWPTestData/VRelay25PaymentsExtension.xlsx", nameSheet, true): null

25-10-2024T01:46:12 - [TEST_STEP][PASSED] - dataFileEmulator = "IWPTestData/EmulatorData": null

25-10-2024T01:46:12 - [TEST_STEP][PASSED] - numOfRows = dataFile.getRowNumbers(): null

25-10-2024T01:46:12 - [TEST_STEP][PASSED] - println("Number of Records: " + numOfRows): null

25-10-2024T01:46:12 - [TEST_STEP][FAILED] - for ([row = 1, row <= numOfRows, (row++)]): null

25-10-2024T01:46:12 - [TEST_STEP][PASSED] - ExecuteTC = dataFile.getValue("Execute", row): null

25-10-2024T01:46:12 - [TEST_STEP][PASSED] - out.println("Value of Execute is : " + ExecuteTC): null

25-10-2024T01:46:12 - [TEST_STEP][FAILED] - if (ExecuteTC.equalsIgnoreCase("Y")): null

25-10-2024T01:46:12 - [TEST_STEP][PASSED] - out.println("Begin Record Number: " + row): null

25-10-2024T01:46:12 - [TEST_STEP][PASSED] - today = new java.util.Date(): null

25-10-2024T01:46:12 - [TEST_STEP][PASSED] - println(today): null

25-10-2024T01:46:12 - [TEST_STEP][PASSED] - datText = today: null

25-10-2024T01:46:12 - [TEST_STEP][PASSED] - EmulatorDataKey = dataFile.getValue("EmulatorData", row): null

25-10-2024T01:46:12 - [TEST_STEP][PASSED] - out.println("Value of Emulator Key is : " + EmulatorDataKey): null

25-10-2024T01:46:12 - [TEST_STEP][PASSED] - iwpPages.emulatorIWP30.setDataEmulator_DD(EmulatorDataKey): iwpPages.emulatorIWP30.setDataEmulator_DD is PASSED

25-10-2024T01:46:13 - [MESSAGE][INFO] - Starting 'Edge Chromium' driver

25-10-2024T01:46:13 - [MESSAGE][INFO] - User set preference: ['acceptInsecureCerts', 'true']

25-10-2024T01:46:15 - [MESSAGE][INFO] - Action delay is set to 0 milliseconds

25-10-2024T01:46:19 - [MESSAGE][PASSED] - Browser is opened with url: 'https://qa2.velocitypayment.com/agencyx/config.action?action=editor&message_version=2_5'

25-10-2024T01:46:19 - [MESSAGE][PASSED] - Current window maximized

25-10-2024T01:46:50 - [MESSAGE][INFO] - Unable to find the element located by 'By.xpath: //select[@name='message_version']'. Please recheck the objects properties to make sure the desired element is located. 

25-10-2024T01:46:50 - [MESSAGE][WARNING] - [SELF-HEALING] Failed to find element with id 'Object Repository/IWP30/Page_VRelay30Emulator/MV'. Try using Self-healing.

25-10-2024T01:46:50 - [MESSAGE][WARNING] - [SELF-HEALING] The current locator of test object 'Object Repository/IWP30/Page_VRelay30Emulator/MV' was broken. Propose an alternative one: '(.//*[normalize-space(text()) and normalize-space(.)='Message Version'])[1]/following::select[1]'.

25-10-2024T01:46:51 - [MESSAGE][PASSED] - All options with value '2.5' are selected in object 'Object Repository/IWP30/Page_VRelay30Emulator/MV'  using regular expression

25-10-2024T01:46:51 - [MESSAGE][PASSED] - Text '10.50' is set on object 'Object Repository/IWP30/Page_EmulatorAgencyX/Amount'

25-10-2024T01:46:52 - [MESSAGE][PASSED] - Text 'RU6su2dJQiE9' is set on object 'Object Repository/IWP30/Page_EmulatorAgencyX/CAN'

25-10-2024T01:46:52 - [MESSAGE][PASSED] - Text 'AutoPay' is set on object 'Object Repository/IWP30/Page_EmulatorAgencyX/Action'

25-10-2024T01:46:53 - [MESSAGE][PASSED] - Text 'en_US' is set on object 'Object Repository/IWP30/Page_EmulatorAgencyX/Lang'

25-10-2024T01:46:54 - [MESSAGE][PASSED] - Text '' is set on object 'Object Repository/IWP30/Page_EmulatorAgencyX/Fname'

25-10-2024T01:46:54 - [MESSAGE][PASSED] - Text '' is set on object 'Object Repository/IWP30/Page_EmulatorAgencyX/Lname'

25-10-2024T01:46:55 - [MESSAGE][PASSED] - Text '' is set on object 'Object Repository/IWP30/Page_EmulatorAgencyX/AL1'

25-10-2024T01:46:55 - [MESSAGE][PASSED] - Text '' is set on object 'Object Repository/IWP30/Page_EmulatorAgencyX/AL2'

25-10-2024T01:46:56 - [MESSAGE][PASSED] - Text '' is set on object 'Object Repository/IWP30/Page_EmulatorAgencyX/Country'

25-10-2024T01:46:56 - [MESSAGE][PASSED] - Text '' is set on object 'Object Repository/IWP30/Page_EmulatorAgencyX/City'

25-10-2024T01:46:57 - [MESSAGE][PASSED] - Text '' is set on object 'Object Repository/IWP30/Page_EmulatorAgencyX/State'

25-10-2024T01:46:58 - [MESSAGE][PASSED] - Text '' is set on object 'Object Repository/IWP30/Page_EmulatorAgencyX/ZIP'

25-10-2024T01:46:58 - [MESSAGE][PASSED] - Text '' is set on object 'Object Repository/IWP30/Page_EmulatorAgencyX/Order'

25-10-2024T01:46:59 - [MESSAGE][PASSED] - Text '' is set on object 'Object Repository/IWP30/Page_EmulatorAgencyX/Company'

25-10-2024T01:46:59 - [MESSAGE][PASSED] - Text '' is set on object 'Object Repository/IWP30/Page_EmulatorAgencyX/Email'

25-10-2024T01:47:00 - [MESSAGE][PASSED] - Text '' is set on object 'Object Repository/IWP30/Page_EmulatorAgencyX/UDF1'

25-10-2024T01:47:00 - [MESSAGE][PASSED] - Text '' is set on object 'Object Repository/IWP30/Page_EmulatorAgencyX/UDF2'

25-10-2024T01:47:01 - [MESSAGE][PASSED] - Text '' is set on object 'Object Repository/IWP30/Page_EmulatorAgencyX/UDF3'

25-10-2024T01:47:02 - [MESSAGE][PASSED] - Text 'udf data 4' is set on object 'Object Repository/IWP30/Page_EmulatorAgencyX/UDF4'

25-10-2024T01:47:02 - [MESSAGE][PASSED] - Text 'udf data 5' is set on object 'Object Repository/IWP30/Page_EmulatorAgencyX/UDF5'

25-10-2024T01:47:03 - [MESSAGE][PASSED] - Text '' is set on object 'Object Repository/IWP30/Page_EmulatorAgencyX/UDF6'

25-10-2024T01:47:03 - [MESSAGE][PASSED] - Text '' is set on object 'Object Repository/IWP30/Page_EmulatorAgencyX/UDF7'

25-10-2024T01:47:04 - [MESSAGE][PASSED] - Text '' is set on object 'Object Repository/IWP30/Page_EmulatorAgencyX/UDF8'

25-10-2024T01:47:04 - [MESSAGE][PASSED] - Text 'udf data 9' is set on object 'Object Repository/IWP30/Page_EmulatorAgencyX/UDF9'

25-10-2024T01:47:05 - [MESSAGE][PASSED] - Text 'udf data 10' is set on object 'Object Repository/IWP30/Page_EmulatorAgencyX/UDF10'

25-10-2024T01:47:06 - [MESSAGE][PASSED] - Object: 'Object Repository/IWP30/Page_EmulatorAgencyX/Submit' is clicked on

25-10-2024T01:47:11 - [MESSAGE][PASSED] - Browser is closed

25-10-2024T01:47:15 - [MESSAGE][PASSED] - iwpPages.emulatorIWP30.setDataEmulator_DD is PASSED

25-10-2024T01:47:15 - [TEST_STEP][PASSED] - testHarnessURL = urlTestHarness: null

25-10-2024T01:47:15 - [TEST_STEP][PASSED] - openBrowser(testHarnessURL): Browser is opened with url: 'https://dev-algorithm.govolution.com/vrelaytest/QA2/version_2_2/vrelaytest.html'

25-10-2024T01:47:15 - [MESSAGE][INFO] - Starting 'Edge Chromium' driver

25-10-2024T01:47:15 - [MESSAGE][INFO] - User set preference: ['acceptInsecureCerts', 'true']

25-10-2024T01:47:17 - [MESSAGE][INFO] - Action delay is set to 0 milliseconds

25-10-2024T01:47:20 - [MESSAGE][PASSED] - Browser is opened with url: 'https://dev-algorithm.govolution.com/vrelaytest/QA2/version_2_2/vrelaytest.html'

25-10-2024T01:47:20 - [TEST_STEP][PASSED] - maximizeWindow(): Current window maximized

25-10-2024T01:47:20 - [MESSAGE][PASSED] - Current window maximized

25-10-2024T01:47:20 - [TEST_STEP][PASSED] - iwpPages.TestHarnessPage.setDataMethodEF(row, dataFile): iwpPages.TestHarnessPage.setDataMethodEF is PASSED

25-10-2024T01:47:21 - [MESSAGE][PASSED] - Object 'Object Repository/IWP30/Page_QATestHarness/RemittanceID' is present

25-10-2024T01:47:21 - [MESSAGE][PASSED] - Text '638' is set on object 'Object Repository/IWP30/Page_QATestHarness/ApplicationID'

25-10-2024T01:47:22 - [MESSAGE][PASSED] - Text '2.5' is set on object 'Object Repository/IWP30/Page_QATestHarness/MessageVersion'

25-10-2024T01:47:22 - [MESSAGE][PASSED] - Text 'xyDsI9nsMapt' is set on object 'Object Repository/IWP30/Page_QATestHarness/RemittanceID'

25-10-2024T01:47:26 - [MESSAGE][PASSED] - Object: 'Object Repository/IWP30/Page_QATestHarness/SubmitButton' is clicked on

25-10-2024T01:47:26 - [MESSAGE][PASSED] - iwpPages.TestHarnessPage.setDataMethodEF is PASSED

25-10-2024T01:47:26 - [TEST_STEP][PASSED] - click(findTestObject("Object Repository/IWP30/Page_SelectPaymentMethod/PayByPersonalCheck")): Object: 'Object Repository/IWP30/Page_SelectPaymentMethod/PayByPersonalCheck' is clicked on

25-10-2024T01:47:26 - [MESSAGE][PASSED] - Object: 'Object Repository/IWP30/Page_SelectPaymentMethod/PayByPersonalCheck' is clicked on

25-10-2024T01:47:26 - [TEST_STEP][PASSED] - click(findTestObject("Object Repository/IWP30/Page_SelectPaymentMethod/MakePaymentButton")): Object: 'Object Repository/IWP30/Page_SelectPaymentMethod/MakePaymentButton' is clicked on

25-10-2024T01:47:29 - [MESSAGE][PASSED] - Object: 'Object Repository/IWP30/Page_SelectPaymentMethod/MakePaymentButton' is clicked on

25-10-2024T01:47:29 - [TEST_STEP][PASSED] - iwpPages.achPersonalPaymentEntryPage.setDataACHPPM(row, dataFile): iwpPages.achPersonalPaymentEntryPage.setDataACHPPM is PASSED

25-10-2024T01:47:30 - [MESSAGE][PASSED] - Object 'Object Repository/IWP30/Page_ACHPersonalPaymentEntry/txt_accountNumber' is present

25-10-2024T01:47:30 - [MESSAGE][PASSED] - Object 'Object Repository/IWP30/Page_ACHPersonalPaymentEntry/txt_UDF2' is present

25-10-2024T01:47:31 - [MESSAGE][PASSED] - Text 'udf data 2' is set on object 'Object Repository/IWP30/Page_ACHPersonalPaymentEntry/txt_UDF2'

25-10-2024T01:47:31 - [MESSAGE][PASSED] - Text 'udf data 3' is set on object 'Object Repository/IWP30/Page_ACHPersonalPaymentEntry/txt_UDF3'

25-10-2024T01:47:32 - [MESSAGE][PASSED] - All options with label 'Orange' are selected in object 'Object Repository/IWP30/Page_ACHPersonalPaymentEntry/dd_UDF7' 

25-10-2024T01:47:32 - [MESSAGE][PASSED] - All options with label 'Soccer' are selected in object 'Object Repository/IWP30/Page_ACHPersonalPaymentEntry/dd_UDF8' 

25-10-2024T01:47:33 - [MESSAGE][PASSED] - Object 'Object Repository/IWP30/Page_ACHPersonalPaymentEntry/txt_Firstname' is present

25-10-2024T01:47:33 - [MESSAGE][PASSED] - Text 'Elizath' is set on object 'Object Repository/IWP30/Page_ACHPersonalPaymentEntry/txt_Firstname'

25-10-2024T01:47:33 - [MESSAGE][PASSED] - Object 'Object Repository/IWP30/Page_ACHPersonalPaymentEntry/txt_Lastname' is present

25-10-2024T01:47:34 - [MESSAGE][PASSED] - Text 'Christine' is set on object 'Object Repository/IWP30/Page_ACHPersonalPaymentEntry/txt_Lastname'

25-10-2024T01:47:34 - [MESSAGE][PASSED] - Object 'Object Repository/IWP30/Page_ACHPersonalPaymentEntry/txt_routingNumber' is present

25-10-2024T01:47:35 - [MESSAGE][PASSED] - Text '256072691' is set on object 'Object Repository/IWP30/Page_ACHPersonalPaymentEntry/txt_routingNumber'

25-10-2024T01:47:35 - [MESSAGE][PASSED] - Object 'Object Repository/IWP30/Page_ACHPersonalPaymentEntry/txt_accountNumber' is present

25-10-2024T01:47:37 - [MESSAGE][PASSED] - Text '12344444' is set on object 'Object Repository/IWP30/Page_ACHPersonalPaymentEntry/txt_accountNumber'

25-10-2024T01:47:37 - [MESSAGE][PASSED] - Object 'Object Repository/IWP30/Page_ACHPersonalPaymentEntry/txt_confirmAccountNumber' is present

25-10-2024T01:47:38 - [MESSAGE][PASSED] - Text '12344444' is set on object 'Object Repository/IWP30/Page_ACHPersonalPaymentEntry/txt_confirmAccountNumber'

25-10-2024T01:47:38 - [MESSAGE][PASSED] - Object 'Object Repository/IWP30/Page_ACHPersonalPaymentEntry/rd_accountType' is present

25-10-2024T01:47:38 - [MESSAGE][PASSED] - Modify property of object successfully

25-10-2024T01:47:38 - [MESSAGE][PASSED] - Object: 'Object Repository/IWP30/Page_ACHPersonalPaymentEntry/rd_accountType' is clicked on

25-10-2024T01:47:39 - [MESSAGE][PASSED] - Text '365 Main Avenue' is set on object 'Object Repository/IWP30/Page_ACHPersonalPaymentEntry/txt_AL1'

25-10-2024T01:47:40 - [MESSAGE][PASSED] - Text '22201' is set on object 'Object Repository/IWP30/Page_ACHPersonalPaymentEntry/txt_ZIP'

25-10-2024T01:47:40 - [MESSAGE][PASSED] - Object 'Object Repository/IWP30/Page_ACHPersonalPaymentEntry/txt_Email' is present

25-10-2024T01:47:41 - [MESSAGE][PASSED] - Text 'iahmed@govolution.com' is set on object 'Object Repository/IWP30/Page_ACHPersonalPaymentEntry/txt_Email'

25-10-2024T01:47:41 - [MESSAGE][PASSED] - Object 'Object Repository/IWP30/Page_ACHPersonalPaymentEntry/cb_TermsAndCond' is present

25-10-2024T01:47:41 - [MESSAGE][PASSED] - Object: 'Object Repository/IWP30/Page_ACHPersonalPaymentEntry/cb_TermsAndCond' is clicked on

25-10-2024T01:47:42 - [MESSAGE][PASSED] - Object 'Object Repository/IWP30/Page_ACHPersonalPaymentEntry/btn_Continue' is present

25-10-2024T01:47:43 - [MESSAGE][PASSED] - Object: 'Object Repository/IWP30/Page_ACHPersonalPaymentEntry/btn_Continue' is clicked on

25-10-2024T01:47:43 - [MESSAGE][PASSED] - iwpPages.achPersonalPaymentEntryPage.setDataACHPPM is PASSED

25-10-2024T01:47:43 - [TEST_STEP][PASSED] - click(findTestObject("Object Repository/IWP30/Page_Confirmation/ConfirmButton")): Object: 'Object Repository/IWP30/Page_Confirmation/ConfirmButton' is clicked on

25-10-2024T01:47:45 - [MESSAGE][PASSED] - Object: 'Object Repository/IWP30/Page_Confirmation/ConfirmButton' is clicked on

25-10-2024T01:47:45 - [TEST_STEP][PASSED] - Thread.sleep(2000): null

25-10-2024T01:47:47 - [TEST_STEP][FAILED] - if (verifyTextPresent("AutoPay", false)): Text 'AutoPay' is not present on page  (Root cause: com.kms.katalon.core.exception.StepFailedException: Text 'AutoPay' is not present on page 
	at com.kms.katalon.core.webui.keyword.internal.WebUIKeywordMain.stepFailed(WebUIKeywordMain.groovy:64)
	at com.kms.katalon.core.webui.keyword.builtin.VerifyTextPresentKeyword$_verifyTextPresent_closure1.doCall(VerifyTextPresentKeyword.groovy:79)
	at com.kms.katalon.core.webui.keyword.builtin.VerifyTextPresentKeyword$_verifyTextPresent_closure1.call(VerifyTextPresentKeyword.groovy)
	at com.kms.katalon.core.webui.keyword.internal.WebUIKeywordMain.runKeyword(WebUIKeywordMain.groovy:20)
	at com.kms.katalon.core.webui.keyword.builtin.VerifyTextPresentKeyword.verifyTextPresent(VerifyTextPresentKeyword.groovy:83)
	at com.kms.katalon.core.webui.keyword.builtin.VerifyTextPresentKeyword.execute(VerifyTextPresentKeyword.groovy:68)
	at com.kms.katalon.core.keyword.internal.KeywordExecutor.executeKeywordForPlatform(KeywordExecutor.groovy:74)
	at com.kms.katalon.core.webui.keyword.WebUiBuiltInKeywords.verifyTextPresent(WebUiBuiltInKeywords.groovy:1762)
	at CCAutoPayPS.run(CCAutoPayPS:91)
	at com.kms.katalon.core.main.ScriptEngine.run(ScriptEngine.java:194)
	at com.kms.katalon.core.main.ScriptEngine.runScriptAsRawText(ScriptEngine.java:119)
	at com.kms.katalon.core.main.TestCaseExecutor.runScript(TestCaseExecutor.java:448)
	at com.kms.katalon.core.main.TestCaseExecutor.doExecute(TestCaseExecutor.java:439)
	at com.kms.katalon.core.main.TestCaseExecutor.processExecutionPhase(TestCaseExecutor.java:418)
	at com.kms.katalon.core.main.TestCaseExecutor.accessMainPhase(TestCaseExecutor.java:410)
	at com.kms.katalon.core.main.TestCaseExecutor.execute(TestCaseExecutor.java:285)
	at com.kms.katalon.core.common.CommonExecutor.accessTestCaseMainPhase(CommonExecutor.java:65)
	at com.kms.katalon.core.main.TestSuiteExecutor.accessTestSuiteMainPhase(TestSuiteExecutor.java:150)
	at com.kms.katalon.core.main.TestSuiteExecutor.execute(TestSuiteExecutor.java:106)
	at com.kms.katalon.core.main.TestCaseMain.startTestSuite(TestCaseMain.java:180)
	at TempTestSuite1729787045812.run(TempTestSuite1729787045812.groovy:35)
	at java.base/jdk.internal.reflect.NativeMethodAccessorImpl.invoke0(Native Method)
	at java.base/jdk.internal.reflect.NativeMethodAccessorImpl.invoke(NativeMethodAccessorImpl.java:77)
	at java.base/jdk.internal.reflect.DelegatingMethodAccessorImpl.invoke(DelegatingMethodAccessorImpl.java:43)
)

25-10-2024T01:47:48 - [MESSAGE][FAILED] - Text 'AutoPay' is not present on page  (Root cause: com.kms.katalon.core.exception.StepFailedException: Text 'AutoPay' is not present on page 
	at com.kms.katalon.core.webui.keyword.internal.WebUIKeywordMain.stepFailed(WebUIKeywordMain.groovy:64)
	at com.kms.katalon.core.webui.keyword.builtin.VerifyTextPresentKeyword$_verifyTextPresent_closure1.doCall(VerifyTextPresentKeyword.groovy:79)
	at com.kms.katalon.core.webui.keyword.builtin.VerifyTextPresentKeyword$_verifyTextPresent_closure1.call(VerifyTextPresentKeyword.groovy)
	at com.kms.katalon.core.webui.keyword.internal.WebUIKeywordMain.runKeyword(WebUIKeywordMain.groovy:20)
	at com.kms.katalon.core.webui.keyword.builtin.VerifyTextPresentKeyword.verifyTextPresent(VerifyTextPresentKeyword.groovy:83)
	at com.kms.katalon.core.webui.keyword.builtin.VerifyTextPresentKeyword.execute(VerifyTextPresentKeyword.groovy:68)
	at com.kms.katalon.core.keyword.internal.KeywordExecutor.executeKeywordForPlatform(KeywordExecutor.groovy:74)
	at com.kms.katalon.core.webui.keyword.WebUiBuiltInKeywords.verifyTextPresent(WebUiBuiltInKeywords.groovy:1762)
	at CCAutoPayPS.run(CCAutoPayPS:91)
	at com.kms.katalon.core.main.ScriptEngine.run(ScriptEngine.java:194)
	at com.kms.katalon.core.main.ScriptEngine.runScriptAsRawText(ScriptEngine.java:119)
	at com.kms.katalon.core.main.TestCaseExecutor.runScript(TestCaseExecutor.java:448)
	at com.kms.katalon.core.main.TestCaseExecutor.doExecute(TestCaseExecutor.java:439)
	at com.kms.katalon.core.main.TestCaseExecutor.processExecutionPhase(TestCaseExecutor.java:418)
	at com.kms.katalon.core.main.TestCaseExecutor.accessMainPhase(TestCaseExecutor.java:410)
	at com.kms.katalon.core.main.TestCaseExecutor.execute(TestCaseExecutor.java:285)
	at com.kms.katalon.core.common.CommonExecutor.accessTestCaseMainPhase(CommonExecutor.java:65)
	at com.kms.katalon.core.main.TestSuiteExecutor.accessTestSuiteMainPhase(TestSuiteExecutor.java:150)
	at com.kms.katalon.core.main.TestSuiteExecutor.execute(TestSuiteExecutor.java:106)
	at com.kms.katalon.core.main.TestCaseMain.startTestSuite(TestCaseMain.java:180)
	at TempTestSuite1729787045812.run(TempTestSuite1729787045812.groovy:35)
	at java.base/jdk.internal.reflect.NativeMethodAccessorImpl.invoke0(Native Method)
	at java.base/jdk.internal.reflect.NativeMethodAccessorImpl.invoke(NativeMethodAccessorImpl.java:77)
	at java.base/jdk.internal.reflect.DelegatingMethodAccessorImpl.invoke(DelegatingMethodAccessorImpl.java:43)
)

25-10-2024T01:47:48 - [TEST_STEP][FAILED] - else: null

25-10-2024T01:47:48 - [TEST_STEP][FAILED] - markFailed("Autopay is not present on page"): Autopay is not present on page

25-10-2024T01:47:48 - [MESSAGE][FAILED] - Autopay is not present on page

25-10-2024T01:47:48 - [TEST_STEP][PASSED] - resText = "Fail": null

25-10-2024T01:47:48 - [TEST_STEP][PASSED] - pages.WriteExcel.demoKey(resText, datText, resColumn, datCloumn, fileLoc, nameSheet, row): pages.WriteExcel.demoKey is PASSED

25-10-2024T01:47:48 - [MESSAGE][PASSED] - pages.WriteExcel.demoKey is PASSED

25-10-2024T01:47:48 - [TEST_STEP][PASSED] - closeBrowser(): Browser is closed

25-10-2024T01:47:48 - [MESSAGE][PASSED] - Browser is closed

25-10-2024T01:47:48 - [TEST_STEP][PASSED] - ExecuteTC = dataFile.getValue("Execute", row): null

25-10-2024T01:47:48 - [TEST_STEP][PASSED] - out.println("Value of Execute is : " + ExecuteTC): null

25-10-2024T01:47:48 - [TEST_STEP][PASSED] - if (ExecuteTC.equalsIgnoreCase("Y")): null

25-10-2024T01:47:48 - [TEST_STEP][PASSED] - out.println("Begin Record Number: " + row): null

25-10-2024T01:47:48 - [TEST_STEP][PASSED] - today = new java.util.Date(): null

25-10-2024T01:47:48 - [TEST_STEP][PASSED] - println(today): null

25-10-2024T01:47:48 - [TEST_STEP][PASSED] - datText = today: null

25-10-2024T01:47:48 - [TEST_STEP][PASSED] - EmulatorDataKey = dataFile.getValue("EmulatorData", row): null

25-10-2024T01:47:48 - [TEST_STEP][PASSED] - out.println("Value of Emulator Key is : " + EmulatorDataKey): null

25-10-2024T01:47:48 - [TEST_STEP][PASSED] - iwpPages.emulatorIWP30.setDataEmulator_DD(EmulatorDataKey): iwpPages.emulatorIWP30.setDataEmulator_DD is PASSED

25-10-2024T01:47:49 - [MESSAGE][INFO] - Starting 'Edge Chromium' driver

25-10-2024T01:47:49 - [MESSAGE][INFO] - User set preference: ['acceptInsecureCerts', 'true']

25-10-2024T01:47:51 - [MESSAGE][INFO] - Action delay is set to 0 milliseconds

25-10-2024T01:47:54 - [MESSAGE][PASSED] - Browser is opened with url: 'https://qa2.velocitypayment.com/agencyx/config.action?action=editor&message_version=3_0'

25-10-2024T01:47:54 - [MESSAGE][PASSED] - Current window maximized

25-10-2024T01:48:25 - [MESSAGE][INFO] - Unable to find the element located by 'By.xpath: //select[@name='message_version']'. Please recheck the objects properties to make sure the desired element is located. 

25-10-2024T01:48:25 - [MESSAGE][WARNING] - [SELF-HEALING] Failed to find element with id 'Object Repository/IWP30/Page_VRelay30Emulator/MV'. Try using Self-healing.

25-10-2024T01:48:25 - [MESSAGE][WARNING] - [SELF-HEALING] The current locator of test object 'Object Repository/IWP30/Page_VRelay30Emulator/MV' was broken. Propose an alternative one: '(.//*[normalize-space(text()) and normalize-space(.)='Message Version'])[1]/following::select[1]'.

25-10-2024T01:48:26 - [MESSAGE][PASSED] - All options with value '3.0' are selected in object 'Object Repository/IWP30/Page_VRelay30Emulator/MV'  using regular expression

25-10-2024T01:48:26 - [MESSAGE][PASSED] - Text '10.50' is set on object 'Object Repository/IWP30/Page_EmulatorAgencyX/Amount'

25-10-2024T01:48:27 - [MESSAGE][PASSED] - Text 'mNrn1bBj9N8Q' is set on object 'Object Repository/IWP30/Page_EmulatorAgencyX/CAN'

25-10-2024T01:48:28 - [MESSAGE][PASSED] - Text 'AutoPay' is set on object 'Object Repository/IWP30/Page_EmulatorAgencyX/Action'

25-10-2024T01:48:28 - [MESSAGE][PASSED] - Text 'en_US' is set on object 'Object Repository/IWP30/Page_EmulatorAgencyX/Lang'

25-10-2024T01:48:29 - [MESSAGE][PASSED] - Text '' is set on object 'Object Repository/IWP30/Page_EmulatorAgencyX/Fname'

25-10-2024T01:48:29 - [MESSAGE][PASSED] - Text '' is set on object 'Object Repository/IWP30/Page_EmulatorAgencyX/Lname'

25-10-2024T01:48:30 - [MESSAGE][PASSED] - Text '' is set on object 'Object Repository/IWP30/Page_EmulatorAgencyX/AL1'

25-10-2024T01:48:30 - [MESSAGE][PASSED] - Text '' is set on object 'Object Repository/IWP30/Page_EmulatorAgencyX/AL2'

25-10-2024T01:48:31 - [MESSAGE][PASSED] - Text '' is set on object 'Object Repository/IWP30/Page_EmulatorAgencyX/Country'

25-10-2024T01:48:32 - [MESSAGE][PASSED] - Text '' is set on object 'Object Repository/IWP30/Page_EmulatorAgencyX/City'

25-10-2024T01:48:32 - [MESSAGE][PASSED] - Text '' is set on object 'Object Repository/IWP30/Page_EmulatorAgencyX/State'

25-10-2024T01:48:33 - [MESSAGE][PASSED] - Text '' is set on object 'Object Repository/IWP30/Page_EmulatorAgencyX/ZIP'

25-10-2024T01:48:33 - [MESSAGE][PASSED] - Text '' is set on object 'Object Repository/IWP30/Page_EmulatorAgencyX/Order'

25-10-2024T01:48:34 - [MESSAGE][PASSED] - Text '' is set on object 'Object Repository/IWP30/Page_EmulatorAgencyX/Company'

25-10-2024T01:48:34 - [MESSAGE][PASSED] - Text '' is set on object 'Object Repository/IWP30/Page_EmulatorAgencyX/Email'

25-10-2024T01:48:35 - [MESSAGE][PASSED] - Text '' is set on object 'Object Repository/IWP30/Page_EmulatorAgencyX/UDF1'

25-10-2024T01:48:36 - [MESSAGE][PASSED] - Text '' is set on object 'Object Repository/IWP30/Page_EmulatorAgencyX/UDF2'

25-10-2024T01:48:36 - [MESSAGE][PASSED] - Text '' is set on object 'Object Repository/IWP30/Page_EmulatorAgencyX/UDF3'

25-10-2024T01:48:37 - [MESSAGE][PASSED] - Text 'udf data 4' is set on object 'Object Repository/IWP30/Page_EmulatorAgencyX/UDF4'

25-10-2024T01:48:37 - [MESSAGE][PASSED] - Text 'udf data 5' is set on object 'Object Repository/IWP30/Page_EmulatorAgencyX/UDF5'

25-10-2024T01:48:38 - [MESSAGE][PASSED] - Text '' is set on object 'Object Repository/IWP30/Page_EmulatorAgencyX/UDF6'

25-10-2024T01:48:38 - [MESSAGE][PASSED] - Text '' is set on object 'Object Repository/IWP30/Page_EmulatorAgencyX/UDF7'

25-10-2024T01:48:39 - [MESSAGE][PASSED] - Text '' is set on object 'Object Repository/IWP30/Page_EmulatorAgencyX/UDF8'

25-10-2024T01:48:40 - [MESSAGE][PASSED] - Text 'udf data 9' is set on object 'Object Repository/IWP30/Page_EmulatorAgencyX/UDF9'

25-10-2024T01:48:40 - [MESSAGE][PASSED] - Text 'udf data 10' is set on object 'Object Repository/IWP30/Page_EmulatorAgencyX/UDF10'

25-10-2024T01:48:42 - [MESSAGE][PASSED] - Object: 'Object Repository/IWP30/Page_EmulatorAgencyX/Submit' is clicked on

25-10-2024T01:48:46 - [MESSAGE][PASSED] - Browser is closed

25-10-2024T01:48:50 - [MESSAGE][PASSED] - iwpPages.emulatorIWP30.setDataEmulator_DD is PASSED

25-10-2024T01:48:50 - [TEST_STEP][PASSED] - testHarnessURL = urlTestHarness: null

25-10-2024T01:48:50 - [TEST_STEP][PASSED] - openBrowser(testHarnessURL): Browser is opened with url: 'https://dev-algorithm.govolution.com/vrelaytest/QA2/version_2_2/vrelaytest.html'

25-10-2024T01:48:50 - [MESSAGE][INFO] - Starting 'Edge Chromium' driver

25-10-2024T01:48:50 - [MESSAGE][INFO] - User set preference: ['acceptInsecureCerts', 'true']

25-10-2024T01:48:52 - [MESSAGE][INFO] - Action delay is set to 0 milliseconds

25-10-2024T01:48:55 - [MESSAGE][PASSED] - Browser is opened with url: 'https://dev-algorithm.govolution.com/vrelaytest/QA2/version_2_2/vrelaytest.html'

25-10-2024T01:48:55 - [TEST_STEP][PASSED] - maximizeWindow(): Current window maximized

25-10-2024T01:48:55 - [MESSAGE][PASSED] - Current window maximized

25-10-2024T01:48:55 - [TEST_STEP][PASSED] - iwpPages.TestHarnessPage.setDataMethodEF(row, dataFile): iwpPages.TestHarnessPage.setDataMethodEF is PASSED

25-10-2024T01:48:56 - [MESSAGE][PASSED] - Object 'Object Repository/IWP30/Page_QATestHarness/RemittanceID' is present

25-10-2024T01:48:56 - [MESSAGE][PASSED] - Text '649' is set on object 'Object Repository/IWP30/Page_QATestHarness/ApplicationID'

25-10-2024T01:48:57 - [MESSAGE][PASSED] - Text '3.0' is set on object 'Object Repository/IWP30/Page_QATestHarness/MessageVersion'

25-10-2024T01:48:58 - [MESSAGE][PASSED] - Text 'GULtj5OP2WLG' is set on object 'Object Repository/IWP30/Page_QATestHarness/RemittanceID'

25-10-2024T01:49:01 - [MESSAGE][PASSED] - Object: 'Object Repository/IWP30/Page_QATestHarness/SubmitButton' is clicked on

25-10-2024T01:49:01 - [MESSAGE][PASSED] - iwpPages.TestHarnessPage.setDataMethodEF is PASSED

25-10-2024T01:49:01 - [TEST_STEP][PASSED] - click(findTestObject("Object Repository/IWP30/Page_SelectPaymentMethod/PayByPersonalCheck")): Object: 'Object Repository/IWP30/Page_SelectPaymentMethod/PayByPersonalCheck' is clicked on

25-10-2024T01:49:02 - [MESSAGE][PASSED] - Object: 'Object Repository/IWP30/Page_SelectPaymentMethod/PayByPersonalCheck' is clicked on

25-10-2024T01:49:02 - [TEST_STEP][PASSED] - click(findTestObject("Object Repository/IWP30/Page_SelectPaymentMethod/MakePaymentButton")): Object: 'Object Repository/IWP30/Page_SelectPaymentMethod/MakePaymentButton' is clicked on

25-10-2024T01:49:04 - [MESSAGE][PASSED] - Object: 'Object Repository/IWP30/Page_SelectPaymentMethod/MakePaymentButton' is clicked on

25-10-2024T01:49:04 - [TEST_STEP][PASSED] - iwpPages.achPersonalPaymentEntryPage.setDataACHPPM(row, dataFile): iwpPages.achPersonalPaymentEntryPage.setDataACHPPM is PASSED

25-10-2024T01:49:04 - [MESSAGE][PASSED] - Object 'Object Repository/IWP30/Page_ACHPersonalPaymentEntry/txt_accountNumber' is present

25-10-2024T01:49:05 - [MESSAGE][PASSED] - Object 'Object Repository/IWP30/Page_ACHPersonalPaymentEntry/txt_UDF2' is present

25-10-2024T01:49:05 - [MESSAGE][PASSED] - Text 'udf data 2' is set on object 'Object Repository/IWP30/Page_ACHPersonalPaymentEntry/txt_UDF2'

25-10-2024T01:49:06 - [MESSAGE][PASSED] - Text 'udf data 3' is set on object 'Object Repository/IWP30/Page_ACHPersonalPaymentEntry/txt_UDF3'

25-10-2024T01:49:06 - [MESSAGE][PASSED] - All options with label 'Orange' are selected in object 'Object Repository/IWP30/Page_ACHPersonalPaymentEntry/dd_UDF7' 

25-10-2024T01:49:07 - [MESSAGE][PASSED] - All options with label 'Soccer' are selected in object 'Object Repository/IWP30/Page_ACHPersonalPaymentEntry/dd_UDF8' 

25-10-2024T01:49:07 - [MESSAGE][PASSED] - Object 'Object Repository/IWP30/Page_ACHPersonalPaymentEntry/txt_Firstname' is present

25-10-2024T01:49:08 - [MESSAGE][PASSED] - Text 'Elizath' is set on object 'Object Repository/IWP30/Page_ACHPersonalPaymentEntry/txt_Firstname'

25-10-2024T01:49:08 - [MESSAGE][PASSED] - Object 'Object Repository/IWP30/Page_ACHPersonalPaymentEntry/txt_Lastname' is present

25-10-2024T01:49:09 - [MESSAGE][PASSED] - Text 'Christine' is set on object 'Object Repository/IWP30/Page_ACHPersonalPaymentEntry/txt_Lastname'

25-10-2024T01:49:09 - [MESSAGE][PASSED] - Object 'Object Repository/IWP30/Page_ACHPersonalPaymentEntry/txt_routingNumber' is present

25-10-2024T01:49:09 - [MESSAGE][PASSED] - Text '256072691' is set on object 'Object Repository/IWP30/Page_ACHPersonalPaymentEntry/txt_routingNumber'

25-10-2024T01:49:10 - [MESSAGE][PASSED] - Object 'Object Repository/IWP30/Page_ACHPersonalPaymentEntry/txt_accountNumber' is present

25-10-2024T01:49:11 - [MESSAGE][PASSED] - Text '12344444' is set on object 'Object Repository/IWP30/Page_ACHPersonalPaymentEntry/txt_accountNumber'

25-10-2024T01:49:12 - [MESSAGE][PASSED] - Object 'Object Repository/IWP30/Page_ACHPersonalPaymentEntry/txt_confirmAccountNumber' is present

25-10-2024T01:49:12 - [MESSAGE][PASSED] - Text '12344444' is set on object 'Object Repository/IWP30/Page_ACHPersonalPaymentEntry/txt_confirmAccountNumber'

25-10-2024T01:49:12 - [MESSAGE][PASSED] - Object 'Object Repository/IWP30/Page_ACHPersonalPaymentEntry/rd_accountType' is present

25-10-2024T01:49:12 - [MESSAGE][PASSED] - Modify property of object successfully

25-10-2024T01:49:13 - [MESSAGE][PASSED] - Object: 'Object Repository/IWP30/Page_ACHPersonalPaymentEntry/rd_accountType' is clicked on

25-10-2024T01:49:13 - [MESSAGE][PASSED] - Text '365 Main Avenue' is set on object 'Object Repository/IWP30/Page_ACHPersonalPaymentEntry/txt_AL1'

25-10-2024T01:49:14 - [MESSAGE][PASSED] - Text '22201' is set on object 'Object Repository/IWP30/Page_ACHPersonalPaymentEntry/txt_ZIP'

25-10-2024T01:49:14 - [MESSAGE][PASSED] - Object 'Object Repository/IWP30/Page_ACHPersonalPaymentEntry/txt_Email' is present

25-10-2024T01:49:15 - [MESSAGE][PASSED] - Text 'iahmed@govolution.com' is set on object 'Object Repository/IWP30/Page_ACHPersonalPaymentEntry/txt_Email'

25-10-2024T01:49:15 - [MESSAGE][PASSED] - Object 'Object Repository/IWP30/Page_ACHPersonalPaymentEntry/cb_TermsAndCond' is present

25-10-2024T01:49:16 - [MESSAGE][PASSED] - Object: 'Object Repository/IWP30/Page_ACHPersonalPaymentEntry/cb_TermsAndCond' is clicked on

25-10-2024T01:49:16 - [MESSAGE][PASSED] - Object 'Object Repository/IWP30/Page_ACHPersonalPaymentEntry/btn_Continue' is present

25-10-2024T01:49:17 - [MESSAGE][PASSED] - Object: 'Object Repository/IWP30/Page_ACHPersonalPaymentEntry/btn_Continue' is clicked on

25-10-2024T01:49:17 - [MESSAGE][PASSED] - iwpPages.achPersonalPaymentEntryPage.setDataACHPPM is PASSED

25-10-2024T01:49:17 - [TEST_STEP][PASSED] - click(findTestObject("Object Repository/IWP30/Page_Confirmation/ConfirmButton")): Object: 'Object Repository/IWP30/Page_Confirmation/ConfirmButton' is clicked on

25-10-2024T01:49:48 - [MESSAGE][INFO] - Unable to find the element located by 'By.xpath: //*[@type = 'submit' and @name = 'confirmNotifyAction' and @id = 'submitYes' and @value = 'Confirm']'. Please recheck the objects properties to make sure the desired element is located. 

25-10-2024T01:49:48 - [MESSAGE][WARNING] - [SELF-HEALING] Failed to find element with id 'Object Repository/IWP30/Page_Confirmation/ConfirmButton'. Try using Self-healing.

25-10-2024T01:49:49 - [MESSAGE][WARNING] - [SELF-HEALING] The current locator of test object 'Object Repository/IWP30/Page_Confirmation/ConfirmButton' was broken. Propose an alternative one: '//div/input'.

25-10-2024T01:49:50 - [MESSAGE][PASSED] - Object: 'Object Repository/IWP30/Page_Confirmation/ConfirmButton' is clicked on

25-10-2024T01:49:50 - [TEST_STEP][PASSED] - Thread.sleep(2000): null

25-10-2024T01:49:52 - [TEST_STEP][PASSED] - if (verifyTextPresent("AutoPay", false)): null

25-10-2024T01:49:53 - [MESSAGE][PASSED] - Text 'AutoPay' is present on page 

25-10-2024T01:49:53 - [TEST_STEP][PASSED] - println("Autopay is present on page. Autopay is created"): null

25-10-2024T01:49:53 - [TEST_STEP][PASSED] - openBrowser(testHarnessURL): Browser is opened with url: 'https://dev-algorithm.govolution.com/vrelaytest/QA2/version_2_2/vrelaytest.html'

25-10-2024T01:49:53 - [MESSAGE][WARNING] - A browser is already opened. Closing browser and opening a new one

25-10-2024T01:49:53 - [MESSAGE][INFO] - Starting 'Edge Chromium' driver

25-10-2024T01:49:53 - [MESSAGE][INFO] - User set preference: ['acceptInsecureCerts', 'true']

25-10-2024T01:49:55 - [MESSAGE][INFO] - Action delay is set to 0 milliseconds

25-10-2024T01:49:59 - [MESSAGE][PASSED] - Browser is opened with url: 'https://dev-algorithm.govolution.com/vrelaytest/QA2/version_2_2/vrelaytest.html'

25-10-2024T01:49:59 - [TEST_STEP][PASSED] - maximizeWindow(): Current window maximized

25-10-2024T01:49:59 - [MESSAGE][PASSED] - Current window maximized

25-10-2024T01:49:59 - [TEST_STEP][PASSED] - iwpPages.TestHarnessPage.setDataMethodEF(row, dataFile): iwpPages.TestHarnessPage.setDataMethodEF is PASSED

25-10-2024T01:49:59 - [MESSAGE][PASSED] - Object 'Object Repository/IWP30/Page_QATestHarness/RemittanceID' is present

25-10-2024T01:50:00 - [MESSAGE][PASSED] - Text '649' is set on object 'Object Repository/IWP30/Page_QATestHarness/ApplicationID'

25-10-2024T01:50:00 - [MESSAGE][PASSED] - Text '3.0' is set on object 'Object Repository/IWP30/Page_QATestHarness/MessageVersion'

25-10-2024T01:50:01 - [MESSAGE][PASSED] - Text 'uQm83fJwVWVH' is set on object 'Object Repository/IWP30/Page_QATestHarness/RemittanceID'

25-10-2024T01:50:05 - [MESSAGE][PASSED] - Object: 'Object Repository/IWP30/Page_QATestHarness/SubmitButton' is clicked on

25-10-2024T01:50:05 - [MESSAGE][PASSED] - iwpPages.TestHarnessPage.setDataMethodEF is PASSED

25-10-2024T01:50:05 - [TEST_STEP][PASSED] - click(findTestObject("Object Repository/IWP30/Page_ManagePlan_Autopay/btn_cancel")): Object: 'Object Repository/IWP30/Page_ManagePlan_Autopay/btn_cancel' is clicked on

25-10-2024T01:50:06 - [MESSAGE][PASSED] - Object: 'Object Repository/IWP30/Page_ManagePlan_Autopay/btn_cancel' is clicked on

25-10-2024T01:50:06 - [TEST_STEP][PASSED] - click(findTestObject("Object Repository/IWP30/Page_CancelPlan/btn_cancel")): Object: 'Object Repository/IWP30/Page_CancelPlan/btn_cancel' is clicked on

25-10-2024T01:50:07 - [MESSAGE][PASSED] - Object: 'Object Repository/IWP30/Page_CancelPlan/btn_cancel' is clicked on

25-10-2024T01:50:07 - [TEST_STEP][PASSED] - if (verifyTextPresent("Your payment plan has been cancelled successfully", false)): null

25-10-2024T01:50:08 - [MESSAGE][PASSED] - Text 'Your payment plan has been cancelled successfully' is present on page 

25-10-2024T01:50:08 - [TEST_STEP][PASSED] - markPassed("Your payment plan has been successfully created and canceled"): Your payment plan has been successfully created and canceled

25-10-2024T01:50:08 - [MESSAGE][PASSED] - Your payment plan has been successfully created and canceled

25-10-2024T01:50:08 - [TEST_STEP][PASSED] - resText = "Pass": null

25-10-2024T01:50:08 - [TEST_STEP][PASSED] - println(row): null

25-10-2024T01:50:08 - [TEST_STEP][PASSED] - pages.WriteExcel.demoKey(resText, datText, resColumn, datCloumn, fileLoc, nameSheet, row): pages.WriteExcel.demoKey is PASSED

25-10-2024T01:50:08 - [MESSAGE][PASSED] - pages.WriteExcel.demoKey is PASSED

25-10-2024T01:50:08 - [TEST_STEP][PASSED] - closeBrowser(): Browser is closed

25-10-2024T01:50:09 - [MESSAGE][PASSED] - Browser is closed]]></system-out>
         <system-err><![CDATA[25-10-2024T01:46:12 - [TEST_CASE][FAILED] - Test Cases/IntegratedWeb/IWP25/Payments/CCAutoPayPS: Test Cases/IntegratedWeb/IWP25/Payments/CCAutoPayPS FAILED.
Reason:
com.kms.katalon.core.exception.StepFailedException: Text 'AutoPay' is not present on page  (Root cause: com.kms.katalon.core.exception.StepFailedException: Text 'AutoPay' is not present on page 
	at com.kms.katalon.core.webui.keyword.internal.WebUIKeywordMain.stepFailed(WebUIKeywordMain.groovy:64)
	at com.kms.katalon.core.webui.keyword.builtin.VerifyTextPresentKeyword$_verifyTextPresent_closure1.doCall(VerifyTextPresentKeyword.groovy:79)
	at com.kms.katalon.core.webui.keyword.builtin.VerifyTextPresentKeyword$_verifyTextPresent_closure1.call(VerifyTextPresentKeyword.groovy)
	at com.kms.katalon.core.webui.keyword.internal.WebUIKeywordMain.runKeyword(WebUIKeywordMain.groovy:20)
	at com.kms.katalon.core.webui.keyword.builtin.VerifyTextPresentKeyword.verifyTextPresent(VerifyTextPresentKeyword.groovy:83)
	at com.kms.katalon.core.webui.keyword.builtin.VerifyTextPresentKeyword.execute(VerifyTextPresentKeyword.groovy:68)
	at com.kms.katalon.core.keyword.internal.KeywordExecutor.executeKeywordForPlatform(KeywordExecutor.groovy:74)
	at com.kms.katalon.core.webui.keyword.WebUiBuiltInKeywords.verifyTextPresent(WebUiBuiltInKeywords.groovy:1762)
	at CCAutoPayPS.run(CCAutoPayPS:91)
	at com.kms.katalon.core.main.ScriptEngine.run(ScriptEngine.java:194)
	at com.kms.katalon.core.main.ScriptEngine.runScriptAsRawText(ScriptEngine.java:119)
	at com.kms.katalon.core.main.TestCaseExecutor.runScript(TestCaseExecutor.java:448)
	at com.kms.katalon.core.main.TestCaseExecutor.doExecute(TestCaseExecutor.java:439)
	at com.kms.katalon.core.main.TestCaseExecutor.processExecutionPhase(TestCaseExecutor.java:418)
	at com.kms.katalon.core.main.TestCaseExecutor.accessMainPhase(TestCaseExecutor.java:410)
	at com.kms.katalon.core.main.TestCaseExecutor.execute(TestCaseExecutor.java:285)
	at com.kms.katalon.core.common.CommonExecutor.accessTestCaseMainPhase(CommonExecutor.java:65)
	at com.kms.katalon.core.main.TestSuiteExecutor.accessTestSuiteMainPhase(TestSuiteExecutor.java:150)
	at com.kms.katalon.core.main.TestSuiteExecutor.execute(TestSuiteExecutor.java:106)
	at com.kms.katalon.core.main.TestCaseMain.startTestSuite(TestCaseMain.java:180)
	at TempTestSuite1729787045812.run(TempTestSuite1729787045812.groovy:35)
	at java.base/jdk.internal.reflect.NativeMethodAccessorImpl.invoke0(Native Method)
	at java.base/jdk.internal.reflect.NativeMethodAccessorImpl.invoke(NativeMethodAccessorImpl.java:77)
	at java.base/jdk.internal.reflect.DelegatingMethodAccessorImpl.invoke(DelegatingMethodAccessorImpl.java:43)
)
	at com.kms.katalon.core.keyword.internal.KeywordMain.stepFailed(KeywordMain.groovy:39)
	at com.kms.katalon.core.webui.keyword.internal.WebUIKeywordMain.stepFailed(WebUIKeywordMain.groovy:64)
	at com.kms.katalon.core.webui.keyword.builtin.VerifyTextPresentKeyword$_verifyTextPresent_closure1.doCall(VerifyTextPresentKeyword.groovy:79)
	at com.kms.katalon.core.webui.keyword.builtin.VerifyTextPresentKeyword$_verifyTextPresent_closure1.call(VerifyTextPresentKeyword.groovy)
	at com.kms.katalon.core.webui.keyword.internal.WebUIKeywordMain.runKeyword(WebUIKeywordMain.groovy:20)
	at com.kms.katalon.core.webui.keyword.builtin.VerifyTextPresentKeyword.verifyTextPresent(VerifyTextPresentKeyword.groovy:83)
	at com.kms.katalon.core.webui.keyword.builtin.VerifyTextPresentKeyword.execute(VerifyTextPresentKeyword.groovy:68)
	at com.kms.katalon.core.keyword.internal.KeywordExecutor.executeKeywordForPlatform(KeywordExecutor.groovy:74)
	at com.kms.katalon.core.webui.keyword.WebUiBuiltInKeywords.verifyTextPresent(WebUiBuiltInKeywords.groovy:1762)
	at CCAutoPayPS.run(CCAutoPayPS:91)
	at com.kms.katalon.core.main.ScriptEngine.run(ScriptEngine.java:194)
	at com.kms.katalon.core.main.ScriptEngine.runScriptAsRawText(ScriptEngine.java:119)
	at com.kms.katalon.core.main.TestCaseExecutor.runScript(TestCaseExecutor.java:448)
	at com.kms.katalon.core.main.TestCaseExecutor.doExecute(TestCaseExecutor.java:439)
	at com.kms.katalon.core.main.TestCaseExecutor.processExecutionPhase(TestCaseExecutor.java:418)
	at com.kms.katalon.core.main.TestCaseExecutor.accessMainPhase(TestCaseExecutor.java:410)
	at com.kms.katalon.core.main.TestCaseExecutor.execute(TestCaseExecutor.java:285)
	at com.kms.katalon.core.common.CommonExecutor.accessTestCaseMainPhase(CommonExecutor.java:65)
	at com.kms.katalon.core.main.TestSuiteExecutor.accessTestSuiteMainPhase(TestSuiteExecutor.java:150)
	at com.kms.katalon.core.main.TestSuiteExecutor.execute(TestSuiteExecutor.java:106)
	at com.kms.katalon.core.main.TestCaseMain.startTestSuite(TestCaseMain.java:180)
	at TempTestSuite1729787045812.run(TempTestSuite1729787045812.groovy:35)
	at java.base/jdk.internal.reflect.NativeMethodAccessorImpl.invoke0(Native Method)
	at java.base/jdk.internal.reflect.NativeMethodAccessorImpl.invoke(NativeMethodAccessorImpl.java:77)
	at java.base/jdk.internal.reflect.DelegatingMethodAccessorImpl.invoke(DelegatingMethodAccessorImpl.java:43)
Caused by: com.kms.katalon.core.exception.StepFailedException: Text 'AutoPay' is not present on page 
	... 24 more]]></system-err>
      </testcase>
      <testcase name="Test Cases/IntegratedWeb/IWP25/Payments/CCDeferredCorp" time="241.907" classname="Test Cases/IntegratedWeb/IWP25/Payments/CCDeferredCorp" status="PASSED">
         <system-out><![CDATA[25-10-2024T01:50:09 - [TEST_CASE][PASSED] - Test Cases/IntegratedWeb/IWP25/Payments/CCDeferredCorp: Test Cases/IntegratedWeb/IWP25/Payments/CCDeferredCorp

25-10-2024T01:50:09 - [TEST_STEP][PASSED] - resText = "Fail": null

25-10-2024T01:50:09 - [TEST_STEP][PASSED] - resColumn = "Result": null

25-10-2024T01:50:09 - [TEST_STEP][PASSED] - datCloumn = "Date": null

25-10-2024T01:50:09 - [TEST_STEP][PASSED] - fileLoc = "KatalonData/IWPTestData/VRelay25PaymentsExtension.xlsx": null

25-10-2024T01:50:09 - [TEST_STEP][PASSED] - numOfRows = <not implemented yet for class: org.codehaus.groovy.ast.expr.EmptyExpression>: null

25-10-2024T01:50:09 - [TEST_STEP][PASSED] - dataFile = <not implemented yet for class: org.codehaus.groovy.ast.expr.EmptyExpression>: null

25-10-2024T01:50:09 - [TEST_STEP][PASSED] - nameSheet = <not implemented yet for class: org.codehaus.groovy.ast.expr.EmptyExpression>: null

25-10-2024T01:50:09 - [TEST_STEP][PASSED] - dataFileEmulator = <not implemented yet for class: org.codehaus.groovy.ast.expr.EmptyExpression>: null

25-10-2024T01:50:09 - [TEST_STEP][PASSED] - isRequiredTextPresent = false: null

25-10-2024T01:50:09 - [TEST_STEP][PASSED] - nameSheet = "CCDeferredPlanCorp": null

25-10-2024T01:50:09 - [TEST_STEP][PASSED] - dataFile = "IWPTestData/IWP25CCDeferredCorp": null

25-10-2024T01:50:09 - [TEST_STEP][PASSED] - dataFileEmulator = "IWPTestData/EmulatorData": null

25-10-2024T01:50:09 - [TEST_STEP][PASSED] - numOfRows = findTestData(dataFile).getRowNumbers(): null

25-10-2024T01:50:09 - [TEST_STEP][PASSED] - println("Number of Records: " + numOfRows): null

25-10-2024T01:50:09 - [TEST_STEP][PASSED] - for ([row = 1, row <= numOfRows, (row++)]): Browser is closed

25-10-2024T01:50:09 - [TEST_STEP][PASSED] - ExecuteTC = findTestData(dataFile).getValue("Execute", row): null

25-10-2024T01:50:09 - [TEST_STEP][PASSED] - out.println("Value of Execute is : " + ExecuteTC): null

25-10-2024T01:50:09 - [TEST_STEP][PASSED] - if (ExecuteTC.equalsIgnoreCase("Y")): null

25-10-2024T01:50:09 - [TEST_STEP][PASSED] - out.println("Begin Record Number: " + row): null

25-10-2024T01:50:09 - [TEST_STEP][PASSED] - today = new java.util.Date(): null

25-10-2024T01:50:09 - [TEST_STEP][PASSED] - println(today): null

25-10-2024T01:50:09 - [TEST_STEP][PASSED] - datText = today: null

25-10-2024T01:50:09 - [TEST_STEP][PASSED] - EmulatorDataKey = findTestData(dataFile).getValue("EmulatorData", row): null

25-10-2024T01:50:09 - [TEST_STEP][PASSED] - out.println("Value of Emulator Key is : " + EmulatorDataKey): null

25-10-2024T01:50:09 - [TEST_STEP][PASSED] - iwpPages.emulatorIWP30.setDataEmulator_DD(EmulatorDataKey): iwpPages.emulatorIWP30.setDataEmulator_DD is PASSED

25-10-2024T01:50:09 - [MESSAGE][INFO] - Starting 'Edge Chromium' driver

25-10-2024T01:50:09 - [MESSAGE][INFO] - User set preference: ['acceptInsecureCerts', 'true']

25-10-2024T01:50:11 - [MESSAGE][INFO] - Action delay is set to 0 milliseconds

25-10-2024T01:50:15 - [MESSAGE][PASSED] - Browser is opened with url: 'https://qa2.velocitypayment.com/agencyx/config.action?action=editor&message_version=2_5'

25-10-2024T01:50:15 - [MESSAGE][PASSED] - Current window maximized

25-10-2024T01:50:46 - [MESSAGE][INFO] - Unable to find the element located by 'By.xpath: //select[@name='message_version']'. Please recheck the objects properties to make sure the desired element is located. 

25-10-2024T01:50:46 - [MESSAGE][WARNING] - [SELF-HEALING] Failed to find element with id 'Object Repository/IWP30/Page_VRelay30Emulator/MV'. Try using Self-healing.

25-10-2024T01:50:46 - [MESSAGE][WARNING] - [SELF-HEALING] The current locator of test object 'Object Repository/IWP30/Page_VRelay30Emulator/MV' was broken. Propose an alternative one: '(.//*[normalize-space(text()) and normalize-space(.)='Message Version'])[1]/following::select[1]'.

25-10-2024T01:50:47 - [MESSAGE][PASSED] - All options with value '2.5' are selected in object 'Object Repository/IWP30/Page_VRelay30Emulator/MV'  using regular expression

25-10-2024T01:50:48 - [MESSAGE][PASSED] - Text '10.50' is set on object 'Object Repository/IWP30/Page_EmulatorAgencyX/Amount'

25-10-2024T01:50:48 - [MESSAGE][PASSED] - Text 'APD5qYm6xMro' is set on object 'Object Repository/IWP30/Page_EmulatorAgencyX/CAN'

25-10-2024T01:50:49 - [MESSAGE][PASSED] - Text 'PayNow' is set on object 'Object Repository/IWP30/Page_EmulatorAgencyX/Action'

25-10-2024T01:50:49 - [MESSAGE][PASSED] - Text 'en_US' is set on object 'Object Repository/IWP30/Page_EmulatorAgencyX/Lang'

25-10-2024T01:50:50 - [MESSAGE][PASSED] - Text '' is set on object 'Object Repository/IWP30/Page_EmulatorAgencyX/Fname'

25-10-2024T01:50:50 - [MESSAGE][PASSED] - Text '' is set on object 'Object Repository/IWP30/Page_EmulatorAgencyX/Lname'

25-10-2024T01:50:51 - [MESSAGE][PASSED] - Text '' is set on object 'Object Repository/IWP30/Page_EmulatorAgencyX/AL1'

25-10-2024T01:50:52 - [MESSAGE][PASSED] - Text '' is set on object 'Object Repository/IWP30/Page_EmulatorAgencyX/AL2'

25-10-2024T01:50:52 - [MESSAGE][PASSED] - Text '' is set on object 'Object Repository/IWP30/Page_EmulatorAgencyX/Country'

25-10-2024T01:50:53 - [MESSAGE][PASSED] - Text '' is set on object 'Object Repository/IWP30/Page_EmulatorAgencyX/City'

25-10-2024T01:50:53 - [MESSAGE][PASSED] - Text '' is set on object 'Object Repository/IWP30/Page_EmulatorAgencyX/State'

25-10-2024T01:50:54 - [MESSAGE][PASSED] - Text '' is set on object 'Object Repository/IWP30/Page_EmulatorAgencyX/ZIP'

25-10-2024T01:50:54 - [MESSAGE][PASSED] - Text '' is set on object 'Object Repository/IWP30/Page_EmulatorAgencyX/Order'

25-10-2024T01:50:55 - [MESSAGE][PASSED] - Text '' is set on object 'Object Repository/IWP30/Page_EmulatorAgencyX/Company'

25-10-2024T01:50:56 - [MESSAGE][PASSED] - Text '' is set on object 'Object Repository/IWP30/Page_EmulatorAgencyX/Email'

25-10-2024T01:50:56 - [MESSAGE][PASSED] - Text '' is set on object 'Object Repository/IWP30/Page_EmulatorAgencyX/UDF1'

25-10-2024T01:50:57 - [MESSAGE][PASSED] - Text '' is set on object 'Object Repository/IWP30/Page_EmulatorAgencyX/UDF2'

25-10-2024T01:50:57 - [MESSAGE][PASSED] - Text '' is set on object 'Object Repository/IWP30/Page_EmulatorAgencyX/UDF3'

25-10-2024T01:50:58 - [MESSAGE][PASSED] - Text 'udf data 4' is set on object 'Object Repository/IWP30/Page_EmulatorAgencyX/UDF4'

25-10-2024T01:50:58 - [MESSAGE][PASSED] - Text 'udf data 5' is set on object 'Object Repository/IWP30/Page_EmulatorAgencyX/UDF5'

25-10-2024T01:50:59 - [MESSAGE][PASSED] - Text '' is set on object 'Object Repository/IWP30/Page_EmulatorAgencyX/UDF6'

25-10-2024T01:51:00 - [MESSAGE][PASSED] - Text '' is set on object 'Object Repository/IWP30/Page_EmulatorAgencyX/UDF7'

25-10-2024T01:51:00 - [MESSAGE][PASSED] - Text '' is set on object 'Object Repository/IWP30/Page_EmulatorAgencyX/UDF8'

25-10-2024T01:51:01 - [MESSAGE][PASSED] - Text 'udf data 9' is set on object 'Object Repository/IWP30/Page_EmulatorAgencyX/UDF9'

25-10-2024T01:51:01 - [MESSAGE][PASSED] - Text 'udf data 10' is set on object 'Object Repository/IWP30/Page_EmulatorAgencyX/UDF10'

25-10-2024T01:51:03 - [MESSAGE][PASSED] - Object: 'Object Repository/IWP30/Page_EmulatorAgencyX/Submit' is clicked on

25-10-2024T01:51:07 - [MESSAGE][PASSED] - Browser is closed

25-10-2024T01:51:11 - [MESSAGE][PASSED] - iwpPages.emulatorIWP30.setDataEmulator_DD is PASSED

25-10-2024T01:51:11 - [TEST_STEP][PASSED] - testHarnessURL = urlTestHarness: null

25-10-2024T01:51:11 - [TEST_STEP][PASSED] - openBrowser(testHarnessURL): Browser is opened with url: 'https://dev-algorithm.govolution.com/vrelaytest/QA2/version_2_2/vrelaytest.html'

25-10-2024T01:51:11 - [MESSAGE][INFO] - Starting 'Edge Chromium' driver

25-10-2024T01:51:11 - [MESSAGE][INFO] - User set preference: ['acceptInsecureCerts', 'true']

25-10-2024T01:51:13 - [MESSAGE][INFO] - Action delay is set to 0 milliseconds

25-10-2024T01:51:16 - [MESSAGE][PASSED] - Browser is opened with url: 'https://dev-algorithm.govolution.com/vrelaytest/QA2/version_2_2/vrelaytest.html'

25-10-2024T01:51:16 - [TEST_STEP][PASSED] - maximizeWindow(): Current window maximized

25-10-2024T01:51:16 - [MESSAGE][PASSED] - Current window maximized

25-10-2024T01:51:16 - [TEST_STEP][PASSED] - iwpPages.TestHarnessPage.setDataMethod(row, dataFile): iwpPages.TestHarnessPage.setDataMethod is PASSED

25-10-2024T01:51:17 - [MESSAGE][PASSED] - Object 'Object Repository/IWP30/Page_QATestHarness/RemittanceID' is present

25-10-2024T01:51:17 - [MESSAGE][PASSED] - Text '638' is set on object 'Object Repository/IWP30/Page_QATestHarness/ApplicationID'

25-10-2024T01:51:18 - [MESSAGE][PASSED] - Text '2.5' is set on object 'Object Repository/IWP30/Page_QATestHarness/MessageVersion'

25-10-2024T01:51:19 - [MESSAGE][PASSED] - Text 'WwwwaD0rSwsj' is set on object 'Object Repository/IWP30/Page_QATestHarness/RemittanceID'

25-10-2024T01:51:23 - [MESSAGE][PASSED] - Object: 'Object Repository/IWP30/Page_QATestHarness/SubmitButton' is clicked on

25-10-2024T01:51:23 - [MESSAGE][PASSED] - iwpPages.TestHarnessPage.setDataMethod is PASSED

25-10-2024T01:51:23 - [TEST_STEP][PASSED] - click(findTestObject("Object Repository/IWP30/Page_SelectPaymentMethod/PayByCorporateCheck")): Object: 'Object Repository/IWP30/Page_SelectPaymentMethod/PayByCorporateCheck' is clicked on

25-10-2024T01:51:23 - [MESSAGE][PASSED] - Object: 'Object Repository/IWP30/Page_SelectPaymentMethod/PayByCorporateCheck' is clicked on

25-10-2024T01:51:23 - [TEST_STEP][PASSED] - click(findTestObject("Object Repository/IWP30/Page_SelectPaymentMethod/MakePaymentButton")): Object: 'Object Repository/IWP30/Page_SelectPaymentMethod/MakePaymentButton' is clicked on

25-10-2024T01:51:26 - [MESSAGE][PASSED] - Object: 'Object Repository/IWP30/Page_SelectPaymentMethod/MakePaymentButton' is clicked on

25-10-2024T01:51:26 - [TEST_STEP][PASSED] - iwpPages.achCorporatePaymentEntryPage.setDataCorporate(row, dataFile): iwpPages.achCorporatePaymentEntryPage.setDataCorporate is PASSED

25-10-2024T01:51:27 - [MESSAGE][PASSED] - Object 'Object Repository/IWP30/Page_ACHCorporatePaymentEntry/txt_accountNumber' is present

25-10-2024T01:51:27 - [MESSAGE][PASSED] - Object 'Object Repository/IWP30/Page_ACHCorporatePaymentEntry/input_CompanyName' is present

25-10-2024T01:51:28 - [MESSAGE][PASSED] - Text 'My Company' is set on object 'Object Repository/IWP30/Page_ACHCorporatePaymentEntry/input_CompanyName'

25-10-2024T01:51:28 - [MESSAGE][PASSED] - Object 'Object Repository/IWP30/Page_ACHCorporatePaymentEntry/input_EIN' is present

25-10-2024T01:51:29 - [MESSAGE][PASSED] - Text '123456789' is set on object 'Object Repository/IWP30/Page_ACHCorporatePaymentEntry/input_EIN'

25-10-2024T01:51:29 - [MESSAGE][PASSED] - Text '10.50' is set on object 'Object Repository/IWP30/Page_ACHCorporatePaymentEntry/txt_Amount'

25-10-2024T01:51:30 - [MESSAGE][PASSED] - Text 'udf data 2' is set on object 'Object Repository/IWP30/Page_ACHCorporatePaymentEntry/txt_UDF2'

25-10-2024T01:51:30 - [MESSAGE][PASSED] - Text 'udf data 3' is set on object 'Object Repository/IWP30/Page_ACHCorporatePaymentEntry/txt_UDF3'

25-10-2024T01:51:31 - [MESSAGE][PASSED] - All options with label 'Orange' are selected in object 'Object Repository/IWP30/Page_ACHCorporatePaymentEntry/dd_UDF7' 

25-10-2024T01:51:31 - [MESSAGE][PASSED] - All options with label 'Soccer' are selected in object 'Object Repository/IWP30/Page_ACHCorporatePaymentEntry/dd_UDF8' 

25-10-2024T01:51:32 - [MESSAGE][PASSED] - Object 'Object Repository/IWP30/Page_ACHCorporatePaymentEntry/txt_routingNumber' is present

25-10-2024T01:51:32 - [MESSAGE][PASSED] - Text '256072691' is set on object 'Object Repository/IWP30/Page_ACHCorporatePaymentEntry/txt_routingNumber'

25-10-2024T01:51:33 - [MESSAGE][PASSED] - Object 'Object Repository/IWP30/Page_ACHCorporatePaymentEntry/txt_accountNumber' is present

25-10-2024T01:51:33 - [MESSAGE][PASSED] - Text '12344444' is set on object 'Object Repository/IWP30/Page_ACHCorporatePaymentEntry/txt_accountNumber'

25-10-2024T01:51:34 - [MESSAGE][PASSED] - Object 'Object Repository/IWP30/Page_ACHCorporatePaymentEntry/txt_confirmAccountNumber' is present

25-10-2024T01:51:35 - [MESSAGE][PASSED] - Text '12344444' is set on object 'Object Repository/IWP30/Page_ACHCorporatePaymentEntry/txt_confirmAccountNumber'

25-10-2024T01:51:35 - [MESSAGE][PASSED] - Execute JavaScript '
				   document.getElementById('processDate').value = '08/09/2025'
				  ' successfully

25-10-2024T01:51:35 - [MESSAGE][PASSED] - Text '365 Main Avenue' is set on object 'Object Repository/IWP30/Page_ACHCorporatePaymentEntry/txt_AL1'

25-10-2024T01:51:36 - [MESSAGE][PASSED] - Text '22201' is set on object 'Object Repository/IWP30/Page_ACHCorporatePaymentEntry/txt_ZIP'

25-10-2024T01:51:36 - [MESSAGE][PASSED] - Object 'Object Repository/IWP30/Page_ACHCorporatePaymentEntry/txt_Email' is present

25-10-2024T01:51:38 - [MESSAGE][PASSED] - Text 'iahmed@govolution.com' is set on object 'Object Repository/IWP30/Page_ACHCorporatePaymentEntry/txt_Email'

25-10-2024T01:51:38 - [MESSAGE][PASSED] - Object 'Object Repository/IWP30/Page_ACHCorporatePaymentEntry/cb_TermsAndCond' is present

25-10-2024T01:51:38 - [MESSAGE][PASSED] - Object: 'Object Repository/IWP30/Page_ACHCorporatePaymentEntry/cb_TermsAndCond' is clicked on

25-10-2024T01:51:39 - [MESSAGE][PASSED] - Object 'Object Repository/IWP30/Page_ACHCorporatePaymentEntry/btn_Continue' is present

25-10-2024T01:51:40 - [MESSAGE][PASSED] - Object: 'Object Repository/IWP30/Page_ACHCorporatePaymentEntry/btn_Continue' is clicked on

25-10-2024T01:51:40 - [MESSAGE][PASSED] - iwpPages.achCorporatePaymentEntryPage.setDataCorporate is PASSED

25-10-2024T01:51:40 - [TEST_STEP][PASSED] - click(findTestObject("Object Repository/IWP30/Page_Confirmation/ConfirmButton")): Object: 'Object Repository/IWP30/Page_Confirmation/ConfirmButton' is clicked on

25-10-2024T01:51:42 - [MESSAGE][PASSED] - Object: 'Object Repository/IWP30/Page_Confirmation/ConfirmButton' is clicked on

25-10-2024T01:51:42 - [TEST_STEP][PASSED] - Thread.sleep(2000): null

25-10-2024T01:51:44 - [TEST_STEP][PASSED] - if (verifyTextPresent("Deferred", false)): null

25-10-2024T01:51:45 - [MESSAGE][PASSED] - Text 'Deferred' is present on page 

25-10-2024T01:51:45 - [TEST_STEP][PASSED] - println("Deferred is present on page. Deferred Pay is created"): null

25-10-2024T01:51:45 - [TEST_STEP][PASSED] - click(findTestObject("Object Repository/IWP30/Page_Receipt/ViewScheduledPaymentsButton")): Object: 'Object Repository/IWP30/Page_Receipt/ViewScheduledPaymentsButton' is clicked on

25-10-2024T01:51:45 - [MESSAGE][PASSED] - Object: 'Object Repository/IWP30/Page_Receipt/ViewScheduledPaymentsButton' is clicked on

25-10-2024T01:51:45 - [TEST_STEP][PASSED] - switchToWindowTitle("View Scheduled Payments"): Switched to window with title: 'View Scheduled Payments'

25-10-2024T01:51:45 - [MESSAGE][PASSED] - Switched to window with title: 'View Scheduled Payments'

25-10-2024T01:51:45 - [TEST_STEP][PASSED] - Thread.sleep(5000): null

25-10-2024T01:51:50 - [TEST_STEP][PASSED] - if (verifyTextPresent("View Scheduled Payments", false)): null

25-10-2024T01:51:50 - [MESSAGE][PASSED] - Text 'View Scheduled Payments' is present on page 

25-10-2024T01:51:50 - [TEST_STEP][PASSED] - click(findTestObject("Object Repository/IWP30/Page_ScheduledPayments/cancel_payment")): Object: 'Object Repository/IWP30/Page_ScheduledPayments/cancel_payment' is clicked on

25-10-2024T01:51:52 - [MESSAGE][PASSED] - Object: 'Object Repository/IWP30/Page_ScheduledPayments/cancel_payment' is clicked on

25-10-2024T01:51:52 - [TEST_STEP][PASSED] - if (verifyTextPresent("Cancel Payment Plan", false)): null

25-10-2024T01:51:53 - [MESSAGE][PASSED] - Text 'Cancel Payment Plan' is present on page 

25-10-2024T01:51:53 - [TEST_STEP][PASSED] - click(findTestObject("Object Repository/IWP30/Page_PaymentPlan/btn_cancel")): Object: 'Object Repository/IWP30/Page_PaymentPlan/btn_cancel' is clicked on

25-10-2024T01:51:53 - [MESSAGE][PASSED] - Object: 'Object Repository/IWP30/Page_PaymentPlan/btn_cancel' is clicked on

25-10-2024T01:51:53 - [TEST_STEP][PASSED] - acceptAlert(): Alert accepted

25-10-2024T01:51:53 - [MESSAGE][PASSED] - Alert accepted

25-10-2024T01:51:53 - [TEST_STEP][PASSED] - if (verifyTextPresent("Your payment plan has been successfully canceled", false)): null

25-10-2024T01:51:55 - [MESSAGE][PASSED] - Text 'Your payment plan has been successfully canceled' is present on page 

25-10-2024T01:51:55 - [TEST_STEP][PASSED] - markPassed("Your payment plan has been successfully created and canceled"): Your payment plan has been successfully created and canceled

25-10-2024T01:51:55 - [MESSAGE][PASSED] - Your payment plan has been successfully created and canceled

25-10-2024T01:51:55 - [TEST_STEP][PASSED] - resText = "Pass": null

25-10-2024T01:51:55 - [TEST_STEP][PASSED] - println(row): null

25-10-2024T01:51:55 - [TEST_STEP][PASSED] - pages.WriteExcel.demoKey(resText, datText, resColumn, datCloumn, fileLoc, nameSheet, row): pages.WriteExcel.demoKey is PASSED

25-10-2024T01:51:55 - [MESSAGE][PASSED] - pages.WriteExcel.demoKey is PASSED

25-10-2024T01:51:55 - [TEST_STEP][PASSED] - closeBrowser(): Browser is closed

25-10-2024T01:51:55 - [MESSAGE][PASSED] - Browser is closed

25-10-2024T01:51:55 - [TEST_STEP][PASSED] - ExecuteTC = findTestData(dataFile).getValue("Execute", row): null

25-10-2024T01:51:55 - [TEST_STEP][PASSED] - out.println("Value of Execute is : " + ExecuteTC): null

25-10-2024T01:51:55 - [TEST_STEP][PASSED] - if (ExecuteTC.equalsIgnoreCase("Y")): null

25-10-2024T01:51:55 - [TEST_STEP][PASSED] - out.println("Begin Record Number: " + row): null

25-10-2024T01:51:55 - [TEST_STEP][PASSED] - today = new java.util.Date(): null

25-10-2024T01:51:55 - [TEST_STEP][PASSED] - println(today): null

25-10-2024T01:51:55 - [TEST_STEP][PASSED] - datText = today: null

25-10-2024T01:51:55 - [TEST_STEP][PASSED] - EmulatorDataKey = findTestData(dataFile).getValue("EmulatorData", row): null

25-10-2024T01:51:55 - [TEST_STEP][PASSED] - out.println("Value of Emulator Key is : " + EmulatorDataKey): null

25-10-2024T01:51:55 - [TEST_STEP][PASSED] - iwpPages.emulatorIWP30.setDataEmulator_DD(EmulatorDataKey): iwpPages.emulatorIWP30.setDataEmulator_DD is PASSED

25-10-2024T01:51:56 - [MESSAGE][INFO] - Starting 'Edge Chromium' driver

25-10-2024T01:51:56 - [MESSAGE][INFO] - User set preference: ['acceptInsecureCerts', 'true']

25-10-2024T01:51:58 - [MESSAGE][INFO] - Action delay is set to 0 milliseconds

25-10-2024T01:52:01 - [MESSAGE][PASSED] - Browser is opened with url: 'https://qa2.velocitypayment.com/agencyx/config.action?action=editor&message_version=3_0'

25-10-2024T01:52:01 - [MESSAGE][PASSED] - Current window maximized

25-10-2024T01:52:33 - [MESSAGE][INFO] - Unable to find the element located by 'By.xpath: //select[@name='message_version']'. Please recheck the objects properties to make sure the desired element is located. 

25-10-2024T01:52:33 - [MESSAGE][WARNING] - [SELF-HEALING] Failed to find element with id 'Object Repository/IWP30/Page_VRelay30Emulator/MV'. Try using Self-healing.

25-10-2024T01:52:33 - [MESSAGE][WARNING] - [SELF-HEALING] The current locator of test object 'Object Repository/IWP30/Page_VRelay30Emulator/MV' was broken. Propose an alternative one: '(.//*[normalize-space(text()) and normalize-space(.)='Message Version'])[1]/following::select[1]'.

25-10-2024T01:52:33 - [MESSAGE][PASSED] - All options with value '3.0' are selected in object 'Object Repository/IWP30/Page_VRelay30Emulator/MV'  using regular expression

25-10-2024T01:52:34 - [MESSAGE][PASSED] - Text '10.50' is set on object 'Object Repository/IWP30/Page_EmulatorAgencyX/Amount'

25-10-2024T01:52:35 - [MESSAGE][PASSED] - Text 'K3fBfa2CFryu' is set on object 'Object Repository/IWP30/Page_EmulatorAgencyX/CAN'

25-10-2024T01:52:35 - [MESSAGE][PASSED] - Text 'PayNow' is set on object 'Object Repository/IWP30/Page_EmulatorAgencyX/Action'

25-10-2024T01:52:36 - [MESSAGE][PASSED] - Text 'en_US' is set on object 'Object Repository/IWP30/Page_EmulatorAgencyX/Lang'

25-10-2024T01:52:36 - [MESSAGE][PASSED] - Text '' is set on object 'Object Repository/IWP30/Page_EmulatorAgencyX/Fname'

25-10-2024T01:52:37 - [MESSAGE][PASSED] - Text '' is set on object 'Object Repository/IWP30/Page_EmulatorAgencyX/Lname'

25-10-2024T01:52:37 - [MESSAGE][PASSED] - Text '' is set on object 'Object Repository/IWP30/Page_EmulatorAgencyX/AL1'

25-10-2024T01:52:38 - [MESSAGE][PASSED] - Text '' is set on object 'Object Repository/IWP30/Page_EmulatorAgencyX/AL2'

25-10-2024T01:52:39 - [MESSAGE][PASSED] - Text '' is set on object 'Object Repository/IWP30/Page_EmulatorAgencyX/Country'

25-10-2024T01:52:39 - [MESSAGE][PASSED] - Text '' is set on object 'Object Repository/IWP30/Page_EmulatorAgencyX/City'

25-10-2024T01:52:40 - [MESSAGE][PASSED] - Text '' is set on object 'Object Repository/IWP30/Page_EmulatorAgencyX/State'

25-10-2024T01:52:40 - [MESSAGE][PASSED] - Text '' is set on object 'Object Repository/IWP30/Page_EmulatorAgencyX/ZIP'

25-10-2024T01:52:41 - [MESSAGE][PASSED] - Text '' is set on object 'Object Repository/IWP30/Page_EmulatorAgencyX/Order'

25-10-2024T01:52:41 - [MESSAGE][PASSED] - Text '' is set on object 'Object Repository/IWP30/Page_EmulatorAgencyX/Company'

25-10-2024T01:52:42 - [MESSAGE][PASSED] - Text '' is set on object 'Object Repository/IWP30/Page_EmulatorAgencyX/Email'

25-10-2024T01:52:43 - [MESSAGE][PASSED] - Text '' is set on object 'Object Repository/IWP30/Page_EmulatorAgencyX/UDF1'

25-10-2024T01:52:43 - [MESSAGE][PASSED] - Text '' is set on object 'Object Repository/IWP30/Page_EmulatorAgencyX/UDF2'

25-10-2024T01:52:44 - [MESSAGE][PASSED] - Text '' is set on object 'Object Repository/IWP30/Page_EmulatorAgencyX/UDF3'

25-10-2024T01:52:44 - [MESSAGE][PASSED] - Text 'udf data 4' is set on object 'Object Repository/IWP30/Page_EmulatorAgencyX/UDF4'

25-10-2024T01:52:45 - [MESSAGE][PASSED] - Text 'udf data 5' is set on object 'Object Repository/IWP30/Page_EmulatorAgencyX/UDF5'

25-10-2024T01:52:45 - [MESSAGE][PASSED] - Text '' is set on object 'Object Repository/IWP30/Page_EmulatorAgencyX/UDF6'

25-10-2024T01:52:46 - [MESSAGE][PASSED] - Text '' is set on object 'Object Repository/IWP30/Page_EmulatorAgencyX/UDF7'

25-10-2024T01:52:47 - [MESSAGE][PASSED] - Text '' is set on object 'Object Repository/IWP30/Page_EmulatorAgencyX/UDF8'

25-10-2024T01:52:47 - [MESSAGE][PASSED] - Text 'udf data 9' is set on object 'Object Repository/IWP30/Page_EmulatorAgencyX/UDF9'

25-10-2024T01:52:48 - [MESSAGE][PASSED] - Text 'udf data 10' is set on object 'Object Repository/IWP30/Page_EmulatorAgencyX/UDF10'

25-10-2024T01:52:49 - [MESSAGE][PASSED] - Object: 'Object Repository/IWP30/Page_EmulatorAgencyX/Submit' is clicked on

25-10-2024T01:52:54 - [MESSAGE][PASSED] - Browser is closed

25-10-2024T01:52:58 - [MESSAGE][PASSED] - iwpPages.emulatorIWP30.setDataEmulator_DD is PASSED

25-10-2024T01:52:58 - [TEST_STEP][PASSED] - testHarnessURL = urlTestHarness: null

25-10-2024T01:52:58 - [TEST_STEP][PASSED] - openBrowser(testHarnessURL): Browser is opened with url: 'https://dev-algorithm.govolution.com/vrelaytest/QA2/version_2_2/vrelaytest.html'

25-10-2024T01:52:58 - [MESSAGE][INFO] - Starting 'Edge Chromium' driver

25-10-2024T01:52:58 - [MESSAGE][INFO] - User set preference: ['acceptInsecureCerts', 'true']

25-10-2024T01:53:00 - [MESSAGE][INFO] - Action delay is set to 0 milliseconds

25-10-2024T01:53:03 - [MESSAGE][PASSED] - Browser is opened with url: 'https://dev-algorithm.govolution.com/vrelaytest/QA2/version_2_2/vrelaytest.html'

25-10-2024T01:53:03 - [TEST_STEP][PASSED] - maximizeWindow(): Current window maximized

25-10-2024T01:53:03 - [MESSAGE][PASSED] - Current window maximized

25-10-2024T01:53:03 - [TEST_STEP][PASSED] - iwpPages.TestHarnessPage.setDataMethod(row, dataFile): iwpPages.TestHarnessPage.setDataMethod is PASSED

25-10-2024T01:53:03 - [MESSAGE][PASSED] - Object 'Object Repository/IWP30/Page_QATestHarness/RemittanceID' is present

25-10-2024T01:53:04 - [MESSAGE][PASSED] - Text '649' is set on object 'Object Repository/IWP30/Page_QATestHarness/ApplicationID'

25-10-2024T01:53:04 - [MESSAGE][PASSED] - Text '3.0' is set on object 'Object Repository/IWP30/Page_QATestHarness/MessageVersion'

25-10-2024T01:53:05 - [MESSAGE][PASSED] - Text 'U0i4f3DU1Z3M' is set on object 'Object Repository/IWP30/Page_QATestHarness/RemittanceID'

25-10-2024T01:53:08 - [MESSAGE][PASSED] - Object: 'Object Repository/IWP30/Page_QATestHarness/SubmitButton' is clicked on

25-10-2024T01:53:08 - [MESSAGE][PASSED] - iwpPages.TestHarnessPage.setDataMethod is PASSED

25-10-2024T01:53:08 - [TEST_STEP][PASSED] - click(findTestObject("Object Repository/IWP30/Page_SelectPaymentMethod/PayByCorporateCheck")): Object: 'Object Repository/IWP30/Page_SelectPaymentMethod/PayByCorporateCheck' is clicked on

25-10-2024T01:53:09 - [MESSAGE][PASSED] - Object: 'Object Repository/IWP30/Page_SelectPaymentMethod/PayByCorporateCheck' is clicked on

25-10-2024T01:53:09 - [TEST_STEP][PASSED] - click(findTestObject("Object Repository/IWP30/Page_SelectPaymentMethod/MakePaymentButton")): Object: 'Object Repository/IWP30/Page_SelectPaymentMethod/MakePaymentButton' is clicked on

25-10-2024T01:53:11 - [MESSAGE][PASSED] - Object: 'Object Repository/IWP30/Page_SelectPaymentMethod/MakePaymentButton' is clicked on

25-10-2024T01:53:11 - [TEST_STEP][PASSED] - iwpPages.achCorporatePaymentEntryPage.setDataCorporate(row, dataFile): iwpPages.achCorporatePaymentEntryPage.setDataCorporate is PASSED

25-10-2024T01:53:12 - [MESSAGE][PASSED] - Object 'Object Repository/IWP30/Page_ACHCorporatePaymentEntry/txt_accountNumber' is present

25-10-2024T01:53:12 - [MESSAGE][PASSED] - Object 'Object Repository/IWP30/Page_ACHCorporatePaymentEntry/input_CompanyName' is present

25-10-2024T01:53:13 - [MESSAGE][PASSED] - Text 'My Company' is set on object 'Object Repository/IWP30/Page_ACHCorporatePaymentEntry/input_CompanyName'

25-10-2024T01:53:13 - [MESSAGE][PASSED] - Object 'Object Repository/IWP30/Page_ACHCorporatePaymentEntry/input_EIN' is present

25-10-2024T01:53:14 - [MESSAGE][PASSED] - Text '123456789' is set on object 'Object Repository/IWP30/Page_ACHCorporatePaymentEntry/input_EIN'

25-10-2024T01:53:14 - [MESSAGE][PASSED] - Text '10.50' is set on object 'Object Repository/IWP30/Page_ACHCorporatePaymentEntry/txt_Amount'

25-10-2024T01:53:15 - [MESSAGE][PASSED] - Text 'udf data 2' is set on object 'Object Repository/IWP30/Page_ACHCorporatePaymentEntry/txt_UDF2'

25-10-2024T01:53:16 - [MESSAGE][PASSED] - Text 'udf data 3' is set on object 'Object Repository/IWP30/Page_ACHCorporatePaymentEntry/txt_UDF3'

25-10-2024T01:53:16 - [MESSAGE][PASSED] - All options with label 'Orange' are selected in object 'Object Repository/IWP30/Page_ACHCorporatePaymentEntry/dd_UDF7' 

25-10-2024T01:53:17 - [MESSAGE][PASSED] - All options with label 'Soccer' are selected in object 'Object Repository/IWP30/Page_ACHCorporatePaymentEntry/dd_UDF8' 

25-10-2024T01:53:17 - [MESSAGE][PASSED] - Object 'Object Repository/IWP30/Page_ACHCorporatePaymentEntry/txt_routingNumber' is present

25-10-2024T01:53:18 - [MESSAGE][PASSED] - Text '256072691' is set on object 'Object Repository/IWP30/Page_ACHCorporatePaymentEntry/txt_routingNumber'

25-10-2024T01:53:18 - [MESSAGE][PASSED] - Object 'Object Repository/IWP30/Page_ACHCorporatePaymentEntry/txt_accountNumber' is present

25-10-2024T01:53:19 - [MESSAGE][PASSED] - Text '12344444' is set on object 'Object Repository/IWP30/Page_ACHCorporatePaymentEntry/txt_accountNumber'

25-10-2024T01:53:19 - [MESSAGE][PASSED] - Object 'Object Repository/IWP30/Page_ACHCorporatePaymentEntry/txt_confirmAccountNumber' is present

25-10-2024T01:53:20 - [MESSAGE][PASSED] - Text '12344444' is set on object 'Object Repository/IWP30/Page_ACHCorporatePaymentEntry/txt_confirmAccountNumber'

25-10-2024T01:53:20 - [MESSAGE][PASSED] - Execute JavaScript '
				   document.getElementById('processDate').value = '08/09/2025'
				  ' successfully

25-10-2024T01:53:20 - [MESSAGE][PASSED] - Text '365 Main Avenue' is set on object 'Object Repository/IWP30/Page_ACHCorporatePaymentEntry/txt_AL1'

25-10-2024T01:53:21 - [MESSAGE][PASSED] - Text '22201' is set on object 'Object Repository/IWP30/Page_ACHCorporatePaymentEntry/txt_ZIP'

25-10-2024T01:53:21 - [MESSAGE][PASSED] - Object 'Object Repository/IWP30/Page_ACHCorporatePaymentEntry/txt_Email' is present

25-10-2024T01:53:22 - [MESSAGE][PASSED] - Text 'iahmed@govolution.com' is set on object 'Object Repository/IWP30/Page_ACHCorporatePaymentEntry/txt_Email'

25-10-2024T01:53:23 - [MESSAGE][PASSED] - Object 'Object Repository/IWP30/Page_ACHCorporatePaymentEntry/cb_TermsAndCond' is present

25-10-2024T01:53:23 - [MESSAGE][PASSED] - Object: 'Object Repository/IWP30/Page_ACHCorporatePaymentEntry/cb_TermsAndCond' is clicked on

25-10-2024T01:53:23 - [MESSAGE][PASSED] - Object 'Object Repository/IWP30/Page_ACHCorporatePaymentEntry/btn_Continue' is present

25-10-2024T01:53:25 - [MESSAGE][PASSED] - Object: 'Object Repository/IWP30/Page_ACHCorporatePaymentEntry/btn_Continue' is clicked on

25-10-2024T01:53:25 - [MESSAGE][PASSED] - iwpPages.achCorporatePaymentEntryPage.setDataCorporate is PASSED

25-10-2024T01:53:25 - [TEST_STEP][PASSED] - click(findTestObject("Object Repository/IWP30/Page_Confirmation/ConfirmButton")): Object: 'Object Repository/IWP30/Page_Confirmation/ConfirmButton' is clicked on

25-10-2024T01:53:56 - [MESSAGE][INFO] - Unable to find the element located by 'By.xpath: //*[@type = 'submit' and @name = 'confirmNotifyAction' and @id = 'submitYes' and @value = 'Confirm']'. Please recheck the objects properties to make sure the desired element is located. 

25-10-2024T01:53:56 - [MESSAGE][WARNING] - [SELF-HEALING] Failed to find element with id 'Object Repository/IWP30/Page_Confirmation/ConfirmButton'. Try using Self-healing.

25-10-2024T01:53:56 - [MESSAGE][WARNING] - [SELF-HEALING] The current locator of test object 'Object Repository/IWP30/Page_Confirmation/ConfirmButton' was broken. Propose an alternative one: '//div/input'.

25-10-2024T01:53:58 - [MESSAGE][PASSED] - Object: 'Object Repository/IWP30/Page_Confirmation/ConfirmButton' is clicked on

25-10-2024T01:53:58 - [TEST_STEP][PASSED] - Thread.sleep(2000): null

25-10-2024T01:54:00 - [TEST_STEP][PASSED] - if (verifyTextPresent("Deferred", false)): null

25-10-2024T01:54:00 - [MESSAGE][PASSED] - Text 'Deferred' is present on page 

25-10-2024T01:54:00 - [TEST_STEP][PASSED] - println("Deferred is present on page. Deferred Pay is created"): null

25-10-2024T01:54:00 - [TEST_STEP][PASSED] - click(findTestObject("Object Repository/IWP30/Page_Receipt/ViewScheduledPaymentsButton")): Object: 'Object Repository/IWP30/Page_Receipt/ViewScheduledPaymentsButton' is clicked on

25-10-2024T01:54:00 - [MESSAGE][PASSED] - Object: 'Object Repository/IWP30/Page_Receipt/ViewScheduledPaymentsButton' is clicked on

25-10-2024T01:54:00 - [TEST_STEP][PASSED] - switchToWindowTitle("View Scheduled Payments"): Switched to window with title: 'View Scheduled Payments'

25-10-2024T01:54:01 - [MESSAGE][PASSED] - Switched to window with title: 'View Scheduled Payments'

25-10-2024T01:54:01 - [TEST_STEP][PASSED] - Thread.sleep(5000): null

25-10-2024T01:54:06 - [TEST_STEP][PASSED] - if (verifyTextPresent("View Scheduled Payments", false)): null

25-10-2024T01:54:06 - [MESSAGE][PASSED] - Text 'View Scheduled Payments' is present on page 

25-10-2024T01:54:06 - [TEST_STEP][PASSED] - click(findTestObject("Object Repository/IWP30/Page_ScheduledPayments/cancel_payment")): Object: 'Object Repository/IWP30/Page_ScheduledPayments/cancel_payment' is clicked on

25-10-2024T01:54:07 - [MESSAGE][PASSED] - Object: 'Object Repository/IWP30/Page_ScheduledPayments/cancel_payment' is clicked on

25-10-2024T01:54:07 - [TEST_STEP][PASSED] - if (verifyTextPresent("Cancel Payment Plan", false)): null

25-10-2024T01:54:08 - [MESSAGE][PASSED] - Text 'Cancel Payment Plan' is present on page 

25-10-2024T01:54:08 - [TEST_STEP][PASSED] - click(findTestObject("Object Repository/IWP30/Page_PaymentPlan/btn_cancel")): Object: 'Object Repository/IWP30/Page_PaymentPlan/btn_cancel' is clicked on

25-10-2024T01:54:08 - [MESSAGE][PASSED] - Object: 'Object Repository/IWP30/Page_PaymentPlan/btn_cancel' is clicked on

25-10-2024T01:54:08 - [TEST_STEP][PASSED] - acceptAlert(): Alert accepted

25-10-2024T01:54:08 - [MESSAGE][PASSED] - Alert accepted

25-10-2024T01:54:08 - [TEST_STEP][PASSED] - if (verifyTextPresent("Your payment plan has been successfully canceled", false)): null

25-10-2024T01:54:10 - [MESSAGE][PASSED] - Text 'Your payment plan has been successfully canceled' is present on page 

25-10-2024T01:54:10 - [TEST_STEP][PASSED] - markPassed("Your payment plan has been successfully created and canceled"): Your payment plan has been successfully created and canceled

25-10-2024T01:54:10 - [MESSAGE][PASSED] - Your payment plan has been successfully created and canceled

25-10-2024T01:54:10 - [TEST_STEP][PASSED] - resText = "Pass": null

25-10-2024T01:54:10 - [TEST_STEP][PASSED] - println(row): null

25-10-2024T01:54:10 - [TEST_STEP][PASSED] - pages.WriteExcel.demoKey(resText, datText, resColumn, datCloumn, fileLoc, nameSheet, row): pages.WriteExcel.demoKey is PASSED

25-10-2024T01:54:10 - [MESSAGE][PASSED] - pages.WriteExcel.demoKey is PASSED

25-10-2024T01:54:10 - [TEST_STEP][PASSED] - closeBrowser(): Browser is closed

25-10-2024T01:54:10 - [MESSAGE][PASSED] - Browser is closed]]></system-out>
         <system-err><![CDATA[]]></system-err>
      </testcase>
      <testcase name="Test Cases/IntegratedWeb/IWP25/Payments/CCDeferredCredit" time="211.21" classname="Test Cases/IntegratedWeb/IWP25/Payments/CCDeferredCredit" status="PASSED">
         <system-out><![CDATA[25-10-2024T01:54:11 - [TEST_CASE][PASSED] - Test Cases/IntegratedWeb/IWP25/Payments/CCDeferredCredit: Test Cases/IntegratedWeb/IWP25/Payments/CCDeferredCredit

25-10-2024T01:54:11 - [TEST_STEP][PASSED] - resText = "Fail": null

25-10-2024T01:54:11 - [TEST_STEP][PASSED] - resColumn = "Result": null

25-10-2024T01:54:11 - [TEST_STEP][PASSED] - datCloumn = "Date": null

25-10-2024T01:54:11 - [TEST_STEP][PASSED] - fileLoc = "KatalonData/IWPTestData/VRelay25PaymentsExtension.xlsx": null

25-10-2024T01:54:11 - [TEST_STEP][PASSED] - numOfRows = <not implemented yet for class: org.codehaus.groovy.ast.expr.EmptyExpression>: null

25-10-2024T01:54:11 - [TEST_STEP][PASSED] - dataFile = <not implemented yet for class: org.codehaus.groovy.ast.expr.EmptyExpression>: null

25-10-2024T01:54:11 - [TEST_STEP][PASSED] - nameSheet = <not implemented yet for class: org.codehaus.groovy.ast.expr.EmptyExpression>: null

25-10-2024T01:54:11 - [TEST_STEP][PASSED] - dataFileEmulator = <not implemented yet for class: org.codehaus.groovy.ast.expr.EmptyExpression>: null

25-10-2024T01:54:11 - [TEST_STEP][PASSED] - isRequiredTextPresent = false: null

25-10-2024T01:54:11 - [TEST_STEP][PASSED] - nameSheet = "CCDeferredPlanCredit": null

25-10-2024T01:54:11 - [TEST_STEP][PASSED] - dataFile = "IWPTestData/IWP25CCDeferredCredit": null

25-10-2024T01:54:11 - [TEST_STEP][PASSED] - dataFileEmulator = "IWPTestData/EmulatorData": null

25-10-2024T01:54:11 - [TEST_STEP][PASSED] - numOfRows = findTestData(dataFile).getRowNumbers(): null

25-10-2024T01:54:11 - [TEST_STEP][PASSED] - println("Number of Records: " + numOfRows): null

25-10-2024T01:54:11 - [TEST_STEP][PASSED] - for ([row = 1, row <= numOfRows, (row++)]): Browser is closed

25-10-2024T01:54:11 - [TEST_STEP][PASSED] - ExecuteTC = findTestData(dataFile).getValue("Execute", row): null

25-10-2024T01:54:11 - [TEST_STEP][PASSED] - out.println("Value of Execute is : " + ExecuteTC): null

25-10-2024T01:54:11 - [TEST_STEP][PASSED] - if (ExecuteTC.equalsIgnoreCase("Y")): null

25-10-2024T01:54:11 - [TEST_STEP][PASSED] - out.println("Begin Record Number: " + row): null

25-10-2024T01:54:11 - [TEST_STEP][PASSED] - today = new java.util.Date(): null

25-10-2024T01:54:11 - [TEST_STEP][PASSED] - println(today): null

25-10-2024T01:54:11 - [TEST_STEP][PASSED] - datText = today: null

25-10-2024T01:54:11 - [TEST_STEP][PASSED] - EmulatorDataKey = findTestData(dataFile).getValue("EmulatorData", row): null

25-10-2024T01:54:11 - [TEST_STEP][PASSED] - out.println("Value of Emulator Key is : " + EmulatorDataKey): null

25-10-2024T01:54:11 - [TEST_STEP][PASSED] - iwpPages.emulatorIWP30.setDataEmulator_DD(EmulatorDataKey): iwpPages.emulatorIWP30.setDataEmulator_DD is PASSED

25-10-2024T01:54:11 - [MESSAGE][INFO] - Starting 'Edge Chromium' driver

25-10-2024T01:54:11 - [MESSAGE][INFO] - User set preference: ['acceptInsecureCerts', 'true']

25-10-2024T01:54:13 - [MESSAGE][INFO] - Action delay is set to 0 milliseconds

25-10-2024T01:54:17 - [MESSAGE][PASSED] - Browser is opened with url: 'https://qa2.velocitypayment.com/agencyx/config.action?action=editor&message_version=2_5'

25-10-2024T01:54:17 - [MESSAGE][PASSED] - Current window maximized

25-10-2024T01:54:48 - [MESSAGE][INFO] - Unable to find the element located by 'By.xpath: //select[@name='message_version']'. Please recheck the objects properties to make sure the desired element is located. 

25-10-2024T01:54:48 - [MESSAGE][WARNING] - [SELF-HEALING] Failed to find element with id 'Object Repository/IWP30/Page_VRelay30Emulator/MV'. Try using Self-healing.

25-10-2024T01:54:49 - [MESSAGE][WARNING] - [SELF-HEALING] The current locator of test object 'Object Repository/IWP30/Page_VRelay30Emulator/MV' was broken. Propose an alternative one: '(.//*[normalize-space(text()) and normalize-space(.)='Message Version'])[1]/following::select[1]'.

25-10-2024T01:54:49 - [MESSAGE][PASSED] - All options with value '2.5' are selected in object 'Object Repository/IWP30/Page_VRelay30Emulator/MV'  using regular expression

25-10-2024T01:54:50 - [MESSAGE][PASSED] - Text '10.50' is set on object 'Object Repository/IWP30/Page_EmulatorAgencyX/Amount'

25-10-2024T01:54:51 - [MESSAGE][PASSED] - Text '6UyV8Usrb9i5' is set on object 'Object Repository/IWP30/Page_EmulatorAgencyX/CAN'

25-10-2024T01:54:51 - [MESSAGE][PASSED] - Text 'PayNow' is set on object 'Object Repository/IWP30/Page_EmulatorAgencyX/Action'

25-10-2024T01:54:52 - [MESSAGE][PASSED] - Text 'en_US' is set on object 'Object Repository/IWP30/Page_EmulatorAgencyX/Lang'

25-10-2024T01:54:52 - [MESSAGE][PASSED] - Text '' is set on object 'Object Repository/IWP30/Page_EmulatorAgencyX/Fname'

25-10-2024T01:54:53 - [MESSAGE][PASSED] - Text '' is set on object 'Object Repository/IWP30/Page_EmulatorAgencyX/Lname'

25-10-2024T01:54:54 - [MESSAGE][PASSED] - Text '' is set on object 'Object Repository/IWP30/Page_EmulatorAgencyX/AL1'

25-10-2024T01:54:54 - [MESSAGE][PASSED] - Text '' is set on object 'Object Repository/IWP30/Page_EmulatorAgencyX/AL2'

25-10-2024T01:54:55 - [MESSAGE][PASSED] - Text '' is set on object 'Object Repository/IWP30/Page_EmulatorAgencyX/Country'

25-10-2024T01:54:55 - [MESSAGE][PASSED] - Text '' is set on object 'Object Repository/IWP30/Page_EmulatorAgencyX/City'

25-10-2024T01:54:56 - [MESSAGE][PASSED] - Text '' is set on object 'Object Repository/IWP30/Page_EmulatorAgencyX/State'

25-10-2024T01:54:56 - [MESSAGE][PASSED] - Text '' is set on object 'Object Repository/IWP30/Page_EmulatorAgencyX/ZIP'

25-10-2024T01:54:57 - [MESSAGE][PASSED] - Text '' is set on object 'Object Repository/IWP30/Page_EmulatorAgencyX/Order'

25-10-2024T01:54:58 - [MESSAGE][PASSED] - Text '' is set on object 'Object Repository/IWP30/Page_EmulatorAgencyX/Company'

25-10-2024T01:54:58 - [MESSAGE][PASSED] - Text '' is set on object 'Object Repository/IWP30/Page_EmulatorAgencyX/Email'

25-10-2024T01:54:59 - [MESSAGE][PASSED] - Text '' is set on object 'Object Repository/IWP30/Page_EmulatorAgencyX/UDF1'

25-10-2024T01:54:59 - [MESSAGE][PASSED] - Text '' is set on object 'Object Repository/IWP30/Page_EmulatorAgencyX/UDF2'

25-10-2024T01:55:00 - [MESSAGE][PASSED] - Text '' is set on object 'Object Repository/IWP30/Page_EmulatorAgencyX/UDF3'

25-10-2024T01:55:00 - [MESSAGE][PASSED] - Text 'udf data 4' is set on object 'Object Repository/IWP30/Page_EmulatorAgencyX/UDF4'

25-10-2024T01:55:01 - [MESSAGE][PASSED] - Text 'udf data 5' is set on object 'Object Repository/IWP30/Page_EmulatorAgencyX/UDF5'

25-10-2024T01:55:02 - [MESSAGE][PASSED] - Text '' is set on object 'Object Repository/IWP30/Page_EmulatorAgencyX/UDF6'

25-10-2024T01:55:02 - [MESSAGE][PASSED] - Text '' is set on object 'Object Repository/IWP30/Page_EmulatorAgencyX/UDF7'

25-10-2024T01:55:03 - [MESSAGE][PASSED] - Text '' is set on object 'Object Repository/IWP30/Page_EmulatorAgencyX/UDF8'

25-10-2024T01:55:03 - [MESSAGE][PASSED] - Text 'udf data 9' is set on object 'Object Repository/IWP30/Page_EmulatorAgencyX/UDF9'

25-10-2024T01:55:04 - [MESSAGE][PASSED] - Text 'udf data 10' is set on object 'Object Repository/IWP30/Page_EmulatorAgencyX/UDF10'

25-10-2024T01:55:05 - [MESSAGE][PASSED] - Object: 'Object Repository/IWP30/Page_EmulatorAgencyX/Submit' is clicked on

25-10-2024T01:55:10 - [MESSAGE][PASSED] - Browser is closed

25-10-2024T01:55:14 - [MESSAGE][PASSED] - iwpPages.emulatorIWP30.setDataEmulator_DD is PASSED

25-10-2024T01:55:14 - [TEST_STEP][PASSED] - testHarnessURL = urlTestHarness: null

25-10-2024T01:55:14 - [TEST_STEP][PASSED] - openBrowser(testHarnessURL): Browser is opened with url: 'https://dev-algorithm.govolution.com/vrelaytest/QA2/version_2_2/vrelaytest.html'

25-10-2024T01:55:14 - [MESSAGE][INFO] - Starting 'Edge Chromium' driver

25-10-2024T01:55:14 - [MESSAGE][INFO] - User set preference: ['acceptInsecureCerts', 'true']

25-10-2024T01:55:16 - [MESSAGE][INFO] - Action delay is set to 0 milliseconds

25-10-2024T01:55:19 - [MESSAGE][PASSED] - Browser is opened with url: 'https://dev-algorithm.govolution.com/vrelaytest/QA2/version_2_2/vrelaytest.html'

25-10-2024T01:55:19 - [TEST_STEP][PASSED] - maximizeWindow(): Current window maximized

25-10-2024T01:55:19 - [MESSAGE][PASSED] - Current window maximized

25-10-2024T01:55:19 - [TEST_STEP][PASSED] - iwpPages.TestHarnessPage.setDataMethod(row, dataFile): iwpPages.TestHarnessPage.setDataMethod is PASSED

25-10-2024T01:55:20 - [MESSAGE][PASSED] - Object 'Object Repository/IWP30/Page_QATestHarness/RemittanceID' is present

25-10-2024T01:55:20 - [MESSAGE][PASSED] - Text '638' is set on object 'Object Repository/IWP30/Page_QATestHarness/ApplicationID'

25-10-2024T01:55:21 - [MESSAGE][PASSED] - Text '2.5' is set on object 'Object Repository/IWP30/Page_QATestHarness/MessageVersion'

25-10-2024T01:55:22 - [MESSAGE][PASSED] - Text '9FEvwYFcpBn4' is set on object 'Object Repository/IWP30/Page_QATestHarness/RemittanceID'

25-10-2024T01:55:26 - [MESSAGE][PASSED] - Object: 'Object Repository/IWP30/Page_QATestHarness/SubmitButton' is clicked on

25-10-2024T01:55:26 - [MESSAGE][PASSED] - iwpPages.TestHarnessPage.setDataMethod is PASSED

25-10-2024T01:55:26 - [TEST_STEP][PASSED] - click(findTestObject("Object Repository/IWP30/Page_SelectPaymentMethod/PayByCreditCard")): Object: 'Object Repository/IWP30/Page_SelectPaymentMethod/PayByCreditCard' is clicked on

25-10-2024T01:55:26 - [MESSAGE][PASSED] - Object: 'Object Repository/IWP30/Page_SelectPaymentMethod/PayByCreditCard' is clicked on

25-10-2024T01:55:26 - [TEST_STEP][PASSED] - click(findTestObject("Object Repository/IWP30/Page_SelectPaymentMethod/MakePaymentButton")): Object: 'Object Repository/IWP30/Page_SelectPaymentMethod/MakePaymentButton' is clicked on

25-10-2024T01:55:29 - [MESSAGE][PASSED] - Object: 'Object Repository/IWP30/Page_SelectPaymentMethod/MakePaymentButton' is clicked on

25-10-2024T01:55:29 - [TEST_STEP][PASSED] - iwpPages.ccPaymentEntryPage.setDataCCPM(row, dataFile): iwpPages.ccPaymentEntryPage.setDataCCPM is PASSED

25-10-2024T01:55:30 - [MESSAGE][PASSED] - Object 'Object Repository/IWP30/Page_CCPaymentEntry/Name' is present

25-10-2024T01:55:31 - [MESSAGE][PASSED] - Text '10.50' is set on object 'Object Repository/IWP30/Page_CCPaymentEntry/Amount'

25-10-2024T01:55:31 - [MESSAGE][PASSED] - Text 'udf data 2' is set on object 'Object Repository/IWP30/Page_CCPaymentEntry/UserDefined2'

25-10-2024T01:55:32 - [MESSAGE][PASSED] - Text 'udf data 3' is set on object 'Object Repository/IWP30/Page_CCPaymentEntry/UserDefined3'

25-10-2024T01:55:32 - [MESSAGE][PASSED] - All options with label 'Orange' are selected in object 'Object Repository/IWP30/Page_CCPaymentEntry/UserDefined7' 

25-10-2024T01:55:33 - [MESSAGE][PASSED] - All options with label 'Soccer' are selected in object 'Object Repository/IWP30/Page_CCPaymentEntry/UserDefined8' 

25-10-2024T01:55:33 - [MESSAGE][PASSED] - Object 'Object Repository/IWP30/Page_CCPaymentEntry/Name' is present

25-10-2024T01:55:34 - [MESSAGE][PASSED] - Text 'Kavita Ranawati' is set on object 'Object Repository/IWP30/Page_CCPaymentEntry/Name'

25-10-2024T01:55:34 - [MESSAGE][PASSED] - Object 'Object Repository/IWP30/Page_CCPaymentEntry/CardNumber' is present

25-10-2024T01:55:35 - [MESSAGE][PASSED] - Text '4111111111111111' is set on object 'Object Repository/IWP30/Page_CCPaymentEntry/CardNumber'

25-10-2024T01:55:35 - [MESSAGE][PASSED] - Text '123' is set on object 'Object Repository/IWP30/Page_CCPaymentEntry/SPC'

25-10-2024T01:55:36 - [MESSAGE][PASSED] - Object 'Object Repository/IWP30/Page_CCPaymentEntry/Month' is present

25-10-2024T01:55:36 - [MESSAGE][PASSED] - All options with label '01' are selected in object 'Object Repository/IWP30/Page_CCPaymentEntry/Month' 

25-10-2024T01:55:37 - [MESSAGE][PASSED] - Object 'Object Repository/IWP30/Page_CCPaymentEntry/Year' is present

25-10-2024T01:55:37 - [MESSAGE][PASSED] - All options with label '2028' are selected in object 'Object Repository/IWP30/Page_CCPaymentEntry/Year' 

25-10-2024T01:55:37 - [MESSAGE][PASSED] - Execute JavaScript '
				   document.getElementById('processDate').value = '08/09/2025'
				  ' successfully

25-10-2024T01:55:38 - [MESSAGE][PASSED] - Text '365 Main Avenue' is set on object 'Object Repository/IWP30/Page_CCPaymentEntry/AL1'

25-10-2024T01:55:39 - [MESSAGE][PASSED] - Text '22201' is set on object 'Object Repository/IWP30/Page_CCPaymentEntry/ZIP'

25-10-2024T01:55:39 - [MESSAGE][PASSED] - Object 'Object Repository/IWP30/Page_CCPaymentEntry/EmailAddress' is present

25-10-2024T01:55:40 - [MESSAGE][PASSED] - Text 'iahmed@govolution.com' is set on object 'Object Repository/IWP30/Page_CCPaymentEntry/EmailAddress'

25-10-2024T01:55:40 - [MESSAGE][PASSED] - Object 'Object Repository/IWP30/Page_CCPaymentEntry/TermCondCheckBox' is present

25-10-2024T01:55:41 - [MESSAGE][PASSED] - Object 'Object Repository/IWP30/Page_CCPaymentEntry/TermCondCheckBox' is checked

25-10-2024T01:55:41 - [MESSAGE][PASSED] - Object 'Object Repository/IWP30/Page_CCPaymentEntry/ContinueButton' is present

25-10-2024T01:55:42 - [MESSAGE][PASSED] - Object: 'Object Repository/IWP30/Page_CCPaymentEntry/ContinueButton' is clicked on

25-10-2024T01:55:42 - [MESSAGE][PASSED] - iwpPages.ccPaymentEntryPage.setDataCCPM is PASSED

25-10-2024T01:55:42 - [TEST_STEP][PASSED] - click(findTestObject("Object Repository/IWP30/Page_Confirmation/ConfirmButton")): Object: 'Object Repository/IWP30/Page_Confirmation/ConfirmButton' is clicked on

25-10-2024T01:55:45 - [MESSAGE][PASSED] - Object: 'Object Repository/IWP30/Page_Confirmation/ConfirmButton' is clicked on

25-10-2024T01:55:45 - [TEST_STEP][PASSED] - Thread.sleep(2000): null

25-10-2024T01:55:47 - [TEST_STEP][PASSED] - if (verifyTextPresent("Deferred", false)): null

25-10-2024T01:55:47 - [MESSAGE][PASSED] - Text 'Deferred' is present on page 

25-10-2024T01:55:47 - [TEST_STEP][PASSED] - println("Deferred is present on page. Deferred Pay is created"): null

25-10-2024T01:55:47 - [TEST_STEP][PASSED] - click(findTestObject("Object Repository/IWP30/Page_Receipt/ViewScheduledPaymentsButton")): Object: 'Object Repository/IWP30/Page_Receipt/ViewScheduledPaymentsButton' is clicked on

25-10-2024T01:55:48 - [MESSAGE][PASSED] - Object: 'Object Repository/IWP30/Page_Receipt/ViewScheduledPaymentsButton' is clicked on

25-10-2024T01:55:48 - [TEST_STEP][PASSED] - switchToWindowTitle("View Scheduled Payments"): Switched to window with title: 'View Scheduled Payments'

25-10-2024T01:55:48 - [MESSAGE][PASSED] - Switched to window with title: 'View Scheduled Payments'

25-10-2024T01:55:48 - [TEST_STEP][PASSED] - Thread.sleep(5000): null

25-10-2024T01:55:53 - [TEST_STEP][PASSED] - if (verifyTextPresent("View Scheduled Payments", false)): null

25-10-2024T01:55:53 - [MESSAGE][PASSED] - Text 'View Scheduled Payments' is present on page 

25-10-2024T01:55:53 - [TEST_STEP][PASSED] - click(findTestObject("Object Repository/IWP30/Page_ScheduledPayments/cancel_payment")): Object: 'Object Repository/IWP30/Page_ScheduledPayments/cancel_payment' is clicked on

25-10-2024T01:55:55 - [MESSAGE][PASSED] - Object: 'Object Repository/IWP30/Page_ScheduledPayments/cancel_payment' is clicked on

25-10-2024T01:55:55 - [TEST_STEP][PASSED] - if (verifyTextPresent("Cancel Payment Plan", false)): null

25-10-2024T01:55:56 - [MESSAGE][PASSED] - Text 'Cancel Payment Plan' is present on page 

25-10-2024T01:55:56 - [TEST_STEP][PASSED] - click(findTestObject("Object Repository/IWP30/Page_PaymentPlan/btn_cancel")): Object: 'Object Repository/IWP30/Page_PaymentPlan/btn_cancel' is clicked on

25-10-2024T01:55:56 - [MESSAGE][PASSED] - Object: 'Object Repository/IWP30/Page_PaymentPlan/btn_cancel' is clicked on

25-10-2024T01:55:56 - [TEST_STEP][PASSED] - acceptAlert(): Alert accepted

25-10-2024T01:55:56 - [MESSAGE][PASSED] - Alert accepted

25-10-2024T01:55:56 - [TEST_STEP][PASSED] - if (verifyTextPresent("Your payment plan has been successfully canceled", false)): null

25-10-2024T01:55:57 - [MESSAGE][PASSED] - Text 'Your payment plan has been successfully canceled' is present on page 

25-10-2024T01:55:57 - [TEST_STEP][PASSED] - markPassed("Your payment plan has been successfully created and canceled"): Your payment plan has been successfully created and canceled

25-10-2024T01:55:57 - [MESSAGE][PASSED] - Your payment plan has been successfully created and canceled

25-10-2024T01:55:57 - [TEST_STEP][PASSED] - resText = "Pass": null

25-10-2024T01:55:57 - [TEST_STEP][PASSED] - println(row): null

25-10-2024T01:55:57 - [TEST_STEP][PASSED] - pages.WriteExcel.demoKey(resText, datText, resColumn, datCloumn, fileLoc, nameSheet, row): pages.WriteExcel.demoKey is PASSED

25-10-2024T01:55:57 - [MESSAGE][PASSED] - pages.WriteExcel.demoKey is PASSED

25-10-2024T01:55:57 - [TEST_STEP][PASSED] - closeBrowser(): Browser is closed

25-10-2024T01:55:58 - [MESSAGE][PASSED] - Browser is closed

25-10-2024T01:55:58 - [TEST_STEP][PASSED] - ExecuteTC = findTestData(dataFile).getValue("Execute", row): null

25-10-2024T01:55:58 - [TEST_STEP][PASSED] - out.println("Value of Execute is : " + ExecuteTC): null

25-10-2024T01:55:58 - [TEST_STEP][PASSED] - if (ExecuteTC.equalsIgnoreCase("Y")): null

25-10-2024T01:55:58 - [TEST_STEP][PASSED] - out.println("Begin Record Number: " + row): null

25-10-2024T01:55:58 - [TEST_STEP][PASSED] - today = new java.util.Date(): null

25-10-2024T01:55:58 - [TEST_STEP][PASSED] - println(today): null

25-10-2024T01:55:58 - [TEST_STEP][PASSED] - datText = today: null

25-10-2024T01:55:58 - [TEST_STEP][PASSED] - EmulatorDataKey = findTestData(dataFile).getValue("EmulatorData", row): null

25-10-2024T01:55:58 - [TEST_STEP][PASSED] - out.println("Value of Emulator Key is : " + EmulatorDataKey): null

25-10-2024T01:55:58 - [TEST_STEP][PASSED] - iwpPages.emulatorIWP30.setDataEmulator_DD(EmulatorDataKey): iwpPages.emulatorIWP30.setDataEmulator_DD is PASSED

25-10-2024T01:55:59 - [MESSAGE][INFO] - Starting 'Edge Chromium' driver

25-10-2024T01:55:59 - [MESSAGE][INFO] - User set preference: ['acceptInsecureCerts', 'true']

25-10-2024T01:56:01 - [MESSAGE][INFO] - Action delay is set to 0 milliseconds

25-10-2024T01:56:04 - [MESSAGE][PASSED] - Browser is opened with url: 'https://qa2.velocitypayment.com/agencyx/config.action?action=editor&message_version=3_0'

25-10-2024T01:56:04 - [MESSAGE][PASSED] - Current window maximized

25-10-2024T01:56:35 - [MESSAGE][INFO] - Unable to find the element located by 'By.xpath: //select[@name='message_version']'. Please recheck the objects properties to make sure the desired element is located. 

25-10-2024T01:56:35 - [MESSAGE][WARNING] - [SELF-HEALING] Failed to find element with id 'Object Repository/IWP30/Page_VRelay30Emulator/MV'. Try using Self-healing.

25-10-2024T01:56:36 - [MESSAGE][WARNING] - [SELF-HEALING] The current locator of test object 'Object Repository/IWP30/Page_VRelay30Emulator/MV' was broken. Propose an alternative one: '(.//*[normalize-space(text()) and normalize-space(.)='Message Version'])[1]/following::select[1]'.

25-10-2024T01:56:36 - [MESSAGE][PASSED] - All options with value '3.0' are selected in object 'Object Repository/IWP30/Page_VRelay30Emulator/MV'  using regular expression

25-10-2024T01:56:37 - [MESSAGE][PASSED] - Text '10.50' is set on object 'Object Repository/IWP30/Page_EmulatorAgencyX/Amount'

25-10-2024T01:56:37 - [MESSAGE][PASSED] - Text 'NHcBXQfE3JuD' is set on object 'Object Repository/IWP30/Page_EmulatorAgencyX/CAN'

25-10-2024T01:56:38 - [MESSAGE][PASSED] - Text 'PayNow' is set on object 'Object Repository/IWP30/Page_EmulatorAgencyX/Action'

25-10-2024T01:56:39 - [MESSAGE][PASSED] - Text 'en_US' is set on object 'Object Repository/IWP30/Page_EmulatorAgencyX/Lang'

25-10-2024T01:56:39 - [MESSAGE][PASSED] - Text '' is set on object 'Object Repository/IWP30/Page_EmulatorAgencyX/Fname'

25-10-2024T01:56:40 - [MESSAGE][PASSED] - Text '' is set on object 'Object Repository/IWP30/Page_EmulatorAgencyX/Lname'

25-10-2024T01:56:40 - [MESSAGE][PASSED] - Text '' is set on object 'Object Repository/IWP30/Page_EmulatorAgencyX/AL1'

25-10-2024T01:56:41 - [MESSAGE][PASSED] - Text '' is set on object 'Object Repository/IWP30/Page_EmulatorAgencyX/AL2'

25-10-2024T01:56:41 - [MESSAGE][PASSED] - Text '' is set on object 'Object Repository/IWP30/Page_EmulatorAgencyX/Country'

25-10-2024T01:56:42 - [MESSAGE][PASSED] - Text '' is set on object 'Object Repository/IWP30/Page_EmulatorAgencyX/City'

25-10-2024T01:56:43 - [MESSAGE][PASSED] - Text '' is set on object 'Object Repository/IWP30/Page_EmulatorAgencyX/State'

25-10-2024T01:56:43 - [MESSAGE][PASSED] - Text '' is set on object 'Object Repository/IWP30/Page_EmulatorAgencyX/ZIP'

25-10-2024T01:56:44 - [MESSAGE][PASSED] - Text '' is set on object 'Object Repository/IWP30/Page_EmulatorAgencyX/Order'

25-10-2024T01:56:44 - [MESSAGE][PASSED] - Text '' is set on object 'Object Repository/IWP30/Page_EmulatorAgencyX/Company'

25-10-2024T01:56:45 - [MESSAGE][PASSED] - Text '' is set on object 'Object Repository/IWP30/Page_EmulatorAgencyX/Email'

25-10-2024T01:56:45 - [MESSAGE][PASSED] - Text '' is set on object 'Object Repository/IWP30/Page_EmulatorAgencyX/UDF1'

25-10-2024T01:56:46 - [MESSAGE][PASSED] - Text '' is set on object 'Object Repository/IWP30/Page_EmulatorAgencyX/UDF2'

25-10-2024T01:56:46 - [MESSAGE][PASSED] - Text '' is set on object 'Object Repository/IWP30/Page_EmulatorAgencyX/UDF3'

25-10-2024T01:56:47 - [MESSAGE][PASSED] - Text 'udf data 4' is set on object 'Object Repository/IWP30/Page_EmulatorAgencyX/UDF4'

25-10-2024T01:56:48 - [MESSAGE][PASSED] - Text 'udf data 5' is set on object 'Object Repository/IWP30/Page_EmulatorAgencyX/UDF5'

25-10-2024T01:56:48 - [MESSAGE][PASSED] - Text '' is set on object 'Object Repository/IWP30/Page_EmulatorAgencyX/UDF6'

25-10-2024T01:56:49 - [MESSAGE][PASSED] - Text '' is set on object 'Object Repository/IWP30/Page_EmulatorAgencyX/UDF7'

25-10-2024T01:56:49 - [MESSAGE][PASSED] - Text '' is set on object 'Object Repository/IWP30/Page_EmulatorAgencyX/UDF8'

25-10-2024T01:56:50 - [MESSAGE][PASSED] - Text 'udf data 9' is set on object 'Object Repository/IWP30/Page_EmulatorAgencyX/UDF9'

25-10-2024T01:56:51 - [MESSAGE][PASSED] - Text 'udf data 10' is set on object 'Object Repository/IWP30/Page_EmulatorAgencyX/UDF10'

25-10-2024T01:56:52 - [MESSAGE][PASSED] - Object: 'Object Repository/IWP30/Page_EmulatorAgencyX/Submit' is clicked on

25-10-2024T01:56:56 - [MESSAGE][PASSED] - Browser is closed

25-10-2024T01:57:00 - [MESSAGE][PASSED] - iwpPages.emulatorIWP30.setDataEmulator_DD is PASSED

25-10-2024T01:57:00 - [TEST_STEP][PASSED] - testHarnessURL = urlTestHarness: null

25-10-2024T01:57:00 - [TEST_STEP][PASSED] - openBrowser(testHarnessURL): Browser is opened with url: 'https://dev-algorithm.govolution.com/vrelaytest/QA2/version_2_2/vrelaytest.html'

25-10-2024T01:57:00 - [MESSAGE][INFO] - Starting 'Edge Chromium' driver

25-10-2024T01:57:00 - [MESSAGE][INFO] - User set preference: ['acceptInsecureCerts', 'true']

25-10-2024T01:57:02 - [MESSAGE][INFO] - Action delay is set to 0 milliseconds

25-10-2024T01:57:06 - [MESSAGE][PASSED] - Browser is opened with url: 'https://dev-algorithm.govolution.com/vrelaytest/QA2/version_2_2/vrelaytest.html'

25-10-2024T01:57:06 - [TEST_STEP][PASSED] - maximizeWindow(): Current window maximized

25-10-2024T01:57:06 - [MESSAGE][PASSED] - Current window maximized

25-10-2024T01:57:06 - [TEST_STEP][PASSED] - iwpPages.TestHarnessPage.setDataMethod(row, dataFile): iwpPages.TestHarnessPage.setDataMethod is PASSED

25-10-2024T01:57:06 - [MESSAGE][PASSED] - Object 'Object Repository/IWP30/Page_QATestHarness/RemittanceID' is present

25-10-2024T01:57:07 - [MESSAGE][PASSED] - Text '649' is set on object 'Object Repository/IWP30/Page_QATestHarness/ApplicationID'

25-10-2024T01:57:07 - [MESSAGE][PASSED] - Text '3.0' is set on object 'Object Repository/IWP30/Page_QATestHarness/MessageVersion'

25-10-2024T01:57:08 - [MESSAGE][PASSED] - Text 'S9ltgwkINICo' is set on object 'Object Repository/IWP30/Page_QATestHarness/RemittanceID'

25-10-2024T01:57:11 - [MESSAGE][PASSED] - Object: 'Object Repository/IWP30/Page_QATestHarness/SubmitButton' is clicked on

25-10-2024T01:57:11 - [MESSAGE][PASSED] - iwpPages.TestHarnessPage.setDataMethod is PASSED

25-10-2024T01:57:11 - [TEST_STEP][PASSED] - click(findTestObject("Object Repository/IWP30/Page_SelectPaymentMethod/PayByCreditCard")): Object: 'Object Repository/IWP30/Page_SelectPaymentMethod/PayByCreditCard' is clicked on

25-10-2024T01:57:12 - [MESSAGE][PASSED] - Object: 'Object Repository/IWP30/Page_SelectPaymentMethod/PayByCreditCard' is clicked on

25-10-2024T01:57:12 - [TEST_STEP][PASSED] - click(findTestObject("Object Repository/IWP30/Page_SelectPaymentMethod/MakePaymentButton")): Object: 'Object Repository/IWP30/Page_SelectPaymentMethod/MakePaymentButton' is clicked on

25-10-2024T01:57:14 - [MESSAGE][PASSED] - Object: 'Object Repository/IWP30/Page_SelectPaymentMethod/MakePaymentButton' is clicked on

25-10-2024T01:57:14 - [TEST_STEP][PASSED] - iwpPages.ccPaymentEntryPage.setDataCCPM(row, dataFile): iwpPages.ccPaymentEntryPage.setDataCCPM is PASSED

25-10-2024T01:57:15 - [MESSAGE][PASSED] - Object 'Object Repository/IWP30/Page_CCPaymentEntry/Name' is present

25-10-2024T01:57:16 - [MESSAGE][PASSED] - Text '10.50' is set on object 'Object Repository/IWP30/Page_CCPaymentEntry/Amount'

25-10-2024T01:57:17 - [MESSAGE][PASSED] - Text 'udf data 2' is set on object 'Object Repository/IWP30/Page_CCPaymentEntry/UserDefined2'

25-10-2024T01:57:17 - [MESSAGE][PASSED] - Text 'udf data 3' is set on object 'Object Repository/IWP30/Page_CCPaymentEntry/UserDefined3'

25-10-2024T01:57:18 - [MESSAGE][PASSED] - All options with label 'Orange' are selected in object 'Object Repository/IWP30/Page_CCPaymentEntry/UserDefined7' 

25-10-2024T01:57:18 - [MESSAGE][PASSED] - All options with label 'Soccer' are selected in object 'Object Repository/IWP30/Page_CCPaymentEntry/UserDefined8' 

25-10-2024T01:57:18 - [MESSAGE][PASSED] - Object 'Object Repository/IWP30/Page_CCPaymentEntry/Name' is present

25-10-2024T01:57:19 - [MESSAGE][PASSED] - Text 'Kavita Ranawati' is set on object 'Object Repository/IWP30/Page_CCPaymentEntry/Name'

25-10-2024T01:57:19 - [MESSAGE][PASSED] - Object 'Object Repository/IWP30/Page_CCPaymentEntry/CardNumber' is present

25-10-2024T01:57:20 - [MESSAGE][PASSED] - Text '4111111111111111' is set on object 'Object Repository/IWP30/Page_CCPaymentEntry/CardNumber'

25-10-2024T01:57:20 - [MESSAGE][PASSED] - Text '123' is set on object 'Object Repository/IWP30/Page_CCPaymentEntry/SPC'

25-10-2024T01:57:21 - [MESSAGE][PASSED] - Object 'Object Repository/IWP30/Page_CCPaymentEntry/Month' is present

25-10-2024T01:57:22 - [MESSAGE][PASSED] - All options with label '01' are selected in object 'Object Repository/IWP30/Page_CCPaymentEntry/Month' 

25-10-2024T01:57:22 - [MESSAGE][PASSED] - Object 'Object Repository/IWP30/Page_CCPaymentEntry/Year' is present

25-10-2024T01:57:23 - [MESSAGE][PASSED] - All options with label '2028' are selected in object 'Object Repository/IWP30/Page_CCPaymentEntry/Year' 

25-10-2024T01:57:23 - [MESSAGE][PASSED] - Execute JavaScript '
				   document.getElementById('processDate').value = '08/09/2025'
				  ' successfully

25-10-2024T01:57:23 - [MESSAGE][PASSED] - Text '365 Main Avenue' is set on object 'Object Repository/IWP30/Page_CCPaymentEntry/AL1'

25-10-2024T01:57:24 - [MESSAGE][PASSED] - Text '22201' is set on object 'Object Repository/IWP30/Page_CCPaymentEntry/ZIP'

25-10-2024T01:57:24 - [MESSAGE][PASSED] - Object 'Object Repository/IWP30/Page_CCPaymentEntry/EmailAddress' is present

25-10-2024T01:57:25 - [MESSAGE][PASSED] - Text 'iahmed@govolution.com' is set on object 'Object Repository/IWP30/Page_CCPaymentEntry/EmailAddress'

25-10-2024T01:57:26 - [MESSAGE][PASSED] - Object 'Object Repository/IWP30/Page_CCPaymentEntry/TermCondCheckBox' is present

25-10-2024T01:57:26 - [MESSAGE][PASSED] - Object 'Object Repository/IWP30/Page_CCPaymentEntry/TermCondCheckBox' is checked

25-10-2024T01:57:26 - [MESSAGE][PASSED] - Object 'Object Repository/IWP30/Page_CCPaymentEntry/ContinueButton' is present

25-10-2024T01:57:27 - [MESSAGE][PASSED] - Object: 'Object Repository/IWP30/Page_CCPaymentEntry/ContinueButton' is clicked on

25-10-2024T01:57:27 - [MESSAGE][PASSED] - iwpPages.ccPaymentEntryPage.setDataCCPM is PASSED

25-10-2024T01:57:27 - [TEST_STEP][PASSED] - click(findTestObject("Object Repository/IWP30/Page_Confirmation/ConfirmButton")): Object: 'Object Repository/IWP30/Page_Confirmation/ConfirmButton' is clicked on

25-10-2024T01:57:29 - [MESSAGE][PASSED] - Object: 'Object Repository/IWP30/Page_Confirmation/ConfirmButton' is clicked on

25-10-2024T01:57:29 - [TEST_STEP][PASSED] - Thread.sleep(2000): null

25-10-2024T01:57:31 - [TEST_STEP][PASSED] - if (verifyTextPresent("Deferred", false)): null

25-10-2024T01:57:31 - [MESSAGE][PASSED] - Text 'Deferred' is present on page 

25-10-2024T01:57:31 - [TEST_STEP][PASSED] - println("Deferred is present on page. Deferred Pay is created"): null

25-10-2024T01:57:31 - [TEST_STEP][PASSED] - click(findTestObject("Object Repository/IWP30/Page_Receipt/ViewScheduledPaymentsButton")): Object: 'Object Repository/IWP30/Page_Receipt/ViewScheduledPaymentsButton' is clicked on

25-10-2024T01:57:32 - [MESSAGE][PASSED] - Object: 'Object Repository/IWP30/Page_Receipt/ViewScheduledPaymentsButton' is clicked on

25-10-2024T01:57:32 - [TEST_STEP][PASSED] - switchToWindowTitle("View Scheduled Payments"): Switched to window with title: 'View Scheduled Payments'

25-10-2024T01:57:32 - [MESSAGE][PASSED] - Switched to window with title: 'View Scheduled Payments'

25-10-2024T01:57:32 - [TEST_STEP][PASSED] - Thread.sleep(5000): null

25-10-2024T01:57:37 - [TEST_STEP][PASSED] - if (verifyTextPresent("View Scheduled Payments", false)): null

25-10-2024T01:57:37 - [MESSAGE][PASSED] - Text 'View Scheduled Payments' is present on page 

25-10-2024T01:57:37 - [TEST_STEP][PASSED] - click(findTestObject("Object Repository/IWP30/Page_ScheduledPayments/cancel_payment")): Object: 'Object Repository/IWP30/Page_ScheduledPayments/cancel_payment' is clicked on

25-10-2024T01:57:39 - [MESSAGE][PASSED] - Object: 'Object Repository/IWP30/Page_ScheduledPayments/cancel_payment' is clicked on

25-10-2024T01:57:39 - [TEST_STEP][PASSED] - if (verifyTextPresent("Cancel Payment Plan", false)): null

25-10-2024T01:57:40 - [MESSAGE][PASSED] - Text 'Cancel Payment Plan' is present on page 

25-10-2024T01:57:40 - [TEST_STEP][PASSED] - click(findTestObject("Object Repository/IWP30/Page_PaymentPlan/btn_cancel")): Object: 'Object Repository/IWP30/Page_PaymentPlan/btn_cancel' is clicked on

25-10-2024T01:57:40 - [MESSAGE][PASSED] - Object: 'Object Repository/IWP30/Page_PaymentPlan/btn_cancel' is clicked on

25-10-2024T01:57:40 - [TEST_STEP][PASSED] - acceptAlert(): Alert accepted

25-10-2024T01:57:40 - [MESSAGE][PASSED] - Alert accepted

25-10-2024T01:57:40 - [TEST_STEP][PASSED] - if (verifyTextPresent("Your payment plan has been successfully canceled", false)): null

25-10-2024T01:57:41 - [MESSAGE][PASSED] - Text 'Your payment plan has been successfully canceled' is present on page 

25-10-2024T01:57:41 - [TEST_STEP][PASSED] - markPassed("Your payment plan has been successfully created and canceled"): Your payment plan has been successfully created and canceled

25-10-2024T01:57:41 - [MESSAGE][PASSED] - Your payment plan has been successfully created and canceled

25-10-2024T01:57:41 - [TEST_STEP][PASSED] - resText = "Pass": null

25-10-2024T01:57:41 - [TEST_STEP][PASSED] - println(row): null

25-10-2024T01:57:41 - [TEST_STEP][PASSED] - pages.WriteExcel.demoKey(resText, datText, resColumn, datCloumn, fileLoc, nameSheet, row): pages.WriteExcel.demoKey is PASSED

25-10-2024T01:57:41 - [MESSAGE][PASSED] - pages.WriteExcel.demoKey is PASSED

25-10-2024T01:57:41 - [TEST_STEP][PASSED] - closeBrowser(): Browser is closed

25-10-2024T01:57:42 - [MESSAGE][PASSED] - Browser is closed]]></system-out>
         <system-err><![CDATA[]]></system-err>
      </testcase>
      <testcase name="Test Cases/IntegratedWeb/IWP25/Payments/CCDeferredPC" time="244.046" classname="Test Cases/IntegratedWeb/IWP25/Payments/CCDeferredPC" status="PASSED">
         <system-out><![CDATA[25-10-2024T01:57:42 - [TEST_CASE][PASSED] - Test Cases/IntegratedWeb/IWP25/Payments/CCDeferredPC: Test Cases/IntegratedWeb/IWP25/Payments/CCDeferredPC

25-10-2024T01:57:42 - [TEST_STEP][PASSED] - resText = "Fail": null

25-10-2024T01:57:42 - [TEST_STEP][PASSED] - resColumn = "Result": null

25-10-2024T01:57:42 - [TEST_STEP][PASSED] - datCloumn = "Date": null

25-10-2024T01:57:42 - [TEST_STEP][PASSED] - fileLoc = "KatalonData/IWPTestData/VRelay25PaymentsExtension.xlsx": null

25-10-2024T01:57:42 - [TEST_STEP][PASSED] - numOfRows = <not implemented yet for class: org.codehaus.groovy.ast.expr.EmptyExpression>: null

25-10-2024T01:57:42 - [TEST_STEP][PASSED] - dataFile = <not implemented yet for class: org.codehaus.groovy.ast.expr.EmptyExpression>: null

25-10-2024T01:57:42 - [TEST_STEP][PASSED] - nameSheet = <not implemented yet for class: org.codehaus.groovy.ast.expr.EmptyExpression>: null

25-10-2024T01:57:42 - [TEST_STEP][PASSED] - dataFileEmulator = <not implemented yet for class: org.codehaus.groovy.ast.expr.EmptyExpression>: null

25-10-2024T01:57:42 - [TEST_STEP][PASSED] - isRequiredTextPresent = false: null

25-10-2024T01:57:42 - [TEST_STEP][PASSED] - nameSheet = "CCDeferredPlanPC": null

25-10-2024T01:57:42 - [TEST_STEP][PASSED] - dataFile = "IWPTestData/IWP25CCDeferredPC": null

25-10-2024T01:57:42 - [TEST_STEP][PASSED] - dataFileEmulator = "IWPTestData/EmulatorData": null

25-10-2024T01:57:42 - [TEST_STEP][PASSED] - numOfRows = findTestData(dataFile).getRowNumbers(): null

25-10-2024T01:57:42 - [TEST_STEP][PASSED] - println("Number of Records: " + numOfRows): null

25-10-2024T01:57:42 - [TEST_STEP][PASSED] - for ([row = 1, row <= numOfRows, (row++)]): Browser is closed

25-10-2024T01:57:42 - [TEST_STEP][PASSED] - ExecuteTC = findTestData(dataFile).getValue("Execute", row): null

25-10-2024T01:57:42 - [TEST_STEP][PASSED] - out.println("Value of Execute is : " + ExecuteTC): null

25-10-2024T01:57:42 - [TEST_STEP][PASSED] - if (ExecuteTC.equalsIgnoreCase("Y")): null

25-10-2024T01:57:42 - [TEST_STEP][PASSED] - out.println("Begin Record Number: " + row): null

25-10-2024T01:57:42 - [TEST_STEP][PASSED] - today = new java.util.Date(): null

25-10-2024T01:57:42 - [TEST_STEP][PASSED] - println(today): null

25-10-2024T01:57:42 - [TEST_STEP][PASSED] - datText = today: null

25-10-2024T01:57:42 - [TEST_STEP][PASSED] - EmulatorDataKey = findTestData(dataFile).getValue("EmulatorData", row): null

25-10-2024T01:57:42 - [TEST_STEP][PASSED] - out.println("Value of Emulator Key is : " + EmulatorDataKey): null

25-10-2024T01:57:42 - [TEST_STEP][PASSED] - iwpPages.emulatorIWP30.setDataEmulator_DD(EmulatorDataKey): iwpPages.emulatorIWP30.setDataEmulator_DD is PASSED

25-10-2024T01:57:43 - [MESSAGE][INFO] - Starting 'Edge Chromium' driver

25-10-2024T01:57:43 - [MESSAGE][INFO] - User set preference: ['acceptInsecureCerts', 'true']

25-10-2024T01:57:45 - [MESSAGE][INFO] - Action delay is set to 0 milliseconds

25-10-2024T01:57:48 - [MESSAGE][PASSED] - Browser is opened with url: 'https://qa2.velocitypayment.com/agencyx/config.action?action=editor&message_version=2_5'

25-10-2024T01:57:48 - [MESSAGE][PASSED] - Current window maximized

25-10-2024T01:58:19 - [MESSAGE][INFO] - Unable to find the element located by 'By.xpath: //select[@name='message_version']'. Please recheck the objects properties to make sure the desired element is located. 

25-10-2024T01:58:19 - [MESSAGE][WARNING] - [SELF-HEALING] Failed to find element with id 'Object Repository/IWP30/Page_VRelay30Emulator/MV'. Try using Self-healing.

25-10-2024T01:58:20 - [MESSAGE][WARNING] - [SELF-HEALING] The current locator of test object 'Object Repository/IWP30/Page_VRelay30Emulator/MV' was broken. Propose an alternative one: '(.//*[normalize-space(text()) and normalize-space(.)='Message Version'])[1]/following::select[1]'.

25-10-2024T01:58:20 - [MESSAGE][PASSED] - All options with value '2.5' are selected in object 'Object Repository/IWP30/Page_VRelay30Emulator/MV'  using regular expression

25-10-2024T01:58:21 - [MESSAGE][PASSED] - Text '10.50' is set on object 'Object Repository/IWP30/Page_EmulatorAgencyX/Amount'

25-10-2024T01:58:21 - [MESSAGE][PASSED] - Text '8PkyZ0MXQnJt' is set on object 'Object Repository/IWP30/Page_EmulatorAgencyX/CAN'

25-10-2024T01:58:22 - [MESSAGE][PASSED] - Text 'PayNow' is set on object 'Object Repository/IWP30/Page_EmulatorAgencyX/Action'

25-10-2024T01:58:23 - [MESSAGE][PASSED] - Text 'en_US' is set on object 'Object Repository/IWP30/Page_EmulatorAgencyX/Lang'

25-10-2024T01:58:23 - [MESSAGE][PASSED] - Text '' is set on object 'Object Repository/IWP30/Page_EmulatorAgencyX/Fname'

25-10-2024T01:58:24 - [MESSAGE][PASSED] - Text '' is set on object 'Object Repository/IWP30/Page_EmulatorAgencyX/Lname'

25-10-2024T01:58:24 - [MESSAGE][PASSED] - Text '' is set on object 'Object Repository/IWP30/Page_EmulatorAgencyX/AL1'

25-10-2024T01:58:25 - [MESSAGE][PASSED] - Text '' is set on object 'Object Repository/IWP30/Page_EmulatorAgencyX/AL2'

25-10-2024T01:58:25 - [MESSAGE][PASSED] - Text '' is set on object 'Object Repository/IWP30/Page_EmulatorAgencyX/Country'

25-10-2024T01:58:26 - [MESSAGE][PASSED] - Text '' is set on object 'Object Repository/IWP30/Page_EmulatorAgencyX/City'

25-10-2024T01:58:27 - [MESSAGE][PASSED] - Text '' is set on object 'Object Repository/IWP30/Page_EmulatorAgencyX/State'

25-10-2024T01:58:27 - [MESSAGE][PASSED] - Text '' is set on object 'Object Repository/IWP30/Page_EmulatorAgencyX/ZIP'

25-10-2024T01:58:28 - [MESSAGE][PASSED] - Text '' is set on object 'Object Repository/IWP30/Page_EmulatorAgencyX/Order'

25-10-2024T01:58:28 - [MESSAGE][PASSED] - Text '' is set on object 'Object Repository/IWP30/Page_EmulatorAgencyX/Company'

25-10-2024T01:58:29 - [MESSAGE][PASSED] - Text '' is set on object 'Object Repository/IWP30/Page_EmulatorAgencyX/Email'

25-10-2024T01:58:29 - [MESSAGE][PASSED] - Text '' is set on object 'Object Repository/IWP30/Page_EmulatorAgencyX/UDF1'

25-10-2024T01:58:30 - [MESSAGE][PASSED] - Text '' is set on object 'Object Repository/IWP30/Page_EmulatorAgencyX/UDF2'

25-10-2024T01:58:31 - [MESSAGE][PASSED] - Text '' is set on object 'Object Repository/IWP30/Page_EmulatorAgencyX/UDF3'

25-10-2024T01:58:31 - [MESSAGE][PASSED] - Text 'udf data 4' is set on object 'Object Repository/IWP30/Page_EmulatorAgencyX/UDF4'

25-10-2024T01:58:32 - [MESSAGE][PASSED] - Text 'udf data 5' is set on object 'Object Repository/IWP30/Page_EmulatorAgencyX/UDF5'

25-10-2024T01:58:32 - [MESSAGE][PASSED] - Text '' is set on object 'Object Repository/IWP30/Page_EmulatorAgencyX/UDF6'

25-10-2024T01:58:33 - [MESSAGE][PASSED] - Text '' is set on object 'Object Repository/IWP30/Page_EmulatorAgencyX/UDF7'

25-10-2024T01:58:33 - [MESSAGE][PASSED] - Text '' is set on object 'Object Repository/IWP30/Page_EmulatorAgencyX/UDF8'

25-10-2024T01:58:34 - [MESSAGE][PASSED] - Text 'udf data 9' is set on object 'Object Repository/IWP30/Page_EmulatorAgencyX/UDF9'

25-10-2024T01:58:35 - [MESSAGE][PASSED] - Text 'udf data 10' is set on object 'Object Repository/IWP30/Page_EmulatorAgencyX/UDF10'

25-10-2024T01:58:36 - [MESSAGE][PASSED] - Object: 'Object Repository/IWP30/Page_EmulatorAgencyX/Submit' is clicked on

25-10-2024T01:58:40 - [MESSAGE][PASSED] - Browser is closed

25-10-2024T01:58:45 - [MESSAGE][PASSED] - iwpPages.emulatorIWP30.setDataEmulator_DD is PASSED

25-10-2024T01:58:45 - [TEST_STEP][PASSED] - testHarnessURL = urlTestHarness: null

25-10-2024T01:58:45 - [TEST_STEP][PASSED] - openBrowser(testHarnessURL): Browser is opened with url: 'https://dev-algorithm.govolution.com/vrelaytest/QA2/version_2_2/vrelaytest.html'

25-10-2024T01:58:45 - [MESSAGE][INFO] - Starting 'Edge Chromium' driver

25-10-2024T01:58:45 - [MESSAGE][INFO] - User set preference: ['acceptInsecureCerts', 'true']

25-10-2024T01:58:47 - [MESSAGE][INFO] - Action delay is set to 0 milliseconds

25-10-2024T01:58:50 - [MESSAGE][PASSED] - Browser is opened with url: 'https://dev-algorithm.govolution.com/vrelaytest/QA2/version_2_2/vrelaytest.html'

25-10-2024T01:58:50 - [TEST_STEP][PASSED] - maximizeWindow(): Current window maximized

25-10-2024T01:58:50 - [MESSAGE][PASSED] - Current window maximized

25-10-2024T01:58:50 - [TEST_STEP][PASSED] - iwpPages.TestHarnessPage.setDataMethod(row, dataFile): iwpPages.TestHarnessPage.setDataMethod is PASSED

25-10-2024T01:58:50 - [MESSAGE][PASSED] - Object 'Object Repository/IWP30/Page_QATestHarness/RemittanceID' is present

25-10-2024T01:58:51 - [MESSAGE][PASSED] - Text '638' is set on object 'Object Repository/IWP30/Page_QATestHarness/ApplicationID'

25-10-2024T01:58:52 - [MESSAGE][PASSED] - Text '2.5' is set on object 'Object Repository/IWP30/Page_QATestHarness/MessageVersion'

25-10-2024T01:58:52 - [MESSAGE][PASSED] - Text 'gUClVGodHrrN' is set on object 'Object Repository/IWP30/Page_QATestHarness/RemittanceID'

25-10-2024T01:58:56 - [MESSAGE][PASSED] - Object: 'Object Repository/IWP30/Page_QATestHarness/SubmitButton' is clicked on

25-10-2024T01:58:56 - [MESSAGE][PASSED] - iwpPages.TestHarnessPage.setDataMethod is PASSED

25-10-2024T01:58:56 - [TEST_STEP][PASSED] - click(findTestObject("Object Repository/IWP30/Page_SelectPaymentMethod/PayByPersonalCheck")): Object: 'Object Repository/IWP30/Page_SelectPaymentMethod/PayByPersonalCheck' is clicked on

25-10-2024T01:58:57 - [MESSAGE][PASSED] - Object: 'Object Repository/IWP30/Page_SelectPaymentMethod/PayByPersonalCheck' is clicked on

25-10-2024T01:58:57 - [TEST_STEP][PASSED] - click(findTestObject("Object Repository/IWP30/Page_SelectPaymentMethod/MakePaymentButton")): Object: 'Object Repository/IWP30/Page_SelectPaymentMethod/MakePaymentButton' is clicked on

25-10-2024T01:58:59 - [MESSAGE][PASSED] - Object: 'Object Repository/IWP30/Page_SelectPaymentMethod/MakePaymentButton' is clicked on

25-10-2024T01:58:59 - [TEST_STEP][PASSED] - iwpPages.achPersonalPaymentEntryPage.setDataACHPPM(row, dataFile): iwpPages.achPersonalPaymentEntryPage.setDataACHPPM is PASSED

25-10-2024T01:59:00 - [MESSAGE][PASSED] - Object 'Object Repository/IWP30/Page_ACHPersonalPaymentEntry/txt_accountNumber' is present

25-10-2024T01:59:01 - [MESSAGE][PASSED] - Text '10.50' is set on object 'Object Repository/IWP30/Page_ACHPersonalPaymentEntry/txt_Amount'

25-10-2024T01:59:01 - [MESSAGE][PASSED] - Object 'Object Repository/IWP30/Page_ACHPersonalPaymentEntry/txt_UDF2' is present

25-10-2024T01:59:02 - [MESSAGE][PASSED] - Text 'udf data 2' is set on object 'Object Repository/IWP30/Page_ACHPersonalPaymentEntry/txt_UDF2'

25-10-2024T01:59:02 - [MESSAGE][PASSED] - Text 'udf data 3' is set on object 'Object Repository/IWP30/Page_ACHPersonalPaymentEntry/txt_UDF3'

25-10-2024T01:59:03 - [MESSAGE][PASSED] - All options with label 'Orange' are selected in object 'Object Repository/IWP30/Page_ACHPersonalPaymentEntry/dd_UDF7' 

25-10-2024T01:59:03 - [MESSAGE][PASSED] - All options with label 'Soccer' are selected in object 'Object Repository/IWP30/Page_ACHPersonalPaymentEntry/dd_UDF8' 

25-10-2024T01:59:04 - [MESSAGE][PASSED] - Object 'Object Repository/IWP30/Page_ACHPersonalPaymentEntry/txt_Firstname' is present

25-10-2024T01:59:04 - [MESSAGE][PASSED] - Text 'Elizath' is set on object 'Object Repository/IWP30/Page_ACHPersonalPaymentEntry/txt_Firstname'

25-10-2024T01:59:04 - [MESSAGE][PASSED] - Object 'Object Repository/IWP30/Page_ACHPersonalPaymentEntry/txt_Lastname' is present

25-10-2024T01:59:05 - [MESSAGE][PASSED] - Text 'Christine' is set on object 'Object Repository/IWP30/Page_ACHPersonalPaymentEntry/txt_Lastname'

25-10-2024T01:59:05 - [MESSAGE][PASSED] - Object 'Object Repository/IWP30/Page_ACHPersonalPaymentEntry/txt_routingNumber' is present

25-10-2024T01:59:06 - [MESSAGE][PASSED] - Text '256072691' is set on object 'Object Repository/IWP30/Page_ACHPersonalPaymentEntry/txt_routingNumber'

25-10-2024T01:59:06 - [MESSAGE][PASSED] - Object 'Object Repository/IWP30/Page_ACHPersonalPaymentEntry/txt_accountNumber' is present

25-10-2024T01:59:07 - [MESSAGE][PASSED] - Text '12344444' is set on object 'Object Repository/IWP30/Page_ACHPersonalPaymentEntry/txt_accountNumber'

25-10-2024T01:59:07 - [MESSAGE][PASSED] - Object 'Object Repository/IWP30/Page_ACHPersonalPaymentEntry/txt_confirmAccountNumber' is present

25-10-2024T01:59:08 - [MESSAGE][PASSED] - Text '12344444' is set on object 'Object Repository/IWP30/Page_ACHPersonalPaymentEntry/txt_confirmAccountNumber'

25-10-2024T01:59:08 - [MESSAGE][PASSED] - Object 'Object Repository/IWP30/Page_ACHPersonalPaymentEntry/rd_accountType' is present

25-10-2024T01:59:08 - [MESSAGE][PASSED] - Modify property of object successfully

25-10-2024T01:59:09 - [MESSAGE][PASSED] - Object: 'Object Repository/IWP30/Page_ACHPersonalPaymentEntry/rd_accountType' is clicked on

25-10-2024T01:59:09 - [MESSAGE][PASSED] - Execute JavaScript '
				   document.getElementById('processDate').value = '08/09/2025'
				  ' successfully

25-10-2024T01:59:09 - [MESSAGE][PASSED] - Text '365 Main Avenue' is set on object 'Object Repository/IWP30/Page_ACHPersonalPaymentEntry/txt_AL1'

25-10-2024T01:59:10 - [MESSAGE][PASSED] - Text '22201' is set on object 'Object Repository/IWP30/Page_ACHPersonalPaymentEntry/txt_ZIP'

25-10-2024T01:59:10 - [MESSAGE][PASSED] - Object 'Object Repository/IWP30/Page_ACHPersonalPaymentEntry/txt_Email' is present

25-10-2024T01:59:12 - [MESSAGE][PASSED] - Text 'iahmed@govolution.com' is set on object 'Object Repository/IWP30/Page_ACHPersonalPaymentEntry/txt_Email'

25-10-2024T01:59:12 - [MESSAGE][PASSED] - Object 'Object Repository/IWP30/Page_ACHPersonalPaymentEntry/cb_TermsAndCond' is present

25-10-2024T01:59:12 - [MESSAGE][PASSED] - Object: 'Object Repository/IWP30/Page_ACHPersonalPaymentEntry/cb_TermsAndCond' is clicked on

25-10-2024T01:59:13 - [MESSAGE][PASSED] - Object 'Object Repository/IWP30/Page_ACHPersonalPaymentEntry/btn_Continue' is present

25-10-2024T01:59:14 - [MESSAGE][PASSED] - Object: 'Object Repository/IWP30/Page_ACHPersonalPaymentEntry/btn_Continue' is clicked on

25-10-2024T01:59:14 - [MESSAGE][PASSED] - iwpPages.achPersonalPaymentEntryPage.setDataACHPPM is PASSED

25-10-2024T01:59:14 - [TEST_STEP][PASSED] - click(findTestObject("Object Repository/IWP30/Page_Confirmation/ConfirmButton")): Object: 'Object Repository/IWP30/Page_Confirmation/ConfirmButton' is clicked on

25-10-2024T01:59:16 - [MESSAGE][PASSED] - Object: 'Object Repository/IWP30/Page_Confirmation/ConfirmButton' is clicked on

25-10-2024T01:59:16 - [TEST_STEP][PASSED] - Thread.sleep(2000): null

25-10-2024T01:59:18 - [TEST_STEP][PASSED] - if (verifyTextPresent("Deferred", false)): null

25-10-2024T01:59:19 - [MESSAGE][PASSED] - Text 'Deferred' is present on page 

25-10-2024T01:59:19 - [TEST_STEP][PASSED] - println("Deferred is present on page. Deferred Pay is created"): null

25-10-2024T01:59:19 - [TEST_STEP][PASSED] - click(findTestObject("Object Repository/IWP30/Page_Receipt/ViewScheduledPaymentsButton")): Object: 'Object Repository/IWP30/Page_Receipt/ViewScheduledPaymentsButton' is clicked on

25-10-2024T01:59:19 - [MESSAGE][PASSED] - Object: 'Object Repository/IWP30/Page_Receipt/ViewScheduledPaymentsButton' is clicked on

25-10-2024T01:59:19 - [TEST_STEP][PASSED] - switchToWindowTitle("View Scheduled Payments"): Switched to window with title: 'View Scheduled Payments'

25-10-2024T01:59:19 - [MESSAGE][PASSED] - Switched to window with title: 'View Scheduled Payments'

25-10-2024T01:59:19 - [TEST_STEP][PASSED] - Thread.sleep(5000): null

25-10-2024T01:59:24 - [TEST_STEP][PASSED] - if (verifyTextPresent("View Scheduled Payments", false)): null

25-10-2024T01:59:25 - [MESSAGE][PASSED] - Text 'View Scheduled Payments' is present on page 

25-10-2024T01:59:25 - [TEST_STEP][PASSED] - click(findTestObject("Object Repository/IWP30/Page_ScheduledPayments/cancel_payment")): Object: 'Object Repository/IWP30/Page_ScheduledPayments/cancel_payment' is clicked on

25-10-2024T01:59:26 - [MESSAGE][PASSED] - Object: 'Object Repository/IWP30/Page_ScheduledPayments/cancel_payment' is clicked on

25-10-2024T01:59:26 - [TEST_STEP][PASSED] - if (verifyTextPresent("Cancel Payment Plan", false)): null

25-10-2024T01:59:27 - [MESSAGE][PASSED] - Text 'Cancel Payment Plan' is present on page 

25-10-2024T01:59:27 - [TEST_STEP][PASSED] - click(findTestObject("Object Repository/IWP30/Page_PaymentPlan/btn_cancel")): Object: 'Object Repository/IWP30/Page_PaymentPlan/btn_cancel' is clicked on

25-10-2024T01:59:27 - [MESSAGE][PASSED] - Object: 'Object Repository/IWP30/Page_PaymentPlan/btn_cancel' is clicked on

25-10-2024T01:59:27 - [TEST_STEP][PASSED] - acceptAlert(): Alert accepted

25-10-2024T01:59:27 - [MESSAGE][PASSED] - Alert accepted

25-10-2024T01:59:27 - [TEST_STEP][PASSED] - if (verifyTextPresent("Your payment plan has been successfully canceled", false)): null

25-10-2024T01:59:29 - [MESSAGE][PASSED] - Text 'Your payment plan has been successfully canceled' is present on page 

25-10-2024T01:59:29 - [TEST_STEP][PASSED] - markPassed("Your payment plan has been successfully created and canceled"): Your payment plan has been successfully created and canceled

25-10-2024T01:59:29 - [MESSAGE][PASSED] - Your payment plan has been successfully created and canceled

25-10-2024T01:59:29 - [TEST_STEP][PASSED] - resText = "Pass": null

25-10-2024T01:59:29 - [TEST_STEP][PASSED] - println(row): null

25-10-2024T01:59:29 - [TEST_STEP][PASSED] - pages.WriteExcel.demoKey(resText, datText, resColumn, datCloumn, fileLoc, nameSheet, row): pages.WriteExcel.demoKey is PASSED

25-10-2024T01:59:29 - [MESSAGE][PASSED] - pages.WriteExcel.demoKey is PASSED

25-10-2024T01:59:29 - [TEST_STEP][PASSED] - closeBrowser(): Browser is closed

25-10-2024T01:59:29 - [MESSAGE][PASSED] - Browser is closed

25-10-2024T01:59:29 - [TEST_STEP][PASSED] - ExecuteTC = findTestData(dataFile).getValue("Execute", row): null

25-10-2024T01:59:29 - [TEST_STEP][PASSED] - out.println("Value of Execute is : " + ExecuteTC): null

25-10-2024T01:59:29 - [TEST_STEP][PASSED] - if (ExecuteTC.equalsIgnoreCase("Y")): null

25-10-2024T01:59:29 - [TEST_STEP][PASSED] - out.println("Begin Record Number: " + row): null

25-10-2024T01:59:29 - [TEST_STEP][PASSED] - today = new java.util.Date(): null

25-10-2024T01:59:29 - [TEST_STEP][PASSED] - println(today): null

25-10-2024T01:59:29 - [TEST_STEP][PASSED] - datText = today: null

25-10-2024T01:59:29 - [TEST_STEP][PASSED] - EmulatorDataKey = findTestData(dataFile).getValue("EmulatorData", row): null

25-10-2024T01:59:29 - [TEST_STEP][PASSED] - out.println("Value of Emulator Key is : " + EmulatorDataKey): null

25-10-2024T01:59:29 - [TEST_STEP][PASSED] - iwpPages.emulatorIWP30.setDataEmulator_DD(EmulatorDataKey): iwpPages.emulatorIWP30.setDataEmulator_DD is PASSED

25-10-2024T01:59:30 - [MESSAGE][INFO] - Starting 'Edge Chromium' driver

25-10-2024T01:59:30 - [MESSAGE][INFO] - User set preference: ['acceptInsecureCerts', 'true']

25-10-2024T01:59:32 - [MESSAGE][INFO] - Action delay is set to 0 milliseconds

25-10-2024T01:59:35 - [MESSAGE][PASSED] - Browser is opened with url: 'https://qa2.velocitypayment.com/agencyx/config.action?action=editor&message_version=3_0'

25-10-2024T01:59:35 - [MESSAGE][PASSED] - Current window maximized

25-10-2024T02:00:06 - [MESSAGE][INFO] - Unable to find the element located by 'By.xpath: //select[@name='message_version']'. Please recheck the objects properties to make sure the desired element is located. 

25-10-2024T02:00:06 - [MESSAGE][WARNING] - [SELF-HEALING] Failed to find element with id 'Object Repository/IWP30/Page_VRelay30Emulator/MV'. Try using Self-healing.

25-10-2024T02:00:06 - [MESSAGE][WARNING] - [SELF-HEALING] The current locator of test object 'Object Repository/IWP30/Page_VRelay30Emulator/MV' was broken. Propose an alternative one: '(.//*[normalize-space(text()) and normalize-space(.)='Message Version'])[1]/following::select[1]'.

25-10-2024T02:00:07 - [MESSAGE][PASSED] - All options with value '3.0' are selected in object 'Object Repository/IWP30/Page_VRelay30Emulator/MV'  using regular expression

25-10-2024T02:00:08 - [MESSAGE][PASSED] - Text '10.50' is set on object 'Object Repository/IWP30/Page_EmulatorAgencyX/Amount'

25-10-2024T02:00:08 - [MESSAGE][PASSED] - Text 'AZbAo6ecxAVF' is set on object 'Object Repository/IWP30/Page_EmulatorAgencyX/CAN'

25-10-2024T02:00:09 - [MESSAGE][PASSED] - Text 'PayNow' is set on object 'Object Repository/IWP30/Page_EmulatorAgencyX/Action'

25-10-2024T02:00:09 - [MESSAGE][PASSED] - Text 'en_US' is set on object 'Object Repository/IWP30/Page_EmulatorAgencyX/Lang'

25-10-2024T02:00:10 - [MESSAGE][PASSED] - Text '' is set on object 'Object Repository/IWP30/Page_EmulatorAgencyX/Fname'

25-10-2024T02:00:11 - [MESSAGE][PASSED] - Text '' is set on object 'Object Repository/IWP30/Page_EmulatorAgencyX/Lname'

25-10-2024T02:00:11 - [MESSAGE][PASSED] - Text '' is set on object 'Object Repository/IWP30/Page_EmulatorAgencyX/AL1'

25-10-2024T02:00:12 - [MESSAGE][PASSED] - Text '' is set on object 'Object Repository/IWP30/Page_EmulatorAgencyX/AL2'

25-10-2024T02:00:12 - [MESSAGE][PASSED] - Text '' is set on object 'Object Repository/IWP30/Page_EmulatorAgencyX/Country'

25-10-2024T02:00:13 - [MESSAGE][PASSED] - Text '' is set on object 'Object Repository/IWP30/Page_EmulatorAgencyX/City'

25-10-2024T02:00:13 - [MESSAGE][PASSED] - Text '' is set on object 'Object Repository/IWP30/Page_EmulatorAgencyX/State'

25-10-2024T02:00:14 - [MESSAGE][PASSED] - Text '' is set on object 'Object Repository/IWP30/Page_EmulatorAgencyX/ZIP'

25-10-2024T02:00:15 - [MESSAGE][PASSED] - Text '' is set on object 'Object Repository/IWP30/Page_EmulatorAgencyX/Order'

25-10-2024T02:00:15 - [MESSAGE][PASSED] - Text '' is set on object 'Object Repository/IWP30/Page_EmulatorAgencyX/Company'

25-10-2024T02:00:16 - [MESSAGE][PASSED] - Text '' is set on object 'Object Repository/IWP30/Page_EmulatorAgencyX/Email'

25-10-2024T02:00:16 - [MESSAGE][PASSED] - Text '' is set on object 'Object Repository/IWP30/Page_EmulatorAgencyX/UDF1'

25-10-2024T02:00:17 - [MESSAGE][PASSED] - Text '' is set on object 'Object Repository/IWP30/Page_EmulatorAgencyX/UDF2'

25-10-2024T02:00:17 - [MESSAGE][PASSED] - Text '' is set on object 'Object Repository/IWP30/Page_EmulatorAgencyX/UDF3'

25-10-2024T02:00:18 - [MESSAGE][PASSED] - Text 'udf data 4' is set on object 'Object Repository/IWP30/Page_EmulatorAgencyX/UDF4'

25-10-2024T02:00:19 - [MESSAGE][PASSED] - Text 'udf data 5' is set on object 'Object Repository/IWP30/Page_EmulatorAgencyX/UDF5'

25-10-2024T02:00:19 - [MESSAGE][PASSED] - Text '' is set on object 'Object Repository/IWP30/Page_EmulatorAgencyX/UDF6'

25-10-2024T02:00:20 - [MESSAGE][PASSED] - Text '' is set on object 'Object Repository/IWP30/Page_EmulatorAgencyX/UDF7'

25-10-2024T02:00:20 - [MESSAGE][PASSED] - Text '' is set on object 'Object Repository/IWP30/Page_EmulatorAgencyX/UDF8'

25-10-2024T02:00:21 - [MESSAGE][PASSED] - Text 'udf data 9' is set on object 'Object Repository/IWP30/Page_EmulatorAgencyX/UDF9'

25-10-2024T02:00:21 - [MESSAGE][PASSED] - Text 'udf data 10' is set on object 'Object Repository/IWP30/Page_EmulatorAgencyX/UDF10'

25-10-2024T02:00:23 - [MESSAGE][PASSED] - Object: 'Object Repository/IWP30/Page_EmulatorAgencyX/Submit' is clicked on

25-10-2024T02:00:27 - [MESSAGE][PASSED] - Browser is closed

25-10-2024T02:00:31 - [MESSAGE][PASSED] - iwpPages.emulatorIWP30.setDataEmulator_DD is PASSED

25-10-2024T02:00:31 - [TEST_STEP][PASSED] - testHarnessURL = urlTestHarness: null

25-10-2024T02:00:31 - [TEST_STEP][PASSED] - openBrowser(testHarnessURL): Browser is opened with url: 'https://dev-algorithm.govolution.com/vrelaytest/QA2/version_2_2/vrelaytest.html'

25-10-2024T02:00:31 - [MESSAGE][INFO] - Starting 'Edge Chromium' driver

25-10-2024T02:00:31 - [MESSAGE][INFO] - User set preference: ['acceptInsecureCerts', 'true']

25-10-2024T02:00:33 - [MESSAGE][INFO] - Action delay is set to 0 milliseconds

25-10-2024T02:00:37 - [MESSAGE][PASSED] - Browser is opened with url: 'https://dev-algorithm.govolution.com/vrelaytest/QA2/version_2_2/vrelaytest.html'

25-10-2024T02:00:37 - [TEST_STEP][PASSED] - maximizeWindow(): Current window maximized

25-10-2024T02:00:37 - [MESSAGE][PASSED] - Current window maximized

25-10-2024T02:00:37 - [TEST_STEP][PASSED] - iwpPages.TestHarnessPage.setDataMethod(row, dataFile): iwpPages.TestHarnessPage.setDataMethod is PASSED

25-10-2024T02:00:37 - [MESSAGE][PASSED] - Object 'Object Repository/IWP30/Page_QATestHarness/RemittanceID' is present

25-10-2024T02:00:38 - [MESSAGE][PASSED] - Text '649' is set on object 'Object Repository/IWP30/Page_QATestHarness/ApplicationID'

25-10-2024T02:00:38 - [MESSAGE][PASSED] - Text '3.0' is set on object 'Object Repository/IWP30/Page_QATestHarness/MessageVersion'

25-10-2024T02:00:39 - [MESSAGE][PASSED] - Text 'nwjXf4XfztzD' is set on object 'Object Repository/IWP30/Page_QATestHarness/RemittanceID'

25-10-2024T02:00:43 - [MESSAGE][PASSED] - Object: 'Object Repository/IWP30/Page_QATestHarness/SubmitButton' is clicked on

25-10-2024T02:00:43 - [MESSAGE][PASSED] - iwpPages.TestHarnessPage.setDataMethod is PASSED

25-10-2024T02:00:43 - [TEST_STEP][PASSED] - click(findTestObject("Object Repository/IWP30/Page_SelectPaymentMethod/PayByPersonalCheck")): Object: 'Object Repository/IWP30/Page_SelectPaymentMethod/PayByPersonalCheck' is clicked on

25-10-2024T02:00:43 - [MESSAGE][PASSED] - Object: 'Object Repository/IWP30/Page_SelectPaymentMethod/PayByPersonalCheck' is clicked on

25-10-2024T02:00:43 - [TEST_STEP][PASSED] - click(findTestObject("Object Repository/IWP30/Page_SelectPaymentMethod/MakePaymentButton")): Object: 'Object Repository/IWP30/Page_SelectPaymentMethod/MakePaymentButton' is clicked on

25-10-2024T02:00:46 - [MESSAGE][PASSED] - Object: 'Object Repository/IWP30/Page_SelectPaymentMethod/MakePaymentButton' is clicked on

25-10-2024T02:00:46 - [TEST_STEP][PASSED] - iwpPages.achPersonalPaymentEntryPage.setDataACHPPM(row, dataFile): iwpPages.achPersonalPaymentEntryPage.setDataACHPPM is PASSED

25-10-2024T02:00:47 - [MESSAGE][PASSED] - Object 'Object Repository/IWP30/Page_ACHPersonalPaymentEntry/txt_accountNumber' is present

25-10-2024T02:00:47 - [MESSAGE][PASSED] - Text '10.50' is set on object 'Object Repository/IWP30/Page_ACHPersonalPaymentEntry/txt_Amount'

25-10-2024T02:00:48 - [MESSAGE][PASSED] - Object 'Object Repository/IWP30/Page_ACHPersonalPaymentEntry/txt_UDF2' is present

25-10-2024T02:00:48 - [MESSAGE][PASSED] - Text 'udf data 2' is set on object 'Object Repository/IWP30/Page_ACHPersonalPaymentEntry/txt_UDF2'

25-10-2024T02:00:49 - [MESSAGE][PASSED] - Text 'udf data 3' is set on object 'Object Repository/IWP30/Page_ACHPersonalPaymentEntry/txt_UDF3'

25-10-2024T02:00:49 - [MESSAGE][PASSED] - All options with label 'Orange' are selected in object 'Object Repository/IWP30/Page_ACHPersonalPaymentEntry/dd_UDF7' 

25-10-2024T02:00:50 - [MESSAGE][PASSED] - All options with label 'Soccer' are selected in object 'Object Repository/IWP30/Page_ACHPersonalPaymentEntry/dd_UDF8' 

25-10-2024T02:00:50 - [MESSAGE][PASSED] - Object 'Object Repository/IWP30/Page_ACHPersonalPaymentEntry/txt_Firstname' is present

25-10-2024T02:00:51 - [MESSAGE][PASSED] - Text 'Elizath' is set on object 'Object Repository/IWP30/Page_ACHPersonalPaymentEntry/txt_Firstname'

25-10-2024T02:00:51 - [MESSAGE][PASSED] - Object 'Object Repository/IWP30/Page_ACHPersonalPaymentEntry/txt_Lastname' is present

25-10-2024T02:00:52 - [MESSAGE][PASSED] - Text 'Christine' is set on object 'Object Repository/IWP30/Page_ACHPersonalPaymentEntry/txt_Lastname'

25-10-2024T02:00:52 - [MESSAGE][PASSED] - Object 'Object Repository/IWP30/Page_ACHPersonalPaymentEntry/txt_routingNumber' is present

25-10-2024T02:00:53 - [MESSAGE][PASSED] - Text '256072691' is set on object 'Object Repository/IWP30/Page_ACHPersonalPaymentEntry/txt_routingNumber'

25-10-2024T02:00:53 - [MESSAGE][PASSED] - Object 'Object Repository/IWP30/Page_ACHPersonalPaymentEntry/txt_accountNumber' is present

25-10-2024T02:00:54 - [MESSAGE][PASSED] - Text '12344444' is set on object 'Object Repository/IWP30/Page_ACHPersonalPaymentEntry/txt_accountNumber'

25-10-2024T02:00:54 - [MESSAGE][PASSED] - Object 'Object Repository/IWP30/Page_ACHPersonalPaymentEntry/txt_confirmAccountNumber' is present

25-10-2024T02:00:55 - [MESSAGE][PASSED] - Text '12344444' is set on object 'Object Repository/IWP30/Page_ACHPersonalPaymentEntry/txt_confirmAccountNumber'

25-10-2024T02:00:55 - [MESSAGE][PASSED] - Object 'Object Repository/IWP30/Page_ACHPersonalPaymentEntry/rd_accountType' is present

25-10-2024T02:00:55 - [MESSAGE][PASSED] - Modify property of object successfully

25-10-2024T02:00:55 - [MESSAGE][PASSED] - Object: 'Object Repository/IWP30/Page_ACHPersonalPaymentEntry/rd_accountType' is clicked on

25-10-2024T02:00:55 - [MESSAGE][PASSED] - Execute JavaScript '
				   document.getElementById('processDate').value = '08/09/2025'
				  ' successfully

25-10-2024T02:00:56 - [MESSAGE][PASSED] - Text '365 Main Avenue' is set on object 'Object Repository/IWP30/Page_ACHPersonalPaymentEntry/txt_AL1'

25-10-2024T02:00:56 - [MESSAGE][PASSED] - Text '22201' is set on object 'Object Repository/IWP30/Page_ACHPersonalPaymentEntry/txt_ZIP'

25-10-2024T02:00:57 - [MESSAGE][PASSED] - Object 'Object Repository/IWP30/Page_ACHPersonalPaymentEntry/txt_Email' is present

25-10-2024T02:00:58 - [MESSAGE][PASSED] - Text 'iahmed@govolution.com' is set on object 'Object Repository/IWP30/Page_ACHPersonalPaymentEntry/txt_Email'

25-10-2024T02:00:58 - [MESSAGE][PASSED] - Object 'Object Repository/IWP30/Page_ACHPersonalPaymentEntry/cb_TermsAndCond' is present

25-10-2024T02:00:59 - [MESSAGE][PASSED] - Object: 'Object Repository/IWP30/Page_ACHPersonalPaymentEntry/cb_TermsAndCond' is clicked on

25-10-2024T02:00:59 - [MESSAGE][PASSED] - Object 'Object Repository/IWP30/Page_ACHPersonalPaymentEntry/btn_Continue' is present

25-10-2024T02:01:00 - [MESSAGE][PASSED] - Object: 'Object Repository/IWP30/Page_ACHPersonalPaymentEntry/btn_Continue' is clicked on

25-10-2024T02:01:00 - [MESSAGE][PASSED] - iwpPages.achPersonalPaymentEntryPage.setDataACHPPM is PASSED

25-10-2024T02:01:00 - [TEST_STEP][PASSED] - click(findTestObject("Object Repository/IWP30/Page_Confirmation/ConfirmButton")): Object: 'Object Repository/IWP30/Page_Confirmation/ConfirmButton' is clicked on

25-10-2024T02:01:31 - [MESSAGE][INFO] - Unable to find the element located by 'By.xpath: //*[@type = 'submit' and @name = 'confirmNotifyAction' and @id = 'submitYes' and @value = 'Confirm']'. Please recheck the objects properties to make sure the desired element is located. 

25-10-2024T02:01:31 - [MESSAGE][WARNING] - [SELF-HEALING] Failed to find element with id 'Object Repository/IWP30/Page_Confirmation/ConfirmButton'. Try using Self-healing.

25-10-2024T02:01:31 - [MESSAGE][WARNING] - [SELF-HEALING] The current locator of test object 'Object Repository/IWP30/Page_Confirmation/ConfirmButton' was broken. Propose an alternative one: '//div/input'.

25-10-2024T02:01:33 - [MESSAGE][PASSED] - Object: 'Object Repository/IWP30/Page_Confirmation/ConfirmButton' is clicked on

25-10-2024T02:01:33 - [TEST_STEP][PASSED] - Thread.sleep(2000): null

25-10-2024T02:01:35 - [TEST_STEP][PASSED] - if (verifyTextPresent("Deferred", false)): null

25-10-2024T02:01:35 - [MESSAGE][PASSED] - Text 'Deferred' is present on page 

25-10-2024T02:01:35 - [TEST_STEP][PASSED] - println("Deferred is present on page. Deferred Pay is created"): null

25-10-2024T02:01:35 - [TEST_STEP][PASSED] - click(findTestObject("Object Repository/IWP30/Page_Receipt/ViewScheduledPaymentsButton")): Object: 'Object Repository/IWP30/Page_Receipt/ViewScheduledPaymentsButton' is clicked on

25-10-2024T02:01:36 - [MESSAGE][PASSED] - Object: 'Object Repository/IWP30/Page_Receipt/ViewScheduledPaymentsButton' is clicked on

25-10-2024T02:01:36 - [TEST_STEP][PASSED] - switchToWindowTitle("View Scheduled Payments"): Switched to window with title: 'View Scheduled Payments'

25-10-2024T02:01:36 - [MESSAGE][PASSED] - Switched to window with title: 'View Scheduled Payments'

25-10-2024T02:01:36 - [TEST_STEP][PASSED] - Thread.sleep(5000): null

25-10-2024T02:01:41 - [TEST_STEP][PASSED] - if (verifyTextPresent("View Scheduled Payments", false)): null

25-10-2024T02:01:41 - [MESSAGE][PASSED] - Text 'View Scheduled Payments' is present on page 

25-10-2024T02:01:41 - [TEST_STEP][PASSED] - click(findTestObject("Object Repository/IWP30/Page_ScheduledPayments/cancel_payment")): Object: 'Object Repository/IWP30/Page_ScheduledPayments/cancel_payment' is clicked on

25-10-2024T02:01:43 - [MESSAGE][PASSED] - Object: 'Object Repository/IWP30/Page_ScheduledPayments/cancel_payment' is clicked on

25-10-2024T02:01:43 - [TEST_STEP][PASSED] - if (verifyTextPresent("Cancel Payment Plan", false)): null

25-10-2024T02:01:44 - [MESSAGE][PASSED] - Text 'Cancel Payment Plan' is present on page 

25-10-2024T02:01:44 - [TEST_STEP][PASSED] - click(findTestObject("Object Repository/IWP30/Page_PaymentPlan/btn_cancel")): Object: 'Object Repository/IWP30/Page_PaymentPlan/btn_cancel' is clicked on

25-10-2024T02:01:44 - [MESSAGE][PASSED] - Object: 'Object Repository/IWP30/Page_PaymentPlan/btn_cancel' is clicked on

25-10-2024T02:01:44 - [TEST_STEP][PASSED] - acceptAlert(): Alert accepted

25-10-2024T02:01:44 - [MESSAGE][PASSED] - Alert accepted

25-10-2024T02:01:44 - [TEST_STEP][PASSED] - if (verifyTextPresent("Your payment plan has been successfully canceled", false)): null

25-10-2024T02:01:45 - [MESSAGE][PASSED] - Text 'Your payment plan has been successfully canceled' is present on page 

25-10-2024T02:01:45 - [TEST_STEP][PASSED] - markPassed("Your payment plan has been successfully created and canceled"): Your payment plan has been successfully created and canceled

25-10-2024T02:01:45 - [MESSAGE][PASSED] - Your payment plan has been successfully created and canceled

25-10-2024T02:01:45 - [TEST_STEP][PASSED] - resText = "Pass": null

25-10-2024T02:01:45 - [TEST_STEP][PASSED] - println(row): null

25-10-2024T02:01:45 - [TEST_STEP][PASSED] - pages.WriteExcel.demoKey(resText, datText, resColumn, datCloumn, fileLoc, nameSheet, row): pages.WriteExcel.demoKey is PASSED

25-10-2024T02:01:45 - [MESSAGE][PASSED] - pages.WriteExcel.demoKey is PASSED

25-10-2024T02:01:45 - [TEST_STEP][PASSED] - closeBrowser(): Browser is closed

25-10-2024T02:01:46 - [MESSAGE][PASSED] - Browser is closed]]></system-out>
         <system-err><![CDATA[]]></system-err>
      </testcase>
      <testcase name="Test Cases/IntegratedWeb/IWP25/Payments/CCDeferredPS" time="244.334" classname="Test Cases/IntegratedWeb/IWP25/Payments/CCDeferredPS" status="PASSED">
         <system-out><![CDATA[25-10-2024T02:01:46 - [TEST_CASE][PASSED] - Test Cases/IntegratedWeb/IWP25/Payments/CCDeferredPS: Test Cases/IntegratedWeb/IWP25/Payments/CCDeferredPS

25-10-2024T02:01:46 - [TEST_STEP][PASSED] - resText = "Fail": null

25-10-2024T02:01:46 - [TEST_STEP][PASSED] - resColumn = "Result": null

25-10-2024T02:01:46 - [TEST_STEP][PASSED] - datCloumn = "Date": null

25-10-2024T02:01:46 - [TEST_STEP][PASSED] - fileLoc = "KatalonData/IWPTestData/VRelay25PaymentsExtension.xlsx": null

25-10-2024T02:01:46 - [TEST_STEP][PASSED] - numOfRows = <not implemented yet for class: org.codehaus.groovy.ast.expr.EmptyExpression>: null

25-10-2024T02:01:46 - [TEST_STEP][PASSED] - dataFile = <not implemented yet for class: org.codehaus.groovy.ast.expr.EmptyExpression>: null

25-10-2024T02:01:46 - [TEST_STEP][PASSED] - nameSheet = <not implemented yet for class: org.codehaus.groovy.ast.expr.EmptyExpression>: null

25-10-2024T02:01:46 - [TEST_STEP][PASSED] - dataFileEmulator = <not implemented yet for class: org.codehaus.groovy.ast.expr.EmptyExpression>: null

25-10-2024T02:01:46 - [TEST_STEP][PASSED] - isRequiredTextPresent = false: null

25-10-2024T02:01:46 - [TEST_STEP][PASSED] - nameSheet = "CCDeferredPlanPS": null

25-10-2024T02:01:46 - [TEST_STEP][PASSED] - dataFile = "IWPTestData/IWP25CCDeferredPS": null

25-10-2024T02:01:46 - [TEST_STEP][PASSED] - dataFileEmulator = "IWPTestData/EmulatorData": null

25-10-2024T02:01:46 - [TEST_STEP][PASSED] - numOfRows = findTestData(dataFile).getRowNumbers(): null

25-10-2024T02:01:46 - [TEST_STEP][PASSED] - println("Number of Records: " + numOfRows): null

25-10-2024T02:01:46 - [TEST_STEP][PASSED] - for ([row = 1, row <= numOfRows, (row++)]): Browser is closed

25-10-2024T02:01:46 - [TEST_STEP][PASSED] - ExecuteTC = findTestData(dataFile).getValue("Execute", row): null

25-10-2024T02:01:46 - [TEST_STEP][PASSED] - out.println("Value of Execute is : " + ExecuteTC): null

25-10-2024T02:01:46 - [TEST_STEP][PASSED] - if (ExecuteTC.equalsIgnoreCase("Y")): null

25-10-2024T02:01:46 - [TEST_STEP][PASSED] - out.println("Begin Record Number: " + row): null

25-10-2024T02:01:46 - [TEST_STEP][PASSED] - today = new java.util.Date(): null

25-10-2024T02:01:46 - [TEST_STEP][PASSED] - println(today): null

25-10-2024T02:01:46 - [TEST_STEP][PASSED] - datText = today: null

25-10-2024T02:01:46 - [TEST_STEP][PASSED] - EmulatorDataKey = findTestData(dataFile).getValue("EmulatorData", row): null

25-10-2024T02:01:46 - [TEST_STEP][PASSED] - out.println("Value of Emulator Key is : " + EmulatorDataKey): null

25-10-2024T02:01:46 - [TEST_STEP][PASSED] - iwpPages.emulatorIWP30.setDataEmulator_DD(EmulatorDataKey): iwpPages.emulatorIWP30.setDataEmulator_DD is PASSED

25-10-2024T02:01:46 - [MESSAGE][INFO] - Starting 'Edge Chromium' driver

25-10-2024T02:01:46 - [MESSAGE][INFO] - User set preference: ['acceptInsecureCerts', 'true']

25-10-2024T02:01:49 - [MESSAGE][INFO] - Action delay is set to 0 milliseconds

25-10-2024T02:01:52 - [MESSAGE][PASSED] - Browser is opened with url: 'https://qa2.velocitypayment.com/agencyx/config.action?action=editor&message_version=2_5'

25-10-2024T02:01:52 - [MESSAGE][PASSED] - Current window maximized

25-10-2024T02:02:24 - [MESSAGE][INFO] - Unable to find the element located by 'By.xpath: //select[@name='message_version']'. Please recheck the objects properties to make sure the desired element is located. 

25-10-2024T02:02:24 - [MESSAGE][WARNING] - [SELF-HEALING] Failed to find element with id 'Object Repository/IWP30/Page_VRelay30Emulator/MV'. Try using Self-healing.

25-10-2024T02:02:24 - [MESSAGE][WARNING] - [SELF-HEALING] The current locator of test object 'Object Repository/IWP30/Page_VRelay30Emulator/MV' was broken. Propose an alternative one: '(.//*[normalize-space(text()) and normalize-space(.)='Message Version'])[1]/following::select[1]'.

25-10-2024T02:02:24 - [MESSAGE][PASSED] - All options with value '2.5' are selected in object 'Object Repository/IWP30/Page_VRelay30Emulator/MV'  using regular expression

25-10-2024T02:02:25 - [MESSAGE][PASSED] - Text '10.50' is set on object 'Object Repository/IWP30/Page_EmulatorAgencyX/Amount'

25-10-2024T02:02:26 - [MESSAGE][PASSED] - Text 'azWgFlumz4nC' is set on object 'Object Repository/IWP30/Page_EmulatorAgencyX/CAN'

25-10-2024T02:02:26 - [MESSAGE][PASSED] - Text 'PayNow' is set on object 'Object Repository/IWP30/Page_EmulatorAgencyX/Action'

25-10-2024T02:02:27 - [MESSAGE][PASSED] - Text 'en_US' is set on object 'Object Repository/IWP30/Page_EmulatorAgencyX/Lang'

25-10-2024T02:02:27 - [MESSAGE][PASSED] - Text '' is set on object 'Object Repository/IWP30/Page_EmulatorAgencyX/Fname'

25-10-2024T02:02:28 - [MESSAGE][PASSED] - Text '' is set on object 'Object Repository/IWP30/Page_EmulatorAgencyX/Lname'

25-10-2024T02:02:29 - [MESSAGE][PASSED] - Text '' is set on object 'Object Repository/IWP30/Page_EmulatorAgencyX/AL1'

25-10-2024T02:02:29 - [MESSAGE][PASSED] - Text '' is set on object 'Object Repository/IWP30/Page_EmulatorAgencyX/AL2'

25-10-2024T02:02:30 - [MESSAGE][PASSED] - Text '' is set on object 'Object Repository/IWP30/Page_EmulatorAgencyX/Country'

25-10-2024T02:02:30 - [MESSAGE][PASSED] - Text '' is set on object 'Object Repository/IWP30/Page_EmulatorAgencyX/City'

25-10-2024T02:02:31 - [MESSAGE][PASSED] - Text '' is set on object 'Object Repository/IWP30/Page_EmulatorAgencyX/State'

25-10-2024T02:02:31 - [MESSAGE][PASSED] - Text '' is set on object 'Object Repository/IWP30/Page_EmulatorAgencyX/ZIP'

25-10-2024T02:02:32 - [MESSAGE][PASSED] - Text '' is set on object 'Object Repository/IWP30/Page_EmulatorAgencyX/Order'

25-10-2024T02:02:33 - [MESSAGE][PASSED] - Text '' is set on object 'Object Repository/IWP30/Page_EmulatorAgencyX/Company'

25-10-2024T02:02:33 - [MESSAGE][PASSED] - Text '' is set on object 'Object Repository/IWP30/Page_EmulatorAgencyX/Email'

25-10-2024T02:02:34 - [MESSAGE][PASSED] - Text '' is set on object 'Object Repository/IWP30/Page_EmulatorAgencyX/UDF1'

25-10-2024T02:02:34 - [MESSAGE][PASSED] - Text '' is set on object 'Object Repository/IWP30/Page_EmulatorAgencyX/UDF2'

25-10-2024T02:02:35 - [MESSAGE][PASSED] - Text '' is set on object 'Object Repository/IWP30/Page_EmulatorAgencyX/UDF3'

25-10-2024T02:02:35 - [MESSAGE][PASSED] - Text 'udf data 4' is set on object 'Object Repository/IWP30/Page_EmulatorAgencyX/UDF4'

25-10-2024T02:02:36 - [MESSAGE][PASSED] - Text 'udf data 5' is set on object 'Object Repository/IWP30/Page_EmulatorAgencyX/UDF5'

25-10-2024T02:02:37 - [MESSAGE][PASSED] - Text '' is set on object 'Object Repository/IWP30/Page_EmulatorAgencyX/UDF6'

25-10-2024T02:02:37 - [MESSAGE][PASSED] - Text '' is set on object 'Object Repository/IWP30/Page_EmulatorAgencyX/UDF7'

25-10-2024T02:02:38 - [MESSAGE][PASSED] - Text '' is set on object 'Object Repository/IWP30/Page_EmulatorAgencyX/UDF8'

25-10-2024T02:02:38 - [MESSAGE][PASSED] - Text 'udf data 9' is set on object 'Object Repository/IWP30/Page_EmulatorAgencyX/UDF9'

25-10-2024T02:02:39 - [MESSAGE][PASSED] - Text 'udf data 10' is set on object 'Object Repository/IWP30/Page_EmulatorAgencyX/UDF10'

25-10-2024T02:02:40 - [MESSAGE][PASSED] - Object: 'Object Repository/IWP30/Page_EmulatorAgencyX/Submit' is clicked on

25-10-2024T02:02:45 - [MESSAGE][PASSED] - Browser is closed

25-10-2024T02:02:49 - [MESSAGE][PASSED] - iwpPages.emulatorIWP30.setDataEmulator_DD is PASSED

25-10-2024T02:02:49 - [TEST_STEP][PASSED] - testHarnessURL = urlTestHarness: null

25-10-2024T02:02:49 - [TEST_STEP][PASSED] - openBrowser(testHarnessURL): Browser is opened with url: 'https://dev-algorithm.govolution.com/vrelaytest/QA2/version_2_2/vrelaytest.html'

25-10-2024T02:02:49 - [MESSAGE][INFO] - Starting 'Edge Chromium' driver

25-10-2024T02:02:49 - [MESSAGE][INFO] - User set preference: ['acceptInsecureCerts', 'true']

25-10-2024T02:02:51 - [MESSAGE][INFO] - Action delay is set to 0 milliseconds

25-10-2024T02:02:54 - [MESSAGE][PASSED] - Browser is opened with url: 'https://dev-algorithm.govolution.com/vrelaytest/QA2/version_2_2/vrelaytest.html'

25-10-2024T02:02:54 - [TEST_STEP][PASSED] - maximizeWindow(): Current window maximized

25-10-2024T02:02:54 - [MESSAGE][PASSED] - Current window maximized

25-10-2024T02:02:54 - [TEST_STEP][PASSED] - iwpPages.TestHarnessPage.setDataMethod(row, dataFile): iwpPages.TestHarnessPage.setDataMethod is PASSED

25-10-2024T02:02:54 - [MESSAGE][PASSED] - Object 'Object Repository/IWP30/Page_QATestHarness/RemittanceID' is present

25-10-2024T02:02:55 - [MESSAGE][PASSED] - Text '638' is set on object 'Object Repository/IWP30/Page_QATestHarness/ApplicationID'

25-10-2024T02:02:56 - [MESSAGE][PASSED] - Text '2.5' is set on object 'Object Repository/IWP30/Page_QATestHarness/MessageVersion'

25-10-2024T02:02:56 - [MESSAGE][PASSED] - Text 'srDx94S6jc4L' is set on object 'Object Repository/IWP30/Page_QATestHarness/RemittanceID'

25-10-2024T02:03:01 - [MESSAGE][PASSED] - Object: 'Object Repository/IWP30/Page_QATestHarness/SubmitButton' is clicked on

25-10-2024T02:03:01 - [MESSAGE][PASSED] - iwpPages.TestHarnessPage.setDataMethod is PASSED

25-10-2024T02:03:01 - [TEST_STEP][PASSED] - click(findTestObject("Object Repository/IWP30/Page_SelectPaymentMethod/PayByPersonalCheck")): Object: 'Object Repository/IWP30/Page_SelectPaymentMethod/PayByPersonalCheck' is clicked on

25-10-2024T02:03:02 - [MESSAGE][PASSED] - Object: 'Object Repository/IWP30/Page_SelectPaymentMethod/PayByPersonalCheck' is clicked on

25-10-2024T02:03:02 - [TEST_STEP][PASSED] - click(findTestObject("Object Repository/IWP30/Page_SelectPaymentMethod/MakePaymentButton")): Object: 'Object Repository/IWP30/Page_SelectPaymentMethod/MakePaymentButton' is clicked on

25-10-2024T02:03:04 - [MESSAGE][PASSED] - Object: 'Object Repository/IWP30/Page_SelectPaymentMethod/MakePaymentButton' is clicked on

25-10-2024T02:03:04 - [TEST_STEP][PASSED] - iwpPages.achPersonalPaymentEntryPage.setDataACHPPM(row, dataFile): iwpPages.achPersonalPaymentEntryPage.setDataACHPPM is PASSED

25-10-2024T02:03:05 - [MESSAGE][PASSED] - Object 'Object Repository/IWP30/Page_ACHPersonalPaymentEntry/txt_accountNumber' is present

25-10-2024T02:03:06 - [MESSAGE][PASSED] - Text '10.50' is set on object 'Object Repository/IWP30/Page_ACHPersonalPaymentEntry/txt_Amount'

25-10-2024T02:03:06 - [MESSAGE][PASSED] - Object 'Object Repository/IWP30/Page_ACHPersonalPaymentEntry/txt_UDF2' is present

25-10-2024T02:03:07 - [MESSAGE][PASSED] - Text 'udf data 2' is set on object 'Object Repository/IWP30/Page_ACHPersonalPaymentEntry/txt_UDF2'

25-10-2024T02:03:07 - [MESSAGE][PASSED] - Text 'udf data 3' is set on object 'Object Repository/IWP30/Page_ACHPersonalPaymentEntry/txt_UDF3'

25-10-2024T02:03:08 - [MESSAGE][PASSED] - All options with label 'Orange' are selected in object 'Object Repository/IWP30/Page_ACHPersonalPaymentEntry/dd_UDF7' 

25-10-2024T02:03:08 - [MESSAGE][PASSED] - All options with label 'Soccer' are selected in object 'Object Repository/IWP30/Page_ACHPersonalPaymentEntry/dd_UDF8' 

25-10-2024T02:03:09 - [MESSAGE][PASSED] - Object 'Object Repository/IWP30/Page_ACHPersonalPaymentEntry/txt_Firstname' is present

25-10-2024T02:03:09 - [MESSAGE][PASSED] - Text 'Elizath' is set on object 'Object Repository/IWP30/Page_ACHPersonalPaymentEntry/txt_Firstname'

25-10-2024T02:03:09 - [MESSAGE][PASSED] - Object 'Object Repository/IWP30/Page_ACHPersonalPaymentEntry/txt_Lastname' is present

25-10-2024T02:03:10 - [MESSAGE][PASSED] - Text 'Christine' is set on object 'Object Repository/IWP30/Page_ACHPersonalPaymentEntry/txt_Lastname'

25-10-2024T02:03:10 - [MESSAGE][PASSED] - Object 'Object Repository/IWP30/Page_ACHPersonalPaymentEntry/txt_routingNumber' is present

25-10-2024T02:03:11 - [MESSAGE][PASSED] - Text '256072691' is set on object 'Object Repository/IWP30/Page_ACHPersonalPaymentEntry/txt_routingNumber'

25-10-2024T02:03:11 - [MESSAGE][PASSED] - Object 'Object Repository/IWP30/Page_ACHPersonalPaymentEntry/txt_accountNumber' is present

25-10-2024T02:03:12 - [MESSAGE][PASSED] - Text '12344444' is set on object 'Object Repository/IWP30/Page_ACHPersonalPaymentEntry/txt_accountNumber'

25-10-2024T02:03:12 - [MESSAGE][PASSED] - Object 'Object Repository/IWP30/Page_ACHPersonalPaymentEntry/txt_confirmAccountNumber' is present

25-10-2024T02:03:13 - [MESSAGE][PASSED] - Text '12344444' is set on object 'Object Repository/IWP30/Page_ACHPersonalPaymentEntry/txt_confirmAccountNumber'

25-10-2024T02:03:13 - [MESSAGE][PASSED] - Object 'Object Repository/IWP30/Page_ACHPersonalPaymentEntry/rd_accountType' is present

25-10-2024T02:03:13 - [MESSAGE][PASSED] - Modify property of object successfully

25-10-2024T02:03:14 - [MESSAGE][PASSED] - Object: 'Object Repository/IWP30/Page_ACHPersonalPaymentEntry/rd_accountType' is clicked on

25-10-2024T02:03:14 - [MESSAGE][PASSED] - Execute JavaScript '
				   document.getElementById('processDate').value = '08/09/2025'
				  ' successfully

25-10-2024T02:03:14 - [MESSAGE][PASSED] - Text '365 Main Avenue' is set on object 'Object Repository/IWP30/Page_ACHPersonalPaymentEntry/txt_AL1'

25-10-2024T02:03:15 - [MESSAGE][PASSED] - Text '22201' is set on object 'Object Repository/IWP30/Page_ACHPersonalPaymentEntry/txt_ZIP'

25-10-2024T02:03:15 - [MESSAGE][PASSED] - Object 'Object Repository/IWP30/Page_ACHPersonalPaymentEntry/txt_Email' is present

25-10-2024T02:03:16 - [MESSAGE][PASSED] - Text 'iahmed@govolution.com' is set on object 'Object Repository/IWP30/Page_ACHPersonalPaymentEntry/txt_Email'

25-10-2024T02:03:17 - [MESSAGE][PASSED] - Object 'Object Repository/IWP30/Page_ACHPersonalPaymentEntry/cb_TermsAndCond' is present

25-10-2024T02:03:17 - [MESSAGE][PASSED] - Object: 'Object Repository/IWP30/Page_ACHPersonalPaymentEntry/cb_TermsAndCond' is clicked on

25-10-2024T02:03:17 - [MESSAGE][PASSED] - Object 'Object Repository/IWP30/Page_ACHPersonalPaymentEntry/btn_Continue' is present

25-10-2024T02:03:19 - [MESSAGE][PASSED] - Object: 'Object Repository/IWP30/Page_ACHPersonalPaymentEntry/btn_Continue' is clicked on

25-10-2024T02:03:19 - [MESSAGE][PASSED] - iwpPages.achPersonalPaymentEntryPage.setDataACHPPM is PASSED

25-10-2024T02:03:19 - [TEST_STEP][PASSED] - click(findTestObject("Object Repository/IWP30/Page_Confirmation/ConfirmButton")): Object: 'Object Repository/IWP30/Page_Confirmation/ConfirmButton' is clicked on

25-10-2024T02:03:21 - [MESSAGE][PASSED] - Object: 'Object Repository/IWP30/Page_Confirmation/ConfirmButton' is clicked on

25-10-2024T02:03:21 - [TEST_STEP][PASSED] - Thread.sleep(2000): null

25-10-2024T02:03:23 - [TEST_STEP][PASSED] - if (verifyTextPresent("Deferred", false)): null

25-10-2024T02:03:24 - [MESSAGE][PASSED] - Text 'Deferred' is present on page 

25-10-2024T02:03:24 - [TEST_STEP][PASSED] - println("Deferred is present on page. Deferred Pay is created"): null

25-10-2024T02:03:24 - [TEST_STEP][PASSED] - click(findTestObject("Object Repository/IWP30/Page_Receipt/ViewScheduledPaymentsButton")): Object: 'Object Repository/IWP30/Page_Receipt/ViewScheduledPaymentsButton' is clicked on

25-10-2024T02:03:24 - [MESSAGE][PASSED] - Object: 'Object Repository/IWP30/Page_Receipt/ViewScheduledPaymentsButton' is clicked on

25-10-2024T02:03:24 - [TEST_STEP][PASSED] - switchToWindowTitle("View Scheduled Payments"): Switched to window with title: 'View Scheduled Payments'

25-10-2024T02:03:24 - [MESSAGE][PASSED] - Switched to window with title: 'View Scheduled Payments'

25-10-2024T02:03:24 - [TEST_STEP][PASSED] - Thread.sleep(5000): null

25-10-2024T02:03:29 - [TEST_STEP][PASSED] - if (verifyTextPresent("View Scheduled Payments", false)): null

25-10-2024T02:03:29 - [MESSAGE][PASSED] - Text 'View Scheduled Payments' is present on page 

25-10-2024T02:03:29 - [TEST_STEP][PASSED] - click(findTestObject("Object Repository/IWP30/Page_ScheduledPayments/cancel_payment")): Object: 'Object Repository/IWP30/Page_ScheduledPayments/cancel_payment' is clicked on

25-10-2024T02:03:31 - [MESSAGE][PASSED] - Object: 'Object Repository/IWP30/Page_ScheduledPayments/cancel_payment' is clicked on

25-10-2024T02:03:31 - [TEST_STEP][PASSED] - if (verifyTextPresent("Cancel Payment Plan", false)): null

25-10-2024T02:03:32 - [MESSAGE][PASSED] - Text 'Cancel Payment Plan' is present on page 

25-10-2024T02:03:32 - [TEST_STEP][PASSED] - click(findTestObject("Object Repository/IWP30/Page_PaymentPlan/btn_cancel")): Object: 'Object Repository/IWP30/Page_PaymentPlan/btn_cancel' is clicked on

25-10-2024T02:03:32 - [MESSAGE][PASSED] - Object: 'Object Repository/IWP30/Page_PaymentPlan/btn_cancel' is clicked on

25-10-2024T02:03:32 - [TEST_STEP][PASSED] - acceptAlert(): Alert accepted

25-10-2024T02:03:32 - [MESSAGE][PASSED] - Alert accepted

25-10-2024T02:03:32 - [TEST_STEP][PASSED] - if (verifyTextPresent("Your payment plan has been successfully canceled", false)): null

25-10-2024T02:03:33 - [MESSAGE][PASSED] - Text 'Your payment plan has been successfully canceled' is present on page 

25-10-2024T02:03:33 - [TEST_STEP][PASSED] - markPassed("Your payment plan has been successfully created and canceled"): Your payment plan has been successfully created and canceled

25-10-2024T02:03:33 - [MESSAGE][PASSED] - Your payment plan has been successfully created and canceled

25-10-2024T02:03:33 - [TEST_STEP][PASSED] - resText = "Pass": null

25-10-2024T02:03:33 - [TEST_STEP][PASSED] - println(row): null

25-10-2024T02:03:33 - [TEST_STEP][PASSED] - pages.WriteExcel.demoKey(resText, datText, resColumn, datCloumn, fileLoc, nameSheet, row): pages.WriteExcel.demoKey is PASSED

25-10-2024T02:03:34 - [MESSAGE][PASSED] - pages.WriteExcel.demoKey is PASSED

25-10-2024T02:03:34 - [TEST_STEP][PASSED] - closeBrowser(): Browser is closed

25-10-2024T02:03:34 - [MESSAGE][PASSED] - Browser is closed

25-10-2024T02:03:34 - [TEST_STEP][PASSED] - ExecuteTC = findTestData(dataFile).getValue("Execute", row): null

25-10-2024T02:03:34 - [TEST_STEP][PASSED] - out.println("Value of Execute is : " + ExecuteTC): null

25-10-2024T02:03:34 - [TEST_STEP][PASSED] - if (ExecuteTC.equalsIgnoreCase("Y")): null

25-10-2024T02:03:34 - [TEST_STEP][PASSED] - out.println("Begin Record Number: " + row): null

25-10-2024T02:03:34 - [TEST_STEP][PASSED] - today = new java.util.Date(): null

25-10-2024T02:03:34 - [TEST_STEP][PASSED] - println(today): null

25-10-2024T02:03:34 - [TEST_STEP][PASSED] - datText = today: null

25-10-2024T02:03:34 - [TEST_STEP][PASSED] - EmulatorDataKey = findTestData(dataFile).getValue("EmulatorData", row): null

25-10-2024T02:03:34 - [TEST_STEP][PASSED] - out.println("Value of Emulator Key is : " + EmulatorDataKey): null

25-10-2024T02:03:34 - [TEST_STEP][PASSED] - iwpPages.emulatorIWP30.setDataEmulator_DD(EmulatorDataKey): iwpPages.emulatorIWP30.setDataEmulator_DD is PASSED

25-10-2024T02:03:34 - [MESSAGE][INFO] - Starting 'Edge Chromium' driver

25-10-2024T02:03:34 - [MESSAGE][INFO] - User set preference: ['acceptInsecureCerts', 'true']

25-10-2024T02:03:36 - [MESSAGE][INFO] - Action delay is set to 0 milliseconds

25-10-2024T02:03:40 - [MESSAGE][PASSED] - Browser is opened with url: 'https://qa2.velocitypayment.com/agencyx/config.action?action=editor&message_version=3_0'

25-10-2024T02:03:40 - [MESSAGE][PASSED] - Current window maximized

25-10-2024T02:04:11 - [MESSAGE][INFO] - Unable to find the element located by 'By.xpath: //select[@name='message_version']'. Please recheck the objects properties to make sure the desired element is located. 

25-10-2024T02:04:11 - [MESSAGE][WARNING] - [SELF-HEALING] Failed to find element with id 'Object Repository/IWP30/Page_VRelay30Emulator/MV'. Try using Self-healing.

25-10-2024T02:04:11 - [MESSAGE][WARNING] - [SELF-HEALING] The current locator of test object 'Object Repository/IWP30/Page_VRelay30Emulator/MV' was broken. Propose an alternative one: '(.//*[normalize-space(text()) and normalize-space(.)='Message Version'])[1]/following::select[1]'.

25-10-2024T02:04:12 - [MESSAGE][PASSED] - All options with value '3.0' are selected in object 'Object Repository/IWP30/Page_VRelay30Emulator/MV'  using regular expression

25-10-2024T02:04:13 - [MESSAGE][PASSED] - Text '10.50' is set on object 'Object Repository/IWP30/Page_EmulatorAgencyX/Amount'

25-10-2024T02:04:13 - [MESSAGE][PASSED] - Text 'IQWWDbWRrMNS' is set on object 'Object Repository/IWP30/Page_EmulatorAgencyX/CAN'

25-10-2024T02:04:14 - [MESSAGE][PASSED] - Text 'PayNow' is set on object 'Object Repository/IWP30/Page_EmulatorAgencyX/Action'

25-10-2024T02:04:14 - [MESSAGE][PASSED] - Text 'en_US' is set on object 'Object Repository/IWP30/Page_EmulatorAgencyX/Lang'

25-10-2024T02:04:15 - [MESSAGE][PASSED] - Text '' is set on object 'Object Repository/IWP30/Page_EmulatorAgencyX/Fname'

25-10-2024T02:04:15 - [MESSAGE][PASSED] - Text '' is set on object 'Object Repository/IWP30/Page_EmulatorAgencyX/Lname'

25-10-2024T02:04:16 - [MESSAGE][PASSED] - Text '' is set on object 'Object Repository/IWP30/Page_EmulatorAgencyX/AL1'

25-10-2024T02:04:17 - [MESSAGE][PASSED] - Text '' is set on object 'Object Repository/IWP30/Page_EmulatorAgencyX/AL2'

25-10-2024T02:04:17 - [MESSAGE][PASSED] - Text '' is set on object 'Object Repository/IWP30/Page_EmulatorAgencyX/Country'

25-10-2024T02:04:18 - [MESSAGE][PASSED] - Text '' is set on object 'Object Repository/IWP30/Page_EmulatorAgencyX/City'

25-10-2024T02:04:18 - [MESSAGE][PASSED] - Text '' is set on object 'Object Repository/IWP30/Page_EmulatorAgencyX/State'

25-10-2024T02:04:19 - [MESSAGE][PASSED] - Text '' is set on object 'Object Repository/IWP30/Page_EmulatorAgencyX/ZIP'

25-10-2024T02:04:19 - [MESSAGE][PASSED] - Text '' is set on object 'Object Repository/IWP30/Page_EmulatorAgencyX/Order'

25-10-2024T02:04:20 - [MESSAGE][PASSED] - Text '' is set on object 'Object Repository/IWP30/Page_EmulatorAgencyX/Company'

25-10-2024T02:04:21 - [MESSAGE][PASSED] - Text '' is set on object 'Object Repository/IWP30/Page_EmulatorAgencyX/Email'

25-10-2024T02:04:21 - [MESSAGE][PASSED] - Text '' is set on object 'Object Repository/IWP30/Page_EmulatorAgencyX/UDF1'

25-10-2024T02:04:22 - [MESSAGE][PASSED] - Text '' is set on object 'Object Repository/IWP30/Page_EmulatorAgencyX/UDF2'

25-10-2024T02:04:22 - [MESSAGE][PASSED] - Text '' is set on object 'Object Repository/IWP30/Page_EmulatorAgencyX/UDF3'

25-10-2024T02:04:23 - [MESSAGE][PASSED] - Text 'udf data 4' is set on object 'Object Repository/IWP30/Page_EmulatorAgencyX/UDF4'

25-10-2024T02:04:24 - [MESSAGE][PASSED] - Text 'udf data 5' is set on object 'Object Repository/IWP30/Page_EmulatorAgencyX/UDF5'

25-10-2024T02:04:24 - [MESSAGE][PASSED] - Text '' is set on object 'Object Repository/IWP30/Page_EmulatorAgencyX/UDF6'

25-10-2024T02:04:25 - [MESSAGE][PASSED] - Text '' is set on object 'Object Repository/IWP30/Page_EmulatorAgencyX/UDF7'

25-10-2024T02:04:25 - [MESSAGE][PASSED] - Text '' is set on object 'Object Repository/IWP30/Page_EmulatorAgencyX/UDF8'

25-10-2024T02:04:26 - [MESSAGE][PASSED] - Text 'udf data 9' is set on object 'Object Repository/IWP30/Page_EmulatorAgencyX/UDF9'

25-10-2024T02:04:26 - [MESSAGE][PASSED] - Text 'udf data 10' is set on object 'Object Repository/IWP30/Page_EmulatorAgencyX/UDF10'

25-10-2024T02:04:28 - [MESSAGE][PASSED] - Object: 'Object Repository/IWP30/Page_EmulatorAgencyX/Submit' is clicked on

25-10-2024T02:04:32 - [MESSAGE][PASSED] - Browser is closed

25-10-2024T02:04:36 - [MESSAGE][PASSED] - iwpPages.emulatorIWP30.setDataEmulator_DD is PASSED

25-10-2024T02:04:36 - [TEST_STEP][PASSED] - testHarnessURL = urlTestHarness: null

25-10-2024T02:04:36 - [TEST_STEP][PASSED] - openBrowser(testHarnessURL): Browser is opened with url: 'https://dev-algorithm.govolution.com/vrelaytest/QA2/version_2_2/vrelaytest.html'

25-10-2024T02:04:36 - [MESSAGE][INFO] - Starting 'Edge Chromium' driver

25-10-2024T02:04:36 - [MESSAGE][INFO] - User set preference: ['acceptInsecureCerts', 'true']

25-10-2024T02:04:38 - [MESSAGE][INFO] - Action delay is set to 0 milliseconds

25-10-2024T02:04:42 - [MESSAGE][PASSED] - Browser is opened with url: 'https://dev-algorithm.govolution.com/vrelaytest/QA2/version_2_2/vrelaytest.html'

25-10-2024T02:04:42 - [TEST_STEP][PASSED] - maximizeWindow(): Current window maximized

25-10-2024T02:04:42 - [MESSAGE][PASSED] - Current window maximized

25-10-2024T02:04:42 - [TEST_STEP][PASSED] - iwpPages.TestHarnessPage.setDataMethod(row, dataFile): iwpPages.TestHarnessPage.setDataMethod is PASSED

25-10-2024T02:04:42 - [MESSAGE][PASSED] - Object 'Object Repository/IWP30/Page_QATestHarness/RemittanceID' is present

25-10-2024T02:04:43 - [MESSAGE][PASSED] - Text '649' is set on object 'Object Repository/IWP30/Page_QATestHarness/ApplicationID'

25-10-2024T02:04:43 - [MESSAGE][PASSED] - Text '3.0' is set on object 'Object Repository/IWP30/Page_QATestHarness/MessageVersion'

25-10-2024T02:04:44 - [MESSAGE][PASSED] - Text '4af4Sh2EaTSk' is set on object 'Object Repository/IWP30/Page_QATestHarness/RemittanceID'

25-10-2024T02:04:47 - [MESSAGE][PASSED] - Object: 'Object Repository/IWP30/Page_QATestHarness/SubmitButton' is clicked on

25-10-2024T02:04:47 - [MESSAGE][PASSED] - iwpPages.TestHarnessPage.setDataMethod is PASSED

25-10-2024T02:04:47 - [TEST_STEP][PASSED] - click(findTestObject("Object Repository/IWP30/Page_SelectPaymentMethod/PayByPersonalCheck")): Object: 'Object Repository/IWP30/Page_SelectPaymentMethod/PayByPersonalCheck' is clicked on

25-10-2024T02:04:48 - [MESSAGE][PASSED] - Object: 'Object Repository/IWP30/Page_SelectPaymentMethod/PayByPersonalCheck' is clicked on

25-10-2024T02:04:48 - [TEST_STEP][PASSED] - click(findTestObject("Object Repository/IWP30/Page_SelectPaymentMethod/MakePaymentButton")): Object: 'Object Repository/IWP30/Page_SelectPaymentMethod/MakePaymentButton' is clicked on

25-10-2024T02:04:50 - [MESSAGE][PASSED] - Object: 'Object Repository/IWP30/Page_SelectPaymentMethod/MakePaymentButton' is clicked on

25-10-2024T02:04:50 - [TEST_STEP][PASSED] - iwpPages.achPersonalPaymentEntryPage.setDataACHPPM(row, dataFile): iwpPages.achPersonalPaymentEntryPage.setDataACHPPM is PASSED

25-10-2024T02:04:51 - [MESSAGE][PASSED] - Object 'Object Repository/IWP30/Page_ACHPersonalPaymentEntry/txt_accountNumber' is present

25-10-2024T02:04:52 - [MESSAGE][PASSED] - Text '10.50' is set on object 'Object Repository/IWP30/Page_ACHPersonalPaymentEntry/txt_Amount'

25-10-2024T02:04:52 - [MESSAGE][PASSED] - Object 'Object Repository/IWP30/Page_ACHPersonalPaymentEntry/txt_UDF2' is present

25-10-2024T02:04:53 - [MESSAGE][PASSED] - Text 'udf data 2' is set on object 'Object Repository/IWP30/Page_ACHPersonalPaymentEntry/txt_UDF2'

25-10-2024T02:04:53 - [MESSAGE][PASSED] - Text 'udf data 3' is set on object 'Object Repository/IWP30/Page_ACHPersonalPaymentEntry/txt_UDF3'

25-10-2024T02:04:54 - [MESSAGE][PASSED] - All options with label 'Orange' are selected in object 'Object Repository/IWP30/Page_ACHPersonalPaymentEntry/dd_UDF7' 

25-10-2024T02:04:54 - [MESSAGE][PASSED] - All options with label 'Soccer' are selected in object 'Object Repository/IWP30/Page_ACHPersonalPaymentEntry/dd_UDF8' 

25-10-2024T02:04:54 - [MESSAGE][PASSED] - Object 'Object Repository/IWP30/Page_ACHPersonalPaymentEntry/txt_Firstname' is present

25-10-2024T02:04:55 - [MESSAGE][PASSED] - Text 'Elizath' is set on object 'Object Repository/IWP30/Page_ACHPersonalPaymentEntry/txt_Firstname'

25-10-2024T02:04:55 - [MESSAGE][PASSED] - Object 'Object Repository/IWP30/Page_ACHPersonalPaymentEntry/txt_Lastname' is present

25-10-2024T02:04:56 - [MESSAGE][PASSED] - Text 'Christine' is set on object 'Object Repository/IWP30/Page_ACHPersonalPaymentEntry/txt_Lastname'

25-10-2024T02:04:56 - [MESSAGE][PASSED] - Object 'Object Repository/IWP30/Page_ACHPersonalPaymentEntry/txt_routingNumber' is present

25-10-2024T02:04:57 - [MESSAGE][PASSED] - Text '256072691' is set on object 'Object Repository/IWP30/Page_ACHPersonalPaymentEntry/txt_routingNumber'

25-10-2024T02:04:57 - [MESSAGE][PASSED] - Object 'Object Repository/IWP30/Page_ACHPersonalPaymentEntry/txt_accountNumber' is present

25-10-2024T02:04:58 - [MESSAGE][PASSED] - Text '12344444' is set on object 'Object Repository/IWP30/Page_ACHPersonalPaymentEntry/txt_accountNumber'

25-10-2024T02:04:59 - [MESSAGE][PASSED] - Object 'Object Repository/IWP30/Page_ACHPersonalPaymentEntry/txt_confirmAccountNumber' is present

25-10-2024T02:04:59 - [MESSAGE][PASSED] - Text '12344444' is set on object 'Object Repository/IWP30/Page_ACHPersonalPaymentEntry/txt_confirmAccountNumber'

25-10-2024T02:05:00 - [MESSAGE][PASSED] - Object 'Object Repository/IWP30/Page_ACHPersonalPaymentEntry/rd_accountType' is present

25-10-2024T02:05:00 - [MESSAGE][PASSED] - Modify property of object successfully

25-10-2024T02:05:00 - [MESSAGE][PASSED] - Object: 'Object Repository/IWP30/Page_ACHPersonalPaymentEntry/rd_accountType' is clicked on

25-10-2024T02:05:00 - [MESSAGE][PASSED] - Execute JavaScript '
				   document.getElementById('processDate').value = '08/09/2025'
				  ' successfully

25-10-2024T02:05:01 - [MESSAGE][PASSED] - Text '365 Main Avenue' is set on object 'Object Repository/IWP30/Page_ACHPersonalPaymentEntry/txt_AL1'

25-10-2024T02:05:01 - [MESSAGE][PASSED] - Text '22201' is set on object 'Object Repository/IWP30/Page_ACHPersonalPaymentEntry/txt_ZIP'

25-10-2024T02:05:01 - [MESSAGE][PASSED] - Object 'Object Repository/IWP30/Page_ACHPersonalPaymentEntry/txt_Email' is present

25-10-2024T02:05:02 - [MESSAGE][PASSED] - Text 'iahmed@govolution.com' is set on object 'Object Repository/IWP30/Page_ACHPersonalPaymentEntry/txt_Email'

25-10-2024T02:05:03 - [MESSAGE][PASSED] - Object 'Object Repository/IWP30/Page_ACHPersonalPaymentEntry/cb_TermsAndCond' is present

25-10-2024T02:05:03 - [MESSAGE][PASSED] - Object: 'Object Repository/IWP30/Page_ACHPersonalPaymentEntry/cb_TermsAndCond' is clicked on

25-10-2024T02:05:03 - [MESSAGE][PASSED] - Object 'Object Repository/IWP30/Page_ACHPersonalPaymentEntry/btn_Continue' is present

25-10-2024T02:05:05 - [MESSAGE][PASSED] - Object: 'Object Repository/IWP30/Page_ACHPersonalPaymentEntry/btn_Continue' is clicked on

25-10-2024T02:05:05 - [MESSAGE][PASSED] - iwpPages.achPersonalPaymentEntryPage.setDataACHPPM is PASSED

25-10-2024T02:05:05 - [TEST_STEP][PASSED] - click(findTestObject("Object Repository/IWP30/Page_Confirmation/ConfirmButton")): Object: 'Object Repository/IWP30/Page_Confirmation/ConfirmButton' is clicked on

25-10-2024T02:05:36 - [MESSAGE][INFO] - Unable to find the element located by 'By.xpath: //*[@type = 'submit' and @name = 'confirmNotifyAction' and @id = 'submitYes' and @value = 'Confirm']'. Please recheck the objects properties to make sure the desired element is located. 

25-10-2024T02:05:36 - [MESSAGE][WARNING] - [SELF-HEALING] Failed to find element with id 'Object Repository/IWP30/Page_Confirmation/ConfirmButton'. Try using Self-healing.

25-10-2024T02:05:36 - [MESSAGE][WARNING] - [SELF-HEALING] The current locator of test object 'Object Repository/IWP30/Page_Confirmation/ConfirmButton' was broken. Propose an alternative one: '//div/input'.

25-10-2024T02:05:38 - [MESSAGE][PASSED] - Object: 'Object Repository/IWP30/Page_Confirmation/ConfirmButton' is clicked on

25-10-2024T02:05:38 - [TEST_STEP][PASSED] - Thread.sleep(2000): null

25-10-2024T02:05:40 - [TEST_STEP][PASSED] - if (verifyTextPresent("Deferred", false)): null

25-10-2024T02:05:40 - [MESSAGE][PASSED] - Text 'Deferred' is present on page 

25-10-2024T02:05:40 - [TEST_STEP][PASSED] - println("Deferred is present on page. Deferred Pay is created"): null

25-10-2024T02:05:40 - [TEST_STEP][PASSED] - click(findTestObject("Object Repository/IWP30/Page_Receipt/ViewScheduledPaymentsButton")): Object: 'Object Repository/IWP30/Page_Receipt/ViewScheduledPaymentsButton' is clicked on

25-10-2024T02:05:41 - [MESSAGE][PASSED] - Object: 'Object Repository/IWP30/Page_Receipt/ViewScheduledPaymentsButton' is clicked on

25-10-2024T02:05:41 - [TEST_STEP][PASSED] - switchToWindowTitle("View Scheduled Payments"): Switched to window with title: 'View Scheduled Payments'

25-10-2024T02:05:41 - [MESSAGE][PASSED] - Switched to window with title: 'View Scheduled Payments'

25-10-2024T02:05:41 - [TEST_STEP][PASSED] - Thread.sleep(5000): null

25-10-2024T02:05:46 - [TEST_STEP][PASSED] - if (verifyTextPresent("View Scheduled Payments", false)): null

25-10-2024T02:05:46 - [MESSAGE][PASSED] - Text 'View Scheduled Payments' is present on page 

25-10-2024T02:05:46 - [TEST_STEP][PASSED] - click(findTestObject("Object Repository/IWP30/Page_ScheduledPayments/cancel_payment")): Object: 'Object Repository/IWP30/Page_ScheduledPayments/cancel_payment' is clicked on

25-10-2024T02:05:47 - [MESSAGE][PASSED] - Object: 'Object Repository/IWP30/Page_ScheduledPayments/cancel_payment' is clicked on

25-10-2024T02:05:47 - [TEST_STEP][PASSED] - if (verifyTextPresent("Cancel Payment Plan", false)): null

25-10-2024T02:05:48 - [MESSAGE][PASSED] - Text 'Cancel Payment Plan' is present on page 

25-10-2024T02:05:48 - [TEST_STEP][PASSED] - click(findTestObject("Object Repository/IWP30/Page_PaymentPlan/btn_cancel")): Object: 'Object Repository/IWP30/Page_PaymentPlan/btn_cancel' is clicked on

25-10-2024T02:05:48 - [MESSAGE][PASSED] - Object: 'Object Repository/IWP30/Page_PaymentPlan/btn_cancel' is clicked on

25-10-2024T02:05:48 - [TEST_STEP][PASSED] - acceptAlert(): Alert accepted

25-10-2024T02:05:48 - [MESSAGE][PASSED] - Alert accepted

25-10-2024T02:05:48 - [TEST_STEP][PASSED] - if (verifyTextPresent("Your payment plan has been successfully canceled", false)): null

25-10-2024T02:05:50 - [MESSAGE][PASSED] - Text 'Your payment plan has been successfully canceled' is present on page 

25-10-2024T02:05:50 - [TEST_STEP][PASSED] - markPassed("Your payment plan has been successfully created and canceled"): Your payment plan has been successfully created and canceled

25-10-2024T02:05:50 - [MESSAGE][PASSED] - Your payment plan has been successfully created and canceled

25-10-2024T02:05:50 - [TEST_STEP][PASSED] - resText = "Pass": null

25-10-2024T02:05:50 - [TEST_STEP][PASSED] - println(row): null

25-10-2024T02:05:50 - [TEST_STEP][PASSED] - pages.WriteExcel.demoKey(resText, datText, resColumn, datCloumn, fileLoc, nameSheet, row): pages.WriteExcel.demoKey is PASSED

25-10-2024T02:05:50 - [MESSAGE][PASSED] - pages.WriteExcel.demoKey is PASSED

25-10-2024T02:05:50 - [TEST_STEP][PASSED] - closeBrowser(): Browser is closed

25-10-2024T02:05:50 - [MESSAGE][PASSED] - Browser is closed]]></system-out>
         <system-err><![CDATA[]]></system-err>
      </testcase>
      <testcase name="Test Cases/IntegratedWeb/IWP25/Payments/CMCAutoPayCorp" time="237.9" classname="Test Cases/IntegratedWeb/IWP25/Payments/CMCAutoPayCorp" status="FAILED">
         <failure type="FAILED" message="Test Cases/IntegratedWeb/IWP25/Payments/CMCAutoPayCorp FAILED.&#xa;Reason:&#xa;com.kms.katalon.core.exception.StepFailedException: Text 'AutoPay' is not present on page  (Root cause: com.kms.katalon.core.exception.StepFailedException: Text 'AutoPay' is not present on page &#xa;	at com.kms.katalon.core.webui.keyword.internal.WebUIKeywordMain.stepFailed(WebUIKeywordMain.groovy:64)&#xa;	at com.kms.katalon.core.webui.keyword.builtin.VerifyTextPresentKeyword$_verifyTextPresent_closure1.doCall(VerifyTextPresentKeyword.groovy:79)&#xa;	at com.kms.katalon.core.webui.keyword.builtin.VerifyTextPresentKeyword$_verifyTextPresent_closure1.call(VerifyTextPresentKeyword.groovy)&#xa;	at com.kms.katalon.core.webui.keyword.internal.WebUIKeywordMain.runKeyword(WebUIKeywordMain.groovy:20)&#xa;	at com.kms.katalon.core.webui.keyword.builtin.VerifyTextPresentKeyword.verifyTextPresent(VerifyTextPresentKeyword.groovy:83)&#xa;	at com.kms.katalon.core.webui.keyword.builtin.VerifyTextPresentKeyword.execute(VerifyTextPresentKeyword.groovy:68)&#xa;	at com.kms.katalon.core.keyword.internal.KeywordExecutor.executeKeywordForPlatform(KeywordExecutor.groovy:74)&#xa;	at com.kms.katalon.core.webui.keyword.WebUiBuiltInKeywords.verifyTextPresent(WebUiBuiltInKeywords.groovy:1762)&#xa;	at CMCAutoPayCorp.run(CMCAutoPayCorp:91)&#xa;	at com.kms.katalon.core.main.ScriptEngine.run(ScriptEngine.java:194)&#xa;	at com.kms.katalon.core.main.ScriptEngine.runScriptAsRawText(ScriptEngine.java:119)&#xa;	at com.kms.katalon.core.main.TestCaseExecutor.runScript(TestCaseExecutor.java:448)&#xa;	at com.kms.katalon.core.main.TestCaseExecutor.doExecute(TestCaseExecutor.java:439)&#xa;	at com.kms.katalon.core.main.TestCaseExecutor.processExecutionPhase(TestCaseExecutor.java:418)&#xa;	at com.kms.katalon.core.main.TestCaseExecutor.accessMainPhase(TestCaseExecutor.java:410)&#xa;	at com.kms.katalon.core.main.TestCaseExecutor.execute(TestCaseExecutor.java:285)&#xa;	at com.kms.katalon.core.common.CommonExecutor.accessTestCaseMainPhase(CommonExecutor.java:65)&#xa;	at com.kms.katalon.core.main.TestSuiteExecutor.accessTestSuiteMainPhase(TestSuiteExecutor.java:150)&#xa;	at com.kms.katalon.core.main.TestSuiteExecutor.execute(TestSuiteExecutor.java:106)&#xa;	at com.kms.katalon.core.main.TestCaseMain.startTestSuite(TestCaseMain.java:180)&#xa;	at TempTestSuite1729787045812.run(TempTestSuite1729787045812.groovy:35)&#xa;	at java.base/jdk.internal.reflect.NativeMethodAccessorImpl.invoke0(Native Method)&#xa;	at java.base/jdk.internal.reflect.NativeMethodAccessorImpl.invoke(NativeMethodAccessorImpl.java:77)&#xa;	at java.base/jdk.internal.reflect.DelegatingMethodAccessorImpl.invoke(DelegatingMethodAccessorImpl.java:43)&#xa;)&#xa;	at com.kms.katalon.core.keyword.internal.KeywordMain.stepFailed(KeywordMain.groovy:39)&#xa;	at com.kms.katalon.core.webui.keyword.internal.WebUIKeywordMain.stepFailed(WebUIKeywordMain.groovy:64)&#xa;	at com.kms.katalon.core.webui.keyword.builtin.VerifyTextPresentKeyword$_verifyTextPresent_closure1.doCall(VerifyTextPresentKeyword.groovy:79)&#xa;	at com.kms.katalon.core.webui.keyword.builtin.VerifyTextPresentKeyword$_verifyTextPresent_closure1.call(VerifyTextPresentKeyword.groovy)&#xa;	at com.kms.katalon.core.webui.keyword.internal.WebUIKeywordMain.runKeyword(WebUIKeywordMain.groovy:20)&#xa;	at com.kms.katalon.core.webui.keyword.builtin.VerifyTextPresentKeyword.verifyTextPresent(VerifyTextPresentKeyword.groovy:83)&#xa;	at com.kms.katalon.core.webui.keyword.builtin.VerifyTextPresentKeyword.execute(VerifyTextPresentKeyword.groovy:68)&#xa;	at com.kms.katalon.core.keyword.internal.KeywordExecutor.executeKeywordForPlatform(KeywordExecutor.groovy:74)&#xa;	at com.kms.katalon.core.webui.keyword.WebUiBuiltInKeywords.verifyTextPresent(WebUiBuiltInKeywords.groovy:1762)&#xa;	at CMCAutoPayCorp.run(CMCAutoPayCorp:91)&#xa;	at com.kms.katalon.core.main.ScriptEngine.run(ScriptEngine.java:194)&#xa;	at com.kms.katalon.core.main.ScriptEngine.runScriptAsRawText(ScriptEngine.java:119)&#xa;	at com.kms.katalon.core.main.TestCaseExecutor.runScript(TestCaseExecutor.java:448)&#xa;	at com.kms.katalon.core.main.TestCaseExecutor.doExecute(TestCaseExecutor.java:439)&#xa;	at com.kms.katalon.core.main.TestCaseExecutor.processExecutionPhase(TestCaseExecutor.java:418)&#xa;	at com.kms.katalon.core.main.TestCaseExecutor.accessMainPhase(TestCaseExecutor.java:410)&#xa;	at com.kms.katalon.core.main.TestCaseExecutor.execute(TestCaseExecutor.java:285)&#xa;	at com.kms.katalon.core.common.CommonExecutor.accessTestCaseMainPhase(CommonExecutor.java:65)&#xa;	at com.kms.katalon.core.main.TestSuiteExecutor.accessTestSuiteMainPhase(TestSuiteExecutor.java:150)&#xa;	at com.kms.katalon.core.main.TestSuiteExecutor.execute(TestSuiteExecutor.java:106)&#xa;	at com.kms.katalon.core.main.TestCaseMain.startTestSuite(TestCaseMain.java:180)&#xa;	at TempTestSuite1729787045812.run(TempTestSuite1729787045812.groovy:35)&#xa;	at java.base/jdk.internal.reflect.NativeMethodAccessorImpl.invoke0(Native Method)&#xa;	at java.base/jdk.internal.reflect.NativeMethodAccessorImpl.invoke(NativeMethodAccessorImpl.java:77)&#xa;	at java.base/jdk.internal.reflect.DelegatingMethodAccessorImpl.invoke(DelegatingMethodAccessorImpl.java:43)&#xa;Caused by: com.kms.katalon.core.exception.StepFailedException: Text 'AutoPay' is not present on page &#xa;	... 24 more&#xa;"/>
         <system-out><![CDATA[25-10-2024T02:05:50 - [TEST_CASE][FAILED] - Test Cases/IntegratedWeb/IWP25/Payments/CMCAutoPayCorp: Test Cases/IntegratedWeb/IWP25/Payments/CMCAutoPayCorp FAILED.
Reason:
com.kms.katalon.core.exception.StepFailedException: Text 'AutoPay' is not present on page  (Root cause: com.kms.katalon.core.exception.StepFailedException: Text 'AutoPay' is not present on page 
	at com.kms.katalon.core.webui.keyword.internal.WebUIKeywordMain.stepFailed(WebUIKeywordMain.groovy:64)
	at com.kms.katalon.core.webui.keyword.builtin.VerifyTextPresentKeyword$_verifyTextPresent_closure1.doCall(VerifyTextPresentKeyword.groovy:79)
	at com.kms.katalon.core.webui.keyword.builtin.VerifyTextPresentKeyword$_verifyTextPresent_closure1.call(VerifyTextPresentKeyword.groovy)
	at com.kms.katalon.core.webui.keyword.internal.WebUIKeywordMain.runKeyword(WebUIKeywordMain.groovy:20)
	at com.kms.katalon.core.webui.keyword.builtin.VerifyTextPresentKeyword.verifyTextPresent(VerifyTextPresentKeyword.groovy:83)
	at com.kms.katalon.core.webui.keyword.builtin.VerifyTextPresentKeyword.execute(VerifyTextPresentKeyword.groovy:68)
	at com.kms.katalon.core.keyword.internal.KeywordExecutor.executeKeywordForPlatform(KeywordExecutor.groovy:74)
	at com.kms.katalon.core.webui.keyword.WebUiBuiltInKeywords.verifyTextPresent(WebUiBuiltInKeywords.groovy:1762)
	at CMCAutoPayCorp.run(CMCAutoPayCorp:91)
	at com.kms.katalon.core.main.ScriptEngine.run(ScriptEngine.java:194)
	at com.kms.katalon.core.main.ScriptEngine.runScriptAsRawText(ScriptEngine.java:119)
	at com.kms.katalon.core.main.TestCaseExecutor.runScript(TestCaseExecutor.java:448)
	at com.kms.katalon.core.main.TestCaseExecutor.doExecute(TestCaseExecutor.java:439)
	at com.kms.katalon.core.main.TestCaseExecutor.processExecutionPhase(TestCaseExecutor.java:418)
	at com.kms.katalon.core.main.TestCaseExecutor.accessMainPhase(TestCaseExecutor.java:410)
	at com.kms.katalon.core.main.TestCaseExecutor.execute(TestCaseExecutor.java:285)
	at com.kms.katalon.core.common.CommonExecutor.accessTestCaseMainPhase(CommonExecutor.java:65)
	at com.kms.katalon.core.main.TestSuiteExecutor.accessTestSuiteMainPhase(TestSuiteExecutor.java:150)
	at com.kms.katalon.core.main.TestSuiteExecutor.execute(TestSuiteExecutor.java:106)
	at com.kms.katalon.core.main.TestCaseMain.startTestSuite(TestCaseMain.java:180)
	at TempTestSuite1729787045812.run(TempTestSuite1729787045812.groovy:35)
	at java.base/jdk.internal.reflect.NativeMethodAccessorImpl.invoke0(Native Method)
	at java.base/jdk.internal.reflect.NativeMethodAccessorImpl.invoke(NativeMethodAccessorImpl.java:77)
	at java.base/jdk.internal.reflect.DelegatingMethodAccessorImpl.invoke(DelegatingMethodAccessorImpl.java:43)
)
	at com.kms.katalon.core.keyword.internal.KeywordMain.stepFailed(KeywordMain.groovy:39)
	at com.kms.katalon.core.webui.keyword.internal.WebUIKeywordMain.stepFailed(WebUIKeywordMain.groovy:64)
	at com.kms.katalon.core.webui.keyword.builtin.VerifyTextPresentKeyword$_verifyTextPresent_closure1.doCall(VerifyTextPresentKeyword.groovy:79)
	at com.kms.katalon.core.webui.keyword.builtin.VerifyTextPresentKeyword$_verifyTextPresent_closure1.call(VerifyTextPresentKeyword.groovy)
	at com.kms.katalon.core.webui.keyword.internal.WebUIKeywordMain.runKeyword(WebUIKeywordMain.groovy:20)
	at com.kms.katalon.core.webui.keyword.builtin.VerifyTextPresentKeyword.verifyTextPresent(VerifyTextPresentKeyword.groovy:83)
	at com.kms.katalon.core.webui.keyword.builtin.VerifyTextPresentKeyword.execute(VerifyTextPresentKeyword.groovy:68)
	at com.kms.katalon.core.keyword.internal.KeywordExecutor.executeKeywordForPlatform(KeywordExecutor.groovy:74)
	at com.kms.katalon.core.webui.keyword.WebUiBuiltInKeywords.verifyTextPresent(WebUiBuiltInKeywords.groovy:1762)
	at CMCAutoPayCorp.run(CMCAutoPayCorp:91)
	at com.kms.katalon.core.main.ScriptEngine.run(ScriptEngine.java:194)
	at com.kms.katalon.core.main.ScriptEngine.runScriptAsRawText(ScriptEngine.java:119)
	at com.kms.katalon.core.main.TestCaseExecutor.runScript(TestCaseExecutor.java:448)
	at com.kms.katalon.core.main.TestCaseExecutor.doExecute(TestCaseExecutor.java:439)
	at com.kms.katalon.core.main.TestCaseExecutor.processExecutionPhase(TestCaseExecutor.java:418)
	at com.kms.katalon.core.main.TestCaseExecutor.accessMainPhase(TestCaseExecutor.java:410)
	at com.kms.katalon.core.main.TestCaseExecutor.execute(TestCaseExecutor.java:285)
	at com.kms.katalon.core.common.CommonExecutor.accessTestCaseMainPhase(CommonExecutor.java:65)
	at com.kms.katalon.core.main.TestSuiteExecutor.accessTestSuiteMainPhase(TestSuiteExecutor.java:150)
	at com.kms.katalon.core.main.TestSuiteExecutor.execute(TestSuiteExecutor.java:106)
	at com.kms.katalon.core.main.TestCaseMain.startTestSuite(TestCaseMain.java:180)
	at TempTestSuite1729787045812.run(TempTestSuite1729787045812.groovy:35)
	at java.base/jdk.internal.reflect.NativeMethodAccessorImpl.invoke0(Native Method)
	at java.base/jdk.internal.reflect.NativeMethodAccessorImpl.invoke(NativeMethodAccessorImpl.java:77)
	at java.base/jdk.internal.reflect.DelegatingMethodAccessorImpl.invoke(DelegatingMethodAccessorImpl.java:43)
Caused by: com.kms.katalon.core.exception.StepFailedException: Text 'AutoPay' is not present on page 
	... 24 more


25-10-2024T02:05:50 - [TEST_STEP][PASSED] - resText = "Fail": null

25-10-2024T02:05:50 - [TEST_STEP][PASSED] - resColumn = "Result": null

25-10-2024T02:05:50 - [TEST_STEP][PASSED] - datCloumn = "Date": null

25-10-2024T02:05:50 - [TEST_STEP][PASSED] - fileLoc = "KatalonData/IWPTestData/VRelay25PaymentsExtension.xlsx": null

25-10-2024T02:05:50 - [TEST_STEP][PASSED] - numOfRows = <not implemented yet for class: org.codehaus.groovy.ast.expr.EmptyExpression>: null

25-10-2024T02:05:50 - [TEST_STEP][PASSED] - dataFile = <not implemented yet for class: org.codehaus.groovy.ast.expr.EmptyExpression>: null

25-10-2024T02:05:50 - [TEST_STEP][PASSED] - nameSheet = <not implemented yet for class: org.codehaus.groovy.ast.expr.EmptyExpression>: null

25-10-2024T02:05:50 - [TEST_STEP][PASSED] - dataFileEmulator = <not implemented yet for class: org.codehaus.groovy.ast.expr.EmptyExpression>: null

25-10-2024T02:05:50 - [TEST_STEP][PASSED] - isRequiredTextPresent = false: null

25-10-2024T02:05:50 - [TEST_STEP][PASSED] - nameSheet = "CMCAutoPayPlanCorp": null

25-10-2024T02:05:50 - [TEST_STEP][PASSED] - dataFile = getExcelDataWithDefaultSheet("KatalonData/IWPTestData/VRelay25PaymentsExtension.xlsx", nameSheet, true): null

25-10-2024T02:05:50 - [TEST_STEP][PASSED] - dataFileEmulator = "IWPTestData/EmulatorData": null

25-10-2024T02:05:50 - [TEST_STEP][PASSED] - numOfRows = dataFile.getRowNumbers(): null

25-10-2024T02:05:50 - [TEST_STEP][PASSED] - println("Number of Records: " + numOfRows): null

25-10-2024T02:05:50 - [TEST_STEP][FAILED] - for ([row = 1, row <= numOfRows, (row++)]): null

25-10-2024T02:05:50 - [TEST_STEP][PASSED] - ExecuteTC = dataFile.getValue("Execute", row): null

25-10-2024T02:05:50 - [TEST_STEP][PASSED] - out.println("Value of Execute is : " + ExecuteTC): null

25-10-2024T02:05:50 - [TEST_STEP][FAILED] - if (ExecuteTC.equalsIgnoreCase("Y")): null

25-10-2024T02:05:50 - [TEST_STEP][PASSED] - out.println("Begin Record Number: " + row): null

25-10-2024T02:05:50 - [TEST_STEP][PASSED] - today = new java.util.Date(): null

25-10-2024T02:05:50 - [TEST_STEP][PASSED] - println(today): null

25-10-2024T02:05:50 - [TEST_STEP][PASSED] - datText = today: null

25-10-2024T02:05:50 - [TEST_STEP][PASSED] - EmulatorDataKey = dataFile.getValue("EmulatorData", row): null

25-10-2024T02:05:50 - [TEST_STEP][PASSED] - out.println("Value of Emulator Key is : " + EmulatorDataKey): null

25-10-2024T02:05:50 - [TEST_STEP][PASSED] - iwpPages.emulatorIWP30.setDataEmulator_DD(EmulatorDataKey): iwpPages.emulatorIWP30.setDataEmulator_DD is PASSED

25-10-2024T02:05:51 - [MESSAGE][INFO] - Starting 'Edge Chromium' driver

25-10-2024T02:05:51 - [MESSAGE][INFO] - User set preference: ['acceptInsecureCerts', 'true']

25-10-2024T02:05:53 - [MESSAGE][INFO] - Action delay is set to 0 milliseconds

25-10-2024T02:05:57 - [MESSAGE][PASSED] - Browser is opened with url: 'https://qa2.velocitypayment.com/agencyx/config.action?action=editor&message_version=2_5'

25-10-2024T02:05:57 - [MESSAGE][PASSED] - Current window maximized

25-10-2024T02:06:28 - [MESSAGE][INFO] - Unable to find the element located by 'By.xpath: //select[@name='message_version']'. Please recheck the objects properties to make sure the desired element is located. 

25-10-2024T02:06:28 - [MESSAGE][WARNING] - [SELF-HEALING] Failed to find element with id 'Object Repository/IWP30/Page_VRelay30Emulator/MV'. Try using Self-healing.

25-10-2024T02:06:28 - [MESSAGE][WARNING] - [SELF-HEALING] The current locator of test object 'Object Repository/IWP30/Page_VRelay30Emulator/MV' was broken. Propose an alternative one: '(.//*[normalize-space(text()) and normalize-space(.)='Message Version'])[1]/following::select[1]'.

25-10-2024T02:06:29 - [MESSAGE][PASSED] - All options with value '2.5' are selected in object 'Object Repository/IWP30/Page_VRelay30Emulator/MV'  using regular expression

25-10-2024T02:06:29 - [MESSAGE][PASSED] - Text '10.50' is set on object 'Object Repository/IWP30/Page_EmulatorAgencyX/Amount'

25-10-2024T02:06:30 - [MESSAGE][PASSED] - Text 'IJW49vWF1D1s' is set on object 'Object Repository/IWP30/Page_EmulatorAgencyX/CAN'

25-10-2024T02:06:31 - [MESSAGE][PASSED] - Text 'AutoPay' is set on object 'Object Repository/IWP30/Page_EmulatorAgencyX/Action'

25-10-2024T02:06:31 - [MESSAGE][PASSED] - Text 'en_US' is set on object 'Object Repository/IWP30/Page_EmulatorAgencyX/Lang'

25-10-2024T02:06:32 - [MESSAGE][PASSED] - Text '' is set on object 'Object Repository/IWP30/Page_EmulatorAgencyX/Fname'

25-10-2024T02:06:32 - [MESSAGE][PASSED] - Text '' is set on object 'Object Repository/IWP30/Page_EmulatorAgencyX/Lname'

25-10-2024T02:06:33 - [MESSAGE][PASSED] - Text '' is set on object 'Object Repository/IWP30/Page_EmulatorAgencyX/AL1'

25-10-2024T02:06:33 - [MESSAGE][PASSED] - Text '' is set on object 'Object Repository/IWP30/Page_EmulatorAgencyX/AL2'

25-10-2024T02:06:34 - [MESSAGE][PASSED] - Text '' is set on object 'Object Repository/IWP30/Page_EmulatorAgencyX/Country'

25-10-2024T02:06:35 - [MESSAGE][PASSED] - Text '' is set on object 'Object Repository/IWP30/Page_EmulatorAgencyX/City'

25-10-2024T02:06:35 - [MESSAGE][PASSED] - Text '' is set on object 'Object Repository/IWP30/Page_EmulatorAgencyX/State'

25-10-2024T02:06:36 - [MESSAGE][PASSED] - Text '' is set on object 'Object Repository/IWP30/Page_EmulatorAgencyX/ZIP'

25-10-2024T02:06:36 - [MESSAGE][PASSED] - Text '' is set on object 'Object Repository/IWP30/Page_EmulatorAgencyX/Order'

25-10-2024T02:06:37 - [MESSAGE][PASSED] - Text '' is set on object 'Object Repository/IWP30/Page_EmulatorAgencyX/Company'

25-10-2024T02:06:37 - [MESSAGE][PASSED] - Text '' is set on object 'Object Repository/IWP30/Page_EmulatorAgencyX/Email'

25-10-2024T02:06:38 - [MESSAGE][PASSED] - Text '' is set on object 'Object Repository/IWP30/Page_EmulatorAgencyX/UDF1'

25-10-2024T02:06:39 - [MESSAGE][PASSED] - Text '' is set on object 'Object Repository/IWP30/Page_EmulatorAgencyX/UDF2'

25-10-2024T02:06:39 - [MESSAGE][PASSED] - Text '' is set on object 'Object Repository/IWP30/Page_EmulatorAgencyX/UDF3'

25-10-2024T02:06:40 - [MESSAGE][PASSED] - Text 'udf data 4' is set on object 'Object Repository/IWP30/Page_EmulatorAgencyX/UDF4'

25-10-2024T02:06:40 - [MESSAGE][PASSED] - Text 'udf data 5' is set on object 'Object Repository/IWP30/Page_EmulatorAgencyX/UDF5'

25-10-2024T02:06:41 - [MESSAGE][PASSED] - Text '' is set on object 'Object Repository/IWP30/Page_EmulatorAgencyX/UDF6'

25-10-2024T02:06:41 - [MESSAGE][PASSED] - Text '' is set on object 'Object Repository/IWP30/Page_EmulatorAgencyX/UDF7'

25-10-2024T02:06:42 - [MESSAGE][PASSED] - Text '' is set on object 'Object Repository/IWP30/Page_EmulatorAgencyX/UDF8'

25-10-2024T02:06:43 - [MESSAGE][PASSED] - Text 'udf data 9' is set on object 'Object Repository/IWP30/Page_EmulatorAgencyX/UDF9'

25-10-2024T02:06:43 - [MESSAGE][PASSED] - Text 'udf data 10' is set on object 'Object Repository/IWP30/Page_EmulatorAgencyX/UDF10'

25-10-2024T02:06:45 - [MESSAGE][PASSED] - Object: 'Object Repository/IWP30/Page_EmulatorAgencyX/Submit' is clicked on

25-10-2024T02:06:49 - [MESSAGE][PASSED] - Browser is closed

25-10-2024T02:06:53 - [MESSAGE][PASSED] - iwpPages.emulatorIWP30.setDataEmulator_DD is PASSED

25-10-2024T02:06:53 - [TEST_STEP][PASSED] - testHarnessURL = urlTestHarness: null

25-10-2024T02:06:53 - [TEST_STEP][PASSED] - openBrowser(testHarnessURL): Browser is opened with url: 'https://dev-algorithm.govolution.com/vrelaytest/QA2/version_2_2/vrelaytest.html'

25-10-2024T02:06:53 - [MESSAGE][INFO] - Starting 'Edge Chromium' driver

25-10-2024T02:06:53 - [MESSAGE][INFO] - User set preference: ['acceptInsecureCerts', 'true']

25-10-2024T02:06:55 - [MESSAGE][INFO] - Action delay is set to 0 milliseconds

25-10-2024T02:06:58 - [MESSAGE][PASSED] - Browser is opened with url: 'https://dev-algorithm.govolution.com/vrelaytest/QA2/version_2_2/vrelaytest.html'

25-10-2024T02:06:58 - [TEST_STEP][PASSED] - maximizeWindow(): Current window maximized

25-10-2024T02:06:58 - [MESSAGE][PASSED] - Current window maximized

25-10-2024T02:06:58 - [TEST_STEP][PASSED] - iwpPages.TestHarnessPage.setDataMethodEF(row, dataFile): iwpPages.TestHarnessPage.setDataMethodEF is PASSED

25-10-2024T02:06:59 - [MESSAGE][PASSED] - Object 'Object Repository/IWP30/Page_QATestHarness/RemittanceID' is present

25-10-2024T02:06:59 - [MESSAGE][PASSED] - Text '638' is set on object 'Object Repository/IWP30/Page_QATestHarness/ApplicationID'

25-10-2024T02:07:00 - [MESSAGE][PASSED] - Text '2.5' is set on object 'Object Repository/IWP30/Page_QATestHarness/MessageVersion'

25-10-2024T02:07:00 - [MESSAGE][PASSED] - Text 'YkN5hazPSA6T' is set on object 'Object Repository/IWP30/Page_QATestHarness/RemittanceID'

25-10-2024T02:07:05 - [MESSAGE][PASSED] - Object: 'Object Repository/IWP30/Page_QATestHarness/SubmitButton' is clicked on

25-10-2024T02:07:05 - [MESSAGE][PASSED] - iwpPages.TestHarnessPage.setDataMethodEF is PASSED

25-10-2024T02:07:05 - [TEST_STEP][PASSED] - click(findTestObject("Object Repository/IWP30/Page_SelectPaymentMethod/PayByCorporateCheck")): Object: 'Object Repository/IWP30/Page_SelectPaymentMethod/PayByCorporateCheck' is clicked on

25-10-2024T02:07:05 - [MESSAGE][PASSED] - Object: 'Object Repository/IWP30/Page_SelectPaymentMethod/PayByCorporateCheck' is clicked on

25-10-2024T02:07:05 - [TEST_STEP][PASSED] - click(findTestObject("Object Repository/IWP30/Page_SelectPaymentMethod/MakePaymentButton")): Object: 'Object Repository/IWP30/Page_SelectPaymentMethod/MakePaymentButton' is clicked on

25-10-2024T02:07:08 - [MESSAGE][PASSED] - Object: 'Object Repository/IWP30/Page_SelectPaymentMethod/MakePaymentButton' is clicked on

25-10-2024T02:07:08 - [TEST_STEP][PASSED] - iwpPages.achCorporatePaymentEntryPage.setDataCorporate(row, dataFile): iwpPages.achCorporatePaymentEntryPage.setDataCorporate is PASSED

25-10-2024T02:07:08 - [MESSAGE][PASSED] - Object 'Object Repository/IWP30/Page_ACHCorporatePaymentEntry/txt_accountNumber' is present

25-10-2024T02:07:09 - [MESSAGE][PASSED] - Object 'Object Repository/IWP30/Page_ACHCorporatePaymentEntry/input_CompanyName' is present

25-10-2024T02:07:09 - [MESSAGE][PASSED] - Text 'My Company' is set on object 'Object Repository/IWP30/Page_ACHCorporatePaymentEntry/input_CompanyName'

25-10-2024T02:07:09 - [MESSAGE][PASSED] - Object 'Object Repository/IWP30/Page_ACHCorporatePaymentEntry/input_EIN' is present

25-10-2024T02:07:10 - [MESSAGE][PASSED] - Text '123456789' is set on object 'Object Repository/IWP30/Page_ACHCorporatePaymentEntry/input_EIN'

25-10-2024T02:07:11 - [MESSAGE][PASSED] - Text 'udf data 2' is set on object 'Object Repository/IWP30/Page_ACHCorporatePaymentEntry/txt_UDF2'

25-10-2024T02:07:11 - [MESSAGE][PASSED] - Text 'udf data 3' is set on object 'Object Repository/IWP30/Page_ACHCorporatePaymentEntry/txt_UDF3'

25-10-2024T02:07:12 - [MESSAGE][PASSED] - All options with label 'Orange' are selected in object 'Object Repository/IWP30/Page_ACHCorporatePaymentEntry/dd_UDF7' 

25-10-2024T02:07:12 - [MESSAGE][PASSED] - All options with label 'Soccer' are selected in object 'Object Repository/IWP30/Page_ACHCorporatePaymentEntry/dd_UDF8' 

25-10-2024T02:07:13 - [MESSAGE][PASSED] - Object 'Object Repository/IWP30/Page_ACHCorporatePaymentEntry/txt_routingNumber' is present

25-10-2024T02:07:13 - [MESSAGE][PASSED] - Text '256072691' is set on object 'Object Repository/IWP30/Page_ACHCorporatePaymentEntry/txt_routingNumber'

25-10-2024T02:07:13 - [MESSAGE][PASSED] - Object 'Object Repository/IWP30/Page_ACHCorporatePaymentEntry/txt_accountNumber' is present

25-10-2024T02:07:14 - [MESSAGE][PASSED] - Text '12344444' is set on object 'Object Repository/IWP30/Page_ACHCorporatePaymentEntry/txt_accountNumber'

25-10-2024T02:07:15 - [MESSAGE][PASSED] - Object 'Object Repository/IWP30/Page_ACHCorporatePaymentEntry/txt_confirmAccountNumber' is present

25-10-2024T02:07:15 - [MESSAGE][PASSED] - Text '12344444' is set on object 'Object Repository/IWP30/Page_ACHCorporatePaymentEntry/txt_confirmAccountNumber'

25-10-2024T02:07:16 - [MESSAGE][PASSED] - Text '365 Main Avenue' is set on object 'Object Repository/IWP30/Page_ACHCorporatePaymentEntry/txt_AL1'

25-10-2024T02:07:17 - [MESSAGE][PASSED] - Text '22201' is set on object 'Object Repository/IWP30/Page_ACHCorporatePaymentEntry/txt_ZIP'

25-10-2024T02:07:17 - [MESSAGE][PASSED] - Object 'Object Repository/IWP30/Page_ACHCorporatePaymentEntry/txt_Email' is present

25-10-2024T02:07:18 - [MESSAGE][PASSED] - Text 'iahmed@govolution.com' is set on object 'Object Repository/IWP30/Page_ACHCorporatePaymentEntry/txt_Email'

25-10-2024T02:07:18 - [MESSAGE][PASSED] - Object 'Object Repository/IWP30/Page_ACHCorporatePaymentEntry/cb_TermsAndCond' is present

25-10-2024T02:07:19 - [MESSAGE][PASSED] - Object: 'Object Repository/IWP30/Page_ACHCorporatePaymentEntry/cb_TermsAndCond' is clicked on

25-10-2024T02:07:19 - [MESSAGE][PASSED] - Object 'Object Repository/IWP30/Page_ACHCorporatePaymentEntry/btn_Continue' is present

25-10-2024T02:07:20 - [MESSAGE][PASSED] - Object: 'Object Repository/IWP30/Page_ACHCorporatePaymentEntry/btn_Continue' is clicked on

25-10-2024T02:07:20 - [MESSAGE][PASSED] - iwpPages.achCorporatePaymentEntryPage.setDataCorporate is PASSED

25-10-2024T02:07:20 - [TEST_STEP][PASSED] - click(findTestObject("Object Repository/IWP30/Page_Confirmation/ConfirmButton")): Object: 'Object Repository/IWP30/Page_Confirmation/ConfirmButton' is clicked on

25-10-2024T02:07:23 - [MESSAGE][PASSED] - Object: 'Object Repository/IWP30/Page_Confirmation/ConfirmButton' is clicked on

25-10-2024T02:07:23 - [TEST_STEP][PASSED] - Thread.sleep(2000): null

25-10-2024T02:07:25 - [TEST_STEP][FAILED] - if (verifyTextPresent("AutoPay", false)): Text 'AutoPay' is not present on page  (Root cause: com.kms.katalon.core.exception.StepFailedException: Text 'AutoPay' is not present on page 
	at com.kms.katalon.core.webui.keyword.internal.WebUIKeywordMain.stepFailed(WebUIKeywordMain.groovy:64)
	at com.kms.katalon.core.webui.keyword.builtin.VerifyTextPresentKeyword$_verifyTextPresent_closure1.doCall(VerifyTextPresentKeyword.groovy:79)
	at com.kms.katalon.core.webui.keyword.builtin.VerifyTextPresentKeyword$_verifyTextPresent_closure1.call(VerifyTextPresentKeyword.groovy)
	at com.kms.katalon.core.webui.keyword.internal.WebUIKeywordMain.runKeyword(WebUIKeywordMain.groovy:20)
	at com.kms.katalon.core.webui.keyword.builtin.VerifyTextPresentKeyword.verifyTextPresent(VerifyTextPresentKeyword.groovy:83)
	at com.kms.katalon.core.webui.keyword.builtin.VerifyTextPresentKeyword.execute(VerifyTextPresentKeyword.groovy:68)
	at com.kms.katalon.core.keyword.internal.KeywordExecutor.executeKeywordForPlatform(KeywordExecutor.groovy:74)
	at com.kms.katalon.core.webui.keyword.WebUiBuiltInKeywords.verifyTextPresent(WebUiBuiltInKeywords.groovy:1762)
	at CMCAutoPayCorp.run(CMCAutoPayCorp:91)
	at com.kms.katalon.core.main.ScriptEngine.run(ScriptEngine.java:194)
	at com.kms.katalon.core.main.ScriptEngine.runScriptAsRawText(ScriptEngine.java:119)
	at com.kms.katalon.core.main.TestCaseExecutor.runScript(TestCaseExecutor.java:448)
	at com.kms.katalon.core.main.TestCaseExecutor.doExecute(TestCaseExecutor.java:439)
	at com.kms.katalon.core.main.TestCaseExecutor.processExecutionPhase(TestCaseExecutor.java:418)
	at com.kms.katalon.core.main.TestCaseExecutor.accessMainPhase(TestCaseExecutor.java:410)
	at com.kms.katalon.core.main.TestCaseExecutor.execute(TestCaseExecutor.java:285)
	at com.kms.katalon.core.common.CommonExecutor.accessTestCaseMainPhase(CommonExecutor.java:65)
	at com.kms.katalon.core.main.TestSuiteExecutor.accessTestSuiteMainPhase(TestSuiteExecutor.java:150)
	at com.kms.katalon.core.main.TestSuiteExecutor.execute(TestSuiteExecutor.java:106)
	at com.kms.katalon.core.main.TestCaseMain.startTestSuite(TestCaseMain.java:180)
	at TempTestSuite1729787045812.run(TempTestSuite1729787045812.groovy:35)
	at java.base/jdk.internal.reflect.NativeMethodAccessorImpl.invoke0(Native Method)
	at java.base/jdk.internal.reflect.NativeMethodAccessorImpl.invoke(NativeMethodAccessorImpl.java:77)
	at java.base/jdk.internal.reflect.DelegatingMethodAccessorImpl.invoke(DelegatingMethodAccessorImpl.java:43)
)

25-10-2024T02:07:25 - [MESSAGE][FAILED] - Text 'AutoPay' is not present on page  (Root cause: com.kms.katalon.core.exception.StepFailedException: Text 'AutoPay' is not present on page 
	at com.kms.katalon.core.webui.keyword.internal.WebUIKeywordMain.stepFailed(WebUIKeywordMain.groovy:64)
	at com.kms.katalon.core.webui.keyword.builtin.VerifyTextPresentKeyword$_verifyTextPresent_closure1.doCall(VerifyTextPresentKeyword.groovy:79)
	at com.kms.katalon.core.webui.keyword.builtin.VerifyTextPresentKeyword$_verifyTextPresent_closure1.call(VerifyTextPresentKeyword.groovy)
	at com.kms.katalon.core.webui.keyword.internal.WebUIKeywordMain.runKeyword(WebUIKeywordMain.groovy:20)
	at com.kms.katalon.core.webui.keyword.builtin.VerifyTextPresentKeyword.verifyTextPresent(VerifyTextPresentKeyword.groovy:83)
	at com.kms.katalon.core.webui.keyword.builtin.VerifyTextPresentKeyword.execute(VerifyTextPresentKeyword.groovy:68)
	at com.kms.katalon.core.keyword.internal.KeywordExecutor.executeKeywordForPlatform(KeywordExecutor.groovy:74)
	at com.kms.katalon.core.webui.keyword.WebUiBuiltInKeywords.verifyTextPresent(WebUiBuiltInKeywords.groovy:1762)
	at CMCAutoPayCorp.run(CMCAutoPayCorp:91)
	at com.kms.katalon.core.main.ScriptEngine.run(ScriptEngine.java:194)
	at com.kms.katalon.core.main.ScriptEngine.runScriptAsRawText(ScriptEngine.java:119)
	at com.kms.katalon.core.main.TestCaseExecutor.runScript(TestCaseExecutor.java:448)
	at com.kms.katalon.core.main.TestCaseExecutor.doExecute(TestCaseExecutor.java:439)
	at com.kms.katalon.core.main.TestCaseExecutor.processExecutionPhase(TestCaseExecutor.java:418)
	at com.kms.katalon.core.main.TestCaseExecutor.accessMainPhase(TestCaseExecutor.java:410)
	at com.kms.katalon.core.main.TestCaseExecutor.execute(TestCaseExecutor.java:285)
	at com.kms.katalon.core.common.CommonExecutor.accessTestCaseMainPhase(CommonExecutor.java:65)
	at com.kms.katalon.core.main.TestSuiteExecutor.accessTestSuiteMainPhase(TestSuiteExecutor.java:150)
	at com.kms.katalon.core.main.TestSuiteExecutor.execute(TestSuiteExecutor.java:106)
	at com.kms.katalon.core.main.TestCaseMain.startTestSuite(TestCaseMain.java:180)
	at TempTestSuite1729787045812.run(TempTestSuite1729787045812.groovy:35)
	at java.base/jdk.internal.reflect.NativeMethodAccessorImpl.invoke0(Native Method)
	at java.base/jdk.internal.reflect.NativeMethodAccessorImpl.invoke(NativeMethodAccessorImpl.java:77)
	at java.base/jdk.internal.reflect.DelegatingMethodAccessorImpl.invoke(DelegatingMethodAccessorImpl.java:43)
)

25-10-2024T02:07:25 - [TEST_STEP][FAILED] - else: null

25-10-2024T02:07:25 - [TEST_STEP][FAILED] - markFailed("Deferred is not present on page"): Deferred is not present on page

25-10-2024T02:07:25 - [MESSAGE][FAILED] - Deferred is not present on page

25-10-2024T02:07:25 - [TEST_STEP][PASSED] - resText = "Fail": null

25-10-2024T02:07:25 - [TEST_STEP][PASSED] - pages.WriteExcel.demoKey(resText, datText, resColumn, datCloumn, fileLoc, nameSheet, row): pages.WriteExcel.demoKey is PASSED

25-10-2024T02:07:25 - [MESSAGE][PASSED] - pages.WriteExcel.demoKey is PASSED

25-10-2024T02:07:25 - [TEST_STEP][PASSED] - closeBrowser(): Browser is closed

25-10-2024T02:07:25 - [MESSAGE][PASSED] - Browser is closed

25-10-2024T02:07:25 - [TEST_STEP][PASSED] - ExecuteTC = dataFile.getValue("Execute", row): null

25-10-2024T02:07:25 - [TEST_STEP][PASSED] - out.println("Value of Execute is : " + ExecuteTC): null

25-10-2024T02:07:25 - [TEST_STEP][PASSED] - if (ExecuteTC.equalsIgnoreCase("Y")): null

25-10-2024T02:07:25 - [TEST_STEP][PASSED] - out.println("Begin Record Number: " + row): null

25-10-2024T02:07:25 - [TEST_STEP][PASSED] - today = new java.util.Date(): null

25-10-2024T02:07:25 - [TEST_STEP][PASSED] - println(today): null

25-10-2024T02:07:25 - [TEST_STEP][PASSED] - datText = today: null

25-10-2024T02:07:25 - [TEST_STEP][PASSED] - EmulatorDataKey = dataFile.getValue("EmulatorData", row): null

25-10-2024T02:07:25 - [TEST_STEP][PASSED] - out.println("Value of Emulator Key is : " + EmulatorDataKey): null

25-10-2024T02:07:25 - [TEST_STEP][PASSED] - iwpPages.emulatorIWP30.setDataEmulator_DD(EmulatorDataKey): iwpPages.emulatorIWP30.setDataEmulator_DD is PASSED

25-10-2024T02:07:26 - [MESSAGE][INFO] - Starting 'Edge Chromium' driver

25-10-2024T02:07:26 - [MESSAGE][INFO] - User set preference: ['acceptInsecureCerts', 'true']

25-10-2024T02:07:28 - [MESSAGE][INFO] - Action delay is set to 0 milliseconds

25-10-2024T02:07:31 - [MESSAGE][PASSED] - Browser is opened with url: 'https://qa2.velocitypayment.com/agencyx/config.action?action=editor&message_version=3_0'

25-10-2024T02:07:31 - [MESSAGE][PASSED] - Current window maximized

25-10-2024T02:08:02 - [MESSAGE][INFO] - Unable to find the element located by 'By.xpath: //select[@name='message_version']'. Please recheck the objects properties to make sure the desired element is located. 

25-10-2024T02:08:02 - [MESSAGE][WARNING] - [SELF-HEALING] Failed to find element with id 'Object Repository/IWP30/Page_VRelay30Emulator/MV'. Try using Self-healing.

25-10-2024T02:08:03 - [MESSAGE][WARNING] - [SELF-HEALING] The current locator of test object 'Object Repository/IWP30/Page_VRelay30Emulator/MV' was broken. Propose an alternative one: '(.//*[normalize-space(text()) and normalize-space(.)='Message Version'])[1]/following::select[1]'.

25-10-2024T02:08:03 - [MESSAGE][PASSED] - All options with value '3.0' are selected in object 'Object Repository/IWP30/Page_VRelay30Emulator/MV'  using regular expression

25-10-2024T02:08:04 - [MESSAGE][PASSED] - Text '10.50' is set on object 'Object Repository/IWP30/Page_EmulatorAgencyX/Amount'

25-10-2024T02:08:04 - [MESSAGE][PASSED] - Text '03P59X9Fhohi' is set on object 'Object Repository/IWP30/Page_EmulatorAgencyX/CAN'

25-10-2024T02:08:05 - [MESSAGE][PASSED] - Text 'AutoPay' is set on object 'Object Repository/IWP30/Page_EmulatorAgencyX/Action'

25-10-2024T02:08:06 - [MESSAGE][PASSED] - Text 'en_US' is set on object 'Object Repository/IWP30/Page_EmulatorAgencyX/Lang'

25-10-2024T02:08:06 - [MESSAGE][PASSED] - Text '' is set on object 'Object Repository/IWP30/Page_EmulatorAgencyX/Fname'

25-10-2024T02:08:07 - [MESSAGE][PASSED] - Text '' is set on object 'Object Repository/IWP30/Page_EmulatorAgencyX/Lname'

25-10-2024T02:08:07 - [MESSAGE][PASSED] - Text '' is set on object 'Object Repository/IWP30/Page_EmulatorAgencyX/AL1'

25-10-2024T02:08:08 - [MESSAGE][PASSED] - Text '' is set on object 'Object Repository/IWP30/Page_EmulatorAgencyX/AL2'

25-10-2024T02:08:08 - [MESSAGE][PASSED] - Text '' is set on object 'Object Repository/IWP30/Page_EmulatorAgencyX/Country'

25-10-2024T02:08:09 - [MESSAGE][PASSED] - Text '' is set on object 'Object Repository/IWP30/Page_EmulatorAgencyX/City'

25-10-2024T02:08:09 - [MESSAGE][PASSED] - Text '' is set on object 'Object Repository/IWP30/Page_EmulatorAgencyX/State'

25-10-2024T02:08:10 - [MESSAGE][PASSED] - Text '' is set on object 'Object Repository/IWP30/Page_EmulatorAgencyX/ZIP'

25-10-2024T02:08:11 - [MESSAGE][PASSED] - Text '' is set on object 'Object Repository/IWP30/Page_EmulatorAgencyX/Order'

25-10-2024T02:08:11 - [MESSAGE][PASSED] - Text '' is set on object 'Object Repository/IWP30/Page_EmulatorAgencyX/Company'

25-10-2024T02:08:12 - [MESSAGE][PASSED] - Text '' is set on object 'Object Repository/IWP30/Page_EmulatorAgencyX/Email'

25-10-2024T02:08:12 - [MESSAGE][PASSED] - Text '' is set on object 'Object Repository/IWP30/Page_EmulatorAgencyX/UDF1'

25-10-2024T02:08:13 - [MESSAGE][PASSED] - Text '' is set on object 'Object Repository/IWP30/Page_EmulatorAgencyX/UDF2'

25-10-2024T02:08:13 - [MESSAGE][PASSED] - Text '' is set on object 'Object Repository/IWP30/Page_EmulatorAgencyX/UDF3'

25-10-2024T02:08:14 - [MESSAGE][PASSED] - Text 'udf data 4' is set on object 'Object Repository/IWP30/Page_EmulatorAgencyX/UDF4'

25-10-2024T02:08:15 - [MESSAGE][PASSED] - Text 'udf data 5' is set on object 'Object Repository/IWP30/Page_EmulatorAgencyX/UDF5'

25-10-2024T02:08:15 - [MESSAGE][PASSED] - Text '' is set on object 'Object Repository/IWP30/Page_EmulatorAgencyX/UDF6'

25-10-2024T02:08:16 - [MESSAGE][PASSED] - Text '' is set on object 'Object Repository/IWP30/Page_EmulatorAgencyX/UDF7'

25-10-2024T02:08:16 - [MESSAGE][PASSED] - Text '' is set on object 'Object Repository/IWP30/Page_EmulatorAgencyX/UDF8'

25-10-2024T02:08:17 - [MESSAGE][PASSED] - Text 'udf data 9' is set on object 'Object Repository/IWP30/Page_EmulatorAgencyX/UDF9'

25-10-2024T02:08:18 - [MESSAGE][PASSED] - Text 'udf data 10' is set on object 'Object Repository/IWP30/Page_EmulatorAgencyX/UDF10'

25-10-2024T02:08:19 - [MESSAGE][PASSED] - Object: 'Object Repository/IWP30/Page_EmulatorAgencyX/Submit' is clicked on

25-10-2024T02:08:23 - [MESSAGE][PASSED] - Browser is closed

25-10-2024T02:08:27 - [MESSAGE][PASSED] - iwpPages.emulatorIWP30.setDataEmulator_DD is PASSED

25-10-2024T02:08:27 - [TEST_STEP][PASSED] - testHarnessURL = urlTestHarness: null

25-10-2024T02:08:27 - [TEST_STEP][PASSED] - openBrowser(testHarnessURL): Browser is opened with url: 'https://dev-algorithm.govolution.com/vrelaytest/QA2/version_2_2/vrelaytest.html'

25-10-2024T02:08:27 - [MESSAGE][INFO] - Starting 'Edge Chromium' driver

25-10-2024T02:08:27 - [MESSAGE][INFO] - User set preference: ['acceptInsecureCerts', 'true']

25-10-2024T02:08:29 - [MESSAGE][INFO] - Action delay is set to 0 milliseconds

25-10-2024T02:08:33 - [MESSAGE][PASSED] - Browser is opened with url: 'https://dev-algorithm.govolution.com/vrelaytest/QA2/version_2_2/vrelaytest.html'

25-10-2024T02:08:33 - [TEST_STEP][PASSED] - maximizeWindow(): Current window maximized

25-10-2024T02:08:33 - [MESSAGE][PASSED] - Current window maximized

25-10-2024T02:08:33 - [TEST_STEP][PASSED] - iwpPages.TestHarnessPage.setDataMethodEF(row, dataFile): iwpPages.TestHarnessPage.setDataMethodEF is PASSED

25-10-2024T02:08:33 - [MESSAGE][PASSED] - Object 'Object Repository/IWP30/Page_QATestHarness/RemittanceID' is present

25-10-2024T02:08:34 - [MESSAGE][PASSED] - Text '649' is set on object 'Object Repository/IWP30/Page_QATestHarness/ApplicationID'

25-10-2024T02:08:34 - [MESSAGE][PASSED] - Text '3.0' is set on object 'Object Repository/IWP30/Page_QATestHarness/MessageVersion'

25-10-2024T02:08:35 - [MESSAGE][PASSED] - Text 'GOwVFnuQ82H5' is set on object 'Object Repository/IWP30/Page_QATestHarness/RemittanceID'

25-10-2024T02:08:39 - [MESSAGE][PASSED] - Object: 'Object Repository/IWP30/Page_QATestHarness/SubmitButton' is clicked on

25-10-2024T02:08:39 - [MESSAGE][PASSED] - iwpPages.TestHarnessPage.setDataMethodEF is PASSED

25-10-2024T02:08:39 - [TEST_STEP][PASSED] - click(findTestObject("Object Repository/IWP30/Page_SelectPaymentMethod/PayByCorporateCheck")): Object: 'Object Repository/IWP30/Page_SelectPaymentMethod/PayByCorporateCheck' is clicked on

25-10-2024T02:08:39 - [MESSAGE][PASSED] - Object: 'Object Repository/IWP30/Page_SelectPaymentMethod/PayByCorporateCheck' is clicked on

25-10-2024T02:08:39 - [TEST_STEP][PASSED] - click(findTestObject("Object Repository/IWP30/Page_SelectPaymentMethod/MakePaymentButton")): Object: 'Object Repository/IWP30/Page_SelectPaymentMethod/MakePaymentButton' is clicked on

25-10-2024T02:08:42 - [MESSAGE][PASSED] - Object: 'Object Repository/IWP30/Page_SelectPaymentMethod/MakePaymentButton' is clicked on

25-10-2024T02:08:42 - [TEST_STEP][PASSED] - iwpPages.achCorporatePaymentEntryPage.setDataCorporate(row, dataFile): iwpPages.achCorporatePaymentEntryPage.setDataCorporate is PASSED

25-10-2024T02:08:42 - [MESSAGE][PASSED] - Object 'Object Repository/IWP30/Page_ACHCorporatePaymentEntry/txt_accountNumber' is present

25-10-2024T02:08:43 - [MESSAGE][PASSED] - Object 'Object Repository/IWP30/Page_ACHCorporatePaymentEntry/input_CompanyName' is present

25-10-2024T02:08:43 - [MESSAGE][PASSED] - Text 'My Company' is set on object 'Object Repository/IWP30/Page_ACHCorporatePaymentEntry/input_CompanyName'

25-10-2024T02:08:44 - [MESSAGE][PASSED] - Object 'Object Repository/IWP30/Page_ACHCorporatePaymentEntry/input_EIN' is present

25-10-2024T02:08:44 - [MESSAGE][PASSED] - Text '123456789' is set on object 'Object Repository/IWP30/Page_ACHCorporatePaymentEntry/input_EIN'

25-10-2024T02:08:45 - [MESSAGE][PASSED] - Text 'udf data 2' is set on object 'Object Repository/IWP30/Page_ACHCorporatePaymentEntry/txt_UDF2'

25-10-2024T02:08:45 - [MESSAGE][PASSED] - Text 'udf data 3' is set on object 'Object Repository/IWP30/Page_ACHCorporatePaymentEntry/txt_UDF3'

25-10-2024T02:08:46 - [MESSAGE][PASSED] - All options with label 'Orange' are selected in object 'Object Repository/IWP30/Page_ACHCorporatePaymentEntry/dd_UDF7' 

25-10-2024T02:08:46 - [MESSAGE][PASSED] - All options with label 'Soccer' are selected in object 'Object Repository/IWP30/Page_ACHCorporatePaymentEntry/dd_UDF8' 

25-10-2024T02:08:47 - [MESSAGE][PASSED] - Object 'Object Repository/IWP30/Page_ACHCorporatePaymentEntry/txt_routingNumber' is present

25-10-2024T02:08:47 - [MESSAGE][PASSED] - Text '256072691' is set on object 'Object Repository/IWP30/Page_ACHCorporatePaymentEntry/txt_routingNumber'

25-10-2024T02:08:48 - [MESSAGE][PASSED] - Object 'Object Repository/IWP30/Page_ACHCorporatePaymentEntry/txt_accountNumber' is present

25-10-2024T02:08:49 - [MESSAGE][PASSED] - Text '12344444' is set on object 'Object Repository/IWP30/Page_ACHCorporatePaymentEntry/txt_accountNumber'

25-10-2024T02:08:49 - [MESSAGE][PASSED] - Object 'Object Repository/IWP30/Page_ACHCorporatePaymentEntry/txt_confirmAccountNumber' is present

25-10-2024T02:08:50 - [MESSAGE][PASSED] - Text '12344444' is set on object 'Object Repository/IWP30/Page_ACHCorporatePaymentEntry/txt_confirmAccountNumber'

25-10-2024T02:08:51 - [MESSAGE][PASSED] - Text '365 Main Avenue' is set on object 'Object Repository/IWP30/Page_ACHCorporatePaymentEntry/txt_AL1'

25-10-2024T02:08:51 - [MESSAGE][PASSED] - Text '22201' is set on object 'Object Repository/IWP30/Page_ACHCorporatePaymentEntry/txt_ZIP'

25-10-2024T02:08:52 - [MESSAGE][PASSED] - Object 'Object Repository/IWP30/Page_ACHCorporatePaymentEntry/txt_Email' is present

25-10-2024T02:08:52 - [MESSAGE][PASSED] - Text 'iahmed@govolution.com' is set on object 'Object Repository/IWP30/Page_ACHCorporatePaymentEntry/txt_Email'

25-10-2024T02:08:53 - [MESSAGE][PASSED] - Object 'Object Repository/IWP30/Page_ACHCorporatePaymentEntry/cb_TermsAndCond' is present

25-10-2024T02:08:53 - [MESSAGE][PASSED] - Object: 'Object Repository/IWP30/Page_ACHCorporatePaymentEntry/cb_TermsAndCond' is clicked on

25-10-2024T02:08:53 - [MESSAGE][PASSED] - Object 'Object Repository/IWP30/Page_ACHCorporatePaymentEntry/btn_Continue' is present

25-10-2024T02:08:55 - [MESSAGE][PASSED] - Object: 'Object Repository/IWP30/Page_ACHCorporatePaymentEntry/btn_Continue' is clicked on

25-10-2024T02:08:55 - [MESSAGE][PASSED] - iwpPages.achCorporatePaymentEntryPage.setDataCorporate is PASSED

25-10-2024T02:08:55 - [TEST_STEP][PASSED] - click(findTestObject("Object Repository/IWP30/Page_Confirmation/ConfirmButton")): Object: 'Object Repository/IWP30/Page_Confirmation/ConfirmButton' is clicked on

25-10-2024T02:09:26 - [MESSAGE][INFO] - Unable to find the element located by 'By.xpath: //*[@type = 'submit' and @name = 'confirmNotifyAction' and @id = 'submitYes' and @value = 'Confirm']'. Please recheck the objects properties to make sure the desired element is located. 

25-10-2024T02:09:26 - [MESSAGE][WARNING] - [SELF-HEALING] Failed to find element with id 'Object Repository/IWP30/Page_Confirmation/ConfirmButton'. Try using Self-healing.

25-10-2024T02:09:26 - [MESSAGE][WARNING] - [SELF-HEALING] The current locator of test object 'Object Repository/IWP30/Page_Confirmation/ConfirmButton' was broken. Propose an alternative one: '//div/input'.

25-10-2024T02:09:28 - [MESSAGE][PASSED] - Object: 'Object Repository/IWP30/Page_Confirmation/ConfirmButton' is clicked on

25-10-2024T02:09:28 - [TEST_STEP][PASSED] - Thread.sleep(2000): null

25-10-2024T02:09:30 - [TEST_STEP][PASSED] - if (verifyTextPresent("AutoPay", false)): null

25-10-2024T02:09:30 - [MESSAGE][PASSED] - Text 'AutoPay' is present on page 

25-10-2024T02:09:30 - [TEST_STEP][PASSED] - openBrowser(testHarnessURL): Browser is opened with url: 'https://dev-algorithm.govolution.com/vrelaytest/QA2/version_2_2/vrelaytest.html'

25-10-2024T02:09:30 - [MESSAGE][WARNING] - A browser is already opened. Closing browser and opening a new one

25-10-2024T02:09:31 - [MESSAGE][INFO] - Starting 'Edge Chromium' driver

25-10-2024T02:09:31 - [MESSAGE][INFO] - User set preference: ['acceptInsecureCerts', 'true']

25-10-2024T02:09:33 - [MESSAGE][INFO] - Action delay is set to 0 milliseconds

25-10-2024T02:09:37 - [MESSAGE][PASSED] - Browser is opened with url: 'https://dev-algorithm.govolution.com/vrelaytest/QA2/version_2_2/vrelaytest.html'

25-10-2024T02:09:37 - [TEST_STEP][PASSED] - maximizeWindow(): Current window maximized

25-10-2024T02:09:37 - [MESSAGE][PASSED] - Current window maximized

25-10-2024T02:09:37 - [TEST_STEP][PASSED] - iwpPages.TestHarnessPage.setDataMethodEF(row, dataFile): iwpPages.TestHarnessPage.setDataMethodEF is PASSED

25-10-2024T02:09:37 - [MESSAGE][PASSED] - Object 'Object Repository/IWP30/Page_QATestHarness/RemittanceID' is present

25-10-2024T02:09:38 - [MESSAGE][PASSED] - Text '649' is set on object 'Object Repository/IWP30/Page_QATestHarness/ApplicationID'

25-10-2024T02:09:38 - [MESSAGE][PASSED] - Text '3.0' is set on object 'Object Repository/IWP30/Page_QATestHarness/MessageVersion'

25-10-2024T02:09:39 - [MESSAGE][PASSED] - Text 'nxAZ5mBhX17O' is set on object 'Object Repository/IWP30/Page_QATestHarness/RemittanceID'

25-10-2024T02:09:42 - [MESSAGE][PASSED] - Object: 'Object Repository/IWP30/Page_QATestHarness/SubmitButton' is clicked on

25-10-2024T02:09:42 - [MESSAGE][PASSED] - iwpPages.TestHarnessPage.setDataMethodEF is PASSED

25-10-2024T02:09:42 - [TEST_STEP][PASSED] - click(findTestObject("Object Repository/IWP30/Page_ManagePlan_Autopay/btn_modify")): Object: 'Object Repository/IWP30/Page_ManagePlan_Autopay/btn_modify' is clicked on

25-10-2024T02:09:43 - [MESSAGE][PASSED] - Object: 'Object Repository/IWP30/Page_ManagePlan_Autopay/btn_modify' is clicked on

25-10-2024T02:09:43 - [TEST_STEP][PASSED] - click(findTestObject("Object Repository/IWP30/Page_Modify/btn_savechanges")): Object: 'Object Repository/IWP30/Page_Modify/btn_savechanges' is clicked on

25-10-2024T02:09:45 - [MESSAGE][PASSED] - Object: 'Object Repository/IWP30/Page_Modify/btn_savechanges' is clicked on

25-10-2024T02:09:45 - [TEST_STEP][PASSED] - if (verifyTextPresent("Edits to your payment plan were completed successfully", false)): null

25-10-2024T02:09:45 - [MESSAGE][PASSED] - Text 'Edits to your payment plan were completed successfully' is present on page 

25-10-2024T02:09:45 - [TEST_STEP][PASSED] - click(findTestObject("Object Repository/IWP30/Page_ManagePlan_Autopay/btn_cancel")): Object: 'Object Repository/IWP30/Page_ManagePlan_Autopay/btn_cancel' is clicked on

25-10-2024T02:09:45 - [MESSAGE][PASSED] - Object: 'Object Repository/IWP30/Page_ManagePlan_Autopay/btn_cancel' is clicked on

25-10-2024T02:09:45 - [TEST_STEP][PASSED] - click(findTestObject("Object Repository/IWP30/Page_CancelPlan/btn_cancel")): Object: 'Object Repository/IWP30/Page_CancelPlan/btn_cancel' is clicked on

25-10-2024T02:09:47 - [MESSAGE][PASSED] - Object: 'Object Repository/IWP30/Page_CancelPlan/btn_cancel' is clicked on

25-10-2024T02:09:47 - [TEST_STEP][PASSED] - if (verifyTextPresent("Your payment plan has been cancelled successfully", false)): null

25-10-2024T02:09:48 - [MESSAGE][PASSED] - Text 'Your payment plan has been cancelled successfully' is present on page 

25-10-2024T02:09:48 - [TEST_STEP][PASSED] - markPassed("Your payment plan has been successfully created and canceled"): Your payment plan has been successfully created and canceled

25-10-2024T02:09:48 - [MESSAGE][PASSED] - Your payment plan has been successfully created and canceled

25-10-2024T02:09:48 - [TEST_STEP][PASSED] - resText = "Pass": null

25-10-2024T02:09:48 - [TEST_STEP][PASSED] - println(row): null

25-10-2024T02:09:48 - [TEST_STEP][PASSED] - pages.WriteExcel.demoKey(resText, datText, resColumn, datCloumn, fileLoc, nameSheet, row): pages.WriteExcel.demoKey is PASSED

25-10-2024T02:09:48 - [MESSAGE][PASSED] - pages.WriteExcel.demoKey is PASSED

25-10-2024T02:09:48 - [TEST_STEP][PASSED] - closeBrowser(): Browser is closed

25-10-2024T02:09:48 - [MESSAGE][PASSED] - Browser is closed]]></system-out>
         <system-err><![CDATA[25-10-2024T02:05:50 - [TEST_CASE][FAILED] - Test Cases/IntegratedWeb/IWP25/Payments/CMCAutoPayCorp: Test Cases/IntegratedWeb/IWP25/Payments/CMCAutoPayCorp FAILED.
Reason:
com.kms.katalon.core.exception.StepFailedException: Text 'AutoPay' is not present on page  (Root cause: com.kms.katalon.core.exception.StepFailedException: Text 'AutoPay' is not present on page 
	at com.kms.katalon.core.webui.keyword.internal.WebUIKeywordMain.stepFailed(WebUIKeywordMain.groovy:64)
	at com.kms.katalon.core.webui.keyword.builtin.VerifyTextPresentKeyword$_verifyTextPresent_closure1.doCall(VerifyTextPresentKeyword.groovy:79)
	at com.kms.katalon.core.webui.keyword.builtin.VerifyTextPresentKeyword$_verifyTextPresent_closure1.call(VerifyTextPresentKeyword.groovy)
	at com.kms.katalon.core.webui.keyword.internal.WebUIKeywordMain.runKeyword(WebUIKeywordMain.groovy:20)
	at com.kms.katalon.core.webui.keyword.builtin.VerifyTextPresentKeyword.verifyTextPresent(VerifyTextPresentKeyword.groovy:83)
	at com.kms.katalon.core.webui.keyword.builtin.VerifyTextPresentKeyword.execute(VerifyTextPresentKeyword.groovy:68)
	at com.kms.katalon.core.keyword.internal.KeywordExecutor.executeKeywordForPlatform(KeywordExecutor.groovy:74)
	at com.kms.katalon.core.webui.keyword.WebUiBuiltInKeywords.verifyTextPresent(WebUiBuiltInKeywords.groovy:1762)
	at CMCAutoPayCorp.run(CMCAutoPayCorp:91)
	at com.kms.katalon.core.main.ScriptEngine.run(ScriptEngine.java:194)
	at com.kms.katalon.core.main.ScriptEngine.runScriptAsRawText(ScriptEngine.java:119)
	at com.kms.katalon.core.main.TestCaseExecutor.runScript(TestCaseExecutor.java:448)
	at com.kms.katalon.core.main.TestCaseExecutor.doExecute(TestCaseExecutor.java:439)
	at com.kms.katalon.core.main.TestCaseExecutor.processExecutionPhase(TestCaseExecutor.java:418)
	at com.kms.katalon.core.main.TestCaseExecutor.accessMainPhase(TestCaseExecutor.java:410)
	at com.kms.katalon.core.main.TestCaseExecutor.execute(TestCaseExecutor.java:285)
	at com.kms.katalon.core.common.CommonExecutor.accessTestCaseMainPhase(CommonExecutor.java:65)
	at com.kms.katalon.core.main.TestSuiteExecutor.accessTestSuiteMainPhase(TestSuiteExecutor.java:150)
	at com.kms.katalon.core.main.TestSuiteExecutor.execute(TestSuiteExecutor.java:106)
	at com.kms.katalon.core.main.TestCaseMain.startTestSuite(TestCaseMain.java:180)
	at TempTestSuite1729787045812.run(TempTestSuite1729787045812.groovy:35)
	at java.base/jdk.internal.reflect.NativeMethodAccessorImpl.invoke0(Native Method)
	at java.base/jdk.internal.reflect.NativeMethodAccessorImpl.invoke(NativeMethodAccessorImpl.java:77)
	at java.base/jdk.internal.reflect.DelegatingMethodAccessorImpl.invoke(DelegatingMethodAccessorImpl.java:43)
)
	at com.kms.katalon.core.keyword.internal.KeywordMain.stepFailed(KeywordMain.groovy:39)
	at com.kms.katalon.core.webui.keyword.internal.WebUIKeywordMain.stepFailed(WebUIKeywordMain.groovy:64)
	at com.kms.katalon.core.webui.keyword.builtin.VerifyTextPresentKeyword$_verifyTextPresent_closure1.doCall(VerifyTextPresentKeyword.groovy:79)
	at com.kms.katalon.core.webui.keyword.builtin.VerifyTextPresentKeyword$_verifyTextPresent_closure1.call(VerifyTextPresentKeyword.groovy)
	at com.kms.katalon.core.webui.keyword.internal.WebUIKeywordMain.runKeyword(WebUIKeywordMain.groovy:20)
	at com.kms.katalon.core.webui.keyword.builtin.VerifyTextPresentKeyword.verifyTextPresent(VerifyTextPresentKeyword.groovy:83)
	at com.kms.katalon.core.webui.keyword.builtin.VerifyTextPresentKeyword.execute(VerifyTextPresentKeyword.groovy:68)
	at com.kms.katalon.core.keyword.internal.KeywordExecutor.executeKeywordForPlatform(KeywordExecutor.groovy:74)
	at com.kms.katalon.core.webui.keyword.WebUiBuiltInKeywords.verifyTextPresent(WebUiBuiltInKeywords.groovy:1762)
	at CMCAutoPayCorp.run(CMCAutoPayCorp:91)
	at com.kms.katalon.core.main.ScriptEngine.run(ScriptEngine.java:194)
	at com.kms.katalon.core.main.ScriptEngine.runScriptAsRawText(ScriptEngine.java:119)
	at com.kms.katalon.core.main.TestCaseExecutor.runScript(TestCaseExecutor.java:448)
	at com.kms.katalon.core.main.TestCaseExecutor.doExecute(TestCaseExecutor.java:439)
	at com.kms.katalon.core.main.TestCaseExecutor.processExecutionPhase(TestCaseExecutor.java:418)
	at com.kms.katalon.core.main.TestCaseExecutor.accessMainPhase(TestCaseExecutor.java:410)
	at com.kms.katalon.core.main.TestCaseExecutor.execute(TestCaseExecutor.java:285)
	at com.kms.katalon.core.common.CommonExecutor.accessTestCaseMainPhase(CommonExecutor.java:65)
	at com.kms.katalon.core.main.TestSuiteExecutor.accessTestSuiteMainPhase(TestSuiteExecutor.java:150)
	at com.kms.katalon.core.main.TestSuiteExecutor.execute(TestSuiteExecutor.java:106)
	at com.kms.katalon.core.main.TestCaseMain.startTestSuite(TestCaseMain.java:180)
	at TempTestSuite1729787045812.run(TempTestSuite1729787045812.groovy:35)
	at java.base/jdk.internal.reflect.NativeMethodAccessorImpl.invoke0(Native Method)
	at java.base/jdk.internal.reflect.NativeMethodAccessorImpl.invoke(NativeMethodAccessorImpl.java:77)
	at java.base/jdk.internal.reflect.DelegatingMethodAccessorImpl.invoke(DelegatingMethodAccessorImpl.java:43)
Caused by: com.kms.katalon.core.exception.StepFailedException: Text 'AutoPay' is not present on page 
	... 24 more]]></system-err>
      </testcase>
      <testcase name="Test Cases/IntegratedWeb/IWP25/Payments/CMCAutoPayCredit" time="206.998" classname="Test Cases/IntegratedWeb/IWP25/Payments/CMCAutoPayCredit" status="FAILED">
         <failure type="FAILED" message="Test Cases/IntegratedWeb/IWP25/Payments/CMCAutoPayCredit FAILED.&#xa;Reason:&#xa;com.kms.katalon.core.exception.StepFailedException: Text 'AutoPay' is not present on page  (Root cause: com.kms.katalon.core.exception.StepFailedException: Text 'AutoPay' is not present on page &#xa;	at com.kms.katalon.core.webui.keyword.internal.WebUIKeywordMain.stepFailed(WebUIKeywordMain.groovy:64)&#xa;	at com.kms.katalon.core.webui.keyword.builtin.VerifyTextPresentKeyword$_verifyTextPresent_closure1.doCall(VerifyTextPresentKeyword.groovy:79)&#xa;	at com.kms.katalon.core.webui.keyword.builtin.VerifyTextPresentKeyword$_verifyTextPresent_closure1.call(VerifyTextPresentKeyword.groovy)&#xa;	at com.kms.katalon.core.webui.keyword.internal.WebUIKeywordMain.runKeyword(WebUIKeywordMain.groovy:20)&#xa;	at com.kms.katalon.core.webui.keyword.builtin.VerifyTextPresentKeyword.verifyTextPresent(VerifyTextPresentKeyword.groovy:83)&#xa;	at com.kms.katalon.core.webui.keyword.builtin.VerifyTextPresentKeyword.execute(VerifyTextPresentKeyword.groovy:68)&#xa;	at com.kms.katalon.core.keyword.internal.KeywordExecutor.executeKeywordForPlatform(KeywordExecutor.groovy:74)&#xa;	at com.kms.katalon.core.webui.keyword.WebUiBuiltInKeywords.verifyTextPresent(WebUiBuiltInKeywords.groovy:1762)&#xa;	at CMCAutoPayCredit.run(CMCAutoPayCredit:91)&#xa;	at com.kms.katalon.core.main.ScriptEngine.run(ScriptEngine.java:194)&#xa;	at com.kms.katalon.core.main.ScriptEngine.runScriptAsRawText(ScriptEngine.java:119)&#xa;	at com.kms.katalon.core.main.TestCaseExecutor.runScript(TestCaseExecutor.java:448)&#xa;	at com.kms.katalon.core.main.TestCaseExecutor.doExecute(TestCaseExecutor.java:439)&#xa;	at com.kms.katalon.core.main.TestCaseExecutor.processExecutionPhase(TestCaseExecutor.java:418)&#xa;	at com.kms.katalon.core.main.TestCaseExecutor.accessMainPhase(TestCaseExecutor.java:410)&#xa;	at com.kms.katalon.core.main.TestCaseExecutor.execute(TestCaseExecutor.java:285)&#xa;	at com.kms.katalon.core.common.CommonExecutor.accessTestCaseMainPhase(CommonExecutor.java:65)&#xa;	at com.kms.katalon.core.main.TestSuiteExecutor.accessTestSuiteMainPhase(TestSuiteExecutor.java:150)&#xa;	at com.kms.katalon.core.main.TestSuiteExecutor.execute(TestSuiteExecutor.java:106)&#xa;	at com.kms.katalon.core.main.TestCaseMain.startTestSuite(TestCaseMain.java:180)&#xa;	at TempTestSuite1729787045812.run(TempTestSuite1729787045812.groovy:35)&#xa;	at java.base/jdk.internal.reflect.NativeMethodAccessorImpl.invoke0(Native Method)&#xa;	at java.base/jdk.internal.reflect.NativeMethodAccessorImpl.invoke(NativeMethodAccessorImpl.java:77)&#xa;	at java.base/jdk.internal.reflect.DelegatingMethodAccessorImpl.invoke(DelegatingMethodAccessorImpl.java:43)&#xa;)&#xa;	at com.kms.katalon.core.keyword.internal.KeywordMain.stepFailed(KeywordMain.groovy:39)&#xa;	at com.kms.katalon.core.webui.keyword.internal.WebUIKeywordMain.stepFailed(WebUIKeywordMain.groovy:64)&#xa;	at com.kms.katalon.core.webui.keyword.builtin.VerifyTextPresentKeyword$_verifyTextPresent_closure1.doCall(VerifyTextPresentKeyword.groovy:79)&#xa;	at com.kms.katalon.core.webui.keyword.builtin.VerifyTextPresentKeyword$_verifyTextPresent_closure1.call(VerifyTextPresentKeyword.groovy)&#xa;	at com.kms.katalon.core.webui.keyword.internal.WebUIKeywordMain.runKeyword(WebUIKeywordMain.groovy:20)&#xa;	at com.kms.katalon.core.webui.keyword.builtin.VerifyTextPresentKeyword.verifyTextPresent(VerifyTextPresentKeyword.groovy:83)&#xa;	at com.kms.katalon.core.webui.keyword.builtin.VerifyTextPresentKeyword.execute(VerifyTextPresentKeyword.groovy:68)&#xa;	at com.kms.katalon.core.keyword.internal.KeywordExecutor.executeKeywordForPlatform(KeywordExecutor.groovy:74)&#xa;	at com.kms.katalon.core.webui.keyword.WebUiBuiltInKeywords.verifyTextPresent(WebUiBuiltInKeywords.groovy:1762)&#xa;	at CMCAutoPayCredit.run(CMCAutoPayCredit:91)&#xa;	at com.kms.katalon.core.main.ScriptEngine.run(ScriptEngine.java:194)&#xa;	at com.kms.katalon.core.main.ScriptEngine.runScriptAsRawText(ScriptEngine.java:119)&#xa;	at com.kms.katalon.core.main.TestCaseExecutor.runScript(TestCaseExecutor.java:448)&#xa;	at com.kms.katalon.core.main.TestCaseExecutor.doExecute(TestCaseExecutor.java:439)&#xa;	at com.kms.katalon.core.main.TestCaseExecutor.processExecutionPhase(TestCaseExecutor.java:418)&#xa;	at com.kms.katalon.core.main.TestCaseExecutor.accessMainPhase(TestCaseExecutor.java:410)&#xa;	at com.kms.katalon.core.main.TestCaseExecutor.execute(TestCaseExecutor.java:285)&#xa;	at com.kms.katalon.core.common.CommonExecutor.accessTestCaseMainPhase(CommonExecutor.java:65)&#xa;	at com.kms.katalon.core.main.TestSuiteExecutor.accessTestSuiteMainPhase(TestSuiteExecutor.java:150)&#xa;	at com.kms.katalon.core.main.TestSuiteExecutor.execute(TestSuiteExecutor.java:106)&#xa;	at com.kms.katalon.core.main.TestCaseMain.startTestSuite(TestCaseMain.java:180)&#xa;	at TempTestSuite1729787045812.run(TempTestSuite1729787045812.groovy:35)&#xa;	at java.base/jdk.internal.reflect.NativeMethodAccessorImpl.invoke0(Native Method)&#xa;	at java.base/jdk.internal.reflect.NativeMethodAccessorImpl.invoke(NativeMethodAccessorImpl.java:77)&#xa;	at java.base/jdk.internal.reflect.DelegatingMethodAccessorImpl.invoke(DelegatingMethodAccessorImpl.java:43)&#xa;Caused by: com.kms.katalon.core.exception.StepFailedException: Text 'AutoPay' is not present on page &#xa;	... 24 more&#xa;"/>
         <system-out><![CDATA[25-10-2024T02:09:48 - [TEST_CASE][FAILED] - Test Cases/IntegratedWeb/IWP25/Payments/CMCAutoPayCredit: Test Cases/IntegratedWeb/IWP25/Payments/CMCAutoPayCredit FAILED.
Reason:
com.kms.katalon.core.exception.StepFailedException: Text 'AutoPay' is not present on page  (Root cause: com.kms.katalon.core.exception.StepFailedException: Text 'AutoPay' is not present on page 
	at com.kms.katalon.core.webui.keyword.internal.WebUIKeywordMain.stepFailed(WebUIKeywordMain.groovy:64)
	at com.kms.katalon.core.webui.keyword.builtin.VerifyTextPresentKeyword$_verifyTextPresent_closure1.doCall(VerifyTextPresentKeyword.groovy:79)
	at com.kms.katalon.core.webui.keyword.builtin.VerifyTextPresentKeyword$_verifyTextPresent_closure1.call(VerifyTextPresentKeyword.groovy)
	at com.kms.katalon.core.webui.keyword.internal.WebUIKeywordMain.runKeyword(WebUIKeywordMain.groovy:20)
	at com.kms.katalon.core.webui.keyword.builtin.VerifyTextPresentKeyword.verifyTextPresent(VerifyTextPresentKeyword.groovy:83)
	at com.kms.katalon.core.webui.keyword.builtin.VerifyTextPresentKeyword.execute(VerifyTextPresentKeyword.groovy:68)
	at com.kms.katalon.core.keyword.internal.KeywordExecutor.executeKeywordForPlatform(KeywordExecutor.groovy:74)
	at com.kms.katalon.core.webui.keyword.WebUiBuiltInKeywords.verifyTextPresent(WebUiBuiltInKeywords.groovy:1762)
	at CMCAutoPayCredit.run(CMCAutoPayCredit:91)
	at com.kms.katalon.core.main.ScriptEngine.run(ScriptEngine.java:194)
	at com.kms.katalon.core.main.ScriptEngine.runScriptAsRawText(ScriptEngine.java:119)
	at com.kms.katalon.core.main.TestCaseExecutor.runScript(TestCaseExecutor.java:448)
	at com.kms.katalon.core.main.TestCaseExecutor.doExecute(TestCaseExecutor.java:439)
	at com.kms.katalon.core.main.TestCaseExecutor.processExecutionPhase(TestCaseExecutor.java:418)
	at com.kms.katalon.core.main.TestCaseExecutor.accessMainPhase(TestCaseExecutor.java:410)
	at com.kms.katalon.core.main.TestCaseExecutor.execute(TestCaseExecutor.java:285)
	at com.kms.katalon.core.common.CommonExecutor.accessTestCaseMainPhase(CommonExecutor.java:65)
	at com.kms.katalon.core.main.TestSuiteExecutor.accessTestSuiteMainPhase(TestSuiteExecutor.java:150)
	at com.kms.katalon.core.main.TestSuiteExecutor.execute(TestSuiteExecutor.java:106)
	at com.kms.katalon.core.main.TestCaseMain.startTestSuite(TestCaseMain.java:180)
	at TempTestSuite1729787045812.run(TempTestSuite1729787045812.groovy:35)
	at java.base/jdk.internal.reflect.NativeMethodAccessorImpl.invoke0(Native Method)
	at java.base/jdk.internal.reflect.NativeMethodAccessorImpl.invoke(NativeMethodAccessorImpl.java:77)
	at java.base/jdk.internal.reflect.DelegatingMethodAccessorImpl.invoke(DelegatingMethodAccessorImpl.java:43)
)
	at com.kms.katalon.core.keyword.internal.KeywordMain.stepFailed(KeywordMain.groovy:39)
	at com.kms.katalon.core.webui.keyword.internal.WebUIKeywordMain.stepFailed(WebUIKeywordMain.groovy:64)
	at com.kms.katalon.core.webui.keyword.builtin.VerifyTextPresentKeyword$_verifyTextPresent_closure1.doCall(VerifyTextPresentKeyword.groovy:79)
	at com.kms.katalon.core.webui.keyword.builtin.VerifyTextPresentKeyword$_verifyTextPresent_closure1.call(VerifyTextPresentKeyword.groovy)
	at com.kms.katalon.core.webui.keyword.internal.WebUIKeywordMain.runKeyword(WebUIKeywordMain.groovy:20)
	at com.kms.katalon.core.webui.keyword.builtin.VerifyTextPresentKeyword.verifyTextPresent(VerifyTextPresentKeyword.groovy:83)
	at com.kms.katalon.core.webui.keyword.builtin.VerifyTextPresentKeyword.execute(VerifyTextPresentKeyword.groovy:68)
	at com.kms.katalon.core.keyword.internal.KeywordExecutor.executeKeywordForPlatform(KeywordExecutor.groovy:74)
	at com.kms.katalon.core.webui.keyword.WebUiBuiltInKeywords.verifyTextPresent(WebUiBuiltInKeywords.groovy:1762)
	at CMCAutoPayCredit.run(CMCAutoPayCredit:91)
	at com.kms.katalon.core.main.ScriptEngine.run(ScriptEngine.java:194)
	at com.kms.katalon.core.main.ScriptEngine.runScriptAsRawText(ScriptEngine.java:119)
	at com.kms.katalon.core.main.TestCaseExecutor.runScript(TestCaseExecutor.java:448)
	at com.kms.katalon.core.main.TestCaseExecutor.doExecute(TestCaseExecutor.java:439)
	at com.kms.katalon.core.main.TestCaseExecutor.processExecutionPhase(TestCaseExecutor.java:418)
	at com.kms.katalon.core.main.TestCaseExecutor.accessMainPhase(TestCaseExecutor.java:410)
	at com.kms.katalon.core.main.TestCaseExecutor.execute(TestCaseExecutor.java:285)
	at com.kms.katalon.core.common.CommonExecutor.accessTestCaseMainPhase(CommonExecutor.java:65)
	at com.kms.katalon.core.main.TestSuiteExecutor.accessTestSuiteMainPhase(TestSuiteExecutor.java:150)
	at com.kms.katalon.core.main.TestSuiteExecutor.execute(TestSuiteExecutor.java:106)
	at com.kms.katalon.core.main.TestCaseMain.startTestSuite(TestCaseMain.java:180)
	at TempTestSuite1729787045812.run(TempTestSuite1729787045812.groovy:35)
	at java.base/jdk.internal.reflect.NativeMethodAccessorImpl.invoke0(Native Method)
	at java.base/jdk.internal.reflect.NativeMethodAccessorImpl.invoke(NativeMethodAccessorImpl.java:77)
	at java.base/jdk.internal.reflect.DelegatingMethodAccessorImpl.invoke(DelegatingMethodAccessorImpl.java:43)
Caused by: com.kms.katalon.core.exception.StepFailedException: Text 'AutoPay' is not present on page 
	... 24 more


25-10-2024T02:09:48 - [TEST_STEP][PASSED] - resText = "Fail": null

25-10-2024T02:09:48 - [TEST_STEP][PASSED] - resColumn = "Result": null

25-10-2024T02:09:48 - [TEST_STEP][PASSED] - datCloumn = "Date": null

25-10-2024T02:09:48 - [TEST_STEP][PASSED] - fileLoc = "KatalonData/IWPTestData/VRelay25PaymentsExtension.xlsx": null

25-10-2024T02:09:48 - [TEST_STEP][PASSED] - numOfRows = <not implemented yet for class: org.codehaus.groovy.ast.expr.EmptyExpression>: null

25-10-2024T02:09:48 - [TEST_STEP][PASSED] - dataFile = <not implemented yet for class: org.codehaus.groovy.ast.expr.EmptyExpression>: null

25-10-2024T02:09:48 - [TEST_STEP][PASSED] - nameSheet = <not implemented yet for class: org.codehaus.groovy.ast.expr.EmptyExpression>: null

25-10-2024T02:09:48 - [TEST_STEP][PASSED] - dataFileEmulator = <not implemented yet for class: org.codehaus.groovy.ast.expr.EmptyExpression>: null

25-10-2024T02:09:48 - [TEST_STEP][PASSED] - isRequiredTextPresent = false: null

25-10-2024T02:09:48 - [TEST_STEP][PASSED] - nameSheet = "CMCAutoPayPlanCredit": null

25-10-2024T02:09:48 - [TEST_STEP][PASSED] - dataFile = getExcelDataWithDefaultSheet("KatalonData/IWPTestData/VRelay25PaymentsExtension.xlsx", nameSheet, true): null

25-10-2024T02:09:48 - [TEST_STEP][PASSED] - dataFileEmulator = "IWPTestData/EmulatorData": null

25-10-2024T02:09:48 - [TEST_STEP][PASSED] - numOfRows = dataFile.getRowNumbers(): null

25-10-2024T02:09:48 - [TEST_STEP][PASSED] - println("Number of Records: " + numOfRows): null

25-10-2024T02:09:48 - [TEST_STEP][FAILED] - for ([row = 1, row <= numOfRows, (row++)]): null

25-10-2024T02:09:48 - [TEST_STEP][PASSED] - ExecuteTC = dataFile.getValue("Execute", row): null

25-10-2024T02:09:48 - [TEST_STEP][PASSED] - out.println("Value of Execute is : " + ExecuteTC): null

25-10-2024T02:09:48 - [TEST_STEP][FAILED] - if (ExecuteTC.equalsIgnoreCase("Y")): null

25-10-2024T02:09:48 - [TEST_STEP][PASSED] - out.println("Begin Record Number: " + row): null

25-10-2024T02:09:48 - [TEST_STEP][PASSED] - today = new java.util.Date(): null

25-10-2024T02:09:48 - [TEST_STEP][PASSED] - println(today): null

25-10-2024T02:09:48 - [TEST_STEP][PASSED] - datText = today: null

25-10-2024T02:09:48 - [TEST_STEP][PASSED] - EmulatorDataKey = dataFile.getValue("EmulatorData", row): null

25-10-2024T02:09:48 - [TEST_STEP][PASSED] - out.println("Value of Emulator Key is : " + EmulatorDataKey): null

25-10-2024T02:09:48 - [TEST_STEP][PASSED] - iwpPages.emulatorIWP30.setDataEmulator_DD(EmulatorDataKey): iwpPages.emulatorIWP30.setDataEmulator_DD is PASSED

25-10-2024T02:09:49 - [MESSAGE][INFO] - Starting 'Edge Chromium' driver

25-10-2024T02:09:49 - [MESSAGE][INFO] - User set preference: ['acceptInsecureCerts', 'true']

25-10-2024T02:09:51 - [MESSAGE][INFO] - Action delay is set to 0 milliseconds

25-10-2024T02:09:55 - [MESSAGE][PASSED] - Browser is opened with url: 'https://qa2.velocitypayment.com/agencyx/config.action?action=editor&message_version=2_5'

25-10-2024T02:09:55 - [MESSAGE][PASSED] - Current window maximized

25-10-2024T02:10:26 - [MESSAGE][INFO] - Unable to find the element located by 'By.xpath: //select[@name='message_version']'. Please recheck the objects properties to make sure the desired element is located. 

25-10-2024T02:10:26 - [MESSAGE][WARNING] - [SELF-HEALING] Failed to find element with id 'Object Repository/IWP30/Page_VRelay30Emulator/MV'. Try using Self-healing.

25-10-2024T02:10:26 - [MESSAGE][WARNING] - [SELF-HEALING] The current locator of test object 'Object Repository/IWP30/Page_VRelay30Emulator/MV' was broken. Propose an alternative one: '(.//*[normalize-space(text()) and normalize-space(.)='Message Version'])[1]/following::select[1]'.

25-10-2024T02:10:27 - [MESSAGE][PASSED] - All options with value '2.5' are selected in object 'Object Repository/IWP30/Page_VRelay30Emulator/MV'  using regular expression

25-10-2024T02:10:27 - [MESSAGE][PASSED] - Text '10.50' is set on object 'Object Repository/IWP30/Page_EmulatorAgencyX/Amount'

25-10-2024T02:10:28 - [MESSAGE][PASSED] - Text 'NTnSbG6txY7p' is set on object 'Object Repository/IWP30/Page_EmulatorAgencyX/CAN'

25-10-2024T02:10:28 - [MESSAGE][PASSED] - Text 'AutoPay' is set on object 'Object Repository/IWP30/Page_EmulatorAgencyX/Action'

25-10-2024T02:10:29 - [MESSAGE][PASSED] - Text 'en_US' is set on object 'Object Repository/IWP30/Page_EmulatorAgencyX/Lang'

25-10-2024T02:10:29 - [MESSAGE][PASSED] - Text '' is set on object 'Object Repository/IWP30/Page_EmulatorAgencyX/Fname'

25-10-2024T02:10:30 - [MESSAGE][PASSED] - Text '' is set on object 'Object Repository/IWP30/Page_EmulatorAgencyX/Lname'

25-10-2024T02:10:31 - [MESSAGE][PASSED] - Text '' is set on object 'Object Repository/IWP30/Page_EmulatorAgencyX/AL1'

25-10-2024T02:10:31 - [MESSAGE][PASSED] - Text '' is set on object 'Object Repository/IWP30/Page_EmulatorAgencyX/AL2'

25-10-2024T02:10:32 - [MESSAGE][PASSED] - Text '' is set on object 'Object Repository/IWP30/Page_EmulatorAgencyX/Country'

25-10-2024T02:10:32 - [MESSAGE][PASSED] - Text '' is set on object 'Object Repository/IWP30/Page_EmulatorAgencyX/City'

25-10-2024T02:10:33 - [MESSAGE][PASSED] - Text '' is set on object 'Object Repository/IWP30/Page_EmulatorAgencyX/State'

25-10-2024T02:10:34 - [MESSAGE][PASSED] - Text '' is set on object 'Object Repository/IWP30/Page_EmulatorAgencyX/ZIP'

25-10-2024T02:10:34 - [MESSAGE][PASSED] - Text '' is set on object 'Object Repository/IWP30/Page_EmulatorAgencyX/Order'

25-10-2024T02:10:35 - [MESSAGE][PASSED] - Text '' is set on object 'Object Repository/IWP30/Page_EmulatorAgencyX/Company'

25-10-2024T02:10:35 - [MESSAGE][PASSED] - Text '' is set on object 'Object Repository/IWP30/Page_EmulatorAgencyX/Email'

25-10-2024T02:10:36 - [MESSAGE][PASSED] - Text '' is set on object 'Object Repository/IWP30/Page_EmulatorAgencyX/UDF1'

25-10-2024T02:10:36 - [MESSAGE][PASSED] - Text '' is set on object 'Object Repository/IWP30/Page_EmulatorAgencyX/UDF2'

25-10-2024T02:10:37 - [MESSAGE][PASSED] - Text '' is set on object 'Object Repository/IWP30/Page_EmulatorAgencyX/UDF3'

25-10-2024T02:10:38 - [MESSAGE][PASSED] - Text 'udf data 4' is set on object 'Object Repository/IWP30/Page_EmulatorAgencyX/UDF4'

25-10-2024T02:10:38 - [MESSAGE][PASSED] - Text 'udf data 5' is set on object 'Object Repository/IWP30/Page_EmulatorAgencyX/UDF5'

25-10-2024T02:10:39 - [MESSAGE][PASSED] - Text '' is set on object 'Object Repository/IWP30/Page_EmulatorAgencyX/UDF6'

25-10-2024T02:10:39 - [MESSAGE][PASSED] - Text '' is set on object 'Object Repository/IWP30/Page_EmulatorAgencyX/UDF7'

25-10-2024T02:10:40 - [MESSAGE][PASSED] - Text '' is set on object 'Object Repository/IWP30/Page_EmulatorAgencyX/UDF8'

25-10-2024T02:10:40 - [MESSAGE][PASSED] - Text 'udf data 9' is set on object 'Object Repository/IWP30/Page_EmulatorAgencyX/UDF9'

25-10-2024T02:10:41 - [MESSAGE][PASSED] - Text 'udf data 10' is set on object 'Object Repository/IWP30/Page_EmulatorAgencyX/UDF10'

25-10-2024T02:10:43 - [MESSAGE][PASSED] - Object: 'Object Repository/IWP30/Page_EmulatorAgencyX/Submit' is clicked on

25-10-2024T02:10:47 - [MESSAGE][PASSED] - Browser is closed

25-10-2024T02:10:51 - [MESSAGE][PASSED] - iwpPages.emulatorIWP30.setDataEmulator_DD is PASSED

25-10-2024T02:10:51 - [TEST_STEP][PASSED] - testHarnessURL = urlTestHarness: null

25-10-2024T02:10:51 - [TEST_STEP][PASSED] - openBrowser(testHarnessURL): Browser is opened with url: 'https://dev-algorithm.govolution.com/vrelaytest/QA2/version_2_2/vrelaytest.html'

25-10-2024T02:10:51 - [MESSAGE][INFO] - Starting 'Edge Chromium' driver

25-10-2024T02:10:51 - [MESSAGE][INFO] - User set preference: ['acceptInsecureCerts', 'true']

25-10-2024T02:10:53 - [MESSAGE][INFO] - Action delay is set to 0 milliseconds

25-10-2024T02:10:58 - [MESSAGE][PASSED] - Browser is opened with url: 'https://dev-algorithm.govolution.com/vrelaytest/QA2/version_2_2/vrelaytest.html'

25-10-2024T02:10:58 - [TEST_STEP][PASSED] - maximizeWindow(): Current window maximized

25-10-2024T02:10:58 - [MESSAGE][PASSED] - Current window maximized

25-10-2024T02:10:58 - [TEST_STEP][PASSED] - iwpPages.TestHarnessPage.setDataMethodEF(row, dataFile): iwpPages.TestHarnessPage.setDataMethodEF is PASSED

25-10-2024T02:10:58 - [MESSAGE][PASSED] - Object 'Object Repository/IWP30/Page_QATestHarness/RemittanceID' is present

25-10-2024T02:10:59 - [MESSAGE][PASSED] - Text '638' is set on object 'Object Repository/IWP30/Page_QATestHarness/ApplicationID'

25-10-2024T02:11:00 - [MESSAGE][PASSED] - Text '2.5' is set on object 'Object Repository/IWP30/Page_QATestHarness/MessageVersion'

25-10-2024T02:11:00 - [MESSAGE][PASSED] - Text 'jJKZulSZkq22' is set on object 'Object Repository/IWP30/Page_QATestHarness/RemittanceID'

25-10-2024T02:11:05 - [MESSAGE][PASSED] - Object: 'Object Repository/IWP30/Page_QATestHarness/SubmitButton' is clicked on

25-10-2024T02:11:05 - [MESSAGE][PASSED] - iwpPages.TestHarnessPage.setDataMethodEF is PASSED

25-10-2024T02:11:05 - [TEST_STEP][PASSED] - click(findTestObject("Object Repository/IWP30/Page_SelectPaymentMethod/PayByCreditCard")): Object: 'Object Repository/IWP30/Page_SelectPaymentMethod/PayByCreditCard' is clicked on

25-10-2024T02:11:06 - [MESSAGE][PASSED] - Object: 'Object Repository/IWP30/Page_SelectPaymentMethod/PayByCreditCard' is clicked on

25-10-2024T02:11:06 - [TEST_STEP][PASSED] - click(findTestObject("Object Repository/IWP30/Page_SelectPaymentMethod/MakePaymentButton")): Object: 'Object Repository/IWP30/Page_SelectPaymentMethod/MakePaymentButton' is clicked on

25-10-2024T02:11:09 - [MESSAGE][PASSED] - Object: 'Object Repository/IWP30/Page_SelectPaymentMethod/MakePaymentButton' is clicked on

25-10-2024T02:11:09 - [TEST_STEP][PASSED] - iwpPages.ccPaymentEntryPage.setDataCCPM(row, dataFile): iwpPages.ccPaymentEntryPage.setDataCCPM is PASSED

25-10-2024T02:11:09 - [MESSAGE][PASSED] - Object 'Object Repository/IWP30/Page_CCPaymentEntry/Name' is present

25-10-2024T02:11:10 - [MESSAGE][PASSED] - Text 'udf data 2' is set on object 'Object Repository/IWP30/Page_CCPaymentEntry/UserDefined2'

25-10-2024T02:11:11 - [MESSAGE][PASSED] - Text 'udf data 3' is set on object 'Object Repository/IWP30/Page_CCPaymentEntry/UserDefined3'

25-10-2024T02:11:11 - [MESSAGE][PASSED] - All options with label 'Orange' are selected in object 'Object Repository/IWP30/Page_CCPaymentEntry/UserDefined7' 

25-10-2024T02:11:12 - [MESSAGE][PASSED] - All options with label 'Soccer' are selected in object 'Object Repository/IWP30/Page_CCPaymentEntry/UserDefined8' 

25-10-2024T02:11:12 - [MESSAGE][PASSED] - Object 'Object Repository/IWP30/Page_CCPaymentEntry/Name' is present

25-10-2024T02:11:13 - [MESSAGE][PASSED] - Text 'Kavita Ranawati' is set on object 'Object Repository/IWP30/Page_CCPaymentEntry/Name'

25-10-2024T02:11:13 - [MESSAGE][PASSED] - Object 'Object Repository/IWP30/Page_CCPaymentEntry/CardNumber' is present

25-10-2024T02:11:14 - [MESSAGE][PASSED] - Text '4111111111111111' is set on object 'Object Repository/IWP30/Page_CCPaymentEntry/CardNumber'

25-10-2024T02:11:14 - [MESSAGE][PASSED] - Text '123' is set on object 'Object Repository/IWP30/Page_CCPaymentEntry/SPC'

25-10-2024T02:11:15 - [MESSAGE][PASSED] - Object 'Object Repository/IWP30/Page_CCPaymentEntry/Month' is present

25-10-2024T02:11:15 - [MESSAGE][PASSED] - All options with label '01' are selected in object 'Object Repository/IWP30/Page_CCPaymentEntry/Month' 

25-10-2024T02:11:15 - [MESSAGE][PASSED] - Object 'Object Repository/IWP30/Page_CCPaymentEntry/Year' is present

25-10-2024T02:11:16 - [MESSAGE][PASSED] - All options with label '2028' are selected in object 'Object Repository/IWP30/Page_CCPaymentEntry/Year' 

25-10-2024T02:11:17 - [MESSAGE][PASSED] - Text '365 Main Avenue' is set on object 'Object Repository/IWP30/Page_CCPaymentEntry/AL1'

25-10-2024T02:11:17 - [MESSAGE][PASSED] - Text '22201' is set on object 'Object Repository/IWP30/Page_CCPaymentEntry/ZIP'

25-10-2024T02:11:18 - [MESSAGE][PASSED] - Object 'Object Repository/IWP30/Page_CCPaymentEntry/EmailAddress' is present

25-10-2024T02:11:19 - [MESSAGE][PASSED] - Text 'iahmed@govolution.com' is set on object 'Object Repository/IWP30/Page_CCPaymentEntry/EmailAddress'

25-10-2024T02:11:19 - [MESSAGE][PASSED] - Object 'Object Repository/IWP30/Page_CCPaymentEntry/TermCondCheckBox' is present

25-10-2024T02:11:19 - [MESSAGE][PASSED] - Object 'Object Repository/IWP30/Page_CCPaymentEntry/TermCondCheckBox' is checked

25-10-2024T02:11:20 - [MESSAGE][PASSED] - Object 'Object Repository/IWP30/Page_CCPaymentEntry/ContinueButton' is present

25-10-2024T02:11:21 - [MESSAGE][PASSED] - Object: 'Object Repository/IWP30/Page_CCPaymentEntry/ContinueButton' is clicked on

25-10-2024T02:11:21 - [MESSAGE][PASSED] - iwpPages.ccPaymentEntryPage.setDataCCPM is PASSED

25-10-2024T02:11:21 - [TEST_STEP][PASSED] - click(findTestObject("Object Repository/IWP30/Page_Confirmation/ConfirmButton")): Object: 'Object Repository/IWP30/Page_Confirmation/ConfirmButton' is clicked on

25-10-2024T02:11:24 - [MESSAGE][PASSED] - Object: 'Object Repository/IWP30/Page_Confirmation/ConfirmButton' is clicked on

25-10-2024T02:11:24 - [TEST_STEP][PASSED] - Thread.sleep(2000): null

25-10-2024T02:11:26 - [TEST_STEP][FAILED] - if (verifyTextPresent("AutoPay", false)): Text 'AutoPay' is not present on page  (Root cause: com.kms.katalon.core.exception.StepFailedException: Text 'AutoPay' is not present on page 
	at com.kms.katalon.core.webui.keyword.internal.WebUIKeywordMain.stepFailed(WebUIKeywordMain.groovy:64)
	at com.kms.katalon.core.webui.keyword.builtin.VerifyTextPresentKeyword$_verifyTextPresent_closure1.doCall(VerifyTextPresentKeyword.groovy:79)
	at com.kms.katalon.core.webui.keyword.builtin.VerifyTextPresentKeyword$_verifyTextPresent_closure1.call(VerifyTextPresentKeyword.groovy)
	at com.kms.katalon.core.webui.keyword.internal.WebUIKeywordMain.runKeyword(WebUIKeywordMain.groovy:20)
	at com.kms.katalon.core.webui.keyword.builtin.VerifyTextPresentKeyword.verifyTextPresent(VerifyTextPresentKeyword.groovy:83)
	at com.kms.katalon.core.webui.keyword.builtin.VerifyTextPresentKeyword.execute(VerifyTextPresentKeyword.groovy:68)
	at com.kms.katalon.core.keyword.internal.KeywordExecutor.executeKeywordForPlatform(KeywordExecutor.groovy:74)
	at com.kms.katalon.core.webui.keyword.WebUiBuiltInKeywords.verifyTextPresent(WebUiBuiltInKeywords.groovy:1762)
	at CMCAutoPayCredit.run(CMCAutoPayCredit:91)
	at com.kms.katalon.core.main.ScriptEngine.run(ScriptEngine.java:194)
	at com.kms.katalon.core.main.ScriptEngine.runScriptAsRawText(ScriptEngine.java:119)
	at com.kms.katalon.core.main.TestCaseExecutor.runScript(TestCaseExecutor.java:448)
	at com.kms.katalon.core.main.TestCaseExecutor.doExecute(TestCaseExecutor.java:439)
	at com.kms.katalon.core.main.TestCaseExecutor.processExecutionPhase(TestCaseExecutor.java:418)
	at com.kms.katalon.core.main.TestCaseExecutor.accessMainPhase(TestCaseExecutor.java:410)
	at com.kms.katalon.core.main.TestCaseExecutor.execute(TestCaseExecutor.java:285)
	at com.kms.katalon.core.common.CommonExecutor.accessTestCaseMainPhase(CommonExecutor.java:65)
	at com.kms.katalon.core.main.TestSuiteExecutor.accessTestSuiteMainPhase(TestSuiteExecutor.java:150)
	at com.kms.katalon.core.main.TestSuiteExecutor.execute(TestSuiteExecutor.java:106)
	at com.kms.katalon.core.main.TestCaseMain.startTestSuite(TestCaseMain.java:180)
	at TempTestSuite1729787045812.run(TempTestSuite1729787045812.groovy:35)
	at java.base/jdk.internal.reflect.NativeMethodAccessorImpl.invoke0(Native Method)
	at java.base/jdk.internal.reflect.NativeMethodAccessorImpl.invoke(NativeMethodAccessorImpl.java:77)
	at java.base/jdk.internal.reflect.DelegatingMethodAccessorImpl.invoke(DelegatingMethodAccessorImpl.java:43)
)

25-10-2024T02:11:26 - [MESSAGE][FAILED] - Text 'AutoPay' is not present on page  (Root cause: com.kms.katalon.core.exception.StepFailedException: Text 'AutoPay' is not present on page 
	at com.kms.katalon.core.webui.keyword.internal.WebUIKeywordMain.stepFailed(WebUIKeywordMain.groovy:64)
	at com.kms.katalon.core.webui.keyword.builtin.VerifyTextPresentKeyword$_verifyTextPresent_closure1.doCall(VerifyTextPresentKeyword.groovy:79)
	at com.kms.katalon.core.webui.keyword.builtin.VerifyTextPresentKeyword$_verifyTextPresent_closure1.call(VerifyTextPresentKeyword.groovy)
	at com.kms.katalon.core.webui.keyword.internal.WebUIKeywordMain.runKeyword(WebUIKeywordMain.groovy:20)
	at com.kms.katalon.core.webui.keyword.builtin.VerifyTextPresentKeyword.verifyTextPresent(VerifyTextPresentKeyword.groovy:83)
	at com.kms.katalon.core.webui.keyword.builtin.VerifyTextPresentKeyword.execute(VerifyTextPresentKeyword.groovy:68)
	at com.kms.katalon.core.keyword.internal.KeywordExecutor.executeKeywordForPlatform(KeywordExecutor.groovy:74)
	at com.kms.katalon.core.webui.keyword.WebUiBuiltInKeywords.verifyTextPresent(WebUiBuiltInKeywords.groovy:1762)
	at CMCAutoPayCredit.run(CMCAutoPayCredit:91)
	at com.kms.katalon.core.main.ScriptEngine.run(ScriptEngine.java:194)
	at com.kms.katalon.core.main.ScriptEngine.runScriptAsRawText(ScriptEngine.java:119)
	at com.kms.katalon.core.main.TestCaseExecutor.runScript(TestCaseExecutor.java:448)
	at com.kms.katalon.core.main.TestCaseExecutor.doExecute(TestCaseExecutor.java:439)
	at com.kms.katalon.core.main.TestCaseExecutor.processExecutionPhase(TestCaseExecutor.java:418)
	at com.kms.katalon.core.main.TestCaseExecutor.accessMainPhase(TestCaseExecutor.java:410)
	at com.kms.katalon.core.main.TestCaseExecutor.execute(TestCaseExecutor.java:285)
	at com.kms.katalon.core.common.CommonExecutor.accessTestCaseMainPhase(CommonExecutor.java:65)
	at com.kms.katalon.core.main.TestSuiteExecutor.accessTestSuiteMainPhase(TestSuiteExecutor.java:150)
	at com.kms.katalon.core.main.TestSuiteExecutor.execute(TestSuiteExecutor.java:106)
	at com.kms.katalon.core.main.TestCaseMain.startTestSuite(TestCaseMain.java:180)
	at TempTestSuite1729787045812.run(TempTestSuite1729787045812.groovy:35)
	at java.base/jdk.internal.reflect.NativeMethodAccessorImpl.invoke0(Native Method)
	at java.base/jdk.internal.reflect.NativeMethodAccessorImpl.invoke(NativeMethodAccessorImpl.java:77)
	at java.base/jdk.internal.reflect.DelegatingMethodAccessorImpl.invoke(DelegatingMethodAccessorImpl.java:43)
)

25-10-2024T02:11:26 - [TEST_STEP][FAILED] - else: null

25-10-2024T02:11:26 - [TEST_STEP][FAILED] - markFailed("Deferred is not present on page"): Deferred is not present on page

25-10-2024T02:11:26 - [MESSAGE][FAILED] - Deferred is not present on page

25-10-2024T02:11:26 - [TEST_STEP][PASSED] - resText = "Fail": null

25-10-2024T02:11:26 - [TEST_STEP][PASSED] - pages.WriteExcel.demoKey(resText, datText, resColumn, datCloumn, fileLoc, nameSheet, row): pages.WriteExcel.demoKey is PASSED

25-10-2024T02:11:26 - [MESSAGE][PASSED] - pages.WriteExcel.demoKey is PASSED

25-10-2024T02:11:26 - [TEST_STEP][PASSED] - closeBrowser(): Browser is closed

25-10-2024T02:11:27 - [MESSAGE][PASSED] - Browser is closed

25-10-2024T02:11:27 - [TEST_STEP][PASSED] - ExecuteTC = dataFile.getValue("Execute", row): null

25-10-2024T02:11:27 - [TEST_STEP][PASSED] - out.println("Value of Execute is : " + ExecuteTC): null

25-10-2024T02:11:27 - [TEST_STEP][PASSED] - if (ExecuteTC.equalsIgnoreCase("Y")): null

25-10-2024T02:11:27 - [TEST_STEP][PASSED] - out.println("Begin Record Number: " + row): null

25-10-2024T02:11:27 - [TEST_STEP][PASSED] - today = new java.util.Date(): null

25-10-2024T02:11:27 - [TEST_STEP][PASSED] - println(today): null

25-10-2024T02:11:27 - [TEST_STEP][PASSED] - datText = today: null

25-10-2024T02:11:27 - [TEST_STEP][PASSED] - EmulatorDataKey = dataFile.getValue("EmulatorData", row): null

25-10-2024T02:11:27 - [TEST_STEP][PASSED] - out.println("Value of Emulator Key is : " + EmulatorDataKey): null

25-10-2024T02:11:27 - [TEST_STEP][PASSED] - iwpPages.emulatorIWP30.setDataEmulator_DD(EmulatorDataKey): iwpPages.emulatorIWP30.setDataEmulator_DD is PASSED

25-10-2024T02:11:27 - [MESSAGE][INFO] - Starting 'Edge Chromium' driver

25-10-2024T02:11:27 - [MESSAGE][INFO] - User set preference: ['acceptInsecureCerts', 'true']

25-10-2024T02:11:29 - [MESSAGE][INFO] - Action delay is set to 0 milliseconds

25-10-2024T02:11:33 - [MESSAGE][PASSED] - Browser is opened with url: 'https://qa2.velocitypayment.com/agencyx/config.action?action=editor&message_version=3_0'

25-10-2024T02:11:33 - [MESSAGE][PASSED] - Current window maximized

25-10-2024T02:12:04 - [MESSAGE][INFO] - Unable to find the element located by 'By.xpath: //select[@name='message_version']'. Please recheck the objects properties to make sure the desired element is located. 

25-10-2024T02:12:04 - [MESSAGE][WARNING] - [SELF-HEALING] Failed to find element with id 'Object Repository/IWP30/Page_VRelay30Emulator/MV'. Try using Self-healing.

25-10-2024T02:12:05 - [MESSAGE][WARNING] - [SELF-HEALING] The current locator of test object 'Object Repository/IWP30/Page_VRelay30Emulator/MV' was broken. Propose an alternative one: '(.//*[normalize-space(text()) and normalize-space(.)='Message Version'])[1]/following::select[1]'.

25-10-2024T02:12:05 - [MESSAGE][PASSED] - All options with value '3.0' are selected in object 'Object Repository/IWP30/Page_VRelay30Emulator/MV'  using regular expression

25-10-2024T02:12:06 - [MESSAGE][PASSED] - Text '10.50' is set on object 'Object Repository/IWP30/Page_EmulatorAgencyX/Amount'

25-10-2024T02:12:06 - [MESSAGE][PASSED] - Text '8cymB0MoOphi' is set on object 'Object Repository/IWP30/Page_EmulatorAgencyX/CAN'

25-10-2024T02:12:07 - [MESSAGE][PASSED] - Text 'AutoPay' is set on object 'Object Repository/IWP30/Page_EmulatorAgencyX/Action'

25-10-2024T02:12:07 - [MESSAGE][PASSED] - Text 'en_US' is set on object 'Object Repository/IWP30/Page_EmulatorAgencyX/Lang'

25-10-2024T02:12:08 - [MESSAGE][PASSED] - Text '' is set on object 'Object Repository/IWP30/Page_EmulatorAgencyX/Fname'

25-10-2024T02:12:09 - [MESSAGE][PASSED] - Text '' is set on object 'Object Repository/IWP30/Page_EmulatorAgencyX/Lname'

25-10-2024T02:12:09 - [MESSAGE][PASSED] - Text '' is set on object 'Object Repository/IWP30/Page_EmulatorAgencyX/AL1'

25-10-2024T02:12:10 - [MESSAGE][PASSED] - Text '' is set on object 'Object Repository/IWP30/Page_EmulatorAgencyX/AL2'

25-10-2024T02:12:10 - [MESSAGE][PASSED] - Text '' is set on object 'Object Repository/IWP30/Page_EmulatorAgencyX/Country'

25-10-2024T02:12:11 - [MESSAGE][PASSED] - Text '' is set on object 'Object Repository/IWP30/Page_EmulatorAgencyX/City'

25-10-2024T02:12:11 - [MESSAGE][PASSED] - Text '' is set on object 'Object Repository/IWP30/Page_EmulatorAgencyX/State'

25-10-2024T02:12:12 - [MESSAGE][PASSED] - Text '' is set on object 'Object Repository/IWP30/Page_EmulatorAgencyX/ZIP'

25-10-2024T02:12:13 - [MESSAGE][PASSED] - Text '' is set on object 'Object Repository/IWP30/Page_EmulatorAgencyX/Order'

25-10-2024T02:12:13 - [MESSAGE][PASSED] - Text '' is set on object 'Object Repository/IWP30/Page_EmulatorAgencyX/Company'

25-10-2024T02:12:14 - [MESSAGE][PASSED] - Text '' is set on object 'Object Repository/IWP30/Page_EmulatorAgencyX/Email'

25-10-2024T02:12:14 - [MESSAGE][PASSED] - Text '' is set on object 'Object Repository/IWP30/Page_EmulatorAgencyX/UDF1'

25-10-2024T02:12:15 - [MESSAGE][PASSED] - Text '' is set on object 'Object Repository/IWP30/Page_EmulatorAgencyX/UDF2'

25-10-2024T02:12:15 - [MESSAGE][PASSED] - Text '' is set on object 'Object Repository/IWP30/Page_EmulatorAgencyX/UDF3'

25-10-2024T02:12:16 - [MESSAGE][PASSED] - Text 'udf data 4' is set on object 'Object Repository/IWP30/Page_EmulatorAgencyX/UDF4'

25-10-2024T02:12:17 - [MESSAGE][PASSED] - Text 'udf data 5' is set on object 'Object Repository/IWP30/Page_EmulatorAgencyX/UDF5'

25-10-2024T02:12:17 - [MESSAGE][PASSED] - Text '' is set on object 'Object Repository/IWP30/Page_EmulatorAgencyX/UDF6'

25-10-2024T02:12:18 - [MESSAGE][PASSED] - Text '' is set on object 'Object Repository/IWP30/Page_EmulatorAgencyX/UDF7'

25-10-2024T02:12:18 - [MESSAGE][PASSED] - Text '' is set on object 'Object Repository/IWP30/Page_EmulatorAgencyX/UDF8'

25-10-2024T02:12:19 - [MESSAGE][PASSED] - Text 'udf data 9' is set on object 'Object Repository/IWP30/Page_EmulatorAgencyX/UDF9'

25-10-2024T02:12:19 - [MESSAGE][PASSED] - Text 'udf data 10' is set on object 'Object Repository/IWP30/Page_EmulatorAgencyX/UDF10'

25-10-2024T02:12:21 - [MESSAGE][PASSED] - Object: 'Object Repository/IWP30/Page_EmulatorAgencyX/Submit' is clicked on

25-10-2024T02:12:25 - [MESSAGE][PASSED] - Browser is closed

25-10-2024T02:12:29 - [MESSAGE][PASSED] - iwpPages.emulatorIWP30.setDataEmulator_DD is PASSED

25-10-2024T02:12:29 - [TEST_STEP][PASSED] - testHarnessURL = urlTestHarness: null

25-10-2024T02:12:29 - [TEST_STEP][PASSED] - openBrowser(testHarnessURL): Browser is opened with url: 'https://dev-algorithm.govolution.com/vrelaytest/QA2/version_2_2/vrelaytest.html'

25-10-2024T02:12:29 - [MESSAGE][INFO] - Starting 'Edge Chromium' driver

25-10-2024T02:12:29 - [MESSAGE][INFO] - User set preference: ['acceptInsecureCerts', 'true']

25-10-2024T02:12:31 - [MESSAGE][INFO] - Action delay is set to 0 milliseconds

25-10-2024T02:12:35 - [MESSAGE][PASSED] - Browser is opened with url: 'https://dev-algorithm.govolution.com/vrelaytest/QA2/version_2_2/vrelaytest.html'

25-10-2024T02:12:35 - [TEST_STEP][PASSED] - maximizeWindow(): Current window maximized

25-10-2024T02:12:35 - [MESSAGE][PASSED] - Current window maximized

25-10-2024T02:12:35 - [TEST_STEP][PASSED] - iwpPages.TestHarnessPage.setDataMethodEF(row, dataFile): iwpPages.TestHarnessPage.setDataMethodEF is PASSED

25-10-2024T02:12:35 - [MESSAGE][PASSED] - Object 'Object Repository/IWP30/Page_QATestHarness/RemittanceID' is present

25-10-2024T02:12:36 - [MESSAGE][PASSED] - Text '649' is set on object 'Object Repository/IWP30/Page_QATestHarness/ApplicationID'

25-10-2024T02:12:36 - [MESSAGE][PASSED] - Text '3.0' is set on object 'Object Repository/IWP30/Page_QATestHarness/MessageVersion'

25-10-2024T02:12:37 - [MESSAGE][PASSED] - Text 'Po7ZbOgZ0qsO' is set on object 'Object Repository/IWP30/Page_QATestHarness/RemittanceID'

25-10-2024T02:12:41 - [MESSAGE][PASSED] - Object: 'Object Repository/IWP30/Page_QATestHarness/SubmitButton' is clicked on

25-10-2024T02:12:41 - [MESSAGE][PASSED] - iwpPages.TestHarnessPage.setDataMethodEF is PASSED

25-10-2024T02:12:41 - [TEST_STEP][PASSED] - click(findTestObject("Object Repository/IWP30/Page_SelectPaymentMethod/PayByCreditCard")): Object: 'Object Repository/IWP30/Page_SelectPaymentMethod/PayByCreditCard' is clicked on

25-10-2024T02:12:41 - [MESSAGE][PASSED] - Object: 'Object Repository/IWP30/Page_SelectPaymentMethod/PayByCreditCard' is clicked on

25-10-2024T02:12:41 - [TEST_STEP][PASSED] - click(findTestObject("Object Repository/IWP30/Page_SelectPaymentMethod/MakePaymentButton")): Object: 'Object Repository/IWP30/Page_SelectPaymentMethod/MakePaymentButton' is clicked on

25-10-2024T02:12:44 - [MESSAGE][PASSED] - Object: 'Object Repository/IWP30/Page_SelectPaymentMethod/MakePaymentButton' is clicked on

25-10-2024T02:12:44 - [TEST_STEP][PASSED] - iwpPages.ccPaymentEntryPage.setDataCCPM(row, dataFile): iwpPages.ccPaymentEntryPage.setDataCCPM is PASSED

25-10-2024T02:12:45 - [MESSAGE][PASSED] - Object 'Object Repository/IWP30/Page_CCPaymentEntry/Name' is present

25-10-2024T02:12:45 - [MESSAGE][PASSED] - Text 'udf data 2' is set on object 'Object Repository/IWP30/Page_CCPaymentEntry/UserDefined2'

25-10-2024T02:12:46 - [MESSAGE][PASSED] - Text 'udf data 3' is set on object 'Object Repository/IWP30/Page_CCPaymentEntry/UserDefined3'

25-10-2024T02:12:46 - [MESSAGE][PASSED] - All options with label 'Orange' are selected in object 'Object Repository/IWP30/Page_CCPaymentEntry/UserDefined7' 

25-10-2024T02:12:47 - [MESSAGE][PASSED] - All options with label 'Soccer' are selected in object 'Object Repository/IWP30/Page_CCPaymentEntry/UserDefined8' 

25-10-2024T02:12:47 - [MESSAGE][PASSED] - Object 'Object Repository/IWP30/Page_CCPaymentEntry/Name' is present

25-10-2024T02:12:48 - [MESSAGE][PASSED] - Text 'Kavita Ranawati' is set on object 'Object Repository/IWP30/Page_CCPaymentEntry/Name'

25-10-2024T02:12:48 - [MESSAGE][PASSED] - Object 'Object Repository/IWP30/Page_CCPaymentEntry/CardNumber' is present

25-10-2024T02:12:49 - [MESSAGE][PASSED] - Text '4111111111111111' is set on object 'Object Repository/IWP30/Page_CCPaymentEntry/CardNumber'

25-10-2024T02:12:49 - [MESSAGE][PASSED] - Text '123' is set on object 'Object Repository/IWP30/Page_CCPaymentEntry/SPC'

25-10-2024T02:12:49 - [MESSAGE][PASSED] - Object 'Object Repository/IWP30/Page_CCPaymentEntry/Month' is present

25-10-2024T02:12:50 - [MESSAGE][PASSED] - All options with label '01' are selected in object 'Object Repository/IWP30/Page_CCPaymentEntry/Month' 

25-10-2024T02:12:50 - [MESSAGE][PASSED] - Object 'Object Repository/IWP30/Page_CCPaymentEntry/Year' is present

25-10-2024T02:12:51 - [MESSAGE][PASSED] - All options with label '2028' are selected in object 'Object Repository/IWP30/Page_CCPaymentEntry/Year' 

25-10-2024T02:12:51 - [MESSAGE][PASSED] - Text '365 Main Avenue' is set on object 'Object Repository/IWP30/Page_CCPaymentEntry/AL1'

25-10-2024T02:12:52 - [MESSAGE][PASSED] - Text '22201' is set on object 'Object Repository/IWP30/Page_CCPaymentEntry/ZIP'

25-10-2024T02:12:52 - [MESSAGE][PASSED] - Object 'Object Repository/IWP30/Page_CCPaymentEntry/EmailAddress' is present

25-10-2024T02:12:54 - [MESSAGE][PASSED] - Text 'iahmed@govolution.com' is set on object 'Object Repository/IWP30/Page_CCPaymentEntry/EmailAddress'

25-10-2024T02:12:54 - [MESSAGE][PASSED] - Object 'Object Repository/IWP30/Page_CCPaymentEntry/TermCondCheckBox' is present

25-10-2024T02:12:54 - [MESSAGE][PASSED] - Object 'Object Repository/IWP30/Page_CCPaymentEntry/TermCondCheckBox' is checked

25-10-2024T02:12:55 - [MESSAGE][PASSED] - Object 'Object Repository/IWP30/Page_CCPaymentEntry/ContinueButton' is present

25-10-2024T02:12:56 - [MESSAGE][PASSED] - Object: 'Object Repository/IWP30/Page_CCPaymentEntry/ContinueButton' is clicked on

25-10-2024T02:12:56 - [MESSAGE][PASSED] - iwpPages.ccPaymentEntryPage.setDataCCPM is PASSED

25-10-2024T02:12:56 - [TEST_STEP][PASSED] - click(findTestObject("Object Repository/IWP30/Page_Confirmation/ConfirmButton")): Object: 'Object Repository/IWP30/Page_Confirmation/ConfirmButton' is clicked on

25-10-2024T02:12:58 - [MESSAGE][PASSED] - Object: 'Object Repository/IWP30/Page_Confirmation/ConfirmButton' is clicked on

25-10-2024T02:12:58 - [TEST_STEP][PASSED] - Thread.sleep(2000): null

25-10-2024T02:13:00 - [TEST_STEP][PASSED] - if (verifyTextPresent("AutoPay", false)): null

25-10-2024T02:13:00 - [MESSAGE][PASSED] - Text 'AutoPay' is present on page 

25-10-2024T02:13:00 - [TEST_STEP][PASSED] - openBrowser(testHarnessURL): Browser is opened with url: 'https://dev-algorithm.govolution.com/vrelaytest/QA2/version_2_2/vrelaytest.html'

25-10-2024T02:13:00 - [MESSAGE][WARNING] - A browser is already opened. Closing browser and opening a new one

25-10-2024T02:13:00 - [MESSAGE][INFO] - Starting 'Edge Chromium' driver

25-10-2024T02:13:00 - [MESSAGE][INFO] - User set preference: ['acceptInsecureCerts', 'true']

25-10-2024T02:13:03 - [MESSAGE][INFO] - Action delay is set to 0 milliseconds

25-10-2024T02:13:06 - [MESSAGE][PASSED] - Browser is opened with url: 'https://dev-algorithm.govolution.com/vrelaytest/QA2/version_2_2/vrelaytest.html'

25-10-2024T02:13:06 - [TEST_STEP][PASSED] - maximizeWindow(): Current window maximized

25-10-2024T02:13:06 - [MESSAGE][PASSED] - Current window maximized

25-10-2024T02:13:06 - [TEST_STEP][PASSED] - iwpPages.TestHarnessPage.setDataMethodEF(row, dataFile): iwpPages.TestHarnessPage.setDataMethodEF is PASSED

25-10-2024T02:13:06 - [MESSAGE][PASSED] - Object 'Object Repository/IWP30/Page_QATestHarness/RemittanceID' is present

25-10-2024T02:13:07 - [MESSAGE][PASSED] - Text '649' is set on object 'Object Repository/IWP30/Page_QATestHarness/ApplicationID'

25-10-2024T02:13:08 - [MESSAGE][PASSED] - Text '3.0' is set on object 'Object Repository/IWP30/Page_QATestHarness/MessageVersion'

25-10-2024T02:13:08 - [MESSAGE][PASSED] - Text 'JTezVPgPswO9' is set on object 'Object Repository/IWP30/Page_QATestHarness/RemittanceID'

25-10-2024T02:13:12 - [MESSAGE][PASSED] - Object: 'Object Repository/IWP30/Page_QATestHarness/SubmitButton' is clicked on

25-10-2024T02:13:12 - [MESSAGE][PASSED] - iwpPages.TestHarnessPage.setDataMethodEF is PASSED

25-10-2024T02:13:12 - [TEST_STEP][PASSED] - click(findTestObject("Object Repository/IWP30/Page_ManagePlan_Autopay/btn_modify")): Object: 'Object Repository/IWP30/Page_ManagePlan_Autopay/btn_modify' is clicked on

25-10-2024T02:13:13 - [MESSAGE][PASSED] - Object: 'Object Repository/IWP30/Page_ManagePlan_Autopay/btn_modify' is clicked on

25-10-2024T02:13:13 - [TEST_STEP][PASSED] - click(findTestObject("Object Repository/IWP30/Page_Modify/btn_savechanges")): Object: 'Object Repository/IWP30/Page_Modify/btn_savechanges' is clicked on

25-10-2024T02:13:14 - [MESSAGE][PASSED] - Object: 'Object Repository/IWP30/Page_Modify/btn_savechanges' is clicked on

25-10-2024T02:13:14 - [TEST_STEP][FAILED] - if (verifyTextPresent("Edits to your payment plan were completed successfully", false)): Text 'Edits to your payment plan were completed successfully' is not present on page  (Root cause: com.kms.katalon.core.exception.StepFailedException: Text 'Edits to your payment plan were completed successfully' is not present on page 
	at com.kms.katalon.core.webui.keyword.internal.WebUIKeywordMain.stepFailed(WebUIKeywordMain.groovy:64)
	at com.kms.katalon.core.webui.keyword.builtin.VerifyTextPresentKeyword$_verifyTextPresent_closure1.doCall(VerifyTextPresentKeyword.groovy:79)
	at com.kms.katalon.core.webui.keyword.builtin.VerifyTextPresentKeyword$_verifyTextPresent_closure1.call(VerifyTextPresentKeyword.groovy)
	at com.kms.katalon.core.webui.keyword.internal.WebUIKeywordMain.runKeyword(WebUIKeywordMain.groovy:20)
	at com.kms.katalon.core.webui.keyword.builtin.VerifyTextPresentKeyword.verifyTextPresent(VerifyTextPresentKeyword.groovy:83)
	at com.kms.katalon.core.webui.keyword.builtin.VerifyTextPresentKeyword.execute(VerifyTextPresentKeyword.groovy:68)
	at com.kms.katalon.core.keyword.internal.KeywordExecutor.executeKeywordForPlatform(KeywordExecutor.groovy:74)
	at com.kms.katalon.core.webui.keyword.WebUiBuiltInKeywords.verifyTextPresent(WebUiBuiltInKeywords.groovy:1762)
	at CMCAutoPayCredit.run(CMCAutoPayCredit:103)
	at com.kms.katalon.core.main.ScriptEngine.run(ScriptEngine.java:194)
	at com.kms.katalon.core.main.ScriptEngine.runScriptAsRawText(ScriptEngine.java:119)
	at com.kms.katalon.core.main.TestCaseExecutor.runScript(TestCaseExecutor.java:448)
	at com.kms.katalon.core.main.TestCaseExecutor.doExecute(TestCaseExecutor.java:439)
	at com.kms.katalon.core.main.TestCaseExecutor.processExecutionPhase(TestCaseExecutor.java:418)
	at com.kms.katalon.core.main.TestCaseExecutor.accessMainPhase(TestCaseExecutor.java:410)
	at com.kms.katalon.core.main.TestCaseExecutor.execute(TestCaseExecutor.java:285)
	at com.kms.katalon.core.common.CommonExecutor.accessTestCaseMainPhase(CommonExecutor.java:65)
	at com.kms.katalon.core.main.TestSuiteExecutor.accessTestSuiteMainPhase(TestSuiteExecutor.java:150)
	at com.kms.katalon.core.main.TestSuiteExecutor.execute(TestSuiteExecutor.java:106)
	at com.kms.katalon.core.main.TestCaseMain.startTestSuite(TestCaseMain.java:180)
	at TempTestSuite1729787045812.run(TempTestSuite1729787045812.groovy:35)
	at java.base/jdk.internal.reflect.NativeMethodAccessorImpl.invoke0(Native Method)
	at java.base/jdk.internal.reflect.NativeMethodAccessorImpl.invoke(NativeMethodAccessorImpl.java:77)
	at java.base/jdk.internal.reflect.DelegatingMethodAccessorImpl.invoke(DelegatingMethodAccessorImpl.java:43)
)

25-10-2024T02:13:15 - [MESSAGE][FAILED] - Text 'Edits to your payment plan were completed successfully' is not present on page  (Root cause: com.kms.katalon.core.exception.StepFailedException: Text 'Edits to your payment plan were completed successfully' is not present on page 
	at com.kms.katalon.core.webui.keyword.internal.WebUIKeywordMain.stepFailed(WebUIKeywordMain.groovy:64)
	at com.kms.katalon.core.webui.keyword.builtin.VerifyTextPresentKeyword$_verifyTextPresent_closure1.doCall(VerifyTextPresentKeyword.groovy:79)
	at com.kms.katalon.core.webui.keyword.builtin.VerifyTextPresentKeyword$_verifyTextPresent_closure1.call(VerifyTextPresentKeyword.groovy)
	at com.kms.katalon.core.webui.keyword.internal.WebUIKeywordMain.runKeyword(WebUIKeywordMain.groovy:20)
	at com.kms.katalon.core.webui.keyword.builtin.VerifyTextPresentKeyword.verifyTextPresent(VerifyTextPresentKeyword.groovy:83)
	at com.kms.katalon.core.webui.keyword.builtin.VerifyTextPresentKeyword.execute(VerifyTextPresentKeyword.groovy:68)
	at com.kms.katalon.core.keyword.internal.KeywordExecutor.executeKeywordForPlatform(KeywordExecutor.groovy:74)
	at com.kms.katalon.core.webui.keyword.WebUiBuiltInKeywords.verifyTextPresent(WebUiBuiltInKeywords.groovy:1762)
	at CMCAutoPayCredit.run(CMCAutoPayCredit:103)
	at com.kms.katalon.core.main.ScriptEngine.run(ScriptEngine.java:194)
	at com.kms.katalon.core.main.ScriptEngine.runScriptAsRawText(ScriptEngine.java:119)
	at com.kms.katalon.core.main.TestCaseExecutor.runScript(TestCaseExecutor.java:448)
	at com.kms.katalon.core.main.TestCaseExecutor.doExecute(TestCaseExecutor.java:439)
	at com.kms.katalon.core.main.TestCaseExecutor.processExecutionPhase(TestCaseExecutor.java:418)
	at com.kms.katalon.core.main.TestCaseExecutor.accessMainPhase(TestCaseExecutor.java:410)
	at com.kms.katalon.core.main.TestCaseExecutor.execute(TestCaseExecutor.java:285)
	at com.kms.katalon.core.common.CommonExecutor.accessTestCaseMainPhase(CommonExecutor.java:65)
	at com.kms.katalon.core.main.TestSuiteExecutor.accessTestSuiteMainPhase(TestSuiteExecutor.java:150)
	at com.kms.katalon.core.main.TestSuiteExecutor.execute(TestSuiteExecutor.java:106)
	at com.kms.katalon.core.main.TestCaseMain.startTestSuite(TestCaseMain.java:180)
	at TempTestSuite1729787045812.run(TempTestSuite1729787045812.groovy:35)
	at java.base/jdk.internal.reflect.NativeMethodAccessorImpl.invoke0(Native Method)
	at java.base/jdk.internal.reflect.NativeMethodAccessorImpl.invoke(NativeMethodAccessorImpl.java:77)
	at java.base/jdk.internal.reflect.DelegatingMethodAccessorImpl.invoke(DelegatingMethodAccessorImpl.java:43)
)

25-10-2024T02:13:15 - [TEST_STEP][PASSED] - closeBrowser(): Browser is closed

25-10-2024T02:13:15 - [MESSAGE][PASSED] - Browser is closed]]></system-out>
         <system-err><![CDATA[25-10-2024T02:09:48 - [TEST_CASE][FAILED] - Test Cases/IntegratedWeb/IWP25/Payments/CMCAutoPayCredit: Test Cases/IntegratedWeb/IWP25/Payments/CMCAutoPayCredit FAILED.
Reason:
com.kms.katalon.core.exception.StepFailedException: Text 'AutoPay' is not present on page  (Root cause: com.kms.katalon.core.exception.StepFailedException: Text 'AutoPay' is not present on page 
	at com.kms.katalon.core.webui.keyword.internal.WebUIKeywordMain.stepFailed(WebUIKeywordMain.groovy:64)
	at com.kms.katalon.core.webui.keyword.builtin.VerifyTextPresentKeyword$_verifyTextPresent_closure1.doCall(VerifyTextPresentKeyword.groovy:79)
	at com.kms.katalon.core.webui.keyword.builtin.VerifyTextPresentKeyword$_verifyTextPresent_closure1.call(VerifyTextPresentKeyword.groovy)
	at com.kms.katalon.core.webui.keyword.internal.WebUIKeywordMain.runKeyword(WebUIKeywordMain.groovy:20)
	at com.kms.katalon.core.webui.keyword.builtin.VerifyTextPresentKeyword.verifyTextPresent(VerifyTextPresentKeyword.groovy:83)
	at com.kms.katalon.core.webui.keyword.builtin.VerifyTextPresentKeyword.execute(VerifyTextPresentKeyword.groovy:68)
	at com.kms.katalon.core.keyword.internal.KeywordExecutor.executeKeywordForPlatform(KeywordExecutor.groovy:74)
	at com.kms.katalon.core.webui.keyword.WebUiBuiltInKeywords.verifyTextPresent(WebUiBuiltInKeywords.groovy:1762)
	at CMCAutoPayCredit.run(CMCAutoPayCredit:91)
	at com.kms.katalon.core.main.ScriptEngine.run(ScriptEngine.java:194)
	at com.kms.katalon.core.main.ScriptEngine.runScriptAsRawText(ScriptEngine.java:119)
	at com.kms.katalon.core.main.TestCaseExecutor.runScript(TestCaseExecutor.java:448)
	at com.kms.katalon.core.main.TestCaseExecutor.doExecute(TestCaseExecutor.java:439)
	at com.kms.katalon.core.main.TestCaseExecutor.processExecutionPhase(TestCaseExecutor.java:418)
	at com.kms.katalon.core.main.TestCaseExecutor.accessMainPhase(TestCaseExecutor.java:410)
	at com.kms.katalon.core.main.TestCaseExecutor.execute(TestCaseExecutor.java:285)
	at com.kms.katalon.core.common.CommonExecutor.accessTestCaseMainPhase(CommonExecutor.java:65)
	at com.kms.katalon.core.main.TestSuiteExecutor.accessTestSuiteMainPhase(TestSuiteExecutor.java:150)
	at com.kms.katalon.core.main.TestSuiteExecutor.execute(TestSuiteExecutor.java:106)
	at com.kms.katalon.core.main.TestCaseMain.startTestSuite(TestCaseMain.java:180)
	at TempTestSuite1729787045812.run(TempTestSuite1729787045812.groovy:35)
	at java.base/jdk.internal.reflect.NativeMethodAccessorImpl.invoke0(Native Method)
	at java.base/jdk.internal.reflect.NativeMethodAccessorImpl.invoke(NativeMethodAccessorImpl.java:77)
	at java.base/jdk.internal.reflect.DelegatingMethodAccessorImpl.invoke(DelegatingMethodAccessorImpl.java:43)
)
	at com.kms.katalon.core.keyword.internal.KeywordMain.stepFailed(KeywordMain.groovy:39)
	at com.kms.katalon.core.webui.keyword.internal.WebUIKeywordMain.stepFailed(WebUIKeywordMain.groovy:64)
	at com.kms.katalon.core.webui.keyword.builtin.VerifyTextPresentKeyword$_verifyTextPresent_closure1.doCall(VerifyTextPresentKeyword.groovy:79)
	at com.kms.katalon.core.webui.keyword.builtin.VerifyTextPresentKeyword$_verifyTextPresent_closure1.call(VerifyTextPresentKeyword.groovy)
	at com.kms.katalon.core.webui.keyword.internal.WebUIKeywordMain.runKeyword(WebUIKeywordMain.groovy:20)
	at com.kms.katalon.core.webui.keyword.builtin.VerifyTextPresentKeyword.verifyTextPresent(VerifyTextPresentKeyword.groovy:83)
	at com.kms.katalon.core.webui.keyword.builtin.VerifyTextPresentKeyword.execute(VerifyTextPresentKeyword.groovy:68)
	at com.kms.katalon.core.keyword.internal.KeywordExecutor.executeKeywordForPlatform(KeywordExecutor.groovy:74)
	at com.kms.katalon.core.webui.keyword.WebUiBuiltInKeywords.verifyTextPresent(WebUiBuiltInKeywords.groovy:1762)
	at CMCAutoPayCredit.run(CMCAutoPayCredit:91)
	at com.kms.katalon.core.main.ScriptEngine.run(ScriptEngine.java:194)
	at com.kms.katalon.core.main.ScriptEngine.runScriptAsRawText(ScriptEngine.java:119)
	at com.kms.katalon.core.main.TestCaseExecutor.runScript(TestCaseExecutor.java:448)
	at com.kms.katalon.core.main.TestCaseExecutor.doExecute(TestCaseExecutor.java:439)
	at com.kms.katalon.core.main.TestCaseExecutor.processExecutionPhase(TestCaseExecutor.java:418)
	at com.kms.katalon.core.main.TestCaseExecutor.accessMainPhase(TestCaseExecutor.java:410)
	at com.kms.katalon.core.main.TestCaseExecutor.execute(TestCaseExecutor.java:285)
	at com.kms.katalon.core.common.CommonExecutor.accessTestCaseMainPhase(CommonExecutor.java:65)
	at com.kms.katalon.core.main.TestSuiteExecutor.accessTestSuiteMainPhase(TestSuiteExecutor.java:150)
	at com.kms.katalon.core.main.TestSuiteExecutor.execute(TestSuiteExecutor.java:106)
	at com.kms.katalon.core.main.TestCaseMain.startTestSuite(TestCaseMain.java:180)
	at TempTestSuite1729787045812.run(TempTestSuite1729787045812.groovy:35)
	at java.base/jdk.internal.reflect.NativeMethodAccessorImpl.invoke0(Native Method)
	at java.base/jdk.internal.reflect.NativeMethodAccessorImpl.invoke(NativeMethodAccessorImpl.java:77)
	at java.base/jdk.internal.reflect.DelegatingMethodAccessorImpl.invoke(DelegatingMethodAccessorImpl.java:43)
Caused by: com.kms.katalon.core.exception.StepFailedException: Text 'AutoPay' is not present on page 
	... 24 more]]></system-err>
      </testcase>
      <testcase name="Test Cases/IntegratedWeb/IWP25/Payments/CMCAutoPayPC" time="241.453" classname="Test Cases/IntegratedWeb/IWP25/Payments/CMCAutoPayPC" status="FAILED">
         <failure type="FAILED" message="Test Cases/IntegratedWeb/IWP25/Payments/CMCAutoPayPC FAILED.&#xa;Reason:&#xa;com.kms.katalon.core.exception.StepFailedException: Text 'AutoPay' is not present on page  (Root cause: com.kms.katalon.core.exception.StepFailedException: Text 'AutoPay' is not present on page &#xa;	at com.kms.katalon.core.webui.keyword.internal.WebUIKeywordMain.stepFailed(WebUIKeywordMain.groovy:64)&#xa;	at com.kms.katalon.core.webui.keyword.builtin.VerifyTextPresentKeyword$_verifyTextPresent_closure1.doCall(VerifyTextPresentKeyword.groovy:79)&#xa;	at com.kms.katalon.core.webui.keyword.builtin.VerifyTextPresentKeyword$_verifyTextPresent_closure1.call(VerifyTextPresentKeyword.groovy)&#xa;	at com.kms.katalon.core.webui.keyword.internal.WebUIKeywordMain.runKeyword(WebUIKeywordMain.groovy:20)&#xa;	at com.kms.katalon.core.webui.keyword.builtin.VerifyTextPresentKeyword.verifyTextPresent(VerifyTextPresentKeyword.groovy:83)&#xa;	at com.kms.katalon.core.webui.keyword.builtin.VerifyTextPresentKeyword.execute(VerifyTextPresentKeyword.groovy:68)&#xa;	at com.kms.katalon.core.keyword.internal.KeywordExecutor.executeKeywordForPlatform(KeywordExecutor.groovy:74)&#xa;	at com.kms.katalon.core.webui.keyword.WebUiBuiltInKeywords.verifyTextPresent(WebUiBuiltInKeywords.groovy:1762)&#xa;	at CMCAutoPayPC.run(CMCAutoPayPC:91)&#xa;	at com.kms.katalon.core.main.ScriptEngine.run(ScriptEngine.java:194)&#xa;	at com.kms.katalon.core.main.ScriptEngine.runScriptAsRawText(ScriptEngine.java:119)&#xa;	at com.kms.katalon.core.main.TestCaseExecutor.runScript(TestCaseExecutor.java:448)&#xa;	at com.kms.katalon.core.main.TestCaseExecutor.doExecute(TestCaseExecutor.java:439)&#xa;	at com.kms.katalon.core.main.TestCaseExecutor.processExecutionPhase(TestCaseExecutor.java:418)&#xa;	at com.kms.katalon.core.main.TestCaseExecutor.accessMainPhase(TestCaseExecutor.java:410)&#xa;	at com.kms.katalon.core.main.TestCaseExecutor.execute(TestCaseExecutor.java:285)&#xa;	at com.kms.katalon.core.common.CommonExecutor.accessTestCaseMainPhase(CommonExecutor.java:65)&#xa;	at com.kms.katalon.core.main.TestSuiteExecutor.accessTestSuiteMainPhase(TestSuiteExecutor.java:150)&#xa;	at com.kms.katalon.core.main.TestSuiteExecutor.execute(TestSuiteExecutor.java:106)&#xa;	at com.kms.katalon.core.main.TestCaseMain.startTestSuite(TestCaseMain.java:180)&#xa;	at TempTestSuite1729787045812.run(TempTestSuite1729787045812.groovy:35)&#xa;	at java.base/jdk.internal.reflect.NativeMethodAccessorImpl.invoke0(Native Method)&#xa;	at java.base/jdk.internal.reflect.NativeMethodAccessorImpl.invoke(NativeMethodAccessorImpl.java:77)&#xa;	at java.base/jdk.internal.reflect.DelegatingMethodAccessorImpl.invoke(DelegatingMethodAccessorImpl.java:43)&#xa;)&#xa;	at com.kms.katalon.core.keyword.internal.KeywordMain.stepFailed(KeywordMain.groovy:39)&#xa;	at com.kms.katalon.core.webui.keyword.internal.WebUIKeywordMain.stepFailed(WebUIKeywordMain.groovy:64)&#xa;	at com.kms.katalon.core.webui.keyword.builtin.VerifyTextPresentKeyword$_verifyTextPresent_closure1.doCall(VerifyTextPresentKeyword.groovy:79)&#xa;	at com.kms.katalon.core.webui.keyword.builtin.VerifyTextPresentKeyword$_verifyTextPresent_closure1.call(VerifyTextPresentKeyword.groovy)&#xa;	at com.kms.katalon.core.webui.keyword.internal.WebUIKeywordMain.runKeyword(WebUIKeywordMain.groovy:20)&#xa;	at com.kms.katalon.core.webui.keyword.builtin.VerifyTextPresentKeyword.verifyTextPresent(VerifyTextPresentKeyword.groovy:83)&#xa;	at com.kms.katalon.core.webui.keyword.builtin.VerifyTextPresentKeyword.execute(VerifyTextPresentKeyword.groovy:68)&#xa;	at com.kms.katalon.core.keyword.internal.KeywordExecutor.executeKeywordForPlatform(KeywordExecutor.groovy:74)&#xa;	at com.kms.katalon.core.webui.keyword.WebUiBuiltInKeywords.verifyTextPresent(WebUiBuiltInKeywords.groovy:1762)&#xa;	at CMCAutoPayPC.run(CMCAutoPayPC:91)&#xa;	at com.kms.katalon.core.main.ScriptEngine.run(ScriptEngine.java:194)&#xa;	at com.kms.katalon.core.main.ScriptEngine.runScriptAsRawText(ScriptEngine.java:119)&#xa;	at com.kms.katalon.core.main.TestCaseExecutor.runScript(TestCaseExecutor.java:448)&#xa;	at com.kms.katalon.core.main.TestCaseExecutor.doExecute(TestCaseExecutor.java:439)&#xa;	at com.kms.katalon.core.main.TestCaseExecutor.processExecutionPhase(TestCaseExecutor.java:418)&#xa;	at com.kms.katalon.core.main.TestCaseExecutor.accessMainPhase(TestCaseExecutor.java:410)&#xa;	at com.kms.katalon.core.main.TestCaseExecutor.execute(TestCaseExecutor.java:285)&#xa;	at com.kms.katalon.core.common.CommonExecutor.accessTestCaseMainPhase(CommonExecutor.java:65)&#xa;	at com.kms.katalon.core.main.TestSuiteExecutor.accessTestSuiteMainPhase(TestSuiteExecutor.java:150)&#xa;	at com.kms.katalon.core.main.TestSuiteExecutor.execute(TestSuiteExecutor.java:106)&#xa;	at com.kms.katalon.core.main.TestCaseMain.startTestSuite(TestCaseMain.java:180)&#xa;	at TempTestSuite1729787045812.run(TempTestSuite1729787045812.groovy:35)&#xa;	at java.base/jdk.internal.reflect.NativeMethodAccessorImpl.invoke0(Native Method)&#xa;	at java.base/jdk.internal.reflect.NativeMethodAccessorImpl.invoke(NativeMethodAccessorImpl.java:77)&#xa;	at java.base/jdk.internal.reflect.DelegatingMethodAccessorImpl.invoke(DelegatingMethodAccessorImpl.java:43)&#xa;Caused by: com.kms.katalon.core.exception.StepFailedException: Text 'AutoPay' is not present on page &#xa;	... 24 more&#xa;"/>
         <system-out><![CDATA[25-10-2024T02:13:15 - [TEST_CASE][FAILED] - Test Cases/IntegratedWeb/IWP25/Payments/CMCAutoPayPC: Test Cases/IntegratedWeb/IWP25/Payments/CMCAutoPayPC FAILED.
Reason:
com.kms.katalon.core.exception.StepFailedException: Text 'AutoPay' is not present on page  (Root cause: com.kms.katalon.core.exception.StepFailedException: Text 'AutoPay' is not present on page 
	at com.kms.katalon.core.webui.keyword.internal.WebUIKeywordMain.stepFailed(WebUIKeywordMain.groovy:64)
	at com.kms.katalon.core.webui.keyword.builtin.VerifyTextPresentKeyword$_verifyTextPresent_closure1.doCall(VerifyTextPresentKeyword.groovy:79)
	at com.kms.katalon.core.webui.keyword.builtin.VerifyTextPresentKeyword$_verifyTextPresent_closure1.call(VerifyTextPresentKeyword.groovy)
	at com.kms.katalon.core.webui.keyword.internal.WebUIKeywordMain.runKeyword(WebUIKeywordMain.groovy:20)
	at com.kms.katalon.core.webui.keyword.builtin.VerifyTextPresentKeyword.verifyTextPresent(VerifyTextPresentKeyword.groovy:83)
	at com.kms.katalon.core.webui.keyword.builtin.VerifyTextPresentKeyword.execute(VerifyTextPresentKeyword.groovy:68)
	at com.kms.katalon.core.keyword.internal.KeywordExecutor.executeKeywordForPlatform(KeywordExecutor.groovy:74)
	at com.kms.katalon.core.webui.keyword.WebUiBuiltInKeywords.verifyTextPresent(WebUiBuiltInKeywords.groovy:1762)
	at CMCAutoPayPC.run(CMCAutoPayPC:91)
	at com.kms.katalon.core.main.ScriptEngine.run(ScriptEngine.java:194)
	at com.kms.katalon.core.main.ScriptEngine.runScriptAsRawText(ScriptEngine.java:119)
	at com.kms.katalon.core.main.TestCaseExecutor.runScript(TestCaseExecutor.java:448)
	at com.kms.katalon.core.main.TestCaseExecutor.doExecute(TestCaseExecutor.java:439)
	at com.kms.katalon.core.main.TestCaseExecutor.processExecutionPhase(TestCaseExecutor.java:418)
	at com.kms.katalon.core.main.TestCaseExecutor.accessMainPhase(TestCaseExecutor.java:410)
	at com.kms.katalon.core.main.TestCaseExecutor.execute(TestCaseExecutor.java:285)
	at com.kms.katalon.core.common.CommonExecutor.accessTestCaseMainPhase(CommonExecutor.java:65)
	at com.kms.katalon.core.main.TestSuiteExecutor.accessTestSuiteMainPhase(TestSuiteExecutor.java:150)
	at com.kms.katalon.core.main.TestSuiteExecutor.execute(TestSuiteExecutor.java:106)
	at com.kms.katalon.core.main.TestCaseMain.startTestSuite(TestCaseMain.java:180)
	at TempTestSuite1729787045812.run(TempTestSuite1729787045812.groovy:35)
	at java.base/jdk.internal.reflect.NativeMethodAccessorImpl.invoke0(Native Method)
	at java.base/jdk.internal.reflect.NativeMethodAccessorImpl.invoke(NativeMethodAccessorImpl.java:77)
	at java.base/jdk.internal.reflect.DelegatingMethodAccessorImpl.invoke(DelegatingMethodAccessorImpl.java:43)
)
	at com.kms.katalon.core.keyword.internal.KeywordMain.stepFailed(KeywordMain.groovy:39)
	at com.kms.katalon.core.webui.keyword.internal.WebUIKeywordMain.stepFailed(WebUIKeywordMain.groovy:64)
	at com.kms.katalon.core.webui.keyword.builtin.VerifyTextPresentKeyword$_verifyTextPresent_closure1.doCall(VerifyTextPresentKeyword.groovy:79)
	at com.kms.katalon.core.webui.keyword.builtin.VerifyTextPresentKeyword$_verifyTextPresent_closure1.call(VerifyTextPresentKeyword.groovy)
	at com.kms.katalon.core.webui.keyword.internal.WebUIKeywordMain.runKeyword(WebUIKeywordMain.groovy:20)
	at com.kms.katalon.core.webui.keyword.builtin.VerifyTextPresentKeyword.verifyTextPresent(VerifyTextPresentKeyword.groovy:83)
	at com.kms.katalon.core.webui.keyword.builtin.VerifyTextPresentKeyword.execute(VerifyTextPresentKeyword.groovy:68)
	at com.kms.katalon.core.keyword.internal.KeywordExecutor.executeKeywordForPlatform(KeywordExecutor.groovy:74)
	at com.kms.katalon.core.webui.keyword.WebUiBuiltInKeywords.verifyTextPresent(WebUiBuiltInKeywords.groovy:1762)
	at CMCAutoPayPC.run(CMCAutoPayPC:91)
	at com.kms.katalon.core.main.ScriptEngine.run(ScriptEngine.java:194)
	at com.kms.katalon.core.main.ScriptEngine.runScriptAsRawText(ScriptEngine.java:119)
	at com.kms.katalon.core.main.TestCaseExecutor.runScript(TestCaseExecutor.java:448)
	at com.kms.katalon.core.main.TestCaseExecutor.doExecute(TestCaseExecutor.java:439)
	at com.kms.katalon.core.main.TestCaseExecutor.processExecutionPhase(TestCaseExecutor.java:418)
	at com.kms.katalon.core.main.TestCaseExecutor.accessMainPhase(TestCaseExecutor.java:410)
	at com.kms.katalon.core.main.TestCaseExecutor.execute(TestCaseExecutor.java:285)
	at com.kms.katalon.core.common.CommonExecutor.accessTestCaseMainPhase(CommonExecutor.java:65)
	at com.kms.katalon.core.main.TestSuiteExecutor.accessTestSuiteMainPhase(TestSuiteExecutor.java:150)
	at com.kms.katalon.core.main.TestSuiteExecutor.execute(TestSuiteExecutor.java:106)
	at com.kms.katalon.core.main.TestCaseMain.startTestSuite(TestCaseMain.java:180)
	at TempTestSuite1729787045812.run(TempTestSuite1729787045812.groovy:35)
	at java.base/jdk.internal.reflect.NativeMethodAccessorImpl.invoke0(Native Method)
	at java.base/jdk.internal.reflect.NativeMethodAccessorImpl.invoke(NativeMethodAccessorImpl.java:77)
	at java.base/jdk.internal.reflect.DelegatingMethodAccessorImpl.invoke(DelegatingMethodAccessorImpl.java:43)
Caused by: com.kms.katalon.core.exception.StepFailedException: Text 'AutoPay' is not present on page 
	... 24 more


25-10-2024T02:13:15 - [TEST_STEP][PASSED] - resText = "Fail": null

25-10-2024T02:13:15 - [TEST_STEP][PASSED] - resColumn = "Result": null

25-10-2024T02:13:15 - [TEST_STEP][PASSED] - datCloumn = "Date": null

25-10-2024T02:13:15 - [TEST_STEP][PASSED] - fileLoc = "KatalonData/IWPTestData/VRelay25PaymentsExtension.xlsx": null

25-10-2024T02:13:15 - [TEST_STEP][PASSED] - numOfRows = <not implemented yet for class: org.codehaus.groovy.ast.expr.EmptyExpression>: null

25-10-2024T02:13:15 - [TEST_STEP][PASSED] - dataFile = <not implemented yet for class: org.codehaus.groovy.ast.expr.EmptyExpression>: null

25-10-2024T02:13:15 - [TEST_STEP][PASSED] - nameSheet = <not implemented yet for class: org.codehaus.groovy.ast.expr.EmptyExpression>: null

25-10-2024T02:13:15 - [TEST_STEP][PASSED] - dataFileEmulator = <not implemented yet for class: org.codehaus.groovy.ast.expr.EmptyExpression>: null

25-10-2024T02:13:15 - [TEST_STEP][PASSED] - isRequiredTextPresent = false: null

25-10-2024T02:13:15 - [TEST_STEP][PASSED] - nameSheet = "CMCAutoPayPlanPC": null

25-10-2024T02:13:15 - [TEST_STEP][PASSED] - dataFile = getExcelDataWithDefaultSheet("KatalonData/IWPTestData/VRelay25PaymentsExtension.xlsx", nameSheet, true): null

25-10-2024T02:13:15 - [TEST_STEP][PASSED] - dataFileEmulator = "IWPTestData/EmulatorData": null

25-10-2024T02:13:15 - [TEST_STEP][PASSED] - numOfRows = dataFile.getRowNumbers(): null

25-10-2024T02:13:15 - [TEST_STEP][PASSED] - println("Number of Records: " + numOfRows): null

25-10-2024T02:13:15 - [TEST_STEP][FAILED] - for ([row = 1, row <= numOfRows, (row++)]): null

25-10-2024T02:13:15 - [TEST_STEP][PASSED] - ExecuteTC = dataFile.getValue("Execute", row): null

25-10-2024T02:13:15 - [TEST_STEP][PASSED] - out.println("Value of Execute is : " + ExecuteTC): null

25-10-2024T02:13:15 - [TEST_STEP][FAILED] - if (ExecuteTC.equalsIgnoreCase("Y")): null

25-10-2024T02:13:15 - [TEST_STEP][PASSED] - out.println("Begin Record Number: " + row): null

25-10-2024T02:13:15 - [TEST_STEP][PASSED] - today = new java.util.Date(): null

25-10-2024T02:13:15 - [TEST_STEP][PASSED] - println(today): null

25-10-2024T02:13:15 - [TEST_STEP][PASSED] - datText = today: null

25-10-2024T02:13:15 - [TEST_STEP][PASSED] - EmulatorDataKey = dataFile.getValue("EmulatorData", row): null

25-10-2024T02:13:15 - [TEST_STEP][PASSED] - out.println("Value of Emulator Key is : " + EmulatorDataKey): null

25-10-2024T02:13:15 - [TEST_STEP][PASSED] - iwpPages.emulatorIWP30.setDataEmulator_DD(EmulatorDataKey): iwpPages.emulatorIWP30.setDataEmulator_DD is PASSED

25-10-2024T02:13:16 - [MESSAGE][INFO] - Starting 'Edge Chromium' driver

25-10-2024T02:13:16 - [MESSAGE][INFO] - User set preference: ['acceptInsecureCerts', 'true']

25-10-2024T02:13:18 - [MESSAGE][INFO] - Action delay is set to 0 milliseconds

25-10-2024T02:13:21 - [MESSAGE][PASSED] - Browser is opened with url: 'https://qa2.velocitypayment.com/agencyx/config.action?action=editor&message_version=2_5'

25-10-2024T02:13:22 - [MESSAGE][PASSED] - Current window maximized

25-10-2024T02:13:53 - [MESSAGE][INFO] - Unable to find the element located by 'By.xpath: //select[@name='message_version']'. Please recheck the objects properties to make sure the desired element is located. 

25-10-2024T02:13:53 - [MESSAGE][WARNING] - [SELF-HEALING] Failed to find element with id 'Object Repository/IWP30/Page_VRelay30Emulator/MV'. Try using Self-healing.

25-10-2024T02:13:53 - [MESSAGE][WARNING] - [SELF-HEALING] The current locator of test object 'Object Repository/IWP30/Page_VRelay30Emulator/MV' was broken. Propose an alternative one: '(.//*[normalize-space(text()) and normalize-space(.)='Message Version'])[1]/following::select[1]'.

25-10-2024T02:13:53 - [MESSAGE][PASSED] - All options with value '2.5' are selected in object 'Object Repository/IWP30/Page_VRelay30Emulator/MV'  using regular expression

25-10-2024T02:13:54 - [MESSAGE][PASSED] - Text '10.50' is set on object 'Object Repository/IWP30/Page_EmulatorAgencyX/Amount'

25-10-2024T02:13:55 - [MESSAGE][PASSED] - Text 'E7IhowHzQJLX' is set on object 'Object Repository/IWP30/Page_EmulatorAgencyX/CAN'

25-10-2024T02:13:55 - [MESSAGE][PASSED] - Text 'AutoPay' is set on object 'Object Repository/IWP30/Page_EmulatorAgencyX/Action'

25-10-2024T02:13:56 - [MESSAGE][PASSED] - Text 'en_US' is set on object 'Object Repository/IWP30/Page_EmulatorAgencyX/Lang'

25-10-2024T02:13:56 - [MESSAGE][PASSED] - Text '' is set on object 'Object Repository/IWP30/Page_EmulatorAgencyX/Fname'

25-10-2024T02:13:57 - [MESSAGE][PASSED] - Text '' is set on object 'Object Repository/IWP30/Page_EmulatorAgencyX/Lname'

25-10-2024T02:13:58 - [MESSAGE][PASSED] - Text '' is set on object 'Object Repository/IWP30/Page_EmulatorAgencyX/AL1'

25-10-2024T02:13:58 - [MESSAGE][PASSED] - Text '' is set on object 'Object Repository/IWP30/Page_EmulatorAgencyX/AL2'

25-10-2024T02:13:59 - [MESSAGE][PASSED] - Text '' is set on object 'Object Repository/IWP30/Page_EmulatorAgencyX/Country'

25-10-2024T02:13:59 - [MESSAGE][PASSED] - Text '' is set on object 'Object Repository/IWP30/Page_EmulatorAgencyX/City'

25-10-2024T02:14:00 - [MESSAGE][PASSED] - Text '' is set on object 'Object Repository/IWP30/Page_EmulatorAgencyX/State'

25-10-2024T02:14:00 - [MESSAGE][PASSED] - Text '' is set on object 'Object Repository/IWP30/Page_EmulatorAgencyX/ZIP'

25-10-2024T02:14:01 - [MESSAGE][PASSED] - Text '' is set on object 'Object Repository/IWP30/Page_EmulatorAgencyX/Order'

25-10-2024T02:14:02 - [MESSAGE][PASSED] - Text '' is set on object 'Object Repository/IWP30/Page_EmulatorAgencyX/Company'

25-10-2024T02:14:02 - [MESSAGE][PASSED] - Text '' is set on object 'Object Repository/IWP30/Page_EmulatorAgencyX/Email'

25-10-2024T02:14:03 - [MESSAGE][PASSED] - Text '' is set on object 'Object Repository/IWP30/Page_EmulatorAgencyX/UDF1'

25-10-2024T02:14:03 - [MESSAGE][PASSED] - Text '' is set on object 'Object Repository/IWP30/Page_EmulatorAgencyX/UDF2'

25-10-2024T02:14:04 - [MESSAGE][PASSED] - Text '' is set on object 'Object Repository/IWP30/Page_EmulatorAgencyX/UDF3'

25-10-2024T02:14:04 - [MESSAGE][PASSED] - Text 'udf data 4' is set on object 'Object Repository/IWP30/Page_EmulatorAgencyX/UDF4'

25-10-2024T02:14:05 - [MESSAGE][PASSED] - Text 'udf data 5' is set on object 'Object Repository/IWP30/Page_EmulatorAgencyX/UDF5'

25-10-2024T02:14:06 - [MESSAGE][PASSED] - Text '' is set on object 'Object Repository/IWP30/Page_EmulatorAgencyX/UDF6'

25-10-2024T02:14:06 - [MESSAGE][PASSED] - Text '' is set on object 'Object Repository/IWP30/Page_EmulatorAgencyX/UDF7'

25-10-2024T02:14:07 - [MESSAGE][PASSED] - Text '' is set on object 'Object Repository/IWP30/Page_EmulatorAgencyX/UDF8'

25-10-2024T02:14:07 - [MESSAGE][PASSED] - Text 'udf data 9' is set on object 'Object Repository/IWP30/Page_EmulatorAgencyX/UDF9'

25-10-2024T02:14:08 - [MESSAGE][PASSED] - Text 'udf data 10' is set on object 'Object Repository/IWP30/Page_EmulatorAgencyX/UDF10'

25-10-2024T02:14:09 - [MESSAGE][PASSED] - Object: 'Object Repository/IWP30/Page_EmulatorAgencyX/Submit' is clicked on

25-10-2024T02:14:14 - [MESSAGE][PASSED] - Browser is closed

25-10-2024T02:14:18 - [MESSAGE][PASSED] - iwpPages.emulatorIWP30.setDataEmulator_DD is PASSED

25-10-2024T02:14:18 - [TEST_STEP][PASSED] - testHarnessURL = urlTestHarness: null

25-10-2024T02:14:18 - [TEST_STEP][PASSED] - openBrowser(testHarnessURL): Browser is opened with url: 'https://dev-algorithm.govolution.com/vrelaytest/QA2/version_2_2/vrelaytest.html'

25-10-2024T02:14:18 - [MESSAGE][INFO] - Starting 'Edge Chromium' driver

25-10-2024T02:14:18 - [MESSAGE][INFO] - User set preference: ['acceptInsecureCerts', 'true']

25-10-2024T02:14:20 - [MESSAGE][INFO] - Action delay is set to 0 milliseconds

25-10-2024T02:14:23 - [MESSAGE][PASSED] - Browser is opened with url: 'https://dev-algorithm.govolution.com/vrelaytest/QA2/version_2_2/vrelaytest.html'

25-10-2024T02:14:23 - [TEST_STEP][PASSED] - maximizeWindow(): Current window maximized

25-10-2024T02:14:23 - [MESSAGE][PASSED] - Current window maximized

25-10-2024T02:14:23 - [TEST_STEP][PASSED] - iwpPages.TestHarnessPage.setDataMethodEF(row, dataFile): iwpPages.TestHarnessPage.setDataMethodEF is PASSED

25-10-2024T02:14:23 - [MESSAGE][PASSED] - Object 'Object Repository/IWP30/Page_QATestHarness/RemittanceID' is present

25-10-2024T02:14:24 - [MESSAGE][PASSED] - Text '638' is set on object 'Object Repository/IWP30/Page_QATestHarness/ApplicationID'

25-10-2024T02:14:25 - [MESSAGE][PASSED] - Text '2.5' is set on object 'Object Repository/IWP30/Page_QATestHarness/MessageVersion'

25-10-2024T02:14:25 - [MESSAGE][PASSED] - Text '52xlZ8FmoWrB' is set on object 'Object Repository/IWP30/Page_QATestHarness/RemittanceID'

25-10-2024T02:14:30 - [MESSAGE][PASSED] - Object: 'Object Repository/IWP30/Page_QATestHarness/SubmitButton' is clicked on

25-10-2024T02:14:30 - [MESSAGE][PASSED] - iwpPages.TestHarnessPage.setDataMethodEF is PASSED

25-10-2024T02:14:30 - [TEST_STEP][PASSED] - click(findTestObject("Object Repository/IWP30/Page_SelectPaymentMethod/PayByPersonalCheck")): Object: 'Object Repository/IWP30/Page_SelectPaymentMethod/PayByPersonalCheck' is clicked on

25-10-2024T02:14:30 - [MESSAGE][PASSED] - Object: 'Object Repository/IWP30/Page_SelectPaymentMethod/PayByPersonalCheck' is clicked on

25-10-2024T02:14:30 - [TEST_STEP][PASSED] - click(findTestObject("Object Repository/IWP30/Page_SelectPaymentMethod/MakePaymentButton")): Object: 'Object Repository/IWP30/Page_SelectPaymentMethod/MakePaymentButton' is clicked on

25-10-2024T02:14:33 - [MESSAGE][PASSED] - Object: 'Object Repository/IWP30/Page_SelectPaymentMethod/MakePaymentButton' is clicked on

25-10-2024T02:14:33 - [TEST_STEP][PASSED] - iwpPages.achPersonalPaymentEntryPage.setDataACHPPM(row, dataFile): iwpPages.achPersonalPaymentEntryPage.setDataACHPPM is PASSED

25-10-2024T02:14:33 - [MESSAGE][PASSED] - Object 'Object Repository/IWP30/Page_ACHPersonalPaymentEntry/txt_accountNumber' is present

25-10-2024T02:14:34 - [MESSAGE][PASSED] - Object 'Object Repository/IWP30/Page_ACHPersonalPaymentEntry/txt_UDF2' is present

25-10-2024T02:14:34 - [MESSAGE][PASSED] - Text 'udf data 2' is set on object 'Object Repository/IWP30/Page_ACHPersonalPaymentEntry/txt_UDF2'

25-10-2024T02:14:35 - [MESSAGE][PASSED] - Text 'udf data 3' is set on object 'Object Repository/IWP30/Page_ACHPersonalPaymentEntry/txt_UDF3'

25-10-2024T02:14:35 - [MESSAGE][PASSED] - All options with label 'Orange' are selected in object 'Object Repository/IWP30/Page_ACHPersonalPaymentEntry/dd_UDF7' 

25-10-2024T02:14:36 - [MESSAGE][PASSED] - All options with label 'Soccer' are selected in object 'Object Repository/IWP30/Page_ACHPersonalPaymentEntry/dd_UDF8' 

25-10-2024T02:14:36 - [MESSAGE][PASSED] - Object 'Object Repository/IWP30/Page_ACHPersonalPaymentEntry/txt_Firstname' is present

25-10-2024T02:14:37 - [MESSAGE][PASSED] - Text 'Elizath' is set on object 'Object Repository/IWP30/Page_ACHPersonalPaymentEntry/txt_Firstname'

25-10-2024T02:14:37 - [MESSAGE][PASSED] - Object 'Object Repository/IWP30/Page_ACHPersonalPaymentEntry/txt_Lastname' is present

25-10-2024T02:14:38 - [MESSAGE][PASSED] - Text 'Christine' is set on object 'Object Repository/IWP30/Page_ACHPersonalPaymentEntry/txt_Lastname'

25-10-2024T02:14:38 - [MESSAGE][PASSED] - Object 'Object Repository/IWP30/Page_ACHPersonalPaymentEntry/txt_routingNumber' is present

25-10-2024T02:14:39 - [MESSAGE][PASSED] - Text '256072691' is set on object 'Object Repository/IWP30/Page_ACHPersonalPaymentEntry/txt_routingNumber'

25-10-2024T02:14:39 - [MESSAGE][PASSED] - Object 'Object Repository/IWP30/Page_ACHPersonalPaymentEntry/txt_accountNumber' is present

25-10-2024T02:14:40 - [MESSAGE][PASSED] - Text '12344444' is set on object 'Object Repository/IWP30/Page_ACHPersonalPaymentEntry/txt_accountNumber'

25-10-2024T02:14:40 - [MESSAGE][PASSED] - Object 'Object Repository/IWP30/Page_ACHPersonalPaymentEntry/txt_confirmAccountNumber' is present

25-10-2024T02:14:41 - [MESSAGE][PASSED] - Text '12344444' is set on object 'Object Repository/IWP30/Page_ACHPersonalPaymentEntry/txt_confirmAccountNumber'

25-10-2024T02:14:41 - [MESSAGE][PASSED] - Object 'Object Repository/IWP30/Page_ACHPersonalPaymentEntry/rd_accountType' is present

25-10-2024T02:14:41 - [MESSAGE][PASSED] - Modify property of object successfully

25-10-2024T02:14:41 - [MESSAGE][PASSED] - Object: 'Object Repository/IWP30/Page_ACHPersonalPaymentEntry/rd_accountType' is clicked on

25-10-2024T02:14:42 - [MESSAGE][PASSED] - Text '365 Main Avenue' is set on object 'Object Repository/IWP30/Page_ACHPersonalPaymentEntry/txt_AL1'

25-10-2024T02:14:43 - [MESSAGE][PASSED] - Text '22201' is set on object 'Object Repository/IWP30/Page_ACHPersonalPaymentEntry/txt_ZIP'

25-10-2024T02:14:43 - [MESSAGE][PASSED] - Object 'Object Repository/IWP30/Page_ACHPersonalPaymentEntry/txt_Email' is present

25-10-2024T02:14:44 - [MESSAGE][PASSED] - Text 'iahmed@govolution.com' is set on object 'Object Repository/IWP30/Page_ACHPersonalPaymentEntry/txt_Email'

25-10-2024T02:14:45 - [MESSAGE][PASSED] - Object 'Object Repository/IWP30/Page_ACHPersonalPaymentEntry/cb_TermsAndCond' is present

25-10-2024T02:14:45 - [MESSAGE][PASSED] - Object: 'Object Repository/IWP30/Page_ACHPersonalPaymentEntry/cb_TermsAndCond' is clicked on

25-10-2024T02:14:45 - [MESSAGE][PASSED] - Object 'Object Repository/IWP30/Page_ACHPersonalPaymentEntry/btn_Continue' is present

25-10-2024T02:14:47 - [MESSAGE][PASSED] - Object: 'Object Repository/IWP30/Page_ACHPersonalPaymentEntry/btn_Continue' is clicked on

25-10-2024T02:14:47 - [MESSAGE][PASSED] - iwpPages.achPersonalPaymentEntryPage.setDataACHPPM is PASSED

25-10-2024T02:14:47 - [TEST_STEP][PASSED] - click(findTestObject("Object Repository/IWP30/Page_Confirmation/ConfirmButton")): Object: 'Object Repository/IWP30/Page_Confirmation/ConfirmButton' is clicked on

25-10-2024T02:14:49 - [MESSAGE][PASSED] - Object: 'Object Repository/IWP30/Page_Confirmation/ConfirmButton' is clicked on

25-10-2024T02:14:49 - [TEST_STEP][PASSED] - Thread.sleep(2000): null

25-10-2024T02:14:51 - [TEST_STEP][FAILED] - if (verifyTextPresent("AutoPay", false)): Text 'AutoPay' is not present on page  (Root cause: com.kms.katalon.core.exception.StepFailedException: Text 'AutoPay' is not present on page 
	at com.kms.katalon.core.webui.keyword.internal.WebUIKeywordMain.stepFailed(WebUIKeywordMain.groovy:64)
	at com.kms.katalon.core.webui.keyword.builtin.VerifyTextPresentKeyword$_verifyTextPresent_closure1.doCall(VerifyTextPresentKeyword.groovy:79)
	at com.kms.katalon.core.webui.keyword.builtin.VerifyTextPresentKeyword$_verifyTextPresent_closure1.call(VerifyTextPresentKeyword.groovy)
	at com.kms.katalon.core.webui.keyword.internal.WebUIKeywordMain.runKeyword(WebUIKeywordMain.groovy:20)
	at com.kms.katalon.core.webui.keyword.builtin.VerifyTextPresentKeyword.verifyTextPresent(VerifyTextPresentKeyword.groovy:83)
	at com.kms.katalon.core.webui.keyword.builtin.VerifyTextPresentKeyword.execute(VerifyTextPresentKeyword.groovy:68)
	at com.kms.katalon.core.keyword.internal.KeywordExecutor.executeKeywordForPlatform(KeywordExecutor.groovy:74)
	at com.kms.katalon.core.webui.keyword.WebUiBuiltInKeywords.verifyTextPresent(WebUiBuiltInKeywords.groovy:1762)
	at CMCAutoPayPC.run(CMCAutoPayPC:91)
	at com.kms.katalon.core.main.ScriptEngine.run(ScriptEngine.java:194)
	at com.kms.katalon.core.main.ScriptEngine.runScriptAsRawText(ScriptEngine.java:119)
	at com.kms.katalon.core.main.TestCaseExecutor.runScript(TestCaseExecutor.java:448)
	at com.kms.katalon.core.main.TestCaseExecutor.doExecute(TestCaseExecutor.java:439)
	at com.kms.katalon.core.main.TestCaseExecutor.processExecutionPhase(TestCaseExecutor.java:418)
	at com.kms.katalon.core.main.TestCaseExecutor.accessMainPhase(TestCaseExecutor.java:410)
	at com.kms.katalon.core.main.TestCaseExecutor.execute(TestCaseExecutor.java:285)
	at com.kms.katalon.core.common.CommonExecutor.accessTestCaseMainPhase(CommonExecutor.java:65)
	at com.kms.katalon.core.main.TestSuiteExecutor.accessTestSuiteMainPhase(TestSuiteExecutor.java:150)
	at com.kms.katalon.core.main.TestSuiteExecutor.execute(TestSuiteExecutor.java:106)
	at com.kms.katalon.core.main.TestCaseMain.startTestSuite(TestCaseMain.java:180)
	at TempTestSuite1729787045812.run(TempTestSuite1729787045812.groovy:35)
	at java.base/jdk.internal.reflect.NativeMethodAccessorImpl.invoke0(Native Method)
	at java.base/jdk.internal.reflect.NativeMethodAccessorImpl.invoke(NativeMethodAccessorImpl.java:77)
	at java.base/jdk.internal.reflect.DelegatingMethodAccessorImpl.invoke(DelegatingMethodAccessorImpl.java:43)
)

25-10-2024T02:14:51 - [MESSAGE][FAILED] - Text 'AutoPay' is not present on page  (Root cause: com.kms.katalon.core.exception.StepFailedException: Text 'AutoPay' is not present on page 
	at com.kms.katalon.core.webui.keyword.internal.WebUIKeywordMain.stepFailed(WebUIKeywordMain.groovy:64)
	at com.kms.katalon.core.webui.keyword.builtin.VerifyTextPresentKeyword$_verifyTextPresent_closure1.doCall(VerifyTextPresentKeyword.groovy:79)
	at com.kms.katalon.core.webui.keyword.builtin.VerifyTextPresentKeyword$_verifyTextPresent_closure1.call(VerifyTextPresentKeyword.groovy)
	at com.kms.katalon.core.webui.keyword.internal.WebUIKeywordMain.runKeyword(WebUIKeywordMain.groovy:20)
	at com.kms.katalon.core.webui.keyword.builtin.VerifyTextPresentKeyword.verifyTextPresent(VerifyTextPresentKeyword.groovy:83)
	at com.kms.katalon.core.webui.keyword.builtin.VerifyTextPresentKeyword.execute(VerifyTextPresentKeyword.groovy:68)
	at com.kms.katalon.core.keyword.internal.KeywordExecutor.executeKeywordForPlatform(KeywordExecutor.groovy:74)
	at com.kms.katalon.core.webui.keyword.WebUiBuiltInKeywords.verifyTextPresent(WebUiBuiltInKeywords.groovy:1762)
	at CMCAutoPayPC.run(CMCAutoPayPC:91)
	at com.kms.katalon.core.main.ScriptEngine.run(ScriptEngine.java:194)
	at com.kms.katalon.core.main.ScriptEngine.runScriptAsRawText(ScriptEngine.java:119)
	at com.kms.katalon.core.main.TestCaseExecutor.runScript(TestCaseExecutor.java:448)
	at com.kms.katalon.core.main.TestCaseExecutor.doExecute(TestCaseExecutor.java:439)
	at com.kms.katalon.core.main.TestCaseExecutor.processExecutionPhase(TestCaseExecutor.java:418)
	at com.kms.katalon.core.main.TestCaseExecutor.accessMainPhase(TestCaseExecutor.java:410)
	at com.kms.katalon.core.main.TestCaseExecutor.execute(TestCaseExecutor.java:285)
	at com.kms.katalon.core.common.CommonExecutor.accessTestCaseMainPhase(CommonExecutor.java:65)
	at com.kms.katalon.core.main.TestSuiteExecutor.accessTestSuiteMainPhase(TestSuiteExecutor.java:150)
	at com.kms.katalon.core.main.TestSuiteExecutor.execute(TestSuiteExecutor.java:106)
	at com.kms.katalon.core.main.TestCaseMain.startTestSuite(TestCaseMain.java:180)
	at TempTestSuite1729787045812.run(TempTestSuite1729787045812.groovy:35)
	at java.base/jdk.internal.reflect.NativeMethodAccessorImpl.invoke0(Native Method)
	at java.base/jdk.internal.reflect.NativeMethodAccessorImpl.invoke(NativeMethodAccessorImpl.java:77)
	at java.base/jdk.internal.reflect.DelegatingMethodAccessorImpl.invoke(DelegatingMethodAccessorImpl.java:43)
)

25-10-2024T02:14:51 - [TEST_STEP][FAILED] - else: null

25-10-2024T02:14:51 - [TEST_STEP][FAILED] - markFailed("Deferred is not present on page"): Deferred is not present on page

25-10-2024T02:14:51 - [MESSAGE][FAILED] - Deferred is not present on page

25-10-2024T02:14:51 - [TEST_STEP][PASSED] - resText = "Fail": null

25-10-2024T02:14:51 - [TEST_STEP][PASSED] - pages.WriteExcel.demoKey(resText, datText, resColumn, datCloumn, fileLoc, nameSheet, row): pages.WriteExcel.demoKey is PASSED

25-10-2024T02:14:51 - [MESSAGE][PASSED] - pages.WriteExcel.demoKey is PASSED

25-10-2024T02:14:51 - [TEST_STEP][PASSED] - closeBrowser(): Browser is closed

25-10-2024T02:14:52 - [MESSAGE][PASSED] - Browser is closed

25-10-2024T02:14:52 - [TEST_STEP][PASSED] - ExecuteTC = dataFile.getValue("Execute", row): null

25-10-2024T02:14:52 - [TEST_STEP][PASSED] - out.println("Value of Execute is : " + ExecuteTC): null

25-10-2024T02:14:52 - [TEST_STEP][PASSED] - if (ExecuteTC.equalsIgnoreCase("Y")): null

25-10-2024T02:14:52 - [TEST_STEP][PASSED] - out.println("Begin Record Number: " + row): null

25-10-2024T02:14:52 - [TEST_STEP][PASSED] - today = new java.util.Date(): null

25-10-2024T02:14:52 - [TEST_STEP][PASSED] - println(today): null

25-10-2024T02:14:52 - [TEST_STEP][PASSED] - datText = today: null

25-10-2024T02:14:52 - [TEST_STEP][PASSED] - EmulatorDataKey = dataFile.getValue("EmulatorData", row): null

25-10-2024T02:14:52 - [TEST_STEP][PASSED] - out.println("Value of Emulator Key is : " + EmulatorDataKey): null

25-10-2024T02:14:52 - [TEST_STEP][PASSED] - iwpPages.emulatorIWP30.setDataEmulator_DD(EmulatorDataKey): iwpPages.emulatorIWP30.setDataEmulator_DD is PASSED

25-10-2024T02:14:52 - [MESSAGE][INFO] - Starting 'Edge Chromium' driver

25-10-2024T02:14:52 - [MESSAGE][INFO] - User set preference: ['acceptInsecureCerts', 'true']

25-10-2024T02:14:54 - [MESSAGE][INFO] - Action delay is set to 0 milliseconds

25-10-2024T02:14:58 - [MESSAGE][PASSED] - Browser is opened with url: 'https://qa2.velocitypayment.com/agencyx/config.action?action=editor&message_version=3_0'

25-10-2024T02:14:58 - [MESSAGE][PASSED] - Current window maximized

25-10-2024T02:15:29 - [MESSAGE][INFO] - Unable to find the element located by 'By.xpath: //select[@name='message_version']'. Please recheck the objects properties to make sure the desired element is located. 

25-10-2024T02:15:29 - [MESSAGE][WARNING] - [SELF-HEALING] Failed to find element with id 'Object Repository/IWP30/Page_VRelay30Emulator/MV'. Try using Self-healing.

25-10-2024T02:15:29 - [MESSAGE][WARNING] - [SELF-HEALING] The current locator of test object 'Object Repository/IWP30/Page_VRelay30Emulator/MV' was broken. Propose an alternative one: '(.//*[normalize-space(text()) and normalize-space(.)='Message Version'])[1]/following::select[1]'.

25-10-2024T02:15:30 - [MESSAGE][PASSED] - All options with value '3.0' are selected in object 'Object Repository/IWP30/Page_VRelay30Emulator/MV'  using regular expression

25-10-2024T02:15:30 - [MESSAGE][PASSED] - Text '10.50' is set on object 'Object Repository/IWP30/Page_EmulatorAgencyX/Amount'

25-10-2024T02:15:31 - [MESSAGE][PASSED] - Text 'PUa2BJ2vPbJw' is set on object 'Object Repository/IWP30/Page_EmulatorAgencyX/CAN'

25-10-2024T02:15:31 - [MESSAGE][PASSED] - Text 'AutoPay' is set on object 'Object Repository/IWP30/Page_EmulatorAgencyX/Action'

25-10-2024T02:15:32 - [MESSAGE][PASSED] - Text 'en_US' is set on object 'Object Repository/IWP30/Page_EmulatorAgencyX/Lang'

25-10-2024T02:15:33 - [MESSAGE][PASSED] - Text '' is set on object 'Object Repository/IWP30/Page_EmulatorAgencyX/Fname'

25-10-2024T02:15:33 - [MESSAGE][PASSED] - Text '' is set on object 'Object Repository/IWP30/Page_EmulatorAgencyX/Lname'

25-10-2024T02:15:34 - [MESSAGE][PASSED] - Text '' is set on object 'Object Repository/IWP30/Page_EmulatorAgencyX/AL1'

25-10-2024T02:15:34 - [MESSAGE][PASSED] - Text '' is set on object 'Object Repository/IWP30/Page_EmulatorAgencyX/AL2'

25-10-2024T02:15:35 - [MESSAGE][PASSED] - Text '' is set on object 'Object Repository/IWP30/Page_EmulatorAgencyX/Country'

25-10-2024T02:15:35 - [MESSAGE][PASSED] - Text '' is set on object 'Object Repository/IWP30/Page_EmulatorAgencyX/City'

25-10-2024T02:15:36 - [MESSAGE][PASSED] - Text '' is set on object 'Object Repository/IWP30/Page_EmulatorAgencyX/State'

25-10-2024T02:15:37 - [MESSAGE][PASSED] - Text '' is set on object 'Object Repository/IWP30/Page_EmulatorAgencyX/ZIP'

25-10-2024T02:15:37 - [MESSAGE][PASSED] - Text '' is set on object 'Object Repository/IWP30/Page_EmulatorAgencyX/Order'

25-10-2024T02:15:38 - [MESSAGE][PASSED] - Text '' is set on object 'Object Repository/IWP30/Page_EmulatorAgencyX/Company'

25-10-2024T02:15:38 - [MESSAGE][PASSED] - Text '' is set on object 'Object Repository/IWP30/Page_EmulatorAgencyX/Email'

25-10-2024T02:15:39 - [MESSAGE][PASSED] - Text '' is set on object 'Object Repository/IWP30/Page_EmulatorAgencyX/UDF1'

25-10-2024T02:15:39 - [MESSAGE][PASSED] - Text '' is set on object 'Object Repository/IWP30/Page_EmulatorAgencyX/UDF2'

25-10-2024T02:15:40 - [MESSAGE][PASSED] - Text '' is set on object 'Object Repository/IWP30/Page_EmulatorAgencyX/UDF3'

25-10-2024T02:15:41 - [MESSAGE][PASSED] - Text 'udf data 4' is set on object 'Object Repository/IWP30/Page_EmulatorAgencyX/UDF4'

25-10-2024T02:15:41 - [MESSAGE][PASSED] - Text 'udf data 5' is set on object 'Object Repository/IWP30/Page_EmulatorAgencyX/UDF5'

25-10-2024T02:15:42 - [MESSAGE][PASSED] - Text '' is set on object 'Object Repository/IWP30/Page_EmulatorAgencyX/UDF6'

25-10-2024T02:15:42 - [MESSAGE][PASSED] - Text '' is set on object 'Object Repository/IWP30/Page_EmulatorAgencyX/UDF7'

25-10-2024T02:15:43 - [MESSAGE][PASSED] - Text '' is set on object 'Object Repository/IWP30/Page_EmulatorAgencyX/UDF8'

25-10-2024T02:15:43 - [MESSAGE][PASSED] - Text 'udf data 9' is set on object 'Object Repository/IWP30/Page_EmulatorAgencyX/UDF9'

25-10-2024T02:15:44 - [MESSAGE][PASSED] - Text 'udf data 10' is set on object 'Object Repository/IWP30/Page_EmulatorAgencyX/UDF10'

25-10-2024T02:15:46 - [MESSAGE][PASSED] - Object: 'Object Repository/IWP30/Page_EmulatorAgencyX/Submit' is clicked on

25-10-2024T02:15:50 - [MESSAGE][PASSED] - Browser is closed

25-10-2024T02:15:54 - [MESSAGE][PASSED] - iwpPages.emulatorIWP30.setDataEmulator_DD is PASSED

25-10-2024T02:15:54 - [TEST_STEP][PASSED] - testHarnessURL = urlTestHarness: null

25-10-2024T02:15:54 - [TEST_STEP][PASSED] - openBrowser(testHarnessURL): Browser is opened with url: 'https://dev-algorithm.govolution.com/vrelaytest/QA2/version_2_2/vrelaytest.html'

25-10-2024T02:15:54 - [MESSAGE][INFO] - Starting 'Edge Chromium' driver

25-10-2024T02:15:54 - [MESSAGE][INFO] - User set preference: ['acceptInsecureCerts', 'true']

25-10-2024T02:15:56 - [MESSAGE][INFO] - Action delay is set to 0 milliseconds

25-10-2024T02:15:59 - [MESSAGE][PASSED] - Browser is opened with url: 'https://dev-algorithm.govolution.com/vrelaytest/QA2/version_2_2/vrelaytest.html'

25-10-2024T02:15:59 - [TEST_STEP][PASSED] - maximizeWindow(): Current window maximized

25-10-2024T02:15:59 - [MESSAGE][PASSED] - Current window maximized

25-10-2024T02:15:59 - [TEST_STEP][PASSED] - iwpPages.TestHarnessPage.setDataMethodEF(row, dataFile): iwpPages.TestHarnessPage.setDataMethodEF is PASSED

25-10-2024T02:16:00 - [MESSAGE][PASSED] - Object 'Object Repository/IWP30/Page_QATestHarness/RemittanceID' is present

25-10-2024T02:16:00 - [MESSAGE][PASSED] - Text '649' is set on object 'Object Repository/IWP30/Page_QATestHarness/ApplicationID'

25-10-2024T02:16:01 - [MESSAGE][PASSED] - Text '3.0' is set on object 'Object Repository/IWP30/Page_QATestHarness/MessageVersion'

25-10-2024T02:16:02 - [MESSAGE][PASSED] - Text '7DCGqxkbNhsO' is set on object 'Object Repository/IWP30/Page_QATestHarness/RemittanceID'

25-10-2024T02:16:07 - [MESSAGE][PASSED] - Object: 'Object Repository/IWP30/Page_QATestHarness/SubmitButton' is clicked on

25-10-2024T02:16:07 - [MESSAGE][PASSED] - iwpPages.TestHarnessPage.setDataMethodEF is PASSED

25-10-2024T02:16:07 - [TEST_STEP][PASSED] - click(findTestObject("Object Repository/IWP30/Page_SelectPaymentMethod/PayByPersonalCheck")): Object: 'Object Repository/IWP30/Page_SelectPaymentMethod/PayByPersonalCheck' is clicked on

25-10-2024T02:16:07 - [MESSAGE][PASSED] - Object: 'Object Repository/IWP30/Page_SelectPaymentMethod/PayByPersonalCheck' is clicked on

25-10-2024T02:16:07 - [TEST_STEP][PASSED] - click(findTestObject("Object Repository/IWP30/Page_SelectPaymentMethod/MakePaymentButton")): Object: 'Object Repository/IWP30/Page_SelectPaymentMethod/MakePaymentButton' is clicked on

25-10-2024T02:16:09 - [MESSAGE][PASSED] - Object: 'Object Repository/IWP30/Page_SelectPaymentMethod/MakePaymentButton' is clicked on

25-10-2024T02:16:09 - [TEST_STEP][PASSED] - iwpPages.achPersonalPaymentEntryPage.setDataACHPPM(row, dataFile): iwpPages.achPersonalPaymentEntryPage.setDataACHPPM is PASSED

25-10-2024T02:16:10 - [MESSAGE][PASSED] - Object 'Object Repository/IWP30/Page_ACHPersonalPaymentEntry/txt_accountNumber' is present

25-10-2024T02:16:10 - [MESSAGE][PASSED] - Object 'Object Repository/IWP30/Page_ACHPersonalPaymentEntry/txt_UDF2' is present

25-10-2024T02:16:11 - [MESSAGE][PASSED] - Text 'udf data 2' is set on object 'Object Repository/IWP30/Page_ACHPersonalPaymentEntry/txt_UDF2'

25-10-2024T02:16:11 - [MESSAGE][PASSED] - Text 'udf data 3' is set on object 'Object Repository/IWP30/Page_ACHPersonalPaymentEntry/txt_UDF3'

25-10-2024T02:16:12 - [MESSAGE][PASSED] - All options with label 'Orange' are selected in object 'Object Repository/IWP30/Page_ACHPersonalPaymentEntry/dd_UDF7' 

25-10-2024T02:16:12 - [MESSAGE][PASSED] - All options with label 'Soccer' are selected in object 'Object Repository/IWP30/Page_ACHPersonalPaymentEntry/dd_UDF8' 

25-10-2024T02:16:13 - [MESSAGE][PASSED] - Object 'Object Repository/IWP30/Page_ACHPersonalPaymentEntry/txt_Firstname' is present

25-10-2024T02:16:13 - [MESSAGE][PASSED] - Text 'Elizath' is set on object 'Object Repository/IWP30/Page_ACHPersonalPaymentEntry/txt_Firstname'

25-10-2024T02:16:14 - [MESSAGE][PASSED] - Object 'Object Repository/IWP30/Page_ACHPersonalPaymentEntry/txt_Lastname' is present

25-10-2024T02:16:14 - [MESSAGE][PASSED] - Text 'Christine' is set on object 'Object Repository/IWP30/Page_ACHPersonalPaymentEntry/txt_Lastname'

25-10-2024T02:16:14 - [MESSAGE][PASSED] - Object 'Object Repository/IWP30/Page_ACHPersonalPaymentEntry/txt_routingNumber' is present

25-10-2024T02:16:15 - [MESSAGE][PASSED] - Text '256072691' is set on object 'Object Repository/IWP30/Page_ACHPersonalPaymentEntry/txt_routingNumber'

25-10-2024T02:16:15 - [MESSAGE][PASSED] - Object 'Object Repository/IWP30/Page_ACHPersonalPaymentEntry/txt_accountNumber' is present

25-10-2024T02:16:17 - [MESSAGE][PASSED] - Text '12344444' is set on object 'Object Repository/IWP30/Page_ACHPersonalPaymentEntry/txt_accountNumber'

25-10-2024T02:16:17 - [MESSAGE][PASSED] - Object 'Object Repository/IWP30/Page_ACHPersonalPaymentEntry/txt_confirmAccountNumber' is present

25-10-2024T02:16:18 - [MESSAGE][PASSED] - Text '12344444' is set on object 'Object Repository/IWP30/Page_ACHPersonalPaymentEntry/txt_confirmAccountNumber'

25-10-2024T02:16:18 - [MESSAGE][PASSED] - Object 'Object Repository/IWP30/Page_ACHPersonalPaymentEntry/rd_accountType' is present

25-10-2024T02:16:18 - [MESSAGE][PASSED] - Modify property of object successfully

25-10-2024T02:16:18 - [MESSAGE][PASSED] - Object: 'Object Repository/IWP30/Page_ACHPersonalPaymentEntry/rd_accountType' is clicked on

25-10-2024T02:16:19 - [MESSAGE][PASSED] - Text '365 Main Avenue' is set on object 'Object Repository/IWP30/Page_ACHPersonalPaymentEntry/txt_AL1'

25-10-2024T02:16:19 - [MESSAGE][PASSED] - Text '22201' is set on object 'Object Repository/IWP30/Page_ACHPersonalPaymentEntry/txt_ZIP'

25-10-2024T02:16:20 - [MESSAGE][PASSED] - Object 'Object Repository/IWP30/Page_ACHPersonalPaymentEntry/txt_Email' is present

25-10-2024T02:16:20 - [MESSAGE][PASSED] - Text 'iahmed@govolution.com' is set on object 'Object Repository/IWP30/Page_ACHPersonalPaymentEntry/txt_Email'

25-10-2024T02:16:21 - [MESSAGE][PASSED] - Object 'Object Repository/IWP30/Page_ACHPersonalPaymentEntry/cb_TermsAndCond' is present

25-10-2024T02:16:21 - [MESSAGE][PASSED] - Object: 'Object Repository/IWP30/Page_ACHPersonalPaymentEntry/cb_TermsAndCond' is clicked on

25-10-2024T02:16:21 - [MESSAGE][PASSED] - Object 'Object Repository/IWP30/Page_ACHPersonalPaymentEntry/btn_Continue' is present

25-10-2024T02:16:23 - [MESSAGE][PASSED] - Object: 'Object Repository/IWP30/Page_ACHPersonalPaymentEntry/btn_Continue' is clicked on

25-10-2024T02:16:23 - [MESSAGE][PASSED] - iwpPages.achPersonalPaymentEntryPage.setDataACHPPM is PASSED

25-10-2024T02:16:23 - [TEST_STEP][PASSED] - click(findTestObject("Object Repository/IWP30/Page_Confirmation/ConfirmButton")): Object: 'Object Repository/IWP30/Page_Confirmation/ConfirmButton' is clicked on

25-10-2024T02:16:54 - [MESSAGE][INFO] - Unable to find the element located by 'By.xpath: //*[@type = 'submit' and @name = 'confirmNotifyAction' and @id = 'submitYes' and @value = 'Confirm']'. Please recheck the objects properties to make sure the desired element is located. 

25-10-2024T02:16:54 - [MESSAGE][WARNING] - [SELF-HEALING] Failed to find element with id 'Object Repository/IWP30/Page_Confirmation/ConfirmButton'. Try using Self-healing.

25-10-2024T02:16:54 - [MESSAGE][WARNING] - [SELF-HEALING] The current locator of test object 'Object Repository/IWP30/Page_Confirmation/ConfirmButton' was broken. Propose an alternative one: '//div/input'.

25-10-2024T02:16:56 - [MESSAGE][PASSED] - Object: 'Object Repository/IWP30/Page_Confirmation/ConfirmButton' is clicked on

25-10-2024T02:16:56 - [TEST_STEP][PASSED] - Thread.sleep(2000): null

25-10-2024T02:16:58 - [TEST_STEP][PASSED] - if (verifyTextPresent("AutoPay", false)): null

25-10-2024T02:16:58 - [MESSAGE][PASSED] - Text 'AutoPay' is present on page 

25-10-2024T02:16:58 - [TEST_STEP][PASSED] - openBrowser(testHarnessURL): Browser is opened with url: 'https://dev-algorithm.govolution.com/vrelaytest/QA2/version_2_2/vrelaytest.html'

25-10-2024T02:16:58 - [MESSAGE][WARNING] - A browser is already opened. Closing browser and opening a new one

25-10-2024T02:16:58 - [MESSAGE][INFO] - Starting 'Edge Chromium' driver

25-10-2024T02:16:58 - [MESSAGE][INFO] - User set preference: ['acceptInsecureCerts', 'true']

25-10-2024T02:17:00 - [MESSAGE][INFO] - Action delay is set to 0 milliseconds

25-10-2024T02:17:04 - [MESSAGE][PASSED] - Browser is opened with url: 'https://dev-algorithm.govolution.com/vrelaytest/QA2/version_2_2/vrelaytest.html'

25-10-2024T02:17:04 - [TEST_STEP][PASSED] - maximizeWindow(): Current window maximized

25-10-2024T02:17:04 - [MESSAGE][PASSED] - Current window maximized

25-10-2024T02:17:04 - [TEST_STEP][PASSED] - iwpPages.TestHarnessPage.setDataMethodEF(row, dataFile): iwpPages.TestHarnessPage.setDataMethodEF is PASSED

25-10-2024T02:17:04 - [MESSAGE][PASSED] - Object 'Object Repository/IWP30/Page_QATestHarness/RemittanceID' is present

25-10-2024T02:17:05 - [MESSAGE][PASSED] - Text '649' is set on object 'Object Repository/IWP30/Page_QATestHarness/ApplicationID'

25-10-2024T02:17:05 - [MESSAGE][PASSED] - Text '3.0' is set on object 'Object Repository/IWP30/Page_QATestHarness/MessageVersion'

25-10-2024T02:17:06 - [MESSAGE][PASSED] - Text '0PW0UQtEDTK9' is set on object 'Object Repository/IWP30/Page_QATestHarness/RemittanceID'

25-10-2024T02:17:11 - [MESSAGE][PASSED] - Object: 'Object Repository/IWP30/Page_QATestHarness/SubmitButton' is clicked on

25-10-2024T02:17:11 - [MESSAGE][PASSED] - iwpPages.TestHarnessPage.setDataMethodEF is PASSED

25-10-2024T02:17:11 - [TEST_STEP][PASSED] - click(findTestObject("Object Repository/IWP30/Page_ManagePlan_Autopay/btn_modify")): Object: 'Object Repository/IWP30/Page_ManagePlan_Autopay/btn_modify' is clicked on

25-10-2024T02:17:11 - [MESSAGE][PASSED] - Object: 'Object Repository/IWP30/Page_ManagePlan_Autopay/btn_modify' is clicked on

25-10-2024T02:17:11 - [TEST_STEP][PASSED] - click(findTestObject("Object Repository/IWP30/Page_Modify/btn_savechanges")): Object: 'Object Repository/IWP30/Page_Modify/btn_savechanges' is clicked on

25-10-2024T02:17:13 - [MESSAGE][PASSED] - Object: 'Object Repository/IWP30/Page_Modify/btn_savechanges' is clicked on

25-10-2024T02:17:13 - [TEST_STEP][PASSED] - if (verifyTextPresent("Edits to your payment plan were completed successfully", false)): null

25-10-2024T02:17:13 - [MESSAGE][PASSED] - Text 'Edits to your payment plan were completed successfully' is present on page 

25-10-2024T02:17:13 - [TEST_STEP][PASSED] - click(findTestObject("Object Repository/IWP30/Page_ManagePlan_Autopay/btn_cancel")): Object: 'Object Repository/IWP30/Page_ManagePlan_Autopay/btn_cancel' is clicked on

25-10-2024T02:17:14 - [MESSAGE][PASSED] - Object: 'Object Repository/IWP30/Page_ManagePlan_Autopay/btn_cancel' is clicked on

25-10-2024T02:17:14 - [TEST_STEP][PASSED] - click(findTestObject("Object Repository/IWP30/Page_CancelPlan/btn_cancel")): Object: 'Object Repository/IWP30/Page_CancelPlan/btn_cancel' is clicked on

25-10-2024T02:17:15 - [MESSAGE][PASSED] - Object: 'Object Repository/IWP30/Page_CancelPlan/btn_cancel' is clicked on

25-10-2024T02:17:15 - [TEST_STEP][PASSED] - if (verifyTextPresent("Your payment plan has been cancelled successfully", false)): null

25-10-2024T02:17:16 - [MESSAGE][PASSED] - Text 'Your payment plan has been cancelled successfully' is present on page 

25-10-2024T02:17:16 - [TEST_STEP][PASSED] - markPassed("Your payment plan has been successfully created and canceled"): Your payment plan has been successfully created and canceled

25-10-2024T02:17:16 - [MESSAGE][PASSED] - Your payment plan has been successfully created and canceled

25-10-2024T02:17:16 - [TEST_STEP][PASSED] - resText = "Pass": null

25-10-2024T02:17:16 - [TEST_STEP][PASSED] - println(row): null

25-10-2024T02:17:16 - [TEST_STEP][PASSED] - pages.WriteExcel.demoKey(resText, datText, resColumn, datCloumn, fileLoc, nameSheet, row): pages.WriteExcel.demoKey is PASSED

25-10-2024T02:17:16 - [MESSAGE][PASSED] - pages.WriteExcel.demoKey is PASSED

25-10-2024T02:17:16 - [TEST_STEP][PASSED] - closeBrowser(): Browser is closed

25-10-2024T02:17:17 - [MESSAGE][PASSED] - Browser is closed]]></system-out>
         <system-err><![CDATA[25-10-2024T02:13:15 - [TEST_CASE][FAILED] - Test Cases/IntegratedWeb/IWP25/Payments/CMCAutoPayPC: Test Cases/IntegratedWeb/IWP25/Payments/CMCAutoPayPC FAILED.
Reason:
com.kms.katalon.core.exception.StepFailedException: Text 'AutoPay' is not present on page  (Root cause: com.kms.katalon.core.exception.StepFailedException: Text 'AutoPay' is not present on page 
	at com.kms.katalon.core.webui.keyword.internal.WebUIKeywordMain.stepFailed(WebUIKeywordMain.groovy:64)
	at com.kms.katalon.core.webui.keyword.builtin.VerifyTextPresentKeyword$_verifyTextPresent_closure1.doCall(VerifyTextPresentKeyword.groovy:79)
	at com.kms.katalon.core.webui.keyword.builtin.VerifyTextPresentKeyword$_verifyTextPresent_closure1.call(VerifyTextPresentKeyword.groovy)
	at com.kms.katalon.core.webui.keyword.internal.WebUIKeywordMain.runKeyword(WebUIKeywordMain.groovy:20)
	at com.kms.katalon.core.webui.keyword.builtin.VerifyTextPresentKeyword.verifyTextPresent(VerifyTextPresentKeyword.groovy:83)
	at com.kms.katalon.core.webui.keyword.builtin.VerifyTextPresentKeyword.execute(VerifyTextPresentKeyword.groovy:68)
	at com.kms.katalon.core.keyword.internal.KeywordExecutor.executeKeywordForPlatform(KeywordExecutor.groovy:74)
	at com.kms.katalon.core.webui.keyword.WebUiBuiltInKeywords.verifyTextPresent(WebUiBuiltInKeywords.groovy:1762)
	at CMCAutoPayPC.run(CMCAutoPayPC:91)
	at com.kms.katalon.core.main.ScriptEngine.run(ScriptEngine.java:194)
	at com.kms.katalon.core.main.ScriptEngine.runScriptAsRawText(ScriptEngine.java:119)
	at com.kms.katalon.core.main.TestCaseExecutor.runScript(TestCaseExecutor.java:448)
	at com.kms.katalon.core.main.TestCaseExecutor.doExecute(TestCaseExecutor.java:439)
	at com.kms.katalon.core.main.TestCaseExecutor.processExecutionPhase(TestCaseExecutor.java:418)
	at com.kms.katalon.core.main.TestCaseExecutor.accessMainPhase(TestCaseExecutor.java:410)
	at com.kms.katalon.core.main.TestCaseExecutor.execute(TestCaseExecutor.java:285)
	at com.kms.katalon.core.common.CommonExecutor.accessTestCaseMainPhase(CommonExecutor.java:65)
	at com.kms.katalon.core.main.TestSuiteExecutor.accessTestSuiteMainPhase(TestSuiteExecutor.java:150)
	at com.kms.katalon.core.main.TestSuiteExecutor.execute(TestSuiteExecutor.java:106)
	at com.kms.katalon.core.main.TestCaseMain.startTestSuite(TestCaseMain.java:180)
	at TempTestSuite1729787045812.run(TempTestSuite1729787045812.groovy:35)
	at java.base/jdk.internal.reflect.NativeMethodAccessorImpl.invoke0(Native Method)
	at java.base/jdk.internal.reflect.NativeMethodAccessorImpl.invoke(NativeMethodAccessorImpl.java:77)
	at java.base/jdk.internal.reflect.DelegatingMethodAccessorImpl.invoke(DelegatingMethodAccessorImpl.java:43)
)
	at com.kms.katalon.core.keyword.internal.KeywordMain.stepFailed(KeywordMain.groovy:39)
	at com.kms.katalon.core.webui.keyword.internal.WebUIKeywordMain.stepFailed(WebUIKeywordMain.groovy:64)
	at com.kms.katalon.core.webui.keyword.builtin.VerifyTextPresentKeyword$_verifyTextPresent_closure1.doCall(VerifyTextPresentKeyword.groovy:79)
	at com.kms.katalon.core.webui.keyword.builtin.VerifyTextPresentKeyword$_verifyTextPresent_closure1.call(VerifyTextPresentKeyword.groovy)
	at com.kms.katalon.core.webui.keyword.internal.WebUIKeywordMain.runKeyword(WebUIKeywordMain.groovy:20)
	at com.kms.katalon.core.webui.keyword.builtin.VerifyTextPresentKeyword.verifyTextPresent(VerifyTextPresentKeyword.groovy:83)
	at com.kms.katalon.core.webui.keyword.builtin.VerifyTextPresentKeyword.execute(VerifyTextPresentKeyword.groovy:68)
	at com.kms.katalon.core.keyword.internal.KeywordExecutor.executeKeywordForPlatform(KeywordExecutor.groovy:74)
	at com.kms.katalon.core.webui.keyword.WebUiBuiltInKeywords.verifyTextPresent(WebUiBuiltInKeywords.groovy:1762)
	at CMCAutoPayPC.run(CMCAutoPayPC:91)
	at com.kms.katalon.core.main.ScriptEngine.run(ScriptEngine.java:194)
	at com.kms.katalon.core.main.ScriptEngine.runScriptAsRawText(ScriptEngine.java:119)
	at com.kms.katalon.core.main.TestCaseExecutor.runScript(TestCaseExecutor.java:448)
	at com.kms.katalon.core.main.TestCaseExecutor.doExecute(TestCaseExecutor.java:439)
	at com.kms.katalon.core.main.TestCaseExecutor.processExecutionPhase(TestCaseExecutor.java:418)
	at com.kms.katalon.core.main.TestCaseExecutor.accessMainPhase(TestCaseExecutor.java:410)
	at com.kms.katalon.core.main.TestCaseExecutor.execute(TestCaseExecutor.java:285)
	at com.kms.katalon.core.common.CommonExecutor.accessTestCaseMainPhase(CommonExecutor.java:65)
	at com.kms.katalon.core.main.TestSuiteExecutor.accessTestSuiteMainPhase(TestSuiteExecutor.java:150)
	at com.kms.katalon.core.main.TestSuiteExecutor.execute(TestSuiteExecutor.java:106)
	at com.kms.katalon.core.main.TestCaseMain.startTestSuite(TestCaseMain.java:180)
	at TempTestSuite1729787045812.run(TempTestSuite1729787045812.groovy:35)
	at java.base/jdk.internal.reflect.NativeMethodAccessorImpl.invoke0(Native Method)
	at java.base/jdk.internal.reflect.NativeMethodAccessorImpl.invoke(NativeMethodAccessorImpl.java:77)
	at java.base/jdk.internal.reflect.DelegatingMethodAccessorImpl.invoke(DelegatingMethodAccessorImpl.java:43)
Caused by: com.kms.katalon.core.exception.StepFailedException: Text 'AutoPay' is not present on page 
	... 24 more]]></system-err>
      </testcase>
      <testcase name="Test Cases/IntegratedWeb/IWP25/Payments/CMCAutoPayPS" time="238.437" classname="Test Cases/IntegratedWeb/IWP25/Payments/CMCAutoPayPS" status="FAILED">
         <failure type="FAILED" message="Test Cases/IntegratedWeb/IWP25/Payments/CMCAutoPayPS FAILED.&#xa;Reason:&#xa;com.kms.katalon.core.exception.StepFailedException: Text 'AutoPay' is not present on page  (Root cause: com.kms.katalon.core.exception.StepFailedException: Text 'AutoPay' is not present on page &#xa;	at com.kms.katalon.core.webui.keyword.internal.WebUIKeywordMain.stepFailed(WebUIKeywordMain.groovy:64)&#xa;	at com.kms.katalon.core.webui.keyword.builtin.VerifyTextPresentKeyword$_verifyTextPresent_closure1.doCall(VerifyTextPresentKeyword.groovy:79)&#xa;	at com.kms.katalon.core.webui.keyword.builtin.VerifyTextPresentKeyword$_verifyTextPresent_closure1.call(VerifyTextPresentKeyword.groovy)&#xa;	at com.kms.katalon.core.webui.keyword.internal.WebUIKeywordMain.runKeyword(WebUIKeywordMain.groovy:20)&#xa;	at com.kms.katalon.core.webui.keyword.builtin.VerifyTextPresentKeyword.verifyTextPresent(VerifyTextPresentKeyword.groovy:83)&#xa;	at com.kms.katalon.core.webui.keyword.builtin.VerifyTextPresentKeyword.execute(VerifyTextPresentKeyword.groovy:68)&#xa;	at com.kms.katalon.core.keyword.internal.KeywordExecutor.executeKeywordForPlatform(KeywordExecutor.groovy:74)&#xa;	at com.kms.katalon.core.webui.keyword.WebUiBuiltInKeywords.verifyTextPresent(WebUiBuiltInKeywords.groovy:1762)&#xa;	at CMCAutoPayPS.run(CMCAutoPayPS:91)&#xa;	at com.kms.katalon.core.main.ScriptEngine.run(ScriptEngine.java:194)&#xa;	at com.kms.katalon.core.main.ScriptEngine.runScriptAsRawText(ScriptEngine.java:119)&#xa;	at com.kms.katalon.core.main.TestCaseExecutor.runScript(TestCaseExecutor.java:448)&#xa;	at com.kms.katalon.core.main.TestCaseExecutor.doExecute(TestCaseExecutor.java:439)&#xa;	at com.kms.katalon.core.main.TestCaseExecutor.processExecutionPhase(TestCaseExecutor.java:418)&#xa;	at com.kms.katalon.core.main.TestCaseExecutor.accessMainPhase(TestCaseExecutor.java:410)&#xa;	at com.kms.katalon.core.main.TestCaseExecutor.execute(TestCaseExecutor.java:285)&#xa;	at com.kms.katalon.core.common.CommonExecutor.accessTestCaseMainPhase(CommonExecutor.java:65)&#xa;	at com.kms.katalon.core.main.TestSuiteExecutor.accessTestSuiteMainPhase(TestSuiteExecutor.java:150)&#xa;	at com.kms.katalon.core.main.TestSuiteExecutor.execute(TestSuiteExecutor.java:106)&#xa;	at com.kms.katalon.core.main.TestCaseMain.startTestSuite(TestCaseMain.java:180)&#xa;	at TempTestSuite1729787045812.run(TempTestSuite1729787045812.groovy:35)&#xa;	at java.base/jdk.internal.reflect.NativeMethodAccessorImpl.invoke0(Native Method)&#xa;	at java.base/jdk.internal.reflect.NativeMethodAccessorImpl.invoke(NativeMethodAccessorImpl.java:77)&#xa;	at java.base/jdk.internal.reflect.DelegatingMethodAccessorImpl.invoke(DelegatingMethodAccessorImpl.java:43)&#xa;)&#xa;	at com.kms.katalon.core.keyword.internal.KeywordMain.stepFailed(KeywordMain.groovy:39)&#xa;	at com.kms.katalon.core.webui.keyword.internal.WebUIKeywordMain.stepFailed(WebUIKeywordMain.groovy:64)&#xa;	at com.kms.katalon.core.webui.keyword.builtin.VerifyTextPresentKeyword$_verifyTextPresent_closure1.doCall(VerifyTextPresentKeyword.groovy:79)&#xa;	at com.kms.katalon.core.webui.keyword.builtin.VerifyTextPresentKeyword$_verifyTextPresent_closure1.call(VerifyTextPresentKeyword.groovy)&#xa;	at com.kms.katalon.core.webui.keyword.internal.WebUIKeywordMain.runKeyword(WebUIKeywordMain.groovy:20)&#xa;	at com.kms.katalon.core.webui.keyword.builtin.VerifyTextPresentKeyword.verifyTextPresent(VerifyTextPresentKeyword.groovy:83)&#xa;	at com.kms.katalon.core.webui.keyword.builtin.VerifyTextPresentKeyword.execute(VerifyTextPresentKeyword.groovy:68)&#xa;	at com.kms.katalon.core.keyword.internal.KeywordExecutor.executeKeywordForPlatform(KeywordExecutor.groovy:74)&#xa;	at com.kms.katalon.core.webui.keyword.WebUiBuiltInKeywords.verifyTextPresent(WebUiBuiltInKeywords.groovy:1762)&#xa;	at CMCAutoPayPS.run(CMCAutoPayPS:91)&#xa;	at com.kms.katalon.core.main.ScriptEngine.run(ScriptEngine.java:194)&#xa;	at com.kms.katalon.core.main.ScriptEngine.runScriptAsRawText(ScriptEngine.java:119)&#xa;	at com.kms.katalon.core.main.TestCaseExecutor.runScript(TestCaseExecutor.java:448)&#xa;	at com.kms.katalon.core.main.TestCaseExecutor.doExecute(TestCaseExecutor.java:439)&#xa;	at com.kms.katalon.core.main.TestCaseExecutor.processExecutionPhase(TestCaseExecutor.java:418)&#xa;	at com.kms.katalon.core.main.TestCaseExecutor.accessMainPhase(TestCaseExecutor.java:410)&#xa;	at com.kms.katalon.core.main.TestCaseExecutor.execute(TestCaseExecutor.java:285)&#xa;	at com.kms.katalon.core.common.CommonExecutor.accessTestCaseMainPhase(CommonExecutor.java:65)&#xa;	at com.kms.katalon.core.main.TestSuiteExecutor.accessTestSuiteMainPhase(TestSuiteExecutor.java:150)&#xa;	at com.kms.katalon.core.main.TestSuiteExecutor.execute(TestSuiteExecutor.java:106)&#xa;	at com.kms.katalon.core.main.TestCaseMain.startTestSuite(TestCaseMain.java:180)&#xa;	at TempTestSuite1729787045812.run(TempTestSuite1729787045812.groovy:35)&#xa;	at java.base/jdk.internal.reflect.NativeMethodAccessorImpl.invoke0(Native Method)&#xa;	at java.base/jdk.internal.reflect.NativeMethodAccessorImpl.invoke(NativeMethodAccessorImpl.java:77)&#xa;	at java.base/jdk.internal.reflect.DelegatingMethodAccessorImpl.invoke(DelegatingMethodAccessorImpl.java:43)&#xa;Caused by: com.kms.katalon.core.exception.StepFailedException: Text 'AutoPay' is not present on page &#xa;	... 24 more&#xa;"/>
         <system-out><![CDATA[25-10-2024T02:17:17 - [TEST_CASE][FAILED] - Test Cases/IntegratedWeb/IWP25/Payments/CMCAutoPayPS: Test Cases/IntegratedWeb/IWP25/Payments/CMCAutoPayPS FAILED.
Reason:
com.kms.katalon.core.exception.StepFailedException: Text 'AutoPay' is not present on page  (Root cause: com.kms.katalon.core.exception.StepFailedException: Text 'AutoPay' is not present on page 
	at com.kms.katalon.core.webui.keyword.internal.WebUIKeywordMain.stepFailed(WebUIKeywordMain.groovy:64)
	at com.kms.katalon.core.webui.keyword.builtin.VerifyTextPresentKeyword$_verifyTextPresent_closure1.doCall(VerifyTextPresentKeyword.groovy:79)
	at com.kms.katalon.core.webui.keyword.builtin.VerifyTextPresentKeyword$_verifyTextPresent_closure1.call(VerifyTextPresentKeyword.groovy)
	at com.kms.katalon.core.webui.keyword.internal.WebUIKeywordMain.runKeyword(WebUIKeywordMain.groovy:20)
	at com.kms.katalon.core.webui.keyword.builtin.VerifyTextPresentKeyword.verifyTextPresent(VerifyTextPresentKeyword.groovy:83)
	at com.kms.katalon.core.webui.keyword.builtin.VerifyTextPresentKeyword.execute(VerifyTextPresentKeyword.groovy:68)
	at com.kms.katalon.core.keyword.internal.KeywordExecutor.executeKeywordForPlatform(KeywordExecutor.groovy:74)
	at com.kms.katalon.core.webui.keyword.WebUiBuiltInKeywords.verifyTextPresent(WebUiBuiltInKeywords.groovy:1762)
	at CMCAutoPayPS.run(CMCAutoPayPS:91)
	at com.kms.katalon.core.main.ScriptEngine.run(ScriptEngine.java:194)
	at com.kms.katalon.core.main.ScriptEngine.runScriptAsRawText(ScriptEngine.java:119)
	at com.kms.katalon.core.main.TestCaseExecutor.runScript(TestCaseExecutor.java:448)
	at com.kms.katalon.core.main.TestCaseExecutor.doExecute(TestCaseExecutor.java:439)
	at com.kms.katalon.core.main.TestCaseExecutor.processExecutionPhase(TestCaseExecutor.java:418)
	at com.kms.katalon.core.main.TestCaseExecutor.accessMainPhase(TestCaseExecutor.java:410)
	at com.kms.katalon.core.main.TestCaseExecutor.execute(TestCaseExecutor.java:285)
	at com.kms.katalon.core.common.CommonExecutor.accessTestCaseMainPhase(CommonExecutor.java:65)
	at com.kms.katalon.core.main.TestSuiteExecutor.accessTestSuiteMainPhase(TestSuiteExecutor.java:150)
	at com.kms.katalon.core.main.TestSuiteExecutor.execute(TestSuiteExecutor.java:106)
	at com.kms.katalon.core.main.TestCaseMain.startTestSuite(TestCaseMain.java:180)
	at TempTestSuite1729787045812.run(TempTestSuite1729787045812.groovy:35)
	at java.base/jdk.internal.reflect.NativeMethodAccessorImpl.invoke0(Native Method)
	at java.base/jdk.internal.reflect.NativeMethodAccessorImpl.invoke(NativeMethodAccessorImpl.java:77)
	at java.base/jdk.internal.reflect.DelegatingMethodAccessorImpl.invoke(DelegatingMethodAccessorImpl.java:43)
)
	at com.kms.katalon.core.keyword.internal.KeywordMain.stepFailed(KeywordMain.groovy:39)
	at com.kms.katalon.core.webui.keyword.internal.WebUIKeywordMain.stepFailed(WebUIKeywordMain.groovy:64)
	at com.kms.katalon.core.webui.keyword.builtin.VerifyTextPresentKeyword$_verifyTextPresent_closure1.doCall(VerifyTextPresentKeyword.groovy:79)
	at com.kms.katalon.core.webui.keyword.builtin.VerifyTextPresentKeyword$_verifyTextPresent_closure1.call(VerifyTextPresentKeyword.groovy)
	at com.kms.katalon.core.webui.keyword.internal.WebUIKeywordMain.runKeyword(WebUIKeywordMain.groovy:20)
	at com.kms.katalon.core.webui.keyword.builtin.VerifyTextPresentKeyword.verifyTextPresent(VerifyTextPresentKeyword.groovy:83)
	at com.kms.katalon.core.webui.keyword.builtin.VerifyTextPresentKeyword.execute(VerifyTextPresentKeyword.groovy:68)
	at com.kms.katalon.core.keyword.internal.KeywordExecutor.executeKeywordForPlatform(KeywordExecutor.groovy:74)
	at com.kms.katalon.core.webui.keyword.WebUiBuiltInKeywords.verifyTextPresent(WebUiBuiltInKeywords.groovy:1762)
	at CMCAutoPayPS.run(CMCAutoPayPS:91)
	at com.kms.katalon.core.main.ScriptEngine.run(ScriptEngine.java:194)
	at com.kms.katalon.core.main.ScriptEngine.runScriptAsRawText(ScriptEngine.java:119)
	at com.kms.katalon.core.main.TestCaseExecutor.runScript(TestCaseExecutor.java:448)
	at com.kms.katalon.core.main.TestCaseExecutor.doExecute(TestCaseExecutor.java:439)
	at com.kms.katalon.core.main.TestCaseExecutor.processExecutionPhase(TestCaseExecutor.java:418)
	at com.kms.katalon.core.main.TestCaseExecutor.accessMainPhase(TestCaseExecutor.java:410)
	at com.kms.katalon.core.main.TestCaseExecutor.execute(TestCaseExecutor.java:285)
	at com.kms.katalon.core.common.CommonExecutor.accessTestCaseMainPhase(CommonExecutor.java:65)
	at com.kms.katalon.core.main.TestSuiteExecutor.accessTestSuiteMainPhase(TestSuiteExecutor.java:150)
	at com.kms.katalon.core.main.TestSuiteExecutor.execute(TestSuiteExecutor.java:106)
	at com.kms.katalon.core.main.TestCaseMain.startTestSuite(TestCaseMain.java:180)
	at TempTestSuite1729787045812.run(TempTestSuite1729787045812.groovy:35)
	at java.base/jdk.internal.reflect.NativeMethodAccessorImpl.invoke0(Native Method)
	at java.base/jdk.internal.reflect.NativeMethodAccessorImpl.invoke(NativeMethodAccessorImpl.java:77)
	at java.base/jdk.internal.reflect.DelegatingMethodAccessorImpl.invoke(DelegatingMethodAccessorImpl.java:43)
Caused by: com.kms.katalon.core.exception.StepFailedException: Text 'AutoPay' is not present on page 
	... 24 more


25-10-2024T02:17:17 - [TEST_STEP][PASSED] - resText = "Fail": null

25-10-2024T02:17:17 - [TEST_STEP][PASSED] - resColumn = "Result": null

25-10-2024T02:17:17 - [TEST_STEP][PASSED] - datCloumn = "Date": null

25-10-2024T02:17:17 - [TEST_STEP][PASSED] - fileLoc = "KatalonData/IWPTestData/VRelay25PaymentsExtension.xlsx": null

25-10-2024T02:17:17 - [TEST_STEP][PASSED] - numOfRows = <not implemented yet for class: org.codehaus.groovy.ast.expr.EmptyExpression>: null

25-10-2024T02:17:17 - [TEST_STEP][PASSED] - dataFile = <not implemented yet for class: org.codehaus.groovy.ast.expr.EmptyExpression>: null

25-10-2024T02:17:17 - [TEST_STEP][PASSED] - nameSheet = <not implemented yet for class: org.codehaus.groovy.ast.expr.EmptyExpression>: null

25-10-2024T02:17:17 - [TEST_STEP][PASSED] - dataFileEmulator = <not implemented yet for class: org.codehaus.groovy.ast.expr.EmptyExpression>: null

25-10-2024T02:17:17 - [TEST_STEP][PASSED] - isRequiredTextPresent = false: null

25-10-2024T02:17:17 - [TEST_STEP][PASSED] - nameSheet = "CMCAutoPayPlanPS": null

25-10-2024T02:17:17 - [TEST_STEP][PASSED] - dataFile = getExcelDataWithDefaultSheet("KatalonData/IWPTestData/VRelay25PaymentsExtension.xlsx", nameSheet, true): null

25-10-2024T02:17:17 - [TEST_STEP][PASSED] - dataFileEmulator = "IWPTestData/EmulatorData": null

25-10-2024T02:17:17 - [TEST_STEP][PASSED] - numOfRows = dataFile.getRowNumbers(): null

25-10-2024T02:17:17 - [TEST_STEP][PASSED] - println("Number of Records: " + numOfRows): null

25-10-2024T02:17:17 - [TEST_STEP][FAILED] - for ([row = 1, row <= numOfRows, (row++)]): null

25-10-2024T02:17:17 - [TEST_STEP][PASSED] - ExecuteTC = dataFile.getValue("Execute", row): null

25-10-2024T02:17:17 - [TEST_STEP][PASSED] - out.println("Value of Execute is : " + ExecuteTC): null

25-10-2024T02:17:17 - [TEST_STEP][FAILED] - if (ExecuteTC.equalsIgnoreCase("Y")): null

25-10-2024T02:17:17 - [TEST_STEP][PASSED] - out.println("Begin Record Number: " + row): null

25-10-2024T02:17:17 - [TEST_STEP][PASSED] - today = new java.util.Date(): null

25-10-2024T02:17:17 - [TEST_STEP][PASSED] - println(today): null

25-10-2024T02:17:17 - [TEST_STEP][PASSED] - datText = today: null

25-10-2024T02:17:17 - [TEST_STEP][PASSED] - EmulatorDataKey = dataFile.getValue("EmulatorData", row): null

25-10-2024T02:17:17 - [TEST_STEP][PASSED] - out.println("Value of Emulator Key is : " + EmulatorDataKey): null

25-10-2024T02:17:17 - [TEST_STEP][PASSED] - iwpPages.emulatorIWP30.setDataEmulator_DD(EmulatorDataKey): iwpPages.emulatorIWP30.setDataEmulator_DD is PASSED

25-10-2024T02:17:17 - [MESSAGE][INFO] - Starting 'Edge Chromium' driver

25-10-2024T02:17:17 - [MESSAGE][INFO] - User set preference: ['acceptInsecureCerts', 'true']

25-10-2024T02:17:19 - [MESSAGE][INFO] - Action delay is set to 0 milliseconds

25-10-2024T02:17:23 - [MESSAGE][PASSED] - Browser is opened with url: 'https://qa2.velocitypayment.com/agencyx/config.action?action=editor&message_version=2_5'

25-10-2024T02:17:23 - [MESSAGE][PASSED] - Current window maximized

25-10-2024T02:17:54 - [MESSAGE][INFO] - Unable to find the element located by 'By.xpath: //select[@name='message_version']'. Please recheck the objects properties to make sure the desired element is located. 

25-10-2024T02:17:54 - [MESSAGE][WARNING] - [SELF-HEALING] Failed to find element with id 'Object Repository/IWP30/Page_VRelay30Emulator/MV'. Try using Self-healing.

25-10-2024T02:17:54 - [MESSAGE][WARNING] - [SELF-HEALING] The current locator of test object 'Object Repository/IWP30/Page_VRelay30Emulator/MV' was broken. Propose an alternative one: '(.//*[normalize-space(text()) and normalize-space(.)='Message Version'])[1]/following::select[1]'.

25-10-2024T02:17:55 - [MESSAGE][PASSED] - All options with value '2.5' are selected in object 'Object Repository/IWP30/Page_VRelay30Emulator/MV'  using regular expression

25-10-2024T02:17:56 - [MESSAGE][PASSED] - Text '10.50' is set on object 'Object Repository/IWP30/Page_EmulatorAgencyX/Amount'

25-10-2024T02:17:56 - [MESSAGE][PASSED] - Text 'XA86067wBuds' is set on object 'Object Repository/IWP30/Page_EmulatorAgencyX/CAN'

25-10-2024T02:17:57 - [MESSAGE][PASSED] - Text 'AutoPay' is set on object 'Object Repository/IWP30/Page_EmulatorAgencyX/Action'

25-10-2024T02:17:57 - [MESSAGE][PASSED] - Text 'en_US' is set on object 'Object Repository/IWP30/Page_EmulatorAgencyX/Lang'

25-10-2024T02:17:58 - [MESSAGE][PASSED] - Text '' is set on object 'Object Repository/IWP30/Page_EmulatorAgencyX/Fname'

25-10-2024T02:17:58 - [MESSAGE][PASSED] - Text '' is set on object 'Object Repository/IWP30/Page_EmulatorAgencyX/Lname'

25-10-2024T02:17:59 - [MESSAGE][PASSED] - Text '' is set on object 'Object Repository/IWP30/Page_EmulatorAgencyX/AL1'

25-10-2024T02:18:00 - [MESSAGE][PASSED] - Text '' is set on object 'Object Repository/IWP30/Page_EmulatorAgencyX/AL2'

25-10-2024T02:18:00 - [MESSAGE][PASSED] - Text '' is set on object 'Object Repository/IWP30/Page_EmulatorAgencyX/Country'

25-10-2024T02:18:01 - [MESSAGE][PASSED] - Text '' is set on object 'Object Repository/IWP30/Page_EmulatorAgencyX/City'

25-10-2024T02:18:01 - [MESSAGE][PASSED] - Text '' is set on object 'Object Repository/IWP30/Page_EmulatorAgencyX/State'

25-10-2024T02:18:02 - [MESSAGE][PASSED] - Text '' is set on object 'Object Repository/IWP30/Page_EmulatorAgencyX/ZIP'

25-10-2024T02:18:02 - [MESSAGE][PASSED] - Text '' is set on object 'Object Repository/IWP30/Page_EmulatorAgencyX/Order'

25-10-2024T02:18:03 - [MESSAGE][PASSED] - Text '' is set on object 'Object Repository/IWP30/Page_EmulatorAgencyX/Company'

25-10-2024T02:18:04 - [MESSAGE][PASSED] - Text '' is set on object 'Object Repository/IWP30/Page_EmulatorAgencyX/Email'

25-10-2024T02:18:04 - [MESSAGE][PASSED] - Text '' is set on object 'Object Repository/IWP30/Page_EmulatorAgencyX/UDF1'

25-10-2024T02:18:05 - [MESSAGE][PASSED] - Text '' is set on object 'Object Repository/IWP30/Page_EmulatorAgencyX/UDF2'

25-10-2024T02:18:05 - [MESSAGE][PASSED] - Text '' is set on object 'Object Repository/IWP30/Page_EmulatorAgencyX/UDF3'

25-10-2024T02:18:06 - [MESSAGE][PASSED] - Text 'udf data 4' is set on object 'Object Repository/IWP30/Page_EmulatorAgencyX/UDF4'

25-10-2024T02:18:06 - [MESSAGE][PASSED] - Text 'udf data 5' is set on object 'Object Repository/IWP30/Page_EmulatorAgencyX/UDF5'

25-10-2024T02:18:07 - [MESSAGE][PASSED] - Text '' is set on object 'Object Repository/IWP30/Page_EmulatorAgencyX/UDF6'

25-10-2024T02:18:08 - [MESSAGE][PASSED] - Text '' is set on object 'Object Repository/IWP30/Page_EmulatorAgencyX/UDF7'

25-10-2024T02:18:08 - [MESSAGE][PASSED] - Text '' is set on object 'Object Repository/IWP30/Page_EmulatorAgencyX/UDF8'

25-10-2024T02:18:09 - [MESSAGE][PASSED] - Text 'udf data 9' is set on object 'Object Repository/IWP30/Page_EmulatorAgencyX/UDF9'

25-10-2024T02:18:09 - [MESSAGE][PASSED] - Text 'udf data 10' is set on object 'Object Repository/IWP30/Page_EmulatorAgencyX/UDF10'

25-10-2024T02:18:11 - [MESSAGE][PASSED] - Object: 'Object Repository/IWP30/Page_EmulatorAgencyX/Submit' is clicked on

25-10-2024T02:18:15 - [MESSAGE][PASSED] - Browser is closed

25-10-2024T02:18:19 - [MESSAGE][PASSED] - iwpPages.emulatorIWP30.setDataEmulator_DD is PASSED

25-10-2024T02:18:19 - [TEST_STEP][PASSED] - testHarnessURL = urlTestHarness: null

25-10-2024T02:18:19 - [TEST_STEP][PASSED] - openBrowser(testHarnessURL): Browser is opened with url: 'https://dev-algorithm.govolution.com/vrelaytest/QA2/version_2_2/vrelaytest.html'

25-10-2024T02:18:19 - [MESSAGE][INFO] - Starting 'Edge Chromium' driver

25-10-2024T02:18:19 - [MESSAGE][INFO] - User set preference: ['acceptInsecureCerts', 'true']

25-10-2024T02:18:21 - [MESSAGE][INFO] - Action delay is set to 0 milliseconds

25-10-2024T02:18:25 - [MESSAGE][PASSED] - Browser is opened with url: 'https://dev-algorithm.govolution.com/vrelaytest/QA2/version_2_2/vrelaytest.html'

25-10-2024T02:18:25 - [TEST_STEP][PASSED] - maximizeWindow(): Current window maximized

25-10-2024T02:18:25 - [MESSAGE][PASSED] - Current window maximized

25-10-2024T02:18:25 - [TEST_STEP][PASSED] - iwpPages.TestHarnessPage.setDataMethodEF(row, dataFile): iwpPages.TestHarnessPage.setDataMethodEF is PASSED

25-10-2024T02:18:25 - [MESSAGE][PASSED] - Object 'Object Repository/IWP30/Page_QATestHarness/RemittanceID' is present

25-10-2024T02:18:26 - [MESSAGE][PASSED] - Text '638' is set on object 'Object Repository/IWP30/Page_QATestHarness/ApplicationID'

25-10-2024T02:18:26 - [MESSAGE][PASSED] - Text '2.5' is set on object 'Object Repository/IWP30/Page_QATestHarness/MessageVersion'

25-10-2024T02:18:27 - [MESSAGE][PASSED] - Text 'jy8DvpPiogFe' is set on object 'Object Repository/IWP30/Page_QATestHarness/RemittanceID'

25-10-2024T02:18:30 - [MESSAGE][PASSED] - Object: 'Object Repository/IWP30/Page_QATestHarness/SubmitButton' is clicked on

25-10-2024T02:18:30 - [MESSAGE][PASSED] - iwpPages.TestHarnessPage.setDataMethodEF is PASSED

25-10-2024T02:18:30 - [TEST_STEP][PASSED] - click(findTestObject("Object Repository/IWP30/Page_SelectPaymentMethod/PayByPersonalCheck")): Object: 'Object Repository/IWP30/Page_SelectPaymentMethod/PayByPersonalCheck' is clicked on

25-10-2024T02:18:31 - [MESSAGE][PASSED] - Object: 'Object Repository/IWP30/Page_SelectPaymentMethod/PayByPersonalCheck' is clicked on

25-10-2024T02:18:31 - [TEST_STEP][PASSED] - click(findTestObject("Object Repository/IWP30/Page_SelectPaymentMethod/MakePaymentButton")): Object: 'Object Repository/IWP30/Page_SelectPaymentMethod/MakePaymentButton' is clicked on

25-10-2024T02:18:34 - [MESSAGE][PASSED] - Object: 'Object Repository/IWP30/Page_SelectPaymentMethod/MakePaymentButton' is clicked on

25-10-2024T02:18:34 - [TEST_STEP][PASSED] - iwpPages.achPersonalPaymentEntryPage.setDataACHPPM(row, dataFile): iwpPages.achPersonalPaymentEntryPage.setDataACHPPM is PASSED

25-10-2024T02:18:34 - [MESSAGE][PASSED] - Object 'Object Repository/IWP30/Page_ACHPersonalPaymentEntry/txt_accountNumber' is present

25-10-2024T02:18:34 - [MESSAGE][PASSED] - Object 'Object Repository/IWP30/Page_ACHPersonalPaymentEntry/txt_UDF2' is present

25-10-2024T02:18:35 - [MESSAGE][PASSED] - Text 'udf data 2' is set on object 'Object Repository/IWP30/Page_ACHPersonalPaymentEntry/txt_UDF2'

25-10-2024T02:18:36 - [MESSAGE][PASSED] - Text 'udf data 3' is set on object 'Object Repository/IWP30/Page_ACHPersonalPaymentEntry/txt_UDF3'

25-10-2024T02:18:36 - [MESSAGE][PASSED] - All options with label 'Orange' are selected in object 'Object Repository/IWP30/Page_ACHPersonalPaymentEntry/dd_UDF7' 

25-10-2024T02:18:37 - [MESSAGE][PASSED] - All options with label 'Soccer' are selected in object 'Object Repository/IWP30/Page_ACHPersonalPaymentEntry/dd_UDF8' 

25-10-2024T02:18:37 - [MESSAGE][PASSED] - Object 'Object Repository/IWP30/Page_ACHPersonalPaymentEntry/txt_Firstname' is present

25-10-2024T02:18:38 - [MESSAGE][PASSED] - Text 'Elizath' is set on object 'Object Repository/IWP30/Page_ACHPersonalPaymentEntry/txt_Firstname'

25-10-2024T02:18:38 - [MESSAGE][PASSED] - Object 'Object Repository/IWP30/Page_ACHPersonalPaymentEntry/txt_Lastname' is present

25-10-2024T02:18:39 - [MESSAGE][PASSED] - Text 'Christine' is set on object 'Object Repository/IWP30/Page_ACHPersonalPaymentEntry/txt_Lastname'

25-10-2024T02:18:39 - [MESSAGE][PASSED] - Object 'Object Repository/IWP30/Page_ACHPersonalPaymentEntry/txt_routingNumber' is present

25-10-2024T02:18:39 - [MESSAGE][PASSED] - Text '256072691' is set on object 'Object Repository/IWP30/Page_ACHPersonalPaymentEntry/txt_routingNumber'

25-10-2024T02:18:40 - [MESSAGE][PASSED] - Object 'Object Repository/IWP30/Page_ACHPersonalPaymentEntry/txt_accountNumber' is present

25-10-2024T02:18:41 - [MESSAGE][PASSED] - Text '12344444' is set on object 'Object Repository/IWP30/Page_ACHPersonalPaymentEntry/txt_accountNumber'

25-10-2024T02:18:41 - [MESSAGE][PASSED] - Object 'Object Repository/IWP30/Page_ACHPersonalPaymentEntry/txt_confirmAccountNumber' is present

25-10-2024T02:18:42 - [MESSAGE][PASSED] - Text '12344444' is set on object 'Object Repository/IWP30/Page_ACHPersonalPaymentEntry/txt_confirmAccountNumber'

25-10-2024T02:18:42 - [MESSAGE][PASSED] - Object 'Object Repository/IWP30/Page_ACHPersonalPaymentEntry/rd_accountType' is present

25-10-2024T02:18:42 - [MESSAGE][PASSED] - Modify property of object successfully

25-10-2024T02:18:43 - [MESSAGE][PASSED] - Object: 'Object Repository/IWP30/Page_ACHPersonalPaymentEntry/rd_accountType' is clicked on

25-10-2024T02:18:43 - [MESSAGE][PASSED] - Text '365 Main Avenue' is set on object 'Object Repository/IWP30/Page_ACHPersonalPaymentEntry/txt_AL1'

25-10-2024T02:18:44 - [MESSAGE][PASSED] - Text '22201' is set on object 'Object Repository/IWP30/Page_ACHPersonalPaymentEntry/txt_ZIP'

25-10-2024T02:18:44 - [MESSAGE][PASSED] - Object 'Object Repository/IWP30/Page_ACHPersonalPaymentEntry/txt_Email' is present

25-10-2024T02:18:46 - [MESSAGE][PASSED] - Text 'iahmed@govolution.com' is set on object 'Object Repository/IWP30/Page_ACHPersonalPaymentEntry/txt_Email'

25-10-2024T02:18:46 - [MESSAGE][PASSED] - Object 'Object Repository/IWP30/Page_ACHPersonalPaymentEntry/cb_TermsAndCond' is present

25-10-2024T02:18:46 - [MESSAGE][PASSED] - Object: 'Object Repository/IWP30/Page_ACHPersonalPaymentEntry/cb_TermsAndCond' is clicked on

25-10-2024T02:18:46 - [MESSAGE][PASSED] - Object 'Object Repository/IWP30/Page_ACHPersonalPaymentEntry/btn_Continue' is present

25-10-2024T02:18:48 - [MESSAGE][PASSED] - Object: 'Object Repository/IWP30/Page_ACHPersonalPaymentEntry/btn_Continue' is clicked on

25-10-2024T02:18:48 - [MESSAGE][PASSED] - iwpPages.achPersonalPaymentEntryPage.setDataACHPPM is PASSED

25-10-2024T02:18:48 - [TEST_STEP][PASSED] - click(findTestObject("Object Repository/IWP30/Page_Confirmation/ConfirmButton")): Object: 'Object Repository/IWP30/Page_Confirmation/ConfirmButton' is clicked on

25-10-2024T02:18:50 - [MESSAGE][PASSED] - Object: 'Object Repository/IWP30/Page_Confirmation/ConfirmButton' is clicked on

25-10-2024T02:18:50 - [TEST_STEP][PASSED] - Thread.sleep(2000): null

25-10-2024T02:18:52 - [TEST_STEP][FAILED] - if (verifyTextPresent("AutoPay", false)): Text 'AutoPay' is not present on page  (Root cause: com.kms.katalon.core.exception.StepFailedException: Text 'AutoPay' is not present on page 
	at com.kms.katalon.core.webui.keyword.internal.WebUIKeywordMain.stepFailed(WebUIKeywordMain.groovy:64)
	at com.kms.katalon.core.webui.keyword.builtin.VerifyTextPresentKeyword$_verifyTextPresent_closure1.doCall(VerifyTextPresentKeyword.groovy:79)
	at com.kms.katalon.core.webui.keyword.builtin.VerifyTextPresentKeyword$_verifyTextPresent_closure1.call(VerifyTextPresentKeyword.groovy)
	at com.kms.katalon.core.webui.keyword.internal.WebUIKeywordMain.runKeyword(WebUIKeywordMain.groovy:20)
	at com.kms.katalon.core.webui.keyword.builtin.VerifyTextPresentKeyword.verifyTextPresent(VerifyTextPresentKeyword.groovy:83)
	at com.kms.katalon.core.webui.keyword.builtin.VerifyTextPresentKeyword.execute(VerifyTextPresentKeyword.groovy:68)
	at com.kms.katalon.core.keyword.internal.KeywordExecutor.executeKeywordForPlatform(KeywordExecutor.groovy:74)
	at com.kms.katalon.core.webui.keyword.WebUiBuiltInKeywords.verifyTextPresent(WebUiBuiltInKeywords.groovy:1762)
	at CMCAutoPayPS.run(CMCAutoPayPS:91)
	at com.kms.katalon.core.main.ScriptEngine.run(ScriptEngine.java:194)
	at com.kms.katalon.core.main.ScriptEngine.runScriptAsRawText(ScriptEngine.java:119)
	at com.kms.katalon.core.main.TestCaseExecutor.runScript(TestCaseExecutor.java:448)
	at com.kms.katalon.core.main.TestCaseExecutor.doExecute(TestCaseExecutor.java:439)
	at com.kms.katalon.core.main.TestCaseExecutor.processExecutionPhase(TestCaseExecutor.java:418)
	at com.kms.katalon.core.main.TestCaseExecutor.accessMainPhase(TestCaseExecutor.java:410)
	at com.kms.katalon.core.main.TestCaseExecutor.execute(TestCaseExecutor.java:285)
	at com.kms.katalon.core.common.CommonExecutor.accessTestCaseMainPhase(CommonExecutor.java:65)
	at com.kms.katalon.core.main.TestSuiteExecutor.accessTestSuiteMainPhase(TestSuiteExecutor.java:150)
	at com.kms.katalon.core.main.TestSuiteExecutor.execute(TestSuiteExecutor.java:106)
	at com.kms.katalon.core.main.TestCaseMain.startTestSuite(TestCaseMain.java:180)
	at TempTestSuite1729787045812.run(TempTestSuite1729787045812.groovy:35)
	at java.base/jdk.internal.reflect.NativeMethodAccessorImpl.invoke0(Native Method)
	at java.base/jdk.internal.reflect.NativeMethodAccessorImpl.invoke(NativeMethodAccessorImpl.java:77)
	at java.base/jdk.internal.reflect.DelegatingMethodAccessorImpl.invoke(DelegatingMethodAccessorImpl.java:43)
)

25-10-2024T02:18:52 - [MESSAGE][FAILED] - Text 'AutoPay' is not present on page  (Root cause: com.kms.katalon.core.exception.StepFailedException: Text 'AutoPay' is not present on page 
	at com.kms.katalon.core.webui.keyword.internal.WebUIKeywordMain.stepFailed(WebUIKeywordMain.groovy:64)
	at com.kms.katalon.core.webui.keyword.builtin.VerifyTextPresentKeyword$_verifyTextPresent_closure1.doCall(VerifyTextPresentKeyword.groovy:79)
	at com.kms.katalon.core.webui.keyword.builtin.VerifyTextPresentKeyword$_verifyTextPresent_closure1.call(VerifyTextPresentKeyword.groovy)
	at com.kms.katalon.core.webui.keyword.internal.WebUIKeywordMain.runKeyword(WebUIKeywordMain.groovy:20)
	at com.kms.katalon.core.webui.keyword.builtin.VerifyTextPresentKeyword.verifyTextPresent(VerifyTextPresentKeyword.groovy:83)
	at com.kms.katalon.core.webui.keyword.builtin.VerifyTextPresentKeyword.execute(VerifyTextPresentKeyword.groovy:68)
	at com.kms.katalon.core.keyword.internal.KeywordExecutor.executeKeywordForPlatform(KeywordExecutor.groovy:74)
	at com.kms.katalon.core.webui.keyword.WebUiBuiltInKeywords.verifyTextPresent(WebUiBuiltInKeywords.groovy:1762)
	at CMCAutoPayPS.run(CMCAutoPayPS:91)
	at com.kms.katalon.core.main.ScriptEngine.run(ScriptEngine.java:194)
	at com.kms.katalon.core.main.ScriptEngine.runScriptAsRawText(ScriptEngine.java:119)
	at com.kms.katalon.core.main.TestCaseExecutor.runScript(TestCaseExecutor.java:448)
	at com.kms.katalon.core.main.TestCaseExecutor.doExecute(TestCaseExecutor.java:439)
	at com.kms.katalon.core.main.TestCaseExecutor.processExecutionPhase(TestCaseExecutor.java:418)
	at com.kms.katalon.core.main.TestCaseExecutor.accessMainPhase(TestCaseExecutor.java:410)
	at com.kms.katalon.core.main.TestCaseExecutor.execute(TestCaseExecutor.java:285)
	at com.kms.katalon.core.common.CommonExecutor.accessTestCaseMainPhase(CommonExecutor.java:65)
	at com.kms.katalon.core.main.TestSuiteExecutor.accessTestSuiteMainPhase(TestSuiteExecutor.java:150)
	at com.kms.katalon.core.main.TestSuiteExecutor.execute(TestSuiteExecutor.java:106)
	at com.kms.katalon.core.main.TestCaseMain.startTestSuite(TestCaseMain.java:180)
	at TempTestSuite1729787045812.run(TempTestSuite1729787045812.groovy:35)
	at java.base/jdk.internal.reflect.NativeMethodAccessorImpl.invoke0(Native Method)
	at java.base/jdk.internal.reflect.NativeMethodAccessorImpl.invoke(NativeMethodAccessorImpl.java:77)
	at java.base/jdk.internal.reflect.DelegatingMethodAccessorImpl.invoke(DelegatingMethodAccessorImpl.java:43)
)

25-10-2024T02:18:52 - [TEST_STEP][FAILED] - else: null

25-10-2024T02:18:52 - [TEST_STEP][FAILED] - markFailed("Deferred is not present on page"): Deferred is not present on page

25-10-2024T02:18:52 - [MESSAGE][FAILED] - Deferred is not present on page

25-10-2024T02:18:52 - [TEST_STEP][PASSED] - resText = "Fail": null

25-10-2024T02:18:52 - [TEST_STEP][PASSED] - pages.WriteExcel.demoKey(resText, datText, resColumn, datCloumn, fileLoc, nameSheet, row): pages.WriteExcel.demoKey is PASSED

25-10-2024T02:18:52 - [MESSAGE][PASSED] - pages.WriteExcel.demoKey is PASSED

25-10-2024T02:18:52 - [TEST_STEP][PASSED] - closeBrowser(): Browser is closed

25-10-2024T02:18:53 - [MESSAGE][PASSED] - Browser is closed

25-10-2024T02:18:53 - [TEST_STEP][PASSED] - ExecuteTC = dataFile.getValue("Execute", row): null

25-10-2024T02:18:53 - [TEST_STEP][PASSED] - out.println("Value of Execute is : " + ExecuteTC): null

25-10-2024T02:18:53 - [TEST_STEP][PASSED] - if (ExecuteTC.equalsIgnoreCase("Y")): null

25-10-2024T02:18:53 - [TEST_STEP][PASSED] - out.println("Begin Record Number: " + row): null

25-10-2024T02:18:53 - [TEST_STEP][PASSED] - today = new java.util.Date(): null

25-10-2024T02:18:53 - [TEST_STEP][PASSED] - println(today): null

25-10-2024T02:18:53 - [TEST_STEP][PASSED] - datText = today: null

25-10-2024T02:18:53 - [TEST_STEP][PASSED] - EmulatorDataKey = dataFile.getValue("EmulatorData", row): null

25-10-2024T02:18:53 - [TEST_STEP][PASSED] - out.println("Value of Emulator Key is : " + EmulatorDataKey): null

25-10-2024T02:18:53 - [TEST_STEP][PASSED] - iwpPages.emulatorIWP30.setDataEmulator_DD(EmulatorDataKey): iwpPages.emulatorIWP30.setDataEmulator_DD is PASSED

25-10-2024T02:18:53 - [MESSAGE][INFO] - Starting 'Edge Chromium' driver

25-10-2024T02:18:53 - [MESSAGE][INFO] - User set preference: ['acceptInsecureCerts', 'true']

25-10-2024T02:18:55 - [MESSAGE][INFO] - Action delay is set to 0 milliseconds

25-10-2024T02:18:58 - [MESSAGE][PASSED] - Browser is opened with url: 'https://qa2.velocitypayment.com/agencyx/config.action?action=editor&message_version=3_0'

25-10-2024T02:18:58 - [MESSAGE][PASSED] - Current window maximized

25-10-2024T02:19:30 - [MESSAGE][INFO] - Unable to find the element located by 'By.xpath: //select[@name='message_version']'. Please recheck the objects properties to make sure the desired element is located. 

25-10-2024T02:19:30 - [MESSAGE][WARNING] - [SELF-HEALING] Failed to find element with id 'Object Repository/IWP30/Page_VRelay30Emulator/MV'. Try using Self-healing.

25-10-2024T02:19:30 - [MESSAGE][WARNING] - [SELF-HEALING] The current locator of test object 'Object Repository/IWP30/Page_VRelay30Emulator/MV' was broken. Propose an alternative one: '(.//*[normalize-space(text()) and normalize-space(.)='Message Version'])[1]/following::select[1]'.

25-10-2024T02:19:30 - [MESSAGE][PASSED] - All options with value '3.0' are selected in object 'Object Repository/IWP30/Page_VRelay30Emulator/MV'  using regular expression

25-10-2024T02:19:31 - [MESSAGE][PASSED] - Text '10.50' is set on object 'Object Repository/IWP30/Page_EmulatorAgencyX/Amount'

25-10-2024T02:19:32 - [MESSAGE][PASSED] - Text 'Dcq3q8WViDjd' is set on object 'Object Repository/IWP30/Page_EmulatorAgencyX/CAN'

25-10-2024T02:19:32 - [MESSAGE][PASSED] - Text 'AutoPay' is set on object 'Object Repository/IWP30/Page_EmulatorAgencyX/Action'

25-10-2024T02:19:33 - [MESSAGE][PASSED] - Text 'en_US' is set on object 'Object Repository/IWP30/Page_EmulatorAgencyX/Lang'

25-10-2024T02:19:33 - [MESSAGE][PASSED] - Text '' is set on object 'Object Repository/IWP30/Page_EmulatorAgencyX/Fname'

25-10-2024T02:19:34 - [MESSAGE][PASSED] - Text '' is set on object 'Object Repository/IWP30/Page_EmulatorAgencyX/Lname'

25-10-2024T02:19:34 - [MESSAGE][PASSED] - Text '' is set on object 'Object Repository/IWP30/Page_EmulatorAgencyX/AL1'

25-10-2024T02:19:35 - [MESSAGE][PASSED] - Text '' is set on object 'Object Repository/IWP30/Page_EmulatorAgencyX/AL2'

25-10-2024T02:19:36 - [MESSAGE][PASSED] - Text '' is set on object 'Object Repository/IWP30/Page_EmulatorAgencyX/Country'

25-10-2024T02:19:36 - [MESSAGE][PASSED] - Text '' is set on object 'Object Repository/IWP30/Page_EmulatorAgencyX/City'

25-10-2024T02:19:37 - [MESSAGE][PASSED] - Text '' is set on object 'Object Repository/IWP30/Page_EmulatorAgencyX/State'

25-10-2024T02:19:37 - [MESSAGE][PASSED] - Text '' is set on object 'Object Repository/IWP30/Page_EmulatorAgencyX/ZIP'

25-10-2024T02:19:38 - [MESSAGE][PASSED] - Text '' is set on object 'Object Repository/IWP30/Page_EmulatorAgencyX/Order'

25-10-2024T02:19:38 - [MESSAGE][PASSED] - Text '' is set on object 'Object Repository/IWP30/Page_EmulatorAgencyX/Company'

25-10-2024T02:19:39 - [MESSAGE][PASSED] - Text '' is set on object 'Object Repository/IWP30/Page_EmulatorAgencyX/Email'

25-10-2024T02:19:40 - [MESSAGE][PASSED] - Text '' is set on object 'Object Repository/IWP30/Page_EmulatorAgencyX/UDF1'

25-10-2024T02:19:40 - [MESSAGE][PASSED] - Text '' is set on object 'Object Repository/IWP30/Page_EmulatorAgencyX/UDF2'

25-10-2024T02:19:41 - [MESSAGE][PASSED] - Text '' is set on object 'Object Repository/IWP30/Page_EmulatorAgencyX/UDF3'

25-10-2024T02:19:41 - [MESSAGE][PASSED] - Text 'udf data 4' is set on object 'Object Repository/IWP30/Page_EmulatorAgencyX/UDF4'

25-10-2024T02:19:42 - [MESSAGE][PASSED] - Text 'udf data 5' is set on object 'Object Repository/IWP30/Page_EmulatorAgencyX/UDF5'

25-10-2024T02:19:42 - [MESSAGE][PASSED] - Text '' is set on object 'Object Repository/IWP30/Page_EmulatorAgencyX/UDF6'

25-10-2024T02:19:43 - [MESSAGE][PASSED] - Text '' is set on object 'Object Repository/IWP30/Page_EmulatorAgencyX/UDF7'

25-10-2024T02:19:44 - [MESSAGE][PASSED] - Text '' is set on object 'Object Repository/IWP30/Page_EmulatorAgencyX/UDF8'

25-10-2024T02:19:44 - [MESSAGE][PASSED] - Text 'udf data 9' is set on object 'Object Repository/IWP30/Page_EmulatorAgencyX/UDF9'

25-10-2024T02:19:45 - [MESSAGE][PASSED] - Text 'udf data 10' is set on object 'Object Repository/IWP30/Page_EmulatorAgencyX/UDF10'

25-10-2024T02:19:46 - [MESSAGE][PASSED] - Object: 'Object Repository/IWP30/Page_EmulatorAgencyX/Submit' is clicked on

25-10-2024T02:19:51 - [MESSAGE][PASSED] - Browser is closed

25-10-2024T02:19:55 - [MESSAGE][PASSED] - iwpPages.emulatorIWP30.setDataEmulator_DD is PASSED

25-10-2024T02:19:55 - [TEST_STEP][PASSED] - testHarnessURL = urlTestHarness: null

25-10-2024T02:19:55 - [TEST_STEP][PASSED] - openBrowser(testHarnessURL): Browser is opened with url: 'https://dev-algorithm.govolution.com/vrelaytest/QA2/version_2_2/vrelaytest.html'

25-10-2024T02:19:55 - [MESSAGE][INFO] - Starting 'Edge Chromium' driver

25-10-2024T02:19:55 - [MESSAGE][INFO] - User set preference: ['acceptInsecureCerts', 'true']

25-10-2024T02:19:57 - [MESSAGE][INFO] - Action delay is set to 0 milliseconds

25-10-2024T02:20:00 - [MESSAGE][PASSED] - Browser is opened with url: 'https://dev-algorithm.govolution.com/vrelaytest/QA2/version_2_2/vrelaytest.html'

25-10-2024T02:20:00 - [TEST_STEP][PASSED] - maximizeWindow(): Current window maximized

25-10-2024T02:20:00 - [MESSAGE][PASSED] - Current window maximized

25-10-2024T02:20:00 - [TEST_STEP][PASSED] - iwpPages.TestHarnessPage.setDataMethodEF(row, dataFile): iwpPages.TestHarnessPage.setDataMethodEF is PASSED

25-10-2024T02:20:00 - [MESSAGE][PASSED] - Object 'Object Repository/IWP30/Page_QATestHarness/RemittanceID' is present

25-10-2024T02:20:01 - [MESSAGE][PASSED] - Text '649' is set on object 'Object Repository/IWP30/Page_QATestHarness/ApplicationID'

25-10-2024T02:20:02 - [MESSAGE][PASSED] - Text '3.0' is set on object 'Object Repository/IWP30/Page_QATestHarness/MessageVersion'

25-10-2024T02:20:02 - [MESSAGE][PASSED] - Text 'IRmyDwyNPXul' is set on object 'Object Repository/IWP30/Page_QATestHarness/RemittanceID'

25-10-2024T02:20:06 - [MESSAGE][PASSED] - Object: 'Object Repository/IWP30/Page_QATestHarness/SubmitButton' is clicked on

25-10-2024T02:20:06 - [MESSAGE][PASSED] - iwpPages.TestHarnessPage.setDataMethodEF is PASSED

25-10-2024T02:20:06 - [TEST_STEP][PASSED] - click(findTestObject("Object Repository/IWP30/Page_SelectPaymentMethod/PayByPersonalCheck")): Object: 'Object Repository/IWP30/Page_SelectPaymentMethod/PayByPersonalCheck' is clicked on

25-10-2024T02:20:06 - [MESSAGE][PASSED] - Object: 'Object Repository/IWP30/Page_SelectPaymentMethod/PayByPersonalCheck' is clicked on

25-10-2024T02:20:06 - [TEST_STEP][PASSED] - click(findTestObject("Object Repository/IWP30/Page_SelectPaymentMethod/MakePaymentButton")): Object: 'Object Repository/IWP30/Page_SelectPaymentMethod/MakePaymentButton' is clicked on

25-10-2024T02:20:09 - [MESSAGE][PASSED] - Object: 'Object Repository/IWP30/Page_SelectPaymentMethod/MakePaymentButton' is clicked on

25-10-2024T02:20:09 - [TEST_STEP][PASSED] - iwpPages.achPersonalPaymentEntryPage.setDataACHPPM(row, dataFile): iwpPages.achPersonalPaymentEntryPage.setDataACHPPM is PASSED

25-10-2024T02:20:09 - [MESSAGE][PASSED] - Object 'Object Repository/IWP30/Page_ACHPersonalPaymentEntry/txt_accountNumber' is present

25-10-2024T02:20:09 - [MESSAGE][PASSED] - Object 'Object Repository/IWP30/Page_ACHPersonalPaymentEntry/txt_UDF2' is present

25-10-2024T02:20:10 - [MESSAGE][PASSED] - Text 'udf data 2' is set on object 'Object Repository/IWP30/Page_ACHPersonalPaymentEntry/txt_UDF2'

25-10-2024T02:20:10 - [MESSAGE][PASSED] - Text 'udf data 3' is set on object 'Object Repository/IWP30/Page_ACHPersonalPaymentEntry/txt_UDF3'

25-10-2024T02:20:11 - [MESSAGE][PASSED] - All options with label 'Orange' are selected in object 'Object Repository/IWP30/Page_ACHPersonalPaymentEntry/dd_UDF7' 

25-10-2024T02:20:12 - [MESSAGE][PASSED] - All options with label 'Soccer' are selected in object 'Object Repository/IWP30/Page_ACHPersonalPaymentEntry/dd_UDF8' 

25-10-2024T02:20:12 - [MESSAGE][PASSED] - Object 'Object Repository/IWP30/Page_ACHPersonalPaymentEntry/txt_Firstname' is present

25-10-2024T02:20:12 - [MESSAGE][PASSED] - Text 'Elizath' is set on object 'Object Repository/IWP30/Page_ACHPersonalPaymentEntry/txt_Firstname'

25-10-2024T02:20:13 - [MESSAGE][PASSED] - Object 'Object Repository/IWP30/Page_ACHPersonalPaymentEntry/txt_Lastname' is present

25-10-2024T02:20:13 - [MESSAGE][PASSED] - Text 'Christine' is set on object 'Object Repository/IWP30/Page_ACHPersonalPaymentEntry/txt_Lastname'

25-10-2024T02:20:13 - [MESSAGE][PASSED] - Object 'Object Repository/IWP30/Page_ACHPersonalPaymentEntry/txt_routingNumber' is present

25-10-2024T02:20:14 - [MESSAGE][PASSED] - Text '256072691' is set on object 'Object Repository/IWP30/Page_ACHPersonalPaymentEntry/txt_routingNumber'

25-10-2024T02:20:14 - [MESSAGE][PASSED] - Object 'Object Repository/IWP30/Page_ACHPersonalPaymentEntry/txt_accountNumber' is present

25-10-2024T02:20:16 - [MESSAGE][PASSED] - Text '12344444' is set on object 'Object Repository/IWP30/Page_ACHPersonalPaymentEntry/txt_accountNumber'

25-10-2024T02:20:16 - [MESSAGE][PASSED] - Object 'Object Repository/IWP30/Page_ACHPersonalPaymentEntry/txt_confirmAccountNumber' is present

25-10-2024T02:20:17 - [MESSAGE][PASSED] - Text '12344444' is set on object 'Object Repository/IWP30/Page_ACHPersonalPaymentEntry/txt_confirmAccountNumber'

25-10-2024T02:20:17 - [MESSAGE][PASSED] - Object 'Object Repository/IWP30/Page_ACHPersonalPaymentEntry/rd_accountType' is present

25-10-2024T02:20:17 - [MESSAGE][PASSED] - Modify property of object successfully

25-10-2024T02:20:17 - [MESSAGE][PASSED] - Object: 'Object Repository/IWP30/Page_ACHPersonalPaymentEntry/rd_accountType' is clicked on

25-10-2024T02:20:18 - [MESSAGE][PASSED] - Text '365 Main Avenue' is set on object 'Object Repository/IWP30/Page_ACHPersonalPaymentEntry/txt_AL1'

25-10-2024T02:20:18 - [MESSAGE][PASSED] - Text '22201' is set on object 'Object Repository/IWP30/Page_ACHPersonalPaymentEntry/txt_ZIP'

25-10-2024T02:20:19 - [MESSAGE][PASSED] - Object 'Object Repository/IWP30/Page_ACHPersonalPaymentEntry/txt_Email' is present

25-10-2024T02:20:20 - [MESSAGE][PASSED] - Text 'iahmed@govolution.com' is set on object 'Object Repository/IWP30/Page_ACHPersonalPaymentEntry/txt_Email'

25-10-2024T02:20:20 - [MESSAGE][PASSED] - Object 'Object Repository/IWP30/Page_ACHPersonalPaymentEntry/cb_TermsAndCond' is present

25-10-2024T02:20:20 - [MESSAGE][PASSED] - Object: 'Object Repository/IWP30/Page_ACHPersonalPaymentEntry/cb_TermsAndCond' is clicked on

25-10-2024T02:20:21 - [MESSAGE][PASSED] - Object 'Object Repository/IWP30/Page_ACHPersonalPaymentEntry/btn_Continue' is present

25-10-2024T02:20:22 - [MESSAGE][PASSED] - Object: 'Object Repository/IWP30/Page_ACHPersonalPaymentEntry/btn_Continue' is clicked on

25-10-2024T02:20:22 - [MESSAGE][PASSED] - iwpPages.achPersonalPaymentEntryPage.setDataACHPPM is PASSED

25-10-2024T02:20:22 - [TEST_STEP][PASSED] - click(findTestObject("Object Repository/IWP30/Page_Confirmation/ConfirmButton")): Object: 'Object Repository/IWP30/Page_Confirmation/ConfirmButton' is clicked on

25-10-2024T02:20:53 - [MESSAGE][INFO] - Unable to find the element located by 'By.xpath: //*[@type = 'submit' and @name = 'confirmNotifyAction' and @id = 'submitYes' and @value = 'Confirm']'. Please recheck the objects properties to make sure the desired element is located. 

25-10-2024T02:20:53 - [MESSAGE][WARNING] - [SELF-HEALING] Failed to find element with id 'Object Repository/IWP30/Page_Confirmation/ConfirmButton'. Try using Self-healing.

25-10-2024T02:20:53 - [MESSAGE][WARNING] - [SELF-HEALING] The current locator of test object 'Object Repository/IWP30/Page_Confirmation/ConfirmButton' was broken. Propose an alternative one: '//div/input'.

25-10-2024T02:20:55 - [MESSAGE][PASSED] - Object: 'Object Repository/IWP30/Page_Confirmation/ConfirmButton' is clicked on

25-10-2024T02:20:55 - [TEST_STEP][PASSED] - Thread.sleep(2000): null

25-10-2024T02:20:57 - [TEST_STEP][PASSED] - if (verifyTextPresent("AutoPay", false)): null

25-10-2024T02:20:57 - [MESSAGE][PASSED] - Text 'AutoPay' is present on page 

25-10-2024T02:20:57 - [TEST_STEP][PASSED] - openBrowser(testHarnessURL): Browser is opened with url: 'https://dev-algorithm.govolution.com/vrelaytest/QA2/version_2_2/vrelaytest.html'

25-10-2024T02:20:57 - [MESSAGE][WARNING] - A browser is already opened. Closing browser and opening a new one

25-10-2024T02:20:58 - [MESSAGE][INFO] - Starting 'Edge Chromium' driver

25-10-2024T02:20:58 - [MESSAGE][INFO] - User set preference: ['acceptInsecureCerts', 'true']

25-10-2024T02:21:00 - [MESSAGE][INFO] - Action delay is set to 0 milliseconds

25-10-2024T02:21:03 - [MESSAGE][PASSED] - Browser is opened with url: 'https://dev-algorithm.govolution.com/vrelaytest/QA2/version_2_2/vrelaytest.html'

25-10-2024T02:21:03 - [TEST_STEP][PASSED] - maximizeWindow(): Current window maximized

25-10-2024T02:21:03 - [MESSAGE][PASSED] - Current window maximized

25-10-2024T02:21:03 - [TEST_STEP][PASSED] - iwpPages.TestHarnessPage.setDataMethodEF(row, dataFile): iwpPages.TestHarnessPage.setDataMethodEF is PASSED

25-10-2024T02:21:03 - [MESSAGE][PASSED] - Object 'Object Repository/IWP30/Page_QATestHarness/RemittanceID' is present

25-10-2024T02:21:04 - [MESSAGE][PASSED] - Text '649' is set on object 'Object Repository/IWP30/Page_QATestHarness/ApplicationID'

25-10-2024T02:21:05 - [MESSAGE][PASSED] - Text '3.0' is set on object 'Object Repository/IWP30/Page_QATestHarness/MessageVersion'

25-10-2024T02:21:05 - [MESSAGE][PASSED] - Text 'MTVgxgO3Zwhm' is set on object 'Object Repository/IWP30/Page_QATestHarness/RemittanceID'

25-10-2024T02:21:09 - [MESSAGE][PASSED] - Object: 'Object Repository/IWP30/Page_QATestHarness/SubmitButton' is clicked on

25-10-2024T02:21:09 - [MESSAGE][PASSED] - iwpPages.TestHarnessPage.setDataMethodEF is PASSED

25-10-2024T02:21:09 - [TEST_STEP][PASSED] - click(findTestObject("Object Repository/IWP30/Page_ManagePlan_Autopay/btn_modify")): Object: 'Object Repository/IWP30/Page_ManagePlan_Autopay/btn_modify' is clicked on

25-10-2024T02:21:10 - [MESSAGE][PASSED] - Object: 'Object Repository/IWP30/Page_ManagePlan_Autopay/btn_modify' is clicked on

25-10-2024T02:21:10 - [TEST_STEP][PASSED] - click(findTestObject("Object Repository/IWP30/Page_Modify/btn_savechanges")): Object: 'Object Repository/IWP30/Page_Modify/btn_savechanges' is clicked on

25-10-2024T02:21:12 - [MESSAGE][PASSED] - Object: 'Object Repository/IWP30/Page_Modify/btn_savechanges' is clicked on

25-10-2024T02:21:12 - [TEST_STEP][PASSED] - if (verifyTextPresent("Edits to your payment plan were completed successfully", false)): null

25-10-2024T02:21:12 - [MESSAGE][PASSED] - Text 'Edits to your payment plan were completed successfully' is present on page 

25-10-2024T02:21:12 - [TEST_STEP][PASSED] - click(findTestObject("Object Repository/IWP30/Page_ManagePlan_Autopay/btn_cancel")): Object: 'Object Repository/IWP30/Page_ManagePlan_Autopay/btn_cancel' is clicked on

25-10-2024T02:21:12 - [MESSAGE][PASSED] - Object: 'Object Repository/IWP30/Page_ManagePlan_Autopay/btn_cancel' is clicked on

25-10-2024T02:21:12 - [TEST_STEP][PASSED] - click(findTestObject("Object Repository/IWP30/Page_CancelPlan/btn_cancel")): Object: 'Object Repository/IWP30/Page_CancelPlan/btn_cancel' is clicked on

25-10-2024T02:21:14 - [MESSAGE][PASSED] - Object: 'Object Repository/IWP30/Page_CancelPlan/btn_cancel' is clicked on

25-10-2024T02:21:14 - [TEST_STEP][PASSED] - if (verifyTextPresent("Your payment plan has been cancelled successfully", false)): null

25-10-2024T02:21:14 - [MESSAGE][PASSED] - Text 'Your payment plan has been cancelled successfully' is present on page 

25-10-2024T02:21:14 - [TEST_STEP][PASSED] - markPassed("Your payment plan has been successfully created and canceled"): Your payment plan has been successfully created and canceled

25-10-2024T02:21:14 - [MESSAGE][PASSED] - Your payment plan has been successfully created and canceled

25-10-2024T02:21:14 - [TEST_STEP][PASSED] - resText = "Pass": null

25-10-2024T02:21:14 - [TEST_STEP][PASSED] - println(row): null

25-10-2024T02:21:14 - [TEST_STEP][PASSED] - pages.WriteExcel.demoKey(resText, datText, resColumn, datCloumn, fileLoc, nameSheet, row): pages.WriteExcel.demoKey is PASSED

25-10-2024T02:21:15 - [MESSAGE][PASSED] - pages.WriteExcel.demoKey is PASSED

25-10-2024T02:21:15 - [TEST_STEP][PASSED] - closeBrowser(): Browser is closed

25-10-2024T02:21:15 - [MESSAGE][PASSED] - Browser is closed]]></system-out>
         <system-err><![CDATA[25-10-2024T02:17:17 - [TEST_CASE][FAILED] - Test Cases/IntegratedWeb/IWP25/Payments/CMCAutoPayPS: Test Cases/IntegratedWeb/IWP25/Payments/CMCAutoPayPS FAILED.
Reason:
com.kms.katalon.core.exception.StepFailedException: Text 'AutoPay' is not present on page  (Root cause: com.kms.katalon.core.exception.StepFailedException: Text 'AutoPay' is not present on page 
	at com.kms.katalon.core.webui.keyword.internal.WebUIKeywordMain.stepFailed(WebUIKeywordMain.groovy:64)
	at com.kms.katalon.core.webui.keyword.builtin.VerifyTextPresentKeyword$_verifyTextPresent_closure1.doCall(VerifyTextPresentKeyword.groovy:79)
	at com.kms.katalon.core.webui.keyword.builtin.VerifyTextPresentKeyword$_verifyTextPresent_closure1.call(VerifyTextPresentKeyword.groovy)
	at com.kms.katalon.core.webui.keyword.internal.WebUIKeywordMain.runKeyword(WebUIKeywordMain.groovy:20)
	at com.kms.katalon.core.webui.keyword.builtin.VerifyTextPresentKeyword.verifyTextPresent(VerifyTextPresentKeyword.groovy:83)
	at com.kms.katalon.core.webui.keyword.builtin.VerifyTextPresentKeyword.execute(VerifyTextPresentKeyword.groovy:68)
	at com.kms.katalon.core.keyword.internal.KeywordExecutor.executeKeywordForPlatform(KeywordExecutor.groovy:74)
	at com.kms.katalon.core.webui.keyword.WebUiBuiltInKeywords.verifyTextPresent(WebUiBuiltInKeywords.groovy:1762)
	at CMCAutoPayPS.run(CMCAutoPayPS:91)
	at com.kms.katalon.core.main.ScriptEngine.run(ScriptEngine.java:194)
	at com.kms.katalon.core.main.ScriptEngine.runScriptAsRawText(ScriptEngine.java:119)
	at com.kms.katalon.core.main.TestCaseExecutor.runScript(TestCaseExecutor.java:448)
	at com.kms.katalon.core.main.TestCaseExecutor.doExecute(TestCaseExecutor.java:439)
	at com.kms.katalon.core.main.TestCaseExecutor.processExecutionPhase(TestCaseExecutor.java:418)
	at com.kms.katalon.core.main.TestCaseExecutor.accessMainPhase(TestCaseExecutor.java:410)
	at com.kms.katalon.core.main.TestCaseExecutor.execute(TestCaseExecutor.java:285)
	at com.kms.katalon.core.common.CommonExecutor.accessTestCaseMainPhase(CommonExecutor.java:65)
	at com.kms.katalon.core.main.TestSuiteExecutor.accessTestSuiteMainPhase(TestSuiteExecutor.java:150)
	at com.kms.katalon.core.main.TestSuiteExecutor.execute(TestSuiteExecutor.java:106)
	at com.kms.katalon.core.main.TestCaseMain.startTestSuite(TestCaseMain.java:180)
	at TempTestSuite1729787045812.run(TempTestSuite1729787045812.groovy:35)
	at java.base/jdk.internal.reflect.NativeMethodAccessorImpl.invoke0(Native Method)
	at java.base/jdk.internal.reflect.NativeMethodAccessorImpl.invoke(NativeMethodAccessorImpl.java:77)
	at java.base/jdk.internal.reflect.DelegatingMethodAccessorImpl.invoke(DelegatingMethodAccessorImpl.java:43)
)
	at com.kms.katalon.core.keyword.internal.KeywordMain.stepFailed(KeywordMain.groovy:39)
	at com.kms.katalon.core.webui.keyword.internal.WebUIKeywordMain.stepFailed(WebUIKeywordMain.groovy:64)
	at com.kms.katalon.core.webui.keyword.builtin.VerifyTextPresentKeyword$_verifyTextPresent_closure1.doCall(VerifyTextPresentKeyword.groovy:79)
	at com.kms.katalon.core.webui.keyword.builtin.VerifyTextPresentKeyword$_verifyTextPresent_closure1.call(VerifyTextPresentKeyword.groovy)
	at com.kms.katalon.core.webui.keyword.internal.WebUIKeywordMain.runKeyword(WebUIKeywordMain.groovy:20)
	at com.kms.katalon.core.webui.keyword.builtin.VerifyTextPresentKeyword.verifyTextPresent(VerifyTextPresentKeyword.groovy:83)
	at com.kms.katalon.core.webui.keyword.builtin.VerifyTextPresentKeyword.execute(VerifyTextPresentKeyword.groovy:68)
	at com.kms.katalon.core.keyword.internal.KeywordExecutor.executeKeywordForPlatform(KeywordExecutor.groovy:74)
	at com.kms.katalon.core.webui.keyword.WebUiBuiltInKeywords.verifyTextPresent(WebUiBuiltInKeywords.groovy:1762)
	at CMCAutoPayPS.run(CMCAutoPayPS:91)
	at com.kms.katalon.core.main.ScriptEngine.run(ScriptEngine.java:194)
	at com.kms.katalon.core.main.ScriptEngine.runScriptAsRawText(ScriptEngine.java:119)
	at com.kms.katalon.core.main.TestCaseExecutor.runScript(TestCaseExecutor.java:448)
	at com.kms.katalon.core.main.TestCaseExecutor.doExecute(TestCaseExecutor.java:439)
	at com.kms.katalon.core.main.TestCaseExecutor.processExecutionPhase(TestCaseExecutor.java:418)
	at com.kms.katalon.core.main.TestCaseExecutor.accessMainPhase(TestCaseExecutor.java:410)
	at com.kms.katalon.core.main.TestCaseExecutor.execute(TestCaseExecutor.java:285)
	at com.kms.katalon.core.common.CommonExecutor.accessTestCaseMainPhase(CommonExecutor.java:65)
	at com.kms.katalon.core.main.TestSuiteExecutor.accessTestSuiteMainPhase(TestSuiteExecutor.java:150)
	at com.kms.katalon.core.main.TestSuiteExecutor.execute(TestSuiteExecutor.java:106)
	at com.kms.katalon.core.main.TestCaseMain.startTestSuite(TestCaseMain.java:180)
	at TempTestSuite1729787045812.run(TempTestSuite1729787045812.groovy:35)
	at java.base/jdk.internal.reflect.NativeMethodAccessorImpl.invoke0(Native Method)
	at java.base/jdk.internal.reflect.NativeMethodAccessorImpl.invoke(NativeMethodAccessorImpl.java:77)
	at java.base/jdk.internal.reflect.DelegatingMethodAccessorImpl.invoke(DelegatingMethodAccessorImpl.java:43)
Caused by: com.kms.katalon.core.exception.StepFailedException: Text 'AutoPay' is not present on page 
	... 24 more]]></system-err>
      </testcase>
      <testcase name="Test Cases/IntegratedWeb/IWP25/Payments/CMCDeferredCorp" time="260.393" classname="Test Cases/IntegratedWeb/IWP25/Payments/CMCDeferredCorp" status="PASSED">
         <system-out><![CDATA[25-10-2024T02:21:15 - [TEST_CASE][PASSED] - Test Cases/IntegratedWeb/IWP25/Payments/CMCDeferredCorp: Test Cases/IntegratedWeb/IWP25/Payments/CMCDeferredCorp

25-10-2024T02:21:15 - [TEST_STEP][PASSED] - resText = "Fail": null

25-10-2024T02:21:15 - [TEST_STEP][PASSED] - resColumn = "Result": null

25-10-2024T02:21:15 - [TEST_STEP][PASSED] - datCloumn = "Date": null

25-10-2024T02:21:15 - [TEST_STEP][PASSED] - fileLoc = "KatalonData/IWPTestData/VRelay25PaymentsExtension.xlsx": null

25-10-2024T02:21:15 - [TEST_STEP][PASSED] - numOfRows = <not implemented yet for class: org.codehaus.groovy.ast.expr.EmptyExpression>: null

25-10-2024T02:21:15 - [TEST_STEP][PASSED] - dataFile = <not implemented yet for class: org.codehaus.groovy.ast.expr.EmptyExpression>: null

25-10-2024T02:21:15 - [TEST_STEP][PASSED] - nameSheet = <not implemented yet for class: org.codehaus.groovy.ast.expr.EmptyExpression>: null

25-10-2024T02:21:15 - [TEST_STEP][PASSED] - dataFileEmulator = <not implemented yet for class: org.codehaus.groovy.ast.expr.EmptyExpression>: null

25-10-2024T02:21:15 - [TEST_STEP][PASSED] - isRequiredTextPresent = false: null

25-10-2024T02:21:15 - [TEST_STEP][PASSED] - nameSheet = "CMCDeferredPlanCorp": null

25-10-2024T02:21:15 - [TEST_STEP][PASSED] - dataFile = "IWPTestData/IWP25CMCDeferredCorp": null

25-10-2024T02:21:15 - [TEST_STEP][PASSED] - dataFileEmulator = "IWPTestData/EmulatorData": null

25-10-2024T02:21:15 - [TEST_STEP][PASSED] - numOfRows = findTestData(dataFile).getRowNumbers(): null

25-10-2024T02:21:15 - [TEST_STEP][PASSED] - println("Number of Records: " + numOfRows): null

25-10-2024T02:21:15 - [TEST_STEP][PASSED] - for ([row = 1, row <= numOfRows, (row++)]): Browser is closed

25-10-2024T02:21:15 - [TEST_STEP][PASSED] - ExecuteTC = findTestData(dataFile).getValue("Execute", row): null

25-10-2024T02:21:15 - [TEST_STEP][PASSED] - out.println("Value of Execute is : " + ExecuteTC): null

25-10-2024T02:21:15 - [TEST_STEP][PASSED] - if (ExecuteTC.equalsIgnoreCase("Y")): null

25-10-2024T02:21:15 - [TEST_STEP][PASSED] - out.println("Begin Record Number: " + row): null

25-10-2024T02:21:15 - [TEST_STEP][PASSED] - today = new java.util.Date(): null

25-10-2024T02:21:15 - [TEST_STEP][PASSED] - println(today): null

25-10-2024T02:21:15 - [TEST_STEP][PASSED] - datText = today: null

25-10-2024T02:21:15 - [TEST_STEP][PASSED] - EmulatorDataKey = findTestData(dataFile).getValue("EmulatorData", row): null

25-10-2024T02:21:15 - [TEST_STEP][PASSED] - out.println("Value of Emulator Key is : " + EmulatorDataKey): null

25-10-2024T02:21:15 - [TEST_STEP][PASSED] - iwpPages.emulatorIWP30.setDataEmulator_DD(EmulatorDataKey): iwpPages.emulatorIWP30.setDataEmulator_DD is PASSED

25-10-2024T02:21:16 - [MESSAGE][INFO] - Starting 'Edge Chromium' driver

25-10-2024T02:21:16 - [MESSAGE][INFO] - User set preference: ['acceptInsecureCerts', 'true']

25-10-2024T02:21:18 - [MESSAGE][INFO] - Action delay is set to 0 milliseconds

25-10-2024T02:21:22 - [MESSAGE][PASSED] - Browser is opened with url: 'https://qa2.velocitypayment.com/agencyx/config.action?action=editor&message_version=2_5'

25-10-2024T02:21:22 - [MESSAGE][PASSED] - Current window maximized

25-10-2024T02:21:53 - [MESSAGE][INFO] - Unable to find the element located by 'By.xpath: //select[@name='message_version']'. Please recheck the objects properties to make sure the desired element is located. 

25-10-2024T02:21:53 - [MESSAGE][WARNING] - [SELF-HEALING] Failed to find element with id 'Object Repository/IWP30/Page_VRelay30Emulator/MV'. Try using Self-healing.

25-10-2024T02:21:53 - [MESSAGE][WARNING] - [SELF-HEALING] The current locator of test object 'Object Repository/IWP30/Page_VRelay30Emulator/MV' was broken. Propose an alternative one: '(.//*[normalize-space(text()) and normalize-space(.)='Message Version'])[1]/following::select[1]'.

25-10-2024T02:21:54 - [MESSAGE][PASSED] - All options with value '2.5' are selected in object 'Object Repository/IWP30/Page_VRelay30Emulator/MV'  using regular expression

25-10-2024T02:21:54 - [MESSAGE][PASSED] - Text '10.50' is set on object 'Object Repository/IWP30/Page_EmulatorAgencyX/Amount'

25-10-2024T02:21:55 - [MESSAGE][PASSED] - Text 'ULjplXt0VqS9' is set on object 'Object Repository/IWP30/Page_EmulatorAgencyX/CAN'

25-10-2024T02:21:55 - [MESSAGE][PASSED] - Text 'PayNow' is set on object 'Object Repository/IWP30/Page_EmulatorAgencyX/Action'

25-10-2024T02:21:56 - [MESSAGE][PASSED] - Text 'en_US' is set on object 'Object Repository/IWP30/Page_EmulatorAgencyX/Lang'

25-10-2024T02:21:56 - [MESSAGE][PASSED] - Text '' is set on object 'Object Repository/IWP30/Page_EmulatorAgencyX/Fname'

25-10-2024T02:21:57 - [MESSAGE][PASSED] - Text '' is set on object 'Object Repository/IWP30/Page_EmulatorAgencyX/Lname'

25-10-2024T02:21:58 - [MESSAGE][PASSED] - Text '' is set on object 'Object Repository/IWP30/Page_EmulatorAgencyX/AL1'

25-10-2024T02:21:58 - [MESSAGE][PASSED] - Text '' is set on object 'Object Repository/IWP30/Page_EmulatorAgencyX/AL2'

25-10-2024T02:21:59 - [MESSAGE][PASSED] - Text '' is set on object 'Object Repository/IWP30/Page_EmulatorAgencyX/Country'

25-10-2024T02:21:59 - [MESSAGE][PASSED] - Text '' is set on object 'Object Repository/IWP30/Page_EmulatorAgencyX/City'

25-10-2024T02:22:00 - [MESSAGE][PASSED] - Text '' is set on object 'Object Repository/IWP30/Page_EmulatorAgencyX/State'

25-10-2024T02:22:00 - [MESSAGE][PASSED] - Text '' is set on object 'Object Repository/IWP30/Page_EmulatorAgencyX/ZIP'

25-10-2024T02:22:01 - [MESSAGE][PASSED] - Text '' is set on object 'Object Repository/IWP30/Page_EmulatorAgencyX/Order'

25-10-2024T02:22:02 - [MESSAGE][PASSED] - Text '' is set on object 'Object Repository/IWP30/Page_EmulatorAgencyX/Company'

25-10-2024T02:22:02 - [MESSAGE][PASSED] - Text '' is set on object 'Object Repository/IWP30/Page_EmulatorAgencyX/Email'

25-10-2024T02:22:03 - [MESSAGE][PASSED] - Text '' is set on object 'Object Repository/IWP30/Page_EmulatorAgencyX/UDF1'

25-10-2024T02:22:03 - [MESSAGE][PASSED] - Text '' is set on object 'Object Repository/IWP30/Page_EmulatorAgencyX/UDF2'

25-10-2024T02:22:04 - [MESSAGE][PASSED] - Text '' is set on object 'Object Repository/IWP30/Page_EmulatorAgencyX/UDF3'

25-10-2024T02:22:04 - [MESSAGE][PASSED] - Text 'udf data 4' is set on object 'Object Repository/IWP30/Page_EmulatorAgencyX/UDF4'

25-10-2024T02:22:05 - [MESSAGE][PASSED] - Text 'udf data 5' is set on object 'Object Repository/IWP30/Page_EmulatorAgencyX/UDF5'

25-10-2024T02:22:06 - [MESSAGE][PASSED] - Text '' is set on object 'Object Repository/IWP30/Page_EmulatorAgencyX/UDF6'

25-10-2024T02:22:06 - [MESSAGE][PASSED] - Text '' is set on object 'Object Repository/IWP30/Page_EmulatorAgencyX/UDF7'

25-10-2024T02:22:07 - [MESSAGE][PASSED] - Text '' is set on object 'Object Repository/IWP30/Page_EmulatorAgencyX/UDF8'

25-10-2024T02:22:07 - [MESSAGE][PASSED] - Text 'udf data 9' is set on object 'Object Repository/IWP30/Page_EmulatorAgencyX/UDF9'

25-10-2024T02:22:08 - [MESSAGE][PASSED] - Text 'udf data 10' is set on object 'Object Repository/IWP30/Page_EmulatorAgencyX/UDF10'

25-10-2024T02:22:09 - [MESSAGE][PASSED] - Object: 'Object Repository/IWP30/Page_EmulatorAgencyX/Submit' is clicked on

25-10-2024T02:22:14 - [MESSAGE][PASSED] - Browser is closed

25-10-2024T02:22:18 - [MESSAGE][PASSED] - iwpPages.emulatorIWP30.setDataEmulator_DD is PASSED

25-10-2024T02:22:18 - [TEST_STEP][PASSED] - testHarnessURL = urlTestHarness: null

25-10-2024T02:22:18 - [TEST_STEP][PASSED] - openBrowser(testHarnessURL): Browser is opened with url: 'https://dev-algorithm.govolution.com/vrelaytest/QA2/version_2_2/vrelaytest.html'

25-10-2024T02:22:18 - [MESSAGE][INFO] - Starting 'Edge Chromium' driver

25-10-2024T02:22:18 - [MESSAGE][INFO] - User set preference: ['acceptInsecureCerts', 'true']

25-10-2024T02:22:20 - [MESSAGE][INFO] - Action delay is set to 0 milliseconds

25-10-2024T02:22:23 - [MESSAGE][PASSED] - Browser is opened with url: 'https://dev-algorithm.govolution.com/vrelaytest/QA2/version_2_2/vrelaytest.html'

25-10-2024T02:22:23 - [TEST_STEP][PASSED] - maximizeWindow(): Current window maximized

25-10-2024T02:22:23 - [MESSAGE][PASSED] - Current window maximized

25-10-2024T02:22:23 - [TEST_STEP][PASSED] - iwpPages.TestHarnessPage.setDataMethod(row, dataFile): iwpPages.TestHarnessPage.setDataMethod is PASSED

25-10-2024T02:22:24 - [MESSAGE][PASSED] - Object 'Object Repository/IWP30/Page_QATestHarness/RemittanceID' is present

25-10-2024T02:22:24 - [MESSAGE][PASSED] - Text '638' is set on object 'Object Repository/IWP30/Page_QATestHarness/ApplicationID'

25-10-2024T02:22:25 - [MESSAGE][PASSED] - Text '2.5' is set on object 'Object Repository/IWP30/Page_QATestHarness/MessageVersion'

25-10-2024T02:22:25 - [MESSAGE][PASSED] - Text 'Ade4tLfJS4wR' is set on object 'Object Repository/IWP30/Page_QATestHarness/RemittanceID'

25-10-2024T02:22:31 - [MESSAGE][PASSED] - Object: 'Object Repository/IWP30/Page_QATestHarness/SubmitButton' is clicked on

25-10-2024T02:22:31 - [MESSAGE][PASSED] - iwpPages.TestHarnessPage.setDataMethod is PASSED

25-10-2024T02:22:31 - [TEST_STEP][PASSED] - click(findTestObject("Object Repository/IWP30/Page_SelectPaymentMethod/PayByCorporateCheck")): Object: 'Object Repository/IWP30/Page_SelectPaymentMethod/PayByCorporateCheck' is clicked on

25-10-2024T02:22:31 - [MESSAGE][PASSED] - Object: 'Object Repository/IWP30/Page_SelectPaymentMethod/PayByCorporateCheck' is clicked on

25-10-2024T02:22:31 - [TEST_STEP][PASSED] - click(findTestObject("Object Repository/IWP30/Page_SelectPaymentMethod/MakePaymentButton")): Object: 'Object Repository/IWP30/Page_SelectPaymentMethod/MakePaymentButton' is clicked on

25-10-2024T02:22:34 - [MESSAGE][PASSED] - Object: 'Object Repository/IWP30/Page_SelectPaymentMethod/MakePaymentButton' is clicked on

25-10-2024T02:22:34 - [TEST_STEP][PASSED] - iwpPages.achCorporatePaymentEntryPage.setDataCorporate(row, dataFile): iwpPages.achCorporatePaymentEntryPage.setDataCorporate is PASSED

25-10-2024T02:22:34 - [MESSAGE][PASSED] - Object 'Object Repository/IWP30/Page_ACHCorporatePaymentEntry/txt_accountNumber' is present

25-10-2024T02:22:35 - [MESSAGE][PASSED] - Object 'Object Repository/IWP30/Page_ACHCorporatePaymentEntry/input_CompanyName' is present

25-10-2024T02:22:35 - [MESSAGE][PASSED] - Text 'My Company' is set on object 'Object Repository/IWP30/Page_ACHCorporatePaymentEntry/input_CompanyName'

25-10-2024T02:22:36 - [MESSAGE][PASSED] - Object 'Object Repository/IWP30/Page_ACHCorporatePaymentEntry/input_EIN' is present

25-10-2024T02:22:36 - [MESSAGE][PASSED] - Text '123456789' is set on object 'Object Repository/IWP30/Page_ACHCorporatePaymentEntry/input_EIN'

25-10-2024T02:22:37 - [MESSAGE][PASSED] - Text '10.50' is set on object 'Object Repository/IWP30/Page_ACHCorporatePaymentEntry/txt_Amount'

25-10-2024T02:22:37 - [MESSAGE][PASSED] - Text 'udf data 2' is set on object 'Object Repository/IWP30/Page_ACHCorporatePaymentEntry/txt_UDF2'

25-10-2024T02:22:38 - [MESSAGE][PASSED] - Text 'udf data 3' is set on object 'Object Repository/IWP30/Page_ACHCorporatePaymentEntry/txt_UDF3'

25-10-2024T02:22:39 - [MESSAGE][PASSED] - All options with label 'Orange' are selected in object 'Object Repository/IWP30/Page_ACHCorporatePaymentEntry/dd_UDF7' 

25-10-2024T02:22:39 - [MESSAGE][PASSED] - All options with label 'Soccer' are selected in object 'Object Repository/IWP30/Page_ACHCorporatePaymentEntry/dd_UDF8' 

25-10-2024T02:22:39 - [MESSAGE][PASSED] - Object 'Object Repository/IWP30/Page_ACHCorporatePaymentEntry/txt_routingNumber' is present

25-10-2024T02:22:40 - [MESSAGE][PASSED] - Text '256072691' is set on object 'Object Repository/IWP30/Page_ACHCorporatePaymentEntry/txt_routingNumber'

25-10-2024T02:22:40 - [MESSAGE][PASSED] - Object 'Object Repository/IWP30/Page_ACHCorporatePaymentEntry/txt_accountNumber' is present

25-10-2024T02:22:41 - [MESSAGE][PASSED] - Text '12344444' is set on object 'Object Repository/IWP30/Page_ACHCorporatePaymentEntry/txt_accountNumber'

25-10-2024T02:22:42 - [MESSAGE][PASSED] - Object 'Object Repository/IWP30/Page_ACHCorporatePaymentEntry/txt_confirmAccountNumber' is present

25-10-2024T02:22:42 - [MESSAGE][PASSED] - Text '12344444' is set on object 'Object Repository/IWP30/Page_ACHCorporatePaymentEntry/txt_confirmAccountNumber'

25-10-2024T02:22:43 - [MESSAGE][PASSED] - Execute JavaScript '
				   document.getElementById('processDate').value = '08/09/2025'
				  ' successfully

25-10-2024T02:22:43 - [MESSAGE][PASSED] - Text '365 Main Avenue' is set on object 'Object Repository/IWP30/Page_ACHCorporatePaymentEntry/txt_AL1'

25-10-2024T02:22:44 - [MESSAGE][PASSED] - Text '22201' is set on object 'Object Repository/IWP30/Page_ACHCorporatePaymentEntry/txt_ZIP'

25-10-2024T02:22:44 - [MESSAGE][PASSED] - Object 'Object Repository/IWP30/Page_ACHCorporatePaymentEntry/txt_Email' is present

25-10-2024T02:22:45 - [MESSAGE][PASSED] - Text 'iahmed@govolution.com' is set on object 'Object Repository/IWP30/Page_ACHCorporatePaymentEntry/txt_Email'

25-10-2024T02:22:45 - [MESSAGE][PASSED] - Object 'Object Repository/IWP30/Page_ACHCorporatePaymentEntry/cb_TermsAndCond' is present

25-10-2024T02:22:46 - [MESSAGE][PASSED] - Object: 'Object Repository/IWP30/Page_ACHCorporatePaymentEntry/cb_TermsAndCond' is clicked on

25-10-2024T02:22:46 - [MESSAGE][PASSED] - Object 'Object Repository/IWP30/Page_ACHCorporatePaymentEntry/btn_Continue' is present

25-10-2024T02:22:47 - [MESSAGE][PASSED] - Object: 'Object Repository/IWP30/Page_ACHCorporatePaymentEntry/btn_Continue' is clicked on

25-10-2024T02:22:47 - [MESSAGE][PASSED] - iwpPages.achCorporatePaymentEntryPage.setDataCorporate is PASSED

25-10-2024T02:22:47 - [TEST_STEP][PASSED] - click(findTestObject("Object Repository/IWP30/Page_Confirmation/ConfirmButton")): Object: 'Object Repository/IWP30/Page_Confirmation/ConfirmButton' is clicked on

25-10-2024T02:22:50 - [MESSAGE][PASSED] - Object: 'Object Repository/IWP30/Page_Confirmation/ConfirmButton' is clicked on

25-10-2024T02:22:50 - [TEST_STEP][PASSED] - Thread.sleep(2000): null

25-10-2024T02:22:52 - [TEST_STEP][PASSED] - if (verifyTextPresent("Deferred", false)): null

25-10-2024T02:22:52 - [MESSAGE][PASSED] - Text 'Deferred' is present on page 

25-10-2024T02:22:52 - [TEST_STEP][PASSED] - println("Deferred is present on page. Deferred Pay is created"): null

25-10-2024T02:22:52 - [TEST_STEP][PASSED] - click(findTestObject("Object Repository/IWP30/Page_Receipt/ViewScheduledPaymentsButton")): Object: 'Object Repository/IWP30/Page_Receipt/ViewScheduledPaymentsButton' is clicked on

25-10-2024T02:22:53 - [MESSAGE][PASSED] - Object: 'Object Repository/IWP30/Page_Receipt/ViewScheduledPaymentsButton' is clicked on

25-10-2024T02:22:53 - [TEST_STEP][PASSED] - switchToWindowTitle("View Scheduled Payments"): Switched to window with title: 'View Scheduled Payments'

25-10-2024T02:22:53 - [MESSAGE][PASSED] - Switched to window with title: 'View Scheduled Payments'

25-10-2024T02:22:53 - [TEST_STEP][PASSED] - Thread.sleep(5000): null

25-10-2024T02:22:58 - [TEST_STEP][PASSED] - if (verifyTextPresent("View Scheduled Payments", false)): null

25-10-2024T02:22:58 - [MESSAGE][PASSED] - Text 'View Scheduled Payments' is present on page 

25-10-2024T02:22:58 - [TEST_STEP][PASSED] - click(findTestObject("Object Repository/IWP30/Page_ScheduledPayments/edit_payment")): Object: 'Object Repository/IWP30/Page_ScheduledPayments/edit_payment' is clicked on

25-10-2024T02:23:01 - [MESSAGE][PASSED] - Object: 'Object Repository/IWP30/Page_ScheduledPayments/edit_payment' is clicked on

25-10-2024T02:23:01 - [TEST_STEP][PASSED] - iwpPages.editSchedulePayment.setDataSchedPayment(row, dataFile): iwpPages.editSchedulePayment.setDataSchedPayment is PASSED

25-10-2024T02:23:02 - [MESSAGE][PASSED] - Text 'Edit Payment Plan' is present on page 

25-10-2024T02:23:02 - [MESSAGE][PASSED] - All options with label 'Orange' are selected in object 'Object Repository/IWP30/Page_CCPaymentEntry/UserDefined7' 

25-10-2024T02:23:03 - [MESSAGE][PASSED] - All options with label 'Soccer' are selected in object 'Object Repository/IWP30/Page_CCPaymentEntry/UserDefined8' 

25-10-2024T02:23:03 - [MESSAGE][PASSED] - Execute JavaScript '
				   document.getElementById('processDate').value = '08/09/2045'
				  ' successfully

25-10-2024T02:23:03 - [MESSAGE][PASSED] - iwpPages.editSchedulePayment.setDataSchedPayment is PASSED

25-10-2024T02:23:03 - [TEST_STEP][PASSED] - click(findTestObject("Object Repository/Page_EditSchedPayment/chkbox_acceptterms")): Object: 'Object Repository/Page_EditSchedPayment/chkbox_acceptterms' is clicked on

25-10-2024T02:23:03 - [MESSAGE][PASSED] - Object: 'Object Repository/Page_EditSchedPayment/chkbox_acceptterms' is clicked on

25-10-2024T02:23:03 - [TEST_STEP][PASSED] - click(findTestObject("Object Repository/Page_EditSchedPayment/btn_update")): Object: 'Object Repository/Page_EditSchedPayment/btn_update' is clicked on

25-10-2024T02:23:06 - [MESSAGE][PASSED] - Object: 'Object Repository/Page_EditSchedPayment/btn_update' is clicked on

25-10-2024T02:23:06 - [TEST_STEP][PASSED] - if (verifyTextPresent("Successful Payment Plan Update", false)): null

25-10-2024T02:23:06 - [MESSAGE][PASSED] - Text 'Successful Payment Plan Update' is present on page 

25-10-2024T02:23:06 - [TEST_STEP][PASSED] - click(findTestObject("Object Repository/IWP30/Page_SuccesfulUpdate/btn_back")): Object: 'Object Repository/IWP30/Page_SuccesfulUpdate/btn_back' is clicked on

25-10-2024T02:23:07 - [MESSAGE][PASSED] - Object: 'Object Repository/IWP30/Page_SuccesfulUpdate/btn_back' is clicked on

25-10-2024T02:23:07 - [TEST_STEP][PASSED] - click(findTestObject("Object Repository/IWP30/Page_ScheduledPayments/cancel_payment")): Object: 'Object Repository/IWP30/Page_ScheduledPayments/cancel_payment' is clicked on

25-10-2024T02:23:08 - [MESSAGE][PASSED] - Object: 'Object Repository/IWP30/Page_ScheduledPayments/cancel_payment' is clicked on

25-10-2024T02:23:08 - [TEST_STEP][PASSED] - if (verifyTextPresent("Cancel Payment Plan", false)): null

25-10-2024T02:23:09 - [MESSAGE][PASSED] - Text 'Cancel Payment Plan' is present on page 

25-10-2024T02:23:09 - [TEST_STEP][PASSED] - click(findTestObject("Object Repository/IWP30/Page_PaymentPlan/btn_cancel")): Object: 'Object Repository/IWP30/Page_PaymentPlan/btn_cancel' is clicked on

25-10-2024T02:23:09 - [MESSAGE][PASSED] - Object: 'Object Repository/IWP30/Page_PaymentPlan/btn_cancel' is clicked on

25-10-2024T02:23:09 - [TEST_STEP][PASSED] - acceptAlert(): Alert accepted

25-10-2024T02:23:09 - [MESSAGE][PASSED] - Alert accepted

25-10-2024T02:23:09 - [TEST_STEP][PASSED] - if (verifyTextPresent("Your payment plan has been successfully canceled", false)): null

25-10-2024T02:23:11 - [MESSAGE][PASSED] - Text 'Your payment plan has been successfully canceled' is present on page 

25-10-2024T02:23:11 - [TEST_STEP][PASSED] - markPassed("Your payment plan has been successfully created, modified and canceled"): Your payment plan has been successfully created, modified and canceled

25-10-2024T02:23:11 - [MESSAGE][PASSED] - Your payment plan has been successfully created, modified and canceled

25-10-2024T02:23:11 - [TEST_STEP][PASSED] - resText = "Pass": null

25-10-2024T02:23:11 - [TEST_STEP][PASSED] - println(row): null

25-10-2024T02:23:11 - [TEST_STEP][PASSED] - pages.WriteExcel.demoKey(resText, datText, resColumn, datCloumn, fileLoc, nameSheet, row): pages.WriteExcel.demoKey is PASSED

25-10-2024T02:23:11 - [MESSAGE][PASSED] - pages.WriteExcel.demoKey is PASSED

25-10-2024T02:23:11 - [TEST_STEP][PASSED] - closeBrowser(): Browser is closed

25-10-2024T02:23:11 - [MESSAGE][PASSED] - Browser is closed

25-10-2024T02:23:11 - [TEST_STEP][PASSED] - ExecuteTC = findTestData(dataFile).getValue("Execute", row): null

25-10-2024T02:23:11 - [TEST_STEP][PASSED] - out.println("Value of Execute is : " + ExecuteTC): null

25-10-2024T02:23:11 - [TEST_STEP][PASSED] - if (ExecuteTC.equalsIgnoreCase("Y")): null

25-10-2024T02:23:11 - [TEST_STEP][PASSED] - out.println("Begin Record Number: " + row): null

25-10-2024T02:23:11 - [TEST_STEP][PASSED] - today = new java.util.Date(): null

25-10-2024T02:23:11 - [TEST_STEP][PASSED] - println(today): null

25-10-2024T02:23:11 - [TEST_STEP][PASSED] - datText = today: null

25-10-2024T02:23:11 - [TEST_STEP][PASSED] - EmulatorDataKey = findTestData(dataFile).getValue("EmulatorData", row): null

25-10-2024T02:23:11 - [TEST_STEP][PASSED] - out.println("Value of Emulator Key is : " + EmulatorDataKey): null

25-10-2024T02:23:11 - [TEST_STEP][PASSED] - iwpPages.emulatorIWP30.setDataEmulator_DD(EmulatorDataKey): iwpPages.emulatorIWP30.setDataEmulator_DD is PASSED

25-10-2024T02:23:12 - [MESSAGE][INFO] - Starting 'Edge Chromium' driver

25-10-2024T02:23:12 - [MESSAGE][INFO] - User set preference: ['acceptInsecureCerts', 'true']

25-10-2024T02:23:14 - [MESSAGE][INFO] - Action delay is set to 0 milliseconds

25-10-2024T02:23:17 - [MESSAGE][PASSED] - Browser is opened with url: 'https://qa2.velocitypayment.com/agencyx/config.action?action=editor&message_version=3_0'

25-10-2024T02:23:17 - [MESSAGE][PASSED] - Current window maximized

25-10-2024T02:23:49 - [MESSAGE][INFO] - Unable to find the element located by 'By.xpath: //select[@name='message_version']'. Please recheck the objects properties to make sure the desired element is located. 

25-10-2024T02:23:49 - [MESSAGE][WARNING] - [SELF-HEALING] Failed to find element with id 'Object Repository/IWP30/Page_VRelay30Emulator/MV'. Try using Self-healing.

25-10-2024T02:23:49 - [MESSAGE][WARNING] - [SELF-HEALING] The current locator of test object 'Object Repository/IWP30/Page_VRelay30Emulator/MV' was broken. Propose an alternative one: '(.//*[normalize-space(text()) and normalize-space(.)='Message Version'])[1]/following::select[1]'.

25-10-2024T02:23:49 - [MESSAGE][PASSED] - All options with value '3.0' are selected in object 'Object Repository/IWP30/Page_VRelay30Emulator/MV'  using regular expression

25-10-2024T02:23:50 - [MESSAGE][PASSED] - Text '10.50' is set on object 'Object Repository/IWP30/Page_EmulatorAgencyX/Amount'

25-10-2024T02:23:51 - [MESSAGE][PASSED] - Text 'BieF0ZgyE8Gi' is set on object 'Object Repository/IWP30/Page_EmulatorAgencyX/CAN'

25-10-2024T02:23:51 - [MESSAGE][PASSED] - Text 'PayNow' is set on object 'Object Repository/IWP30/Page_EmulatorAgencyX/Action'

25-10-2024T02:23:52 - [MESSAGE][PASSED] - Text 'en_US' is set on object 'Object Repository/IWP30/Page_EmulatorAgencyX/Lang'

25-10-2024T02:23:52 - [MESSAGE][PASSED] - Text '' is set on object 'Object Repository/IWP30/Page_EmulatorAgencyX/Fname'

25-10-2024T02:23:53 - [MESSAGE][PASSED] - Text '' is set on object 'Object Repository/IWP30/Page_EmulatorAgencyX/Lname'

25-10-2024T02:23:53 - [MESSAGE][PASSED] - Text '' is set on object 'Object Repository/IWP30/Page_EmulatorAgencyX/AL1'

25-10-2024T02:23:54 - [MESSAGE][PASSED] - Text '' is set on object 'Object Repository/IWP30/Page_EmulatorAgencyX/AL2'

25-10-2024T02:23:55 - [MESSAGE][PASSED] - Text '' is set on object 'Object Repository/IWP30/Page_EmulatorAgencyX/Country'

25-10-2024T02:23:55 - [MESSAGE][PASSED] - Text '' is set on object 'Object Repository/IWP30/Page_EmulatorAgencyX/City'

25-10-2024T02:23:56 - [MESSAGE][PASSED] - Text '' is set on object 'Object Repository/IWP30/Page_EmulatorAgencyX/State'

25-10-2024T02:23:56 - [MESSAGE][PASSED] - Text '' is set on object 'Object Repository/IWP30/Page_EmulatorAgencyX/ZIP'

25-10-2024T02:23:57 - [MESSAGE][PASSED] - Text '' is set on object 'Object Repository/IWP30/Page_EmulatorAgencyX/Order'

25-10-2024T02:23:57 - [MESSAGE][PASSED] - Text '' is set on object 'Object Repository/IWP30/Page_EmulatorAgencyX/Company'

25-10-2024T02:23:58 - [MESSAGE][PASSED] - Text '' is set on object 'Object Repository/IWP30/Page_EmulatorAgencyX/Email'

25-10-2024T02:23:59 - [MESSAGE][PASSED] - Text '' is set on object 'Object Repository/IWP30/Page_EmulatorAgencyX/UDF1'

25-10-2024T02:23:59 - [MESSAGE][PASSED] - Text '' is set on object 'Object Repository/IWP30/Page_EmulatorAgencyX/UDF2'

25-10-2024T02:24:00 - [MESSAGE][PASSED] - Text '' is set on object 'Object Repository/IWP30/Page_EmulatorAgencyX/UDF3'

25-10-2024T02:24:00 - [MESSAGE][PASSED] - Text 'udf data 4' is set on object 'Object Repository/IWP30/Page_EmulatorAgencyX/UDF4'

25-10-2024T02:24:01 - [MESSAGE][PASSED] - Text 'udf data 5' is set on object 'Object Repository/IWP30/Page_EmulatorAgencyX/UDF5'

25-10-2024T02:24:02 - [MESSAGE][PASSED] - Text '' is set on object 'Object Repository/IWP30/Page_EmulatorAgencyX/UDF6'

25-10-2024T02:24:02 - [MESSAGE][PASSED] - Text '' is set on object 'Object Repository/IWP30/Page_EmulatorAgencyX/UDF7'

25-10-2024T02:24:03 - [MESSAGE][PASSED] - Text '' is set on object 'Object Repository/IWP30/Page_EmulatorAgencyX/UDF8'

25-10-2024T02:24:03 - [MESSAGE][PASSED] - Text 'udf data 9' is set on object 'Object Repository/IWP30/Page_EmulatorAgencyX/UDF9'

25-10-2024T02:24:04 - [MESSAGE][PASSED] - Text 'udf data 10' is set on object 'Object Repository/IWP30/Page_EmulatorAgencyX/UDF10'

25-10-2024T02:24:05 - [MESSAGE][PASSED] - Object: 'Object Repository/IWP30/Page_EmulatorAgencyX/Submit' is clicked on

25-10-2024T02:24:10 - [MESSAGE][PASSED] - Browser is closed

25-10-2024T02:24:14 - [MESSAGE][PASSED] - iwpPages.emulatorIWP30.setDataEmulator_DD is PASSED

25-10-2024T02:24:14 - [TEST_STEP][PASSED] - testHarnessURL = urlTestHarness: null

25-10-2024T02:24:14 - [TEST_STEP][PASSED] - openBrowser(testHarnessURL): Browser is opened with url: 'https://dev-algorithm.govolution.com/vrelaytest/QA2/version_2_2/vrelaytest.html'

25-10-2024T02:24:14 - [MESSAGE][INFO] - Starting 'Edge Chromium' driver

25-10-2024T02:24:14 - [MESSAGE][INFO] - User set preference: ['acceptInsecureCerts', 'true']

25-10-2024T02:24:16 - [MESSAGE][INFO] - Action delay is set to 0 milliseconds

25-10-2024T02:24:19 - [MESSAGE][PASSED] - Browser is opened with url: 'https://dev-algorithm.govolution.com/vrelaytest/QA2/version_2_2/vrelaytest.html'

25-10-2024T02:24:19 - [TEST_STEP][PASSED] - maximizeWindow(): Current window maximized

25-10-2024T02:24:19 - [MESSAGE][PASSED] - Current window maximized

25-10-2024T02:24:19 - [TEST_STEP][PASSED] - iwpPages.TestHarnessPage.setDataMethod(row, dataFile): iwpPages.TestHarnessPage.setDataMethod is PASSED

25-10-2024T02:24:20 - [MESSAGE][PASSED] - Object 'Object Repository/IWP30/Page_QATestHarness/RemittanceID' is present

25-10-2024T02:24:20 - [MESSAGE][PASSED] - Text '649' is set on object 'Object Repository/IWP30/Page_QATestHarness/ApplicationID'

25-10-2024T02:24:21 - [MESSAGE][PASSED] - Text '3.0' is set on object 'Object Repository/IWP30/Page_QATestHarness/MessageVersion'

25-10-2024T02:24:22 - [MESSAGE][PASSED] - Text 'UfOD8kyKko1A' is set on object 'Object Repository/IWP30/Page_QATestHarness/RemittanceID'

25-10-2024T02:24:25 - [MESSAGE][PASSED] - Object: 'Object Repository/IWP30/Page_QATestHarness/SubmitButton' is clicked on

25-10-2024T02:24:25 - [MESSAGE][PASSED] - iwpPages.TestHarnessPage.setDataMethod is PASSED

25-10-2024T02:24:25 - [TEST_STEP][PASSED] - click(findTestObject("Object Repository/IWP30/Page_SelectPaymentMethod/PayByCorporateCheck")): Object: 'Object Repository/IWP30/Page_SelectPaymentMethod/PayByCorporateCheck' is clicked on

25-10-2024T02:24:26 - [MESSAGE][PASSED] - Object: 'Object Repository/IWP30/Page_SelectPaymentMethod/PayByCorporateCheck' is clicked on

25-10-2024T02:24:26 - [TEST_STEP][PASSED] - click(findTestObject("Object Repository/IWP30/Page_SelectPaymentMethod/MakePaymentButton")): Object: 'Object Repository/IWP30/Page_SelectPaymentMethod/MakePaymentButton' is clicked on

25-10-2024T02:24:28 - [MESSAGE][PASSED] - Object: 'Object Repository/IWP30/Page_SelectPaymentMethod/MakePaymentButton' is clicked on

25-10-2024T02:24:28 - [TEST_STEP][PASSED] - iwpPages.achCorporatePaymentEntryPage.setDataCorporate(row, dataFile): iwpPages.achCorporatePaymentEntryPage.setDataCorporate is PASSED

25-10-2024T02:24:29 - [MESSAGE][PASSED] - Object 'Object Repository/IWP30/Page_ACHCorporatePaymentEntry/txt_accountNumber' is present

25-10-2024T02:24:29 - [MESSAGE][PASSED] - Object 'Object Repository/IWP30/Page_ACHCorporatePaymentEntry/input_CompanyName' is present

25-10-2024T02:24:30 - [MESSAGE][PASSED] - Text 'My Company' is set on object 'Object Repository/IWP30/Page_ACHCorporatePaymentEntry/input_CompanyName'

25-10-2024T02:24:30 - [MESSAGE][PASSED] - Object 'Object Repository/IWP30/Page_ACHCorporatePaymentEntry/input_EIN' is present

25-10-2024T02:24:31 - [MESSAGE][PASSED] - Text '123456789' is set on object 'Object Repository/IWP30/Page_ACHCorporatePaymentEntry/input_EIN'

25-10-2024T02:24:31 - [MESSAGE][PASSED] - Text '10.50' is set on object 'Object Repository/IWP30/Page_ACHCorporatePaymentEntry/txt_Amount'

25-10-2024T02:24:32 - [MESSAGE][PASSED] - Text 'udf data 2' is set on object 'Object Repository/IWP30/Page_ACHCorporatePaymentEntry/txt_UDF2'

25-10-2024T02:24:33 - [MESSAGE][PASSED] - Text 'udf data 3' is set on object 'Object Repository/IWP30/Page_ACHCorporatePaymentEntry/txt_UDF3'

25-10-2024T02:24:33 - [MESSAGE][PASSED] - All options with label 'Orange' are selected in object 'Object Repository/IWP30/Page_ACHCorporatePaymentEntry/dd_UDF7' 

25-10-2024T02:24:34 - [MESSAGE][PASSED] - All options with label 'Soccer' are selected in object 'Object Repository/IWP30/Page_ACHCorporatePaymentEntry/dd_UDF8' 

25-10-2024T02:24:34 - [MESSAGE][PASSED] - Object 'Object Repository/IWP30/Page_ACHCorporatePaymentEntry/txt_routingNumber' is present

25-10-2024T02:24:35 - [MESSAGE][PASSED] - Text '256072691' is set on object 'Object Repository/IWP30/Page_ACHCorporatePaymentEntry/txt_routingNumber'

25-10-2024T02:24:35 - [MESSAGE][PASSED] - Object 'Object Repository/IWP30/Page_ACHCorporatePaymentEntry/txt_accountNumber' is present

25-10-2024T02:24:36 - [MESSAGE][PASSED] - Text '12344444' is set on object 'Object Repository/IWP30/Page_ACHCorporatePaymentEntry/txt_accountNumber'

25-10-2024T02:24:37 - [MESSAGE][PASSED] - Object 'Object Repository/IWP30/Page_ACHCorporatePaymentEntry/txt_confirmAccountNumber' is present

25-10-2024T02:24:37 - [MESSAGE][PASSED] - Text '12344444' is set on object 'Object Repository/IWP30/Page_ACHCorporatePaymentEntry/txt_confirmAccountNumber'

25-10-2024T02:24:37 - [MESSAGE][PASSED] - Execute JavaScript '
				   document.getElementById('processDate').value = '08/09/2025'
				  ' successfully

25-10-2024T02:24:38 - [MESSAGE][PASSED] - Text '365 Main Avenue' is set on object 'Object Repository/IWP30/Page_ACHCorporatePaymentEntry/txt_AL1'

25-10-2024T02:24:38 - [MESSAGE][PASSED] - Text '22201' is set on object 'Object Repository/IWP30/Page_ACHCorporatePaymentEntry/txt_ZIP'

25-10-2024T02:24:39 - [MESSAGE][PASSED] - Object 'Object Repository/IWP30/Page_ACHCorporatePaymentEntry/txt_Email' is present

25-10-2024T02:24:40 - [MESSAGE][PASSED] - Text 'iahmed@govolution.com' is set on object 'Object Repository/IWP30/Page_ACHCorporatePaymentEntry/txt_Email'

25-10-2024T02:24:40 - [MESSAGE][PASSED] - Object 'Object Repository/IWP30/Page_ACHCorporatePaymentEntry/cb_TermsAndCond' is present

25-10-2024T02:24:41 - [MESSAGE][PASSED] - Object: 'Object Repository/IWP30/Page_ACHCorporatePaymentEntry/cb_TermsAndCond' is clicked on

25-10-2024T02:24:41 - [MESSAGE][PASSED] - Object 'Object Repository/IWP30/Page_ACHCorporatePaymentEntry/btn_Continue' is present

25-10-2024T02:24:42 - [MESSAGE][PASSED] - Object: 'Object Repository/IWP30/Page_ACHCorporatePaymentEntry/btn_Continue' is clicked on

25-10-2024T02:24:42 - [MESSAGE][PASSED] - iwpPages.achCorporatePaymentEntryPage.setDataCorporate is PASSED

25-10-2024T02:24:42 - [TEST_STEP][PASSED] - click(findTestObject("Object Repository/IWP30/Page_Confirmation/ConfirmButton")): Object: 'Object Repository/IWP30/Page_Confirmation/ConfirmButton' is clicked on

25-10-2024T02:25:13 - [MESSAGE][INFO] - Unable to find the element located by 'By.xpath: //*[@type = 'submit' and @name = 'confirmNotifyAction' and @id = 'submitYes' and @value = 'Confirm']'. Please recheck the objects properties to make sure the desired element is located. 

25-10-2024T02:25:13 - [MESSAGE][WARNING] - [SELF-HEALING] Failed to find element with id 'Object Repository/IWP30/Page_Confirmation/ConfirmButton'. Try using Self-healing.

25-10-2024T02:25:13 - [MESSAGE][WARNING] - [SELF-HEALING] The current locator of test object 'Object Repository/IWP30/Page_Confirmation/ConfirmButton' was broken. Propose an alternative one: '//div/input'.

25-10-2024T02:25:15 - [MESSAGE][PASSED] - Object: 'Object Repository/IWP30/Page_Confirmation/ConfirmButton' is clicked on

25-10-2024T02:25:15 - [TEST_STEP][PASSED] - Thread.sleep(2000): null

25-10-2024T02:25:17 - [TEST_STEP][PASSED] - if (verifyTextPresent("Deferred", false)): null

25-10-2024T02:25:17 - [MESSAGE][PASSED] - Text 'Deferred' is present on page 

25-10-2024T02:25:17 - [TEST_STEP][PASSED] - println("Deferred is present on page. Deferred Pay is created"): null

25-10-2024T02:25:17 - [TEST_STEP][PASSED] - click(findTestObject("Object Repository/IWP30/Page_Receipt/ViewScheduledPaymentsButton")): Object: 'Object Repository/IWP30/Page_Receipt/ViewScheduledPaymentsButton' is clicked on

25-10-2024T02:25:18 - [MESSAGE][PASSED] - Object: 'Object Repository/IWP30/Page_Receipt/ViewScheduledPaymentsButton' is clicked on

25-10-2024T02:25:18 - [TEST_STEP][PASSED] - switchToWindowTitle("View Scheduled Payments"): Switched to window with title: 'View Scheduled Payments'

25-10-2024T02:25:18 - [MESSAGE][PASSED] - Switched to window with title: 'View Scheduled Payments'

25-10-2024T02:25:18 - [TEST_STEP][PASSED] - Thread.sleep(5000): null

25-10-2024T02:25:23 - [TEST_STEP][PASSED] - if (verifyTextPresent("View Scheduled Payments", false)): null

25-10-2024T02:25:23 - [MESSAGE][PASSED] - Text 'View Scheduled Payments' is present on page 

25-10-2024T02:25:23 - [TEST_STEP][PASSED] - click(findTestObject("Object Repository/IWP30/Page_ScheduledPayments/edit_payment")): Object: 'Object Repository/IWP30/Page_ScheduledPayments/edit_payment' is clicked on

25-10-2024T02:25:26 - [MESSAGE][PASSED] - Object: 'Object Repository/IWP30/Page_ScheduledPayments/edit_payment' is clicked on

25-10-2024T02:25:26 - [TEST_STEP][PASSED] - iwpPages.editSchedulePayment.setDataSchedPayment(row, dataFile): iwpPages.editSchedulePayment.setDataSchedPayment is PASSED

25-10-2024T02:25:27 - [MESSAGE][PASSED] - Text 'Edit Payment Plan' is present on page 

25-10-2024T02:25:27 - [MESSAGE][PASSED] - All options with label 'Orange' are selected in object 'Object Repository/IWP30/Page_CCPaymentEntry/UserDefined7' 

25-10-2024T02:25:28 - [MESSAGE][PASSED] - All options with label 'Soccer' are selected in object 'Object Repository/IWP30/Page_CCPaymentEntry/UserDefined8' 

25-10-2024T02:25:28 - [MESSAGE][PASSED] - Execute JavaScript '
				   document.getElementById('processDate').value = '08/09/2045'
				  ' successfully

25-10-2024T02:25:28 - [MESSAGE][PASSED] - iwpPages.editSchedulePayment.setDataSchedPayment is PASSED

25-10-2024T02:25:28 - [TEST_STEP][PASSED] - click(findTestObject("Object Repository/Page_EditSchedPayment/chkbox_acceptterms")): Object: 'Object Repository/Page_EditSchedPayment/chkbox_acceptterms' is clicked on

25-10-2024T02:25:28 - [MESSAGE][PASSED] - Object: 'Object Repository/Page_EditSchedPayment/chkbox_acceptterms' is clicked on

25-10-2024T02:25:28 - [TEST_STEP][PASSED] - click(findTestObject("Object Repository/Page_EditSchedPayment/btn_update")): Object: 'Object Repository/Page_EditSchedPayment/btn_update' is clicked on

25-10-2024T02:25:30 - [MESSAGE][PASSED] - Object: 'Object Repository/Page_EditSchedPayment/btn_update' is clicked on

25-10-2024T02:25:30 - [TEST_STEP][PASSED] - if (verifyTextPresent("Successful Payment Plan Update", false)): null

25-10-2024T02:25:30 - [MESSAGE][PASSED] - Text 'Successful Payment Plan Update' is present on page 

25-10-2024T02:25:30 - [TEST_STEP][PASSED] - click(findTestObject("Object Repository/IWP30/Page_SuccesfulUpdate/btn_back")): Object: 'Object Repository/IWP30/Page_SuccesfulUpdate/btn_back' is clicked on

25-10-2024T02:25:31 - [MESSAGE][PASSED] - Object: 'Object Repository/IWP30/Page_SuccesfulUpdate/btn_back' is clicked on

25-10-2024T02:25:31 - [TEST_STEP][PASSED] - click(findTestObject("Object Repository/IWP30/Page_ScheduledPayments/cancel_payment")): Object: 'Object Repository/IWP30/Page_ScheduledPayments/cancel_payment' is clicked on

25-10-2024T02:25:32 - [MESSAGE][PASSED] - Object: 'Object Repository/IWP30/Page_ScheduledPayments/cancel_payment' is clicked on

25-10-2024T02:25:32 - [TEST_STEP][PASSED] - if (verifyTextPresent("Cancel Payment Plan", false)): null

25-10-2024T02:25:33 - [MESSAGE][PASSED] - Text 'Cancel Payment Plan' is present on page 

25-10-2024T02:25:33 - [TEST_STEP][PASSED] - click(findTestObject("Object Repository/IWP30/Page_PaymentPlan/btn_cancel")): Object: 'Object Repository/IWP30/Page_PaymentPlan/btn_cancel' is clicked on

25-10-2024T02:25:33 - [MESSAGE][PASSED] - Object: 'Object Repository/IWP30/Page_PaymentPlan/btn_cancel' is clicked on

25-10-2024T02:25:33 - [TEST_STEP][PASSED] - acceptAlert(): Alert accepted

25-10-2024T02:25:33 - [MESSAGE][PASSED] - Alert accepted

25-10-2024T02:25:33 - [TEST_STEP][PASSED] - if (verifyTextPresent("Your payment plan has been successfully canceled", false)): null

25-10-2024T02:25:35 - [MESSAGE][PASSED] - Text 'Your payment plan has been successfully canceled' is present on page 

25-10-2024T02:25:35 - [TEST_STEP][PASSED] - markPassed("Your payment plan has been successfully created, modified and canceled"): Your payment plan has been successfully created, modified and canceled

25-10-2024T02:25:35 - [MESSAGE][PASSED] - Your payment plan has been successfully created, modified and canceled

25-10-2024T02:25:35 - [TEST_STEP][PASSED] - resText = "Pass": null

25-10-2024T02:25:35 - [TEST_STEP][PASSED] - println(row): null

25-10-2024T02:25:35 - [TEST_STEP][PASSED] - pages.WriteExcel.demoKey(resText, datText, resColumn, datCloumn, fileLoc, nameSheet, row): pages.WriteExcel.demoKey is PASSED

25-10-2024T02:25:35 - [MESSAGE][PASSED] - pages.WriteExcel.demoKey is PASSED

25-10-2024T02:25:35 - [TEST_STEP][PASSED] - closeBrowser(): Browser is closed

25-10-2024T02:25:35 - [MESSAGE][PASSED] - Browser is closed]]></system-out>
         <system-err><![CDATA[]]></system-err>
      </testcase>
      <testcase name="Test Cases/IntegratedWeb/IWP25/Payments/CMCDeferredCredit" time="227.463" classname="Test Cases/IntegratedWeb/IWP25/Payments/CMCDeferredCredit" status="PASSED">
         <system-out><![CDATA[25-10-2024T02:25:35 - [TEST_CASE][PASSED] - Test Cases/IntegratedWeb/IWP25/Payments/CMCDeferredCredit: Test Cases/IntegratedWeb/IWP25/Payments/CMCDeferredCredit

25-10-2024T02:25:36 - [TEST_STEP][PASSED] - resText = "Fail": null

25-10-2024T02:25:36 - [TEST_STEP][PASSED] - resColumn = "Result": null

25-10-2024T02:25:36 - [TEST_STEP][PASSED] - datCloumn = "Date": null

25-10-2024T02:25:36 - [TEST_STEP][PASSED] - fileLoc = "KatalonData/IWPTestData/VRelay25PaymentsExtension.xlsx": null

25-10-2024T02:25:36 - [TEST_STEP][PASSED] - numOfRows = <not implemented yet for class: org.codehaus.groovy.ast.expr.EmptyExpression>: null

25-10-2024T02:25:36 - [TEST_STEP][PASSED] - dataFile = <not implemented yet for class: org.codehaus.groovy.ast.expr.EmptyExpression>: null

25-10-2024T02:25:36 - [TEST_STEP][PASSED] - nameSheet = <not implemented yet for class: org.codehaus.groovy.ast.expr.EmptyExpression>: null

25-10-2024T02:25:36 - [TEST_STEP][PASSED] - dataFileEmulator = <not implemented yet for class: org.codehaus.groovy.ast.expr.EmptyExpression>: null

25-10-2024T02:25:36 - [TEST_STEP][PASSED] - isRequiredTextPresent = false: null

25-10-2024T02:25:36 - [TEST_STEP][PASSED] - nameSheet = "CMCDeferredPlanCredit": null

25-10-2024T02:25:36 - [TEST_STEP][PASSED] - dataFile = "IWPTestData/IWP25CMCDeferredCredit": null

25-10-2024T02:25:36 - [TEST_STEP][PASSED] - dataFileEmulator = "IWPTestData/EmulatorData": null

25-10-2024T02:25:36 - [TEST_STEP][PASSED] - numOfRows = findTestData(dataFile).getRowNumbers(): null

25-10-2024T02:25:36 - [TEST_STEP][PASSED] - println("Number of Records: " + numOfRows): null

25-10-2024T02:25:36 - [TEST_STEP][PASSED] - for ([row = 1, row <= numOfRows, (row++)]): Browser is closed

25-10-2024T02:25:36 - [TEST_STEP][PASSED] - ExecuteTC = findTestData(dataFile).getValue("Execute", row): null

25-10-2024T02:25:36 - [TEST_STEP][PASSED] - out.println("Value of Execute is : " + ExecuteTC): null

25-10-2024T02:25:36 - [TEST_STEP][PASSED] - if (ExecuteTC.equalsIgnoreCase("Y")): null

25-10-2024T02:25:36 - [TEST_STEP][PASSED] - out.println("Begin Record Number: " + row): null

25-10-2024T02:25:36 - [TEST_STEP][PASSED] - today = new java.util.Date(): null

25-10-2024T02:25:36 - [TEST_STEP][PASSED] - println(today): null

25-10-2024T02:25:36 - [TEST_STEP][PASSED] - datText = today: null

25-10-2024T02:25:36 - [TEST_STEP][PASSED] - EmulatorDataKey = findTestData(dataFile).getValue("EmulatorData", row): null

25-10-2024T02:25:36 - [TEST_STEP][PASSED] - out.println("Value of Emulator Key is : " + EmulatorDataKey): null

25-10-2024T02:25:36 - [TEST_STEP][PASSED] - iwpPages.emulatorIWP30.setDataEmulator_DD(EmulatorDataKey): iwpPages.emulatorIWP30.setDataEmulator_DD is PASSED

25-10-2024T02:25:36 - [MESSAGE][INFO] - Starting 'Edge Chromium' driver

25-10-2024T02:25:36 - [MESSAGE][INFO] - User set preference: ['acceptInsecureCerts', 'true']

25-10-2024T02:25:38 - [MESSAGE][INFO] - Action delay is set to 0 milliseconds

25-10-2024T02:25:42 - [MESSAGE][PASSED] - Browser is opened with url: 'https://qa2.velocitypayment.com/agencyx/config.action?action=editor&message_version=2_5'

25-10-2024T02:25:42 - [MESSAGE][PASSED] - Current window maximized

25-10-2024T02:26:13 - [MESSAGE][INFO] - Unable to find the element located by 'By.xpath: //select[@name='message_version']'. Please recheck the objects properties to make sure the desired element is located. 

25-10-2024T02:26:13 - [MESSAGE][WARNING] - [SELF-HEALING] Failed to find element with id 'Object Repository/IWP30/Page_VRelay30Emulator/MV'. Try using Self-healing.

25-10-2024T02:26:13 - [MESSAGE][WARNING] - [SELF-HEALING] The current locator of test object 'Object Repository/IWP30/Page_VRelay30Emulator/MV' was broken. Propose an alternative one: '(.//*[normalize-space(text()) and normalize-space(.)='Message Version'])[1]/following::select[1]'.

25-10-2024T02:26:14 - [MESSAGE][PASSED] - All options with value '2.5' are selected in object 'Object Repository/IWP30/Page_VRelay30Emulator/MV'  using regular expression

25-10-2024T02:26:14 - [MESSAGE][PASSED] - Text '10.50' is set on object 'Object Repository/IWP30/Page_EmulatorAgencyX/Amount'

25-10-2024T02:26:15 - [MESSAGE][PASSED] - Text 'epSfDqutpPYB' is set on object 'Object Repository/IWP30/Page_EmulatorAgencyX/CAN'

25-10-2024T02:26:16 - [MESSAGE][PASSED] - Text 'PayNow' is set on object 'Object Repository/IWP30/Page_EmulatorAgencyX/Action'

25-10-2024T02:26:16 - [MESSAGE][PASSED] - Text 'en_US' is set on object 'Object Repository/IWP30/Page_EmulatorAgencyX/Lang'

25-10-2024T02:26:17 - [MESSAGE][PASSED] - Text '' is set on object 'Object Repository/IWP30/Page_EmulatorAgencyX/Fname'

25-10-2024T02:26:17 - [MESSAGE][PASSED] - Text '' is set on object 'Object Repository/IWP30/Page_EmulatorAgencyX/Lname'

25-10-2024T02:26:18 - [MESSAGE][PASSED] - Text '' is set on object 'Object Repository/IWP30/Page_EmulatorAgencyX/AL1'

25-10-2024T02:26:18 - [MESSAGE][PASSED] - Text '' is set on object 'Object Repository/IWP30/Page_EmulatorAgencyX/AL2'

25-10-2024T02:26:19 - [MESSAGE][PASSED] - Text '' is set on object 'Object Repository/IWP30/Page_EmulatorAgencyX/Country'

25-10-2024T02:26:20 - [MESSAGE][PASSED] - Text '' is set on object 'Object Repository/IWP30/Page_EmulatorAgencyX/City'

25-10-2024T02:26:20 - [MESSAGE][PASSED] - Text '' is set on object 'Object Repository/IWP30/Page_EmulatorAgencyX/State'

25-10-2024T02:26:21 - [MESSAGE][PASSED] - Text '' is set on object 'Object Repository/IWP30/Page_EmulatorAgencyX/ZIP'

25-10-2024T02:26:21 - [MESSAGE][PASSED] - Text '' is set on object 'Object Repository/IWP30/Page_EmulatorAgencyX/Order'

25-10-2024T02:26:22 - [MESSAGE][PASSED] - Text '' is set on object 'Object Repository/IWP30/Page_EmulatorAgencyX/Company'

25-10-2024T02:26:22 - [MESSAGE][PASSED] - Text '' is set on object 'Object Repository/IWP30/Page_EmulatorAgencyX/Email'

25-10-2024T02:26:23 - [MESSAGE][PASSED] - Text '' is set on object 'Object Repository/IWP30/Page_EmulatorAgencyX/UDF1'

25-10-2024T02:26:24 - [MESSAGE][PASSED] - Text '' is set on object 'Object Repository/IWP30/Page_EmulatorAgencyX/UDF2'

25-10-2024T02:26:24 - [MESSAGE][PASSED] - Text '' is set on object 'Object Repository/IWP30/Page_EmulatorAgencyX/UDF3'

25-10-2024T02:26:25 - [MESSAGE][PASSED] - Text 'udf data 4' is set on object 'Object Repository/IWP30/Page_EmulatorAgencyX/UDF4'

25-10-2024T02:26:25 - [MESSAGE][PASSED] - Text 'udf data 5' is set on object 'Object Repository/IWP30/Page_EmulatorAgencyX/UDF5'

25-10-2024T02:26:26 - [MESSAGE][PASSED] - Text '' is set on object 'Object Repository/IWP30/Page_EmulatorAgencyX/UDF6'

25-10-2024T02:26:26 - [MESSAGE][PASSED] - Text '' is set on object 'Object Repository/IWP30/Page_EmulatorAgencyX/UDF7'

25-10-2024T02:26:27 - [MESSAGE][PASSED] - Text '' is set on object 'Object Repository/IWP30/Page_EmulatorAgencyX/UDF8'

25-10-2024T02:26:28 - [MESSAGE][PASSED] - Text 'udf data 9' is set on object 'Object Repository/IWP30/Page_EmulatorAgencyX/UDF9'

25-10-2024T02:26:28 - [MESSAGE][PASSED] - Text 'udf data 10' is set on object 'Object Repository/IWP30/Page_EmulatorAgencyX/UDF10'

25-10-2024T02:26:30 - [MESSAGE][PASSED] - Object: 'Object Repository/IWP30/Page_EmulatorAgencyX/Submit' is clicked on

25-10-2024T02:26:34 - [MESSAGE][PASSED] - Browser is closed

25-10-2024T02:26:38 - [MESSAGE][PASSED] - iwpPages.emulatorIWP30.setDataEmulator_DD is PASSED

25-10-2024T02:26:38 - [TEST_STEP][PASSED] - testHarnessURL = urlTestHarness: null

25-10-2024T02:26:38 - [TEST_STEP][PASSED] - openBrowser(testHarnessURL): Browser is opened with url: 'https://dev-algorithm.govolution.com/vrelaytest/QA2/version_2_2/vrelaytest.html'

25-10-2024T02:26:38 - [MESSAGE][INFO] - Starting 'Edge Chromium' driver

25-10-2024T02:26:38 - [MESSAGE][INFO] - User set preference: ['acceptInsecureCerts', 'true']

25-10-2024T02:26:40 - [MESSAGE][INFO] - Action delay is set to 0 milliseconds

25-10-2024T02:26:43 - [MESSAGE][PASSED] - Browser is opened with url: 'https://dev-algorithm.govolution.com/vrelaytest/QA2/version_2_2/vrelaytest.html'

25-10-2024T02:26:43 - [TEST_STEP][PASSED] - maximizeWindow(): Current window maximized

25-10-2024T02:26:43 - [MESSAGE][PASSED] - Current window maximized

25-10-2024T02:26:43 - [TEST_STEP][PASSED] - iwpPages.TestHarnessPage.setDataMethod(row, dataFile): iwpPages.TestHarnessPage.setDataMethod is PASSED

25-10-2024T02:26:44 - [MESSAGE][PASSED] - Object 'Object Repository/IWP30/Page_QATestHarness/RemittanceID' is present

25-10-2024T02:26:44 - [MESSAGE][PASSED] - Text '638' is set on object 'Object Repository/IWP30/Page_QATestHarness/ApplicationID'

25-10-2024T02:26:45 - [MESSAGE][PASSED] - Text '2.5' is set on object 'Object Repository/IWP30/Page_QATestHarness/MessageVersion'

25-10-2024T02:26:46 - [MESSAGE][PASSED] - Text '4lu2Q07rHMNe' is set on object 'Object Repository/IWP30/Page_QATestHarness/RemittanceID'

25-10-2024T02:26:49 - [MESSAGE][PASSED] - Object: 'Object Repository/IWP30/Page_QATestHarness/SubmitButton' is clicked on

25-10-2024T02:26:49 - [MESSAGE][PASSED] - iwpPages.TestHarnessPage.setDataMethod is PASSED

25-10-2024T02:26:49 - [TEST_STEP][PASSED] - click(findTestObject("Object Repository/IWP30/Page_SelectPaymentMethod/PayByCreditCard")): Object: 'Object Repository/IWP30/Page_SelectPaymentMethod/PayByCreditCard' is clicked on

25-10-2024T02:26:50 - [MESSAGE][PASSED] - Object: 'Object Repository/IWP30/Page_SelectPaymentMethod/PayByCreditCard' is clicked on

25-10-2024T02:26:50 - [TEST_STEP][PASSED] - click(findTestObject("Object Repository/IWP30/Page_SelectPaymentMethod/MakePaymentButton")): Object: 'Object Repository/IWP30/Page_SelectPaymentMethod/MakePaymentButton' is clicked on

25-10-2024T02:26:53 - [MESSAGE][PASSED] - Object: 'Object Repository/IWP30/Page_SelectPaymentMethod/MakePaymentButton' is clicked on

25-10-2024T02:26:53 - [TEST_STEP][PASSED] - iwpPages.ccPaymentEntryPage.setDataCCPM(row, dataFile): iwpPages.ccPaymentEntryPage.setDataCCPM is PASSED

25-10-2024T02:26:54 - [MESSAGE][PASSED] - Object 'Object Repository/IWP30/Page_CCPaymentEntry/Name' is present

25-10-2024T02:26:55 - [MESSAGE][PASSED] - Text '10.50' is set on object 'Object Repository/IWP30/Page_CCPaymentEntry/Amount'

25-10-2024T02:26:56 - [MESSAGE][PASSED] - Text 'udf data 2' is set on object 'Object Repository/IWP30/Page_CCPaymentEntry/UserDefined2'

25-10-2024T02:26:56 - [MESSAGE][PASSED] - Text 'udf data 3' is set on object 'Object Repository/IWP30/Page_CCPaymentEntry/UserDefined3'

25-10-2024T02:26:57 - [MESSAGE][PASSED] - All options with label 'Orange' are selected in object 'Object Repository/IWP30/Page_CCPaymentEntry/UserDefined7' 

25-10-2024T02:26:57 - [MESSAGE][PASSED] - All options with label 'Soccer' are selected in object 'Object Repository/IWP30/Page_CCPaymentEntry/UserDefined8' 

25-10-2024T02:26:57 - [MESSAGE][PASSED] - Object 'Object Repository/IWP30/Page_CCPaymentEntry/Name' is present

25-10-2024T02:26:58 - [MESSAGE][PASSED] - Text 'Kavita Ranawati' is set on object 'Object Repository/IWP30/Page_CCPaymentEntry/Name'

25-10-2024T02:26:58 - [MESSAGE][PASSED] - Object 'Object Repository/IWP30/Page_CCPaymentEntry/CardNumber' is present

25-10-2024T02:26:59 - [MESSAGE][PASSED] - Text '4111111111111111' is set on object 'Object Repository/IWP30/Page_CCPaymentEntry/CardNumber'

25-10-2024T02:26:59 - [MESSAGE][PASSED] - Text '123' is set on object 'Object Repository/IWP30/Page_CCPaymentEntry/SPC'

25-10-2024T02:27:00 - [MESSAGE][PASSED] - Object 'Object Repository/IWP30/Page_CCPaymentEntry/Month' is present

25-10-2024T02:27:00 - [MESSAGE][PASSED] - All options with label '01' are selected in object 'Object Repository/IWP30/Page_CCPaymentEntry/Month' 

25-10-2024T02:27:01 - [MESSAGE][PASSED] - Object 'Object Repository/IWP30/Page_CCPaymentEntry/Year' is present

25-10-2024T02:27:01 - [MESSAGE][PASSED] - All options with label '2028' are selected in object 'Object Repository/IWP30/Page_CCPaymentEntry/Year' 

25-10-2024T02:27:01 - [MESSAGE][PASSED] - Execute JavaScript '
				   document.getElementById('processDate').value = '08/09/2025'
				  ' successfully

25-10-2024T02:27:02 - [MESSAGE][PASSED] - Text '365 Main Avenue' is set on object 'Object Repository/IWP30/Page_CCPaymentEntry/AL1'

25-10-2024T02:27:03 - [MESSAGE][PASSED] - Text '22201' is set on object 'Object Repository/IWP30/Page_CCPaymentEntry/ZIP'

25-10-2024T02:27:03 - [MESSAGE][PASSED] - Object 'Object Repository/IWP30/Page_CCPaymentEntry/EmailAddress' is present

25-10-2024T02:27:04 - [MESSAGE][PASSED] - Text 'iahmed@govolution.com' is set on object 'Object Repository/IWP30/Page_CCPaymentEntry/EmailAddress'

25-10-2024T02:27:04 - [MESSAGE][PASSED] - Object 'Object Repository/IWP30/Page_CCPaymentEntry/TermCondCheckBox' is present

25-10-2024T02:27:05 - [MESSAGE][PASSED] - Object 'Object Repository/IWP30/Page_CCPaymentEntry/TermCondCheckBox' is checked

25-10-2024T02:27:05 - [MESSAGE][PASSED] - Object 'Object Repository/IWP30/Page_CCPaymentEntry/ContinueButton' is present

25-10-2024T02:27:07 - [MESSAGE][PASSED] - Object: 'Object Repository/IWP30/Page_CCPaymentEntry/ContinueButton' is clicked on

25-10-2024T02:27:07 - [MESSAGE][PASSED] - iwpPages.ccPaymentEntryPage.setDataCCPM is PASSED

25-10-2024T02:27:07 - [TEST_STEP][PASSED] - click(findTestObject("Object Repository/IWP30/Page_Confirmation/ConfirmButton")): Object: 'Object Repository/IWP30/Page_Confirmation/ConfirmButton' is clicked on

25-10-2024T02:27:09 - [MESSAGE][PASSED] - Object: 'Object Repository/IWP30/Page_Confirmation/ConfirmButton' is clicked on

25-10-2024T02:27:09 - [TEST_STEP][PASSED] - Thread.sleep(2000): null

25-10-2024T02:27:11 - [TEST_STEP][PASSED] - if (verifyTextPresent("Deferred", false)): null

25-10-2024T02:27:12 - [MESSAGE][PASSED] - Text 'Deferred' is present on page 

25-10-2024T02:27:12 - [TEST_STEP][PASSED] - println("Deferred is present on page. Deferred Pay is created"): null

25-10-2024T02:27:12 - [TEST_STEP][PASSED] - click(findTestObject("Object Repository/IWP30/Page_Receipt/ViewScheduledPaymentsButton")): Object: 'Object Repository/IWP30/Page_Receipt/ViewScheduledPaymentsButton' is clicked on

25-10-2024T02:27:12 - [MESSAGE][PASSED] - Object: 'Object Repository/IWP30/Page_Receipt/ViewScheduledPaymentsButton' is clicked on

25-10-2024T02:27:12 - [TEST_STEP][PASSED] - switchToWindowTitle("View Scheduled Payments"): Switched to window with title: 'View Scheduled Payments'

25-10-2024T02:27:12 - [MESSAGE][PASSED] - Switched to window with title: 'View Scheduled Payments'

25-10-2024T02:27:12 - [TEST_STEP][PASSED] - Thread.sleep(5000): null

25-10-2024T02:27:17 - [TEST_STEP][PASSED] - if (verifyTextPresent("View Scheduled Payments", false)): null

25-10-2024T02:27:17 - [MESSAGE][PASSED] - Text 'View Scheduled Payments' is present on page 

25-10-2024T02:27:17 - [TEST_STEP][PASSED] - click(findTestObject("Object Repository/IWP30/Page_ScheduledPayments/edit_payment")): Object: 'Object Repository/IWP30/Page_ScheduledPayments/edit_payment' is clicked on

25-10-2024T02:27:20 - [MESSAGE][PASSED] - Object: 'Object Repository/IWP30/Page_ScheduledPayments/edit_payment' is clicked on

25-10-2024T02:27:20 - [TEST_STEP][PASSED] - iwpPages.editSchedulePayment.setDataSchedPayment(row, dataFile): iwpPages.editSchedulePayment.setDataSchedPayment is PASSED

25-10-2024T02:27:21 - [MESSAGE][PASSED] - Text 'Edit Payment Plan' is present on page 

25-10-2024T02:27:21 - [MESSAGE][PASSED] - All options with label 'Orange' are selected in object 'Object Repository/IWP30/Page_CCPaymentEntry/UserDefined7' 

25-10-2024T02:27:22 - [MESSAGE][PASSED] - All options with label 'Soccer' are selected in object 'Object Repository/IWP30/Page_CCPaymentEntry/UserDefined8' 

25-10-2024T02:27:22 - [MESSAGE][PASSED] - Text '123' is set on object 'Object Repository/IWP30/Page_CCPaymentEntry/SPC'

25-10-2024T02:27:22 - [MESSAGE][PASSED] - Execute JavaScript '
				   document.getElementById('processDate').value = '08/09/2045'
				  ' successfully

25-10-2024T02:27:22 - [MESSAGE][PASSED] - iwpPages.editSchedulePayment.setDataSchedPayment is PASSED

25-10-2024T02:27:22 - [TEST_STEP][PASSED] - click(findTestObject("Object Repository/Page_EditSchedPayment/chkbox_acceptterms")): Object: 'Object Repository/Page_EditSchedPayment/chkbox_acceptterms' is clicked on

25-10-2024T02:27:23 - [MESSAGE][PASSED] - Object: 'Object Repository/Page_EditSchedPayment/chkbox_acceptterms' is clicked on

25-10-2024T02:27:23 - [TEST_STEP][PASSED] - click(findTestObject("Object Repository/Page_EditSchedPayment/btn_update")): Object: 'Object Repository/Page_EditSchedPayment/btn_update' is clicked on

25-10-2024T02:27:25 - [MESSAGE][PASSED] - Object: 'Object Repository/Page_EditSchedPayment/btn_update' is clicked on

25-10-2024T02:27:25 - [TEST_STEP][PASSED] - if (verifyTextPresent("Successful Payment Plan Update", false)): null

25-10-2024T02:27:26 - [MESSAGE][PASSED] - Text 'Successful Payment Plan Update' is present on page 

25-10-2024T02:27:26 - [TEST_STEP][PASSED] - click(findTestObject("Object Repository/IWP30/Page_SuccesfulUpdate/btn_back")): Object: 'Object Repository/IWP30/Page_SuccesfulUpdate/btn_back' is clicked on

25-10-2024T02:27:27 - [MESSAGE][PASSED] - Object: 'Object Repository/IWP30/Page_SuccesfulUpdate/btn_back' is clicked on

25-10-2024T02:27:27 - [TEST_STEP][PASSED] - click(findTestObject("Object Repository/IWP30/Page_ScheduledPayments/cancel_payment")): Object: 'Object Repository/IWP30/Page_ScheduledPayments/cancel_payment' is clicked on

25-10-2024T02:27:28 - [MESSAGE][PASSED] - Object: 'Object Repository/IWP30/Page_ScheduledPayments/cancel_payment' is clicked on

25-10-2024T02:27:28 - [TEST_STEP][PASSED] - if (verifyTextPresent("Cancel Payment Plan", false)): null

25-10-2024T02:27:29 - [MESSAGE][PASSED] - Text 'Cancel Payment Plan' is present on page 

25-10-2024T02:27:29 - [TEST_STEP][PASSED] - click(findTestObject("Object Repository/IWP30/Page_PaymentPlan/btn_cancel")): Object: 'Object Repository/IWP30/Page_PaymentPlan/btn_cancel' is clicked on

25-10-2024T02:27:29 - [MESSAGE][PASSED] - Object: 'Object Repository/IWP30/Page_PaymentPlan/btn_cancel' is clicked on

25-10-2024T02:27:29 - [TEST_STEP][PASSED] - acceptAlert(): Alert accepted

25-10-2024T02:27:29 - [MESSAGE][PASSED] - Alert accepted

25-10-2024T02:27:29 - [TEST_STEP][PASSED] - if (verifyTextPresent("Your payment plan has been successfully canceled", false)): null

25-10-2024T02:27:31 - [MESSAGE][PASSED] - Text 'Your payment plan has been successfully canceled' is present on page 

25-10-2024T02:27:31 - [TEST_STEP][PASSED] - markPassed("Your payment plan has been successfully created, modified and canceled"): Your payment plan has been successfully created, modified and canceled

25-10-2024T02:27:31 - [MESSAGE][PASSED] - Your payment plan has been successfully created, modified and canceled

25-10-2024T02:27:31 - [TEST_STEP][PASSED] - resText = "Pass": null

25-10-2024T02:27:31 - [TEST_STEP][PASSED] - println(row): null

25-10-2024T02:27:31 - [TEST_STEP][PASSED] - pages.WriteExcel.demoKey(resText, datText, resColumn, datCloumn, fileLoc, nameSheet, row): pages.WriteExcel.demoKey is PASSED

25-10-2024T02:27:31 - [MESSAGE][PASSED] - pages.WriteExcel.demoKey is PASSED

25-10-2024T02:27:31 - [TEST_STEP][PASSED] - closeBrowser(): Browser is closed

25-10-2024T02:27:31 - [MESSAGE][PASSED] - Browser is closed

25-10-2024T02:27:31 - [TEST_STEP][PASSED] - ExecuteTC = findTestData(dataFile).getValue("Execute", row): null

25-10-2024T02:27:31 - [TEST_STEP][PASSED] - out.println("Value of Execute is : " + ExecuteTC): null

25-10-2024T02:27:31 - [TEST_STEP][PASSED] - if (ExecuteTC.equalsIgnoreCase("Y")): null

25-10-2024T02:27:31 - [TEST_STEP][PASSED] - out.println("Begin Record Number: " + row): null

25-10-2024T02:27:31 - [TEST_STEP][PASSED] - today = new java.util.Date(): null

25-10-2024T02:27:31 - [TEST_STEP][PASSED] - println(today): null

25-10-2024T02:27:31 - [TEST_STEP][PASSED] - datText = today: null

25-10-2024T02:27:31 - [TEST_STEP][PASSED] - EmulatorDataKey = findTestData(dataFile).getValue("EmulatorData", row): null

25-10-2024T02:27:31 - [TEST_STEP][PASSED] - out.println("Value of Emulator Key is : " + EmulatorDataKey): null

25-10-2024T02:27:31 - [TEST_STEP][PASSED] - iwpPages.emulatorIWP30.setDataEmulator_DD(EmulatorDataKey): iwpPages.emulatorIWP30.setDataEmulator_DD is PASSED

25-10-2024T02:27:31 - [MESSAGE][INFO] - Starting 'Edge Chromium' driver

25-10-2024T02:27:31 - [MESSAGE][INFO] - User set preference: ['acceptInsecureCerts', 'true']

25-10-2024T02:27:33 - [MESSAGE][INFO] - Action delay is set to 0 milliseconds

25-10-2024T02:27:37 - [MESSAGE][PASSED] - Browser is opened with url: 'https://qa2.velocitypayment.com/agencyx/config.action?action=editor&message_version=3_0'

25-10-2024T02:27:37 - [MESSAGE][PASSED] - Current window maximized

25-10-2024T02:28:08 - [MESSAGE][INFO] - Unable to find the element located by 'By.xpath: //select[@name='message_version']'. Please recheck the objects properties to make sure the desired element is located. 

25-10-2024T02:28:08 - [MESSAGE][WARNING] - [SELF-HEALING] Failed to find element with id 'Object Repository/IWP30/Page_VRelay30Emulator/MV'. Try using Self-healing.

25-10-2024T02:28:08 - [MESSAGE][WARNING] - [SELF-HEALING] The current locator of test object 'Object Repository/IWP30/Page_VRelay30Emulator/MV' was broken. Propose an alternative one: '(.//*[normalize-space(text()) and normalize-space(.)='Message Version'])[1]/following::select[1]'.

25-10-2024T02:28:09 - [MESSAGE][PASSED] - All options with value '3.0' are selected in object 'Object Repository/IWP30/Page_VRelay30Emulator/MV'  using regular expression

25-10-2024T02:28:09 - [MESSAGE][PASSED] - Text '10.50' is set on object 'Object Repository/IWP30/Page_EmulatorAgencyX/Amount'

25-10-2024T02:28:10 - [MESSAGE][PASSED] - Text 'kg2Us5suMEPU' is set on object 'Object Repository/IWP30/Page_EmulatorAgencyX/CAN'

25-10-2024T02:28:11 - [MESSAGE][PASSED] - Text 'PayNow' is set on object 'Object Repository/IWP30/Page_EmulatorAgencyX/Action'

25-10-2024T02:28:11 - [MESSAGE][PASSED] - Text 'en_US' is set on object 'Object Repository/IWP30/Page_EmulatorAgencyX/Lang'

25-10-2024T02:28:12 - [MESSAGE][PASSED] - Text '' is set on object 'Object Repository/IWP30/Page_EmulatorAgencyX/Fname'

25-10-2024T02:28:12 - [MESSAGE][PASSED] - Text '' is set on object 'Object Repository/IWP30/Page_EmulatorAgencyX/Lname'

25-10-2024T02:28:13 - [MESSAGE][PASSED] - Text '' is set on object 'Object Repository/IWP30/Page_EmulatorAgencyX/AL1'

25-10-2024T02:28:14 - [MESSAGE][PASSED] - Text '' is set on object 'Object Repository/IWP30/Page_EmulatorAgencyX/AL2'

25-10-2024T02:28:14 - [MESSAGE][PASSED] - Text '' is set on object 'Object Repository/IWP30/Page_EmulatorAgencyX/Country'

25-10-2024T02:28:15 - [MESSAGE][PASSED] - Text '' is set on object 'Object Repository/IWP30/Page_EmulatorAgencyX/City'

25-10-2024T02:28:15 - [MESSAGE][PASSED] - Text '' is set on object 'Object Repository/IWP30/Page_EmulatorAgencyX/State'

25-10-2024T02:28:16 - [MESSAGE][PASSED] - Text '' is set on object 'Object Repository/IWP30/Page_EmulatorAgencyX/ZIP'

25-10-2024T02:28:16 - [MESSAGE][PASSED] - Text '' is set on object 'Object Repository/IWP30/Page_EmulatorAgencyX/Order'

25-10-2024T02:28:17 - [MESSAGE][PASSED] - Text '' is set on object 'Object Repository/IWP30/Page_EmulatorAgencyX/Company'

25-10-2024T02:28:18 - [MESSAGE][PASSED] - Text '' is set on object 'Object Repository/IWP30/Page_EmulatorAgencyX/Email'

25-10-2024T02:28:18 - [MESSAGE][PASSED] - Text '' is set on object 'Object Repository/IWP30/Page_EmulatorAgencyX/UDF1'

25-10-2024T02:28:19 - [MESSAGE][PASSED] - Text '' is set on object 'Object Repository/IWP30/Page_EmulatorAgencyX/UDF2'

25-10-2024T02:28:19 - [MESSAGE][PASSED] - Text '' is set on object 'Object Repository/IWP30/Page_EmulatorAgencyX/UDF3'

25-10-2024T02:28:20 - [MESSAGE][PASSED] - Text 'udf data 4' is set on object 'Object Repository/IWP30/Page_EmulatorAgencyX/UDF4'

25-10-2024T02:28:20 - [MESSAGE][PASSED] - Text 'udf data 5' is set on object 'Object Repository/IWP30/Page_EmulatorAgencyX/UDF5'

25-10-2024T02:28:21 - [MESSAGE][PASSED] - Text '' is set on object 'Object Repository/IWP30/Page_EmulatorAgencyX/UDF6'

25-10-2024T02:28:22 - [MESSAGE][PASSED] - Text '' is set on object 'Object Repository/IWP30/Page_EmulatorAgencyX/UDF7'

25-10-2024T02:28:22 - [MESSAGE][PASSED] - Text '' is set on object 'Object Repository/IWP30/Page_EmulatorAgencyX/UDF8'

25-10-2024T02:28:23 - [MESSAGE][PASSED] - Text 'udf data 9' is set on object 'Object Repository/IWP30/Page_EmulatorAgencyX/UDF9'

25-10-2024T02:28:23 - [MESSAGE][PASSED] - Text 'udf data 10' is set on object 'Object Repository/IWP30/Page_EmulatorAgencyX/UDF10'

25-10-2024T02:28:25 - [MESSAGE][PASSED] - Object: 'Object Repository/IWP30/Page_EmulatorAgencyX/Submit' is clicked on

25-10-2024T02:28:29 - [MESSAGE][PASSED] - Browser is closed

25-10-2024T02:28:33 - [MESSAGE][PASSED] - iwpPages.emulatorIWP30.setDataEmulator_DD is PASSED

25-10-2024T02:28:33 - [TEST_STEP][PASSED] - testHarnessURL = urlTestHarness: null

25-10-2024T02:28:33 - [TEST_STEP][PASSED] - openBrowser(testHarnessURL): Browser is opened with url: 'https://dev-algorithm.govolution.com/vrelaytest/QA2/version_2_2/vrelaytest.html'

25-10-2024T02:28:33 - [MESSAGE][INFO] - Starting 'Edge Chromium' driver

25-10-2024T02:28:33 - [MESSAGE][INFO] - User set preference: ['acceptInsecureCerts', 'true']

25-10-2024T02:28:35 - [MESSAGE][INFO] - Action delay is set to 0 milliseconds

25-10-2024T02:28:38 - [MESSAGE][PASSED] - Browser is opened with url: 'https://dev-algorithm.govolution.com/vrelaytest/QA2/version_2_2/vrelaytest.html'

25-10-2024T02:28:38 - [TEST_STEP][PASSED] - maximizeWindow(): Current window maximized

25-10-2024T02:28:38 - [MESSAGE][PASSED] - Current window maximized

25-10-2024T02:28:38 - [TEST_STEP][PASSED] - iwpPages.TestHarnessPage.setDataMethod(row, dataFile): iwpPages.TestHarnessPage.setDataMethod is PASSED

25-10-2024T02:28:39 - [MESSAGE][PASSED] - Object 'Object Repository/IWP30/Page_QATestHarness/RemittanceID' is present

25-10-2024T02:28:39 - [MESSAGE][PASSED] - Text '649' is set on object 'Object Repository/IWP30/Page_QATestHarness/ApplicationID'

25-10-2024T02:28:40 - [MESSAGE][PASSED] - Text '3.0' is set on object 'Object Repository/IWP30/Page_QATestHarness/MessageVersion'

25-10-2024T02:28:41 - [MESSAGE][PASSED] - Text 'cBSF7IbbCcFf' is set on object 'Object Repository/IWP30/Page_QATestHarness/RemittanceID'

25-10-2024T02:28:45 - [MESSAGE][PASSED] - Object: 'Object Repository/IWP30/Page_QATestHarness/SubmitButton' is clicked on

25-10-2024T02:28:45 - [MESSAGE][PASSED] - iwpPages.TestHarnessPage.setDataMethod is PASSED

25-10-2024T02:28:45 - [TEST_STEP][PASSED] - click(findTestObject("Object Repository/IWP30/Page_SelectPaymentMethod/PayByCreditCard")): Object: 'Object Repository/IWP30/Page_SelectPaymentMethod/PayByCreditCard' is clicked on

25-10-2024T02:28:45 - [MESSAGE][PASSED] - Object: 'Object Repository/IWP30/Page_SelectPaymentMethod/PayByCreditCard' is clicked on

25-10-2024T02:28:45 - [TEST_STEP][PASSED] - click(findTestObject("Object Repository/IWP30/Page_SelectPaymentMethod/MakePaymentButton")): Object: 'Object Repository/IWP30/Page_SelectPaymentMethod/MakePaymentButton' is clicked on

25-10-2024T02:28:48 - [MESSAGE][PASSED] - Object: 'Object Repository/IWP30/Page_SelectPaymentMethod/MakePaymentButton' is clicked on

25-10-2024T02:28:48 - [TEST_STEP][PASSED] - iwpPages.ccPaymentEntryPage.setDataCCPM(row, dataFile): iwpPages.ccPaymentEntryPage.setDataCCPM is PASSED

25-10-2024T02:28:49 - [MESSAGE][PASSED] - Object 'Object Repository/IWP30/Page_CCPaymentEntry/Name' is present

25-10-2024T02:28:49 - [MESSAGE][PASSED] - Text '10.50' is set on object 'Object Repository/IWP30/Page_CCPaymentEntry/Amount'

25-10-2024T02:28:50 - [MESSAGE][PASSED] - Text 'udf data 2' is set on object 'Object Repository/IWP30/Page_CCPaymentEntry/UserDefined2'

25-10-2024T02:28:50 - [MESSAGE][PASSED] - Text 'udf data 3' is set on object 'Object Repository/IWP30/Page_CCPaymentEntry/UserDefined3'

25-10-2024T02:28:51 - [MESSAGE][PASSED] - All options with label 'Orange' are selected in object 'Object Repository/IWP30/Page_CCPaymentEntry/UserDefined7' 

25-10-2024T02:28:51 - [MESSAGE][PASSED] - All options with label 'Soccer' are selected in object 'Object Repository/IWP30/Page_CCPaymentEntry/UserDefined8' 

25-10-2024T02:28:52 - [MESSAGE][PASSED] - Object 'Object Repository/IWP30/Page_CCPaymentEntry/Name' is present

25-10-2024T02:28:52 - [MESSAGE][PASSED] - Text 'Kavita Ranawati' is set on object 'Object Repository/IWP30/Page_CCPaymentEntry/Name'

25-10-2024T02:28:53 - [MESSAGE][PASSED] - Object 'Object Repository/IWP30/Page_CCPaymentEntry/CardNumber' is present

25-10-2024T02:28:53 - [MESSAGE][PASSED] - Text '4111111111111111' is set on object 'Object Repository/IWP30/Page_CCPaymentEntry/CardNumber'

25-10-2024T02:28:54 - [MESSAGE][PASSED] - Text '123' is set on object 'Object Repository/IWP30/Page_CCPaymentEntry/SPC'

25-10-2024T02:28:54 - [MESSAGE][PASSED] - Object 'Object Repository/IWP30/Page_CCPaymentEntry/Month' is present

25-10-2024T02:28:55 - [MESSAGE][PASSED] - All options with label '01' are selected in object 'Object Repository/IWP30/Page_CCPaymentEntry/Month' 

25-10-2024T02:28:55 - [MESSAGE][PASSED] - Object 'Object Repository/IWP30/Page_CCPaymentEntry/Year' is present

25-10-2024T02:28:56 - [MESSAGE][PASSED] - All options with label '2028' are selected in object 'Object Repository/IWP30/Page_CCPaymentEntry/Year' 

25-10-2024T02:28:56 - [MESSAGE][PASSED] - Execute JavaScript '
				   document.getElementById('processDate').value = '08/09/2025'
				  ' successfully

25-10-2024T02:28:56 - [MESSAGE][PASSED] - Text '365 Main Avenue' is set on object 'Object Repository/IWP30/Page_CCPaymentEntry/AL1'

25-10-2024T02:28:57 - [MESSAGE][PASSED] - Text '22201' is set on object 'Object Repository/IWP30/Page_CCPaymentEntry/ZIP'

25-10-2024T02:28:57 - [MESSAGE][PASSED] - Object 'Object Repository/IWP30/Page_CCPaymentEntry/EmailAddress' is present

25-10-2024T02:28:58 - [MESSAGE][PASSED] - Text 'iahmed@govolution.com' is set on object 'Object Repository/IWP30/Page_CCPaymentEntry/EmailAddress'

25-10-2024T02:28:58 - [MESSAGE][PASSED] - Object 'Object Repository/IWP30/Page_CCPaymentEntry/TermCondCheckBox' is present

25-10-2024T02:28:59 - [MESSAGE][PASSED] - Object 'Object Repository/IWP30/Page_CCPaymentEntry/TermCondCheckBox' is checked

25-10-2024T02:28:59 - [MESSAGE][PASSED] - Object 'Object Repository/IWP30/Page_CCPaymentEntry/ContinueButton' is present

25-10-2024T02:29:00 - [MESSAGE][PASSED] - Object: 'Object Repository/IWP30/Page_CCPaymentEntry/ContinueButton' is clicked on

25-10-2024T02:29:00 - [MESSAGE][PASSED] - iwpPages.ccPaymentEntryPage.setDataCCPM is PASSED

25-10-2024T02:29:00 - [TEST_STEP][PASSED] - click(findTestObject("Object Repository/IWP30/Page_Confirmation/ConfirmButton")): Object: 'Object Repository/IWP30/Page_Confirmation/ConfirmButton' is clicked on

25-10-2024T02:29:02 - [MESSAGE][PASSED] - Object: 'Object Repository/IWP30/Page_Confirmation/ConfirmButton' is clicked on

25-10-2024T02:29:02 - [TEST_STEP][PASSED] - Thread.sleep(2000): null

25-10-2024T02:29:04 - [TEST_STEP][PASSED] - if (verifyTextPresent("Deferred", false)): null

25-10-2024T02:29:04 - [MESSAGE][PASSED] - Text 'Deferred' is present on page 

25-10-2024T02:29:04 - [TEST_STEP][PASSED] - println("Deferred is present on page. Deferred Pay is created"): null

25-10-2024T02:29:04 - [TEST_STEP][PASSED] - click(findTestObject("Object Repository/IWP30/Page_Receipt/ViewScheduledPaymentsButton")): Object: 'Object Repository/IWP30/Page_Receipt/ViewScheduledPaymentsButton' is clicked on

25-10-2024T02:29:05 - [MESSAGE][PASSED] - Object: 'Object Repository/IWP30/Page_Receipt/ViewScheduledPaymentsButton' is clicked on

25-10-2024T02:29:05 - [TEST_STEP][PASSED] - switchToWindowTitle("View Scheduled Payments"): Switched to window with title: 'View Scheduled Payments'

25-10-2024T02:29:05 - [MESSAGE][PASSED] - Switched to window with title: 'View Scheduled Payments'

25-10-2024T02:29:05 - [TEST_STEP][PASSED] - Thread.sleep(5000): null

25-10-2024T02:29:10 - [TEST_STEP][PASSED] - if (verifyTextPresent("View Scheduled Payments", false)): null

25-10-2024T02:29:10 - [MESSAGE][PASSED] - Text 'View Scheduled Payments' is present on page 

25-10-2024T02:29:10 - [TEST_STEP][PASSED] - click(findTestObject("Object Repository/IWP30/Page_ScheduledPayments/edit_payment")): Object: 'Object Repository/IWP30/Page_ScheduledPayments/edit_payment' is clicked on

25-10-2024T02:29:13 - [MESSAGE][PASSED] - Object: 'Object Repository/IWP30/Page_ScheduledPayments/edit_payment' is clicked on

25-10-2024T02:29:13 - [TEST_STEP][PASSED] - iwpPages.editSchedulePayment.setDataSchedPayment(row, dataFile): iwpPages.editSchedulePayment.setDataSchedPayment is PASSED

25-10-2024T02:29:14 - [MESSAGE][PASSED] - Text 'Edit Payment Plan' is present on page 

25-10-2024T02:29:15 - [MESSAGE][PASSED] - All options with label 'Orange' are selected in object 'Object Repository/IWP30/Page_CCPaymentEntry/UserDefined7' 

25-10-2024T02:29:15 - [MESSAGE][PASSED] - All options with label 'Soccer' are selected in object 'Object Repository/IWP30/Page_CCPaymentEntry/UserDefined8' 

25-10-2024T02:29:16 - [MESSAGE][PASSED] - Text '123' is set on object 'Object Repository/IWP30/Page_CCPaymentEntry/SPC'

25-10-2024T02:29:16 - [MESSAGE][PASSED] - Execute JavaScript '
				   document.getElementById('processDate').value = '08/09/2045'
				  ' successfully

25-10-2024T02:29:16 - [MESSAGE][PASSED] - iwpPages.editSchedulePayment.setDataSchedPayment is PASSED

25-10-2024T02:29:16 - [TEST_STEP][PASSED] - click(findTestObject("Object Repository/Page_EditSchedPayment/chkbox_acceptterms")): Object: 'Object Repository/Page_EditSchedPayment/chkbox_acceptterms' is clicked on

25-10-2024T02:29:16 - [MESSAGE][PASSED] - Object: 'Object Repository/Page_EditSchedPayment/chkbox_acceptterms' is clicked on

25-10-2024T02:29:16 - [TEST_STEP][PASSED] - click(findTestObject("Object Repository/Page_EditSchedPayment/btn_update")): Object: 'Object Repository/Page_EditSchedPayment/btn_update' is clicked on

25-10-2024T02:29:18 - [MESSAGE][PASSED] - Object: 'Object Repository/Page_EditSchedPayment/btn_update' is clicked on

25-10-2024T02:29:18 - [TEST_STEP][PASSED] - if (verifyTextPresent("Successful Payment Plan Update", false)): null

25-10-2024T02:29:18 - [MESSAGE][PASSED] - Text 'Successful Payment Plan Update' is present on page 

25-10-2024T02:29:18 - [TEST_STEP][PASSED] - click(findTestObject("Object Repository/IWP30/Page_SuccesfulUpdate/btn_back")): Object: 'Object Repository/IWP30/Page_SuccesfulUpdate/btn_back' is clicked on

25-10-2024T02:29:19 - [MESSAGE][PASSED] - Object: 'Object Repository/IWP30/Page_SuccesfulUpdate/btn_back' is clicked on

25-10-2024T02:29:19 - [TEST_STEP][PASSED] - click(findTestObject("Object Repository/IWP30/Page_ScheduledPayments/cancel_payment")): Object: 'Object Repository/IWP30/Page_ScheduledPayments/cancel_payment' is clicked on

25-10-2024T02:29:20 - [MESSAGE][PASSED] - Object: 'Object Repository/IWP30/Page_ScheduledPayments/cancel_payment' is clicked on

25-10-2024T02:29:20 - [TEST_STEP][PASSED] - if (verifyTextPresent("Cancel Payment Plan", false)): null

25-10-2024T02:29:21 - [MESSAGE][PASSED] - Text 'Cancel Payment Plan' is present on page 

25-10-2024T02:29:21 - [TEST_STEP][PASSED] - click(findTestObject("Object Repository/IWP30/Page_PaymentPlan/btn_cancel")): Object: 'Object Repository/IWP30/Page_PaymentPlan/btn_cancel' is clicked on

25-10-2024T02:29:21 - [MESSAGE][PASSED] - Object: 'Object Repository/IWP30/Page_PaymentPlan/btn_cancel' is clicked on

25-10-2024T02:29:21 - [TEST_STEP][PASSED] - acceptAlert(): Alert accepted

25-10-2024T02:29:21 - [MESSAGE][PASSED] - Alert accepted

25-10-2024T02:29:21 - [TEST_STEP][PASSED] - if (verifyTextPresent("Your payment plan has been successfully canceled", false)): null

25-10-2024T02:29:22 - [MESSAGE][PASSED] - Text 'Your payment plan has been successfully canceled' is present on page 

25-10-2024T02:29:22 - [TEST_STEP][PASSED] - markPassed("Your payment plan has been successfully created, modified and canceled"): Your payment plan has been successfully created, modified and canceled

25-10-2024T02:29:22 - [MESSAGE][PASSED] - Your payment plan has been successfully created, modified and canceled

25-10-2024T02:29:22 - [TEST_STEP][PASSED] - resText = "Pass": null

25-10-2024T02:29:22 - [TEST_STEP][PASSED] - println(row): null

25-10-2024T02:29:22 - [TEST_STEP][PASSED] - pages.WriteExcel.demoKey(resText, datText, resColumn, datCloumn, fileLoc, nameSheet, row): pages.WriteExcel.demoKey is PASSED

25-10-2024T02:29:22 - [MESSAGE][PASSED] - pages.WriteExcel.demoKey is PASSED

25-10-2024T02:29:22 - [TEST_STEP][PASSED] - closeBrowser(): Browser is closed

25-10-2024T02:29:23 - [MESSAGE][PASSED] - Browser is closed]]></system-out>
         <system-err><![CDATA[]]></system-err>
      </testcase>
      <testcase name="Test Cases/IntegratedWeb/IWP25/Payments/CMCDeferredPC" time="143.152" classname="Test Cases/IntegratedWeb/IWP25/Payments/CMCDeferredPC" status="PASSED">
         <system-out><![CDATA[25-10-2024T02:29:23 - [TEST_CASE][PASSED] - Test Cases/IntegratedWeb/IWP25/Payments/CMCDeferredPC: Test Cases/IntegratedWeb/IWP25/Payments/CMCDeferredPC

25-10-2024T02:29:23 - [TEST_STEP][PASSED] - resText = "Fail": null

25-10-2024T02:29:23 - [TEST_STEP][PASSED] - resColumn = "Result": null

25-10-2024T02:29:23 - [TEST_STEP][PASSED] - datCloumn = "Date": null

25-10-2024T02:29:23 - [TEST_STEP][PASSED] - fileLoc = "KatalonData/IWPTestData/VRelay25PaymentsExtension.xlsx": null

25-10-2024T02:29:23 - [TEST_STEP][PASSED] - numOfRows = <not implemented yet for class: org.codehaus.groovy.ast.expr.EmptyExpression>: null

25-10-2024T02:29:23 - [TEST_STEP][PASSED] - dataFile = <not implemented yet for class: org.codehaus.groovy.ast.expr.EmptyExpression>: null

25-10-2024T02:29:23 - [TEST_STEP][PASSED] - nameSheet = <not implemented yet for class: org.codehaus.groovy.ast.expr.EmptyExpression>: null

25-10-2024T02:29:23 - [TEST_STEP][PASSED] - dataFileEmulator = <not implemented yet for class: org.codehaus.groovy.ast.expr.EmptyExpression>: null

25-10-2024T02:29:23 - [TEST_STEP][PASSED] - isRequiredTextPresent = false: null

25-10-2024T02:29:23 - [TEST_STEP][PASSED] - nameSheet = "CMCDeferredPlanPC": null

25-10-2024T02:29:23 - [TEST_STEP][PASSED] - dataFile = "IWPTestData/IWP25CMCDeferredPC": null

25-10-2024T02:29:23 - [TEST_STEP][PASSED] - dataFileEmulator = "IWPTestData/EmulatorData": null

25-10-2024T02:29:23 - [TEST_STEP][PASSED] - numOfRows = findTestData(dataFile).getRowNumbers(): null

25-10-2024T02:29:23 - [TEST_STEP][PASSED] - println("Number of Records: " + numOfRows): null

25-10-2024T02:29:23 - [TEST_STEP][PASSED] - for ([row = 2, row <= numOfRows, (row++)]): Browser is closed

25-10-2024T02:29:23 - [TEST_STEP][PASSED] - ExecuteTC = findTestData(dataFile).getValue("Execute", row): null

25-10-2024T02:29:23 - [TEST_STEP][PASSED] - out.println("Value of Execute is : " + ExecuteTC): null

25-10-2024T02:29:23 - [TEST_STEP][PASSED] - if (ExecuteTC.equalsIgnoreCase("Y")): null

25-10-2024T02:29:23 - [TEST_STEP][PASSED] - out.println("Begin Record Number: " + row): null

25-10-2024T02:29:23 - [TEST_STEP][PASSED] - today = new java.util.Date(): null

25-10-2024T02:29:23 - [TEST_STEP][PASSED] - println(today): null

25-10-2024T02:29:23 - [TEST_STEP][PASSED] - datText = today: null

25-10-2024T02:29:23 - [TEST_STEP][PASSED] - EmulatorDataKey = findTestData(dataFile).getValue("EmulatorData", row): null

25-10-2024T02:29:23 - [TEST_STEP][PASSED] - out.println("Value of Emulator Key is : " + EmulatorDataKey): null

25-10-2024T02:29:23 - [TEST_STEP][PASSED] - iwpPages.emulatorIWP30.setDataEmulator_DD(EmulatorDataKey): iwpPages.emulatorIWP30.setDataEmulator_DD is PASSED

25-10-2024T02:29:23 - [MESSAGE][INFO] - Starting 'Edge Chromium' driver

25-10-2024T02:29:23 - [MESSAGE][INFO] - User set preference: ['acceptInsecureCerts', 'true']

25-10-2024T02:29:26 - [MESSAGE][INFO] - Action delay is set to 0 milliseconds

25-10-2024T02:29:29 - [MESSAGE][PASSED] - Browser is opened with url: 'https://qa2.velocitypayment.com/agencyx/config.action?action=editor&message_version=3_0'

25-10-2024T02:29:29 - [MESSAGE][PASSED] - Current window maximized

25-10-2024T02:30:01 - [MESSAGE][INFO] - Unable to find the element located by 'By.xpath: //select[@name='message_version']'. Please recheck the objects properties to make sure the desired element is located. 

25-10-2024T02:30:01 - [MESSAGE][WARNING] - [SELF-HEALING] Failed to find element with id 'Object Repository/IWP30/Page_VRelay30Emulator/MV'. Try using Self-healing.

25-10-2024T02:30:01 - [MESSAGE][WARNING] - [SELF-HEALING] The current locator of test object 'Object Repository/IWP30/Page_VRelay30Emulator/MV' was broken. Propose an alternative one: '(.//*[normalize-space(text()) and normalize-space(.)='Message Version'])[1]/following::select[1]'.

25-10-2024T02:30:01 - [MESSAGE][PASSED] - All options with value '3.0' are selected in object 'Object Repository/IWP30/Page_VRelay30Emulator/MV'  using regular expression

25-10-2024T02:30:02 - [MESSAGE][PASSED] - Text '10.50' is set on object 'Object Repository/IWP30/Page_EmulatorAgencyX/Amount'

25-10-2024T02:30:03 - [MESSAGE][PASSED] - Text 'Nm91MeBS1vDR' is set on object 'Object Repository/IWP30/Page_EmulatorAgencyX/CAN'

25-10-2024T02:30:03 - [MESSAGE][PASSED] - Text 'PayNow' is set on object 'Object Repository/IWP30/Page_EmulatorAgencyX/Action'

25-10-2024T02:30:04 - [MESSAGE][PASSED] - Text 'en_US' is set on object 'Object Repository/IWP30/Page_EmulatorAgencyX/Lang'

25-10-2024T02:30:04 - [MESSAGE][PASSED] - Text '' is set on object 'Object Repository/IWP30/Page_EmulatorAgencyX/Fname'

25-10-2024T02:30:05 - [MESSAGE][PASSED] - Text '' is set on object 'Object Repository/IWP30/Page_EmulatorAgencyX/Lname'

25-10-2024T02:30:05 - [MESSAGE][PASSED] - Text '' is set on object 'Object Repository/IWP30/Page_EmulatorAgencyX/AL1'

25-10-2024T02:30:06 - [MESSAGE][PASSED] - Text '' is set on object 'Object Repository/IWP30/Page_EmulatorAgencyX/AL2'

25-10-2024T02:30:07 - [MESSAGE][PASSED] - Text '' is set on object 'Object Repository/IWP30/Page_EmulatorAgencyX/Country'

25-10-2024T02:30:07 - [MESSAGE][PASSED] - Text '' is set on object 'Object Repository/IWP30/Page_EmulatorAgencyX/City'

25-10-2024T02:30:08 - [MESSAGE][PASSED] - Text '' is set on object 'Object Repository/IWP30/Page_EmulatorAgencyX/State'

25-10-2024T02:30:08 - [MESSAGE][PASSED] - Text '' is set on object 'Object Repository/IWP30/Page_EmulatorAgencyX/ZIP'

25-10-2024T02:30:09 - [MESSAGE][PASSED] - Text '' is set on object 'Object Repository/IWP30/Page_EmulatorAgencyX/Order'

25-10-2024T02:30:09 - [MESSAGE][PASSED] - Text '' is set on object 'Object Repository/IWP30/Page_EmulatorAgencyX/Company'

25-10-2024T02:30:10 - [MESSAGE][PASSED] - Text '' is set on object 'Object Repository/IWP30/Page_EmulatorAgencyX/Email'

25-10-2024T02:30:11 - [MESSAGE][PASSED] - Text '' is set on object 'Object Repository/IWP30/Page_EmulatorAgencyX/UDF1'

25-10-2024T02:30:11 - [MESSAGE][PASSED] - Text '' is set on object 'Object Repository/IWP30/Page_EmulatorAgencyX/UDF2'

25-10-2024T02:30:12 - [MESSAGE][PASSED] - Text '' is set on object 'Object Repository/IWP30/Page_EmulatorAgencyX/UDF3'

25-10-2024T02:30:12 - [MESSAGE][PASSED] - Text 'udf data 4' is set on object 'Object Repository/IWP30/Page_EmulatorAgencyX/UDF4'

25-10-2024T02:30:13 - [MESSAGE][PASSED] - Text 'udf data 5' is set on object 'Object Repository/IWP30/Page_EmulatorAgencyX/UDF5'

25-10-2024T02:30:13 - [MESSAGE][PASSED] - Text '' is set on object 'Object Repository/IWP30/Page_EmulatorAgencyX/UDF6'

25-10-2024T02:30:14 - [MESSAGE][PASSED] - Text '' is set on object 'Object Repository/IWP30/Page_EmulatorAgencyX/UDF7'

25-10-2024T02:30:15 - [MESSAGE][PASSED] - Text '' is set on object 'Object Repository/IWP30/Page_EmulatorAgencyX/UDF8'

25-10-2024T02:30:15 - [MESSAGE][PASSED] - Text 'udf data 9' is set on object 'Object Repository/IWP30/Page_EmulatorAgencyX/UDF9'

25-10-2024T02:30:16 - [MESSAGE][PASSED] - Text 'udf data 10' is set on object 'Object Repository/IWP30/Page_EmulatorAgencyX/UDF10'

25-10-2024T02:30:17 - [MESSAGE][PASSED] - Object: 'Object Repository/IWP30/Page_EmulatorAgencyX/Submit' is clicked on

25-10-2024T02:30:21 - [MESSAGE][PASSED] - Browser is closed

25-10-2024T02:30:25 - [MESSAGE][PASSED] - iwpPages.emulatorIWP30.setDataEmulator_DD is PASSED

25-10-2024T02:30:25 - [TEST_STEP][PASSED] - testHarnessURL = urlTestHarness: null

25-10-2024T02:30:25 - [TEST_STEP][PASSED] - openBrowser(testHarnessURL): Browser is opened with url: 'https://dev-algorithm.govolution.com/vrelaytest/QA2/version_2_2/vrelaytest.html'

25-10-2024T02:30:25 - [MESSAGE][INFO] - Starting 'Edge Chromium' driver

25-10-2024T02:30:25 - [MESSAGE][INFO] - User set preference: ['acceptInsecureCerts', 'true']

25-10-2024T02:30:28 - [MESSAGE][INFO] - Action delay is set to 0 milliseconds

25-10-2024T02:30:31 - [MESSAGE][PASSED] - Browser is opened with url: 'https://dev-algorithm.govolution.com/vrelaytest/QA2/version_2_2/vrelaytest.html'

25-10-2024T02:30:31 - [TEST_STEP][PASSED] - maximizeWindow(): Current window maximized

25-10-2024T02:30:31 - [MESSAGE][PASSED] - Current window maximized

25-10-2024T02:30:31 - [TEST_STEP][PASSED] - iwpPages.TestHarnessPage.setDataMethod(row, dataFile): iwpPages.TestHarnessPage.setDataMethod is PASSED

25-10-2024T02:30:31 - [MESSAGE][PASSED] - Object 'Object Repository/IWP30/Page_QATestHarness/RemittanceID' is present

25-10-2024T02:30:32 - [MESSAGE][PASSED] - Text '649' is set on object 'Object Repository/IWP30/Page_QATestHarness/ApplicationID'

25-10-2024T02:30:33 - [MESSAGE][PASSED] - Text '3.0' is set on object 'Object Repository/IWP30/Page_QATestHarness/MessageVersion'

25-10-2024T02:30:33 - [MESSAGE][PASSED] - Text 'MBwAmWMpqA11' is set on object 'Object Repository/IWP30/Page_QATestHarness/RemittanceID'

25-10-2024T02:30:37 - [MESSAGE][PASSED] - Object: 'Object Repository/IWP30/Page_QATestHarness/SubmitButton' is clicked on

25-10-2024T02:30:37 - [MESSAGE][PASSED] - iwpPages.TestHarnessPage.setDataMethod is PASSED

25-10-2024T02:30:37 - [TEST_STEP][PASSED] - click(findTestObject("Object Repository/IWP30/Page_SelectPaymentMethod/PayByPersonalCheck")): Object: 'Object Repository/IWP30/Page_SelectPaymentMethod/PayByPersonalCheck' is clicked on

25-10-2024T02:30:37 - [MESSAGE][PASSED] - Object: 'Object Repository/IWP30/Page_SelectPaymentMethod/PayByPersonalCheck' is clicked on

25-10-2024T02:30:37 - [TEST_STEP][PASSED] - click(findTestObject("Object Repository/IWP30/Page_SelectPaymentMethod/MakePaymentButton")): Object: 'Object Repository/IWP30/Page_SelectPaymentMethod/MakePaymentButton' is clicked on

25-10-2024T02:30:39 - [MESSAGE][PASSED] - Object: 'Object Repository/IWP30/Page_SelectPaymentMethod/MakePaymentButton' is clicked on

25-10-2024T02:30:39 - [TEST_STEP][PASSED] - iwpPages.achPersonalPaymentEntryPage.setDataACHPPM(row, dataFile): iwpPages.achPersonalPaymentEntryPage.setDataACHPPM is PASSED

25-10-2024T02:30:40 - [MESSAGE][PASSED] - Object 'Object Repository/IWP30/Page_ACHPersonalPaymentEntry/txt_accountNumber' is present

25-10-2024T02:30:41 - [MESSAGE][PASSED] - Text '10.50' is set on object 'Object Repository/IWP30/Page_ACHPersonalPaymentEntry/txt_Amount'

25-10-2024T02:30:41 - [MESSAGE][PASSED] - Object 'Object Repository/IWP30/Page_ACHPersonalPaymentEntry/txt_UDF2' is present

25-10-2024T02:30:42 - [MESSAGE][PASSED] - Text 'udf data 2' is set on object 'Object Repository/IWP30/Page_ACHPersonalPaymentEntry/txt_UDF2'

25-10-2024T02:30:42 - [MESSAGE][PASSED] - Text 'udf data 3' is set on object 'Object Repository/IWP30/Page_ACHPersonalPaymentEntry/txt_UDF3'

25-10-2024T02:30:43 - [MESSAGE][PASSED] - All options with label 'Orange' are selected in object 'Object Repository/IWP30/Page_ACHPersonalPaymentEntry/dd_UDF7' 

25-10-2024T02:30:44 - [MESSAGE][PASSED] - All options with label 'Soccer' are selected in object 'Object Repository/IWP30/Page_ACHPersonalPaymentEntry/dd_UDF8' 

25-10-2024T02:30:44 - [MESSAGE][PASSED] - Object 'Object Repository/IWP30/Page_ACHPersonalPaymentEntry/txt_Firstname' is present

25-10-2024T02:30:44 - [MESSAGE][PASSED] - Text 'Elizath' is set on object 'Object Repository/IWP30/Page_ACHPersonalPaymentEntry/txt_Firstname'

25-10-2024T02:30:45 - [MESSAGE][PASSED] - Object 'Object Repository/IWP30/Page_ACHPersonalPaymentEntry/txt_Lastname' is present

25-10-2024T02:30:45 - [MESSAGE][PASSED] - Text 'Christine' is set on object 'Object Repository/IWP30/Page_ACHPersonalPaymentEntry/txt_Lastname'

25-10-2024T02:30:45 - [MESSAGE][PASSED] - Object 'Object Repository/IWP30/Page_ACHPersonalPaymentEntry/txt_routingNumber' is present

25-10-2024T02:30:46 - [MESSAGE][PASSED] - Text '256072691' is set on object 'Object Repository/IWP30/Page_ACHPersonalPaymentEntry/txt_routingNumber'

25-10-2024T02:30:46 - [MESSAGE][PASSED] - Object 'Object Repository/IWP30/Page_ACHPersonalPaymentEntry/txt_accountNumber' is present

25-10-2024T02:30:47 - [MESSAGE][PASSED] - Text '12344444' is set on object 'Object Repository/IWP30/Page_ACHPersonalPaymentEntry/txt_accountNumber'

25-10-2024T02:30:48 - [MESSAGE][PASSED] - Object 'Object Repository/IWP30/Page_ACHPersonalPaymentEntry/txt_confirmAccountNumber' is present

25-10-2024T02:30:48 - [MESSAGE][PASSED] - Text '12344444' is set on object 'Object Repository/IWP30/Page_ACHPersonalPaymentEntry/txt_confirmAccountNumber'

25-10-2024T02:30:48 - [MESSAGE][PASSED] - Object 'Object Repository/IWP30/Page_ACHPersonalPaymentEntry/rd_accountType' is present

25-10-2024T02:30:48 - [MESSAGE][PASSED] - Modify property of object successfully

25-10-2024T02:30:49 - [MESSAGE][PASSED] - Object: 'Object Repository/IWP30/Page_ACHPersonalPaymentEntry/rd_accountType' is clicked on

25-10-2024T02:30:49 - [MESSAGE][PASSED] - Execute JavaScript '
				   document.getElementById('processDate').value = '08/09/2025'
				  ' successfully

25-10-2024T02:30:49 - [MESSAGE][PASSED] - Text '365 Main Avenue' is set on object 'Object Repository/IWP30/Page_ACHPersonalPaymentEntry/txt_AL1'

25-10-2024T02:30:50 - [MESSAGE][PASSED] - Text '22201' is set on object 'Object Repository/IWP30/Page_ACHPersonalPaymentEntry/txt_ZIP'

25-10-2024T02:30:50 - [MESSAGE][PASSED] - Object 'Object Repository/IWP30/Page_ACHPersonalPaymentEntry/txt_Email' is present

25-10-2024T02:30:51 - [MESSAGE][PASSED] - Text 'iahmed@govolution.com' is set on object 'Object Repository/IWP30/Page_ACHPersonalPaymentEntry/txt_Email'

25-10-2024T02:30:52 - [MESSAGE][PASSED] - Object 'Object Repository/IWP30/Page_ACHPersonalPaymentEntry/cb_TermsAndCond' is present

25-10-2024T02:30:52 - [MESSAGE][PASSED] - Object: 'Object Repository/IWP30/Page_ACHPersonalPaymentEntry/cb_TermsAndCond' is clicked on

25-10-2024T02:30:52 - [MESSAGE][PASSED] - Object 'Object Repository/IWP30/Page_ACHPersonalPaymentEntry/btn_Continue' is present

25-10-2024T02:30:54 - [MESSAGE][PASSED] - Object: 'Object Repository/IWP30/Page_ACHPersonalPaymentEntry/btn_Continue' is clicked on

25-10-2024T02:30:54 - [MESSAGE][PASSED] - iwpPages.achPersonalPaymentEntryPage.setDataACHPPM is PASSED

25-10-2024T02:30:54 - [TEST_STEP][PASSED] - click(findTestObject("Object Repository/IWP30/Page_Confirmation/ConfirmButton")): Object: 'Object Repository/IWP30/Page_Confirmation/ConfirmButton' is clicked on

25-10-2024T02:31:25 - [MESSAGE][INFO] - Unable to find the element located by 'By.xpath: //*[@type = 'submit' and @name = 'confirmNotifyAction' and @id = 'submitYes' and @value = 'Confirm']'. Please recheck the objects properties to make sure the desired element is located. 

25-10-2024T02:31:25 - [MESSAGE][WARNING] - [SELF-HEALING] Failed to find element with id 'Object Repository/IWP30/Page_Confirmation/ConfirmButton'. Try using Self-healing.

25-10-2024T02:31:25 - [MESSAGE][WARNING] - [SELF-HEALING] The current locator of test object 'Object Repository/IWP30/Page_Confirmation/ConfirmButton' was broken. Propose an alternative one: '//div/input'.

25-10-2024T02:31:27 - [MESSAGE][PASSED] - Object: 'Object Repository/IWP30/Page_Confirmation/ConfirmButton' is clicked on

25-10-2024T02:31:27 - [TEST_STEP][PASSED] - Thread.sleep(2000): null

25-10-2024T02:31:29 - [TEST_STEP][PASSED] - if (verifyTextPresent("Deferred", false)): null

25-10-2024T02:31:29 - [MESSAGE][PASSED] - Text 'Deferred' is present on page 

25-10-2024T02:31:29 - [TEST_STEP][PASSED] - println("Deferred is present on page. Deferred Pay is created"): null

25-10-2024T02:31:29 - [TEST_STEP][PASSED] - click(findTestObject("Object Repository/IWP30/Page_Receipt/ViewScheduledPaymentsButton")): Object: 'Object Repository/IWP30/Page_Receipt/ViewScheduledPaymentsButton' is clicked on

25-10-2024T02:31:29 - [MESSAGE][PASSED] - Object: 'Object Repository/IWP30/Page_Receipt/ViewScheduledPaymentsButton' is clicked on

25-10-2024T02:31:29 - [TEST_STEP][PASSED] - switchToWindowTitle("View Scheduled Payments"): Switched to window with title: 'View Scheduled Payments'

25-10-2024T02:31:30 - [MESSAGE][PASSED] - Switched to window with title: 'View Scheduled Payments'

25-10-2024T02:31:30 - [TEST_STEP][PASSED] - Thread.sleep(5000): null

25-10-2024T02:31:35 - [TEST_STEP][PASSED] - if (verifyTextPresent("View Scheduled Payments", false)): null

25-10-2024T02:31:35 - [MESSAGE][PASSED] - Text 'View Scheduled Payments' is present on page 

25-10-2024T02:31:35 - [TEST_STEP][PASSED] - click(findTestObject("Object Repository/IWP30/Page_ScheduledPayments/edit_payment")): Object: 'Object Repository/IWP30/Page_ScheduledPayments/edit_payment' is clicked on

25-10-2024T02:31:37 - [MESSAGE][PASSED] - Object: 'Object Repository/IWP30/Page_ScheduledPayments/edit_payment' is clicked on

25-10-2024T02:31:37 - [TEST_STEP][PASSED] - iwpPages.editSchedulePayment.setDataSchedPayment(row, dataFile): iwpPages.editSchedulePayment.setDataSchedPayment is PASSED

25-10-2024T02:31:38 - [MESSAGE][PASSED] - Text 'Edit Payment Plan' is present on page 

25-10-2024T02:31:38 - [MESSAGE][PASSED] - All options with label 'Orange' are selected in object 'Object Repository/IWP30/Page_CCPaymentEntry/UserDefined7' 

25-10-2024T02:31:39 - [MESSAGE][PASSED] - All options with label 'Soccer' are selected in object 'Object Repository/IWP30/Page_CCPaymentEntry/UserDefined8' 

25-10-2024T02:31:39 - [MESSAGE][PASSED] - Execute JavaScript '
				   document.getElementById('processDate').value = '08/09/2045'
				  ' successfully

25-10-2024T02:31:39 - [MESSAGE][PASSED] - iwpPages.editSchedulePayment.setDataSchedPayment is PASSED

25-10-2024T02:31:39 - [TEST_STEP][PASSED] - click(findTestObject("Object Repository/Page_EditSchedPayment/chkbox_acceptterms")): Object: 'Object Repository/Page_EditSchedPayment/chkbox_acceptterms' is clicked on

25-10-2024T02:31:39 - [MESSAGE][PASSED] - Object: 'Object Repository/Page_EditSchedPayment/chkbox_acceptterms' is clicked on

25-10-2024T02:31:39 - [TEST_STEP][PASSED] - click(findTestObject("Object Repository/Page_EditSchedPayment/btn_update")): Object: 'Object Repository/Page_EditSchedPayment/btn_update' is clicked on

25-10-2024T02:31:41 - [MESSAGE][PASSED] - Object: 'Object Repository/Page_EditSchedPayment/btn_update' is clicked on

25-10-2024T02:31:41 - [TEST_STEP][PASSED] - if (verifyTextPresent("Successful Payment Plan Update", false)): null

25-10-2024T02:31:42 - [MESSAGE][PASSED] - Text 'Successful Payment Plan Update' is present on page 

25-10-2024T02:31:42 - [TEST_STEP][PASSED] - click(findTestObject("Object Repository/IWP30/Page_SuccesfulUpdate/btn_back")): Object: 'Object Repository/IWP30/Page_SuccesfulUpdate/btn_back' is clicked on

25-10-2024T02:31:42 - [MESSAGE][PASSED] - Object: 'Object Repository/IWP30/Page_SuccesfulUpdate/btn_back' is clicked on

25-10-2024T02:31:42 - [TEST_STEP][PASSED] - click(findTestObject("Object Repository/IWP30/Page_ScheduledPayments/cancel_payment")): Object: 'Object Repository/IWP30/Page_ScheduledPayments/cancel_payment' is clicked on

25-10-2024T02:31:43 - [MESSAGE][PASSED] - Object: 'Object Repository/IWP30/Page_ScheduledPayments/cancel_payment' is clicked on

25-10-2024T02:31:43 - [TEST_STEP][PASSED] - if (verifyTextPresent("Cancel Payment Plan", false)): null

25-10-2024T02:31:44 - [MESSAGE][PASSED] - Text 'Cancel Payment Plan' is present on page 

25-10-2024T02:31:44 - [TEST_STEP][PASSED] - click(findTestObject("Object Repository/IWP30/Page_PaymentPlan/btn_cancel")): Object: 'Object Repository/IWP30/Page_PaymentPlan/btn_cancel' is clicked on

25-10-2024T02:31:44 - [MESSAGE][PASSED] - Object: 'Object Repository/IWP30/Page_PaymentPlan/btn_cancel' is clicked on

25-10-2024T02:31:44 - [TEST_STEP][PASSED] - acceptAlert(): Alert accepted

25-10-2024T02:31:44 - [MESSAGE][PASSED] - Alert accepted

25-10-2024T02:31:44 - [TEST_STEP][PASSED] - if (verifyTextPresent("Your payment plan has been successfully canceled", false)): null

25-10-2024T02:31:45 - [MESSAGE][PASSED] - Text 'Your payment plan has been successfully canceled' is present on page 

25-10-2024T02:31:45 - [TEST_STEP][PASSED] - markPassed("Your payment plan has been successfully created, modified and canceled"): Your payment plan has been successfully created, modified and canceled

25-10-2024T02:31:45 - [MESSAGE][PASSED] - Your payment plan has been successfully created, modified and canceled

25-10-2024T02:31:45 - [TEST_STEP][PASSED] - resText = "Pass": null

25-10-2024T02:31:45 - [TEST_STEP][PASSED] - println(row): null

25-10-2024T02:31:45 - [TEST_STEP][PASSED] - pages.WriteExcel.demoKey(resText, datText, resColumn, datCloumn, fileLoc, nameSheet, row): pages.WriteExcel.demoKey is PASSED

25-10-2024T02:31:46 - [MESSAGE][PASSED] - pages.WriteExcel.demoKey is PASSED

25-10-2024T02:31:46 - [TEST_STEP][PASSED] - closeBrowser(): Browser is closed

25-10-2024T02:31:46 - [MESSAGE][PASSED] - Browser is closed]]></system-out>
         <system-err><![CDATA[]]></system-err>
      </testcase>
      <testcase name="Test Cases/IntegratedWeb/IWP25/Payments/CMCDeferredPS" time="258.825" classname="Test Cases/IntegratedWeb/IWP25/Payments/CMCDeferredPS" status="PASSED">
         <system-out><![CDATA[25-10-2024T02:31:46 - [TEST_CASE][PASSED] - Test Cases/IntegratedWeb/IWP25/Payments/CMCDeferredPS: Test Cases/IntegratedWeb/IWP25/Payments/CMCDeferredPS

25-10-2024T02:31:46 - [TEST_STEP][PASSED] - resText = "Fail": null

25-10-2024T02:31:46 - [TEST_STEP][PASSED] - resColumn = "Result": null

25-10-2024T02:31:46 - [TEST_STEP][PASSED] - datCloumn = "Date": null

25-10-2024T02:31:46 - [TEST_STEP][PASSED] - fileLoc = "KatalonData/IWPTestData/VRelay25PaymentsExtension.xlsx": null

25-10-2024T02:31:46 - [TEST_STEP][PASSED] - numOfRows = <not implemented yet for class: org.codehaus.groovy.ast.expr.EmptyExpression>: null

25-10-2024T02:31:46 - [TEST_STEP][PASSED] - dataFile = <not implemented yet for class: org.codehaus.groovy.ast.expr.EmptyExpression>: null

25-10-2024T02:31:46 - [TEST_STEP][PASSED] - nameSheet = <not implemented yet for class: org.codehaus.groovy.ast.expr.EmptyExpression>: null

25-10-2024T02:31:46 - [TEST_STEP][PASSED] - dataFileEmulator = <not implemented yet for class: org.codehaus.groovy.ast.expr.EmptyExpression>: null

25-10-2024T02:31:46 - [TEST_STEP][PASSED] - isRequiredTextPresent = false: null

25-10-2024T02:31:46 - [TEST_STEP][PASSED] - nameSheet = "CMCDeferredPlanPS": null

25-10-2024T02:31:46 - [TEST_STEP][PASSED] - dataFile = "IWPTestData/IWP25CMCDeferredPS": null

25-10-2024T02:31:46 - [TEST_STEP][PASSED] - dataFileEmulator = "IWPTestData/EmulatorData": null

25-10-2024T02:31:46 - [TEST_STEP][PASSED] - numOfRows = findTestData(dataFile).getRowNumbers(): null

25-10-2024T02:31:46 - [TEST_STEP][PASSED] - println("Number of Records: " + numOfRows): null

25-10-2024T02:31:46 - [TEST_STEP][PASSED] - for ([row = 1, row <= numOfRows, (row++)]): Browser is closed

25-10-2024T02:31:46 - [TEST_STEP][PASSED] - ExecuteTC = findTestData(dataFile).getValue("Execute", row): null

25-10-2024T02:31:46 - [TEST_STEP][PASSED] - out.println("Value of Execute is : " + ExecuteTC): null

25-10-2024T02:31:46 - [TEST_STEP][PASSED] - if (ExecuteTC.equalsIgnoreCase("Y")): null

25-10-2024T02:31:46 - [TEST_STEP][PASSED] - out.println("Begin Record Number: " + row): null

25-10-2024T02:31:46 - [TEST_STEP][PASSED] - today = new java.util.Date(): null

25-10-2024T02:31:46 - [TEST_STEP][PASSED] - println(today): null

25-10-2024T02:31:46 - [TEST_STEP][PASSED] - datText = today: null

25-10-2024T02:31:46 - [TEST_STEP][PASSED] - EmulatorDataKey = findTestData(dataFile).getValue("EmulatorData", row): null

25-10-2024T02:31:46 - [TEST_STEP][PASSED] - out.println("Value of Emulator Key is : " + EmulatorDataKey): null

25-10-2024T02:31:46 - [TEST_STEP][PASSED] - iwpPages.emulatorIWP30.setDataEmulator_DD(EmulatorDataKey): iwpPages.emulatorIWP30.setDataEmulator_DD is PASSED

25-10-2024T02:31:47 - [MESSAGE][INFO] - Starting 'Edge Chromium' driver

25-10-2024T02:31:47 - [MESSAGE][INFO] - User set preference: ['acceptInsecureCerts', 'true']

25-10-2024T02:31:49 - [MESSAGE][INFO] - Action delay is set to 0 milliseconds

25-10-2024T02:31:52 - [MESSAGE][PASSED] - Browser is opened with url: 'https://qa2.velocitypayment.com/agencyx/config.action?action=editor&message_version=2_5'

25-10-2024T02:31:52 - [MESSAGE][PASSED] - Current window maximized

25-10-2024T02:32:24 - [MESSAGE][INFO] - Unable to find the element located by 'By.xpath: //select[@name='message_version']'. Please recheck the objects properties to make sure the desired element is located. 

25-10-2024T02:32:24 - [MESSAGE][WARNING] - [SELF-HEALING] Failed to find element with id 'Object Repository/IWP30/Page_VRelay30Emulator/MV'. Try using Self-healing.

25-10-2024T02:32:24 - [MESSAGE][WARNING] - [SELF-HEALING] The current locator of test object 'Object Repository/IWP30/Page_VRelay30Emulator/MV' was broken. Propose an alternative one: '(.//*[normalize-space(text()) and normalize-space(.)='Message Version'])[1]/following::select[1]'.

25-10-2024T02:32:24 - [MESSAGE][PASSED] - All options with value '2.5' are selected in object 'Object Repository/IWP30/Page_VRelay30Emulator/MV'  using regular expression

25-10-2024T02:32:25 - [MESSAGE][PASSED] - Text '10.50' is set on object 'Object Repository/IWP30/Page_EmulatorAgencyX/Amount'

25-10-2024T02:32:26 - [MESSAGE][PASSED] - Text 'abiWktXS4Mlw' is set on object 'Object Repository/IWP30/Page_EmulatorAgencyX/CAN'

25-10-2024T02:32:26 - [MESSAGE][PASSED] - Text 'PayNow' is set on object 'Object Repository/IWP30/Page_EmulatorAgencyX/Action'

25-10-2024T02:32:27 - [MESSAGE][PASSED] - Text 'en_US' is set on object 'Object Repository/IWP30/Page_EmulatorAgencyX/Lang'

25-10-2024T02:32:27 - [MESSAGE][PASSED] - Text '' is set on object 'Object Repository/IWP30/Page_EmulatorAgencyX/Fname'

25-10-2024T02:32:28 - [MESSAGE][PASSED] - Text '' is set on object 'Object Repository/IWP30/Page_EmulatorAgencyX/Lname'

25-10-2024T02:32:28 - [MESSAGE][PASSED] - Text '' is set on object 'Object Repository/IWP30/Page_EmulatorAgencyX/AL1'

25-10-2024T02:32:29 - [MESSAGE][PASSED] - Text '' is set on object 'Object Repository/IWP30/Page_EmulatorAgencyX/AL2'

25-10-2024T02:32:30 - [MESSAGE][PASSED] - Text '' is set on object 'Object Repository/IWP30/Page_EmulatorAgencyX/Country'

25-10-2024T02:32:30 - [MESSAGE][PASSED] - Text '' is set on object 'Object Repository/IWP30/Page_EmulatorAgencyX/City'

25-10-2024T02:32:31 - [MESSAGE][PASSED] - Text '' is set on object 'Object Repository/IWP30/Page_EmulatorAgencyX/State'

25-10-2024T02:32:31 - [MESSAGE][PASSED] - Text '' is set on object 'Object Repository/IWP30/Page_EmulatorAgencyX/ZIP'

25-10-2024T02:32:32 - [MESSAGE][PASSED] - Text '' is set on object 'Object Repository/IWP30/Page_EmulatorAgencyX/Order'

25-10-2024T02:32:32 - [MESSAGE][PASSED] - Text '' is set on object 'Object Repository/IWP30/Page_EmulatorAgencyX/Company'

25-10-2024T02:32:33 - [MESSAGE][PASSED] - Text '' is set on object 'Object Repository/IWP30/Page_EmulatorAgencyX/Email'

25-10-2024T02:32:34 - [MESSAGE][PASSED] - Text '' is set on object 'Object Repository/IWP30/Page_EmulatorAgencyX/UDF1'

25-10-2024T02:32:34 - [MESSAGE][PASSED] - Text '' is set on object 'Object Repository/IWP30/Page_EmulatorAgencyX/UDF2'

25-10-2024T02:32:35 - [MESSAGE][PASSED] - Text '' is set on object 'Object Repository/IWP30/Page_EmulatorAgencyX/UDF3'

25-10-2024T02:32:35 - [MESSAGE][PASSED] - Text 'udf data 4' is set on object 'Object Repository/IWP30/Page_EmulatorAgencyX/UDF4'

25-10-2024T02:32:36 - [MESSAGE][PASSED] - Text 'udf data 5' is set on object 'Object Repository/IWP30/Page_EmulatorAgencyX/UDF5'

25-10-2024T02:32:36 - [MESSAGE][PASSED] - Text '' is set on object 'Object Repository/IWP30/Page_EmulatorAgencyX/UDF6'

25-10-2024T02:32:37 - [MESSAGE][PASSED] - Text '' is set on object 'Object Repository/IWP30/Page_EmulatorAgencyX/UDF7'

25-10-2024T02:32:38 - [MESSAGE][PASSED] - Text '' is set on object 'Object Repository/IWP30/Page_EmulatorAgencyX/UDF8'

25-10-2024T02:32:38 - [MESSAGE][PASSED] - Text 'udf data 9' is set on object 'Object Repository/IWP30/Page_EmulatorAgencyX/UDF9'

25-10-2024T02:32:39 - [MESSAGE][PASSED] - Text 'udf data 10' is set on object 'Object Repository/IWP30/Page_EmulatorAgencyX/UDF10'

25-10-2024T02:32:40 - [MESSAGE][PASSED] - Object: 'Object Repository/IWP30/Page_EmulatorAgencyX/Submit' is clicked on

25-10-2024T02:32:45 - [MESSAGE][PASSED] - Browser is closed

25-10-2024T02:32:49 - [MESSAGE][PASSED] - iwpPages.emulatorIWP30.setDataEmulator_DD is PASSED

25-10-2024T02:32:49 - [TEST_STEP][PASSED] - testHarnessURL = urlTestHarness: null

25-10-2024T02:32:49 - [TEST_STEP][PASSED] - openBrowser(testHarnessURL): Browser is opened with url: 'https://dev-algorithm.govolution.com/vrelaytest/QA2/version_2_2/vrelaytest.html'

25-10-2024T02:32:49 - [MESSAGE][INFO] - Starting 'Edge Chromium' driver

25-10-2024T02:32:49 - [MESSAGE][INFO] - User set preference: ['acceptInsecureCerts', 'true']

25-10-2024T02:32:51 - [MESSAGE][INFO] - Action delay is set to 0 milliseconds

25-10-2024T02:32:54 - [MESSAGE][PASSED] - Browser is opened with url: 'https://dev-algorithm.govolution.com/vrelaytest/QA2/version_2_2/vrelaytest.html'

25-10-2024T02:32:54 - [TEST_STEP][PASSED] - maximizeWindow(): Current window maximized

25-10-2024T02:32:54 - [MESSAGE][PASSED] - Current window maximized

25-10-2024T02:32:54 - [TEST_STEP][PASSED] - iwpPages.TestHarnessPage.setDataMethod(row, dataFile): iwpPages.TestHarnessPage.setDataMethod is PASSED

25-10-2024T02:32:54 - [MESSAGE][PASSED] - Object 'Object Repository/IWP30/Page_QATestHarness/RemittanceID' is present

25-10-2024T02:32:55 - [MESSAGE][PASSED] - Text '638' is set on object 'Object Repository/IWP30/Page_QATestHarness/ApplicationID'

25-10-2024T02:32:55 - [MESSAGE][PASSED] - Text '2.5' is set on object 'Object Repository/IWP30/Page_QATestHarness/MessageVersion'

25-10-2024T02:32:56 - [MESSAGE][PASSED] - Text 'QHaSLxggB4zp' is set on object 'Object Repository/IWP30/Page_QATestHarness/RemittanceID'

25-10-2024T02:33:00 - [MESSAGE][PASSED] - Object: 'Object Repository/IWP30/Page_QATestHarness/SubmitButton' is clicked on

25-10-2024T02:33:00 - [MESSAGE][PASSED] - iwpPages.TestHarnessPage.setDataMethod is PASSED

25-10-2024T02:33:00 - [TEST_STEP][PASSED] - click(findTestObject("Object Repository/IWP30/Page_SelectPaymentMethod/PayByPersonalCheck")): Object: 'Object Repository/IWP30/Page_SelectPaymentMethod/PayByPersonalCheck' is clicked on

25-10-2024T02:33:00 - [MESSAGE][PASSED] - Object: 'Object Repository/IWP30/Page_SelectPaymentMethod/PayByPersonalCheck' is clicked on

25-10-2024T02:33:00 - [TEST_STEP][PASSED] - click(findTestObject("Object Repository/IWP30/Page_SelectPaymentMethod/MakePaymentButton")): Object: 'Object Repository/IWP30/Page_SelectPaymentMethod/MakePaymentButton' is clicked on

25-10-2024T02:33:03 - [MESSAGE][PASSED] - Object: 'Object Repository/IWP30/Page_SelectPaymentMethod/MakePaymentButton' is clicked on

25-10-2024T02:33:03 - [TEST_STEP][PASSED] - iwpPages.achPersonalPaymentEntryPage.setDataACHPPM(row, dataFile): iwpPages.achPersonalPaymentEntryPage.setDataACHPPM is PASSED

25-10-2024T02:33:04 - [MESSAGE][PASSED] - Object 'Object Repository/IWP30/Page_ACHPersonalPaymentEntry/txt_accountNumber' is present

25-10-2024T02:33:04 - [MESSAGE][PASSED] - Text '10.50' is set on object 'Object Repository/IWP30/Page_ACHPersonalPaymentEntry/txt_Amount'

25-10-2024T02:33:05 - [MESSAGE][PASSED] - Object 'Object Repository/IWP30/Page_ACHPersonalPaymentEntry/txt_UDF2' is present

25-10-2024T02:33:05 - [MESSAGE][PASSED] - Text 'udf data 2' is set on object 'Object Repository/IWP30/Page_ACHPersonalPaymentEntry/txt_UDF2'

25-10-2024T02:33:06 - [MESSAGE][PASSED] - Text 'udf data 3' is set on object 'Object Repository/IWP30/Page_ACHPersonalPaymentEntry/txt_UDF3'

25-10-2024T02:33:06 - [MESSAGE][PASSED] - All options with label 'Orange' are selected in object 'Object Repository/IWP30/Page_ACHPersonalPaymentEntry/dd_UDF7' 

25-10-2024T02:33:07 - [MESSAGE][PASSED] - All options with label 'Soccer' are selected in object 'Object Repository/IWP30/Page_ACHPersonalPaymentEntry/dd_UDF8' 

25-10-2024T02:33:07 - [MESSAGE][PASSED] - Object 'Object Repository/IWP30/Page_ACHPersonalPaymentEntry/txt_Firstname' is present

25-10-2024T02:33:08 - [MESSAGE][PASSED] - Text 'Elizath' is set on object 'Object Repository/IWP30/Page_ACHPersonalPaymentEntry/txt_Firstname'

25-10-2024T02:33:08 - [MESSAGE][PASSED] - Object 'Object Repository/IWP30/Page_ACHPersonalPaymentEntry/txt_Lastname' is present

25-10-2024T02:33:09 - [MESSAGE][PASSED] - Text 'Christine' is set on object 'Object Repository/IWP30/Page_ACHPersonalPaymentEntry/txt_Lastname'

25-10-2024T02:33:09 - [MESSAGE][PASSED] - Object 'Object Repository/IWP30/Page_ACHPersonalPaymentEntry/txt_routingNumber' is present

25-10-2024T02:33:09 - [MESSAGE][PASSED] - Text '256072691' is set on object 'Object Repository/IWP30/Page_ACHPersonalPaymentEntry/txt_routingNumber'

25-10-2024T02:33:10 - [MESSAGE][PASSED] - Object 'Object Repository/IWP30/Page_ACHPersonalPaymentEntry/txt_accountNumber' is present

25-10-2024T02:33:11 - [MESSAGE][PASSED] - Text '12344444' is set on object 'Object Repository/IWP30/Page_ACHPersonalPaymentEntry/txt_accountNumber'

25-10-2024T02:33:12 - [MESSAGE][PASSED] - Object 'Object Repository/IWP30/Page_ACHPersonalPaymentEntry/txt_confirmAccountNumber' is present

25-10-2024T02:33:12 - [MESSAGE][PASSED] - Text '12344444' is set on object 'Object Repository/IWP30/Page_ACHPersonalPaymentEntry/txt_confirmAccountNumber'

25-10-2024T02:33:12 - [MESSAGE][PASSED] - Object 'Object Repository/IWP30/Page_ACHPersonalPaymentEntry/rd_accountType' is present

25-10-2024T02:33:12 - [MESSAGE][PASSED] - Modify property of object successfully

25-10-2024T02:33:13 - [MESSAGE][PASSED] - Object: 'Object Repository/IWP30/Page_ACHPersonalPaymentEntry/rd_accountType' is clicked on

25-10-2024T02:33:13 - [MESSAGE][PASSED] - Execute JavaScript '
				   document.getElementById('processDate').value = '08/09/2025'
				  ' successfully

25-10-2024T02:33:13 - [MESSAGE][PASSED] - Text '365 Main Avenue' is set on object 'Object Repository/IWP30/Page_ACHPersonalPaymentEntry/txt_AL1'

25-10-2024T02:33:14 - [MESSAGE][PASSED] - Text '22201' is set on object 'Object Repository/IWP30/Page_ACHPersonalPaymentEntry/txt_ZIP'

25-10-2024T02:33:14 - [MESSAGE][PASSED] - Object 'Object Repository/IWP30/Page_ACHPersonalPaymentEntry/txt_Email' is present

25-10-2024T02:33:15 - [MESSAGE][PASSED] - Text 'iahmed@govolution.com' is set on object 'Object Repository/IWP30/Page_ACHPersonalPaymentEntry/txt_Email'

25-10-2024T02:33:16 - [MESSAGE][PASSED] - Object 'Object Repository/IWP30/Page_ACHPersonalPaymentEntry/cb_TermsAndCond' is present

25-10-2024T02:33:16 - [MESSAGE][PASSED] - Object: 'Object Repository/IWP30/Page_ACHPersonalPaymentEntry/cb_TermsAndCond' is clicked on

25-10-2024T02:33:16 - [MESSAGE][PASSED] - Object 'Object Repository/IWP30/Page_ACHPersonalPaymentEntry/btn_Continue' is present

25-10-2024T02:33:18 - [MESSAGE][PASSED] - Object: 'Object Repository/IWP30/Page_ACHPersonalPaymentEntry/btn_Continue' is clicked on

25-10-2024T02:33:18 - [MESSAGE][PASSED] - iwpPages.achPersonalPaymentEntryPage.setDataACHPPM is PASSED

25-10-2024T02:33:18 - [TEST_STEP][PASSED] - click(findTestObject("Object Repository/IWP30/Page_Confirmation/ConfirmButton")): Object: 'Object Repository/IWP30/Page_Confirmation/ConfirmButton' is clicked on

25-10-2024T02:33:20 - [MESSAGE][PASSED] - Object: 'Object Repository/IWP30/Page_Confirmation/ConfirmButton' is clicked on

25-10-2024T02:33:20 - [TEST_STEP][PASSED] - Thread.sleep(2000): null

25-10-2024T02:33:22 - [TEST_STEP][PASSED] - if (verifyTextPresent("Deferred", false)): null

25-10-2024T02:33:23 - [MESSAGE][PASSED] - Text 'Deferred' is present on page 

25-10-2024T02:33:23 - [TEST_STEP][PASSED] - println("Deferred is present on page. Deferred Pay is created"): null

25-10-2024T02:33:23 - [TEST_STEP][PASSED] - click(findTestObject("Object Repository/IWP30/Page_Receipt/ViewScheduledPaymentsButton")): Object: 'Object Repository/IWP30/Page_Receipt/ViewScheduledPaymentsButton' is clicked on

25-10-2024T02:33:23 - [MESSAGE][PASSED] - Object: 'Object Repository/IWP30/Page_Receipt/ViewScheduledPaymentsButton' is clicked on

25-10-2024T02:33:23 - [TEST_STEP][PASSED] - switchToWindowTitle("View Scheduled Payments"): Switched to window with title: 'View Scheduled Payments'

25-10-2024T02:33:23 - [MESSAGE][PASSED] - Switched to window with title: 'View Scheduled Payments'

25-10-2024T02:33:23 - [TEST_STEP][PASSED] - Thread.sleep(5000): null

25-10-2024T02:33:28 - [TEST_STEP][PASSED] - if (verifyTextPresent("View Scheduled Payments", false)): null

25-10-2024T02:33:28 - [MESSAGE][PASSED] - Text 'View Scheduled Payments' is present on page 

25-10-2024T02:33:28 - [TEST_STEP][PASSED] - click(findTestObject("Object Repository/IWP30/Page_ScheduledPayments/edit_payment")): Object: 'Object Repository/IWP30/Page_ScheduledPayments/edit_payment' is clicked on

25-10-2024T02:33:32 - [MESSAGE][PASSED] - Object: 'Object Repository/IWP30/Page_ScheduledPayments/edit_payment' is clicked on

25-10-2024T02:33:32 - [TEST_STEP][PASSED] - iwpPages.editSchedulePayment.setDataSchedPayment(row, dataFile): iwpPages.editSchedulePayment.setDataSchedPayment is PASSED

25-10-2024T02:33:33 - [MESSAGE][PASSED] - Text 'Edit Payment Plan' is present on page 

25-10-2024T02:33:33 - [MESSAGE][PASSED] - All options with label 'Orange' are selected in object 'Object Repository/IWP30/Page_CCPaymentEntry/UserDefined7' 

25-10-2024T02:33:34 - [MESSAGE][PASSED] - All options with label 'Soccer' are selected in object 'Object Repository/IWP30/Page_CCPaymentEntry/UserDefined8' 

25-10-2024T02:33:34 - [MESSAGE][PASSED] - Execute JavaScript '
				   document.getElementById('processDate').value = '08/09/2045'
				  ' successfully

25-10-2024T02:33:34 - [MESSAGE][PASSED] - iwpPages.editSchedulePayment.setDataSchedPayment is PASSED

25-10-2024T02:33:34 - [TEST_STEP][PASSED] - click(findTestObject("Object Repository/Page_EditSchedPayment/chkbox_acceptterms")): Object: 'Object Repository/Page_EditSchedPayment/chkbox_acceptterms' is clicked on

25-10-2024T02:33:34 - [MESSAGE][PASSED] - Object: 'Object Repository/Page_EditSchedPayment/chkbox_acceptterms' is clicked on

25-10-2024T02:33:34 - [TEST_STEP][PASSED] - click(findTestObject("Object Repository/Page_EditSchedPayment/btn_update")): Object: 'Object Repository/Page_EditSchedPayment/btn_update' is clicked on

25-10-2024T02:33:36 - [MESSAGE][PASSED] - Object: 'Object Repository/Page_EditSchedPayment/btn_update' is clicked on

25-10-2024T02:33:36 - [TEST_STEP][PASSED] - if (verifyTextPresent("Successful Payment Plan Update", false)): null

25-10-2024T02:33:37 - [MESSAGE][PASSED] - Text 'Successful Payment Plan Update' is present on page 

25-10-2024T02:33:37 - [TEST_STEP][PASSED] - click(findTestObject("Object Repository/IWP30/Page_SuccesfulUpdate/btn_back")): Object: 'Object Repository/IWP30/Page_SuccesfulUpdate/btn_back' is clicked on

25-10-2024T02:33:38 - [MESSAGE][PASSED] - Object: 'Object Repository/IWP30/Page_SuccesfulUpdate/btn_back' is clicked on

25-10-2024T02:33:38 - [TEST_STEP][PASSED] - click(findTestObject("Object Repository/IWP30/Page_ScheduledPayments/cancel_payment")): Object: 'Object Repository/IWP30/Page_ScheduledPayments/cancel_payment' is clicked on

25-10-2024T02:33:39 - [MESSAGE][PASSED] - Object: 'Object Repository/IWP30/Page_ScheduledPayments/cancel_payment' is clicked on

25-10-2024T02:33:39 - [TEST_STEP][PASSED] - if (verifyTextPresent("Cancel Payment Plan", false)): null

25-10-2024T02:33:40 - [MESSAGE][PASSED] - Text 'Cancel Payment Plan' is present on page 

25-10-2024T02:33:40 - [TEST_STEP][PASSED] - click(findTestObject("Object Repository/IWP30/Page_PaymentPlan/btn_cancel")): Object: 'Object Repository/IWP30/Page_PaymentPlan/btn_cancel' is clicked on

25-10-2024T02:33:40 - [MESSAGE][PASSED] - Object: 'Object Repository/IWP30/Page_PaymentPlan/btn_cancel' is clicked on

25-10-2024T02:33:40 - [TEST_STEP][PASSED] - acceptAlert(): Alert accepted

25-10-2024T02:33:40 - [MESSAGE][PASSED] - Alert accepted

25-10-2024T02:33:40 - [TEST_STEP][PASSED] - if (verifyTextPresent("Your payment plan has been successfully canceled", false)): null

25-10-2024T02:33:42 - [MESSAGE][PASSED] - Text 'Your payment plan has been successfully canceled' is present on page 

25-10-2024T02:33:42 - [TEST_STEP][PASSED] - markPassed("Your payment plan has been successfully created, modified and canceled"): Your payment plan has been successfully created, modified and canceled

25-10-2024T02:33:42 - [MESSAGE][PASSED] - Your payment plan has been successfully created, modified and canceled

25-10-2024T02:33:42 - [TEST_STEP][PASSED] - resText = "Pass": null

25-10-2024T02:33:42 - [TEST_STEP][PASSED] - println(row): null

25-10-2024T02:33:42 - [TEST_STEP][PASSED] - pages.WriteExcel.demoKey(resText, datText, resColumn, datCloumn, fileLoc, nameSheet, row): pages.WriteExcel.demoKey is PASSED

25-10-2024T02:33:42 - [MESSAGE][PASSED] - pages.WriteExcel.demoKey is PASSED

25-10-2024T02:33:42 - [TEST_STEP][PASSED] - closeBrowser(): Browser is closed

25-10-2024T02:33:42 - [MESSAGE][PASSED] - Browser is closed

25-10-2024T02:33:42 - [TEST_STEP][PASSED] - ExecuteTC = findTestData(dataFile).getValue("Execute", row): null

25-10-2024T02:33:42 - [TEST_STEP][PASSED] - out.println("Value of Execute is : " + ExecuteTC): null

25-10-2024T02:33:42 - [TEST_STEP][PASSED] - if (ExecuteTC.equalsIgnoreCase("Y")): null

25-10-2024T02:33:42 - [TEST_STEP][PASSED] - out.println("Begin Record Number: " + row): null

25-10-2024T02:33:42 - [TEST_STEP][PASSED] - today = new java.util.Date(): null

25-10-2024T02:33:42 - [TEST_STEP][PASSED] - println(today): null

25-10-2024T02:33:42 - [TEST_STEP][PASSED] - datText = today: null

25-10-2024T02:33:42 - [TEST_STEP][PASSED] - EmulatorDataKey = findTestData(dataFile).getValue("EmulatorData", row): null

25-10-2024T02:33:42 - [TEST_STEP][PASSED] - out.println("Value of Emulator Key is : " + EmulatorDataKey): null

25-10-2024T02:33:42 - [TEST_STEP][PASSED] - iwpPages.emulatorIWP30.setDataEmulator_DD(EmulatorDataKey): iwpPages.emulatorIWP30.setDataEmulator_DD is PASSED

25-10-2024T02:33:42 - [MESSAGE][INFO] - Starting 'Edge Chromium' driver

25-10-2024T02:33:42 - [MESSAGE][INFO] - User set preference: ['acceptInsecureCerts', 'true']

25-10-2024T02:33:44 - [MESSAGE][INFO] - Action delay is set to 0 milliseconds

25-10-2024T02:33:48 - [MESSAGE][PASSED] - Browser is opened with url: 'https://qa2.velocitypayment.com/agencyx/config.action?action=editor&message_version=3_0'

25-10-2024T02:33:48 - [MESSAGE][PASSED] - Current window maximized

25-10-2024T02:34:19 - [MESSAGE][INFO] - Unable to find the element located by 'By.xpath: //select[@name='message_version']'. Please recheck the objects properties to make sure the desired element is located. 

25-10-2024T02:34:19 - [MESSAGE][WARNING] - [SELF-HEALING] Failed to find element with id 'Object Repository/IWP30/Page_VRelay30Emulator/MV'. Try using Self-healing.

25-10-2024T02:34:19 - [MESSAGE][WARNING] - [SELF-HEALING] The current locator of test object 'Object Repository/IWP30/Page_VRelay30Emulator/MV' was broken. Propose an alternative one: '(.//*[normalize-space(text()) and normalize-space(.)='Message Version'])[1]/following::select[1]'.

25-10-2024T02:34:20 - [MESSAGE][PASSED] - All options with value '3.0' are selected in object 'Object Repository/IWP30/Page_VRelay30Emulator/MV'  using regular expression

25-10-2024T02:34:20 - [MESSAGE][PASSED] - Text '10.50' is set on object 'Object Repository/IWP30/Page_EmulatorAgencyX/Amount'

25-10-2024T02:34:21 - [MESSAGE][PASSED] - Text '62ObqNCROsyJ' is set on object 'Object Repository/IWP30/Page_EmulatorAgencyX/CAN'

25-10-2024T02:34:22 - [MESSAGE][PASSED] - Text 'PayNow' is set on object 'Object Repository/IWP30/Page_EmulatorAgencyX/Action'

25-10-2024T02:34:22 - [MESSAGE][PASSED] - Text 'en_US' is set on object 'Object Repository/IWP30/Page_EmulatorAgencyX/Lang'

25-10-2024T02:34:23 - [MESSAGE][PASSED] - Text '' is set on object 'Object Repository/IWP30/Page_EmulatorAgencyX/Fname'

25-10-2024T02:34:23 - [MESSAGE][PASSED] - Text '' is set on object 'Object Repository/IWP30/Page_EmulatorAgencyX/Lname'

25-10-2024T02:34:24 - [MESSAGE][PASSED] - Text '' is set on object 'Object Repository/IWP30/Page_EmulatorAgencyX/AL1'

25-10-2024T02:34:25 - [MESSAGE][PASSED] - Text '' is set on object 'Object Repository/IWP30/Page_EmulatorAgencyX/AL2'

25-10-2024T02:34:25 - [MESSAGE][PASSED] - Text '' is set on object 'Object Repository/IWP30/Page_EmulatorAgencyX/Country'

25-10-2024T02:34:26 - [MESSAGE][PASSED] - Text '' is set on object 'Object Repository/IWP30/Page_EmulatorAgencyX/City'

25-10-2024T02:34:26 - [MESSAGE][PASSED] - Text '' is set on object 'Object Repository/IWP30/Page_EmulatorAgencyX/State'

25-10-2024T02:34:27 - [MESSAGE][PASSED] - Text '' is set on object 'Object Repository/IWP30/Page_EmulatorAgencyX/ZIP'

25-10-2024T02:34:27 - [MESSAGE][PASSED] - Text '' is set on object 'Object Repository/IWP30/Page_EmulatorAgencyX/Order'

25-10-2024T02:34:28 - [MESSAGE][PASSED] - Text '' is set on object 'Object Repository/IWP30/Page_EmulatorAgencyX/Company'

25-10-2024T02:34:29 - [MESSAGE][PASSED] - Text '' is set on object 'Object Repository/IWP30/Page_EmulatorAgencyX/Email'

25-10-2024T02:34:29 - [MESSAGE][PASSED] - Text '' is set on object 'Object Repository/IWP30/Page_EmulatorAgencyX/UDF1'

25-10-2024T02:34:30 - [MESSAGE][PASSED] - Text '' is set on object 'Object Repository/IWP30/Page_EmulatorAgencyX/UDF2'

25-10-2024T02:34:30 - [MESSAGE][PASSED] - Text '' is set on object 'Object Repository/IWP30/Page_EmulatorAgencyX/UDF3'

25-10-2024T02:34:31 - [MESSAGE][PASSED] - Text 'udf data 4' is set on object 'Object Repository/IWP30/Page_EmulatorAgencyX/UDF4'

25-10-2024T02:34:31 - [MESSAGE][PASSED] - Text 'udf data 5' is set on object 'Object Repository/IWP30/Page_EmulatorAgencyX/UDF5'

25-10-2024T02:34:32 - [MESSAGE][PASSED] - Text '' is set on object 'Object Repository/IWP30/Page_EmulatorAgencyX/UDF6'

25-10-2024T02:34:33 - [MESSAGE][PASSED] - Text '' is set on object 'Object Repository/IWP30/Page_EmulatorAgencyX/UDF7'

25-10-2024T02:34:33 - [MESSAGE][PASSED] - Text '' is set on object 'Object Repository/IWP30/Page_EmulatorAgencyX/UDF8'

25-10-2024T02:34:34 - [MESSAGE][PASSED] - Text 'udf data 9' is set on object 'Object Repository/IWP30/Page_EmulatorAgencyX/UDF9'

25-10-2024T02:34:34 - [MESSAGE][PASSED] - Text 'udf data 10' is set on object 'Object Repository/IWP30/Page_EmulatorAgencyX/UDF10'

25-10-2024T02:34:36 - [MESSAGE][PASSED] - Object: 'Object Repository/IWP30/Page_EmulatorAgencyX/Submit' is clicked on

25-10-2024T02:34:40 - [MESSAGE][PASSED] - Browser is closed

25-10-2024T02:34:44 - [MESSAGE][PASSED] - iwpPages.emulatorIWP30.setDataEmulator_DD is PASSED

25-10-2024T02:34:44 - [TEST_STEP][PASSED] - testHarnessURL = urlTestHarness: null

25-10-2024T02:34:44 - [TEST_STEP][PASSED] - openBrowser(testHarnessURL): Browser is opened with url: 'https://dev-algorithm.govolution.com/vrelaytest/QA2/version_2_2/vrelaytest.html'

25-10-2024T02:34:44 - [MESSAGE][INFO] - Starting 'Edge Chromium' driver

25-10-2024T02:34:44 - [MESSAGE][INFO] - User set preference: ['acceptInsecureCerts', 'true']

25-10-2024T02:34:46 - [MESSAGE][INFO] - Action delay is set to 0 milliseconds

25-10-2024T02:34:49 - [MESSAGE][PASSED] - Browser is opened with url: 'https://dev-algorithm.govolution.com/vrelaytest/QA2/version_2_2/vrelaytest.html'

25-10-2024T02:34:49 - [TEST_STEP][PASSED] - maximizeWindow(): Current window maximized

25-10-2024T02:34:49 - [MESSAGE][PASSED] - Current window maximized

25-10-2024T02:34:49 - [TEST_STEP][PASSED] - iwpPages.TestHarnessPage.setDataMethod(row, dataFile): iwpPages.TestHarnessPage.setDataMethod is PASSED

25-10-2024T02:34:50 - [MESSAGE][PASSED] - Object 'Object Repository/IWP30/Page_QATestHarness/RemittanceID' is present

25-10-2024T02:34:50 - [MESSAGE][PASSED] - Text '649' is set on object 'Object Repository/IWP30/Page_QATestHarness/ApplicationID'

25-10-2024T02:34:51 - [MESSAGE][PASSED] - Text '3.0' is set on object 'Object Repository/IWP30/Page_QATestHarness/MessageVersion'

25-10-2024T02:34:52 - [MESSAGE][PASSED] - Text 'xUCt5ruMEP7A' is set on object 'Object Repository/IWP30/Page_QATestHarness/RemittanceID'

25-10-2024T02:34:55 - [MESSAGE][PASSED] - Object: 'Object Repository/IWP30/Page_QATestHarness/SubmitButton' is clicked on

25-10-2024T02:34:55 - [MESSAGE][PASSED] - iwpPages.TestHarnessPage.setDataMethod is PASSED

25-10-2024T02:34:55 - [TEST_STEP][PASSED] - click(findTestObject("Object Repository/IWP30/Page_SelectPaymentMethod/PayByPersonalCheck")): Object: 'Object Repository/IWP30/Page_SelectPaymentMethod/PayByPersonalCheck' is clicked on

25-10-2024T02:34:56 - [MESSAGE][PASSED] - Object: 'Object Repository/IWP30/Page_SelectPaymentMethod/PayByPersonalCheck' is clicked on

25-10-2024T02:34:56 - [TEST_STEP][PASSED] - click(findTestObject("Object Repository/IWP30/Page_SelectPaymentMethod/MakePaymentButton")): Object: 'Object Repository/IWP30/Page_SelectPaymentMethod/MakePaymentButton' is clicked on

25-10-2024T02:34:58 - [MESSAGE][PASSED] - Object: 'Object Repository/IWP30/Page_SelectPaymentMethod/MakePaymentButton' is clicked on

25-10-2024T02:34:58 - [TEST_STEP][PASSED] - iwpPages.achPersonalPaymentEntryPage.setDataACHPPM(row, dataFile): iwpPages.achPersonalPaymentEntryPage.setDataACHPPM is PASSED

25-10-2024T02:34:59 - [MESSAGE][PASSED] - Object 'Object Repository/IWP30/Page_ACHPersonalPaymentEntry/txt_accountNumber' is present

25-10-2024T02:35:00 - [MESSAGE][PASSED] - Text '10.50' is set on object 'Object Repository/IWP30/Page_ACHPersonalPaymentEntry/txt_Amount'

25-10-2024T02:35:00 - [MESSAGE][PASSED] - Object 'Object Repository/IWP30/Page_ACHPersonalPaymentEntry/txt_UDF2' is present

25-10-2024T02:35:01 - [MESSAGE][PASSED] - Text 'udf data 2' is set on object 'Object Repository/IWP30/Page_ACHPersonalPaymentEntry/txt_UDF2'

25-10-2024T02:35:01 - [MESSAGE][PASSED] - Text 'udf data 3' is set on object 'Object Repository/IWP30/Page_ACHPersonalPaymentEntry/txt_UDF3'

25-10-2024T02:35:02 - [MESSAGE][PASSED] - All options with label 'Orange' are selected in object 'Object Repository/IWP30/Page_ACHPersonalPaymentEntry/dd_UDF7' 

25-10-2024T02:35:02 - [MESSAGE][PASSED] - All options with label 'Soccer' are selected in object 'Object Repository/IWP30/Page_ACHPersonalPaymentEntry/dd_UDF8' 

25-10-2024T02:35:03 - [MESSAGE][PASSED] - Object 'Object Repository/IWP30/Page_ACHPersonalPaymentEntry/txt_Firstname' is present

25-10-2024T02:35:03 - [MESSAGE][PASSED] - Text 'Elizath' is set on object 'Object Repository/IWP30/Page_ACHPersonalPaymentEntry/txt_Firstname'

25-10-2024T02:35:03 - [MESSAGE][PASSED] - Object 'Object Repository/IWP30/Page_ACHPersonalPaymentEntry/txt_Lastname' is present

25-10-2024T02:35:04 - [MESSAGE][PASSED] - Text 'Christine' is set on object 'Object Repository/IWP30/Page_ACHPersonalPaymentEntry/txt_Lastname'

25-10-2024T02:35:04 - [MESSAGE][PASSED] - Object 'Object Repository/IWP30/Page_ACHPersonalPaymentEntry/txt_routingNumber' is present

25-10-2024T02:35:05 - [MESSAGE][PASSED] - Text '256072691' is set on object 'Object Repository/IWP30/Page_ACHPersonalPaymentEntry/txt_routingNumber'

25-10-2024T02:35:05 - [MESSAGE][PASSED] - Object 'Object Repository/IWP30/Page_ACHPersonalPaymentEntry/txt_accountNumber' is present

25-10-2024T02:35:06 - [MESSAGE][PASSED] - Text '12344444' is set on object 'Object Repository/IWP30/Page_ACHPersonalPaymentEntry/txt_accountNumber'

25-10-2024T02:35:06 - [MESSAGE][PASSED] - Object 'Object Repository/IWP30/Page_ACHPersonalPaymentEntry/txt_confirmAccountNumber' is present

25-10-2024T02:35:07 - [MESSAGE][PASSED] - Text '12344444' is set on object 'Object Repository/IWP30/Page_ACHPersonalPaymentEntry/txt_confirmAccountNumber'

25-10-2024T02:35:07 - [MESSAGE][PASSED] - Object 'Object Repository/IWP30/Page_ACHPersonalPaymentEntry/rd_accountType' is present

25-10-2024T02:35:07 - [MESSAGE][PASSED] - Modify property of object successfully

25-10-2024T02:35:08 - [MESSAGE][PASSED] - Object: 'Object Repository/IWP30/Page_ACHPersonalPaymentEntry/rd_accountType' is clicked on

25-10-2024T02:35:08 - [MESSAGE][PASSED] - Execute JavaScript '
				   document.getElementById('processDate').value = '08/09/2025'
				  ' successfully

25-10-2024T02:35:08 - [MESSAGE][PASSED] - Text '365 Main Avenue' is set on object 'Object Repository/IWP30/Page_ACHPersonalPaymentEntry/txt_AL1'

25-10-2024T02:35:09 - [MESSAGE][PASSED] - Text '22201' is set on object 'Object Repository/IWP30/Page_ACHPersonalPaymentEntry/txt_ZIP'

25-10-2024T02:35:09 - [MESSAGE][PASSED] - Object 'Object Repository/IWP30/Page_ACHPersonalPaymentEntry/txt_Email' is present

25-10-2024T02:35:10 - [MESSAGE][PASSED] - Text 'iahmed@govolution.com' is set on object 'Object Repository/IWP30/Page_ACHPersonalPaymentEntry/txt_Email'

25-10-2024T02:35:10 - [MESSAGE][PASSED] - Object 'Object Repository/IWP30/Page_ACHPersonalPaymentEntry/cb_TermsAndCond' is present

25-10-2024T02:35:11 - [MESSAGE][PASSED] - Object: 'Object Repository/IWP30/Page_ACHPersonalPaymentEntry/cb_TermsAndCond' is clicked on

25-10-2024T02:35:11 - [MESSAGE][PASSED] - Object 'Object Repository/IWP30/Page_ACHPersonalPaymentEntry/btn_Continue' is present

25-10-2024T02:35:12 - [MESSAGE][PASSED] - Object: 'Object Repository/IWP30/Page_ACHPersonalPaymentEntry/btn_Continue' is clicked on

25-10-2024T02:35:12 - [MESSAGE][PASSED] - iwpPages.achPersonalPaymentEntryPage.setDataACHPPM is PASSED

25-10-2024T02:35:12 - [TEST_STEP][PASSED] - click(findTestObject("Object Repository/IWP30/Page_Confirmation/ConfirmButton")): Object: 'Object Repository/IWP30/Page_Confirmation/ConfirmButton' is clicked on

25-10-2024T02:35:43 - [MESSAGE][INFO] - Unable to find the element located by 'By.xpath: //*[@type = 'submit' and @name = 'confirmNotifyAction' and @id = 'submitYes' and @value = 'Confirm']'. Please recheck the objects properties to make sure the desired element is located. 

25-10-2024T02:35:43 - [MESSAGE][WARNING] - [SELF-HEALING] Failed to find element with id 'Object Repository/IWP30/Page_Confirmation/ConfirmButton'. Try using Self-healing.

25-10-2024T02:35:44 - [MESSAGE][WARNING] - [SELF-HEALING] The current locator of test object 'Object Repository/IWP30/Page_Confirmation/ConfirmButton' was broken. Propose an alternative one: '//div/input'.

25-10-2024T02:35:45 - [MESSAGE][PASSED] - Object: 'Object Repository/IWP30/Page_Confirmation/ConfirmButton' is clicked on

25-10-2024T02:35:45 - [TEST_STEP][PASSED] - Thread.sleep(2000): null

25-10-2024T02:35:47 - [TEST_STEP][PASSED] - if (verifyTextPresent("Deferred", false)): null

25-10-2024T02:35:48 - [MESSAGE][PASSED] - Text 'Deferred' is present on page 

25-10-2024T02:35:48 - [TEST_STEP][PASSED] - println("Deferred is present on page. Deferred Pay is created"): null

25-10-2024T02:35:48 - [TEST_STEP][PASSED] - click(findTestObject("Object Repository/IWP30/Page_Receipt/ViewScheduledPaymentsButton")): Object: 'Object Repository/IWP30/Page_Receipt/ViewScheduledPaymentsButton' is clicked on

25-10-2024T02:35:48 - [MESSAGE][PASSED] - Object: 'Object Repository/IWP30/Page_Receipt/ViewScheduledPaymentsButton' is clicked on

25-10-2024T02:35:48 - [TEST_STEP][PASSED] - switchToWindowTitle("View Scheduled Payments"): Switched to window with title: 'View Scheduled Payments'

25-10-2024T02:35:48 - [MESSAGE][PASSED] - Switched to window with title: 'View Scheduled Payments'

25-10-2024T02:35:48 - [TEST_STEP][PASSED] - Thread.sleep(5000): null

25-10-2024T02:35:53 - [TEST_STEP][PASSED] - if (verifyTextPresent("View Scheduled Payments", false)): null

25-10-2024T02:35:53 - [MESSAGE][PASSED] - Text 'View Scheduled Payments' is present on page 

25-10-2024T02:35:53 - [TEST_STEP][PASSED] - click(findTestObject("Object Repository/IWP30/Page_ScheduledPayments/edit_payment")): Object: 'Object Repository/IWP30/Page_ScheduledPayments/edit_payment' is clicked on

25-10-2024T02:35:56 - [MESSAGE][PASSED] - Object: 'Object Repository/IWP30/Page_ScheduledPayments/edit_payment' is clicked on

25-10-2024T02:35:56 - [TEST_STEP][PASSED] - iwpPages.editSchedulePayment.setDataSchedPayment(row, dataFile): iwpPages.editSchedulePayment.setDataSchedPayment is PASSED

25-10-2024T02:35:57 - [MESSAGE][PASSED] - Text 'Edit Payment Plan' is present on page 

25-10-2024T02:35:57 - [MESSAGE][PASSED] - All options with label 'Orange' are selected in object 'Object Repository/IWP30/Page_CCPaymentEntry/UserDefined7' 

25-10-2024T02:35:58 - [MESSAGE][PASSED] - All options with label 'Soccer' are selected in object 'Object Repository/IWP30/Page_CCPaymentEntry/UserDefined8' 

25-10-2024T02:35:58 - [MESSAGE][PASSED] - Execute JavaScript '
				   document.getElementById('processDate').value = '08/09/2045'
				  ' successfully

25-10-2024T02:35:58 - [MESSAGE][PASSED] - iwpPages.editSchedulePayment.setDataSchedPayment is PASSED

25-10-2024T02:35:58 - [TEST_STEP][PASSED] - click(findTestObject("Object Repository/Page_EditSchedPayment/chkbox_acceptterms")): Object: 'Object Repository/Page_EditSchedPayment/chkbox_acceptterms' is clicked on

25-10-2024T02:35:58 - [MESSAGE][PASSED] - Object: 'Object Repository/Page_EditSchedPayment/chkbox_acceptterms' is clicked on

25-10-2024T02:35:58 - [TEST_STEP][PASSED] - click(findTestObject("Object Repository/Page_EditSchedPayment/btn_update")): Object: 'Object Repository/Page_EditSchedPayment/btn_update' is clicked on

25-10-2024T02:36:00 - [MESSAGE][PASSED] - Object: 'Object Repository/Page_EditSchedPayment/btn_update' is clicked on

25-10-2024T02:36:00 - [TEST_STEP][PASSED] - if (verifyTextPresent("Successful Payment Plan Update", false)): null

25-10-2024T02:36:00 - [MESSAGE][PASSED] - Text 'Successful Payment Plan Update' is present on page 

25-10-2024T02:36:00 - [TEST_STEP][PASSED] - click(findTestObject("Object Repository/IWP30/Page_SuccesfulUpdate/btn_back")): Object: 'Object Repository/IWP30/Page_SuccesfulUpdate/btn_back' is clicked on

25-10-2024T02:36:01 - [MESSAGE][PASSED] - Object: 'Object Repository/IWP30/Page_SuccesfulUpdate/btn_back' is clicked on

25-10-2024T02:36:01 - [TEST_STEP][PASSED] - click(findTestObject("Object Repository/IWP30/Page_ScheduledPayments/cancel_payment")): Object: 'Object Repository/IWP30/Page_ScheduledPayments/cancel_payment' is clicked on

25-10-2024T02:36:02 - [MESSAGE][PASSED] - Object: 'Object Repository/IWP30/Page_ScheduledPayments/cancel_payment' is clicked on

25-10-2024T02:36:02 - [TEST_STEP][PASSED] - if (verifyTextPresent("Cancel Payment Plan", false)): null

25-10-2024T02:36:03 - [MESSAGE][PASSED] - Text 'Cancel Payment Plan' is present on page 

25-10-2024T02:36:03 - [TEST_STEP][PASSED] - click(findTestObject("Object Repository/IWP30/Page_PaymentPlan/btn_cancel")): Object: 'Object Repository/IWP30/Page_PaymentPlan/btn_cancel' is clicked on

25-10-2024T02:36:03 - [MESSAGE][PASSED] - Object: 'Object Repository/IWP30/Page_PaymentPlan/btn_cancel' is clicked on

25-10-2024T02:36:03 - [TEST_STEP][PASSED] - acceptAlert(): Alert accepted

25-10-2024T02:36:03 - [MESSAGE][PASSED] - Alert accepted

25-10-2024T02:36:03 - [TEST_STEP][PASSED] - if (verifyTextPresent("Your payment plan has been successfully canceled", false)): null

25-10-2024T02:36:04 - [MESSAGE][PASSED] - Text 'Your payment plan has been successfully canceled' is present on page 

25-10-2024T02:36:04 - [TEST_STEP][PASSED] - markPassed("Your payment plan has been successfully created, modified and canceled"): Your payment plan has been successfully created, modified and canceled

25-10-2024T02:36:04 - [MESSAGE][PASSED] - Your payment plan has been successfully created, modified and canceled

25-10-2024T02:36:04 - [TEST_STEP][PASSED] - resText = "Pass": null

25-10-2024T02:36:04 - [TEST_STEP][PASSED] - println(row): null

25-10-2024T02:36:04 - [TEST_STEP][PASSED] - pages.WriteExcel.demoKey(resText, datText, resColumn, datCloumn, fileLoc, nameSheet, row): pages.WriteExcel.demoKey is PASSED

25-10-2024T02:36:04 - [MESSAGE][PASSED] - pages.WriteExcel.demoKey is PASSED

25-10-2024T02:36:04 - [TEST_STEP][PASSED] - closeBrowser(): Browser is closed

25-10-2024T02:36:05 - [MESSAGE][PASSED] - Browser is closed]]></system-out>
         <system-err><![CDATA[]]></system-err>
      </testcase>
      <testcase name="Test Cases/IntegratedWeb/IWP25/Error/CardExpiredErrorCC" time="213.018" classname="Test Cases/IntegratedWeb/IWP25/Error/CardExpiredErrorCC" status="PASSED">
         <system-out><![CDATA[25-10-2024T02:36:05 - [TEST_CASE][PASSED] - Test Cases/IntegratedWeb/IWP25/Error/CardExpiredErrorCC: Test Cases/IntegratedWeb/IWP25/Error/CardExpiredErrorCC

25-10-2024T02:36:05 - [TEST_STEP][PASSED] - resText = "Fail": null

25-10-2024T02:36:05 - [TEST_STEP][PASSED] - resColumn = "Result": null

25-10-2024T02:36:05 - [TEST_STEP][PASSED] - datCloumn = "Date": null

25-10-2024T02:36:05 - [TEST_STEP][PASSED] - fileLoc = "KatalonData/IWPTestData/VRelay25Payments.xlsx": null

25-10-2024T02:36:05 - [TEST_STEP][PASSED] - numOfRows = <not implemented yet for class: org.codehaus.groovy.ast.expr.EmptyExpression>: null

25-10-2024T02:36:05 - [TEST_STEP][PASSED] - dataFile = <not implemented yet for class: org.codehaus.groovy.ast.expr.EmptyExpression>: null

25-10-2024T02:36:05 - [TEST_STEP][PASSED] - nameSheet = <not implemented yet for class: org.codehaus.groovy.ast.expr.EmptyExpression>: null

25-10-2024T02:36:05 - [TEST_STEP][PASSED] - dataFileEmulator = <not implemented yet for class: org.codehaus.groovy.ast.expr.EmptyExpression>: null

25-10-2024T02:36:05 - [TEST_STEP][PASSED] - nameSheet = "CardExpiredErrorCC": null

25-10-2024T02:36:05 - [TEST_STEP][PASSED] - dataFile = "IWPTestData/IWP25CardExpiredErrorCC": null

25-10-2024T02:36:05 - [TEST_STEP][PASSED] - dataFileEmulator = "IWPTestData/EmulatorData": null

25-10-2024T02:36:05 - [TEST_STEP][PASSED] - numOfRows = findTestData(dataFile).getRowNumbers(): null

25-10-2024T02:36:05 - [TEST_STEP][PASSED] - println("Number of Records: " + numOfRows): null

25-10-2024T02:36:05 - [TEST_STEP][PASSED] - for ([row = 1, row <= numOfRows, (row++)]): Browser is closed

25-10-2024T02:36:05 - [TEST_STEP][PASSED] - ExecuteTC = findTestData(dataFile).getValue("Execute", row): null

25-10-2024T02:36:05 - [TEST_STEP][PASSED] - out.println("Value of Execute is : " + ExecuteTC): null

25-10-2024T02:36:05 - [TEST_STEP][PASSED] - if (ExecuteTC.equalsIgnoreCase("Y")): null

25-10-2024T02:36:05 - [TEST_STEP][PASSED] - out.println("Begin Record Number: " + row): null

25-10-2024T02:36:05 - [TEST_STEP][PASSED] - today = new java.util.Date(): null

25-10-2024T02:36:05 - [TEST_STEP][PASSED] - println(today): null

25-10-2024T02:36:05 - [TEST_STEP][PASSED] - datText = today: null

25-10-2024T02:36:05 - [TEST_STEP][PASSED] - EmulatorDataKey = findTestData(dataFile).getValue("EmulatorData", row): null

25-10-2024T02:36:05 - [TEST_STEP][PASSED] - out.println("Value of Emulator Key is : " + EmulatorDataKey): null

25-10-2024T02:36:05 - [TEST_STEP][PASSED] - iwpPages.emulatorIWP30.setDataEmulator_DD(EmulatorDataKey): iwpPages.emulatorIWP30.setDataEmulator_DD is PASSED

25-10-2024T02:36:06 - [MESSAGE][INFO] - Starting 'Edge Chromium' driver

25-10-2024T02:36:06 - [MESSAGE][INFO] - User set preference: ['acceptInsecureCerts', 'true']

25-10-2024T02:36:08 - [MESSAGE][INFO] - Action delay is set to 0 milliseconds

25-10-2024T02:36:11 - [MESSAGE][PASSED] - Browser is opened with url: 'https://qa2.velocitypayment.com/agencyx/config.action?action=editor&message_version=2_5'

25-10-2024T02:36:11 - [MESSAGE][PASSED] - Current window maximized

25-10-2024T02:36:42 - [MESSAGE][INFO] - Unable to find the element located by 'By.xpath: //select[@name='message_version']'. Please recheck the objects properties to make sure the desired element is located. 

25-10-2024T02:36:42 - [MESSAGE][WARNING] - [SELF-HEALING] Failed to find element with id 'Object Repository/IWP30/Page_VRelay30Emulator/MV'. Try using Self-healing.

25-10-2024T02:36:43 - [MESSAGE][WARNING] - [SELF-HEALING] The current locator of test object 'Object Repository/IWP30/Page_VRelay30Emulator/MV' was broken. Propose an alternative one: '(.//*[normalize-space(text()) and normalize-space(.)='Message Version'])[1]/following::select[1]'.

25-10-2024T02:36:43 - [MESSAGE][PASSED] - All options with value '2.5' are selected in object 'Object Repository/IWP30/Page_VRelay30Emulator/MV'  using regular expression

25-10-2024T02:36:44 - [MESSAGE][PASSED] - Text '10.50' is set on object 'Object Repository/IWP30/Page_EmulatorAgencyX/Amount'

25-10-2024T02:36:45 - [MESSAGE][PASSED] - Text 'WW0JLlqKkbO1' is set on object 'Object Repository/IWP30/Page_EmulatorAgencyX/CAN'

25-10-2024T02:36:46 - [MESSAGE][PASSED] - Text 'PayNow' is set on object 'Object Repository/IWP30/Page_EmulatorAgencyX/Action'

25-10-2024T02:36:47 - [MESSAGE][PASSED] - Text 'en_US' is set on object 'Object Repository/IWP30/Page_EmulatorAgencyX/Lang'

25-10-2024T02:36:48 - [MESSAGE][PASSED] - Text '' is set on object 'Object Repository/IWP30/Page_EmulatorAgencyX/Fname'

25-10-2024T02:36:48 - [MESSAGE][PASSED] - Text '' is set on object 'Object Repository/IWP30/Page_EmulatorAgencyX/Lname'

25-10-2024T02:36:49 - [MESSAGE][PASSED] - Text '' is set on object 'Object Repository/IWP30/Page_EmulatorAgencyX/AL1'

25-10-2024T02:36:50 - [MESSAGE][PASSED] - Text '' is set on object 'Object Repository/IWP30/Page_EmulatorAgencyX/AL2'

25-10-2024T02:36:50 - [MESSAGE][PASSED] - Text '' is set on object 'Object Repository/IWP30/Page_EmulatorAgencyX/Country'

25-10-2024T02:36:51 - [MESSAGE][PASSED] - Text '' is set on object 'Object Repository/IWP30/Page_EmulatorAgencyX/City'

25-10-2024T02:36:51 - [MESSAGE][PASSED] - Text '' is set on object 'Object Repository/IWP30/Page_EmulatorAgencyX/State'

25-10-2024T02:36:52 - [MESSAGE][PASSED] - Text '' is set on object 'Object Repository/IWP30/Page_EmulatorAgencyX/ZIP'

25-10-2024T02:36:52 - [MESSAGE][PASSED] - Text '' is set on object 'Object Repository/IWP30/Page_EmulatorAgencyX/Order'

25-10-2024T02:36:53 - [MESSAGE][PASSED] - Text '' is set on object 'Object Repository/IWP30/Page_EmulatorAgencyX/Company'

25-10-2024T02:36:54 - [MESSAGE][PASSED] - Text '' is set on object 'Object Repository/IWP30/Page_EmulatorAgencyX/Email'

25-10-2024T02:36:55 - [MESSAGE][PASSED] - Text '' is set on object 'Object Repository/IWP30/Page_EmulatorAgencyX/UDF1'

25-10-2024T02:36:55 - [MESSAGE][PASSED] - Text '' is set on object 'Object Repository/IWP30/Page_EmulatorAgencyX/UDF2'

25-10-2024T02:36:56 - [MESSAGE][PASSED] - Text '' is set on object 'Object Repository/IWP30/Page_EmulatorAgencyX/UDF3'

25-10-2024T02:36:57 - [MESSAGE][PASSED] - Text 'udf data 4' is set on object 'Object Repository/IWP30/Page_EmulatorAgencyX/UDF4'

25-10-2024T02:36:57 - [MESSAGE][PASSED] - Text 'udf data 5' is set on object 'Object Repository/IWP30/Page_EmulatorAgencyX/UDF5'

25-10-2024T02:37:00 - [MESSAGE][PASSED] - Text '' is set on object 'Object Repository/IWP30/Page_EmulatorAgencyX/UDF6'

25-10-2024T02:37:00 - [MESSAGE][PASSED] - Text '' is set on object 'Object Repository/IWP30/Page_EmulatorAgencyX/UDF7'

25-10-2024T02:37:01 - [MESSAGE][PASSED] - Text '' is set on object 'Object Repository/IWP30/Page_EmulatorAgencyX/UDF8'

25-10-2024T02:37:02 - [MESSAGE][PASSED] - Text 'udf data 9' is set on object 'Object Repository/IWP30/Page_EmulatorAgencyX/UDF9'

25-10-2024T02:37:03 - [MESSAGE][PASSED] - Text 'udf data 10' is set on object 'Object Repository/IWP30/Page_EmulatorAgencyX/UDF10'

25-10-2024T02:37:04 - [MESSAGE][PASSED] - Object: 'Object Repository/IWP30/Page_EmulatorAgencyX/Submit' is clicked on

25-10-2024T02:37:08 - [MESSAGE][PASSED] - Browser is closed

25-10-2024T02:37:13 - [MESSAGE][PASSED] - iwpPages.emulatorIWP30.setDataEmulator_DD is PASSED

25-10-2024T02:37:13 - [TEST_STEP][PASSED] - testHarnessURL = urlTestHarness: null

25-10-2024T02:37:13 - [TEST_STEP][PASSED] - openBrowser(testHarnessURL): Browser is opened with url: 'https://dev-algorithm.govolution.com/vrelaytest/QA2/version_2_2/vrelaytest.html'

25-10-2024T02:37:13 - [MESSAGE][INFO] - Starting 'Edge Chromium' driver

25-10-2024T02:37:13 - [MESSAGE][INFO] - User set preference: ['acceptInsecureCerts', 'true']

25-10-2024T02:37:15 - [MESSAGE][INFO] - Action delay is set to 0 milliseconds

25-10-2024T02:37:18 - [MESSAGE][PASSED] - Browser is opened with url: 'https://dev-algorithm.govolution.com/vrelaytest/QA2/version_2_2/vrelaytest.html'

25-10-2024T02:37:18 - [TEST_STEP][PASSED] - maximizeWindow(): Current window maximized

25-10-2024T02:37:18 - [MESSAGE][PASSED] - Current window maximized

25-10-2024T02:37:18 - [TEST_STEP][PASSED] - iwpPages.TestHarnessPage.setDataMethod(row, dataFile): iwpPages.TestHarnessPage.setDataMethod is PASSED

25-10-2024T02:37:19 - [MESSAGE][PASSED] - Object 'Object Repository/IWP30/Page_QATestHarness/RemittanceID' is present

25-10-2024T02:37:19 - [MESSAGE][PASSED] - Text '638' is set on object 'Object Repository/IWP30/Page_QATestHarness/ApplicationID'

25-10-2024T02:37:20 - [MESSAGE][PASSED] - Text '2.5' is set on object 'Object Repository/IWP30/Page_QATestHarness/MessageVersion'

25-10-2024T02:37:21 - [MESSAGE][PASSED] - Text 'VbOnemwzp8oB' is set on object 'Object Repository/IWP30/Page_QATestHarness/RemittanceID'

25-10-2024T02:37:24 - [MESSAGE][PASSED] - Object: 'Object Repository/IWP30/Page_QATestHarness/SubmitButton' is clicked on

25-10-2024T02:37:24 - [MESSAGE][PASSED] - iwpPages.TestHarnessPage.setDataMethod is PASSED

25-10-2024T02:37:24 - [TEST_STEP][PASSED] - click(findTestObject("Object Repository/IWP30/Page_SelectPaymentMethod/PayByCreditCard")): Object: 'Object Repository/IWP30/Page_SelectPaymentMethod/PayByCreditCard' is clicked on

25-10-2024T02:37:25 - [MESSAGE][PASSED] - Object: 'Object Repository/IWP30/Page_SelectPaymentMethod/PayByCreditCard' is clicked on

25-10-2024T02:37:25 - [TEST_STEP][PASSED] - click(findTestObject("Object Repository/IWP30/Page_SelectPaymentMethod/MakePaymentButton")): Object: 'Object Repository/IWP30/Page_SelectPaymentMethod/MakePaymentButton' is clicked on

25-10-2024T02:37:28 - [MESSAGE][PASSED] - Object: 'Object Repository/IWP30/Page_SelectPaymentMethod/MakePaymentButton' is clicked on

25-10-2024T02:37:28 - [TEST_STEP][PASSED] - iwpPages.ccPaymentEntryPage.setDataCCPM(row, dataFile): iwpPages.ccPaymentEntryPage.setDataCCPM is PASSED

25-10-2024T02:37:29 - [MESSAGE][PASSED] - Object 'Object Repository/IWP30/Page_CCPaymentEntry/Name' is present

25-10-2024T02:37:30 - [MESSAGE][PASSED] - Text '10.50' is set on object 'Object Repository/IWP30/Page_CCPaymentEntry/Amount'

25-10-2024T02:37:31 - [MESSAGE][PASSED] - Text 'udf data 2' is set on object 'Object Repository/IWP30/Page_CCPaymentEntry/UserDefined2'

25-10-2024T02:37:31 - [MESSAGE][PASSED] - Text 'udf data 3' is set on object 'Object Repository/IWP30/Page_CCPaymentEntry/UserDefined3'

25-10-2024T02:37:32 - [MESSAGE][PASSED] - All options with label 'Orange' are selected in object 'Object Repository/IWP30/Page_CCPaymentEntry/UserDefined7' 

25-10-2024T02:37:32 - [MESSAGE][PASSED] - All options with label 'Soccer' are selected in object 'Object Repository/IWP30/Page_CCPaymentEntry/UserDefined8' 

25-10-2024T02:37:33 - [MESSAGE][PASSED] - Object 'Object Repository/IWP30/Page_CCPaymentEntry/Name' is present

25-10-2024T02:37:33 - [MESSAGE][PASSED] - Text 'Kavita Ranawati' is set on object 'Object Repository/IWP30/Page_CCPaymentEntry/Name'

25-10-2024T02:37:33 - [MESSAGE][PASSED] - Object 'Object Repository/IWP30/Page_CCPaymentEntry/CardNumber' is present

25-10-2024T02:37:34 - [MESSAGE][PASSED] - Text '4111111111111111' is set on object 'Object Repository/IWP30/Page_CCPaymentEntry/CardNumber'

25-10-2024T02:37:35 - [MESSAGE][PASSED] - Text '123' is set on object 'Object Repository/IWP30/Page_CCPaymentEntry/SPC'

25-10-2024T02:37:35 - [MESSAGE][PASSED] - Object 'Object Repository/IWP30/Page_CCPaymentEntry/Month' is present

25-10-2024T02:37:36 - [MESSAGE][PASSED] - All options with label '01' are selected in object 'Object Repository/IWP30/Page_CCPaymentEntry/Month' 

25-10-2024T02:37:36 - [MESSAGE][PASSED] - Object 'Object Repository/IWP30/Page_CCPaymentEntry/Year' is present

25-10-2024T02:37:36 - [MESSAGE][PASSED] - All options with label '2024' are selected in object 'Object Repository/IWP30/Page_CCPaymentEntry/Year' 

25-10-2024T02:37:37 - [MESSAGE][PASSED] - Text '365 Main Avenue' is set on object 'Object Repository/IWP30/Page_CCPaymentEntry/AL1'

25-10-2024T02:37:38 - [MESSAGE][PASSED] - Text '22201' is set on object 'Object Repository/IWP30/Page_CCPaymentEntry/ZIP'

25-10-2024T02:37:38 - [MESSAGE][PASSED] - Object 'Object Repository/IWP30/Page_CCPaymentEntry/EmailAddress' is present

25-10-2024T02:37:39 - [MESSAGE][PASSED] - Text 'iahmed@govolution.com' is set on object 'Object Repository/IWP30/Page_CCPaymentEntry/EmailAddress'

25-10-2024T02:37:40 - [MESSAGE][PASSED] - Object 'Object Repository/IWP30/Page_CCPaymentEntry/TermCondCheckBox' is present

25-10-2024T02:37:40 - [MESSAGE][PASSED] - Object 'Object Repository/IWP30/Page_CCPaymentEntry/TermCondCheckBox' is checked

25-10-2024T02:37:40 - [MESSAGE][PASSED] - Object 'Object Repository/IWP30/Page_CCPaymentEntry/ContinueButton' is present

25-10-2024T02:37:43 - [MESSAGE][PASSED] - Object: 'Object Repository/IWP30/Page_CCPaymentEntry/ContinueButton' is clicked on

25-10-2024T02:37:43 - [MESSAGE][PASSED] - iwpPages.ccPaymentEntryPage.setDataCCPM is PASSED

25-10-2024T02:37:43 - [TEST_STEP][PASSED] - Thread.sleep(10000): null

25-10-2024T02:37:53 - [TEST_STEP][PASSED] - if (verifyTextPresent("Invalid card expiration date", false)): null

25-10-2024T02:37:53 - [MESSAGE][PASSED] - Text 'Invalid card expiration date' is present on page 

25-10-2024T02:37:53 - [TEST_STEP][PASSED] - println("Invalid card expiration date message shown"): null

25-10-2024T02:37:53 - [TEST_STEP][PASSED] - markPassed("Max Amount Error message shown"): Max Amount Error message shown

25-10-2024T02:37:53 - [MESSAGE][PASSED] - Max Amount Error message shown

25-10-2024T02:37:53 - [TEST_STEP][PASSED] - resText = "Pass": null

25-10-2024T02:37:53 - [TEST_STEP][PASSED] - pages.WriteExcel.demoKey(resText, datText, resColumn, datCloumn, fileLoc, nameSheet, row): pages.WriteExcel.demoKey is PASSED

25-10-2024T02:37:54 - [MESSAGE][PASSED] - pages.WriteExcel.demoKey is PASSED

25-10-2024T02:37:54 - [TEST_STEP][PASSED] - closeBrowser(): Browser is closed

25-10-2024T02:37:54 - [MESSAGE][PASSED] - Browser is closed

25-10-2024T02:37:54 - [TEST_STEP][PASSED] - ExecuteTC = findTestData(dataFile).getValue("Execute", row): null

25-10-2024T02:37:54 - [TEST_STEP][PASSED] - out.println("Value of Execute is : " + ExecuteTC): null

25-10-2024T02:37:54 - [TEST_STEP][PASSED] - if (ExecuteTC.equalsIgnoreCase("Y")): null

25-10-2024T02:37:54 - [TEST_STEP][PASSED] - out.println("Begin Record Number: " + row): null

25-10-2024T02:37:54 - [TEST_STEP][PASSED] - today = new java.util.Date(): null

25-10-2024T02:37:54 - [TEST_STEP][PASSED] - println(today): null

25-10-2024T02:37:54 - [TEST_STEP][PASSED] - datText = today: null

25-10-2024T02:37:54 - [TEST_STEP][PASSED] - EmulatorDataKey = findTestData(dataFile).getValue("EmulatorData", row): null

25-10-2024T02:37:54 - [TEST_STEP][PASSED] - out.println("Value of Emulator Key is : " + EmulatorDataKey): null

25-10-2024T02:37:54 - [TEST_STEP][PASSED] - iwpPages.emulatorIWP30.setDataEmulator_DD(EmulatorDataKey): iwpPages.emulatorIWP30.setDataEmulator_DD is PASSED

25-10-2024T02:37:55 - [MESSAGE][INFO] - Starting 'Edge Chromium' driver

25-10-2024T02:37:55 - [MESSAGE][INFO] - User set preference: ['acceptInsecureCerts', 'true']

25-10-2024T02:37:57 - [MESSAGE][INFO] - Action delay is set to 0 milliseconds

25-10-2024T02:38:01 - [MESSAGE][PASSED] - Browser is opened with url: 'https://qa2.velocitypayment.com/agencyx/config.action?action=editor&message_version=3_0'

25-10-2024T02:38:01 - [MESSAGE][PASSED] - Current window maximized

25-10-2024T02:38:32 - [MESSAGE][INFO] - Unable to find the element located by 'By.xpath: //select[@name='message_version']'. Please recheck the objects properties to make sure the desired element is located. 

25-10-2024T02:38:32 - [MESSAGE][WARNING] - [SELF-HEALING] Failed to find element with id 'Object Repository/IWP30/Page_VRelay30Emulator/MV'. Try using Self-healing.

25-10-2024T02:38:32 - [MESSAGE][WARNING] - [SELF-HEALING] The current locator of test object 'Object Repository/IWP30/Page_VRelay30Emulator/MV' was broken. Propose an alternative one: '(.//*[normalize-space(text()) and normalize-space(.)='Message Version'])[1]/following::select[1]'.

25-10-2024T02:38:33 - [MESSAGE][PASSED] - All options with value '3.0' are selected in object 'Object Repository/IWP30/Page_VRelay30Emulator/MV'  using regular expression

25-10-2024T02:38:33 - [MESSAGE][PASSED] - Text '10.50' is set on object 'Object Repository/IWP30/Page_EmulatorAgencyX/Amount'

25-10-2024T02:38:34 - [MESSAGE][PASSED] - Text 'sB94n8DUnV6z' is set on object 'Object Repository/IWP30/Page_EmulatorAgencyX/CAN'

25-10-2024T02:38:35 - [MESSAGE][PASSED] - Text 'PayNow' is set on object 'Object Repository/IWP30/Page_EmulatorAgencyX/Action'

25-10-2024T02:38:35 - [MESSAGE][PASSED] - Text 'en_US' is set on object 'Object Repository/IWP30/Page_EmulatorAgencyX/Lang'

25-10-2024T02:38:36 - [MESSAGE][PASSED] - Text '' is set on object 'Object Repository/IWP30/Page_EmulatorAgencyX/Fname'

25-10-2024T02:38:37 - [MESSAGE][PASSED] - Text '' is set on object 'Object Repository/IWP30/Page_EmulatorAgencyX/Lname'

25-10-2024T02:38:37 - [MESSAGE][PASSED] - Text '' is set on object 'Object Repository/IWP30/Page_EmulatorAgencyX/AL1'

25-10-2024T02:38:38 - [MESSAGE][PASSED] - Text '' is set on object 'Object Repository/IWP30/Page_EmulatorAgencyX/AL2'

25-10-2024T02:38:38 - [MESSAGE][PASSED] - Text '' is set on object 'Object Repository/IWP30/Page_EmulatorAgencyX/Country'

25-10-2024T02:38:39 - [MESSAGE][PASSED] - Text '' is set on object 'Object Repository/IWP30/Page_EmulatorAgencyX/City'

25-10-2024T02:38:39 - [MESSAGE][PASSED] - Text '' is set on object 'Object Repository/IWP30/Page_EmulatorAgencyX/State'

25-10-2024T02:38:40 - [MESSAGE][PASSED] - Text '' is set on object 'Object Repository/IWP30/Page_EmulatorAgencyX/ZIP'

25-10-2024T02:38:41 - [MESSAGE][PASSED] - Text '' is set on object 'Object Repository/IWP30/Page_EmulatorAgencyX/Order'

25-10-2024T02:38:41 - [MESSAGE][PASSED] - Text '' is set on object 'Object Repository/IWP30/Page_EmulatorAgencyX/Company'

25-10-2024T02:38:42 - [MESSAGE][PASSED] - Text '' is set on object 'Object Repository/IWP30/Page_EmulatorAgencyX/Email'

25-10-2024T02:38:42 - [MESSAGE][PASSED] - Text '' is set on object 'Object Repository/IWP30/Page_EmulatorAgencyX/UDF1'

25-10-2024T02:38:43 - [MESSAGE][PASSED] - Text '' is set on object 'Object Repository/IWP30/Page_EmulatorAgencyX/UDF2'

25-10-2024T02:38:44 - [MESSAGE][PASSED] - Text '' is set on object 'Object Repository/IWP30/Page_EmulatorAgencyX/UDF3'

25-10-2024T02:38:44 - [MESSAGE][PASSED] - Text 'udf data 4' is set on object 'Object Repository/IWP30/Page_EmulatorAgencyX/UDF4'

25-10-2024T02:38:45 - [MESSAGE][PASSED] - Text 'udf data 5' is set on object 'Object Repository/IWP30/Page_EmulatorAgencyX/UDF5'

25-10-2024T02:38:45 - [MESSAGE][PASSED] - Text '' is set on object 'Object Repository/IWP30/Page_EmulatorAgencyX/UDF6'

25-10-2024T02:38:46 - [MESSAGE][PASSED] - Text '' is set on object 'Object Repository/IWP30/Page_EmulatorAgencyX/UDF7'

25-10-2024T02:38:47 - [MESSAGE][PASSED] - Text '' is set on object 'Object Repository/IWP30/Page_EmulatorAgencyX/UDF8'

25-10-2024T02:38:47 - [MESSAGE][PASSED] - Text 'udf data 9' is set on object 'Object Repository/IWP30/Page_EmulatorAgencyX/UDF9'

25-10-2024T02:38:48 - [MESSAGE][PASSED] - Text 'udf data 10' is set on object 'Object Repository/IWP30/Page_EmulatorAgencyX/UDF10'

25-10-2024T02:38:49 - [MESSAGE][PASSED] - Object: 'Object Repository/IWP30/Page_EmulatorAgencyX/Submit' is clicked on

25-10-2024T02:38:54 - [MESSAGE][PASSED] - Browser is closed

25-10-2024T02:38:58 - [MESSAGE][PASSED] - iwpPages.emulatorIWP30.setDataEmulator_DD is PASSED

25-10-2024T02:38:58 - [TEST_STEP][PASSED] - testHarnessURL = urlTestHarness: null

25-10-2024T02:38:58 - [TEST_STEP][PASSED] - openBrowser(testHarnessURL): Browser is opened with url: 'https://dev-algorithm.govolution.com/vrelaytest/QA2/version_2_2/vrelaytest.html'

25-10-2024T02:38:58 - [MESSAGE][INFO] - Starting 'Edge Chromium' driver

25-10-2024T02:38:58 - [MESSAGE][INFO] - User set preference: ['acceptInsecureCerts', 'true']

25-10-2024T02:39:00 - [MESSAGE][INFO] - Action delay is set to 0 milliseconds

25-10-2024T02:39:03 - [MESSAGE][PASSED] - Browser is opened with url: 'https://dev-algorithm.govolution.com/vrelaytest/QA2/version_2_2/vrelaytest.html'

25-10-2024T02:39:03 - [TEST_STEP][PASSED] - maximizeWindow(): Current window maximized

25-10-2024T02:39:03 - [MESSAGE][PASSED] - Current window maximized

25-10-2024T02:39:03 - [TEST_STEP][PASSED] - iwpPages.TestHarnessPage.setDataMethod(row, dataFile): iwpPages.TestHarnessPage.setDataMethod is PASSED

25-10-2024T02:39:04 - [MESSAGE][PASSED] - Object 'Object Repository/IWP30/Page_QATestHarness/RemittanceID' is present

25-10-2024T02:39:04 - [MESSAGE][PASSED] - Text '649' is set on object 'Object Repository/IWP30/Page_QATestHarness/ApplicationID'

25-10-2024T02:39:05 - [MESSAGE][PASSED] - Text '3.0' is set on object 'Object Repository/IWP30/Page_QATestHarness/MessageVersion'

25-10-2024T02:39:06 - [MESSAGE][PASSED] - Text 'RVQfrIQ0ANPX' is set on object 'Object Repository/IWP30/Page_QATestHarness/RemittanceID'

25-10-2024T02:39:09 - [MESSAGE][PASSED] - Object: 'Object Repository/IWP30/Page_QATestHarness/SubmitButton' is clicked on

25-10-2024T02:39:09 - [MESSAGE][PASSED] - iwpPages.TestHarnessPage.setDataMethod is PASSED

25-10-2024T02:39:09 - [TEST_STEP][PASSED] - click(findTestObject("Object Repository/IWP30/Page_SelectPaymentMethod/PayByCreditCard")): Object: 'Object Repository/IWP30/Page_SelectPaymentMethod/PayByCreditCard' is clicked on

25-10-2024T02:39:10 - [MESSAGE][PASSED] - Object: 'Object Repository/IWP30/Page_SelectPaymentMethod/PayByCreditCard' is clicked on

25-10-2024T02:39:10 - [TEST_STEP][PASSED] - click(findTestObject("Object Repository/IWP30/Page_SelectPaymentMethod/MakePaymentButton")): Object: 'Object Repository/IWP30/Page_SelectPaymentMethod/MakePaymentButton' is clicked on

25-10-2024T02:39:13 - [MESSAGE][PASSED] - Object: 'Object Repository/IWP30/Page_SelectPaymentMethod/MakePaymentButton' is clicked on

25-10-2024T02:39:13 - [TEST_STEP][PASSED] - iwpPages.ccPaymentEntryPage.setDataCCPM(row, dataFile): iwpPages.ccPaymentEntryPage.setDataCCPM is PASSED

25-10-2024T02:39:14 - [MESSAGE][PASSED] - Object 'Object Repository/IWP30/Page_CCPaymentEntry/Name' is present

25-10-2024T02:39:14 - [MESSAGE][PASSED] - Text '10.50' is set on object 'Object Repository/IWP30/Page_CCPaymentEntry/Amount'

25-10-2024T02:39:15 - [MESSAGE][PASSED] - Text 'udf data 2' is set on object 'Object Repository/IWP30/Page_CCPaymentEntry/UserDefined2'

25-10-2024T02:39:16 - [MESSAGE][PASSED] - Text 'udf data 3' is set on object 'Object Repository/IWP30/Page_CCPaymentEntry/UserDefined3'

25-10-2024T02:39:16 - [MESSAGE][PASSED] - All options with label 'Orange' are selected in object 'Object Repository/IWP30/Page_CCPaymentEntry/UserDefined7' 

25-10-2024T02:39:17 - [MESSAGE][PASSED] - All options with label 'Soccer' are selected in object 'Object Repository/IWP30/Page_CCPaymentEntry/UserDefined8' 

25-10-2024T02:39:17 - [MESSAGE][PASSED] - Object 'Object Repository/IWP30/Page_CCPaymentEntry/Name' is present

25-10-2024T02:39:18 - [MESSAGE][PASSED] - Text 'Kavita Ranawati' is set on object 'Object Repository/IWP30/Page_CCPaymentEntry/Name'

25-10-2024T02:39:18 - [MESSAGE][PASSED] - Object 'Object Repository/IWP30/Page_CCPaymentEntry/CardNumber' is present

25-10-2024T02:39:18 - [MESSAGE][PASSED] - Text '4111111111111111' is set on object 'Object Repository/IWP30/Page_CCPaymentEntry/CardNumber'

25-10-2024T02:39:19 - [MESSAGE][PASSED] - Text '123' is set on object 'Object Repository/IWP30/Page_CCPaymentEntry/SPC'

25-10-2024T02:39:20 - [MESSAGE][PASSED] - Object 'Object Repository/IWP30/Page_CCPaymentEntry/Month' is present

25-10-2024T02:39:21 - [MESSAGE][PASSED] - All options with label '01' are selected in object 'Object Repository/IWP30/Page_CCPaymentEntry/Month' 

25-10-2024T02:39:21 - [MESSAGE][PASSED] - Object 'Object Repository/IWP30/Page_CCPaymentEntry/Year' is present

25-10-2024T02:39:21 - [MESSAGE][PASSED] - All options with label '2024' are selected in object 'Object Repository/IWP30/Page_CCPaymentEntry/Year' 

25-10-2024T02:39:22 - [MESSAGE][PASSED] - Text '365 Main Avenue' is set on object 'Object Repository/IWP30/Page_CCPaymentEntry/AL1'

25-10-2024T02:39:23 - [MESSAGE][PASSED] - Text '22201' is set on object 'Object Repository/IWP30/Page_CCPaymentEntry/ZIP'

25-10-2024T02:39:23 - [MESSAGE][PASSED] - Object 'Object Repository/IWP30/Page_CCPaymentEntry/EmailAddress' is present

25-10-2024T02:39:24 - [MESSAGE][PASSED] - Text 'iahmed@govolution.com' is set on object 'Object Repository/IWP30/Page_CCPaymentEntry/EmailAddress'

25-10-2024T02:39:24 - [MESSAGE][PASSED] - Object 'Object Repository/IWP30/Page_CCPaymentEntry/TermCondCheckBox' is present

25-10-2024T02:39:24 - [MESSAGE][PASSED] - Object 'Object Repository/IWP30/Page_CCPaymentEntry/TermCondCheckBox' is checked

25-10-2024T02:39:25 - [MESSAGE][PASSED] - Object 'Object Repository/IWP30/Page_CCPaymentEntry/ContinueButton' is present

25-10-2024T02:39:27 - [MESSAGE][PASSED] - Object: 'Object Repository/IWP30/Page_CCPaymentEntry/ContinueButton' is clicked on

25-10-2024T02:39:27 - [MESSAGE][PASSED] - iwpPages.ccPaymentEntryPage.setDataCCPM is PASSED

25-10-2024T02:39:27 - [TEST_STEP][PASSED] - Thread.sleep(10000): null

25-10-2024T02:39:37 - [TEST_STEP][PASSED] - if (verifyTextPresent("Invalid card expiration date", false)): null

25-10-2024T02:39:37 - [MESSAGE][PASSED] - Text 'Invalid card expiration date' is present on page 

25-10-2024T02:39:37 - [TEST_STEP][PASSED] - println("Invalid card expiration date message shown"): null

25-10-2024T02:39:37 - [TEST_STEP][PASSED] - markPassed("Max Amount Error message shown"): Max Amount Error message shown

25-10-2024T02:39:37 - [MESSAGE][PASSED] - Max Amount Error message shown

25-10-2024T02:39:37 - [TEST_STEP][PASSED] - resText = "Pass": null

25-10-2024T02:39:37 - [TEST_STEP][PASSED] - pages.WriteExcel.demoKey(resText, datText, resColumn, datCloumn, fileLoc, nameSheet, row): pages.WriteExcel.demoKey is PASSED

25-10-2024T02:39:37 - [MESSAGE][PASSED] - pages.WriteExcel.demoKey is PASSED

25-10-2024T02:39:37 - [TEST_STEP][PASSED] - closeBrowser(): Browser is closed

25-10-2024T02:39:38 - [MESSAGE][PASSED] - Browser is closed]]></system-out>
         <system-err><![CDATA[]]></system-err>
      </testcase>
      <testcase name="Test Cases/IntegratedWeb/IWP25/Error/CardNotAcceptedErrorCC" time="208.703" classname="Test Cases/IntegratedWeb/IWP25/Error/CardNotAcceptedErrorCC" status="PASSED">
         <system-out><![CDATA[25-10-2024T02:39:38 - [TEST_CASE][PASSED] - Test Cases/IntegratedWeb/IWP25/Error/CardNotAcceptedErrorCC: Test Cases/IntegratedWeb/IWP25/Error/CardNotAcceptedErrorCC

25-10-2024T02:39:38 - [TEST_STEP][PASSED] - resText = "Fail": null

25-10-2024T02:39:38 - [TEST_STEP][PASSED] - resColumn = "Result": null

25-10-2024T02:39:38 - [TEST_STEP][PASSED] - datCloumn = "Date": null

25-10-2024T02:39:38 - [TEST_STEP][PASSED] - fileLoc = "KatalonData/IWPTestData/VRelay25Payments.xlsx": null

25-10-2024T02:39:38 - [TEST_STEP][PASSED] - numOfRows = <not implemented yet for class: org.codehaus.groovy.ast.expr.EmptyExpression>: null

25-10-2024T02:39:38 - [TEST_STEP][PASSED] - dataFile = <not implemented yet for class: org.codehaus.groovy.ast.expr.EmptyExpression>: null

25-10-2024T02:39:38 - [TEST_STEP][PASSED] - nameSheet = <not implemented yet for class: org.codehaus.groovy.ast.expr.EmptyExpression>: null

25-10-2024T02:39:38 - [TEST_STEP][PASSED] - dataFileEmulator = <not implemented yet for class: org.codehaus.groovy.ast.expr.EmptyExpression>: null

25-10-2024T02:39:38 - [TEST_STEP][PASSED] - nameSheet = "CardNotAcceptedErrorCC": null

25-10-2024T02:39:38 - [TEST_STEP][PASSED] - dataFile = "IWPTestData/IWP25CardNotAcceptedErrorCC": null

25-10-2024T02:39:38 - [TEST_STEP][PASSED] - dataFileEmulator = "IWPTestData/EmulatorData": null

25-10-2024T02:39:38 - [TEST_STEP][PASSED] - numOfRows = findTestData(dataFile).getRowNumbers(): null

25-10-2024T02:39:38 - [TEST_STEP][PASSED] - println("Number of Records: " + numOfRows): null

25-10-2024T02:39:38 - [TEST_STEP][PASSED] - for ([row = 1, row <= numOfRows, (row++)]): Browser is closed

25-10-2024T02:39:38 - [TEST_STEP][PASSED] - ExecuteTC = findTestData(dataFile).getValue("Execute", row): null

25-10-2024T02:39:38 - [TEST_STEP][PASSED] - out.println("Value of Execute is : " + ExecuteTC): null

25-10-2024T02:39:38 - [TEST_STEP][PASSED] - if (ExecuteTC.equalsIgnoreCase("Y")): null

25-10-2024T02:39:38 - [TEST_STEP][PASSED] - out.println("Begin Record Number: " + row): null

25-10-2024T02:39:38 - [TEST_STEP][PASSED] - today = new java.util.Date(): null

25-10-2024T02:39:38 - [TEST_STEP][PASSED] - println(today): null

25-10-2024T02:39:38 - [TEST_STEP][PASSED] - datText = today: null

25-10-2024T02:39:38 - [TEST_STEP][PASSED] - EmulatorDataKey = findTestData(dataFile).getValue("EmulatorData", row): null

25-10-2024T02:39:38 - [TEST_STEP][PASSED] - out.println("Value of Emulator Key is : " + EmulatorDataKey): null

25-10-2024T02:39:38 - [TEST_STEP][PASSED] - iwpPages.emulatorIWP30.setDataEmulator_DD(EmulatorDataKey): iwpPages.emulatorIWP30.setDataEmulator_DD is PASSED

25-10-2024T02:39:39 - [MESSAGE][INFO] - Starting 'Edge Chromium' driver

25-10-2024T02:39:39 - [MESSAGE][INFO] - User set preference: ['acceptInsecureCerts', 'true']

25-10-2024T02:39:41 - [MESSAGE][INFO] - Action delay is set to 0 milliseconds

25-10-2024T02:39:45 - [MESSAGE][PASSED] - Browser is opened with url: 'https://qa2.velocitypayment.com/agencyx/config.action?action=editor&message_version=2_5'

25-10-2024T02:39:45 - [MESSAGE][PASSED] - Current window maximized

25-10-2024T02:40:16 - [MESSAGE][INFO] - Unable to find the element located by 'By.xpath: //select[@name='message_version']'. Please recheck the objects properties to make sure the desired element is located. 

25-10-2024T02:40:16 - [MESSAGE][WARNING] - [SELF-HEALING] Failed to find element with id 'Object Repository/IWP30/Page_VRelay30Emulator/MV'. Try using Self-healing.

25-10-2024T02:40:16 - [MESSAGE][WARNING] - [SELF-HEALING] The current locator of test object 'Object Repository/IWP30/Page_VRelay30Emulator/MV' was broken. Propose an alternative one: '(.//*[normalize-space(text()) and normalize-space(.)='Message Version'])[1]/following::select[1]'.

25-10-2024T02:40:17 - [MESSAGE][PASSED] - All options with value '2.5' are selected in object 'Object Repository/IWP30/Page_VRelay30Emulator/MV'  using regular expression

25-10-2024T02:40:18 - [MESSAGE][PASSED] - Text '10.50' is set on object 'Object Repository/IWP30/Page_EmulatorAgencyX/Amount'

25-10-2024T02:40:18 - [MESSAGE][PASSED] - Text 'kq3jMGjX9c9T' is set on object 'Object Repository/IWP30/Page_EmulatorAgencyX/CAN'

25-10-2024T02:40:19 - [MESSAGE][PASSED] - Text 'PayNow' is set on object 'Object Repository/IWP30/Page_EmulatorAgencyX/Action'

25-10-2024T02:40:19 - [MESSAGE][PASSED] - Text 'en_US' is set on object 'Object Repository/IWP30/Page_EmulatorAgencyX/Lang'

25-10-2024T02:40:20 - [MESSAGE][PASSED] - Text '' is set on object 'Object Repository/IWP30/Page_EmulatorAgencyX/Fname'

25-10-2024T02:40:21 - [MESSAGE][PASSED] - Text '' is set on object 'Object Repository/IWP30/Page_EmulatorAgencyX/Lname'

25-10-2024T02:40:21 - [MESSAGE][PASSED] - Text '' is set on object 'Object Repository/IWP30/Page_EmulatorAgencyX/AL1'

25-10-2024T02:40:22 - [MESSAGE][PASSED] - Text '' is set on object 'Object Repository/IWP30/Page_EmulatorAgencyX/AL2'

25-10-2024T02:40:22 - [MESSAGE][PASSED] - Text '' is set on object 'Object Repository/IWP30/Page_EmulatorAgencyX/Country'

25-10-2024T02:40:23 - [MESSAGE][PASSED] - Text '' is set on object 'Object Repository/IWP30/Page_EmulatorAgencyX/City'

25-10-2024T02:40:24 - [MESSAGE][PASSED] - Text '' is set on object 'Object Repository/IWP30/Page_EmulatorAgencyX/State'

25-10-2024T02:40:24 - [MESSAGE][PASSED] - Text '' is set on object 'Object Repository/IWP30/Page_EmulatorAgencyX/ZIP'

25-10-2024T02:40:25 - [MESSAGE][PASSED] - Text '' is set on object 'Object Repository/IWP30/Page_EmulatorAgencyX/Order'

25-10-2024T02:40:25 - [MESSAGE][PASSED] - Text '' is set on object 'Object Repository/IWP30/Page_EmulatorAgencyX/Company'

25-10-2024T02:40:26 - [MESSAGE][PASSED] - Text '' is set on object 'Object Repository/IWP30/Page_EmulatorAgencyX/Email'

25-10-2024T02:40:26 - [MESSAGE][PASSED] - Text '' is set on object 'Object Repository/IWP30/Page_EmulatorAgencyX/UDF1'

25-10-2024T02:40:27 - [MESSAGE][PASSED] - Text '' is set on object 'Object Repository/IWP30/Page_EmulatorAgencyX/UDF2'

25-10-2024T02:40:28 - [MESSAGE][PASSED] - Text '' is set on object 'Object Repository/IWP30/Page_EmulatorAgencyX/UDF3'

25-10-2024T02:40:28 - [MESSAGE][PASSED] - Text 'udf data 4' is set on object 'Object Repository/IWP30/Page_EmulatorAgencyX/UDF4'

25-10-2024T02:40:29 - [MESSAGE][PASSED] - Text 'udf data 5' is set on object 'Object Repository/IWP30/Page_EmulatorAgencyX/UDF5'

25-10-2024T02:40:29 - [MESSAGE][PASSED] - Text '' is set on object 'Object Repository/IWP30/Page_EmulatorAgencyX/UDF6'

25-10-2024T02:40:30 - [MESSAGE][PASSED] - Text '' is set on object 'Object Repository/IWP30/Page_EmulatorAgencyX/UDF7'

25-10-2024T02:40:30 - [MESSAGE][PASSED] - Text '' is set on object 'Object Repository/IWP30/Page_EmulatorAgencyX/UDF8'

25-10-2024T02:40:31 - [MESSAGE][PASSED] - Text 'udf data 9' is set on object 'Object Repository/IWP30/Page_EmulatorAgencyX/UDF9'

25-10-2024T02:40:32 - [MESSAGE][PASSED] - Text 'udf data 10' is set on object 'Object Repository/IWP30/Page_EmulatorAgencyX/UDF10'

25-10-2024T02:40:33 - [MESSAGE][PASSED] - Object: 'Object Repository/IWP30/Page_EmulatorAgencyX/Submit' is clicked on

25-10-2024T02:40:37 - [MESSAGE][PASSED] - Browser is closed

25-10-2024T02:40:42 - [MESSAGE][PASSED] - iwpPages.emulatorIWP30.setDataEmulator_DD is PASSED

25-10-2024T02:40:42 - [TEST_STEP][PASSED] - testHarnessURL = urlTestHarness: null

25-10-2024T02:40:42 - [TEST_STEP][PASSED] - openBrowser(testHarnessURL): Browser is opened with url: 'https://dev-algorithm.govolution.com/vrelaytest/QA2/version_2_2/vrelaytest.html'

25-10-2024T02:40:42 - [MESSAGE][INFO] - Starting 'Edge Chromium' driver

25-10-2024T02:40:42 - [MESSAGE][INFO] - User set preference: ['acceptInsecureCerts', 'true']

25-10-2024T02:40:44 - [MESSAGE][INFO] - Action delay is set to 0 milliseconds

25-10-2024T02:40:47 - [MESSAGE][PASSED] - Browser is opened with url: 'https://dev-algorithm.govolution.com/vrelaytest/QA2/version_2_2/vrelaytest.html'

25-10-2024T02:40:47 - [TEST_STEP][PASSED] - maximizeWindow(): Current window maximized

25-10-2024T02:40:47 - [MESSAGE][PASSED] - Current window maximized

25-10-2024T02:40:47 - [TEST_STEP][PASSED] - iwpPages.TestHarnessPage.setDataMethod(row, dataFile): iwpPages.TestHarnessPage.setDataMethod is PASSED

25-10-2024T02:40:48 - [MESSAGE][PASSED] - Object 'Object Repository/IWP30/Page_QATestHarness/RemittanceID' is present

25-10-2024T02:40:48 - [MESSAGE][PASSED] - Text '638' is set on object 'Object Repository/IWP30/Page_QATestHarness/ApplicationID'

25-10-2024T02:40:49 - [MESSAGE][PASSED] - Text '2.5' is set on object 'Object Repository/IWP30/Page_QATestHarness/MessageVersion'

25-10-2024T02:40:49 - [MESSAGE][PASSED] - Text 'tNHC4a8Y5Qtn' is set on object 'Object Repository/IWP30/Page_QATestHarness/RemittanceID'

25-10-2024T02:40:53 - [MESSAGE][PASSED] - Object: 'Object Repository/IWP30/Page_QATestHarness/SubmitButton' is clicked on

25-10-2024T02:40:53 - [MESSAGE][PASSED] - iwpPages.TestHarnessPage.setDataMethod is PASSED

25-10-2024T02:40:53 - [TEST_STEP][PASSED] - click(findTestObject("Object Repository/IWP30/Page_SelectPaymentMethod/PayByCreditCard")): Object: 'Object Repository/IWP30/Page_SelectPaymentMethod/PayByCreditCard' is clicked on

25-10-2024T02:40:54 - [MESSAGE][PASSED] - Object: 'Object Repository/IWP30/Page_SelectPaymentMethod/PayByCreditCard' is clicked on

25-10-2024T02:40:54 - [TEST_STEP][PASSED] - click(findTestObject("Object Repository/IWP30/Page_SelectPaymentMethod/MakePaymentButton")): Object: 'Object Repository/IWP30/Page_SelectPaymentMethod/MakePaymentButton' is clicked on

25-10-2024T02:40:57 - [MESSAGE][PASSED] - Object: 'Object Repository/IWP30/Page_SelectPaymentMethod/MakePaymentButton' is clicked on

25-10-2024T02:40:57 - [TEST_STEP][PASSED] - iwpPages.ccPaymentEntryPage.setDataCCPM(row, dataFile): iwpPages.ccPaymentEntryPage.setDataCCPM is PASSED

25-10-2024T02:40:58 - [MESSAGE][PASSED] - Object 'Object Repository/IWP30/Page_CCPaymentEntry/Name' is present

25-10-2024T02:40:58 - [MESSAGE][PASSED] - Text '10.50' is set on object 'Object Repository/IWP30/Page_CCPaymentEntry/Amount'

25-10-2024T02:40:59 - [MESSAGE][PASSED] - Text 'udf data 2' is set on object 'Object Repository/IWP30/Page_CCPaymentEntry/UserDefined2'

25-10-2024T02:41:00 - [MESSAGE][PASSED] - Text 'udf data 3' is set on object 'Object Repository/IWP30/Page_CCPaymentEntry/UserDefined3'

25-10-2024T02:41:00 - [MESSAGE][PASSED] - All options with label 'Orange' are selected in object 'Object Repository/IWP30/Page_CCPaymentEntry/UserDefined7' 

25-10-2024T02:41:01 - [MESSAGE][PASSED] - All options with label 'Soccer' are selected in object 'Object Repository/IWP30/Page_CCPaymentEntry/UserDefined8' 

25-10-2024T02:41:01 - [MESSAGE][PASSED] - Object 'Object Repository/IWP30/Page_CCPaymentEntry/Name' is present

25-10-2024T02:41:02 - [MESSAGE][PASSED] - Text 'Kavita Ranawati' is set on object 'Object Repository/IWP30/Page_CCPaymentEntry/Name'

25-10-2024T02:41:02 - [MESSAGE][PASSED] - Object 'Object Repository/IWP30/Page_CCPaymentEntry/CardNumber' is present

25-10-2024T02:41:02 - [MESSAGE][PASSED] - Text '6510000000000210' is set on object 'Object Repository/IWP30/Page_CCPaymentEntry/CardNumber'

25-10-2024T02:41:03 - [MESSAGE][PASSED] - Text '123' is set on object 'Object Repository/IWP30/Page_CCPaymentEntry/SPC'

25-10-2024T02:41:03 - [MESSAGE][PASSED] - Object 'Object Repository/IWP30/Page_CCPaymentEntry/Month' is present

25-10-2024T02:41:04 - [MESSAGE][PASSED] - All options with label '01' are selected in object 'Object Repository/IWP30/Page_CCPaymentEntry/Month' 

25-10-2024T02:41:04 - [MESSAGE][PASSED] - Object 'Object Repository/IWP30/Page_CCPaymentEntry/Year' is present

25-10-2024T02:41:05 - [MESSAGE][PASSED] - All options with label '2028' are selected in object 'Object Repository/IWP30/Page_CCPaymentEntry/Year' 

25-10-2024T02:41:05 - [MESSAGE][PASSED] - Text '365 Main Avenue' is set on object 'Object Repository/IWP30/Page_CCPaymentEntry/AL1'

25-10-2024T02:41:06 - [MESSAGE][PASSED] - Text '22201' is set on object 'Object Repository/IWP30/Page_CCPaymentEntry/ZIP'

25-10-2024T02:41:07 - [MESSAGE][PASSED] - Object 'Object Repository/IWP30/Page_CCPaymentEntry/EmailAddress' is present

25-10-2024T02:41:08 - [MESSAGE][PASSED] - Text 'iahmed@govolution.com' is set on object 'Object Repository/IWP30/Page_CCPaymentEntry/EmailAddress'

25-10-2024T02:41:08 - [MESSAGE][PASSED] - Object 'Object Repository/IWP30/Page_CCPaymentEntry/TermCondCheckBox' is present

25-10-2024T02:41:08 - [MESSAGE][PASSED] - Object 'Object Repository/IWP30/Page_CCPaymentEntry/TermCondCheckBox' is checked

25-10-2024T02:41:09 - [MESSAGE][PASSED] - Object 'Object Repository/IWP30/Page_CCPaymentEntry/ContinueButton' is present

25-10-2024T02:41:11 - [MESSAGE][PASSED] - Object: 'Object Repository/IWP30/Page_CCPaymentEntry/ContinueButton' is clicked on

25-10-2024T02:41:11 - [MESSAGE][PASSED] - iwpPages.ccPaymentEntryPage.setDataCCPM is PASSED

25-10-2024T02:41:11 - [TEST_STEP][PASSED] - Thread.sleep(10000): null

25-10-2024T02:41:21 - [TEST_STEP][PASSED] - if (verifyTextPresent("Card number is invalid. Please enter a different credit card number.", false)): null

25-10-2024T02:41:21 - [MESSAGE][PASSED] - Text 'Card number is invalid. Please enter a different credit card number.' is present on page 

25-10-2024T02:41:21 - [TEST_STEP][PASSED] - println("Card number is invalid message shown"): null

25-10-2024T02:41:21 - [TEST_STEP][PASSED] - markPassed("Max Amount Error message shown"): Max Amount Error message shown

25-10-2024T02:41:21 - [MESSAGE][PASSED] - Max Amount Error message shown

25-10-2024T02:41:21 - [TEST_STEP][PASSED] - resText = "Pass": null

25-10-2024T02:41:21 - [TEST_STEP][PASSED] - pages.WriteExcel.demoKey(resText, datText, resColumn, datCloumn, fileLoc, nameSheet, row): pages.WriteExcel.demoKey is PASSED

25-10-2024T02:41:21 - [MESSAGE][PASSED] - pages.WriteExcel.demoKey is PASSED

25-10-2024T02:41:21 - [TEST_STEP][PASSED] - closeBrowser(): Browser is closed

25-10-2024T02:41:22 - [MESSAGE][PASSED] - Browser is closed

25-10-2024T02:41:22 - [TEST_STEP][PASSED] - ExecuteTC = findTestData(dataFile).getValue("Execute", row): null

25-10-2024T02:41:22 - [TEST_STEP][PASSED] - out.println("Value of Execute is : " + ExecuteTC): null

25-10-2024T02:41:22 - [TEST_STEP][PASSED] - if (ExecuteTC.equalsIgnoreCase("Y")): null

25-10-2024T02:41:22 - [TEST_STEP][PASSED] - out.println("Begin Record Number: " + row): null

25-10-2024T02:41:22 - [TEST_STEP][PASSED] - today = new java.util.Date(): null

25-10-2024T02:41:22 - [TEST_STEP][PASSED] - println(today): null

25-10-2024T02:41:22 - [TEST_STEP][PASSED] - datText = today: null

25-10-2024T02:41:22 - [TEST_STEP][PASSED] - EmulatorDataKey = findTestData(dataFile).getValue("EmulatorData", row): null

25-10-2024T02:41:22 - [TEST_STEP][PASSED] - out.println("Value of Emulator Key is : " + EmulatorDataKey): null

25-10-2024T02:41:22 - [TEST_STEP][PASSED] - iwpPages.emulatorIWP30.setDataEmulator_DD(EmulatorDataKey): iwpPages.emulatorIWP30.setDataEmulator_DD is PASSED

25-10-2024T02:41:22 - [MESSAGE][INFO] - Starting 'Edge Chromium' driver

25-10-2024T02:41:22 - [MESSAGE][INFO] - User set preference: ['acceptInsecureCerts', 'true']

25-10-2024T02:41:25 - [MESSAGE][INFO] - Action delay is set to 0 milliseconds

25-10-2024T02:41:29 - [MESSAGE][PASSED] - Browser is opened with url: 'https://qa2.velocitypayment.com/agencyx/config.action?action=editor&message_version=3_0'

25-10-2024T02:41:29 - [MESSAGE][PASSED] - Current window maximized

25-10-2024T02:42:00 - [MESSAGE][INFO] - Unable to find the element located by 'By.xpath: //select[@name='message_version']'. Please recheck the objects properties to make sure the desired element is located. 

25-10-2024T02:42:00 - [MESSAGE][WARNING] - [SELF-HEALING] Failed to find element with id 'Object Repository/IWP30/Page_VRelay30Emulator/MV'. Try using Self-healing.

25-10-2024T02:42:00 - [MESSAGE][WARNING] - [SELF-HEALING] The current locator of test object 'Object Repository/IWP30/Page_VRelay30Emulator/MV' was broken. Propose an alternative one: '(.//*[normalize-space(text()) and normalize-space(.)='Message Version'])[1]/following::select[1]'.

25-10-2024T02:42:01 - [MESSAGE][PASSED] - All options with value '3.0' are selected in object 'Object Repository/IWP30/Page_VRelay30Emulator/MV'  using regular expression

25-10-2024T02:42:02 - [MESSAGE][PASSED] - Text '10.50' is set on object 'Object Repository/IWP30/Page_EmulatorAgencyX/Amount'

25-10-2024T02:42:02 - [MESSAGE][PASSED] - Text 'm9BhV2u9jCXD' is set on object 'Object Repository/IWP30/Page_EmulatorAgencyX/CAN'

25-10-2024T02:42:03 - [MESSAGE][PASSED] - Text 'PayNow' is set on object 'Object Repository/IWP30/Page_EmulatorAgencyX/Action'

25-10-2024T02:42:03 - [MESSAGE][PASSED] - Text 'en_US' is set on object 'Object Repository/IWP30/Page_EmulatorAgencyX/Lang'

25-10-2024T02:42:04 - [MESSAGE][PASSED] - Text '' is set on object 'Object Repository/IWP30/Page_EmulatorAgencyX/Fname'

25-10-2024T02:42:05 - [MESSAGE][PASSED] - Text '' is set on object 'Object Repository/IWP30/Page_EmulatorAgencyX/Lname'

25-10-2024T02:42:05 - [MESSAGE][PASSED] - Text '' is set on object 'Object Repository/IWP30/Page_EmulatorAgencyX/AL1'

25-10-2024T02:42:06 - [MESSAGE][PASSED] - Text '' is set on object 'Object Repository/IWP30/Page_EmulatorAgencyX/AL2'

25-10-2024T02:42:06 - [MESSAGE][PASSED] - Text '' is set on object 'Object Repository/IWP30/Page_EmulatorAgencyX/Country'

25-10-2024T02:42:07 - [MESSAGE][PASSED] - Text '' is set on object 'Object Repository/IWP30/Page_EmulatorAgencyX/City'

25-10-2024T02:42:07 - [MESSAGE][PASSED] - Text '' is set on object 'Object Repository/IWP30/Page_EmulatorAgencyX/State'

25-10-2024T02:42:08 - [MESSAGE][PASSED] - Text '' is set on object 'Object Repository/IWP30/Page_EmulatorAgencyX/ZIP'

25-10-2024T02:42:09 - [MESSAGE][PASSED] - Text '' is set on object 'Object Repository/IWP30/Page_EmulatorAgencyX/Order'

25-10-2024T02:42:09 - [MESSAGE][PASSED] - Text '' is set on object 'Object Repository/IWP30/Page_EmulatorAgencyX/Company'

25-10-2024T02:42:10 - [MESSAGE][PASSED] - Text '' is set on object 'Object Repository/IWP30/Page_EmulatorAgencyX/Email'

25-10-2024T02:42:10 - [MESSAGE][PASSED] - Text '' is set on object 'Object Repository/IWP30/Page_EmulatorAgencyX/UDF1'

25-10-2024T02:42:11 - [MESSAGE][PASSED] - Text '' is set on object 'Object Repository/IWP30/Page_EmulatorAgencyX/UDF2'

25-10-2024T02:42:12 - [MESSAGE][PASSED] - Text '' is set on object 'Object Repository/IWP30/Page_EmulatorAgencyX/UDF3'

25-10-2024T02:42:12 - [MESSAGE][PASSED] - Text 'udf data 4' is set on object 'Object Repository/IWP30/Page_EmulatorAgencyX/UDF4'

25-10-2024T02:42:13 - [MESSAGE][PASSED] - Text 'udf data 5' is set on object 'Object Repository/IWP30/Page_EmulatorAgencyX/UDF5'

25-10-2024T02:42:13 - [MESSAGE][PASSED] - Text '' is set on object 'Object Repository/IWP30/Page_EmulatorAgencyX/UDF6'

25-10-2024T02:42:14 - [MESSAGE][PASSED] - Text '' is set on object 'Object Repository/IWP30/Page_EmulatorAgencyX/UDF7'

25-10-2024T02:42:14 - [MESSAGE][PASSED] - Text '' is set on object 'Object Repository/IWP30/Page_EmulatorAgencyX/UDF8'

25-10-2024T02:42:15 - [MESSAGE][PASSED] - Text 'udf data 9' is set on object 'Object Repository/IWP30/Page_EmulatorAgencyX/UDF9'

25-10-2024T02:42:16 - [MESSAGE][PASSED] - Text 'udf data 10' is set on object 'Object Repository/IWP30/Page_EmulatorAgencyX/UDF10'

25-10-2024T02:42:17 - [MESSAGE][PASSED] - Object: 'Object Repository/IWP30/Page_EmulatorAgencyX/Submit' is clicked on

25-10-2024T02:42:22 - [MESSAGE][PASSED] - Browser is closed

25-10-2024T02:42:26 - [MESSAGE][PASSED] - iwpPages.emulatorIWP30.setDataEmulator_DD is PASSED

25-10-2024T02:42:26 - [TEST_STEP][PASSED] - testHarnessURL = urlTestHarness: null

25-10-2024T02:42:26 - [TEST_STEP][PASSED] - openBrowser(testHarnessURL): Browser is opened with url: 'https://dev-algorithm.govolution.com/vrelaytest/QA2/version_2_2/vrelaytest.html'

25-10-2024T02:42:26 - [MESSAGE][INFO] - Starting 'Edge Chromium' driver

25-10-2024T02:42:26 - [MESSAGE][INFO] - User set preference: ['acceptInsecureCerts', 'true']

25-10-2024T02:42:28 - [MESSAGE][INFO] - Action delay is set to 0 milliseconds

25-10-2024T02:42:32 - [MESSAGE][PASSED] - Browser is opened with url: 'https://dev-algorithm.govolution.com/vrelaytest/QA2/version_2_2/vrelaytest.html'

25-10-2024T02:42:32 - [TEST_STEP][PASSED] - maximizeWindow(): Current window maximized

25-10-2024T02:42:32 - [MESSAGE][PASSED] - Current window maximized

25-10-2024T02:42:32 - [TEST_STEP][PASSED] - iwpPages.TestHarnessPage.setDataMethod(row, dataFile): iwpPages.TestHarnessPage.setDataMethod is PASSED

25-10-2024T02:42:32 - [MESSAGE][PASSED] - Object 'Object Repository/IWP30/Page_QATestHarness/RemittanceID' is present

25-10-2024T02:42:33 - [MESSAGE][PASSED] - Text '649' is set on object 'Object Repository/IWP30/Page_QATestHarness/ApplicationID'

25-10-2024T02:42:34 - [MESSAGE][PASSED] - Text '3.0' is set on object 'Object Repository/IWP30/Page_QATestHarness/MessageVersion'

25-10-2024T02:42:34 - [MESSAGE][PASSED] - Text 'N5Fy1m50vYQa' is set on object 'Object Repository/IWP30/Page_QATestHarness/RemittanceID'

25-10-2024T02:42:38 - [MESSAGE][PASSED] - Object: 'Object Repository/IWP30/Page_QATestHarness/SubmitButton' is clicked on

25-10-2024T02:42:38 - [MESSAGE][PASSED] - iwpPages.TestHarnessPage.setDataMethod is PASSED

25-10-2024T02:42:38 - [TEST_STEP][PASSED] - click(findTestObject("Object Repository/IWP30/Page_SelectPaymentMethod/PayByCreditCard")): Object: 'Object Repository/IWP30/Page_SelectPaymentMethod/PayByCreditCard' is clicked on

25-10-2024T02:42:38 - [MESSAGE][PASSED] - Object: 'Object Repository/IWP30/Page_SelectPaymentMethod/PayByCreditCard' is clicked on

25-10-2024T02:42:38 - [TEST_STEP][PASSED] - click(findTestObject("Object Repository/IWP30/Page_SelectPaymentMethod/MakePaymentButton")): Object: 'Object Repository/IWP30/Page_SelectPaymentMethod/MakePaymentButton' is clicked on

25-10-2024T02:42:41 - [MESSAGE][PASSED] - Object: 'Object Repository/IWP30/Page_SelectPaymentMethod/MakePaymentButton' is clicked on

25-10-2024T02:42:41 - [TEST_STEP][PASSED] - iwpPages.ccPaymentEntryPage.setDataCCPM(row, dataFile): iwpPages.ccPaymentEntryPage.setDataCCPM is PASSED

25-10-2024T02:42:42 - [MESSAGE][PASSED] - Object 'Object Repository/IWP30/Page_CCPaymentEntry/Name' is present

25-10-2024T02:42:43 - [MESSAGE][PASSED] - Text '10.50' is set on object 'Object Repository/IWP30/Page_CCPaymentEntry/Amount'

25-10-2024T02:42:43 - [MESSAGE][PASSED] - Text 'udf data 2' is set on object 'Object Repository/IWP30/Page_CCPaymentEntry/UserDefined2'

25-10-2024T02:42:44 - [MESSAGE][PASSED] - Text 'udf data 3' is set on object 'Object Repository/IWP30/Page_CCPaymentEntry/UserDefined3'

25-10-2024T02:42:45 - [MESSAGE][PASSED] - All options with label 'Orange' are selected in object 'Object Repository/IWP30/Page_CCPaymentEntry/UserDefined7' 

25-10-2024T02:42:45 - [MESSAGE][PASSED] - All options with label 'Soccer' are selected in object 'Object Repository/IWP30/Page_CCPaymentEntry/UserDefined8' 

25-10-2024T02:42:45 - [MESSAGE][PASSED] - Object 'Object Repository/IWP30/Page_CCPaymentEntry/Name' is present

25-10-2024T02:42:46 - [MESSAGE][PASSED] - Text 'Kavita Ranawati' is set on object 'Object Repository/IWP30/Page_CCPaymentEntry/Name'

25-10-2024T02:42:46 - [MESSAGE][PASSED] - Object 'Object Repository/IWP30/Page_CCPaymentEntry/CardNumber' is present

25-10-2024T02:42:47 - [MESSAGE][PASSED] - Text '6510000000000210' is set on object 'Object Repository/IWP30/Page_CCPaymentEntry/CardNumber'

25-10-2024T02:42:47 - [MESSAGE][PASSED] - Text '123' is set on object 'Object Repository/IWP30/Page_CCPaymentEntry/SPC'

25-10-2024T02:42:48 - [MESSAGE][PASSED] - Object 'Object Repository/IWP30/Page_CCPaymentEntry/Month' is present

25-10-2024T02:42:49 - [MESSAGE][PASSED] - All options with label '01' are selected in object 'Object Repository/IWP30/Page_CCPaymentEntry/Month' 

25-10-2024T02:42:49 - [MESSAGE][PASSED] - Object 'Object Repository/IWP30/Page_CCPaymentEntry/Year' is present

25-10-2024T02:42:50 - [MESSAGE][PASSED] - All options with label '2028' are selected in object 'Object Repository/IWP30/Page_CCPaymentEntry/Year' 

25-10-2024T02:42:50 - [MESSAGE][PASSED] - Text '365 Main Avenue' is set on object 'Object Repository/IWP30/Page_CCPaymentEntry/AL1'

25-10-2024T02:42:51 - [MESSAGE][PASSED] - Text '22201' is set on object 'Object Repository/IWP30/Page_CCPaymentEntry/ZIP'

25-10-2024T02:42:51 - [MESSAGE][PASSED] - Object 'Object Repository/IWP30/Page_CCPaymentEntry/EmailAddress' is present

25-10-2024T02:42:52 - [MESSAGE][PASSED] - Text 'iahmed@govolution.com' is set on object 'Object Repository/IWP30/Page_CCPaymentEntry/EmailAddress'

25-10-2024T02:42:53 - [MESSAGE][PASSED] - Object 'Object Repository/IWP30/Page_CCPaymentEntry/TermCondCheckBox' is present

25-10-2024T02:42:53 - [MESSAGE][PASSED] - Object 'Object Repository/IWP30/Page_CCPaymentEntry/TermCondCheckBox' is checked

25-10-2024T02:42:53 - [MESSAGE][PASSED] - Object 'Object Repository/IWP30/Page_CCPaymentEntry/ContinueButton' is present

25-10-2024T02:42:56 - [MESSAGE][PASSED] - Object: 'Object Repository/IWP30/Page_CCPaymentEntry/ContinueButton' is clicked on

25-10-2024T02:42:56 - [MESSAGE][PASSED] - iwpPages.ccPaymentEntryPage.setDataCCPM is PASSED

25-10-2024T02:42:56 - [TEST_STEP][PASSED] - Thread.sleep(10000): null

25-10-2024T02:43:06 - [TEST_STEP][PASSED] - if (verifyTextPresent("Card number is invalid. Please enter a different credit card number.", false)): null

25-10-2024T02:43:06 - [MESSAGE][PASSED] - Text 'Card number is invalid. Please enter a different credit card number.' is present on page 

25-10-2024T02:43:06 - [TEST_STEP][PASSED] - println("Card number is invalid message shown"): null

25-10-2024T02:43:06 - [TEST_STEP][PASSED] - markPassed("Max Amount Error message shown"): Max Amount Error message shown

25-10-2024T02:43:06 - [MESSAGE][PASSED] - Max Amount Error message shown

25-10-2024T02:43:06 - [TEST_STEP][PASSED] - resText = "Pass": null

25-10-2024T02:43:06 - [TEST_STEP][PASSED] - pages.WriteExcel.demoKey(resText, datText, resColumn, datCloumn, fileLoc, nameSheet, row): pages.WriteExcel.demoKey is PASSED

25-10-2024T02:43:06 - [MESSAGE][PASSED] - pages.WriteExcel.demoKey is PASSED

25-10-2024T02:43:06 - [TEST_STEP][PASSED] - closeBrowser(): Browser is closed

25-10-2024T02:43:07 - [MESSAGE][PASSED] - Browser is closed]]></system-out>
         <system-err><![CDATA[]]></system-err>
      </testcase>
      <testcase name="Test Cases/IntegratedWeb/IWP25/Error/MaxAmountErrorCC" time="205.573" classname="Test Cases/IntegratedWeb/IWP25/Error/MaxAmountErrorCC" status="FAILED">
         <failure type="FAILED" message="Test Cases/IntegratedWeb/IWP25/Error/MaxAmountErrorCC FAILED.&#xa;Reason:&#xa;com.kms.katalon.core.exception.StepFailedException: Text 'Amount is greater than maximum' is not present on page  (Root cause: com.kms.katalon.core.exception.StepFailedException: Text 'Amount is greater than maximum' is not present on page &#xa;	at com.kms.katalon.core.webui.keyword.internal.WebUIKeywordMain.stepFailed(WebUIKeywordMain.groovy:64)&#xa;	at com.kms.katalon.core.webui.keyword.builtin.VerifyTextPresentKeyword$_verifyTextPresent_closure1.doCall(VerifyTextPresentKeyword.groovy:79)&#xa;	at com.kms.katalon.core.webui.keyword.builtin.VerifyTextPresentKeyword$_verifyTextPresent_closure1.call(VerifyTextPresentKeyword.groovy)&#xa;	at com.kms.katalon.core.webui.keyword.internal.WebUIKeywordMain.runKeyword(WebUIKeywordMain.groovy:20)&#xa;	at com.kms.katalon.core.webui.keyword.builtin.VerifyTextPresentKeyword.verifyTextPresent(VerifyTextPresentKeyword.groovy:83)&#xa;	at com.kms.katalon.core.webui.keyword.builtin.VerifyTextPresentKeyword.execute(VerifyTextPresentKeyword.groovy:68)&#xa;	at com.kms.katalon.core.keyword.internal.KeywordExecutor.executeKeywordForPlatform(KeywordExecutor.groovy:74)&#xa;	at com.kms.katalon.core.webui.keyword.WebUiBuiltInKeywords.verifyTextPresent(WebUiBuiltInKeywords.groovy:1762)&#xa;	at MaxAmountErrorCC.run(MaxAmountErrorCC:86)&#xa;	at com.kms.katalon.core.main.ScriptEngine.run(ScriptEngine.java:194)&#xa;	at com.kms.katalon.core.main.ScriptEngine.runScriptAsRawText(ScriptEngine.java:119)&#xa;	at com.kms.katalon.core.main.TestCaseExecutor.runScript(TestCaseExecutor.java:448)&#xa;	at com.kms.katalon.core.main.TestCaseExecutor.doExecute(TestCaseExecutor.java:439)&#xa;	at com.kms.katalon.core.main.TestCaseExecutor.processExecutionPhase(TestCaseExecutor.java:418)&#xa;	at com.kms.katalon.core.main.TestCaseExecutor.accessMainPhase(TestCaseExecutor.java:410)&#xa;	at com.kms.katalon.core.main.TestCaseExecutor.execute(TestCaseExecutor.java:285)&#xa;	at com.kms.katalon.core.common.CommonExecutor.accessTestCaseMainPhase(CommonExecutor.java:65)&#xa;	at com.kms.katalon.core.main.TestSuiteExecutor.accessTestSuiteMainPhase(TestSuiteExecutor.java:150)&#xa;	at com.kms.katalon.core.main.TestSuiteExecutor.execute(TestSuiteExecutor.java:106)&#xa;	at com.kms.katalon.core.main.TestCaseMain.startTestSuite(TestCaseMain.java:180)&#xa;	at TempTestSuite1729787045812.run(TempTestSuite1729787045812.groovy:35)&#xa;	at java.base/jdk.internal.reflect.NativeMethodAccessorImpl.invoke0(Native Method)&#xa;	at java.base/jdk.internal.reflect.NativeMethodAccessorImpl.invoke(NativeMethodAccessorImpl.java:77)&#xa;	at java.base/jdk.internal.reflect.DelegatingMethodAccessorImpl.invoke(DelegatingMethodAccessorImpl.java:43)&#xa;)&#xa;	at com.kms.katalon.core.keyword.internal.KeywordMain.stepFailed(KeywordMain.groovy:39)&#xa;	at com.kms.katalon.core.webui.keyword.internal.WebUIKeywordMain.stepFailed(WebUIKeywordMain.groovy:64)&#xa;	at com.kms.katalon.core.webui.keyword.builtin.VerifyTextPresentKeyword$_verifyTextPresent_closure1.doCall(VerifyTextPresentKeyword.groovy:79)&#xa;	at com.kms.katalon.core.webui.keyword.builtin.VerifyTextPresentKeyword$_verifyTextPresent_closure1.call(VerifyTextPresentKeyword.groovy)&#xa;	at com.kms.katalon.core.webui.keyword.internal.WebUIKeywordMain.runKeyword(WebUIKeywordMain.groovy:20)&#xa;	at com.kms.katalon.core.webui.keyword.builtin.VerifyTextPresentKeyword.verifyTextPresent(VerifyTextPresentKeyword.groovy:83)&#xa;	at com.kms.katalon.core.webui.keyword.builtin.VerifyTextPresentKeyword.execute(VerifyTextPresentKeyword.groovy:68)&#xa;	at com.kms.katalon.core.keyword.internal.KeywordExecutor.executeKeywordForPlatform(KeywordExecutor.groovy:74)&#xa;	at com.kms.katalon.core.webui.keyword.WebUiBuiltInKeywords.verifyTextPresent(WebUiBuiltInKeywords.groovy:1762)&#xa;	at MaxAmountErrorCC.run(MaxAmountErrorCC:86)&#xa;	at com.kms.katalon.core.main.ScriptEngine.run(ScriptEngine.java:194)&#xa;	at com.kms.katalon.core.main.ScriptEngine.runScriptAsRawText(ScriptEngine.java:119)&#xa;	at com.kms.katalon.core.main.TestCaseExecutor.runScript(TestCaseExecutor.java:448)&#xa;	at com.kms.katalon.core.main.TestCaseExecutor.doExecute(TestCaseExecutor.java:439)&#xa;	at com.kms.katalon.core.main.TestCaseExecutor.processExecutionPhase(TestCaseExecutor.java:418)&#xa;	at com.kms.katalon.core.main.TestCaseExecutor.accessMainPhase(TestCaseExecutor.java:410)&#xa;	at com.kms.katalon.core.main.TestCaseExecutor.execute(TestCaseExecutor.java:285)&#xa;	at com.kms.katalon.core.common.CommonExecutor.accessTestCaseMainPhase(CommonExecutor.java:65)&#xa;	at com.kms.katalon.core.main.TestSuiteExecutor.accessTestSuiteMainPhase(TestSuiteExecutor.java:150)&#xa;	at com.kms.katalon.core.main.TestSuiteExecutor.execute(TestSuiteExecutor.java:106)&#xa;	at com.kms.katalon.core.main.TestCaseMain.startTestSuite(TestCaseMain.java:180)&#xa;	at TempTestSuite1729787045812.run(TempTestSuite1729787045812.groovy:35)&#xa;	at java.base/jdk.internal.reflect.NativeMethodAccessorImpl.invoke0(Native Method)&#xa;	at java.base/jdk.internal.reflect.NativeMethodAccessorImpl.invoke(NativeMethodAccessorImpl.java:77)&#xa;	at java.base/jdk.internal.reflect.DelegatingMethodAccessorImpl.invoke(DelegatingMethodAccessorImpl.java:43)&#xa;Caused by: com.kms.katalon.core.exception.StepFailedException: Text 'Amount is greater than maximum' is not present on page &#xa;	... 24 more&#xa;"/>
         <system-out><![CDATA[25-10-2024T02:43:07 - [TEST_CASE][FAILED] - Test Cases/IntegratedWeb/IWP25/Error/MaxAmountErrorCC: Test Cases/IntegratedWeb/IWP25/Error/MaxAmountErrorCC FAILED.
Reason:
com.kms.katalon.core.exception.StepFailedException: Text 'Amount is greater than maximum' is not present on page  (Root cause: com.kms.katalon.core.exception.StepFailedException: Text 'Amount is greater than maximum' is not present on page 
	at com.kms.katalon.core.webui.keyword.internal.WebUIKeywordMain.stepFailed(WebUIKeywordMain.groovy:64)
	at com.kms.katalon.core.webui.keyword.builtin.VerifyTextPresentKeyword$_verifyTextPresent_closure1.doCall(VerifyTextPresentKeyword.groovy:79)
	at com.kms.katalon.core.webui.keyword.builtin.VerifyTextPresentKeyword$_verifyTextPresent_closure1.call(VerifyTextPresentKeyword.groovy)
	at com.kms.katalon.core.webui.keyword.internal.WebUIKeywordMain.runKeyword(WebUIKeywordMain.groovy:20)
	at com.kms.katalon.core.webui.keyword.builtin.VerifyTextPresentKeyword.verifyTextPresent(VerifyTextPresentKeyword.groovy:83)
	at com.kms.katalon.core.webui.keyword.builtin.VerifyTextPresentKeyword.execute(VerifyTextPresentKeyword.groovy:68)
	at com.kms.katalon.core.keyword.internal.KeywordExecutor.executeKeywordForPlatform(KeywordExecutor.groovy:74)
	at com.kms.katalon.core.webui.keyword.WebUiBuiltInKeywords.verifyTextPresent(WebUiBuiltInKeywords.groovy:1762)
	at MaxAmountErrorCC.run(MaxAmountErrorCC:86)
	at com.kms.katalon.core.main.ScriptEngine.run(ScriptEngine.java:194)
	at com.kms.katalon.core.main.ScriptEngine.runScriptAsRawText(ScriptEngine.java:119)
	at com.kms.katalon.core.main.TestCaseExecutor.runScript(TestCaseExecutor.java:448)
	at com.kms.katalon.core.main.TestCaseExecutor.doExecute(TestCaseExecutor.java:439)
	at com.kms.katalon.core.main.TestCaseExecutor.processExecutionPhase(TestCaseExecutor.java:418)
	at com.kms.katalon.core.main.TestCaseExecutor.accessMainPhase(TestCaseExecutor.java:410)
	at com.kms.katalon.core.main.TestCaseExecutor.execute(TestCaseExecutor.java:285)
	at com.kms.katalon.core.common.CommonExecutor.accessTestCaseMainPhase(CommonExecutor.java:65)
	at com.kms.katalon.core.main.TestSuiteExecutor.accessTestSuiteMainPhase(TestSuiteExecutor.java:150)
	at com.kms.katalon.core.main.TestSuiteExecutor.execute(TestSuiteExecutor.java:106)
	at com.kms.katalon.core.main.TestCaseMain.startTestSuite(TestCaseMain.java:180)
	at TempTestSuite1729787045812.run(TempTestSuite1729787045812.groovy:35)
	at java.base/jdk.internal.reflect.NativeMethodAccessorImpl.invoke0(Native Method)
	at java.base/jdk.internal.reflect.NativeMethodAccessorImpl.invoke(NativeMethodAccessorImpl.java:77)
	at java.base/jdk.internal.reflect.DelegatingMethodAccessorImpl.invoke(DelegatingMethodAccessorImpl.java:43)
)
	at com.kms.katalon.core.keyword.internal.KeywordMain.stepFailed(KeywordMain.groovy:39)
	at com.kms.katalon.core.webui.keyword.internal.WebUIKeywordMain.stepFailed(WebUIKeywordMain.groovy:64)
	at com.kms.katalon.core.webui.keyword.builtin.VerifyTextPresentKeyword$_verifyTextPresent_closure1.doCall(VerifyTextPresentKeyword.groovy:79)
	at com.kms.katalon.core.webui.keyword.builtin.VerifyTextPresentKeyword$_verifyTextPresent_closure1.call(VerifyTextPresentKeyword.groovy)
	at com.kms.katalon.core.webui.keyword.internal.WebUIKeywordMain.runKeyword(WebUIKeywordMain.groovy:20)
	at com.kms.katalon.core.webui.keyword.builtin.VerifyTextPresentKeyword.verifyTextPresent(VerifyTextPresentKeyword.groovy:83)
	at com.kms.katalon.core.webui.keyword.builtin.VerifyTextPresentKeyword.execute(VerifyTextPresentKeyword.groovy:68)
	at com.kms.katalon.core.keyword.internal.KeywordExecutor.executeKeywordForPlatform(KeywordExecutor.groovy:74)
	at com.kms.katalon.core.webui.keyword.WebUiBuiltInKeywords.verifyTextPresent(WebUiBuiltInKeywords.groovy:1762)
	at MaxAmountErrorCC.run(MaxAmountErrorCC:86)
	at com.kms.katalon.core.main.ScriptEngine.run(ScriptEngine.java:194)
	at com.kms.katalon.core.main.ScriptEngine.runScriptAsRawText(ScriptEngine.java:119)
	at com.kms.katalon.core.main.TestCaseExecutor.runScript(TestCaseExecutor.java:448)
	at com.kms.katalon.core.main.TestCaseExecutor.doExecute(TestCaseExecutor.java:439)
	at com.kms.katalon.core.main.TestCaseExecutor.processExecutionPhase(TestCaseExecutor.java:418)
	at com.kms.katalon.core.main.TestCaseExecutor.accessMainPhase(TestCaseExecutor.java:410)
	at com.kms.katalon.core.main.TestCaseExecutor.execute(TestCaseExecutor.java:285)
	at com.kms.katalon.core.common.CommonExecutor.accessTestCaseMainPhase(CommonExecutor.java:65)
	at com.kms.katalon.core.main.TestSuiteExecutor.accessTestSuiteMainPhase(TestSuiteExecutor.java:150)
	at com.kms.katalon.core.main.TestSuiteExecutor.execute(TestSuiteExecutor.java:106)
	at com.kms.katalon.core.main.TestCaseMain.startTestSuite(TestCaseMain.java:180)
	at TempTestSuite1729787045812.run(TempTestSuite1729787045812.groovy:35)
	at java.base/jdk.internal.reflect.NativeMethodAccessorImpl.invoke0(Native Method)
	at java.base/jdk.internal.reflect.NativeMethodAccessorImpl.invoke(NativeMethodAccessorImpl.java:77)
	at java.base/jdk.internal.reflect.DelegatingMethodAccessorImpl.invoke(DelegatingMethodAccessorImpl.java:43)
Caused by: com.kms.katalon.core.exception.StepFailedException: Text 'Amount is greater than maximum' is not present on page 
	... 24 more


25-10-2024T02:43:07 - [TEST_STEP][PASSED] - resText = "Fail": null

25-10-2024T02:43:07 - [TEST_STEP][PASSED] - resColumn = "Result": null

25-10-2024T02:43:07 - [TEST_STEP][PASSED] - datCloumn = "Date": null

25-10-2024T02:43:07 - [TEST_STEP][PASSED] - fileLoc = "KatalonData/IWPTestData/VRelay25Payments.xlsx": null

25-10-2024T02:43:07 - [TEST_STEP][PASSED] - numOfRows = <not implemented yet for class: org.codehaus.groovy.ast.expr.EmptyExpression>: null

25-10-2024T02:43:07 - [TEST_STEP][PASSED] - dataFile = <not implemented yet for class: org.codehaus.groovy.ast.expr.EmptyExpression>: null

25-10-2024T02:43:07 - [TEST_STEP][PASSED] - nameSheet = <not implemented yet for class: org.codehaus.groovy.ast.expr.EmptyExpression>: null

25-10-2024T02:43:07 - [TEST_STEP][PASSED] - dataFileEmulator = <not implemented yet for class: org.codehaus.groovy.ast.expr.EmptyExpression>: null

25-10-2024T02:43:07 - [TEST_STEP][PASSED] - nameSheet = "MaxAmountErrorCC": null

25-10-2024T02:43:07 - [TEST_STEP][PASSED] - dataFile = "IWPTestData/IWP25MaxAmountErrorCC": null

25-10-2024T02:43:07 - [TEST_STEP][PASSED] - dataFileEmulator = "IWPTestData/EmulatorData": null

25-10-2024T02:43:07 - [TEST_STEP][PASSED] - numOfRows = findTestData(dataFile).getRowNumbers(): null

25-10-2024T02:43:07 - [TEST_STEP][PASSED] - println("Number of Records: " + numOfRows): null

25-10-2024T02:43:07 - [TEST_STEP][FAILED] - for ([row = 1, row <= numOfRows, (row++)]): null

25-10-2024T02:43:07 - [TEST_STEP][PASSED] - ExecuteTC = findTestData(dataFile).getValue("Execute", row): null

25-10-2024T02:43:07 - [TEST_STEP][PASSED] - out.println("Value of Execute is : " + ExecuteTC): null

25-10-2024T02:43:07 - [TEST_STEP][PASSED] - if (ExecuteTC.equalsIgnoreCase("Y")): null

25-10-2024T02:43:07 - [TEST_STEP][PASSED] - out.println("Begin Record Number: " + row): null

25-10-2024T02:43:07 - [TEST_STEP][PASSED] - today = new java.util.Date(): null

25-10-2024T02:43:07 - [TEST_STEP][PASSED] - println(today): null

25-10-2024T02:43:07 - [TEST_STEP][PASSED] - datText = today: null

25-10-2024T02:43:07 - [TEST_STEP][PASSED] - EmulatorDataKey = findTestData(dataFile).getValue("EmulatorData", row): null

25-10-2024T02:43:07 - [TEST_STEP][PASSED] - out.println("Value of Emulator Key is : " + EmulatorDataKey): null

25-10-2024T02:43:07 - [TEST_STEP][PASSED] - iwpPages.emulatorIWP30.setDataEmulator_DD(EmulatorDataKey): iwpPages.emulatorIWP30.setDataEmulator_DD is PASSED

25-10-2024T02:43:07 - [MESSAGE][INFO] - Starting 'Edge Chromium' driver

25-10-2024T02:43:07 - [MESSAGE][INFO] - User set preference: ['acceptInsecureCerts', 'true']

25-10-2024T02:43:09 - [MESSAGE][INFO] - Action delay is set to 0 milliseconds

25-10-2024T02:43:14 - [MESSAGE][PASSED] - Browser is opened with url: 'https://qa2.velocitypayment.com/agencyx/config.action?action=editor&message_version=2_5'

25-10-2024T02:43:14 - [MESSAGE][PASSED] - Current window maximized

25-10-2024T02:43:45 - [MESSAGE][INFO] - Unable to find the element located by 'By.xpath: //select[@name='message_version']'. Please recheck the objects properties to make sure the desired element is located. 

25-10-2024T02:43:45 - [MESSAGE][WARNING] - [SELF-HEALING] Failed to find element with id 'Object Repository/IWP30/Page_VRelay30Emulator/MV'. Try using Self-healing.

25-10-2024T02:43:45 - [MESSAGE][WARNING] - [SELF-HEALING] The current locator of test object 'Object Repository/IWP30/Page_VRelay30Emulator/MV' was broken. Propose an alternative one: '(.//*[normalize-space(text()) and normalize-space(.)='Message Version'])[1]/following::select[1]'.

25-10-2024T02:43:46 - [MESSAGE][PASSED] - All options with value '2.5' are selected in object 'Object Repository/IWP30/Page_VRelay30Emulator/MV'  using regular expression

25-10-2024T02:43:47 - [MESSAGE][PASSED] - Text '10.50' is set on object 'Object Repository/IWP30/Page_EmulatorAgencyX/Amount'

25-10-2024T02:43:47 - [MESSAGE][PASSED] - Text '8jNL3r1sX31D' is set on object 'Object Repository/IWP30/Page_EmulatorAgencyX/CAN'

25-10-2024T02:43:48 - [MESSAGE][PASSED] - Text 'PayNow' is set on object 'Object Repository/IWP30/Page_EmulatorAgencyX/Action'

25-10-2024T02:43:48 - [MESSAGE][PASSED] - Text 'en_US' is set on object 'Object Repository/IWP30/Page_EmulatorAgencyX/Lang'

25-10-2024T02:43:49 - [MESSAGE][PASSED] - Text '' is set on object 'Object Repository/IWP30/Page_EmulatorAgencyX/Fname'

25-10-2024T02:43:50 - [MESSAGE][PASSED] - Text '' is set on object 'Object Repository/IWP30/Page_EmulatorAgencyX/Lname'

25-10-2024T02:43:50 - [MESSAGE][PASSED] - Text '' is set on object 'Object Repository/IWP30/Page_EmulatorAgencyX/AL1'

25-10-2024T02:43:51 - [MESSAGE][PASSED] - Text '' is set on object 'Object Repository/IWP30/Page_EmulatorAgencyX/AL2'

25-10-2024T02:43:51 - [MESSAGE][PASSED] - Text '' is set on object 'Object Repository/IWP30/Page_EmulatorAgencyX/Country'

25-10-2024T02:43:52 - [MESSAGE][PASSED] - Text '' is set on object 'Object Repository/IWP30/Page_EmulatorAgencyX/City'

25-10-2024T02:43:52 - [MESSAGE][PASSED] - Text '' is set on object 'Object Repository/IWP30/Page_EmulatorAgencyX/State'

25-10-2024T02:43:53 - [MESSAGE][PASSED] - Text '' is set on object 'Object Repository/IWP30/Page_EmulatorAgencyX/ZIP'

25-10-2024T02:43:54 - [MESSAGE][PASSED] - Text '' is set on object 'Object Repository/IWP30/Page_EmulatorAgencyX/Order'

25-10-2024T02:43:54 - [MESSAGE][PASSED] - Text '' is set on object 'Object Repository/IWP30/Page_EmulatorAgencyX/Company'

25-10-2024T02:43:55 - [MESSAGE][PASSED] - Text '' is set on object 'Object Repository/IWP30/Page_EmulatorAgencyX/Email'

25-10-2024T02:43:55 - [MESSAGE][PASSED] - Text '' is set on object 'Object Repository/IWP30/Page_EmulatorAgencyX/UDF1'

25-10-2024T02:43:56 - [MESSAGE][PASSED] - Text '' is set on object 'Object Repository/IWP30/Page_EmulatorAgencyX/UDF2'

25-10-2024T02:43:56 - [MESSAGE][PASSED] - Text '' is set on object 'Object Repository/IWP30/Page_EmulatorAgencyX/UDF3'

25-10-2024T02:43:57 - [MESSAGE][PASSED] - Text 'udf data 4' is set on object 'Object Repository/IWP30/Page_EmulatorAgencyX/UDF4'

25-10-2024T02:43:58 - [MESSAGE][PASSED] - Text 'udf data 5' is set on object 'Object Repository/IWP30/Page_EmulatorAgencyX/UDF5'

25-10-2024T02:43:58 - [MESSAGE][PASSED] - Text '' is set on object 'Object Repository/IWP30/Page_EmulatorAgencyX/UDF6'

25-10-2024T02:43:59 - [MESSAGE][PASSED] - Text '' is set on object 'Object Repository/IWP30/Page_EmulatorAgencyX/UDF7'

25-10-2024T02:43:59 - [MESSAGE][PASSED] - Text '' is set on object 'Object Repository/IWP30/Page_EmulatorAgencyX/UDF8'

25-10-2024T02:44:00 - [MESSAGE][PASSED] - Text 'udf data 9' is set on object 'Object Repository/IWP30/Page_EmulatorAgencyX/UDF9'

25-10-2024T02:44:01 - [MESSAGE][PASSED] - Text 'udf data 10' is set on object 'Object Repository/IWP30/Page_EmulatorAgencyX/UDF10'

25-10-2024T02:44:02 - [MESSAGE][PASSED] - Object: 'Object Repository/IWP30/Page_EmulatorAgencyX/Submit' is clicked on

25-10-2024T02:44:06 - [MESSAGE][PASSED] - Browser is closed

25-10-2024T02:44:10 - [MESSAGE][PASSED] - iwpPages.emulatorIWP30.setDataEmulator_DD is PASSED

25-10-2024T02:44:10 - [TEST_STEP][PASSED] - testHarnessURL = urlTestHarness: null

25-10-2024T02:44:10 - [TEST_STEP][PASSED] - openBrowser(testHarnessURL): Browser is opened with url: 'https://dev-algorithm.govolution.com/vrelaytest/QA2/version_2_2/vrelaytest.html'

25-10-2024T02:44:10 - [MESSAGE][INFO] - Starting 'Edge Chromium' driver

25-10-2024T02:44:10 - [MESSAGE][INFO] - User set preference: ['acceptInsecureCerts', 'true']

25-10-2024T02:44:12 - [MESSAGE][INFO] - Action delay is set to 0 milliseconds

25-10-2024T02:44:16 - [MESSAGE][PASSED] - Browser is opened with url: 'https://dev-algorithm.govolution.com/vrelaytest/QA2/version_2_2/vrelaytest.html'

25-10-2024T02:44:16 - [TEST_STEP][PASSED] - maximizeWindow(): Current window maximized

25-10-2024T02:44:16 - [MESSAGE][PASSED] - Current window maximized

25-10-2024T02:44:16 - [TEST_STEP][PASSED] - iwpPages.TestHarnessPage.setDataMethod(row, dataFile): iwpPages.TestHarnessPage.setDataMethod is PASSED

25-10-2024T02:44:16 - [MESSAGE][PASSED] - Object 'Object Repository/IWP30/Page_QATestHarness/RemittanceID' is present

25-10-2024T02:44:17 - [MESSAGE][PASSED] - Text '638' is set on object 'Object Repository/IWP30/Page_QATestHarness/ApplicationID'

25-10-2024T02:44:18 - [MESSAGE][PASSED] - Text '2.5' is set on object 'Object Repository/IWP30/Page_QATestHarness/MessageVersion'

25-10-2024T02:44:18 - [MESSAGE][PASSED] - Text 'erfei09vP8Q8' is set on object 'Object Repository/IWP30/Page_QATestHarness/RemittanceID'

25-10-2024T02:44:22 - [MESSAGE][PASSED] - Object: 'Object Repository/IWP30/Page_QATestHarness/SubmitButton' is clicked on

25-10-2024T02:44:22 - [MESSAGE][PASSED] - iwpPages.TestHarnessPage.setDataMethod is PASSED

25-10-2024T02:44:22 - [TEST_STEP][PASSED] - click(findTestObject("Object Repository/IWP30/Page_SelectPaymentMethod/PayByCreditCard")): Object: 'Object Repository/IWP30/Page_SelectPaymentMethod/PayByCreditCard' is clicked on

25-10-2024T02:44:23 - [MESSAGE][PASSED] - Object: 'Object Repository/IWP30/Page_SelectPaymentMethod/PayByCreditCard' is clicked on

25-10-2024T02:44:23 - [TEST_STEP][PASSED] - click(findTestObject("Object Repository/IWP30/Page_SelectPaymentMethod/MakePaymentButton")): Object: 'Object Repository/IWP30/Page_SelectPaymentMethod/MakePaymentButton' is clicked on

25-10-2024T02:44:26 - [MESSAGE][PASSED] - Object: 'Object Repository/IWP30/Page_SelectPaymentMethod/MakePaymentButton' is clicked on

25-10-2024T02:44:26 - [TEST_STEP][PASSED] - iwpPages.ccPaymentEntryPage.setDataCCPM(row, dataFile): iwpPages.ccPaymentEntryPage.setDataCCPM is PASSED

25-10-2024T02:44:27 - [MESSAGE][PASSED] - Object 'Object Repository/IWP30/Page_CCPaymentEntry/Name' is present

25-10-2024T02:44:27 - [MESSAGE][PASSED] - Text '200.50' is set on object 'Object Repository/IWP30/Page_CCPaymentEntry/Amount'

25-10-2024T02:44:28 - [MESSAGE][PASSED] - Text 'udf data 2' is set on object 'Object Repository/IWP30/Page_CCPaymentEntry/UserDefined2'

25-10-2024T02:44:29 - [MESSAGE][PASSED] - Text 'udf data 3' is set on object 'Object Repository/IWP30/Page_CCPaymentEntry/UserDefined3'

25-10-2024T02:44:29 - [MESSAGE][PASSED] - All options with label 'Orange' are selected in object 'Object Repository/IWP30/Page_CCPaymentEntry/UserDefined7' 

25-10-2024T02:44:30 - [MESSAGE][PASSED] - All options with label 'Soccer' are selected in object 'Object Repository/IWP30/Page_CCPaymentEntry/UserDefined8' 

25-10-2024T02:44:30 - [MESSAGE][PASSED] - Object 'Object Repository/IWP30/Page_CCPaymentEntry/Name' is present

25-10-2024T02:44:30 - [MESSAGE][PASSED] - Text 'Kavita Ranawati' is set on object 'Object Repository/IWP30/Page_CCPaymentEntry/Name'

25-10-2024T02:44:31 - [MESSAGE][PASSED] - Object 'Object Repository/IWP30/Page_CCPaymentEntry/CardNumber' is present

25-10-2024T02:44:31 - [MESSAGE][PASSED] - Text '4111111111111111' is set on object 'Object Repository/IWP30/Page_CCPaymentEntry/CardNumber'

25-10-2024T02:44:32 - [MESSAGE][PASSED] - Text '123' is set on object 'Object Repository/IWP30/Page_CCPaymentEntry/SPC'

25-10-2024T02:44:32 - [MESSAGE][PASSED] - Object 'Object Repository/IWP30/Page_CCPaymentEntry/Month' is present

25-10-2024T02:44:33 - [MESSAGE][PASSED] - All options with label '09' are selected in object 'Object Repository/IWP30/Page_CCPaymentEntry/Month' 

25-10-2024T02:44:33 - [MESSAGE][PASSED] - Object 'Object Repository/IWP30/Page_CCPaymentEntry/Year' is present

25-10-2024T02:44:34 - [MESSAGE][PASSED] - All options with label '2028' are selected in object 'Object Repository/IWP30/Page_CCPaymentEntry/Year' 

25-10-2024T02:44:34 - [MESSAGE][PASSED] - Text '365 Main Avenue' is set on object 'Object Repository/IWP30/Page_CCPaymentEntry/AL1'

25-10-2024T02:44:35 - [MESSAGE][PASSED] - Text '22201' is set on object 'Object Repository/IWP30/Page_CCPaymentEntry/ZIP'

25-10-2024T02:44:35 - [MESSAGE][PASSED] - Object 'Object Repository/IWP30/Page_CCPaymentEntry/EmailAddress' is present

25-10-2024T02:44:37 - [MESSAGE][PASSED] - Text 'iahmed@govolution.com' is set on object 'Object Repository/IWP30/Page_CCPaymentEntry/EmailAddress'

25-10-2024T02:44:37 - [MESSAGE][PASSED] - Object 'Object Repository/IWP30/Page_CCPaymentEntry/TermCondCheckBox' is present

25-10-2024T02:44:37 - [MESSAGE][PASSED] - Object 'Object Repository/IWP30/Page_CCPaymentEntry/TermCondCheckBox' is checked

25-10-2024T02:44:37 - [MESSAGE][PASSED] - Object 'Object Repository/IWP30/Page_CCPaymentEntry/ContinueButton' is present

25-10-2024T02:44:39 - [MESSAGE][PASSED] - Object: 'Object Repository/IWP30/Page_CCPaymentEntry/ContinueButton' is clicked on

25-10-2024T02:44:39 - [MESSAGE][PASSED] - iwpPages.ccPaymentEntryPage.setDataCCPM is PASSED

25-10-2024T02:44:39 - [TEST_STEP][PASSED] - Thread.sleep(10000): null

25-10-2024T02:44:49 - [TEST_STEP][PASSED] - if (verifyTextPresent("Amount is greater than maximum", false)): null

25-10-2024T02:44:50 - [MESSAGE][PASSED] - Text 'Amount is greater than maximum' is present on page 

25-10-2024T02:44:50 - [TEST_STEP][PASSED] - println("Max Amount Error message shown"): null

25-10-2024T02:44:50 - [TEST_STEP][PASSED] - markPassed("Max Amount Error message shown"): Max Amount Error message shown

25-10-2024T02:44:50 - [MESSAGE][PASSED] - Max Amount Error message shown

25-10-2024T02:44:50 - [TEST_STEP][PASSED] - resText = "Pass": null

25-10-2024T02:44:50 - [TEST_STEP][PASSED] - pages.WriteExcel.demoKey(resText, datText, resColumn, datCloumn, fileLoc, nameSheet, row): pages.WriteExcel.demoKey is PASSED

25-10-2024T02:44:50 - [MESSAGE][PASSED] - pages.WriteExcel.demoKey is PASSED

25-10-2024T02:44:50 - [TEST_STEP][PASSED] - closeBrowser(): Browser is closed

25-10-2024T02:44:51 - [MESSAGE][PASSED] - Browser is closed

25-10-2024T02:44:51 - [TEST_STEP][PASSED] - ExecuteTC = findTestData(dataFile).getValue("Execute", row): null

25-10-2024T02:44:51 - [TEST_STEP][PASSED] - out.println("Value of Execute is : " + ExecuteTC): null

25-10-2024T02:44:51 - [TEST_STEP][FAILED] - if (ExecuteTC.equalsIgnoreCase("Y")): null

25-10-2024T02:44:51 - [TEST_STEP][PASSED] - out.println("Begin Record Number: " + row): null

25-10-2024T02:44:51 - [TEST_STEP][PASSED] - today = new java.util.Date(): null

25-10-2024T02:44:51 - [TEST_STEP][PASSED] - println(today): null

25-10-2024T02:44:51 - [TEST_STEP][PASSED] - datText = today: null

25-10-2024T02:44:51 - [TEST_STEP][PASSED] - EmulatorDataKey = findTestData(dataFile).getValue("EmulatorData", row): null

25-10-2024T02:44:51 - [TEST_STEP][PASSED] - out.println("Value of Emulator Key is : " + EmulatorDataKey): null

25-10-2024T02:44:51 - [TEST_STEP][PASSED] - iwpPages.emulatorIWP30.setDataEmulator_DD(EmulatorDataKey): iwpPages.emulatorIWP30.setDataEmulator_DD is PASSED

25-10-2024T02:44:51 - [MESSAGE][INFO] - Starting 'Edge Chromium' driver

25-10-2024T02:44:51 - [MESSAGE][INFO] - User set preference: ['acceptInsecureCerts', 'true']

25-10-2024T02:44:54 - [MESSAGE][INFO] - Action delay is set to 0 milliseconds

25-10-2024T02:44:58 - [MESSAGE][PASSED] - Browser is opened with url: 'https://qa2.velocitypayment.com/agencyx/config.action?action=editor&message_version=3_0'

25-10-2024T02:44:58 - [MESSAGE][PASSED] - Current window maximized

25-10-2024T02:45:29 - [MESSAGE][INFO] - Unable to find the element located by 'By.xpath: //select[@name='message_version']'. Please recheck the objects properties to make sure the desired element is located. 

25-10-2024T02:45:29 - [MESSAGE][WARNING] - [SELF-HEALING] Failed to find element with id 'Object Repository/IWP30/Page_VRelay30Emulator/MV'. Try using Self-healing.

25-10-2024T02:45:29 - [MESSAGE][WARNING] - [SELF-HEALING] The current locator of test object 'Object Repository/IWP30/Page_VRelay30Emulator/MV' was broken. Propose an alternative one: '(.//*[normalize-space(text()) and normalize-space(.)='Message Version'])[1]/following::select[1]'.

25-10-2024T02:45:30 - [MESSAGE][PASSED] - All options with value '3.0' are selected in object 'Object Repository/IWP30/Page_VRelay30Emulator/MV'  using regular expression

25-10-2024T02:45:30 - [MESSAGE][PASSED] - Text '10.50' is set on object 'Object Repository/IWP30/Page_EmulatorAgencyX/Amount'

25-10-2024T02:45:31 - [MESSAGE][PASSED] - Text '930lBIljiVPJ' is set on object 'Object Repository/IWP30/Page_EmulatorAgencyX/CAN'

25-10-2024T02:45:31 - [MESSAGE][PASSED] - Text 'PayNow' is set on object 'Object Repository/IWP30/Page_EmulatorAgencyX/Action'

25-10-2024T02:45:32 - [MESSAGE][PASSED] - Text 'en_US' is set on object 'Object Repository/IWP30/Page_EmulatorAgencyX/Lang'

25-10-2024T02:45:33 - [MESSAGE][PASSED] - Text '' is set on object 'Object Repository/IWP30/Page_EmulatorAgencyX/Fname'

25-10-2024T02:45:33 - [MESSAGE][PASSED] - Text '' is set on object 'Object Repository/IWP30/Page_EmulatorAgencyX/Lname'

25-10-2024T02:45:34 - [MESSAGE][PASSED] - Text '' is set on object 'Object Repository/IWP30/Page_EmulatorAgencyX/AL1'

25-10-2024T02:45:34 - [MESSAGE][PASSED] - Text '' is set on object 'Object Repository/IWP30/Page_EmulatorAgencyX/AL2'

25-10-2024T02:45:35 - [MESSAGE][PASSED] - Text '' is set on object 'Object Repository/IWP30/Page_EmulatorAgencyX/Country'

25-10-2024T02:45:36 - [MESSAGE][PASSED] - Text '' is set on object 'Object Repository/IWP30/Page_EmulatorAgencyX/City'

25-10-2024T02:45:36 - [MESSAGE][PASSED] - Text '' is set on object 'Object Repository/IWP30/Page_EmulatorAgencyX/State'

25-10-2024T02:45:37 - [MESSAGE][PASSED] - Text '' is set on object 'Object Repository/IWP30/Page_EmulatorAgencyX/ZIP'

25-10-2024T02:45:37 - [MESSAGE][PASSED] - Text '' is set on object 'Object Repository/IWP30/Page_EmulatorAgencyX/Order'

25-10-2024T02:45:38 - [MESSAGE][PASSED] - Text '' is set on object 'Object Repository/IWP30/Page_EmulatorAgencyX/Company'

25-10-2024T02:45:38 - [MESSAGE][PASSED] - Text '' is set on object 'Object Repository/IWP30/Page_EmulatorAgencyX/Email'

25-10-2024T02:45:39 - [MESSAGE][PASSED] - Text '' is set on object 'Object Repository/IWP30/Page_EmulatorAgencyX/UDF1'

25-10-2024T02:45:40 - [MESSAGE][PASSED] - Text '' is set on object 'Object Repository/IWP30/Page_EmulatorAgencyX/UDF2'

25-10-2024T02:45:40 - [MESSAGE][PASSED] - Text '' is set on object 'Object Repository/IWP30/Page_EmulatorAgencyX/UDF3'

25-10-2024T02:45:41 - [MESSAGE][PASSED] - Text 'udf data 4' is set on object 'Object Repository/IWP30/Page_EmulatorAgencyX/UDF4'

25-10-2024T02:45:41 - [MESSAGE][PASSED] - Text 'udf data 5' is set on object 'Object Repository/IWP30/Page_EmulatorAgencyX/UDF5'

25-10-2024T02:45:42 - [MESSAGE][PASSED] - Text '' is set on object 'Object Repository/IWP30/Page_EmulatorAgencyX/UDF6'

25-10-2024T02:45:42 - [MESSAGE][PASSED] - Text '' is set on object 'Object Repository/IWP30/Page_EmulatorAgencyX/UDF7'

25-10-2024T02:45:43 - [MESSAGE][PASSED] - Text '' is set on object 'Object Repository/IWP30/Page_EmulatorAgencyX/UDF8'

25-10-2024T02:45:44 - [MESSAGE][PASSED] - Text 'udf data 9' is set on object 'Object Repository/IWP30/Page_EmulatorAgencyX/UDF9'

25-10-2024T02:45:44 - [MESSAGE][PASSED] - Text 'udf data 10' is set on object 'Object Repository/IWP30/Page_EmulatorAgencyX/UDF10'

25-10-2024T02:45:46 - [MESSAGE][PASSED] - Object: 'Object Repository/IWP30/Page_EmulatorAgencyX/Submit' is clicked on

25-10-2024T02:45:50 - [MESSAGE][PASSED] - Browser is closed

25-10-2024T02:45:54 - [MESSAGE][PASSED] - iwpPages.emulatorIWP30.setDataEmulator_DD is PASSED

25-10-2024T02:45:54 - [TEST_STEP][PASSED] - testHarnessURL = urlTestHarness: null

25-10-2024T02:45:54 - [TEST_STEP][PASSED] - openBrowser(testHarnessURL): Browser is opened with url: 'https://dev-algorithm.govolution.com/vrelaytest/QA2/version_2_2/vrelaytest.html'

25-10-2024T02:45:54 - [MESSAGE][INFO] - Starting 'Edge Chromium' driver

25-10-2024T02:45:54 - [MESSAGE][INFO] - User set preference: ['acceptInsecureCerts', 'true']

25-10-2024T02:45:56 - [MESSAGE][INFO] - Action delay is set to 0 milliseconds

25-10-2024T02:46:00 - [MESSAGE][PASSED] - Browser is opened with url: 'https://dev-algorithm.govolution.com/vrelaytest/QA2/version_2_2/vrelaytest.html'

25-10-2024T02:46:00 - [TEST_STEP][PASSED] - maximizeWindow(): Current window maximized

25-10-2024T02:46:00 - [MESSAGE][PASSED] - Current window maximized

25-10-2024T02:46:00 - [TEST_STEP][PASSED] - iwpPages.TestHarnessPage.setDataMethod(row, dataFile): iwpPages.TestHarnessPage.setDataMethod is PASSED

25-10-2024T02:46:00 - [MESSAGE][PASSED] - Object 'Object Repository/IWP30/Page_QATestHarness/RemittanceID' is present

25-10-2024T02:46:01 - [MESSAGE][PASSED] - Text '649' is set on object 'Object Repository/IWP30/Page_QATestHarness/ApplicationID'

25-10-2024T02:46:01 - [MESSAGE][PASSED] - Text '3.0' is set on object 'Object Repository/IWP30/Page_QATestHarness/MessageVersion'

25-10-2024T02:46:02 - [MESSAGE][PASSED] - Text 'XBfgNWsYiEnw' is set on object 'Object Repository/IWP30/Page_QATestHarness/RemittanceID'

25-10-2024T02:46:05 - [MESSAGE][PASSED] - Object: 'Object Repository/IWP30/Page_QATestHarness/SubmitButton' is clicked on

25-10-2024T02:46:05 - [MESSAGE][PASSED] - iwpPages.TestHarnessPage.setDataMethod is PASSED

25-10-2024T02:46:05 - [TEST_STEP][PASSED] - click(findTestObject("Object Repository/IWP30/Page_SelectPaymentMethod/PayByCreditCard")): Object: 'Object Repository/IWP30/Page_SelectPaymentMethod/PayByCreditCard' is clicked on

25-10-2024T02:46:05 - [MESSAGE][PASSED] - Object: 'Object Repository/IWP30/Page_SelectPaymentMethod/PayByCreditCard' is clicked on

25-10-2024T02:46:05 - [TEST_STEP][PASSED] - click(findTestObject("Object Repository/IWP30/Page_SelectPaymentMethod/MakePaymentButton")): Object: 'Object Repository/IWP30/Page_SelectPaymentMethod/MakePaymentButton' is clicked on

25-10-2024T02:46:08 - [MESSAGE][PASSED] - Object: 'Object Repository/IWP30/Page_SelectPaymentMethod/MakePaymentButton' is clicked on

25-10-2024T02:46:08 - [TEST_STEP][PASSED] - iwpPages.ccPaymentEntryPage.setDataCCPM(row, dataFile): iwpPages.ccPaymentEntryPage.setDataCCPM is PASSED

25-10-2024T02:46:09 - [MESSAGE][PASSED] - Object 'Object Repository/IWP30/Page_CCPaymentEntry/Name' is present

25-10-2024T02:46:10 - [MESSAGE][PASSED] - Text '200.50' is set on object 'Object Repository/IWP30/Page_CCPaymentEntry/Amount'

25-10-2024T02:46:10 - [MESSAGE][PASSED] - Text 'udf data 2' is set on object 'Object Repository/IWP30/Page_CCPaymentEntry/UserDefined2'

25-10-2024T02:46:11 - [MESSAGE][PASSED] - Text 'udf data 3' is set on object 'Object Repository/IWP30/Page_CCPaymentEntry/UserDefined3'

25-10-2024T02:46:12 - [MESSAGE][PASSED] - All options with label 'Orange' are selected in object 'Object Repository/IWP30/Page_CCPaymentEntry/UserDefined7' 

25-10-2024T02:46:12 - [MESSAGE][PASSED] - All options with label 'Soccer' are selected in object 'Object Repository/IWP30/Page_CCPaymentEntry/UserDefined8' 

25-10-2024T02:46:12 - [MESSAGE][PASSED] - Object 'Object Repository/IWP30/Page_CCPaymentEntry/Name' is present

25-10-2024T02:46:13 - [MESSAGE][PASSED] - Text 'Kavita Ranawati' is set on object 'Object Repository/IWP30/Page_CCPaymentEntry/Name'

25-10-2024T02:46:13 - [MESSAGE][PASSED] - Object 'Object Repository/IWP30/Page_CCPaymentEntry/CardNumber' is present

25-10-2024T02:46:14 - [MESSAGE][PASSED] - Text '4111111111111111' is set on object 'Object Repository/IWP30/Page_CCPaymentEntry/CardNumber'

25-10-2024T02:46:14 - [MESSAGE][PASSED] - Text '123' is set on object 'Object Repository/IWP30/Page_CCPaymentEntry/SPC'

25-10-2024T02:46:15 - [MESSAGE][PASSED] - Object 'Object Repository/IWP30/Page_CCPaymentEntry/Month' is present

25-10-2024T02:46:16 - [MESSAGE][PASSED] - All options with label '09' are selected in object 'Object Repository/IWP30/Page_CCPaymentEntry/Month' 

25-10-2024T02:46:16 - [MESSAGE][PASSED] - Object 'Object Repository/IWP30/Page_CCPaymentEntry/Year' is present

25-10-2024T02:46:17 - [MESSAGE][PASSED] - All options with label '2028' are selected in object 'Object Repository/IWP30/Page_CCPaymentEntry/Year' 

25-10-2024T02:46:17 - [MESSAGE][PASSED] - Text '365 Main Avenue' is set on object 'Object Repository/IWP30/Page_CCPaymentEntry/AL1'

25-10-2024T02:46:18 - [MESSAGE][PASSED] - Text '22201' is set on object 'Object Repository/IWP30/Page_CCPaymentEntry/ZIP'

25-10-2024T02:46:18 - [MESSAGE][PASSED] - Object 'Object Repository/IWP30/Page_CCPaymentEntry/EmailAddress' is present

25-10-2024T02:46:19 - [MESSAGE][PASSED] - Text 'iahmed@govolution.com' is set on object 'Object Repository/IWP30/Page_CCPaymentEntry/EmailAddress'

25-10-2024T02:46:19 - [MESSAGE][PASSED] - Object 'Object Repository/IWP30/Page_CCPaymentEntry/TermCondCheckBox' is present

25-10-2024T02:46:20 - [MESSAGE][PASSED] - Object 'Object Repository/IWP30/Page_CCPaymentEntry/TermCondCheckBox' is checked

25-10-2024T02:46:20 - [MESSAGE][PASSED] - Object 'Object Repository/IWP30/Page_CCPaymentEntry/ContinueButton' is present

25-10-2024T02:46:21 - [MESSAGE][PASSED] - Object: 'Object Repository/IWP30/Page_CCPaymentEntry/ContinueButton' is clicked on

25-10-2024T02:46:21 - [MESSAGE][PASSED] - iwpPages.ccPaymentEntryPage.setDataCCPM is PASSED

25-10-2024T02:46:21 - [TEST_STEP][PASSED] - Thread.sleep(10000): null

25-10-2024T02:46:31 - [TEST_STEP][FAILED] - if (verifyTextPresent("Amount is greater than maximum", false)): Text 'Amount is greater than maximum' is not present on page  (Root cause: com.kms.katalon.core.exception.StepFailedException: Text 'Amount is greater than maximum' is not present on page 
	at com.kms.katalon.core.webui.keyword.internal.WebUIKeywordMain.stepFailed(WebUIKeywordMain.groovy:64)
	at com.kms.katalon.core.webui.keyword.builtin.VerifyTextPresentKeyword$_verifyTextPresent_closure1.doCall(VerifyTextPresentKeyword.groovy:79)
	at com.kms.katalon.core.webui.keyword.builtin.VerifyTextPresentKeyword$_verifyTextPresent_closure1.call(VerifyTextPresentKeyword.groovy)
	at com.kms.katalon.core.webui.keyword.internal.WebUIKeywordMain.runKeyword(WebUIKeywordMain.groovy:20)
	at com.kms.katalon.core.webui.keyword.builtin.VerifyTextPresentKeyword.verifyTextPresent(VerifyTextPresentKeyword.groovy:83)
	at com.kms.katalon.core.webui.keyword.builtin.VerifyTextPresentKeyword.execute(VerifyTextPresentKeyword.groovy:68)
	at com.kms.katalon.core.keyword.internal.KeywordExecutor.executeKeywordForPlatform(KeywordExecutor.groovy:74)
	at com.kms.katalon.core.webui.keyword.WebUiBuiltInKeywords.verifyTextPresent(WebUiBuiltInKeywords.groovy:1762)
	at MaxAmountErrorCC.run(MaxAmountErrorCC:86)
	at com.kms.katalon.core.main.ScriptEngine.run(ScriptEngine.java:194)
	at com.kms.katalon.core.main.ScriptEngine.runScriptAsRawText(ScriptEngine.java:119)
	at com.kms.katalon.core.main.TestCaseExecutor.runScript(TestCaseExecutor.java:448)
	at com.kms.katalon.core.main.TestCaseExecutor.doExecute(TestCaseExecutor.java:439)
	at com.kms.katalon.core.main.TestCaseExecutor.processExecutionPhase(TestCaseExecutor.java:418)
	at com.kms.katalon.core.main.TestCaseExecutor.accessMainPhase(TestCaseExecutor.java:410)
	at com.kms.katalon.core.main.TestCaseExecutor.execute(TestCaseExecutor.java:285)
	at com.kms.katalon.core.common.CommonExecutor.accessTestCaseMainPhase(CommonExecutor.java:65)
	at com.kms.katalon.core.main.TestSuiteExecutor.accessTestSuiteMainPhase(TestSuiteExecutor.java:150)
	at com.kms.katalon.core.main.TestSuiteExecutor.execute(TestSuiteExecutor.java:106)
	at com.kms.katalon.core.main.TestCaseMain.startTestSuite(TestCaseMain.java:180)
	at TempTestSuite1729787045812.run(TempTestSuite1729787045812.groovy:35)
	at java.base/jdk.internal.reflect.NativeMethodAccessorImpl.invoke0(Native Method)
	at java.base/jdk.internal.reflect.NativeMethodAccessorImpl.invoke(NativeMethodAccessorImpl.java:77)
	at java.base/jdk.internal.reflect.DelegatingMethodAccessorImpl.invoke(DelegatingMethodAccessorImpl.java:43)
)

25-10-2024T02:46:32 - [MESSAGE][FAILED] - Text 'Amount is greater than maximum' is not present on page  (Root cause: com.kms.katalon.core.exception.StepFailedException: Text 'Amount is greater than maximum' is not present on page 
	at com.kms.katalon.core.webui.keyword.internal.WebUIKeywordMain.stepFailed(WebUIKeywordMain.groovy:64)
	at com.kms.katalon.core.webui.keyword.builtin.VerifyTextPresentKeyword$_verifyTextPresent_closure1.doCall(VerifyTextPresentKeyword.groovy:79)
	at com.kms.katalon.core.webui.keyword.builtin.VerifyTextPresentKeyword$_verifyTextPresent_closure1.call(VerifyTextPresentKeyword.groovy)
	at com.kms.katalon.core.webui.keyword.internal.WebUIKeywordMain.runKeyword(WebUIKeywordMain.groovy:20)
	at com.kms.katalon.core.webui.keyword.builtin.VerifyTextPresentKeyword.verifyTextPresent(VerifyTextPresentKeyword.groovy:83)
	at com.kms.katalon.core.webui.keyword.builtin.VerifyTextPresentKeyword.execute(VerifyTextPresentKeyword.groovy:68)
	at com.kms.katalon.core.keyword.internal.KeywordExecutor.executeKeywordForPlatform(KeywordExecutor.groovy:74)
	at com.kms.katalon.core.webui.keyword.WebUiBuiltInKeywords.verifyTextPresent(WebUiBuiltInKeywords.groovy:1762)
	at MaxAmountErrorCC.run(MaxAmountErrorCC:86)
	at com.kms.katalon.core.main.ScriptEngine.run(ScriptEngine.java:194)
	at com.kms.katalon.core.main.ScriptEngine.runScriptAsRawText(ScriptEngine.java:119)
	at com.kms.katalon.core.main.TestCaseExecutor.runScript(TestCaseExecutor.java:448)
	at com.kms.katalon.core.main.TestCaseExecutor.doExecute(TestCaseExecutor.java:439)
	at com.kms.katalon.core.main.TestCaseExecutor.processExecutionPhase(TestCaseExecutor.java:418)
	at com.kms.katalon.core.main.TestCaseExecutor.accessMainPhase(TestCaseExecutor.java:410)
	at com.kms.katalon.core.main.TestCaseExecutor.execute(TestCaseExecutor.java:285)
	at com.kms.katalon.core.common.CommonExecutor.accessTestCaseMainPhase(CommonExecutor.java:65)
	at com.kms.katalon.core.main.TestSuiteExecutor.accessTestSuiteMainPhase(TestSuiteExecutor.java:150)
	at com.kms.katalon.core.main.TestSuiteExecutor.execute(TestSuiteExecutor.java:106)
	at com.kms.katalon.core.main.TestCaseMain.startTestSuite(TestCaseMain.java:180)
	at TempTestSuite1729787045812.run(TempTestSuite1729787045812.groovy:35)
	at java.base/jdk.internal.reflect.NativeMethodAccessorImpl.invoke0(Native Method)
	at java.base/jdk.internal.reflect.NativeMethodAccessorImpl.invoke(NativeMethodAccessorImpl.java:77)
	at java.base/jdk.internal.reflect.DelegatingMethodAccessorImpl.invoke(DelegatingMethodAccessorImpl.java:43)
)

25-10-2024T02:46:32 - [TEST_STEP][PASSED] - else: pages.WriteExcel.demoKey is PASSED

25-10-2024T02:46:32 - [TEST_STEP][PASSED] - println("Max Amount Error message not shown"): null

25-10-2024T02:46:32 - [TEST_STEP][PASSED] - resText = "Fail": null

25-10-2024T02:46:32 - [TEST_STEP][PASSED] - pages.WriteExcel.demoKey(resText, datText, resColumn, datCloumn, fileLoc, nameSheet, row): pages.WriteExcel.demoKey is PASSED

25-10-2024T02:46:32 - [MESSAGE][PASSED] - pages.WriteExcel.demoKey is PASSED

25-10-2024T02:46:32 - [TEST_STEP][PASSED] - closeBrowser(): Browser is closed

25-10-2024T02:46:32 - [MESSAGE][PASSED] - Browser is closed]]></system-out>
         <system-err><![CDATA[25-10-2024T02:43:07 - [TEST_CASE][FAILED] - Test Cases/IntegratedWeb/IWP25/Error/MaxAmountErrorCC: Test Cases/IntegratedWeb/IWP25/Error/MaxAmountErrorCC FAILED.
Reason:
com.kms.katalon.core.exception.StepFailedException: Text 'Amount is greater than maximum' is not present on page  (Root cause: com.kms.katalon.core.exception.StepFailedException: Text 'Amount is greater than maximum' is not present on page 
	at com.kms.katalon.core.webui.keyword.internal.WebUIKeywordMain.stepFailed(WebUIKeywordMain.groovy:64)
	at com.kms.katalon.core.webui.keyword.builtin.VerifyTextPresentKeyword$_verifyTextPresent_closure1.doCall(VerifyTextPresentKeyword.groovy:79)
	at com.kms.katalon.core.webui.keyword.builtin.VerifyTextPresentKeyword$_verifyTextPresent_closure1.call(VerifyTextPresentKeyword.groovy)
	at com.kms.katalon.core.webui.keyword.internal.WebUIKeywordMain.runKeyword(WebUIKeywordMain.groovy:20)
	at com.kms.katalon.core.webui.keyword.builtin.VerifyTextPresentKeyword.verifyTextPresent(VerifyTextPresentKeyword.groovy:83)
	at com.kms.katalon.core.webui.keyword.builtin.VerifyTextPresentKeyword.execute(VerifyTextPresentKeyword.groovy:68)
	at com.kms.katalon.core.keyword.internal.KeywordExecutor.executeKeywordForPlatform(KeywordExecutor.groovy:74)
	at com.kms.katalon.core.webui.keyword.WebUiBuiltInKeywords.verifyTextPresent(WebUiBuiltInKeywords.groovy:1762)
	at MaxAmountErrorCC.run(MaxAmountErrorCC:86)
	at com.kms.katalon.core.main.ScriptEngine.run(ScriptEngine.java:194)
	at com.kms.katalon.core.main.ScriptEngine.runScriptAsRawText(ScriptEngine.java:119)
	at com.kms.katalon.core.main.TestCaseExecutor.runScript(TestCaseExecutor.java:448)
	at com.kms.katalon.core.main.TestCaseExecutor.doExecute(TestCaseExecutor.java:439)
	at com.kms.katalon.core.main.TestCaseExecutor.processExecutionPhase(TestCaseExecutor.java:418)
	at com.kms.katalon.core.main.TestCaseExecutor.accessMainPhase(TestCaseExecutor.java:410)
	at com.kms.katalon.core.main.TestCaseExecutor.execute(TestCaseExecutor.java:285)
	at com.kms.katalon.core.common.CommonExecutor.accessTestCaseMainPhase(CommonExecutor.java:65)
	at com.kms.katalon.core.main.TestSuiteExecutor.accessTestSuiteMainPhase(TestSuiteExecutor.java:150)
	at com.kms.katalon.core.main.TestSuiteExecutor.execute(TestSuiteExecutor.java:106)
	at com.kms.katalon.core.main.TestCaseMain.startTestSuite(TestCaseMain.java:180)
	at TempTestSuite1729787045812.run(TempTestSuite1729787045812.groovy:35)
	at java.base/jdk.internal.reflect.NativeMethodAccessorImpl.invoke0(Native Method)
	at java.base/jdk.internal.reflect.NativeMethodAccessorImpl.invoke(NativeMethodAccessorImpl.java:77)
	at java.base/jdk.internal.reflect.DelegatingMethodAccessorImpl.invoke(DelegatingMethodAccessorImpl.java:43)
)
	at com.kms.katalon.core.keyword.internal.KeywordMain.stepFailed(KeywordMain.groovy:39)
	at com.kms.katalon.core.webui.keyword.internal.WebUIKeywordMain.stepFailed(WebUIKeywordMain.groovy:64)
	at com.kms.katalon.core.webui.keyword.builtin.VerifyTextPresentKeyword$_verifyTextPresent_closure1.doCall(VerifyTextPresentKeyword.groovy:79)
	at com.kms.katalon.core.webui.keyword.builtin.VerifyTextPresentKeyword$_verifyTextPresent_closure1.call(VerifyTextPresentKeyword.groovy)
	at com.kms.katalon.core.webui.keyword.internal.WebUIKeywordMain.runKeyword(WebUIKeywordMain.groovy:20)
	at com.kms.katalon.core.webui.keyword.builtin.VerifyTextPresentKeyword.verifyTextPresent(VerifyTextPresentKeyword.groovy:83)
	at com.kms.katalon.core.webui.keyword.builtin.VerifyTextPresentKeyword.execute(VerifyTextPresentKeyword.groovy:68)
	at com.kms.katalon.core.keyword.internal.KeywordExecutor.executeKeywordForPlatform(KeywordExecutor.groovy:74)
	at com.kms.katalon.core.webui.keyword.WebUiBuiltInKeywords.verifyTextPresent(WebUiBuiltInKeywords.groovy:1762)
	at MaxAmountErrorCC.run(MaxAmountErrorCC:86)
	at com.kms.katalon.core.main.ScriptEngine.run(ScriptEngine.java:194)
	at com.kms.katalon.core.main.ScriptEngine.runScriptAsRawText(ScriptEngine.java:119)
	at com.kms.katalon.core.main.TestCaseExecutor.runScript(TestCaseExecutor.java:448)
	at com.kms.katalon.core.main.TestCaseExecutor.doExecute(TestCaseExecutor.java:439)
	at com.kms.katalon.core.main.TestCaseExecutor.processExecutionPhase(TestCaseExecutor.java:418)
	at com.kms.katalon.core.main.TestCaseExecutor.accessMainPhase(TestCaseExecutor.java:410)
	at com.kms.katalon.core.main.TestCaseExecutor.execute(TestCaseExecutor.java:285)
	at com.kms.katalon.core.common.CommonExecutor.accessTestCaseMainPhase(CommonExecutor.java:65)
	at com.kms.katalon.core.main.TestSuiteExecutor.accessTestSuiteMainPhase(TestSuiteExecutor.java:150)
	at com.kms.katalon.core.main.TestSuiteExecutor.execute(TestSuiteExecutor.java:106)
	at com.kms.katalon.core.main.TestCaseMain.startTestSuite(TestCaseMain.java:180)
	at TempTestSuite1729787045812.run(TempTestSuite1729787045812.groovy:35)
	at java.base/jdk.internal.reflect.NativeMethodAccessorImpl.invoke0(Native Method)
	at java.base/jdk.internal.reflect.NativeMethodAccessorImpl.invoke(NativeMethodAccessorImpl.java:77)
	at java.base/jdk.internal.reflect.DelegatingMethodAccessorImpl.invoke(DelegatingMethodAccessorImpl.java:43)
Caused by: com.kms.katalon.core.exception.StepFailedException: Text 'Amount is greater than maximum' is not present on page 
	... 24 more]]></system-err>
      </testcase>
      <testcase name="Test Cases/IntegratedWeb/IWP25/Error/MaxAmountErrorCorp" time="208.407" classname="Test Cases/IntegratedWeb/IWP25/Error/MaxAmountErrorCorp" status="FAILED">
         <failure type="FAILED" message="Test Cases/IntegratedWeb/IWP25/Error/MaxAmountErrorCorp FAILED.&#xa;Reason:&#xa;com.kms.katalon.core.exception.StepFailedException: Text 'Amount is greater than maximum' is not present on page  (Root cause: com.kms.katalon.core.exception.StepFailedException: Text 'Amount is greater than maximum' is not present on page &#xa;	at com.kms.katalon.core.webui.keyword.internal.WebUIKeywordMain.stepFailed(WebUIKeywordMain.groovy:64)&#xa;	at com.kms.katalon.core.webui.keyword.builtin.VerifyTextPresentKeyword$_verifyTextPresent_closure1.doCall(VerifyTextPresentKeyword.groovy:79)&#xa;	at com.kms.katalon.core.webui.keyword.builtin.VerifyTextPresentKeyword$_verifyTextPresent_closure1.call(VerifyTextPresentKeyword.groovy)&#xa;	at com.kms.katalon.core.webui.keyword.internal.WebUIKeywordMain.runKeyword(WebUIKeywordMain.groovy:20)&#xa;	at com.kms.katalon.core.webui.keyword.builtin.VerifyTextPresentKeyword.verifyTextPresent(VerifyTextPresentKeyword.groovy:83)&#xa;	at com.kms.katalon.core.webui.keyword.builtin.VerifyTextPresentKeyword.execute(VerifyTextPresentKeyword.groovy:68)&#xa;	at com.kms.katalon.core.keyword.internal.KeywordExecutor.executeKeywordForPlatform(KeywordExecutor.groovy:74)&#xa;	at com.kms.katalon.core.webui.keyword.WebUiBuiltInKeywords.verifyTextPresent(WebUiBuiltInKeywords.groovy:1762)&#xa;	at MaxAmountErrorCorp.run(MaxAmountErrorCorp:86)&#xa;	at com.kms.katalon.core.main.ScriptEngine.run(ScriptEngine.java:194)&#xa;	at com.kms.katalon.core.main.ScriptEngine.runScriptAsRawText(ScriptEngine.java:119)&#xa;	at com.kms.katalon.core.main.TestCaseExecutor.runScript(TestCaseExecutor.java:448)&#xa;	at com.kms.katalon.core.main.TestCaseExecutor.doExecute(TestCaseExecutor.java:439)&#xa;	at com.kms.katalon.core.main.TestCaseExecutor.processExecutionPhase(TestCaseExecutor.java:418)&#xa;	at com.kms.katalon.core.main.TestCaseExecutor.accessMainPhase(TestCaseExecutor.java:410)&#xa;	at com.kms.katalon.core.main.TestCaseExecutor.execute(TestCaseExecutor.java:285)&#xa;	at com.kms.katalon.core.common.CommonExecutor.accessTestCaseMainPhase(CommonExecutor.java:65)&#xa;	at com.kms.katalon.core.main.TestSuiteExecutor.accessTestSuiteMainPhase(TestSuiteExecutor.java:150)&#xa;	at com.kms.katalon.core.main.TestSuiteExecutor.execute(TestSuiteExecutor.java:106)&#xa;	at com.kms.katalon.core.main.TestCaseMain.startTestSuite(TestCaseMain.java:180)&#xa;	at TempTestSuite1729787045812.run(TempTestSuite1729787045812.groovy:35)&#xa;	at java.base/jdk.internal.reflect.NativeMethodAccessorImpl.invoke0(Native Method)&#xa;	at java.base/jdk.internal.reflect.NativeMethodAccessorImpl.invoke(NativeMethodAccessorImpl.java:77)&#xa;	at java.base/jdk.internal.reflect.DelegatingMethodAccessorImpl.invoke(DelegatingMethodAccessorImpl.java:43)&#xa;)&#xa;	at com.kms.katalon.core.keyword.internal.KeywordMain.stepFailed(KeywordMain.groovy:39)&#xa;	at com.kms.katalon.core.webui.keyword.internal.WebUIKeywordMain.stepFailed(WebUIKeywordMain.groovy:64)&#xa;	at com.kms.katalon.core.webui.keyword.builtin.VerifyTextPresentKeyword$_verifyTextPresent_closure1.doCall(VerifyTextPresentKeyword.groovy:79)&#xa;	at com.kms.katalon.core.webui.keyword.builtin.VerifyTextPresentKeyword$_verifyTextPresent_closure1.call(VerifyTextPresentKeyword.groovy)&#xa;	at com.kms.katalon.core.webui.keyword.internal.WebUIKeywordMain.runKeyword(WebUIKeywordMain.groovy:20)&#xa;	at com.kms.katalon.core.webui.keyword.builtin.VerifyTextPresentKeyword.verifyTextPresent(VerifyTextPresentKeyword.groovy:83)&#xa;	at com.kms.katalon.core.webui.keyword.builtin.VerifyTextPresentKeyword.execute(VerifyTextPresentKeyword.groovy:68)&#xa;	at com.kms.katalon.core.keyword.internal.KeywordExecutor.executeKeywordForPlatform(KeywordExecutor.groovy:74)&#xa;	at com.kms.katalon.core.webui.keyword.WebUiBuiltInKeywords.verifyTextPresent(WebUiBuiltInKeywords.groovy:1762)&#xa;	at MaxAmountErrorCorp.run(MaxAmountErrorCorp:86)&#xa;	at com.kms.katalon.core.main.ScriptEngine.run(ScriptEngine.java:194)&#xa;	at com.kms.katalon.core.main.ScriptEngine.runScriptAsRawText(ScriptEngine.java:119)&#xa;	at com.kms.katalon.core.main.TestCaseExecutor.runScript(TestCaseExecutor.java:448)&#xa;	at com.kms.katalon.core.main.TestCaseExecutor.doExecute(TestCaseExecutor.java:439)&#xa;	at com.kms.katalon.core.main.TestCaseExecutor.processExecutionPhase(TestCaseExecutor.java:418)&#xa;	at com.kms.katalon.core.main.TestCaseExecutor.accessMainPhase(TestCaseExecutor.java:410)&#xa;	at com.kms.katalon.core.main.TestCaseExecutor.execute(TestCaseExecutor.java:285)&#xa;	at com.kms.katalon.core.common.CommonExecutor.accessTestCaseMainPhase(CommonExecutor.java:65)&#xa;	at com.kms.katalon.core.main.TestSuiteExecutor.accessTestSuiteMainPhase(TestSuiteExecutor.java:150)&#xa;	at com.kms.katalon.core.main.TestSuiteExecutor.execute(TestSuiteExecutor.java:106)&#xa;	at com.kms.katalon.core.main.TestCaseMain.startTestSuite(TestCaseMain.java:180)&#xa;	at TempTestSuite1729787045812.run(TempTestSuite1729787045812.groovy:35)&#xa;	at java.base/jdk.internal.reflect.NativeMethodAccessorImpl.invoke0(Native Method)&#xa;	at java.base/jdk.internal.reflect.NativeMethodAccessorImpl.invoke(NativeMethodAccessorImpl.java:77)&#xa;	at java.base/jdk.internal.reflect.DelegatingMethodAccessorImpl.invoke(DelegatingMethodAccessorImpl.java:43)&#xa;Caused by: com.kms.katalon.core.exception.StepFailedException: Text 'Amount is greater than maximum' is not present on page &#xa;	... 24 more&#xa;"/>
         <system-out><![CDATA[25-10-2024T02:46:32 - [TEST_CASE][FAILED] - Test Cases/IntegratedWeb/IWP25/Error/MaxAmountErrorCorp: Test Cases/IntegratedWeb/IWP25/Error/MaxAmountErrorCorp FAILED.
Reason:
com.kms.katalon.core.exception.StepFailedException: Text 'Amount is greater than maximum' is not present on page  (Root cause: com.kms.katalon.core.exception.StepFailedException: Text 'Amount is greater than maximum' is not present on page 
	at com.kms.katalon.core.webui.keyword.internal.WebUIKeywordMain.stepFailed(WebUIKeywordMain.groovy:64)
	at com.kms.katalon.core.webui.keyword.builtin.VerifyTextPresentKeyword$_verifyTextPresent_closure1.doCall(VerifyTextPresentKeyword.groovy:79)
	at com.kms.katalon.core.webui.keyword.builtin.VerifyTextPresentKeyword$_verifyTextPresent_closure1.call(VerifyTextPresentKeyword.groovy)
	at com.kms.katalon.core.webui.keyword.internal.WebUIKeywordMain.runKeyword(WebUIKeywordMain.groovy:20)
	at com.kms.katalon.core.webui.keyword.builtin.VerifyTextPresentKeyword.verifyTextPresent(VerifyTextPresentKeyword.groovy:83)
	at com.kms.katalon.core.webui.keyword.builtin.VerifyTextPresentKeyword.execute(VerifyTextPresentKeyword.groovy:68)
	at com.kms.katalon.core.keyword.internal.KeywordExecutor.executeKeywordForPlatform(KeywordExecutor.groovy:74)
	at com.kms.katalon.core.webui.keyword.WebUiBuiltInKeywords.verifyTextPresent(WebUiBuiltInKeywords.groovy:1762)
	at MaxAmountErrorCorp.run(MaxAmountErrorCorp:86)
	at com.kms.katalon.core.main.ScriptEngine.run(ScriptEngine.java:194)
	at com.kms.katalon.core.main.ScriptEngine.runScriptAsRawText(ScriptEngine.java:119)
	at com.kms.katalon.core.main.TestCaseExecutor.runScript(TestCaseExecutor.java:448)
	at com.kms.katalon.core.main.TestCaseExecutor.doExecute(TestCaseExecutor.java:439)
	at com.kms.katalon.core.main.TestCaseExecutor.processExecutionPhase(TestCaseExecutor.java:418)
	at com.kms.katalon.core.main.TestCaseExecutor.accessMainPhase(TestCaseExecutor.java:410)
	at com.kms.katalon.core.main.TestCaseExecutor.execute(TestCaseExecutor.java:285)
	at com.kms.katalon.core.common.CommonExecutor.accessTestCaseMainPhase(CommonExecutor.java:65)
	at com.kms.katalon.core.main.TestSuiteExecutor.accessTestSuiteMainPhase(TestSuiteExecutor.java:150)
	at com.kms.katalon.core.main.TestSuiteExecutor.execute(TestSuiteExecutor.java:106)
	at com.kms.katalon.core.main.TestCaseMain.startTestSuite(TestCaseMain.java:180)
	at TempTestSuite1729787045812.run(TempTestSuite1729787045812.groovy:35)
	at java.base/jdk.internal.reflect.NativeMethodAccessorImpl.invoke0(Native Method)
	at java.base/jdk.internal.reflect.NativeMethodAccessorImpl.invoke(NativeMethodAccessorImpl.java:77)
	at java.base/jdk.internal.reflect.DelegatingMethodAccessorImpl.invoke(DelegatingMethodAccessorImpl.java:43)
)
	at com.kms.katalon.core.keyword.internal.KeywordMain.stepFailed(KeywordMain.groovy:39)
	at com.kms.katalon.core.webui.keyword.internal.WebUIKeywordMain.stepFailed(WebUIKeywordMain.groovy:64)
	at com.kms.katalon.core.webui.keyword.builtin.VerifyTextPresentKeyword$_verifyTextPresent_closure1.doCall(VerifyTextPresentKeyword.groovy:79)
	at com.kms.katalon.core.webui.keyword.builtin.VerifyTextPresentKeyword$_verifyTextPresent_closure1.call(VerifyTextPresentKeyword.groovy)
	at com.kms.katalon.core.webui.keyword.internal.WebUIKeywordMain.runKeyword(WebUIKeywordMain.groovy:20)
	at com.kms.katalon.core.webui.keyword.builtin.VerifyTextPresentKeyword.verifyTextPresent(VerifyTextPresentKeyword.groovy:83)
	at com.kms.katalon.core.webui.keyword.builtin.VerifyTextPresentKeyword.execute(VerifyTextPresentKeyword.groovy:68)
	at com.kms.katalon.core.keyword.internal.KeywordExecutor.executeKeywordForPlatform(KeywordExecutor.groovy:74)
	at com.kms.katalon.core.webui.keyword.WebUiBuiltInKeywords.verifyTextPresent(WebUiBuiltInKeywords.groovy:1762)
	at MaxAmountErrorCorp.run(MaxAmountErrorCorp:86)
	at com.kms.katalon.core.main.ScriptEngine.run(ScriptEngine.java:194)
	at com.kms.katalon.core.main.ScriptEngine.runScriptAsRawText(ScriptEngine.java:119)
	at com.kms.katalon.core.main.TestCaseExecutor.runScript(TestCaseExecutor.java:448)
	at com.kms.katalon.core.main.TestCaseExecutor.doExecute(TestCaseExecutor.java:439)
	at com.kms.katalon.core.main.TestCaseExecutor.processExecutionPhase(TestCaseExecutor.java:418)
	at com.kms.katalon.core.main.TestCaseExecutor.accessMainPhase(TestCaseExecutor.java:410)
	at com.kms.katalon.core.main.TestCaseExecutor.execute(TestCaseExecutor.java:285)
	at com.kms.katalon.core.common.CommonExecutor.accessTestCaseMainPhase(CommonExecutor.java:65)
	at com.kms.katalon.core.main.TestSuiteExecutor.accessTestSuiteMainPhase(TestSuiteExecutor.java:150)
	at com.kms.katalon.core.main.TestSuiteExecutor.execute(TestSuiteExecutor.java:106)
	at com.kms.katalon.core.main.TestCaseMain.startTestSuite(TestCaseMain.java:180)
	at TempTestSuite1729787045812.run(TempTestSuite1729787045812.groovy:35)
	at java.base/jdk.internal.reflect.NativeMethodAccessorImpl.invoke0(Native Method)
	at java.base/jdk.internal.reflect.NativeMethodAccessorImpl.invoke(NativeMethodAccessorImpl.java:77)
	at java.base/jdk.internal.reflect.DelegatingMethodAccessorImpl.invoke(DelegatingMethodAccessorImpl.java:43)
Caused by: com.kms.katalon.core.exception.StepFailedException: Text 'Amount is greater than maximum' is not present on page 
	... 24 more


25-10-2024T02:46:32 - [TEST_STEP][PASSED] - resText = "Fail": null

25-10-2024T02:46:32 - [TEST_STEP][PASSED] - resColumn = "Result": null

25-10-2024T02:46:32 - [TEST_STEP][PASSED] - datCloumn = "Date": null

25-10-2024T02:46:32 - [TEST_STEP][PASSED] - fileLoc = "KatalonData/IWPTestData/VRelay25Payments.xlsx": null

25-10-2024T02:46:32 - [TEST_STEP][PASSED] - numOfRows = <not implemented yet for class: org.codehaus.groovy.ast.expr.EmptyExpression>: null

25-10-2024T02:46:32 - [TEST_STEP][PASSED] - dataFile = <not implemented yet for class: org.codehaus.groovy.ast.expr.EmptyExpression>: null

25-10-2024T02:46:32 - [TEST_STEP][PASSED] - nameSheet = <not implemented yet for class: org.codehaus.groovy.ast.expr.EmptyExpression>: null

25-10-2024T02:46:32 - [TEST_STEP][PASSED] - dataFileEmulator = <not implemented yet for class: org.codehaus.groovy.ast.expr.EmptyExpression>: null

25-10-2024T02:46:32 - [TEST_STEP][PASSED] - nameSheet = "MaxAmountErrorCorp": null

25-10-2024T02:46:32 - [TEST_STEP][PASSED] - dataFile = "IWPTestData/IWP25MaxAmountErrorCorp": null

25-10-2024T02:46:32 - [TEST_STEP][PASSED] - dataFileEmulator = "IWPTestData/EmulatorData": null

25-10-2024T02:46:32 - [TEST_STEP][PASSED] - numOfRows = findTestData(dataFile).getRowNumbers(): null

25-10-2024T02:46:32 - [TEST_STEP][PASSED] - println("Number of Records: " + numOfRows): null

25-10-2024T02:46:32 - [TEST_STEP][FAILED] - for ([row = 1, row <= numOfRows, (row++)]): null

25-10-2024T02:46:32 - [TEST_STEP][PASSED] - ExecuteTC = findTestData(dataFile).getValue("Execute", row): null

25-10-2024T02:46:33 - [TEST_STEP][PASSED] - out.println("Value of Execute is : " + ExecuteTC): null

25-10-2024T02:46:33 - [TEST_STEP][PASSED] - if (ExecuteTC.equalsIgnoreCase("Y")): null

25-10-2024T02:46:33 - [TEST_STEP][PASSED] - out.println("Begin Record Number: " + row): null

25-10-2024T02:46:33 - [TEST_STEP][PASSED] - today = new java.util.Date(): null

25-10-2024T02:46:33 - [TEST_STEP][PASSED] - println(today): null

25-10-2024T02:46:33 - [TEST_STEP][PASSED] - datText = today: null

25-10-2024T02:46:33 - [TEST_STEP][PASSED] - EmulatorDataKey = findTestData(dataFile).getValue("EmulatorData", row): null

25-10-2024T02:46:33 - [TEST_STEP][PASSED] - out.println("Value of Emulator Key is : " + EmulatorDataKey): null

25-10-2024T02:46:33 - [TEST_STEP][PASSED] - iwpPages.emulatorIWP30.setDataEmulator_DD(EmulatorDataKey): iwpPages.emulatorIWP30.setDataEmulator_DD is PASSED

25-10-2024T02:46:33 - [MESSAGE][INFO] - Starting 'Edge Chromium' driver

25-10-2024T02:46:33 - [MESSAGE][INFO] - User set preference: ['acceptInsecureCerts', 'true']

25-10-2024T02:46:35 - [MESSAGE][INFO] - Action delay is set to 0 milliseconds

25-10-2024T02:46:39 - [MESSAGE][PASSED] - Browser is opened with url: 'https://qa2.velocitypayment.com/agencyx/config.action?action=editor&message_version=2_5'

25-10-2024T02:46:39 - [MESSAGE][PASSED] - Current window maximized

25-10-2024T02:47:10 - [MESSAGE][INFO] - Unable to find the element located by 'By.xpath: //select[@name='message_version']'. Please recheck the objects properties to make sure the desired element is located. 

25-10-2024T02:47:10 - [MESSAGE][WARNING] - [SELF-HEALING] Failed to find element with id 'Object Repository/IWP30/Page_VRelay30Emulator/MV'. Try using Self-healing.

25-10-2024T02:47:10 - [MESSAGE][WARNING] - [SELF-HEALING] The current locator of test object 'Object Repository/IWP30/Page_VRelay30Emulator/MV' was broken. Propose an alternative one: '(.//*[normalize-space(text()) and normalize-space(.)='Message Version'])[1]/following::select[1]'.

25-10-2024T02:47:11 - [MESSAGE][PASSED] - All options with value '2.5' are selected in object 'Object Repository/IWP30/Page_VRelay30Emulator/MV'  using regular expression

25-10-2024T02:47:12 - [MESSAGE][PASSED] - Text '10.50' is set on object 'Object Repository/IWP30/Page_EmulatorAgencyX/Amount'

25-10-2024T02:47:12 - [MESSAGE][PASSED] - Text 'rAEEkBAIrC8L' is set on object 'Object Repository/IWP30/Page_EmulatorAgencyX/CAN'

25-10-2024T02:47:13 - [MESSAGE][PASSED] - Text 'PayNow' is set on object 'Object Repository/IWP30/Page_EmulatorAgencyX/Action'

25-10-2024T02:47:13 - [MESSAGE][PASSED] - Text 'en_US' is set on object 'Object Repository/IWP30/Page_EmulatorAgencyX/Lang'

25-10-2024T02:47:14 - [MESSAGE][PASSED] - Text '' is set on object 'Object Repository/IWP30/Page_EmulatorAgencyX/Fname'

25-10-2024T02:47:14 - [MESSAGE][PASSED] - Text '' is set on object 'Object Repository/IWP30/Page_EmulatorAgencyX/Lname'

25-10-2024T02:47:15 - [MESSAGE][PASSED] - Text '' is set on object 'Object Repository/IWP30/Page_EmulatorAgencyX/AL1'

25-10-2024T02:47:16 - [MESSAGE][PASSED] - Text '' is set on object 'Object Repository/IWP30/Page_EmulatorAgencyX/AL2'

25-10-2024T02:47:16 - [MESSAGE][PASSED] - Text '' is set on object 'Object Repository/IWP30/Page_EmulatorAgencyX/Country'

25-10-2024T02:47:17 - [MESSAGE][PASSED] - Text '' is set on object 'Object Repository/IWP30/Page_EmulatorAgencyX/City'

25-10-2024T02:47:17 - [MESSAGE][PASSED] - Text '' is set on object 'Object Repository/IWP30/Page_EmulatorAgencyX/State'

25-10-2024T02:47:18 - [MESSAGE][PASSED] - Text '' is set on object 'Object Repository/IWP30/Page_EmulatorAgencyX/ZIP'

25-10-2024T02:47:18 - [MESSAGE][PASSED] - Text '' is set on object 'Object Repository/IWP30/Page_EmulatorAgencyX/Order'

25-10-2024T02:47:19 - [MESSAGE][PASSED] - Text '' is set on object 'Object Repository/IWP30/Page_EmulatorAgencyX/Company'

25-10-2024T02:47:20 - [MESSAGE][PASSED] - Text '' is set on object 'Object Repository/IWP30/Page_EmulatorAgencyX/Email'

25-10-2024T02:47:20 - [MESSAGE][PASSED] - Text '' is set on object 'Object Repository/IWP30/Page_EmulatorAgencyX/UDF1'

25-10-2024T02:47:21 - [MESSAGE][PASSED] - Text '' is set on object 'Object Repository/IWP30/Page_EmulatorAgencyX/UDF2'

25-10-2024T02:47:21 - [MESSAGE][PASSED] - Text '' is set on object 'Object Repository/IWP30/Page_EmulatorAgencyX/UDF3'

25-10-2024T02:47:22 - [MESSAGE][PASSED] - Text 'udf data 4' is set on object 'Object Repository/IWP30/Page_EmulatorAgencyX/UDF4'

25-10-2024T02:47:23 - [MESSAGE][PASSED] - Text 'udf data 5' is set on object 'Object Repository/IWP30/Page_EmulatorAgencyX/UDF5'

25-10-2024T02:47:23 - [MESSAGE][PASSED] - Text '' is set on object 'Object Repository/IWP30/Page_EmulatorAgencyX/UDF6'

25-10-2024T02:47:24 - [MESSAGE][PASSED] - Text '' is set on object 'Object Repository/IWP30/Page_EmulatorAgencyX/UDF7'

25-10-2024T02:47:24 - [MESSAGE][PASSED] - Text '' is set on object 'Object Repository/IWP30/Page_EmulatorAgencyX/UDF8'

25-10-2024T02:47:25 - [MESSAGE][PASSED] - Text 'udf data 9' is set on object 'Object Repository/IWP30/Page_EmulatorAgencyX/UDF9'

25-10-2024T02:47:25 - [MESSAGE][PASSED] - Text 'udf data 10' is set on object 'Object Repository/IWP30/Page_EmulatorAgencyX/UDF10'

25-10-2024T02:47:27 - [MESSAGE][PASSED] - Object: 'Object Repository/IWP30/Page_EmulatorAgencyX/Submit' is clicked on

25-10-2024T02:47:31 - [MESSAGE][PASSED] - Browser is closed

25-10-2024T02:47:35 - [MESSAGE][PASSED] - iwpPages.emulatorIWP30.setDataEmulator_DD is PASSED

25-10-2024T02:47:35 - [TEST_STEP][PASSED] - testHarnessURL = urlTestHarness: null

25-10-2024T02:47:35 - [TEST_STEP][PASSED] - openBrowser(testHarnessURL): Browser is opened with url: 'https://dev-algorithm.govolution.com/vrelaytest/QA2/version_2_2/vrelaytest.html'

25-10-2024T02:47:35 - [MESSAGE][INFO] - Starting 'Edge Chromium' driver

25-10-2024T02:47:35 - [MESSAGE][INFO] - User set preference: ['acceptInsecureCerts', 'true']

25-10-2024T02:47:37 - [MESSAGE][INFO] - Action delay is set to 0 milliseconds

25-10-2024T02:47:41 - [MESSAGE][PASSED] - Browser is opened with url: 'https://dev-algorithm.govolution.com/vrelaytest/QA2/version_2_2/vrelaytest.html'

25-10-2024T02:47:41 - [TEST_STEP][PASSED] - maximizeWindow(): Current window maximized

25-10-2024T02:47:41 - [MESSAGE][PASSED] - Current window maximized

25-10-2024T02:47:41 - [TEST_STEP][PASSED] - iwpPages.TestHarnessPage.setDataMethod(row, dataFile): iwpPages.TestHarnessPage.setDataMethod is PASSED

25-10-2024T02:47:41 - [MESSAGE][PASSED] - Object 'Object Repository/IWP30/Page_QATestHarness/RemittanceID' is present

25-10-2024T02:47:42 - [MESSAGE][PASSED] - Text '638' is set on object 'Object Repository/IWP30/Page_QATestHarness/ApplicationID'

25-10-2024T02:47:43 - [MESSAGE][PASSED] - Text '2.5' is set on object 'Object Repository/IWP30/Page_QATestHarness/MessageVersion'

25-10-2024T02:47:43 - [MESSAGE][PASSED] - Text 'U3RgRuwEp2GD' is set on object 'Object Repository/IWP30/Page_QATestHarness/RemittanceID'

25-10-2024T02:47:48 - [MESSAGE][PASSED] - Object: 'Object Repository/IWP30/Page_QATestHarness/SubmitButton' is clicked on

25-10-2024T02:47:48 - [MESSAGE][PASSED] - iwpPages.TestHarnessPage.setDataMethod is PASSED

25-10-2024T02:47:48 - [TEST_STEP][PASSED] - click(findTestObject("Object Repository/IWP30/Page_SelectPaymentMethod/PayByCorporateCheck")): Object: 'Object Repository/IWP30/Page_SelectPaymentMethod/PayByCorporateCheck' is clicked on

25-10-2024T02:47:49 - [MESSAGE][PASSED] - Object: 'Object Repository/IWP30/Page_SelectPaymentMethod/PayByCorporateCheck' is clicked on

25-10-2024T02:47:49 - [TEST_STEP][PASSED] - click(findTestObject("Object Repository/IWP30/Page_SelectPaymentMethod/MakePaymentButton")): Object: 'Object Repository/IWP30/Page_SelectPaymentMethod/MakePaymentButton' is clicked on

25-10-2024T02:47:51 - [MESSAGE][PASSED] - Object: 'Object Repository/IWP30/Page_SelectPaymentMethod/MakePaymentButton' is clicked on

25-10-2024T02:47:51 - [TEST_STEP][PASSED] - iwpPages.achCorporatePaymentEntryPage.setDataCorporate(row, dataFile): iwpPages.achCorporatePaymentEntryPage.setDataCorporate is PASSED

25-10-2024T02:47:52 - [MESSAGE][PASSED] - Object 'Object Repository/IWP30/Page_ACHCorporatePaymentEntry/txt_accountNumber' is present

25-10-2024T02:47:53 - [MESSAGE][PASSED] - Object 'Object Repository/IWP30/Page_ACHCorporatePaymentEntry/input_CompanyName' is present

25-10-2024T02:47:53 - [MESSAGE][PASSED] - Text 'My Company' is set on object 'Object Repository/IWP30/Page_ACHCorporatePaymentEntry/input_CompanyName'

25-10-2024T02:47:53 - [MESSAGE][PASSED] - Object 'Object Repository/IWP30/Page_ACHCorporatePaymentEntry/input_EIN' is present

25-10-2024T02:47:54 - [MESSAGE][PASSED] - Text '123456789' is set on object 'Object Repository/IWP30/Page_ACHCorporatePaymentEntry/input_EIN'

25-10-2024T02:47:55 - [MESSAGE][PASSED] - Text '200.50' is set on object 'Object Repository/IWP30/Page_ACHCorporatePaymentEntry/txt_Amount'

25-10-2024T02:47:55 - [MESSAGE][PASSED] - Text 'udf data 2' is set on object 'Object Repository/IWP30/Page_ACHCorporatePaymentEntry/txt_UDF2'

25-10-2024T02:47:56 - [MESSAGE][PASSED] - Text 'udf data 3' is set on object 'Object Repository/IWP30/Page_ACHCorporatePaymentEntry/txt_UDF3'

25-10-2024T02:47:56 - [MESSAGE][PASSED] - All options with label 'Orange' are selected in object 'Object Repository/IWP30/Page_ACHCorporatePaymentEntry/dd_UDF7' 

25-10-2024T02:47:57 - [MESSAGE][PASSED] - All options with label 'Soccer' are selected in object 'Object Repository/IWP30/Page_ACHCorporatePaymentEntry/dd_UDF8' 

25-10-2024T02:47:57 - [MESSAGE][PASSED] - Object 'Object Repository/IWP30/Page_ACHCorporatePaymentEntry/txt_routingNumber' is present

25-10-2024T02:47:58 - [MESSAGE][PASSED] - Text '256072691' is set on object 'Object Repository/IWP30/Page_ACHCorporatePaymentEntry/txt_routingNumber'

25-10-2024T02:47:58 - [MESSAGE][PASSED] - Object 'Object Repository/IWP30/Page_ACHCorporatePaymentEntry/txt_accountNumber' is present

25-10-2024T02:47:59 - [MESSAGE][PASSED] - Text '12344444' is set on object 'Object Repository/IWP30/Page_ACHCorporatePaymentEntry/txt_accountNumber'

25-10-2024T02:48:00 - [MESSAGE][PASSED] - Object 'Object Repository/IWP30/Page_ACHCorporatePaymentEntry/txt_confirmAccountNumber' is present

25-10-2024T02:48:00 - [MESSAGE][PASSED] - Text '12344444' is set on object 'Object Repository/IWP30/Page_ACHCorporatePaymentEntry/txt_confirmAccountNumber'

25-10-2024T02:48:01 - [MESSAGE][PASSED] - Text '365 Main Avenue' is set on object 'Object Repository/IWP30/Page_ACHCorporatePaymentEntry/txt_AL1'

25-10-2024T02:48:02 - [MESSAGE][PASSED] - Text '22201' is set on object 'Object Repository/IWP30/Page_ACHCorporatePaymentEntry/txt_ZIP'

25-10-2024T02:48:02 - [MESSAGE][PASSED] - Object 'Object Repository/IWP30/Page_ACHCorporatePaymentEntry/txt_Email' is present

25-10-2024T02:48:03 - [MESSAGE][PASSED] - Text 'iahmed@govolution.com' is set on object 'Object Repository/IWP30/Page_ACHCorporatePaymentEntry/txt_Email'

25-10-2024T02:48:04 - [MESSAGE][PASSED] - Object 'Object Repository/IWP30/Page_ACHCorporatePaymentEntry/cb_TermsAndCond' is present

25-10-2024T02:48:04 - [MESSAGE][PASSED] - Object: 'Object Repository/IWP30/Page_ACHCorporatePaymentEntry/cb_TermsAndCond' is clicked on

25-10-2024T02:48:04 - [MESSAGE][PASSED] - Object 'Object Repository/IWP30/Page_ACHCorporatePaymentEntry/btn_Continue' is present

25-10-2024T02:48:06 - [MESSAGE][PASSED] - Object: 'Object Repository/IWP30/Page_ACHCorporatePaymentEntry/btn_Continue' is clicked on

25-10-2024T02:48:06 - [MESSAGE][PASSED] - iwpPages.achCorporatePaymentEntryPage.setDataCorporate is PASSED

25-10-2024T02:48:06 - [TEST_STEP][PASSED] - Thread.sleep(10000): null

25-10-2024T02:48:16 - [TEST_STEP][PASSED] - if (verifyTextPresent("Amount is greater than maximum", false)): null

25-10-2024T02:48:17 - [MESSAGE][PASSED] - Text 'Amount is greater than maximum' is present on page 

25-10-2024T02:48:17 - [TEST_STEP][PASSED] - println("Max Amount Error message shown"): null

25-10-2024T02:48:17 - [TEST_STEP][PASSED] - markPassed("Max Amount Error message shown"): Max Amount Error message shown

25-10-2024T02:48:17 - [MESSAGE][PASSED] - Max Amount Error message shown

25-10-2024T02:48:17 - [TEST_STEP][PASSED] - resText = "Pass": null

25-10-2024T02:48:17 - [TEST_STEP][PASSED] - pages.WriteExcel.demoKey(resText, datText, resColumn, datCloumn, fileLoc, nameSheet, row): pages.WriteExcel.demoKey is PASSED

25-10-2024T02:48:17 - [MESSAGE][PASSED] - pages.WriteExcel.demoKey is PASSED

25-10-2024T02:48:17 - [TEST_STEP][PASSED] - closeBrowser(): Browser is closed

25-10-2024T02:48:18 - [MESSAGE][PASSED] - Browser is closed

25-10-2024T02:48:18 - [TEST_STEP][PASSED] - ExecuteTC = findTestData(dataFile).getValue("Execute", row): null

25-10-2024T02:48:18 - [TEST_STEP][PASSED] - out.println("Value of Execute is : " + ExecuteTC): null

25-10-2024T02:48:18 - [TEST_STEP][FAILED] - if (ExecuteTC.equalsIgnoreCase("Y")): null

25-10-2024T02:48:18 - [TEST_STEP][PASSED] - out.println("Begin Record Number: " + row): null

25-10-2024T02:48:18 - [TEST_STEP][PASSED] - today = new java.util.Date(): null

25-10-2024T02:48:18 - [TEST_STEP][PASSED] - println(today): null

25-10-2024T02:48:18 - [TEST_STEP][PASSED] - datText = today: null

25-10-2024T02:48:18 - [TEST_STEP][PASSED] - EmulatorDataKey = findTestData(dataFile).getValue("EmulatorData", row): null

25-10-2024T02:48:18 - [TEST_STEP][PASSED] - out.println("Value of Emulator Key is : " + EmulatorDataKey): null

25-10-2024T02:48:18 - [TEST_STEP][PASSED] - iwpPages.emulatorIWP30.setDataEmulator_DD(EmulatorDataKey): iwpPages.emulatorIWP30.setDataEmulator_DD is PASSED

25-10-2024T02:48:18 - [MESSAGE][INFO] - Starting 'Edge Chromium' driver

25-10-2024T02:48:18 - [MESSAGE][INFO] - User set preference: ['acceptInsecureCerts', 'true']

25-10-2024T02:48:20 - [MESSAGE][INFO] - Action delay is set to 0 milliseconds

25-10-2024T02:48:25 - [MESSAGE][PASSED] - Browser is opened with url: 'https://qa2.velocitypayment.com/agencyx/config.action?action=editor&message_version=3_0'

25-10-2024T02:48:25 - [MESSAGE][PASSED] - Current window maximized

25-10-2024T02:48:56 - [MESSAGE][INFO] - Unable to find the element located by 'By.xpath: //select[@name='message_version']'. Please recheck the objects properties to make sure the desired element is located. 

25-10-2024T02:48:56 - [MESSAGE][WARNING] - [SELF-HEALING] Failed to find element with id 'Object Repository/IWP30/Page_VRelay30Emulator/MV'. Try using Self-healing.

25-10-2024T02:48:56 - [MESSAGE][WARNING] - [SELF-HEALING] The current locator of test object 'Object Repository/IWP30/Page_VRelay30Emulator/MV' was broken. Propose an alternative one: '(.//*[normalize-space(text()) and normalize-space(.)='Message Version'])[1]/following::select[1]'.

25-10-2024T02:48:57 - [MESSAGE][PASSED] - All options with value '3.0' are selected in object 'Object Repository/IWP30/Page_VRelay30Emulator/MV'  using regular expression

25-10-2024T02:48:58 - [MESSAGE][PASSED] - Text '10.50' is set on object 'Object Repository/IWP30/Page_EmulatorAgencyX/Amount'

25-10-2024T02:48:58 - [MESSAGE][PASSED] - Text 'Q27Li8Emxdaf' is set on object 'Object Repository/IWP30/Page_EmulatorAgencyX/CAN'

25-10-2024T02:48:59 - [MESSAGE][PASSED] - Text 'PayNow' is set on object 'Object Repository/IWP30/Page_EmulatorAgencyX/Action'

25-10-2024T02:48:59 - [MESSAGE][PASSED] - Text 'en_US' is set on object 'Object Repository/IWP30/Page_EmulatorAgencyX/Lang'

25-10-2024T02:49:00 - [MESSAGE][PASSED] - Text '' is set on object 'Object Repository/IWP30/Page_EmulatorAgencyX/Fname'

25-10-2024T02:49:01 - [MESSAGE][PASSED] - Text '' is set on object 'Object Repository/IWP30/Page_EmulatorAgencyX/Lname'

25-10-2024T02:49:01 - [MESSAGE][PASSED] - Text '' is set on object 'Object Repository/IWP30/Page_EmulatorAgencyX/AL1'

25-10-2024T02:49:02 - [MESSAGE][PASSED] - Text '' is set on object 'Object Repository/IWP30/Page_EmulatorAgencyX/AL2'

25-10-2024T02:49:02 - [MESSAGE][PASSED] - Text '' is set on object 'Object Repository/IWP30/Page_EmulatorAgencyX/Country'

25-10-2024T02:49:03 - [MESSAGE][PASSED] - Text '' is set on object 'Object Repository/IWP30/Page_EmulatorAgencyX/City'

25-10-2024T02:49:03 - [MESSAGE][PASSED] - Text '' is set on object 'Object Repository/IWP30/Page_EmulatorAgencyX/State'

25-10-2024T02:49:04 - [MESSAGE][PASSED] - Text '' is set on object 'Object Repository/IWP30/Page_EmulatorAgencyX/ZIP'

25-10-2024T02:49:05 - [MESSAGE][PASSED] - Text '' is set on object 'Object Repository/IWP30/Page_EmulatorAgencyX/Order'

25-10-2024T02:49:05 - [MESSAGE][PASSED] - Text '' is set on object 'Object Repository/IWP30/Page_EmulatorAgencyX/Company'

25-10-2024T02:49:06 - [MESSAGE][PASSED] - Text '' is set on object 'Object Repository/IWP30/Page_EmulatorAgencyX/Email'

25-10-2024T02:49:06 - [MESSAGE][PASSED] - Text '' is set on object 'Object Repository/IWP30/Page_EmulatorAgencyX/UDF1'

25-10-2024T02:49:07 - [MESSAGE][PASSED] - Text '' is set on object 'Object Repository/IWP30/Page_EmulatorAgencyX/UDF2'

25-10-2024T02:49:07 - [MESSAGE][PASSED] - Text '' is set on object 'Object Repository/IWP30/Page_EmulatorAgencyX/UDF3'

25-10-2024T02:49:08 - [MESSAGE][PASSED] - Text 'udf data 4' is set on object 'Object Repository/IWP30/Page_EmulatorAgencyX/UDF4'

25-10-2024T02:49:09 - [MESSAGE][PASSED] - Text 'udf data 5' is set on object 'Object Repository/IWP30/Page_EmulatorAgencyX/UDF5'

25-10-2024T02:49:09 - [MESSAGE][PASSED] - Text '' is set on object 'Object Repository/IWP30/Page_EmulatorAgencyX/UDF6'

25-10-2024T02:49:10 - [MESSAGE][PASSED] - Text '' is set on object 'Object Repository/IWP30/Page_EmulatorAgencyX/UDF7'

25-10-2024T02:49:10 - [MESSAGE][PASSED] - Text '' is set on object 'Object Repository/IWP30/Page_EmulatorAgencyX/UDF8'

25-10-2024T02:49:11 - [MESSAGE][PASSED] - Text 'udf data 9' is set on object 'Object Repository/IWP30/Page_EmulatorAgencyX/UDF9'

25-10-2024T02:49:12 - [MESSAGE][PASSED] - Text 'udf data 10' is set on object 'Object Repository/IWP30/Page_EmulatorAgencyX/UDF10'

25-10-2024T02:49:13 - [MESSAGE][PASSED] - Object: 'Object Repository/IWP30/Page_EmulatorAgencyX/Submit' is clicked on

25-10-2024T02:49:17 - [MESSAGE][PASSED] - Browser is closed

25-10-2024T02:49:21 - [MESSAGE][PASSED] - iwpPages.emulatorIWP30.setDataEmulator_DD is PASSED

25-10-2024T02:49:21 - [TEST_STEP][PASSED] - testHarnessURL = urlTestHarness: null

25-10-2024T02:49:21 - [TEST_STEP][PASSED] - openBrowser(testHarnessURL): Browser is opened with url: 'https://dev-algorithm.govolution.com/vrelaytest/QA2/version_2_2/vrelaytest.html'

25-10-2024T02:49:21 - [MESSAGE][INFO] - Starting 'Edge Chromium' driver

25-10-2024T02:49:21 - [MESSAGE][INFO] - User set preference: ['acceptInsecureCerts', 'true']

25-10-2024T02:49:24 - [MESSAGE][INFO] - Action delay is set to 0 milliseconds

25-10-2024T02:49:27 - [MESSAGE][PASSED] - Browser is opened with url: 'https://dev-algorithm.govolution.com/vrelaytest/QA2/version_2_2/vrelaytest.html'

25-10-2024T02:49:27 - [TEST_STEP][PASSED] - maximizeWindow(): Current window maximized

25-10-2024T02:49:28 - [MESSAGE][PASSED] - Current window maximized

25-10-2024T02:49:28 - [TEST_STEP][PASSED] - iwpPages.TestHarnessPage.setDataMethod(row, dataFile): iwpPages.TestHarnessPage.setDataMethod is PASSED

25-10-2024T02:49:28 - [MESSAGE][PASSED] - Object 'Object Repository/IWP30/Page_QATestHarness/RemittanceID' is present

25-10-2024T02:49:29 - [MESSAGE][PASSED] - Text '649' is set on object 'Object Repository/IWP30/Page_QATestHarness/ApplicationID'

25-10-2024T02:49:29 - [MESSAGE][PASSED] - Text '3.0' is set on object 'Object Repository/IWP30/Page_QATestHarness/MessageVersion'

25-10-2024T02:49:30 - [MESSAGE][PASSED] - Text 'ZHoM1ugVV3JG' is set on object 'Object Repository/IWP30/Page_QATestHarness/RemittanceID'

25-10-2024T02:49:33 - [MESSAGE][PASSED] - Object: 'Object Repository/IWP30/Page_QATestHarness/SubmitButton' is clicked on

25-10-2024T02:49:33 - [MESSAGE][PASSED] - iwpPages.TestHarnessPage.setDataMethod is PASSED

25-10-2024T02:49:33 - [TEST_STEP][PASSED] - click(findTestObject("Object Repository/IWP30/Page_SelectPaymentMethod/PayByCorporateCheck")): Object: 'Object Repository/IWP30/Page_SelectPaymentMethod/PayByCorporateCheck' is clicked on

25-10-2024T02:49:34 - [MESSAGE][PASSED] - Object: 'Object Repository/IWP30/Page_SelectPaymentMethod/PayByCorporateCheck' is clicked on

25-10-2024T02:49:34 - [TEST_STEP][PASSED] - click(findTestObject("Object Repository/IWP30/Page_SelectPaymentMethod/MakePaymentButton")): Object: 'Object Repository/IWP30/Page_SelectPaymentMethod/MakePaymentButton' is clicked on

25-10-2024T02:49:36 - [MESSAGE][PASSED] - Object: 'Object Repository/IWP30/Page_SelectPaymentMethod/MakePaymentButton' is clicked on

25-10-2024T02:49:36 - [TEST_STEP][PASSED] - iwpPages.achCorporatePaymentEntryPage.setDataCorporate(row, dataFile): iwpPages.achCorporatePaymentEntryPage.setDataCorporate is PASSED

25-10-2024T02:49:37 - [MESSAGE][PASSED] - Object 'Object Repository/IWP30/Page_ACHCorporatePaymentEntry/txt_accountNumber' is present

25-10-2024T02:49:38 - [MESSAGE][PASSED] - Object 'Object Repository/IWP30/Page_ACHCorporatePaymentEntry/input_CompanyName' is present

25-10-2024T02:49:38 - [MESSAGE][PASSED] - Text 'My Company' is set on object 'Object Repository/IWP30/Page_ACHCorporatePaymentEntry/input_CompanyName'

25-10-2024T02:49:38 - [MESSAGE][PASSED] - Object 'Object Repository/IWP30/Page_ACHCorporatePaymentEntry/input_EIN' is present

25-10-2024T02:49:39 - [MESSAGE][PASSED] - Text '123456789' is set on object 'Object Repository/IWP30/Page_ACHCorporatePaymentEntry/input_EIN'

25-10-2024T02:49:40 - [MESSAGE][PASSED] - Text '200.50' is set on object 'Object Repository/IWP30/Page_ACHCorporatePaymentEntry/txt_Amount'

25-10-2024T02:49:40 - [MESSAGE][PASSED] - Text 'udf data 2' is set on object 'Object Repository/IWP30/Page_ACHCorporatePaymentEntry/txt_UDF2'

25-10-2024T02:49:41 - [MESSAGE][PASSED] - Text 'udf data 3' is set on object 'Object Repository/IWP30/Page_ACHCorporatePaymentEntry/txt_UDF3'

25-10-2024T02:49:41 - [MESSAGE][PASSED] - All options with label 'Orange' are selected in object 'Object Repository/IWP30/Page_ACHCorporatePaymentEntry/dd_UDF7' 

25-10-2024T02:49:42 - [MESSAGE][PASSED] - All options with label 'Soccer' are selected in object 'Object Repository/IWP30/Page_ACHCorporatePaymentEntry/dd_UDF8' 

25-10-2024T02:49:42 - [MESSAGE][PASSED] - Object 'Object Repository/IWP30/Page_ACHCorporatePaymentEntry/txt_routingNumber' is present

25-10-2024T02:49:43 - [MESSAGE][PASSED] - Text '256072691' is set on object 'Object Repository/IWP30/Page_ACHCorporatePaymentEntry/txt_routingNumber'

25-10-2024T02:49:43 - [MESSAGE][PASSED] - Object 'Object Repository/IWP30/Page_ACHCorporatePaymentEntry/txt_accountNumber' is present

25-10-2024T02:49:44 - [MESSAGE][PASSED] - Text '12344444' is set on object 'Object Repository/IWP30/Page_ACHCorporatePaymentEntry/txt_accountNumber'

25-10-2024T02:49:44 - [MESSAGE][PASSED] - Object 'Object Repository/IWP30/Page_ACHCorporatePaymentEntry/txt_confirmAccountNumber' is present

25-10-2024T02:49:45 - [MESSAGE][PASSED] - Text '12344444' is set on object 'Object Repository/IWP30/Page_ACHCorporatePaymentEntry/txt_confirmAccountNumber'

25-10-2024T02:49:46 - [MESSAGE][PASSED] - Text '365 Main Avenue' is set on object 'Object Repository/IWP30/Page_ACHCorporatePaymentEntry/txt_AL1'

25-10-2024T02:49:46 - [MESSAGE][PASSED] - Text '22201' is set on object 'Object Repository/IWP30/Page_ACHCorporatePaymentEntry/txt_ZIP'

25-10-2024T02:49:47 - [MESSAGE][PASSED] - Object 'Object Repository/IWP30/Page_ACHCorporatePaymentEntry/txt_Email' is present

25-10-2024T02:49:47 - [MESSAGE][PASSED] - Text 'iahmed@govolution.com' is set on object 'Object Repository/IWP30/Page_ACHCorporatePaymentEntry/txt_Email'

25-10-2024T02:49:48 - [MESSAGE][PASSED] - Object 'Object Repository/IWP30/Page_ACHCorporatePaymentEntry/cb_TermsAndCond' is present

25-10-2024T02:49:48 - [MESSAGE][PASSED] - Object: 'Object Repository/IWP30/Page_ACHCorporatePaymentEntry/cb_TermsAndCond' is clicked on

25-10-2024T02:49:48 - [MESSAGE][PASSED] - Object 'Object Repository/IWP30/Page_ACHCorporatePaymentEntry/btn_Continue' is present

25-10-2024T02:49:50 - [MESSAGE][PASSED] - Object: 'Object Repository/IWP30/Page_ACHCorporatePaymentEntry/btn_Continue' is clicked on

25-10-2024T02:49:50 - [MESSAGE][PASSED] - iwpPages.achCorporatePaymentEntryPage.setDataCorporate is PASSED

25-10-2024T02:49:50 - [TEST_STEP][PASSED] - Thread.sleep(10000): null

25-10-2024T02:50:00 - [TEST_STEP][FAILED] - if (verifyTextPresent("Amount is greater than maximum", false)): Text 'Amount is greater than maximum' is not present on page  (Root cause: com.kms.katalon.core.exception.StepFailedException: Text 'Amount is greater than maximum' is not present on page 
	at com.kms.katalon.core.webui.keyword.internal.WebUIKeywordMain.stepFailed(WebUIKeywordMain.groovy:64)
	at com.kms.katalon.core.webui.keyword.builtin.VerifyTextPresentKeyword$_verifyTextPresent_closure1.doCall(VerifyTextPresentKeyword.groovy:79)
	at com.kms.katalon.core.webui.keyword.builtin.VerifyTextPresentKeyword$_verifyTextPresent_closure1.call(VerifyTextPresentKeyword.groovy)
	at com.kms.katalon.core.webui.keyword.internal.WebUIKeywordMain.runKeyword(WebUIKeywordMain.groovy:20)
	at com.kms.katalon.core.webui.keyword.builtin.VerifyTextPresentKeyword.verifyTextPresent(VerifyTextPresentKeyword.groovy:83)
	at com.kms.katalon.core.webui.keyword.builtin.VerifyTextPresentKeyword.execute(VerifyTextPresentKeyword.groovy:68)
	at com.kms.katalon.core.keyword.internal.KeywordExecutor.executeKeywordForPlatform(KeywordExecutor.groovy:74)
	at com.kms.katalon.core.webui.keyword.WebUiBuiltInKeywords.verifyTextPresent(WebUiBuiltInKeywords.groovy:1762)
	at MaxAmountErrorCorp.run(MaxAmountErrorCorp:86)
	at com.kms.katalon.core.main.ScriptEngine.run(ScriptEngine.java:194)
	at com.kms.katalon.core.main.ScriptEngine.runScriptAsRawText(ScriptEngine.java:119)
	at com.kms.katalon.core.main.TestCaseExecutor.runScript(TestCaseExecutor.java:448)
	at com.kms.katalon.core.main.TestCaseExecutor.doExecute(TestCaseExecutor.java:439)
	at com.kms.katalon.core.main.TestCaseExecutor.processExecutionPhase(TestCaseExecutor.java:418)
	at com.kms.katalon.core.main.TestCaseExecutor.accessMainPhase(TestCaseExecutor.java:410)
	at com.kms.katalon.core.main.TestCaseExecutor.execute(TestCaseExecutor.java:285)
	at com.kms.katalon.core.common.CommonExecutor.accessTestCaseMainPhase(CommonExecutor.java:65)
	at com.kms.katalon.core.main.TestSuiteExecutor.accessTestSuiteMainPhase(TestSuiteExecutor.java:150)
	at com.kms.katalon.core.main.TestSuiteExecutor.execute(TestSuiteExecutor.java:106)
	at com.kms.katalon.core.main.TestCaseMain.startTestSuite(TestCaseMain.java:180)
	at TempTestSuite1729787045812.run(TempTestSuite1729787045812.groovy:35)
	at java.base/jdk.internal.reflect.NativeMethodAccessorImpl.invoke0(Native Method)
	at java.base/jdk.internal.reflect.NativeMethodAccessorImpl.invoke(NativeMethodAccessorImpl.java:77)
	at java.base/jdk.internal.reflect.DelegatingMethodAccessorImpl.invoke(DelegatingMethodAccessorImpl.java:43)
)

25-10-2024T02:50:00 - [MESSAGE][FAILED] - Text 'Amount is greater than maximum' is not present on page  (Root cause: com.kms.katalon.core.exception.StepFailedException: Text 'Amount is greater than maximum' is not present on page 
	at com.kms.katalon.core.webui.keyword.internal.WebUIKeywordMain.stepFailed(WebUIKeywordMain.groovy:64)
	at com.kms.katalon.core.webui.keyword.builtin.VerifyTextPresentKeyword$_verifyTextPresent_closure1.doCall(VerifyTextPresentKeyword.groovy:79)
	at com.kms.katalon.core.webui.keyword.builtin.VerifyTextPresentKeyword$_verifyTextPresent_closure1.call(VerifyTextPresentKeyword.groovy)
	at com.kms.katalon.core.webui.keyword.internal.WebUIKeywordMain.runKeyword(WebUIKeywordMain.groovy:20)
	at com.kms.katalon.core.webui.keyword.builtin.VerifyTextPresentKeyword.verifyTextPresent(VerifyTextPresentKeyword.groovy:83)
	at com.kms.katalon.core.webui.keyword.builtin.VerifyTextPresentKeyword.execute(VerifyTextPresentKeyword.groovy:68)
	at com.kms.katalon.core.keyword.internal.KeywordExecutor.executeKeywordForPlatform(KeywordExecutor.groovy:74)
	at com.kms.katalon.core.webui.keyword.WebUiBuiltInKeywords.verifyTextPresent(WebUiBuiltInKeywords.groovy:1762)
	at MaxAmountErrorCorp.run(MaxAmountErrorCorp:86)
	at com.kms.katalon.core.main.ScriptEngine.run(ScriptEngine.java:194)
	at com.kms.katalon.core.main.ScriptEngine.runScriptAsRawText(ScriptEngine.java:119)
	at com.kms.katalon.core.main.TestCaseExecutor.runScript(TestCaseExecutor.java:448)
	at com.kms.katalon.core.main.TestCaseExecutor.doExecute(TestCaseExecutor.java:439)
	at com.kms.katalon.core.main.TestCaseExecutor.processExecutionPhase(TestCaseExecutor.java:418)
	at com.kms.katalon.core.main.TestCaseExecutor.accessMainPhase(TestCaseExecutor.java:410)
	at com.kms.katalon.core.main.TestCaseExecutor.execute(TestCaseExecutor.java:285)
	at com.kms.katalon.core.common.CommonExecutor.accessTestCaseMainPhase(CommonExecutor.java:65)
	at com.kms.katalon.core.main.TestSuiteExecutor.accessTestSuiteMainPhase(TestSuiteExecutor.java:150)
	at com.kms.katalon.core.main.TestSuiteExecutor.execute(TestSuiteExecutor.java:106)
	at com.kms.katalon.core.main.TestCaseMain.startTestSuite(TestCaseMain.java:180)
	at TempTestSuite1729787045812.run(TempTestSuite1729787045812.groovy:35)
	at java.base/jdk.internal.reflect.NativeMethodAccessorImpl.invoke0(Native Method)
	at java.base/jdk.internal.reflect.NativeMethodAccessorImpl.invoke(NativeMethodAccessorImpl.java:77)
	at java.base/jdk.internal.reflect.DelegatingMethodAccessorImpl.invoke(DelegatingMethodAccessorImpl.java:43)
)

25-10-2024T02:50:00 - [TEST_STEP][PASSED] - else: pages.WriteExcel.demoKey is PASSED

25-10-2024T02:50:00 - [TEST_STEP][PASSED] - println("Max Amount Error message not shown"): null

25-10-2024T02:50:00 - [TEST_STEP][PASSED] - resText = "Fail": null

25-10-2024T02:50:00 - [TEST_STEP][PASSED] - pages.WriteExcel.demoKey(resText, datText, resColumn, datCloumn, fileLoc, nameSheet, row): pages.WriteExcel.demoKey is PASSED

25-10-2024T02:50:00 - [MESSAGE][PASSED] - pages.WriteExcel.demoKey is PASSED

25-10-2024T02:50:00 - [TEST_STEP][PASSED] - closeBrowser(): Browser is closed

25-10-2024T02:50:01 - [MESSAGE][PASSED] - Browser is closed]]></system-out>
         <system-err><![CDATA[25-10-2024T02:46:32 - [TEST_CASE][FAILED] - Test Cases/IntegratedWeb/IWP25/Error/MaxAmountErrorCorp: Test Cases/IntegratedWeb/IWP25/Error/MaxAmountErrorCorp FAILED.
Reason:
com.kms.katalon.core.exception.StepFailedException: Text 'Amount is greater than maximum' is not present on page  (Root cause: com.kms.katalon.core.exception.StepFailedException: Text 'Amount is greater than maximum' is not present on page 
	at com.kms.katalon.core.webui.keyword.internal.WebUIKeywordMain.stepFailed(WebUIKeywordMain.groovy:64)
	at com.kms.katalon.core.webui.keyword.builtin.VerifyTextPresentKeyword$_verifyTextPresent_closure1.doCall(VerifyTextPresentKeyword.groovy:79)
	at com.kms.katalon.core.webui.keyword.builtin.VerifyTextPresentKeyword$_verifyTextPresent_closure1.call(VerifyTextPresentKeyword.groovy)
	at com.kms.katalon.core.webui.keyword.internal.WebUIKeywordMain.runKeyword(WebUIKeywordMain.groovy:20)
	at com.kms.katalon.core.webui.keyword.builtin.VerifyTextPresentKeyword.verifyTextPresent(VerifyTextPresentKeyword.groovy:83)
	at com.kms.katalon.core.webui.keyword.builtin.VerifyTextPresentKeyword.execute(VerifyTextPresentKeyword.groovy:68)
	at com.kms.katalon.core.keyword.internal.KeywordExecutor.executeKeywordForPlatform(KeywordExecutor.groovy:74)
	at com.kms.katalon.core.webui.keyword.WebUiBuiltInKeywords.verifyTextPresent(WebUiBuiltInKeywords.groovy:1762)
	at MaxAmountErrorCorp.run(MaxAmountErrorCorp:86)
	at com.kms.katalon.core.main.ScriptEngine.run(ScriptEngine.java:194)
	at com.kms.katalon.core.main.ScriptEngine.runScriptAsRawText(ScriptEngine.java:119)
	at com.kms.katalon.core.main.TestCaseExecutor.runScript(TestCaseExecutor.java:448)
	at com.kms.katalon.core.main.TestCaseExecutor.doExecute(TestCaseExecutor.java:439)
	at com.kms.katalon.core.main.TestCaseExecutor.processExecutionPhase(TestCaseExecutor.java:418)
	at com.kms.katalon.core.main.TestCaseExecutor.accessMainPhase(TestCaseExecutor.java:410)
	at com.kms.katalon.core.main.TestCaseExecutor.execute(TestCaseExecutor.java:285)
	at com.kms.katalon.core.common.CommonExecutor.accessTestCaseMainPhase(CommonExecutor.java:65)
	at com.kms.katalon.core.main.TestSuiteExecutor.accessTestSuiteMainPhase(TestSuiteExecutor.java:150)
	at com.kms.katalon.core.main.TestSuiteExecutor.execute(TestSuiteExecutor.java:106)
	at com.kms.katalon.core.main.TestCaseMain.startTestSuite(TestCaseMain.java:180)
	at TempTestSuite1729787045812.run(TempTestSuite1729787045812.groovy:35)
	at java.base/jdk.internal.reflect.NativeMethodAccessorImpl.invoke0(Native Method)
	at java.base/jdk.internal.reflect.NativeMethodAccessorImpl.invoke(NativeMethodAccessorImpl.java:77)
	at java.base/jdk.internal.reflect.DelegatingMethodAccessorImpl.invoke(DelegatingMethodAccessorImpl.java:43)
)
	at com.kms.katalon.core.keyword.internal.KeywordMain.stepFailed(KeywordMain.groovy:39)
	at com.kms.katalon.core.webui.keyword.internal.WebUIKeywordMain.stepFailed(WebUIKeywordMain.groovy:64)
	at com.kms.katalon.core.webui.keyword.builtin.VerifyTextPresentKeyword$_verifyTextPresent_closure1.doCall(VerifyTextPresentKeyword.groovy:79)
	at com.kms.katalon.core.webui.keyword.builtin.VerifyTextPresentKeyword$_verifyTextPresent_closure1.call(VerifyTextPresentKeyword.groovy)
	at com.kms.katalon.core.webui.keyword.internal.WebUIKeywordMain.runKeyword(WebUIKeywordMain.groovy:20)
	at com.kms.katalon.core.webui.keyword.builtin.VerifyTextPresentKeyword.verifyTextPresent(VerifyTextPresentKeyword.groovy:83)
	at com.kms.katalon.core.webui.keyword.builtin.VerifyTextPresentKeyword.execute(VerifyTextPresentKeyword.groovy:68)
	at com.kms.katalon.core.keyword.internal.KeywordExecutor.executeKeywordForPlatform(KeywordExecutor.groovy:74)
	at com.kms.katalon.core.webui.keyword.WebUiBuiltInKeywords.verifyTextPresent(WebUiBuiltInKeywords.groovy:1762)
	at MaxAmountErrorCorp.run(MaxAmountErrorCorp:86)
	at com.kms.katalon.core.main.ScriptEngine.run(ScriptEngine.java:194)
	at com.kms.katalon.core.main.ScriptEngine.runScriptAsRawText(ScriptEngine.java:119)
	at com.kms.katalon.core.main.TestCaseExecutor.runScript(TestCaseExecutor.java:448)
	at com.kms.katalon.core.main.TestCaseExecutor.doExecute(TestCaseExecutor.java:439)
	at com.kms.katalon.core.main.TestCaseExecutor.processExecutionPhase(TestCaseExecutor.java:418)
	at com.kms.katalon.core.main.TestCaseExecutor.accessMainPhase(TestCaseExecutor.java:410)
	at com.kms.katalon.core.main.TestCaseExecutor.execute(TestCaseExecutor.java:285)
	at com.kms.katalon.core.common.CommonExecutor.accessTestCaseMainPhase(CommonExecutor.java:65)
	at com.kms.katalon.core.main.TestSuiteExecutor.accessTestSuiteMainPhase(TestSuiteExecutor.java:150)
	at com.kms.katalon.core.main.TestSuiteExecutor.execute(TestSuiteExecutor.java:106)
	at com.kms.katalon.core.main.TestCaseMain.startTestSuite(TestCaseMain.java:180)
	at TempTestSuite1729787045812.run(TempTestSuite1729787045812.groovy:35)
	at java.base/jdk.internal.reflect.NativeMethodAccessorImpl.invoke0(Native Method)
	at java.base/jdk.internal.reflect.NativeMethodAccessorImpl.invoke(NativeMethodAccessorImpl.java:77)
	at java.base/jdk.internal.reflect.DelegatingMethodAccessorImpl.invoke(DelegatingMethodAccessorImpl.java:43)
Caused by: com.kms.katalon.core.exception.StepFailedException: Text 'Amount is greater than maximum' is not present on page 
	... 24 more]]></system-err>
      </testcase>
      <testcase name="Test Cases/IntegratedWeb/IWP25/Error/MaxAmountErrorPC" time="221.446" classname="Test Cases/IntegratedWeb/IWP25/Error/MaxAmountErrorPC" status="FAILED">
         <failure type="FAILED" message="Test Cases/IntegratedWeb/IWP25/Error/MaxAmountErrorPC FAILED.&#xa;Reason:&#xa;com.kms.katalon.core.exception.StepFailedException: Text 'Amount is greater than maximum' is not present on page  (Root cause: com.kms.katalon.core.exception.StepFailedException: Text 'Amount is greater than maximum' is not present on page &#xa;	at com.kms.katalon.core.webui.keyword.internal.WebUIKeywordMain.stepFailed(WebUIKeywordMain.groovy:64)&#xa;	at com.kms.katalon.core.webui.keyword.builtin.VerifyTextPresentKeyword$_verifyTextPresent_closure1.doCall(VerifyTextPresentKeyword.groovy:79)&#xa;	at com.kms.katalon.core.webui.keyword.builtin.VerifyTextPresentKeyword$_verifyTextPresent_closure1.call(VerifyTextPresentKeyword.groovy)&#xa;	at com.kms.katalon.core.webui.keyword.internal.WebUIKeywordMain.runKeyword(WebUIKeywordMain.groovy:20)&#xa;	at com.kms.katalon.core.webui.keyword.builtin.VerifyTextPresentKeyword.verifyTextPresent(VerifyTextPresentKeyword.groovy:83)&#xa;	at com.kms.katalon.core.webui.keyword.builtin.VerifyTextPresentKeyword.execute(VerifyTextPresentKeyword.groovy:68)&#xa;	at com.kms.katalon.core.keyword.internal.KeywordExecutor.executeKeywordForPlatform(KeywordExecutor.groovy:74)&#xa;	at com.kms.katalon.core.webui.keyword.WebUiBuiltInKeywords.verifyTextPresent(WebUiBuiltInKeywords.groovy:1762)&#xa;	at MaxAmountErrorPC.run(MaxAmountErrorPC:86)&#xa;	at com.kms.katalon.core.main.ScriptEngine.run(ScriptEngine.java:194)&#xa;	at com.kms.katalon.core.main.ScriptEngine.runScriptAsRawText(ScriptEngine.java:119)&#xa;	at com.kms.katalon.core.main.TestCaseExecutor.runScript(TestCaseExecutor.java:448)&#xa;	at com.kms.katalon.core.main.TestCaseExecutor.doExecute(TestCaseExecutor.java:439)&#xa;	at com.kms.katalon.core.main.TestCaseExecutor.processExecutionPhase(TestCaseExecutor.java:418)&#xa;	at com.kms.katalon.core.main.TestCaseExecutor.accessMainPhase(TestCaseExecutor.java:410)&#xa;	at com.kms.katalon.core.main.TestCaseExecutor.execute(TestCaseExecutor.java:285)&#xa;	at com.kms.katalon.core.common.CommonExecutor.accessTestCaseMainPhase(CommonExecutor.java:65)&#xa;	at com.kms.katalon.core.main.TestSuiteExecutor.accessTestSuiteMainPhase(TestSuiteExecutor.java:150)&#xa;	at com.kms.katalon.core.main.TestSuiteExecutor.execute(TestSuiteExecutor.java:106)&#xa;	at com.kms.katalon.core.main.TestCaseMain.startTestSuite(TestCaseMain.java:180)&#xa;	at TempTestSuite1729787045812.run(TempTestSuite1729787045812.groovy:35)&#xa;	at java.base/jdk.internal.reflect.NativeMethodAccessorImpl.invoke0(Native Method)&#xa;	at java.base/jdk.internal.reflect.NativeMethodAccessorImpl.invoke(NativeMethodAccessorImpl.java:77)&#xa;	at java.base/jdk.internal.reflect.DelegatingMethodAccessorImpl.invoke(DelegatingMethodAccessorImpl.java:43)&#xa;)&#xa;	at com.kms.katalon.core.keyword.internal.KeywordMain.stepFailed(KeywordMain.groovy:39)&#xa;	at com.kms.katalon.core.webui.keyword.internal.WebUIKeywordMain.stepFailed(WebUIKeywordMain.groovy:64)&#xa;	at com.kms.katalon.core.webui.keyword.builtin.VerifyTextPresentKeyword$_verifyTextPresent_closure1.doCall(VerifyTextPresentKeyword.groovy:79)&#xa;	at com.kms.katalon.core.webui.keyword.builtin.VerifyTextPresentKeyword$_verifyTextPresent_closure1.call(VerifyTextPresentKeyword.groovy)&#xa;	at com.kms.katalon.core.webui.keyword.internal.WebUIKeywordMain.runKeyword(WebUIKeywordMain.groovy:20)&#xa;	at com.kms.katalon.core.webui.keyword.builtin.VerifyTextPresentKeyword.verifyTextPresent(VerifyTextPresentKeyword.groovy:83)&#xa;	at com.kms.katalon.core.webui.keyword.builtin.VerifyTextPresentKeyword.execute(VerifyTextPresentKeyword.groovy:68)&#xa;	at com.kms.katalon.core.keyword.internal.KeywordExecutor.executeKeywordForPlatform(KeywordExecutor.groovy:74)&#xa;	at com.kms.katalon.core.webui.keyword.WebUiBuiltInKeywords.verifyTextPresent(WebUiBuiltInKeywords.groovy:1762)&#xa;	at MaxAmountErrorPC.run(MaxAmountErrorPC:86)&#xa;	at com.kms.katalon.core.main.ScriptEngine.run(ScriptEngine.java:194)&#xa;	at com.kms.katalon.core.main.ScriptEngine.runScriptAsRawText(ScriptEngine.java:119)&#xa;	at com.kms.katalon.core.main.TestCaseExecutor.runScript(TestCaseExecutor.java:448)&#xa;	at com.kms.katalon.core.main.TestCaseExecutor.doExecute(TestCaseExecutor.java:439)&#xa;	at com.kms.katalon.core.main.TestCaseExecutor.processExecutionPhase(TestCaseExecutor.java:418)&#xa;	at com.kms.katalon.core.main.TestCaseExecutor.accessMainPhase(TestCaseExecutor.java:410)&#xa;	at com.kms.katalon.core.main.TestCaseExecutor.execute(TestCaseExecutor.java:285)&#xa;	at com.kms.katalon.core.common.CommonExecutor.accessTestCaseMainPhase(CommonExecutor.java:65)&#xa;	at com.kms.katalon.core.main.TestSuiteExecutor.accessTestSuiteMainPhase(TestSuiteExecutor.java:150)&#xa;	at com.kms.katalon.core.main.TestSuiteExecutor.execute(TestSuiteExecutor.java:106)&#xa;	at com.kms.katalon.core.main.TestCaseMain.startTestSuite(TestCaseMain.java:180)&#xa;	at TempTestSuite1729787045812.run(TempTestSuite1729787045812.groovy:35)&#xa;	at java.base/jdk.internal.reflect.NativeMethodAccessorImpl.invoke0(Native Method)&#xa;	at java.base/jdk.internal.reflect.NativeMethodAccessorImpl.invoke(NativeMethodAccessorImpl.java:77)&#xa;	at java.base/jdk.internal.reflect.DelegatingMethodAccessorImpl.invoke(DelegatingMethodAccessorImpl.java:43)&#xa;Caused by: com.kms.katalon.core.exception.StepFailedException: Text 'Amount is greater than maximum' is not present on page &#xa;	... 24 more&#xa;"/>
         <system-out><![CDATA[25-10-2024T02:50:01 - [TEST_CASE][FAILED] - Test Cases/IntegratedWeb/IWP25/Error/MaxAmountErrorPC: Test Cases/IntegratedWeb/IWP25/Error/MaxAmountErrorPC FAILED.
Reason:
com.kms.katalon.core.exception.StepFailedException: Text 'Amount is greater than maximum' is not present on page  (Root cause: com.kms.katalon.core.exception.StepFailedException: Text 'Amount is greater than maximum' is not present on page 
	at com.kms.katalon.core.webui.keyword.internal.WebUIKeywordMain.stepFailed(WebUIKeywordMain.groovy:64)
	at com.kms.katalon.core.webui.keyword.builtin.VerifyTextPresentKeyword$_verifyTextPresent_closure1.doCall(VerifyTextPresentKeyword.groovy:79)
	at com.kms.katalon.core.webui.keyword.builtin.VerifyTextPresentKeyword$_verifyTextPresent_closure1.call(VerifyTextPresentKeyword.groovy)
	at com.kms.katalon.core.webui.keyword.internal.WebUIKeywordMain.runKeyword(WebUIKeywordMain.groovy:20)
	at com.kms.katalon.core.webui.keyword.builtin.VerifyTextPresentKeyword.verifyTextPresent(VerifyTextPresentKeyword.groovy:83)
	at com.kms.katalon.core.webui.keyword.builtin.VerifyTextPresentKeyword.execute(VerifyTextPresentKeyword.groovy:68)
	at com.kms.katalon.core.keyword.internal.KeywordExecutor.executeKeywordForPlatform(KeywordExecutor.groovy:74)
	at com.kms.katalon.core.webui.keyword.WebUiBuiltInKeywords.verifyTextPresent(WebUiBuiltInKeywords.groovy:1762)
	at MaxAmountErrorPC.run(MaxAmountErrorPC:86)
	at com.kms.katalon.core.main.ScriptEngine.run(ScriptEngine.java:194)
	at com.kms.katalon.core.main.ScriptEngine.runScriptAsRawText(ScriptEngine.java:119)
	at com.kms.katalon.core.main.TestCaseExecutor.runScript(TestCaseExecutor.java:448)
	at com.kms.katalon.core.main.TestCaseExecutor.doExecute(TestCaseExecutor.java:439)
	at com.kms.katalon.core.main.TestCaseExecutor.processExecutionPhase(TestCaseExecutor.java:418)
	at com.kms.katalon.core.main.TestCaseExecutor.accessMainPhase(TestCaseExecutor.java:410)
	at com.kms.katalon.core.main.TestCaseExecutor.execute(TestCaseExecutor.java:285)
	at com.kms.katalon.core.common.CommonExecutor.accessTestCaseMainPhase(CommonExecutor.java:65)
	at com.kms.katalon.core.main.TestSuiteExecutor.accessTestSuiteMainPhase(TestSuiteExecutor.java:150)
	at com.kms.katalon.core.main.TestSuiteExecutor.execute(TestSuiteExecutor.java:106)
	at com.kms.katalon.core.main.TestCaseMain.startTestSuite(TestCaseMain.java:180)
	at TempTestSuite1729787045812.run(TempTestSuite1729787045812.groovy:35)
	at java.base/jdk.internal.reflect.NativeMethodAccessorImpl.invoke0(Native Method)
	at java.base/jdk.internal.reflect.NativeMethodAccessorImpl.invoke(NativeMethodAccessorImpl.java:77)
	at java.base/jdk.internal.reflect.DelegatingMethodAccessorImpl.invoke(DelegatingMethodAccessorImpl.java:43)
)
	at com.kms.katalon.core.keyword.internal.KeywordMain.stepFailed(KeywordMain.groovy:39)
	at com.kms.katalon.core.webui.keyword.internal.WebUIKeywordMain.stepFailed(WebUIKeywordMain.groovy:64)
	at com.kms.katalon.core.webui.keyword.builtin.VerifyTextPresentKeyword$_verifyTextPresent_closure1.doCall(VerifyTextPresentKeyword.groovy:79)
	at com.kms.katalon.core.webui.keyword.builtin.VerifyTextPresentKeyword$_verifyTextPresent_closure1.call(VerifyTextPresentKeyword.groovy)
	at com.kms.katalon.core.webui.keyword.internal.WebUIKeywordMain.runKeyword(WebUIKeywordMain.groovy:20)
	at com.kms.katalon.core.webui.keyword.builtin.VerifyTextPresentKeyword.verifyTextPresent(VerifyTextPresentKeyword.groovy:83)
	at com.kms.katalon.core.webui.keyword.builtin.VerifyTextPresentKeyword.execute(VerifyTextPresentKeyword.groovy:68)
	at com.kms.katalon.core.keyword.internal.KeywordExecutor.executeKeywordForPlatform(KeywordExecutor.groovy:74)
	at com.kms.katalon.core.webui.keyword.WebUiBuiltInKeywords.verifyTextPresent(WebUiBuiltInKeywords.groovy:1762)
	at MaxAmountErrorPC.run(MaxAmountErrorPC:86)
	at com.kms.katalon.core.main.ScriptEngine.run(ScriptEngine.java:194)
	at com.kms.katalon.core.main.ScriptEngine.runScriptAsRawText(ScriptEngine.java:119)
	at com.kms.katalon.core.main.TestCaseExecutor.runScript(TestCaseExecutor.java:448)
	at com.kms.katalon.core.main.TestCaseExecutor.doExecute(TestCaseExecutor.java:439)
	at com.kms.katalon.core.main.TestCaseExecutor.processExecutionPhase(TestCaseExecutor.java:418)
	at com.kms.katalon.core.main.TestCaseExecutor.accessMainPhase(TestCaseExecutor.java:410)
	at com.kms.katalon.core.main.TestCaseExecutor.execute(TestCaseExecutor.java:285)
	at com.kms.katalon.core.common.CommonExecutor.accessTestCaseMainPhase(CommonExecutor.java:65)
	at com.kms.katalon.core.main.TestSuiteExecutor.accessTestSuiteMainPhase(TestSuiteExecutor.java:150)
	at com.kms.katalon.core.main.TestSuiteExecutor.execute(TestSuiteExecutor.java:106)
	at com.kms.katalon.core.main.TestCaseMain.startTestSuite(TestCaseMain.java:180)
	at TempTestSuite1729787045812.run(TempTestSuite1729787045812.groovy:35)
	at java.base/jdk.internal.reflect.NativeMethodAccessorImpl.invoke0(Native Method)
	at java.base/jdk.internal.reflect.NativeMethodAccessorImpl.invoke(NativeMethodAccessorImpl.java:77)
	at java.base/jdk.internal.reflect.DelegatingMethodAccessorImpl.invoke(DelegatingMethodAccessorImpl.java:43)
Caused by: com.kms.katalon.core.exception.StepFailedException: Text 'Amount is greater than maximum' is not present on page 
	... 24 more


25-10-2024T02:50:01 - [TEST_STEP][PASSED] - resText = "Fail": null

25-10-2024T02:50:01 - [TEST_STEP][PASSED] - resColumn = "Result": null

25-10-2024T02:50:01 - [TEST_STEP][PASSED] - datCloumn = "Date": null

25-10-2024T02:50:01 - [TEST_STEP][PASSED] - fileLoc = "KatalonData/IWPTestData/VRelay25Payments.xlsx": null

25-10-2024T02:50:01 - [TEST_STEP][PASSED] - numOfRows = <not implemented yet for class: org.codehaus.groovy.ast.expr.EmptyExpression>: null

25-10-2024T02:50:04 - [TEST_STEP][PASSED] - dataFile = <not implemented yet for class: org.codehaus.groovy.ast.expr.EmptyExpression>: null

25-10-2024T02:50:04 - [TEST_STEP][PASSED] - nameSheet = <not implemented yet for class: org.codehaus.groovy.ast.expr.EmptyExpression>: null

25-10-2024T02:50:04 - [TEST_STEP][PASSED] - dataFileEmulator = <not implemented yet for class: org.codehaus.groovy.ast.expr.EmptyExpression>: null

25-10-2024T02:50:04 - [TEST_STEP][PASSED] - nameSheet = "MaxAmountErrorPC": null

25-10-2024T02:50:04 - [TEST_STEP][PASSED] - dataFile = "IWPTestData/IWP25MaxAmountErrorPC": null

25-10-2024T02:50:04 - [TEST_STEP][PASSED] - dataFileEmulator = "IWPTestData/EmulatorData": null

25-10-2024T02:50:04 - [TEST_STEP][PASSED] - numOfRows = findTestData(dataFile).getRowNumbers(): null

25-10-2024T02:50:04 - [TEST_STEP][PASSED] - println("Number of Records: " + numOfRows): null

25-10-2024T02:50:04 - [TEST_STEP][FAILED] - for ([row = 1, row <= numOfRows, (row++)]): null

25-10-2024T02:50:04 - [TEST_STEP][PASSED] - ExecuteTC = findTestData(dataFile).getValue("Execute", row): null

25-10-2024T02:50:04 - [TEST_STEP][PASSED] - out.println("Value of Execute is : " + ExecuteTC): null

25-10-2024T02:50:04 - [TEST_STEP][PASSED] - if (ExecuteTC.equalsIgnoreCase("Y")): null

25-10-2024T02:50:04 - [TEST_STEP][PASSED] - out.println("Begin Record Number: " + row): null

25-10-2024T02:50:04 - [TEST_STEP][PASSED] - today = new java.util.Date(): null

25-10-2024T02:50:04 - [TEST_STEP][PASSED] - println(today): null

25-10-2024T02:50:04 - [TEST_STEP][PASSED] - datText = today: null

25-10-2024T02:50:04 - [TEST_STEP][PASSED] - EmulatorDataKey = findTestData(dataFile).getValue("EmulatorData", row): null

25-10-2024T02:50:04 - [TEST_STEP][PASSED] - out.println("Value of Emulator Key is : " + EmulatorDataKey): null

25-10-2024T02:50:04 - [TEST_STEP][PASSED] - iwpPages.emulatorIWP30.setDataEmulator_DD(EmulatorDataKey): iwpPages.emulatorIWP30.setDataEmulator_DD is PASSED

25-10-2024T02:50:05 - [MESSAGE][INFO] - Starting 'Edge Chromium' driver

25-10-2024T02:50:05 - [MESSAGE][INFO] - User set preference: ['acceptInsecureCerts', 'true']

25-10-2024T02:50:07 - [MESSAGE][INFO] - Action delay is set to 0 milliseconds

25-10-2024T02:50:10 - [MESSAGE][PASSED] - Browser is opened with url: 'https://qa2.velocitypayment.com/agencyx/config.action?action=editor&message_version=2_5'

25-10-2024T02:50:11 - [MESSAGE][PASSED] - Current window maximized

25-10-2024T02:50:42 - [MESSAGE][INFO] - Unable to find the element located by 'By.xpath: //select[@name='message_version']'. Please recheck the objects properties to make sure the desired element is located. 

25-10-2024T02:50:42 - [MESSAGE][WARNING] - [SELF-HEALING] Failed to find element with id 'Object Repository/IWP30/Page_VRelay30Emulator/MV'. Try using Self-healing.

25-10-2024T02:50:42 - [MESSAGE][WARNING] - [SELF-HEALING] The current locator of test object 'Object Repository/IWP30/Page_VRelay30Emulator/MV' was broken. Propose an alternative one: '(.//*[normalize-space(text()) and normalize-space(.)='Message Version'])[1]/following::select[1]'.

25-10-2024T02:50:43 - [MESSAGE][PASSED] - All options with value '2.5' are selected in object 'Object Repository/IWP30/Page_VRelay30Emulator/MV'  using regular expression

25-10-2024T02:50:43 - [MESSAGE][PASSED] - Text '10.50' is set on object 'Object Repository/IWP30/Page_EmulatorAgencyX/Amount'

25-10-2024T02:50:44 - [MESSAGE][PASSED] - Text 'UkHB9eld8NOl' is set on object 'Object Repository/IWP30/Page_EmulatorAgencyX/CAN'

25-10-2024T02:50:44 - [MESSAGE][PASSED] - Text 'PayNow' is set on object 'Object Repository/IWP30/Page_EmulatorAgencyX/Action'

25-10-2024T02:50:45 - [MESSAGE][PASSED] - Text 'en_US' is set on object 'Object Repository/IWP30/Page_EmulatorAgencyX/Lang'

25-10-2024T02:50:46 - [MESSAGE][PASSED] - Text '' is set on object 'Object Repository/IWP30/Page_EmulatorAgencyX/Fname'

25-10-2024T02:50:46 - [MESSAGE][PASSED] - Text '' is set on object 'Object Repository/IWP30/Page_EmulatorAgencyX/Lname'

25-10-2024T02:50:47 - [MESSAGE][PASSED] - Text '' is set on object 'Object Repository/IWP30/Page_EmulatorAgencyX/AL1'

25-10-2024T02:50:47 - [MESSAGE][PASSED] - Text '' is set on object 'Object Repository/IWP30/Page_EmulatorAgencyX/AL2'

25-10-2024T02:50:48 - [MESSAGE][PASSED] - Text '' is set on object 'Object Repository/IWP30/Page_EmulatorAgencyX/Country'

25-10-2024T02:50:48 - [MESSAGE][PASSED] - Text '' is set on object 'Object Repository/IWP30/Page_EmulatorAgencyX/City'

25-10-2024T02:50:49 - [MESSAGE][PASSED] - Text '' is set on object 'Object Repository/IWP30/Page_EmulatorAgencyX/State'

25-10-2024T02:50:50 - [MESSAGE][PASSED] - Text '' is set on object 'Object Repository/IWP30/Page_EmulatorAgencyX/ZIP'

25-10-2024T02:50:50 - [MESSAGE][PASSED] - Text '' is set on object 'Object Repository/IWP30/Page_EmulatorAgencyX/Order'

25-10-2024T02:50:51 - [MESSAGE][PASSED] - Text '' is set on object 'Object Repository/IWP30/Page_EmulatorAgencyX/Company'

25-10-2024T02:50:51 - [MESSAGE][PASSED] - Text '' is set on object 'Object Repository/IWP30/Page_EmulatorAgencyX/Email'

25-10-2024T02:50:52 - [MESSAGE][PASSED] - Text '' is set on object 'Object Repository/IWP30/Page_EmulatorAgencyX/UDF1'

25-10-2024T02:50:52 - [MESSAGE][PASSED] - Text '' is set on object 'Object Repository/IWP30/Page_EmulatorAgencyX/UDF2'

25-10-2024T02:50:53 - [MESSAGE][PASSED] - Text '' is set on object 'Object Repository/IWP30/Page_EmulatorAgencyX/UDF3'

25-10-2024T02:50:54 - [MESSAGE][PASSED] - Text 'udf data 4' is set on object 'Object Repository/IWP30/Page_EmulatorAgencyX/UDF4'

25-10-2024T02:50:54 - [MESSAGE][PASSED] - Text 'udf data 5' is set on object 'Object Repository/IWP30/Page_EmulatorAgencyX/UDF5'

25-10-2024T02:50:55 - [MESSAGE][PASSED] - Text '' is set on object 'Object Repository/IWP30/Page_EmulatorAgencyX/UDF6'

25-10-2024T02:50:55 - [MESSAGE][PASSED] - Text '' is set on object 'Object Repository/IWP30/Page_EmulatorAgencyX/UDF7'

25-10-2024T02:50:56 - [MESSAGE][PASSED] - Text '' is set on object 'Object Repository/IWP30/Page_EmulatorAgencyX/UDF8'

25-10-2024T02:50:56 - [MESSAGE][PASSED] - Text 'udf data 9' is set on object 'Object Repository/IWP30/Page_EmulatorAgencyX/UDF9'

25-10-2024T02:50:57 - [MESSAGE][PASSED] - Text 'udf data 10' is set on object 'Object Repository/IWP30/Page_EmulatorAgencyX/UDF10'

25-10-2024T02:50:58 - [MESSAGE][PASSED] - Object: 'Object Repository/IWP30/Page_EmulatorAgencyX/Submit' is clicked on

25-10-2024T02:51:05 - [MESSAGE][PASSED] - Browser is closed

25-10-2024T02:51:09 - [MESSAGE][PASSED] - iwpPages.emulatorIWP30.setDataEmulator_DD is PASSED

25-10-2024T02:51:09 - [TEST_STEP][PASSED] - testHarnessURL = urlTestHarness: null

25-10-2024T02:51:09 - [TEST_STEP][PASSED] - openBrowser(testHarnessURL): Browser is opened with url: 'https://dev-algorithm.govolution.com/vrelaytest/QA2/version_2_2/vrelaytest.html'

25-10-2024T02:51:09 - [MESSAGE][INFO] - Starting 'Edge Chromium' driver

25-10-2024T02:51:09 - [MESSAGE][INFO] - User set preference: ['acceptInsecureCerts', 'true']

25-10-2024T02:51:11 - [MESSAGE][INFO] - Action delay is set to 0 milliseconds

25-10-2024T02:51:18 - [MESSAGE][PASSED] - Browser is opened with url: 'https://dev-algorithm.govolution.com/vrelaytest/QA2/version_2_2/vrelaytest.html'

25-10-2024T02:51:18 - [TEST_STEP][PASSED] - maximizeWindow(): Current window maximized

25-10-2024T02:51:18 - [MESSAGE][PASSED] - Current window maximized

25-10-2024T02:51:18 - [TEST_STEP][PASSED] - iwpPages.TestHarnessPage.setDataMethod(row, dataFile): iwpPages.TestHarnessPage.setDataMethod is PASSED

25-10-2024T02:51:18 - [MESSAGE][PASSED] - Object 'Object Repository/IWP30/Page_QATestHarness/RemittanceID' is present

25-10-2024T02:51:19 - [MESSAGE][PASSED] - Text '638' is set on object 'Object Repository/IWP30/Page_QATestHarness/ApplicationID'

25-10-2024T02:51:19 - [MESSAGE][PASSED] - Text '2.5' is set on object 'Object Repository/IWP30/Page_QATestHarness/MessageVersion'

25-10-2024T02:51:20 - [MESSAGE][PASSED] - Text 'q1Yqm5VERJdq' is set on object 'Object Repository/IWP30/Page_QATestHarness/RemittanceID'

25-10-2024T02:51:24 - [MESSAGE][PASSED] - Object: 'Object Repository/IWP30/Page_QATestHarness/SubmitButton' is clicked on

25-10-2024T02:51:24 - [MESSAGE][PASSED] - iwpPages.TestHarnessPage.setDataMethod is PASSED

25-10-2024T02:51:24 - [TEST_STEP][PASSED] - click(findTestObject("Object Repository/IWP30/Page_SelectPaymentMethod/PayByPersonalCheck")): Object: 'Object Repository/IWP30/Page_SelectPaymentMethod/PayByPersonalCheck' is clicked on

25-10-2024T02:51:24 - [MESSAGE][PASSED] - Object: 'Object Repository/IWP30/Page_SelectPaymentMethod/PayByPersonalCheck' is clicked on

25-10-2024T02:51:24 - [TEST_STEP][PASSED] - click(findTestObject("Object Repository/IWP30/Page_SelectPaymentMethod/MakePaymentButton")): Object: 'Object Repository/IWP30/Page_SelectPaymentMethod/MakePaymentButton' is clicked on

25-10-2024T02:51:27 - [MESSAGE][PASSED] - Object: 'Object Repository/IWP30/Page_SelectPaymentMethod/MakePaymentButton' is clicked on

25-10-2024T02:51:27 - [TEST_STEP][PASSED] - iwpPages.achPersonalPaymentEntryPage.setDataACHPPM(row, dataFile): iwpPages.achPersonalPaymentEntryPage.setDataACHPPM is PASSED

25-10-2024T02:51:28 - [MESSAGE][PASSED] - Object 'Object Repository/IWP30/Page_ACHPersonalPaymentEntry/txt_accountNumber' is present

25-10-2024T02:51:29 - [MESSAGE][PASSED] - Text '200.50' is set on object 'Object Repository/IWP30/Page_ACHPersonalPaymentEntry/txt_Amount'

25-10-2024T02:51:29 - [MESSAGE][PASSED] - Object 'Object Repository/IWP30/Page_ACHPersonalPaymentEntry/txt_UDF2' is present

25-10-2024T02:51:30 - [MESSAGE][PASSED] - Text 'udf data 2' is set on object 'Object Repository/IWP30/Page_ACHPersonalPaymentEntry/txt_UDF2'

25-10-2024T02:51:30 - [MESSAGE][PASSED] - Text 'udf data 3' is set on object 'Object Repository/IWP30/Page_ACHPersonalPaymentEntry/txt_UDF3'

25-10-2024T02:51:31 - [MESSAGE][PASSED] - All options with label 'Orange' are selected in object 'Object Repository/IWP30/Page_ACHPersonalPaymentEntry/dd_UDF7' 

25-10-2024T02:51:31 - [MESSAGE][PASSED] - All options with label 'Soccer' are selected in object 'Object Repository/IWP30/Page_ACHPersonalPaymentEntry/dd_UDF8' 

25-10-2024T02:51:32 - [MESSAGE][PASSED] - Object 'Object Repository/IWP30/Page_ACHPersonalPaymentEntry/txt_Firstname' is present

25-10-2024T02:51:32 - [MESSAGE][PASSED] - Text 'Elizath' is set on object 'Object Repository/IWP30/Page_ACHPersonalPaymentEntry/txt_Firstname'

25-10-2024T02:51:33 - [MESSAGE][PASSED] - Object 'Object Repository/IWP30/Page_ACHPersonalPaymentEntry/txt_Lastname' is present

25-10-2024T02:51:33 - [MESSAGE][PASSED] - Text 'Christine' is set on object 'Object Repository/IWP30/Page_ACHPersonalPaymentEntry/txt_Lastname'

25-10-2024T02:51:33 - [MESSAGE][PASSED] - Object 'Object Repository/IWP30/Page_ACHPersonalPaymentEntry/txt_routingNumber' is present

25-10-2024T02:51:34 - [MESSAGE][PASSED] - Text '256072691' is set on object 'Object Repository/IWP30/Page_ACHPersonalPaymentEntry/txt_routingNumber'

25-10-2024T02:51:34 - [MESSAGE][PASSED] - Object 'Object Repository/IWP30/Page_ACHPersonalPaymentEntry/txt_accountNumber' is present

25-10-2024T02:51:36 - [MESSAGE][PASSED] - Text '12344444' is set on object 'Object Repository/IWP30/Page_ACHPersonalPaymentEntry/txt_accountNumber'

25-10-2024T02:51:36 - [MESSAGE][PASSED] - Object 'Object Repository/IWP30/Page_ACHPersonalPaymentEntry/txt_confirmAccountNumber' is present

25-10-2024T02:51:37 - [MESSAGE][PASSED] - Text '12344444' is set on object 'Object Repository/IWP30/Page_ACHPersonalPaymentEntry/txt_confirmAccountNumber'

25-10-2024T02:51:37 - [MESSAGE][PASSED] - Object 'Object Repository/IWP30/Page_ACHPersonalPaymentEntry/rd_accountType' is present

25-10-2024T02:51:37 - [MESSAGE][PASSED] - Modify property of object successfully

25-10-2024T02:51:37 - [MESSAGE][PASSED] - Object: 'Object Repository/IWP30/Page_ACHPersonalPaymentEntry/rd_accountType' is clicked on

25-10-2024T02:51:38 - [MESSAGE][PASSED] - Text '365 Main Avenue' is set on object 'Object Repository/IWP30/Page_ACHPersonalPaymentEntry/txt_AL1'

25-10-2024T02:51:39 - [MESSAGE][PASSED] - Text '22201' is set on object 'Object Repository/IWP30/Page_ACHPersonalPaymentEntry/txt_ZIP'

25-10-2024T02:51:39 - [MESSAGE][PASSED] - Object 'Object Repository/IWP30/Page_ACHPersonalPaymentEntry/txt_Email' is present

25-10-2024T02:51:40 - [MESSAGE][PASSED] - Text 'iahmed@govolution.com' is set on object 'Object Repository/IWP30/Page_ACHPersonalPaymentEntry/txt_Email'

25-10-2024T02:51:40 - [MESSAGE][PASSED] - Object 'Object Repository/IWP30/Page_ACHPersonalPaymentEntry/cb_TermsAndCond' is present

25-10-2024T02:51:41 - [MESSAGE][PASSED] - Object: 'Object Repository/IWP30/Page_ACHPersonalPaymentEntry/cb_TermsAndCond' is clicked on

25-10-2024T02:51:41 - [MESSAGE][PASSED] - Object 'Object Repository/IWP30/Page_ACHPersonalPaymentEntry/btn_Continue' is present

25-10-2024T02:51:43 - [MESSAGE][PASSED] - Object: 'Object Repository/IWP30/Page_ACHPersonalPaymentEntry/btn_Continue' is clicked on

25-10-2024T02:51:43 - [MESSAGE][PASSED] - iwpPages.achPersonalPaymentEntryPage.setDataACHPPM is PASSED

25-10-2024T02:51:43 - [TEST_STEP][PASSED] - Thread.sleep(10000): null

25-10-2024T02:51:53 - [TEST_STEP][PASSED] - if (verifyTextPresent("Amount is greater than maximum", false)): null

25-10-2024T02:51:53 - [MESSAGE][PASSED] - Text 'Amount is greater than maximum' is present on page 

25-10-2024T02:51:53 - [TEST_STEP][PASSED] - println("Max Amount Error message shown"): null

25-10-2024T02:51:53 - [TEST_STEP][PASSED] - markPassed("Max Amount Error message shown"): Max Amount Error message shown

25-10-2024T02:51:53 - [MESSAGE][PASSED] - Max Amount Error message shown

25-10-2024T02:51:53 - [TEST_STEP][PASSED] - resText = "Pass": null

25-10-2024T02:51:53 - [TEST_STEP][PASSED] - pages.WriteExcel.demoKey(resText, datText, resColumn, datCloumn, fileLoc, nameSheet, row): pages.WriteExcel.demoKey is PASSED

25-10-2024T02:51:58 - [MESSAGE][PASSED] - pages.WriteExcel.demoKey is PASSED

25-10-2024T02:51:58 - [TEST_STEP][PASSED] - closeBrowser(): Browser is closed

25-10-2024T02:51:59 - [MESSAGE][PASSED] - Browser is closed

25-10-2024T02:51:59 - [TEST_STEP][PASSED] - ExecuteTC = findTestData(dataFile).getValue("Execute", row): null

25-10-2024T02:51:59 - [TEST_STEP][PASSED] - out.println("Value of Execute is : " + ExecuteTC): null

25-10-2024T02:51:59 - [TEST_STEP][FAILED] - if (ExecuteTC.equalsIgnoreCase("Y")): null

25-10-2024T02:51:59 - [TEST_STEP][PASSED] - out.println("Begin Record Number: " + row): null

25-10-2024T02:51:59 - [TEST_STEP][PASSED] - today = new java.util.Date(): null

25-10-2024T02:51:59 - [TEST_STEP][PASSED] - println(today): null

25-10-2024T02:51:59 - [TEST_STEP][PASSED] - datText = today: null

25-10-2024T02:51:59 - [TEST_STEP][PASSED] - EmulatorDataKey = findTestData(dataFile).getValue("EmulatorData", row): null

25-10-2024T02:51:59 - [TEST_STEP][PASSED] - out.println("Value of Emulator Key is : " + EmulatorDataKey): null

25-10-2024T02:51:59 - [TEST_STEP][PASSED] - iwpPages.emulatorIWP30.setDataEmulator_DD(EmulatorDataKey): iwpPages.emulatorIWP30.setDataEmulator_DD is PASSED

25-10-2024T02:52:00 - [MESSAGE][INFO] - Starting 'Edge Chromium' driver

25-10-2024T02:52:00 - [MESSAGE][INFO] - User set preference: ['acceptInsecureCerts', 'true']

25-10-2024T02:52:02 - [MESSAGE][INFO] - Action delay is set to 0 milliseconds

25-10-2024T02:52:07 - [MESSAGE][PASSED] - Browser is opened with url: 'https://qa2.velocitypayment.com/agencyx/config.action?action=editor&message_version=3_0'

25-10-2024T02:52:07 - [MESSAGE][PASSED] - Current window maximized

25-10-2024T02:52:39 - [MESSAGE][INFO] - Unable to find the element located by 'By.xpath: //select[@name='message_version']'. Please recheck the objects properties to make sure the desired element is located. 

25-10-2024T02:52:39 - [MESSAGE][WARNING] - [SELF-HEALING] Failed to find element with id 'Object Repository/IWP30/Page_VRelay30Emulator/MV'. Try using Self-healing.

25-10-2024T02:52:39 - [MESSAGE][WARNING] - [SELF-HEALING] The current locator of test object 'Object Repository/IWP30/Page_VRelay30Emulator/MV' was broken. Propose an alternative one: '(.//*[normalize-space(text()) and normalize-space(.)='Message Version'])[1]/following::select[1]'.

25-10-2024T02:52:39 - [MESSAGE][PASSED] - All options with value '3.0' are selected in object 'Object Repository/IWP30/Page_VRelay30Emulator/MV'  using regular expression

25-10-2024T02:52:40 - [MESSAGE][PASSED] - Text '10.50' is set on object 'Object Repository/IWP30/Page_EmulatorAgencyX/Amount'

25-10-2024T02:52:41 - [MESSAGE][PASSED] - Text 'vE4NQggAnsYQ' is set on object 'Object Repository/IWP30/Page_EmulatorAgencyX/CAN'

25-10-2024T02:52:41 - [MESSAGE][PASSED] - Text 'PayNow' is set on object 'Object Repository/IWP30/Page_EmulatorAgencyX/Action'

25-10-2024T02:52:42 - [MESSAGE][PASSED] - Text 'en_US' is set on object 'Object Repository/IWP30/Page_EmulatorAgencyX/Lang'

25-10-2024T02:52:42 - [MESSAGE][PASSED] - Text '' is set on object 'Object Repository/IWP30/Page_EmulatorAgencyX/Fname'

25-10-2024T02:52:43 - [MESSAGE][PASSED] - Text '' is set on object 'Object Repository/IWP30/Page_EmulatorAgencyX/Lname'

25-10-2024T02:52:44 - [MESSAGE][PASSED] - Text '' is set on object 'Object Repository/IWP30/Page_EmulatorAgencyX/AL1'

25-10-2024T02:52:44 - [MESSAGE][PASSED] - Text '' is set on object 'Object Repository/IWP30/Page_EmulatorAgencyX/AL2'

25-10-2024T02:52:45 - [MESSAGE][PASSED] - Text '' is set on object 'Object Repository/IWP30/Page_EmulatorAgencyX/Country'

25-10-2024T02:52:45 - [MESSAGE][PASSED] - Text '' is set on object 'Object Repository/IWP30/Page_EmulatorAgencyX/City'

25-10-2024T02:52:46 - [MESSAGE][PASSED] - Text '' is set on object 'Object Repository/IWP30/Page_EmulatorAgencyX/State'

25-10-2024T02:52:47 - [MESSAGE][PASSED] - Text '' is set on object 'Object Repository/IWP30/Page_EmulatorAgencyX/ZIP'

25-10-2024T02:52:47 - [MESSAGE][PASSED] - Text '' is set on object 'Object Repository/IWP30/Page_EmulatorAgencyX/Order'

25-10-2024T02:52:48 - [MESSAGE][PASSED] - Text '' is set on object 'Object Repository/IWP30/Page_EmulatorAgencyX/Company'

25-10-2024T02:52:48 - [MESSAGE][PASSED] - Text '' is set on object 'Object Repository/IWP30/Page_EmulatorAgencyX/Email'

25-10-2024T02:52:49 - [MESSAGE][PASSED] - Text '' is set on object 'Object Repository/IWP30/Page_EmulatorAgencyX/UDF1'

25-10-2024T02:52:49 - [MESSAGE][PASSED] - Text '' is set on object 'Object Repository/IWP30/Page_EmulatorAgencyX/UDF2'

25-10-2024T02:52:50 - [MESSAGE][PASSED] - Text '' is set on object 'Object Repository/IWP30/Page_EmulatorAgencyX/UDF3'

25-10-2024T02:52:51 - [MESSAGE][PASSED] - Text 'udf data 4' is set on object 'Object Repository/IWP30/Page_EmulatorAgencyX/UDF4'

25-10-2024T02:52:51 - [MESSAGE][PASSED] - Text 'udf data 5' is set on object 'Object Repository/IWP30/Page_EmulatorAgencyX/UDF5'

25-10-2024T02:52:52 - [MESSAGE][PASSED] - Text '' is set on object 'Object Repository/IWP30/Page_EmulatorAgencyX/UDF6'

25-10-2024T02:52:52 - [MESSAGE][PASSED] - Text '' is set on object 'Object Repository/IWP30/Page_EmulatorAgencyX/UDF7'

25-10-2024T02:52:53 - [MESSAGE][PASSED] - Text '' is set on object 'Object Repository/IWP30/Page_EmulatorAgencyX/UDF8'

25-10-2024T02:52:54 - [MESSAGE][PASSED] - Text 'udf data 9' is set on object 'Object Repository/IWP30/Page_EmulatorAgencyX/UDF9'

25-10-2024T02:52:54 - [MESSAGE][PASSED] - Text 'udf data 10' is set on object 'Object Repository/IWP30/Page_EmulatorAgencyX/UDF10'

25-10-2024T02:52:56 - [MESSAGE][PASSED] - Object: 'Object Repository/IWP30/Page_EmulatorAgencyX/Submit' is clicked on

25-10-2024T02:53:00 - [MESSAGE][PASSED] - Browser is closed

25-10-2024T02:53:04 - [MESSAGE][PASSED] - iwpPages.emulatorIWP30.setDataEmulator_DD is PASSED

25-10-2024T02:53:04 - [TEST_STEP][PASSED] - testHarnessURL = urlTestHarness: null

25-10-2024T02:53:04 - [TEST_STEP][PASSED] - openBrowser(testHarnessURL): Browser is opened with url: 'https://dev-algorithm.govolution.com/vrelaytest/QA2/version_2_2/vrelaytest.html'

25-10-2024T02:53:04 - [MESSAGE][INFO] - Starting 'Edge Chromium' driver

25-10-2024T02:53:04 - [MESSAGE][INFO] - User set preference: ['acceptInsecureCerts', 'true']

25-10-2024T02:53:06 - [MESSAGE][INFO] - Action delay is set to 0 milliseconds

25-10-2024T02:53:10 - [MESSAGE][PASSED] - Browser is opened with url: 'https://dev-algorithm.govolution.com/vrelaytest/QA2/version_2_2/vrelaytest.html'

25-10-2024T02:53:10 - [TEST_STEP][PASSED] - maximizeWindow(): Current window maximized

25-10-2024T02:53:10 - [MESSAGE][PASSED] - Current window maximized

25-10-2024T02:53:10 - [TEST_STEP][PASSED] - iwpPages.TestHarnessPage.setDataMethod(row, dataFile): iwpPages.TestHarnessPage.setDataMethod is PASSED

25-10-2024T02:53:10 - [MESSAGE][PASSED] - Object 'Object Repository/IWP30/Page_QATestHarness/RemittanceID' is present

25-10-2024T02:53:11 - [MESSAGE][PASSED] - Text '649' is set on object 'Object Repository/IWP30/Page_QATestHarness/ApplicationID'

25-10-2024T02:53:11 - [MESSAGE][PASSED] - Text '3.0' is set on object 'Object Repository/IWP30/Page_QATestHarness/MessageVersion'

25-10-2024T02:53:12 - [MESSAGE][PASSED] - Text 'VVC2nM9HLyti' is set on object 'Object Repository/IWP30/Page_QATestHarness/RemittanceID'

25-10-2024T02:53:16 - [MESSAGE][PASSED] - Object: 'Object Repository/IWP30/Page_QATestHarness/SubmitButton' is clicked on

25-10-2024T02:53:16 - [MESSAGE][PASSED] - iwpPages.TestHarnessPage.setDataMethod is PASSED

25-10-2024T02:53:16 - [TEST_STEP][PASSED] - click(findTestObject("Object Repository/IWP30/Page_SelectPaymentMethod/PayByPersonalCheck")): Object: 'Object Repository/IWP30/Page_SelectPaymentMethod/PayByPersonalCheck' is clicked on

25-10-2024T02:53:16 - [MESSAGE][PASSED] - Object: 'Object Repository/IWP30/Page_SelectPaymentMethod/PayByPersonalCheck' is clicked on

25-10-2024T02:53:16 - [TEST_STEP][PASSED] - click(findTestObject("Object Repository/IWP30/Page_SelectPaymentMethod/MakePaymentButton")): Object: 'Object Repository/IWP30/Page_SelectPaymentMethod/MakePaymentButton' is clicked on

25-10-2024T02:53:19 - [MESSAGE][PASSED] - Object: 'Object Repository/IWP30/Page_SelectPaymentMethod/MakePaymentButton' is clicked on

25-10-2024T02:53:19 - [TEST_STEP][PASSED] - iwpPages.achPersonalPaymentEntryPage.setDataACHPPM(row, dataFile): iwpPages.achPersonalPaymentEntryPage.setDataACHPPM is PASSED

25-10-2024T02:53:20 - [MESSAGE][PASSED] - Object 'Object Repository/IWP30/Page_ACHPersonalPaymentEntry/txt_accountNumber' is present

25-10-2024T02:53:20 - [MESSAGE][PASSED] - Text '200.50' is set on object 'Object Repository/IWP30/Page_ACHPersonalPaymentEntry/txt_Amount'

25-10-2024T02:53:21 - [MESSAGE][PASSED] - Object 'Object Repository/IWP30/Page_ACHPersonalPaymentEntry/txt_UDF2' is present

25-10-2024T02:53:21 - [MESSAGE][PASSED] - Text 'udf data 2' is set on object 'Object Repository/IWP30/Page_ACHPersonalPaymentEntry/txt_UDF2'

25-10-2024T02:53:22 - [MESSAGE][PASSED] - Text 'udf data 3' is set on object 'Object Repository/IWP30/Page_ACHPersonalPaymentEntry/txt_UDF3'

25-10-2024T02:53:22 - [MESSAGE][PASSED] - All options with label 'Orange' are selected in object 'Object Repository/IWP30/Page_ACHPersonalPaymentEntry/dd_UDF7' 

25-10-2024T02:53:23 - [MESSAGE][PASSED] - All options with label 'Soccer' are selected in object 'Object Repository/IWP30/Page_ACHPersonalPaymentEntry/dd_UDF8' 

25-10-2024T02:53:23 - [MESSAGE][PASSED] - Object 'Object Repository/IWP30/Page_ACHPersonalPaymentEntry/txt_Firstname' is present

25-10-2024T02:53:24 - [MESSAGE][PASSED] - Text '256072691' is set on object 'Object Repository/IWP30/Page_ACHPersonalPaymentEntry/txt_Firstname'

25-10-2024T02:53:24 - [MESSAGE][PASSED] - Object 'Object Repository/IWP30/Page_ACHPersonalPaymentEntry/txt_Lastname' is present

25-10-2024T02:53:25 - [MESSAGE][PASSED] - Text '12344444' is set on object 'Object Repository/IWP30/Page_ACHPersonalPaymentEntry/txt_Lastname'

25-10-2024T02:53:25 - [MESSAGE][PASSED] - Object 'Object Repository/IWP30/Page_ACHPersonalPaymentEntry/txt_routingNumber' is present

25-10-2024T02:53:26 - [MESSAGE][PASSED] - Text '123456789' is set on object 'Object Repository/IWP30/Page_ACHPersonalPaymentEntry/txt_routingNumber'

25-10-2024T02:53:26 - [MESSAGE][PASSED] - Object 'Object Repository/IWP30/Page_ACHPersonalPaymentEntry/txt_accountNumber' is present

25-10-2024T02:53:27 - [MESSAGE][PASSED] - Text '365 Main Avenue' is set on object 'Object Repository/IWP30/Page_ACHPersonalPaymentEntry/txt_accountNumber'

25-10-2024T02:53:27 - [MESSAGE][PASSED] - Object 'Object Repository/IWP30/Page_ACHPersonalPaymentEntry/txt_confirmAccountNumber' is present

25-10-2024T02:53:27 - [MESSAGE][PASSED] - Object 'Object Repository/IWP30/Page_ACHPersonalPaymentEntry/rd_accountType' is present

25-10-2024T02:53:28 - [MESSAGE][PASSED] - Text 'iahmed@govolution.com' is set on object 'Object Repository/IWP30/Page_ACHPersonalPaymentEntry/txt_AL1'

25-10-2024T02:53:28 - [MESSAGE][PASSED] - Object 'Object Repository/IWP30/Page_ACHPersonalPaymentEntry/txt_Email' is present

25-10-2024T02:53:29 - [MESSAGE][PASSED] - Object 'Object Repository/IWP30/Page_ACHPersonalPaymentEntry/cb_TermsAndCond' is present

25-10-2024T02:53:29 - [MESSAGE][PASSED] - Object: 'Object Repository/IWP30/Page_ACHPersonalPaymentEntry/cb_TermsAndCond' is clicked on

25-10-2024T02:53:29 - [MESSAGE][PASSED] - Object 'Object Repository/IWP30/Page_ACHPersonalPaymentEntry/btn_Continue' is present

25-10-2024T02:53:31 - [MESSAGE][PASSED] - Object: 'Object Repository/IWP30/Page_ACHPersonalPaymentEntry/btn_Continue' is clicked on

25-10-2024T02:53:31 - [MESSAGE][PASSED] - iwpPages.achPersonalPaymentEntryPage.setDataACHPPM is PASSED

25-10-2024T02:53:31 - [TEST_STEP][PASSED] - Thread.sleep(10000): null

25-10-2024T02:53:41 - [TEST_STEP][FAILED] - if (verifyTextPresent("Amount is greater than maximum", false)): Text 'Amount is greater than maximum' is not present on page  (Root cause: com.kms.katalon.core.exception.StepFailedException: Text 'Amount is greater than maximum' is not present on page 
	at com.kms.katalon.core.webui.keyword.internal.WebUIKeywordMain.stepFailed(WebUIKeywordMain.groovy:64)
	at com.kms.katalon.core.webui.keyword.builtin.VerifyTextPresentKeyword$_verifyTextPresent_closure1.doCall(VerifyTextPresentKeyword.groovy:79)
	at com.kms.katalon.core.webui.keyword.builtin.VerifyTextPresentKeyword$_verifyTextPresent_closure1.call(VerifyTextPresentKeyword.groovy)
	at com.kms.katalon.core.webui.keyword.internal.WebUIKeywordMain.runKeyword(WebUIKeywordMain.groovy:20)
	at com.kms.katalon.core.webui.keyword.builtin.VerifyTextPresentKeyword.verifyTextPresent(VerifyTextPresentKeyword.groovy:83)
	at com.kms.katalon.core.webui.keyword.builtin.VerifyTextPresentKeyword.execute(VerifyTextPresentKeyword.groovy:68)
	at com.kms.katalon.core.keyword.internal.KeywordExecutor.executeKeywordForPlatform(KeywordExecutor.groovy:74)
	at com.kms.katalon.core.webui.keyword.WebUiBuiltInKeywords.verifyTextPresent(WebUiBuiltInKeywords.groovy:1762)
	at MaxAmountErrorPC.run(MaxAmountErrorPC:86)
	at com.kms.katalon.core.main.ScriptEngine.run(ScriptEngine.java:194)
	at com.kms.katalon.core.main.ScriptEngine.runScriptAsRawText(ScriptEngine.java:119)
	at com.kms.katalon.core.main.TestCaseExecutor.runScript(TestCaseExecutor.java:448)
	at com.kms.katalon.core.main.TestCaseExecutor.doExecute(TestCaseExecutor.java:439)
	at com.kms.katalon.core.main.TestCaseExecutor.processExecutionPhase(TestCaseExecutor.java:418)
	at com.kms.katalon.core.main.TestCaseExecutor.accessMainPhase(TestCaseExecutor.java:410)
	at com.kms.katalon.core.main.TestCaseExecutor.execute(TestCaseExecutor.java:285)
	at com.kms.katalon.core.common.CommonExecutor.accessTestCaseMainPhase(CommonExecutor.java:65)
	at com.kms.katalon.core.main.TestSuiteExecutor.accessTestSuiteMainPhase(TestSuiteExecutor.java:150)
	at com.kms.katalon.core.main.TestSuiteExecutor.execute(TestSuiteExecutor.java:106)
	at com.kms.katalon.core.main.TestCaseMain.startTestSuite(TestCaseMain.java:180)
	at TempTestSuite1729787045812.run(TempTestSuite1729787045812.groovy:35)
	at java.base/jdk.internal.reflect.NativeMethodAccessorImpl.invoke0(Native Method)
	at java.base/jdk.internal.reflect.NativeMethodAccessorImpl.invoke(NativeMethodAccessorImpl.java:77)
	at java.base/jdk.internal.reflect.DelegatingMethodAccessorImpl.invoke(DelegatingMethodAccessorImpl.java:43)
)

25-10-2024T02:53:41 - [MESSAGE][FAILED] - Text 'Amount is greater than maximum' is not present on page  (Root cause: com.kms.katalon.core.exception.StepFailedException: Text 'Amount is greater than maximum' is not present on page 
	at com.kms.katalon.core.webui.keyword.internal.WebUIKeywordMain.stepFailed(WebUIKeywordMain.groovy:64)
	at com.kms.katalon.core.webui.keyword.builtin.VerifyTextPresentKeyword$_verifyTextPresent_closure1.doCall(VerifyTextPresentKeyword.groovy:79)
	at com.kms.katalon.core.webui.keyword.builtin.VerifyTextPresentKeyword$_verifyTextPresent_closure1.call(VerifyTextPresentKeyword.groovy)
	at com.kms.katalon.core.webui.keyword.internal.WebUIKeywordMain.runKeyword(WebUIKeywordMain.groovy:20)
	at com.kms.katalon.core.webui.keyword.builtin.VerifyTextPresentKeyword.verifyTextPresent(VerifyTextPresentKeyword.groovy:83)
	at com.kms.katalon.core.webui.keyword.builtin.VerifyTextPresentKeyword.execute(VerifyTextPresentKeyword.groovy:68)
	at com.kms.katalon.core.keyword.internal.KeywordExecutor.executeKeywordForPlatform(KeywordExecutor.groovy:74)
	at com.kms.katalon.core.webui.keyword.WebUiBuiltInKeywords.verifyTextPresent(WebUiBuiltInKeywords.groovy:1762)
	at MaxAmountErrorPC.run(MaxAmountErrorPC:86)
	at com.kms.katalon.core.main.ScriptEngine.run(ScriptEngine.java:194)
	at com.kms.katalon.core.main.ScriptEngine.runScriptAsRawText(ScriptEngine.java:119)
	at com.kms.katalon.core.main.TestCaseExecutor.runScript(TestCaseExecutor.java:448)
	at com.kms.katalon.core.main.TestCaseExecutor.doExecute(TestCaseExecutor.java:439)
	at com.kms.katalon.core.main.TestCaseExecutor.processExecutionPhase(TestCaseExecutor.java:418)
	at com.kms.katalon.core.main.TestCaseExecutor.accessMainPhase(TestCaseExecutor.java:410)
	at com.kms.katalon.core.main.TestCaseExecutor.execute(TestCaseExecutor.java:285)
	at com.kms.katalon.core.common.CommonExecutor.accessTestCaseMainPhase(CommonExecutor.java:65)
	at com.kms.katalon.core.main.TestSuiteExecutor.accessTestSuiteMainPhase(TestSuiteExecutor.java:150)
	at com.kms.katalon.core.main.TestSuiteExecutor.execute(TestSuiteExecutor.java:106)
	at com.kms.katalon.core.main.TestCaseMain.startTestSuite(TestCaseMain.java:180)
	at TempTestSuite1729787045812.run(TempTestSuite1729787045812.groovy:35)
	at java.base/jdk.internal.reflect.NativeMethodAccessorImpl.invoke0(Native Method)
	at java.base/jdk.internal.reflect.NativeMethodAccessorImpl.invoke(NativeMethodAccessorImpl.java:77)
	at java.base/jdk.internal.reflect.DelegatingMethodAccessorImpl.invoke(DelegatingMethodAccessorImpl.java:43)
)

25-10-2024T02:53:41 - [TEST_STEP][PASSED] - else: pages.WriteExcel.demoKey is PASSED

25-10-2024T02:53:41 - [TEST_STEP][PASSED] - println("Max Amount Error message not shown"): null

25-10-2024T02:53:41 - [TEST_STEP][PASSED] - resText = "Fail": null

25-10-2024T02:53:41 - [TEST_STEP][PASSED] - pages.WriteExcel.demoKey(resText, datText, resColumn, datCloumn, fileLoc, nameSheet, row): pages.WriteExcel.demoKey is PASSED

25-10-2024T02:53:41 - [MESSAGE][PASSED] - pages.WriteExcel.demoKey is PASSED

25-10-2024T02:53:41 - [TEST_STEP][PASSED] - closeBrowser(): Browser is closed

25-10-2024T02:53:42 - [MESSAGE][PASSED] - Browser is closed]]></system-out>
         <system-err><![CDATA[25-10-2024T02:50:01 - [TEST_CASE][FAILED] - Test Cases/IntegratedWeb/IWP25/Error/MaxAmountErrorPC: Test Cases/IntegratedWeb/IWP25/Error/MaxAmountErrorPC FAILED.
Reason:
com.kms.katalon.core.exception.StepFailedException: Text 'Amount is greater than maximum' is not present on page  (Root cause: com.kms.katalon.core.exception.StepFailedException: Text 'Amount is greater than maximum' is not present on page 
	at com.kms.katalon.core.webui.keyword.internal.WebUIKeywordMain.stepFailed(WebUIKeywordMain.groovy:64)
	at com.kms.katalon.core.webui.keyword.builtin.VerifyTextPresentKeyword$_verifyTextPresent_closure1.doCall(VerifyTextPresentKeyword.groovy:79)
	at com.kms.katalon.core.webui.keyword.builtin.VerifyTextPresentKeyword$_verifyTextPresent_closure1.call(VerifyTextPresentKeyword.groovy)
	at com.kms.katalon.core.webui.keyword.internal.WebUIKeywordMain.runKeyword(WebUIKeywordMain.groovy:20)
	at com.kms.katalon.core.webui.keyword.builtin.VerifyTextPresentKeyword.verifyTextPresent(VerifyTextPresentKeyword.groovy:83)
	at com.kms.katalon.core.webui.keyword.builtin.VerifyTextPresentKeyword.execute(VerifyTextPresentKeyword.groovy:68)
	at com.kms.katalon.core.keyword.internal.KeywordExecutor.executeKeywordForPlatform(KeywordExecutor.groovy:74)
	at com.kms.katalon.core.webui.keyword.WebUiBuiltInKeywords.verifyTextPresent(WebUiBuiltInKeywords.groovy:1762)
	at MaxAmountErrorPC.run(MaxAmountErrorPC:86)
	at com.kms.katalon.core.main.ScriptEngine.run(ScriptEngine.java:194)
	at com.kms.katalon.core.main.ScriptEngine.runScriptAsRawText(ScriptEngine.java:119)
	at com.kms.katalon.core.main.TestCaseExecutor.runScript(TestCaseExecutor.java:448)
	at com.kms.katalon.core.main.TestCaseExecutor.doExecute(TestCaseExecutor.java:439)
	at com.kms.katalon.core.main.TestCaseExecutor.processExecutionPhase(TestCaseExecutor.java:418)
	at com.kms.katalon.core.main.TestCaseExecutor.accessMainPhase(TestCaseExecutor.java:410)
	at com.kms.katalon.core.main.TestCaseExecutor.execute(TestCaseExecutor.java:285)
	at com.kms.katalon.core.common.CommonExecutor.accessTestCaseMainPhase(CommonExecutor.java:65)
	at com.kms.katalon.core.main.TestSuiteExecutor.accessTestSuiteMainPhase(TestSuiteExecutor.java:150)
	at com.kms.katalon.core.main.TestSuiteExecutor.execute(TestSuiteExecutor.java:106)
	at com.kms.katalon.core.main.TestCaseMain.startTestSuite(TestCaseMain.java:180)
	at TempTestSuite1729787045812.run(TempTestSuite1729787045812.groovy:35)
	at java.base/jdk.internal.reflect.NativeMethodAccessorImpl.invoke0(Native Method)
	at java.base/jdk.internal.reflect.NativeMethodAccessorImpl.invoke(NativeMethodAccessorImpl.java:77)
	at java.base/jdk.internal.reflect.DelegatingMethodAccessorImpl.invoke(DelegatingMethodAccessorImpl.java:43)
)
	at com.kms.katalon.core.keyword.internal.KeywordMain.stepFailed(KeywordMain.groovy:39)
	at com.kms.katalon.core.webui.keyword.internal.WebUIKeywordMain.stepFailed(WebUIKeywordMain.groovy:64)
	at com.kms.katalon.core.webui.keyword.builtin.VerifyTextPresentKeyword$_verifyTextPresent_closure1.doCall(VerifyTextPresentKeyword.groovy:79)
	at com.kms.katalon.core.webui.keyword.builtin.VerifyTextPresentKeyword$_verifyTextPresent_closure1.call(VerifyTextPresentKeyword.groovy)
	at com.kms.katalon.core.webui.keyword.internal.WebUIKeywordMain.runKeyword(WebUIKeywordMain.groovy:20)
	at com.kms.katalon.core.webui.keyword.builtin.VerifyTextPresentKeyword.verifyTextPresent(VerifyTextPresentKeyword.groovy:83)
	at com.kms.katalon.core.webui.keyword.builtin.VerifyTextPresentKeyword.execute(VerifyTextPresentKeyword.groovy:68)
	at com.kms.katalon.core.keyword.internal.KeywordExecutor.executeKeywordForPlatform(KeywordExecutor.groovy:74)
	at com.kms.katalon.core.webui.keyword.WebUiBuiltInKeywords.verifyTextPresent(WebUiBuiltInKeywords.groovy:1762)
	at MaxAmountErrorPC.run(MaxAmountErrorPC:86)
	at com.kms.katalon.core.main.ScriptEngine.run(ScriptEngine.java:194)
	at com.kms.katalon.core.main.ScriptEngine.runScriptAsRawText(ScriptEngine.java:119)
	at com.kms.katalon.core.main.TestCaseExecutor.runScript(TestCaseExecutor.java:448)
	at com.kms.katalon.core.main.TestCaseExecutor.doExecute(TestCaseExecutor.java:439)
	at com.kms.katalon.core.main.TestCaseExecutor.processExecutionPhase(TestCaseExecutor.java:418)
	at com.kms.katalon.core.main.TestCaseExecutor.accessMainPhase(TestCaseExecutor.java:410)
	at com.kms.katalon.core.main.TestCaseExecutor.execute(TestCaseExecutor.java:285)
	at com.kms.katalon.core.common.CommonExecutor.accessTestCaseMainPhase(CommonExecutor.java:65)
	at com.kms.katalon.core.main.TestSuiteExecutor.accessTestSuiteMainPhase(TestSuiteExecutor.java:150)
	at com.kms.katalon.core.main.TestSuiteExecutor.execute(TestSuiteExecutor.java:106)
	at com.kms.katalon.core.main.TestCaseMain.startTestSuite(TestCaseMain.java:180)
	at TempTestSuite1729787045812.run(TempTestSuite1729787045812.groovy:35)
	at java.base/jdk.internal.reflect.NativeMethodAccessorImpl.invoke0(Native Method)
	at java.base/jdk.internal.reflect.NativeMethodAccessorImpl.invoke(NativeMethodAccessorImpl.java:77)
	at java.base/jdk.internal.reflect.DelegatingMethodAccessorImpl.invoke(DelegatingMethodAccessorImpl.java:43)
Caused by: com.kms.katalon.core.exception.StepFailedException: Text 'Amount is greater than maximum' is not present on page 
	... 24 more]]></system-err>
      </testcase>
      <testcase name="Test Cases/IntegratedWeb/IWP25/Error/MaxAmountErrorPS" time="205.453" classname="Test Cases/IntegratedWeb/IWP25/Error/MaxAmountErrorPS" status="FAILED">
         <failure type="FAILED" message="Test Cases/IntegratedWeb/IWP25/Error/MaxAmountErrorPS FAILED.&#xa;Reason:&#xa;com.kms.katalon.core.exception.StepFailedException: Text 'Amount is greater than maximum' is not present on page  (Root cause: com.kms.katalon.core.exception.StepFailedException: Text 'Amount is greater than maximum' is not present on page &#xa;	at com.kms.katalon.core.webui.keyword.internal.WebUIKeywordMain.stepFailed(WebUIKeywordMain.groovy:64)&#xa;	at com.kms.katalon.core.webui.keyword.builtin.VerifyTextPresentKeyword$_verifyTextPresent_closure1.doCall(VerifyTextPresentKeyword.groovy:79)&#xa;	at com.kms.katalon.core.webui.keyword.builtin.VerifyTextPresentKeyword$_verifyTextPresent_closure1.call(VerifyTextPresentKeyword.groovy)&#xa;	at com.kms.katalon.core.webui.keyword.internal.WebUIKeywordMain.runKeyword(WebUIKeywordMain.groovy:20)&#xa;	at com.kms.katalon.core.webui.keyword.builtin.VerifyTextPresentKeyword.verifyTextPresent(VerifyTextPresentKeyword.groovy:83)&#xa;	at com.kms.katalon.core.webui.keyword.builtin.VerifyTextPresentKeyword.execute(VerifyTextPresentKeyword.groovy:68)&#xa;	at com.kms.katalon.core.keyword.internal.KeywordExecutor.executeKeywordForPlatform(KeywordExecutor.groovy:74)&#xa;	at com.kms.katalon.core.webui.keyword.WebUiBuiltInKeywords.verifyTextPresent(WebUiBuiltInKeywords.groovy:1762)&#xa;	at MaxAmountErrorPS.run(MaxAmountErrorPS:86)&#xa;	at com.kms.katalon.core.main.ScriptEngine.run(ScriptEngine.java:194)&#xa;	at com.kms.katalon.core.main.ScriptEngine.runScriptAsRawText(ScriptEngine.java:119)&#xa;	at com.kms.katalon.core.main.TestCaseExecutor.runScript(TestCaseExecutor.java:448)&#xa;	at com.kms.katalon.core.main.TestCaseExecutor.doExecute(TestCaseExecutor.java:439)&#xa;	at com.kms.katalon.core.main.TestCaseExecutor.processExecutionPhase(TestCaseExecutor.java:418)&#xa;	at com.kms.katalon.core.main.TestCaseExecutor.accessMainPhase(TestCaseExecutor.java:410)&#xa;	at com.kms.katalon.core.main.TestCaseExecutor.execute(TestCaseExecutor.java:285)&#xa;	at com.kms.katalon.core.common.CommonExecutor.accessTestCaseMainPhase(CommonExecutor.java:65)&#xa;	at com.kms.katalon.core.main.TestSuiteExecutor.accessTestSuiteMainPhase(TestSuiteExecutor.java:150)&#xa;	at com.kms.katalon.core.main.TestSuiteExecutor.execute(TestSuiteExecutor.java:106)&#xa;	at com.kms.katalon.core.main.TestCaseMain.startTestSuite(TestCaseMain.java:180)&#xa;	at TempTestSuite1729787045812.run(TempTestSuite1729787045812.groovy:35)&#xa;	at java.base/jdk.internal.reflect.NativeMethodAccessorImpl.invoke0(Native Method)&#xa;	at java.base/jdk.internal.reflect.NativeMethodAccessorImpl.invoke(NativeMethodAccessorImpl.java:77)&#xa;	at java.base/jdk.internal.reflect.DelegatingMethodAccessorImpl.invoke(DelegatingMethodAccessorImpl.java:43)&#xa;)&#xa;	at com.kms.katalon.core.keyword.internal.KeywordMain.stepFailed(KeywordMain.groovy:39)&#xa;	at com.kms.katalon.core.webui.keyword.internal.WebUIKeywordMain.stepFailed(WebUIKeywordMain.groovy:64)&#xa;	at com.kms.katalon.core.webui.keyword.builtin.VerifyTextPresentKeyword$_verifyTextPresent_closure1.doCall(VerifyTextPresentKeyword.groovy:79)&#xa;	at com.kms.katalon.core.webui.keyword.builtin.VerifyTextPresentKeyword$_verifyTextPresent_closure1.call(VerifyTextPresentKeyword.groovy)&#xa;	at com.kms.katalon.core.webui.keyword.internal.WebUIKeywordMain.runKeyword(WebUIKeywordMain.groovy:20)&#xa;	at com.kms.katalon.core.webui.keyword.builtin.VerifyTextPresentKeyword.verifyTextPresent(VerifyTextPresentKeyword.groovy:83)&#xa;	at com.kms.katalon.core.webui.keyword.builtin.VerifyTextPresentKeyword.execute(VerifyTextPresentKeyword.groovy:68)&#xa;	at com.kms.katalon.core.keyword.internal.KeywordExecutor.executeKeywordForPlatform(KeywordExecutor.groovy:74)&#xa;	at com.kms.katalon.core.webui.keyword.WebUiBuiltInKeywords.verifyTextPresent(WebUiBuiltInKeywords.groovy:1762)&#xa;	at MaxAmountErrorPS.run(MaxAmountErrorPS:86)&#xa;	at com.kms.katalon.core.main.ScriptEngine.run(ScriptEngine.java:194)&#xa;	at com.kms.katalon.core.main.ScriptEngine.runScriptAsRawText(ScriptEngine.java:119)&#xa;	at com.kms.katalon.core.main.TestCaseExecutor.runScript(TestCaseExecutor.java:448)&#xa;	at com.kms.katalon.core.main.TestCaseExecutor.doExecute(TestCaseExecutor.java:439)&#xa;	at com.kms.katalon.core.main.TestCaseExecutor.processExecutionPhase(TestCaseExecutor.java:418)&#xa;	at com.kms.katalon.core.main.TestCaseExecutor.accessMainPhase(TestCaseExecutor.java:410)&#xa;	at com.kms.katalon.core.main.TestCaseExecutor.execute(TestCaseExecutor.java:285)&#xa;	at com.kms.katalon.core.common.CommonExecutor.accessTestCaseMainPhase(CommonExecutor.java:65)&#xa;	at com.kms.katalon.core.main.TestSuiteExecutor.accessTestSuiteMainPhase(TestSuiteExecutor.java:150)&#xa;	at com.kms.katalon.core.main.TestSuiteExecutor.execute(TestSuiteExecutor.java:106)&#xa;	at com.kms.katalon.core.main.TestCaseMain.startTestSuite(TestCaseMain.java:180)&#xa;	at TempTestSuite1729787045812.run(TempTestSuite1729787045812.groovy:35)&#xa;	at java.base/jdk.internal.reflect.NativeMethodAccessorImpl.invoke0(Native Method)&#xa;	at java.base/jdk.internal.reflect.NativeMethodAccessorImpl.invoke(NativeMethodAccessorImpl.java:77)&#xa;	at java.base/jdk.internal.reflect.DelegatingMethodAccessorImpl.invoke(DelegatingMethodAccessorImpl.java:43)&#xa;Caused by: com.kms.katalon.core.exception.StepFailedException: Text 'Amount is greater than maximum' is not present on page &#xa;	... 24 more&#xa;"/>
         <system-out><![CDATA[25-10-2024T02:53:42 - [TEST_CASE][FAILED] - Test Cases/IntegratedWeb/IWP25/Error/MaxAmountErrorPS: Test Cases/IntegratedWeb/IWP25/Error/MaxAmountErrorPS FAILED.
Reason:
com.kms.katalon.core.exception.StepFailedException: Text 'Amount is greater than maximum' is not present on page  (Root cause: com.kms.katalon.core.exception.StepFailedException: Text 'Amount is greater than maximum' is not present on page 
	at com.kms.katalon.core.webui.keyword.internal.WebUIKeywordMain.stepFailed(WebUIKeywordMain.groovy:64)
	at com.kms.katalon.core.webui.keyword.builtin.VerifyTextPresentKeyword$_verifyTextPresent_closure1.doCall(VerifyTextPresentKeyword.groovy:79)
	at com.kms.katalon.core.webui.keyword.builtin.VerifyTextPresentKeyword$_verifyTextPresent_closure1.call(VerifyTextPresentKeyword.groovy)
	at com.kms.katalon.core.webui.keyword.internal.WebUIKeywordMain.runKeyword(WebUIKeywordMain.groovy:20)
	at com.kms.katalon.core.webui.keyword.builtin.VerifyTextPresentKeyword.verifyTextPresent(VerifyTextPresentKeyword.groovy:83)
	at com.kms.katalon.core.webui.keyword.builtin.VerifyTextPresentKeyword.execute(VerifyTextPresentKeyword.groovy:68)
	at com.kms.katalon.core.keyword.internal.KeywordExecutor.executeKeywordForPlatform(KeywordExecutor.groovy:74)
	at com.kms.katalon.core.webui.keyword.WebUiBuiltInKeywords.verifyTextPresent(WebUiBuiltInKeywords.groovy:1762)
	at MaxAmountErrorPS.run(MaxAmountErrorPS:86)
	at com.kms.katalon.core.main.ScriptEngine.run(ScriptEngine.java:194)
	at com.kms.katalon.core.main.ScriptEngine.runScriptAsRawText(ScriptEngine.java:119)
	at com.kms.katalon.core.main.TestCaseExecutor.runScript(TestCaseExecutor.java:448)
	at com.kms.katalon.core.main.TestCaseExecutor.doExecute(TestCaseExecutor.java:439)
	at com.kms.katalon.core.main.TestCaseExecutor.processExecutionPhase(TestCaseExecutor.java:418)
	at com.kms.katalon.core.main.TestCaseExecutor.accessMainPhase(TestCaseExecutor.java:410)
	at com.kms.katalon.core.main.TestCaseExecutor.execute(TestCaseExecutor.java:285)
	at com.kms.katalon.core.common.CommonExecutor.accessTestCaseMainPhase(CommonExecutor.java:65)
	at com.kms.katalon.core.main.TestSuiteExecutor.accessTestSuiteMainPhase(TestSuiteExecutor.java:150)
	at com.kms.katalon.core.main.TestSuiteExecutor.execute(TestSuiteExecutor.java:106)
	at com.kms.katalon.core.main.TestCaseMain.startTestSuite(TestCaseMain.java:180)
	at TempTestSuite1729787045812.run(TempTestSuite1729787045812.groovy:35)
	at java.base/jdk.internal.reflect.NativeMethodAccessorImpl.invoke0(Native Method)
	at java.base/jdk.internal.reflect.NativeMethodAccessorImpl.invoke(NativeMethodAccessorImpl.java:77)
	at java.base/jdk.internal.reflect.DelegatingMethodAccessorImpl.invoke(DelegatingMethodAccessorImpl.java:43)
)
	at com.kms.katalon.core.keyword.internal.KeywordMain.stepFailed(KeywordMain.groovy:39)
	at com.kms.katalon.core.webui.keyword.internal.WebUIKeywordMain.stepFailed(WebUIKeywordMain.groovy:64)
	at com.kms.katalon.core.webui.keyword.builtin.VerifyTextPresentKeyword$_verifyTextPresent_closure1.doCall(VerifyTextPresentKeyword.groovy:79)
	at com.kms.katalon.core.webui.keyword.builtin.VerifyTextPresentKeyword$_verifyTextPresent_closure1.call(VerifyTextPresentKeyword.groovy)
	at com.kms.katalon.core.webui.keyword.internal.WebUIKeywordMain.runKeyword(WebUIKeywordMain.groovy:20)
	at com.kms.katalon.core.webui.keyword.builtin.VerifyTextPresentKeyword.verifyTextPresent(VerifyTextPresentKeyword.groovy:83)
	at com.kms.katalon.core.webui.keyword.builtin.VerifyTextPresentKeyword.execute(VerifyTextPresentKeyword.groovy:68)
	at com.kms.katalon.core.keyword.internal.KeywordExecutor.executeKeywordForPlatform(KeywordExecutor.groovy:74)
	at com.kms.katalon.core.webui.keyword.WebUiBuiltInKeywords.verifyTextPresent(WebUiBuiltInKeywords.groovy:1762)
	at MaxAmountErrorPS.run(MaxAmountErrorPS:86)
	at com.kms.katalon.core.main.ScriptEngine.run(ScriptEngine.java:194)
	at com.kms.katalon.core.main.ScriptEngine.runScriptAsRawText(ScriptEngine.java:119)
	at com.kms.katalon.core.main.TestCaseExecutor.runScript(TestCaseExecutor.java:448)
	at com.kms.katalon.core.main.TestCaseExecutor.doExecute(TestCaseExecutor.java:439)
	at com.kms.katalon.core.main.TestCaseExecutor.processExecutionPhase(TestCaseExecutor.java:418)
	at com.kms.katalon.core.main.TestCaseExecutor.accessMainPhase(TestCaseExecutor.java:410)
	at com.kms.katalon.core.main.TestCaseExecutor.execute(TestCaseExecutor.java:285)
	at com.kms.katalon.core.common.CommonExecutor.accessTestCaseMainPhase(CommonExecutor.java:65)
	at com.kms.katalon.core.main.TestSuiteExecutor.accessTestSuiteMainPhase(TestSuiteExecutor.java:150)
	at com.kms.katalon.core.main.TestSuiteExecutor.execute(TestSuiteExecutor.java:106)
	at com.kms.katalon.core.main.TestCaseMain.startTestSuite(TestCaseMain.java:180)
	at TempTestSuite1729787045812.run(TempTestSuite1729787045812.groovy:35)
	at java.base/jdk.internal.reflect.NativeMethodAccessorImpl.invoke0(Native Method)
	at java.base/jdk.internal.reflect.NativeMethodAccessorImpl.invoke(NativeMethodAccessorImpl.java:77)
	at java.base/jdk.internal.reflect.DelegatingMethodAccessorImpl.invoke(DelegatingMethodAccessorImpl.java:43)
Caused by: com.kms.katalon.core.exception.StepFailedException: Text 'Amount is greater than maximum' is not present on page 
	... 24 more


25-10-2024T02:53:42 - [TEST_STEP][PASSED] - resText = "Fail": null

25-10-2024T02:53:42 - [TEST_STEP][PASSED] - resColumn = "Result": null

25-10-2024T02:53:42 - [TEST_STEP][PASSED] - datCloumn = "Date": null

25-10-2024T02:53:42 - [TEST_STEP][PASSED] - fileLoc = "KatalonData/IWPTestData/VRelay25Payments.xlsx": null

25-10-2024T02:53:42 - [TEST_STEP][PASSED] - numOfRows = <not implemented yet for class: org.codehaus.groovy.ast.expr.EmptyExpression>: null

25-10-2024T02:53:42 - [TEST_STEP][PASSED] - dataFile = <not implemented yet for class: org.codehaus.groovy.ast.expr.EmptyExpression>: null

25-10-2024T02:53:42 - [TEST_STEP][PASSED] - nameSheet = <not implemented yet for class: org.codehaus.groovy.ast.expr.EmptyExpression>: null

25-10-2024T02:53:42 - [TEST_STEP][PASSED] - dataFileEmulator = <not implemented yet for class: org.codehaus.groovy.ast.expr.EmptyExpression>: null

25-10-2024T02:53:42 - [TEST_STEP][PASSED] - nameSheet = "MaxAmountErrorPS": null

25-10-2024T02:53:42 - [TEST_STEP][PASSED] - dataFile = "IWPTestData/IWP25MaxAmountErrorPS": null

25-10-2024T02:53:42 - [TEST_STEP][PASSED] - dataFileEmulator = "IWPTestData/EmulatorData": null

25-10-2024T02:53:42 - [TEST_STEP][PASSED] - numOfRows = findTestData(dataFile).getRowNumbers(): null

25-10-2024T02:53:43 - [TEST_STEP][PASSED] - println("Number of Records: " + numOfRows): null

25-10-2024T02:53:43 - [TEST_STEP][FAILED] - for ([row = 1, row <= numOfRows, (row++)]): null

25-10-2024T02:53:43 - [TEST_STEP][PASSED] - ExecuteTC = findTestData(dataFile).getValue("Execute", row): null

25-10-2024T02:53:43 - [TEST_STEP][PASSED] - out.println("Value of Execute is : " + ExecuteTC): null

25-10-2024T02:53:43 - [TEST_STEP][PASSED] - if (ExecuteTC.equalsIgnoreCase("Y")): null

25-10-2024T02:53:43 - [TEST_STEP][PASSED] - out.println("Begin Record Number: " + row): null

25-10-2024T02:53:43 - [TEST_STEP][PASSED] - today = new java.util.Date(): null

25-10-2024T02:53:43 - [TEST_STEP][PASSED] - println(today): null

25-10-2024T02:53:43 - [TEST_STEP][PASSED] - datText = today: null

25-10-2024T02:53:43 - [TEST_STEP][PASSED] - EmulatorDataKey = findTestData(dataFile).getValue("EmulatorData", row): null

25-10-2024T02:53:43 - [TEST_STEP][PASSED] - out.println("Value of Emulator Key is : " + EmulatorDataKey): null

25-10-2024T02:53:43 - [TEST_STEP][PASSED] - iwpPages.emulatorIWP30.setDataEmulator_DD(EmulatorDataKey): iwpPages.emulatorIWP30.setDataEmulator_DD is PASSED

25-10-2024T02:53:43 - [MESSAGE][INFO] - Starting 'Edge Chromium' driver

25-10-2024T02:53:43 - [MESSAGE][INFO] - User set preference: ['acceptInsecureCerts', 'true']

25-10-2024T02:53:45 - [MESSAGE][INFO] - Action delay is set to 0 milliseconds

25-10-2024T02:53:49 - [MESSAGE][PASSED] - Browser is opened with url: 'https://qa2.velocitypayment.com/agencyx/config.action?action=editor&message_version=2_5'

25-10-2024T02:53:49 - [MESSAGE][PASSED] - Current window maximized

25-10-2024T02:54:21 - [MESSAGE][INFO] - Unable to find the element located by 'By.xpath: //select[@name='message_version']'. Please recheck the objects properties to make sure the desired element is located. 

25-10-2024T02:54:21 - [MESSAGE][WARNING] - [SELF-HEALING] Failed to find element with id 'Object Repository/IWP30/Page_VRelay30Emulator/MV'. Try using Self-healing.

25-10-2024T02:54:21 - [MESSAGE][WARNING] - [SELF-HEALING] The current locator of test object 'Object Repository/IWP30/Page_VRelay30Emulator/MV' was broken. Propose an alternative one: '(.//*[normalize-space(text()) and normalize-space(.)='Message Version'])[1]/following::select[1]'.

25-10-2024T02:54:21 - [MESSAGE][PASSED] - All options with value '2.5' are selected in object 'Object Repository/IWP30/Page_VRelay30Emulator/MV'  using regular expression

25-10-2024T02:54:22 - [MESSAGE][PASSED] - Text '10.50' is set on object 'Object Repository/IWP30/Page_EmulatorAgencyX/Amount'

25-10-2024T02:54:23 - [MESSAGE][PASSED] - Text 'Pj1CkaMPE0LF' is set on object 'Object Repository/IWP30/Page_EmulatorAgencyX/CAN'

25-10-2024T02:54:23 - [MESSAGE][PASSED] - Text 'PayNow' is set on object 'Object Repository/IWP30/Page_EmulatorAgencyX/Action'

25-10-2024T02:54:24 - [MESSAGE][PASSED] - Text 'en_US' is set on object 'Object Repository/IWP30/Page_EmulatorAgencyX/Lang'

25-10-2024T02:54:25 - [MESSAGE][PASSED] - Text '' is set on object 'Object Repository/IWP30/Page_EmulatorAgencyX/Fname'

25-10-2024T02:54:25 - [MESSAGE][PASSED] - Text '' is set on object 'Object Repository/IWP30/Page_EmulatorAgencyX/Lname'

25-10-2024T02:54:26 - [MESSAGE][PASSED] - Text '' is set on object 'Object Repository/IWP30/Page_EmulatorAgencyX/AL1'

25-10-2024T02:54:26 - [MESSAGE][PASSED] - Text '' is set on object 'Object Repository/IWP30/Page_EmulatorAgencyX/AL2'

25-10-2024T02:54:27 - [MESSAGE][PASSED] - Text '' is set on object 'Object Repository/IWP30/Page_EmulatorAgencyX/Country'

25-10-2024T02:54:28 - [MESSAGE][PASSED] - Text '' is set on object 'Object Repository/IWP30/Page_EmulatorAgencyX/City'

25-10-2024T02:54:28 - [MESSAGE][PASSED] - Text '' is set on object 'Object Repository/IWP30/Page_EmulatorAgencyX/State'

25-10-2024T02:54:29 - [MESSAGE][PASSED] - Text '' is set on object 'Object Repository/IWP30/Page_EmulatorAgencyX/ZIP'

25-10-2024T02:54:29 - [MESSAGE][PASSED] - Text '' is set on object 'Object Repository/IWP30/Page_EmulatorAgencyX/Order'

25-10-2024T02:54:30 - [MESSAGE][PASSED] - Text '' is set on object 'Object Repository/IWP30/Page_EmulatorAgencyX/Company'

25-10-2024T02:54:30 - [MESSAGE][PASSED] - Text '' is set on object 'Object Repository/IWP30/Page_EmulatorAgencyX/Email'

25-10-2024T02:54:31 - [MESSAGE][PASSED] - Text '' is set on object 'Object Repository/IWP30/Page_EmulatorAgencyX/UDF1'

25-10-2024T02:54:32 - [MESSAGE][PASSED] - Text '' is set on object 'Object Repository/IWP30/Page_EmulatorAgencyX/UDF2'

25-10-2024T02:54:32 - [MESSAGE][PASSED] - Text '' is set on object 'Object Repository/IWP30/Page_EmulatorAgencyX/UDF3'

25-10-2024T02:54:33 - [MESSAGE][PASSED] - Text 'udf data 4' is set on object 'Object Repository/IWP30/Page_EmulatorAgencyX/UDF4'

25-10-2024T02:54:33 - [MESSAGE][PASSED] - Text 'udf data 5' is set on object 'Object Repository/IWP30/Page_EmulatorAgencyX/UDF5'

25-10-2024T02:54:34 - [MESSAGE][PASSED] - Text '' is set on object 'Object Repository/IWP30/Page_EmulatorAgencyX/UDF6'

25-10-2024T02:54:35 - [MESSAGE][PASSED] - Text '' is set on object 'Object Repository/IWP30/Page_EmulatorAgencyX/UDF7'

25-10-2024T02:54:35 - [MESSAGE][PASSED] - Text '' is set on object 'Object Repository/IWP30/Page_EmulatorAgencyX/UDF8'

25-10-2024T02:54:36 - [MESSAGE][PASSED] - Text 'udf data 9' is set on object 'Object Repository/IWP30/Page_EmulatorAgencyX/UDF9'

25-10-2024T02:54:36 - [MESSAGE][PASSED] - Text 'udf data 10' is set on object 'Object Repository/IWP30/Page_EmulatorAgencyX/UDF10'

25-10-2024T02:54:38 - [MESSAGE][PASSED] - Object: 'Object Repository/IWP30/Page_EmulatorAgencyX/Submit' is clicked on

25-10-2024T02:54:42 - [MESSAGE][PASSED] - Browser is closed

25-10-2024T02:54:46 - [MESSAGE][PASSED] - iwpPages.emulatorIWP30.setDataEmulator_DD is PASSED

25-10-2024T02:54:46 - [TEST_STEP][PASSED] - testHarnessURL = urlTestHarness: null

25-10-2024T02:54:46 - [TEST_STEP][PASSED] - openBrowser(testHarnessURL): Browser is opened with url: 'https://dev-algorithm.govolution.com/vrelaytest/QA2/version_2_2/vrelaytest.html'

25-10-2024T02:54:46 - [MESSAGE][INFO] - Starting 'Edge Chromium' driver

25-10-2024T02:54:46 - [MESSAGE][INFO] - User set preference: ['acceptInsecureCerts', 'true']

25-10-2024T02:54:48 - [MESSAGE][INFO] - Action delay is set to 0 milliseconds

25-10-2024T02:54:52 - [MESSAGE][PASSED] - Browser is opened with url: 'https://dev-algorithm.govolution.com/vrelaytest/QA2/version_2_2/vrelaytest.html'

25-10-2024T02:54:52 - [TEST_STEP][PASSED] - maximizeWindow(): Current window maximized

25-10-2024T02:54:52 - [MESSAGE][PASSED] - Current window maximized

25-10-2024T02:54:52 - [TEST_STEP][PASSED] - iwpPages.TestHarnessPage.setDataMethod(row, dataFile): iwpPages.TestHarnessPage.setDataMethod is PASSED

25-10-2024T02:54:52 - [MESSAGE][PASSED] - Object 'Object Repository/IWP30/Page_QATestHarness/RemittanceID' is present

25-10-2024T02:54:53 - [MESSAGE][PASSED] - Text '638' is set on object 'Object Repository/IWP30/Page_QATestHarness/ApplicationID'

25-10-2024T02:54:54 - [MESSAGE][PASSED] - Text '2.5' is set on object 'Object Repository/IWP30/Page_QATestHarness/MessageVersion'

25-10-2024T02:54:54 - [MESSAGE][PASSED] - Text '6Gt8GiaEfQqF' is set on object 'Object Repository/IWP30/Page_QATestHarness/RemittanceID'

25-10-2024T02:54:58 - [MESSAGE][PASSED] - Object: 'Object Repository/IWP30/Page_QATestHarness/SubmitButton' is clicked on

25-10-2024T02:54:58 - [MESSAGE][PASSED] - iwpPages.TestHarnessPage.setDataMethod is PASSED

25-10-2024T02:54:58 - [TEST_STEP][PASSED] - click(findTestObject("Object Repository/IWP30/Page_SelectPaymentMethod/PayByPersonalCheck")): Object: 'Object Repository/IWP30/Page_SelectPaymentMethod/PayByPersonalCheck' is clicked on

25-10-2024T02:54:58 - [MESSAGE][PASSED] - Object: 'Object Repository/IWP30/Page_SelectPaymentMethod/PayByPersonalCheck' is clicked on

25-10-2024T02:54:58 - [TEST_STEP][PASSED] - click(findTestObject("Object Repository/IWP30/Page_SelectPaymentMethod/MakePaymentButton")): Object: 'Object Repository/IWP30/Page_SelectPaymentMethod/MakePaymentButton' is clicked on

25-10-2024T02:55:01 - [MESSAGE][PASSED] - Object: 'Object Repository/IWP30/Page_SelectPaymentMethod/MakePaymentButton' is clicked on

25-10-2024T02:55:01 - [TEST_STEP][PASSED] - iwpPages.achPersonalPaymentEntryPage.setDataACHPPM(row, dataFile): iwpPages.achPersonalPaymentEntryPage.setDataACHPPM is PASSED

25-10-2024T02:55:02 - [MESSAGE][PASSED] - Object 'Object Repository/IWP30/Page_ACHPersonalPaymentEntry/txt_accountNumber' is present

25-10-2024T02:55:02 - [MESSAGE][PASSED] - Text '200.50' is set on object 'Object Repository/IWP30/Page_ACHPersonalPaymentEntry/txt_Amount'

25-10-2024T02:55:03 - [MESSAGE][PASSED] - Object 'Object Repository/IWP30/Page_ACHPersonalPaymentEntry/txt_UDF2' is present

25-10-2024T02:55:03 - [MESSAGE][PASSED] - Text 'udf data 2' is set on object 'Object Repository/IWP30/Page_ACHPersonalPaymentEntry/txt_UDF2'

25-10-2024T02:55:04 - [MESSAGE][PASSED] - Text 'udf data 3' is set on object 'Object Repository/IWP30/Page_ACHPersonalPaymentEntry/txt_UDF3'

25-10-2024T02:55:04 - [MESSAGE][PASSED] - All options with label 'Orange' are selected in object 'Object Repository/IWP30/Page_ACHPersonalPaymentEntry/dd_UDF7' 

25-10-2024T02:55:05 - [MESSAGE][PASSED] - All options with label 'Soccer' are selected in object 'Object Repository/IWP30/Page_ACHPersonalPaymentEntry/dd_UDF8' 

25-10-2024T02:55:05 - [MESSAGE][PASSED] - Object 'Object Repository/IWP30/Page_ACHPersonalPaymentEntry/txt_Firstname' is present

25-10-2024T02:55:06 - [MESSAGE][PASSED] - Text 'Elizath' is set on object 'Object Repository/IWP30/Page_ACHPersonalPaymentEntry/txt_Firstname'

25-10-2024T02:55:06 - [MESSAGE][PASSED] - Object 'Object Repository/IWP30/Page_ACHPersonalPaymentEntry/txt_Lastname' is present

25-10-2024T02:55:07 - [MESSAGE][PASSED] - Text 'Christine' is set on object 'Object Repository/IWP30/Page_ACHPersonalPaymentEntry/txt_Lastname'

25-10-2024T02:55:07 - [MESSAGE][PASSED] - Object 'Object Repository/IWP30/Page_ACHPersonalPaymentEntry/txt_routingNumber' is present

25-10-2024T02:55:07 - [MESSAGE][PASSED] - Text '256072691' is set on object 'Object Repository/IWP30/Page_ACHPersonalPaymentEntry/txt_routingNumber'

25-10-2024T02:55:08 - [MESSAGE][PASSED] - Object 'Object Repository/IWP30/Page_ACHPersonalPaymentEntry/txt_accountNumber' is present

25-10-2024T02:55:09 - [MESSAGE][PASSED] - Text '12344444' is set on object 'Object Repository/IWP30/Page_ACHPersonalPaymentEntry/txt_accountNumber'

25-10-2024T02:55:09 - [MESSAGE][PASSED] - Object 'Object Repository/IWP30/Page_ACHPersonalPaymentEntry/txt_confirmAccountNumber' is present

25-10-2024T02:55:10 - [MESSAGE][PASSED] - Text '12344444' is set on object 'Object Repository/IWP30/Page_ACHPersonalPaymentEntry/txt_confirmAccountNumber'

25-10-2024T02:55:10 - [MESSAGE][PASSED] - Object 'Object Repository/IWP30/Page_ACHPersonalPaymentEntry/rd_accountType' is present

25-10-2024T02:55:10 - [MESSAGE][PASSED] - Modify property of object successfully

25-10-2024T02:55:11 - [MESSAGE][PASSED] - Object: 'Object Repository/IWP30/Page_ACHPersonalPaymentEntry/rd_accountType' is clicked on

25-10-2024T02:55:11 - [MESSAGE][PASSED] - Text '365 Main Avenue' is set on object 'Object Repository/IWP30/Page_ACHPersonalPaymentEntry/txt_AL1'

25-10-2024T02:55:12 - [MESSAGE][PASSED] - Text '22201' is set on object 'Object Repository/IWP30/Page_ACHPersonalPaymentEntry/txt_ZIP'

25-10-2024T02:55:12 - [MESSAGE][PASSED] - Object 'Object Repository/IWP30/Page_ACHPersonalPaymentEntry/txt_Email' is present

25-10-2024T02:55:13 - [MESSAGE][PASSED] - Text 'iahmed@govolution.com' is set on object 'Object Repository/IWP30/Page_ACHPersonalPaymentEntry/txt_Email'

25-10-2024T02:55:14 - [MESSAGE][PASSED] - Object 'Object Repository/IWP30/Page_ACHPersonalPaymentEntry/cb_TermsAndCond' is present

25-10-2024T02:55:14 - [MESSAGE][PASSED] - Object: 'Object Repository/IWP30/Page_ACHPersonalPaymentEntry/cb_TermsAndCond' is clicked on

25-10-2024T02:55:14 - [MESSAGE][PASSED] - Object 'Object Repository/IWP30/Page_ACHPersonalPaymentEntry/btn_Continue' is present

25-10-2024T02:55:16 - [MESSAGE][PASSED] - Object: 'Object Repository/IWP30/Page_ACHPersonalPaymentEntry/btn_Continue' is clicked on

25-10-2024T02:55:16 - [MESSAGE][PASSED] - iwpPages.achPersonalPaymentEntryPage.setDataACHPPM is PASSED

25-10-2024T02:55:16 - [TEST_STEP][PASSED] - Thread.sleep(10000): null

25-10-2024T02:55:27 - [TEST_STEP][PASSED] - if (verifyTextPresent("Amount is greater than maximum", false)): null

25-10-2024T02:55:27 - [MESSAGE][PASSED] - Text 'Amount is greater than maximum' is present on page 

25-10-2024T02:55:27 - [TEST_STEP][PASSED] - println("Max Amount Error message shown"): null

25-10-2024T02:55:27 - [TEST_STEP][PASSED] - markPassed("Max Amount Error message shown"): Max Amount Error message shown

25-10-2024T02:55:27 - [MESSAGE][PASSED] - Max Amount Error message shown

25-10-2024T02:55:27 - [TEST_STEP][PASSED] - resText = "Pass": null

25-10-2024T02:55:27 - [TEST_STEP][PASSED] - pages.WriteExcel.demoKey(resText, datText, resColumn, datCloumn, fileLoc, nameSheet, row): pages.WriteExcel.demoKey is PASSED

25-10-2024T02:55:27 - [MESSAGE][PASSED] - pages.WriteExcel.demoKey is PASSED

25-10-2024T02:55:27 - [TEST_STEP][PASSED] - closeBrowser(): Browser is closed

25-10-2024T02:55:27 - [MESSAGE][PASSED] - Browser is closed

25-10-2024T02:55:27 - [TEST_STEP][PASSED] - ExecuteTC = findTestData(dataFile).getValue("Execute", row): null

25-10-2024T02:55:27 - [TEST_STEP][PASSED] - out.println("Value of Execute is : " + ExecuteTC): null

25-10-2024T02:55:27 - [TEST_STEP][FAILED] - if (ExecuteTC.equalsIgnoreCase("Y")): null

25-10-2024T02:55:27 - [TEST_STEP][PASSED] - out.println("Begin Record Number: " + row): null

25-10-2024T02:55:27 - [TEST_STEP][PASSED] - today = new java.util.Date(): null

25-10-2024T02:55:27 - [TEST_STEP][PASSED] - println(today): null

25-10-2024T02:55:27 - [TEST_STEP][PASSED] - datText = today: null

25-10-2024T02:55:27 - [TEST_STEP][PASSED] - EmulatorDataKey = findTestData(dataFile).getValue("EmulatorData", row): null

25-10-2024T02:55:28 - [TEST_STEP][PASSED] - out.println("Value of Emulator Key is : " + EmulatorDataKey): null

25-10-2024T02:55:28 - [TEST_STEP][PASSED] - iwpPages.emulatorIWP30.setDataEmulator_DD(EmulatorDataKey): iwpPages.emulatorIWP30.setDataEmulator_DD is PASSED

25-10-2024T02:55:28 - [MESSAGE][INFO] - Starting 'Edge Chromium' driver

25-10-2024T02:55:28 - [MESSAGE][INFO] - User set preference: ['acceptInsecureCerts', 'true']

25-10-2024T02:55:30 - [MESSAGE][INFO] - Action delay is set to 0 milliseconds

25-10-2024T02:55:33 - [MESSAGE][PASSED] - Browser is opened with url: 'https://qa2.velocitypayment.com/agencyx/config.action?action=editor&message_version=3_0'

25-10-2024T02:55:34 - [MESSAGE][PASSED] - Current window maximized

25-10-2024T02:56:05 - [MESSAGE][INFO] - Unable to find the element located by 'By.xpath: //select[@name='message_version']'. Please recheck the objects properties to make sure the desired element is located. 

25-10-2024T02:56:05 - [MESSAGE][WARNING] - [SELF-HEALING] Failed to find element with id 'Object Repository/IWP30/Page_VRelay30Emulator/MV'. Try using Self-healing.

25-10-2024T02:56:05 - [MESSAGE][WARNING] - [SELF-HEALING] The current locator of test object 'Object Repository/IWP30/Page_VRelay30Emulator/MV' was broken. Propose an alternative one: '(.//*[normalize-space(text()) and normalize-space(.)='Message Version'])[1]/following::select[1]'.

25-10-2024T02:56:05 - [MESSAGE][PASSED] - All options with value '3.0' are selected in object 'Object Repository/IWP30/Page_VRelay30Emulator/MV'  using regular expression

25-10-2024T02:56:06 - [MESSAGE][PASSED] - Text '10.50' is set on object 'Object Repository/IWP30/Page_EmulatorAgencyX/Amount'

25-10-2024T02:56:07 - [MESSAGE][PASSED] - Text 'QAA9w8kHLllZ' is set on object 'Object Repository/IWP30/Page_EmulatorAgencyX/CAN'

25-10-2024T02:56:07 - [MESSAGE][PASSED] - Text 'PayNow' is set on object 'Object Repository/IWP30/Page_EmulatorAgencyX/Action'

25-10-2024T02:56:08 - [MESSAGE][PASSED] - Text 'en_US' is set on object 'Object Repository/IWP30/Page_EmulatorAgencyX/Lang'

25-10-2024T02:56:08 - [MESSAGE][PASSED] - Text '' is set on object 'Object Repository/IWP30/Page_EmulatorAgencyX/Fname'

25-10-2024T02:56:09 - [MESSAGE][PASSED] - Text '' is set on object 'Object Repository/IWP30/Page_EmulatorAgencyX/Lname'

25-10-2024T02:56:10 - [MESSAGE][PASSED] - Text '' is set on object 'Object Repository/IWP30/Page_EmulatorAgencyX/AL1'

25-10-2024T02:56:10 - [MESSAGE][PASSED] - Text '' is set on object 'Object Repository/IWP30/Page_EmulatorAgencyX/AL2'

25-10-2024T02:56:11 - [MESSAGE][PASSED] - Text '' is set on object 'Object Repository/IWP30/Page_EmulatorAgencyX/Country'

25-10-2024T02:56:11 - [MESSAGE][PASSED] - Text '' is set on object 'Object Repository/IWP30/Page_EmulatorAgencyX/City'

25-10-2024T02:56:12 - [MESSAGE][PASSED] - Text '' is set on object 'Object Repository/IWP30/Page_EmulatorAgencyX/State'

25-10-2024T02:56:12 - [MESSAGE][PASSED] - Text '' is set on object 'Object Repository/IWP30/Page_EmulatorAgencyX/ZIP'

25-10-2024T02:56:13 - [MESSAGE][PASSED] - Text '' is set on object 'Object Repository/IWP30/Page_EmulatorAgencyX/Order'

25-10-2024T02:56:14 - [MESSAGE][PASSED] - Text '' is set on object 'Object Repository/IWP30/Page_EmulatorAgencyX/Company'

25-10-2024T02:56:14 - [MESSAGE][PASSED] - Text '' is set on object 'Object Repository/IWP30/Page_EmulatorAgencyX/Email'

25-10-2024T02:56:15 - [MESSAGE][PASSED] - Text '' is set on object 'Object Repository/IWP30/Page_EmulatorAgencyX/UDF1'

25-10-2024T02:56:15 - [MESSAGE][PASSED] - Text '' is set on object 'Object Repository/IWP30/Page_EmulatorAgencyX/UDF2'

25-10-2024T02:56:16 - [MESSAGE][PASSED] - Text '' is set on object 'Object Repository/IWP30/Page_EmulatorAgencyX/UDF3'

25-10-2024T02:56:16 - [MESSAGE][PASSED] - Text 'udf data 4' is set on object 'Object Repository/IWP30/Page_EmulatorAgencyX/UDF4'

25-10-2024T02:56:17 - [MESSAGE][PASSED] - Text 'udf data 5' is set on object 'Object Repository/IWP30/Page_EmulatorAgencyX/UDF5'

25-10-2024T02:56:18 - [MESSAGE][PASSED] - Text '' is set on object 'Object Repository/IWP30/Page_EmulatorAgencyX/UDF6'

25-10-2024T02:56:18 - [MESSAGE][PASSED] - Text '' is set on object 'Object Repository/IWP30/Page_EmulatorAgencyX/UDF7'

25-10-2024T02:56:19 - [MESSAGE][PASSED] - Text '' is set on object 'Object Repository/IWP30/Page_EmulatorAgencyX/UDF8'

25-10-2024T02:56:19 - [MESSAGE][PASSED] - Text 'udf data 9' is set on object 'Object Repository/IWP30/Page_EmulatorAgencyX/UDF9'

25-10-2024T02:56:20 - [MESSAGE][PASSED] - Text 'udf data 10' is set on object 'Object Repository/IWP30/Page_EmulatorAgencyX/UDF10'

25-10-2024T02:56:21 - [MESSAGE][PASSED] - Object: 'Object Repository/IWP30/Page_EmulatorAgencyX/Submit' is clicked on

25-10-2024T02:56:26 - [MESSAGE][PASSED] - Browser is closed

25-10-2024T02:56:30 - [MESSAGE][PASSED] - iwpPages.emulatorIWP30.setDataEmulator_DD is PASSED

25-10-2024T02:56:30 - [TEST_STEP][PASSED] - testHarnessURL = urlTestHarness: null

25-10-2024T02:56:30 - [TEST_STEP][PASSED] - openBrowser(testHarnessURL): Browser is opened with url: 'https://dev-algorithm.govolution.com/vrelaytest/QA2/version_2_2/vrelaytest.html'

25-10-2024T02:56:30 - [MESSAGE][INFO] - Starting 'Edge Chromium' driver

25-10-2024T02:56:30 - [MESSAGE][INFO] - User set preference: ['acceptInsecureCerts', 'true']

25-10-2024T02:56:32 - [MESSAGE][INFO] - Action delay is set to 0 milliseconds

25-10-2024T02:56:36 - [MESSAGE][PASSED] - Browser is opened with url: 'https://dev-algorithm.govolution.com/vrelaytest/QA2/version_2_2/vrelaytest.html'

25-10-2024T02:56:36 - [TEST_STEP][PASSED] - maximizeWindow(): Current window maximized

25-10-2024T02:56:36 - [MESSAGE][PASSED] - Current window maximized

25-10-2024T02:56:36 - [TEST_STEP][PASSED] - iwpPages.TestHarnessPage.setDataMethod(row, dataFile): iwpPages.TestHarnessPage.setDataMethod is PASSED

25-10-2024T02:56:36 - [MESSAGE][PASSED] - Object 'Object Repository/IWP30/Page_QATestHarness/RemittanceID' is present

25-10-2024T02:56:37 - [MESSAGE][PASSED] - Text '649' is set on object 'Object Repository/IWP30/Page_QATestHarness/ApplicationID'

25-10-2024T02:56:37 - [MESSAGE][PASSED] - Text '3.0' is set on object 'Object Repository/IWP30/Page_QATestHarness/MessageVersion'

25-10-2024T02:56:38 - [MESSAGE][PASSED] - Text 'LFhn6CoyvFvv' is set on object 'Object Repository/IWP30/Page_QATestHarness/RemittanceID'

25-10-2024T02:56:41 - [MESSAGE][PASSED] - Object: 'Object Repository/IWP30/Page_QATestHarness/SubmitButton' is clicked on

25-10-2024T02:56:41 - [MESSAGE][PASSED] - iwpPages.TestHarnessPage.setDataMethod is PASSED

25-10-2024T02:56:41 - [TEST_STEP][PASSED] - click(findTestObject("Object Repository/IWP30/Page_SelectPaymentMethod/PayByPersonalCheck")): Object: 'Object Repository/IWP30/Page_SelectPaymentMethod/PayByPersonalCheck' is clicked on

25-10-2024T02:56:42 - [MESSAGE][PASSED] - Object: 'Object Repository/IWP30/Page_SelectPaymentMethod/PayByPersonalCheck' is clicked on

25-10-2024T02:56:42 - [TEST_STEP][PASSED] - click(findTestObject("Object Repository/IWP30/Page_SelectPaymentMethod/MakePaymentButton")): Object: 'Object Repository/IWP30/Page_SelectPaymentMethod/MakePaymentButton' is clicked on

25-10-2024T02:56:44 - [MESSAGE][PASSED] - Object: 'Object Repository/IWP30/Page_SelectPaymentMethod/MakePaymentButton' is clicked on

25-10-2024T02:56:44 - [TEST_STEP][PASSED] - iwpPages.achPersonalPaymentEntryPage.setDataACHPPM(row, dataFile): iwpPages.achPersonalPaymentEntryPage.setDataACHPPM is PASSED

25-10-2024T02:56:45 - [MESSAGE][PASSED] - Object 'Object Repository/IWP30/Page_ACHPersonalPaymentEntry/txt_accountNumber' is present

25-10-2024T02:56:46 - [MESSAGE][PASSED] - Text '200.50' is set on object 'Object Repository/IWP30/Page_ACHPersonalPaymentEntry/txt_Amount'

25-10-2024T02:56:46 - [MESSAGE][PASSED] - Object 'Object Repository/IWP30/Page_ACHPersonalPaymentEntry/txt_UDF2' is present

25-10-2024T02:56:47 - [MESSAGE][PASSED] - Text 'udf data 2' is set on object 'Object Repository/IWP30/Page_ACHPersonalPaymentEntry/txt_UDF2'

25-10-2024T02:56:47 - [MESSAGE][PASSED] - Text 'udf data 3' is set on object 'Object Repository/IWP30/Page_ACHPersonalPaymentEntry/txt_UDF3'

25-10-2024T02:56:48 - [MESSAGE][PASSED] - All options with label 'Orange' are selected in object 'Object Repository/IWP30/Page_ACHPersonalPaymentEntry/dd_UDF7' 

25-10-2024T02:56:49 - [MESSAGE][PASSED] - All options with label 'Soccer' are selected in object 'Object Repository/IWP30/Page_ACHPersonalPaymentEntry/dd_UDF8' 

25-10-2024T02:56:49 - [MESSAGE][PASSED] - Object 'Object Repository/IWP30/Page_ACHPersonalPaymentEntry/txt_Firstname' is present

25-10-2024T02:56:49 - [MESSAGE][PASSED] - Text '256072691' is set on object 'Object Repository/IWP30/Page_ACHPersonalPaymentEntry/txt_Firstname'

25-10-2024T02:56:50 - [MESSAGE][PASSED] - Object 'Object Repository/IWP30/Page_ACHPersonalPaymentEntry/txt_Lastname' is present

25-10-2024T02:56:50 - [MESSAGE][PASSED] - Text '12344444' is set on object 'Object Repository/IWP30/Page_ACHPersonalPaymentEntry/txt_Lastname'

25-10-2024T02:56:51 - [MESSAGE][PASSED] - Object 'Object Repository/IWP30/Page_ACHPersonalPaymentEntry/txt_routingNumber' is present

25-10-2024T02:56:51 - [MESSAGE][PASSED] - Text '123456789' is set on object 'Object Repository/IWP30/Page_ACHPersonalPaymentEntry/txt_routingNumber'

25-10-2024T02:56:52 - [MESSAGE][PASSED] - Object 'Object Repository/IWP30/Page_ACHPersonalPaymentEntry/txt_accountNumber' is present

25-10-2024T02:56:52 - [MESSAGE][PASSED] - Text '365 Main Avenue' is set on object 'Object Repository/IWP30/Page_ACHPersonalPaymentEntry/txt_accountNumber'

25-10-2024T02:56:53 - [MESSAGE][PASSED] - Object 'Object Repository/IWP30/Page_ACHPersonalPaymentEntry/txt_confirmAccountNumber' is present

25-10-2024T02:56:53 - [MESSAGE][PASSED] - Object 'Object Repository/IWP30/Page_ACHPersonalPaymentEntry/rd_accountType' is present

25-10-2024T02:56:54 - [MESSAGE][PASSED] - Text 'iahmed@govolution.com' is set on object 'Object Repository/IWP30/Page_ACHPersonalPaymentEntry/txt_AL1'

25-10-2024T02:56:54 - [MESSAGE][PASSED] - Object 'Object Repository/IWP30/Page_ACHPersonalPaymentEntry/txt_Email' is present

25-10-2024T02:56:54 - [MESSAGE][PASSED] - Object 'Object Repository/IWP30/Page_ACHPersonalPaymentEntry/cb_TermsAndCond' is present

25-10-2024T02:56:54 - [MESSAGE][PASSED] - Object: 'Object Repository/IWP30/Page_ACHPersonalPaymentEntry/cb_TermsAndCond' is clicked on

25-10-2024T02:56:55 - [MESSAGE][PASSED] - Object 'Object Repository/IWP30/Page_ACHPersonalPaymentEntry/btn_Continue' is present

25-10-2024T02:56:57 - [MESSAGE][PASSED] - Object: 'Object Repository/IWP30/Page_ACHPersonalPaymentEntry/btn_Continue' is clicked on

25-10-2024T02:56:57 - [MESSAGE][PASSED] - iwpPages.achPersonalPaymentEntryPage.setDataACHPPM is PASSED

25-10-2024T02:56:57 - [TEST_STEP][PASSED] - Thread.sleep(10000): null

25-10-2024T02:57:07 - [TEST_STEP][FAILED] - if (verifyTextPresent("Amount is greater than maximum", false)): Text 'Amount is greater than maximum' is not present on page  (Root cause: com.kms.katalon.core.exception.StepFailedException: Text 'Amount is greater than maximum' is not present on page 
	at com.kms.katalon.core.webui.keyword.internal.WebUIKeywordMain.stepFailed(WebUIKeywordMain.groovy:64)
	at com.kms.katalon.core.webui.keyword.builtin.VerifyTextPresentKeyword$_verifyTextPresent_closure1.doCall(VerifyTextPresentKeyword.groovy:79)
	at com.kms.katalon.core.webui.keyword.builtin.VerifyTextPresentKeyword$_verifyTextPresent_closure1.call(VerifyTextPresentKeyword.groovy)
	at com.kms.katalon.core.webui.keyword.internal.WebUIKeywordMain.runKeyword(WebUIKeywordMain.groovy:20)
	at com.kms.katalon.core.webui.keyword.builtin.VerifyTextPresentKeyword.verifyTextPresent(VerifyTextPresentKeyword.groovy:83)
	at com.kms.katalon.core.webui.keyword.builtin.VerifyTextPresentKeyword.execute(VerifyTextPresentKeyword.groovy:68)
	at com.kms.katalon.core.keyword.internal.KeywordExecutor.executeKeywordForPlatform(KeywordExecutor.groovy:74)
	at com.kms.katalon.core.webui.keyword.WebUiBuiltInKeywords.verifyTextPresent(WebUiBuiltInKeywords.groovy:1762)
	at MaxAmountErrorPS.run(MaxAmountErrorPS:86)
	at com.kms.katalon.core.main.ScriptEngine.run(ScriptEngine.java:194)
	at com.kms.katalon.core.main.ScriptEngine.runScriptAsRawText(ScriptEngine.java:119)
	at com.kms.katalon.core.main.TestCaseExecutor.runScript(TestCaseExecutor.java:448)
	at com.kms.katalon.core.main.TestCaseExecutor.doExecute(TestCaseExecutor.java:439)
	at com.kms.katalon.core.main.TestCaseExecutor.processExecutionPhase(TestCaseExecutor.java:418)
	at com.kms.katalon.core.main.TestCaseExecutor.accessMainPhase(TestCaseExecutor.java:410)
	at com.kms.katalon.core.main.TestCaseExecutor.execute(TestCaseExecutor.java:285)
	at com.kms.katalon.core.common.CommonExecutor.accessTestCaseMainPhase(CommonExecutor.java:65)
	at com.kms.katalon.core.main.TestSuiteExecutor.accessTestSuiteMainPhase(TestSuiteExecutor.java:150)
	at com.kms.katalon.core.main.TestSuiteExecutor.execute(TestSuiteExecutor.java:106)
	at com.kms.katalon.core.main.TestCaseMain.startTestSuite(TestCaseMain.java:180)
	at TempTestSuite1729787045812.run(TempTestSuite1729787045812.groovy:35)
	at java.base/jdk.internal.reflect.NativeMethodAccessorImpl.invoke0(Native Method)
	at java.base/jdk.internal.reflect.NativeMethodAccessorImpl.invoke(NativeMethodAccessorImpl.java:77)
	at java.base/jdk.internal.reflect.DelegatingMethodAccessorImpl.invoke(DelegatingMethodAccessorImpl.java:43)
)

25-10-2024T02:57:07 - [MESSAGE][FAILED] - Text 'Amount is greater than maximum' is not present on page  (Root cause: com.kms.katalon.core.exception.StepFailedException: Text 'Amount is greater than maximum' is not present on page 
	at com.kms.katalon.core.webui.keyword.internal.WebUIKeywordMain.stepFailed(WebUIKeywordMain.groovy:64)
	at com.kms.katalon.core.webui.keyword.builtin.VerifyTextPresentKeyword$_verifyTextPresent_closure1.doCall(VerifyTextPresentKeyword.groovy:79)
	at com.kms.katalon.core.webui.keyword.builtin.VerifyTextPresentKeyword$_verifyTextPresent_closure1.call(VerifyTextPresentKeyword.groovy)
	at com.kms.katalon.core.webui.keyword.internal.WebUIKeywordMain.runKeyword(WebUIKeywordMain.groovy:20)
	at com.kms.katalon.core.webui.keyword.builtin.VerifyTextPresentKeyword.verifyTextPresent(VerifyTextPresentKeyword.groovy:83)
	at com.kms.katalon.core.webui.keyword.builtin.VerifyTextPresentKeyword.execute(VerifyTextPresentKeyword.groovy:68)
	at com.kms.katalon.core.keyword.internal.KeywordExecutor.executeKeywordForPlatform(KeywordExecutor.groovy:74)
	at com.kms.katalon.core.webui.keyword.WebUiBuiltInKeywords.verifyTextPresent(WebUiBuiltInKeywords.groovy:1762)
	at MaxAmountErrorPS.run(MaxAmountErrorPS:86)
	at com.kms.katalon.core.main.ScriptEngine.run(ScriptEngine.java:194)
	at com.kms.katalon.core.main.ScriptEngine.runScriptAsRawText(ScriptEngine.java:119)
	at com.kms.katalon.core.main.TestCaseExecutor.runScript(TestCaseExecutor.java:448)
	at com.kms.katalon.core.main.TestCaseExecutor.doExecute(TestCaseExecutor.java:439)
	at com.kms.katalon.core.main.TestCaseExecutor.processExecutionPhase(TestCaseExecutor.java:418)
	at com.kms.katalon.core.main.TestCaseExecutor.accessMainPhase(TestCaseExecutor.java:410)
	at com.kms.katalon.core.main.TestCaseExecutor.execute(TestCaseExecutor.java:285)
	at com.kms.katalon.core.common.CommonExecutor.accessTestCaseMainPhase(CommonExecutor.java:65)
	at com.kms.katalon.core.main.TestSuiteExecutor.accessTestSuiteMainPhase(TestSuiteExecutor.java:150)
	at com.kms.katalon.core.main.TestSuiteExecutor.execute(TestSuiteExecutor.java:106)
	at com.kms.katalon.core.main.TestCaseMain.startTestSuite(TestCaseMain.java:180)
	at TempTestSuite1729787045812.run(TempTestSuite1729787045812.groovy:35)
	at java.base/jdk.internal.reflect.NativeMethodAccessorImpl.invoke0(Native Method)
	at java.base/jdk.internal.reflect.NativeMethodAccessorImpl.invoke(NativeMethodAccessorImpl.java:77)
	at java.base/jdk.internal.reflect.DelegatingMethodAccessorImpl.invoke(DelegatingMethodAccessorImpl.java:43)
)

25-10-2024T02:57:07 - [TEST_STEP][PASSED] - else: pages.WriteExcel.demoKey is PASSED

25-10-2024T02:57:07 - [TEST_STEP][PASSED] - println("Max Amount Error message not shown"): null

25-10-2024T02:57:07 - [TEST_STEP][PASSED] - resText = "Fail": null

25-10-2024T02:57:07 - [TEST_STEP][PASSED] - pages.WriteExcel.demoKey(resText, datText, resColumn, datCloumn, fileLoc, nameSheet, row): pages.WriteExcel.demoKey is PASSED

25-10-2024T02:57:07 - [MESSAGE][PASSED] - pages.WriteExcel.demoKey is PASSED

25-10-2024T02:57:07 - [TEST_STEP][PASSED] - closeBrowser(): Browser is closed

25-10-2024T02:57:08 - [MESSAGE][PASSED] - Browser is closed]]></system-out>
         <system-err><![CDATA[25-10-2024T02:53:42 - [TEST_CASE][FAILED] - Test Cases/IntegratedWeb/IWP25/Error/MaxAmountErrorPS: Test Cases/IntegratedWeb/IWP25/Error/MaxAmountErrorPS FAILED.
Reason:
com.kms.katalon.core.exception.StepFailedException: Text 'Amount is greater than maximum' is not present on page  (Root cause: com.kms.katalon.core.exception.StepFailedException: Text 'Amount is greater than maximum' is not present on page 
	at com.kms.katalon.core.webui.keyword.internal.WebUIKeywordMain.stepFailed(WebUIKeywordMain.groovy:64)
	at com.kms.katalon.core.webui.keyword.builtin.VerifyTextPresentKeyword$_verifyTextPresent_closure1.doCall(VerifyTextPresentKeyword.groovy:79)
	at com.kms.katalon.core.webui.keyword.builtin.VerifyTextPresentKeyword$_verifyTextPresent_closure1.call(VerifyTextPresentKeyword.groovy)
	at com.kms.katalon.core.webui.keyword.internal.WebUIKeywordMain.runKeyword(WebUIKeywordMain.groovy:20)
	at com.kms.katalon.core.webui.keyword.builtin.VerifyTextPresentKeyword.verifyTextPresent(VerifyTextPresentKeyword.groovy:83)
	at com.kms.katalon.core.webui.keyword.builtin.VerifyTextPresentKeyword.execute(VerifyTextPresentKeyword.groovy:68)
	at com.kms.katalon.core.keyword.internal.KeywordExecutor.executeKeywordForPlatform(KeywordExecutor.groovy:74)
	at com.kms.katalon.core.webui.keyword.WebUiBuiltInKeywords.verifyTextPresent(WebUiBuiltInKeywords.groovy:1762)
	at MaxAmountErrorPS.run(MaxAmountErrorPS:86)
	at com.kms.katalon.core.main.ScriptEngine.run(ScriptEngine.java:194)
	at com.kms.katalon.core.main.ScriptEngine.runScriptAsRawText(ScriptEngine.java:119)
	at com.kms.katalon.core.main.TestCaseExecutor.runScript(TestCaseExecutor.java:448)
	at com.kms.katalon.core.main.TestCaseExecutor.doExecute(TestCaseExecutor.java:439)
	at com.kms.katalon.core.main.TestCaseExecutor.processExecutionPhase(TestCaseExecutor.java:418)
	at com.kms.katalon.core.main.TestCaseExecutor.accessMainPhase(TestCaseExecutor.java:410)
	at com.kms.katalon.core.main.TestCaseExecutor.execute(TestCaseExecutor.java:285)
	at com.kms.katalon.core.common.CommonExecutor.accessTestCaseMainPhase(CommonExecutor.java:65)
	at com.kms.katalon.core.main.TestSuiteExecutor.accessTestSuiteMainPhase(TestSuiteExecutor.java:150)
	at com.kms.katalon.core.main.TestSuiteExecutor.execute(TestSuiteExecutor.java:106)
	at com.kms.katalon.core.main.TestCaseMain.startTestSuite(TestCaseMain.java:180)
	at TempTestSuite1729787045812.run(TempTestSuite1729787045812.groovy:35)
	at java.base/jdk.internal.reflect.NativeMethodAccessorImpl.invoke0(Native Method)
	at java.base/jdk.internal.reflect.NativeMethodAccessorImpl.invoke(NativeMethodAccessorImpl.java:77)
	at java.base/jdk.internal.reflect.DelegatingMethodAccessorImpl.invoke(DelegatingMethodAccessorImpl.java:43)
)
	at com.kms.katalon.core.keyword.internal.KeywordMain.stepFailed(KeywordMain.groovy:39)
	at com.kms.katalon.core.webui.keyword.internal.WebUIKeywordMain.stepFailed(WebUIKeywordMain.groovy:64)
	at com.kms.katalon.core.webui.keyword.builtin.VerifyTextPresentKeyword$_verifyTextPresent_closure1.doCall(VerifyTextPresentKeyword.groovy:79)
	at com.kms.katalon.core.webui.keyword.builtin.VerifyTextPresentKeyword$_verifyTextPresent_closure1.call(VerifyTextPresentKeyword.groovy)
	at com.kms.katalon.core.webui.keyword.internal.WebUIKeywordMain.runKeyword(WebUIKeywordMain.groovy:20)
	at com.kms.katalon.core.webui.keyword.builtin.VerifyTextPresentKeyword.verifyTextPresent(VerifyTextPresentKeyword.groovy:83)
	at com.kms.katalon.core.webui.keyword.builtin.VerifyTextPresentKeyword.execute(VerifyTextPresentKeyword.groovy:68)
	at com.kms.katalon.core.keyword.internal.KeywordExecutor.executeKeywordForPlatform(KeywordExecutor.groovy:74)
	at com.kms.katalon.core.webui.keyword.WebUiBuiltInKeywords.verifyTextPresent(WebUiBuiltInKeywords.groovy:1762)
	at MaxAmountErrorPS.run(MaxAmountErrorPS:86)
	at com.kms.katalon.core.main.ScriptEngine.run(ScriptEngine.java:194)
	at com.kms.katalon.core.main.ScriptEngine.runScriptAsRawText(ScriptEngine.java:119)
	at com.kms.katalon.core.main.TestCaseExecutor.runScript(TestCaseExecutor.java:448)
	at com.kms.katalon.core.main.TestCaseExecutor.doExecute(TestCaseExecutor.java:439)
	at com.kms.katalon.core.main.TestCaseExecutor.processExecutionPhase(TestCaseExecutor.java:418)
	at com.kms.katalon.core.main.TestCaseExecutor.accessMainPhase(TestCaseExecutor.java:410)
	at com.kms.katalon.core.main.TestCaseExecutor.execute(TestCaseExecutor.java:285)
	at com.kms.katalon.core.common.CommonExecutor.accessTestCaseMainPhase(CommonExecutor.java:65)
	at com.kms.katalon.core.main.TestSuiteExecutor.accessTestSuiteMainPhase(TestSuiteExecutor.java:150)
	at com.kms.katalon.core.main.TestSuiteExecutor.execute(TestSuiteExecutor.java:106)
	at com.kms.katalon.core.main.TestCaseMain.startTestSuite(TestCaseMain.java:180)
	at TempTestSuite1729787045812.run(TempTestSuite1729787045812.groovy:35)
	at java.base/jdk.internal.reflect.NativeMethodAccessorImpl.invoke0(Native Method)
	at java.base/jdk.internal.reflect.NativeMethodAccessorImpl.invoke(NativeMethodAccessorImpl.java:77)
	at java.base/jdk.internal.reflect.DelegatingMethodAccessorImpl.invoke(DelegatingMethodAccessorImpl.java:43)
Caused by: com.kms.katalon.core.exception.StepFailedException: Text 'Amount is greater than maximum' is not present on page 
	... 24 more]]></system-err>
      </testcase>
      <testcase name="Test Cases/IntegratedWeb/IWP25/Error/MinAmountErrorCC" time="205.87" classname="Test Cases/IntegratedWeb/IWP25/Error/MinAmountErrorCC" status="FAILED">
         <failure type="FAILED" message="Test Cases/IntegratedWeb/IWP25/Error/MinAmountErrorCC FAILED.&#xa;Reason:&#xa;com.kms.katalon.core.exception.StepFailedException: Unable to select option by label '12344444' of object 'Object Repository/IWP30/Page_CCPaymentEntry/Month'  (Root cause: com.kms.katalon.core.exception.StepFailedException: Unable to select option by label '12344444' of object 'Object Repository/IWP30/Page_CCPaymentEntry/Month' &#xa;	at com.kms.katalon.core.webui.keyword.internal.WebUIKeywordMain.stepFailed(WebUIKeywordMain.groovy:64)&#xa;	at com.kms.katalon.core.webui.keyword.internal.WebUIKeywordMain.runKeyword(WebUIKeywordMain.groovy:26)&#xa;	at com.kms.katalon.core.webui.keyword.builtin.SelectOptionByLabelKeyword.selectOptionByLabel(SelectOptionByLabelKeyword.groovy:98)&#xa;	at com.kms.katalon.core.webui.keyword.builtin.SelectOptionByLabelKeyword.execute(SelectOptionByLabelKeyword.groovy:71)&#xa;	at com.kms.katalon.core.keyword.internal.KeywordExecutor.executeKeywordForPlatform(KeywordExecutor.groovy:74)&#xa;	at com.kms.katalon.core.webui.keyword.WebUiBuiltInKeywords.selectOptionByLabel(WebUiBuiltInKeywords.groovy:1269)&#xa;	at iwpPages.ccPaymentEntryPage.setDataCCPM(ccPaymentEntryPage.groovy:347)&#xa;	at jdk.internal.reflect.GeneratedMethodAccessor51.invoke(Unknown Source)&#xa;	at java.base/jdk.internal.reflect.DelegatingMethodAccessorImpl.invoke(DelegatingMethodAccessorImpl.java:43)&#xa;	at com.kms.katalon.core.main.CustomKeywordDelegatingMetaClass.invokeStaticMethod(CustomKeywordDelegatingMetaClass.java:55)&#xa;	at MinAmountErrorCC.run(MinAmountErrorCC:82)&#xa;	at com.kms.katalon.core.main.ScriptEngine.run(ScriptEngine.java:194)&#xa;	at com.kms.katalon.core.main.ScriptEngine.runScriptAsRawText(ScriptEngine.java:119)&#xa;	at com.kms.katalon.core.main.TestCaseExecutor.runScript(TestCaseExecutor.java:448)&#xa;	at com.kms.katalon.core.main.TestCaseExecutor.doExecute(TestCaseExecutor.java:439)&#xa;	at com.kms.katalon.core.main.TestCaseExecutor.processExecutionPhase(TestCaseExecutor.java:418)&#xa;	at com.kms.katalon.core.main.TestCaseExecutor.accessMainPhase(TestCaseExecutor.java:410)&#xa;	at com.kms.katalon.core.main.TestCaseExecutor.execute(TestCaseExecutor.java:285)&#xa;	at com.kms.katalon.core.common.CommonExecutor.accessTestCaseMainPhase(CommonExecutor.java:65)&#xa;	at com.kms.katalon.core.main.TestSuiteExecutor.accessTestSuiteMainPhase(TestSuiteExecutor.java:150)&#xa;	at com.kms.katalon.core.main.TestSuiteExecutor.execute(TestSuiteExecutor.java:106)&#xa;	at com.kms.katalon.core.main.TestCaseMain.startTestSuite(TestCaseMain.java:180)&#xa;	at TempTestSuite1729787045812.run(TempTestSuite1729787045812.groovy:35)&#xa;	at java.base/jdk.internal.reflect.NativeMethodAccessorImpl.invoke0(Native Method)&#xa;	at java.base/jdk.internal.reflect.NativeMethodAccessorImpl.invoke(NativeMethodAccessorImpl.java:77)&#xa;	at java.base/jdk.internal.reflect.DelegatingMethodAccessorImpl.invoke(DelegatingMethodAccessorImpl.java:43)&#xa;Caused by: org.openqa.selenium.NoSuchElementException: Cannot locate element with text: 12344444&#xa;For documentation on this error, please visit: https://www.seleniumhq.org/exceptions/no_such_element.html&#xa;Build info: version: '3.141.59', revision: 'unknown', time: 'unknown'&#xa;System info: host: 'TXD87096', ip: '10.203.40.166', os.name: 'Windows 10', os.arch: 'amd64', os.version: '10.0', java.version: '17.0.7'&#xa;Driver info: driver.version: unknown&#xa;	at org.openqa.selenium.support.ui.Select.selectByVisibleText(Select.java:147)&#xa;	at com.kms.katalon.core.webui.common.WebUiCommonHelper.selectOrDeselectOptionsByLabel(WebUiCommonHelper.java:311)&#xa;	at com.kms.katalon.core.webui.keyword.builtin.SelectOptionByLabelKeyword$_selectOptionByLabel_closure1.doCall(SelectOptionByLabelKeyword.groovy:87)&#xa;	at com.kms.katalon.core.webui.keyword.builtin.SelectOptionByLabelKeyword$_selectOptionByLabel_closure1.call(SelectOptionByLabelKeyword.groovy)&#xa;	at com.kms.katalon.core.webui.keyword.internal.WebUIKeywordMain.runKeyword(WebUIKeywordMain.groovy:20)&#xa;	at com.kms.katalon.core.webui.keyword.builtin.SelectOptionByLabelKeyword.selectOptionByLabel(SelectOptionByLabelKeyword.groovy:98)&#xa;	at com.kms.katalon.core.webui.keyword.builtin.SelectOptionByLabelKeyword.execute(SelectOptionByLabelKeyword.groovy:71)&#xa;	at com.kms.katalon.core.keyword.internal.KeywordExecutor.executeKeywordForPlatform(KeywordExecutor.groovy:74)&#xa;	at com.kms.katalon.core.webui.keyword.WebUiBuiltInKeywords.selectOptionByLabel(WebUiBuiltInKeywords.groovy:1269)&#xa;	at iwpPages.ccPaymentEntryPage.setDataCCPM(ccPaymentEntryPage.groovy:347)&#xa;	at jdk.internal.reflect.GeneratedMethodAccessor51.invoke(Unknown Source)&#xa;	at java.base/jdk.internal.reflect.DelegatingMethodAccessorImpl.invoke(DelegatingMethodAccessorImpl.java:43)&#xa;	at com.kms.katalon.core.main.CustomKeywordDelegatingMetaClass.invokeStaticMethod(CustomKeywordDelegatingMetaClass.java:55)&#xa;	at Script1725023335640.run(Script1725023335640.groovy:82)&#xa;	... 15 more&#xa;)&#xa;	at com.kms.katalon.core.keyword.internal.KeywordMain.stepFailed(KeywordMain.groovy:39)&#xa;	at com.kms.katalon.core.webui.keyword.internal.WebUIKeywordMain.stepFailed(WebUIKeywordMain.groovy:64)&#xa;	at com.kms.katalon.core.webui.keyword.internal.WebUIKeywordMain.runKeyword(WebUIKeywordMain.groovy:26)&#xa;	at com.kms.katalon.core.webui.keyword.builtin.SelectOptionByLabelKeyword.selectOptionByLabel(SelectOptionByLabelKeyword.groovy:98)&#xa;	at com.kms.katalon.core.webui.keyword.builtin.SelectOptionByLabelKeyword.execute(SelectOptionByLabelKeyword.groovy:71)&#xa;	at com.kms.katalon.core.keyword.internal.KeywordExecutor.executeKeywordForPlatform(KeywordExecutor.groovy:74)&#xa;	at com.kms.katalon.core.webui.keyword.WebUiBuiltInKeywords.selectOptionByLabel(WebUiBuiltInKeywords.groovy:1269)&#xa;	at iwpPages.ccPaymentEntryPage.setDataCCPM(ccPaymentEntryPage.groovy:347)&#xa;	at jdk.internal.reflect.GeneratedMethodAccessor51.invoke(Unknown Source)&#xa;	at java.base/jdk.internal.reflect.DelegatingMethodAccessorImpl.invoke(DelegatingMethodAccessorImpl.java:43)&#xa;	at com.kms.katalon.core.main.CustomKeywordDelegatingMetaClass.invokeStaticMethod(CustomKeywordDelegatingMetaClass.java:55)&#xa;	at MinAmountErrorCC.run(MinAmountErrorCC:82)&#xa;	at com.kms.katalon.core.main.ScriptEngine.run(ScriptEngine.java:194)&#xa;	at com.kms.katalon.core.main.ScriptEngine.runScriptAsRawText(ScriptEngine.java:119)&#xa;	at com.kms.katalon.core.main.TestCaseExecutor.runScript(TestCaseExecutor.java:448)&#xa;	at com.kms.katalon.core.main.TestCaseExecutor.doExecute(TestCaseExecutor.java:439)&#xa;	at com.kms.katalon.core.main.TestCaseExecutor.processExecutionPhase(TestCaseExecutor.java:418)&#xa;	at com.kms.katalon.core.main.TestCaseExecutor.accessMainPhase(TestCaseExecutor.java:410)&#xa;	at com.kms.katalon.core.main.TestCaseExecutor.execute(TestCaseExecutor.java:285)&#xa;	at com.kms.katalon.core.common.CommonExecutor.accessTestCaseMainPhase(CommonExecutor.java:65)&#xa;	at com.kms.katalon.core.main.TestSuiteExecutor.accessTestSuiteMainPhase(TestSuiteExecutor.java:150)&#xa;	at com.kms.katalon.core.main.TestSuiteExecutor.execute(TestSuiteExecutor.java:106)&#xa;	at com.kms.katalon.core.main.TestCaseMain.startTestSuite(TestCaseMain.java:180)&#xa;	at TempTestSuite1729787045812.run(TempTestSuite1729787045812.groovy:35)&#xa;	at java.base/jdk.internal.reflect.NativeMethodAccessorImpl.invoke0(Native Method)&#xa;	at java.base/jdk.internal.reflect.NativeMethodAccessorImpl.invoke(NativeMethodAccessorImpl.java:77)&#xa;	at java.base/jdk.internal.reflect.DelegatingMethodAccessorImpl.invoke(DelegatingMethodAccessorImpl.java:43)&#xa;Caused by: com.kms.katalon.core.exception.StepFailedException: Unable to select option by label '12344444' of object 'Object Repository/IWP30/Page_CCPaymentEntry/Month' &#xa;	... 26 more&#xa;Caused by: org.openqa.selenium.NoSuchElementException: Cannot locate element with text: 12344444&#xa;For documentation on this error, please visit: https://www.seleniumhq.org/exceptions/no_such_element.html&#xa;Build info: version: '3.141.59', revision: 'unknown', time: 'unknown'&#xa;System info: host: 'TXD87096', ip: '10.203.40.166', os.name: 'Windows 10', os.arch: 'amd64', os.version: '10.0', java.version: '17.0.7'&#xa;Driver info: driver.version: unknown&#xa;	at org.openqa.selenium.support.ui.Select.selectByVisibleText(Select.java:147)&#xa;	at com.kms.katalon.core.webui.common.WebUiCommonHelper.selectOrDeselectOptionsByLabel(WebUiCommonHelper.java:311)&#xa;	at com.kms.katalon.core.webui.keyword.builtin.SelectOptionByLabelKeyword$_selectOptionByLabel_closure1.doCall(SelectOptionByLabelKeyword.groovy:87)&#xa;	at com.kms.katalon.core.webui.keyword.builtin.SelectOptionByLabelKeyword$_selectOptionByLabel_closure1.call(SelectOptionByLabelKeyword.groovy)&#xa;	at com.kms.katalon.core.webui.keyword.internal.WebUIKeywordMain.runKeyword(WebUIKeywordMain.groovy:20)&#xa;	... 24 more&#xa;"/>
         <system-out><![CDATA[25-10-2024T02:57:08 - [TEST_CASE][FAILED] - Test Cases/IntegratedWeb/IWP25/Error/MinAmountErrorCC: Test Cases/IntegratedWeb/IWP25/Error/MinAmountErrorCC FAILED.
Reason:
com.kms.katalon.core.exception.StepFailedException: Unable to select option by label '12344444' of object 'Object Repository/IWP30/Page_CCPaymentEntry/Month'  (Root cause: com.kms.katalon.core.exception.StepFailedException: Unable to select option by label '12344444' of object 'Object Repository/IWP30/Page_CCPaymentEntry/Month' 
	at com.kms.katalon.core.webui.keyword.internal.WebUIKeywordMain.stepFailed(WebUIKeywordMain.groovy:64)
	at com.kms.katalon.core.webui.keyword.internal.WebUIKeywordMain.runKeyword(WebUIKeywordMain.groovy:26)
	at com.kms.katalon.core.webui.keyword.builtin.SelectOptionByLabelKeyword.selectOptionByLabel(SelectOptionByLabelKeyword.groovy:98)
	at com.kms.katalon.core.webui.keyword.builtin.SelectOptionByLabelKeyword.execute(SelectOptionByLabelKeyword.groovy:71)
	at com.kms.katalon.core.keyword.internal.KeywordExecutor.executeKeywordForPlatform(KeywordExecutor.groovy:74)
	at com.kms.katalon.core.webui.keyword.WebUiBuiltInKeywords.selectOptionByLabel(WebUiBuiltInKeywords.groovy:1269)
	at iwpPages.ccPaymentEntryPage.setDataCCPM(ccPaymentEntryPage.groovy:347)
	at jdk.internal.reflect.GeneratedMethodAccessor51.invoke(Unknown Source)
	at java.base/jdk.internal.reflect.DelegatingMethodAccessorImpl.invoke(DelegatingMethodAccessorImpl.java:43)
	at com.kms.katalon.core.main.CustomKeywordDelegatingMetaClass.invokeStaticMethod(CustomKeywordDelegatingMetaClass.java:55)
	at MinAmountErrorCC.run(MinAmountErrorCC:82)
	at com.kms.katalon.core.main.ScriptEngine.run(ScriptEngine.java:194)
	at com.kms.katalon.core.main.ScriptEngine.runScriptAsRawText(ScriptEngine.java:119)
	at com.kms.katalon.core.main.TestCaseExecutor.runScript(TestCaseExecutor.java:448)
	at com.kms.katalon.core.main.TestCaseExecutor.doExecute(TestCaseExecutor.java:439)
	at com.kms.katalon.core.main.TestCaseExecutor.processExecutionPhase(TestCaseExecutor.java:418)
	at com.kms.katalon.core.main.TestCaseExecutor.accessMainPhase(TestCaseExecutor.java:410)
	at com.kms.katalon.core.main.TestCaseExecutor.execute(TestCaseExecutor.java:285)
	at com.kms.katalon.core.common.CommonExecutor.accessTestCaseMainPhase(CommonExecutor.java:65)
	at com.kms.katalon.core.main.TestSuiteExecutor.accessTestSuiteMainPhase(TestSuiteExecutor.java:150)
	at com.kms.katalon.core.main.TestSuiteExecutor.execute(TestSuiteExecutor.java:106)
	at com.kms.katalon.core.main.TestCaseMain.startTestSuite(TestCaseMain.java:180)
	at TempTestSuite1729787045812.run(TempTestSuite1729787045812.groovy:35)
	at java.base/jdk.internal.reflect.NativeMethodAccessorImpl.invoke0(Native Method)
	at java.base/jdk.internal.reflect.NativeMethodAccessorImpl.invoke(NativeMethodAccessorImpl.java:77)
	at java.base/jdk.internal.reflect.DelegatingMethodAccessorImpl.invoke(DelegatingMethodAccessorImpl.java:43)
Caused by: org.openqa.selenium.NoSuchElementException: Cannot locate element with text: 12344444
For documentation on this error, please visit: https://www.seleniumhq.org/exceptions/no_such_element.html
Build info: version: '3.141.59', revision: 'unknown', time: 'unknown'
System info: host: 'TXD87096', ip: '10.203.40.166', os.name: 'Windows 10', os.arch: 'amd64', os.version: '10.0', java.version: '17.0.7'
Driver info: driver.version: unknown
	at org.openqa.selenium.support.ui.Select.selectByVisibleText(Select.java:147)
	at com.kms.katalon.core.webui.common.WebUiCommonHelper.selectOrDeselectOptionsByLabel(WebUiCommonHelper.java:311)
	at com.kms.katalon.core.webui.keyword.builtin.SelectOptionByLabelKeyword$_selectOptionByLabel_closure1.doCall(SelectOptionByLabelKeyword.groovy:87)
	at com.kms.katalon.core.webui.keyword.builtin.SelectOptionByLabelKeyword$_selectOptionByLabel_closure1.call(SelectOptionByLabelKeyword.groovy)
	at com.kms.katalon.core.webui.keyword.internal.WebUIKeywordMain.runKeyword(WebUIKeywordMain.groovy:20)
	at com.kms.katalon.core.webui.keyword.builtin.SelectOptionByLabelKeyword.selectOptionByLabel(SelectOptionByLabelKeyword.groovy:98)
	at com.kms.katalon.core.webui.keyword.builtin.SelectOptionByLabelKeyword.execute(SelectOptionByLabelKeyword.groovy:71)
	at com.kms.katalon.core.keyword.internal.KeywordExecutor.executeKeywordForPlatform(KeywordExecutor.groovy:74)
	at com.kms.katalon.core.webui.keyword.WebUiBuiltInKeywords.selectOptionByLabel(WebUiBuiltInKeywords.groovy:1269)
	at iwpPages.ccPaymentEntryPage.setDataCCPM(ccPaymentEntryPage.groovy:347)
	at jdk.internal.reflect.GeneratedMethodAccessor51.invoke(Unknown Source)
	at java.base/jdk.internal.reflect.DelegatingMethodAccessorImpl.invoke(DelegatingMethodAccessorImpl.java:43)
	at com.kms.katalon.core.main.CustomKeywordDelegatingMetaClass.invokeStaticMethod(CustomKeywordDelegatingMetaClass.java:55)
	at Script1725023335640.run(Script1725023335640.groovy:82)
	... 15 more
)
	at com.kms.katalon.core.keyword.internal.KeywordMain.stepFailed(KeywordMain.groovy:39)
	at com.kms.katalon.core.webui.keyword.internal.WebUIKeywordMain.stepFailed(WebUIKeywordMain.groovy:64)
	at com.kms.katalon.core.webui.keyword.internal.WebUIKeywordMain.runKeyword(WebUIKeywordMain.groovy:26)
	at com.kms.katalon.core.webui.keyword.builtin.SelectOptionByLabelKeyword.selectOptionByLabel(SelectOptionByLabelKeyword.groovy:98)
	at com.kms.katalon.core.webui.keyword.builtin.SelectOptionByLabelKeyword.execute(SelectOptionByLabelKeyword.groovy:71)
	at com.kms.katalon.core.keyword.internal.KeywordExecutor.executeKeywordForPlatform(KeywordExecutor.groovy:74)
	at com.kms.katalon.core.webui.keyword.WebUiBuiltInKeywords.selectOptionByLabel(WebUiBuiltInKeywords.groovy:1269)
	at iwpPages.ccPaymentEntryPage.setDataCCPM(ccPaymentEntryPage.groovy:347)
	at jdk.internal.reflect.GeneratedMethodAccessor51.invoke(Unknown Source)
	at java.base/jdk.internal.reflect.DelegatingMethodAccessorImpl.invoke(DelegatingMethodAccessorImpl.java:43)
	at com.kms.katalon.core.main.CustomKeywordDelegatingMetaClass.invokeStaticMethod(CustomKeywordDelegatingMetaClass.java:55)
	at MinAmountErrorCC.run(MinAmountErrorCC:82)
	at com.kms.katalon.core.main.ScriptEngine.run(ScriptEngine.java:194)
	at com.kms.katalon.core.main.ScriptEngine.runScriptAsRawText(ScriptEngine.java:119)
	at com.kms.katalon.core.main.TestCaseExecutor.runScript(TestCaseExecutor.java:448)
	at com.kms.katalon.core.main.TestCaseExecutor.doExecute(TestCaseExecutor.java:439)
	at com.kms.katalon.core.main.TestCaseExecutor.processExecutionPhase(TestCaseExecutor.java:418)
	at com.kms.katalon.core.main.TestCaseExecutor.accessMainPhase(TestCaseExecutor.java:410)
	at com.kms.katalon.core.main.TestCaseExecutor.execute(TestCaseExecutor.java:285)
	at com.kms.katalon.core.common.CommonExecutor.accessTestCaseMainPhase(CommonExecutor.java:65)
	at com.kms.katalon.core.main.TestSuiteExecutor.accessTestSuiteMainPhase(TestSuiteExecutor.java:150)
	at com.kms.katalon.core.main.TestSuiteExecutor.execute(TestSuiteExecutor.java:106)
	at com.kms.katalon.core.main.TestCaseMain.startTestSuite(TestCaseMain.java:180)
	at TempTestSuite1729787045812.run(TempTestSuite1729787045812.groovy:35)
	at java.base/jdk.internal.reflect.NativeMethodAccessorImpl.invoke0(Native Method)
	at java.base/jdk.internal.reflect.NativeMethodAccessorImpl.invoke(NativeMethodAccessorImpl.java:77)
	at java.base/jdk.internal.reflect.DelegatingMethodAccessorImpl.invoke(DelegatingMethodAccessorImpl.java:43)
Caused by: com.kms.katalon.core.exception.StepFailedException: Unable to select option by label '12344444' of object 'Object Repository/IWP30/Page_CCPaymentEntry/Month' 
	... 26 more
Caused by: org.openqa.selenium.NoSuchElementException: Cannot locate element with text: 12344444
For documentation on this error, please visit: https://www.seleniumhq.org/exceptions/no_such_element.html
Build info: version: '3.141.59', revision: 'unknown', time: 'unknown'
System info: host: 'TXD87096', ip: '10.203.40.166', os.name: 'Windows 10', os.arch: 'amd64', os.version: '10.0', java.version: '17.0.7'
Driver info: driver.version: unknown
	at org.openqa.selenium.support.ui.Select.selectByVisibleText(Select.java:147)
	at com.kms.katalon.core.webui.common.WebUiCommonHelper.selectOrDeselectOptionsByLabel(WebUiCommonHelper.java:311)
	at com.kms.katalon.core.webui.keyword.builtin.SelectOptionByLabelKeyword$_selectOptionByLabel_closure1.doCall(SelectOptionByLabelKeyword.groovy:87)
	at com.kms.katalon.core.webui.keyword.builtin.SelectOptionByLabelKeyword$_selectOptionByLabel_closure1.call(SelectOptionByLabelKeyword.groovy)
	at com.kms.katalon.core.webui.keyword.internal.WebUIKeywordMain.runKeyword(WebUIKeywordMain.groovy:20)
	... 24 more


25-10-2024T02:57:08 - [TEST_STEP][PASSED] - resText = "Fail": null

25-10-2024T02:57:08 - [TEST_STEP][PASSED] - resColumn = "Result": null

25-10-2024T02:57:08 - [TEST_STEP][PASSED] - datCloumn = "Date": null

25-10-2024T02:57:08 - [TEST_STEP][PASSED] - fileLoc = "KatalonData/IWPTestData/VRelay25Payments.xlsx": null

25-10-2024T02:57:08 - [TEST_STEP][PASSED] - numOfRows = <not implemented yet for class: org.codehaus.groovy.ast.expr.EmptyExpression>: null

25-10-2024T02:57:08 - [TEST_STEP][PASSED] - dataFile = <not implemented yet for class: org.codehaus.groovy.ast.expr.EmptyExpression>: null

25-10-2024T02:57:08 - [TEST_STEP][PASSED] - nameSheet = <not implemented yet for class: org.codehaus.groovy.ast.expr.EmptyExpression>: null

25-10-2024T02:57:08 - [TEST_STEP][PASSED] - dataFileEmulator = <not implemented yet for class: org.codehaus.groovy.ast.expr.EmptyExpression>: null

25-10-2024T02:57:08 - [TEST_STEP][PASSED] - nameSheet = "MinAmountErrorCC": null

25-10-2024T02:57:08 - [TEST_STEP][PASSED] - dataFile = "IWPTestData/IWP25MinAmountErrorCC": null

25-10-2024T02:57:08 - [TEST_STEP][PASSED] - dataFileEmulator = "IWPTestData/EmulatorData": null

25-10-2024T02:57:08 - [TEST_STEP][PASSED] - numOfRows = findTestData(dataFile).getRowNumbers(): null

25-10-2024T02:57:08 - [TEST_STEP][PASSED] - println("Number of Records: " + numOfRows): null

25-10-2024T02:57:08 - [TEST_STEP][FAILED] - for ([row = 1, row <= numOfRows, (row++)]): null

25-10-2024T02:57:08 - [TEST_STEP][PASSED] - ExecuteTC = findTestData(dataFile).getValue("Execute", row): null

25-10-2024T02:57:08 - [TEST_STEP][PASSED] - out.println("Value of Execute is : " + ExecuteTC): null

25-10-2024T02:57:08 - [TEST_STEP][PASSED] - if (ExecuteTC.equalsIgnoreCase("Y")): null

25-10-2024T02:57:08 - [TEST_STEP][PASSED] - out.println("Begin Record Number: " + row): null

25-10-2024T02:57:08 - [TEST_STEP][PASSED] - today = new java.util.Date(): null

25-10-2024T02:57:08 - [TEST_STEP][PASSED] - println(today): null

25-10-2024T02:57:08 - [TEST_STEP][PASSED] - datText = today: null

25-10-2024T02:57:08 - [TEST_STEP][PASSED] - EmulatorDataKey = findTestData(dataFile).getValue("EmulatorData", row): null

25-10-2024T02:57:08 - [TEST_STEP][PASSED] - out.println("Value of Emulator Key is : " + EmulatorDataKey): null

25-10-2024T02:57:08 - [TEST_STEP][PASSED] - iwpPages.emulatorIWP30.setDataEmulator_DD(EmulatorDataKey): iwpPages.emulatorIWP30.setDataEmulator_DD is PASSED

25-10-2024T02:57:08 - [MESSAGE][INFO] - Starting 'Edge Chromium' driver

25-10-2024T02:57:08 - [MESSAGE][INFO] - User set preference: ['acceptInsecureCerts', 'true']

25-10-2024T02:57:10 - [MESSAGE][INFO] - Action delay is set to 0 milliseconds

25-10-2024T02:57:15 - [MESSAGE][PASSED] - Browser is opened with url: 'https://qa2.velocitypayment.com/agencyx/config.action?action=editor&message_version=2_5'

25-10-2024T02:57:15 - [MESSAGE][PASSED] - Current window maximized

25-10-2024T02:57:46 - [MESSAGE][INFO] - Unable to find the element located by 'By.xpath: //select[@name='message_version']'. Please recheck the objects properties to make sure the desired element is located. 

25-10-2024T02:57:46 - [MESSAGE][WARNING] - [SELF-HEALING] Failed to find element with id 'Object Repository/IWP30/Page_VRelay30Emulator/MV'. Try using Self-healing.

25-10-2024T02:57:46 - [MESSAGE][WARNING] - [SELF-HEALING] The current locator of test object 'Object Repository/IWP30/Page_VRelay30Emulator/MV' was broken. Propose an alternative one: '(.//*[normalize-space(text()) and normalize-space(.)='Message Version'])[1]/following::select[1]'.

25-10-2024T02:57:47 - [MESSAGE][PASSED] - All options with value '2.5' are selected in object 'Object Repository/IWP30/Page_VRelay30Emulator/MV'  using regular expression

25-10-2024T02:57:47 - [MESSAGE][PASSED] - Text '10.50' is set on object 'Object Repository/IWP30/Page_EmulatorAgencyX/Amount'

25-10-2024T02:57:48 - [MESSAGE][PASSED] - Text 'U6STr7lnoJrb' is set on object 'Object Repository/IWP30/Page_EmulatorAgencyX/CAN'

25-10-2024T02:57:49 - [MESSAGE][PASSED] - Text 'PayNow' is set on object 'Object Repository/IWP30/Page_EmulatorAgencyX/Action'

25-10-2024T02:57:49 - [MESSAGE][PASSED] - Text 'en_US' is set on object 'Object Repository/IWP30/Page_EmulatorAgencyX/Lang'

25-10-2024T02:57:50 - [MESSAGE][PASSED] - Text '' is set on object 'Object Repository/IWP30/Page_EmulatorAgencyX/Fname'

25-10-2024T02:57:50 - [MESSAGE][PASSED] - Text '' is set on object 'Object Repository/IWP30/Page_EmulatorAgencyX/Lname'

25-10-2024T02:57:51 - [MESSAGE][PASSED] - Text '' is set on object 'Object Repository/IWP30/Page_EmulatorAgencyX/AL1'

25-10-2024T02:57:51 - [MESSAGE][PASSED] - Text '' is set on object 'Object Repository/IWP30/Page_EmulatorAgencyX/AL2'

25-10-2024T02:57:52 - [MESSAGE][PASSED] - Text '' is set on object 'Object Repository/IWP30/Page_EmulatorAgencyX/Country'

25-10-2024T02:57:53 - [MESSAGE][PASSED] - Text '' is set on object 'Object Repository/IWP30/Page_EmulatorAgencyX/City'

25-10-2024T02:57:53 - [MESSAGE][PASSED] - Text '' is set on object 'Object Repository/IWP30/Page_EmulatorAgencyX/State'

25-10-2024T02:57:54 - [MESSAGE][PASSED] - Text '' is set on object 'Object Repository/IWP30/Page_EmulatorAgencyX/ZIP'

25-10-2024T02:57:54 - [MESSAGE][PASSED] - Text '' is set on object 'Object Repository/IWP30/Page_EmulatorAgencyX/Order'

25-10-2024T02:57:55 - [MESSAGE][PASSED] - Text '' is set on object 'Object Repository/IWP30/Page_EmulatorAgencyX/Company'

25-10-2024T02:57:55 - [MESSAGE][PASSED] - Text '' is set on object 'Object Repository/IWP30/Page_EmulatorAgencyX/Email'

25-10-2024T02:57:56 - [MESSAGE][PASSED] - Text '' is set on object 'Object Repository/IWP30/Page_EmulatorAgencyX/UDF1'

25-10-2024T02:57:57 - [MESSAGE][PASSED] - Text '' is set on object 'Object Repository/IWP30/Page_EmulatorAgencyX/UDF2'

25-10-2024T02:57:57 - [MESSAGE][PASSED] - Text '' is set on object 'Object Repository/IWP30/Page_EmulatorAgencyX/UDF3'

25-10-2024T02:57:58 - [MESSAGE][PASSED] - Text 'udf data 4' is set on object 'Object Repository/IWP30/Page_EmulatorAgencyX/UDF4'

25-10-2024T02:57:58 - [MESSAGE][PASSED] - Text 'udf data 5' is set on object 'Object Repository/IWP30/Page_EmulatorAgencyX/UDF5'

25-10-2024T02:57:59 - [MESSAGE][PASSED] - Text '' is set on object 'Object Repository/IWP30/Page_EmulatorAgencyX/UDF6'

25-10-2024T02:58:00 - [MESSAGE][PASSED] - Text '' is set on object 'Object Repository/IWP30/Page_EmulatorAgencyX/UDF7'

25-10-2024T02:58:00 - [MESSAGE][PASSED] - Text '' is set on object 'Object Repository/IWP30/Page_EmulatorAgencyX/UDF8'

25-10-2024T02:58:01 - [MESSAGE][PASSED] - Text 'udf data 9' is set on object 'Object Repository/IWP30/Page_EmulatorAgencyX/UDF9'

25-10-2024T02:58:01 - [MESSAGE][PASSED] - Text 'udf data 10' is set on object 'Object Repository/IWP30/Page_EmulatorAgencyX/UDF10'

25-10-2024T02:58:03 - [MESSAGE][PASSED] - Object: 'Object Repository/IWP30/Page_EmulatorAgencyX/Submit' is clicked on

25-10-2024T02:58:07 - [MESSAGE][PASSED] - Browser is closed

25-10-2024T02:58:11 - [MESSAGE][PASSED] - iwpPages.emulatorIWP30.setDataEmulator_DD is PASSED

25-10-2024T02:58:11 - [TEST_STEP][PASSED] - testHarnessURL = urlTestHarness: null

25-10-2024T02:58:11 - [TEST_STEP][PASSED] - openBrowser(testHarnessURL): Browser is opened with url: 'https://dev-algorithm.govolution.com/vrelaytest/QA2/version_2_2/vrelaytest.html'

25-10-2024T02:58:11 - [MESSAGE][INFO] - Starting 'Edge Chromium' driver

25-10-2024T02:58:11 - [MESSAGE][INFO] - User set preference: ['acceptInsecureCerts', 'true']

25-10-2024T02:58:13 - [MESSAGE][INFO] - Action delay is set to 0 milliseconds

25-10-2024T02:58:17 - [MESSAGE][PASSED] - Browser is opened with url: 'https://dev-algorithm.govolution.com/vrelaytest/QA2/version_2_2/vrelaytest.html'

25-10-2024T02:58:17 - [TEST_STEP][PASSED] - maximizeWindow(): Current window maximized

25-10-2024T02:58:17 - [MESSAGE][PASSED] - Current window maximized

25-10-2024T02:58:17 - [TEST_STEP][PASSED] - iwpPages.TestHarnessPage.setDataMethod(row, dataFile): iwpPages.TestHarnessPage.setDataMethod is PASSED

25-10-2024T02:58:17 - [MESSAGE][PASSED] - Object 'Object Repository/IWP30/Page_QATestHarness/RemittanceID' is present

25-10-2024T02:58:18 - [MESSAGE][PASSED] - Text '638' is set on object 'Object Repository/IWP30/Page_QATestHarness/ApplicationID'

25-10-2024T02:58:18 - [MESSAGE][PASSED] - Text '2.5' is set on object 'Object Repository/IWP30/Page_QATestHarness/MessageVersion'

25-10-2024T02:58:19 - [MESSAGE][PASSED] - Text '0p3Q863en3Bh' is set on object 'Object Repository/IWP30/Page_QATestHarness/RemittanceID'

25-10-2024T02:58:23 - [MESSAGE][PASSED] - Object: 'Object Repository/IWP30/Page_QATestHarness/SubmitButton' is clicked on

25-10-2024T02:58:23 - [MESSAGE][PASSED] - iwpPages.TestHarnessPage.setDataMethod is PASSED

25-10-2024T02:58:23 - [TEST_STEP][PASSED] - click(findTestObject("Object Repository/IWP30/Page_SelectPaymentMethod/PayByCreditCard")): Object: 'Object Repository/IWP30/Page_SelectPaymentMethod/PayByCreditCard' is clicked on

25-10-2024T02:58:23 - [MESSAGE][PASSED] - Object: 'Object Repository/IWP30/Page_SelectPaymentMethod/PayByCreditCard' is clicked on

25-10-2024T02:58:23 - [TEST_STEP][PASSED] - click(findTestObject("Object Repository/IWP30/Page_SelectPaymentMethod/MakePaymentButton")): Object: 'Object Repository/IWP30/Page_SelectPaymentMethod/MakePaymentButton' is clicked on

25-10-2024T02:58:26 - [MESSAGE][PASSED] - Object: 'Object Repository/IWP30/Page_SelectPaymentMethod/MakePaymentButton' is clicked on

25-10-2024T02:58:26 - [TEST_STEP][PASSED] - iwpPages.ccPaymentEntryPage.setDataCCPM(row, dataFile): iwpPages.ccPaymentEntryPage.setDataCCPM is PASSED

25-10-2024T02:58:27 - [MESSAGE][PASSED] - Object 'Object Repository/IWP30/Page_CCPaymentEntry/Name' is present

25-10-2024T02:58:28 - [MESSAGE][PASSED] - Text '1.50' is set on object 'Object Repository/IWP30/Page_CCPaymentEntry/Amount'

25-10-2024T02:58:29 - [MESSAGE][PASSED] - Text 'udf data 2' is set on object 'Object Repository/IWP30/Page_CCPaymentEntry/UserDefined2'

25-10-2024T02:58:29 - [MESSAGE][PASSED] - Text 'udf data 3' is set on object 'Object Repository/IWP30/Page_CCPaymentEntry/UserDefined3'

25-10-2024T02:58:30 - [MESSAGE][PASSED] - All options with label 'Orange' are selected in object 'Object Repository/IWP30/Page_CCPaymentEntry/UserDefined7' 

25-10-2024T02:58:30 - [MESSAGE][PASSED] - All options with label 'Soccer' are selected in object 'Object Repository/IWP30/Page_CCPaymentEntry/UserDefined8' 

25-10-2024T02:58:31 - [MESSAGE][PASSED] - Object 'Object Repository/IWP30/Page_CCPaymentEntry/Name' is present

25-10-2024T02:58:31 - [MESSAGE][PASSED] - Text 'Kavita Ranawati' is set on object 'Object Repository/IWP30/Page_CCPaymentEntry/Name'

25-10-2024T02:58:31 - [MESSAGE][PASSED] - Object 'Object Repository/IWP30/Page_CCPaymentEntry/CardNumber' is present

25-10-2024T02:58:32 - [MESSAGE][PASSED] - Text '4111111111111111' is set on object 'Object Repository/IWP30/Page_CCPaymentEntry/CardNumber'

25-10-2024T02:58:33 - [MESSAGE][PASSED] - Text '123' is set on object 'Object Repository/IWP30/Page_CCPaymentEntry/SPC'

25-10-2024T02:58:33 - [MESSAGE][PASSED] - Object 'Object Repository/IWP30/Page_CCPaymentEntry/Month' is present

25-10-2024T02:58:34 - [MESSAGE][PASSED] - All options with label '09' are selected in object 'Object Repository/IWP30/Page_CCPaymentEntry/Month' 

25-10-2024T02:58:34 - [MESSAGE][PASSED] - Object 'Object Repository/IWP30/Page_CCPaymentEntry/Year' is present

25-10-2024T02:58:34 - [MESSAGE][PASSED] - All options with label '2028' are selected in object 'Object Repository/IWP30/Page_CCPaymentEntry/Year' 

25-10-2024T02:58:35 - [MESSAGE][PASSED] - Text '365 Main Avenue' is set on object 'Object Repository/IWP30/Page_CCPaymentEntry/AL1'

25-10-2024T02:58:36 - [MESSAGE][PASSED] - Text '22201' is set on object 'Object Repository/IWP30/Page_CCPaymentEntry/ZIP'

25-10-2024T02:58:36 - [MESSAGE][PASSED] - Object 'Object Repository/IWP30/Page_CCPaymentEntry/EmailAddress' is present

25-10-2024T02:58:37 - [MESSAGE][PASSED] - Text 'iahmed@govolution.com' is set on object 'Object Repository/IWP30/Page_CCPaymentEntry/EmailAddress'

25-10-2024T02:58:38 - [MESSAGE][PASSED] - Object 'Object Repository/IWP30/Page_CCPaymentEntry/TermCondCheckBox' is present

25-10-2024T02:58:38 - [MESSAGE][PASSED] - Object 'Object Repository/IWP30/Page_CCPaymentEntry/TermCondCheckBox' is checked

25-10-2024T02:58:38 - [MESSAGE][PASSED] - Object 'Object Repository/IWP30/Page_CCPaymentEntry/ContinueButton' is present

25-10-2024T02:58:40 - [MESSAGE][PASSED] - Object: 'Object Repository/IWP30/Page_CCPaymentEntry/ContinueButton' is clicked on

25-10-2024T02:58:40 - [MESSAGE][PASSED] - iwpPages.ccPaymentEntryPage.setDataCCPM is PASSED

25-10-2024T02:58:40 - [TEST_STEP][PASSED] - Thread.sleep(10000): null

25-10-2024T02:58:50 - [TEST_STEP][PASSED] - if (verifyTextPresent("Amount is less than minimum", false)): null

25-10-2024T02:58:51 - [MESSAGE][PASSED] - Text 'Amount is less than minimum' is present on page 

25-10-2024T02:58:51 - [TEST_STEP][PASSED] - println("Min Amount Error message shown"): null

25-10-2024T02:58:51 - [TEST_STEP][PASSED] - markPassed("Min Amount Error message shown"): Min Amount Error message shown

25-10-2024T02:58:51 - [MESSAGE][PASSED] - Min Amount Error message shown

25-10-2024T02:58:51 - [TEST_STEP][PASSED] - resText = "Pass": null

25-10-2024T02:58:51 - [TEST_STEP][PASSED] - pages.WriteExcel.demoKey(resText, datText, resColumn, datCloumn, fileLoc, nameSheet, row): pages.WriteExcel.demoKey is PASSED

25-10-2024T02:58:51 - [MESSAGE][PASSED] - pages.WriteExcel.demoKey is PASSED

25-10-2024T02:58:51 - [TEST_STEP][PASSED] - closeBrowser(): Browser is closed

25-10-2024T02:58:51 - [MESSAGE][PASSED] - Browser is closed

25-10-2024T02:58:51 - [TEST_STEP][PASSED] - ExecuteTC = findTestData(dataFile).getValue("Execute", row): null

25-10-2024T02:58:52 - [TEST_STEP][PASSED] - out.println("Value of Execute is : " + ExecuteTC): null

25-10-2024T02:58:52 - [TEST_STEP][FAILED] - if (ExecuteTC.equalsIgnoreCase("Y")): null

25-10-2024T02:58:52 - [TEST_STEP][PASSED] - out.println("Begin Record Number: " + row): null

25-10-2024T02:58:52 - [TEST_STEP][PASSED] - today = new java.util.Date(): null

25-10-2024T02:58:52 - [TEST_STEP][PASSED] - println(today): null

25-10-2024T02:58:52 - [TEST_STEP][PASSED] - datText = today: null

25-10-2024T02:58:52 - [TEST_STEP][PASSED] - EmulatorDataKey = findTestData(dataFile).getValue("EmulatorData", row): null

25-10-2024T02:58:52 - [TEST_STEP][PASSED] - out.println("Value of Emulator Key is : " + EmulatorDataKey): null

25-10-2024T02:58:52 - [TEST_STEP][PASSED] - iwpPages.emulatorIWP30.setDataEmulator_DD(EmulatorDataKey): iwpPages.emulatorIWP30.setDataEmulator_DD is PASSED

25-10-2024T02:58:52 - [MESSAGE][INFO] - Starting 'Edge Chromium' driver

25-10-2024T02:58:52 - [MESSAGE][INFO] - User set preference: ['acceptInsecureCerts', 'true']

25-10-2024T02:58:54 - [MESSAGE][INFO] - Action delay is set to 0 milliseconds

25-10-2024T02:58:58 - [MESSAGE][PASSED] - Browser is opened with url: 'https://qa2.velocitypayment.com/agencyx/config.action?action=editor&message_version=3_0'

25-10-2024T02:58:58 - [MESSAGE][PASSED] - Current window maximized

25-10-2024T02:59:29 - [MESSAGE][INFO] - Unable to find the element located by 'By.xpath: //select[@name='message_version']'. Please recheck the objects properties to make sure the desired element is located. 

25-10-2024T02:59:29 - [MESSAGE][WARNING] - [SELF-HEALING] Failed to find element with id 'Object Repository/IWP30/Page_VRelay30Emulator/MV'. Try using Self-healing.

25-10-2024T02:59:29 - [MESSAGE][WARNING] - [SELF-HEALING] The current locator of test object 'Object Repository/IWP30/Page_VRelay30Emulator/MV' was broken. Propose an alternative one: '(.//*[normalize-space(text()) and normalize-space(.)='Message Version'])[1]/following::select[1]'.

25-10-2024T02:59:30 - [MESSAGE][PASSED] - All options with value '3.0' are selected in object 'Object Repository/IWP30/Page_VRelay30Emulator/MV'  using regular expression

25-10-2024T02:59:31 - [MESSAGE][PASSED] - Text '10.50' is set on object 'Object Repository/IWP30/Page_EmulatorAgencyX/Amount'

25-10-2024T02:59:31 - [MESSAGE][PASSED] - Text 'PPfXf3nzWuo1' is set on object 'Object Repository/IWP30/Page_EmulatorAgencyX/CAN'

25-10-2024T02:59:32 - [MESSAGE][PASSED] - Text 'PayNow' is set on object 'Object Repository/IWP30/Page_EmulatorAgencyX/Action'

25-10-2024T02:59:32 - [MESSAGE][PASSED] - Text 'en_US' is set on object 'Object Repository/IWP30/Page_EmulatorAgencyX/Lang'

25-10-2024T02:59:33 - [MESSAGE][PASSED] - Text '' is set on object 'Object Repository/IWP30/Page_EmulatorAgencyX/Fname'

25-10-2024T02:59:33 - [MESSAGE][PASSED] - Text '' is set on object 'Object Repository/IWP30/Page_EmulatorAgencyX/Lname'

25-10-2024T02:59:34 - [MESSAGE][PASSED] - Text '' is set on object 'Object Repository/IWP30/Page_EmulatorAgencyX/AL1'

25-10-2024T02:59:35 - [MESSAGE][PASSED] - Text '' is set on object 'Object Repository/IWP30/Page_EmulatorAgencyX/AL2'

25-10-2024T02:59:35 - [MESSAGE][PASSED] - Text '' is set on object 'Object Repository/IWP30/Page_EmulatorAgencyX/Country'

25-10-2024T02:59:36 - [MESSAGE][PASSED] - Text '' is set on object 'Object Repository/IWP30/Page_EmulatorAgencyX/City'

25-10-2024T02:59:36 - [MESSAGE][PASSED] - Text '' is set on object 'Object Repository/IWP30/Page_EmulatorAgencyX/State'

25-10-2024T02:59:37 - [MESSAGE][PASSED] - Text '' is set on object 'Object Repository/IWP30/Page_EmulatorAgencyX/ZIP'

25-10-2024T02:59:37 - [MESSAGE][PASSED] - Text '' is set on object 'Object Repository/IWP30/Page_EmulatorAgencyX/Order'

25-10-2024T02:59:38 - [MESSAGE][PASSED] - Text '' is set on object 'Object Repository/IWP30/Page_EmulatorAgencyX/Company'

25-10-2024T02:59:39 - [MESSAGE][PASSED] - Text '' is set on object 'Object Repository/IWP30/Page_EmulatorAgencyX/Email'

25-10-2024T02:59:39 - [MESSAGE][PASSED] - Text '' is set on object 'Object Repository/IWP30/Page_EmulatorAgencyX/UDF1'

25-10-2024T02:59:40 - [MESSAGE][PASSED] - Text '' is set on object 'Object Repository/IWP30/Page_EmulatorAgencyX/UDF2'

25-10-2024T02:59:40 - [MESSAGE][PASSED] - Text '' is set on object 'Object Repository/IWP30/Page_EmulatorAgencyX/UDF3'

25-10-2024T02:59:41 - [MESSAGE][PASSED] - Text 'udf data 4' is set on object 'Object Repository/IWP30/Page_EmulatorAgencyX/UDF4'

25-10-2024T02:59:42 - [MESSAGE][PASSED] - Text 'udf data 5' is set on object 'Object Repository/IWP30/Page_EmulatorAgencyX/UDF5'

25-10-2024T02:59:42 - [MESSAGE][PASSED] - Text '' is set on object 'Object Repository/IWP30/Page_EmulatorAgencyX/UDF6'

25-10-2024T02:59:43 - [MESSAGE][PASSED] - Text '' is set on object 'Object Repository/IWP30/Page_EmulatorAgencyX/UDF7'

25-10-2024T02:59:43 - [MESSAGE][PASSED] - Text '' is set on object 'Object Repository/IWP30/Page_EmulatorAgencyX/UDF8'

25-10-2024T02:59:44 - [MESSAGE][PASSED] - Text 'udf data 9' is set on object 'Object Repository/IWP30/Page_EmulatorAgencyX/UDF9'

25-10-2024T02:59:44 - [MESSAGE][PASSED] - Text 'udf data 10' is set on object 'Object Repository/IWP30/Page_EmulatorAgencyX/UDF10'

25-10-2024T02:59:46 - [MESSAGE][PASSED] - Object: 'Object Repository/IWP30/Page_EmulatorAgencyX/Submit' is clicked on

25-10-2024T02:59:50 - [MESSAGE][PASSED] - Browser is closed

25-10-2024T02:59:54 - [MESSAGE][PASSED] - iwpPages.emulatorIWP30.setDataEmulator_DD is PASSED

25-10-2024T02:59:54 - [TEST_STEP][PASSED] - testHarnessURL = urlTestHarness: null

25-10-2024T02:59:54 - [TEST_STEP][PASSED] - openBrowser(testHarnessURL): Browser is opened with url: 'https://dev-algorithm.govolution.com/vrelaytest/QA2/version_2_2/vrelaytest.html'

25-10-2024T02:59:54 - [MESSAGE][INFO] - Starting 'Edge Chromium' driver

25-10-2024T02:59:54 - [MESSAGE][INFO] - User set preference: ['acceptInsecureCerts', 'true']

25-10-2024T02:59:56 - [MESSAGE][INFO] - Action delay is set to 0 milliseconds

25-10-2024T03:00:00 - [MESSAGE][PASSED] - Browser is opened with url: 'https://dev-algorithm.govolution.com/vrelaytest/QA2/version_2_2/vrelaytest.html'

25-10-2024T03:00:00 - [TEST_STEP][PASSED] - maximizeWindow(): Current window maximized

25-10-2024T03:00:00 - [MESSAGE][PASSED] - Current window maximized

25-10-2024T03:00:00 - [TEST_STEP][PASSED] - iwpPages.TestHarnessPage.setDataMethod(row, dataFile): iwpPages.TestHarnessPage.setDataMethod is PASSED

25-10-2024T03:00:00 - [MESSAGE][PASSED] - Object 'Object Repository/IWP30/Page_QATestHarness/RemittanceID' is present

25-10-2024T03:00:01 - [MESSAGE][PASSED] - Text '649' is set on object 'Object Repository/IWP30/Page_QATestHarness/ApplicationID'

25-10-2024T03:00:02 - [MESSAGE][PASSED] - Text '3.0' is set on object 'Object Repository/IWP30/Page_QATestHarness/MessageVersion'

25-10-2024T03:00:02 - [MESSAGE][PASSED] - Text 'Dm3KvbgA5f9r' is set on object 'Object Repository/IWP30/Page_QATestHarness/RemittanceID'

25-10-2024T03:00:05 - [MESSAGE][PASSED] - Object: 'Object Repository/IWP30/Page_QATestHarness/SubmitButton' is clicked on

25-10-2024T03:00:05 - [MESSAGE][PASSED] - iwpPages.TestHarnessPage.setDataMethod is PASSED

25-10-2024T03:00:05 - [TEST_STEP][PASSED] - click(findTestObject("Object Repository/IWP30/Page_SelectPaymentMethod/PayByCreditCard")): Object: 'Object Repository/IWP30/Page_SelectPaymentMethod/PayByCreditCard' is clicked on

25-10-2024T03:00:06 - [MESSAGE][PASSED] - Object: 'Object Repository/IWP30/Page_SelectPaymentMethod/PayByCreditCard' is clicked on

25-10-2024T03:00:06 - [TEST_STEP][PASSED] - click(findTestObject("Object Repository/IWP30/Page_SelectPaymentMethod/MakePaymentButton")): Object: 'Object Repository/IWP30/Page_SelectPaymentMethod/MakePaymentButton' is clicked on

25-10-2024T03:00:09 - [MESSAGE][PASSED] - Object: 'Object Repository/IWP30/Page_SelectPaymentMethod/MakePaymentButton' is clicked on

25-10-2024T03:00:09 - [TEST_STEP][FAILED] - iwpPages.ccPaymentEntryPage.setDataCCPM(row, dataFile): com.kms.katalon.core.exception.StepFailedException: Unable to select option by label '12344444' of object 'Object Repository/IWP30/Page_CCPaymentEntry/Month'  (Root cause: com.kms.katalon.core.exception.StepFailedException: Unable to select option by label '12344444' of object 'Object Repository/IWP30/Page_CCPaymentEntry/Month' 
	at com.kms.katalon.core.webui.keyword.internal.WebUIKeywordMain.stepFailed(WebUIKeywordMain.groovy:64)
	at com.kms.katalon.core.webui.keyword.internal.WebUIKeywordMain.runKeyword(WebUIKeywordMain.groovy:26)
	at com.kms.katalon.core.webui.keyword.builtin.SelectOptionByLabelKeyword.selectOptionByLabel(SelectOptionByLabelKeyword.groovy:98)
	at com.kms.katalon.core.webui.keyword.builtin.SelectOptionByLabelKeyword.execute(SelectOptionByLabelKeyword.groovy:71)
	at com.kms.katalon.core.keyword.internal.KeywordExecutor.executeKeywordForPlatform(KeywordExecutor.groovy:74)
	at com.kms.katalon.core.webui.keyword.WebUiBuiltInKeywords.selectOptionByLabel(WebUiBuiltInKeywords.groovy:1269)
	at iwpPages.ccPaymentEntryPage.setDataCCPM(ccPaymentEntryPage.groovy:347)
	at jdk.internal.reflect.GeneratedMethodAccessor51.invoke(Unknown Source)
	at java.base/jdk.internal.reflect.DelegatingMethodAccessorImpl.invoke(DelegatingMethodAccessorImpl.java:43)
	at com.kms.katalon.core.main.CustomKeywordDelegatingMetaClass.invokeStaticMethod(CustomKeywordDelegatingMetaClass.java:55)
	at MinAmountErrorCC.run(MinAmountErrorCC:82)
	at com.kms.katalon.core.main.ScriptEngine.run(ScriptEngine.java:194)
	at com.kms.katalon.core.main.ScriptEngine.runScriptAsRawText(ScriptEngine.java:119)
	at com.kms.katalon.core.main.TestCaseExecutor.runScript(TestCaseExecutor.java:448)
	at com.kms.katalon.core.main.TestCaseExecutor.doExecute(TestCaseExecutor.java:439)
	at com.kms.katalon.core.main.TestCaseExecutor.processExecutionPhase(TestCaseExecutor.java:418)
	at com.kms.katalon.core.main.TestCaseExecutor.accessMainPhase(TestCaseExecutor.java:410)
	at com.kms.katalon.core.main.TestCaseExecutor.execute(TestCaseExecutor.java:285)
	at com.kms.katalon.core.common.CommonExecutor.accessTestCaseMainPhase(CommonExecutor.java:65)
	at com.kms.katalon.core.main.TestSuiteExecutor.accessTestSuiteMainPhase(TestSuiteExecutor.java:150)
	at com.kms.katalon.core.main.TestSuiteExecutor.execute(TestSuiteExecutor.java:106)
	at com.kms.katalon.core.main.TestCaseMain.startTestSuite(TestCaseMain.java:180)
	at TempTestSuite1729787045812.run(TempTestSuite1729787045812.groovy:35)
	at java.base/jdk.internal.reflect.NativeMethodAccessorImpl.invoke0(Native Method)
	at java.base/jdk.internal.reflect.NativeMethodAccessorImpl.invoke(NativeMethodAccessorImpl.java:77)
	at java.base/jdk.internal.reflect.DelegatingMethodAccessorImpl.invoke(DelegatingMethodAccessorImpl.java:43)
Caused by: org.openqa.selenium.NoSuchElementException: Cannot locate element with text: 12344444
For documentation on this error, please visit: https://www.seleniumhq.org/exceptions/no_such_element.html
Build info: version: '3.141.59', revision: 'unknown', time: 'unknown'
System info: host: 'TXD87096', ip: '10.203.40.166', os.name: 'Windows 10', os.arch: 'amd64', os.version: '10.0', java.version: '17.0.7'
Driver info: driver.version: unknown
	at org.openqa.selenium.support.ui.Select.selectByVisibleText(Select.java:147)
	at com.kms.katalon.core.webui.common.WebUiCommonHelper.selectOrDeselectOptionsByLabel(WebUiCommonHelper.java:311)
	at com.kms.katalon.core.webui.keyword.builtin.SelectOptionByLabelKeyword$_selectOptionByLabel_closure1.doCall(SelectOptionByLabelKeyword.groovy:87)
	at com.kms.katalon.core.webui.keyword.builtin.SelectOptionByLabelKeyword$_selectOptionByLabel_closure1.call(SelectOptionByLabelKeyword.groovy)
	at com.kms.katalon.core.webui.keyword.internal.WebUIKeywordMain.runKeyword(WebUIKeywordMain.groovy:20)
	at com.kms.katalon.core.webui.keyword.builtin.SelectOptionByLabelKeyword.selectOptionByLabel(SelectOptionByLabelKeyword.groovy:98)
	at com.kms.katalon.core.webui.keyword.builtin.SelectOptionByLabelKeyword.execute(SelectOptionByLabelKeyword.groovy:71)
	at com.kms.katalon.core.keyword.internal.KeywordExecutor.executeKeywordForPlatform(KeywordExecutor.groovy:74)
	at com.kms.katalon.core.webui.keyword.WebUiBuiltInKeywords.selectOptionByLabel(WebUiBuiltInKeywords.groovy:1269)
	at iwpPages.ccPaymentEntryPage.setDataCCPM(ccPaymentEntryPage.groovy:347)
	at jdk.internal.reflect.GeneratedMethodAccessor51.invoke(Unknown Source)
	at java.base/jdk.internal.reflect.DelegatingMethodAccessorImpl.invoke(DelegatingMethodAccessorImpl.java:43)
	at com.kms.katalon.core.main.CustomKeywordDelegatingMetaClass.invokeStaticMethod(CustomKeywordDelegatingMetaClass.java:55)
	at Script1725023335640.run(Script1725023335640.groovy:82)
	... 15 more
)

25-10-2024T03:00:10 - [MESSAGE][PASSED] - Object 'Object Repository/IWP30/Page_CCPaymentEntry/Name' is present

25-10-2024T03:00:10 - [MESSAGE][PASSED] - Text '200.50' is set on object 'Object Repository/IWP30/Page_CCPaymentEntry/Amount'

25-10-2024T03:00:11 - [MESSAGE][PASSED] - Text 'udf data 2' is set on object 'Object Repository/IWP30/Page_CCPaymentEntry/UserDefined2'

25-10-2024T03:00:12 - [MESSAGE][PASSED] - Text 'udf data 3' is set on object 'Object Repository/IWP30/Page_CCPaymentEntry/UserDefined3'

25-10-2024T03:00:12 - [MESSAGE][PASSED] - All options with label 'Orange' are selected in object 'Object Repository/IWP30/Page_CCPaymentEntry/UserDefined7' 

25-10-2024T03:00:13 - [MESSAGE][PASSED] - All options with label 'Soccer' are selected in object 'Object Repository/IWP30/Page_CCPaymentEntry/UserDefined8' 

25-10-2024T03:00:13 - [MESSAGE][PASSED] - Object 'Object Repository/IWP30/Page_CCPaymentEntry/Name' is present

25-10-2024T03:00:14 - [MESSAGE][PASSED] - Text 'My Company' is set on object 'Object Repository/IWP30/Page_CCPaymentEntry/Name'

25-10-2024T03:00:14 - [MESSAGE][PASSED] - Object 'Object Repository/IWP30/Page_CCPaymentEntry/CardNumber' is present

25-10-2024T03:00:14 - [MESSAGE][PASSED] - Text '256072691' is set on object 'Object Repository/IWP30/Page_CCPaymentEntry/CardNumber'

25-10-2024T03:00:15 - [MESSAGE][PASSED] - Text '12344444' is set on object 'Object Repository/IWP30/Page_CCPaymentEntry/SPC'

25-10-2024T03:00:16 - [MESSAGE][PASSED] - Object 'Object Repository/IWP30/Page_CCPaymentEntry/Month' is present

25-10-2024T03:00:17 - [MESSAGE][FAILED] - Unable to select option by label '12344444' of object 'Object Repository/IWP30/Page_CCPaymentEntry/Month'  (Root cause: com.kms.katalon.core.exception.StepFailedException: Unable to select option by label '12344444' of object 'Object Repository/IWP30/Page_CCPaymentEntry/Month' 
	at com.kms.katalon.core.webui.keyword.internal.WebUIKeywordMain.stepFailed(WebUIKeywordMain.groovy:64)
	at com.kms.katalon.core.webui.keyword.internal.WebUIKeywordMain.runKeyword(WebUIKeywordMain.groovy:26)
	at com.kms.katalon.core.webui.keyword.builtin.SelectOptionByLabelKeyword.selectOptionByLabel(SelectOptionByLabelKeyword.groovy:98)
	at com.kms.katalon.core.webui.keyword.builtin.SelectOptionByLabelKeyword.execute(SelectOptionByLabelKeyword.groovy:71)
	at com.kms.katalon.core.keyword.internal.KeywordExecutor.executeKeywordForPlatform(KeywordExecutor.groovy:74)
	at com.kms.katalon.core.webui.keyword.WebUiBuiltInKeywords.selectOptionByLabel(WebUiBuiltInKeywords.groovy:1269)
	at iwpPages.ccPaymentEntryPage.setDataCCPM(ccPaymentEntryPage.groovy:347)
	at jdk.internal.reflect.GeneratedMethodAccessor51.invoke(Unknown Source)
	at java.base/jdk.internal.reflect.DelegatingMethodAccessorImpl.invoke(DelegatingMethodAccessorImpl.java:43)
	at com.kms.katalon.core.main.CustomKeywordDelegatingMetaClass.invokeStaticMethod(CustomKeywordDelegatingMetaClass.java:55)
	at MinAmountErrorCC.run(MinAmountErrorCC:82)
	at com.kms.katalon.core.main.ScriptEngine.run(ScriptEngine.java:194)
	at com.kms.katalon.core.main.ScriptEngine.runScriptAsRawText(ScriptEngine.java:119)
	at com.kms.katalon.core.main.TestCaseExecutor.runScript(TestCaseExecutor.java:448)
	at com.kms.katalon.core.main.TestCaseExecutor.doExecute(TestCaseExecutor.java:439)
	at com.kms.katalon.core.main.TestCaseExecutor.processExecutionPhase(TestCaseExecutor.java:418)
	at com.kms.katalon.core.main.TestCaseExecutor.accessMainPhase(TestCaseExecutor.java:410)
	at com.kms.katalon.core.main.TestCaseExecutor.execute(TestCaseExecutor.java:285)
	at com.kms.katalon.core.common.CommonExecutor.accessTestCaseMainPhase(CommonExecutor.java:65)
	at com.kms.katalon.core.main.TestSuiteExecutor.accessTestSuiteMainPhase(TestSuiteExecutor.java:150)
	at com.kms.katalon.core.main.TestSuiteExecutor.execute(TestSuiteExecutor.java:106)
	at com.kms.katalon.core.main.TestCaseMain.startTestSuite(TestCaseMain.java:180)
	at TempTestSuite1729787045812.run(TempTestSuite1729787045812.groovy:35)
	at java.base/jdk.internal.reflect.NativeMethodAccessorImpl.invoke0(Native Method)
	at java.base/jdk.internal.reflect.NativeMethodAccessorImpl.invoke(NativeMethodAccessorImpl.java:77)
	at java.base/jdk.internal.reflect.DelegatingMethodAccessorImpl.invoke(DelegatingMethodAccessorImpl.java:43)
Caused by: org.openqa.selenium.NoSuchElementException: Cannot locate element with text: 12344444
For documentation on this error, please visit: https://www.seleniumhq.org/exceptions/no_such_element.html
Build info: version: '3.141.59', revision: 'unknown', time: 'unknown'
System info: host: 'TXD87096', ip: '10.203.40.166', os.name: 'Windows 10', os.arch: 'amd64', os.version: '10.0', java.version: '17.0.7'
Driver info: driver.version: unknown
	at org.openqa.selenium.support.ui.Select.selectByVisibleText(Select.java:147)
	at com.kms.katalon.core.webui.common.WebUiCommonHelper.selectOrDeselectOptionsByLabel(WebUiCommonHelper.java:311)
	at com.kms.katalon.core.webui.keyword.builtin.SelectOptionByLabelKeyword$_selectOptionByLabel_closure1.doCall(SelectOptionByLabelKeyword.groovy:87)
	at com.kms.katalon.core.webui.keyword.builtin.SelectOptionByLabelKeyword$_selectOptionByLabel_closure1.call(SelectOptionByLabelKeyword.groovy)
	at com.kms.katalon.core.webui.keyword.internal.WebUIKeywordMain.runKeyword(WebUIKeywordMain.groovy:20)
	at com.kms.katalon.core.webui.keyword.builtin.SelectOptionByLabelKeyword.selectOptionByLabel(SelectOptionByLabelKeyword.groovy:98)
	at com.kms.katalon.core.webui.keyword.builtin.SelectOptionByLabelKeyword.execute(SelectOptionByLabelKeyword.groovy:71)
	at com.kms.katalon.core.keyword.internal.KeywordExecutor.executeKeywordForPlatform(KeywordExecutor.groovy:74)
	at com.kms.katalon.core.webui.keyword.WebUiBuiltInKeywords.selectOptionByLabel(WebUiBuiltInKeywords.groovy:1269)
	at iwpPages.ccPaymentEntryPage.setDataCCPM(ccPaymentEntryPage.groovy:347)
	at jdk.internal.reflect.GeneratedMethodAccessor51.invoke(Unknown Source)
	at java.base/jdk.internal.reflect.DelegatingMethodAccessorImpl.invoke(DelegatingMethodAccessorImpl.java:43)
	at com.kms.katalon.core.main.CustomKeywordDelegatingMetaClass.invokeStaticMethod(CustomKeywordDelegatingMetaClass.java:55)
	at Script1725023335640.run(Script1725023335640.groovy:82)
	... 15 more
)
[[ATTACHMENT|C:\\Users\\t476046\\Documents\\katalon\\VPS-Katalon\\Reports\\20241024_215405\\QA\\IWP2.5\\QA_IWP2.5_Regression\\20241024_215405\\1729805416942.png]]

25-10-2024T03:00:17 - [MESSAGE][PASSED] - Object 'Object Repository/IWP30/Page_CCPaymentEntry/Year' is present

25-10-2024T03:00:18 - [MESSAGE][FAILED] - Unable to select option by label '123456789' of object 'Object Repository/IWP30/Page_CCPaymentEntry/Year'  (Root cause: com.kms.katalon.core.exception.StepFailedException: Unable to select option by label '123456789' of object 'Object Repository/IWP30/Page_CCPaymentEntry/Year' 
	at com.kms.katalon.core.webui.keyword.internal.WebUIKeywordMain.stepFailed(WebUIKeywordMain.groovy:64)
	at com.kms.katalon.core.webui.keyword.internal.WebUIKeywordMain.runKeyword(WebUIKeywordMain.groovy:26)
	at com.kms.katalon.core.webui.keyword.builtin.SelectOptionByLabelKeyword.selectOptionByLabel(SelectOptionByLabelKeyword.groovy:98)
	at com.kms.katalon.core.webui.keyword.builtin.SelectOptionByLabelKeyword.execute(SelectOptionByLabelKeyword.groovy:71)
	at com.kms.katalon.core.keyword.internal.KeywordExecutor.executeKeywordForPlatform(KeywordExecutor.groovy:74)
	at com.kms.katalon.core.webui.keyword.WebUiBuiltInKeywords.selectOptionByLabel(WebUiBuiltInKeywords.groovy:1269)
	at iwpPages.ccPaymentEntryPage.setDataCCPM(ccPaymentEntryPage.groovy:361)
	at jdk.internal.reflect.GeneratedMethodAccessor51.invoke(Unknown Source)
	at java.base/jdk.internal.reflect.DelegatingMethodAccessorImpl.invoke(DelegatingMethodAccessorImpl.java:43)
	at com.kms.katalon.core.main.CustomKeywordDelegatingMetaClass.invokeStaticMethod(CustomKeywordDelegatingMetaClass.java:55)
	at MinAmountErrorCC.run(MinAmountErrorCC:82)
	at com.kms.katalon.core.main.ScriptEngine.run(ScriptEngine.java:194)
	at com.kms.katalon.core.main.ScriptEngine.runScriptAsRawText(ScriptEngine.java:119)
	at com.kms.katalon.core.main.TestCaseExecutor.runScript(TestCaseExecutor.java:448)
	at com.kms.katalon.core.main.TestCaseExecutor.doExecute(TestCaseExecutor.java:439)
	at com.kms.katalon.core.main.TestCaseExecutor.processExecutionPhase(TestCaseExecutor.java:418)
	at com.kms.katalon.core.main.TestCaseExecutor.accessMainPhase(TestCaseExecutor.java:410)
	at com.kms.katalon.core.main.TestCaseExecutor.execute(TestCaseExecutor.java:285)
	at com.kms.katalon.core.common.CommonExecutor.accessTestCaseMainPhase(CommonExecutor.java:65)
	at com.kms.katalon.core.main.TestSuiteExecutor.accessTestSuiteMainPhase(TestSuiteExecutor.java:150)
	at com.kms.katalon.core.main.TestSuiteExecutor.execute(TestSuiteExecutor.java:106)
	at com.kms.katalon.core.main.TestCaseMain.startTestSuite(TestCaseMain.java:180)
	at TempTestSuite1729787045812.run(TempTestSuite1729787045812.groovy:35)
	at java.base/jdk.internal.reflect.NativeMethodAccessorImpl.invoke0(Native Method)
	at java.base/jdk.internal.reflect.NativeMethodAccessorImpl.invoke(NativeMethodAccessorImpl.java:77)
	at java.base/jdk.internal.reflect.DelegatingMethodAccessorImpl.invoke(DelegatingMethodAccessorImpl.java:43)
Caused by: org.openqa.selenium.NoSuchElementException: Cannot locate element with text: 123456789
For documentation on this error, please visit: https://www.seleniumhq.org/exceptions/no_such_element.html
Build info: version: '3.141.59', revision: 'unknown', time: 'unknown'
System info: host: 'TXD87096', ip: '10.203.40.166', os.name: 'Windows 10', os.arch: 'amd64', os.version: '10.0', java.version: '17.0.7'
Driver info: driver.version: unknown
	at org.openqa.selenium.support.ui.Select.selectByVisibleText(Select.java:147)
	at com.kms.katalon.core.webui.common.WebUiCommonHelper.selectOrDeselectOptionsByLabel(WebUiCommonHelper.java:311)
	at com.kms.katalon.core.webui.keyword.builtin.SelectOptionByLabelKeyword$_selectOptionByLabel_closure1.doCall(SelectOptionByLabelKeyword.groovy:87)
	at com.kms.katalon.core.webui.keyword.builtin.SelectOptionByLabelKeyword$_selectOptionByLabel_closure1.call(SelectOptionByLabelKeyword.groovy)
	at com.kms.katalon.core.webui.keyword.internal.WebUIKeywordMain.runKeyword(WebUIKeywordMain.groovy:20)
	at com.kms.katalon.core.webui.keyword.builtin.SelectOptionByLabelKeyword.selectOptionByLabel(SelectOptionByLabelKeyword.groovy:98)
	at com.kms.katalon.core.webui.keyword.builtin.SelectOptionByLabelKeyword.execute(SelectOptionByLabelKeyword.groovy:71)
	at com.kms.katalon.core.keyword.internal.KeywordExecutor.executeKeywordForPlatform(KeywordExecutor.groovy:74)
	at com.kms.katalon.core.webui.keyword.WebUiBuiltInKeywords.selectOptionByLabel(WebUiBuiltInKeywords.groovy:1269)
	at iwpPages.ccPaymentEntryPage.setDataCCPM(ccPaymentEntryPage.groovy:361)
	at jdk.internal.reflect.GeneratedMethodAccessor51.invoke(Unknown Source)
	at java.base/jdk.internal.reflect.DelegatingMethodAccessorImpl.invoke(DelegatingMethodAccessorImpl.java:43)
	at com.kms.katalon.core.main.CustomKeywordDelegatingMetaClass.invokeStaticMethod(CustomKeywordDelegatingMetaClass.java:55)
	at Script1725023335640.run(Script1725023335640.groovy:82)
	... 15 more
)
[[ATTACHMENT|C:\\Users\\t476046\\Documents\\katalon\\VPS-Katalon\\Reports\\20241024_215405\\QA\\IWP2.5\\QA_IWP2.5_Regression\\20241024_215405\\1729805417908.png]]

25-10-2024T03:00:18 - [MESSAGE][PASSED] - Execute JavaScript '
				   document.getElementById('processDate').value = '08/09/2025'
				  ' successfully

25-10-2024T03:00:18 - [MESSAGE][PASSED] - Text '22201' is set on object 'Object Repository/IWP30/Page_CCPaymentEntry/AL2'

25-10-2024T03:00:19 - [MESSAGE][PASSED] - Text 'iahmed@govolution.com' is set on object 'Object Repository/IWP30/Page_CCPaymentEntry/ZIP'

25-10-2024T03:00:19 - [MESSAGE][PASSED] - Object 'Object Repository/IWP30/Page_CCPaymentEntry/EmailAddress' is present

25-10-2024T03:00:19 - [MESSAGE][PASSED] - Object 'Object Repository/IWP30/Page_CCPaymentEntry/TermCondCheckBox' is present

25-10-2024T03:00:20 - [MESSAGE][PASSED] - Object 'Object Repository/IWP30/Page_CCPaymentEntry/TermCondCheckBox' is checked

25-10-2024T03:00:20 - [MESSAGE][PASSED] - Object 'Object Repository/IWP30/Page_CCPaymentEntry/ContinueButton' is present

25-10-2024T03:00:22 - [MESSAGE][PASSED] - Object: 'Object Repository/IWP30/Page_CCPaymentEntry/ContinueButton' is clicked on

25-10-2024T03:00:22 - [MESSAGE][FAILED] - com.kms.katalon.core.exception.StepFailedException: Unable to select option by label '12344444' of object 'Object Repository/IWP30/Page_CCPaymentEntry/Month'  (Root cause: com.kms.katalon.core.exception.StepFailedException: Unable to select option by label '12344444' of object 'Object Repository/IWP30/Page_CCPaymentEntry/Month' 
	at com.kms.katalon.core.webui.keyword.internal.WebUIKeywordMain.stepFailed(WebUIKeywordMain.groovy:64)
	at com.kms.katalon.core.webui.keyword.internal.WebUIKeywordMain.runKeyword(WebUIKeywordMain.groovy:26)
	at com.kms.katalon.core.webui.keyword.builtin.SelectOptionByLabelKeyword.selectOptionByLabel(SelectOptionByLabelKeyword.groovy:98)
	at com.kms.katalon.core.webui.keyword.builtin.SelectOptionByLabelKeyword.execute(SelectOptionByLabelKeyword.groovy:71)
	at com.kms.katalon.core.keyword.internal.KeywordExecutor.executeKeywordForPlatform(KeywordExecutor.groovy:74)
	at com.kms.katalon.core.webui.keyword.WebUiBuiltInKeywords.selectOptionByLabel(WebUiBuiltInKeywords.groovy:1269)
	at iwpPages.ccPaymentEntryPage.setDataCCPM(ccPaymentEntryPage.groovy:347)
	at jdk.internal.reflect.GeneratedMethodAccessor51.invoke(Unknown Source)
	at java.base/jdk.internal.reflect.DelegatingMethodAccessorImpl.invoke(DelegatingMethodAccessorImpl.java:43)
	at com.kms.katalon.core.main.CustomKeywordDelegatingMetaClass.invokeStaticMethod(CustomKeywordDelegatingMetaClass.java:55)
	at MinAmountErrorCC.run(MinAmountErrorCC:82)
	at com.kms.katalon.core.main.ScriptEngine.run(ScriptEngine.java:194)
	at com.kms.katalon.core.main.ScriptEngine.runScriptAsRawText(ScriptEngine.java:119)
	at com.kms.katalon.core.main.TestCaseExecutor.runScript(TestCaseExecutor.java:448)
	at com.kms.katalon.core.main.TestCaseExecutor.doExecute(TestCaseExecutor.java:439)
	at com.kms.katalon.core.main.TestCaseExecutor.processExecutionPhase(TestCaseExecutor.java:418)
	at com.kms.katalon.core.main.TestCaseExecutor.accessMainPhase(TestCaseExecutor.java:410)
	at com.kms.katalon.core.main.TestCaseExecutor.execute(TestCaseExecutor.java:285)
	at com.kms.katalon.core.common.CommonExecutor.accessTestCaseMainPhase(CommonExecutor.java:65)
	at com.kms.katalon.core.main.TestSuiteExecutor.accessTestSuiteMainPhase(TestSuiteExecutor.java:150)
	at com.kms.katalon.core.main.TestSuiteExecutor.execute(TestSuiteExecutor.java:106)
	at com.kms.katalon.core.main.TestCaseMain.startTestSuite(TestCaseMain.java:180)
	at TempTestSuite1729787045812.run(TempTestSuite1729787045812.groovy:35)
	at java.base/jdk.internal.reflect.NativeMethodAccessorImpl.invoke0(Native Method)
	at java.base/jdk.internal.reflect.NativeMethodAccessorImpl.invoke(NativeMethodAccessorImpl.java:77)
	at java.base/jdk.internal.reflect.DelegatingMethodAccessorImpl.invoke(DelegatingMethodAccessorImpl.java:43)
Caused by: org.openqa.selenium.NoSuchElementException: Cannot locate element with text: 12344444
For documentation on this error, please visit: https://www.seleniumhq.org/exceptions/no_such_element.html
Build info: version: '3.141.59', revision: 'unknown', time: 'unknown'
System info: host: 'TXD87096', ip: '10.203.40.166', os.name: 'Windows 10', os.arch: 'amd64', os.version: '10.0', java.version: '17.0.7'
Driver info: driver.version: unknown
	at org.openqa.selenium.support.ui.Select.selectByVisibleText(Select.java:147)
	at com.kms.katalon.core.webui.common.WebUiCommonHelper.selectOrDeselectOptionsByLabel(WebUiCommonHelper.java:311)
	at com.kms.katalon.core.webui.keyword.builtin.SelectOptionByLabelKeyword$_selectOptionByLabel_closure1.doCall(SelectOptionByLabelKeyword.groovy:87)
	at com.kms.katalon.core.webui.keyword.builtin.SelectOptionByLabelKeyword$_selectOptionByLabel_closure1.call(SelectOptionByLabelKeyword.groovy)
	at com.kms.katalon.core.webui.keyword.internal.WebUIKeywordMain.runKeyword(WebUIKeywordMain.groovy:20)
	at com.kms.katalon.core.webui.keyword.builtin.SelectOptionByLabelKeyword.selectOptionByLabel(SelectOptionByLabelKeyword.groovy:98)
	at com.kms.katalon.core.webui.keyword.builtin.SelectOptionByLabelKeyword.execute(SelectOptionByLabelKeyword.groovy:71)
	at com.kms.katalon.core.keyword.internal.KeywordExecutor.executeKeywordForPlatform(KeywordExecutor.groovy:74)
	at com.kms.katalon.core.webui.keyword.WebUiBuiltInKeywords.selectOptionByLabel(WebUiBuiltInKeywords.groovy:1269)
	at iwpPages.ccPaymentEntryPage.setDataCCPM(ccPaymentEntryPage.groovy:347)
	at jdk.internal.reflect.GeneratedMethodAccessor51.invoke(Unknown Source)
	at java.base/jdk.internal.reflect.DelegatingMethodAccessorImpl.invoke(DelegatingMethodAccessorImpl.java:43)
	at com.kms.katalon.core.main.CustomKeywordDelegatingMetaClass.invokeStaticMethod(CustomKeywordDelegatingMetaClass.java:55)
	at Script1725023335640.run(Script1725023335640.groovy:82)
	... 15 more
)

25-10-2024T03:00:22 - [TEST_STEP][PASSED] - Thread.sleep(10000): null

25-10-2024T03:00:32 - [TEST_STEP][FAILED] - if (verifyTextPresent("Amount is less than minimum", false)): Text 'Amount is less than minimum' is not present on page  (Root cause: com.kms.katalon.core.exception.StepFailedException: Text 'Amount is less than minimum' is not present on page 
	at com.kms.katalon.core.webui.keyword.internal.WebUIKeywordMain.stepFailed(WebUIKeywordMain.groovy:64)
	at com.kms.katalon.core.webui.keyword.builtin.VerifyTextPresentKeyword$_verifyTextPresent_closure1.doCall(VerifyTextPresentKeyword.groovy:79)
	at com.kms.katalon.core.webui.keyword.builtin.VerifyTextPresentKeyword$_verifyTextPresent_closure1.call(VerifyTextPresentKeyword.groovy)
	at com.kms.katalon.core.webui.keyword.internal.WebUIKeywordMain.runKeyword(WebUIKeywordMain.groovy:20)
	at com.kms.katalon.core.webui.keyword.builtin.VerifyTextPresentKeyword.verifyTextPresent(VerifyTextPresentKeyword.groovy:83)
	at com.kms.katalon.core.webui.keyword.builtin.VerifyTextPresentKeyword.execute(VerifyTextPresentKeyword.groovy:68)
	at com.kms.katalon.core.keyword.internal.KeywordExecutor.executeKeywordForPlatform(KeywordExecutor.groovy:74)
	at com.kms.katalon.core.webui.keyword.WebUiBuiltInKeywords.verifyTextPresent(WebUiBuiltInKeywords.groovy:1762)
	at MinAmountErrorCC.run(MinAmountErrorCC:86)
	at com.kms.katalon.core.main.ScriptEngine.run(ScriptEngine.java:194)
	at com.kms.katalon.core.main.ScriptEngine.runScriptAsRawText(ScriptEngine.java:119)
	at com.kms.katalon.core.main.TestCaseExecutor.runScript(TestCaseExecutor.java:448)
	at com.kms.katalon.core.main.TestCaseExecutor.doExecute(TestCaseExecutor.java:439)
	at com.kms.katalon.core.main.TestCaseExecutor.processExecutionPhase(TestCaseExecutor.java:418)
	at com.kms.katalon.core.main.TestCaseExecutor.accessMainPhase(TestCaseExecutor.java:410)
	at com.kms.katalon.core.main.TestCaseExecutor.execute(TestCaseExecutor.java:285)
	at com.kms.katalon.core.common.CommonExecutor.accessTestCaseMainPhase(CommonExecutor.java:65)
	at com.kms.katalon.core.main.TestSuiteExecutor.accessTestSuiteMainPhase(TestSuiteExecutor.java:150)
	at com.kms.katalon.core.main.TestSuiteExecutor.execute(TestSuiteExecutor.java:106)
	at com.kms.katalon.core.main.TestCaseMain.startTestSuite(TestCaseMain.java:180)
	at TempTestSuite1729787045812.run(TempTestSuite1729787045812.groovy:35)
	at java.base/jdk.internal.reflect.NativeMethodAccessorImpl.invoke0(Native Method)
	at java.base/jdk.internal.reflect.NativeMethodAccessorImpl.invoke(NativeMethodAccessorImpl.java:77)
	at java.base/jdk.internal.reflect.DelegatingMethodAccessorImpl.invoke(DelegatingMethodAccessorImpl.java:43)
)

25-10-2024T03:00:33 - [MESSAGE][FAILED] - Text 'Amount is less than minimum' is not present on page  (Root cause: com.kms.katalon.core.exception.StepFailedException: Text 'Amount is less than minimum' is not present on page 
	at com.kms.katalon.core.webui.keyword.internal.WebUIKeywordMain.stepFailed(WebUIKeywordMain.groovy:64)
	at com.kms.katalon.core.webui.keyword.builtin.VerifyTextPresentKeyword$_verifyTextPresent_closure1.doCall(VerifyTextPresentKeyword.groovy:79)
	at com.kms.katalon.core.webui.keyword.builtin.VerifyTextPresentKeyword$_verifyTextPresent_closure1.call(VerifyTextPresentKeyword.groovy)
	at com.kms.katalon.core.webui.keyword.internal.WebUIKeywordMain.runKeyword(WebUIKeywordMain.groovy:20)
	at com.kms.katalon.core.webui.keyword.builtin.VerifyTextPresentKeyword.verifyTextPresent(VerifyTextPresentKeyword.groovy:83)
	at com.kms.katalon.core.webui.keyword.builtin.VerifyTextPresentKeyword.execute(VerifyTextPresentKeyword.groovy:68)
	at com.kms.katalon.core.keyword.internal.KeywordExecutor.executeKeywordForPlatform(KeywordExecutor.groovy:74)
	at com.kms.katalon.core.webui.keyword.WebUiBuiltInKeywords.verifyTextPresent(WebUiBuiltInKeywords.groovy:1762)
	at MinAmountErrorCC.run(MinAmountErrorCC:86)
	at com.kms.katalon.core.main.ScriptEngine.run(ScriptEngine.java:194)
	at com.kms.katalon.core.main.ScriptEngine.runScriptAsRawText(ScriptEngine.java:119)
	at com.kms.katalon.core.main.TestCaseExecutor.runScript(TestCaseExecutor.java:448)
	at com.kms.katalon.core.main.TestCaseExecutor.doExecute(TestCaseExecutor.java:439)
	at com.kms.katalon.core.main.TestCaseExecutor.processExecutionPhase(TestCaseExecutor.java:418)
	at com.kms.katalon.core.main.TestCaseExecutor.accessMainPhase(TestCaseExecutor.java:410)
	at com.kms.katalon.core.main.TestCaseExecutor.execute(TestCaseExecutor.java:285)
	at com.kms.katalon.core.common.CommonExecutor.accessTestCaseMainPhase(CommonExecutor.java:65)
	at com.kms.katalon.core.main.TestSuiteExecutor.accessTestSuiteMainPhase(TestSuiteExecutor.java:150)
	at com.kms.katalon.core.main.TestSuiteExecutor.execute(TestSuiteExecutor.java:106)
	at com.kms.katalon.core.main.TestCaseMain.startTestSuite(TestCaseMain.java:180)
	at TempTestSuite1729787045812.run(TempTestSuite1729787045812.groovy:35)
	at java.base/jdk.internal.reflect.NativeMethodAccessorImpl.invoke0(Native Method)
	at java.base/jdk.internal.reflect.NativeMethodAccessorImpl.invoke(NativeMethodAccessorImpl.java:77)
	at java.base/jdk.internal.reflect.DelegatingMethodAccessorImpl.invoke(DelegatingMethodAccessorImpl.java:43)
)

25-10-2024T03:00:33 - [TEST_STEP][PASSED] - else: pages.WriteExcel.demoKey is PASSED

25-10-2024T03:00:33 - [TEST_STEP][PASSED] - println("Min Amount Error message not shown"): null

25-10-2024T03:00:33 - [TEST_STEP][PASSED] - resText = "Fail": null

25-10-2024T03:00:33 - [TEST_STEP][PASSED] - pages.WriteExcel.demoKey(resText, datText, resColumn, datCloumn, fileLoc, nameSheet, row): pages.WriteExcel.demoKey is PASSED

25-10-2024T03:00:33 - [MESSAGE][PASSED] - pages.WriteExcel.demoKey is PASSED

25-10-2024T03:00:33 - [TEST_STEP][PASSED] - closeBrowser(): Browser is closed

25-10-2024T03:00:33 - [MESSAGE][PASSED] - Browser is closed]]></system-out>
         <system-err><![CDATA[25-10-2024T02:57:08 - [TEST_CASE][FAILED] - Test Cases/IntegratedWeb/IWP25/Error/MinAmountErrorCC: Test Cases/IntegratedWeb/IWP25/Error/MinAmountErrorCC FAILED.
Reason:
com.kms.katalon.core.exception.StepFailedException: Unable to select option by label '12344444' of object 'Object Repository/IWP30/Page_CCPaymentEntry/Month'  (Root cause: com.kms.katalon.core.exception.StepFailedException: Unable to select option by label '12344444' of object 'Object Repository/IWP30/Page_CCPaymentEntry/Month' 
	at com.kms.katalon.core.webui.keyword.internal.WebUIKeywordMain.stepFailed(WebUIKeywordMain.groovy:64)
	at com.kms.katalon.core.webui.keyword.internal.WebUIKeywordMain.runKeyword(WebUIKeywordMain.groovy:26)
	at com.kms.katalon.core.webui.keyword.builtin.SelectOptionByLabelKeyword.selectOptionByLabel(SelectOptionByLabelKeyword.groovy:98)
	at com.kms.katalon.core.webui.keyword.builtin.SelectOptionByLabelKeyword.execute(SelectOptionByLabelKeyword.groovy:71)
	at com.kms.katalon.core.keyword.internal.KeywordExecutor.executeKeywordForPlatform(KeywordExecutor.groovy:74)
	at com.kms.katalon.core.webui.keyword.WebUiBuiltInKeywords.selectOptionByLabel(WebUiBuiltInKeywords.groovy:1269)
	at iwpPages.ccPaymentEntryPage.setDataCCPM(ccPaymentEntryPage.groovy:347)
	at jdk.internal.reflect.GeneratedMethodAccessor51.invoke(Unknown Source)
	at java.base/jdk.internal.reflect.DelegatingMethodAccessorImpl.invoke(DelegatingMethodAccessorImpl.java:43)
	at com.kms.katalon.core.main.CustomKeywordDelegatingMetaClass.invokeStaticMethod(CustomKeywordDelegatingMetaClass.java:55)
	at MinAmountErrorCC.run(MinAmountErrorCC:82)
	at com.kms.katalon.core.main.ScriptEngine.run(ScriptEngine.java:194)
	at com.kms.katalon.core.main.ScriptEngine.runScriptAsRawText(ScriptEngine.java:119)
	at com.kms.katalon.core.main.TestCaseExecutor.runScript(TestCaseExecutor.java:448)
	at com.kms.katalon.core.main.TestCaseExecutor.doExecute(TestCaseExecutor.java:439)
	at com.kms.katalon.core.main.TestCaseExecutor.processExecutionPhase(TestCaseExecutor.java:418)
	at com.kms.katalon.core.main.TestCaseExecutor.accessMainPhase(TestCaseExecutor.java:410)
	at com.kms.katalon.core.main.TestCaseExecutor.execute(TestCaseExecutor.java:285)
	at com.kms.katalon.core.common.CommonExecutor.accessTestCaseMainPhase(CommonExecutor.java:65)
	at com.kms.katalon.core.main.TestSuiteExecutor.accessTestSuiteMainPhase(TestSuiteExecutor.java:150)
	at com.kms.katalon.core.main.TestSuiteExecutor.execute(TestSuiteExecutor.java:106)
	at com.kms.katalon.core.main.TestCaseMain.startTestSuite(TestCaseMain.java:180)
	at TempTestSuite1729787045812.run(TempTestSuite1729787045812.groovy:35)
	at java.base/jdk.internal.reflect.NativeMethodAccessorImpl.invoke0(Native Method)
	at java.base/jdk.internal.reflect.NativeMethodAccessorImpl.invoke(NativeMethodAccessorImpl.java:77)
	at java.base/jdk.internal.reflect.DelegatingMethodAccessorImpl.invoke(DelegatingMethodAccessorImpl.java:43)
Caused by: org.openqa.selenium.NoSuchElementException: Cannot locate element with text: 12344444
For documentation on this error, please visit: https://www.seleniumhq.org/exceptions/no_such_element.html
Build info: version: '3.141.59', revision: 'unknown', time: 'unknown'
System info: host: 'TXD87096', ip: '10.203.40.166', os.name: 'Windows 10', os.arch: 'amd64', os.version: '10.0', java.version: '17.0.7'
Driver info: driver.version: unknown
	at org.openqa.selenium.support.ui.Select.selectByVisibleText(Select.java:147)
	at com.kms.katalon.core.webui.common.WebUiCommonHelper.selectOrDeselectOptionsByLabel(WebUiCommonHelper.java:311)
	at com.kms.katalon.core.webui.keyword.builtin.SelectOptionByLabelKeyword$_selectOptionByLabel_closure1.doCall(SelectOptionByLabelKeyword.groovy:87)
	at com.kms.katalon.core.webui.keyword.builtin.SelectOptionByLabelKeyword$_selectOptionByLabel_closure1.call(SelectOptionByLabelKeyword.groovy)
	at com.kms.katalon.core.webui.keyword.internal.WebUIKeywordMain.runKeyword(WebUIKeywordMain.groovy:20)
	at com.kms.katalon.core.webui.keyword.builtin.SelectOptionByLabelKeyword.selectOptionByLabel(SelectOptionByLabelKeyword.groovy:98)
	at com.kms.katalon.core.webui.keyword.builtin.SelectOptionByLabelKeyword.execute(SelectOptionByLabelKeyword.groovy:71)
	at com.kms.katalon.core.keyword.internal.KeywordExecutor.executeKeywordForPlatform(KeywordExecutor.groovy:74)
	at com.kms.katalon.core.webui.keyword.WebUiBuiltInKeywords.selectOptionByLabel(WebUiBuiltInKeywords.groovy:1269)
	at iwpPages.ccPaymentEntryPage.setDataCCPM(ccPaymentEntryPage.groovy:347)
	at jdk.internal.reflect.GeneratedMethodAccessor51.invoke(Unknown Source)
	at java.base/jdk.internal.reflect.DelegatingMethodAccessorImpl.invoke(DelegatingMethodAccessorImpl.java:43)
	at com.kms.katalon.core.main.CustomKeywordDelegatingMetaClass.invokeStaticMethod(CustomKeywordDelegatingMetaClass.java:55)
	at Script1725023335640.run(Script1725023335640.groovy:82)
	... 15 more
)
	at com.kms.katalon.core.keyword.internal.KeywordMain.stepFailed(KeywordMain.groovy:39)
	at com.kms.katalon.core.webui.keyword.internal.WebUIKeywordMain.stepFailed(WebUIKeywordMain.groovy:64)
	at com.kms.katalon.core.webui.keyword.internal.WebUIKeywordMain.runKeyword(WebUIKeywordMain.groovy:26)
	at com.kms.katalon.core.webui.keyword.builtin.SelectOptionByLabelKeyword.selectOptionByLabel(SelectOptionByLabelKeyword.groovy:98)
	at com.kms.katalon.core.webui.keyword.builtin.SelectOptionByLabelKeyword.execute(SelectOptionByLabelKeyword.groovy:71)
	at com.kms.katalon.core.keyword.internal.KeywordExecutor.executeKeywordForPlatform(KeywordExecutor.groovy:74)
	at com.kms.katalon.core.webui.keyword.WebUiBuiltInKeywords.selectOptionByLabel(WebUiBuiltInKeywords.groovy:1269)
	at iwpPages.ccPaymentEntryPage.setDataCCPM(ccPaymentEntryPage.groovy:347)
	at jdk.internal.reflect.GeneratedMethodAccessor51.invoke(Unknown Source)
	at java.base/jdk.internal.reflect.DelegatingMethodAccessorImpl.invoke(DelegatingMethodAccessorImpl.java:43)
	at com.kms.katalon.core.main.CustomKeywordDelegatingMetaClass.invokeStaticMethod(CustomKeywordDelegatingMetaClass.java:55)
	at MinAmountErrorCC.run(MinAmountErrorCC:82)
	at com.kms.katalon.core.main.ScriptEngine.run(ScriptEngine.java:194)
	at com.kms.katalon.core.main.ScriptEngine.runScriptAsRawText(ScriptEngine.java:119)
	at com.kms.katalon.core.main.TestCaseExecutor.runScript(TestCaseExecutor.java:448)
	at com.kms.katalon.core.main.TestCaseExecutor.doExecute(TestCaseExecutor.java:439)
	at com.kms.katalon.core.main.TestCaseExecutor.processExecutionPhase(TestCaseExecutor.java:418)
	at com.kms.katalon.core.main.TestCaseExecutor.accessMainPhase(TestCaseExecutor.java:410)
	at com.kms.katalon.core.main.TestCaseExecutor.execute(TestCaseExecutor.java:285)
	at com.kms.katalon.core.common.CommonExecutor.accessTestCaseMainPhase(CommonExecutor.java:65)
	at com.kms.katalon.core.main.TestSuiteExecutor.accessTestSuiteMainPhase(TestSuiteExecutor.java:150)
	at com.kms.katalon.core.main.TestSuiteExecutor.execute(TestSuiteExecutor.java:106)
	at com.kms.katalon.core.main.TestCaseMain.startTestSuite(TestCaseMain.java:180)
	at TempTestSuite1729787045812.run(TempTestSuite1729787045812.groovy:35)
	at java.base/jdk.internal.reflect.NativeMethodAccessorImpl.invoke0(Native Method)
	at java.base/jdk.internal.reflect.NativeMethodAccessorImpl.invoke(NativeMethodAccessorImpl.java:77)
	at java.base/jdk.internal.reflect.DelegatingMethodAccessorImpl.invoke(DelegatingMethodAccessorImpl.java:43)
Caused by: com.kms.katalon.core.exception.StepFailedException: Unable to select option by label '12344444' of object 'Object Repository/IWP30/Page_CCPaymentEntry/Month' 
	... 26 more
Caused by: org.openqa.selenium.NoSuchElementException: Cannot locate element with text: 12344444
For documentation on this error, please visit: https://www.seleniumhq.org/exceptions/no_such_element.html
Build info: version: '3.141.59', revision: 'unknown', time: 'unknown'
System info: host: 'TXD87096', ip: '10.203.40.166', os.name: 'Windows 10', os.arch: 'amd64', os.version: '10.0', java.version: '17.0.7'
Driver info: driver.version: unknown
	at org.openqa.selenium.support.ui.Select.selectByVisibleText(Select.java:147)
	at com.kms.katalon.core.webui.common.WebUiCommonHelper.selectOrDeselectOptionsByLabel(WebUiCommonHelper.java:311)
	at com.kms.katalon.core.webui.keyword.builtin.SelectOptionByLabelKeyword$_selectOptionByLabel_closure1.doCall(SelectOptionByLabelKeyword.groovy:87)
	at com.kms.katalon.core.webui.keyword.builtin.SelectOptionByLabelKeyword$_selectOptionByLabel_closure1.call(SelectOptionByLabelKeyword.groovy)
	at com.kms.katalon.core.webui.keyword.internal.WebUIKeywordMain.runKeyword(WebUIKeywordMain.groovy:20)
	... 24 more]]></system-err>
      </testcase>
      <testcase name="Test Cases/IntegratedWeb/IWP25/Error/MinAmountErrorCorp" time="205.592" classname="Test Cases/IntegratedWeb/IWP25/Error/MinAmountErrorCorp" status="FAILED">
         <failure type="FAILED" message="Test Cases/IntegratedWeb/IWP25/Error/MinAmountErrorCorp FAILED.&#xa;Reason:&#xa;com.kms.katalon.core.exception.StepFailedException: Text 'Amount is less than minimum' is not present on page  (Root cause: com.kms.katalon.core.exception.StepFailedException: Text 'Amount is less than minimum' is not present on page &#xa;	at com.kms.katalon.core.webui.keyword.internal.WebUIKeywordMain.stepFailed(WebUIKeywordMain.groovy:64)&#xa;	at com.kms.katalon.core.webui.keyword.builtin.VerifyTextPresentKeyword$_verifyTextPresent_closure1.doCall(VerifyTextPresentKeyword.groovy:79)&#xa;	at com.kms.katalon.core.webui.keyword.builtin.VerifyTextPresentKeyword$_verifyTextPresent_closure1.call(VerifyTextPresentKeyword.groovy)&#xa;	at com.kms.katalon.core.webui.keyword.internal.WebUIKeywordMain.runKeyword(WebUIKeywordMain.groovy:20)&#xa;	at com.kms.katalon.core.webui.keyword.builtin.VerifyTextPresentKeyword.verifyTextPresent(VerifyTextPresentKeyword.groovy:83)&#xa;	at com.kms.katalon.core.webui.keyword.builtin.VerifyTextPresentKeyword.execute(VerifyTextPresentKeyword.groovy:68)&#xa;	at com.kms.katalon.core.keyword.internal.KeywordExecutor.executeKeywordForPlatform(KeywordExecutor.groovy:74)&#xa;	at com.kms.katalon.core.webui.keyword.WebUiBuiltInKeywords.verifyTextPresent(WebUiBuiltInKeywords.groovy:1762)&#xa;	at MinAmountErrorCorp.run(MinAmountErrorCorp:86)&#xa;	at com.kms.katalon.core.main.ScriptEngine.run(ScriptEngine.java:194)&#xa;	at com.kms.katalon.core.main.ScriptEngine.runScriptAsRawText(ScriptEngine.java:119)&#xa;	at com.kms.katalon.core.main.TestCaseExecutor.runScript(TestCaseExecutor.java:448)&#xa;	at com.kms.katalon.core.main.TestCaseExecutor.doExecute(TestCaseExecutor.java:439)&#xa;	at com.kms.katalon.core.main.TestCaseExecutor.processExecutionPhase(TestCaseExecutor.java:418)&#xa;	at com.kms.katalon.core.main.TestCaseExecutor.accessMainPhase(TestCaseExecutor.java:410)&#xa;	at com.kms.katalon.core.main.TestCaseExecutor.execute(TestCaseExecutor.java:285)&#xa;	at com.kms.katalon.core.common.CommonExecutor.accessTestCaseMainPhase(CommonExecutor.java:65)&#xa;	at com.kms.katalon.core.main.TestSuiteExecutor.accessTestSuiteMainPhase(TestSuiteExecutor.java:150)&#xa;	at com.kms.katalon.core.main.TestSuiteExecutor.execute(TestSuiteExecutor.java:106)&#xa;	at com.kms.katalon.core.main.TestCaseMain.startTestSuite(TestCaseMain.java:180)&#xa;	at TempTestSuite1729787045812.run(TempTestSuite1729787045812.groovy:35)&#xa;	at java.base/jdk.internal.reflect.NativeMethodAccessorImpl.invoke0(Native Method)&#xa;	at java.base/jdk.internal.reflect.NativeMethodAccessorImpl.invoke(NativeMethodAccessorImpl.java:77)&#xa;	at java.base/jdk.internal.reflect.DelegatingMethodAccessorImpl.invoke(DelegatingMethodAccessorImpl.java:43)&#xa;)&#xa;	at com.kms.katalon.core.keyword.internal.KeywordMain.stepFailed(KeywordMain.groovy:39)&#xa;	at com.kms.katalon.core.webui.keyword.internal.WebUIKeywordMain.stepFailed(WebUIKeywordMain.groovy:64)&#xa;	at com.kms.katalon.core.webui.keyword.builtin.VerifyTextPresentKeyword$_verifyTextPresent_closure1.doCall(VerifyTextPresentKeyword.groovy:79)&#xa;	at com.kms.katalon.core.webui.keyword.builtin.VerifyTextPresentKeyword$_verifyTextPresent_closure1.call(VerifyTextPresentKeyword.groovy)&#xa;	at com.kms.katalon.core.webui.keyword.internal.WebUIKeywordMain.runKeyword(WebUIKeywordMain.groovy:20)&#xa;	at com.kms.katalon.core.webui.keyword.builtin.VerifyTextPresentKeyword.verifyTextPresent(VerifyTextPresentKeyword.groovy:83)&#xa;	at com.kms.katalon.core.webui.keyword.builtin.VerifyTextPresentKeyword.execute(VerifyTextPresentKeyword.groovy:68)&#xa;	at com.kms.katalon.core.keyword.internal.KeywordExecutor.executeKeywordForPlatform(KeywordExecutor.groovy:74)&#xa;	at com.kms.katalon.core.webui.keyword.WebUiBuiltInKeywords.verifyTextPresent(WebUiBuiltInKeywords.groovy:1762)&#xa;	at MinAmountErrorCorp.run(MinAmountErrorCorp:86)&#xa;	at com.kms.katalon.core.main.ScriptEngine.run(ScriptEngine.java:194)&#xa;	at com.kms.katalon.core.main.ScriptEngine.runScriptAsRawText(ScriptEngine.java:119)&#xa;	at com.kms.katalon.core.main.TestCaseExecutor.runScript(TestCaseExecutor.java:448)&#xa;	at com.kms.katalon.core.main.TestCaseExecutor.doExecute(TestCaseExecutor.java:439)&#xa;	at com.kms.katalon.core.main.TestCaseExecutor.processExecutionPhase(TestCaseExecutor.java:418)&#xa;	at com.kms.katalon.core.main.TestCaseExecutor.accessMainPhase(TestCaseExecutor.java:410)&#xa;	at com.kms.katalon.core.main.TestCaseExecutor.execute(TestCaseExecutor.java:285)&#xa;	at com.kms.katalon.core.common.CommonExecutor.accessTestCaseMainPhase(CommonExecutor.java:65)&#xa;	at com.kms.katalon.core.main.TestSuiteExecutor.accessTestSuiteMainPhase(TestSuiteExecutor.java:150)&#xa;	at com.kms.katalon.core.main.TestSuiteExecutor.execute(TestSuiteExecutor.java:106)&#xa;	at com.kms.katalon.core.main.TestCaseMain.startTestSuite(TestCaseMain.java:180)&#xa;	at TempTestSuite1729787045812.run(TempTestSuite1729787045812.groovy:35)&#xa;	at java.base/jdk.internal.reflect.NativeMethodAccessorImpl.invoke0(Native Method)&#xa;	at java.base/jdk.internal.reflect.NativeMethodAccessorImpl.invoke(NativeMethodAccessorImpl.java:77)&#xa;	at java.base/jdk.internal.reflect.DelegatingMethodAccessorImpl.invoke(DelegatingMethodAccessorImpl.java:43)&#xa;Caused by: com.kms.katalon.core.exception.StepFailedException: Text 'Amount is less than minimum' is not present on page &#xa;	... 24 more&#xa;"/>
         <system-out><![CDATA[25-10-2024T03:00:33 - [TEST_CASE][FAILED] - Test Cases/IntegratedWeb/IWP25/Error/MinAmountErrorCorp: Test Cases/IntegratedWeb/IWP25/Error/MinAmountErrorCorp FAILED.
Reason:
com.kms.katalon.core.exception.StepFailedException: Text 'Amount is less than minimum' is not present on page  (Root cause: com.kms.katalon.core.exception.StepFailedException: Text 'Amount is less than minimum' is not present on page 
	at com.kms.katalon.core.webui.keyword.internal.WebUIKeywordMain.stepFailed(WebUIKeywordMain.groovy:64)
	at com.kms.katalon.core.webui.keyword.builtin.VerifyTextPresentKeyword$_verifyTextPresent_closure1.doCall(VerifyTextPresentKeyword.groovy:79)
	at com.kms.katalon.core.webui.keyword.builtin.VerifyTextPresentKeyword$_verifyTextPresent_closure1.call(VerifyTextPresentKeyword.groovy)
	at com.kms.katalon.core.webui.keyword.internal.WebUIKeywordMain.runKeyword(WebUIKeywordMain.groovy:20)
	at com.kms.katalon.core.webui.keyword.builtin.VerifyTextPresentKeyword.verifyTextPresent(VerifyTextPresentKeyword.groovy:83)
	at com.kms.katalon.core.webui.keyword.builtin.VerifyTextPresentKeyword.execute(VerifyTextPresentKeyword.groovy:68)
	at com.kms.katalon.core.keyword.internal.KeywordExecutor.executeKeywordForPlatform(KeywordExecutor.groovy:74)
	at com.kms.katalon.core.webui.keyword.WebUiBuiltInKeywords.verifyTextPresent(WebUiBuiltInKeywords.groovy:1762)
	at MinAmountErrorCorp.run(MinAmountErrorCorp:86)
	at com.kms.katalon.core.main.ScriptEngine.run(ScriptEngine.java:194)
	at com.kms.katalon.core.main.ScriptEngine.runScriptAsRawText(ScriptEngine.java:119)
	at com.kms.katalon.core.main.TestCaseExecutor.runScript(TestCaseExecutor.java:448)
	at com.kms.katalon.core.main.TestCaseExecutor.doExecute(TestCaseExecutor.java:439)
	at com.kms.katalon.core.main.TestCaseExecutor.processExecutionPhase(TestCaseExecutor.java:418)
	at com.kms.katalon.core.main.TestCaseExecutor.accessMainPhase(TestCaseExecutor.java:410)
	at com.kms.katalon.core.main.TestCaseExecutor.execute(TestCaseExecutor.java:285)
	at com.kms.katalon.core.common.CommonExecutor.accessTestCaseMainPhase(CommonExecutor.java:65)
	at com.kms.katalon.core.main.TestSuiteExecutor.accessTestSuiteMainPhase(TestSuiteExecutor.java:150)
	at com.kms.katalon.core.main.TestSuiteExecutor.execute(TestSuiteExecutor.java:106)
	at com.kms.katalon.core.main.TestCaseMain.startTestSuite(TestCaseMain.java:180)
	at TempTestSuite1729787045812.run(TempTestSuite1729787045812.groovy:35)
	at java.base/jdk.internal.reflect.NativeMethodAccessorImpl.invoke0(Native Method)
	at java.base/jdk.internal.reflect.NativeMethodAccessorImpl.invoke(NativeMethodAccessorImpl.java:77)
	at java.base/jdk.internal.reflect.DelegatingMethodAccessorImpl.invoke(DelegatingMethodAccessorImpl.java:43)
)
	at com.kms.katalon.core.keyword.internal.KeywordMain.stepFailed(KeywordMain.groovy:39)
	at com.kms.katalon.core.webui.keyword.internal.WebUIKeywordMain.stepFailed(WebUIKeywordMain.groovy:64)
	at com.kms.katalon.core.webui.keyword.builtin.VerifyTextPresentKeyword$_verifyTextPresent_closure1.doCall(VerifyTextPresentKeyword.groovy:79)
	at com.kms.katalon.core.webui.keyword.builtin.VerifyTextPresentKeyword$_verifyTextPresent_closure1.call(VerifyTextPresentKeyword.groovy)
	at com.kms.katalon.core.webui.keyword.internal.WebUIKeywordMain.runKeyword(WebUIKeywordMain.groovy:20)
	at com.kms.katalon.core.webui.keyword.builtin.VerifyTextPresentKeyword.verifyTextPresent(VerifyTextPresentKeyword.groovy:83)
	at com.kms.katalon.core.webui.keyword.builtin.VerifyTextPresentKeyword.execute(VerifyTextPresentKeyword.groovy:68)
	at com.kms.katalon.core.keyword.internal.KeywordExecutor.executeKeywordForPlatform(KeywordExecutor.groovy:74)
	at com.kms.katalon.core.webui.keyword.WebUiBuiltInKeywords.verifyTextPresent(WebUiBuiltInKeywords.groovy:1762)
	at MinAmountErrorCorp.run(MinAmountErrorCorp:86)
	at com.kms.katalon.core.main.ScriptEngine.run(ScriptEngine.java:194)
	at com.kms.katalon.core.main.ScriptEngine.runScriptAsRawText(ScriptEngine.java:119)
	at com.kms.katalon.core.main.TestCaseExecutor.runScript(TestCaseExecutor.java:448)
	at com.kms.katalon.core.main.TestCaseExecutor.doExecute(TestCaseExecutor.java:439)
	at com.kms.katalon.core.main.TestCaseExecutor.processExecutionPhase(TestCaseExecutor.java:418)
	at com.kms.katalon.core.main.TestCaseExecutor.accessMainPhase(TestCaseExecutor.java:410)
	at com.kms.katalon.core.main.TestCaseExecutor.execute(TestCaseExecutor.java:285)
	at com.kms.katalon.core.common.CommonExecutor.accessTestCaseMainPhase(CommonExecutor.java:65)
	at com.kms.katalon.core.main.TestSuiteExecutor.accessTestSuiteMainPhase(TestSuiteExecutor.java:150)
	at com.kms.katalon.core.main.TestSuiteExecutor.execute(TestSuiteExecutor.java:106)
	at com.kms.katalon.core.main.TestCaseMain.startTestSuite(TestCaseMain.java:180)
	at TempTestSuite1729787045812.run(TempTestSuite1729787045812.groovy:35)
	at java.base/jdk.internal.reflect.NativeMethodAccessorImpl.invoke0(Native Method)
	at java.base/jdk.internal.reflect.NativeMethodAccessorImpl.invoke(NativeMethodAccessorImpl.java:77)
	at java.base/jdk.internal.reflect.DelegatingMethodAccessorImpl.invoke(DelegatingMethodAccessorImpl.java:43)
Caused by: com.kms.katalon.core.exception.StepFailedException: Text 'Amount is less than minimum' is not present on page 
	... 24 more


25-10-2024T03:00:34 - [TEST_STEP][PASSED] - resText = "Fail": null

25-10-2024T03:00:34 - [TEST_STEP][PASSED] - resColumn = "Result": null

25-10-2024T03:00:34 - [TEST_STEP][PASSED] - datCloumn = "Date": null

25-10-2024T03:00:34 - [TEST_STEP][PASSED] - fileLoc = "KatalonData/IWPTestData/VRelay25Payments.xlsx": null

25-10-2024T03:00:34 - [TEST_STEP][PASSED] - numOfRows = <not implemented yet for class: org.codehaus.groovy.ast.expr.EmptyExpression>: null

25-10-2024T03:00:34 - [TEST_STEP][PASSED] - dataFile = <not implemented yet for class: org.codehaus.groovy.ast.expr.EmptyExpression>: null

25-10-2024T03:00:34 - [TEST_STEP][PASSED] - nameSheet = <not implemented yet for class: org.codehaus.groovy.ast.expr.EmptyExpression>: null

25-10-2024T03:00:34 - [TEST_STEP][PASSED] - dataFileEmulator = <not implemented yet for class: org.codehaus.groovy.ast.expr.EmptyExpression>: null

25-10-2024T03:00:34 - [TEST_STEP][PASSED] - nameSheet = "MinAmountErrorCorp": null

25-10-2024T03:00:34 - [TEST_STEP][PASSED] - dataFile = "IWPTestData/IWP25MinAmountErrorCorp": null

25-10-2024T03:00:34 - [TEST_STEP][PASSED] - dataFileEmulator = "IWPTestData/EmulatorData": null

25-10-2024T03:00:34 - [TEST_STEP][PASSED] - numOfRows = findTestData(dataFile).getRowNumbers(): null

25-10-2024T03:00:34 - [TEST_STEP][PASSED] - println("Number of Records: " + numOfRows): null

25-10-2024T03:00:34 - [TEST_STEP][FAILED] - for ([row = 1, row <= numOfRows, (row++)]): null

25-10-2024T03:00:34 - [TEST_STEP][PASSED] - ExecuteTC = findTestData(dataFile).getValue("Execute", row): null

25-10-2024T03:00:34 - [TEST_STEP][PASSED] - out.println("Value of Execute is : " + ExecuteTC): null

25-10-2024T03:00:34 - [TEST_STEP][PASSED] - if (ExecuteTC.equalsIgnoreCase("Y")): null

25-10-2024T03:00:34 - [TEST_STEP][PASSED] - out.println("Begin Record Number: " + row): null

25-10-2024T03:00:34 - [TEST_STEP][PASSED] - today = new java.util.Date(): null

25-10-2024T03:00:34 - [TEST_STEP][PASSED] - println(today): null

25-10-2024T03:00:34 - [TEST_STEP][PASSED] - datText = today: null

25-10-2024T03:00:34 - [TEST_STEP][PASSED] - EmulatorDataKey = findTestData(dataFile).getValue("EmulatorData", row): null

25-10-2024T03:00:34 - [TEST_STEP][PASSED] - out.println("Value of Emulator Key is : " + EmulatorDataKey): null

25-10-2024T03:00:34 - [TEST_STEP][PASSED] - iwpPages.emulatorIWP30.setDataEmulator_DD(EmulatorDataKey): iwpPages.emulatorIWP30.setDataEmulator_DD is PASSED

25-10-2024T03:00:34 - [MESSAGE][INFO] - Starting 'Edge Chromium' driver

25-10-2024T03:00:34 - [MESSAGE][INFO] - User set preference: ['acceptInsecureCerts', 'true']

25-10-2024T03:00:36 - [MESSAGE][INFO] - Action delay is set to 0 milliseconds

25-10-2024T03:00:41 - [MESSAGE][PASSED] - Browser is opened with url: 'https://qa2.velocitypayment.com/agencyx/config.action?action=editor&message_version=2_5'

25-10-2024T03:00:41 - [MESSAGE][PASSED] - Current window maximized

25-10-2024T03:01:12 - [MESSAGE][INFO] - Unable to find the element located by 'By.xpath: //select[@name='message_version']'. Please recheck the objects properties to make sure the desired element is located. 

25-10-2024T03:01:12 - [MESSAGE][WARNING] - [SELF-HEALING] Failed to find element with id 'Object Repository/IWP30/Page_VRelay30Emulator/MV'. Try using Self-healing.

25-10-2024T03:01:12 - [MESSAGE][WARNING] - [SELF-HEALING] The current locator of test object 'Object Repository/IWP30/Page_VRelay30Emulator/MV' was broken. Propose an alternative one: '(.//*[normalize-space(text()) and normalize-space(.)='Message Version'])[1]/following::select[1]'.

25-10-2024T03:01:13 - [MESSAGE][PASSED] - All options with value '2.5' are selected in object 'Object Repository/IWP30/Page_VRelay30Emulator/MV'  using regular expression

25-10-2024T03:01:13 - [MESSAGE][PASSED] - Text '10.50' is set on object 'Object Repository/IWP30/Page_EmulatorAgencyX/Amount'

25-10-2024T03:01:14 - [MESSAGE][PASSED] - Text 'IQb2SSuICmNc' is set on object 'Object Repository/IWP30/Page_EmulatorAgencyX/CAN'

25-10-2024T03:01:15 - [MESSAGE][PASSED] - Text 'PayNow' is set on object 'Object Repository/IWP30/Page_EmulatorAgencyX/Action'

25-10-2024T03:01:15 - [MESSAGE][PASSED] - Text 'en_US' is set on object 'Object Repository/IWP30/Page_EmulatorAgencyX/Lang'

25-10-2024T03:01:16 - [MESSAGE][PASSED] - Text '' is set on object 'Object Repository/IWP30/Page_EmulatorAgencyX/Fname'

25-10-2024T03:01:16 - [MESSAGE][PASSED] - Text '' is set on object 'Object Repository/IWP30/Page_EmulatorAgencyX/Lname'

25-10-2024T03:01:17 - [MESSAGE][PASSED] - Text '' is set on object 'Object Repository/IWP30/Page_EmulatorAgencyX/AL1'

25-10-2024T03:01:17 - [MESSAGE][PASSED] - Text '' is set on object 'Object Repository/IWP30/Page_EmulatorAgencyX/AL2'

25-10-2024T03:01:18 - [MESSAGE][PASSED] - Text '' is set on object 'Object Repository/IWP30/Page_EmulatorAgencyX/Country'

25-10-2024T03:01:18 - [MESSAGE][PASSED] - Text '' is set on object 'Object Repository/IWP30/Page_EmulatorAgencyX/City'

25-10-2024T03:01:19 - [MESSAGE][PASSED] - Text '' is set on object 'Object Repository/IWP30/Page_EmulatorAgencyX/State'

25-10-2024T03:01:20 - [MESSAGE][PASSED] - Text '' is set on object 'Object Repository/IWP30/Page_EmulatorAgencyX/ZIP'

25-10-2024T03:01:20 - [MESSAGE][PASSED] - Text '' is set on object 'Object Repository/IWP30/Page_EmulatorAgencyX/Order'

25-10-2024T03:01:21 - [MESSAGE][PASSED] - Text '' is set on object 'Object Repository/IWP30/Page_EmulatorAgencyX/Company'

25-10-2024T03:01:21 - [MESSAGE][PASSED] - Text '' is set on object 'Object Repository/IWP30/Page_EmulatorAgencyX/Email'

25-10-2024T03:01:22 - [MESSAGE][PASSED] - Text '' is set on object 'Object Repository/IWP30/Page_EmulatorAgencyX/UDF1'

25-10-2024T03:01:22 - [MESSAGE][PASSED] - Text '' is set on object 'Object Repository/IWP30/Page_EmulatorAgencyX/UDF2'

25-10-2024T03:01:23 - [MESSAGE][PASSED] - Text '' is set on object 'Object Repository/IWP30/Page_EmulatorAgencyX/UDF3'

25-10-2024T03:01:24 - [MESSAGE][PASSED] - Text 'udf data 4' is set on object 'Object Repository/IWP30/Page_EmulatorAgencyX/UDF4'

25-10-2024T03:01:24 - [MESSAGE][PASSED] - Text 'udf data 5' is set on object 'Object Repository/IWP30/Page_EmulatorAgencyX/UDF5'

25-10-2024T03:01:25 - [MESSAGE][PASSED] - Text '' is set on object 'Object Repository/IWP30/Page_EmulatorAgencyX/UDF6'

25-10-2024T03:01:25 - [MESSAGE][PASSED] - Text '' is set on object 'Object Repository/IWP30/Page_EmulatorAgencyX/UDF7'

25-10-2024T03:01:26 - [MESSAGE][PASSED] - Text '' is set on object 'Object Repository/IWP30/Page_EmulatorAgencyX/UDF8'

25-10-2024T03:01:27 - [MESSAGE][PASSED] - Text 'udf data 9' is set on object 'Object Repository/IWP30/Page_EmulatorAgencyX/UDF9'

25-10-2024T03:01:27 - [MESSAGE][PASSED] - Text 'udf data 10' is set on object 'Object Repository/IWP30/Page_EmulatorAgencyX/UDF10'

25-10-2024T03:01:29 - [MESSAGE][PASSED] - Object: 'Object Repository/IWP30/Page_EmulatorAgencyX/Submit' is clicked on

25-10-2024T03:01:33 - [MESSAGE][PASSED] - Browser is closed

25-10-2024T03:01:37 - [MESSAGE][PASSED] - iwpPages.emulatorIWP30.setDataEmulator_DD is PASSED

25-10-2024T03:01:37 - [TEST_STEP][PASSED] - testHarnessURL = urlTestHarness: null

25-10-2024T03:01:37 - [TEST_STEP][PASSED] - openBrowser(testHarnessURL): Browser is opened with url: 'https://dev-algorithm.govolution.com/vrelaytest/QA2/version_2_2/vrelaytest.html'

25-10-2024T03:01:37 - [MESSAGE][INFO] - Starting 'Edge Chromium' driver

25-10-2024T03:01:37 - [MESSAGE][INFO] - User set preference: ['acceptInsecureCerts', 'true']

25-10-2024T03:01:39 - [MESSAGE][INFO] - Action delay is set to 0 milliseconds

25-10-2024T03:01:43 - [MESSAGE][PASSED] - Browser is opened with url: 'https://dev-algorithm.govolution.com/vrelaytest/QA2/version_2_2/vrelaytest.html'

25-10-2024T03:01:43 - [TEST_STEP][PASSED] - maximizeWindow(): Current window maximized

25-10-2024T03:01:43 - [MESSAGE][PASSED] - Current window maximized

25-10-2024T03:01:43 - [TEST_STEP][PASSED] - iwpPages.TestHarnessPage.setDataMethod(row, dataFile): iwpPages.TestHarnessPage.setDataMethod is PASSED

25-10-2024T03:01:43 - [MESSAGE][PASSED] - Object 'Object Repository/IWP30/Page_QATestHarness/RemittanceID' is present

25-10-2024T03:01:44 - [MESSAGE][PASSED] - Text '638' is set on object 'Object Repository/IWP30/Page_QATestHarness/ApplicationID'

25-10-2024T03:01:44 - [MESSAGE][PASSED] - Text '2.5' is set on object 'Object Repository/IWP30/Page_QATestHarness/MessageVersion'

25-10-2024T03:01:45 - [MESSAGE][PASSED] - Text 'EqsKrT8tegtK' is set on object 'Object Repository/IWP30/Page_QATestHarness/RemittanceID'

25-10-2024T03:01:48 - [MESSAGE][PASSED] - Object: 'Object Repository/IWP30/Page_QATestHarness/SubmitButton' is clicked on

25-10-2024T03:01:48 - [MESSAGE][PASSED] - iwpPages.TestHarnessPage.setDataMethod is PASSED

25-10-2024T03:01:48 - [TEST_STEP][PASSED] - click(findTestObject("Object Repository/IWP30/Page_SelectPaymentMethod/PayByCorporateCheck")): Object: 'Object Repository/IWP30/Page_SelectPaymentMethod/PayByCorporateCheck' is clicked on

25-10-2024T03:01:49 - [MESSAGE][PASSED] - Object: 'Object Repository/IWP30/Page_SelectPaymentMethod/PayByCorporateCheck' is clicked on

25-10-2024T03:01:49 - [TEST_STEP][PASSED] - click(findTestObject("Object Repository/IWP30/Page_SelectPaymentMethod/MakePaymentButton")): Object: 'Object Repository/IWP30/Page_SelectPaymentMethod/MakePaymentButton' is clicked on

25-10-2024T03:01:52 - [MESSAGE][PASSED] - Object: 'Object Repository/IWP30/Page_SelectPaymentMethod/MakePaymentButton' is clicked on

25-10-2024T03:01:52 - [TEST_STEP][PASSED] - iwpPages.achCorporatePaymentEntryPage.setDataCorporate(row, dataFile): iwpPages.achCorporatePaymentEntryPage.setDataCorporate is PASSED

25-10-2024T03:01:53 - [MESSAGE][PASSED] - Object 'Object Repository/IWP30/Page_ACHCorporatePaymentEntry/txt_accountNumber' is present

25-10-2024T03:01:53 - [MESSAGE][PASSED] - Object 'Object Repository/IWP30/Page_ACHCorporatePaymentEntry/input_CompanyName' is present

25-10-2024T03:01:54 - [MESSAGE][PASSED] - Text 'My Company' is set on object 'Object Repository/IWP30/Page_ACHCorporatePaymentEntry/input_CompanyName'

25-10-2024T03:01:54 - [MESSAGE][PASSED] - Object 'Object Repository/IWP30/Page_ACHCorporatePaymentEntry/input_EIN' is present

25-10-2024T03:01:54 - [MESSAGE][PASSED] - Text '123456789' is set on object 'Object Repository/IWP30/Page_ACHCorporatePaymentEntry/input_EIN'

25-10-2024T03:01:55 - [MESSAGE][PASSED] - Text '1.50' is set on object 'Object Repository/IWP30/Page_ACHCorporatePaymentEntry/txt_Amount'

25-10-2024T03:01:56 - [MESSAGE][PASSED] - Text 'udf data 2' is set on object 'Object Repository/IWP30/Page_ACHCorporatePaymentEntry/txt_UDF2'

25-10-2024T03:01:56 - [MESSAGE][PASSED] - Text 'udf data 3' is set on object 'Object Repository/IWP30/Page_ACHCorporatePaymentEntry/txt_UDF3'

25-10-2024T03:01:57 - [MESSAGE][PASSED] - All options with label 'Orange' are selected in object 'Object Repository/IWP30/Page_ACHCorporatePaymentEntry/dd_UDF7' 

25-10-2024T03:01:57 - [MESSAGE][PASSED] - All options with label 'Soccer' are selected in object 'Object Repository/IWP30/Page_ACHCorporatePaymentEntry/dd_UDF8' 

25-10-2024T03:01:58 - [MESSAGE][PASSED] - Object 'Object Repository/IWP30/Page_ACHCorporatePaymentEntry/txt_routingNumber' is present

25-10-2024T03:01:58 - [MESSAGE][PASSED] - Text '256072691' is set on object 'Object Repository/IWP30/Page_ACHCorporatePaymentEntry/txt_routingNumber'

25-10-2024T03:01:58 - [MESSAGE][PASSED] - Object 'Object Repository/IWP30/Page_ACHCorporatePaymentEntry/txt_accountNumber' is present

25-10-2024T03:02:00 - [MESSAGE][PASSED] - Text '12344444' is set on object 'Object Repository/IWP30/Page_ACHCorporatePaymentEntry/txt_accountNumber'

25-10-2024T03:02:00 - [MESSAGE][PASSED] - Object 'Object Repository/IWP30/Page_ACHCorporatePaymentEntry/txt_confirmAccountNumber' is present

25-10-2024T03:02:01 - [MESSAGE][PASSED] - Text '12344444' is set on object 'Object Repository/IWP30/Page_ACHCorporatePaymentEntry/txt_confirmAccountNumber'

25-10-2024T03:02:01 - [MESSAGE][PASSED] - Text '365 Main Avenue' is set on object 'Object Repository/IWP30/Page_ACHCorporatePaymentEntry/txt_AL1'

25-10-2024T03:02:02 - [MESSAGE][PASSED] - Text '22201' is set on object 'Object Repository/IWP30/Page_ACHCorporatePaymentEntry/txt_ZIP'

25-10-2024T03:02:02 - [MESSAGE][PASSED] - Object 'Object Repository/IWP30/Page_ACHCorporatePaymentEntry/txt_Email' is present

25-10-2024T03:02:04 - [MESSAGE][PASSED] - Text 'iahmed@govolution.com' is set on object 'Object Repository/IWP30/Page_ACHCorporatePaymentEntry/txt_Email'

25-10-2024T03:02:04 - [MESSAGE][PASSED] - Object 'Object Repository/IWP30/Page_ACHCorporatePaymentEntry/cb_TermsAndCond' is present

25-10-2024T03:02:04 - [MESSAGE][PASSED] - Object: 'Object Repository/IWP30/Page_ACHCorporatePaymentEntry/cb_TermsAndCond' is clicked on

25-10-2024T03:02:05 - [MESSAGE][PASSED] - Object 'Object Repository/IWP30/Page_ACHCorporatePaymentEntry/btn_Continue' is present

25-10-2024T03:02:07 - [MESSAGE][PASSED] - Object: 'Object Repository/IWP30/Page_ACHCorporatePaymentEntry/btn_Continue' is clicked on

25-10-2024T03:02:07 - [MESSAGE][PASSED] - iwpPages.achCorporatePaymentEntryPage.setDataCorporate is PASSED

25-10-2024T03:02:07 - [TEST_STEP][PASSED] - Thread.sleep(10000): null

25-10-2024T03:02:17 - [TEST_STEP][PASSED] - if (verifyTextPresent("Amount is less than minimum", false)): null

25-10-2024T03:02:17 - [MESSAGE][PASSED] - Text 'Amount is less than minimum' is present on page 

25-10-2024T03:02:17 - [TEST_STEP][PASSED] - println("Min Amount Error message shown"): null

25-10-2024T03:02:17 - [TEST_STEP][PASSED] - markPassed("Min Amount Error message shown"): Min Amount Error message shown

25-10-2024T03:02:17 - [MESSAGE][PASSED] - Min Amount Error message shown

25-10-2024T03:02:17 - [TEST_STEP][PASSED] - resText = "Pass": null

25-10-2024T03:02:17 - [TEST_STEP][PASSED] - pages.WriteExcel.demoKey(resText, datText, resColumn, datCloumn, fileLoc, nameSheet, row): pages.WriteExcel.demoKey is PASSED

25-10-2024T03:02:17 - [MESSAGE][PASSED] - pages.WriteExcel.demoKey is PASSED

25-10-2024T03:02:17 - [TEST_STEP][PASSED] - closeBrowser(): Browser is closed

25-10-2024T03:02:18 - [MESSAGE][PASSED] - Browser is closed

25-10-2024T03:02:18 - [TEST_STEP][PASSED] - ExecuteTC = findTestData(dataFile).getValue("Execute", row): null

25-10-2024T03:02:18 - [TEST_STEP][PASSED] - out.println("Value of Execute is : " + ExecuteTC): null

25-10-2024T03:02:18 - [TEST_STEP][FAILED] - if (ExecuteTC.equalsIgnoreCase("Y")): null

25-10-2024T03:02:18 - [TEST_STEP][PASSED] - out.println("Begin Record Number: " + row): null

25-10-2024T03:02:18 - [TEST_STEP][PASSED] - today = new java.util.Date(): null

25-10-2024T03:02:18 - [TEST_STEP][PASSED] - println(today): null

25-10-2024T03:02:18 - [TEST_STEP][PASSED] - datText = today: null

25-10-2024T03:02:18 - [TEST_STEP][PASSED] - EmulatorDataKey = findTestData(dataFile).getValue("EmulatorData", row): null

25-10-2024T03:02:18 - [TEST_STEP][PASSED] - out.println("Value of Emulator Key is : " + EmulatorDataKey): null

25-10-2024T03:02:18 - [TEST_STEP][PASSED] - iwpPages.emulatorIWP30.setDataEmulator_DD(EmulatorDataKey): iwpPages.emulatorIWP30.setDataEmulator_DD is PASSED

25-10-2024T03:02:18 - [MESSAGE][INFO] - Starting 'Edge Chromium' driver

25-10-2024T03:02:18 - [MESSAGE][INFO] - User set preference: ['acceptInsecureCerts', 'true']

25-10-2024T03:02:20 - [MESSAGE][INFO] - Action delay is set to 0 milliseconds

25-10-2024T03:02:25 - [MESSAGE][PASSED] - Browser is opened with url: 'https://qa2.velocitypayment.com/agencyx/config.action?action=editor&message_version=3_0'

25-10-2024T03:02:25 - [MESSAGE][PASSED] - Current window maximized

25-10-2024T03:02:56 - [MESSAGE][INFO] - Unable to find the element located by 'By.xpath: //select[@name='message_version']'. Please recheck the objects properties to make sure the desired element is located. 

25-10-2024T03:02:56 - [MESSAGE][WARNING] - [SELF-HEALING] Failed to find element with id 'Object Repository/IWP30/Page_VRelay30Emulator/MV'. Try using Self-healing.

25-10-2024T03:02:56 - [MESSAGE][WARNING] - [SELF-HEALING] The current locator of test object 'Object Repository/IWP30/Page_VRelay30Emulator/MV' was broken. Propose an alternative one: '(.//*[normalize-space(text()) and normalize-space(.)='Message Version'])[1]/following::select[1]'.

25-10-2024T03:02:57 - [MESSAGE][PASSED] - All options with value '3.0' are selected in object 'Object Repository/IWP30/Page_VRelay30Emulator/MV'  using regular expression

25-10-2024T03:02:57 - [MESSAGE][PASSED] - Text '10.50' is set on object 'Object Repository/IWP30/Page_EmulatorAgencyX/Amount'

25-10-2024T03:02:58 - [MESSAGE][PASSED] - Text 'V85zrtF53Odm' is set on object 'Object Repository/IWP30/Page_EmulatorAgencyX/CAN'

25-10-2024T03:02:59 - [MESSAGE][PASSED] - Text 'PayNow' is set on object 'Object Repository/IWP30/Page_EmulatorAgencyX/Action'

25-10-2024T03:02:59 - [MESSAGE][PASSED] - Text 'en_US' is set on object 'Object Repository/IWP30/Page_EmulatorAgencyX/Lang'

25-10-2024T03:03:00 - [MESSAGE][PASSED] - Text '' is set on object 'Object Repository/IWP30/Page_EmulatorAgencyX/Fname'

25-10-2024T03:03:00 - [MESSAGE][PASSED] - Text '' is set on object 'Object Repository/IWP30/Page_EmulatorAgencyX/Lname'

25-10-2024T03:03:01 - [MESSAGE][PASSED] - Text '' is set on object 'Object Repository/IWP30/Page_EmulatorAgencyX/AL1'

25-10-2024T03:03:01 - [MESSAGE][PASSED] - Text '' is set on object 'Object Repository/IWP30/Page_EmulatorAgencyX/AL2'

25-10-2024T03:03:02 - [MESSAGE][PASSED] - Text '' is set on object 'Object Repository/IWP30/Page_EmulatorAgencyX/Country'

25-10-2024T03:03:03 - [MESSAGE][PASSED] - Text '' is set on object 'Object Repository/IWP30/Page_EmulatorAgencyX/City'

25-10-2024T03:03:03 - [MESSAGE][PASSED] - Text '' is set on object 'Object Repository/IWP30/Page_EmulatorAgencyX/State'

25-10-2024T03:03:04 - [MESSAGE][PASSED] - Text '' is set on object 'Object Repository/IWP30/Page_EmulatorAgencyX/ZIP'

25-10-2024T03:03:04 - [MESSAGE][PASSED] - Text '' is set on object 'Object Repository/IWP30/Page_EmulatorAgencyX/Order'

25-10-2024T03:03:05 - [MESSAGE][PASSED] - Text '' is set on object 'Object Repository/IWP30/Page_EmulatorAgencyX/Company'

25-10-2024T03:03:05 - [MESSAGE][PASSED] - Text '' is set on object 'Object Repository/IWP30/Page_EmulatorAgencyX/Email'

25-10-2024T03:03:06 - [MESSAGE][PASSED] - Text '' is set on object 'Object Repository/IWP30/Page_EmulatorAgencyX/UDF1'

25-10-2024T03:03:07 - [MESSAGE][PASSED] - Text '' is set on object 'Object Repository/IWP30/Page_EmulatorAgencyX/UDF2'

25-10-2024T03:03:07 - [MESSAGE][PASSED] - Text '' is set on object 'Object Repository/IWP30/Page_EmulatorAgencyX/UDF3'

25-10-2024T03:03:08 - [MESSAGE][PASSED] - Text 'udf data 4' is set on object 'Object Repository/IWP30/Page_EmulatorAgencyX/UDF4'

25-10-2024T03:03:08 - [MESSAGE][PASSED] - Text 'udf data 5' is set on object 'Object Repository/IWP30/Page_EmulatorAgencyX/UDF5'

25-10-2024T03:03:09 - [MESSAGE][PASSED] - Text '' is set on object 'Object Repository/IWP30/Page_EmulatorAgencyX/UDF6'

25-10-2024T03:03:09 - [MESSAGE][PASSED] - Text '' is set on object 'Object Repository/IWP30/Page_EmulatorAgencyX/UDF7'

25-10-2024T03:03:10 - [MESSAGE][PASSED] - Text '' is set on object 'Object Repository/IWP30/Page_EmulatorAgencyX/UDF8'

25-10-2024T03:03:11 - [MESSAGE][PASSED] - Text 'udf data 9' is set on object 'Object Repository/IWP30/Page_EmulatorAgencyX/UDF9'

25-10-2024T03:03:11 - [MESSAGE][PASSED] - Text 'udf data 10' is set on object 'Object Repository/IWP30/Page_EmulatorAgencyX/UDF10'

25-10-2024T03:03:13 - [MESSAGE][PASSED] - Object: 'Object Repository/IWP30/Page_EmulatorAgencyX/Submit' is clicked on

25-10-2024T03:03:17 - [MESSAGE][PASSED] - Browser is closed

25-10-2024T03:03:21 - [MESSAGE][PASSED] - iwpPages.emulatorIWP30.setDataEmulator_DD is PASSED

25-10-2024T03:03:21 - [TEST_STEP][PASSED] - testHarnessURL = urlTestHarness: null

25-10-2024T03:03:21 - [TEST_STEP][PASSED] - openBrowser(testHarnessURL): Browser is opened with url: 'https://dev-algorithm.govolution.com/vrelaytest/QA2/version_2_2/vrelaytest.html'

25-10-2024T03:03:21 - [MESSAGE][INFO] - Starting 'Edge Chromium' driver

25-10-2024T03:03:21 - [MESSAGE][INFO] - User set preference: ['acceptInsecureCerts', 'true']

25-10-2024T03:03:23 - [MESSAGE][INFO] - Action delay is set to 0 milliseconds

25-10-2024T03:03:27 - [MESSAGE][PASSED] - Browser is opened with url: 'https://dev-algorithm.govolution.com/vrelaytest/QA2/version_2_2/vrelaytest.html'

25-10-2024T03:03:27 - [TEST_STEP][PASSED] - maximizeWindow(): Current window maximized

25-10-2024T03:03:27 - [MESSAGE][PASSED] - Current window maximized

25-10-2024T03:03:27 - [TEST_STEP][PASSED] - iwpPages.TestHarnessPage.setDataMethod(row, dataFile): iwpPages.TestHarnessPage.setDataMethod is PASSED

25-10-2024T03:03:27 - [MESSAGE][PASSED] - Object 'Object Repository/IWP30/Page_QATestHarness/RemittanceID' is present

25-10-2024T03:03:28 - [MESSAGE][PASSED] - Text '649' is set on object 'Object Repository/IWP30/Page_QATestHarness/ApplicationID'

25-10-2024T03:03:28 - [MESSAGE][PASSED] - Text '3.0' is set on object 'Object Repository/IWP30/Page_QATestHarness/MessageVersion'

25-10-2024T03:03:29 - [MESSAGE][PASSED] - Text 'BmaYLH6tIJ5E' is set on object 'Object Repository/IWP30/Page_QATestHarness/RemittanceID'

25-10-2024T03:03:32 - [MESSAGE][PASSED] - Object: 'Object Repository/IWP30/Page_QATestHarness/SubmitButton' is clicked on

25-10-2024T03:03:32 - [MESSAGE][PASSED] - iwpPages.TestHarnessPage.setDataMethod is PASSED

25-10-2024T03:03:32 - [TEST_STEP][PASSED] - click(findTestObject("Object Repository/IWP30/Page_SelectPaymentMethod/PayByCorporateCheck")): Object: 'Object Repository/IWP30/Page_SelectPaymentMethod/PayByCorporateCheck' is clicked on

25-10-2024T03:03:33 - [MESSAGE][PASSED] - Object: 'Object Repository/IWP30/Page_SelectPaymentMethod/PayByCorporateCheck' is clicked on

25-10-2024T03:03:33 - [TEST_STEP][PASSED] - click(findTestObject("Object Repository/IWP30/Page_SelectPaymentMethod/MakePaymentButton")): Object: 'Object Repository/IWP30/Page_SelectPaymentMethod/MakePaymentButton' is clicked on

25-10-2024T03:03:35 - [MESSAGE][PASSED] - Object: 'Object Repository/IWP30/Page_SelectPaymentMethod/MakePaymentButton' is clicked on

25-10-2024T03:03:35 - [TEST_STEP][PASSED] - iwpPages.achCorporatePaymentEntryPage.setDataCorporate(row, dataFile): iwpPages.achCorporatePaymentEntryPage.setDataCorporate is PASSED

25-10-2024T03:03:36 - [MESSAGE][PASSED] - Object 'Object Repository/IWP30/Page_ACHCorporatePaymentEntry/txt_accountNumber' is present

25-10-2024T03:03:36 - [MESSAGE][PASSED] - Object 'Object Repository/IWP30/Page_ACHCorporatePaymentEntry/input_CompanyName' is present

25-10-2024T03:03:37 - [MESSAGE][PASSED] - Text 'My Company' is set on object 'Object Repository/IWP30/Page_ACHCorporatePaymentEntry/input_CompanyName'

25-10-2024T03:03:37 - [MESSAGE][PASSED] - Object 'Object Repository/IWP30/Page_ACHCorporatePaymentEntry/input_EIN' is present

25-10-2024T03:03:38 - [MESSAGE][PASSED] - Text '123456789' is set on object 'Object Repository/IWP30/Page_ACHCorporatePaymentEntry/input_EIN'

25-10-2024T03:03:38 - [MESSAGE][PASSED] - Text '200.50' is set on object 'Object Repository/IWP30/Page_ACHCorporatePaymentEntry/txt_Amount'

25-10-2024T03:03:39 - [MESSAGE][PASSED] - Text 'udf data 2' is set on object 'Object Repository/IWP30/Page_ACHCorporatePaymentEntry/txt_UDF2'

25-10-2024T03:03:40 - [MESSAGE][PASSED] - Text 'udf data 3' is set on object 'Object Repository/IWP30/Page_ACHCorporatePaymentEntry/txt_UDF3'

25-10-2024T03:03:40 - [MESSAGE][PASSED] - All options with label 'Orange' are selected in object 'Object Repository/IWP30/Page_ACHCorporatePaymentEntry/dd_UDF7' 

25-10-2024T03:03:41 - [MESSAGE][PASSED] - All options with label 'Soccer' are selected in object 'Object Repository/IWP30/Page_ACHCorporatePaymentEntry/dd_UDF8' 

25-10-2024T03:03:41 - [MESSAGE][PASSED] - Object 'Object Repository/IWP30/Page_ACHCorporatePaymentEntry/txt_routingNumber' is present

25-10-2024T03:03:42 - [MESSAGE][PASSED] - Text '256072691' is set on object 'Object Repository/IWP30/Page_ACHCorporatePaymentEntry/txt_routingNumber'

25-10-2024T03:03:42 - [MESSAGE][PASSED] - Object 'Object Repository/IWP30/Page_ACHCorporatePaymentEntry/txt_accountNumber' is present

25-10-2024T03:03:43 - [MESSAGE][PASSED] - Text '12344444' is set on object 'Object Repository/IWP30/Page_ACHCorporatePaymentEntry/txt_accountNumber'

25-10-2024T03:03:43 - [MESSAGE][PASSED] - Object 'Object Repository/IWP30/Page_ACHCorporatePaymentEntry/txt_confirmAccountNumber' is present

25-10-2024T03:03:44 - [MESSAGE][PASSED] - Text '12344444' is set on object 'Object Repository/IWP30/Page_ACHCorporatePaymentEntry/txt_confirmAccountNumber'

25-10-2024T03:03:44 - [MESSAGE][PASSED] - Text '365 Main Avenue' is set on object 'Object Repository/IWP30/Page_ACHCorporatePaymentEntry/txt_AL1'

25-10-2024T03:03:45 - [MESSAGE][PASSED] - Text '22201' is set on object 'Object Repository/IWP30/Page_ACHCorporatePaymentEntry/txt_ZIP'

25-10-2024T03:03:45 - [MESSAGE][PASSED] - Object 'Object Repository/IWP30/Page_ACHCorporatePaymentEntry/txt_Email' is present

25-10-2024T03:03:46 - [MESSAGE][PASSED] - Text 'iahmed@govolution.com' is set on object 'Object Repository/IWP30/Page_ACHCorporatePaymentEntry/txt_Email'

25-10-2024T03:03:46 - [MESSAGE][PASSED] - Object 'Object Repository/IWP30/Page_ACHCorporatePaymentEntry/cb_TermsAndCond' is present

25-10-2024T03:03:47 - [MESSAGE][PASSED] - Object: 'Object Repository/IWP30/Page_ACHCorporatePaymentEntry/cb_TermsAndCond' is clicked on

25-10-2024T03:03:47 - [MESSAGE][PASSED] - Object 'Object Repository/IWP30/Page_ACHCorporatePaymentEntry/btn_Continue' is present

25-10-2024T03:03:48 - [MESSAGE][PASSED] - Object: 'Object Repository/IWP30/Page_ACHCorporatePaymentEntry/btn_Continue' is clicked on

25-10-2024T03:03:48 - [MESSAGE][PASSED] - iwpPages.achCorporatePaymentEntryPage.setDataCorporate is PASSED

25-10-2024T03:03:48 - [TEST_STEP][PASSED] - Thread.sleep(10000): null

25-10-2024T03:03:58 - [TEST_STEP][FAILED] - if (verifyTextPresent("Amount is less than minimum", false)): Text 'Amount is less than minimum' is not present on page  (Root cause: com.kms.katalon.core.exception.StepFailedException: Text 'Amount is less than minimum' is not present on page 
	at com.kms.katalon.core.webui.keyword.internal.WebUIKeywordMain.stepFailed(WebUIKeywordMain.groovy:64)
	at com.kms.katalon.core.webui.keyword.builtin.VerifyTextPresentKeyword$_verifyTextPresent_closure1.doCall(VerifyTextPresentKeyword.groovy:79)
	at com.kms.katalon.core.webui.keyword.builtin.VerifyTextPresentKeyword$_verifyTextPresent_closure1.call(VerifyTextPresentKeyword.groovy)
	at com.kms.katalon.core.webui.keyword.internal.WebUIKeywordMain.runKeyword(WebUIKeywordMain.groovy:20)
	at com.kms.katalon.core.webui.keyword.builtin.VerifyTextPresentKeyword.verifyTextPresent(VerifyTextPresentKeyword.groovy:83)
	at com.kms.katalon.core.webui.keyword.builtin.VerifyTextPresentKeyword.execute(VerifyTextPresentKeyword.groovy:68)
	at com.kms.katalon.core.keyword.internal.KeywordExecutor.executeKeywordForPlatform(KeywordExecutor.groovy:74)
	at com.kms.katalon.core.webui.keyword.WebUiBuiltInKeywords.verifyTextPresent(WebUiBuiltInKeywords.groovy:1762)
	at MinAmountErrorCorp.run(MinAmountErrorCorp:86)
	at com.kms.katalon.core.main.ScriptEngine.run(ScriptEngine.java:194)
	at com.kms.katalon.core.main.ScriptEngine.runScriptAsRawText(ScriptEngine.java:119)
	at com.kms.katalon.core.main.TestCaseExecutor.runScript(TestCaseExecutor.java:448)
	at com.kms.katalon.core.main.TestCaseExecutor.doExecute(TestCaseExecutor.java:439)
	at com.kms.katalon.core.main.TestCaseExecutor.processExecutionPhase(TestCaseExecutor.java:418)
	at com.kms.katalon.core.main.TestCaseExecutor.accessMainPhase(TestCaseExecutor.java:410)
	at com.kms.katalon.core.main.TestCaseExecutor.execute(TestCaseExecutor.java:285)
	at com.kms.katalon.core.common.CommonExecutor.accessTestCaseMainPhase(CommonExecutor.java:65)
	at com.kms.katalon.core.main.TestSuiteExecutor.accessTestSuiteMainPhase(TestSuiteExecutor.java:150)
	at com.kms.katalon.core.main.TestSuiteExecutor.execute(TestSuiteExecutor.java:106)
	at com.kms.katalon.core.main.TestCaseMain.startTestSuite(TestCaseMain.java:180)
	at TempTestSuite1729787045812.run(TempTestSuite1729787045812.groovy:35)
	at java.base/jdk.internal.reflect.NativeMethodAccessorImpl.invoke0(Native Method)
	at java.base/jdk.internal.reflect.NativeMethodAccessorImpl.invoke(NativeMethodAccessorImpl.java:77)
	at java.base/jdk.internal.reflect.DelegatingMethodAccessorImpl.invoke(DelegatingMethodAccessorImpl.java:43)
)

25-10-2024T03:03:58 - [MESSAGE][FAILED] - Text 'Amount is less than minimum' is not present on page  (Root cause: com.kms.katalon.core.exception.StepFailedException: Text 'Amount is less than minimum' is not present on page 
	at com.kms.katalon.core.webui.keyword.internal.WebUIKeywordMain.stepFailed(WebUIKeywordMain.groovy:64)
	at com.kms.katalon.core.webui.keyword.builtin.VerifyTextPresentKeyword$_verifyTextPresent_closure1.doCall(VerifyTextPresentKeyword.groovy:79)
	at com.kms.katalon.core.webui.keyword.builtin.VerifyTextPresentKeyword$_verifyTextPresent_closure1.call(VerifyTextPresentKeyword.groovy)
	at com.kms.katalon.core.webui.keyword.internal.WebUIKeywordMain.runKeyword(WebUIKeywordMain.groovy:20)
	at com.kms.katalon.core.webui.keyword.builtin.VerifyTextPresentKeyword.verifyTextPresent(VerifyTextPresentKeyword.groovy:83)
	at com.kms.katalon.core.webui.keyword.builtin.VerifyTextPresentKeyword.execute(VerifyTextPresentKeyword.groovy:68)
	at com.kms.katalon.core.keyword.internal.KeywordExecutor.executeKeywordForPlatform(KeywordExecutor.groovy:74)
	at com.kms.katalon.core.webui.keyword.WebUiBuiltInKeywords.verifyTextPresent(WebUiBuiltInKeywords.groovy:1762)
	at MinAmountErrorCorp.run(MinAmountErrorCorp:86)
	at com.kms.katalon.core.main.ScriptEngine.run(ScriptEngine.java:194)
	at com.kms.katalon.core.main.ScriptEngine.runScriptAsRawText(ScriptEngine.java:119)
	at com.kms.katalon.core.main.TestCaseExecutor.runScript(TestCaseExecutor.java:448)
	at com.kms.katalon.core.main.TestCaseExecutor.doExecute(TestCaseExecutor.java:439)
	at com.kms.katalon.core.main.TestCaseExecutor.processExecutionPhase(TestCaseExecutor.java:418)
	at com.kms.katalon.core.main.TestCaseExecutor.accessMainPhase(TestCaseExecutor.java:410)
	at com.kms.katalon.core.main.TestCaseExecutor.execute(TestCaseExecutor.java:285)
	at com.kms.katalon.core.common.CommonExecutor.accessTestCaseMainPhase(CommonExecutor.java:65)
	at com.kms.katalon.core.main.TestSuiteExecutor.accessTestSuiteMainPhase(TestSuiteExecutor.java:150)
	at com.kms.katalon.core.main.TestSuiteExecutor.execute(TestSuiteExecutor.java:106)
	at com.kms.katalon.core.main.TestCaseMain.startTestSuite(TestCaseMain.java:180)
	at TempTestSuite1729787045812.run(TempTestSuite1729787045812.groovy:35)
	at java.base/jdk.internal.reflect.NativeMethodAccessorImpl.invoke0(Native Method)
	at java.base/jdk.internal.reflect.NativeMethodAccessorImpl.invoke(NativeMethodAccessorImpl.java:77)
	at java.base/jdk.internal.reflect.DelegatingMethodAccessorImpl.invoke(DelegatingMethodAccessorImpl.java:43)
)

25-10-2024T03:03:58 - [TEST_STEP][PASSED] - else: pages.WriteExcel.demoKey is PASSED

25-10-2024T03:03:58 - [TEST_STEP][PASSED] - println("Min Amount Error message not shown"): null

25-10-2024T03:03:58 - [TEST_STEP][PASSED] - resText = "Fail": null

25-10-2024T03:03:58 - [TEST_STEP][PASSED] - pages.WriteExcel.demoKey(resText, datText, resColumn, datCloumn, fileLoc, nameSheet, row): pages.WriteExcel.demoKey is PASSED

25-10-2024T03:03:59 - [MESSAGE][PASSED] - pages.WriteExcel.demoKey is PASSED

25-10-2024T03:03:59 - [TEST_STEP][PASSED] - closeBrowser(): Browser is closed

25-10-2024T03:03:59 - [MESSAGE][PASSED] - Browser is closed]]></system-out>
         <system-err><![CDATA[25-10-2024T03:00:33 - [TEST_CASE][FAILED] - Test Cases/IntegratedWeb/IWP25/Error/MinAmountErrorCorp: Test Cases/IntegratedWeb/IWP25/Error/MinAmountErrorCorp FAILED.
Reason:
com.kms.katalon.core.exception.StepFailedException: Text 'Amount is less than minimum' is not present on page  (Root cause: com.kms.katalon.core.exception.StepFailedException: Text 'Amount is less than minimum' is not present on page 
	at com.kms.katalon.core.webui.keyword.internal.WebUIKeywordMain.stepFailed(WebUIKeywordMain.groovy:64)
	at com.kms.katalon.core.webui.keyword.builtin.VerifyTextPresentKeyword$_verifyTextPresent_closure1.doCall(VerifyTextPresentKeyword.groovy:79)
	at com.kms.katalon.core.webui.keyword.builtin.VerifyTextPresentKeyword$_verifyTextPresent_closure1.call(VerifyTextPresentKeyword.groovy)
	at com.kms.katalon.core.webui.keyword.internal.WebUIKeywordMain.runKeyword(WebUIKeywordMain.groovy:20)
	at com.kms.katalon.core.webui.keyword.builtin.VerifyTextPresentKeyword.verifyTextPresent(VerifyTextPresentKeyword.groovy:83)
	at com.kms.katalon.core.webui.keyword.builtin.VerifyTextPresentKeyword.execute(VerifyTextPresentKeyword.groovy:68)
	at com.kms.katalon.core.keyword.internal.KeywordExecutor.executeKeywordForPlatform(KeywordExecutor.groovy:74)
	at com.kms.katalon.core.webui.keyword.WebUiBuiltInKeywords.verifyTextPresent(WebUiBuiltInKeywords.groovy:1762)
	at MinAmountErrorCorp.run(MinAmountErrorCorp:86)
	at com.kms.katalon.core.main.ScriptEngine.run(ScriptEngine.java:194)
	at com.kms.katalon.core.main.ScriptEngine.runScriptAsRawText(ScriptEngine.java:119)
	at com.kms.katalon.core.main.TestCaseExecutor.runScript(TestCaseExecutor.java:448)
	at com.kms.katalon.core.main.TestCaseExecutor.doExecute(TestCaseExecutor.java:439)
	at com.kms.katalon.core.main.TestCaseExecutor.processExecutionPhase(TestCaseExecutor.java:418)
	at com.kms.katalon.core.main.TestCaseExecutor.accessMainPhase(TestCaseExecutor.java:410)
	at com.kms.katalon.core.main.TestCaseExecutor.execute(TestCaseExecutor.java:285)
	at com.kms.katalon.core.common.CommonExecutor.accessTestCaseMainPhase(CommonExecutor.java:65)
	at com.kms.katalon.core.main.TestSuiteExecutor.accessTestSuiteMainPhase(TestSuiteExecutor.java:150)
	at com.kms.katalon.core.main.TestSuiteExecutor.execute(TestSuiteExecutor.java:106)
	at com.kms.katalon.core.main.TestCaseMain.startTestSuite(TestCaseMain.java:180)
	at TempTestSuite1729787045812.run(TempTestSuite1729787045812.groovy:35)
	at java.base/jdk.internal.reflect.NativeMethodAccessorImpl.invoke0(Native Method)
	at java.base/jdk.internal.reflect.NativeMethodAccessorImpl.invoke(NativeMethodAccessorImpl.java:77)
	at java.base/jdk.internal.reflect.DelegatingMethodAccessorImpl.invoke(DelegatingMethodAccessorImpl.java:43)
)
	at com.kms.katalon.core.keyword.internal.KeywordMain.stepFailed(KeywordMain.groovy:39)
	at com.kms.katalon.core.webui.keyword.internal.WebUIKeywordMain.stepFailed(WebUIKeywordMain.groovy:64)
	at com.kms.katalon.core.webui.keyword.builtin.VerifyTextPresentKeyword$_verifyTextPresent_closure1.doCall(VerifyTextPresentKeyword.groovy:79)
	at com.kms.katalon.core.webui.keyword.builtin.VerifyTextPresentKeyword$_verifyTextPresent_closure1.call(VerifyTextPresentKeyword.groovy)
	at com.kms.katalon.core.webui.keyword.internal.WebUIKeywordMain.runKeyword(WebUIKeywordMain.groovy:20)
	at com.kms.katalon.core.webui.keyword.builtin.VerifyTextPresentKeyword.verifyTextPresent(VerifyTextPresentKeyword.groovy:83)
	at com.kms.katalon.core.webui.keyword.builtin.VerifyTextPresentKeyword.execute(VerifyTextPresentKeyword.groovy:68)
	at com.kms.katalon.core.keyword.internal.KeywordExecutor.executeKeywordForPlatform(KeywordExecutor.groovy:74)
	at com.kms.katalon.core.webui.keyword.WebUiBuiltInKeywords.verifyTextPresent(WebUiBuiltInKeywords.groovy:1762)
	at MinAmountErrorCorp.run(MinAmountErrorCorp:86)
	at com.kms.katalon.core.main.ScriptEngine.run(ScriptEngine.java:194)
	at com.kms.katalon.core.main.ScriptEngine.runScriptAsRawText(ScriptEngine.java:119)
	at com.kms.katalon.core.main.TestCaseExecutor.runScript(TestCaseExecutor.java:448)
	at com.kms.katalon.core.main.TestCaseExecutor.doExecute(TestCaseExecutor.java:439)
	at com.kms.katalon.core.main.TestCaseExecutor.processExecutionPhase(TestCaseExecutor.java:418)
	at com.kms.katalon.core.main.TestCaseExecutor.accessMainPhase(TestCaseExecutor.java:410)
	at com.kms.katalon.core.main.TestCaseExecutor.execute(TestCaseExecutor.java:285)
	at com.kms.katalon.core.common.CommonExecutor.accessTestCaseMainPhase(CommonExecutor.java:65)
	at com.kms.katalon.core.main.TestSuiteExecutor.accessTestSuiteMainPhase(TestSuiteExecutor.java:150)
	at com.kms.katalon.core.main.TestSuiteExecutor.execute(TestSuiteExecutor.java:106)
	at com.kms.katalon.core.main.TestCaseMain.startTestSuite(TestCaseMain.java:180)
	at TempTestSuite1729787045812.run(TempTestSuite1729787045812.groovy:35)
	at java.base/jdk.internal.reflect.NativeMethodAccessorImpl.invoke0(Native Method)
	at java.base/jdk.internal.reflect.NativeMethodAccessorImpl.invoke(NativeMethodAccessorImpl.java:77)
	at java.base/jdk.internal.reflect.DelegatingMethodAccessorImpl.invoke(DelegatingMethodAccessorImpl.java:43)
Caused by: com.kms.katalon.core.exception.StepFailedException: Text 'Amount is less than minimum' is not present on page 
	... 24 more]]></system-err>
      </testcase>
      <testcase name="Test Cases/IntegratedWeb/IWP25/Error/MinAmountErrorPC" time="204.563" classname="Test Cases/IntegratedWeb/IWP25/Error/MinAmountErrorPC" status="FAILED">
         <failure type="FAILED" message="Test Cases/IntegratedWeb/IWP25/Error/MinAmountErrorPC FAILED.&#xa;Reason:&#xa;com.kms.katalon.core.exception.StepFailedException: Text 'Amount is less than minimum' is not present on page  (Root cause: com.kms.katalon.core.exception.StepFailedException: Text 'Amount is less than minimum' is not present on page &#xa;	at com.kms.katalon.core.webui.keyword.internal.WebUIKeywordMain.stepFailed(WebUIKeywordMain.groovy:64)&#xa;	at com.kms.katalon.core.webui.keyword.builtin.VerifyTextPresentKeyword$_verifyTextPresent_closure1.doCall(VerifyTextPresentKeyword.groovy:79)&#xa;	at com.kms.katalon.core.webui.keyword.builtin.VerifyTextPresentKeyword$_verifyTextPresent_closure1.call(VerifyTextPresentKeyword.groovy)&#xa;	at com.kms.katalon.core.webui.keyword.internal.WebUIKeywordMain.runKeyword(WebUIKeywordMain.groovy:20)&#xa;	at com.kms.katalon.core.webui.keyword.builtin.VerifyTextPresentKeyword.verifyTextPresent(VerifyTextPresentKeyword.groovy:83)&#xa;	at com.kms.katalon.core.webui.keyword.builtin.VerifyTextPresentKeyword.execute(VerifyTextPresentKeyword.groovy:68)&#xa;	at com.kms.katalon.core.keyword.internal.KeywordExecutor.executeKeywordForPlatform(KeywordExecutor.groovy:74)&#xa;	at com.kms.katalon.core.webui.keyword.WebUiBuiltInKeywords.verifyTextPresent(WebUiBuiltInKeywords.groovy:1762)&#xa;	at MinAmountErrorPC.run(MinAmountErrorPC:86)&#xa;	at com.kms.katalon.core.main.ScriptEngine.run(ScriptEngine.java:194)&#xa;	at com.kms.katalon.core.main.ScriptEngine.runScriptAsRawText(ScriptEngine.java:119)&#xa;	at com.kms.katalon.core.main.TestCaseExecutor.runScript(TestCaseExecutor.java:448)&#xa;	at com.kms.katalon.core.main.TestCaseExecutor.doExecute(TestCaseExecutor.java:439)&#xa;	at com.kms.katalon.core.main.TestCaseExecutor.processExecutionPhase(TestCaseExecutor.java:418)&#xa;	at com.kms.katalon.core.main.TestCaseExecutor.accessMainPhase(TestCaseExecutor.java:410)&#xa;	at com.kms.katalon.core.main.TestCaseExecutor.execute(TestCaseExecutor.java:285)&#xa;	at com.kms.katalon.core.common.CommonExecutor.accessTestCaseMainPhase(CommonExecutor.java:65)&#xa;	at com.kms.katalon.core.main.TestSuiteExecutor.accessTestSuiteMainPhase(TestSuiteExecutor.java:150)&#xa;	at com.kms.katalon.core.main.TestSuiteExecutor.execute(TestSuiteExecutor.java:106)&#xa;	at com.kms.katalon.core.main.TestCaseMain.startTestSuite(TestCaseMain.java:180)&#xa;	at TempTestSuite1729787045812.run(TempTestSuite1729787045812.groovy:35)&#xa;	at java.base/jdk.internal.reflect.NativeMethodAccessorImpl.invoke0(Native Method)&#xa;	at java.base/jdk.internal.reflect.NativeMethodAccessorImpl.invoke(NativeMethodAccessorImpl.java:77)&#xa;	at java.base/jdk.internal.reflect.DelegatingMethodAccessorImpl.invoke(DelegatingMethodAccessorImpl.java:43)&#xa;)&#xa;	at com.kms.katalon.core.keyword.internal.KeywordMain.stepFailed(KeywordMain.groovy:39)&#xa;	at com.kms.katalon.core.webui.keyword.internal.WebUIKeywordMain.stepFailed(WebUIKeywordMain.groovy:64)&#xa;	at com.kms.katalon.core.webui.keyword.builtin.VerifyTextPresentKeyword$_verifyTextPresent_closure1.doCall(VerifyTextPresentKeyword.groovy:79)&#xa;	at com.kms.katalon.core.webui.keyword.builtin.VerifyTextPresentKeyword$_verifyTextPresent_closure1.call(VerifyTextPresentKeyword.groovy)&#xa;	at com.kms.katalon.core.webui.keyword.internal.WebUIKeywordMain.runKeyword(WebUIKeywordMain.groovy:20)&#xa;	at com.kms.katalon.core.webui.keyword.builtin.VerifyTextPresentKeyword.verifyTextPresent(VerifyTextPresentKeyword.groovy:83)&#xa;	at com.kms.katalon.core.webui.keyword.builtin.VerifyTextPresentKeyword.execute(VerifyTextPresentKeyword.groovy:68)&#xa;	at com.kms.katalon.core.keyword.internal.KeywordExecutor.executeKeywordForPlatform(KeywordExecutor.groovy:74)&#xa;	at com.kms.katalon.core.webui.keyword.WebUiBuiltInKeywords.verifyTextPresent(WebUiBuiltInKeywords.groovy:1762)&#xa;	at MinAmountErrorPC.run(MinAmountErrorPC:86)&#xa;	at com.kms.katalon.core.main.ScriptEngine.run(ScriptEngine.java:194)&#xa;	at com.kms.katalon.core.main.ScriptEngine.runScriptAsRawText(ScriptEngine.java:119)&#xa;	at com.kms.katalon.core.main.TestCaseExecutor.runScript(TestCaseExecutor.java:448)&#xa;	at com.kms.katalon.core.main.TestCaseExecutor.doExecute(TestCaseExecutor.java:439)&#xa;	at com.kms.katalon.core.main.TestCaseExecutor.processExecutionPhase(TestCaseExecutor.java:418)&#xa;	at com.kms.katalon.core.main.TestCaseExecutor.accessMainPhase(TestCaseExecutor.java:410)&#xa;	at com.kms.katalon.core.main.TestCaseExecutor.execute(TestCaseExecutor.java:285)&#xa;	at com.kms.katalon.core.common.CommonExecutor.accessTestCaseMainPhase(CommonExecutor.java:65)&#xa;	at com.kms.katalon.core.main.TestSuiteExecutor.accessTestSuiteMainPhase(TestSuiteExecutor.java:150)&#xa;	at com.kms.katalon.core.main.TestSuiteExecutor.execute(TestSuiteExecutor.java:106)&#xa;	at com.kms.katalon.core.main.TestCaseMain.startTestSuite(TestCaseMain.java:180)&#xa;	at TempTestSuite1729787045812.run(TempTestSuite1729787045812.groovy:35)&#xa;	at java.base/jdk.internal.reflect.NativeMethodAccessorImpl.invoke0(Native Method)&#xa;	at java.base/jdk.internal.reflect.NativeMethodAccessorImpl.invoke(NativeMethodAccessorImpl.java:77)&#xa;	at java.base/jdk.internal.reflect.DelegatingMethodAccessorImpl.invoke(DelegatingMethodAccessorImpl.java:43)&#xa;Caused by: com.kms.katalon.core.exception.StepFailedException: Text 'Amount is less than minimum' is not present on page &#xa;	... 24 more&#xa;"/>
         <system-out><![CDATA[25-10-2024T03:03:59 - [TEST_CASE][FAILED] - Test Cases/IntegratedWeb/IWP25/Error/MinAmountErrorPC: Test Cases/IntegratedWeb/IWP25/Error/MinAmountErrorPC FAILED.
Reason:
com.kms.katalon.core.exception.StepFailedException: Text 'Amount is less than minimum' is not present on page  (Root cause: com.kms.katalon.core.exception.StepFailedException: Text 'Amount is less than minimum' is not present on page 
	at com.kms.katalon.core.webui.keyword.internal.WebUIKeywordMain.stepFailed(WebUIKeywordMain.groovy:64)
	at com.kms.katalon.core.webui.keyword.builtin.VerifyTextPresentKeyword$_verifyTextPresent_closure1.doCall(VerifyTextPresentKeyword.groovy:79)
	at com.kms.katalon.core.webui.keyword.builtin.VerifyTextPresentKeyword$_verifyTextPresent_closure1.call(VerifyTextPresentKeyword.groovy)
	at com.kms.katalon.core.webui.keyword.internal.WebUIKeywordMain.runKeyword(WebUIKeywordMain.groovy:20)
	at com.kms.katalon.core.webui.keyword.builtin.VerifyTextPresentKeyword.verifyTextPresent(VerifyTextPresentKeyword.groovy:83)
	at com.kms.katalon.core.webui.keyword.builtin.VerifyTextPresentKeyword.execute(VerifyTextPresentKeyword.groovy:68)
	at com.kms.katalon.core.keyword.internal.KeywordExecutor.executeKeywordForPlatform(KeywordExecutor.groovy:74)
	at com.kms.katalon.core.webui.keyword.WebUiBuiltInKeywords.verifyTextPresent(WebUiBuiltInKeywords.groovy:1762)
	at MinAmountErrorPC.run(MinAmountErrorPC:86)
	at com.kms.katalon.core.main.ScriptEngine.run(ScriptEngine.java:194)
	at com.kms.katalon.core.main.ScriptEngine.runScriptAsRawText(ScriptEngine.java:119)
	at com.kms.katalon.core.main.TestCaseExecutor.runScript(TestCaseExecutor.java:448)
	at com.kms.katalon.core.main.TestCaseExecutor.doExecute(TestCaseExecutor.java:439)
	at com.kms.katalon.core.main.TestCaseExecutor.processExecutionPhase(TestCaseExecutor.java:418)
	at com.kms.katalon.core.main.TestCaseExecutor.accessMainPhase(TestCaseExecutor.java:410)
	at com.kms.katalon.core.main.TestCaseExecutor.execute(TestCaseExecutor.java:285)
	at com.kms.katalon.core.common.CommonExecutor.accessTestCaseMainPhase(CommonExecutor.java:65)
	at com.kms.katalon.core.main.TestSuiteExecutor.accessTestSuiteMainPhase(TestSuiteExecutor.java:150)
	at com.kms.katalon.core.main.TestSuiteExecutor.execute(TestSuiteExecutor.java:106)
	at com.kms.katalon.core.main.TestCaseMain.startTestSuite(TestCaseMain.java:180)
	at TempTestSuite1729787045812.run(TempTestSuite1729787045812.groovy:35)
	at java.base/jdk.internal.reflect.NativeMethodAccessorImpl.invoke0(Native Method)
	at java.base/jdk.internal.reflect.NativeMethodAccessorImpl.invoke(NativeMethodAccessorImpl.java:77)
	at java.base/jdk.internal.reflect.DelegatingMethodAccessorImpl.invoke(DelegatingMethodAccessorImpl.java:43)
)
	at com.kms.katalon.core.keyword.internal.KeywordMain.stepFailed(KeywordMain.groovy:39)
	at com.kms.katalon.core.webui.keyword.internal.WebUIKeywordMain.stepFailed(WebUIKeywordMain.groovy:64)
	at com.kms.katalon.core.webui.keyword.builtin.VerifyTextPresentKeyword$_verifyTextPresent_closure1.doCall(VerifyTextPresentKeyword.groovy:79)
	at com.kms.katalon.core.webui.keyword.builtin.VerifyTextPresentKeyword$_verifyTextPresent_closure1.call(VerifyTextPresentKeyword.groovy)
	at com.kms.katalon.core.webui.keyword.internal.WebUIKeywordMain.runKeyword(WebUIKeywordMain.groovy:20)
	at com.kms.katalon.core.webui.keyword.builtin.VerifyTextPresentKeyword.verifyTextPresent(VerifyTextPresentKeyword.groovy:83)
	at com.kms.katalon.core.webui.keyword.builtin.VerifyTextPresentKeyword.execute(VerifyTextPresentKeyword.groovy:68)
	at com.kms.katalon.core.keyword.internal.KeywordExecutor.executeKeywordForPlatform(KeywordExecutor.groovy:74)
	at com.kms.katalon.core.webui.keyword.WebUiBuiltInKeywords.verifyTextPresent(WebUiBuiltInKeywords.groovy:1762)
	at MinAmountErrorPC.run(MinAmountErrorPC:86)
	at com.kms.katalon.core.main.ScriptEngine.run(ScriptEngine.java:194)
	at com.kms.katalon.core.main.ScriptEngine.runScriptAsRawText(ScriptEngine.java:119)
	at com.kms.katalon.core.main.TestCaseExecutor.runScript(TestCaseExecutor.java:448)
	at com.kms.katalon.core.main.TestCaseExecutor.doExecute(TestCaseExecutor.java:439)
	at com.kms.katalon.core.main.TestCaseExecutor.processExecutionPhase(TestCaseExecutor.java:418)
	at com.kms.katalon.core.main.TestCaseExecutor.accessMainPhase(TestCaseExecutor.java:410)
	at com.kms.katalon.core.main.TestCaseExecutor.execute(TestCaseExecutor.java:285)
	at com.kms.katalon.core.common.CommonExecutor.accessTestCaseMainPhase(CommonExecutor.java:65)
	at com.kms.katalon.core.main.TestSuiteExecutor.accessTestSuiteMainPhase(TestSuiteExecutor.java:150)
	at com.kms.katalon.core.main.TestSuiteExecutor.execute(TestSuiteExecutor.java:106)
	at com.kms.katalon.core.main.TestCaseMain.startTestSuite(TestCaseMain.java:180)
	at TempTestSuite1729787045812.run(TempTestSuite1729787045812.groovy:35)
	at java.base/jdk.internal.reflect.NativeMethodAccessorImpl.invoke0(Native Method)
	at java.base/jdk.internal.reflect.NativeMethodAccessorImpl.invoke(NativeMethodAccessorImpl.java:77)
	at java.base/jdk.internal.reflect.DelegatingMethodAccessorImpl.invoke(DelegatingMethodAccessorImpl.java:43)
Caused by: com.kms.katalon.core.exception.StepFailedException: Text 'Amount is less than minimum' is not present on page 
	... 24 more


25-10-2024T03:03:59 - [TEST_STEP][PASSED] - resText = "Fail": null

25-10-2024T03:03:59 - [TEST_STEP][PASSED] - resColumn = "Result": null

25-10-2024T03:03:59 - [TEST_STEP][PASSED] - datCloumn = "Date": null

25-10-2024T03:03:59 - [TEST_STEP][PASSED] - fileLoc = "KatalonData/IWPTestData/VRelay25Payments.xlsx": null

25-10-2024T03:03:59 - [TEST_STEP][PASSED] - numOfRows = <not implemented yet for class: org.codehaus.groovy.ast.expr.EmptyExpression>: null

25-10-2024T03:03:59 - [TEST_STEP][PASSED] - dataFile = <not implemented yet for class: org.codehaus.groovy.ast.expr.EmptyExpression>: null

25-10-2024T03:03:59 - [TEST_STEP][PASSED] - nameSheet = <not implemented yet for class: org.codehaus.groovy.ast.expr.EmptyExpression>: null

25-10-2024T03:03:59 - [TEST_STEP][PASSED] - dataFileEmulator = <not implemented yet for class: org.codehaus.groovy.ast.expr.EmptyExpression>: null

25-10-2024T03:03:59 - [TEST_STEP][PASSED] - nameSheet = "MinAmountErrorPC": null

25-10-2024T03:03:59 - [TEST_STEP][PASSED] - dataFile = "IWPTestData/IWP25MinAmountErrorPC": null

25-10-2024T03:03:59 - [TEST_STEP][PASSED] - dataFileEmulator = "IWPTestData/EmulatorData": null

25-10-2024T03:03:59 - [TEST_STEP][PASSED] - numOfRows = findTestData(dataFile).getRowNumbers(): null

25-10-2024T03:03:59 - [TEST_STEP][PASSED] - println("Number of Records: " + numOfRows): null

25-10-2024T03:03:59 - [TEST_STEP][FAILED] - for ([row = 1, row <= numOfRows, (row++)]): null

25-10-2024T03:03:59 - [TEST_STEP][PASSED] - ExecuteTC = findTestData(dataFile).getValue("Execute", row): null

25-10-2024T03:03:59 - [TEST_STEP][PASSED] - out.println("Value of Execute is : " + ExecuteTC): null

25-10-2024T03:03:59 - [TEST_STEP][PASSED] - if (ExecuteTC.equalsIgnoreCase("Y")): null

25-10-2024T03:03:59 - [TEST_STEP][PASSED] - out.println("Begin Record Number: " + row): null

25-10-2024T03:03:59 - [TEST_STEP][PASSED] - today = new java.util.Date(): null

25-10-2024T03:03:59 - [TEST_STEP][PASSED] - println(today): null

25-10-2024T03:03:59 - [TEST_STEP][PASSED] - datText = today: null

25-10-2024T03:03:59 - [TEST_STEP][PASSED] - EmulatorDataKey = findTestData(dataFile).getValue("EmulatorData", row): null

25-10-2024T03:03:59 - [TEST_STEP][PASSED] - out.println("Value of Emulator Key is : " + EmulatorDataKey): null

25-10-2024T03:03:59 - [TEST_STEP][PASSED] - iwpPages.emulatorIWP30.setDataEmulator_DD(EmulatorDataKey): iwpPages.emulatorIWP30.setDataEmulator_DD is PASSED

25-10-2024T03:04:00 - [MESSAGE][INFO] - Starting 'Edge Chromium' driver

25-10-2024T03:04:00 - [MESSAGE][INFO] - User set preference: ['acceptInsecureCerts', 'true']

25-10-2024T03:04:02 - [MESSAGE][INFO] - Action delay is set to 0 milliseconds

25-10-2024T03:04:06 - [MESSAGE][PASSED] - Browser is opened with url: 'https://qa2.velocitypayment.com/agencyx/config.action?action=editor&message_version=2_5'

25-10-2024T03:04:06 - [MESSAGE][PASSED] - Current window maximized

25-10-2024T03:04:37 - [MESSAGE][INFO] - Unable to find the element located by 'By.xpath: //select[@name='message_version']'. Please recheck the objects properties to make sure the desired element is located. 

25-10-2024T03:04:37 - [MESSAGE][WARNING] - [SELF-HEALING] Failed to find element with id 'Object Repository/IWP30/Page_VRelay30Emulator/MV'. Try using Self-healing.

25-10-2024T03:04:37 - [MESSAGE][WARNING] - [SELF-HEALING] The current locator of test object 'Object Repository/IWP30/Page_VRelay30Emulator/MV' was broken. Propose an alternative one: '(.//*[normalize-space(text()) and normalize-space(.)='Message Version'])[1]/following::select[1]'.

25-10-2024T03:04:38 - [MESSAGE][PASSED] - All options with value '2.5' are selected in object 'Object Repository/IWP30/Page_VRelay30Emulator/MV'  using regular expression

25-10-2024T03:04:39 - [MESSAGE][PASSED] - Text '10.50' is set on object 'Object Repository/IWP30/Page_EmulatorAgencyX/Amount'

25-10-2024T03:04:39 - [MESSAGE][PASSED] - Text 'RhWTDxVrk9gT' is set on object 'Object Repository/IWP30/Page_EmulatorAgencyX/CAN'

25-10-2024T03:04:40 - [MESSAGE][PASSED] - Text 'PayNow' is set on object 'Object Repository/IWP30/Page_EmulatorAgencyX/Action'

25-10-2024T03:04:40 - [MESSAGE][PASSED] - Text 'en_US' is set on object 'Object Repository/IWP30/Page_EmulatorAgencyX/Lang'

25-10-2024T03:04:41 - [MESSAGE][PASSED] - Text '' is set on object 'Object Repository/IWP30/Page_EmulatorAgencyX/Fname'

25-10-2024T03:04:42 - [MESSAGE][PASSED] - Text '' is set on object 'Object Repository/IWP30/Page_EmulatorAgencyX/Lname'

25-10-2024T03:04:42 - [MESSAGE][PASSED] - Text '' is set on object 'Object Repository/IWP30/Page_EmulatorAgencyX/AL1'

25-10-2024T03:04:43 - [MESSAGE][PASSED] - Text '' is set on object 'Object Repository/IWP30/Page_EmulatorAgencyX/AL2'

25-10-2024T03:04:43 - [MESSAGE][PASSED] - Text '' is set on object 'Object Repository/IWP30/Page_EmulatorAgencyX/Country'

25-10-2024T03:04:44 - [MESSAGE][PASSED] - Text '' is set on object 'Object Repository/IWP30/Page_EmulatorAgencyX/City'

25-10-2024T03:04:44 - [MESSAGE][PASSED] - Text '' is set on object 'Object Repository/IWP30/Page_EmulatorAgencyX/State'

25-10-2024T03:04:45 - [MESSAGE][PASSED] - Text '' is set on object 'Object Repository/IWP30/Page_EmulatorAgencyX/ZIP'

25-10-2024T03:04:46 - [MESSAGE][PASSED] - Text '' is set on object 'Object Repository/IWP30/Page_EmulatorAgencyX/Order'

25-10-2024T03:04:46 - [MESSAGE][PASSED] - Text '' is set on object 'Object Repository/IWP30/Page_EmulatorAgencyX/Company'

25-10-2024T03:04:47 - [MESSAGE][PASSED] - Text '' is set on object 'Object Repository/IWP30/Page_EmulatorAgencyX/Email'

25-10-2024T03:04:47 - [MESSAGE][PASSED] - Text '' is set on object 'Object Repository/IWP30/Page_EmulatorAgencyX/UDF1'

25-10-2024T03:04:48 - [MESSAGE][PASSED] - Text '' is set on object 'Object Repository/IWP30/Page_EmulatorAgencyX/UDF2'

25-10-2024T03:04:48 - [MESSAGE][PASSED] - Text '' is set on object 'Object Repository/IWP30/Page_EmulatorAgencyX/UDF3'

25-10-2024T03:04:49 - [MESSAGE][PASSED] - Text 'udf data 4' is set on object 'Object Repository/IWP30/Page_EmulatorAgencyX/UDF4'

25-10-2024T03:04:50 - [MESSAGE][PASSED] - Text 'udf data 5' is set on object 'Object Repository/IWP30/Page_EmulatorAgencyX/UDF5'

25-10-2024T03:04:50 - [MESSAGE][PASSED] - Text '' is set on object 'Object Repository/IWP30/Page_EmulatorAgencyX/UDF6'

25-10-2024T03:04:51 - [MESSAGE][PASSED] - Text '' is set on object 'Object Repository/IWP30/Page_EmulatorAgencyX/UDF7'

25-10-2024T03:04:51 - [MESSAGE][PASSED] - Text '' is set on object 'Object Repository/IWP30/Page_EmulatorAgencyX/UDF8'

25-10-2024T03:04:52 - [MESSAGE][PASSED] - Text 'udf data 9' is set on object 'Object Repository/IWP30/Page_EmulatorAgencyX/UDF9'

25-10-2024T03:04:53 - [MESSAGE][PASSED] - Text 'udf data 10' is set on object 'Object Repository/IWP30/Page_EmulatorAgencyX/UDF10'

25-10-2024T03:04:54 - [MESSAGE][PASSED] - Object: 'Object Repository/IWP30/Page_EmulatorAgencyX/Submit' is clicked on

25-10-2024T03:04:58 - [MESSAGE][PASSED] - Browser is closed

25-10-2024T03:05:02 - [MESSAGE][PASSED] - iwpPages.emulatorIWP30.setDataEmulator_DD is PASSED

25-10-2024T03:05:02 - [TEST_STEP][PASSED] - testHarnessURL = urlTestHarness: null

25-10-2024T03:05:02 - [TEST_STEP][PASSED] - openBrowser(testHarnessURL): Browser is opened with url: 'https://dev-algorithm.govolution.com/vrelaytest/QA2/version_2_2/vrelaytest.html'

25-10-2024T03:05:02 - [MESSAGE][INFO] - Starting 'Edge Chromium' driver

25-10-2024T03:05:02 - [MESSAGE][INFO] - User set preference: ['acceptInsecureCerts', 'true']

25-10-2024T03:05:04 - [MESSAGE][INFO] - Action delay is set to 0 milliseconds

25-10-2024T03:05:08 - [MESSAGE][PASSED] - Browser is opened with url: 'https://dev-algorithm.govolution.com/vrelaytest/QA2/version_2_2/vrelaytest.html'

25-10-2024T03:05:08 - [TEST_STEP][PASSED] - maximizeWindow(): Current window maximized

25-10-2024T03:05:08 - [MESSAGE][PASSED] - Current window maximized

25-10-2024T03:05:08 - [TEST_STEP][PASSED] - iwpPages.TestHarnessPage.setDataMethod(row, dataFile): iwpPages.TestHarnessPage.setDataMethod is PASSED

25-10-2024T03:05:08 - [MESSAGE][PASSED] - Object 'Object Repository/IWP30/Page_QATestHarness/RemittanceID' is present

25-10-2024T03:05:09 - [MESSAGE][PASSED] - Text '638' is set on object 'Object Repository/IWP30/Page_QATestHarness/ApplicationID'

25-10-2024T03:05:10 - [MESSAGE][PASSED] - Text '2.5' is set on object 'Object Repository/IWP30/Page_QATestHarness/MessageVersion'

25-10-2024T03:05:10 - [MESSAGE][PASSED] - Text 'i00T7IxGhsiK' is set on object 'Object Repository/IWP30/Page_QATestHarness/RemittanceID'

25-10-2024T03:05:14 - [MESSAGE][PASSED] - Object: 'Object Repository/IWP30/Page_QATestHarness/SubmitButton' is clicked on

25-10-2024T03:05:14 - [MESSAGE][PASSED] - iwpPages.TestHarnessPage.setDataMethod is PASSED

25-10-2024T03:05:14 - [TEST_STEP][PASSED] - click(findTestObject("Object Repository/IWP30/Page_SelectPaymentMethod/PayByPersonalCheck")): Object: 'Object Repository/IWP30/Page_SelectPaymentMethod/PayByPersonalCheck' is clicked on

25-10-2024T03:05:14 - [MESSAGE][PASSED] - Object: 'Object Repository/IWP30/Page_SelectPaymentMethod/PayByPersonalCheck' is clicked on

25-10-2024T03:05:14 - [TEST_STEP][PASSED] - click(findTestObject("Object Repository/IWP30/Page_SelectPaymentMethod/MakePaymentButton")): Object: 'Object Repository/IWP30/Page_SelectPaymentMethod/MakePaymentButton' is clicked on

25-10-2024T03:05:17 - [MESSAGE][PASSED] - Object: 'Object Repository/IWP30/Page_SelectPaymentMethod/MakePaymentButton' is clicked on

25-10-2024T03:05:17 - [TEST_STEP][PASSED] - iwpPages.achPersonalPaymentEntryPage.setDataACHPPM(row, dataFile): iwpPages.achPersonalPaymentEntryPage.setDataACHPPM is PASSED

25-10-2024T03:05:18 - [MESSAGE][PASSED] - Object 'Object Repository/IWP30/Page_ACHPersonalPaymentEntry/txt_accountNumber' is present

25-10-2024T03:05:19 - [MESSAGE][PASSED] - Text '1.50' is set on object 'Object Repository/IWP30/Page_ACHPersonalPaymentEntry/txt_Amount'

25-10-2024T03:05:19 - [MESSAGE][PASSED] - Object 'Object Repository/IWP30/Page_ACHPersonalPaymentEntry/txt_UDF2' is present

25-10-2024T03:05:20 - [MESSAGE][PASSED] - Text 'udf data 2' is set on object 'Object Repository/IWP30/Page_ACHPersonalPaymentEntry/txt_UDF2'

25-10-2024T03:05:20 - [MESSAGE][PASSED] - Text 'udf data 3' is set on object 'Object Repository/IWP30/Page_ACHPersonalPaymentEntry/txt_UDF3'

25-10-2024T03:05:21 - [MESSAGE][PASSED] - All options with label 'Orange' are selected in object 'Object Repository/IWP30/Page_ACHPersonalPaymentEntry/dd_UDF7' 

25-10-2024T03:05:21 - [MESSAGE][PASSED] - All options with label 'Soccer' are selected in object 'Object Repository/IWP30/Page_ACHPersonalPaymentEntry/dd_UDF8' 

25-10-2024T03:05:22 - [MESSAGE][PASSED] - Object 'Object Repository/IWP30/Page_ACHPersonalPaymentEntry/txt_Firstname' is present

25-10-2024T03:05:22 - [MESSAGE][PASSED] - Text 'Elizath' is set on object 'Object Repository/IWP30/Page_ACHPersonalPaymentEntry/txt_Firstname'

25-10-2024T03:05:22 - [MESSAGE][PASSED] - Object 'Object Repository/IWP30/Page_ACHPersonalPaymentEntry/txt_Lastname' is present

25-10-2024T03:05:23 - [MESSAGE][PASSED] - Text 'Christine' is set on object 'Object Repository/IWP30/Page_ACHPersonalPaymentEntry/txt_Lastname'

25-10-2024T03:05:23 - [MESSAGE][PASSED] - Object 'Object Repository/IWP30/Page_ACHPersonalPaymentEntry/txt_routingNumber' is present

25-10-2024T03:05:24 - [MESSAGE][PASSED] - Text '256072691' is set on object 'Object Repository/IWP30/Page_ACHPersonalPaymentEntry/txt_routingNumber'

25-10-2024T03:05:24 - [MESSAGE][PASSED] - Object 'Object Repository/IWP30/Page_ACHPersonalPaymentEntry/txt_accountNumber' is present

25-10-2024T03:05:26 - [MESSAGE][PASSED] - Text '12344444' is set on object 'Object Repository/IWP30/Page_ACHPersonalPaymentEntry/txt_accountNumber'

25-10-2024T03:05:26 - [MESSAGE][PASSED] - Object 'Object Repository/IWP30/Page_ACHPersonalPaymentEntry/txt_confirmAccountNumber' is present

25-10-2024T03:05:27 - [MESSAGE][PASSED] - Text '12344444' is set on object 'Object Repository/IWP30/Page_ACHPersonalPaymentEntry/txt_confirmAccountNumber'

25-10-2024T03:05:27 - [MESSAGE][PASSED] - Object 'Object Repository/IWP30/Page_ACHPersonalPaymentEntry/rd_accountType' is present

25-10-2024T03:05:27 - [MESSAGE][PASSED] - Modify property of object successfully

25-10-2024T03:05:27 - [MESSAGE][PASSED] - Object: 'Object Repository/IWP30/Page_ACHPersonalPaymentEntry/rd_accountType' is clicked on

25-10-2024T03:05:28 - [MESSAGE][PASSED] - Text '365 Main Avenue' is set on object 'Object Repository/IWP30/Page_ACHPersonalPaymentEntry/txt_AL1'

25-10-2024T03:05:29 - [MESSAGE][PASSED] - Text '22201' is set on object 'Object Repository/IWP30/Page_ACHPersonalPaymentEntry/txt_ZIP'

25-10-2024T03:05:29 - [MESSAGE][PASSED] - Object 'Object Repository/IWP30/Page_ACHPersonalPaymentEntry/txt_Email' is present

25-10-2024T03:05:30 - [MESSAGE][PASSED] - Text 'iahmed@govolution.com' is set on object 'Object Repository/IWP30/Page_ACHPersonalPaymentEntry/txt_Email'

25-10-2024T03:05:30 - [MESSAGE][PASSED] - Object 'Object Repository/IWP30/Page_ACHPersonalPaymentEntry/cb_TermsAndCond' is present

25-10-2024T03:05:30 - [MESSAGE][PASSED] - Object: 'Object Repository/IWP30/Page_ACHPersonalPaymentEntry/cb_TermsAndCond' is clicked on

25-10-2024T03:05:31 - [MESSAGE][PASSED] - Object 'Object Repository/IWP30/Page_ACHPersonalPaymentEntry/btn_Continue' is present

25-10-2024T03:05:33 - [MESSAGE][PASSED] - Object: 'Object Repository/IWP30/Page_ACHPersonalPaymentEntry/btn_Continue' is clicked on

25-10-2024T03:05:33 - [MESSAGE][PASSED] - iwpPages.achPersonalPaymentEntryPage.setDataACHPPM is PASSED

25-10-2024T03:05:33 - [TEST_STEP][PASSED] - Thread.sleep(10000): null

25-10-2024T03:05:43 - [TEST_STEP][PASSED] - if (verifyTextPresent("Amount is less than minimum", false)): null

25-10-2024T03:05:43 - [MESSAGE][PASSED] - Text 'Amount is less than minimum' is present on page 

25-10-2024T03:05:43 - [TEST_STEP][PASSED] - println("Min Amount Error message shown"): null

25-10-2024T03:05:43 - [TEST_STEP][PASSED] - markPassed("Min Amount Error message shown"): Min Amount Error message shown

25-10-2024T03:05:43 - [MESSAGE][PASSED] - Min Amount Error message shown

25-10-2024T03:05:43 - [TEST_STEP][PASSED] - resText = "Pass": null

25-10-2024T03:05:43 - [TEST_STEP][PASSED] - pages.WriteExcel.demoKey(resText, datText, resColumn, datCloumn, fileLoc, nameSheet, row): pages.WriteExcel.demoKey is PASSED

25-10-2024T03:05:44 - [MESSAGE][PASSED] - pages.WriteExcel.demoKey is PASSED

25-10-2024T03:05:44 - [TEST_STEP][PASSED] - closeBrowser(): Browser is closed

25-10-2024T03:05:44 - [MESSAGE][PASSED] - Browser is closed

25-10-2024T03:05:44 - [TEST_STEP][PASSED] - ExecuteTC = findTestData(dataFile).getValue("Execute", row): null

25-10-2024T03:05:44 - [TEST_STEP][PASSED] - out.println("Value of Execute is : " + ExecuteTC): null

25-10-2024T03:05:44 - [TEST_STEP][FAILED] - if (ExecuteTC.equalsIgnoreCase("Y")): null

25-10-2024T03:05:44 - [TEST_STEP][PASSED] - out.println("Begin Record Number: " + row): null

25-10-2024T03:05:44 - [TEST_STEP][PASSED] - today = new java.util.Date(): null

25-10-2024T03:05:44 - [TEST_STEP][PASSED] - println(today): null

25-10-2024T03:05:44 - [TEST_STEP][PASSED] - datText = today: null

25-10-2024T03:05:44 - [TEST_STEP][PASSED] - EmulatorDataKey = findTestData(dataFile).getValue("EmulatorData", row): null

25-10-2024T03:05:44 - [TEST_STEP][PASSED] - out.println("Value of Emulator Key is : " + EmulatorDataKey): null

25-10-2024T03:05:44 - [TEST_STEP][PASSED] - iwpPages.emulatorIWP30.setDataEmulator_DD(EmulatorDataKey): iwpPages.emulatorIWP30.setDataEmulator_DD is PASSED

25-10-2024T03:05:45 - [MESSAGE][INFO] - Starting 'Edge Chromium' driver

25-10-2024T03:05:45 - [MESSAGE][INFO] - User set preference: ['acceptInsecureCerts', 'true']

25-10-2024T03:05:47 - [MESSAGE][INFO] - Action delay is set to 0 milliseconds

25-10-2024T03:05:50 - [MESSAGE][PASSED] - Browser is opened with url: 'https://qa2.velocitypayment.com/agencyx/config.action?action=editor&message_version=3_0'

25-10-2024T03:05:50 - [MESSAGE][PASSED] - Current window maximized

25-10-2024T03:06:21 - [MESSAGE][INFO] - Unable to find the element located by 'By.xpath: //select[@name='message_version']'. Please recheck the objects properties to make sure the desired element is located. 

25-10-2024T03:06:21 - [MESSAGE][WARNING] - [SELF-HEALING] Failed to find element with id 'Object Repository/IWP30/Page_VRelay30Emulator/MV'. Try using Self-healing.

25-10-2024T03:06:22 - [MESSAGE][WARNING] - [SELF-HEALING] The current locator of test object 'Object Repository/IWP30/Page_VRelay30Emulator/MV' was broken. Propose an alternative one: '(.//*[normalize-space(text()) and normalize-space(.)='Message Version'])[1]/following::select[1]'.

25-10-2024T03:06:22 - [MESSAGE][PASSED] - All options with value '3.0' are selected in object 'Object Repository/IWP30/Page_VRelay30Emulator/MV'  using regular expression

25-10-2024T03:06:23 - [MESSAGE][PASSED] - Text '10.50' is set on object 'Object Repository/IWP30/Page_EmulatorAgencyX/Amount'

25-10-2024T03:06:24 - [MESSAGE][PASSED] - Text 'HzaxQqDzVWVV' is set on object 'Object Repository/IWP30/Page_EmulatorAgencyX/CAN'

25-10-2024T03:06:24 - [MESSAGE][PASSED] - Text 'PayNow' is set on object 'Object Repository/IWP30/Page_EmulatorAgencyX/Action'

25-10-2024T03:06:25 - [MESSAGE][PASSED] - Text 'en_US' is set on object 'Object Repository/IWP30/Page_EmulatorAgencyX/Lang'

25-10-2024T03:06:25 - [MESSAGE][PASSED] - Text '' is set on object 'Object Repository/IWP30/Page_EmulatorAgencyX/Fname'

25-10-2024T03:06:26 - [MESSAGE][PASSED] - Text '' is set on object 'Object Repository/IWP30/Page_EmulatorAgencyX/Lname'

25-10-2024T03:06:26 - [MESSAGE][PASSED] - Text '' is set on object 'Object Repository/IWP30/Page_EmulatorAgencyX/AL1'

25-10-2024T03:06:27 - [MESSAGE][PASSED] - Text '' is set on object 'Object Repository/IWP30/Page_EmulatorAgencyX/AL2'

25-10-2024T03:06:28 - [MESSAGE][PASSED] - Text '' is set on object 'Object Repository/IWP30/Page_EmulatorAgencyX/Country'

25-10-2024T03:06:28 - [MESSAGE][PASSED] - Text '' is set on object 'Object Repository/IWP30/Page_EmulatorAgencyX/City'

25-10-2024T03:06:29 - [MESSAGE][PASSED] - Text '' is set on object 'Object Repository/IWP30/Page_EmulatorAgencyX/State'

25-10-2024T03:06:29 - [MESSAGE][PASSED] - Text '' is set on object 'Object Repository/IWP30/Page_EmulatorAgencyX/ZIP'

25-10-2024T03:06:30 - [MESSAGE][PASSED] - Text '' is set on object 'Object Repository/IWP30/Page_EmulatorAgencyX/Order'

25-10-2024T03:06:30 - [MESSAGE][PASSED] - Text '' is set on object 'Object Repository/IWP30/Page_EmulatorAgencyX/Company'

25-10-2024T03:06:31 - [MESSAGE][PASSED] - Text '' is set on object 'Object Repository/IWP30/Page_EmulatorAgencyX/Email'

25-10-2024T03:06:32 - [MESSAGE][PASSED] - Text '' is set on object 'Object Repository/IWP30/Page_EmulatorAgencyX/UDF1'

25-10-2024T03:06:32 - [MESSAGE][PASSED] - Text '' is set on object 'Object Repository/IWP30/Page_EmulatorAgencyX/UDF2'

25-10-2024T03:06:33 - [MESSAGE][PASSED] - Text '' is set on object 'Object Repository/IWP30/Page_EmulatorAgencyX/UDF3'

25-10-2024T03:06:33 - [MESSAGE][PASSED] - Text 'udf data 4' is set on object 'Object Repository/IWP30/Page_EmulatorAgencyX/UDF4'

25-10-2024T03:06:34 - [MESSAGE][PASSED] - Text 'udf data 5' is set on object 'Object Repository/IWP30/Page_EmulatorAgencyX/UDF5'

25-10-2024T03:06:34 - [MESSAGE][PASSED] - Text '' is set on object 'Object Repository/IWP30/Page_EmulatorAgencyX/UDF6'

25-10-2024T03:06:35 - [MESSAGE][PASSED] - Text '' is set on object 'Object Repository/IWP30/Page_EmulatorAgencyX/UDF7'

25-10-2024T03:06:36 - [MESSAGE][PASSED] - Text '' is set on object 'Object Repository/IWP30/Page_EmulatorAgencyX/UDF8'

25-10-2024T03:06:36 - [MESSAGE][PASSED] - Text 'udf data 9' is set on object 'Object Repository/IWP30/Page_EmulatorAgencyX/UDF9'

25-10-2024T03:06:37 - [MESSAGE][PASSED] - Text 'udf data 10' is set on object 'Object Repository/IWP30/Page_EmulatorAgencyX/UDF10'

25-10-2024T03:06:38 - [MESSAGE][PASSED] - Object: 'Object Repository/IWP30/Page_EmulatorAgencyX/Submit' is clicked on

25-10-2024T03:06:43 - [MESSAGE][PASSED] - Browser is closed

25-10-2024T03:06:47 - [MESSAGE][PASSED] - iwpPages.emulatorIWP30.setDataEmulator_DD is PASSED

25-10-2024T03:06:47 - [TEST_STEP][PASSED] - testHarnessURL = urlTestHarness: null

25-10-2024T03:06:47 - [TEST_STEP][PASSED] - openBrowser(testHarnessURL): Browser is opened with url: 'https://dev-algorithm.govolution.com/vrelaytest/QA2/version_2_2/vrelaytest.html'

25-10-2024T03:06:47 - [MESSAGE][INFO] - Starting 'Edge Chromium' driver

25-10-2024T03:06:47 - [MESSAGE][INFO] - User set preference: ['acceptInsecureCerts', 'true']

25-10-2024T03:06:49 - [MESSAGE][INFO] - Action delay is set to 0 milliseconds

25-10-2024T03:06:52 - [MESSAGE][PASSED] - Browser is opened with url: 'https://dev-algorithm.govolution.com/vrelaytest/QA2/version_2_2/vrelaytest.html'

25-10-2024T03:06:52 - [TEST_STEP][PASSED] - maximizeWindow(): Current window maximized

25-10-2024T03:06:52 - [MESSAGE][PASSED] - Current window maximized

25-10-2024T03:06:52 - [TEST_STEP][PASSED] - iwpPages.TestHarnessPage.setDataMethod(row, dataFile): iwpPages.TestHarnessPage.setDataMethod is PASSED

25-10-2024T03:06:53 - [MESSAGE][PASSED] - Object 'Object Repository/IWP30/Page_QATestHarness/RemittanceID' is present

25-10-2024T03:06:53 - [MESSAGE][PASSED] - Text '649' is set on object 'Object Repository/IWP30/Page_QATestHarness/ApplicationID'

25-10-2024T03:06:54 - [MESSAGE][PASSED] - Text '3.0' is set on object 'Object Repository/IWP30/Page_QATestHarness/MessageVersion'

25-10-2024T03:06:55 - [MESSAGE][PASSED] - Text 'HaVXUizPhker' is set on object 'Object Repository/IWP30/Page_QATestHarness/RemittanceID'

25-10-2024T03:06:58 - [MESSAGE][PASSED] - Object: 'Object Repository/IWP30/Page_QATestHarness/SubmitButton' is clicked on

25-10-2024T03:06:58 - [MESSAGE][PASSED] - iwpPages.TestHarnessPage.setDataMethod is PASSED

25-10-2024T03:06:58 - [TEST_STEP][PASSED] - click(findTestObject("Object Repository/IWP30/Page_SelectPaymentMethod/PayByPersonalCheck")): Object: 'Object Repository/IWP30/Page_SelectPaymentMethod/PayByPersonalCheck' is clicked on

25-10-2024T03:06:58 - [MESSAGE][PASSED] - Object: 'Object Repository/IWP30/Page_SelectPaymentMethod/PayByPersonalCheck' is clicked on

25-10-2024T03:06:58 - [TEST_STEP][PASSED] - click(findTestObject("Object Repository/IWP30/Page_SelectPaymentMethod/MakePaymentButton")): Object: 'Object Repository/IWP30/Page_SelectPaymentMethod/MakePaymentButton' is clicked on

25-10-2024T03:07:01 - [MESSAGE][PASSED] - Object: 'Object Repository/IWP30/Page_SelectPaymentMethod/MakePaymentButton' is clicked on

25-10-2024T03:07:01 - [TEST_STEP][PASSED] - iwpPages.achPersonalPaymentEntryPage.setDataACHPPM(row, dataFile): iwpPages.achPersonalPaymentEntryPage.setDataACHPPM is PASSED

25-10-2024T03:07:02 - [MESSAGE][PASSED] - Object 'Object Repository/IWP30/Page_ACHPersonalPaymentEntry/txt_accountNumber' is present

25-10-2024T03:07:02 - [MESSAGE][PASSED] - Text '200.50' is set on object 'Object Repository/IWP30/Page_ACHPersonalPaymentEntry/txt_Amount'

25-10-2024T03:07:03 - [MESSAGE][PASSED] - Object 'Object Repository/IWP30/Page_ACHPersonalPaymentEntry/txt_UDF2' is present

25-10-2024T03:07:03 - [MESSAGE][PASSED] - Text 'udf data 2' is set on object 'Object Repository/IWP30/Page_ACHPersonalPaymentEntry/txt_UDF2'

25-10-2024T03:07:04 - [MESSAGE][PASSED] - Text 'udf data 3' is set on object 'Object Repository/IWP30/Page_ACHPersonalPaymentEntry/txt_UDF3'

25-10-2024T03:07:04 - [MESSAGE][PASSED] - All options with label 'Orange' are selected in object 'Object Repository/IWP30/Page_ACHPersonalPaymentEntry/dd_UDF7' 

25-10-2024T03:07:05 - [MESSAGE][PASSED] - All options with label 'Soccer' are selected in object 'Object Repository/IWP30/Page_ACHPersonalPaymentEntry/dd_UDF8' 

25-10-2024T03:07:05 - [MESSAGE][PASSED] - Object 'Object Repository/IWP30/Page_ACHPersonalPaymentEntry/txt_Firstname' is present

25-10-2024T03:07:06 - [MESSAGE][PASSED] - Text '256072691' is set on object 'Object Repository/IWP30/Page_ACHPersonalPaymentEntry/txt_Firstname'

25-10-2024T03:07:06 - [MESSAGE][PASSED] - Object 'Object Repository/IWP30/Page_ACHPersonalPaymentEntry/txt_Lastname' is present

25-10-2024T03:07:07 - [MESSAGE][PASSED] - Text '12344444' is set on object 'Object Repository/IWP30/Page_ACHPersonalPaymentEntry/txt_Lastname'

25-10-2024T03:07:07 - [MESSAGE][PASSED] - Object 'Object Repository/IWP30/Page_ACHPersonalPaymentEntry/txt_routingNumber' is present

25-10-2024T03:07:07 - [MESSAGE][PASSED] - Text '123456789' is set on object 'Object Repository/IWP30/Page_ACHPersonalPaymentEntry/txt_routingNumber'

25-10-2024T03:07:08 - [MESSAGE][PASSED] - Object 'Object Repository/IWP30/Page_ACHPersonalPaymentEntry/txt_accountNumber' is present

25-10-2024T03:07:09 - [MESSAGE][PASSED] - Text '365 Main Avenue' is set on object 'Object Repository/IWP30/Page_ACHPersonalPaymentEntry/txt_accountNumber'

25-10-2024T03:07:09 - [MESSAGE][PASSED] - Object 'Object Repository/IWP30/Page_ACHPersonalPaymentEntry/txt_confirmAccountNumber' is present

25-10-2024T03:07:09 - [MESSAGE][PASSED] - Object 'Object Repository/IWP30/Page_ACHPersonalPaymentEntry/rd_accountType' is present

25-10-2024T03:07:10 - [MESSAGE][PASSED] - Text 'iahmed@govolution.com' is set on object 'Object Repository/IWP30/Page_ACHPersonalPaymentEntry/txt_AL1'

25-10-2024T03:07:10 - [MESSAGE][PASSED] - Object 'Object Repository/IWP30/Page_ACHPersonalPaymentEntry/txt_Email' is present

25-10-2024T03:07:10 - [MESSAGE][PASSED] - Object 'Object Repository/IWP30/Page_ACHPersonalPaymentEntry/cb_TermsAndCond' is present

25-10-2024T03:07:11 - [MESSAGE][PASSED] - Object: 'Object Repository/IWP30/Page_ACHPersonalPaymentEntry/cb_TermsAndCond' is clicked on

25-10-2024T03:07:11 - [MESSAGE][PASSED] - Object 'Object Repository/IWP30/Page_ACHPersonalPaymentEntry/btn_Continue' is present

25-10-2024T03:07:13 - [MESSAGE][PASSED] - Object: 'Object Repository/IWP30/Page_ACHPersonalPaymentEntry/btn_Continue' is clicked on

25-10-2024T03:07:13 - [MESSAGE][PASSED] - iwpPages.achPersonalPaymentEntryPage.setDataACHPPM is PASSED

25-10-2024T03:07:13 - [TEST_STEP][PASSED] - Thread.sleep(10000): null

25-10-2024T03:07:23 - [TEST_STEP][FAILED] - if (verifyTextPresent("Amount is less than minimum", false)): Text 'Amount is less than minimum' is not present on page  (Root cause: com.kms.katalon.core.exception.StepFailedException: Text 'Amount is less than minimum' is not present on page 
	at com.kms.katalon.core.webui.keyword.internal.WebUIKeywordMain.stepFailed(WebUIKeywordMain.groovy:64)
	at com.kms.katalon.core.webui.keyword.builtin.VerifyTextPresentKeyword$_verifyTextPresent_closure1.doCall(VerifyTextPresentKeyword.groovy:79)
	at com.kms.katalon.core.webui.keyword.builtin.VerifyTextPresentKeyword$_verifyTextPresent_closure1.call(VerifyTextPresentKeyword.groovy)
	at com.kms.katalon.core.webui.keyword.internal.WebUIKeywordMain.runKeyword(WebUIKeywordMain.groovy:20)
	at com.kms.katalon.core.webui.keyword.builtin.VerifyTextPresentKeyword.verifyTextPresent(VerifyTextPresentKeyword.groovy:83)
	at com.kms.katalon.core.webui.keyword.builtin.VerifyTextPresentKeyword.execute(VerifyTextPresentKeyword.groovy:68)
	at com.kms.katalon.core.keyword.internal.KeywordExecutor.executeKeywordForPlatform(KeywordExecutor.groovy:74)
	at com.kms.katalon.core.webui.keyword.WebUiBuiltInKeywords.verifyTextPresent(WebUiBuiltInKeywords.groovy:1762)
	at MinAmountErrorPC.run(MinAmountErrorPC:86)
	at com.kms.katalon.core.main.ScriptEngine.run(ScriptEngine.java:194)
	at com.kms.katalon.core.main.ScriptEngine.runScriptAsRawText(ScriptEngine.java:119)
	at com.kms.katalon.core.main.TestCaseExecutor.runScript(TestCaseExecutor.java:448)
	at com.kms.katalon.core.main.TestCaseExecutor.doExecute(TestCaseExecutor.java:439)
	at com.kms.katalon.core.main.TestCaseExecutor.processExecutionPhase(TestCaseExecutor.java:418)
	at com.kms.katalon.core.main.TestCaseExecutor.accessMainPhase(TestCaseExecutor.java:410)
	at com.kms.katalon.core.main.TestCaseExecutor.execute(TestCaseExecutor.java:285)
	at com.kms.katalon.core.common.CommonExecutor.accessTestCaseMainPhase(CommonExecutor.java:65)
	at com.kms.katalon.core.main.TestSuiteExecutor.accessTestSuiteMainPhase(TestSuiteExecutor.java:150)
	at com.kms.katalon.core.main.TestSuiteExecutor.execute(TestSuiteExecutor.java:106)
	at com.kms.katalon.core.main.TestCaseMain.startTestSuite(TestCaseMain.java:180)
	at TempTestSuite1729787045812.run(TempTestSuite1729787045812.groovy:35)
	at java.base/jdk.internal.reflect.NativeMethodAccessorImpl.invoke0(Native Method)
	at java.base/jdk.internal.reflect.NativeMethodAccessorImpl.invoke(NativeMethodAccessorImpl.java:77)
	at java.base/jdk.internal.reflect.DelegatingMethodAccessorImpl.invoke(DelegatingMethodAccessorImpl.java:43)
)

25-10-2024T03:07:23 - [MESSAGE][FAILED] - Text 'Amount is less than minimum' is not present on page  (Root cause: com.kms.katalon.core.exception.StepFailedException: Text 'Amount is less than minimum' is not present on page 
	at com.kms.katalon.core.webui.keyword.internal.WebUIKeywordMain.stepFailed(WebUIKeywordMain.groovy:64)
	at com.kms.katalon.core.webui.keyword.builtin.VerifyTextPresentKeyword$_verifyTextPresent_closure1.doCall(VerifyTextPresentKeyword.groovy:79)
	at com.kms.katalon.core.webui.keyword.builtin.VerifyTextPresentKeyword$_verifyTextPresent_closure1.call(VerifyTextPresentKeyword.groovy)
	at com.kms.katalon.core.webui.keyword.internal.WebUIKeywordMain.runKeyword(WebUIKeywordMain.groovy:20)
	at com.kms.katalon.core.webui.keyword.builtin.VerifyTextPresentKeyword.verifyTextPresent(VerifyTextPresentKeyword.groovy:83)
	at com.kms.katalon.core.webui.keyword.builtin.VerifyTextPresentKeyword.execute(VerifyTextPresentKeyword.groovy:68)
	at com.kms.katalon.core.keyword.internal.KeywordExecutor.executeKeywordForPlatform(KeywordExecutor.groovy:74)
	at com.kms.katalon.core.webui.keyword.WebUiBuiltInKeywords.verifyTextPresent(WebUiBuiltInKeywords.groovy:1762)
	at MinAmountErrorPC.run(MinAmountErrorPC:86)
	at com.kms.katalon.core.main.ScriptEngine.run(ScriptEngine.java:194)
	at com.kms.katalon.core.main.ScriptEngine.runScriptAsRawText(ScriptEngine.java:119)
	at com.kms.katalon.core.main.TestCaseExecutor.runScript(TestCaseExecutor.java:448)
	at com.kms.katalon.core.main.TestCaseExecutor.doExecute(TestCaseExecutor.java:439)
	at com.kms.katalon.core.main.TestCaseExecutor.processExecutionPhase(TestCaseExecutor.java:418)
	at com.kms.katalon.core.main.TestCaseExecutor.accessMainPhase(TestCaseExecutor.java:410)
	at com.kms.katalon.core.main.TestCaseExecutor.execute(TestCaseExecutor.java:285)
	at com.kms.katalon.core.common.CommonExecutor.accessTestCaseMainPhase(CommonExecutor.java:65)
	at com.kms.katalon.core.main.TestSuiteExecutor.accessTestSuiteMainPhase(TestSuiteExecutor.java:150)
	at com.kms.katalon.core.main.TestSuiteExecutor.execute(TestSuiteExecutor.java:106)
	at com.kms.katalon.core.main.TestCaseMain.startTestSuite(TestCaseMain.java:180)
	at TempTestSuite1729787045812.run(TempTestSuite1729787045812.groovy:35)
	at java.base/jdk.internal.reflect.NativeMethodAccessorImpl.invoke0(Native Method)
	at java.base/jdk.internal.reflect.NativeMethodAccessorImpl.invoke(NativeMethodAccessorImpl.java:77)
	at java.base/jdk.internal.reflect.DelegatingMethodAccessorImpl.invoke(DelegatingMethodAccessorImpl.java:43)
)

25-10-2024T03:07:23 - [TEST_STEP][PASSED] - else: pages.WriteExcel.demoKey is PASSED

25-10-2024T03:07:23 - [TEST_STEP][PASSED] - println("Min Amount Error message not shown"): null

25-10-2024T03:07:23 - [TEST_STEP][PASSED] - resText = "Fail": null

25-10-2024T03:07:23 - [TEST_STEP][PASSED] - pages.WriteExcel.demoKey(resText, datText, resColumn, datCloumn, fileLoc, nameSheet, row): pages.WriteExcel.demoKey is PASSED

25-10-2024T03:07:23 - [MESSAGE][PASSED] - pages.WriteExcel.demoKey is PASSED

25-10-2024T03:07:23 - [TEST_STEP][PASSED] - closeBrowser(): Browser is closed

25-10-2024T03:07:24 - [MESSAGE][PASSED] - Browser is closed]]></system-out>
         <system-err><![CDATA[25-10-2024T03:03:59 - [TEST_CASE][FAILED] - Test Cases/IntegratedWeb/IWP25/Error/MinAmountErrorPC: Test Cases/IntegratedWeb/IWP25/Error/MinAmountErrorPC FAILED.
Reason:
com.kms.katalon.core.exception.StepFailedException: Text 'Amount is less than minimum' is not present on page  (Root cause: com.kms.katalon.core.exception.StepFailedException: Text 'Amount is less than minimum' is not present on page 
	at com.kms.katalon.core.webui.keyword.internal.WebUIKeywordMain.stepFailed(WebUIKeywordMain.groovy:64)
	at com.kms.katalon.core.webui.keyword.builtin.VerifyTextPresentKeyword$_verifyTextPresent_closure1.doCall(VerifyTextPresentKeyword.groovy:79)
	at com.kms.katalon.core.webui.keyword.builtin.VerifyTextPresentKeyword$_verifyTextPresent_closure1.call(VerifyTextPresentKeyword.groovy)
	at com.kms.katalon.core.webui.keyword.internal.WebUIKeywordMain.runKeyword(WebUIKeywordMain.groovy:20)
	at com.kms.katalon.core.webui.keyword.builtin.VerifyTextPresentKeyword.verifyTextPresent(VerifyTextPresentKeyword.groovy:83)
	at com.kms.katalon.core.webui.keyword.builtin.VerifyTextPresentKeyword.execute(VerifyTextPresentKeyword.groovy:68)
	at com.kms.katalon.core.keyword.internal.KeywordExecutor.executeKeywordForPlatform(KeywordExecutor.groovy:74)
	at com.kms.katalon.core.webui.keyword.WebUiBuiltInKeywords.verifyTextPresent(WebUiBuiltInKeywords.groovy:1762)
	at MinAmountErrorPC.run(MinAmountErrorPC:86)
	at com.kms.katalon.core.main.ScriptEngine.run(ScriptEngine.java:194)
	at com.kms.katalon.core.main.ScriptEngine.runScriptAsRawText(ScriptEngine.java:119)
	at com.kms.katalon.core.main.TestCaseExecutor.runScript(TestCaseExecutor.java:448)
	at com.kms.katalon.core.main.TestCaseExecutor.doExecute(TestCaseExecutor.java:439)
	at com.kms.katalon.core.main.TestCaseExecutor.processExecutionPhase(TestCaseExecutor.java:418)
	at com.kms.katalon.core.main.TestCaseExecutor.accessMainPhase(TestCaseExecutor.java:410)
	at com.kms.katalon.core.main.TestCaseExecutor.execute(TestCaseExecutor.java:285)
	at com.kms.katalon.core.common.CommonExecutor.accessTestCaseMainPhase(CommonExecutor.java:65)
	at com.kms.katalon.core.main.TestSuiteExecutor.accessTestSuiteMainPhase(TestSuiteExecutor.java:150)
	at com.kms.katalon.core.main.TestSuiteExecutor.execute(TestSuiteExecutor.java:106)
	at com.kms.katalon.core.main.TestCaseMain.startTestSuite(TestCaseMain.java:180)
	at TempTestSuite1729787045812.run(TempTestSuite1729787045812.groovy:35)
	at java.base/jdk.internal.reflect.NativeMethodAccessorImpl.invoke0(Native Method)
	at java.base/jdk.internal.reflect.NativeMethodAccessorImpl.invoke(NativeMethodAccessorImpl.java:77)
	at java.base/jdk.internal.reflect.DelegatingMethodAccessorImpl.invoke(DelegatingMethodAccessorImpl.java:43)
)
	at com.kms.katalon.core.keyword.internal.KeywordMain.stepFailed(KeywordMain.groovy:39)
	at com.kms.katalon.core.webui.keyword.internal.WebUIKeywordMain.stepFailed(WebUIKeywordMain.groovy:64)
	at com.kms.katalon.core.webui.keyword.builtin.VerifyTextPresentKeyword$_verifyTextPresent_closure1.doCall(VerifyTextPresentKeyword.groovy:79)
	at com.kms.katalon.core.webui.keyword.builtin.VerifyTextPresentKeyword$_verifyTextPresent_closure1.call(VerifyTextPresentKeyword.groovy)
	at com.kms.katalon.core.webui.keyword.internal.WebUIKeywordMain.runKeyword(WebUIKeywordMain.groovy:20)
	at com.kms.katalon.core.webui.keyword.builtin.VerifyTextPresentKeyword.verifyTextPresent(VerifyTextPresentKeyword.groovy:83)
	at com.kms.katalon.core.webui.keyword.builtin.VerifyTextPresentKeyword.execute(VerifyTextPresentKeyword.groovy:68)
	at com.kms.katalon.core.keyword.internal.KeywordExecutor.executeKeywordForPlatform(KeywordExecutor.groovy:74)
	at com.kms.katalon.core.webui.keyword.WebUiBuiltInKeywords.verifyTextPresent(WebUiBuiltInKeywords.groovy:1762)
	at MinAmountErrorPC.run(MinAmountErrorPC:86)
	at com.kms.katalon.core.main.ScriptEngine.run(ScriptEngine.java:194)
	at com.kms.katalon.core.main.ScriptEngine.runScriptAsRawText(ScriptEngine.java:119)
	at com.kms.katalon.core.main.TestCaseExecutor.runScript(TestCaseExecutor.java:448)
	at com.kms.katalon.core.main.TestCaseExecutor.doExecute(TestCaseExecutor.java:439)
	at com.kms.katalon.core.main.TestCaseExecutor.processExecutionPhase(TestCaseExecutor.java:418)
	at com.kms.katalon.core.main.TestCaseExecutor.accessMainPhase(TestCaseExecutor.java:410)
	at com.kms.katalon.core.main.TestCaseExecutor.execute(TestCaseExecutor.java:285)
	at com.kms.katalon.core.common.CommonExecutor.accessTestCaseMainPhase(CommonExecutor.java:65)
	at com.kms.katalon.core.main.TestSuiteExecutor.accessTestSuiteMainPhase(TestSuiteExecutor.java:150)
	at com.kms.katalon.core.main.TestSuiteExecutor.execute(TestSuiteExecutor.java:106)
	at com.kms.katalon.core.main.TestCaseMain.startTestSuite(TestCaseMain.java:180)
	at TempTestSuite1729787045812.run(TempTestSuite1729787045812.groovy:35)
	at java.base/jdk.internal.reflect.NativeMethodAccessorImpl.invoke0(Native Method)
	at java.base/jdk.internal.reflect.NativeMethodAccessorImpl.invoke(NativeMethodAccessorImpl.java:77)
	at java.base/jdk.internal.reflect.DelegatingMethodAccessorImpl.invoke(DelegatingMethodAccessorImpl.java:43)
Caused by: com.kms.katalon.core.exception.StepFailedException: Text 'Amount is less than minimum' is not present on page 
	... 24 more]]></system-err>
      </testcase>
      <testcase name="Test Cases/IntegratedWeb/IWP25/Error/MinAmountErrorPS" time="205.114" classname="Test Cases/IntegratedWeb/IWP25/Error/MinAmountErrorPS" status="FAILED">
         <failure type="FAILED" message="Test Cases/IntegratedWeb/IWP25/Error/MinAmountErrorPS FAILED.&#xa;Reason:&#xa;com.kms.katalon.core.exception.StepFailedException: Text 'Amount is less than minimum' is not present on page  (Root cause: com.kms.katalon.core.exception.StepFailedException: Text 'Amount is less than minimum' is not present on page &#xa;	at com.kms.katalon.core.webui.keyword.internal.WebUIKeywordMain.stepFailed(WebUIKeywordMain.groovy:64)&#xa;	at com.kms.katalon.core.webui.keyword.builtin.VerifyTextPresentKeyword$_verifyTextPresent_closure1.doCall(VerifyTextPresentKeyword.groovy:79)&#xa;	at com.kms.katalon.core.webui.keyword.builtin.VerifyTextPresentKeyword$_verifyTextPresent_closure1.call(VerifyTextPresentKeyword.groovy)&#xa;	at com.kms.katalon.core.webui.keyword.internal.WebUIKeywordMain.runKeyword(WebUIKeywordMain.groovy:20)&#xa;	at com.kms.katalon.core.webui.keyword.builtin.VerifyTextPresentKeyword.verifyTextPresent(VerifyTextPresentKeyword.groovy:83)&#xa;	at com.kms.katalon.core.webui.keyword.builtin.VerifyTextPresentKeyword.execute(VerifyTextPresentKeyword.groovy:68)&#xa;	at com.kms.katalon.core.keyword.internal.KeywordExecutor.executeKeywordForPlatform(KeywordExecutor.groovy:74)&#xa;	at com.kms.katalon.core.webui.keyword.WebUiBuiltInKeywords.verifyTextPresent(WebUiBuiltInKeywords.groovy:1762)&#xa;	at MinAmountErrorPS.run(MinAmountErrorPS:86)&#xa;	at com.kms.katalon.core.main.ScriptEngine.run(ScriptEngine.java:194)&#xa;	at com.kms.katalon.core.main.ScriptEngine.runScriptAsRawText(ScriptEngine.java:119)&#xa;	at com.kms.katalon.core.main.TestCaseExecutor.runScript(TestCaseExecutor.java:448)&#xa;	at com.kms.katalon.core.main.TestCaseExecutor.doExecute(TestCaseExecutor.java:439)&#xa;	at com.kms.katalon.core.main.TestCaseExecutor.processExecutionPhase(TestCaseExecutor.java:418)&#xa;	at com.kms.katalon.core.main.TestCaseExecutor.accessMainPhase(TestCaseExecutor.java:410)&#xa;	at com.kms.katalon.core.main.TestCaseExecutor.execute(TestCaseExecutor.java:285)&#xa;	at com.kms.katalon.core.common.CommonExecutor.accessTestCaseMainPhase(CommonExecutor.java:65)&#xa;	at com.kms.katalon.core.main.TestSuiteExecutor.accessTestSuiteMainPhase(TestSuiteExecutor.java:150)&#xa;	at com.kms.katalon.core.main.TestSuiteExecutor.execute(TestSuiteExecutor.java:106)&#xa;	at com.kms.katalon.core.main.TestCaseMain.startTestSuite(TestCaseMain.java:180)&#xa;	at TempTestSuite1729787045812.run(TempTestSuite1729787045812.groovy:35)&#xa;	at java.base/jdk.internal.reflect.NativeMethodAccessorImpl.invoke0(Native Method)&#xa;	at java.base/jdk.internal.reflect.NativeMethodAccessorImpl.invoke(NativeMethodAccessorImpl.java:77)&#xa;	at java.base/jdk.internal.reflect.DelegatingMethodAccessorImpl.invoke(DelegatingMethodAccessorImpl.java:43)&#xa;)&#xa;	at com.kms.katalon.core.keyword.internal.KeywordMain.stepFailed(KeywordMain.groovy:39)&#xa;	at com.kms.katalon.core.webui.keyword.internal.WebUIKeywordMain.stepFailed(WebUIKeywordMain.groovy:64)&#xa;	at com.kms.katalon.core.webui.keyword.builtin.VerifyTextPresentKeyword$_verifyTextPresent_closure1.doCall(VerifyTextPresentKeyword.groovy:79)&#xa;	at com.kms.katalon.core.webui.keyword.builtin.VerifyTextPresentKeyword$_verifyTextPresent_closure1.call(VerifyTextPresentKeyword.groovy)&#xa;	at com.kms.katalon.core.webui.keyword.internal.WebUIKeywordMain.runKeyword(WebUIKeywordMain.groovy:20)&#xa;	at com.kms.katalon.core.webui.keyword.builtin.VerifyTextPresentKeyword.verifyTextPresent(VerifyTextPresentKeyword.groovy:83)&#xa;	at com.kms.katalon.core.webui.keyword.builtin.VerifyTextPresentKeyword.execute(VerifyTextPresentKeyword.groovy:68)&#xa;	at com.kms.katalon.core.keyword.internal.KeywordExecutor.executeKeywordForPlatform(KeywordExecutor.groovy:74)&#xa;	at com.kms.katalon.core.webui.keyword.WebUiBuiltInKeywords.verifyTextPresent(WebUiBuiltInKeywords.groovy:1762)&#xa;	at MinAmountErrorPS.run(MinAmountErrorPS:86)&#xa;	at com.kms.katalon.core.main.ScriptEngine.run(ScriptEngine.java:194)&#xa;	at com.kms.katalon.core.main.ScriptEngine.runScriptAsRawText(ScriptEngine.java:119)&#xa;	at com.kms.katalon.core.main.TestCaseExecutor.runScript(TestCaseExecutor.java:448)&#xa;	at com.kms.katalon.core.main.TestCaseExecutor.doExecute(TestCaseExecutor.java:439)&#xa;	at com.kms.katalon.core.main.TestCaseExecutor.processExecutionPhase(TestCaseExecutor.java:418)&#xa;	at com.kms.katalon.core.main.TestCaseExecutor.accessMainPhase(TestCaseExecutor.java:410)&#xa;	at com.kms.katalon.core.main.TestCaseExecutor.execute(TestCaseExecutor.java:285)&#xa;	at com.kms.katalon.core.common.CommonExecutor.accessTestCaseMainPhase(CommonExecutor.java:65)&#xa;	at com.kms.katalon.core.main.TestSuiteExecutor.accessTestSuiteMainPhase(TestSuiteExecutor.java:150)&#xa;	at com.kms.katalon.core.main.TestSuiteExecutor.execute(TestSuiteExecutor.java:106)&#xa;	at com.kms.katalon.core.main.TestCaseMain.startTestSuite(TestCaseMain.java:180)&#xa;	at TempTestSuite1729787045812.run(TempTestSuite1729787045812.groovy:35)&#xa;	at java.base/jdk.internal.reflect.NativeMethodAccessorImpl.invoke0(Native Method)&#xa;	at java.base/jdk.internal.reflect.NativeMethodAccessorImpl.invoke(NativeMethodAccessorImpl.java:77)&#xa;	at java.base/jdk.internal.reflect.DelegatingMethodAccessorImpl.invoke(DelegatingMethodAccessorImpl.java:43)&#xa;Caused by: com.kms.katalon.core.exception.StepFailedException: Text 'Amount is less than minimum' is not present on page &#xa;	... 24 more&#xa;"/>
         <system-out><![CDATA[25-10-2024T03:07:24 - [TEST_CASE][FAILED] - Test Cases/IntegratedWeb/IWP25/Error/MinAmountErrorPS: Test Cases/IntegratedWeb/IWP25/Error/MinAmountErrorPS FAILED.
Reason:
com.kms.katalon.core.exception.StepFailedException: Text 'Amount is less than minimum' is not present on page  (Root cause: com.kms.katalon.core.exception.StepFailedException: Text 'Amount is less than minimum' is not present on page 
	at com.kms.katalon.core.webui.keyword.internal.WebUIKeywordMain.stepFailed(WebUIKeywordMain.groovy:64)
	at com.kms.katalon.core.webui.keyword.builtin.VerifyTextPresentKeyword$_verifyTextPresent_closure1.doCall(VerifyTextPresentKeyword.groovy:79)
	at com.kms.katalon.core.webui.keyword.builtin.VerifyTextPresentKeyword$_verifyTextPresent_closure1.call(VerifyTextPresentKeyword.groovy)
	at com.kms.katalon.core.webui.keyword.internal.WebUIKeywordMain.runKeyword(WebUIKeywordMain.groovy:20)
	at com.kms.katalon.core.webui.keyword.builtin.VerifyTextPresentKeyword.verifyTextPresent(VerifyTextPresentKeyword.groovy:83)
	at com.kms.katalon.core.webui.keyword.builtin.VerifyTextPresentKeyword.execute(VerifyTextPresentKeyword.groovy:68)
	at com.kms.katalon.core.keyword.internal.KeywordExecutor.executeKeywordForPlatform(KeywordExecutor.groovy:74)
	at com.kms.katalon.core.webui.keyword.WebUiBuiltInKeywords.verifyTextPresent(WebUiBuiltInKeywords.groovy:1762)
	at MinAmountErrorPS.run(MinAmountErrorPS:86)
	at com.kms.katalon.core.main.ScriptEngine.run(ScriptEngine.java:194)
	at com.kms.katalon.core.main.ScriptEngine.runScriptAsRawText(ScriptEngine.java:119)
	at com.kms.katalon.core.main.TestCaseExecutor.runScript(TestCaseExecutor.java:448)
	at com.kms.katalon.core.main.TestCaseExecutor.doExecute(TestCaseExecutor.java:439)
	at com.kms.katalon.core.main.TestCaseExecutor.processExecutionPhase(TestCaseExecutor.java:418)
	at com.kms.katalon.core.main.TestCaseExecutor.accessMainPhase(TestCaseExecutor.java:410)
	at com.kms.katalon.core.main.TestCaseExecutor.execute(TestCaseExecutor.java:285)
	at com.kms.katalon.core.common.CommonExecutor.accessTestCaseMainPhase(CommonExecutor.java:65)
	at com.kms.katalon.core.main.TestSuiteExecutor.accessTestSuiteMainPhase(TestSuiteExecutor.java:150)
	at com.kms.katalon.core.main.TestSuiteExecutor.execute(TestSuiteExecutor.java:106)
	at com.kms.katalon.core.main.TestCaseMain.startTestSuite(TestCaseMain.java:180)
	at TempTestSuite1729787045812.run(TempTestSuite1729787045812.groovy:35)
	at java.base/jdk.internal.reflect.NativeMethodAccessorImpl.invoke0(Native Method)
	at java.base/jdk.internal.reflect.NativeMethodAccessorImpl.invoke(NativeMethodAccessorImpl.java:77)
	at java.base/jdk.internal.reflect.DelegatingMethodAccessorImpl.invoke(DelegatingMethodAccessorImpl.java:43)
)
	at com.kms.katalon.core.keyword.internal.KeywordMain.stepFailed(KeywordMain.groovy:39)
	at com.kms.katalon.core.webui.keyword.internal.WebUIKeywordMain.stepFailed(WebUIKeywordMain.groovy:64)
	at com.kms.katalon.core.webui.keyword.builtin.VerifyTextPresentKeyword$_verifyTextPresent_closure1.doCall(VerifyTextPresentKeyword.groovy:79)
	at com.kms.katalon.core.webui.keyword.builtin.VerifyTextPresentKeyword$_verifyTextPresent_closure1.call(VerifyTextPresentKeyword.groovy)
	at com.kms.katalon.core.webui.keyword.internal.WebUIKeywordMain.runKeyword(WebUIKeywordMain.groovy:20)
	at com.kms.katalon.core.webui.keyword.builtin.VerifyTextPresentKeyword.verifyTextPresent(VerifyTextPresentKeyword.groovy:83)
	at com.kms.katalon.core.webui.keyword.builtin.VerifyTextPresentKeyword.execute(VerifyTextPresentKeyword.groovy:68)
	at com.kms.katalon.core.keyword.internal.KeywordExecutor.executeKeywordForPlatform(KeywordExecutor.groovy:74)
	at com.kms.katalon.core.webui.keyword.WebUiBuiltInKeywords.verifyTextPresent(WebUiBuiltInKeywords.groovy:1762)
	at MinAmountErrorPS.run(MinAmountErrorPS:86)
	at com.kms.katalon.core.main.ScriptEngine.run(ScriptEngine.java:194)
	at com.kms.katalon.core.main.ScriptEngine.runScriptAsRawText(ScriptEngine.java:119)
	at com.kms.katalon.core.main.TestCaseExecutor.runScript(TestCaseExecutor.java:448)
	at com.kms.katalon.core.main.TestCaseExecutor.doExecute(TestCaseExecutor.java:439)
	at com.kms.katalon.core.main.TestCaseExecutor.processExecutionPhase(TestCaseExecutor.java:418)
	at com.kms.katalon.core.main.TestCaseExecutor.accessMainPhase(TestCaseExecutor.java:410)
	at com.kms.katalon.core.main.TestCaseExecutor.execute(TestCaseExecutor.java:285)
	at com.kms.katalon.core.common.CommonExecutor.accessTestCaseMainPhase(CommonExecutor.java:65)
	at com.kms.katalon.core.main.TestSuiteExecutor.accessTestSuiteMainPhase(TestSuiteExecutor.java:150)
	at com.kms.katalon.core.main.TestSuiteExecutor.execute(TestSuiteExecutor.java:106)
	at com.kms.katalon.core.main.TestCaseMain.startTestSuite(TestCaseMain.java:180)
	at TempTestSuite1729787045812.run(TempTestSuite1729787045812.groovy:35)
	at java.base/jdk.internal.reflect.NativeMethodAccessorImpl.invoke0(Native Method)
	at java.base/jdk.internal.reflect.NativeMethodAccessorImpl.invoke(NativeMethodAccessorImpl.java:77)
	at java.base/jdk.internal.reflect.DelegatingMethodAccessorImpl.invoke(DelegatingMethodAccessorImpl.java:43)
Caused by: com.kms.katalon.core.exception.StepFailedException: Text 'Amount is less than minimum' is not present on page 
	... 24 more


25-10-2024T03:07:24 - [TEST_STEP][PASSED] - resText = "Fail": null

25-10-2024T03:07:24 - [TEST_STEP][PASSED] - resColumn = "Result": null

25-10-2024T03:07:24 - [TEST_STEP][PASSED] - datCloumn = "Date": null

25-10-2024T03:07:24 - [TEST_STEP][PASSED] - fileLoc = "KatalonData/IWPTestData/VRelay25Payments.xlsx": null

25-10-2024T03:07:24 - [TEST_STEP][PASSED] - numOfRows = <not implemented yet for class: org.codehaus.groovy.ast.expr.EmptyExpression>: null

25-10-2024T03:07:24 - [TEST_STEP][PASSED] - dataFile = <not implemented yet for class: org.codehaus.groovy.ast.expr.EmptyExpression>: null

25-10-2024T03:07:24 - [TEST_STEP][PASSED] - nameSheet = <not implemented yet for class: org.codehaus.groovy.ast.expr.EmptyExpression>: null

25-10-2024T03:07:24 - [TEST_STEP][PASSED] - dataFileEmulator = <not implemented yet for class: org.codehaus.groovy.ast.expr.EmptyExpression>: null

25-10-2024T03:07:24 - [TEST_STEP][PASSED] - nameSheet = "MinAmountErrorPS": null

25-10-2024T03:07:24 - [TEST_STEP][PASSED] - dataFile = "IWPTestData/IWP25MinAmountErrorPS": null

25-10-2024T03:07:24 - [TEST_STEP][PASSED] - dataFileEmulator = "IWPTestData/EmulatorData": null

25-10-2024T03:07:24 - [TEST_STEP][PASSED] - numOfRows = findTestData(dataFile).getRowNumbers(): null

25-10-2024T03:07:24 - [TEST_STEP][PASSED] - println("Number of Records: " + numOfRows): null

25-10-2024T03:07:24 - [TEST_STEP][FAILED] - for ([row = 1, row <= numOfRows, (row++)]): null

25-10-2024T03:07:24 - [TEST_STEP][PASSED] - ExecuteTC = findTestData(dataFile).getValue("Execute", row): null

25-10-2024T03:07:24 - [TEST_STEP][PASSED] - out.println("Value of Execute is : " + ExecuteTC): null

25-10-2024T03:07:24 - [TEST_STEP][PASSED] - if (ExecuteTC.equalsIgnoreCase("Y")): null

25-10-2024T03:07:24 - [TEST_STEP][PASSED] - out.println("Begin Record Number: " + row): null

25-10-2024T03:07:24 - [TEST_STEP][PASSED] - today = new java.util.Date(): null

25-10-2024T03:07:24 - [TEST_STEP][PASSED] - println(today): null

25-10-2024T03:07:24 - [TEST_STEP][PASSED] - datText = today: null

25-10-2024T03:07:24 - [TEST_STEP][PASSED] - EmulatorDataKey = findTestData(dataFile).getValue("EmulatorData", row): null

25-10-2024T03:07:24 - [TEST_STEP][PASSED] - out.println("Value of Emulator Key is : " + EmulatorDataKey): null

25-10-2024T03:07:24 - [TEST_STEP][PASSED] - iwpPages.emulatorIWP30.setDataEmulator_DD(EmulatorDataKey): iwpPages.emulatorIWP30.setDataEmulator_DD is PASSED

25-10-2024T03:07:24 - [MESSAGE][INFO] - Starting 'Edge Chromium' driver

25-10-2024T03:07:24 - [MESSAGE][INFO] - User set preference: ['acceptInsecureCerts', 'true']

25-10-2024T03:07:26 - [MESSAGE][INFO] - Action delay is set to 0 milliseconds

25-10-2024T03:07:30 - [MESSAGE][PASSED] - Browser is opened with url: 'https://qa2.velocitypayment.com/agencyx/config.action?action=editor&message_version=2_5'

25-10-2024T03:07:31 - [MESSAGE][PASSED] - Current window maximized

25-10-2024T03:08:02 - [MESSAGE][INFO] - Unable to find the element located by 'By.xpath: //select[@name='message_version']'. Please recheck the objects properties to make sure the desired element is located. 

25-10-2024T03:08:02 - [MESSAGE][WARNING] - [SELF-HEALING] Failed to find element with id 'Object Repository/IWP30/Page_VRelay30Emulator/MV'. Try using Self-healing.

25-10-2024T03:08:02 - [MESSAGE][WARNING] - [SELF-HEALING] The current locator of test object 'Object Repository/IWP30/Page_VRelay30Emulator/MV' was broken. Propose an alternative one: '(.//*[normalize-space(text()) and normalize-space(.)='Message Version'])[1]/following::select[1]'.

25-10-2024T03:08:03 - [MESSAGE][PASSED] - All options with value '2.5' are selected in object 'Object Repository/IWP30/Page_VRelay30Emulator/MV'  using regular expression

25-10-2024T03:08:03 - [MESSAGE][PASSED] - Text '10.50' is set on object 'Object Repository/IWP30/Page_EmulatorAgencyX/Amount'

25-10-2024T03:08:04 - [MESSAGE][PASSED] - Text 'FfuMGJaEmyV0' is set on object 'Object Repository/IWP30/Page_EmulatorAgencyX/CAN'

25-10-2024T03:08:04 - [MESSAGE][PASSED] - Text 'PayNow' is set on object 'Object Repository/IWP30/Page_EmulatorAgencyX/Action'

25-10-2024T03:08:05 - [MESSAGE][PASSED] - Text 'en_US' is set on object 'Object Repository/IWP30/Page_EmulatorAgencyX/Lang'

25-10-2024T03:08:06 - [MESSAGE][PASSED] - Text '' is set on object 'Object Repository/IWP30/Page_EmulatorAgencyX/Fname'

25-10-2024T03:08:06 - [MESSAGE][PASSED] - Text '' is set on object 'Object Repository/IWP30/Page_EmulatorAgencyX/Lname'

25-10-2024T03:08:07 - [MESSAGE][PASSED] - Text '' is set on object 'Object Repository/IWP30/Page_EmulatorAgencyX/AL1'

25-10-2024T03:08:07 - [MESSAGE][PASSED] - Text '' is set on object 'Object Repository/IWP30/Page_EmulatorAgencyX/AL2'

25-10-2024T03:08:08 - [MESSAGE][PASSED] - Text '' is set on object 'Object Repository/IWP30/Page_EmulatorAgencyX/Country'

25-10-2024T03:08:08 - [MESSAGE][PASSED] - Text '' is set on object 'Object Repository/IWP30/Page_EmulatorAgencyX/City'

25-10-2024T03:08:09 - [MESSAGE][PASSED] - Text '' is set on object 'Object Repository/IWP30/Page_EmulatorAgencyX/State'

25-10-2024T03:08:10 - [MESSAGE][PASSED] - Text '' is set on object 'Object Repository/IWP30/Page_EmulatorAgencyX/ZIP'

25-10-2024T03:08:10 - [MESSAGE][PASSED] - Text '' is set on object 'Object Repository/IWP30/Page_EmulatorAgencyX/Order'

25-10-2024T03:08:11 - [MESSAGE][PASSED] - Text '' is set on object 'Object Repository/IWP30/Page_EmulatorAgencyX/Company'

25-10-2024T03:08:11 - [MESSAGE][PASSED] - Text '' is set on object 'Object Repository/IWP30/Page_EmulatorAgencyX/Email'

25-10-2024T03:08:12 - [MESSAGE][PASSED] - Text '' is set on object 'Object Repository/IWP30/Page_EmulatorAgencyX/UDF1'

25-10-2024T03:08:12 - [MESSAGE][PASSED] - Text '' is set on object 'Object Repository/IWP30/Page_EmulatorAgencyX/UDF2'

25-10-2024T03:08:13 - [MESSAGE][PASSED] - Text '' is set on object 'Object Repository/IWP30/Page_EmulatorAgencyX/UDF3'

25-10-2024T03:08:14 - [MESSAGE][PASSED] - Text 'udf data 4' is set on object 'Object Repository/IWP30/Page_EmulatorAgencyX/UDF4'

25-10-2024T03:08:14 - [MESSAGE][PASSED] - Text 'udf data 5' is set on object 'Object Repository/IWP30/Page_EmulatorAgencyX/UDF5'

25-10-2024T03:08:15 - [MESSAGE][PASSED] - Text '' is set on object 'Object Repository/IWP30/Page_EmulatorAgencyX/UDF6'

25-10-2024T03:08:15 - [MESSAGE][PASSED] - Text '' is set on object 'Object Repository/IWP30/Page_EmulatorAgencyX/UDF7'

25-10-2024T03:08:16 - [MESSAGE][PASSED] - Text '' is set on object 'Object Repository/IWP30/Page_EmulatorAgencyX/UDF8'

25-10-2024T03:08:16 - [MESSAGE][PASSED] - Text 'udf data 9' is set on object 'Object Repository/IWP30/Page_EmulatorAgencyX/UDF9'

25-10-2024T03:08:17 - [MESSAGE][PASSED] - Text 'udf data 10' is set on object 'Object Repository/IWP30/Page_EmulatorAgencyX/UDF10'

25-10-2024T03:08:18 - [MESSAGE][PASSED] - Object: 'Object Repository/IWP30/Page_EmulatorAgencyX/Submit' is clicked on

25-10-2024T03:08:23 - [MESSAGE][PASSED] - Browser is closed

25-10-2024T03:08:27 - [MESSAGE][PASSED] - iwpPages.emulatorIWP30.setDataEmulator_DD is PASSED

25-10-2024T03:08:27 - [TEST_STEP][PASSED] - testHarnessURL = urlTestHarness: null

25-10-2024T03:08:27 - [TEST_STEP][PASSED] - openBrowser(testHarnessURL): Browser is opened with url: 'https://dev-algorithm.govolution.com/vrelaytest/QA2/version_2_2/vrelaytest.html'

25-10-2024T03:08:27 - [MESSAGE][INFO] - Starting 'Edge Chromium' driver

25-10-2024T03:08:27 - [MESSAGE][INFO] - User set preference: ['acceptInsecureCerts', 'true']

25-10-2024T03:08:29 - [MESSAGE][INFO] - Action delay is set to 0 milliseconds

25-10-2024T03:08:33 - [MESSAGE][PASSED] - Browser is opened with url: 'https://dev-algorithm.govolution.com/vrelaytest/QA2/version_2_2/vrelaytest.html'

25-10-2024T03:08:33 - [TEST_STEP][PASSED] - maximizeWindow(): Current window maximized

25-10-2024T03:08:33 - [MESSAGE][PASSED] - Current window maximized

25-10-2024T03:08:33 - [TEST_STEP][PASSED] - iwpPages.TestHarnessPage.setDataMethod(row, dataFile): iwpPages.TestHarnessPage.setDataMethod is PASSED

25-10-2024T03:08:33 - [MESSAGE][PASSED] - Object 'Object Repository/IWP30/Page_QATestHarness/RemittanceID' is present

25-10-2024T03:08:34 - [MESSAGE][PASSED] - Text '638' is set on object 'Object Repository/IWP30/Page_QATestHarness/ApplicationID'

25-10-2024T03:08:34 - [MESSAGE][PASSED] - Text '2.5' is set on object 'Object Repository/IWP30/Page_QATestHarness/MessageVersion'

25-10-2024T03:08:35 - [MESSAGE][PASSED] - Text 'CBRqnfFaCSg9' is set on object 'Object Repository/IWP30/Page_QATestHarness/RemittanceID'

25-10-2024T03:08:38 - [MESSAGE][PASSED] - Object: 'Object Repository/IWP30/Page_QATestHarness/SubmitButton' is clicked on

25-10-2024T03:08:38 - [MESSAGE][PASSED] - iwpPages.TestHarnessPage.setDataMethod is PASSED

25-10-2024T03:08:38 - [TEST_STEP][PASSED] - click(findTestObject("Object Repository/IWP30/Page_SelectPaymentMethod/PayByPersonalCheck")): Object: 'Object Repository/IWP30/Page_SelectPaymentMethod/PayByPersonalCheck' is clicked on

25-10-2024T03:08:39 - [MESSAGE][PASSED] - Object: 'Object Repository/IWP30/Page_SelectPaymentMethod/PayByPersonalCheck' is clicked on

25-10-2024T03:08:39 - [TEST_STEP][PASSED] - click(findTestObject("Object Repository/IWP30/Page_SelectPaymentMethod/MakePaymentButton")): Object: 'Object Repository/IWP30/Page_SelectPaymentMethod/MakePaymentButton' is clicked on

25-10-2024T03:08:42 - [MESSAGE][PASSED] - Object: 'Object Repository/IWP30/Page_SelectPaymentMethod/MakePaymentButton' is clicked on

25-10-2024T03:08:42 - [TEST_STEP][PASSED] - iwpPages.achPersonalPaymentEntryPage.setDataACHPPM(row, dataFile): iwpPages.achPersonalPaymentEntryPage.setDataACHPPM is PASSED

25-10-2024T03:08:43 - [MESSAGE][PASSED] - Object 'Object Repository/IWP30/Page_ACHPersonalPaymentEntry/txt_accountNumber' is present

25-10-2024T03:08:43 - [MESSAGE][PASSED] - Text '1.50' is set on object 'Object Repository/IWP30/Page_ACHPersonalPaymentEntry/txt_Amount'

25-10-2024T03:08:44 - [MESSAGE][PASSED] - Object 'Object Repository/IWP30/Page_ACHPersonalPaymentEntry/txt_UDF2' is present

25-10-2024T03:08:44 - [MESSAGE][PASSED] - Text 'udf data 2' is set on object 'Object Repository/IWP30/Page_ACHPersonalPaymentEntry/txt_UDF2'

25-10-2024T03:08:45 - [MESSAGE][PASSED] - Text 'udf data 3' is set on object 'Object Repository/IWP30/Page_ACHPersonalPaymentEntry/txt_UDF3'

25-10-2024T03:08:45 - [MESSAGE][PASSED] - All options with label 'Orange' are selected in object 'Object Repository/IWP30/Page_ACHPersonalPaymentEntry/dd_UDF7' 

25-10-2024T03:08:46 - [MESSAGE][PASSED] - All options with label 'Soccer' are selected in object 'Object Repository/IWP30/Page_ACHPersonalPaymentEntry/dd_UDF8' 

25-10-2024T03:08:46 - [MESSAGE][PASSED] - Object 'Object Repository/IWP30/Page_ACHPersonalPaymentEntry/txt_Firstname' is present

25-10-2024T03:08:47 - [MESSAGE][PASSED] - Text 'Elizath' is set on object 'Object Repository/IWP30/Page_ACHPersonalPaymentEntry/txt_Firstname'

25-10-2024T03:08:47 - [MESSAGE][PASSED] - Object 'Object Repository/IWP30/Page_ACHPersonalPaymentEntry/txt_Lastname' is present

25-10-2024T03:08:48 - [MESSAGE][PASSED] - Text 'Christine' is set on object 'Object Repository/IWP30/Page_ACHPersonalPaymentEntry/txt_Lastname'

25-10-2024T03:08:48 - [MESSAGE][PASSED] - Object 'Object Repository/IWP30/Page_ACHPersonalPaymentEntry/txt_routingNumber' is present

25-10-2024T03:08:49 - [MESSAGE][PASSED] - Text '256072691' is set on object 'Object Repository/IWP30/Page_ACHPersonalPaymentEntry/txt_routingNumber'

25-10-2024T03:08:49 - [MESSAGE][PASSED] - Object 'Object Repository/IWP30/Page_ACHPersonalPaymentEntry/txt_accountNumber' is present

25-10-2024T03:08:50 - [MESSAGE][PASSED] - Text '12344444' is set on object 'Object Repository/IWP30/Page_ACHPersonalPaymentEntry/txt_accountNumber'

25-10-2024T03:08:51 - [MESSAGE][PASSED] - Object 'Object Repository/IWP30/Page_ACHPersonalPaymentEntry/txt_confirmAccountNumber' is present

25-10-2024T03:08:51 - [MESSAGE][PASSED] - Text '12344444' is set on object 'Object Repository/IWP30/Page_ACHPersonalPaymentEntry/txt_confirmAccountNumber'

25-10-2024T03:08:51 - [MESSAGE][PASSED] - Object 'Object Repository/IWP30/Page_ACHPersonalPaymentEntry/rd_accountType' is present

25-10-2024T03:08:51 - [MESSAGE][PASSED] - Modify property of object successfully

25-10-2024T03:08:52 - [MESSAGE][PASSED] - Object: 'Object Repository/IWP30/Page_ACHPersonalPaymentEntry/rd_accountType' is clicked on

25-10-2024T03:08:52 - [MESSAGE][PASSED] - Text '365 Main Avenue' is set on object 'Object Repository/IWP30/Page_ACHPersonalPaymentEntry/txt_AL1'

25-10-2024T03:08:53 - [MESSAGE][PASSED] - Text '22201' is set on object 'Object Repository/IWP30/Page_ACHPersonalPaymentEntry/txt_ZIP'

25-10-2024T03:08:53 - [MESSAGE][PASSED] - Object 'Object Repository/IWP30/Page_ACHPersonalPaymentEntry/txt_Email' is present

25-10-2024T03:08:55 - [MESSAGE][PASSED] - Text 'iahmed@govolution.com' is set on object 'Object Repository/IWP30/Page_ACHPersonalPaymentEntry/txt_Email'

25-10-2024T03:08:55 - [MESSAGE][PASSED] - Object 'Object Repository/IWP30/Page_ACHPersonalPaymentEntry/cb_TermsAndCond' is present

25-10-2024T03:08:55 - [MESSAGE][PASSED] - Object: 'Object Repository/IWP30/Page_ACHPersonalPaymentEntry/cb_TermsAndCond' is clicked on

25-10-2024T03:08:55 - [MESSAGE][PASSED] - Object 'Object Repository/IWP30/Page_ACHPersonalPaymentEntry/btn_Continue' is present

25-10-2024T03:08:58 - [MESSAGE][PASSED] - Object: 'Object Repository/IWP30/Page_ACHPersonalPaymentEntry/btn_Continue' is clicked on

25-10-2024T03:08:58 - [MESSAGE][PASSED] - iwpPages.achPersonalPaymentEntryPage.setDataACHPPM is PASSED

25-10-2024T03:08:58 - [TEST_STEP][PASSED] - Thread.sleep(10000): null

25-10-2024T03:09:08 - [TEST_STEP][PASSED] - if (verifyTextPresent("Amount is less than minimum", false)): null

25-10-2024T03:09:08 - [MESSAGE][PASSED] - Text 'Amount is less than minimum' is present on page 

25-10-2024T03:09:08 - [TEST_STEP][PASSED] - println("Min Amount Error message shown"): null

25-10-2024T03:09:08 - [TEST_STEP][PASSED] - markPassed("Min Amount Error message shown"): Min Amount Error message shown

25-10-2024T03:09:08 - [MESSAGE][PASSED] - Min Amount Error message shown

25-10-2024T03:09:08 - [TEST_STEP][PASSED] - resText = "Pass": null

25-10-2024T03:09:08 - [TEST_STEP][PASSED] - pages.WriteExcel.demoKey(resText, datText, resColumn, datCloumn, fileLoc, nameSheet, row): pages.WriteExcel.demoKey is PASSED

25-10-2024T03:09:08 - [MESSAGE][PASSED] - pages.WriteExcel.demoKey is PASSED

25-10-2024T03:09:08 - [TEST_STEP][PASSED] - closeBrowser(): Browser is closed

25-10-2024T03:09:09 - [MESSAGE][PASSED] - Browser is closed

25-10-2024T03:09:09 - [TEST_STEP][PASSED] - ExecuteTC = findTestData(dataFile).getValue("Execute", row): null

25-10-2024T03:09:09 - [TEST_STEP][PASSED] - out.println("Value of Execute is : " + ExecuteTC): null

25-10-2024T03:09:09 - [TEST_STEP][FAILED] - if (ExecuteTC.equalsIgnoreCase("Y")): null

25-10-2024T03:09:09 - [TEST_STEP][PASSED] - out.println("Begin Record Number: " + row): null

25-10-2024T03:09:09 - [TEST_STEP][PASSED] - today = new java.util.Date(): null

25-10-2024T03:09:09 - [TEST_STEP][PASSED] - println(today): null

25-10-2024T03:09:09 - [TEST_STEP][PASSED] - datText = today: null

25-10-2024T03:09:09 - [TEST_STEP][PASSED] - EmulatorDataKey = findTestData(dataFile).getValue("EmulatorData", row): null

25-10-2024T03:09:09 - [TEST_STEP][PASSED] - out.println("Value of Emulator Key is : " + EmulatorDataKey): null

25-10-2024T03:09:09 - [TEST_STEP][PASSED] - iwpPages.emulatorIWP30.setDataEmulator_DD(EmulatorDataKey): iwpPages.emulatorIWP30.setDataEmulator_DD is PASSED

25-10-2024T03:09:09 - [MESSAGE][INFO] - Starting 'Edge Chromium' driver

25-10-2024T03:09:09 - [MESSAGE][INFO] - User set preference: ['acceptInsecureCerts', 'true']

25-10-2024T03:09:11 - [MESSAGE][INFO] - Action delay is set to 0 milliseconds

25-10-2024T03:09:15 - [MESSAGE][PASSED] - Browser is opened with url: 'https://qa2.velocitypayment.com/agencyx/config.action?action=editor&message_version=3_0'

25-10-2024T03:09:15 - [MESSAGE][PASSED] - Current window maximized

25-10-2024T03:09:46 - [MESSAGE][INFO] - Unable to find the element located by 'By.xpath: //select[@name='message_version']'. Please recheck the objects properties to make sure the desired element is located. 

25-10-2024T03:09:46 - [MESSAGE][WARNING] - [SELF-HEALING] Failed to find element with id 'Object Repository/IWP30/Page_VRelay30Emulator/MV'. Try using Self-healing.

25-10-2024T03:09:46 - [MESSAGE][WARNING] - [SELF-HEALING] The current locator of test object 'Object Repository/IWP30/Page_VRelay30Emulator/MV' was broken. Propose an alternative one: '(.//*[normalize-space(text()) and normalize-space(.)='Message Version'])[1]/following::select[1]'.

25-10-2024T03:09:47 - [MESSAGE][PASSED] - All options with value '3.0' are selected in object 'Object Repository/IWP30/Page_VRelay30Emulator/MV'  using regular expression

25-10-2024T03:09:48 - [MESSAGE][PASSED] - Text '10.50' is set on object 'Object Repository/IWP30/Page_EmulatorAgencyX/Amount'

25-10-2024T03:09:48 - [MESSAGE][PASSED] - Text 'XshcvkvsFlTM' is set on object 'Object Repository/IWP30/Page_EmulatorAgencyX/CAN'

25-10-2024T03:09:49 - [MESSAGE][PASSED] - Text 'PayNow' is set on object 'Object Repository/IWP30/Page_EmulatorAgencyX/Action'

25-10-2024T03:09:49 - [MESSAGE][PASSED] - Text 'en_US' is set on object 'Object Repository/IWP30/Page_EmulatorAgencyX/Lang'

25-10-2024T03:09:50 - [MESSAGE][PASSED] - Text '' is set on object 'Object Repository/IWP30/Page_EmulatorAgencyX/Fname'

25-10-2024T03:09:51 - [MESSAGE][PASSED] - Text '' is set on object 'Object Repository/IWP30/Page_EmulatorAgencyX/Lname'

25-10-2024T03:09:51 - [MESSAGE][PASSED] - Text '' is set on object 'Object Repository/IWP30/Page_EmulatorAgencyX/AL1'

25-10-2024T03:09:52 - [MESSAGE][PASSED] - Text '' is set on object 'Object Repository/IWP30/Page_EmulatorAgencyX/AL2'

25-10-2024T03:09:52 - [MESSAGE][PASSED] - Text '' is set on object 'Object Repository/IWP30/Page_EmulatorAgencyX/Country'

25-10-2024T03:09:53 - [MESSAGE][PASSED] - Text '' is set on object 'Object Repository/IWP30/Page_EmulatorAgencyX/City'

25-10-2024T03:09:53 - [MESSAGE][PASSED] - Text '' is set on object 'Object Repository/IWP30/Page_EmulatorAgencyX/State'

25-10-2024T03:09:54 - [MESSAGE][PASSED] - Text '' is set on object 'Object Repository/IWP30/Page_EmulatorAgencyX/ZIP'

25-10-2024T03:09:55 - [MESSAGE][PASSED] - Text '' is set on object 'Object Repository/IWP30/Page_EmulatorAgencyX/Order'

25-10-2024T03:09:55 - [MESSAGE][PASSED] - Text '' is set on object 'Object Repository/IWP30/Page_EmulatorAgencyX/Company'

25-10-2024T03:09:56 - [MESSAGE][PASSED] - Text '' is set on object 'Object Repository/IWP30/Page_EmulatorAgencyX/Email'

25-10-2024T03:09:56 - [MESSAGE][PASSED] - Text '' is set on object 'Object Repository/IWP30/Page_EmulatorAgencyX/UDF1'

25-10-2024T03:09:57 - [MESSAGE][PASSED] - Text '' is set on object 'Object Repository/IWP30/Page_EmulatorAgencyX/UDF2'

25-10-2024T03:09:57 - [MESSAGE][PASSED] - Text '' is set on object 'Object Repository/IWP30/Page_EmulatorAgencyX/UDF3'

25-10-2024T03:09:58 - [MESSAGE][PASSED] - Text 'udf data 4' is set on object 'Object Repository/IWP30/Page_EmulatorAgencyX/UDF4'

25-10-2024T03:09:59 - [MESSAGE][PASSED] - Text 'udf data 5' is set on object 'Object Repository/IWP30/Page_EmulatorAgencyX/UDF5'

25-10-2024T03:09:59 - [MESSAGE][PASSED] - Text '' is set on object 'Object Repository/IWP30/Page_EmulatorAgencyX/UDF6'

25-10-2024T03:10:00 - [MESSAGE][PASSED] - Text '' is set on object 'Object Repository/IWP30/Page_EmulatorAgencyX/UDF7'

25-10-2024T03:10:00 - [MESSAGE][PASSED] - Text '' is set on object 'Object Repository/IWP30/Page_EmulatorAgencyX/UDF8'

25-10-2024T03:10:01 - [MESSAGE][PASSED] - Text 'udf data 9' is set on object 'Object Repository/IWP30/Page_EmulatorAgencyX/UDF9'

25-10-2024T03:10:02 - [MESSAGE][PASSED] - Text 'udf data 10' is set on object 'Object Repository/IWP30/Page_EmulatorAgencyX/UDF10'

25-10-2024T03:10:03 - [MESSAGE][PASSED] - Object: 'Object Repository/IWP30/Page_EmulatorAgencyX/Submit' is clicked on

25-10-2024T03:10:07 - [MESSAGE][PASSED] - Browser is closed

25-10-2024T03:10:11 - [MESSAGE][PASSED] - iwpPages.emulatorIWP30.setDataEmulator_DD is PASSED

25-10-2024T03:10:11 - [TEST_STEP][PASSED] - testHarnessURL = urlTestHarness: null

25-10-2024T03:10:11 - [TEST_STEP][PASSED] - openBrowser(testHarnessURL): Browser is opened with url: 'https://dev-algorithm.govolution.com/vrelaytest/QA2/version_2_2/vrelaytest.html'

25-10-2024T03:10:11 - [MESSAGE][INFO] - Starting 'Edge Chromium' driver

25-10-2024T03:10:11 - [MESSAGE][INFO] - User set preference: ['acceptInsecureCerts', 'true']

25-10-2024T03:10:13 - [MESSAGE][INFO] - Action delay is set to 0 milliseconds

25-10-2024T03:10:17 - [MESSAGE][PASSED] - Browser is opened with url: 'https://dev-algorithm.govolution.com/vrelaytest/QA2/version_2_2/vrelaytest.html'

25-10-2024T03:10:17 - [TEST_STEP][PASSED] - maximizeWindow(): Current window maximized

25-10-2024T03:10:17 - [MESSAGE][PASSED] - Current window maximized

25-10-2024T03:10:17 - [TEST_STEP][PASSED] - iwpPages.TestHarnessPage.setDataMethod(row, dataFile): iwpPages.TestHarnessPage.setDataMethod is PASSED

25-10-2024T03:10:18 - [MESSAGE][PASSED] - Object 'Object Repository/IWP30/Page_QATestHarness/RemittanceID' is present

25-10-2024T03:10:18 - [MESSAGE][PASSED] - Text '649' is set on object 'Object Repository/IWP30/Page_QATestHarness/ApplicationID'

25-10-2024T03:10:19 - [MESSAGE][PASSED] - Text '3.0' is set on object 'Object Repository/IWP30/Page_QATestHarness/MessageVersion'

25-10-2024T03:10:20 - [MESSAGE][PASSED] - Text '5lXWn5WEzFpC' is set on object 'Object Repository/IWP30/Page_QATestHarness/RemittanceID'

25-10-2024T03:10:23 - [MESSAGE][PASSED] - Object: 'Object Repository/IWP30/Page_QATestHarness/SubmitButton' is clicked on

25-10-2024T03:10:23 - [MESSAGE][PASSED] - iwpPages.TestHarnessPage.setDataMethod is PASSED

25-10-2024T03:10:23 - [TEST_STEP][PASSED] - click(findTestObject("Object Repository/IWP30/Page_SelectPaymentMethod/PayByPersonalCheck")): Object: 'Object Repository/IWP30/Page_SelectPaymentMethod/PayByPersonalCheck' is clicked on

25-10-2024T03:10:23 - [MESSAGE][PASSED] - Object: 'Object Repository/IWP30/Page_SelectPaymentMethod/PayByPersonalCheck' is clicked on

25-10-2024T03:10:23 - [TEST_STEP][PASSED] - click(findTestObject("Object Repository/IWP30/Page_SelectPaymentMethod/MakePaymentButton")): Object: 'Object Repository/IWP30/Page_SelectPaymentMethod/MakePaymentButton' is clicked on

25-10-2024T03:10:26 - [MESSAGE][PASSED] - Object: 'Object Repository/IWP30/Page_SelectPaymentMethod/MakePaymentButton' is clicked on

25-10-2024T03:10:26 - [TEST_STEP][PASSED] - iwpPages.achPersonalPaymentEntryPage.setDataACHPPM(row, dataFile): iwpPages.achPersonalPaymentEntryPage.setDataACHPPM is PASSED

25-10-2024T03:10:27 - [MESSAGE][PASSED] - Object 'Object Repository/IWP30/Page_ACHPersonalPaymentEntry/txt_accountNumber' is present

25-10-2024T03:10:28 - [MESSAGE][PASSED] - Text '200.50' is set on object 'Object Repository/IWP30/Page_ACHPersonalPaymentEntry/txt_Amount'

25-10-2024T03:10:28 - [MESSAGE][PASSED] - Object 'Object Repository/IWP30/Page_ACHPersonalPaymentEntry/txt_UDF2' is present

25-10-2024T03:10:28 - [MESSAGE][PASSED] - Text 'udf data 2' is set on object 'Object Repository/IWP30/Page_ACHPersonalPaymentEntry/txt_UDF2'

25-10-2024T03:10:29 - [MESSAGE][PASSED] - Text 'udf data 3' is set on object 'Object Repository/IWP30/Page_ACHPersonalPaymentEntry/txt_UDF3'

25-10-2024T03:10:30 - [MESSAGE][PASSED] - All options with label 'Orange' are selected in object 'Object Repository/IWP30/Page_ACHPersonalPaymentEntry/dd_UDF7' 

25-10-2024T03:10:30 - [MESSAGE][PASSED] - All options with label 'Soccer' are selected in object 'Object Repository/IWP30/Page_ACHPersonalPaymentEntry/dd_UDF8' 

25-10-2024T03:10:30 - [MESSAGE][PASSED] - Object 'Object Repository/IWP30/Page_ACHPersonalPaymentEntry/txt_Firstname' is present

25-10-2024T03:10:31 - [MESSAGE][PASSED] - Text '256072691' is set on object 'Object Repository/IWP30/Page_ACHPersonalPaymentEntry/txt_Firstname'

25-10-2024T03:10:31 - [MESSAGE][PASSED] - Object 'Object Repository/IWP30/Page_ACHPersonalPaymentEntry/txt_Lastname' is present

25-10-2024T03:10:32 - [MESSAGE][PASSED] - Text '12344444' is set on object 'Object Repository/IWP30/Page_ACHPersonalPaymentEntry/txt_Lastname'

25-10-2024T03:10:32 - [MESSAGE][PASSED] - Object 'Object Repository/IWP30/Page_ACHPersonalPaymentEntry/txt_routingNumber' is present

25-10-2024T03:10:33 - [MESSAGE][PASSED] - Text '123456789' is set on object 'Object Repository/IWP30/Page_ACHPersonalPaymentEntry/txt_routingNumber'

25-10-2024T03:10:33 - [MESSAGE][PASSED] - Object 'Object Repository/IWP30/Page_ACHPersonalPaymentEntry/txt_accountNumber' is present

25-10-2024T03:10:34 - [MESSAGE][PASSED] - Text '365 Main Avenue' is set on object 'Object Repository/IWP30/Page_ACHPersonalPaymentEntry/txt_accountNumber'

25-10-2024T03:10:34 - [MESSAGE][PASSED] - Object 'Object Repository/IWP30/Page_ACHPersonalPaymentEntry/txt_confirmAccountNumber' is present

25-10-2024T03:10:34 - [MESSAGE][PASSED] - Object 'Object Repository/IWP30/Page_ACHPersonalPaymentEntry/rd_accountType' is present

25-10-2024T03:10:35 - [MESSAGE][PASSED] - Text 'iahmed@govolution.com' is set on object 'Object Repository/IWP30/Page_ACHPersonalPaymentEntry/txt_AL1'

25-10-2024T03:10:35 - [MESSAGE][PASSED] - Object 'Object Repository/IWP30/Page_ACHPersonalPaymentEntry/txt_Email' is present

25-10-2024T03:10:35 - [MESSAGE][PASSED] - Object 'Object Repository/IWP30/Page_ACHPersonalPaymentEntry/cb_TermsAndCond' is present

25-10-2024T03:10:36 - [MESSAGE][PASSED] - Object: 'Object Repository/IWP30/Page_ACHPersonalPaymentEntry/cb_TermsAndCond' is clicked on

25-10-2024T03:10:36 - [MESSAGE][PASSED] - Object 'Object Repository/IWP30/Page_ACHPersonalPaymentEntry/btn_Continue' is present

25-10-2024T03:10:38 - [MESSAGE][PASSED] - Object: 'Object Repository/IWP30/Page_ACHPersonalPaymentEntry/btn_Continue' is clicked on

25-10-2024T03:10:38 - [MESSAGE][PASSED] - iwpPages.achPersonalPaymentEntryPage.setDataACHPPM is PASSED

25-10-2024T03:10:38 - [TEST_STEP][PASSED] - Thread.sleep(10000): null

25-10-2024T03:10:48 - [TEST_STEP][FAILED] - if (verifyTextPresent("Amount is less than minimum", false)): Text 'Amount is less than minimum' is not present on page  (Root cause: com.kms.katalon.core.exception.StepFailedException: Text 'Amount is less than minimum' is not present on page 
	at com.kms.katalon.core.webui.keyword.internal.WebUIKeywordMain.stepFailed(WebUIKeywordMain.groovy:64)
	at com.kms.katalon.core.webui.keyword.builtin.VerifyTextPresentKeyword$_verifyTextPresent_closure1.doCall(VerifyTextPresentKeyword.groovy:79)
	at com.kms.katalon.core.webui.keyword.builtin.VerifyTextPresentKeyword$_verifyTextPresent_closure1.call(VerifyTextPresentKeyword.groovy)
	at com.kms.katalon.core.webui.keyword.internal.WebUIKeywordMain.runKeyword(WebUIKeywordMain.groovy:20)
	at com.kms.katalon.core.webui.keyword.builtin.VerifyTextPresentKeyword.verifyTextPresent(VerifyTextPresentKeyword.groovy:83)
	at com.kms.katalon.core.webui.keyword.builtin.VerifyTextPresentKeyword.execute(VerifyTextPresentKeyword.groovy:68)
	at com.kms.katalon.core.keyword.internal.KeywordExecutor.executeKeywordForPlatform(KeywordExecutor.groovy:74)
	at com.kms.katalon.core.webui.keyword.WebUiBuiltInKeywords.verifyTextPresent(WebUiBuiltInKeywords.groovy:1762)
	at MinAmountErrorPS.run(MinAmountErrorPS:86)
	at com.kms.katalon.core.main.ScriptEngine.run(ScriptEngine.java:194)
	at com.kms.katalon.core.main.ScriptEngine.runScriptAsRawText(ScriptEngine.java:119)
	at com.kms.katalon.core.main.TestCaseExecutor.runScript(TestCaseExecutor.java:448)
	at com.kms.katalon.core.main.TestCaseExecutor.doExecute(TestCaseExecutor.java:439)
	at com.kms.katalon.core.main.TestCaseExecutor.processExecutionPhase(TestCaseExecutor.java:418)
	at com.kms.katalon.core.main.TestCaseExecutor.accessMainPhase(TestCaseExecutor.java:410)
	at com.kms.katalon.core.main.TestCaseExecutor.execute(TestCaseExecutor.java:285)
	at com.kms.katalon.core.common.CommonExecutor.accessTestCaseMainPhase(CommonExecutor.java:65)
	at com.kms.katalon.core.main.TestSuiteExecutor.accessTestSuiteMainPhase(TestSuiteExecutor.java:150)
	at com.kms.katalon.core.main.TestSuiteExecutor.execute(TestSuiteExecutor.java:106)
	at com.kms.katalon.core.main.TestCaseMain.startTestSuite(TestCaseMain.java:180)
	at TempTestSuite1729787045812.run(TempTestSuite1729787045812.groovy:35)
	at java.base/jdk.internal.reflect.NativeMethodAccessorImpl.invoke0(Native Method)
	at java.base/jdk.internal.reflect.NativeMethodAccessorImpl.invoke(NativeMethodAccessorImpl.java:77)
	at java.base/jdk.internal.reflect.DelegatingMethodAccessorImpl.invoke(DelegatingMethodAccessorImpl.java:43)
)

25-10-2024T03:10:48 - [MESSAGE][FAILED] - Text 'Amount is less than minimum' is not present on page  (Root cause: com.kms.katalon.core.exception.StepFailedException: Text 'Amount is less than minimum' is not present on page 
	at com.kms.katalon.core.webui.keyword.internal.WebUIKeywordMain.stepFailed(WebUIKeywordMain.groovy:64)
	at com.kms.katalon.core.webui.keyword.builtin.VerifyTextPresentKeyword$_verifyTextPresent_closure1.doCall(VerifyTextPresentKeyword.groovy:79)
	at com.kms.katalon.core.webui.keyword.builtin.VerifyTextPresentKeyword$_verifyTextPresent_closure1.call(VerifyTextPresentKeyword.groovy)
	at com.kms.katalon.core.webui.keyword.internal.WebUIKeywordMain.runKeyword(WebUIKeywordMain.groovy:20)
	at com.kms.katalon.core.webui.keyword.builtin.VerifyTextPresentKeyword.verifyTextPresent(VerifyTextPresentKeyword.groovy:83)
	at com.kms.katalon.core.webui.keyword.builtin.VerifyTextPresentKeyword.execute(VerifyTextPresentKeyword.groovy:68)
	at com.kms.katalon.core.keyword.internal.KeywordExecutor.executeKeywordForPlatform(KeywordExecutor.groovy:74)
	at com.kms.katalon.core.webui.keyword.WebUiBuiltInKeywords.verifyTextPresent(WebUiBuiltInKeywords.groovy:1762)
	at MinAmountErrorPS.run(MinAmountErrorPS:86)
	at com.kms.katalon.core.main.ScriptEngine.run(ScriptEngine.java:194)
	at com.kms.katalon.core.main.ScriptEngine.runScriptAsRawText(ScriptEngine.java:119)
	at com.kms.katalon.core.main.TestCaseExecutor.runScript(TestCaseExecutor.java:448)
	at com.kms.katalon.core.main.TestCaseExecutor.doExecute(TestCaseExecutor.java:439)
	at com.kms.katalon.core.main.TestCaseExecutor.processExecutionPhase(TestCaseExecutor.java:418)
	at com.kms.katalon.core.main.TestCaseExecutor.accessMainPhase(TestCaseExecutor.java:410)
	at com.kms.katalon.core.main.TestCaseExecutor.execute(TestCaseExecutor.java:285)
	at com.kms.katalon.core.common.CommonExecutor.accessTestCaseMainPhase(CommonExecutor.java:65)
	at com.kms.katalon.core.main.TestSuiteExecutor.accessTestSuiteMainPhase(TestSuiteExecutor.java:150)
	at com.kms.katalon.core.main.TestSuiteExecutor.execute(TestSuiteExecutor.java:106)
	at com.kms.katalon.core.main.TestCaseMain.startTestSuite(TestCaseMain.java:180)
	at TempTestSuite1729787045812.run(TempTestSuite1729787045812.groovy:35)
	at java.base/jdk.internal.reflect.NativeMethodAccessorImpl.invoke0(Native Method)
	at java.base/jdk.internal.reflect.NativeMethodAccessorImpl.invoke(NativeMethodAccessorImpl.java:77)
	at java.base/jdk.internal.reflect.DelegatingMethodAccessorImpl.invoke(DelegatingMethodAccessorImpl.java:43)
)

25-10-2024T03:10:48 - [TEST_STEP][PASSED] - else: pages.WriteExcel.demoKey is PASSED

25-10-2024T03:10:48 - [TEST_STEP][PASSED] - println("Min Amount Error message not shown"): null

25-10-2024T03:10:48 - [TEST_STEP][PASSED] - resText = "Fail": null

25-10-2024T03:10:48 - [TEST_STEP][PASSED] - pages.WriteExcel.demoKey(resText, datText, resColumn, datCloumn, fileLoc, nameSheet, row): pages.WriteExcel.demoKey is PASSED

25-10-2024T03:10:48 - [MESSAGE][PASSED] - pages.WriteExcel.demoKey is PASSED

25-10-2024T03:10:48 - [TEST_STEP][PASSED] - closeBrowser(): Browser is closed

25-10-2024T03:10:49 - [MESSAGE][PASSED] - Browser is closed]]></system-out>
         <system-err><![CDATA[25-10-2024T03:07:24 - [TEST_CASE][FAILED] - Test Cases/IntegratedWeb/IWP25/Error/MinAmountErrorPS: Test Cases/IntegratedWeb/IWP25/Error/MinAmountErrorPS FAILED.
Reason:
com.kms.katalon.core.exception.StepFailedException: Text 'Amount is less than minimum' is not present on page  (Root cause: com.kms.katalon.core.exception.StepFailedException: Text 'Amount is less than minimum' is not present on page 
	at com.kms.katalon.core.webui.keyword.internal.WebUIKeywordMain.stepFailed(WebUIKeywordMain.groovy:64)
	at com.kms.katalon.core.webui.keyword.builtin.VerifyTextPresentKeyword$_verifyTextPresent_closure1.doCall(VerifyTextPresentKeyword.groovy:79)
	at com.kms.katalon.core.webui.keyword.builtin.VerifyTextPresentKeyword$_verifyTextPresent_closure1.call(VerifyTextPresentKeyword.groovy)
	at com.kms.katalon.core.webui.keyword.internal.WebUIKeywordMain.runKeyword(WebUIKeywordMain.groovy:20)
	at com.kms.katalon.core.webui.keyword.builtin.VerifyTextPresentKeyword.verifyTextPresent(VerifyTextPresentKeyword.groovy:83)
	at com.kms.katalon.core.webui.keyword.builtin.VerifyTextPresentKeyword.execute(VerifyTextPresentKeyword.groovy:68)
	at com.kms.katalon.core.keyword.internal.KeywordExecutor.executeKeywordForPlatform(KeywordExecutor.groovy:74)
	at com.kms.katalon.core.webui.keyword.WebUiBuiltInKeywords.verifyTextPresent(WebUiBuiltInKeywords.groovy:1762)
	at MinAmountErrorPS.run(MinAmountErrorPS:86)
	at com.kms.katalon.core.main.ScriptEngine.run(ScriptEngine.java:194)
	at com.kms.katalon.core.main.ScriptEngine.runScriptAsRawText(ScriptEngine.java:119)
	at com.kms.katalon.core.main.TestCaseExecutor.runScript(TestCaseExecutor.java:448)
	at com.kms.katalon.core.main.TestCaseExecutor.doExecute(TestCaseExecutor.java:439)
	at com.kms.katalon.core.main.TestCaseExecutor.processExecutionPhase(TestCaseExecutor.java:418)
	at com.kms.katalon.core.main.TestCaseExecutor.accessMainPhase(TestCaseExecutor.java:410)
	at com.kms.katalon.core.main.TestCaseExecutor.execute(TestCaseExecutor.java:285)
	at com.kms.katalon.core.common.CommonExecutor.accessTestCaseMainPhase(CommonExecutor.java:65)
	at com.kms.katalon.core.main.TestSuiteExecutor.accessTestSuiteMainPhase(TestSuiteExecutor.java:150)
	at com.kms.katalon.core.main.TestSuiteExecutor.execute(TestSuiteExecutor.java:106)
	at com.kms.katalon.core.main.TestCaseMain.startTestSuite(TestCaseMain.java:180)
	at TempTestSuite1729787045812.run(TempTestSuite1729787045812.groovy:35)
	at java.base/jdk.internal.reflect.NativeMethodAccessorImpl.invoke0(Native Method)
	at java.base/jdk.internal.reflect.NativeMethodAccessorImpl.invoke(NativeMethodAccessorImpl.java:77)
	at java.base/jdk.internal.reflect.DelegatingMethodAccessorImpl.invoke(DelegatingMethodAccessorImpl.java:43)
)
	at com.kms.katalon.core.keyword.internal.KeywordMain.stepFailed(KeywordMain.groovy:39)
	at com.kms.katalon.core.webui.keyword.internal.WebUIKeywordMain.stepFailed(WebUIKeywordMain.groovy:64)
	at com.kms.katalon.core.webui.keyword.builtin.VerifyTextPresentKeyword$_verifyTextPresent_closure1.doCall(VerifyTextPresentKeyword.groovy:79)
	at com.kms.katalon.core.webui.keyword.builtin.VerifyTextPresentKeyword$_verifyTextPresent_closure1.call(VerifyTextPresentKeyword.groovy)
	at com.kms.katalon.core.webui.keyword.internal.WebUIKeywordMain.runKeyword(WebUIKeywordMain.groovy:20)
	at com.kms.katalon.core.webui.keyword.builtin.VerifyTextPresentKeyword.verifyTextPresent(VerifyTextPresentKeyword.groovy:83)
	at com.kms.katalon.core.webui.keyword.builtin.VerifyTextPresentKeyword.execute(VerifyTextPresentKeyword.groovy:68)
	at com.kms.katalon.core.keyword.internal.KeywordExecutor.executeKeywordForPlatform(KeywordExecutor.groovy:74)
	at com.kms.katalon.core.webui.keyword.WebUiBuiltInKeywords.verifyTextPresent(WebUiBuiltInKeywords.groovy:1762)
	at MinAmountErrorPS.run(MinAmountErrorPS:86)
	at com.kms.katalon.core.main.ScriptEngine.run(ScriptEngine.java:194)
	at com.kms.katalon.core.main.ScriptEngine.runScriptAsRawText(ScriptEngine.java:119)
	at com.kms.katalon.core.main.TestCaseExecutor.runScript(TestCaseExecutor.java:448)
	at com.kms.katalon.core.main.TestCaseExecutor.doExecute(TestCaseExecutor.java:439)
	at com.kms.katalon.core.main.TestCaseExecutor.processExecutionPhase(TestCaseExecutor.java:418)
	at com.kms.katalon.core.main.TestCaseExecutor.accessMainPhase(TestCaseExecutor.java:410)
	at com.kms.katalon.core.main.TestCaseExecutor.execute(TestCaseExecutor.java:285)
	at com.kms.katalon.core.common.CommonExecutor.accessTestCaseMainPhase(CommonExecutor.java:65)
	at com.kms.katalon.core.main.TestSuiteExecutor.accessTestSuiteMainPhase(TestSuiteExecutor.java:150)
	at com.kms.katalon.core.main.TestSuiteExecutor.execute(TestSuiteExecutor.java:106)
	at com.kms.katalon.core.main.TestCaseMain.startTestSuite(TestCaseMain.java:180)
	at TempTestSuite1729787045812.run(TempTestSuite1729787045812.groovy:35)
	at java.base/jdk.internal.reflect.NativeMethodAccessorImpl.invoke0(Native Method)
	at java.base/jdk.internal.reflect.NativeMethodAccessorImpl.invoke(NativeMethodAccessorImpl.java:77)
	at java.base/jdk.internal.reflect.DelegatingMethodAccessorImpl.invoke(DelegatingMethodAccessorImpl.java:43)
Caused by: com.kms.katalon.core.exception.StepFailedException: Text 'Amount is less than minimum' is not present on page 
	... 24 more]]></system-err>
      </testcase>
      <testcase name="Test Cases/IntegratedWeb/IWP25/Error/MRFCorporate" time="180.063" classname="Test Cases/IntegratedWeb/IWP25/Error/MRFCorporate" status="FAILED">
         <failure type="FAILED" message="Test Cases/IntegratedWeb/IWP25/Error/MRFCorporate FAILED.&#xa;Reason:&#xa;com.kms.katalon.core.exception.StepFailedException: Text 'UDF3 Label is required' is not present on page  (Root cause: com.kms.katalon.core.exception.StepFailedException: Text 'UDF3 Label is required' is not present on page &#xa;	at com.kms.katalon.core.webui.keyword.internal.WebUIKeywordMain.stepFailed(WebUIKeywordMain.groovy:64)&#xa;	at com.kms.katalon.core.webui.keyword.builtin.VerifyTextPresentKeyword$_verifyTextPresent_closure1.doCall(VerifyTextPresentKeyword.groovy:79)&#xa;	at com.kms.katalon.core.webui.keyword.builtin.VerifyTextPresentKeyword$_verifyTextPresent_closure1.call(VerifyTextPresentKeyword.groovy)&#xa;	at com.kms.katalon.core.webui.keyword.internal.WebUIKeywordMain.runKeyword(WebUIKeywordMain.groovy:20)&#xa;	at com.kms.katalon.core.webui.keyword.builtin.VerifyTextPresentKeyword.verifyTextPresent(VerifyTextPresentKeyword.groovy:83)&#xa;	at com.kms.katalon.core.webui.keyword.builtin.VerifyTextPresentKeyword.execute(VerifyTextPresentKeyword.groovy:68)&#xa;	at com.kms.katalon.core.keyword.internal.KeywordExecutor.executeKeywordForPlatform(KeywordExecutor.groovy:74)&#xa;	at com.kms.katalon.core.webui.keyword.WebUiBuiltInKeywords.verifyTextPresent(WebUiBuiltInKeywords.groovy:1762)&#xa;	at MRFCorporate.run(MRFCorporate:83)&#xa;	at com.kms.katalon.core.main.ScriptEngine.run(ScriptEngine.java:194)&#xa;	at com.kms.katalon.core.main.ScriptEngine.runScriptAsRawText(ScriptEngine.java:119)&#xa;	at com.kms.katalon.core.main.TestCaseExecutor.runScript(TestCaseExecutor.java:448)&#xa;	at com.kms.katalon.core.main.TestCaseExecutor.doExecute(TestCaseExecutor.java:439)&#xa;	at com.kms.katalon.core.main.TestCaseExecutor.processExecutionPhase(TestCaseExecutor.java:418)&#xa;	at com.kms.katalon.core.main.TestCaseExecutor.accessMainPhase(TestCaseExecutor.java:410)&#xa;	at com.kms.katalon.core.main.TestCaseExecutor.execute(TestCaseExecutor.java:285)&#xa;	at com.kms.katalon.core.common.CommonExecutor.accessTestCaseMainPhase(CommonExecutor.java:65)&#xa;	at com.kms.katalon.core.main.TestSuiteExecutor.accessTestSuiteMainPhase(TestSuiteExecutor.java:150)&#xa;	at com.kms.katalon.core.main.TestSuiteExecutor.execute(TestSuiteExecutor.java:106)&#xa;	at com.kms.katalon.core.main.TestCaseMain.startTestSuite(TestCaseMain.java:180)&#xa;	at TempTestSuite1729787045812.run(TempTestSuite1729787045812.groovy:35)&#xa;	at java.base/jdk.internal.reflect.NativeMethodAccessorImpl.invoke0(Native Method)&#xa;	at java.base/jdk.internal.reflect.NativeMethodAccessorImpl.invoke(NativeMethodAccessorImpl.java:77)&#xa;	at java.base/jdk.internal.reflect.DelegatingMethodAccessorImpl.invoke(DelegatingMethodAccessorImpl.java:43)&#xa;)&#xa;	at com.kms.katalon.core.keyword.internal.KeywordMain.stepFailed(KeywordMain.groovy:39)&#xa;	at com.kms.katalon.core.webui.keyword.internal.WebUIKeywordMain.stepFailed(WebUIKeywordMain.groovy:64)&#xa;	at com.kms.katalon.core.webui.keyword.builtin.VerifyTextPresentKeyword$_verifyTextPresent_closure1.doCall(VerifyTextPresentKeyword.groovy:79)&#xa;	at com.kms.katalon.core.webui.keyword.builtin.VerifyTextPresentKeyword$_verifyTextPresent_closure1.call(VerifyTextPresentKeyword.groovy)&#xa;	at com.kms.katalon.core.webui.keyword.internal.WebUIKeywordMain.runKeyword(WebUIKeywordMain.groovy:20)&#xa;	at com.kms.katalon.core.webui.keyword.builtin.VerifyTextPresentKeyword.verifyTextPresent(VerifyTextPresentKeyword.groovy:83)&#xa;	at com.kms.katalon.core.webui.keyword.builtin.VerifyTextPresentKeyword.execute(VerifyTextPresentKeyword.groovy:68)&#xa;	at com.kms.katalon.core.keyword.internal.KeywordExecutor.executeKeywordForPlatform(KeywordExecutor.groovy:74)&#xa;	at com.kms.katalon.core.webui.keyword.WebUiBuiltInKeywords.verifyTextPresent(WebUiBuiltInKeywords.groovy:1762)&#xa;	at MRFCorporate.run(MRFCorporate:83)&#xa;	at com.kms.katalon.core.main.ScriptEngine.run(ScriptEngine.java:194)&#xa;	at com.kms.katalon.core.main.ScriptEngine.runScriptAsRawText(ScriptEngine.java:119)&#xa;	at com.kms.katalon.core.main.TestCaseExecutor.runScript(TestCaseExecutor.java:448)&#xa;	at com.kms.katalon.core.main.TestCaseExecutor.doExecute(TestCaseExecutor.java:439)&#xa;	at com.kms.katalon.core.main.TestCaseExecutor.processExecutionPhase(TestCaseExecutor.java:418)&#xa;	at com.kms.katalon.core.main.TestCaseExecutor.accessMainPhase(TestCaseExecutor.java:410)&#xa;	at com.kms.katalon.core.main.TestCaseExecutor.execute(TestCaseExecutor.java:285)&#xa;	at com.kms.katalon.core.common.CommonExecutor.accessTestCaseMainPhase(CommonExecutor.java:65)&#xa;	at com.kms.katalon.core.main.TestSuiteExecutor.accessTestSuiteMainPhase(TestSuiteExecutor.java:150)&#xa;	at com.kms.katalon.core.main.TestSuiteExecutor.execute(TestSuiteExecutor.java:106)&#xa;	at com.kms.katalon.core.main.TestCaseMain.startTestSuite(TestCaseMain.java:180)&#xa;	at TempTestSuite1729787045812.run(TempTestSuite1729787045812.groovy:35)&#xa;	at java.base/jdk.internal.reflect.NativeMethodAccessorImpl.invoke0(Native Method)&#xa;	at java.base/jdk.internal.reflect.NativeMethodAccessorImpl.invoke(NativeMethodAccessorImpl.java:77)&#xa;	at java.base/jdk.internal.reflect.DelegatingMethodAccessorImpl.invoke(DelegatingMethodAccessorImpl.java:43)&#xa;Caused by: com.kms.katalon.core.exception.StepFailedException: Text 'UDF3 Label is required' is not present on page &#xa;	... 24 more&#xa;"/>
         <system-out><![CDATA[25-10-2024T03:10:49 - [TEST_CASE][FAILED] - Test Cases/IntegratedWeb/IWP25/Error/MRFCorporate: Test Cases/IntegratedWeb/IWP25/Error/MRFCorporate FAILED.
Reason:
com.kms.katalon.core.exception.StepFailedException: Text 'UDF3 Label is required' is not present on page  (Root cause: com.kms.katalon.core.exception.StepFailedException: Text 'UDF3 Label is required' is not present on page 
	at com.kms.katalon.core.webui.keyword.internal.WebUIKeywordMain.stepFailed(WebUIKeywordMain.groovy:64)
	at com.kms.katalon.core.webui.keyword.builtin.VerifyTextPresentKeyword$_verifyTextPresent_closure1.doCall(VerifyTextPresentKeyword.groovy:79)
	at com.kms.katalon.core.webui.keyword.builtin.VerifyTextPresentKeyword$_verifyTextPresent_closure1.call(VerifyTextPresentKeyword.groovy)
	at com.kms.katalon.core.webui.keyword.internal.WebUIKeywordMain.runKeyword(WebUIKeywordMain.groovy:20)
	at com.kms.katalon.core.webui.keyword.builtin.VerifyTextPresentKeyword.verifyTextPresent(VerifyTextPresentKeyword.groovy:83)
	at com.kms.katalon.core.webui.keyword.builtin.VerifyTextPresentKeyword.execute(VerifyTextPresentKeyword.groovy:68)
	at com.kms.katalon.core.keyword.internal.KeywordExecutor.executeKeywordForPlatform(KeywordExecutor.groovy:74)
	at com.kms.katalon.core.webui.keyword.WebUiBuiltInKeywords.verifyTextPresent(WebUiBuiltInKeywords.groovy:1762)
	at MRFCorporate.run(MRFCorporate:83)
	at com.kms.katalon.core.main.ScriptEngine.run(ScriptEngine.java:194)
	at com.kms.katalon.core.main.ScriptEngine.runScriptAsRawText(ScriptEngine.java:119)
	at com.kms.katalon.core.main.TestCaseExecutor.runScript(TestCaseExecutor.java:448)
	at com.kms.katalon.core.main.TestCaseExecutor.doExecute(TestCaseExecutor.java:439)
	at com.kms.katalon.core.main.TestCaseExecutor.processExecutionPhase(TestCaseExecutor.java:418)
	at com.kms.katalon.core.main.TestCaseExecutor.accessMainPhase(TestCaseExecutor.java:410)
	at com.kms.katalon.core.main.TestCaseExecutor.execute(TestCaseExecutor.java:285)
	at com.kms.katalon.core.common.CommonExecutor.accessTestCaseMainPhase(CommonExecutor.java:65)
	at com.kms.katalon.core.main.TestSuiteExecutor.accessTestSuiteMainPhase(TestSuiteExecutor.java:150)
	at com.kms.katalon.core.main.TestSuiteExecutor.execute(TestSuiteExecutor.java:106)
	at com.kms.katalon.core.main.TestCaseMain.startTestSuite(TestCaseMain.java:180)
	at TempTestSuite1729787045812.run(TempTestSuite1729787045812.groovy:35)
	at java.base/jdk.internal.reflect.NativeMethodAccessorImpl.invoke0(Native Method)
	at java.base/jdk.internal.reflect.NativeMethodAccessorImpl.invoke(NativeMethodAccessorImpl.java:77)
	at java.base/jdk.internal.reflect.DelegatingMethodAccessorImpl.invoke(DelegatingMethodAccessorImpl.java:43)
)
	at com.kms.katalon.core.keyword.internal.KeywordMain.stepFailed(KeywordMain.groovy:39)
	at com.kms.katalon.core.webui.keyword.internal.WebUIKeywordMain.stepFailed(WebUIKeywordMain.groovy:64)
	at com.kms.katalon.core.webui.keyword.builtin.VerifyTextPresentKeyword$_verifyTextPresent_closure1.doCall(VerifyTextPresentKeyword.groovy:79)
	at com.kms.katalon.core.webui.keyword.builtin.VerifyTextPresentKeyword$_verifyTextPresent_closure1.call(VerifyTextPresentKeyword.groovy)
	at com.kms.katalon.core.webui.keyword.internal.WebUIKeywordMain.runKeyword(WebUIKeywordMain.groovy:20)
	at com.kms.katalon.core.webui.keyword.builtin.VerifyTextPresentKeyword.verifyTextPresent(VerifyTextPresentKeyword.groovy:83)
	at com.kms.katalon.core.webui.keyword.builtin.VerifyTextPresentKeyword.execute(VerifyTextPresentKeyword.groovy:68)
	at com.kms.katalon.core.keyword.internal.KeywordExecutor.executeKeywordForPlatform(KeywordExecutor.groovy:74)
	at com.kms.katalon.core.webui.keyword.WebUiBuiltInKeywords.verifyTextPresent(WebUiBuiltInKeywords.groovy:1762)
	at MRFCorporate.run(MRFCorporate:83)
	at com.kms.katalon.core.main.ScriptEngine.run(ScriptEngine.java:194)
	at com.kms.katalon.core.main.ScriptEngine.runScriptAsRawText(ScriptEngine.java:119)
	at com.kms.katalon.core.main.TestCaseExecutor.runScript(TestCaseExecutor.java:448)
	at com.kms.katalon.core.main.TestCaseExecutor.doExecute(TestCaseExecutor.java:439)
	at com.kms.katalon.core.main.TestCaseExecutor.processExecutionPhase(TestCaseExecutor.java:418)
	at com.kms.katalon.core.main.TestCaseExecutor.accessMainPhase(TestCaseExecutor.java:410)
	at com.kms.katalon.core.main.TestCaseExecutor.execute(TestCaseExecutor.java:285)
	at com.kms.katalon.core.common.CommonExecutor.accessTestCaseMainPhase(CommonExecutor.java:65)
	at com.kms.katalon.core.main.TestSuiteExecutor.accessTestSuiteMainPhase(TestSuiteExecutor.java:150)
	at com.kms.katalon.core.main.TestSuiteExecutor.execute(TestSuiteExecutor.java:106)
	at com.kms.katalon.core.main.TestCaseMain.startTestSuite(TestCaseMain.java:180)
	at TempTestSuite1729787045812.run(TempTestSuite1729787045812.groovy:35)
	at java.base/jdk.internal.reflect.NativeMethodAccessorImpl.invoke0(Native Method)
	at java.base/jdk.internal.reflect.NativeMethodAccessorImpl.invoke(NativeMethodAccessorImpl.java:77)
	at java.base/jdk.internal.reflect.DelegatingMethodAccessorImpl.invoke(DelegatingMethodAccessorImpl.java:43)
Caused by: com.kms.katalon.core.exception.StepFailedException: Text 'UDF3 Label is required' is not present on page 
	... 24 more


25-10-2024T03:10:49 - [TEST_STEP][PASSED] - resText = "Fail": null

25-10-2024T03:10:49 - [TEST_STEP][PASSED] - resColumn = "Result": null

25-10-2024T03:10:49 - [TEST_STEP][PASSED] - datCloumn = "Date": null

25-10-2024T03:10:49 - [TEST_STEP][PASSED] - fileLoc = "KatalonData/IWPTestData/VRelay25Payments.xlsx": null

25-10-2024T03:10:49 - [TEST_STEP][PASSED] - numOfRows = <not implemented yet for class: org.codehaus.groovy.ast.expr.EmptyExpression>: null

25-10-2024T03:10:49 - [TEST_STEP][PASSED] - dataFile = <not implemented yet for class: org.codehaus.groovy.ast.expr.EmptyExpression>: null

25-10-2024T03:10:49 - [TEST_STEP][PASSED] - nameSheet = <not implemented yet for class: org.codehaus.groovy.ast.expr.EmptyExpression>: null

25-10-2024T03:10:49 - [TEST_STEP][PASSED] - dataFileEmulator = <not implemented yet for class: org.codehaus.groovy.ast.expr.EmptyExpression>: null

25-10-2024T03:10:49 - [TEST_STEP][PASSED] - isRequiredTextPresent = false: null

25-10-2024T03:10:49 - [TEST_STEP][PASSED] - nameSheet = "MRFCorp": null

25-10-2024T03:10:49 - [TEST_STEP][PASSED] - dataFile = "IWPTestData/IWP25MRFCorp": null

25-10-2024T03:10:49 - [TEST_STEP][PASSED] - dataFileEmulator = "IWPTestData/EmulatorData": null

25-10-2024T03:10:49 - [TEST_STEP][PASSED] - numOfRows = findTestData(dataFile).getRowNumbers(): null

25-10-2024T03:10:49 - [TEST_STEP][PASSED] - println("Number of Records: " + numOfRows): null

25-10-2024T03:10:49 - [TEST_STEP][FAILED] - for ([row = 1, row <= numOfRows, (row++)]): null

25-10-2024T03:10:49 - [TEST_STEP][PASSED] - ExecuteTC = findTestData(dataFile).getValue("Execute", row): null

25-10-2024T03:10:49 - [TEST_STEP][PASSED] - out.println("Value of Execute is : " + ExecuteTC): null

25-10-2024T03:10:49 - [TEST_STEP][FAILED] - if (ExecuteTC.equalsIgnoreCase("Y")): null

25-10-2024T03:10:49 - [TEST_STEP][PASSED] - out.println("Begin Record Number: " + row): null

25-10-2024T03:10:49 - [TEST_STEP][PASSED] - today = new java.util.Date(): null

25-10-2024T03:10:49 - [TEST_STEP][PASSED] - println(today): null

25-10-2024T03:10:49 - [TEST_STEP][PASSED] - datText = today: null

25-10-2024T03:10:49 - [TEST_STEP][PASSED] - EmulatorDataKey = findTestData(dataFile).getValue("EmulatorData", row): null

25-10-2024T03:10:49 - [TEST_STEP][PASSED] - out.println("Value of Emulator Key is : " + EmulatorDataKey): null

25-10-2024T03:10:49 - [TEST_STEP][PASSED] - iwpPages.emulatorIWP30.setDataEmulator_DD(EmulatorDataKey): iwpPages.emulatorIWP30.setDataEmulator_DD is PASSED

25-10-2024T03:10:50 - [MESSAGE][INFO] - Starting 'Edge Chromium' driver

25-10-2024T03:10:50 - [MESSAGE][INFO] - User set preference: ['acceptInsecureCerts', 'true']

25-10-2024T03:10:52 - [MESSAGE][INFO] - Action delay is set to 0 milliseconds

25-10-2024T03:10:56 - [MESSAGE][PASSED] - Browser is opened with url: 'https://qa2.velocitypayment.com/agencyx/config.action?action=editor&message_version=2_5'

25-10-2024T03:10:56 - [MESSAGE][PASSED] - Current window maximized

25-10-2024T03:11:27 - [MESSAGE][INFO] - Unable to find the element located by 'By.xpath: //select[@name='message_version']'. Please recheck the objects properties to make sure the desired element is located. 

25-10-2024T03:11:27 - [MESSAGE][WARNING] - [SELF-HEALING] Failed to find element with id 'Object Repository/IWP30/Page_VRelay30Emulator/MV'. Try using Self-healing.

25-10-2024T03:11:27 - [MESSAGE][WARNING] - [SELF-HEALING] The current locator of test object 'Object Repository/IWP30/Page_VRelay30Emulator/MV' was broken. Propose an alternative one: '(.//*[normalize-space(text()) and normalize-space(.)='Message Version'])[1]/following::select[1]'.

25-10-2024T03:11:28 - [MESSAGE][PASSED] - All options with value '2.5' are selected in object 'Object Repository/IWP30/Page_VRelay30Emulator/MV'  using regular expression

25-10-2024T03:11:28 - [MESSAGE][PASSED] - Text '10.50' is set on object 'Object Repository/IWP30/Page_EmulatorAgencyX/Amount'

25-10-2024T03:11:29 - [MESSAGE][PASSED] - Text '3CFqcVLmf67N' is set on object 'Object Repository/IWP30/Page_EmulatorAgencyX/CAN'

25-10-2024T03:11:30 - [MESSAGE][PASSED] - Text 'PayNow' is set on object 'Object Repository/IWP30/Page_EmulatorAgencyX/Action'

25-10-2024T03:11:30 - [MESSAGE][PASSED] - Text 'en_US' is set on object 'Object Repository/IWP30/Page_EmulatorAgencyX/Lang'

25-10-2024T03:11:31 - [MESSAGE][PASSED] - Text '' is set on object 'Object Repository/IWP30/Page_EmulatorAgencyX/Fname'

25-10-2024T03:11:31 - [MESSAGE][PASSED] - Text '' is set on object 'Object Repository/IWP30/Page_EmulatorAgencyX/Lname'

25-10-2024T03:11:32 - [MESSAGE][PASSED] - Text '' is set on object 'Object Repository/IWP30/Page_EmulatorAgencyX/AL1'

25-10-2024T03:11:33 - [MESSAGE][PASSED] - Text '' is set on object 'Object Repository/IWP30/Page_EmulatorAgencyX/AL2'

25-10-2024T03:11:33 - [MESSAGE][PASSED] - Text '' is set on object 'Object Repository/IWP30/Page_EmulatorAgencyX/Country'

25-10-2024T03:11:34 - [MESSAGE][PASSED] - Text '' is set on object 'Object Repository/IWP30/Page_EmulatorAgencyX/City'

25-10-2024T03:11:34 - [MESSAGE][PASSED] - Text '' is set on object 'Object Repository/IWP30/Page_EmulatorAgencyX/State'

25-10-2024T03:11:35 - [MESSAGE][PASSED] - Text '' is set on object 'Object Repository/IWP30/Page_EmulatorAgencyX/ZIP'

25-10-2024T03:11:35 - [MESSAGE][PASSED] - Text '' is set on object 'Object Repository/IWP30/Page_EmulatorAgencyX/Order'

25-10-2024T03:11:36 - [MESSAGE][PASSED] - Text '' is set on object 'Object Repository/IWP30/Page_EmulatorAgencyX/Company'

25-10-2024T03:11:37 - [MESSAGE][PASSED] - Text '' is set on object 'Object Repository/IWP30/Page_EmulatorAgencyX/Email'

25-10-2024T03:11:37 - [MESSAGE][PASSED] - Text '' is set on object 'Object Repository/IWP30/Page_EmulatorAgencyX/UDF1'

25-10-2024T03:11:38 - [MESSAGE][PASSED] - Text '' is set on object 'Object Repository/IWP30/Page_EmulatorAgencyX/UDF2'

25-10-2024T03:11:38 - [MESSAGE][PASSED] - Text '' is set on object 'Object Repository/IWP30/Page_EmulatorAgencyX/UDF3'

25-10-2024T03:11:39 - [MESSAGE][PASSED] - Text 'udf data 4' is set on object 'Object Repository/IWP30/Page_EmulatorAgencyX/UDF4'

25-10-2024T03:11:39 - [MESSAGE][PASSED] - Text 'udf data 5' is set on object 'Object Repository/IWP30/Page_EmulatorAgencyX/UDF5'

25-10-2024T03:11:40 - [MESSAGE][PASSED] - Text '' is set on object 'Object Repository/IWP30/Page_EmulatorAgencyX/UDF6'

25-10-2024T03:11:41 - [MESSAGE][PASSED] - Text '' is set on object 'Object Repository/IWP30/Page_EmulatorAgencyX/UDF7'

25-10-2024T03:11:41 - [MESSAGE][PASSED] - Text '' is set on object 'Object Repository/IWP30/Page_EmulatorAgencyX/UDF8'

25-10-2024T03:11:42 - [MESSAGE][PASSED] - Text 'udf data 9' is set on object 'Object Repository/IWP30/Page_EmulatorAgencyX/UDF9'

25-10-2024T03:11:42 - [MESSAGE][PASSED] - Text 'udf data 10' is set on object 'Object Repository/IWP30/Page_EmulatorAgencyX/UDF10'

25-10-2024T03:11:44 - [MESSAGE][PASSED] - Object: 'Object Repository/IWP30/Page_EmulatorAgencyX/Submit' is clicked on

25-10-2024T03:11:48 - [MESSAGE][PASSED] - Browser is closed

25-10-2024T03:11:52 - [MESSAGE][PASSED] - iwpPages.emulatorIWP30.setDataEmulator_DD is PASSED

25-10-2024T03:11:52 - [TEST_STEP][PASSED] - testHarnessURL = urlTestHarness: null

25-10-2024T03:11:52 - [TEST_STEP][PASSED] - openBrowser(testHarnessURL): Browser is opened with url: 'https://dev-algorithm.govolution.com/vrelaytest/QA2/version_2_2/vrelaytest.html'

25-10-2024T03:11:52 - [MESSAGE][INFO] - Starting 'Edge Chromium' driver

25-10-2024T03:11:52 - [MESSAGE][INFO] - User set preference: ['acceptInsecureCerts', 'true']

25-10-2024T03:11:54 - [MESSAGE][INFO] - Action delay is set to 0 milliseconds

25-10-2024T03:12:02 - [MESSAGE][PASSED] - Browser is opened with url: 'https://dev-algorithm.govolution.com/vrelaytest/QA2/version_2_2/vrelaytest.html'

25-10-2024T03:12:02 - [TEST_STEP][PASSED] - maximizeWindow(): Current window maximized

25-10-2024T03:12:02 - [MESSAGE][PASSED] - Current window maximized

25-10-2024T03:12:02 - [TEST_STEP][PASSED] - iwpPages.TestHarnessPage.setDataMethod(row, dataFile): iwpPages.TestHarnessPage.setDataMethod is PASSED

25-10-2024T03:12:03 - [MESSAGE][PASSED] - Object 'Object Repository/IWP30/Page_QATestHarness/RemittanceID' is present

25-10-2024T03:12:03 - [MESSAGE][PASSED] - Text '638' is set on object 'Object Repository/IWP30/Page_QATestHarness/ApplicationID'

25-10-2024T03:12:04 - [MESSAGE][PASSED] - Text '2.5' is set on object 'Object Repository/IWP30/Page_QATestHarness/MessageVersion'

25-10-2024T03:12:05 - [MESSAGE][PASSED] - Text 'pW9S43HA21Qa' is set on object 'Object Repository/IWP30/Page_QATestHarness/RemittanceID'

25-10-2024T03:12:08 - [MESSAGE][PASSED] - Object: 'Object Repository/IWP30/Page_QATestHarness/SubmitButton' is clicked on

25-10-2024T03:12:08 - [MESSAGE][PASSED] - iwpPages.TestHarnessPage.setDataMethod is PASSED

25-10-2024T03:12:08 - [TEST_STEP][PASSED] - click(findTestObject("Object Repository/IWP30/Page_SelectPaymentMethod/PayByCorporateCheck")): Object: 'Object Repository/IWP30/Page_SelectPaymentMethod/PayByCorporateCheck' is clicked on

25-10-2024T03:12:09 - [MESSAGE][PASSED] - Object: 'Object Repository/IWP30/Page_SelectPaymentMethod/PayByCorporateCheck' is clicked on

25-10-2024T03:12:09 - [TEST_STEP][PASSED] - click(findTestObject("Object Repository/IWP30/Page_SelectPaymentMethod/MakePaymentButton")): Object: 'Object Repository/IWP30/Page_SelectPaymentMethod/MakePaymentButton' is clicked on

25-10-2024T03:12:12 - [MESSAGE][PASSED] - Object: 'Object Repository/IWP30/Page_SelectPaymentMethod/MakePaymentButton' is clicked on

25-10-2024T03:12:12 - [TEST_STEP][PASSED] - click(findTestObject("Object Repository/IWP30/Page_ACHCorporatePaymentEntry/btn_Continue")): Object: 'Object Repository/IWP30/Page_ACHCorporatePaymentEntry/btn_Continue' is clicked on

25-10-2024T03:12:14 - [MESSAGE][PASSED] - Object: 'Object Repository/IWP30/Page_ACHCorporatePaymentEntry/btn_Continue' is clicked on

25-10-2024T03:12:14 - [TEST_STEP][PASSED] - Thread.sleep(5000): null

25-10-2024T03:12:19 - [TEST_STEP][FAILED] - if (verifyTextPresent("UDF3 Label is required", false)): Text 'UDF3 Label is required' is not present on page  (Root cause: com.kms.katalon.core.exception.StepFailedException: Text 'UDF3 Label is required' is not present on page 
	at com.kms.katalon.core.webui.keyword.internal.WebUIKeywordMain.stepFailed(WebUIKeywordMain.groovy:64)
	at com.kms.katalon.core.webui.keyword.builtin.VerifyTextPresentKeyword$_verifyTextPresent_closure1.doCall(VerifyTextPresentKeyword.groovy:79)
	at com.kms.katalon.core.webui.keyword.builtin.VerifyTextPresentKeyword$_verifyTextPresent_closure1.call(VerifyTextPresentKeyword.groovy)
	at com.kms.katalon.core.webui.keyword.internal.WebUIKeywordMain.runKeyword(WebUIKeywordMain.groovy:20)
	at com.kms.katalon.core.webui.keyword.builtin.VerifyTextPresentKeyword.verifyTextPresent(VerifyTextPresentKeyword.groovy:83)
	at com.kms.katalon.core.webui.keyword.builtin.VerifyTextPresentKeyword.execute(VerifyTextPresentKeyword.groovy:68)
	at com.kms.katalon.core.keyword.internal.KeywordExecutor.executeKeywordForPlatform(KeywordExecutor.groovy:74)
	at com.kms.katalon.core.webui.keyword.WebUiBuiltInKeywords.verifyTextPresent(WebUiBuiltInKeywords.groovy:1762)
	at MRFCorporate.run(MRFCorporate:83)
	at com.kms.katalon.core.main.ScriptEngine.run(ScriptEngine.java:194)
	at com.kms.katalon.core.main.ScriptEngine.runScriptAsRawText(ScriptEngine.java:119)
	at com.kms.katalon.core.main.TestCaseExecutor.runScript(TestCaseExecutor.java:448)
	at com.kms.katalon.core.main.TestCaseExecutor.doExecute(TestCaseExecutor.java:439)
	at com.kms.katalon.core.main.TestCaseExecutor.processExecutionPhase(TestCaseExecutor.java:418)
	at com.kms.katalon.core.main.TestCaseExecutor.accessMainPhase(TestCaseExecutor.java:410)
	at com.kms.katalon.core.main.TestCaseExecutor.execute(TestCaseExecutor.java:285)
	at com.kms.katalon.core.common.CommonExecutor.accessTestCaseMainPhase(CommonExecutor.java:65)
	at com.kms.katalon.core.main.TestSuiteExecutor.accessTestSuiteMainPhase(TestSuiteExecutor.java:150)
	at com.kms.katalon.core.main.TestSuiteExecutor.execute(TestSuiteExecutor.java:106)
	at com.kms.katalon.core.main.TestCaseMain.startTestSuite(TestCaseMain.java:180)
	at TempTestSuite1729787045812.run(TempTestSuite1729787045812.groovy:35)
	at java.base/jdk.internal.reflect.NativeMethodAccessorImpl.invoke0(Native Method)
	at java.base/jdk.internal.reflect.NativeMethodAccessorImpl.invoke(NativeMethodAccessorImpl.java:77)
	at java.base/jdk.internal.reflect.DelegatingMethodAccessorImpl.invoke(DelegatingMethodAccessorImpl.java:43)
)

25-10-2024T03:12:19 - [MESSAGE][FAILED] - Text 'UDF3 Label is required' is not present on page  (Root cause: com.kms.katalon.core.exception.StepFailedException: Text 'UDF3 Label is required' is not present on page 
	at com.kms.katalon.core.webui.keyword.internal.WebUIKeywordMain.stepFailed(WebUIKeywordMain.groovy:64)
	at com.kms.katalon.core.webui.keyword.builtin.VerifyTextPresentKeyword$_verifyTextPresent_closure1.doCall(VerifyTextPresentKeyword.groovy:79)
	at com.kms.katalon.core.webui.keyword.builtin.VerifyTextPresentKeyword$_verifyTextPresent_closure1.call(VerifyTextPresentKeyword.groovy)
	at com.kms.katalon.core.webui.keyword.internal.WebUIKeywordMain.runKeyword(WebUIKeywordMain.groovy:20)
	at com.kms.katalon.core.webui.keyword.builtin.VerifyTextPresentKeyword.verifyTextPresent(VerifyTextPresentKeyword.groovy:83)
	at com.kms.katalon.core.webui.keyword.builtin.VerifyTextPresentKeyword.execute(VerifyTextPresentKeyword.groovy:68)
	at com.kms.katalon.core.keyword.internal.KeywordExecutor.executeKeywordForPlatform(KeywordExecutor.groovy:74)
	at com.kms.katalon.core.webui.keyword.WebUiBuiltInKeywords.verifyTextPresent(WebUiBuiltInKeywords.groovy:1762)
	at MRFCorporate.run(MRFCorporate:83)
	at com.kms.katalon.core.main.ScriptEngine.run(ScriptEngine.java:194)
	at com.kms.katalon.core.main.ScriptEngine.runScriptAsRawText(ScriptEngine.java:119)
	at com.kms.katalon.core.main.TestCaseExecutor.runScript(TestCaseExecutor.java:448)
	at com.kms.katalon.core.main.TestCaseExecutor.doExecute(TestCaseExecutor.java:439)
	at com.kms.katalon.core.main.TestCaseExecutor.processExecutionPhase(TestCaseExecutor.java:418)
	at com.kms.katalon.core.main.TestCaseExecutor.accessMainPhase(TestCaseExecutor.java:410)
	at com.kms.katalon.core.main.TestCaseExecutor.execute(TestCaseExecutor.java:285)
	at com.kms.katalon.core.common.CommonExecutor.accessTestCaseMainPhase(CommonExecutor.java:65)
	at com.kms.katalon.core.main.TestSuiteExecutor.accessTestSuiteMainPhase(TestSuiteExecutor.java:150)
	at com.kms.katalon.core.main.TestSuiteExecutor.execute(TestSuiteExecutor.java:106)
	at com.kms.katalon.core.main.TestCaseMain.startTestSuite(TestCaseMain.java:180)
	at TempTestSuite1729787045812.run(TempTestSuite1729787045812.groovy:35)
	at java.base/jdk.internal.reflect.NativeMethodAccessorImpl.invoke0(Native Method)
	at java.base/jdk.internal.reflect.NativeMethodAccessorImpl.invoke(NativeMethodAccessorImpl.java:77)
	at java.base/jdk.internal.reflect.DelegatingMethodAccessorImpl.invoke(DelegatingMethodAccessorImpl.java:43)
)

25-10-2024T03:12:19 - [TEST_STEP][PASSED] - else: null

25-10-2024T03:12:19 - [TEST_STEP][PASSED] - isRequiredTextPresent = false: null

25-10-2024T03:12:19 - [TEST_STEP][PASSED] - if (isRequiredTextPresent): null

25-10-2024T03:12:19 - [TEST_STEP][PASSED] - if (isRequiredTextPresent): null

25-10-2024T03:12:19 - [TEST_STEP][PASSED] - if (isRequiredTextPresent): null

25-10-2024T03:12:19 - [TEST_STEP][PASSED] - if (isRequiredTextPresent): null

25-10-2024T03:12:19 - [TEST_STEP][PASSED] - if (isRequiredTextPresent): null

25-10-2024T03:12:19 - [TEST_STEP][PASSED] - if (isRequiredTextPresent): null

25-10-2024T03:12:19 - [TEST_STEP][PASSED] - if (isRequiredTextPresent): null

25-10-2024T03:12:19 - [TEST_STEP][PASSED] - if (isRequiredTextPresent): null

25-10-2024T03:12:19 - [TEST_STEP][PASSED] - if (isRequiredTextPresent): null

25-10-2024T03:12:19 - [TEST_STEP][PASSED] - if (isRequiredTextPresent): null

25-10-2024T03:12:19 - [TEST_STEP][PASSED] - if (isRequiredTextPresent): null

25-10-2024T03:12:19 - [TEST_STEP][PASSED] - if (isRequiredTextPresent): null

25-10-2024T03:12:19 - [TEST_STEP][FAILED] - else: null

25-10-2024T03:12:19 - [TEST_STEP][PASSED] - println("One or more error messages are missing"): null

25-10-2024T03:12:19 - [TEST_STEP][FAILED] - markFailed("One or more error messages are missing"): One or more error messages are missing

25-10-2024T03:12:19 - [MESSAGE][FAILED] - One or more error messages are missing

25-10-2024T03:12:19 - [TEST_STEP][PASSED] - resText = "Fail": null

25-10-2024T03:12:19 - [TEST_STEP][PASSED] - pages.WriteExcel.demoKey(resText, datText, resColumn, datCloumn, fileLoc, nameSheet, row): pages.WriteExcel.demoKey is PASSED

25-10-2024T03:12:19 - [MESSAGE][PASSED] - pages.WriteExcel.demoKey is PASSED

25-10-2024T03:12:19 - [TEST_STEP][PASSED] - println(getText(findTestObject("Object Repository/IWP30/Page_Receipt/div_ReceiptSourceCode"))): Text of object 'Object Repository/IWP30/Page_Receipt/div_ReceiptSourceCode' is: 'Make a Real Estate Payment
Lorem ipsum dolor sit amet, consectetuer adipiscing elit, sed diam nonummy nibh euismod tincidunt ut laoreet dolore magna aliquam erat volutpat. Ut wisi enim ad minim veniam, quis nostrud exerci tation ullamcorper suscipit lobortis nisl ut aliquip ex ea commodo consequat.
  Enter Payment Information


  Required fields are highlighted with an asterisk.
  Please enter the following billing information about your payment:
  CAN Label: m8qEBrauNQsl
  Tax Amount: $0.00
  Amount:*  $
  UDF1 Label:  udf data 1
  UDF2 Label: 
  UDF3 Label:* 
  UDF4 Label:*  udf data 4
  UDF6 Label:  udf data 6
  UDF7 Label: 
--Select One--
Orange
Purple

  UDF8 Label:* 
--Select One--
Soccer
Tennis

UDF8 Label is required
  UDF9 Label:*  udf data 9
 
Please enter the following information about your Bank account:
  Company Name:* 
  Routing Transit Number:* 
Routing number is required
  Account Number:* 
Account number is required
  Confirm Account Number:* 
The Confirm Account Number field is a required field.
  Employer Identification Number (EIN):    (e.g. 00-0000000)
  Type of Account:*  Corporate Checking
  Payment Date:*



  Address Line 1:* 
  Address Line 2: 
  Country:*  
  
United States
     
  ZIP Code:* 
  City:* 
  State:*  
     
  
     
  
     
  
     
  
     
  
     
  
     
  
     
  
     
  
     
  
     
  
     
  
     
  
     
  
     
  
     
  
     
  
     
  
     
  
     
  
     
  
     
  
     
  
     
  
     
  
     
  
     
  
     
  
     
  
     
  
     
  
     
  
     
  
     
  
     
  
     
  
     
  
     
  
     
  
     
  
     
  
     
  
     
  
     
  
     
  
     
  
     
  
     
  
     
  
     
  
     
  
     
  
     
  
     
  
     
  
     
  
     
  
     
  
     
  
     
  
     
  
     
  
     
  
     
  
     
  
     
  
    
--Select One--
Armed Forces Americas
Armed Forces Europe
Armed Forces Canada
Armed Forces Africa
Armed Forces Middle East
Armed Forces Pacific
Alabama
Alaska
American Samoa
Arizona
Arkansas
California
Colorado
Connecticut
Delaware
District of Columbia
Federated States of Micronesia
Florida
Georgia
Guam
Hawaii
Idaho
Illinois
Indiana
Iowa
Kansas
Kentucky
Louisiana
Maine
Maryland
Massachusetts
Michigan
Minnesota
Mississippi
Missouri
Montana
Nebraska
Nevada
New Hampshire
New Jersey
New Mexico
New York
North Carolina
North Dakota
Northern Mariana Islands
Ohio
Oklahoma
Oregon
Palau
Pennsylvania
Puerto Rico
Rhode Island
South Carolina
South Dakota
Tennessee
Texas
Utah
Vermont
Virgin Islands
Virginia
Washington
West Virginia
Wisconsin
Wyoming
Marshall Island

 
Receipt Information:
  Email Address:* 
 
  Please check here to store the payment method for future use.

    By clicking on the provided checkbox, I authorize ABC Company to initiate an electronic debit to my bank account in the amount displayed above. This authorization is to remain in full force and effect unless I provide written notification to Fairfax Dept Tax Administration within an appropriate time frame to allow Fairfax Dept Tax Administration to act on it.
You must review and accept the ACH terms and conditions in order to process an electronic debit transaction.
    If my payment is returned unpaid, additional attempts may be made to process the payment, and I will be charged a returned item fee up to the maximum allowed by law. Call the County of Fairfax Department of Tax Administration with any questions regarding this authorization.


Please select if you do not accept the terms above.'

25-10-2024T03:12:20 - [MESSAGE][PASSED] - Text of object 'Object Repository/IWP30/Page_Receipt/div_ReceiptSourceCode' is: 'Make a Real Estate Payment
Lorem ipsum dolor sit amet, consectetuer adipiscing elit, sed diam nonummy nibh euismod tincidunt ut laoreet dolore magna aliquam erat volutpat. Ut wisi enim ad minim veniam, quis nostrud exerci tation ullamcorper suscipit lobortis nisl ut aliquip ex ea commodo consequat.
  Enter Payment Information


  Required fields are highlighted with an asterisk.
  Please enter the following billing information about your payment:
  CAN Label: m8qEBrauNQsl
  Tax Amount: $0.00
  Amount:*  $
  UDF1 Label:  udf data 1
  UDF2 Label: 
  UDF3 Label:* 
  UDF4 Label:*  udf data 4
  UDF6 Label:  udf data 6
  UDF7 Label: 
--Select One--
Orange
Purple

  UDF8 Label:* 
--Select One--
Soccer
Tennis

UDF8 Label is required
  UDF9 Label:*  udf data 9
 
Please enter the following information about your Bank account:
  Company Name:* 
  Routing Transit Number:* 
Routing number is required
  Account Number:* 
Account number is required
  Confirm Account Number:* 
The Confirm Account Number field is a required field.
  Employer Identification Number (EIN):    (e.g. 00-0000000)
  Type of Account:*  Corporate Checking
  Payment Date:*



  Address Line 1:* 
  Address Line 2: 
  Country:*  
  
United States
     
  ZIP Code:* 
  City:* 
  State:*  
     
  
     
  
     
  
     
  
     
  
     
  
     
  
     
  
     
  
     
  
     
  
     
  
     
  
     
  
     
  
     
  
     
  
     
  
     
  
     
  
     
  
     
  
     
  
     
  
     
  
     
  
     
  
     
  
     
  
     
  
     
  
     
  
     
  
     
  
     
  
     
  
     
  
     
  
     
  
     
  
     
  
     
  
     
  
     
  
     
  
     
  
     
  
     
  
     
  
     
  
     
  
     
  
     
  
     
  
     
  
     
  
     
  
     
  
     
  
     
  
     
  
     
  
     
  
     
  
     
  
     
  
    
--Select One--
Armed Forces Americas
Armed Forces Europe
Armed Forces Canada
Armed Forces Africa
Armed Forces Middle East
Armed Forces Pacific
Alabama
Alaska
American Samoa
Arizona
Arkansas
California
Colorado
Connecticut
Delaware
District of Columbia
Federated States of Micronesia
Florida
Georgia
Guam
Hawaii
Idaho
Illinois
Indiana
Iowa
Kansas
Kentucky
Louisiana
Maine
Maryland
Massachusetts
Michigan
Minnesota
Mississippi
Missouri
Montana
Nebraska
Nevada
New Hampshire
New Jersey
New Mexico
New York
North Carolina
North Dakota
Northern Mariana Islands
Ohio
Oklahoma
Oregon
Palau
Pennsylvania
Puerto Rico
Rhode Island
South Carolina
South Dakota
Tennessee
Texas
Utah
Vermont
Virgin Islands
Virginia
Washington
West Virginia
Wisconsin
Wyoming
Marshall Island

 
Receipt Information:
  Email Address:* 
 
  Please check here to store the payment method for future use.

    By clicking on the provided checkbox, I authorize ABC Company to initiate an electronic debit to my bank account in the amount displayed above. This authorization is to remain in full force and effect unless I provide written notification to Fairfax Dept Tax Administration within an appropriate time frame to allow Fairfax Dept Tax Administration to act on it.
You must review and accept the ACH terms and conditions in order to process an electronic debit transaction.
    If my payment is returned unpaid, additional attempts may be made to process the payment, and I will be charged a returned item fee up to the maximum allowed by law. Call the County of Fairfax Department of Tax Administration with any questions regarding this authorization.


Please select if you do not accept the terms above.'

25-10-2024T03:12:20 - [TEST_STEP][PASSED] - closeBrowser(): Browser is closed

25-10-2024T03:12:20 - [MESSAGE][PASSED] - Browser is closed

25-10-2024T03:12:20 - [TEST_STEP][PASSED] - ExecuteTC = findTestData(dataFile).getValue("Execute", row): null

25-10-2024T03:12:20 - [TEST_STEP][PASSED] - out.println("Value of Execute is : " + ExecuteTC): null

25-10-2024T03:12:20 - [TEST_STEP][PASSED] - if (ExecuteTC.equalsIgnoreCase("Y")): pages.WriteExcel.demoKey is PASSED

25-10-2024T03:12:20 - [TEST_STEP][PASSED] - out.println("Begin Record Number: " + row): null

25-10-2024T03:12:20 - [TEST_STEP][PASSED] - today = new java.util.Date(): null

25-10-2024T03:12:20 - [TEST_STEP][PASSED] - println(today): null

25-10-2024T03:12:20 - [TEST_STEP][PASSED] - datText = today: null

25-10-2024T03:12:20 - [TEST_STEP][PASSED] - EmulatorDataKey = findTestData(dataFile).getValue("EmulatorData", row): null

25-10-2024T03:12:20 - [TEST_STEP][PASSED] - out.println("Value of Emulator Key is : " + EmulatorDataKey): null

25-10-2024T03:12:20 - [TEST_STEP][PASSED] - iwpPages.emulatorIWP30.setDataEmulator_DD(EmulatorDataKey): iwpPages.emulatorIWP30.setDataEmulator_DD is PASSED

25-10-2024T03:12:21 - [MESSAGE][INFO] - Starting 'Edge Chromium' driver

25-10-2024T03:12:21 - [MESSAGE][INFO] - User set preference: ['acceptInsecureCerts', 'true']

25-10-2024T03:12:23 - [MESSAGE][INFO] - Action delay is set to 0 milliseconds

25-10-2024T03:12:27 - [MESSAGE][PASSED] - Browser is opened with url: 'https://qa2.velocitypayment.com/agencyx/config.action?action=editor&message_version=3_0'

25-10-2024T03:12:27 - [MESSAGE][PASSED] - Current window maximized

25-10-2024T03:12:58 - [MESSAGE][INFO] - Unable to find the element located by 'By.xpath: //select[@name='message_version']'. Please recheck the objects properties to make sure the desired element is located. 

25-10-2024T03:12:58 - [MESSAGE][WARNING] - [SELF-HEALING] Failed to find element with id 'Object Repository/IWP30/Page_VRelay30Emulator/MV'. Try using Self-healing.

25-10-2024T03:12:58 - [MESSAGE][WARNING] - [SELF-HEALING] The current locator of test object 'Object Repository/IWP30/Page_VRelay30Emulator/MV' was broken. Propose an alternative one: '(.//*[normalize-space(text()) and normalize-space(.)='Message Version'])[1]/following::select[1]'.

25-10-2024T03:12:59 - [MESSAGE][PASSED] - All options with value '3.0' are selected in object 'Object Repository/IWP30/Page_VRelay30Emulator/MV'  using regular expression

25-10-2024T03:13:00 - [MESSAGE][PASSED] - Text '10.50' is set on object 'Object Repository/IWP30/Page_EmulatorAgencyX/Amount'

25-10-2024T03:13:00 - [MESSAGE][PASSED] - Text 'A9GzleKIjeEZ' is set on object 'Object Repository/IWP30/Page_EmulatorAgencyX/CAN'

25-10-2024T03:13:01 - [MESSAGE][PASSED] - Text 'PayNow' is set on object 'Object Repository/IWP30/Page_EmulatorAgencyX/Action'

25-10-2024T03:13:01 - [MESSAGE][PASSED] - Text 'en_US' is set on object 'Object Repository/IWP30/Page_EmulatorAgencyX/Lang'

25-10-2024T03:13:02 - [MESSAGE][PASSED] - Text '' is set on object 'Object Repository/IWP30/Page_EmulatorAgencyX/Fname'

25-10-2024T03:13:03 - [MESSAGE][PASSED] - Text '' is set on object 'Object Repository/IWP30/Page_EmulatorAgencyX/Lname'

25-10-2024T03:13:03 - [MESSAGE][PASSED] - Text '' is set on object 'Object Repository/IWP30/Page_EmulatorAgencyX/AL1'

25-10-2024T03:13:04 - [MESSAGE][PASSED] - Text '' is set on object 'Object Repository/IWP30/Page_EmulatorAgencyX/AL2'

25-10-2024T03:13:04 - [MESSAGE][PASSED] - Text '' is set on object 'Object Repository/IWP30/Page_EmulatorAgencyX/Country'

25-10-2024T03:13:05 - [MESSAGE][PASSED] - Text '' is set on object 'Object Repository/IWP30/Page_EmulatorAgencyX/City'

25-10-2024T03:13:05 - [MESSAGE][PASSED] - Text '' is set on object 'Object Repository/IWP30/Page_EmulatorAgencyX/State'

25-10-2024T03:13:06 - [MESSAGE][PASSED] - Text '' is set on object 'Object Repository/IWP30/Page_EmulatorAgencyX/ZIP'

25-10-2024T03:13:07 - [MESSAGE][PASSED] - Text '' is set on object 'Object Repository/IWP30/Page_EmulatorAgencyX/Order'

25-10-2024T03:13:07 - [MESSAGE][PASSED] - Text '' is set on object 'Object Repository/IWP30/Page_EmulatorAgencyX/Company'

25-10-2024T03:13:08 - [MESSAGE][PASSED] - Text '' is set on object 'Object Repository/IWP30/Page_EmulatorAgencyX/Email'

25-10-2024T03:13:08 - [MESSAGE][PASSED] - Text '' is set on object 'Object Repository/IWP30/Page_EmulatorAgencyX/UDF1'

25-10-2024T03:13:09 - [MESSAGE][PASSED] - Text '' is set on object 'Object Repository/IWP30/Page_EmulatorAgencyX/UDF2'

25-10-2024T03:13:09 - [MESSAGE][PASSED] - Text '' is set on object 'Object Repository/IWP30/Page_EmulatorAgencyX/UDF3'

25-10-2024T03:13:10 - [MESSAGE][PASSED] - Text 'udf data 4' is set on object 'Object Repository/IWP30/Page_EmulatorAgencyX/UDF4'

25-10-2024T03:13:11 - [MESSAGE][PASSED] - Text 'udf data 5' is set on object 'Object Repository/IWP30/Page_EmulatorAgencyX/UDF5'

25-10-2024T03:13:11 - [MESSAGE][PASSED] - Text '' is set on object 'Object Repository/IWP30/Page_EmulatorAgencyX/UDF6'

25-10-2024T03:13:12 - [MESSAGE][PASSED] - Text '' is set on object 'Object Repository/IWP30/Page_EmulatorAgencyX/UDF7'

25-10-2024T03:13:12 - [MESSAGE][PASSED] - Text '' is set on object 'Object Repository/IWP30/Page_EmulatorAgencyX/UDF8'

25-10-2024T03:13:13 - [MESSAGE][PASSED] - Text 'udf data 9' is set on object 'Object Repository/IWP30/Page_EmulatorAgencyX/UDF9'

25-10-2024T03:13:14 - [MESSAGE][PASSED] - Text 'udf data 10' is set on object 'Object Repository/IWP30/Page_EmulatorAgencyX/UDF10'

25-10-2024T03:13:15 - [MESSAGE][PASSED] - Object: 'Object Repository/IWP30/Page_EmulatorAgencyX/Submit' is clicked on

25-10-2024T03:13:19 - [MESSAGE][PASSED] - Browser is closed

25-10-2024T03:13:23 - [MESSAGE][PASSED] - iwpPages.emulatorIWP30.setDataEmulator_DD is PASSED

25-10-2024T03:13:23 - [TEST_STEP][PASSED] - testHarnessURL = urlTestHarness: null

25-10-2024T03:13:23 - [TEST_STEP][PASSED] - openBrowser(testHarnessURL): Browser is opened with url: 'https://dev-algorithm.govolution.com/vrelaytest/QA2/version_2_2/vrelaytest.html'

25-10-2024T03:13:23 - [MESSAGE][INFO] - Starting 'Edge Chromium' driver

25-10-2024T03:13:23 - [MESSAGE][INFO] - User set preference: ['acceptInsecureCerts', 'true']

25-10-2024T03:13:25 - [MESSAGE][INFO] - Action delay is set to 0 milliseconds

25-10-2024T03:13:29 - [MESSAGE][PASSED] - Browser is opened with url: 'https://dev-algorithm.govolution.com/vrelaytest/QA2/version_2_2/vrelaytest.html'

25-10-2024T03:13:29 - [TEST_STEP][PASSED] - maximizeWindow(): Current window maximized

25-10-2024T03:13:29 - [MESSAGE][PASSED] - Current window maximized

25-10-2024T03:13:29 - [TEST_STEP][PASSED] - iwpPages.TestHarnessPage.setDataMethod(row, dataFile): iwpPages.TestHarnessPage.setDataMethod is PASSED

25-10-2024T03:13:29 - [MESSAGE][PASSED] - Object 'Object Repository/IWP30/Page_QATestHarness/RemittanceID' is present

25-10-2024T03:13:30 - [MESSAGE][PASSED] - Text '649' is set on object 'Object Repository/IWP30/Page_QATestHarness/ApplicationID'

25-10-2024T03:13:31 - [MESSAGE][PASSED] - Text '3.0' is set on object 'Object Repository/IWP30/Page_QATestHarness/MessageVersion'

25-10-2024T03:13:32 - [MESSAGE][PASSED] - Text '2U2N1pzoqVzg' is set on object 'Object Repository/IWP30/Page_QATestHarness/RemittanceID'

25-10-2024T03:13:35 - [MESSAGE][PASSED] - Object: 'Object Repository/IWP30/Page_QATestHarness/SubmitButton' is clicked on

25-10-2024T03:13:35 - [MESSAGE][PASSED] - iwpPages.TestHarnessPage.setDataMethod is PASSED

25-10-2024T03:13:35 - [TEST_STEP][PASSED] - click(findTestObject("Object Repository/IWP30/Page_SelectPaymentMethod/PayByCorporateCheck")): Object: 'Object Repository/IWP30/Page_SelectPaymentMethod/PayByCorporateCheck' is clicked on

25-10-2024T03:13:35 - [MESSAGE][PASSED] - Object: 'Object Repository/IWP30/Page_SelectPaymentMethod/PayByCorporateCheck' is clicked on

25-10-2024T03:13:35 - [TEST_STEP][PASSED] - click(findTestObject("Object Repository/IWP30/Page_SelectPaymentMethod/MakePaymentButton")): Object: 'Object Repository/IWP30/Page_SelectPaymentMethod/MakePaymentButton' is clicked on

25-10-2024T03:13:38 - [MESSAGE][PASSED] - Object: 'Object Repository/IWP30/Page_SelectPaymentMethod/MakePaymentButton' is clicked on

25-10-2024T03:13:38 - [TEST_STEP][PASSED] - click(findTestObject("Object Repository/IWP30/Page_ACHCorporatePaymentEntry/btn_Continue")): Object: 'Object Repository/IWP30/Page_ACHCorporatePaymentEntry/btn_Continue' is clicked on

25-10-2024T03:13:39 - [MESSAGE][PASSED] - Object: 'Object Repository/IWP30/Page_ACHCorporatePaymentEntry/btn_Continue' is clicked on

25-10-2024T03:13:39 - [TEST_STEP][PASSED] - Thread.sleep(5000): null

25-10-2024T03:13:44 - [TEST_STEP][PASSED] - if (verifyTextPresent("UDF3 Label is required", false)): null

25-10-2024T03:13:45 - [MESSAGE][PASSED] - Text 'UDF3 Label is required' is present on page 

25-10-2024T03:13:45 - [TEST_STEP][PASSED] - isRequiredTextPresent = true: null

25-10-2024T03:13:45 - [TEST_STEP][PASSED] - if (isRequiredTextPresent): null

25-10-2024T03:13:45 - [TEST_STEP][PASSED] - if (verifyTextPresent("UDF8 Label is required", false)): null

25-10-2024T03:13:45 - [MESSAGE][PASSED] - Text 'UDF8 Label is required' is present on page 

25-10-2024T03:13:45 - [TEST_STEP][PASSED] - isRequiredTextPresent = true: null

25-10-2024T03:13:45 - [TEST_STEP][PASSED] - if (isRequiredTextPresent): null

25-10-2024T03:13:45 - [TEST_STEP][PASSED] - if (verifyTextPresent("Company Name is required", false)): null

25-10-2024T03:13:45 - [MESSAGE][PASSED] - Text 'Company Name is required' is present on page 

25-10-2024T03:13:45 - [TEST_STEP][PASSED] - isRequiredTextPresent = true: null

25-10-2024T03:13:45 - [TEST_STEP][PASSED] - if (isRequiredTextPresent): null

25-10-2024T03:13:45 - [TEST_STEP][PASSED] - if (verifyTextPresent("Routing number is required", false)): null

25-10-2024T03:13:46 - [MESSAGE][PASSED] - Text 'Routing number is required' is present on page 

25-10-2024T03:13:46 - [TEST_STEP][PASSED] - isRequiredTextPresent = true: null

25-10-2024T03:13:46 - [TEST_STEP][PASSED] - if (isRequiredTextPresent): null

25-10-2024T03:13:46 - [TEST_STEP][PASSED] - if (verifyTextPresent("Account number is required", false)): null

25-10-2024T03:13:46 - [MESSAGE][PASSED] - Text 'Account number is required' is present on page 

25-10-2024T03:13:46 - [TEST_STEP][PASSED] - isRequiredTextPresent = true: null

25-10-2024T03:13:46 - [TEST_STEP][PASSED] - if (isRequiredTextPresent): null

25-10-2024T03:13:46 - [TEST_STEP][PASSED] - if (verifyTextPresent("The Confirm Account Number field is a required field.", false)): null

25-10-2024T03:13:46 - [MESSAGE][PASSED] - Text 'The Confirm Account Number field is a required field.' is present on page 

25-10-2024T03:13:46 - [TEST_STEP][PASSED] - isRequiredTextPresent = true: null

25-10-2024T03:13:46 - [TEST_STEP][PASSED] - if (isRequiredTextPresent): null

25-10-2024T03:13:46 - [TEST_STEP][PASSED] - if (verifyTextPresent("Address Line 1 is required", false)): null

25-10-2024T03:13:47 - [MESSAGE][PASSED] - Text 'Address Line 1 is required' is present on page 

25-10-2024T03:13:47 - [TEST_STEP][PASSED] - isRequiredTextPresent = true: null

25-10-2024T03:13:47 - [TEST_STEP][PASSED] - if (isRequiredTextPresent): null

25-10-2024T03:13:47 - [TEST_STEP][PASSED] - if (verifyTextPresent("ZIP Code is required", false)): null

25-10-2024T03:13:47 - [MESSAGE][PASSED] - Text 'ZIP Code is required' is present on page 

25-10-2024T03:13:47 - [TEST_STEP][PASSED] - isRequiredTextPresent = true: null

25-10-2024T03:13:47 - [TEST_STEP][PASSED] - if (isRequiredTextPresent): null

25-10-2024T03:13:47 - [TEST_STEP][PASSED] - if (verifyTextPresent("City is required", false)): null

25-10-2024T03:13:47 - [MESSAGE][PASSED] - Text 'City is required' is present on page 

25-10-2024T03:13:47 - [TEST_STEP][PASSED] - isRequiredTextPresent = true: null

25-10-2024T03:13:47 - [TEST_STEP][PASSED] - if (isRequiredTextPresent): null

25-10-2024T03:13:47 - [TEST_STEP][PASSED] - if (verifyTextPresent("State is required", false)): null

25-10-2024T03:13:48 - [MESSAGE][PASSED] - Text 'State is required' is present on page 

25-10-2024T03:13:48 - [TEST_STEP][PASSED] - isRequiredTextPresent = true: null

25-10-2024T03:13:48 - [TEST_STEP][PASSED] - if (isRequiredTextPresent): null

25-10-2024T03:13:48 - [TEST_STEP][PASSED] - if (verifyTextPresent("Email address is required.", false)): null

25-10-2024T03:13:48 - [MESSAGE][PASSED] - Text 'Email address is required.' is present on page 

25-10-2024T03:13:48 - [TEST_STEP][PASSED] - isRequiredTextPresent = true: null

25-10-2024T03:13:48 - [TEST_STEP][PASSED] - if (isRequiredTextPresent): null

25-10-2024T03:13:48 - [TEST_STEP][PASSED] - if (verifyTextPresent("You must review and accept the ACH terms and conditions in order to process an electronic debit transaction.", false)): null

25-10-2024T03:13:48 - [MESSAGE][PASSED] - Text 'You must review and accept the ACH terms and conditions in order to process an electronic debit transaction.' is present on page 

25-10-2024T03:13:48 - [TEST_STEP][PASSED] - isRequiredTextPresent = true: null

25-10-2024T03:13:48 - [TEST_STEP][PASSED] - if (isRequiredTextPresent): pages.WriteExcel.demoKey is PASSED

25-10-2024T03:13:48 - [TEST_STEP][PASSED] - println("All the missing required fields error messages are present"): null

25-10-2024T03:13:48 - [TEST_STEP][PASSED] - markPassed("All the missing required fields error messages are present"): All the missing required fields error messages are present

25-10-2024T03:13:48 - [MESSAGE][PASSED] - All the missing required fields error messages are present

25-10-2024T03:13:48 - [TEST_STEP][PASSED] - resText = "Pass": null

25-10-2024T03:13:48 - [TEST_STEP][PASSED] - pages.WriteExcel.demoKey(resText, datText, resColumn, datCloumn, fileLoc, nameSheet, row): pages.WriteExcel.demoKey is PASSED

25-10-2024T03:13:48 - [MESSAGE][PASSED] - pages.WriteExcel.demoKey is PASSED

25-10-2024T03:13:48 - [TEST_STEP][PASSED] - closeBrowser(): Browser is closed

25-10-2024T03:13:49 - [MESSAGE][PASSED] - Browser is closed]]></system-out>
         <system-err><![CDATA[25-10-2024T03:10:49 - [TEST_CASE][FAILED] - Test Cases/IntegratedWeb/IWP25/Error/MRFCorporate: Test Cases/IntegratedWeb/IWP25/Error/MRFCorporate FAILED.
Reason:
com.kms.katalon.core.exception.StepFailedException: Text 'UDF3 Label is required' is not present on page  (Root cause: com.kms.katalon.core.exception.StepFailedException: Text 'UDF3 Label is required' is not present on page 
	at com.kms.katalon.core.webui.keyword.internal.WebUIKeywordMain.stepFailed(WebUIKeywordMain.groovy:64)
	at com.kms.katalon.core.webui.keyword.builtin.VerifyTextPresentKeyword$_verifyTextPresent_closure1.doCall(VerifyTextPresentKeyword.groovy:79)
	at com.kms.katalon.core.webui.keyword.builtin.VerifyTextPresentKeyword$_verifyTextPresent_closure1.call(VerifyTextPresentKeyword.groovy)
	at com.kms.katalon.core.webui.keyword.internal.WebUIKeywordMain.runKeyword(WebUIKeywordMain.groovy:20)
	at com.kms.katalon.core.webui.keyword.builtin.VerifyTextPresentKeyword.verifyTextPresent(VerifyTextPresentKeyword.groovy:83)
	at com.kms.katalon.core.webui.keyword.builtin.VerifyTextPresentKeyword.execute(VerifyTextPresentKeyword.groovy:68)
	at com.kms.katalon.core.keyword.internal.KeywordExecutor.executeKeywordForPlatform(KeywordExecutor.groovy:74)
	at com.kms.katalon.core.webui.keyword.WebUiBuiltInKeywords.verifyTextPresent(WebUiBuiltInKeywords.groovy:1762)
	at MRFCorporate.run(MRFCorporate:83)
	at com.kms.katalon.core.main.ScriptEngine.run(ScriptEngine.java:194)
	at com.kms.katalon.core.main.ScriptEngine.runScriptAsRawText(ScriptEngine.java:119)
	at com.kms.katalon.core.main.TestCaseExecutor.runScript(TestCaseExecutor.java:448)
	at com.kms.katalon.core.main.TestCaseExecutor.doExecute(TestCaseExecutor.java:439)
	at com.kms.katalon.core.main.TestCaseExecutor.processExecutionPhase(TestCaseExecutor.java:418)
	at com.kms.katalon.core.main.TestCaseExecutor.accessMainPhase(TestCaseExecutor.java:410)
	at com.kms.katalon.core.main.TestCaseExecutor.execute(TestCaseExecutor.java:285)
	at com.kms.katalon.core.common.CommonExecutor.accessTestCaseMainPhase(CommonExecutor.java:65)
	at com.kms.katalon.core.main.TestSuiteExecutor.accessTestSuiteMainPhase(TestSuiteExecutor.java:150)
	at com.kms.katalon.core.main.TestSuiteExecutor.execute(TestSuiteExecutor.java:106)
	at com.kms.katalon.core.main.TestCaseMain.startTestSuite(TestCaseMain.java:180)
	at TempTestSuite1729787045812.run(TempTestSuite1729787045812.groovy:35)
	at java.base/jdk.internal.reflect.NativeMethodAccessorImpl.invoke0(Native Method)
	at java.base/jdk.internal.reflect.NativeMethodAccessorImpl.invoke(NativeMethodAccessorImpl.java:77)
	at java.base/jdk.internal.reflect.DelegatingMethodAccessorImpl.invoke(DelegatingMethodAccessorImpl.java:43)
)
	at com.kms.katalon.core.keyword.internal.KeywordMain.stepFailed(KeywordMain.groovy:39)
	at com.kms.katalon.core.webui.keyword.internal.WebUIKeywordMain.stepFailed(WebUIKeywordMain.groovy:64)
	at com.kms.katalon.core.webui.keyword.builtin.VerifyTextPresentKeyword$_verifyTextPresent_closure1.doCall(VerifyTextPresentKeyword.groovy:79)
	at com.kms.katalon.core.webui.keyword.builtin.VerifyTextPresentKeyword$_verifyTextPresent_closure1.call(VerifyTextPresentKeyword.groovy)
	at com.kms.katalon.core.webui.keyword.internal.WebUIKeywordMain.runKeyword(WebUIKeywordMain.groovy:20)
	at com.kms.katalon.core.webui.keyword.builtin.VerifyTextPresentKeyword.verifyTextPresent(VerifyTextPresentKeyword.groovy:83)
	at com.kms.katalon.core.webui.keyword.builtin.VerifyTextPresentKeyword.execute(VerifyTextPresentKeyword.groovy:68)
	at com.kms.katalon.core.keyword.internal.KeywordExecutor.executeKeywordForPlatform(KeywordExecutor.groovy:74)
	at com.kms.katalon.core.webui.keyword.WebUiBuiltInKeywords.verifyTextPresent(WebUiBuiltInKeywords.groovy:1762)
	at MRFCorporate.run(MRFCorporate:83)
	at com.kms.katalon.core.main.ScriptEngine.run(ScriptEngine.java:194)
	at com.kms.katalon.core.main.ScriptEngine.runScriptAsRawText(ScriptEngine.java:119)
	at com.kms.katalon.core.main.TestCaseExecutor.runScript(TestCaseExecutor.java:448)
	at com.kms.katalon.core.main.TestCaseExecutor.doExecute(TestCaseExecutor.java:439)
	at com.kms.katalon.core.main.TestCaseExecutor.processExecutionPhase(TestCaseExecutor.java:418)
	at com.kms.katalon.core.main.TestCaseExecutor.accessMainPhase(TestCaseExecutor.java:410)
	at com.kms.katalon.core.main.TestCaseExecutor.execute(TestCaseExecutor.java:285)
	at com.kms.katalon.core.common.CommonExecutor.accessTestCaseMainPhase(CommonExecutor.java:65)
	at com.kms.katalon.core.main.TestSuiteExecutor.accessTestSuiteMainPhase(TestSuiteExecutor.java:150)
	at com.kms.katalon.core.main.TestSuiteExecutor.execute(TestSuiteExecutor.java:106)
	at com.kms.katalon.core.main.TestCaseMain.startTestSuite(TestCaseMain.java:180)
	at TempTestSuite1729787045812.run(TempTestSuite1729787045812.groovy:35)
	at java.base/jdk.internal.reflect.NativeMethodAccessorImpl.invoke0(Native Method)
	at java.base/jdk.internal.reflect.NativeMethodAccessorImpl.invoke(NativeMethodAccessorImpl.java:77)
	at java.base/jdk.internal.reflect.DelegatingMethodAccessorImpl.invoke(DelegatingMethodAccessorImpl.java:43)
Caused by: com.kms.katalon.core.exception.StepFailedException: Text 'UDF3 Label is required' is not present on page 
	... 24 more]]></system-err>
      </testcase>
      <testcase name="Test Cases/IntegratedWeb/IWP25/Error/NoOverPayErrorCC" time="198.098" classname="Test Cases/IntegratedWeb/IWP25/Error/NoOverPayErrorCC" status="PASSED">
         <system-out><![CDATA[25-10-2024T03:13:49 - [TEST_CASE][PASSED] - Test Cases/IntegratedWeb/IWP25/Error/NoOverPayErrorCC: Test Cases/IntegratedWeb/IWP25/Error/NoOverPayErrorCC

25-10-2024T03:13:49 - [TEST_STEP][PASSED] - resText = "Fail": null

25-10-2024T03:13:49 - [TEST_STEP][PASSED] - resColumn = "Result": null

25-10-2024T03:13:49 - [TEST_STEP][PASSED] - datCloumn = "Date": null

25-10-2024T03:13:49 - [TEST_STEP][PASSED] - fileLoc = "KatalonData/IWPTestData/VRelay25Payments.xlsx": null

25-10-2024T03:13:49 - [TEST_STEP][PASSED] - numOfRows = <not implemented yet for class: org.codehaus.groovy.ast.expr.EmptyExpression>: null

25-10-2024T03:13:49 - [TEST_STEP][PASSED] - dataFile = <not implemented yet for class: org.codehaus.groovy.ast.expr.EmptyExpression>: null

25-10-2024T03:13:49 - [TEST_STEP][PASSED] - nameSheet = <not implemented yet for class: org.codehaus.groovy.ast.expr.EmptyExpression>: null

25-10-2024T03:13:49 - [TEST_STEP][PASSED] - dataFileEmulator = <not implemented yet for class: org.codehaus.groovy.ast.expr.EmptyExpression>: null

25-10-2024T03:13:49 - [TEST_STEP][PASSED] - nameSheet = "NoOverPayErrorCC": null

25-10-2024T03:13:49 - [TEST_STEP][PASSED] - dataFile = "IWPTestData/IWP25NoOverPayErrorCC": null

25-10-2024T03:13:49 - [TEST_STEP][PASSED] - dataFileEmulator = "IWPTestData/EmulatorData": null

25-10-2024T03:13:49 - [TEST_STEP][PASSED] - numOfRows = findTestData(dataFile).getRowNumbers(): null

25-10-2024T03:13:49 - [TEST_STEP][PASSED] - println("Number of Records: " + numOfRows): null

25-10-2024T03:13:49 - [TEST_STEP][PASSED] - for ([row = 1, row <= numOfRows, (row++)]): Browser is closed

25-10-2024T03:13:49 - [TEST_STEP][PASSED] - ExecuteTC = findTestData(dataFile).getValue("Execute", row): null

25-10-2024T03:13:49 - [TEST_STEP][PASSED] - out.println("Value of Execute is : " + ExecuteTC): null

25-10-2024T03:13:49 - [TEST_STEP][PASSED] - if (ExecuteTC.equalsIgnoreCase("Y")): null

25-10-2024T03:13:49 - [TEST_STEP][PASSED] - out.println("Begin Record Number: " + row): null

25-10-2024T03:13:49 - [TEST_STEP][PASSED] - today = new java.util.Date(): null

25-10-2024T03:13:49 - [TEST_STEP][PASSED] - println(today): null

25-10-2024T03:13:49 - [TEST_STEP][PASSED] - datText = today: null

25-10-2024T03:13:49 - [TEST_STEP][PASSED] - EmulatorDataKey = findTestData(dataFile).getValue("EmulatorData", row): null

25-10-2024T03:13:49 - [TEST_STEP][PASSED] - out.println("Value of Emulator Key is : " + EmulatorDataKey): null

25-10-2024T03:13:49 - [TEST_STEP][PASSED] - iwpPages.emulatorIWP30.setDataEmulator_DD(EmulatorDataKey): iwpPages.emulatorIWP30.setDataEmulator_DD is PASSED

25-10-2024T03:13:50 - [MESSAGE][INFO] - Starting 'Edge Chromium' driver

25-10-2024T03:13:50 - [MESSAGE][INFO] - User set preference: ['acceptInsecureCerts', 'true']

25-10-2024T03:13:52 - [MESSAGE][INFO] - Action delay is set to 0 milliseconds

25-10-2024T03:13:55 - [MESSAGE][PASSED] - Browser is opened with url: 'https://qa2.velocitypayment.com/agencyx/config.action?action=editor&message_version=2_5'

25-10-2024T03:13:56 - [MESSAGE][PASSED] - Current window maximized

25-10-2024T03:14:27 - [MESSAGE][INFO] - Unable to find the element located by 'By.xpath: //select[@name='message_version']'. Please recheck the objects properties to make sure the desired element is located. 

25-10-2024T03:14:27 - [MESSAGE][WARNING] - [SELF-HEALING] Failed to find element with id 'Object Repository/IWP30/Page_VRelay30Emulator/MV'. Try using Self-healing.

25-10-2024T03:14:27 - [MESSAGE][WARNING] - [SELF-HEALING] The current locator of test object 'Object Repository/IWP30/Page_VRelay30Emulator/MV' was broken. Propose an alternative one: '(.//*[normalize-space(text()) and normalize-space(.)='Message Version'])[1]/following::select[1]'.

25-10-2024T03:14:27 - [MESSAGE][PASSED] - All options with value '2.5' are selected in object 'Object Repository/IWP30/Page_VRelay30Emulator/MV'  using regular expression

25-10-2024T03:14:28 - [MESSAGE][PASSED] - Text '10.50' is set on object 'Object Repository/IWP30/Page_EmulatorAgencyX/Amount'

25-10-2024T03:14:29 - [MESSAGE][PASSED] - Text 'M9weopD5aWUS' is set on object 'Object Repository/IWP30/Page_EmulatorAgencyX/CAN'

25-10-2024T03:14:29 - [MESSAGE][PASSED] - Text 'PayNow' is set on object 'Object Repository/IWP30/Page_EmulatorAgencyX/Action'

25-10-2024T03:14:30 - [MESSAGE][PASSED] - Text 'en_US' is set on object 'Object Repository/IWP30/Page_EmulatorAgencyX/Lang'

25-10-2024T03:14:30 - [MESSAGE][PASSED] - Text 'Curlonty' is set on object 'Object Repository/IWP30/Page_EmulatorAgencyX/Fname'

25-10-2024T03:14:31 - [MESSAGE][PASSED] - Text 'Lachuga' is set on object 'Object Repository/IWP30/Page_EmulatorAgencyX/Lname'

25-10-2024T03:14:32 - [MESSAGE][PASSED] - Text '258 Underwood rd' is set on object 'Object Repository/IWP30/Page_EmulatorAgencyX/AL1'

25-10-2024T03:14:32 - [MESSAGE][PASSED] - Text 'Suite 600' is set on object 'Object Repository/IWP30/Page_EmulatorAgencyX/AL2'

25-10-2024T03:14:33 - [MESSAGE][PASSED] - Text '840' is set on object 'Object Repository/IWP30/Page_EmulatorAgencyX/Country'

25-10-2024T03:14:33 - [MESSAGE][PASSED] - Text 'Arlington' is set on object 'Object Repository/IWP30/Page_EmulatorAgencyX/City'

25-10-2024T03:14:34 - [MESSAGE][PASSED] - Text 'VA' is set on object 'Object Repository/IWP30/Page_EmulatorAgencyX/State'

25-10-2024T03:14:35 - [MESSAGE][PASSED] - Text '22201' is set on object 'Object Repository/IWP30/Page_EmulatorAgencyX/ZIP'

25-10-2024T03:14:35 - [MESSAGE][PASSED] - Text '' is set on object 'Object Repository/IWP30/Page_EmulatorAgencyX/Order'

25-10-2024T03:14:36 - [MESSAGE][PASSED] - Text '' is set on object 'Object Repository/IWP30/Page_EmulatorAgencyX/Company'

25-10-2024T03:14:36 - [MESSAGE][PASSED] - Text '' is set on object 'Object Repository/IWP30/Page_EmulatorAgencyX/Email'

25-10-2024T03:14:37 - [MESSAGE][PASSED] - Text 'udf data 1' is set on object 'Object Repository/IWP30/Page_EmulatorAgencyX/UDF1'

25-10-2024T03:14:38 - [MESSAGE][PASSED] - Text 'udf data 2' is set on object 'Object Repository/IWP30/Page_EmulatorAgencyX/UDF2'

25-10-2024T03:14:38 - [MESSAGE][PASSED] - Text '' is set on object 'Object Repository/IWP30/Page_EmulatorAgencyX/UDF3'

25-10-2024T03:14:39 - [MESSAGE][PASSED] - Text '' is set on object 'Object Repository/IWP30/Page_EmulatorAgencyX/UDF4'

25-10-2024T03:14:39 - [MESSAGE][PASSED] - Text '' is set on object 'Object Repository/IWP30/Page_EmulatorAgencyX/UDF5'

25-10-2024T03:14:40 - [MESSAGE][PASSED] - Text '' is set on object 'Object Repository/IWP30/Page_EmulatorAgencyX/UDF6'

25-10-2024T03:14:40 - [MESSAGE][PASSED] - Text '' is set on object 'Object Repository/IWP30/Page_EmulatorAgencyX/UDF7'

25-10-2024T03:14:41 - [MESSAGE][PASSED] - Text '' is set on object 'Object Repository/IWP30/Page_EmulatorAgencyX/UDF8'

25-10-2024T03:14:42 - [MESSAGE][PASSED] - Text '' is set on object 'Object Repository/IWP30/Page_EmulatorAgencyX/UDF9'

25-10-2024T03:14:42 - [MESSAGE][PASSED] - Text '' is set on object 'Object Repository/IWP30/Page_EmulatorAgencyX/UDF10'

25-10-2024T03:14:44 - [MESSAGE][PASSED] - Object: 'Object Repository/IWP30/Page_EmulatorAgencyX/Submit' is clicked on

25-10-2024T03:14:48 - [MESSAGE][PASSED] - Browser is closed

25-10-2024T03:14:52 - [MESSAGE][PASSED] - iwpPages.emulatorIWP30.setDataEmulator_DD is PASSED

25-10-2024T03:14:52 - [TEST_STEP][PASSED] - testHarnessURL = urlTestHarness: null

25-10-2024T03:14:52 - [TEST_STEP][PASSED] - openBrowser(testHarnessURL): Browser is opened with url: 'https://dev-algorithm.govolution.com/vrelaytest/QA2/version_2_2/vrelaytest.html'

25-10-2024T03:14:52 - [MESSAGE][INFO] - Starting 'Edge Chromium' driver

25-10-2024T03:14:52 - [MESSAGE][INFO] - User set preference: ['acceptInsecureCerts', 'true']

25-10-2024T03:14:54 - [MESSAGE][INFO] - Action delay is set to 0 milliseconds

25-10-2024T03:14:58 - [MESSAGE][PASSED] - Browser is opened with url: 'https://dev-algorithm.govolution.com/vrelaytest/QA2/version_2_2/vrelaytest.html'

25-10-2024T03:14:58 - [TEST_STEP][PASSED] - maximizeWindow(): Current window maximized

25-10-2024T03:14:58 - [MESSAGE][PASSED] - Current window maximized

25-10-2024T03:14:58 - [TEST_STEP][PASSED] - iwpPages.TestHarnessPage.setDataMethod(row, dataFile): iwpPages.TestHarnessPage.setDataMethod is PASSED

25-10-2024T03:14:58 - [MESSAGE][PASSED] - Object 'Object Repository/IWP30/Page_QATestHarness/RemittanceID' is present

25-10-2024T03:14:59 - [MESSAGE][PASSED] - Text '652' is set on object 'Object Repository/IWP30/Page_QATestHarness/ApplicationID'

25-10-2024T03:14:59 - [MESSAGE][PASSED] - Text '2.5' is set on object 'Object Repository/IWP30/Page_QATestHarness/MessageVersion'

25-10-2024T03:15:00 - [MESSAGE][PASSED] - Text 'xVMetqf9TAMS' is set on object 'Object Repository/IWP30/Page_QATestHarness/RemittanceID'

25-10-2024T03:15:04 - [MESSAGE][PASSED] - Object: 'Object Repository/IWP30/Page_QATestHarness/SubmitButton' is clicked on

25-10-2024T03:15:04 - [MESSAGE][PASSED] - iwpPages.TestHarnessPage.setDataMethod is PASSED

25-10-2024T03:15:04 - [TEST_STEP][PASSED] - click(findTestObject("Object Repository/IWP30/Page_SelectPaymentMethod/PayByCreditCard")): Object: 'Object Repository/IWP30/Page_SelectPaymentMethod/PayByCreditCard' is clicked on

25-10-2024T03:15:04 - [MESSAGE][PASSED] - Object: 'Object Repository/IWP30/Page_SelectPaymentMethod/PayByCreditCard' is clicked on

25-10-2024T03:15:04 - [TEST_STEP][PASSED] - click(findTestObject("Object Repository/IWP30/Page_SelectPaymentMethod/MakePaymentButton")): Object: 'Object Repository/IWP30/Page_SelectPaymentMethod/MakePaymentButton' is clicked on

25-10-2024T03:15:07 - [MESSAGE][PASSED] - Object: 'Object Repository/IWP30/Page_SelectPaymentMethod/MakePaymentButton' is clicked on

25-10-2024T03:15:07 - [TEST_STEP][PASSED] - iwpPages.ccPaymentEntryPage.setDataCCPM(row, dataFile): iwpPages.ccPaymentEntryPage.setDataCCPM is PASSED

25-10-2024T03:15:09 - [MESSAGE][PASSED] - Object 'Object Repository/IWP30/Page_CCPaymentEntry/Name' is present

25-10-2024T03:15:09 - [MESSAGE][PASSED] - Text '11.50' is set on object 'Object Repository/IWP30/Page_CCPaymentEntry/Amount'

25-10-2024T03:15:09 - [MESSAGE][PASSED] - Object 'Object Repository/IWP30/Page_CCPaymentEntry/Name' is present

25-10-2024T03:15:10 - [MESSAGE][PASSED] - Text 'Kavita Ranawati' is set on object 'Object Repository/IWP30/Page_CCPaymentEntry/Name'

25-10-2024T03:15:10 - [MESSAGE][PASSED] - Object 'Object Repository/IWP30/Page_CCPaymentEntry/CardNumber' is present

25-10-2024T03:15:11 - [MESSAGE][PASSED] - Text '4111111111111111' is set on object 'Object Repository/IWP30/Page_CCPaymentEntry/CardNumber'

25-10-2024T03:15:11 - [MESSAGE][PASSED] - Object 'Object Repository/IWP30/Page_CCPaymentEntry/Month' is present

25-10-2024T03:15:12 - [MESSAGE][PASSED] - All options with label '09' are selected in object 'Object Repository/IWP30/Page_CCPaymentEntry/Month' 

25-10-2024T03:15:12 - [MESSAGE][PASSED] - Object 'Object Repository/IWP30/Page_CCPaymentEntry/Year' is present

25-10-2024T03:15:13 - [MESSAGE][PASSED] - All options with label '2028' are selected in object 'Object Repository/IWP30/Page_CCPaymentEntry/Year' 

25-10-2024T03:15:13 - [MESSAGE][PASSED] - Text '365 Main Avenue' is set on object 'Object Repository/IWP30/Page_CCPaymentEntry/AL1'

25-10-2024T03:15:14 - [MESSAGE][PASSED] - Text '22201' is set on object 'Object Repository/IWP30/Page_CCPaymentEntry/ZIP'

25-10-2024T03:15:14 - [MESSAGE][PASSED] - Object 'Object Repository/IWP30/Page_CCPaymentEntry/EmailAddress' is present

25-10-2024T03:15:15 - [MESSAGE][PASSED] - Text 'iahmed@govolution.com' is set on object 'Object Repository/IWP30/Page_CCPaymentEntry/EmailAddress'

25-10-2024T03:15:16 - [MESSAGE][PASSED] - Object 'Object Repository/IWP30/Page_CCPaymentEntry/TermCondCheckBox' is present

25-10-2024T03:15:16 - [MESSAGE][PASSED] - Object 'Object Repository/IWP30/Page_CCPaymentEntry/TermCondCheckBox' is checked

25-10-2024T03:15:16 - [MESSAGE][PASSED] - Object 'Object Repository/IWP30/Page_CCPaymentEntry/ContinueButton' is present

25-10-2024T03:15:18 - [MESSAGE][PASSED] - Object: 'Object Repository/IWP30/Page_CCPaymentEntry/ContinueButton' is clicked on

25-10-2024T03:15:18 - [MESSAGE][PASSED] - iwpPages.ccPaymentEntryPage.setDataCCPM is PASSED

25-10-2024T03:15:18 - [TEST_STEP][PASSED] - Thread.sleep(10000): null

25-10-2024T03:15:28 - [TEST_STEP][PASSED] - if (verifyTextPresent("Payment amounts more than 10.50 are not accepted", false)): null

25-10-2024T03:15:29 - [MESSAGE][PASSED] - Text 'Payment amounts more than 10.50 are not accepted' is present on page 

25-10-2024T03:15:29 - [TEST_STEP][PASSED] - println("Over Pay Error message shown"): null

25-10-2024T03:15:29 - [TEST_STEP][PASSED] - markPassed("Over Pay Error message shown"): Over Pay Error message shown

25-10-2024T03:15:29 - [MESSAGE][PASSED] - Over Pay Error message shown

25-10-2024T03:15:29 - [TEST_STEP][PASSED] - resText = "Pass": null

25-10-2024T03:15:29 - [TEST_STEP][PASSED] - pages.WriteExcel.demoKey(resText, datText, resColumn, datCloumn, fileLoc, nameSheet, row): pages.WriteExcel.demoKey is PASSED

25-10-2024T03:15:29 - [MESSAGE][PASSED] - pages.WriteExcel.demoKey is PASSED

25-10-2024T03:15:29 - [TEST_STEP][PASSED] - closeBrowser(): Browser is closed

25-10-2024T03:15:29 - [MESSAGE][PASSED] - Browser is closed

25-10-2024T03:15:29 - [TEST_STEP][PASSED] - ExecuteTC = findTestData(dataFile).getValue("Execute", row): null

25-10-2024T03:15:29 - [TEST_STEP][PASSED] - out.println("Value of Execute is : " + ExecuteTC): null

25-10-2024T03:15:29 - [TEST_STEP][PASSED] - if (ExecuteTC.equalsIgnoreCase("Y")): null

25-10-2024T03:15:29 - [TEST_STEP][PASSED] - out.println("Begin Record Number: " + row): null

25-10-2024T03:15:29 - [TEST_STEP][PASSED] - today = new java.util.Date(): null

25-10-2024T03:15:29 - [TEST_STEP][PASSED] - println(today): null

25-10-2024T03:15:29 - [TEST_STEP][PASSED] - datText = today: null

25-10-2024T03:15:29 - [TEST_STEP][PASSED] - EmulatorDataKey = findTestData(dataFile).getValue("EmulatorData", row): null

25-10-2024T03:15:29 - [TEST_STEP][PASSED] - out.println("Value of Emulator Key is : " + EmulatorDataKey): null

25-10-2024T03:15:29 - [TEST_STEP][PASSED] - iwpPages.emulatorIWP30.setDataEmulator_DD(EmulatorDataKey): iwpPages.emulatorIWP30.setDataEmulator_DD is PASSED

25-10-2024T03:15:30 - [MESSAGE][INFO] - Starting 'Edge Chromium' driver

25-10-2024T03:15:30 - [MESSAGE][INFO] - User set preference: ['acceptInsecureCerts', 'true']

25-10-2024T03:15:32 - [MESSAGE][INFO] - Action delay is set to 0 milliseconds

25-10-2024T03:15:36 - [MESSAGE][PASSED] - Browser is opened with url: 'https://qa2.velocitypayment.com/agencyx/config.action?action=editor&message_version=3_0'

25-10-2024T03:15:36 - [MESSAGE][PASSED] - Current window maximized

25-10-2024T03:16:07 - [MESSAGE][INFO] - Unable to find the element located by 'By.xpath: //select[@name='message_version']'. Please recheck the objects properties to make sure the desired element is located. 

25-10-2024T03:16:07 - [MESSAGE][WARNING] - [SELF-HEALING] Failed to find element with id 'Object Repository/IWP30/Page_VRelay30Emulator/MV'. Try using Self-healing.

25-10-2024T03:16:07 - [MESSAGE][WARNING] - [SELF-HEALING] The current locator of test object 'Object Repository/IWP30/Page_VRelay30Emulator/MV' was broken. Propose an alternative one: '(.//*[normalize-space(text()) and normalize-space(.)='Message Version'])[1]/following::select[1]'.

25-10-2024T03:16:08 - [MESSAGE][PASSED] - All options with value '3.0' are selected in object 'Object Repository/IWP30/Page_VRelay30Emulator/MV'  using regular expression

25-10-2024T03:16:08 - [MESSAGE][PASSED] - Text '10.50' is set on object 'Object Repository/IWP30/Page_EmulatorAgencyX/Amount'

25-10-2024T03:16:09 - [MESSAGE][PASSED] - Text 'K493NREixSYp' is set on object 'Object Repository/IWP30/Page_EmulatorAgencyX/CAN'

25-10-2024T03:16:09 - [MESSAGE][PASSED] - Text 'PayNow' is set on object 'Object Repository/IWP30/Page_EmulatorAgencyX/Action'

25-10-2024T03:16:10 - [MESSAGE][PASSED] - Text 'en_US' is set on object 'Object Repository/IWP30/Page_EmulatorAgencyX/Lang'

25-10-2024T03:16:11 - [MESSAGE][PASSED] - Text 'Curlonty' is set on object 'Object Repository/IWP30/Page_EmulatorAgencyX/Fname'

25-10-2024T03:16:11 - [MESSAGE][PASSED] - Text 'Lachuga' is set on object 'Object Repository/IWP30/Page_EmulatorAgencyX/Lname'

25-10-2024T03:16:12 - [MESSAGE][PASSED] - Text '258 Underwood rd' is set on object 'Object Repository/IWP30/Page_EmulatorAgencyX/AL1'

25-10-2024T03:16:12 - [MESSAGE][PASSED] - Text 'Suite 600' is set on object 'Object Repository/IWP30/Page_EmulatorAgencyX/AL2'

25-10-2024T03:16:13 - [MESSAGE][PASSED] - Text '840' is set on object 'Object Repository/IWP30/Page_EmulatorAgencyX/Country'

25-10-2024T03:16:14 - [MESSAGE][PASSED] - Text 'Arlington' is set on object 'Object Repository/IWP30/Page_EmulatorAgencyX/City'

25-10-2024T03:16:14 - [MESSAGE][PASSED] - Text 'VA' is set on object 'Object Repository/IWP30/Page_EmulatorAgencyX/State'

25-10-2024T03:16:15 - [MESSAGE][PASSED] - Text '22201' is set on object 'Object Repository/IWP30/Page_EmulatorAgencyX/ZIP'

25-10-2024T03:16:15 - [MESSAGE][PASSED] - Text '' is set on object 'Object Repository/IWP30/Page_EmulatorAgencyX/Order'

25-10-2024T03:16:16 - [MESSAGE][PASSED] - Text '' is set on object 'Object Repository/IWP30/Page_EmulatorAgencyX/Company'

25-10-2024T03:16:16 - [MESSAGE][PASSED] - Text '' is set on object 'Object Repository/IWP30/Page_EmulatorAgencyX/Email'

25-10-2024T03:16:17 - [MESSAGE][PASSED] - Text 'udf data 1' is set on object 'Object Repository/IWP30/Page_EmulatorAgencyX/UDF1'

25-10-2024T03:16:18 - [MESSAGE][PASSED] - Text 'udf data 2' is set on object 'Object Repository/IWP30/Page_EmulatorAgencyX/UDF2'

25-10-2024T03:16:18 - [MESSAGE][PASSED] - Text '' is set on object 'Object Repository/IWP30/Page_EmulatorAgencyX/UDF3'

25-10-2024T03:16:19 - [MESSAGE][PASSED] - Text '' is set on object 'Object Repository/IWP30/Page_EmulatorAgencyX/UDF4'

25-10-2024T03:16:19 - [MESSAGE][PASSED] - Text '' is set on object 'Object Repository/IWP30/Page_EmulatorAgencyX/UDF5'

25-10-2024T03:16:20 - [MESSAGE][PASSED] - Text '' is set on object 'Object Repository/IWP30/Page_EmulatorAgencyX/UDF6'

25-10-2024T03:16:21 - [MESSAGE][PASSED] - Text '' is set on object 'Object Repository/IWP30/Page_EmulatorAgencyX/UDF7'

25-10-2024T03:16:21 - [MESSAGE][PASSED] - Text '' is set on object 'Object Repository/IWP30/Page_EmulatorAgencyX/UDF8'

25-10-2024T03:16:22 - [MESSAGE][PASSED] - Text '' is set on object 'Object Repository/IWP30/Page_EmulatorAgencyX/UDF9'

25-10-2024T03:16:22 - [MESSAGE][PASSED] - Text '' is set on object 'Object Repository/IWP30/Page_EmulatorAgencyX/UDF10'

25-10-2024T03:16:24 - [MESSAGE][PASSED] - Object: 'Object Repository/IWP30/Page_EmulatorAgencyX/Submit' is clicked on

25-10-2024T03:16:28 - [MESSAGE][PASSED] - Browser is closed

25-10-2024T03:16:32 - [MESSAGE][PASSED] - iwpPages.emulatorIWP30.setDataEmulator_DD is PASSED

25-10-2024T03:16:32 - [TEST_STEP][PASSED] - testHarnessURL = urlTestHarness: null

25-10-2024T03:16:32 - [TEST_STEP][PASSED] - openBrowser(testHarnessURL): Browser is opened with url: 'https://dev-algorithm.govolution.com/vrelaytest/QA2/version_2_2/vrelaytest.html'

25-10-2024T03:16:32 - [MESSAGE][INFO] - Starting 'Edge Chromium' driver

25-10-2024T03:16:32 - [MESSAGE][INFO] - User set preference: ['acceptInsecureCerts', 'true']

25-10-2024T03:16:34 - [MESSAGE][INFO] - Action delay is set to 0 milliseconds

25-10-2024T03:16:38 - [MESSAGE][PASSED] - Browser is opened with url: 'https://dev-algorithm.govolution.com/vrelaytest/QA2/version_2_2/vrelaytest.html'

25-10-2024T03:16:38 - [TEST_STEP][PASSED] - maximizeWindow(): Current window maximized

25-10-2024T03:16:38 - [MESSAGE][PASSED] - Current window maximized

25-10-2024T03:16:38 - [TEST_STEP][PASSED] - iwpPages.TestHarnessPage.setDataMethod(row, dataFile): iwpPages.TestHarnessPage.setDataMethod is PASSED

25-10-2024T03:16:38 - [MESSAGE][PASSED] - Object 'Object Repository/IWP30/Page_QATestHarness/RemittanceID' is present

25-10-2024T03:16:39 - [MESSAGE][PASSED] - Text '825' is set on object 'Object Repository/IWP30/Page_QATestHarness/ApplicationID'

25-10-2024T03:16:39 - [MESSAGE][PASSED] - Text '3.0' is set on object 'Object Repository/IWP30/Page_QATestHarness/MessageVersion'

25-10-2024T03:16:40 - [MESSAGE][PASSED] - Text 'YbnUxkXk80VQ' is set on object 'Object Repository/IWP30/Page_QATestHarness/RemittanceID'

25-10-2024T03:16:42 - [MESSAGE][PASSED] - Object: 'Object Repository/IWP30/Page_QATestHarness/SubmitButton' is clicked on

25-10-2024T03:16:42 - [MESSAGE][PASSED] - iwpPages.TestHarnessPage.setDataMethod is PASSED

25-10-2024T03:16:42 - [TEST_STEP][PASSED] - click(findTestObject("Object Repository/IWP30/Page_SelectPaymentMethod/PayByCreditCard")): Object: 'Object Repository/IWP30/Page_SelectPaymentMethod/PayByCreditCard' is clicked on

25-10-2024T03:16:42 - [MESSAGE][PASSED] - Object: 'Object Repository/IWP30/Page_SelectPaymentMethod/PayByCreditCard' is clicked on

25-10-2024T03:16:42 - [TEST_STEP][PASSED] - click(findTestObject("Object Repository/IWP30/Page_SelectPaymentMethod/MakePaymentButton")): Object: 'Object Repository/IWP30/Page_SelectPaymentMethod/MakePaymentButton' is clicked on

25-10-2024T03:16:45 - [MESSAGE][PASSED] - Object: 'Object Repository/IWP30/Page_SelectPaymentMethod/MakePaymentButton' is clicked on

25-10-2024T03:16:45 - [TEST_STEP][PASSED] - iwpPages.ccPaymentEntryPage.setDataCCPM(row, dataFile): iwpPages.ccPaymentEntryPage.setDataCCPM is PASSED

25-10-2024T03:16:46 - [MESSAGE][PASSED] - Object 'Object Repository/IWP30/Page_CCPaymentEntry/Name' is present

25-10-2024T03:16:47 - [MESSAGE][PASSED] - Text '11.50' is set on object 'Object Repository/IWP30/Page_CCPaymentEntry/Amount'

25-10-2024T03:16:47 - [MESSAGE][PASSED] - Object 'Object Repository/IWP30/Page_CCPaymentEntry/Name' is present

25-10-2024T03:16:48 - [MESSAGE][PASSED] - Text 'Kavita Ranawati' is set on object 'Object Repository/IWP30/Page_CCPaymentEntry/Name'

25-10-2024T03:16:48 - [MESSAGE][PASSED] - Object 'Object Repository/IWP30/Page_CCPaymentEntry/CardNumber' is present

25-10-2024T03:16:49 - [MESSAGE][PASSED] - Text '4111111111111111' is set on object 'Object Repository/IWP30/Page_CCPaymentEntry/CardNumber'

25-10-2024T03:16:49 - [MESSAGE][PASSED] - Object 'Object Repository/IWP30/Page_CCPaymentEntry/Month' is present

25-10-2024T03:16:49 - [MESSAGE][PASSED] - All options with label '09' are selected in object 'Object Repository/IWP30/Page_CCPaymentEntry/Month' 

25-10-2024T03:16:50 - [MESSAGE][PASSED] - Object 'Object Repository/IWP30/Page_CCPaymentEntry/Year' is present

25-10-2024T03:16:50 - [MESSAGE][PASSED] - All options with label '2028' are selected in object 'Object Repository/IWP30/Page_CCPaymentEntry/Year' 

25-10-2024T03:16:51 - [MESSAGE][PASSED] - Text '365 Main Avenue' is set on object 'Object Repository/IWP30/Page_CCPaymentEntry/AL1'

25-10-2024T03:16:52 - [MESSAGE][PASSED] - Text '22201' is set on object 'Object Repository/IWP30/Page_CCPaymentEntry/ZIP'

25-10-2024T03:16:52 - [MESSAGE][PASSED] - Object 'Object Repository/IWP30/Page_CCPaymentEntry/EmailAddress' is present

25-10-2024T03:16:53 - [MESSAGE][PASSED] - Text 'iahmed@govolution.com' is set on object 'Object Repository/IWP30/Page_CCPaymentEntry/EmailAddress'

25-10-2024T03:16:53 - [MESSAGE][PASSED] - Object 'Object Repository/IWP30/Page_CCPaymentEntry/TermCondCheckBox' is present

25-10-2024T03:16:54 - [MESSAGE][PASSED] - Object 'Object Repository/IWP30/Page_CCPaymentEntry/TermCondCheckBox' is checked

25-10-2024T03:16:54 - [MESSAGE][PASSED] - Object 'Object Repository/IWP30/Page_CCPaymentEntry/ContinueButton' is present

25-10-2024T03:16:56 - [MESSAGE][PASSED] - Object: 'Object Repository/IWP30/Page_CCPaymentEntry/ContinueButton' is clicked on

25-10-2024T03:16:56 - [MESSAGE][PASSED] - iwpPages.ccPaymentEntryPage.setDataCCPM is PASSED

25-10-2024T03:16:56 - [TEST_STEP][PASSED] - Thread.sleep(10000): null

25-10-2024T03:17:06 - [TEST_STEP][PASSED] - if (verifyTextPresent("Payment amounts more than 10.50 are not accepted", false)): null

25-10-2024T03:17:06 - [MESSAGE][PASSED] - Text 'Payment amounts more than 10.50 are not accepted' is present on page 

25-10-2024T03:17:06 - [TEST_STEP][PASSED] - println("Over Pay Error message shown"): null

25-10-2024T03:17:06 - [TEST_STEP][PASSED] - markPassed("Over Pay Error message shown"): Over Pay Error message shown

25-10-2024T03:17:06 - [MESSAGE][PASSED] - Over Pay Error message shown

25-10-2024T03:17:06 - [TEST_STEP][PASSED] - resText = "Pass": null

25-10-2024T03:17:06 - [TEST_STEP][PASSED] - pages.WriteExcel.demoKey(resText, datText, resColumn, datCloumn, fileLoc, nameSheet, row): pages.WriteExcel.demoKey is PASSED

25-10-2024T03:17:06 - [MESSAGE][PASSED] - pages.WriteExcel.demoKey is PASSED

25-10-2024T03:17:06 - [TEST_STEP][PASSED] - closeBrowser(): Browser is closed

25-10-2024T03:17:07 - [MESSAGE][PASSED] - Browser is closed]]></system-out>
         <system-err><![CDATA[]]></system-err>
      </testcase>
      <testcase name="Test Cases/IntegratedWeb/IWP25/Error/NoOverPayErrorCorp" time="196.934" classname="Test Cases/IntegratedWeb/IWP25/Error/NoOverPayErrorCorp" status="PASSED">
         <system-out><![CDATA[25-10-2024T03:17:07 - [TEST_CASE][PASSED] - Test Cases/IntegratedWeb/IWP25/Error/NoOverPayErrorCorp: Test Cases/IntegratedWeb/IWP25/Error/NoOverPayErrorCorp

25-10-2024T03:17:07 - [TEST_STEP][PASSED] - resText = "Fail": null

25-10-2024T03:17:07 - [TEST_STEP][PASSED] - resColumn = "Result": null

25-10-2024T03:17:07 - [TEST_STEP][PASSED] - datCloumn = "Date": null

25-10-2024T03:17:07 - [TEST_STEP][PASSED] - fileLoc = "KatalonData/IWPTestData/VRelay25Payments.xlsx": null

25-10-2024T03:17:07 - [TEST_STEP][PASSED] - numOfRows = <not implemented yet for class: org.codehaus.groovy.ast.expr.EmptyExpression>: null

25-10-2024T03:17:07 - [TEST_STEP][PASSED] - dataFile = <not implemented yet for class: org.codehaus.groovy.ast.expr.EmptyExpression>: null

25-10-2024T03:17:07 - [TEST_STEP][PASSED] - nameSheet = <not implemented yet for class: org.codehaus.groovy.ast.expr.EmptyExpression>: null

25-10-2024T03:17:07 - [TEST_STEP][PASSED] - dataFileEmulator = <not implemented yet for class: org.codehaus.groovy.ast.expr.EmptyExpression>: null

25-10-2024T03:17:07 - [TEST_STEP][PASSED] - nameSheet = "NoOverPayErrorCorp": null

25-10-2024T03:17:07 - [TEST_STEP][PASSED] - dataFile = "IWPTestData/IWP25NoOverPayErrorCorp": null

25-10-2024T03:17:07 - [TEST_STEP][PASSED] - dataFileEmulator = "IWPTestData/EmulatorData": null

25-10-2024T03:17:07 - [TEST_STEP][PASSED] - numOfRows = findTestData(dataFile).getRowNumbers(): null

25-10-2024T03:17:07 - [TEST_STEP][PASSED] - println("Number of Records: " + numOfRows): null

25-10-2024T03:17:07 - [TEST_STEP][PASSED] - for ([row = 1, row <= numOfRows, (row++)]): Browser is closed

25-10-2024T03:17:07 - [TEST_STEP][PASSED] - ExecuteTC = findTestData(dataFile).getValue("Execute", row): null

25-10-2024T03:17:07 - [TEST_STEP][PASSED] - out.println("Value of Execute is : " + ExecuteTC): null

25-10-2024T03:17:07 - [TEST_STEP][PASSED] - if (ExecuteTC.equalsIgnoreCase("Y")): null

25-10-2024T03:17:07 - [TEST_STEP][PASSED] - out.println("Begin Record Number: " + row): null

25-10-2024T03:17:07 - [TEST_STEP][PASSED] - today = new java.util.Date(): null

25-10-2024T03:17:07 - [TEST_STEP][PASSED] - println(today): null

25-10-2024T03:17:07 - [TEST_STEP][PASSED] - datText = today: null

25-10-2024T03:17:07 - [TEST_STEP][PASSED] - EmulatorDataKey = findTestData(dataFile).getValue("EmulatorData", row): null

25-10-2024T03:17:07 - [TEST_STEP][PASSED] - out.println("Value of Emulator Key is : " + EmulatorDataKey): null

25-10-2024T03:17:07 - [TEST_STEP][PASSED] - iwpPages.emulatorIWP30.setDataEmulator_DD(EmulatorDataKey): iwpPages.emulatorIWP30.setDataEmulator_DD is PASSED

25-10-2024T03:17:08 - [MESSAGE][INFO] - Starting 'Edge Chromium' driver

25-10-2024T03:17:08 - [MESSAGE][INFO] - User set preference: ['acceptInsecureCerts', 'true']

25-10-2024T03:17:10 - [MESSAGE][INFO] - Action delay is set to 0 milliseconds

25-10-2024T03:17:14 - [MESSAGE][PASSED] - Browser is opened with url: 'https://qa2.velocitypayment.com/agencyx/config.action?action=editor&message_version=2_5'

25-10-2024T03:17:14 - [MESSAGE][PASSED] - Current window maximized

25-10-2024T03:17:45 - [MESSAGE][INFO] - Unable to find the element located by 'By.xpath: //select[@name='message_version']'. Please recheck the objects properties to make sure the desired element is located. 

25-10-2024T03:17:45 - [MESSAGE][WARNING] - [SELF-HEALING] Failed to find element with id 'Object Repository/IWP30/Page_VRelay30Emulator/MV'. Try using Self-healing.

25-10-2024T03:17:46 - [MESSAGE][WARNING] - [SELF-HEALING] The current locator of test object 'Object Repository/IWP30/Page_VRelay30Emulator/MV' was broken. Propose an alternative one: '(.//*[normalize-space(text()) and normalize-space(.)='Message Version'])[1]/following::select[1]'.

25-10-2024T03:17:46 - [MESSAGE][PASSED] - All options with value '2.5' are selected in object 'Object Repository/IWP30/Page_VRelay30Emulator/MV'  using regular expression

25-10-2024T03:17:47 - [MESSAGE][PASSED] - Text '10.50' is set on object 'Object Repository/IWP30/Page_EmulatorAgencyX/Amount'

25-10-2024T03:17:48 - [MESSAGE][PASSED] - Text 'Z0GpOm5Wd6nM' is set on object 'Object Repository/IWP30/Page_EmulatorAgencyX/CAN'

25-10-2024T03:17:48 - [MESSAGE][PASSED] - Text 'PayNow' is set on object 'Object Repository/IWP30/Page_EmulatorAgencyX/Action'

25-10-2024T03:17:49 - [MESSAGE][PASSED] - Text 'en_US' is set on object 'Object Repository/IWP30/Page_EmulatorAgencyX/Lang'

25-10-2024T03:17:49 - [MESSAGE][PASSED] - Text 'Curlonty' is set on object 'Object Repository/IWP30/Page_EmulatorAgencyX/Fname'

25-10-2024T03:17:50 - [MESSAGE][PASSED] - Text 'Lachuga' is set on object 'Object Repository/IWP30/Page_EmulatorAgencyX/Lname'

25-10-2024T03:17:51 - [MESSAGE][PASSED] - Text '258 Underwood rd' is set on object 'Object Repository/IWP30/Page_EmulatorAgencyX/AL1'

25-10-2024T03:17:51 - [MESSAGE][PASSED] - Text 'Suite 600' is set on object 'Object Repository/IWP30/Page_EmulatorAgencyX/AL2'

25-10-2024T03:17:52 - [MESSAGE][PASSED] - Text '840' is set on object 'Object Repository/IWP30/Page_EmulatorAgencyX/Country'

25-10-2024T03:17:52 - [MESSAGE][PASSED] - Text 'Arlington' is set on object 'Object Repository/IWP30/Page_EmulatorAgencyX/City'

25-10-2024T03:17:53 - [MESSAGE][PASSED] - Text 'VA' is set on object 'Object Repository/IWP30/Page_EmulatorAgencyX/State'

25-10-2024T03:17:53 - [MESSAGE][PASSED] - Text '22201' is set on object 'Object Repository/IWP30/Page_EmulatorAgencyX/ZIP'

25-10-2024T03:17:54 - [MESSAGE][PASSED] - Text '' is set on object 'Object Repository/IWP30/Page_EmulatorAgencyX/Order'

25-10-2024T03:17:55 - [MESSAGE][PASSED] - Text '' is set on object 'Object Repository/IWP30/Page_EmulatorAgencyX/Company'

25-10-2024T03:17:55 - [MESSAGE][PASSED] - Text '' is set on object 'Object Repository/IWP30/Page_EmulatorAgencyX/Email'

25-10-2024T03:17:56 - [MESSAGE][PASSED] - Text 'udf data 1' is set on object 'Object Repository/IWP30/Page_EmulatorAgencyX/UDF1'

25-10-2024T03:17:56 - [MESSAGE][PASSED] - Text 'udf data 2' is set on object 'Object Repository/IWP30/Page_EmulatorAgencyX/UDF2'

25-10-2024T03:17:57 - [MESSAGE][PASSED] - Text '' is set on object 'Object Repository/IWP30/Page_EmulatorAgencyX/UDF3'

25-10-2024T03:17:58 - [MESSAGE][PASSED] - Text '' is set on object 'Object Repository/IWP30/Page_EmulatorAgencyX/UDF4'

25-10-2024T03:17:58 - [MESSAGE][PASSED] - Text '' is set on object 'Object Repository/IWP30/Page_EmulatorAgencyX/UDF5'

25-10-2024T03:17:59 - [MESSAGE][PASSED] - Text '' is set on object 'Object Repository/IWP30/Page_EmulatorAgencyX/UDF6'

25-10-2024T03:17:59 - [MESSAGE][PASSED] - Text '' is set on object 'Object Repository/IWP30/Page_EmulatorAgencyX/UDF7'

25-10-2024T03:18:00 - [MESSAGE][PASSED] - Text '' is set on object 'Object Repository/IWP30/Page_EmulatorAgencyX/UDF8'

25-10-2024T03:18:00 - [MESSAGE][PASSED] - Text '' is set on object 'Object Repository/IWP30/Page_EmulatorAgencyX/UDF9'

25-10-2024T03:18:01 - [MESSAGE][PASSED] - Text '' is set on object 'Object Repository/IWP30/Page_EmulatorAgencyX/UDF10'

25-10-2024T03:18:02 - [MESSAGE][PASSED] - Object: 'Object Repository/IWP30/Page_EmulatorAgencyX/Submit' is clicked on

25-10-2024T03:18:07 - [MESSAGE][PASSED] - Browser is closed

25-10-2024T03:18:11 - [MESSAGE][PASSED] - iwpPages.emulatorIWP30.setDataEmulator_DD is PASSED

25-10-2024T03:18:11 - [TEST_STEP][PASSED] - testHarnessURL = urlTestHarness: null

25-10-2024T03:18:11 - [TEST_STEP][PASSED] - openBrowser(testHarnessURL): Browser is opened with url: 'https://dev-algorithm.govolution.com/vrelaytest/QA2/version_2_2/vrelaytest.html'

25-10-2024T03:18:11 - [MESSAGE][INFO] - Starting 'Edge Chromium' driver

25-10-2024T03:18:11 - [MESSAGE][INFO] - User set preference: ['acceptInsecureCerts', 'true']

25-10-2024T03:18:13 - [MESSAGE][INFO] - Action delay is set to 0 milliseconds

25-10-2024T03:18:17 - [MESSAGE][PASSED] - Browser is opened with url: 'https://dev-algorithm.govolution.com/vrelaytest/QA2/version_2_2/vrelaytest.html'

25-10-2024T03:18:17 - [TEST_STEP][PASSED] - maximizeWindow(): Current window maximized

25-10-2024T03:18:17 - [MESSAGE][PASSED] - Current window maximized

25-10-2024T03:18:17 - [TEST_STEP][PASSED] - iwpPages.TestHarnessPage.setDataMethod(row, dataFile): iwpPages.TestHarnessPage.setDataMethod is PASSED

25-10-2024T03:18:17 - [MESSAGE][PASSED] - Object 'Object Repository/IWP30/Page_QATestHarness/RemittanceID' is present

25-10-2024T03:18:18 - [MESSAGE][PASSED] - Text '652' is set on object 'Object Repository/IWP30/Page_QATestHarness/ApplicationID'

25-10-2024T03:18:18 - [MESSAGE][PASSED] - Text '2.5' is set on object 'Object Repository/IWP30/Page_QATestHarness/MessageVersion'

25-10-2024T03:18:19 - [MESSAGE][PASSED] - Text 'McH9mkt8lFVt' is set on object 'Object Repository/IWP30/Page_QATestHarness/RemittanceID'

25-10-2024T03:18:22 - [MESSAGE][PASSED] - Object: 'Object Repository/IWP30/Page_QATestHarness/SubmitButton' is clicked on

25-10-2024T03:18:22 - [MESSAGE][PASSED] - iwpPages.TestHarnessPage.setDataMethod is PASSED

25-10-2024T03:18:22 - [TEST_STEP][PASSED] - click(findTestObject("Object Repository/IWP30/Page_SelectPaymentMethod/PayByCorporateCheck")): Object: 'Object Repository/IWP30/Page_SelectPaymentMethod/PayByCorporateCheck' is clicked on

25-10-2024T03:18:23 - [MESSAGE][PASSED] - Object: 'Object Repository/IWP30/Page_SelectPaymentMethod/PayByCorporateCheck' is clicked on

25-10-2024T03:18:23 - [TEST_STEP][PASSED] - click(findTestObject("Object Repository/IWP30/Page_SelectPaymentMethod/MakePaymentButton")): Object: 'Object Repository/IWP30/Page_SelectPaymentMethod/MakePaymentButton' is clicked on

25-10-2024T03:18:25 - [MESSAGE][PASSED] - Object: 'Object Repository/IWP30/Page_SelectPaymentMethod/MakePaymentButton' is clicked on

25-10-2024T03:18:25 - [TEST_STEP][PASSED] - iwpPages.achCorporatePaymentEntryPage.setDataCorporate(row, dataFile): iwpPages.achCorporatePaymentEntryPage.setDataCorporate is PASSED

25-10-2024T03:18:26 - [MESSAGE][PASSED] - Object 'Object Repository/IWP30/Page_ACHCorporatePaymentEntry/txt_accountNumber' is present

25-10-2024T03:18:27 - [MESSAGE][PASSED] - Object 'Object Repository/IWP30/Page_ACHCorporatePaymentEntry/input_CompanyName' is present

25-10-2024T03:18:27 - [MESSAGE][PASSED] - Text 'My Company' is set on object 'Object Repository/IWP30/Page_ACHCorporatePaymentEntry/input_CompanyName'

25-10-2024T03:18:27 - [MESSAGE][PASSED] - Object 'Object Repository/IWP30/Page_ACHCorporatePaymentEntry/input_EIN' is present

25-10-2024T03:18:28 - [MESSAGE][PASSED] - Text '123456789' is set on object 'Object Repository/IWP30/Page_ACHCorporatePaymentEntry/input_EIN'

25-10-2024T03:18:29 - [MESSAGE][PASSED] - Text '11.50' is set on object 'Object Repository/IWP30/Page_ACHCorporatePaymentEntry/txt_Amount'

25-10-2024T03:18:29 - [MESSAGE][PASSED] - Object 'Object Repository/IWP30/Page_ACHCorporatePaymentEntry/txt_routingNumber' is present

25-10-2024T03:18:29 - [MESSAGE][PASSED] - Text '256072691' is set on object 'Object Repository/IWP30/Page_ACHCorporatePaymentEntry/txt_routingNumber'

25-10-2024T03:18:30 - [MESSAGE][PASSED] - Object 'Object Repository/IWP30/Page_ACHCorporatePaymentEntry/txt_accountNumber' is present

25-10-2024T03:18:31 - [MESSAGE][PASSED] - Text '12344444' is set on object 'Object Repository/IWP30/Page_ACHCorporatePaymentEntry/txt_accountNumber'

25-10-2024T03:18:31 - [MESSAGE][PASSED] - Object 'Object Repository/IWP30/Page_ACHCorporatePaymentEntry/txt_confirmAccountNumber' is present

25-10-2024T03:18:32 - [MESSAGE][PASSED] - Text '12344444' is set on object 'Object Repository/IWP30/Page_ACHCorporatePaymentEntry/txt_confirmAccountNumber'

25-10-2024T03:18:32 - [MESSAGE][PASSED] - Object 'Object Repository/IWP30/Page_ACHCorporatePaymentEntry/txt_Email' is present

25-10-2024T03:18:32 - [MESSAGE][PASSED] - Text 'iahmed@govolution.com' is set on object 'Object Repository/IWP30/Page_ACHCorporatePaymentEntry/txt_Email'

25-10-2024T03:18:33 - [MESSAGE][PASSED] - Object 'Object Repository/IWP30/Page_ACHCorporatePaymentEntry/cb_TermsAndCond' is present

25-10-2024T03:18:33 - [MESSAGE][PASSED] - Object: 'Object Repository/IWP30/Page_ACHCorporatePaymentEntry/cb_TermsAndCond' is clicked on

25-10-2024T03:18:33 - [MESSAGE][PASSED] - Object 'Object Repository/IWP30/Page_ACHCorporatePaymentEntry/btn_Continue' is present

25-10-2024T03:18:36 - [MESSAGE][PASSED] - Object: 'Object Repository/IWP30/Page_ACHCorporatePaymentEntry/btn_Continue' is clicked on

25-10-2024T03:18:36 - [MESSAGE][PASSED] - iwpPages.achCorporatePaymentEntryPage.setDataCorporate is PASSED

25-10-2024T03:18:36 - [TEST_STEP][PASSED] - Thread.sleep(10000): null

25-10-2024T03:18:46 - [TEST_STEP][PASSED] - if (verifyTextPresent("Payment amounts more than 10.50 are not accepted", false)): null

25-10-2024T03:18:46 - [MESSAGE][PASSED] - Text 'Payment amounts more than 10.50 are not accepted' is present on page 

25-10-2024T03:18:46 - [TEST_STEP][PASSED] - println("Over Pay Error message shown"): null

25-10-2024T03:18:46 - [TEST_STEP][PASSED] - markPassed("Over Pay Error message shown"): Over Pay Error message shown

25-10-2024T03:18:46 - [MESSAGE][PASSED] - Over Pay Error message shown

25-10-2024T03:18:46 - [TEST_STEP][PASSED] - resText = "Pass": null

25-10-2024T03:18:46 - [TEST_STEP][PASSED] - pages.WriteExcel.demoKey(resText, datText, resColumn, datCloumn, fileLoc, nameSheet, row): pages.WriteExcel.demoKey is PASSED

25-10-2024T03:18:46 - [MESSAGE][PASSED] - pages.WriteExcel.demoKey is PASSED

25-10-2024T03:18:46 - [TEST_STEP][PASSED] - closeBrowser(): Browser is closed

25-10-2024T03:18:46 - [MESSAGE][PASSED] - Browser is closed

25-10-2024T03:18:46 - [TEST_STEP][PASSED] - ExecuteTC = findTestData(dataFile).getValue("Execute", row): null

25-10-2024T03:18:47 - [TEST_STEP][PASSED] - out.println("Value of Execute is : " + ExecuteTC): null

25-10-2024T03:18:47 - [TEST_STEP][PASSED] - if (ExecuteTC.equalsIgnoreCase("Y")): null

25-10-2024T03:18:47 - [TEST_STEP][PASSED] - out.println("Begin Record Number: " + row): null

25-10-2024T03:18:47 - [TEST_STEP][PASSED] - today = new java.util.Date(): null

25-10-2024T03:18:47 - [TEST_STEP][PASSED] - println(today): null

25-10-2024T03:18:47 - [TEST_STEP][PASSED] - datText = today: null

25-10-2024T03:18:47 - [TEST_STEP][PASSED] - EmulatorDataKey = findTestData(dataFile).getValue("EmulatorData", row): null

25-10-2024T03:18:47 - [TEST_STEP][PASSED] - out.println("Value of Emulator Key is : " + EmulatorDataKey): null

25-10-2024T03:18:47 - [TEST_STEP][PASSED] - iwpPages.emulatorIWP30.setDataEmulator_DD(EmulatorDataKey): iwpPages.emulatorIWP30.setDataEmulator_DD is PASSED

25-10-2024T03:18:47 - [MESSAGE][INFO] - Starting 'Edge Chromium' driver

25-10-2024T03:18:47 - [MESSAGE][INFO] - User set preference: ['acceptInsecureCerts', 'true']

25-10-2024T03:18:49 - [MESSAGE][INFO] - Action delay is set to 0 milliseconds

25-10-2024T03:18:53 - [MESSAGE][PASSED] - Browser is opened with url: 'https://qa2.velocitypayment.com/agencyx/config.action?action=editor&message_version=3_0'

25-10-2024T03:18:53 - [MESSAGE][PASSED] - Current window maximized

25-10-2024T03:19:24 - [MESSAGE][INFO] - Unable to find the element located by 'By.xpath: //select[@name='message_version']'. Please recheck the objects properties to make sure the desired element is located. 

25-10-2024T03:19:24 - [MESSAGE][WARNING] - [SELF-HEALING] Failed to find element with id 'Object Repository/IWP30/Page_VRelay30Emulator/MV'. Try using Self-healing.

25-10-2024T03:19:24 - [MESSAGE][WARNING] - [SELF-HEALING] The current locator of test object 'Object Repository/IWP30/Page_VRelay30Emulator/MV' was broken. Propose an alternative one: '(.//*[normalize-space(text()) and normalize-space(.)='Message Version'])[1]/following::select[1]'.

25-10-2024T03:19:25 - [MESSAGE][PASSED] - All options with value '3.0' are selected in object 'Object Repository/IWP30/Page_VRelay30Emulator/MV'  using regular expression

25-10-2024T03:19:25 - [MESSAGE][PASSED] - Text '10.50' is set on object 'Object Repository/IWP30/Page_EmulatorAgencyX/Amount'

25-10-2024T03:19:26 - [MESSAGE][PASSED] - Text 'iVG8zDlpEWQW' is set on object 'Object Repository/IWP30/Page_EmulatorAgencyX/CAN'

25-10-2024T03:19:27 - [MESSAGE][PASSED] - Text 'PayNow' is set on object 'Object Repository/IWP30/Page_EmulatorAgencyX/Action'

25-10-2024T03:19:27 - [MESSAGE][PASSED] - Text 'en_US' is set on object 'Object Repository/IWP30/Page_EmulatorAgencyX/Lang'

25-10-2024T03:19:28 - [MESSAGE][PASSED] - Text 'Curlonty' is set on object 'Object Repository/IWP30/Page_EmulatorAgencyX/Fname'

25-10-2024T03:19:28 - [MESSAGE][PASSED] - Text 'Lachuga' is set on object 'Object Repository/IWP30/Page_EmulatorAgencyX/Lname'

25-10-2024T03:19:29 - [MESSAGE][PASSED] - Text '258 Underwood rd' is set on object 'Object Repository/IWP30/Page_EmulatorAgencyX/AL1'

25-10-2024T03:19:30 - [MESSAGE][PASSED] - Text 'Suite 600' is set on object 'Object Repository/IWP30/Page_EmulatorAgencyX/AL2'

25-10-2024T03:19:30 - [MESSAGE][PASSED] - Text '840' is set on object 'Object Repository/IWP30/Page_EmulatorAgencyX/Country'

25-10-2024T03:19:31 - [MESSAGE][PASSED] - Text 'Arlington' is set on object 'Object Repository/IWP30/Page_EmulatorAgencyX/City'

25-10-2024T03:19:31 - [MESSAGE][PASSED] - Text 'VA' is set on object 'Object Repository/IWP30/Page_EmulatorAgencyX/State'

25-10-2024T03:19:32 - [MESSAGE][PASSED] - Text '22201' is set on object 'Object Repository/IWP30/Page_EmulatorAgencyX/ZIP'

25-10-2024T03:19:33 - [MESSAGE][PASSED] - Text '' is set on object 'Object Repository/IWP30/Page_EmulatorAgencyX/Order'

25-10-2024T03:19:33 - [MESSAGE][PASSED] - Text '' is set on object 'Object Repository/IWP30/Page_EmulatorAgencyX/Company'

25-10-2024T03:19:34 - [MESSAGE][PASSED] - Text '' is set on object 'Object Repository/IWP30/Page_EmulatorAgencyX/Email'

25-10-2024T03:19:34 - [MESSAGE][PASSED] - Text 'udf data 1' is set on object 'Object Repository/IWP30/Page_EmulatorAgencyX/UDF1'

25-10-2024T03:19:35 - [MESSAGE][PASSED] - Text 'udf data 2' is set on object 'Object Repository/IWP30/Page_EmulatorAgencyX/UDF2'

25-10-2024T03:19:35 - [MESSAGE][PASSED] - Text '' is set on object 'Object Repository/IWP30/Page_EmulatorAgencyX/UDF3'

25-10-2024T03:19:36 - [MESSAGE][PASSED] - Text '' is set on object 'Object Repository/IWP30/Page_EmulatorAgencyX/UDF4'

25-10-2024T03:19:37 - [MESSAGE][PASSED] - Text '' is set on object 'Object Repository/IWP30/Page_EmulatorAgencyX/UDF5'

25-10-2024T03:19:37 - [MESSAGE][PASSED] - Text '' is set on object 'Object Repository/IWP30/Page_EmulatorAgencyX/UDF6'

25-10-2024T03:19:38 - [MESSAGE][PASSED] - Text '' is set on object 'Object Repository/IWP30/Page_EmulatorAgencyX/UDF7'

25-10-2024T03:19:38 - [MESSAGE][PASSED] - Text '' is set on object 'Object Repository/IWP30/Page_EmulatorAgencyX/UDF8'

25-10-2024T03:19:39 - [MESSAGE][PASSED] - Text '' is set on object 'Object Repository/IWP30/Page_EmulatorAgencyX/UDF9'

25-10-2024T03:19:39 - [MESSAGE][PASSED] - Text '' is set on object 'Object Repository/IWP30/Page_EmulatorAgencyX/UDF10'

25-10-2024T03:19:41 - [MESSAGE][PASSED] - Object: 'Object Repository/IWP30/Page_EmulatorAgencyX/Submit' is clicked on

25-10-2024T03:19:45 - [MESSAGE][PASSED] - Browser is closed

25-10-2024T03:19:49 - [MESSAGE][PASSED] - iwpPages.emulatorIWP30.setDataEmulator_DD is PASSED

25-10-2024T03:19:49 - [TEST_STEP][PASSED] - testHarnessURL = urlTestHarness: null

25-10-2024T03:19:49 - [TEST_STEP][PASSED] - openBrowser(testHarnessURL): Browser is opened with url: 'https://dev-algorithm.govolution.com/vrelaytest/QA2/version_2_2/vrelaytest.html'

25-10-2024T03:19:49 - [MESSAGE][INFO] - Starting 'Edge Chromium' driver

25-10-2024T03:19:49 - [MESSAGE][INFO] - User set preference: ['acceptInsecureCerts', 'true']

25-10-2024T03:19:51 - [MESSAGE][INFO] - Action delay is set to 0 milliseconds

25-10-2024T03:19:55 - [MESSAGE][PASSED] - Browser is opened with url: 'https://dev-algorithm.govolution.com/vrelaytest/QA2/version_2_2/vrelaytest.html'

25-10-2024T03:19:55 - [TEST_STEP][PASSED] - maximizeWindow(): Current window maximized

25-10-2024T03:19:55 - [MESSAGE][PASSED] - Current window maximized

25-10-2024T03:19:55 - [TEST_STEP][PASSED] - iwpPages.TestHarnessPage.setDataMethod(row, dataFile): iwpPages.TestHarnessPage.setDataMethod is PASSED

25-10-2024T03:19:56 - [MESSAGE][PASSED] - Object 'Object Repository/IWP30/Page_QATestHarness/RemittanceID' is present

25-10-2024T03:19:56 - [MESSAGE][PASSED] - Text '825' is set on object 'Object Repository/IWP30/Page_QATestHarness/ApplicationID'

25-10-2024T03:19:57 - [MESSAGE][PASSED] - Text '3.0' is set on object 'Object Repository/IWP30/Page_QATestHarness/MessageVersion'

25-10-2024T03:19:57 - [MESSAGE][PASSED] - Text 'wAqj9mVyIIFJ' is set on object 'Object Repository/IWP30/Page_QATestHarness/RemittanceID'

25-10-2024T03:19:59 - [MESSAGE][PASSED] - Object: 'Object Repository/IWP30/Page_QATestHarness/SubmitButton' is clicked on

25-10-2024T03:19:59 - [MESSAGE][PASSED] - iwpPages.TestHarnessPage.setDataMethod is PASSED

25-10-2024T03:19:59 - [TEST_STEP][PASSED] - click(findTestObject("Object Repository/IWP30/Page_SelectPaymentMethod/PayByCorporateCheck")): Object: 'Object Repository/IWP30/Page_SelectPaymentMethod/PayByCorporateCheck' is clicked on

25-10-2024T03:20:00 - [MESSAGE][PASSED] - Object: 'Object Repository/IWP30/Page_SelectPaymentMethod/PayByCorporateCheck' is clicked on

25-10-2024T03:20:00 - [TEST_STEP][PASSED] - click(findTestObject("Object Repository/IWP30/Page_SelectPaymentMethod/MakePaymentButton")): Object: 'Object Repository/IWP30/Page_SelectPaymentMethod/MakePaymentButton' is clicked on

25-10-2024T03:20:03 - [MESSAGE][PASSED] - Object: 'Object Repository/IWP30/Page_SelectPaymentMethod/MakePaymentButton' is clicked on

25-10-2024T03:20:03 - [TEST_STEP][PASSED] - iwpPages.achCorporatePaymentEntryPage.setDataCorporate(row, dataFile): iwpPages.achCorporatePaymentEntryPage.setDataCorporate is PASSED

25-10-2024T03:20:04 - [MESSAGE][PASSED] - Object 'Object Repository/IWP30/Page_ACHCorporatePaymentEntry/txt_accountNumber' is present

25-10-2024T03:20:04 - [MESSAGE][PASSED] - Object 'Object Repository/IWP30/Page_ACHCorporatePaymentEntry/input_CompanyName' is present

25-10-2024T03:20:05 - [MESSAGE][PASSED] - Text 'My Company' is set on object 'Object Repository/IWP30/Page_ACHCorporatePaymentEntry/input_CompanyName'

25-10-2024T03:20:05 - [MESSAGE][PASSED] - Object 'Object Repository/IWP30/Page_ACHCorporatePaymentEntry/input_EIN' is present

25-10-2024T03:20:05 - [MESSAGE][PASSED] - Text '123456789' is set on object 'Object Repository/IWP30/Page_ACHCorporatePaymentEntry/input_EIN'

25-10-2024T03:20:06 - [MESSAGE][PASSED] - Text '11.50' is set on object 'Object Repository/IWP30/Page_ACHCorporatePaymentEntry/txt_Amount'

25-10-2024T03:20:06 - [MESSAGE][PASSED] - Object 'Object Repository/IWP30/Page_ACHCorporatePaymentEntry/txt_routingNumber' is present

25-10-2024T03:20:07 - [MESSAGE][PASSED] - Text '256072691' is set on object 'Object Repository/IWP30/Page_ACHCorporatePaymentEntry/txt_routingNumber'

25-10-2024T03:20:07 - [MESSAGE][PASSED] - Object 'Object Repository/IWP30/Page_ACHCorporatePaymentEntry/txt_accountNumber' is present

25-10-2024T03:20:08 - [MESSAGE][PASSED] - Text '12344444' is set on object 'Object Repository/IWP30/Page_ACHCorporatePaymentEntry/txt_accountNumber'

25-10-2024T03:20:08 - [MESSAGE][PASSED] - Object 'Object Repository/IWP30/Page_ACHCorporatePaymentEntry/txt_confirmAccountNumber' is present

25-10-2024T03:20:09 - [MESSAGE][PASSED] - Text '12344444' is set on object 'Object Repository/IWP30/Page_ACHCorporatePaymentEntry/txt_confirmAccountNumber'

25-10-2024T03:20:09 - [MESSAGE][PASSED] - Object 'Object Repository/IWP30/Page_ACHCorporatePaymentEntry/txt_Email' is present

25-10-2024T03:20:10 - [MESSAGE][PASSED] - Text 'iahmed@govolution.com' is set on object 'Object Repository/IWP30/Page_ACHCorporatePaymentEntry/txt_Email'

25-10-2024T03:20:10 - [MESSAGE][PASSED] - Object 'Object Repository/IWP30/Page_ACHCorporatePaymentEntry/cb_TermsAndCond' is present

25-10-2024T03:20:10 - [MESSAGE][PASSED] - Object: 'Object Repository/IWP30/Page_ACHCorporatePaymentEntry/cb_TermsAndCond' is clicked on

25-10-2024T03:20:11 - [MESSAGE][PASSED] - Object 'Object Repository/IWP30/Page_ACHCorporatePaymentEntry/btn_Continue' is present

25-10-2024T03:20:13 - [MESSAGE][PASSED] - Object: 'Object Repository/IWP30/Page_ACHCorporatePaymentEntry/btn_Continue' is clicked on

25-10-2024T03:20:13 - [MESSAGE][PASSED] - iwpPages.achCorporatePaymentEntryPage.setDataCorporate is PASSED

25-10-2024T03:20:13 - [TEST_STEP][PASSED] - Thread.sleep(10000): null

25-10-2024T03:20:23 - [TEST_STEP][PASSED] - if (verifyTextPresent("Payment amounts more than 10.50 are not accepted", false)): null

25-10-2024T03:20:23 - [MESSAGE][PASSED] - Text 'Payment amounts more than 10.50 are not accepted' is present on page 

25-10-2024T03:20:23 - [TEST_STEP][PASSED] - println("Over Pay Error message shown"): null

25-10-2024T03:20:23 - [TEST_STEP][PASSED] - markPassed("Over Pay Error message shown"): Over Pay Error message shown

25-10-2024T03:20:23 - [MESSAGE][PASSED] - Over Pay Error message shown

25-10-2024T03:20:23 - [TEST_STEP][PASSED] - resText = "Pass": null

25-10-2024T03:20:23 - [TEST_STEP][PASSED] - pages.WriteExcel.demoKey(resText, datText, resColumn, datCloumn, fileLoc, nameSheet, row): pages.WriteExcel.demoKey is PASSED

25-10-2024T03:20:23 - [MESSAGE][PASSED] - pages.WriteExcel.demoKey is PASSED

25-10-2024T03:20:23 - [TEST_STEP][PASSED] - closeBrowser(): Browser is closed

25-10-2024T03:20:24 - [MESSAGE][PASSED] - Browser is closed]]></system-out>
         <system-err><![CDATA[]]></system-err>
      </testcase>
      <testcase name="Test Cases/IntegratedWeb/IWP25/Error/NoOverPayErrorPC" time="197.307" classname="Test Cases/IntegratedWeb/IWP25/Error/NoOverPayErrorPC" status="PASSED">
         <system-out><![CDATA[25-10-2024T03:20:24 - [TEST_CASE][PASSED] - Test Cases/IntegratedWeb/IWP25/Error/NoOverPayErrorPC: Test Cases/IntegratedWeb/IWP25/Error/NoOverPayErrorPC

25-10-2024T03:20:24 - [TEST_STEP][PASSED] - resText = "Fail": null

25-10-2024T03:20:24 - [TEST_STEP][PASSED] - resColumn = "Result": null

25-10-2024T03:20:24 - [TEST_STEP][PASSED] - datCloumn = "Date": null

25-10-2024T03:20:24 - [TEST_STEP][PASSED] - fileLoc = "KatalonData/IWPTestData/VRelay25Payments.xlsx": null

25-10-2024T03:20:24 - [TEST_STEP][PASSED] - numOfRows = <not implemented yet for class: org.codehaus.groovy.ast.expr.EmptyExpression>: null

25-10-2024T03:20:24 - [TEST_STEP][PASSED] - dataFile = <not implemented yet for class: org.codehaus.groovy.ast.expr.EmptyExpression>: null

25-10-2024T03:20:24 - [TEST_STEP][PASSED] - nameSheet = <not implemented yet for class: org.codehaus.groovy.ast.expr.EmptyExpression>: null

25-10-2024T03:20:24 - [TEST_STEP][PASSED] - dataFileEmulator = <not implemented yet for class: org.codehaus.groovy.ast.expr.EmptyExpression>: null

25-10-2024T03:20:24 - [TEST_STEP][PASSED] - nameSheet = "NoOverPayErrorPC": null

25-10-2024T03:20:24 - [TEST_STEP][PASSED] - dataFile = "IWPTestData/IWP25NoOverPayErrorPC": null

25-10-2024T03:20:24 - [TEST_STEP][PASSED] - dataFileEmulator = "IWPTestData/EmulatorData": null

25-10-2024T03:20:24 - [TEST_STEP][PASSED] - numOfRows = findTestData(dataFile).getRowNumbers(): null

25-10-2024T03:20:24 - [TEST_STEP][PASSED] - println("Number of Records: " + numOfRows): null

25-10-2024T03:20:24 - [TEST_STEP][PASSED] - for ([row = 1, row <= numOfRows, (row++)]): Browser is closed

25-10-2024T03:20:24 - [TEST_STEP][PASSED] - ExecuteTC = findTestData(dataFile).getValue("Execute", row): null

25-10-2024T03:20:24 - [TEST_STEP][PASSED] - out.println("Value of Execute is : " + ExecuteTC): null

25-10-2024T03:20:24 - [TEST_STEP][PASSED] - if (ExecuteTC.equalsIgnoreCase("Y")): null

25-10-2024T03:20:24 - [TEST_STEP][PASSED] - out.println("Begin Record Number: " + row): null

25-10-2024T03:20:24 - [TEST_STEP][PASSED] - today = new java.util.Date(): null

25-10-2024T03:20:24 - [TEST_STEP][PASSED] - println(today): null

25-10-2024T03:20:24 - [TEST_STEP][PASSED] - datText = today: null

25-10-2024T03:20:24 - [TEST_STEP][PASSED] - EmulatorDataKey = findTestData(dataFile).getValue("EmulatorData", row): null

25-10-2024T03:20:24 - [TEST_STEP][PASSED] - out.println("Value of Emulator Key is : " + EmulatorDataKey): null

25-10-2024T03:20:24 - [TEST_STEP][PASSED] - iwpPages.emulatorIWP30.setDataEmulator_DD(EmulatorDataKey): iwpPages.emulatorIWP30.setDataEmulator_DD is PASSED

25-10-2024T03:20:25 - [MESSAGE][INFO] - Starting 'Edge Chromium' driver

25-10-2024T03:20:25 - [MESSAGE][INFO] - User set preference: ['acceptInsecureCerts', 'true']

25-10-2024T03:20:27 - [MESSAGE][INFO] - Action delay is set to 0 milliseconds

25-10-2024T03:20:31 - [MESSAGE][PASSED] - Browser is opened with url: 'https://qa2.velocitypayment.com/agencyx/config.action?action=editor&message_version=2_5'

25-10-2024T03:20:31 - [MESSAGE][PASSED] - Current window maximized

25-10-2024T03:21:02 - [MESSAGE][INFO] - Unable to find the element located by 'By.xpath: //select[@name='message_version']'. Please recheck the objects properties to make sure the desired element is located. 

25-10-2024T03:21:02 - [MESSAGE][WARNING] - [SELF-HEALING] Failed to find element with id 'Object Repository/IWP30/Page_VRelay30Emulator/MV'. Try using Self-healing.

25-10-2024T03:21:02 - [MESSAGE][WARNING] - [SELF-HEALING] The current locator of test object 'Object Repository/IWP30/Page_VRelay30Emulator/MV' was broken. Propose an alternative one: '(.//*[normalize-space(text()) and normalize-space(.)='Message Version'])[1]/following::select[1]'.

25-10-2024T03:21:03 - [MESSAGE][PASSED] - All options with value '2.5' are selected in object 'Object Repository/IWP30/Page_VRelay30Emulator/MV'  using regular expression

25-10-2024T03:21:04 - [MESSAGE][PASSED] - Text '10.50' is set on object 'Object Repository/IWP30/Page_EmulatorAgencyX/Amount'

25-10-2024T03:21:04 - [MESSAGE][PASSED] - Text 'GpGCHwcfzOiK' is set on object 'Object Repository/IWP30/Page_EmulatorAgencyX/CAN'

25-10-2024T03:21:05 - [MESSAGE][PASSED] - Text 'PayNow' is set on object 'Object Repository/IWP30/Page_EmulatorAgencyX/Action'

25-10-2024T03:21:05 - [MESSAGE][PASSED] - Text 'en_US' is set on object 'Object Repository/IWP30/Page_EmulatorAgencyX/Lang'

25-10-2024T03:21:06 - [MESSAGE][PASSED] - Text 'Curlonty' is set on object 'Object Repository/IWP30/Page_EmulatorAgencyX/Fname'

25-10-2024T03:21:07 - [MESSAGE][PASSED] - Text 'Lachuga' is set on object 'Object Repository/IWP30/Page_EmulatorAgencyX/Lname'

25-10-2024T03:21:07 - [MESSAGE][PASSED] - Text '258 Underwood rd' is set on object 'Object Repository/IWP30/Page_EmulatorAgencyX/AL1'

25-10-2024T03:21:08 - [MESSAGE][PASSED] - Text 'Suite 600' is set on object 'Object Repository/IWP30/Page_EmulatorAgencyX/AL2'

25-10-2024T03:21:08 - [MESSAGE][PASSED] - Text '840' is set on object 'Object Repository/IWP30/Page_EmulatorAgencyX/Country'

25-10-2024T03:21:09 - [MESSAGE][PASSED] - Text 'Arlington' is set on object 'Object Repository/IWP30/Page_EmulatorAgencyX/City'

25-10-2024T03:21:10 - [MESSAGE][PASSED] - Text 'VA' is set on object 'Object Repository/IWP30/Page_EmulatorAgencyX/State'

25-10-2024T03:21:10 - [MESSAGE][PASSED] - Text '22201' is set on object 'Object Repository/IWP30/Page_EmulatorAgencyX/ZIP'

25-10-2024T03:21:11 - [MESSAGE][PASSED] - Text '' is set on object 'Object Repository/IWP30/Page_EmulatorAgencyX/Order'

25-10-2024T03:21:11 - [MESSAGE][PASSED] - Text '' is set on object 'Object Repository/IWP30/Page_EmulatorAgencyX/Company'

25-10-2024T03:21:12 - [MESSAGE][PASSED] - Text '' is set on object 'Object Repository/IWP30/Page_EmulatorAgencyX/Email'

25-10-2024T03:21:12 - [MESSAGE][PASSED] - Text 'udf data 1' is set on object 'Object Repository/IWP30/Page_EmulatorAgencyX/UDF1'

25-10-2024T03:21:13 - [MESSAGE][PASSED] - Text 'udf data 2' is set on object 'Object Repository/IWP30/Page_EmulatorAgencyX/UDF2'

25-10-2024T03:21:14 - [MESSAGE][PASSED] - Text '' is set on object 'Object Repository/IWP30/Page_EmulatorAgencyX/UDF3'

25-10-2024T03:21:14 - [MESSAGE][PASSED] - Text '' is set on object 'Object Repository/IWP30/Page_EmulatorAgencyX/UDF4'

25-10-2024T03:21:15 - [MESSAGE][PASSED] - Text '' is set on object 'Object Repository/IWP30/Page_EmulatorAgencyX/UDF5'

25-10-2024T03:21:15 - [MESSAGE][PASSED] - Text '' is set on object 'Object Repository/IWP30/Page_EmulatorAgencyX/UDF6'

25-10-2024T03:21:16 - [MESSAGE][PASSED] - Text '' is set on object 'Object Repository/IWP30/Page_EmulatorAgencyX/UDF7'

25-10-2024T03:21:16 - [MESSAGE][PASSED] - Text '' is set on object 'Object Repository/IWP30/Page_EmulatorAgencyX/UDF8'

25-10-2024T03:21:17 - [MESSAGE][PASSED] - Text '' is set on object 'Object Repository/IWP30/Page_EmulatorAgencyX/UDF9'

25-10-2024T03:21:18 - [MESSAGE][PASSED] - Text '' is set on object 'Object Repository/IWP30/Page_EmulatorAgencyX/UDF10'

25-10-2024T03:21:19 - [MESSAGE][PASSED] - Object: 'Object Repository/IWP30/Page_EmulatorAgencyX/Submit' is clicked on

25-10-2024T03:21:24 - [MESSAGE][PASSED] - Browser is closed

25-10-2024T03:21:28 - [MESSAGE][PASSED] - iwpPages.emulatorIWP30.setDataEmulator_DD is PASSED

25-10-2024T03:21:28 - [TEST_STEP][PASSED] - testHarnessURL = urlTestHarness: null

25-10-2024T03:21:28 - [TEST_STEP][PASSED] - openBrowser(testHarnessURL): Browser is opened with url: 'https://dev-algorithm.govolution.com/vrelaytest/QA2/version_2_2/vrelaytest.html'

25-10-2024T03:21:28 - [MESSAGE][INFO] - Starting 'Edge Chromium' driver

25-10-2024T03:21:28 - [MESSAGE][INFO] - User set preference: ['acceptInsecureCerts', 'true']

25-10-2024T03:21:30 - [MESSAGE][INFO] - Action delay is set to 0 milliseconds

25-10-2024T03:21:33 - [MESSAGE][PASSED] - Browser is opened with url: 'https://dev-algorithm.govolution.com/vrelaytest/QA2/version_2_2/vrelaytest.html'

25-10-2024T03:21:33 - [TEST_STEP][PASSED] - maximizeWindow(): Current window maximized

25-10-2024T03:21:33 - [MESSAGE][PASSED] - Current window maximized

25-10-2024T03:21:33 - [TEST_STEP][PASSED] - iwpPages.TestHarnessPage.setDataMethod(row, dataFile): iwpPages.TestHarnessPage.setDataMethod is PASSED

25-10-2024T03:21:34 - [MESSAGE][PASSED] - Object 'Object Repository/IWP30/Page_QATestHarness/RemittanceID' is present

25-10-2024T03:21:34 - [MESSAGE][PASSED] - Text '652' is set on object 'Object Repository/IWP30/Page_QATestHarness/ApplicationID'

25-10-2024T03:21:35 - [MESSAGE][PASSED] - Text '2.5' is set on object 'Object Repository/IWP30/Page_QATestHarness/MessageVersion'

25-10-2024T03:21:36 - [MESSAGE][PASSED] - Text 'Jwwi1zApyyFH' is set on object 'Object Repository/IWP30/Page_QATestHarness/RemittanceID'

25-10-2024T03:21:39 - [MESSAGE][PASSED] - Object: 'Object Repository/IWP30/Page_QATestHarness/SubmitButton' is clicked on

25-10-2024T03:21:39 - [MESSAGE][PASSED] - iwpPages.TestHarnessPage.setDataMethod is PASSED

25-10-2024T03:21:39 - [TEST_STEP][PASSED] - click(findTestObject("Object Repository/IWP30/Page_SelectPaymentMethod/PayByPersonalCheck")): Object: 'Object Repository/IWP30/Page_SelectPaymentMethod/PayByPersonalCheck' is clicked on

25-10-2024T03:21:39 - [MESSAGE][PASSED] - Object: 'Object Repository/IWP30/Page_SelectPaymentMethod/PayByPersonalCheck' is clicked on

25-10-2024T03:21:39 - [TEST_STEP][PASSED] - click(findTestObject("Object Repository/IWP30/Page_SelectPaymentMethod/MakePaymentButton")): Object: 'Object Repository/IWP30/Page_SelectPaymentMethod/MakePaymentButton' is clicked on

25-10-2024T03:21:42 - [MESSAGE][PASSED] - Object: 'Object Repository/IWP30/Page_SelectPaymentMethod/MakePaymentButton' is clicked on

25-10-2024T03:21:42 - [TEST_STEP][PASSED] - iwpPages.achPersonalPaymentEntryPage.setDataACHPPM(row, dataFile): iwpPages.achPersonalPaymentEntryPage.setDataACHPPM is PASSED

25-10-2024T03:21:43 - [MESSAGE][PASSED] - Object 'Object Repository/IWP30/Page_ACHPersonalPaymentEntry/txt_accountNumber' is present

25-10-2024T03:21:44 - [MESSAGE][PASSED] - Text '11.50' is set on object 'Object Repository/IWP30/Page_ACHPersonalPaymentEntry/txt_Amount'

25-10-2024T03:21:44 - [MESSAGE][PASSED] - Object 'Object Repository/IWP30/Page_ACHPersonalPaymentEntry/txt_UDF2' is present

25-10-2024T03:21:44 - [MESSAGE][PASSED] - Object 'Object Repository/IWP30/Page_ACHPersonalPaymentEntry/txt_Firstname' is present

25-10-2024T03:21:45 - [MESSAGE][PASSED] - Text 'Elizath' is set on object 'Object Repository/IWP30/Page_ACHPersonalPaymentEntry/txt_Firstname'

25-10-2024T03:21:45 - [MESSAGE][PASSED] - Object 'Object Repository/IWP30/Page_ACHPersonalPaymentEntry/txt_Lastname' is present

25-10-2024T03:21:45 - [MESSAGE][PASSED] - Text 'Christine' is set on object 'Object Repository/IWP30/Page_ACHPersonalPaymentEntry/txt_Lastname'

25-10-2024T03:21:46 - [MESSAGE][PASSED] - Object 'Object Repository/IWP30/Page_ACHPersonalPaymentEntry/txt_routingNumber' is present

25-10-2024T03:21:46 - [MESSAGE][PASSED] - Text '256072691' is set on object 'Object Repository/IWP30/Page_ACHPersonalPaymentEntry/txt_routingNumber'

25-10-2024T03:21:47 - [MESSAGE][PASSED] - Object 'Object Repository/IWP30/Page_ACHPersonalPaymentEntry/txt_accountNumber' is present

25-10-2024T03:21:48 - [MESSAGE][PASSED] - Text '12344444' is set on object 'Object Repository/IWP30/Page_ACHPersonalPaymentEntry/txt_accountNumber'

25-10-2024T03:21:48 - [MESSAGE][PASSED] - Object 'Object Repository/IWP30/Page_ACHPersonalPaymentEntry/txt_confirmAccountNumber' is present

25-10-2024T03:21:49 - [MESSAGE][PASSED] - Text '12344444' is set on object 'Object Repository/IWP30/Page_ACHPersonalPaymentEntry/txt_confirmAccountNumber'

25-10-2024T03:21:49 - [MESSAGE][PASSED] - Object 'Object Repository/IWP30/Page_ACHPersonalPaymentEntry/rd_accountType' is present

25-10-2024T03:21:49 - [MESSAGE][PASSED] - Modify property of object successfully

25-10-2024T03:21:49 - [MESSAGE][PASSED] - Object: 'Object Repository/IWP30/Page_ACHPersonalPaymentEntry/rd_accountType' is clicked on

25-10-2024T03:21:49 - [MESSAGE][PASSED] - Object 'Object Repository/IWP30/Page_ACHPersonalPaymentEntry/txt_Email' is present

25-10-2024T03:21:50 - [MESSAGE][PASSED] - Text 'iahmed@govolution.com' is set on object 'Object Repository/IWP30/Page_ACHPersonalPaymentEntry/txt_Email'

25-10-2024T03:21:50 - [MESSAGE][PASSED] - Object 'Object Repository/IWP30/Page_ACHPersonalPaymentEntry/cb_TermsAndCond' is present

25-10-2024T03:21:51 - [MESSAGE][PASSED] - Object: 'Object Repository/IWP30/Page_ACHPersonalPaymentEntry/cb_TermsAndCond' is clicked on

25-10-2024T03:21:51 - [MESSAGE][PASSED] - Object 'Object Repository/IWP30/Page_ACHPersonalPaymentEntry/btn_Continue' is present

25-10-2024T03:21:53 - [MESSAGE][PASSED] - Object: 'Object Repository/IWP30/Page_ACHPersonalPaymentEntry/btn_Continue' is clicked on

25-10-2024T03:21:53 - [MESSAGE][PASSED] - iwpPages.achPersonalPaymentEntryPage.setDataACHPPM is PASSED

25-10-2024T03:21:53 - [TEST_STEP][PASSED] - Thread.sleep(10000): null

25-10-2024T03:22:03 - [TEST_STEP][PASSED] - if (verifyTextPresent("Payment amounts more than 10.50 are not accepted", false)): null

25-10-2024T03:22:03 - [MESSAGE][PASSED] - Text 'Payment amounts more than 10.50 are not accepted' is present on page 

25-10-2024T03:22:03 - [TEST_STEP][PASSED] - println("Over Pay Error message shown"): null

25-10-2024T03:22:03 - [TEST_STEP][PASSED] - markPassed("Over Pay Error message shown"): Over Pay Error message shown

25-10-2024T03:22:03 - [MESSAGE][PASSED] - Over Pay Error message shown

25-10-2024T03:22:03 - [TEST_STEP][PASSED] - resText = "Pass": null

25-10-2024T03:22:03 - [TEST_STEP][PASSED] - pages.WriteExcel.demoKey(resText, datText, resColumn, datCloumn, fileLoc, nameSheet, row): pages.WriteExcel.demoKey is PASSED

25-10-2024T03:22:03 - [MESSAGE][PASSED] - pages.WriteExcel.demoKey is PASSED

25-10-2024T03:22:03 - [TEST_STEP][PASSED] - closeBrowser(): Browser is closed

25-10-2024T03:22:04 - [MESSAGE][PASSED] - Browser is closed

25-10-2024T03:22:04 - [TEST_STEP][PASSED] - ExecuteTC = findTestData(dataFile).getValue("Execute", row): null

25-10-2024T03:22:04 - [TEST_STEP][PASSED] - out.println("Value of Execute is : " + ExecuteTC): null

25-10-2024T03:22:04 - [TEST_STEP][PASSED] - if (ExecuteTC.equalsIgnoreCase("Y")): null

25-10-2024T03:22:04 - [TEST_STEP][PASSED] - out.println("Begin Record Number: " + row): null

25-10-2024T03:22:04 - [TEST_STEP][PASSED] - today = new java.util.Date(): null

25-10-2024T03:22:04 - [TEST_STEP][PASSED] - println(today): null

25-10-2024T03:22:04 - [TEST_STEP][PASSED] - datText = today: null

25-10-2024T03:22:04 - [TEST_STEP][PASSED] - EmulatorDataKey = findTestData(dataFile).getValue("EmulatorData", row): null

25-10-2024T03:22:04 - [TEST_STEP][PASSED] - out.println("Value of Emulator Key is : " + EmulatorDataKey): null

25-10-2024T03:22:04 - [TEST_STEP][PASSED] - iwpPages.emulatorIWP30.setDataEmulator_DD(EmulatorDataKey): iwpPages.emulatorIWP30.setDataEmulator_DD is PASSED

25-10-2024T03:22:04 - [MESSAGE][INFO] - Starting 'Edge Chromium' driver

25-10-2024T03:22:04 - [MESSAGE][INFO] - User set preference: ['acceptInsecureCerts', 'true']

25-10-2024T03:22:07 - [MESSAGE][INFO] - Action delay is set to 0 milliseconds

25-10-2024T03:22:10 - [MESSAGE][PASSED] - Browser is opened with url: 'https://qa2.velocitypayment.com/agencyx/config.action?action=editor&message_version=3_0'

25-10-2024T03:22:10 - [MESSAGE][PASSED] - Current window maximized

25-10-2024T03:22:41 - [MESSAGE][INFO] - Unable to find the element located by 'By.xpath: //select[@name='message_version']'. Please recheck the objects properties to make sure the desired element is located. 

25-10-2024T03:22:41 - [MESSAGE][WARNING] - [SELF-HEALING] Failed to find element with id 'Object Repository/IWP30/Page_VRelay30Emulator/MV'. Try using Self-healing.

25-10-2024T03:22:42 - [MESSAGE][WARNING] - [SELF-HEALING] The current locator of test object 'Object Repository/IWP30/Page_VRelay30Emulator/MV' was broken. Propose an alternative one: '(.//*[normalize-space(text()) and normalize-space(.)='Message Version'])[1]/following::select[1]'.

25-10-2024T03:22:42 - [MESSAGE][PASSED] - All options with value '3.0' are selected in object 'Object Repository/IWP30/Page_VRelay30Emulator/MV'  using regular expression

25-10-2024T03:22:43 - [MESSAGE][PASSED] - Text '10.50' is set on object 'Object Repository/IWP30/Page_EmulatorAgencyX/Amount'

25-10-2024T03:22:43 - [MESSAGE][PASSED] - Text 'O1uDkda021SY' is set on object 'Object Repository/IWP30/Page_EmulatorAgencyX/CAN'

25-10-2024T03:22:44 - [MESSAGE][PASSED] - Text 'PayNow' is set on object 'Object Repository/IWP30/Page_EmulatorAgencyX/Action'

25-10-2024T03:22:45 - [MESSAGE][PASSED] - Text 'en_US' is set on object 'Object Repository/IWP30/Page_EmulatorAgencyX/Lang'

25-10-2024T03:22:45 - [MESSAGE][PASSED] - Text 'Curlonty' is set on object 'Object Repository/IWP30/Page_EmulatorAgencyX/Fname'

25-10-2024T03:22:46 - [MESSAGE][PASSED] - Text 'Lachuga' is set on object 'Object Repository/IWP30/Page_EmulatorAgencyX/Lname'

25-10-2024T03:22:46 - [MESSAGE][PASSED] - Text '258 Underwood rd' is set on object 'Object Repository/IWP30/Page_EmulatorAgencyX/AL1'

25-10-2024T03:22:47 - [MESSAGE][PASSED] - Text 'Suite 600' is set on object 'Object Repository/IWP30/Page_EmulatorAgencyX/AL2'

25-10-2024T03:22:48 - [MESSAGE][PASSED] - Text '840' is set on object 'Object Repository/IWP30/Page_EmulatorAgencyX/Country'

25-10-2024T03:22:48 - [MESSAGE][PASSED] - Text 'Arlington' is set on object 'Object Repository/IWP30/Page_EmulatorAgencyX/City'

25-10-2024T03:22:49 - [MESSAGE][PASSED] - Text 'VA' is set on object 'Object Repository/IWP30/Page_EmulatorAgencyX/State'

25-10-2024T03:22:49 - [MESSAGE][PASSED] - Text '22201' is set on object 'Object Repository/IWP30/Page_EmulatorAgencyX/ZIP'

25-10-2024T03:22:50 - [MESSAGE][PASSED] - Text '' is set on object 'Object Repository/IWP30/Page_EmulatorAgencyX/Order'

25-10-2024T03:22:50 - [MESSAGE][PASSED] - Text '' is set on object 'Object Repository/IWP30/Page_EmulatorAgencyX/Company'

25-10-2024T03:22:51 - [MESSAGE][PASSED] - Text '' is set on object 'Object Repository/IWP30/Page_EmulatorAgencyX/Email'

25-10-2024T03:22:52 - [MESSAGE][PASSED] - Text 'udf data 1' is set on object 'Object Repository/IWP30/Page_EmulatorAgencyX/UDF1'

25-10-2024T03:22:52 - [MESSAGE][PASSED] - Text 'udf data 2' is set on object 'Object Repository/IWP30/Page_EmulatorAgencyX/UDF2'

25-10-2024T03:22:53 - [MESSAGE][PASSED] - Text '' is set on object 'Object Repository/IWP30/Page_EmulatorAgencyX/UDF3'

25-10-2024T03:22:53 - [MESSAGE][PASSED] - Text '' is set on object 'Object Repository/IWP30/Page_EmulatorAgencyX/UDF4'

25-10-2024T03:22:54 - [MESSAGE][PASSED] - Text '' is set on object 'Object Repository/IWP30/Page_EmulatorAgencyX/UDF5'

25-10-2024T03:22:54 - [MESSAGE][PASSED] - Text '' is set on object 'Object Repository/IWP30/Page_EmulatorAgencyX/UDF6'

25-10-2024T03:22:55 - [MESSAGE][PASSED] - Text '' is set on object 'Object Repository/IWP30/Page_EmulatorAgencyX/UDF7'

25-10-2024T03:22:56 - [MESSAGE][PASSED] - Text '' is set on object 'Object Repository/IWP30/Page_EmulatorAgencyX/UDF8'

25-10-2024T03:22:56 - [MESSAGE][PASSED] - Text '' is set on object 'Object Repository/IWP30/Page_EmulatorAgencyX/UDF9'

25-10-2024T03:22:57 - [MESSAGE][PASSED] - Text '' is set on object 'Object Repository/IWP30/Page_EmulatorAgencyX/UDF10'

25-10-2024T03:22:58 - [MESSAGE][PASSED] - Object: 'Object Repository/IWP30/Page_EmulatorAgencyX/Submit' is clicked on

25-10-2024T03:23:03 - [MESSAGE][PASSED] - Browser is closed

25-10-2024T03:23:07 - [MESSAGE][PASSED] - iwpPages.emulatorIWP30.setDataEmulator_DD is PASSED

25-10-2024T03:23:07 - [TEST_STEP][PASSED] - testHarnessURL = urlTestHarness: null

25-10-2024T03:23:07 - [TEST_STEP][PASSED] - openBrowser(testHarnessURL): Browser is opened with url: 'https://dev-algorithm.govolution.com/vrelaytest/QA2/version_2_2/vrelaytest.html'

25-10-2024T03:23:07 - [MESSAGE][INFO] - Starting 'Edge Chromium' driver

25-10-2024T03:23:07 - [MESSAGE][INFO] - User set preference: ['acceptInsecureCerts', 'true']

25-10-2024T03:23:09 - [MESSAGE][INFO] - Action delay is set to 0 milliseconds

25-10-2024T03:23:12 - [MESSAGE][PASSED] - Browser is opened with url: 'https://dev-algorithm.govolution.com/vrelaytest/QA2/version_2_2/vrelaytest.html'

25-10-2024T03:23:12 - [TEST_STEP][PASSED] - maximizeWindow(): Current window maximized

25-10-2024T03:23:12 - [MESSAGE][PASSED] - Current window maximized

25-10-2024T03:23:12 - [TEST_STEP][PASSED] - iwpPages.TestHarnessPage.setDataMethod(row, dataFile): iwpPages.TestHarnessPage.setDataMethod is PASSED

25-10-2024T03:23:13 - [MESSAGE][PASSED] - Object 'Object Repository/IWP30/Page_QATestHarness/RemittanceID' is present

25-10-2024T03:23:13 - [MESSAGE][PASSED] - Text '825' is set on object 'Object Repository/IWP30/Page_QATestHarness/ApplicationID'

25-10-2024T03:23:14 - [MESSAGE][PASSED] - Text '3.0' is set on object 'Object Repository/IWP30/Page_QATestHarness/MessageVersion'

25-10-2024T03:23:15 - [MESSAGE][PASSED] - Text '5kkt87njDFDk' is set on object 'Object Repository/IWP30/Page_QATestHarness/RemittanceID'

25-10-2024T03:23:16 - [MESSAGE][PASSED] - Object: 'Object Repository/IWP30/Page_QATestHarness/SubmitButton' is clicked on

25-10-2024T03:23:16 - [MESSAGE][PASSED] - iwpPages.TestHarnessPage.setDataMethod is PASSED

25-10-2024T03:23:16 - [TEST_STEP][PASSED] - click(findTestObject("Object Repository/IWP30/Page_SelectPaymentMethod/PayByPersonalCheck")): Object: 'Object Repository/IWP30/Page_SelectPaymentMethod/PayByPersonalCheck' is clicked on

25-10-2024T03:23:17 - [MESSAGE][PASSED] - Object: 'Object Repository/IWP30/Page_SelectPaymentMethod/PayByPersonalCheck' is clicked on

25-10-2024T03:23:17 - [TEST_STEP][PASSED] - click(findTestObject("Object Repository/IWP30/Page_SelectPaymentMethod/MakePaymentButton")): Object: 'Object Repository/IWP30/Page_SelectPaymentMethod/MakePaymentButton' is clicked on

25-10-2024T03:23:19 - [MESSAGE][PASSED] - Object: 'Object Repository/IWP30/Page_SelectPaymentMethod/MakePaymentButton' is clicked on

25-10-2024T03:23:19 - [TEST_STEP][PASSED] - iwpPages.achPersonalPaymentEntryPage.setDataACHPPM(row, dataFile): iwpPages.achPersonalPaymentEntryPage.setDataACHPPM is PASSED

25-10-2024T03:23:20 - [MESSAGE][PASSED] - Object 'Object Repository/IWP30/Page_ACHPersonalPaymentEntry/txt_accountNumber' is present

25-10-2024T03:23:21 - [MESSAGE][PASSED] - Text '11.50' is set on object 'Object Repository/IWP30/Page_ACHPersonalPaymentEntry/txt_Amount'

25-10-2024T03:23:21 - [MESSAGE][PASSED] - Object 'Object Repository/IWP30/Page_ACHPersonalPaymentEntry/txt_UDF2' is present

25-10-2024T03:23:22 - [MESSAGE][PASSED] - Object 'Object Repository/IWP30/Page_ACHPersonalPaymentEntry/txt_Firstname' is present

25-10-2024T03:23:22 - [MESSAGE][PASSED] - Text 'Elizath' is set on object 'Object Repository/IWP30/Page_ACHPersonalPaymentEntry/txt_Firstname'

25-10-2024T03:23:22 - [MESSAGE][PASSED] - Object 'Object Repository/IWP30/Page_ACHPersonalPaymentEntry/txt_Lastname' is present

25-10-2024T03:23:23 - [MESSAGE][PASSED] - Text 'Christine' is set on object 'Object Repository/IWP30/Page_ACHPersonalPaymentEntry/txt_Lastname'

25-10-2024T03:23:23 - [MESSAGE][PASSED] - Object 'Object Repository/IWP30/Page_ACHPersonalPaymentEntry/txt_routingNumber' is present

25-10-2024T03:23:24 - [MESSAGE][PASSED] - Text '256072691' is set on object 'Object Repository/IWP30/Page_ACHPersonalPaymentEntry/txt_routingNumber'

25-10-2024T03:23:24 - [MESSAGE][PASSED] - Object 'Object Repository/IWP30/Page_ACHPersonalPaymentEntry/txt_accountNumber' is present

25-10-2024T03:23:25 - [MESSAGE][PASSED] - Text '12344444' is set on object 'Object Repository/IWP30/Page_ACHPersonalPaymentEntry/txt_accountNumber'

25-10-2024T03:23:25 - [MESSAGE][PASSED] - Object 'Object Repository/IWP30/Page_ACHPersonalPaymentEntry/txt_confirmAccountNumber' is present

25-10-2024T03:23:26 - [MESSAGE][PASSED] - Text '12344444' is set on object 'Object Repository/IWP30/Page_ACHPersonalPaymentEntry/txt_confirmAccountNumber'

25-10-2024T03:23:26 - [MESSAGE][PASSED] - Object 'Object Repository/IWP30/Page_ACHPersonalPaymentEntry/rd_accountType' is present

25-10-2024T03:23:26 - [MESSAGE][PASSED] - Modify property of object successfully

25-10-2024T03:23:27 - [MESSAGE][PASSED] - Object: 'Object Repository/IWP30/Page_ACHPersonalPaymentEntry/rd_accountType' is clicked on

25-10-2024T03:23:27 - [MESSAGE][PASSED] - Object 'Object Repository/IWP30/Page_ACHPersonalPaymentEntry/txt_Email' is present

25-10-2024T03:23:27 - [MESSAGE][PASSED] - Text 'iahmed@govolution.com' is set on object 'Object Repository/IWP30/Page_ACHPersonalPaymentEntry/txt_Email'

25-10-2024T03:23:28 - [MESSAGE][PASSED] - Object 'Object Repository/IWP30/Page_ACHPersonalPaymentEntry/cb_TermsAndCond' is present

25-10-2024T03:23:28 - [MESSAGE][PASSED] - Object: 'Object Repository/IWP30/Page_ACHPersonalPaymentEntry/cb_TermsAndCond' is clicked on

25-10-2024T03:23:28 - [MESSAGE][PASSED] - Object 'Object Repository/IWP30/Page_ACHPersonalPaymentEntry/btn_Continue' is present

25-10-2024T03:23:30 - [MESSAGE][PASSED] - Object: 'Object Repository/IWP30/Page_ACHPersonalPaymentEntry/btn_Continue' is clicked on

25-10-2024T03:23:30 - [MESSAGE][PASSED] - iwpPages.achPersonalPaymentEntryPage.setDataACHPPM is PASSED

25-10-2024T03:23:30 - [TEST_STEP][PASSED] - Thread.sleep(10000): null

25-10-2024T03:23:40 - [TEST_STEP][PASSED] - if (verifyTextPresent("Payment amounts more than 10.50 are not accepted", false)): null

25-10-2024T03:23:41 - [MESSAGE][PASSED] - Text 'Payment amounts more than 10.50 are not accepted' is present on page 

25-10-2024T03:23:41 - [TEST_STEP][PASSED] - println("Over Pay Error message shown"): null

25-10-2024T03:23:41 - [TEST_STEP][PASSED] - markPassed("Over Pay Error message shown"): Over Pay Error message shown

25-10-2024T03:23:41 - [MESSAGE][PASSED] - Over Pay Error message shown

25-10-2024T03:23:41 - [TEST_STEP][PASSED] - resText = "Pass": null

25-10-2024T03:23:41 - [TEST_STEP][PASSED] - pages.WriteExcel.demoKey(resText, datText, resColumn, datCloumn, fileLoc, nameSheet, row): pages.WriteExcel.demoKey is PASSED

25-10-2024T03:23:41 - [MESSAGE][PASSED] - pages.WriteExcel.demoKey is PASSED

25-10-2024T03:23:41 - [TEST_STEP][PASSED] - closeBrowser(): Browser is closed

25-10-2024T03:23:41 - [MESSAGE][PASSED] - Browser is closed]]></system-out>
         <system-err><![CDATA[]]></system-err>
      </testcase>
      <testcase name="Test Cases/IntegratedWeb/IWP25/Error/NoOverPayErrorPS" time="197.085" classname="Test Cases/IntegratedWeb/IWP25/Error/NoOverPayErrorPS" status="PASSED">
         <system-out><![CDATA[25-10-2024T03:23:41 - [TEST_CASE][PASSED] - Test Cases/IntegratedWeb/IWP25/Error/NoOverPayErrorPS: Test Cases/IntegratedWeb/IWP25/Error/NoOverPayErrorPS

25-10-2024T03:23:41 - [TEST_STEP][PASSED] - resText = "Fail": null

25-10-2024T03:23:41 - [TEST_STEP][PASSED] - resColumn = "Result": null

25-10-2024T03:23:41 - [TEST_STEP][PASSED] - datCloumn = "Date": null

25-10-2024T03:23:42 - [TEST_STEP][PASSED] - fileLoc = "KatalonData/IWPTestData/VRelay25Payments.xlsx": null

25-10-2024T03:23:42 - [TEST_STEP][PASSED] - numOfRows = <not implemented yet for class: org.codehaus.groovy.ast.expr.EmptyExpression>: null

25-10-2024T03:23:42 - [TEST_STEP][PASSED] - dataFile = <not implemented yet for class: org.codehaus.groovy.ast.expr.EmptyExpression>: null

25-10-2024T03:23:42 - [TEST_STEP][PASSED] - nameSheet = <not implemented yet for class: org.codehaus.groovy.ast.expr.EmptyExpression>: null

25-10-2024T03:23:42 - [TEST_STEP][PASSED] - dataFileEmulator = <not implemented yet for class: org.codehaus.groovy.ast.expr.EmptyExpression>: null

25-10-2024T03:23:42 - [TEST_STEP][PASSED] - nameSheet = "NoOverPayErrorPS": null

25-10-2024T03:23:42 - [TEST_STEP][PASSED] - dataFile = "IWPTestData/IWP25NoOverPayErrorPS": null

25-10-2024T03:23:42 - [TEST_STEP][PASSED] - dataFileEmulator = "IWPTestData/EmulatorData": null

25-10-2024T03:23:42 - [TEST_STEP][PASSED] - numOfRows = findTestData(dataFile).getRowNumbers(): null

25-10-2024T03:23:42 - [TEST_STEP][PASSED] - println("Number of Records: " + numOfRows): null

25-10-2024T03:23:42 - [TEST_STEP][PASSED] - for ([row = 1, row <= numOfRows, (row++)]): Browser is closed

25-10-2024T03:23:42 - [TEST_STEP][PASSED] - ExecuteTC = findTestData(dataFile).getValue("Execute", row): null

25-10-2024T03:23:42 - [TEST_STEP][PASSED] - out.println("Value of Execute is : " + ExecuteTC): null

25-10-2024T03:23:42 - [TEST_STEP][PASSED] - if (ExecuteTC.equalsIgnoreCase("Y")): null

25-10-2024T03:23:42 - [TEST_STEP][PASSED] - out.println("Begin Record Number: " + row): null

25-10-2024T03:23:42 - [TEST_STEP][PASSED] - today = new java.util.Date(): null

25-10-2024T03:23:42 - [TEST_STEP][PASSED] - println(today): null

25-10-2024T03:23:42 - [TEST_STEP][PASSED] - datText = today: null

25-10-2024T03:23:42 - [TEST_STEP][PASSED] - EmulatorDataKey = findTestData(dataFile).getValue("EmulatorData", row): null

25-10-2024T03:23:42 - [TEST_STEP][PASSED] - out.println("Value of Emulator Key is : " + EmulatorDataKey): null

25-10-2024T03:23:42 - [TEST_STEP][PASSED] - iwpPages.emulatorIWP30.setDataEmulator_DD(EmulatorDataKey): iwpPages.emulatorIWP30.setDataEmulator_DD is PASSED

25-10-2024T03:23:42 - [MESSAGE][INFO] - Starting 'Edge Chromium' driver

25-10-2024T03:23:42 - [MESSAGE][INFO] - User set preference: ['acceptInsecureCerts', 'true']

25-10-2024T03:23:44 - [MESSAGE][INFO] - Action delay is set to 0 milliseconds

25-10-2024T03:23:48 - [MESSAGE][PASSED] - Browser is opened with url: 'https://qa2.velocitypayment.com/agencyx/config.action?action=editor&message_version=2_5'

25-10-2024T03:23:48 - [MESSAGE][PASSED] - Current window maximized

25-10-2024T03:24:19 - [MESSAGE][INFO] - Unable to find the element located by 'By.xpath: //select[@name='message_version']'. Please recheck the objects properties to make sure the desired element is located. 

25-10-2024T03:24:19 - [MESSAGE][WARNING] - [SELF-HEALING] Failed to find element with id 'Object Repository/IWP30/Page_VRelay30Emulator/MV'. Try using Self-healing.

25-10-2024T03:24:19 - [MESSAGE][WARNING] - [SELF-HEALING] The current locator of test object 'Object Repository/IWP30/Page_VRelay30Emulator/MV' was broken. Propose an alternative one: '(.//*[normalize-space(text()) and normalize-space(.)='Message Version'])[1]/following::select[1]'.

25-10-2024T03:24:20 - [MESSAGE][PASSED] - All options with value '2.5' are selected in object 'Object Repository/IWP30/Page_VRelay30Emulator/MV'  using regular expression

25-10-2024T03:24:21 - [MESSAGE][PASSED] - Text '10.50' is set on object 'Object Repository/IWP30/Page_EmulatorAgencyX/Amount'

25-10-2024T03:24:21 - [MESSAGE][PASSED] - Text 'hwOadGsiQfnK' is set on object 'Object Repository/IWP30/Page_EmulatorAgencyX/CAN'

25-10-2024T03:24:22 - [MESSAGE][PASSED] - Text 'PayNow' is set on object 'Object Repository/IWP30/Page_EmulatorAgencyX/Action'

25-10-2024T03:24:22 - [MESSAGE][PASSED] - Text 'en_US' is set on object 'Object Repository/IWP30/Page_EmulatorAgencyX/Lang'

25-10-2024T03:24:23 - [MESSAGE][PASSED] - Text 'Curlonty' is set on object 'Object Repository/IWP30/Page_EmulatorAgencyX/Fname'

25-10-2024T03:24:24 - [MESSAGE][PASSED] - Text 'Lachuga' is set on object 'Object Repository/IWP30/Page_EmulatorAgencyX/Lname'

25-10-2024T03:24:24 - [MESSAGE][PASSED] - Text '258 Underwood rd' is set on object 'Object Repository/IWP30/Page_EmulatorAgencyX/AL1'

25-10-2024T03:24:25 - [MESSAGE][PASSED] - Text 'Suite 600' is set on object 'Object Repository/IWP30/Page_EmulatorAgencyX/AL2'

25-10-2024T03:24:26 - [MESSAGE][PASSED] - Text '840' is set on object 'Object Repository/IWP30/Page_EmulatorAgencyX/Country'

25-10-2024T03:24:26 - [MESSAGE][PASSED] - Text 'Arlington' is set on object 'Object Repository/IWP30/Page_EmulatorAgencyX/City'

25-10-2024T03:24:27 - [MESSAGE][PASSED] - Text 'VA' is set on object 'Object Repository/IWP30/Page_EmulatorAgencyX/State'

25-10-2024T03:24:27 - [MESSAGE][PASSED] - Text '22201' is set on object 'Object Repository/IWP30/Page_EmulatorAgencyX/ZIP'

25-10-2024T03:24:28 - [MESSAGE][PASSED] - Text '' is set on object 'Object Repository/IWP30/Page_EmulatorAgencyX/Order'

25-10-2024T03:24:28 - [MESSAGE][PASSED] - Text '' is set on object 'Object Repository/IWP30/Page_EmulatorAgencyX/Company'

25-10-2024T03:24:29 - [MESSAGE][PASSED] - Text '' is set on object 'Object Repository/IWP30/Page_EmulatorAgencyX/Email'

25-10-2024T03:24:30 - [MESSAGE][PASSED] - Text 'udf data 1' is set on object 'Object Repository/IWP30/Page_EmulatorAgencyX/UDF1'

25-10-2024T03:24:30 - [MESSAGE][PASSED] - Text 'udf data 2' is set on object 'Object Repository/IWP30/Page_EmulatorAgencyX/UDF2'

25-10-2024T03:24:31 - [MESSAGE][PASSED] - Text '' is set on object 'Object Repository/IWP30/Page_EmulatorAgencyX/UDF3'

25-10-2024T03:24:31 - [MESSAGE][PASSED] - Text '' is set on object 'Object Repository/IWP30/Page_EmulatorAgencyX/UDF4'

25-10-2024T03:24:32 - [MESSAGE][PASSED] - Text '' is set on object 'Object Repository/IWP30/Page_EmulatorAgencyX/UDF5'

25-10-2024T03:24:32 - [MESSAGE][PASSED] - Text '' is set on object 'Object Repository/IWP30/Page_EmulatorAgencyX/UDF6'

25-10-2024T03:24:33 - [MESSAGE][PASSED] - Text '' is set on object 'Object Repository/IWP30/Page_EmulatorAgencyX/UDF7'

25-10-2024T03:24:34 - [MESSAGE][PASSED] - Text '' is set on object 'Object Repository/IWP30/Page_EmulatorAgencyX/UDF8'

25-10-2024T03:24:34 - [MESSAGE][PASSED] - Text '' is set on object 'Object Repository/IWP30/Page_EmulatorAgencyX/UDF9'

25-10-2024T03:24:35 - [MESSAGE][PASSED] - Text '' is set on object 'Object Repository/IWP30/Page_EmulatorAgencyX/UDF10'

25-10-2024T03:24:36 - [MESSAGE][PASSED] - Object: 'Object Repository/IWP30/Page_EmulatorAgencyX/Submit' is clicked on

25-10-2024T03:24:41 - [MESSAGE][PASSED] - Browser is closed

25-10-2024T03:24:45 - [MESSAGE][PASSED] - iwpPages.emulatorIWP30.setDataEmulator_DD is PASSED

25-10-2024T03:24:45 - [TEST_STEP][PASSED] - testHarnessURL = urlTestHarness: null

25-10-2024T03:24:45 - [TEST_STEP][PASSED] - openBrowser(testHarnessURL): Browser is opened with url: 'https://dev-algorithm.govolution.com/vrelaytest/QA2/version_2_2/vrelaytest.html'

25-10-2024T03:24:45 - [MESSAGE][INFO] - Starting 'Edge Chromium' driver

25-10-2024T03:24:45 - [MESSAGE][INFO] - User set preference: ['acceptInsecureCerts', 'true']

25-10-2024T03:24:47 - [MESSAGE][INFO] - Action delay is set to 0 milliseconds

25-10-2024T03:24:50 - [MESSAGE][PASSED] - Browser is opened with url: 'https://dev-algorithm.govolution.com/vrelaytest/QA2/version_2_2/vrelaytest.html'

25-10-2024T03:24:50 - [TEST_STEP][PASSED] - maximizeWindow(): Current window maximized

25-10-2024T03:24:50 - [MESSAGE][PASSED] - Current window maximized

25-10-2024T03:24:50 - [TEST_STEP][PASSED] - iwpPages.TestHarnessPage.setDataMethod(row, dataFile): iwpPages.TestHarnessPage.setDataMethod is PASSED

25-10-2024T03:24:51 - [MESSAGE][PASSED] - Object 'Object Repository/IWP30/Page_QATestHarness/RemittanceID' is present

25-10-2024T03:24:51 - [MESSAGE][PASSED] - Text '652' is set on object 'Object Repository/IWP30/Page_QATestHarness/ApplicationID'

25-10-2024T03:24:52 - [MESSAGE][PASSED] - Text '2.5' is set on object 'Object Repository/IWP30/Page_QATestHarness/MessageVersion'

25-10-2024T03:24:53 - [MESSAGE][PASSED] - Text 'X7dwtWP6PNV1' is set on object 'Object Repository/IWP30/Page_QATestHarness/RemittanceID'

25-10-2024T03:24:56 - [MESSAGE][PASSED] - Object: 'Object Repository/IWP30/Page_QATestHarness/SubmitButton' is clicked on

25-10-2024T03:24:56 - [MESSAGE][PASSED] - iwpPages.TestHarnessPage.setDataMethod is PASSED

25-10-2024T03:24:56 - [TEST_STEP][PASSED] - click(findTestObject("Object Repository/IWP30/Page_SelectPaymentMethod/PayByPersonalCheck")): Object: 'Object Repository/IWP30/Page_SelectPaymentMethod/PayByPersonalCheck' is clicked on

25-10-2024T03:24:56 - [MESSAGE][PASSED] - Object: 'Object Repository/IWP30/Page_SelectPaymentMethod/PayByPersonalCheck' is clicked on

25-10-2024T03:24:56 - [TEST_STEP][PASSED] - click(findTestObject("Object Repository/IWP30/Page_SelectPaymentMethod/MakePaymentButton")): Object: 'Object Repository/IWP30/Page_SelectPaymentMethod/MakePaymentButton' is clicked on

25-10-2024T03:24:59 - [MESSAGE][PASSED] - Object: 'Object Repository/IWP30/Page_SelectPaymentMethod/MakePaymentButton' is clicked on

25-10-2024T03:24:59 - [TEST_STEP][PASSED] - iwpPages.achPersonalPaymentEntryPage.setDataACHPPM(row, dataFile): iwpPages.achPersonalPaymentEntryPage.setDataACHPPM is PASSED

25-10-2024T03:25:00 - [MESSAGE][PASSED] - Object 'Object Repository/IWP30/Page_ACHPersonalPaymentEntry/txt_accountNumber' is present

25-10-2024T03:25:00 - [MESSAGE][PASSED] - Text '11.50' is set on object 'Object Repository/IWP30/Page_ACHPersonalPaymentEntry/txt_Amount'

25-10-2024T03:25:01 - [MESSAGE][PASSED] - Object 'Object Repository/IWP30/Page_ACHPersonalPaymentEntry/txt_UDF2' is present

25-10-2024T03:25:01 - [MESSAGE][PASSED] - Object 'Object Repository/IWP30/Page_ACHPersonalPaymentEntry/txt_Firstname' is present

25-10-2024T03:25:02 - [MESSAGE][PASSED] - Text 'Elizath' is set on object 'Object Repository/IWP30/Page_ACHPersonalPaymentEntry/txt_Firstname'

25-10-2024T03:25:02 - [MESSAGE][PASSED] - Object 'Object Repository/IWP30/Page_ACHPersonalPaymentEntry/txt_Lastname' is present

25-10-2024T03:25:02 - [MESSAGE][PASSED] - Text 'Christine' is set on object 'Object Repository/IWP30/Page_ACHPersonalPaymentEntry/txt_Lastname'

25-10-2024T03:25:03 - [MESSAGE][PASSED] - Object 'Object Repository/IWP30/Page_ACHPersonalPaymentEntry/txt_routingNumber' is present

25-10-2024T03:25:03 - [MESSAGE][PASSED] - Text '256072691' is set on object 'Object Repository/IWP30/Page_ACHPersonalPaymentEntry/txt_routingNumber'

25-10-2024T03:25:03 - [MESSAGE][PASSED] - Object 'Object Repository/IWP30/Page_ACHPersonalPaymentEntry/txt_accountNumber' is present

25-10-2024T03:25:04 - [MESSAGE][PASSED] - Text '12344444' is set on object 'Object Repository/IWP30/Page_ACHPersonalPaymentEntry/txt_accountNumber'

25-10-2024T03:25:05 - [MESSAGE][PASSED] - Object 'Object Repository/IWP30/Page_ACHPersonalPaymentEntry/txt_confirmAccountNumber' is present

25-10-2024T03:25:05 - [MESSAGE][PASSED] - Text '12344444' is set on object 'Object Repository/IWP30/Page_ACHPersonalPaymentEntry/txt_confirmAccountNumber'

25-10-2024T03:25:06 - [MESSAGE][PASSED] - Object 'Object Repository/IWP30/Page_ACHPersonalPaymentEntry/rd_accountType' is present

25-10-2024T03:25:06 - [MESSAGE][PASSED] - Modify property of object successfully

25-10-2024T03:25:06 - [MESSAGE][PASSED] - Object: 'Object Repository/IWP30/Page_ACHPersonalPaymentEntry/rd_accountType' is clicked on

25-10-2024T03:25:06 - [MESSAGE][PASSED] - Object 'Object Repository/IWP30/Page_ACHPersonalPaymentEntry/txt_Email' is present

25-10-2024T03:25:07 - [MESSAGE][PASSED] - Text 'iahmed@govolution.com' is set on object 'Object Repository/IWP30/Page_ACHPersonalPaymentEntry/txt_Email'

25-10-2024T03:25:07 - [MESSAGE][PASSED] - Object 'Object Repository/IWP30/Page_ACHPersonalPaymentEntry/cb_TermsAndCond' is present

25-10-2024T03:25:07 - [MESSAGE][PASSED] - Object: 'Object Repository/IWP30/Page_ACHPersonalPaymentEntry/cb_TermsAndCond' is clicked on

25-10-2024T03:25:08 - [MESSAGE][PASSED] - Object 'Object Repository/IWP30/Page_ACHPersonalPaymentEntry/btn_Continue' is present

25-10-2024T03:25:10 - [MESSAGE][PASSED] - Object: 'Object Repository/IWP30/Page_ACHPersonalPaymentEntry/btn_Continue' is clicked on

25-10-2024T03:25:10 - [MESSAGE][PASSED] - iwpPages.achPersonalPaymentEntryPage.setDataACHPPM is PASSED

25-10-2024T03:25:10 - [TEST_STEP][PASSED] - Thread.sleep(10000): null

25-10-2024T03:25:20 - [TEST_STEP][PASSED] - if (verifyTextPresent("Payment amounts more than 10.50 are not accepted", false)): null

25-10-2024T03:25:20 - [MESSAGE][PASSED] - Text 'Payment amounts more than 10.50 are not accepted' is present on page 

25-10-2024T03:25:20 - [TEST_STEP][PASSED] - println("Over Pay Error message shown"): null

25-10-2024T03:25:20 - [TEST_STEP][PASSED] - markPassed("Over Pay Error message shown"): Over Pay Error message shown

25-10-2024T03:25:20 - [MESSAGE][PASSED] - Over Pay Error message shown

25-10-2024T03:25:20 - [TEST_STEP][PASSED] - resText = "Pass": null

25-10-2024T03:25:20 - [TEST_STEP][PASSED] - pages.WriteExcel.demoKey(resText, datText, resColumn, datCloumn, fileLoc, nameSheet, row): pages.WriteExcel.demoKey is PASSED

25-10-2024T03:25:20 - [MESSAGE][PASSED] - pages.WriteExcel.demoKey is PASSED

25-10-2024T03:25:20 - [TEST_STEP][PASSED] - closeBrowser(): Browser is closed

25-10-2024T03:25:21 - [MESSAGE][PASSED] - Browser is closed

25-10-2024T03:25:21 - [TEST_STEP][PASSED] - ExecuteTC = findTestData(dataFile).getValue("Execute", row): null

25-10-2024T03:25:21 - [TEST_STEP][PASSED] - out.println("Value of Execute is : " + ExecuteTC): null

25-10-2024T03:25:21 - [TEST_STEP][PASSED] - if (ExecuteTC.equalsIgnoreCase("Y")): null

25-10-2024T03:25:21 - [TEST_STEP][PASSED] - out.println("Begin Record Number: " + row): null

25-10-2024T03:25:21 - [TEST_STEP][PASSED] - today = new java.util.Date(): null

25-10-2024T03:25:21 - [TEST_STEP][PASSED] - println(today): null

25-10-2024T03:25:21 - [TEST_STEP][PASSED] - datText = today: null

25-10-2024T03:25:21 - [TEST_STEP][PASSED] - EmulatorDataKey = findTestData(dataFile).getValue("EmulatorData", row): null

25-10-2024T03:25:21 - [TEST_STEP][PASSED] - out.println("Value of Emulator Key is : " + EmulatorDataKey): null

25-10-2024T03:25:21 - [TEST_STEP][PASSED] - iwpPages.emulatorIWP30.setDataEmulator_DD(EmulatorDataKey): iwpPages.emulatorIWP30.setDataEmulator_DD is PASSED

25-10-2024T03:25:21 - [MESSAGE][INFO] - Starting 'Edge Chromium' driver

25-10-2024T03:25:21 - [MESSAGE][INFO] - User set preference: ['acceptInsecureCerts', 'true']

25-10-2024T03:25:23 - [MESSAGE][INFO] - Action delay is set to 0 milliseconds

25-10-2024T03:25:26 - [MESSAGE][PASSED] - Browser is opened with url: 'https://qa2.velocitypayment.com/agencyx/config.action?action=editor&message_version=2_5'

25-10-2024T03:25:27 - [MESSAGE][PASSED] - Current window maximized

25-10-2024T03:25:58 - [MESSAGE][INFO] - Unable to find the element located by 'By.xpath: //select[@name='message_version']'. Please recheck the objects properties to make sure the desired element is located. 

25-10-2024T03:25:58 - [MESSAGE][WARNING] - [SELF-HEALING] Failed to find element with id 'Object Repository/IWP30/Page_VRelay30Emulator/MV'. Try using Self-healing.

25-10-2024T03:25:58 - [MESSAGE][WARNING] - [SELF-HEALING] The current locator of test object 'Object Repository/IWP30/Page_VRelay30Emulator/MV' was broken. Propose an alternative one: '(.//*[normalize-space(text()) and normalize-space(.)='Message Version'])[1]/following::select[1]'.

25-10-2024T03:25:59 - [MESSAGE][PASSED] - All options with value '2.5' are selected in object 'Object Repository/IWP30/Page_VRelay30Emulator/MV'  using regular expression

25-10-2024T03:26:00 - [MESSAGE][PASSED] - Text '10.50' is set on object 'Object Repository/IWP30/Page_EmulatorAgencyX/Amount'

25-10-2024T03:26:00 - [MESSAGE][PASSED] - Text 'ECr0WSuvf458' is set on object 'Object Repository/IWP30/Page_EmulatorAgencyX/CAN'

25-10-2024T03:26:01 - [MESSAGE][PASSED] - Text 'PayNow' is set on object 'Object Repository/IWP30/Page_EmulatorAgencyX/Action'

25-10-2024T03:26:01 - [MESSAGE][PASSED] - Text 'en_US' is set on object 'Object Repository/IWP30/Page_EmulatorAgencyX/Lang'

25-10-2024T03:26:02 - [MESSAGE][PASSED] - Text 'Curlonty' is set on object 'Object Repository/IWP30/Page_EmulatorAgencyX/Fname'

25-10-2024T03:26:03 - [MESSAGE][PASSED] - Text 'Lachuga' is set on object 'Object Repository/IWP30/Page_EmulatorAgencyX/Lname'

25-10-2024T03:26:03 - [MESSAGE][PASSED] - Text '258 Underwood rd' is set on object 'Object Repository/IWP30/Page_EmulatorAgencyX/AL1'

25-10-2024T03:26:04 - [MESSAGE][PASSED] - Text 'Suite 600' is set on object 'Object Repository/IWP30/Page_EmulatorAgencyX/AL2'

25-10-2024T03:26:04 - [MESSAGE][PASSED] - Text '840' is set on object 'Object Repository/IWP30/Page_EmulatorAgencyX/Country'

25-10-2024T03:26:05 - [MESSAGE][PASSED] - Text 'Arlington' is set on object 'Object Repository/IWP30/Page_EmulatorAgencyX/City'

25-10-2024T03:26:05 - [MESSAGE][PASSED] - Text 'VA' is set on object 'Object Repository/IWP30/Page_EmulatorAgencyX/State'

25-10-2024T03:26:06 - [MESSAGE][PASSED] - Text '22201' is set on object 'Object Repository/IWP30/Page_EmulatorAgencyX/ZIP'

25-10-2024T03:26:07 - [MESSAGE][PASSED] - Text '' is set on object 'Object Repository/IWP30/Page_EmulatorAgencyX/Order'

25-10-2024T03:26:07 - [MESSAGE][PASSED] - Text '' is set on object 'Object Repository/IWP30/Page_EmulatorAgencyX/Company'

25-10-2024T03:26:08 - [MESSAGE][PASSED] - Text '' is set on object 'Object Repository/IWP30/Page_EmulatorAgencyX/Email'

25-10-2024T03:26:08 - [MESSAGE][PASSED] - Text 'udf data 1' is set on object 'Object Repository/IWP30/Page_EmulatorAgencyX/UDF1'

25-10-2024T03:26:09 - [MESSAGE][PASSED] - Text 'udf data 2' is set on object 'Object Repository/IWP30/Page_EmulatorAgencyX/UDF2'

25-10-2024T03:26:10 - [MESSAGE][PASSED] - Text '' is set on object 'Object Repository/IWP30/Page_EmulatorAgencyX/UDF3'

25-10-2024T03:26:10 - [MESSAGE][PASSED] - Text '' is set on object 'Object Repository/IWP30/Page_EmulatorAgencyX/UDF4'

25-10-2024T03:26:11 - [MESSAGE][PASSED] - Text '' is set on object 'Object Repository/IWP30/Page_EmulatorAgencyX/UDF5'

25-10-2024T03:26:11 - [MESSAGE][PASSED] - Text '' is set on object 'Object Repository/IWP30/Page_EmulatorAgencyX/UDF6'

25-10-2024T03:26:12 - [MESSAGE][PASSED] - Text '' is set on object 'Object Repository/IWP30/Page_EmulatorAgencyX/UDF7'

25-10-2024T03:26:12 - [MESSAGE][PASSED] - Text '' is set on object 'Object Repository/IWP30/Page_EmulatorAgencyX/UDF8'

25-10-2024T03:26:13 - [MESSAGE][PASSED] - Text '' is set on object 'Object Repository/IWP30/Page_EmulatorAgencyX/UDF9'

25-10-2024T03:26:14 - [MESSAGE][PASSED] - Text '' is set on object 'Object Repository/IWP30/Page_EmulatorAgencyX/UDF10'

25-10-2024T03:26:15 - [MESSAGE][PASSED] - Object: 'Object Repository/IWP30/Page_EmulatorAgencyX/Submit' is clicked on

25-10-2024T03:26:19 - [MESSAGE][PASSED] - Browser is closed

25-10-2024T03:26:23 - [MESSAGE][PASSED] - iwpPages.emulatorIWP30.setDataEmulator_DD is PASSED

25-10-2024T03:26:23 - [TEST_STEP][PASSED] - testHarnessURL = urlTestHarness: null

25-10-2024T03:26:23 - [TEST_STEP][PASSED] - openBrowser(testHarnessURL): Browser is opened with url: 'https://dev-algorithm.govolution.com/vrelaytest/QA2/version_2_2/vrelaytest.html'

25-10-2024T03:26:23 - [MESSAGE][INFO] - Starting 'Edge Chromium' driver

25-10-2024T03:26:23 - [MESSAGE][INFO] - User set preference: ['acceptInsecureCerts', 'true']

25-10-2024T03:26:26 - [MESSAGE][INFO] - Action delay is set to 0 milliseconds

25-10-2024T03:26:29 - [MESSAGE][PASSED] - Browser is opened with url: 'https://dev-algorithm.govolution.com/vrelaytest/QA2/version_2_2/vrelaytest.html'

25-10-2024T03:26:29 - [TEST_STEP][PASSED] - maximizeWindow(): Current window maximized

25-10-2024T03:26:29 - [MESSAGE][PASSED] - Current window maximized

25-10-2024T03:26:29 - [TEST_STEP][PASSED] - iwpPages.TestHarnessPage.setDataMethod(row, dataFile): iwpPages.TestHarnessPage.setDataMethod is PASSED

25-10-2024T03:26:29 - [MESSAGE][PASSED] - Object 'Object Repository/IWP30/Page_QATestHarness/RemittanceID' is present

25-10-2024T03:26:30 - [MESSAGE][PASSED] - Text '825' is set on object 'Object Repository/IWP30/Page_QATestHarness/ApplicationID'

25-10-2024T03:26:31 - [MESSAGE][PASSED] - Text '3.0' is set on object 'Object Repository/IWP30/Page_QATestHarness/MessageVersion'

25-10-2024T03:26:31 - [MESSAGE][PASSED] - Text 'A1nzQdhMgjUp' is set on object 'Object Repository/IWP30/Page_QATestHarness/RemittanceID'

25-10-2024T03:26:33 - [MESSAGE][PASSED] - Object: 'Object Repository/IWP30/Page_QATestHarness/SubmitButton' is clicked on

25-10-2024T03:26:33 - [MESSAGE][PASSED] - iwpPages.TestHarnessPage.setDataMethod is PASSED

25-10-2024T03:26:33 - [TEST_STEP][PASSED] - click(findTestObject("Object Repository/IWP30/Page_SelectPaymentMethod/PayByPersonalCheck")): Object: 'Object Repository/IWP30/Page_SelectPaymentMethod/PayByPersonalCheck' is clicked on

25-10-2024T03:26:34 - [MESSAGE][PASSED] - Object: 'Object Repository/IWP30/Page_SelectPaymentMethod/PayByPersonalCheck' is clicked on

25-10-2024T03:26:34 - [TEST_STEP][PASSED] - click(findTestObject("Object Repository/IWP30/Page_SelectPaymentMethod/MakePaymentButton")): Object: 'Object Repository/IWP30/Page_SelectPaymentMethod/MakePaymentButton' is clicked on

25-10-2024T03:26:37 - [MESSAGE][PASSED] - Object: 'Object Repository/IWP30/Page_SelectPaymentMethod/MakePaymentButton' is clicked on

25-10-2024T03:26:37 - [TEST_STEP][PASSED] - iwpPages.achPersonalPaymentEntryPage.setDataACHPPM(row, dataFile): iwpPages.achPersonalPaymentEntryPage.setDataACHPPM is PASSED

25-10-2024T03:26:38 - [MESSAGE][PASSED] - Object 'Object Repository/IWP30/Page_ACHPersonalPaymentEntry/txt_accountNumber' is present

25-10-2024T03:26:38 - [MESSAGE][PASSED] - Text '11.50' is set on object 'Object Repository/IWP30/Page_ACHPersonalPaymentEntry/txt_Amount'

25-10-2024T03:26:39 - [MESSAGE][PASSED] - Object 'Object Repository/IWP30/Page_ACHPersonalPaymentEntry/txt_UDF2' is present

25-10-2024T03:26:39 - [MESSAGE][PASSED] - Object 'Object Repository/IWP30/Page_ACHPersonalPaymentEntry/txt_Firstname' is present

25-10-2024T03:26:39 - [MESSAGE][PASSED] - Text 'Elizath' is set on object 'Object Repository/IWP30/Page_ACHPersonalPaymentEntry/txt_Firstname'

25-10-2024T03:26:40 - [MESSAGE][PASSED] - Object 'Object Repository/IWP30/Page_ACHPersonalPaymentEntry/txt_Lastname' is present

25-10-2024T03:26:40 - [MESSAGE][PASSED] - Text 'Christine' is set on object 'Object Repository/IWP30/Page_ACHPersonalPaymentEntry/txt_Lastname'

25-10-2024T03:26:40 - [MESSAGE][PASSED] - Object 'Object Repository/IWP30/Page_ACHPersonalPaymentEntry/txt_routingNumber' is present

25-10-2024T03:26:41 - [MESSAGE][PASSED] - Text '256072691' is set on object 'Object Repository/IWP30/Page_ACHPersonalPaymentEntry/txt_routingNumber'

25-10-2024T03:26:41 - [MESSAGE][PASSED] - Object 'Object Repository/IWP30/Page_ACHPersonalPaymentEntry/txt_accountNumber' is present

25-10-2024T03:26:42 - [MESSAGE][PASSED] - Text '12344444' is set on object 'Object Repository/IWP30/Page_ACHPersonalPaymentEntry/txt_accountNumber'

25-10-2024T03:26:43 - [MESSAGE][PASSED] - Object 'Object Repository/IWP30/Page_ACHPersonalPaymentEntry/txt_confirmAccountNumber' is present

25-10-2024T03:26:43 - [MESSAGE][PASSED] - Text '12344444' is set on object 'Object Repository/IWP30/Page_ACHPersonalPaymentEntry/txt_confirmAccountNumber'

25-10-2024T03:26:43 - [MESSAGE][PASSED] - Object 'Object Repository/IWP30/Page_ACHPersonalPaymentEntry/rd_accountType' is present

25-10-2024T03:26:43 - [MESSAGE][PASSED] - Modify property of object successfully

25-10-2024T03:26:44 - [MESSAGE][PASSED] - Object: 'Object Repository/IWP30/Page_ACHPersonalPaymentEntry/rd_accountType' is clicked on

25-10-2024T03:26:44 - [MESSAGE][PASSED] - Object 'Object Repository/IWP30/Page_ACHPersonalPaymentEntry/txt_Email' is present

25-10-2024T03:26:45 - [MESSAGE][PASSED] - Text 'iahmed@govolution.com' is set on object 'Object Repository/IWP30/Page_ACHPersonalPaymentEntry/txt_Email'

25-10-2024T03:26:45 - [MESSAGE][PASSED] - Object 'Object Repository/IWP30/Page_ACHPersonalPaymentEntry/cb_TermsAndCond' is present

25-10-2024T03:26:45 - [MESSAGE][PASSED] - Object: 'Object Repository/IWP30/Page_ACHPersonalPaymentEntry/cb_TermsAndCond' is clicked on

25-10-2024T03:26:45 - [MESSAGE][PASSED] - Object 'Object Repository/IWP30/Page_ACHPersonalPaymentEntry/btn_Continue' is present

25-10-2024T03:26:47 - [MESSAGE][PASSED] - Object: 'Object Repository/IWP30/Page_ACHPersonalPaymentEntry/btn_Continue' is clicked on

25-10-2024T03:26:47 - [MESSAGE][PASSED] - iwpPages.achPersonalPaymentEntryPage.setDataACHPPM is PASSED

25-10-2024T03:26:47 - [TEST_STEP][PASSED] - Thread.sleep(10000): null

25-10-2024T03:26:57 - [TEST_STEP][PASSED] - if (verifyTextPresent("Payment amounts more than 10.50 are not accepted", false)): null

25-10-2024T03:26:58 - [MESSAGE][PASSED] - Text 'Payment amounts more than 10.50 are not accepted' is present on page 

25-10-2024T03:26:58 - [TEST_STEP][PASSED] - println("Over Pay Error message shown"): null

25-10-2024T03:26:58 - [TEST_STEP][PASSED] - markPassed("Over Pay Error message shown"): Over Pay Error message shown

25-10-2024T03:26:58 - [MESSAGE][PASSED] - Over Pay Error message shown

25-10-2024T03:26:58 - [TEST_STEP][PASSED] - resText = "Pass": null

25-10-2024T03:26:58 - [TEST_STEP][PASSED] - pages.WriteExcel.demoKey(resText, datText, resColumn, datCloumn, fileLoc, nameSheet, row): pages.WriteExcel.demoKey is PASSED

25-10-2024T03:26:58 - [MESSAGE][PASSED] - pages.WriteExcel.demoKey is PASSED

25-10-2024T03:26:58 - [TEST_STEP][PASSED] - closeBrowser(): Browser is closed

25-10-2024T03:26:58 - [MESSAGE][PASSED] - Browser is closed]]></system-out>
         <system-err><![CDATA[]]></system-err>
      </testcase>
      <testcase name="Test Cases/IntegratedWeb/IWP25/Error/NoUnderPayErrorCC" time="99.921" classname="Test Cases/IntegratedWeb/IWP25/Error/NoUnderPayErrorCC" status="PASSED">
         <system-out><![CDATA[25-10-2024T03:26:58 - [TEST_CASE][PASSED] - Test Cases/IntegratedWeb/IWP25/Error/NoUnderPayErrorCC: Test Cases/IntegratedWeb/IWP25/Error/NoUnderPayErrorCC

25-10-2024T03:26:59 - [TEST_STEP][PASSED] - resText = "Fail": null

25-10-2024T03:26:59 - [TEST_STEP][PASSED] - resColumn = "Result": null

25-10-2024T03:26:59 - [TEST_STEP][PASSED] - datCloumn = "Date": null

25-10-2024T03:26:59 - [TEST_STEP][PASSED] - fileLoc = "KatalonData/IWPTestData/VRelay25Payments.xlsx": null

25-10-2024T03:26:59 - [TEST_STEP][PASSED] - numOfRows = <not implemented yet for class: org.codehaus.groovy.ast.expr.EmptyExpression>: null

25-10-2024T03:26:59 - [TEST_STEP][PASSED] - dataFile = <not implemented yet for class: org.codehaus.groovy.ast.expr.EmptyExpression>: null

25-10-2024T03:26:59 - [TEST_STEP][PASSED] - nameSheet = <not implemented yet for class: org.codehaus.groovy.ast.expr.EmptyExpression>: null

25-10-2024T03:26:59 - [TEST_STEP][PASSED] - dataFileEmulator = <not implemented yet for class: org.codehaus.groovy.ast.expr.EmptyExpression>: null

25-10-2024T03:26:59 - [TEST_STEP][PASSED] - nameSheet = "NoUnderPayErrorCC": null

25-10-2024T03:26:59 - [TEST_STEP][PASSED] - dataFile = "IWPTestData/IWP25NoUnderPayErrorCC": null

25-10-2024T03:26:59 - [TEST_STEP][PASSED] - dataFileEmulator = "IWPTestData/EmulatorData": null

25-10-2024T03:26:59 - [TEST_STEP][PASSED] - numOfRows = findTestData(dataFile).getRowNumbers(): null

25-10-2024T03:26:59 - [TEST_STEP][PASSED] - println("Number of Records: " + numOfRows): null

25-10-2024T03:26:59 - [TEST_STEP][PASSED] - for ([row = 1, row <= numOfRows, (row++)]): Browser is closed

25-10-2024T03:26:59 - [TEST_STEP][PASSED] - ExecuteTC = findTestData(dataFile).getValue("Execute", row): null

25-10-2024T03:26:59 - [TEST_STEP][PASSED] - out.println("Value of Execute is : " + ExecuteTC): null

25-10-2024T03:26:59 - [TEST_STEP][PASSED] - if (ExecuteTC.equalsIgnoreCase("Y")): null

25-10-2024T03:26:59 - [TEST_STEP][PASSED] - out.println("Begin Record Number: " + row): null

25-10-2024T03:26:59 - [TEST_STEP][PASSED] - today = new java.util.Date(): null

25-10-2024T03:26:59 - [TEST_STEP][PASSED] - println(today): null

25-10-2024T03:26:59 - [TEST_STEP][PASSED] - datText = today: null

25-10-2024T03:26:59 - [TEST_STEP][PASSED] - EmulatorDataKey = findTestData(dataFile).getValue("EmulatorData", row): null

25-10-2024T03:26:59 - [TEST_STEP][PASSED] - out.println("Value of Emulator Key is : " + EmulatorDataKey): null

25-10-2024T03:26:59 - [TEST_STEP][PASSED] - iwpPages.emulatorIWP30.setDataEmulator_DD(EmulatorDataKey): iwpPages.emulatorIWP30.setDataEmulator_DD is PASSED

25-10-2024T03:26:59 - [MESSAGE][INFO] - Starting 'Edge Chromium' driver

25-10-2024T03:26:59 - [MESSAGE][INFO] - User set preference: ['acceptInsecureCerts', 'true']

25-10-2024T03:27:01 - [MESSAGE][INFO] - Action delay is set to 0 milliseconds

25-10-2024T03:27:05 - [MESSAGE][PASSED] - Browser is opened with url: 'https://qa2.velocitypayment.com/agencyx/config.action?action=editor&message_version=2_5'

25-10-2024T03:27:05 - [MESSAGE][PASSED] - Current window maximized

25-10-2024T03:27:36 - [MESSAGE][INFO] - Unable to find the element located by 'By.xpath: //select[@name='message_version']'. Please recheck the objects properties to make sure the desired element is located. 

25-10-2024T03:27:36 - [MESSAGE][WARNING] - [SELF-HEALING] Failed to find element with id 'Object Repository/IWP30/Page_VRelay30Emulator/MV'. Try using Self-healing.

25-10-2024T03:27:37 - [MESSAGE][WARNING] - [SELF-HEALING] The current locator of test object 'Object Repository/IWP30/Page_VRelay30Emulator/MV' was broken. Propose an alternative one: '(.//*[normalize-space(text()) and normalize-space(.)='Message Version'])[1]/following::select[1]'.

25-10-2024T03:27:37 - [MESSAGE][PASSED] - All options with value '2.5' are selected in object 'Object Repository/IWP30/Page_VRelay30Emulator/MV'  using regular expression

25-10-2024T03:27:38 - [MESSAGE][PASSED] - Text '10.50' is set on object 'Object Repository/IWP30/Page_EmulatorAgencyX/Amount'

25-10-2024T03:27:38 - [MESSAGE][PASSED] - Text 'EVOtHVQODTR1' is set on object 'Object Repository/IWP30/Page_EmulatorAgencyX/CAN'

25-10-2024T03:27:39 - [MESSAGE][PASSED] - Text 'PayNow' is set on object 'Object Repository/IWP30/Page_EmulatorAgencyX/Action'

25-10-2024T03:27:40 - [MESSAGE][PASSED] - Text 'en_US' is set on object 'Object Repository/IWP30/Page_EmulatorAgencyX/Lang'

25-10-2024T03:27:40 - [MESSAGE][PASSED] - Text 'Curlonty' is set on object 'Object Repository/IWP30/Page_EmulatorAgencyX/Fname'

25-10-2024T03:27:41 - [MESSAGE][PASSED] - Text 'Lachuga' is set on object 'Object Repository/IWP30/Page_EmulatorAgencyX/Lname'

25-10-2024T03:27:42 - [MESSAGE][PASSED] - Text '258 Underwood rd' is set on object 'Object Repository/IWP30/Page_EmulatorAgencyX/AL1'

25-10-2024T03:27:42 - [MESSAGE][PASSED] - Text 'Suite 600' is set on object 'Object Repository/IWP30/Page_EmulatorAgencyX/AL2'

25-10-2024T03:27:43 - [MESSAGE][PASSED] - Text '840' is set on object 'Object Repository/IWP30/Page_EmulatorAgencyX/Country'

25-10-2024T03:27:43 - [MESSAGE][PASSED] - Text 'Arlington' is set on object 'Object Repository/IWP30/Page_EmulatorAgencyX/City'

25-10-2024T03:27:44 - [MESSAGE][PASSED] - Text 'VA' is set on object 'Object Repository/IWP30/Page_EmulatorAgencyX/State'

25-10-2024T03:27:44 - [MESSAGE][PASSED] - Text '22201' is set on object 'Object Repository/IWP30/Page_EmulatorAgencyX/ZIP'

25-10-2024T03:27:45 - [MESSAGE][PASSED] - Text '' is set on object 'Object Repository/IWP30/Page_EmulatorAgencyX/Order'

25-10-2024T03:27:46 - [MESSAGE][PASSED] - Text '' is set on object 'Object Repository/IWP30/Page_EmulatorAgencyX/Company'

25-10-2024T03:27:46 - [MESSAGE][PASSED] - Text '' is set on object 'Object Repository/IWP30/Page_EmulatorAgencyX/Email'

25-10-2024T03:27:47 - [MESSAGE][PASSED] - Text 'udf data 1' is set on object 'Object Repository/IWP30/Page_EmulatorAgencyX/UDF1'

25-10-2024T03:27:47 - [MESSAGE][PASSED] - Text 'udf data 2' is set on object 'Object Repository/IWP30/Page_EmulatorAgencyX/UDF2'

25-10-2024T03:27:48 - [MESSAGE][PASSED] - Text '' is set on object 'Object Repository/IWP30/Page_EmulatorAgencyX/UDF3'

25-10-2024T03:27:48 - [MESSAGE][PASSED] - Text '' is set on object 'Object Repository/IWP30/Page_EmulatorAgencyX/UDF4'

25-10-2024T03:27:49 - [MESSAGE][PASSED] - Text '' is set on object 'Object Repository/IWP30/Page_EmulatorAgencyX/UDF5'

25-10-2024T03:27:50 - [MESSAGE][PASSED] - Text '' is set on object 'Object Repository/IWP30/Page_EmulatorAgencyX/UDF6'

25-10-2024T03:27:50 - [MESSAGE][PASSED] - Text '' is set on object 'Object Repository/IWP30/Page_EmulatorAgencyX/UDF7'

25-10-2024T03:27:51 - [MESSAGE][PASSED] - Text '' is set on object 'Object Repository/IWP30/Page_EmulatorAgencyX/UDF8'

25-10-2024T03:27:51 - [MESSAGE][PASSED] - Text '' is set on object 'Object Repository/IWP30/Page_EmulatorAgencyX/UDF9'

25-10-2024T03:27:52 - [MESSAGE][PASSED] - Text '' is set on object 'Object Repository/IWP30/Page_EmulatorAgencyX/UDF10'

25-10-2024T03:27:53 - [MESSAGE][PASSED] - Object: 'Object Repository/IWP30/Page_EmulatorAgencyX/Submit' is clicked on

25-10-2024T03:27:58 - [MESSAGE][PASSED] - Browser is closed

25-10-2024T03:28:02 - [MESSAGE][PASSED] - iwpPages.emulatorIWP30.setDataEmulator_DD is PASSED

25-10-2024T03:28:02 - [TEST_STEP][PASSED] - testHarnessURL = urlTestHarness: null

25-10-2024T03:28:02 - [TEST_STEP][PASSED] - openBrowser(testHarnessURL): Browser is opened with url: 'https://dev-algorithm.govolution.com/vrelaytest/QA2/version_2_2/vrelaytest.html'

25-10-2024T03:28:02 - [MESSAGE][INFO] - Starting 'Edge Chromium' driver

25-10-2024T03:28:02 - [MESSAGE][INFO] - User set preference: ['acceptInsecureCerts', 'true']

25-10-2024T03:28:04 - [MESSAGE][INFO] - Action delay is set to 0 milliseconds

25-10-2024T03:28:07 - [MESSAGE][PASSED] - Browser is opened with url: 'https://dev-algorithm.govolution.com/vrelaytest/QA2/version_2_2/vrelaytest.html'

25-10-2024T03:28:07 - [TEST_STEP][PASSED] - maximizeWindow(): Current window maximized

25-10-2024T03:28:07 - [MESSAGE][PASSED] - Current window maximized

25-10-2024T03:28:07 - [TEST_STEP][PASSED] - iwpPages.TestHarnessPage.setDataMethod(row, dataFile): iwpPages.TestHarnessPage.setDataMethod is PASSED

25-10-2024T03:28:08 - [MESSAGE][PASSED] - Object 'Object Repository/IWP30/Page_QATestHarness/RemittanceID' is present

25-10-2024T03:28:08 - [MESSAGE][PASSED] - Text '653' is set on object 'Object Repository/IWP30/Page_QATestHarness/ApplicationID'

25-10-2024T03:28:09 - [MESSAGE][PASSED] - Text '2.5' is set on object 'Object Repository/IWP30/Page_QATestHarness/MessageVersion'

25-10-2024T03:28:10 - [MESSAGE][PASSED] - Text 'HgRIJgOL5mOx' is set on object 'Object Repository/IWP30/Page_QATestHarness/RemittanceID'

25-10-2024T03:28:13 - [MESSAGE][PASSED] - Object: 'Object Repository/IWP30/Page_QATestHarness/SubmitButton' is clicked on

25-10-2024T03:28:13 - [MESSAGE][PASSED] - iwpPages.TestHarnessPage.setDataMethod is PASSED

25-10-2024T03:28:13 - [TEST_STEP][PASSED] - click(findTestObject("Object Repository/IWP30/Page_SelectPaymentMethod/PayByCreditCard")): Object: 'Object Repository/IWP30/Page_SelectPaymentMethod/PayByCreditCard' is clicked on

25-10-2024T03:28:13 - [MESSAGE][PASSED] - Object: 'Object Repository/IWP30/Page_SelectPaymentMethod/PayByCreditCard' is clicked on

25-10-2024T03:28:13 - [TEST_STEP][PASSED] - click(findTestObject("Object Repository/IWP30/Page_SelectPaymentMethod/MakePaymentButton")): Object: 'Object Repository/IWP30/Page_SelectPaymentMethod/MakePaymentButton' is clicked on

25-10-2024T03:28:16 - [MESSAGE][PASSED] - Object: 'Object Repository/IWP30/Page_SelectPaymentMethod/MakePaymentButton' is clicked on

25-10-2024T03:28:16 - [TEST_STEP][PASSED] - iwpPages.ccPaymentEntryPage.setDataCCPM(row, dataFile): iwpPages.ccPaymentEntryPage.setDataCCPM is PASSED

25-10-2024T03:28:18 - [MESSAGE][PASSED] - Object 'Object Repository/IWP30/Page_CCPaymentEntry/Name' is present

25-10-2024T03:28:18 - [MESSAGE][PASSED] - Text '9.50' is set on object 'Object Repository/IWP30/Page_CCPaymentEntry/Amount'

25-10-2024T03:28:18 - [MESSAGE][PASSED] - Object 'Object Repository/IWP30/Page_CCPaymentEntry/Name' is present

25-10-2024T03:28:19 - [MESSAGE][PASSED] - Text 'Kavita Ranawati' is set on object 'Object Repository/IWP30/Page_CCPaymentEntry/Name'

25-10-2024T03:28:19 - [MESSAGE][PASSED] - Object 'Object Repository/IWP30/Page_CCPaymentEntry/CardNumber' is present

25-10-2024T03:28:20 - [MESSAGE][PASSED] - Text '4111111111111111' is set on object 'Object Repository/IWP30/Page_CCPaymentEntry/CardNumber'

25-10-2024T03:28:20 - [MESSAGE][PASSED] - Object 'Object Repository/IWP30/Page_CCPaymentEntry/Month' is present

25-10-2024T03:28:21 - [MESSAGE][PASSED] - All options with label '09' are selected in object 'Object Repository/IWP30/Page_CCPaymentEntry/Month' 

25-10-2024T03:28:21 - [MESSAGE][PASSED] - Object 'Object Repository/IWP30/Page_CCPaymentEntry/Year' is present

25-10-2024T03:28:22 - [MESSAGE][PASSED] - All options with label '2028' are selected in object 'Object Repository/IWP30/Page_CCPaymentEntry/Year' 

25-10-2024T03:28:22 - [MESSAGE][PASSED] - Text '365 Main Avenue' is set on object 'Object Repository/IWP30/Page_CCPaymentEntry/AL1'

25-10-2024T03:28:23 - [MESSAGE][PASSED] - Text '22201' is set on object 'Object Repository/IWP30/Page_CCPaymentEntry/ZIP'

25-10-2024T03:28:23 - [MESSAGE][PASSED] - Object 'Object Repository/IWP30/Page_CCPaymentEntry/EmailAddress' is present

25-10-2024T03:28:25 - [MESSAGE][PASSED] - Text 'iahmed@govolution.com' is set on object 'Object Repository/IWP30/Page_CCPaymentEntry/EmailAddress'

25-10-2024T03:28:25 - [MESSAGE][PASSED] - Object 'Object Repository/IWP30/Page_CCPaymentEntry/TermCondCheckBox' is present

25-10-2024T03:28:25 - [MESSAGE][PASSED] - Object 'Object Repository/IWP30/Page_CCPaymentEntry/TermCondCheckBox' is checked

25-10-2024T03:28:25 - [MESSAGE][PASSED] - Object 'Object Repository/IWP30/Page_CCPaymentEntry/ContinueButton' is present

25-10-2024T03:28:27 - [MESSAGE][PASSED] - Object: 'Object Repository/IWP30/Page_CCPaymentEntry/ContinueButton' is clicked on

25-10-2024T03:28:27 - [MESSAGE][PASSED] - iwpPages.ccPaymentEntryPage.setDataCCPM is PASSED

25-10-2024T03:28:27 - [TEST_STEP][PASSED] - Thread.sleep(10000): null

25-10-2024T03:28:37 - [TEST_STEP][PASSED] - if (verifyTextPresent("Payment amounts less than 10.50 are not accepted", false)): null

25-10-2024T03:28:38 - [MESSAGE][PASSED] - Text 'Payment amounts less than 10.50 are not accepted' is present on page 

25-10-2024T03:28:38 - [TEST_STEP][PASSED] - println("UnderPay Error message shown"): null

25-10-2024T03:28:38 - [TEST_STEP][PASSED] - markPassed("Under Pay Error message shown"): Under Pay Error message shown

25-10-2024T03:28:38 - [MESSAGE][PASSED] - Under Pay Error message shown

25-10-2024T03:28:38 - [TEST_STEP][PASSED] - resText = "Pass": null

25-10-2024T03:28:38 - [TEST_STEP][PASSED] - pages.WriteExcel.demoKey(resText, datText, resColumn, datCloumn, fileLoc, nameSheet, row): pages.WriteExcel.demoKey is PASSED

25-10-2024T03:28:38 - [MESSAGE][PASSED] - pages.WriteExcel.demoKey is PASSED

25-10-2024T03:28:38 - [TEST_STEP][PASSED] - closeBrowser(): Browser is closed

25-10-2024T03:28:38 - [MESSAGE][PASSED] - Browser is closed]]></system-out>
         <system-err><![CDATA[]]></system-err>
      </testcase>
      <testcase name="Test Cases/IntegratedWeb/IWP25/Error/NoUnderPayErrorCorp" time="99.303" classname="Test Cases/IntegratedWeb/IWP25/Error/NoUnderPayErrorCorp" status="PASSED">
         <system-out><![CDATA[25-10-2024T03:28:38 - [TEST_CASE][PASSED] - Test Cases/IntegratedWeb/IWP25/Error/NoUnderPayErrorCorp: Test Cases/IntegratedWeb/IWP25/Error/NoUnderPayErrorCorp

25-10-2024T03:28:39 - [TEST_STEP][PASSED] - resText = "Fail": null

25-10-2024T03:28:39 - [TEST_STEP][PASSED] - resColumn = "Result": null

25-10-2024T03:28:39 - [TEST_STEP][PASSED] - datCloumn = "Date": null

25-10-2024T03:28:39 - [TEST_STEP][PASSED] - fileLoc = "KatalonData/IWPTestData/VRelay25Payments.xlsx": null

25-10-2024T03:28:39 - [TEST_STEP][PASSED] - numOfRows = <not implemented yet for class: org.codehaus.groovy.ast.expr.EmptyExpression>: null

25-10-2024T03:28:39 - [TEST_STEP][PASSED] - dataFile = <not implemented yet for class: org.codehaus.groovy.ast.expr.EmptyExpression>: null

25-10-2024T03:28:39 - [TEST_STEP][PASSED] - nameSheet = <not implemented yet for class: org.codehaus.groovy.ast.expr.EmptyExpression>: null

25-10-2024T03:28:39 - [TEST_STEP][PASSED] - dataFileEmulator = <not implemented yet for class: org.codehaus.groovy.ast.expr.EmptyExpression>: null

25-10-2024T03:28:39 - [TEST_STEP][PASSED] - nameSheet = "NoUnderPayErrorCorp": null

25-10-2024T03:28:39 - [TEST_STEP][PASSED] - dataFile = "IWPTestData/IWP25NoUnderPayErrorCorp": null

25-10-2024T03:28:39 - [TEST_STEP][PASSED] - dataFileEmulator = "IWPTestData/EmulatorData": null

25-10-2024T03:28:39 - [TEST_STEP][PASSED] - numOfRows = findTestData(dataFile).getRowNumbers(): null

25-10-2024T03:28:39 - [TEST_STEP][PASSED] - println("Number of Records: " + numOfRows): null

25-10-2024T03:28:39 - [TEST_STEP][PASSED] - for ([row = 1, row <= numOfRows, (row++)]): Browser is closed

25-10-2024T03:28:39 - [TEST_STEP][PASSED] - ExecuteTC = findTestData(dataFile).getValue("Execute", row): null

25-10-2024T03:28:39 - [TEST_STEP][PASSED] - out.println("Value of Execute is : " + ExecuteTC): null

25-10-2024T03:28:39 - [TEST_STEP][PASSED] - if (ExecuteTC.equalsIgnoreCase("Y")): null

25-10-2024T03:28:39 - [TEST_STEP][PASSED] - out.println("Begin Record Number: " + row): null

25-10-2024T03:28:39 - [TEST_STEP][PASSED] - today = new java.util.Date(): null

25-10-2024T03:28:39 - [TEST_STEP][PASSED] - println(today): null

25-10-2024T03:28:39 - [TEST_STEP][PASSED] - datText = today: null

25-10-2024T03:28:39 - [TEST_STEP][PASSED] - EmulatorDataKey = findTestData(dataFile).getValue("EmulatorData", row): null

25-10-2024T03:28:39 - [TEST_STEP][PASSED] - out.println("Value of Emulator Key is : " + EmulatorDataKey): null

25-10-2024T03:28:39 - [TEST_STEP][PASSED] - iwpPages.emulatorIWP30.setDataEmulator_DD(EmulatorDataKey): iwpPages.emulatorIWP30.setDataEmulator_DD is PASSED

25-10-2024T03:28:39 - [MESSAGE][INFO] - Starting 'Edge Chromium' driver

25-10-2024T03:28:39 - [MESSAGE][INFO] - User set preference: ['acceptInsecureCerts', 'true']

25-10-2024T03:28:41 - [MESSAGE][INFO] - Action delay is set to 0 milliseconds

25-10-2024T03:28:46 - [MESSAGE][PASSED] - Browser is opened with url: 'https://qa2.velocitypayment.com/agencyx/config.action?action=editor&message_version=2_5'

25-10-2024T03:28:46 - [MESSAGE][PASSED] - Current window maximized

25-10-2024T03:29:17 - [MESSAGE][INFO] - Unable to find the element located by 'By.xpath: //select[@name='message_version']'. Please recheck the objects properties to make sure the desired element is located. 

25-10-2024T03:29:17 - [MESSAGE][WARNING] - [SELF-HEALING] Failed to find element with id 'Object Repository/IWP30/Page_VRelay30Emulator/MV'. Try using Self-healing.

25-10-2024T03:29:17 - [MESSAGE][WARNING] - [SELF-HEALING] The current locator of test object 'Object Repository/IWP30/Page_VRelay30Emulator/MV' was broken. Propose an alternative one: '(.//*[normalize-space(text()) and normalize-space(.)='Message Version'])[1]/following::select[1]'.

25-10-2024T03:29:18 - [MESSAGE][PASSED] - All options with value '2.5' are selected in object 'Object Repository/IWP30/Page_VRelay30Emulator/MV'  using regular expression

25-10-2024T03:29:18 - [MESSAGE][PASSED] - Text '10.50' is set on object 'Object Repository/IWP30/Page_EmulatorAgencyX/Amount'

25-10-2024T03:29:19 - [MESSAGE][PASSED] - Text 'msCECLpjrLa1' is set on object 'Object Repository/IWP30/Page_EmulatorAgencyX/CAN'

25-10-2024T03:29:19 - [MESSAGE][PASSED] - Text 'PayNow' is set on object 'Object Repository/IWP30/Page_EmulatorAgencyX/Action'

25-10-2024T03:29:20 - [MESSAGE][PASSED] - Text 'en_US' is set on object 'Object Repository/IWP30/Page_EmulatorAgencyX/Lang'

25-10-2024T03:29:21 - [MESSAGE][PASSED] - Text 'Curlonty' is set on object 'Object Repository/IWP30/Page_EmulatorAgencyX/Fname'

25-10-2024T03:29:21 - [MESSAGE][PASSED] - Text 'Lachuga' is set on object 'Object Repository/IWP30/Page_EmulatorAgencyX/Lname'

25-10-2024T03:29:22 - [MESSAGE][PASSED] - Text '258 Underwood rd' is set on object 'Object Repository/IWP30/Page_EmulatorAgencyX/AL1'

25-10-2024T03:29:22 - [MESSAGE][PASSED] - Text 'Suite 600' is set on object 'Object Repository/IWP30/Page_EmulatorAgencyX/AL2'

25-10-2024T03:29:23 - [MESSAGE][PASSED] - Text '840' is set on object 'Object Repository/IWP30/Page_EmulatorAgencyX/Country'

25-10-2024T03:29:24 - [MESSAGE][PASSED] - Text 'Arlington' is set on object 'Object Repository/IWP30/Page_EmulatorAgencyX/City'

25-10-2024T03:29:24 - [MESSAGE][PASSED] - Text 'VA' is set on object 'Object Repository/IWP30/Page_EmulatorAgencyX/State'

25-10-2024T03:29:25 - [MESSAGE][PASSED] - Text '22201' is set on object 'Object Repository/IWP30/Page_EmulatorAgencyX/ZIP'

25-10-2024T03:29:25 - [MESSAGE][PASSED] - Text '' is set on object 'Object Repository/IWP30/Page_EmulatorAgencyX/Order'

25-10-2024T03:29:26 - [MESSAGE][PASSED] - Text '' is set on object 'Object Repository/IWP30/Page_EmulatorAgencyX/Company'

25-10-2024T03:29:27 - [MESSAGE][PASSED] - Text '' is set on object 'Object Repository/IWP30/Page_EmulatorAgencyX/Email'

25-10-2024T03:29:27 - [MESSAGE][PASSED] - Text 'udf data 1' is set on object 'Object Repository/IWP30/Page_EmulatorAgencyX/UDF1'

25-10-2024T03:29:28 - [MESSAGE][PASSED] - Text 'udf data 2' is set on object 'Object Repository/IWP30/Page_EmulatorAgencyX/UDF2'

25-10-2024T03:29:28 - [MESSAGE][PASSED] - Text '' is set on object 'Object Repository/IWP30/Page_EmulatorAgencyX/UDF3'

25-10-2024T03:29:29 - [MESSAGE][PASSED] - Text '' is set on object 'Object Repository/IWP30/Page_EmulatorAgencyX/UDF4'

25-10-2024T03:29:29 - [MESSAGE][PASSED] - Text '' is set on object 'Object Repository/IWP30/Page_EmulatorAgencyX/UDF5'

25-10-2024T03:29:30 - [MESSAGE][PASSED] - Text '' is set on object 'Object Repository/IWP30/Page_EmulatorAgencyX/UDF6'

25-10-2024T03:29:31 - [MESSAGE][PASSED] - Text '' is set on object 'Object Repository/IWP30/Page_EmulatorAgencyX/UDF7'

25-10-2024T03:29:31 - [MESSAGE][PASSED] - Text '' is set on object 'Object Repository/IWP30/Page_EmulatorAgencyX/UDF8'

25-10-2024T03:29:32 - [MESSAGE][PASSED] - Text '' is set on object 'Object Repository/IWP30/Page_EmulatorAgencyX/UDF9'

25-10-2024T03:29:32 - [MESSAGE][PASSED] - Text '' is set on object 'Object Repository/IWP30/Page_EmulatorAgencyX/UDF10'

25-10-2024T03:29:34 - [MESSAGE][PASSED] - Object: 'Object Repository/IWP30/Page_EmulatorAgencyX/Submit' is clicked on

25-10-2024T03:29:38 - [MESSAGE][PASSED] - Browser is closed

25-10-2024T03:29:42 - [MESSAGE][PASSED] - iwpPages.emulatorIWP30.setDataEmulator_DD is PASSED

25-10-2024T03:29:42 - [TEST_STEP][PASSED] - testHarnessURL = urlTestHarness: null

25-10-2024T03:29:42 - [TEST_STEP][PASSED] - openBrowser(testHarnessURL): Browser is opened with url: 'https://dev-algorithm.govolution.com/vrelaytest/QA2/version_2_2/vrelaytest.html'

25-10-2024T03:29:42 - [MESSAGE][INFO] - Starting 'Edge Chromium' driver

25-10-2024T03:29:42 - [MESSAGE][INFO] - User set preference: ['acceptInsecureCerts', 'true']

25-10-2024T03:29:44 - [MESSAGE][INFO] - Action delay is set to 0 milliseconds

25-10-2024T03:29:48 - [MESSAGE][PASSED] - Browser is opened with url: 'https://dev-algorithm.govolution.com/vrelaytest/QA2/version_2_2/vrelaytest.html'

25-10-2024T03:29:48 - [TEST_STEP][PASSED] - maximizeWindow(): Current window maximized

25-10-2024T03:29:48 - [MESSAGE][PASSED] - Current window maximized

25-10-2024T03:29:48 - [TEST_STEP][PASSED] - iwpPages.TestHarnessPage.setDataMethod(row, dataFile): iwpPages.TestHarnessPage.setDataMethod is PASSED

25-10-2024T03:29:48 - [MESSAGE][PASSED] - Object 'Object Repository/IWP30/Page_QATestHarness/RemittanceID' is present

25-10-2024T03:29:49 - [MESSAGE][PASSED] - Text '653' is set on object 'Object Repository/IWP30/Page_QATestHarness/ApplicationID'

25-10-2024T03:29:49 - [MESSAGE][PASSED] - Text '2.5' is set on object 'Object Repository/IWP30/Page_QATestHarness/MessageVersion'

25-10-2024T03:29:50 - [MESSAGE][PASSED] - Text '7x5MZfjg1r1P' is set on object 'Object Repository/IWP30/Page_QATestHarness/RemittanceID'

25-10-2024T03:29:53 - [MESSAGE][PASSED] - Object: 'Object Repository/IWP30/Page_QATestHarness/SubmitButton' is clicked on

25-10-2024T03:29:53 - [MESSAGE][PASSED] - iwpPages.TestHarnessPage.setDataMethod is PASSED

25-10-2024T03:29:53 - [TEST_STEP][PASSED] - click(findTestObject("Object Repository/IWP30/Page_SelectPaymentMethod/PayByCorporateCheck")): Object: 'Object Repository/IWP30/Page_SelectPaymentMethod/PayByCorporateCheck' is clicked on

25-10-2024T03:29:53 - [MESSAGE][PASSED] - Object: 'Object Repository/IWP30/Page_SelectPaymentMethod/PayByCorporateCheck' is clicked on

25-10-2024T03:29:53 - [TEST_STEP][PASSED] - click(findTestObject("Object Repository/IWP30/Page_SelectPaymentMethod/MakePaymentButton")): Object: 'Object Repository/IWP30/Page_SelectPaymentMethod/MakePaymentButton' is clicked on

25-10-2024T03:29:56 - [MESSAGE][PASSED] - Object: 'Object Repository/IWP30/Page_SelectPaymentMethod/MakePaymentButton' is clicked on

25-10-2024T03:29:56 - [TEST_STEP][PASSED] - iwpPages.achCorporatePaymentEntryPage.setDataCorporate(row, dataFile): iwpPages.achCorporatePaymentEntryPage.setDataCorporate is PASSED

25-10-2024T03:29:57 - [MESSAGE][PASSED] - Object 'Object Repository/IWP30/Page_ACHCorporatePaymentEntry/txt_accountNumber' is present

25-10-2024T03:29:57 - [MESSAGE][PASSED] - Object 'Object Repository/IWP30/Page_ACHCorporatePaymentEntry/input_CompanyName' is present

25-10-2024T03:29:58 - [MESSAGE][PASSED] - Text 'My Company' is set on object 'Object Repository/IWP30/Page_ACHCorporatePaymentEntry/input_CompanyName'

25-10-2024T03:29:58 - [MESSAGE][PASSED] - Object 'Object Repository/IWP30/Page_ACHCorporatePaymentEntry/input_EIN' is present

25-10-2024T03:29:59 - [MESSAGE][PASSED] - Text '123456789' is set on object 'Object Repository/IWP30/Page_ACHCorporatePaymentEntry/input_EIN'

25-10-2024T03:29:59 - [MESSAGE][PASSED] - Text '9.50' is set on object 'Object Repository/IWP30/Page_ACHCorporatePaymentEntry/txt_Amount'

25-10-2024T03:30:00 - [MESSAGE][PASSED] - Object 'Object Repository/IWP30/Page_ACHCorporatePaymentEntry/txt_routingNumber' is present

25-10-2024T03:30:00 - [MESSAGE][PASSED] - Text '256072691' is set on object 'Object Repository/IWP30/Page_ACHCorporatePaymentEntry/txt_routingNumber'

25-10-2024T03:30:00 - [MESSAGE][PASSED] - Object 'Object Repository/IWP30/Page_ACHCorporatePaymentEntry/txt_accountNumber' is present

25-10-2024T03:30:02 - [MESSAGE][PASSED] - Text '12344444' is set on object 'Object Repository/IWP30/Page_ACHCorporatePaymentEntry/txt_accountNumber'

25-10-2024T03:30:02 - [MESSAGE][PASSED] - Object 'Object Repository/IWP30/Page_ACHCorporatePaymentEntry/txt_confirmAccountNumber' is present

25-10-2024T03:30:03 - [MESSAGE][PASSED] - Text '12344444' is set on object 'Object Repository/IWP30/Page_ACHCorporatePaymentEntry/txt_confirmAccountNumber'

25-10-2024T03:30:03 - [MESSAGE][PASSED] - Object 'Object Repository/IWP30/Page_ACHCorporatePaymentEntry/txt_Email' is present

25-10-2024T03:30:04 - [MESSAGE][PASSED] - Text 'iahmed@govolution.com' is set on object 'Object Repository/IWP30/Page_ACHCorporatePaymentEntry/txt_Email'

25-10-2024T03:30:04 - [MESSAGE][PASSED] - Object 'Object Repository/IWP30/Page_ACHCorporatePaymentEntry/cb_TermsAndCond' is present

25-10-2024T03:30:04 - [MESSAGE][PASSED] - Object: 'Object Repository/IWP30/Page_ACHCorporatePaymentEntry/cb_TermsAndCond' is clicked on

25-10-2024T03:30:05 - [MESSAGE][PASSED] - Object 'Object Repository/IWP30/Page_ACHCorporatePaymentEntry/btn_Continue' is present

25-10-2024T03:30:07 - [MESSAGE][PASSED] - Object: 'Object Repository/IWP30/Page_ACHCorporatePaymentEntry/btn_Continue' is clicked on

25-10-2024T03:30:07 - [MESSAGE][PASSED] - iwpPages.achCorporatePaymentEntryPage.setDataCorporate is PASSED

25-10-2024T03:30:07 - [TEST_STEP][PASSED] - Thread.sleep(10000): null

25-10-2024T03:30:17 - [TEST_STEP][PASSED] - if (verifyTextPresent("Payment amounts less than 10.50 are not accepted", false)): null

25-10-2024T03:30:17 - [MESSAGE][PASSED] - Text 'Payment amounts less than 10.50 are not accepted' is present on page 

25-10-2024T03:30:17 - [TEST_STEP][PASSED] - println("UnderPay Error message shown"): null

25-10-2024T03:30:17 - [TEST_STEP][PASSED] - markPassed("Under Pay Error message shown"): Under Pay Error message shown

25-10-2024T03:30:17 - [MESSAGE][PASSED] - Under Pay Error message shown

25-10-2024T03:30:17 - [TEST_STEP][PASSED] - resText = "Pass": null

25-10-2024T03:30:17 - [TEST_STEP][PASSED] - pages.WriteExcel.demoKey(resText, datText, resColumn, datCloumn, fileLoc, nameSheet, row): pages.WriteExcel.demoKey is PASSED

25-10-2024T03:30:17 - [MESSAGE][PASSED] - pages.WriteExcel.demoKey is PASSED

25-10-2024T03:30:17 - [TEST_STEP][PASSED] - closeBrowser(): Browser is closed

25-10-2024T03:30:18 - [MESSAGE][PASSED] - Browser is closed]]></system-out>
         <system-err><![CDATA[]]></system-err>
      </testcase>
      <testcase name="Test Cases/IntegratedWeb/IWP25/Error/NoUnderPayErrorPC" time="99.434" classname="Test Cases/IntegratedWeb/IWP25/Error/NoUnderPayErrorPC" status="PASSED">
         <system-out><![CDATA[25-10-2024T03:30:18 - [TEST_CASE][PASSED] - Test Cases/IntegratedWeb/IWP25/Error/NoUnderPayErrorPC: Test Cases/IntegratedWeb/IWP25/Error/NoUnderPayErrorPC

25-10-2024T03:30:18 - [TEST_STEP][PASSED] - resText = "Fail": null

25-10-2024T03:30:18 - [TEST_STEP][PASSED] - resColumn = "Result": null

25-10-2024T03:30:18 - [TEST_STEP][PASSED] - datCloumn = "Date": null

25-10-2024T03:30:18 - [TEST_STEP][PASSED] - fileLoc = "KatalonData/IWPTestData/VRelay25Payments.xlsx": null

25-10-2024T03:30:18 - [TEST_STEP][PASSED] - numOfRows = <not implemented yet for class: org.codehaus.groovy.ast.expr.EmptyExpression>: null

25-10-2024T03:30:18 - [TEST_STEP][PASSED] - dataFile = <not implemented yet for class: org.codehaus.groovy.ast.expr.EmptyExpression>: null

25-10-2024T03:30:18 - [TEST_STEP][PASSED] - nameSheet = <not implemented yet for class: org.codehaus.groovy.ast.expr.EmptyExpression>: null

25-10-2024T03:30:18 - [TEST_STEP][PASSED] - dataFileEmulator = <not implemented yet for class: org.codehaus.groovy.ast.expr.EmptyExpression>: null

25-10-2024T03:30:18 - [TEST_STEP][PASSED] - nameSheet = "NoUnderPayErrorPC": null

25-10-2024T03:30:18 - [TEST_STEP][PASSED] - dataFile = "IWPTestData/IWP25NoUnderPayErrorPC": null

25-10-2024T03:30:18 - [TEST_STEP][PASSED] - dataFileEmulator = "IWPTestData/EmulatorData": null

25-10-2024T03:30:18 - [TEST_STEP][PASSED] - numOfRows = findTestData(dataFile).getRowNumbers(): null

25-10-2024T03:30:18 - [TEST_STEP][PASSED] - println("Number of Records: " + numOfRows): null

25-10-2024T03:30:18 - [TEST_STEP][PASSED] - for ([row = 1, row <= numOfRows, (row++)]): Browser is closed

25-10-2024T03:30:18 - [TEST_STEP][PASSED] - ExecuteTC = findTestData(dataFile).getValue("Execute", row): null

25-10-2024T03:30:18 - [TEST_STEP][PASSED] - out.println("Value of Execute is : " + ExecuteTC): null

25-10-2024T03:30:18 - [TEST_STEP][PASSED] - if (ExecuteTC.equalsIgnoreCase("Y")): null

25-10-2024T03:30:18 - [TEST_STEP][PASSED] - out.println("Begin Record Number: " + row): null

25-10-2024T03:30:18 - [TEST_STEP][PASSED] - today = new java.util.Date(): null

25-10-2024T03:30:18 - [TEST_STEP][PASSED] - println(today): null

25-10-2024T03:30:18 - [TEST_STEP][PASSED] - datText = today: null

25-10-2024T03:30:18 - [TEST_STEP][PASSED] - EmulatorDataKey = findTestData(dataFile).getValue("EmulatorData", row): null

25-10-2024T03:30:18 - [TEST_STEP][PASSED] - out.println("Value of Emulator Key is : " + EmulatorDataKey): null

25-10-2024T03:30:18 - [TEST_STEP][PASSED] - iwpPages.emulatorIWP30.setDataEmulator_DD(EmulatorDataKey): iwpPages.emulatorIWP30.setDataEmulator_DD is PASSED

25-10-2024T03:30:18 - [MESSAGE][INFO] - Starting 'Edge Chromium' driver

25-10-2024T03:30:18 - [MESSAGE][INFO] - User set preference: ['acceptInsecureCerts', 'true']

25-10-2024T03:30:20 - [MESSAGE][INFO] - Action delay is set to 0 milliseconds

25-10-2024T03:30:25 - [MESSAGE][PASSED] - Browser is opened with url: 'https://qa2.velocitypayment.com/agencyx/config.action?action=editor&message_version=2_5'

25-10-2024T03:30:25 - [MESSAGE][PASSED] - Current window maximized

25-10-2024T03:30:56 - [MESSAGE][INFO] - Unable to find the element located by 'By.xpath: //select[@name='message_version']'. Please recheck the objects properties to make sure the desired element is located. 

25-10-2024T03:30:56 - [MESSAGE][WARNING] - [SELF-HEALING] Failed to find element with id 'Object Repository/IWP30/Page_VRelay30Emulator/MV'. Try using Self-healing.

25-10-2024T03:30:56 - [MESSAGE][WARNING] - [SELF-HEALING] The current locator of test object 'Object Repository/IWP30/Page_VRelay30Emulator/MV' was broken. Propose an alternative one: '(.//*[normalize-space(text()) and normalize-space(.)='Message Version'])[1]/following::select[1]'.

25-10-2024T03:30:57 - [MESSAGE][PASSED] - All options with value '2.5' are selected in object 'Object Repository/IWP30/Page_VRelay30Emulator/MV'  using regular expression

25-10-2024T03:30:57 - [MESSAGE][PASSED] - Text '10.50' is set on object 'Object Repository/IWP30/Page_EmulatorAgencyX/Amount'

25-10-2024T03:30:58 - [MESSAGE][PASSED] - Text 'tsvXmFuPdGuv' is set on object 'Object Repository/IWP30/Page_EmulatorAgencyX/CAN'

25-10-2024T03:30:58 - [MESSAGE][PASSED] - Text 'PayNow' is set on object 'Object Repository/IWP30/Page_EmulatorAgencyX/Action'

25-10-2024T03:30:59 - [MESSAGE][PASSED] - Text 'en_US' is set on object 'Object Repository/IWP30/Page_EmulatorAgencyX/Lang'

25-10-2024T03:31:00 - [MESSAGE][PASSED] - Text 'Curlonty' is set on object 'Object Repository/IWP30/Page_EmulatorAgencyX/Fname'

25-10-2024T03:31:00 - [MESSAGE][PASSED] - Text 'Lachuga' is set on object 'Object Repository/IWP30/Page_EmulatorAgencyX/Lname'

25-10-2024T03:31:01 - [MESSAGE][PASSED] - Text '258 Underwood rd' is set on object 'Object Repository/IWP30/Page_EmulatorAgencyX/AL1'

25-10-2024T03:31:01 - [MESSAGE][PASSED] - Text 'Suite 600' is set on object 'Object Repository/IWP30/Page_EmulatorAgencyX/AL2'

25-10-2024T03:31:02 - [MESSAGE][PASSED] - Text '840' is set on object 'Object Repository/IWP30/Page_EmulatorAgencyX/Country'

25-10-2024T03:31:03 - [MESSAGE][PASSED] - Text 'Arlington' is set on object 'Object Repository/IWP30/Page_EmulatorAgencyX/City'

25-10-2024T03:31:03 - [MESSAGE][PASSED] - Text 'VA' is set on object 'Object Repository/IWP30/Page_EmulatorAgencyX/State'

25-10-2024T03:31:04 - [MESSAGE][PASSED] - Text '22201' is set on object 'Object Repository/IWP30/Page_EmulatorAgencyX/ZIP'

25-10-2024T03:31:04 - [MESSAGE][PASSED] - Text '' is set on object 'Object Repository/IWP30/Page_EmulatorAgencyX/Order'

25-10-2024T03:31:05 - [MESSAGE][PASSED] - Text '' is set on object 'Object Repository/IWP30/Page_EmulatorAgencyX/Company'

25-10-2024T03:31:06 - [MESSAGE][PASSED] - Text '' is set on object 'Object Repository/IWP30/Page_EmulatorAgencyX/Email'

25-10-2024T03:31:06 - [MESSAGE][PASSED] - Text 'udf data 1' is set on object 'Object Repository/IWP30/Page_EmulatorAgencyX/UDF1'

25-10-2024T03:31:07 - [MESSAGE][PASSED] - Text 'udf data 2' is set on object 'Object Repository/IWP30/Page_EmulatorAgencyX/UDF2'

25-10-2024T03:31:07 - [MESSAGE][PASSED] - Text '' is set on object 'Object Repository/IWP30/Page_EmulatorAgencyX/UDF3'

25-10-2024T03:31:08 - [MESSAGE][PASSED] - Text '' is set on object 'Object Repository/IWP30/Page_EmulatorAgencyX/UDF4'

25-10-2024T03:31:08 - [MESSAGE][PASSED] - Text '' is set on object 'Object Repository/IWP30/Page_EmulatorAgencyX/UDF5'

25-10-2024T03:31:09 - [MESSAGE][PASSED] - Text '' is set on object 'Object Repository/IWP30/Page_EmulatorAgencyX/UDF6'

25-10-2024T03:31:10 - [MESSAGE][PASSED] - Text '' is set on object 'Object Repository/IWP30/Page_EmulatorAgencyX/UDF7'

25-10-2024T03:31:10 - [MESSAGE][PASSED] - Text '' is set on object 'Object Repository/IWP30/Page_EmulatorAgencyX/UDF8'

25-10-2024T03:31:11 - [MESSAGE][PASSED] - Text '' is set on object 'Object Repository/IWP30/Page_EmulatorAgencyX/UDF9'

25-10-2024T03:31:11 - [MESSAGE][PASSED] - Text '' is set on object 'Object Repository/IWP30/Page_EmulatorAgencyX/UDF10'

25-10-2024T03:31:13 - [MESSAGE][PASSED] - Object: 'Object Repository/IWP30/Page_EmulatorAgencyX/Submit' is clicked on

25-10-2024T03:31:17 - [MESSAGE][PASSED] - Browser is closed

25-10-2024T03:31:21 - [MESSAGE][PASSED] - iwpPages.emulatorIWP30.setDataEmulator_DD is PASSED

25-10-2024T03:31:21 - [TEST_STEP][PASSED] - testHarnessURL = urlTestHarness: null

25-10-2024T03:31:21 - [TEST_STEP][PASSED] - openBrowser(testHarnessURL): Browser is opened with url: 'https://dev-algorithm.govolution.com/vrelaytest/QA2/version_2_2/vrelaytest.html'

25-10-2024T03:31:21 - [MESSAGE][INFO] - Starting 'Edge Chromium' driver

25-10-2024T03:31:21 - [MESSAGE][INFO] - User set preference: ['acceptInsecureCerts', 'true']

25-10-2024T03:31:23 - [MESSAGE][INFO] - Action delay is set to 0 milliseconds

25-10-2024T03:31:27 - [MESSAGE][PASSED] - Browser is opened with url: 'https://dev-algorithm.govolution.com/vrelaytest/QA2/version_2_2/vrelaytest.html'

25-10-2024T03:31:27 - [TEST_STEP][PASSED] - maximizeWindow(): Current window maximized

25-10-2024T03:31:27 - [MESSAGE][PASSED] - Current window maximized

25-10-2024T03:31:27 - [TEST_STEP][PASSED] - iwpPages.TestHarnessPage.setDataMethod(row, dataFile): iwpPages.TestHarnessPage.setDataMethod is PASSED

25-10-2024T03:31:27 - [MESSAGE][PASSED] - Object 'Object Repository/IWP30/Page_QATestHarness/RemittanceID' is present

25-10-2024T03:31:28 - [MESSAGE][PASSED] - Text '653' is set on object 'Object Repository/IWP30/Page_QATestHarness/ApplicationID'

25-10-2024T03:31:28 - [MESSAGE][PASSED] - Text '2.5' is set on object 'Object Repository/IWP30/Page_QATestHarness/MessageVersion'

25-10-2024T03:31:29 - [MESSAGE][PASSED] - Text 'NN1YcLhzMLKW' is set on object 'Object Repository/IWP30/Page_QATestHarness/RemittanceID'

25-10-2024T03:31:32 - [MESSAGE][PASSED] - Object: 'Object Repository/IWP30/Page_QATestHarness/SubmitButton' is clicked on

25-10-2024T03:31:32 - [MESSAGE][PASSED] - iwpPages.TestHarnessPage.setDataMethod is PASSED

25-10-2024T03:31:32 - [TEST_STEP][PASSED] - click(findTestObject("Object Repository/IWP30/Page_SelectPaymentMethod/PayByPersonalCheck")): Object: 'Object Repository/IWP30/Page_SelectPaymentMethod/PayByPersonalCheck' is clicked on

25-10-2024T03:31:33 - [MESSAGE][PASSED] - Object: 'Object Repository/IWP30/Page_SelectPaymentMethod/PayByPersonalCheck' is clicked on

25-10-2024T03:31:33 - [TEST_STEP][PASSED] - click(findTestObject("Object Repository/IWP30/Page_SelectPaymentMethod/MakePaymentButton")): Object: 'Object Repository/IWP30/Page_SelectPaymentMethod/MakePaymentButton' is clicked on

25-10-2024T03:31:35 - [MESSAGE][PASSED] - Object: 'Object Repository/IWP30/Page_SelectPaymentMethod/MakePaymentButton' is clicked on

25-10-2024T03:31:35 - [TEST_STEP][PASSED] - iwpPages.achPersonalPaymentEntryPage.setDataACHPPM(row, dataFile): iwpPages.achPersonalPaymentEntryPage.setDataACHPPM is PASSED

25-10-2024T03:31:36 - [MESSAGE][PASSED] - Object 'Object Repository/IWP30/Page_ACHPersonalPaymentEntry/txt_accountNumber' is present

25-10-2024T03:31:37 - [MESSAGE][PASSED] - Text '9.50' is set on object 'Object Repository/IWP30/Page_ACHPersonalPaymentEntry/txt_Amount'

25-10-2024T03:31:37 - [MESSAGE][PASSED] - Object 'Object Repository/IWP30/Page_ACHPersonalPaymentEntry/txt_UDF2' is present

25-10-2024T03:31:37 - [MESSAGE][PASSED] - Object 'Object Repository/IWP30/Page_ACHPersonalPaymentEntry/txt_Firstname' is present

25-10-2024T03:31:38 - [MESSAGE][PASSED] - Text 'Elizath' is set on object 'Object Repository/IWP30/Page_ACHPersonalPaymentEntry/txt_Firstname'

25-10-2024T03:31:38 - [MESSAGE][PASSED] - Object 'Object Repository/IWP30/Page_ACHPersonalPaymentEntry/txt_Lastname' is present

25-10-2024T03:31:39 - [MESSAGE][PASSED] - Text 'Christine' is set on object 'Object Repository/IWP30/Page_ACHPersonalPaymentEntry/txt_Lastname'

25-10-2024T03:31:39 - [MESSAGE][PASSED] - Object 'Object Repository/IWP30/Page_ACHPersonalPaymentEntry/txt_routingNumber' is present

25-10-2024T03:31:40 - [MESSAGE][PASSED] - Text '256072691' is set on object 'Object Repository/IWP30/Page_ACHPersonalPaymentEntry/txt_routingNumber'

25-10-2024T03:31:40 - [MESSAGE][PASSED] - Object 'Object Repository/IWP30/Page_ACHPersonalPaymentEntry/txt_accountNumber' is present

25-10-2024T03:31:41 - [MESSAGE][PASSED] - Text '12344444' is set on object 'Object Repository/IWP30/Page_ACHPersonalPaymentEntry/txt_accountNumber'

25-10-2024T03:31:41 - [MESSAGE][PASSED] - Object 'Object Repository/IWP30/Page_ACHPersonalPaymentEntry/txt_confirmAccountNumber' is present

25-10-2024T03:31:42 - [MESSAGE][PASSED] - Text '12344444' is set on object 'Object Repository/IWP30/Page_ACHPersonalPaymentEntry/txt_confirmAccountNumber'

25-10-2024T03:31:42 - [MESSAGE][PASSED] - Object 'Object Repository/IWP30/Page_ACHPersonalPaymentEntry/rd_accountType' is present

25-10-2024T03:31:42 - [MESSAGE][PASSED] - Modify property of object successfully

25-10-2024T03:31:42 - [MESSAGE][PASSED] - Object: 'Object Repository/IWP30/Page_ACHPersonalPaymentEntry/rd_accountType' is clicked on

25-10-2024T03:31:43 - [MESSAGE][PASSED] - Object 'Object Repository/IWP30/Page_ACHPersonalPaymentEntry/txt_Email' is present

25-10-2024T03:31:43 - [MESSAGE][PASSED] - Text 'iahmed@govolution.com' is set on object 'Object Repository/IWP30/Page_ACHPersonalPaymentEntry/txt_Email'

25-10-2024T03:31:44 - [MESSAGE][PASSED] - Object 'Object Repository/IWP30/Page_ACHPersonalPaymentEntry/cb_TermsAndCond' is present

25-10-2024T03:31:44 - [MESSAGE][PASSED] - Object: 'Object Repository/IWP30/Page_ACHPersonalPaymentEntry/cb_TermsAndCond' is clicked on

25-10-2024T03:31:44 - [MESSAGE][PASSED] - Object 'Object Repository/IWP30/Page_ACHPersonalPaymentEntry/btn_Continue' is present

25-10-2024T03:31:46 - [MESSAGE][PASSED] - Object: 'Object Repository/IWP30/Page_ACHPersonalPaymentEntry/btn_Continue' is clicked on

25-10-2024T03:31:46 - [MESSAGE][PASSED] - iwpPages.achPersonalPaymentEntryPage.setDataACHPPM is PASSED

25-10-2024T03:31:46 - [TEST_STEP][PASSED] - Thread.sleep(10000): null

25-10-2024T03:31:56 - [TEST_STEP][PASSED] - if (verifyTextPresent("Payment amounts less than 10.50 are not accepted", false)): null

25-10-2024T03:31:56 - [MESSAGE][PASSED] - Text 'Payment amounts less than 10.50 are not accepted' is present on page 

25-10-2024T03:31:56 - [TEST_STEP][PASSED] - println("UnderPay Error message shown"): null

25-10-2024T03:31:56 - [TEST_STEP][PASSED] - markPassed("Under Pay Error message shown"): Under Pay Error message shown

25-10-2024T03:31:56 - [MESSAGE][PASSED] - Under Pay Error message shown

25-10-2024T03:31:56 - [TEST_STEP][PASSED] - resText = "Pass": null

25-10-2024T03:31:56 - [TEST_STEP][PASSED] - pages.WriteExcel.demoKey(resText, datText, resColumn, datCloumn, fileLoc, nameSheet, row): pages.WriteExcel.demoKey is PASSED

25-10-2024T03:31:57 - [MESSAGE][PASSED] - pages.WriteExcel.demoKey is PASSED

25-10-2024T03:31:57 - [TEST_STEP][PASSED] - closeBrowser(): Browser is closed

25-10-2024T03:31:57 - [MESSAGE][PASSED] - Browser is closed]]></system-out>
         <system-err><![CDATA[]]></system-err>
      </testcase>
      <testcase name="Test Cases/IntegratedWeb/IWP25/Error/NoUnderPayErrorPS" time="99.349" classname="Test Cases/IntegratedWeb/IWP25/Error/NoUnderPayErrorPS" status="PASSED">
         <system-out><![CDATA[25-10-2024T03:31:57 - [TEST_CASE][PASSED] - Test Cases/IntegratedWeb/IWP25/Error/NoUnderPayErrorPS: Test Cases/IntegratedWeb/IWP25/Error/NoUnderPayErrorPS

25-10-2024T03:31:57 - [TEST_STEP][PASSED] - resText = "Fail": null

25-10-2024T03:31:57 - [TEST_STEP][PASSED] - resColumn = "Result": null

25-10-2024T03:31:57 - [TEST_STEP][PASSED] - datCloumn = "Date": null

25-10-2024T03:31:57 - [TEST_STEP][PASSED] - fileLoc = "KatalonData/IWPTestData/VRelay25Payments.xlsx": null

25-10-2024T03:31:57 - [TEST_STEP][PASSED] - numOfRows = <not implemented yet for class: org.codehaus.groovy.ast.expr.EmptyExpression>: null

25-10-2024T03:31:57 - [TEST_STEP][PASSED] - dataFile = <not implemented yet for class: org.codehaus.groovy.ast.expr.EmptyExpression>: null

25-10-2024T03:31:57 - [TEST_STEP][PASSED] - nameSheet = <not implemented yet for class: org.codehaus.groovy.ast.expr.EmptyExpression>: null

25-10-2024T03:31:57 - [TEST_STEP][PASSED] - dataFileEmulator = <not implemented yet for class: org.codehaus.groovy.ast.expr.EmptyExpression>: null

25-10-2024T03:31:57 - [TEST_STEP][PASSED] - nameSheet = "NoUnderPayErrorPS": null

25-10-2024T03:31:57 - [TEST_STEP][PASSED] - dataFile = "IWPTestData/IWP25NoUnderPayErrorPS": null

25-10-2024T03:31:57 - [TEST_STEP][PASSED] - dataFileEmulator = "IWPTestData/EmulatorData": null

25-10-2024T03:31:57 - [TEST_STEP][PASSED] - numOfRows = findTestData(dataFile).getRowNumbers(): null

25-10-2024T03:31:57 - [TEST_STEP][PASSED] - println("Number of Records: " + numOfRows): null

25-10-2024T03:31:57 - [TEST_STEP][PASSED] - for ([row = 1, row <= numOfRows, (row++)]): Browser is closed

25-10-2024T03:31:57 - [TEST_STEP][PASSED] - ExecuteTC = findTestData(dataFile).getValue("Execute", row): null

25-10-2024T03:31:57 - [TEST_STEP][PASSED] - out.println("Value of Execute is : " + ExecuteTC): null

25-10-2024T03:31:57 - [TEST_STEP][PASSED] - if (ExecuteTC.equalsIgnoreCase("Y")): null

25-10-2024T03:31:57 - [TEST_STEP][PASSED] - out.println("Begin Record Number: " + row): null

25-10-2024T03:31:57 - [TEST_STEP][PASSED] - today = new java.util.Date(): null

25-10-2024T03:31:57 - [TEST_STEP][PASSED] - println(today): null

25-10-2024T03:31:57 - [TEST_STEP][PASSED] - datText = today: null

25-10-2024T03:31:57 - [TEST_STEP][PASSED] - EmulatorDataKey = findTestData(dataFile).getValue("EmulatorData", row): null

25-10-2024T03:31:57 - [TEST_STEP][PASSED] - out.println("Value of Emulator Key is : " + EmulatorDataKey): null

25-10-2024T03:31:57 - [TEST_STEP][PASSED] - iwpPages.emulatorIWP30.setDataEmulator_DD(EmulatorDataKey): iwpPages.emulatorIWP30.setDataEmulator_DD is PASSED

25-10-2024T03:31:58 - [MESSAGE][INFO] - Starting 'Edge Chromium' driver

25-10-2024T03:31:58 - [MESSAGE][INFO] - User set preference: ['acceptInsecureCerts', 'true']

25-10-2024T03:32:00 - [MESSAGE][INFO] - Action delay is set to 0 milliseconds

25-10-2024T03:32:04 - [MESSAGE][PASSED] - Browser is opened with url: 'https://qa2.velocitypayment.com/agencyx/config.action?action=editor&message_version=2_5'

25-10-2024T03:32:04 - [MESSAGE][PASSED] - Current window maximized

25-10-2024T03:32:35 - [MESSAGE][INFO] - Unable to find the element located by 'By.xpath: //select[@name='message_version']'. Please recheck the objects properties to make sure the desired element is located. 

25-10-2024T03:32:35 - [MESSAGE][WARNING] - [SELF-HEALING] Failed to find element with id 'Object Repository/IWP30/Page_VRelay30Emulator/MV'. Try using Self-healing.

25-10-2024T03:32:35 - [MESSAGE][WARNING] - [SELF-HEALING] The current locator of test object 'Object Repository/IWP30/Page_VRelay30Emulator/MV' was broken. Propose an alternative one: '(.//*[normalize-space(text()) and normalize-space(.)='Message Version'])[1]/following::select[1]'.

25-10-2024T03:32:36 - [MESSAGE][PASSED] - All options with value '2.5' are selected in object 'Object Repository/IWP30/Page_VRelay30Emulator/MV'  using regular expression

25-10-2024T03:32:37 - [MESSAGE][PASSED] - Text '10.50' is set on object 'Object Repository/IWP30/Page_EmulatorAgencyX/Amount'

25-10-2024T03:32:37 - [MESSAGE][PASSED] - Text 'gsIYxk8nmd7t' is set on object 'Object Repository/IWP30/Page_EmulatorAgencyX/CAN'

25-10-2024T03:32:38 - [MESSAGE][PASSED] - Text 'PayNow' is set on object 'Object Repository/IWP30/Page_EmulatorAgencyX/Action'

25-10-2024T03:32:38 - [MESSAGE][PASSED] - Text 'en_US' is set on object 'Object Repository/IWP30/Page_EmulatorAgencyX/Lang'

25-10-2024T03:32:39 - [MESSAGE][PASSED] - Text 'Curlonty' is set on object 'Object Repository/IWP30/Page_EmulatorAgencyX/Fname'

25-10-2024T03:32:39 - [MESSAGE][PASSED] - Text 'Lachuga' is set on object 'Object Repository/IWP30/Page_EmulatorAgencyX/Lname'

25-10-2024T03:32:40 - [MESSAGE][PASSED] - Text '258 Underwood rd' is set on object 'Object Repository/IWP30/Page_EmulatorAgencyX/AL1'

25-10-2024T03:32:41 - [MESSAGE][PASSED] - Text 'Suite 600' is set on object 'Object Repository/IWP30/Page_EmulatorAgencyX/AL2'

25-10-2024T03:32:41 - [MESSAGE][PASSED] - Text '840' is set on object 'Object Repository/IWP30/Page_EmulatorAgencyX/Country'

25-10-2024T03:32:42 - [MESSAGE][PASSED] - Text 'Arlington' is set on object 'Object Repository/IWP30/Page_EmulatorAgencyX/City'

25-10-2024T03:32:42 - [MESSAGE][PASSED] - Text 'VA' is set on object 'Object Repository/IWP30/Page_EmulatorAgencyX/State'

25-10-2024T03:32:43 - [MESSAGE][PASSED] - Text '22201' is set on object 'Object Repository/IWP30/Page_EmulatorAgencyX/ZIP'

25-10-2024T03:32:44 - [MESSAGE][PASSED] - Text '' is set on object 'Object Repository/IWP30/Page_EmulatorAgencyX/Order'

25-10-2024T03:32:44 - [MESSAGE][PASSED] - Text '' is set on object 'Object Repository/IWP30/Page_EmulatorAgencyX/Company'

25-10-2024T03:32:45 - [MESSAGE][PASSED] - Text '' is set on object 'Object Repository/IWP30/Page_EmulatorAgencyX/Email'

25-10-2024T03:32:45 - [MESSAGE][PASSED] - Text 'udf data 1' is set on object 'Object Repository/IWP30/Page_EmulatorAgencyX/UDF1'

25-10-2024T03:32:46 - [MESSAGE][PASSED] - Text 'udf data 2' is set on object 'Object Repository/IWP30/Page_EmulatorAgencyX/UDF2'

25-10-2024T03:32:47 - [MESSAGE][PASSED] - Text '' is set on object 'Object Repository/IWP30/Page_EmulatorAgencyX/UDF3'

25-10-2024T03:32:47 - [MESSAGE][PASSED] - Text '' is set on object 'Object Repository/IWP30/Page_EmulatorAgencyX/UDF4'

25-10-2024T03:32:48 - [MESSAGE][PASSED] - Text '' is set on object 'Object Repository/IWP30/Page_EmulatorAgencyX/UDF5'

25-10-2024T03:32:48 - [MESSAGE][PASSED] - Text '' is set on object 'Object Repository/IWP30/Page_EmulatorAgencyX/UDF6'

25-10-2024T03:32:49 - [MESSAGE][PASSED] - Text '' is set on object 'Object Repository/IWP30/Page_EmulatorAgencyX/UDF7'

25-10-2024T03:32:49 - [MESSAGE][PASSED] - Text '' is set on object 'Object Repository/IWP30/Page_EmulatorAgencyX/UDF8'

25-10-2024T03:32:50 - [MESSAGE][PASSED] - Text '' is set on object 'Object Repository/IWP30/Page_EmulatorAgencyX/UDF9'

25-10-2024T03:32:51 - [MESSAGE][PASSED] - Text '' is set on object 'Object Repository/IWP30/Page_EmulatorAgencyX/UDF10'

25-10-2024T03:32:52 - [MESSAGE][PASSED] - Object: 'Object Repository/IWP30/Page_EmulatorAgencyX/Submit' is clicked on

25-10-2024T03:32:56 - [MESSAGE][PASSED] - Browser is closed

25-10-2024T03:33:01 - [MESSAGE][PASSED] - iwpPages.emulatorIWP30.setDataEmulator_DD is PASSED

25-10-2024T03:33:01 - [TEST_STEP][PASSED] - testHarnessURL = urlTestHarness: null

25-10-2024T03:33:01 - [TEST_STEP][PASSED] - openBrowser(testHarnessURL): Browser is opened with url: 'https://dev-algorithm.govolution.com/vrelaytest/QA2/version_2_2/vrelaytest.html'

25-10-2024T03:33:01 - [MESSAGE][INFO] - Starting 'Edge Chromium' driver

25-10-2024T03:33:01 - [MESSAGE][INFO] - User set preference: ['acceptInsecureCerts', 'true']

25-10-2024T03:33:03 - [MESSAGE][INFO] - Action delay is set to 0 milliseconds

25-10-2024T03:33:06 - [MESSAGE][PASSED] - Browser is opened with url: 'https://dev-algorithm.govolution.com/vrelaytest/QA2/version_2_2/vrelaytest.html'

25-10-2024T03:33:06 - [TEST_STEP][PASSED] - maximizeWindow(): Current window maximized

25-10-2024T03:33:06 - [MESSAGE][PASSED] - Current window maximized

25-10-2024T03:33:06 - [TEST_STEP][PASSED] - iwpPages.TestHarnessPage.setDataMethod(row, dataFile): iwpPages.TestHarnessPage.setDataMethod is PASSED

25-10-2024T03:33:06 - [MESSAGE][PASSED] - Object 'Object Repository/IWP30/Page_QATestHarness/RemittanceID' is present

25-10-2024T03:33:07 - [MESSAGE][PASSED] - Text '653' is set on object 'Object Repository/IWP30/Page_QATestHarness/ApplicationID'

25-10-2024T03:33:08 - [MESSAGE][PASSED] - Text '2.5' is set on object 'Object Repository/IWP30/Page_QATestHarness/MessageVersion'

25-10-2024T03:33:08 - [MESSAGE][PASSED] - Text 'Z9OxGtyzwMn6' is set on object 'Object Repository/IWP30/Page_QATestHarness/RemittanceID'

25-10-2024T03:33:11 - [MESSAGE][PASSED] - Object: 'Object Repository/IWP30/Page_QATestHarness/SubmitButton' is clicked on

25-10-2024T03:33:11 - [MESSAGE][PASSED] - iwpPages.TestHarnessPage.setDataMethod is PASSED

25-10-2024T03:33:11 - [TEST_STEP][PASSED] - click(findTestObject("Object Repository/IWP30/Page_SelectPaymentMethod/PayByPersonalCheck")): Object: 'Object Repository/IWP30/Page_SelectPaymentMethod/PayByPersonalCheck' is clicked on

25-10-2024T03:33:12 - [MESSAGE][PASSED] - Object: 'Object Repository/IWP30/Page_SelectPaymentMethod/PayByPersonalCheck' is clicked on

25-10-2024T03:33:12 - [TEST_STEP][PASSED] - click(findTestObject("Object Repository/IWP30/Page_SelectPaymentMethod/MakePaymentButton")): Object: 'Object Repository/IWP30/Page_SelectPaymentMethod/MakePaymentButton' is clicked on

25-10-2024T03:33:14 - [MESSAGE][PASSED] - Object: 'Object Repository/IWP30/Page_SelectPaymentMethod/MakePaymentButton' is clicked on

25-10-2024T03:33:14 - [TEST_STEP][PASSED] - iwpPages.achPersonalPaymentEntryPage.setDataACHPPM(row, dataFile): iwpPages.achPersonalPaymentEntryPage.setDataACHPPM is PASSED

25-10-2024T03:33:16 - [MESSAGE][PASSED] - Object 'Object Repository/IWP30/Page_ACHPersonalPaymentEntry/txt_accountNumber' is present

25-10-2024T03:33:16 - [MESSAGE][PASSED] - Text '9.50' is set on object 'Object Repository/IWP30/Page_ACHPersonalPaymentEntry/txt_Amount'

25-10-2024T03:33:16 - [MESSAGE][PASSED] - Object 'Object Repository/IWP30/Page_ACHPersonalPaymentEntry/txt_UDF2' is present

25-10-2024T03:33:17 - [MESSAGE][PASSED] - Object 'Object Repository/IWP30/Page_ACHPersonalPaymentEntry/txt_Firstname' is present

25-10-2024T03:33:17 - [MESSAGE][PASSED] - Text 'Elizath' is set on object 'Object Repository/IWP30/Page_ACHPersonalPaymentEntry/txt_Firstname'

25-10-2024T03:33:18 - [MESSAGE][PASSED] - Object 'Object Repository/IWP30/Page_ACHPersonalPaymentEntry/txt_Lastname' is present

25-10-2024T03:33:18 - [MESSAGE][PASSED] - Text 'Christine' is set on object 'Object Repository/IWP30/Page_ACHPersonalPaymentEntry/txt_Lastname'

25-10-2024T03:33:18 - [MESSAGE][PASSED] - Object 'Object Repository/IWP30/Page_ACHPersonalPaymentEntry/txt_routingNumber' is present

25-10-2024T03:33:19 - [MESSAGE][PASSED] - Text '256072691' is set on object 'Object Repository/IWP30/Page_ACHPersonalPaymentEntry/txt_routingNumber'

25-10-2024T03:33:19 - [MESSAGE][PASSED] - Object 'Object Repository/IWP30/Page_ACHPersonalPaymentEntry/txt_accountNumber' is present

25-10-2024T03:33:20 - [MESSAGE][PASSED] - Text '12344444' is set on object 'Object Repository/IWP30/Page_ACHPersonalPaymentEntry/txt_accountNumber'

25-10-2024T03:33:21 - [MESSAGE][PASSED] - Object 'Object Repository/IWP30/Page_ACHPersonalPaymentEntry/txt_confirmAccountNumber' is present

25-10-2024T03:33:21 - [MESSAGE][PASSED] - Text '12344444' is set on object 'Object Repository/IWP30/Page_ACHPersonalPaymentEntry/txt_confirmAccountNumber'

25-10-2024T03:33:21 - [MESSAGE][PASSED] - Object 'Object Repository/IWP30/Page_ACHPersonalPaymentEntry/rd_accountType' is present

25-10-2024T03:33:21 - [MESSAGE][PASSED] - Modify property of object successfully

25-10-2024T03:33:22 - [MESSAGE][PASSED] - Object: 'Object Repository/IWP30/Page_ACHPersonalPaymentEntry/rd_accountType' is clicked on

25-10-2024T03:33:22 - [MESSAGE][PASSED] - Object 'Object Repository/IWP30/Page_ACHPersonalPaymentEntry/txt_Email' is present

25-10-2024T03:33:23 - [MESSAGE][PASSED] - Text 'iahmed@govolution.com' is set on object 'Object Repository/IWP30/Page_ACHPersonalPaymentEntry/txt_Email'

25-10-2024T03:33:23 - [MESSAGE][PASSED] - Object 'Object Repository/IWP30/Page_ACHPersonalPaymentEntry/cb_TermsAndCond' is present

25-10-2024T03:33:23 - [MESSAGE][PASSED] - Object: 'Object Repository/IWP30/Page_ACHPersonalPaymentEntry/cb_TermsAndCond' is clicked on

25-10-2024T03:33:23 - [MESSAGE][PASSED] - Object 'Object Repository/IWP30/Page_ACHPersonalPaymentEntry/btn_Continue' is present

25-10-2024T03:33:25 - [MESSAGE][PASSED] - Object: 'Object Repository/IWP30/Page_ACHPersonalPaymentEntry/btn_Continue' is clicked on

25-10-2024T03:33:25 - [MESSAGE][PASSED] - iwpPages.achPersonalPaymentEntryPage.setDataACHPPM is PASSED

25-10-2024T03:33:25 - [TEST_STEP][PASSED] - Thread.sleep(10000): null

25-10-2024T03:33:35 - [TEST_STEP][PASSED] - if (verifyTextPresent("Payment amounts less than 10.50 are not accepted", false)): null

25-10-2024T03:33:36 - [MESSAGE][PASSED] - Text 'Payment amounts less than 10.50 are not accepted' is present on page 

25-10-2024T03:33:36 - [TEST_STEP][PASSED] - println("UnderPay Error message shown"): null

25-10-2024T03:33:36 - [TEST_STEP][PASSED] - markPassed("Under Pay Error message shown"): Under Pay Error message shown

25-10-2024T03:33:36 - [MESSAGE][PASSED] - Under Pay Error message shown

25-10-2024T03:33:36 - [TEST_STEP][PASSED] - resText = "Pass": null

25-10-2024T03:33:36 - [TEST_STEP][PASSED] - pages.WriteExcel.demoKey(resText, datText, resColumn, datCloumn, fileLoc, nameSheet, row): pages.WriteExcel.demoKey is PASSED

25-10-2024T03:33:36 - [MESSAGE][PASSED] - pages.WriteExcel.demoKey is PASSED

25-10-2024T03:33:36 - [TEST_STEP][PASSED] - closeBrowser(): Browser is closed

25-10-2024T03:33:36 - [MESSAGE][PASSED] - Browser is closed]]></system-out>
         <system-err><![CDATA[]]></system-err>
      </testcase>
      <system-out><![CDATA[24-10-2024T21:54:23 - [TEST_SUITE][FAILED] - QA_IWP2.5_Regression: Test Cases/IntegratedWeb/IWP25/Payments/NoModifyAmountCC FAILED.
Reason:
com.kms.katalon.core.exception.StepFailedException: Text 'Successful Payment Receipt' is not present on page  (Root cause: com.kms.katalon.core.exception.StepFailedException: Text 'Successful Payment Receipt' is not present on page 
	at com.kms.katalon.core.webui.keyword.internal.WebUIKeywordMain.stepFailed(WebUIKeywordMain.groovy:64)
	at com.kms.katalon.core.webui.keyword.builtin.VerifyTextPresentKeyword$_verifyTextPresent_closure1.doCall(VerifyTextPresentKeyword.groovy:79)
	at com.kms.katalon.core.webui.keyword.builtin.VerifyTextPresentKeyword$_verifyTextPresent_closure1.call(VerifyTextPresentKeyword.groovy)
	at com.kms.katalon.core.webui.keyword.internal.WebUIKeywordMain.runKeyword(WebUIKeywordMain.groovy:20)
	at com.kms.katalon.core.webui.keyword.builtin.VerifyTextPresentKeyword.verifyTextPresent(VerifyTextPresentKeyword.groovy:83)
	at com.kms.katalon.core.webui.keyword.builtin.VerifyTextPresentKeyword.execute(VerifyTextPresentKeyword.groovy:68)
	at com.kms.katalon.core.keyword.internal.KeywordExecutor.executeKeywordForPlatform(KeywordExecutor.groovy:74)
	at com.kms.katalon.core.webui.keyword.WebUiBuiltInKeywords.verifyTextPresent(WebUiBuiltInKeywords.groovy:1762)
	at NoModifyAmountCC.run(NoModifyAmountCC:93)
	at com.kms.katalon.core.main.ScriptEngine.run(ScriptEngine.java:194)
	at com.kms.katalon.core.main.ScriptEngine.runScriptAsRawText(ScriptEngine.java:119)
	at com.kms.katalon.core.main.TestCaseExecutor.runScript(TestCaseExecutor.java:448)
	at com.kms.katalon.core.main.TestCaseExecutor.doExecute(TestCaseExecutor.java:439)
	at com.kms.katalon.core.main.TestCaseExecutor.processExecutionPhase(TestCaseExecutor.java:418)
	at com.kms.katalon.core.main.TestCaseExecutor.accessMainPhase(TestCaseExecutor.java:410)
	at com.kms.katalon.core.main.TestCaseExecutor.execute(TestCaseExecutor.java:285)
	at com.kms.katalon.core.common.CommonExecutor.accessTestCaseMainPhase(CommonExecutor.java:65)
	at com.kms.katalon.core.main.TestSuiteExecutor.accessTestSuiteMainPhase(TestSuiteExecutor.java:150)
	at com.kms.katalon.core.main.TestSuiteExecutor.execute(TestSuiteExecutor.java:106)
	at com.kms.katalon.core.main.TestCaseMain.startTestSuite(TestCaseMain.java:180)
	at TempTestSuite1729787045812.run(TempTestSuite1729787045812.groovy:35)
	at java.base/jdk.internal.reflect.NativeMethodAccessorImpl.invoke0(Native Method)
	at java.base/jdk.internal.reflect.NativeMethodAccessorImpl.invoke(NativeMethodAccessorImpl.java:77)
	at java.base/jdk.internal.reflect.DelegatingMethodAccessorImpl.invoke(DelegatingMethodAccessorImpl.java:43)
)
	at com.kms.katalon.core.keyword.internal.KeywordMain.stepFailed(KeywordMain.groovy:39)
	at com.kms.katalon.core.webui.keyword.internal.WebUIKeywordMain.stepFailed(WebUIKeywordMain.groovy:64)
	at com.kms.katalon.core.webui.keyword.builtin.VerifyTextPresentKeyword$_verifyTextPresent_closure1.doCall(VerifyTextPresentKeyword.groovy:79)
	at com.kms.katalon.core.webui.keyword.builtin.VerifyTextPresentKeyword$_verifyTextPresent_closure1.call(VerifyTextPresentKeyword.groovy)
	at com.kms.katalon.core.webui.keyword.internal.WebUIKeywordMain.runKeyword(WebUIKeywordMain.groovy:20)
	at com.kms.katalon.core.webui.keyword.builtin.VerifyTextPresentKeyword.verifyTextPresent(VerifyTextPresentKeyword.groovy:83)
	at com.kms.katalon.core.webui.keyword.builtin.VerifyTextPresentKeyword.execute(VerifyTextPresentKeyword.groovy:68)
	at com.kms.katalon.core.keyword.internal.KeywordExecutor.executeKeywordForPlatform(KeywordExecutor.groovy:74)
	at com.kms.katalon.core.webui.keyword.WebUiBuiltInKeywords.verifyTextPresent(WebUiBuiltInKeywords.groovy:1762)
	at NoModifyAmountCC.run(NoModifyAmountCC:93)
	at com.kms.katalon.core.main.ScriptEngine.run(ScriptEngine.java:194)
	at com.kms.katalon.core.main.ScriptEngine.runScriptAsRawText(ScriptEngine.java:119)
	at com.kms.katalon.core.main.TestCaseExecutor.runScript(TestCaseExecutor.java:448)
	at com.kms.katalon.core.main.TestCaseExecutor.doExecute(TestCaseExecutor.java:439)
	at com.kms.katalon.core.main.TestCaseExecutor.processExecutionPhase(TestCaseExecutor.java:418)
	at com.kms.katalon.core.main.TestCaseExecutor.accessMainPhase(TestCaseExecutor.java:410)
	at com.kms.katalon.core.main.TestCaseExecutor.execute(TestCaseExecutor.java:285)
	at com.kms.katalon.core.common.CommonExecutor.accessTestCaseMainPhase(CommonExecutor.java:65)
	at com.kms.katalon.core.main.TestSuiteExecutor.accessTestSuiteMainPhase(TestSuiteExecutor.java:150)
	at com.kms.katalon.core.main.TestSuiteExecutor.execute(TestSuiteExecutor.java:106)
	at com.kms.katalon.core.main.TestCaseMain.startTestSuite(TestCaseMain.java:180)
	at TempTestSuite1729787045812.run(TempTestSuite1729787045812.groovy:35)
	at java.base/jdk.internal.reflect.NativeMethodAccessorImpl.invoke0(Native Method)
	at java.base/jdk.internal.reflect.NativeMethodAccessorImpl.invoke(NativeMethodAccessorImpl.java:77)
	at java.base/jdk.internal.reflect.DelegatingMethodAccessorImpl.invoke(DelegatingMethodAccessorImpl.java:43)
Caused by: com.kms.katalon.core.exception.StepFailedException: Text 'Successful Payment Receipt' is not present on page 
	... 24 more]]></system-out>
      <system-err><![CDATA[24-10-2024T21:54:23 - [TEST_SUITE][FAILED] - QA_IWP2.5_Regression: Test Cases/IntegratedWeb/IWP25/Payments/NoModifyAmountCC FAILED.
Reason:
com.kms.katalon.core.exception.StepFailedException: Text 'Successful Payment Receipt' is not present on page  (Root cause: com.kms.katalon.core.exception.StepFailedException: Text 'Successful Payment Receipt' is not present on page 
	at com.kms.katalon.core.webui.keyword.internal.WebUIKeywordMain.stepFailed(WebUIKeywordMain.groovy:64)
	at com.kms.katalon.core.webui.keyword.builtin.VerifyTextPresentKeyword$_verifyTextPresent_closure1.doCall(VerifyTextPresentKeyword.groovy:79)
	at com.kms.katalon.core.webui.keyword.builtin.VerifyTextPresentKeyword$_verifyTextPresent_closure1.call(VerifyTextPresentKeyword.groovy)
	at com.kms.katalon.core.webui.keyword.internal.WebUIKeywordMain.runKeyword(WebUIKeywordMain.groovy:20)
	at com.kms.katalon.core.webui.keyword.builtin.VerifyTextPresentKeyword.verifyTextPresent(VerifyTextPresentKeyword.groovy:83)
	at com.kms.katalon.core.webui.keyword.builtin.VerifyTextPresentKeyword.execute(VerifyTextPresentKeyword.groovy:68)
	at com.kms.katalon.core.keyword.internal.KeywordExecutor.executeKeywordForPlatform(KeywordExecutor.groovy:74)
	at com.kms.katalon.core.webui.keyword.WebUiBuiltInKeywords.verifyTextPresent(WebUiBuiltInKeywords.groovy:1762)
	at NoModifyAmountCC.run(NoModifyAmountCC:93)
	at com.kms.katalon.core.main.ScriptEngine.run(ScriptEngine.java:194)
	at com.kms.katalon.core.main.ScriptEngine.runScriptAsRawText(ScriptEngine.java:119)
	at com.kms.katalon.core.main.TestCaseExecutor.runScript(TestCaseExecutor.java:448)
	at com.kms.katalon.core.main.TestCaseExecutor.doExecute(TestCaseExecutor.java:439)
	at com.kms.katalon.core.main.TestCaseExecutor.processExecutionPhase(TestCaseExecutor.java:418)
	at com.kms.katalon.core.main.TestCaseExecutor.accessMainPhase(TestCaseExecutor.java:410)
	at com.kms.katalon.core.main.TestCaseExecutor.execute(TestCaseExecutor.java:285)
	at com.kms.katalon.core.common.CommonExecutor.accessTestCaseMainPhase(CommonExecutor.java:65)
	at com.kms.katalon.core.main.TestSuiteExecutor.accessTestSuiteMainPhase(TestSuiteExecutor.java:150)
	at com.kms.katalon.core.main.TestSuiteExecutor.execute(TestSuiteExecutor.java:106)
	at com.kms.katalon.core.main.TestCaseMain.startTestSuite(TestCaseMain.java:180)
	at TempTestSuite1729787045812.run(TempTestSuite1729787045812.groovy:35)
	at java.base/jdk.internal.reflect.NativeMethodAccessorImpl.invoke0(Native Method)
	at java.base/jdk.internal.reflect.NativeMethodAccessorImpl.invoke(NativeMethodAccessorImpl.java:77)
	at java.base/jdk.internal.reflect.DelegatingMethodAccessorImpl.invoke(DelegatingMethodAccessorImpl.java:43)
)
	at com.kms.katalon.core.keyword.internal.KeywordMain.stepFailed(KeywordMain.groovy:39)
	at com.kms.katalon.core.webui.keyword.internal.WebUIKeywordMain.stepFailed(WebUIKeywordMain.groovy:64)
	at com.kms.katalon.core.webui.keyword.builtin.VerifyTextPresentKeyword$_verifyTextPresent_closure1.doCall(VerifyTextPresentKeyword.groovy:79)
	at com.kms.katalon.core.webui.keyword.builtin.VerifyTextPresentKeyword$_verifyTextPresent_closure1.call(VerifyTextPresentKeyword.groovy)
	at com.kms.katalon.core.webui.keyword.internal.WebUIKeywordMain.runKeyword(WebUIKeywordMain.groovy:20)
	at com.kms.katalon.core.webui.keyword.builtin.VerifyTextPresentKeyword.verifyTextPresent(VerifyTextPresentKeyword.groovy:83)
	at com.kms.katalon.core.webui.keyword.builtin.VerifyTextPresentKeyword.execute(VerifyTextPresentKeyword.groovy:68)
	at com.kms.katalon.core.keyword.internal.KeywordExecutor.executeKeywordForPlatform(KeywordExecutor.groovy:74)
	at com.kms.katalon.core.webui.keyword.WebUiBuiltInKeywords.verifyTextPresent(WebUiBuiltInKeywords.groovy:1762)
	at NoModifyAmountCC.run(NoModifyAmountCC:93)
	at com.kms.katalon.core.main.ScriptEngine.run(ScriptEngine.java:194)
	at com.kms.katalon.core.main.ScriptEngine.runScriptAsRawText(ScriptEngine.java:119)
	at com.kms.katalon.core.main.TestCaseExecutor.runScript(TestCaseExecutor.java:448)
	at com.kms.katalon.core.main.TestCaseExecutor.doExecute(TestCaseExecutor.java:439)
	at com.kms.katalon.core.main.TestCaseExecutor.processExecutionPhase(TestCaseExecutor.java:418)
	at com.kms.katalon.core.main.TestCaseExecutor.accessMainPhase(TestCaseExecutor.java:410)
	at com.kms.katalon.core.main.TestCaseExecutor.execute(TestCaseExecutor.java:285)
	at com.kms.katalon.core.common.CommonExecutor.accessTestCaseMainPhase(CommonExecutor.java:65)
	at com.kms.katalon.core.main.TestSuiteExecutor.accessTestSuiteMainPhase(TestSuiteExecutor.java:150)
	at com.kms.katalon.core.main.TestSuiteExecutor.execute(TestSuiteExecutor.java:106)
	at com.kms.katalon.core.main.TestCaseMain.startTestSuite(TestCaseMain.java:180)
	at TempTestSuite1729787045812.run(TempTestSuite1729787045812.groovy:35)
	at java.base/jdk.internal.reflect.NativeMethodAccessorImpl.invoke0(Native Method)
	at java.base/jdk.internal.reflect.NativeMethodAccessorImpl.invoke(NativeMethodAccessorImpl.java:77)
	at java.base/jdk.internal.reflect.DelegatingMethodAccessorImpl.invoke(DelegatingMethodAccessorImpl.java:43)
Caused by: com.kms.katalon.core.exception.StepFailedException: Text 'Successful Payment Receipt' is not present on page 
	... 24 more]]></system-err>
   </testsuite>
</testsuites>
