<?xml version="1.0" encoding="UTF-8"?>
<testsuites name="QA_Smoke_Test" time="5715.697" tests="39" failures="10" errors="0">
   <testsuite name="QA_Smoke_Test" tests="39" failures="10" errors="0" time="5715.697" skipped="0" timestamp="2023-02-15 21:52:29" hostname="imtiaz - DESKTOP-B2QI6NS.govolution.com" id="Test Suites/QA/VLink/QA_Smoke_Test">
      <properties>
         <property name="deviceName" value=""/>
         <property name="devicePlatform" value=""/>
         <property name="logFolder" value="E:\\Cloned-Project-Katalon\\VPS-Katalon\\Reports\\20230215_215223\\QA\\VLink\\QA_Smoke_Test\\20230215_215223"/>
         <property name="logFiles" value="E:\\Cloned-Project-Katalon\\VPS-Katalon\\Reports\\20230215_215223\\QA\\VLink\\QA_Smoke_Test\\20230215_215223\\execution0.log, E:\\Cloned-Project-Katalon\\VPS-Katalon\\Reports\\20230215_215223\\QA\\VLink\\QA_Smoke_Test\\20230215_215223\\execution1.log"/>
         <property name="attachments" value=""/>
         <property name="hostName" value="imtiaz - DESKTOP-B2QI6NS.govolution.com"/>
         <property name="os" value="Windows 10 64bit"/>
         <property name="katalonVersion" value="8.2.5.208"/>
         <property name="browser" value="Chrome 110.0.0.0"/>
         <property name="hostAddress" value="172.31.253.135"/>
         <property name="sessionId" value="caf87734e75df21e7007249e787400c9"/>
         <property name="seleniumVersion" value="3.141.59"/>
         <property name="proxyInformation" value="ProxyInformation { proxyOption=NO_PROXY, proxyServerType=HTTP, username=, password=********, proxyServerAddress=, proxyServerPort=0, executionList=&quot;&quot;, isApplyToDesiredCapabilities=true }"/>
         <property name="platform" value="Windows 10"/>
      </properties>
      <testcase name="Test Cases/RecAndPlayBk/VLink/AuthOnly" time="93.653" classname="Test Cases/RecAndPlayBk/VLink/AuthOnly" status="FAILED">
         <failure type="FAILED" message="Test Cases/RecAndPlayBk/VLink/AuthOnly FAILED.
Reason:
com.kms.katalon.core.exception.StepFailedException: Text 'Transaction approved, no errors' is not present on page  using regular expression (Root cause: com.kms.katalon.core.exception.StepFailedException: Text 'Transaction approved, no errors' is not present on page  using regular expression
	at com.kms.katalon.core.webui.keyword.internal.WebUIKeywordMain.stepFailed(WebUIKeywordMain.groovy:64)
	at com.kms.katalon.core.webui.keyword.builtin.VerifyTextPresentKeyword$_verifyTextPresent_closure1.doCall(VerifyTextPresentKeyword.groovy:79)
	at com.kms.katalon.core.webui.keyword.builtin.VerifyTextPresentKeyword$_verifyTextPresent_closure1.call(VerifyTextPresentKeyword.groovy)
	at com.kms.katalon.core.webui.keyword.internal.WebUIKeywordMain.runKeyword(WebUIKeywordMain.groovy:20)
	at com.kms.katalon.core.webui.keyword.builtin.VerifyTextPresentKeyword.verifyTextPresent(VerifyTextPresentKeyword.groovy:83)
	at com.kms.katalon.core.webui.keyword.builtin.VerifyTextPresentKeyword.execute(VerifyTextPresentKeyword.groovy:68)
	at com.kms.katalon.core.keyword.internal.KeywordExecutor.executeKeywordForPlatform(KeywordExecutor.groovy:74)
	at com.kms.katalon.core.webui.keyword.WebUiBuiltInKeywords.verifyTextPresent(WebUiBuiltInKeywords.groovy:1723)
	at com.kms.katalon.core.webui.keyword.WebUiBuiltInKeywords$verifyTextPresent$4.call(Unknown Source)
	at AuthOnly.run(AuthOnly:157)
	at com.kms.katalon.core.main.ScriptEngine.run(ScriptEngine.java:194)
	at com.kms.katalon.core.main.ScriptEngine.runScriptAsRawText(ScriptEngine.java:119)
	at com.kms.katalon.core.main.TestCaseExecutor.runScript(TestCaseExecutor.java:442)
	at com.kms.katalon.core.main.TestCaseExecutor.doExecute(TestCaseExecutor.java:433)
	at com.kms.katalon.core.main.TestCaseExecutor.processExecutionPhase(TestCaseExecutor.java:412)
	at com.kms.katalon.core.main.TestCaseExecutor.accessMainPhase(TestCaseExecutor.java:404)
	at com.kms.katalon.core.main.TestCaseExecutor.execute(TestCaseExecutor.java:281)
	at com.kms.katalon.core.main.TestSuiteExecutor.accessTestCaseMainPhase(TestSuiteExecutor.java:202)
	at com.kms.katalon.core.main.TestSuiteExecutor.accessTestSuiteMainPhase(TestSuiteExecutor.java:164)
	at com.kms.katalon.core.main.TestSuiteExecutor.execute(TestSuiteExecutor.java:105)
	at com.kms.katalon.core.main.TestCaseMain.startTestSuite(TestCaseMain.java:185)
	at com.kms.katalon.core.main.TestCaseMain$startTestSuite$0.call(Unknown Source)
	at TempTestSuite1676515943031.run(TempTestSuite1676515943031.groovy:36)
)
	at com.kms.katalon.core.keyword.internal.KeywordMain.stepFailed(KeywordMain.groovy:39)
	at com.kms.katalon.core.webui.keyword.internal.WebUIKeywordMain.stepFailed(WebUIKeywordMain.groovy:64)
	at com.kms.katalon.core.webui.keyword.builtin.VerifyTextPresentKeyword$_verifyTextPresent_closure1.doCall(VerifyTextPresentKeyword.groovy:79)
	at com.kms.katalon.core.webui.keyword.builtin.VerifyTextPresentKeyword$_verifyTextPresent_closure1.call(VerifyTextPresentKeyword.groovy)
	at com.kms.katalon.core.webui.keyword.internal.WebUIKeywordMain.runKeyword(WebUIKeywordMain.groovy:20)
	at com.kms.katalon.core.webui.keyword.builtin.VerifyTextPresentKeyword.verifyTextPresent(VerifyTextPresentKeyword.groovy:83)
	at com.kms.katalon.core.webui.keyword.builtin.VerifyTextPresentKeyword.execute(VerifyTextPresentKeyword.groovy:68)
	at com.kms.katalon.core.keyword.internal.KeywordExecutor.executeKeywordForPlatform(KeywordExecutor.groovy:74)
	at com.kms.katalon.core.webui.keyword.WebUiBuiltInKeywords.verifyTextPresent(WebUiBuiltInKeywords.groovy:1723)
	at com.kms.katalon.core.webui.keyword.WebUiBuiltInKeywords$verifyTextPresent$4.call(Unknown Source)
	at AuthOnly.run(AuthOnly:157)
	at com.kms.katalon.core.main.ScriptEngine.run(ScriptEngine.java:194)
	at com.kms.katalon.core.main.ScriptEngine.runScriptAsRawText(ScriptEngine.java:119)
	at com.kms.katalon.core.main.TestCaseExecutor.runScript(TestCaseExecutor.java:442)
	at com.kms.katalon.core.main.TestCaseExecutor.doExecute(TestCaseExecutor.java:433)
	at com.kms.katalon.core.main.TestCaseExecutor.processExecutionPhase(TestCaseExecutor.java:412)
	at com.kms.katalon.core.main.TestCaseExecutor.accessMainPhase(TestCaseExecutor.java:404)
	at com.kms.katalon.core.main.TestCaseExecutor.execute(TestCaseExecutor.java:281)
	at com.kms.katalon.core.main.TestSuiteExecutor.accessTestCaseMainPhase(TestSuiteExecutor.java:202)
	at com.kms.katalon.core.main.TestSuiteExecutor.accessTestSuiteMainPhase(TestSuiteExecutor.java:164)
	at com.kms.katalon.core.main.TestSuiteExecutor.execute(TestSuiteExecutor.java:105)
	at com.kms.katalon.core.main.TestCaseMain.startTestSuite(TestCaseMain.java:185)
	at com.kms.katalon.core.main.TestCaseMain$startTestSuite$0.call(Unknown Source)
	at TempTestSuite1676515943031.run(TempTestSuite1676515943031.groovy:36)
Caused by: com.kms.katalon.core.exception.StepFailedException: Text 'Transaction approved, no errors' is not present on page  using regular expression
	... 23 more
"/>
         <system-out><![CDATA[2023-02-15 21:52:29 - [TEST_CASE][FAILED] - Test Cases/RecAndPlayBk/VLink/AuthOnly: Test Cases/RecAndPlayBk/VLink/AuthOnly FAILED.
Reason:
com.kms.katalon.core.exception.StepFailedException: Text 'Transaction approved, no errors' is not present on page  using regular expression (Root cause: com.kms.katalon.core.exception.StepFailedException: Text 'Transaction approved, no errors' is not present on page  using regular expression
	at com.kms.katalon.core.webui.keyword.internal.WebUIKeywordMain.stepFailed(WebUIKeywordMain.groovy:64)
	at com.kms.katalon.core.webui.keyword.builtin.VerifyTextPresentKeyword$_verifyTextPresent_closure1.doCall(VerifyTextPresentKeyword.groovy:79)
	at com.kms.katalon.core.webui.keyword.builtin.VerifyTextPresentKeyword$_verifyTextPresent_closure1.call(VerifyTextPresentKeyword.groovy)
	at com.kms.katalon.core.webui.keyword.internal.WebUIKeywordMain.runKeyword(WebUIKeywordMain.groovy:20)
	at com.kms.katalon.core.webui.keyword.builtin.VerifyTextPresentKeyword.verifyTextPresent(VerifyTextPresentKeyword.groovy:83)
	at com.kms.katalon.core.webui.keyword.builtin.VerifyTextPresentKeyword.execute(VerifyTextPresentKeyword.groovy:68)
	at com.kms.katalon.core.keyword.internal.KeywordExecutor.executeKeywordForPlatform(KeywordExecutor.groovy:74)
	at com.kms.katalon.core.webui.keyword.WebUiBuiltInKeywords.verifyTextPresent(WebUiBuiltInKeywords.groovy:1723)
	at com.kms.katalon.core.webui.keyword.WebUiBuiltInKeywords$verifyTextPresent$4.call(Unknown Source)
	at AuthOnly.run(AuthOnly:157)
	at com.kms.katalon.core.main.ScriptEngine.run(ScriptEngine.java:194)
	at com.kms.katalon.core.main.ScriptEngine.runScriptAsRawText(ScriptEngine.java:119)
	at com.kms.katalon.core.main.TestCaseExecutor.runScript(TestCaseExecutor.java:442)
	at com.kms.katalon.core.main.TestCaseExecutor.doExecute(TestCaseExecutor.java:433)
	at com.kms.katalon.core.main.TestCaseExecutor.processExecutionPhase(TestCaseExecutor.java:412)
	at com.kms.katalon.core.main.TestCaseExecutor.accessMainPhase(TestCaseExecutor.java:404)
	at com.kms.katalon.core.main.TestCaseExecutor.execute(TestCaseExecutor.java:281)
	at com.kms.katalon.core.main.TestSuiteExecutor.accessTestCaseMainPhase(TestSuiteExecutor.java:202)
	at com.kms.katalon.core.main.TestSuiteExecutor.accessTestSuiteMainPhase(TestSuiteExecutor.java:164)
	at com.kms.katalon.core.main.TestSuiteExecutor.execute(TestSuiteExecutor.java:105)
	at com.kms.katalon.core.main.TestCaseMain.startTestSuite(TestCaseMain.java:185)
	at com.kms.katalon.core.main.TestCaseMain$startTestSuite$0.call(Unknown Source)
	at TempTestSuite1676515943031.run(TempTestSuite1676515943031.groovy:36)
)
	at com.kms.katalon.core.keyword.internal.KeywordMain.stepFailed(KeywordMain.groovy:39)
	at com.kms.katalon.core.webui.keyword.internal.WebUIKeywordMain.stepFailed(WebUIKeywordMain.groovy:64)
	at com.kms.katalon.core.webui.keyword.builtin.VerifyTextPresentKeyword$_verifyTextPresent_closure1.doCall(VerifyTextPresentKeyword.groovy:79)
	at com.kms.katalon.core.webui.keyword.builtin.VerifyTextPresentKeyword$_verifyTextPresent_closure1.call(VerifyTextPresentKeyword.groovy)
	at com.kms.katalon.core.webui.keyword.internal.WebUIKeywordMain.runKeyword(WebUIKeywordMain.groovy:20)
	at com.kms.katalon.core.webui.keyword.builtin.VerifyTextPresentKeyword.verifyTextPresent(VerifyTextPresentKeyword.groovy:83)
	at com.kms.katalon.core.webui.keyword.builtin.VerifyTextPresentKeyword.execute(VerifyTextPresentKeyword.groovy:68)
	at com.kms.katalon.core.keyword.internal.KeywordExecutor.executeKeywordForPlatform(KeywordExecutor.groovy:74)
	at com.kms.katalon.core.webui.keyword.WebUiBuiltInKeywords.verifyTextPresent(WebUiBuiltInKeywords.groovy:1723)
	at com.kms.katalon.core.webui.keyword.WebUiBuiltInKeywords$verifyTextPresent$4.call(Unknown Source)
	at AuthOnly.run(AuthOnly:157)
	at com.kms.katalon.core.main.ScriptEngine.run(ScriptEngine.java:194)
	at com.kms.katalon.core.main.ScriptEngine.runScriptAsRawText(ScriptEngine.java:119)
	at com.kms.katalon.core.main.TestCaseExecutor.runScript(TestCaseExecutor.java:442)
	at com.kms.katalon.core.main.TestCaseExecutor.doExecute(TestCaseExecutor.java:433)
	at com.kms.katalon.core.main.TestCaseExecutor.processExecutionPhase(TestCaseExecutor.java:412)
	at com.kms.katalon.core.main.TestCaseExecutor.accessMainPhase(TestCaseExecutor.java:404)
	at com.kms.katalon.core.main.TestCaseExecutor.execute(TestCaseExecutor.java:281)
	at com.kms.katalon.core.main.TestSuiteExecutor.accessTestCaseMainPhase(TestSuiteExecutor.java:202)
	at com.kms.katalon.core.main.TestSuiteExecutor.accessTestSuiteMainPhase(TestSuiteExecutor.java:164)
	at com.kms.katalon.core.main.TestSuiteExecutor.execute(TestSuiteExecutor.java:105)
	at com.kms.katalon.core.main.TestCaseMain.startTestSuite(TestCaseMain.java:185)
	at com.kms.katalon.core.main.TestCaseMain$startTestSuite$0.call(Unknown Source)
	at TempTestSuite1676515943031.run(TempTestSuite1676515943031.groovy:36)
Caused by: com.kms.katalon.core.exception.StepFailedException: Text 'Transaction approved, no errors' is not present on page  using regular expression
	... 23 more


2023-02-15 21:52:30 - [TEST_STEP][PASSED] - executionProfile = getExecutionProfile(): null

2023-02-15 21:52:30 - [TEST_STEP][PASSED] - out.println("executionProfile : " + executionProfile): null

2023-02-15 21:52:30 - [TEST_STEP][PASSED] - appName = <not implemented yet for class: org.codehaus.groovy.ast.expr.EmptyExpression>: null

2023-02-15 21:52:30 - [TEST_STEP][PASSED] - appID = <not implemented yet for class: org.codehaus.groovy.ast.expr.EmptyExpression>: null

2023-02-15 21:52:30 - [TEST_STEP][PASSED] - username = <not implemented yet for class: org.codehaus.groovy.ast.expr.EmptyExpression>: null

2023-02-15 21:52:30 - [TEST_STEP][PASSED] - password = <not implemented yet for class: org.codehaus.groovy.ast.expr.EmptyExpression>: null

2023-02-15 21:52:30 - [TEST_STEP][PASSED] - cardNameV = <not implemented yet for class: org.codehaus.groovy.ast.expr.EmptyExpression>: null

2023-02-15 21:52:30 - [TEST_STEP][PASSED] - al1V = <not implemented yet for class: org.codehaus.groovy.ast.expr.EmptyExpression>: null

2023-02-15 21:52:30 - [TEST_STEP][PASSED] - al2V = <not implemented yet for class: org.codehaus.groovy.ast.expr.EmptyExpression>: null

2023-02-15 21:52:30 - [TEST_STEP][PASSED] - zipV = <not implemented yet for class: org.codehaus.groovy.ast.expr.EmptyExpression>: null

2023-02-15 21:52:30 - [TEST_STEP][PASSED] - cardTypeV = <not implemented yet for class: org.codehaus.groovy.ast.expr.EmptyExpression>: null

2023-02-15 21:52:30 - [TEST_STEP][PASSED] - last4V = <not implemented yet for class: org.codehaus.groovy.ast.expr.EmptyExpression>: null

2023-02-15 21:52:30 - [TEST_STEP][PASSED] - resText = "Fail": null

2023-02-15 21:52:30 - [TEST_STEP][PASSED] - resColumn = "Result": null

2023-02-15 21:52:30 - [TEST_STEP][PASSED] - datCloumn = "Date": null

2023-02-15 21:52:30 - [TEST_STEP][PASSED] - fileLoc = "KatalonData/VLinkSmokeData.xlsx": null

2023-02-15 21:52:30 - [TEST_STEP][PASSED] - numOfRows = <not implemented yet for class: org.codehaus.groovy.ast.expr.EmptyExpression>: null

2023-02-15 21:52:30 - [TEST_STEP][PASSED] - dataFile = <not implemented yet for class: org.codehaus.groovy.ast.expr.EmptyExpression>: null

2023-02-15 21:52:30 - [TEST_STEP][PASSED] - nameSheet = <not implemented yet for class: org.codehaus.groovy.ast.expr.EmptyExpression>: null

2023-02-15 21:52:30 - [TEST_STEP][PASSED] - nameSheet = "Auth": null

2023-02-15 21:52:30 - [TEST_STEP][PASSED] - numOfRows = findTestData("QA/VLinkTestData/VLinkSmokeData").getRowNumbers(): null

2023-02-15 21:52:31 - [TEST_STEP][PASSED] - println("Number of Records: " + numOfRows): null

2023-02-15 21:52:31 - [TEST_STEP][PASSED] - dataFile = "QA/VLinkTestData/VLinkSmokeData": null

2023-02-15 21:52:31 - [TEST_STEP][FAILED] - for ([row = 1, row <= numOfRows, (row++)]): null

2023-02-15 21:52:31 - [TEST_STEP][PASSED] - ExecuteTC = findTestData(dataFile).getValue("Execute", row): null

2023-02-15 21:52:31 - [TEST_STEP][PASSED] - out.println("Value of Execute is : " + ExecuteTC): null

2023-02-15 21:52:31 - [TEST_STEP][PASSED] - switch (executionProfile): null

2023-02-15 21:52:31 - [TEST_STEP][PASSED] - case "QAProfile":: null

2023-02-15 21:52:31 - [TEST_STEP][PASSED] - appID = findTestData(dataFile).getValue("AppIDQA", row): null

2023-02-15 21:52:32 - [TEST_STEP][PASSED] - username = findTestData(dataFile).getValue("UsernameQA", row): null

2023-02-15 21:52:32 - [TEST_STEP][PASSED] - password = findTestData(dataFile).getValue("PasswordQA", row): null

2023-02-15 21:52:32 - [TEST_STEP][PASSED] - break: null

2023-02-15 21:52:32 - [TEST_STEP][PASSED] - if (ExecuteTC.equalsIgnoreCase("Y")): null

2023-02-15 21:52:32 - [TEST_STEP][PASSED] - out.println("Begin Record Number: " + row): null

2023-02-15 21:52:32 - [TEST_STEP][PASSED] - today = new java.util.Date(): null

2023-02-15 21:52:32 - [TEST_STEP][PASSED] - println(today): null

2023-02-15 21:52:32 - [TEST_STEP][PASSED] - datText = today: null

2023-02-15 21:52:32 - [TEST_STEP][PASSED] - category = findTestData(dataFile).getValue("Category", row): null

2023-02-15 21:52:32 - [TEST_STEP][PASSED] - amount = findTestData(dataFile).getValue("Amount", row): null

2023-02-15 21:52:32 - [TEST_STEP][PASSED] - cardNumber = findTestData(dataFile).getValue("CardNumber", row): null

2023-02-15 21:52:33 - [TEST_STEP][PASSED] - exM = findTestData(dataFile).getValue("ExM", row): null

2023-02-15 21:52:33 - [TEST_STEP][PASSED] - exY = findTestData(dataFile).getValue("ExY", row): null

2023-02-15 21:52:33 - [TEST_STEP][PASSED] - openBrowser(VLinkURL + "auth.html"): Browser is opened with url: 'https://dev-algorithm.govolution.com/vlinktest/QA/version_2_0/auth.html'

2023-02-15 21:52:34 - [MESSAGE][INFO] - Starting 'Chrome' driver

2023-02-15 21:52:34 - [MESSAGE][INFO] - User set preference: ['acceptInsecureCerts', 'true']

2023-02-15 21:52:34 - [MESSAGE][INFO] - Action delay is set to 0 milliseconds

2023-02-15 21:52:37 - [MESSAGE][PASSED] - Browser is opened with url: 'https://dev-algorithm.govolution.com/vlinktest/QA/version_2_0/auth.html'

2023-02-15 21:52:37 - [TEST_STEP][PASSED] - maximizeWindow(): Current window maximized

2023-02-15 21:52:37 - [MESSAGE][PASSED] - Current window maximized

2023-02-15 21:52:37 - [TEST_STEP][PASSED] - maximizeWindow(): Current window maximized

2023-02-15 21:52:37 - [MESSAGE][PASSED] - Current window maximized

2023-02-15 21:52:37 - [TEST_STEP][PASSED] - genRemID = RandomStringUtils.random(12, true, true): null

2023-02-15 21:52:37 - [TEST_STEP][PASSED] - setText(findTestObject("Object Repository/VLink/Page_CCSale/txt_RemID"), genRemID): Text 'OMIP6K0ec5et' is set on object 'Object Repository/VLink/Page_CCSale/txt_RemID'

2023-02-15 21:52:38 - [MESSAGE][PASSED] - Text 'OMIP6K0ec5et' is set on object 'Object Repository/VLink/Page_CCSale/txt_RemID'

2023-02-15 21:52:38 - [TEST_STEP][PASSED] - setText(findTestObject("Object Repository/RecAndPlayBk/Page-Vlink-AuthOnly/input_Remittance Id_remittance_id"), genRemID): Text 'OMIP6K0ec5et' is set on object 'Object Repository/RecAndPlayBk/Page-Vlink-AuthOnly/input_Remittance Id_remittance_id'

2023-02-15 21:52:39 - [MESSAGE][PASSED] - Text 'OMIP6K0ec5et' is set on object 'Object Repository/RecAndPlayBk/Page-Vlink-AuthOnly/input_Remittance Id_remittance_id'

2023-02-15 21:52:39 - [TEST_STEP][PASSED] - setText(findTestObject("Object Repository/RecAndPlayBk/Page-Vlink-AuthOnly/input_Application Id_application_id"), appID): Text '234' is set on object 'Object Repository/RecAndPlayBk/Page-Vlink-AuthOnly/input_Application Id_application_id'

2023-02-15 21:52:39 - [MESSAGE][PASSED] - Text '234' is set on object 'Object Repository/RecAndPlayBk/Page-Vlink-AuthOnly/input_Application Id_application_id'

2023-02-15 21:52:39 - [TEST_STEP][PASSED] - setText(findTestObject("Object Repository/RecAndPlayBk/Page-Vlink-AuthOnly/input_Username_username"), username): Text 'username' is set on object 'Object Repository/RecAndPlayBk/Page-Vlink-AuthOnly/input_Username_username'

2023-02-15 21:52:40 - [MESSAGE][PASSED] - Text 'username' is set on object 'Object Repository/RecAndPlayBk/Page-Vlink-AuthOnly/input_Username_username'

2023-02-15 21:52:40 - [TEST_STEP][PASSED] - setText(findTestObject("Object Repository/RecAndPlayBk/Page-Vlink-AuthOnly/input_Password_password"), password): Text 'password' is set on object 'Object Repository/RecAndPlayBk/Page-Vlink-AuthOnly/input_Password_password'

2023-02-15 21:52:41 - [MESSAGE][PASSED] - Text 'password' is set on object 'Object Repository/RecAndPlayBk/Page-Vlink-AuthOnly/input_Password_password'

2023-02-15 21:52:41 - [TEST_STEP][PASSED] - setText(findTestObject("Object Repository/RecAndPlayBk/Page-Vlink-AuthOnly/input_Category_category"), category): Text 'ECOM' is set on object 'Object Repository/RecAndPlayBk/Page-Vlink-AuthOnly/input_Category_category'

2023-02-15 21:52:41 - [MESSAGE][PASSED] - Text 'ECOM' is set on object 'Object Repository/RecAndPlayBk/Page-Vlink-AuthOnly/input_Category_category'

2023-02-15 21:52:41 - [TEST_STEP][PASSED] - setText(findTestObject("Object Repository/RecAndPlayBk/Page-Vlink-AuthOnly/input_Amount_amount"), amount): Text '10.5' is set on object 'Object Repository/RecAndPlayBk/Page-Vlink-AuthOnly/input_Amount_amount'

2023-02-15 21:52:42 - [MESSAGE][PASSED] - Text '10.5' is set on object 'Object Repository/RecAndPlayBk/Page-Vlink-AuthOnly/input_Amount_amount'

2023-02-15 21:52:42 - [TEST_STEP][PASSED] - doubleClick(findTestObject("Object Repository/RecAndPlayBk/Page-Vlink-AuthOnly/input_Card number_card_number")): Object: 'Object Repository/RecAndPlayBk/Page-Vlink-AuthOnly/input_Card number_card_number' is double clicked on

2023-02-15 21:52:42 - [MESSAGE][PASSED] - Object: 'Object Repository/RecAndPlayBk/Page-Vlink-AuthOnly/input_Card number_card_number' is double clicked on

2023-02-15 21:52:42 - [TEST_STEP][PASSED] - setText(findTestObject("Object Repository/RecAndPlayBk/Page-Vlink-AuthOnly/input_Card number_card_number"), cardNumber): Text '4111111111111111' is set on object 'Object Repository/RecAndPlayBk/Page-Vlink-AuthOnly/input_Card number_card_number'

2023-02-15 21:52:43 - [MESSAGE][PASSED] - Text '4111111111111111' is set on object 'Object Repository/RecAndPlayBk/Page-Vlink-AuthOnly/input_Card number_card_number'

2023-02-15 21:52:43 - [TEST_STEP][PASSED] - setText(findTestObject("Object Repository/RecAndPlayBk/Page-Vlink-AuthOnly/input_Card ex month_card_exmo"), exM): Text '12' is set on object 'Object Repository/RecAndPlayBk/Page-Vlink-AuthOnly/input_Card ex month_card_exmo'

2023-02-15 21:52:44 - [MESSAGE][PASSED] - Text '12' is set on object 'Object Repository/RecAndPlayBk/Page-Vlink-AuthOnly/input_Card ex month_card_exmo'

2023-02-15 21:52:44 - [TEST_STEP][PASSED] - setText(findTestObject("Object Repository/RecAndPlayBk/Page-Vlink-AuthOnly/input_Card ex year_card_exyr"), exY): Text '2029' is set on object 'Object Repository/RecAndPlayBk/Page-Vlink-AuthOnly/input_Card ex year_card_exyr'

2023-02-15 21:52:44 - [MESSAGE][PASSED] - Text '2029' is set on object 'Object Repository/RecAndPlayBk/Page-Vlink-AuthOnly/input_Card ex year_card_exyr'

2023-02-15 21:52:44 - [TEST_STEP][PASSED] - click(findTestObject("Object Repository/RecAndPlayBk/Page-Vlink-AuthOnly/input_Track Data_track_data")): Object: 'Object Repository/RecAndPlayBk/Page-Vlink-AuthOnly/input_Track Data_track_data' is clicked on

2023-02-15 21:52:45 - [MESSAGE][PASSED] - Object: 'Object Repository/RecAndPlayBk/Page-Vlink-AuthOnly/input_Track Data_track_data' is clicked on

2023-02-15 21:52:45 - [TEST_STEP][PASSED] - click(findTestObject("Object Repository/RecAndPlayBk/Page-Vlink-AuthOnly/input_CVV state_cvv_state")): Object: 'Object Repository/RecAndPlayBk/Page-Vlink-AuthOnly/input_CVV state_cvv_state' is clicked on

2023-02-15 21:52:45 - [MESSAGE][PASSED] - Object: 'Object Repository/RecAndPlayBk/Page-Vlink-AuthOnly/input_CVV state_cvv_state' is clicked on

2023-02-15 21:52:45 - [TEST_STEP][PASSED] - setText(findTestObject("Object Repository/RecAndPlayBk/Page-Vlink-AuthOnly/input_Track Data_track_data"), ""): Text '' is set on object 'Object Repository/RecAndPlayBk/Page-Vlink-AuthOnly/input_Track Data_track_data'

2023-02-15 21:52:46 - [MESSAGE][PASSED] - Text '' is set on object 'Object Repository/RecAndPlayBk/Page-Vlink-AuthOnly/input_Track Data_track_data'

2023-02-15 21:52:46 - [TEST_STEP][PASSED] - setText(findTestObject("Object Repository/RecAndPlayBk/Page-Vlink-AuthOnly/input_concat(Cardholder, , s email)_email"), ""): Text '' is set on object 'Object Repository/RecAndPlayBk/Page-Vlink-AuthOnly/input_concat(Cardholder, , s email)_email'

2023-02-15 21:52:46 - [MESSAGE][PASSED] - Text '' is set on object 'Object Repository/RecAndPlayBk/Page-Vlink-AuthOnly/input_concat(Cardholder, , s email)_email'

2023-02-15 21:52:46 - [TEST_STEP][PASSED] - click(findTestObject("Object Repository/RecAndPlayBk/Page-Vlink-AuthOnly/input_user_defined10_user_defined10")): Object: 'Object Repository/RecAndPlayBk/Page-Vlink-AuthOnly/input_user_defined10_user_defined10' is clicked on

2023-02-15 21:52:47 - [MESSAGE][PASSED] - Object: 'Object Repository/RecAndPlayBk/Page-Vlink-AuthOnly/input_user_defined10_user_defined10' is clicked on

2023-02-15 21:52:47 - [TEST_STEP][PASSED] - if (executionProfile.equalsIgnoreCase("QAProfile")): Text '' is set on object 'Object Repository/RecAndPlayBk/Page-Vlink-AuthOnly/input_COF Transaction Initiated by_cof_tran_6cded5'

2023-02-15 21:52:47 - [TEST_STEP][PASSED] - setText(findTestObject("Object Repository/RecAndPlayBk/Page-Vlink-AuthOnly/input_Card on File Indicator_card_on_file_i_157dae"), ""): Text '' is set on object 'Object Repository/RecAndPlayBk/Page-Vlink-AuthOnly/input_Card on File Indicator_card_on_file_i_157dae'

2023-02-15 21:52:47 - [MESSAGE][PASSED] - Text '' is set on object 'Object Repository/RecAndPlayBk/Page-Vlink-AuthOnly/input_Card on File Indicator_card_on_file_i_157dae'

2023-02-15 21:52:47 - [TEST_STEP][PASSED] - setText(findTestObject("Object Repository/RecAndPlayBk/Page-Vlink-AuthOnly/input_Stored Credential Indicator_stored_cr_4ae73c"), ""): Text '' is set on object 'Object Repository/RecAndPlayBk/Page-Vlink-AuthOnly/input_Stored Credential Indicator_stored_cr_4ae73c'

2023-02-15 21:52:48 - [MESSAGE][PASSED] - Text '' is set on object 'Object Repository/RecAndPlayBk/Page-Vlink-AuthOnly/input_Stored Credential Indicator_stored_cr_4ae73c'

2023-02-15 21:52:48 - [TEST_STEP][PASSED] - setText(findTestObject("Object Repository/RecAndPlayBk/Page-Vlink-AuthOnly/input_COF Scheduled indicator_cof_scheduled_8df7d8"), ""): Text '' is set on object 'Object Repository/RecAndPlayBk/Page-Vlink-AuthOnly/input_COF Scheduled indicator_cof_scheduled_8df7d8'

2023-02-15 21:52:49 - [MESSAGE][PASSED] - Text '' is set on object 'Object Repository/RecAndPlayBk/Page-Vlink-AuthOnly/input_COF Scheduled indicator_cof_scheduled_8df7d8'

2023-02-15 21:52:49 - [TEST_STEP][PASSED] - setText(findTestObject("Object Repository/RecAndPlayBk/Page-Vlink-AuthOnly/input_COF Transaction Initiated by_cof_tran_6cded5"), ""): Text '' is set on object 'Object Repository/RecAndPlayBk/Page-Vlink-AuthOnly/input_COF Transaction Initiated by_cof_tran_6cded5'

2023-02-15 21:52:50 - [MESSAGE][PASSED] - Text '' is set on object 'Object Repository/RecAndPlayBk/Page-Vlink-AuthOnly/input_COF Transaction Initiated by_cof_tran_6cded5'

2023-02-15 21:52:50 - [TEST_STEP][PASSED] - click(findTestObject("Object Repository/RecAndPlayBk/Page-Vlink-AuthOnly/input")): Object: 'Object Repository/RecAndPlayBk/Page-Vlink-AuthOnly/input' is clicked on

2023-02-15 21:52:51 - [MESSAGE][PASSED] - Object: 'Object Repository/RecAndPlayBk/Page-Vlink-AuthOnly/input' is clicked on

2023-02-15 21:52:51 - [TEST_STEP][PASSED] - if (verifyTextPresent("Transaction approved, no errors", true)): null

2023-02-15 21:52:51 - [MESSAGE][PASSED] - Text 'Transaction approved, no errors' is present on page  using regular expression

2023-02-15 21:52:51 - [TEST_STEP][PASSED] - println("Transaction Approved, no errors text is present on the Confirmation page"): null

2023-02-15 21:52:51 - [TEST_STEP][PASSED] - out.println("Pass Record Number: " + row): null

2023-02-15 21:52:51 - [TEST_STEP][PASSED] - resText = "Pass": null

2023-02-15 21:52:51 - [TEST_STEP][PASSED] - pages.WriteExcel.demoKey(resText, datText, resColumn, datCloumn, fileLoc, nameSheet, row): pages.WriteExcel.demoKey is PASSED

2023-02-15 21:52:52 - [MESSAGE][PASSED] - pages.WriteExcel.demoKey is PASSED

2023-02-15 21:52:52 - [TEST_STEP][PASSED] - ExecuteTC = findTestData(dataFile).getValue("Execute", row): null

2023-02-15 21:52:52 - [TEST_STEP][PASSED] - out.println("Value of Execute is : " + ExecuteTC): null

2023-02-15 21:52:52 - [TEST_STEP][PASSED] - switch (executionProfile): null

2023-02-15 21:52:52 - [TEST_STEP][PASSED] - case "QAProfile":: null

2023-02-15 21:52:52 - [TEST_STEP][PASSED] - appID = findTestData(dataFile).getValue("AppIDQA", row): null

2023-02-15 21:52:52 - [TEST_STEP][PASSED] - username = findTestData(dataFile).getValue("UsernameQA", row): null

2023-02-15 21:52:52 - [TEST_STEP][PASSED] - password = findTestData(dataFile).getValue("PasswordQA", row): null

2023-02-15 21:52:52 - [TEST_STEP][PASSED] - break: null

2023-02-15 21:52:52 - [TEST_STEP][PASSED] - if (ExecuteTC.equalsIgnoreCase("Y")): null

2023-02-15 21:52:52 - [TEST_STEP][PASSED] - out.println("Begin Record Number: " + row): null

2023-02-15 21:52:52 - [TEST_STEP][PASSED] - today = new java.util.Date(): null

2023-02-15 21:52:52 - [TEST_STEP][PASSED] - println(today): null

2023-02-15 21:52:52 - [TEST_STEP][PASSED] - datText = today: null

2023-02-15 21:52:52 - [TEST_STEP][PASSED] - category = findTestData(dataFile).getValue("Category", row): null

2023-02-15 21:52:52 - [TEST_STEP][PASSED] - amount = findTestData(dataFile).getValue("Amount", row): null

2023-02-15 21:52:53 - [TEST_STEP][PASSED] - cardNumber = findTestData(dataFile).getValue("CardNumber", row): null

2023-02-15 21:52:53 - [TEST_STEP][PASSED] - exM = findTestData(dataFile).getValue("ExM", row): null

2023-02-15 21:52:53 - [TEST_STEP][PASSED] - exY = findTestData(dataFile).getValue("ExY", row): null

2023-02-15 21:52:53 - [TEST_STEP][PASSED] - openBrowser(VLinkURL + "auth.html"): Browser is opened with url: 'https://dev-algorithm.govolution.com/vlinktest/QA/version_2_0/auth.html'

2023-02-15 21:52:53 - [MESSAGE][WARNING] - A browser is already opened. Closing browser and opening a new one

2023-02-15 21:52:54 - [MESSAGE][INFO] - Starting 'Chrome' driver

2023-02-15 21:52:54 - [MESSAGE][INFO] - User set preference: ['acceptInsecureCerts', 'true']

2023-02-15 21:52:54 - [MESSAGE][INFO] - Action delay is set to 0 milliseconds

2023-02-15 21:52:56 - [MESSAGE][PASSED] - Browser is opened with url: 'https://dev-algorithm.govolution.com/vlinktest/QA/version_2_0/auth.html'

2023-02-15 21:52:56 - [TEST_STEP][PASSED] - maximizeWindow(): Current window maximized

2023-02-15 21:52:56 - [MESSAGE][PASSED] - Current window maximized

2023-02-15 21:52:56 - [TEST_STEP][PASSED] - maximizeWindow(): Current window maximized

2023-02-15 21:52:56 - [MESSAGE][PASSED] - Current window maximized

2023-02-15 21:52:56 - [TEST_STEP][PASSED] - genRemID = RandomStringUtils.random(12, true, true): null

2023-02-15 21:52:56 - [TEST_STEP][PASSED] - setText(findTestObject("Object Repository/VLink/Page_CCSale/txt_RemID"), genRemID): Text 'rcwtlad9qcPS' is set on object 'Object Repository/VLink/Page_CCSale/txt_RemID'

2023-02-15 21:52:57 - [MESSAGE][PASSED] - Text 'rcwtlad9qcPS' is set on object 'Object Repository/VLink/Page_CCSale/txt_RemID'

2023-02-15 21:52:57 - [TEST_STEP][PASSED] - setText(findTestObject("Object Repository/RecAndPlayBk/Page-Vlink-AuthOnly/input_Remittance Id_remittance_id"), genRemID): Text 'rcwtlad9qcPS' is set on object 'Object Repository/RecAndPlayBk/Page-Vlink-AuthOnly/input_Remittance Id_remittance_id'

2023-02-15 21:52:57 - [MESSAGE][PASSED] - Text 'rcwtlad9qcPS' is set on object 'Object Repository/RecAndPlayBk/Page-Vlink-AuthOnly/input_Remittance Id_remittance_id'

2023-02-15 21:52:57 - [TEST_STEP][PASSED] - setText(findTestObject("Object Repository/RecAndPlayBk/Page-Vlink-AuthOnly/input_Application Id_application_id"), appID): Text '234' is set on object 'Object Repository/RecAndPlayBk/Page-Vlink-AuthOnly/input_Application Id_application_id'

2023-02-15 21:52:58 - [MESSAGE][PASSED] - Text '234' is set on object 'Object Repository/RecAndPlayBk/Page-Vlink-AuthOnly/input_Application Id_application_id'

2023-02-15 21:52:58 - [TEST_STEP][PASSED] - setText(findTestObject("Object Repository/RecAndPlayBk/Page-Vlink-AuthOnly/input_Username_username"), username): Text 'username' is set on object 'Object Repository/RecAndPlayBk/Page-Vlink-AuthOnly/input_Username_username'

2023-02-15 21:52:59 - [MESSAGE][PASSED] - Text 'username' is set on object 'Object Repository/RecAndPlayBk/Page-Vlink-AuthOnly/input_Username_username'

2023-02-15 21:52:59 - [TEST_STEP][PASSED] - setText(findTestObject("Object Repository/RecAndPlayBk/Page-Vlink-AuthOnly/input_Password_password"), password): Text 'password' is set on object 'Object Repository/RecAndPlayBk/Page-Vlink-AuthOnly/input_Password_password'

2023-02-15 21:52:59 - [MESSAGE][PASSED] - Text 'password' is set on object 'Object Repository/RecAndPlayBk/Page-Vlink-AuthOnly/input_Password_password'

2023-02-15 21:52:59 - [TEST_STEP][PASSED] - setText(findTestObject("Object Repository/RecAndPlayBk/Page-Vlink-AuthOnly/input_Category_category"), category): Text 'MOTO' is set on object 'Object Repository/RecAndPlayBk/Page-Vlink-AuthOnly/input_Category_category'

2023-02-15 21:53:00 - [MESSAGE][PASSED] - Text 'MOTO' is set on object 'Object Repository/RecAndPlayBk/Page-Vlink-AuthOnly/input_Category_category'

2023-02-15 21:53:00 - [TEST_STEP][PASSED] - setText(findTestObject("Object Repository/RecAndPlayBk/Page-Vlink-AuthOnly/input_Amount_amount"), amount): Text '10.5' is set on object 'Object Repository/RecAndPlayBk/Page-Vlink-AuthOnly/input_Amount_amount'

2023-02-15 21:53:01 - [MESSAGE][PASSED] - Text '10.5' is set on object 'Object Repository/RecAndPlayBk/Page-Vlink-AuthOnly/input_Amount_amount'

2023-02-15 21:53:01 - [TEST_STEP][PASSED] - doubleClick(findTestObject("Object Repository/RecAndPlayBk/Page-Vlink-AuthOnly/input_Card number_card_number")): Object: 'Object Repository/RecAndPlayBk/Page-Vlink-AuthOnly/input_Card number_card_number' is double clicked on

2023-02-15 21:53:01 - [MESSAGE][PASSED] - Object: 'Object Repository/RecAndPlayBk/Page-Vlink-AuthOnly/input_Card number_card_number' is double clicked on

2023-02-15 21:53:01 - [TEST_STEP][PASSED] - setText(findTestObject("Object Repository/RecAndPlayBk/Page-Vlink-AuthOnly/input_Card number_card_number"), cardNumber): Text '5424000000000015' is set on object 'Object Repository/RecAndPlayBk/Page-Vlink-AuthOnly/input_Card number_card_number'

2023-02-15 21:53:02 - [MESSAGE][PASSED] - Text '5424000000000015' is set on object 'Object Repository/RecAndPlayBk/Page-Vlink-AuthOnly/input_Card number_card_number'

2023-02-15 21:53:02 - [TEST_STEP][PASSED] - setText(findTestObject("Object Repository/RecAndPlayBk/Page-Vlink-AuthOnly/input_Card ex month_card_exmo"), exM): Text '12' is set on object 'Object Repository/RecAndPlayBk/Page-Vlink-AuthOnly/input_Card ex month_card_exmo'

2023-02-15 21:53:02 - [MESSAGE][PASSED] - Text '12' is set on object 'Object Repository/RecAndPlayBk/Page-Vlink-AuthOnly/input_Card ex month_card_exmo'

2023-02-15 21:53:02 - [TEST_STEP][PASSED] - setText(findTestObject("Object Repository/RecAndPlayBk/Page-Vlink-AuthOnly/input_Card ex year_card_exyr"), exY): Text '2029' is set on object 'Object Repository/RecAndPlayBk/Page-Vlink-AuthOnly/input_Card ex year_card_exyr'

2023-02-15 21:53:03 - [MESSAGE][PASSED] - Text '2029' is set on object 'Object Repository/RecAndPlayBk/Page-Vlink-AuthOnly/input_Card ex year_card_exyr'

2023-02-15 21:53:03 - [TEST_STEP][PASSED] - click(findTestObject("Object Repository/RecAndPlayBk/Page-Vlink-AuthOnly/input_Track Data_track_data")): Object: 'Object Repository/RecAndPlayBk/Page-Vlink-AuthOnly/input_Track Data_track_data' is clicked on

2023-02-15 21:53:03 - [MESSAGE][PASSED] - Object: 'Object Repository/RecAndPlayBk/Page-Vlink-AuthOnly/input_Track Data_track_data' is clicked on

2023-02-15 21:53:03 - [TEST_STEP][PASSED] - click(findTestObject("Object Repository/RecAndPlayBk/Page-Vlink-AuthOnly/input_CVV state_cvv_state")): Object: 'Object Repository/RecAndPlayBk/Page-Vlink-AuthOnly/input_CVV state_cvv_state' is clicked on

2023-02-15 21:53:04 - [MESSAGE][PASSED] - Object: 'Object Repository/RecAndPlayBk/Page-Vlink-AuthOnly/input_CVV state_cvv_state' is clicked on

2023-02-15 21:53:04 - [TEST_STEP][PASSED] - setText(findTestObject("Object Repository/RecAndPlayBk/Page-Vlink-AuthOnly/input_Track Data_track_data"), ""): Text '' is set on object 'Object Repository/RecAndPlayBk/Page-Vlink-AuthOnly/input_Track Data_track_data'

2023-02-15 21:53:04 - [MESSAGE][PASSED] - Text '' is set on object 'Object Repository/RecAndPlayBk/Page-Vlink-AuthOnly/input_Track Data_track_data'

2023-02-15 21:53:04 - [TEST_STEP][PASSED] - setText(findTestObject("Object Repository/RecAndPlayBk/Page-Vlink-AuthOnly/input_concat(Cardholder, , s email)_email"), ""): Text '' is set on object 'Object Repository/RecAndPlayBk/Page-Vlink-AuthOnly/input_concat(Cardholder, , s email)_email'

2023-02-15 21:53:05 - [MESSAGE][PASSED] - Text '' is set on object 'Object Repository/RecAndPlayBk/Page-Vlink-AuthOnly/input_concat(Cardholder, , s email)_email'

2023-02-15 21:53:05 - [TEST_STEP][PASSED] - click(findTestObject("Object Repository/RecAndPlayBk/Page-Vlink-AuthOnly/input_user_defined10_user_defined10")): Object: 'Object Repository/RecAndPlayBk/Page-Vlink-AuthOnly/input_user_defined10_user_defined10' is clicked on

2023-02-15 21:53:05 - [MESSAGE][PASSED] - Object: 'Object Repository/RecAndPlayBk/Page-Vlink-AuthOnly/input_user_defined10_user_defined10' is clicked on

2023-02-15 21:53:05 - [TEST_STEP][PASSED] - if (executionProfile.equalsIgnoreCase("QAProfile")): Text '' is set on object 'Object Repository/RecAndPlayBk/Page-Vlink-AuthOnly/input_COF Transaction Initiated by_cof_tran_6cded5'

2023-02-15 21:53:05 - [TEST_STEP][PASSED] - setText(findTestObject("Object Repository/RecAndPlayBk/Page-Vlink-AuthOnly/input_Card on File Indicator_card_on_file_i_157dae"), ""): Text '' is set on object 'Object Repository/RecAndPlayBk/Page-Vlink-AuthOnly/input_Card on File Indicator_card_on_file_i_157dae'

2023-02-15 21:53:06 - [MESSAGE][PASSED] - Text '' is set on object 'Object Repository/RecAndPlayBk/Page-Vlink-AuthOnly/input_Card on File Indicator_card_on_file_i_157dae'

2023-02-15 21:53:06 - [TEST_STEP][PASSED] - setText(findTestObject("Object Repository/RecAndPlayBk/Page-Vlink-AuthOnly/input_Stored Credential Indicator_stored_cr_4ae73c"), ""): Text '' is set on object 'Object Repository/RecAndPlayBk/Page-Vlink-AuthOnly/input_Stored Credential Indicator_stored_cr_4ae73c'

2023-02-15 21:53:07 - [MESSAGE][PASSED] - Text '' is set on object 'Object Repository/RecAndPlayBk/Page-Vlink-AuthOnly/input_Stored Credential Indicator_stored_cr_4ae73c'

2023-02-15 21:53:07 - [TEST_STEP][PASSED] - setText(findTestObject("Object Repository/RecAndPlayBk/Page-Vlink-AuthOnly/input_COF Scheduled indicator_cof_scheduled_8df7d8"), ""): Text '' is set on object 'Object Repository/RecAndPlayBk/Page-Vlink-AuthOnly/input_COF Scheduled indicator_cof_scheduled_8df7d8'

2023-02-15 21:53:07 - [MESSAGE][PASSED] - Text '' is set on object 'Object Repository/RecAndPlayBk/Page-Vlink-AuthOnly/input_COF Scheduled indicator_cof_scheduled_8df7d8'

2023-02-15 21:53:07 - [TEST_STEP][PASSED] - setText(findTestObject("Object Repository/RecAndPlayBk/Page-Vlink-AuthOnly/input_COF Transaction Initiated by_cof_tran_6cded5"), ""): Text '' is set on object 'Object Repository/RecAndPlayBk/Page-Vlink-AuthOnly/input_COF Transaction Initiated by_cof_tran_6cded5'

2023-02-15 21:53:08 - [MESSAGE][PASSED] - Text '' is set on object 'Object Repository/RecAndPlayBk/Page-Vlink-AuthOnly/input_COF Transaction Initiated by_cof_tran_6cded5'

2023-02-15 21:53:08 - [TEST_STEP][PASSED] - click(findTestObject("Object Repository/RecAndPlayBk/Page-Vlink-AuthOnly/input")): Object: 'Object Repository/RecAndPlayBk/Page-Vlink-AuthOnly/input' is clicked on

2023-02-15 21:53:09 - [MESSAGE][PASSED] - Object: 'Object Repository/RecAndPlayBk/Page-Vlink-AuthOnly/input' is clicked on

2023-02-15 21:53:09 - [TEST_STEP][PASSED] - if (verifyTextPresent("Transaction approved, no errors", true)): null

2023-02-15 21:53:09 - [MESSAGE][PASSED] - Text 'Transaction approved, no errors' is present on page  using regular expression

2023-02-15 21:53:09 - [TEST_STEP][PASSED] - println("Transaction Approved, no errors text is present on the Confirmation page"): null

2023-02-15 21:53:09 - [TEST_STEP][PASSED] - out.println("Pass Record Number: " + row): null

2023-02-15 21:53:09 - [TEST_STEP][PASSED] - resText = "Pass": null

2023-02-15 21:53:09 - [TEST_STEP][PASSED] - pages.WriteExcel.demoKey(resText, datText, resColumn, datCloumn, fileLoc, nameSheet, row): pages.WriteExcel.demoKey is PASSED

2023-02-15 21:53:10 - [MESSAGE][PASSED] - pages.WriteExcel.demoKey is PASSED

2023-02-15 21:53:10 - [TEST_STEP][PASSED] - ExecuteTC = findTestData(dataFile).getValue("Execute", row): null

2023-02-15 21:53:10 - [TEST_STEP][PASSED] - out.println("Value of Execute is : " + ExecuteTC): null

2023-02-15 21:53:10 - [TEST_STEP][PASSED] - switch (executionProfile): null

2023-02-15 21:53:10 - [TEST_STEP][PASSED] - case "QAProfile":: null

2023-02-15 21:53:10 - [TEST_STEP][PASSED] - appID = findTestData(dataFile).getValue("AppIDQA", row): null

2023-02-15 21:53:10 - [TEST_STEP][PASSED] - username = findTestData(dataFile).getValue("UsernameQA", row): null

2023-02-15 21:53:10 - [TEST_STEP][PASSED] - password = findTestData(dataFile).getValue("PasswordQA", row): null

2023-02-15 21:53:10 - [TEST_STEP][PASSED] - break: null

2023-02-15 21:53:10 - [TEST_STEP][FAILED] - if (ExecuteTC.equalsIgnoreCase("Y")): null

2023-02-15 21:53:10 - [TEST_STEP][PASSED] - out.println("Begin Record Number: " + row): null

2023-02-15 21:53:10 - [TEST_STEP][PASSED] - today = new java.util.Date(): null

2023-02-15 21:53:10 - [TEST_STEP][PASSED] - println(today): null

2023-02-15 21:53:10 - [TEST_STEP][PASSED] - datText = today: null

2023-02-15 21:53:10 - [TEST_STEP][PASSED] - category = findTestData(dataFile).getValue("Category", row): null

2023-02-15 21:53:10 - [TEST_STEP][PASSED] - amount = findTestData(dataFile).getValue("Amount", row): null

2023-02-15 21:53:10 - [TEST_STEP][PASSED] - cardNumber = findTestData(dataFile).getValue("CardNumber", row): null

2023-02-15 21:53:10 - [TEST_STEP][PASSED] - exM = findTestData(dataFile).getValue("ExM", row): null

2023-02-15 21:53:11 - [TEST_STEP][PASSED] - exY = findTestData(dataFile).getValue("ExY", row): null

2023-02-15 21:53:11 - [TEST_STEP][PASSED] - openBrowser(VLinkURL + "auth.html"): Browser is opened with url: 'https://dev-algorithm.govolution.com/vlinktest/QA/version_2_0/auth.html'

2023-02-15 21:53:11 - [MESSAGE][WARNING] - A browser is already opened. Closing browser and opening a new one

2023-02-15 21:53:12 - [MESSAGE][INFO] - Starting 'Chrome' driver

2023-02-15 21:53:12 - [MESSAGE][INFO] - User set preference: ['acceptInsecureCerts', 'true']

2023-02-15 21:53:12 - [MESSAGE][INFO] - Action delay is set to 0 milliseconds

2023-02-15 21:53:13 - [MESSAGE][PASSED] - Browser is opened with url: 'https://dev-algorithm.govolution.com/vlinktest/QA/version_2_0/auth.html'

2023-02-15 21:53:13 - [TEST_STEP][PASSED] - maximizeWindow(): Current window maximized

2023-02-15 21:53:14 - [MESSAGE][PASSED] - Current window maximized

2023-02-15 21:53:14 - [TEST_STEP][PASSED] - maximizeWindow(): Current window maximized

2023-02-15 21:53:14 - [MESSAGE][PASSED] - Current window maximized

2023-02-15 21:53:14 - [TEST_STEP][PASSED] - genRemID = RandomStringUtils.random(12, true, true): null

2023-02-15 21:53:14 - [TEST_STEP][PASSED] - setText(findTestObject("Object Repository/VLink/Page_CCSale/txt_RemID"), genRemID): Text 'bJah4D2QDziZ' is set on object 'Object Repository/VLink/Page_CCSale/txt_RemID'

2023-02-15 21:53:14 - [MESSAGE][PASSED] - Text 'bJah4D2QDziZ' is set on object 'Object Repository/VLink/Page_CCSale/txt_RemID'

2023-02-15 21:53:14 - [TEST_STEP][PASSED] - setText(findTestObject("Object Repository/RecAndPlayBk/Page-Vlink-AuthOnly/input_Remittance Id_remittance_id"), genRemID): Text 'bJah4D2QDziZ' is set on object 'Object Repository/RecAndPlayBk/Page-Vlink-AuthOnly/input_Remittance Id_remittance_id'

2023-02-15 21:53:15 - [MESSAGE][PASSED] - Text 'bJah4D2QDziZ' is set on object 'Object Repository/RecAndPlayBk/Page-Vlink-AuthOnly/input_Remittance Id_remittance_id'

2023-02-15 21:53:15 - [TEST_STEP][PASSED] - setText(findTestObject("Object Repository/RecAndPlayBk/Page-Vlink-AuthOnly/input_Application Id_application_id"), appID): Text '234' is set on object 'Object Repository/RecAndPlayBk/Page-Vlink-AuthOnly/input_Application Id_application_id'

2023-02-15 21:53:16 - [MESSAGE][PASSED] - Text '234' is set on object 'Object Repository/RecAndPlayBk/Page-Vlink-AuthOnly/input_Application Id_application_id'

2023-02-15 21:53:16 - [TEST_STEP][PASSED] - setText(findTestObject("Object Repository/RecAndPlayBk/Page-Vlink-AuthOnly/input_Username_username"), username): Text 'username' is set on object 'Object Repository/RecAndPlayBk/Page-Vlink-AuthOnly/input_Username_username'

2023-02-15 21:53:16 - [MESSAGE][PASSED] - Text 'username' is set on object 'Object Repository/RecAndPlayBk/Page-Vlink-AuthOnly/input_Username_username'

2023-02-15 21:53:16 - [TEST_STEP][PASSED] - setText(findTestObject("Object Repository/RecAndPlayBk/Page-Vlink-AuthOnly/input_Password_password"), password): Text 'password' is set on object 'Object Repository/RecAndPlayBk/Page-Vlink-AuthOnly/input_Password_password'

2023-02-15 21:53:17 - [MESSAGE][PASSED] - Text 'password' is set on object 'Object Repository/RecAndPlayBk/Page-Vlink-AuthOnly/input_Password_password'

2023-02-15 21:53:17 - [TEST_STEP][PASSED] - setText(findTestObject("Object Repository/RecAndPlayBk/Page-Vlink-AuthOnly/input_Category_category"), category): Text 'RETL' is set on object 'Object Repository/RecAndPlayBk/Page-Vlink-AuthOnly/input_Category_category'

2023-02-15 21:53:18 - [MESSAGE][PASSED] - Text 'RETL' is set on object 'Object Repository/RecAndPlayBk/Page-Vlink-AuthOnly/input_Category_category'

2023-02-15 21:53:18 - [TEST_STEP][PASSED] - setText(findTestObject("Object Repository/RecAndPlayBk/Page-Vlink-AuthOnly/input_Amount_amount"), amount): Text '10.5' is set on object 'Object Repository/RecAndPlayBk/Page-Vlink-AuthOnly/input_Amount_amount'

2023-02-15 21:53:18 - [MESSAGE][PASSED] - Text '10.5' is set on object 'Object Repository/RecAndPlayBk/Page-Vlink-AuthOnly/input_Amount_amount'

2023-02-15 21:53:18 - [TEST_STEP][PASSED] - doubleClick(findTestObject("Object Repository/RecAndPlayBk/Page-Vlink-AuthOnly/input_Card number_card_number")): Object: 'Object Repository/RecAndPlayBk/Page-Vlink-AuthOnly/input_Card number_card_number' is double clicked on

2023-02-15 21:53:19 - [MESSAGE][PASSED] - Object: 'Object Repository/RecAndPlayBk/Page-Vlink-AuthOnly/input_Card number_card_number' is double clicked on

2023-02-15 21:53:19 - [TEST_STEP][PASSED] - setText(findTestObject("Object Repository/RecAndPlayBk/Page-Vlink-AuthOnly/input_Card number_card_number"), cardNumber): Text '370000000000002' is set on object 'Object Repository/RecAndPlayBk/Page-Vlink-AuthOnly/input_Card number_card_number'

2023-02-15 21:53:19 - [MESSAGE][PASSED] - Text '370000000000002' is set on object 'Object Repository/RecAndPlayBk/Page-Vlink-AuthOnly/input_Card number_card_number'

2023-02-15 21:53:19 - [TEST_STEP][PASSED] - setText(findTestObject("Object Repository/RecAndPlayBk/Page-Vlink-AuthOnly/input_Card ex month_card_exmo"), exM): Text '12' is set on object 'Object Repository/RecAndPlayBk/Page-Vlink-AuthOnly/input_Card ex month_card_exmo'

2023-02-15 21:53:20 - [MESSAGE][PASSED] - Text '12' is set on object 'Object Repository/RecAndPlayBk/Page-Vlink-AuthOnly/input_Card ex month_card_exmo'

2023-02-15 21:53:20 - [TEST_STEP][PASSED] - setText(findTestObject("Object Repository/RecAndPlayBk/Page-Vlink-AuthOnly/input_Card ex year_card_exyr"), exY): Text '2029' is set on object 'Object Repository/RecAndPlayBk/Page-Vlink-AuthOnly/input_Card ex year_card_exyr'

2023-02-15 21:53:20 - [MESSAGE][PASSED] - Text '2029' is set on object 'Object Repository/RecAndPlayBk/Page-Vlink-AuthOnly/input_Card ex year_card_exyr'

2023-02-15 21:53:20 - [TEST_STEP][PASSED] - click(findTestObject("Object Repository/RecAndPlayBk/Page-Vlink-AuthOnly/input_Track Data_track_data")): Object: 'Object Repository/RecAndPlayBk/Page-Vlink-AuthOnly/input_Track Data_track_data' is clicked on

2023-02-15 21:53:21 - [MESSAGE][PASSED] - Object: 'Object Repository/RecAndPlayBk/Page-Vlink-AuthOnly/input_Track Data_track_data' is clicked on

2023-02-15 21:53:21 - [TEST_STEP][PASSED] - click(findTestObject("Object Repository/RecAndPlayBk/Page-Vlink-AuthOnly/input_CVV state_cvv_state")): Object: 'Object Repository/RecAndPlayBk/Page-Vlink-AuthOnly/input_CVV state_cvv_state' is clicked on

2023-02-15 21:53:21 - [MESSAGE][PASSED] - Object: 'Object Repository/RecAndPlayBk/Page-Vlink-AuthOnly/input_CVV state_cvv_state' is clicked on

2023-02-15 21:53:21 - [TEST_STEP][PASSED] - setText(findTestObject("Object Repository/RecAndPlayBk/Page-Vlink-AuthOnly/input_Track Data_track_data"), ""): Text '' is set on object 'Object Repository/RecAndPlayBk/Page-Vlink-AuthOnly/input_Track Data_track_data'

2023-02-15 21:53:22 - [MESSAGE][PASSED] - Text '' is set on object 'Object Repository/RecAndPlayBk/Page-Vlink-AuthOnly/input_Track Data_track_data'

2023-02-15 21:53:22 - [TEST_STEP][PASSED] - setText(findTestObject("Object Repository/RecAndPlayBk/Page-Vlink-AuthOnly/input_concat(Cardholder, , s email)_email"), ""): Text '' is set on object 'Object Repository/RecAndPlayBk/Page-Vlink-AuthOnly/input_concat(Cardholder, , s email)_email'

2023-02-15 21:53:22 - [MESSAGE][PASSED] - Text '' is set on object 'Object Repository/RecAndPlayBk/Page-Vlink-AuthOnly/input_concat(Cardholder, , s email)_email'

2023-02-15 21:53:22 - [TEST_STEP][PASSED] - click(findTestObject("Object Repository/RecAndPlayBk/Page-Vlink-AuthOnly/input_user_defined10_user_defined10")): Object: 'Object Repository/RecAndPlayBk/Page-Vlink-AuthOnly/input_user_defined10_user_defined10' is clicked on

2023-02-15 21:53:23 - [MESSAGE][PASSED] - Object: 'Object Repository/RecAndPlayBk/Page-Vlink-AuthOnly/input_user_defined10_user_defined10' is clicked on

2023-02-15 21:53:23 - [TEST_STEP][PASSED] - if (executionProfile.equalsIgnoreCase("QAProfile")): Text '' is set on object 'Object Repository/RecAndPlayBk/Page-Vlink-AuthOnly/input_COF Transaction Initiated by_cof_tran_6cded5'

2023-02-15 21:53:23 - [TEST_STEP][PASSED] - setText(findTestObject("Object Repository/RecAndPlayBk/Page-Vlink-AuthOnly/input_Card on File Indicator_card_on_file_i_157dae"), ""): Text '' is set on object 'Object Repository/RecAndPlayBk/Page-Vlink-AuthOnly/input_Card on File Indicator_card_on_file_i_157dae'

2023-02-15 21:53:23 - [MESSAGE][PASSED] - Text '' is set on object 'Object Repository/RecAndPlayBk/Page-Vlink-AuthOnly/input_Card on File Indicator_card_on_file_i_157dae'

2023-02-15 21:53:23 - [TEST_STEP][PASSED] - setText(findTestObject("Object Repository/RecAndPlayBk/Page-Vlink-AuthOnly/input_Stored Credential Indicator_stored_cr_4ae73c"), ""): Text '' is set on object 'Object Repository/RecAndPlayBk/Page-Vlink-AuthOnly/input_Stored Credential Indicator_stored_cr_4ae73c'

2023-02-15 21:53:24 - [MESSAGE][PASSED] - Text '' is set on object 'Object Repository/RecAndPlayBk/Page-Vlink-AuthOnly/input_Stored Credential Indicator_stored_cr_4ae73c'

2023-02-15 21:53:24 - [TEST_STEP][PASSED] - setText(findTestObject("Object Repository/RecAndPlayBk/Page-Vlink-AuthOnly/input_COF Scheduled indicator_cof_scheduled_8df7d8"), ""): Text '' is set on object 'Object Repository/RecAndPlayBk/Page-Vlink-AuthOnly/input_COF Scheduled indicator_cof_scheduled_8df7d8'

2023-02-15 21:53:25 - [MESSAGE][PASSED] - Text '' is set on object 'Object Repository/RecAndPlayBk/Page-Vlink-AuthOnly/input_COF Scheduled indicator_cof_scheduled_8df7d8'

2023-02-15 21:53:25 - [TEST_STEP][PASSED] - setText(findTestObject("Object Repository/RecAndPlayBk/Page-Vlink-AuthOnly/input_COF Transaction Initiated by_cof_tran_6cded5"), ""): Text '' is set on object 'Object Repository/RecAndPlayBk/Page-Vlink-AuthOnly/input_COF Transaction Initiated by_cof_tran_6cded5'

2023-02-15 21:53:25 - [MESSAGE][PASSED] - Text '' is set on object 'Object Repository/RecAndPlayBk/Page-Vlink-AuthOnly/input_COF Transaction Initiated by_cof_tran_6cded5'

2023-02-15 21:53:25 - [TEST_STEP][PASSED] - click(findTestObject("Object Repository/RecAndPlayBk/Page-Vlink-AuthOnly/input")): Object: 'Object Repository/RecAndPlayBk/Page-Vlink-AuthOnly/input' is clicked on

2023-02-15 21:53:26 - [MESSAGE][PASSED] - Object: 'Object Repository/RecAndPlayBk/Page-Vlink-AuthOnly/input' is clicked on

2023-02-15 21:53:26 - [TEST_STEP][FAILED] - if (verifyTextPresent("Transaction approved, no errors", true)): Text 'Transaction approved, no errors' is not present on page  using regular expression (Root cause: com.kms.katalon.core.exception.StepFailedException: Text 'Transaction approved, no errors' is not present on page  using regular expression
	at com.kms.katalon.core.webui.keyword.internal.WebUIKeywordMain.stepFailed(WebUIKeywordMain.groovy:64)
	at com.kms.katalon.core.webui.keyword.builtin.VerifyTextPresentKeyword$_verifyTextPresent_closure1.doCall(VerifyTextPresentKeyword.groovy:79)
	at com.kms.katalon.core.webui.keyword.builtin.VerifyTextPresentKeyword$_verifyTextPresent_closure1.call(VerifyTextPresentKeyword.groovy)
	at com.kms.katalon.core.webui.keyword.internal.WebUIKeywordMain.runKeyword(WebUIKeywordMain.groovy:20)
	at com.kms.katalon.core.webui.keyword.builtin.VerifyTextPresentKeyword.verifyTextPresent(VerifyTextPresentKeyword.groovy:83)
	at com.kms.katalon.core.webui.keyword.builtin.VerifyTextPresentKeyword.execute(VerifyTextPresentKeyword.groovy:68)
	at com.kms.katalon.core.keyword.internal.KeywordExecutor.executeKeywordForPlatform(KeywordExecutor.groovy:74)
	at com.kms.katalon.core.webui.keyword.WebUiBuiltInKeywords.verifyTextPresent(WebUiBuiltInKeywords.groovy:1723)
	at com.kms.katalon.core.webui.keyword.WebUiBuiltInKeywords$verifyTextPresent$4.call(Unknown Source)
	at AuthOnly.run(AuthOnly:157)
	at com.kms.katalon.core.main.ScriptEngine.run(ScriptEngine.java:194)
	at com.kms.katalon.core.main.ScriptEngine.runScriptAsRawText(ScriptEngine.java:119)
	at com.kms.katalon.core.main.TestCaseExecutor.runScript(TestCaseExecutor.java:442)
	at com.kms.katalon.core.main.TestCaseExecutor.doExecute(TestCaseExecutor.java:433)
	at com.kms.katalon.core.main.TestCaseExecutor.processExecutionPhase(TestCaseExecutor.java:412)
	at com.kms.katalon.core.main.TestCaseExecutor.accessMainPhase(TestCaseExecutor.java:404)
	at com.kms.katalon.core.main.TestCaseExecutor.execute(TestCaseExecutor.java:281)
	at com.kms.katalon.core.main.TestSuiteExecutor.accessTestCaseMainPhase(TestSuiteExecutor.java:202)
	at com.kms.katalon.core.main.TestSuiteExecutor.accessTestSuiteMainPhase(TestSuiteExecutor.java:164)
	at com.kms.katalon.core.main.TestSuiteExecutor.execute(TestSuiteExecutor.java:105)
	at com.kms.katalon.core.main.TestCaseMain.startTestSuite(TestCaseMain.java:185)
	at com.kms.katalon.core.main.TestCaseMain$startTestSuite$0.call(Unknown Source)
	at TempTestSuite1676515943031.run(TempTestSuite1676515943031.groovy:36)
)

2023-02-15 21:53:27 - [MESSAGE][FAILED] - Text 'Transaction approved, no errors' is not present on page  using regular expression (Root cause: com.kms.katalon.core.exception.StepFailedException: Text 'Transaction approved, no errors' is not present on page  using regular expression
	at com.kms.katalon.core.webui.keyword.internal.WebUIKeywordMain.stepFailed(WebUIKeywordMain.groovy:64)
	at com.kms.katalon.core.webui.keyword.builtin.VerifyTextPresentKeyword$_verifyTextPresent_closure1.doCall(VerifyTextPresentKeyword.groovy:79)
	at com.kms.katalon.core.webui.keyword.builtin.VerifyTextPresentKeyword$_verifyTextPresent_closure1.call(VerifyTextPresentKeyword.groovy)
	at com.kms.katalon.core.webui.keyword.internal.WebUIKeywordMain.runKeyword(WebUIKeywordMain.groovy:20)
	at com.kms.katalon.core.webui.keyword.builtin.VerifyTextPresentKeyword.verifyTextPresent(VerifyTextPresentKeyword.groovy:83)
	at com.kms.katalon.core.webui.keyword.builtin.VerifyTextPresentKeyword.execute(VerifyTextPresentKeyword.groovy:68)
	at com.kms.katalon.core.keyword.internal.KeywordExecutor.executeKeywordForPlatform(KeywordExecutor.groovy:74)
	at com.kms.katalon.core.webui.keyword.WebUiBuiltInKeywords.verifyTextPresent(WebUiBuiltInKeywords.groovy:1723)
	at com.kms.katalon.core.webui.keyword.WebUiBuiltInKeywords$verifyTextPresent$4.call(Unknown Source)
	at AuthOnly.run(AuthOnly:157)
	at com.kms.katalon.core.main.ScriptEngine.run(ScriptEngine.java:194)
	at com.kms.katalon.core.main.ScriptEngine.runScriptAsRawText(ScriptEngine.java:119)
	at com.kms.katalon.core.main.TestCaseExecutor.runScript(TestCaseExecutor.java:442)
	at com.kms.katalon.core.main.TestCaseExecutor.doExecute(TestCaseExecutor.java:433)
	at com.kms.katalon.core.main.TestCaseExecutor.processExecutionPhase(TestCaseExecutor.java:412)
	at com.kms.katalon.core.main.TestCaseExecutor.accessMainPhase(TestCaseExecutor.java:404)
	at com.kms.katalon.core.main.TestCaseExecutor.execute(TestCaseExecutor.java:281)
	at com.kms.katalon.core.main.TestSuiteExecutor.accessTestCaseMainPhase(TestSuiteExecutor.java:202)
	at com.kms.katalon.core.main.TestSuiteExecutor.accessTestSuiteMainPhase(TestSuiteExecutor.java:164)
	at com.kms.katalon.core.main.TestSuiteExecutor.execute(TestSuiteExecutor.java:105)
	at com.kms.katalon.core.main.TestCaseMain.startTestSuite(TestCaseMain.java:185)
	at com.kms.katalon.core.main.TestCaseMain$startTestSuite$0.call(Unknown Source)
	at TempTestSuite1676515943031.run(TempTestSuite1676515943031.groovy:36)
)

2023-02-15 21:53:27 - [TEST_STEP][PASSED] - else: pages.WriteExcel.demoKey is PASSED

2023-02-15 21:53:27 - [TEST_STEP][PASSED] - println("Transaction Approved, no errors text is not present on the Confirmation page"): null

2023-02-15 21:53:27 - [TEST_STEP][PASSED] - out.println("Fail Record Number: " + row): null

2023-02-15 21:53:27 - [TEST_STEP][PASSED] - resText = "Fail": null

2023-02-15 21:53:27 - [TEST_STEP][PASSED] - pages.WriteExcel.demoKey(resText, datText, resColumn, datCloumn, fileLoc, nameSheet, row): pages.WriteExcel.demoKey is PASSED

2023-02-15 21:53:27 - [MESSAGE][PASSED] - pages.WriteExcel.demoKey is PASSED

2023-02-15 21:53:27 - [TEST_STEP][PASSED] - ExecuteTC = findTestData(dataFile).getValue("Execute", row): null

2023-02-15 21:53:27 - [TEST_STEP][PASSED] - out.println("Value of Execute is : " + ExecuteTC): null

2023-02-15 21:53:27 - [TEST_STEP][PASSED] - switch (executionProfile): null

2023-02-15 21:53:27 - [TEST_STEP][PASSED] - case "QAProfile":: null

2023-02-15 21:53:27 - [TEST_STEP][PASSED] - appID = findTestData(dataFile).getValue("AppIDQA", row): null

2023-02-15 21:53:27 - [TEST_STEP][PASSED] - username = findTestData(dataFile).getValue("UsernameQA", row): null

2023-02-15 21:53:27 - [TEST_STEP][PASSED] - password = findTestData(dataFile).getValue("PasswordQA", row): null

2023-02-15 21:53:28 - [TEST_STEP][PASSED] - break: null

2023-02-15 21:53:28 - [TEST_STEP][PASSED] - if (ExecuteTC.equalsIgnoreCase("Y")): null

2023-02-15 21:53:28 - [TEST_STEP][PASSED] - out.println("Begin Record Number: " + row): null

2023-02-15 21:53:28 - [TEST_STEP][PASSED] - today = new java.util.Date(): null

2023-02-15 21:53:28 - [TEST_STEP][PASSED] - println(today): null

2023-02-15 21:53:28 - [TEST_STEP][PASSED] - datText = today: null

2023-02-15 21:53:28 - [TEST_STEP][PASSED] - category = findTestData(dataFile).getValue("Category", row): null

2023-02-15 21:53:28 - [TEST_STEP][PASSED] - amount = findTestData(dataFile).getValue("Amount", row): null

2023-02-15 21:53:28 - [TEST_STEP][PASSED] - cardNumber = findTestData(dataFile).getValue("CardNumber", row): null

2023-02-15 21:53:28 - [TEST_STEP][PASSED] - exM = findTestData(dataFile).getValue("ExM", row): null

2023-02-15 21:53:28 - [TEST_STEP][PASSED] - exY = findTestData(dataFile).getValue("ExY", row): null

2023-02-15 21:53:28 - [TEST_STEP][PASSED] - openBrowser(VLinkURL + "auth.html"): Browser is opened with url: 'https://dev-algorithm.govolution.com/vlinktest/QA/version_2_0/auth.html'

2023-02-15 21:53:28 - [MESSAGE][WARNING] - A browser is already opened. Closing browser and opening a new one

2023-02-15 21:53:29 - [MESSAGE][INFO] - Starting 'Chrome' driver

2023-02-15 21:53:29 - [MESSAGE][INFO] - User set preference: ['acceptInsecureCerts', 'true']

2023-02-15 21:53:29 - [MESSAGE][INFO] - Action delay is set to 0 milliseconds

2023-02-15 21:53:31 - [MESSAGE][PASSED] - Browser is opened with url: 'https://dev-algorithm.govolution.com/vlinktest/QA/version_2_0/auth.html'

2023-02-15 21:53:31 - [TEST_STEP][PASSED] - maximizeWindow(): Current window maximized

2023-02-15 21:53:31 - [MESSAGE][PASSED] - Current window maximized

2023-02-15 21:53:31 - [TEST_STEP][PASSED] - maximizeWindow(): Current window maximized

2023-02-15 21:53:31 - [MESSAGE][PASSED] - Current window maximized

2023-02-15 21:53:31 - [TEST_STEP][PASSED] - genRemID = RandomStringUtils.random(12, true, true): null

2023-02-15 21:53:31 - [TEST_STEP][PASSED] - setText(findTestObject("Object Repository/VLink/Page_CCSale/txt_RemID"), genRemID): Text 'LkCbI2fLgdvt' is set on object 'Object Repository/VLink/Page_CCSale/txt_RemID'

2023-02-15 21:53:32 - [MESSAGE][PASSED] - Text 'LkCbI2fLgdvt' is set on object 'Object Repository/VLink/Page_CCSale/txt_RemID'

2023-02-15 21:53:32 - [TEST_STEP][PASSED] - setText(findTestObject("Object Repository/RecAndPlayBk/Page-Vlink-AuthOnly/input_Remittance Id_remittance_id"), genRemID): Text 'LkCbI2fLgdvt' is set on object 'Object Repository/RecAndPlayBk/Page-Vlink-AuthOnly/input_Remittance Id_remittance_id'

2023-02-15 21:53:32 - [MESSAGE][PASSED] - Text 'LkCbI2fLgdvt' is set on object 'Object Repository/RecAndPlayBk/Page-Vlink-AuthOnly/input_Remittance Id_remittance_id'

2023-02-15 21:53:32 - [TEST_STEP][PASSED] - setText(findTestObject("Object Repository/RecAndPlayBk/Page-Vlink-AuthOnly/input_Application Id_application_id"), appID): Text '87' is set on object 'Object Repository/RecAndPlayBk/Page-Vlink-AuthOnly/input_Application Id_application_id'

2023-02-15 21:53:33 - [MESSAGE][PASSED] - Text '87' is set on object 'Object Repository/RecAndPlayBk/Page-Vlink-AuthOnly/input_Application Id_application_id'

2023-02-15 21:53:33 - [TEST_STEP][PASSED] - setText(findTestObject("Object Repository/RecAndPlayBk/Page-Vlink-AuthOnly/input_Username_username"), username): Text 'username' is set on object 'Object Repository/RecAndPlayBk/Page-Vlink-AuthOnly/input_Username_username'

2023-02-15 21:53:34 - [MESSAGE][PASSED] - Text 'username' is set on object 'Object Repository/RecAndPlayBk/Page-Vlink-AuthOnly/input_Username_username'

2023-02-15 21:53:34 - [TEST_STEP][PASSED] - setText(findTestObject("Object Repository/RecAndPlayBk/Page-Vlink-AuthOnly/input_Password_password"), password): Text 'password' is set on object 'Object Repository/RecAndPlayBk/Page-Vlink-AuthOnly/input_Password_password'

2023-02-15 21:53:34 - [MESSAGE][PASSED] - Text 'password' is set on object 'Object Repository/RecAndPlayBk/Page-Vlink-AuthOnly/input_Password_password'

2023-02-15 21:53:34 - [TEST_STEP][PASSED] - setText(findTestObject("Object Repository/RecAndPlayBk/Page-Vlink-AuthOnly/input_Category_category"), category): Text 'ECOM' is set on object 'Object Repository/RecAndPlayBk/Page-Vlink-AuthOnly/input_Category_category'

2023-02-15 21:53:35 - [MESSAGE][PASSED] - Text 'ECOM' is set on object 'Object Repository/RecAndPlayBk/Page-Vlink-AuthOnly/input_Category_category'

2023-02-15 21:53:35 - [TEST_STEP][PASSED] - setText(findTestObject("Object Repository/RecAndPlayBk/Page-Vlink-AuthOnly/input_Amount_amount"), amount): Text '10.5' is set on object 'Object Repository/RecAndPlayBk/Page-Vlink-AuthOnly/input_Amount_amount'

2023-02-15 21:53:36 - [MESSAGE][PASSED] - Text '10.5' is set on object 'Object Repository/RecAndPlayBk/Page-Vlink-AuthOnly/input_Amount_amount'

2023-02-15 21:53:36 - [TEST_STEP][PASSED] - doubleClick(findTestObject("Object Repository/RecAndPlayBk/Page-Vlink-AuthOnly/input_Card number_card_number")): Object: 'Object Repository/RecAndPlayBk/Page-Vlink-AuthOnly/input_Card number_card_number' is double clicked on

2023-02-15 21:53:36 - [MESSAGE][PASSED] - Object: 'Object Repository/RecAndPlayBk/Page-Vlink-AuthOnly/input_Card number_card_number' is double clicked on

2023-02-15 21:53:36 - [TEST_STEP][PASSED] - setText(findTestObject("Object Repository/RecAndPlayBk/Page-Vlink-AuthOnly/input_Card number_card_number"), cardNumber): Text '4012000098765439' is set on object 'Object Repository/RecAndPlayBk/Page-Vlink-AuthOnly/input_Card number_card_number'

2023-02-15 21:53:37 - [MESSAGE][PASSED] - Text '4012000098765439' is set on object 'Object Repository/RecAndPlayBk/Page-Vlink-AuthOnly/input_Card number_card_number'

2023-02-15 21:53:37 - [TEST_STEP][PASSED] - setText(findTestObject("Object Repository/RecAndPlayBk/Page-Vlink-AuthOnly/input_Card ex month_card_exmo"), exM): Text '12' is set on object 'Object Repository/RecAndPlayBk/Page-Vlink-AuthOnly/input_Card ex month_card_exmo'

2023-02-15 21:53:37 - [MESSAGE][PASSED] - Text '12' is set on object 'Object Repository/RecAndPlayBk/Page-Vlink-AuthOnly/input_Card ex month_card_exmo'

2023-02-15 21:53:37 - [TEST_STEP][PASSED] - setText(findTestObject("Object Repository/RecAndPlayBk/Page-Vlink-AuthOnly/input_Card ex year_card_exyr"), exY): Text '2029' is set on object 'Object Repository/RecAndPlayBk/Page-Vlink-AuthOnly/input_Card ex year_card_exyr'

2023-02-15 21:53:38 - [MESSAGE][PASSED] - Text '2029' is set on object 'Object Repository/RecAndPlayBk/Page-Vlink-AuthOnly/input_Card ex year_card_exyr'

2023-02-15 21:53:38 - [TEST_STEP][PASSED] - click(findTestObject("Object Repository/RecAndPlayBk/Page-Vlink-AuthOnly/input_Track Data_track_data")): Object: 'Object Repository/RecAndPlayBk/Page-Vlink-AuthOnly/input_Track Data_track_data' is clicked on

2023-02-15 21:53:38 - [MESSAGE][PASSED] - Object: 'Object Repository/RecAndPlayBk/Page-Vlink-AuthOnly/input_Track Data_track_data' is clicked on

2023-02-15 21:53:38 - [TEST_STEP][PASSED] - click(findTestObject("Object Repository/RecAndPlayBk/Page-Vlink-AuthOnly/input_CVV state_cvv_state")): Object: 'Object Repository/RecAndPlayBk/Page-Vlink-AuthOnly/input_CVV state_cvv_state' is clicked on

2023-02-15 21:53:39 - [MESSAGE][PASSED] - Object: 'Object Repository/RecAndPlayBk/Page-Vlink-AuthOnly/input_CVV state_cvv_state' is clicked on

2023-02-15 21:53:39 - [TEST_STEP][PASSED] - setText(findTestObject("Object Repository/RecAndPlayBk/Page-Vlink-AuthOnly/input_Track Data_track_data"), ""): Text '' is set on object 'Object Repository/RecAndPlayBk/Page-Vlink-AuthOnly/input_Track Data_track_data'

2023-02-15 21:53:39 - [MESSAGE][PASSED] - Text '' is set on object 'Object Repository/RecAndPlayBk/Page-Vlink-AuthOnly/input_Track Data_track_data'

2023-02-15 21:53:39 - [TEST_STEP][PASSED] - setText(findTestObject("Object Repository/RecAndPlayBk/Page-Vlink-AuthOnly/input_concat(Cardholder, , s email)_email"), ""): Text '' is set on object 'Object Repository/RecAndPlayBk/Page-Vlink-AuthOnly/input_concat(Cardholder, , s email)_email'

2023-02-15 21:53:40 - [MESSAGE][PASSED] - Text '' is set on object 'Object Repository/RecAndPlayBk/Page-Vlink-AuthOnly/input_concat(Cardholder, , s email)_email'

2023-02-15 21:53:40 - [TEST_STEP][PASSED] - click(findTestObject("Object Repository/RecAndPlayBk/Page-Vlink-AuthOnly/input_user_defined10_user_defined10")): Object: 'Object Repository/RecAndPlayBk/Page-Vlink-AuthOnly/input_user_defined10_user_defined10' is clicked on

2023-02-15 21:53:40 - [MESSAGE][PASSED] - Object: 'Object Repository/RecAndPlayBk/Page-Vlink-AuthOnly/input_user_defined10_user_defined10' is clicked on

2023-02-15 21:53:40 - [TEST_STEP][PASSED] - if (executionProfile.equalsIgnoreCase("QAProfile")): Text '' is set on object 'Object Repository/RecAndPlayBk/Page-Vlink-AuthOnly/input_COF Transaction Initiated by_cof_tran_6cded5'

2023-02-15 21:53:40 - [TEST_STEP][PASSED] - setText(findTestObject("Object Repository/RecAndPlayBk/Page-Vlink-AuthOnly/input_Card on File Indicator_card_on_file_i_157dae"), ""): Text '' is set on object 'Object Repository/RecAndPlayBk/Page-Vlink-AuthOnly/input_Card on File Indicator_card_on_file_i_157dae'

2023-02-15 21:53:41 - [MESSAGE][PASSED] - Text '' is set on object 'Object Repository/RecAndPlayBk/Page-Vlink-AuthOnly/input_Card on File Indicator_card_on_file_i_157dae'

2023-02-15 21:53:41 - [TEST_STEP][PASSED] - setText(findTestObject("Object Repository/RecAndPlayBk/Page-Vlink-AuthOnly/input_Stored Credential Indicator_stored_cr_4ae73c"), ""): Text '' is set on object 'Object Repository/RecAndPlayBk/Page-Vlink-AuthOnly/input_Stored Credential Indicator_stored_cr_4ae73c'

2023-02-15 21:53:41 - [MESSAGE][PASSED] - Text '' is set on object 'Object Repository/RecAndPlayBk/Page-Vlink-AuthOnly/input_Stored Credential Indicator_stored_cr_4ae73c'

2023-02-15 21:53:41 - [TEST_STEP][PASSED] - setText(findTestObject("Object Repository/RecAndPlayBk/Page-Vlink-AuthOnly/input_COF Scheduled indicator_cof_scheduled_8df7d8"), ""): Text '' is set on object 'Object Repository/RecAndPlayBk/Page-Vlink-AuthOnly/input_COF Scheduled indicator_cof_scheduled_8df7d8'

2023-02-15 21:53:42 - [MESSAGE][PASSED] - Text '' is set on object 'Object Repository/RecAndPlayBk/Page-Vlink-AuthOnly/input_COF Scheduled indicator_cof_scheduled_8df7d8'

2023-02-15 21:53:42 - [TEST_STEP][PASSED] - setText(findTestObject("Object Repository/RecAndPlayBk/Page-Vlink-AuthOnly/input_COF Transaction Initiated by_cof_tran_6cded5"), ""): Text '' is set on object 'Object Repository/RecAndPlayBk/Page-Vlink-AuthOnly/input_COF Transaction Initiated by_cof_tran_6cded5'

2023-02-15 21:53:43 - [MESSAGE][PASSED] - Text '' is set on object 'Object Repository/RecAndPlayBk/Page-Vlink-AuthOnly/input_COF Transaction Initiated by_cof_tran_6cded5'

2023-02-15 21:53:43 - [TEST_STEP][PASSED] - click(findTestObject("Object Repository/RecAndPlayBk/Page-Vlink-AuthOnly/input")): Object: 'Object Repository/RecAndPlayBk/Page-Vlink-AuthOnly/input' is clicked on

2023-02-15 21:53:44 - [MESSAGE][PASSED] - Object: 'Object Repository/RecAndPlayBk/Page-Vlink-AuthOnly/input' is clicked on

2023-02-15 21:53:44 - [TEST_STEP][PASSED] - if (verifyTextPresent("Transaction approved, no errors", true)): null

2023-02-15 21:53:45 - [MESSAGE][PASSED] - Text 'Transaction approved, no errors' is present on page  using regular expression

2023-02-15 21:53:45 - [TEST_STEP][PASSED] - println("Transaction Approved, no errors text is present on the Confirmation page"): null

2023-02-15 21:53:45 - [TEST_STEP][PASSED] - out.println("Pass Record Number: " + row): null

2023-02-15 21:53:45 - [TEST_STEP][PASSED] - resText = "Pass": null

2023-02-15 21:53:45 - [TEST_STEP][PASSED] - pages.WriteExcel.demoKey(resText, datText, resColumn, datCloumn, fileLoc, nameSheet, row): pages.WriteExcel.demoKey is PASSED

2023-02-15 21:53:45 - [MESSAGE][PASSED] - pages.WriteExcel.demoKey is PASSED

2023-02-15 21:53:45 - [TEST_STEP][PASSED] - ExecuteTC = findTestData(dataFile).getValue("Execute", row): null

2023-02-15 21:53:45 - [TEST_STEP][PASSED] - out.println("Value of Execute is : " + ExecuteTC): null

2023-02-15 21:53:45 - [TEST_STEP][PASSED] - switch (executionProfile): null

2023-02-15 21:53:45 - [TEST_STEP][PASSED] - case "QAProfile":: null

2023-02-15 21:53:45 - [TEST_STEP][PASSED] - appID = findTestData(dataFile).getValue("AppIDQA", row): null

2023-02-15 21:53:45 - [TEST_STEP][PASSED] - username = findTestData(dataFile).getValue("UsernameQA", row): null

2023-02-15 21:53:45 - [TEST_STEP][PASSED] - password = findTestData(dataFile).getValue("PasswordQA", row): null

2023-02-15 21:53:45 - [TEST_STEP][PASSED] - break: null

2023-02-15 21:53:45 - [TEST_STEP][PASSED] - if (ExecuteTC.equalsIgnoreCase("Y")): null

2023-02-15 21:53:45 - [TEST_STEP][PASSED] - out.println("Begin Record Number: " + row): null

2023-02-15 21:53:45 - [TEST_STEP][PASSED] - today = new java.util.Date(): null

2023-02-15 21:53:45 - [TEST_STEP][PASSED] - println(today): null

2023-02-15 21:53:45 - [TEST_STEP][PASSED] - datText = today: null

2023-02-15 21:53:45 - [TEST_STEP][PASSED] - category = findTestData(dataFile).getValue("Category", row): null

2023-02-15 21:53:46 - [TEST_STEP][PASSED] - amount = findTestData(dataFile).getValue("Amount", row): null

2023-02-15 21:53:46 - [TEST_STEP][PASSED] - cardNumber = findTestData(dataFile).getValue("CardNumber", row): null

2023-02-15 21:53:46 - [TEST_STEP][PASSED] - exM = findTestData(dataFile).getValue("ExM", row): null

2023-02-15 21:53:46 - [TEST_STEP][PASSED] - exY = findTestData(dataFile).getValue("ExY", row): null

2023-02-15 21:53:46 - [TEST_STEP][PASSED] - openBrowser(VLinkURL + "auth.html"): Browser is opened with url: 'https://dev-algorithm.govolution.com/vlinktest/QA/version_2_0/auth.html'

2023-02-15 21:53:46 - [MESSAGE][WARNING] - A browser is already opened. Closing browser and opening a new one

2023-02-15 21:53:47 - [MESSAGE][INFO] - Starting 'Chrome' driver

2023-02-15 21:53:47 - [MESSAGE][INFO] - User set preference: ['acceptInsecureCerts', 'true']

2023-02-15 21:53:47 - [MESSAGE][INFO] - Action delay is set to 0 milliseconds

2023-02-15 21:53:49 - [MESSAGE][PASSED] - Browser is opened with url: 'https://dev-algorithm.govolution.com/vlinktest/QA/version_2_0/auth.html'

2023-02-15 21:53:49 - [TEST_STEP][PASSED] - maximizeWindow(): Current window maximized

2023-02-15 21:53:49 - [MESSAGE][PASSED] - Current window maximized

2023-02-15 21:53:49 - [TEST_STEP][PASSED] - maximizeWindow(): Current window maximized

2023-02-15 21:53:49 - [MESSAGE][PASSED] - Current window maximized

2023-02-15 21:53:49 - [TEST_STEP][PASSED] - genRemID = RandomStringUtils.random(12, true, true): null

2023-02-15 21:53:49 - [TEST_STEP][PASSED] - setText(findTestObject("Object Repository/VLink/Page_CCSale/txt_RemID"), genRemID): Text 'kCCQ7ulgryfG' is set on object 'Object Repository/VLink/Page_CCSale/txt_RemID'

2023-02-15 21:53:50 - [MESSAGE][PASSED] - Text 'kCCQ7ulgryfG' is set on object 'Object Repository/VLink/Page_CCSale/txt_RemID'

2023-02-15 21:53:50 - [TEST_STEP][PASSED] - setText(findTestObject("Object Repository/RecAndPlayBk/Page-Vlink-AuthOnly/input_Remittance Id_remittance_id"), genRemID): Text 'kCCQ7ulgryfG' is set on object 'Object Repository/RecAndPlayBk/Page-Vlink-AuthOnly/input_Remittance Id_remittance_id'

2023-02-15 21:53:50 - [MESSAGE][PASSED] - Text 'kCCQ7ulgryfG' is set on object 'Object Repository/RecAndPlayBk/Page-Vlink-AuthOnly/input_Remittance Id_remittance_id'

2023-02-15 21:53:50 - [TEST_STEP][PASSED] - setText(findTestObject("Object Repository/RecAndPlayBk/Page-Vlink-AuthOnly/input_Application Id_application_id"), appID): Text '581' is set on object 'Object Repository/RecAndPlayBk/Page-Vlink-AuthOnly/input_Application Id_application_id'

2023-02-15 21:53:51 - [MESSAGE][PASSED] - Text '581' is set on object 'Object Repository/RecAndPlayBk/Page-Vlink-AuthOnly/input_Application Id_application_id'

2023-02-15 21:53:51 - [TEST_STEP][PASSED] - setText(findTestObject("Object Repository/RecAndPlayBk/Page-Vlink-AuthOnly/input_Username_username"), username): Text 'usr581' is set on object 'Object Repository/RecAndPlayBk/Page-Vlink-AuthOnly/input_Username_username'

2023-02-15 21:53:52 - [MESSAGE][PASSED] - Text 'usr581' is set on object 'Object Repository/RecAndPlayBk/Page-Vlink-AuthOnly/input_Username_username'

2023-02-15 21:53:52 - [TEST_STEP][PASSED] - setText(findTestObject("Object Repository/RecAndPlayBk/Page-Vlink-AuthOnly/input_Password_password"), password): Text 'pwd581' is set on object 'Object Repository/RecAndPlayBk/Page-Vlink-AuthOnly/input_Password_password'

2023-02-15 21:53:52 - [MESSAGE][PASSED] - Text 'pwd581' is set on object 'Object Repository/RecAndPlayBk/Page-Vlink-AuthOnly/input_Password_password'

2023-02-15 21:53:52 - [TEST_STEP][PASSED] - setText(findTestObject("Object Repository/RecAndPlayBk/Page-Vlink-AuthOnly/input_Category_category"), category): Text 'ECOM' is set on object 'Object Repository/RecAndPlayBk/Page-Vlink-AuthOnly/input_Category_category'

2023-02-15 21:53:53 - [MESSAGE][PASSED] - Text 'ECOM' is set on object 'Object Repository/RecAndPlayBk/Page-Vlink-AuthOnly/input_Category_category'

2023-02-15 21:53:53 - [TEST_STEP][PASSED] - setText(findTestObject("Object Repository/RecAndPlayBk/Page-Vlink-AuthOnly/input_Amount_amount"), amount): Text '10.5' is set on object 'Object Repository/RecAndPlayBk/Page-Vlink-AuthOnly/input_Amount_amount'

2023-02-15 21:53:54 - [MESSAGE][PASSED] - Text '10.5' is set on object 'Object Repository/RecAndPlayBk/Page-Vlink-AuthOnly/input_Amount_amount'

2023-02-15 21:53:54 - [TEST_STEP][PASSED] - doubleClick(findTestObject("Object Repository/RecAndPlayBk/Page-Vlink-AuthOnly/input_Card number_card_number")): Object: 'Object Repository/RecAndPlayBk/Page-Vlink-AuthOnly/input_Card number_card_number' is double clicked on

2023-02-15 21:53:54 - [MESSAGE][PASSED] - Object: 'Object Repository/RecAndPlayBk/Page-Vlink-AuthOnly/input_Card number_card_number' is double clicked on

2023-02-15 21:53:54 - [TEST_STEP][PASSED] - setText(findTestObject("Object Repository/RecAndPlayBk/Page-Vlink-AuthOnly/input_Card number_card_number"), cardNumber): Text '5146312200000035' is set on object 'Object Repository/RecAndPlayBk/Page-Vlink-AuthOnly/input_Card number_card_number'

2023-02-15 21:53:55 - [MESSAGE][PASSED] - Text '5146312200000035' is set on object 'Object Repository/RecAndPlayBk/Page-Vlink-AuthOnly/input_Card number_card_number'

2023-02-15 21:53:55 - [TEST_STEP][PASSED] - setText(findTestObject("Object Repository/RecAndPlayBk/Page-Vlink-AuthOnly/input_Card ex month_card_exmo"), exM): Text '12' is set on object 'Object Repository/RecAndPlayBk/Page-Vlink-AuthOnly/input_Card ex month_card_exmo'

2023-02-15 21:53:55 - [MESSAGE][PASSED] - Text '12' is set on object 'Object Repository/RecAndPlayBk/Page-Vlink-AuthOnly/input_Card ex month_card_exmo'

2023-02-15 21:53:55 - [TEST_STEP][PASSED] - setText(findTestObject("Object Repository/RecAndPlayBk/Page-Vlink-AuthOnly/input_Card ex year_card_exyr"), exY): Text '2029' is set on object 'Object Repository/RecAndPlayBk/Page-Vlink-AuthOnly/input_Card ex year_card_exyr'

2023-02-15 21:53:56 - [MESSAGE][PASSED] - Text '2029' is set on object 'Object Repository/RecAndPlayBk/Page-Vlink-AuthOnly/input_Card ex year_card_exyr'

2023-02-15 21:53:56 - [TEST_STEP][PASSED] - click(findTestObject("Object Repository/RecAndPlayBk/Page-Vlink-AuthOnly/input_Track Data_track_data")): Object: 'Object Repository/RecAndPlayBk/Page-Vlink-AuthOnly/input_Track Data_track_data' is clicked on

2023-02-15 21:53:56 - [MESSAGE][PASSED] - Object: 'Object Repository/RecAndPlayBk/Page-Vlink-AuthOnly/input_Track Data_track_data' is clicked on

2023-02-15 21:53:56 - [TEST_STEP][PASSED] - click(findTestObject("Object Repository/RecAndPlayBk/Page-Vlink-AuthOnly/input_CVV state_cvv_state")): Object: 'Object Repository/RecAndPlayBk/Page-Vlink-AuthOnly/input_CVV state_cvv_state' is clicked on

2023-02-15 21:53:57 - [MESSAGE][PASSED] - Object: 'Object Repository/RecAndPlayBk/Page-Vlink-AuthOnly/input_CVV state_cvv_state' is clicked on

2023-02-15 21:53:57 - [TEST_STEP][PASSED] - setText(findTestObject("Object Repository/RecAndPlayBk/Page-Vlink-AuthOnly/input_Track Data_track_data"), ""): Text '' is set on object 'Object Repository/RecAndPlayBk/Page-Vlink-AuthOnly/input_Track Data_track_data'

2023-02-15 21:53:57 - [MESSAGE][PASSED] - Text '' is set on object 'Object Repository/RecAndPlayBk/Page-Vlink-AuthOnly/input_Track Data_track_data'

2023-02-15 21:53:57 - [TEST_STEP][PASSED] - setText(findTestObject("Object Repository/RecAndPlayBk/Page-Vlink-AuthOnly/input_concat(Cardholder, , s email)_email"), ""): Text '' is set on object 'Object Repository/RecAndPlayBk/Page-Vlink-AuthOnly/input_concat(Cardholder, , s email)_email'

2023-02-15 21:53:58 - [MESSAGE][PASSED] - Text '' is set on object 'Object Repository/RecAndPlayBk/Page-Vlink-AuthOnly/input_concat(Cardholder, , s email)_email'

2023-02-15 21:53:58 - [TEST_STEP][PASSED] - click(findTestObject("Object Repository/RecAndPlayBk/Page-Vlink-AuthOnly/input_user_defined10_user_defined10")): Object: 'Object Repository/RecAndPlayBk/Page-Vlink-AuthOnly/input_user_defined10_user_defined10' is clicked on

2023-02-15 21:53:58 - [MESSAGE][PASSED] - Object: 'Object Repository/RecAndPlayBk/Page-Vlink-AuthOnly/input_user_defined10_user_defined10' is clicked on

2023-02-15 21:53:58 - [TEST_STEP][PASSED] - if (executionProfile.equalsIgnoreCase("QAProfile")): Text '' is set on object 'Object Repository/RecAndPlayBk/Page-Vlink-AuthOnly/input_COF Transaction Initiated by_cof_tran_6cded5'

2023-02-15 21:53:58 - [TEST_STEP][PASSED] - setText(findTestObject("Object Repository/RecAndPlayBk/Page-Vlink-AuthOnly/input_Card on File Indicator_card_on_file_i_157dae"), ""): Text '' is set on object 'Object Repository/RecAndPlayBk/Page-Vlink-AuthOnly/input_Card on File Indicator_card_on_file_i_157dae'

2023-02-15 21:53:59 - [MESSAGE][PASSED] - Text '' is set on object 'Object Repository/RecAndPlayBk/Page-Vlink-AuthOnly/input_Card on File Indicator_card_on_file_i_157dae'

2023-02-15 21:53:59 - [TEST_STEP][PASSED] - setText(findTestObject("Object Repository/RecAndPlayBk/Page-Vlink-AuthOnly/input_Stored Credential Indicator_stored_cr_4ae73c"), ""): Text '' is set on object 'Object Repository/RecAndPlayBk/Page-Vlink-AuthOnly/input_Stored Credential Indicator_stored_cr_4ae73c'

2023-02-15 21:54:00 - [MESSAGE][PASSED] - Text '' is set on object 'Object Repository/RecAndPlayBk/Page-Vlink-AuthOnly/input_Stored Credential Indicator_stored_cr_4ae73c'

2023-02-15 21:54:00 - [TEST_STEP][PASSED] - setText(findTestObject("Object Repository/RecAndPlayBk/Page-Vlink-AuthOnly/input_COF Scheduled indicator_cof_scheduled_8df7d8"), ""): Text '' is set on object 'Object Repository/RecAndPlayBk/Page-Vlink-AuthOnly/input_COF Scheduled indicator_cof_scheduled_8df7d8'

2023-02-15 21:54:00 - [MESSAGE][PASSED] - Text '' is set on object 'Object Repository/RecAndPlayBk/Page-Vlink-AuthOnly/input_COF Scheduled indicator_cof_scheduled_8df7d8'

2023-02-15 21:54:00 - [TEST_STEP][PASSED] - setText(findTestObject("Object Repository/RecAndPlayBk/Page-Vlink-AuthOnly/input_COF Transaction Initiated by_cof_tran_6cded5"), ""): Text '' is set on object 'Object Repository/RecAndPlayBk/Page-Vlink-AuthOnly/input_COF Transaction Initiated by_cof_tran_6cded5'

2023-02-15 21:54:01 - [MESSAGE][PASSED] - Text '' is set on object 'Object Repository/RecAndPlayBk/Page-Vlink-AuthOnly/input_COF Transaction Initiated by_cof_tran_6cded5'

2023-02-15 21:54:01 - [TEST_STEP][PASSED] - click(findTestObject("Object Repository/RecAndPlayBk/Page-Vlink-AuthOnly/input")): Object: 'Object Repository/RecAndPlayBk/Page-Vlink-AuthOnly/input' is clicked on

2023-02-15 21:54:02 - [MESSAGE][PASSED] - Object: 'Object Repository/RecAndPlayBk/Page-Vlink-AuthOnly/input' is clicked on

2023-02-15 21:54:02 - [TEST_STEP][PASSED] - if (verifyTextPresent("Transaction approved, no errors", true)): null

2023-02-15 21:54:02 - [MESSAGE][PASSED] - Text 'Transaction approved, no errors' is present on page  using regular expression

2023-02-15 21:54:02 - [TEST_STEP][PASSED] - println("Transaction Approved, no errors text is present on the Confirmation page"): null

2023-02-15 21:54:02 - [TEST_STEP][PASSED] - out.println("Pass Record Number: " + row): null

2023-02-15 21:54:02 - [TEST_STEP][PASSED] - resText = "Pass": null

2023-02-15 21:54:02 - [TEST_STEP][PASSED] - pages.WriteExcel.demoKey(resText, datText, resColumn, datCloumn, fileLoc, nameSheet, row): pages.WriteExcel.demoKey is PASSED

2023-02-15 21:54:03 - [MESSAGE][PASSED] - pages.WriteExcel.demoKey is PASSED]]></system-out>
         <system-err><![CDATA[2023-02-15 21:52:29 - [TEST_CASE][FAILED] - Test Cases/RecAndPlayBk/VLink/AuthOnly: Test Cases/RecAndPlayBk/VLink/AuthOnly FAILED.
Reason:
com.kms.katalon.core.exception.StepFailedException: Text 'Transaction approved, no errors' is not present on page  using regular expression (Root cause: com.kms.katalon.core.exception.StepFailedException: Text 'Transaction approved, no errors' is not present on page  using regular expression
	at com.kms.katalon.core.webui.keyword.internal.WebUIKeywordMain.stepFailed(WebUIKeywordMain.groovy:64)
	at com.kms.katalon.core.webui.keyword.builtin.VerifyTextPresentKeyword$_verifyTextPresent_closure1.doCall(VerifyTextPresentKeyword.groovy:79)
	at com.kms.katalon.core.webui.keyword.builtin.VerifyTextPresentKeyword$_verifyTextPresent_closure1.call(VerifyTextPresentKeyword.groovy)
	at com.kms.katalon.core.webui.keyword.internal.WebUIKeywordMain.runKeyword(WebUIKeywordMain.groovy:20)
	at com.kms.katalon.core.webui.keyword.builtin.VerifyTextPresentKeyword.verifyTextPresent(VerifyTextPresentKeyword.groovy:83)
	at com.kms.katalon.core.webui.keyword.builtin.VerifyTextPresentKeyword.execute(VerifyTextPresentKeyword.groovy:68)
	at com.kms.katalon.core.keyword.internal.KeywordExecutor.executeKeywordForPlatform(KeywordExecutor.groovy:74)
	at com.kms.katalon.core.webui.keyword.WebUiBuiltInKeywords.verifyTextPresent(WebUiBuiltInKeywords.groovy:1723)
	at com.kms.katalon.core.webui.keyword.WebUiBuiltInKeywords$verifyTextPresent$4.call(Unknown Source)
	at AuthOnly.run(AuthOnly:157)
	at com.kms.katalon.core.main.ScriptEngine.run(ScriptEngine.java:194)
	at com.kms.katalon.core.main.ScriptEngine.runScriptAsRawText(ScriptEngine.java:119)
	at com.kms.katalon.core.main.TestCaseExecutor.runScript(TestCaseExecutor.java:442)
	at com.kms.katalon.core.main.TestCaseExecutor.doExecute(TestCaseExecutor.java:433)
	at com.kms.katalon.core.main.TestCaseExecutor.processExecutionPhase(TestCaseExecutor.java:412)
	at com.kms.katalon.core.main.TestCaseExecutor.accessMainPhase(TestCaseExecutor.java:404)
	at com.kms.katalon.core.main.TestCaseExecutor.execute(TestCaseExecutor.java:281)
	at com.kms.katalon.core.main.TestSuiteExecutor.accessTestCaseMainPhase(TestSuiteExecutor.java:202)
	at com.kms.katalon.core.main.TestSuiteExecutor.accessTestSuiteMainPhase(TestSuiteExecutor.java:164)
	at com.kms.katalon.core.main.TestSuiteExecutor.execute(TestSuiteExecutor.java:105)
	at com.kms.katalon.core.main.TestCaseMain.startTestSuite(TestCaseMain.java:185)
	at com.kms.katalon.core.main.TestCaseMain$startTestSuite$0.call(Unknown Source)
	at TempTestSuite1676515943031.run(TempTestSuite1676515943031.groovy:36)
)
	at com.kms.katalon.core.keyword.internal.KeywordMain.stepFailed(KeywordMain.groovy:39)
	at com.kms.katalon.core.webui.keyword.internal.WebUIKeywordMain.stepFailed(WebUIKeywordMain.groovy:64)
	at com.kms.katalon.core.webui.keyword.builtin.VerifyTextPresentKeyword$_verifyTextPresent_closure1.doCall(VerifyTextPresentKeyword.groovy:79)
	at com.kms.katalon.core.webui.keyword.builtin.VerifyTextPresentKeyword$_verifyTextPresent_closure1.call(VerifyTextPresentKeyword.groovy)
	at com.kms.katalon.core.webui.keyword.internal.WebUIKeywordMain.runKeyword(WebUIKeywordMain.groovy:20)
	at com.kms.katalon.core.webui.keyword.builtin.VerifyTextPresentKeyword.verifyTextPresent(VerifyTextPresentKeyword.groovy:83)
	at com.kms.katalon.core.webui.keyword.builtin.VerifyTextPresentKeyword.execute(VerifyTextPresentKeyword.groovy:68)
	at com.kms.katalon.core.keyword.internal.KeywordExecutor.executeKeywordForPlatform(KeywordExecutor.groovy:74)
	at com.kms.katalon.core.webui.keyword.WebUiBuiltInKeywords.verifyTextPresent(WebUiBuiltInKeywords.groovy:1723)
	at com.kms.katalon.core.webui.keyword.WebUiBuiltInKeywords$verifyTextPresent$4.call(Unknown Source)
	at AuthOnly.run(AuthOnly:157)
	at com.kms.katalon.core.main.ScriptEngine.run(ScriptEngine.java:194)
	at com.kms.katalon.core.main.ScriptEngine.runScriptAsRawText(ScriptEngine.java:119)
	at com.kms.katalon.core.main.TestCaseExecutor.runScript(TestCaseExecutor.java:442)
	at com.kms.katalon.core.main.TestCaseExecutor.doExecute(TestCaseExecutor.java:433)
	at com.kms.katalon.core.main.TestCaseExecutor.processExecutionPhase(TestCaseExecutor.java:412)
	at com.kms.katalon.core.main.TestCaseExecutor.accessMainPhase(TestCaseExecutor.java:404)
	at com.kms.katalon.core.main.TestCaseExecutor.execute(TestCaseExecutor.java:281)
	at com.kms.katalon.core.main.TestSuiteExecutor.accessTestCaseMainPhase(TestSuiteExecutor.java:202)
	at com.kms.katalon.core.main.TestSuiteExecutor.accessTestSuiteMainPhase(TestSuiteExecutor.java:164)
	at com.kms.katalon.core.main.TestSuiteExecutor.execute(TestSuiteExecutor.java:105)
	at com.kms.katalon.core.main.TestCaseMain.startTestSuite(TestCaseMain.java:185)
	at com.kms.katalon.core.main.TestCaseMain$startTestSuite$0.call(Unknown Source)
	at TempTestSuite1676515943031.run(TempTestSuite1676515943031.groovy:36)
Caused by: com.kms.katalon.core.exception.StepFailedException: Text 'Transaction approved, no errors' is not present on page  using regular expression
	... 23 more]]></system-err>
      </testcase>
      <testcase name="Test Cases/RecAndPlayBk/VLink/Auth-Capture" time="118.811" classname="Test Cases/RecAndPlayBk/VLink/Auth-Capture" status="FAILED">
         <failure type="FAILED" message="Test Cases/RecAndPlayBk/VLink/Auth-Capture FAILED.
Reason:
com.kms.katalon.core.exception.StepFailedException: Text 'Transaction approved, no errors' is not present on page  using regular expression (Root cause: com.kms.katalon.core.exception.StepFailedException: Text 'Transaction approved, no errors' is not present on page  using regular expression
	at com.kms.katalon.core.webui.keyword.internal.WebUIKeywordMain.stepFailed(WebUIKeywordMain.groovy:64)
	at com.kms.katalon.core.webui.keyword.builtin.VerifyTextPresentKeyword$_verifyTextPresent_closure1.doCall(VerifyTextPresentKeyword.groovy:79)
	at com.kms.katalon.core.webui.keyword.builtin.VerifyTextPresentKeyword$_verifyTextPresent_closure1.call(VerifyTextPresentKeyword.groovy)
	at com.kms.katalon.core.webui.keyword.internal.WebUIKeywordMain.runKeyword(WebUIKeywordMain.groovy:20)
	at com.kms.katalon.core.webui.keyword.builtin.VerifyTextPresentKeyword.verifyTextPresent(VerifyTextPresentKeyword.groovy:83)
	at com.kms.katalon.core.webui.keyword.builtin.VerifyTextPresentKeyword.execute(VerifyTextPresentKeyword.groovy:68)
	at com.kms.katalon.core.keyword.internal.KeywordExecutor.executeKeywordForPlatform(KeywordExecutor.groovy:74)
	at com.kms.katalon.core.webui.keyword.WebUiBuiltInKeywords.verifyTextPresent(WebUiBuiltInKeywords.groovy:1723)
	at com.kms.katalon.core.webui.keyword.WebUiBuiltInKeywords$verifyTextPresent$4.call(Unknown Source)
	at Auth-Capture.run(Auth-Capture:161)
	at com.kms.katalon.core.main.ScriptEngine.run(ScriptEngine.java:194)
	at com.kms.katalon.core.main.ScriptEngine.runScriptAsRawText(ScriptEngine.java:119)
	at com.kms.katalon.core.main.TestCaseExecutor.runScript(TestCaseExecutor.java:442)
	at com.kms.katalon.core.main.TestCaseExecutor.doExecute(TestCaseExecutor.java:433)
	at com.kms.katalon.core.main.TestCaseExecutor.processExecutionPhase(TestCaseExecutor.java:412)
	at com.kms.katalon.core.main.TestCaseExecutor.accessMainPhase(TestCaseExecutor.java:404)
	at com.kms.katalon.core.main.TestCaseExecutor.execute(TestCaseExecutor.java:281)
	at com.kms.katalon.core.main.TestSuiteExecutor.accessTestCaseMainPhase(TestSuiteExecutor.java:202)
	at com.kms.katalon.core.main.TestSuiteExecutor.accessTestSuiteMainPhase(TestSuiteExecutor.java:164)
	at com.kms.katalon.core.main.TestSuiteExecutor.execute(TestSuiteExecutor.java:105)
	at com.kms.katalon.core.main.TestCaseMain.startTestSuite(TestCaseMain.java:185)
	at com.kms.katalon.core.main.TestCaseMain$startTestSuite$0.call(Unknown Source)
	at TempTestSuite1676515943031.run(TempTestSuite1676515943031.groovy:36)
)
	at com.kms.katalon.core.keyword.internal.KeywordMain.stepFailed(KeywordMain.groovy:39)
	at com.kms.katalon.core.webui.keyword.internal.WebUIKeywordMain.stepFailed(WebUIKeywordMain.groovy:64)
	at com.kms.katalon.core.webui.keyword.builtin.VerifyTextPresentKeyword$_verifyTextPresent_closure1.doCall(VerifyTextPresentKeyword.groovy:79)
	at com.kms.katalon.core.webui.keyword.builtin.VerifyTextPresentKeyword$_verifyTextPresent_closure1.call(VerifyTextPresentKeyword.groovy)
	at com.kms.katalon.core.webui.keyword.internal.WebUIKeywordMain.runKeyword(WebUIKeywordMain.groovy:20)
	at com.kms.katalon.core.webui.keyword.builtin.VerifyTextPresentKeyword.verifyTextPresent(VerifyTextPresentKeyword.groovy:83)
	at com.kms.katalon.core.webui.keyword.builtin.VerifyTextPresentKeyword.execute(VerifyTextPresentKeyword.groovy:68)
	at com.kms.katalon.core.keyword.internal.KeywordExecutor.executeKeywordForPlatform(KeywordExecutor.groovy:74)
	at com.kms.katalon.core.webui.keyword.WebUiBuiltInKeywords.verifyTextPresent(WebUiBuiltInKeywords.groovy:1723)
	at com.kms.katalon.core.webui.keyword.WebUiBuiltInKeywords$verifyTextPresent$4.call(Unknown Source)
	at Auth-Capture.run(Auth-Capture:161)
	at com.kms.katalon.core.main.ScriptEngine.run(ScriptEngine.java:194)
	at com.kms.katalon.core.main.ScriptEngine.runScriptAsRawText(ScriptEngine.java:119)
	at com.kms.katalon.core.main.TestCaseExecutor.runScript(TestCaseExecutor.java:442)
	at com.kms.katalon.core.main.TestCaseExecutor.doExecute(TestCaseExecutor.java:433)
	at com.kms.katalon.core.main.TestCaseExecutor.processExecutionPhase(TestCaseExecutor.java:412)
	at com.kms.katalon.core.main.TestCaseExecutor.accessMainPhase(TestCaseExecutor.java:404)
	at com.kms.katalon.core.main.TestCaseExecutor.execute(TestCaseExecutor.java:281)
	at com.kms.katalon.core.main.TestSuiteExecutor.accessTestCaseMainPhase(TestSuiteExecutor.java:202)
	at com.kms.katalon.core.main.TestSuiteExecutor.accessTestSuiteMainPhase(TestSuiteExecutor.java:164)
	at com.kms.katalon.core.main.TestSuiteExecutor.execute(TestSuiteExecutor.java:105)
	at com.kms.katalon.core.main.TestCaseMain.startTestSuite(TestCaseMain.java:185)
	at com.kms.katalon.core.main.TestCaseMain$startTestSuite$0.call(Unknown Source)
	at TempTestSuite1676515943031.run(TempTestSuite1676515943031.groovy:36)
Caused by: com.kms.katalon.core.exception.StepFailedException: Text 'Transaction approved, no errors' is not present on page  using regular expression
	... 23 more
"/>
         <system-out><![CDATA[2023-02-15 21:54:03 - [TEST_CASE][FAILED] - Test Cases/RecAndPlayBk/VLink/Auth-Capture: Test Cases/RecAndPlayBk/VLink/Auth-Capture FAILED.
Reason:
com.kms.katalon.core.exception.StepFailedException: Text 'Transaction approved, no errors' is not present on page  using regular expression (Root cause: com.kms.katalon.core.exception.StepFailedException: Text 'Transaction approved, no errors' is not present on page  using regular expression
	at com.kms.katalon.core.webui.keyword.internal.WebUIKeywordMain.stepFailed(WebUIKeywordMain.groovy:64)
	at com.kms.katalon.core.webui.keyword.builtin.VerifyTextPresentKeyword$_verifyTextPresent_closure1.doCall(VerifyTextPresentKeyword.groovy:79)
	at com.kms.katalon.core.webui.keyword.builtin.VerifyTextPresentKeyword$_verifyTextPresent_closure1.call(VerifyTextPresentKeyword.groovy)
	at com.kms.katalon.core.webui.keyword.internal.WebUIKeywordMain.runKeyword(WebUIKeywordMain.groovy:20)
	at com.kms.katalon.core.webui.keyword.builtin.VerifyTextPresentKeyword.verifyTextPresent(VerifyTextPresentKeyword.groovy:83)
	at com.kms.katalon.core.webui.keyword.builtin.VerifyTextPresentKeyword.execute(VerifyTextPresentKeyword.groovy:68)
	at com.kms.katalon.core.keyword.internal.KeywordExecutor.executeKeywordForPlatform(KeywordExecutor.groovy:74)
	at com.kms.katalon.core.webui.keyword.WebUiBuiltInKeywords.verifyTextPresent(WebUiBuiltInKeywords.groovy:1723)
	at com.kms.katalon.core.webui.keyword.WebUiBuiltInKeywords$verifyTextPresent$4.call(Unknown Source)
	at Auth-Capture.run(Auth-Capture:161)
	at com.kms.katalon.core.main.ScriptEngine.run(ScriptEngine.java:194)
	at com.kms.katalon.core.main.ScriptEngine.runScriptAsRawText(ScriptEngine.java:119)
	at com.kms.katalon.core.main.TestCaseExecutor.runScript(TestCaseExecutor.java:442)
	at com.kms.katalon.core.main.TestCaseExecutor.doExecute(TestCaseExecutor.java:433)
	at com.kms.katalon.core.main.TestCaseExecutor.processExecutionPhase(TestCaseExecutor.java:412)
	at com.kms.katalon.core.main.TestCaseExecutor.accessMainPhase(TestCaseExecutor.java:404)
	at com.kms.katalon.core.main.TestCaseExecutor.execute(TestCaseExecutor.java:281)
	at com.kms.katalon.core.main.TestSuiteExecutor.accessTestCaseMainPhase(TestSuiteExecutor.java:202)
	at com.kms.katalon.core.main.TestSuiteExecutor.accessTestSuiteMainPhase(TestSuiteExecutor.java:164)
	at com.kms.katalon.core.main.TestSuiteExecutor.execute(TestSuiteExecutor.java:105)
	at com.kms.katalon.core.main.TestCaseMain.startTestSuite(TestCaseMain.java:185)
	at com.kms.katalon.core.main.TestCaseMain$startTestSuite$0.call(Unknown Source)
	at TempTestSuite1676515943031.run(TempTestSuite1676515943031.groovy:36)
)
	at com.kms.katalon.core.keyword.internal.KeywordMain.stepFailed(KeywordMain.groovy:39)
	at com.kms.katalon.core.webui.keyword.internal.WebUIKeywordMain.stepFailed(WebUIKeywordMain.groovy:64)
	at com.kms.katalon.core.webui.keyword.builtin.VerifyTextPresentKeyword$_verifyTextPresent_closure1.doCall(VerifyTextPresentKeyword.groovy:79)
	at com.kms.katalon.core.webui.keyword.builtin.VerifyTextPresentKeyword$_verifyTextPresent_closure1.call(VerifyTextPresentKeyword.groovy)
	at com.kms.katalon.core.webui.keyword.internal.WebUIKeywordMain.runKeyword(WebUIKeywordMain.groovy:20)
	at com.kms.katalon.core.webui.keyword.builtin.VerifyTextPresentKeyword.verifyTextPresent(VerifyTextPresentKeyword.groovy:83)
	at com.kms.katalon.core.webui.keyword.builtin.VerifyTextPresentKeyword.execute(VerifyTextPresentKeyword.groovy:68)
	at com.kms.katalon.core.keyword.internal.KeywordExecutor.executeKeywordForPlatform(KeywordExecutor.groovy:74)
	at com.kms.katalon.core.webui.keyword.WebUiBuiltInKeywords.verifyTextPresent(WebUiBuiltInKeywords.groovy:1723)
	at com.kms.katalon.core.webui.keyword.WebUiBuiltInKeywords$verifyTextPresent$4.call(Unknown Source)
	at Auth-Capture.run(Auth-Capture:161)
	at com.kms.katalon.core.main.ScriptEngine.run(ScriptEngine.java:194)
	at com.kms.katalon.core.main.ScriptEngine.runScriptAsRawText(ScriptEngine.java:119)
	at com.kms.katalon.core.main.TestCaseExecutor.runScript(TestCaseExecutor.java:442)
	at com.kms.katalon.core.main.TestCaseExecutor.doExecute(TestCaseExecutor.java:433)
	at com.kms.katalon.core.main.TestCaseExecutor.processExecutionPhase(TestCaseExecutor.java:412)
	at com.kms.katalon.core.main.TestCaseExecutor.accessMainPhase(TestCaseExecutor.java:404)
	at com.kms.katalon.core.main.TestCaseExecutor.execute(TestCaseExecutor.java:281)
	at com.kms.katalon.core.main.TestSuiteExecutor.accessTestCaseMainPhase(TestSuiteExecutor.java:202)
	at com.kms.katalon.core.main.TestSuiteExecutor.accessTestSuiteMainPhase(TestSuiteExecutor.java:164)
	at com.kms.katalon.core.main.TestSuiteExecutor.execute(TestSuiteExecutor.java:105)
	at com.kms.katalon.core.main.TestCaseMain.startTestSuite(TestCaseMain.java:185)
	at com.kms.katalon.core.main.TestCaseMain$startTestSuite$0.call(Unknown Source)
	at TempTestSuite1676515943031.run(TempTestSuite1676515943031.groovy:36)
Caused by: com.kms.katalon.core.exception.StepFailedException: Text 'Transaction approved, no errors' is not present on page  using regular expression
	... 23 more


2023-02-15 21:54:04 - [TEST_STEP][PASSED] - executionProfile = getExecutionProfile(): null

2023-02-15 21:54:04 - [TEST_STEP][PASSED] - out.println("executionProfile : " + executionProfile): null

2023-02-15 21:54:04 - [TEST_STEP][PASSED] - appName = <not implemented yet for class: org.codehaus.groovy.ast.expr.EmptyExpression>: null

2023-02-15 21:54:04 - [TEST_STEP][PASSED] - appID = <not implemented yet for class: org.codehaus.groovy.ast.expr.EmptyExpression>: null

2023-02-15 21:54:04 - [TEST_STEP][PASSED] - username = <not implemented yet for class: org.codehaus.groovy.ast.expr.EmptyExpression>: null

2023-02-15 21:54:04 - [TEST_STEP][PASSED] - password = <not implemented yet for class: org.codehaus.groovy.ast.expr.EmptyExpression>: null

2023-02-15 21:54:04 - [TEST_STEP][PASSED] - cardNameV = <not implemented yet for class: org.codehaus.groovy.ast.expr.EmptyExpression>: null

2023-02-15 21:54:04 - [TEST_STEP][PASSED] - al1V = <not implemented yet for class: org.codehaus.groovy.ast.expr.EmptyExpression>: null

2023-02-15 21:54:04 - [TEST_STEP][PASSED] - al2V = <not implemented yet for class: org.codehaus.groovy.ast.expr.EmptyExpression>: null

2023-02-15 21:54:04 - [TEST_STEP][PASSED] - zipV = <not implemented yet for class: org.codehaus.groovy.ast.expr.EmptyExpression>: null

2023-02-15 21:54:04 - [TEST_STEP][PASSED] - cardTypeV = <not implemented yet for class: org.codehaus.groovy.ast.expr.EmptyExpression>: null

2023-02-15 21:54:04 - [TEST_STEP][PASSED] - last4V = <not implemented yet for class: org.codehaus.groovy.ast.expr.EmptyExpression>: null

2023-02-15 21:54:04 - [TEST_STEP][PASSED] - resText = "Fail": null

2023-02-15 21:54:04 - [TEST_STEP][PASSED] - resColumn = "Result": null

2023-02-15 21:54:04 - [TEST_STEP][PASSED] - datCloumn = "Date": null

2023-02-15 21:54:04 - [TEST_STEP][PASSED] - fileLoc = "KatalonData/VLinkSmokeData.xlsx": null

2023-02-15 21:54:04 - [TEST_STEP][PASSED] - numOfRows = <not implemented yet for class: org.codehaus.groovy.ast.expr.EmptyExpression>: null

2023-02-15 21:54:04 - [TEST_STEP][PASSED] - dataFile = <not implemented yet for class: org.codehaus.groovy.ast.expr.EmptyExpression>: null

2023-02-15 21:54:04 - [TEST_STEP][PASSED] - nameSheet = <not implemented yet for class: org.codehaus.groovy.ast.expr.EmptyExpression>: null

2023-02-15 21:54:04 - [TEST_STEP][PASSED] - nameSheet = "AuthCapture": null

2023-02-15 21:54:04 - [TEST_STEP][PASSED] - numOfRows = findTestData("QA/VLinkTestData/VLinkAuthCaptureData").getRowNumbers(): null

2023-02-15 21:54:04 - [TEST_STEP][PASSED] - println("Number of Records: " + numOfRows): null

2023-02-15 21:54:04 - [TEST_STEP][PASSED] - dataFile = "QA/VLinkTestData/VLinkAuthCaptureData": null

2023-02-15 21:54:04 - [TEST_STEP][FAILED] - for ([row = 1, row <= numOfRows, (row++)]): null

2023-02-15 21:54:04 - [TEST_STEP][PASSED] - ExecuteTC = findTestData(dataFile).getValue("Execute", row): null

2023-02-15 21:54:04 - [TEST_STEP][PASSED] - out.println("Value of Execute is : " + ExecuteTC): null

2023-02-15 21:54:04 - [TEST_STEP][PASSED] - switch (executionProfile): null

2023-02-15 21:54:04 - [TEST_STEP][PASSED] - case "QAProfile":: null

2023-02-15 21:54:04 - [TEST_STEP][PASSED] - appID = findTestData(dataFile).getValue("AppIDQA", row): null

2023-02-15 21:54:04 - [TEST_STEP][PASSED] - username = findTestData(dataFile).getValue("UsernameQA", row): null

2023-02-15 21:54:04 - [TEST_STEP][PASSED] - password = findTestData(dataFile).getValue("PasswordQA", row): null

2023-02-15 21:54:04 - [TEST_STEP][PASSED] - break: null

2023-02-15 21:54:04 - [TEST_STEP][PASSED] - if (ExecuteTC.equalsIgnoreCase("Y")): null

2023-02-15 21:54:04 - [TEST_STEP][PASSED] - out.println("Begin Record Number: " + row): null

2023-02-15 21:54:04 - [TEST_STEP][PASSED] - today = new java.util.Date(): null

2023-02-15 21:54:04 - [TEST_STEP][PASSED] - println(today): null

2023-02-15 21:54:04 - [TEST_STEP][PASSED] - datText = today: null

2023-02-15 21:54:04 - [TEST_STEP][PASSED] - category = findTestData(dataFile).getValue("Category", row): null

2023-02-15 21:54:04 - [TEST_STEP][PASSED] - amount = findTestData(dataFile).getValue("Amount", row): null

2023-02-15 21:54:04 - [TEST_STEP][PASSED] - cardNumber = findTestData(dataFile).getValue("CardNumber", row): null

2023-02-15 21:54:04 - [TEST_STEP][PASSED] - exM = findTestData(dataFile).getValue("ExM", row): null

2023-02-15 21:54:04 - [TEST_STEP][PASSED] - exY = findTestData(dataFile).getValue("ExY", row): null

2023-02-15 21:54:05 - [TEST_STEP][PASSED] - openBrowser(VLinkURL + "auth.html"): Browser is opened with url: 'https://dev-algorithm.govolution.com/vlinktest/QA/version_2_0/auth.html'

2023-02-15 21:54:05 - [MESSAGE][WARNING] - A browser is already opened. Closing browser and opening a new one

2023-02-15 21:54:05 - [MESSAGE][INFO] - Starting 'Chrome' driver

2023-02-15 21:54:05 - [MESSAGE][INFO] - User set preference: ['acceptInsecureCerts', 'true']

2023-02-15 21:54:05 - [MESSAGE][INFO] - Action delay is set to 0 milliseconds

2023-02-15 21:54:07 - [MESSAGE][PASSED] - Browser is opened with url: 'https://dev-algorithm.govolution.com/vlinktest/QA/version_2_0/auth.html'

2023-02-15 21:54:07 - [TEST_STEP][PASSED] - maximizeWindow(): Current window maximized

2023-02-15 21:54:08 - [MESSAGE][PASSED] - Current window maximized

2023-02-15 21:54:08 - [TEST_STEP][PASSED] - genRemID = RandomStringUtils.random(12, true, true): null

2023-02-15 21:54:08 - [TEST_STEP][PASSED] - setText(findTestObject("Object Repository/RecAndPlayBk/Page-Vlink-AuthOnly/input_Remittance Id_remittance_id"), genRemID): Text 'FQEjtREI8mpT' is set on object 'Object Repository/RecAndPlayBk/Page-Vlink-AuthOnly/input_Remittance Id_remittance_id'

2023-02-15 21:54:08 - [MESSAGE][PASSED] - Text 'FQEjtREI8mpT' is set on object 'Object Repository/RecAndPlayBk/Page-Vlink-AuthOnly/input_Remittance Id_remittance_id'

2023-02-15 21:54:08 - [TEST_STEP][PASSED] - setText(findTestObject("Object Repository/RecAndPlayBk/Page-Vlink-AuthOnly/input_Application Id_application_id"), appID): Text '234' is set on object 'Object Repository/RecAndPlayBk/Page-Vlink-AuthOnly/input_Application Id_application_id'

2023-02-15 21:54:09 - [MESSAGE][PASSED] - Text '234' is set on object 'Object Repository/RecAndPlayBk/Page-Vlink-AuthOnly/input_Application Id_application_id'

2023-02-15 21:54:09 - [TEST_STEP][PASSED] - setText(findTestObject("Object Repository/RecAndPlayBk/Page-Vlink-AuthOnly/input_Username_username"), username): Text 'username' is set on object 'Object Repository/RecAndPlayBk/Page-Vlink-AuthOnly/input_Username_username'

2023-02-15 21:54:10 - [MESSAGE][PASSED] - Text 'username' is set on object 'Object Repository/RecAndPlayBk/Page-Vlink-AuthOnly/input_Username_username'

2023-02-15 21:54:10 - [TEST_STEP][PASSED] - setText(findTestObject("Object Repository/RecAndPlayBk/Page-Vlink-AuthOnly/input_Password_password"), password): Text 'password' is set on object 'Object Repository/RecAndPlayBk/Page-Vlink-AuthOnly/input_Password_password'

2023-02-15 21:54:10 - [MESSAGE][PASSED] - Text 'password' is set on object 'Object Repository/RecAndPlayBk/Page-Vlink-AuthOnly/input_Password_password'

2023-02-15 21:54:10 - [TEST_STEP][PASSED] - setText(findTestObject("Object Repository/RecAndPlayBk/Page-Vlink-AuthOnly/input_Category_category"), category): Text 'ECOM' is set on object 'Object Repository/RecAndPlayBk/Page-Vlink-AuthOnly/input_Category_category'

2023-02-15 21:54:11 - [MESSAGE][PASSED] - Text 'ECOM' is set on object 'Object Repository/RecAndPlayBk/Page-Vlink-AuthOnly/input_Category_category'

2023-02-15 21:54:11 - [TEST_STEP][PASSED] - setText(findTestObject("Object Repository/RecAndPlayBk/Page-Vlink-AuthOnly/input_Amount_amount"), amount): Text '10.5' is set on object 'Object Repository/RecAndPlayBk/Page-Vlink-AuthOnly/input_Amount_amount'

2023-02-15 21:54:11 - [MESSAGE][PASSED] - Text '10.5' is set on object 'Object Repository/RecAndPlayBk/Page-Vlink-AuthOnly/input_Amount_amount'

2023-02-15 21:54:11 - [TEST_STEP][PASSED] - doubleClick(findTestObject("Object Repository/RecAndPlayBk/Page-Vlink-AuthOnly/input_Card number_card_number")): Object: 'Object Repository/RecAndPlayBk/Page-Vlink-AuthOnly/input_Card number_card_number' is double clicked on

2023-02-15 21:54:12 - [MESSAGE][PASSED] - Object: 'Object Repository/RecAndPlayBk/Page-Vlink-AuthOnly/input_Card number_card_number' is double clicked on

2023-02-15 21:54:12 - [TEST_STEP][PASSED] - setText(findTestObject("Object Repository/RecAndPlayBk/Page-Vlink-AuthOnly/input_Card number_card_number"), cardNumber): Text '4111111111111111' is set on object 'Object Repository/RecAndPlayBk/Page-Vlink-AuthOnly/input_Card number_card_number'

2023-02-15 21:54:12 - [MESSAGE][PASSED] - Text '4111111111111111' is set on object 'Object Repository/RecAndPlayBk/Page-Vlink-AuthOnly/input_Card number_card_number'

2023-02-15 21:54:12 - [TEST_STEP][PASSED] - setText(findTestObject("Object Repository/RecAndPlayBk/Page-Vlink-AuthOnly/input_Card ex month_card_exmo"), exM): Text '12' is set on object 'Object Repository/RecAndPlayBk/Page-Vlink-AuthOnly/input_Card ex month_card_exmo'

2023-02-15 21:54:13 - [MESSAGE][PASSED] - Text '12' is set on object 'Object Repository/RecAndPlayBk/Page-Vlink-AuthOnly/input_Card ex month_card_exmo'

2023-02-15 21:54:13 - [TEST_STEP][PASSED] - setText(findTestObject("Object Repository/RecAndPlayBk/Page-Vlink-AuthOnly/input_Card ex year_card_exyr"), exY): Text '2029' is set on object 'Object Repository/RecAndPlayBk/Page-Vlink-AuthOnly/input_Card ex year_card_exyr'

2023-02-15 21:54:14 - [MESSAGE][PASSED] - Text '2029' is set on object 'Object Repository/RecAndPlayBk/Page-Vlink-AuthOnly/input_Card ex year_card_exyr'

2023-02-15 21:54:14 - [TEST_STEP][PASSED] - click(findTestObject("Object Repository/RecAndPlayBk/Page-Vlink-AuthOnly/input_Track Data_track_data")): Object: 'Object Repository/RecAndPlayBk/Page-Vlink-AuthOnly/input_Track Data_track_data' is clicked on

2023-02-15 21:54:14 - [MESSAGE][PASSED] - Object: 'Object Repository/RecAndPlayBk/Page-Vlink-AuthOnly/input_Track Data_track_data' is clicked on

2023-02-15 21:54:14 - [TEST_STEP][PASSED] - click(findTestObject("Object Repository/RecAndPlayBk/Page-Vlink-AuthOnly/input_CVV state_cvv_state")): Object: 'Object Repository/RecAndPlayBk/Page-Vlink-AuthOnly/input_CVV state_cvv_state' is clicked on

2023-02-15 21:54:14 - [MESSAGE][PASSED] - Object: 'Object Repository/RecAndPlayBk/Page-Vlink-AuthOnly/input_CVV state_cvv_state' is clicked on

2023-02-15 21:54:14 - [TEST_STEP][PASSED] - setText(findTestObject("Object Repository/RecAndPlayBk/Page-Vlink-AuthOnly/input_Track Data_track_data"), ""): Text '' is set on object 'Object Repository/RecAndPlayBk/Page-Vlink-AuthOnly/input_Track Data_track_data'

2023-02-15 21:54:15 - [MESSAGE][PASSED] - Text '' is set on object 'Object Repository/RecAndPlayBk/Page-Vlink-AuthOnly/input_Track Data_track_data'

2023-02-15 21:54:15 - [TEST_STEP][PASSED] - setText(findTestObject("Object Repository/RecAndPlayBk/Page-Vlink-AuthOnly/input_concat(Cardholder, , s email)_email"), ""): Text '' is set on object 'Object Repository/RecAndPlayBk/Page-Vlink-AuthOnly/input_concat(Cardholder, , s email)_email'

2023-02-15 21:54:16 - [MESSAGE][PASSED] - Text '' is set on object 'Object Repository/RecAndPlayBk/Page-Vlink-AuthOnly/input_concat(Cardholder, , s email)_email'

2023-02-15 21:54:16 - [TEST_STEP][PASSED] - click(findTestObject("Object Repository/RecAndPlayBk/Page-Vlink-AuthOnly/input_user_defined10_user_defined10")): Object: 'Object Repository/RecAndPlayBk/Page-Vlink-AuthOnly/input_user_defined10_user_defined10' is clicked on

2023-02-15 21:54:16 - [MESSAGE][PASSED] - Object: 'Object Repository/RecAndPlayBk/Page-Vlink-AuthOnly/input_user_defined10_user_defined10' is clicked on

2023-02-15 21:54:16 - [TEST_STEP][PASSED] - if (executionProfile.equalsIgnoreCase("QAProfile")): Text '' is set on object 'Object Repository/RecAndPlayBk/Page-Vlink-AuthOnly/input_COF Transaction Initiated by_cof_tran_6cded5'

2023-02-15 21:54:16 - [TEST_STEP][PASSED] - setText(findTestObject("Object Repository/RecAndPlayBk/Page-Vlink-AuthOnly/input_Card on File Indicator_card_on_file_i_157dae"), ""): Text '' is set on object 'Object Repository/RecAndPlayBk/Page-Vlink-AuthOnly/input_Card on File Indicator_card_on_file_i_157dae'

2023-02-15 21:54:17 - [MESSAGE][PASSED] - Text '' is set on object 'Object Repository/RecAndPlayBk/Page-Vlink-AuthOnly/input_Card on File Indicator_card_on_file_i_157dae'

2023-02-15 21:54:17 - [TEST_STEP][PASSED] - setText(findTestObject("Object Repository/RecAndPlayBk/Page-Vlink-AuthOnly/input_Stored Credential Indicator_stored_cr_4ae73c"), ""): Text '' is set on object 'Object Repository/RecAndPlayBk/Page-Vlink-AuthOnly/input_Stored Credential Indicator_stored_cr_4ae73c'

2023-02-15 21:54:17 - [MESSAGE][PASSED] - Text '' is set on object 'Object Repository/RecAndPlayBk/Page-Vlink-AuthOnly/input_Stored Credential Indicator_stored_cr_4ae73c'

2023-02-15 21:54:17 - [TEST_STEP][PASSED] - setText(findTestObject("Object Repository/RecAndPlayBk/Page-Vlink-AuthOnly/input_COF Scheduled indicator_cof_scheduled_8df7d8"), ""): Text '' is set on object 'Object Repository/RecAndPlayBk/Page-Vlink-AuthOnly/input_COF Scheduled indicator_cof_scheduled_8df7d8'

2023-02-15 21:54:18 - [MESSAGE][PASSED] - Text '' is set on object 'Object Repository/RecAndPlayBk/Page-Vlink-AuthOnly/input_COF Scheduled indicator_cof_scheduled_8df7d8'

2023-02-15 21:54:18 - [TEST_STEP][PASSED] - setText(findTestObject("Object Repository/RecAndPlayBk/Page-Vlink-AuthOnly/input_COF Transaction Initiated by_cof_tran_6cded5"), ""): Text '' is set on object 'Object Repository/RecAndPlayBk/Page-Vlink-AuthOnly/input_COF Transaction Initiated by_cof_tran_6cded5'

2023-02-15 21:54:19 - [MESSAGE][PASSED] - Text '' is set on object 'Object Repository/RecAndPlayBk/Page-Vlink-AuthOnly/input_COF Transaction Initiated by_cof_tran_6cded5'

2023-02-15 21:54:19 - [TEST_STEP][PASSED] - click(findTestObject("Object Repository/RecAndPlayBk/Page-Vlink-AuthOnly/input")): Object: 'Object Repository/RecAndPlayBk/Page-Vlink-AuthOnly/input' is clicked on

2023-02-15 21:54:19 - [MESSAGE][PASSED] - Object: 'Object Repository/RecAndPlayBk/Page-Vlink-AuthOnly/input' is clicked on

2023-02-15 21:54:19 - [TEST_STEP][PASSED] - if (verifyTextPresent("Transaction approved, no errors", true)): null

2023-02-15 21:54:20 - [MESSAGE][PASSED] - Text 'Transaction approved, no errors' is present on page  using regular expression

2023-02-15 21:54:20 - [TEST_STEP][PASSED] - out.println("Auth was successful, Capture now"): null

2023-02-15 21:54:20 - [TEST_STEP][PASSED] - sdfo = getText(findTestObject("Object Repository/Page_VLinkReceipt/pre_STX")): Text of object 'Object Repository/Page_VLinkReceipt/pre_STX' is: '<STX>FQEjtREI8mpT                  12126597            0  Transaction approved, no errors                   0                                                                                  Y 771985920<ETX>'

2023-02-15 21:54:20 - [MESSAGE][PASSED] - Text of object 'Object Repository/Page_VLinkReceipt/pre_STX' is: '<STX>FQEjtREI8mpT                  12126597            0  Transaction approved, no errors                   0                                                                                  Y 771985920<ETX>'

2023-02-15 21:54:20 - [TEST_STEP][PASSED] - out.println("sdfo: " + sdfo): null

2023-02-15 21:54:20 - [TEST_STEP][PASSED] - remID = substring(5, 35).trim(): null

2023-02-15 21:54:20 - [TEST_STEP][PASSED] - out.println("remID: " + remID): null

2023-02-15 21:54:20 - [TEST_STEP][PASSED] - traxID = substring(35, 55).trim(): null

2023-02-15 21:54:20 - [TEST_STEP][PASSED] - out.println("traxID: " + traxID): null

2023-02-15 21:54:20 - [TEST_STEP][PASSED] - VLinkSaleRemID = remID: null

2023-02-15 21:54:20 - [TEST_STEP][PASSED] - VLinkSaleTranxID = traxID: null

2023-02-15 21:54:20 - [TEST_STEP][PASSED] - openBrowser(VLinkURL + "capture.html"): Browser is opened with url: 'https://dev-algorithm.govolution.com/vlinktest/QA/version_2_0/capture.html'

2023-02-15 21:54:20 - [MESSAGE][WARNING] - A browser is already opened. Closing browser and opening a new one

2023-02-15 21:54:21 - [MESSAGE][INFO] - Starting 'Chrome' driver

2023-02-15 21:54:21 - [MESSAGE][INFO] - User set preference: ['acceptInsecureCerts', 'true']

2023-02-15 21:54:21 - [MESSAGE][INFO] - Action delay is set to 0 milliseconds

2023-02-15 21:54:23 - [MESSAGE][PASSED] - Browser is opened with url: 'https://dev-algorithm.govolution.com/vlinktest/QA/version_2_0/capture.html'

2023-02-15 21:54:23 - [TEST_STEP][PASSED] - maximizeWindow(): Current window maximized

2023-02-15 21:54:23 - [MESSAGE][PASSED] - Current window maximized

2023-02-15 21:54:23 - [TEST_STEP][PASSED] - setText(findTestObject("Object Repository/RecAndPlayBk/Page-VLink-Capture/input_Remittance Id_remittance_id"), VLinkSaleRemID): Text 'FQEjtREI8mpT' is set on object 'Object Repository/RecAndPlayBk/Page-VLink-Capture/input_Remittance Id_remittance_id'

2023-02-15 21:54:24 - [MESSAGE][PASSED] - Text 'FQEjtREI8mpT' is set on object 'Object Repository/RecAndPlayBk/Page-VLink-Capture/input_Remittance Id_remittance_id'

2023-02-15 21:54:24 - [TEST_STEP][PASSED] - setText(findTestObject("Object Repository/RecAndPlayBk/Page-VLink-Capture/input_Application Id_application_id"), appID): Text '234' is set on object 'Object Repository/RecAndPlayBk/Page-VLink-Capture/input_Application Id_application_id'

2023-02-15 21:54:24 - [MESSAGE][PASSED] - Text '234' is set on object 'Object Repository/RecAndPlayBk/Page-VLink-Capture/input_Application Id_application_id'

2023-02-15 21:54:24 - [TEST_STEP][PASSED] - setText(findTestObject("Object Repository/RecAndPlayBk/Page-VLink-Capture/input_Username_username"), username): Text 'username' is set on object 'Object Repository/RecAndPlayBk/Page-VLink-Capture/input_Username_username'

2023-02-15 21:54:25 - [MESSAGE][PASSED] - Text 'username' is set on object 'Object Repository/RecAndPlayBk/Page-VLink-Capture/input_Username_username'

2023-02-15 21:54:25 - [TEST_STEP][PASSED] - setText(findTestObject("Object Repository/RecAndPlayBk/Page-VLink-Capture/input_Password_password"), password): Text 'password' is set on object 'Object Repository/RecAndPlayBk/Page-VLink-Capture/input_Password_password'

2023-02-15 21:54:26 - [MESSAGE][PASSED] - Text 'password' is set on object 'Object Repository/RecAndPlayBk/Page-VLink-Capture/input_Password_password'

2023-02-15 21:54:26 - [TEST_STEP][PASSED] - setText(findTestObject("Object Repository/RecAndPlayBk/Page-VLink-Capture/input_Transaction ID_transaction_id"), VLinkSaleTranxID): Text '12126597' is set on object 'Object Repository/RecAndPlayBk/Page-VLink-Capture/input_Transaction ID_transaction_id'

2023-02-15 21:54:26 - [MESSAGE][PASSED] - Text '12126597' is set on object 'Object Repository/RecAndPlayBk/Page-VLink-Capture/input_Transaction ID_transaction_id'

2023-02-15 21:54:26 - [TEST_STEP][PASSED] - setText(findTestObject("Object Repository/RecAndPlayBk/Page-VLink-Capture/input_Amount_amount"), amount): Text '10.5' is set on object 'Object Repository/RecAndPlayBk/Page-VLink-Capture/input_Amount_amount'

2023-02-15 21:54:27 - [MESSAGE][PASSED] - Text '10.5' is set on object 'Object Repository/RecAndPlayBk/Page-VLink-Capture/input_Amount_amount'

2023-02-15 21:54:27 - [TEST_STEP][PASSED] - click(findTestObject("Object Repository/RecAndPlayBk/Page-VLink-Capture/input")): Object: 'Object Repository/RecAndPlayBk/Page-VLink-Capture/input' is clicked on

2023-02-15 21:54:28 - [MESSAGE][PASSED] - Object: 'Object Repository/RecAndPlayBk/Page-VLink-Capture/input' is clicked on

2023-02-15 21:54:28 - [TEST_STEP][PASSED] - if (verifyTextPresent("Transaction approved, no errors", true)): null

2023-02-15 21:54:29 - [MESSAGE][PASSED] - Text 'Transaction approved, no errors' is present on page  using regular expression

2023-02-15 21:54:29 - [TEST_STEP][PASSED] - println("Transaction Approved, no errors text is present on the Confirmation page"): null

2023-02-15 21:54:29 - [TEST_STEP][PASSED] - out.println("Pass Record Number: " + row): null

2023-02-15 21:54:29 - [TEST_STEP][PASSED] - resText = "Pass": null

2023-02-15 21:54:29 - [TEST_STEP][PASSED] - pages.WriteExcel.demoKey(resText, datText, resColumn, datCloumn, fileLoc, nameSheet, row): pages.WriteExcel.demoKey is PASSED

2023-02-15 21:54:29 - [MESSAGE][PASSED] - pages.WriteExcel.demoKey is PASSED

2023-02-15 21:54:29 - [TEST_STEP][PASSED] - ExecuteTC = findTestData(dataFile).getValue("Execute", row): null

2023-02-15 21:54:29 - [TEST_STEP][PASSED] - out.println("Value of Execute is : " + ExecuteTC): null

2023-02-15 21:54:29 - [TEST_STEP][PASSED] - switch (executionProfile): null

2023-02-15 21:54:29 - [TEST_STEP][PASSED] - case "QAProfile":: null

2023-02-15 21:54:29 - [TEST_STEP][PASSED] - appID = findTestData(dataFile).getValue("AppIDQA", row): null

2023-02-15 21:54:29 - [TEST_STEP][PASSED] - username = findTestData(dataFile).getValue("UsernameQA", row): null

2023-02-15 21:54:29 - [TEST_STEP][PASSED] - password = findTestData(dataFile).getValue("PasswordQA", row): null

2023-02-15 21:54:29 - [TEST_STEP][PASSED] - break: null

2023-02-15 21:54:29 - [TEST_STEP][PASSED] - if (ExecuteTC.equalsIgnoreCase("Y")): null

2023-02-15 21:54:29 - [TEST_STEP][PASSED] - out.println("Begin Record Number: " + row): null

2023-02-15 21:54:29 - [TEST_STEP][PASSED] - today = new java.util.Date(): null

2023-02-15 21:54:29 - [TEST_STEP][PASSED] - println(today): null

2023-02-15 21:54:29 - [TEST_STEP][PASSED] - datText = today: null

2023-02-15 21:54:29 - [TEST_STEP][PASSED] - category = findTestData(dataFile).getValue("Category", row): null

2023-02-15 21:54:29 - [TEST_STEP][PASSED] - amount = findTestData(dataFile).getValue("Amount", row): null

2023-02-15 21:54:29 - [TEST_STEP][PASSED] - cardNumber = findTestData(dataFile).getValue("CardNumber", row): null

2023-02-15 21:54:29 - [TEST_STEP][PASSED] - exM = findTestData(dataFile).getValue("ExM", row): null

2023-02-15 21:54:29 - [TEST_STEP][PASSED] - exY = findTestData(dataFile).getValue("ExY", row): null

2023-02-15 21:54:30 - [TEST_STEP][PASSED] - openBrowser(VLinkURL + "auth.html"): Browser is opened with url: 'https://dev-algorithm.govolution.com/vlinktest/QA/version_2_0/auth.html'

2023-02-15 21:54:30 - [MESSAGE][WARNING] - A browser is already opened. Closing browser and opening a new one

2023-02-15 21:54:30 - [MESSAGE][INFO] - Starting 'Chrome' driver

2023-02-15 21:54:30 - [MESSAGE][INFO] - User set preference: ['acceptInsecureCerts', 'true']

2023-02-15 21:54:30 - [MESSAGE][INFO] - Action delay is set to 0 milliseconds

2023-02-15 21:54:32 - [MESSAGE][PASSED] - Browser is opened with url: 'https://dev-algorithm.govolution.com/vlinktest/QA/version_2_0/auth.html'

2023-02-15 21:54:32 - [TEST_STEP][PASSED] - maximizeWindow(): Current window maximized

2023-02-15 21:54:32 - [MESSAGE][PASSED] - Current window maximized

2023-02-15 21:54:32 - [TEST_STEP][PASSED] - genRemID = RandomStringUtils.random(12, true, true): null

2023-02-15 21:54:32 - [TEST_STEP][PASSED] - setText(findTestObject("Object Repository/RecAndPlayBk/Page-Vlink-AuthOnly/input_Remittance Id_remittance_id"), genRemID): Text 'wZgqVcgHM8kg' is set on object 'Object Repository/RecAndPlayBk/Page-Vlink-AuthOnly/input_Remittance Id_remittance_id'

2023-02-15 21:54:33 - [MESSAGE][PASSED] - Text 'wZgqVcgHM8kg' is set on object 'Object Repository/RecAndPlayBk/Page-Vlink-AuthOnly/input_Remittance Id_remittance_id'

2023-02-15 21:54:33 - [TEST_STEP][PASSED] - setText(findTestObject("Object Repository/RecAndPlayBk/Page-Vlink-AuthOnly/input_Application Id_application_id"), appID): Text '234' is set on object 'Object Repository/RecAndPlayBk/Page-Vlink-AuthOnly/input_Application Id_application_id'

2023-02-15 21:54:34 - [MESSAGE][PASSED] - Text '234' is set on object 'Object Repository/RecAndPlayBk/Page-Vlink-AuthOnly/input_Application Id_application_id'

2023-02-15 21:54:34 - [TEST_STEP][PASSED] - setText(findTestObject("Object Repository/RecAndPlayBk/Page-Vlink-AuthOnly/input_Username_username"), username): Text 'username' is set on object 'Object Repository/RecAndPlayBk/Page-Vlink-AuthOnly/input_Username_username'

2023-02-15 21:54:34 - [MESSAGE][PASSED] - Text 'username' is set on object 'Object Repository/RecAndPlayBk/Page-Vlink-AuthOnly/input_Username_username'

2023-02-15 21:54:34 - [TEST_STEP][PASSED] - setText(findTestObject("Object Repository/RecAndPlayBk/Page-Vlink-AuthOnly/input_Password_password"), password): Text 'password' is set on object 'Object Repository/RecAndPlayBk/Page-Vlink-AuthOnly/input_Password_password'

2023-02-15 21:54:35 - [MESSAGE][PASSED] - Text 'password' is set on object 'Object Repository/RecAndPlayBk/Page-Vlink-AuthOnly/input_Password_password'

2023-02-15 21:54:35 - [TEST_STEP][PASSED] - setText(findTestObject("Object Repository/RecAndPlayBk/Page-Vlink-AuthOnly/input_Category_category"), category): Text 'MOTO' is set on object 'Object Repository/RecAndPlayBk/Page-Vlink-AuthOnly/input_Category_category'

2023-02-15 21:54:36 - [MESSAGE][PASSED] - Text 'MOTO' is set on object 'Object Repository/RecAndPlayBk/Page-Vlink-AuthOnly/input_Category_category'

2023-02-15 21:54:36 - [TEST_STEP][PASSED] - setText(findTestObject("Object Repository/RecAndPlayBk/Page-Vlink-AuthOnly/input_Amount_amount"), amount): Text '10.5' is set on object 'Object Repository/RecAndPlayBk/Page-Vlink-AuthOnly/input_Amount_amount'

2023-02-15 21:54:36 - [MESSAGE][PASSED] - Text '10.5' is set on object 'Object Repository/RecAndPlayBk/Page-Vlink-AuthOnly/input_Amount_amount'

2023-02-15 21:54:36 - [TEST_STEP][PASSED] - doubleClick(findTestObject("Object Repository/RecAndPlayBk/Page-Vlink-AuthOnly/input_Card number_card_number")): Object: 'Object Repository/RecAndPlayBk/Page-Vlink-AuthOnly/input_Card number_card_number' is double clicked on

2023-02-15 21:54:37 - [MESSAGE][PASSED] - Object: 'Object Repository/RecAndPlayBk/Page-Vlink-AuthOnly/input_Card number_card_number' is double clicked on

2023-02-15 21:54:37 - [TEST_STEP][PASSED] - setText(findTestObject("Object Repository/RecAndPlayBk/Page-Vlink-AuthOnly/input_Card number_card_number"), cardNumber): Text '5424000000000015' is set on object 'Object Repository/RecAndPlayBk/Page-Vlink-AuthOnly/input_Card number_card_number'

2023-02-15 21:54:37 - [MESSAGE][PASSED] - Text '5424000000000015' is set on object 'Object Repository/RecAndPlayBk/Page-Vlink-AuthOnly/input_Card number_card_number'

2023-02-15 21:54:37 - [TEST_STEP][PASSED] - setText(findTestObject("Object Repository/RecAndPlayBk/Page-Vlink-AuthOnly/input_Card ex month_card_exmo"), exM): Text '12' is set on object 'Object Repository/RecAndPlayBk/Page-Vlink-AuthOnly/input_Card ex month_card_exmo'

2023-02-15 21:54:38 - [MESSAGE][PASSED] - Text '12' is set on object 'Object Repository/RecAndPlayBk/Page-Vlink-AuthOnly/input_Card ex month_card_exmo'

2023-02-15 21:54:38 - [TEST_STEP][PASSED] - setText(findTestObject("Object Repository/RecAndPlayBk/Page-Vlink-AuthOnly/input_Card ex year_card_exyr"), exY): Text '2029' is set on object 'Object Repository/RecAndPlayBk/Page-Vlink-AuthOnly/input_Card ex year_card_exyr'

2023-02-15 21:54:39 - [MESSAGE][PASSED] - Text '2029' is set on object 'Object Repository/RecAndPlayBk/Page-Vlink-AuthOnly/input_Card ex year_card_exyr'

2023-02-15 21:54:39 - [TEST_STEP][PASSED] - click(findTestObject("Object Repository/RecAndPlayBk/Page-Vlink-AuthOnly/input_Track Data_track_data")): Object: 'Object Repository/RecAndPlayBk/Page-Vlink-AuthOnly/input_Track Data_track_data' is clicked on

2023-02-15 21:54:39 - [MESSAGE][PASSED] - Object: 'Object Repository/RecAndPlayBk/Page-Vlink-AuthOnly/input_Track Data_track_data' is clicked on

2023-02-15 21:54:39 - [TEST_STEP][PASSED] - click(findTestObject("Object Repository/RecAndPlayBk/Page-Vlink-AuthOnly/input_CVV state_cvv_state")): Object: 'Object Repository/RecAndPlayBk/Page-Vlink-AuthOnly/input_CVV state_cvv_state' is clicked on

2023-02-15 21:54:39 - [MESSAGE][PASSED] - Object: 'Object Repository/RecAndPlayBk/Page-Vlink-AuthOnly/input_CVV state_cvv_state' is clicked on

2023-02-15 21:54:39 - [TEST_STEP][PASSED] - setText(findTestObject("Object Repository/RecAndPlayBk/Page-Vlink-AuthOnly/input_Track Data_track_data"), ""): Text '' is set on object 'Object Repository/RecAndPlayBk/Page-Vlink-AuthOnly/input_Track Data_track_data'

2023-02-15 21:54:40 - [MESSAGE][PASSED] - Text '' is set on object 'Object Repository/RecAndPlayBk/Page-Vlink-AuthOnly/input_Track Data_track_data'

2023-02-15 21:54:40 - [TEST_STEP][PASSED] - setText(findTestObject("Object Repository/RecAndPlayBk/Page-Vlink-AuthOnly/input_concat(Cardholder, , s email)_email"), ""): Text '' is set on object 'Object Repository/RecAndPlayBk/Page-Vlink-AuthOnly/input_concat(Cardholder, , s email)_email'

2023-02-15 21:54:40 - [MESSAGE][PASSED] - Text '' is set on object 'Object Repository/RecAndPlayBk/Page-Vlink-AuthOnly/input_concat(Cardholder, , s email)_email'

2023-02-15 21:54:40 - [TEST_STEP][PASSED] - click(findTestObject("Object Repository/RecAndPlayBk/Page-Vlink-AuthOnly/input_user_defined10_user_defined10")): Object: 'Object Repository/RecAndPlayBk/Page-Vlink-AuthOnly/input_user_defined10_user_defined10' is clicked on

2023-02-15 21:54:41 - [MESSAGE][PASSED] - Object: 'Object Repository/RecAndPlayBk/Page-Vlink-AuthOnly/input_user_defined10_user_defined10' is clicked on

2023-02-15 21:54:41 - [TEST_STEP][PASSED] - if (executionProfile.equalsIgnoreCase("QAProfile")): Text '' is set on object 'Object Repository/RecAndPlayBk/Page-Vlink-AuthOnly/input_COF Transaction Initiated by_cof_tran_6cded5'

2023-02-15 21:54:41 - [TEST_STEP][PASSED] - setText(findTestObject("Object Repository/RecAndPlayBk/Page-Vlink-AuthOnly/input_Card on File Indicator_card_on_file_i_157dae"), ""): Text '' is set on object 'Object Repository/RecAndPlayBk/Page-Vlink-AuthOnly/input_Card on File Indicator_card_on_file_i_157dae'

2023-02-15 21:54:41 - [MESSAGE][PASSED] - Text '' is set on object 'Object Repository/RecAndPlayBk/Page-Vlink-AuthOnly/input_Card on File Indicator_card_on_file_i_157dae'

2023-02-15 21:54:41 - [TEST_STEP][PASSED] - setText(findTestObject("Object Repository/RecAndPlayBk/Page-Vlink-AuthOnly/input_Stored Credential Indicator_stored_cr_4ae73c"), ""): Text '' is set on object 'Object Repository/RecAndPlayBk/Page-Vlink-AuthOnly/input_Stored Credential Indicator_stored_cr_4ae73c'

2023-02-15 21:54:42 - [MESSAGE][PASSED] - Text '' is set on object 'Object Repository/RecAndPlayBk/Page-Vlink-AuthOnly/input_Stored Credential Indicator_stored_cr_4ae73c'

2023-02-15 21:54:42 - [TEST_STEP][PASSED] - setText(findTestObject("Object Repository/RecAndPlayBk/Page-Vlink-AuthOnly/input_COF Scheduled indicator_cof_scheduled_8df7d8"), ""): Text '' is set on object 'Object Repository/RecAndPlayBk/Page-Vlink-AuthOnly/input_COF Scheduled indicator_cof_scheduled_8df7d8'

2023-02-15 21:54:43 - [MESSAGE][PASSED] - Text '' is set on object 'Object Repository/RecAndPlayBk/Page-Vlink-AuthOnly/input_COF Scheduled indicator_cof_scheduled_8df7d8'

2023-02-15 21:54:43 - [TEST_STEP][PASSED] - setText(findTestObject("Object Repository/RecAndPlayBk/Page-Vlink-AuthOnly/input_COF Transaction Initiated by_cof_tran_6cded5"), ""): Text '' is set on object 'Object Repository/RecAndPlayBk/Page-Vlink-AuthOnly/input_COF Transaction Initiated by_cof_tran_6cded5'

2023-02-15 21:54:43 - [MESSAGE][PASSED] - Text '' is set on object 'Object Repository/RecAndPlayBk/Page-Vlink-AuthOnly/input_COF Transaction Initiated by_cof_tran_6cded5'

2023-02-15 21:54:43 - [TEST_STEP][PASSED] - click(findTestObject("Object Repository/RecAndPlayBk/Page-Vlink-AuthOnly/input")): Object: 'Object Repository/RecAndPlayBk/Page-Vlink-AuthOnly/input' is clicked on

2023-02-15 21:54:44 - [MESSAGE][PASSED] - Object: 'Object Repository/RecAndPlayBk/Page-Vlink-AuthOnly/input' is clicked on

2023-02-15 21:54:44 - [TEST_STEP][PASSED] - if (verifyTextPresent("Transaction approved, no errors", true)): null

2023-02-15 21:54:45 - [MESSAGE][PASSED] - Text 'Transaction approved, no errors' is present on page  using regular expression

2023-02-15 21:54:45 - [TEST_STEP][PASSED] - out.println("Auth was successful, Capture now"): null

2023-02-15 21:54:45 - [TEST_STEP][PASSED] - sdfo = getText(findTestObject("Object Repository/Page_VLinkReceipt/pre_STX")): Text of object 'Object Repository/Page_VLinkReceipt/pre_STX' is: '<STX>wZgqVcgHM8kg                  12126599            0  Transaction approved, no errors                   0                                                                                  Y 451699608<ETX>'

2023-02-15 21:54:45 - [MESSAGE][PASSED] - Text of object 'Object Repository/Page_VLinkReceipt/pre_STX' is: '<STX>wZgqVcgHM8kg                  12126599            0  Transaction approved, no errors                   0                                                                                  Y 451699608<ETX>'

2023-02-15 21:54:45 - [TEST_STEP][PASSED] - out.println("sdfo: " + sdfo): null

2023-02-15 21:54:45 - [TEST_STEP][PASSED] - remID = substring(5, 35).trim(): null

2023-02-15 21:54:45 - [TEST_STEP][PASSED] - out.println("remID: " + remID): null

2023-02-15 21:54:45 - [TEST_STEP][PASSED] - traxID = substring(35, 55).trim(): null

2023-02-15 21:54:45 - [TEST_STEP][PASSED] - out.println("traxID: " + traxID): null

2023-02-15 21:54:45 - [TEST_STEP][PASSED] - VLinkSaleRemID = remID: null

2023-02-15 21:54:45 - [TEST_STEP][PASSED] - VLinkSaleTranxID = traxID: null

2023-02-15 21:54:45 - [TEST_STEP][PASSED] - openBrowser(VLinkURL + "capture.html"): Browser is opened with url: 'https://dev-algorithm.govolution.com/vlinktest/QA/version_2_0/capture.html'

2023-02-15 21:54:45 - [MESSAGE][WARNING] - A browser is already opened. Closing browser and opening a new one

2023-02-15 21:54:46 - [MESSAGE][INFO] - Starting 'Chrome' driver

2023-02-15 21:54:46 - [MESSAGE][INFO] - User set preference: ['acceptInsecureCerts', 'true']

2023-02-15 21:54:46 - [MESSAGE][INFO] - Action delay is set to 0 milliseconds

2023-02-15 21:54:48 - [MESSAGE][PASSED] - Browser is opened with url: 'https://dev-algorithm.govolution.com/vlinktest/QA/version_2_0/capture.html'

2023-02-15 21:54:48 - [TEST_STEP][PASSED] - maximizeWindow(): Current window maximized

2023-02-15 21:54:48 - [MESSAGE][PASSED] - Current window maximized

2023-02-15 21:54:48 - [TEST_STEP][PASSED] - setText(findTestObject("Object Repository/RecAndPlayBk/Page-VLink-Capture/input_Remittance Id_remittance_id"), VLinkSaleRemID): Text 'wZgqVcgHM8kg' is set on object 'Object Repository/RecAndPlayBk/Page-VLink-Capture/input_Remittance Id_remittance_id'

2023-02-15 21:54:48 - [MESSAGE][PASSED] - Text 'wZgqVcgHM8kg' is set on object 'Object Repository/RecAndPlayBk/Page-VLink-Capture/input_Remittance Id_remittance_id'

2023-02-15 21:54:48 - [TEST_STEP][PASSED] - setText(findTestObject("Object Repository/RecAndPlayBk/Page-VLink-Capture/input_Application Id_application_id"), appID): Text '234' is set on object 'Object Repository/RecAndPlayBk/Page-VLink-Capture/input_Application Id_application_id'

2023-02-15 21:54:49 - [MESSAGE][PASSED] - Text '234' is set on object 'Object Repository/RecAndPlayBk/Page-VLink-Capture/input_Application Id_application_id'

2023-02-15 21:54:49 - [TEST_STEP][PASSED] - setText(findTestObject("Object Repository/RecAndPlayBk/Page-VLink-Capture/input_Username_username"), username): Text 'username' is set on object 'Object Repository/RecAndPlayBk/Page-VLink-Capture/input_Username_username'

2023-02-15 21:54:50 - [MESSAGE][PASSED] - Text 'username' is set on object 'Object Repository/RecAndPlayBk/Page-VLink-Capture/input_Username_username'

2023-02-15 21:54:50 - [TEST_STEP][PASSED] - setText(findTestObject("Object Repository/RecAndPlayBk/Page-VLink-Capture/input_Password_password"), password): Text 'password' is set on object 'Object Repository/RecAndPlayBk/Page-VLink-Capture/input_Password_password'

2023-02-15 21:54:50 - [MESSAGE][PASSED] - Text 'password' is set on object 'Object Repository/RecAndPlayBk/Page-VLink-Capture/input_Password_password'

2023-02-15 21:54:50 - [TEST_STEP][PASSED] - setText(findTestObject("Object Repository/RecAndPlayBk/Page-VLink-Capture/input_Transaction ID_transaction_id"), VLinkSaleTranxID): Text '12126599' is set on object 'Object Repository/RecAndPlayBk/Page-VLink-Capture/input_Transaction ID_transaction_id'

2023-02-15 21:54:51 - [MESSAGE][PASSED] - Text '12126599' is set on object 'Object Repository/RecAndPlayBk/Page-VLink-Capture/input_Transaction ID_transaction_id'

2023-02-15 21:54:51 - [TEST_STEP][PASSED] - setText(findTestObject("Object Repository/RecAndPlayBk/Page-VLink-Capture/input_Amount_amount"), amount): Text '10.5' is set on object 'Object Repository/RecAndPlayBk/Page-VLink-Capture/input_Amount_amount'

2023-02-15 21:54:52 - [MESSAGE][PASSED] - Text '10.5' is set on object 'Object Repository/RecAndPlayBk/Page-VLink-Capture/input_Amount_amount'

2023-02-15 21:54:52 - [TEST_STEP][PASSED] - click(findTestObject("Object Repository/RecAndPlayBk/Page-VLink-Capture/input")): Object: 'Object Repository/RecAndPlayBk/Page-VLink-Capture/input' is clicked on

2023-02-15 21:54:53 - [MESSAGE][PASSED] - Object: 'Object Repository/RecAndPlayBk/Page-VLink-Capture/input' is clicked on

2023-02-15 21:54:53 - [TEST_STEP][PASSED] - if (verifyTextPresent("Transaction approved, no errors", true)): null

2023-02-15 21:54:53 - [MESSAGE][PASSED] - Text 'Transaction approved, no errors' is present on page  using regular expression

2023-02-15 21:54:53 - [TEST_STEP][PASSED] - println("Transaction Approved, no errors text is present on the Confirmation page"): null

2023-02-15 21:54:53 - [TEST_STEP][PASSED] - out.println("Pass Record Number: " + row): null

2023-02-15 21:54:53 - [TEST_STEP][PASSED] - resText = "Pass": null

2023-02-15 21:54:53 - [TEST_STEP][PASSED] - pages.WriteExcel.demoKey(resText, datText, resColumn, datCloumn, fileLoc, nameSheet, row): pages.WriteExcel.demoKey is PASSED

2023-02-15 21:54:53 - [MESSAGE][PASSED] - pages.WriteExcel.demoKey is PASSED

2023-02-15 21:54:53 - [TEST_STEP][PASSED] - ExecuteTC = findTestData(dataFile).getValue("Execute", row): null

2023-02-15 21:54:53 - [TEST_STEP][PASSED] - out.println("Value of Execute is : " + ExecuteTC): null

2023-02-15 21:54:53 - [TEST_STEP][PASSED] - switch (executionProfile): null

2023-02-15 21:54:53 - [TEST_STEP][PASSED] - case "QAProfile":: null

2023-02-15 21:54:53 - [TEST_STEP][PASSED] - appID = findTestData(dataFile).getValue("AppIDQA", row): null

2023-02-15 21:54:54 - [TEST_STEP][PASSED] - username = findTestData(dataFile).getValue("UsernameQA", row): null

2023-02-15 21:54:54 - [TEST_STEP][PASSED] - password = findTestData(dataFile).getValue("PasswordQA", row): null

2023-02-15 21:54:54 - [TEST_STEP][PASSED] - break: null

2023-02-15 21:54:54 - [TEST_STEP][FAILED] - if (ExecuteTC.equalsIgnoreCase("Y")): null

2023-02-15 21:54:54 - [TEST_STEP][PASSED] - out.println("Begin Record Number: " + row): null

2023-02-15 21:54:54 - [TEST_STEP][PASSED] - today = new java.util.Date(): null

2023-02-15 21:54:54 - [TEST_STEP][PASSED] - println(today): null

2023-02-15 21:54:54 - [TEST_STEP][PASSED] - datText = today: null

2023-02-15 21:54:54 - [TEST_STEP][PASSED] - category = findTestData(dataFile).getValue("Category", row): null

2023-02-15 21:54:54 - [TEST_STEP][PASSED] - amount = findTestData(dataFile).getValue("Amount", row): null

2023-02-15 21:54:54 - [TEST_STEP][PASSED] - cardNumber = findTestData(dataFile).getValue("CardNumber", row): null

2023-02-15 21:54:54 - [TEST_STEP][PASSED] - exM = findTestData(dataFile).getValue("ExM", row): null

2023-02-15 21:54:54 - [TEST_STEP][PASSED] - exY = findTestData(dataFile).getValue("ExY", row): null

2023-02-15 21:54:54 - [TEST_STEP][PASSED] - openBrowser(VLinkURL + "auth.html"): Browser is opened with url: 'https://dev-algorithm.govolution.com/vlinktest/QA/version_2_0/auth.html'

2023-02-15 21:54:54 - [MESSAGE][WARNING] - A browser is already opened. Closing browser and opening a new one

2023-02-15 21:54:55 - [MESSAGE][INFO] - Starting 'Chrome' driver

2023-02-15 21:54:55 - [MESSAGE][INFO] - User set preference: ['acceptInsecureCerts', 'true']

2023-02-15 21:54:55 - [MESSAGE][INFO] - Action delay is set to 0 milliseconds

2023-02-15 21:54:57 - [MESSAGE][PASSED] - Browser is opened with url: 'https://dev-algorithm.govolution.com/vlinktest/QA/version_2_0/auth.html'

2023-02-15 21:54:57 - [TEST_STEP][PASSED] - maximizeWindow(): Current window maximized

2023-02-15 21:54:57 - [MESSAGE][PASSED] - Current window maximized

2023-02-15 21:54:57 - [TEST_STEP][PASSED] - genRemID = RandomStringUtils.random(12, true, true): null

2023-02-15 21:54:57 - [TEST_STEP][PASSED] - setText(findTestObject("Object Repository/RecAndPlayBk/Page-Vlink-AuthOnly/input_Remittance Id_remittance_id"), genRemID): Text 'QDGi0HpsaXJ3' is set on object 'Object Repository/RecAndPlayBk/Page-Vlink-AuthOnly/input_Remittance Id_remittance_id'

2023-02-15 21:54:58 - [MESSAGE][PASSED] - Text 'QDGi0HpsaXJ3' is set on object 'Object Repository/RecAndPlayBk/Page-Vlink-AuthOnly/input_Remittance Id_remittance_id'

2023-02-15 21:54:58 - [TEST_STEP][PASSED] - setText(findTestObject("Object Repository/RecAndPlayBk/Page-Vlink-AuthOnly/input_Application Id_application_id"), appID): Text '234' is set on object 'Object Repository/RecAndPlayBk/Page-Vlink-AuthOnly/input_Application Id_application_id'

2023-02-15 21:54:58 - [MESSAGE][PASSED] - Text '234' is set on object 'Object Repository/RecAndPlayBk/Page-Vlink-AuthOnly/input_Application Id_application_id'

2023-02-15 21:54:58 - [TEST_STEP][PASSED] - setText(findTestObject("Object Repository/RecAndPlayBk/Page-Vlink-AuthOnly/input_Username_username"), username): Text 'username' is set on object 'Object Repository/RecAndPlayBk/Page-Vlink-AuthOnly/input_Username_username'

2023-02-15 21:54:59 - [MESSAGE][PASSED] - Text 'username' is set on object 'Object Repository/RecAndPlayBk/Page-Vlink-AuthOnly/input_Username_username'

2023-02-15 21:54:59 - [TEST_STEP][PASSED] - setText(findTestObject("Object Repository/RecAndPlayBk/Page-Vlink-AuthOnly/input_Password_password"), password): Text 'password' is set on object 'Object Repository/RecAndPlayBk/Page-Vlink-AuthOnly/input_Password_password'

2023-02-15 21:55:00 - [MESSAGE][PASSED] - Text 'password' is set on object 'Object Repository/RecAndPlayBk/Page-Vlink-AuthOnly/input_Password_password'

2023-02-15 21:55:00 - [TEST_STEP][PASSED] - setText(findTestObject("Object Repository/RecAndPlayBk/Page-Vlink-AuthOnly/input_Category_category"), category): Text 'RETL' is set on object 'Object Repository/RecAndPlayBk/Page-Vlink-AuthOnly/input_Category_category'

2023-02-15 21:55:00 - [MESSAGE][PASSED] - Text 'RETL' is set on object 'Object Repository/RecAndPlayBk/Page-Vlink-AuthOnly/input_Category_category'

2023-02-15 21:55:00 - [TEST_STEP][PASSED] - setText(findTestObject("Object Repository/RecAndPlayBk/Page-Vlink-AuthOnly/input_Amount_amount"), amount): Text '10.5' is set on object 'Object Repository/RecAndPlayBk/Page-Vlink-AuthOnly/input_Amount_amount'

2023-02-15 21:55:01 - [MESSAGE][PASSED] - Text '10.5' is set on object 'Object Repository/RecAndPlayBk/Page-Vlink-AuthOnly/input_Amount_amount'

2023-02-15 21:55:01 - [TEST_STEP][PASSED] - doubleClick(findTestObject("Object Repository/RecAndPlayBk/Page-Vlink-AuthOnly/input_Card number_card_number")): Object: 'Object Repository/RecAndPlayBk/Page-Vlink-AuthOnly/input_Card number_card_number' is double clicked on

2023-02-15 21:55:01 - [MESSAGE][PASSED] - Object: 'Object Repository/RecAndPlayBk/Page-Vlink-AuthOnly/input_Card number_card_number' is double clicked on

2023-02-15 21:55:01 - [TEST_STEP][PASSED] - setText(findTestObject("Object Repository/RecAndPlayBk/Page-Vlink-AuthOnly/input_Card number_card_number"), cardNumber): Text '370000000000002' is set on object 'Object Repository/RecAndPlayBk/Page-Vlink-AuthOnly/input_Card number_card_number'

2023-02-15 21:55:02 - [MESSAGE][PASSED] - Text '370000000000002' is set on object 'Object Repository/RecAndPlayBk/Page-Vlink-AuthOnly/input_Card number_card_number'

2023-02-15 21:55:02 - [TEST_STEP][PASSED] - setText(findTestObject("Object Repository/RecAndPlayBk/Page-Vlink-AuthOnly/input_Card ex month_card_exmo"), exM): Text '12' is set on object 'Object Repository/RecAndPlayBk/Page-Vlink-AuthOnly/input_Card ex month_card_exmo'

2023-02-15 21:55:03 - [MESSAGE][PASSED] - Text '12' is set on object 'Object Repository/RecAndPlayBk/Page-Vlink-AuthOnly/input_Card ex month_card_exmo'

2023-02-15 21:55:03 - [TEST_STEP][PASSED] - setText(findTestObject("Object Repository/RecAndPlayBk/Page-Vlink-AuthOnly/input_Card ex year_card_exyr"), exY): Text '2029' is set on object 'Object Repository/RecAndPlayBk/Page-Vlink-AuthOnly/input_Card ex year_card_exyr'

2023-02-15 21:55:03 - [MESSAGE][PASSED] - Text '2029' is set on object 'Object Repository/RecAndPlayBk/Page-Vlink-AuthOnly/input_Card ex year_card_exyr'

2023-02-15 21:55:03 - [TEST_STEP][PASSED] - click(findTestObject("Object Repository/RecAndPlayBk/Page-Vlink-AuthOnly/input_Track Data_track_data")): Object: 'Object Repository/RecAndPlayBk/Page-Vlink-AuthOnly/input_Track Data_track_data' is clicked on

2023-02-15 21:55:04 - [MESSAGE][PASSED] - Object: 'Object Repository/RecAndPlayBk/Page-Vlink-AuthOnly/input_Track Data_track_data' is clicked on

2023-02-15 21:55:04 - [TEST_STEP][PASSED] - click(findTestObject("Object Repository/RecAndPlayBk/Page-Vlink-AuthOnly/input_CVV state_cvv_state")): Object: 'Object Repository/RecAndPlayBk/Page-Vlink-AuthOnly/input_CVV state_cvv_state' is clicked on

2023-02-15 21:55:04 - [MESSAGE][PASSED] - Object: 'Object Repository/RecAndPlayBk/Page-Vlink-AuthOnly/input_CVV state_cvv_state' is clicked on

2023-02-15 21:55:04 - [TEST_STEP][PASSED] - setText(findTestObject("Object Repository/RecAndPlayBk/Page-Vlink-AuthOnly/input_Track Data_track_data"), ""): Text '' is set on object 'Object Repository/RecAndPlayBk/Page-Vlink-AuthOnly/input_Track Data_track_data'

2023-02-15 21:55:05 - [MESSAGE][PASSED] - Text '' is set on object 'Object Repository/RecAndPlayBk/Page-Vlink-AuthOnly/input_Track Data_track_data'

2023-02-15 21:55:05 - [TEST_STEP][PASSED] - setText(findTestObject("Object Repository/RecAndPlayBk/Page-Vlink-AuthOnly/input_concat(Cardholder, , s email)_email"), ""): Text '' is set on object 'Object Repository/RecAndPlayBk/Page-Vlink-AuthOnly/input_concat(Cardholder, , s email)_email'

2023-02-15 21:55:05 - [MESSAGE][PASSED] - Text '' is set on object 'Object Repository/RecAndPlayBk/Page-Vlink-AuthOnly/input_concat(Cardholder, , s email)_email'

2023-02-15 21:55:05 - [TEST_STEP][PASSED] - click(findTestObject("Object Repository/RecAndPlayBk/Page-Vlink-AuthOnly/input_user_defined10_user_defined10")): Object: 'Object Repository/RecAndPlayBk/Page-Vlink-AuthOnly/input_user_defined10_user_defined10' is clicked on

2023-02-15 21:55:06 - [MESSAGE][PASSED] - Object: 'Object Repository/RecAndPlayBk/Page-Vlink-AuthOnly/input_user_defined10_user_defined10' is clicked on

2023-02-15 21:55:06 - [TEST_STEP][PASSED] - if (executionProfile.equalsIgnoreCase("QAProfile")): Text '' is set on object 'Object Repository/RecAndPlayBk/Page-Vlink-AuthOnly/input_COF Transaction Initiated by_cof_tran_6cded5'

2023-02-15 21:55:06 - [TEST_STEP][PASSED] - setText(findTestObject("Object Repository/RecAndPlayBk/Page-Vlink-AuthOnly/input_Card on File Indicator_card_on_file_i_157dae"), ""): Text '' is set on object 'Object Repository/RecAndPlayBk/Page-Vlink-AuthOnly/input_Card on File Indicator_card_on_file_i_157dae'

2023-02-15 21:55:06 - [MESSAGE][PASSED] - Text '' is set on object 'Object Repository/RecAndPlayBk/Page-Vlink-AuthOnly/input_Card on File Indicator_card_on_file_i_157dae'

2023-02-15 21:55:06 - [TEST_STEP][PASSED] - setText(findTestObject("Object Repository/RecAndPlayBk/Page-Vlink-AuthOnly/input_Stored Credential Indicator_stored_cr_4ae73c"), ""): Text '' is set on object 'Object Repository/RecAndPlayBk/Page-Vlink-AuthOnly/input_Stored Credential Indicator_stored_cr_4ae73c'

2023-02-15 21:55:07 - [MESSAGE][PASSED] - Text '' is set on object 'Object Repository/RecAndPlayBk/Page-Vlink-AuthOnly/input_Stored Credential Indicator_stored_cr_4ae73c'

2023-02-15 21:55:07 - [TEST_STEP][PASSED] - setText(findTestObject("Object Repository/RecAndPlayBk/Page-Vlink-AuthOnly/input_COF Scheduled indicator_cof_scheduled_8df7d8"), ""): Text '' is set on object 'Object Repository/RecAndPlayBk/Page-Vlink-AuthOnly/input_COF Scheduled indicator_cof_scheduled_8df7d8'

2023-02-15 21:55:08 - [MESSAGE][PASSED] - Text '' is set on object 'Object Repository/RecAndPlayBk/Page-Vlink-AuthOnly/input_COF Scheduled indicator_cof_scheduled_8df7d8'

2023-02-15 21:55:08 - [TEST_STEP][PASSED] - setText(findTestObject("Object Repository/RecAndPlayBk/Page-Vlink-AuthOnly/input_COF Transaction Initiated by_cof_tran_6cded5"), ""): Text '' is set on object 'Object Repository/RecAndPlayBk/Page-Vlink-AuthOnly/input_COF Transaction Initiated by_cof_tran_6cded5'

2023-02-15 21:55:08 - [MESSAGE][PASSED] - Text '' is set on object 'Object Repository/RecAndPlayBk/Page-Vlink-AuthOnly/input_COF Transaction Initiated by_cof_tran_6cded5'

2023-02-15 21:55:08 - [TEST_STEP][PASSED] - click(findTestObject("Object Repository/RecAndPlayBk/Page-Vlink-AuthOnly/input")): Object: 'Object Repository/RecAndPlayBk/Page-Vlink-AuthOnly/input' is clicked on

2023-02-15 21:55:09 - [MESSAGE][PASSED] - Object: 'Object Repository/RecAndPlayBk/Page-Vlink-AuthOnly/input' is clicked on

2023-02-15 21:55:09 - [TEST_STEP][FAILED] - if (verifyTextPresent("Transaction approved, no errors", true)): Text 'Transaction approved, no errors' is not present on page  using regular expression (Root cause: com.kms.katalon.core.exception.StepFailedException: Text 'Transaction approved, no errors' is not present on page  using regular expression
	at com.kms.katalon.core.webui.keyword.internal.WebUIKeywordMain.stepFailed(WebUIKeywordMain.groovy:64)
	at com.kms.katalon.core.webui.keyword.builtin.VerifyTextPresentKeyword$_verifyTextPresent_closure1.doCall(VerifyTextPresentKeyword.groovy:79)
	at com.kms.katalon.core.webui.keyword.builtin.VerifyTextPresentKeyword$_verifyTextPresent_closure1.call(VerifyTextPresentKeyword.groovy)
	at com.kms.katalon.core.webui.keyword.internal.WebUIKeywordMain.runKeyword(WebUIKeywordMain.groovy:20)
	at com.kms.katalon.core.webui.keyword.builtin.VerifyTextPresentKeyword.verifyTextPresent(VerifyTextPresentKeyword.groovy:83)
	at com.kms.katalon.core.webui.keyword.builtin.VerifyTextPresentKeyword.execute(VerifyTextPresentKeyword.groovy:68)
	at com.kms.katalon.core.keyword.internal.KeywordExecutor.executeKeywordForPlatform(KeywordExecutor.groovy:74)
	at com.kms.katalon.core.webui.keyword.WebUiBuiltInKeywords.verifyTextPresent(WebUiBuiltInKeywords.groovy:1723)
	at com.kms.katalon.core.webui.keyword.WebUiBuiltInKeywords$verifyTextPresent$4.call(Unknown Source)
	at Auth-Capture.run(Auth-Capture:161)
	at com.kms.katalon.core.main.ScriptEngine.run(ScriptEngine.java:194)
	at com.kms.katalon.core.main.ScriptEngine.runScriptAsRawText(ScriptEngine.java:119)
	at com.kms.katalon.core.main.TestCaseExecutor.runScript(TestCaseExecutor.java:442)
	at com.kms.katalon.core.main.TestCaseExecutor.doExecute(TestCaseExecutor.java:433)
	at com.kms.katalon.core.main.TestCaseExecutor.processExecutionPhase(TestCaseExecutor.java:412)
	at com.kms.katalon.core.main.TestCaseExecutor.accessMainPhase(TestCaseExecutor.java:404)
	at com.kms.katalon.core.main.TestCaseExecutor.execute(TestCaseExecutor.java:281)
	at com.kms.katalon.core.main.TestSuiteExecutor.accessTestCaseMainPhase(TestSuiteExecutor.java:202)
	at com.kms.katalon.core.main.TestSuiteExecutor.accessTestSuiteMainPhase(TestSuiteExecutor.java:164)
	at com.kms.katalon.core.main.TestSuiteExecutor.execute(TestSuiteExecutor.java:105)
	at com.kms.katalon.core.main.TestCaseMain.startTestSuite(TestCaseMain.java:185)
	at com.kms.katalon.core.main.TestCaseMain$startTestSuite$0.call(Unknown Source)
	at TempTestSuite1676515943031.run(TempTestSuite1676515943031.groovy:36)
)

2023-02-15 21:55:09 - [MESSAGE][FAILED] - Text 'Transaction approved, no errors' is not present on page  using regular expression (Root cause: com.kms.katalon.core.exception.StepFailedException: Text 'Transaction approved, no errors' is not present on page  using regular expression
	at com.kms.katalon.core.webui.keyword.internal.WebUIKeywordMain.stepFailed(WebUIKeywordMain.groovy:64)
	at com.kms.katalon.core.webui.keyword.builtin.VerifyTextPresentKeyword$_verifyTextPresent_closure1.doCall(VerifyTextPresentKeyword.groovy:79)
	at com.kms.katalon.core.webui.keyword.builtin.VerifyTextPresentKeyword$_verifyTextPresent_closure1.call(VerifyTextPresentKeyword.groovy)
	at com.kms.katalon.core.webui.keyword.internal.WebUIKeywordMain.runKeyword(WebUIKeywordMain.groovy:20)
	at com.kms.katalon.core.webui.keyword.builtin.VerifyTextPresentKeyword.verifyTextPresent(VerifyTextPresentKeyword.groovy:83)
	at com.kms.katalon.core.webui.keyword.builtin.VerifyTextPresentKeyword.execute(VerifyTextPresentKeyword.groovy:68)
	at com.kms.katalon.core.keyword.internal.KeywordExecutor.executeKeywordForPlatform(KeywordExecutor.groovy:74)
	at com.kms.katalon.core.webui.keyword.WebUiBuiltInKeywords.verifyTextPresent(WebUiBuiltInKeywords.groovy:1723)
	at com.kms.katalon.core.webui.keyword.WebUiBuiltInKeywords$verifyTextPresent$4.call(Unknown Source)
	at Auth-Capture.run(Auth-Capture:161)
	at com.kms.katalon.core.main.ScriptEngine.run(ScriptEngine.java:194)
	at com.kms.katalon.core.main.ScriptEngine.runScriptAsRawText(ScriptEngine.java:119)
	at com.kms.katalon.core.main.TestCaseExecutor.runScript(TestCaseExecutor.java:442)
	at com.kms.katalon.core.main.TestCaseExecutor.doExecute(TestCaseExecutor.java:433)
	at com.kms.katalon.core.main.TestCaseExecutor.processExecutionPhase(TestCaseExecutor.java:412)
	at com.kms.katalon.core.main.TestCaseExecutor.accessMainPhase(TestCaseExecutor.java:404)
	at com.kms.katalon.core.main.TestCaseExecutor.execute(TestCaseExecutor.java:281)
	at com.kms.katalon.core.main.TestSuiteExecutor.accessTestCaseMainPhase(TestSuiteExecutor.java:202)
	at com.kms.katalon.core.main.TestSuiteExecutor.accessTestSuiteMainPhase(TestSuiteExecutor.java:164)
	at com.kms.katalon.core.main.TestSuiteExecutor.execute(TestSuiteExecutor.java:105)
	at com.kms.katalon.core.main.TestCaseMain.startTestSuite(TestCaseMain.java:185)
	at com.kms.katalon.core.main.TestCaseMain$startTestSuite$0.call(Unknown Source)
	at TempTestSuite1676515943031.run(TempTestSuite1676515943031.groovy:36)
)

2023-02-15 21:55:09 - [TEST_STEP][PASSED] - else: pages.WriteExcel.demoKey is PASSED

2023-02-15 21:55:09 - [TEST_STEP][PASSED] - out.println("Auth was not successful, Dont Capture"): null

2023-02-15 21:55:09 - [TEST_STEP][PASSED] - println("Transaction Approved, no errors text is not present on the Confirmation page"): null

2023-02-15 21:55:09 - [TEST_STEP][PASSED] - out.println("Fail Record Number: " + row): null

2023-02-15 21:55:09 - [TEST_STEP][PASSED] - resText = "Fail": null

2023-02-15 21:55:09 - [TEST_STEP][PASSED] - pages.WriteExcel.demoKey(resText, datText, resColumn, datCloumn, fileLoc, nameSheet, row): pages.WriteExcel.demoKey is PASSED

2023-02-15 21:55:09 - [MESSAGE][PASSED] - pages.WriteExcel.demoKey is PASSED

2023-02-15 21:55:09 - [TEST_STEP][PASSED] - ExecuteTC = findTestData(dataFile).getValue("Execute", row): null

2023-02-15 21:55:10 - [TEST_STEP][PASSED] - out.println("Value of Execute is : " + ExecuteTC): null

2023-02-15 21:55:10 - [TEST_STEP][PASSED] - switch (executionProfile): null

2023-02-15 21:55:10 - [TEST_STEP][PASSED] - case "QAProfile":: null

2023-02-15 21:55:10 - [TEST_STEP][PASSED] - appID = findTestData(dataFile).getValue("AppIDQA", row): null

2023-02-15 21:55:10 - [TEST_STEP][PASSED] - username = findTestData(dataFile).getValue("UsernameQA", row): null

2023-02-15 21:55:10 - [TEST_STEP][PASSED] - password = findTestData(dataFile).getValue("PasswordQA", row): null

2023-02-15 21:55:11 - [TEST_STEP][PASSED] - break: null

2023-02-15 21:55:11 - [TEST_STEP][PASSED] - if (ExecuteTC.equalsIgnoreCase("Y")): null

2023-02-15 21:55:11 - [TEST_STEP][PASSED] - out.println("Begin Record Number: " + row): null

2023-02-15 21:55:11 - [TEST_STEP][PASSED] - today = new java.util.Date(): null

2023-02-15 21:55:11 - [TEST_STEP][PASSED] - println(today): null

2023-02-15 21:55:11 - [TEST_STEP][PASSED] - datText = today: null

2023-02-15 21:55:11 - [TEST_STEP][PASSED] - category = findTestData(dataFile).getValue("Category", row): null

2023-02-15 21:55:11 - [TEST_STEP][PASSED] - amount = findTestData(dataFile).getValue("Amount", row): null

2023-02-15 21:55:11 - [TEST_STEP][PASSED] - cardNumber = findTestData(dataFile).getValue("CardNumber", row): null

2023-02-15 21:55:11 - [TEST_STEP][PASSED] - exM = findTestData(dataFile).getValue("ExM", row): null

2023-02-15 21:55:11 - [TEST_STEP][PASSED] - exY = findTestData(dataFile).getValue("ExY", row): null

2023-02-15 21:55:11 - [TEST_STEP][PASSED] - openBrowser(VLinkURL + "auth.html"): Browser is opened with url: 'https://dev-algorithm.govolution.com/vlinktest/QA/version_2_0/auth.html'

2023-02-15 21:55:11 - [MESSAGE][WARNING] - A browser is already opened. Closing browser and opening a new one

2023-02-15 21:55:12 - [MESSAGE][INFO] - Starting 'Chrome' driver

2023-02-15 21:55:12 - [MESSAGE][INFO] - User set preference: ['acceptInsecureCerts', 'true']

2023-02-15 21:55:12 - [MESSAGE][INFO] - Action delay is set to 0 milliseconds

2023-02-15 21:55:14 - [MESSAGE][PASSED] - Browser is opened with url: 'https://dev-algorithm.govolution.com/vlinktest/QA/version_2_0/auth.html'

2023-02-15 21:55:14 - [TEST_STEP][PASSED] - maximizeWindow(): Current window maximized

2023-02-15 21:55:14 - [MESSAGE][PASSED] - Current window maximized

2023-02-15 21:55:14 - [TEST_STEP][PASSED] - genRemID = RandomStringUtils.random(12, true, true): null

2023-02-15 21:55:14 - [TEST_STEP][PASSED] - setText(findTestObject("Object Repository/RecAndPlayBk/Page-Vlink-AuthOnly/input_Remittance Id_remittance_id"), genRemID): Text 'SXyt1GiMGQwN' is set on object 'Object Repository/RecAndPlayBk/Page-Vlink-AuthOnly/input_Remittance Id_remittance_id'

2023-02-15 21:55:15 - [MESSAGE][PASSED] - Text 'SXyt1GiMGQwN' is set on object 'Object Repository/RecAndPlayBk/Page-Vlink-AuthOnly/input_Remittance Id_remittance_id'

2023-02-15 21:55:15 - [TEST_STEP][PASSED] - setText(findTestObject("Object Repository/RecAndPlayBk/Page-Vlink-AuthOnly/input_Application Id_application_id"), appID): Text '87' is set on object 'Object Repository/RecAndPlayBk/Page-Vlink-AuthOnly/input_Application Id_application_id'

2023-02-15 21:55:15 - [MESSAGE][PASSED] - Text '87' is set on object 'Object Repository/RecAndPlayBk/Page-Vlink-AuthOnly/input_Application Id_application_id'

2023-02-15 21:55:15 - [TEST_STEP][PASSED] - setText(findTestObject("Object Repository/RecAndPlayBk/Page-Vlink-AuthOnly/input_Username_username"), username): Text 'username' is set on object 'Object Repository/RecAndPlayBk/Page-Vlink-AuthOnly/input_Username_username'

2023-02-15 21:55:16 - [MESSAGE][PASSED] - Text 'username' is set on object 'Object Repository/RecAndPlayBk/Page-Vlink-AuthOnly/input_Username_username'

2023-02-15 21:55:16 - [TEST_STEP][PASSED] - setText(findTestObject("Object Repository/RecAndPlayBk/Page-Vlink-AuthOnly/input_Password_password"), password): Text 'password' is set on object 'Object Repository/RecAndPlayBk/Page-Vlink-AuthOnly/input_Password_password'

2023-02-15 21:55:17 - [MESSAGE][PASSED] - Text 'password' is set on object 'Object Repository/RecAndPlayBk/Page-Vlink-AuthOnly/input_Password_password'

2023-02-15 21:55:17 - [TEST_STEP][PASSED] - setText(findTestObject("Object Repository/RecAndPlayBk/Page-Vlink-AuthOnly/input_Category_category"), category): Text 'ECOM' is set on object 'Object Repository/RecAndPlayBk/Page-Vlink-AuthOnly/input_Category_category'

2023-02-15 21:55:17 - [MESSAGE][PASSED] - Text 'ECOM' is set on object 'Object Repository/RecAndPlayBk/Page-Vlink-AuthOnly/input_Category_category'

2023-02-15 21:55:17 - [TEST_STEP][PASSED] - setText(findTestObject("Object Repository/RecAndPlayBk/Page-Vlink-AuthOnly/input_Amount_amount"), amount): Text '10.5' is set on object 'Object Repository/RecAndPlayBk/Page-Vlink-AuthOnly/input_Amount_amount'

2023-02-15 21:55:18 - [MESSAGE][PASSED] - Text '10.5' is set on object 'Object Repository/RecAndPlayBk/Page-Vlink-AuthOnly/input_Amount_amount'

2023-02-15 21:55:18 - [TEST_STEP][PASSED] - doubleClick(findTestObject("Object Repository/RecAndPlayBk/Page-Vlink-AuthOnly/input_Card number_card_number")): Object: 'Object Repository/RecAndPlayBk/Page-Vlink-AuthOnly/input_Card number_card_number' is double clicked on

2023-02-15 21:55:18 - [MESSAGE][PASSED] - Object: 'Object Repository/RecAndPlayBk/Page-Vlink-AuthOnly/input_Card number_card_number' is double clicked on

2023-02-15 21:55:18 - [TEST_STEP][PASSED] - setText(findTestObject("Object Repository/RecAndPlayBk/Page-Vlink-AuthOnly/input_Card number_card_number"), cardNumber): Text '4012000098765439' is set on object 'Object Repository/RecAndPlayBk/Page-Vlink-AuthOnly/input_Card number_card_number'

2023-02-15 21:55:19 - [MESSAGE][PASSED] - Text '4012000098765439' is set on object 'Object Repository/RecAndPlayBk/Page-Vlink-AuthOnly/input_Card number_card_number'

2023-02-15 21:55:19 - [TEST_STEP][PASSED] - setText(findTestObject("Object Repository/RecAndPlayBk/Page-Vlink-AuthOnly/input_Card ex month_card_exmo"), exM): Text '12' is set on object 'Object Repository/RecAndPlayBk/Page-Vlink-AuthOnly/input_Card ex month_card_exmo'

2023-02-15 21:55:20 - [MESSAGE][PASSED] - Text '12' is set on object 'Object Repository/RecAndPlayBk/Page-Vlink-AuthOnly/input_Card ex month_card_exmo'

2023-02-15 21:55:20 - [TEST_STEP][PASSED] - setText(findTestObject("Object Repository/RecAndPlayBk/Page-Vlink-AuthOnly/input_Card ex year_card_exyr"), exY): Text '2029' is set on object 'Object Repository/RecAndPlayBk/Page-Vlink-AuthOnly/input_Card ex year_card_exyr'

2023-02-15 21:55:20 - [MESSAGE][PASSED] - Text '2029' is set on object 'Object Repository/RecAndPlayBk/Page-Vlink-AuthOnly/input_Card ex year_card_exyr'

2023-02-15 21:55:20 - [TEST_STEP][PASSED] - click(findTestObject("Object Repository/RecAndPlayBk/Page-Vlink-AuthOnly/input_Track Data_track_data")): Object: 'Object Repository/RecAndPlayBk/Page-Vlink-AuthOnly/input_Track Data_track_data' is clicked on

2023-02-15 21:55:21 - [MESSAGE][PASSED] - Object: 'Object Repository/RecAndPlayBk/Page-Vlink-AuthOnly/input_Track Data_track_data' is clicked on

2023-02-15 21:55:21 - [TEST_STEP][PASSED] - click(findTestObject("Object Repository/RecAndPlayBk/Page-Vlink-AuthOnly/input_CVV state_cvv_state")): Object: 'Object Repository/RecAndPlayBk/Page-Vlink-AuthOnly/input_CVV state_cvv_state' is clicked on

2023-02-15 21:55:21 - [MESSAGE][PASSED] - Object: 'Object Repository/RecAndPlayBk/Page-Vlink-AuthOnly/input_CVV state_cvv_state' is clicked on

2023-02-15 21:55:21 - [TEST_STEP][PASSED] - setText(findTestObject("Object Repository/RecAndPlayBk/Page-Vlink-AuthOnly/input_Track Data_track_data"), ""): Text '' is set on object 'Object Repository/RecAndPlayBk/Page-Vlink-AuthOnly/input_Track Data_track_data'

2023-02-15 21:55:21 - [MESSAGE][PASSED] - Text '' is set on object 'Object Repository/RecAndPlayBk/Page-Vlink-AuthOnly/input_Track Data_track_data'

2023-02-15 21:55:21 - [TEST_STEP][PASSED] - setText(findTestObject("Object Repository/RecAndPlayBk/Page-Vlink-AuthOnly/input_concat(Cardholder, , s email)_email"), ""): Text '' is set on object 'Object Repository/RecAndPlayBk/Page-Vlink-AuthOnly/input_concat(Cardholder, , s email)_email'

2023-02-15 21:55:22 - [MESSAGE][PASSED] - Text '' is set on object 'Object Repository/RecAndPlayBk/Page-Vlink-AuthOnly/input_concat(Cardholder, , s email)_email'

2023-02-15 21:55:22 - [TEST_STEP][PASSED] - click(findTestObject("Object Repository/RecAndPlayBk/Page-Vlink-AuthOnly/input_user_defined10_user_defined10")): Object: 'Object Repository/RecAndPlayBk/Page-Vlink-AuthOnly/input_user_defined10_user_defined10' is clicked on

2023-02-15 21:55:22 - [MESSAGE][PASSED] - Object: 'Object Repository/RecAndPlayBk/Page-Vlink-AuthOnly/input_user_defined10_user_defined10' is clicked on

2023-02-15 21:55:22 - [TEST_STEP][PASSED] - if (executionProfile.equalsIgnoreCase("QAProfile")): Text '' is set on object 'Object Repository/RecAndPlayBk/Page-Vlink-AuthOnly/input_COF Transaction Initiated by_cof_tran_6cded5'

2023-02-15 21:55:22 - [TEST_STEP][PASSED] - setText(findTestObject("Object Repository/RecAndPlayBk/Page-Vlink-AuthOnly/input_Card on File Indicator_card_on_file_i_157dae"), ""): Text '' is set on object 'Object Repository/RecAndPlayBk/Page-Vlink-AuthOnly/input_Card on File Indicator_card_on_file_i_157dae'

2023-02-15 21:55:23 - [MESSAGE][PASSED] - Text '' is set on object 'Object Repository/RecAndPlayBk/Page-Vlink-AuthOnly/input_Card on File Indicator_card_on_file_i_157dae'

2023-02-15 21:55:23 - [TEST_STEP][PASSED] - setText(findTestObject("Object Repository/RecAndPlayBk/Page-Vlink-AuthOnly/input_Stored Credential Indicator_stored_cr_4ae73c"), ""): Text '' is set on object 'Object Repository/RecAndPlayBk/Page-Vlink-AuthOnly/input_Stored Credential Indicator_stored_cr_4ae73c'

2023-02-15 21:55:24 - [MESSAGE][PASSED] - Text '' is set on object 'Object Repository/RecAndPlayBk/Page-Vlink-AuthOnly/input_Stored Credential Indicator_stored_cr_4ae73c'

2023-02-15 21:55:24 - [TEST_STEP][PASSED] - setText(findTestObject("Object Repository/RecAndPlayBk/Page-Vlink-AuthOnly/input_COF Scheduled indicator_cof_scheduled_8df7d8"), ""): Text '' is set on object 'Object Repository/RecAndPlayBk/Page-Vlink-AuthOnly/input_COF Scheduled indicator_cof_scheduled_8df7d8'

2023-02-15 21:55:24 - [MESSAGE][PASSED] - Text '' is set on object 'Object Repository/RecAndPlayBk/Page-Vlink-AuthOnly/input_COF Scheduled indicator_cof_scheduled_8df7d8'

2023-02-15 21:55:24 - [TEST_STEP][PASSED] - setText(findTestObject("Object Repository/RecAndPlayBk/Page-Vlink-AuthOnly/input_COF Transaction Initiated by_cof_tran_6cded5"), ""): Text '' is set on object 'Object Repository/RecAndPlayBk/Page-Vlink-AuthOnly/input_COF Transaction Initiated by_cof_tran_6cded5'

2023-02-15 21:55:25 - [MESSAGE][PASSED] - Text '' is set on object 'Object Repository/RecAndPlayBk/Page-Vlink-AuthOnly/input_COF Transaction Initiated by_cof_tran_6cded5'

2023-02-15 21:55:25 - [TEST_STEP][PASSED] - click(findTestObject("Object Repository/RecAndPlayBk/Page-Vlink-AuthOnly/input")): Object: 'Object Repository/RecAndPlayBk/Page-Vlink-AuthOnly/input' is clicked on

2023-02-15 21:55:27 - [MESSAGE][PASSED] - Object: 'Object Repository/RecAndPlayBk/Page-Vlink-AuthOnly/input' is clicked on

2023-02-15 21:55:27 - [TEST_STEP][PASSED] - if (verifyTextPresent("Transaction approved, no errors", true)): null

2023-02-15 21:55:27 - [MESSAGE][PASSED] - Text 'Transaction approved, no errors' is present on page  using regular expression

2023-02-15 21:55:27 - [TEST_STEP][PASSED] - out.println("Auth was successful, Capture now"): null

2023-02-15 21:55:27 - [TEST_STEP][PASSED] - sdfo = getText(findTestObject("Object Repository/Page_VLinkReceipt/pre_STX")): Text of object 'Object Repository/Page_VLinkReceipt/pre_STX' is: '<STX>SXyt1GiMGQwN                  12126602            0  Transaction approved, no errors                   0                                                                                  N TAS712   <ETX>'

2023-02-15 21:55:27 - [MESSAGE][PASSED] - Text of object 'Object Repository/Page_VLinkReceipt/pre_STX' is: '<STX>SXyt1GiMGQwN                  12126602            0  Transaction approved, no errors                   0                                                                                  N TAS712   <ETX>'

2023-02-15 21:55:27 - [TEST_STEP][PASSED] - out.println("sdfo: " + sdfo): null

2023-02-15 21:55:27 - [TEST_STEP][PASSED] - remID = substring(5, 35).trim(): null

2023-02-15 21:55:27 - [TEST_STEP][PASSED] - out.println("remID: " + remID): null

2023-02-15 21:55:27 - [TEST_STEP][PASSED] - traxID = substring(35, 55).trim(): null

2023-02-15 21:55:27 - [TEST_STEP][PASSED] - out.println("traxID: " + traxID): null

2023-02-15 21:55:27 - [TEST_STEP][PASSED] - VLinkSaleRemID = remID: null

2023-02-15 21:55:27 - [TEST_STEP][PASSED] - VLinkSaleTranxID = traxID: null

2023-02-15 21:55:27 - [TEST_STEP][PASSED] - openBrowser(VLinkURL + "capture.html"): Browser is opened with url: 'https://dev-algorithm.govolution.com/vlinktest/QA/version_2_0/capture.html'

2023-02-15 21:55:27 - [MESSAGE][WARNING] - A browser is already opened. Closing browser and opening a new one

2023-02-15 21:55:28 - [MESSAGE][INFO] - Starting 'Chrome' driver

2023-02-15 21:55:28 - [MESSAGE][INFO] - User set preference: ['acceptInsecureCerts', 'true']

2023-02-15 21:55:28 - [MESSAGE][INFO] - Action delay is set to 0 milliseconds

2023-02-15 21:55:30 - [MESSAGE][PASSED] - Browser is opened with url: 'https://dev-algorithm.govolution.com/vlinktest/QA/version_2_0/capture.html'

2023-02-15 21:55:30 - [TEST_STEP][PASSED] - maximizeWindow(): Current window maximized

2023-02-15 21:55:30 - [MESSAGE][PASSED] - Current window maximized

2023-02-15 21:55:30 - [TEST_STEP][PASSED] - setText(findTestObject("Object Repository/RecAndPlayBk/Page-VLink-Capture/input_Remittance Id_remittance_id"), VLinkSaleRemID): Text 'SXyt1GiMGQwN' is set on object 'Object Repository/RecAndPlayBk/Page-VLink-Capture/input_Remittance Id_remittance_id'

2023-02-15 21:55:31 - [MESSAGE][PASSED] - Text 'SXyt1GiMGQwN' is set on object 'Object Repository/RecAndPlayBk/Page-VLink-Capture/input_Remittance Id_remittance_id'

2023-02-15 21:55:31 - [TEST_STEP][PASSED] - setText(findTestObject("Object Repository/RecAndPlayBk/Page-VLink-Capture/input_Application Id_application_id"), appID): Text '87' is set on object 'Object Repository/RecAndPlayBk/Page-VLink-Capture/input_Application Id_application_id'

2023-02-15 21:55:32 - [MESSAGE][PASSED] - Text '87' is set on object 'Object Repository/RecAndPlayBk/Page-VLink-Capture/input_Application Id_application_id'

2023-02-15 21:55:32 - [TEST_STEP][PASSED] - setText(findTestObject("Object Repository/RecAndPlayBk/Page-VLink-Capture/input_Username_username"), username): Text 'username' is set on object 'Object Repository/RecAndPlayBk/Page-VLink-Capture/input_Username_username'

2023-02-15 21:55:32 - [MESSAGE][PASSED] - Text 'username' is set on object 'Object Repository/RecAndPlayBk/Page-VLink-Capture/input_Username_username'

2023-02-15 21:55:32 - [TEST_STEP][PASSED] - setText(findTestObject("Object Repository/RecAndPlayBk/Page-VLink-Capture/input_Password_password"), password): Text 'password' is set on object 'Object Repository/RecAndPlayBk/Page-VLink-Capture/input_Password_password'

2023-02-15 21:55:33 - [MESSAGE][PASSED] - Text 'password' is set on object 'Object Repository/RecAndPlayBk/Page-VLink-Capture/input_Password_password'

2023-02-15 21:55:33 - [TEST_STEP][PASSED] - setText(findTestObject("Object Repository/RecAndPlayBk/Page-VLink-Capture/input_Transaction ID_transaction_id"), VLinkSaleTranxID): Text '12126602' is set on object 'Object Repository/RecAndPlayBk/Page-VLink-Capture/input_Transaction ID_transaction_id'

2023-02-15 21:55:33 - [MESSAGE][PASSED] - Text '12126602' is set on object 'Object Repository/RecAndPlayBk/Page-VLink-Capture/input_Transaction ID_transaction_id'

2023-02-15 21:55:33 - [TEST_STEP][PASSED] - setText(findTestObject("Object Repository/RecAndPlayBk/Page-VLink-Capture/input_Amount_amount"), amount): Text '10.5' is set on object 'Object Repository/RecAndPlayBk/Page-VLink-Capture/input_Amount_amount'

2023-02-15 21:55:34 - [MESSAGE][PASSED] - Text '10.5' is set on object 'Object Repository/RecAndPlayBk/Page-VLink-Capture/input_Amount_amount'

2023-02-15 21:55:34 - [TEST_STEP][PASSED] - click(findTestObject("Object Repository/RecAndPlayBk/Page-VLink-Capture/input")): Object: 'Object Repository/RecAndPlayBk/Page-VLink-Capture/input' is clicked on

2023-02-15 21:55:36 - [MESSAGE][PASSED] - Object: 'Object Repository/RecAndPlayBk/Page-VLink-Capture/input' is clicked on

2023-02-15 21:55:36 - [TEST_STEP][PASSED] - if (verifyTextPresent("Transaction approved, no errors", true)): null

2023-02-15 21:55:36 - [MESSAGE][PASSED] - Text 'Transaction approved, no errors' is present on page  using regular expression

2023-02-15 21:55:36 - [TEST_STEP][PASSED] - println("Transaction Approved, no errors text is present on the Confirmation page"): null

2023-02-15 21:55:36 - [TEST_STEP][PASSED] - out.println("Pass Record Number: " + row): null

2023-02-15 21:55:36 - [TEST_STEP][PASSED] - resText = "Pass": null

2023-02-15 21:55:36 - [TEST_STEP][PASSED] - pages.WriteExcel.demoKey(resText, datText, resColumn, datCloumn, fileLoc, nameSheet, row): pages.WriteExcel.demoKey is PASSED

2023-02-15 21:55:36 - [MESSAGE][PASSED] - pages.WriteExcel.demoKey is PASSED

2023-02-15 21:55:36 - [TEST_STEP][PASSED] - ExecuteTC = findTestData(dataFile).getValue("Execute", row): null

2023-02-15 21:55:36 - [TEST_STEP][PASSED] - out.println("Value of Execute is : " + ExecuteTC): null

2023-02-15 21:55:36 - [TEST_STEP][PASSED] - switch (executionProfile): null

2023-02-15 21:55:36 - [TEST_STEP][PASSED] - case "QAProfile":: null

2023-02-15 21:55:36 - [TEST_STEP][PASSED] - appID = findTestData(dataFile).getValue("AppIDQA", row): null

2023-02-15 21:55:36 - [TEST_STEP][PASSED] - username = findTestData(dataFile).getValue("UsernameQA", row): null

2023-02-15 21:55:36 - [TEST_STEP][PASSED] - password = findTestData(dataFile).getValue("PasswordQA", row): null

2023-02-15 21:55:37 - [TEST_STEP][PASSED] - break: null

2023-02-15 21:55:37 - [TEST_STEP][PASSED] - if (ExecuteTC.equalsIgnoreCase("Y")): null

2023-02-15 21:55:37 - [TEST_STEP][PASSED] - out.println("Begin Record Number: " + row): null

2023-02-15 21:55:37 - [TEST_STEP][PASSED] - today = new java.util.Date(): null

2023-02-15 21:55:37 - [TEST_STEP][PASSED] - println(today): null

2023-02-15 21:55:37 - [TEST_STEP][PASSED] - datText = today: null

2023-02-15 21:55:37 - [TEST_STEP][PASSED] - category = findTestData(dataFile).getValue("Category", row): null

2023-02-15 21:55:37 - [TEST_STEP][PASSED] - amount = findTestData(dataFile).getValue("Amount", row): null

2023-02-15 21:55:37 - [TEST_STEP][PASSED] - cardNumber = findTestData(dataFile).getValue("CardNumber", row): null

2023-02-15 21:55:37 - [TEST_STEP][PASSED] - exM = findTestData(dataFile).getValue("ExM", row): null

2023-02-15 21:55:37 - [TEST_STEP][PASSED] - exY = findTestData(dataFile).getValue("ExY", row): null

2023-02-15 21:55:37 - [TEST_STEP][PASSED] - openBrowser(VLinkURL + "auth.html"): Browser is opened with url: 'https://dev-algorithm.govolution.com/vlinktest/QA/version_2_0/auth.html'

2023-02-15 21:55:37 - [MESSAGE][WARNING] - A browser is already opened. Closing browser and opening a new one

2023-02-15 21:55:38 - [MESSAGE][INFO] - Starting 'Chrome' driver

2023-02-15 21:55:38 - [MESSAGE][INFO] - User set preference: ['acceptInsecureCerts', 'true']

2023-02-15 21:55:38 - [MESSAGE][INFO] - Action delay is set to 0 milliseconds

2023-02-15 21:55:40 - [MESSAGE][PASSED] - Browser is opened with url: 'https://dev-algorithm.govolution.com/vlinktest/QA/version_2_0/auth.html'

2023-02-15 21:55:40 - [TEST_STEP][PASSED] - maximizeWindow(): Current window maximized

2023-02-15 21:55:40 - [MESSAGE][PASSED] - Current window maximized

2023-02-15 21:55:40 - [TEST_STEP][PASSED] - genRemID = RandomStringUtils.random(12, true, true): null

2023-02-15 21:55:40 - [TEST_STEP][PASSED] - setText(findTestObject("Object Repository/RecAndPlayBk/Page-Vlink-AuthOnly/input_Remittance Id_remittance_id"), genRemID): Text 'ycWM53cr5FmX' is set on object 'Object Repository/RecAndPlayBk/Page-Vlink-AuthOnly/input_Remittance Id_remittance_id'

2023-02-15 21:55:41 - [MESSAGE][PASSED] - Text 'ycWM53cr5FmX' is set on object 'Object Repository/RecAndPlayBk/Page-Vlink-AuthOnly/input_Remittance Id_remittance_id'

2023-02-15 21:55:41 - [TEST_STEP][PASSED] - setText(findTestObject("Object Repository/RecAndPlayBk/Page-Vlink-AuthOnly/input_Application Id_application_id"), appID): Text '581' is set on object 'Object Repository/RecAndPlayBk/Page-Vlink-AuthOnly/input_Application Id_application_id'

2023-02-15 21:55:41 - [MESSAGE][PASSED] - Text '581' is set on object 'Object Repository/RecAndPlayBk/Page-Vlink-AuthOnly/input_Application Id_application_id'

2023-02-15 21:55:41 - [TEST_STEP][PASSED] - setText(findTestObject("Object Repository/RecAndPlayBk/Page-Vlink-AuthOnly/input_Username_username"), username): Text 'usr581' is set on object 'Object Repository/RecAndPlayBk/Page-Vlink-AuthOnly/input_Username_username'

2023-02-15 21:55:42 - [MESSAGE][PASSED] - Text 'usr581' is set on object 'Object Repository/RecAndPlayBk/Page-Vlink-AuthOnly/input_Username_username'

2023-02-15 21:55:42 - [TEST_STEP][PASSED] - setText(findTestObject("Object Repository/RecAndPlayBk/Page-Vlink-AuthOnly/input_Password_password"), password): Text 'pwd581' is set on object 'Object Repository/RecAndPlayBk/Page-Vlink-AuthOnly/input_Password_password'

2023-02-15 21:55:43 - [MESSAGE][PASSED] - Text 'pwd581' is set on object 'Object Repository/RecAndPlayBk/Page-Vlink-AuthOnly/input_Password_password'

2023-02-15 21:55:43 - [TEST_STEP][PASSED] - setText(findTestObject("Object Repository/RecAndPlayBk/Page-Vlink-AuthOnly/input_Category_category"), category): Text 'ECOM' is set on object 'Object Repository/RecAndPlayBk/Page-Vlink-AuthOnly/input_Category_category'

2023-02-15 21:55:43 - [MESSAGE][PASSED] - Text 'ECOM' is set on object 'Object Repository/RecAndPlayBk/Page-Vlink-AuthOnly/input_Category_category'

2023-02-15 21:55:43 - [TEST_STEP][PASSED] - setText(findTestObject("Object Repository/RecAndPlayBk/Page-Vlink-AuthOnly/input_Amount_amount"), amount): Text '10.5' is set on object 'Object Repository/RecAndPlayBk/Page-Vlink-AuthOnly/input_Amount_amount'

2023-02-15 21:55:44 - [MESSAGE][PASSED] - Text '10.5' is set on object 'Object Repository/RecAndPlayBk/Page-Vlink-AuthOnly/input_Amount_amount'

2023-02-15 21:55:44 - [TEST_STEP][PASSED] - doubleClick(findTestObject("Object Repository/RecAndPlayBk/Page-Vlink-AuthOnly/input_Card number_card_number")): Object: 'Object Repository/RecAndPlayBk/Page-Vlink-AuthOnly/input_Card number_card_number' is double clicked on

2023-02-15 21:55:44 - [MESSAGE][PASSED] - Object: 'Object Repository/RecAndPlayBk/Page-Vlink-AuthOnly/input_Card number_card_number' is double clicked on

2023-02-15 21:55:44 - [TEST_STEP][PASSED] - setText(findTestObject("Object Repository/RecAndPlayBk/Page-Vlink-AuthOnly/input_Card number_card_number"), cardNumber): Text '5146312200000035' is set on object 'Object Repository/RecAndPlayBk/Page-Vlink-AuthOnly/input_Card number_card_number'

2023-02-15 21:55:45 - [MESSAGE][PASSED] - Text '5146312200000035' is set on object 'Object Repository/RecAndPlayBk/Page-Vlink-AuthOnly/input_Card number_card_number'

2023-02-15 21:55:45 - [TEST_STEP][PASSED] - setText(findTestObject("Object Repository/RecAndPlayBk/Page-Vlink-AuthOnly/input_Card ex month_card_exmo"), exM): Text '12' is set on object 'Object Repository/RecAndPlayBk/Page-Vlink-AuthOnly/input_Card ex month_card_exmo'

2023-02-15 21:55:45 - [MESSAGE][PASSED] - Text '12' is set on object 'Object Repository/RecAndPlayBk/Page-Vlink-AuthOnly/input_Card ex month_card_exmo'

2023-02-15 21:55:45 - [TEST_STEP][PASSED] - setText(findTestObject("Object Repository/RecAndPlayBk/Page-Vlink-AuthOnly/input_Card ex year_card_exyr"), exY): Text '2029' is set on object 'Object Repository/RecAndPlayBk/Page-Vlink-AuthOnly/input_Card ex year_card_exyr'

2023-02-15 21:55:46 - [MESSAGE][PASSED] - Text '2029' is set on object 'Object Repository/RecAndPlayBk/Page-Vlink-AuthOnly/input_Card ex year_card_exyr'

2023-02-15 21:55:46 - [TEST_STEP][PASSED] - click(findTestObject("Object Repository/RecAndPlayBk/Page-Vlink-AuthOnly/input_Track Data_track_data")): Object: 'Object Repository/RecAndPlayBk/Page-Vlink-AuthOnly/input_Track Data_track_data' is clicked on

2023-02-15 21:55:46 - [MESSAGE][PASSED] - Object: 'Object Repository/RecAndPlayBk/Page-Vlink-AuthOnly/input_Track Data_track_data' is clicked on

2023-02-15 21:55:46 - [TEST_STEP][PASSED] - click(findTestObject("Object Repository/RecAndPlayBk/Page-Vlink-AuthOnly/input_CVV state_cvv_state")): Object: 'Object Repository/RecAndPlayBk/Page-Vlink-AuthOnly/input_CVV state_cvv_state' is clicked on

2023-02-15 21:55:47 - [MESSAGE][PASSED] - Object: 'Object Repository/RecAndPlayBk/Page-Vlink-AuthOnly/input_CVV state_cvv_state' is clicked on

2023-02-15 21:55:47 - [TEST_STEP][PASSED] - setText(findTestObject("Object Repository/RecAndPlayBk/Page-Vlink-AuthOnly/input_Track Data_track_data"), ""): Text '' is set on object 'Object Repository/RecAndPlayBk/Page-Vlink-AuthOnly/input_Track Data_track_data'

2023-02-15 21:55:47 - [MESSAGE][PASSED] - Text '' is set on object 'Object Repository/RecAndPlayBk/Page-Vlink-AuthOnly/input_Track Data_track_data'

2023-02-15 21:55:47 - [TEST_STEP][PASSED] - setText(findTestObject("Object Repository/RecAndPlayBk/Page-Vlink-AuthOnly/input_concat(Cardholder, , s email)_email"), ""): Text '' is set on object 'Object Repository/RecAndPlayBk/Page-Vlink-AuthOnly/input_concat(Cardholder, , s email)_email'

2023-02-15 21:55:48 - [MESSAGE][PASSED] - Text '' is set on object 'Object Repository/RecAndPlayBk/Page-Vlink-AuthOnly/input_concat(Cardholder, , s email)_email'

2023-02-15 21:55:48 - [TEST_STEP][PASSED] - click(findTestObject("Object Repository/RecAndPlayBk/Page-Vlink-AuthOnly/input_user_defined10_user_defined10")): Object: 'Object Repository/RecAndPlayBk/Page-Vlink-AuthOnly/input_user_defined10_user_defined10' is clicked on

2023-02-15 21:55:48 - [MESSAGE][PASSED] - Object: 'Object Repository/RecAndPlayBk/Page-Vlink-AuthOnly/input_user_defined10_user_defined10' is clicked on

2023-02-15 21:55:48 - [TEST_STEP][PASSED] - if (executionProfile.equalsIgnoreCase("QAProfile")): Text '' is set on object 'Object Repository/RecAndPlayBk/Page-Vlink-AuthOnly/input_COF Transaction Initiated by_cof_tran_6cded5'

2023-02-15 21:55:48 - [TEST_STEP][PASSED] - setText(findTestObject("Object Repository/RecAndPlayBk/Page-Vlink-AuthOnly/input_Card on File Indicator_card_on_file_i_157dae"), ""): Text '' is set on object 'Object Repository/RecAndPlayBk/Page-Vlink-AuthOnly/input_Card on File Indicator_card_on_file_i_157dae'

2023-02-15 21:55:49 - [MESSAGE][PASSED] - Text '' is set on object 'Object Repository/RecAndPlayBk/Page-Vlink-AuthOnly/input_Card on File Indicator_card_on_file_i_157dae'

2023-02-15 21:55:49 - [TEST_STEP][PASSED] - setText(findTestObject("Object Repository/RecAndPlayBk/Page-Vlink-AuthOnly/input_Stored Credential Indicator_stored_cr_4ae73c"), ""): Text '' is set on object 'Object Repository/RecAndPlayBk/Page-Vlink-AuthOnly/input_Stored Credential Indicator_stored_cr_4ae73c'

2023-02-15 21:55:50 - [MESSAGE][PASSED] - Text '' is set on object 'Object Repository/RecAndPlayBk/Page-Vlink-AuthOnly/input_Stored Credential Indicator_stored_cr_4ae73c'

2023-02-15 21:55:50 - [TEST_STEP][PASSED] - setText(findTestObject("Object Repository/RecAndPlayBk/Page-Vlink-AuthOnly/input_COF Scheduled indicator_cof_scheduled_8df7d8"), ""): Text '' is set on object 'Object Repository/RecAndPlayBk/Page-Vlink-AuthOnly/input_COF Scheduled indicator_cof_scheduled_8df7d8'

2023-02-15 21:55:50 - [MESSAGE][PASSED] - Text '' is set on object 'Object Repository/RecAndPlayBk/Page-Vlink-AuthOnly/input_COF Scheduled indicator_cof_scheduled_8df7d8'

2023-02-15 21:55:50 - [TEST_STEP][PASSED] - setText(findTestObject("Object Repository/RecAndPlayBk/Page-Vlink-AuthOnly/input_COF Transaction Initiated by_cof_tran_6cded5"), ""): Text '' is set on object 'Object Repository/RecAndPlayBk/Page-Vlink-AuthOnly/input_COF Transaction Initiated by_cof_tran_6cded5'

2023-02-15 21:55:51 - [MESSAGE][PASSED] - Text '' is set on object 'Object Repository/RecAndPlayBk/Page-Vlink-AuthOnly/input_COF Transaction Initiated by_cof_tran_6cded5'

2023-02-15 21:55:51 - [TEST_STEP][PASSED] - click(findTestObject("Object Repository/RecAndPlayBk/Page-Vlink-AuthOnly/input")): Object: 'Object Repository/RecAndPlayBk/Page-Vlink-AuthOnly/input' is clicked on

2023-02-15 21:55:52 - [MESSAGE][PASSED] - Object: 'Object Repository/RecAndPlayBk/Page-Vlink-AuthOnly/input' is clicked on

2023-02-15 21:55:52 - [TEST_STEP][PASSED] - if (verifyTextPresent("Transaction approved, no errors", true)): null

2023-02-15 21:55:52 - [MESSAGE][PASSED] - Text 'Transaction approved, no errors' is present on page  using regular expression

2023-02-15 21:55:52 - [TEST_STEP][PASSED] - out.println("Auth was successful, Capture now"): null

2023-02-15 21:55:52 - [TEST_STEP][PASSED] - sdfo = getText(findTestObject("Object Repository/Page_VLinkReceipt/pre_STX")): Text of object 'Object Repository/Page_VLinkReceipt/pre_STX' is: '<STX>ycWM53cr5FmX                  12126604            0  Transaction approved, no errors                   0                                                                                  YM000051   <ETX>'

2023-02-15 21:55:53 - [MESSAGE][PASSED] - Text of object 'Object Repository/Page_VLinkReceipt/pre_STX' is: '<STX>ycWM53cr5FmX                  12126604            0  Transaction approved, no errors                   0                                                                                  YM000051   <ETX>'

2023-02-15 21:55:53 - [TEST_STEP][PASSED] - out.println("sdfo: " + sdfo): null

2023-02-15 21:55:53 - [TEST_STEP][PASSED] - remID = substring(5, 35).trim(): null

2023-02-15 21:55:53 - [TEST_STEP][PASSED] - out.println("remID: " + remID): null

2023-02-15 21:55:53 - [TEST_STEP][PASSED] - traxID = substring(35, 55).trim(): null

2023-02-15 21:55:53 - [TEST_STEP][PASSED] - out.println("traxID: " + traxID): null

2023-02-15 21:55:53 - [TEST_STEP][PASSED] - VLinkSaleRemID = remID: null

2023-02-15 21:55:53 - [TEST_STEP][PASSED] - VLinkSaleTranxID = traxID: null

2023-02-15 21:55:53 - [TEST_STEP][PASSED] - openBrowser(VLinkURL + "capture.html"): Browser is opened with url: 'https://dev-algorithm.govolution.com/vlinktest/QA/version_2_0/capture.html'

2023-02-15 21:55:53 - [MESSAGE][WARNING] - A browser is already opened. Closing browser and opening a new one

2023-02-15 21:55:54 - [MESSAGE][INFO] - Starting 'Chrome' driver

2023-02-15 21:55:54 - [MESSAGE][INFO] - User set preference: ['acceptInsecureCerts', 'true']

2023-02-15 21:55:54 - [MESSAGE][INFO] - Action delay is set to 0 milliseconds

2023-02-15 21:55:56 - [MESSAGE][PASSED] - Browser is opened with url: 'https://dev-algorithm.govolution.com/vlinktest/QA/version_2_0/capture.html'

2023-02-15 21:55:56 - [TEST_STEP][PASSED] - maximizeWindow(): Current window maximized

2023-02-15 21:55:56 - [MESSAGE][PASSED] - Current window maximized

2023-02-15 21:55:56 - [TEST_STEP][PASSED] - setText(findTestObject("Object Repository/RecAndPlayBk/Page-VLink-Capture/input_Remittance Id_remittance_id"), VLinkSaleRemID): Text 'ycWM53cr5FmX' is set on object 'Object Repository/RecAndPlayBk/Page-VLink-Capture/input_Remittance Id_remittance_id'

2023-02-15 21:55:56 - [MESSAGE][PASSED] - Text 'ycWM53cr5FmX' is set on object 'Object Repository/RecAndPlayBk/Page-VLink-Capture/input_Remittance Id_remittance_id'

2023-02-15 21:55:56 - [TEST_STEP][PASSED] - setText(findTestObject("Object Repository/RecAndPlayBk/Page-VLink-Capture/input_Application Id_application_id"), appID): Text '581' is set on object 'Object Repository/RecAndPlayBk/Page-VLink-Capture/input_Application Id_application_id'

2023-02-15 21:55:57 - [MESSAGE][PASSED] - Text '581' is set on object 'Object Repository/RecAndPlayBk/Page-VLink-Capture/input_Application Id_application_id'

2023-02-15 21:55:57 - [TEST_STEP][PASSED] - setText(findTestObject("Object Repository/RecAndPlayBk/Page-VLink-Capture/input_Username_username"), username): Text 'usr581' is set on object 'Object Repository/RecAndPlayBk/Page-VLink-Capture/input_Username_username'

2023-02-15 21:55:58 - [MESSAGE][PASSED] - Text 'usr581' is set on object 'Object Repository/RecAndPlayBk/Page-VLink-Capture/input_Username_username'

2023-02-15 21:55:58 - [TEST_STEP][PASSED] - setText(findTestObject("Object Repository/RecAndPlayBk/Page-VLink-Capture/input_Password_password"), password): Text 'pwd581' is set on object 'Object Repository/RecAndPlayBk/Page-VLink-Capture/input_Password_password'

2023-02-15 21:55:58 - [MESSAGE][PASSED] - Text 'pwd581' is set on object 'Object Repository/RecAndPlayBk/Page-VLink-Capture/input_Password_password'

2023-02-15 21:55:58 - [TEST_STEP][PASSED] - setText(findTestObject("Object Repository/RecAndPlayBk/Page-VLink-Capture/input_Transaction ID_transaction_id"), VLinkSaleTranxID): Text '12126604' is set on object 'Object Repository/RecAndPlayBk/Page-VLink-Capture/input_Transaction ID_transaction_id'

2023-02-15 21:55:59 - [MESSAGE][PASSED] - Text '12126604' is set on object 'Object Repository/RecAndPlayBk/Page-VLink-Capture/input_Transaction ID_transaction_id'

2023-02-15 21:55:59 - [TEST_STEP][PASSED] - setText(findTestObject("Object Repository/RecAndPlayBk/Page-VLink-Capture/input_Amount_amount"), amount): Text '10.5' is set on object 'Object Repository/RecAndPlayBk/Page-VLink-Capture/input_Amount_amount'

2023-02-15 21:56:00 - [MESSAGE][PASSED] - Text '10.5' is set on object 'Object Repository/RecAndPlayBk/Page-VLink-Capture/input_Amount_amount'

2023-02-15 21:56:00 - [TEST_STEP][PASSED] - click(findTestObject("Object Repository/RecAndPlayBk/Page-VLink-Capture/input")): Object: 'Object Repository/RecAndPlayBk/Page-VLink-Capture/input' is clicked on

2023-02-15 21:56:01 - [MESSAGE][PASSED] - Object: 'Object Repository/RecAndPlayBk/Page-VLink-Capture/input' is clicked on

2023-02-15 21:56:01 - [TEST_STEP][PASSED] - if (verifyTextPresent("Transaction approved, no errors", true)): null

2023-02-15 21:56:01 - [MESSAGE][PASSED] - Text 'Transaction approved, no errors' is present on page  using regular expression

2023-02-15 21:56:01 - [TEST_STEP][PASSED] - println("Transaction Approved, no errors text is present on the Confirmation page"): null

2023-02-15 21:56:01 - [TEST_STEP][PASSED] - out.println("Pass Record Number: " + row): null

2023-02-15 21:56:01 - [TEST_STEP][PASSED] - resText = "Pass": null

2023-02-15 21:56:01 - [TEST_STEP][PASSED] - pages.WriteExcel.demoKey(resText, datText, resColumn, datCloumn, fileLoc, nameSheet, row): pages.WriteExcel.demoKey is PASSED

2023-02-15 21:56:02 - [MESSAGE][PASSED] - pages.WriteExcel.demoKey is PASSED]]></system-out>
         <system-err><![CDATA[2023-02-15 21:54:03 - [TEST_CASE][FAILED] - Test Cases/RecAndPlayBk/VLink/Auth-Capture: Test Cases/RecAndPlayBk/VLink/Auth-Capture FAILED.
Reason:
com.kms.katalon.core.exception.StepFailedException: Text 'Transaction approved, no errors' is not present on page  using regular expression (Root cause: com.kms.katalon.core.exception.StepFailedException: Text 'Transaction approved, no errors' is not present on page  using regular expression
	at com.kms.katalon.core.webui.keyword.internal.WebUIKeywordMain.stepFailed(WebUIKeywordMain.groovy:64)
	at com.kms.katalon.core.webui.keyword.builtin.VerifyTextPresentKeyword$_verifyTextPresent_closure1.doCall(VerifyTextPresentKeyword.groovy:79)
	at com.kms.katalon.core.webui.keyword.builtin.VerifyTextPresentKeyword$_verifyTextPresent_closure1.call(VerifyTextPresentKeyword.groovy)
	at com.kms.katalon.core.webui.keyword.internal.WebUIKeywordMain.runKeyword(WebUIKeywordMain.groovy:20)
	at com.kms.katalon.core.webui.keyword.builtin.VerifyTextPresentKeyword.verifyTextPresent(VerifyTextPresentKeyword.groovy:83)
	at com.kms.katalon.core.webui.keyword.builtin.VerifyTextPresentKeyword.execute(VerifyTextPresentKeyword.groovy:68)
	at com.kms.katalon.core.keyword.internal.KeywordExecutor.executeKeywordForPlatform(KeywordExecutor.groovy:74)
	at com.kms.katalon.core.webui.keyword.WebUiBuiltInKeywords.verifyTextPresent(WebUiBuiltInKeywords.groovy:1723)
	at com.kms.katalon.core.webui.keyword.WebUiBuiltInKeywords$verifyTextPresent$4.call(Unknown Source)
	at Auth-Capture.run(Auth-Capture:161)
	at com.kms.katalon.core.main.ScriptEngine.run(ScriptEngine.java:194)
	at com.kms.katalon.core.main.ScriptEngine.runScriptAsRawText(ScriptEngine.java:119)
	at com.kms.katalon.core.main.TestCaseExecutor.runScript(TestCaseExecutor.java:442)
	at com.kms.katalon.core.main.TestCaseExecutor.doExecute(TestCaseExecutor.java:433)
	at com.kms.katalon.core.main.TestCaseExecutor.processExecutionPhase(TestCaseExecutor.java:412)
	at com.kms.katalon.core.main.TestCaseExecutor.accessMainPhase(TestCaseExecutor.java:404)
	at com.kms.katalon.core.main.TestCaseExecutor.execute(TestCaseExecutor.java:281)
	at com.kms.katalon.core.main.TestSuiteExecutor.accessTestCaseMainPhase(TestSuiteExecutor.java:202)
	at com.kms.katalon.core.main.TestSuiteExecutor.accessTestSuiteMainPhase(TestSuiteExecutor.java:164)
	at com.kms.katalon.core.main.TestSuiteExecutor.execute(TestSuiteExecutor.java:105)
	at com.kms.katalon.core.main.TestCaseMain.startTestSuite(TestCaseMain.java:185)
	at com.kms.katalon.core.main.TestCaseMain$startTestSuite$0.call(Unknown Source)
	at TempTestSuite1676515943031.run(TempTestSuite1676515943031.groovy:36)
)
	at com.kms.katalon.core.keyword.internal.KeywordMain.stepFailed(KeywordMain.groovy:39)
	at com.kms.katalon.core.webui.keyword.internal.WebUIKeywordMain.stepFailed(WebUIKeywordMain.groovy:64)
	at com.kms.katalon.core.webui.keyword.builtin.VerifyTextPresentKeyword$_verifyTextPresent_closure1.doCall(VerifyTextPresentKeyword.groovy:79)
	at com.kms.katalon.core.webui.keyword.builtin.VerifyTextPresentKeyword$_verifyTextPresent_closure1.call(VerifyTextPresentKeyword.groovy)
	at com.kms.katalon.core.webui.keyword.internal.WebUIKeywordMain.runKeyword(WebUIKeywordMain.groovy:20)
	at com.kms.katalon.core.webui.keyword.builtin.VerifyTextPresentKeyword.verifyTextPresent(VerifyTextPresentKeyword.groovy:83)
	at com.kms.katalon.core.webui.keyword.builtin.VerifyTextPresentKeyword.execute(VerifyTextPresentKeyword.groovy:68)
	at com.kms.katalon.core.keyword.internal.KeywordExecutor.executeKeywordForPlatform(KeywordExecutor.groovy:74)
	at com.kms.katalon.core.webui.keyword.WebUiBuiltInKeywords.verifyTextPresent(WebUiBuiltInKeywords.groovy:1723)
	at com.kms.katalon.core.webui.keyword.WebUiBuiltInKeywords$verifyTextPresent$4.call(Unknown Source)
	at Auth-Capture.run(Auth-Capture:161)
	at com.kms.katalon.core.main.ScriptEngine.run(ScriptEngine.java:194)
	at com.kms.katalon.core.main.ScriptEngine.runScriptAsRawText(ScriptEngine.java:119)
	at com.kms.katalon.core.main.TestCaseExecutor.runScript(TestCaseExecutor.java:442)
	at com.kms.katalon.core.main.TestCaseExecutor.doExecute(TestCaseExecutor.java:433)
	at com.kms.katalon.core.main.TestCaseExecutor.processExecutionPhase(TestCaseExecutor.java:412)
	at com.kms.katalon.core.main.TestCaseExecutor.accessMainPhase(TestCaseExecutor.java:404)
	at com.kms.katalon.core.main.TestCaseExecutor.execute(TestCaseExecutor.java:281)
	at com.kms.katalon.core.main.TestSuiteExecutor.accessTestCaseMainPhase(TestSuiteExecutor.java:202)
	at com.kms.katalon.core.main.TestSuiteExecutor.accessTestSuiteMainPhase(TestSuiteExecutor.java:164)
	at com.kms.katalon.core.main.TestSuiteExecutor.execute(TestSuiteExecutor.java:105)
	at com.kms.katalon.core.main.TestCaseMain.startTestSuite(TestCaseMain.java:185)
	at com.kms.katalon.core.main.TestCaseMain$startTestSuite$0.call(Unknown Source)
	at TempTestSuite1676515943031.run(TempTestSuite1676515943031.groovy:36)
Caused by: com.kms.katalon.core.exception.StepFailedException: Text 'Transaction approved, no errors' is not present on page  using regular expression
	... 23 more]]></system-err>
      </testcase>
      <testcase name="Test Cases/VLink/Imported-SelIDE/VLinkXMLTests/AuthCaptureRemIDPipe" time="12.592" classname="Test Cases/VLink/Imported-SelIDE/VLinkXMLTests/AuthCaptureRemIDPipe" status="PASSED">
         <system-out><![CDATA[2023-02-15 21:56:02 - [TEST_CASE][PASSED] - Test Cases/VLink/Imported-SelIDE/VLinkXMLTests/AuthCaptureRemIDPipe: Test Cases/VLink/Imported-SelIDE/VLinkXMLTests/AuthCaptureRemIDPipe

2023-02-15 21:56:02 - [TEST_STEP][PASSED] - softAssertion = new org.testng.asserts.SoftAssert(): null

2023-02-15 21:56:02 - [TEST_STEP][PASSED] - openBrowser("https://www.google.com/"): Browser is opened with url: 'https://www.google.com/'

2023-02-15 21:56:02 - [MESSAGE][WARNING] - A browser is already opened. Closing browser and opening a new one

2023-02-15 21:56:03 - [MESSAGE][INFO] - Starting 'Chrome' driver

2023-02-15 21:56:03 - [MESSAGE][INFO] - User set preference: ['acceptInsecureCerts', 'true']

2023-02-15 21:56:03 - [MESSAGE][INFO] - Action delay is set to 0 milliseconds

2023-02-15 21:56:06 - [MESSAGE][PASSED] - Browser is opened with url: 'https://www.google.com/'

2023-02-15 21:56:06 - [TEST_STEP][PASSED] - driver = getWebDriver(): null

2023-02-15 21:56:06 - [TEST_STEP][PASSED] - baseUrl = "https://www.google.com/": null

2023-02-15 21:56:06 - [TEST_STEP][PASSED] - selenium = new com.thoughtworks.selenium.webdriven.WebDriverBackedSelenium(driver, baseUrl): null

2023-02-15 21:56:06 - [TEST_STEP][PASSED] - ran1 = random() * 99999)").toInteger(): null

2023-02-15 21:56:06 - [TEST_STEP][PASSED] - println(ran1): null

2023-02-15 21:56:06 - [TEST_STEP][PASSED] - ran2 = random() * 999)").toInteger(): null

2023-02-15 21:56:06 - [TEST_STEP][PASSED] - println(ran2): null

2023-02-15 21:56:06 - [TEST_STEP][PASSED] - ran3 = random() * 9999)").toInteger(): null

2023-02-15 21:56:06 - [TEST_STEP][PASSED] - println(ran3): null

2023-02-15 21:56:06 - [TEST_STEP][PASSED] - println(ran1 + "|" + ran2 + "|" + ran3): null

2023-02-15 21:56:06 - [TEST_STEP][PASSED] - selenium.open("https://dev-algorithm.govolution.com/vlinktest/QA/version_2_0/auth.html"): null

2023-02-15 21:56:06 - [TEST_STEP][PASSED] - selenium.type("name=transaction_type", "100"): null

2023-02-15 21:56:07 - [TEST_STEP][PASSED] - selenium.type("name=message_version", 0C".toString()): null

2023-02-15 21:56:07 - [TEST_STEP][PASSED] - selenium.type("name=remittance_id", ran1 + "|" + ran2 + "|" + ran3.toString()): null

2023-02-15 21:56:07 - [TEST_STEP][PASSED] - selenium.type("name=application_id", "234"): null

2023-02-15 21:56:07 - [TEST_STEP][PASSED] - selenium.type("name=username", "username"): null

2023-02-15 21:56:07 - [TEST_STEP][PASSED] - selenium.type("name=password", "password"): null

2023-02-15 21:56:07 - [TEST_STEP][PASSED] - selenium.type("name=response_format", "fixed_width"): null

2023-02-15 21:56:07 - [TEST_STEP][PASSED] - selenium.type("name=category", "ECOM"): null

2023-02-15 21:56:07 - [TEST_STEP][PASSED] - selenium.type("name=transaction_id", ""): null

2023-02-15 21:56:07 - [TEST_STEP][PASSED] - selenium.type("name=approval_code", ""): null

2023-02-15 21:56:07 - [TEST_STEP][PASSED] - selenium.type("name=card_name", "Michael Slater".toString()): null

2023-02-15 21:56:07 - [TEST_STEP][PASSED] - selenium.type("name=card_address", "2000 14th street".toString()): null

2023-02-15 21:56:07 - [TEST_STEP][PASSED] - selenium.type("name=card_address2", ""): null

2023-02-15 21:56:07 - [TEST_STEP][PASSED] - selenium.type("name=card_city", "Arlington"): null

2023-02-15 21:56:07 - [TEST_STEP][PASSED] - selenium.type("name=card_state", "VA"): null

2023-02-15 21:56:07 - [TEST_STEP][PASSED] - selenium.type("name=card_zip", "22201"): null

2023-02-15 21:56:07 - [TEST_STEP][PASSED] - selenium.type("name=country_id", ""): null

2023-02-15 21:56:07 - [TEST_STEP][PASSED] - selenium.type("name=amount", 50".toString()): null

2023-02-15 21:56:07 - [TEST_STEP][PASSED] - selenium.type("name=card_number", "4111111111111111"): null

2023-02-15 21:56:07 - [TEST_STEP][PASSED] - selenium.type("name=card_exmo", "06"): null

2023-02-15 21:56:07 - [TEST_STEP][PASSED] - selenium.type("name=card_exyr", "2025"): null

2023-02-15 21:56:07 - [TEST_STEP][PASSED] - selenium.type("name=cvv_data", ""): null

2023-02-15 21:56:07 - [TEST_STEP][PASSED] - selenium.type("name=cvv_state", ""): null

2023-02-15 21:56:08 - [TEST_STEP][PASSED] - selenium.type("name=track_data", ""): null

2023-02-15 21:56:08 - [TEST_STEP][PASSED] - selenium.type("name=track_1_data", ""): null

2023-02-15 21:56:08 - [TEST_STEP][PASSED] - selenium.type("name=track_2_data", ""): null

2023-02-15 21:56:08 - [TEST_STEP][PASSED] - selenium.type("name=entry_mode", ""): null

2023-02-15 21:56:08 - [TEST_STEP][PASSED] - selenium.type("name=email", ""): null

2023-02-15 21:56:08 - [TEST_STEP][PASSED] - selenium.type("name=order_number", ""): null

2023-02-15 21:56:08 - [TEST_STEP][PASSED] - selenium.type("name=tax_amount", ""): null

2023-02-15 21:56:08 - [TEST_STEP][PASSED] - selenium.type("name=charge_description", ""): null

2023-02-15 21:56:08 - [TEST_STEP][PASSED] - selenium.type("name=client_account_number", ""): null

2023-02-15 21:56:08 - [TEST_STEP][PASSED] - selenium.type("name=bill_payment_indicator", ""): null

2023-02-15 21:56:08 - [TEST_STEP][PASSED] - selenium.type("name=user_defined1", ""): null

2023-02-15 21:56:08 - [TEST_STEP][PASSED] - selenium.type("name=user_defined2", ""): null

2023-02-15 21:56:08 - [TEST_STEP][PASSED] - selenium.type("name=user_defined3", ""): null

2023-02-15 21:56:08 - [TEST_STEP][PASSED] - selenium.type("name=user_defined4", ""): null

2023-02-15 21:56:08 - [TEST_STEP][PASSED] - selenium.type("name=user_defined5", ""): null

2023-02-15 21:56:08 - [TEST_STEP][PASSED] - selenium.type("name=user_defined6", ""): null

2023-02-15 21:56:08 - [TEST_STEP][PASSED] - selenium.type("name=user_defined7", ""): null

2023-02-15 21:56:08 - [TEST_STEP][PASSED] - selenium.type("name=user_defined8", ""): null

2023-02-15 21:56:08 - [TEST_STEP][PASSED] - selenium.type("name=user_defined9", ""): null

2023-02-15 21:56:08 - [TEST_STEP][PASSED] - selenium.type("name=user_defined10", ""): null

2023-02-15 21:56:08 - [TEST_STEP][PASSED] - selenium.type("name=card_on_file_indicator", ""): null

2023-02-15 21:56:08 - [TEST_STEP][PASSED] - selenium.type("name=stored_credential_indicator", ""): null

2023-02-15 21:56:09 - [TEST_STEP][PASSED] - selenium.type("name=cof_scheduled_indicator", ""): null

2023-02-15 21:56:09 - [TEST_STEP][PASSED] - selenium.type("name=cof_transaction_init_indicator", ""): null

2023-02-15 21:56:09 - [TEST_STEP][PASSED] - selenium.click("css=input[type="submit"]"): null

2023-02-15 21:56:10 - [TEST_STEP][PASSED] - selenium.waitForPageToLoad("30000"): null

2023-02-15 21:56:10 - [TEST_STEP][PASSED] - verifyTextPresent("Transaction approved, no errors", true): Text 'Transaction approved, no errors' is present on page  using regular expression

2023-02-15 21:56:10 - [MESSAGE][PASSED] - Text 'Transaction approved, no errors' is present on page  using regular expression

2023-02-15 21:56:10 - [TEST_STEP][PASSED] - resText = selenium.getText("css=pre"): null

2023-02-15 21:56:11 - [TEST_STEP][PASSED] - println(resText): null

2023-02-15 21:56:11 - [TEST_STEP][PASSED] - tranID = substring(35, 44).trim(): null

2023-02-15 21:56:11 - [TEST_STEP][PASSED] - println(tranID): null

2023-02-15 21:56:11 - [TEST_STEP][PASSED] - selenium.open("https://dev-algorithm.govolution.com/vlinktest/QA/version_2_0/capture.html"): null

2023-02-15 21:56:11 - [TEST_STEP][PASSED] - selenium.type("name=transaction_type", "102"): null

2023-02-15 21:56:11 - [TEST_STEP][PASSED] - selenium.type("name=message_version", 0C".toString()): null

2023-02-15 21:56:11 - [TEST_STEP][PASSED] - selenium.type("name=remittance_id", ran1 + "|" + ran2 + "|" + ran3.toString()): null

2023-02-15 21:56:11 - [TEST_STEP][PASSED] - selenium.type("name=application_id", "234"): null

2023-02-15 21:56:11 - [TEST_STEP][PASSED] - selenium.type("name=username", "username"): null

2023-02-15 21:56:11 - [TEST_STEP][PASSED] - selenium.type("name=password", "password"): null

2023-02-15 21:56:11 - [TEST_STEP][PASSED] - selenium.type("name=response_format", "fixed_width"): null

2023-02-15 21:56:11 - [TEST_STEP][PASSED] - selenium.type("name=transaction_id", tranID): null

2023-02-15 21:56:11 - [TEST_STEP][PASSED] - selenium.type("name=amount", 50".toString()): null

2023-02-15 21:56:11 - [TEST_STEP][PASSED] - selenium.type("name=order_number", ""): null

2023-02-15 21:56:11 - [TEST_STEP][PASSED] - selenium.type("name=tax_amount", ""): null

2023-02-15 21:56:11 - [TEST_STEP][PASSED] - selenium.type("name=charge_description", ""): null

2023-02-15 21:56:12 - [TEST_STEP][PASSED] - selenium.type("name=client_account_number", ""): null

2023-02-15 21:56:12 - [TEST_STEP][PASSED] - selenium.type("name=bill_payment_indicator", ""): null

2023-02-15 21:56:12 - [TEST_STEP][PASSED] - selenium.type("name=user_defined1", ""): null

2023-02-15 21:56:12 - [TEST_STEP][PASSED] - selenium.type("name=user_defined2", ""): null

2023-02-15 21:56:12 - [TEST_STEP][PASSED] - selenium.type("name=user_defined3", ""): null

2023-02-15 21:56:12 - [TEST_STEP][PASSED] - selenium.type("name=user_defined4", ""): null

2023-02-15 21:56:12 - [TEST_STEP][PASSED] - selenium.type("name=user_defined5", ""): null

2023-02-15 21:56:12 - [TEST_STEP][PASSED] - selenium.type("name=user_defined6", ""): null

2023-02-15 21:56:12 - [TEST_STEP][PASSED] - selenium.type("name=user_defined7", ""): null

2023-02-15 21:56:12 - [TEST_STEP][PASSED] - selenium.type("name=user_defined8", ""): null

2023-02-15 21:56:12 - [TEST_STEP][PASSED] - selenium.type("name=user_defined9", ""): null

2023-02-15 21:56:12 - [TEST_STEP][PASSED] - selenium.type("name=user_defined10", ""): null

2023-02-15 21:56:12 - [TEST_STEP][PASSED] - selenium.click("css=input[type="submit"]"): null

2023-02-15 21:56:13 - [TEST_STEP][PASSED] - selenium.waitForPageToLoad("30000"): null

2023-02-15 21:56:14 - [TEST_STEP][PASSED] - verifyTextPresent("Transaction approved, no errors", true): Text 'Transaction approved, no errors' is present on page  using regular expression

2023-02-15 21:56:14 - [MESSAGE][PASSED] - Text 'Transaction approved, no errors' is present on page  using regular expression

2023-02-15 21:56:14 - [TEST_STEP][PASSED] - resTextCap = selenium.getText("css=pre"): null

2023-02-15 21:56:14 - [TEST_STEP][PASSED] - println(resTextCap): null

2023-02-15 21:56:14 - [TEST_STEP][PASSED] - tranIDCap = selenium.getEval(" var ran1 = "" + ran1 + "";var ran2 = "" + ran2 + "";var ran3 = "" + ran3 + "";var resText = "" + resText + "";var tranID = "" + tranID + "";var resTextCap = "" + resTextCap + "";var storedVars = { 'ran1': ran1,'ran2': ran2,'ran3': ran3,'resText': resText,'tranID': tranID,'resTextCap': resTextCap }; " + "storedVars['resTextCap'].substring(19,28).trim()"): null

2023-02-15 21:56:14 - [TEST_STEP][PASSED] - println(tranIDCap): null]]></system-out>
         <system-err><![CDATA[]]></system-err>
      </testcase>
      <testcase name="Test Cases/VLink/Imported-SelIDE/VLinkXMLTests/EncryptedRemIDPipe" time="9.265" classname="Test Cases/VLink/Imported-SelIDE/VLinkXMLTests/EncryptedRemIDPipe" status="PASSED">
         <system-out><![CDATA[2023-02-15 21:56:14 - [TEST_CASE][PASSED] - Test Cases/VLink/Imported-SelIDE/VLinkXMLTests/EncryptedRemIDPipe: Test Cases/VLink/Imported-SelIDE/VLinkXMLTests/EncryptedRemIDPipe

2023-02-15 21:56:15 - [TEST_STEP][PASSED] - softAssertion = new org.testng.asserts.SoftAssert(): null

2023-02-15 21:56:15 - [TEST_STEP][PASSED] - openBrowser("https://www.google.com/"): Browser is opened with url: 'https://www.google.com/'

2023-02-15 21:56:15 - [MESSAGE][WARNING] - A browser is already opened. Closing browser and opening a new one

2023-02-15 21:56:16 - [MESSAGE][INFO] - Starting 'Chrome' driver

2023-02-15 21:56:16 - [MESSAGE][INFO] - User set preference: ['acceptInsecureCerts', 'true']

2023-02-15 21:56:16 - [MESSAGE][INFO] - Action delay is set to 0 milliseconds

2023-02-15 21:56:18 - [MESSAGE][PASSED] - Browser is opened with url: 'https://www.google.com/'

2023-02-15 21:56:18 - [TEST_STEP][PASSED] - driver = getWebDriver(): null

2023-02-15 21:56:18 - [TEST_STEP][PASSED] - baseUrl = "https://www.google.com/": null

2023-02-15 21:56:18 - [TEST_STEP][PASSED] - selenium = new com.thoughtworks.selenium.webdriven.WebDriverBackedSelenium(driver, baseUrl): null

2023-02-15 21:56:18 - [TEST_STEP][PASSED] - ran1 = random() * 99999)").toInteger(): null

2023-02-15 21:56:18 - [TEST_STEP][PASSED] - println(ran1): null

2023-02-15 21:56:18 - [TEST_STEP][PASSED] - ran2 = random() * 999)").toInteger(): null

2023-02-15 21:56:18 - [TEST_STEP][PASSED] - println(ran2): null

2023-02-15 21:56:18 - [TEST_STEP][PASSED] - ran3 = random() * 9999)").toInteger(): null

2023-02-15 21:56:19 - [TEST_STEP][PASSED] - println(ran3): null

2023-02-15 21:56:19 - [TEST_STEP][PASSED] - println(ran1 + "|" + ran2 + "|" + ran3): null

2023-02-15 21:56:19 - [TEST_STEP][PASSED] - selenium.open("https://dev-algorithm.govolution.com/vlinktest/QA/version_2_0/vlinkEncryptedSwipe.html"): null

2023-02-15 21:56:19 - [TEST_STEP][PASSED] - selenium.type("name=transaction_type", "104"): null

2023-02-15 21:56:19 - [TEST_STEP][PASSED] - selenium.type("name=message_version", 0C".toString()): null

2023-02-15 21:56:19 - [TEST_STEP][PASSED] - selenium.type("name=remittance_id", ran1 + "|" + ran2 + "|" + ran3.toString()): null

2023-02-15 21:56:19 - [TEST_STEP][PASSED] - selenium.type("name=application_id", "234"): null

2023-02-15 21:56:19 - [TEST_STEP][PASSED] - selenium.type("name=username", "username"): null

2023-02-15 21:56:19 - [TEST_STEP][PASSED] - selenium.type("name=password", "password"): null

2023-02-15 21:56:19 - [TEST_STEP][PASSED] - selenium.type("name=response_format", "fixed_width"): null

2023-02-15 21:56:19 - [TEST_STEP][PASSED] - selenium.type("name=category", "RETL"): null

2023-02-15 21:56:19 - [TEST_STEP][PASSED] - selenium.type("name=transaction_id", ""): null

2023-02-15 21:56:19 - [TEST_STEP][PASSED] - selenium.type("name=approval_code", ""): null

2023-02-15 21:56:20 - [TEST_STEP][PASSED] - selenium.type("name=card_name", ""): null

2023-02-15 21:56:20 - [TEST_STEP][PASSED] - selenium.type("name=card_address", "2311 york road".toString()): null

2023-02-15 21:56:20 - [TEST_STEP][PASSED] - selenium.type("name=card_address2", ""): null

2023-02-15 21:56:20 - [TEST_STEP][PASSED] - selenium.type("name=card_city", "Arlington"): null

2023-02-15 21:56:20 - [TEST_STEP][PASSED] - selenium.type("name=card_state", "VA"): null

2023-02-15 21:56:20 - [TEST_STEP][PASSED] - selenium.type("name=card_zip", "22201"): null

2023-02-15 21:56:20 - [TEST_STEP][PASSED] - selenium.type("name=country_id", ""): null

2023-02-15 21:56:20 - [TEST_STEP][PASSED] - selenium.type("name=amount", 00".toString()): null

2023-02-15 21:56:20 - [TEST_STEP][PASSED] - selenium.type("name=card_number", ""): null

2023-02-15 21:56:20 - [TEST_STEP][PASSED] - selenium.type("name=card_exmo", ""): null

2023-02-15 21:56:20 - [TEST_STEP][PASSED] - selenium.type("name=card_exyr", ""): null

2023-02-15 21:56:20 - [TEST_STEP][PASSED] - selenium.type("name=cvv_data", ""): null

2023-02-15 21:56:20 - [TEST_STEP][PASSED] - selenium.type("name=cvv_state", ""): null

2023-02-15 21:56:20 - [TEST_STEP][PASSED] - selenium.type("name=track_data", ""): null

2023-02-15 21:56:20 - [TEST_STEP][PASSED] - selenium.type("name=track_1_data", ""): null

2023-02-15 21:56:20 - [TEST_STEP][PASSED] - selenium.type("name=track_2_data", ""): null

2023-02-15 21:56:20 - [TEST_STEP][PASSED] - selenium.type("name=entry_mode", "track"): null

2023-02-15 21:56:20 - [TEST_STEP][PASSED] - selenium.type("name=email", ""): null

2023-02-15 21:56:20 - [TEST_STEP][PASSED] - selenium.type("name=order_number", ""): null

2023-02-15 21:56:20 - [TEST_STEP][PASSED] - selenium.type("name=tax_amount", ""): null

2023-02-15 21:56:20 - [TEST_STEP][PASSED] - selenium.type("name=charge_description", ""): null

2023-02-15 21:56:20 - [TEST_STEP][PASSED] - selenium.type("name=client_account_number", ""): null

2023-02-15 21:56:20 - [TEST_STEP][PASSED] - selenium.type("name=bill_payment_indicator", ""): null

2023-02-15 21:56:21 - [TEST_STEP][PASSED] - selenium.type("name=user_defined1", ""): null

2023-02-15 21:56:21 - [TEST_STEP][PASSED] - selenium.type("name=user_defined2", ""): null

2023-02-15 21:56:21 - [TEST_STEP][PASSED] - selenium.type("name=user_defined3", ""): null

2023-02-15 21:56:21 - [TEST_STEP][PASSED] - selenium.type("name=user_defined4", ""): null

2023-02-15 21:56:21 - [TEST_STEP][PASSED] - selenium.type("name=user_defined5", ""): null

2023-02-15 21:56:21 - [TEST_STEP][PASSED] - selenium.type("name=user_defined6", ""): null

2023-02-15 21:56:21 - [TEST_STEP][PASSED] - selenium.type("name=user_defined7", ""): null

2023-02-15 21:56:21 - [TEST_STEP][PASSED] - selenium.type("name=user_defined8", ""): null

2023-02-15 21:56:21 - [TEST_STEP][PASSED] - selenium.type("name=user_defined9", ""): null

2023-02-15 21:56:21 - [TEST_STEP][PASSED] - selenium.type("name=user_defined10", ""): null

2023-02-15 21:56:21 - [TEST_STEP][PASSED] - selenium.type("name=encrypted_track_1_data", "8CC5F2E7D8E5F1B8B3D7E884E119C94C968815CAD2DFD5FC9E6C5A470F98215174A2FC6703FF121CABA8263000A6E77B2C64A319A559F013554E12A5FA8122E7DC5F398937E52B55425F08DCB1C73C9CE2DB0C5F4E322B5B9C7A39E8C6765E96"): null

2023-02-15 21:56:21 - [TEST_STEP][PASSED] - selenium.type("name=encrypted_track_2_data", ""): null

2023-02-15 21:56:21 - [TEST_STEP][PASSED] - selenium.type("name=slot_number", "11"): null

2023-02-15 21:56:21 - [TEST_STEP][PASSED] - selenium.type("name=ksn", "FFFF862134D00140005A"): null

2023-02-15 21:56:21 - [TEST_STEP][PASSED] - selenium.click("css=input[type="submit"]"): null

2023-02-15 21:56:22 - [TEST_STEP][PASSED] - selenium.waitForPageToLoad("30000"): null

2023-02-15 21:56:23 - [TEST_STEP][PASSED] - verifyTextPresent("Transaction approved, no errors", true): Text 'Transaction approved, no errors' is present on page  using regular expression

2023-02-15 21:56:23 - [MESSAGE][PASSED] - Text 'Transaction approved, no errors' is present on page  using regular expression

2023-02-15 21:56:23 - [TEST_STEP][PASSED] - resText = selenium.getText("css=pre"): null

2023-02-15 21:56:23 - [TEST_STEP][PASSED] - println(resText): null

2023-02-15 21:56:23 - [TEST_STEP][PASSED] - tranID = selenium.getEval(" var ran1 = "" + ran1 + "";var ran2 = "" + ran2 + "";var ran3 = "" + ran3 + "";var resText = "" + resText + "";var storedVars = { 'ran1': ran1,'ran2': ran2,'ran3': ran3,'resText': resText }; " + "storedVars['resText'].substring(19,28).trim()"): null

2023-02-15 21:56:23 - [TEST_STEP][PASSED] - println(tranID): null]]></system-out>
         <system-err><![CDATA[]]></system-err>
      </testcase>
      <testcase name="Test Cases/VLink/Imported-SelIDE/VLinkXMLTests/IncorrectPassword" time="8.81" classname="Test Cases/VLink/Imported-SelIDE/VLinkXMLTests/IncorrectPassword" status="PASSED">
         <system-out><![CDATA[2023-02-15 21:56:23 - [TEST_CASE][PASSED] - Test Cases/VLink/Imported-SelIDE/VLinkXMLTests/IncorrectPassword: Test Cases/VLink/Imported-SelIDE/VLinkXMLTests/IncorrectPassword

2023-02-15 21:56:24 - [TEST_STEP][PASSED] - softAssertion = new org.testng.asserts.SoftAssert(): null

2023-02-15 21:56:24 - [TEST_STEP][PASSED] - openBrowser("https://www.google.com/"): Browser is opened with url: 'https://www.google.com/'

2023-02-15 21:56:24 - [MESSAGE][WARNING] - A browser is already opened. Closing browser and opening a new one

2023-02-15 21:56:25 - [MESSAGE][INFO] - Starting 'Chrome' driver

2023-02-15 21:56:25 - [MESSAGE][INFO] - User set preference: ['acceptInsecureCerts', 'true']

2023-02-15 21:56:25 - [MESSAGE][INFO] - Action delay is set to 0 milliseconds

2023-02-15 21:56:28 - [MESSAGE][PASSED] - Browser is opened with url: 'https://www.google.com/'

2023-02-15 21:56:28 - [TEST_STEP][PASSED] - driver = getWebDriver(): null

2023-02-15 21:56:28 - [TEST_STEP][PASSED] - baseUrl = "https://www.google.com/": null

2023-02-15 21:56:28 - [TEST_STEP][PASSED] - selenium = new com.thoughtworks.selenium.webdriven.WebDriverBackedSelenium(driver, baseUrl): null

2023-02-15 21:56:28 - [TEST_STEP][PASSED] - selenium.open("https://dev-algorithm.govolution.com/vlinktest/QA/version_2_0/authcap.html"): null

2023-02-15 21:56:28 - [TEST_STEP][PASSED] - selenium.type("name=transaction_type", "104"): null

2023-02-15 21:56:28 - [TEST_STEP][PASSED] - selenium.type("name=message_version", 0C".toString()): null

2023-02-15 21:56:28 - [TEST_STEP][PASSED] - genRemID = RandomStringUtils.random(12, true, true): null

2023-02-15 21:56:28 - [TEST_STEP][PASSED] - setText(findTestObject("Object Repository/RecAndPlayBk/Page-Vlink-AuthOnly/input_Remittance Id_remittance_id"), genRemID): Text 'Q2L782ZYFusp' is set on object 'Object Repository/RecAndPlayBk/Page-Vlink-AuthOnly/input_Remittance Id_remittance_id'

2023-02-15 21:56:29 - [MESSAGE][PASSED] - Text 'Q2L782ZYFusp' is set on object 'Object Repository/RecAndPlayBk/Page-Vlink-AuthOnly/input_Remittance Id_remittance_id'

2023-02-15 21:56:29 - [TEST_STEP][PASSED] - selenium.type("name=application_id", "180"): null

2023-02-15 21:56:29 - [TEST_STEP][PASSED] - selenium.type("name=username", "junit"): null

2023-02-15 21:56:29 - [TEST_STEP][PASSED] - selenium.type("name=password", "hello"): null

2023-02-15 21:56:29 - [TEST_STEP][PASSED] - selenium.type("name=response_format", "fixed_width"): null

2023-02-15 21:56:29 - [TEST_STEP][PASSED] - selenium.type("name=category", "ECOM"): null

2023-02-15 21:56:29 - [TEST_STEP][PASSED] - selenium.type("name=transaction_id", ""): null

2023-02-15 21:56:29 - [TEST_STEP][PASSED] - selenium.type("name=approval_code", ""): null

2023-02-15 21:56:29 - [TEST_STEP][PASSED] - selenium.type("name=card_name", "John Smith".toString()): null

2023-02-15 21:56:29 - [TEST_STEP][PASSED] - selenium.type("name=card_address", "2311 york road".toString()): null

2023-02-15 21:56:29 - [TEST_STEP][PASSED] - selenium.type("name=card_address2", ""): null

2023-02-15 21:56:30 - [TEST_STEP][PASSED] - selenium.type("name=card_city", "Arlington"): null

2023-02-15 21:56:30 - [TEST_STEP][PASSED] - selenium.type("name=card_state", "VA"): null

2023-02-15 21:56:30 - [TEST_STEP][PASSED] - selenium.type("name=card_zip", "22201"): null

2023-02-15 21:56:30 - [TEST_STEP][PASSED] - selenium.type("name=country_id", ""): null

2023-02-15 21:56:30 - [TEST_STEP][PASSED] - selenium.type("name=amount", 00".toString()): null

2023-02-15 21:56:30 - [TEST_STEP][PASSED] - selenium.type("name=card_number", "4111111111111111"): null

2023-02-15 21:56:30 - [TEST_STEP][PASSED] - selenium.type("name=card_exmo", "12"): null

2023-02-15 21:56:30 - [TEST_STEP][PASSED] - selenium.type("name=card_exyr", "2020"): null

2023-02-15 21:56:30 - [TEST_STEP][PASSED] - selenium.type("name=cvv_data", ""): null

2023-02-15 21:56:30 - [TEST_STEP][PASSED] - selenium.type("name=cvv_state", ""): null

2023-02-15 21:56:30 - [TEST_STEP][PASSED] - selenium.type("name=track_data", ""): null

2023-02-15 21:56:30 - [TEST_STEP][PASSED] - selenium.type("name=track_1_data", ""): null

2023-02-15 21:56:30 - [TEST_STEP][PASSED] - selenium.type("name=track_2_data", ""): null

2023-02-15 21:56:30 - [TEST_STEP][PASSED] - selenium.type("name=entry_mode", "manual"): null

2023-02-15 21:56:30 - [TEST_STEP][PASSED] - selenium.type("name=email", ""): null

2023-02-15 21:56:30 - [TEST_STEP][PASSED] - selenium.type("name=order_number", ""): null

2023-02-15 21:56:30 - [TEST_STEP][PASSED] - selenium.type("name=tax_amount", ""): null

2023-02-15 21:56:30 - [TEST_STEP][PASSED] - selenium.type("name=charge_description", ""): null

2023-02-15 21:56:30 - [TEST_STEP][PASSED] - selenium.type("name=client_account_number", ""): null

2023-02-15 21:56:30 - [TEST_STEP][PASSED] - selenium.type("name=bill_payment_indicator", ""): null

2023-02-15 21:56:30 - [TEST_STEP][PASSED] - selenium.type("name=user_defined1", ""): null

2023-02-15 21:56:30 - [TEST_STEP][PASSED] - selenium.type("name=user_defined2", ""): null

2023-02-15 21:56:31 - [TEST_STEP][PASSED] - selenium.type("name=user_defined3", ""): null

2023-02-15 21:56:31 - [TEST_STEP][PASSED] - selenium.type("name=user_defined4", ""): null

2023-02-15 21:56:31 - [TEST_STEP][PASSED] - selenium.type("name=user_defined5", ""): null

2023-02-15 21:56:31 - [TEST_STEP][PASSED] - selenium.type("name=user_defined6", ""): null

2023-02-15 21:56:31 - [TEST_STEP][PASSED] - selenium.type("name=user_defined7", ""): null

2023-02-15 21:56:31 - [TEST_STEP][PASSED] - selenium.type("name=user_defined8", ""): null

2023-02-15 21:56:31 - [TEST_STEP][PASSED] - selenium.type("name=user_defined9", ""): null

2023-02-15 21:56:31 - [TEST_STEP][PASSED] - selenium.type("name=user_defined10", ""): null

2023-02-15 21:56:31 - [TEST_STEP][PASSED] - selenium.click("css=input[type="submit"]"): null

2023-02-15 21:56:31 - [TEST_STEP][PASSED] - selenium.waitForPageToLoad("30000"): null

2023-02-15 21:56:32 - [TEST_STEP][PASSED] - selenium.selectWindow("null"): null

2023-02-15 21:56:32 - [TEST_STEP][PASSED] - verifyTextPresent("Signon authentication error.", true): Text 'Signon authentication error.' is present on page  using regular expression

2023-02-15 21:56:32 - [MESSAGE][PASSED] - Text 'Signon authentication error.' is present on page  using regular expression]]></system-out>
         <system-err><![CDATA[]]></system-err>
      </testcase>
      <testcase name="Test Cases/VLink/Imported-SelIDE/VLinkXMLTests/IncorrectUsername" time="8.563" classname="Test Cases/VLink/Imported-SelIDE/VLinkXMLTests/IncorrectUsername" status="PASSED">
         <system-out><![CDATA[2023-02-15 21:56:32 - [TEST_CASE][PASSED] - Test Cases/VLink/Imported-SelIDE/VLinkXMLTests/IncorrectUsername: Test Cases/VLink/Imported-SelIDE/VLinkXMLTests/IncorrectUsername

2023-02-15 21:56:33 - [TEST_STEP][PASSED] - softAssertion = new org.testng.asserts.SoftAssert(): null

2023-02-15 21:56:33 - [TEST_STEP][PASSED] - openBrowser("https://www.google.com/"): Browser is opened with url: 'https://www.google.com/'

2023-02-15 21:56:33 - [MESSAGE][WARNING] - A browser is already opened. Closing browser and opening a new one

2023-02-15 21:56:34 - [MESSAGE][INFO] - Starting 'Chrome' driver

2023-02-15 21:56:34 - [MESSAGE][INFO] - User set preference: ['acceptInsecureCerts', 'true']

2023-02-15 21:56:34 - [MESSAGE][INFO] - Action delay is set to 0 milliseconds

2023-02-15 21:56:36 - [MESSAGE][PASSED] - Browser is opened with url: 'https://www.google.com/'

2023-02-15 21:56:36 - [TEST_STEP][PASSED] - driver = getWebDriver(): null

2023-02-15 21:56:36 - [TEST_STEP][PASSED] - baseUrl = "https://www.google.com/": null

2023-02-15 21:56:36 - [TEST_STEP][PASSED] - selenium = new com.thoughtworks.selenium.webdriven.WebDriverBackedSelenium(driver, baseUrl): null

2023-02-15 21:56:36 - [TEST_STEP][PASSED] - selenium.open("https://dev-algorithm.govolution.com/vlinktest/QA/version_2_0/authcap.html"): null

2023-02-15 21:56:37 - [TEST_STEP][PASSED] - selenium.type("name=transaction_type", "104"): null

2023-02-15 21:56:37 - [TEST_STEP][PASSED] - selenium.type("name=message_version", 0C".toString()): null

2023-02-15 21:56:37 - [TEST_STEP][PASSED] - genRemID = RandomStringUtils.random(12, true, true): null

2023-02-15 21:56:37 - [TEST_STEP][PASSED] - setText(findTestObject("Object Repository/RecAndPlayBk/Page-Vlink-AuthOnly/input_Remittance Id_remittance_id"), genRemID): Text '5LwSYN23sCCt' is set on object 'Object Repository/RecAndPlayBk/Page-Vlink-AuthOnly/input_Remittance Id_remittance_id'

2023-02-15 21:56:38 - [MESSAGE][PASSED] - Text '5LwSYN23sCCt' is set on object 'Object Repository/RecAndPlayBk/Page-Vlink-AuthOnly/input_Remittance Id_remittance_id'

2023-02-15 21:56:38 - [TEST_STEP][PASSED] - selenium.type("name=application_id", "180"): null

2023-02-15 21:56:38 - [TEST_STEP][PASSED] - selenium.type("name=username", "hello"): null

2023-02-15 21:56:38 - [TEST_STEP][PASSED] - selenium.type("name=password", "testing"): null

2023-02-15 21:56:38 - [TEST_STEP][PASSED] - selenium.type("name=response_format", "fixed_width"): null

2023-02-15 21:56:38 - [TEST_STEP][PASSED] - selenium.type("name=category", "ECOM"): null

2023-02-15 21:56:38 - [TEST_STEP][PASSED] - selenium.type("name=transaction_id", ""): null

2023-02-15 21:56:38 - [TEST_STEP][PASSED] - selenium.type("name=approval_code", ""): null

2023-02-15 21:56:38 - [TEST_STEP][PASSED] - selenium.type("name=card_name", "John Smith".toString()): null

2023-02-15 21:56:38 - [TEST_STEP][PASSED] - selenium.type("name=card_address", "2311 york road".toString()): null

2023-02-15 21:56:38 - [TEST_STEP][PASSED] - selenium.type("name=card_address2", ""): null

2023-02-15 21:56:38 - [TEST_STEP][PASSED] - selenium.type("name=card_city", "Arlington"): null

2023-02-15 21:56:38 - [TEST_STEP][PASSED] - selenium.type("name=card_state", "VA"): null

2023-02-15 21:56:38 - [TEST_STEP][PASSED] - selenium.type("name=card_zip", "22201"): null

2023-02-15 21:56:38 - [TEST_STEP][PASSED] - selenium.type("name=country_id", ""): null

2023-02-15 21:56:38 - [TEST_STEP][PASSED] - selenium.type("name=amount", 00".toString()): null

2023-02-15 21:56:38 - [TEST_STEP][PASSED] - selenium.type("name=card_number", "4111111111111111"): null

2023-02-15 21:56:38 - [TEST_STEP][PASSED] - selenium.type("name=card_exmo", "12"): null

2023-02-15 21:56:38 - [TEST_STEP][PASSED] - selenium.type("name=card_exyr", "2020"): null

2023-02-15 21:56:38 - [TEST_STEP][PASSED] - selenium.type("name=cvv_data", ""): null

2023-02-15 21:56:39 - [TEST_STEP][PASSED] - selenium.type("name=cvv_state", ""): null

2023-02-15 21:56:39 - [TEST_STEP][PASSED] - selenium.type("name=track_data", ""): null

2023-02-15 21:56:39 - [TEST_STEP][PASSED] - selenium.type("name=track_1_data", ""): null

2023-02-15 21:56:39 - [TEST_STEP][PASSED] - selenium.type("name=track_2_data", ""): null

2023-02-15 21:56:39 - [TEST_STEP][PASSED] - selenium.type("name=entry_mode", "manual"): null

2023-02-15 21:56:39 - [TEST_STEP][PASSED] - selenium.type("name=email", ""): null

2023-02-15 21:56:39 - [TEST_STEP][PASSED] - selenium.type("name=order_number", ""): null

2023-02-15 21:56:39 - [TEST_STEP][PASSED] - selenium.type("name=tax_amount", ""): null

2023-02-15 21:56:39 - [TEST_STEP][PASSED] - selenium.type("name=charge_description", ""): null

2023-02-15 21:56:39 - [TEST_STEP][PASSED] - selenium.type("name=client_account_number", ""): null

2023-02-15 21:56:39 - [TEST_STEP][PASSED] - selenium.type("name=bill_payment_indicator", ""): null

2023-02-15 21:56:39 - [TEST_STEP][PASSED] - selenium.type("name=user_defined1", ""): null

2023-02-15 21:56:39 - [TEST_STEP][PASSED] - selenium.type("name=user_defined2", ""): null

2023-02-15 21:56:39 - [TEST_STEP][PASSED] - selenium.type("name=user_defined3", ""): null

2023-02-15 21:56:39 - [TEST_STEP][PASSED] - selenium.type("name=user_defined4", ""): null

2023-02-15 21:56:39 - [TEST_STEP][PASSED] - selenium.type("name=user_defined5", ""): null

2023-02-15 21:56:39 - [TEST_STEP][PASSED] - selenium.type("name=user_defined6", ""): null

2023-02-15 21:56:39 - [TEST_STEP][PASSED] - selenium.type("name=user_defined7", ""): null

2023-02-15 21:56:39 - [TEST_STEP][PASSED] - selenium.type("name=user_defined8", ""): null

2023-02-15 21:56:39 - [TEST_STEP][PASSED] - selenium.type("name=user_defined9", ""): null

2023-02-15 21:56:39 - [TEST_STEP][PASSED] - selenium.type("name=user_defined10", ""): null

2023-02-15 21:56:39 - [TEST_STEP][PASSED] - selenium.click("css=input[type="submit"]"): null

2023-02-15 21:56:40 - [TEST_STEP][PASSED] - selenium.waitForPageToLoad("30000"): null

2023-02-15 21:56:41 - [TEST_STEP][PASSED] - selenium.selectWindow("null"): null

2023-02-15 21:56:41 - [TEST_STEP][PASSED] - verifyTextPresent("Signon authentication error.", true): Text 'Signon authentication error.' is present on page  using regular expression

2023-02-15 21:56:41 - [MESSAGE][PASSED] - Text 'Signon authentication error.' is present on page  using regular expression]]></system-out>
         <system-err><![CDATA[]]></system-err>
      </testcase>
      <testcase name="Test Cases/VLink/Imported-SelIDE/VLinkXMLTests/IncorrectUsernameAndPassword" time="8.786" classname="Test Cases/VLink/Imported-SelIDE/VLinkXMLTests/IncorrectUsernameAndPassword" status="PASSED">
         <system-out><![CDATA[2023-02-15 21:56:41 - [TEST_CASE][PASSED] - Test Cases/VLink/Imported-SelIDE/VLinkXMLTests/IncorrectUsernameAndPassword: Test Cases/VLink/Imported-SelIDE/VLinkXMLTests/IncorrectUsernameAndPassword

2023-02-15 21:56:41 - [TEST_STEP][PASSED] - softAssertion = new org.testng.asserts.SoftAssert(): null

2023-02-15 21:56:41 - [TEST_STEP][PASSED] - openBrowser("https://www.google.com/"): Browser is opened with url: 'https://www.google.com/'

2023-02-15 21:56:41 - [MESSAGE][WARNING] - A browser is already opened. Closing browser and opening a new one

2023-02-15 21:56:42 - [MESSAGE][INFO] - Starting 'Chrome' driver

2023-02-15 21:56:42 - [MESSAGE][INFO] - User set preference: ['acceptInsecureCerts', 'true']

2023-02-15 21:56:42 - [MESSAGE][INFO] - Action delay is set to 0 milliseconds

2023-02-15 21:56:45 - [MESSAGE][PASSED] - Browser is opened with url: 'https://www.google.com/'

2023-02-15 21:56:45 - [TEST_STEP][PASSED] - driver = getWebDriver(): null

2023-02-15 21:56:45 - [TEST_STEP][PASSED] - baseUrl = "https://www.google.com/": null

2023-02-15 21:56:45 - [TEST_STEP][PASSED] - selenium = new com.thoughtworks.selenium.webdriven.WebDriverBackedSelenium(driver, baseUrl): null

2023-02-15 21:56:45 - [TEST_STEP][PASSED] - selenium.open("https://dev-algorithm.govolution.com/vlinktest/QA/version_2_0/authcap.html"): null

2023-02-15 21:56:45 - [TEST_STEP][PASSED] - selenium.type("name=transaction_type", "104"): null

2023-02-15 21:56:46 - [TEST_STEP][PASSED] - selenium.type("name=message_version", 0C".toString()): null

2023-02-15 21:56:46 - [TEST_STEP][PASSED] - genRemID = RandomStringUtils.random(12, true, true): null

2023-02-15 21:56:46 - [TEST_STEP][PASSED] - setText(findTestObject("Object Repository/RecAndPlayBk/Page-Vlink-AuthOnly/input_Remittance Id_remittance_id"), genRemID): Text 'vUWtdvOd9zxf' is set on object 'Object Repository/RecAndPlayBk/Page-Vlink-AuthOnly/input_Remittance Id_remittance_id'

2023-02-15 21:56:46 - [MESSAGE][PASSED] - Text 'vUWtdvOd9zxf' is set on object 'Object Repository/RecAndPlayBk/Page-Vlink-AuthOnly/input_Remittance Id_remittance_id'

2023-02-15 21:56:46 - [TEST_STEP][PASSED] - selenium.type("name=application_id", "180"): null

2023-02-15 21:56:46 - [TEST_STEP][PASSED] - selenium.type("name=username", "hello"): null

2023-02-15 21:56:47 - [TEST_STEP][PASSED] - selenium.type("name=password", "world"): null

2023-02-15 21:56:47 - [TEST_STEP][PASSED] - selenium.type("name=response_format", "fixed_width"): null

2023-02-15 21:56:47 - [TEST_STEP][PASSED] - selenium.type("name=category", "ECOM"): null

2023-02-15 21:56:47 - [TEST_STEP][PASSED] - selenium.type("name=transaction_id", ""): null

2023-02-15 21:56:47 - [TEST_STEP][PASSED] - selenium.type("name=approval_code", ""): null

2023-02-15 21:56:47 - [TEST_STEP][PASSED] - selenium.type("name=card_name", "John Smith".toString()): null

2023-02-15 21:56:47 - [TEST_STEP][PASSED] - selenium.type("name=card_address", "2311 york road".toString()): null

2023-02-15 21:56:47 - [TEST_STEP][PASSED] - selenium.type("name=card_address2", ""): null

2023-02-15 21:56:47 - [TEST_STEP][PASSED] - selenium.type("name=card_city", "Arlington"): null

2023-02-15 21:56:47 - [TEST_STEP][PASSED] - selenium.type("name=card_state", "VA"): null

2023-02-15 21:56:47 - [TEST_STEP][PASSED] - selenium.type("name=card_zip", "22201"): null

2023-02-15 21:56:47 - [TEST_STEP][PASSED] - selenium.type("name=country_id", ""): null

2023-02-15 21:56:47 - [TEST_STEP][PASSED] - selenium.type("name=amount", 00".toString()): null

2023-02-15 21:56:47 - [TEST_STEP][PASSED] - selenium.type("name=card_number", "4111111111111111"): null

2023-02-15 21:56:47 - [TEST_STEP][PASSED] - selenium.type("name=card_exmo", "12"): null

2023-02-15 21:56:47 - [TEST_STEP][PASSED] - selenium.type("name=card_exyr", "2020"): null

2023-02-15 21:56:47 - [TEST_STEP][PASSED] - selenium.type("name=cvv_data", ""): null

2023-02-15 21:56:47 - [TEST_STEP][PASSED] - selenium.type("name=cvv_state", ""): null

2023-02-15 21:56:47 - [TEST_STEP][PASSED] - selenium.type("name=track_data", ""): null

2023-02-15 21:56:47 - [TEST_STEP][PASSED] - selenium.type("name=track_1_data", ""): null

2023-02-15 21:56:47 - [TEST_STEP][PASSED] - selenium.type("name=track_2_data", ""): null

2023-02-15 21:56:47 - [TEST_STEP][PASSED] - selenium.type("name=entry_mode", "manual"): null

2023-02-15 21:56:48 - [TEST_STEP][PASSED] - selenium.type("name=email", ""): null

2023-02-15 21:56:48 - [TEST_STEP][PASSED] - selenium.type("name=order_number", ""): null

2023-02-15 21:56:48 - [TEST_STEP][PASSED] - selenium.type("name=tax_amount", ""): null

2023-02-15 21:56:48 - [TEST_STEP][PASSED] - selenium.type("name=charge_description", ""): null

2023-02-15 21:56:48 - [TEST_STEP][PASSED] - selenium.type("name=client_account_number", ""): null

2023-02-15 21:56:48 - [TEST_STEP][PASSED] - selenium.type("name=bill_payment_indicator", ""): null

2023-02-15 21:56:48 - [TEST_STEP][PASSED] - selenium.type("name=user_defined1", ""): null

2023-02-15 21:56:48 - [TEST_STEP][PASSED] - selenium.type("name=user_defined2", ""): null

2023-02-15 21:56:48 - [TEST_STEP][PASSED] - selenium.type("name=user_defined3", ""): null

2023-02-15 21:56:48 - [TEST_STEP][PASSED] - selenium.type("name=user_defined4", ""): null

2023-02-15 21:56:48 - [TEST_STEP][PASSED] - selenium.type("name=user_defined5", ""): null

2023-02-15 21:56:48 - [TEST_STEP][PASSED] - selenium.type("name=user_defined6", ""): null

2023-02-15 21:56:48 - [TEST_STEP][PASSED] - selenium.type("name=user_defined7", ""): null

2023-02-15 21:56:48 - [TEST_STEP][PASSED] - selenium.type("name=user_defined8", ""): null

2023-02-15 21:56:48 - [TEST_STEP][PASSED] - selenium.type("name=user_defined9", ""): null

2023-02-15 21:56:48 - [TEST_STEP][PASSED] - selenium.type("name=user_defined10", ""): null

2023-02-15 21:56:48 - [TEST_STEP][PASSED] - selenium.click("css=input[type="submit"]"): null

2023-02-15 21:56:49 - [TEST_STEP][PASSED] - selenium.waitForPageToLoad("30000"): null

2023-02-15 21:56:49 - [TEST_STEP][PASSED] - selenium.selectWindow("null"): null

2023-02-15 21:56:49 - [TEST_STEP][PASSED] - verifyTextPresent("Signon authentication error", true): Text 'Signon authentication error' is present on page  using regular expression

2023-02-15 21:56:50 - [MESSAGE][PASSED] - Text 'Signon authentication error' is present on page  using regular expression]]></system-out>
         <system-err><![CDATA[]]></system-err>
      </testcase>
      <testcase name="Test Cases/VLink/Imported-SelIDE/VLinkXMLTests/MissingUsernameAndPassword" time="8.547" classname="Test Cases/VLink/Imported-SelIDE/VLinkXMLTests/MissingUsernameAndPassword" status="PASSED">
         <system-out><![CDATA[2023-02-15 21:56:50 - [TEST_CASE][PASSED] - Test Cases/VLink/Imported-SelIDE/VLinkXMLTests/MissingUsernameAndPassword: Test Cases/VLink/Imported-SelIDE/VLinkXMLTests/MissingUsernameAndPassword

2023-02-15 21:56:50 - [TEST_STEP][PASSED] - softAssertion = new org.testng.asserts.SoftAssert(): null

2023-02-15 21:56:50 - [TEST_STEP][PASSED] - openBrowser("https://www.google.com/"): Browser is opened with url: 'https://www.google.com/'

2023-02-15 21:56:50 - [MESSAGE][WARNING] - A browser is already opened. Closing browser and opening a new one

2023-02-15 21:56:51 - [MESSAGE][INFO] - Starting 'Chrome' driver

2023-02-15 21:56:51 - [MESSAGE][INFO] - User set preference: ['acceptInsecureCerts', 'true']

2023-02-15 21:56:51 - [MESSAGE][INFO] - Action delay is set to 0 milliseconds

2023-02-15 21:56:54 - [MESSAGE][PASSED] - Browser is opened with url: 'https://www.google.com/'

2023-02-15 21:56:54 - [TEST_STEP][PASSED] - driver = getWebDriver(): null

2023-02-15 21:56:54 - [TEST_STEP][PASSED] - baseUrl = "https://www.google.com/": null

2023-02-15 21:56:54 - [TEST_STEP][PASSED] - selenium = new com.thoughtworks.selenium.webdriven.WebDriverBackedSelenium(driver, baseUrl): null

2023-02-15 21:56:54 - [TEST_STEP][PASSED] - selenium.open("https://dev-algorithm.govolution.com/vlinktest/QA/version_2_0/authcap.html"): null

2023-02-15 21:56:54 - [TEST_STEP][PASSED] - selenium.type("name=transaction_type", "104"): null

2023-02-15 21:56:54 - [TEST_STEP][PASSED] - selenium.type("name=message_version", 0C".toString()): null

2023-02-15 21:56:54 - [TEST_STEP][PASSED] - genRemID = RandomStringUtils.random(12, true, true): null

2023-02-15 21:56:54 - [TEST_STEP][PASSED] - setText(findTestObject("Object Repository/RecAndPlayBk/Page-Vlink-AuthOnly/input_Remittance Id_remittance_id"), genRemID): Text 'BtriXfgTMUV6' is set on object 'Object Repository/RecAndPlayBk/Page-Vlink-AuthOnly/input_Remittance Id_remittance_id'

2023-02-15 21:56:55 - [MESSAGE][PASSED] - Text 'BtriXfgTMUV6' is set on object 'Object Repository/RecAndPlayBk/Page-Vlink-AuthOnly/input_Remittance Id_remittance_id'

2023-02-15 21:56:55 - [TEST_STEP][PASSED] - selenium.type("name=application_id", "180"): null

2023-02-15 21:56:55 - [TEST_STEP][PASSED] - selenium.type("name=username", ""): null

2023-02-15 21:56:55 - [TEST_STEP][PASSED] - selenium.type("name=password", ""): null

2023-02-15 21:56:55 - [TEST_STEP][PASSED] - selenium.type("name=response_format", "fixed_width"): null

2023-02-15 21:56:55 - [TEST_STEP][PASSED] - selenium.type("name=category", "ECOM"): null

2023-02-15 21:56:55 - [TEST_STEP][PASSED] - selenium.type("name=transaction_id", ""): null

2023-02-15 21:56:55 - [TEST_STEP][PASSED] - selenium.type("name=approval_code", ""): null

2023-02-15 21:56:55 - [TEST_STEP][PASSED] - selenium.type("name=card_name", "John Smith".toString()): null

2023-02-15 21:56:55 - [TEST_STEP][PASSED] - selenium.type("name=card_address", "2311 york road".toString()): null

2023-02-15 21:56:55 - [TEST_STEP][PASSED] - selenium.type("name=card_address2", ""): null

2023-02-15 21:56:55 - [TEST_STEP][PASSED] - selenium.type("name=card_city", "Arlington"): null

2023-02-15 21:56:55 - [TEST_STEP][PASSED] - selenium.type("name=card_state", "VA"): null

2023-02-15 21:56:56 - [TEST_STEP][PASSED] - selenium.type("name=card_zip", "22201"): null

2023-02-15 21:56:56 - [TEST_STEP][PASSED] - selenium.type("name=country_id", ""): null

2023-02-15 21:56:56 - [TEST_STEP][PASSED] - selenium.type("name=amount", 00".toString()): null

2023-02-15 21:56:56 - [TEST_STEP][PASSED] - selenium.type("name=card_number", "4111111111111111"): null

2023-02-15 21:56:56 - [TEST_STEP][PASSED] - selenium.type("name=card_exmo", "12"): null

2023-02-15 21:56:56 - [TEST_STEP][PASSED] - selenium.type("name=card_exyr", "2020"): null

2023-02-15 21:56:56 - [TEST_STEP][PASSED] - selenium.type("name=cvv_data", ""): null

2023-02-15 21:56:56 - [TEST_STEP][PASSED] - selenium.type("name=cvv_state", ""): null

2023-02-15 21:56:56 - [TEST_STEP][PASSED] - selenium.type("name=track_data", ""): null

2023-02-15 21:56:56 - [TEST_STEP][PASSED] - selenium.type("name=track_1_data", ""): null

2023-02-15 21:56:56 - [TEST_STEP][PASSED] - selenium.type("name=track_2_data", ""): null

2023-02-15 21:56:56 - [TEST_STEP][PASSED] - selenium.type("name=entry_mode", "manual"): null

2023-02-15 21:56:56 - [TEST_STEP][PASSED] - selenium.type("name=email", ""): null

2023-02-15 21:56:56 - [TEST_STEP][PASSED] - selenium.type("name=order_number", ""): null

2023-02-15 21:56:56 - [TEST_STEP][PASSED] - selenium.type("name=tax_amount", ""): null

2023-02-15 21:56:56 - [TEST_STEP][PASSED] - selenium.type("name=charge_description", ""): null

2023-02-15 21:56:56 - [TEST_STEP][PASSED] - selenium.type("name=client_account_number", ""): null

2023-02-15 21:56:56 - [TEST_STEP][PASSED] - selenium.type("name=bill_payment_indicator", ""): null

2023-02-15 21:56:56 - [TEST_STEP][PASSED] - selenium.type("name=user_defined1", ""): null

2023-02-15 21:56:56 - [TEST_STEP][PASSED] - selenium.type("name=user_defined2", ""): null

2023-02-15 21:56:56 - [TEST_STEP][PASSED] - selenium.type("name=user_defined3", ""): null

2023-02-15 21:56:56 - [TEST_STEP][PASSED] - selenium.type("name=user_defined4", ""): null

2023-02-15 21:56:57 - [TEST_STEP][PASSED] - selenium.type("name=user_defined5", ""): null

2023-02-15 21:56:57 - [TEST_STEP][PASSED] - selenium.type("name=user_defined6", ""): null

2023-02-15 21:56:57 - [TEST_STEP][PASSED] - selenium.type("name=user_defined7", ""): null

2023-02-15 21:56:57 - [TEST_STEP][PASSED] - selenium.type("name=user_defined8", ""): null

2023-02-15 21:56:57 - [TEST_STEP][PASSED] - selenium.type("name=user_defined9", ""): null

2023-02-15 21:56:57 - [TEST_STEP][PASSED] - selenium.type("name=user_defined10", ""): null

2023-02-15 21:56:57 - [TEST_STEP][PASSED] - selenium.click("css=input[type="submit"]"): null

2023-02-15 21:56:57 - [TEST_STEP][PASSED] - selenium.waitForPageToLoad("30000"): null

2023-02-15 21:56:58 - [TEST_STEP][PASSED] - selenium.selectWindow("null"): null

2023-02-15 21:56:58 - [TEST_STEP][PASSED] - verifyTextPresent("Signon authentication error", true): Text 'Signon authentication error' is present on page  using regular expression

2023-02-15 21:56:58 - [MESSAGE][PASSED] - Text 'Signon authentication error' is present on page  using regular expression]]></system-out>
         <system-err><![CDATA[]]></system-err>
      </testcase>
      <testcase name="Test Cases/VLink/Imported-SelIDE/VLinkXMLTests/SaleCreditRemIDPipe" time="11.903" classname="Test Cases/VLink/Imported-SelIDE/VLinkXMLTests/SaleCreditRemIDPipe" status="PASSED">
         <system-out><![CDATA[2023-02-15 21:56:58 - [TEST_CASE][PASSED] - Test Cases/VLink/Imported-SelIDE/VLinkXMLTests/SaleCreditRemIDPipe: Test Cases/VLink/Imported-SelIDE/VLinkXMLTests/SaleCreditRemIDPipe

2023-02-15 21:56:59 - [TEST_STEP][PASSED] - softAssertion = new org.testng.asserts.SoftAssert(): null

2023-02-15 21:56:59 - [TEST_STEP][PASSED] - openBrowser("https://www.google.com/"): Browser is opened with url: 'https://www.google.com/'

2023-02-15 21:56:59 - [MESSAGE][WARNING] - A browser is already opened. Closing browser and opening a new one

2023-02-15 21:57:00 - [MESSAGE][INFO] - Starting 'Chrome' driver

2023-02-15 21:57:00 - [MESSAGE][INFO] - User set preference: ['acceptInsecureCerts', 'true']

2023-02-15 21:57:00 - [MESSAGE][INFO] - Action delay is set to 0 milliseconds

2023-02-15 21:57:02 - [MESSAGE][PASSED] - Browser is opened with url: 'https://www.google.com/'

2023-02-15 21:57:02 - [TEST_STEP][PASSED] - driver = getWebDriver(): null

2023-02-15 21:57:02 - [TEST_STEP][PASSED] - baseUrl = "https://www.google.com/": null

2023-02-15 21:57:02 - [TEST_STEP][PASSED] - selenium = new com.thoughtworks.selenium.webdriven.WebDriverBackedSelenium(driver, baseUrl): null

2023-02-15 21:57:02 - [TEST_STEP][PASSED] - ran1 = random() * 99999)").toInteger(): null

2023-02-15 21:57:02 - [TEST_STEP][PASSED] - println(ran1): null

2023-02-15 21:57:02 - [TEST_STEP][PASSED] - ran2 = random() * 999)").toInteger(): null

2023-02-15 21:57:02 - [TEST_STEP][PASSED] - println(ran2): null

2023-02-15 21:57:02 - [TEST_STEP][PASSED] - ran3 = random() * 9999)").toInteger(): null

2023-02-15 21:57:02 - [TEST_STEP][PASSED] - println(ran3): null

2023-02-15 21:57:02 - [TEST_STEP][PASSED] - println(ran1 + "|" + ran2 + "|" + ran3): null

2023-02-15 21:57:02 - [TEST_STEP][PASSED] - selenium.open("https://dev-algorithm.govolution.com/vlinktest/QA/version_2_0/authcap.html"): null

2023-02-15 21:57:03 - [TEST_STEP][PASSED] - selenium.type("name=transaction_type", "104"): null

2023-02-15 21:57:03 - [TEST_STEP][PASSED] - selenium.type("name=message_version", 0C".toString()): null

2023-02-15 21:57:03 - [TEST_STEP][PASSED] - selenium.type("name=remittance_id", ran1 + "|" + ran2 + "|" + ran3.toString()): null

2023-02-15 21:57:03 - [TEST_STEP][PASSED] - selenium.type("name=application_id", "234"): null

2023-02-15 21:57:03 - [TEST_STEP][PASSED] - selenium.type("name=username", "username"): null

2023-02-15 21:57:03 - [TEST_STEP][PASSED] - selenium.type("name=password", "password"): null

2023-02-15 21:57:03 - [TEST_STEP][PASSED] - selenium.type("name=response_format", "fixed_width"): null

2023-02-15 21:57:03 - [TEST_STEP][PASSED] - selenium.type("name=category", "ECOM"): null

2023-02-15 21:57:03 - [TEST_STEP][PASSED] - selenium.type("name=transaction_id", ""): null

2023-02-15 21:57:03 - [TEST_STEP][PASSED] - selenium.type("name=approval_code", ""): null

2023-02-15 21:57:04 - [TEST_STEP][PASSED] - selenium.type("name=card_name", "Jim Corbett".toString()): null

2023-02-15 21:57:04 - [TEST_STEP][PASSED] - selenium.type("name=card_address", "2311 york road".toString()): null

2023-02-15 21:57:04 - [TEST_STEP][PASSED] - selenium.type("name=card_address2", ""): null

2023-02-15 21:57:04 - [TEST_STEP][PASSED] - selenium.type("name=card_city", "Arlington"): null

2023-02-15 21:57:04 - [TEST_STEP][PASSED] - selenium.type("name=card_state", "VA"): null

2023-02-15 21:57:04 - [TEST_STEP][PASSED] - selenium.type("name=card_zip", "22201"): null

2023-02-15 21:57:04 - [TEST_STEP][PASSED] - selenium.type("name=country_id", ""): null

2023-02-15 21:57:04 - [TEST_STEP][PASSED] - selenium.type("name=amount", 50".toString()): null

2023-02-15 21:57:04 - [TEST_STEP][PASSED] - selenium.type("name=card_number", "4111111111111111"): null

2023-02-15 21:57:04 - [TEST_STEP][PASSED] - selenium.type("name=card_exmo", "12"): null

2023-02-15 21:57:04 - [TEST_STEP][PASSED] - selenium.type("name=card_exyr", "2025"): null

2023-02-15 21:57:04 - [TEST_STEP][PASSED] - selenium.type("name=cvv_data", ""): null

2023-02-15 21:57:04 - [TEST_STEP][PASSED] - selenium.type("name=cvv_state", ""): null

2023-02-15 21:57:04 - [TEST_STEP][PASSED] - selenium.type("name=track_data", ""): null

2023-02-15 21:57:04 - [TEST_STEP][PASSED] - selenium.type("name=track_1_data", ""): null

2023-02-15 21:57:04 - [TEST_STEP][PASSED] - selenium.type("name=track_2_data", ""): null

2023-02-15 21:57:04 - [TEST_STEP][PASSED] - selenium.type("name=entry_mode", "manual"): null

2023-02-15 21:57:04 - [TEST_STEP][PASSED] - selenium.type("name=email", ""): null

2023-02-15 21:57:04 - [TEST_STEP][PASSED] - selenium.type("name=order_number", ""): null

2023-02-15 21:57:04 - [TEST_STEP][PASSED] - selenium.type("name=tax_amount", ""): null

2023-02-15 21:57:04 - [TEST_STEP][PASSED] - selenium.type("name=charge_description", ""): null

2023-02-15 21:57:04 - [TEST_STEP][PASSED] - selenium.type("name=client_account_number", ""): null

2023-02-15 21:57:04 - [TEST_STEP][PASSED] - selenium.type("name=bill_payment_indicator", ""): null

2023-02-15 21:57:05 - [TEST_STEP][PASSED] - selenium.type("name=user_defined1", ""): null

2023-02-15 21:57:05 - [TEST_STEP][PASSED] - selenium.type("name=user_defined2", ""): null

2023-02-15 21:57:05 - [TEST_STEP][PASSED] - selenium.type("name=user_defined3", ""): null

2023-02-15 21:57:05 - [TEST_STEP][PASSED] - selenium.type("name=user_defined4", ""): null

2023-02-15 21:57:05 - [TEST_STEP][PASSED] - selenium.type("name=user_defined5", ""): null

2023-02-15 21:57:05 - [TEST_STEP][PASSED] - selenium.type("name=user_defined6", ""): null

2023-02-15 21:57:05 - [TEST_STEP][PASSED] - selenium.type("name=user_defined7", ""): null

2023-02-15 21:57:05 - [TEST_STEP][PASSED] - selenium.type("name=user_defined8", ""): null

2023-02-15 21:57:05 - [TEST_STEP][PASSED] - selenium.type("name=user_defined9", ""): null

2023-02-15 21:57:05 - [TEST_STEP][PASSED] - selenium.type("name=user_defined10", ""): null

2023-02-15 21:57:05 - [TEST_STEP][PASSED] - selenium.click("css=input[type="submit"]"): null

2023-02-15 21:57:06 - [TEST_STEP][PASSED] - selenium.waitForPageToLoad("30000"): null

2023-02-15 21:57:06 - [TEST_STEP][PASSED] - verifyTextPresent("Transaction approved, no errors", true): Text 'Transaction approved, no errors' is present on page  using regular expression

2023-02-15 21:57:07 - [MESSAGE][PASSED] - Text 'Transaction approved, no errors' is present on page  using regular expression

2023-02-15 21:57:07 - [TEST_STEP][PASSED] - resText = selenium.getText("css=pre"): null

2023-02-15 21:57:07 - [TEST_STEP][PASSED] - println(resText): null

2023-02-15 21:57:07 - [TEST_STEP][PASSED] - tranID = substring(35, 44).trim(): null

2023-02-15 21:57:07 - [TEST_STEP][PASSED] - println(tranID): null

2023-02-15 21:57:07 - [TEST_STEP][PASSED] - selenium.open("https://dev-algorithm.govolution.com/vlinktest/QA/version_2_0/CC_credit.html"): null

2023-02-15 21:57:07 - [TEST_STEP][PASSED] - selenium.type("name=transaction_type", "103"): null

2023-02-15 21:57:07 - [TEST_STEP][PASSED] - selenium.type("name=message_version", 0C".toString()): null

2023-02-15 21:57:07 - [TEST_STEP][PASSED] - selenium.type("name=remittance_id", ran1 + "|" + ran2 + "|" + ran3.toString()): null

2023-02-15 21:57:07 - [TEST_STEP][PASSED] - selenium.type("name=application_id", "234"): null

2023-02-15 21:57:07 - [TEST_STEP][PASSED] - selenium.type("name=username", "username"): null

2023-02-15 21:57:07 - [TEST_STEP][PASSED] - selenium.type("name=password", "password"): null

2023-02-15 21:57:07 - [TEST_STEP][PASSED] - selenium.type("name=transaction_id", tranID): null

2023-02-15 21:57:07 - [TEST_STEP][PASSED] - selenium.type("name=response_format", "fixed_width"): null

2023-02-15 21:57:07 - [TEST_STEP][PASSED] - selenium.type("name=amount", 50".toString()): null

2023-02-15 21:57:08 - [TEST_STEP][PASSED] - selenium.type("name=order_number", ""): null

2023-02-15 21:57:08 - [TEST_STEP][PASSED] - selenium.type("name=tax_amount", ""): null

2023-02-15 21:57:08 - [TEST_STEP][PASSED] - selenium.type("name=charge_description", ""): null

2023-02-15 21:57:08 - [TEST_STEP][PASSED] - selenium.type("name=card_number", ""): null

2023-02-15 21:57:08 - [TEST_STEP][PASSED] - selenium.type("name=card_exmo", ""): null

2023-02-15 21:57:08 - [TEST_STEP][PASSED] - selenium.type("name=card_exyr", ""): null

2023-02-15 21:57:08 - [TEST_STEP][PASSED] - selenium.type("name=track_data", ""): null

2023-02-15 21:57:08 - [TEST_STEP][PASSED] - selenium.type("name=track_1_data", ""): null

2023-02-15 21:57:08 - [TEST_STEP][PASSED] - selenium.type("name=track_2_data", ""): null

2023-02-15 21:57:08 - [TEST_STEP][PASSED] - selenium.type("name=category", ""): null

2023-02-15 21:57:08 - [TEST_STEP][PASSED] - selenium.type("name=client_account_number", ""): null

2023-02-15 21:57:08 - [TEST_STEP][PASSED] - selenium.click("css=input[type="submit"]"): null

2023-02-15 21:57:09 - [TEST_STEP][PASSED] - selenium.waitForPageToLoad("30000"): null

2023-02-15 21:57:10 - [TEST_STEP][PASSED] - verifyTextPresent("Transaction approved, no errors", true): Text 'Transaction approved, no errors' is present on page  using regular expression

2023-02-15 21:57:10 - [MESSAGE][PASSED] - Text 'Transaction approved, no errors' is present on page  using regular expression

2023-02-15 21:57:10 - [TEST_STEP][PASSED] - resTextVoid = selenium.getText("css=pre"): null

2023-02-15 21:57:10 - [TEST_STEP][PASSED] - println(resTextVoid): null

2023-02-15 21:57:10 - [TEST_STEP][PASSED] - tranIDVoid = selenium.getEval(" var ran1 = "" + ran1 + "";var ran2 = "" + ran2 + "";var ran3 = "" + ran3 + "";var resText = "" + resText + "";var tranID = "" + tranID + "";var resTextVoid = "" + resTextVoid + "";var storedVars = { 'ran1': ran1,'ran2': ran2,'ran3': ran3,'resText': resText,'tranID': tranID,'resTextVoid': resTextVoid }; " + "storedVars['resTextVoid'].substring(19,28).trim()"): null

2023-02-15 21:57:10 - [TEST_STEP][PASSED] - println(tranIDVoid): null]]></system-out>
         <system-err><![CDATA[]]></system-err>
      </testcase>
      <testcase name="Test Cases/VLink/Imported-SelIDE/VLinkXMLTests/UnencryptedRemIDPipe" time="8.546" classname="Test Cases/VLink/Imported-SelIDE/VLinkXMLTests/UnencryptedRemIDPipe" status="PASSED">
         <system-out><![CDATA[2023-02-15 21:57:10 - [TEST_CASE][PASSED] - Test Cases/VLink/Imported-SelIDE/VLinkXMLTests/UnencryptedRemIDPipe: Test Cases/VLink/Imported-SelIDE/VLinkXMLTests/UnencryptedRemIDPipe

2023-02-15 21:57:11 - [TEST_STEP][PASSED] - softAssertion = new org.testng.asserts.SoftAssert(): null

2023-02-15 21:57:11 - [TEST_STEP][PASSED] - openBrowser("https://www.google.com/"): Browser is opened with url: 'https://www.google.com/'

2023-02-15 21:57:11 - [MESSAGE][WARNING] - A browser is already opened. Closing browser and opening a new one

2023-02-15 21:57:11 - [MESSAGE][INFO] - Starting 'Chrome' driver

2023-02-15 21:57:11 - [MESSAGE][INFO] - User set preference: ['acceptInsecureCerts', 'true']

2023-02-15 21:57:11 - [MESSAGE][INFO] - Action delay is set to 0 milliseconds

2023-02-15 21:57:14 - [MESSAGE][PASSED] - Browser is opened with url: 'https://www.google.com/'

2023-02-15 21:57:14 - [TEST_STEP][PASSED] - driver = getWebDriver(): null

2023-02-15 21:57:14 - [TEST_STEP][PASSED] - baseUrl = "https://www.google.com/": null

2023-02-15 21:57:14 - [TEST_STEP][PASSED] - selenium = new com.thoughtworks.selenium.webdriven.WebDriverBackedSelenium(driver, baseUrl): null

2023-02-15 21:57:14 - [TEST_STEP][PASSED] - ran1 = random() * 99999)").toInteger(): null

2023-02-15 21:57:14 - [TEST_STEP][PASSED] - println(ran1): null

2023-02-15 21:57:14 - [TEST_STEP][PASSED] - ran2 = random() * 999)").toInteger(): null

2023-02-15 21:57:14 - [TEST_STEP][PASSED] - println(ran2): null

2023-02-15 21:57:14 - [TEST_STEP][PASSED] - ran3 = random() * 9999)").toInteger(): null

2023-02-15 21:57:14 - [TEST_STEP][PASSED] - println(ran3): null

2023-02-15 21:57:14 - [TEST_STEP][PASSED] - println(ran1 + "|" + ran2 + "|" + ran3): null

2023-02-15 21:57:14 - [TEST_STEP][PASSED] - selenium.open("https://dev-algorithm.govolution.com/vlinktest/QA/version_2_0/authcap.html"): null

2023-02-15 21:57:15 - [TEST_STEP][PASSED] - selenium.type("name=transaction_type", "104"): null

2023-02-15 21:57:15 - [TEST_STEP][PASSED] - selenium.type("name=message_version", 0C".toString()): null

2023-02-15 21:57:15 - [TEST_STEP][PASSED] - selenium.type("name=remittance_id", ran1 + "|" + ran2 + "|" + ran3.toString()): null

2023-02-15 21:57:15 - [TEST_STEP][PASSED] - selenium.type("name=application_id", "234"): null

2023-02-15 21:57:15 - [TEST_STEP][PASSED] - selenium.type("name=username", "username"): null

2023-02-15 21:57:15 - [TEST_STEP][PASSED] - selenium.type("name=password", "password"): null

2023-02-15 21:57:15 - [TEST_STEP][PASSED] - selenium.type("name=response_format", "fixed_width"): null

2023-02-15 21:57:15 - [TEST_STEP][PASSED] - selenium.type("name=category", "RETL"): null

2023-02-15 21:57:15 - [TEST_STEP][PASSED] - selenium.type("name=transaction_id", ""): null

2023-02-15 21:57:15 - [TEST_STEP][PASSED] - selenium.type("name=approval_code", ""): null

2023-02-15 21:57:15 - [TEST_STEP][PASSED] - selenium.type("name=card_name", "Jon Latham".toString()): null

2023-02-15 21:57:15 - [TEST_STEP][PASSED] - selenium.type("name=card_address", "2311 york road".toString()): null

2023-02-15 21:57:15 - [TEST_STEP][PASSED] - selenium.type("name=card_address2", ""): null

2023-02-15 21:57:15 - [TEST_STEP][PASSED] - selenium.type("name=card_city", "Arlington"): null

2023-02-15 21:57:15 - [TEST_STEP][PASSED] - selenium.type("name=card_state", "VA"): null

2023-02-15 21:57:15 - [TEST_STEP][PASSED] - selenium.type("name=card_zip", "22201"): null

2023-02-15 21:57:15 - [TEST_STEP][PASSED] - selenium.type("name=country_id", ""): null

2023-02-15 21:57:15 - [TEST_STEP][PASSED] - selenium.type("name=amount", 00".toString()): null

2023-02-15 21:57:15 - [TEST_STEP][PASSED] - selenium.type("name=card_number", ""): null

2023-02-15 21:57:16 - [TEST_STEP][PASSED] - selenium.type("name=card_exmo", ""): null

2023-02-15 21:57:16 - [TEST_STEP][PASSED] - selenium.type("name=card_exyr", ""): null

2023-02-15 21:57:16 - [TEST_STEP][PASSED] - selenium.type("name=cvv_data", ""): null

2023-02-15 21:57:16 - [TEST_STEP][PASSED] - selenium.type("name=cvv_state", ""): null

2023-02-15 21:57:16 - [TEST_STEP][PASSED] - selenium.type("name=track_data", "%B4012000033330026^FDMS TEST CARD&nbsp;&nbsp;&nbsp;/VISA^251210054321000000000000000&nbsp;&nbsp;150&nbsp;&nbsp;A?;4012000033330026=25121011000012345678?".toString()): null

2023-02-15 21:57:16 - [TEST_STEP][PASSED] - selenium.type("name=track_1_data", ""): null

2023-02-15 21:57:16 - [TEST_STEP][PASSED] - selenium.type("name=track_2_data", ""): null

2023-02-15 21:57:16 - [TEST_STEP][PASSED] - selenium.type("name=entry_mode", "track"): null

2023-02-15 21:57:16 - [TEST_STEP][PASSED] - selenium.type("name=email", ""): null

2023-02-15 21:57:16 - [TEST_STEP][PASSED] - selenium.type("name=order_number", ""): null

2023-02-15 21:57:16 - [TEST_STEP][PASSED] - selenium.type("name=tax_amount", ""): null

2023-02-15 21:57:16 - [TEST_STEP][PASSED] - selenium.type("name=charge_description", ""): null

2023-02-15 21:57:16 - [TEST_STEP][PASSED] - selenium.type("name=client_account_number", ""): null

2023-02-15 21:57:16 - [TEST_STEP][PASSED] - selenium.type("name=bill_payment_indicator", ""): null

2023-02-15 21:57:16 - [TEST_STEP][PASSED] - selenium.type("name=user_defined1", ""): null

2023-02-15 21:57:16 - [TEST_STEP][PASSED] - selenium.type("name=user_defined2", ""): null

2023-02-15 21:57:16 - [TEST_STEP][PASSED] - selenium.type("name=user_defined3", ""): null

2023-02-15 21:57:16 - [TEST_STEP][PASSED] - selenium.type("name=user_defined4", ""): null

2023-02-15 21:57:16 - [TEST_STEP][PASSED] - selenium.type("name=user_defined5", ""): null

2023-02-15 21:57:16 - [TEST_STEP][PASSED] - selenium.type("name=user_defined6", ""): null

2023-02-15 21:57:16 - [TEST_STEP][PASSED] - selenium.type("name=user_defined7", ""): null

2023-02-15 21:57:16 - [TEST_STEP][PASSED] - selenium.type("name=user_defined8", ""): null

2023-02-15 21:57:16 - [TEST_STEP][PASSED] - selenium.type("name=user_defined9", ""): null

2023-02-15 21:57:17 - [TEST_STEP][PASSED] - selenium.type("name=user_defined10", ""): null

2023-02-15 21:57:17 - [TEST_STEP][PASSED] - selenium.click("css=input[type="submit"]"): null

2023-02-15 21:57:18 - [TEST_STEP][PASSED] - selenium.waitForPageToLoad("30000"): null

2023-02-15 21:57:18 - [TEST_STEP][PASSED] - softAssertion.assertEquals(selenium.isTextPresent("Transaction approved, no errors"), true): null

2023-02-15 21:57:18 - [TEST_STEP][PASSED] - verifyTextPresent("Transaction approved, no errors", true): Text 'Transaction approved, no errors' is present on page  using regular expression

2023-02-15 21:57:18 - [MESSAGE][PASSED] - Text 'Transaction approved, no errors' is present on page  using regular expression

2023-02-15 21:57:18 - [TEST_STEP][PASSED] - resText = selenium.getText("css=pre"): null

2023-02-15 21:57:19 - [TEST_STEP][PASSED] - println(resText): null

2023-02-15 21:57:19 - [TEST_STEP][PASSED] - tranID = selenium.getEval(" var ran1 = "" + ran1 + "";var ran2 = "" + ran2 + "";var ran3 = "" + ran3 + "";var resText = "" + resText + "";var storedVars = { 'ran1': ran1,'ran2': ran2,'ran3': ran3,'resText': resText }; " + "storedVars['resText'].substring(19,28).trim()"): null

2023-02-15 21:57:19 - [TEST_STEP][PASSED] - println(tranID): null]]></system-out>
         <system-err><![CDATA[]]></system-err>
      </testcase>
      <testcase name="Test Cases/VLink/Imported-SelIDE/VLinkXMLTests/SaleVoidRemIDPipe" time="11.717" classname="Test Cases/VLink/Imported-SelIDE/VLinkXMLTests/SaleVoidRemIDPipe" status="PASSED">
         <system-out><![CDATA[2023-02-15 21:57:19 - [TEST_CASE][PASSED] - Test Cases/VLink/Imported-SelIDE/VLinkXMLTests/SaleVoidRemIDPipe: Test Cases/VLink/Imported-SelIDE/VLinkXMLTests/SaleVoidRemIDPipe

2023-02-15 21:57:19 - [TEST_STEP][PASSED] - softAssertion = new org.testng.asserts.SoftAssert(): null

2023-02-15 21:57:19 - [TEST_STEP][PASSED] - openBrowser("https://www.google.com/"): Browser is opened with url: 'https://www.google.com/'

2023-02-15 21:57:19 - [MESSAGE][WARNING] - A browser is already opened. Closing browser and opening a new one

2023-02-15 21:57:20 - [MESSAGE][INFO] - Starting 'Chrome' driver

2023-02-15 21:57:20 - [MESSAGE][INFO] - User set preference: ['acceptInsecureCerts', 'true']

2023-02-15 21:57:20 - [MESSAGE][INFO] - Action delay is set to 0 milliseconds

2023-02-15 21:57:23 - [MESSAGE][PASSED] - Browser is opened with url: 'https://www.google.com/'

2023-02-15 21:57:23 - [TEST_STEP][PASSED] - driver = getWebDriver(): null

2023-02-15 21:57:23 - [TEST_STEP][PASSED] - baseUrl = "https://www.google.com/": null

2023-02-15 21:57:23 - [TEST_STEP][PASSED] - selenium = new com.thoughtworks.selenium.webdriven.WebDriverBackedSelenium(driver, baseUrl): null

2023-02-15 21:57:23 - [TEST_STEP][PASSED] - ran1 = random() * 99999)").toInteger(): null

2023-02-15 21:57:23 - [TEST_STEP][PASSED] - println(ran1): null

2023-02-15 21:57:23 - [TEST_STEP][PASSED] - ran2 = random() * 999)").toInteger(): null

2023-02-15 21:57:23 - [TEST_STEP][PASSED] - println(ran2): null

2023-02-15 21:57:23 - [TEST_STEP][PASSED] - ran3 = random() * 9999)").toInteger(): null

2023-02-15 21:57:23 - [TEST_STEP][PASSED] - println(ran3): null

2023-02-15 21:57:23 - [TEST_STEP][PASSED] - println(ran1 + "|" + ran2 + "|" + ran3): null

2023-02-15 21:57:23 - [TEST_STEP][PASSED] - selenium.open("https://dev-algorithm.govolution.com/vlinktest/QA/version_2_0/authcap.html"): null

2023-02-15 21:57:23 - [TEST_STEP][PASSED] - selenium.type("name=transaction_type", "104"): null

2023-02-15 21:57:23 - [TEST_STEP][PASSED] - selenium.type("name=message_version", 0C".toString()): null

2023-02-15 21:57:23 - [TEST_STEP][PASSED] - selenium.type("name=remittance_id", ran1 + "|" + ran2 + "|" + ran3.toString()): null

2023-02-15 21:57:24 - [TEST_STEP][PASSED] - selenium.type("name=application_id", "234"): null

2023-02-15 21:57:24 - [TEST_STEP][PASSED] - selenium.type("name=username", "username"): null

2023-02-15 21:57:24 - [TEST_STEP][PASSED] - selenium.type("name=password", "password"): null

2023-02-15 21:57:24 - [TEST_STEP][PASSED] - selenium.type("name=response_format", "fixed_width"): null

2023-02-15 21:57:24 - [TEST_STEP][PASSED] - selenium.type("name=category", "ECOM"): null

2023-02-15 21:57:24 - [TEST_STEP][PASSED] - selenium.type("name=transaction_id", ""): null

2023-02-15 21:57:24 - [TEST_STEP][PASSED] - selenium.type("name=approval_code", ""): null

2023-02-15 21:57:24 - [TEST_STEP][PASSED] - selenium.type("name=card_name", "Jim Corbett".toString()): null

2023-02-15 21:57:24 - [TEST_STEP][PASSED] - selenium.type("name=card_address", "2311 york road".toString()): null

2023-02-15 21:57:24 - [TEST_STEP][PASSED] - selenium.type("name=card_address2", ""): null

2023-02-15 21:57:24 - [TEST_STEP][PASSED] - selenium.type("name=card_city", "Arlington"): null

2023-02-15 21:57:24 - [TEST_STEP][PASSED] - selenium.type("name=card_state", "VA"): null

2023-02-15 21:57:24 - [TEST_STEP][PASSED] - selenium.type("name=card_zip", "22201"): null

2023-02-15 21:57:24 - [TEST_STEP][PASSED] - selenium.type("name=country_id", ""): null

2023-02-15 21:57:24 - [TEST_STEP][PASSED] - selenium.type("name=amount", 50".toString()): null

2023-02-15 21:57:24 - [TEST_STEP][PASSED] - selenium.type("name=card_number", "4111111111111111"): null

2023-02-15 21:57:24 - [TEST_STEP][PASSED] - selenium.type("name=card_exmo", "12"): null

2023-02-15 21:57:24 - [TEST_STEP][PASSED] - selenium.type("name=card_exyr", "2025"): null

2023-02-15 21:57:24 - [TEST_STEP][PASSED] - selenium.type("name=cvv_data", ""): null

2023-02-15 21:57:24 - [TEST_STEP][PASSED] - selenium.type("name=cvv_state", ""): null

2023-02-15 21:57:24 - [TEST_STEP][PASSED] - selenium.type("name=track_data", ""): null

2023-02-15 21:57:24 - [TEST_STEP][PASSED] - selenium.type("name=track_1_data", ""): null

2023-02-15 21:57:24 - [TEST_STEP][PASSED] - selenium.type("name=track_2_data", ""): null

2023-02-15 21:57:25 - [TEST_STEP][PASSED] - selenium.type("name=entry_mode", "manual"): null

2023-02-15 21:57:25 - [TEST_STEP][PASSED] - selenium.type("name=email", ""): null

2023-02-15 21:57:25 - [TEST_STEP][PASSED] - selenium.type("name=order_number", ""): null

2023-02-15 21:57:25 - [TEST_STEP][PASSED] - selenium.type("name=tax_amount", ""): null

2023-02-15 21:57:25 - [TEST_STEP][PASSED] - selenium.type("name=charge_description", ""): null

2023-02-15 21:57:25 - [TEST_STEP][PASSED] - selenium.type("name=client_account_number", ""): null

2023-02-15 21:57:25 - [TEST_STEP][PASSED] - selenium.type("name=bill_payment_indicator", ""): null

2023-02-15 21:57:25 - [TEST_STEP][PASSED] - selenium.type("name=user_defined1", ""): null

2023-02-15 21:57:25 - [TEST_STEP][PASSED] - selenium.type("name=user_defined2", ""): null

2023-02-15 21:57:25 - [TEST_STEP][PASSED] - selenium.type("name=user_defined3", ""): null

2023-02-15 21:57:25 - [TEST_STEP][PASSED] - selenium.type("name=user_defined4", ""): null

2023-02-15 21:57:25 - [TEST_STEP][PASSED] - selenium.type("name=user_defined5", ""): null

2023-02-15 21:57:25 - [TEST_STEP][PASSED] - selenium.type("name=user_defined6", ""): null

2023-02-15 21:57:25 - [TEST_STEP][PASSED] - selenium.type("name=user_defined7", ""): null

2023-02-15 21:57:25 - [TEST_STEP][PASSED] - selenium.type("name=user_defined8", ""): null

2023-02-15 21:57:25 - [TEST_STEP][PASSED] - selenium.type("name=user_defined9", ""): null

2023-02-15 21:57:25 - [TEST_STEP][PASSED] - selenium.type("name=user_defined10", ""): null

2023-02-15 21:57:25 - [TEST_STEP][PASSED] - selenium.click("css=input[type="submit"]"): null

2023-02-15 21:57:26 - [TEST_STEP][PASSED] - selenium.waitForPageToLoad("30000"): null

2023-02-15 21:57:27 - [TEST_STEP][PASSED] - verifyTextPresent("Transaction approved, no errors", true): Text 'Transaction approved, no errors' is present on page  using regular expression

2023-02-15 21:57:27 - [MESSAGE][PASSED] - Text 'Transaction approved, no errors' is present on page  using regular expression

2023-02-15 21:57:27 - [TEST_STEP][PASSED] - resText = selenium.getText("css=pre"): null

2023-02-15 21:57:27 - [TEST_STEP][PASSED] - println(resText): null

2023-02-15 21:57:27 - [TEST_STEP][PASSED] - tranID = substring(35, 44).trim(): null

2023-02-15 21:57:27 - [TEST_STEP][PASSED] - println(tranID): null

2023-02-15 21:57:27 - [TEST_STEP][PASSED] - selenium.open("https://dev-algorithm.govolution.com/vlinktest/QA/version_2_0/CC_void.html"): null

2023-02-15 21:57:27 - [TEST_STEP][PASSED] - selenium.type("name=transaction_type", "106"): null

2023-02-15 21:57:28 - [TEST_STEP][PASSED] - selenium.type("name=message_version", 0C".toString()): null

2023-02-15 21:57:28 - [TEST_STEP][PASSED] - selenium.type("name=remittance_id", ran1 + "|" + ran2 + "|" + ran3.toString()): null

2023-02-15 21:57:28 - [TEST_STEP][PASSED] - selenium.type("name=application_id", "234"): null

2023-02-15 21:57:28 - [TEST_STEP][PASSED] - selenium.type("name=username", "username"): null

2023-02-15 21:57:28 - [TEST_STEP][PASSED] - selenium.type("name=password", "password"): null

2023-02-15 21:57:28 - [TEST_STEP][PASSED] - selenium.type("name=response_format", "fixed_width"): null

2023-02-15 21:57:28 - [TEST_STEP][PASSED] - selenium.type("name=transaction_id", tranID): null

2023-02-15 21:57:28 - [TEST_STEP][PASSED] - selenium.type("name=original_transaction_type", "104"): null

2023-02-15 21:57:28 - [TEST_STEP][PASSED] - selenium.type("name=track_data", ""): null

2023-02-15 21:57:28 - [TEST_STEP][PASSED] - selenium.type("name=track_1_data", ""): null

2023-02-15 21:57:28 - [TEST_STEP][PASSED] - selenium.type("name=track_2_data", ""): null

2023-02-15 21:57:28 - [TEST_STEP][PASSED] - selenium.type("name=tax_amount", ""): null

2023-02-15 21:57:28 - [TEST_STEP][PASSED] - selenium.type("name=client_account_number", ""): null

2023-02-15 21:57:28 - [TEST_STEP][PASSED] - selenium.click("css=input[type="submit"]"): null

2023-02-15 21:57:29 - [TEST_STEP][PASSED] - selenium.waitForPageToLoad("30000"): null

2023-02-15 21:57:30 - [TEST_STEP][PASSED] - verifyTextPresent("Transaction approved, no errors", true): Text 'Transaction approved, no errors' is present on page  using regular expression

2023-02-15 21:57:30 - [MESSAGE][PASSED] - Text 'Transaction approved, no errors' is present on page  using regular expression

2023-02-15 21:57:30 - [TEST_STEP][PASSED] - resTextVoid = selenium.getText("css=pre"): null

2023-02-15 21:57:30 - [TEST_STEP][PASSED] - println(resTextVoid): null

2023-02-15 21:57:30 - [TEST_STEP][PASSED] - tranIDVoid = selenium.getEval(" var ran1 = "" + ran1 + "";var ran2 = "" + ran2 + "";var ran3 = "" + ran3 + "";var resText = "" + resText + "";var tranID = "" + tranID + "";var resTextVoid = "" + resTextVoid + "";var storedVars = { 'ran1': ran1,'ran2': ran2,'ran3': ran3,'resText': resText,'tranID': tranID,'resTextVoid': resTextVoid }; " + "storedVars['resTextVoid'].substring(19,28).trim()"): null

2023-02-15 21:57:30 - [TEST_STEP][PASSED] - println(tranIDVoid): null]]></system-out>
         <system-err><![CDATA[]]></system-err>
      </testcase>
      <testcase name="Test Cases/RecAndPlayBk/VLink/Sale" time="85.511" classname="Test Cases/RecAndPlayBk/VLink/Sale" status="FAILED">
         <failure type="FAILED" message="Test Cases/RecAndPlayBk/VLink/Sale FAILED.
Reason:
com.kms.katalon.core.exception.StepFailedException: Text 'Transaction approved, no errors' is not present on page  using regular expression (Root cause: com.kms.katalon.core.exception.StepFailedException: Text 'Transaction approved, no errors' is not present on page  using regular expression
	at com.kms.katalon.core.webui.keyword.internal.WebUIKeywordMain.stepFailed(WebUIKeywordMain.groovy:64)
	at com.kms.katalon.core.webui.keyword.builtin.VerifyTextPresentKeyword$_verifyTextPresent_closure1.doCall(VerifyTextPresentKeyword.groovy:79)
	at com.kms.katalon.core.webui.keyword.builtin.VerifyTextPresentKeyword$_verifyTextPresent_closure1.call(VerifyTextPresentKeyword.groovy)
	at com.kms.katalon.core.webui.keyword.internal.WebUIKeywordMain.runKeyword(WebUIKeywordMain.groovy:20)
	at com.kms.katalon.core.webui.keyword.builtin.VerifyTextPresentKeyword.verifyTextPresent(VerifyTextPresentKeyword.groovy:83)
	at com.kms.katalon.core.webui.keyword.builtin.VerifyTextPresentKeyword.execute(VerifyTextPresentKeyword.groovy:68)
	at com.kms.katalon.core.keyword.internal.KeywordExecutor.executeKeywordForPlatform(KeywordExecutor.groovy:74)
	at com.kms.katalon.core.webui.keyword.WebUiBuiltInKeywords.verifyTextPresent(WebUiBuiltInKeywords.groovy:1723)
	at com.kms.katalon.core.webui.keyword.WebUiBuiltInKeywords$verifyTextPresent$4.call(Unknown Source)
	at Sale.run(Sale:155)
	at com.kms.katalon.core.main.ScriptEngine.run(ScriptEngine.java:194)
	at com.kms.katalon.core.main.ScriptEngine.runScriptAsRawText(ScriptEngine.java:119)
	at com.kms.katalon.core.main.TestCaseExecutor.runScript(TestCaseExecutor.java:442)
	at com.kms.katalon.core.main.TestCaseExecutor.doExecute(TestCaseExecutor.java:433)
	at com.kms.katalon.core.main.TestCaseExecutor.processExecutionPhase(TestCaseExecutor.java:412)
	at com.kms.katalon.core.main.TestCaseExecutor.accessMainPhase(TestCaseExecutor.java:404)
	at com.kms.katalon.core.main.TestCaseExecutor.execute(TestCaseExecutor.java:281)
	at com.kms.katalon.core.main.TestSuiteExecutor.accessTestCaseMainPhase(TestSuiteExecutor.java:202)
	at com.kms.katalon.core.main.TestSuiteExecutor.accessTestSuiteMainPhase(TestSuiteExecutor.java:164)
	at com.kms.katalon.core.main.TestSuiteExecutor.execute(TestSuiteExecutor.java:105)
	at com.kms.katalon.core.main.TestCaseMain.startTestSuite(TestCaseMain.java:185)
	at com.kms.katalon.core.main.TestCaseMain$startTestSuite$0.call(Unknown Source)
	at TempTestSuite1676515943031.run(TempTestSuite1676515943031.groovy:36)
)
	at com.kms.katalon.core.keyword.internal.KeywordMain.stepFailed(KeywordMain.groovy:39)
	at com.kms.katalon.core.webui.keyword.internal.WebUIKeywordMain.stepFailed(WebUIKeywordMain.groovy:64)
	at com.kms.katalon.core.webui.keyword.builtin.VerifyTextPresentKeyword$_verifyTextPresent_closure1.doCall(VerifyTextPresentKeyword.groovy:79)
	at com.kms.katalon.core.webui.keyword.builtin.VerifyTextPresentKeyword$_verifyTextPresent_closure1.call(VerifyTextPresentKeyword.groovy)
	at com.kms.katalon.core.webui.keyword.internal.WebUIKeywordMain.runKeyword(WebUIKeywordMain.groovy:20)
	at com.kms.katalon.core.webui.keyword.builtin.VerifyTextPresentKeyword.verifyTextPresent(VerifyTextPresentKeyword.groovy:83)
	at com.kms.katalon.core.webui.keyword.builtin.VerifyTextPresentKeyword.execute(VerifyTextPresentKeyword.groovy:68)
	at com.kms.katalon.core.keyword.internal.KeywordExecutor.executeKeywordForPlatform(KeywordExecutor.groovy:74)
	at com.kms.katalon.core.webui.keyword.WebUiBuiltInKeywords.verifyTextPresent(WebUiBuiltInKeywords.groovy:1723)
	at com.kms.katalon.core.webui.keyword.WebUiBuiltInKeywords$verifyTextPresent$4.call(Unknown Source)
	at Sale.run(Sale:155)
	at com.kms.katalon.core.main.ScriptEngine.run(ScriptEngine.java:194)
	at com.kms.katalon.core.main.ScriptEngine.runScriptAsRawText(ScriptEngine.java:119)
	at com.kms.katalon.core.main.TestCaseExecutor.runScript(TestCaseExecutor.java:442)
	at com.kms.katalon.core.main.TestCaseExecutor.doExecute(TestCaseExecutor.java:433)
	at com.kms.katalon.core.main.TestCaseExecutor.processExecutionPhase(TestCaseExecutor.java:412)
	at com.kms.katalon.core.main.TestCaseExecutor.accessMainPhase(TestCaseExecutor.java:404)
	at com.kms.katalon.core.main.TestCaseExecutor.execute(TestCaseExecutor.java:281)
	at com.kms.katalon.core.main.TestSuiteExecutor.accessTestCaseMainPhase(TestSuiteExecutor.java:202)
	at com.kms.katalon.core.main.TestSuiteExecutor.accessTestSuiteMainPhase(TestSuiteExecutor.java:164)
	at com.kms.katalon.core.main.TestSuiteExecutor.execute(TestSuiteExecutor.java:105)
	at com.kms.katalon.core.main.TestCaseMain.startTestSuite(TestCaseMain.java:185)
	at com.kms.katalon.core.main.TestCaseMain$startTestSuite$0.call(Unknown Source)
	at TempTestSuite1676515943031.run(TempTestSuite1676515943031.groovy:36)
Caused by: com.kms.katalon.core.exception.StepFailedException: Text 'Transaction approved, no errors' is not present on page  using regular expression
	... 23 more
"/>
         <system-out><![CDATA[2023-02-15 21:57:30 - [TEST_CASE][FAILED] - Test Cases/RecAndPlayBk/VLink/Sale: Test Cases/RecAndPlayBk/VLink/Sale FAILED.
Reason:
com.kms.katalon.core.exception.StepFailedException: Text 'Transaction approved, no errors' is not present on page  using regular expression (Root cause: com.kms.katalon.core.exception.StepFailedException: Text 'Transaction approved, no errors' is not present on page  using regular expression
	at com.kms.katalon.core.webui.keyword.internal.WebUIKeywordMain.stepFailed(WebUIKeywordMain.groovy:64)
	at com.kms.katalon.core.webui.keyword.builtin.VerifyTextPresentKeyword$_verifyTextPresent_closure1.doCall(VerifyTextPresentKeyword.groovy:79)
	at com.kms.katalon.core.webui.keyword.builtin.VerifyTextPresentKeyword$_verifyTextPresent_closure1.call(VerifyTextPresentKeyword.groovy)
	at com.kms.katalon.core.webui.keyword.internal.WebUIKeywordMain.runKeyword(WebUIKeywordMain.groovy:20)
	at com.kms.katalon.core.webui.keyword.builtin.VerifyTextPresentKeyword.verifyTextPresent(VerifyTextPresentKeyword.groovy:83)
	at com.kms.katalon.core.webui.keyword.builtin.VerifyTextPresentKeyword.execute(VerifyTextPresentKeyword.groovy:68)
	at com.kms.katalon.core.keyword.internal.KeywordExecutor.executeKeywordForPlatform(KeywordExecutor.groovy:74)
	at com.kms.katalon.core.webui.keyword.WebUiBuiltInKeywords.verifyTextPresent(WebUiBuiltInKeywords.groovy:1723)
	at com.kms.katalon.core.webui.keyword.WebUiBuiltInKeywords$verifyTextPresent$4.call(Unknown Source)
	at Sale.run(Sale:155)
	at com.kms.katalon.core.main.ScriptEngine.run(ScriptEngine.java:194)
	at com.kms.katalon.core.main.ScriptEngine.runScriptAsRawText(ScriptEngine.java:119)
	at com.kms.katalon.core.main.TestCaseExecutor.runScript(TestCaseExecutor.java:442)
	at com.kms.katalon.core.main.TestCaseExecutor.doExecute(TestCaseExecutor.java:433)
	at com.kms.katalon.core.main.TestCaseExecutor.processExecutionPhase(TestCaseExecutor.java:412)
	at com.kms.katalon.core.main.TestCaseExecutor.accessMainPhase(TestCaseExecutor.java:404)
	at com.kms.katalon.core.main.TestCaseExecutor.execute(TestCaseExecutor.java:281)
	at com.kms.katalon.core.main.TestSuiteExecutor.accessTestCaseMainPhase(TestSuiteExecutor.java:202)
	at com.kms.katalon.core.main.TestSuiteExecutor.accessTestSuiteMainPhase(TestSuiteExecutor.java:164)
	at com.kms.katalon.core.main.TestSuiteExecutor.execute(TestSuiteExecutor.java:105)
	at com.kms.katalon.core.main.TestCaseMain.startTestSuite(TestCaseMain.java:185)
	at com.kms.katalon.core.main.TestCaseMain$startTestSuite$0.call(Unknown Source)
	at TempTestSuite1676515943031.run(TempTestSuite1676515943031.groovy:36)
)
	at com.kms.katalon.core.keyword.internal.KeywordMain.stepFailed(KeywordMain.groovy:39)
	at com.kms.katalon.core.webui.keyword.internal.WebUIKeywordMain.stepFailed(WebUIKeywordMain.groovy:64)
	at com.kms.katalon.core.webui.keyword.builtin.VerifyTextPresentKeyword$_verifyTextPresent_closure1.doCall(VerifyTextPresentKeyword.groovy:79)
	at com.kms.katalon.core.webui.keyword.builtin.VerifyTextPresentKeyword$_verifyTextPresent_closure1.call(VerifyTextPresentKeyword.groovy)
	at com.kms.katalon.core.webui.keyword.internal.WebUIKeywordMain.runKeyword(WebUIKeywordMain.groovy:20)
	at com.kms.katalon.core.webui.keyword.builtin.VerifyTextPresentKeyword.verifyTextPresent(VerifyTextPresentKeyword.groovy:83)
	at com.kms.katalon.core.webui.keyword.builtin.VerifyTextPresentKeyword.execute(VerifyTextPresentKeyword.groovy:68)
	at com.kms.katalon.core.keyword.internal.KeywordExecutor.executeKeywordForPlatform(KeywordExecutor.groovy:74)
	at com.kms.katalon.core.webui.keyword.WebUiBuiltInKeywords.verifyTextPresent(WebUiBuiltInKeywords.groovy:1723)
	at com.kms.katalon.core.webui.keyword.WebUiBuiltInKeywords$verifyTextPresent$4.call(Unknown Source)
	at Sale.run(Sale:155)
	at com.kms.katalon.core.main.ScriptEngine.run(ScriptEngine.java:194)
	at com.kms.katalon.core.main.ScriptEngine.runScriptAsRawText(ScriptEngine.java:119)
	at com.kms.katalon.core.main.TestCaseExecutor.runScript(TestCaseExecutor.java:442)
	at com.kms.katalon.core.main.TestCaseExecutor.doExecute(TestCaseExecutor.java:433)
	at com.kms.katalon.core.main.TestCaseExecutor.processExecutionPhase(TestCaseExecutor.java:412)
	at com.kms.katalon.core.main.TestCaseExecutor.accessMainPhase(TestCaseExecutor.java:404)
	at com.kms.katalon.core.main.TestCaseExecutor.execute(TestCaseExecutor.java:281)
	at com.kms.katalon.core.main.TestSuiteExecutor.accessTestCaseMainPhase(TestSuiteExecutor.java:202)
	at com.kms.katalon.core.main.TestSuiteExecutor.accessTestSuiteMainPhase(TestSuiteExecutor.java:164)
	at com.kms.katalon.core.main.TestSuiteExecutor.execute(TestSuiteExecutor.java:105)
	at com.kms.katalon.core.main.TestCaseMain.startTestSuite(TestCaseMain.java:185)
	at com.kms.katalon.core.main.TestCaseMain$startTestSuite$0.call(Unknown Source)
	at TempTestSuite1676515943031.run(TempTestSuite1676515943031.groovy:36)
Caused by: com.kms.katalon.core.exception.StepFailedException: Text 'Transaction approved, no errors' is not present on page  using regular expression
	... 23 more


2023-02-15 21:57:31 - [TEST_STEP][PASSED] - executionProfile = getExecutionProfile(): null

2023-02-15 21:57:31 - [TEST_STEP][PASSED] - out.println("executionProfile : " + executionProfile): null

2023-02-15 21:57:31 - [TEST_STEP][PASSED] - appName = <not implemented yet for class: org.codehaus.groovy.ast.expr.EmptyExpression>: null

2023-02-15 21:57:31 - [TEST_STEP][PASSED] - appID = <not implemented yet for class: org.codehaus.groovy.ast.expr.EmptyExpression>: null

2023-02-15 21:57:31 - [TEST_STEP][PASSED] - username = <not implemented yet for class: org.codehaus.groovy.ast.expr.EmptyExpression>: null

2023-02-15 21:57:31 - [TEST_STEP][PASSED] - password = <not implemented yet for class: org.codehaus.groovy.ast.expr.EmptyExpression>: null

2023-02-15 21:57:31 - [TEST_STEP][PASSED] - cardNameV = <not implemented yet for class: org.codehaus.groovy.ast.expr.EmptyExpression>: null

2023-02-15 21:57:31 - [TEST_STEP][PASSED] - al1V = <not implemented yet for class: org.codehaus.groovy.ast.expr.EmptyExpression>: null

2023-02-15 21:57:31 - [TEST_STEP][PASSED] - al2V = <not implemented yet for class: org.codehaus.groovy.ast.expr.EmptyExpression>: null

2023-02-15 21:57:31 - [TEST_STEP][PASSED] - zipV = <not implemented yet for class: org.codehaus.groovy.ast.expr.EmptyExpression>: null

2023-02-15 21:57:31 - [TEST_STEP][PASSED] - cardTypeV = <not implemented yet for class: org.codehaus.groovy.ast.expr.EmptyExpression>: null

2023-02-15 21:57:31 - [TEST_STEP][PASSED] - last4V = <not implemented yet for class: org.codehaus.groovy.ast.expr.EmptyExpression>: null

2023-02-15 21:57:31 - [TEST_STEP][PASSED] - resText = "Fail": null

2023-02-15 21:57:31 - [TEST_STEP][PASSED] - resColumn = "Result": null

2023-02-15 21:57:31 - [TEST_STEP][PASSED] - datCloumn = "Date": null

2023-02-15 21:57:31 - [TEST_STEP][PASSED] - fileLoc = "KatalonData/VLinkSmokeData.xlsx": null

2023-02-15 21:57:31 - [TEST_STEP][PASSED] - numOfRows = <not implemented yet for class: org.codehaus.groovy.ast.expr.EmptyExpression>: null

2023-02-15 21:57:31 - [TEST_STEP][PASSED] - dataFile = <not implemented yet for class: org.codehaus.groovy.ast.expr.EmptyExpression>: null

2023-02-15 21:57:31 - [TEST_STEP][PASSED] - nameSheet = <not implemented yet for class: org.codehaus.groovy.ast.expr.EmptyExpression>: null

2023-02-15 21:57:31 - [TEST_STEP][PASSED] - nameSheet = "Sale": null

2023-02-15 21:57:31 - [TEST_STEP][PASSED] - numOfRows = findTestData("QA/VLinkTestData/VLinkSaleData").getRowNumbers(): null

2023-02-15 21:57:31 - [TEST_STEP][PASSED] - println("Number of Records: " + numOfRows): null

2023-02-15 21:57:31 - [TEST_STEP][PASSED] - dataFile = "QA/VLinkTestData/VLinkSaleData": null

2023-02-15 21:57:31 - [TEST_STEP][FAILED] - for ([row = 1, row <= numOfRows, (row++)]): null

2023-02-15 21:57:31 - [TEST_STEP][PASSED] - ExecuteTC = findTestData(dataFile).getValue("Execute", row): null

2023-02-15 21:57:31 - [TEST_STEP][PASSED] - out.println("Value of Execute is : " + ExecuteTC): null

2023-02-15 21:57:31 - [TEST_STEP][PASSED] - switch (executionProfile): null

2023-02-15 21:57:31 - [TEST_STEP][PASSED] - case "QAProfile":: null

2023-02-15 21:57:31 - [TEST_STEP][PASSED] - appID = findTestData(dataFile).getValue("AppIDQA", row): null

2023-02-15 21:57:31 - [TEST_STEP][PASSED] - username = findTestData(dataFile).getValue("UsernameQA", row): null

2023-02-15 21:57:31 - [TEST_STEP][PASSED] - password = findTestData(dataFile).getValue("PasswordQA", row): null

2023-02-15 21:57:32 - [TEST_STEP][PASSED] - break: null

2023-02-15 21:57:32 - [TEST_STEP][PASSED] - if (ExecuteTC.equalsIgnoreCase("Y")): null

2023-02-15 21:57:32 - [TEST_STEP][PASSED] - out.println("Begin Record Number: " + row): null

2023-02-15 21:57:32 - [TEST_STEP][PASSED] - today = new java.util.Date(): null

2023-02-15 21:57:32 - [TEST_STEP][PASSED] - println(today): null

2023-02-15 21:57:32 - [TEST_STEP][PASSED] - datText = today: null

2023-02-15 21:57:32 - [TEST_STEP][PASSED] - category = findTestData(dataFile).getValue("Category", row): null

2023-02-15 21:57:32 - [TEST_STEP][PASSED] - amount = findTestData(dataFile).getValue("Amount", row): null

2023-02-15 21:57:32 - [TEST_STEP][PASSED] - cardNumber = findTestData(dataFile).getValue("CardNumber", row): null

2023-02-15 21:57:32 - [TEST_STEP][PASSED] - exM = findTestData(dataFile).getValue("ExM", row): null

2023-02-15 21:57:32 - [TEST_STEP][PASSED] - exY = findTestData(dataFile).getValue("ExY", row): null

2023-02-15 21:57:32 - [TEST_STEP][PASSED] - openBrowser(VLinkURL + "authcap.html"): Browser is opened with url: 'https://dev-algorithm.govolution.com/vlinktest/QA/version_2_0/authcap.html'

2023-02-15 21:57:32 - [MESSAGE][WARNING] - A browser is already opened. Closing browser and opening a new one

2023-02-15 21:57:33 - [MESSAGE][INFO] - Starting 'Chrome' driver

2023-02-15 21:57:33 - [MESSAGE][INFO] - User set preference: ['acceptInsecureCerts', 'true']

2023-02-15 21:57:33 - [MESSAGE][INFO] - Action delay is set to 0 milliseconds

2023-02-15 21:57:35 - [MESSAGE][PASSED] - Browser is opened with url: 'https://dev-algorithm.govolution.com/vlinktest/QA/version_2_0/authcap.html'

2023-02-15 21:57:35 - [TEST_STEP][PASSED] - maximizeWindow(): Current window maximized

2023-02-15 21:57:35 - [MESSAGE][PASSED] - Current window maximized

2023-02-15 21:57:35 - [TEST_STEP][PASSED] - maximizeWindow(): Current window maximized

2023-02-15 21:57:35 - [MESSAGE][PASSED] - Current window maximized

2023-02-15 21:57:35 - [TEST_STEP][PASSED] - genRemID = RandomStringUtils.random(12, true, true): null

2023-02-15 21:57:35 - [TEST_STEP][PASSED] - setText(findTestObject("Object Repository/RecAndPlayBk/Page-Vlink-Sale/input_Remittance Id_remittance_id"), genRemID): Text 'weDORiGbiHzI' is set on object 'Object Repository/RecAndPlayBk/Page-Vlink-Sale/input_Remittance Id_remittance_id'

2023-02-15 21:57:36 - [MESSAGE][PASSED] - Text 'weDORiGbiHzI' is set on object 'Object Repository/RecAndPlayBk/Page-Vlink-Sale/input_Remittance Id_remittance_id'

2023-02-15 21:57:36 - [TEST_STEP][PASSED] - setText(findTestObject("Object Repository/RecAndPlayBk/Page-Vlink-Sale/input_Application Id_application_id"), appID): Text '234' is set on object 'Object Repository/RecAndPlayBk/Page-Vlink-Sale/input_Application Id_application_id'

2023-02-15 21:57:37 - [MESSAGE][PASSED] - Text '234' is set on object 'Object Repository/RecAndPlayBk/Page-Vlink-Sale/input_Application Id_application_id'

2023-02-15 21:57:37 - [TEST_STEP][PASSED] - setText(findTestObject("Object Repository/RecAndPlayBk/Page-Vlink-Sale/input_Username_username"), username): Text 'username' is set on object 'Object Repository/RecAndPlayBk/Page-Vlink-Sale/input_Username_username'

2023-02-15 21:57:37 - [MESSAGE][PASSED] - Text 'username' is set on object 'Object Repository/RecAndPlayBk/Page-Vlink-Sale/input_Username_username'

2023-02-15 21:57:37 - [TEST_STEP][PASSED] - setText(findTestObject("Object Repository/RecAndPlayBk/Page-Vlink-Sale/input_Password_password"), password): Text 'password' is set on object 'Object Repository/RecAndPlayBk/Page-Vlink-Sale/input_Password_password'

2023-02-15 21:57:38 - [MESSAGE][PASSED] - Text 'password' is set on object 'Object Repository/RecAndPlayBk/Page-Vlink-Sale/input_Password_password'

2023-02-15 21:57:38 - [TEST_STEP][PASSED] - setText(findTestObject("Object Repository/RecAndPlayBk/Page-Vlink-Sale/input_Category_category"), category): Text 'ECOM' is set on object 'Object Repository/RecAndPlayBk/Page-Vlink-Sale/input_Category_category'

2023-02-15 21:57:39 - [MESSAGE][PASSED] - Text 'ECOM' is set on object 'Object Repository/RecAndPlayBk/Page-Vlink-Sale/input_Category_category'

2023-02-15 21:57:39 - [TEST_STEP][PASSED] - setText(findTestObject("Object Repository/RecAndPlayBk/Page-Vlink-Sale/input_Amount_amount"), amount): Text '10.5' is set on object 'Object Repository/RecAndPlayBk/Page-Vlink-Sale/input_Amount_amount'

2023-02-15 21:57:39 - [MESSAGE][PASSED] - Text '10.5' is set on object 'Object Repository/RecAndPlayBk/Page-Vlink-Sale/input_Amount_amount'

2023-02-15 21:57:39 - [TEST_STEP][PASSED] - doubleClick(findTestObject("Object Repository/RecAndPlayBk/Page-Vlink-Sale/input_Card number_card_number")): Object: 'Object Repository/RecAndPlayBk/Page-Vlink-Sale/input_Card number_card_number' is double clicked on

2023-02-15 21:57:40 - [MESSAGE][PASSED] - Object: 'Object Repository/RecAndPlayBk/Page-Vlink-Sale/input_Card number_card_number' is double clicked on

2023-02-15 21:57:40 - [TEST_STEP][PASSED] - setText(findTestObject("Object Repository/RecAndPlayBk/Page-Vlink-Sale/input_Card number_card_number"), cardNumber): Text '4111111111111111' is set on object 'Object Repository/RecAndPlayBk/Page-Vlink-Sale/input_Card number_card_number'

2023-02-15 21:57:41 - [MESSAGE][PASSED] - Text '4111111111111111' is set on object 'Object Repository/RecAndPlayBk/Page-Vlink-Sale/input_Card number_card_number'

2023-02-15 21:57:41 - [TEST_STEP][PASSED] - setText(findTestObject("Object Repository/RecAndPlayBk/Page-Vlink-Sale/input_Card ex month_card_exmo"), exM): Text '12' is set on object 'Object Repository/RecAndPlayBk/Page-Vlink-Sale/input_Card ex month_card_exmo'

2023-02-15 21:57:41 - [MESSAGE][PASSED] - Text '12' is set on object 'Object Repository/RecAndPlayBk/Page-Vlink-Sale/input_Card ex month_card_exmo'

2023-02-15 21:57:41 - [TEST_STEP][PASSED] - setText(findTestObject("Object Repository/RecAndPlayBk/Page-Vlink-Sale/input_Card ex year_card_exyr"), exY): Text '2029' is set on object 'Object Repository/RecAndPlayBk/Page-Vlink-Sale/input_Card ex year_card_exyr'

2023-02-15 21:57:42 - [MESSAGE][PASSED] - Text '2029' is set on object 'Object Repository/RecAndPlayBk/Page-Vlink-Sale/input_Card ex year_card_exyr'

2023-02-15 21:57:42 - [TEST_STEP][PASSED] - click(findTestObject("Object Repository/RecAndPlayBk/Page-Vlink-Sale/input_Track Data_track_data")): Object: 'Object Repository/RecAndPlayBk/Page-Vlink-Sale/input_Track Data_track_data' is clicked on

2023-02-15 21:57:42 - [MESSAGE][PASSED] - Object: 'Object Repository/RecAndPlayBk/Page-Vlink-Sale/input_Track Data_track_data' is clicked on

2023-02-15 21:57:42 - [TEST_STEP][PASSED] - click(findTestObject("Object Repository/RecAndPlayBk/Page-Vlink-Sale/input_CVV state_cvv_state")): Object: 'Object Repository/RecAndPlayBk/Page-Vlink-Sale/input_CVV state_cvv_state' is clicked on

2023-02-15 21:57:43 - [MESSAGE][PASSED] - Object: 'Object Repository/RecAndPlayBk/Page-Vlink-Sale/input_CVV state_cvv_state' is clicked on

2023-02-15 21:57:43 - [TEST_STEP][PASSED] - setText(findTestObject("Object Repository/RecAndPlayBk/Page-Vlink-Sale/input_Track Data_track_data"), ""): Text '' is set on object 'Object Repository/RecAndPlayBk/Page-Vlink-Sale/input_Track Data_track_data'

2023-02-15 21:57:43 - [MESSAGE][PASSED] - Text '' is set on object 'Object Repository/RecAndPlayBk/Page-Vlink-Sale/input_Track Data_track_data'

2023-02-15 21:57:43 - [TEST_STEP][PASSED] - setText(findTestObject("Object Repository/RecAndPlayBk/Page-Vlink-Sale/input_concat(Cardholder, , s email)_email"), ""): Text '' is set on object 'Object Repository/RecAndPlayBk/Page-Vlink-Sale/input_concat(Cardholder, , s email)_email'

2023-02-15 21:57:44 - [MESSAGE][PASSED] - Text '' is set on object 'Object Repository/RecAndPlayBk/Page-Vlink-Sale/input_concat(Cardholder, , s email)_email'

2023-02-15 21:57:44 - [TEST_STEP][PASSED] - click(findTestObject("Object Repository/RecAndPlayBk/Page-Vlink-Sale/input_user_defined10_user_defined10")): Object: 'Object Repository/RecAndPlayBk/Page-Vlink-Sale/input_user_defined10_user_defined10' is clicked on

2023-02-15 21:57:44 - [MESSAGE][PASSED] - Object: 'Object Repository/RecAndPlayBk/Page-Vlink-Sale/input_user_defined10_user_defined10' is clicked on

2023-02-15 21:57:44 - [TEST_STEP][PASSED] - if (executionProfile.equalsIgnoreCase("QAProfile") || executionProfile.equalsIgnoreCase("DemoProfile")): Text '' is set on object 'Object Repository/RecAndPlayBk/Page-Vlink-Sale/input_COF Transaction Initiated by_cof_tran_6cded5'

2023-02-15 21:57:44 - [TEST_STEP][PASSED] - setText(findTestObject("Object Repository/RecAndPlayBk/Page-Vlink-Sale/input_Card on File Indicator_card_on_file_i_157dae"), ""): Text '' is set on object 'Object Repository/RecAndPlayBk/Page-Vlink-Sale/input_Card on File Indicator_card_on_file_i_157dae'

2023-02-15 21:57:45 - [MESSAGE][PASSED] - Text '' is set on object 'Object Repository/RecAndPlayBk/Page-Vlink-Sale/input_Card on File Indicator_card_on_file_i_157dae'

2023-02-15 21:57:45 - [TEST_STEP][PASSED] - setText(findTestObject("Object Repository/RecAndPlayBk/Page-Vlink-Sale/input_Stored Credential Indicator_stored_cr_4ae73c"), ""): Text '' is set on object 'Object Repository/RecAndPlayBk/Page-Vlink-Sale/input_Stored Credential Indicator_stored_cr_4ae73c'

2023-02-15 21:57:46 - [MESSAGE][PASSED] - Text '' is set on object 'Object Repository/RecAndPlayBk/Page-Vlink-Sale/input_Stored Credential Indicator_stored_cr_4ae73c'

2023-02-15 21:57:46 - [TEST_STEP][PASSED] - setText(findTestObject("Object Repository/RecAndPlayBk/Page-Vlink-Sale/input_COF Scheduled indicator_cof_scheduled_8df7d8"), ""): Text '' is set on object 'Object Repository/RecAndPlayBk/Page-Vlink-Sale/input_COF Scheduled indicator_cof_scheduled_8df7d8'

2023-02-15 21:57:46 - [MESSAGE][PASSED] - Text '' is set on object 'Object Repository/RecAndPlayBk/Page-Vlink-Sale/input_COF Scheduled indicator_cof_scheduled_8df7d8'

2023-02-15 21:57:46 - [TEST_STEP][PASSED] - setText(findTestObject("Object Repository/RecAndPlayBk/Page-Vlink-Sale/input_COF Transaction Initiated by_cof_tran_6cded5"), ""): Text '' is set on object 'Object Repository/RecAndPlayBk/Page-Vlink-Sale/input_COF Transaction Initiated by_cof_tran_6cded5'

2023-02-15 21:57:47 - [MESSAGE][PASSED] - Text '' is set on object 'Object Repository/RecAndPlayBk/Page-Vlink-Sale/input_COF Transaction Initiated by_cof_tran_6cded5'

2023-02-15 21:57:47 - [TEST_STEP][PASSED] - click(findTestObject("Object Repository/RecAndPlayBk/Page-Vlink-Sale/input")): Object: 'Object Repository/RecAndPlayBk/Page-Vlink-Sale/input' is clicked on

2023-02-15 21:57:48 - [MESSAGE][PASSED] - Object: 'Object Repository/RecAndPlayBk/Page-Vlink-Sale/input' is clicked on

2023-02-15 21:57:48 - [TEST_STEP][PASSED] - if (verifyTextPresent("Transaction approved, no errors", true)): null

2023-02-15 21:57:48 - [MESSAGE][PASSED] - Text 'Transaction approved, no errors' is present on page  using regular expression

2023-02-15 21:57:48 - [TEST_STEP][PASSED] - println("Transaction Approved, no errors text is present on the Confirmation page"): null

2023-02-15 21:57:48 - [TEST_STEP][PASSED] - out.println("Pass Record Number: " + row): null

2023-02-15 21:57:48 - [TEST_STEP][PASSED] - resText = "Pass": null

2023-02-15 21:57:48 - [TEST_STEP][PASSED] - pages.WriteExcel.demoKey(resText, datText, resColumn, datCloumn, fileLoc, nameSheet, row): pages.WriteExcel.demoKey is PASSED

2023-02-15 21:57:49 - [MESSAGE][PASSED] - pages.WriteExcel.demoKey is PASSED

2023-02-15 21:57:49 - [TEST_STEP][PASSED] - ExecuteTC = findTestData(dataFile).getValue("Execute", row): null

2023-02-15 21:57:49 - [TEST_STEP][PASSED] - out.println("Value of Execute is : " + ExecuteTC): null

2023-02-15 21:57:49 - [TEST_STEP][PASSED] - switch (executionProfile): null

2023-02-15 21:57:49 - [TEST_STEP][PASSED] - case "QAProfile":: null

2023-02-15 21:57:49 - [TEST_STEP][PASSED] - appID = findTestData(dataFile).getValue("AppIDQA", row): null

2023-02-15 21:57:49 - [TEST_STEP][PASSED] - username = findTestData(dataFile).getValue("UsernameQA", row): null

2023-02-15 21:57:49 - [TEST_STEP][PASSED] - password = findTestData(dataFile).getValue("PasswordQA", row): null

2023-02-15 21:57:49 - [TEST_STEP][PASSED] - break: null

2023-02-15 21:57:49 - [TEST_STEP][PASSED] - if (ExecuteTC.equalsIgnoreCase("Y")): null

2023-02-15 21:57:49 - [TEST_STEP][PASSED] - out.println("Begin Record Number: " + row): null

2023-02-15 21:57:49 - [TEST_STEP][PASSED] - today = new java.util.Date(): null

2023-02-15 21:57:49 - [TEST_STEP][PASSED] - println(today): null

2023-02-15 21:57:49 - [TEST_STEP][PASSED] - datText = today: null

2023-02-15 21:57:49 - [TEST_STEP][PASSED] - category = findTestData(dataFile).getValue("Category", row): null

2023-02-15 21:57:49 - [TEST_STEP][PASSED] - amount = findTestData(dataFile).getValue("Amount", row): null

2023-02-15 21:57:49 - [TEST_STEP][PASSED] - cardNumber = findTestData(dataFile).getValue("CardNumber", row): null

2023-02-15 21:57:49 - [TEST_STEP][PASSED] - exM = findTestData(dataFile).getValue("ExM", row): null

2023-02-15 21:57:49 - [TEST_STEP][PASSED] - exY = findTestData(dataFile).getValue("ExY", row): null

2023-02-15 21:57:49 - [TEST_STEP][PASSED] - openBrowser(VLinkURL + "authcap.html"): Browser is opened with url: 'https://dev-algorithm.govolution.com/vlinktest/QA/version_2_0/authcap.html'

2023-02-15 21:57:49 - [MESSAGE][WARNING] - A browser is already opened. Closing browser and opening a new one

2023-02-15 21:57:50 - [MESSAGE][INFO] - Starting 'Chrome' driver

2023-02-15 21:57:50 - [MESSAGE][INFO] - User set preference: ['acceptInsecureCerts', 'true']

2023-02-15 21:57:50 - [MESSAGE][INFO] - Action delay is set to 0 milliseconds

2023-02-15 21:57:52 - [MESSAGE][PASSED] - Browser is opened with url: 'https://dev-algorithm.govolution.com/vlinktest/QA/version_2_0/authcap.html'

2023-02-15 21:57:52 - [TEST_STEP][PASSED] - maximizeWindow(): Current window maximized

2023-02-15 21:57:52 - [MESSAGE][PASSED] - Current window maximized

2023-02-15 21:57:52 - [TEST_STEP][PASSED] - maximizeWindow(): Current window maximized

2023-02-15 21:57:52 - [MESSAGE][PASSED] - Current window maximized

2023-02-15 21:57:52 - [TEST_STEP][PASSED] - genRemID = RandomStringUtils.random(12, true, true): null

2023-02-15 21:57:52 - [TEST_STEP][PASSED] - setText(findTestObject("Object Repository/RecAndPlayBk/Page-Vlink-Sale/input_Remittance Id_remittance_id"), genRemID): Text 'iUGo5x5FLKm5' is set on object 'Object Repository/RecAndPlayBk/Page-Vlink-Sale/input_Remittance Id_remittance_id'

2023-02-15 21:57:53 - [MESSAGE][PASSED] - Text 'iUGo5x5FLKm5' is set on object 'Object Repository/RecAndPlayBk/Page-Vlink-Sale/input_Remittance Id_remittance_id'

2023-02-15 21:57:53 - [TEST_STEP][PASSED] - setText(findTestObject("Object Repository/RecAndPlayBk/Page-Vlink-Sale/input_Application Id_application_id"), appID): Text '234' is set on object 'Object Repository/RecAndPlayBk/Page-Vlink-Sale/input_Application Id_application_id'

2023-02-15 21:57:54 - [MESSAGE][PASSED] - Text '234' is set on object 'Object Repository/RecAndPlayBk/Page-Vlink-Sale/input_Application Id_application_id'

2023-02-15 21:57:54 - [TEST_STEP][PASSED] - setText(findTestObject("Object Repository/RecAndPlayBk/Page-Vlink-Sale/input_Username_username"), username): Text 'username' is set on object 'Object Repository/RecAndPlayBk/Page-Vlink-Sale/input_Username_username'

2023-02-15 21:57:54 - [MESSAGE][PASSED] - Text 'username' is set on object 'Object Repository/RecAndPlayBk/Page-Vlink-Sale/input_Username_username'

2023-02-15 21:57:54 - [TEST_STEP][PASSED] - setText(findTestObject("Object Repository/RecAndPlayBk/Page-Vlink-Sale/input_Password_password"), password): Text 'password' is set on object 'Object Repository/RecAndPlayBk/Page-Vlink-Sale/input_Password_password'

2023-02-15 21:57:55 - [MESSAGE][PASSED] - Text 'password' is set on object 'Object Repository/RecAndPlayBk/Page-Vlink-Sale/input_Password_password'

2023-02-15 21:57:55 - [TEST_STEP][PASSED] - setText(findTestObject("Object Repository/RecAndPlayBk/Page-Vlink-Sale/input_Category_category"), category): Text 'MOTO' is set on object 'Object Repository/RecAndPlayBk/Page-Vlink-Sale/input_Category_category'

2023-02-15 21:57:56 - [MESSAGE][PASSED] - Text 'MOTO' is set on object 'Object Repository/RecAndPlayBk/Page-Vlink-Sale/input_Category_category'

2023-02-15 21:57:56 - [TEST_STEP][PASSED] - setText(findTestObject("Object Repository/RecAndPlayBk/Page-Vlink-Sale/input_Amount_amount"), amount): Text '10.5' is set on object 'Object Repository/RecAndPlayBk/Page-Vlink-Sale/input_Amount_amount'

2023-02-15 21:57:56 - [MESSAGE][PASSED] - Text '10.5' is set on object 'Object Repository/RecAndPlayBk/Page-Vlink-Sale/input_Amount_amount'

2023-02-15 21:57:56 - [TEST_STEP][PASSED] - doubleClick(findTestObject("Object Repository/RecAndPlayBk/Page-Vlink-Sale/input_Card number_card_number")): Object: 'Object Repository/RecAndPlayBk/Page-Vlink-Sale/input_Card number_card_number' is double clicked on

2023-02-15 21:57:57 - [MESSAGE][PASSED] - Object: 'Object Repository/RecAndPlayBk/Page-Vlink-Sale/input_Card number_card_number' is double clicked on

2023-02-15 21:57:57 - [TEST_STEP][PASSED] - setText(findTestObject("Object Repository/RecAndPlayBk/Page-Vlink-Sale/input_Card number_card_number"), cardNumber): Text '5424000000000015' is set on object 'Object Repository/RecAndPlayBk/Page-Vlink-Sale/input_Card number_card_number'

2023-02-15 21:57:57 - [MESSAGE][PASSED] - Text '5424000000000015' is set on object 'Object Repository/RecAndPlayBk/Page-Vlink-Sale/input_Card number_card_number'

2023-02-15 21:57:57 - [TEST_STEP][PASSED] - setText(findTestObject("Object Repository/RecAndPlayBk/Page-Vlink-Sale/input_Card ex month_card_exmo"), exM): Text '12' is set on object 'Object Repository/RecAndPlayBk/Page-Vlink-Sale/input_Card ex month_card_exmo'

2023-02-15 21:57:58 - [MESSAGE][PASSED] - Text '12' is set on object 'Object Repository/RecAndPlayBk/Page-Vlink-Sale/input_Card ex month_card_exmo'

2023-02-15 21:57:58 - [TEST_STEP][PASSED] - setText(findTestObject("Object Repository/RecAndPlayBk/Page-Vlink-Sale/input_Card ex year_card_exyr"), exY): Text '2029' is set on object 'Object Repository/RecAndPlayBk/Page-Vlink-Sale/input_Card ex year_card_exyr'

2023-02-15 21:57:59 - [MESSAGE][PASSED] - Text '2029' is set on object 'Object Repository/RecAndPlayBk/Page-Vlink-Sale/input_Card ex year_card_exyr'

2023-02-15 21:57:59 - [TEST_STEP][PASSED] - click(findTestObject("Object Repository/RecAndPlayBk/Page-Vlink-Sale/input_Track Data_track_data")): Object: 'Object Repository/RecAndPlayBk/Page-Vlink-Sale/input_Track Data_track_data' is clicked on

2023-02-15 21:57:59 - [MESSAGE][PASSED] - Object: 'Object Repository/RecAndPlayBk/Page-Vlink-Sale/input_Track Data_track_data' is clicked on

2023-02-15 21:57:59 - [TEST_STEP][PASSED] - click(findTestObject("Object Repository/RecAndPlayBk/Page-Vlink-Sale/input_CVV state_cvv_state")): Object: 'Object Repository/RecAndPlayBk/Page-Vlink-Sale/input_CVV state_cvv_state' is clicked on

2023-02-15 21:57:59 - [MESSAGE][PASSED] - Object: 'Object Repository/RecAndPlayBk/Page-Vlink-Sale/input_CVV state_cvv_state' is clicked on

2023-02-15 21:57:59 - [TEST_STEP][PASSED] - setText(findTestObject("Object Repository/RecAndPlayBk/Page-Vlink-Sale/input_Track Data_track_data"), ""): Text '' is set on object 'Object Repository/RecAndPlayBk/Page-Vlink-Sale/input_Track Data_track_data'

2023-02-15 21:58:00 - [MESSAGE][PASSED] - Text '' is set on object 'Object Repository/RecAndPlayBk/Page-Vlink-Sale/input_Track Data_track_data'

2023-02-15 21:58:00 - [TEST_STEP][PASSED] - setText(findTestObject("Object Repository/RecAndPlayBk/Page-Vlink-Sale/input_concat(Cardholder, , s email)_email"), ""): Text '' is set on object 'Object Repository/RecAndPlayBk/Page-Vlink-Sale/input_concat(Cardholder, , s email)_email'

2023-02-15 21:58:00 - [MESSAGE][PASSED] - Text '' is set on object 'Object Repository/RecAndPlayBk/Page-Vlink-Sale/input_concat(Cardholder, , s email)_email'

2023-02-15 21:58:00 - [TEST_STEP][PASSED] - click(findTestObject("Object Repository/RecAndPlayBk/Page-Vlink-Sale/input_user_defined10_user_defined10")): Object: 'Object Repository/RecAndPlayBk/Page-Vlink-Sale/input_user_defined10_user_defined10' is clicked on

2023-02-15 21:58:01 - [MESSAGE][PASSED] - Object: 'Object Repository/RecAndPlayBk/Page-Vlink-Sale/input_user_defined10_user_defined10' is clicked on

2023-02-15 21:58:01 - [TEST_STEP][PASSED] - if (executionProfile.equalsIgnoreCase("QAProfile") || executionProfile.equalsIgnoreCase("DemoProfile")): Text '' is set on object 'Object Repository/RecAndPlayBk/Page-Vlink-Sale/input_COF Transaction Initiated by_cof_tran_6cded5'

2023-02-15 21:58:01 - [TEST_STEP][PASSED] - setText(findTestObject("Object Repository/RecAndPlayBk/Page-Vlink-Sale/input_Card on File Indicator_card_on_file_i_157dae"), ""): Text '' is set on object 'Object Repository/RecAndPlayBk/Page-Vlink-Sale/input_Card on File Indicator_card_on_file_i_157dae'

2023-02-15 21:58:01 - [MESSAGE][PASSED] - Text '' is set on object 'Object Repository/RecAndPlayBk/Page-Vlink-Sale/input_Card on File Indicator_card_on_file_i_157dae'

2023-02-15 21:58:01 - [TEST_STEP][PASSED] - setText(findTestObject("Object Repository/RecAndPlayBk/Page-Vlink-Sale/input_Stored Credential Indicator_stored_cr_4ae73c"), ""): Text '' is set on object 'Object Repository/RecAndPlayBk/Page-Vlink-Sale/input_Stored Credential Indicator_stored_cr_4ae73c'

2023-02-15 21:58:02 - [MESSAGE][PASSED] - Text '' is set on object 'Object Repository/RecAndPlayBk/Page-Vlink-Sale/input_Stored Credential Indicator_stored_cr_4ae73c'

2023-02-15 21:58:02 - [TEST_STEP][PASSED] - setText(findTestObject("Object Repository/RecAndPlayBk/Page-Vlink-Sale/input_COF Scheduled indicator_cof_scheduled_8df7d8"), ""): Text '' is set on object 'Object Repository/RecAndPlayBk/Page-Vlink-Sale/input_COF Scheduled indicator_cof_scheduled_8df7d8'

2023-02-15 21:58:03 - [MESSAGE][PASSED] - Text '' is set on object 'Object Repository/RecAndPlayBk/Page-Vlink-Sale/input_COF Scheduled indicator_cof_scheduled_8df7d8'

2023-02-15 21:58:03 - [TEST_STEP][PASSED] - setText(findTestObject("Object Repository/RecAndPlayBk/Page-Vlink-Sale/input_COF Transaction Initiated by_cof_tran_6cded5"), ""): Text '' is set on object 'Object Repository/RecAndPlayBk/Page-Vlink-Sale/input_COF Transaction Initiated by_cof_tran_6cded5'

2023-02-15 21:58:03 - [MESSAGE][PASSED] - Text '' is set on object 'Object Repository/RecAndPlayBk/Page-Vlink-Sale/input_COF Transaction Initiated by_cof_tran_6cded5'

2023-02-15 21:58:03 - [TEST_STEP][PASSED] - click(findTestObject("Object Repository/RecAndPlayBk/Page-Vlink-Sale/input")): Object: 'Object Repository/RecAndPlayBk/Page-Vlink-Sale/input' is clicked on

2023-02-15 21:58:04 - [MESSAGE][PASSED] - Object: 'Object Repository/RecAndPlayBk/Page-Vlink-Sale/input' is clicked on

2023-02-15 21:58:04 - [TEST_STEP][PASSED] - if (verifyTextPresent("Transaction approved, no errors", true)): null

2023-02-15 21:58:04 - [MESSAGE][PASSED] - Text 'Transaction approved, no errors' is present on page  using regular expression

2023-02-15 21:58:04 - [TEST_STEP][PASSED] - println("Transaction Approved, no errors text is present on the Confirmation page"): null

2023-02-15 21:58:04 - [TEST_STEP][PASSED] - out.println("Pass Record Number: " + row): null

2023-02-15 21:58:04 - [TEST_STEP][PASSED] - resText = "Pass": null

2023-02-15 21:58:04 - [TEST_STEP][PASSED] - pages.WriteExcel.demoKey(resText, datText, resColumn, datCloumn, fileLoc, nameSheet, row): pages.WriteExcel.demoKey is PASSED

2023-02-15 21:58:05 - [MESSAGE][PASSED] - pages.WriteExcel.demoKey is PASSED

2023-02-15 21:58:05 - [TEST_STEP][PASSED] - ExecuteTC = findTestData(dataFile).getValue("Execute", row): null

2023-02-15 21:58:05 - [TEST_STEP][PASSED] - out.println("Value of Execute is : " + ExecuteTC): null

2023-02-15 21:58:05 - [TEST_STEP][PASSED] - switch (executionProfile): null

2023-02-15 21:58:05 - [TEST_STEP][PASSED] - case "QAProfile":: null

2023-02-15 21:58:05 - [TEST_STEP][PASSED] - appID = findTestData(dataFile).getValue("AppIDQA", row): null

2023-02-15 21:58:05 - [TEST_STEP][PASSED] - username = findTestData(dataFile).getValue("UsernameQA", row): null

2023-02-15 21:58:05 - [TEST_STEP][PASSED] - password = findTestData(dataFile).getValue("PasswordQA", row): null

2023-02-15 21:58:05 - [TEST_STEP][PASSED] - break: null

2023-02-15 21:58:05 - [TEST_STEP][FAILED] - if (ExecuteTC.equalsIgnoreCase("Y")): null

2023-02-15 21:58:05 - [TEST_STEP][PASSED] - out.println("Begin Record Number: " + row): null

2023-02-15 21:58:05 - [TEST_STEP][PASSED] - today = new java.util.Date(): null

2023-02-15 21:58:05 - [TEST_STEP][PASSED] - println(today): null

2023-02-15 21:58:05 - [TEST_STEP][PASSED] - datText = today: null

2023-02-15 21:58:05 - [TEST_STEP][PASSED] - category = findTestData(dataFile).getValue("Category", row): null

2023-02-15 21:58:06 - [TEST_STEP][PASSED] - amount = findTestData(dataFile).getValue("Amount", row): null

2023-02-15 21:58:06 - [TEST_STEP][PASSED] - cardNumber = findTestData(dataFile).getValue("CardNumber", row): null

2023-02-15 21:58:06 - [TEST_STEP][PASSED] - exM = findTestData(dataFile).getValue("ExM", row): null

2023-02-15 21:58:06 - [TEST_STEP][PASSED] - exY = findTestData(dataFile).getValue("ExY", row): null

2023-02-15 21:58:06 - [TEST_STEP][PASSED] - openBrowser(VLinkURL + "authcap.html"): Browser is opened with url: 'https://dev-algorithm.govolution.com/vlinktest/QA/version_2_0/authcap.html'

2023-02-15 21:58:06 - [MESSAGE][WARNING] - A browser is already opened. Closing browser and opening a new one

2023-02-15 21:58:07 - [MESSAGE][INFO] - Starting 'Chrome' driver

2023-02-15 21:58:07 - [MESSAGE][INFO] - User set preference: ['acceptInsecureCerts', 'true']

2023-02-15 21:58:07 - [MESSAGE][INFO] - Action delay is set to 0 milliseconds

2023-02-15 21:58:09 - [MESSAGE][PASSED] - Browser is opened with url: 'https://dev-algorithm.govolution.com/vlinktest/QA/version_2_0/authcap.html'

2023-02-15 21:58:09 - [TEST_STEP][PASSED] - maximizeWindow(): Current window maximized

2023-02-15 21:58:09 - [MESSAGE][PASSED] - Current window maximized

2023-02-15 21:58:09 - [TEST_STEP][PASSED] - maximizeWindow(): Current window maximized

2023-02-15 21:58:09 - [MESSAGE][PASSED] - Current window maximized

2023-02-15 21:58:09 - [TEST_STEP][PASSED] - genRemID = RandomStringUtils.random(12, true, true): null

2023-02-15 21:58:09 - [TEST_STEP][PASSED] - setText(findTestObject("Object Repository/RecAndPlayBk/Page-Vlink-Sale/input_Remittance Id_remittance_id"), genRemID): Text '4VEwEF3kg2OF' is set on object 'Object Repository/RecAndPlayBk/Page-Vlink-Sale/input_Remittance Id_remittance_id'

2023-02-15 21:58:10 - [MESSAGE][PASSED] - Text '4VEwEF3kg2OF' is set on object 'Object Repository/RecAndPlayBk/Page-Vlink-Sale/input_Remittance Id_remittance_id'

2023-02-15 21:58:10 - [TEST_STEP][PASSED] - setText(findTestObject("Object Repository/RecAndPlayBk/Page-Vlink-Sale/input_Application Id_application_id"), appID): Text '234' is set on object 'Object Repository/RecAndPlayBk/Page-Vlink-Sale/input_Application Id_application_id'

2023-02-15 21:58:11 - [MESSAGE][PASSED] - Text '234' is set on object 'Object Repository/RecAndPlayBk/Page-Vlink-Sale/input_Application Id_application_id'

2023-02-15 21:58:11 - [TEST_STEP][PASSED] - setText(findTestObject("Object Repository/RecAndPlayBk/Page-Vlink-Sale/input_Username_username"), username): Text 'username' is set on object 'Object Repository/RecAndPlayBk/Page-Vlink-Sale/input_Username_username'

2023-02-15 21:58:11 - [MESSAGE][PASSED] - Text 'username' is set on object 'Object Repository/RecAndPlayBk/Page-Vlink-Sale/input_Username_username'

2023-02-15 21:58:11 - [TEST_STEP][PASSED] - setText(findTestObject("Object Repository/RecAndPlayBk/Page-Vlink-Sale/input_Password_password"), password): Text 'password' is set on object 'Object Repository/RecAndPlayBk/Page-Vlink-Sale/input_Password_password'

2023-02-15 21:58:12 - [MESSAGE][PASSED] - Text 'password' is set on object 'Object Repository/RecAndPlayBk/Page-Vlink-Sale/input_Password_password'

2023-02-15 21:58:12 - [TEST_STEP][PASSED] - setText(findTestObject("Object Repository/RecAndPlayBk/Page-Vlink-Sale/input_Category_category"), category): Text 'RETL' is set on object 'Object Repository/RecAndPlayBk/Page-Vlink-Sale/input_Category_category'

2023-02-15 21:58:13 - [MESSAGE][PASSED] - Text 'RETL' is set on object 'Object Repository/RecAndPlayBk/Page-Vlink-Sale/input_Category_category'

2023-02-15 21:58:13 - [TEST_STEP][PASSED] - setText(findTestObject("Object Repository/RecAndPlayBk/Page-Vlink-Sale/input_Amount_amount"), amount): Text '10.5' is set on object 'Object Repository/RecAndPlayBk/Page-Vlink-Sale/input_Amount_amount'

2023-02-15 21:58:13 - [MESSAGE][PASSED] - Text '10.5' is set on object 'Object Repository/RecAndPlayBk/Page-Vlink-Sale/input_Amount_amount'

2023-02-15 21:58:13 - [TEST_STEP][PASSED] - doubleClick(findTestObject("Object Repository/RecAndPlayBk/Page-Vlink-Sale/input_Card number_card_number")): Object: 'Object Repository/RecAndPlayBk/Page-Vlink-Sale/input_Card number_card_number' is double clicked on

2023-02-15 21:58:14 - [MESSAGE][PASSED] - Object: 'Object Repository/RecAndPlayBk/Page-Vlink-Sale/input_Card number_card_number' is double clicked on

2023-02-15 21:58:14 - [TEST_STEP][PASSED] - setText(findTestObject("Object Repository/RecAndPlayBk/Page-Vlink-Sale/input_Card number_card_number"), cardNumber): Text '370000000000002' is set on object 'Object Repository/RecAndPlayBk/Page-Vlink-Sale/input_Card number_card_number'

2023-02-15 21:58:14 - [MESSAGE][PASSED] - Text '370000000000002' is set on object 'Object Repository/RecAndPlayBk/Page-Vlink-Sale/input_Card number_card_number'

2023-02-15 21:58:14 - [TEST_STEP][PASSED] - setText(findTestObject("Object Repository/RecAndPlayBk/Page-Vlink-Sale/input_Card ex month_card_exmo"), exM): Text '12' is set on object 'Object Repository/RecAndPlayBk/Page-Vlink-Sale/input_Card ex month_card_exmo'

2023-02-15 21:58:15 - [MESSAGE][PASSED] - Text '12' is set on object 'Object Repository/RecAndPlayBk/Page-Vlink-Sale/input_Card ex month_card_exmo'

2023-02-15 21:58:15 - [TEST_STEP][PASSED] - setText(findTestObject("Object Repository/RecAndPlayBk/Page-Vlink-Sale/input_Card ex year_card_exyr"), exY): Text '2029' is set on object 'Object Repository/RecAndPlayBk/Page-Vlink-Sale/input_Card ex year_card_exyr'

2023-02-15 21:58:16 - [MESSAGE][PASSED] - Text '2029' is set on object 'Object Repository/RecAndPlayBk/Page-Vlink-Sale/input_Card ex year_card_exyr'

2023-02-15 21:58:16 - [TEST_STEP][PASSED] - click(findTestObject("Object Repository/RecAndPlayBk/Page-Vlink-Sale/input_Track Data_track_data")): Object: 'Object Repository/RecAndPlayBk/Page-Vlink-Sale/input_Track Data_track_data' is clicked on

2023-02-15 21:58:16 - [MESSAGE][PASSED] - Object: 'Object Repository/RecAndPlayBk/Page-Vlink-Sale/input_Track Data_track_data' is clicked on

2023-02-15 21:58:16 - [TEST_STEP][PASSED] - click(findTestObject("Object Repository/RecAndPlayBk/Page-Vlink-Sale/input_CVV state_cvv_state")): Object: 'Object Repository/RecAndPlayBk/Page-Vlink-Sale/input_CVV state_cvv_state' is clicked on

2023-02-15 21:58:17 - [MESSAGE][PASSED] - Object: 'Object Repository/RecAndPlayBk/Page-Vlink-Sale/input_CVV state_cvv_state' is clicked on

2023-02-15 21:58:17 - [TEST_STEP][PASSED] - setText(findTestObject("Object Repository/RecAndPlayBk/Page-Vlink-Sale/input_Track Data_track_data"), ""): Text '' is set on object 'Object Repository/RecAndPlayBk/Page-Vlink-Sale/input_Track Data_track_data'

2023-02-15 21:58:17 - [MESSAGE][PASSED] - Text '' is set on object 'Object Repository/RecAndPlayBk/Page-Vlink-Sale/input_Track Data_track_data'

2023-02-15 21:58:17 - [TEST_STEP][PASSED] - setText(findTestObject("Object Repository/RecAndPlayBk/Page-Vlink-Sale/input_concat(Cardholder, , s email)_email"), ""): Text '' is set on object 'Object Repository/RecAndPlayBk/Page-Vlink-Sale/input_concat(Cardholder, , s email)_email'

2023-02-15 21:58:18 - [MESSAGE][PASSED] - Text '' is set on object 'Object Repository/RecAndPlayBk/Page-Vlink-Sale/input_concat(Cardholder, , s email)_email'

2023-02-15 21:58:18 - [TEST_STEP][PASSED] - click(findTestObject("Object Repository/RecAndPlayBk/Page-Vlink-Sale/input_user_defined10_user_defined10")): Object: 'Object Repository/RecAndPlayBk/Page-Vlink-Sale/input_user_defined10_user_defined10' is clicked on

2023-02-15 21:58:18 - [MESSAGE][PASSED] - Object: 'Object Repository/RecAndPlayBk/Page-Vlink-Sale/input_user_defined10_user_defined10' is clicked on

2023-02-15 21:58:18 - [TEST_STEP][PASSED] - if (executionProfile.equalsIgnoreCase("QAProfile") || executionProfile.equalsIgnoreCase("DemoProfile")): Text '' is set on object 'Object Repository/RecAndPlayBk/Page-Vlink-Sale/input_COF Transaction Initiated by_cof_tran_6cded5'

2023-02-15 21:58:18 - [TEST_STEP][PASSED] - setText(findTestObject("Object Repository/RecAndPlayBk/Page-Vlink-Sale/input_Card on File Indicator_card_on_file_i_157dae"), ""): Text '' is set on object 'Object Repository/RecAndPlayBk/Page-Vlink-Sale/input_Card on File Indicator_card_on_file_i_157dae'

2023-02-15 21:58:19 - [MESSAGE][PASSED] - Text '' is set on object 'Object Repository/RecAndPlayBk/Page-Vlink-Sale/input_Card on File Indicator_card_on_file_i_157dae'

2023-02-15 21:58:19 - [TEST_STEP][PASSED] - setText(findTestObject("Object Repository/RecAndPlayBk/Page-Vlink-Sale/input_Stored Credential Indicator_stored_cr_4ae73c"), ""): Text '' is set on object 'Object Repository/RecAndPlayBk/Page-Vlink-Sale/input_Stored Credential Indicator_stored_cr_4ae73c'

2023-02-15 21:58:20 - [MESSAGE][PASSED] - Text '' is set on object 'Object Repository/RecAndPlayBk/Page-Vlink-Sale/input_Stored Credential Indicator_stored_cr_4ae73c'

2023-02-15 21:58:20 - [TEST_STEP][PASSED] - setText(findTestObject("Object Repository/RecAndPlayBk/Page-Vlink-Sale/input_COF Scheduled indicator_cof_scheduled_8df7d8"), ""): Text '' is set on object 'Object Repository/RecAndPlayBk/Page-Vlink-Sale/input_COF Scheduled indicator_cof_scheduled_8df7d8'

2023-02-15 21:58:20 - [MESSAGE][PASSED] - Text '' is set on object 'Object Repository/RecAndPlayBk/Page-Vlink-Sale/input_COF Scheduled indicator_cof_scheduled_8df7d8'

2023-02-15 21:58:20 - [TEST_STEP][PASSED] - setText(findTestObject("Object Repository/RecAndPlayBk/Page-Vlink-Sale/input_COF Transaction Initiated by_cof_tran_6cded5"), ""): Text '' is set on object 'Object Repository/RecAndPlayBk/Page-Vlink-Sale/input_COF Transaction Initiated by_cof_tran_6cded5'

2023-02-15 21:58:21 - [MESSAGE][PASSED] - Text '' is set on object 'Object Repository/RecAndPlayBk/Page-Vlink-Sale/input_COF Transaction Initiated by_cof_tran_6cded5'

2023-02-15 21:58:21 - [TEST_STEP][PASSED] - click(findTestObject("Object Repository/RecAndPlayBk/Page-Vlink-Sale/input")): Object: 'Object Repository/RecAndPlayBk/Page-Vlink-Sale/input' is clicked on

2023-02-15 21:58:22 - [MESSAGE][PASSED] - Object: 'Object Repository/RecAndPlayBk/Page-Vlink-Sale/input' is clicked on

2023-02-15 21:58:22 - [TEST_STEP][FAILED] - if (verifyTextPresent("Transaction approved, no errors", true)): Text 'Transaction approved, no errors' is not present on page  using regular expression (Root cause: com.kms.katalon.core.exception.StepFailedException: Text 'Transaction approved, no errors' is not present on page  using regular expression
	at com.kms.katalon.core.webui.keyword.internal.WebUIKeywordMain.stepFailed(WebUIKeywordMain.groovy:64)
	at com.kms.katalon.core.webui.keyword.builtin.VerifyTextPresentKeyword$_verifyTextPresent_closure1.doCall(VerifyTextPresentKeyword.groovy:79)
	at com.kms.katalon.core.webui.keyword.builtin.VerifyTextPresentKeyword$_verifyTextPresent_closure1.call(VerifyTextPresentKeyword.groovy)
	at com.kms.katalon.core.webui.keyword.internal.WebUIKeywordMain.runKeyword(WebUIKeywordMain.groovy:20)
	at com.kms.katalon.core.webui.keyword.builtin.VerifyTextPresentKeyword.verifyTextPresent(VerifyTextPresentKeyword.groovy:83)
	at com.kms.katalon.core.webui.keyword.builtin.VerifyTextPresentKeyword.execute(VerifyTextPresentKeyword.groovy:68)
	at com.kms.katalon.core.keyword.internal.KeywordExecutor.executeKeywordForPlatform(KeywordExecutor.groovy:74)
	at com.kms.katalon.core.webui.keyword.WebUiBuiltInKeywords.verifyTextPresent(WebUiBuiltInKeywords.groovy:1723)
	at com.kms.katalon.core.webui.keyword.WebUiBuiltInKeywords$verifyTextPresent$4.call(Unknown Source)
	at Sale.run(Sale:155)
	at com.kms.katalon.core.main.ScriptEngine.run(ScriptEngine.java:194)
	at com.kms.katalon.core.main.ScriptEngine.runScriptAsRawText(ScriptEngine.java:119)
	at com.kms.katalon.core.main.TestCaseExecutor.runScript(TestCaseExecutor.java:442)
	at com.kms.katalon.core.main.TestCaseExecutor.doExecute(TestCaseExecutor.java:433)
	at com.kms.katalon.core.main.TestCaseExecutor.processExecutionPhase(TestCaseExecutor.java:412)
	at com.kms.katalon.core.main.TestCaseExecutor.accessMainPhase(TestCaseExecutor.java:404)
	at com.kms.katalon.core.main.TestCaseExecutor.execute(TestCaseExecutor.java:281)
	at com.kms.katalon.core.main.TestSuiteExecutor.accessTestCaseMainPhase(TestSuiteExecutor.java:202)
	at com.kms.katalon.core.main.TestSuiteExecutor.accessTestSuiteMainPhase(TestSuiteExecutor.java:164)
	at com.kms.katalon.core.main.TestSuiteExecutor.execute(TestSuiteExecutor.java:105)
	at com.kms.katalon.core.main.TestCaseMain.startTestSuite(TestCaseMain.java:185)
	at com.kms.katalon.core.main.TestCaseMain$startTestSuite$0.call(Unknown Source)
	at TempTestSuite1676515943031.run(TempTestSuite1676515943031.groovy:36)
)

2023-02-15 21:58:22 - [MESSAGE][FAILED] - Text 'Transaction approved, no errors' is not present on page  using regular expression (Root cause: com.kms.katalon.core.exception.StepFailedException: Text 'Transaction approved, no errors' is not present on page  using regular expression
	at com.kms.katalon.core.webui.keyword.internal.WebUIKeywordMain.stepFailed(WebUIKeywordMain.groovy:64)
	at com.kms.katalon.core.webui.keyword.builtin.VerifyTextPresentKeyword$_verifyTextPresent_closure1.doCall(VerifyTextPresentKeyword.groovy:79)
	at com.kms.katalon.core.webui.keyword.builtin.VerifyTextPresentKeyword$_verifyTextPresent_closure1.call(VerifyTextPresentKeyword.groovy)
	at com.kms.katalon.core.webui.keyword.internal.WebUIKeywordMain.runKeyword(WebUIKeywordMain.groovy:20)
	at com.kms.katalon.core.webui.keyword.builtin.VerifyTextPresentKeyword.verifyTextPresent(VerifyTextPresentKeyword.groovy:83)
	at com.kms.katalon.core.webui.keyword.builtin.VerifyTextPresentKeyword.execute(VerifyTextPresentKeyword.groovy:68)
	at com.kms.katalon.core.keyword.internal.KeywordExecutor.executeKeywordForPlatform(KeywordExecutor.groovy:74)
	at com.kms.katalon.core.webui.keyword.WebUiBuiltInKeywords.verifyTextPresent(WebUiBuiltInKeywords.groovy:1723)
	at com.kms.katalon.core.webui.keyword.WebUiBuiltInKeywords$verifyTextPresent$4.call(Unknown Source)
	at Sale.run(Sale:155)
	at com.kms.katalon.core.main.ScriptEngine.run(ScriptEngine.java:194)
	at com.kms.katalon.core.main.ScriptEngine.runScriptAsRawText(ScriptEngine.java:119)
	at com.kms.katalon.core.main.TestCaseExecutor.runScript(TestCaseExecutor.java:442)
	at com.kms.katalon.core.main.TestCaseExecutor.doExecute(TestCaseExecutor.java:433)
	at com.kms.katalon.core.main.TestCaseExecutor.processExecutionPhase(TestCaseExecutor.java:412)
	at com.kms.katalon.core.main.TestCaseExecutor.accessMainPhase(TestCaseExecutor.java:404)
	at com.kms.katalon.core.main.TestCaseExecutor.execute(TestCaseExecutor.java:281)
	at com.kms.katalon.core.main.TestSuiteExecutor.accessTestCaseMainPhase(TestSuiteExecutor.java:202)
	at com.kms.katalon.core.main.TestSuiteExecutor.accessTestSuiteMainPhase(TestSuiteExecutor.java:164)
	at com.kms.katalon.core.main.TestSuiteExecutor.execute(TestSuiteExecutor.java:105)
	at com.kms.katalon.core.main.TestCaseMain.startTestSuite(TestCaseMain.java:185)
	at com.kms.katalon.core.main.TestCaseMain$startTestSuite$0.call(Unknown Source)
	at TempTestSuite1676515943031.run(TempTestSuite1676515943031.groovy:36)
)

2023-02-15 21:58:22 - [TEST_STEP][PASSED] - else: pages.WriteExcel.demoKey is PASSED

2023-02-15 21:58:22 - [TEST_STEP][PASSED] - println("Transaction Approved, no errors text is not present on the Confirmation page"): null

2023-02-15 21:58:22 - [TEST_STEP][PASSED] - out.println("Fail Record Number: " + row): null

2023-02-15 21:58:22 - [TEST_STEP][PASSED] - resText = "Fail": null

2023-02-15 21:58:22 - [TEST_STEP][PASSED] - pages.WriteExcel.demoKey(resText, datText, resColumn, datCloumn, fileLoc, nameSheet, row): pages.WriteExcel.demoKey is PASSED

2023-02-15 21:58:22 - [MESSAGE][PASSED] - pages.WriteExcel.demoKey is PASSED

2023-02-15 21:58:22 - [TEST_STEP][PASSED] - ExecuteTC = findTestData(dataFile).getValue("Execute", row): null

2023-02-15 21:58:22 - [TEST_STEP][PASSED] - out.println("Value of Execute is : " + ExecuteTC): null

2023-02-15 21:58:22 - [TEST_STEP][PASSED] - switch (executionProfile): null

2023-02-15 21:58:22 - [TEST_STEP][PASSED] - case "QAProfile":: null

2023-02-15 21:58:22 - [TEST_STEP][PASSED] - appID = findTestData(dataFile).getValue("AppIDQA", row): null

2023-02-15 21:58:22 - [TEST_STEP][PASSED] - username = findTestData(dataFile).getValue("UsernameQA", row): null

2023-02-15 21:58:23 - [TEST_STEP][PASSED] - password = findTestData(dataFile).getValue("PasswordQA", row): null

2023-02-15 21:58:23 - [TEST_STEP][PASSED] - break: null

2023-02-15 21:58:23 - [TEST_STEP][PASSED] - if (ExecuteTC.equalsIgnoreCase("Y")): null

2023-02-15 21:58:23 - [TEST_STEP][PASSED] - out.println("Begin Record Number: " + row): null

2023-02-15 21:58:23 - [TEST_STEP][PASSED] - today = new java.util.Date(): null

2023-02-15 21:58:23 - [TEST_STEP][PASSED] - println(today): null

2023-02-15 21:58:23 - [TEST_STEP][PASSED] - datText = today: null

2023-02-15 21:58:23 - [TEST_STEP][PASSED] - category = findTestData(dataFile).getValue("Category", row): null

2023-02-15 21:58:23 - [TEST_STEP][PASSED] - amount = findTestData(dataFile).getValue("Amount", row): null

2023-02-15 21:58:23 - [TEST_STEP][PASSED] - cardNumber = findTestData(dataFile).getValue("CardNumber", row): null

2023-02-15 21:58:23 - [TEST_STEP][PASSED] - exM = findTestData(dataFile).getValue("ExM", row): null

2023-02-15 21:58:23 - [TEST_STEP][PASSED] - exY = findTestData(dataFile).getValue("ExY", row): null

2023-02-15 21:58:23 - [TEST_STEP][PASSED] - openBrowser(VLinkURL + "authcap.html"): Browser is opened with url: 'https://dev-algorithm.govolution.com/vlinktest/QA/version_2_0/authcap.html'

2023-02-15 21:58:23 - [MESSAGE][WARNING] - A browser is already opened. Closing browser and opening a new one

2023-02-15 21:58:24 - [MESSAGE][INFO] - Starting 'Chrome' driver

2023-02-15 21:58:24 - [MESSAGE][INFO] - User set preference: ['acceptInsecureCerts', 'true']

2023-02-15 21:58:24 - [MESSAGE][INFO] - Action delay is set to 0 milliseconds

2023-02-15 21:58:26 - [MESSAGE][PASSED] - Browser is opened with url: 'https://dev-algorithm.govolution.com/vlinktest/QA/version_2_0/authcap.html'

2023-02-15 21:58:26 - [TEST_STEP][PASSED] - maximizeWindow(): Current window maximized

2023-02-15 21:58:26 - [MESSAGE][PASSED] - Current window maximized

2023-02-15 21:58:26 - [TEST_STEP][PASSED] - maximizeWindow(): Current window maximized

2023-02-15 21:58:26 - [MESSAGE][PASSED] - Current window maximized

2023-02-15 21:58:26 - [TEST_STEP][PASSED] - genRemID = RandomStringUtils.random(12, true, true): null

2023-02-15 21:58:26 - [TEST_STEP][PASSED] - setText(findTestObject("Object Repository/RecAndPlayBk/Page-Vlink-Sale/input_Remittance Id_remittance_id"), genRemID): Text 'HoBisZ24dvhF' is set on object 'Object Repository/RecAndPlayBk/Page-Vlink-Sale/input_Remittance Id_remittance_id'

2023-02-15 21:58:27 - [MESSAGE][PASSED] - Text 'HoBisZ24dvhF' is set on object 'Object Repository/RecAndPlayBk/Page-Vlink-Sale/input_Remittance Id_remittance_id'

2023-02-15 21:58:27 - [TEST_STEP][PASSED] - setText(findTestObject("Object Repository/RecAndPlayBk/Page-Vlink-Sale/input_Application Id_application_id"), appID): Text '87' is set on object 'Object Repository/RecAndPlayBk/Page-Vlink-Sale/input_Application Id_application_id'

2023-02-15 21:58:28 - [MESSAGE][PASSED] - Text '87' is set on object 'Object Repository/RecAndPlayBk/Page-Vlink-Sale/input_Application Id_application_id'

2023-02-15 21:58:28 - [TEST_STEP][PASSED] - setText(findTestObject("Object Repository/RecAndPlayBk/Page-Vlink-Sale/input_Username_username"), username): Text 'username' is set on object 'Object Repository/RecAndPlayBk/Page-Vlink-Sale/input_Username_username'

2023-02-15 21:58:28 - [MESSAGE][PASSED] - Text 'username' is set on object 'Object Repository/RecAndPlayBk/Page-Vlink-Sale/input_Username_username'

2023-02-15 21:58:28 - [TEST_STEP][PASSED] - setText(findTestObject("Object Repository/RecAndPlayBk/Page-Vlink-Sale/input_Password_password"), password): Text 'password' is set on object 'Object Repository/RecAndPlayBk/Page-Vlink-Sale/input_Password_password'

2023-02-15 21:58:29 - [MESSAGE][PASSED] - Text 'password' is set on object 'Object Repository/RecAndPlayBk/Page-Vlink-Sale/input_Password_password'

2023-02-15 21:58:29 - [TEST_STEP][PASSED] - setText(findTestObject("Object Repository/RecAndPlayBk/Page-Vlink-Sale/input_Category_category"), category): Text 'ECOM' is set on object 'Object Repository/RecAndPlayBk/Page-Vlink-Sale/input_Category_category'

2023-02-15 21:58:29 - [MESSAGE][PASSED] - Text 'ECOM' is set on object 'Object Repository/RecAndPlayBk/Page-Vlink-Sale/input_Category_category'

2023-02-15 21:58:29 - [TEST_STEP][PASSED] - setText(findTestObject("Object Repository/RecAndPlayBk/Page-Vlink-Sale/input_Amount_amount"), amount): Text '10.5' is set on object 'Object Repository/RecAndPlayBk/Page-Vlink-Sale/input_Amount_amount'

2023-02-15 21:58:30 - [MESSAGE][PASSED] - Text '10.5' is set on object 'Object Repository/RecAndPlayBk/Page-Vlink-Sale/input_Amount_amount'

2023-02-15 21:58:30 - [TEST_STEP][PASSED] - doubleClick(findTestObject("Object Repository/RecAndPlayBk/Page-Vlink-Sale/input_Card number_card_number")): Object: 'Object Repository/RecAndPlayBk/Page-Vlink-Sale/input_Card number_card_number' is double clicked on

2023-02-15 21:58:31 - [MESSAGE][PASSED] - Object: 'Object Repository/RecAndPlayBk/Page-Vlink-Sale/input_Card number_card_number' is double clicked on

2023-02-15 21:58:31 - [TEST_STEP][PASSED] - setText(findTestObject("Object Repository/RecAndPlayBk/Page-Vlink-Sale/input_Card number_card_number"), cardNumber): Text '4012000098765439' is set on object 'Object Repository/RecAndPlayBk/Page-Vlink-Sale/input_Card number_card_number'

2023-02-15 21:58:31 - [MESSAGE][PASSED] - Text '4012000098765439' is set on object 'Object Repository/RecAndPlayBk/Page-Vlink-Sale/input_Card number_card_number'

2023-02-15 21:58:31 - [TEST_STEP][PASSED] - setText(findTestObject("Object Repository/RecAndPlayBk/Page-Vlink-Sale/input_Card ex month_card_exmo"), exM): Text '12' is set on object 'Object Repository/RecAndPlayBk/Page-Vlink-Sale/input_Card ex month_card_exmo'

2023-02-15 21:58:32 - [MESSAGE][PASSED] - Text '12' is set on object 'Object Repository/RecAndPlayBk/Page-Vlink-Sale/input_Card ex month_card_exmo'

2023-02-15 21:58:32 - [TEST_STEP][PASSED] - setText(findTestObject("Object Repository/RecAndPlayBk/Page-Vlink-Sale/input_Card ex year_card_exyr"), exY): Text '2029' is set on object 'Object Repository/RecAndPlayBk/Page-Vlink-Sale/input_Card ex year_card_exyr'

2023-02-15 21:58:32 - [MESSAGE][PASSED] - Text '2029' is set on object 'Object Repository/RecAndPlayBk/Page-Vlink-Sale/input_Card ex year_card_exyr'

2023-02-15 21:58:32 - [TEST_STEP][PASSED] - click(findTestObject("Object Repository/RecAndPlayBk/Page-Vlink-Sale/input_Track Data_track_data")): Object: 'Object Repository/RecAndPlayBk/Page-Vlink-Sale/input_Track Data_track_data' is clicked on

2023-02-15 21:58:33 - [MESSAGE][PASSED] - Object: 'Object Repository/RecAndPlayBk/Page-Vlink-Sale/input_Track Data_track_data' is clicked on

2023-02-15 21:58:33 - [TEST_STEP][PASSED] - click(findTestObject("Object Repository/RecAndPlayBk/Page-Vlink-Sale/input_CVV state_cvv_state")): Object: 'Object Repository/RecAndPlayBk/Page-Vlink-Sale/input_CVV state_cvv_state' is clicked on

2023-02-15 21:58:33 - [MESSAGE][PASSED] - Object: 'Object Repository/RecAndPlayBk/Page-Vlink-Sale/input_CVV state_cvv_state' is clicked on

2023-02-15 21:58:33 - [TEST_STEP][PASSED] - setText(findTestObject("Object Repository/RecAndPlayBk/Page-Vlink-Sale/input_Track Data_track_data"), ""): Text '' is set on object 'Object Repository/RecAndPlayBk/Page-Vlink-Sale/input_Track Data_track_data'

2023-02-15 21:58:34 - [MESSAGE][PASSED] - Text '' is set on object 'Object Repository/RecAndPlayBk/Page-Vlink-Sale/input_Track Data_track_data'

2023-02-15 21:58:34 - [TEST_STEP][PASSED] - setText(findTestObject("Object Repository/RecAndPlayBk/Page-Vlink-Sale/input_concat(Cardholder, , s email)_email"), ""): Text '' is set on object 'Object Repository/RecAndPlayBk/Page-Vlink-Sale/input_concat(Cardholder, , s email)_email'

2023-02-15 21:58:34 - [MESSAGE][PASSED] - Text '' is set on object 'Object Repository/RecAndPlayBk/Page-Vlink-Sale/input_concat(Cardholder, , s email)_email'

2023-02-15 21:58:34 - [TEST_STEP][PASSED] - click(findTestObject("Object Repository/RecAndPlayBk/Page-Vlink-Sale/input_user_defined10_user_defined10")): Object: 'Object Repository/RecAndPlayBk/Page-Vlink-Sale/input_user_defined10_user_defined10' is clicked on

2023-02-15 21:58:35 - [MESSAGE][PASSED] - Object: 'Object Repository/RecAndPlayBk/Page-Vlink-Sale/input_user_defined10_user_defined10' is clicked on

2023-02-15 21:58:35 - [TEST_STEP][PASSED] - if (executionProfile.equalsIgnoreCase("QAProfile") || executionProfile.equalsIgnoreCase("DemoProfile")): Text '' is set on object 'Object Repository/RecAndPlayBk/Page-Vlink-Sale/input_COF Transaction Initiated by_cof_tran_6cded5'

2023-02-15 21:58:35 - [TEST_STEP][PASSED] - setText(findTestObject("Object Repository/RecAndPlayBk/Page-Vlink-Sale/input_Card on File Indicator_card_on_file_i_157dae"), ""): Text '' is set on object 'Object Repository/RecAndPlayBk/Page-Vlink-Sale/input_Card on File Indicator_card_on_file_i_157dae'

2023-02-15 21:58:35 - [MESSAGE][PASSED] - Text '' is set on object 'Object Repository/RecAndPlayBk/Page-Vlink-Sale/input_Card on File Indicator_card_on_file_i_157dae'

2023-02-15 21:58:35 - [TEST_STEP][PASSED] - setText(findTestObject("Object Repository/RecAndPlayBk/Page-Vlink-Sale/input_Stored Credential Indicator_stored_cr_4ae73c"), ""): Text '' is set on object 'Object Repository/RecAndPlayBk/Page-Vlink-Sale/input_Stored Credential Indicator_stored_cr_4ae73c'

2023-02-15 21:58:36 - [MESSAGE][PASSED] - Text '' is set on object 'Object Repository/RecAndPlayBk/Page-Vlink-Sale/input_Stored Credential Indicator_stored_cr_4ae73c'

2023-02-15 21:58:36 - [TEST_STEP][PASSED] - setText(findTestObject("Object Repository/RecAndPlayBk/Page-Vlink-Sale/input_COF Scheduled indicator_cof_scheduled_8df7d8"), ""): Text '' is set on object 'Object Repository/RecAndPlayBk/Page-Vlink-Sale/input_COF Scheduled indicator_cof_scheduled_8df7d8'

2023-02-15 21:58:37 - [MESSAGE][PASSED] - Text '' is set on object 'Object Repository/RecAndPlayBk/Page-Vlink-Sale/input_COF Scheduled indicator_cof_scheduled_8df7d8'

2023-02-15 21:58:37 - [TEST_STEP][PASSED] - setText(findTestObject("Object Repository/RecAndPlayBk/Page-Vlink-Sale/input_COF Transaction Initiated by_cof_tran_6cded5"), ""): Text '' is set on object 'Object Repository/RecAndPlayBk/Page-Vlink-Sale/input_COF Transaction Initiated by_cof_tran_6cded5'

2023-02-15 21:58:37 - [MESSAGE][PASSED] - Text '' is set on object 'Object Repository/RecAndPlayBk/Page-Vlink-Sale/input_COF Transaction Initiated by_cof_tran_6cded5'

2023-02-15 21:58:37 - [TEST_STEP][PASSED] - click(findTestObject("Object Repository/RecAndPlayBk/Page-Vlink-Sale/input")): Object: 'Object Repository/RecAndPlayBk/Page-Vlink-Sale/input' is clicked on

2023-02-15 21:58:39 - [MESSAGE][PASSED] - Object: 'Object Repository/RecAndPlayBk/Page-Vlink-Sale/input' is clicked on

2023-02-15 21:58:39 - [TEST_STEP][PASSED] - if (verifyTextPresent("Transaction approved, no errors", true)): null

2023-02-15 21:58:39 - [MESSAGE][PASSED] - Text 'Transaction approved, no errors' is present on page  using regular expression

2023-02-15 21:58:39 - [TEST_STEP][PASSED] - println("Transaction Approved, no errors text is present on the Confirmation page"): null

2023-02-15 21:58:39 - [TEST_STEP][PASSED] - out.println("Pass Record Number: " + row): null

2023-02-15 21:58:39 - [TEST_STEP][PASSED] - resText = "Pass": null

2023-02-15 21:58:39 - [TEST_STEP][PASSED] - pages.WriteExcel.demoKey(resText, datText, resColumn, datCloumn, fileLoc, nameSheet, row): pages.WriteExcel.demoKey is PASSED

2023-02-15 21:58:40 - [MESSAGE][PASSED] - pages.WriteExcel.demoKey is PASSED

2023-02-15 21:58:40 - [TEST_STEP][PASSED] - ExecuteTC = findTestData(dataFile).getValue("Execute", row): null

2023-02-15 21:58:40 - [TEST_STEP][PASSED] - out.println("Value of Execute is : " + ExecuteTC): null

2023-02-15 21:58:40 - [TEST_STEP][PASSED] - switch (executionProfile): null

2023-02-15 21:58:40 - [TEST_STEP][PASSED] - case "QAProfile":: null

2023-02-15 21:58:40 - [TEST_STEP][PASSED] - appID = findTestData(dataFile).getValue("AppIDQA", row): null

2023-02-15 21:58:40 - [TEST_STEP][PASSED] - username = findTestData(dataFile).getValue("UsernameQA", row): null

2023-02-15 21:58:40 - [TEST_STEP][PASSED] - password = findTestData(dataFile).getValue("PasswordQA", row): null

2023-02-15 21:58:40 - [TEST_STEP][PASSED] - break: null

2023-02-15 21:58:40 - [TEST_STEP][PASSED] - if (ExecuteTC.equalsIgnoreCase("Y")): null

2023-02-15 21:58:40 - [TEST_STEP][PASSED] - out.println("Begin Record Number: " + row): null

2023-02-15 21:58:40 - [TEST_STEP][PASSED] - today = new java.util.Date(): null

2023-02-15 21:58:40 - [TEST_STEP][PASSED] - println(today): null

2023-02-15 21:58:40 - [TEST_STEP][PASSED] - datText = today: null

2023-02-15 21:58:40 - [TEST_STEP][PASSED] - category = findTestData(dataFile).getValue("Category", row): null

2023-02-15 21:58:40 - [TEST_STEP][PASSED] - amount = findTestData(dataFile).getValue("Amount", row): null

2023-02-15 21:58:40 - [TEST_STEP][PASSED] - cardNumber = findTestData(dataFile).getValue("CardNumber", row): null

2023-02-15 21:58:40 - [TEST_STEP][PASSED] - exM = findTestData(dataFile).getValue("ExM", row): null

2023-02-15 21:58:40 - [TEST_STEP][PASSED] - exY = findTestData(dataFile).getValue("ExY", row): null

2023-02-15 21:58:40 - [TEST_STEP][PASSED] - openBrowser(VLinkURL + "authcap.html"): Browser is opened with url: 'https://dev-algorithm.govolution.com/vlinktest/QA/version_2_0/authcap.html'

2023-02-15 21:58:40 - [MESSAGE][WARNING] - A browser is already opened. Closing browser and opening a new one

2023-02-15 21:58:41 - [MESSAGE][INFO] - Starting 'Chrome' driver

2023-02-15 21:58:41 - [MESSAGE][INFO] - User set preference: ['acceptInsecureCerts', 'true']

2023-02-15 21:58:41 - [MESSAGE][INFO] - Action delay is set to 0 milliseconds

2023-02-15 21:58:43 - [MESSAGE][PASSED] - Browser is opened with url: 'https://dev-algorithm.govolution.com/vlinktest/QA/version_2_0/authcap.html'

2023-02-15 21:58:43 - [TEST_STEP][PASSED] - maximizeWindow(): Current window maximized

2023-02-15 21:58:43 - [MESSAGE][PASSED] - Current window maximized

2023-02-15 21:58:43 - [TEST_STEP][PASSED] - maximizeWindow(): Current window maximized

2023-02-15 21:58:43 - [MESSAGE][PASSED] - Current window maximized

2023-02-15 21:58:43 - [TEST_STEP][PASSED] - genRemID = RandomStringUtils.random(12, true, true): null

2023-02-15 21:58:43 - [TEST_STEP][PASSED] - setText(findTestObject("Object Repository/RecAndPlayBk/Page-Vlink-Sale/input_Remittance Id_remittance_id"), genRemID): Text 'G3eWGv3luubv' is set on object 'Object Repository/RecAndPlayBk/Page-Vlink-Sale/input_Remittance Id_remittance_id'

2023-02-15 21:58:44 - [MESSAGE][PASSED] - Text 'G3eWGv3luubv' is set on object 'Object Repository/RecAndPlayBk/Page-Vlink-Sale/input_Remittance Id_remittance_id'

2023-02-15 21:58:44 - [TEST_STEP][PASSED] - setText(findTestObject("Object Repository/RecAndPlayBk/Page-Vlink-Sale/input_Application Id_application_id"), appID): Text '581' is set on object 'Object Repository/RecAndPlayBk/Page-Vlink-Sale/input_Application Id_application_id'

2023-02-15 21:58:45 - [MESSAGE][PASSED] - Text '581' is set on object 'Object Repository/RecAndPlayBk/Page-Vlink-Sale/input_Application Id_application_id'

2023-02-15 21:58:45 - [TEST_STEP][PASSED] - setText(findTestObject("Object Repository/RecAndPlayBk/Page-Vlink-Sale/input_Username_username"), username): Text 'usr581' is set on object 'Object Repository/RecAndPlayBk/Page-Vlink-Sale/input_Username_username'

2023-02-15 21:58:45 - [MESSAGE][PASSED] - Text 'usr581' is set on object 'Object Repository/RecAndPlayBk/Page-Vlink-Sale/input_Username_username'

2023-02-15 21:58:45 - [TEST_STEP][PASSED] - setText(findTestObject("Object Repository/RecAndPlayBk/Page-Vlink-Sale/input_Password_password"), password): Text 'pwd581' is set on object 'Object Repository/RecAndPlayBk/Page-Vlink-Sale/input_Password_password'

2023-02-15 21:58:46 - [MESSAGE][PASSED] - Text 'pwd581' is set on object 'Object Repository/RecAndPlayBk/Page-Vlink-Sale/input_Password_password'

2023-02-15 21:58:46 - [TEST_STEP][PASSED] - setText(findTestObject("Object Repository/RecAndPlayBk/Page-Vlink-Sale/input_Category_category"), category): Text 'ECOM' is set on object 'Object Repository/RecAndPlayBk/Page-Vlink-Sale/input_Category_category'

2023-02-15 21:58:47 - [MESSAGE][PASSED] - Text 'ECOM' is set on object 'Object Repository/RecAndPlayBk/Page-Vlink-Sale/input_Category_category'

2023-02-15 21:58:47 - [TEST_STEP][PASSED] - setText(findTestObject("Object Repository/RecAndPlayBk/Page-Vlink-Sale/input_Amount_amount"), amount): Text '10.5' is set on object 'Object Repository/RecAndPlayBk/Page-Vlink-Sale/input_Amount_amount'

2023-02-15 21:58:47 - [MESSAGE][PASSED] - Text '10.5' is set on object 'Object Repository/RecAndPlayBk/Page-Vlink-Sale/input_Amount_amount'

2023-02-15 21:58:47 - [TEST_STEP][PASSED] - doubleClick(findTestObject("Object Repository/RecAndPlayBk/Page-Vlink-Sale/input_Card number_card_number")): Object: 'Object Repository/RecAndPlayBk/Page-Vlink-Sale/input_Card number_card_number' is double clicked on

2023-02-15 21:58:48 - [MESSAGE][PASSED] - Object: 'Object Repository/RecAndPlayBk/Page-Vlink-Sale/input_Card number_card_number' is double clicked on

2023-02-15 21:58:48 - [TEST_STEP][PASSED] - setText(findTestObject("Object Repository/RecAndPlayBk/Page-Vlink-Sale/input_Card number_card_number"), cardNumber): Text '5146312200000035' is set on object 'Object Repository/RecAndPlayBk/Page-Vlink-Sale/input_Card number_card_number'

2023-02-15 21:58:48 - [MESSAGE][PASSED] - Text '5146312200000035' is set on object 'Object Repository/RecAndPlayBk/Page-Vlink-Sale/input_Card number_card_number'

2023-02-15 21:58:48 - [TEST_STEP][PASSED] - setText(findTestObject("Object Repository/RecAndPlayBk/Page-Vlink-Sale/input_Card ex month_card_exmo"), exM): Text '12' is set on object 'Object Repository/RecAndPlayBk/Page-Vlink-Sale/input_Card ex month_card_exmo'

2023-02-15 21:58:49 - [MESSAGE][PASSED] - Text '12' is set on object 'Object Repository/RecAndPlayBk/Page-Vlink-Sale/input_Card ex month_card_exmo'

2023-02-15 21:58:49 - [TEST_STEP][PASSED] - setText(findTestObject("Object Repository/RecAndPlayBk/Page-Vlink-Sale/input_Card ex year_card_exyr"), exY): Text '2029' is set on object 'Object Repository/RecAndPlayBk/Page-Vlink-Sale/input_Card ex year_card_exyr'

2023-02-15 21:58:49 - [MESSAGE][PASSED] - Text '2029' is set on object 'Object Repository/RecAndPlayBk/Page-Vlink-Sale/input_Card ex year_card_exyr'

2023-02-15 21:58:49 - [TEST_STEP][PASSED] - click(findTestObject("Object Repository/RecAndPlayBk/Page-Vlink-Sale/input_Track Data_track_data")): Object: 'Object Repository/RecAndPlayBk/Page-Vlink-Sale/input_Track Data_track_data' is clicked on

2023-02-15 21:58:50 - [MESSAGE][PASSED] - Object: 'Object Repository/RecAndPlayBk/Page-Vlink-Sale/input_Track Data_track_data' is clicked on

2023-02-15 21:58:50 - [TEST_STEP][PASSED] - click(findTestObject("Object Repository/RecAndPlayBk/Page-Vlink-Sale/input_CVV state_cvv_state")): Object: 'Object Repository/RecAndPlayBk/Page-Vlink-Sale/input_CVV state_cvv_state' is clicked on

2023-02-15 21:58:50 - [MESSAGE][PASSED] - Object: 'Object Repository/RecAndPlayBk/Page-Vlink-Sale/input_CVV state_cvv_state' is clicked on

2023-02-15 21:58:50 - [TEST_STEP][PASSED] - setText(findTestObject("Object Repository/RecAndPlayBk/Page-Vlink-Sale/input_Track Data_track_data"), ""): Text '' is set on object 'Object Repository/RecAndPlayBk/Page-Vlink-Sale/input_Track Data_track_data'

2023-02-15 21:58:51 - [MESSAGE][PASSED] - Text '' is set on object 'Object Repository/RecAndPlayBk/Page-Vlink-Sale/input_Track Data_track_data'

2023-02-15 21:58:51 - [TEST_STEP][PASSED] - setText(findTestObject("Object Repository/RecAndPlayBk/Page-Vlink-Sale/input_concat(Cardholder, , s email)_email"), ""): Text '' is set on object 'Object Repository/RecAndPlayBk/Page-Vlink-Sale/input_concat(Cardholder, , s email)_email'

2023-02-15 21:58:51 - [MESSAGE][PASSED] - Text '' is set on object 'Object Repository/RecAndPlayBk/Page-Vlink-Sale/input_concat(Cardholder, , s email)_email'

2023-02-15 21:58:51 - [TEST_STEP][PASSED] - click(findTestObject("Object Repository/RecAndPlayBk/Page-Vlink-Sale/input_user_defined10_user_defined10")): Object: 'Object Repository/RecAndPlayBk/Page-Vlink-Sale/input_user_defined10_user_defined10' is clicked on

2023-02-15 21:58:52 - [MESSAGE][PASSED] - Object: 'Object Repository/RecAndPlayBk/Page-Vlink-Sale/input_user_defined10_user_defined10' is clicked on

2023-02-15 21:58:52 - [TEST_STEP][PASSED] - if (executionProfile.equalsIgnoreCase("QAProfile") || executionProfile.equalsIgnoreCase("DemoProfile")): Text '' is set on object 'Object Repository/RecAndPlayBk/Page-Vlink-Sale/input_COF Transaction Initiated by_cof_tran_6cded5'

2023-02-15 21:58:52 - [TEST_STEP][PASSED] - setText(findTestObject("Object Repository/RecAndPlayBk/Page-Vlink-Sale/input_Card on File Indicator_card_on_file_i_157dae"), ""): Text '' is set on object 'Object Repository/RecAndPlayBk/Page-Vlink-Sale/input_Card on File Indicator_card_on_file_i_157dae'

2023-02-15 21:58:52 - [MESSAGE][PASSED] - Text '' is set on object 'Object Repository/RecAndPlayBk/Page-Vlink-Sale/input_Card on File Indicator_card_on_file_i_157dae'

2023-02-15 21:58:52 - [TEST_STEP][PASSED] - setText(findTestObject("Object Repository/RecAndPlayBk/Page-Vlink-Sale/input_Stored Credential Indicator_stored_cr_4ae73c"), ""): Text '' is set on object 'Object Repository/RecAndPlayBk/Page-Vlink-Sale/input_Stored Credential Indicator_stored_cr_4ae73c'

2023-02-15 21:58:53 - [MESSAGE][PASSED] - Text '' is set on object 'Object Repository/RecAndPlayBk/Page-Vlink-Sale/input_Stored Credential Indicator_stored_cr_4ae73c'

2023-02-15 21:58:53 - [TEST_STEP][PASSED] - setText(findTestObject("Object Repository/RecAndPlayBk/Page-Vlink-Sale/input_COF Scheduled indicator_cof_scheduled_8df7d8"), ""): Text '' is set on object 'Object Repository/RecAndPlayBk/Page-Vlink-Sale/input_COF Scheduled indicator_cof_scheduled_8df7d8'

2023-02-15 21:58:54 - [MESSAGE][PASSED] - Text '' is set on object 'Object Repository/RecAndPlayBk/Page-Vlink-Sale/input_COF Scheduled indicator_cof_scheduled_8df7d8'

2023-02-15 21:58:54 - [TEST_STEP][PASSED] - setText(findTestObject("Object Repository/RecAndPlayBk/Page-Vlink-Sale/input_COF Transaction Initiated by_cof_tran_6cded5"), ""): Text '' is set on object 'Object Repository/RecAndPlayBk/Page-Vlink-Sale/input_COF Transaction Initiated by_cof_tran_6cded5'

2023-02-15 21:58:54 - [MESSAGE][PASSED] - Text '' is set on object 'Object Repository/RecAndPlayBk/Page-Vlink-Sale/input_COF Transaction Initiated by_cof_tran_6cded5'

2023-02-15 21:58:54 - [TEST_STEP][PASSED] - click(findTestObject("Object Repository/RecAndPlayBk/Page-Vlink-Sale/input")): Object: 'Object Repository/RecAndPlayBk/Page-Vlink-Sale/input' is clicked on

2023-02-15 21:58:55 - [MESSAGE][PASSED] - Object: 'Object Repository/RecAndPlayBk/Page-Vlink-Sale/input' is clicked on

2023-02-15 21:58:55 - [TEST_STEP][PASSED] - if (verifyTextPresent("Transaction approved, no errors", true)): null

2023-02-15 21:58:56 - [MESSAGE][PASSED] - Text 'Transaction approved, no errors' is present on page  using regular expression

2023-02-15 21:58:56 - [TEST_STEP][PASSED] - println("Transaction Approved, no errors text is present on the Confirmation page"): null

2023-02-15 21:58:56 - [TEST_STEP][PASSED] - out.println("Pass Record Number: " + row): null

2023-02-15 21:58:56 - [TEST_STEP][PASSED] - resText = "Pass": null

2023-02-15 21:58:56 - [TEST_STEP][PASSED] - pages.WriteExcel.demoKey(resText, datText, resColumn, datCloumn, fileLoc, nameSheet, row): pages.WriteExcel.demoKey is PASSED

2023-02-15 21:58:56 - [MESSAGE][PASSED] - pages.WriteExcel.demoKey is PASSED]]></system-out>
         <system-err><![CDATA[2023-02-15 21:57:30 - [TEST_CASE][FAILED] - Test Cases/RecAndPlayBk/VLink/Sale: Test Cases/RecAndPlayBk/VLink/Sale FAILED.
Reason:
com.kms.katalon.core.exception.StepFailedException: Text 'Transaction approved, no errors' is not present on page  using regular expression (Root cause: com.kms.katalon.core.exception.StepFailedException: Text 'Transaction approved, no errors' is not present on page  using regular expression
	at com.kms.katalon.core.webui.keyword.internal.WebUIKeywordMain.stepFailed(WebUIKeywordMain.groovy:64)
	at com.kms.katalon.core.webui.keyword.builtin.VerifyTextPresentKeyword$_verifyTextPresent_closure1.doCall(VerifyTextPresentKeyword.groovy:79)
	at com.kms.katalon.core.webui.keyword.builtin.VerifyTextPresentKeyword$_verifyTextPresent_closure1.call(VerifyTextPresentKeyword.groovy)
	at com.kms.katalon.core.webui.keyword.internal.WebUIKeywordMain.runKeyword(WebUIKeywordMain.groovy:20)
	at com.kms.katalon.core.webui.keyword.builtin.VerifyTextPresentKeyword.verifyTextPresent(VerifyTextPresentKeyword.groovy:83)
	at com.kms.katalon.core.webui.keyword.builtin.VerifyTextPresentKeyword.execute(VerifyTextPresentKeyword.groovy:68)
	at com.kms.katalon.core.keyword.internal.KeywordExecutor.executeKeywordForPlatform(KeywordExecutor.groovy:74)
	at com.kms.katalon.core.webui.keyword.WebUiBuiltInKeywords.verifyTextPresent(WebUiBuiltInKeywords.groovy:1723)
	at com.kms.katalon.core.webui.keyword.WebUiBuiltInKeywords$verifyTextPresent$4.call(Unknown Source)
	at Sale.run(Sale:155)
	at com.kms.katalon.core.main.ScriptEngine.run(ScriptEngine.java:194)
	at com.kms.katalon.core.main.ScriptEngine.runScriptAsRawText(ScriptEngine.java:119)
	at com.kms.katalon.core.main.TestCaseExecutor.runScript(TestCaseExecutor.java:442)
	at com.kms.katalon.core.main.TestCaseExecutor.doExecute(TestCaseExecutor.java:433)
	at com.kms.katalon.core.main.TestCaseExecutor.processExecutionPhase(TestCaseExecutor.java:412)
	at com.kms.katalon.core.main.TestCaseExecutor.accessMainPhase(TestCaseExecutor.java:404)
	at com.kms.katalon.core.main.TestCaseExecutor.execute(TestCaseExecutor.java:281)
	at com.kms.katalon.core.main.TestSuiteExecutor.accessTestCaseMainPhase(TestSuiteExecutor.java:202)
	at com.kms.katalon.core.main.TestSuiteExecutor.accessTestSuiteMainPhase(TestSuiteExecutor.java:164)
	at com.kms.katalon.core.main.TestSuiteExecutor.execute(TestSuiteExecutor.java:105)
	at com.kms.katalon.core.main.TestCaseMain.startTestSuite(TestCaseMain.java:185)
	at com.kms.katalon.core.main.TestCaseMain$startTestSuite$0.call(Unknown Source)
	at TempTestSuite1676515943031.run(TempTestSuite1676515943031.groovy:36)
)
	at com.kms.katalon.core.keyword.internal.KeywordMain.stepFailed(KeywordMain.groovy:39)
	at com.kms.katalon.core.webui.keyword.internal.WebUIKeywordMain.stepFailed(WebUIKeywordMain.groovy:64)
	at com.kms.katalon.core.webui.keyword.builtin.VerifyTextPresentKeyword$_verifyTextPresent_closure1.doCall(VerifyTextPresentKeyword.groovy:79)
	at com.kms.katalon.core.webui.keyword.builtin.VerifyTextPresentKeyword$_verifyTextPresent_closure1.call(VerifyTextPresentKeyword.groovy)
	at com.kms.katalon.core.webui.keyword.internal.WebUIKeywordMain.runKeyword(WebUIKeywordMain.groovy:20)
	at com.kms.katalon.core.webui.keyword.builtin.VerifyTextPresentKeyword.verifyTextPresent(VerifyTextPresentKeyword.groovy:83)
	at com.kms.katalon.core.webui.keyword.builtin.VerifyTextPresentKeyword.execute(VerifyTextPresentKeyword.groovy:68)
	at com.kms.katalon.core.keyword.internal.KeywordExecutor.executeKeywordForPlatform(KeywordExecutor.groovy:74)
	at com.kms.katalon.core.webui.keyword.WebUiBuiltInKeywords.verifyTextPresent(WebUiBuiltInKeywords.groovy:1723)
	at com.kms.katalon.core.webui.keyword.WebUiBuiltInKeywords$verifyTextPresent$4.call(Unknown Source)
	at Sale.run(Sale:155)
	at com.kms.katalon.core.main.ScriptEngine.run(ScriptEngine.java:194)
	at com.kms.katalon.core.main.ScriptEngine.runScriptAsRawText(ScriptEngine.java:119)
	at com.kms.katalon.core.main.TestCaseExecutor.runScript(TestCaseExecutor.java:442)
	at com.kms.katalon.core.main.TestCaseExecutor.doExecute(TestCaseExecutor.java:433)
	at com.kms.katalon.core.main.TestCaseExecutor.processExecutionPhase(TestCaseExecutor.java:412)
	at com.kms.katalon.core.main.TestCaseExecutor.accessMainPhase(TestCaseExecutor.java:404)
	at com.kms.katalon.core.main.TestCaseExecutor.execute(TestCaseExecutor.java:281)
	at com.kms.katalon.core.main.TestSuiteExecutor.accessTestCaseMainPhase(TestSuiteExecutor.java:202)
	at com.kms.katalon.core.main.TestSuiteExecutor.accessTestSuiteMainPhase(TestSuiteExecutor.java:164)
	at com.kms.katalon.core.main.TestSuiteExecutor.execute(TestSuiteExecutor.java:105)
	at com.kms.katalon.core.main.TestCaseMain.startTestSuite(TestCaseMain.java:185)
	at com.kms.katalon.core.main.TestCaseMain$startTestSuite$0.call(Unknown Source)
	at TempTestSuite1676515943031.run(TempTestSuite1676515943031.groovy:36)
Caused by: com.kms.katalon.core.exception.StepFailedException: Text 'Transaction approved, no errors' is not present on page  using regular expression
	... 23 more]]></system-err>
      </testcase>
      <testcase name="Test Cases/RecAndPlayBk/VLink/Sale-Void" time="122.21" classname="Test Cases/RecAndPlayBk/VLink/Sale-Void" status="FAILED">
         <failure type="FAILED" message="Test Cases/RecAndPlayBk/VLink/Sale-Void FAILED.
Reason:
com.kms.katalon.core.exception.StepFailedException: Text 'Transaction approved, no errors' is not present on page  using regular expression (Root cause: com.kms.katalon.core.exception.StepFailedException: Text 'Transaction approved, no errors' is not present on page  using regular expression
	at com.kms.katalon.core.webui.keyword.internal.WebUIKeywordMain.stepFailed(WebUIKeywordMain.groovy:64)
	at com.kms.katalon.core.webui.keyword.builtin.VerifyTextPresentKeyword$_verifyTextPresent_closure1.doCall(VerifyTextPresentKeyword.groovy:79)
	at com.kms.katalon.core.webui.keyword.builtin.VerifyTextPresentKeyword$_verifyTextPresent_closure1.call(VerifyTextPresentKeyword.groovy)
	at com.kms.katalon.core.webui.keyword.internal.WebUIKeywordMain.runKeyword(WebUIKeywordMain.groovy:20)
	at com.kms.katalon.core.webui.keyword.builtin.VerifyTextPresentKeyword.verifyTextPresent(VerifyTextPresentKeyword.groovy:83)
	at com.kms.katalon.core.webui.keyword.builtin.VerifyTextPresentKeyword.execute(VerifyTextPresentKeyword.groovy:68)
	at com.kms.katalon.core.keyword.internal.KeywordExecutor.executeKeywordForPlatform(KeywordExecutor.groovy:74)
	at com.kms.katalon.core.webui.keyword.WebUiBuiltInKeywords.verifyTextPresent(WebUiBuiltInKeywords.groovy:1723)
	at com.kms.katalon.core.webui.keyword.WebUiBuiltInKeywords$verifyTextPresent$4.call(Unknown Source)
	at Sale-Void.run(Sale-Void:155)
	at com.kms.katalon.core.main.ScriptEngine.run(ScriptEngine.java:194)
	at com.kms.katalon.core.main.ScriptEngine.runScriptAsRawText(ScriptEngine.java:119)
	at com.kms.katalon.core.main.TestCaseExecutor.runScript(TestCaseExecutor.java:442)
	at com.kms.katalon.core.main.TestCaseExecutor.doExecute(TestCaseExecutor.java:433)
	at com.kms.katalon.core.main.TestCaseExecutor.processExecutionPhase(TestCaseExecutor.java:412)
	at com.kms.katalon.core.main.TestCaseExecutor.accessMainPhase(TestCaseExecutor.java:404)
	at com.kms.katalon.core.main.TestCaseExecutor.execute(TestCaseExecutor.java:281)
	at com.kms.katalon.core.main.TestSuiteExecutor.accessTestCaseMainPhase(TestSuiteExecutor.java:202)
	at com.kms.katalon.core.main.TestSuiteExecutor.accessTestSuiteMainPhase(TestSuiteExecutor.java:164)
	at com.kms.katalon.core.main.TestSuiteExecutor.execute(TestSuiteExecutor.java:105)
	at com.kms.katalon.core.main.TestCaseMain.startTestSuite(TestCaseMain.java:185)
	at com.kms.katalon.core.main.TestCaseMain$startTestSuite$0.call(Unknown Source)
	at TempTestSuite1676515943031.run(TempTestSuite1676515943031.groovy:36)
)
	at com.kms.katalon.core.keyword.internal.KeywordMain.stepFailed(KeywordMain.groovy:39)
	at com.kms.katalon.core.webui.keyword.internal.WebUIKeywordMain.stepFailed(WebUIKeywordMain.groovy:64)
	at com.kms.katalon.core.webui.keyword.builtin.VerifyTextPresentKeyword$_verifyTextPresent_closure1.doCall(VerifyTextPresentKeyword.groovy:79)
	at com.kms.katalon.core.webui.keyword.builtin.VerifyTextPresentKeyword$_verifyTextPresent_closure1.call(VerifyTextPresentKeyword.groovy)
	at com.kms.katalon.core.webui.keyword.internal.WebUIKeywordMain.runKeyword(WebUIKeywordMain.groovy:20)
	at com.kms.katalon.core.webui.keyword.builtin.VerifyTextPresentKeyword.verifyTextPresent(VerifyTextPresentKeyword.groovy:83)
	at com.kms.katalon.core.webui.keyword.builtin.VerifyTextPresentKeyword.execute(VerifyTextPresentKeyword.groovy:68)
	at com.kms.katalon.core.keyword.internal.KeywordExecutor.executeKeywordForPlatform(KeywordExecutor.groovy:74)
	at com.kms.katalon.core.webui.keyword.WebUiBuiltInKeywords.verifyTextPresent(WebUiBuiltInKeywords.groovy:1723)
	at com.kms.katalon.core.webui.keyword.WebUiBuiltInKeywords$verifyTextPresent$4.call(Unknown Source)
	at Sale-Void.run(Sale-Void:155)
	at com.kms.katalon.core.main.ScriptEngine.run(ScriptEngine.java:194)
	at com.kms.katalon.core.main.ScriptEngine.runScriptAsRawText(ScriptEngine.java:119)
	at com.kms.katalon.core.main.TestCaseExecutor.runScript(TestCaseExecutor.java:442)
	at com.kms.katalon.core.main.TestCaseExecutor.doExecute(TestCaseExecutor.java:433)
	at com.kms.katalon.core.main.TestCaseExecutor.processExecutionPhase(TestCaseExecutor.java:412)
	at com.kms.katalon.core.main.TestCaseExecutor.accessMainPhase(TestCaseExecutor.java:404)
	at com.kms.katalon.core.main.TestCaseExecutor.execute(TestCaseExecutor.java:281)
	at com.kms.katalon.core.main.TestSuiteExecutor.accessTestCaseMainPhase(TestSuiteExecutor.java:202)
	at com.kms.katalon.core.main.TestSuiteExecutor.accessTestSuiteMainPhase(TestSuiteExecutor.java:164)
	at com.kms.katalon.core.main.TestSuiteExecutor.execute(TestSuiteExecutor.java:105)
	at com.kms.katalon.core.main.TestCaseMain.startTestSuite(TestCaseMain.java:185)
	at com.kms.katalon.core.main.TestCaseMain$startTestSuite$0.call(Unknown Source)
	at TempTestSuite1676515943031.run(TempTestSuite1676515943031.groovy:36)
Caused by: com.kms.katalon.core.exception.StepFailedException: Text 'Transaction approved, no errors' is not present on page  using regular expression
	... 23 more
"/>
         <system-out><![CDATA[2023-02-15 21:58:56 - [TEST_CASE][FAILED] - Test Cases/RecAndPlayBk/VLink/Sale-Void: Test Cases/RecAndPlayBk/VLink/Sale-Void FAILED.
Reason:
com.kms.katalon.core.exception.StepFailedException: Text 'Transaction approved, no errors' is not present on page  using regular expression (Root cause: com.kms.katalon.core.exception.StepFailedException: Text 'Transaction approved, no errors' is not present on page  using regular expression
	at com.kms.katalon.core.webui.keyword.internal.WebUIKeywordMain.stepFailed(WebUIKeywordMain.groovy:64)
	at com.kms.katalon.core.webui.keyword.builtin.VerifyTextPresentKeyword$_verifyTextPresent_closure1.doCall(VerifyTextPresentKeyword.groovy:79)
	at com.kms.katalon.core.webui.keyword.builtin.VerifyTextPresentKeyword$_verifyTextPresent_closure1.call(VerifyTextPresentKeyword.groovy)
	at com.kms.katalon.core.webui.keyword.internal.WebUIKeywordMain.runKeyword(WebUIKeywordMain.groovy:20)
	at com.kms.katalon.core.webui.keyword.builtin.VerifyTextPresentKeyword.verifyTextPresent(VerifyTextPresentKeyword.groovy:83)
	at com.kms.katalon.core.webui.keyword.builtin.VerifyTextPresentKeyword.execute(VerifyTextPresentKeyword.groovy:68)
	at com.kms.katalon.core.keyword.internal.KeywordExecutor.executeKeywordForPlatform(KeywordExecutor.groovy:74)
	at com.kms.katalon.core.webui.keyword.WebUiBuiltInKeywords.verifyTextPresent(WebUiBuiltInKeywords.groovy:1723)
	at com.kms.katalon.core.webui.keyword.WebUiBuiltInKeywords$verifyTextPresent$4.call(Unknown Source)
	at Sale-Void.run(Sale-Void:155)
	at com.kms.katalon.core.main.ScriptEngine.run(ScriptEngine.java:194)
	at com.kms.katalon.core.main.ScriptEngine.runScriptAsRawText(ScriptEngine.java:119)
	at com.kms.katalon.core.main.TestCaseExecutor.runScript(TestCaseExecutor.java:442)
	at com.kms.katalon.core.main.TestCaseExecutor.doExecute(TestCaseExecutor.java:433)
	at com.kms.katalon.core.main.TestCaseExecutor.processExecutionPhase(TestCaseExecutor.java:412)
	at com.kms.katalon.core.main.TestCaseExecutor.accessMainPhase(TestCaseExecutor.java:404)
	at com.kms.katalon.core.main.TestCaseExecutor.execute(TestCaseExecutor.java:281)
	at com.kms.katalon.core.main.TestSuiteExecutor.accessTestCaseMainPhase(TestSuiteExecutor.java:202)
	at com.kms.katalon.core.main.TestSuiteExecutor.accessTestSuiteMainPhase(TestSuiteExecutor.java:164)
	at com.kms.katalon.core.main.TestSuiteExecutor.execute(TestSuiteExecutor.java:105)
	at com.kms.katalon.core.main.TestCaseMain.startTestSuite(TestCaseMain.java:185)
	at com.kms.katalon.core.main.TestCaseMain$startTestSuite$0.call(Unknown Source)
	at TempTestSuite1676515943031.run(TempTestSuite1676515943031.groovy:36)
)
	at com.kms.katalon.core.keyword.internal.KeywordMain.stepFailed(KeywordMain.groovy:39)
	at com.kms.katalon.core.webui.keyword.internal.WebUIKeywordMain.stepFailed(WebUIKeywordMain.groovy:64)
	at com.kms.katalon.core.webui.keyword.builtin.VerifyTextPresentKeyword$_verifyTextPresent_closure1.doCall(VerifyTextPresentKeyword.groovy:79)
	at com.kms.katalon.core.webui.keyword.builtin.VerifyTextPresentKeyword$_verifyTextPresent_closure1.call(VerifyTextPresentKeyword.groovy)
	at com.kms.katalon.core.webui.keyword.internal.WebUIKeywordMain.runKeyword(WebUIKeywordMain.groovy:20)
	at com.kms.katalon.core.webui.keyword.builtin.VerifyTextPresentKeyword.verifyTextPresent(VerifyTextPresentKeyword.groovy:83)
	at com.kms.katalon.core.webui.keyword.builtin.VerifyTextPresentKeyword.execute(VerifyTextPresentKeyword.groovy:68)
	at com.kms.katalon.core.keyword.internal.KeywordExecutor.executeKeywordForPlatform(KeywordExecutor.groovy:74)
	at com.kms.katalon.core.webui.keyword.WebUiBuiltInKeywords.verifyTextPresent(WebUiBuiltInKeywords.groovy:1723)
	at com.kms.katalon.core.webui.keyword.WebUiBuiltInKeywords$verifyTextPresent$4.call(Unknown Source)
	at Sale-Void.run(Sale-Void:155)
	at com.kms.katalon.core.main.ScriptEngine.run(ScriptEngine.java:194)
	at com.kms.katalon.core.main.ScriptEngine.runScriptAsRawText(ScriptEngine.java:119)
	at com.kms.katalon.core.main.TestCaseExecutor.runScript(TestCaseExecutor.java:442)
	at com.kms.katalon.core.main.TestCaseExecutor.doExecute(TestCaseExecutor.java:433)
	at com.kms.katalon.core.main.TestCaseExecutor.processExecutionPhase(TestCaseExecutor.java:412)
	at com.kms.katalon.core.main.TestCaseExecutor.accessMainPhase(TestCaseExecutor.java:404)
	at com.kms.katalon.core.main.TestCaseExecutor.execute(TestCaseExecutor.java:281)
	at com.kms.katalon.core.main.TestSuiteExecutor.accessTestCaseMainPhase(TestSuiteExecutor.java:202)
	at com.kms.katalon.core.main.TestSuiteExecutor.accessTestSuiteMainPhase(TestSuiteExecutor.java:164)
	at com.kms.katalon.core.main.TestSuiteExecutor.execute(TestSuiteExecutor.java:105)
	at com.kms.katalon.core.main.TestCaseMain.startTestSuite(TestCaseMain.java:185)
	at com.kms.katalon.core.main.TestCaseMain$startTestSuite$0.call(Unknown Source)
	at TempTestSuite1676515943031.run(TempTestSuite1676515943031.groovy:36)
Caused by: com.kms.katalon.core.exception.StepFailedException: Text 'Transaction approved, no errors' is not present on page  using regular expression
	... 23 more


2023-02-15 21:58:57 - [TEST_STEP][PASSED] - executionProfile = getExecutionProfile(): null

2023-02-15 21:58:57 - [TEST_STEP][PASSED] - out.println("executionProfile : " + executionProfile): null

2023-02-15 21:58:57 - [TEST_STEP][PASSED] - appName = <not implemented yet for class: org.codehaus.groovy.ast.expr.EmptyExpression>: null

2023-02-15 21:58:57 - [TEST_STEP][PASSED] - appID = <not implemented yet for class: org.codehaus.groovy.ast.expr.EmptyExpression>: null

2023-02-15 21:58:57 - [TEST_STEP][PASSED] - username = <not implemented yet for class: org.codehaus.groovy.ast.expr.EmptyExpression>: null

2023-02-15 21:58:57 - [TEST_STEP][PASSED] - password = <not implemented yet for class: org.codehaus.groovy.ast.expr.EmptyExpression>: null

2023-02-15 21:58:57 - [TEST_STEP][PASSED] - cardNameV = <not implemented yet for class: org.codehaus.groovy.ast.expr.EmptyExpression>: null

2023-02-15 21:58:57 - [TEST_STEP][PASSED] - al1V = <not implemented yet for class: org.codehaus.groovy.ast.expr.EmptyExpression>: null

2023-02-15 21:58:57 - [TEST_STEP][PASSED] - al2V = <not implemented yet for class: org.codehaus.groovy.ast.expr.EmptyExpression>: null

2023-02-15 21:58:57 - [TEST_STEP][PASSED] - zipV = <not implemented yet for class: org.codehaus.groovy.ast.expr.EmptyExpression>: null

2023-02-15 21:58:57 - [TEST_STEP][PASSED] - cardTypeV = <not implemented yet for class: org.codehaus.groovy.ast.expr.EmptyExpression>: null

2023-02-15 21:58:57 - [TEST_STEP][PASSED] - last4V = <not implemented yet for class: org.codehaus.groovy.ast.expr.EmptyExpression>: null

2023-02-15 21:58:57 - [TEST_STEP][PASSED] - resText = "Fail": null

2023-02-15 21:58:57 - [TEST_STEP][PASSED] - resColumn = "Result": null

2023-02-15 21:58:57 - [TEST_STEP][PASSED] - datCloumn = "Date": null

2023-02-15 21:58:57 - [TEST_STEP][PASSED] - fileLoc = "KatalonData/VLinkSmokeData.xlsx": null

2023-02-15 21:58:57 - [TEST_STEP][PASSED] - numOfRows = <not implemented yet for class: org.codehaus.groovy.ast.expr.EmptyExpression>: null

2023-02-15 21:58:57 - [TEST_STEP][PASSED] - dataFile = <not implemented yet for class: org.codehaus.groovy.ast.expr.EmptyExpression>: null

2023-02-15 21:58:57 - [TEST_STEP][PASSED] - nameSheet = <not implemented yet for class: org.codehaus.groovy.ast.expr.EmptyExpression>: null

2023-02-15 21:58:57 - [TEST_STEP][PASSED] - nameSheet = "Sale-Void": null

2023-02-15 21:58:57 - [TEST_STEP][PASSED] - numOfRows = findTestData("QA/VLinkTestData/VLinkSaleVoidData").getRowNumbers(): null

2023-02-15 21:58:57 - [TEST_STEP][PASSED] - println("Number of Records: " + numOfRows): null

2023-02-15 21:58:57 - [TEST_STEP][PASSED] - dataFile = "QA/VLinkTestData/VLinkSaleVoidData": null

2023-02-15 21:58:57 - [TEST_STEP][FAILED] - for ([row = 1, row <= numOfRows, (row++)]): null

2023-02-15 21:58:57 - [TEST_STEP][PASSED] - ExecuteTC = findTestData(dataFile).getValue("Execute", row): null

2023-02-15 21:58:57 - [TEST_STEP][PASSED] - out.println("Value of Execute is : " + ExecuteTC): null

2023-02-15 21:58:57 - [TEST_STEP][PASSED] - switch (executionProfile): null

2023-02-15 21:58:57 - [TEST_STEP][PASSED] - case "QAProfile":: null

2023-02-15 21:58:57 - [TEST_STEP][PASSED] - appID = findTestData(dataFile).getValue("AppIDQA", row): null

2023-02-15 21:58:57 - [TEST_STEP][PASSED] - username = findTestData(dataFile).getValue("UsernameQA", row): null

2023-02-15 21:58:57 - [TEST_STEP][PASSED] - password = findTestData(dataFile).getValue("PasswordQA", row): null

2023-02-15 21:58:58 - [TEST_STEP][PASSED] - break: null

2023-02-15 21:58:58 - [TEST_STEP][PASSED] - if (ExecuteTC.equalsIgnoreCase("Y")): null

2023-02-15 21:58:58 - [TEST_STEP][PASSED] - out.println("Begin Record Number: " + row): null

2023-02-15 21:58:58 - [TEST_STEP][PASSED] - today = new java.util.Date(): null

2023-02-15 21:58:58 - [TEST_STEP][PASSED] - println(today): null

2023-02-15 21:58:58 - [TEST_STEP][PASSED] - datText = today: null

2023-02-15 21:58:58 - [TEST_STEP][PASSED] - category = findTestData(dataFile).getValue("Category", row): null

2023-02-15 21:58:58 - [TEST_STEP][PASSED] - amount = findTestData(dataFile).getValue("Amount", row): null

2023-02-15 21:58:58 - [TEST_STEP][PASSED] - cardNumber = findTestData(dataFile).getValue("CardNumber", row): null

2023-02-15 21:58:58 - [TEST_STEP][PASSED] - exM = findTestData(dataFile).getValue("ExM", row): null

2023-02-15 21:58:58 - [TEST_STEP][PASSED] - exY = findTestData(dataFile).getValue("ExY", row): null

2023-02-15 21:58:58 - [TEST_STEP][PASSED] - openBrowser(VLinkURL + "authcap.html"): Browser is opened with url: 'https://dev-algorithm.govolution.com/vlinktest/QA/version_2_0/authcap.html'

2023-02-15 21:58:58 - [MESSAGE][WARNING] - A browser is already opened. Closing browser and opening a new one

2023-02-15 21:58:59 - [MESSAGE][INFO] - Starting 'Chrome' driver

2023-02-15 21:58:59 - [MESSAGE][INFO] - User set preference: ['acceptInsecureCerts', 'true']

2023-02-15 21:58:59 - [MESSAGE][INFO] - Action delay is set to 0 milliseconds

2023-02-15 21:59:01 - [MESSAGE][PASSED] - Browser is opened with url: 'https://dev-algorithm.govolution.com/vlinktest/QA/version_2_0/authcap.html'

2023-02-15 21:59:01 - [TEST_STEP][PASSED] - maximizeWindow(): Current window maximized

2023-02-15 21:59:01 - [MESSAGE][PASSED] - Current window maximized

2023-02-15 21:59:01 - [TEST_STEP][PASSED] - maximizeWindow(): Current window maximized

2023-02-15 21:59:01 - [MESSAGE][PASSED] - Current window maximized

2023-02-15 21:59:01 - [TEST_STEP][PASSED] - genRemID = RandomStringUtils.random(12, true, true): null

2023-02-15 21:59:01 - [TEST_STEP][PASSED] - setText(findTestObject("Object Repository/RecAndPlayBk/Page-Vlink-Sale/input_Remittance Id_remittance_id"), genRemID): Text 'j4SY1IH10KLi' is set on object 'Object Repository/RecAndPlayBk/Page-Vlink-Sale/input_Remittance Id_remittance_id'

2023-02-15 21:59:02 - [MESSAGE][PASSED] - Text 'j4SY1IH10KLi' is set on object 'Object Repository/RecAndPlayBk/Page-Vlink-Sale/input_Remittance Id_remittance_id'

2023-02-15 21:59:02 - [TEST_STEP][PASSED] - setText(findTestObject("Object Repository/RecAndPlayBk/Page-Vlink-Sale/input_Application Id_application_id"), appID): Text '234' is set on object 'Object Repository/RecAndPlayBk/Page-Vlink-Sale/input_Application Id_application_id'

2023-02-15 21:59:02 - [MESSAGE][PASSED] - Text '234' is set on object 'Object Repository/RecAndPlayBk/Page-Vlink-Sale/input_Application Id_application_id'

2023-02-15 21:59:02 - [TEST_STEP][PASSED] - setText(findTestObject("Object Repository/RecAndPlayBk/Page-Vlink-Sale/input_Username_username"), username): Text 'username' is set on object 'Object Repository/RecAndPlayBk/Page-Vlink-Sale/input_Username_username'

2023-02-15 21:59:03 - [MESSAGE][PASSED] - Text 'username' is set on object 'Object Repository/RecAndPlayBk/Page-Vlink-Sale/input_Username_username'

2023-02-15 21:59:03 - [TEST_STEP][PASSED] - setText(findTestObject("Object Repository/RecAndPlayBk/Page-Vlink-Sale/input_Password_password"), password): Text 'password' is set on object 'Object Repository/RecAndPlayBk/Page-Vlink-Sale/input_Password_password'

2023-02-15 21:59:04 - [MESSAGE][PASSED] - Text 'password' is set on object 'Object Repository/RecAndPlayBk/Page-Vlink-Sale/input_Password_password'

2023-02-15 21:59:04 - [TEST_STEP][PASSED] - setText(findTestObject("Object Repository/RecAndPlayBk/Page-Vlink-Sale/input_Category_category"), category): Text 'ECOM' is set on object 'Object Repository/RecAndPlayBk/Page-Vlink-Sale/input_Category_category'

2023-02-15 21:59:04 - [MESSAGE][PASSED] - Text 'ECOM' is set on object 'Object Repository/RecAndPlayBk/Page-Vlink-Sale/input_Category_category'

2023-02-15 21:59:04 - [TEST_STEP][PASSED] - setText(findTestObject("Object Repository/RecAndPlayBk/Page-Vlink-Sale/input_Amount_amount"), amount): Text '10.5' is set on object 'Object Repository/RecAndPlayBk/Page-Vlink-Sale/input_Amount_amount'

2023-02-15 21:59:05 - [MESSAGE][PASSED] - Text '10.5' is set on object 'Object Repository/RecAndPlayBk/Page-Vlink-Sale/input_Amount_amount'

2023-02-15 21:59:05 - [TEST_STEP][PASSED] - doubleClick(findTestObject("Object Repository/RecAndPlayBk/Page-Vlink-Sale/input_Card number_card_number")): Object: 'Object Repository/RecAndPlayBk/Page-Vlink-Sale/input_Card number_card_number' is double clicked on

2023-02-15 21:59:05 - [MESSAGE][PASSED] - Object: 'Object Repository/RecAndPlayBk/Page-Vlink-Sale/input_Card number_card_number' is double clicked on

2023-02-15 21:59:05 - [TEST_STEP][PASSED] - setText(findTestObject("Object Repository/RecAndPlayBk/Page-Vlink-Sale/input_Card number_card_number"), cardNumber): Text '4111111111111111' is set on object 'Object Repository/RecAndPlayBk/Page-Vlink-Sale/input_Card number_card_number'

2023-02-15 21:59:06 - [MESSAGE][PASSED] - Text '4111111111111111' is set on object 'Object Repository/RecAndPlayBk/Page-Vlink-Sale/input_Card number_card_number'

2023-02-15 21:59:06 - [TEST_STEP][PASSED] - setText(findTestObject("Object Repository/RecAndPlayBk/Page-Vlink-Sale/input_Card ex month_card_exmo"), exM): Text '12' is set on object 'Object Repository/RecAndPlayBk/Page-Vlink-Sale/input_Card ex month_card_exmo'

2023-02-15 21:59:07 - [MESSAGE][PASSED] - Text '12' is set on object 'Object Repository/RecAndPlayBk/Page-Vlink-Sale/input_Card ex month_card_exmo'

2023-02-15 21:59:07 - [TEST_STEP][PASSED] - setText(findTestObject("Object Repository/RecAndPlayBk/Page-Vlink-Sale/input_Card ex year_card_exyr"), exY): Text '2029' is set on object 'Object Repository/RecAndPlayBk/Page-Vlink-Sale/input_Card ex year_card_exyr'

2023-02-15 21:59:07 - [MESSAGE][PASSED] - Text '2029' is set on object 'Object Repository/RecAndPlayBk/Page-Vlink-Sale/input_Card ex year_card_exyr'

2023-02-15 21:59:07 - [TEST_STEP][PASSED] - click(findTestObject("Object Repository/RecAndPlayBk/Page-Vlink-Sale/input_Track Data_track_data")): Object: 'Object Repository/RecAndPlayBk/Page-Vlink-Sale/input_Track Data_track_data' is clicked on

2023-02-15 21:59:08 - [MESSAGE][PASSED] - Object: 'Object Repository/RecAndPlayBk/Page-Vlink-Sale/input_Track Data_track_data' is clicked on

2023-02-15 21:59:08 - [TEST_STEP][PASSED] - click(findTestObject("Object Repository/RecAndPlayBk/Page-Vlink-Sale/input_CVV state_cvv_state")): Object: 'Object Repository/RecAndPlayBk/Page-Vlink-Sale/input_CVV state_cvv_state' is clicked on

2023-02-15 21:59:08 - [MESSAGE][PASSED] - Object: 'Object Repository/RecAndPlayBk/Page-Vlink-Sale/input_CVV state_cvv_state' is clicked on

2023-02-15 21:59:08 - [TEST_STEP][PASSED] - setText(findTestObject("Object Repository/RecAndPlayBk/Page-Vlink-Sale/input_Track Data_track_data"), ""): Text '' is set on object 'Object Repository/RecAndPlayBk/Page-Vlink-Sale/input_Track Data_track_data'

2023-02-15 21:59:08 - [MESSAGE][PASSED] - Text '' is set on object 'Object Repository/RecAndPlayBk/Page-Vlink-Sale/input_Track Data_track_data'

2023-02-15 21:59:08 - [TEST_STEP][PASSED] - setText(findTestObject("Object Repository/RecAndPlayBk/Page-Vlink-Sale/input_concat(Cardholder, , s email)_email"), ""): Text '' is set on object 'Object Repository/RecAndPlayBk/Page-Vlink-Sale/input_concat(Cardholder, , s email)_email'

2023-02-15 21:59:09 - [MESSAGE][PASSED] - Text '' is set on object 'Object Repository/RecAndPlayBk/Page-Vlink-Sale/input_concat(Cardholder, , s email)_email'

2023-02-15 21:59:09 - [TEST_STEP][PASSED] - click(findTestObject("Object Repository/RecAndPlayBk/Page-Vlink-Sale/input_user_defined10_user_defined10")): Object: 'Object Repository/RecAndPlayBk/Page-Vlink-Sale/input_user_defined10_user_defined10' is clicked on

2023-02-15 21:59:09 - [MESSAGE][PASSED] - Object: 'Object Repository/RecAndPlayBk/Page-Vlink-Sale/input_user_defined10_user_defined10' is clicked on

2023-02-15 21:59:09 - [TEST_STEP][PASSED] - if (executionProfile.equalsIgnoreCase("QAProfile") || executionProfile.equalsIgnoreCase("DemoProfile")): Text '' is set on object 'Object Repository/RecAndPlayBk/Page-Vlink-Sale/input_COF Transaction Initiated by_cof_tran_6cded5'

2023-02-15 21:59:09 - [TEST_STEP][PASSED] - setText(findTestObject("Object Repository/RecAndPlayBk/Page-Vlink-Sale/input_Card on File Indicator_card_on_file_i_157dae"), ""): Text '' is set on object 'Object Repository/RecAndPlayBk/Page-Vlink-Sale/input_Card on File Indicator_card_on_file_i_157dae'

2023-02-15 21:59:10 - [MESSAGE][PASSED] - Text '' is set on object 'Object Repository/RecAndPlayBk/Page-Vlink-Sale/input_Card on File Indicator_card_on_file_i_157dae'

2023-02-15 21:59:10 - [TEST_STEP][PASSED] - setText(findTestObject("Object Repository/RecAndPlayBk/Page-Vlink-Sale/input_Stored Credential Indicator_stored_cr_4ae73c"), ""): Text '' is set on object 'Object Repository/RecAndPlayBk/Page-Vlink-Sale/input_Stored Credential Indicator_stored_cr_4ae73c'

2023-02-15 21:59:11 - [MESSAGE][PASSED] - Text '' is set on object 'Object Repository/RecAndPlayBk/Page-Vlink-Sale/input_Stored Credential Indicator_stored_cr_4ae73c'

2023-02-15 21:59:11 - [TEST_STEP][PASSED] - setText(findTestObject("Object Repository/RecAndPlayBk/Page-Vlink-Sale/input_COF Scheduled indicator_cof_scheduled_8df7d8"), ""): Text '' is set on object 'Object Repository/RecAndPlayBk/Page-Vlink-Sale/input_COF Scheduled indicator_cof_scheduled_8df7d8'

2023-02-15 21:59:11 - [MESSAGE][PASSED] - Text '' is set on object 'Object Repository/RecAndPlayBk/Page-Vlink-Sale/input_COF Scheduled indicator_cof_scheduled_8df7d8'

2023-02-15 21:59:11 - [TEST_STEP][PASSED] - setText(findTestObject("Object Repository/RecAndPlayBk/Page-Vlink-Sale/input_COF Transaction Initiated by_cof_tran_6cded5"), ""): Text '' is set on object 'Object Repository/RecAndPlayBk/Page-Vlink-Sale/input_COF Transaction Initiated by_cof_tran_6cded5'

2023-02-15 21:59:12 - [MESSAGE][PASSED] - Text '' is set on object 'Object Repository/RecAndPlayBk/Page-Vlink-Sale/input_COF Transaction Initiated by_cof_tran_6cded5'

2023-02-15 21:59:12 - [TEST_STEP][PASSED] - click(findTestObject("Object Repository/RecAndPlayBk/Page-Vlink-Sale/input")): Object: 'Object Repository/RecAndPlayBk/Page-Vlink-Sale/input' is clicked on

2023-02-15 21:59:13 - [MESSAGE][PASSED] - Object: 'Object Repository/RecAndPlayBk/Page-Vlink-Sale/input' is clicked on

2023-02-15 21:59:13 - [TEST_STEP][PASSED] - if (verifyTextPresent("Transaction approved, no errors", true)): null

2023-02-15 21:59:13 - [MESSAGE][PASSED] - Text 'Transaction approved, no errors' is present on page  using regular expression

2023-02-15 21:59:13 - [TEST_STEP][PASSED] - println("Transaction Approved, no errors text is present on the Confirmation page"): null

2023-02-15 21:59:13 - [TEST_STEP][PASSED] - sdfo = getText(findTestObject("Object Repository/Page_VLinkReceipt/pre_STX")): Text of object 'Object Repository/Page_VLinkReceipt/pre_STX' is: '<STX>j4SY1IH10KLi                  12126619            0  Transaction approved, no errors                   0                                                                                  Y 118510233<ETX>'

2023-02-15 21:59:14 - [MESSAGE][PASSED] - Text of object 'Object Repository/Page_VLinkReceipt/pre_STX' is: '<STX>j4SY1IH10KLi                  12126619            0  Transaction approved, no errors                   0                                                                                  Y 118510233<ETX>'

2023-02-15 21:59:14 - [TEST_STEP][PASSED] - out.println("sdfo: " + sdfo): null

2023-02-15 21:59:14 - [TEST_STEP][PASSED] - remID = substring(5, 35).trim(): null

2023-02-15 21:59:14 - [TEST_STEP][PASSED] - out.println("remID: " + remID): null

2023-02-15 21:59:14 - [TEST_STEP][PASSED] - traxID = substring(35, 55).trim(): null

2023-02-15 21:59:14 - [TEST_STEP][PASSED] - out.println("traxID: " + traxID): null

2023-02-15 21:59:14 - [TEST_STEP][PASSED] - VLinkSaleRemID = remID: null

2023-02-15 21:59:14 - [TEST_STEP][PASSED] - VLinkSaleTranxID = traxID: null

2023-02-15 21:59:14 - [TEST_STEP][PASSED] - openBrowser(VLinkURL + "CC_void.html"): Browser is opened with url: 'https://dev-algorithm.govolution.com/vlinktest/QA/version_2_0/CC_void.html'

2023-02-15 21:59:14 - [MESSAGE][WARNING] - A browser is already opened. Closing browser and opening a new one

2023-02-15 21:59:14 - [MESSAGE][INFO] - Starting 'Chrome' driver

2023-02-15 21:59:14 - [MESSAGE][INFO] - User set preference: ['acceptInsecureCerts', 'true']

2023-02-15 21:59:14 - [MESSAGE][INFO] - Action delay is set to 0 milliseconds

2023-02-15 21:59:16 - [MESSAGE][PASSED] - Browser is opened with url: 'https://dev-algorithm.govolution.com/vlinktest/QA/version_2_0/CC_void.html'

2023-02-15 21:59:16 - [TEST_STEP][PASSED] - maximizeWindow(): Current window maximized

2023-02-15 21:59:16 - [MESSAGE][PASSED] - Current window maximized

2023-02-15 21:59:16 - [TEST_STEP][PASSED] - setText(findTestObject("Object Repository/RecAndPlayBk/Page-Vlink-CC-Void/txt_RemID"), VLinkSaleRemID): Text 'j4SY1IH10KLi' is set on object 'Object Repository/RecAndPlayBk/Page-Vlink-CC-Void/txt_RemID'

2023-02-15 21:59:17 - [MESSAGE][PASSED] - Text 'j4SY1IH10KLi' is set on object 'Object Repository/RecAndPlayBk/Page-Vlink-CC-Void/txt_RemID'

2023-02-15 21:59:17 - [TEST_STEP][PASSED] - setText(findTestObject("Object Repository/RecAndPlayBk/Page-Vlink-CC-Void/txt_ApplicationID"), appID): Text '234' is set on object 'Object Repository/RecAndPlayBk/Page-Vlink-CC-Void/txt_ApplicationID'

2023-02-15 21:59:18 - [MESSAGE][PASSED] - Text '234' is set on object 'Object Repository/RecAndPlayBk/Page-Vlink-CC-Void/txt_ApplicationID'

2023-02-15 21:59:18 - [TEST_STEP][PASSED] - setText(findTestObject("Object Repository/RecAndPlayBk/Page-Vlink-CC-Void/txt_Username"), username): Text 'username' is set on object 'Object Repository/RecAndPlayBk/Page-Vlink-CC-Void/txt_Username'

2023-02-15 21:59:19 - [MESSAGE][PASSED] - Text 'username' is set on object 'Object Repository/RecAndPlayBk/Page-Vlink-CC-Void/txt_Username'

2023-02-15 21:59:19 - [TEST_STEP][PASSED] - setText(findTestObject("Object Repository/RecAndPlayBk/Page-Vlink-CC-Void/txt_Password"), password): Text 'password' is set on object 'Object Repository/RecAndPlayBk/Page-Vlink-CC-Void/txt_Password'

2023-02-15 21:59:19 - [MESSAGE][PASSED] - Text 'password' is set on object 'Object Repository/RecAndPlayBk/Page-Vlink-CC-Void/txt_Password'

2023-02-15 21:59:19 - [TEST_STEP][PASSED] - setText(findTestObject("Object Repository/RecAndPlayBk/Page-Vlink-CC-Void/txt_TransactionID"), VLinkSaleTranxID): Text '12126619' is set on object 'Object Repository/RecAndPlayBk/Page-Vlink-CC-Void/txt_TransactionID'

2023-02-15 21:59:20 - [MESSAGE][PASSED] - Text '12126619' is set on object 'Object Repository/RecAndPlayBk/Page-Vlink-CC-Void/txt_TransactionID'

2023-02-15 21:59:20 - [TEST_STEP][PASSED] - setText(findTestObject("Object Repository/RecAndPlayBk/Page-Vlink-CC-Void/txt_OriginalTransactionType"), "104"): Text '104' is set on object 'Object Repository/RecAndPlayBk/Page-Vlink-CC-Void/txt_OriginalTransactionType'

2023-02-15 21:59:20 - [MESSAGE][PASSED] - Text '104' is set on object 'Object Repository/RecAndPlayBk/Page-Vlink-CC-Void/txt_OriginalTransactionType'

2023-02-15 21:59:20 - [TEST_STEP][PASSED] - setText(findTestObject("Object Repository/RecAndPlayBk/Page-Vlink-CC-Void/txt_TrackData"), ""): Text '' is set on object 'Object Repository/RecAndPlayBk/Page-Vlink-CC-Void/txt_TrackData'

2023-02-15 21:59:21 - [MESSAGE][PASSED] - Text '' is set on object 'Object Repository/RecAndPlayBk/Page-Vlink-CC-Void/txt_TrackData'

2023-02-15 21:59:21 - [TEST_STEP][PASSED] - click(findTestObject("Object Repository/RecAndPlayBk/Page-Vlink-CC-Void/btn_ProcessVLinkTransaction")): Object: 'Object Repository/RecAndPlayBk/Page-Vlink-CC-Void/btn_ProcessVLinkTransaction' is clicked on

2023-02-15 21:59:22 - [MESSAGE][PASSED] - Object: 'Object Repository/RecAndPlayBk/Page-Vlink-CC-Void/btn_ProcessVLinkTransaction' is clicked on

2023-02-15 21:59:22 - [TEST_STEP][PASSED] - if (verifyTextPresent("Transaction approved, no errors", true)): null

2023-02-15 21:59:23 - [MESSAGE][PASSED] - Text 'Transaction approved, no errors' is present on page  using regular expression

2023-02-15 21:59:23 - [TEST_STEP][PASSED] - println("Transaction Approved, no errors text is present on the Confirmation page"): null

2023-02-15 21:59:23 - [TEST_STEP][PASSED] - out.println("Pass Record Number: " + row): null

2023-02-15 21:59:23 - [TEST_STEP][PASSED] - resText = "Pass": null

2023-02-15 21:59:23 - [TEST_STEP][PASSED] - pages.WriteExcel.demoKey(resText, datText, resColumn, datCloumn, fileLoc, nameSheet, row): pages.WriteExcel.demoKey is PASSED

2023-02-15 21:59:23 - [MESSAGE][PASSED] - pages.WriteExcel.demoKey is PASSED

2023-02-15 21:59:23 - [TEST_STEP][PASSED] - ExecuteTC = findTestData(dataFile).getValue("Execute", row): null

2023-02-15 21:59:23 - [TEST_STEP][PASSED] - out.println("Value of Execute is : " + ExecuteTC): null

2023-02-15 21:59:23 - [TEST_STEP][PASSED] - switch (executionProfile): null

2023-02-15 21:59:23 - [TEST_STEP][PASSED] - case "QAProfile":: null

2023-02-15 21:59:23 - [TEST_STEP][PASSED] - appID = findTestData(dataFile).getValue("AppIDQA", row): null

2023-02-15 21:59:23 - [TEST_STEP][PASSED] - username = findTestData(dataFile).getValue("UsernameQA", row): null

2023-02-15 21:59:23 - [TEST_STEP][PASSED] - password = findTestData(dataFile).getValue("PasswordQA", row): null

2023-02-15 21:59:23 - [TEST_STEP][PASSED] - break: null

2023-02-15 21:59:23 - [TEST_STEP][PASSED] - if (ExecuteTC.equalsIgnoreCase("Y")): null

2023-02-15 21:59:23 - [TEST_STEP][PASSED] - out.println("Begin Record Number: " + row): null

2023-02-15 21:59:23 - [TEST_STEP][PASSED] - today = new java.util.Date(): null

2023-02-15 21:59:23 - [TEST_STEP][PASSED] - println(today): null

2023-02-15 21:59:23 - [TEST_STEP][PASSED] - datText = today: null

2023-02-15 21:59:23 - [TEST_STEP][PASSED] - category = findTestData(dataFile).getValue("Category", row): null

2023-02-15 21:59:23 - [TEST_STEP][PASSED] - amount = findTestData(dataFile).getValue("Amount", row): null

2023-02-15 21:59:23 - [TEST_STEP][PASSED] - cardNumber = findTestData(dataFile).getValue("CardNumber", row): null

2023-02-15 21:59:24 - [TEST_STEP][PASSED] - exM = findTestData(dataFile).getValue("ExM", row): null

2023-02-15 21:59:24 - [TEST_STEP][PASSED] - exY = findTestData(dataFile).getValue("ExY", row): null

2023-02-15 21:59:24 - [TEST_STEP][PASSED] - openBrowser(VLinkURL + "authcap.html"): Browser is opened with url: 'https://dev-algorithm.govolution.com/vlinktest/QA/version_2_0/authcap.html'

2023-02-15 21:59:24 - [MESSAGE][WARNING] - A browser is already opened. Closing browser and opening a new one

2023-02-15 21:59:25 - [MESSAGE][INFO] - Starting 'Chrome' driver

2023-02-15 21:59:25 - [MESSAGE][INFO] - User set preference: ['acceptInsecureCerts', 'true']

2023-02-15 21:59:25 - [MESSAGE][INFO] - Action delay is set to 0 milliseconds

2023-02-15 21:59:27 - [MESSAGE][PASSED] - Browser is opened with url: 'https://dev-algorithm.govolution.com/vlinktest/QA/version_2_0/authcap.html'

2023-02-15 21:59:27 - [TEST_STEP][PASSED] - maximizeWindow(): Current window maximized

2023-02-15 21:59:27 - [MESSAGE][PASSED] - Current window maximized

2023-02-15 21:59:27 - [TEST_STEP][PASSED] - maximizeWindow(): Current window maximized

2023-02-15 21:59:27 - [MESSAGE][PASSED] - Current window maximized

2023-02-15 21:59:27 - [TEST_STEP][PASSED] - genRemID = RandomStringUtils.random(12, true, true): null

2023-02-15 21:59:27 - [TEST_STEP][PASSED] - setText(findTestObject("Object Repository/RecAndPlayBk/Page-Vlink-Sale/input_Remittance Id_remittance_id"), genRemID): Text 'hOdXOJlWTHdl' is set on object 'Object Repository/RecAndPlayBk/Page-Vlink-Sale/input_Remittance Id_remittance_id'

2023-02-15 21:59:27 - [MESSAGE][PASSED] - Text 'hOdXOJlWTHdl' is set on object 'Object Repository/RecAndPlayBk/Page-Vlink-Sale/input_Remittance Id_remittance_id'

2023-02-15 21:59:27 - [TEST_STEP][PASSED] - setText(findTestObject("Object Repository/RecAndPlayBk/Page-Vlink-Sale/input_Application Id_application_id"), appID): Text '234' is set on object 'Object Repository/RecAndPlayBk/Page-Vlink-Sale/input_Application Id_application_id'

2023-02-15 21:59:28 - [MESSAGE][PASSED] - Text '234' is set on object 'Object Repository/RecAndPlayBk/Page-Vlink-Sale/input_Application Id_application_id'

2023-02-15 21:59:28 - [TEST_STEP][PASSED] - setText(findTestObject("Object Repository/RecAndPlayBk/Page-Vlink-Sale/input_Username_username"), username): Text 'username' is set on object 'Object Repository/RecAndPlayBk/Page-Vlink-Sale/input_Username_username'

2023-02-15 21:59:29 - [MESSAGE][PASSED] - Text 'username' is set on object 'Object Repository/RecAndPlayBk/Page-Vlink-Sale/input_Username_username'

2023-02-15 21:59:29 - [TEST_STEP][PASSED] - setText(findTestObject("Object Repository/RecAndPlayBk/Page-Vlink-Sale/input_Password_password"), password): Text 'password' is set on object 'Object Repository/RecAndPlayBk/Page-Vlink-Sale/input_Password_password'

2023-02-15 21:59:29 - [MESSAGE][PASSED] - Text 'password' is set on object 'Object Repository/RecAndPlayBk/Page-Vlink-Sale/input_Password_password'

2023-02-15 21:59:29 - [TEST_STEP][PASSED] - setText(findTestObject("Object Repository/RecAndPlayBk/Page-Vlink-Sale/input_Category_category"), category): Text 'MOTO' is set on object 'Object Repository/RecAndPlayBk/Page-Vlink-Sale/input_Category_category'

2023-02-15 21:59:30 - [MESSAGE][PASSED] - Text 'MOTO' is set on object 'Object Repository/RecAndPlayBk/Page-Vlink-Sale/input_Category_category'

2023-02-15 21:59:30 - [TEST_STEP][PASSED] - setText(findTestObject("Object Repository/RecAndPlayBk/Page-Vlink-Sale/input_Amount_amount"), amount): Text '10.5' is set on object 'Object Repository/RecAndPlayBk/Page-Vlink-Sale/input_Amount_amount'

2023-02-15 21:59:31 - [MESSAGE][PASSED] - Text '10.5' is set on object 'Object Repository/RecAndPlayBk/Page-Vlink-Sale/input_Amount_amount'

2023-02-15 21:59:31 - [TEST_STEP][PASSED] - doubleClick(findTestObject("Object Repository/RecAndPlayBk/Page-Vlink-Sale/input_Card number_card_number")): Object: 'Object Repository/RecAndPlayBk/Page-Vlink-Sale/input_Card number_card_number' is double clicked on

2023-02-15 21:59:31 - [MESSAGE][PASSED] - Object: 'Object Repository/RecAndPlayBk/Page-Vlink-Sale/input_Card number_card_number' is double clicked on

2023-02-15 21:59:31 - [TEST_STEP][PASSED] - setText(findTestObject("Object Repository/RecAndPlayBk/Page-Vlink-Sale/input_Card number_card_number"), cardNumber): Text '5424000000000015' is set on object 'Object Repository/RecAndPlayBk/Page-Vlink-Sale/input_Card number_card_number'

2023-02-15 21:59:32 - [MESSAGE][PASSED] - Text '5424000000000015' is set on object 'Object Repository/RecAndPlayBk/Page-Vlink-Sale/input_Card number_card_number'

2023-02-15 21:59:32 - [TEST_STEP][PASSED] - setText(findTestObject("Object Repository/RecAndPlayBk/Page-Vlink-Sale/input_Card ex month_card_exmo"), exM): Text '12' is set on object 'Object Repository/RecAndPlayBk/Page-Vlink-Sale/input_Card ex month_card_exmo'

2023-02-15 21:59:32 - [MESSAGE][PASSED] - Text '12' is set on object 'Object Repository/RecAndPlayBk/Page-Vlink-Sale/input_Card ex month_card_exmo'

2023-02-15 21:59:32 - [TEST_STEP][PASSED] - setText(findTestObject("Object Repository/RecAndPlayBk/Page-Vlink-Sale/input_Card ex year_card_exyr"), exY): Text '2029' is set on object 'Object Repository/RecAndPlayBk/Page-Vlink-Sale/input_Card ex year_card_exyr'

2023-02-15 21:59:33 - [MESSAGE][PASSED] - Text '2029' is set on object 'Object Repository/RecAndPlayBk/Page-Vlink-Sale/input_Card ex year_card_exyr'

2023-02-15 21:59:33 - [TEST_STEP][PASSED] - click(findTestObject("Object Repository/RecAndPlayBk/Page-Vlink-Sale/input_Track Data_track_data")): Object: 'Object Repository/RecAndPlayBk/Page-Vlink-Sale/input_Track Data_track_data' is clicked on

2023-02-15 21:59:33 - [MESSAGE][PASSED] - Object: 'Object Repository/RecAndPlayBk/Page-Vlink-Sale/input_Track Data_track_data' is clicked on

2023-02-15 21:59:33 - [TEST_STEP][PASSED] - click(findTestObject("Object Repository/RecAndPlayBk/Page-Vlink-Sale/input_CVV state_cvv_state")): Object: 'Object Repository/RecAndPlayBk/Page-Vlink-Sale/input_CVV state_cvv_state' is clicked on

2023-02-15 21:59:34 - [MESSAGE][PASSED] - Object: 'Object Repository/RecAndPlayBk/Page-Vlink-Sale/input_CVV state_cvv_state' is clicked on

2023-02-15 21:59:34 - [TEST_STEP][PASSED] - setText(findTestObject("Object Repository/RecAndPlayBk/Page-Vlink-Sale/input_Track Data_track_data"), ""): Text '' is set on object 'Object Repository/RecAndPlayBk/Page-Vlink-Sale/input_Track Data_track_data'

2023-02-15 21:59:34 - [MESSAGE][PASSED] - Text '' is set on object 'Object Repository/RecAndPlayBk/Page-Vlink-Sale/input_Track Data_track_data'

2023-02-15 21:59:34 - [TEST_STEP][PASSED] - setText(findTestObject("Object Repository/RecAndPlayBk/Page-Vlink-Sale/input_concat(Cardholder, , s email)_email"), ""): Text '' is set on object 'Object Repository/RecAndPlayBk/Page-Vlink-Sale/input_concat(Cardholder, , s email)_email'

2023-02-15 21:59:35 - [MESSAGE][PASSED] - Text '' is set on object 'Object Repository/RecAndPlayBk/Page-Vlink-Sale/input_concat(Cardholder, , s email)_email'

2023-02-15 21:59:35 - [TEST_STEP][PASSED] - click(findTestObject("Object Repository/RecAndPlayBk/Page-Vlink-Sale/input_user_defined10_user_defined10")): Object: 'Object Repository/RecAndPlayBk/Page-Vlink-Sale/input_user_defined10_user_defined10' is clicked on

2023-02-15 21:59:35 - [MESSAGE][PASSED] - Object: 'Object Repository/RecAndPlayBk/Page-Vlink-Sale/input_user_defined10_user_defined10' is clicked on

2023-02-15 21:59:35 - [TEST_STEP][PASSED] - if (executionProfile.equalsIgnoreCase("QAProfile") || executionProfile.equalsIgnoreCase("DemoProfile")): Text '' is set on object 'Object Repository/RecAndPlayBk/Page-Vlink-Sale/input_COF Transaction Initiated by_cof_tran_6cded5'

2023-02-15 21:59:35 - [TEST_STEP][PASSED] - setText(findTestObject("Object Repository/RecAndPlayBk/Page-Vlink-Sale/input_Card on File Indicator_card_on_file_i_157dae"), ""): Text '' is set on object 'Object Repository/RecAndPlayBk/Page-Vlink-Sale/input_Card on File Indicator_card_on_file_i_157dae'

2023-02-15 21:59:36 - [MESSAGE][PASSED] - Text '' is set on object 'Object Repository/RecAndPlayBk/Page-Vlink-Sale/input_Card on File Indicator_card_on_file_i_157dae'

2023-02-15 21:59:36 - [TEST_STEP][PASSED] - setText(findTestObject("Object Repository/RecAndPlayBk/Page-Vlink-Sale/input_Stored Credential Indicator_stored_cr_4ae73c"), ""): Text '' is set on object 'Object Repository/RecAndPlayBk/Page-Vlink-Sale/input_Stored Credential Indicator_stored_cr_4ae73c'

2023-02-15 21:59:36 - [MESSAGE][PASSED] - Text '' is set on object 'Object Repository/RecAndPlayBk/Page-Vlink-Sale/input_Stored Credential Indicator_stored_cr_4ae73c'

2023-02-15 21:59:36 - [TEST_STEP][PASSED] - setText(findTestObject("Object Repository/RecAndPlayBk/Page-Vlink-Sale/input_COF Scheduled indicator_cof_scheduled_8df7d8"), ""): Text '' is set on object 'Object Repository/RecAndPlayBk/Page-Vlink-Sale/input_COF Scheduled indicator_cof_scheduled_8df7d8'

2023-02-15 21:59:37 - [MESSAGE][PASSED] - Text '' is set on object 'Object Repository/RecAndPlayBk/Page-Vlink-Sale/input_COF Scheduled indicator_cof_scheduled_8df7d8'

2023-02-15 21:59:37 - [TEST_STEP][PASSED] - setText(findTestObject("Object Repository/RecAndPlayBk/Page-Vlink-Sale/input_COF Transaction Initiated by_cof_tran_6cded5"), ""): Text '' is set on object 'Object Repository/RecAndPlayBk/Page-Vlink-Sale/input_COF Transaction Initiated by_cof_tran_6cded5'

2023-02-15 21:59:38 - [MESSAGE][PASSED] - Text '' is set on object 'Object Repository/RecAndPlayBk/Page-Vlink-Sale/input_COF Transaction Initiated by_cof_tran_6cded5'

2023-02-15 21:59:38 - [TEST_STEP][PASSED] - click(findTestObject("Object Repository/RecAndPlayBk/Page-Vlink-Sale/input")): Object: 'Object Repository/RecAndPlayBk/Page-Vlink-Sale/input' is clicked on

2023-02-15 21:59:39 - [MESSAGE][PASSED] - Object: 'Object Repository/RecAndPlayBk/Page-Vlink-Sale/input' is clicked on

2023-02-15 21:59:39 - [TEST_STEP][PASSED] - if (verifyTextPresent("Transaction approved, no errors", true)): null

2023-02-15 21:59:39 - [MESSAGE][PASSED] - Text 'Transaction approved, no errors' is present on page  using regular expression

2023-02-15 21:59:39 - [TEST_STEP][PASSED] - println("Transaction Approved, no errors text is present on the Confirmation page"): null

2023-02-15 21:59:39 - [TEST_STEP][PASSED] - sdfo = getText(findTestObject("Object Repository/Page_VLinkReceipt/pre_STX")): Text of object 'Object Repository/Page_VLinkReceipt/pre_STX' is: '<STX>hOdXOJlWTHdl                  12126621            0  Transaction approved, no errors                   0                                                                                  Y 999877489<ETX>'

2023-02-15 21:59:39 - [MESSAGE][PASSED] - Text of object 'Object Repository/Page_VLinkReceipt/pre_STX' is: '<STX>hOdXOJlWTHdl                  12126621            0  Transaction approved, no errors                   0                                                                                  Y 999877489<ETX>'

2023-02-15 21:59:39 - [TEST_STEP][PASSED] - out.println("sdfo: " + sdfo): null

2023-02-15 21:59:39 - [TEST_STEP][PASSED] - remID = substring(5, 35).trim(): null

2023-02-15 21:59:39 - [TEST_STEP][PASSED] - out.println("remID: " + remID): null

2023-02-15 21:59:39 - [TEST_STEP][PASSED] - traxID = substring(35, 55).trim(): null

2023-02-15 21:59:39 - [TEST_STEP][PASSED] - out.println("traxID: " + traxID): null

2023-02-15 21:59:39 - [TEST_STEP][PASSED] - VLinkSaleRemID = remID: null

2023-02-15 21:59:39 - [TEST_STEP][PASSED] - VLinkSaleTranxID = traxID: null

2023-02-15 21:59:39 - [TEST_STEP][PASSED] - openBrowser(VLinkURL + "CC_void.html"): Browser is opened with url: 'https://dev-algorithm.govolution.com/vlinktest/QA/version_2_0/CC_void.html'

2023-02-15 21:59:39 - [MESSAGE][WARNING] - A browser is already opened. Closing browser and opening a new one

2023-02-15 21:59:40 - [MESSAGE][INFO] - Starting 'Chrome' driver

2023-02-15 21:59:40 - [MESSAGE][INFO] - User set preference: ['acceptInsecureCerts', 'true']

2023-02-15 21:59:40 - [MESSAGE][INFO] - Action delay is set to 0 milliseconds

2023-02-15 21:59:42 - [MESSAGE][PASSED] - Browser is opened with url: 'https://dev-algorithm.govolution.com/vlinktest/QA/version_2_0/CC_void.html'

2023-02-15 21:59:42 - [TEST_STEP][PASSED] - maximizeWindow(): Current window maximized

2023-02-15 21:59:42 - [MESSAGE][PASSED] - Current window maximized

2023-02-15 21:59:42 - [TEST_STEP][PASSED] - setText(findTestObject("Object Repository/RecAndPlayBk/Page-Vlink-CC-Void/txt_RemID"), VLinkSaleRemID): Text 'hOdXOJlWTHdl' is set on object 'Object Repository/RecAndPlayBk/Page-Vlink-CC-Void/txt_RemID'

2023-02-15 21:59:43 - [MESSAGE][PASSED] - Text 'hOdXOJlWTHdl' is set on object 'Object Repository/RecAndPlayBk/Page-Vlink-CC-Void/txt_RemID'

2023-02-15 21:59:43 - [TEST_STEP][PASSED] - setText(findTestObject("Object Repository/RecAndPlayBk/Page-Vlink-CC-Void/txt_ApplicationID"), appID): Text '234' is set on object 'Object Repository/RecAndPlayBk/Page-Vlink-CC-Void/txt_ApplicationID'

2023-02-15 21:59:43 - [MESSAGE][PASSED] - Text '234' is set on object 'Object Repository/RecAndPlayBk/Page-Vlink-CC-Void/txt_ApplicationID'

2023-02-15 21:59:43 - [TEST_STEP][PASSED] - setText(findTestObject("Object Repository/RecAndPlayBk/Page-Vlink-CC-Void/txt_Username"), username): Text 'username' is set on object 'Object Repository/RecAndPlayBk/Page-Vlink-CC-Void/txt_Username'

2023-02-15 21:59:44 - [MESSAGE][PASSED] - Text 'username' is set on object 'Object Repository/RecAndPlayBk/Page-Vlink-CC-Void/txt_Username'

2023-02-15 21:59:44 - [TEST_STEP][PASSED] - setText(findTestObject("Object Repository/RecAndPlayBk/Page-Vlink-CC-Void/txt_Password"), password): Text 'password' is set on object 'Object Repository/RecAndPlayBk/Page-Vlink-CC-Void/txt_Password'

2023-02-15 21:59:45 - [MESSAGE][PASSED] - Text 'password' is set on object 'Object Repository/RecAndPlayBk/Page-Vlink-CC-Void/txt_Password'

2023-02-15 21:59:45 - [TEST_STEP][PASSED] - setText(findTestObject("Object Repository/RecAndPlayBk/Page-Vlink-CC-Void/txt_TransactionID"), VLinkSaleTranxID): Text '12126621' is set on object 'Object Repository/RecAndPlayBk/Page-Vlink-CC-Void/txt_TransactionID'

2023-02-15 21:59:45 - [MESSAGE][PASSED] - Text '12126621' is set on object 'Object Repository/RecAndPlayBk/Page-Vlink-CC-Void/txt_TransactionID'

2023-02-15 21:59:45 - [TEST_STEP][PASSED] - setText(findTestObject("Object Repository/RecAndPlayBk/Page-Vlink-CC-Void/txt_OriginalTransactionType"), "104"): Text '104' is set on object 'Object Repository/RecAndPlayBk/Page-Vlink-CC-Void/txt_OriginalTransactionType'

2023-02-15 21:59:46 - [MESSAGE][PASSED] - Text '104' is set on object 'Object Repository/RecAndPlayBk/Page-Vlink-CC-Void/txt_OriginalTransactionType'

2023-02-15 21:59:46 - [TEST_STEP][PASSED] - setText(findTestObject("Object Repository/RecAndPlayBk/Page-Vlink-CC-Void/txt_TrackData"), ""): Text '' is set on object 'Object Repository/RecAndPlayBk/Page-Vlink-CC-Void/txt_TrackData'

2023-02-15 21:59:46 - [MESSAGE][PASSED] - Text '' is set on object 'Object Repository/RecAndPlayBk/Page-Vlink-CC-Void/txt_TrackData'

2023-02-15 21:59:46 - [TEST_STEP][PASSED] - click(findTestObject("Object Repository/RecAndPlayBk/Page-Vlink-CC-Void/btn_ProcessVLinkTransaction")): Object: 'Object Repository/RecAndPlayBk/Page-Vlink-CC-Void/btn_ProcessVLinkTransaction' is clicked on

2023-02-15 21:59:48 - [MESSAGE][PASSED] - Object: 'Object Repository/RecAndPlayBk/Page-Vlink-CC-Void/btn_ProcessVLinkTransaction' is clicked on

2023-02-15 21:59:48 - [TEST_STEP][PASSED] - if (verifyTextPresent("Transaction approved, no errors", true)): null

2023-02-15 21:59:48 - [MESSAGE][PASSED] - Text 'Transaction approved, no errors' is present on page  using regular expression

2023-02-15 21:59:48 - [TEST_STEP][PASSED] - println("Transaction Approved, no errors text is present on the Confirmation page"): null

2023-02-15 21:59:48 - [TEST_STEP][PASSED] - out.println("Pass Record Number: " + row): null

2023-02-15 21:59:48 - [TEST_STEP][PASSED] - resText = "Pass": null

2023-02-15 21:59:48 - [TEST_STEP][PASSED] - pages.WriteExcel.demoKey(resText, datText, resColumn, datCloumn, fileLoc, nameSheet, row): pages.WriteExcel.demoKey is PASSED

2023-02-15 21:59:48 - [MESSAGE][PASSED] - pages.WriteExcel.demoKey is PASSED

2023-02-15 21:59:48 - [TEST_STEP][PASSED] - ExecuteTC = findTestData(dataFile).getValue("Execute", row): null

2023-02-15 21:59:48 - [TEST_STEP][PASSED] - out.println("Value of Execute is : " + ExecuteTC): null

2023-02-15 21:59:48 - [TEST_STEP][PASSED] - switch (executionProfile): null

2023-02-15 21:59:48 - [TEST_STEP][PASSED] - case "QAProfile":: null

2023-02-15 21:59:48 - [TEST_STEP][PASSED] - appID = findTestData(dataFile).getValue("AppIDQA", row): null

2023-02-15 21:59:48 - [TEST_STEP][PASSED] - username = findTestData(dataFile).getValue("UsernameQA", row): null

2023-02-15 21:59:49 - [TEST_STEP][PASSED] - password = findTestData(dataFile).getValue("PasswordQA", row): null

2023-02-15 21:59:49 - [TEST_STEP][PASSED] - break: null

2023-02-15 21:59:49 - [TEST_STEP][FAILED] - if (ExecuteTC.equalsIgnoreCase("Y")): null

2023-02-15 21:59:49 - [TEST_STEP][PASSED] - out.println("Begin Record Number: " + row): null

2023-02-15 21:59:49 - [TEST_STEP][PASSED] - today = new java.util.Date(): null

2023-02-15 21:59:49 - [TEST_STEP][PASSED] - println(today): null

2023-02-15 21:59:49 - [TEST_STEP][PASSED] - datText = today: null

2023-02-15 21:59:49 - [TEST_STEP][PASSED] - category = findTestData(dataFile).getValue("Category", row): null

2023-02-15 21:59:49 - [TEST_STEP][PASSED] - amount = findTestData(dataFile).getValue("Amount", row): null

2023-02-15 21:59:49 - [TEST_STEP][PASSED] - cardNumber = findTestData(dataFile).getValue("CardNumber", row): null

2023-02-15 21:59:49 - [TEST_STEP][PASSED] - exM = findTestData(dataFile).getValue("ExM", row): null

2023-02-15 21:59:49 - [TEST_STEP][PASSED] - exY = findTestData(dataFile).getValue("ExY", row): null

2023-02-15 21:59:49 - [TEST_STEP][PASSED] - openBrowser(VLinkURL + "authcap.html"): Browser is opened with url: 'https://dev-algorithm.govolution.com/vlinktest/QA/version_2_0/authcap.html'

2023-02-15 21:59:49 - [MESSAGE][WARNING] - A browser is already opened. Closing browser and opening a new one

2023-02-15 21:59:50 - [MESSAGE][INFO] - Starting 'Chrome' driver

2023-02-15 21:59:50 - [MESSAGE][INFO] - User set preference: ['acceptInsecureCerts', 'true']

2023-02-15 21:59:50 - [MESSAGE][INFO] - Action delay is set to 0 milliseconds

2023-02-15 21:59:52 - [MESSAGE][PASSED] - Browser is opened with url: 'https://dev-algorithm.govolution.com/vlinktest/QA/version_2_0/authcap.html'

2023-02-15 21:59:52 - [TEST_STEP][PASSED] - maximizeWindow(): Current window maximized

2023-02-15 21:59:52 - [MESSAGE][PASSED] - Current window maximized

2023-02-15 21:59:52 - [TEST_STEP][PASSED] - maximizeWindow(): Current window maximized

2023-02-15 21:59:52 - [MESSAGE][PASSED] - Current window maximized

2023-02-15 21:59:52 - [TEST_STEP][PASSED] - genRemID = RandomStringUtils.random(12, true, true): null

2023-02-15 21:59:52 - [TEST_STEP][PASSED] - setText(findTestObject("Object Repository/RecAndPlayBk/Page-Vlink-Sale/input_Remittance Id_remittance_id"), genRemID): Text 'ZY7s8axAbJID' is set on object 'Object Repository/RecAndPlayBk/Page-Vlink-Sale/input_Remittance Id_remittance_id'

2023-02-15 21:59:53 - [MESSAGE][PASSED] - Text 'ZY7s8axAbJID' is set on object 'Object Repository/RecAndPlayBk/Page-Vlink-Sale/input_Remittance Id_remittance_id'

2023-02-15 21:59:53 - [TEST_STEP][PASSED] - setText(findTestObject("Object Repository/RecAndPlayBk/Page-Vlink-Sale/input_Application Id_application_id"), appID): Text '234' is set on object 'Object Repository/RecAndPlayBk/Page-Vlink-Sale/input_Application Id_application_id'

2023-02-15 21:59:53 - [MESSAGE][PASSED] - Text '234' is set on object 'Object Repository/RecAndPlayBk/Page-Vlink-Sale/input_Application Id_application_id'

2023-02-15 21:59:53 - [TEST_STEP][PASSED] - setText(findTestObject("Object Repository/RecAndPlayBk/Page-Vlink-Sale/input_Username_username"), username): Text 'username' is set on object 'Object Repository/RecAndPlayBk/Page-Vlink-Sale/input_Username_username'

2023-02-15 21:59:54 - [MESSAGE][PASSED] - Text 'username' is set on object 'Object Repository/RecAndPlayBk/Page-Vlink-Sale/input_Username_username'

2023-02-15 21:59:54 - [TEST_STEP][PASSED] - setText(findTestObject("Object Repository/RecAndPlayBk/Page-Vlink-Sale/input_Password_password"), password): Text 'password' is set on object 'Object Repository/RecAndPlayBk/Page-Vlink-Sale/input_Password_password'

2023-02-15 21:59:55 - [MESSAGE][PASSED] - Text 'password' is set on object 'Object Repository/RecAndPlayBk/Page-Vlink-Sale/input_Password_password'

2023-02-15 21:59:55 - [TEST_STEP][PASSED] - setText(findTestObject("Object Repository/RecAndPlayBk/Page-Vlink-Sale/input_Category_category"), category): Text 'RETL' is set on object 'Object Repository/RecAndPlayBk/Page-Vlink-Sale/input_Category_category'

2023-02-15 21:59:55 - [MESSAGE][PASSED] - Text 'RETL' is set on object 'Object Repository/RecAndPlayBk/Page-Vlink-Sale/input_Category_category'

2023-02-15 21:59:55 - [TEST_STEP][PASSED] - setText(findTestObject("Object Repository/RecAndPlayBk/Page-Vlink-Sale/input_Amount_amount"), amount): Text '10.5' is set on object 'Object Repository/RecAndPlayBk/Page-Vlink-Sale/input_Amount_amount'

2023-02-15 21:59:56 - [MESSAGE][PASSED] - Text '10.5' is set on object 'Object Repository/RecAndPlayBk/Page-Vlink-Sale/input_Amount_amount'

2023-02-15 21:59:56 - [TEST_STEP][PASSED] - doubleClick(findTestObject("Object Repository/RecAndPlayBk/Page-Vlink-Sale/input_Card number_card_number")): Object: 'Object Repository/RecAndPlayBk/Page-Vlink-Sale/input_Card number_card_number' is double clicked on

2023-02-15 21:59:56 - [MESSAGE][PASSED] - Object: 'Object Repository/RecAndPlayBk/Page-Vlink-Sale/input_Card number_card_number' is double clicked on

2023-02-15 21:59:56 - [TEST_STEP][PASSED] - setText(findTestObject("Object Repository/RecAndPlayBk/Page-Vlink-Sale/input_Card number_card_number"), cardNumber): Text '370000000000002' is set on object 'Object Repository/RecAndPlayBk/Page-Vlink-Sale/input_Card number_card_number'

2023-02-15 21:59:57 - [MESSAGE][PASSED] - Text '370000000000002' is set on object 'Object Repository/RecAndPlayBk/Page-Vlink-Sale/input_Card number_card_number'

2023-02-15 21:59:57 - [TEST_STEP][PASSED] - setText(findTestObject("Object Repository/RecAndPlayBk/Page-Vlink-Sale/input_Card ex month_card_exmo"), exM): Text '12' is set on object 'Object Repository/RecAndPlayBk/Page-Vlink-Sale/input_Card ex month_card_exmo'

2023-02-15 21:59:58 - [MESSAGE][PASSED] - Text '12' is set on object 'Object Repository/RecAndPlayBk/Page-Vlink-Sale/input_Card ex month_card_exmo'

2023-02-15 21:59:58 - [TEST_STEP][PASSED] - setText(findTestObject("Object Repository/RecAndPlayBk/Page-Vlink-Sale/input_Card ex year_card_exyr"), exY): Text '2029' is set on object 'Object Repository/RecAndPlayBk/Page-Vlink-Sale/input_Card ex year_card_exyr'

2023-02-15 21:59:58 - [MESSAGE][PASSED] - Text '2029' is set on object 'Object Repository/RecAndPlayBk/Page-Vlink-Sale/input_Card ex year_card_exyr'

2023-02-15 21:59:58 - [TEST_STEP][PASSED] - click(findTestObject("Object Repository/RecAndPlayBk/Page-Vlink-Sale/input_Track Data_track_data")): Object: 'Object Repository/RecAndPlayBk/Page-Vlink-Sale/input_Track Data_track_data' is clicked on

2023-02-15 21:59:59 - [MESSAGE][PASSED] - Object: 'Object Repository/RecAndPlayBk/Page-Vlink-Sale/input_Track Data_track_data' is clicked on

2023-02-15 21:59:59 - [TEST_STEP][PASSED] - click(findTestObject("Object Repository/RecAndPlayBk/Page-Vlink-Sale/input_CVV state_cvv_state")): Object: 'Object Repository/RecAndPlayBk/Page-Vlink-Sale/input_CVV state_cvv_state' is clicked on

2023-02-15 21:59:59 - [MESSAGE][PASSED] - Object: 'Object Repository/RecAndPlayBk/Page-Vlink-Sale/input_CVV state_cvv_state' is clicked on

2023-02-15 21:59:59 - [TEST_STEP][PASSED] - setText(findTestObject("Object Repository/RecAndPlayBk/Page-Vlink-Sale/input_Track Data_track_data"), ""): Text '' is set on object 'Object Repository/RecAndPlayBk/Page-Vlink-Sale/input_Track Data_track_data'

2023-02-15 21:59:59 - [MESSAGE][PASSED] - Text '' is set on object 'Object Repository/RecAndPlayBk/Page-Vlink-Sale/input_Track Data_track_data'

2023-02-15 21:59:59 - [TEST_STEP][PASSED] - setText(findTestObject("Object Repository/RecAndPlayBk/Page-Vlink-Sale/input_concat(Cardholder, , s email)_email"), ""): Text '' is set on object 'Object Repository/RecAndPlayBk/Page-Vlink-Sale/input_concat(Cardholder, , s email)_email'

2023-02-15 22:00:00 - [MESSAGE][PASSED] - Text '' is set on object 'Object Repository/RecAndPlayBk/Page-Vlink-Sale/input_concat(Cardholder, , s email)_email'

2023-02-15 22:00:00 - [TEST_STEP][PASSED] - click(findTestObject("Object Repository/RecAndPlayBk/Page-Vlink-Sale/input_user_defined10_user_defined10")): Object: 'Object Repository/RecAndPlayBk/Page-Vlink-Sale/input_user_defined10_user_defined10' is clicked on

2023-02-15 22:00:00 - [MESSAGE][PASSED] - Object: 'Object Repository/RecAndPlayBk/Page-Vlink-Sale/input_user_defined10_user_defined10' is clicked on

2023-02-15 22:00:00 - [TEST_STEP][PASSED] - if (executionProfile.equalsIgnoreCase("QAProfile") || executionProfile.equalsIgnoreCase("DemoProfile")): Text '' is set on object 'Object Repository/RecAndPlayBk/Page-Vlink-Sale/input_COF Transaction Initiated by_cof_tran_6cded5'

2023-02-15 22:00:00 - [TEST_STEP][PASSED] - setText(findTestObject("Object Repository/RecAndPlayBk/Page-Vlink-Sale/input_Card on File Indicator_card_on_file_i_157dae"), ""): Text '' is set on object 'Object Repository/RecAndPlayBk/Page-Vlink-Sale/input_Card on File Indicator_card_on_file_i_157dae'

2023-02-15 22:00:01 - [MESSAGE][PASSED] - Text '' is set on object 'Object Repository/RecAndPlayBk/Page-Vlink-Sale/input_Card on File Indicator_card_on_file_i_157dae'

2023-02-15 22:00:01 - [TEST_STEP][PASSED] - setText(findTestObject("Object Repository/RecAndPlayBk/Page-Vlink-Sale/input_Stored Credential Indicator_stored_cr_4ae73c"), ""): Text '' is set on object 'Object Repository/RecAndPlayBk/Page-Vlink-Sale/input_Stored Credential Indicator_stored_cr_4ae73c'

2023-02-15 22:00:02 - [MESSAGE][PASSED] - Text '' is set on object 'Object Repository/RecAndPlayBk/Page-Vlink-Sale/input_Stored Credential Indicator_stored_cr_4ae73c'

2023-02-15 22:00:02 - [TEST_STEP][PASSED] - setText(findTestObject("Object Repository/RecAndPlayBk/Page-Vlink-Sale/input_COF Scheduled indicator_cof_scheduled_8df7d8"), ""): Text '' is set on object 'Object Repository/RecAndPlayBk/Page-Vlink-Sale/input_COF Scheduled indicator_cof_scheduled_8df7d8'

2023-02-15 22:00:03 - [MESSAGE][PASSED] - Text '' is set on object 'Object Repository/RecAndPlayBk/Page-Vlink-Sale/input_COF Scheduled indicator_cof_scheduled_8df7d8'

2023-02-15 22:00:03 - [TEST_STEP][PASSED] - setText(findTestObject("Object Repository/RecAndPlayBk/Page-Vlink-Sale/input_COF Transaction Initiated by_cof_tran_6cded5"), ""): Text '' is set on object 'Object Repository/RecAndPlayBk/Page-Vlink-Sale/input_COF Transaction Initiated by_cof_tran_6cded5'

2023-02-15 22:00:03 - [MESSAGE][PASSED] - Text '' is set on object 'Object Repository/RecAndPlayBk/Page-Vlink-Sale/input_COF Transaction Initiated by_cof_tran_6cded5'

2023-02-15 22:00:03 - [TEST_STEP][PASSED] - click(findTestObject("Object Repository/RecAndPlayBk/Page-Vlink-Sale/input")): Object: 'Object Repository/RecAndPlayBk/Page-Vlink-Sale/input' is clicked on

2023-02-15 22:00:04 - [MESSAGE][PASSED] - Object: 'Object Repository/RecAndPlayBk/Page-Vlink-Sale/input' is clicked on

2023-02-15 22:00:04 - [TEST_STEP][FAILED] - if (verifyTextPresent("Transaction approved, no errors", true)): Text 'Transaction approved, no errors' is not present on page  using regular expression (Root cause: com.kms.katalon.core.exception.StepFailedException: Text 'Transaction approved, no errors' is not present on page  using regular expression
	at com.kms.katalon.core.webui.keyword.internal.WebUIKeywordMain.stepFailed(WebUIKeywordMain.groovy:64)
	at com.kms.katalon.core.webui.keyword.builtin.VerifyTextPresentKeyword$_verifyTextPresent_closure1.doCall(VerifyTextPresentKeyword.groovy:79)
	at com.kms.katalon.core.webui.keyword.builtin.VerifyTextPresentKeyword$_verifyTextPresent_closure1.call(VerifyTextPresentKeyword.groovy)
	at com.kms.katalon.core.webui.keyword.internal.WebUIKeywordMain.runKeyword(WebUIKeywordMain.groovy:20)
	at com.kms.katalon.core.webui.keyword.builtin.VerifyTextPresentKeyword.verifyTextPresent(VerifyTextPresentKeyword.groovy:83)
	at com.kms.katalon.core.webui.keyword.builtin.VerifyTextPresentKeyword.execute(VerifyTextPresentKeyword.groovy:68)
	at com.kms.katalon.core.keyword.internal.KeywordExecutor.executeKeywordForPlatform(KeywordExecutor.groovy:74)
	at com.kms.katalon.core.webui.keyword.WebUiBuiltInKeywords.verifyTextPresent(WebUiBuiltInKeywords.groovy:1723)
	at com.kms.katalon.core.webui.keyword.WebUiBuiltInKeywords$verifyTextPresent$4.call(Unknown Source)
	at Sale-Void.run(Sale-Void:155)
	at com.kms.katalon.core.main.ScriptEngine.run(ScriptEngine.java:194)
	at com.kms.katalon.core.main.ScriptEngine.runScriptAsRawText(ScriptEngine.java:119)
	at com.kms.katalon.core.main.TestCaseExecutor.runScript(TestCaseExecutor.java:442)
	at com.kms.katalon.core.main.TestCaseExecutor.doExecute(TestCaseExecutor.java:433)
	at com.kms.katalon.core.main.TestCaseExecutor.processExecutionPhase(TestCaseExecutor.java:412)
	at com.kms.katalon.core.main.TestCaseExecutor.accessMainPhase(TestCaseExecutor.java:404)
	at com.kms.katalon.core.main.TestCaseExecutor.execute(TestCaseExecutor.java:281)
	at com.kms.katalon.core.main.TestSuiteExecutor.accessTestCaseMainPhase(TestSuiteExecutor.java:202)
	at com.kms.katalon.core.main.TestSuiteExecutor.accessTestSuiteMainPhase(TestSuiteExecutor.java:164)
	at com.kms.katalon.core.main.TestSuiteExecutor.execute(TestSuiteExecutor.java:105)
	at com.kms.katalon.core.main.TestCaseMain.startTestSuite(TestCaseMain.java:185)
	at com.kms.katalon.core.main.TestCaseMain$startTestSuite$0.call(Unknown Source)
	at TempTestSuite1676515943031.run(TempTestSuite1676515943031.groovy:36)
)

2023-02-15 22:00:04 - [MESSAGE][FAILED] - Text 'Transaction approved, no errors' is not present on page  using regular expression (Root cause: com.kms.katalon.core.exception.StepFailedException: Text 'Transaction approved, no errors' is not present on page  using regular expression
	at com.kms.katalon.core.webui.keyword.internal.WebUIKeywordMain.stepFailed(WebUIKeywordMain.groovy:64)
	at com.kms.katalon.core.webui.keyword.builtin.VerifyTextPresentKeyword$_verifyTextPresent_closure1.doCall(VerifyTextPresentKeyword.groovy:79)
	at com.kms.katalon.core.webui.keyword.builtin.VerifyTextPresentKeyword$_verifyTextPresent_closure1.call(VerifyTextPresentKeyword.groovy)
	at com.kms.katalon.core.webui.keyword.internal.WebUIKeywordMain.runKeyword(WebUIKeywordMain.groovy:20)
	at com.kms.katalon.core.webui.keyword.builtin.VerifyTextPresentKeyword.verifyTextPresent(VerifyTextPresentKeyword.groovy:83)
	at com.kms.katalon.core.webui.keyword.builtin.VerifyTextPresentKeyword.execute(VerifyTextPresentKeyword.groovy:68)
	at com.kms.katalon.core.keyword.internal.KeywordExecutor.executeKeywordForPlatform(KeywordExecutor.groovy:74)
	at com.kms.katalon.core.webui.keyword.WebUiBuiltInKeywords.verifyTextPresent(WebUiBuiltInKeywords.groovy:1723)
	at com.kms.katalon.core.webui.keyword.WebUiBuiltInKeywords$verifyTextPresent$4.call(Unknown Source)
	at Sale-Void.run(Sale-Void:155)
	at com.kms.katalon.core.main.ScriptEngine.run(ScriptEngine.java:194)
	at com.kms.katalon.core.main.ScriptEngine.runScriptAsRawText(ScriptEngine.java:119)
	at com.kms.katalon.core.main.TestCaseExecutor.runScript(TestCaseExecutor.java:442)
	at com.kms.katalon.core.main.TestCaseExecutor.doExecute(TestCaseExecutor.java:433)
	at com.kms.katalon.core.main.TestCaseExecutor.processExecutionPhase(TestCaseExecutor.java:412)
	at com.kms.katalon.core.main.TestCaseExecutor.accessMainPhase(TestCaseExecutor.java:404)
	at com.kms.katalon.core.main.TestCaseExecutor.execute(TestCaseExecutor.java:281)
	at com.kms.katalon.core.main.TestSuiteExecutor.accessTestCaseMainPhase(TestSuiteExecutor.java:202)
	at com.kms.katalon.core.main.TestSuiteExecutor.accessTestSuiteMainPhase(TestSuiteExecutor.java:164)
	at com.kms.katalon.core.main.TestSuiteExecutor.execute(TestSuiteExecutor.java:105)
	at com.kms.katalon.core.main.TestCaseMain.startTestSuite(TestCaseMain.java:185)
	at com.kms.katalon.core.main.TestCaseMain$startTestSuite$0.call(Unknown Source)
	at TempTestSuite1676515943031.run(TempTestSuite1676515943031.groovy:36)
)

2023-02-15 22:00:04 - [TEST_STEP][PASSED] - else: pages.WriteExcel.demoKey is PASSED

2023-02-15 22:00:04 - [TEST_STEP][PASSED] - println("Transaction Approved, no errors text is not present on the Confirmation page"): null

2023-02-15 22:00:04 - [TEST_STEP][PASSED] - out.println("Fail Record Number: " + row): null

2023-02-15 22:00:04 - [TEST_STEP][PASSED] - resText = "Fail": null

2023-02-15 22:00:04 - [TEST_STEP][PASSED] - pages.WriteExcel.demoKey(resText, datText, resColumn, datCloumn, fileLoc, nameSheet, row): pages.WriteExcel.demoKey is PASSED

2023-02-15 22:00:05 - [MESSAGE][PASSED] - pages.WriteExcel.demoKey is PASSED

2023-02-15 22:00:05 - [TEST_STEP][PASSED] - ExecuteTC = findTestData(dataFile).getValue("Execute", row): null

2023-02-15 22:00:05 - [TEST_STEP][PASSED] - out.println("Value of Execute is : " + ExecuteTC): null

2023-02-15 22:00:05 - [TEST_STEP][PASSED] - switch (executionProfile): null

2023-02-15 22:00:05 - [TEST_STEP][PASSED] - case "QAProfile":: null

2023-02-15 22:00:05 - [TEST_STEP][PASSED] - appID = findTestData(dataFile).getValue("AppIDQA", row): null

2023-02-15 22:00:05 - [TEST_STEP][PASSED] - username = findTestData(dataFile).getValue("UsernameQA", row): null

2023-02-15 22:00:05 - [TEST_STEP][PASSED] - password = findTestData(dataFile).getValue("PasswordQA", row): null

2023-02-15 22:00:05 - [TEST_STEP][PASSED] - break: null

2023-02-15 22:00:05 - [TEST_STEP][PASSED] - if (ExecuteTC.equalsIgnoreCase("Y")): null

2023-02-15 22:00:05 - [TEST_STEP][PASSED] - out.println("Begin Record Number: " + row): null

2023-02-15 22:00:05 - [TEST_STEP][PASSED] - today = new java.util.Date(): null

2023-02-15 22:00:05 - [TEST_STEP][PASSED] - println(today): null

2023-02-15 22:00:05 - [TEST_STEP][PASSED] - datText = today: null

2023-02-15 22:00:05 - [TEST_STEP][PASSED] - category = findTestData(dataFile).getValue("Category", row): null

2023-02-15 22:00:06 - [TEST_STEP][PASSED] - amount = findTestData(dataFile).getValue("Amount", row): null

2023-02-15 22:00:06 - [TEST_STEP][PASSED] - cardNumber = findTestData(dataFile).getValue("CardNumber", row): null

2023-02-15 22:00:06 - [TEST_STEP][PASSED] - exM = findTestData(dataFile).getValue("ExM", row): null

2023-02-15 22:00:06 - [TEST_STEP][PASSED] - exY = findTestData(dataFile).getValue("ExY", row): null

2023-02-15 22:00:06 - [TEST_STEP][PASSED] - openBrowser(VLinkURL + "authcap.html"): Browser is opened with url: 'https://dev-algorithm.govolution.com/vlinktest/QA/version_2_0/authcap.html'

2023-02-15 22:00:06 - [MESSAGE][WARNING] - A browser is already opened. Closing browser and opening a new one

2023-02-15 22:00:07 - [MESSAGE][INFO] - Starting 'Chrome' driver

2023-02-15 22:00:07 - [MESSAGE][INFO] - User set preference: ['acceptInsecureCerts', 'true']

2023-02-15 22:00:07 - [MESSAGE][INFO] - Action delay is set to 0 milliseconds

2023-02-15 22:00:09 - [MESSAGE][PASSED] - Browser is opened with url: 'https://dev-algorithm.govolution.com/vlinktest/QA/version_2_0/authcap.html'

2023-02-15 22:00:09 - [TEST_STEP][PASSED] - maximizeWindow(): Current window maximized

2023-02-15 22:00:09 - [MESSAGE][PASSED] - Current window maximized

2023-02-15 22:00:09 - [TEST_STEP][PASSED] - maximizeWindow(): Current window maximized

2023-02-15 22:00:09 - [MESSAGE][PASSED] - Current window maximized

2023-02-15 22:00:09 - [TEST_STEP][PASSED] - genRemID = RandomStringUtils.random(12, true, true): null

2023-02-15 22:00:09 - [TEST_STEP][PASSED] - setText(findTestObject("Object Repository/RecAndPlayBk/Page-Vlink-Sale/input_Remittance Id_remittance_id"), genRemID): Text '3Luoa6IL8Ont' is set on object 'Object Repository/RecAndPlayBk/Page-Vlink-Sale/input_Remittance Id_remittance_id'

2023-02-15 22:00:10 - [MESSAGE][PASSED] - Text '3Luoa6IL8Ont' is set on object 'Object Repository/RecAndPlayBk/Page-Vlink-Sale/input_Remittance Id_remittance_id'

2023-02-15 22:00:10 - [TEST_STEP][PASSED] - setText(findTestObject("Object Repository/RecAndPlayBk/Page-Vlink-Sale/input_Application Id_application_id"), appID): Text '87' is set on object 'Object Repository/RecAndPlayBk/Page-Vlink-Sale/input_Application Id_application_id'

2023-02-15 22:00:11 - [MESSAGE][PASSED] - Text '87' is set on object 'Object Repository/RecAndPlayBk/Page-Vlink-Sale/input_Application Id_application_id'

2023-02-15 22:00:11 - [TEST_STEP][PASSED] - setText(findTestObject("Object Repository/RecAndPlayBk/Page-Vlink-Sale/input_Username_username"), username): Text 'username' is set on object 'Object Repository/RecAndPlayBk/Page-Vlink-Sale/input_Username_username'

2023-02-15 22:00:11 - [MESSAGE][PASSED] - Text 'username' is set on object 'Object Repository/RecAndPlayBk/Page-Vlink-Sale/input_Username_username'

2023-02-15 22:00:11 - [TEST_STEP][PASSED] - setText(findTestObject("Object Repository/RecAndPlayBk/Page-Vlink-Sale/input_Password_password"), password): Text 'password' is set on object 'Object Repository/RecAndPlayBk/Page-Vlink-Sale/input_Password_password'

2023-02-15 22:00:12 - [MESSAGE][PASSED] - Text 'password' is set on object 'Object Repository/RecAndPlayBk/Page-Vlink-Sale/input_Password_password'

2023-02-15 22:00:12 - [TEST_STEP][PASSED] - setText(findTestObject("Object Repository/RecAndPlayBk/Page-Vlink-Sale/input_Category_category"), category): Text 'ECOM' is set on object 'Object Repository/RecAndPlayBk/Page-Vlink-Sale/input_Category_category'

2023-02-15 22:00:12 - [MESSAGE][PASSED] - Text 'ECOM' is set on object 'Object Repository/RecAndPlayBk/Page-Vlink-Sale/input_Category_category'

2023-02-15 22:00:12 - [TEST_STEP][PASSED] - setText(findTestObject("Object Repository/RecAndPlayBk/Page-Vlink-Sale/input_Amount_amount"), amount): Text '10.5' is set on object 'Object Repository/RecAndPlayBk/Page-Vlink-Sale/input_Amount_amount'

2023-02-15 22:00:13 - [MESSAGE][PASSED] - Text '10.5' is set on object 'Object Repository/RecAndPlayBk/Page-Vlink-Sale/input_Amount_amount'

2023-02-15 22:00:13 - [TEST_STEP][PASSED] - doubleClick(findTestObject("Object Repository/RecAndPlayBk/Page-Vlink-Sale/input_Card number_card_number")): Object: 'Object Repository/RecAndPlayBk/Page-Vlink-Sale/input_Card number_card_number' is double clicked on

2023-02-15 22:00:13 - [MESSAGE][PASSED] - Object: 'Object Repository/RecAndPlayBk/Page-Vlink-Sale/input_Card number_card_number' is double clicked on

2023-02-15 22:00:13 - [TEST_STEP][PASSED] - setText(findTestObject("Object Repository/RecAndPlayBk/Page-Vlink-Sale/input_Card number_card_number"), cardNumber): Text '4012000098765439' is set on object 'Object Repository/RecAndPlayBk/Page-Vlink-Sale/input_Card number_card_number'

2023-02-15 22:00:14 - [MESSAGE][PASSED] - Text '4012000098765439' is set on object 'Object Repository/RecAndPlayBk/Page-Vlink-Sale/input_Card number_card_number'

2023-02-15 22:00:14 - [TEST_STEP][PASSED] - setText(findTestObject("Object Repository/RecAndPlayBk/Page-Vlink-Sale/input_Card ex month_card_exmo"), exM): Text '12' is set on object 'Object Repository/RecAndPlayBk/Page-Vlink-Sale/input_Card ex month_card_exmo'

2023-02-15 22:00:15 - [MESSAGE][PASSED] - Text '12' is set on object 'Object Repository/RecAndPlayBk/Page-Vlink-Sale/input_Card ex month_card_exmo'

2023-02-15 22:00:15 - [TEST_STEP][PASSED] - setText(findTestObject("Object Repository/RecAndPlayBk/Page-Vlink-Sale/input_Card ex year_card_exyr"), exY): Text '2029' is set on object 'Object Repository/RecAndPlayBk/Page-Vlink-Sale/input_Card ex year_card_exyr'

2023-02-15 22:00:15 - [MESSAGE][PASSED] - Text '2029' is set on object 'Object Repository/RecAndPlayBk/Page-Vlink-Sale/input_Card ex year_card_exyr'

2023-02-15 22:00:15 - [TEST_STEP][PASSED] - click(findTestObject("Object Repository/RecAndPlayBk/Page-Vlink-Sale/input_Track Data_track_data")): Object: 'Object Repository/RecAndPlayBk/Page-Vlink-Sale/input_Track Data_track_data' is clicked on

2023-02-15 22:00:16 - [MESSAGE][PASSED] - Object: 'Object Repository/RecAndPlayBk/Page-Vlink-Sale/input_Track Data_track_data' is clicked on

2023-02-15 22:00:16 - [TEST_STEP][PASSED] - click(findTestObject("Object Repository/RecAndPlayBk/Page-Vlink-Sale/input_CVV state_cvv_state")): Object: 'Object Repository/RecAndPlayBk/Page-Vlink-Sale/input_CVV state_cvv_state' is clicked on

2023-02-15 22:00:16 - [MESSAGE][PASSED] - Object: 'Object Repository/RecAndPlayBk/Page-Vlink-Sale/input_CVV state_cvv_state' is clicked on

2023-02-15 22:00:16 - [TEST_STEP][PASSED] - setText(findTestObject("Object Repository/RecAndPlayBk/Page-Vlink-Sale/input_Track Data_track_data"), ""): Text '' is set on object 'Object Repository/RecAndPlayBk/Page-Vlink-Sale/input_Track Data_track_data'

2023-02-15 22:00:17 - [MESSAGE][PASSED] - Text '' is set on object 'Object Repository/RecAndPlayBk/Page-Vlink-Sale/input_Track Data_track_data'

2023-02-15 22:00:17 - [TEST_STEP][PASSED] - setText(findTestObject("Object Repository/RecAndPlayBk/Page-Vlink-Sale/input_concat(Cardholder, , s email)_email"), ""): Text '' is set on object 'Object Repository/RecAndPlayBk/Page-Vlink-Sale/input_concat(Cardholder, , s email)_email'

2023-02-15 22:00:17 - [MESSAGE][PASSED] - Text '' is set on object 'Object Repository/RecAndPlayBk/Page-Vlink-Sale/input_concat(Cardholder, , s email)_email'

2023-02-15 22:00:17 - [TEST_STEP][PASSED] - click(findTestObject("Object Repository/RecAndPlayBk/Page-Vlink-Sale/input_user_defined10_user_defined10")): Object: 'Object Repository/RecAndPlayBk/Page-Vlink-Sale/input_user_defined10_user_defined10' is clicked on

2023-02-15 22:00:18 - [MESSAGE][PASSED] - Object: 'Object Repository/RecAndPlayBk/Page-Vlink-Sale/input_user_defined10_user_defined10' is clicked on

2023-02-15 22:00:18 - [TEST_STEP][PASSED] - if (executionProfile.equalsIgnoreCase("QAProfile") || executionProfile.equalsIgnoreCase("DemoProfile")): Text '' is set on object 'Object Repository/RecAndPlayBk/Page-Vlink-Sale/input_COF Transaction Initiated by_cof_tran_6cded5'

2023-02-15 22:00:18 - [TEST_STEP][PASSED] - setText(findTestObject("Object Repository/RecAndPlayBk/Page-Vlink-Sale/input_Card on File Indicator_card_on_file_i_157dae"), ""): Text '' is set on object 'Object Repository/RecAndPlayBk/Page-Vlink-Sale/input_Card on File Indicator_card_on_file_i_157dae'

2023-02-15 22:00:18 - [MESSAGE][PASSED] - Text '' is set on object 'Object Repository/RecAndPlayBk/Page-Vlink-Sale/input_Card on File Indicator_card_on_file_i_157dae'

2023-02-15 22:00:18 - [TEST_STEP][PASSED] - setText(findTestObject("Object Repository/RecAndPlayBk/Page-Vlink-Sale/input_Stored Credential Indicator_stored_cr_4ae73c"), ""): Text '' is set on object 'Object Repository/RecAndPlayBk/Page-Vlink-Sale/input_Stored Credential Indicator_stored_cr_4ae73c'

2023-02-15 22:00:19 - [MESSAGE][PASSED] - Text '' is set on object 'Object Repository/RecAndPlayBk/Page-Vlink-Sale/input_Stored Credential Indicator_stored_cr_4ae73c'

2023-02-15 22:00:19 - [TEST_STEP][PASSED] - setText(findTestObject("Object Repository/RecAndPlayBk/Page-Vlink-Sale/input_COF Scheduled indicator_cof_scheduled_8df7d8"), ""): Text '' is set on object 'Object Repository/RecAndPlayBk/Page-Vlink-Sale/input_COF Scheduled indicator_cof_scheduled_8df7d8'

2023-02-15 22:00:20 - [MESSAGE][PASSED] - Text '' is set on object 'Object Repository/RecAndPlayBk/Page-Vlink-Sale/input_COF Scheduled indicator_cof_scheduled_8df7d8'

2023-02-15 22:00:20 - [TEST_STEP][PASSED] - setText(findTestObject("Object Repository/RecAndPlayBk/Page-Vlink-Sale/input_COF Transaction Initiated by_cof_tran_6cded5"), ""): Text '' is set on object 'Object Repository/RecAndPlayBk/Page-Vlink-Sale/input_COF Transaction Initiated by_cof_tran_6cded5'

2023-02-15 22:00:20 - [MESSAGE][PASSED] - Text '' is set on object 'Object Repository/RecAndPlayBk/Page-Vlink-Sale/input_COF Transaction Initiated by_cof_tran_6cded5'

2023-02-15 22:00:20 - [TEST_STEP][PASSED] - click(findTestObject("Object Repository/RecAndPlayBk/Page-Vlink-Sale/input")): Object: 'Object Repository/RecAndPlayBk/Page-Vlink-Sale/input' is clicked on

2023-02-15 22:00:22 - [MESSAGE][PASSED] - Object: 'Object Repository/RecAndPlayBk/Page-Vlink-Sale/input' is clicked on

2023-02-15 22:00:22 - [TEST_STEP][PASSED] - if (verifyTextPresent("Transaction approved, no errors", true)): null

2023-02-15 22:00:22 - [MESSAGE][PASSED] - Text 'Transaction approved, no errors' is present on page  using regular expression

2023-02-15 22:00:22 - [TEST_STEP][PASSED] - println("Transaction Approved, no errors text is present on the Confirmation page"): null

2023-02-15 22:00:22 - [TEST_STEP][PASSED] - sdfo = getText(findTestObject("Object Repository/Page_VLinkReceipt/pre_STX")): Text of object 'Object Repository/Page_VLinkReceipt/pre_STX' is: '<STX>3Luoa6IL8Ont                  12126624            0  Transaction approved, no errors                   0                                                                                  N TAS730   <ETX>'

2023-02-15 22:00:22 - [MESSAGE][PASSED] - Text of object 'Object Repository/Page_VLinkReceipt/pre_STX' is: '<STX>3Luoa6IL8Ont                  12126624            0  Transaction approved, no errors                   0                                                                                  N TAS730   <ETX>'

2023-02-15 22:00:22 - [TEST_STEP][PASSED] - out.println("sdfo: " + sdfo): null

2023-02-15 22:00:22 - [TEST_STEP][PASSED] - remID = substring(5, 35).trim(): null

2023-02-15 22:00:22 - [TEST_STEP][PASSED] - out.println("remID: " + remID): null

2023-02-15 22:00:22 - [TEST_STEP][PASSED] - traxID = substring(35, 55).trim(): null

2023-02-15 22:00:22 - [TEST_STEP][PASSED] - out.println("traxID: " + traxID): null

2023-02-15 22:00:22 - [TEST_STEP][PASSED] - VLinkSaleRemID = remID: null

2023-02-15 22:00:22 - [TEST_STEP][PASSED] - VLinkSaleTranxID = traxID: null

2023-02-15 22:00:22 - [TEST_STEP][PASSED] - openBrowser(VLinkURL + "CC_void.html"): Browser is opened with url: 'https://dev-algorithm.govolution.com/vlinktest/QA/version_2_0/CC_void.html'

2023-02-15 22:00:22 - [MESSAGE][WARNING] - A browser is already opened. Closing browser and opening a new one

2023-02-15 22:00:23 - [MESSAGE][INFO] - Starting 'Chrome' driver

2023-02-15 22:00:23 - [MESSAGE][INFO] - User set preference: ['acceptInsecureCerts', 'true']

2023-02-15 22:00:23 - [MESSAGE][INFO] - Action delay is set to 0 milliseconds

2023-02-15 22:00:25 - [MESSAGE][PASSED] - Browser is opened with url: 'https://dev-algorithm.govolution.com/vlinktest/QA/version_2_0/CC_void.html'

2023-02-15 22:00:25 - [TEST_STEP][PASSED] - maximizeWindow(): Current window maximized

2023-02-15 22:00:25 - [MESSAGE][PASSED] - Current window maximized

2023-02-15 22:00:25 - [TEST_STEP][PASSED] - setText(findTestObject("Object Repository/RecAndPlayBk/Page-Vlink-CC-Void/txt_RemID"), VLinkSaleRemID): Text '3Luoa6IL8Ont' is set on object 'Object Repository/RecAndPlayBk/Page-Vlink-CC-Void/txt_RemID'

2023-02-15 22:00:26 - [MESSAGE][PASSED] - Text '3Luoa6IL8Ont' is set on object 'Object Repository/RecAndPlayBk/Page-Vlink-CC-Void/txt_RemID'

2023-02-15 22:00:26 - [TEST_STEP][PASSED] - setText(findTestObject("Object Repository/RecAndPlayBk/Page-Vlink-CC-Void/txt_ApplicationID"), appID): Text '87' is set on object 'Object Repository/RecAndPlayBk/Page-Vlink-CC-Void/txt_ApplicationID'

2023-02-15 22:00:27 - [MESSAGE][PASSED] - Text '87' is set on object 'Object Repository/RecAndPlayBk/Page-Vlink-CC-Void/txt_ApplicationID'

2023-02-15 22:00:27 - [TEST_STEP][PASSED] - setText(findTestObject("Object Repository/RecAndPlayBk/Page-Vlink-CC-Void/txt_Username"), username): Text 'username' is set on object 'Object Repository/RecAndPlayBk/Page-Vlink-CC-Void/txt_Username'

2023-02-15 22:00:27 - [MESSAGE][PASSED] - Text 'username' is set on object 'Object Repository/RecAndPlayBk/Page-Vlink-CC-Void/txt_Username'

2023-02-15 22:00:27 - [TEST_STEP][PASSED] - setText(findTestObject("Object Repository/RecAndPlayBk/Page-Vlink-CC-Void/txt_Password"), password): Text 'password' is set on object 'Object Repository/RecAndPlayBk/Page-Vlink-CC-Void/txt_Password'

2023-02-15 22:00:28 - [MESSAGE][PASSED] - Text 'password' is set on object 'Object Repository/RecAndPlayBk/Page-Vlink-CC-Void/txt_Password'

2023-02-15 22:00:28 - [TEST_STEP][PASSED] - setText(findTestObject("Object Repository/RecAndPlayBk/Page-Vlink-CC-Void/txt_TransactionID"), VLinkSaleTranxID): Text '12126624' is set on object 'Object Repository/RecAndPlayBk/Page-Vlink-CC-Void/txt_TransactionID'

2023-02-15 22:00:28 - [MESSAGE][PASSED] - Text '12126624' is set on object 'Object Repository/RecAndPlayBk/Page-Vlink-CC-Void/txt_TransactionID'

2023-02-15 22:00:28 - [TEST_STEP][PASSED] - setText(findTestObject("Object Repository/RecAndPlayBk/Page-Vlink-CC-Void/txt_OriginalTransactionType"), "104"): Text '104' is set on object 'Object Repository/RecAndPlayBk/Page-Vlink-CC-Void/txt_OriginalTransactionType'

2023-02-15 22:00:29 - [MESSAGE][PASSED] - Text '104' is set on object 'Object Repository/RecAndPlayBk/Page-Vlink-CC-Void/txt_OriginalTransactionType'

2023-02-15 22:00:29 - [TEST_STEP][PASSED] - setText(findTestObject("Object Repository/RecAndPlayBk/Page-Vlink-CC-Void/txt_TrackData"), ""): Text '' is set on object 'Object Repository/RecAndPlayBk/Page-Vlink-CC-Void/txt_TrackData'

2023-02-15 22:00:30 - [MESSAGE][PASSED] - Text '' is set on object 'Object Repository/RecAndPlayBk/Page-Vlink-CC-Void/txt_TrackData'

2023-02-15 22:00:30 - [TEST_STEP][PASSED] - click(findTestObject("Object Repository/RecAndPlayBk/Page-Vlink-CC-Void/btn_ProcessVLinkTransaction")): Object: 'Object Repository/RecAndPlayBk/Page-Vlink-CC-Void/btn_ProcessVLinkTransaction' is clicked on

2023-02-15 22:00:32 - [MESSAGE][PASSED] - Object: 'Object Repository/RecAndPlayBk/Page-Vlink-CC-Void/btn_ProcessVLinkTransaction' is clicked on

2023-02-15 22:00:32 - [TEST_STEP][PASSED] - if (verifyTextPresent("Transaction approved, no errors", true)): null

2023-02-15 22:00:32 - [MESSAGE][PASSED] - Text 'Transaction approved, no errors' is present on page  using regular expression

2023-02-15 22:00:32 - [TEST_STEP][PASSED] - println("Transaction Approved, no errors text is present on the Confirmation page"): null

2023-02-15 22:00:32 - [TEST_STEP][PASSED] - out.println("Pass Record Number: " + row): null

2023-02-15 22:00:32 - [TEST_STEP][PASSED] - resText = "Pass": null

2023-02-15 22:00:32 - [TEST_STEP][PASSED] - pages.WriteExcel.demoKey(resText, datText, resColumn, datCloumn, fileLoc, nameSheet, row): pages.WriteExcel.demoKey is PASSED

2023-02-15 22:00:32 - [MESSAGE][PASSED] - pages.WriteExcel.demoKey is PASSED

2023-02-15 22:00:32 - [TEST_STEP][PASSED] - ExecuteTC = findTestData(dataFile).getValue("Execute", row): null

2023-02-15 22:00:32 - [TEST_STEP][PASSED] - out.println("Value of Execute is : " + ExecuteTC): null

2023-02-15 22:00:32 - [TEST_STEP][PASSED] - switch (executionProfile): null

2023-02-15 22:00:32 - [TEST_STEP][PASSED] - case "QAProfile":: null

2023-02-15 22:00:32 - [TEST_STEP][PASSED] - appID = findTestData(dataFile).getValue("AppIDQA", row): null

2023-02-15 22:00:32 - [TEST_STEP][PASSED] - username = findTestData(dataFile).getValue("UsernameQA", row): null

2023-02-15 22:00:32 - [TEST_STEP][PASSED] - password = findTestData(dataFile).getValue("PasswordQA", row): null

2023-02-15 22:00:33 - [TEST_STEP][PASSED] - break: null

2023-02-15 22:00:33 - [TEST_STEP][PASSED] - if (ExecuteTC.equalsIgnoreCase("Y")): null

2023-02-15 22:00:33 - [TEST_STEP][PASSED] - out.println("Begin Record Number: " + row): null

2023-02-15 22:00:33 - [TEST_STEP][PASSED] - today = new java.util.Date(): null

2023-02-15 22:00:33 - [TEST_STEP][PASSED] - println(today): null

2023-02-15 22:00:33 - [TEST_STEP][PASSED] - datText = today: null

2023-02-15 22:00:33 - [TEST_STEP][PASSED] - category = findTestData(dataFile).getValue("Category", row): null

2023-02-15 22:00:33 - [TEST_STEP][PASSED] - amount = findTestData(dataFile).getValue("Amount", row): null

2023-02-15 22:00:33 - [TEST_STEP][PASSED] - cardNumber = findTestData(dataFile).getValue("CardNumber", row): null

2023-02-15 22:00:33 - [TEST_STEP][PASSED] - exM = findTestData(dataFile).getValue("ExM", row): null

2023-02-15 22:00:33 - [TEST_STEP][PASSED] - exY = findTestData(dataFile).getValue("ExY", row): null

2023-02-15 22:00:33 - [TEST_STEP][PASSED] - openBrowser(VLinkURL + "authcap.html"): Browser is opened with url: 'https://dev-algorithm.govolution.com/vlinktest/QA/version_2_0/authcap.html'

2023-02-15 22:00:33 - [MESSAGE][WARNING] - A browser is already opened. Closing browser and opening a new one

2023-02-15 22:00:34 - [MESSAGE][INFO] - Starting 'Chrome' driver

2023-02-15 22:00:34 - [MESSAGE][INFO] - User set preference: ['acceptInsecureCerts', 'true']

2023-02-15 22:00:34 - [MESSAGE][INFO] - Action delay is set to 0 milliseconds

2023-02-15 22:00:36 - [MESSAGE][PASSED] - Browser is opened with url: 'https://dev-algorithm.govolution.com/vlinktest/QA/version_2_0/authcap.html'

2023-02-15 22:00:36 - [TEST_STEP][PASSED] - maximizeWindow(): Current window maximized

2023-02-15 22:00:36 - [MESSAGE][PASSED] - Current window maximized

2023-02-15 22:00:36 - [TEST_STEP][PASSED] - maximizeWindow(): Current window maximized

2023-02-15 22:00:36 - [MESSAGE][PASSED] - Current window maximized

2023-02-15 22:00:36 - [TEST_STEP][PASSED] - genRemID = RandomStringUtils.random(12, true, true): null

2023-02-15 22:00:36 - [TEST_STEP][PASSED] - setText(findTestObject("Object Repository/RecAndPlayBk/Page-Vlink-Sale/input_Remittance Id_remittance_id"), genRemID): Text '7GEkrVIN0lk1' is set on object 'Object Repository/RecAndPlayBk/Page-Vlink-Sale/input_Remittance Id_remittance_id'

2023-02-15 22:00:37 - [MESSAGE][PASSED] - Text '7GEkrVIN0lk1' is set on object 'Object Repository/RecAndPlayBk/Page-Vlink-Sale/input_Remittance Id_remittance_id'

2023-02-15 22:00:37 - [TEST_STEP][PASSED] - setText(findTestObject("Object Repository/RecAndPlayBk/Page-Vlink-Sale/input_Application Id_application_id"), appID): Text '581' is set on object 'Object Repository/RecAndPlayBk/Page-Vlink-Sale/input_Application Id_application_id'

2023-02-15 22:00:37 - [MESSAGE][PASSED] - Text '581' is set on object 'Object Repository/RecAndPlayBk/Page-Vlink-Sale/input_Application Id_application_id'

2023-02-15 22:00:37 - [TEST_STEP][PASSED] - setText(findTestObject("Object Repository/RecAndPlayBk/Page-Vlink-Sale/input_Username_username"), username): Text 'usr581' is set on object 'Object Repository/RecAndPlayBk/Page-Vlink-Sale/input_Username_username'

2023-02-15 22:00:38 - [MESSAGE][PASSED] - Text 'usr581' is set on object 'Object Repository/RecAndPlayBk/Page-Vlink-Sale/input_Username_username'

2023-02-15 22:00:38 - [TEST_STEP][PASSED] - setText(findTestObject("Object Repository/RecAndPlayBk/Page-Vlink-Sale/input_Password_password"), password): Text 'pwd581' is set on object 'Object Repository/RecAndPlayBk/Page-Vlink-Sale/input_Password_password'

2023-02-15 22:00:39 - [MESSAGE][PASSED] - Text 'pwd581' is set on object 'Object Repository/RecAndPlayBk/Page-Vlink-Sale/input_Password_password'

2023-02-15 22:00:39 - [TEST_STEP][PASSED] - setText(findTestObject("Object Repository/RecAndPlayBk/Page-Vlink-Sale/input_Category_category"), category): Text 'ECOM' is set on object 'Object Repository/RecAndPlayBk/Page-Vlink-Sale/input_Category_category'

2023-02-15 22:00:39 - [MESSAGE][PASSED] - Text 'ECOM' is set on object 'Object Repository/RecAndPlayBk/Page-Vlink-Sale/input_Category_category'

2023-02-15 22:00:39 - [TEST_STEP][PASSED] - setText(findTestObject("Object Repository/RecAndPlayBk/Page-Vlink-Sale/input_Amount_amount"), amount): Text '10.5' is set on object 'Object Repository/RecAndPlayBk/Page-Vlink-Sale/input_Amount_amount'

2023-02-15 22:00:40 - [MESSAGE][PASSED] - Text '10.5' is set on object 'Object Repository/RecAndPlayBk/Page-Vlink-Sale/input_Amount_amount'

2023-02-15 22:00:40 - [TEST_STEP][PASSED] - doubleClick(findTestObject("Object Repository/RecAndPlayBk/Page-Vlink-Sale/input_Card number_card_number")): Object: 'Object Repository/RecAndPlayBk/Page-Vlink-Sale/input_Card number_card_number' is double clicked on

2023-02-15 22:00:40 - [MESSAGE][PASSED] - Object: 'Object Repository/RecAndPlayBk/Page-Vlink-Sale/input_Card number_card_number' is double clicked on

2023-02-15 22:00:40 - [TEST_STEP][PASSED] - setText(findTestObject("Object Repository/RecAndPlayBk/Page-Vlink-Sale/input_Card number_card_number"), cardNumber): Text '5146312200000035' is set on object 'Object Repository/RecAndPlayBk/Page-Vlink-Sale/input_Card number_card_number'

2023-02-15 22:00:41 - [MESSAGE][PASSED] - Text '5146312200000035' is set on object 'Object Repository/RecAndPlayBk/Page-Vlink-Sale/input_Card number_card_number'

2023-02-15 22:00:41 - [TEST_STEP][PASSED] - setText(findTestObject("Object Repository/RecAndPlayBk/Page-Vlink-Sale/input_Card ex month_card_exmo"), exM): Text '12' is set on object 'Object Repository/RecAndPlayBk/Page-Vlink-Sale/input_Card ex month_card_exmo'

2023-02-15 22:00:42 - [MESSAGE][PASSED] - Text '12' is set on object 'Object Repository/RecAndPlayBk/Page-Vlink-Sale/input_Card ex month_card_exmo'

2023-02-15 22:00:42 - [TEST_STEP][PASSED] - setText(findTestObject("Object Repository/RecAndPlayBk/Page-Vlink-Sale/input_Card ex year_card_exyr"), exY): Text '2029' is set on object 'Object Repository/RecAndPlayBk/Page-Vlink-Sale/input_Card ex year_card_exyr'

2023-02-15 22:00:42 - [MESSAGE][PASSED] - Text '2029' is set on object 'Object Repository/RecAndPlayBk/Page-Vlink-Sale/input_Card ex year_card_exyr'

2023-02-15 22:00:42 - [TEST_STEP][PASSED] - click(findTestObject("Object Repository/RecAndPlayBk/Page-Vlink-Sale/input_Track Data_track_data")): Object: 'Object Repository/RecAndPlayBk/Page-Vlink-Sale/input_Track Data_track_data' is clicked on

2023-02-15 22:00:42 - [MESSAGE][PASSED] - Object: 'Object Repository/RecAndPlayBk/Page-Vlink-Sale/input_Track Data_track_data' is clicked on

2023-02-15 22:00:42 - [TEST_STEP][PASSED] - click(findTestObject("Object Repository/RecAndPlayBk/Page-Vlink-Sale/input_CVV state_cvv_state")): Object: 'Object Repository/RecAndPlayBk/Page-Vlink-Sale/input_CVV state_cvv_state' is clicked on

2023-02-15 22:00:43 - [MESSAGE][PASSED] - Object: 'Object Repository/RecAndPlayBk/Page-Vlink-Sale/input_CVV state_cvv_state' is clicked on

2023-02-15 22:00:43 - [TEST_STEP][PASSED] - setText(findTestObject("Object Repository/RecAndPlayBk/Page-Vlink-Sale/input_Track Data_track_data"), ""): Text '' is set on object 'Object Repository/RecAndPlayBk/Page-Vlink-Sale/input_Track Data_track_data'

2023-02-15 22:00:43 - [MESSAGE][PASSED] - Text '' is set on object 'Object Repository/RecAndPlayBk/Page-Vlink-Sale/input_Track Data_track_data'

2023-02-15 22:00:43 - [TEST_STEP][PASSED] - setText(findTestObject("Object Repository/RecAndPlayBk/Page-Vlink-Sale/input_concat(Cardholder, , s email)_email"), ""): Text '' is set on object 'Object Repository/RecAndPlayBk/Page-Vlink-Sale/input_concat(Cardholder, , s email)_email'

2023-02-15 22:00:44 - [MESSAGE][PASSED] - Text '' is set on object 'Object Repository/RecAndPlayBk/Page-Vlink-Sale/input_concat(Cardholder, , s email)_email'

2023-02-15 22:00:44 - [TEST_STEP][PASSED] - click(findTestObject("Object Repository/RecAndPlayBk/Page-Vlink-Sale/input_user_defined10_user_defined10")): Object: 'Object Repository/RecAndPlayBk/Page-Vlink-Sale/input_user_defined10_user_defined10' is clicked on

2023-02-15 22:00:44 - [MESSAGE][PASSED] - Object: 'Object Repository/RecAndPlayBk/Page-Vlink-Sale/input_user_defined10_user_defined10' is clicked on

2023-02-15 22:00:44 - [TEST_STEP][PASSED] - if (executionProfile.equalsIgnoreCase("QAProfile") || executionProfile.equalsIgnoreCase("DemoProfile")): Text '' is set on object 'Object Repository/RecAndPlayBk/Page-Vlink-Sale/input_COF Transaction Initiated by_cof_tran_6cded5'

2023-02-15 22:00:44 - [TEST_STEP][PASSED] - setText(findTestObject("Object Repository/RecAndPlayBk/Page-Vlink-Sale/input_Card on File Indicator_card_on_file_i_157dae"), ""): Text '' is set on object 'Object Repository/RecAndPlayBk/Page-Vlink-Sale/input_Card on File Indicator_card_on_file_i_157dae'

2023-02-15 22:00:45 - [MESSAGE][PASSED] - Text '' is set on object 'Object Repository/RecAndPlayBk/Page-Vlink-Sale/input_Card on File Indicator_card_on_file_i_157dae'

2023-02-15 22:00:45 - [TEST_STEP][PASSED] - setText(findTestObject("Object Repository/RecAndPlayBk/Page-Vlink-Sale/input_Stored Credential Indicator_stored_cr_4ae73c"), ""): Text '' is set on object 'Object Repository/RecAndPlayBk/Page-Vlink-Sale/input_Stored Credential Indicator_stored_cr_4ae73c'

2023-02-15 22:00:46 - [MESSAGE][PASSED] - Text '' is set on object 'Object Repository/RecAndPlayBk/Page-Vlink-Sale/input_Stored Credential Indicator_stored_cr_4ae73c'

2023-02-15 22:00:46 - [TEST_STEP][PASSED] - setText(findTestObject("Object Repository/RecAndPlayBk/Page-Vlink-Sale/input_COF Scheduled indicator_cof_scheduled_8df7d8"), ""): Text '' is set on object 'Object Repository/RecAndPlayBk/Page-Vlink-Sale/input_COF Scheduled indicator_cof_scheduled_8df7d8'

2023-02-15 22:00:46 - [MESSAGE][PASSED] - Text '' is set on object 'Object Repository/RecAndPlayBk/Page-Vlink-Sale/input_COF Scheduled indicator_cof_scheduled_8df7d8'

2023-02-15 22:00:46 - [TEST_STEP][PASSED] - setText(findTestObject("Object Repository/RecAndPlayBk/Page-Vlink-Sale/input_COF Transaction Initiated by_cof_tran_6cded5"), ""): Text '' is set on object 'Object Repository/RecAndPlayBk/Page-Vlink-Sale/input_COF Transaction Initiated by_cof_tran_6cded5'

2023-02-15 22:00:47 - [MESSAGE][PASSED] - Text '' is set on object 'Object Repository/RecAndPlayBk/Page-Vlink-Sale/input_COF Transaction Initiated by_cof_tran_6cded5'

2023-02-15 22:00:47 - [TEST_STEP][PASSED] - click(findTestObject("Object Repository/RecAndPlayBk/Page-Vlink-Sale/input")): Object: 'Object Repository/RecAndPlayBk/Page-Vlink-Sale/input' is clicked on

2023-02-15 22:00:48 - [MESSAGE][PASSED] - Object: 'Object Repository/RecAndPlayBk/Page-Vlink-Sale/input' is clicked on

2023-02-15 22:00:48 - [TEST_STEP][PASSED] - if (verifyTextPresent("Transaction approved, no errors", true)): null

2023-02-15 22:00:48 - [MESSAGE][PASSED] - Text 'Transaction approved, no errors' is present on page  using regular expression

2023-02-15 22:00:48 - [TEST_STEP][PASSED] - println("Transaction Approved, no errors text is present on the Confirmation page"): null

2023-02-15 22:00:48 - [TEST_STEP][PASSED] - sdfo = getText(findTestObject("Object Repository/Page_VLinkReceipt/pre_STX")): Text of object 'Object Repository/Page_VLinkReceipt/pre_STX' is: '<STX>7GEkrVIN0lk1                  12126626            0  Transaction approved, no errors                   0                                                                                  Y 000054   <ETX>'

2023-02-15 22:00:49 - [MESSAGE][PASSED] - Text of object 'Object Repository/Page_VLinkReceipt/pre_STX' is: '<STX>7GEkrVIN0lk1                  12126626            0  Transaction approved, no errors                   0                                                                                  Y 000054   <ETX>'

2023-02-15 22:00:49 - [TEST_STEP][PASSED] - out.println("sdfo: " + sdfo): null

2023-02-15 22:00:49 - [TEST_STEP][PASSED] - remID = substring(5, 35).trim(): null

2023-02-15 22:00:49 - [TEST_STEP][PASSED] - out.println("remID: " + remID): null

2023-02-15 22:00:49 - [TEST_STEP][PASSED] - traxID = substring(35, 55).trim(): null

2023-02-15 22:00:49 - [TEST_STEP][PASSED] - out.println("traxID: " + traxID): null

2023-02-15 22:00:49 - [TEST_STEP][PASSED] - VLinkSaleRemID = remID: null

2023-02-15 22:00:49 - [TEST_STEP][PASSED] - VLinkSaleTranxID = traxID: null

2023-02-15 22:00:49 - [TEST_STEP][PASSED] - openBrowser(VLinkURL + "CC_void.html"): Browser is opened with url: 'https://dev-algorithm.govolution.com/vlinktest/QA/version_2_0/CC_void.html'

2023-02-15 22:00:49 - [MESSAGE][WARNING] - A browser is already opened. Closing browser and opening a new one

2023-02-15 22:00:50 - [MESSAGE][INFO] - Starting 'Chrome' driver

2023-02-15 22:00:50 - [MESSAGE][INFO] - User set preference: ['acceptInsecureCerts', 'true']

2023-02-15 22:00:50 - [MESSAGE][INFO] - Action delay is set to 0 milliseconds

2023-02-15 22:00:51 - [MESSAGE][PASSED] - Browser is opened with url: 'https://dev-algorithm.govolution.com/vlinktest/QA/version_2_0/CC_void.html'

2023-02-15 22:00:51 - [TEST_STEP][PASSED] - maximizeWindow(): Current window maximized

2023-02-15 22:00:52 - [MESSAGE][PASSED] - Current window maximized

2023-02-15 22:00:52 - [TEST_STEP][PASSED] - setText(findTestObject("Object Repository/RecAndPlayBk/Page-Vlink-CC-Void/txt_RemID"), VLinkSaleRemID): Text '7GEkrVIN0lk1' is set on object 'Object Repository/RecAndPlayBk/Page-Vlink-CC-Void/txt_RemID'

2023-02-15 22:00:52 - [MESSAGE][PASSED] - Text '7GEkrVIN0lk1' is set on object 'Object Repository/RecAndPlayBk/Page-Vlink-CC-Void/txt_RemID'

2023-02-15 22:00:52 - [TEST_STEP][PASSED] - setText(findTestObject("Object Repository/RecAndPlayBk/Page-Vlink-CC-Void/txt_ApplicationID"), appID): Text '581' is set on object 'Object Repository/RecAndPlayBk/Page-Vlink-CC-Void/txt_ApplicationID'

2023-02-15 22:00:53 - [MESSAGE][PASSED] - Text '581' is set on object 'Object Repository/RecAndPlayBk/Page-Vlink-CC-Void/txt_ApplicationID'

2023-02-15 22:00:53 - [TEST_STEP][PASSED] - setText(findTestObject("Object Repository/RecAndPlayBk/Page-Vlink-CC-Void/txt_Username"), username): Text 'usr581' is set on object 'Object Repository/RecAndPlayBk/Page-Vlink-CC-Void/txt_Username'

2023-02-15 22:00:54 - [MESSAGE][PASSED] - Text 'usr581' is set on object 'Object Repository/RecAndPlayBk/Page-Vlink-CC-Void/txt_Username'

2023-02-15 22:00:54 - [TEST_STEP][PASSED] - setText(findTestObject("Object Repository/RecAndPlayBk/Page-Vlink-CC-Void/txt_Password"), password): Text 'pwd581' is set on object 'Object Repository/RecAndPlayBk/Page-Vlink-CC-Void/txt_Password'

2023-02-15 22:00:54 - [MESSAGE][PASSED] - Text 'pwd581' is set on object 'Object Repository/RecAndPlayBk/Page-Vlink-CC-Void/txt_Password'

2023-02-15 22:00:54 - [TEST_STEP][PASSED] - setText(findTestObject("Object Repository/RecAndPlayBk/Page-Vlink-CC-Void/txt_TransactionID"), VLinkSaleTranxID): Text '12126626' is set on object 'Object Repository/RecAndPlayBk/Page-Vlink-CC-Void/txt_TransactionID'

2023-02-15 22:00:55 - [MESSAGE][PASSED] - Text '12126626' is set on object 'Object Repository/RecAndPlayBk/Page-Vlink-CC-Void/txt_TransactionID'

2023-02-15 22:00:55 - [TEST_STEP][PASSED] - setText(findTestObject("Object Repository/RecAndPlayBk/Page-Vlink-CC-Void/txt_OriginalTransactionType"), "104"): Text '104' is set on object 'Object Repository/RecAndPlayBk/Page-Vlink-CC-Void/txt_OriginalTransactionType'

2023-02-15 22:00:55 - [MESSAGE][PASSED] - Text '104' is set on object 'Object Repository/RecAndPlayBk/Page-Vlink-CC-Void/txt_OriginalTransactionType'

2023-02-15 22:00:55 - [TEST_STEP][PASSED] - setText(findTestObject("Object Repository/RecAndPlayBk/Page-Vlink-CC-Void/txt_TrackData"), ""): Text '' is set on object 'Object Repository/RecAndPlayBk/Page-Vlink-CC-Void/txt_TrackData'

2023-02-15 22:00:56 - [MESSAGE][PASSED] - Text '' is set on object 'Object Repository/RecAndPlayBk/Page-Vlink-CC-Void/txt_TrackData'

2023-02-15 22:00:56 - [TEST_STEP][PASSED] - click(findTestObject("Object Repository/RecAndPlayBk/Page-Vlink-CC-Void/btn_ProcessVLinkTransaction")): Object: 'Object Repository/RecAndPlayBk/Page-Vlink-CC-Void/btn_ProcessVLinkTransaction' is clicked on

2023-02-15 22:00:58 - [MESSAGE][PASSED] - Object: 'Object Repository/RecAndPlayBk/Page-Vlink-CC-Void/btn_ProcessVLinkTransaction' is clicked on

2023-02-15 22:00:58 - [TEST_STEP][PASSED] - if (verifyTextPresent("Transaction approved, no errors", true)): null

2023-02-15 22:00:58 - [MESSAGE][PASSED] - Text 'Transaction approved, no errors' is present on page  using regular expression

2023-02-15 22:00:58 - [TEST_STEP][PASSED] - println("Transaction Approved, no errors text is present on the Confirmation page"): null

2023-02-15 22:00:58 - [TEST_STEP][PASSED] - out.println("Pass Record Number: " + row): null

2023-02-15 22:00:58 - [TEST_STEP][PASSED] - resText = "Pass": null

2023-02-15 22:00:58 - [TEST_STEP][PASSED] - pages.WriteExcel.demoKey(resText, datText, resColumn, datCloumn, fileLoc, nameSheet, row): pages.WriteExcel.demoKey is PASSED

2023-02-15 22:00:58 - [MESSAGE][PASSED] - pages.WriteExcel.demoKey is PASSED]]></system-out>
         <system-err><![CDATA[2023-02-15 21:58:56 - [TEST_CASE][FAILED] - Test Cases/RecAndPlayBk/VLink/Sale-Void: Test Cases/RecAndPlayBk/VLink/Sale-Void FAILED.
Reason:
com.kms.katalon.core.exception.StepFailedException: Text 'Transaction approved, no errors' is not present on page  using regular expression (Root cause: com.kms.katalon.core.exception.StepFailedException: Text 'Transaction approved, no errors' is not present on page  using regular expression
	at com.kms.katalon.core.webui.keyword.internal.WebUIKeywordMain.stepFailed(WebUIKeywordMain.groovy:64)
	at com.kms.katalon.core.webui.keyword.builtin.VerifyTextPresentKeyword$_verifyTextPresent_closure1.doCall(VerifyTextPresentKeyword.groovy:79)
	at com.kms.katalon.core.webui.keyword.builtin.VerifyTextPresentKeyword$_verifyTextPresent_closure1.call(VerifyTextPresentKeyword.groovy)
	at com.kms.katalon.core.webui.keyword.internal.WebUIKeywordMain.runKeyword(WebUIKeywordMain.groovy:20)
	at com.kms.katalon.core.webui.keyword.builtin.VerifyTextPresentKeyword.verifyTextPresent(VerifyTextPresentKeyword.groovy:83)
	at com.kms.katalon.core.webui.keyword.builtin.VerifyTextPresentKeyword.execute(VerifyTextPresentKeyword.groovy:68)
	at com.kms.katalon.core.keyword.internal.KeywordExecutor.executeKeywordForPlatform(KeywordExecutor.groovy:74)
	at com.kms.katalon.core.webui.keyword.WebUiBuiltInKeywords.verifyTextPresent(WebUiBuiltInKeywords.groovy:1723)
	at com.kms.katalon.core.webui.keyword.WebUiBuiltInKeywords$verifyTextPresent$4.call(Unknown Source)
	at Sale-Void.run(Sale-Void:155)
	at com.kms.katalon.core.main.ScriptEngine.run(ScriptEngine.java:194)
	at com.kms.katalon.core.main.ScriptEngine.runScriptAsRawText(ScriptEngine.java:119)
	at com.kms.katalon.core.main.TestCaseExecutor.runScript(TestCaseExecutor.java:442)
	at com.kms.katalon.core.main.TestCaseExecutor.doExecute(TestCaseExecutor.java:433)
	at com.kms.katalon.core.main.TestCaseExecutor.processExecutionPhase(TestCaseExecutor.java:412)
	at com.kms.katalon.core.main.TestCaseExecutor.accessMainPhase(TestCaseExecutor.java:404)
	at com.kms.katalon.core.main.TestCaseExecutor.execute(TestCaseExecutor.java:281)
	at com.kms.katalon.core.main.TestSuiteExecutor.accessTestCaseMainPhase(TestSuiteExecutor.java:202)
	at com.kms.katalon.core.main.TestSuiteExecutor.accessTestSuiteMainPhase(TestSuiteExecutor.java:164)
	at com.kms.katalon.core.main.TestSuiteExecutor.execute(TestSuiteExecutor.java:105)
	at com.kms.katalon.core.main.TestCaseMain.startTestSuite(TestCaseMain.java:185)
	at com.kms.katalon.core.main.TestCaseMain$startTestSuite$0.call(Unknown Source)
	at TempTestSuite1676515943031.run(TempTestSuite1676515943031.groovy:36)
)
	at com.kms.katalon.core.keyword.internal.KeywordMain.stepFailed(KeywordMain.groovy:39)
	at com.kms.katalon.core.webui.keyword.internal.WebUIKeywordMain.stepFailed(WebUIKeywordMain.groovy:64)
	at com.kms.katalon.core.webui.keyword.builtin.VerifyTextPresentKeyword$_verifyTextPresent_closure1.doCall(VerifyTextPresentKeyword.groovy:79)
	at com.kms.katalon.core.webui.keyword.builtin.VerifyTextPresentKeyword$_verifyTextPresent_closure1.call(VerifyTextPresentKeyword.groovy)
	at com.kms.katalon.core.webui.keyword.internal.WebUIKeywordMain.runKeyword(WebUIKeywordMain.groovy:20)
	at com.kms.katalon.core.webui.keyword.builtin.VerifyTextPresentKeyword.verifyTextPresent(VerifyTextPresentKeyword.groovy:83)
	at com.kms.katalon.core.webui.keyword.builtin.VerifyTextPresentKeyword.execute(VerifyTextPresentKeyword.groovy:68)
	at com.kms.katalon.core.keyword.internal.KeywordExecutor.executeKeywordForPlatform(KeywordExecutor.groovy:74)
	at com.kms.katalon.core.webui.keyword.WebUiBuiltInKeywords.verifyTextPresent(WebUiBuiltInKeywords.groovy:1723)
	at com.kms.katalon.core.webui.keyword.WebUiBuiltInKeywords$verifyTextPresent$4.call(Unknown Source)
	at Sale-Void.run(Sale-Void:155)
	at com.kms.katalon.core.main.ScriptEngine.run(ScriptEngine.java:194)
	at com.kms.katalon.core.main.ScriptEngine.runScriptAsRawText(ScriptEngine.java:119)
	at com.kms.katalon.core.main.TestCaseExecutor.runScript(TestCaseExecutor.java:442)
	at com.kms.katalon.core.main.TestCaseExecutor.doExecute(TestCaseExecutor.java:433)
	at com.kms.katalon.core.main.TestCaseExecutor.processExecutionPhase(TestCaseExecutor.java:412)
	at com.kms.katalon.core.main.TestCaseExecutor.accessMainPhase(TestCaseExecutor.java:404)
	at com.kms.katalon.core.main.TestCaseExecutor.execute(TestCaseExecutor.java:281)
	at com.kms.katalon.core.main.TestSuiteExecutor.accessTestCaseMainPhase(TestSuiteExecutor.java:202)
	at com.kms.katalon.core.main.TestSuiteExecutor.accessTestSuiteMainPhase(TestSuiteExecutor.java:164)
	at com.kms.katalon.core.main.TestSuiteExecutor.execute(TestSuiteExecutor.java:105)
	at com.kms.katalon.core.main.TestCaseMain.startTestSuite(TestCaseMain.java:185)
	at com.kms.katalon.core.main.TestCaseMain$startTestSuite$0.call(Unknown Source)
	at TempTestSuite1676515943031.run(TempTestSuite1676515943031.groovy:36)
Caused by: com.kms.katalon.core.exception.StepFailedException: Text 'Transaction approved, no errors' is not present on page  using regular expression
	... 23 more]]></system-err>
      </testcase>
      <testcase name="Test Cases/RecAndPlayBk/VLink/Sale-Credit" time="132.277" classname="Test Cases/RecAndPlayBk/VLink/Sale-Credit" status="FAILED">
         <failure type="FAILED" message="Test Cases/RecAndPlayBk/VLink/Sale-Credit FAILED.
Reason:
com.kms.katalon.core.exception.StepFailedException: Text 'Transaction approved, no errors' is not present on page  using regular expression (Root cause: com.kms.katalon.core.exception.StepFailedException: Text 'Transaction approved, no errors' is not present on page  using regular expression
	at com.kms.katalon.core.webui.keyword.internal.WebUIKeywordMain.stepFailed(WebUIKeywordMain.groovy:64)
	at com.kms.katalon.core.webui.keyword.builtin.VerifyTextPresentKeyword$_verifyTextPresent_closure1.doCall(VerifyTextPresentKeyword.groovy:79)
	at com.kms.katalon.core.webui.keyword.builtin.VerifyTextPresentKeyword$_verifyTextPresent_closure1.call(VerifyTextPresentKeyword.groovy)
	at com.kms.katalon.core.webui.keyword.internal.WebUIKeywordMain.runKeyword(WebUIKeywordMain.groovy:20)
	at com.kms.katalon.core.webui.keyword.builtin.VerifyTextPresentKeyword.verifyTextPresent(VerifyTextPresentKeyword.groovy:83)
	at com.kms.katalon.core.webui.keyword.builtin.VerifyTextPresentKeyword.execute(VerifyTextPresentKeyword.groovy:68)
	at com.kms.katalon.core.keyword.internal.KeywordExecutor.executeKeywordForPlatform(KeywordExecutor.groovy:74)
	at com.kms.katalon.core.webui.keyword.WebUiBuiltInKeywords.verifyTextPresent(WebUiBuiltInKeywords.groovy:1723)
	at com.kms.katalon.core.webui.keyword.WebUiBuiltInKeywords$verifyTextPresent$4.call(Unknown Source)
	at Sale-Credit.run(Sale-Credit:155)
	at com.kms.katalon.core.main.ScriptEngine.run(ScriptEngine.java:194)
	at com.kms.katalon.core.main.ScriptEngine.runScriptAsRawText(ScriptEngine.java:119)
	at com.kms.katalon.core.main.TestCaseExecutor.runScript(TestCaseExecutor.java:442)
	at com.kms.katalon.core.main.TestCaseExecutor.doExecute(TestCaseExecutor.java:433)
	at com.kms.katalon.core.main.TestCaseExecutor.processExecutionPhase(TestCaseExecutor.java:412)
	at com.kms.katalon.core.main.TestCaseExecutor.accessMainPhase(TestCaseExecutor.java:404)
	at com.kms.katalon.core.main.TestCaseExecutor.execute(TestCaseExecutor.java:281)
	at com.kms.katalon.core.main.TestSuiteExecutor.accessTestCaseMainPhase(TestSuiteExecutor.java:202)
	at com.kms.katalon.core.main.TestSuiteExecutor.accessTestSuiteMainPhase(TestSuiteExecutor.java:164)
	at com.kms.katalon.core.main.TestSuiteExecutor.execute(TestSuiteExecutor.java:105)
	at com.kms.katalon.core.main.TestCaseMain.startTestSuite(TestCaseMain.java:185)
	at com.kms.katalon.core.main.TestCaseMain$startTestSuite$0.call(Unknown Source)
	at TempTestSuite1676515943031.run(TempTestSuite1676515943031.groovy:36)
)
	at com.kms.katalon.core.keyword.internal.KeywordMain.stepFailed(KeywordMain.groovy:39)
	at com.kms.katalon.core.webui.keyword.internal.WebUIKeywordMain.stepFailed(WebUIKeywordMain.groovy:64)
	at com.kms.katalon.core.webui.keyword.builtin.VerifyTextPresentKeyword$_verifyTextPresent_closure1.doCall(VerifyTextPresentKeyword.groovy:79)
	at com.kms.katalon.core.webui.keyword.builtin.VerifyTextPresentKeyword$_verifyTextPresent_closure1.call(VerifyTextPresentKeyword.groovy)
	at com.kms.katalon.core.webui.keyword.internal.WebUIKeywordMain.runKeyword(WebUIKeywordMain.groovy:20)
	at com.kms.katalon.core.webui.keyword.builtin.VerifyTextPresentKeyword.verifyTextPresent(VerifyTextPresentKeyword.groovy:83)
	at com.kms.katalon.core.webui.keyword.builtin.VerifyTextPresentKeyword.execute(VerifyTextPresentKeyword.groovy:68)
	at com.kms.katalon.core.keyword.internal.KeywordExecutor.executeKeywordForPlatform(KeywordExecutor.groovy:74)
	at com.kms.katalon.core.webui.keyword.WebUiBuiltInKeywords.verifyTextPresent(WebUiBuiltInKeywords.groovy:1723)
	at com.kms.katalon.core.webui.keyword.WebUiBuiltInKeywords$verifyTextPresent$4.call(Unknown Source)
	at Sale-Credit.run(Sale-Credit:155)
	at com.kms.katalon.core.main.ScriptEngine.run(ScriptEngine.java:194)
	at com.kms.katalon.core.main.ScriptEngine.runScriptAsRawText(ScriptEngine.java:119)
	at com.kms.katalon.core.main.TestCaseExecutor.runScript(TestCaseExecutor.java:442)
	at com.kms.katalon.core.main.TestCaseExecutor.doExecute(TestCaseExecutor.java:433)
	at com.kms.katalon.core.main.TestCaseExecutor.processExecutionPhase(TestCaseExecutor.java:412)
	at com.kms.katalon.core.main.TestCaseExecutor.accessMainPhase(TestCaseExecutor.java:404)
	at com.kms.katalon.core.main.TestCaseExecutor.execute(TestCaseExecutor.java:281)
	at com.kms.katalon.core.main.TestSuiteExecutor.accessTestCaseMainPhase(TestSuiteExecutor.java:202)
	at com.kms.katalon.core.main.TestSuiteExecutor.accessTestSuiteMainPhase(TestSuiteExecutor.java:164)
	at com.kms.katalon.core.main.TestSuiteExecutor.execute(TestSuiteExecutor.java:105)
	at com.kms.katalon.core.main.TestCaseMain.startTestSuite(TestCaseMain.java:185)
	at com.kms.katalon.core.main.TestCaseMain$startTestSuite$0.call(Unknown Source)
	at TempTestSuite1676515943031.run(TempTestSuite1676515943031.groovy:36)
Caused by: com.kms.katalon.core.exception.StepFailedException: Text 'Transaction approved, no errors' is not present on page  using regular expression
	... 23 more
"/>
         <system-out><![CDATA[2023-02-15 22:00:58 - [TEST_CASE][FAILED] - Test Cases/RecAndPlayBk/VLink/Sale-Credit: Test Cases/RecAndPlayBk/VLink/Sale-Credit FAILED.
Reason:
com.kms.katalon.core.exception.StepFailedException: Text 'Transaction approved, no errors' is not present on page  using regular expression (Root cause: com.kms.katalon.core.exception.StepFailedException: Text 'Transaction approved, no errors' is not present on page  using regular expression
	at com.kms.katalon.core.webui.keyword.internal.WebUIKeywordMain.stepFailed(WebUIKeywordMain.groovy:64)
	at com.kms.katalon.core.webui.keyword.builtin.VerifyTextPresentKeyword$_verifyTextPresent_closure1.doCall(VerifyTextPresentKeyword.groovy:79)
	at com.kms.katalon.core.webui.keyword.builtin.VerifyTextPresentKeyword$_verifyTextPresent_closure1.call(VerifyTextPresentKeyword.groovy)
	at com.kms.katalon.core.webui.keyword.internal.WebUIKeywordMain.runKeyword(WebUIKeywordMain.groovy:20)
	at com.kms.katalon.core.webui.keyword.builtin.VerifyTextPresentKeyword.verifyTextPresent(VerifyTextPresentKeyword.groovy:83)
	at com.kms.katalon.core.webui.keyword.builtin.VerifyTextPresentKeyword.execute(VerifyTextPresentKeyword.groovy:68)
	at com.kms.katalon.core.keyword.internal.KeywordExecutor.executeKeywordForPlatform(KeywordExecutor.groovy:74)
	at com.kms.katalon.core.webui.keyword.WebUiBuiltInKeywords.verifyTextPresent(WebUiBuiltInKeywords.groovy:1723)
	at com.kms.katalon.core.webui.keyword.WebUiBuiltInKeywords$verifyTextPresent$4.call(Unknown Source)
	at Sale-Credit.run(Sale-Credit:155)
	at com.kms.katalon.core.main.ScriptEngine.run(ScriptEngine.java:194)
	at com.kms.katalon.core.main.ScriptEngine.runScriptAsRawText(ScriptEngine.java:119)
	at com.kms.katalon.core.main.TestCaseExecutor.runScript(TestCaseExecutor.java:442)
	at com.kms.katalon.core.main.TestCaseExecutor.doExecute(TestCaseExecutor.java:433)
	at com.kms.katalon.core.main.TestCaseExecutor.processExecutionPhase(TestCaseExecutor.java:412)
	at com.kms.katalon.core.main.TestCaseExecutor.accessMainPhase(TestCaseExecutor.java:404)
	at com.kms.katalon.core.main.TestCaseExecutor.execute(TestCaseExecutor.java:281)
	at com.kms.katalon.core.main.TestSuiteExecutor.accessTestCaseMainPhase(TestSuiteExecutor.java:202)
	at com.kms.katalon.core.main.TestSuiteExecutor.accessTestSuiteMainPhase(TestSuiteExecutor.java:164)
	at com.kms.katalon.core.main.TestSuiteExecutor.execute(TestSuiteExecutor.java:105)
	at com.kms.katalon.core.main.TestCaseMain.startTestSuite(TestCaseMain.java:185)
	at com.kms.katalon.core.main.TestCaseMain$startTestSuite$0.call(Unknown Source)
	at TempTestSuite1676515943031.run(TempTestSuite1676515943031.groovy:36)
)
	at com.kms.katalon.core.keyword.internal.KeywordMain.stepFailed(KeywordMain.groovy:39)
	at com.kms.katalon.core.webui.keyword.internal.WebUIKeywordMain.stepFailed(WebUIKeywordMain.groovy:64)
	at com.kms.katalon.core.webui.keyword.builtin.VerifyTextPresentKeyword$_verifyTextPresent_closure1.doCall(VerifyTextPresentKeyword.groovy:79)
	at com.kms.katalon.core.webui.keyword.builtin.VerifyTextPresentKeyword$_verifyTextPresent_closure1.call(VerifyTextPresentKeyword.groovy)
	at com.kms.katalon.core.webui.keyword.internal.WebUIKeywordMain.runKeyword(WebUIKeywordMain.groovy:20)
	at com.kms.katalon.core.webui.keyword.builtin.VerifyTextPresentKeyword.verifyTextPresent(VerifyTextPresentKeyword.groovy:83)
	at com.kms.katalon.core.webui.keyword.builtin.VerifyTextPresentKeyword.execute(VerifyTextPresentKeyword.groovy:68)
	at com.kms.katalon.core.keyword.internal.KeywordExecutor.executeKeywordForPlatform(KeywordExecutor.groovy:74)
	at com.kms.katalon.core.webui.keyword.WebUiBuiltInKeywords.verifyTextPresent(WebUiBuiltInKeywords.groovy:1723)
	at com.kms.katalon.core.webui.keyword.WebUiBuiltInKeywords$verifyTextPresent$4.call(Unknown Source)
	at Sale-Credit.run(Sale-Credit:155)
	at com.kms.katalon.core.main.ScriptEngine.run(ScriptEngine.java:194)
	at com.kms.katalon.core.main.ScriptEngine.runScriptAsRawText(ScriptEngine.java:119)
	at com.kms.katalon.core.main.TestCaseExecutor.runScript(TestCaseExecutor.java:442)
	at com.kms.katalon.core.main.TestCaseExecutor.doExecute(TestCaseExecutor.java:433)
	at com.kms.katalon.core.main.TestCaseExecutor.processExecutionPhase(TestCaseExecutor.java:412)
	at com.kms.katalon.core.main.TestCaseExecutor.accessMainPhase(TestCaseExecutor.java:404)
	at com.kms.katalon.core.main.TestCaseExecutor.execute(TestCaseExecutor.java:281)
	at com.kms.katalon.core.main.TestSuiteExecutor.accessTestCaseMainPhase(TestSuiteExecutor.java:202)
	at com.kms.katalon.core.main.TestSuiteExecutor.accessTestSuiteMainPhase(TestSuiteExecutor.java:164)
	at com.kms.katalon.core.main.TestSuiteExecutor.execute(TestSuiteExecutor.java:105)
	at com.kms.katalon.core.main.TestCaseMain.startTestSuite(TestCaseMain.java:185)
	at com.kms.katalon.core.main.TestCaseMain$startTestSuite$0.call(Unknown Source)
	at TempTestSuite1676515943031.run(TempTestSuite1676515943031.groovy:36)
Caused by: com.kms.katalon.core.exception.StepFailedException: Text 'Transaction approved, no errors' is not present on page  using regular expression
	... 23 more


2023-02-15 22:00:59 - [TEST_STEP][PASSED] - executionProfile = getExecutionProfile(): null

2023-02-15 22:00:59 - [TEST_STEP][PASSED] - out.println("executionProfile : " + executionProfile): null

2023-02-15 22:00:59 - [TEST_STEP][PASSED] - appName = <not implemented yet for class: org.codehaus.groovy.ast.expr.EmptyExpression>: null

2023-02-15 22:00:59 - [TEST_STEP][PASSED] - appID = <not implemented yet for class: org.codehaus.groovy.ast.expr.EmptyExpression>: null

2023-02-15 22:00:59 - [TEST_STEP][PASSED] - username = <not implemented yet for class: org.codehaus.groovy.ast.expr.EmptyExpression>: null

2023-02-15 22:00:59 - [TEST_STEP][PASSED] - password = <not implemented yet for class: org.codehaus.groovy.ast.expr.EmptyExpression>: null

2023-02-15 22:00:59 - [TEST_STEP][PASSED] - cardNameV = <not implemented yet for class: org.codehaus.groovy.ast.expr.EmptyExpression>: null

2023-02-15 22:00:59 - [TEST_STEP][PASSED] - al1V = <not implemented yet for class: org.codehaus.groovy.ast.expr.EmptyExpression>: null

2023-02-15 22:00:59 - [TEST_STEP][PASSED] - al2V = <not implemented yet for class: org.codehaus.groovy.ast.expr.EmptyExpression>: null

2023-02-15 22:00:59 - [TEST_STEP][PASSED] - zipV = <not implemented yet for class: org.codehaus.groovy.ast.expr.EmptyExpression>: null

2023-02-15 22:00:59 - [TEST_STEP][PASSED] - cardTypeV = <not implemented yet for class: org.codehaus.groovy.ast.expr.EmptyExpression>: null

2023-02-15 22:00:59 - [TEST_STEP][PASSED] - last4V = <not implemented yet for class: org.codehaus.groovy.ast.expr.EmptyExpression>: null

2023-02-15 22:00:59 - [TEST_STEP][PASSED] - resText = "Fail": null

2023-02-15 22:00:59 - [TEST_STEP][PASSED] - resColumn = "Result": null

2023-02-15 22:00:59 - [TEST_STEP][PASSED] - datCloumn = "Date": null

2023-02-15 22:00:59 - [TEST_STEP][PASSED] - fileLoc = "KatalonData/VLinkSmokeData.xlsx": null

2023-02-15 22:00:59 - [TEST_STEP][PASSED] - numOfRows = <not implemented yet for class: org.codehaus.groovy.ast.expr.EmptyExpression>: null

2023-02-15 22:00:59 - [TEST_STEP][PASSED] - dataFile = <not implemented yet for class: org.codehaus.groovy.ast.expr.EmptyExpression>: null

2023-02-15 22:00:59 - [TEST_STEP][PASSED] - nameSheet = <not implemented yet for class: org.codehaus.groovy.ast.expr.EmptyExpression>: null

2023-02-15 22:00:59 - [TEST_STEP][PASSED] - nameSheet = "Sale-Credit": null

2023-02-15 22:00:59 - [TEST_STEP][PASSED] - numOfRows = findTestData("QA/VLinkTestData/VLinkSaleCreditData").getRowNumbers(): null

2023-02-15 22:00:59 - [TEST_STEP][PASSED] - println("Number of Records: " + numOfRows): null

2023-02-15 22:00:59 - [TEST_STEP][PASSED] - dataFile = "QA/VLinkTestData/VLinkSaleCreditData": null

2023-02-15 22:00:59 - [TEST_STEP][FAILED] - for ([row = 1, row <= numOfRows, (row++)]): null

2023-02-15 22:00:59 - [TEST_STEP][PASSED] - ExecuteTC = findTestData(dataFile).getValue("Execute", row): null

2023-02-15 22:00:59 - [TEST_STEP][PASSED] - out.println("Value of Execute is : " + ExecuteTC): null

2023-02-15 22:00:59 - [TEST_STEP][PASSED] - switch (executionProfile): null

2023-02-15 22:00:59 - [TEST_STEP][PASSED] - case "QAProfile":: null

2023-02-15 22:00:59 - [TEST_STEP][PASSED] - appID = findTestData(dataFile).getValue("AppIDQA", row): null

2023-02-15 22:00:59 - [TEST_STEP][PASSED] - username = findTestData(dataFile).getValue("UsernameQA", row): null

2023-02-15 22:00:59 - [TEST_STEP][PASSED] - password = findTestData(dataFile).getValue("PasswordQA", row): null

2023-02-15 22:00:59 - [TEST_STEP][PASSED] - break: null

2023-02-15 22:00:59 - [TEST_STEP][PASSED] - if (ExecuteTC.equalsIgnoreCase("Y")): null

2023-02-15 22:00:59 - [TEST_STEP][PASSED] - out.println("Begin Record Number: " + row): null

2023-02-15 22:00:59 - [TEST_STEP][PASSED] - today = new java.util.Date(): null

2023-02-15 22:00:59 - [TEST_STEP][PASSED] - println(today): null

2023-02-15 22:00:59 - [TEST_STEP][PASSED] - datText = today: null

2023-02-15 22:00:59 - [TEST_STEP][PASSED] - category = findTestData(dataFile).getValue("Category", row): null

2023-02-15 22:00:59 - [TEST_STEP][PASSED] - amount = findTestData(dataFile).getValue("Amount", row): null

2023-02-15 22:00:59 - [TEST_STEP][PASSED] - cardNumber = findTestData(dataFile).getValue("CardNumber", row): null

2023-02-15 22:00:59 - [TEST_STEP][PASSED] - exM = findTestData(dataFile).getValue("ExM", row): null

2023-02-15 22:01:00 - [TEST_STEP][PASSED] - exY = findTestData(dataFile).getValue("ExY", row): null

2023-02-15 22:01:00 - [TEST_STEP][PASSED] - openBrowser(VLinkURL + "authcap.html"): Browser is opened with url: 'https://dev-algorithm.govolution.com/vlinktest/QA/version_2_0/authcap.html'

2023-02-15 22:01:00 - [MESSAGE][WARNING] - A browser is already opened. Closing browser and opening a new one

2023-02-15 22:01:00 - [MESSAGE][INFO] - Starting 'Chrome' driver

2023-02-15 22:01:00 - [MESSAGE][INFO] - User set preference: ['acceptInsecureCerts', 'true']

2023-02-15 22:01:00 - [MESSAGE][INFO] - Action delay is set to 0 milliseconds

2023-02-15 22:01:02 - [MESSAGE][PASSED] - Browser is opened with url: 'https://dev-algorithm.govolution.com/vlinktest/QA/version_2_0/authcap.html'

2023-02-15 22:01:02 - [TEST_STEP][PASSED] - maximizeWindow(): Current window maximized

2023-02-15 22:01:02 - [MESSAGE][PASSED] - Current window maximized

2023-02-15 22:01:02 - [TEST_STEP][PASSED] - maximizeWindow(): Current window maximized

2023-02-15 22:01:03 - [MESSAGE][PASSED] - Current window maximized

2023-02-15 22:01:03 - [TEST_STEP][PASSED] - genRemID = RandomStringUtils.random(12, true, true): null

2023-02-15 22:01:03 - [TEST_STEP][PASSED] - setText(findTestObject("Object Repository/RecAndPlayBk/Page-Vlink-Sale/input_Remittance Id_remittance_id"), genRemID): Text 'tTCQvNh5P0bk' is set on object 'Object Repository/RecAndPlayBk/Page-Vlink-Sale/input_Remittance Id_remittance_id'

2023-02-15 22:01:03 - [MESSAGE][PASSED] - Text 'tTCQvNh5P0bk' is set on object 'Object Repository/RecAndPlayBk/Page-Vlink-Sale/input_Remittance Id_remittance_id'

2023-02-15 22:01:03 - [TEST_STEP][PASSED] - setText(findTestObject("Object Repository/RecAndPlayBk/Page-Vlink-Sale/input_Application Id_application_id"), appID): Text '234' is set on object 'Object Repository/RecAndPlayBk/Page-Vlink-Sale/input_Application Id_application_id'

2023-02-15 22:01:04 - [MESSAGE][PASSED] - Text '234' is set on object 'Object Repository/RecAndPlayBk/Page-Vlink-Sale/input_Application Id_application_id'

2023-02-15 22:01:04 - [TEST_STEP][PASSED] - setText(findTestObject("Object Repository/RecAndPlayBk/Page-Vlink-Sale/input_Username_username"), username): Text 'username' is set on object 'Object Repository/RecAndPlayBk/Page-Vlink-Sale/input_Username_username'

2023-02-15 22:01:05 - [MESSAGE][PASSED] - Text 'username' is set on object 'Object Repository/RecAndPlayBk/Page-Vlink-Sale/input_Username_username'

2023-02-15 22:01:05 - [TEST_STEP][PASSED] - setText(findTestObject("Object Repository/RecAndPlayBk/Page-Vlink-Sale/input_Password_password"), password): Text 'password' is set on object 'Object Repository/RecAndPlayBk/Page-Vlink-Sale/input_Password_password'

2023-02-15 22:01:05 - [MESSAGE][PASSED] - Text 'password' is set on object 'Object Repository/RecAndPlayBk/Page-Vlink-Sale/input_Password_password'

2023-02-15 22:01:05 - [TEST_STEP][PASSED] - setText(findTestObject("Object Repository/RecAndPlayBk/Page-Vlink-Sale/input_Category_category"), category): Text 'ECOM' is set on object 'Object Repository/RecAndPlayBk/Page-Vlink-Sale/input_Category_category'

2023-02-15 22:01:06 - [MESSAGE][PASSED] - Text 'ECOM' is set on object 'Object Repository/RecAndPlayBk/Page-Vlink-Sale/input_Category_category'

2023-02-15 22:01:06 - [TEST_STEP][PASSED] - setText(findTestObject("Object Repository/RecAndPlayBk/Page-Vlink-Sale/input_Amount_amount"), amount): Text '10.5' is set on object 'Object Repository/RecAndPlayBk/Page-Vlink-Sale/input_Amount_amount'

2023-02-15 22:01:07 - [MESSAGE][PASSED] - Text '10.5' is set on object 'Object Repository/RecAndPlayBk/Page-Vlink-Sale/input_Amount_amount'

2023-02-15 22:01:07 - [TEST_STEP][PASSED] - doubleClick(findTestObject("Object Repository/RecAndPlayBk/Page-Vlink-Sale/input_Card number_card_number")): Object: 'Object Repository/RecAndPlayBk/Page-Vlink-Sale/input_Card number_card_number' is double clicked on

2023-02-15 22:01:07 - [MESSAGE][PASSED] - Object: 'Object Repository/RecAndPlayBk/Page-Vlink-Sale/input_Card number_card_number' is double clicked on

2023-02-15 22:01:07 - [TEST_STEP][PASSED] - setText(findTestObject("Object Repository/RecAndPlayBk/Page-Vlink-Sale/input_Card number_card_number"), cardNumber): Text '4111111111111111' is set on object 'Object Repository/RecAndPlayBk/Page-Vlink-Sale/input_Card number_card_number'

2023-02-15 22:01:08 - [MESSAGE][PASSED] - Text '4111111111111111' is set on object 'Object Repository/RecAndPlayBk/Page-Vlink-Sale/input_Card number_card_number'

2023-02-15 22:01:08 - [TEST_STEP][PASSED] - setText(findTestObject("Object Repository/RecAndPlayBk/Page-Vlink-Sale/input_Card ex month_card_exmo"), exM): Text '12' is set on object 'Object Repository/RecAndPlayBk/Page-Vlink-Sale/input_Card ex month_card_exmo'

2023-02-15 22:01:08 - [MESSAGE][PASSED] - Text '12' is set on object 'Object Repository/RecAndPlayBk/Page-Vlink-Sale/input_Card ex month_card_exmo'

2023-02-15 22:01:08 - [TEST_STEP][PASSED] - setText(findTestObject("Object Repository/RecAndPlayBk/Page-Vlink-Sale/input_Card ex year_card_exyr"), exY): Text '2029' is set on object 'Object Repository/RecAndPlayBk/Page-Vlink-Sale/input_Card ex year_card_exyr'

2023-02-15 22:01:09 - [MESSAGE][PASSED] - Text '2029' is set on object 'Object Repository/RecAndPlayBk/Page-Vlink-Sale/input_Card ex year_card_exyr'

2023-02-15 22:01:09 - [TEST_STEP][PASSED] - click(findTestObject("Object Repository/RecAndPlayBk/Page-Vlink-Sale/input_Track Data_track_data")): Object: 'Object Repository/RecAndPlayBk/Page-Vlink-Sale/input_Track Data_track_data' is clicked on

2023-02-15 22:01:09 - [MESSAGE][PASSED] - Object: 'Object Repository/RecAndPlayBk/Page-Vlink-Sale/input_Track Data_track_data' is clicked on

2023-02-15 22:01:09 - [TEST_STEP][PASSED] - click(findTestObject("Object Repository/RecAndPlayBk/Page-Vlink-Sale/input_CVV state_cvv_state")): Object: 'Object Repository/RecAndPlayBk/Page-Vlink-Sale/input_CVV state_cvv_state' is clicked on

2023-02-15 22:01:10 - [MESSAGE][PASSED] - Object: 'Object Repository/RecAndPlayBk/Page-Vlink-Sale/input_CVV state_cvv_state' is clicked on

2023-02-15 22:01:10 - [TEST_STEP][PASSED] - setText(findTestObject("Object Repository/RecAndPlayBk/Page-Vlink-Sale/input_Track Data_track_data"), ""): Text '' is set on object 'Object Repository/RecAndPlayBk/Page-Vlink-Sale/input_Track Data_track_data'

2023-02-15 22:01:10 - [MESSAGE][PASSED] - Text '' is set on object 'Object Repository/RecAndPlayBk/Page-Vlink-Sale/input_Track Data_track_data'

2023-02-15 22:01:10 - [TEST_STEP][PASSED] - setText(findTestObject("Object Repository/RecAndPlayBk/Page-Vlink-Sale/input_concat(Cardholder, , s email)_email"), ""): Text '' is set on object 'Object Repository/RecAndPlayBk/Page-Vlink-Sale/input_concat(Cardholder, , s email)_email'

2023-02-15 22:01:11 - [MESSAGE][PASSED] - Text '' is set on object 'Object Repository/RecAndPlayBk/Page-Vlink-Sale/input_concat(Cardholder, , s email)_email'

2023-02-15 22:01:11 - [TEST_STEP][PASSED] - click(findTestObject("Object Repository/RecAndPlayBk/Page-Vlink-Sale/input_user_defined10_user_defined10")): Object: 'Object Repository/RecAndPlayBk/Page-Vlink-Sale/input_user_defined10_user_defined10' is clicked on

2023-02-15 22:01:11 - [MESSAGE][PASSED] - Object: 'Object Repository/RecAndPlayBk/Page-Vlink-Sale/input_user_defined10_user_defined10' is clicked on

2023-02-15 22:01:11 - [TEST_STEP][PASSED] - if (executionProfile.equalsIgnoreCase("QAProfile") || executionProfile.equalsIgnoreCase("DemoProfile")): Text '' is set on object 'Object Repository/RecAndPlayBk/Page-Vlink-Sale/input_COF Transaction Initiated by_cof_tran_6cded5'

2023-02-15 22:01:11 - [TEST_STEP][PASSED] - setText(findTestObject("Object Repository/RecAndPlayBk/Page-Vlink-Sale/input_Card on File Indicator_card_on_file_i_157dae"), ""): Text '' is set on object 'Object Repository/RecAndPlayBk/Page-Vlink-Sale/input_Card on File Indicator_card_on_file_i_157dae'

2023-02-15 22:01:12 - [MESSAGE][PASSED] - Text '' is set on object 'Object Repository/RecAndPlayBk/Page-Vlink-Sale/input_Card on File Indicator_card_on_file_i_157dae'

2023-02-15 22:01:12 - [TEST_STEP][PASSED] - setText(findTestObject("Object Repository/RecAndPlayBk/Page-Vlink-Sale/input_Stored Credential Indicator_stored_cr_4ae73c"), ""): Text '' is set on object 'Object Repository/RecAndPlayBk/Page-Vlink-Sale/input_Stored Credential Indicator_stored_cr_4ae73c'

2023-02-15 22:01:12 - [MESSAGE][PASSED] - Text '' is set on object 'Object Repository/RecAndPlayBk/Page-Vlink-Sale/input_Stored Credential Indicator_stored_cr_4ae73c'

2023-02-15 22:01:12 - [TEST_STEP][PASSED] - setText(findTestObject("Object Repository/RecAndPlayBk/Page-Vlink-Sale/input_COF Scheduled indicator_cof_scheduled_8df7d8"), ""): Text '' is set on object 'Object Repository/RecAndPlayBk/Page-Vlink-Sale/input_COF Scheduled indicator_cof_scheduled_8df7d8'

2023-02-15 22:01:13 - [MESSAGE][PASSED] - Text '' is set on object 'Object Repository/RecAndPlayBk/Page-Vlink-Sale/input_COF Scheduled indicator_cof_scheduled_8df7d8'

2023-02-15 22:01:13 - [TEST_STEP][PASSED] - setText(findTestObject("Object Repository/RecAndPlayBk/Page-Vlink-Sale/input_COF Transaction Initiated by_cof_tran_6cded5"), ""): Text '' is set on object 'Object Repository/RecAndPlayBk/Page-Vlink-Sale/input_COF Transaction Initiated by_cof_tran_6cded5'

2023-02-15 22:01:14 - [MESSAGE][PASSED] - Text '' is set on object 'Object Repository/RecAndPlayBk/Page-Vlink-Sale/input_COF Transaction Initiated by_cof_tran_6cded5'

2023-02-15 22:01:14 - [TEST_STEP][PASSED] - click(findTestObject("Object Repository/RecAndPlayBk/Page-Vlink-Sale/input")): Object: 'Object Repository/RecAndPlayBk/Page-Vlink-Sale/input' is clicked on

2023-02-15 22:01:15 - [MESSAGE][PASSED] - Object: 'Object Repository/RecAndPlayBk/Page-Vlink-Sale/input' is clicked on

2023-02-15 22:01:15 - [TEST_STEP][PASSED] - if (verifyTextPresent("Transaction approved, no errors", true)): null

2023-02-15 22:01:15 - [MESSAGE][PASSED] - Text 'Transaction approved, no errors' is present on page  using regular expression

2023-02-15 22:01:15 - [TEST_STEP][PASSED] - println("Transaction Approved, no errors text is present on the Confirmation page"): null

2023-02-15 22:01:15 - [TEST_STEP][PASSED] - sdfo = getText(findTestObject("Object Repository/Page_VLinkReceipt/pre_STX")): Text of object 'Object Repository/Page_VLinkReceipt/pre_STX' is: '<STX>tTCQvNh5P0bk                  12126628            0  Transaction approved, no errors                   0                                                                                  Y 764305054<ETX>'

2023-02-15 22:01:15 - [MESSAGE][PASSED] - Text of object 'Object Repository/Page_VLinkReceipt/pre_STX' is: '<STX>tTCQvNh5P0bk                  12126628            0  Transaction approved, no errors                   0                                                                                  Y 764305054<ETX>'

2023-02-15 22:01:15 - [TEST_STEP][PASSED] - out.println("sdfo: " + sdfo): null

2023-02-15 22:01:15 - [TEST_STEP][PASSED] - remID = substring(5, 35).trim(): null

2023-02-15 22:01:15 - [TEST_STEP][PASSED] - out.println("remID: " + remID): null

2023-02-15 22:01:15 - [TEST_STEP][PASSED] - traxID = substring(35, 55).trim(): null

2023-02-15 22:01:15 - [TEST_STEP][PASSED] - out.println("traxID: " + traxID): null

2023-02-15 22:01:15 - [TEST_STEP][PASSED] - VLinkSaleRemID = remID: null

2023-02-15 22:01:15 - [TEST_STEP][PASSED] - VLinkSaleTranxID = traxID: null

2023-02-15 22:01:15 - [TEST_STEP][PASSED] - openBrowser(VLinkURL + "CC_credit.html"): Browser is opened with url: 'https://dev-algorithm.govolution.com/vlinktest/QA/version_2_0/CC_credit.html'

2023-02-15 22:01:15 - [MESSAGE][WARNING] - A browser is already opened. Closing browser and opening a new one

2023-02-15 22:01:16 - [MESSAGE][INFO] - Starting 'Chrome' driver

2023-02-15 22:01:16 - [MESSAGE][INFO] - User set preference: ['acceptInsecureCerts', 'true']

2023-02-15 22:01:16 - [MESSAGE][INFO] - Action delay is set to 0 milliseconds

2023-02-15 22:01:18 - [MESSAGE][PASSED] - Browser is opened with url: 'https://dev-algorithm.govolution.com/vlinktest/QA/version_2_0/CC_credit.html'

2023-02-15 22:01:18 - [TEST_STEP][PASSED] - maximizeWindow(): Current window maximized

2023-02-15 22:01:18 - [MESSAGE][PASSED] - Current window maximized

2023-02-15 22:01:18 - [TEST_STEP][PASSED] - setText(findTestObject("Object Repository/RecAndPlayBk/Page-Vlink-CC-Credit/input_Remittance Id"), VLinkSaleRemID): Text 'tTCQvNh5P0bk' is set on object 'Object Repository/RecAndPlayBk/Page-Vlink-CC-Credit/input_Remittance Id'

2023-02-15 22:01:19 - [MESSAGE][PASSED] - Text 'tTCQvNh5P0bk' is set on object 'Object Repository/RecAndPlayBk/Page-Vlink-CC-Credit/input_Remittance Id'

2023-02-15 22:01:19 - [TEST_STEP][PASSED] - setText(findTestObject("Object Repository/RecAndPlayBk/Page-Vlink-CC-Credit/input_Application Id"), appID): Text '234' is set on object 'Object Repository/RecAndPlayBk/Page-Vlink-CC-Credit/input_Application Id'

2023-02-15 22:01:19 - [MESSAGE][PASSED] - Text '234' is set on object 'Object Repository/RecAndPlayBk/Page-Vlink-CC-Credit/input_Application Id'

2023-02-15 22:01:19 - [TEST_STEP][PASSED] - setText(findTestObject("Object Repository/RecAndPlayBk/Page-Vlink-CC-Credit/input_Username"), username): Text 'username' is set on object 'Object Repository/RecAndPlayBk/Page-Vlink-CC-Credit/input_Username'

2023-02-15 22:01:20 - [MESSAGE][PASSED] - Text 'username' is set on object 'Object Repository/RecAndPlayBk/Page-Vlink-CC-Credit/input_Username'

2023-02-15 22:01:20 - [TEST_STEP][PASSED] - setText(findTestObject("Object Repository/RecAndPlayBk/Page-Vlink-CC-Credit/input_Password"), password): Text 'password' is set on object 'Object Repository/RecAndPlayBk/Page-Vlink-CC-Credit/input_Password'

2023-02-15 22:01:21 - [MESSAGE][PASSED] - Text 'password' is set on object 'Object Repository/RecAndPlayBk/Page-Vlink-CC-Credit/input_Password'

2023-02-15 22:01:21 - [TEST_STEP][PASSED] - setText(findTestObject("Object Repository/RecAndPlayBk/Page-Vlink-CC-Credit/input_Transaction ID"), VLinkSaleTranxID): Text '12126628' is set on object 'Object Repository/RecAndPlayBk/Page-Vlink-CC-Credit/input_Transaction ID'

2023-02-15 22:01:21 - [MESSAGE][PASSED] - Text '12126628' is set on object 'Object Repository/RecAndPlayBk/Page-Vlink-CC-Credit/input_Transaction ID'

2023-02-15 22:01:21 - [TEST_STEP][PASSED] - setText(findTestObject("Object Repository/RecAndPlayBk/Page-Vlink-CC-Credit/input_Amount"), amount): Text '10.5' is set on object 'Object Repository/RecAndPlayBk/Page-Vlink-CC-Credit/input_Amount'

2023-02-15 22:01:22 - [MESSAGE][PASSED] - Text '10.5' is set on object 'Object Repository/RecAndPlayBk/Page-Vlink-CC-Credit/input_Amount'

2023-02-15 22:01:22 - [TEST_STEP][PASSED] - setText(findTestObject("Object Repository/RecAndPlayBk/Page-Vlink-CC-Credit/input_Card number"), ""): Text '' is set on object 'Object Repository/RecAndPlayBk/Page-Vlink-CC-Credit/input_Card number'

2023-02-15 22:01:22 - [MESSAGE][PASSED] - Text '' is set on object 'Object Repository/RecAndPlayBk/Page-Vlink-CC-Credit/input_Card number'

2023-02-15 22:01:22 - [TEST_STEP][PASSED] - setText(findTestObject("Object Repository/RecAndPlayBk/Page-Vlink-CC-Credit/input_Card ex month"), ""): Text '' is set on object 'Object Repository/RecAndPlayBk/Page-Vlink-CC-Credit/input_Card ex month'

2023-02-15 22:01:23 - [MESSAGE][PASSED] - Text '' is set on object 'Object Repository/RecAndPlayBk/Page-Vlink-CC-Credit/input_Card ex month'

2023-02-15 22:01:23 - [TEST_STEP][PASSED] - setText(findTestObject("Object Repository/RecAndPlayBk/Page-Vlink-CC-Credit/input_Card ex year"), ""): Text '' is set on object 'Object Repository/RecAndPlayBk/Page-Vlink-CC-Credit/input_Card ex year'

2023-02-15 22:01:24 - [MESSAGE][PASSED] - Text '' is set on object 'Object Repository/RecAndPlayBk/Page-Vlink-CC-Credit/input_Card ex year'

2023-02-15 22:01:24 - [TEST_STEP][PASSED] - setText(findTestObject("Object Repository/RecAndPlayBk/Page-Vlink-CC-Credit/input_Track Data"), ""): Text '' is set on object 'Object Repository/RecAndPlayBk/Page-Vlink-CC-Credit/input_Track Data'

2023-02-15 22:01:24 - [MESSAGE][PASSED] - Text '' is set on object 'Object Repository/RecAndPlayBk/Page-Vlink-CC-Credit/input_Track Data'

2023-02-15 22:01:24 - [TEST_STEP][PASSED] - setText(findTestObject("Object Repository/RecAndPlayBk/Page-Vlink-CC-Credit/input_Category Code"), category): Text 'ECOM' is set on object 'Object Repository/RecAndPlayBk/Page-Vlink-CC-Credit/input_Category Code'

2023-02-15 22:01:25 - [MESSAGE][PASSED] - Text 'ECOM' is set on object 'Object Repository/RecAndPlayBk/Page-Vlink-CC-Credit/input_Category Code'

2023-02-15 22:01:25 - [TEST_STEP][PASSED] - click(findTestObject("Object Repository/RecAndPlayBk/Page-Vlink-CC-Credit/input")): Object: 'Object Repository/RecAndPlayBk/Page-Vlink-CC-Credit/input' is clicked on

2023-02-15 22:01:26 - [MESSAGE][PASSED] - Object: 'Object Repository/RecAndPlayBk/Page-Vlink-CC-Credit/input' is clicked on

2023-02-15 22:01:26 - [TEST_STEP][PASSED] - if (verifyTextPresent("Transaction approved, no errors", true)): null

2023-02-15 22:01:26 - [MESSAGE][PASSED] - Text 'Transaction approved, no errors' is present on page  using regular expression

2023-02-15 22:01:26 - [TEST_STEP][PASSED] - println("Transaction Approved, no errors text is present on the Confirmation page"): null

2023-02-15 22:01:26 - [TEST_STEP][PASSED] - out.println("Pass Record Number: " + row): null

2023-02-15 22:01:26 - [TEST_STEP][PASSED] - resText = "Pass": null

2023-02-15 22:01:26 - [TEST_STEP][PASSED] - pages.WriteExcel.demoKey(resText, datText, resColumn, datCloumn, fileLoc, nameSheet, row): pages.WriteExcel.demoKey is PASSED

2023-02-15 22:01:27 - [MESSAGE][PASSED] - pages.WriteExcel.demoKey is PASSED

2023-02-15 22:01:27 - [TEST_STEP][PASSED] - ExecuteTC = findTestData(dataFile).getValue("Execute", row): null

2023-02-15 22:01:27 - [TEST_STEP][PASSED] - out.println("Value of Execute is : " + ExecuteTC): null

2023-02-15 22:01:27 - [TEST_STEP][PASSED] - switch (executionProfile): null

2023-02-15 22:01:27 - [TEST_STEP][PASSED] - case "QAProfile":: null

2023-02-15 22:01:27 - [TEST_STEP][PASSED] - appID = findTestData(dataFile).getValue("AppIDQA", row): null

2023-02-15 22:01:27 - [TEST_STEP][PASSED] - username = findTestData(dataFile).getValue("UsernameQA", row): null

2023-02-15 22:01:27 - [TEST_STEP][PASSED] - password = findTestData(dataFile).getValue("PasswordQA", row): null

2023-02-15 22:01:27 - [TEST_STEP][PASSED] - break: null

2023-02-15 22:01:27 - [TEST_STEP][PASSED] - if (ExecuteTC.equalsIgnoreCase("Y")): null

2023-02-15 22:01:27 - [TEST_STEP][PASSED] - out.println("Begin Record Number: " + row): null

2023-02-15 22:01:27 - [TEST_STEP][PASSED] - today = new java.util.Date(): null

2023-02-15 22:01:27 - [TEST_STEP][PASSED] - println(today): null

2023-02-15 22:01:27 - [TEST_STEP][PASSED] - datText = today: null

2023-02-15 22:01:27 - [TEST_STEP][PASSED] - category = findTestData(dataFile).getValue("Category", row): null

2023-02-15 22:01:27 - [TEST_STEP][PASSED] - amount = findTestData(dataFile).getValue("Amount", row): null

2023-02-15 22:01:27 - [TEST_STEP][PASSED] - cardNumber = findTestData(dataFile).getValue("CardNumber", row): null

2023-02-15 22:01:27 - [TEST_STEP][PASSED] - exM = findTestData(dataFile).getValue("ExM", row): null

2023-02-15 22:01:27 - [TEST_STEP][PASSED] - exY = findTestData(dataFile).getValue("ExY", row): null

2023-02-15 22:01:27 - [TEST_STEP][PASSED] - openBrowser(VLinkURL + "authcap.html"): Browser is opened with url: 'https://dev-algorithm.govolution.com/vlinktest/QA/version_2_0/authcap.html'

2023-02-15 22:01:27 - [MESSAGE][WARNING] - A browser is already opened. Closing browser and opening a new one

2023-02-15 22:01:28 - [MESSAGE][INFO] - Starting 'Chrome' driver

2023-02-15 22:01:28 - [MESSAGE][INFO] - User set preference: ['acceptInsecureCerts', 'true']

2023-02-15 22:01:28 - [MESSAGE][INFO] - Action delay is set to 0 milliseconds

2023-02-15 22:01:30 - [MESSAGE][PASSED] - Browser is opened with url: 'https://dev-algorithm.govolution.com/vlinktest/QA/version_2_0/authcap.html'

2023-02-15 22:01:30 - [TEST_STEP][PASSED] - maximizeWindow(): Current window maximized

2023-02-15 22:01:30 - [MESSAGE][PASSED] - Current window maximized

2023-02-15 22:01:30 - [TEST_STEP][PASSED] - maximizeWindow(): Current window maximized

2023-02-15 22:01:30 - [MESSAGE][PASSED] - Current window maximized

2023-02-15 22:01:30 - [TEST_STEP][PASSED] - genRemID = RandomStringUtils.random(12, true, true): null

2023-02-15 22:01:30 - [TEST_STEP][PASSED] - setText(findTestObject("Object Repository/RecAndPlayBk/Page-Vlink-Sale/input_Remittance Id_remittance_id"), genRemID): Text 'OoIJYWbNi0X7' is set on object 'Object Repository/RecAndPlayBk/Page-Vlink-Sale/input_Remittance Id_remittance_id'

2023-02-15 22:01:31 - [MESSAGE][PASSED] - Text 'OoIJYWbNi0X7' is set on object 'Object Repository/RecAndPlayBk/Page-Vlink-Sale/input_Remittance Id_remittance_id'

2023-02-15 22:01:31 - [TEST_STEP][PASSED] - setText(findTestObject("Object Repository/RecAndPlayBk/Page-Vlink-Sale/input_Application Id_application_id"), appID): Text '234' is set on object 'Object Repository/RecAndPlayBk/Page-Vlink-Sale/input_Application Id_application_id'

2023-02-15 22:01:32 - [MESSAGE][PASSED] - Text '234' is set on object 'Object Repository/RecAndPlayBk/Page-Vlink-Sale/input_Application Id_application_id'

2023-02-15 22:01:32 - [TEST_STEP][PASSED] - setText(findTestObject("Object Repository/RecAndPlayBk/Page-Vlink-Sale/input_Username_username"), username): Text 'username' is set on object 'Object Repository/RecAndPlayBk/Page-Vlink-Sale/input_Username_username'

2023-02-15 22:01:32 - [MESSAGE][PASSED] - Text 'username' is set on object 'Object Repository/RecAndPlayBk/Page-Vlink-Sale/input_Username_username'

2023-02-15 22:01:32 - [TEST_STEP][PASSED] - setText(findTestObject("Object Repository/RecAndPlayBk/Page-Vlink-Sale/input_Password_password"), password): Text 'password' is set on object 'Object Repository/RecAndPlayBk/Page-Vlink-Sale/input_Password_password'

2023-02-15 22:01:33 - [MESSAGE][PASSED] - Text 'password' is set on object 'Object Repository/RecAndPlayBk/Page-Vlink-Sale/input_Password_password'

2023-02-15 22:01:33 - [TEST_STEP][PASSED] - setText(findTestObject("Object Repository/RecAndPlayBk/Page-Vlink-Sale/input_Category_category"), category): Text 'MOTO' is set on object 'Object Repository/RecAndPlayBk/Page-Vlink-Sale/input_Category_category'

2023-02-15 22:01:33 - [MESSAGE][PASSED] - Text 'MOTO' is set on object 'Object Repository/RecAndPlayBk/Page-Vlink-Sale/input_Category_category'

2023-02-15 22:01:33 - [TEST_STEP][PASSED] - setText(findTestObject("Object Repository/RecAndPlayBk/Page-Vlink-Sale/input_Amount_amount"), amount): Text '10.5' is set on object 'Object Repository/RecAndPlayBk/Page-Vlink-Sale/input_Amount_amount'

2023-02-15 22:01:34 - [MESSAGE][PASSED] - Text '10.5' is set on object 'Object Repository/RecAndPlayBk/Page-Vlink-Sale/input_Amount_amount'

2023-02-15 22:01:34 - [TEST_STEP][PASSED] - doubleClick(findTestObject("Object Repository/RecAndPlayBk/Page-Vlink-Sale/input_Card number_card_number")): Object: 'Object Repository/RecAndPlayBk/Page-Vlink-Sale/input_Card number_card_number' is double clicked on

2023-02-15 22:01:34 - [MESSAGE][PASSED] - Object: 'Object Repository/RecAndPlayBk/Page-Vlink-Sale/input_Card number_card_number' is double clicked on

2023-02-15 22:01:34 - [TEST_STEP][PASSED] - setText(findTestObject("Object Repository/RecAndPlayBk/Page-Vlink-Sale/input_Card number_card_number"), cardNumber): Text '5424000000000015' is set on object 'Object Repository/RecAndPlayBk/Page-Vlink-Sale/input_Card number_card_number'

2023-02-15 22:01:35 - [MESSAGE][PASSED] - Text '5424000000000015' is set on object 'Object Repository/RecAndPlayBk/Page-Vlink-Sale/input_Card number_card_number'

2023-02-15 22:01:35 - [TEST_STEP][PASSED] - setText(findTestObject("Object Repository/RecAndPlayBk/Page-Vlink-Sale/input_Card ex month_card_exmo"), exM): Text '12' is set on object 'Object Repository/RecAndPlayBk/Page-Vlink-Sale/input_Card ex month_card_exmo'

2023-02-15 22:01:36 - [MESSAGE][PASSED] - Text '12' is set on object 'Object Repository/RecAndPlayBk/Page-Vlink-Sale/input_Card ex month_card_exmo'

2023-02-15 22:01:36 - [TEST_STEP][PASSED] - setText(findTestObject("Object Repository/RecAndPlayBk/Page-Vlink-Sale/input_Card ex year_card_exyr"), exY): Text '2029' is set on object 'Object Repository/RecAndPlayBk/Page-Vlink-Sale/input_Card ex year_card_exyr'

2023-02-15 22:01:36 - [MESSAGE][PASSED] - Text '2029' is set on object 'Object Repository/RecAndPlayBk/Page-Vlink-Sale/input_Card ex year_card_exyr'

2023-02-15 22:01:36 - [TEST_STEP][PASSED] - click(findTestObject("Object Repository/RecAndPlayBk/Page-Vlink-Sale/input_Track Data_track_data")): Object: 'Object Repository/RecAndPlayBk/Page-Vlink-Sale/input_Track Data_track_data' is clicked on

2023-02-15 22:01:37 - [MESSAGE][PASSED] - Object: 'Object Repository/RecAndPlayBk/Page-Vlink-Sale/input_Track Data_track_data' is clicked on

2023-02-15 22:01:37 - [TEST_STEP][PASSED] - click(findTestObject("Object Repository/RecAndPlayBk/Page-Vlink-Sale/input_CVV state_cvv_state")): Object: 'Object Repository/RecAndPlayBk/Page-Vlink-Sale/input_CVV state_cvv_state' is clicked on

2023-02-15 22:01:37 - [MESSAGE][PASSED] - Object: 'Object Repository/RecAndPlayBk/Page-Vlink-Sale/input_CVV state_cvv_state' is clicked on

2023-02-15 22:01:37 - [TEST_STEP][PASSED] - setText(findTestObject("Object Repository/RecAndPlayBk/Page-Vlink-Sale/input_Track Data_track_data"), ""): Text '' is set on object 'Object Repository/RecAndPlayBk/Page-Vlink-Sale/input_Track Data_track_data'

2023-02-15 22:01:38 - [MESSAGE][PASSED] - Text '' is set on object 'Object Repository/RecAndPlayBk/Page-Vlink-Sale/input_Track Data_track_data'

2023-02-15 22:01:38 - [TEST_STEP][PASSED] - setText(findTestObject("Object Repository/RecAndPlayBk/Page-Vlink-Sale/input_concat(Cardholder, , s email)_email"), ""): Text '' is set on object 'Object Repository/RecAndPlayBk/Page-Vlink-Sale/input_concat(Cardholder, , s email)_email'

2023-02-15 22:01:38 - [MESSAGE][PASSED] - Text '' is set on object 'Object Repository/RecAndPlayBk/Page-Vlink-Sale/input_concat(Cardholder, , s email)_email'

2023-02-15 22:01:38 - [TEST_STEP][PASSED] - click(findTestObject("Object Repository/RecAndPlayBk/Page-Vlink-Sale/input_user_defined10_user_defined10")): Object: 'Object Repository/RecAndPlayBk/Page-Vlink-Sale/input_user_defined10_user_defined10' is clicked on

2023-02-15 22:01:39 - [MESSAGE][PASSED] - Object: 'Object Repository/RecAndPlayBk/Page-Vlink-Sale/input_user_defined10_user_defined10' is clicked on

2023-02-15 22:01:39 - [TEST_STEP][PASSED] - if (executionProfile.equalsIgnoreCase("QAProfile") || executionProfile.equalsIgnoreCase("DemoProfile")): Text '' is set on object 'Object Repository/RecAndPlayBk/Page-Vlink-Sale/input_COF Transaction Initiated by_cof_tran_6cded5'

2023-02-15 22:01:39 - [TEST_STEP][PASSED] - setText(findTestObject("Object Repository/RecAndPlayBk/Page-Vlink-Sale/input_Card on File Indicator_card_on_file_i_157dae"), ""): Text '' is set on object 'Object Repository/RecAndPlayBk/Page-Vlink-Sale/input_Card on File Indicator_card_on_file_i_157dae'

2023-02-15 22:01:39 - [MESSAGE][PASSED] - Text '' is set on object 'Object Repository/RecAndPlayBk/Page-Vlink-Sale/input_Card on File Indicator_card_on_file_i_157dae'

2023-02-15 22:01:39 - [TEST_STEP][PASSED] - setText(findTestObject("Object Repository/RecAndPlayBk/Page-Vlink-Sale/input_Stored Credential Indicator_stored_cr_4ae73c"), ""): Text '' is set on object 'Object Repository/RecAndPlayBk/Page-Vlink-Sale/input_Stored Credential Indicator_stored_cr_4ae73c'

2023-02-15 22:01:40 - [MESSAGE][PASSED] - Text '' is set on object 'Object Repository/RecAndPlayBk/Page-Vlink-Sale/input_Stored Credential Indicator_stored_cr_4ae73c'

2023-02-15 22:01:40 - [TEST_STEP][PASSED] - setText(findTestObject("Object Repository/RecAndPlayBk/Page-Vlink-Sale/input_COF Scheduled indicator_cof_scheduled_8df7d8"), ""): Text '' is set on object 'Object Repository/RecAndPlayBk/Page-Vlink-Sale/input_COF Scheduled indicator_cof_scheduled_8df7d8'

2023-02-15 22:01:40 - [MESSAGE][PASSED] - Text '' is set on object 'Object Repository/RecAndPlayBk/Page-Vlink-Sale/input_COF Scheduled indicator_cof_scheduled_8df7d8'

2023-02-15 22:01:40 - [TEST_STEP][PASSED] - setText(findTestObject("Object Repository/RecAndPlayBk/Page-Vlink-Sale/input_COF Transaction Initiated by_cof_tran_6cded5"), ""): Text '' is set on object 'Object Repository/RecAndPlayBk/Page-Vlink-Sale/input_COF Transaction Initiated by_cof_tran_6cded5'

2023-02-15 22:01:41 - [MESSAGE][PASSED] - Text '' is set on object 'Object Repository/RecAndPlayBk/Page-Vlink-Sale/input_COF Transaction Initiated by_cof_tran_6cded5'

2023-02-15 22:01:41 - [TEST_STEP][PASSED] - click(findTestObject("Object Repository/RecAndPlayBk/Page-Vlink-Sale/input")): Object: 'Object Repository/RecAndPlayBk/Page-Vlink-Sale/input' is clicked on

2023-02-15 22:01:42 - [MESSAGE][PASSED] - Object: 'Object Repository/RecAndPlayBk/Page-Vlink-Sale/input' is clicked on

2023-02-15 22:01:42 - [TEST_STEP][PASSED] - if (verifyTextPresent("Transaction approved, no errors", true)): null

2023-02-15 22:01:42 - [MESSAGE][PASSED] - Text 'Transaction approved, no errors' is present on page  using regular expression

2023-02-15 22:01:42 - [TEST_STEP][PASSED] - println("Transaction Approved, no errors text is present on the Confirmation page"): null

2023-02-15 22:01:42 - [TEST_STEP][PASSED] - sdfo = getText(findTestObject("Object Repository/Page_VLinkReceipt/pre_STX")): Text of object 'Object Repository/Page_VLinkReceipt/pre_STX' is: '<STX>OoIJYWbNi0X7                  12126630            0  Transaction approved, no errors                   0                                                                                  Y 942548409<ETX>'

2023-02-15 22:01:43 - [MESSAGE][PASSED] - Text of object 'Object Repository/Page_VLinkReceipt/pre_STX' is: '<STX>OoIJYWbNi0X7                  12126630            0  Transaction approved, no errors                   0                                                                                  Y 942548409<ETX>'

2023-02-15 22:01:43 - [TEST_STEP][PASSED] - out.println("sdfo: " + sdfo): null

2023-02-15 22:01:43 - [TEST_STEP][PASSED] - remID = substring(5, 35).trim(): null

2023-02-15 22:01:43 - [TEST_STEP][PASSED] - out.println("remID: " + remID): null

2023-02-15 22:01:43 - [TEST_STEP][PASSED] - traxID = substring(35, 55).trim(): null

2023-02-15 22:01:43 - [TEST_STEP][PASSED] - out.println("traxID: " + traxID): null

2023-02-15 22:01:43 - [TEST_STEP][PASSED] - VLinkSaleRemID = remID: null

2023-02-15 22:01:43 - [TEST_STEP][PASSED] - VLinkSaleTranxID = traxID: null

2023-02-15 22:01:43 - [TEST_STEP][PASSED] - openBrowser(VLinkURL + "CC_credit.html"): Browser is opened with url: 'https://dev-algorithm.govolution.com/vlinktest/QA/version_2_0/CC_credit.html'

2023-02-15 22:01:43 - [MESSAGE][WARNING] - A browser is already opened. Closing browser and opening a new one

2023-02-15 22:01:44 - [MESSAGE][INFO] - Starting 'Chrome' driver

2023-02-15 22:01:44 - [MESSAGE][INFO] - User set preference: ['acceptInsecureCerts', 'true']

2023-02-15 22:01:44 - [MESSAGE][INFO] - Action delay is set to 0 milliseconds

2023-02-15 22:01:45 - [MESSAGE][PASSED] - Browser is opened with url: 'https://dev-algorithm.govolution.com/vlinktest/QA/version_2_0/CC_credit.html'

2023-02-15 22:01:45 - [TEST_STEP][PASSED] - maximizeWindow(): Current window maximized

2023-02-15 22:01:45 - [MESSAGE][PASSED] - Current window maximized

2023-02-15 22:01:45 - [TEST_STEP][PASSED] - setText(findTestObject("Object Repository/RecAndPlayBk/Page-Vlink-CC-Credit/input_Remittance Id"), VLinkSaleRemID): Text 'OoIJYWbNi0X7' is set on object 'Object Repository/RecAndPlayBk/Page-Vlink-CC-Credit/input_Remittance Id'

2023-02-15 22:01:46 - [MESSAGE][PASSED] - Text 'OoIJYWbNi0X7' is set on object 'Object Repository/RecAndPlayBk/Page-Vlink-CC-Credit/input_Remittance Id'

2023-02-15 22:01:46 - [TEST_STEP][PASSED] - setText(findTestObject("Object Repository/RecAndPlayBk/Page-Vlink-CC-Credit/input_Application Id"), appID): Text '234' is set on object 'Object Repository/RecAndPlayBk/Page-Vlink-CC-Credit/input_Application Id'

2023-02-15 22:01:47 - [MESSAGE][PASSED] - Text '234' is set on object 'Object Repository/RecAndPlayBk/Page-Vlink-CC-Credit/input_Application Id'

2023-02-15 22:01:47 - [TEST_STEP][PASSED] - setText(findTestObject("Object Repository/RecAndPlayBk/Page-Vlink-CC-Credit/input_Username"), username): Text 'username' is set on object 'Object Repository/RecAndPlayBk/Page-Vlink-CC-Credit/input_Username'

2023-02-15 22:01:48 - [MESSAGE][PASSED] - Text 'username' is set on object 'Object Repository/RecAndPlayBk/Page-Vlink-CC-Credit/input_Username'

2023-02-15 22:01:48 - [TEST_STEP][PASSED] - setText(findTestObject("Object Repository/RecAndPlayBk/Page-Vlink-CC-Credit/input_Password"), password): Text 'password' is set on object 'Object Repository/RecAndPlayBk/Page-Vlink-CC-Credit/input_Password'

2023-02-15 22:01:48 - [MESSAGE][PASSED] - Text 'password' is set on object 'Object Repository/RecAndPlayBk/Page-Vlink-CC-Credit/input_Password'

2023-02-15 22:01:48 - [TEST_STEP][PASSED] - setText(findTestObject("Object Repository/RecAndPlayBk/Page-Vlink-CC-Credit/input_Transaction ID"), VLinkSaleTranxID): Text '12126630' is set on object 'Object Repository/RecAndPlayBk/Page-Vlink-CC-Credit/input_Transaction ID'

2023-02-15 22:01:49 - [MESSAGE][PASSED] - Text '12126630' is set on object 'Object Repository/RecAndPlayBk/Page-Vlink-CC-Credit/input_Transaction ID'

2023-02-15 22:01:49 - [TEST_STEP][PASSED] - setText(findTestObject("Object Repository/RecAndPlayBk/Page-Vlink-CC-Credit/input_Amount"), amount): Text '10.5' is set on object 'Object Repository/RecAndPlayBk/Page-Vlink-CC-Credit/input_Amount'

2023-02-15 22:01:49 - [MESSAGE][PASSED] - Text '10.5' is set on object 'Object Repository/RecAndPlayBk/Page-Vlink-CC-Credit/input_Amount'

2023-02-15 22:01:49 - [TEST_STEP][PASSED] - setText(findTestObject("Object Repository/RecAndPlayBk/Page-Vlink-CC-Credit/input_Card number"), ""): Text '' is set on object 'Object Repository/RecAndPlayBk/Page-Vlink-CC-Credit/input_Card number'

2023-02-15 22:01:50 - [MESSAGE][PASSED] - Text '' is set on object 'Object Repository/RecAndPlayBk/Page-Vlink-CC-Credit/input_Card number'

2023-02-15 22:01:50 - [TEST_STEP][PASSED] - setText(findTestObject("Object Repository/RecAndPlayBk/Page-Vlink-CC-Credit/input_Card ex month"), ""): Text '' is set on object 'Object Repository/RecAndPlayBk/Page-Vlink-CC-Credit/input_Card ex month'

2023-02-15 22:01:51 - [MESSAGE][PASSED] - Text '' is set on object 'Object Repository/RecAndPlayBk/Page-Vlink-CC-Credit/input_Card ex month'

2023-02-15 22:01:51 - [TEST_STEP][PASSED] - setText(findTestObject("Object Repository/RecAndPlayBk/Page-Vlink-CC-Credit/input_Card ex year"), ""): Text '' is set on object 'Object Repository/RecAndPlayBk/Page-Vlink-CC-Credit/input_Card ex year'

2023-02-15 22:01:51 - [MESSAGE][PASSED] - Text '' is set on object 'Object Repository/RecAndPlayBk/Page-Vlink-CC-Credit/input_Card ex year'

2023-02-15 22:01:51 - [TEST_STEP][PASSED] - setText(findTestObject("Object Repository/RecAndPlayBk/Page-Vlink-CC-Credit/input_Track Data"), ""): Text '' is set on object 'Object Repository/RecAndPlayBk/Page-Vlink-CC-Credit/input_Track Data'

2023-02-15 22:01:52 - [MESSAGE][PASSED] - Text '' is set on object 'Object Repository/RecAndPlayBk/Page-Vlink-CC-Credit/input_Track Data'

2023-02-15 22:01:52 - [TEST_STEP][PASSED] - setText(findTestObject("Object Repository/RecAndPlayBk/Page-Vlink-CC-Credit/input_Category Code"), category): Text 'MOTO' is set on object 'Object Repository/RecAndPlayBk/Page-Vlink-CC-Credit/input_Category Code'

2023-02-15 22:01:52 - [MESSAGE][PASSED] - Text 'MOTO' is set on object 'Object Repository/RecAndPlayBk/Page-Vlink-CC-Credit/input_Category Code'

2023-02-15 22:01:52 - [TEST_STEP][PASSED] - click(findTestObject("Object Repository/RecAndPlayBk/Page-Vlink-CC-Credit/input")): Object: 'Object Repository/RecAndPlayBk/Page-Vlink-CC-Credit/input' is clicked on

2023-02-15 22:01:54 - [MESSAGE][PASSED] - Object: 'Object Repository/RecAndPlayBk/Page-Vlink-CC-Credit/input' is clicked on

2023-02-15 22:01:54 - [TEST_STEP][PASSED] - if (verifyTextPresent("Transaction approved, no errors", true)): null

2023-02-15 22:01:54 - [MESSAGE][PASSED] - Text 'Transaction approved, no errors' is present on page  using regular expression

2023-02-15 22:01:54 - [TEST_STEP][PASSED] - println("Transaction Approved, no errors text is present on the Confirmation page"): null

2023-02-15 22:01:54 - [TEST_STEP][PASSED] - out.println("Pass Record Number: " + row): null

2023-02-15 22:01:54 - [TEST_STEP][PASSED] - resText = "Pass": null

2023-02-15 22:01:54 - [TEST_STEP][PASSED] - pages.WriteExcel.demoKey(resText, datText, resColumn, datCloumn, fileLoc, nameSheet, row): pages.WriteExcel.demoKey is PASSED

2023-02-15 22:01:54 - [MESSAGE][PASSED] - pages.WriteExcel.demoKey is PASSED

2023-02-15 22:01:54 - [TEST_STEP][PASSED] - ExecuteTC = findTestData(dataFile).getValue("Execute", row): null

2023-02-15 22:01:54 - [TEST_STEP][PASSED] - out.println("Value of Execute is : " + ExecuteTC): null

2023-02-15 22:01:54 - [TEST_STEP][PASSED] - switch (executionProfile): null

2023-02-15 22:01:54 - [TEST_STEP][PASSED] - case "QAProfile":: null

2023-02-15 22:01:54 - [TEST_STEP][PASSED] - appID = findTestData(dataFile).getValue("AppIDQA", row): null

2023-02-15 22:01:54 - [TEST_STEP][PASSED] - username = findTestData(dataFile).getValue("UsernameQA", row): null

2023-02-15 22:01:54 - [TEST_STEP][PASSED] - password = findTestData(dataFile).getValue("PasswordQA", row): null

2023-02-15 22:01:54 - [TEST_STEP][PASSED] - break: null

2023-02-15 22:01:54 - [TEST_STEP][FAILED] - if (ExecuteTC.equalsIgnoreCase("Y")): null

2023-02-15 22:01:54 - [TEST_STEP][PASSED] - out.println("Begin Record Number: " + row): null

2023-02-15 22:01:54 - [TEST_STEP][PASSED] - today = new java.util.Date(): null

2023-02-15 22:01:54 - [TEST_STEP][PASSED] - println(today): null

2023-02-15 22:01:54 - [TEST_STEP][PASSED] - datText = today: null

2023-02-15 22:01:54 - [TEST_STEP][PASSED] - category = findTestData(dataFile).getValue("Category", row): null

2023-02-15 22:01:54 - [TEST_STEP][PASSED] - amount = findTestData(dataFile).getValue("Amount", row): null

2023-02-15 22:01:55 - [TEST_STEP][PASSED] - cardNumber = findTestData(dataFile).getValue("CardNumber", row): null

2023-02-15 22:01:55 - [TEST_STEP][PASSED] - exM = findTestData(dataFile).getValue("ExM", row): null

2023-02-15 22:01:55 - [TEST_STEP][PASSED] - exY = findTestData(dataFile).getValue("ExY", row): null

2023-02-15 22:01:55 - [TEST_STEP][PASSED] - openBrowser(VLinkURL + "authcap.html"): Browser is opened with url: 'https://dev-algorithm.govolution.com/vlinktest/QA/version_2_0/authcap.html'

2023-02-15 22:01:55 - [MESSAGE][WARNING] - A browser is already opened. Closing browser and opening a new one

2023-02-15 22:01:56 - [MESSAGE][INFO] - Starting 'Chrome' driver

2023-02-15 22:01:56 - [MESSAGE][INFO] - User set preference: ['acceptInsecureCerts', 'true']

2023-02-15 22:01:56 - [MESSAGE][INFO] - Action delay is set to 0 milliseconds

2023-02-15 22:01:58 - [MESSAGE][PASSED] - Browser is opened with url: 'https://dev-algorithm.govolution.com/vlinktest/QA/version_2_0/authcap.html'

2023-02-15 22:01:58 - [TEST_STEP][PASSED] - maximizeWindow(): Current window maximized

2023-02-15 22:01:58 - [MESSAGE][PASSED] - Current window maximized

2023-02-15 22:01:58 - [TEST_STEP][PASSED] - maximizeWindow(): Current window maximized

2023-02-15 22:01:58 - [MESSAGE][PASSED] - Current window maximized

2023-02-15 22:01:58 - [TEST_STEP][PASSED] - genRemID = RandomStringUtils.random(12, true, true): null

2023-02-15 22:01:58 - [TEST_STEP][PASSED] - setText(findTestObject("Object Repository/RecAndPlayBk/Page-Vlink-Sale/input_Remittance Id_remittance_id"), genRemID): Text 'yOdh0tDdYTDO' is set on object 'Object Repository/RecAndPlayBk/Page-Vlink-Sale/input_Remittance Id_remittance_id'

2023-02-15 22:01:58 - [MESSAGE][PASSED] - Text 'yOdh0tDdYTDO' is set on object 'Object Repository/RecAndPlayBk/Page-Vlink-Sale/input_Remittance Id_remittance_id'

2023-02-15 22:01:58 - [TEST_STEP][PASSED] - setText(findTestObject("Object Repository/RecAndPlayBk/Page-Vlink-Sale/input_Application Id_application_id"), appID): Text '234' is set on object 'Object Repository/RecAndPlayBk/Page-Vlink-Sale/input_Application Id_application_id'

2023-02-15 22:01:59 - [MESSAGE][PASSED] - Text '234' is set on object 'Object Repository/RecAndPlayBk/Page-Vlink-Sale/input_Application Id_application_id'

2023-02-15 22:01:59 - [TEST_STEP][PASSED] - setText(findTestObject("Object Repository/RecAndPlayBk/Page-Vlink-Sale/input_Username_username"), username): Text 'username' is set on object 'Object Repository/RecAndPlayBk/Page-Vlink-Sale/input_Username_username'

2023-02-15 22:02:00 - [MESSAGE][PASSED] - Text 'username' is set on object 'Object Repository/RecAndPlayBk/Page-Vlink-Sale/input_Username_username'

2023-02-15 22:02:00 - [TEST_STEP][PASSED] - setText(findTestObject("Object Repository/RecAndPlayBk/Page-Vlink-Sale/input_Password_password"), password): Text 'password' is set on object 'Object Repository/RecAndPlayBk/Page-Vlink-Sale/input_Password_password'

2023-02-15 22:02:00 - [MESSAGE][PASSED] - Text 'password' is set on object 'Object Repository/RecAndPlayBk/Page-Vlink-Sale/input_Password_password'

2023-02-15 22:02:00 - [TEST_STEP][PASSED] - setText(findTestObject("Object Repository/RecAndPlayBk/Page-Vlink-Sale/input_Category_category"), category): Text 'RETL' is set on object 'Object Repository/RecAndPlayBk/Page-Vlink-Sale/input_Category_category'

2023-02-15 22:02:01 - [MESSAGE][PASSED] - Text 'RETL' is set on object 'Object Repository/RecAndPlayBk/Page-Vlink-Sale/input_Category_category'

2023-02-15 22:02:01 - [TEST_STEP][PASSED] - setText(findTestObject("Object Repository/RecAndPlayBk/Page-Vlink-Sale/input_Amount_amount"), amount): Text '10.5' is set on object 'Object Repository/RecAndPlayBk/Page-Vlink-Sale/input_Amount_amount'

2023-02-15 22:02:02 - [MESSAGE][PASSED] - Text '10.5' is set on object 'Object Repository/RecAndPlayBk/Page-Vlink-Sale/input_Amount_amount'

2023-02-15 22:02:02 - [TEST_STEP][PASSED] - doubleClick(findTestObject("Object Repository/RecAndPlayBk/Page-Vlink-Sale/input_Card number_card_number")): Object: 'Object Repository/RecAndPlayBk/Page-Vlink-Sale/input_Card number_card_number' is double clicked on

2023-02-15 22:02:02 - [MESSAGE][PASSED] - Object: 'Object Repository/RecAndPlayBk/Page-Vlink-Sale/input_Card number_card_number' is double clicked on

2023-02-15 22:02:02 - [TEST_STEP][PASSED] - setText(findTestObject("Object Repository/RecAndPlayBk/Page-Vlink-Sale/input_Card number_card_number"), cardNumber): Text '370000000000002' is set on object 'Object Repository/RecAndPlayBk/Page-Vlink-Sale/input_Card number_card_number'

2023-02-15 22:02:03 - [MESSAGE][PASSED] - Text '370000000000002' is set on object 'Object Repository/RecAndPlayBk/Page-Vlink-Sale/input_Card number_card_number'

2023-02-15 22:02:03 - [TEST_STEP][PASSED] - setText(findTestObject("Object Repository/RecAndPlayBk/Page-Vlink-Sale/input_Card ex month_card_exmo"), exM): Text '12' is set on object 'Object Repository/RecAndPlayBk/Page-Vlink-Sale/input_Card ex month_card_exmo'

2023-02-15 22:02:03 - [MESSAGE][PASSED] - Text '12' is set on object 'Object Repository/RecAndPlayBk/Page-Vlink-Sale/input_Card ex month_card_exmo'

2023-02-15 22:02:03 - [TEST_STEP][PASSED] - setText(findTestObject("Object Repository/RecAndPlayBk/Page-Vlink-Sale/input_Card ex year_card_exyr"), exY): Text '2029' is set on object 'Object Repository/RecAndPlayBk/Page-Vlink-Sale/input_Card ex year_card_exyr'

2023-02-15 22:02:04 - [MESSAGE][PASSED] - Text '2029' is set on object 'Object Repository/RecAndPlayBk/Page-Vlink-Sale/input_Card ex year_card_exyr'

2023-02-15 22:02:04 - [TEST_STEP][PASSED] - click(findTestObject("Object Repository/RecAndPlayBk/Page-Vlink-Sale/input_Track Data_track_data")): Object: 'Object Repository/RecAndPlayBk/Page-Vlink-Sale/input_Track Data_track_data' is clicked on

2023-02-15 22:02:04 - [MESSAGE][PASSED] - Object: 'Object Repository/RecAndPlayBk/Page-Vlink-Sale/input_Track Data_track_data' is clicked on

2023-02-15 22:02:04 - [TEST_STEP][PASSED] - click(findTestObject("Object Repository/RecAndPlayBk/Page-Vlink-Sale/input_CVV state_cvv_state")): Object: 'Object Repository/RecAndPlayBk/Page-Vlink-Sale/input_CVV state_cvv_state' is clicked on

2023-02-15 22:02:05 - [MESSAGE][PASSED] - Object: 'Object Repository/RecAndPlayBk/Page-Vlink-Sale/input_CVV state_cvv_state' is clicked on

2023-02-15 22:02:05 - [TEST_STEP][PASSED] - setText(findTestObject("Object Repository/RecAndPlayBk/Page-Vlink-Sale/input_Track Data_track_data"), ""): Text '' is set on object 'Object Repository/RecAndPlayBk/Page-Vlink-Sale/input_Track Data_track_data'

2023-02-15 22:02:05 - [MESSAGE][PASSED] - Text '' is set on object 'Object Repository/RecAndPlayBk/Page-Vlink-Sale/input_Track Data_track_data'

2023-02-15 22:02:05 - [TEST_STEP][PASSED] - setText(findTestObject("Object Repository/RecAndPlayBk/Page-Vlink-Sale/input_concat(Cardholder, , s email)_email"), ""): Text '' is set on object 'Object Repository/RecAndPlayBk/Page-Vlink-Sale/input_concat(Cardholder, , s email)_email'

2023-02-15 22:02:06 - [MESSAGE][PASSED] - Text '' is set on object 'Object Repository/RecAndPlayBk/Page-Vlink-Sale/input_concat(Cardholder, , s email)_email'

2023-02-15 22:02:06 - [TEST_STEP][PASSED] - click(findTestObject("Object Repository/RecAndPlayBk/Page-Vlink-Sale/input_user_defined10_user_defined10")): Object: 'Object Repository/RecAndPlayBk/Page-Vlink-Sale/input_user_defined10_user_defined10' is clicked on

2023-02-15 22:02:06 - [MESSAGE][PASSED] - Object: 'Object Repository/RecAndPlayBk/Page-Vlink-Sale/input_user_defined10_user_defined10' is clicked on

2023-02-15 22:02:06 - [TEST_STEP][PASSED] - if (executionProfile.equalsIgnoreCase("QAProfile") || executionProfile.equalsIgnoreCase("DemoProfile")): Text '' is set on object 'Object Repository/RecAndPlayBk/Page-Vlink-Sale/input_COF Transaction Initiated by_cof_tran_6cded5'

2023-02-15 22:02:06 - [TEST_STEP][PASSED] - setText(findTestObject("Object Repository/RecAndPlayBk/Page-Vlink-Sale/input_Card on File Indicator_card_on_file_i_157dae"), ""): Text '' is set on object 'Object Repository/RecAndPlayBk/Page-Vlink-Sale/input_Card on File Indicator_card_on_file_i_157dae'

2023-02-15 22:02:07 - [MESSAGE][PASSED] - Text '' is set on object 'Object Repository/RecAndPlayBk/Page-Vlink-Sale/input_Card on File Indicator_card_on_file_i_157dae'

2023-02-15 22:02:07 - [TEST_STEP][PASSED] - setText(findTestObject("Object Repository/RecAndPlayBk/Page-Vlink-Sale/input_Stored Credential Indicator_stored_cr_4ae73c"), ""): Text '' is set on object 'Object Repository/RecAndPlayBk/Page-Vlink-Sale/input_Stored Credential Indicator_stored_cr_4ae73c'

2023-02-15 22:02:07 - [MESSAGE][PASSED] - Text '' is set on object 'Object Repository/RecAndPlayBk/Page-Vlink-Sale/input_Stored Credential Indicator_stored_cr_4ae73c'

2023-02-15 22:02:07 - [TEST_STEP][PASSED] - setText(findTestObject("Object Repository/RecAndPlayBk/Page-Vlink-Sale/input_COF Scheduled indicator_cof_scheduled_8df7d8"), ""): Text '' is set on object 'Object Repository/RecAndPlayBk/Page-Vlink-Sale/input_COF Scheduled indicator_cof_scheduled_8df7d8'

2023-02-15 22:02:08 - [MESSAGE][PASSED] - Text '' is set on object 'Object Repository/RecAndPlayBk/Page-Vlink-Sale/input_COF Scheduled indicator_cof_scheduled_8df7d8'

2023-02-15 22:02:08 - [TEST_STEP][PASSED] - setText(findTestObject("Object Repository/RecAndPlayBk/Page-Vlink-Sale/input_COF Transaction Initiated by_cof_tran_6cded5"), ""): Text '' is set on object 'Object Repository/RecAndPlayBk/Page-Vlink-Sale/input_COF Transaction Initiated by_cof_tran_6cded5'

2023-02-15 22:02:09 - [MESSAGE][PASSED] - Text '' is set on object 'Object Repository/RecAndPlayBk/Page-Vlink-Sale/input_COF Transaction Initiated by_cof_tran_6cded5'

2023-02-15 22:02:09 - [TEST_STEP][PASSED] - click(findTestObject("Object Repository/RecAndPlayBk/Page-Vlink-Sale/input")): Object: 'Object Repository/RecAndPlayBk/Page-Vlink-Sale/input' is clicked on

2023-02-15 22:02:10 - [MESSAGE][PASSED] - Object: 'Object Repository/RecAndPlayBk/Page-Vlink-Sale/input' is clicked on

2023-02-15 22:02:10 - [TEST_STEP][FAILED] - if (verifyTextPresent("Transaction approved, no errors", true)): Text 'Transaction approved, no errors' is not present on page  using regular expression (Root cause: com.kms.katalon.core.exception.StepFailedException: Text 'Transaction approved, no errors' is not present on page  using regular expression
	at com.kms.katalon.core.webui.keyword.internal.WebUIKeywordMain.stepFailed(WebUIKeywordMain.groovy:64)
	at com.kms.katalon.core.webui.keyword.builtin.VerifyTextPresentKeyword$_verifyTextPresent_closure1.doCall(VerifyTextPresentKeyword.groovy:79)
	at com.kms.katalon.core.webui.keyword.builtin.VerifyTextPresentKeyword$_verifyTextPresent_closure1.call(VerifyTextPresentKeyword.groovy)
	at com.kms.katalon.core.webui.keyword.internal.WebUIKeywordMain.runKeyword(WebUIKeywordMain.groovy:20)
	at com.kms.katalon.core.webui.keyword.builtin.VerifyTextPresentKeyword.verifyTextPresent(VerifyTextPresentKeyword.groovy:83)
	at com.kms.katalon.core.webui.keyword.builtin.VerifyTextPresentKeyword.execute(VerifyTextPresentKeyword.groovy:68)
	at com.kms.katalon.core.keyword.internal.KeywordExecutor.executeKeywordForPlatform(KeywordExecutor.groovy:74)
	at com.kms.katalon.core.webui.keyword.WebUiBuiltInKeywords.verifyTextPresent(WebUiBuiltInKeywords.groovy:1723)
	at com.kms.katalon.core.webui.keyword.WebUiBuiltInKeywords$verifyTextPresent$4.call(Unknown Source)
	at Sale-Credit.run(Sale-Credit:155)
	at com.kms.katalon.core.main.ScriptEngine.run(ScriptEngine.java:194)
	at com.kms.katalon.core.main.ScriptEngine.runScriptAsRawText(ScriptEngine.java:119)
	at com.kms.katalon.core.main.TestCaseExecutor.runScript(TestCaseExecutor.java:442)
	at com.kms.katalon.core.main.TestCaseExecutor.doExecute(TestCaseExecutor.java:433)
	at com.kms.katalon.core.main.TestCaseExecutor.processExecutionPhase(TestCaseExecutor.java:412)
	at com.kms.katalon.core.main.TestCaseExecutor.accessMainPhase(TestCaseExecutor.java:404)
	at com.kms.katalon.core.main.TestCaseExecutor.execute(TestCaseExecutor.java:281)
	at com.kms.katalon.core.main.TestSuiteExecutor.accessTestCaseMainPhase(TestSuiteExecutor.java:202)
	at com.kms.katalon.core.main.TestSuiteExecutor.accessTestSuiteMainPhase(TestSuiteExecutor.java:164)
	at com.kms.katalon.core.main.TestSuiteExecutor.execute(TestSuiteExecutor.java:105)
	at com.kms.katalon.core.main.TestCaseMain.startTestSuite(TestCaseMain.java:185)
	at com.kms.katalon.core.main.TestCaseMain$startTestSuite$0.call(Unknown Source)
	at TempTestSuite1676515943031.run(TempTestSuite1676515943031.groovy:36)
)

2023-02-15 22:02:10 - [MESSAGE][FAILED] - Text 'Transaction approved, no errors' is not present on page  using regular expression (Root cause: com.kms.katalon.core.exception.StepFailedException: Text 'Transaction approved, no errors' is not present on page  using regular expression
	at com.kms.katalon.core.webui.keyword.internal.WebUIKeywordMain.stepFailed(WebUIKeywordMain.groovy:64)
	at com.kms.katalon.core.webui.keyword.builtin.VerifyTextPresentKeyword$_verifyTextPresent_closure1.doCall(VerifyTextPresentKeyword.groovy:79)
	at com.kms.katalon.core.webui.keyword.builtin.VerifyTextPresentKeyword$_verifyTextPresent_closure1.call(VerifyTextPresentKeyword.groovy)
	at com.kms.katalon.core.webui.keyword.internal.WebUIKeywordMain.runKeyword(WebUIKeywordMain.groovy:20)
	at com.kms.katalon.core.webui.keyword.builtin.VerifyTextPresentKeyword.verifyTextPresent(VerifyTextPresentKeyword.groovy:83)
	at com.kms.katalon.core.webui.keyword.builtin.VerifyTextPresentKeyword.execute(VerifyTextPresentKeyword.groovy:68)
	at com.kms.katalon.core.keyword.internal.KeywordExecutor.executeKeywordForPlatform(KeywordExecutor.groovy:74)
	at com.kms.katalon.core.webui.keyword.WebUiBuiltInKeywords.verifyTextPresent(WebUiBuiltInKeywords.groovy:1723)
	at com.kms.katalon.core.webui.keyword.WebUiBuiltInKeywords$verifyTextPresent$4.call(Unknown Source)
	at Sale-Credit.run(Sale-Credit:155)
	at com.kms.katalon.core.main.ScriptEngine.run(ScriptEngine.java:194)
	at com.kms.katalon.core.main.ScriptEngine.runScriptAsRawText(ScriptEngine.java:119)
	at com.kms.katalon.core.main.TestCaseExecutor.runScript(TestCaseExecutor.java:442)
	at com.kms.katalon.core.main.TestCaseExecutor.doExecute(TestCaseExecutor.java:433)
	at com.kms.katalon.core.main.TestCaseExecutor.processExecutionPhase(TestCaseExecutor.java:412)
	at com.kms.katalon.core.main.TestCaseExecutor.accessMainPhase(TestCaseExecutor.java:404)
	at com.kms.katalon.core.main.TestCaseExecutor.execute(TestCaseExecutor.java:281)
	at com.kms.katalon.core.main.TestSuiteExecutor.accessTestCaseMainPhase(TestSuiteExecutor.java:202)
	at com.kms.katalon.core.main.TestSuiteExecutor.accessTestSuiteMainPhase(TestSuiteExecutor.java:164)
	at com.kms.katalon.core.main.TestSuiteExecutor.execute(TestSuiteExecutor.java:105)
	at com.kms.katalon.core.main.TestCaseMain.startTestSuite(TestCaseMain.java:185)
	at com.kms.katalon.core.main.TestCaseMain$startTestSuite$0.call(Unknown Source)
	at TempTestSuite1676515943031.run(TempTestSuite1676515943031.groovy:36)
)

2023-02-15 22:02:10 - [TEST_STEP][PASSED] - else: pages.WriteExcel.demoKey is PASSED

2023-02-15 22:02:10 - [TEST_STEP][PASSED] - println("Transaction Approved, no errors text is not present on the Confirmation page"): null

2023-02-15 22:02:10 - [TEST_STEP][PASSED] - out.println("Fail Record Number: " + row): null

2023-02-15 22:02:10 - [TEST_STEP][PASSED] - resText = "Fail": null

2023-02-15 22:02:10 - [TEST_STEP][PASSED] - pages.WriteExcel.demoKey(resText, datText, resColumn, datCloumn, fileLoc, nameSheet, row): pages.WriteExcel.demoKey is PASSED

2023-02-15 22:02:10 - [MESSAGE][PASSED] - pages.WriteExcel.demoKey is PASSED

2023-02-15 22:02:10 - [TEST_STEP][PASSED] - ExecuteTC = findTestData(dataFile).getValue("Execute", row): null

2023-02-15 22:02:10 - [TEST_STEP][PASSED] - out.println("Value of Execute is : " + ExecuteTC): null

2023-02-15 22:02:10 - [TEST_STEP][PASSED] - switch (executionProfile): null

2023-02-15 22:02:10 - [TEST_STEP][PASSED] - case "QAProfile":: null

2023-02-15 22:02:10 - [TEST_STEP][PASSED] - appID = findTestData(dataFile).getValue("AppIDQA", row): null

2023-02-15 22:02:10 - [TEST_STEP][PASSED] - username = findTestData(dataFile).getValue("UsernameQA", row): null

2023-02-15 22:02:10 - [TEST_STEP][PASSED] - password = findTestData(dataFile).getValue("PasswordQA", row): null

2023-02-15 22:02:11 - [TEST_STEP][PASSED] - break: null

2023-02-15 22:02:11 - [TEST_STEP][PASSED] - if (ExecuteTC.equalsIgnoreCase("Y")): null

2023-02-15 22:02:11 - [TEST_STEP][PASSED] - out.println("Begin Record Number: " + row): null

2023-02-15 22:02:11 - [TEST_STEP][PASSED] - today = new java.util.Date(): null

2023-02-15 22:02:11 - [TEST_STEP][PASSED] - println(today): null

2023-02-15 22:02:11 - [TEST_STEP][PASSED] - datText = today: null

2023-02-15 22:02:11 - [TEST_STEP][PASSED] - category = findTestData(dataFile).getValue("Category", row): null

2023-02-15 22:02:11 - [TEST_STEP][PASSED] - amount = findTestData(dataFile).getValue("Amount", row): null

2023-02-15 22:02:11 - [TEST_STEP][PASSED] - cardNumber = findTestData(dataFile).getValue("CardNumber", row): null

2023-02-15 22:02:11 - [TEST_STEP][PASSED] - exM = findTestData(dataFile).getValue("ExM", row): null

2023-02-15 22:02:11 - [TEST_STEP][PASSED] - exY = findTestData(dataFile).getValue("ExY", row): null

2023-02-15 22:02:12 - [TEST_STEP][PASSED] - openBrowser(VLinkURL + "authcap.html"): Browser is opened with url: 'https://dev-algorithm.govolution.com/vlinktest/QA/version_2_0/authcap.html'

2023-02-15 22:02:12 - [MESSAGE][WARNING] - A browser is already opened. Closing browser and opening a new one

2023-02-15 22:02:12 - [MESSAGE][INFO] - Starting 'Chrome' driver

2023-02-15 22:02:12 - [MESSAGE][INFO] - User set preference: ['acceptInsecureCerts', 'true']

2023-02-15 22:02:12 - [MESSAGE][INFO] - Action delay is set to 0 milliseconds

2023-02-15 22:02:14 - [MESSAGE][PASSED] - Browser is opened with url: 'https://dev-algorithm.govolution.com/vlinktest/QA/version_2_0/authcap.html'

2023-02-15 22:02:14 - [TEST_STEP][PASSED] - maximizeWindow(): Current window maximized

2023-02-15 22:02:15 - [MESSAGE][PASSED] - Current window maximized

2023-02-15 22:02:15 - [TEST_STEP][PASSED] - maximizeWindow(): Current window maximized

2023-02-15 22:02:15 - [MESSAGE][PASSED] - Current window maximized

2023-02-15 22:02:15 - [TEST_STEP][PASSED] - genRemID = RandomStringUtils.random(12, true, true): null

2023-02-15 22:02:15 - [TEST_STEP][PASSED] - setText(findTestObject("Object Repository/RecAndPlayBk/Page-Vlink-Sale/input_Remittance Id_remittance_id"), genRemID): Text 'YkO2xurSmcoN' is set on object 'Object Repository/RecAndPlayBk/Page-Vlink-Sale/input_Remittance Id_remittance_id'

2023-02-15 22:02:15 - [MESSAGE][PASSED] - Text 'YkO2xurSmcoN' is set on object 'Object Repository/RecAndPlayBk/Page-Vlink-Sale/input_Remittance Id_remittance_id'

2023-02-15 22:02:15 - [TEST_STEP][PASSED] - setText(findTestObject("Object Repository/RecAndPlayBk/Page-Vlink-Sale/input_Application Id_application_id"), appID): Text '87' is set on object 'Object Repository/RecAndPlayBk/Page-Vlink-Sale/input_Application Id_application_id'

2023-02-15 22:02:16 - [MESSAGE][PASSED] - Text '87' is set on object 'Object Repository/RecAndPlayBk/Page-Vlink-Sale/input_Application Id_application_id'

2023-02-15 22:02:16 - [TEST_STEP][PASSED] - setText(findTestObject("Object Repository/RecAndPlayBk/Page-Vlink-Sale/input_Username_username"), username): Text 'username' is set on object 'Object Repository/RecAndPlayBk/Page-Vlink-Sale/input_Username_username'

2023-02-15 22:02:17 - [MESSAGE][PASSED] - Text 'username' is set on object 'Object Repository/RecAndPlayBk/Page-Vlink-Sale/input_Username_username'

2023-02-15 22:02:17 - [TEST_STEP][PASSED] - setText(findTestObject("Object Repository/RecAndPlayBk/Page-Vlink-Sale/input_Password_password"), password): Text 'password' is set on object 'Object Repository/RecAndPlayBk/Page-Vlink-Sale/input_Password_password'

2023-02-15 22:02:17 - [MESSAGE][PASSED] - Text 'password' is set on object 'Object Repository/RecAndPlayBk/Page-Vlink-Sale/input_Password_password'

2023-02-15 22:02:17 - [TEST_STEP][PASSED] - setText(findTestObject("Object Repository/RecAndPlayBk/Page-Vlink-Sale/input_Category_category"), category): Text 'ECOM' is set on object 'Object Repository/RecAndPlayBk/Page-Vlink-Sale/input_Category_category'

2023-02-15 22:02:18 - [MESSAGE][PASSED] - Text 'ECOM' is set on object 'Object Repository/RecAndPlayBk/Page-Vlink-Sale/input_Category_category'

2023-02-15 22:02:18 - [TEST_STEP][PASSED] - setText(findTestObject("Object Repository/RecAndPlayBk/Page-Vlink-Sale/input_Amount_amount"), amount): Text '10.5' is set on object 'Object Repository/RecAndPlayBk/Page-Vlink-Sale/input_Amount_amount'

2023-02-15 22:02:18 - [MESSAGE][PASSED] - Text '10.5' is set on object 'Object Repository/RecAndPlayBk/Page-Vlink-Sale/input_Amount_amount'

2023-02-15 22:02:18 - [TEST_STEP][PASSED] - doubleClick(findTestObject("Object Repository/RecAndPlayBk/Page-Vlink-Sale/input_Card number_card_number")): Object: 'Object Repository/RecAndPlayBk/Page-Vlink-Sale/input_Card number_card_number' is double clicked on

2023-02-15 22:02:19 - [MESSAGE][PASSED] - Object: 'Object Repository/RecAndPlayBk/Page-Vlink-Sale/input_Card number_card_number' is double clicked on

2023-02-15 22:02:19 - [TEST_STEP][PASSED] - setText(findTestObject("Object Repository/RecAndPlayBk/Page-Vlink-Sale/input_Card number_card_number"), cardNumber): Text '4012000098765439' is set on object 'Object Repository/RecAndPlayBk/Page-Vlink-Sale/input_Card number_card_number'

2023-02-15 22:02:19 - [MESSAGE][PASSED] - Text '4012000098765439' is set on object 'Object Repository/RecAndPlayBk/Page-Vlink-Sale/input_Card number_card_number'

2023-02-15 22:02:19 - [TEST_STEP][PASSED] - setText(findTestObject("Object Repository/RecAndPlayBk/Page-Vlink-Sale/input_Card ex month_card_exmo"), exM): Text '12' is set on object 'Object Repository/RecAndPlayBk/Page-Vlink-Sale/input_Card ex month_card_exmo'

2023-02-15 22:02:20 - [MESSAGE][PASSED] - Text '12' is set on object 'Object Repository/RecAndPlayBk/Page-Vlink-Sale/input_Card ex month_card_exmo'

2023-02-15 22:02:20 - [TEST_STEP][PASSED] - setText(findTestObject("Object Repository/RecAndPlayBk/Page-Vlink-Sale/input_Card ex year_card_exyr"), exY): Text '2029' is set on object 'Object Repository/RecAndPlayBk/Page-Vlink-Sale/input_Card ex year_card_exyr'

2023-02-15 22:02:21 - [MESSAGE][PASSED] - Text '2029' is set on object 'Object Repository/RecAndPlayBk/Page-Vlink-Sale/input_Card ex year_card_exyr'

2023-02-15 22:02:21 - [TEST_STEP][PASSED] - click(findTestObject("Object Repository/RecAndPlayBk/Page-Vlink-Sale/input_Track Data_track_data")): Object: 'Object Repository/RecAndPlayBk/Page-Vlink-Sale/input_Track Data_track_data' is clicked on

2023-02-15 22:02:21 - [MESSAGE][PASSED] - Object: 'Object Repository/RecAndPlayBk/Page-Vlink-Sale/input_Track Data_track_data' is clicked on

2023-02-15 22:02:21 - [TEST_STEP][PASSED] - click(findTestObject("Object Repository/RecAndPlayBk/Page-Vlink-Sale/input_CVV state_cvv_state")): Object: 'Object Repository/RecAndPlayBk/Page-Vlink-Sale/input_CVV state_cvv_state' is clicked on

2023-02-15 22:02:21 - [MESSAGE][PASSED] - Object: 'Object Repository/RecAndPlayBk/Page-Vlink-Sale/input_CVV state_cvv_state' is clicked on

2023-02-15 22:02:21 - [TEST_STEP][PASSED] - setText(findTestObject("Object Repository/RecAndPlayBk/Page-Vlink-Sale/input_Track Data_track_data"), ""): Text '' is set on object 'Object Repository/RecAndPlayBk/Page-Vlink-Sale/input_Track Data_track_data'

2023-02-15 22:02:22 - [MESSAGE][PASSED] - Text '' is set on object 'Object Repository/RecAndPlayBk/Page-Vlink-Sale/input_Track Data_track_data'

2023-02-15 22:02:22 - [TEST_STEP][PASSED] - setText(findTestObject("Object Repository/RecAndPlayBk/Page-Vlink-Sale/input_concat(Cardholder, , s email)_email"), ""): Text '' is set on object 'Object Repository/RecAndPlayBk/Page-Vlink-Sale/input_concat(Cardholder, , s email)_email'

2023-02-15 22:02:22 - [MESSAGE][PASSED] - Text '' is set on object 'Object Repository/RecAndPlayBk/Page-Vlink-Sale/input_concat(Cardholder, , s email)_email'

2023-02-15 22:02:22 - [TEST_STEP][PASSED] - click(findTestObject("Object Repository/RecAndPlayBk/Page-Vlink-Sale/input_user_defined10_user_defined10")): Object: 'Object Repository/RecAndPlayBk/Page-Vlink-Sale/input_user_defined10_user_defined10' is clicked on

2023-02-15 22:02:23 - [MESSAGE][PASSED] - Object: 'Object Repository/RecAndPlayBk/Page-Vlink-Sale/input_user_defined10_user_defined10' is clicked on

2023-02-15 22:02:23 - [TEST_STEP][PASSED] - if (executionProfile.equalsIgnoreCase("QAProfile") || executionProfile.equalsIgnoreCase("DemoProfile")): Text '' is set on object 'Object Repository/RecAndPlayBk/Page-Vlink-Sale/input_COF Transaction Initiated by_cof_tran_6cded5'

2023-02-15 22:02:23 - [TEST_STEP][PASSED] - setText(findTestObject("Object Repository/RecAndPlayBk/Page-Vlink-Sale/input_Card on File Indicator_card_on_file_i_157dae"), ""): Text '' is set on object 'Object Repository/RecAndPlayBk/Page-Vlink-Sale/input_Card on File Indicator_card_on_file_i_157dae'

2023-02-15 22:02:23 - [MESSAGE][PASSED] - Text '' is set on object 'Object Repository/RecAndPlayBk/Page-Vlink-Sale/input_Card on File Indicator_card_on_file_i_157dae'

2023-02-15 22:02:23 - [TEST_STEP][PASSED] - setText(findTestObject("Object Repository/RecAndPlayBk/Page-Vlink-Sale/input_Stored Credential Indicator_stored_cr_4ae73c"), ""): Text '' is set on object 'Object Repository/RecAndPlayBk/Page-Vlink-Sale/input_Stored Credential Indicator_stored_cr_4ae73c'

2023-02-15 22:02:24 - [MESSAGE][PASSED] - Text '' is set on object 'Object Repository/RecAndPlayBk/Page-Vlink-Sale/input_Stored Credential Indicator_stored_cr_4ae73c'

2023-02-15 22:02:24 - [TEST_STEP][PASSED] - setText(findTestObject("Object Repository/RecAndPlayBk/Page-Vlink-Sale/input_COF Scheduled indicator_cof_scheduled_8df7d8"), ""): Text '' is set on object 'Object Repository/RecAndPlayBk/Page-Vlink-Sale/input_COF Scheduled indicator_cof_scheduled_8df7d8'

2023-02-15 22:02:25 - [MESSAGE][PASSED] - Text '' is set on object 'Object Repository/RecAndPlayBk/Page-Vlink-Sale/input_COF Scheduled indicator_cof_scheduled_8df7d8'

2023-02-15 22:02:25 - [TEST_STEP][PASSED] - setText(findTestObject("Object Repository/RecAndPlayBk/Page-Vlink-Sale/input_COF Transaction Initiated by_cof_tran_6cded5"), ""): Text '' is set on object 'Object Repository/RecAndPlayBk/Page-Vlink-Sale/input_COF Transaction Initiated by_cof_tran_6cded5'

2023-02-15 22:02:25 - [MESSAGE][PASSED] - Text '' is set on object 'Object Repository/RecAndPlayBk/Page-Vlink-Sale/input_COF Transaction Initiated by_cof_tran_6cded5'

2023-02-15 22:02:25 - [TEST_STEP][PASSED] - click(findTestObject("Object Repository/RecAndPlayBk/Page-Vlink-Sale/input")): Object: 'Object Repository/RecAndPlayBk/Page-Vlink-Sale/input' is clicked on

2023-02-15 22:02:29 - [MESSAGE][PASSED] - Object: 'Object Repository/RecAndPlayBk/Page-Vlink-Sale/input' is clicked on

2023-02-15 22:02:29 - [TEST_STEP][PASSED] - if (verifyTextPresent("Transaction approved, no errors", true)): null

2023-02-15 22:02:29 - [MESSAGE][PASSED] - Text 'Transaction approved, no errors' is present on page  using regular expression

2023-02-15 22:02:29 - [TEST_STEP][PASSED] - println("Transaction Approved, no errors text is present on the Confirmation page"): null

2023-02-15 22:02:29 - [TEST_STEP][PASSED] - sdfo = getText(findTestObject("Object Repository/Page_VLinkReceipt/pre_STX")): Text of object 'Object Repository/Page_VLinkReceipt/pre_STX' is: '<STX>YkO2xurSmcoN                  12126633            0  Transaction approved, no errors                   0                                                                                  N TAS738   <ETX>'

2023-02-15 22:02:29 - [MESSAGE][PASSED] - Text of object 'Object Repository/Page_VLinkReceipt/pre_STX' is: '<STX>YkO2xurSmcoN                  12126633            0  Transaction approved, no errors                   0                                                                                  N TAS738   <ETX>'

2023-02-15 22:02:29 - [TEST_STEP][PASSED] - out.println("sdfo: " + sdfo): null

2023-02-15 22:02:29 - [TEST_STEP][PASSED] - remID = substring(5, 35).trim(): null

2023-02-15 22:02:29 - [TEST_STEP][PASSED] - out.println("remID: " + remID): null

2023-02-15 22:02:29 - [TEST_STEP][PASSED] - traxID = substring(35, 55).trim(): null

2023-02-15 22:02:29 - [TEST_STEP][PASSED] - out.println("traxID: " + traxID): null

2023-02-15 22:02:29 - [TEST_STEP][PASSED] - VLinkSaleRemID = remID: null

2023-02-15 22:02:29 - [TEST_STEP][PASSED] - VLinkSaleTranxID = traxID: null

2023-02-15 22:02:29 - [TEST_STEP][PASSED] - openBrowser(VLinkURL + "CC_credit.html"): Browser is opened with url: 'https://dev-algorithm.govolution.com/vlinktest/QA/version_2_0/CC_credit.html'

2023-02-15 22:02:29 - [MESSAGE][WARNING] - A browser is already opened. Closing browser and opening a new one

2023-02-15 22:02:30 - [MESSAGE][INFO] - Starting 'Chrome' driver

2023-02-15 22:02:30 - [MESSAGE][INFO] - User set preference: ['acceptInsecureCerts', 'true']

2023-02-15 22:02:30 - [MESSAGE][INFO] - Action delay is set to 0 milliseconds

2023-02-15 22:02:32 - [MESSAGE][PASSED] - Browser is opened with url: 'https://dev-algorithm.govolution.com/vlinktest/QA/version_2_0/CC_credit.html'

2023-02-15 22:02:32 - [TEST_STEP][PASSED] - maximizeWindow(): Current window maximized

2023-02-15 22:02:32 - [MESSAGE][PASSED] - Current window maximized

2023-02-15 22:02:32 - [TEST_STEP][PASSED] - setText(findTestObject("Object Repository/RecAndPlayBk/Page-Vlink-CC-Credit/input_Remittance Id"), VLinkSaleRemID): Text 'YkO2xurSmcoN' is set on object 'Object Repository/RecAndPlayBk/Page-Vlink-CC-Credit/input_Remittance Id'

2023-02-15 22:02:33 - [MESSAGE][PASSED] - Text 'YkO2xurSmcoN' is set on object 'Object Repository/RecAndPlayBk/Page-Vlink-CC-Credit/input_Remittance Id'

2023-02-15 22:02:33 - [TEST_STEP][PASSED] - setText(findTestObject("Object Repository/RecAndPlayBk/Page-Vlink-CC-Credit/input_Application Id"), appID): Text '87' is set on object 'Object Repository/RecAndPlayBk/Page-Vlink-CC-Credit/input_Application Id'

2023-02-15 22:02:34 - [MESSAGE][PASSED] - Text '87' is set on object 'Object Repository/RecAndPlayBk/Page-Vlink-CC-Credit/input_Application Id'

2023-02-15 22:02:34 - [TEST_STEP][PASSED] - setText(findTestObject("Object Repository/RecAndPlayBk/Page-Vlink-CC-Credit/input_Username"), username): Text 'username' is set on object 'Object Repository/RecAndPlayBk/Page-Vlink-CC-Credit/input_Username'

2023-02-15 22:02:34 - [MESSAGE][PASSED] - Text 'username' is set on object 'Object Repository/RecAndPlayBk/Page-Vlink-CC-Credit/input_Username'

2023-02-15 22:02:34 - [TEST_STEP][PASSED] - setText(findTestObject("Object Repository/RecAndPlayBk/Page-Vlink-CC-Credit/input_Password"), password): Text 'password' is set on object 'Object Repository/RecAndPlayBk/Page-Vlink-CC-Credit/input_Password'

2023-02-15 22:02:35 - [MESSAGE][PASSED] - Text 'password' is set on object 'Object Repository/RecAndPlayBk/Page-Vlink-CC-Credit/input_Password'

2023-02-15 22:02:35 - [TEST_STEP][PASSED] - setText(findTestObject("Object Repository/RecAndPlayBk/Page-Vlink-CC-Credit/input_Transaction ID"), VLinkSaleTranxID): Text '12126633' is set on object 'Object Repository/RecAndPlayBk/Page-Vlink-CC-Credit/input_Transaction ID'

2023-02-15 22:02:36 - [MESSAGE][PASSED] - Text '12126633' is set on object 'Object Repository/RecAndPlayBk/Page-Vlink-CC-Credit/input_Transaction ID'

2023-02-15 22:02:36 - [TEST_STEP][PASSED] - setText(findTestObject("Object Repository/RecAndPlayBk/Page-Vlink-CC-Credit/input_Amount"), amount): Text '10.5' is set on object 'Object Repository/RecAndPlayBk/Page-Vlink-CC-Credit/input_Amount'

2023-02-15 22:02:36 - [MESSAGE][PASSED] - Text '10.5' is set on object 'Object Repository/RecAndPlayBk/Page-Vlink-CC-Credit/input_Amount'

2023-02-15 22:02:36 - [TEST_STEP][PASSED] - setText(findTestObject("Object Repository/RecAndPlayBk/Page-Vlink-CC-Credit/input_Card number"), ""): Text '' is set on object 'Object Repository/RecAndPlayBk/Page-Vlink-CC-Credit/input_Card number'

2023-02-15 22:02:37 - [MESSAGE][PASSED] - Text '' is set on object 'Object Repository/RecAndPlayBk/Page-Vlink-CC-Credit/input_Card number'

2023-02-15 22:02:37 - [TEST_STEP][PASSED] - setText(findTestObject("Object Repository/RecAndPlayBk/Page-Vlink-CC-Credit/input_Card ex month"), ""): Text '' is set on object 'Object Repository/RecAndPlayBk/Page-Vlink-CC-Credit/input_Card ex month'

2023-02-15 22:02:38 - [MESSAGE][PASSED] - Text '' is set on object 'Object Repository/RecAndPlayBk/Page-Vlink-CC-Credit/input_Card ex month'

2023-02-15 22:02:38 - [TEST_STEP][PASSED] - setText(findTestObject("Object Repository/RecAndPlayBk/Page-Vlink-CC-Credit/input_Card ex year"), ""): Text '' is set on object 'Object Repository/RecAndPlayBk/Page-Vlink-CC-Credit/input_Card ex year'

2023-02-15 22:02:38 - [MESSAGE][PASSED] - Text '' is set on object 'Object Repository/RecAndPlayBk/Page-Vlink-CC-Credit/input_Card ex year'

2023-02-15 22:02:38 - [TEST_STEP][PASSED] - setText(findTestObject("Object Repository/RecAndPlayBk/Page-Vlink-CC-Credit/input_Track Data"), ""): Text '' is set on object 'Object Repository/RecAndPlayBk/Page-Vlink-CC-Credit/input_Track Data'

2023-02-15 22:02:39 - [MESSAGE][PASSED] - Text '' is set on object 'Object Repository/RecAndPlayBk/Page-Vlink-CC-Credit/input_Track Data'

2023-02-15 22:02:39 - [TEST_STEP][PASSED] - setText(findTestObject("Object Repository/RecAndPlayBk/Page-Vlink-CC-Credit/input_Category Code"), category): Text 'ECOM' is set on object 'Object Repository/RecAndPlayBk/Page-Vlink-CC-Credit/input_Category Code'

2023-02-15 22:02:40 - [MESSAGE][PASSED] - Text 'ECOM' is set on object 'Object Repository/RecAndPlayBk/Page-Vlink-CC-Credit/input_Category Code'

2023-02-15 22:02:40 - [TEST_STEP][PASSED] - click(findTestObject("Object Repository/RecAndPlayBk/Page-Vlink-CC-Credit/input")): Object: 'Object Repository/RecAndPlayBk/Page-Vlink-CC-Credit/input' is clicked on

2023-02-15 22:02:42 - [MESSAGE][PASSED] - Object: 'Object Repository/RecAndPlayBk/Page-Vlink-CC-Credit/input' is clicked on

2023-02-15 22:02:42 - [TEST_STEP][PASSED] - if (verifyTextPresent("Transaction approved, no errors", true)): null

2023-02-15 22:02:42 - [MESSAGE][PASSED] - Text 'Transaction approved, no errors' is present on page  using regular expression

2023-02-15 22:02:42 - [TEST_STEP][PASSED] - println("Transaction Approved, no errors text is present on the Confirmation page"): null

2023-02-15 22:02:42 - [TEST_STEP][PASSED] - out.println("Pass Record Number: " + row): null

2023-02-15 22:02:42 - [TEST_STEP][PASSED] - resText = "Pass": null

2023-02-15 22:02:42 - [TEST_STEP][PASSED] - pages.WriteExcel.demoKey(resText, datText, resColumn, datCloumn, fileLoc, nameSheet, row): pages.WriteExcel.demoKey is PASSED

2023-02-15 22:02:42 - [MESSAGE][PASSED] - pages.WriteExcel.demoKey is PASSED

2023-02-15 22:02:42 - [TEST_STEP][PASSED] - ExecuteTC = findTestData(dataFile).getValue("Execute", row): null

2023-02-15 22:02:42 - [TEST_STEP][PASSED] - out.println("Value of Execute is : " + ExecuteTC): null

2023-02-15 22:02:42 - [TEST_STEP][PASSED] - switch (executionProfile): null

2023-02-15 22:02:42 - [TEST_STEP][PASSED] - case "QAProfile":: null

2023-02-15 22:02:42 - [TEST_STEP][PASSED] - appID = findTestData(dataFile).getValue("AppIDQA", row): null

2023-02-15 22:02:42 - [TEST_STEP][PASSED] - username = findTestData(dataFile).getValue("UsernameQA", row): null

2023-02-15 22:02:42 - [TEST_STEP][PASSED] - password = findTestData(dataFile).getValue("PasswordQA", row): null

2023-02-15 22:02:42 - [TEST_STEP][PASSED] - break: null

2023-02-15 22:02:42 - [TEST_STEP][PASSED] - if (ExecuteTC.equalsIgnoreCase("Y")): null

2023-02-15 22:02:42 - [TEST_STEP][PASSED] - out.println("Begin Record Number: " + row): null

2023-02-15 22:02:42 - [TEST_STEP][PASSED] - today = new java.util.Date(): null

2023-02-15 22:02:42 - [TEST_STEP][PASSED] - println(today): null

2023-02-15 22:02:42 - [TEST_STEP][PASSED] - datText = today: null

2023-02-15 22:02:42 - [TEST_STEP][PASSED] - category = findTestData(dataFile).getValue("Category", row): null

2023-02-15 22:02:43 - [TEST_STEP][PASSED] - amount = findTestData(dataFile).getValue("Amount", row): null

2023-02-15 22:02:43 - [TEST_STEP][PASSED] - cardNumber = findTestData(dataFile).getValue("CardNumber", row): null

2023-02-15 22:02:43 - [TEST_STEP][PASSED] - exM = findTestData(dataFile).getValue("ExM", row): null

2023-02-15 22:02:43 - [TEST_STEP][PASSED] - exY = findTestData(dataFile).getValue("ExY", row): null

2023-02-15 22:02:43 - [TEST_STEP][PASSED] - openBrowser(VLinkURL + "authcap.html"): Browser is opened with url: 'https://dev-algorithm.govolution.com/vlinktest/QA/version_2_0/authcap.html'

2023-02-15 22:02:43 - [MESSAGE][WARNING] - A browser is already opened. Closing browser and opening a new one

2023-02-15 22:02:44 - [MESSAGE][INFO] - Starting 'Chrome' driver

2023-02-15 22:02:44 - [MESSAGE][INFO] - User set preference: ['acceptInsecureCerts', 'true']

2023-02-15 22:02:44 - [MESSAGE][INFO] - Action delay is set to 0 milliseconds

2023-02-15 22:02:46 - [MESSAGE][PASSED] - Browser is opened with url: 'https://dev-algorithm.govolution.com/vlinktest/QA/version_2_0/authcap.html'

2023-02-15 22:02:46 - [TEST_STEP][PASSED] - maximizeWindow(): Current window maximized

2023-02-15 22:02:46 - [MESSAGE][PASSED] - Current window maximized

2023-02-15 22:02:46 - [TEST_STEP][PASSED] - maximizeWindow(): Current window maximized

2023-02-15 22:02:46 - [MESSAGE][PASSED] - Current window maximized

2023-02-15 22:02:46 - [TEST_STEP][PASSED] - genRemID = RandomStringUtils.random(12, true, true): null

2023-02-15 22:02:46 - [TEST_STEP][PASSED] - setText(findTestObject("Object Repository/RecAndPlayBk/Page-Vlink-Sale/input_Remittance Id_remittance_id"), genRemID): Text '3phWPqRlALNc' is set on object 'Object Repository/RecAndPlayBk/Page-Vlink-Sale/input_Remittance Id_remittance_id'

2023-02-15 22:02:47 - [MESSAGE][PASSED] - Text '3phWPqRlALNc' is set on object 'Object Repository/RecAndPlayBk/Page-Vlink-Sale/input_Remittance Id_remittance_id'

2023-02-15 22:02:47 - [TEST_STEP][PASSED] - setText(findTestObject("Object Repository/RecAndPlayBk/Page-Vlink-Sale/input_Application Id_application_id"), appID): Text '581' is set on object 'Object Repository/RecAndPlayBk/Page-Vlink-Sale/input_Application Id_application_id'

2023-02-15 22:02:47 - [MESSAGE][PASSED] - Text '581' is set on object 'Object Repository/RecAndPlayBk/Page-Vlink-Sale/input_Application Id_application_id'

2023-02-15 22:02:47 - [TEST_STEP][PASSED] - setText(findTestObject("Object Repository/RecAndPlayBk/Page-Vlink-Sale/input_Username_username"), username): Text 'usr581' is set on object 'Object Repository/RecAndPlayBk/Page-Vlink-Sale/input_Username_username'

2023-02-15 22:02:48 - [MESSAGE][PASSED] - Text 'usr581' is set on object 'Object Repository/RecAndPlayBk/Page-Vlink-Sale/input_Username_username'

2023-02-15 22:02:48 - [TEST_STEP][PASSED] - setText(findTestObject("Object Repository/RecAndPlayBk/Page-Vlink-Sale/input_Password_password"), password): Text 'pwd581' is set on object 'Object Repository/RecAndPlayBk/Page-Vlink-Sale/input_Password_password'

2023-02-15 22:02:49 - [MESSAGE][PASSED] - Text 'pwd581' is set on object 'Object Repository/RecAndPlayBk/Page-Vlink-Sale/input_Password_password'

2023-02-15 22:02:49 - [TEST_STEP][PASSED] - setText(findTestObject("Object Repository/RecAndPlayBk/Page-Vlink-Sale/input_Category_category"), category): Text 'ECOM' is set on object 'Object Repository/RecAndPlayBk/Page-Vlink-Sale/input_Category_category'

2023-02-15 22:02:49 - [MESSAGE][PASSED] - Text 'ECOM' is set on object 'Object Repository/RecAndPlayBk/Page-Vlink-Sale/input_Category_category'

2023-02-15 22:02:49 - [TEST_STEP][PASSED] - setText(findTestObject("Object Repository/RecAndPlayBk/Page-Vlink-Sale/input_Amount_amount"), amount): Text '10.5' is set on object 'Object Repository/RecAndPlayBk/Page-Vlink-Sale/input_Amount_amount'

2023-02-15 22:02:50 - [MESSAGE][PASSED] - Text '10.5' is set on object 'Object Repository/RecAndPlayBk/Page-Vlink-Sale/input_Amount_amount'

2023-02-15 22:02:50 - [TEST_STEP][PASSED] - doubleClick(findTestObject("Object Repository/RecAndPlayBk/Page-Vlink-Sale/input_Card number_card_number")): Object: 'Object Repository/RecAndPlayBk/Page-Vlink-Sale/input_Card number_card_number' is double clicked on

2023-02-15 22:02:50 - [MESSAGE][PASSED] - Object: 'Object Repository/RecAndPlayBk/Page-Vlink-Sale/input_Card number_card_number' is double clicked on

2023-02-15 22:02:50 - [TEST_STEP][PASSED] - setText(findTestObject("Object Repository/RecAndPlayBk/Page-Vlink-Sale/input_Card number_card_number"), cardNumber): Text '5146312200000035' is set on object 'Object Repository/RecAndPlayBk/Page-Vlink-Sale/input_Card number_card_number'

2023-02-15 22:02:51 - [MESSAGE][PASSED] - Text '5146312200000035' is set on object 'Object Repository/RecAndPlayBk/Page-Vlink-Sale/input_Card number_card_number'

2023-02-15 22:02:51 - [TEST_STEP][PASSED] - setText(findTestObject("Object Repository/RecAndPlayBk/Page-Vlink-Sale/input_Card ex month_card_exmo"), exM): Text '12' is set on object 'Object Repository/RecAndPlayBk/Page-Vlink-Sale/input_Card ex month_card_exmo'

2023-02-15 22:02:51 - [MESSAGE][PASSED] - Text '12' is set on object 'Object Repository/RecAndPlayBk/Page-Vlink-Sale/input_Card ex month_card_exmo'

2023-02-15 22:02:51 - [TEST_STEP][PASSED] - setText(findTestObject("Object Repository/RecAndPlayBk/Page-Vlink-Sale/input_Card ex year_card_exyr"), exY): Text '2029' is set on object 'Object Repository/RecAndPlayBk/Page-Vlink-Sale/input_Card ex year_card_exyr'

2023-02-15 22:02:52 - [MESSAGE][PASSED] - Text '2029' is set on object 'Object Repository/RecAndPlayBk/Page-Vlink-Sale/input_Card ex year_card_exyr'

2023-02-15 22:02:52 - [TEST_STEP][PASSED] - click(findTestObject("Object Repository/RecAndPlayBk/Page-Vlink-Sale/input_Track Data_track_data")): Object: 'Object Repository/RecAndPlayBk/Page-Vlink-Sale/input_Track Data_track_data' is clicked on

2023-02-15 22:02:52 - [MESSAGE][PASSED] - Object: 'Object Repository/RecAndPlayBk/Page-Vlink-Sale/input_Track Data_track_data' is clicked on

2023-02-15 22:02:52 - [TEST_STEP][PASSED] - click(findTestObject("Object Repository/RecAndPlayBk/Page-Vlink-Sale/input_CVV state_cvv_state")): Object: 'Object Repository/RecAndPlayBk/Page-Vlink-Sale/input_CVV state_cvv_state' is clicked on

2023-02-15 22:02:53 - [MESSAGE][PASSED] - Object: 'Object Repository/RecAndPlayBk/Page-Vlink-Sale/input_CVV state_cvv_state' is clicked on

2023-02-15 22:02:53 - [TEST_STEP][PASSED] - setText(findTestObject("Object Repository/RecAndPlayBk/Page-Vlink-Sale/input_Track Data_track_data"), ""): Text '' is set on object 'Object Repository/RecAndPlayBk/Page-Vlink-Sale/input_Track Data_track_data'

2023-02-15 22:02:53 - [MESSAGE][PASSED] - Text '' is set on object 'Object Repository/RecAndPlayBk/Page-Vlink-Sale/input_Track Data_track_data'

2023-02-15 22:02:53 - [TEST_STEP][PASSED] - setText(findTestObject("Object Repository/RecAndPlayBk/Page-Vlink-Sale/input_concat(Cardholder, , s email)_email"), ""): Text '' is set on object 'Object Repository/RecAndPlayBk/Page-Vlink-Sale/input_concat(Cardholder, , s email)_email'

2023-02-15 22:02:54 - [MESSAGE][PASSED] - Text '' is set on object 'Object Repository/RecAndPlayBk/Page-Vlink-Sale/input_concat(Cardholder, , s email)_email'

2023-02-15 22:02:54 - [TEST_STEP][PASSED] - click(findTestObject("Object Repository/RecAndPlayBk/Page-Vlink-Sale/input_user_defined10_user_defined10")): Object: 'Object Repository/RecAndPlayBk/Page-Vlink-Sale/input_user_defined10_user_defined10' is clicked on

2023-02-15 22:02:54 - [MESSAGE][PASSED] - Object: 'Object Repository/RecAndPlayBk/Page-Vlink-Sale/input_user_defined10_user_defined10' is clicked on

2023-02-15 22:02:54 - [TEST_STEP][PASSED] - if (executionProfile.equalsIgnoreCase("QAProfile") || executionProfile.equalsIgnoreCase("DemoProfile")): Text '' is set on object 'Object Repository/RecAndPlayBk/Page-Vlink-Sale/input_COF Transaction Initiated by_cof_tran_6cded5'

2023-02-15 22:02:54 - [TEST_STEP][PASSED] - setText(findTestObject("Object Repository/RecAndPlayBk/Page-Vlink-Sale/input_Card on File Indicator_card_on_file_i_157dae"), ""): Text '' is set on object 'Object Repository/RecAndPlayBk/Page-Vlink-Sale/input_Card on File Indicator_card_on_file_i_157dae'

2023-02-15 22:02:55 - [MESSAGE][PASSED] - Text '' is set on object 'Object Repository/RecAndPlayBk/Page-Vlink-Sale/input_Card on File Indicator_card_on_file_i_157dae'

2023-02-15 22:02:55 - [TEST_STEP][PASSED] - setText(findTestObject("Object Repository/RecAndPlayBk/Page-Vlink-Sale/input_Stored Credential Indicator_stored_cr_4ae73c"), ""): Text '' is set on object 'Object Repository/RecAndPlayBk/Page-Vlink-Sale/input_Stored Credential Indicator_stored_cr_4ae73c'

2023-02-15 22:02:56 - [MESSAGE][PASSED] - Text '' is set on object 'Object Repository/RecAndPlayBk/Page-Vlink-Sale/input_Stored Credential Indicator_stored_cr_4ae73c'

2023-02-15 22:02:56 - [TEST_STEP][PASSED] - setText(findTestObject("Object Repository/RecAndPlayBk/Page-Vlink-Sale/input_COF Scheduled indicator_cof_scheduled_8df7d8"), ""): Text '' is set on object 'Object Repository/RecAndPlayBk/Page-Vlink-Sale/input_COF Scheduled indicator_cof_scheduled_8df7d8'

2023-02-15 22:02:56 - [MESSAGE][PASSED] - Text '' is set on object 'Object Repository/RecAndPlayBk/Page-Vlink-Sale/input_COF Scheduled indicator_cof_scheduled_8df7d8'

2023-02-15 22:02:56 - [TEST_STEP][PASSED] - setText(findTestObject("Object Repository/RecAndPlayBk/Page-Vlink-Sale/input_COF Transaction Initiated by_cof_tran_6cded5"), ""): Text '' is set on object 'Object Repository/RecAndPlayBk/Page-Vlink-Sale/input_COF Transaction Initiated by_cof_tran_6cded5'

2023-02-15 22:02:57 - [MESSAGE][PASSED] - Text '' is set on object 'Object Repository/RecAndPlayBk/Page-Vlink-Sale/input_COF Transaction Initiated by_cof_tran_6cded5'

2023-02-15 22:02:57 - [TEST_STEP][PASSED] - click(findTestObject("Object Repository/RecAndPlayBk/Page-Vlink-Sale/input")): Object: 'Object Repository/RecAndPlayBk/Page-Vlink-Sale/input' is clicked on

2023-02-15 22:02:58 - [MESSAGE][PASSED] - Object: 'Object Repository/RecAndPlayBk/Page-Vlink-Sale/input' is clicked on

2023-02-15 22:02:58 - [TEST_STEP][PASSED] - if (verifyTextPresent("Transaction approved, no errors", true)): null

2023-02-15 22:02:58 - [MESSAGE][PASSED] - Text 'Transaction approved, no errors' is present on page  using regular expression

2023-02-15 22:02:58 - [TEST_STEP][PASSED] - println("Transaction Approved, no errors text is present on the Confirmation page"): null

2023-02-15 22:02:58 - [TEST_STEP][PASSED] - sdfo = getText(findTestObject("Object Repository/Page_VLinkReceipt/pre_STX")): Text of object 'Object Repository/Page_VLinkReceipt/pre_STX' is: '<STX>3phWPqRlALNc                  12126635            0  Transaction approved, no errors                   0                                                                                  Y 000056   <ETX>'

2023-02-15 22:02:59 - [MESSAGE][PASSED] - Text of object 'Object Repository/Page_VLinkReceipt/pre_STX' is: '<STX>3phWPqRlALNc                  12126635            0  Transaction approved, no errors                   0                                                                                  Y 000056   <ETX>'

2023-02-15 22:02:59 - [TEST_STEP][PASSED] - out.println("sdfo: " + sdfo): null

2023-02-15 22:02:59 - [TEST_STEP][PASSED] - remID = substring(5, 35).trim(): null

2023-02-15 22:02:59 - [TEST_STEP][PASSED] - out.println("remID: " + remID): null

2023-02-15 22:02:59 - [TEST_STEP][PASSED] - traxID = substring(35, 55).trim(): null

2023-02-15 22:02:59 - [TEST_STEP][PASSED] - out.println("traxID: " + traxID): null

2023-02-15 22:02:59 - [TEST_STEP][PASSED] - VLinkSaleRemID = remID: null

2023-02-15 22:02:59 - [TEST_STEP][PASSED] - VLinkSaleTranxID = traxID: null

2023-02-15 22:02:59 - [TEST_STEP][PASSED] - openBrowser(VLinkURL + "CC_credit.html"): Browser is opened with url: 'https://dev-algorithm.govolution.com/vlinktest/QA/version_2_0/CC_credit.html'

2023-02-15 22:02:59 - [MESSAGE][WARNING] - A browser is already opened. Closing browser and opening a new one

2023-02-15 22:03:00 - [MESSAGE][INFO] - Starting 'Chrome' driver

2023-02-15 22:03:00 - [MESSAGE][INFO] - User set preference: ['acceptInsecureCerts', 'true']

2023-02-15 22:03:00 - [MESSAGE][INFO] - Action delay is set to 0 milliseconds

2023-02-15 22:03:02 - [MESSAGE][PASSED] - Browser is opened with url: 'https://dev-algorithm.govolution.com/vlinktest/QA/version_2_0/CC_credit.html'

2023-02-15 22:03:02 - [TEST_STEP][PASSED] - maximizeWindow(): Current window maximized

2023-02-15 22:03:02 - [MESSAGE][PASSED] - Current window maximized

2023-02-15 22:03:02 - [TEST_STEP][PASSED] - setText(findTestObject("Object Repository/RecAndPlayBk/Page-Vlink-CC-Credit/input_Remittance Id"), VLinkSaleRemID): Text '3phWPqRlALNc' is set on object 'Object Repository/RecAndPlayBk/Page-Vlink-CC-Credit/input_Remittance Id'

2023-02-15 22:03:02 - [MESSAGE][PASSED] - Text '3phWPqRlALNc' is set on object 'Object Repository/RecAndPlayBk/Page-Vlink-CC-Credit/input_Remittance Id'

2023-02-15 22:03:02 - [TEST_STEP][PASSED] - setText(findTestObject("Object Repository/RecAndPlayBk/Page-Vlink-CC-Credit/input_Application Id"), appID): Text '581' is set on object 'Object Repository/RecAndPlayBk/Page-Vlink-CC-Credit/input_Application Id'

2023-02-15 22:03:03 - [MESSAGE][PASSED] - Text '581' is set on object 'Object Repository/RecAndPlayBk/Page-Vlink-CC-Credit/input_Application Id'

2023-02-15 22:03:03 - [TEST_STEP][PASSED] - setText(findTestObject("Object Repository/RecAndPlayBk/Page-Vlink-CC-Credit/input_Username"), username): Text 'usr581' is set on object 'Object Repository/RecAndPlayBk/Page-Vlink-CC-Credit/input_Username'

2023-02-15 22:03:04 - [MESSAGE][PASSED] - Text 'usr581' is set on object 'Object Repository/RecAndPlayBk/Page-Vlink-CC-Credit/input_Username'

2023-02-15 22:03:04 - [TEST_STEP][PASSED] - setText(findTestObject("Object Repository/RecAndPlayBk/Page-Vlink-CC-Credit/input_Password"), password): Text 'pwd581' is set on object 'Object Repository/RecAndPlayBk/Page-Vlink-CC-Credit/input_Password'

2023-02-15 22:03:04 - [MESSAGE][PASSED] - Text 'pwd581' is set on object 'Object Repository/RecAndPlayBk/Page-Vlink-CC-Credit/input_Password'

2023-02-15 22:03:04 - [TEST_STEP][PASSED] - setText(findTestObject("Object Repository/RecAndPlayBk/Page-Vlink-CC-Credit/input_Transaction ID"), VLinkSaleTranxID): Text '12126635' is set on object 'Object Repository/RecAndPlayBk/Page-Vlink-CC-Credit/input_Transaction ID'

2023-02-15 22:03:05 - [MESSAGE][PASSED] - Text '12126635' is set on object 'Object Repository/RecAndPlayBk/Page-Vlink-CC-Credit/input_Transaction ID'

2023-02-15 22:03:05 - [TEST_STEP][PASSED] - setText(findTestObject("Object Repository/RecAndPlayBk/Page-Vlink-CC-Credit/input_Amount"), amount): Text '10.5' is set on object 'Object Repository/RecAndPlayBk/Page-Vlink-CC-Credit/input_Amount'

2023-02-15 22:03:05 - [MESSAGE][PASSED] - Text '10.5' is set on object 'Object Repository/RecAndPlayBk/Page-Vlink-CC-Credit/input_Amount'

2023-02-15 22:03:05 - [TEST_STEP][PASSED] - setText(findTestObject("Object Repository/RecAndPlayBk/Page-Vlink-CC-Credit/input_Card number"), ""): Text '' is set on object 'Object Repository/RecAndPlayBk/Page-Vlink-CC-Credit/input_Card number'

2023-02-15 22:03:06 - [MESSAGE][PASSED] - Text '' is set on object 'Object Repository/RecAndPlayBk/Page-Vlink-CC-Credit/input_Card number'

2023-02-15 22:03:06 - [TEST_STEP][PASSED] - setText(findTestObject("Object Repository/RecAndPlayBk/Page-Vlink-CC-Credit/input_Card ex month"), ""): Text '' is set on object 'Object Repository/RecAndPlayBk/Page-Vlink-CC-Credit/input_Card ex month'

2023-02-15 22:03:07 - [MESSAGE][PASSED] - Text '' is set on object 'Object Repository/RecAndPlayBk/Page-Vlink-CC-Credit/input_Card ex month'

2023-02-15 22:03:07 - [TEST_STEP][PASSED] - setText(findTestObject("Object Repository/RecAndPlayBk/Page-Vlink-CC-Credit/input_Card ex year"), ""): Text '' is set on object 'Object Repository/RecAndPlayBk/Page-Vlink-CC-Credit/input_Card ex year'

2023-02-15 22:03:07 - [MESSAGE][PASSED] - Text '' is set on object 'Object Repository/RecAndPlayBk/Page-Vlink-CC-Credit/input_Card ex year'

2023-02-15 22:03:07 - [TEST_STEP][PASSED] - setText(findTestObject("Object Repository/RecAndPlayBk/Page-Vlink-CC-Credit/input_Track Data"), ""): Text '' is set on object 'Object Repository/RecAndPlayBk/Page-Vlink-CC-Credit/input_Track Data'

2023-02-15 22:03:08 - [MESSAGE][PASSED] - Text '' is set on object 'Object Repository/RecAndPlayBk/Page-Vlink-CC-Credit/input_Track Data'

2023-02-15 22:03:08 - [TEST_STEP][PASSED] - setText(findTestObject("Object Repository/RecAndPlayBk/Page-Vlink-CC-Credit/input_Category Code"), category): Text 'ECOM' is set on object 'Object Repository/RecAndPlayBk/Page-Vlink-CC-Credit/input_Category Code'

2023-02-15 22:03:08 - [MESSAGE][PASSED] - Text 'ECOM' is set on object 'Object Repository/RecAndPlayBk/Page-Vlink-CC-Credit/input_Category Code'

2023-02-15 22:03:08 - [TEST_STEP][PASSED] - click(findTestObject("Object Repository/RecAndPlayBk/Page-Vlink-CC-Credit/input")): Object: 'Object Repository/RecAndPlayBk/Page-Vlink-CC-Credit/input' is clicked on

2023-02-15 22:03:10 - [MESSAGE][PASSED] - Object: 'Object Repository/RecAndPlayBk/Page-Vlink-CC-Credit/input' is clicked on

2023-02-15 22:03:10 - [TEST_STEP][PASSED] - if (verifyTextPresent("Transaction approved, no errors", true)): null

2023-02-15 22:03:10 - [MESSAGE][PASSED] - Text 'Transaction approved, no errors' is present on page  using regular expression

2023-02-15 22:03:10 - [TEST_STEP][PASSED] - println("Transaction Approved, no errors text is present on the Confirmation page"): null

2023-02-15 22:03:10 - [TEST_STEP][PASSED] - out.println("Pass Record Number: " + row): null

2023-02-15 22:03:10 - [TEST_STEP][PASSED] - resText = "Pass": null

2023-02-15 22:03:10 - [TEST_STEP][PASSED] - pages.WriteExcel.demoKey(resText, datText, resColumn, datCloumn, fileLoc, nameSheet, row): pages.WriteExcel.demoKey is PASSED

2023-02-15 22:03:10 - [MESSAGE][PASSED] - pages.WriteExcel.demoKey is PASSED]]></system-out>
         <system-err><![CDATA[2023-02-15 22:00:58 - [TEST_CASE][FAILED] - Test Cases/RecAndPlayBk/VLink/Sale-Credit: Test Cases/RecAndPlayBk/VLink/Sale-Credit FAILED.
Reason:
com.kms.katalon.core.exception.StepFailedException: Text 'Transaction approved, no errors' is not present on page  using regular expression (Root cause: com.kms.katalon.core.exception.StepFailedException: Text 'Transaction approved, no errors' is not present on page  using regular expression
	at com.kms.katalon.core.webui.keyword.internal.WebUIKeywordMain.stepFailed(WebUIKeywordMain.groovy:64)
	at com.kms.katalon.core.webui.keyword.builtin.VerifyTextPresentKeyword$_verifyTextPresent_closure1.doCall(VerifyTextPresentKeyword.groovy:79)
	at com.kms.katalon.core.webui.keyword.builtin.VerifyTextPresentKeyword$_verifyTextPresent_closure1.call(VerifyTextPresentKeyword.groovy)
	at com.kms.katalon.core.webui.keyword.internal.WebUIKeywordMain.runKeyword(WebUIKeywordMain.groovy:20)
	at com.kms.katalon.core.webui.keyword.builtin.VerifyTextPresentKeyword.verifyTextPresent(VerifyTextPresentKeyword.groovy:83)
	at com.kms.katalon.core.webui.keyword.builtin.VerifyTextPresentKeyword.execute(VerifyTextPresentKeyword.groovy:68)
	at com.kms.katalon.core.keyword.internal.KeywordExecutor.executeKeywordForPlatform(KeywordExecutor.groovy:74)
	at com.kms.katalon.core.webui.keyword.WebUiBuiltInKeywords.verifyTextPresent(WebUiBuiltInKeywords.groovy:1723)
	at com.kms.katalon.core.webui.keyword.WebUiBuiltInKeywords$verifyTextPresent$4.call(Unknown Source)
	at Sale-Credit.run(Sale-Credit:155)
	at com.kms.katalon.core.main.ScriptEngine.run(ScriptEngine.java:194)
	at com.kms.katalon.core.main.ScriptEngine.runScriptAsRawText(ScriptEngine.java:119)
	at com.kms.katalon.core.main.TestCaseExecutor.runScript(TestCaseExecutor.java:442)
	at com.kms.katalon.core.main.TestCaseExecutor.doExecute(TestCaseExecutor.java:433)
	at com.kms.katalon.core.main.TestCaseExecutor.processExecutionPhase(TestCaseExecutor.java:412)
	at com.kms.katalon.core.main.TestCaseExecutor.accessMainPhase(TestCaseExecutor.java:404)
	at com.kms.katalon.core.main.TestCaseExecutor.execute(TestCaseExecutor.java:281)
	at com.kms.katalon.core.main.TestSuiteExecutor.accessTestCaseMainPhase(TestSuiteExecutor.java:202)
	at com.kms.katalon.core.main.TestSuiteExecutor.accessTestSuiteMainPhase(TestSuiteExecutor.java:164)
	at com.kms.katalon.core.main.TestSuiteExecutor.execute(TestSuiteExecutor.java:105)
	at com.kms.katalon.core.main.TestCaseMain.startTestSuite(TestCaseMain.java:185)
	at com.kms.katalon.core.main.TestCaseMain$startTestSuite$0.call(Unknown Source)
	at TempTestSuite1676515943031.run(TempTestSuite1676515943031.groovy:36)
)
	at com.kms.katalon.core.keyword.internal.KeywordMain.stepFailed(KeywordMain.groovy:39)
	at com.kms.katalon.core.webui.keyword.internal.WebUIKeywordMain.stepFailed(WebUIKeywordMain.groovy:64)
	at com.kms.katalon.core.webui.keyword.builtin.VerifyTextPresentKeyword$_verifyTextPresent_closure1.doCall(VerifyTextPresentKeyword.groovy:79)
	at com.kms.katalon.core.webui.keyword.builtin.VerifyTextPresentKeyword$_verifyTextPresent_closure1.call(VerifyTextPresentKeyword.groovy)
	at com.kms.katalon.core.webui.keyword.internal.WebUIKeywordMain.runKeyword(WebUIKeywordMain.groovy:20)
	at com.kms.katalon.core.webui.keyword.builtin.VerifyTextPresentKeyword.verifyTextPresent(VerifyTextPresentKeyword.groovy:83)
	at com.kms.katalon.core.webui.keyword.builtin.VerifyTextPresentKeyword.execute(VerifyTextPresentKeyword.groovy:68)
	at com.kms.katalon.core.keyword.internal.KeywordExecutor.executeKeywordForPlatform(KeywordExecutor.groovy:74)
	at com.kms.katalon.core.webui.keyword.WebUiBuiltInKeywords.verifyTextPresent(WebUiBuiltInKeywords.groovy:1723)
	at com.kms.katalon.core.webui.keyword.WebUiBuiltInKeywords$verifyTextPresent$4.call(Unknown Source)
	at Sale-Credit.run(Sale-Credit:155)
	at com.kms.katalon.core.main.ScriptEngine.run(ScriptEngine.java:194)
	at com.kms.katalon.core.main.ScriptEngine.runScriptAsRawText(ScriptEngine.java:119)
	at com.kms.katalon.core.main.TestCaseExecutor.runScript(TestCaseExecutor.java:442)
	at com.kms.katalon.core.main.TestCaseExecutor.doExecute(TestCaseExecutor.java:433)
	at com.kms.katalon.core.main.TestCaseExecutor.processExecutionPhase(TestCaseExecutor.java:412)
	at com.kms.katalon.core.main.TestCaseExecutor.accessMainPhase(TestCaseExecutor.java:404)
	at com.kms.katalon.core.main.TestCaseExecutor.execute(TestCaseExecutor.java:281)
	at com.kms.katalon.core.main.TestSuiteExecutor.accessTestCaseMainPhase(TestSuiteExecutor.java:202)
	at com.kms.katalon.core.main.TestSuiteExecutor.accessTestSuiteMainPhase(TestSuiteExecutor.java:164)
	at com.kms.katalon.core.main.TestSuiteExecutor.execute(TestSuiteExecutor.java:105)
	at com.kms.katalon.core.main.TestCaseMain.startTestSuite(TestCaseMain.java:185)
	at com.kms.katalon.core.main.TestCaseMain$startTestSuite$0.call(Unknown Source)
	at TempTestSuite1676515943031.run(TempTestSuite1676515943031.groovy:36)
Caused by: com.kms.katalon.core.exception.StepFailedException: Text 'Transaction approved, no errors' is not present on page  using regular expression
	... 23 more]]></system-err>
      </testcase>
      <testcase name="Test Cases/RecAndPlayBk/VLink/Sale-Unencrypted" time="48.819" classname="Test Cases/RecAndPlayBk/VLink/Sale-Unencrypted" status="PASSED">
         <system-out><![CDATA[2023-02-15 22:03:10 - [TEST_CASE][PASSED] - Test Cases/RecAndPlayBk/VLink/Sale-Unencrypted: Test Cases/RecAndPlayBk/VLink/Sale-Unencrypted

2023-02-15 22:03:11 - [TEST_STEP][PASSED] - executionProfile = getExecutionProfile(): null

2023-02-15 22:03:11 - [TEST_STEP][PASSED] - out.println("executionProfile : " + executionProfile): null

2023-02-15 22:03:11 - [TEST_STEP][PASSED] - appName = <not implemented yet for class: org.codehaus.groovy.ast.expr.EmptyExpression>: null

2023-02-15 22:03:11 - [TEST_STEP][PASSED] - appID = <not implemented yet for class: org.codehaus.groovy.ast.expr.EmptyExpression>: null

2023-02-15 22:03:11 - [TEST_STEP][PASSED] - username = <not implemented yet for class: org.codehaus.groovy.ast.expr.EmptyExpression>: null

2023-02-15 22:03:11 - [TEST_STEP][PASSED] - password = <not implemented yet for class: org.codehaus.groovy.ast.expr.EmptyExpression>: null

2023-02-15 22:03:11 - [TEST_STEP][PASSED] - cardNameV = <not implemented yet for class: org.codehaus.groovy.ast.expr.EmptyExpression>: null

2023-02-15 22:03:11 - [TEST_STEP][PASSED] - al1V = <not implemented yet for class: org.codehaus.groovy.ast.expr.EmptyExpression>: null

2023-02-15 22:03:11 - [TEST_STEP][PASSED] - al2V = <not implemented yet for class: org.codehaus.groovy.ast.expr.EmptyExpression>: null

2023-02-15 22:03:11 - [TEST_STEP][PASSED] - zipV = <not implemented yet for class: org.codehaus.groovy.ast.expr.EmptyExpression>: null

2023-02-15 22:03:11 - [TEST_STEP][PASSED] - cardTypeV = <not implemented yet for class: org.codehaus.groovy.ast.expr.EmptyExpression>: null

2023-02-15 22:03:11 - [TEST_STEP][PASSED] - last4V = <not implemented yet for class: org.codehaus.groovy.ast.expr.EmptyExpression>: null

2023-02-15 22:03:11 - [TEST_STEP][PASSED] - trackData = <not implemented yet for class: org.codehaus.groovy.ast.expr.EmptyExpression>: null

2023-02-15 22:03:11 - [TEST_STEP][PASSED] - resText = "Fail": null

2023-02-15 22:03:11 - [TEST_STEP][PASSED] - resColumn = "Result": null

2023-02-15 22:03:11 - [TEST_STEP][PASSED] - datCloumn = "Date": null

2023-02-15 22:03:11 - [TEST_STEP][PASSED] - fileLoc = "KatalonData/VLinkSmokeData.xlsx": null

2023-02-15 22:03:11 - [TEST_STEP][PASSED] - numOfRows = <not implemented yet for class: org.codehaus.groovy.ast.expr.EmptyExpression>: null

2023-02-15 22:03:11 - [TEST_STEP][PASSED] - dataFile = <not implemented yet for class: org.codehaus.groovy.ast.expr.EmptyExpression>: null

2023-02-15 22:03:11 - [TEST_STEP][PASSED] - nameSheet = <not implemented yet for class: org.codehaus.groovy.ast.expr.EmptyExpression>: null

2023-02-15 22:03:11 - [TEST_STEP][PASSED] - nameSheet = "Sale-Unencrypted": null

2023-02-15 22:03:11 - [TEST_STEP][PASSED] - numOfRows = findTestData("QA/VLinkTestData/VLinkSaleUnencryptedData").getRowNumbers(): null

2023-02-15 22:03:11 - [TEST_STEP][PASSED] - println("Number of Records: " + numOfRows): null

2023-02-15 22:03:11 - [TEST_STEP][PASSED] - dataFile = "QA/VLinkTestData/VLinkSaleUnencryptedData": null

2023-02-15 22:03:11 - [TEST_STEP][PASSED] - for ([row = 1, row <= numOfRows, (row++)]): null

2023-02-15 22:03:11 - [TEST_STEP][PASSED] - ExecuteTC = findTestData(dataFile).getValue("Execute", row): null

2023-02-15 22:03:11 - [TEST_STEP][PASSED] - out.println("Value of Execute is : " + ExecuteTC): null

2023-02-15 22:03:11 - [TEST_STEP][PASSED] - switch (executionProfile): null

2023-02-15 22:03:11 - [TEST_STEP][PASSED] - case "QAProfile":: null

2023-02-15 22:03:11 - [TEST_STEP][PASSED] - appID = findTestData(dataFile).getValue("AppIDQA", row): null

2023-02-15 22:03:11 - [TEST_STEP][PASSED] - username = findTestData(dataFile).getValue("UsernameQA", row): null

2023-02-15 22:03:11 - [TEST_STEP][PASSED] - password = findTestData(dataFile).getValue("PasswordQA", row): null

2023-02-15 22:03:11 - [TEST_STEP][PASSED] - break: null

2023-02-15 22:03:11 - [TEST_STEP][PASSED] - if (ExecuteTC.equalsIgnoreCase("Y")): null

2023-02-15 22:03:11 - [TEST_STEP][PASSED] - out.println("Begin Record Number: " + row): null

2023-02-15 22:03:11 - [TEST_STEP][PASSED] - today = new java.util.Date(): null

2023-02-15 22:03:11 - [TEST_STEP][PASSED] - println(today): null

2023-02-15 22:03:11 - [TEST_STEP][PASSED] - datText = today: null

2023-02-15 22:03:11 - [TEST_STEP][PASSED] - category = findTestData(dataFile).getValue("Category", row): null

2023-02-15 22:03:11 - [TEST_STEP][PASSED] - amount = findTestData(dataFile).getValue("Amount", row): null

2023-02-15 22:03:12 - [TEST_STEP][PASSED] - trackData = findTestData(dataFile).getValue("TrackData", row): null

2023-02-15 22:03:12 - [TEST_STEP][PASSED] - openBrowser(VLinkURL + "authcap.html"): Browser is opened with url: 'https://dev-algorithm.govolution.com/vlinktest/QA/version_2_0/authcap.html'

2023-02-15 22:03:12 - [MESSAGE][WARNING] - A browser is already opened. Closing browser and opening a new one

2023-02-15 22:03:12 - [MESSAGE][INFO] - Starting 'Chrome' driver

2023-02-15 22:03:12 - [MESSAGE][INFO] - User set preference: ['acceptInsecureCerts', 'true']

2023-02-15 22:03:12 - [MESSAGE][INFO] - Action delay is set to 0 milliseconds

2023-02-15 22:03:14 - [MESSAGE][PASSED] - Browser is opened with url: 'https://dev-algorithm.govolution.com/vlinktest/QA/version_2_0/authcap.html'

2023-02-15 22:03:14 - [TEST_STEP][PASSED] - maximizeWindow(): Current window maximized

2023-02-15 22:03:14 - [MESSAGE][PASSED] - Current window maximized

2023-02-15 22:03:14 - [TEST_STEP][PASSED] - maximizeWindow(): Current window maximized

2023-02-15 22:03:15 - [MESSAGE][PASSED] - Current window maximized

2023-02-15 22:03:15 - [TEST_STEP][PASSED] - genRemID = RandomStringUtils.random(12, true, true): null

2023-02-15 22:03:15 - [TEST_STEP][PASSED] - setText(findTestObject("Object Repository/RecAndPlayBk/Page-Vlink-Sale/input_Remittance Id_remittance_id"), genRemID): Text 'BzxWErmyr1ck' is set on object 'Object Repository/RecAndPlayBk/Page-Vlink-Sale/input_Remittance Id_remittance_id'

2023-02-15 22:03:15 - [MESSAGE][PASSED] - Text 'BzxWErmyr1ck' is set on object 'Object Repository/RecAndPlayBk/Page-Vlink-Sale/input_Remittance Id_remittance_id'

2023-02-15 22:03:15 - [TEST_STEP][PASSED] - setText(findTestObject("Object Repository/RecAndPlayBk/Page-Vlink-Sale/input_Application Id_application_id"), appID): Text '234' is set on object 'Object Repository/RecAndPlayBk/Page-Vlink-Sale/input_Application Id_application_id'

2023-02-15 22:03:16 - [MESSAGE][PASSED] - Text '234' is set on object 'Object Repository/RecAndPlayBk/Page-Vlink-Sale/input_Application Id_application_id'

2023-02-15 22:03:16 - [TEST_STEP][PASSED] - setText(findTestObject("Object Repository/RecAndPlayBk/Page-Vlink-Sale/input_Username_username"), username): Text 'username' is set on object 'Object Repository/RecAndPlayBk/Page-Vlink-Sale/input_Username_username'

2023-02-15 22:03:16 - [MESSAGE][PASSED] - Text 'username' is set on object 'Object Repository/RecAndPlayBk/Page-Vlink-Sale/input_Username_username'

2023-02-15 22:03:16 - [TEST_STEP][PASSED] - setText(findTestObject("Object Repository/RecAndPlayBk/Page-Vlink-Sale/input_Password_password"), password): Text 'password' is set on object 'Object Repository/RecAndPlayBk/Page-Vlink-Sale/input_Password_password'

2023-02-15 22:03:17 - [MESSAGE][PASSED] - Text 'password' is set on object 'Object Repository/RecAndPlayBk/Page-Vlink-Sale/input_Password_password'

2023-02-15 22:03:17 - [TEST_STEP][PASSED] - setText(findTestObject("Object Repository/RecAndPlayBk/Page-Vlink-Sale/input_Category_category"), category): Text 'RETL' is set on object 'Object Repository/RecAndPlayBk/Page-Vlink-Sale/input_Category_category'

2023-02-15 22:03:18 - [MESSAGE][PASSED] - Text 'RETL' is set on object 'Object Repository/RecAndPlayBk/Page-Vlink-Sale/input_Category_category'

2023-02-15 22:03:18 - [TEST_STEP][PASSED] - setText(findTestObject("Object Repository/RecAndPlayBk/Page-Vlink-Sale/input_Amount_amount"), amount): Text '10.5' is set on object 'Object Repository/RecAndPlayBk/Page-Vlink-Sale/input_Amount_amount'

2023-02-15 22:03:18 - [MESSAGE][PASSED] - Text '10.5' is set on object 'Object Repository/RecAndPlayBk/Page-Vlink-Sale/input_Amount_amount'

2023-02-15 22:03:18 - [TEST_STEP][PASSED] - setText(findTestObject("Object Repository/RecAndPlayBk/Page-Vlink-Sale/input_Card number_card_number"), ""): Text '' is set on object 'Object Repository/RecAndPlayBk/Page-Vlink-Sale/input_Card number_card_number'

2023-02-15 22:03:19 - [MESSAGE][PASSED] - Text '' is set on object 'Object Repository/RecAndPlayBk/Page-Vlink-Sale/input_Card number_card_number'

2023-02-15 22:03:19 - [TEST_STEP][PASSED] - setText(findTestObject("Object Repository/RecAndPlayBk/Page-Vlink-Sale/input_Card ex month_card_exmo"), ""): Text '' is set on object 'Object Repository/RecAndPlayBk/Page-Vlink-Sale/input_Card ex month_card_exmo'

2023-02-15 22:03:20 - [MESSAGE][PASSED] - Text '' is set on object 'Object Repository/RecAndPlayBk/Page-Vlink-Sale/input_Card ex month_card_exmo'

2023-02-15 22:03:20 - [TEST_STEP][PASSED] - setText(findTestObject("Object Repository/RecAndPlayBk/Page-Vlink-Sale/input_Card ex year_card_exyr"), ""): Text '' is set on object 'Object Repository/RecAndPlayBk/Page-Vlink-Sale/input_Card ex year_card_exyr'

2023-02-15 22:03:20 - [MESSAGE][PASSED] - Text '' is set on object 'Object Repository/RecAndPlayBk/Page-Vlink-Sale/input_Card ex year_card_exyr'

2023-02-15 22:03:20 - [TEST_STEP][PASSED] - setText(findTestObject("Object Repository/RecAndPlayBk/Page-Vlink-Sale/input_Track Data_track_data"), trackData): Text '%B5567080011582646^AHMED/IMTIAZ              ^2303201090200000000000354000015?;5567080011582646=23032010902035400015?' is set on object 'Object Repository/RecAndPlayBk/Page-Vlink-Sale/input_Track Data_track_data'

2023-02-15 22:03:21 - [MESSAGE][PASSED] - Text '%B5567080011582646^AHMED/IMTIAZ              ^2303201090200000000000354000015?;5567080011582646=23032010902035400015?' is set on object 'Object Repository/RecAndPlayBk/Page-Vlink-Sale/input_Track Data_track_data'

2023-02-15 22:03:21 - [TEST_STEP][PASSED] - setText(findTestObject("Object Repository/RecAndPlayBk/Page-Vlink-Sale/txt_POSEntryMode"), "track"): Text 'track' is set on object 'Object Repository/RecAndPlayBk/Page-Vlink-Sale/txt_POSEntryMode'

2023-02-15 22:03:21 - [MESSAGE][PASSED] - Text 'track' is set on object 'Object Repository/RecAndPlayBk/Page-Vlink-Sale/txt_POSEntryMode'

2023-02-15 22:03:21 - [TEST_STEP][PASSED] - setText(findTestObject("Object Repository/RecAndPlayBk/Page-Vlink-Sale/input_concat(Cardholder, , s email)_email"), ""): Text '' is set on object 'Object Repository/RecAndPlayBk/Page-Vlink-Sale/input_concat(Cardholder, , s email)_email'

2023-02-15 22:03:22 - [MESSAGE][PASSED] - Text '' is set on object 'Object Repository/RecAndPlayBk/Page-Vlink-Sale/input_concat(Cardholder, , s email)_email'

2023-02-15 22:03:22 - [TEST_STEP][PASSED] - click(findTestObject("Object Repository/RecAndPlayBk/Page-Vlink-Sale/input_user_defined10_user_defined10")): Object: 'Object Repository/RecAndPlayBk/Page-Vlink-Sale/input_user_defined10_user_defined10' is clicked on

2023-02-15 22:03:22 - [MESSAGE][PASSED] - Object: 'Object Repository/RecAndPlayBk/Page-Vlink-Sale/input_user_defined10_user_defined10' is clicked on

2023-02-15 22:03:22 - [TEST_STEP][PASSED] - if (executionProfile.equalsIgnoreCase("QAProfile") || executionProfile.equalsIgnoreCase("DemoProfile")): Text '' is set on object 'Object Repository/RecAndPlayBk/Page-Vlink-Sale/input_COF Transaction Initiated by_cof_tran_6cded5'

2023-02-15 22:03:22 - [TEST_STEP][PASSED] - setText(findTestObject("Object Repository/RecAndPlayBk/Page-Vlink-Sale/input_Card on File Indicator_card_on_file_i_157dae"), ""): Text '' is set on object 'Object Repository/RecAndPlayBk/Page-Vlink-Sale/input_Card on File Indicator_card_on_file_i_157dae'

2023-02-15 22:03:23 - [MESSAGE][PASSED] - Text '' is set on object 'Object Repository/RecAndPlayBk/Page-Vlink-Sale/input_Card on File Indicator_card_on_file_i_157dae'

2023-02-15 22:03:23 - [TEST_STEP][PASSED] - setText(findTestObject("Object Repository/RecAndPlayBk/Page-Vlink-Sale/input_Stored Credential Indicator_stored_cr_4ae73c"), ""): Text '' is set on object 'Object Repository/RecAndPlayBk/Page-Vlink-Sale/input_Stored Credential Indicator_stored_cr_4ae73c'

2023-02-15 22:03:24 - [MESSAGE][PASSED] - Text '' is set on object 'Object Repository/RecAndPlayBk/Page-Vlink-Sale/input_Stored Credential Indicator_stored_cr_4ae73c'

2023-02-15 22:03:24 - [TEST_STEP][PASSED] - setText(findTestObject("Object Repository/RecAndPlayBk/Page-Vlink-Sale/input_COF Scheduled indicator_cof_scheduled_8df7d8"), ""): Text '' is set on object 'Object Repository/RecAndPlayBk/Page-Vlink-Sale/input_COF Scheduled indicator_cof_scheduled_8df7d8'

2023-02-15 22:03:24 - [MESSAGE][PASSED] - Text '' is set on object 'Object Repository/RecAndPlayBk/Page-Vlink-Sale/input_COF Scheduled indicator_cof_scheduled_8df7d8'

2023-02-15 22:03:24 - [TEST_STEP][PASSED] - setText(findTestObject("Object Repository/RecAndPlayBk/Page-Vlink-Sale/input_COF Transaction Initiated by_cof_tran_6cded5"), ""): Text '' is set on object 'Object Repository/RecAndPlayBk/Page-Vlink-Sale/input_COF Transaction Initiated by_cof_tran_6cded5'

2023-02-15 22:03:25 - [MESSAGE][PASSED] - Text '' is set on object 'Object Repository/RecAndPlayBk/Page-Vlink-Sale/input_COF Transaction Initiated by_cof_tran_6cded5'

2023-02-15 22:03:25 - [TEST_STEP][PASSED] - click(findTestObject("Object Repository/RecAndPlayBk/Page-Vlink-Sale/input")): Object: 'Object Repository/RecAndPlayBk/Page-Vlink-Sale/input' is clicked on

2023-02-15 22:03:26 - [MESSAGE][PASSED] - Object: 'Object Repository/RecAndPlayBk/Page-Vlink-Sale/input' is clicked on

2023-02-15 22:03:26 - [TEST_STEP][PASSED] - if (verifyTextPresent("Transaction approved, no errors", true)): null

2023-02-15 22:03:26 - [MESSAGE][PASSED] - Text 'Transaction approved, no errors' is present on page  using regular expression

2023-02-15 22:03:26 - [TEST_STEP][PASSED] - println("Transaction Approved, no errors text is present on the Confirmation page"): null

2023-02-15 22:03:26 - [TEST_STEP][PASSED] - out.println("Pass Record Number: " + row): null

2023-02-15 22:03:26 - [TEST_STEP][PASSED] - resText = "Pass": null

2023-02-15 22:03:26 - [TEST_STEP][PASSED] - pages.WriteExcel.demoKey(resText, datText, resColumn, datCloumn, fileLoc, nameSheet, row): pages.WriteExcel.demoKey is PASSED

2023-02-15 22:03:26 - [MESSAGE][PASSED] - pages.WriteExcel.demoKey is PASSED

2023-02-15 22:03:26 - [TEST_STEP][PASSED] - ExecuteTC = findTestData(dataFile).getValue("Execute", row): null

2023-02-15 22:03:26 - [TEST_STEP][PASSED] - out.println("Value of Execute is : " + ExecuteTC): null

2023-02-15 22:03:26 - [TEST_STEP][PASSED] - switch (executionProfile): null

2023-02-15 22:03:26 - [TEST_STEP][PASSED] - case "QAProfile":: null

2023-02-15 22:03:26 - [TEST_STEP][PASSED] - appID = findTestData(dataFile).getValue("AppIDQA", row): null

2023-02-15 22:03:27 - [TEST_STEP][PASSED] - username = findTestData(dataFile).getValue("UsernameQA", row): null

2023-02-15 22:03:27 - [TEST_STEP][PASSED] - password = findTestData(dataFile).getValue("PasswordQA", row): null

2023-02-15 22:03:27 - [TEST_STEP][PASSED] - break: null

2023-02-15 22:03:27 - [TEST_STEP][PASSED] - if (ExecuteTC.equalsIgnoreCase("Y")): null

2023-02-15 22:03:27 - [TEST_STEP][PASSED] - out.println("Begin Record Number: " + row): null

2023-02-15 22:03:27 - [TEST_STEP][PASSED] - today = new java.util.Date(): null

2023-02-15 22:03:27 - [TEST_STEP][PASSED] - println(today): null

2023-02-15 22:03:27 - [TEST_STEP][PASSED] - datText = today: null

2023-02-15 22:03:27 - [TEST_STEP][PASSED] - category = findTestData(dataFile).getValue("Category", row): null

2023-02-15 22:03:27 - [TEST_STEP][PASSED] - amount = findTestData(dataFile).getValue("Amount", row): null

2023-02-15 22:03:27 - [TEST_STEP][PASSED] - trackData = findTestData(dataFile).getValue("TrackData", row): null

2023-02-15 22:03:27 - [TEST_STEP][PASSED] - openBrowser(VLinkURL + "authcap.html"): Browser is opened with url: 'https://dev-algorithm.govolution.com/vlinktest/QA/version_2_0/authcap.html'

2023-02-15 22:03:27 - [MESSAGE][WARNING] - A browser is already opened. Closing browser and opening a new one

2023-02-15 22:03:28 - [MESSAGE][INFO] - Starting 'Chrome' driver

2023-02-15 22:03:28 - [MESSAGE][INFO] - User set preference: ['acceptInsecureCerts', 'true']

2023-02-15 22:03:28 - [MESSAGE][INFO] - Action delay is set to 0 milliseconds

2023-02-15 22:03:30 - [MESSAGE][PASSED] - Browser is opened with url: 'https://dev-algorithm.govolution.com/vlinktest/QA/version_2_0/authcap.html'

2023-02-15 22:03:30 - [TEST_STEP][PASSED] - maximizeWindow(): Current window maximized

2023-02-15 22:03:30 - [MESSAGE][PASSED] - Current window maximized

2023-02-15 22:03:30 - [TEST_STEP][PASSED] - maximizeWindow(): Current window maximized

2023-02-15 22:03:30 - [MESSAGE][PASSED] - Current window maximized

2023-02-15 22:03:30 - [TEST_STEP][PASSED] - genRemID = RandomStringUtils.random(12, true, true): null

2023-02-15 22:03:30 - [TEST_STEP][PASSED] - setText(findTestObject("Object Repository/RecAndPlayBk/Page-Vlink-Sale/input_Remittance Id_remittance_id"), genRemID): Text '1iwRWnbnkEcS' is set on object 'Object Repository/RecAndPlayBk/Page-Vlink-Sale/input_Remittance Id_remittance_id'

2023-02-15 22:03:31 - [MESSAGE][PASSED] - Text '1iwRWnbnkEcS' is set on object 'Object Repository/RecAndPlayBk/Page-Vlink-Sale/input_Remittance Id_remittance_id'

2023-02-15 22:03:31 - [TEST_STEP][PASSED] - setText(findTestObject("Object Repository/RecAndPlayBk/Page-Vlink-Sale/input_Application Id_application_id"), appID): Text '87' is set on object 'Object Repository/RecAndPlayBk/Page-Vlink-Sale/input_Application Id_application_id'

2023-02-15 22:03:31 - [MESSAGE][PASSED] - Text '87' is set on object 'Object Repository/RecAndPlayBk/Page-Vlink-Sale/input_Application Id_application_id'

2023-02-15 22:03:31 - [TEST_STEP][PASSED] - setText(findTestObject("Object Repository/RecAndPlayBk/Page-Vlink-Sale/input_Username_username"), username): Text 'username' is set on object 'Object Repository/RecAndPlayBk/Page-Vlink-Sale/input_Username_username'

2023-02-15 22:03:32 - [MESSAGE][PASSED] - Text 'username' is set on object 'Object Repository/RecAndPlayBk/Page-Vlink-Sale/input_Username_username'

2023-02-15 22:03:32 - [TEST_STEP][PASSED] - setText(findTestObject("Object Repository/RecAndPlayBk/Page-Vlink-Sale/input_Password_password"), password): Text 'password' is set on object 'Object Repository/RecAndPlayBk/Page-Vlink-Sale/input_Password_password'

2023-02-15 22:03:33 - [MESSAGE][PASSED] - Text 'password' is set on object 'Object Repository/RecAndPlayBk/Page-Vlink-Sale/input_Password_password'

2023-02-15 22:03:33 - [TEST_STEP][PASSED] - setText(findTestObject("Object Repository/RecAndPlayBk/Page-Vlink-Sale/input_Category_category"), category): Text 'RETL' is set on object 'Object Repository/RecAndPlayBk/Page-Vlink-Sale/input_Category_category'

2023-02-15 22:03:34 - [MESSAGE][PASSED] - Text 'RETL' is set on object 'Object Repository/RecAndPlayBk/Page-Vlink-Sale/input_Category_category'

2023-02-15 22:03:34 - [TEST_STEP][PASSED] - setText(findTestObject("Object Repository/RecAndPlayBk/Page-Vlink-Sale/input_Amount_amount"), amount): Text '10.5' is set on object 'Object Repository/RecAndPlayBk/Page-Vlink-Sale/input_Amount_amount'

2023-02-15 22:03:34 - [MESSAGE][PASSED] - Text '10.5' is set on object 'Object Repository/RecAndPlayBk/Page-Vlink-Sale/input_Amount_amount'

2023-02-15 22:03:34 - [TEST_STEP][PASSED] - setText(findTestObject("Object Repository/RecAndPlayBk/Page-Vlink-Sale/input_Card number_card_number"), ""): Text '' is set on object 'Object Repository/RecAndPlayBk/Page-Vlink-Sale/input_Card number_card_number'

2023-02-15 22:03:35 - [MESSAGE][PASSED] - Text '' is set on object 'Object Repository/RecAndPlayBk/Page-Vlink-Sale/input_Card number_card_number'

2023-02-15 22:03:35 - [TEST_STEP][PASSED] - setText(findTestObject("Object Repository/RecAndPlayBk/Page-Vlink-Sale/input_Card ex month_card_exmo"), ""): Text '' is set on object 'Object Repository/RecAndPlayBk/Page-Vlink-Sale/input_Card ex month_card_exmo'

2023-02-15 22:03:36 - [MESSAGE][PASSED] - Text '' is set on object 'Object Repository/RecAndPlayBk/Page-Vlink-Sale/input_Card ex month_card_exmo'

2023-02-15 22:03:36 - [TEST_STEP][PASSED] - setText(findTestObject("Object Repository/RecAndPlayBk/Page-Vlink-Sale/input_Card ex year_card_exyr"), ""): Text '' is set on object 'Object Repository/RecAndPlayBk/Page-Vlink-Sale/input_Card ex year_card_exyr'

2023-02-15 22:03:36 - [MESSAGE][PASSED] - Text '' is set on object 'Object Repository/RecAndPlayBk/Page-Vlink-Sale/input_Card ex year_card_exyr'

2023-02-15 22:03:36 - [TEST_STEP][PASSED] - setText(findTestObject("Object Repository/RecAndPlayBk/Page-Vlink-Sale/input_Track Data_track_data"), trackData): Text '%B5567080011582646^AHMED/IMTIAZ              ^2303201090200000000000354000015?;5567080011582646=23032010902035400015?' is set on object 'Object Repository/RecAndPlayBk/Page-Vlink-Sale/input_Track Data_track_data'

2023-02-15 22:03:37 - [MESSAGE][PASSED] - Text '%B5567080011582646^AHMED/IMTIAZ              ^2303201090200000000000354000015?;5567080011582646=23032010902035400015?' is set on object 'Object Repository/RecAndPlayBk/Page-Vlink-Sale/input_Track Data_track_data'

2023-02-15 22:03:37 - [TEST_STEP][PASSED] - setText(findTestObject("Object Repository/RecAndPlayBk/Page-Vlink-Sale/txt_POSEntryMode"), "track"): Text 'track' is set on object 'Object Repository/RecAndPlayBk/Page-Vlink-Sale/txt_POSEntryMode'

2023-02-15 22:03:38 - [MESSAGE][PASSED] - Text 'track' is set on object 'Object Repository/RecAndPlayBk/Page-Vlink-Sale/txt_POSEntryMode'

2023-02-15 22:03:38 - [TEST_STEP][PASSED] - setText(findTestObject("Object Repository/RecAndPlayBk/Page-Vlink-Sale/input_concat(Cardholder, , s email)_email"), ""): Text '' is set on object 'Object Repository/RecAndPlayBk/Page-Vlink-Sale/input_concat(Cardholder, , s email)_email'

2023-02-15 22:03:38 - [MESSAGE][PASSED] - Text '' is set on object 'Object Repository/RecAndPlayBk/Page-Vlink-Sale/input_concat(Cardholder, , s email)_email'

2023-02-15 22:03:38 - [TEST_STEP][PASSED] - click(findTestObject("Object Repository/RecAndPlayBk/Page-Vlink-Sale/input_user_defined10_user_defined10")): Object: 'Object Repository/RecAndPlayBk/Page-Vlink-Sale/input_user_defined10_user_defined10' is clicked on

2023-02-15 22:03:39 - [MESSAGE][PASSED] - Object: 'Object Repository/RecAndPlayBk/Page-Vlink-Sale/input_user_defined10_user_defined10' is clicked on

2023-02-15 22:03:39 - [TEST_STEP][PASSED] - if (executionProfile.equalsIgnoreCase("QAProfile") || executionProfile.equalsIgnoreCase("DemoProfile")): Text '' is set on object 'Object Repository/RecAndPlayBk/Page-Vlink-Sale/input_COF Transaction Initiated by_cof_tran_6cded5'

2023-02-15 22:03:39 - [TEST_STEP][PASSED] - setText(findTestObject("Object Repository/RecAndPlayBk/Page-Vlink-Sale/input_Card on File Indicator_card_on_file_i_157dae"), ""): Text '' is set on object 'Object Repository/RecAndPlayBk/Page-Vlink-Sale/input_Card on File Indicator_card_on_file_i_157dae'

2023-02-15 22:03:39 - [MESSAGE][PASSED] - Text '' is set on object 'Object Repository/RecAndPlayBk/Page-Vlink-Sale/input_Card on File Indicator_card_on_file_i_157dae'

2023-02-15 22:03:39 - [TEST_STEP][PASSED] - setText(findTestObject("Object Repository/RecAndPlayBk/Page-Vlink-Sale/input_Stored Credential Indicator_stored_cr_4ae73c"), ""): Text '' is set on object 'Object Repository/RecAndPlayBk/Page-Vlink-Sale/input_Stored Credential Indicator_stored_cr_4ae73c'

2023-02-15 22:03:40 - [MESSAGE][PASSED] - Text '' is set on object 'Object Repository/RecAndPlayBk/Page-Vlink-Sale/input_Stored Credential Indicator_stored_cr_4ae73c'

2023-02-15 22:03:40 - [TEST_STEP][PASSED] - setText(findTestObject("Object Repository/RecAndPlayBk/Page-Vlink-Sale/input_COF Scheduled indicator_cof_scheduled_8df7d8"), ""): Text '' is set on object 'Object Repository/RecAndPlayBk/Page-Vlink-Sale/input_COF Scheduled indicator_cof_scheduled_8df7d8'

2023-02-15 22:03:41 - [MESSAGE][PASSED] - Text '' is set on object 'Object Repository/RecAndPlayBk/Page-Vlink-Sale/input_COF Scheduled indicator_cof_scheduled_8df7d8'

2023-02-15 22:03:41 - [TEST_STEP][PASSED] - setText(findTestObject("Object Repository/RecAndPlayBk/Page-Vlink-Sale/input_COF Transaction Initiated by_cof_tran_6cded5"), ""): Text '' is set on object 'Object Repository/RecAndPlayBk/Page-Vlink-Sale/input_COF Transaction Initiated by_cof_tran_6cded5'

2023-02-15 22:03:41 - [MESSAGE][PASSED] - Text '' is set on object 'Object Repository/RecAndPlayBk/Page-Vlink-Sale/input_COF Transaction Initiated by_cof_tran_6cded5'

2023-02-15 22:03:41 - [TEST_STEP][PASSED] - click(findTestObject("Object Repository/RecAndPlayBk/Page-Vlink-Sale/input")): Object: 'Object Repository/RecAndPlayBk/Page-Vlink-Sale/input' is clicked on

2023-02-15 22:03:43 - [MESSAGE][PASSED] - Object: 'Object Repository/RecAndPlayBk/Page-Vlink-Sale/input' is clicked on

2023-02-15 22:03:43 - [TEST_STEP][PASSED] - if (verifyTextPresent("Transaction approved, no errors", true)): null

2023-02-15 22:03:43 - [MESSAGE][PASSED] - Text 'Transaction approved, no errors' is present on page  using regular expression

2023-02-15 22:03:43 - [TEST_STEP][PASSED] - println("Transaction Approved, no errors text is present on the Confirmation page"): null

2023-02-15 22:03:43 - [TEST_STEP][PASSED] - out.println("Pass Record Number: " + row): null

2023-02-15 22:03:43 - [TEST_STEP][PASSED] - resText = "Pass": null

2023-02-15 22:03:43 - [TEST_STEP][PASSED] - pages.WriteExcel.demoKey(resText, datText, resColumn, datCloumn, fileLoc, nameSheet, row): pages.WriteExcel.demoKey is PASSED

2023-02-15 22:03:43 - [MESSAGE][PASSED] - pages.WriteExcel.demoKey is PASSED

2023-02-15 22:03:43 - [TEST_STEP][PASSED] - ExecuteTC = findTestData(dataFile).getValue("Execute", row): null

2023-02-15 22:03:44 - [TEST_STEP][PASSED] - out.println("Value of Execute is : " + ExecuteTC): null

2023-02-15 22:03:44 - [TEST_STEP][PASSED] - switch (executionProfile): null

2023-02-15 22:03:44 - [TEST_STEP][PASSED] - case "QAProfile":: null

2023-02-15 22:03:44 - [TEST_STEP][PASSED] - appID = findTestData(dataFile).getValue("AppIDQA", row): null

2023-02-15 22:03:44 - [TEST_STEP][PASSED] - username = findTestData(dataFile).getValue("UsernameQA", row): null

2023-02-15 22:03:44 - [TEST_STEP][PASSED] - password = findTestData(dataFile).getValue("PasswordQA", row): null

2023-02-15 22:03:44 - [TEST_STEP][PASSED] - break: null

2023-02-15 22:03:44 - [TEST_STEP][PASSED] - if (ExecuteTC.equalsIgnoreCase("Y")): null

2023-02-15 22:03:44 - [TEST_STEP][PASSED] - out.println("Begin Record Number: " + row): null

2023-02-15 22:03:44 - [TEST_STEP][PASSED] - today = new java.util.Date(): null

2023-02-15 22:03:44 - [TEST_STEP][PASSED] - println(today): null

2023-02-15 22:03:44 - [TEST_STEP][PASSED] - datText = today: null

2023-02-15 22:03:44 - [TEST_STEP][PASSED] - category = findTestData(dataFile).getValue("Category", row): null

2023-02-15 22:03:44 - [TEST_STEP][PASSED] - amount = findTestData(dataFile).getValue("Amount", row): null

2023-02-15 22:03:44 - [TEST_STEP][PASSED] - trackData = findTestData(dataFile).getValue("TrackData", row): null

2023-02-15 22:03:44 - [TEST_STEP][PASSED] - openBrowser(VLinkURL + "authcap.html"): Browser is opened with url: 'https://dev-algorithm.govolution.com/vlinktest/QA/version_2_0/authcap.html'

2023-02-15 22:03:44 - [MESSAGE][WARNING] - A browser is already opened. Closing browser and opening a new one

2023-02-15 22:03:45 - [MESSAGE][INFO] - Starting 'Chrome' driver

2023-02-15 22:03:45 - [MESSAGE][INFO] - User set preference: ['acceptInsecureCerts', 'true']

2023-02-15 22:03:45 - [MESSAGE][INFO] - Action delay is set to 0 milliseconds

2023-02-15 22:03:47 - [MESSAGE][PASSED] - Browser is opened with url: 'https://dev-algorithm.govolution.com/vlinktest/QA/version_2_0/authcap.html'

2023-02-15 22:03:47 - [TEST_STEP][PASSED] - maximizeWindow(): Current window maximized

2023-02-15 22:03:47 - [MESSAGE][PASSED] - Current window maximized

2023-02-15 22:03:47 - [TEST_STEP][PASSED] - maximizeWindow(): Current window maximized

2023-02-15 22:03:47 - [MESSAGE][PASSED] - Current window maximized

2023-02-15 22:03:47 - [TEST_STEP][PASSED] - genRemID = RandomStringUtils.random(12, true, true): null

2023-02-15 22:03:47 - [TEST_STEP][PASSED] - setText(findTestObject("Object Repository/RecAndPlayBk/Page-Vlink-Sale/input_Remittance Id_remittance_id"), genRemID): Text 'MQqq9Yr1BLEN' is set on object 'Object Repository/RecAndPlayBk/Page-Vlink-Sale/input_Remittance Id_remittance_id'

2023-02-15 22:03:48 - [MESSAGE][PASSED] - Text 'MQqq9Yr1BLEN' is set on object 'Object Repository/RecAndPlayBk/Page-Vlink-Sale/input_Remittance Id_remittance_id'

2023-02-15 22:03:48 - [TEST_STEP][PASSED] - setText(findTestObject("Object Repository/RecAndPlayBk/Page-Vlink-Sale/input_Application Id_application_id"), appID): Text '581' is set on object 'Object Repository/RecAndPlayBk/Page-Vlink-Sale/input_Application Id_application_id'

2023-02-15 22:03:48 - [MESSAGE][PASSED] - Text '581' is set on object 'Object Repository/RecAndPlayBk/Page-Vlink-Sale/input_Application Id_application_id'

2023-02-15 22:03:48 - [TEST_STEP][PASSED] - setText(findTestObject("Object Repository/RecAndPlayBk/Page-Vlink-Sale/input_Username_username"), username): Text 'usr581' is set on object 'Object Repository/RecAndPlayBk/Page-Vlink-Sale/input_Username_username'

2023-02-15 22:03:49 - [MESSAGE][PASSED] - Text 'usr581' is set on object 'Object Repository/RecAndPlayBk/Page-Vlink-Sale/input_Username_username'

2023-02-15 22:03:49 - [TEST_STEP][PASSED] - setText(findTestObject("Object Repository/RecAndPlayBk/Page-Vlink-Sale/input_Password_password"), password): Text 'pwd581' is set on object 'Object Repository/RecAndPlayBk/Page-Vlink-Sale/input_Password_password'

2023-02-15 22:03:50 - [MESSAGE][PASSED] - Text 'pwd581' is set on object 'Object Repository/RecAndPlayBk/Page-Vlink-Sale/input_Password_password'

2023-02-15 22:03:50 - [TEST_STEP][PASSED] - setText(findTestObject("Object Repository/RecAndPlayBk/Page-Vlink-Sale/input_Category_category"), category): Text 'RETL' is set on object 'Object Repository/RecAndPlayBk/Page-Vlink-Sale/input_Category_category'

2023-02-15 22:03:50 - [MESSAGE][PASSED] - Text 'RETL' is set on object 'Object Repository/RecAndPlayBk/Page-Vlink-Sale/input_Category_category'

2023-02-15 22:03:50 - [TEST_STEP][PASSED] - setText(findTestObject("Object Repository/RecAndPlayBk/Page-Vlink-Sale/input_Amount_amount"), amount): Text '10.5' is set on object 'Object Repository/RecAndPlayBk/Page-Vlink-Sale/input_Amount_amount'

2023-02-15 22:03:51 - [MESSAGE][PASSED] - Text '10.5' is set on object 'Object Repository/RecAndPlayBk/Page-Vlink-Sale/input_Amount_amount'

2023-02-15 22:03:51 - [TEST_STEP][PASSED] - setText(findTestObject("Object Repository/RecAndPlayBk/Page-Vlink-Sale/input_Card number_card_number"), ""): Text '' is set on object 'Object Repository/RecAndPlayBk/Page-Vlink-Sale/input_Card number_card_number'

2023-02-15 22:03:52 - [MESSAGE][PASSED] - Text '' is set on object 'Object Repository/RecAndPlayBk/Page-Vlink-Sale/input_Card number_card_number'

2023-02-15 22:03:52 - [TEST_STEP][PASSED] - setText(findTestObject("Object Repository/RecAndPlayBk/Page-Vlink-Sale/input_Card ex month_card_exmo"), ""): Text '' is set on object 'Object Repository/RecAndPlayBk/Page-Vlink-Sale/input_Card ex month_card_exmo'

2023-02-15 22:03:52 - [MESSAGE][PASSED] - Text '' is set on object 'Object Repository/RecAndPlayBk/Page-Vlink-Sale/input_Card ex month_card_exmo'

2023-02-15 22:03:52 - [TEST_STEP][PASSED] - setText(findTestObject("Object Repository/RecAndPlayBk/Page-Vlink-Sale/input_Card ex year_card_exyr"), ""): Text '' is set on object 'Object Repository/RecAndPlayBk/Page-Vlink-Sale/input_Card ex year_card_exyr'

2023-02-15 22:03:53 - [MESSAGE][PASSED] - Text '' is set on object 'Object Repository/RecAndPlayBk/Page-Vlink-Sale/input_Card ex year_card_exyr'

2023-02-15 22:03:53 - [TEST_STEP][PASSED] - setText(findTestObject("Object Repository/RecAndPlayBk/Page-Vlink-Sale/input_Track Data_track_data"), trackData): Text '%B5567080011582646^AHMED/IMTIAZ              ^2303201090200000000000354000015?;5567080011582646=23032010902035400015?' is set on object 'Object Repository/RecAndPlayBk/Page-Vlink-Sale/input_Track Data_track_data'

2023-02-15 22:03:53 - [MESSAGE][PASSED] - Text '%B5567080011582646^AHMED/IMTIAZ              ^2303201090200000000000354000015?;5567080011582646=23032010902035400015?' is set on object 'Object Repository/RecAndPlayBk/Page-Vlink-Sale/input_Track Data_track_data'

2023-02-15 22:03:53 - [TEST_STEP][PASSED] - setText(findTestObject("Object Repository/RecAndPlayBk/Page-Vlink-Sale/txt_POSEntryMode"), "track"): Text 'track' is set on object 'Object Repository/RecAndPlayBk/Page-Vlink-Sale/txt_POSEntryMode'

2023-02-15 22:03:54 - [MESSAGE][PASSED] - Text 'track' is set on object 'Object Repository/RecAndPlayBk/Page-Vlink-Sale/txt_POSEntryMode'

2023-02-15 22:03:54 - [TEST_STEP][PASSED] - setText(findTestObject("Object Repository/RecAndPlayBk/Page-Vlink-Sale/input_concat(Cardholder, , s email)_email"), ""): Text '' is set on object 'Object Repository/RecAndPlayBk/Page-Vlink-Sale/input_concat(Cardholder, , s email)_email'

2023-02-15 22:03:55 - [MESSAGE][PASSED] - Text '' is set on object 'Object Repository/RecAndPlayBk/Page-Vlink-Sale/input_concat(Cardholder, , s email)_email'

2023-02-15 22:03:55 - [TEST_STEP][PASSED] - click(findTestObject("Object Repository/RecAndPlayBk/Page-Vlink-Sale/input_user_defined10_user_defined10")): Object: 'Object Repository/RecAndPlayBk/Page-Vlink-Sale/input_user_defined10_user_defined10' is clicked on

2023-02-15 22:03:55 - [MESSAGE][PASSED] - Object: 'Object Repository/RecAndPlayBk/Page-Vlink-Sale/input_user_defined10_user_defined10' is clicked on

2023-02-15 22:03:55 - [TEST_STEP][PASSED] - if (executionProfile.equalsIgnoreCase("QAProfile") || executionProfile.equalsIgnoreCase("DemoProfile")): Text '' is set on object 'Object Repository/RecAndPlayBk/Page-Vlink-Sale/input_COF Transaction Initiated by_cof_tran_6cded5'

2023-02-15 22:03:55 - [TEST_STEP][PASSED] - setText(findTestObject("Object Repository/RecAndPlayBk/Page-Vlink-Sale/input_Card on File Indicator_card_on_file_i_157dae"), ""): Text '' is set on object 'Object Repository/RecAndPlayBk/Page-Vlink-Sale/input_Card on File Indicator_card_on_file_i_157dae'

2023-02-15 22:03:56 - [MESSAGE][PASSED] - Text '' is set on object 'Object Repository/RecAndPlayBk/Page-Vlink-Sale/input_Card on File Indicator_card_on_file_i_157dae'

2023-02-15 22:03:56 - [TEST_STEP][PASSED] - setText(findTestObject("Object Repository/RecAndPlayBk/Page-Vlink-Sale/input_Stored Credential Indicator_stored_cr_4ae73c"), ""): Text '' is set on object 'Object Repository/RecAndPlayBk/Page-Vlink-Sale/input_Stored Credential Indicator_stored_cr_4ae73c'

2023-02-15 22:03:56 - [MESSAGE][PASSED] - Text '' is set on object 'Object Repository/RecAndPlayBk/Page-Vlink-Sale/input_Stored Credential Indicator_stored_cr_4ae73c'

2023-02-15 22:03:56 - [TEST_STEP][PASSED] - setText(findTestObject("Object Repository/RecAndPlayBk/Page-Vlink-Sale/input_COF Scheduled indicator_cof_scheduled_8df7d8"), ""): Text '' is set on object 'Object Repository/RecAndPlayBk/Page-Vlink-Sale/input_COF Scheduled indicator_cof_scheduled_8df7d8'

2023-02-15 22:03:57 - [MESSAGE][PASSED] - Text '' is set on object 'Object Repository/RecAndPlayBk/Page-Vlink-Sale/input_COF Scheduled indicator_cof_scheduled_8df7d8'

2023-02-15 22:03:57 - [TEST_STEP][PASSED] - setText(findTestObject("Object Repository/RecAndPlayBk/Page-Vlink-Sale/input_COF Transaction Initiated by_cof_tran_6cded5"), ""): Text '' is set on object 'Object Repository/RecAndPlayBk/Page-Vlink-Sale/input_COF Transaction Initiated by_cof_tran_6cded5'

2023-02-15 22:03:58 - [MESSAGE][PASSED] - Text '' is set on object 'Object Repository/RecAndPlayBk/Page-Vlink-Sale/input_COF Transaction Initiated by_cof_tran_6cded5'

2023-02-15 22:03:58 - [TEST_STEP][PASSED] - click(findTestObject("Object Repository/RecAndPlayBk/Page-Vlink-Sale/input")): Object: 'Object Repository/RecAndPlayBk/Page-Vlink-Sale/input' is clicked on

2023-02-15 22:03:59 - [MESSAGE][PASSED] - Object: 'Object Repository/RecAndPlayBk/Page-Vlink-Sale/input' is clicked on

2023-02-15 22:03:59 - [TEST_STEP][PASSED] - if (verifyTextPresent("Transaction approved, no errors", true)): null

2023-02-15 22:03:59 - [MESSAGE][PASSED] - Text 'Transaction approved, no errors' is present on page  using regular expression

2023-02-15 22:03:59 - [TEST_STEP][PASSED] - println("Transaction Approved, no errors text is present on the Confirmation page"): null

2023-02-15 22:03:59 - [TEST_STEP][PASSED] - out.println("Pass Record Number: " + row): null

2023-02-15 22:03:59 - [TEST_STEP][PASSED] - resText = "Pass": null

2023-02-15 22:03:59 - [TEST_STEP][PASSED] - pages.WriteExcel.demoKey(resText, datText, resColumn, datCloumn, fileLoc, nameSheet, row): pages.WriteExcel.demoKey is PASSED

2023-02-15 22:03:59 - [MESSAGE][PASSED] - pages.WriteExcel.demoKey is PASSED]]></system-out>
         <system-err><![CDATA[]]></system-err>
      </testcase>
      <testcase name="Test Cases/RecAndPlayBk/VLink/Sale-ZeroDollar-Error" time="74.981" classname="Test Cases/RecAndPlayBk/VLink/Sale-ZeroDollar-Error" status="PASSED">
         <system-out><![CDATA[2023-02-15 22:03:59 - [TEST_CASE][PASSED] - Test Cases/RecAndPlayBk/VLink/Sale-ZeroDollar-Error: Test Cases/RecAndPlayBk/VLink/Sale-ZeroDollar-Error

2023-02-15 22:04:00 - [TEST_STEP][PASSED] - executionProfile = getExecutionProfile(): null

2023-02-15 22:04:00 - [TEST_STEP][PASSED] - out.println("executionProfile : " + executionProfile): null

2023-02-15 22:04:00 - [TEST_STEP][PASSED] - appName = <not implemented yet for class: org.codehaus.groovy.ast.expr.EmptyExpression>: null

2023-02-15 22:04:00 - [TEST_STEP][PASSED] - appID = <not implemented yet for class: org.codehaus.groovy.ast.expr.EmptyExpression>: null

2023-02-15 22:04:00 - [TEST_STEP][PASSED] - username = <not implemented yet for class: org.codehaus.groovy.ast.expr.EmptyExpression>: null

2023-02-15 22:04:00 - [TEST_STEP][PASSED] - password = <not implemented yet for class: org.codehaus.groovy.ast.expr.EmptyExpression>: null

2023-02-15 22:04:00 - [TEST_STEP][PASSED] - cardNameV = <not implemented yet for class: org.codehaus.groovy.ast.expr.EmptyExpression>: null

2023-02-15 22:04:00 - [TEST_STEP][PASSED] - al1V = <not implemented yet for class: org.codehaus.groovy.ast.expr.EmptyExpression>: null

2023-02-15 22:04:00 - [TEST_STEP][PASSED] - al2V = <not implemented yet for class: org.codehaus.groovy.ast.expr.EmptyExpression>: null

2023-02-15 22:04:00 - [TEST_STEP][PASSED] - zipV = <not implemented yet for class: org.codehaus.groovy.ast.expr.EmptyExpression>: null

2023-02-15 22:04:00 - [TEST_STEP][PASSED] - cardTypeV = <not implemented yet for class: org.codehaus.groovy.ast.expr.EmptyExpression>: null

2023-02-15 22:04:00 - [TEST_STEP][PASSED] - last4V = <not implemented yet for class: org.codehaus.groovy.ast.expr.EmptyExpression>: null

2023-02-15 22:04:00 - [TEST_STEP][PASSED] - resText = "Fail": null

2023-02-15 22:04:00 - [TEST_STEP][PASSED] - resColumn = "Result": null

2023-02-15 22:04:00 - [TEST_STEP][PASSED] - datCloumn = "Date": null

2023-02-15 22:04:00 - [TEST_STEP][PASSED] - fileLoc = "KatalonData/VLinkSmokeData.xlsx": null

2023-02-15 22:04:00 - [TEST_STEP][PASSED] - numOfRows = <not implemented yet for class: org.codehaus.groovy.ast.expr.EmptyExpression>: null

2023-02-15 22:04:00 - [TEST_STEP][PASSED] - dataFile = <not implemented yet for class: org.codehaus.groovy.ast.expr.EmptyExpression>: null

2023-02-15 22:04:00 - [TEST_STEP][PASSED] - nameSheet = <not implemented yet for class: org.codehaus.groovy.ast.expr.EmptyExpression>: null

2023-02-15 22:04:00 - [TEST_STEP][PASSED] - nameSheet = "Sale-ZeroDollar": null

2023-02-15 22:04:00 - [TEST_STEP][PASSED] - numOfRows = findTestData("QA/VLinkTestData/VLinkSaleZeroDollar").getRowNumbers(): null

2023-02-15 22:04:01 - [TEST_STEP][PASSED] - println("Number of Records: " + numOfRows): null

2023-02-15 22:04:01 - [TEST_STEP][PASSED] - dataFile = "QA/VLinkTestData/VLinkSaleZeroDollar": null

2023-02-15 22:04:01 - [TEST_STEP][PASSED] - for ([row = 1, row <= numOfRows, (row++)]): null

2023-02-15 22:04:01 - [TEST_STEP][PASSED] - ExecuteTC = findTestData(dataFile).getValue("Execute", row): null

2023-02-15 22:04:01 - [TEST_STEP][PASSED] - out.println("Value of Execute is : " + ExecuteTC): null

2023-02-15 22:04:01 - [TEST_STEP][PASSED] - switch (executionProfile): null

2023-02-15 22:04:01 - [TEST_STEP][PASSED] - case "QAProfile":: null

2023-02-15 22:04:01 - [TEST_STEP][PASSED] - appID = findTestData(dataFile).getValue("AppIDQA", row): null

2023-02-15 22:04:01 - [TEST_STEP][PASSED] - username = findTestData(dataFile).getValue("UsernameQA", row): null

2023-02-15 22:04:01 - [TEST_STEP][PASSED] - password = findTestData(dataFile).getValue("PasswordQA", row): null

2023-02-15 22:04:01 - [TEST_STEP][PASSED] - break: null

2023-02-15 22:04:01 - [TEST_STEP][PASSED] - if (ExecuteTC.equalsIgnoreCase("Y")): null

2023-02-15 22:04:01 - [TEST_STEP][PASSED] - out.println("Begin Record Number: " + row): null

2023-02-15 22:04:01 - [TEST_STEP][PASSED] - today = new java.util.Date(): null

2023-02-15 22:04:01 - [TEST_STEP][PASSED] - println(today): null

2023-02-15 22:04:01 - [TEST_STEP][PASSED] - datText = today: null

2023-02-15 22:04:01 - [TEST_STEP][PASSED] - category = findTestData(dataFile).getValue("Category", row): null

2023-02-15 22:04:01 - [TEST_STEP][PASSED] - amount = findTestData(dataFile).getValue("Amount", row): null

2023-02-15 22:04:01 - [TEST_STEP][PASSED] - cardNumber = findTestData(dataFile).getValue("CardNumber", row): null

2023-02-15 22:04:01 - [TEST_STEP][PASSED] - exM = findTestData(dataFile).getValue("ExM", row): null

2023-02-15 22:04:01 - [TEST_STEP][PASSED] - exY = findTestData(dataFile).getValue("ExY", row): null

2023-02-15 22:04:01 - [TEST_STEP][PASSED] - openBrowser(VLinkURL + "authcap.html"): Browser is opened with url: 'https://dev-algorithm.govolution.com/vlinktest/QA/version_2_0/authcap.html'

2023-02-15 22:04:01 - [MESSAGE][WARNING] - A browser is already opened. Closing browser and opening a new one

2023-02-15 22:04:02 - [MESSAGE][INFO] - Starting 'Chrome' driver

2023-02-15 22:04:02 - [MESSAGE][INFO] - User set preference: ['acceptInsecureCerts', 'true']

2023-02-15 22:04:02 - [MESSAGE][INFO] - Action delay is set to 0 milliseconds

2023-02-15 22:04:04 - [MESSAGE][PASSED] - Browser is opened with url: 'https://dev-algorithm.govolution.com/vlinktest/QA/version_2_0/authcap.html'

2023-02-15 22:04:04 - [TEST_STEP][PASSED] - maximizeWindow(): Current window maximized

2023-02-15 22:04:04 - [MESSAGE][PASSED] - Current window maximized

2023-02-15 22:04:04 - [TEST_STEP][PASSED] - maximizeWindow(): Current window maximized

2023-02-15 22:04:04 - [MESSAGE][PASSED] - Current window maximized

2023-02-15 22:04:04 - [TEST_STEP][PASSED] - genRemID = RandomStringUtils.random(12, true, true): null

2023-02-15 22:04:04 - [TEST_STEP][PASSED] - setText(findTestObject("Object Repository/RecAndPlayBk/Page-Vlink-Sale/input_Remittance Id_remittance_id"), genRemID): Text 'VIdVPB1QA7Mg' is set on object 'Object Repository/RecAndPlayBk/Page-Vlink-Sale/input_Remittance Id_remittance_id'

2023-02-15 22:04:05 - [MESSAGE][PASSED] - Text 'VIdVPB1QA7Mg' is set on object 'Object Repository/RecAndPlayBk/Page-Vlink-Sale/input_Remittance Id_remittance_id'

2023-02-15 22:04:05 - [TEST_STEP][PASSED] - setText(findTestObject("Object Repository/RecAndPlayBk/Page-Vlink-Sale/input_Application Id_application_id"), appID): Text '234' is set on object 'Object Repository/RecAndPlayBk/Page-Vlink-Sale/input_Application Id_application_id'

2023-02-15 22:04:06 - [MESSAGE][PASSED] - Text '234' is set on object 'Object Repository/RecAndPlayBk/Page-Vlink-Sale/input_Application Id_application_id'

2023-02-15 22:04:06 - [TEST_STEP][PASSED] - setText(findTestObject("Object Repository/RecAndPlayBk/Page-Vlink-Sale/input_Username_username"), username): Text 'username' is set on object 'Object Repository/RecAndPlayBk/Page-Vlink-Sale/input_Username_username'

2023-02-15 22:04:06 - [MESSAGE][PASSED] - Text 'username' is set on object 'Object Repository/RecAndPlayBk/Page-Vlink-Sale/input_Username_username'

2023-02-15 22:04:06 - [TEST_STEP][PASSED] - setText(findTestObject("Object Repository/RecAndPlayBk/Page-Vlink-Sale/input_Password_password"), password): Text 'password' is set on object 'Object Repository/RecAndPlayBk/Page-Vlink-Sale/input_Password_password'

2023-02-15 22:04:07 - [MESSAGE][PASSED] - Text 'password' is set on object 'Object Repository/RecAndPlayBk/Page-Vlink-Sale/input_Password_password'

2023-02-15 22:04:07 - [TEST_STEP][PASSED] - setText(findTestObject("Object Repository/RecAndPlayBk/Page-Vlink-Sale/input_Category_category"), category): Text 'ECOM' is set on object 'Object Repository/RecAndPlayBk/Page-Vlink-Sale/input_Category_category'

2023-02-15 22:04:08 - [MESSAGE][PASSED] - Text 'ECOM' is set on object 'Object Repository/RecAndPlayBk/Page-Vlink-Sale/input_Category_category'

2023-02-15 22:04:08 - [TEST_STEP][PASSED] - setText(findTestObject("Object Repository/RecAndPlayBk/Page-Vlink-Sale/input_Amount_amount"), amount): Text '0' is set on object 'Object Repository/RecAndPlayBk/Page-Vlink-Sale/input_Amount_amount'

2023-02-15 22:04:08 - [MESSAGE][PASSED] - Text '0' is set on object 'Object Repository/RecAndPlayBk/Page-Vlink-Sale/input_Amount_amount'

2023-02-15 22:04:08 - [TEST_STEP][PASSED] - setText(findTestObject("Object Repository/RecAndPlayBk/Page-Vlink-Sale/input_Card number_card_number"), cardNumber): Text '4111111111111111' is set on object 'Object Repository/RecAndPlayBk/Page-Vlink-Sale/input_Card number_card_number'

2023-02-15 22:04:09 - [MESSAGE][PASSED] - Text '4111111111111111' is set on object 'Object Repository/RecAndPlayBk/Page-Vlink-Sale/input_Card number_card_number'

2023-02-15 22:04:09 - [TEST_STEP][PASSED] - setText(findTestObject("Object Repository/RecAndPlayBk/Page-Vlink-Sale/input_Card ex month_card_exmo"), exM): Text '12' is set on object 'Object Repository/RecAndPlayBk/Page-Vlink-Sale/input_Card ex month_card_exmo'

2023-02-15 22:04:09 - [MESSAGE][PASSED] - Text '12' is set on object 'Object Repository/RecAndPlayBk/Page-Vlink-Sale/input_Card ex month_card_exmo'

2023-02-15 22:04:09 - [TEST_STEP][PASSED] - setText(findTestObject("Object Repository/RecAndPlayBk/Page-Vlink-Sale/input_Card ex year_card_exyr"), exY): Text '2029' is set on object 'Object Repository/RecAndPlayBk/Page-Vlink-Sale/input_Card ex year_card_exyr'

2023-02-15 22:04:10 - [MESSAGE][PASSED] - Text '2029' is set on object 'Object Repository/RecAndPlayBk/Page-Vlink-Sale/input_Card ex year_card_exyr'

2023-02-15 22:04:10 - [TEST_STEP][PASSED] - setText(findTestObject("Object Repository/RecAndPlayBk/Page-Vlink-Sale/input_Track Data_track_data"), ""): Text '' is set on object 'Object Repository/RecAndPlayBk/Page-Vlink-Sale/input_Track Data_track_data'

2023-02-15 22:04:11 - [MESSAGE][PASSED] - Text '' is set on object 'Object Repository/RecAndPlayBk/Page-Vlink-Sale/input_Track Data_track_data'

2023-02-15 22:04:11 - [TEST_STEP][PASSED] - setText(findTestObject("Object Repository/RecAndPlayBk/Page-Vlink-Sale/input_concat(Cardholder, , s email)_email"), ""): Text '' is set on object 'Object Repository/RecAndPlayBk/Page-Vlink-Sale/input_concat(Cardholder, , s email)_email'

2023-02-15 22:04:11 - [MESSAGE][PASSED] - Text '' is set on object 'Object Repository/RecAndPlayBk/Page-Vlink-Sale/input_concat(Cardholder, , s email)_email'

2023-02-15 22:04:11 - [TEST_STEP][PASSED] - click(findTestObject("Object Repository/RecAndPlayBk/Page-Vlink-Sale/input_user_defined10_user_defined10")): Object: 'Object Repository/RecAndPlayBk/Page-Vlink-Sale/input_user_defined10_user_defined10' is clicked on

2023-02-15 22:04:12 - [MESSAGE][PASSED] - Object: 'Object Repository/RecAndPlayBk/Page-Vlink-Sale/input_user_defined10_user_defined10' is clicked on

2023-02-15 22:04:12 - [TEST_STEP][PASSED] - if (executionProfile.equalsIgnoreCase("QAProfile") || executionProfile.equalsIgnoreCase("DemoProfile")): Text '' is set on object 'Object Repository/RecAndPlayBk/Page-Vlink-Sale/input_COF Transaction Initiated by_cof_tran_6cded5'

2023-02-15 22:04:12 - [TEST_STEP][PASSED] - setText(findTestObject("Object Repository/RecAndPlayBk/Page-Vlink-Sale/input_Card on File Indicator_card_on_file_i_157dae"), ""): Text '' is set on object 'Object Repository/RecAndPlayBk/Page-Vlink-Sale/input_Card on File Indicator_card_on_file_i_157dae'

2023-02-15 22:04:12 - [MESSAGE][PASSED] - Text '' is set on object 'Object Repository/RecAndPlayBk/Page-Vlink-Sale/input_Card on File Indicator_card_on_file_i_157dae'

2023-02-15 22:04:12 - [TEST_STEP][PASSED] - setText(findTestObject("Object Repository/RecAndPlayBk/Page-Vlink-Sale/input_Stored Credential Indicator_stored_cr_4ae73c"), ""): Text '' is set on object 'Object Repository/RecAndPlayBk/Page-Vlink-Sale/input_Stored Credential Indicator_stored_cr_4ae73c'

2023-02-15 22:04:13 - [MESSAGE][PASSED] - Text '' is set on object 'Object Repository/RecAndPlayBk/Page-Vlink-Sale/input_Stored Credential Indicator_stored_cr_4ae73c'

2023-02-15 22:04:13 - [TEST_STEP][PASSED] - setText(findTestObject("Object Repository/RecAndPlayBk/Page-Vlink-Sale/input_COF Scheduled indicator_cof_scheduled_8df7d8"), ""): Text '' is set on object 'Object Repository/RecAndPlayBk/Page-Vlink-Sale/input_COF Scheduled indicator_cof_scheduled_8df7d8'

2023-02-15 22:04:14 - [MESSAGE][PASSED] - Text '' is set on object 'Object Repository/RecAndPlayBk/Page-Vlink-Sale/input_COF Scheduled indicator_cof_scheduled_8df7d8'

2023-02-15 22:04:14 - [TEST_STEP][PASSED] - setText(findTestObject("Object Repository/RecAndPlayBk/Page-Vlink-Sale/input_COF Transaction Initiated by_cof_tran_6cded5"), ""): Text '' is set on object 'Object Repository/RecAndPlayBk/Page-Vlink-Sale/input_COF Transaction Initiated by_cof_tran_6cded5'

2023-02-15 22:04:14 - [MESSAGE][PASSED] - Text '' is set on object 'Object Repository/RecAndPlayBk/Page-Vlink-Sale/input_COF Transaction Initiated by_cof_tran_6cded5'

2023-02-15 22:04:14 - [TEST_STEP][PASSED] - click(findTestObject("Object Repository/RecAndPlayBk/Page-Vlink-Sale/input")): Object: 'Object Repository/RecAndPlayBk/Page-Vlink-Sale/input' is clicked on

2023-02-15 22:04:15 - [MESSAGE][PASSED] - Object: 'Object Repository/RecAndPlayBk/Page-Vlink-Sale/input' is clicked on

2023-02-15 22:04:15 - [TEST_STEP][PASSED] - if (verifyTextPresent("invalid: amount", true)): null

2023-02-15 22:04:15 - [MESSAGE][PASSED] - Text 'invalid: amount' is present on page  using regular expression

2023-02-15 22:04:15 - [TEST_STEP][PASSED] - println("Parameter value(s) invalid: amount text is present on the Confirmation page"): null

2023-02-15 22:04:15 - [TEST_STEP][PASSED] - out.println("Pass Record Number: " + row): null

2023-02-15 22:04:15 - [TEST_STEP][PASSED] - resText = "Pass": null

2023-02-15 22:04:15 - [TEST_STEP][PASSED] - pages.WriteExcel.demoKey(resText, datText, resColumn, datCloumn, fileLoc, nameSheet, row): pages.WriteExcel.demoKey is PASSED

2023-02-15 22:04:15 - [MESSAGE][PASSED] - pages.WriteExcel.demoKey is PASSED

2023-02-15 22:04:15 - [TEST_STEP][PASSED] - ExecuteTC = findTestData(dataFile).getValue("Execute", row): null

2023-02-15 22:04:15 - [TEST_STEP][PASSED] - out.println("Value of Execute is : " + ExecuteTC): null

2023-02-15 22:04:15 - [TEST_STEP][PASSED] - switch (executionProfile): null

2023-02-15 22:04:15 - [TEST_STEP][PASSED] - case "QAProfile":: null

2023-02-15 22:04:15 - [TEST_STEP][PASSED] - appID = findTestData(dataFile).getValue("AppIDQA", row): null

2023-02-15 22:04:16 - [TEST_STEP][PASSED] - username = findTestData(dataFile).getValue("UsernameQA", row): null

2023-02-15 22:04:16 - [TEST_STEP][PASSED] - password = findTestData(dataFile).getValue("PasswordQA", row): null

2023-02-15 22:04:16 - [TEST_STEP][PASSED] - break: null

2023-02-15 22:04:16 - [TEST_STEP][PASSED] - if (ExecuteTC.equalsIgnoreCase("Y")): null

2023-02-15 22:04:16 - [TEST_STEP][PASSED] - out.println("Begin Record Number: " + row): null

2023-02-15 22:04:16 - [TEST_STEP][PASSED] - today = new java.util.Date(): null

2023-02-15 22:04:16 - [TEST_STEP][PASSED] - println(today): null

2023-02-15 22:04:16 - [TEST_STEP][PASSED] - datText = today: null

2023-02-15 22:04:16 - [TEST_STEP][PASSED] - category = findTestData(dataFile).getValue("Category", row): null

2023-02-15 22:04:16 - [TEST_STEP][PASSED] - amount = findTestData(dataFile).getValue("Amount", row): null

2023-02-15 22:04:16 - [TEST_STEP][PASSED] - cardNumber = findTestData(dataFile).getValue("CardNumber", row): null

2023-02-15 22:04:16 - [TEST_STEP][PASSED] - exM = findTestData(dataFile).getValue("ExM", row): null

2023-02-15 22:04:16 - [TEST_STEP][PASSED] - exY = findTestData(dataFile).getValue("ExY", row): null

2023-02-15 22:04:16 - [TEST_STEP][PASSED] - openBrowser(VLinkURL + "authcap.html"): Browser is opened with url: 'https://dev-algorithm.govolution.com/vlinktest/QA/version_2_0/authcap.html'

2023-02-15 22:04:16 - [MESSAGE][WARNING] - A browser is already opened. Closing browser and opening a new one

2023-02-15 22:04:17 - [MESSAGE][INFO] - Starting 'Chrome' driver

2023-02-15 22:04:17 - [MESSAGE][INFO] - User set preference: ['acceptInsecureCerts', 'true']

2023-02-15 22:04:17 - [MESSAGE][INFO] - Action delay is set to 0 milliseconds

2023-02-15 22:04:19 - [MESSAGE][PASSED] - Browser is opened with url: 'https://dev-algorithm.govolution.com/vlinktest/QA/version_2_0/authcap.html'

2023-02-15 22:04:19 - [TEST_STEP][PASSED] - maximizeWindow(): Current window maximized

2023-02-15 22:04:19 - [MESSAGE][PASSED] - Current window maximized

2023-02-15 22:04:19 - [TEST_STEP][PASSED] - maximizeWindow(): Current window maximized

2023-02-15 22:04:19 - [MESSAGE][PASSED] - Current window maximized

2023-02-15 22:04:19 - [TEST_STEP][PASSED] - genRemID = RandomStringUtils.random(12, true, true): null

2023-02-15 22:04:19 - [TEST_STEP][PASSED] - setText(findTestObject("Object Repository/RecAndPlayBk/Page-Vlink-Sale/input_Remittance Id_remittance_id"), genRemID): Text '49fQONGgIIWI' is set on object 'Object Repository/RecAndPlayBk/Page-Vlink-Sale/input_Remittance Id_remittance_id'

2023-02-15 22:04:20 - [MESSAGE][PASSED] - Text '49fQONGgIIWI' is set on object 'Object Repository/RecAndPlayBk/Page-Vlink-Sale/input_Remittance Id_remittance_id'

2023-02-15 22:04:20 - [TEST_STEP][PASSED] - setText(findTestObject("Object Repository/RecAndPlayBk/Page-Vlink-Sale/input_Application Id_application_id"), appID): Text '234' is set on object 'Object Repository/RecAndPlayBk/Page-Vlink-Sale/input_Application Id_application_id'

2023-02-15 22:04:20 - [MESSAGE][PASSED] - Text '234' is set on object 'Object Repository/RecAndPlayBk/Page-Vlink-Sale/input_Application Id_application_id'

2023-02-15 22:04:20 - [TEST_STEP][PASSED] - setText(findTestObject("Object Repository/RecAndPlayBk/Page-Vlink-Sale/input_Username_username"), username): Text 'username' is set on object 'Object Repository/RecAndPlayBk/Page-Vlink-Sale/input_Username_username'

2023-02-15 22:04:21 - [MESSAGE][PASSED] - Text 'username' is set on object 'Object Repository/RecAndPlayBk/Page-Vlink-Sale/input_Username_username'

2023-02-15 22:04:21 - [TEST_STEP][PASSED] - setText(findTestObject("Object Repository/RecAndPlayBk/Page-Vlink-Sale/input_Password_password"), password): Text 'password' is set on object 'Object Repository/RecAndPlayBk/Page-Vlink-Sale/input_Password_password'

2023-02-15 22:04:22 - [MESSAGE][PASSED] - Text 'password' is set on object 'Object Repository/RecAndPlayBk/Page-Vlink-Sale/input_Password_password'

2023-02-15 22:04:22 - [TEST_STEP][PASSED] - setText(findTestObject("Object Repository/RecAndPlayBk/Page-Vlink-Sale/input_Category_category"), category): Text 'MOTO' is set on object 'Object Repository/RecAndPlayBk/Page-Vlink-Sale/input_Category_category'

2023-02-15 22:04:22 - [MESSAGE][PASSED] - Text 'MOTO' is set on object 'Object Repository/RecAndPlayBk/Page-Vlink-Sale/input_Category_category'

2023-02-15 22:04:22 - [TEST_STEP][PASSED] - setText(findTestObject("Object Repository/RecAndPlayBk/Page-Vlink-Sale/input_Amount_amount"), amount): Text '0' is set on object 'Object Repository/RecAndPlayBk/Page-Vlink-Sale/input_Amount_amount'

2023-02-15 22:04:23 - [MESSAGE][PASSED] - Text '0' is set on object 'Object Repository/RecAndPlayBk/Page-Vlink-Sale/input_Amount_amount'

2023-02-15 22:04:23 - [TEST_STEP][PASSED] - setText(findTestObject("Object Repository/RecAndPlayBk/Page-Vlink-Sale/input_Card number_card_number"), cardNumber): Text '5424000000000015' is set on object 'Object Repository/RecAndPlayBk/Page-Vlink-Sale/input_Card number_card_number'

2023-02-15 22:04:24 - [MESSAGE][PASSED] - Text '5424000000000015' is set on object 'Object Repository/RecAndPlayBk/Page-Vlink-Sale/input_Card number_card_number'

2023-02-15 22:04:24 - [TEST_STEP][PASSED] - setText(findTestObject("Object Repository/RecAndPlayBk/Page-Vlink-Sale/input_Card ex month_card_exmo"), exM): Text '12' is set on object 'Object Repository/RecAndPlayBk/Page-Vlink-Sale/input_Card ex month_card_exmo'

2023-02-15 22:04:24 - [MESSAGE][PASSED] - Text '12' is set on object 'Object Repository/RecAndPlayBk/Page-Vlink-Sale/input_Card ex month_card_exmo'

2023-02-15 22:04:24 - [TEST_STEP][PASSED] - setText(findTestObject("Object Repository/RecAndPlayBk/Page-Vlink-Sale/input_Card ex year_card_exyr"), exY): Text '2029' is set on object 'Object Repository/RecAndPlayBk/Page-Vlink-Sale/input_Card ex year_card_exyr'

2023-02-15 22:04:25 - [MESSAGE][PASSED] - Text '2029' is set on object 'Object Repository/RecAndPlayBk/Page-Vlink-Sale/input_Card ex year_card_exyr'

2023-02-15 22:04:25 - [TEST_STEP][PASSED] - setText(findTestObject("Object Repository/RecAndPlayBk/Page-Vlink-Sale/input_Track Data_track_data"), ""): Text '' is set on object 'Object Repository/RecAndPlayBk/Page-Vlink-Sale/input_Track Data_track_data'

2023-02-15 22:04:25 - [MESSAGE][PASSED] - Text '' is set on object 'Object Repository/RecAndPlayBk/Page-Vlink-Sale/input_Track Data_track_data'

2023-02-15 22:04:25 - [TEST_STEP][PASSED] - setText(findTestObject("Object Repository/RecAndPlayBk/Page-Vlink-Sale/input_concat(Cardholder, , s email)_email"), ""): Text '' is set on object 'Object Repository/RecAndPlayBk/Page-Vlink-Sale/input_concat(Cardholder, , s email)_email'

2023-02-15 22:04:26 - [MESSAGE][PASSED] - Text '' is set on object 'Object Repository/RecAndPlayBk/Page-Vlink-Sale/input_concat(Cardholder, , s email)_email'

2023-02-15 22:04:26 - [TEST_STEP][PASSED] - click(findTestObject("Object Repository/RecAndPlayBk/Page-Vlink-Sale/input_user_defined10_user_defined10")): Object: 'Object Repository/RecAndPlayBk/Page-Vlink-Sale/input_user_defined10_user_defined10' is clicked on

2023-02-15 22:04:26 - [MESSAGE][PASSED] - Object: 'Object Repository/RecAndPlayBk/Page-Vlink-Sale/input_user_defined10_user_defined10' is clicked on

2023-02-15 22:04:26 - [TEST_STEP][PASSED] - if (executionProfile.equalsIgnoreCase("QAProfile") || executionProfile.equalsIgnoreCase("DemoProfile")): Text '' is set on object 'Object Repository/RecAndPlayBk/Page-Vlink-Sale/input_COF Transaction Initiated by_cof_tran_6cded5'

2023-02-15 22:04:26 - [TEST_STEP][PASSED] - setText(findTestObject("Object Repository/RecAndPlayBk/Page-Vlink-Sale/input_Card on File Indicator_card_on_file_i_157dae"), ""): Text '' is set on object 'Object Repository/RecAndPlayBk/Page-Vlink-Sale/input_Card on File Indicator_card_on_file_i_157dae'

2023-02-15 22:04:27 - [MESSAGE][PASSED] - Text '' is set on object 'Object Repository/RecAndPlayBk/Page-Vlink-Sale/input_Card on File Indicator_card_on_file_i_157dae'

2023-02-15 22:04:27 - [TEST_STEP][PASSED] - setText(findTestObject("Object Repository/RecAndPlayBk/Page-Vlink-Sale/input_Stored Credential Indicator_stored_cr_4ae73c"), ""): Text '' is set on object 'Object Repository/RecAndPlayBk/Page-Vlink-Sale/input_Stored Credential Indicator_stored_cr_4ae73c'

2023-02-15 22:04:28 - [MESSAGE][PASSED] - Text '' is set on object 'Object Repository/RecAndPlayBk/Page-Vlink-Sale/input_Stored Credential Indicator_stored_cr_4ae73c'

2023-02-15 22:04:28 - [TEST_STEP][PASSED] - setText(findTestObject("Object Repository/RecAndPlayBk/Page-Vlink-Sale/input_COF Scheduled indicator_cof_scheduled_8df7d8"), ""): Text '' is set on object 'Object Repository/RecAndPlayBk/Page-Vlink-Sale/input_COF Scheduled indicator_cof_scheduled_8df7d8'

2023-02-15 22:04:28 - [MESSAGE][PASSED] - Text '' is set on object 'Object Repository/RecAndPlayBk/Page-Vlink-Sale/input_COF Scheduled indicator_cof_scheduled_8df7d8'

2023-02-15 22:04:28 - [TEST_STEP][PASSED] - setText(findTestObject("Object Repository/RecAndPlayBk/Page-Vlink-Sale/input_COF Transaction Initiated by_cof_tran_6cded5"), ""): Text '' is set on object 'Object Repository/RecAndPlayBk/Page-Vlink-Sale/input_COF Transaction Initiated by_cof_tran_6cded5'

2023-02-15 22:04:29 - [MESSAGE][PASSED] - Text '' is set on object 'Object Repository/RecAndPlayBk/Page-Vlink-Sale/input_COF Transaction Initiated by_cof_tran_6cded5'

2023-02-15 22:04:29 - [TEST_STEP][PASSED] - click(findTestObject("Object Repository/RecAndPlayBk/Page-Vlink-Sale/input")): Object: 'Object Repository/RecAndPlayBk/Page-Vlink-Sale/input' is clicked on

2023-02-15 22:04:30 - [MESSAGE][PASSED] - Object: 'Object Repository/RecAndPlayBk/Page-Vlink-Sale/input' is clicked on

2023-02-15 22:04:30 - [TEST_STEP][PASSED] - if (verifyTextPresent("invalid: amount", true)): null

2023-02-15 22:04:30 - [MESSAGE][PASSED] - Text 'invalid: amount' is present on page  using regular expression

2023-02-15 22:04:30 - [TEST_STEP][PASSED] - println("Parameter value(s) invalid: amount text is present on the Confirmation page"): null

2023-02-15 22:04:30 - [TEST_STEP][PASSED] - out.println("Pass Record Number: " + row): null

2023-02-15 22:04:30 - [TEST_STEP][PASSED] - resText = "Pass": null

2023-02-15 22:04:30 - [TEST_STEP][PASSED] - pages.WriteExcel.demoKey(resText, datText, resColumn, datCloumn, fileLoc, nameSheet, row): pages.WriteExcel.demoKey is PASSED

2023-02-15 22:04:30 - [MESSAGE][PASSED] - pages.WriteExcel.demoKey is PASSED

2023-02-15 22:04:30 - [TEST_STEP][PASSED] - ExecuteTC = findTestData(dataFile).getValue("Execute", row): null

2023-02-15 22:04:30 - [TEST_STEP][PASSED] - out.println("Value of Execute is : " + ExecuteTC): null

2023-02-15 22:04:30 - [TEST_STEP][PASSED] - switch (executionProfile): null

2023-02-15 22:04:30 - [TEST_STEP][PASSED] - case "QAProfile":: null

2023-02-15 22:04:30 - [TEST_STEP][PASSED] - appID = findTestData(dataFile).getValue("AppIDQA", row): null

2023-02-15 22:04:30 - [TEST_STEP][PASSED] - username = findTestData(dataFile).getValue("UsernameQA", row): null

2023-02-15 22:04:30 - [TEST_STEP][PASSED] - password = findTestData(dataFile).getValue("PasswordQA", row): null

2023-02-15 22:04:30 - [TEST_STEP][PASSED] - break: null

2023-02-15 22:04:30 - [TEST_STEP][PASSED] - if (ExecuteTC.equalsIgnoreCase("Y")): null

2023-02-15 22:04:30 - [TEST_STEP][PASSED] - out.println("Begin Record Number: " + row): null

2023-02-15 22:04:30 - [TEST_STEP][PASSED] - today = new java.util.Date(): null

2023-02-15 22:04:30 - [TEST_STEP][PASSED] - println(today): null

2023-02-15 22:04:30 - [TEST_STEP][PASSED] - datText = today: null

2023-02-15 22:04:30 - [TEST_STEP][PASSED] - category = findTestData(dataFile).getValue("Category", row): null

2023-02-15 22:04:30 - [TEST_STEP][PASSED] - amount = findTestData(dataFile).getValue("Amount", row): null

2023-02-15 22:04:30 - [TEST_STEP][PASSED] - cardNumber = findTestData(dataFile).getValue("CardNumber", row): null

2023-02-15 22:04:31 - [TEST_STEP][PASSED] - exM = findTestData(dataFile).getValue("ExM", row): null

2023-02-15 22:04:31 - [TEST_STEP][PASSED] - exY = findTestData(dataFile).getValue("ExY", row): null

2023-02-15 22:04:31 - [TEST_STEP][PASSED] - openBrowser(VLinkURL + "authcap.html"): Browser is opened with url: 'https://dev-algorithm.govolution.com/vlinktest/QA/version_2_0/authcap.html'

2023-02-15 22:04:31 - [MESSAGE][WARNING] - A browser is already opened. Closing browser and opening a new one

2023-02-15 22:04:32 - [MESSAGE][INFO] - Starting 'Chrome' driver

2023-02-15 22:04:32 - [MESSAGE][INFO] - User set preference: ['acceptInsecureCerts', 'true']

2023-02-15 22:04:32 - [MESSAGE][INFO] - Action delay is set to 0 milliseconds

2023-02-15 22:04:34 - [MESSAGE][PASSED] - Browser is opened with url: 'https://dev-algorithm.govolution.com/vlinktest/QA/version_2_0/authcap.html'

2023-02-15 22:04:34 - [TEST_STEP][PASSED] - maximizeWindow(): Current window maximized

2023-02-15 22:04:34 - [MESSAGE][PASSED] - Current window maximized

2023-02-15 22:04:34 - [TEST_STEP][PASSED] - maximizeWindow(): Current window maximized

2023-02-15 22:04:34 - [MESSAGE][PASSED] - Current window maximized

2023-02-15 22:04:34 - [TEST_STEP][PASSED] - genRemID = RandomStringUtils.random(12, true, true): null

2023-02-15 22:04:34 - [TEST_STEP][PASSED] - setText(findTestObject("Object Repository/RecAndPlayBk/Page-Vlink-Sale/input_Remittance Id_remittance_id"), genRemID): Text 'Jkcccyebev2N' is set on object 'Object Repository/RecAndPlayBk/Page-Vlink-Sale/input_Remittance Id_remittance_id'

2023-02-15 22:04:35 - [MESSAGE][PASSED] - Text 'Jkcccyebev2N' is set on object 'Object Repository/RecAndPlayBk/Page-Vlink-Sale/input_Remittance Id_remittance_id'

2023-02-15 22:04:35 - [TEST_STEP][PASSED] - setText(findTestObject("Object Repository/RecAndPlayBk/Page-Vlink-Sale/input_Application Id_application_id"), appID): Text '234' is set on object 'Object Repository/RecAndPlayBk/Page-Vlink-Sale/input_Application Id_application_id'

2023-02-15 22:04:36 - [MESSAGE][PASSED] - Text '234' is set on object 'Object Repository/RecAndPlayBk/Page-Vlink-Sale/input_Application Id_application_id'

2023-02-15 22:04:36 - [TEST_STEP][PASSED] - setText(findTestObject("Object Repository/RecAndPlayBk/Page-Vlink-Sale/input_Username_username"), username): Text 'username' is set on object 'Object Repository/RecAndPlayBk/Page-Vlink-Sale/input_Username_username'

2023-02-15 22:04:36 - [MESSAGE][PASSED] - Text 'username' is set on object 'Object Repository/RecAndPlayBk/Page-Vlink-Sale/input_Username_username'

2023-02-15 22:04:36 - [TEST_STEP][PASSED] - setText(findTestObject("Object Repository/RecAndPlayBk/Page-Vlink-Sale/input_Password_password"), password): Text 'password' is set on object 'Object Repository/RecAndPlayBk/Page-Vlink-Sale/input_Password_password'

2023-02-15 22:04:37 - [MESSAGE][PASSED] - Text 'password' is set on object 'Object Repository/RecAndPlayBk/Page-Vlink-Sale/input_Password_password'

2023-02-15 22:04:37 - [TEST_STEP][PASSED] - setText(findTestObject("Object Repository/RecAndPlayBk/Page-Vlink-Sale/input_Category_category"), category): Text 'RETL' is set on object 'Object Repository/RecAndPlayBk/Page-Vlink-Sale/input_Category_category'

2023-02-15 22:04:37 - [MESSAGE][PASSED] - Text 'RETL' is set on object 'Object Repository/RecAndPlayBk/Page-Vlink-Sale/input_Category_category'

2023-02-15 22:04:37 - [TEST_STEP][PASSED] - setText(findTestObject("Object Repository/RecAndPlayBk/Page-Vlink-Sale/input_Amount_amount"), amount): Text '0' is set on object 'Object Repository/RecAndPlayBk/Page-Vlink-Sale/input_Amount_amount'

2023-02-15 22:04:38 - [MESSAGE][PASSED] - Text '0' is set on object 'Object Repository/RecAndPlayBk/Page-Vlink-Sale/input_Amount_amount'

2023-02-15 22:04:38 - [TEST_STEP][PASSED] - setText(findTestObject("Object Repository/RecAndPlayBk/Page-Vlink-Sale/input_Card number_card_number"), cardNumber): Text '370000000000002' is set on object 'Object Repository/RecAndPlayBk/Page-Vlink-Sale/input_Card number_card_number'

2023-02-15 22:04:39 - [MESSAGE][PASSED] - Text '370000000000002' is set on object 'Object Repository/RecAndPlayBk/Page-Vlink-Sale/input_Card number_card_number'

2023-02-15 22:04:39 - [TEST_STEP][PASSED] - setText(findTestObject("Object Repository/RecAndPlayBk/Page-Vlink-Sale/input_Card ex month_card_exmo"), exM): Text '12' is set on object 'Object Repository/RecAndPlayBk/Page-Vlink-Sale/input_Card ex month_card_exmo'

2023-02-15 22:04:39 - [MESSAGE][PASSED] - Text '12' is set on object 'Object Repository/RecAndPlayBk/Page-Vlink-Sale/input_Card ex month_card_exmo'

2023-02-15 22:04:39 - [TEST_STEP][PASSED] - setText(findTestObject("Object Repository/RecAndPlayBk/Page-Vlink-Sale/input_Card ex year_card_exyr"), exY): Text '2029' is set on object 'Object Repository/RecAndPlayBk/Page-Vlink-Sale/input_Card ex year_card_exyr'

2023-02-15 22:04:40 - [MESSAGE][PASSED] - Text '2029' is set on object 'Object Repository/RecAndPlayBk/Page-Vlink-Sale/input_Card ex year_card_exyr'

2023-02-15 22:04:40 - [TEST_STEP][PASSED] - setText(findTestObject("Object Repository/RecAndPlayBk/Page-Vlink-Sale/input_Track Data_track_data"), ""): Text '' is set on object 'Object Repository/RecAndPlayBk/Page-Vlink-Sale/input_Track Data_track_data'

2023-02-15 22:04:40 - [MESSAGE][PASSED] - Text '' is set on object 'Object Repository/RecAndPlayBk/Page-Vlink-Sale/input_Track Data_track_data'

2023-02-15 22:04:40 - [TEST_STEP][PASSED] - setText(findTestObject("Object Repository/RecAndPlayBk/Page-Vlink-Sale/input_concat(Cardholder, , s email)_email"), ""): Text '' is set on object 'Object Repository/RecAndPlayBk/Page-Vlink-Sale/input_concat(Cardholder, , s email)_email'

2023-02-15 22:04:41 - [MESSAGE][PASSED] - Text '' is set on object 'Object Repository/RecAndPlayBk/Page-Vlink-Sale/input_concat(Cardholder, , s email)_email'

2023-02-15 22:04:41 - [TEST_STEP][PASSED] - click(findTestObject("Object Repository/RecAndPlayBk/Page-Vlink-Sale/input_user_defined10_user_defined10")): Object: 'Object Repository/RecAndPlayBk/Page-Vlink-Sale/input_user_defined10_user_defined10' is clicked on

2023-02-15 22:04:41 - [MESSAGE][PASSED] - Object: 'Object Repository/RecAndPlayBk/Page-Vlink-Sale/input_user_defined10_user_defined10' is clicked on

2023-02-15 22:04:41 - [TEST_STEP][PASSED] - if (executionProfile.equalsIgnoreCase("QAProfile") || executionProfile.equalsIgnoreCase("DemoProfile")): Text '' is set on object 'Object Repository/RecAndPlayBk/Page-Vlink-Sale/input_COF Transaction Initiated by_cof_tran_6cded5'

2023-02-15 22:04:41 - [TEST_STEP][PASSED] - setText(findTestObject("Object Repository/RecAndPlayBk/Page-Vlink-Sale/input_Card on File Indicator_card_on_file_i_157dae"), ""): Text '' is set on object 'Object Repository/RecAndPlayBk/Page-Vlink-Sale/input_Card on File Indicator_card_on_file_i_157dae'

2023-02-15 22:04:42 - [MESSAGE][PASSED] - Text '' is set on object 'Object Repository/RecAndPlayBk/Page-Vlink-Sale/input_Card on File Indicator_card_on_file_i_157dae'

2023-02-15 22:04:42 - [TEST_STEP][PASSED] - setText(findTestObject("Object Repository/RecAndPlayBk/Page-Vlink-Sale/input_Stored Credential Indicator_stored_cr_4ae73c"), ""): Text '' is set on object 'Object Repository/RecAndPlayBk/Page-Vlink-Sale/input_Stored Credential Indicator_stored_cr_4ae73c'

2023-02-15 22:04:43 - [MESSAGE][PASSED] - Text '' is set on object 'Object Repository/RecAndPlayBk/Page-Vlink-Sale/input_Stored Credential Indicator_stored_cr_4ae73c'

2023-02-15 22:04:43 - [TEST_STEP][PASSED] - setText(findTestObject("Object Repository/RecAndPlayBk/Page-Vlink-Sale/input_COF Scheduled indicator_cof_scheduled_8df7d8"), ""): Text '' is set on object 'Object Repository/RecAndPlayBk/Page-Vlink-Sale/input_COF Scheduled indicator_cof_scheduled_8df7d8'

2023-02-15 22:04:43 - [MESSAGE][PASSED] - Text '' is set on object 'Object Repository/RecAndPlayBk/Page-Vlink-Sale/input_COF Scheduled indicator_cof_scheduled_8df7d8'

2023-02-15 22:04:43 - [TEST_STEP][PASSED] - setText(findTestObject("Object Repository/RecAndPlayBk/Page-Vlink-Sale/input_COF Transaction Initiated by_cof_tran_6cded5"), ""): Text '' is set on object 'Object Repository/RecAndPlayBk/Page-Vlink-Sale/input_COF Transaction Initiated by_cof_tran_6cded5'

2023-02-15 22:04:44 - [MESSAGE][PASSED] - Text '' is set on object 'Object Repository/RecAndPlayBk/Page-Vlink-Sale/input_COF Transaction Initiated by_cof_tran_6cded5'

2023-02-15 22:04:44 - [TEST_STEP][PASSED] - click(findTestObject("Object Repository/RecAndPlayBk/Page-Vlink-Sale/input")): Object: 'Object Repository/RecAndPlayBk/Page-Vlink-Sale/input' is clicked on

2023-02-15 22:04:45 - [MESSAGE][PASSED] - Object: 'Object Repository/RecAndPlayBk/Page-Vlink-Sale/input' is clicked on

2023-02-15 22:04:45 - [TEST_STEP][PASSED] - if (verifyTextPresent("invalid: amount", true)): null

2023-02-15 22:04:45 - [MESSAGE][PASSED] - Text 'invalid: amount' is present on page  using regular expression

2023-02-15 22:04:45 - [TEST_STEP][PASSED] - println("Parameter value(s) invalid: amount text is present on the Confirmation page"): null

2023-02-15 22:04:45 - [TEST_STEP][PASSED] - out.println("Pass Record Number: " + row): null

2023-02-15 22:04:45 - [TEST_STEP][PASSED] - resText = "Pass": null

2023-02-15 22:04:45 - [TEST_STEP][PASSED] - pages.WriteExcel.demoKey(resText, datText, resColumn, datCloumn, fileLoc, nameSheet, row): pages.WriteExcel.demoKey is PASSED

2023-02-15 22:04:45 - [MESSAGE][PASSED] - pages.WriteExcel.demoKey is PASSED

2023-02-15 22:04:45 - [TEST_STEP][PASSED] - ExecuteTC = findTestData(dataFile).getValue("Execute", row): null

2023-02-15 22:04:45 - [TEST_STEP][PASSED] - out.println("Value of Execute is : " + ExecuteTC): null

2023-02-15 22:04:45 - [TEST_STEP][PASSED] - switch (executionProfile): null

2023-02-15 22:04:45 - [TEST_STEP][PASSED] - case "QAProfile":: null

2023-02-15 22:04:45 - [TEST_STEP][PASSED] - appID = findTestData(dataFile).getValue("AppIDQA", row): null

2023-02-15 22:04:45 - [TEST_STEP][PASSED] - username = findTestData(dataFile).getValue("UsernameQA", row): null

2023-02-15 22:04:45 - [TEST_STEP][PASSED] - password = findTestData(dataFile).getValue("PasswordQA", row): null

2023-02-15 22:04:45 - [TEST_STEP][PASSED] - break: null

2023-02-15 22:04:45 - [TEST_STEP][PASSED] - if (ExecuteTC.equalsIgnoreCase("Y")): null

2023-02-15 22:04:45 - [TEST_STEP][PASSED] - out.println("Begin Record Number: " + row): null

2023-02-15 22:04:45 - [TEST_STEP][PASSED] - today = new java.util.Date(): null

2023-02-15 22:04:45 - [TEST_STEP][PASSED] - println(today): null

2023-02-15 22:04:45 - [TEST_STEP][PASSED] - datText = today: null

2023-02-15 22:04:45 - [TEST_STEP][PASSED] - category = findTestData(dataFile).getValue("Category", row): null

2023-02-15 22:04:45 - [TEST_STEP][PASSED] - amount = findTestData(dataFile).getValue("Amount", row): null

2023-02-15 22:04:46 - [TEST_STEP][PASSED] - cardNumber = findTestData(dataFile).getValue("CardNumber", row): null

2023-02-15 22:04:46 - [TEST_STEP][PASSED] - exM = findTestData(dataFile).getValue("ExM", row): null

2023-02-15 22:04:46 - [TEST_STEP][PASSED] - exY = findTestData(dataFile).getValue("ExY", row): null

2023-02-15 22:04:46 - [TEST_STEP][PASSED] - openBrowser(VLinkURL + "authcap.html"): Browser is opened with url: 'https://dev-algorithm.govolution.com/vlinktest/QA/version_2_0/authcap.html'

2023-02-15 22:04:46 - [MESSAGE][WARNING] - A browser is already opened. Closing browser and opening a new one

2023-02-15 22:04:47 - [MESSAGE][INFO] - Starting 'Chrome' driver

2023-02-15 22:04:47 - [MESSAGE][INFO] - User set preference: ['acceptInsecureCerts', 'true']

2023-02-15 22:04:47 - [MESSAGE][INFO] - Action delay is set to 0 milliseconds

2023-02-15 22:04:49 - [MESSAGE][PASSED] - Browser is opened with url: 'https://dev-algorithm.govolution.com/vlinktest/QA/version_2_0/authcap.html'

2023-02-15 22:04:49 - [TEST_STEP][PASSED] - maximizeWindow(): Current window maximized

2023-02-15 22:04:49 - [MESSAGE][PASSED] - Current window maximized

2023-02-15 22:04:49 - [TEST_STEP][PASSED] - maximizeWindow(): Current window maximized

2023-02-15 22:04:49 - [MESSAGE][PASSED] - Current window maximized

2023-02-15 22:04:49 - [TEST_STEP][PASSED] - genRemID = RandomStringUtils.random(12, true, true): null

2023-02-15 22:04:49 - [TEST_STEP][PASSED] - setText(findTestObject("Object Repository/RecAndPlayBk/Page-Vlink-Sale/input_Remittance Id_remittance_id"), genRemID): Text '3z4xW0igkQPO' is set on object 'Object Repository/RecAndPlayBk/Page-Vlink-Sale/input_Remittance Id_remittance_id'

2023-02-15 22:04:49 - [MESSAGE][PASSED] - Text '3z4xW0igkQPO' is set on object 'Object Repository/RecAndPlayBk/Page-Vlink-Sale/input_Remittance Id_remittance_id'

2023-02-15 22:04:49 - [TEST_STEP][PASSED] - setText(findTestObject("Object Repository/RecAndPlayBk/Page-Vlink-Sale/input_Application Id_application_id"), appID): Text '87' is set on object 'Object Repository/RecAndPlayBk/Page-Vlink-Sale/input_Application Id_application_id'

2023-02-15 22:04:50 - [MESSAGE][PASSED] - Text '87' is set on object 'Object Repository/RecAndPlayBk/Page-Vlink-Sale/input_Application Id_application_id'

2023-02-15 22:04:50 - [TEST_STEP][PASSED] - setText(findTestObject("Object Repository/RecAndPlayBk/Page-Vlink-Sale/input_Username_username"), username): Text 'username' is set on object 'Object Repository/RecAndPlayBk/Page-Vlink-Sale/input_Username_username'

2023-02-15 22:04:51 - [MESSAGE][PASSED] - Text 'username' is set on object 'Object Repository/RecAndPlayBk/Page-Vlink-Sale/input_Username_username'

2023-02-15 22:04:51 - [TEST_STEP][PASSED] - setText(findTestObject("Object Repository/RecAndPlayBk/Page-Vlink-Sale/input_Password_password"), password): Text 'password' is set on object 'Object Repository/RecAndPlayBk/Page-Vlink-Sale/input_Password_password'

2023-02-15 22:04:51 - [MESSAGE][PASSED] - Text 'password' is set on object 'Object Repository/RecAndPlayBk/Page-Vlink-Sale/input_Password_password'

2023-02-15 22:04:51 - [TEST_STEP][PASSED] - setText(findTestObject("Object Repository/RecAndPlayBk/Page-Vlink-Sale/input_Category_category"), category): Text 'ECOM' is set on object 'Object Repository/RecAndPlayBk/Page-Vlink-Sale/input_Category_category'

2023-02-15 22:04:52 - [MESSAGE][PASSED] - Text 'ECOM' is set on object 'Object Repository/RecAndPlayBk/Page-Vlink-Sale/input_Category_category'

2023-02-15 22:04:52 - [TEST_STEP][PASSED] - setText(findTestObject("Object Repository/RecAndPlayBk/Page-Vlink-Sale/input_Amount_amount"), amount): Text '0' is set on object 'Object Repository/RecAndPlayBk/Page-Vlink-Sale/input_Amount_amount'

2023-02-15 22:04:53 - [MESSAGE][PASSED] - Text '0' is set on object 'Object Repository/RecAndPlayBk/Page-Vlink-Sale/input_Amount_amount'

2023-02-15 22:04:53 - [TEST_STEP][PASSED] - setText(findTestObject("Object Repository/RecAndPlayBk/Page-Vlink-Sale/input_Card number_card_number"), cardNumber): Text '4012000098765439' is set on object 'Object Repository/RecAndPlayBk/Page-Vlink-Sale/input_Card number_card_number'

2023-02-15 22:04:53 - [MESSAGE][PASSED] - Text '4012000098765439' is set on object 'Object Repository/RecAndPlayBk/Page-Vlink-Sale/input_Card number_card_number'

2023-02-15 22:04:53 - [TEST_STEP][PASSED] - setText(findTestObject("Object Repository/RecAndPlayBk/Page-Vlink-Sale/input_Card ex month_card_exmo"), exM): Text '12' is set on object 'Object Repository/RecAndPlayBk/Page-Vlink-Sale/input_Card ex month_card_exmo'

2023-02-15 22:04:54 - [MESSAGE][PASSED] - Text '12' is set on object 'Object Repository/RecAndPlayBk/Page-Vlink-Sale/input_Card ex month_card_exmo'

2023-02-15 22:04:54 - [TEST_STEP][PASSED] - setText(findTestObject("Object Repository/RecAndPlayBk/Page-Vlink-Sale/input_Card ex year_card_exyr"), exY): Text '2029' is set on object 'Object Repository/RecAndPlayBk/Page-Vlink-Sale/input_Card ex year_card_exyr'

2023-02-15 22:04:54 - [MESSAGE][PASSED] - Text '2029' is set on object 'Object Repository/RecAndPlayBk/Page-Vlink-Sale/input_Card ex year_card_exyr'

2023-02-15 22:04:54 - [TEST_STEP][PASSED] - setText(findTestObject("Object Repository/RecAndPlayBk/Page-Vlink-Sale/input_Track Data_track_data"), ""): Text '' is set on object 'Object Repository/RecAndPlayBk/Page-Vlink-Sale/input_Track Data_track_data'

2023-02-15 22:04:55 - [MESSAGE][PASSED] - Text '' is set on object 'Object Repository/RecAndPlayBk/Page-Vlink-Sale/input_Track Data_track_data'

2023-02-15 22:04:55 - [TEST_STEP][PASSED] - setText(findTestObject("Object Repository/RecAndPlayBk/Page-Vlink-Sale/input_concat(Cardholder, , s email)_email"), ""): Text '' is set on object 'Object Repository/RecAndPlayBk/Page-Vlink-Sale/input_concat(Cardholder, , s email)_email'

2023-02-15 22:04:56 - [MESSAGE][PASSED] - Text '' is set on object 'Object Repository/RecAndPlayBk/Page-Vlink-Sale/input_concat(Cardholder, , s email)_email'

2023-02-15 22:04:56 - [TEST_STEP][PASSED] - click(findTestObject("Object Repository/RecAndPlayBk/Page-Vlink-Sale/input_user_defined10_user_defined10")): Object: 'Object Repository/RecAndPlayBk/Page-Vlink-Sale/input_user_defined10_user_defined10' is clicked on

2023-02-15 22:04:56 - [MESSAGE][PASSED] - Object: 'Object Repository/RecAndPlayBk/Page-Vlink-Sale/input_user_defined10_user_defined10' is clicked on

2023-02-15 22:04:56 - [TEST_STEP][PASSED] - if (executionProfile.equalsIgnoreCase("QAProfile") || executionProfile.equalsIgnoreCase("DemoProfile")): Text '' is set on object 'Object Repository/RecAndPlayBk/Page-Vlink-Sale/input_COF Transaction Initiated by_cof_tran_6cded5'

2023-02-15 22:04:56 - [TEST_STEP][PASSED] - setText(findTestObject("Object Repository/RecAndPlayBk/Page-Vlink-Sale/input_Card on File Indicator_card_on_file_i_157dae"), ""): Text '' is set on object 'Object Repository/RecAndPlayBk/Page-Vlink-Sale/input_Card on File Indicator_card_on_file_i_157dae'

2023-02-15 22:04:57 - [MESSAGE][PASSED] - Text '' is set on object 'Object Repository/RecAndPlayBk/Page-Vlink-Sale/input_Card on File Indicator_card_on_file_i_157dae'

2023-02-15 22:04:57 - [TEST_STEP][PASSED] - setText(findTestObject("Object Repository/RecAndPlayBk/Page-Vlink-Sale/input_Stored Credential Indicator_stored_cr_4ae73c"), ""): Text '' is set on object 'Object Repository/RecAndPlayBk/Page-Vlink-Sale/input_Stored Credential Indicator_stored_cr_4ae73c'

2023-02-15 22:04:57 - [MESSAGE][PASSED] - Text '' is set on object 'Object Repository/RecAndPlayBk/Page-Vlink-Sale/input_Stored Credential Indicator_stored_cr_4ae73c'

2023-02-15 22:04:57 - [TEST_STEP][PASSED] - setText(findTestObject("Object Repository/RecAndPlayBk/Page-Vlink-Sale/input_COF Scheduled indicator_cof_scheduled_8df7d8"), ""): Text '' is set on object 'Object Repository/RecAndPlayBk/Page-Vlink-Sale/input_COF Scheduled indicator_cof_scheduled_8df7d8'

2023-02-15 22:04:58 - [MESSAGE][PASSED] - Text '' is set on object 'Object Repository/RecAndPlayBk/Page-Vlink-Sale/input_COF Scheduled indicator_cof_scheduled_8df7d8'

2023-02-15 22:04:58 - [TEST_STEP][PASSED] - setText(findTestObject("Object Repository/RecAndPlayBk/Page-Vlink-Sale/input_COF Transaction Initiated by_cof_tran_6cded5"), ""): Text '' is set on object 'Object Repository/RecAndPlayBk/Page-Vlink-Sale/input_COF Transaction Initiated by_cof_tran_6cded5'

2023-02-15 22:04:59 - [MESSAGE][PASSED] - Text '' is set on object 'Object Repository/RecAndPlayBk/Page-Vlink-Sale/input_COF Transaction Initiated by_cof_tran_6cded5'

2023-02-15 22:04:59 - [TEST_STEP][PASSED] - click(findTestObject("Object Repository/RecAndPlayBk/Page-Vlink-Sale/input")): Object: 'Object Repository/RecAndPlayBk/Page-Vlink-Sale/input' is clicked on

2023-02-15 22:04:59 - [MESSAGE][PASSED] - Object: 'Object Repository/RecAndPlayBk/Page-Vlink-Sale/input' is clicked on

2023-02-15 22:04:59 - [TEST_STEP][PASSED] - if (verifyTextPresent("invalid: amount", true)): null

2023-02-15 22:04:59 - [MESSAGE][PASSED] - Text 'invalid: amount' is present on page  using regular expression

2023-02-15 22:04:59 - [TEST_STEP][PASSED] - println("Parameter value(s) invalid: amount text is present on the Confirmation page"): null

2023-02-15 22:04:59 - [TEST_STEP][PASSED] - out.println("Pass Record Number: " + row): null

2023-02-15 22:04:59 - [TEST_STEP][PASSED] - resText = "Pass": null

2023-02-15 22:04:59 - [TEST_STEP][PASSED] - pages.WriteExcel.demoKey(resText, datText, resColumn, datCloumn, fileLoc, nameSheet, row): pages.WriteExcel.demoKey is PASSED

2023-02-15 22:05:00 - [MESSAGE][PASSED] - pages.WriteExcel.demoKey is PASSED

2023-02-15 22:05:00 - [TEST_STEP][PASSED] - ExecuteTC = findTestData(dataFile).getValue("Execute", row): null

2023-02-15 22:05:00 - [TEST_STEP][PASSED] - out.println("Value of Execute is : " + ExecuteTC): null

2023-02-15 22:05:00 - [TEST_STEP][PASSED] - switch (executionProfile): null

2023-02-15 22:05:00 - [TEST_STEP][PASSED] - case "QAProfile":: null

2023-02-15 22:05:00 - [TEST_STEP][PASSED] - appID = findTestData(dataFile).getValue("AppIDQA", row): null

2023-02-15 22:05:00 - [TEST_STEP][PASSED] - username = findTestData(dataFile).getValue("UsernameQA", row): null

2023-02-15 22:05:00 - [TEST_STEP][PASSED] - password = findTestData(dataFile).getValue("PasswordQA", row): null

2023-02-15 22:05:00 - [TEST_STEP][PASSED] - break: null

2023-02-15 22:05:00 - [TEST_STEP][PASSED] - if (ExecuteTC.equalsIgnoreCase("Y")): null

2023-02-15 22:05:00 - [TEST_STEP][PASSED] - out.println("Begin Record Number: " + row): null

2023-02-15 22:05:00 - [TEST_STEP][PASSED] - today = new java.util.Date(): null

2023-02-15 22:05:00 - [TEST_STEP][PASSED] - println(today): null

2023-02-15 22:05:00 - [TEST_STEP][PASSED] - datText = today: null

2023-02-15 22:05:00 - [TEST_STEP][PASSED] - category = findTestData(dataFile).getValue("Category", row): null

2023-02-15 22:05:00 - [TEST_STEP][PASSED] - amount = findTestData(dataFile).getValue("Amount", row): null

2023-02-15 22:05:00 - [TEST_STEP][PASSED] - cardNumber = findTestData(dataFile).getValue("CardNumber", row): null

2023-02-15 22:05:00 - [TEST_STEP][PASSED] - exM = findTestData(dataFile).getValue("ExM", row): null

2023-02-15 22:05:00 - [TEST_STEP][PASSED] - exY = findTestData(dataFile).getValue("ExY", row): null

2023-02-15 22:05:00 - [TEST_STEP][PASSED] - openBrowser(VLinkURL + "authcap.html"): Browser is opened with url: 'https://dev-algorithm.govolution.com/vlinktest/QA/version_2_0/authcap.html'

2023-02-15 22:05:00 - [MESSAGE][WARNING] - A browser is already opened. Closing browser and opening a new one

2023-02-15 22:05:01 - [MESSAGE][INFO] - Starting 'Chrome' driver

2023-02-15 22:05:01 - [MESSAGE][INFO] - User set preference: ['acceptInsecureCerts', 'true']

2023-02-15 22:05:01 - [MESSAGE][INFO] - Action delay is set to 0 milliseconds

2023-02-15 22:05:03 - [MESSAGE][PASSED] - Browser is opened with url: 'https://dev-algorithm.govolution.com/vlinktest/QA/version_2_0/authcap.html'

2023-02-15 22:05:03 - [TEST_STEP][PASSED] - maximizeWindow(): Current window maximized

2023-02-15 22:05:03 - [MESSAGE][PASSED] - Current window maximized

2023-02-15 22:05:03 - [TEST_STEP][PASSED] - maximizeWindow(): Current window maximized

2023-02-15 22:05:03 - [MESSAGE][PASSED] - Current window maximized

2023-02-15 22:05:03 - [TEST_STEP][PASSED] - genRemID = RandomStringUtils.random(12, true, true): null

2023-02-15 22:05:03 - [TEST_STEP][PASSED] - setText(findTestObject("Object Repository/RecAndPlayBk/Page-Vlink-Sale/input_Remittance Id_remittance_id"), genRemID): Text 'ZdWXZdtY63YK' is set on object 'Object Repository/RecAndPlayBk/Page-Vlink-Sale/input_Remittance Id_remittance_id'

2023-02-15 22:05:04 - [MESSAGE][PASSED] - Text 'ZdWXZdtY63YK' is set on object 'Object Repository/RecAndPlayBk/Page-Vlink-Sale/input_Remittance Id_remittance_id'

2023-02-15 22:05:04 - [TEST_STEP][PASSED] - setText(findTestObject("Object Repository/RecAndPlayBk/Page-Vlink-Sale/input_Application Id_application_id"), appID): Text '581' is set on object 'Object Repository/RecAndPlayBk/Page-Vlink-Sale/input_Application Id_application_id'

2023-02-15 22:05:05 - [MESSAGE][PASSED] - Text '581' is set on object 'Object Repository/RecAndPlayBk/Page-Vlink-Sale/input_Application Id_application_id'

2023-02-15 22:05:05 - [TEST_STEP][PASSED] - setText(findTestObject("Object Repository/RecAndPlayBk/Page-Vlink-Sale/input_Username_username"), username): Text 'usr581' is set on object 'Object Repository/RecAndPlayBk/Page-Vlink-Sale/input_Username_username'

2023-02-15 22:05:05 - [MESSAGE][PASSED] - Text 'usr581' is set on object 'Object Repository/RecAndPlayBk/Page-Vlink-Sale/input_Username_username'

2023-02-15 22:05:05 - [TEST_STEP][PASSED] - setText(findTestObject("Object Repository/RecAndPlayBk/Page-Vlink-Sale/input_Password_password"), password): Text 'pwd581' is set on object 'Object Repository/RecAndPlayBk/Page-Vlink-Sale/input_Password_password'

2023-02-15 22:05:06 - [MESSAGE][PASSED] - Text 'pwd581' is set on object 'Object Repository/RecAndPlayBk/Page-Vlink-Sale/input_Password_password'

2023-02-15 22:05:06 - [TEST_STEP][PASSED] - setText(findTestObject("Object Repository/RecAndPlayBk/Page-Vlink-Sale/input_Category_category"), category): Text 'ECOM' is set on object 'Object Repository/RecAndPlayBk/Page-Vlink-Sale/input_Category_category'

2023-02-15 22:05:07 - [MESSAGE][PASSED] - Text 'ECOM' is set on object 'Object Repository/RecAndPlayBk/Page-Vlink-Sale/input_Category_category'

2023-02-15 22:05:07 - [TEST_STEP][PASSED] - setText(findTestObject("Object Repository/RecAndPlayBk/Page-Vlink-Sale/input_Amount_amount"), amount): Text '0' is set on object 'Object Repository/RecAndPlayBk/Page-Vlink-Sale/input_Amount_amount'

2023-02-15 22:05:07 - [MESSAGE][PASSED] - Text '0' is set on object 'Object Repository/RecAndPlayBk/Page-Vlink-Sale/input_Amount_amount'

2023-02-15 22:05:07 - [TEST_STEP][PASSED] - setText(findTestObject("Object Repository/RecAndPlayBk/Page-Vlink-Sale/input_Card number_card_number"), cardNumber): Text '5146312200000035' is set on object 'Object Repository/RecAndPlayBk/Page-Vlink-Sale/input_Card number_card_number'

2023-02-15 22:05:08 - [MESSAGE][PASSED] - Text '5146312200000035' is set on object 'Object Repository/RecAndPlayBk/Page-Vlink-Sale/input_Card number_card_number'

2023-02-15 22:05:08 - [TEST_STEP][PASSED] - setText(findTestObject("Object Repository/RecAndPlayBk/Page-Vlink-Sale/input_Card ex month_card_exmo"), exM): Text '12' is set on object 'Object Repository/RecAndPlayBk/Page-Vlink-Sale/input_Card ex month_card_exmo'

2023-02-15 22:05:08 - [MESSAGE][PASSED] - Text '12' is set on object 'Object Repository/RecAndPlayBk/Page-Vlink-Sale/input_Card ex month_card_exmo'

2023-02-15 22:05:08 - [TEST_STEP][PASSED] - setText(findTestObject("Object Repository/RecAndPlayBk/Page-Vlink-Sale/input_Card ex year_card_exyr"), exY): Text '2029' is set on object 'Object Repository/RecAndPlayBk/Page-Vlink-Sale/input_Card ex year_card_exyr'

2023-02-15 22:05:09 - [MESSAGE][PASSED] - Text '2029' is set on object 'Object Repository/RecAndPlayBk/Page-Vlink-Sale/input_Card ex year_card_exyr'

2023-02-15 22:05:09 - [TEST_STEP][PASSED] - setText(findTestObject("Object Repository/RecAndPlayBk/Page-Vlink-Sale/input_Track Data_track_data"), ""): Text '' is set on object 'Object Repository/RecAndPlayBk/Page-Vlink-Sale/input_Track Data_track_data'

2023-02-15 22:05:10 - [MESSAGE][PASSED] - Text '' is set on object 'Object Repository/RecAndPlayBk/Page-Vlink-Sale/input_Track Data_track_data'

2023-02-15 22:05:10 - [TEST_STEP][PASSED] - setText(findTestObject("Object Repository/RecAndPlayBk/Page-Vlink-Sale/input_concat(Cardholder, , s email)_email"), ""): Text '' is set on object 'Object Repository/RecAndPlayBk/Page-Vlink-Sale/input_concat(Cardholder, , s email)_email'

2023-02-15 22:05:10 - [MESSAGE][PASSED] - Text '' is set on object 'Object Repository/RecAndPlayBk/Page-Vlink-Sale/input_concat(Cardholder, , s email)_email'

2023-02-15 22:05:10 - [TEST_STEP][PASSED] - click(findTestObject("Object Repository/RecAndPlayBk/Page-Vlink-Sale/input_user_defined10_user_defined10")): Object: 'Object Repository/RecAndPlayBk/Page-Vlink-Sale/input_user_defined10_user_defined10' is clicked on

2023-02-15 22:05:11 - [MESSAGE][PASSED] - Object: 'Object Repository/RecAndPlayBk/Page-Vlink-Sale/input_user_defined10_user_defined10' is clicked on

2023-02-15 22:05:11 - [TEST_STEP][PASSED] - if (executionProfile.equalsIgnoreCase("QAProfile") || executionProfile.equalsIgnoreCase("DemoProfile")): Text '' is set on object 'Object Repository/RecAndPlayBk/Page-Vlink-Sale/input_COF Transaction Initiated by_cof_tran_6cded5'

2023-02-15 22:05:11 - [TEST_STEP][PASSED] - setText(findTestObject("Object Repository/RecAndPlayBk/Page-Vlink-Sale/input_Card on File Indicator_card_on_file_i_157dae"), ""): Text '' is set on object 'Object Repository/RecAndPlayBk/Page-Vlink-Sale/input_Card on File Indicator_card_on_file_i_157dae'

2023-02-15 22:05:11 - [MESSAGE][PASSED] - Text '' is set on object 'Object Repository/RecAndPlayBk/Page-Vlink-Sale/input_Card on File Indicator_card_on_file_i_157dae'

2023-02-15 22:05:11 - [TEST_STEP][PASSED] - setText(findTestObject("Object Repository/RecAndPlayBk/Page-Vlink-Sale/input_Stored Credential Indicator_stored_cr_4ae73c"), ""): Text '' is set on object 'Object Repository/RecAndPlayBk/Page-Vlink-Sale/input_Stored Credential Indicator_stored_cr_4ae73c'

2023-02-15 22:05:12 - [MESSAGE][PASSED] - Text '' is set on object 'Object Repository/RecAndPlayBk/Page-Vlink-Sale/input_Stored Credential Indicator_stored_cr_4ae73c'

2023-02-15 22:05:12 - [TEST_STEP][PASSED] - setText(findTestObject("Object Repository/RecAndPlayBk/Page-Vlink-Sale/input_COF Scheduled indicator_cof_scheduled_8df7d8"), ""): Text '' is set on object 'Object Repository/RecAndPlayBk/Page-Vlink-Sale/input_COF Scheduled indicator_cof_scheduled_8df7d8'

2023-02-15 22:05:12 - [MESSAGE][PASSED] - Text '' is set on object 'Object Repository/RecAndPlayBk/Page-Vlink-Sale/input_COF Scheduled indicator_cof_scheduled_8df7d8'

2023-02-15 22:05:12 - [TEST_STEP][PASSED] - setText(findTestObject("Object Repository/RecAndPlayBk/Page-Vlink-Sale/input_COF Transaction Initiated by_cof_tran_6cded5"), ""): Text '' is set on object 'Object Repository/RecAndPlayBk/Page-Vlink-Sale/input_COF Transaction Initiated by_cof_tran_6cded5'

2023-02-15 22:05:13 - [MESSAGE][PASSED] - Text '' is set on object 'Object Repository/RecAndPlayBk/Page-Vlink-Sale/input_COF Transaction Initiated by_cof_tran_6cded5'

2023-02-15 22:05:13 - [TEST_STEP][PASSED] - click(findTestObject("Object Repository/RecAndPlayBk/Page-Vlink-Sale/input")): Object: 'Object Repository/RecAndPlayBk/Page-Vlink-Sale/input' is clicked on

2023-02-15 22:05:14 - [MESSAGE][PASSED] - Object: 'Object Repository/RecAndPlayBk/Page-Vlink-Sale/input' is clicked on

2023-02-15 22:05:14 - [TEST_STEP][PASSED] - if (verifyTextPresent("invalid: amount", true)): null

2023-02-15 22:05:14 - [MESSAGE][PASSED] - Text 'invalid: amount' is present on page  using regular expression

2023-02-15 22:05:14 - [TEST_STEP][PASSED] - println("Parameter value(s) invalid: amount text is present on the Confirmation page"): null

2023-02-15 22:05:14 - [TEST_STEP][PASSED] - out.println("Pass Record Number: " + row): null

2023-02-15 22:05:14 - [TEST_STEP][PASSED] - resText = "Pass": null

2023-02-15 22:05:14 - [TEST_STEP][PASSED] - pages.WriteExcel.demoKey(resText, datText, resColumn, datCloumn, fileLoc, nameSheet, row): pages.WriteExcel.demoKey is PASSED

2023-02-15 22:05:14 - [MESSAGE][PASSED] - pages.WriteExcel.demoKey is PASSED]]></system-out>
         <system-err><![CDATA[]]></system-err>
      </testcase>
      <testcase name="Test Cases/RecAndPlayBk/VLink/Sale-Void-NoTranxID" time="122.148" classname="Test Cases/RecAndPlayBk/VLink/Sale-Void-NoTranxID" status="FAILED">
         <failure type="FAILED" message="Test Cases/RecAndPlayBk/VLink/Sale-Void-NoTranxID FAILED.
Reason:
com.kms.katalon.core.exception.StepFailedException: Text 'Transaction approved, no errors' is not present on page  using regular expression (Root cause: com.kms.katalon.core.exception.StepFailedException: Text 'Transaction approved, no errors' is not present on page  using regular expression
	at com.kms.katalon.core.webui.keyword.internal.WebUIKeywordMain.stepFailed(WebUIKeywordMain.groovy:64)
	at com.kms.katalon.core.webui.keyword.builtin.VerifyTextPresentKeyword$_verifyTextPresent_closure1.doCall(VerifyTextPresentKeyword.groovy:79)
	at com.kms.katalon.core.webui.keyword.builtin.VerifyTextPresentKeyword$_verifyTextPresent_closure1.call(VerifyTextPresentKeyword.groovy)
	at com.kms.katalon.core.webui.keyword.internal.WebUIKeywordMain.runKeyword(WebUIKeywordMain.groovy:20)
	at com.kms.katalon.core.webui.keyword.builtin.VerifyTextPresentKeyword.verifyTextPresent(VerifyTextPresentKeyword.groovy:83)
	at com.kms.katalon.core.webui.keyword.builtin.VerifyTextPresentKeyword.execute(VerifyTextPresentKeyword.groovy:68)
	at com.kms.katalon.core.keyword.internal.KeywordExecutor.executeKeywordForPlatform(KeywordExecutor.groovy:74)
	at com.kms.katalon.core.webui.keyword.WebUiBuiltInKeywords.verifyTextPresent(WebUiBuiltInKeywords.groovy:1723)
	at com.kms.katalon.core.webui.keyword.WebUiBuiltInKeywords$verifyTextPresent$4.call(Unknown Source)
	at Sale-Void-NoTranxID.run(Sale-Void-NoTranxID:155)
	at com.kms.katalon.core.main.ScriptEngine.run(ScriptEngine.java:194)
	at com.kms.katalon.core.main.ScriptEngine.runScriptAsRawText(ScriptEngine.java:119)
	at com.kms.katalon.core.main.TestCaseExecutor.runScript(TestCaseExecutor.java:442)
	at com.kms.katalon.core.main.TestCaseExecutor.doExecute(TestCaseExecutor.java:433)
	at com.kms.katalon.core.main.TestCaseExecutor.processExecutionPhase(TestCaseExecutor.java:412)
	at com.kms.katalon.core.main.TestCaseExecutor.accessMainPhase(TestCaseExecutor.java:404)
	at com.kms.katalon.core.main.TestCaseExecutor.execute(TestCaseExecutor.java:281)
	at com.kms.katalon.core.main.TestSuiteExecutor.accessTestCaseMainPhase(TestSuiteExecutor.java:202)
	at com.kms.katalon.core.main.TestSuiteExecutor.accessTestSuiteMainPhase(TestSuiteExecutor.java:164)
	at com.kms.katalon.core.main.TestSuiteExecutor.execute(TestSuiteExecutor.java:105)
	at com.kms.katalon.core.main.TestCaseMain.startTestSuite(TestCaseMain.java:185)
	at com.kms.katalon.core.main.TestCaseMain$startTestSuite$0.call(Unknown Source)
	at TempTestSuite1676515943031.run(TempTestSuite1676515943031.groovy:36)
)
	at com.kms.katalon.core.keyword.internal.KeywordMain.stepFailed(KeywordMain.groovy:39)
	at com.kms.katalon.core.webui.keyword.internal.WebUIKeywordMain.stepFailed(WebUIKeywordMain.groovy:64)
	at com.kms.katalon.core.webui.keyword.builtin.VerifyTextPresentKeyword$_verifyTextPresent_closure1.doCall(VerifyTextPresentKeyword.groovy:79)
	at com.kms.katalon.core.webui.keyword.builtin.VerifyTextPresentKeyword$_verifyTextPresent_closure1.call(VerifyTextPresentKeyword.groovy)
	at com.kms.katalon.core.webui.keyword.internal.WebUIKeywordMain.runKeyword(WebUIKeywordMain.groovy:20)
	at com.kms.katalon.core.webui.keyword.builtin.VerifyTextPresentKeyword.verifyTextPresent(VerifyTextPresentKeyword.groovy:83)
	at com.kms.katalon.core.webui.keyword.builtin.VerifyTextPresentKeyword.execute(VerifyTextPresentKeyword.groovy:68)
	at com.kms.katalon.core.keyword.internal.KeywordExecutor.executeKeywordForPlatform(KeywordExecutor.groovy:74)
	at com.kms.katalon.core.webui.keyword.WebUiBuiltInKeywords.verifyTextPresent(WebUiBuiltInKeywords.groovy:1723)
	at com.kms.katalon.core.webui.keyword.WebUiBuiltInKeywords$verifyTextPresent$4.call(Unknown Source)
	at Sale-Void-NoTranxID.run(Sale-Void-NoTranxID:155)
	at com.kms.katalon.core.main.ScriptEngine.run(ScriptEngine.java:194)
	at com.kms.katalon.core.main.ScriptEngine.runScriptAsRawText(ScriptEngine.java:119)
	at com.kms.katalon.core.main.TestCaseExecutor.runScript(TestCaseExecutor.java:442)
	at com.kms.katalon.core.main.TestCaseExecutor.doExecute(TestCaseExecutor.java:433)
	at com.kms.katalon.core.main.TestCaseExecutor.processExecutionPhase(TestCaseExecutor.java:412)
	at com.kms.katalon.core.main.TestCaseExecutor.accessMainPhase(TestCaseExecutor.java:404)
	at com.kms.katalon.core.main.TestCaseExecutor.execute(TestCaseExecutor.java:281)
	at com.kms.katalon.core.main.TestSuiteExecutor.accessTestCaseMainPhase(TestSuiteExecutor.java:202)
	at com.kms.katalon.core.main.TestSuiteExecutor.accessTestSuiteMainPhase(TestSuiteExecutor.java:164)
	at com.kms.katalon.core.main.TestSuiteExecutor.execute(TestSuiteExecutor.java:105)
	at com.kms.katalon.core.main.TestCaseMain.startTestSuite(TestCaseMain.java:185)
	at com.kms.katalon.core.main.TestCaseMain$startTestSuite$0.call(Unknown Source)
	at TempTestSuite1676515943031.run(TempTestSuite1676515943031.groovy:36)
Caused by: com.kms.katalon.core.exception.StepFailedException: Text 'Transaction approved, no errors' is not present on page  using regular expression
	... 23 more
"/>
         <system-out><![CDATA[2023-02-15 22:05:14 - [TEST_CASE][FAILED] - Test Cases/RecAndPlayBk/VLink/Sale-Void-NoTranxID: Test Cases/RecAndPlayBk/VLink/Sale-Void-NoTranxID FAILED.
Reason:
com.kms.katalon.core.exception.StepFailedException: Text 'Transaction approved, no errors' is not present on page  using regular expression (Root cause: com.kms.katalon.core.exception.StepFailedException: Text 'Transaction approved, no errors' is not present on page  using regular expression
	at com.kms.katalon.core.webui.keyword.internal.WebUIKeywordMain.stepFailed(WebUIKeywordMain.groovy:64)
	at com.kms.katalon.core.webui.keyword.builtin.VerifyTextPresentKeyword$_verifyTextPresent_closure1.doCall(VerifyTextPresentKeyword.groovy:79)
	at com.kms.katalon.core.webui.keyword.builtin.VerifyTextPresentKeyword$_verifyTextPresent_closure1.call(VerifyTextPresentKeyword.groovy)
	at com.kms.katalon.core.webui.keyword.internal.WebUIKeywordMain.runKeyword(WebUIKeywordMain.groovy:20)
	at com.kms.katalon.core.webui.keyword.builtin.VerifyTextPresentKeyword.verifyTextPresent(VerifyTextPresentKeyword.groovy:83)
	at com.kms.katalon.core.webui.keyword.builtin.VerifyTextPresentKeyword.execute(VerifyTextPresentKeyword.groovy:68)
	at com.kms.katalon.core.keyword.internal.KeywordExecutor.executeKeywordForPlatform(KeywordExecutor.groovy:74)
	at com.kms.katalon.core.webui.keyword.WebUiBuiltInKeywords.verifyTextPresent(WebUiBuiltInKeywords.groovy:1723)
	at com.kms.katalon.core.webui.keyword.WebUiBuiltInKeywords$verifyTextPresent$4.call(Unknown Source)
	at Sale-Void-NoTranxID.run(Sale-Void-NoTranxID:155)
	at com.kms.katalon.core.main.ScriptEngine.run(ScriptEngine.java:194)
	at com.kms.katalon.core.main.ScriptEngine.runScriptAsRawText(ScriptEngine.java:119)
	at com.kms.katalon.core.main.TestCaseExecutor.runScript(TestCaseExecutor.java:442)
	at com.kms.katalon.core.main.TestCaseExecutor.doExecute(TestCaseExecutor.java:433)
	at com.kms.katalon.core.main.TestCaseExecutor.processExecutionPhase(TestCaseExecutor.java:412)
	at com.kms.katalon.core.main.TestCaseExecutor.accessMainPhase(TestCaseExecutor.java:404)
	at com.kms.katalon.core.main.TestCaseExecutor.execute(TestCaseExecutor.java:281)
	at com.kms.katalon.core.main.TestSuiteExecutor.accessTestCaseMainPhase(TestSuiteExecutor.java:202)
	at com.kms.katalon.core.main.TestSuiteExecutor.accessTestSuiteMainPhase(TestSuiteExecutor.java:164)
	at com.kms.katalon.core.main.TestSuiteExecutor.execute(TestSuiteExecutor.java:105)
	at com.kms.katalon.core.main.TestCaseMain.startTestSuite(TestCaseMain.java:185)
	at com.kms.katalon.core.main.TestCaseMain$startTestSuite$0.call(Unknown Source)
	at TempTestSuite1676515943031.run(TempTestSuite1676515943031.groovy:36)
)
	at com.kms.katalon.core.keyword.internal.KeywordMain.stepFailed(KeywordMain.groovy:39)
	at com.kms.katalon.core.webui.keyword.internal.WebUIKeywordMain.stepFailed(WebUIKeywordMain.groovy:64)
	at com.kms.katalon.core.webui.keyword.builtin.VerifyTextPresentKeyword$_verifyTextPresent_closure1.doCall(VerifyTextPresentKeyword.groovy:79)
	at com.kms.katalon.core.webui.keyword.builtin.VerifyTextPresentKeyword$_verifyTextPresent_closure1.call(VerifyTextPresentKeyword.groovy)
	at com.kms.katalon.core.webui.keyword.internal.WebUIKeywordMain.runKeyword(WebUIKeywordMain.groovy:20)
	at com.kms.katalon.core.webui.keyword.builtin.VerifyTextPresentKeyword.verifyTextPresent(VerifyTextPresentKeyword.groovy:83)
	at com.kms.katalon.core.webui.keyword.builtin.VerifyTextPresentKeyword.execute(VerifyTextPresentKeyword.groovy:68)
	at com.kms.katalon.core.keyword.internal.KeywordExecutor.executeKeywordForPlatform(KeywordExecutor.groovy:74)
	at com.kms.katalon.core.webui.keyword.WebUiBuiltInKeywords.verifyTextPresent(WebUiBuiltInKeywords.groovy:1723)
	at com.kms.katalon.core.webui.keyword.WebUiBuiltInKeywords$verifyTextPresent$4.call(Unknown Source)
	at Sale-Void-NoTranxID.run(Sale-Void-NoTranxID:155)
	at com.kms.katalon.core.main.ScriptEngine.run(ScriptEngine.java:194)
	at com.kms.katalon.core.main.ScriptEngine.runScriptAsRawText(ScriptEngine.java:119)
	at com.kms.katalon.core.main.TestCaseExecutor.runScript(TestCaseExecutor.java:442)
	at com.kms.katalon.core.main.TestCaseExecutor.doExecute(TestCaseExecutor.java:433)
	at com.kms.katalon.core.main.TestCaseExecutor.processExecutionPhase(TestCaseExecutor.java:412)
	at com.kms.katalon.core.main.TestCaseExecutor.accessMainPhase(TestCaseExecutor.java:404)
	at com.kms.katalon.core.main.TestCaseExecutor.execute(TestCaseExecutor.java:281)
	at com.kms.katalon.core.main.TestSuiteExecutor.accessTestCaseMainPhase(TestSuiteExecutor.java:202)
	at com.kms.katalon.core.main.TestSuiteExecutor.accessTestSuiteMainPhase(TestSuiteExecutor.java:164)
	at com.kms.katalon.core.main.TestSuiteExecutor.execute(TestSuiteExecutor.java:105)
	at com.kms.katalon.core.main.TestCaseMain.startTestSuite(TestCaseMain.java:185)
	at com.kms.katalon.core.main.TestCaseMain$startTestSuite$0.call(Unknown Source)
	at TempTestSuite1676515943031.run(TempTestSuite1676515943031.groovy:36)
Caused by: com.kms.katalon.core.exception.StepFailedException: Text 'Transaction approved, no errors' is not present on page  using regular expression
	... 23 more


2023-02-15 22:05:15 - [TEST_STEP][PASSED] - executionProfile = getExecutionProfile(): null

2023-02-15 22:05:15 - [TEST_STEP][PASSED] - out.println("executionProfile : " + executionProfile): null

2023-02-15 22:05:15 - [TEST_STEP][PASSED] - appName = <not implemented yet for class: org.codehaus.groovy.ast.expr.EmptyExpression>: null

2023-02-15 22:05:15 - [TEST_STEP][PASSED] - appID = <not implemented yet for class: org.codehaus.groovy.ast.expr.EmptyExpression>: null

2023-02-15 22:05:15 - [TEST_STEP][PASSED] - username = <not implemented yet for class: org.codehaus.groovy.ast.expr.EmptyExpression>: null

2023-02-15 22:05:15 - [TEST_STEP][PASSED] - password = <not implemented yet for class: org.codehaus.groovy.ast.expr.EmptyExpression>: null

2023-02-15 22:05:15 - [TEST_STEP][PASSED] - cardNameV = <not implemented yet for class: org.codehaus.groovy.ast.expr.EmptyExpression>: null

2023-02-15 22:05:15 - [TEST_STEP][PASSED] - al1V = <not implemented yet for class: org.codehaus.groovy.ast.expr.EmptyExpression>: null

2023-02-15 22:05:15 - [TEST_STEP][PASSED] - al2V = <not implemented yet for class: org.codehaus.groovy.ast.expr.EmptyExpression>: null

2023-02-15 22:05:15 - [TEST_STEP][PASSED] - zipV = <not implemented yet for class: org.codehaus.groovy.ast.expr.EmptyExpression>: null

2023-02-15 22:05:15 - [TEST_STEP][PASSED] - cardTypeV = <not implemented yet for class: org.codehaus.groovy.ast.expr.EmptyExpression>: null

2023-02-15 22:05:15 - [TEST_STEP][PASSED] - last4V = <not implemented yet for class: org.codehaus.groovy.ast.expr.EmptyExpression>: null

2023-02-15 22:05:15 - [TEST_STEP][PASSED] - resText = "Fail": null

2023-02-15 22:05:15 - [TEST_STEP][PASSED] - resColumn = "Result": null

2023-02-15 22:05:15 - [TEST_STEP][PASSED] - datCloumn = "Date": null

2023-02-15 22:05:15 - [TEST_STEP][PASSED] - fileLoc = "KatalonData/VLinkSmokeData.xlsx": null

2023-02-15 22:05:15 - [TEST_STEP][PASSED] - numOfRows = <not implemented yet for class: org.codehaus.groovy.ast.expr.EmptyExpression>: null

2023-02-15 22:05:15 - [TEST_STEP][PASSED] - dataFile = <not implemented yet for class: org.codehaus.groovy.ast.expr.EmptyExpression>: null

2023-02-15 22:05:15 - [TEST_STEP][PASSED] - nameSheet = <not implemented yet for class: org.codehaus.groovy.ast.expr.EmptyExpression>: null

2023-02-15 22:05:15 - [TEST_STEP][PASSED] - nameSheet = "Sale-Void-NoTranxID": null

2023-02-15 22:05:15 - [TEST_STEP][PASSED] - numOfRows = findTestData("QA/VLinkTestData/VLinkSaleVoidNoTranxID").getRowNumbers(): null

2023-02-15 22:05:15 - [TEST_STEP][PASSED] - println("Number of Records: " + numOfRows): null

2023-02-15 22:05:15 - [TEST_STEP][PASSED] - dataFile = "QA/VLinkTestData/VLinkSaleVoidNoTranxID": null

2023-02-15 22:05:15 - [TEST_STEP][FAILED] - for ([row = 1, row <= numOfRows, (row++)]): null

2023-02-15 22:05:15 - [TEST_STEP][PASSED] - ExecuteTC = findTestData(dataFile).getValue("Execute", row): null

2023-02-15 22:05:15 - [TEST_STEP][PASSED] - out.println("Value of Execute is : " + ExecuteTC): null

2023-02-15 22:05:15 - [TEST_STEP][PASSED] - switch (executionProfile): null

2023-02-15 22:05:15 - [TEST_STEP][PASSED] - case "QAProfile":: null

2023-02-15 22:05:15 - [TEST_STEP][PASSED] - appID = findTestData(dataFile).getValue("AppIDQA", row): null

2023-02-15 22:05:15 - [TEST_STEP][PASSED] - username = findTestData(dataFile).getValue("UsernameQA", row): null

2023-02-15 22:05:15 - [TEST_STEP][PASSED] - password = findTestData(dataFile).getValue("PasswordQA", row): null

2023-02-15 22:05:15 - [TEST_STEP][PASSED] - break: null

2023-02-15 22:05:15 - [TEST_STEP][PASSED] - if (ExecuteTC.equalsIgnoreCase("Y")): null

2023-02-15 22:05:15 - [TEST_STEP][PASSED] - out.println("Begin Record Number: " + row): null

2023-02-15 22:05:15 - [TEST_STEP][PASSED] - today = new java.util.Date(): null

2023-02-15 22:05:15 - [TEST_STEP][PASSED] - println(today): null

2023-02-15 22:05:15 - [TEST_STEP][PASSED] - datText = today: null

2023-02-15 22:05:15 - [TEST_STEP][PASSED] - category = findTestData(dataFile).getValue("Category", row): null

2023-02-15 22:05:15 - [TEST_STEP][PASSED] - amount = findTestData(dataFile).getValue("Amount", row): null

2023-02-15 22:05:15 - [TEST_STEP][PASSED] - cardNumber = findTestData(dataFile).getValue("CardNumber", row): null

2023-02-15 22:05:15 - [TEST_STEP][PASSED] - exM = findTestData(dataFile).getValue("ExM", row): null

2023-02-15 22:05:15 - [TEST_STEP][PASSED] - exY = findTestData(dataFile).getValue("ExY", row): null

2023-02-15 22:05:16 - [TEST_STEP][PASSED] - openBrowser(VLinkURL + "authcap.html"): Browser is opened with url: 'https://dev-algorithm.govolution.com/vlinktest/QA/version_2_0/authcap.html'

2023-02-15 22:05:16 - [MESSAGE][WARNING] - A browser is already opened. Closing browser and opening a new one

2023-02-15 22:05:16 - [MESSAGE][INFO] - Starting 'Chrome' driver

2023-02-15 22:05:16 - [MESSAGE][INFO] - User set preference: ['acceptInsecureCerts', 'true']

2023-02-15 22:05:16 - [MESSAGE][INFO] - Action delay is set to 0 milliseconds

2023-02-15 22:05:18 - [MESSAGE][PASSED] - Browser is opened with url: 'https://dev-algorithm.govolution.com/vlinktest/QA/version_2_0/authcap.html'

2023-02-15 22:05:18 - [TEST_STEP][PASSED] - maximizeWindow(): Current window maximized

2023-02-15 22:05:18 - [MESSAGE][PASSED] - Current window maximized

2023-02-15 22:05:18 - [TEST_STEP][PASSED] - maximizeWindow(): Current window maximized

2023-02-15 22:05:18 - [MESSAGE][PASSED] - Current window maximized

2023-02-15 22:05:18 - [TEST_STEP][PASSED] - genRemID = RandomStringUtils.random(12, true, true): null

2023-02-15 22:05:18 - [TEST_STEP][PASSED] - setText(findTestObject("Object Repository/RecAndPlayBk/Page-Vlink-Sale/input_Remittance Id_remittance_id"), genRemID): Text 'kaOXjzZtq4Sn' is set on object 'Object Repository/RecAndPlayBk/Page-Vlink-Sale/input_Remittance Id_remittance_id'

2023-02-15 22:05:19 - [MESSAGE][PASSED] - Text 'kaOXjzZtq4Sn' is set on object 'Object Repository/RecAndPlayBk/Page-Vlink-Sale/input_Remittance Id_remittance_id'

2023-02-15 22:05:19 - [TEST_STEP][PASSED] - setText(findTestObject("Object Repository/RecAndPlayBk/Page-Vlink-Sale/input_Application Id_application_id"), appID): Text '234' is set on object 'Object Repository/RecAndPlayBk/Page-Vlink-Sale/input_Application Id_application_id'

2023-02-15 22:05:20 - [MESSAGE][PASSED] - Text '234' is set on object 'Object Repository/RecAndPlayBk/Page-Vlink-Sale/input_Application Id_application_id'

2023-02-15 22:05:20 - [TEST_STEP][PASSED] - setText(findTestObject("Object Repository/RecAndPlayBk/Page-Vlink-Sale/input_Username_username"), username): Text 'username' is set on object 'Object Repository/RecAndPlayBk/Page-Vlink-Sale/input_Username_username'

2023-02-15 22:05:21 - [MESSAGE][PASSED] - Text 'username' is set on object 'Object Repository/RecAndPlayBk/Page-Vlink-Sale/input_Username_username'

2023-02-15 22:05:21 - [TEST_STEP][PASSED] - setText(findTestObject("Object Repository/RecAndPlayBk/Page-Vlink-Sale/input_Password_password"), password): Text 'password' is set on object 'Object Repository/RecAndPlayBk/Page-Vlink-Sale/input_Password_password'

2023-02-15 22:05:21 - [MESSAGE][PASSED] - Text 'password' is set on object 'Object Repository/RecAndPlayBk/Page-Vlink-Sale/input_Password_password'

2023-02-15 22:05:21 - [TEST_STEP][PASSED] - setText(findTestObject("Object Repository/RecAndPlayBk/Page-Vlink-Sale/input_Category_category"), category): Text 'ECOM' is set on object 'Object Repository/RecAndPlayBk/Page-Vlink-Sale/input_Category_category'

2023-02-15 22:05:22 - [MESSAGE][PASSED] - Text 'ECOM' is set on object 'Object Repository/RecAndPlayBk/Page-Vlink-Sale/input_Category_category'

2023-02-15 22:05:22 - [TEST_STEP][PASSED] - setText(findTestObject("Object Repository/RecAndPlayBk/Page-Vlink-Sale/input_Amount_amount"), amount): Text '10.5' is set on object 'Object Repository/RecAndPlayBk/Page-Vlink-Sale/input_Amount_amount'

2023-02-15 22:05:23 - [MESSAGE][PASSED] - Text '10.5' is set on object 'Object Repository/RecAndPlayBk/Page-Vlink-Sale/input_Amount_amount'

2023-02-15 22:05:23 - [TEST_STEP][PASSED] - doubleClick(findTestObject("Object Repository/RecAndPlayBk/Page-Vlink-Sale/input_Card number_card_number")): Object: 'Object Repository/RecAndPlayBk/Page-Vlink-Sale/input_Card number_card_number' is double clicked on

2023-02-15 22:05:23 - [MESSAGE][PASSED] - Object: 'Object Repository/RecAndPlayBk/Page-Vlink-Sale/input_Card number_card_number' is double clicked on

2023-02-15 22:05:23 - [TEST_STEP][PASSED] - setText(findTestObject("Object Repository/RecAndPlayBk/Page-Vlink-Sale/input_Card number_card_number"), cardNumber): Text '4111111111111111' is set on object 'Object Repository/RecAndPlayBk/Page-Vlink-Sale/input_Card number_card_number'

2023-02-15 22:05:24 - [MESSAGE][PASSED] - Text '4111111111111111' is set on object 'Object Repository/RecAndPlayBk/Page-Vlink-Sale/input_Card number_card_number'

2023-02-15 22:05:24 - [TEST_STEP][PASSED] - setText(findTestObject("Object Repository/RecAndPlayBk/Page-Vlink-Sale/input_Card ex month_card_exmo"), exM): Text '12' is set on object 'Object Repository/RecAndPlayBk/Page-Vlink-Sale/input_Card ex month_card_exmo'

2023-02-15 22:05:25 - [MESSAGE][PASSED] - Text '12' is set on object 'Object Repository/RecAndPlayBk/Page-Vlink-Sale/input_Card ex month_card_exmo'

2023-02-15 22:05:25 - [TEST_STEP][PASSED] - setText(findTestObject("Object Repository/RecAndPlayBk/Page-Vlink-Sale/input_Card ex year_card_exyr"), exY): Text '2029' is set on object 'Object Repository/RecAndPlayBk/Page-Vlink-Sale/input_Card ex year_card_exyr'

2023-02-15 22:05:25 - [MESSAGE][PASSED] - Text '2029' is set on object 'Object Repository/RecAndPlayBk/Page-Vlink-Sale/input_Card ex year_card_exyr'

2023-02-15 22:05:25 - [TEST_STEP][PASSED] - click(findTestObject("Object Repository/RecAndPlayBk/Page-Vlink-Sale/input_Track Data_track_data")): Object: 'Object Repository/RecAndPlayBk/Page-Vlink-Sale/input_Track Data_track_data' is clicked on

2023-02-15 22:05:26 - [MESSAGE][PASSED] - Object: 'Object Repository/RecAndPlayBk/Page-Vlink-Sale/input_Track Data_track_data' is clicked on

2023-02-15 22:05:26 - [TEST_STEP][PASSED] - click(findTestObject("Object Repository/RecAndPlayBk/Page-Vlink-Sale/input_CVV state_cvv_state")): Object: 'Object Repository/RecAndPlayBk/Page-Vlink-Sale/input_CVV state_cvv_state' is clicked on

2023-02-15 22:05:26 - [MESSAGE][PASSED] - Object: 'Object Repository/RecAndPlayBk/Page-Vlink-Sale/input_CVV state_cvv_state' is clicked on

2023-02-15 22:05:26 - [TEST_STEP][PASSED] - setText(findTestObject("Object Repository/RecAndPlayBk/Page-Vlink-Sale/input_Track Data_track_data"), ""): Text '' is set on object 'Object Repository/RecAndPlayBk/Page-Vlink-Sale/input_Track Data_track_data'

2023-02-15 22:05:27 - [MESSAGE][PASSED] - Text '' is set on object 'Object Repository/RecAndPlayBk/Page-Vlink-Sale/input_Track Data_track_data'

2023-02-15 22:05:27 - [TEST_STEP][PASSED] - setText(findTestObject("Object Repository/RecAndPlayBk/Page-Vlink-Sale/input_concat(Cardholder, , s email)_email"), ""): Text '' is set on object 'Object Repository/RecAndPlayBk/Page-Vlink-Sale/input_concat(Cardholder, , s email)_email'

2023-02-15 22:05:27 - [MESSAGE][PASSED] - Text '' is set on object 'Object Repository/RecAndPlayBk/Page-Vlink-Sale/input_concat(Cardholder, , s email)_email'

2023-02-15 22:05:27 - [TEST_STEP][PASSED] - click(findTestObject("Object Repository/RecAndPlayBk/Page-Vlink-Sale/input_user_defined10_user_defined10")): Object: 'Object Repository/RecAndPlayBk/Page-Vlink-Sale/input_user_defined10_user_defined10' is clicked on

2023-02-15 22:05:28 - [MESSAGE][PASSED] - Object: 'Object Repository/RecAndPlayBk/Page-Vlink-Sale/input_user_defined10_user_defined10' is clicked on

2023-02-15 22:05:28 - [TEST_STEP][PASSED] - if (executionProfile.equalsIgnoreCase("QAProfile") || executionProfile.equalsIgnoreCase("DemoProfile")): Text '' is set on object 'Object Repository/RecAndPlayBk/Page-Vlink-Sale/input_COF Transaction Initiated by_cof_tran_6cded5'

2023-02-15 22:05:28 - [TEST_STEP][PASSED] - setText(findTestObject("Object Repository/RecAndPlayBk/Page-Vlink-Sale/input_Card on File Indicator_card_on_file_i_157dae"), ""): Text '' is set on object 'Object Repository/RecAndPlayBk/Page-Vlink-Sale/input_Card on File Indicator_card_on_file_i_157dae'

2023-02-15 22:05:28 - [MESSAGE][PASSED] - Text '' is set on object 'Object Repository/RecAndPlayBk/Page-Vlink-Sale/input_Card on File Indicator_card_on_file_i_157dae'

2023-02-15 22:05:28 - [TEST_STEP][PASSED] - setText(findTestObject("Object Repository/RecAndPlayBk/Page-Vlink-Sale/input_Stored Credential Indicator_stored_cr_4ae73c"), ""): Text '' is set on object 'Object Repository/RecAndPlayBk/Page-Vlink-Sale/input_Stored Credential Indicator_stored_cr_4ae73c'

2023-02-15 22:05:29 - [MESSAGE][PASSED] - Text '' is set on object 'Object Repository/RecAndPlayBk/Page-Vlink-Sale/input_Stored Credential Indicator_stored_cr_4ae73c'

2023-02-15 22:05:29 - [TEST_STEP][PASSED] - setText(findTestObject("Object Repository/RecAndPlayBk/Page-Vlink-Sale/input_COF Scheduled indicator_cof_scheduled_8df7d8"), ""): Text '' is set on object 'Object Repository/RecAndPlayBk/Page-Vlink-Sale/input_COF Scheduled indicator_cof_scheduled_8df7d8'

2023-02-15 22:05:30 - [MESSAGE][PASSED] - Text '' is set on object 'Object Repository/RecAndPlayBk/Page-Vlink-Sale/input_COF Scheduled indicator_cof_scheduled_8df7d8'

2023-02-15 22:05:30 - [TEST_STEP][PASSED] - setText(findTestObject("Object Repository/RecAndPlayBk/Page-Vlink-Sale/input_COF Transaction Initiated by_cof_tran_6cded5"), ""): Text '' is set on object 'Object Repository/RecAndPlayBk/Page-Vlink-Sale/input_COF Transaction Initiated by_cof_tran_6cded5'

2023-02-15 22:05:30 - [MESSAGE][PASSED] - Text '' is set on object 'Object Repository/RecAndPlayBk/Page-Vlink-Sale/input_COF Transaction Initiated by_cof_tran_6cded5'

2023-02-15 22:05:30 - [TEST_STEP][PASSED] - click(findTestObject("Object Repository/RecAndPlayBk/Page-Vlink-Sale/input")): Object: 'Object Repository/RecAndPlayBk/Page-Vlink-Sale/input' is clicked on

2023-02-15 22:05:31 - [MESSAGE][PASSED] - Object: 'Object Repository/RecAndPlayBk/Page-Vlink-Sale/input' is clicked on

2023-02-15 22:05:31 - [TEST_STEP][PASSED] - if (verifyTextPresent("Transaction approved, no errors", true)): null

2023-02-15 22:05:32 - [MESSAGE][PASSED] - Text 'Transaction approved, no errors' is present on page  using regular expression

2023-02-15 22:05:32 - [TEST_STEP][PASSED] - println("Transaction Approved, no errors text is present on the Confirmation page"): null

2023-02-15 22:05:32 - [TEST_STEP][PASSED] - sdfo = getText(findTestObject("Object Repository/Page_VLinkReceipt/pre_STX")): Text of object 'Object Repository/Page_VLinkReceipt/pre_STX' is: '<STX>kaOXjzZtq4Sn                  12126640            0  Transaction approved, no errors                   0                                                                                  Y 933976069<ETX>'

2023-02-15 22:05:32 - [MESSAGE][PASSED] - Text of object 'Object Repository/Page_VLinkReceipt/pre_STX' is: '<STX>kaOXjzZtq4Sn                  12126640            0  Transaction approved, no errors                   0                                                                                  Y 933976069<ETX>'

2023-02-15 22:05:32 - [TEST_STEP][PASSED] - out.println("sdfo: " + sdfo): null

2023-02-15 22:05:32 - [TEST_STEP][PASSED] - remID = substring(5, 35).trim(): null

2023-02-15 22:05:32 - [TEST_STEP][PASSED] - out.println("remID: " + remID): null

2023-02-15 22:05:32 - [TEST_STEP][PASSED] - traxID = substring(35, 55).trim(): null

2023-02-15 22:05:32 - [TEST_STEP][PASSED] - out.println("traxID: " + traxID): null

2023-02-15 22:05:32 - [TEST_STEP][PASSED] - VLinkSaleRemID = remID: null

2023-02-15 22:05:32 - [TEST_STEP][PASSED] - VLinkSaleTranxID = traxID: null

2023-02-15 22:05:32 - [TEST_STEP][PASSED] - openBrowser(VLinkURL + "CC_void.html"): Browser is opened with url: 'https://dev-algorithm.govolution.com/vlinktest/QA/version_2_0/CC_void.html'

2023-02-15 22:05:32 - [MESSAGE][WARNING] - A browser is already opened. Closing browser and opening a new one

2023-02-15 22:05:33 - [MESSAGE][INFO] - Starting 'Chrome' driver

2023-02-15 22:05:33 - [MESSAGE][INFO] - User set preference: ['acceptInsecureCerts', 'true']

2023-02-15 22:05:33 - [MESSAGE][INFO] - Action delay is set to 0 milliseconds

2023-02-15 22:05:35 - [MESSAGE][PASSED] - Browser is opened with url: 'https://dev-algorithm.govolution.com/vlinktest/QA/version_2_0/CC_void.html'

2023-02-15 22:05:35 - [TEST_STEP][PASSED] - maximizeWindow(): Current window maximized

2023-02-15 22:05:35 - [MESSAGE][PASSED] - Current window maximized

2023-02-15 22:05:35 - [TEST_STEP][PASSED] - setText(findTestObject("Object Repository/RecAndPlayBk/Page-Vlink-CC-Void/txt_RemID"), VLinkSaleRemID): Text 'kaOXjzZtq4Sn' is set on object 'Object Repository/RecAndPlayBk/Page-Vlink-CC-Void/txt_RemID'

2023-02-15 22:05:36 - [MESSAGE][PASSED] - Text 'kaOXjzZtq4Sn' is set on object 'Object Repository/RecAndPlayBk/Page-Vlink-CC-Void/txt_RemID'

2023-02-15 22:05:36 - [TEST_STEP][PASSED] - setText(findTestObject("Object Repository/RecAndPlayBk/Page-Vlink-CC-Void/txt_ApplicationID"), appID): Text '234' is set on object 'Object Repository/RecAndPlayBk/Page-Vlink-CC-Void/txt_ApplicationID'

2023-02-15 22:05:36 - [MESSAGE][PASSED] - Text '234' is set on object 'Object Repository/RecAndPlayBk/Page-Vlink-CC-Void/txt_ApplicationID'

2023-02-15 22:05:36 - [TEST_STEP][PASSED] - setText(findTestObject("Object Repository/RecAndPlayBk/Page-Vlink-CC-Void/txt_Username"), username): Text 'username' is set on object 'Object Repository/RecAndPlayBk/Page-Vlink-CC-Void/txt_Username'

2023-02-15 22:05:37 - [MESSAGE][PASSED] - Text 'username' is set on object 'Object Repository/RecAndPlayBk/Page-Vlink-CC-Void/txt_Username'

2023-02-15 22:05:37 - [TEST_STEP][PASSED] - setText(findTestObject("Object Repository/RecAndPlayBk/Page-Vlink-CC-Void/txt_Password"), password): Text 'password' is set on object 'Object Repository/RecAndPlayBk/Page-Vlink-CC-Void/txt_Password'

2023-02-15 22:05:38 - [MESSAGE][PASSED] - Text 'password' is set on object 'Object Repository/RecAndPlayBk/Page-Vlink-CC-Void/txt_Password'

2023-02-15 22:05:38 - [TEST_STEP][PASSED] - setText(findTestObject("Object Repository/RecAndPlayBk/Page-Vlink-CC-Void/txt_TransactionID"), "-1"): Text '-1' is set on object 'Object Repository/RecAndPlayBk/Page-Vlink-CC-Void/txt_TransactionID'

2023-02-15 22:05:38 - [MESSAGE][PASSED] - Text '-1' is set on object 'Object Repository/RecAndPlayBk/Page-Vlink-CC-Void/txt_TransactionID'

2023-02-15 22:05:38 - [TEST_STEP][PASSED] - setText(findTestObject("Object Repository/RecAndPlayBk/Page-Vlink-CC-Void/txt_OriginalTransactionType"), "104"): Text '104' is set on object 'Object Repository/RecAndPlayBk/Page-Vlink-CC-Void/txt_OriginalTransactionType'

2023-02-15 22:05:39 - [MESSAGE][PASSED] - Text '104' is set on object 'Object Repository/RecAndPlayBk/Page-Vlink-CC-Void/txt_OriginalTransactionType'

2023-02-15 22:05:39 - [TEST_STEP][PASSED] - setText(findTestObject("Object Repository/RecAndPlayBk/Page-Vlink-CC-Void/txt_TrackData"), ""): Text '' is set on object 'Object Repository/RecAndPlayBk/Page-Vlink-CC-Void/txt_TrackData'

2023-02-15 22:05:40 - [MESSAGE][PASSED] - Text '' is set on object 'Object Repository/RecAndPlayBk/Page-Vlink-CC-Void/txt_TrackData'

2023-02-15 22:05:40 - [TEST_STEP][PASSED] - click(findTestObject("Object Repository/RecAndPlayBk/Page-Vlink-CC-Void/btn_ProcessVLinkTransaction")): Object: 'Object Repository/RecAndPlayBk/Page-Vlink-CC-Void/btn_ProcessVLinkTransaction' is clicked on

2023-02-15 22:05:41 - [MESSAGE][PASSED] - Object: 'Object Repository/RecAndPlayBk/Page-Vlink-CC-Void/btn_ProcessVLinkTransaction' is clicked on

2023-02-15 22:05:41 - [TEST_STEP][PASSED] - if (verifyTextPresent("Transaction approved, no errors", true)): null

2023-02-15 22:05:41 - [MESSAGE][PASSED] - Text 'Transaction approved, no errors' is present on page  using regular expression

2023-02-15 22:05:41 - [TEST_STEP][PASSED] - println("Transaction Approved, no errors text is present on the Confirmation page"): null

2023-02-15 22:05:41 - [TEST_STEP][PASSED] - out.println("Pass Record Number: " + row): null

2023-02-15 22:05:41 - [TEST_STEP][PASSED] - resText = "Pass": null

2023-02-15 22:05:41 - [TEST_STEP][PASSED] - pages.WriteExcel.demoKey(resText, datText, resColumn, datCloumn, fileLoc, nameSheet, row): pages.WriteExcel.demoKey is PASSED

2023-02-15 22:05:41 - [MESSAGE][PASSED] - pages.WriteExcel.demoKey is PASSED

2023-02-15 22:05:41 - [TEST_STEP][PASSED] - ExecuteTC = findTestData(dataFile).getValue("Execute", row): null

2023-02-15 22:05:41 - [TEST_STEP][PASSED] - out.println("Value of Execute is : " + ExecuteTC): null

2023-02-15 22:05:41 - [TEST_STEP][PASSED] - switch (executionProfile): null

2023-02-15 22:05:41 - [TEST_STEP][PASSED] - case "QAProfile":: null

2023-02-15 22:05:41 - [TEST_STEP][PASSED] - appID = findTestData(dataFile).getValue("AppIDQA", row): null

2023-02-15 22:05:41 - [TEST_STEP][PASSED] - username = findTestData(dataFile).getValue("UsernameQA", row): null

2023-02-15 22:05:41 - [TEST_STEP][PASSED] - password = findTestData(dataFile).getValue("PasswordQA", row): null

2023-02-15 22:05:42 - [TEST_STEP][PASSED] - break: null

2023-02-15 22:05:42 - [TEST_STEP][PASSED] - if (ExecuteTC.equalsIgnoreCase("Y")): null

2023-02-15 22:05:42 - [TEST_STEP][PASSED] - out.println("Begin Record Number: " + row): null

2023-02-15 22:05:42 - [TEST_STEP][PASSED] - today = new java.util.Date(): null

2023-02-15 22:05:42 - [TEST_STEP][PASSED] - println(today): null

2023-02-15 22:05:42 - [TEST_STEP][PASSED] - datText = today: null

2023-02-15 22:05:42 - [TEST_STEP][PASSED] - category = findTestData(dataFile).getValue("Category", row): null

2023-02-15 22:05:42 - [TEST_STEP][PASSED] - amount = findTestData(dataFile).getValue("Amount", row): null

2023-02-15 22:05:42 - [TEST_STEP][PASSED] - cardNumber = findTestData(dataFile).getValue("CardNumber", row): null

2023-02-15 22:05:42 - [TEST_STEP][PASSED] - exM = findTestData(dataFile).getValue("ExM", row): null

2023-02-15 22:05:42 - [TEST_STEP][PASSED] - exY = findTestData(dataFile).getValue("ExY", row): null

2023-02-15 22:05:42 - [TEST_STEP][PASSED] - openBrowser(VLinkURL + "authcap.html"): Browser is opened with url: 'https://dev-algorithm.govolution.com/vlinktest/QA/version_2_0/authcap.html'

2023-02-15 22:05:42 - [MESSAGE][WARNING] - A browser is already opened. Closing browser and opening a new one

2023-02-15 22:05:43 - [MESSAGE][INFO] - Starting 'Chrome' driver

2023-02-15 22:05:43 - [MESSAGE][INFO] - User set preference: ['acceptInsecureCerts', 'true']

2023-02-15 22:05:43 - [MESSAGE][INFO] - Action delay is set to 0 milliseconds

2023-02-15 22:05:45 - [MESSAGE][PASSED] - Browser is opened with url: 'https://dev-algorithm.govolution.com/vlinktest/QA/version_2_0/authcap.html'

2023-02-15 22:05:45 - [TEST_STEP][PASSED] - maximizeWindow(): Current window maximized

2023-02-15 22:05:45 - [MESSAGE][PASSED] - Current window maximized

2023-02-15 22:05:45 - [TEST_STEP][PASSED] - maximizeWindow(): Current window maximized

2023-02-15 22:05:45 - [MESSAGE][PASSED] - Current window maximized

2023-02-15 22:05:45 - [TEST_STEP][PASSED] - genRemID = RandomStringUtils.random(12, true, true): null

2023-02-15 22:05:45 - [TEST_STEP][PASSED] - setText(findTestObject("Object Repository/RecAndPlayBk/Page-Vlink-Sale/input_Remittance Id_remittance_id"), genRemID): Text 'qZG6RUIIy0qO' is set on object 'Object Repository/RecAndPlayBk/Page-Vlink-Sale/input_Remittance Id_remittance_id'

2023-02-15 22:05:46 - [MESSAGE][PASSED] - Text 'qZG6RUIIy0qO' is set on object 'Object Repository/RecAndPlayBk/Page-Vlink-Sale/input_Remittance Id_remittance_id'

2023-02-15 22:05:46 - [TEST_STEP][PASSED] - setText(findTestObject("Object Repository/RecAndPlayBk/Page-Vlink-Sale/input_Application Id_application_id"), appID): Text '234' is set on object 'Object Repository/RecAndPlayBk/Page-Vlink-Sale/input_Application Id_application_id'

2023-02-15 22:05:46 - [MESSAGE][PASSED] - Text '234' is set on object 'Object Repository/RecAndPlayBk/Page-Vlink-Sale/input_Application Id_application_id'

2023-02-15 22:05:46 - [TEST_STEP][PASSED] - setText(findTestObject("Object Repository/RecAndPlayBk/Page-Vlink-Sale/input_Username_username"), username): Text 'username' is set on object 'Object Repository/RecAndPlayBk/Page-Vlink-Sale/input_Username_username'

2023-02-15 22:05:47 - [MESSAGE][PASSED] - Text 'username' is set on object 'Object Repository/RecAndPlayBk/Page-Vlink-Sale/input_Username_username'

2023-02-15 22:05:47 - [TEST_STEP][PASSED] - setText(findTestObject("Object Repository/RecAndPlayBk/Page-Vlink-Sale/input_Password_password"), password): Text 'password' is set on object 'Object Repository/RecAndPlayBk/Page-Vlink-Sale/input_Password_password'

2023-02-15 22:05:48 - [MESSAGE][PASSED] - Text 'password' is set on object 'Object Repository/RecAndPlayBk/Page-Vlink-Sale/input_Password_password'

2023-02-15 22:05:48 - [TEST_STEP][PASSED] - setText(findTestObject("Object Repository/RecAndPlayBk/Page-Vlink-Sale/input_Category_category"), category): Text 'MOTO' is set on object 'Object Repository/RecAndPlayBk/Page-Vlink-Sale/input_Category_category'

2023-02-15 22:05:48 - [MESSAGE][PASSED] - Text 'MOTO' is set on object 'Object Repository/RecAndPlayBk/Page-Vlink-Sale/input_Category_category'

2023-02-15 22:05:48 - [TEST_STEP][PASSED] - setText(findTestObject("Object Repository/RecAndPlayBk/Page-Vlink-Sale/input_Amount_amount"), amount): Text '10.5' is set on object 'Object Repository/RecAndPlayBk/Page-Vlink-Sale/input_Amount_amount'

2023-02-15 22:05:49 - [MESSAGE][PASSED] - Text '10.5' is set on object 'Object Repository/RecAndPlayBk/Page-Vlink-Sale/input_Amount_amount'

2023-02-15 22:05:49 - [TEST_STEP][PASSED] - doubleClick(findTestObject("Object Repository/RecAndPlayBk/Page-Vlink-Sale/input_Card number_card_number")): Object: 'Object Repository/RecAndPlayBk/Page-Vlink-Sale/input_Card number_card_number' is double clicked on

2023-02-15 22:05:49 - [MESSAGE][PASSED] - Object: 'Object Repository/RecAndPlayBk/Page-Vlink-Sale/input_Card number_card_number' is double clicked on

2023-02-15 22:05:49 - [TEST_STEP][PASSED] - setText(findTestObject("Object Repository/RecAndPlayBk/Page-Vlink-Sale/input_Card number_card_number"), cardNumber): Text '5424000000000015' is set on object 'Object Repository/RecAndPlayBk/Page-Vlink-Sale/input_Card number_card_number'

2023-02-15 22:05:50 - [MESSAGE][PASSED] - Text '5424000000000015' is set on object 'Object Repository/RecAndPlayBk/Page-Vlink-Sale/input_Card number_card_number'

2023-02-15 22:05:50 - [TEST_STEP][PASSED] - setText(findTestObject("Object Repository/RecAndPlayBk/Page-Vlink-Sale/input_Card ex month_card_exmo"), exM): Text '12' is set on object 'Object Repository/RecAndPlayBk/Page-Vlink-Sale/input_Card ex month_card_exmo'

2023-02-15 22:05:50 - [MESSAGE][PASSED] - Text '12' is set on object 'Object Repository/RecAndPlayBk/Page-Vlink-Sale/input_Card ex month_card_exmo'

2023-02-15 22:05:50 - [TEST_STEP][PASSED] - setText(findTestObject("Object Repository/RecAndPlayBk/Page-Vlink-Sale/input_Card ex year_card_exyr"), exY): Text '2029' is set on object 'Object Repository/RecAndPlayBk/Page-Vlink-Sale/input_Card ex year_card_exyr'

2023-02-15 22:05:51 - [MESSAGE][PASSED] - Text '2029' is set on object 'Object Repository/RecAndPlayBk/Page-Vlink-Sale/input_Card ex year_card_exyr'

2023-02-15 22:05:51 - [TEST_STEP][PASSED] - click(findTestObject("Object Repository/RecAndPlayBk/Page-Vlink-Sale/input_Track Data_track_data")): Object: 'Object Repository/RecAndPlayBk/Page-Vlink-Sale/input_Track Data_track_data' is clicked on

2023-02-15 22:05:51 - [MESSAGE][PASSED] - Object: 'Object Repository/RecAndPlayBk/Page-Vlink-Sale/input_Track Data_track_data' is clicked on

2023-02-15 22:05:51 - [TEST_STEP][PASSED] - click(findTestObject("Object Repository/RecAndPlayBk/Page-Vlink-Sale/input_CVV state_cvv_state")): Object: 'Object Repository/RecAndPlayBk/Page-Vlink-Sale/input_CVV state_cvv_state' is clicked on

2023-02-15 22:05:52 - [MESSAGE][PASSED] - Object: 'Object Repository/RecAndPlayBk/Page-Vlink-Sale/input_CVV state_cvv_state' is clicked on

2023-02-15 22:05:52 - [TEST_STEP][PASSED] - setText(findTestObject("Object Repository/RecAndPlayBk/Page-Vlink-Sale/input_Track Data_track_data"), ""): Text '' is set on object 'Object Repository/RecAndPlayBk/Page-Vlink-Sale/input_Track Data_track_data'

2023-02-15 22:05:52 - [MESSAGE][PASSED] - Text '' is set on object 'Object Repository/RecAndPlayBk/Page-Vlink-Sale/input_Track Data_track_data'

2023-02-15 22:05:52 - [TEST_STEP][PASSED] - setText(findTestObject("Object Repository/RecAndPlayBk/Page-Vlink-Sale/input_concat(Cardholder, , s email)_email"), ""): Text '' is set on object 'Object Repository/RecAndPlayBk/Page-Vlink-Sale/input_concat(Cardholder, , s email)_email'

2023-02-15 22:05:53 - [MESSAGE][PASSED] - Text '' is set on object 'Object Repository/RecAndPlayBk/Page-Vlink-Sale/input_concat(Cardholder, , s email)_email'

2023-02-15 22:05:53 - [TEST_STEP][PASSED] - click(findTestObject("Object Repository/RecAndPlayBk/Page-Vlink-Sale/input_user_defined10_user_defined10")): Object: 'Object Repository/RecAndPlayBk/Page-Vlink-Sale/input_user_defined10_user_defined10' is clicked on

2023-02-15 22:05:53 - [MESSAGE][PASSED] - Object: 'Object Repository/RecAndPlayBk/Page-Vlink-Sale/input_user_defined10_user_defined10' is clicked on

2023-02-15 22:05:53 - [TEST_STEP][PASSED] - if (executionProfile.equalsIgnoreCase("QAProfile") || executionProfile.equalsIgnoreCase("DemoProfile")): Text '' is set on object 'Object Repository/RecAndPlayBk/Page-Vlink-Sale/input_COF Transaction Initiated by_cof_tran_6cded5'

2023-02-15 22:05:53 - [TEST_STEP][PASSED] - setText(findTestObject("Object Repository/RecAndPlayBk/Page-Vlink-Sale/input_Card on File Indicator_card_on_file_i_157dae"), ""): Text '' is set on object 'Object Repository/RecAndPlayBk/Page-Vlink-Sale/input_Card on File Indicator_card_on_file_i_157dae'

2023-02-15 22:05:54 - [MESSAGE][PASSED] - Text '' is set on object 'Object Repository/RecAndPlayBk/Page-Vlink-Sale/input_Card on File Indicator_card_on_file_i_157dae'

2023-02-15 22:05:54 - [TEST_STEP][PASSED] - setText(findTestObject("Object Repository/RecAndPlayBk/Page-Vlink-Sale/input_Stored Credential Indicator_stored_cr_4ae73c"), ""): Text '' is set on object 'Object Repository/RecAndPlayBk/Page-Vlink-Sale/input_Stored Credential Indicator_stored_cr_4ae73c'

2023-02-15 22:05:55 - [MESSAGE][PASSED] - Text '' is set on object 'Object Repository/RecAndPlayBk/Page-Vlink-Sale/input_Stored Credential Indicator_stored_cr_4ae73c'

2023-02-15 22:05:55 - [TEST_STEP][PASSED] - setText(findTestObject("Object Repository/RecAndPlayBk/Page-Vlink-Sale/input_COF Scheduled indicator_cof_scheduled_8df7d8"), ""): Text '' is set on object 'Object Repository/RecAndPlayBk/Page-Vlink-Sale/input_COF Scheduled indicator_cof_scheduled_8df7d8'

2023-02-15 22:05:55 - [MESSAGE][PASSED] - Text '' is set on object 'Object Repository/RecAndPlayBk/Page-Vlink-Sale/input_COF Scheduled indicator_cof_scheduled_8df7d8'

2023-02-15 22:05:55 - [TEST_STEP][PASSED] - setText(findTestObject("Object Repository/RecAndPlayBk/Page-Vlink-Sale/input_COF Transaction Initiated by_cof_tran_6cded5"), ""): Text '' is set on object 'Object Repository/RecAndPlayBk/Page-Vlink-Sale/input_COF Transaction Initiated by_cof_tran_6cded5'

2023-02-15 22:05:56 - [MESSAGE][PASSED] - Text '' is set on object 'Object Repository/RecAndPlayBk/Page-Vlink-Sale/input_COF Transaction Initiated by_cof_tran_6cded5'

2023-02-15 22:05:56 - [TEST_STEP][PASSED] - click(findTestObject("Object Repository/RecAndPlayBk/Page-Vlink-Sale/input")): Object: 'Object Repository/RecAndPlayBk/Page-Vlink-Sale/input' is clicked on

2023-02-15 22:05:57 - [MESSAGE][PASSED] - Object: 'Object Repository/RecAndPlayBk/Page-Vlink-Sale/input' is clicked on

2023-02-15 22:05:57 - [TEST_STEP][PASSED] - if (verifyTextPresent("Transaction approved, no errors", true)): null

2023-02-15 22:05:57 - [MESSAGE][PASSED] - Text 'Transaction approved, no errors' is present on page  using regular expression

2023-02-15 22:05:57 - [TEST_STEP][PASSED] - println("Transaction Approved, no errors text is present on the Confirmation page"): null

2023-02-15 22:05:57 - [TEST_STEP][PASSED] - sdfo = getText(findTestObject("Object Repository/Page_VLinkReceipt/pre_STX")): Text of object 'Object Repository/Page_VLinkReceipt/pre_STX' is: '<STX>qZG6RUIIy0qO                  12126642            0  Transaction approved, no errors                   0                                                                                  Y 370935385<ETX>'

2023-02-15 22:05:57 - [MESSAGE][PASSED] - Text of object 'Object Repository/Page_VLinkReceipt/pre_STX' is: '<STX>qZG6RUIIy0qO                  12126642            0  Transaction approved, no errors                   0                                                                                  Y 370935385<ETX>'

2023-02-15 22:05:57 - [TEST_STEP][PASSED] - out.println("sdfo: " + sdfo): null

2023-02-15 22:05:57 - [TEST_STEP][PASSED] - remID = substring(5, 35).trim(): null

2023-02-15 22:05:57 - [TEST_STEP][PASSED] - out.println("remID: " + remID): null

2023-02-15 22:05:57 - [TEST_STEP][PASSED] - traxID = substring(35, 55).trim(): null

2023-02-15 22:05:57 - [TEST_STEP][PASSED] - out.println("traxID: " + traxID): null

2023-02-15 22:05:57 - [TEST_STEP][PASSED] - VLinkSaleRemID = remID: null

2023-02-15 22:05:57 - [TEST_STEP][PASSED] - VLinkSaleTranxID = traxID: null

2023-02-15 22:05:57 - [TEST_STEP][PASSED] - openBrowser(VLinkURL + "CC_void.html"): Browser is opened with url: 'https://dev-algorithm.govolution.com/vlinktest/QA/version_2_0/CC_void.html'

2023-02-15 22:05:57 - [MESSAGE][WARNING] - A browser is already opened. Closing browser and opening a new one

2023-02-15 22:05:59 - [MESSAGE][INFO] - Starting 'Chrome' driver

2023-02-15 22:05:59 - [MESSAGE][INFO] - User set preference: ['acceptInsecureCerts', 'true']

2023-02-15 22:05:59 - [MESSAGE][INFO] - Action delay is set to 0 milliseconds

2023-02-15 22:06:00 - [MESSAGE][PASSED] - Browser is opened with url: 'https://dev-algorithm.govolution.com/vlinktest/QA/version_2_0/CC_void.html'

2023-02-15 22:06:00 - [TEST_STEP][PASSED] - maximizeWindow(): Current window maximized

2023-02-15 22:06:00 - [MESSAGE][PASSED] - Current window maximized

2023-02-15 22:06:00 - [TEST_STEP][PASSED] - setText(findTestObject("Object Repository/RecAndPlayBk/Page-Vlink-CC-Void/txt_RemID"), VLinkSaleRemID): Text 'qZG6RUIIy0qO' is set on object 'Object Repository/RecAndPlayBk/Page-Vlink-CC-Void/txt_RemID'

2023-02-15 22:06:01 - [MESSAGE][PASSED] - Text 'qZG6RUIIy0qO' is set on object 'Object Repository/RecAndPlayBk/Page-Vlink-CC-Void/txt_RemID'

2023-02-15 22:06:01 - [TEST_STEP][PASSED] - setText(findTestObject("Object Repository/RecAndPlayBk/Page-Vlink-CC-Void/txt_ApplicationID"), appID): Text '234' is set on object 'Object Repository/RecAndPlayBk/Page-Vlink-CC-Void/txt_ApplicationID'

2023-02-15 22:06:02 - [MESSAGE][PASSED] - Text '234' is set on object 'Object Repository/RecAndPlayBk/Page-Vlink-CC-Void/txt_ApplicationID'

2023-02-15 22:06:02 - [TEST_STEP][PASSED] - setText(findTestObject("Object Repository/RecAndPlayBk/Page-Vlink-CC-Void/txt_Username"), username): Text 'username' is set on object 'Object Repository/RecAndPlayBk/Page-Vlink-CC-Void/txt_Username'

2023-02-15 22:06:02 - [MESSAGE][PASSED] - Text 'username' is set on object 'Object Repository/RecAndPlayBk/Page-Vlink-CC-Void/txt_Username'

2023-02-15 22:06:02 - [TEST_STEP][PASSED] - setText(findTestObject("Object Repository/RecAndPlayBk/Page-Vlink-CC-Void/txt_Password"), password): Text 'password' is set on object 'Object Repository/RecAndPlayBk/Page-Vlink-CC-Void/txt_Password'

2023-02-15 22:06:03 - [MESSAGE][PASSED] - Text 'password' is set on object 'Object Repository/RecAndPlayBk/Page-Vlink-CC-Void/txt_Password'

2023-02-15 22:06:03 - [TEST_STEP][PASSED] - setText(findTestObject("Object Repository/RecAndPlayBk/Page-Vlink-CC-Void/txt_TransactionID"), "-1"): Text '-1' is set on object 'Object Repository/RecAndPlayBk/Page-Vlink-CC-Void/txt_TransactionID'

2023-02-15 22:06:04 - [MESSAGE][PASSED] - Text '-1' is set on object 'Object Repository/RecAndPlayBk/Page-Vlink-CC-Void/txt_TransactionID'

2023-02-15 22:06:04 - [TEST_STEP][PASSED] - setText(findTestObject("Object Repository/RecAndPlayBk/Page-Vlink-CC-Void/txt_OriginalTransactionType"), "104"): Text '104' is set on object 'Object Repository/RecAndPlayBk/Page-Vlink-CC-Void/txt_OriginalTransactionType'

2023-02-15 22:06:04 - [MESSAGE][PASSED] - Text '104' is set on object 'Object Repository/RecAndPlayBk/Page-Vlink-CC-Void/txt_OriginalTransactionType'

2023-02-15 22:06:04 - [TEST_STEP][PASSED] - setText(findTestObject("Object Repository/RecAndPlayBk/Page-Vlink-CC-Void/txt_TrackData"), ""): Text '' is set on object 'Object Repository/RecAndPlayBk/Page-Vlink-CC-Void/txt_TrackData'

2023-02-15 22:06:05 - [MESSAGE][PASSED] - Text '' is set on object 'Object Repository/RecAndPlayBk/Page-Vlink-CC-Void/txt_TrackData'

2023-02-15 22:06:05 - [TEST_STEP][PASSED] - click(findTestObject("Object Repository/RecAndPlayBk/Page-Vlink-CC-Void/btn_ProcessVLinkTransaction")): Object: 'Object Repository/RecAndPlayBk/Page-Vlink-CC-Void/btn_ProcessVLinkTransaction' is clicked on

2023-02-15 22:06:06 - [MESSAGE][PASSED] - Object: 'Object Repository/RecAndPlayBk/Page-Vlink-CC-Void/btn_ProcessVLinkTransaction' is clicked on

2023-02-15 22:06:06 - [TEST_STEP][PASSED] - if (verifyTextPresent("Transaction approved, no errors", true)): null

2023-02-15 22:06:06 - [MESSAGE][PASSED] - Text 'Transaction approved, no errors' is present on page  using regular expression

2023-02-15 22:06:06 - [TEST_STEP][PASSED] - println("Transaction Approved, no errors text is present on the Confirmation page"): null

2023-02-15 22:06:06 - [TEST_STEP][PASSED] - out.println("Pass Record Number: " + row): null

2023-02-15 22:06:06 - [TEST_STEP][PASSED] - resText = "Pass": null

2023-02-15 22:06:06 - [TEST_STEP][PASSED] - pages.WriteExcel.demoKey(resText, datText, resColumn, datCloumn, fileLoc, nameSheet, row): pages.WriteExcel.demoKey is PASSED

2023-02-15 22:06:06 - [MESSAGE][PASSED] - pages.WriteExcel.demoKey is PASSED

2023-02-15 22:06:06 - [TEST_STEP][PASSED] - ExecuteTC = findTestData(dataFile).getValue("Execute", row): null

2023-02-15 22:06:07 - [TEST_STEP][PASSED] - out.println("Value of Execute is : " + ExecuteTC): null

2023-02-15 22:06:07 - [TEST_STEP][PASSED] - switch (executionProfile): null

2023-02-15 22:06:07 - [TEST_STEP][PASSED] - case "QAProfile":: null

2023-02-15 22:06:07 - [TEST_STEP][PASSED] - appID = findTestData(dataFile).getValue("AppIDQA", row): null

2023-02-15 22:06:07 - [TEST_STEP][PASSED] - username = findTestData(dataFile).getValue("UsernameQA", row): null

2023-02-15 22:06:07 - [TEST_STEP][PASSED] - password = findTestData(dataFile).getValue("PasswordQA", row): null

2023-02-15 22:06:07 - [TEST_STEP][PASSED] - break: null

2023-02-15 22:06:07 - [TEST_STEP][FAILED] - if (ExecuteTC.equalsIgnoreCase("Y")): null

2023-02-15 22:06:07 - [TEST_STEP][PASSED] - out.println("Begin Record Number: " + row): null

2023-02-15 22:06:07 - [TEST_STEP][PASSED] - today = new java.util.Date(): null

2023-02-15 22:06:07 - [TEST_STEP][PASSED] - println(today): null

2023-02-15 22:06:07 - [TEST_STEP][PASSED] - datText = today: null

2023-02-15 22:06:07 - [TEST_STEP][PASSED] - category = findTestData(dataFile).getValue("Category", row): null

2023-02-15 22:06:07 - [TEST_STEP][PASSED] - amount = findTestData(dataFile).getValue("Amount", row): null

2023-02-15 22:06:07 - [TEST_STEP][PASSED] - cardNumber = findTestData(dataFile).getValue("CardNumber", row): null

2023-02-15 22:06:07 - [TEST_STEP][PASSED] - exM = findTestData(dataFile).getValue("ExM", row): null

2023-02-15 22:06:07 - [TEST_STEP][PASSED] - exY = findTestData(dataFile).getValue("ExY", row): null

2023-02-15 22:06:07 - [TEST_STEP][PASSED] - openBrowser(VLinkURL + "authcap.html"): Browser is opened with url: 'https://dev-algorithm.govolution.com/vlinktest/QA/version_2_0/authcap.html'

2023-02-15 22:06:07 - [MESSAGE][WARNING] - A browser is already opened. Closing browser and opening a new one

2023-02-15 22:06:08 - [MESSAGE][INFO] - Starting 'Chrome' driver

2023-02-15 22:06:08 - [MESSAGE][INFO] - User set preference: ['acceptInsecureCerts', 'true']

2023-02-15 22:06:08 - [MESSAGE][INFO] - Action delay is set to 0 milliseconds

2023-02-15 22:06:10 - [MESSAGE][PASSED] - Browser is opened with url: 'https://dev-algorithm.govolution.com/vlinktest/QA/version_2_0/authcap.html'

2023-02-15 22:06:10 - [TEST_STEP][PASSED] - maximizeWindow(): Current window maximized

2023-02-15 22:06:10 - [MESSAGE][PASSED] - Current window maximized

2023-02-15 22:06:10 - [TEST_STEP][PASSED] - maximizeWindow(): Current window maximized

2023-02-15 22:06:10 - [MESSAGE][PASSED] - Current window maximized

2023-02-15 22:06:10 - [TEST_STEP][PASSED] - genRemID = RandomStringUtils.random(12, true, true): null

2023-02-15 22:06:10 - [TEST_STEP][PASSED] - setText(findTestObject("Object Repository/RecAndPlayBk/Page-Vlink-Sale/input_Remittance Id_remittance_id"), genRemID): Text 'Y76e0PdryGj2' is set on object 'Object Repository/RecAndPlayBk/Page-Vlink-Sale/input_Remittance Id_remittance_id'

2023-02-15 22:06:11 - [MESSAGE][PASSED] - Text 'Y76e0PdryGj2' is set on object 'Object Repository/RecAndPlayBk/Page-Vlink-Sale/input_Remittance Id_remittance_id'

2023-02-15 22:06:11 - [TEST_STEP][PASSED] - setText(findTestObject("Object Repository/RecAndPlayBk/Page-Vlink-Sale/input_Application Id_application_id"), appID): Text '234' is set on object 'Object Repository/RecAndPlayBk/Page-Vlink-Sale/input_Application Id_application_id'

2023-02-15 22:06:12 - [MESSAGE][PASSED] - Text '234' is set on object 'Object Repository/RecAndPlayBk/Page-Vlink-Sale/input_Application Id_application_id'

2023-02-15 22:06:12 - [TEST_STEP][PASSED] - setText(findTestObject("Object Repository/RecAndPlayBk/Page-Vlink-Sale/input_Username_username"), username): Text 'username' is set on object 'Object Repository/RecAndPlayBk/Page-Vlink-Sale/input_Username_username'

2023-02-15 22:06:12 - [MESSAGE][PASSED] - Text 'username' is set on object 'Object Repository/RecAndPlayBk/Page-Vlink-Sale/input_Username_username'

2023-02-15 22:06:12 - [TEST_STEP][PASSED] - setText(findTestObject("Object Repository/RecAndPlayBk/Page-Vlink-Sale/input_Password_password"), password): Text 'password' is set on object 'Object Repository/RecAndPlayBk/Page-Vlink-Sale/input_Password_password'

2023-02-15 22:06:13 - [MESSAGE][PASSED] - Text 'password' is set on object 'Object Repository/RecAndPlayBk/Page-Vlink-Sale/input_Password_password'

2023-02-15 22:06:13 - [TEST_STEP][PASSED] - setText(findTestObject("Object Repository/RecAndPlayBk/Page-Vlink-Sale/input_Category_category"), category): Text 'RETL' is set on object 'Object Repository/RecAndPlayBk/Page-Vlink-Sale/input_Category_category'

2023-02-15 22:06:13 - [MESSAGE][PASSED] - Text 'RETL' is set on object 'Object Repository/RecAndPlayBk/Page-Vlink-Sale/input_Category_category'

2023-02-15 22:06:13 - [TEST_STEP][PASSED] - setText(findTestObject("Object Repository/RecAndPlayBk/Page-Vlink-Sale/input_Amount_amount"), amount): Text '10.5' is set on object 'Object Repository/RecAndPlayBk/Page-Vlink-Sale/input_Amount_amount'

2023-02-15 22:06:14 - [MESSAGE][PASSED] - Text '10.5' is set on object 'Object Repository/RecAndPlayBk/Page-Vlink-Sale/input_Amount_amount'

2023-02-15 22:06:14 - [TEST_STEP][PASSED] - doubleClick(findTestObject("Object Repository/RecAndPlayBk/Page-Vlink-Sale/input_Card number_card_number")): Object: 'Object Repository/RecAndPlayBk/Page-Vlink-Sale/input_Card number_card_number' is double clicked on

2023-02-15 22:06:14 - [MESSAGE][PASSED] - Object: 'Object Repository/RecAndPlayBk/Page-Vlink-Sale/input_Card number_card_number' is double clicked on

2023-02-15 22:06:14 - [TEST_STEP][PASSED] - setText(findTestObject("Object Repository/RecAndPlayBk/Page-Vlink-Sale/input_Card number_card_number"), cardNumber): Text '370000000000002' is set on object 'Object Repository/RecAndPlayBk/Page-Vlink-Sale/input_Card number_card_number'

2023-02-15 22:06:15 - [MESSAGE][PASSED] - Text '370000000000002' is set on object 'Object Repository/RecAndPlayBk/Page-Vlink-Sale/input_Card number_card_number'

2023-02-15 22:06:15 - [TEST_STEP][PASSED] - setText(findTestObject("Object Repository/RecAndPlayBk/Page-Vlink-Sale/input_Card ex month_card_exmo"), exM): Text '12' is set on object 'Object Repository/RecAndPlayBk/Page-Vlink-Sale/input_Card ex month_card_exmo'

2023-02-15 22:06:16 - [MESSAGE][PASSED] - Text '12' is set on object 'Object Repository/RecAndPlayBk/Page-Vlink-Sale/input_Card ex month_card_exmo'

2023-02-15 22:06:16 - [TEST_STEP][PASSED] - setText(findTestObject("Object Repository/RecAndPlayBk/Page-Vlink-Sale/input_Card ex year_card_exyr"), exY): Text '2029' is set on object 'Object Repository/RecAndPlayBk/Page-Vlink-Sale/input_Card ex year_card_exyr'

2023-02-15 22:06:16 - [MESSAGE][PASSED] - Text '2029' is set on object 'Object Repository/RecAndPlayBk/Page-Vlink-Sale/input_Card ex year_card_exyr'

2023-02-15 22:06:16 - [TEST_STEP][PASSED] - click(findTestObject("Object Repository/RecAndPlayBk/Page-Vlink-Sale/input_Track Data_track_data")): Object: 'Object Repository/RecAndPlayBk/Page-Vlink-Sale/input_Track Data_track_data' is clicked on

2023-02-15 22:06:17 - [MESSAGE][PASSED] - Object: 'Object Repository/RecAndPlayBk/Page-Vlink-Sale/input_Track Data_track_data' is clicked on

2023-02-15 22:06:17 - [TEST_STEP][PASSED] - click(findTestObject("Object Repository/RecAndPlayBk/Page-Vlink-Sale/input_CVV state_cvv_state")): Object: 'Object Repository/RecAndPlayBk/Page-Vlink-Sale/input_CVV state_cvv_state' is clicked on

2023-02-15 22:06:17 - [MESSAGE][PASSED] - Object: 'Object Repository/RecAndPlayBk/Page-Vlink-Sale/input_CVV state_cvv_state' is clicked on

2023-02-15 22:06:17 - [TEST_STEP][PASSED] - setText(findTestObject("Object Repository/RecAndPlayBk/Page-Vlink-Sale/input_Track Data_track_data"), ""): Text '' is set on object 'Object Repository/RecAndPlayBk/Page-Vlink-Sale/input_Track Data_track_data'

2023-02-15 22:06:18 - [MESSAGE][PASSED] - Text '' is set on object 'Object Repository/RecAndPlayBk/Page-Vlink-Sale/input_Track Data_track_data'

2023-02-15 22:06:18 - [TEST_STEP][PASSED] - setText(findTestObject("Object Repository/RecAndPlayBk/Page-Vlink-Sale/input_concat(Cardholder, , s email)_email"), ""): Text '' is set on object 'Object Repository/RecAndPlayBk/Page-Vlink-Sale/input_concat(Cardholder, , s email)_email'

2023-02-15 22:06:18 - [MESSAGE][PASSED] - Text '' is set on object 'Object Repository/RecAndPlayBk/Page-Vlink-Sale/input_concat(Cardholder, , s email)_email'

2023-02-15 22:06:18 - [TEST_STEP][PASSED] - click(findTestObject("Object Repository/RecAndPlayBk/Page-Vlink-Sale/input_user_defined10_user_defined10")): Object: 'Object Repository/RecAndPlayBk/Page-Vlink-Sale/input_user_defined10_user_defined10' is clicked on

2023-02-15 22:06:19 - [MESSAGE][PASSED] - Object: 'Object Repository/RecAndPlayBk/Page-Vlink-Sale/input_user_defined10_user_defined10' is clicked on

2023-02-15 22:06:19 - [TEST_STEP][PASSED] - if (executionProfile.equalsIgnoreCase("QAProfile") || executionProfile.equalsIgnoreCase("DemoProfile")): Text '' is set on object 'Object Repository/RecAndPlayBk/Page-Vlink-Sale/input_COF Transaction Initiated by_cof_tran_6cded5'

2023-02-15 22:06:19 - [TEST_STEP][PASSED] - setText(findTestObject("Object Repository/RecAndPlayBk/Page-Vlink-Sale/input_Card on File Indicator_card_on_file_i_157dae"), ""): Text '' is set on object 'Object Repository/RecAndPlayBk/Page-Vlink-Sale/input_Card on File Indicator_card_on_file_i_157dae'

2023-02-15 22:06:19 - [MESSAGE][PASSED] - Text '' is set on object 'Object Repository/RecAndPlayBk/Page-Vlink-Sale/input_Card on File Indicator_card_on_file_i_157dae'

2023-02-15 22:06:19 - [TEST_STEP][PASSED] - setText(findTestObject("Object Repository/RecAndPlayBk/Page-Vlink-Sale/input_Stored Credential Indicator_stored_cr_4ae73c"), ""): Text '' is set on object 'Object Repository/RecAndPlayBk/Page-Vlink-Sale/input_Stored Credential Indicator_stored_cr_4ae73c'

2023-02-15 22:06:20 - [MESSAGE][PASSED] - Text '' is set on object 'Object Repository/RecAndPlayBk/Page-Vlink-Sale/input_Stored Credential Indicator_stored_cr_4ae73c'

2023-02-15 22:06:20 - [TEST_STEP][PASSED] - setText(findTestObject("Object Repository/RecAndPlayBk/Page-Vlink-Sale/input_COF Scheduled indicator_cof_scheduled_8df7d8"), ""): Text '' is set on object 'Object Repository/RecAndPlayBk/Page-Vlink-Sale/input_COF Scheduled indicator_cof_scheduled_8df7d8'

2023-02-15 22:06:21 - [MESSAGE][PASSED] - Text '' is set on object 'Object Repository/RecAndPlayBk/Page-Vlink-Sale/input_COF Scheduled indicator_cof_scheduled_8df7d8'

2023-02-15 22:06:21 - [TEST_STEP][PASSED] - setText(findTestObject("Object Repository/RecAndPlayBk/Page-Vlink-Sale/input_COF Transaction Initiated by_cof_tran_6cded5"), ""): Text '' is set on object 'Object Repository/RecAndPlayBk/Page-Vlink-Sale/input_COF Transaction Initiated by_cof_tran_6cded5'

2023-02-15 22:06:21 - [MESSAGE][PASSED] - Text '' is set on object 'Object Repository/RecAndPlayBk/Page-Vlink-Sale/input_COF Transaction Initiated by_cof_tran_6cded5'

2023-02-15 22:06:21 - [TEST_STEP][PASSED] - click(findTestObject("Object Repository/RecAndPlayBk/Page-Vlink-Sale/input")): Object: 'Object Repository/RecAndPlayBk/Page-Vlink-Sale/input' is clicked on

2023-02-15 22:06:22 - [MESSAGE][PASSED] - Object: 'Object Repository/RecAndPlayBk/Page-Vlink-Sale/input' is clicked on

2023-02-15 22:06:22 - [TEST_STEP][FAILED] - if (verifyTextPresent("Transaction approved, no errors", true)): Text 'Transaction approved, no errors' is not present on page  using regular expression (Root cause: com.kms.katalon.core.exception.StepFailedException: Text 'Transaction approved, no errors' is not present on page  using regular expression
	at com.kms.katalon.core.webui.keyword.internal.WebUIKeywordMain.stepFailed(WebUIKeywordMain.groovy:64)
	at com.kms.katalon.core.webui.keyword.builtin.VerifyTextPresentKeyword$_verifyTextPresent_closure1.doCall(VerifyTextPresentKeyword.groovy:79)
	at com.kms.katalon.core.webui.keyword.builtin.VerifyTextPresentKeyword$_verifyTextPresent_closure1.call(VerifyTextPresentKeyword.groovy)
	at com.kms.katalon.core.webui.keyword.internal.WebUIKeywordMain.runKeyword(WebUIKeywordMain.groovy:20)
	at com.kms.katalon.core.webui.keyword.builtin.VerifyTextPresentKeyword.verifyTextPresent(VerifyTextPresentKeyword.groovy:83)
	at com.kms.katalon.core.webui.keyword.builtin.VerifyTextPresentKeyword.execute(VerifyTextPresentKeyword.groovy:68)
	at com.kms.katalon.core.keyword.internal.KeywordExecutor.executeKeywordForPlatform(KeywordExecutor.groovy:74)
	at com.kms.katalon.core.webui.keyword.WebUiBuiltInKeywords.verifyTextPresent(WebUiBuiltInKeywords.groovy:1723)
	at com.kms.katalon.core.webui.keyword.WebUiBuiltInKeywords$verifyTextPresent$4.call(Unknown Source)
	at Sale-Void-NoTranxID.run(Sale-Void-NoTranxID:155)
	at com.kms.katalon.core.main.ScriptEngine.run(ScriptEngine.java:194)
	at com.kms.katalon.core.main.ScriptEngine.runScriptAsRawText(ScriptEngine.java:119)
	at com.kms.katalon.core.main.TestCaseExecutor.runScript(TestCaseExecutor.java:442)
	at com.kms.katalon.core.main.TestCaseExecutor.doExecute(TestCaseExecutor.java:433)
	at com.kms.katalon.core.main.TestCaseExecutor.processExecutionPhase(TestCaseExecutor.java:412)
	at com.kms.katalon.core.main.TestCaseExecutor.accessMainPhase(TestCaseExecutor.java:404)
	at com.kms.katalon.core.main.TestCaseExecutor.execute(TestCaseExecutor.java:281)
	at com.kms.katalon.core.main.TestSuiteExecutor.accessTestCaseMainPhase(TestSuiteExecutor.java:202)
	at com.kms.katalon.core.main.TestSuiteExecutor.accessTestSuiteMainPhase(TestSuiteExecutor.java:164)
	at com.kms.katalon.core.main.TestSuiteExecutor.execute(TestSuiteExecutor.java:105)
	at com.kms.katalon.core.main.TestCaseMain.startTestSuite(TestCaseMain.java:185)
	at com.kms.katalon.core.main.TestCaseMain$startTestSuite$0.call(Unknown Source)
	at TempTestSuite1676515943031.run(TempTestSuite1676515943031.groovy:36)
)

2023-02-15 22:06:22 - [MESSAGE][FAILED] - Text 'Transaction approved, no errors' is not present on page  using regular expression (Root cause: com.kms.katalon.core.exception.StepFailedException: Text 'Transaction approved, no errors' is not present on page  using regular expression
	at com.kms.katalon.core.webui.keyword.internal.WebUIKeywordMain.stepFailed(WebUIKeywordMain.groovy:64)
	at com.kms.katalon.core.webui.keyword.builtin.VerifyTextPresentKeyword$_verifyTextPresent_closure1.doCall(VerifyTextPresentKeyword.groovy:79)
	at com.kms.katalon.core.webui.keyword.builtin.VerifyTextPresentKeyword$_verifyTextPresent_closure1.call(VerifyTextPresentKeyword.groovy)
	at com.kms.katalon.core.webui.keyword.internal.WebUIKeywordMain.runKeyword(WebUIKeywordMain.groovy:20)
	at com.kms.katalon.core.webui.keyword.builtin.VerifyTextPresentKeyword.verifyTextPresent(VerifyTextPresentKeyword.groovy:83)
	at com.kms.katalon.core.webui.keyword.builtin.VerifyTextPresentKeyword.execute(VerifyTextPresentKeyword.groovy:68)
	at com.kms.katalon.core.keyword.internal.KeywordExecutor.executeKeywordForPlatform(KeywordExecutor.groovy:74)
	at com.kms.katalon.core.webui.keyword.WebUiBuiltInKeywords.verifyTextPresent(WebUiBuiltInKeywords.groovy:1723)
	at com.kms.katalon.core.webui.keyword.WebUiBuiltInKeywords$verifyTextPresent$4.call(Unknown Source)
	at Sale-Void-NoTranxID.run(Sale-Void-NoTranxID:155)
	at com.kms.katalon.core.main.ScriptEngine.run(ScriptEngine.java:194)
	at com.kms.katalon.core.main.ScriptEngine.runScriptAsRawText(ScriptEngine.java:119)
	at com.kms.katalon.core.main.TestCaseExecutor.runScript(TestCaseExecutor.java:442)
	at com.kms.katalon.core.main.TestCaseExecutor.doExecute(TestCaseExecutor.java:433)
	at com.kms.katalon.core.main.TestCaseExecutor.processExecutionPhase(TestCaseExecutor.java:412)
	at com.kms.katalon.core.main.TestCaseExecutor.accessMainPhase(TestCaseExecutor.java:404)
	at com.kms.katalon.core.main.TestCaseExecutor.execute(TestCaseExecutor.java:281)
	at com.kms.katalon.core.main.TestSuiteExecutor.accessTestCaseMainPhase(TestSuiteExecutor.java:202)
	at com.kms.katalon.core.main.TestSuiteExecutor.accessTestSuiteMainPhase(TestSuiteExecutor.java:164)
	at com.kms.katalon.core.main.TestSuiteExecutor.execute(TestSuiteExecutor.java:105)
	at com.kms.katalon.core.main.TestCaseMain.startTestSuite(TestCaseMain.java:185)
	at com.kms.katalon.core.main.TestCaseMain$startTestSuite$0.call(Unknown Source)
	at TempTestSuite1676515943031.run(TempTestSuite1676515943031.groovy:36)
)

2023-02-15 22:06:22 - [TEST_STEP][PASSED] - else: pages.WriteExcel.demoKey is PASSED

2023-02-15 22:06:22 - [TEST_STEP][PASSED] - println("Transaction Approved, no errors text is not present on the Confirmation page"): null

2023-02-15 22:06:22 - [TEST_STEP][PASSED] - out.println("Fail Record Number: " + row): null

2023-02-15 22:06:22 - [TEST_STEP][PASSED] - resText = "Fail": null

2023-02-15 22:06:22 - [TEST_STEP][PASSED] - pages.WriteExcel.demoKey(resText, datText, resColumn, datCloumn, fileLoc, nameSheet, row): pages.WriteExcel.demoKey is PASSED

2023-02-15 22:06:23 - [MESSAGE][PASSED] - pages.WriteExcel.demoKey is PASSED

2023-02-15 22:06:23 - [TEST_STEP][PASSED] - ExecuteTC = findTestData(dataFile).getValue("Execute", row): null

2023-02-15 22:06:23 - [TEST_STEP][PASSED] - out.println("Value of Execute is : " + ExecuteTC): null

2023-02-15 22:06:23 - [TEST_STEP][PASSED] - switch (executionProfile): null

2023-02-15 22:06:23 - [TEST_STEP][PASSED] - case "QAProfile":: null

2023-02-15 22:06:23 - [TEST_STEP][PASSED] - appID = findTestData(dataFile).getValue("AppIDQA", row): null

2023-02-15 22:06:23 - [TEST_STEP][PASSED] - username = findTestData(dataFile).getValue("UsernameQA", row): null

2023-02-15 22:06:23 - [TEST_STEP][PASSED] - password = findTestData(dataFile).getValue("PasswordQA", row): null

2023-02-15 22:06:23 - [TEST_STEP][PASSED] - break: null

2023-02-15 22:06:23 - [TEST_STEP][PASSED] - if (ExecuteTC.equalsIgnoreCase("Y")): null

2023-02-15 22:06:23 - [TEST_STEP][PASSED] - out.println("Begin Record Number: " + row): null

2023-02-15 22:06:23 - [TEST_STEP][PASSED] - today = new java.util.Date(): null

2023-02-15 22:06:23 - [TEST_STEP][PASSED] - println(today): null

2023-02-15 22:06:23 - [TEST_STEP][PASSED] - datText = today: null

2023-02-15 22:06:23 - [TEST_STEP][PASSED] - category = findTestData(dataFile).getValue("Category", row): null

2023-02-15 22:06:23 - [TEST_STEP][PASSED] - amount = findTestData(dataFile).getValue("Amount", row): null

2023-02-15 22:06:23 - [TEST_STEP][PASSED] - cardNumber = findTestData(dataFile).getValue("CardNumber", row): null

2023-02-15 22:06:24 - [TEST_STEP][PASSED] - exM = findTestData(dataFile).getValue("ExM", row): null

2023-02-15 22:06:24 - [TEST_STEP][PASSED] - exY = findTestData(dataFile).getValue("ExY", row): null

2023-02-15 22:06:24 - [TEST_STEP][PASSED] - openBrowser(VLinkURL + "authcap.html"): Browser is opened with url: 'https://dev-algorithm.govolution.com/vlinktest/QA/version_2_0/authcap.html'

2023-02-15 22:06:24 - [MESSAGE][WARNING] - A browser is already opened. Closing browser and opening a new one

2023-02-15 22:06:25 - [MESSAGE][INFO] - Starting 'Chrome' driver

2023-02-15 22:06:25 - [MESSAGE][INFO] - User set preference: ['acceptInsecureCerts', 'true']

2023-02-15 22:06:25 - [MESSAGE][INFO] - Action delay is set to 0 milliseconds

2023-02-15 22:06:27 - [MESSAGE][PASSED] - Browser is opened with url: 'https://dev-algorithm.govolution.com/vlinktest/QA/version_2_0/authcap.html'

2023-02-15 22:06:27 - [TEST_STEP][PASSED] - maximizeWindow(): Current window maximized

2023-02-15 22:06:27 - [MESSAGE][PASSED] - Current window maximized

2023-02-15 22:06:27 - [TEST_STEP][PASSED] - maximizeWindow(): Current window maximized

2023-02-15 22:06:27 - [MESSAGE][PASSED] - Current window maximized

2023-02-15 22:06:27 - [TEST_STEP][PASSED] - genRemID = RandomStringUtils.random(12, true, true): null

2023-02-15 22:06:27 - [TEST_STEP][PASSED] - setText(findTestObject("Object Repository/RecAndPlayBk/Page-Vlink-Sale/input_Remittance Id_remittance_id"), genRemID): Text 'v3fdcXp9Fqq4' is set on object 'Object Repository/RecAndPlayBk/Page-Vlink-Sale/input_Remittance Id_remittance_id'

2023-02-15 22:06:28 - [MESSAGE][PASSED] - Text 'v3fdcXp9Fqq4' is set on object 'Object Repository/RecAndPlayBk/Page-Vlink-Sale/input_Remittance Id_remittance_id'

2023-02-15 22:06:28 - [TEST_STEP][PASSED] - setText(findTestObject("Object Repository/RecAndPlayBk/Page-Vlink-Sale/input_Application Id_application_id"), appID): Text '87' is set on object 'Object Repository/RecAndPlayBk/Page-Vlink-Sale/input_Application Id_application_id'

2023-02-15 22:06:28 - [MESSAGE][PASSED] - Text '87' is set on object 'Object Repository/RecAndPlayBk/Page-Vlink-Sale/input_Application Id_application_id'

2023-02-15 22:06:28 - [TEST_STEP][PASSED] - setText(findTestObject("Object Repository/RecAndPlayBk/Page-Vlink-Sale/input_Username_username"), username): Text 'username' is set on object 'Object Repository/RecAndPlayBk/Page-Vlink-Sale/input_Username_username'

2023-02-15 22:06:29 - [MESSAGE][PASSED] - Text 'username' is set on object 'Object Repository/RecAndPlayBk/Page-Vlink-Sale/input_Username_username'

2023-02-15 22:06:29 - [TEST_STEP][PASSED] - setText(findTestObject("Object Repository/RecAndPlayBk/Page-Vlink-Sale/input_Password_password"), password): Text 'password' is set on object 'Object Repository/RecAndPlayBk/Page-Vlink-Sale/input_Password_password'

2023-02-15 22:06:30 - [MESSAGE][PASSED] - Text 'password' is set on object 'Object Repository/RecAndPlayBk/Page-Vlink-Sale/input_Password_password'

2023-02-15 22:06:30 - [TEST_STEP][PASSED] - setText(findTestObject("Object Repository/RecAndPlayBk/Page-Vlink-Sale/input_Category_category"), category): Text 'ECOM' is set on object 'Object Repository/RecAndPlayBk/Page-Vlink-Sale/input_Category_category'

2023-02-15 22:06:30 - [MESSAGE][PASSED] - Text 'ECOM' is set on object 'Object Repository/RecAndPlayBk/Page-Vlink-Sale/input_Category_category'

2023-02-15 22:06:30 - [TEST_STEP][PASSED] - setText(findTestObject("Object Repository/RecAndPlayBk/Page-Vlink-Sale/input_Amount_amount"), amount): Text '10.5' is set on object 'Object Repository/RecAndPlayBk/Page-Vlink-Sale/input_Amount_amount'

2023-02-15 22:06:31 - [MESSAGE][PASSED] - Text '10.5' is set on object 'Object Repository/RecAndPlayBk/Page-Vlink-Sale/input_Amount_amount'

2023-02-15 22:06:31 - [TEST_STEP][PASSED] - doubleClick(findTestObject("Object Repository/RecAndPlayBk/Page-Vlink-Sale/input_Card number_card_number")): Object: 'Object Repository/RecAndPlayBk/Page-Vlink-Sale/input_Card number_card_number' is double clicked on

2023-02-15 22:06:31 - [MESSAGE][PASSED] - Object: 'Object Repository/RecAndPlayBk/Page-Vlink-Sale/input_Card number_card_number' is double clicked on

2023-02-15 22:06:31 - [TEST_STEP][PASSED] - setText(findTestObject("Object Repository/RecAndPlayBk/Page-Vlink-Sale/input_Card number_card_number"), cardNumber): Text '4012000098765439' is set on object 'Object Repository/RecAndPlayBk/Page-Vlink-Sale/input_Card number_card_number'

2023-02-15 22:06:32 - [MESSAGE][PASSED] - Text '4012000098765439' is set on object 'Object Repository/RecAndPlayBk/Page-Vlink-Sale/input_Card number_card_number'

2023-02-15 22:06:32 - [TEST_STEP][PASSED] - setText(findTestObject("Object Repository/RecAndPlayBk/Page-Vlink-Sale/input_Card ex month_card_exmo"), exM): Text '12' is set on object 'Object Repository/RecAndPlayBk/Page-Vlink-Sale/input_Card ex month_card_exmo'

2023-02-15 22:06:32 - [MESSAGE][PASSED] - Text '12' is set on object 'Object Repository/RecAndPlayBk/Page-Vlink-Sale/input_Card ex month_card_exmo'

2023-02-15 22:06:32 - [TEST_STEP][PASSED] - setText(findTestObject("Object Repository/RecAndPlayBk/Page-Vlink-Sale/input_Card ex year_card_exyr"), exY): Text '2029' is set on object 'Object Repository/RecAndPlayBk/Page-Vlink-Sale/input_Card ex year_card_exyr'

2023-02-15 22:06:33 - [MESSAGE][PASSED] - Text '2029' is set on object 'Object Repository/RecAndPlayBk/Page-Vlink-Sale/input_Card ex year_card_exyr'

2023-02-15 22:06:33 - [TEST_STEP][PASSED] - click(findTestObject("Object Repository/RecAndPlayBk/Page-Vlink-Sale/input_Track Data_track_data")): Object: 'Object Repository/RecAndPlayBk/Page-Vlink-Sale/input_Track Data_track_data' is clicked on

2023-02-15 22:06:33 - [MESSAGE][PASSED] - Object: 'Object Repository/RecAndPlayBk/Page-Vlink-Sale/input_Track Data_track_data' is clicked on

2023-02-15 22:06:33 - [TEST_STEP][PASSED] - click(findTestObject("Object Repository/RecAndPlayBk/Page-Vlink-Sale/input_CVV state_cvv_state")): Object: 'Object Repository/RecAndPlayBk/Page-Vlink-Sale/input_CVV state_cvv_state' is clicked on

2023-02-15 22:06:34 - [MESSAGE][PASSED] - Object: 'Object Repository/RecAndPlayBk/Page-Vlink-Sale/input_CVV state_cvv_state' is clicked on

2023-02-15 22:06:34 - [TEST_STEP][PASSED] - setText(findTestObject("Object Repository/RecAndPlayBk/Page-Vlink-Sale/input_Track Data_track_data"), ""): Text '' is set on object 'Object Repository/RecAndPlayBk/Page-Vlink-Sale/input_Track Data_track_data'

2023-02-15 22:06:34 - [MESSAGE][PASSED] - Text '' is set on object 'Object Repository/RecAndPlayBk/Page-Vlink-Sale/input_Track Data_track_data'

2023-02-15 22:06:34 - [TEST_STEP][PASSED] - setText(findTestObject("Object Repository/RecAndPlayBk/Page-Vlink-Sale/input_concat(Cardholder, , s email)_email"), ""): Text '' is set on object 'Object Repository/RecAndPlayBk/Page-Vlink-Sale/input_concat(Cardholder, , s email)_email'

2023-02-15 22:06:35 - [MESSAGE][PASSED] - Text '' is set on object 'Object Repository/RecAndPlayBk/Page-Vlink-Sale/input_concat(Cardholder, , s email)_email'

2023-02-15 22:06:35 - [TEST_STEP][PASSED] - click(findTestObject("Object Repository/RecAndPlayBk/Page-Vlink-Sale/input_user_defined10_user_defined10")): Object: 'Object Repository/RecAndPlayBk/Page-Vlink-Sale/input_user_defined10_user_defined10' is clicked on

2023-02-15 22:06:35 - [MESSAGE][PASSED] - Object: 'Object Repository/RecAndPlayBk/Page-Vlink-Sale/input_user_defined10_user_defined10' is clicked on

2023-02-15 22:06:35 - [TEST_STEP][PASSED] - if (executionProfile.equalsIgnoreCase("QAProfile") || executionProfile.equalsIgnoreCase("DemoProfile")): Text '' is set on object 'Object Repository/RecAndPlayBk/Page-Vlink-Sale/input_COF Transaction Initiated by_cof_tran_6cded5'

2023-02-15 22:06:35 - [TEST_STEP][PASSED] - setText(findTestObject("Object Repository/RecAndPlayBk/Page-Vlink-Sale/input_Card on File Indicator_card_on_file_i_157dae"), ""): Text '' is set on object 'Object Repository/RecAndPlayBk/Page-Vlink-Sale/input_Card on File Indicator_card_on_file_i_157dae'

2023-02-15 22:06:36 - [MESSAGE][PASSED] - Text '' is set on object 'Object Repository/RecAndPlayBk/Page-Vlink-Sale/input_Card on File Indicator_card_on_file_i_157dae'

2023-02-15 22:06:36 - [TEST_STEP][PASSED] - setText(findTestObject("Object Repository/RecAndPlayBk/Page-Vlink-Sale/input_Stored Credential Indicator_stored_cr_4ae73c"), ""): Text '' is set on object 'Object Repository/RecAndPlayBk/Page-Vlink-Sale/input_Stored Credential Indicator_stored_cr_4ae73c'

2023-02-15 22:06:37 - [MESSAGE][PASSED] - Text '' is set on object 'Object Repository/RecAndPlayBk/Page-Vlink-Sale/input_Stored Credential Indicator_stored_cr_4ae73c'

2023-02-15 22:06:37 - [TEST_STEP][PASSED] - setText(findTestObject("Object Repository/RecAndPlayBk/Page-Vlink-Sale/input_COF Scheduled indicator_cof_scheduled_8df7d8"), ""): Text '' is set on object 'Object Repository/RecAndPlayBk/Page-Vlink-Sale/input_COF Scheduled indicator_cof_scheduled_8df7d8'

2023-02-15 22:06:37 - [MESSAGE][PASSED] - Text '' is set on object 'Object Repository/RecAndPlayBk/Page-Vlink-Sale/input_COF Scheduled indicator_cof_scheduled_8df7d8'

2023-02-15 22:06:37 - [TEST_STEP][PASSED] - setText(findTestObject("Object Repository/RecAndPlayBk/Page-Vlink-Sale/input_COF Transaction Initiated by_cof_tran_6cded5"), ""): Text '' is set on object 'Object Repository/RecAndPlayBk/Page-Vlink-Sale/input_COF Transaction Initiated by_cof_tran_6cded5'

2023-02-15 22:06:38 - [MESSAGE][PASSED] - Text '' is set on object 'Object Repository/RecAndPlayBk/Page-Vlink-Sale/input_COF Transaction Initiated by_cof_tran_6cded5'

2023-02-15 22:06:38 - [TEST_STEP][PASSED] - click(findTestObject("Object Repository/RecAndPlayBk/Page-Vlink-Sale/input")): Object: 'Object Repository/RecAndPlayBk/Page-Vlink-Sale/input' is clicked on

2023-02-15 22:06:40 - [MESSAGE][PASSED] - Object: 'Object Repository/RecAndPlayBk/Page-Vlink-Sale/input' is clicked on

2023-02-15 22:06:40 - [TEST_STEP][PASSED] - if (verifyTextPresent("Transaction approved, no errors", true)): null

2023-02-15 22:06:40 - [MESSAGE][PASSED] - Text 'Transaction approved, no errors' is present on page  using regular expression

2023-02-15 22:06:40 - [TEST_STEP][PASSED] - println("Transaction Approved, no errors text is present on the Confirmation page"): null

2023-02-15 22:06:40 - [TEST_STEP][PASSED] - sdfo = getText(findTestObject("Object Repository/Page_VLinkReceipt/pre_STX")): Text of object 'Object Repository/Page_VLinkReceipt/pre_STX' is: '<STX>v3fdcXp9Fqq4                  12126645            0  Transaction approved, no errors                   0                                                                                  N TAS808   <ETX>'

2023-02-15 22:06:40 - [MESSAGE][PASSED] - Text of object 'Object Repository/Page_VLinkReceipt/pre_STX' is: '<STX>v3fdcXp9Fqq4                  12126645            0  Transaction approved, no errors                   0                                                                                  N TAS808   <ETX>'

2023-02-15 22:06:40 - [TEST_STEP][PASSED] - out.println("sdfo: " + sdfo): null

2023-02-15 22:06:40 - [TEST_STEP][PASSED] - remID = substring(5, 35).trim(): null

2023-02-15 22:06:40 - [TEST_STEP][PASSED] - out.println("remID: " + remID): null

2023-02-15 22:06:40 - [TEST_STEP][PASSED] - traxID = substring(35, 55).trim(): null

2023-02-15 22:06:40 - [TEST_STEP][PASSED] - out.println("traxID: " + traxID): null

2023-02-15 22:06:40 - [TEST_STEP][PASSED] - VLinkSaleRemID = remID: null

2023-02-15 22:06:40 - [TEST_STEP][PASSED] - VLinkSaleTranxID = traxID: null

2023-02-15 22:06:40 - [TEST_STEP][PASSED] - openBrowser(VLinkURL + "CC_void.html"): Browser is opened with url: 'https://dev-algorithm.govolution.com/vlinktest/QA/version_2_0/CC_void.html'

2023-02-15 22:06:40 - [MESSAGE][WARNING] - A browser is already opened. Closing browser and opening a new one

2023-02-15 22:06:41 - [MESSAGE][INFO] - Starting 'Chrome' driver

2023-02-15 22:06:41 - [MESSAGE][INFO] - User set preference: ['acceptInsecureCerts', 'true']

2023-02-15 22:06:41 - [MESSAGE][INFO] - Action delay is set to 0 milliseconds

2023-02-15 22:06:43 - [MESSAGE][PASSED] - Browser is opened with url: 'https://dev-algorithm.govolution.com/vlinktest/QA/version_2_0/CC_void.html'

2023-02-15 22:06:43 - [TEST_STEP][PASSED] - maximizeWindow(): Current window maximized

2023-02-15 22:06:43 - [MESSAGE][PASSED] - Current window maximized

2023-02-15 22:06:43 - [TEST_STEP][PASSED] - setText(findTestObject("Object Repository/RecAndPlayBk/Page-Vlink-CC-Void/txt_RemID"), VLinkSaleRemID): Text 'v3fdcXp9Fqq4' is set on object 'Object Repository/RecAndPlayBk/Page-Vlink-CC-Void/txt_RemID'

2023-02-15 22:06:44 - [MESSAGE][PASSED] - Text 'v3fdcXp9Fqq4' is set on object 'Object Repository/RecAndPlayBk/Page-Vlink-CC-Void/txt_RemID'

2023-02-15 22:06:44 - [TEST_STEP][PASSED] - setText(findTestObject("Object Repository/RecAndPlayBk/Page-Vlink-CC-Void/txt_ApplicationID"), appID): Text '87' is set on object 'Object Repository/RecAndPlayBk/Page-Vlink-CC-Void/txt_ApplicationID'

2023-02-15 22:06:45 - [MESSAGE][PASSED] - Text '87' is set on object 'Object Repository/RecAndPlayBk/Page-Vlink-CC-Void/txt_ApplicationID'

2023-02-15 22:06:45 - [TEST_STEP][PASSED] - setText(findTestObject("Object Repository/RecAndPlayBk/Page-Vlink-CC-Void/txt_Username"), username): Text 'username' is set on object 'Object Repository/RecAndPlayBk/Page-Vlink-CC-Void/txt_Username'

2023-02-15 22:06:45 - [MESSAGE][PASSED] - Text 'username' is set on object 'Object Repository/RecAndPlayBk/Page-Vlink-CC-Void/txt_Username'

2023-02-15 22:06:45 - [TEST_STEP][PASSED] - setText(findTestObject("Object Repository/RecAndPlayBk/Page-Vlink-CC-Void/txt_Password"), password): Text 'password' is set on object 'Object Repository/RecAndPlayBk/Page-Vlink-CC-Void/txt_Password'

2023-02-15 22:06:46 - [MESSAGE][PASSED] - Text 'password' is set on object 'Object Repository/RecAndPlayBk/Page-Vlink-CC-Void/txt_Password'

2023-02-15 22:06:46 - [TEST_STEP][PASSED] - setText(findTestObject("Object Repository/RecAndPlayBk/Page-Vlink-CC-Void/txt_TransactionID"), "-1"): Text '-1' is set on object 'Object Repository/RecAndPlayBk/Page-Vlink-CC-Void/txt_TransactionID'

2023-02-15 22:06:47 - [MESSAGE][PASSED] - Text '-1' is set on object 'Object Repository/RecAndPlayBk/Page-Vlink-CC-Void/txt_TransactionID'

2023-02-15 22:06:47 - [TEST_STEP][PASSED] - setText(findTestObject("Object Repository/RecAndPlayBk/Page-Vlink-CC-Void/txt_OriginalTransactionType"), "104"): Text '104' is set on object 'Object Repository/RecAndPlayBk/Page-Vlink-CC-Void/txt_OriginalTransactionType'

2023-02-15 22:06:47 - [MESSAGE][PASSED] - Text '104' is set on object 'Object Repository/RecAndPlayBk/Page-Vlink-CC-Void/txt_OriginalTransactionType'

2023-02-15 22:06:47 - [TEST_STEP][PASSED] - setText(findTestObject("Object Repository/RecAndPlayBk/Page-Vlink-CC-Void/txt_TrackData"), ""): Text '' is set on object 'Object Repository/RecAndPlayBk/Page-Vlink-CC-Void/txt_TrackData'

2023-02-15 22:06:48 - [MESSAGE][PASSED] - Text '' is set on object 'Object Repository/RecAndPlayBk/Page-Vlink-CC-Void/txt_TrackData'

2023-02-15 22:06:48 - [TEST_STEP][PASSED] - click(findTestObject("Object Repository/RecAndPlayBk/Page-Vlink-CC-Void/btn_ProcessVLinkTransaction")): Object: 'Object Repository/RecAndPlayBk/Page-Vlink-CC-Void/btn_ProcessVLinkTransaction' is clicked on

2023-02-15 22:06:50 - [MESSAGE][PASSED] - Object: 'Object Repository/RecAndPlayBk/Page-Vlink-CC-Void/btn_ProcessVLinkTransaction' is clicked on

2023-02-15 22:06:50 - [TEST_STEP][PASSED] - if (verifyTextPresent("Transaction approved, no errors", true)): null

2023-02-15 22:06:51 - [MESSAGE][PASSED] - Text 'Transaction approved, no errors' is present on page  using regular expression

2023-02-15 22:06:51 - [TEST_STEP][PASSED] - println("Transaction Approved, no errors text is present on the Confirmation page"): null

2023-02-15 22:06:51 - [TEST_STEP][PASSED] - out.println("Pass Record Number: " + row): null

2023-02-15 22:06:51 - [TEST_STEP][PASSED] - resText = "Pass": null

2023-02-15 22:06:51 - [TEST_STEP][PASSED] - pages.WriteExcel.demoKey(resText, datText, resColumn, datCloumn, fileLoc, nameSheet, row): pages.WriteExcel.demoKey is PASSED

2023-02-15 22:06:51 - [MESSAGE][PASSED] - pages.WriteExcel.demoKey is PASSED

2023-02-15 22:06:51 - [TEST_STEP][PASSED] - ExecuteTC = findTestData(dataFile).getValue("Execute", row): null

2023-02-15 22:06:51 - [TEST_STEP][PASSED] - out.println("Value of Execute is : " + ExecuteTC): null

2023-02-15 22:06:51 - [TEST_STEP][PASSED] - switch (executionProfile): null

2023-02-15 22:06:51 - [TEST_STEP][PASSED] - case "QAProfile":: null

2023-02-15 22:06:51 - [TEST_STEP][PASSED] - appID = findTestData(dataFile).getValue("AppIDQA", row): null

2023-02-15 22:06:51 - [TEST_STEP][PASSED] - username = findTestData(dataFile).getValue("UsernameQA", row): null

2023-02-15 22:06:51 - [TEST_STEP][PASSED] - password = findTestData(dataFile).getValue("PasswordQA", row): null

2023-02-15 22:06:51 - [TEST_STEP][PASSED] - break: null

2023-02-15 22:06:51 - [TEST_STEP][PASSED] - if (ExecuteTC.equalsIgnoreCase("Y")): null

2023-02-15 22:06:51 - [TEST_STEP][PASSED] - out.println("Begin Record Number: " + row): null

2023-02-15 22:06:51 - [TEST_STEP][PASSED] - today = new java.util.Date(): null

2023-02-15 22:06:51 - [TEST_STEP][PASSED] - println(today): null

2023-02-15 22:06:51 - [TEST_STEP][PASSED] - datText = today: null

2023-02-15 22:06:51 - [TEST_STEP][PASSED] - category = findTestData(dataFile).getValue("Category", row): null

2023-02-15 22:06:51 - [TEST_STEP][PASSED] - amount = findTestData(dataFile).getValue("Amount", row): null

2023-02-15 22:06:51 - [TEST_STEP][PASSED] - cardNumber = findTestData(dataFile).getValue("CardNumber", row): null

2023-02-15 22:06:51 - [TEST_STEP][PASSED] - exM = findTestData(dataFile).getValue("ExM", row): null

2023-02-15 22:06:51 - [TEST_STEP][PASSED] - exY = findTestData(dataFile).getValue("ExY", row): null

2023-02-15 22:06:52 - [TEST_STEP][PASSED] - openBrowser(VLinkURL + "authcap.html"): Browser is opened with url: 'https://dev-algorithm.govolution.com/vlinktest/QA/version_2_0/authcap.html'

2023-02-15 22:06:52 - [MESSAGE][WARNING] - A browser is already opened. Closing browser and opening a new one

2023-02-15 22:06:52 - [MESSAGE][INFO] - Starting 'Chrome' driver

2023-02-15 22:06:52 - [MESSAGE][INFO] - User set preference: ['acceptInsecureCerts', 'true']

2023-02-15 22:06:52 - [MESSAGE][INFO] - Action delay is set to 0 milliseconds

2023-02-15 22:06:54 - [MESSAGE][PASSED] - Browser is opened with url: 'https://dev-algorithm.govolution.com/vlinktest/QA/version_2_0/authcap.html'

2023-02-15 22:06:54 - [TEST_STEP][PASSED] - maximizeWindow(): Current window maximized

2023-02-15 22:06:54 - [MESSAGE][PASSED] - Current window maximized

2023-02-15 22:06:54 - [TEST_STEP][PASSED] - maximizeWindow(): Current window maximized

2023-02-15 22:06:54 - [MESSAGE][PASSED] - Current window maximized

2023-02-15 22:06:54 - [TEST_STEP][PASSED] - genRemID = RandomStringUtils.random(12, true, true): null

2023-02-15 22:06:54 - [TEST_STEP][PASSED] - setText(findTestObject("Object Repository/RecAndPlayBk/Page-Vlink-Sale/input_Remittance Id_remittance_id"), genRemID): Text 'BiKENZGEurO1' is set on object 'Object Repository/RecAndPlayBk/Page-Vlink-Sale/input_Remittance Id_remittance_id'

2023-02-15 22:06:55 - [MESSAGE][PASSED] - Text 'BiKENZGEurO1' is set on object 'Object Repository/RecAndPlayBk/Page-Vlink-Sale/input_Remittance Id_remittance_id'

2023-02-15 22:06:55 - [TEST_STEP][PASSED] - setText(findTestObject("Object Repository/RecAndPlayBk/Page-Vlink-Sale/input_Application Id_application_id"), appID): Text '581' is set on object 'Object Repository/RecAndPlayBk/Page-Vlink-Sale/input_Application Id_application_id'

2023-02-15 22:06:56 - [MESSAGE][PASSED] - Text '581' is set on object 'Object Repository/RecAndPlayBk/Page-Vlink-Sale/input_Application Id_application_id'

2023-02-15 22:06:56 - [TEST_STEP][PASSED] - setText(findTestObject("Object Repository/RecAndPlayBk/Page-Vlink-Sale/input_Username_username"), username): Text 'usr581' is set on object 'Object Repository/RecAndPlayBk/Page-Vlink-Sale/input_Username_username'

2023-02-15 22:06:57 - [MESSAGE][PASSED] - Text 'usr581' is set on object 'Object Repository/RecAndPlayBk/Page-Vlink-Sale/input_Username_username'

2023-02-15 22:06:57 - [TEST_STEP][PASSED] - setText(findTestObject("Object Repository/RecAndPlayBk/Page-Vlink-Sale/input_Password_password"), password): Text 'pwd581' is set on object 'Object Repository/RecAndPlayBk/Page-Vlink-Sale/input_Password_password'

2023-02-15 22:06:57 - [MESSAGE][PASSED] - Text 'pwd581' is set on object 'Object Repository/RecAndPlayBk/Page-Vlink-Sale/input_Password_password'

2023-02-15 22:06:57 - [TEST_STEP][PASSED] - setText(findTestObject("Object Repository/RecAndPlayBk/Page-Vlink-Sale/input_Category_category"), category): Text 'ECOM' is set on object 'Object Repository/RecAndPlayBk/Page-Vlink-Sale/input_Category_category'

2023-02-15 22:06:58 - [MESSAGE][PASSED] - Text 'ECOM' is set on object 'Object Repository/RecAndPlayBk/Page-Vlink-Sale/input_Category_category'

2023-02-15 22:06:58 - [TEST_STEP][PASSED] - setText(findTestObject("Object Repository/RecAndPlayBk/Page-Vlink-Sale/input_Amount_amount"), amount): Text '10.5' is set on object 'Object Repository/RecAndPlayBk/Page-Vlink-Sale/input_Amount_amount'

2023-02-15 22:06:58 - [MESSAGE][PASSED] - Text '10.5' is set on object 'Object Repository/RecAndPlayBk/Page-Vlink-Sale/input_Amount_amount'

2023-02-15 22:06:58 - [TEST_STEP][PASSED] - doubleClick(findTestObject("Object Repository/RecAndPlayBk/Page-Vlink-Sale/input_Card number_card_number")): Object: 'Object Repository/RecAndPlayBk/Page-Vlink-Sale/input_Card number_card_number' is double clicked on

2023-02-15 22:06:59 - [MESSAGE][PASSED] - Object: 'Object Repository/RecAndPlayBk/Page-Vlink-Sale/input_Card number_card_number' is double clicked on

2023-02-15 22:06:59 - [TEST_STEP][PASSED] - setText(findTestObject("Object Repository/RecAndPlayBk/Page-Vlink-Sale/input_Card number_card_number"), cardNumber): Text '5146312200000035' is set on object 'Object Repository/RecAndPlayBk/Page-Vlink-Sale/input_Card number_card_number'

2023-02-15 22:06:59 - [MESSAGE][PASSED] - Text '5146312200000035' is set on object 'Object Repository/RecAndPlayBk/Page-Vlink-Sale/input_Card number_card_number'

2023-02-15 22:06:59 - [TEST_STEP][PASSED] - setText(findTestObject("Object Repository/RecAndPlayBk/Page-Vlink-Sale/input_Card ex month_card_exmo"), exM): Text '12' is set on object 'Object Repository/RecAndPlayBk/Page-Vlink-Sale/input_Card ex month_card_exmo'

2023-02-15 22:07:00 - [MESSAGE][PASSED] - Text '12' is set on object 'Object Repository/RecAndPlayBk/Page-Vlink-Sale/input_Card ex month_card_exmo'

2023-02-15 22:07:00 - [TEST_STEP][PASSED] - setText(findTestObject("Object Repository/RecAndPlayBk/Page-Vlink-Sale/input_Card ex year_card_exyr"), exY): Text '2029' is set on object 'Object Repository/RecAndPlayBk/Page-Vlink-Sale/input_Card ex year_card_exyr'

2023-02-15 22:07:01 - [MESSAGE][PASSED] - Text '2029' is set on object 'Object Repository/RecAndPlayBk/Page-Vlink-Sale/input_Card ex year_card_exyr'

2023-02-15 22:07:01 - [TEST_STEP][PASSED] - click(findTestObject("Object Repository/RecAndPlayBk/Page-Vlink-Sale/input_Track Data_track_data")): Object: 'Object Repository/RecAndPlayBk/Page-Vlink-Sale/input_Track Data_track_data' is clicked on

2023-02-15 22:07:01 - [MESSAGE][PASSED] - Object: 'Object Repository/RecAndPlayBk/Page-Vlink-Sale/input_Track Data_track_data' is clicked on

2023-02-15 22:07:01 - [TEST_STEP][PASSED] - click(findTestObject("Object Repository/RecAndPlayBk/Page-Vlink-Sale/input_CVV state_cvv_state")): Object: 'Object Repository/RecAndPlayBk/Page-Vlink-Sale/input_CVV state_cvv_state' is clicked on

2023-02-15 22:07:01 - [MESSAGE][PASSED] - Object: 'Object Repository/RecAndPlayBk/Page-Vlink-Sale/input_CVV state_cvv_state' is clicked on

2023-02-15 22:07:01 - [TEST_STEP][PASSED] - setText(findTestObject("Object Repository/RecAndPlayBk/Page-Vlink-Sale/input_Track Data_track_data"), ""): Text '' is set on object 'Object Repository/RecAndPlayBk/Page-Vlink-Sale/input_Track Data_track_data'

2023-02-15 22:07:02 - [MESSAGE][PASSED] - Text '' is set on object 'Object Repository/RecAndPlayBk/Page-Vlink-Sale/input_Track Data_track_data'

2023-02-15 22:07:02 - [TEST_STEP][PASSED] - setText(findTestObject("Object Repository/RecAndPlayBk/Page-Vlink-Sale/input_concat(Cardholder, , s email)_email"), ""): Text '' is set on object 'Object Repository/RecAndPlayBk/Page-Vlink-Sale/input_concat(Cardholder, , s email)_email'

2023-02-15 22:07:03 - [MESSAGE][PASSED] - Text '' is set on object 'Object Repository/RecAndPlayBk/Page-Vlink-Sale/input_concat(Cardholder, , s email)_email'

2023-02-15 22:07:03 - [TEST_STEP][PASSED] - click(findTestObject("Object Repository/RecAndPlayBk/Page-Vlink-Sale/input_user_defined10_user_defined10")): Object: 'Object Repository/RecAndPlayBk/Page-Vlink-Sale/input_user_defined10_user_defined10' is clicked on

2023-02-15 22:07:03 - [MESSAGE][PASSED] - Object: 'Object Repository/RecAndPlayBk/Page-Vlink-Sale/input_user_defined10_user_defined10' is clicked on

2023-02-15 22:07:03 - [TEST_STEP][PASSED] - if (executionProfile.equalsIgnoreCase("QAProfile") || executionProfile.equalsIgnoreCase("DemoProfile")): Text '' is set on object 'Object Repository/RecAndPlayBk/Page-Vlink-Sale/input_COF Transaction Initiated by_cof_tran_6cded5'

2023-02-15 22:07:03 - [TEST_STEP][PASSED] - setText(findTestObject("Object Repository/RecAndPlayBk/Page-Vlink-Sale/input_Card on File Indicator_card_on_file_i_157dae"), ""): Text '' is set on object 'Object Repository/RecAndPlayBk/Page-Vlink-Sale/input_Card on File Indicator_card_on_file_i_157dae'

2023-02-15 22:07:04 - [MESSAGE][PASSED] - Text '' is set on object 'Object Repository/RecAndPlayBk/Page-Vlink-Sale/input_Card on File Indicator_card_on_file_i_157dae'

2023-02-15 22:07:04 - [TEST_STEP][PASSED] - setText(findTestObject("Object Repository/RecAndPlayBk/Page-Vlink-Sale/input_Stored Credential Indicator_stored_cr_4ae73c"), ""): Text '' is set on object 'Object Repository/RecAndPlayBk/Page-Vlink-Sale/input_Stored Credential Indicator_stored_cr_4ae73c'

2023-02-15 22:07:04 - [MESSAGE][PASSED] - Text '' is set on object 'Object Repository/RecAndPlayBk/Page-Vlink-Sale/input_Stored Credential Indicator_stored_cr_4ae73c'

2023-02-15 22:07:04 - [TEST_STEP][PASSED] - setText(findTestObject("Object Repository/RecAndPlayBk/Page-Vlink-Sale/input_COF Scheduled indicator_cof_scheduled_8df7d8"), ""): Text '' is set on object 'Object Repository/RecAndPlayBk/Page-Vlink-Sale/input_COF Scheduled indicator_cof_scheduled_8df7d8'

2023-02-15 22:07:05 - [MESSAGE][PASSED] - Text '' is set on object 'Object Repository/RecAndPlayBk/Page-Vlink-Sale/input_COF Scheduled indicator_cof_scheduled_8df7d8'

2023-02-15 22:07:05 - [TEST_STEP][PASSED] - setText(findTestObject("Object Repository/RecAndPlayBk/Page-Vlink-Sale/input_COF Transaction Initiated by_cof_tran_6cded5"), ""): Text '' is set on object 'Object Repository/RecAndPlayBk/Page-Vlink-Sale/input_COF Transaction Initiated by_cof_tran_6cded5'

2023-02-15 22:07:06 - [MESSAGE][PASSED] - Text '' is set on object 'Object Repository/RecAndPlayBk/Page-Vlink-Sale/input_COF Transaction Initiated by_cof_tran_6cded5'

2023-02-15 22:07:06 - [TEST_STEP][PASSED] - click(findTestObject("Object Repository/RecAndPlayBk/Page-Vlink-Sale/input")): Object: 'Object Repository/RecAndPlayBk/Page-Vlink-Sale/input' is clicked on

2023-02-15 22:07:07 - [MESSAGE][PASSED] - Object: 'Object Repository/RecAndPlayBk/Page-Vlink-Sale/input' is clicked on

2023-02-15 22:07:07 - [TEST_STEP][PASSED] - if (verifyTextPresent("Transaction approved, no errors", true)): null

2023-02-15 22:07:07 - [MESSAGE][PASSED] - Text 'Transaction approved, no errors' is present on page  using regular expression

2023-02-15 22:07:07 - [TEST_STEP][PASSED] - println("Transaction Approved, no errors text is present on the Confirmation page"): null

2023-02-15 22:07:07 - [TEST_STEP][PASSED] - sdfo = getText(findTestObject("Object Repository/Page_VLinkReceipt/pre_STX")): Text of object 'Object Repository/Page_VLinkReceipt/pre_STX' is: '<STX>BiKENZGEurO1                  12126647            0  Transaction approved, no errors                   0                                                                                  Y 000059   <ETX>'

2023-02-15 22:07:07 - [MESSAGE][PASSED] - Text of object 'Object Repository/Page_VLinkReceipt/pre_STX' is: '<STX>BiKENZGEurO1                  12126647            0  Transaction approved, no errors                   0                                                                                  Y 000059   <ETX>'

2023-02-15 22:07:07 - [TEST_STEP][PASSED] - out.println("sdfo: " + sdfo): null

2023-02-15 22:07:07 - [TEST_STEP][PASSED] - remID = substring(5, 35).trim(): null

2023-02-15 22:07:07 - [TEST_STEP][PASSED] - out.println("remID: " + remID): null

2023-02-15 22:07:07 - [TEST_STEP][PASSED] - traxID = substring(35, 55).trim(): null

2023-02-15 22:07:07 - [TEST_STEP][PASSED] - out.println("traxID: " + traxID): null

2023-02-15 22:07:07 - [TEST_STEP][PASSED] - VLinkSaleRemID = remID: null

2023-02-15 22:07:07 - [TEST_STEP][PASSED] - VLinkSaleTranxID = traxID: null

2023-02-15 22:07:07 - [TEST_STEP][PASSED] - openBrowser(VLinkURL + "CC_void.html"): Browser is opened with url: 'https://dev-algorithm.govolution.com/vlinktest/QA/version_2_0/CC_void.html'

2023-02-15 22:07:07 - [MESSAGE][WARNING] - A browser is already opened. Closing browser and opening a new one

2023-02-15 22:07:08 - [MESSAGE][INFO] - Starting 'Chrome' driver

2023-02-15 22:07:08 - [MESSAGE][INFO] - User set preference: ['acceptInsecureCerts', 'true']

2023-02-15 22:07:08 - [MESSAGE][INFO] - Action delay is set to 0 milliseconds

2023-02-15 22:07:10 - [MESSAGE][PASSED] - Browser is opened with url: 'https://dev-algorithm.govolution.com/vlinktest/QA/version_2_0/CC_void.html'

2023-02-15 22:07:10 - [TEST_STEP][PASSED] - maximizeWindow(): Current window maximized

2023-02-15 22:07:10 - [MESSAGE][PASSED] - Current window maximized

2023-02-15 22:07:10 - [TEST_STEP][PASSED] - setText(findTestObject("Object Repository/RecAndPlayBk/Page-Vlink-CC-Void/txt_RemID"), VLinkSaleRemID): Text 'BiKENZGEurO1' is set on object 'Object Repository/RecAndPlayBk/Page-Vlink-CC-Void/txt_RemID'

2023-02-15 22:07:11 - [MESSAGE][PASSED] - Text 'BiKENZGEurO1' is set on object 'Object Repository/RecAndPlayBk/Page-Vlink-CC-Void/txt_RemID'

2023-02-15 22:07:11 - [TEST_STEP][PASSED] - setText(findTestObject("Object Repository/RecAndPlayBk/Page-Vlink-CC-Void/txt_ApplicationID"), appID): Text '581' is set on object 'Object Repository/RecAndPlayBk/Page-Vlink-CC-Void/txt_ApplicationID'

2023-02-15 22:07:11 - [MESSAGE][PASSED] - Text '581' is set on object 'Object Repository/RecAndPlayBk/Page-Vlink-CC-Void/txt_ApplicationID'

2023-02-15 22:07:11 - [TEST_STEP][PASSED] - setText(findTestObject("Object Repository/RecAndPlayBk/Page-Vlink-CC-Void/txt_Username"), username): Text 'usr581' is set on object 'Object Repository/RecAndPlayBk/Page-Vlink-CC-Void/txt_Username'

2023-02-15 22:07:12 - [MESSAGE][PASSED] - Text 'usr581' is set on object 'Object Repository/RecAndPlayBk/Page-Vlink-CC-Void/txt_Username'

2023-02-15 22:07:12 - [TEST_STEP][PASSED] - setText(findTestObject("Object Repository/RecAndPlayBk/Page-Vlink-CC-Void/txt_Password"), password): Text 'pwd581' is set on object 'Object Repository/RecAndPlayBk/Page-Vlink-CC-Void/txt_Password'

2023-02-15 22:07:13 - [MESSAGE][PASSED] - Text 'pwd581' is set on object 'Object Repository/RecAndPlayBk/Page-Vlink-CC-Void/txt_Password'

2023-02-15 22:07:13 - [TEST_STEP][PASSED] - setText(findTestObject("Object Repository/RecAndPlayBk/Page-Vlink-CC-Void/txt_TransactionID"), "-1"): Text '-1' is set on object 'Object Repository/RecAndPlayBk/Page-Vlink-CC-Void/txt_TransactionID'

2023-02-15 22:07:13 - [MESSAGE][PASSED] - Text '-1' is set on object 'Object Repository/RecAndPlayBk/Page-Vlink-CC-Void/txt_TransactionID'

2023-02-15 22:07:13 - [TEST_STEP][PASSED] - setText(findTestObject("Object Repository/RecAndPlayBk/Page-Vlink-CC-Void/txt_OriginalTransactionType"), "104"): Text '104' is set on object 'Object Repository/RecAndPlayBk/Page-Vlink-CC-Void/txt_OriginalTransactionType'

2023-02-15 22:07:14 - [MESSAGE][PASSED] - Text '104' is set on object 'Object Repository/RecAndPlayBk/Page-Vlink-CC-Void/txt_OriginalTransactionType'

2023-02-15 22:07:14 - [TEST_STEP][PASSED] - setText(findTestObject("Object Repository/RecAndPlayBk/Page-Vlink-CC-Void/txt_TrackData"), ""): Text '' is set on object 'Object Repository/RecAndPlayBk/Page-Vlink-CC-Void/txt_TrackData'

2023-02-15 22:07:14 - [MESSAGE][PASSED] - Text '' is set on object 'Object Repository/RecAndPlayBk/Page-Vlink-CC-Void/txt_TrackData'

2023-02-15 22:07:14 - [TEST_STEP][PASSED] - click(findTestObject("Object Repository/RecAndPlayBk/Page-Vlink-CC-Void/btn_ProcessVLinkTransaction")): Object: 'Object Repository/RecAndPlayBk/Page-Vlink-CC-Void/btn_ProcessVLinkTransaction' is clicked on

2023-02-15 22:07:16 - [MESSAGE][PASSED] - Object: 'Object Repository/RecAndPlayBk/Page-Vlink-CC-Void/btn_ProcessVLinkTransaction' is clicked on

2023-02-15 22:07:16 - [TEST_STEP][PASSED] - if (verifyTextPresent("Transaction approved, no errors", true)): null

2023-02-15 22:07:16 - [MESSAGE][PASSED] - Text 'Transaction approved, no errors' is present on page  using regular expression

2023-02-15 22:07:16 - [TEST_STEP][PASSED] - println("Transaction Approved, no errors text is present on the Confirmation page"): null

2023-02-15 22:07:16 - [TEST_STEP][PASSED] - out.println("Pass Record Number: " + row): null

2023-02-15 22:07:16 - [TEST_STEP][PASSED] - resText = "Pass": null

2023-02-15 22:07:16 - [TEST_STEP][PASSED] - pages.WriteExcel.demoKey(resText, datText, resColumn, datCloumn, fileLoc, nameSheet, row): pages.WriteExcel.demoKey is PASSED

2023-02-15 22:07:16 - [MESSAGE][PASSED] - pages.WriteExcel.demoKey is PASSED]]></system-out>
         <system-err><![CDATA[2023-02-15 22:05:14 - [TEST_CASE][FAILED] - Test Cases/RecAndPlayBk/VLink/Sale-Void-NoTranxID: Test Cases/RecAndPlayBk/VLink/Sale-Void-NoTranxID FAILED.
Reason:
com.kms.katalon.core.exception.StepFailedException: Text 'Transaction approved, no errors' is not present on page  using regular expression (Root cause: com.kms.katalon.core.exception.StepFailedException: Text 'Transaction approved, no errors' is not present on page  using regular expression
	at com.kms.katalon.core.webui.keyword.internal.WebUIKeywordMain.stepFailed(WebUIKeywordMain.groovy:64)
	at com.kms.katalon.core.webui.keyword.builtin.VerifyTextPresentKeyword$_verifyTextPresent_closure1.doCall(VerifyTextPresentKeyword.groovy:79)
	at com.kms.katalon.core.webui.keyword.builtin.VerifyTextPresentKeyword$_verifyTextPresent_closure1.call(VerifyTextPresentKeyword.groovy)
	at com.kms.katalon.core.webui.keyword.internal.WebUIKeywordMain.runKeyword(WebUIKeywordMain.groovy:20)
	at com.kms.katalon.core.webui.keyword.builtin.VerifyTextPresentKeyword.verifyTextPresent(VerifyTextPresentKeyword.groovy:83)
	at com.kms.katalon.core.webui.keyword.builtin.VerifyTextPresentKeyword.execute(VerifyTextPresentKeyword.groovy:68)
	at com.kms.katalon.core.keyword.internal.KeywordExecutor.executeKeywordForPlatform(KeywordExecutor.groovy:74)
	at com.kms.katalon.core.webui.keyword.WebUiBuiltInKeywords.verifyTextPresent(WebUiBuiltInKeywords.groovy:1723)
	at com.kms.katalon.core.webui.keyword.WebUiBuiltInKeywords$verifyTextPresent$4.call(Unknown Source)
	at Sale-Void-NoTranxID.run(Sale-Void-NoTranxID:155)
	at com.kms.katalon.core.main.ScriptEngine.run(ScriptEngine.java:194)
	at com.kms.katalon.core.main.ScriptEngine.runScriptAsRawText(ScriptEngine.java:119)
	at com.kms.katalon.core.main.TestCaseExecutor.runScript(TestCaseExecutor.java:442)
	at com.kms.katalon.core.main.TestCaseExecutor.doExecute(TestCaseExecutor.java:433)
	at com.kms.katalon.core.main.TestCaseExecutor.processExecutionPhase(TestCaseExecutor.java:412)
	at com.kms.katalon.core.main.TestCaseExecutor.accessMainPhase(TestCaseExecutor.java:404)
	at com.kms.katalon.core.main.TestCaseExecutor.execute(TestCaseExecutor.java:281)
	at com.kms.katalon.core.main.TestSuiteExecutor.accessTestCaseMainPhase(TestSuiteExecutor.java:202)
	at com.kms.katalon.core.main.TestSuiteExecutor.accessTestSuiteMainPhase(TestSuiteExecutor.java:164)
	at com.kms.katalon.core.main.TestSuiteExecutor.execute(TestSuiteExecutor.java:105)
	at com.kms.katalon.core.main.TestCaseMain.startTestSuite(TestCaseMain.java:185)
	at com.kms.katalon.core.main.TestCaseMain$startTestSuite$0.call(Unknown Source)
	at TempTestSuite1676515943031.run(TempTestSuite1676515943031.groovy:36)
)
	at com.kms.katalon.core.keyword.internal.KeywordMain.stepFailed(KeywordMain.groovy:39)
	at com.kms.katalon.core.webui.keyword.internal.WebUIKeywordMain.stepFailed(WebUIKeywordMain.groovy:64)
	at com.kms.katalon.core.webui.keyword.builtin.VerifyTextPresentKeyword$_verifyTextPresent_closure1.doCall(VerifyTextPresentKeyword.groovy:79)
	at com.kms.katalon.core.webui.keyword.builtin.VerifyTextPresentKeyword$_verifyTextPresent_closure1.call(VerifyTextPresentKeyword.groovy)
	at com.kms.katalon.core.webui.keyword.internal.WebUIKeywordMain.runKeyword(WebUIKeywordMain.groovy:20)
	at com.kms.katalon.core.webui.keyword.builtin.VerifyTextPresentKeyword.verifyTextPresent(VerifyTextPresentKeyword.groovy:83)
	at com.kms.katalon.core.webui.keyword.builtin.VerifyTextPresentKeyword.execute(VerifyTextPresentKeyword.groovy:68)
	at com.kms.katalon.core.keyword.internal.KeywordExecutor.executeKeywordForPlatform(KeywordExecutor.groovy:74)
	at com.kms.katalon.core.webui.keyword.WebUiBuiltInKeywords.verifyTextPresent(WebUiBuiltInKeywords.groovy:1723)
	at com.kms.katalon.core.webui.keyword.WebUiBuiltInKeywords$verifyTextPresent$4.call(Unknown Source)
	at Sale-Void-NoTranxID.run(Sale-Void-NoTranxID:155)
	at com.kms.katalon.core.main.ScriptEngine.run(ScriptEngine.java:194)
	at com.kms.katalon.core.main.ScriptEngine.runScriptAsRawText(ScriptEngine.java:119)
	at com.kms.katalon.core.main.TestCaseExecutor.runScript(TestCaseExecutor.java:442)
	at com.kms.katalon.core.main.TestCaseExecutor.doExecute(TestCaseExecutor.java:433)
	at com.kms.katalon.core.main.TestCaseExecutor.processExecutionPhase(TestCaseExecutor.java:412)
	at com.kms.katalon.core.main.TestCaseExecutor.accessMainPhase(TestCaseExecutor.java:404)
	at com.kms.katalon.core.main.TestCaseExecutor.execute(TestCaseExecutor.java:281)
	at com.kms.katalon.core.main.TestSuiteExecutor.accessTestCaseMainPhase(TestSuiteExecutor.java:202)
	at com.kms.katalon.core.main.TestSuiteExecutor.accessTestSuiteMainPhase(TestSuiteExecutor.java:164)
	at com.kms.katalon.core.main.TestSuiteExecutor.execute(TestSuiteExecutor.java:105)
	at com.kms.katalon.core.main.TestCaseMain.startTestSuite(TestCaseMain.java:185)
	at com.kms.katalon.core.main.TestCaseMain$startTestSuite$0.call(Unknown Source)
	at TempTestSuite1676515943031.run(TempTestSuite1676515943031.groovy:36)
Caused by: com.kms.katalon.core.exception.StepFailedException: Text 'Transaction approved, no errors' is not present on page  using regular expression
	... 23 more]]></system-err>
      </testcase>
      <testcase name="Test Cases/RecAndPlayBk/VLink/Sale-Credit-Void" time="167.435" classname="Test Cases/RecAndPlayBk/VLink/Sale-Credit-Void" status="FAILED">
         <failure type="FAILED" message="Test Cases/RecAndPlayBk/VLink/Sale-Credit-Void FAILED.
Reason:
com.kms.katalon.core.exception.StepFailedException: Text 'Transaction approved, no errors' is not present on page  using regular expression (Root cause: com.kms.katalon.core.exception.StepFailedException: Text 'Transaction approved, no errors' is not present on page  using regular expression
	at com.kms.katalon.core.webui.keyword.internal.WebUIKeywordMain.stepFailed(WebUIKeywordMain.groovy:64)
	at com.kms.katalon.core.webui.keyword.builtin.VerifyTextPresentKeyword$_verifyTextPresent_closure1.doCall(VerifyTextPresentKeyword.groovy:79)
	at com.kms.katalon.core.webui.keyword.builtin.VerifyTextPresentKeyword$_verifyTextPresent_closure1.call(VerifyTextPresentKeyword.groovy)
	at com.kms.katalon.core.webui.keyword.internal.WebUIKeywordMain.runKeyword(WebUIKeywordMain.groovy:20)
	at com.kms.katalon.core.webui.keyword.builtin.VerifyTextPresentKeyword.verifyTextPresent(VerifyTextPresentKeyword.groovy:83)
	at com.kms.katalon.core.webui.keyword.builtin.VerifyTextPresentKeyword.execute(VerifyTextPresentKeyword.groovy:68)
	at com.kms.katalon.core.keyword.internal.KeywordExecutor.executeKeywordForPlatform(KeywordExecutor.groovy:74)
	at com.kms.katalon.core.webui.keyword.WebUiBuiltInKeywords.verifyTextPresent(WebUiBuiltInKeywords.groovy:1723)
	at com.kms.katalon.core.webui.keyword.WebUiBuiltInKeywords$verifyTextPresent$4.call(Unknown Source)
	at Sale-Credit-Void.run(Sale-Credit-Void:155)
	at com.kms.katalon.core.main.ScriptEngine.run(ScriptEngine.java:194)
	at com.kms.katalon.core.main.ScriptEngine.runScriptAsRawText(ScriptEngine.java:119)
	at com.kms.katalon.core.main.TestCaseExecutor.runScript(TestCaseExecutor.java:442)
	at com.kms.katalon.core.main.TestCaseExecutor.doExecute(TestCaseExecutor.java:433)
	at com.kms.katalon.core.main.TestCaseExecutor.processExecutionPhase(TestCaseExecutor.java:412)
	at com.kms.katalon.core.main.TestCaseExecutor.accessMainPhase(TestCaseExecutor.java:404)
	at com.kms.katalon.core.main.TestCaseExecutor.execute(TestCaseExecutor.java:281)
	at com.kms.katalon.core.main.TestSuiteExecutor.accessTestCaseMainPhase(TestSuiteExecutor.java:202)
	at com.kms.katalon.core.main.TestSuiteExecutor.accessTestSuiteMainPhase(TestSuiteExecutor.java:164)
	at com.kms.katalon.core.main.TestSuiteExecutor.execute(TestSuiteExecutor.java:105)
	at com.kms.katalon.core.main.TestCaseMain.startTestSuite(TestCaseMain.java:185)
	at com.kms.katalon.core.main.TestCaseMain$startTestSuite$0.call(Unknown Source)
	at TempTestSuite1676515943031.run(TempTestSuite1676515943031.groovy:36)
)
	at com.kms.katalon.core.keyword.internal.KeywordMain.stepFailed(KeywordMain.groovy:39)
	at com.kms.katalon.core.webui.keyword.internal.WebUIKeywordMain.stepFailed(WebUIKeywordMain.groovy:64)
	at com.kms.katalon.core.webui.keyword.builtin.VerifyTextPresentKeyword$_verifyTextPresent_closure1.doCall(VerifyTextPresentKeyword.groovy:79)
	at com.kms.katalon.core.webui.keyword.builtin.VerifyTextPresentKeyword$_verifyTextPresent_closure1.call(VerifyTextPresentKeyword.groovy)
	at com.kms.katalon.core.webui.keyword.internal.WebUIKeywordMain.runKeyword(WebUIKeywordMain.groovy:20)
	at com.kms.katalon.core.webui.keyword.builtin.VerifyTextPresentKeyword.verifyTextPresent(VerifyTextPresentKeyword.groovy:83)
	at com.kms.katalon.core.webui.keyword.builtin.VerifyTextPresentKeyword.execute(VerifyTextPresentKeyword.groovy:68)
	at com.kms.katalon.core.keyword.internal.KeywordExecutor.executeKeywordForPlatform(KeywordExecutor.groovy:74)
	at com.kms.katalon.core.webui.keyword.WebUiBuiltInKeywords.verifyTextPresent(WebUiBuiltInKeywords.groovy:1723)
	at com.kms.katalon.core.webui.keyword.WebUiBuiltInKeywords$verifyTextPresent$4.call(Unknown Source)
	at Sale-Credit-Void.run(Sale-Credit-Void:155)
	at com.kms.katalon.core.main.ScriptEngine.run(ScriptEngine.java:194)
	at com.kms.katalon.core.main.ScriptEngine.runScriptAsRawText(ScriptEngine.java:119)
	at com.kms.katalon.core.main.TestCaseExecutor.runScript(TestCaseExecutor.java:442)
	at com.kms.katalon.core.main.TestCaseExecutor.doExecute(TestCaseExecutor.java:433)
	at com.kms.katalon.core.main.TestCaseExecutor.processExecutionPhase(TestCaseExecutor.java:412)
	at com.kms.katalon.core.main.TestCaseExecutor.accessMainPhase(TestCaseExecutor.java:404)
	at com.kms.katalon.core.main.TestCaseExecutor.execute(TestCaseExecutor.java:281)
	at com.kms.katalon.core.main.TestSuiteExecutor.accessTestCaseMainPhase(TestSuiteExecutor.java:202)
	at com.kms.katalon.core.main.TestSuiteExecutor.accessTestSuiteMainPhase(TestSuiteExecutor.java:164)
	at com.kms.katalon.core.main.TestSuiteExecutor.execute(TestSuiteExecutor.java:105)
	at com.kms.katalon.core.main.TestCaseMain.startTestSuite(TestCaseMain.java:185)
	at com.kms.katalon.core.main.TestCaseMain$startTestSuite$0.call(Unknown Source)
	at TempTestSuite1676515943031.run(TempTestSuite1676515943031.groovy:36)
Caused by: com.kms.katalon.core.exception.StepFailedException: Text 'Transaction approved, no errors' is not present on page  using regular expression
	... 23 more
"/>
         <system-out><![CDATA[2023-02-15 22:07:16 - [TEST_CASE][FAILED] - Test Cases/RecAndPlayBk/VLink/Sale-Credit-Void: Test Cases/RecAndPlayBk/VLink/Sale-Credit-Void FAILED.
Reason:
com.kms.katalon.core.exception.StepFailedException: Text 'Transaction approved, no errors' is not present on page  using regular expression (Root cause: com.kms.katalon.core.exception.StepFailedException: Text 'Transaction approved, no errors' is not present on page  using regular expression
	at com.kms.katalon.core.webui.keyword.internal.WebUIKeywordMain.stepFailed(WebUIKeywordMain.groovy:64)
	at com.kms.katalon.core.webui.keyword.builtin.VerifyTextPresentKeyword$_verifyTextPresent_closure1.doCall(VerifyTextPresentKeyword.groovy:79)
	at com.kms.katalon.core.webui.keyword.builtin.VerifyTextPresentKeyword$_verifyTextPresent_closure1.call(VerifyTextPresentKeyword.groovy)
	at com.kms.katalon.core.webui.keyword.internal.WebUIKeywordMain.runKeyword(WebUIKeywordMain.groovy:20)
	at com.kms.katalon.core.webui.keyword.builtin.VerifyTextPresentKeyword.verifyTextPresent(VerifyTextPresentKeyword.groovy:83)
	at com.kms.katalon.core.webui.keyword.builtin.VerifyTextPresentKeyword.execute(VerifyTextPresentKeyword.groovy:68)
	at com.kms.katalon.core.keyword.internal.KeywordExecutor.executeKeywordForPlatform(KeywordExecutor.groovy:74)
	at com.kms.katalon.core.webui.keyword.WebUiBuiltInKeywords.verifyTextPresent(WebUiBuiltInKeywords.groovy:1723)
	at com.kms.katalon.core.webui.keyword.WebUiBuiltInKeywords$verifyTextPresent$4.call(Unknown Source)
	at Sale-Credit-Void.run(Sale-Credit-Void:155)
	at com.kms.katalon.core.main.ScriptEngine.run(ScriptEngine.java:194)
	at com.kms.katalon.core.main.ScriptEngine.runScriptAsRawText(ScriptEngine.java:119)
	at com.kms.katalon.core.main.TestCaseExecutor.runScript(TestCaseExecutor.java:442)
	at com.kms.katalon.core.main.TestCaseExecutor.doExecute(TestCaseExecutor.java:433)
	at com.kms.katalon.core.main.TestCaseExecutor.processExecutionPhase(TestCaseExecutor.java:412)
	at com.kms.katalon.core.main.TestCaseExecutor.accessMainPhase(TestCaseExecutor.java:404)
	at com.kms.katalon.core.main.TestCaseExecutor.execute(TestCaseExecutor.java:281)
	at com.kms.katalon.core.main.TestSuiteExecutor.accessTestCaseMainPhase(TestSuiteExecutor.java:202)
	at com.kms.katalon.core.main.TestSuiteExecutor.accessTestSuiteMainPhase(TestSuiteExecutor.java:164)
	at com.kms.katalon.core.main.TestSuiteExecutor.execute(TestSuiteExecutor.java:105)
	at com.kms.katalon.core.main.TestCaseMain.startTestSuite(TestCaseMain.java:185)
	at com.kms.katalon.core.main.TestCaseMain$startTestSuite$0.call(Unknown Source)
	at TempTestSuite1676515943031.run(TempTestSuite1676515943031.groovy:36)
)
	at com.kms.katalon.core.keyword.internal.KeywordMain.stepFailed(KeywordMain.groovy:39)
	at com.kms.katalon.core.webui.keyword.internal.WebUIKeywordMain.stepFailed(WebUIKeywordMain.groovy:64)
	at com.kms.katalon.core.webui.keyword.builtin.VerifyTextPresentKeyword$_verifyTextPresent_closure1.doCall(VerifyTextPresentKeyword.groovy:79)
	at com.kms.katalon.core.webui.keyword.builtin.VerifyTextPresentKeyword$_verifyTextPresent_closure1.call(VerifyTextPresentKeyword.groovy)
	at com.kms.katalon.core.webui.keyword.internal.WebUIKeywordMain.runKeyword(WebUIKeywordMain.groovy:20)
	at com.kms.katalon.core.webui.keyword.builtin.VerifyTextPresentKeyword.verifyTextPresent(VerifyTextPresentKeyword.groovy:83)
	at com.kms.katalon.core.webui.keyword.builtin.VerifyTextPresentKeyword.execute(VerifyTextPresentKeyword.groovy:68)
	at com.kms.katalon.core.keyword.internal.KeywordExecutor.executeKeywordForPlatform(KeywordExecutor.groovy:74)
	at com.kms.katalon.core.webui.keyword.WebUiBuiltInKeywords.verifyTextPresent(WebUiBuiltInKeywords.groovy:1723)
	at com.kms.katalon.core.webui.keyword.WebUiBuiltInKeywords$verifyTextPresent$4.call(Unknown Source)
	at Sale-Credit-Void.run(Sale-Credit-Void:155)
	at com.kms.katalon.core.main.ScriptEngine.run(ScriptEngine.java:194)
	at com.kms.katalon.core.main.ScriptEngine.runScriptAsRawText(ScriptEngine.java:119)
	at com.kms.katalon.core.main.TestCaseExecutor.runScript(TestCaseExecutor.java:442)
	at com.kms.katalon.core.main.TestCaseExecutor.doExecute(TestCaseExecutor.java:433)
	at com.kms.katalon.core.main.TestCaseExecutor.processExecutionPhase(TestCaseExecutor.java:412)
	at com.kms.katalon.core.main.TestCaseExecutor.accessMainPhase(TestCaseExecutor.java:404)
	at com.kms.katalon.core.main.TestCaseExecutor.execute(TestCaseExecutor.java:281)
	at com.kms.katalon.core.main.TestSuiteExecutor.accessTestCaseMainPhase(TestSuiteExecutor.java:202)
	at com.kms.katalon.core.main.TestSuiteExecutor.accessTestSuiteMainPhase(TestSuiteExecutor.java:164)
	at com.kms.katalon.core.main.TestSuiteExecutor.execute(TestSuiteExecutor.java:105)
	at com.kms.katalon.core.main.TestCaseMain.startTestSuite(TestCaseMain.java:185)
	at com.kms.katalon.core.main.TestCaseMain$startTestSuite$0.call(Unknown Source)
	at TempTestSuite1676515943031.run(TempTestSuite1676515943031.groovy:36)
Caused by: com.kms.katalon.core.exception.StepFailedException: Text 'Transaction approved, no errors' is not present on page  using regular expression
	... 23 more


2023-02-15 22:07:17 - [TEST_STEP][PASSED] - executionProfile = getExecutionProfile(): null

2023-02-15 22:07:17 - [TEST_STEP][PASSED] - out.println("executionProfile : " + executionProfile): null

2023-02-15 22:07:17 - [TEST_STEP][PASSED] - appName = <not implemented yet for class: org.codehaus.groovy.ast.expr.EmptyExpression>: null

2023-02-15 22:07:17 - [TEST_STEP][PASSED] - appID = <not implemented yet for class: org.codehaus.groovy.ast.expr.EmptyExpression>: null

2023-02-15 22:07:17 - [TEST_STEP][PASSED] - username = <not implemented yet for class: org.codehaus.groovy.ast.expr.EmptyExpression>: null

2023-02-15 22:07:17 - [TEST_STEP][PASSED] - password = <not implemented yet for class: org.codehaus.groovy.ast.expr.EmptyExpression>: null

2023-02-15 22:07:17 - [TEST_STEP][PASSED] - cardNameV = <not implemented yet for class: org.codehaus.groovy.ast.expr.EmptyExpression>: null

2023-02-15 22:07:17 - [TEST_STEP][PASSED] - al1V = <not implemented yet for class: org.codehaus.groovy.ast.expr.EmptyExpression>: null

2023-02-15 22:07:17 - [TEST_STEP][PASSED] - al2V = <not implemented yet for class: org.codehaus.groovy.ast.expr.EmptyExpression>: null

2023-02-15 22:07:17 - [TEST_STEP][PASSED] - zipV = <not implemented yet for class: org.codehaus.groovy.ast.expr.EmptyExpression>: null

2023-02-15 22:07:17 - [TEST_STEP][PASSED] - cardTypeV = <not implemented yet for class: org.codehaus.groovy.ast.expr.EmptyExpression>: null

2023-02-15 22:07:17 - [TEST_STEP][PASSED] - last4V = <not implemented yet for class: org.codehaus.groovy.ast.expr.EmptyExpression>: null

2023-02-15 22:07:17 - [TEST_STEP][PASSED] - resText = "Fail": null

2023-02-15 22:07:17 - [TEST_STEP][PASSED] - resColumn = "Result": null

2023-02-15 22:07:17 - [TEST_STEP][PASSED] - datCloumn = "Date": null

2023-02-15 22:07:17 - [TEST_STEP][PASSED] - fileLoc = "KatalonData/VLinkSmokeData.xlsx": null

2023-02-15 22:07:17 - [TEST_STEP][PASSED] - numOfRows = <not implemented yet for class: org.codehaus.groovy.ast.expr.EmptyExpression>: null

2023-02-15 22:07:17 - [TEST_STEP][PASSED] - dataFile = <not implemented yet for class: org.codehaus.groovy.ast.expr.EmptyExpression>: null

2023-02-15 22:07:17 - [TEST_STEP][PASSED] - nameSheet = <not implemented yet for class: org.codehaus.groovy.ast.expr.EmptyExpression>: null

2023-02-15 22:07:17 - [TEST_STEP][PASSED] - nameSheet = "Sale-Credit-Void": null

2023-02-15 22:07:17 - [TEST_STEP][PASSED] - numOfRows = findTestData("QA/VLinkTestData/VLinkSaleCreditVoidData").getRowNumbers(): null

2023-02-15 22:07:17 - [TEST_STEP][PASSED] - println("Number of Records: " + numOfRows): null

2023-02-15 22:07:17 - [TEST_STEP][PASSED] - dataFile = "QA/VLinkTestData/VLinkSaleCreditVoidData": null

2023-02-15 22:07:17 - [TEST_STEP][FAILED] - for ([row = 1, row <= numOfRows, (row++)]): null

2023-02-15 22:07:17 - [TEST_STEP][PASSED] - ExecuteTC = findTestData(dataFile).getValue("Execute", row): null

2023-02-15 22:07:17 - [TEST_STEP][PASSED] - out.println("Value of Execute is : " + ExecuteTC): null

2023-02-15 22:07:17 - [TEST_STEP][PASSED] - switch (executionProfile): null

2023-02-15 22:07:17 - [TEST_STEP][PASSED] - case "QAProfile":: null

2023-02-15 22:07:17 - [TEST_STEP][PASSED] - appID = findTestData(dataFile).getValue("AppIDQA", row): null

2023-02-15 22:07:17 - [TEST_STEP][PASSED] - username = findTestData(dataFile).getValue("UsernameQA", row): null

2023-02-15 22:07:17 - [TEST_STEP][PASSED] - password = findTestData(dataFile).getValue("PasswordQA", row): null

2023-02-15 22:07:17 - [TEST_STEP][PASSED] - break: null

2023-02-15 22:07:17 - [TEST_STEP][PASSED] - if (ExecuteTC.equalsIgnoreCase("Y")): null

2023-02-15 22:07:17 - [TEST_STEP][PASSED] - out.println("Begin Record Number: " + row): null

2023-02-15 22:07:17 - [TEST_STEP][PASSED] - today = new java.util.Date(): null

2023-02-15 22:07:17 - [TEST_STEP][PASSED] - println(today): null

2023-02-15 22:07:17 - [TEST_STEP][PASSED] - datText = today: null

2023-02-15 22:07:17 - [TEST_STEP][PASSED] - category = findTestData(dataFile).getValue("Category", row): null

2023-02-15 22:07:17 - [TEST_STEP][PASSED] - amount = findTestData(dataFile).getValue("Amount", row): null

2023-02-15 22:07:18 - [TEST_STEP][PASSED] - cardNumber = findTestData(dataFile).getValue("CardNumber", row): null

2023-02-15 22:07:18 - [TEST_STEP][PASSED] - exM = findTestData(dataFile).getValue("ExM", row): null

2023-02-15 22:07:18 - [TEST_STEP][PASSED] - exY = findTestData(dataFile).getValue("ExY", row): null

2023-02-15 22:07:18 - [TEST_STEP][PASSED] - openBrowser(VLinkURL + "authcap.html"): Browser is opened with url: 'https://dev-algorithm.govolution.com/vlinktest/QA/version_2_0/authcap.html'

2023-02-15 22:07:18 - [MESSAGE][WARNING] - A browser is already opened. Closing browser and opening a new one

2023-02-15 22:07:19 - [MESSAGE][INFO] - Starting 'Chrome' driver

2023-02-15 22:07:19 - [MESSAGE][INFO] - User set preference: ['acceptInsecureCerts', 'true']

2023-02-15 22:07:19 - [MESSAGE][INFO] - Action delay is set to 0 milliseconds

2023-02-15 22:07:21 - [MESSAGE][PASSED] - Browser is opened with url: 'https://dev-algorithm.govolution.com/vlinktest/QA/version_2_0/authcap.html'

2023-02-15 22:07:21 - [TEST_STEP][PASSED] - maximizeWindow(): Current window maximized

2023-02-15 22:07:21 - [MESSAGE][PASSED] - Current window maximized

2023-02-15 22:07:21 - [TEST_STEP][PASSED] - maximizeWindow(): Current window maximized

2023-02-15 22:07:21 - [MESSAGE][PASSED] - Current window maximized

2023-02-15 22:07:21 - [TEST_STEP][PASSED] - genRemID = RandomStringUtils.random(12, true, true): null

2023-02-15 22:07:21 - [TEST_STEP][PASSED] - setText(findTestObject("Object Repository/RecAndPlayBk/Page-Vlink-Sale/input_Remittance Id_remittance_id"), genRemID): Text 'aU6u0CGFFJu0' is set on object 'Object Repository/RecAndPlayBk/Page-Vlink-Sale/input_Remittance Id_remittance_id'

2023-02-15 22:07:21 - [MESSAGE][PASSED] - Text 'aU6u0CGFFJu0' is set on object 'Object Repository/RecAndPlayBk/Page-Vlink-Sale/input_Remittance Id_remittance_id'

2023-02-15 22:07:21 - [TEST_STEP][PASSED] - setText(findTestObject("Object Repository/RecAndPlayBk/Page-Vlink-Sale/input_Application Id_application_id"), appID): Text '234' is set on object 'Object Repository/RecAndPlayBk/Page-Vlink-Sale/input_Application Id_application_id'

2023-02-15 22:07:22 - [MESSAGE][PASSED] - Text '234' is set on object 'Object Repository/RecAndPlayBk/Page-Vlink-Sale/input_Application Id_application_id'

2023-02-15 22:07:22 - [TEST_STEP][PASSED] - setText(findTestObject("Object Repository/RecAndPlayBk/Page-Vlink-Sale/input_Username_username"), username): Text 'username' is set on object 'Object Repository/RecAndPlayBk/Page-Vlink-Sale/input_Username_username'

2023-02-15 22:07:23 - [MESSAGE][PASSED] - Text 'username' is set on object 'Object Repository/RecAndPlayBk/Page-Vlink-Sale/input_Username_username'

2023-02-15 22:07:23 - [TEST_STEP][PASSED] - setText(findTestObject("Object Repository/RecAndPlayBk/Page-Vlink-Sale/input_Password_password"), password): Text 'password' is set on object 'Object Repository/RecAndPlayBk/Page-Vlink-Sale/input_Password_password'

2023-02-15 22:07:23 - [MESSAGE][PASSED] - Text 'password' is set on object 'Object Repository/RecAndPlayBk/Page-Vlink-Sale/input_Password_password'

2023-02-15 22:07:23 - [TEST_STEP][PASSED] - setText(findTestObject("Object Repository/RecAndPlayBk/Page-Vlink-Sale/input_Category_category"), category): Text 'ECOM' is set on object 'Object Repository/RecAndPlayBk/Page-Vlink-Sale/input_Category_category'

2023-02-15 22:07:24 - [MESSAGE][PASSED] - Text 'ECOM' is set on object 'Object Repository/RecAndPlayBk/Page-Vlink-Sale/input_Category_category'

2023-02-15 22:07:24 - [TEST_STEP][PASSED] - setText(findTestObject("Object Repository/RecAndPlayBk/Page-Vlink-Sale/input_Amount_amount"), amount): Text '10.5' is set on object 'Object Repository/RecAndPlayBk/Page-Vlink-Sale/input_Amount_amount'

2023-02-15 22:07:25 - [MESSAGE][PASSED] - Text '10.5' is set on object 'Object Repository/RecAndPlayBk/Page-Vlink-Sale/input_Amount_amount'

2023-02-15 22:07:25 - [TEST_STEP][PASSED] - doubleClick(findTestObject("Object Repository/RecAndPlayBk/Page-Vlink-Sale/input_Card number_card_number")): Object: 'Object Repository/RecAndPlayBk/Page-Vlink-Sale/input_Card number_card_number' is double clicked on

2023-02-15 22:07:25 - [MESSAGE][PASSED] - Object: 'Object Repository/RecAndPlayBk/Page-Vlink-Sale/input_Card number_card_number' is double clicked on

2023-02-15 22:07:25 - [TEST_STEP][PASSED] - setText(findTestObject("Object Repository/RecAndPlayBk/Page-Vlink-Sale/input_Card number_card_number"), cardNumber): Text '4111111111111111' is set on object 'Object Repository/RecAndPlayBk/Page-Vlink-Sale/input_Card number_card_number'

2023-02-15 22:07:26 - [MESSAGE][PASSED] - Text '4111111111111111' is set on object 'Object Repository/RecAndPlayBk/Page-Vlink-Sale/input_Card number_card_number'

2023-02-15 22:07:26 - [TEST_STEP][PASSED] - setText(findTestObject("Object Repository/RecAndPlayBk/Page-Vlink-Sale/input_Card ex month_card_exmo"), exM): Text '12' is set on object 'Object Repository/RecAndPlayBk/Page-Vlink-Sale/input_Card ex month_card_exmo'

2023-02-15 22:07:26 - [MESSAGE][PASSED] - Text '12' is set on object 'Object Repository/RecAndPlayBk/Page-Vlink-Sale/input_Card ex month_card_exmo'

2023-02-15 22:07:26 - [TEST_STEP][PASSED] - setText(findTestObject("Object Repository/RecAndPlayBk/Page-Vlink-Sale/input_Card ex year_card_exyr"), exY): Text '2029' is set on object 'Object Repository/RecAndPlayBk/Page-Vlink-Sale/input_Card ex year_card_exyr'

2023-02-15 22:07:27 - [MESSAGE][PASSED] - Text '2029' is set on object 'Object Repository/RecAndPlayBk/Page-Vlink-Sale/input_Card ex year_card_exyr'

2023-02-15 22:07:27 - [TEST_STEP][PASSED] - click(findTestObject("Object Repository/RecAndPlayBk/Page-Vlink-Sale/input_Track Data_track_data")): Object: 'Object Repository/RecAndPlayBk/Page-Vlink-Sale/input_Track Data_track_data' is clicked on

2023-02-15 22:07:27 - [MESSAGE][PASSED] - Object: 'Object Repository/RecAndPlayBk/Page-Vlink-Sale/input_Track Data_track_data' is clicked on

2023-02-15 22:07:27 - [TEST_STEP][PASSED] - click(findTestObject("Object Repository/RecAndPlayBk/Page-Vlink-Sale/input_CVV state_cvv_state")): Object: 'Object Repository/RecAndPlayBk/Page-Vlink-Sale/input_CVV state_cvv_state' is clicked on

2023-02-15 22:07:28 - [MESSAGE][PASSED] - Object: 'Object Repository/RecAndPlayBk/Page-Vlink-Sale/input_CVV state_cvv_state' is clicked on

2023-02-15 22:07:28 - [TEST_STEP][PASSED] - setText(findTestObject("Object Repository/RecAndPlayBk/Page-Vlink-Sale/input_Track Data_track_data"), ""): Text '' is set on object 'Object Repository/RecAndPlayBk/Page-Vlink-Sale/input_Track Data_track_data'

2023-02-15 22:07:28 - [MESSAGE][PASSED] - Text '' is set on object 'Object Repository/RecAndPlayBk/Page-Vlink-Sale/input_Track Data_track_data'

2023-02-15 22:07:28 - [TEST_STEP][PASSED] - setText(findTestObject("Object Repository/RecAndPlayBk/Page-Vlink-Sale/input_concat(Cardholder, , s email)_email"), ""): Text '' is set on object 'Object Repository/RecAndPlayBk/Page-Vlink-Sale/input_concat(Cardholder, , s email)_email'

2023-02-15 22:07:29 - [MESSAGE][PASSED] - Text '' is set on object 'Object Repository/RecAndPlayBk/Page-Vlink-Sale/input_concat(Cardholder, , s email)_email'

2023-02-15 22:07:29 - [TEST_STEP][PASSED] - click(findTestObject("Object Repository/RecAndPlayBk/Page-Vlink-Sale/input_user_defined10_user_defined10")): Object: 'Object Repository/RecAndPlayBk/Page-Vlink-Sale/input_user_defined10_user_defined10' is clicked on

2023-02-15 22:07:29 - [MESSAGE][PASSED] - Object: 'Object Repository/RecAndPlayBk/Page-Vlink-Sale/input_user_defined10_user_defined10' is clicked on

2023-02-15 22:07:29 - [TEST_STEP][PASSED] - if (executionProfile.equalsIgnoreCase("QAProfile") || executionProfile.equalsIgnoreCase("DemoProfile")): Text '' is set on object 'Object Repository/RecAndPlayBk/Page-Vlink-Sale/input_COF Transaction Initiated by_cof_tran_6cded5'

2023-02-15 22:07:29 - [TEST_STEP][PASSED] - setText(findTestObject("Object Repository/RecAndPlayBk/Page-Vlink-Sale/input_Card on File Indicator_card_on_file_i_157dae"), ""): Text '' is set on object 'Object Repository/RecAndPlayBk/Page-Vlink-Sale/input_Card on File Indicator_card_on_file_i_157dae'

2023-02-15 22:07:30 - [MESSAGE][PASSED] - Text '' is set on object 'Object Repository/RecAndPlayBk/Page-Vlink-Sale/input_Card on File Indicator_card_on_file_i_157dae'

2023-02-15 22:07:30 - [TEST_STEP][PASSED] - setText(findTestObject("Object Repository/RecAndPlayBk/Page-Vlink-Sale/input_Stored Credential Indicator_stored_cr_4ae73c"), ""): Text '' is set on object 'Object Repository/RecAndPlayBk/Page-Vlink-Sale/input_Stored Credential Indicator_stored_cr_4ae73c'

2023-02-15 22:07:30 - [MESSAGE][PASSED] - Text '' is set on object 'Object Repository/RecAndPlayBk/Page-Vlink-Sale/input_Stored Credential Indicator_stored_cr_4ae73c'

2023-02-15 22:07:30 - [TEST_STEP][PASSED] - setText(findTestObject("Object Repository/RecAndPlayBk/Page-Vlink-Sale/input_COF Scheduled indicator_cof_scheduled_8df7d8"), ""): Text '' is set on object 'Object Repository/RecAndPlayBk/Page-Vlink-Sale/input_COF Scheduled indicator_cof_scheduled_8df7d8'

2023-02-15 22:07:31 - [MESSAGE][PASSED] - Text '' is set on object 'Object Repository/RecAndPlayBk/Page-Vlink-Sale/input_COF Scheduled indicator_cof_scheduled_8df7d8'

2023-02-15 22:07:31 - [TEST_STEP][PASSED] - setText(findTestObject("Object Repository/RecAndPlayBk/Page-Vlink-Sale/input_COF Transaction Initiated by_cof_tran_6cded5"), ""): Text '' is set on object 'Object Repository/RecAndPlayBk/Page-Vlink-Sale/input_COF Transaction Initiated by_cof_tran_6cded5'

2023-02-15 22:07:32 - [MESSAGE][PASSED] - Text '' is set on object 'Object Repository/RecAndPlayBk/Page-Vlink-Sale/input_COF Transaction Initiated by_cof_tran_6cded5'

2023-02-15 22:07:32 - [TEST_STEP][PASSED] - click(findTestObject("Object Repository/RecAndPlayBk/Page-Vlink-Sale/input")): Object: 'Object Repository/RecAndPlayBk/Page-Vlink-Sale/input' is clicked on

2023-02-15 22:07:33 - [MESSAGE][PASSED] - Object: 'Object Repository/RecAndPlayBk/Page-Vlink-Sale/input' is clicked on

2023-02-15 22:07:33 - [TEST_STEP][PASSED] - if (verifyTextPresent("Transaction approved, no errors", true)): null

2023-02-15 22:07:33 - [MESSAGE][PASSED] - Text 'Transaction approved, no errors' is present on page  using regular expression

2023-02-15 22:07:33 - [TEST_STEP][PASSED] - println("Transaction Approved, no errors text is present on the Confirmation page"): null

2023-02-15 22:07:33 - [TEST_STEP][PASSED] - sdfo = getText(findTestObject("Object Repository/Page_VLinkReceipt/pre_STX")): Text of object 'Object Repository/Page_VLinkReceipt/pre_STX' is: '<STX>aU6u0CGFFJu0                  12126649            0  Transaction approved, no errors                   0                                                                                  Y 807148247<ETX>'

2023-02-15 22:07:33 - [MESSAGE][PASSED] - Text of object 'Object Repository/Page_VLinkReceipt/pre_STX' is: '<STX>aU6u0CGFFJu0                  12126649            0  Transaction approved, no errors                   0                                                                                  Y 807148247<ETX>'

2023-02-15 22:07:33 - [TEST_STEP][PASSED] - out.println("sdfo: " + sdfo): null

2023-02-15 22:07:33 - [TEST_STEP][PASSED] - remID = substring(5, 35).trim(): null

2023-02-15 22:07:33 - [TEST_STEP][PASSED] - out.println("remID: " + remID): null

2023-02-15 22:07:33 - [TEST_STEP][PASSED] - traxID = substring(35, 55).trim(): null

2023-02-15 22:07:33 - [TEST_STEP][PASSED] - out.println("traxID: " + traxID): null

2023-02-15 22:07:33 - [TEST_STEP][PASSED] - VLinkSaleRemID = remID: null

2023-02-15 22:07:33 - [TEST_STEP][PASSED] - VLinkSaleTranxID = traxID: null

2023-02-15 22:07:33 - [TEST_STEP][PASSED] - openBrowser(VLinkURL + "CC_credit.html"): Browser is opened with url: 'https://dev-algorithm.govolution.com/vlinktest/QA/version_2_0/CC_credit.html'

2023-02-15 22:07:33 - [MESSAGE][WARNING] - A browser is already opened. Closing browser and opening a new one

2023-02-15 22:07:34 - [MESSAGE][INFO] - Starting 'Chrome' driver

2023-02-15 22:07:34 - [MESSAGE][INFO] - User set preference: ['acceptInsecureCerts', 'true']

2023-02-15 22:07:34 - [MESSAGE][INFO] - Action delay is set to 0 milliseconds

2023-02-15 22:07:36 - [MESSAGE][PASSED] - Browser is opened with url: 'https://dev-algorithm.govolution.com/vlinktest/QA/version_2_0/CC_credit.html'

2023-02-15 22:07:36 - [TEST_STEP][PASSED] - maximizeWindow(): Current window maximized

2023-02-15 22:07:36 - [MESSAGE][PASSED] - Current window maximized

2023-02-15 22:07:36 - [TEST_STEP][PASSED] - setText(findTestObject("Object Repository/RecAndPlayBk/Page-Vlink-CC-Credit/input_Remittance Id"), VLinkSaleRemID): Text 'aU6u0CGFFJu0' is set on object 'Object Repository/RecAndPlayBk/Page-Vlink-CC-Credit/input_Remittance Id'

2023-02-15 22:07:37 - [MESSAGE][PASSED] - Text 'aU6u0CGFFJu0' is set on object 'Object Repository/RecAndPlayBk/Page-Vlink-CC-Credit/input_Remittance Id'

2023-02-15 22:07:37 - [TEST_STEP][PASSED] - setText(findTestObject("Object Repository/RecAndPlayBk/Page-Vlink-CC-Credit/input_Application Id"), appID): Text '234' is set on object 'Object Repository/RecAndPlayBk/Page-Vlink-CC-Credit/input_Application Id'

2023-02-15 22:07:37 - [MESSAGE][PASSED] - Text '234' is set on object 'Object Repository/RecAndPlayBk/Page-Vlink-CC-Credit/input_Application Id'

2023-02-15 22:07:37 - [TEST_STEP][PASSED] - setText(findTestObject("Object Repository/RecAndPlayBk/Page-Vlink-CC-Credit/input_Username"), username): Text 'username' is set on object 'Object Repository/RecAndPlayBk/Page-Vlink-CC-Credit/input_Username'

2023-02-15 22:07:38 - [MESSAGE][PASSED] - Text 'username' is set on object 'Object Repository/RecAndPlayBk/Page-Vlink-CC-Credit/input_Username'

2023-02-15 22:07:38 - [TEST_STEP][PASSED] - setText(findTestObject("Object Repository/RecAndPlayBk/Page-Vlink-CC-Credit/input_Password"), password): Text 'password' is set on object 'Object Repository/RecAndPlayBk/Page-Vlink-CC-Credit/input_Password'

2023-02-15 22:07:39 - [MESSAGE][PASSED] - Text 'password' is set on object 'Object Repository/RecAndPlayBk/Page-Vlink-CC-Credit/input_Password'

2023-02-15 22:07:39 - [TEST_STEP][PASSED] - setText(findTestObject("Object Repository/RecAndPlayBk/Page-Vlink-CC-Credit/input_Transaction ID"), VLinkSaleTranxID): Text '12126649' is set on object 'Object Repository/RecAndPlayBk/Page-Vlink-CC-Credit/input_Transaction ID'

2023-02-15 22:07:39 - [MESSAGE][PASSED] - Text '12126649' is set on object 'Object Repository/RecAndPlayBk/Page-Vlink-CC-Credit/input_Transaction ID'

2023-02-15 22:07:39 - [TEST_STEP][PASSED] - setText(findTestObject("Object Repository/RecAndPlayBk/Page-Vlink-CC-Credit/input_Amount"), amount): Text '10.5' is set on object 'Object Repository/RecAndPlayBk/Page-Vlink-CC-Credit/input_Amount'

2023-02-15 22:07:40 - [MESSAGE][PASSED] - Text '10.5' is set on object 'Object Repository/RecAndPlayBk/Page-Vlink-CC-Credit/input_Amount'

2023-02-15 22:07:40 - [TEST_STEP][PASSED] - setText(findTestObject("Object Repository/RecAndPlayBk/Page-Vlink-CC-Credit/input_Card number"), ""): Text '' is set on object 'Object Repository/RecAndPlayBk/Page-Vlink-CC-Credit/input_Card number'

2023-02-15 22:07:40 - [MESSAGE][PASSED] - Text '' is set on object 'Object Repository/RecAndPlayBk/Page-Vlink-CC-Credit/input_Card number'

2023-02-15 22:07:40 - [TEST_STEP][PASSED] - setText(findTestObject("Object Repository/RecAndPlayBk/Page-Vlink-CC-Credit/input_Card ex month"), ""): Text '' is set on object 'Object Repository/RecAndPlayBk/Page-Vlink-CC-Credit/input_Card ex month'

2023-02-15 22:07:41 - [MESSAGE][PASSED] - Text '' is set on object 'Object Repository/RecAndPlayBk/Page-Vlink-CC-Credit/input_Card ex month'

2023-02-15 22:07:41 - [TEST_STEP][PASSED] - setText(findTestObject("Object Repository/RecAndPlayBk/Page-Vlink-CC-Credit/input_Card ex year"), ""): Text '' is set on object 'Object Repository/RecAndPlayBk/Page-Vlink-CC-Credit/input_Card ex year'

2023-02-15 22:07:42 - [MESSAGE][PASSED] - Text '' is set on object 'Object Repository/RecAndPlayBk/Page-Vlink-CC-Credit/input_Card ex year'

2023-02-15 22:07:42 - [TEST_STEP][PASSED] - setText(findTestObject("Object Repository/RecAndPlayBk/Page-Vlink-CC-Credit/input_Track Data"), ""): Text '' is set on object 'Object Repository/RecAndPlayBk/Page-Vlink-CC-Credit/input_Track Data'

2023-02-15 22:07:42 - [MESSAGE][PASSED] - Text '' is set on object 'Object Repository/RecAndPlayBk/Page-Vlink-CC-Credit/input_Track Data'

2023-02-15 22:07:42 - [TEST_STEP][PASSED] - setText(findTestObject("Object Repository/RecAndPlayBk/Page-Vlink-CC-Credit/input_Category Code"), category): Text 'ECOM' is set on object 'Object Repository/RecAndPlayBk/Page-Vlink-CC-Credit/input_Category Code'

2023-02-15 22:07:43 - [MESSAGE][PASSED] - Text 'ECOM' is set on object 'Object Repository/RecAndPlayBk/Page-Vlink-CC-Credit/input_Category Code'

2023-02-15 22:07:43 - [TEST_STEP][PASSED] - click(findTestObject("Object Repository/RecAndPlayBk/Page-Vlink-CC-Credit/input")): Object: 'Object Repository/RecAndPlayBk/Page-Vlink-CC-Credit/input' is clicked on

2023-02-15 22:07:44 - [MESSAGE][PASSED] - Object: 'Object Repository/RecAndPlayBk/Page-Vlink-CC-Credit/input' is clicked on

2023-02-15 22:07:44 - [TEST_STEP][PASSED] - if (verifyTextPresent("Transaction approved, no errors", true)): null

2023-02-15 22:07:44 - [MESSAGE][PASSED] - Text 'Transaction approved, no errors' is present on page  using regular expression

2023-02-15 22:07:44 - [TEST_STEP][PASSED] - sdfo = getText(findTestObject("Object Repository/Page_VLinkReceipt/pre_STX")): Text of object 'Object Repository/Page_VLinkReceipt/pre_STX' is: '<STX>aU6u0CGFFJu0                  12126650            0  Transaction approved, no errors                   0                                                                                             <ETX>'

2023-02-15 22:07:45 - [MESSAGE][PASSED] - Text of object 'Object Repository/Page_VLinkReceipt/pre_STX' is: '<STX>aU6u0CGFFJu0                  12126650            0  Transaction approved, no errors                   0                                                                                             <ETX>'

2023-02-15 22:07:45 - [TEST_STEP][PASSED] - out.println("sdfo: " + sdfo): null

2023-02-15 22:07:45 - [TEST_STEP][PASSED] - remID = substring(5, 35).trim(): null

2023-02-15 22:07:45 - [TEST_STEP][PASSED] - out.println("remID: " + remID): null

2023-02-15 22:07:45 - [TEST_STEP][PASSED] - traxID = substring(35, 55).trim(): null

2023-02-15 22:07:45 - [TEST_STEP][PASSED] - out.println("traxID: " + traxID): null

2023-02-15 22:07:45 - [TEST_STEP][PASSED] - VLinkSaleRemID = remID: null

2023-02-15 22:07:45 - [TEST_STEP][PASSED] - VLinkSaleTranxID = traxID: null

2023-02-15 22:07:45 - [TEST_STEP][PASSED] - openBrowser(VLinkURL + "CC_void.html"): Browser is opened with url: 'https://dev-algorithm.govolution.com/vlinktest/QA/version_2_0/CC_void.html'

2023-02-15 22:07:45 - [MESSAGE][WARNING] - A browser is already opened. Closing browser and opening a new one

2023-02-15 22:07:46 - [MESSAGE][INFO] - Starting 'Chrome' driver

2023-02-15 22:07:46 - [MESSAGE][INFO] - User set preference: ['acceptInsecureCerts', 'true']

2023-02-15 22:07:46 - [MESSAGE][INFO] - Action delay is set to 0 milliseconds

2023-02-15 22:07:47 - [MESSAGE][PASSED] - Browser is opened with url: 'https://dev-algorithm.govolution.com/vlinktest/QA/version_2_0/CC_void.html'

2023-02-15 22:07:47 - [TEST_STEP][PASSED] - maximizeWindow(): Current window maximized

2023-02-15 22:07:48 - [MESSAGE][PASSED] - Current window maximized

2023-02-15 22:07:48 - [TEST_STEP][PASSED] - setText(findTestObject("Object Repository/RecAndPlayBk/Page-Vlink-CC-Void/txt_RemID"), VLinkSaleRemID): Text 'aU6u0CGFFJu0' is set on object 'Object Repository/RecAndPlayBk/Page-Vlink-CC-Void/txt_RemID'

2023-02-15 22:07:48 - [MESSAGE][PASSED] - Text 'aU6u0CGFFJu0' is set on object 'Object Repository/RecAndPlayBk/Page-Vlink-CC-Void/txt_RemID'

2023-02-15 22:07:48 - [TEST_STEP][PASSED] - setText(findTestObject("Object Repository/RecAndPlayBk/Page-Vlink-CC-Void/txt_ApplicationID"), appID): Text '234' is set on object 'Object Repository/RecAndPlayBk/Page-Vlink-CC-Void/txt_ApplicationID'

2023-02-15 22:07:49 - [MESSAGE][PASSED] - Text '234' is set on object 'Object Repository/RecAndPlayBk/Page-Vlink-CC-Void/txt_ApplicationID'

2023-02-15 22:07:49 - [TEST_STEP][PASSED] - setText(findTestObject("Object Repository/RecAndPlayBk/Page-Vlink-CC-Void/txt_Username"), username): Text 'username' is set on object 'Object Repository/RecAndPlayBk/Page-Vlink-CC-Void/txt_Username'

2023-02-15 22:07:50 - [MESSAGE][PASSED] - Text 'username' is set on object 'Object Repository/RecAndPlayBk/Page-Vlink-CC-Void/txt_Username'

2023-02-15 22:07:50 - [TEST_STEP][PASSED] - setText(findTestObject("Object Repository/RecAndPlayBk/Page-Vlink-CC-Void/txt_Password"), password): Text 'password' is set on object 'Object Repository/RecAndPlayBk/Page-Vlink-CC-Void/txt_Password'

2023-02-15 22:07:50 - [MESSAGE][PASSED] - Text 'password' is set on object 'Object Repository/RecAndPlayBk/Page-Vlink-CC-Void/txt_Password'

2023-02-15 22:07:50 - [TEST_STEP][PASSED] - setText(findTestObject("Object Repository/RecAndPlayBk/Page-Vlink-CC-Void/txt_TransactionID"), VLinkSaleTranxID): Text '12126650' is set on object 'Object Repository/RecAndPlayBk/Page-Vlink-CC-Void/txt_TransactionID'

2023-02-15 22:07:51 - [MESSAGE][PASSED] - Text '12126650' is set on object 'Object Repository/RecAndPlayBk/Page-Vlink-CC-Void/txt_TransactionID'

2023-02-15 22:07:51 - [TEST_STEP][PASSED] - setText(findTestObject("Object Repository/RecAndPlayBk/Page-Vlink-CC-Void/txt_OriginalTransactionType"), "104"): Text '104' is set on object 'Object Repository/RecAndPlayBk/Page-Vlink-CC-Void/txt_OriginalTransactionType'

2023-02-15 22:07:51 - [MESSAGE][PASSED] - Text '104' is set on object 'Object Repository/RecAndPlayBk/Page-Vlink-CC-Void/txt_OriginalTransactionType'

2023-02-15 22:07:51 - [TEST_STEP][PASSED] - setText(findTestObject("Object Repository/RecAndPlayBk/Page-Vlink-CC-Void/txt_TrackData"), ""): Text '' is set on object 'Object Repository/RecAndPlayBk/Page-Vlink-CC-Void/txt_TrackData'

2023-02-15 22:07:52 - [MESSAGE][PASSED] - Text '' is set on object 'Object Repository/RecAndPlayBk/Page-Vlink-CC-Void/txt_TrackData'

2023-02-15 22:07:52 - [TEST_STEP][PASSED] - click(findTestObject("Object Repository/RecAndPlayBk/Page-Vlink-CC-Void/btn_ProcessVLinkTransaction")): Object: 'Object Repository/RecAndPlayBk/Page-Vlink-CC-Void/btn_ProcessVLinkTransaction' is clicked on

2023-02-15 22:07:53 - [MESSAGE][PASSED] - Object: 'Object Repository/RecAndPlayBk/Page-Vlink-CC-Void/btn_ProcessVLinkTransaction' is clicked on

2023-02-15 22:07:53 - [TEST_STEP][PASSED] - if (verifyTextPresent("Transaction approved, no errors", true)): null

2023-02-15 22:07:54 - [MESSAGE][PASSED] - Text 'Transaction approved, no errors' is present on page  using regular expression

2023-02-15 22:07:54 - [TEST_STEP][PASSED] - println("Transaction Approved, no errors text is present on the Confirmation page"): null

2023-02-15 22:07:54 - [TEST_STEP][PASSED] - out.println("Pass Record Number: " + row): null

2023-02-15 22:07:54 - [TEST_STEP][PASSED] - resText = "Pass": null

2023-02-15 22:07:54 - [TEST_STEP][PASSED] - pages.WriteExcel.demoKey(resText, datText, resColumn, datCloumn, fileLoc, nameSheet, row): pages.WriteExcel.demoKey is PASSED

2023-02-15 22:07:54 - [MESSAGE][PASSED] - pages.WriteExcel.demoKey is PASSED

2023-02-15 22:07:54 - [TEST_STEP][PASSED] - ExecuteTC = findTestData(dataFile).getValue("Execute", row): null

2023-02-15 22:07:54 - [TEST_STEP][PASSED] - out.println("Value of Execute is : " + ExecuteTC): null

2023-02-15 22:07:54 - [TEST_STEP][PASSED] - switch (executionProfile): null

2023-02-15 22:07:54 - [TEST_STEP][PASSED] - case "QAProfile":: null

2023-02-15 22:07:54 - [TEST_STEP][PASSED] - appID = findTestData(dataFile).getValue("AppIDQA", row): null

2023-02-15 22:07:54 - [TEST_STEP][PASSED] - username = findTestData(dataFile).getValue("UsernameQA", row): null

2023-02-15 22:07:54 - [TEST_STEP][PASSED] - password = findTestData(dataFile).getValue("PasswordQA", row): null

2023-02-15 22:07:54 - [TEST_STEP][PASSED] - break: null

2023-02-15 22:07:54 - [TEST_STEP][PASSED] - if (ExecuteTC.equalsIgnoreCase("Y")): null

2023-02-15 22:07:54 - [TEST_STEP][PASSED] - out.println("Begin Record Number: " + row): null

2023-02-15 22:07:54 - [TEST_STEP][PASSED] - today = new java.util.Date(): null

2023-02-15 22:07:54 - [TEST_STEP][PASSED] - println(today): null

2023-02-15 22:07:54 - [TEST_STEP][PASSED] - datText = today: null

2023-02-15 22:07:54 - [TEST_STEP][PASSED] - category = findTestData(dataFile).getValue("Category", row): null

2023-02-15 22:07:54 - [TEST_STEP][PASSED] - amount = findTestData(dataFile).getValue("Amount", row): null

2023-02-15 22:07:54 - [TEST_STEP][PASSED] - cardNumber = findTestData(dataFile).getValue("CardNumber", row): null

2023-02-15 22:07:54 - [TEST_STEP][PASSED] - exM = findTestData(dataFile).getValue("ExM", row): null

2023-02-15 22:07:54 - [TEST_STEP][PASSED] - exY = findTestData(dataFile).getValue("ExY", row): null

2023-02-15 22:07:55 - [TEST_STEP][PASSED] - openBrowser(VLinkURL + "authcap.html"): Browser is opened with url: 'https://dev-algorithm.govolution.com/vlinktest/QA/version_2_0/authcap.html'

2023-02-15 22:07:55 - [MESSAGE][WARNING] - A browser is already opened. Closing browser and opening a new one

2023-02-15 22:07:55 - [MESSAGE][INFO] - Starting 'Chrome' driver

2023-02-15 22:07:55 - [MESSAGE][INFO] - User set preference: ['acceptInsecureCerts', 'true']

2023-02-15 22:07:55 - [MESSAGE][INFO] - Action delay is set to 0 milliseconds

2023-02-15 22:07:57 - [MESSAGE][PASSED] - Browser is opened with url: 'https://dev-algorithm.govolution.com/vlinktest/QA/version_2_0/authcap.html'

2023-02-15 22:07:57 - [TEST_STEP][PASSED] - maximizeWindow(): Current window maximized

2023-02-15 22:07:57 - [MESSAGE][PASSED] - Current window maximized

2023-02-15 22:07:57 - [TEST_STEP][PASSED] - maximizeWindow(): Current window maximized

2023-02-15 22:07:57 - [MESSAGE][PASSED] - Current window maximized

2023-02-15 22:07:57 - [TEST_STEP][PASSED] - genRemID = RandomStringUtils.random(12, true, true): null

2023-02-15 22:07:57 - [TEST_STEP][PASSED] - setText(findTestObject("Object Repository/RecAndPlayBk/Page-Vlink-Sale/input_Remittance Id_remittance_id"), genRemID): Text 'AHNVRPmMm7IG' is set on object 'Object Repository/RecAndPlayBk/Page-Vlink-Sale/input_Remittance Id_remittance_id'

2023-02-15 22:07:58 - [MESSAGE][PASSED] - Text 'AHNVRPmMm7IG' is set on object 'Object Repository/RecAndPlayBk/Page-Vlink-Sale/input_Remittance Id_remittance_id'

2023-02-15 22:07:58 - [TEST_STEP][PASSED] - setText(findTestObject("Object Repository/RecAndPlayBk/Page-Vlink-Sale/input_Application Id_application_id"), appID): Text '234' is set on object 'Object Repository/RecAndPlayBk/Page-Vlink-Sale/input_Application Id_application_id'

2023-02-15 22:07:59 - [MESSAGE][PASSED] - Text '234' is set on object 'Object Repository/RecAndPlayBk/Page-Vlink-Sale/input_Application Id_application_id'

2023-02-15 22:07:59 - [TEST_STEP][PASSED] - setText(findTestObject("Object Repository/RecAndPlayBk/Page-Vlink-Sale/input_Username_username"), username): Text 'username' is set on object 'Object Repository/RecAndPlayBk/Page-Vlink-Sale/input_Username_username'

2023-02-15 22:08:00 - [MESSAGE][PASSED] - Text 'username' is set on object 'Object Repository/RecAndPlayBk/Page-Vlink-Sale/input_Username_username'

2023-02-15 22:08:00 - [TEST_STEP][PASSED] - setText(findTestObject("Object Repository/RecAndPlayBk/Page-Vlink-Sale/input_Password_password"), password): Text 'password' is set on object 'Object Repository/RecAndPlayBk/Page-Vlink-Sale/input_Password_password'

2023-02-15 22:08:00 - [MESSAGE][PASSED] - Text 'password' is set on object 'Object Repository/RecAndPlayBk/Page-Vlink-Sale/input_Password_password'

2023-02-15 22:08:00 - [TEST_STEP][PASSED] - setText(findTestObject("Object Repository/RecAndPlayBk/Page-Vlink-Sale/input_Category_category"), category): Text 'MOTO' is set on object 'Object Repository/RecAndPlayBk/Page-Vlink-Sale/input_Category_category'

2023-02-15 22:08:01 - [MESSAGE][PASSED] - Text 'MOTO' is set on object 'Object Repository/RecAndPlayBk/Page-Vlink-Sale/input_Category_category'

2023-02-15 22:08:01 - [TEST_STEP][PASSED] - setText(findTestObject("Object Repository/RecAndPlayBk/Page-Vlink-Sale/input_Amount_amount"), amount): Text '10.5' is set on object 'Object Repository/RecAndPlayBk/Page-Vlink-Sale/input_Amount_amount'

2023-02-15 22:08:01 - [MESSAGE][PASSED] - Text '10.5' is set on object 'Object Repository/RecAndPlayBk/Page-Vlink-Sale/input_Amount_amount'

2023-02-15 22:08:01 - [TEST_STEP][PASSED] - doubleClick(findTestObject("Object Repository/RecAndPlayBk/Page-Vlink-Sale/input_Card number_card_number")): Object: 'Object Repository/RecAndPlayBk/Page-Vlink-Sale/input_Card number_card_number' is double clicked on

2023-02-15 22:08:02 - [MESSAGE][PASSED] - Object: 'Object Repository/RecAndPlayBk/Page-Vlink-Sale/input_Card number_card_number' is double clicked on

2023-02-15 22:08:02 - [TEST_STEP][PASSED] - setText(findTestObject("Object Repository/RecAndPlayBk/Page-Vlink-Sale/input_Card number_card_number"), cardNumber): Text '5424000000000015' is set on object 'Object Repository/RecAndPlayBk/Page-Vlink-Sale/input_Card number_card_number'

2023-02-15 22:08:02 - [MESSAGE][PASSED] - Text '5424000000000015' is set on object 'Object Repository/RecAndPlayBk/Page-Vlink-Sale/input_Card number_card_number'

2023-02-15 22:08:02 - [TEST_STEP][PASSED] - setText(findTestObject("Object Repository/RecAndPlayBk/Page-Vlink-Sale/input_Card ex month_card_exmo"), exM): Text '12' is set on object 'Object Repository/RecAndPlayBk/Page-Vlink-Sale/input_Card ex month_card_exmo'

2023-02-15 22:08:03 - [MESSAGE][PASSED] - Text '12' is set on object 'Object Repository/RecAndPlayBk/Page-Vlink-Sale/input_Card ex month_card_exmo'

2023-02-15 22:08:03 - [TEST_STEP][PASSED] - setText(findTestObject("Object Repository/RecAndPlayBk/Page-Vlink-Sale/input_Card ex year_card_exyr"), exY): Text '2029' is set on object 'Object Repository/RecAndPlayBk/Page-Vlink-Sale/input_Card ex year_card_exyr'

2023-02-15 22:08:04 - [MESSAGE][PASSED] - Text '2029' is set on object 'Object Repository/RecAndPlayBk/Page-Vlink-Sale/input_Card ex year_card_exyr'

2023-02-15 22:08:04 - [TEST_STEP][PASSED] - click(findTestObject("Object Repository/RecAndPlayBk/Page-Vlink-Sale/input_Track Data_track_data")): Object: 'Object Repository/RecAndPlayBk/Page-Vlink-Sale/input_Track Data_track_data' is clicked on

2023-02-15 22:08:04 - [MESSAGE][PASSED] - Object: 'Object Repository/RecAndPlayBk/Page-Vlink-Sale/input_Track Data_track_data' is clicked on

2023-02-15 22:08:04 - [TEST_STEP][PASSED] - click(findTestObject("Object Repository/RecAndPlayBk/Page-Vlink-Sale/input_CVV state_cvv_state")): Object: 'Object Repository/RecAndPlayBk/Page-Vlink-Sale/input_CVV state_cvv_state' is clicked on

2023-02-15 22:08:04 - [MESSAGE][PASSED] - Object: 'Object Repository/RecAndPlayBk/Page-Vlink-Sale/input_CVV state_cvv_state' is clicked on

2023-02-15 22:08:04 - [TEST_STEP][PASSED] - setText(findTestObject("Object Repository/RecAndPlayBk/Page-Vlink-Sale/input_Track Data_track_data"), ""): Text '' is set on object 'Object Repository/RecAndPlayBk/Page-Vlink-Sale/input_Track Data_track_data'

2023-02-15 22:08:05 - [MESSAGE][PASSED] - Text '' is set on object 'Object Repository/RecAndPlayBk/Page-Vlink-Sale/input_Track Data_track_data'

2023-02-15 22:08:05 - [TEST_STEP][PASSED] - setText(findTestObject("Object Repository/RecAndPlayBk/Page-Vlink-Sale/input_concat(Cardholder, , s email)_email"), ""): Text '' is set on object 'Object Repository/RecAndPlayBk/Page-Vlink-Sale/input_concat(Cardholder, , s email)_email'

2023-02-15 22:08:06 - [MESSAGE][PASSED] - Text '' is set on object 'Object Repository/RecAndPlayBk/Page-Vlink-Sale/input_concat(Cardholder, , s email)_email'

2023-02-15 22:08:06 - [TEST_STEP][PASSED] - click(findTestObject("Object Repository/RecAndPlayBk/Page-Vlink-Sale/input_user_defined10_user_defined10")): Object: 'Object Repository/RecAndPlayBk/Page-Vlink-Sale/input_user_defined10_user_defined10' is clicked on

2023-02-15 22:08:06 - [MESSAGE][PASSED] - Object: 'Object Repository/RecAndPlayBk/Page-Vlink-Sale/input_user_defined10_user_defined10' is clicked on

2023-02-15 22:08:06 - [TEST_STEP][PASSED] - if (executionProfile.equalsIgnoreCase("QAProfile") || executionProfile.equalsIgnoreCase("DemoProfile")): Text '' is set on object 'Object Repository/RecAndPlayBk/Page-Vlink-Sale/input_COF Transaction Initiated by_cof_tran_6cded5'

2023-02-15 22:08:06 - [TEST_STEP][PASSED] - setText(findTestObject("Object Repository/RecAndPlayBk/Page-Vlink-Sale/input_Card on File Indicator_card_on_file_i_157dae"), ""): Text '' is set on object 'Object Repository/RecAndPlayBk/Page-Vlink-Sale/input_Card on File Indicator_card_on_file_i_157dae'

2023-02-15 22:08:07 - [MESSAGE][PASSED] - Text '' is set on object 'Object Repository/RecAndPlayBk/Page-Vlink-Sale/input_Card on File Indicator_card_on_file_i_157dae'

2023-02-15 22:08:07 - [TEST_STEP][PASSED] - setText(findTestObject("Object Repository/RecAndPlayBk/Page-Vlink-Sale/input_Stored Credential Indicator_stored_cr_4ae73c"), ""): Text '' is set on object 'Object Repository/RecAndPlayBk/Page-Vlink-Sale/input_Stored Credential Indicator_stored_cr_4ae73c'

2023-02-15 22:08:07 - [MESSAGE][PASSED] - Text '' is set on object 'Object Repository/RecAndPlayBk/Page-Vlink-Sale/input_Stored Credential Indicator_stored_cr_4ae73c'

2023-02-15 22:08:07 - [TEST_STEP][PASSED] - setText(findTestObject("Object Repository/RecAndPlayBk/Page-Vlink-Sale/input_COF Scheduled indicator_cof_scheduled_8df7d8"), ""): Text '' is set on object 'Object Repository/RecAndPlayBk/Page-Vlink-Sale/input_COF Scheduled indicator_cof_scheduled_8df7d8'

2023-02-15 22:08:08 - [MESSAGE][PASSED] - Text '' is set on object 'Object Repository/RecAndPlayBk/Page-Vlink-Sale/input_COF Scheduled indicator_cof_scheduled_8df7d8'

2023-02-15 22:08:08 - [TEST_STEP][PASSED] - setText(findTestObject("Object Repository/RecAndPlayBk/Page-Vlink-Sale/input_COF Transaction Initiated by_cof_tran_6cded5"), ""): Text '' is set on object 'Object Repository/RecAndPlayBk/Page-Vlink-Sale/input_COF Transaction Initiated by_cof_tran_6cded5'

2023-02-15 22:08:09 - [MESSAGE][PASSED] - Text '' is set on object 'Object Repository/RecAndPlayBk/Page-Vlink-Sale/input_COF Transaction Initiated by_cof_tran_6cded5'

2023-02-15 22:08:09 - [TEST_STEP][PASSED] - click(findTestObject("Object Repository/RecAndPlayBk/Page-Vlink-Sale/input")): Object: 'Object Repository/RecAndPlayBk/Page-Vlink-Sale/input' is clicked on

2023-02-15 22:08:09 - [MESSAGE][PASSED] - Object: 'Object Repository/RecAndPlayBk/Page-Vlink-Sale/input' is clicked on

2023-02-15 22:08:09 - [TEST_STEP][PASSED] - if (verifyTextPresent("Transaction approved, no errors", true)): null

2023-02-15 22:08:10 - [MESSAGE][PASSED] - Text 'Transaction approved, no errors' is present on page  using regular expression

2023-02-15 22:08:10 - [TEST_STEP][PASSED] - println("Transaction Approved, no errors text is present on the Confirmation page"): null

2023-02-15 22:08:10 - [TEST_STEP][PASSED] - sdfo = getText(findTestObject("Object Repository/Page_VLinkReceipt/pre_STX")): Text of object 'Object Repository/Page_VLinkReceipt/pre_STX' is: '<STX>AHNVRPmMm7IG                  12126652            0  Transaction approved, no errors                   0                                                                                  Y 802837390<ETX>'

2023-02-15 22:08:10 - [MESSAGE][PASSED] - Text of object 'Object Repository/Page_VLinkReceipt/pre_STX' is: '<STX>AHNVRPmMm7IG                  12126652            0  Transaction approved, no errors                   0                                                                                  Y 802837390<ETX>'

2023-02-15 22:08:10 - [TEST_STEP][PASSED] - out.println("sdfo: " + sdfo): null

2023-02-15 22:08:10 - [TEST_STEP][PASSED] - remID = substring(5, 35).trim(): null

2023-02-15 22:08:10 - [TEST_STEP][PASSED] - out.println("remID: " + remID): null

2023-02-15 22:08:10 - [TEST_STEP][PASSED] - traxID = substring(35, 55).trim(): null

2023-02-15 22:08:10 - [TEST_STEP][PASSED] - out.println("traxID: " + traxID): null

2023-02-15 22:08:10 - [TEST_STEP][PASSED] - VLinkSaleRemID = remID: null

2023-02-15 22:08:10 - [TEST_STEP][PASSED] - VLinkSaleTranxID = traxID: null

2023-02-15 22:08:10 - [TEST_STEP][PASSED] - openBrowser(VLinkURL + "CC_credit.html"): Browser is opened with url: 'https://dev-algorithm.govolution.com/vlinktest/QA/version_2_0/CC_credit.html'

2023-02-15 22:08:10 - [MESSAGE][WARNING] - A browser is already opened. Closing browser and opening a new one

2023-02-15 22:08:11 - [MESSAGE][INFO] - Starting 'Chrome' driver

2023-02-15 22:08:11 - [MESSAGE][INFO] - User set preference: ['acceptInsecureCerts', 'true']

2023-02-15 22:08:11 - [MESSAGE][INFO] - Action delay is set to 0 milliseconds

2023-02-15 22:08:13 - [MESSAGE][PASSED] - Browser is opened with url: 'https://dev-algorithm.govolution.com/vlinktest/QA/version_2_0/CC_credit.html'

2023-02-15 22:08:13 - [TEST_STEP][PASSED] - maximizeWindow(): Current window maximized

2023-02-15 22:08:13 - [MESSAGE][PASSED] - Current window maximized

2023-02-15 22:08:13 - [TEST_STEP][PASSED] - setText(findTestObject("Object Repository/RecAndPlayBk/Page-Vlink-CC-Credit/input_Remittance Id"), VLinkSaleRemID): Text 'AHNVRPmMm7IG' is set on object 'Object Repository/RecAndPlayBk/Page-Vlink-CC-Credit/input_Remittance Id'

2023-02-15 22:08:14 - [MESSAGE][PASSED] - Text 'AHNVRPmMm7IG' is set on object 'Object Repository/RecAndPlayBk/Page-Vlink-CC-Credit/input_Remittance Id'

2023-02-15 22:08:14 - [TEST_STEP][PASSED] - setText(findTestObject("Object Repository/RecAndPlayBk/Page-Vlink-CC-Credit/input_Application Id"), appID): Text '234' is set on object 'Object Repository/RecAndPlayBk/Page-Vlink-CC-Credit/input_Application Id'

2023-02-15 22:08:14 - [MESSAGE][PASSED] - Text '234' is set on object 'Object Repository/RecAndPlayBk/Page-Vlink-CC-Credit/input_Application Id'

2023-02-15 22:08:14 - [TEST_STEP][PASSED] - setText(findTestObject("Object Repository/RecAndPlayBk/Page-Vlink-CC-Credit/input_Username"), username): Text 'username' is set on object 'Object Repository/RecAndPlayBk/Page-Vlink-CC-Credit/input_Username'

2023-02-15 22:08:15 - [MESSAGE][PASSED] - Text 'username' is set on object 'Object Repository/RecAndPlayBk/Page-Vlink-CC-Credit/input_Username'

2023-02-15 22:08:15 - [TEST_STEP][PASSED] - setText(findTestObject("Object Repository/RecAndPlayBk/Page-Vlink-CC-Credit/input_Password"), password): Text 'password' is set on object 'Object Repository/RecAndPlayBk/Page-Vlink-CC-Credit/input_Password'

2023-02-15 22:08:16 - [MESSAGE][PASSED] - Text 'password' is set on object 'Object Repository/RecAndPlayBk/Page-Vlink-CC-Credit/input_Password'

2023-02-15 22:08:16 - [TEST_STEP][PASSED] - setText(findTestObject("Object Repository/RecAndPlayBk/Page-Vlink-CC-Credit/input_Transaction ID"), VLinkSaleTranxID): Text '12126652' is set on object 'Object Repository/RecAndPlayBk/Page-Vlink-CC-Credit/input_Transaction ID'

2023-02-15 22:08:16 - [MESSAGE][PASSED] - Text '12126652' is set on object 'Object Repository/RecAndPlayBk/Page-Vlink-CC-Credit/input_Transaction ID'

2023-02-15 22:08:16 - [TEST_STEP][PASSED] - setText(findTestObject("Object Repository/RecAndPlayBk/Page-Vlink-CC-Credit/input_Amount"), amount): Text '10.5' is set on object 'Object Repository/RecAndPlayBk/Page-Vlink-CC-Credit/input_Amount'

2023-02-15 22:08:17 - [MESSAGE][PASSED] - Text '10.5' is set on object 'Object Repository/RecAndPlayBk/Page-Vlink-CC-Credit/input_Amount'

2023-02-15 22:08:17 - [TEST_STEP][PASSED] - setText(findTestObject("Object Repository/RecAndPlayBk/Page-Vlink-CC-Credit/input_Card number"), ""): Text '' is set on object 'Object Repository/RecAndPlayBk/Page-Vlink-CC-Credit/input_Card number'

2023-02-15 22:08:17 - [MESSAGE][PASSED] - Text '' is set on object 'Object Repository/RecAndPlayBk/Page-Vlink-CC-Credit/input_Card number'

2023-02-15 22:08:17 - [TEST_STEP][PASSED] - setText(findTestObject("Object Repository/RecAndPlayBk/Page-Vlink-CC-Credit/input_Card ex month"), ""): Text '' is set on object 'Object Repository/RecAndPlayBk/Page-Vlink-CC-Credit/input_Card ex month'

2023-02-15 22:08:18 - [MESSAGE][PASSED] - Text '' is set on object 'Object Repository/RecAndPlayBk/Page-Vlink-CC-Credit/input_Card ex month'

2023-02-15 22:08:18 - [TEST_STEP][PASSED] - setText(findTestObject("Object Repository/RecAndPlayBk/Page-Vlink-CC-Credit/input_Card ex year"), ""): Text '' is set on object 'Object Repository/RecAndPlayBk/Page-Vlink-CC-Credit/input_Card ex year'

2023-02-15 22:08:18 - [MESSAGE][PASSED] - Text '' is set on object 'Object Repository/RecAndPlayBk/Page-Vlink-CC-Credit/input_Card ex year'

2023-02-15 22:08:18 - [TEST_STEP][PASSED] - setText(findTestObject("Object Repository/RecAndPlayBk/Page-Vlink-CC-Credit/input_Track Data"), ""): Text '' is set on object 'Object Repository/RecAndPlayBk/Page-Vlink-CC-Credit/input_Track Data'

2023-02-15 22:08:19 - [MESSAGE][PASSED] - Text '' is set on object 'Object Repository/RecAndPlayBk/Page-Vlink-CC-Credit/input_Track Data'

2023-02-15 22:08:19 - [TEST_STEP][PASSED] - setText(findTestObject("Object Repository/RecAndPlayBk/Page-Vlink-CC-Credit/input_Category Code"), category): Text 'MOTO' is set on object 'Object Repository/RecAndPlayBk/Page-Vlink-CC-Credit/input_Category Code'

2023-02-15 22:08:20 - [MESSAGE][PASSED] - Text 'MOTO' is set on object 'Object Repository/RecAndPlayBk/Page-Vlink-CC-Credit/input_Category Code'

2023-02-15 22:08:20 - [TEST_STEP][PASSED] - click(findTestObject("Object Repository/RecAndPlayBk/Page-Vlink-CC-Credit/input")): Object: 'Object Repository/RecAndPlayBk/Page-Vlink-CC-Credit/input' is clicked on

2023-02-15 22:08:21 - [MESSAGE][PASSED] - Object: 'Object Repository/RecAndPlayBk/Page-Vlink-CC-Credit/input' is clicked on

2023-02-15 22:08:21 - [TEST_STEP][PASSED] - if (verifyTextPresent("Transaction approved, no errors", true)): null

2023-02-15 22:08:21 - [MESSAGE][PASSED] - Text 'Transaction approved, no errors' is present on page  using regular expression

2023-02-15 22:08:21 - [TEST_STEP][PASSED] - sdfo = getText(findTestObject("Object Repository/Page_VLinkReceipt/pre_STX")): Text of object 'Object Repository/Page_VLinkReceipt/pre_STX' is: '<STX>AHNVRPmMm7IG                  12126653            0  Transaction approved, no errors                   0                                                                                             <ETX>'

2023-02-15 22:08:22 - [MESSAGE][PASSED] - Text of object 'Object Repository/Page_VLinkReceipt/pre_STX' is: '<STX>AHNVRPmMm7IG                  12126653            0  Transaction approved, no errors                   0                                                                                             <ETX>'

2023-02-15 22:08:22 - [TEST_STEP][PASSED] - out.println("sdfo: " + sdfo): null

2023-02-15 22:08:22 - [TEST_STEP][PASSED] - remID = substring(5, 35).trim(): null

2023-02-15 22:08:22 - [TEST_STEP][PASSED] - out.println("remID: " + remID): null

2023-02-15 22:08:22 - [TEST_STEP][PASSED] - traxID = substring(35, 55).trim(): null

2023-02-15 22:08:22 - [TEST_STEP][PASSED] - out.println("traxID: " + traxID): null

2023-02-15 22:08:22 - [TEST_STEP][PASSED] - VLinkSaleRemID = remID: null

2023-02-15 22:08:22 - [TEST_STEP][PASSED] - VLinkSaleTranxID = traxID: null

2023-02-15 22:08:22 - [TEST_STEP][PASSED] - openBrowser(VLinkURL + "CC_void.html"): Browser is opened with url: 'https://dev-algorithm.govolution.com/vlinktest/QA/version_2_0/CC_void.html'

2023-02-15 22:08:22 - [MESSAGE][WARNING] - A browser is already opened. Closing browser and opening a new one

2023-02-15 22:08:22 - [MESSAGE][INFO] - Starting 'Chrome' driver

2023-02-15 22:08:22 - [MESSAGE][INFO] - User set preference: ['acceptInsecureCerts', 'true']

2023-02-15 22:08:22 - [MESSAGE][INFO] - Action delay is set to 0 milliseconds

2023-02-15 22:08:24 - [MESSAGE][PASSED] - Browser is opened with url: 'https://dev-algorithm.govolution.com/vlinktest/QA/version_2_0/CC_void.html'

2023-02-15 22:08:24 - [TEST_STEP][PASSED] - maximizeWindow(): Current window maximized

2023-02-15 22:08:24 - [MESSAGE][PASSED] - Current window maximized

2023-02-15 22:08:24 - [TEST_STEP][PASSED] - setText(findTestObject("Object Repository/RecAndPlayBk/Page-Vlink-CC-Void/txt_RemID"), VLinkSaleRemID): Text 'AHNVRPmMm7IG' is set on object 'Object Repository/RecAndPlayBk/Page-Vlink-CC-Void/txt_RemID'

2023-02-15 22:08:25 - [MESSAGE][PASSED] - Text 'AHNVRPmMm7IG' is set on object 'Object Repository/RecAndPlayBk/Page-Vlink-CC-Void/txt_RemID'

2023-02-15 22:08:25 - [TEST_STEP][PASSED] - setText(findTestObject("Object Repository/RecAndPlayBk/Page-Vlink-CC-Void/txt_ApplicationID"), appID): Text '234' is set on object 'Object Repository/RecAndPlayBk/Page-Vlink-CC-Void/txt_ApplicationID'

2023-02-15 22:08:26 - [MESSAGE][PASSED] - Text '234' is set on object 'Object Repository/RecAndPlayBk/Page-Vlink-CC-Void/txt_ApplicationID'

2023-02-15 22:08:26 - [TEST_STEP][PASSED] - setText(findTestObject("Object Repository/RecAndPlayBk/Page-Vlink-CC-Void/txt_Username"), username): Text 'username' is set on object 'Object Repository/RecAndPlayBk/Page-Vlink-CC-Void/txt_Username'

2023-02-15 22:08:26 - [MESSAGE][PASSED] - Text 'username' is set on object 'Object Repository/RecAndPlayBk/Page-Vlink-CC-Void/txt_Username'

2023-02-15 22:08:26 - [TEST_STEP][PASSED] - setText(findTestObject("Object Repository/RecAndPlayBk/Page-Vlink-CC-Void/txt_Password"), password): Text 'password' is set on object 'Object Repository/RecAndPlayBk/Page-Vlink-CC-Void/txt_Password'

2023-02-15 22:08:27 - [MESSAGE][PASSED] - Text 'password' is set on object 'Object Repository/RecAndPlayBk/Page-Vlink-CC-Void/txt_Password'

2023-02-15 22:08:27 - [TEST_STEP][PASSED] - setText(findTestObject("Object Repository/RecAndPlayBk/Page-Vlink-CC-Void/txt_TransactionID"), VLinkSaleTranxID): Text '12126653' is set on object 'Object Repository/RecAndPlayBk/Page-Vlink-CC-Void/txt_TransactionID'

2023-02-15 22:08:28 - [MESSAGE][PASSED] - Text '12126653' is set on object 'Object Repository/RecAndPlayBk/Page-Vlink-CC-Void/txt_TransactionID'

2023-02-15 22:08:28 - [TEST_STEP][PASSED] - setText(findTestObject("Object Repository/RecAndPlayBk/Page-Vlink-CC-Void/txt_OriginalTransactionType"), "104"): Text '104' is set on object 'Object Repository/RecAndPlayBk/Page-Vlink-CC-Void/txt_OriginalTransactionType'

2023-02-15 22:08:28 - [MESSAGE][PASSED] - Text '104' is set on object 'Object Repository/RecAndPlayBk/Page-Vlink-CC-Void/txt_OriginalTransactionType'

2023-02-15 22:08:28 - [TEST_STEP][PASSED] - setText(findTestObject("Object Repository/RecAndPlayBk/Page-Vlink-CC-Void/txt_TrackData"), ""): Text '' is set on object 'Object Repository/RecAndPlayBk/Page-Vlink-CC-Void/txt_TrackData'

2023-02-15 22:08:29 - [MESSAGE][PASSED] - Text '' is set on object 'Object Repository/RecAndPlayBk/Page-Vlink-CC-Void/txt_TrackData'

2023-02-15 22:08:29 - [TEST_STEP][PASSED] - click(findTestObject("Object Repository/RecAndPlayBk/Page-Vlink-CC-Void/btn_ProcessVLinkTransaction")): Object: 'Object Repository/RecAndPlayBk/Page-Vlink-CC-Void/btn_ProcessVLinkTransaction' is clicked on

2023-02-15 22:08:30 - [MESSAGE][PASSED] - Object: 'Object Repository/RecAndPlayBk/Page-Vlink-CC-Void/btn_ProcessVLinkTransaction' is clicked on

2023-02-15 22:08:30 - [TEST_STEP][PASSED] - if (verifyTextPresent("Transaction approved, no errors", true)): null

2023-02-15 22:08:30 - [MESSAGE][PASSED] - Text 'Transaction approved, no errors' is present on page  using regular expression

2023-02-15 22:08:30 - [TEST_STEP][PASSED] - println("Transaction Approved, no errors text is present on the Confirmation page"): null

2023-02-15 22:08:30 - [TEST_STEP][PASSED] - out.println("Pass Record Number: " + row): null

2023-02-15 22:08:30 - [TEST_STEP][PASSED] - resText = "Pass": null

2023-02-15 22:08:30 - [TEST_STEP][PASSED] - pages.WriteExcel.demoKey(resText, datText, resColumn, datCloumn, fileLoc, nameSheet, row): pages.WriteExcel.demoKey is PASSED

2023-02-15 22:08:31 - [MESSAGE][PASSED] - pages.WriteExcel.demoKey is PASSED

2023-02-15 22:08:31 - [TEST_STEP][PASSED] - ExecuteTC = findTestData(dataFile).getValue("Execute", row): null

2023-02-15 22:08:31 - [TEST_STEP][PASSED] - out.println("Value of Execute is : " + ExecuteTC): null

2023-02-15 22:08:31 - [TEST_STEP][PASSED] - switch (executionProfile): null

2023-02-15 22:08:31 - [TEST_STEP][PASSED] - case "QAProfile":: null

2023-02-15 22:08:31 - [TEST_STEP][PASSED] - appID = findTestData(dataFile).getValue("AppIDQA", row): null

2023-02-15 22:08:31 - [TEST_STEP][PASSED] - username = findTestData(dataFile).getValue("UsernameQA", row): null

2023-02-15 22:08:31 - [TEST_STEP][PASSED] - password = findTestData(dataFile).getValue("PasswordQA", row): null

2023-02-15 22:08:31 - [TEST_STEP][PASSED] - break: null

2023-02-15 22:08:31 - [TEST_STEP][FAILED] - if (ExecuteTC.equalsIgnoreCase("Y")): null

2023-02-15 22:08:31 - [TEST_STEP][PASSED] - out.println("Begin Record Number: " + row): null

2023-02-15 22:08:31 - [TEST_STEP][PASSED] - today = new java.util.Date(): null

2023-02-15 22:08:31 - [TEST_STEP][PASSED] - println(today): null

2023-02-15 22:08:31 - [TEST_STEP][PASSED] - datText = today: null

2023-02-15 22:08:31 - [TEST_STEP][PASSED] - category = findTestData(dataFile).getValue("Category", row): null

2023-02-15 22:08:31 - [TEST_STEP][PASSED] - amount = findTestData(dataFile).getValue("Amount", row): null

2023-02-15 22:08:31 - [TEST_STEP][PASSED] - cardNumber = findTestData(dataFile).getValue("CardNumber", row): null

2023-02-15 22:08:31 - [TEST_STEP][PASSED] - exM = findTestData(dataFile).getValue("ExM", row): null

2023-02-15 22:08:31 - [TEST_STEP][PASSED] - exY = findTestData(dataFile).getValue("ExY", row): null

2023-02-15 22:08:31 - [TEST_STEP][PASSED] - openBrowser(VLinkURL + "authcap.html"): Browser is opened with url: 'https://dev-algorithm.govolution.com/vlinktest/QA/version_2_0/authcap.html'

2023-02-15 22:08:31 - [MESSAGE][WARNING] - A browser is already opened. Closing browser and opening a new one

2023-02-15 22:08:32 - [MESSAGE][INFO] - Starting 'Chrome' driver

2023-02-15 22:08:32 - [MESSAGE][INFO] - User set preference: ['acceptInsecureCerts', 'true']

2023-02-15 22:08:32 - [MESSAGE][INFO] - Action delay is set to 0 milliseconds

2023-02-15 22:08:34 - [MESSAGE][PASSED] - Browser is opened with url: 'https://dev-algorithm.govolution.com/vlinktest/QA/version_2_0/authcap.html'

2023-02-15 22:08:34 - [TEST_STEP][PASSED] - maximizeWindow(): Current window maximized

2023-02-15 22:08:34 - [MESSAGE][PASSED] - Current window maximized

2023-02-15 22:08:34 - [TEST_STEP][PASSED] - maximizeWindow(): Current window maximized

2023-02-15 22:08:34 - [MESSAGE][PASSED] - Current window maximized

2023-02-15 22:08:34 - [TEST_STEP][PASSED] - genRemID = RandomStringUtils.random(12, true, true): null

2023-02-15 22:08:34 - [TEST_STEP][PASSED] - setText(findTestObject("Object Repository/RecAndPlayBk/Page-Vlink-Sale/input_Remittance Id_remittance_id"), genRemID): Text 'eRJXtXg66Gsc' is set on object 'Object Repository/RecAndPlayBk/Page-Vlink-Sale/input_Remittance Id_remittance_id'

2023-02-15 22:08:35 - [MESSAGE][PASSED] - Text 'eRJXtXg66Gsc' is set on object 'Object Repository/RecAndPlayBk/Page-Vlink-Sale/input_Remittance Id_remittance_id'

2023-02-15 22:08:35 - [TEST_STEP][PASSED] - setText(findTestObject("Object Repository/RecAndPlayBk/Page-Vlink-Sale/input_Application Id_application_id"), appID): Text '234' is set on object 'Object Repository/RecAndPlayBk/Page-Vlink-Sale/input_Application Id_application_id'

2023-02-15 22:08:36 - [MESSAGE][PASSED] - Text '234' is set on object 'Object Repository/RecAndPlayBk/Page-Vlink-Sale/input_Application Id_application_id'

2023-02-15 22:08:36 - [TEST_STEP][PASSED] - setText(findTestObject("Object Repository/RecAndPlayBk/Page-Vlink-Sale/input_Username_username"), username): Text 'username' is set on object 'Object Repository/RecAndPlayBk/Page-Vlink-Sale/input_Username_username'

2023-02-15 22:08:36 - [MESSAGE][PASSED] - Text 'username' is set on object 'Object Repository/RecAndPlayBk/Page-Vlink-Sale/input_Username_username'

2023-02-15 22:08:36 - [TEST_STEP][PASSED] - setText(findTestObject("Object Repository/RecAndPlayBk/Page-Vlink-Sale/input_Password_password"), password): Text 'password' is set on object 'Object Repository/RecAndPlayBk/Page-Vlink-Sale/input_Password_password'

2023-02-15 22:08:37 - [MESSAGE][PASSED] - Text 'password' is set on object 'Object Repository/RecAndPlayBk/Page-Vlink-Sale/input_Password_password'

2023-02-15 22:08:37 - [TEST_STEP][PASSED] - setText(findTestObject("Object Repository/RecAndPlayBk/Page-Vlink-Sale/input_Category_category"), category): Text 'RETL' is set on object 'Object Repository/RecAndPlayBk/Page-Vlink-Sale/input_Category_category'

2023-02-15 22:08:38 - [MESSAGE][PASSED] - Text 'RETL' is set on object 'Object Repository/RecAndPlayBk/Page-Vlink-Sale/input_Category_category'

2023-02-15 22:08:38 - [TEST_STEP][PASSED] - setText(findTestObject("Object Repository/RecAndPlayBk/Page-Vlink-Sale/input_Amount_amount"), amount): Text '10.5' is set on object 'Object Repository/RecAndPlayBk/Page-Vlink-Sale/input_Amount_amount'

2023-02-15 22:08:38 - [MESSAGE][PASSED] - Text '10.5' is set on object 'Object Repository/RecAndPlayBk/Page-Vlink-Sale/input_Amount_amount'

2023-02-15 22:08:38 - [TEST_STEP][PASSED] - doubleClick(findTestObject("Object Repository/RecAndPlayBk/Page-Vlink-Sale/input_Card number_card_number")): Object: 'Object Repository/RecAndPlayBk/Page-Vlink-Sale/input_Card number_card_number' is double clicked on

2023-02-15 22:08:39 - [MESSAGE][PASSED] - Object: 'Object Repository/RecAndPlayBk/Page-Vlink-Sale/input_Card number_card_number' is double clicked on

2023-02-15 22:08:39 - [TEST_STEP][PASSED] - setText(findTestObject("Object Repository/RecAndPlayBk/Page-Vlink-Sale/input_Card number_card_number"), cardNumber): Text '370000000000002' is set on object 'Object Repository/RecAndPlayBk/Page-Vlink-Sale/input_Card number_card_number'

2023-02-15 22:08:39 - [MESSAGE][PASSED] - Text '370000000000002' is set on object 'Object Repository/RecAndPlayBk/Page-Vlink-Sale/input_Card number_card_number'

2023-02-15 22:08:39 - [TEST_STEP][PASSED] - setText(findTestObject("Object Repository/RecAndPlayBk/Page-Vlink-Sale/input_Card ex month_card_exmo"), exM): Text '12' is set on object 'Object Repository/RecAndPlayBk/Page-Vlink-Sale/input_Card ex month_card_exmo'

2023-02-15 22:08:40 - [MESSAGE][PASSED] - Text '12' is set on object 'Object Repository/RecAndPlayBk/Page-Vlink-Sale/input_Card ex month_card_exmo'

2023-02-15 22:08:40 - [TEST_STEP][PASSED] - setText(findTestObject("Object Repository/RecAndPlayBk/Page-Vlink-Sale/input_Card ex year_card_exyr"), exY): Text '2029' is set on object 'Object Repository/RecAndPlayBk/Page-Vlink-Sale/input_Card ex year_card_exyr'

2023-02-15 22:08:40 - [MESSAGE][PASSED] - Text '2029' is set on object 'Object Repository/RecAndPlayBk/Page-Vlink-Sale/input_Card ex year_card_exyr'

2023-02-15 22:08:40 - [TEST_STEP][PASSED] - click(findTestObject("Object Repository/RecAndPlayBk/Page-Vlink-Sale/input_Track Data_track_data")): Object: 'Object Repository/RecAndPlayBk/Page-Vlink-Sale/input_Track Data_track_data' is clicked on

2023-02-15 22:08:41 - [MESSAGE][PASSED] - Object: 'Object Repository/RecAndPlayBk/Page-Vlink-Sale/input_Track Data_track_data' is clicked on

2023-02-15 22:08:41 - [TEST_STEP][PASSED] - click(findTestObject("Object Repository/RecAndPlayBk/Page-Vlink-Sale/input_CVV state_cvv_state")): Object: 'Object Repository/RecAndPlayBk/Page-Vlink-Sale/input_CVV state_cvv_state' is clicked on

2023-02-15 22:08:41 - [MESSAGE][PASSED] - Object: 'Object Repository/RecAndPlayBk/Page-Vlink-Sale/input_CVV state_cvv_state' is clicked on

2023-02-15 22:08:41 - [TEST_STEP][PASSED] - setText(findTestObject("Object Repository/RecAndPlayBk/Page-Vlink-Sale/input_Track Data_track_data"), ""): Text '' is set on object 'Object Repository/RecAndPlayBk/Page-Vlink-Sale/input_Track Data_track_data'

2023-02-15 22:08:42 - [MESSAGE][PASSED] - Text '' is set on object 'Object Repository/RecAndPlayBk/Page-Vlink-Sale/input_Track Data_track_data'

2023-02-15 22:08:42 - [TEST_STEP][PASSED] - setText(findTestObject("Object Repository/RecAndPlayBk/Page-Vlink-Sale/input_concat(Cardholder, , s email)_email"), ""): Text '' is set on object 'Object Repository/RecAndPlayBk/Page-Vlink-Sale/input_concat(Cardholder, , s email)_email'

2023-02-15 22:08:42 - [MESSAGE][PASSED] - Text '' is set on object 'Object Repository/RecAndPlayBk/Page-Vlink-Sale/input_concat(Cardholder, , s email)_email'

2023-02-15 22:08:42 - [TEST_STEP][PASSED] - click(findTestObject("Object Repository/RecAndPlayBk/Page-Vlink-Sale/input_user_defined10_user_defined10")): Object: 'Object Repository/RecAndPlayBk/Page-Vlink-Sale/input_user_defined10_user_defined10' is clicked on

2023-02-15 22:08:43 - [MESSAGE][PASSED] - Object: 'Object Repository/RecAndPlayBk/Page-Vlink-Sale/input_user_defined10_user_defined10' is clicked on

2023-02-15 22:08:43 - [TEST_STEP][PASSED] - if (executionProfile.equalsIgnoreCase("QAProfile") || executionProfile.equalsIgnoreCase("DemoProfile")): Text '' is set on object 'Object Repository/RecAndPlayBk/Page-Vlink-Sale/input_COF Transaction Initiated by_cof_tran_6cded5'

2023-02-15 22:08:43 - [TEST_STEP][PASSED] - setText(findTestObject("Object Repository/RecAndPlayBk/Page-Vlink-Sale/input_Card on File Indicator_card_on_file_i_157dae"), ""): Text '' is set on object 'Object Repository/RecAndPlayBk/Page-Vlink-Sale/input_Card on File Indicator_card_on_file_i_157dae'

2023-02-15 22:08:43 - [MESSAGE][PASSED] - Text '' is set on object 'Object Repository/RecAndPlayBk/Page-Vlink-Sale/input_Card on File Indicator_card_on_file_i_157dae'

2023-02-15 22:08:43 - [TEST_STEP][PASSED] - setText(findTestObject("Object Repository/RecAndPlayBk/Page-Vlink-Sale/input_Stored Credential Indicator_stored_cr_4ae73c"), ""): Text '' is set on object 'Object Repository/RecAndPlayBk/Page-Vlink-Sale/input_Stored Credential Indicator_stored_cr_4ae73c'

2023-02-15 22:08:44 - [MESSAGE][PASSED] - Text '' is set on object 'Object Repository/RecAndPlayBk/Page-Vlink-Sale/input_Stored Credential Indicator_stored_cr_4ae73c'

2023-02-15 22:08:44 - [TEST_STEP][PASSED] - setText(findTestObject("Object Repository/RecAndPlayBk/Page-Vlink-Sale/input_COF Scheduled indicator_cof_scheduled_8df7d8"), ""): Text '' is set on object 'Object Repository/RecAndPlayBk/Page-Vlink-Sale/input_COF Scheduled indicator_cof_scheduled_8df7d8'

2023-02-15 22:08:45 - [MESSAGE][PASSED] - Text '' is set on object 'Object Repository/RecAndPlayBk/Page-Vlink-Sale/input_COF Scheduled indicator_cof_scheduled_8df7d8'

2023-02-15 22:08:45 - [TEST_STEP][PASSED] - setText(findTestObject("Object Repository/RecAndPlayBk/Page-Vlink-Sale/input_COF Transaction Initiated by_cof_tran_6cded5"), ""): Text '' is set on object 'Object Repository/RecAndPlayBk/Page-Vlink-Sale/input_COF Transaction Initiated by_cof_tran_6cded5'

2023-02-15 22:08:45 - [MESSAGE][PASSED] - Text '' is set on object 'Object Repository/RecAndPlayBk/Page-Vlink-Sale/input_COF Transaction Initiated by_cof_tran_6cded5'

2023-02-15 22:08:45 - [TEST_STEP][PASSED] - click(findTestObject("Object Repository/RecAndPlayBk/Page-Vlink-Sale/input")): Object: 'Object Repository/RecAndPlayBk/Page-Vlink-Sale/input' is clicked on

2023-02-15 22:08:46 - [MESSAGE][PASSED] - Object: 'Object Repository/RecAndPlayBk/Page-Vlink-Sale/input' is clicked on

2023-02-15 22:08:46 - [TEST_STEP][FAILED] - if (verifyTextPresent("Transaction approved, no errors", true)): Text 'Transaction approved, no errors' is not present on page  using regular expression (Root cause: com.kms.katalon.core.exception.StepFailedException: Text 'Transaction approved, no errors' is not present on page  using regular expression
	at com.kms.katalon.core.webui.keyword.internal.WebUIKeywordMain.stepFailed(WebUIKeywordMain.groovy:64)
	at com.kms.katalon.core.webui.keyword.builtin.VerifyTextPresentKeyword$_verifyTextPresent_closure1.doCall(VerifyTextPresentKeyword.groovy:79)
	at com.kms.katalon.core.webui.keyword.builtin.VerifyTextPresentKeyword$_verifyTextPresent_closure1.call(VerifyTextPresentKeyword.groovy)
	at com.kms.katalon.core.webui.keyword.internal.WebUIKeywordMain.runKeyword(WebUIKeywordMain.groovy:20)
	at com.kms.katalon.core.webui.keyword.builtin.VerifyTextPresentKeyword.verifyTextPresent(VerifyTextPresentKeyword.groovy:83)
	at com.kms.katalon.core.webui.keyword.builtin.VerifyTextPresentKeyword.execute(VerifyTextPresentKeyword.groovy:68)
	at com.kms.katalon.core.keyword.internal.KeywordExecutor.executeKeywordForPlatform(KeywordExecutor.groovy:74)
	at com.kms.katalon.core.webui.keyword.WebUiBuiltInKeywords.verifyTextPresent(WebUiBuiltInKeywords.groovy:1723)
	at com.kms.katalon.core.webui.keyword.WebUiBuiltInKeywords$verifyTextPresent$4.call(Unknown Source)
	at Sale-Credit-Void.run(Sale-Credit-Void:155)
	at com.kms.katalon.core.main.ScriptEngine.run(ScriptEngine.java:194)
	at com.kms.katalon.core.main.ScriptEngine.runScriptAsRawText(ScriptEngine.java:119)
	at com.kms.katalon.core.main.TestCaseExecutor.runScript(TestCaseExecutor.java:442)
	at com.kms.katalon.core.main.TestCaseExecutor.doExecute(TestCaseExecutor.java:433)
	at com.kms.katalon.core.main.TestCaseExecutor.processExecutionPhase(TestCaseExecutor.java:412)
	at com.kms.katalon.core.main.TestCaseExecutor.accessMainPhase(TestCaseExecutor.java:404)
	at com.kms.katalon.core.main.TestCaseExecutor.execute(TestCaseExecutor.java:281)
	at com.kms.katalon.core.main.TestSuiteExecutor.accessTestCaseMainPhase(TestSuiteExecutor.java:202)
	at com.kms.katalon.core.main.TestSuiteExecutor.accessTestSuiteMainPhase(TestSuiteExecutor.java:164)
	at com.kms.katalon.core.main.TestSuiteExecutor.execute(TestSuiteExecutor.java:105)
	at com.kms.katalon.core.main.TestCaseMain.startTestSuite(TestCaseMain.java:185)
	at com.kms.katalon.core.main.TestCaseMain$startTestSuite$0.call(Unknown Source)
	at TempTestSuite1676515943031.run(TempTestSuite1676515943031.groovy:36)
)

2023-02-15 22:08:46 - [MESSAGE][FAILED] - Text 'Transaction approved, no errors' is not present on page  using regular expression (Root cause: com.kms.katalon.core.exception.StepFailedException: Text 'Transaction approved, no errors' is not present on page  using regular expression
	at com.kms.katalon.core.webui.keyword.internal.WebUIKeywordMain.stepFailed(WebUIKeywordMain.groovy:64)
	at com.kms.katalon.core.webui.keyword.builtin.VerifyTextPresentKeyword$_verifyTextPresent_closure1.doCall(VerifyTextPresentKeyword.groovy:79)
	at com.kms.katalon.core.webui.keyword.builtin.VerifyTextPresentKeyword$_verifyTextPresent_closure1.call(VerifyTextPresentKeyword.groovy)
	at com.kms.katalon.core.webui.keyword.internal.WebUIKeywordMain.runKeyword(WebUIKeywordMain.groovy:20)
	at com.kms.katalon.core.webui.keyword.builtin.VerifyTextPresentKeyword.verifyTextPresent(VerifyTextPresentKeyword.groovy:83)
	at com.kms.katalon.core.webui.keyword.builtin.VerifyTextPresentKeyword.execute(VerifyTextPresentKeyword.groovy:68)
	at com.kms.katalon.core.keyword.internal.KeywordExecutor.executeKeywordForPlatform(KeywordExecutor.groovy:74)
	at com.kms.katalon.core.webui.keyword.WebUiBuiltInKeywords.verifyTextPresent(WebUiBuiltInKeywords.groovy:1723)
	at com.kms.katalon.core.webui.keyword.WebUiBuiltInKeywords$verifyTextPresent$4.call(Unknown Source)
	at Sale-Credit-Void.run(Sale-Credit-Void:155)
	at com.kms.katalon.core.main.ScriptEngine.run(ScriptEngine.java:194)
	at com.kms.katalon.core.main.ScriptEngine.runScriptAsRawText(ScriptEngine.java:119)
	at com.kms.katalon.core.main.TestCaseExecutor.runScript(TestCaseExecutor.java:442)
	at com.kms.katalon.core.main.TestCaseExecutor.doExecute(TestCaseExecutor.java:433)
	at com.kms.katalon.core.main.TestCaseExecutor.processExecutionPhase(TestCaseExecutor.java:412)
	at com.kms.katalon.core.main.TestCaseExecutor.accessMainPhase(TestCaseExecutor.java:404)
	at com.kms.katalon.core.main.TestCaseExecutor.execute(TestCaseExecutor.java:281)
	at com.kms.katalon.core.main.TestSuiteExecutor.accessTestCaseMainPhase(TestSuiteExecutor.java:202)
	at com.kms.katalon.core.main.TestSuiteExecutor.accessTestSuiteMainPhase(TestSuiteExecutor.java:164)
	at com.kms.katalon.core.main.TestSuiteExecutor.execute(TestSuiteExecutor.java:105)
	at com.kms.katalon.core.main.TestCaseMain.startTestSuite(TestCaseMain.java:185)
	at com.kms.katalon.core.main.TestCaseMain$startTestSuite$0.call(Unknown Source)
	at TempTestSuite1676515943031.run(TempTestSuite1676515943031.groovy:36)
)

2023-02-15 22:08:46 - [TEST_STEP][PASSED] - else: pages.WriteExcel.demoKey is PASSED

2023-02-15 22:08:46 - [TEST_STEP][PASSED] - println("Transaction Approved, no errors text is not present on the Confirmation page"): null

2023-02-15 22:08:46 - [TEST_STEP][PASSED] - out.println("Fail Record Number: " + row): null

2023-02-15 22:08:46 - [TEST_STEP][PASSED] - resText = "Fail": null

2023-02-15 22:08:46 - [TEST_STEP][PASSED] - pages.WriteExcel.demoKey(resText, datText, resColumn, datCloumn, fileLoc, nameSheet, row): pages.WriteExcel.demoKey is PASSED

2023-02-15 22:08:47 - [MESSAGE][PASSED] - pages.WriteExcel.demoKey is PASSED

2023-02-15 22:08:47 - [TEST_STEP][PASSED] - ExecuteTC = findTestData(dataFile).getValue("Execute", row): null

2023-02-15 22:08:47 - [TEST_STEP][PASSED] - out.println("Value of Execute is : " + ExecuteTC): null

2023-02-15 22:08:47 - [TEST_STEP][PASSED] - switch (executionProfile): null

2023-02-15 22:08:47 - [TEST_STEP][PASSED] - case "QAProfile":: null

2023-02-15 22:08:47 - [TEST_STEP][PASSED] - appID = findTestData(dataFile).getValue("AppIDQA", row): null

2023-02-15 22:08:47 - [TEST_STEP][PASSED] - username = findTestData(dataFile).getValue("UsernameQA", row): null

2023-02-15 22:08:47 - [TEST_STEP][PASSED] - password = findTestData(dataFile).getValue("PasswordQA", row): null

2023-02-15 22:08:47 - [TEST_STEP][PASSED] - break: null

2023-02-15 22:08:47 - [TEST_STEP][PASSED] - if (ExecuteTC.equalsIgnoreCase("Y")): null

2023-02-15 22:08:47 - [TEST_STEP][PASSED] - out.println("Begin Record Number: " + row): null

2023-02-15 22:08:47 - [TEST_STEP][PASSED] - today = new java.util.Date(): null

2023-02-15 22:08:47 - [TEST_STEP][PASSED] - println(today): null

2023-02-15 22:08:47 - [TEST_STEP][PASSED] - datText = today: null

2023-02-15 22:08:47 - [TEST_STEP][PASSED] - category = findTestData(dataFile).getValue("Category", row): null

2023-02-15 22:08:47 - [TEST_STEP][PASSED] - amount = findTestData(dataFile).getValue("Amount", row): null

2023-02-15 22:08:48 - [TEST_STEP][PASSED] - cardNumber = findTestData(dataFile).getValue("CardNumber", row): null

2023-02-15 22:08:48 - [TEST_STEP][PASSED] - exM = findTestData(dataFile).getValue("ExM", row): null

2023-02-15 22:08:48 - [TEST_STEP][PASSED] - exY = findTestData(dataFile).getValue("ExY", row): null

2023-02-15 22:08:48 - [TEST_STEP][PASSED] - openBrowser(VLinkURL + "authcap.html"): Browser is opened with url: 'https://dev-algorithm.govolution.com/vlinktest/QA/version_2_0/authcap.html'

2023-02-15 22:08:48 - [MESSAGE][WARNING] - A browser is already opened. Closing browser and opening a new one

2023-02-15 22:08:49 - [MESSAGE][INFO] - Starting 'Chrome' driver

2023-02-15 22:08:49 - [MESSAGE][INFO] - User set preference: ['acceptInsecureCerts', 'true']

2023-02-15 22:08:49 - [MESSAGE][INFO] - Action delay is set to 0 milliseconds

2023-02-15 22:08:51 - [MESSAGE][PASSED] - Browser is opened with url: 'https://dev-algorithm.govolution.com/vlinktest/QA/version_2_0/authcap.html'

2023-02-15 22:08:51 - [TEST_STEP][PASSED] - maximizeWindow(): Current window maximized

2023-02-15 22:08:51 - [MESSAGE][PASSED] - Current window maximized

2023-02-15 22:08:51 - [TEST_STEP][PASSED] - maximizeWindow(): Current window maximized

2023-02-15 22:08:51 - [MESSAGE][PASSED] - Current window maximized

2023-02-15 22:08:51 - [TEST_STEP][PASSED] - genRemID = RandomStringUtils.random(12, true, true): null

2023-02-15 22:08:51 - [TEST_STEP][PASSED] - setText(findTestObject("Object Repository/RecAndPlayBk/Page-Vlink-Sale/input_Remittance Id_remittance_id"), genRemID): Text 'EO9s4tVB7T1J' is set on object 'Object Repository/RecAndPlayBk/Page-Vlink-Sale/input_Remittance Id_remittance_id'

2023-02-15 22:08:52 - [MESSAGE][PASSED] - Text 'EO9s4tVB7T1J' is set on object 'Object Repository/RecAndPlayBk/Page-Vlink-Sale/input_Remittance Id_remittance_id'

2023-02-15 22:08:52 - [TEST_STEP][PASSED] - setText(findTestObject("Object Repository/RecAndPlayBk/Page-Vlink-Sale/input_Application Id_application_id"), appID): Text '87' is set on object 'Object Repository/RecAndPlayBk/Page-Vlink-Sale/input_Application Id_application_id'

2023-02-15 22:08:52 - [MESSAGE][PASSED] - Text '87' is set on object 'Object Repository/RecAndPlayBk/Page-Vlink-Sale/input_Application Id_application_id'

2023-02-15 22:08:52 - [TEST_STEP][PASSED] - setText(findTestObject("Object Repository/RecAndPlayBk/Page-Vlink-Sale/input_Username_username"), username): Text 'username' is set on object 'Object Repository/RecAndPlayBk/Page-Vlink-Sale/input_Username_username'

2023-02-15 22:08:53 - [MESSAGE][PASSED] - Text 'username' is set on object 'Object Repository/RecAndPlayBk/Page-Vlink-Sale/input_Username_username'

2023-02-15 22:08:53 - [TEST_STEP][PASSED] - setText(findTestObject("Object Repository/RecAndPlayBk/Page-Vlink-Sale/input_Password_password"), password): Text 'password' is set on object 'Object Repository/RecAndPlayBk/Page-Vlink-Sale/input_Password_password'

2023-02-15 22:08:54 - [MESSAGE][PASSED] - Text 'password' is set on object 'Object Repository/RecAndPlayBk/Page-Vlink-Sale/input_Password_password'

2023-02-15 22:08:54 - [TEST_STEP][PASSED] - setText(findTestObject("Object Repository/RecAndPlayBk/Page-Vlink-Sale/input_Category_category"), category): Text 'ECOM' is set on object 'Object Repository/RecAndPlayBk/Page-Vlink-Sale/input_Category_category'

2023-02-15 22:08:54 - [MESSAGE][PASSED] - Text 'ECOM' is set on object 'Object Repository/RecAndPlayBk/Page-Vlink-Sale/input_Category_category'

2023-02-15 22:08:54 - [TEST_STEP][PASSED] - setText(findTestObject("Object Repository/RecAndPlayBk/Page-Vlink-Sale/input_Amount_amount"), amount): Text '10.5' is set on object 'Object Repository/RecAndPlayBk/Page-Vlink-Sale/input_Amount_amount'

2023-02-15 22:08:55 - [MESSAGE][PASSED] - Text '10.5' is set on object 'Object Repository/RecAndPlayBk/Page-Vlink-Sale/input_Amount_amount'

2023-02-15 22:08:55 - [TEST_STEP][PASSED] - doubleClick(findTestObject("Object Repository/RecAndPlayBk/Page-Vlink-Sale/input_Card number_card_number")): Object: 'Object Repository/RecAndPlayBk/Page-Vlink-Sale/input_Card number_card_number' is double clicked on

2023-02-15 22:08:55 - [MESSAGE][PASSED] - Object: 'Object Repository/RecAndPlayBk/Page-Vlink-Sale/input_Card number_card_number' is double clicked on

2023-02-15 22:08:55 - [TEST_STEP][PASSED] - setText(findTestObject("Object Repository/RecAndPlayBk/Page-Vlink-Sale/input_Card number_card_number"), cardNumber): Text '4012000098765439' is set on object 'Object Repository/RecAndPlayBk/Page-Vlink-Sale/input_Card number_card_number'

2023-02-15 22:08:56 - [MESSAGE][PASSED] - Text '4012000098765439' is set on object 'Object Repository/RecAndPlayBk/Page-Vlink-Sale/input_Card number_card_number'

2023-02-15 22:08:56 - [TEST_STEP][PASSED] - setText(findTestObject("Object Repository/RecAndPlayBk/Page-Vlink-Sale/input_Card ex month_card_exmo"), exM): Text '12' is set on object 'Object Repository/RecAndPlayBk/Page-Vlink-Sale/input_Card ex month_card_exmo'

2023-02-15 22:08:57 - [MESSAGE][PASSED] - Text '12' is set on object 'Object Repository/RecAndPlayBk/Page-Vlink-Sale/input_Card ex month_card_exmo'

2023-02-15 22:08:57 - [TEST_STEP][PASSED] - setText(findTestObject("Object Repository/RecAndPlayBk/Page-Vlink-Sale/input_Card ex year_card_exyr"), exY): Text '2029' is set on object 'Object Repository/RecAndPlayBk/Page-Vlink-Sale/input_Card ex year_card_exyr'

2023-02-15 22:08:57 - [MESSAGE][PASSED] - Text '2029' is set on object 'Object Repository/RecAndPlayBk/Page-Vlink-Sale/input_Card ex year_card_exyr'

2023-02-15 22:08:57 - [TEST_STEP][PASSED] - click(findTestObject("Object Repository/RecAndPlayBk/Page-Vlink-Sale/input_Track Data_track_data")): Object: 'Object Repository/RecAndPlayBk/Page-Vlink-Sale/input_Track Data_track_data' is clicked on

2023-02-15 22:08:58 - [MESSAGE][PASSED] - Object: 'Object Repository/RecAndPlayBk/Page-Vlink-Sale/input_Track Data_track_data' is clicked on

2023-02-15 22:08:58 - [TEST_STEP][PASSED] - click(findTestObject("Object Repository/RecAndPlayBk/Page-Vlink-Sale/input_CVV state_cvv_state")): Object: 'Object Repository/RecAndPlayBk/Page-Vlink-Sale/input_CVV state_cvv_state' is clicked on

2023-02-15 22:08:58 - [MESSAGE][PASSED] - Object: 'Object Repository/RecAndPlayBk/Page-Vlink-Sale/input_CVV state_cvv_state' is clicked on

2023-02-15 22:08:58 - [TEST_STEP][PASSED] - setText(findTestObject("Object Repository/RecAndPlayBk/Page-Vlink-Sale/input_Track Data_track_data"), ""): Text '' is set on object 'Object Repository/RecAndPlayBk/Page-Vlink-Sale/input_Track Data_track_data'

2023-02-15 22:08:58 - [MESSAGE][PASSED] - Text '' is set on object 'Object Repository/RecAndPlayBk/Page-Vlink-Sale/input_Track Data_track_data'

2023-02-15 22:08:58 - [TEST_STEP][PASSED] - setText(findTestObject("Object Repository/RecAndPlayBk/Page-Vlink-Sale/input_concat(Cardholder, , s email)_email"), ""): Text '' is set on object 'Object Repository/RecAndPlayBk/Page-Vlink-Sale/input_concat(Cardholder, , s email)_email'

2023-02-15 22:08:59 - [MESSAGE][PASSED] - Text '' is set on object 'Object Repository/RecAndPlayBk/Page-Vlink-Sale/input_concat(Cardholder, , s email)_email'

2023-02-15 22:08:59 - [TEST_STEP][PASSED] - click(findTestObject("Object Repository/RecAndPlayBk/Page-Vlink-Sale/input_user_defined10_user_defined10")): Object: 'Object Repository/RecAndPlayBk/Page-Vlink-Sale/input_user_defined10_user_defined10' is clicked on

2023-02-15 22:09:00 - [MESSAGE][PASSED] - Object: 'Object Repository/RecAndPlayBk/Page-Vlink-Sale/input_user_defined10_user_defined10' is clicked on

2023-02-15 22:09:00 - [TEST_STEP][PASSED] - if (executionProfile.equalsIgnoreCase("QAProfile") || executionProfile.equalsIgnoreCase("DemoProfile")): Text '' is set on object 'Object Repository/RecAndPlayBk/Page-Vlink-Sale/input_COF Transaction Initiated by_cof_tran_6cded5'

2023-02-15 22:09:00 - [TEST_STEP][PASSED] - setText(findTestObject("Object Repository/RecAndPlayBk/Page-Vlink-Sale/input_Card on File Indicator_card_on_file_i_157dae"), ""): Text '' is set on object 'Object Repository/RecAndPlayBk/Page-Vlink-Sale/input_Card on File Indicator_card_on_file_i_157dae'

2023-02-15 22:09:00 - [MESSAGE][PASSED] - Text '' is set on object 'Object Repository/RecAndPlayBk/Page-Vlink-Sale/input_Card on File Indicator_card_on_file_i_157dae'

2023-02-15 22:09:00 - [TEST_STEP][PASSED] - setText(findTestObject("Object Repository/RecAndPlayBk/Page-Vlink-Sale/input_Stored Credential Indicator_stored_cr_4ae73c"), ""): Text '' is set on object 'Object Repository/RecAndPlayBk/Page-Vlink-Sale/input_Stored Credential Indicator_stored_cr_4ae73c'

2023-02-15 22:09:01 - [MESSAGE][PASSED] - Text '' is set on object 'Object Repository/RecAndPlayBk/Page-Vlink-Sale/input_Stored Credential Indicator_stored_cr_4ae73c'

2023-02-15 22:09:01 - [TEST_STEP][PASSED] - setText(findTestObject("Object Repository/RecAndPlayBk/Page-Vlink-Sale/input_COF Scheduled indicator_cof_scheduled_8df7d8"), ""): Text '' is set on object 'Object Repository/RecAndPlayBk/Page-Vlink-Sale/input_COF Scheduled indicator_cof_scheduled_8df7d8'

2023-02-15 22:09:02 - [MESSAGE][PASSED] - Text '' is set on object 'Object Repository/RecAndPlayBk/Page-Vlink-Sale/input_COF Scheduled indicator_cof_scheduled_8df7d8'

2023-02-15 22:09:02 - [TEST_STEP][PASSED] - setText(findTestObject("Object Repository/RecAndPlayBk/Page-Vlink-Sale/input_COF Transaction Initiated by_cof_tran_6cded5"), ""): Text '' is set on object 'Object Repository/RecAndPlayBk/Page-Vlink-Sale/input_COF Transaction Initiated by_cof_tran_6cded5'

2023-02-15 22:09:02 - [MESSAGE][PASSED] - Text '' is set on object 'Object Repository/RecAndPlayBk/Page-Vlink-Sale/input_COF Transaction Initiated by_cof_tran_6cded5'

2023-02-15 22:09:02 - [TEST_STEP][PASSED] - click(findTestObject("Object Repository/RecAndPlayBk/Page-Vlink-Sale/input")): Object: 'Object Repository/RecAndPlayBk/Page-Vlink-Sale/input' is clicked on

2023-02-15 22:09:04 - [MESSAGE][PASSED] - Object: 'Object Repository/RecAndPlayBk/Page-Vlink-Sale/input' is clicked on

2023-02-15 22:09:04 - [TEST_STEP][PASSED] - if (verifyTextPresent("Transaction approved, no errors", true)): null

2023-02-15 22:09:04 - [MESSAGE][PASSED] - Text 'Transaction approved, no errors' is present on page  using regular expression

2023-02-15 22:09:04 - [TEST_STEP][PASSED] - println("Transaction Approved, no errors text is present on the Confirmation page"): null

2023-02-15 22:09:04 - [TEST_STEP][PASSED] - sdfo = getText(findTestObject("Object Repository/Page_VLinkReceipt/pre_STX")): Text of object 'Object Repository/Page_VLinkReceipt/pre_STX' is: '<STX>EO9s4tVB7T1J                  12126656            0  Transaction approved, no errors                   0                                                                                  N TAS827   <ETX>'

2023-02-15 22:09:05 - [MESSAGE][PASSED] - Text of object 'Object Repository/Page_VLinkReceipt/pre_STX' is: '<STX>EO9s4tVB7T1J                  12126656            0  Transaction approved, no errors                   0                                                                                  N TAS827   <ETX>'

2023-02-15 22:09:05 - [TEST_STEP][PASSED] - out.println("sdfo: " + sdfo): null

2023-02-15 22:09:05 - [TEST_STEP][PASSED] - remID = substring(5, 35).trim(): null

2023-02-15 22:09:05 - [TEST_STEP][PASSED] - out.println("remID: " + remID): null

2023-02-15 22:09:05 - [TEST_STEP][PASSED] - traxID = substring(35, 55).trim(): null

2023-02-15 22:09:05 - [TEST_STEP][PASSED] - out.println("traxID: " + traxID): null

2023-02-15 22:09:05 - [TEST_STEP][PASSED] - VLinkSaleRemID = remID: null

2023-02-15 22:09:05 - [TEST_STEP][PASSED] - VLinkSaleTranxID = traxID: null

2023-02-15 22:09:05 - [TEST_STEP][PASSED] - openBrowser(VLinkURL + "CC_credit.html"): Browser is opened with url: 'https://dev-algorithm.govolution.com/vlinktest/QA/version_2_0/CC_credit.html'

2023-02-15 22:09:05 - [MESSAGE][WARNING] - A browser is already opened. Closing browser and opening a new one

2023-02-15 22:09:05 - [MESSAGE][INFO] - Starting 'Chrome' driver

2023-02-15 22:09:05 - [MESSAGE][INFO] - User set preference: ['acceptInsecureCerts', 'true']

2023-02-15 22:09:05 - [MESSAGE][INFO] - Action delay is set to 0 milliseconds

2023-02-15 22:09:07 - [MESSAGE][PASSED] - Browser is opened with url: 'https://dev-algorithm.govolution.com/vlinktest/QA/version_2_0/CC_credit.html'

2023-02-15 22:09:07 - [TEST_STEP][PASSED] - maximizeWindow(): Current window maximized

2023-02-15 22:09:07 - [MESSAGE][PASSED] - Current window maximized

2023-02-15 22:09:07 - [TEST_STEP][PASSED] - setText(findTestObject("Object Repository/RecAndPlayBk/Page-Vlink-CC-Credit/input_Remittance Id"), VLinkSaleRemID): Text 'EO9s4tVB7T1J' is set on object 'Object Repository/RecAndPlayBk/Page-Vlink-CC-Credit/input_Remittance Id'

2023-02-15 22:09:08 - [MESSAGE][PASSED] - Text 'EO9s4tVB7T1J' is set on object 'Object Repository/RecAndPlayBk/Page-Vlink-CC-Credit/input_Remittance Id'

2023-02-15 22:09:08 - [TEST_STEP][PASSED] - setText(findTestObject("Object Repository/RecAndPlayBk/Page-Vlink-CC-Credit/input_Application Id"), appID): Text '87' is set on object 'Object Repository/RecAndPlayBk/Page-Vlink-CC-Credit/input_Application Id'

2023-02-15 22:09:09 - [MESSAGE][PASSED] - Text '87' is set on object 'Object Repository/RecAndPlayBk/Page-Vlink-CC-Credit/input_Application Id'

2023-02-15 22:09:09 - [TEST_STEP][PASSED] - setText(findTestObject("Object Repository/RecAndPlayBk/Page-Vlink-CC-Credit/input_Username"), username): Text 'username' is set on object 'Object Repository/RecAndPlayBk/Page-Vlink-CC-Credit/input_Username'

2023-02-15 22:09:09 - [MESSAGE][PASSED] - Text 'username' is set on object 'Object Repository/RecAndPlayBk/Page-Vlink-CC-Credit/input_Username'

2023-02-15 22:09:09 - [TEST_STEP][PASSED] - setText(findTestObject("Object Repository/RecAndPlayBk/Page-Vlink-CC-Credit/input_Password"), password): Text 'password' is set on object 'Object Repository/RecAndPlayBk/Page-Vlink-CC-Credit/input_Password'

2023-02-15 22:09:10 - [MESSAGE][PASSED] - Text 'password' is set on object 'Object Repository/RecAndPlayBk/Page-Vlink-CC-Credit/input_Password'

2023-02-15 22:09:10 - [TEST_STEP][PASSED] - setText(findTestObject("Object Repository/RecAndPlayBk/Page-Vlink-CC-Credit/input_Transaction ID"), VLinkSaleTranxID): Text '12126656' is set on object 'Object Repository/RecAndPlayBk/Page-Vlink-CC-Credit/input_Transaction ID'

2023-02-15 22:09:11 - [MESSAGE][PASSED] - Text '12126656' is set on object 'Object Repository/RecAndPlayBk/Page-Vlink-CC-Credit/input_Transaction ID'

2023-02-15 22:09:11 - [TEST_STEP][PASSED] - setText(findTestObject("Object Repository/RecAndPlayBk/Page-Vlink-CC-Credit/input_Amount"), amount): Text '10.5' is set on object 'Object Repository/RecAndPlayBk/Page-Vlink-CC-Credit/input_Amount'

2023-02-15 22:09:11 - [MESSAGE][PASSED] - Text '10.5' is set on object 'Object Repository/RecAndPlayBk/Page-Vlink-CC-Credit/input_Amount'

2023-02-15 22:09:11 - [TEST_STEP][PASSED] - setText(findTestObject("Object Repository/RecAndPlayBk/Page-Vlink-CC-Credit/input_Card number"), ""): Text '' is set on object 'Object Repository/RecAndPlayBk/Page-Vlink-CC-Credit/input_Card number'

2023-02-15 22:09:12 - [MESSAGE][PASSED] - Text '' is set on object 'Object Repository/RecAndPlayBk/Page-Vlink-CC-Credit/input_Card number'

2023-02-15 22:09:12 - [TEST_STEP][PASSED] - setText(findTestObject("Object Repository/RecAndPlayBk/Page-Vlink-CC-Credit/input_Card ex month"), ""): Text '' is set on object 'Object Repository/RecAndPlayBk/Page-Vlink-CC-Credit/input_Card ex month'

2023-02-15 22:09:12 - [MESSAGE][PASSED] - Text '' is set on object 'Object Repository/RecAndPlayBk/Page-Vlink-CC-Credit/input_Card ex month'

2023-02-15 22:09:12 - [TEST_STEP][PASSED] - setText(findTestObject("Object Repository/RecAndPlayBk/Page-Vlink-CC-Credit/input_Card ex year"), ""): Text '' is set on object 'Object Repository/RecAndPlayBk/Page-Vlink-CC-Credit/input_Card ex year'

2023-02-15 22:09:13 - [MESSAGE][PASSED] - Text '' is set on object 'Object Repository/RecAndPlayBk/Page-Vlink-CC-Credit/input_Card ex year'

2023-02-15 22:09:13 - [TEST_STEP][PASSED] - setText(findTestObject("Object Repository/RecAndPlayBk/Page-Vlink-CC-Credit/input_Track Data"), ""): Text '' is set on object 'Object Repository/RecAndPlayBk/Page-Vlink-CC-Credit/input_Track Data'

2023-02-15 22:09:14 - [MESSAGE][PASSED] - Text '' is set on object 'Object Repository/RecAndPlayBk/Page-Vlink-CC-Credit/input_Track Data'

2023-02-15 22:09:14 - [TEST_STEP][PASSED] - setText(findTestObject("Object Repository/RecAndPlayBk/Page-Vlink-CC-Credit/input_Category Code"), category): Text 'ECOM' is set on object 'Object Repository/RecAndPlayBk/Page-Vlink-CC-Credit/input_Category Code'

2023-02-15 22:09:14 - [MESSAGE][PASSED] - Text 'ECOM' is set on object 'Object Repository/RecAndPlayBk/Page-Vlink-CC-Credit/input_Category Code'

2023-02-15 22:09:14 - [TEST_STEP][PASSED] - click(findTestObject("Object Repository/RecAndPlayBk/Page-Vlink-CC-Credit/input")): Object: 'Object Repository/RecAndPlayBk/Page-Vlink-CC-Credit/input' is clicked on

2023-02-15 22:09:16 - [MESSAGE][PASSED] - Object: 'Object Repository/RecAndPlayBk/Page-Vlink-CC-Credit/input' is clicked on

2023-02-15 22:09:16 - [TEST_STEP][PASSED] - if (verifyTextPresent("Transaction approved, no errors", true)): null

2023-02-15 22:09:16 - [MESSAGE][PASSED] - Text 'Transaction approved, no errors' is present on page  using regular expression

2023-02-15 22:09:16 - [TEST_STEP][PASSED] - sdfo = getText(findTestObject("Object Repository/Page_VLinkReceipt/pre_STX")): Text of object 'Object Repository/Page_VLinkReceipt/pre_STX' is: '<STX>EO9s4tVB7T1J                  12126657            0  Transaction approved, no errors                   0                                                                                  N TAS829   <ETX>'

2023-02-15 22:09:17 - [MESSAGE][PASSED] - Text of object 'Object Repository/Page_VLinkReceipt/pre_STX' is: '<STX>EO9s4tVB7T1J                  12126657            0  Transaction approved, no errors                   0                                                                                  N TAS829   <ETX>'

2023-02-15 22:09:17 - [TEST_STEP][PASSED] - out.println("sdfo: " + sdfo): null

2023-02-15 22:09:17 - [TEST_STEP][PASSED] - remID = substring(5, 35).trim(): null

2023-02-15 22:09:17 - [TEST_STEP][PASSED] - out.println("remID: " + remID): null

2023-02-15 22:09:17 - [TEST_STEP][PASSED] - traxID = substring(35, 55).trim(): null

2023-02-15 22:09:17 - [TEST_STEP][PASSED] - out.println("traxID: " + traxID): null

2023-02-15 22:09:17 - [TEST_STEP][PASSED] - VLinkSaleRemID = remID: null

2023-02-15 22:09:17 - [TEST_STEP][PASSED] - VLinkSaleTranxID = traxID: null

2023-02-15 22:09:17 - [TEST_STEP][PASSED] - openBrowser(VLinkURL + "CC_void.html"): Browser is opened with url: 'https://dev-algorithm.govolution.com/vlinktest/QA/version_2_0/CC_void.html'

2023-02-15 22:09:17 - [MESSAGE][WARNING] - A browser is already opened. Closing browser and opening a new one

2023-02-15 22:09:18 - [MESSAGE][INFO] - Starting 'Chrome' driver

2023-02-15 22:09:18 - [MESSAGE][INFO] - User set preference: ['acceptInsecureCerts', 'true']

2023-02-15 22:09:18 - [MESSAGE][INFO] - Action delay is set to 0 milliseconds

2023-02-15 22:09:19 - [MESSAGE][PASSED] - Browser is opened with url: 'https://dev-algorithm.govolution.com/vlinktest/QA/version_2_0/CC_void.html'

2023-02-15 22:09:19 - [TEST_STEP][PASSED] - maximizeWindow(): Current window maximized

2023-02-15 22:09:20 - [MESSAGE][PASSED] - Current window maximized

2023-02-15 22:09:20 - [TEST_STEP][PASSED] - setText(findTestObject("Object Repository/RecAndPlayBk/Page-Vlink-CC-Void/txt_RemID"), VLinkSaleRemID): Text 'EO9s4tVB7T1J' is set on object 'Object Repository/RecAndPlayBk/Page-Vlink-CC-Void/txt_RemID'

2023-02-15 22:09:20 - [MESSAGE][PASSED] - Text 'EO9s4tVB7T1J' is set on object 'Object Repository/RecAndPlayBk/Page-Vlink-CC-Void/txt_RemID'

2023-02-15 22:09:20 - [TEST_STEP][PASSED] - setText(findTestObject("Object Repository/RecAndPlayBk/Page-Vlink-CC-Void/txt_ApplicationID"), appID): Text '87' is set on object 'Object Repository/RecAndPlayBk/Page-Vlink-CC-Void/txt_ApplicationID'

2023-02-15 22:09:21 - [MESSAGE][PASSED] - Text '87' is set on object 'Object Repository/RecAndPlayBk/Page-Vlink-CC-Void/txt_ApplicationID'

2023-02-15 22:09:21 - [TEST_STEP][PASSED] - setText(findTestObject("Object Repository/RecAndPlayBk/Page-Vlink-CC-Void/txt_Username"), username): Text 'username' is set on object 'Object Repository/RecAndPlayBk/Page-Vlink-CC-Void/txt_Username'

2023-02-15 22:09:22 - [MESSAGE][PASSED] - Text 'username' is set on object 'Object Repository/RecAndPlayBk/Page-Vlink-CC-Void/txt_Username'

2023-02-15 22:09:22 - [TEST_STEP][PASSED] - setText(findTestObject("Object Repository/RecAndPlayBk/Page-Vlink-CC-Void/txt_Password"), password): Text 'password' is set on object 'Object Repository/RecAndPlayBk/Page-Vlink-CC-Void/txt_Password'

2023-02-15 22:09:22 - [MESSAGE][PASSED] - Text 'password' is set on object 'Object Repository/RecAndPlayBk/Page-Vlink-CC-Void/txt_Password'

2023-02-15 22:09:22 - [TEST_STEP][PASSED] - setText(findTestObject("Object Repository/RecAndPlayBk/Page-Vlink-CC-Void/txt_TransactionID"), VLinkSaleTranxID): Text '12126657' is set on object 'Object Repository/RecAndPlayBk/Page-Vlink-CC-Void/txt_TransactionID'

2023-02-15 22:09:23 - [MESSAGE][PASSED] - Text '12126657' is set on object 'Object Repository/RecAndPlayBk/Page-Vlink-CC-Void/txt_TransactionID'

2023-02-15 22:09:23 - [TEST_STEP][PASSED] - setText(findTestObject("Object Repository/RecAndPlayBk/Page-Vlink-CC-Void/txt_OriginalTransactionType"), "104"): Text '104' is set on object 'Object Repository/RecAndPlayBk/Page-Vlink-CC-Void/txt_OriginalTransactionType'

2023-02-15 22:09:23 - [MESSAGE][PASSED] - Text '104' is set on object 'Object Repository/RecAndPlayBk/Page-Vlink-CC-Void/txt_OriginalTransactionType'

2023-02-15 22:09:23 - [TEST_STEP][PASSED] - setText(findTestObject("Object Repository/RecAndPlayBk/Page-Vlink-CC-Void/txt_TrackData"), ""): Text '' is set on object 'Object Repository/RecAndPlayBk/Page-Vlink-CC-Void/txt_TrackData'

2023-02-15 22:09:24 - [MESSAGE][PASSED] - Text '' is set on object 'Object Repository/RecAndPlayBk/Page-Vlink-CC-Void/txt_TrackData'

2023-02-15 22:09:24 - [TEST_STEP][PASSED] - click(findTestObject("Object Repository/RecAndPlayBk/Page-Vlink-CC-Void/btn_ProcessVLinkTransaction")): Object: 'Object Repository/RecAndPlayBk/Page-Vlink-CC-Void/btn_ProcessVLinkTransaction' is clicked on

2023-02-15 22:09:26 - [MESSAGE][PASSED] - Object: 'Object Repository/RecAndPlayBk/Page-Vlink-CC-Void/btn_ProcessVLinkTransaction' is clicked on

2023-02-15 22:09:26 - [TEST_STEP][PASSED] - if (verifyTextPresent("Transaction approved, no errors", true)): null

2023-02-15 22:09:26 - [MESSAGE][PASSED] - Text 'Transaction approved, no errors' is present on page  using regular expression

2023-02-15 22:09:26 - [TEST_STEP][PASSED] - println("Transaction Approved, no errors text is present on the Confirmation page"): null

2023-02-15 22:09:26 - [TEST_STEP][PASSED] - out.println("Pass Record Number: " + row): null

2023-02-15 22:09:26 - [TEST_STEP][PASSED] - resText = "Pass": null

2023-02-15 22:09:26 - [TEST_STEP][PASSED] - pages.WriteExcel.demoKey(resText, datText, resColumn, datCloumn, fileLoc, nameSheet, row): pages.WriteExcel.demoKey is PASSED

2023-02-15 22:09:27 - [MESSAGE][PASSED] - pages.WriteExcel.demoKey is PASSED

2023-02-15 22:09:27 - [TEST_STEP][PASSED] - ExecuteTC = findTestData(dataFile).getValue("Execute", row): null

2023-02-15 22:09:27 - [TEST_STEP][PASSED] - out.println("Value of Execute is : " + ExecuteTC): null

2023-02-15 22:09:27 - [TEST_STEP][PASSED] - switch (executionProfile): null

2023-02-15 22:09:27 - [TEST_STEP][PASSED] - case "QAProfile":: null

2023-02-15 22:09:27 - [TEST_STEP][PASSED] - appID = findTestData(dataFile).getValue("AppIDQA", row): null

2023-02-15 22:09:27 - [TEST_STEP][PASSED] - username = findTestData(dataFile).getValue("UsernameQA", row): null

2023-02-15 22:09:27 - [TEST_STEP][PASSED] - password = findTestData(dataFile).getValue("PasswordQA", row): null

2023-02-15 22:09:27 - [TEST_STEP][PASSED] - break: null

2023-02-15 22:09:27 - [TEST_STEP][PASSED] - if (ExecuteTC.equalsIgnoreCase("Y")): null

2023-02-15 22:09:27 - [TEST_STEP][PASSED] - out.println("Begin Record Number: " + row): null

2023-02-15 22:09:27 - [TEST_STEP][PASSED] - today = new java.util.Date(): null

2023-02-15 22:09:27 - [TEST_STEP][PASSED] - println(today): null

2023-02-15 22:09:27 - [TEST_STEP][PASSED] - datText = today: null

2023-02-15 22:09:27 - [TEST_STEP][PASSED] - category = findTestData(dataFile).getValue("Category", row): null

2023-02-15 22:09:27 - [TEST_STEP][PASSED] - amount = findTestData(dataFile).getValue("Amount", row): null

2023-02-15 22:09:27 - [TEST_STEP][PASSED] - cardNumber = findTestData(dataFile).getValue("CardNumber", row): null

2023-02-15 22:09:27 - [TEST_STEP][PASSED] - exM = findTestData(dataFile).getValue("ExM", row): null

2023-02-15 22:09:27 - [TEST_STEP][PASSED] - exY = findTestData(dataFile).getValue("ExY", row): null

2023-02-15 22:09:27 - [TEST_STEP][PASSED] - openBrowser(VLinkURL + "authcap.html"): Browser is opened with url: 'https://dev-algorithm.govolution.com/vlinktest/QA/version_2_0/authcap.html'

2023-02-15 22:09:27 - [MESSAGE][WARNING] - A browser is already opened. Closing browser and opening a new one

2023-02-15 22:09:28 - [MESSAGE][INFO] - Starting 'Chrome' driver

2023-02-15 22:09:28 - [MESSAGE][INFO] - User set preference: ['acceptInsecureCerts', 'true']

2023-02-15 22:09:28 - [MESSAGE][INFO] - Action delay is set to 0 milliseconds

2023-02-15 22:09:30 - [MESSAGE][PASSED] - Browser is opened with url: 'https://dev-algorithm.govolution.com/vlinktest/QA/version_2_0/authcap.html'

2023-02-15 22:09:30 - [TEST_STEP][PASSED] - maximizeWindow(): Current window maximized

2023-02-15 22:09:30 - [MESSAGE][PASSED] - Current window maximized

2023-02-15 22:09:30 - [TEST_STEP][PASSED] - maximizeWindow(): Current window maximized

2023-02-15 22:09:30 - [MESSAGE][PASSED] - Current window maximized

2023-02-15 22:09:30 - [TEST_STEP][PASSED] - genRemID = RandomStringUtils.random(12, true, true): null

2023-02-15 22:09:30 - [TEST_STEP][PASSED] - setText(findTestObject("Object Repository/RecAndPlayBk/Page-Vlink-Sale/input_Remittance Id_remittance_id"), genRemID): Text 'Ugtxa6a59fHR' is set on object 'Object Repository/RecAndPlayBk/Page-Vlink-Sale/input_Remittance Id_remittance_id'

2023-02-15 22:09:31 - [MESSAGE][PASSED] - Text 'Ugtxa6a59fHR' is set on object 'Object Repository/RecAndPlayBk/Page-Vlink-Sale/input_Remittance Id_remittance_id'

2023-02-15 22:09:31 - [TEST_STEP][PASSED] - setText(findTestObject("Object Repository/RecAndPlayBk/Page-Vlink-Sale/input_Application Id_application_id"), appID): Text '581' is set on object 'Object Repository/RecAndPlayBk/Page-Vlink-Sale/input_Application Id_application_id'

2023-02-15 22:09:32 - [MESSAGE][PASSED] - Text '581' is set on object 'Object Repository/RecAndPlayBk/Page-Vlink-Sale/input_Application Id_application_id'

2023-02-15 22:09:32 - [TEST_STEP][PASSED] - setText(findTestObject("Object Repository/RecAndPlayBk/Page-Vlink-Sale/input_Username_username"), username): Text 'usr581' is set on object 'Object Repository/RecAndPlayBk/Page-Vlink-Sale/input_Username_username'

2023-02-15 22:09:32 - [MESSAGE][PASSED] - Text 'usr581' is set on object 'Object Repository/RecAndPlayBk/Page-Vlink-Sale/input_Username_username'

2023-02-15 22:09:32 - [TEST_STEP][PASSED] - setText(findTestObject("Object Repository/RecAndPlayBk/Page-Vlink-Sale/input_Password_password"), password): Text 'pwd581' is set on object 'Object Repository/RecAndPlayBk/Page-Vlink-Sale/input_Password_password'

2023-02-15 22:09:33 - [MESSAGE][PASSED] - Text 'pwd581' is set on object 'Object Repository/RecAndPlayBk/Page-Vlink-Sale/input_Password_password'

2023-02-15 22:09:33 - [TEST_STEP][PASSED] - setText(findTestObject("Object Repository/RecAndPlayBk/Page-Vlink-Sale/input_Category_category"), category): Text 'ECOM' is set on object 'Object Repository/RecAndPlayBk/Page-Vlink-Sale/input_Category_category'

2023-02-15 22:09:34 - [MESSAGE][PASSED] - Text 'ECOM' is set on object 'Object Repository/RecAndPlayBk/Page-Vlink-Sale/input_Category_category'

2023-02-15 22:09:34 - [TEST_STEP][PASSED] - setText(findTestObject("Object Repository/RecAndPlayBk/Page-Vlink-Sale/input_Amount_amount"), amount): Text '10.5' is set on object 'Object Repository/RecAndPlayBk/Page-Vlink-Sale/input_Amount_amount'

2023-02-15 22:09:34 - [MESSAGE][PASSED] - Text '10.5' is set on object 'Object Repository/RecAndPlayBk/Page-Vlink-Sale/input_Amount_amount'

2023-02-15 22:09:34 - [TEST_STEP][PASSED] - doubleClick(findTestObject("Object Repository/RecAndPlayBk/Page-Vlink-Sale/input_Card number_card_number")): Object: 'Object Repository/RecAndPlayBk/Page-Vlink-Sale/input_Card number_card_number' is double clicked on

2023-02-15 22:09:35 - [MESSAGE][PASSED] - Object: 'Object Repository/RecAndPlayBk/Page-Vlink-Sale/input_Card number_card_number' is double clicked on

2023-02-15 22:09:35 - [TEST_STEP][PASSED] - setText(findTestObject("Object Repository/RecAndPlayBk/Page-Vlink-Sale/input_Card number_card_number"), cardNumber): Text '5146312200000035' is set on object 'Object Repository/RecAndPlayBk/Page-Vlink-Sale/input_Card number_card_number'

2023-02-15 22:09:35 - [MESSAGE][PASSED] - Text '5146312200000035' is set on object 'Object Repository/RecAndPlayBk/Page-Vlink-Sale/input_Card number_card_number'

2023-02-15 22:09:35 - [TEST_STEP][PASSED] - setText(findTestObject("Object Repository/RecAndPlayBk/Page-Vlink-Sale/input_Card ex month_card_exmo"), exM): Text '12' is set on object 'Object Repository/RecAndPlayBk/Page-Vlink-Sale/input_Card ex month_card_exmo'

2023-02-15 22:09:36 - [MESSAGE][PASSED] - Text '12' is set on object 'Object Repository/RecAndPlayBk/Page-Vlink-Sale/input_Card ex month_card_exmo'

2023-02-15 22:09:36 - [TEST_STEP][PASSED] - setText(findTestObject("Object Repository/RecAndPlayBk/Page-Vlink-Sale/input_Card ex year_card_exyr"), exY): Text '2029' is set on object 'Object Repository/RecAndPlayBk/Page-Vlink-Sale/input_Card ex year_card_exyr'

2023-02-15 22:09:36 - [MESSAGE][PASSED] - Text '2029' is set on object 'Object Repository/RecAndPlayBk/Page-Vlink-Sale/input_Card ex year_card_exyr'

2023-02-15 22:09:36 - [TEST_STEP][PASSED] - click(findTestObject("Object Repository/RecAndPlayBk/Page-Vlink-Sale/input_Track Data_track_data")): Object: 'Object Repository/RecAndPlayBk/Page-Vlink-Sale/input_Track Data_track_data' is clicked on

2023-02-15 22:09:37 - [MESSAGE][PASSED] - Object: 'Object Repository/RecAndPlayBk/Page-Vlink-Sale/input_Track Data_track_data' is clicked on

2023-02-15 22:09:37 - [TEST_STEP][PASSED] - click(findTestObject("Object Repository/RecAndPlayBk/Page-Vlink-Sale/input_CVV state_cvv_state")): Object: 'Object Repository/RecAndPlayBk/Page-Vlink-Sale/input_CVV state_cvv_state' is clicked on

2023-02-15 22:09:37 - [MESSAGE][PASSED] - Object: 'Object Repository/RecAndPlayBk/Page-Vlink-Sale/input_CVV state_cvv_state' is clicked on

2023-02-15 22:09:37 - [TEST_STEP][PASSED] - setText(findTestObject("Object Repository/RecAndPlayBk/Page-Vlink-Sale/input_Track Data_track_data"), ""): Text '' is set on object 'Object Repository/RecAndPlayBk/Page-Vlink-Sale/input_Track Data_track_data'

2023-02-15 22:09:38 - [MESSAGE][PASSED] - Text '' is set on object 'Object Repository/RecAndPlayBk/Page-Vlink-Sale/input_Track Data_track_data'

2023-02-15 22:09:38 - [TEST_STEP][PASSED] - setText(findTestObject("Object Repository/RecAndPlayBk/Page-Vlink-Sale/input_concat(Cardholder, , s email)_email"), ""): Text '' is set on object 'Object Repository/RecAndPlayBk/Page-Vlink-Sale/input_concat(Cardholder, , s email)_email'

2023-02-15 22:09:38 - [MESSAGE][PASSED] - Text '' is set on object 'Object Repository/RecAndPlayBk/Page-Vlink-Sale/input_concat(Cardholder, , s email)_email'

2023-02-15 22:09:38 - [TEST_STEP][PASSED] - click(findTestObject("Object Repository/RecAndPlayBk/Page-Vlink-Sale/input_user_defined10_user_defined10")): Object: 'Object Repository/RecAndPlayBk/Page-Vlink-Sale/input_user_defined10_user_defined10' is clicked on

2023-02-15 22:09:39 - [MESSAGE][PASSED] - Object: 'Object Repository/RecAndPlayBk/Page-Vlink-Sale/input_user_defined10_user_defined10' is clicked on

2023-02-15 22:09:39 - [TEST_STEP][PASSED] - if (executionProfile.equalsIgnoreCase("QAProfile") || executionProfile.equalsIgnoreCase("DemoProfile")): Text '' is set on object 'Object Repository/RecAndPlayBk/Page-Vlink-Sale/input_COF Transaction Initiated by_cof_tran_6cded5'

2023-02-15 22:09:39 - [TEST_STEP][PASSED] - setText(findTestObject("Object Repository/RecAndPlayBk/Page-Vlink-Sale/input_Card on File Indicator_card_on_file_i_157dae"), ""): Text '' is set on object 'Object Repository/RecAndPlayBk/Page-Vlink-Sale/input_Card on File Indicator_card_on_file_i_157dae'

2023-02-15 22:09:39 - [MESSAGE][PASSED] - Text '' is set on object 'Object Repository/RecAndPlayBk/Page-Vlink-Sale/input_Card on File Indicator_card_on_file_i_157dae'

2023-02-15 22:09:39 - [TEST_STEP][PASSED] - setText(findTestObject("Object Repository/RecAndPlayBk/Page-Vlink-Sale/input_Stored Credential Indicator_stored_cr_4ae73c"), ""): Text '' is set on object 'Object Repository/RecAndPlayBk/Page-Vlink-Sale/input_Stored Credential Indicator_stored_cr_4ae73c'

2023-02-15 22:09:40 - [MESSAGE][PASSED] - Text '' is set on object 'Object Repository/RecAndPlayBk/Page-Vlink-Sale/input_Stored Credential Indicator_stored_cr_4ae73c'

2023-02-15 22:09:40 - [TEST_STEP][PASSED] - setText(findTestObject("Object Repository/RecAndPlayBk/Page-Vlink-Sale/input_COF Scheduled indicator_cof_scheduled_8df7d8"), ""): Text '' is set on object 'Object Repository/RecAndPlayBk/Page-Vlink-Sale/input_COF Scheduled indicator_cof_scheduled_8df7d8'

2023-02-15 22:09:41 - [MESSAGE][PASSED] - Text '' is set on object 'Object Repository/RecAndPlayBk/Page-Vlink-Sale/input_COF Scheduled indicator_cof_scheduled_8df7d8'

2023-02-15 22:09:41 - [TEST_STEP][PASSED] - setText(findTestObject("Object Repository/RecAndPlayBk/Page-Vlink-Sale/input_COF Transaction Initiated by_cof_tran_6cded5"), ""): Text '' is set on object 'Object Repository/RecAndPlayBk/Page-Vlink-Sale/input_COF Transaction Initiated by_cof_tran_6cded5'

2023-02-15 22:09:41 - [MESSAGE][PASSED] - Text '' is set on object 'Object Repository/RecAndPlayBk/Page-Vlink-Sale/input_COF Transaction Initiated by_cof_tran_6cded5'

2023-02-15 22:09:41 - [TEST_STEP][PASSED] - click(findTestObject("Object Repository/RecAndPlayBk/Page-Vlink-Sale/input")): Object: 'Object Repository/RecAndPlayBk/Page-Vlink-Sale/input' is clicked on

2023-02-15 22:09:42 - [MESSAGE][PASSED] - Object: 'Object Repository/RecAndPlayBk/Page-Vlink-Sale/input' is clicked on

2023-02-15 22:09:42 - [TEST_STEP][PASSED] - if (verifyTextPresent("Transaction approved, no errors", true)): null

2023-02-15 22:09:43 - [MESSAGE][PASSED] - Text 'Transaction approved, no errors' is present on page  using regular expression

2023-02-15 22:09:43 - [TEST_STEP][PASSED] - println("Transaction Approved, no errors text is present on the Confirmation page"): null

2023-02-15 22:09:43 - [TEST_STEP][PASSED] - sdfo = getText(findTestObject("Object Repository/Page_VLinkReceipt/pre_STX")): Text of object 'Object Repository/Page_VLinkReceipt/pre_STX' is: '<STX>Ugtxa6a59fHR                  12126659            0  Transaction approved, no errors                   0                                                                                  Y 000061   <ETX>'

2023-02-15 22:09:43 - [MESSAGE][PASSED] - Text of object 'Object Repository/Page_VLinkReceipt/pre_STX' is: '<STX>Ugtxa6a59fHR                  12126659            0  Transaction approved, no errors                   0                                                                                  Y 000061   <ETX>'

2023-02-15 22:09:43 - [TEST_STEP][PASSED] - out.println("sdfo: " + sdfo): null

2023-02-15 22:09:43 - [TEST_STEP][PASSED] - remID = substring(5, 35).trim(): null

2023-02-15 22:09:43 - [TEST_STEP][PASSED] - out.println("remID: " + remID): null

2023-02-15 22:09:43 - [TEST_STEP][PASSED] - traxID = substring(35, 55).trim(): null

2023-02-15 22:09:43 - [TEST_STEP][PASSED] - out.println("traxID: " + traxID): null

2023-02-15 22:09:43 - [TEST_STEP][PASSED] - VLinkSaleRemID = remID: null

2023-02-15 22:09:43 - [TEST_STEP][PASSED] - VLinkSaleTranxID = traxID: null

2023-02-15 22:09:43 - [TEST_STEP][PASSED] - openBrowser(VLinkURL + "CC_credit.html"): Browser is opened with url: 'https://dev-algorithm.govolution.com/vlinktest/QA/version_2_0/CC_credit.html'

2023-02-15 22:09:43 - [MESSAGE][WARNING] - A browser is already opened. Closing browser and opening a new one

2023-02-15 22:09:44 - [MESSAGE][INFO] - Starting 'Chrome' driver

2023-02-15 22:09:44 - [MESSAGE][INFO] - User set preference: ['acceptInsecureCerts', 'true']

2023-02-15 22:09:44 - [MESSAGE][INFO] - Action delay is set to 0 milliseconds

2023-02-15 22:09:45 - [MESSAGE][PASSED] - Browser is opened with url: 'https://dev-algorithm.govolution.com/vlinktest/QA/version_2_0/CC_credit.html'

2023-02-15 22:09:45 - [TEST_STEP][PASSED] - maximizeWindow(): Current window maximized

2023-02-15 22:09:46 - [MESSAGE][PASSED] - Current window maximized

2023-02-15 22:09:46 - [TEST_STEP][PASSED] - setText(findTestObject("Object Repository/RecAndPlayBk/Page-Vlink-CC-Credit/input_Remittance Id"), VLinkSaleRemID): Text 'Ugtxa6a59fHR' is set on object 'Object Repository/RecAndPlayBk/Page-Vlink-CC-Credit/input_Remittance Id'

2023-02-15 22:09:46 - [MESSAGE][PASSED] - Text 'Ugtxa6a59fHR' is set on object 'Object Repository/RecAndPlayBk/Page-Vlink-CC-Credit/input_Remittance Id'

2023-02-15 22:09:46 - [TEST_STEP][PASSED] - setText(findTestObject("Object Repository/RecAndPlayBk/Page-Vlink-CC-Credit/input_Application Id"), appID): Text '581' is set on object 'Object Repository/RecAndPlayBk/Page-Vlink-CC-Credit/input_Application Id'

2023-02-15 22:09:47 - [MESSAGE][PASSED] - Text '581' is set on object 'Object Repository/RecAndPlayBk/Page-Vlink-CC-Credit/input_Application Id'

2023-02-15 22:09:47 - [TEST_STEP][PASSED] - setText(findTestObject("Object Repository/RecAndPlayBk/Page-Vlink-CC-Credit/input_Username"), username): Text 'usr581' is set on object 'Object Repository/RecAndPlayBk/Page-Vlink-CC-Credit/input_Username'

2023-02-15 22:09:48 - [MESSAGE][PASSED] - Text 'usr581' is set on object 'Object Repository/RecAndPlayBk/Page-Vlink-CC-Credit/input_Username'

2023-02-15 22:09:48 - [TEST_STEP][PASSED] - setText(findTestObject("Object Repository/RecAndPlayBk/Page-Vlink-CC-Credit/input_Password"), password): Text 'pwd581' is set on object 'Object Repository/RecAndPlayBk/Page-Vlink-CC-Credit/input_Password'

2023-02-15 22:09:48 - [MESSAGE][PASSED] - Text 'pwd581' is set on object 'Object Repository/RecAndPlayBk/Page-Vlink-CC-Credit/input_Password'

2023-02-15 22:09:48 - [TEST_STEP][PASSED] - setText(findTestObject("Object Repository/RecAndPlayBk/Page-Vlink-CC-Credit/input_Transaction ID"), VLinkSaleTranxID): Text '12126659' is set on object 'Object Repository/RecAndPlayBk/Page-Vlink-CC-Credit/input_Transaction ID'

2023-02-15 22:09:49 - [MESSAGE][PASSED] - Text '12126659' is set on object 'Object Repository/RecAndPlayBk/Page-Vlink-CC-Credit/input_Transaction ID'

2023-02-15 22:09:49 - [TEST_STEP][PASSED] - setText(findTestObject("Object Repository/RecAndPlayBk/Page-Vlink-CC-Credit/input_Amount"), amount): Text '10.5' is set on object 'Object Repository/RecAndPlayBk/Page-Vlink-CC-Credit/input_Amount'

2023-02-15 22:09:49 - [MESSAGE][PASSED] - Text '10.5' is set on object 'Object Repository/RecAndPlayBk/Page-Vlink-CC-Credit/input_Amount'

2023-02-15 22:09:49 - [TEST_STEP][PASSED] - setText(findTestObject("Object Repository/RecAndPlayBk/Page-Vlink-CC-Credit/input_Card number"), ""): Text '' is set on object 'Object Repository/RecAndPlayBk/Page-Vlink-CC-Credit/input_Card number'

2023-02-15 22:09:50 - [MESSAGE][PASSED] - Text '' is set on object 'Object Repository/RecAndPlayBk/Page-Vlink-CC-Credit/input_Card number'

2023-02-15 22:09:50 - [TEST_STEP][PASSED] - setText(findTestObject("Object Repository/RecAndPlayBk/Page-Vlink-CC-Credit/input_Card ex month"), ""): Text '' is set on object 'Object Repository/RecAndPlayBk/Page-Vlink-CC-Credit/input_Card ex month'

2023-02-15 22:09:51 - [MESSAGE][PASSED] - Text '' is set on object 'Object Repository/RecAndPlayBk/Page-Vlink-CC-Credit/input_Card ex month'

2023-02-15 22:09:51 - [TEST_STEP][PASSED] - setText(findTestObject("Object Repository/RecAndPlayBk/Page-Vlink-CC-Credit/input_Card ex year"), ""): Text '' is set on object 'Object Repository/RecAndPlayBk/Page-Vlink-CC-Credit/input_Card ex year'

2023-02-15 22:09:51 - [MESSAGE][PASSED] - Text '' is set on object 'Object Repository/RecAndPlayBk/Page-Vlink-CC-Credit/input_Card ex year'

2023-02-15 22:09:51 - [TEST_STEP][PASSED] - setText(findTestObject("Object Repository/RecAndPlayBk/Page-Vlink-CC-Credit/input_Track Data"), ""): Text '' is set on object 'Object Repository/RecAndPlayBk/Page-Vlink-CC-Credit/input_Track Data'

2023-02-15 22:09:52 - [MESSAGE][PASSED] - Text '' is set on object 'Object Repository/RecAndPlayBk/Page-Vlink-CC-Credit/input_Track Data'

2023-02-15 22:09:52 - [TEST_STEP][PASSED] - setText(findTestObject("Object Repository/RecAndPlayBk/Page-Vlink-CC-Credit/input_Category Code"), category): Text 'ECOM' is set on object 'Object Repository/RecAndPlayBk/Page-Vlink-CC-Credit/input_Category Code'

2023-02-15 22:09:52 - [MESSAGE][PASSED] - Text 'ECOM' is set on object 'Object Repository/RecAndPlayBk/Page-Vlink-CC-Credit/input_Category Code'

2023-02-15 22:09:52 - [TEST_STEP][PASSED] - click(findTestObject("Object Repository/RecAndPlayBk/Page-Vlink-CC-Credit/input")): Object: 'Object Repository/RecAndPlayBk/Page-Vlink-CC-Credit/input' is clicked on

2023-02-15 22:09:54 - [MESSAGE][PASSED] - Object: 'Object Repository/RecAndPlayBk/Page-Vlink-CC-Credit/input' is clicked on

2023-02-15 22:09:54 - [TEST_STEP][PASSED] - if (verifyTextPresent("Transaction approved, no errors", true)): null

2023-02-15 22:09:54 - [MESSAGE][PASSED] - Text 'Transaction approved, no errors' is present on page  using regular expression

2023-02-15 22:09:54 - [TEST_STEP][PASSED] - sdfo = getText(findTestObject("Object Repository/Page_VLinkReceipt/pre_STX")): Text of object 'Object Repository/Page_VLinkReceipt/pre_STX' is: '<STX>Ugtxa6a59fHR                  12126660            0  Transaction approved, no errors                   0                                                                                    000062   <ETX>'

2023-02-15 22:09:55 - [MESSAGE][PASSED] - Text of object 'Object Repository/Page_VLinkReceipt/pre_STX' is: '<STX>Ugtxa6a59fHR                  12126660            0  Transaction approved, no errors                   0                                                                                    000062   <ETX>'

2023-02-15 22:09:55 - [TEST_STEP][PASSED] - out.println("sdfo: " + sdfo): null

2023-02-15 22:09:55 - [TEST_STEP][PASSED] - remID = substring(5, 35).trim(): null

2023-02-15 22:09:55 - [TEST_STEP][PASSED] - out.println("remID: " + remID): null

2023-02-15 22:09:55 - [TEST_STEP][PASSED] - traxID = substring(35, 55).trim(): null

2023-02-15 22:09:55 - [TEST_STEP][PASSED] - out.println("traxID: " + traxID): null

2023-02-15 22:09:55 - [TEST_STEP][PASSED] - VLinkSaleRemID = remID: null

2023-02-15 22:09:55 - [TEST_STEP][PASSED] - VLinkSaleTranxID = traxID: null

2023-02-15 22:09:55 - [TEST_STEP][PASSED] - openBrowser(VLinkURL + "CC_void.html"): Browser is opened with url: 'https://dev-algorithm.govolution.com/vlinktest/QA/version_2_0/CC_void.html'

2023-02-15 22:09:55 - [MESSAGE][WARNING] - A browser is already opened. Closing browser and opening a new one

2023-02-15 22:09:55 - [MESSAGE][INFO] - Starting 'Chrome' driver

2023-02-15 22:09:55 - [MESSAGE][INFO] - User set preference: ['acceptInsecureCerts', 'true']

2023-02-15 22:09:55 - [MESSAGE][INFO] - Action delay is set to 0 milliseconds

2023-02-15 22:09:57 - [MESSAGE][PASSED] - Browser is opened with url: 'https://dev-algorithm.govolution.com/vlinktest/QA/version_2_0/CC_void.html'

2023-02-15 22:09:57 - [TEST_STEP][PASSED] - maximizeWindow(): Current window maximized

2023-02-15 22:09:57 - [MESSAGE][PASSED] - Current window maximized

2023-02-15 22:09:57 - [TEST_STEP][PASSED] - setText(findTestObject("Object Repository/RecAndPlayBk/Page-Vlink-CC-Void/txt_RemID"), VLinkSaleRemID): Text 'Ugtxa6a59fHR' is set on object 'Object Repository/RecAndPlayBk/Page-Vlink-CC-Void/txt_RemID'

2023-02-15 22:09:58 - [MESSAGE][PASSED] - Text 'Ugtxa6a59fHR' is set on object 'Object Repository/RecAndPlayBk/Page-Vlink-CC-Void/txt_RemID'

2023-02-15 22:09:58 - [TEST_STEP][PASSED] - setText(findTestObject("Object Repository/RecAndPlayBk/Page-Vlink-CC-Void/txt_ApplicationID"), appID): Text '581' is set on object 'Object Repository/RecAndPlayBk/Page-Vlink-CC-Void/txt_ApplicationID'

2023-02-15 22:09:59 - [MESSAGE][PASSED] - Text '581' is set on object 'Object Repository/RecAndPlayBk/Page-Vlink-CC-Void/txt_ApplicationID'

2023-02-15 22:09:59 - [TEST_STEP][PASSED] - setText(findTestObject("Object Repository/RecAndPlayBk/Page-Vlink-CC-Void/txt_Username"), username): Text 'usr581' is set on object 'Object Repository/RecAndPlayBk/Page-Vlink-CC-Void/txt_Username'

2023-02-15 22:09:59 - [MESSAGE][PASSED] - Text 'usr581' is set on object 'Object Repository/RecAndPlayBk/Page-Vlink-CC-Void/txt_Username'

2023-02-15 22:09:59 - [TEST_STEP][PASSED] - setText(findTestObject("Object Repository/RecAndPlayBk/Page-Vlink-CC-Void/txt_Password"), password): Text 'pwd581' is set on object 'Object Repository/RecAndPlayBk/Page-Vlink-CC-Void/txt_Password'

2023-02-15 22:10:00 - [MESSAGE][PASSED] - Text 'pwd581' is set on object 'Object Repository/RecAndPlayBk/Page-Vlink-CC-Void/txt_Password'

2023-02-15 22:10:00 - [TEST_STEP][PASSED] - setText(findTestObject("Object Repository/RecAndPlayBk/Page-Vlink-CC-Void/txt_TransactionID"), VLinkSaleTranxID): Text '12126660' is set on object 'Object Repository/RecAndPlayBk/Page-Vlink-CC-Void/txt_TransactionID'

2023-02-15 22:10:01 - [MESSAGE][PASSED] - Text '12126660' is set on object 'Object Repository/RecAndPlayBk/Page-Vlink-CC-Void/txt_TransactionID'

2023-02-15 22:10:01 - [TEST_STEP][PASSED] - setText(findTestObject("Object Repository/RecAndPlayBk/Page-Vlink-CC-Void/txt_OriginalTransactionType"), "104"): Text '104' is set on object 'Object Repository/RecAndPlayBk/Page-Vlink-CC-Void/txt_OriginalTransactionType'

2023-02-15 22:10:01 - [MESSAGE][PASSED] - Text '104' is set on object 'Object Repository/RecAndPlayBk/Page-Vlink-CC-Void/txt_OriginalTransactionType'

2023-02-15 22:10:01 - [TEST_STEP][PASSED] - setText(findTestObject("Object Repository/RecAndPlayBk/Page-Vlink-CC-Void/txt_TrackData"), ""): Text '' is set on object 'Object Repository/RecAndPlayBk/Page-Vlink-CC-Void/txt_TrackData'

2023-02-15 22:10:02 - [MESSAGE][PASSED] - Text '' is set on object 'Object Repository/RecAndPlayBk/Page-Vlink-CC-Void/txt_TrackData'

2023-02-15 22:10:02 - [TEST_STEP][PASSED] - click(findTestObject("Object Repository/RecAndPlayBk/Page-Vlink-CC-Void/btn_ProcessVLinkTransaction")): Object: 'Object Repository/RecAndPlayBk/Page-Vlink-CC-Void/btn_ProcessVLinkTransaction' is clicked on

2023-02-15 22:10:03 - [MESSAGE][PASSED] - Object: 'Object Repository/RecAndPlayBk/Page-Vlink-CC-Void/btn_ProcessVLinkTransaction' is clicked on

2023-02-15 22:10:03 - [TEST_STEP][PASSED] - if (verifyTextPresent("Transaction approved, no errors", true)): null

2023-02-15 22:10:04 - [MESSAGE][PASSED] - Text 'Transaction approved, no errors' is present on page  using regular expression

2023-02-15 22:10:04 - [TEST_STEP][PASSED] - println("Transaction Approved, no errors text is present on the Confirmation page"): null

2023-02-15 22:10:04 - [TEST_STEP][PASSED] - out.println("Pass Record Number: " + row): null

2023-02-15 22:10:04 - [TEST_STEP][PASSED] - resText = "Pass": null

2023-02-15 22:10:04 - [TEST_STEP][PASSED] - pages.WriteExcel.demoKey(resText, datText, resColumn, datCloumn, fileLoc, nameSheet, row): pages.WriteExcel.demoKey is PASSED

2023-02-15 22:10:04 - [MESSAGE][PASSED] - pages.WriteExcel.demoKey is PASSED]]></system-out>
         <system-err><![CDATA[2023-02-15 22:07:16 - [TEST_CASE][FAILED] - Test Cases/RecAndPlayBk/VLink/Sale-Credit-Void: Test Cases/RecAndPlayBk/VLink/Sale-Credit-Void FAILED.
Reason:
com.kms.katalon.core.exception.StepFailedException: Text 'Transaction approved, no errors' is not present on page  using regular expression (Root cause: com.kms.katalon.core.exception.StepFailedException: Text 'Transaction approved, no errors' is not present on page  using regular expression
	at com.kms.katalon.core.webui.keyword.internal.WebUIKeywordMain.stepFailed(WebUIKeywordMain.groovy:64)
	at com.kms.katalon.core.webui.keyword.builtin.VerifyTextPresentKeyword$_verifyTextPresent_closure1.doCall(VerifyTextPresentKeyword.groovy:79)
	at com.kms.katalon.core.webui.keyword.builtin.VerifyTextPresentKeyword$_verifyTextPresent_closure1.call(VerifyTextPresentKeyword.groovy)
	at com.kms.katalon.core.webui.keyword.internal.WebUIKeywordMain.runKeyword(WebUIKeywordMain.groovy:20)
	at com.kms.katalon.core.webui.keyword.builtin.VerifyTextPresentKeyword.verifyTextPresent(VerifyTextPresentKeyword.groovy:83)
	at com.kms.katalon.core.webui.keyword.builtin.VerifyTextPresentKeyword.execute(VerifyTextPresentKeyword.groovy:68)
	at com.kms.katalon.core.keyword.internal.KeywordExecutor.executeKeywordForPlatform(KeywordExecutor.groovy:74)
	at com.kms.katalon.core.webui.keyword.WebUiBuiltInKeywords.verifyTextPresent(WebUiBuiltInKeywords.groovy:1723)
	at com.kms.katalon.core.webui.keyword.WebUiBuiltInKeywords$verifyTextPresent$4.call(Unknown Source)
	at Sale-Credit-Void.run(Sale-Credit-Void:155)
	at com.kms.katalon.core.main.ScriptEngine.run(ScriptEngine.java:194)
	at com.kms.katalon.core.main.ScriptEngine.runScriptAsRawText(ScriptEngine.java:119)
	at com.kms.katalon.core.main.TestCaseExecutor.runScript(TestCaseExecutor.java:442)
	at com.kms.katalon.core.main.TestCaseExecutor.doExecute(TestCaseExecutor.java:433)
	at com.kms.katalon.core.main.TestCaseExecutor.processExecutionPhase(TestCaseExecutor.java:412)
	at com.kms.katalon.core.main.TestCaseExecutor.accessMainPhase(TestCaseExecutor.java:404)
	at com.kms.katalon.core.main.TestCaseExecutor.execute(TestCaseExecutor.java:281)
	at com.kms.katalon.core.main.TestSuiteExecutor.accessTestCaseMainPhase(TestSuiteExecutor.java:202)
	at com.kms.katalon.core.main.TestSuiteExecutor.accessTestSuiteMainPhase(TestSuiteExecutor.java:164)
	at com.kms.katalon.core.main.TestSuiteExecutor.execute(TestSuiteExecutor.java:105)
	at com.kms.katalon.core.main.TestCaseMain.startTestSuite(TestCaseMain.java:185)
	at com.kms.katalon.core.main.TestCaseMain$startTestSuite$0.call(Unknown Source)
	at TempTestSuite1676515943031.run(TempTestSuite1676515943031.groovy:36)
)
	at com.kms.katalon.core.keyword.internal.KeywordMain.stepFailed(KeywordMain.groovy:39)
	at com.kms.katalon.core.webui.keyword.internal.WebUIKeywordMain.stepFailed(WebUIKeywordMain.groovy:64)
	at com.kms.katalon.core.webui.keyword.builtin.VerifyTextPresentKeyword$_verifyTextPresent_closure1.doCall(VerifyTextPresentKeyword.groovy:79)
	at com.kms.katalon.core.webui.keyword.builtin.VerifyTextPresentKeyword$_verifyTextPresent_closure1.call(VerifyTextPresentKeyword.groovy)
	at com.kms.katalon.core.webui.keyword.internal.WebUIKeywordMain.runKeyword(WebUIKeywordMain.groovy:20)
	at com.kms.katalon.core.webui.keyword.builtin.VerifyTextPresentKeyword.verifyTextPresent(VerifyTextPresentKeyword.groovy:83)
	at com.kms.katalon.core.webui.keyword.builtin.VerifyTextPresentKeyword.execute(VerifyTextPresentKeyword.groovy:68)
	at com.kms.katalon.core.keyword.internal.KeywordExecutor.executeKeywordForPlatform(KeywordExecutor.groovy:74)
	at com.kms.katalon.core.webui.keyword.WebUiBuiltInKeywords.verifyTextPresent(WebUiBuiltInKeywords.groovy:1723)
	at com.kms.katalon.core.webui.keyword.WebUiBuiltInKeywords$verifyTextPresent$4.call(Unknown Source)
	at Sale-Credit-Void.run(Sale-Credit-Void:155)
	at com.kms.katalon.core.main.ScriptEngine.run(ScriptEngine.java:194)
	at com.kms.katalon.core.main.ScriptEngine.runScriptAsRawText(ScriptEngine.java:119)
	at com.kms.katalon.core.main.TestCaseExecutor.runScript(TestCaseExecutor.java:442)
	at com.kms.katalon.core.main.TestCaseExecutor.doExecute(TestCaseExecutor.java:433)
	at com.kms.katalon.core.main.TestCaseExecutor.processExecutionPhase(TestCaseExecutor.java:412)
	at com.kms.katalon.core.main.TestCaseExecutor.accessMainPhase(TestCaseExecutor.java:404)
	at com.kms.katalon.core.main.TestCaseExecutor.execute(TestCaseExecutor.java:281)
	at com.kms.katalon.core.main.TestSuiteExecutor.accessTestCaseMainPhase(TestSuiteExecutor.java:202)
	at com.kms.katalon.core.main.TestSuiteExecutor.accessTestSuiteMainPhase(TestSuiteExecutor.java:164)
	at com.kms.katalon.core.main.TestSuiteExecutor.execute(TestSuiteExecutor.java:105)
	at com.kms.katalon.core.main.TestCaseMain.startTestSuite(TestCaseMain.java:185)
	at com.kms.katalon.core.main.TestCaseMain$startTestSuite$0.call(Unknown Source)
	at TempTestSuite1676515943031.run(TempTestSuite1676515943031.groovy:36)
Caused by: com.kms.katalon.core.exception.StepFailedException: Text 'Transaction approved, no errors' is not present on page  using regular expression
	... 23 more]]></system-err>
      </testcase>
      <testcase name="Test Cases/RecAndPlayBk/VLink/Auth-Cap-Void" time="155.921" classname="Test Cases/RecAndPlayBk/VLink/Auth-Cap-Void" status="FAILED">
         <failure type="FAILED" message="Test Cases/RecAndPlayBk/VLink/Auth-Cap-Void FAILED.
Reason:
com.kms.katalon.core.exception.StepFailedException: Text 'Transaction approved, no errors' is not present on page  using regular expression (Root cause: com.kms.katalon.core.exception.StepFailedException: Text 'Transaction approved, no errors' is not present on page  using regular expression
	at com.kms.katalon.core.webui.keyword.internal.WebUIKeywordMain.stepFailed(WebUIKeywordMain.groovy:64)
	at com.kms.katalon.core.webui.keyword.builtin.VerifyTextPresentKeyword$_verifyTextPresent_closure1.doCall(VerifyTextPresentKeyword.groovy:79)
	at com.kms.katalon.core.webui.keyword.builtin.VerifyTextPresentKeyword$_verifyTextPresent_closure1.call(VerifyTextPresentKeyword.groovy)
	at com.kms.katalon.core.webui.keyword.internal.WebUIKeywordMain.runKeyword(WebUIKeywordMain.groovy:20)
	at com.kms.katalon.core.webui.keyword.builtin.VerifyTextPresentKeyword.verifyTextPresent(VerifyTextPresentKeyword.groovy:83)
	at com.kms.katalon.core.webui.keyword.builtin.VerifyTextPresentKeyword.execute(VerifyTextPresentKeyword.groovy:68)
	at com.kms.katalon.core.keyword.internal.KeywordExecutor.executeKeywordForPlatform(KeywordExecutor.groovy:74)
	at com.kms.katalon.core.webui.keyword.WebUiBuiltInKeywords.verifyTextPresent(WebUiBuiltInKeywords.groovy:1723)
	at com.kms.katalon.core.webui.keyword.WebUiBuiltInKeywords$verifyTextPresent$4.call(Unknown Source)
	at Auth-Cap-Void.run(Auth-Cap-Void:161)
	at com.kms.katalon.core.main.ScriptEngine.run(ScriptEngine.java:194)
	at com.kms.katalon.core.main.ScriptEngine.runScriptAsRawText(ScriptEngine.java:119)
	at com.kms.katalon.core.main.TestCaseExecutor.runScript(TestCaseExecutor.java:442)
	at com.kms.katalon.core.main.TestCaseExecutor.doExecute(TestCaseExecutor.java:433)
	at com.kms.katalon.core.main.TestCaseExecutor.processExecutionPhase(TestCaseExecutor.java:412)
	at com.kms.katalon.core.main.TestCaseExecutor.accessMainPhase(TestCaseExecutor.java:404)
	at com.kms.katalon.core.main.TestCaseExecutor.execute(TestCaseExecutor.java:281)
	at com.kms.katalon.core.main.TestSuiteExecutor.accessTestCaseMainPhase(TestSuiteExecutor.java:202)
	at com.kms.katalon.core.main.TestSuiteExecutor.accessTestSuiteMainPhase(TestSuiteExecutor.java:164)
	at com.kms.katalon.core.main.TestSuiteExecutor.execute(TestSuiteExecutor.java:105)
	at com.kms.katalon.core.main.TestCaseMain.startTestSuite(TestCaseMain.java:185)
	at com.kms.katalon.core.main.TestCaseMain$startTestSuite$0.call(Unknown Source)
	at TempTestSuite1676515943031.run(TempTestSuite1676515943031.groovy:36)
)
	at com.kms.katalon.core.keyword.internal.KeywordMain.stepFailed(KeywordMain.groovy:39)
	at com.kms.katalon.core.webui.keyword.internal.WebUIKeywordMain.stepFailed(WebUIKeywordMain.groovy:64)
	at com.kms.katalon.core.webui.keyword.builtin.VerifyTextPresentKeyword$_verifyTextPresent_closure1.doCall(VerifyTextPresentKeyword.groovy:79)
	at com.kms.katalon.core.webui.keyword.builtin.VerifyTextPresentKeyword$_verifyTextPresent_closure1.call(VerifyTextPresentKeyword.groovy)
	at com.kms.katalon.core.webui.keyword.internal.WebUIKeywordMain.runKeyword(WebUIKeywordMain.groovy:20)
	at com.kms.katalon.core.webui.keyword.builtin.VerifyTextPresentKeyword.verifyTextPresent(VerifyTextPresentKeyword.groovy:83)
	at com.kms.katalon.core.webui.keyword.builtin.VerifyTextPresentKeyword.execute(VerifyTextPresentKeyword.groovy:68)
	at com.kms.katalon.core.keyword.internal.KeywordExecutor.executeKeywordForPlatform(KeywordExecutor.groovy:74)
	at com.kms.katalon.core.webui.keyword.WebUiBuiltInKeywords.verifyTextPresent(WebUiBuiltInKeywords.groovy:1723)
	at com.kms.katalon.core.webui.keyword.WebUiBuiltInKeywords$verifyTextPresent$4.call(Unknown Source)
	at Auth-Cap-Void.run(Auth-Cap-Void:161)
	at com.kms.katalon.core.main.ScriptEngine.run(ScriptEngine.java:194)
	at com.kms.katalon.core.main.ScriptEngine.runScriptAsRawText(ScriptEngine.java:119)
	at com.kms.katalon.core.main.TestCaseExecutor.runScript(TestCaseExecutor.java:442)
	at com.kms.katalon.core.main.TestCaseExecutor.doExecute(TestCaseExecutor.java:433)
	at com.kms.katalon.core.main.TestCaseExecutor.processExecutionPhase(TestCaseExecutor.java:412)
	at com.kms.katalon.core.main.TestCaseExecutor.accessMainPhase(TestCaseExecutor.java:404)
	at com.kms.katalon.core.main.TestCaseExecutor.execute(TestCaseExecutor.java:281)
	at com.kms.katalon.core.main.TestSuiteExecutor.accessTestCaseMainPhase(TestSuiteExecutor.java:202)
	at com.kms.katalon.core.main.TestSuiteExecutor.accessTestSuiteMainPhase(TestSuiteExecutor.java:164)
	at com.kms.katalon.core.main.TestSuiteExecutor.execute(TestSuiteExecutor.java:105)
	at com.kms.katalon.core.main.TestCaseMain.startTestSuite(TestCaseMain.java:185)
	at com.kms.katalon.core.main.TestCaseMain$startTestSuite$0.call(Unknown Source)
	at TempTestSuite1676515943031.run(TempTestSuite1676515943031.groovy:36)
Caused by: com.kms.katalon.core.exception.StepFailedException: Text 'Transaction approved, no errors' is not present on page  using regular expression
	... 23 more
"/>
         <system-out><![CDATA[2023-02-15 22:10:04 - [TEST_CASE][FAILED] - Test Cases/RecAndPlayBk/VLink/Auth-Cap-Void: Test Cases/RecAndPlayBk/VLink/Auth-Cap-Void FAILED.
Reason:
com.kms.katalon.core.exception.StepFailedException: Text 'Transaction approved, no errors' is not present on page  using regular expression (Root cause: com.kms.katalon.core.exception.StepFailedException: Text 'Transaction approved, no errors' is not present on page  using regular expression
	at com.kms.katalon.core.webui.keyword.internal.WebUIKeywordMain.stepFailed(WebUIKeywordMain.groovy:64)
	at com.kms.katalon.core.webui.keyword.builtin.VerifyTextPresentKeyword$_verifyTextPresent_closure1.doCall(VerifyTextPresentKeyword.groovy:79)
	at com.kms.katalon.core.webui.keyword.builtin.VerifyTextPresentKeyword$_verifyTextPresent_closure1.call(VerifyTextPresentKeyword.groovy)
	at com.kms.katalon.core.webui.keyword.internal.WebUIKeywordMain.runKeyword(WebUIKeywordMain.groovy:20)
	at com.kms.katalon.core.webui.keyword.builtin.VerifyTextPresentKeyword.verifyTextPresent(VerifyTextPresentKeyword.groovy:83)
	at com.kms.katalon.core.webui.keyword.builtin.VerifyTextPresentKeyword.execute(VerifyTextPresentKeyword.groovy:68)
	at com.kms.katalon.core.keyword.internal.KeywordExecutor.executeKeywordForPlatform(KeywordExecutor.groovy:74)
	at com.kms.katalon.core.webui.keyword.WebUiBuiltInKeywords.verifyTextPresent(WebUiBuiltInKeywords.groovy:1723)
	at com.kms.katalon.core.webui.keyword.WebUiBuiltInKeywords$verifyTextPresent$4.call(Unknown Source)
	at Auth-Cap-Void.run(Auth-Cap-Void:161)
	at com.kms.katalon.core.main.ScriptEngine.run(ScriptEngine.java:194)
	at com.kms.katalon.core.main.ScriptEngine.runScriptAsRawText(ScriptEngine.java:119)
	at com.kms.katalon.core.main.TestCaseExecutor.runScript(TestCaseExecutor.java:442)
	at com.kms.katalon.core.main.TestCaseExecutor.doExecute(TestCaseExecutor.java:433)
	at com.kms.katalon.core.main.TestCaseExecutor.processExecutionPhase(TestCaseExecutor.java:412)
	at com.kms.katalon.core.main.TestCaseExecutor.accessMainPhase(TestCaseExecutor.java:404)
	at com.kms.katalon.core.main.TestCaseExecutor.execute(TestCaseExecutor.java:281)
	at com.kms.katalon.core.main.TestSuiteExecutor.accessTestCaseMainPhase(TestSuiteExecutor.java:202)
	at com.kms.katalon.core.main.TestSuiteExecutor.accessTestSuiteMainPhase(TestSuiteExecutor.java:164)
	at com.kms.katalon.core.main.TestSuiteExecutor.execute(TestSuiteExecutor.java:105)
	at com.kms.katalon.core.main.TestCaseMain.startTestSuite(TestCaseMain.java:185)
	at com.kms.katalon.core.main.TestCaseMain$startTestSuite$0.call(Unknown Source)
	at TempTestSuite1676515943031.run(TempTestSuite1676515943031.groovy:36)
)
	at com.kms.katalon.core.keyword.internal.KeywordMain.stepFailed(KeywordMain.groovy:39)
	at com.kms.katalon.core.webui.keyword.internal.WebUIKeywordMain.stepFailed(WebUIKeywordMain.groovy:64)
	at com.kms.katalon.core.webui.keyword.builtin.VerifyTextPresentKeyword$_verifyTextPresent_closure1.doCall(VerifyTextPresentKeyword.groovy:79)
	at com.kms.katalon.core.webui.keyword.builtin.VerifyTextPresentKeyword$_verifyTextPresent_closure1.call(VerifyTextPresentKeyword.groovy)
	at com.kms.katalon.core.webui.keyword.internal.WebUIKeywordMain.runKeyword(WebUIKeywordMain.groovy:20)
	at com.kms.katalon.core.webui.keyword.builtin.VerifyTextPresentKeyword.verifyTextPresent(VerifyTextPresentKeyword.groovy:83)
	at com.kms.katalon.core.webui.keyword.builtin.VerifyTextPresentKeyword.execute(VerifyTextPresentKeyword.groovy:68)
	at com.kms.katalon.core.keyword.internal.KeywordExecutor.executeKeywordForPlatform(KeywordExecutor.groovy:74)
	at com.kms.katalon.core.webui.keyword.WebUiBuiltInKeywords.verifyTextPresent(WebUiBuiltInKeywords.groovy:1723)
	at com.kms.katalon.core.webui.keyword.WebUiBuiltInKeywords$verifyTextPresent$4.call(Unknown Source)
	at Auth-Cap-Void.run(Auth-Cap-Void:161)
	at com.kms.katalon.core.main.ScriptEngine.run(ScriptEngine.java:194)
	at com.kms.katalon.core.main.ScriptEngine.runScriptAsRawText(ScriptEngine.java:119)
	at com.kms.katalon.core.main.TestCaseExecutor.runScript(TestCaseExecutor.java:442)
	at com.kms.katalon.core.main.TestCaseExecutor.doExecute(TestCaseExecutor.java:433)
	at com.kms.katalon.core.main.TestCaseExecutor.processExecutionPhase(TestCaseExecutor.java:412)
	at com.kms.katalon.core.main.TestCaseExecutor.accessMainPhase(TestCaseExecutor.java:404)
	at com.kms.katalon.core.main.TestCaseExecutor.execute(TestCaseExecutor.java:281)
	at com.kms.katalon.core.main.TestSuiteExecutor.accessTestCaseMainPhase(TestSuiteExecutor.java:202)
	at com.kms.katalon.core.main.TestSuiteExecutor.accessTestSuiteMainPhase(TestSuiteExecutor.java:164)
	at com.kms.katalon.core.main.TestSuiteExecutor.execute(TestSuiteExecutor.java:105)
	at com.kms.katalon.core.main.TestCaseMain.startTestSuite(TestCaseMain.java:185)
	at com.kms.katalon.core.main.TestCaseMain$startTestSuite$0.call(Unknown Source)
	at TempTestSuite1676515943031.run(TempTestSuite1676515943031.groovy:36)
Caused by: com.kms.katalon.core.exception.StepFailedException: Text 'Transaction approved, no errors' is not present on page  using regular expression
	... 23 more


2023-02-15 22:10:04 - [TEST_STEP][PASSED] - executionProfile = getExecutionProfile(): null

2023-02-15 22:10:04 - [TEST_STEP][PASSED] - out.println("executionProfile : " + executionProfile): null

2023-02-15 22:10:04 - [TEST_STEP][PASSED] - appName = <not implemented yet for class: org.codehaus.groovy.ast.expr.EmptyExpression>: null

2023-02-15 22:10:04 - [TEST_STEP][PASSED] - appID = <not implemented yet for class: org.codehaus.groovy.ast.expr.EmptyExpression>: null

2023-02-15 22:10:04 - [TEST_STEP][PASSED] - username = <not implemented yet for class: org.codehaus.groovy.ast.expr.EmptyExpression>: null

2023-02-15 22:10:04 - [TEST_STEP][PASSED] - password = <not implemented yet for class: org.codehaus.groovy.ast.expr.EmptyExpression>: null

2023-02-15 22:10:04 - [TEST_STEP][PASSED] - cardNameV = <not implemented yet for class: org.codehaus.groovy.ast.expr.EmptyExpression>: null

2023-02-15 22:10:04 - [TEST_STEP][PASSED] - al1V = <not implemented yet for class: org.codehaus.groovy.ast.expr.EmptyExpression>: null

2023-02-15 22:10:04 - [TEST_STEP][PASSED] - al2V = <not implemented yet for class: org.codehaus.groovy.ast.expr.EmptyExpression>: null

2023-02-15 22:10:04 - [TEST_STEP][PASSED] - zipV = <not implemented yet for class: org.codehaus.groovy.ast.expr.EmptyExpression>: null

2023-02-15 22:10:04 - [TEST_STEP][PASSED] - cardTypeV = <not implemented yet for class: org.codehaus.groovy.ast.expr.EmptyExpression>: null

2023-02-15 22:10:04 - [TEST_STEP][PASSED] - last4V = <not implemented yet for class: org.codehaus.groovy.ast.expr.EmptyExpression>: null

2023-02-15 22:10:04 - [TEST_STEP][PASSED] - resText = "Fail": null

2023-02-15 22:10:04 - [TEST_STEP][PASSED] - resColumn = "Result": null

2023-02-15 22:10:04 - [TEST_STEP][PASSED] - datCloumn = "Date": null

2023-02-15 22:10:04 - [TEST_STEP][PASSED] - fileLoc = "KatalonData/VLinkSmokeData.xlsx": null

2023-02-15 22:10:04 - [TEST_STEP][PASSED] - numOfRows = <not implemented yet for class: org.codehaus.groovy.ast.expr.EmptyExpression>: null

2023-02-15 22:10:04 - [TEST_STEP][PASSED] - dataFile = <not implemented yet for class: org.codehaus.groovy.ast.expr.EmptyExpression>: null

2023-02-15 22:10:04 - [TEST_STEP][PASSED] - nameSheet = <not implemented yet for class: org.codehaus.groovy.ast.expr.EmptyExpression>: null

2023-02-15 22:10:04 - [TEST_STEP][PASSED] - nameSheet = "Auth-Cap-Void": null

2023-02-15 22:10:04 - [TEST_STEP][PASSED] - numOfRows = findTestData("QA/VLinkTestData/VLinkAuthCapVoidData").getRowNumbers(): null

2023-02-15 22:10:04 - [TEST_STEP][PASSED] - println("Number of Records: " + numOfRows): null

2023-02-15 22:10:04 - [TEST_STEP][PASSED] - dataFile = "QA/VLinkTestData/VLinkAuthCapVoidData": null

2023-02-15 22:10:04 - [TEST_STEP][FAILED] - for ([row = 1, row <= numOfRows, (row++)]): null

2023-02-15 22:10:04 - [TEST_STEP][PASSED] - ExecuteTC = findTestData(dataFile).getValue("Execute", row): null

2023-02-15 22:10:05 - [TEST_STEP][PASSED] - out.println("Value of Execute is : " + ExecuteTC): null

2023-02-15 22:10:05 - [TEST_STEP][PASSED] - switch (executionProfile): null

2023-02-15 22:10:05 - [TEST_STEP][PASSED] - case "QAProfile":: null

2023-02-15 22:10:05 - [TEST_STEP][PASSED] - appID = findTestData(dataFile).getValue("AppIDQA", row): null

2023-02-15 22:10:05 - [TEST_STEP][PASSED] - username = findTestData(dataFile).getValue("UsernameQA", row): null

2023-02-15 22:10:05 - [TEST_STEP][PASSED] - password = findTestData(dataFile).getValue("PasswordQA", row): null

2023-02-15 22:10:05 - [TEST_STEP][PASSED] - break: null

2023-02-15 22:10:05 - [TEST_STEP][PASSED] - if (ExecuteTC.equalsIgnoreCase("Y")): null

2023-02-15 22:10:05 - [TEST_STEP][PASSED] - out.println("Begin Record Number: " + row): null

2023-02-15 22:10:05 - [TEST_STEP][PASSED] - today = new java.util.Date(): null

2023-02-15 22:10:05 - [TEST_STEP][PASSED] - println(today): null

2023-02-15 22:10:05 - [TEST_STEP][PASSED] - datText = today: null

2023-02-15 22:10:05 - [TEST_STEP][PASSED] - category = findTestData(dataFile).getValue("Category", row): null

2023-02-15 22:10:05 - [TEST_STEP][PASSED] - amount = findTestData(dataFile).getValue("Amount", row): null

2023-02-15 22:10:05 - [TEST_STEP][PASSED] - cardNumber = findTestData(dataFile).getValue("CardNumber", row): null

2023-02-15 22:10:05 - [TEST_STEP][PASSED] - exM = findTestData(dataFile).getValue("ExM", row): null

2023-02-15 22:10:05 - [TEST_STEP][PASSED] - exY = findTestData(dataFile).getValue("ExY", row): null

2023-02-15 22:10:05 - [TEST_STEP][PASSED] - openBrowser(VLinkURL + "auth.html"): Browser is opened with url: 'https://dev-algorithm.govolution.com/vlinktest/QA/version_2_0/auth.html'

2023-02-15 22:10:05 - [MESSAGE][WARNING] - A browser is already opened. Closing browser and opening a new one

2023-02-15 22:10:06 - [MESSAGE][INFO] - Starting 'Chrome' driver

2023-02-15 22:10:06 - [MESSAGE][INFO] - User set preference: ['acceptInsecureCerts', 'true']

2023-02-15 22:10:06 - [MESSAGE][INFO] - Action delay is set to 0 milliseconds

2023-02-15 22:10:08 - [MESSAGE][PASSED] - Browser is opened with url: 'https://dev-algorithm.govolution.com/vlinktest/QA/version_2_0/auth.html'

2023-02-15 22:10:08 - [TEST_STEP][PASSED] - maximizeWindow(): Current window maximized

2023-02-15 22:10:08 - [MESSAGE][PASSED] - Current window maximized

2023-02-15 22:10:08 - [TEST_STEP][PASSED] - genRemID = RandomStringUtils.random(12, true, true): null

2023-02-15 22:10:08 - [TEST_STEP][PASSED] - setText(findTestObject("Object Repository/RecAndPlayBk/Page-Vlink-AuthOnly/input_Remittance Id_remittance_id"), genRemID): Text 'KxvAZHccMKXN' is set on object 'Object Repository/RecAndPlayBk/Page-Vlink-AuthOnly/input_Remittance Id_remittance_id'

2023-02-15 22:10:09 - [MESSAGE][PASSED] - Text 'KxvAZHccMKXN' is set on object 'Object Repository/RecAndPlayBk/Page-Vlink-AuthOnly/input_Remittance Id_remittance_id'

2023-02-15 22:10:09 - [TEST_STEP][PASSED] - setText(findTestObject("Object Repository/RecAndPlayBk/Page-Vlink-AuthOnly/input_Application Id_application_id"), appID): Text '234' is set on object 'Object Repository/RecAndPlayBk/Page-Vlink-AuthOnly/input_Application Id_application_id'

2023-02-15 22:10:10 - [MESSAGE][PASSED] - Text '234' is set on object 'Object Repository/RecAndPlayBk/Page-Vlink-AuthOnly/input_Application Id_application_id'

2023-02-15 22:10:10 - [TEST_STEP][PASSED] - setText(findTestObject("Object Repository/RecAndPlayBk/Page-Vlink-AuthOnly/input_Username_username"), username): Text 'username' is set on object 'Object Repository/RecAndPlayBk/Page-Vlink-AuthOnly/input_Username_username'

2023-02-15 22:10:10 - [MESSAGE][PASSED] - Text 'username' is set on object 'Object Repository/RecAndPlayBk/Page-Vlink-AuthOnly/input_Username_username'

2023-02-15 22:10:10 - [TEST_STEP][PASSED] - setText(findTestObject("Object Repository/RecAndPlayBk/Page-Vlink-AuthOnly/input_Password_password"), password): Text 'password' is set on object 'Object Repository/RecAndPlayBk/Page-Vlink-AuthOnly/input_Password_password'

2023-02-15 22:10:11 - [MESSAGE][PASSED] - Text 'password' is set on object 'Object Repository/RecAndPlayBk/Page-Vlink-AuthOnly/input_Password_password'

2023-02-15 22:10:11 - [TEST_STEP][PASSED] - setText(findTestObject("Object Repository/RecAndPlayBk/Page-Vlink-AuthOnly/input_Category_category"), category): Text 'ECOM' is set on object 'Object Repository/RecAndPlayBk/Page-Vlink-AuthOnly/input_Category_category'

2023-02-15 22:10:12 - [MESSAGE][PASSED] - Text 'ECOM' is set on object 'Object Repository/RecAndPlayBk/Page-Vlink-AuthOnly/input_Category_category'

2023-02-15 22:10:12 - [TEST_STEP][PASSED] - setText(findTestObject("Object Repository/RecAndPlayBk/Page-Vlink-AuthOnly/input_Amount_amount"), amount): Text '10.5' is set on object 'Object Repository/RecAndPlayBk/Page-Vlink-AuthOnly/input_Amount_amount'

2023-02-15 22:10:12 - [MESSAGE][PASSED] - Text '10.5' is set on object 'Object Repository/RecAndPlayBk/Page-Vlink-AuthOnly/input_Amount_amount'

2023-02-15 22:10:12 - [TEST_STEP][PASSED] - doubleClick(findTestObject("Object Repository/RecAndPlayBk/Page-Vlink-AuthOnly/input_Card number_card_number")): Object: 'Object Repository/RecAndPlayBk/Page-Vlink-AuthOnly/input_Card number_card_number' is double clicked on

2023-02-15 22:10:13 - [MESSAGE][PASSED] - Object: 'Object Repository/RecAndPlayBk/Page-Vlink-AuthOnly/input_Card number_card_number' is double clicked on

2023-02-15 22:10:13 - [TEST_STEP][PASSED] - setText(findTestObject("Object Repository/RecAndPlayBk/Page-Vlink-AuthOnly/input_Card number_card_number"), cardNumber): Text '4111111111111111' is set on object 'Object Repository/RecAndPlayBk/Page-Vlink-AuthOnly/input_Card number_card_number'

2023-02-15 22:10:13 - [MESSAGE][PASSED] - Text '4111111111111111' is set on object 'Object Repository/RecAndPlayBk/Page-Vlink-AuthOnly/input_Card number_card_number'

2023-02-15 22:10:13 - [TEST_STEP][PASSED] - setText(findTestObject("Object Repository/RecAndPlayBk/Page-Vlink-AuthOnly/input_Card ex month_card_exmo"), exM): Text '12' is set on object 'Object Repository/RecAndPlayBk/Page-Vlink-AuthOnly/input_Card ex month_card_exmo'

2023-02-15 22:10:14 - [MESSAGE][PASSED] - Text '12' is set on object 'Object Repository/RecAndPlayBk/Page-Vlink-AuthOnly/input_Card ex month_card_exmo'

2023-02-15 22:10:14 - [TEST_STEP][PASSED] - setText(findTestObject("Object Repository/RecAndPlayBk/Page-Vlink-AuthOnly/input_Card ex year_card_exyr"), exY): Text '2029' is set on object 'Object Repository/RecAndPlayBk/Page-Vlink-AuthOnly/input_Card ex year_card_exyr'

2023-02-15 22:10:15 - [MESSAGE][PASSED] - Text '2029' is set on object 'Object Repository/RecAndPlayBk/Page-Vlink-AuthOnly/input_Card ex year_card_exyr'

2023-02-15 22:10:15 - [TEST_STEP][PASSED] - click(findTestObject("Object Repository/RecAndPlayBk/Page-Vlink-AuthOnly/input_Track Data_track_data")): Object: 'Object Repository/RecAndPlayBk/Page-Vlink-AuthOnly/input_Track Data_track_data' is clicked on

2023-02-15 22:10:15 - [MESSAGE][PASSED] - Object: 'Object Repository/RecAndPlayBk/Page-Vlink-AuthOnly/input_Track Data_track_data' is clicked on

2023-02-15 22:10:15 - [TEST_STEP][PASSED] - click(findTestObject("Object Repository/RecAndPlayBk/Page-Vlink-AuthOnly/input_CVV state_cvv_state")): Object: 'Object Repository/RecAndPlayBk/Page-Vlink-AuthOnly/input_CVV state_cvv_state' is clicked on

2023-02-15 22:10:15 - [MESSAGE][PASSED] - Object: 'Object Repository/RecAndPlayBk/Page-Vlink-AuthOnly/input_CVV state_cvv_state' is clicked on

2023-02-15 22:10:15 - [TEST_STEP][PASSED] - setText(findTestObject("Object Repository/RecAndPlayBk/Page-Vlink-AuthOnly/input_Track Data_track_data"), ""): Text '' is set on object 'Object Repository/RecAndPlayBk/Page-Vlink-AuthOnly/input_Track Data_track_data'

2023-02-15 22:10:16 - [MESSAGE][PASSED] - Text '' is set on object 'Object Repository/RecAndPlayBk/Page-Vlink-AuthOnly/input_Track Data_track_data'

2023-02-15 22:10:16 - [TEST_STEP][PASSED] - setText(findTestObject("Object Repository/RecAndPlayBk/Page-Vlink-AuthOnly/input_concat(Cardholder, , s email)_email"), ""): Text '' is set on object 'Object Repository/RecAndPlayBk/Page-Vlink-AuthOnly/input_concat(Cardholder, , s email)_email'

2023-02-15 22:10:17 - [MESSAGE][PASSED] - Text '' is set on object 'Object Repository/RecAndPlayBk/Page-Vlink-AuthOnly/input_concat(Cardholder, , s email)_email'

2023-02-15 22:10:17 - [TEST_STEP][PASSED] - click(findTestObject("Object Repository/RecAndPlayBk/Page-Vlink-AuthOnly/input_user_defined10_user_defined10")): Object: 'Object Repository/RecAndPlayBk/Page-Vlink-AuthOnly/input_user_defined10_user_defined10' is clicked on

2023-02-15 22:10:17 - [MESSAGE][PASSED] - Object: 'Object Repository/RecAndPlayBk/Page-Vlink-AuthOnly/input_user_defined10_user_defined10' is clicked on

2023-02-15 22:10:17 - [TEST_STEP][PASSED] - if (executionProfile.equalsIgnoreCase("QAProfile")): Text '' is set on object 'Object Repository/RecAndPlayBk/Page-Vlink-AuthOnly/input_COF Transaction Initiated by_cof_tran_6cded5'

2023-02-15 22:10:17 - [TEST_STEP][PASSED] - setText(findTestObject("Object Repository/RecAndPlayBk/Page-Vlink-AuthOnly/input_Card on File Indicator_card_on_file_i_157dae"), ""): Text '' is set on object 'Object Repository/RecAndPlayBk/Page-Vlink-AuthOnly/input_Card on File Indicator_card_on_file_i_157dae'

2023-02-15 22:10:18 - [MESSAGE][PASSED] - Text '' is set on object 'Object Repository/RecAndPlayBk/Page-Vlink-AuthOnly/input_Card on File Indicator_card_on_file_i_157dae'

2023-02-15 22:10:18 - [TEST_STEP][PASSED] - setText(findTestObject("Object Repository/RecAndPlayBk/Page-Vlink-AuthOnly/input_Stored Credential Indicator_stored_cr_4ae73c"), ""): Text '' is set on object 'Object Repository/RecAndPlayBk/Page-Vlink-AuthOnly/input_Stored Credential Indicator_stored_cr_4ae73c'

2023-02-15 22:10:18 - [MESSAGE][PASSED] - Text '' is set on object 'Object Repository/RecAndPlayBk/Page-Vlink-AuthOnly/input_Stored Credential Indicator_stored_cr_4ae73c'

2023-02-15 22:10:18 - [TEST_STEP][PASSED] - setText(findTestObject("Object Repository/RecAndPlayBk/Page-Vlink-AuthOnly/input_COF Scheduled indicator_cof_scheduled_8df7d8"), ""): Text '' is set on object 'Object Repository/RecAndPlayBk/Page-Vlink-AuthOnly/input_COF Scheduled indicator_cof_scheduled_8df7d8'

2023-02-15 22:10:19 - [MESSAGE][PASSED] - Text '' is set on object 'Object Repository/RecAndPlayBk/Page-Vlink-AuthOnly/input_COF Scheduled indicator_cof_scheduled_8df7d8'

2023-02-15 22:10:19 - [TEST_STEP][PASSED] - setText(findTestObject("Object Repository/RecAndPlayBk/Page-Vlink-AuthOnly/input_COF Transaction Initiated by_cof_tran_6cded5"), ""): Text '' is set on object 'Object Repository/RecAndPlayBk/Page-Vlink-AuthOnly/input_COF Transaction Initiated by_cof_tran_6cded5'

2023-02-15 22:10:20 - [MESSAGE][PASSED] - Text '' is set on object 'Object Repository/RecAndPlayBk/Page-Vlink-AuthOnly/input_COF Transaction Initiated by_cof_tran_6cded5'

2023-02-15 22:10:20 - [TEST_STEP][PASSED] - click(findTestObject("Object Repository/RecAndPlayBk/Page-Vlink-AuthOnly/input")): Object: 'Object Repository/RecAndPlayBk/Page-Vlink-AuthOnly/input' is clicked on

2023-02-15 22:10:21 - [MESSAGE][PASSED] - Object: 'Object Repository/RecAndPlayBk/Page-Vlink-AuthOnly/input' is clicked on

2023-02-15 22:10:21 - [TEST_STEP][PASSED] - if (verifyTextPresent("Transaction approved, no errors", true)): null

2023-02-15 22:10:21 - [MESSAGE][PASSED] - Text 'Transaction approved, no errors' is present on page  using regular expression

2023-02-15 22:10:21 - [TEST_STEP][PASSED] - out.println("Auth was successful, Capture now"): null

2023-02-15 22:10:21 - [TEST_STEP][PASSED] - sdfo = getText(findTestObject("Object Repository/Page_VLinkReceipt/pre_STX")): Text of object 'Object Repository/Page_VLinkReceipt/pre_STX' is: '<STX>KxvAZHccMKXN                  12126662            0  Transaction approved, no errors                   0                                                                                  Y 493115244<ETX>'

2023-02-15 22:10:21 - [MESSAGE][PASSED] - Text of object 'Object Repository/Page_VLinkReceipt/pre_STX' is: '<STX>KxvAZHccMKXN                  12126662            0  Transaction approved, no errors                   0                                                                                  Y 493115244<ETX>'

2023-02-15 22:10:21 - [TEST_STEP][PASSED] - out.println("sdfo: " + sdfo): null

2023-02-15 22:10:21 - [TEST_STEP][PASSED] - remID = substring(5, 35).trim(): null

2023-02-15 22:10:21 - [TEST_STEP][PASSED] - out.println("remID: " + remID): null

2023-02-15 22:10:21 - [TEST_STEP][PASSED] - traxID = substring(35, 55).trim(): null

2023-02-15 22:10:21 - [TEST_STEP][PASSED] - out.println("traxID: " + traxID): null

2023-02-15 22:10:21 - [TEST_STEP][PASSED] - VLinkSaleRemID = remID: null

2023-02-15 22:10:21 - [TEST_STEP][PASSED] - VLinkSaleTranxID = traxID: null

2023-02-15 22:10:21 - [TEST_STEP][PASSED] - openBrowser(VLinkURL + "capture.html"): Browser is opened with url: 'https://dev-algorithm.govolution.com/vlinktest/QA/version_2_0/capture.html'

2023-02-15 22:10:21 - [MESSAGE][WARNING] - A browser is already opened. Closing browser and opening a new one

2023-02-15 22:10:22 - [MESSAGE][INFO] - Starting 'Chrome' driver

2023-02-15 22:10:22 - [MESSAGE][INFO] - User set preference: ['acceptInsecureCerts', 'true']

2023-02-15 22:10:22 - [MESSAGE][INFO] - Action delay is set to 0 milliseconds

2023-02-15 22:10:24 - [MESSAGE][PASSED] - Browser is opened with url: 'https://dev-algorithm.govolution.com/vlinktest/QA/version_2_0/capture.html'

2023-02-15 22:10:24 - [TEST_STEP][PASSED] - maximizeWindow(): Current window maximized

2023-02-15 22:10:24 - [MESSAGE][PASSED] - Current window maximized

2023-02-15 22:10:24 - [TEST_STEP][PASSED] - setText(findTestObject("Object Repository/RecAndPlayBk/Page-VLink-Capture/input_Remittance Id_remittance_id"), VLinkSaleRemID): Text 'KxvAZHccMKXN' is set on object 'Object Repository/RecAndPlayBk/Page-VLink-Capture/input_Remittance Id_remittance_id'

2023-02-15 22:10:25 - [MESSAGE][PASSED] - Text 'KxvAZHccMKXN' is set on object 'Object Repository/RecAndPlayBk/Page-VLink-Capture/input_Remittance Id_remittance_id'

2023-02-15 22:10:25 - [TEST_STEP][PASSED] - setText(findTestObject("Object Repository/RecAndPlayBk/Page-VLink-Capture/input_Application Id_application_id"), appID): Text '234' is set on object 'Object Repository/RecAndPlayBk/Page-VLink-Capture/input_Application Id_application_id'

2023-02-15 22:10:26 - [MESSAGE][PASSED] - Text '234' is set on object 'Object Repository/RecAndPlayBk/Page-VLink-Capture/input_Application Id_application_id'

2023-02-15 22:10:26 - [TEST_STEP][PASSED] - setText(findTestObject("Object Repository/RecAndPlayBk/Page-VLink-Capture/input_Username_username"), username): Text 'username' is set on object 'Object Repository/RecAndPlayBk/Page-VLink-Capture/input_Username_username'

2023-02-15 22:10:26 - [MESSAGE][PASSED] - Text 'username' is set on object 'Object Repository/RecAndPlayBk/Page-VLink-Capture/input_Username_username'

2023-02-15 22:10:26 - [TEST_STEP][PASSED] - setText(findTestObject("Object Repository/RecAndPlayBk/Page-VLink-Capture/input_Password_password"), password): Text 'password' is set on object 'Object Repository/RecAndPlayBk/Page-VLink-Capture/input_Password_password'

2023-02-15 22:10:27 - [MESSAGE][PASSED] - Text 'password' is set on object 'Object Repository/RecAndPlayBk/Page-VLink-Capture/input_Password_password'

2023-02-15 22:10:27 - [TEST_STEP][PASSED] - setText(findTestObject("Object Repository/RecAndPlayBk/Page-VLink-Capture/input_Transaction ID_transaction_id"), VLinkSaleTranxID): Text '12126662' is set on object 'Object Repository/RecAndPlayBk/Page-VLink-Capture/input_Transaction ID_transaction_id'

2023-02-15 22:10:27 - [MESSAGE][PASSED] - Text '12126662' is set on object 'Object Repository/RecAndPlayBk/Page-VLink-Capture/input_Transaction ID_transaction_id'

2023-02-15 22:10:27 - [TEST_STEP][PASSED] - setText(findTestObject("Object Repository/RecAndPlayBk/Page-VLink-Capture/input_Amount_amount"), amount): Text '10.5' is set on object 'Object Repository/RecAndPlayBk/Page-VLink-Capture/input_Amount_amount'

2023-02-15 22:10:28 - [MESSAGE][PASSED] - Text '10.5' is set on object 'Object Repository/RecAndPlayBk/Page-VLink-Capture/input_Amount_amount'

2023-02-15 22:10:28 - [TEST_STEP][PASSED] - click(findTestObject("Object Repository/RecAndPlayBk/Page-VLink-Capture/input")): Object: 'Object Repository/RecAndPlayBk/Page-VLink-Capture/input' is clicked on

2023-02-15 22:10:29 - [MESSAGE][PASSED] - Object: 'Object Repository/RecAndPlayBk/Page-VLink-Capture/input' is clicked on

2023-02-15 22:10:29 - [TEST_STEP][PASSED] - if (verifyTextPresent("Transaction approved, no errors", true)): null

2023-02-15 22:10:29 - [MESSAGE][PASSED] - Text 'Transaction approved, no errors' is present on page  using regular expression

2023-02-15 22:10:29 - [TEST_STEP][PASSED] - sdfo = getText(findTestObject("Object Repository/Page_VLinkReceipt/pre_STX")): Text of object 'Object Repository/Page_VLinkReceipt/pre_STX' is: '<STX>KxvAZHccMKXN                  12126663            0  Transaction approved, no errors                   0                                                                                  Y 493115244<ETX>'

2023-02-15 22:10:30 - [MESSAGE][PASSED] - Text of object 'Object Repository/Page_VLinkReceipt/pre_STX' is: '<STX>KxvAZHccMKXN                  12126663            0  Transaction approved, no errors                   0                                                                                  Y 493115244<ETX>'

2023-02-15 22:10:30 - [TEST_STEP][PASSED] - out.println("sdfo: " + sdfo): null

2023-02-15 22:10:30 - [TEST_STEP][PASSED] - remID = substring(5, 35).trim(): null

2023-02-15 22:10:30 - [TEST_STEP][PASSED] - out.println("remID: " + remID): null

2023-02-15 22:10:30 - [TEST_STEP][PASSED] - traxID = substring(35, 55).trim(): null

2023-02-15 22:10:30 - [TEST_STEP][PASSED] - out.println("traxID: " + traxID): null

2023-02-15 22:10:30 - [TEST_STEP][PASSED] - VLinkSaleRemID = remID: null

2023-02-15 22:10:30 - [TEST_STEP][PASSED] - VLinkSaleTranxID = traxID: null

2023-02-15 22:10:30 - [TEST_STEP][PASSED] - openBrowser(VLinkURL + "CC_void.html"): Browser is opened with url: 'https://dev-algorithm.govolution.com/vlinktest/QA/version_2_0/CC_void.html'

2023-02-15 22:10:30 - [MESSAGE][WARNING] - A browser is already opened. Closing browser and opening a new one

2023-02-15 22:10:31 - [MESSAGE][INFO] - Starting 'Chrome' driver

2023-02-15 22:10:31 - [MESSAGE][INFO] - User set preference: ['acceptInsecureCerts', 'true']

2023-02-15 22:10:31 - [MESSAGE][INFO] - Action delay is set to 0 milliseconds

2023-02-15 22:10:32 - [MESSAGE][PASSED] - Browser is opened with url: 'https://dev-algorithm.govolution.com/vlinktest/QA/version_2_0/CC_void.html'

2023-02-15 22:10:32 - [TEST_STEP][PASSED] - maximizeWindow(): Current window maximized

2023-02-15 22:10:32 - [MESSAGE][PASSED] - Current window maximized

2023-02-15 22:10:32 - [TEST_STEP][PASSED] - setText(findTestObject("Object Repository/RecAndPlayBk/Page-Vlink-CC-Void/txt_RemID"), VLinkSaleRemID): Text 'KxvAZHccMKXN' is set on object 'Object Repository/RecAndPlayBk/Page-Vlink-CC-Void/txt_RemID'

2023-02-15 22:10:33 - [MESSAGE][PASSED] - Text 'KxvAZHccMKXN' is set on object 'Object Repository/RecAndPlayBk/Page-Vlink-CC-Void/txt_RemID'

2023-02-15 22:10:33 - [TEST_STEP][PASSED] - setText(findTestObject("Object Repository/RecAndPlayBk/Page-Vlink-CC-Void/txt_ApplicationID"), appID): Text '234' is set on object 'Object Repository/RecAndPlayBk/Page-Vlink-CC-Void/txt_ApplicationID'

2023-02-15 22:10:34 - [MESSAGE][PASSED] - Text '234' is set on object 'Object Repository/RecAndPlayBk/Page-Vlink-CC-Void/txt_ApplicationID'

2023-02-15 22:10:34 - [TEST_STEP][PASSED] - setText(findTestObject("Object Repository/RecAndPlayBk/Page-Vlink-CC-Void/txt_Username"), username): Text 'username' is set on object 'Object Repository/RecAndPlayBk/Page-Vlink-CC-Void/txt_Username'

2023-02-15 22:10:35 - [MESSAGE][PASSED] - Text 'username' is set on object 'Object Repository/RecAndPlayBk/Page-Vlink-CC-Void/txt_Username'

2023-02-15 22:10:35 - [TEST_STEP][PASSED] - setText(findTestObject("Object Repository/RecAndPlayBk/Page-Vlink-CC-Void/txt_Password"), password): Text 'password' is set on object 'Object Repository/RecAndPlayBk/Page-Vlink-CC-Void/txt_Password'

2023-02-15 22:10:35 - [MESSAGE][PASSED] - Text 'password' is set on object 'Object Repository/RecAndPlayBk/Page-Vlink-CC-Void/txt_Password'

2023-02-15 22:10:35 - [TEST_STEP][PASSED] - setText(findTestObject("Object Repository/RecAndPlayBk/Page-Vlink-CC-Void/txt_TransactionID"), VLinkSaleTranxID): Text '12126663' is set on object 'Object Repository/RecAndPlayBk/Page-Vlink-CC-Void/txt_TransactionID'

2023-02-15 22:10:36 - [MESSAGE][PASSED] - Text '12126663' is set on object 'Object Repository/RecAndPlayBk/Page-Vlink-CC-Void/txt_TransactionID'

2023-02-15 22:10:36 - [TEST_STEP][PASSED] - setText(findTestObject("Object Repository/RecAndPlayBk/Page-Vlink-CC-Void/txt_OriginalTransactionType"), "102"): Text '102' is set on object 'Object Repository/RecAndPlayBk/Page-Vlink-CC-Void/txt_OriginalTransactionType'

2023-02-15 22:10:37 - [MESSAGE][PASSED] - Text '102' is set on object 'Object Repository/RecAndPlayBk/Page-Vlink-CC-Void/txt_OriginalTransactionType'

2023-02-15 22:10:37 - [TEST_STEP][PASSED] - setText(findTestObject("Object Repository/RecAndPlayBk/Page-Vlink-CC-Void/txt_TrackData"), ""): Text '' is set on object 'Object Repository/RecAndPlayBk/Page-Vlink-CC-Void/txt_TrackData'

2023-02-15 22:10:37 - [MESSAGE][PASSED] - Text '' is set on object 'Object Repository/RecAndPlayBk/Page-Vlink-CC-Void/txt_TrackData'

2023-02-15 22:10:37 - [TEST_STEP][PASSED] - click(findTestObject("Object Repository/RecAndPlayBk/Page-Vlink-CC-Void/btn_ProcessVLinkTransaction")): Object: 'Object Repository/RecAndPlayBk/Page-Vlink-CC-Void/btn_ProcessVLinkTransaction' is clicked on

2023-02-15 22:10:39 - [MESSAGE][PASSED] - Object: 'Object Repository/RecAndPlayBk/Page-Vlink-CC-Void/btn_ProcessVLinkTransaction' is clicked on

2023-02-15 22:10:39 - [TEST_STEP][PASSED] - if (verifyTextPresent("Transaction approved, no errors", true)): null

2023-02-15 22:10:39 - [MESSAGE][PASSED] - Text 'Transaction approved, no errors' is present on page  using regular expression

2023-02-15 22:10:39 - [TEST_STEP][PASSED] - println("Transaction Approved, no errors text is present on the Confirmation page"): null

2023-02-15 22:10:39 - [TEST_STEP][PASSED] - out.println("Pass Record Number: " + row): null

2023-02-15 22:10:39 - [TEST_STEP][PASSED] - resText = "Pass": null

2023-02-15 22:10:39 - [TEST_STEP][PASSED] - pages.WriteExcel.demoKey(resText, datText, resColumn, datCloumn, fileLoc, nameSheet, row): pages.WriteExcel.demoKey is PASSED

2023-02-15 22:10:39 - [MESSAGE][PASSED] - pages.WriteExcel.demoKey is PASSED

2023-02-15 22:10:39 - [TEST_STEP][PASSED] - ExecuteTC = findTestData(dataFile).getValue("Execute", row): null

2023-02-15 22:10:39 - [TEST_STEP][PASSED] - out.println("Value of Execute is : " + ExecuteTC): null

2023-02-15 22:10:39 - [TEST_STEP][PASSED] - switch (executionProfile): null

2023-02-15 22:10:39 - [TEST_STEP][PASSED] - case "QAProfile":: null

2023-02-15 22:10:39 - [TEST_STEP][PASSED] - appID = findTestData(dataFile).getValue("AppIDQA", row): null

2023-02-15 22:10:39 - [TEST_STEP][PASSED] - username = findTestData(dataFile).getValue("UsernameQA", row): null

2023-02-15 22:10:39 - [TEST_STEP][PASSED] - password = findTestData(dataFile).getValue("PasswordQA", row): null

2023-02-15 22:10:39 - [TEST_STEP][PASSED] - break: null

2023-02-15 22:10:39 - [TEST_STEP][PASSED] - if (ExecuteTC.equalsIgnoreCase("Y")): null

2023-02-15 22:10:39 - [TEST_STEP][PASSED] - out.println("Begin Record Number: " + row): null

2023-02-15 22:10:39 - [TEST_STEP][PASSED] - today = new java.util.Date(): null

2023-02-15 22:10:39 - [TEST_STEP][PASSED] - println(today): null

2023-02-15 22:10:39 - [TEST_STEP][PASSED] - datText = today: null

2023-02-15 22:10:39 - [TEST_STEP][PASSED] - category = findTestData(dataFile).getValue("Category", row): null

2023-02-15 22:10:39 - [TEST_STEP][PASSED] - amount = findTestData(dataFile).getValue("Amount", row): null

2023-02-15 22:10:39 - [TEST_STEP][PASSED] - cardNumber = findTestData(dataFile).getValue("CardNumber", row): null

2023-02-15 22:10:40 - [TEST_STEP][PASSED] - exM = findTestData(dataFile).getValue("ExM", row): null

2023-02-15 22:10:40 - [TEST_STEP][PASSED] - exY = findTestData(dataFile).getValue("ExY", row): null

2023-02-15 22:10:40 - [TEST_STEP][PASSED] - openBrowser(VLinkURL + "auth.html"): Browser is opened with url: 'https://dev-algorithm.govolution.com/vlinktest/QA/version_2_0/auth.html'

2023-02-15 22:10:40 - [MESSAGE][WARNING] - A browser is already opened. Closing browser and opening a new one

2023-02-15 22:10:41 - [MESSAGE][INFO] - Starting 'Chrome' driver

2023-02-15 22:10:41 - [MESSAGE][INFO] - User set preference: ['acceptInsecureCerts', 'true']

2023-02-15 22:10:41 - [MESSAGE][INFO] - Action delay is set to 0 milliseconds

2023-02-15 22:10:42 - [MESSAGE][PASSED] - Browser is opened with url: 'https://dev-algorithm.govolution.com/vlinktest/QA/version_2_0/auth.html'

2023-02-15 22:10:42 - [TEST_STEP][PASSED] - maximizeWindow(): Current window maximized

2023-02-15 22:10:43 - [MESSAGE][PASSED] - Current window maximized

2023-02-15 22:10:43 - [TEST_STEP][PASSED] - genRemID = RandomStringUtils.random(12, true, true): null

2023-02-15 22:10:43 - [TEST_STEP][PASSED] - setText(findTestObject("Object Repository/RecAndPlayBk/Page-Vlink-AuthOnly/input_Remittance Id_remittance_id"), genRemID): Text 'Mlz7EUC7b1OO' is set on object 'Object Repository/RecAndPlayBk/Page-Vlink-AuthOnly/input_Remittance Id_remittance_id'

2023-02-15 22:10:43 - [MESSAGE][PASSED] - Text 'Mlz7EUC7b1OO' is set on object 'Object Repository/RecAndPlayBk/Page-Vlink-AuthOnly/input_Remittance Id_remittance_id'

2023-02-15 22:10:43 - [TEST_STEP][PASSED] - setText(findTestObject("Object Repository/RecAndPlayBk/Page-Vlink-AuthOnly/input_Application Id_application_id"), appID): Text '234' is set on object 'Object Repository/RecAndPlayBk/Page-Vlink-AuthOnly/input_Application Id_application_id'

2023-02-15 22:10:44 - [MESSAGE][PASSED] - Text '234' is set on object 'Object Repository/RecAndPlayBk/Page-Vlink-AuthOnly/input_Application Id_application_id'

2023-02-15 22:10:44 - [TEST_STEP][PASSED] - setText(findTestObject("Object Repository/RecAndPlayBk/Page-Vlink-AuthOnly/input_Username_username"), username): Text 'username' is set on object 'Object Repository/RecAndPlayBk/Page-Vlink-AuthOnly/input_Username_username'

2023-02-15 22:10:45 - [MESSAGE][PASSED] - Text 'username' is set on object 'Object Repository/RecAndPlayBk/Page-Vlink-AuthOnly/input_Username_username'

2023-02-15 22:10:45 - [TEST_STEP][PASSED] - setText(findTestObject("Object Repository/RecAndPlayBk/Page-Vlink-AuthOnly/input_Password_password"), password): Text 'password' is set on object 'Object Repository/RecAndPlayBk/Page-Vlink-AuthOnly/input_Password_password'

2023-02-15 22:10:45 - [MESSAGE][PASSED] - Text 'password' is set on object 'Object Repository/RecAndPlayBk/Page-Vlink-AuthOnly/input_Password_password'

2023-02-15 22:10:45 - [TEST_STEP][PASSED] - setText(findTestObject("Object Repository/RecAndPlayBk/Page-Vlink-AuthOnly/input_Category_category"), category): Text 'MOTO' is set on object 'Object Repository/RecAndPlayBk/Page-Vlink-AuthOnly/input_Category_category'

2023-02-15 22:10:46 - [MESSAGE][PASSED] - Text 'MOTO' is set on object 'Object Repository/RecAndPlayBk/Page-Vlink-AuthOnly/input_Category_category'

2023-02-15 22:10:46 - [TEST_STEP][PASSED] - setText(findTestObject("Object Repository/RecAndPlayBk/Page-Vlink-AuthOnly/input_Amount_amount"), amount): Text '10.5' is set on object 'Object Repository/RecAndPlayBk/Page-Vlink-AuthOnly/input_Amount_amount'

2023-02-15 22:10:47 - [MESSAGE][PASSED] - Text '10.5' is set on object 'Object Repository/RecAndPlayBk/Page-Vlink-AuthOnly/input_Amount_amount'

2023-02-15 22:10:47 - [TEST_STEP][PASSED] - doubleClick(findTestObject("Object Repository/RecAndPlayBk/Page-Vlink-AuthOnly/input_Card number_card_number")): Object: 'Object Repository/RecAndPlayBk/Page-Vlink-AuthOnly/input_Card number_card_number' is double clicked on

2023-02-15 22:10:47 - [MESSAGE][PASSED] - Object: 'Object Repository/RecAndPlayBk/Page-Vlink-AuthOnly/input_Card number_card_number' is double clicked on

2023-02-15 22:10:47 - [TEST_STEP][PASSED] - setText(findTestObject("Object Repository/RecAndPlayBk/Page-Vlink-AuthOnly/input_Card number_card_number"), cardNumber): Text '5424000000000015' is set on object 'Object Repository/RecAndPlayBk/Page-Vlink-AuthOnly/input_Card number_card_number'

2023-02-15 22:10:48 - [MESSAGE][PASSED] - Text '5424000000000015' is set on object 'Object Repository/RecAndPlayBk/Page-Vlink-AuthOnly/input_Card number_card_number'

2023-02-15 22:10:48 - [TEST_STEP][PASSED] - setText(findTestObject("Object Repository/RecAndPlayBk/Page-Vlink-AuthOnly/input_Card ex month_card_exmo"), exM): Text '12' is set on object 'Object Repository/RecAndPlayBk/Page-Vlink-AuthOnly/input_Card ex month_card_exmo'

2023-02-15 22:10:48 - [MESSAGE][PASSED] - Text '12' is set on object 'Object Repository/RecAndPlayBk/Page-Vlink-AuthOnly/input_Card ex month_card_exmo'

2023-02-15 22:10:48 - [TEST_STEP][PASSED] - setText(findTestObject("Object Repository/RecAndPlayBk/Page-Vlink-AuthOnly/input_Card ex year_card_exyr"), exY): Text '2029' is set on object 'Object Repository/RecAndPlayBk/Page-Vlink-AuthOnly/input_Card ex year_card_exyr'

2023-02-15 22:10:49 - [MESSAGE][PASSED] - Text '2029' is set on object 'Object Repository/RecAndPlayBk/Page-Vlink-AuthOnly/input_Card ex year_card_exyr'

2023-02-15 22:10:49 - [TEST_STEP][PASSED] - click(findTestObject("Object Repository/RecAndPlayBk/Page-Vlink-AuthOnly/input_Track Data_track_data")): Object: 'Object Repository/RecAndPlayBk/Page-Vlink-AuthOnly/input_Track Data_track_data' is clicked on

2023-02-15 22:10:49 - [MESSAGE][PASSED] - Object: 'Object Repository/RecAndPlayBk/Page-Vlink-AuthOnly/input_Track Data_track_data' is clicked on

2023-02-15 22:10:49 - [TEST_STEP][PASSED] - click(findTestObject("Object Repository/RecAndPlayBk/Page-Vlink-AuthOnly/input_CVV state_cvv_state")): Object: 'Object Repository/RecAndPlayBk/Page-Vlink-AuthOnly/input_CVV state_cvv_state' is clicked on

2023-02-15 22:10:50 - [MESSAGE][PASSED] - Object: 'Object Repository/RecAndPlayBk/Page-Vlink-AuthOnly/input_CVV state_cvv_state' is clicked on

2023-02-15 22:10:50 - [TEST_STEP][PASSED] - setText(findTestObject("Object Repository/RecAndPlayBk/Page-Vlink-AuthOnly/input_Track Data_track_data"), ""): Text '' is set on object 'Object Repository/RecAndPlayBk/Page-Vlink-AuthOnly/input_Track Data_track_data'

2023-02-15 22:10:50 - [MESSAGE][PASSED] - Text '' is set on object 'Object Repository/RecAndPlayBk/Page-Vlink-AuthOnly/input_Track Data_track_data'

2023-02-15 22:10:50 - [TEST_STEP][PASSED] - setText(findTestObject("Object Repository/RecAndPlayBk/Page-Vlink-AuthOnly/input_concat(Cardholder, , s email)_email"), ""): Text '' is set on object 'Object Repository/RecAndPlayBk/Page-Vlink-AuthOnly/input_concat(Cardholder, , s email)_email'

2023-02-15 22:10:51 - [MESSAGE][PASSED] - Text '' is set on object 'Object Repository/RecAndPlayBk/Page-Vlink-AuthOnly/input_concat(Cardholder, , s email)_email'

2023-02-15 22:10:51 - [TEST_STEP][PASSED] - click(findTestObject("Object Repository/RecAndPlayBk/Page-Vlink-AuthOnly/input_user_defined10_user_defined10")): Object: 'Object Repository/RecAndPlayBk/Page-Vlink-AuthOnly/input_user_defined10_user_defined10' is clicked on

2023-02-15 22:10:51 - [MESSAGE][PASSED] - Object: 'Object Repository/RecAndPlayBk/Page-Vlink-AuthOnly/input_user_defined10_user_defined10' is clicked on

2023-02-15 22:10:51 - [TEST_STEP][PASSED] - if (executionProfile.equalsIgnoreCase("QAProfile")): Text '' is set on object 'Object Repository/RecAndPlayBk/Page-Vlink-AuthOnly/input_COF Transaction Initiated by_cof_tran_6cded5'

2023-02-15 22:10:51 - [TEST_STEP][PASSED] - setText(findTestObject("Object Repository/RecAndPlayBk/Page-Vlink-AuthOnly/input_Card on File Indicator_card_on_file_i_157dae"), ""): Text '' is set on object 'Object Repository/RecAndPlayBk/Page-Vlink-AuthOnly/input_Card on File Indicator_card_on_file_i_157dae'

2023-02-15 22:10:52 - [MESSAGE][PASSED] - Text '' is set on object 'Object Repository/RecAndPlayBk/Page-Vlink-AuthOnly/input_Card on File Indicator_card_on_file_i_157dae'

2023-02-15 22:10:52 - [TEST_STEP][PASSED] - setText(findTestObject("Object Repository/RecAndPlayBk/Page-Vlink-AuthOnly/input_Stored Credential Indicator_stored_cr_4ae73c"), ""): Text '' is set on object 'Object Repository/RecAndPlayBk/Page-Vlink-AuthOnly/input_Stored Credential Indicator_stored_cr_4ae73c'

2023-02-15 22:10:52 - [MESSAGE][PASSED] - Text '' is set on object 'Object Repository/RecAndPlayBk/Page-Vlink-AuthOnly/input_Stored Credential Indicator_stored_cr_4ae73c'

2023-02-15 22:10:52 - [TEST_STEP][PASSED] - setText(findTestObject("Object Repository/RecAndPlayBk/Page-Vlink-AuthOnly/input_COF Scheduled indicator_cof_scheduled_8df7d8"), ""): Text '' is set on object 'Object Repository/RecAndPlayBk/Page-Vlink-AuthOnly/input_COF Scheduled indicator_cof_scheduled_8df7d8'

2023-02-15 22:10:53 - [MESSAGE][PASSED] - Text '' is set on object 'Object Repository/RecAndPlayBk/Page-Vlink-AuthOnly/input_COF Scheduled indicator_cof_scheduled_8df7d8'

2023-02-15 22:10:53 - [TEST_STEP][PASSED] - setText(findTestObject("Object Repository/RecAndPlayBk/Page-Vlink-AuthOnly/input_COF Transaction Initiated by_cof_tran_6cded5"), ""): Text '' is set on object 'Object Repository/RecAndPlayBk/Page-Vlink-AuthOnly/input_COF Transaction Initiated by_cof_tran_6cded5'

2023-02-15 22:10:54 - [MESSAGE][PASSED] - Text '' is set on object 'Object Repository/RecAndPlayBk/Page-Vlink-AuthOnly/input_COF Transaction Initiated by_cof_tran_6cded5'

2023-02-15 22:10:54 - [TEST_STEP][PASSED] - click(findTestObject("Object Repository/RecAndPlayBk/Page-Vlink-AuthOnly/input")): Object: 'Object Repository/RecAndPlayBk/Page-Vlink-AuthOnly/input' is clicked on

2023-02-15 22:10:55 - [MESSAGE][PASSED] - Object: 'Object Repository/RecAndPlayBk/Page-Vlink-AuthOnly/input' is clicked on

2023-02-15 22:10:55 - [TEST_STEP][PASSED] - if (verifyTextPresent("Transaction approved, no errors", true)): null

2023-02-15 22:10:55 - [MESSAGE][PASSED] - Text 'Transaction approved, no errors' is present on page  using regular expression

2023-02-15 22:10:55 - [TEST_STEP][PASSED] - out.println("Auth was successful, Capture now"): null

2023-02-15 22:10:55 - [TEST_STEP][PASSED] - sdfo = getText(findTestObject("Object Repository/Page_VLinkReceipt/pre_STX")): Text of object 'Object Repository/Page_VLinkReceipt/pre_STX' is: '<STX>Mlz7EUC7b1OO                  12126665            0  Transaction approved, no errors                   0                                                                                  Y 901103617<ETX>'

2023-02-15 22:10:55 - [MESSAGE][PASSED] - Text of object 'Object Repository/Page_VLinkReceipt/pre_STX' is: '<STX>Mlz7EUC7b1OO                  12126665            0  Transaction approved, no errors                   0                                                                                  Y 901103617<ETX>'

2023-02-15 22:10:55 - [TEST_STEP][PASSED] - out.println("sdfo: " + sdfo): null

2023-02-15 22:10:55 - [TEST_STEP][PASSED] - remID = substring(5, 35).trim(): null

2023-02-15 22:10:55 - [TEST_STEP][PASSED] - out.println("remID: " + remID): null

2023-02-15 22:10:55 - [TEST_STEP][PASSED] - traxID = substring(35, 55).trim(): null

2023-02-15 22:10:55 - [TEST_STEP][PASSED] - out.println("traxID: " + traxID): null

2023-02-15 22:10:55 - [TEST_STEP][PASSED] - VLinkSaleRemID = remID: null

2023-02-15 22:10:55 - [TEST_STEP][PASSED] - VLinkSaleTranxID = traxID: null

2023-02-15 22:10:55 - [TEST_STEP][PASSED] - openBrowser(VLinkURL + "capture.html"): Browser is opened with url: 'https://dev-algorithm.govolution.com/vlinktest/QA/version_2_0/capture.html'

2023-02-15 22:10:55 - [MESSAGE][WARNING] - A browser is already opened. Closing browser and opening a new one

2023-02-15 22:10:56 - [MESSAGE][INFO] - Starting 'Chrome' driver

2023-02-15 22:10:56 - [MESSAGE][INFO] - User set preference: ['acceptInsecureCerts', 'true']

2023-02-15 22:10:56 - [MESSAGE][INFO] - Action delay is set to 0 milliseconds

2023-02-15 22:10:58 - [MESSAGE][PASSED] - Browser is opened with url: 'https://dev-algorithm.govolution.com/vlinktest/QA/version_2_0/capture.html'

2023-02-15 22:10:58 - [TEST_STEP][PASSED] - maximizeWindow(): Current window maximized

2023-02-15 22:10:58 - [MESSAGE][PASSED] - Current window maximized

2023-02-15 22:10:58 - [TEST_STEP][PASSED] - setText(findTestObject("Object Repository/RecAndPlayBk/Page-VLink-Capture/input_Remittance Id_remittance_id"), VLinkSaleRemID): Text 'Mlz7EUC7b1OO' is set on object 'Object Repository/RecAndPlayBk/Page-VLink-Capture/input_Remittance Id_remittance_id'

2023-02-15 22:10:59 - [MESSAGE][PASSED] - Text 'Mlz7EUC7b1OO' is set on object 'Object Repository/RecAndPlayBk/Page-VLink-Capture/input_Remittance Id_remittance_id'

2023-02-15 22:10:59 - [TEST_STEP][PASSED] - setText(findTestObject("Object Repository/RecAndPlayBk/Page-VLink-Capture/input_Application Id_application_id"), appID): Text '234' is set on object 'Object Repository/RecAndPlayBk/Page-VLink-Capture/input_Application Id_application_id'

2023-02-15 22:10:59 - [MESSAGE][PASSED] - Text '234' is set on object 'Object Repository/RecAndPlayBk/Page-VLink-Capture/input_Application Id_application_id'

2023-02-15 22:10:59 - [TEST_STEP][PASSED] - setText(findTestObject("Object Repository/RecAndPlayBk/Page-VLink-Capture/input_Username_username"), username): Text 'username' is set on object 'Object Repository/RecAndPlayBk/Page-VLink-Capture/input_Username_username'

2023-02-15 22:11:00 - [MESSAGE][PASSED] - Text 'username' is set on object 'Object Repository/RecAndPlayBk/Page-VLink-Capture/input_Username_username'

2023-02-15 22:11:00 - [TEST_STEP][PASSED] - setText(findTestObject("Object Repository/RecAndPlayBk/Page-VLink-Capture/input_Password_password"), password): Text 'password' is set on object 'Object Repository/RecAndPlayBk/Page-VLink-Capture/input_Password_password'

2023-02-15 22:11:01 - [MESSAGE][PASSED] - Text 'password' is set on object 'Object Repository/RecAndPlayBk/Page-VLink-Capture/input_Password_password'

2023-02-15 22:11:01 - [TEST_STEP][PASSED] - setText(findTestObject("Object Repository/RecAndPlayBk/Page-VLink-Capture/input_Transaction ID_transaction_id"), VLinkSaleTranxID): Text '12126665' is set on object 'Object Repository/RecAndPlayBk/Page-VLink-Capture/input_Transaction ID_transaction_id'

2023-02-15 22:11:01 - [MESSAGE][PASSED] - Text '12126665' is set on object 'Object Repository/RecAndPlayBk/Page-VLink-Capture/input_Transaction ID_transaction_id'

2023-02-15 22:11:01 - [TEST_STEP][PASSED] - setText(findTestObject("Object Repository/RecAndPlayBk/Page-VLink-Capture/input_Amount_amount"), amount): Text '10.5' is set on object 'Object Repository/RecAndPlayBk/Page-VLink-Capture/input_Amount_amount'

2023-02-15 22:11:02 - [MESSAGE][PASSED] - Text '10.5' is set on object 'Object Repository/RecAndPlayBk/Page-VLink-Capture/input_Amount_amount'

2023-02-15 22:11:02 - [TEST_STEP][PASSED] - click(findTestObject("Object Repository/RecAndPlayBk/Page-VLink-Capture/input")): Object: 'Object Repository/RecAndPlayBk/Page-VLink-Capture/input' is clicked on

2023-02-15 22:11:03 - [MESSAGE][PASSED] - Object: 'Object Repository/RecAndPlayBk/Page-VLink-Capture/input' is clicked on

2023-02-15 22:11:03 - [TEST_STEP][PASSED] - if (verifyTextPresent("Transaction approved, no errors", true)): null

2023-02-15 22:11:03 - [MESSAGE][PASSED] - Text 'Transaction approved, no errors' is present on page  using regular expression

2023-02-15 22:11:03 - [TEST_STEP][PASSED] - sdfo = getText(findTestObject("Object Repository/Page_VLinkReceipt/pre_STX")): Text of object 'Object Repository/Page_VLinkReceipt/pre_STX' is: '<STX>Mlz7EUC7b1OO                  12126666            0  Transaction approved, no errors                   0                                                                                  Y 901103617<ETX>'

2023-02-15 22:11:04 - [MESSAGE][PASSED] - Text of object 'Object Repository/Page_VLinkReceipt/pre_STX' is: '<STX>Mlz7EUC7b1OO                  12126666            0  Transaction approved, no errors                   0                                                                                  Y 901103617<ETX>'

2023-02-15 22:11:04 - [TEST_STEP][PASSED] - out.println("sdfo: " + sdfo): null

2023-02-15 22:11:04 - [TEST_STEP][PASSED] - remID = substring(5, 35).trim(): null

2023-02-15 22:11:04 - [TEST_STEP][PASSED] - out.println("remID: " + remID): null

2023-02-15 22:11:04 - [TEST_STEP][PASSED] - traxID = substring(35, 55).trim(): null

2023-02-15 22:11:04 - [TEST_STEP][PASSED] - out.println("traxID: " + traxID): null

2023-02-15 22:11:04 - [TEST_STEP][PASSED] - VLinkSaleRemID = remID: null

2023-02-15 22:11:04 - [TEST_STEP][PASSED] - VLinkSaleTranxID = traxID: null

2023-02-15 22:11:04 - [TEST_STEP][PASSED] - openBrowser(VLinkURL + "CC_void.html"): Browser is opened with url: 'https://dev-algorithm.govolution.com/vlinktest/QA/version_2_0/CC_void.html'

2023-02-15 22:11:04 - [MESSAGE][WARNING] - A browser is already opened. Closing browser and opening a new one

2023-02-15 22:11:04 - [MESSAGE][INFO] - Starting 'Chrome' driver

2023-02-15 22:11:04 - [MESSAGE][INFO] - User set preference: ['acceptInsecureCerts', 'true']

2023-02-15 22:11:04 - [MESSAGE][INFO] - Action delay is set to 0 milliseconds

2023-02-15 22:11:06 - [MESSAGE][PASSED] - Browser is opened with url: 'https://dev-algorithm.govolution.com/vlinktest/QA/version_2_0/CC_void.html'

2023-02-15 22:11:06 - [TEST_STEP][PASSED] - maximizeWindow(): Current window maximized

2023-02-15 22:11:06 - [MESSAGE][PASSED] - Current window maximized

2023-02-15 22:11:06 - [TEST_STEP][PASSED] - setText(findTestObject("Object Repository/RecAndPlayBk/Page-Vlink-CC-Void/txt_RemID"), VLinkSaleRemID): Text 'Mlz7EUC7b1OO' is set on object 'Object Repository/RecAndPlayBk/Page-Vlink-CC-Void/txt_RemID'

2023-02-15 22:11:07 - [MESSAGE][PASSED] - Text 'Mlz7EUC7b1OO' is set on object 'Object Repository/RecAndPlayBk/Page-Vlink-CC-Void/txt_RemID'

2023-02-15 22:11:07 - [TEST_STEP][PASSED] - setText(findTestObject("Object Repository/RecAndPlayBk/Page-Vlink-CC-Void/txt_ApplicationID"), appID): Text '234' is set on object 'Object Repository/RecAndPlayBk/Page-Vlink-CC-Void/txt_ApplicationID'

2023-02-15 22:11:08 - [MESSAGE][PASSED] - Text '234' is set on object 'Object Repository/RecAndPlayBk/Page-Vlink-CC-Void/txt_ApplicationID'

2023-02-15 22:11:08 - [TEST_STEP][PASSED] - setText(findTestObject("Object Repository/RecAndPlayBk/Page-Vlink-CC-Void/txt_Username"), username): Text 'username' is set on object 'Object Repository/RecAndPlayBk/Page-Vlink-CC-Void/txt_Username'

2023-02-15 22:11:08 - [MESSAGE][PASSED] - Text 'username' is set on object 'Object Repository/RecAndPlayBk/Page-Vlink-CC-Void/txt_Username'

2023-02-15 22:11:08 - [TEST_STEP][PASSED] - setText(findTestObject("Object Repository/RecAndPlayBk/Page-Vlink-CC-Void/txt_Password"), password): Text 'password' is set on object 'Object Repository/RecAndPlayBk/Page-Vlink-CC-Void/txt_Password'

2023-02-15 22:11:09 - [MESSAGE][PASSED] - Text 'password' is set on object 'Object Repository/RecAndPlayBk/Page-Vlink-CC-Void/txt_Password'

2023-02-15 22:11:09 - [TEST_STEP][PASSED] - setText(findTestObject("Object Repository/RecAndPlayBk/Page-Vlink-CC-Void/txt_TransactionID"), VLinkSaleTranxID): Text '12126666' is set on object 'Object Repository/RecAndPlayBk/Page-Vlink-CC-Void/txt_TransactionID'

2023-02-15 22:11:10 - [MESSAGE][PASSED] - Text '12126666' is set on object 'Object Repository/RecAndPlayBk/Page-Vlink-CC-Void/txt_TransactionID'

2023-02-15 22:11:10 - [TEST_STEP][PASSED] - setText(findTestObject("Object Repository/RecAndPlayBk/Page-Vlink-CC-Void/txt_OriginalTransactionType"), "102"): Text '102' is set on object 'Object Repository/RecAndPlayBk/Page-Vlink-CC-Void/txt_OriginalTransactionType'

2023-02-15 22:11:10 - [MESSAGE][PASSED] - Text '102' is set on object 'Object Repository/RecAndPlayBk/Page-Vlink-CC-Void/txt_OriginalTransactionType'

2023-02-15 22:11:10 - [TEST_STEP][PASSED] - setText(findTestObject("Object Repository/RecAndPlayBk/Page-Vlink-CC-Void/txt_TrackData"), ""): Text '' is set on object 'Object Repository/RecAndPlayBk/Page-Vlink-CC-Void/txt_TrackData'

2023-02-15 22:11:11 - [MESSAGE][PASSED] - Text '' is set on object 'Object Repository/RecAndPlayBk/Page-Vlink-CC-Void/txt_TrackData'

2023-02-15 22:11:11 - [TEST_STEP][PASSED] - click(findTestObject("Object Repository/RecAndPlayBk/Page-Vlink-CC-Void/btn_ProcessVLinkTransaction")): Object: 'Object Repository/RecAndPlayBk/Page-Vlink-CC-Void/btn_ProcessVLinkTransaction' is clicked on

2023-02-15 22:11:12 - [MESSAGE][PASSED] - Object: 'Object Repository/RecAndPlayBk/Page-Vlink-CC-Void/btn_ProcessVLinkTransaction' is clicked on

2023-02-15 22:11:12 - [TEST_STEP][PASSED] - if (verifyTextPresent("Transaction approved, no errors", true)): null

2023-02-15 22:11:12 - [MESSAGE][PASSED] - Text 'Transaction approved, no errors' is present on page  using regular expression

2023-02-15 22:11:12 - [TEST_STEP][PASSED] - println("Transaction Approved, no errors text is present on the Confirmation page"): null

2023-02-15 22:11:12 - [TEST_STEP][PASSED] - out.println("Pass Record Number: " + row): null

2023-02-15 22:11:12 - [TEST_STEP][PASSED] - resText = "Pass": null

2023-02-15 22:11:12 - [TEST_STEP][PASSED] - pages.WriteExcel.demoKey(resText, datText, resColumn, datCloumn, fileLoc, nameSheet, row): pages.WriteExcel.demoKey is PASSED

2023-02-15 22:11:13 - [MESSAGE][PASSED] - pages.WriteExcel.demoKey is PASSED

2023-02-15 22:11:13 - [TEST_STEP][PASSED] - ExecuteTC = findTestData(dataFile).getValue("Execute", row): null

2023-02-15 22:11:13 - [TEST_STEP][PASSED] - out.println("Value of Execute is : " + ExecuteTC): null

2023-02-15 22:11:13 - [TEST_STEP][PASSED] - switch (executionProfile): null

2023-02-15 22:11:13 - [TEST_STEP][PASSED] - case "QAProfile":: null

2023-02-15 22:11:13 - [TEST_STEP][PASSED] - appID = findTestData(dataFile).getValue("AppIDQA", row): null

2023-02-15 22:11:13 - [TEST_STEP][PASSED] - username = findTestData(dataFile).getValue("UsernameQA", row): null

2023-02-15 22:11:13 - [TEST_STEP][PASSED] - password = findTestData(dataFile).getValue("PasswordQA", row): null

2023-02-15 22:11:13 - [TEST_STEP][PASSED] - break: null

2023-02-15 22:11:13 - [TEST_STEP][FAILED] - if (ExecuteTC.equalsIgnoreCase("Y")): null

2023-02-15 22:11:13 - [TEST_STEP][PASSED] - out.println("Begin Record Number: " + row): null

2023-02-15 22:11:13 - [TEST_STEP][PASSED] - today = new java.util.Date(): null

2023-02-15 22:11:13 - [TEST_STEP][PASSED] - println(today): null

2023-02-15 22:11:13 - [TEST_STEP][PASSED] - datText = today: null

2023-02-15 22:11:13 - [TEST_STEP][PASSED] - category = findTestData(dataFile).getValue("Category", row): null

2023-02-15 22:11:13 - [TEST_STEP][PASSED] - amount = findTestData(dataFile).getValue("Amount", row): null

2023-02-15 22:11:13 - [TEST_STEP][PASSED] - cardNumber = findTestData(dataFile).getValue("CardNumber", row): null

2023-02-15 22:11:13 - [TEST_STEP][PASSED] - exM = findTestData(dataFile).getValue("ExM", row): null

2023-02-15 22:11:13 - [TEST_STEP][PASSED] - exY = findTestData(dataFile).getValue("ExY", row): null

2023-02-15 22:11:13 - [TEST_STEP][PASSED] - openBrowser(VLinkURL + "auth.html"): Browser is opened with url: 'https://dev-algorithm.govolution.com/vlinktest/QA/version_2_0/auth.html'

2023-02-15 22:11:13 - [MESSAGE][WARNING] - A browser is already opened. Closing browser and opening a new one

2023-02-15 22:11:14 - [MESSAGE][INFO] - Starting 'Chrome' driver

2023-02-15 22:11:14 - [MESSAGE][INFO] - User set preference: ['acceptInsecureCerts', 'true']

2023-02-15 22:11:14 - [MESSAGE][INFO] - Action delay is set to 0 milliseconds

2023-02-15 22:11:16 - [MESSAGE][PASSED] - Browser is opened with url: 'https://dev-algorithm.govolution.com/vlinktest/QA/version_2_0/auth.html'

2023-02-15 22:11:16 - [TEST_STEP][PASSED] - maximizeWindow(): Current window maximized

2023-02-15 22:11:16 - [MESSAGE][PASSED] - Current window maximized

2023-02-15 22:11:16 - [TEST_STEP][PASSED] - genRemID = RandomStringUtils.random(12, true, true): null

2023-02-15 22:11:16 - [TEST_STEP][PASSED] - setText(findTestObject("Object Repository/RecAndPlayBk/Page-Vlink-AuthOnly/input_Remittance Id_remittance_id"), genRemID): Text 'zvzqKNO8DcAm' is set on object 'Object Repository/RecAndPlayBk/Page-Vlink-AuthOnly/input_Remittance Id_remittance_id'

2023-02-15 22:11:17 - [MESSAGE][PASSED] - Text 'zvzqKNO8DcAm' is set on object 'Object Repository/RecAndPlayBk/Page-Vlink-AuthOnly/input_Remittance Id_remittance_id'

2023-02-15 22:11:17 - [TEST_STEP][PASSED] - setText(findTestObject("Object Repository/RecAndPlayBk/Page-Vlink-AuthOnly/input_Application Id_application_id"), appID): Text '234' is set on object 'Object Repository/RecAndPlayBk/Page-Vlink-AuthOnly/input_Application Id_application_id'

2023-02-15 22:11:18 - [MESSAGE][PASSED] - Text '234' is set on object 'Object Repository/RecAndPlayBk/Page-Vlink-AuthOnly/input_Application Id_application_id'

2023-02-15 22:11:18 - [TEST_STEP][PASSED] - setText(findTestObject("Object Repository/RecAndPlayBk/Page-Vlink-AuthOnly/input_Username_username"), username): Text 'username' is set on object 'Object Repository/RecAndPlayBk/Page-Vlink-AuthOnly/input_Username_username'

2023-02-15 22:11:19 - [MESSAGE][PASSED] - Text 'username' is set on object 'Object Repository/RecAndPlayBk/Page-Vlink-AuthOnly/input_Username_username'

2023-02-15 22:11:19 - [TEST_STEP][PASSED] - setText(findTestObject("Object Repository/RecAndPlayBk/Page-Vlink-AuthOnly/input_Password_password"), password): Text 'password' is set on object 'Object Repository/RecAndPlayBk/Page-Vlink-AuthOnly/input_Password_password'

2023-02-15 22:11:19 - [MESSAGE][PASSED] - Text 'password' is set on object 'Object Repository/RecAndPlayBk/Page-Vlink-AuthOnly/input_Password_password'

2023-02-15 22:11:19 - [TEST_STEP][PASSED] - setText(findTestObject("Object Repository/RecAndPlayBk/Page-Vlink-AuthOnly/input_Category_category"), category): Text 'RETL' is set on object 'Object Repository/RecAndPlayBk/Page-Vlink-AuthOnly/input_Category_category'

2023-02-15 22:11:20 - [MESSAGE][PASSED] - Text 'RETL' is set on object 'Object Repository/RecAndPlayBk/Page-Vlink-AuthOnly/input_Category_category'

2023-02-15 22:11:20 - [TEST_STEP][PASSED] - setText(findTestObject("Object Repository/RecAndPlayBk/Page-Vlink-AuthOnly/input_Amount_amount"), amount): Text '10.5' is set on object 'Object Repository/RecAndPlayBk/Page-Vlink-AuthOnly/input_Amount_amount'

2023-02-15 22:11:20 - [MESSAGE][PASSED] - Text '10.5' is set on object 'Object Repository/RecAndPlayBk/Page-Vlink-AuthOnly/input_Amount_amount'

2023-02-15 22:11:20 - [TEST_STEP][PASSED] - doubleClick(findTestObject("Object Repository/RecAndPlayBk/Page-Vlink-AuthOnly/input_Card number_card_number")): Object: 'Object Repository/RecAndPlayBk/Page-Vlink-AuthOnly/input_Card number_card_number' is double clicked on

2023-02-15 22:11:21 - [MESSAGE][PASSED] - Object: 'Object Repository/RecAndPlayBk/Page-Vlink-AuthOnly/input_Card number_card_number' is double clicked on

2023-02-15 22:11:21 - [TEST_STEP][PASSED] - setText(findTestObject("Object Repository/RecAndPlayBk/Page-Vlink-AuthOnly/input_Card number_card_number"), cardNumber): Text '370000000000002' is set on object 'Object Repository/RecAndPlayBk/Page-Vlink-AuthOnly/input_Card number_card_number'

2023-02-15 22:11:21 - [MESSAGE][PASSED] - Text '370000000000002' is set on object 'Object Repository/RecAndPlayBk/Page-Vlink-AuthOnly/input_Card number_card_number'

2023-02-15 22:11:21 - [TEST_STEP][PASSED] - setText(findTestObject("Object Repository/RecAndPlayBk/Page-Vlink-AuthOnly/input_Card ex month_card_exmo"), exM): Text '12' is set on object 'Object Repository/RecAndPlayBk/Page-Vlink-AuthOnly/input_Card ex month_card_exmo'

2023-02-15 22:11:22 - [MESSAGE][PASSED] - Text '12' is set on object 'Object Repository/RecAndPlayBk/Page-Vlink-AuthOnly/input_Card ex month_card_exmo'

2023-02-15 22:11:22 - [TEST_STEP][PASSED] - setText(findTestObject("Object Repository/RecAndPlayBk/Page-Vlink-AuthOnly/input_Card ex year_card_exyr"), exY): Text '2029' is set on object 'Object Repository/RecAndPlayBk/Page-Vlink-AuthOnly/input_Card ex year_card_exyr'

2023-02-15 22:11:23 - [MESSAGE][PASSED] - Text '2029' is set on object 'Object Repository/RecAndPlayBk/Page-Vlink-AuthOnly/input_Card ex year_card_exyr'

2023-02-15 22:11:23 - [TEST_STEP][PASSED] - click(findTestObject("Object Repository/RecAndPlayBk/Page-Vlink-AuthOnly/input_Track Data_track_data")): Object: 'Object Repository/RecAndPlayBk/Page-Vlink-AuthOnly/input_Track Data_track_data' is clicked on

2023-02-15 22:11:23 - [MESSAGE][PASSED] - Object: 'Object Repository/RecAndPlayBk/Page-Vlink-AuthOnly/input_Track Data_track_data' is clicked on

2023-02-15 22:11:23 - [TEST_STEP][PASSED] - click(findTestObject("Object Repository/RecAndPlayBk/Page-Vlink-AuthOnly/input_CVV state_cvv_state")): Object: 'Object Repository/RecAndPlayBk/Page-Vlink-AuthOnly/input_CVV state_cvv_state' is clicked on

2023-02-15 22:11:23 - [MESSAGE][PASSED] - Object: 'Object Repository/RecAndPlayBk/Page-Vlink-AuthOnly/input_CVV state_cvv_state' is clicked on

2023-02-15 22:11:23 - [TEST_STEP][PASSED] - setText(findTestObject("Object Repository/RecAndPlayBk/Page-Vlink-AuthOnly/input_Track Data_track_data"), ""): Text '' is set on object 'Object Repository/RecAndPlayBk/Page-Vlink-AuthOnly/input_Track Data_track_data'

2023-02-15 22:11:24 - [MESSAGE][PASSED] - Text '' is set on object 'Object Repository/RecAndPlayBk/Page-Vlink-AuthOnly/input_Track Data_track_data'

2023-02-15 22:11:24 - [TEST_STEP][PASSED] - setText(findTestObject("Object Repository/RecAndPlayBk/Page-Vlink-AuthOnly/input_concat(Cardholder, , s email)_email"), ""): Text '' is set on object 'Object Repository/RecAndPlayBk/Page-Vlink-AuthOnly/input_concat(Cardholder, , s email)_email'

2023-02-15 22:11:24 - [MESSAGE][PASSED] - Text '' is set on object 'Object Repository/RecAndPlayBk/Page-Vlink-AuthOnly/input_concat(Cardholder, , s email)_email'

2023-02-15 22:11:24 - [TEST_STEP][PASSED] - click(findTestObject("Object Repository/RecAndPlayBk/Page-Vlink-AuthOnly/input_user_defined10_user_defined10")): Object: 'Object Repository/RecAndPlayBk/Page-Vlink-AuthOnly/input_user_defined10_user_defined10' is clicked on

2023-02-15 22:11:25 - [MESSAGE][PASSED] - Object: 'Object Repository/RecAndPlayBk/Page-Vlink-AuthOnly/input_user_defined10_user_defined10' is clicked on

2023-02-15 22:11:25 - [TEST_STEP][PASSED] - if (executionProfile.equalsIgnoreCase("QAProfile")): Text '' is set on object 'Object Repository/RecAndPlayBk/Page-Vlink-AuthOnly/input_COF Transaction Initiated by_cof_tran_6cded5'

2023-02-15 22:11:25 - [TEST_STEP][PASSED] - setText(findTestObject("Object Repository/RecAndPlayBk/Page-Vlink-AuthOnly/input_Card on File Indicator_card_on_file_i_157dae"), ""): Text '' is set on object 'Object Repository/RecAndPlayBk/Page-Vlink-AuthOnly/input_Card on File Indicator_card_on_file_i_157dae'

2023-02-15 22:11:26 - [MESSAGE][PASSED] - Text '' is set on object 'Object Repository/RecAndPlayBk/Page-Vlink-AuthOnly/input_Card on File Indicator_card_on_file_i_157dae'

2023-02-15 22:11:26 - [TEST_STEP][PASSED] - setText(findTestObject("Object Repository/RecAndPlayBk/Page-Vlink-AuthOnly/input_Stored Credential Indicator_stored_cr_4ae73c"), ""): Text '' is set on object 'Object Repository/RecAndPlayBk/Page-Vlink-AuthOnly/input_Stored Credential Indicator_stored_cr_4ae73c'

2023-02-15 22:11:26 - [MESSAGE][PASSED] - Text '' is set on object 'Object Repository/RecAndPlayBk/Page-Vlink-AuthOnly/input_Stored Credential Indicator_stored_cr_4ae73c'

2023-02-15 22:11:26 - [TEST_STEP][PASSED] - setText(findTestObject("Object Repository/RecAndPlayBk/Page-Vlink-AuthOnly/input_COF Scheduled indicator_cof_scheduled_8df7d8"), ""): Text '' is set on object 'Object Repository/RecAndPlayBk/Page-Vlink-AuthOnly/input_COF Scheduled indicator_cof_scheduled_8df7d8'

2023-02-15 22:11:27 - [MESSAGE][PASSED] - Text '' is set on object 'Object Repository/RecAndPlayBk/Page-Vlink-AuthOnly/input_COF Scheduled indicator_cof_scheduled_8df7d8'

2023-02-15 22:11:27 - [TEST_STEP][PASSED] - setText(findTestObject("Object Repository/RecAndPlayBk/Page-Vlink-AuthOnly/input_COF Transaction Initiated by_cof_tran_6cded5"), ""): Text '' is set on object 'Object Repository/RecAndPlayBk/Page-Vlink-AuthOnly/input_COF Transaction Initiated by_cof_tran_6cded5'

2023-02-15 22:11:28 - [MESSAGE][PASSED] - Text '' is set on object 'Object Repository/RecAndPlayBk/Page-Vlink-AuthOnly/input_COF Transaction Initiated by_cof_tran_6cded5'

2023-02-15 22:11:28 - [TEST_STEP][PASSED] - click(findTestObject("Object Repository/RecAndPlayBk/Page-Vlink-AuthOnly/input")): Object: 'Object Repository/RecAndPlayBk/Page-Vlink-AuthOnly/input' is clicked on

2023-02-15 22:11:28 - [MESSAGE][PASSED] - Object: 'Object Repository/RecAndPlayBk/Page-Vlink-AuthOnly/input' is clicked on

2023-02-15 22:11:28 - [TEST_STEP][FAILED] - if (verifyTextPresent("Transaction approved, no errors", true)): Text 'Transaction approved, no errors' is not present on page  using regular expression (Root cause: com.kms.katalon.core.exception.StepFailedException: Text 'Transaction approved, no errors' is not present on page  using regular expression
	at com.kms.katalon.core.webui.keyword.internal.WebUIKeywordMain.stepFailed(WebUIKeywordMain.groovy:64)
	at com.kms.katalon.core.webui.keyword.builtin.VerifyTextPresentKeyword$_verifyTextPresent_closure1.doCall(VerifyTextPresentKeyword.groovy:79)
	at com.kms.katalon.core.webui.keyword.builtin.VerifyTextPresentKeyword$_verifyTextPresent_closure1.call(VerifyTextPresentKeyword.groovy)
	at com.kms.katalon.core.webui.keyword.internal.WebUIKeywordMain.runKeyword(WebUIKeywordMain.groovy:20)
	at com.kms.katalon.core.webui.keyword.builtin.VerifyTextPresentKeyword.verifyTextPresent(VerifyTextPresentKeyword.groovy:83)
	at com.kms.katalon.core.webui.keyword.builtin.VerifyTextPresentKeyword.execute(VerifyTextPresentKeyword.groovy:68)
	at com.kms.katalon.core.keyword.internal.KeywordExecutor.executeKeywordForPlatform(KeywordExecutor.groovy:74)
	at com.kms.katalon.core.webui.keyword.WebUiBuiltInKeywords.verifyTextPresent(WebUiBuiltInKeywords.groovy:1723)
	at com.kms.katalon.core.webui.keyword.WebUiBuiltInKeywords$verifyTextPresent$4.call(Unknown Source)
	at Auth-Cap-Void.run(Auth-Cap-Void:161)
	at com.kms.katalon.core.main.ScriptEngine.run(ScriptEngine.java:194)
	at com.kms.katalon.core.main.ScriptEngine.runScriptAsRawText(ScriptEngine.java:119)
	at com.kms.katalon.core.main.TestCaseExecutor.runScript(TestCaseExecutor.java:442)
	at com.kms.katalon.core.main.TestCaseExecutor.doExecute(TestCaseExecutor.java:433)
	at com.kms.katalon.core.main.TestCaseExecutor.processExecutionPhase(TestCaseExecutor.java:412)
	at com.kms.katalon.core.main.TestCaseExecutor.accessMainPhase(TestCaseExecutor.java:404)
	at com.kms.katalon.core.main.TestCaseExecutor.execute(TestCaseExecutor.java:281)
	at com.kms.katalon.core.main.TestSuiteExecutor.accessTestCaseMainPhase(TestSuiteExecutor.java:202)
	at com.kms.katalon.core.main.TestSuiteExecutor.accessTestSuiteMainPhase(TestSuiteExecutor.java:164)
	at com.kms.katalon.core.main.TestSuiteExecutor.execute(TestSuiteExecutor.java:105)
	at com.kms.katalon.core.main.TestCaseMain.startTestSuite(TestCaseMain.java:185)
	at com.kms.katalon.core.main.TestCaseMain$startTestSuite$0.call(Unknown Source)
	at TempTestSuite1676515943031.run(TempTestSuite1676515943031.groovy:36)
)

2023-02-15 22:11:29 - [MESSAGE][FAILED] - Text 'Transaction approved, no errors' is not present on page  using regular expression (Root cause: com.kms.katalon.core.exception.StepFailedException: Text 'Transaction approved, no errors' is not present on page  using regular expression
	at com.kms.katalon.core.webui.keyword.internal.WebUIKeywordMain.stepFailed(WebUIKeywordMain.groovy:64)
	at com.kms.katalon.core.webui.keyword.builtin.VerifyTextPresentKeyword$_verifyTextPresent_closure1.doCall(VerifyTextPresentKeyword.groovy:79)
	at com.kms.katalon.core.webui.keyword.builtin.VerifyTextPresentKeyword$_verifyTextPresent_closure1.call(VerifyTextPresentKeyword.groovy)
	at com.kms.katalon.core.webui.keyword.internal.WebUIKeywordMain.runKeyword(WebUIKeywordMain.groovy:20)
	at com.kms.katalon.core.webui.keyword.builtin.VerifyTextPresentKeyword.verifyTextPresent(VerifyTextPresentKeyword.groovy:83)
	at com.kms.katalon.core.webui.keyword.builtin.VerifyTextPresentKeyword.execute(VerifyTextPresentKeyword.groovy:68)
	at com.kms.katalon.core.keyword.internal.KeywordExecutor.executeKeywordForPlatform(KeywordExecutor.groovy:74)
	at com.kms.katalon.core.webui.keyword.WebUiBuiltInKeywords.verifyTextPresent(WebUiBuiltInKeywords.groovy:1723)
	at com.kms.katalon.core.webui.keyword.WebUiBuiltInKeywords$verifyTextPresent$4.call(Unknown Source)
	at Auth-Cap-Void.run(Auth-Cap-Void:161)
	at com.kms.katalon.core.main.ScriptEngine.run(ScriptEngine.java:194)
	at com.kms.katalon.core.main.ScriptEngine.runScriptAsRawText(ScriptEngine.java:119)
	at com.kms.katalon.core.main.TestCaseExecutor.runScript(TestCaseExecutor.java:442)
	at com.kms.katalon.core.main.TestCaseExecutor.doExecute(TestCaseExecutor.java:433)
	at com.kms.katalon.core.main.TestCaseExecutor.processExecutionPhase(TestCaseExecutor.java:412)
	at com.kms.katalon.core.main.TestCaseExecutor.accessMainPhase(TestCaseExecutor.java:404)
	at com.kms.katalon.core.main.TestCaseExecutor.execute(TestCaseExecutor.java:281)
	at com.kms.katalon.core.main.TestSuiteExecutor.accessTestCaseMainPhase(TestSuiteExecutor.java:202)
	at com.kms.katalon.core.main.TestSuiteExecutor.accessTestSuiteMainPhase(TestSuiteExecutor.java:164)
	at com.kms.katalon.core.main.TestSuiteExecutor.execute(TestSuiteExecutor.java:105)
	at com.kms.katalon.core.main.TestCaseMain.startTestSuite(TestCaseMain.java:185)
	at com.kms.katalon.core.main.TestCaseMain$startTestSuite$0.call(Unknown Source)
	at TempTestSuite1676515943031.run(TempTestSuite1676515943031.groovy:36)
)

2023-02-15 22:11:29 - [TEST_STEP][PASSED] - else: pages.WriteExcel.demoKey is PASSED

2023-02-15 22:11:29 - [TEST_STEP][PASSED] - out.println("Auth was not successful, Dont Capture"): null

2023-02-15 22:11:29 - [TEST_STEP][PASSED] - println("Transaction Approved, no errors text is not present on the Confirmation page"): null

2023-02-15 22:11:29 - [TEST_STEP][PASSED] - out.println("Fail Record Number: " + row): null

2023-02-15 22:11:29 - [TEST_STEP][PASSED] - resText = "Fail": null

2023-02-15 22:11:29 - [TEST_STEP][PASSED] - pages.WriteExcel.demoKey(resText, datText, resColumn, datCloumn, fileLoc, nameSheet, row): pages.WriteExcel.demoKey is PASSED

2023-02-15 22:11:29 - [MESSAGE][PASSED] - pages.WriteExcel.demoKey is PASSED

2023-02-15 22:11:29 - [TEST_STEP][PASSED] - ExecuteTC = findTestData(dataFile).getValue("Execute", row): null

2023-02-15 22:11:29 - [TEST_STEP][PASSED] - out.println("Value of Execute is : " + ExecuteTC): null

2023-02-15 22:11:29 - [TEST_STEP][PASSED] - switch (executionProfile): null

2023-02-15 22:11:29 - [TEST_STEP][PASSED] - case "QAProfile":: null

2023-02-15 22:11:29 - [TEST_STEP][PASSED] - appID = findTestData(dataFile).getValue("AppIDQA", row): null

2023-02-15 22:11:29 - [TEST_STEP][PASSED] - username = findTestData(dataFile).getValue("UsernameQA", row): null

2023-02-15 22:11:29 - [TEST_STEP][PASSED] - password = findTestData(dataFile).getValue("PasswordQA", row): null

2023-02-15 22:11:29 - [TEST_STEP][PASSED] - break: null

2023-02-15 22:11:29 - [TEST_STEP][PASSED] - if (ExecuteTC.equalsIgnoreCase("Y")): null

2023-02-15 22:11:29 - [TEST_STEP][PASSED] - out.println("Begin Record Number: " + row): null

2023-02-15 22:11:29 - [TEST_STEP][PASSED] - today = new java.util.Date(): null

2023-02-15 22:11:29 - [TEST_STEP][PASSED] - println(today): null

2023-02-15 22:11:29 - [TEST_STEP][PASSED] - datText = today: null

2023-02-15 22:11:29 - [TEST_STEP][PASSED] - category = findTestData(dataFile).getValue("Category", row): null

2023-02-15 22:11:30 - [TEST_STEP][PASSED] - amount = findTestData(dataFile).getValue("Amount", row): null

2023-02-15 22:11:30 - [TEST_STEP][PASSED] - cardNumber = findTestData(dataFile).getValue("CardNumber", row): null

2023-02-15 22:11:30 - [TEST_STEP][PASSED] - exM = findTestData(dataFile).getValue("ExM", row): null

2023-02-15 22:11:30 - [TEST_STEP][PASSED] - exY = findTestData(dataFile).getValue("ExY", row): null

2023-02-15 22:11:31 - [TEST_STEP][PASSED] - openBrowser(VLinkURL + "auth.html"): Browser is opened with url: 'https://dev-algorithm.govolution.com/vlinktest/QA/version_2_0/auth.html'

2023-02-15 22:11:31 - [MESSAGE][WARNING] - A browser is already opened. Closing browser and opening a new one

2023-02-15 22:11:32 - [MESSAGE][INFO] - Starting 'Chrome' driver

2023-02-15 22:11:32 - [MESSAGE][INFO] - User set preference: ['acceptInsecureCerts', 'true']

2023-02-15 22:11:32 - [MESSAGE][INFO] - Action delay is set to 0 milliseconds

2023-02-15 22:11:33 - [MESSAGE][PASSED] - Browser is opened with url: 'https://dev-algorithm.govolution.com/vlinktest/QA/version_2_0/auth.html'

2023-02-15 22:11:33 - [TEST_STEP][PASSED] - maximizeWindow(): Current window maximized

2023-02-15 22:11:34 - [MESSAGE][PASSED] - Current window maximized

2023-02-15 22:11:34 - [TEST_STEP][PASSED] - genRemID = RandomStringUtils.random(12, true, true): null

2023-02-15 22:11:34 - [TEST_STEP][PASSED] - setText(findTestObject("Object Repository/RecAndPlayBk/Page-Vlink-AuthOnly/input_Remittance Id_remittance_id"), genRemID): Text 'CGEeLcsSWb4x' is set on object 'Object Repository/RecAndPlayBk/Page-Vlink-AuthOnly/input_Remittance Id_remittance_id'

2023-02-15 22:11:34 - [MESSAGE][PASSED] - Text 'CGEeLcsSWb4x' is set on object 'Object Repository/RecAndPlayBk/Page-Vlink-AuthOnly/input_Remittance Id_remittance_id'

2023-02-15 22:11:34 - [TEST_STEP][PASSED] - setText(findTestObject("Object Repository/RecAndPlayBk/Page-Vlink-AuthOnly/input_Application Id_application_id"), appID): Text '87' is set on object 'Object Repository/RecAndPlayBk/Page-Vlink-AuthOnly/input_Application Id_application_id'

2023-02-15 22:11:35 - [MESSAGE][PASSED] - Text '87' is set on object 'Object Repository/RecAndPlayBk/Page-Vlink-AuthOnly/input_Application Id_application_id'

2023-02-15 22:11:35 - [TEST_STEP][PASSED] - setText(findTestObject("Object Repository/RecAndPlayBk/Page-Vlink-AuthOnly/input_Username_username"), username): Text 'username' is set on object 'Object Repository/RecAndPlayBk/Page-Vlink-AuthOnly/input_Username_username'

2023-02-15 22:11:36 - [MESSAGE][PASSED] - Text 'username' is set on object 'Object Repository/RecAndPlayBk/Page-Vlink-AuthOnly/input_Username_username'

2023-02-15 22:11:36 - [TEST_STEP][PASSED] - setText(findTestObject("Object Repository/RecAndPlayBk/Page-Vlink-AuthOnly/input_Password_password"), password): Text 'password' is set on object 'Object Repository/RecAndPlayBk/Page-Vlink-AuthOnly/input_Password_password'

2023-02-15 22:11:36 - [MESSAGE][PASSED] - Text 'password' is set on object 'Object Repository/RecAndPlayBk/Page-Vlink-AuthOnly/input_Password_password'

2023-02-15 22:11:36 - [TEST_STEP][PASSED] - setText(findTestObject("Object Repository/RecAndPlayBk/Page-Vlink-AuthOnly/input_Category_category"), category): Text 'ECOM' is set on object 'Object Repository/RecAndPlayBk/Page-Vlink-AuthOnly/input_Category_category'

2023-02-15 22:11:37 - [MESSAGE][PASSED] - Text 'ECOM' is set on object 'Object Repository/RecAndPlayBk/Page-Vlink-AuthOnly/input_Category_category'

2023-02-15 22:11:37 - [TEST_STEP][PASSED] - setText(findTestObject("Object Repository/RecAndPlayBk/Page-Vlink-AuthOnly/input_Amount_amount"), amount): Text '10.5' is set on object 'Object Repository/RecAndPlayBk/Page-Vlink-AuthOnly/input_Amount_amount'

2023-02-15 22:11:38 - [MESSAGE][PASSED] - Text '10.5' is set on object 'Object Repository/RecAndPlayBk/Page-Vlink-AuthOnly/input_Amount_amount'

2023-02-15 22:11:38 - [TEST_STEP][PASSED] - doubleClick(findTestObject("Object Repository/RecAndPlayBk/Page-Vlink-AuthOnly/input_Card number_card_number")): Object: 'Object Repository/RecAndPlayBk/Page-Vlink-AuthOnly/input_Card number_card_number' is double clicked on

2023-02-15 22:11:38 - [MESSAGE][PASSED] - Object: 'Object Repository/RecAndPlayBk/Page-Vlink-AuthOnly/input_Card number_card_number' is double clicked on

2023-02-15 22:11:38 - [TEST_STEP][PASSED] - setText(findTestObject("Object Repository/RecAndPlayBk/Page-Vlink-AuthOnly/input_Card number_card_number"), cardNumber): Text '4012000098765439' is set on object 'Object Repository/RecAndPlayBk/Page-Vlink-AuthOnly/input_Card number_card_number'

2023-02-15 22:11:39 - [MESSAGE][PASSED] - Text '4012000098765439' is set on object 'Object Repository/RecAndPlayBk/Page-Vlink-AuthOnly/input_Card number_card_number'

2023-02-15 22:11:39 - [TEST_STEP][PASSED] - setText(findTestObject("Object Repository/RecAndPlayBk/Page-Vlink-AuthOnly/input_Card ex month_card_exmo"), exM): Text '12' is set on object 'Object Repository/RecAndPlayBk/Page-Vlink-AuthOnly/input_Card ex month_card_exmo'

2023-02-15 22:11:39 - [MESSAGE][PASSED] - Text '12' is set on object 'Object Repository/RecAndPlayBk/Page-Vlink-AuthOnly/input_Card ex month_card_exmo'

2023-02-15 22:11:39 - [TEST_STEP][PASSED] - setText(findTestObject("Object Repository/RecAndPlayBk/Page-Vlink-AuthOnly/input_Card ex year_card_exyr"), exY): Text '2029' is set on object 'Object Repository/RecAndPlayBk/Page-Vlink-AuthOnly/input_Card ex year_card_exyr'

2023-02-15 22:11:40 - [MESSAGE][PASSED] - Text '2029' is set on object 'Object Repository/RecAndPlayBk/Page-Vlink-AuthOnly/input_Card ex year_card_exyr'

2023-02-15 22:11:40 - [TEST_STEP][PASSED] - click(findTestObject("Object Repository/RecAndPlayBk/Page-Vlink-AuthOnly/input_Track Data_track_data")): Object: 'Object Repository/RecAndPlayBk/Page-Vlink-AuthOnly/input_Track Data_track_data' is clicked on

2023-02-15 22:11:40 - [MESSAGE][PASSED] - Object: 'Object Repository/RecAndPlayBk/Page-Vlink-AuthOnly/input_Track Data_track_data' is clicked on

2023-02-15 22:11:40 - [TEST_STEP][PASSED] - click(findTestObject("Object Repository/RecAndPlayBk/Page-Vlink-AuthOnly/input_CVV state_cvv_state")): Object: 'Object Repository/RecAndPlayBk/Page-Vlink-AuthOnly/input_CVV state_cvv_state' is clicked on

2023-02-15 22:11:40 - [MESSAGE][PASSED] - Object: 'Object Repository/RecAndPlayBk/Page-Vlink-AuthOnly/input_CVV state_cvv_state' is clicked on

2023-02-15 22:11:40 - [TEST_STEP][PASSED] - setText(findTestObject("Object Repository/RecAndPlayBk/Page-Vlink-AuthOnly/input_Track Data_track_data"), ""): Text '' is set on object 'Object Repository/RecAndPlayBk/Page-Vlink-AuthOnly/input_Track Data_track_data'

2023-02-15 22:11:41 - [MESSAGE][PASSED] - Text '' is set on object 'Object Repository/RecAndPlayBk/Page-Vlink-AuthOnly/input_Track Data_track_data'

2023-02-15 22:11:41 - [TEST_STEP][PASSED] - setText(findTestObject("Object Repository/RecAndPlayBk/Page-Vlink-AuthOnly/input_concat(Cardholder, , s email)_email"), ""): Text '' is set on object 'Object Repository/RecAndPlayBk/Page-Vlink-AuthOnly/input_concat(Cardholder, , s email)_email'

2023-02-15 22:11:42 - [MESSAGE][PASSED] - Text '' is set on object 'Object Repository/RecAndPlayBk/Page-Vlink-AuthOnly/input_concat(Cardholder, , s email)_email'

2023-02-15 22:11:42 - [TEST_STEP][PASSED] - click(findTestObject("Object Repository/RecAndPlayBk/Page-Vlink-AuthOnly/input_user_defined10_user_defined10")): Object: 'Object Repository/RecAndPlayBk/Page-Vlink-AuthOnly/input_user_defined10_user_defined10' is clicked on

2023-02-15 22:11:42 - [MESSAGE][PASSED] - Object: 'Object Repository/RecAndPlayBk/Page-Vlink-AuthOnly/input_user_defined10_user_defined10' is clicked on

2023-02-15 22:11:42 - [TEST_STEP][PASSED] - if (executionProfile.equalsIgnoreCase("QAProfile")): Text '' is set on object 'Object Repository/RecAndPlayBk/Page-Vlink-AuthOnly/input_COF Transaction Initiated by_cof_tran_6cded5'

2023-02-15 22:11:42 - [TEST_STEP][PASSED] - setText(findTestObject("Object Repository/RecAndPlayBk/Page-Vlink-AuthOnly/input_Card on File Indicator_card_on_file_i_157dae"), ""): Text '' is set on object 'Object Repository/RecAndPlayBk/Page-Vlink-AuthOnly/input_Card on File Indicator_card_on_file_i_157dae'

2023-02-15 22:11:43 - [MESSAGE][PASSED] - Text '' is set on object 'Object Repository/RecAndPlayBk/Page-Vlink-AuthOnly/input_Card on File Indicator_card_on_file_i_157dae'

2023-02-15 22:11:43 - [TEST_STEP][PASSED] - setText(findTestObject("Object Repository/RecAndPlayBk/Page-Vlink-AuthOnly/input_Stored Credential Indicator_stored_cr_4ae73c"), ""): Text '' is set on object 'Object Repository/RecAndPlayBk/Page-Vlink-AuthOnly/input_Stored Credential Indicator_stored_cr_4ae73c'

2023-02-15 22:11:43 - [MESSAGE][PASSED] - Text '' is set on object 'Object Repository/RecAndPlayBk/Page-Vlink-AuthOnly/input_Stored Credential Indicator_stored_cr_4ae73c'

2023-02-15 22:11:43 - [TEST_STEP][PASSED] - setText(findTestObject("Object Repository/RecAndPlayBk/Page-Vlink-AuthOnly/input_COF Scheduled indicator_cof_scheduled_8df7d8"), ""): Text '' is set on object 'Object Repository/RecAndPlayBk/Page-Vlink-AuthOnly/input_COF Scheduled indicator_cof_scheduled_8df7d8'

2023-02-15 22:11:44 - [MESSAGE][PASSED] - Text '' is set on object 'Object Repository/RecAndPlayBk/Page-Vlink-AuthOnly/input_COF Scheduled indicator_cof_scheduled_8df7d8'

2023-02-15 22:11:44 - [TEST_STEP][PASSED] - setText(findTestObject("Object Repository/RecAndPlayBk/Page-Vlink-AuthOnly/input_COF Transaction Initiated by_cof_tran_6cded5"), ""): Text '' is set on object 'Object Repository/RecAndPlayBk/Page-Vlink-AuthOnly/input_COF Transaction Initiated by_cof_tran_6cded5'

2023-02-15 22:11:45 - [MESSAGE][PASSED] - Text '' is set on object 'Object Repository/RecAndPlayBk/Page-Vlink-AuthOnly/input_COF Transaction Initiated by_cof_tran_6cded5'

2023-02-15 22:11:45 - [TEST_STEP][PASSED] - click(findTestObject("Object Repository/RecAndPlayBk/Page-Vlink-AuthOnly/input")): Object: 'Object Repository/RecAndPlayBk/Page-Vlink-AuthOnly/input' is clicked on

2023-02-15 22:11:46 - [MESSAGE][PASSED] - Object: 'Object Repository/RecAndPlayBk/Page-Vlink-AuthOnly/input' is clicked on

2023-02-15 22:11:46 - [TEST_STEP][PASSED] - if (verifyTextPresent("Transaction approved, no errors", true)): null

2023-02-15 22:11:47 - [MESSAGE][PASSED] - Text 'Transaction approved, no errors' is present on page  using regular expression

2023-02-15 22:11:47 - [TEST_STEP][PASSED] - out.println("Auth was successful, Capture now"): null

2023-02-15 22:11:47 - [TEST_STEP][PASSED] - sdfo = getText(findTestObject("Object Repository/Page_VLinkReceipt/pre_STX")): Text of object 'Object Repository/Page_VLinkReceipt/pre_STX' is: '<STX>CGEeLcsSWb4x                  12126669            0  Transaction approved, no errors                   0                                                                                  N TAS840   <ETX>'

2023-02-15 22:11:47 - [MESSAGE][PASSED] - Text of object 'Object Repository/Page_VLinkReceipt/pre_STX' is: '<STX>CGEeLcsSWb4x                  12126669            0  Transaction approved, no errors                   0                                                                                  N TAS840   <ETX>'

2023-02-15 22:11:47 - [TEST_STEP][PASSED] - out.println("sdfo: " + sdfo): null

2023-02-15 22:11:47 - [TEST_STEP][PASSED] - remID = substring(5, 35).trim(): null

2023-02-15 22:11:47 - [TEST_STEP][PASSED] - out.println("remID: " + remID): null

2023-02-15 22:11:47 - [TEST_STEP][PASSED] - traxID = substring(35, 55).trim(): null

2023-02-15 22:11:47 - [TEST_STEP][PASSED] - out.println("traxID: " + traxID): null

2023-02-15 22:11:47 - [TEST_STEP][PASSED] - VLinkSaleRemID = remID: null

2023-02-15 22:11:47 - [TEST_STEP][PASSED] - VLinkSaleTranxID = traxID: null

2023-02-15 22:11:47 - [TEST_STEP][PASSED] - openBrowser(VLinkURL + "capture.html"): Browser is opened with url: 'https://dev-algorithm.govolution.com/vlinktest/QA/version_2_0/capture.html'

2023-02-15 22:11:47 - [MESSAGE][WARNING] - A browser is already opened. Closing browser and opening a new one

2023-02-15 22:11:48 - [MESSAGE][INFO] - Starting 'Chrome' driver

2023-02-15 22:11:48 - [MESSAGE][INFO] - User set preference: ['acceptInsecureCerts', 'true']

2023-02-15 22:11:48 - [MESSAGE][INFO] - Action delay is set to 0 milliseconds

2023-02-15 22:11:50 - [MESSAGE][PASSED] - Browser is opened with url: 'https://dev-algorithm.govolution.com/vlinktest/QA/version_2_0/capture.html'

2023-02-15 22:11:50 - [TEST_STEP][PASSED] - maximizeWindow(): Current window maximized

2023-02-15 22:11:50 - [MESSAGE][PASSED] - Current window maximized

2023-02-15 22:11:50 - [TEST_STEP][PASSED] - setText(findTestObject("Object Repository/RecAndPlayBk/Page-VLink-Capture/input_Remittance Id_remittance_id"), VLinkSaleRemID): Text 'CGEeLcsSWb4x' is set on object 'Object Repository/RecAndPlayBk/Page-VLink-Capture/input_Remittance Id_remittance_id'

2023-02-15 22:11:51 - [MESSAGE][PASSED] - Text 'CGEeLcsSWb4x' is set on object 'Object Repository/RecAndPlayBk/Page-VLink-Capture/input_Remittance Id_remittance_id'

2023-02-15 22:11:51 - [TEST_STEP][PASSED] - setText(findTestObject("Object Repository/RecAndPlayBk/Page-VLink-Capture/input_Application Id_application_id"), appID): Text '87' is set on object 'Object Repository/RecAndPlayBk/Page-VLink-Capture/input_Application Id_application_id'

2023-02-15 22:11:51 - [MESSAGE][PASSED] - Text '87' is set on object 'Object Repository/RecAndPlayBk/Page-VLink-Capture/input_Application Id_application_id'

2023-02-15 22:11:51 - [TEST_STEP][PASSED] - setText(findTestObject("Object Repository/RecAndPlayBk/Page-VLink-Capture/input_Username_username"), username): Text 'username' is set on object 'Object Repository/RecAndPlayBk/Page-VLink-Capture/input_Username_username'

2023-02-15 22:11:52 - [MESSAGE][PASSED] - Text 'username' is set on object 'Object Repository/RecAndPlayBk/Page-VLink-Capture/input_Username_username'

2023-02-15 22:11:52 - [TEST_STEP][PASSED] - setText(findTestObject("Object Repository/RecAndPlayBk/Page-VLink-Capture/input_Password_password"), password): Text 'password' is set on object 'Object Repository/RecAndPlayBk/Page-VLink-Capture/input_Password_password'

2023-02-15 22:11:53 - [MESSAGE][PASSED] - Text 'password' is set on object 'Object Repository/RecAndPlayBk/Page-VLink-Capture/input_Password_password'

2023-02-15 22:11:53 - [TEST_STEP][PASSED] - setText(findTestObject("Object Repository/RecAndPlayBk/Page-VLink-Capture/input_Transaction ID_transaction_id"), VLinkSaleTranxID): Text '12126669' is set on object 'Object Repository/RecAndPlayBk/Page-VLink-Capture/input_Transaction ID_transaction_id'

2023-02-15 22:11:53 - [MESSAGE][PASSED] - Text '12126669' is set on object 'Object Repository/RecAndPlayBk/Page-VLink-Capture/input_Transaction ID_transaction_id'

2023-02-15 22:11:53 - [TEST_STEP][PASSED] - setText(findTestObject("Object Repository/RecAndPlayBk/Page-VLink-Capture/input_Amount_amount"), amount): Text '10.5' is set on object 'Object Repository/RecAndPlayBk/Page-VLink-Capture/input_Amount_amount'

2023-02-15 22:11:54 - [MESSAGE][PASSED] - Text '10.5' is set on object 'Object Repository/RecAndPlayBk/Page-VLink-Capture/input_Amount_amount'

2023-02-15 22:11:54 - [TEST_STEP][PASSED] - click(findTestObject("Object Repository/RecAndPlayBk/Page-VLink-Capture/input")): Object: 'Object Repository/RecAndPlayBk/Page-VLink-Capture/input' is clicked on

2023-02-15 22:11:55 - [MESSAGE][PASSED] - Object: 'Object Repository/RecAndPlayBk/Page-VLink-Capture/input' is clicked on

2023-02-15 22:11:55 - [TEST_STEP][PASSED] - if (verifyTextPresent("Transaction approved, no errors", true)): null

2023-02-15 22:11:56 - [MESSAGE][PASSED] - Text 'Transaction approved, no errors' is present on page  using regular expression

2023-02-15 22:11:56 - [TEST_STEP][PASSED] - sdfo = getText(findTestObject("Object Repository/Page_VLinkReceipt/pre_STX")): Text of object 'Object Repository/Page_VLinkReceipt/pre_STX' is: '<STX>CGEeLcsSWb4x                  12126670            0  Transaction approved, no errors                   0                                                                                  N TAS840   <ETX>'

2023-02-15 22:11:56 - [MESSAGE][PASSED] - Text of object 'Object Repository/Page_VLinkReceipt/pre_STX' is: '<STX>CGEeLcsSWb4x                  12126670            0  Transaction approved, no errors                   0                                                                                  N TAS840   <ETX>'

2023-02-15 22:11:56 - [TEST_STEP][PASSED] - out.println("sdfo: " + sdfo): null

2023-02-15 22:11:56 - [TEST_STEP][PASSED] - remID = substring(5, 35).trim(): null

2023-02-15 22:11:56 - [TEST_STEP][PASSED] - out.println("remID: " + remID): null

2023-02-15 22:11:56 - [TEST_STEP][PASSED] - traxID = substring(35, 55).trim(): null

2023-02-15 22:11:56 - [TEST_STEP][PASSED] - out.println("traxID: " + traxID): null

2023-02-15 22:11:56 - [TEST_STEP][PASSED] - VLinkSaleRemID = remID: null

2023-02-15 22:11:56 - [TEST_STEP][PASSED] - VLinkSaleTranxID = traxID: null

2023-02-15 22:11:56 - [TEST_STEP][PASSED] - openBrowser(VLinkURL + "CC_void.html"): Browser is opened with url: 'https://dev-algorithm.govolution.com/vlinktest/QA/version_2_0/CC_void.html'

2023-02-15 22:11:56 - [MESSAGE][WARNING] - A browser is already opened. Closing browser and opening a new one

2023-02-15 22:11:57 - [MESSAGE][INFO] - Starting 'Chrome' driver

2023-02-15 22:11:57 - [MESSAGE][INFO] - User set preference: ['acceptInsecureCerts', 'true']

2023-02-15 22:11:57 - [MESSAGE][INFO] - Action delay is set to 0 milliseconds

2023-02-15 22:11:59 - [MESSAGE][PASSED] - Browser is opened with url: 'https://dev-algorithm.govolution.com/vlinktest/QA/version_2_0/CC_void.html'

2023-02-15 22:11:59 - [TEST_STEP][PASSED] - maximizeWindow(): Current window maximized

2023-02-15 22:11:59 - [MESSAGE][PASSED] - Current window maximized

2023-02-15 22:11:59 - [TEST_STEP][PASSED] - setText(findTestObject("Object Repository/RecAndPlayBk/Page-Vlink-CC-Void/txt_RemID"), VLinkSaleRemID): Text 'CGEeLcsSWb4x' is set on object 'Object Repository/RecAndPlayBk/Page-Vlink-CC-Void/txt_RemID'

2023-02-15 22:11:59 - [MESSAGE][PASSED] - Text 'CGEeLcsSWb4x' is set on object 'Object Repository/RecAndPlayBk/Page-Vlink-CC-Void/txt_RemID'

2023-02-15 22:11:59 - [TEST_STEP][PASSED] - setText(findTestObject("Object Repository/RecAndPlayBk/Page-Vlink-CC-Void/txt_ApplicationID"), appID): Text '87' is set on object 'Object Repository/RecAndPlayBk/Page-Vlink-CC-Void/txt_ApplicationID'

2023-02-15 22:12:00 - [MESSAGE][PASSED] - Text '87' is set on object 'Object Repository/RecAndPlayBk/Page-Vlink-CC-Void/txt_ApplicationID'

2023-02-15 22:12:00 - [TEST_STEP][PASSED] - setText(findTestObject("Object Repository/RecAndPlayBk/Page-Vlink-CC-Void/txt_Username"), username): Text 'username' is set on object 'Object Repository/RecAndPlayBk/Page-Vlink-CC-Void/txt_Username'

2023-02-15 22:12:01 - [MESSAGE][PASSED] - Text 'username' is set on object 'Object Repository/RecAndPlayBk/Page-Vlink-CC-Void/txt_Username'

2023-02-15 22:12:01 - [TEST_STEP][PASSED] - setText(findTestObject("Object Repository/RecAndPlayBk/Page-Vlink-CC-Void/txt_Password"), password): Text 'password' is set on object 'Object Repository/RecAndPlayBk/Page-Vlink-CC-Void/txt_Password'

2023-02-15 22:12:01 - [MESSAGE][PASSED] - Text 'password' is set on object 'Object Repository/RecAndPlayBk/Page-Vlink-CC-Void/txt_Password'

2023-02-15 22:12:01 - [TEST_STEP][PASSED] - setText(findTestObject("Object Repository/RecAndPlayBk/Page-Vlink-CC-Void/txt_TransactionID"), VLinkSaleTranxID): Text '12126670' is set on object 'Object Repository/RecAndPlayBk/Page-Vlink-CC-Void/txt_TransactionID'

2023-02-15 22:12:02 - [MESSAGE][PASSED] - Text '12126670' is set on object 'Object Repository/RecAndPlayBk/Page-Vlink-CC-Void/txt_TransactionID'

2023-02-15 22:12:02 - [TEST_STEP][PASSED] - setText(findTestObject("Object Repository/RecAndPlayBk/Page-Vlink-CC-Void/txt_OriginalTransactionType"), "102"): Text '102' is set on object 'Object Repository/RecAndPlayBk/Page-Vlink-CC-Void/txt_OriginalTransactionType'

2023-02-15 22:12:03 - [MESSAGE][PASSED] - Text '102' is set on object 'Object Repository/RecAndPlayBk/Page-Vlink-CC-Void/txt_OriginalTransactionType'

2023-02-15 22:12:03 - [TEST_STEP][PASSED] - setText(findTestObject("Object Repository/RecAndPlayBk/Page-Vlink-CC-Void/txt_TrackData"), ""): Text '' is set on object 'Object Repository/RecAndPlayBk/Page-Vlink-CC-Void/txt_TrackData'

2023-02-15 22:12:03 - [MESSAGE][PASSED] - Text '' is set on object 'Object Repository/RecAndPlayBk/Page-Vlink-CC-Void/txt_TrackData'

2023-02-15 22:12:03 - [TEST_STEP][PASSED] - click(findTestObject("Object Repository/RecAndPlayBk/Page-Vlink-CC-Void/btn_ProcessVLinkTransaction")): Object: 'Object Repository/RecAndPlayBk/Page-Vlink-CC-Void/btn_ProcessVLinkTransaction' is clicked on

2023-02-15 22:12:05 - [MESSAGE][PASSED] - Object: 'Object Repository/RecAndPlayBk/Page-Vlink-CC-Void/btn_ProcessVLinkTransaction' is clicked on

2023-02-15 22:12:05 - [TEST_STEP][PASSED] - if (verifyTextPresent("Transaction approved, no errors", true)): null

2023-02-15 22:12:05 - [MESSAGE][PASSED] - Text 'Transaction approved, no errors' is present on page  using regular expression

2023-02-15 22:12:05 - [TEST_STEP][PASSED] - println("Transaction Approved, no errors text is present on the Confirmation page"): null

2023-02-15 22:12:05 - [TEST_STEP][PASSED] - out.println("Pass Record Number: " + row): null

2023-02-15 22:12:05 - [TEST_STEP][PASSED] - resText = "Pass": null

2023-02-15 22:12:05 - [TEST_STEP][PASSED] - pages.WriteExcel.demoKey(resText, datText, resColumn, datCloumn, fileLoc, nameSheet, row): pages.WriteExcel.demoKey is PASSED

2023-02-15 22:12:05 - [MESSAGE][PASSED] - pages.WriteExcel.demoKey is PASSED

2023-02-15 22:12:05 - [TEST_STEP][PASSED] - ExecuteTC = findTestData(dataFile).getValue("Execute", row): null

2023-02-15 22:12:05 - [TEST_STEP][PASSED] - out.println("Value of Execute is : " + ExecuteTC): null

2023-02-15 22:12:05 - [TEST_STEP][PASSED] - switch (executionProfile): null

2023-02-15 22:12:05 - [TEST_STEP][PASSED] - case "QAProfile":: null

2023-02-15 22:12:05 - [TEST_STEP][PASSED] - appID = findTestData(dataFile).getValue("AppIDQA", row): null

2023-02-15 22:12:06 - [TEST_STEP][PASSED] - username = findTestData(dataFile).getValue("UsernameQA", row): null

2023-02-15 22:12:06 - [TEST_STEP][PASSED] - password = findTestData(dataFile).getValue("PasswordQA", row): null

2023-02-15 22:12:06 - [TEST_STEP][PASSED] - break: null

2023-02-15 22:12:06 - [TEST_STEP][PASSED] - if (ExecuteTC.equalsIgnoreCase("Y")): null

2023-02-15 22:12:06 - [TEST_STEP][PASSED] - out.println("Begin Record Number: " + row): null

2023-02-15 22:12:06 - [TEST_STEP][PASSED] - today = new java.util.Date(): null

2023-02-15 22:12:06 - [TEST_STEP][PASSED] - println(today): null

2023-02-15 22:12:06 - [TEST_STEP][PASSED] - datText = today: null

2023-02-15 22:12:06 - [TEST_STEP][PASSED] - category = findTestData(dataFile).getValue("Category", row): null

2023-02-15 22:12:06 - [TEST_STEP][PASSED] - amount = findTestData(dataFile).getValue("Amount", row): null

2023-02-15 22:12:06 - [TEST_STEP][PASSED] - cardNumber = findTestData(dataFile).getValue("CardNumber", row): null

2023-02-15 22:12:06 - [TEST_STEP][PASSED] - exM = findTestData(dataFile).getValue("ExM", row): null

2023-02-15 22:12:06 - [TEST_STEP][PASSED] - exY = findTestData(dataFile).getValue("ExY", row): null

2023-02-15 22:12:06 - [TEST_STEP][PASSED] - openBrowser(VLinkURL + "auth.html"): Browser is opened with url: 'https://dev-algorithm.govolution.com/vlinktest/QA/version_2_0/auth.html'

2023-02-15 22:12:06 - [MESSAGE][WARNING] - A browser is already opened. Closing browser and opening a new one

2023-02-15 22:12:07 - [MESSAGE][INFO] - Starting 'Chrome' driver

2023-02-15 22:12:07 - [MESSAGE][INFO] - User set preference: ['acceptInsecureCerts', 'true']

2023-02-15 22:12:07 - [MESSAGE][INFO] - Action delay is set to 0 milliseconds

2023-02-15 22:12:09 - [MESSAGE][PASSED] - Browser is opened with url: 'https://dev-algorithm.govolution.com/vlinktest/QA/version_2_0/auth.html'

2023-02-15 22:12:09 - [TEST_STEP][PASSED] - maximizeWindow(): Current window maximized

2023-02-15 22:12:09 - [MESSAGE][PASSED] - Current window maximized

2023-02-15 22:12:09 - [TEST_STEP][PASSED] - genRemID = RandomStringUtils.random(12, true, true): null

2023-02-15 22:12:09 - [TEST_STEP][PASSED] - setText(findTestObject("Object Repository/RecAndPlayBk/Page-Vlink-AuthOnly/input_Remittance Id_remittance_id"), genRemID): Text 'J8infGBxFyez' is set on object 'Object Repository/RecAndPlayBk/Page-Vlink-AuthOnly/input_Remittance Id_remittance_id'

2023-02-15 22:12:10 - [MESSAGE][PASSED] - Text 'J8infGBxFyez' is set on object 'Object Repository/RecAndPlayBk/Page-Vlink-AuthOnly/input_Remittance Id_remittance_id'

2023-02-15 22:12:10 - [TEST_STEP][PASSED] - setText(findTestObject("Object Repository/RecAndPlayBk/Page-Vlink-AuthOnly/input_Application Id_application_id"), appID): Text '581' is set on object 'Object Repository/RecAndPlayBk/Page-Vlink-AuthOnly/input_Application Id_application_id'

2023-02-15 22:12:11 - [MESSAGE][PASSED] - Text '581' is set on object 'Object Repository/RecAndPlayBk/Page-Vlink-AuthOnly/input_Application Id_application_id'

2023-02-15 22:12:11 - [TEST_STEP][PASSED] - setText(findTestObject("Object Repository/RecAndPlayBk/Page-Vlink-AuthOnly/input_Username_username"), username): Text 'usr581' is set on object 'Object Repository/RecAndPlayBk/Page-Vlink-AuthOnly/input_Username_username'

2023-02-15 22:12:11 - [MESSAGE][PASSED] - Text 'usr581' is set on object 'Object Repository/RecAndPlayBk/Page-Vlink-AuthOnly/input_Username_username'

2023-02-15 22:12:11 - [TEST_STEP][PASSED] - setText(findTestObject("Object Repository/RecAndPlayBk/Page-Vlink-AuthOnly/input_Password_password"), password): Text 'pwd581' is set on object 'Object Repository/RecAndPlayBk/Page-Vlink-AuthOnly/input_Password_password'

2023-02-15 22:12:12 - [MESSAGE][PASSED] - Text 'pwd581' is set on object 'Object Repository/RecAndPlayBk/Page-Vlink-AuthOnly/input_Password_password'

2023-02-15 22:12:12 - [TEST_STEP][PASSED] - setText(findTestObject("Object Repository/RecAndPlayBk/Page-Vlink-AuthOnly/input_Category_category"), category): Text 'ECOM' is set on object 'Object Repository/RecAndPlayBk/Page-Vlink-AuthOnly/input_Category_category'

2023-02-15 22:12:12 - [MESSAGE][PASSED] - Text 'ECOM' is set on object 'Object Repository/RecAndPlayBk/Page-Vlink-AuthOnly/input_Category_category'

2023-02-15 22:12:12 - [TEST_STEP][PASSED] - setText(findTestObject("Object Repository/RecAndPlayBk/Page-Vlink-AuthOnly/input_Amount_amount"), amount): Text '10.5' is set on object 'Object Repository/RecAndPlayBk/Page-Vlink-AuthOnly/input_Amount_amount'

2023-02-15 22:12:13 - [MESSAGE][PASSED] - Text '10.5' is set on object 'Object Repository/RecAndPlayBk/Page-Vlink-AuthOnly/input_Amount_amount'

2023-02-15 22:12:13 - [TEST_STEP][PASSED] - doubleClick(findTestObject("Object Repository/RecAndPlayBk/Page-Vlink-AuthOnly/input_Card number_card_number")): Object: 'Object Repository/RecAndPlayBk/Page-Vlink-AuthOnly/input_Card number_card_number' is double clicked on

2023-02-15 22:12:13 - [MESSAGE][PASSED] - Object: 'Object Repository/RecAndPlayBk/Page-Vlink-AuthOnly/input_Card number_card_number' is double clicked on

2023-02-15 22:12:13 - [TEST_STEP][PASSED] - setText(findTestObject("Object Repository/RecAndPlayBk/Page-Vlink-AuthOnly/input_Card number_card_number"), cardNumber): Text '5146312200000035' is set on object 'Object Repository/RecAndPlayBk/Page-Vlink-AuthOnly/input_Card number_card_number'

2023-02-15 22:12:14 - [MESSAGE][PASSED] - Text '5146312200000035' is set on object 'Object Repository/RecAndPlayBk/Page-Vlink-AuthOnly/input_Card number_card_number'

2023-02-15 22:12:14 - [TEST_STEP][PASSED] - setText(findTestObject("Object Repository/RecAndPlayBk/Page-Vlink-AuthOnly/input_Card ex month_card_exmo"), exM): Text '12' is set on object 'Object Repository/RecAndPlayBk/Page-Vlink-AuthOnly/input_Card ex month_card_exmo'

2023-02-15 22:12:15 - [MESSAGE][PASSED] - Text '12' is set on object 'Object Repository/RecAndPlayBk/Page-Vlink-AuthOnly/input_Card ex month_card_exmo'

2023-02-15 22:12:15 - [TEST_STEP][PASSED] - setText(findTestObject("Object Repository/RecAndPlayBk/Page-Vlink-AuthOnly/input_Card ex year_card_exyr"), exY): Text '2029' is set on object 'Object Repository/RecAndPlayBk/Page-Vlink-AuthOnly/input_Card ex year_card_exyr'

2023-02-15 22:12:15 - [MESSAGE][PASSED] - Text '2029' is set on object 'Object Repository/RecAndPlayBk/Page-Vlink-AuthOnly/input_Card ex year_card_exyr'

2023-02-15 22:12:15 - [TEST_STEP][PASSED] - click(findTestObject("Object Repository/RecAndPlayBk/Page-Vlink-AuthOnly/input_Track Data_track_data")): Object: 'Object Repository/RecAndPlayBk/Page-Vlink-AuthOnly/input_Track Data_track_data' is clicked on

2023-02-15 22:12:16 - [MESSAGE][PASSED] - Object: 'Object Repository/RecAndPlayBk/Page-Vlink-AuthOnly/input_Track Data_track_data' is clicked on

2023-02-15 22:12:16 - [TEST_STEP][PASSED] - click(findTestObject("Object Repository/RecAndPlayBk/Page-Vlink-AuthOnly/input_CVV state_cvv_state")): Object: 'Object Repository/RecAndPlayBk/Page-Vlink-AuthOnly/input_CVV state_cvv_state' is clicked on

2023-02-15 22:12:16 - [MESSAGE][PASSED] - Object: 'Object Repository/RecAndPlayBk/Page-Vlink-AuthOnly/input_CVV state_cvv_state' is clicked on

2023-02-15 22:12:16 - [TEST_STEP][PASSED] - setText(findTestObject("Object Repository/RecAndPlayBk/Page-Vlink-AuthOnly/input_Track Data_track_data"), ""): Text '' is set on object 'Object Repository/RecAndPlayBk/Page-Vlink-AuthOnly/input_Track Data_track_data'

2023-02-15 22:12:17 - [MESSAGE][PASSED] - Text '' is set on object 'Object Repository/RecAndPlayBk/Page-Vlink-AuthOnly/input_Track Data_track_data'

2023-02-15 22:12:17 - [TEST_STEP][PASSED] - setText(findTestObject("Object Repository/RecAndPlayBk/Page-Vlink-AuthOnly/input_concat(Cardholder, , s email)_email"), ""): Text '' is set on object 'Object Repository/RecAndPlayBk/Page-Vlink-AuthOnly/input_concat(Cardholder, , s email)_email'

2023-02-15 22:12:17 - [MESSAGE][PASSED] - Text '' is set on object 'Object Repository/RecAndPlayBk/Page-Vlink-AuthOnly/input_concat(Cardholder, , s email)_email'

2023-02-15 22:12:17 - [TEST_STEP][PASSED] - click(findTestObject("Object Repository/RecAndPlayBk/Page-Vlink-AuthOnly/input_user_defined10_user_defined10")): Object: 'Object Repository/RecAndPlayBk/Page-Vlink-AuthOnly/input_user_defined10_user_defined10' is clicked on

2023-02-15 22:12:18 - [MESSAGE][PASSED] - Object: 'Object Repository/RecAndPlayBk/Page-Vlink-AuthOnly/input_user_defined10_user_defined10' is clicked on

2023-02-15 22:12:18 - [TEST_STEP][PASSED] - if (executionProfile.equalsIgnoreCase("QAProfile")): Text '' is set on object 'Object Repository/RecAndPlayBk/Page-Vlink-AuthOnly/input_COF Transaction Initiated by_cof_tran_6cded5'

2023-02-15 22:12:18 - [TEST_STEP][PASSED] - setText(findTestObject("Object Repository/RecAndPlayBk/Page-Vlink-AuthOnly/input_Card on File Indicator_card_on_file_i_157dae"), ""): Text '' is set on object 'Object Repository/RecAndPlayBk/Page-Vlink-AuthOnly/input_Card on File Indicator_card_on_file_i_157dae'

2023-02-15 22:12:18 - [MESSAGE][PASSED] - Text '' is set on object 'Object Repository/RecAndPlayBk/Page-Vlink-AuthOnly/input_Card on File Indicator_card_on_file_i_157dae'

2023-02-15 22:12:18 - [TEST_STEP][PASSED] - setText(findTestObject("Object Repository/RecAndPlayBk/Page-Vlink-AuthOnly/input_Stored Credential Indicator_stored_cr_4ae73c"), ""): Text '' is set on object 'Object Repository/RecAndPlayBk/Page-Vlink-AuthOnly/input_Stored Credential Indicator_stored_cr_4ae73c'

2023-02-15 22:12:19 - [MESSAGE][PASSED] - Text '' is set on object 'Object Repository/RecAndPlayBk/Page-Vlink-AuthOnly/input_Stored Credential Indicator_stored_cr_4ae73c'

2023-02-15 22:12:19 - [TEST_STEP][PASSED] - setText(findTestObject("Object Repository/RecAndPlayBk/Page-Vlink-AuthOnly/input_COF Scheduled indicator_cof_scheduled_8df7d8"), ""): Text '' is set on object 'Object Repository/RecAndPlayBk/Page-Vlink-AuthOnly/input_COF Scheduled indicator_cof_scheduled_8df7d8'

2023-02-15 22:12:20 - [MESSAGE][PASSED] - Text '' is set on object 'Object Repository/RecAndPlayBk/Page-Vlink-AuthOnly/input_COF Scheduled indicator_cof_scheduled_8df7d8'

2023-02-15 22:12:20 - [TEST_STEP][PASSED] - setText(findTestObject("Object Repository/RecAndPlayBk/Page-Vlink-AuthOnly/input_COF Transaction Initiated by_cof_tran_6cded5"), ""): Text '' is set on object 'Object Repository/RecAndPlayBk/Page-Vlink-AuthOnly/input_COF Transaction Initiated by_cof_tran_6cded5'

2023-02-15 22:12:20 - [MESSAGE][PASSED] - Text '' is set on object 'Object Repository/RecAndPlayBk/Page-Vlink-AuthOnly/input_COF Transaction Initiated by_cof_tran_6cded5'

2023-02-15 22:12:20 - [TEST_STEP][PASSED] - click(findTestObject("Object Repository/RecAndPlayBk/Page-Vlink-AuthOnly/input")): Object: 'Object Repository/RecAndPlayBk/Page-Vlink-AuthOnly/input' is clicked on

2023-02-15 22:12:21 - [MESSAGE][PASSED] - Object: 'Object Repository/RecAndPlayBk/Page-Vlink-AuthOnly/input' is clicked on

2023-02-15 22:12:21 - [TEST_STEP][PASSED] - if (verifyTextPresent("Transaction approved, no errors", true)): null

2023-02-15 22:12:22 - [MESSAGE][PASSED] - Text 'Transaction approved, no errors' is present on page  using regular expression

2023-02-15 22:12:22 - [TEST_STEP][PASSED] - out.println("Auth was successful, Capture now"): null

2023-02-15 22:12:22 - [TEST_STEP][PASSED] - sdfo = getText(findTestObject("Object Repository/Page_VLinkReceipt/pre_STX")): Text of object 'Object Repository/Page_VLinkReceipt/pre_STX' is: '<STX>J8infGBxFyez                  12126672            0  Transaction approved, no errors                   0                                                                                  YM000064   <ETX>'

2023-02-15 22:12:22 - [MESSAGE][PASSED] - Text of object 'Object Repository/Page_VLinkReceipt/pre_STX' is: '<STX>J8infGBxFyez                  12126672            0  Transaction approved, no errors                   0                                                                                  YM000064   <ETX>'

2023-02-15 22:12:22 - [TEST_STEP][PASSED] - out.println("sdfo: " + sdfo): null

2023-02-15 22:12:22 - [TEST_STEP][PASSED] - remID = substring(5, 35).trim(): null

2023-02-15 22:12:22 - [TEST_STEP][PASSED] - out.println("remID: " + remID): null

2023-02-15 22:12:22 - [TEST_STEP][PASSED] - traxID = substring(35, 55).trim(): null

2023-02-15 22:12:22 - [TEST_STEP][PASSED] - out.println("traxID: " + traxID): null

2023-02-15 22:12:22 - [TEST_STEP][PASSED] - VLinkSaleRemID = remID: null

2023-02-15 22:12:22 - [TEST_STEP][PASSED] - VLinkSaleTranxID = traxID: null

2023-02-15 22:12:22 - [TEST_STEP][PASSED] - openBrowser(VLinkURL + "capture.html"): Browser is opened with url: 'https://dev-algorithm.govolution.com/vlinktest/QA/version_2_0/capture.html'

2023-02-15 22:12:22 - [MESSAGE][WARNING] - A browser is already opened. Closing browser and opening a new one

2023-02-15 22:12:23 - [MESSAGE][INFO] - Starting 'Chrome' driver

2023-02-15 22:12:23 - [MESSAGE][INFO] - User set preference: ['acceptInsecureCerts', 'true']

2023-02-15 22:12:23 - [MESSAGE][INFO] - Action delay is set to 0 milliseconds

2023-02-15 22:12:25 - [MESSAGE][PASSED] - Browser is opened with url: 'https://dev-algorithm.govolution.com/vlinktest/QA/version_2_0/capture.html'

2023-02-15 22:12:25 - [TEST_STEP][PASSED] - maximizeWindow(): Current window maximized

2023-02-15 22:12:25 - [MESSAGE][PASSED] - Current window maximized

2023-02-15 22:12:25 - [TEST_STEP][PASSED] - setText(findTestObject("Object Repository/RecAndPlayBk/Page-VLink-Capture/input_Remittance Id_remittance_id"), VLinkSaleRemID): Text 'J8infGBxFyez' is set on object 'Object Repository/RecAndPlayBk/Page-VLink-Capture/input_Remittance Id_remittance_id'

2023-02-15 22:12:26 - [MESSAGE][PASSED] - Text 'J8infGBxFyez' is set on object 'Object Repository/RecAndPlayBk/Page-VLink-Capture/input_Remittance Id_remittance_id'

2023-02-15 22:12:26 - [TEST_STEP][PASSED] - setText(findTestObject("Object Repository/RecAndPlayBk/Page-VLink-Capture/input_Application Id_application_id"), appID): Text '581' is set on object 'Object Repository/RecAndPlayBk/Page-VLink-Capture/input_Application Id_application_id'

2023-02-15 22:12:26 - [MESSAGE][PASSED] - Text '581' is set on object 'Object Repository/RecAndPlayBk/Page-VLink-Capture/input_Application Id_application_id'

2023-02-15 22:12:26 - [TEST_STEP][PASSED] - setText(findTestObject("Object Repository/RecAndPlayBk/Page-VLink-Capture/input_Username_username"), username): Text 'usr581' is set on object 'Object Repository/RecAndPlayBk/Page-VLink-Capture/input_Username_username'

2023-02-15 22:12:27 - [MESSAGE][PASSED] - Text 'usr581' is set on object 'Object Repository/RecAndPlayBk/Page-VLink-Capture/input_Username_username'

2023-02-15 22:12:27 - [TEST_STEP][PASSED] - setText(findTestObject("Object Repository/RecAndPlayBk/Page-VLink-Capture/input_Password_password"), password): Text 'pwd581' is set on object 'Object Repository/RecAndPlayBk/Page-VLink-Capture/input_Password_password'

2023-02-15 22:12:27 - [MESSAGE][PASSED] - Text 'pwd581' is set on object 'Object Repository/RecAndPlayBk/Page-VLink-Capture/input_Password_password'

2023-02-15 22:12:27 - [TEST_STEP][PASSED] - setText(findTestObject("Object Repository/RecAndPlayBk/Page-VLink-Capture/input_Transaction ID_transaction_id"), VLinkSaleTranxID): Text '12126672' is set on object 'Object Repository/RecAndPlayBk/Page-VLink-Capture/input_Transaction ID_transaction_id'

2023-02-15 22:12:28 - [MESSAGE][PASSED] - Text '12126672' is set on object 'Object Repository/RecAndPlayBk/Page-VLink-Capture/input_Transaction ID_transaction_id'

2023-02-15 22:12:28 - [TEST_STEP][PASSED] - setText(findTestObject("Object Repository/RecAndPlayBk/Page-VLink-Capture/input_Amount_amount"), amount): Text '10.5' is set on object 'Object Repository/RecAndPlayBk/Page-VLink-Capture/input_Amount_amount'

2023-02-15 22:12:29 - [MESSAGE][PASSED] - Text '10.5' is set on object 'Object Repository/RecAndPlayBk/Page-VLink-Capture/input_Amount_amount'

2023-02-15 22:12:29 - [TEST_STEP][PASSED] - click(findTestObject("Object Repository/RecAndPlayBk/Page-VLink-Capture/input")): Object: 'Object Repository/RecAndPlayBk/Page-VLink-Capture/input' is clicked on

2023-02-15 22:12:30 - [MESSAGE][PASSED] - Object: 'Object Repository/RecAndPlayBk/Page-VLink-Capture/input' is clicked on

2023-02-15 22:12:30 - [TEST_STEP][PASSED] - if (verifyTextPresent("Transaction approved, no errors", true)): null

2023-02-15 22:12:30 - [MESSAGE][PASSED] - Text 'Transaction approved, no errors' is present on page  using regular expression

2023-02-15 22:12:30 - [TEST_STEP][PASSED] - sdfo = getText(findTestObject("Object Repository/Page_VLinkReceipt/pre_STX")): Text of object 'Object Repository/Page_VLinkReceipt/pre_STX' is: '<STX>J8infGBxFyez                  12126673            0  Transaction approved, no errors                   0                                                                                    000065   <ETX>'

2023-02-15 22:12:31 - [MESSAGE][PASSED] - Text of object 'Object Repository/Page_VLinkReceipt/pre_STX' is: '<STX>J8infGBxFyez                  12126673            0  Transaction approved, no errors                   0                                                                                    000065   <ETX>'

2023-02-15 22:12:31 - [TEST_STEP][PASSED] - out.println("sdfo: " + sdfo): null

2023-02-15 22:12:31 - [TEST_STEP][PASSED] - remID = substring(5, 35).trim(): null

2023-02-15 22:12:31 - [TEST_STEP][PASSED] - out.println("remID: " + remID): null

2023-02-15 22:12:31 - [TEST_STEP][PASSED] - traxID = substring(35, 55).trim(): null

2023-02-15 22:12:31 - [TEST_STEP][PASSED] - out.println("traxID: " + traxID): null

2023-02-15 22:12:31 - [TEST_STEP][PASSED] - VLinkSaleRemID = remID: null

2023-02-15 22:12:31 - [TEST_STEP][PASSED] - VLinkSaleTranxID = traxID: null

2023-02-15 22:12:31 - [TEST_STEP][PASSED] - openBrowser(VLinkURL + "CC_void.html"): Browser is opened with url: 'https://dev-algorithm.govolution.com/vlinktest/QA/version_2_0/CC_void.html'

2023-02-15 22:12:31 - [MESSAGE][WARNING] - A browser is already opened. Closing browser and opening a new one

2023-02-15 22:12:32 - [MESSAGE][INFO] - Starting 'Chrome' driver

2023-02-15 22:12:32 - [MESSAGE][INFO] - User set preference: ['acceptInsecureCerts', 'true']

2023-02-15 22:12:32 - [MESSAGE][INFO] - Action delay is set to 0 milliseconds

2023-02-15 22:12:33 - [MESSAGE][PASSED] - Browser is opened with url: 'https://dev-algorithm.govolution.com/vlinktest/QA/version_2_0/CC_void.html'

2023-02-15 22:12:33 - [TEST_STEP][PASSED] - maximizeWindow(): Current window maximized

2023-02-15 22:12:33 - [MESSAGE][PASSED] - Current window maximized

2023-02-15 22:12:33 - [TEST_STEP][PASSED] - setText(findTestObject("Object Repository/RecAndPlayBk/Page-Vlink-CC-Void/txt_RemID"), VLinkSaleRemID): Text 'J8infGBxFyez' is set on object 'Object Repository/RecAndPlayBk/Page-Vlink-CC-Void/txt_RemID'

2023-02-15 22:12:34 - [MESSAGE][PASSED] - Text 'J8infGBxFyez' is set on object 'Object Repository/RecAndPlayBk/Page-Vlink-CC-Void/txt_RemID'

2023-02-15 22:12:34 - [TEST_STEP][PASSED] - setText(findTestObject("Object Repository/RecAndPlayBk/Page-Vlink-CC-Void/txt_ApplicationID"), appID): Text '581' is set on object 'Object Repository/RecAndPlayBk/Page-Vlink-CC-Void/txt_ApplicationID'

2023-02-15 22:12:35 - [MESSAGE][PASSED] - Text '581' is set on object 'Object Repository/RecAndPlayBk/Page-Vlink-CC-Void/txt_ApplicationID'

2023-02-15 22:12:35 - [TEST_STEP][PASSED] - setText(findTestObject("Object Repository/RecAndPlayBk/Page-Vlink-CC-Void/txt_Username"), username): Text 'usr581' is set on object 'Object Repository/RecAndPlayBk/Page-Vlink-CC-Void/txt_Username'

2023-02-15 22:12:35 - [MESSAGE][PASSED] - Text 'usr581' is set on object 'Object Repository/RecAndPlayBk/Page-Vlink-CC-Void/txt_Username'

2023-02-15 22:12:35 - [TEST_STEP][PASSED] - setText(findTestObject("Object Repository/RecAndPlayBk/Page-Vlink-CC-Void/txt_Password"), password): Text 'pwd581' is set on object 'Object Repository/RecAndPlayBk/Page-Vlink-CC-Void/txt_Password'

2023-02-15 22:12:36 - [MESSAGE][PASSED] - Text 'pwd581' is set on object 'Object Repository/RecAndPlayBk/Page-Vlink-CC-Void/txt_Password'

2023-02-15 22:12:36 - [TEST_STEP][PASSED] - setText(findTestObject("Object Repository/RecAndPlayBk/Page-Vlink-CC-Void/txt_TransactionID"), VLinkSaleTranxID): Text '12126673' is set on object 'Object Repository/RecAndPlayBk/Page-Vlink-CC-Void/txt_TransactionID'

2023-02-15 22:12:37 - [MESSAGE][PASSED] - Text '12126673' is set on object 'Object Repository/RecAndPlayBk/Page-Vlink-CC-Void/txt_TransactionID'

2023-02-15 22:12:37 - [TEST_STEP][PASSED] - setText(findTestObject("Object Repository/RecAndPlayBk/Page-Vlink-CC-Void/txt_OriginalTransactionType"), "102"): Text '102' is set on object 'Object Repository/RecAndPlayBk/Page-Vlink-CC-Void/txt_OriginalTransactionType'

2023-02-15 22:12:37 - [MESSAGE][PASSED] - Text '102' is set on object 'Object Repository/RecAndPlayBk/Page-Vlink-CC-Void/txt_OriginalTransactionType'

2023-02-15 22:12:37 - [TEST_STEP][PASSED] - setText(findTestObject("Object Repository/RecAndPlayBk/Page-Vlink-CC-Void/txt_TrackData"), ""): Text '' is set on object 'Object Repository/RecAndPlayBk/Page-Vlink-CC-Void/txt_TrackData'

2023-02-15 22:12:38 - [MESSAGE][PASSED] - Text '' is set on object 'Object Repository/RecAndPlayBk/Page-Vlink-CC-Void/txt_TrackData'

2023-02-15 22:12:38 - [TEST_STEP][PASSED] - click(findTestObject("Object Repository/RecAndPlayBk/Page-Vlink-CC-Void/btn_ProcessVLinkTransaction")): Object: 'Object Repository/RecAndPlayBk/Page-Vlink-CC-Void/btn_ProcessVLinkTransaction' is clicked on

2023-02-15 22:12:39 - [MESSAGE][PASSED] - Object: 'Object Repository/RecAndPlayBk/Page-Vlink-CC-Void/btn_ProcessVLinkTransaction' is clicked on

2023-02-15 22:12:39 - [TEST_STEP][PASSED] - if (verifyTextPresent("Transaction approved, no errors", true)): null

2023-02-15 22:12:40 - [MESSAGE][PASSED] - Text 'Transaction approved, no errors' is present on page  using regular expression

2023-02-15 22:12:40 - [TEST_STEP][PASSED] - println("Transaction Approved, no errors text is present on the Confirmation page"): null

2023-02-15 22:12:40 - [TEST_STEP][PASSED] - out.println("Pass Record Number: " + row): null

2023-02-15 22:12:40 - [TEST_STEP][PASSED] - resText = "Pass": null

2023-02-15 22:12:40 - [TEST_STEP][PASSED] - pages.WriteExcel.demoKey(resText, datText, resColumn, datCloumn, fileLoc, nameSheet, row): pages.WriteExcel.demoKey is PASSED

2023-02-15 22:12:40 - [MESSAGE][PASSED] - pages.WriteExcel.demoKey is PASSED]]></system-out>
         <system-err><![CDATA[2023-02-15 22:10:04 - [TEST_CASE][FAILED] - Test Cases/RecAndPlayBk/VLink/Auth-Cap-Void: Test Cases/RecAndPlayBk/VLink/Auth-Cap-Void FAILED.
Reason:
com.kms.katalon.core.exception.StepFailedException: Text 'Transaction approved, no errors' is not present on page  using regular expression (Root cause: com.kms.katalon.core.exception.StepFailedException: Text 'Transaction approved, no errors' is not present on page  using regular expression
	at com.kms.katalon.core.webui.keyword.internal.WebUIKeywordMain.stepFailed(WebUIKeywordMain.groovy:64)
	at com.kms.katalon.core.webui.keyword.builtin.VerifyTextPresentKeyword$_verifyTextPresent_closure1.doCall(VerifyTextPresentKeyword.groovy:79)
	at com.kms.katalon.core.webui.keyword.builtin.VerifyTextPresentKeyword$_verifyTextPresent_closure1.call(VerifyTextPresentKeyword.groovy)
	at com.kms.katalon.core.webui.keyword.internal.WebUIKeywordMain.runKeyword(WebUIKeywordMain.groovy:20)
	at com.kms.katalon.core.webui.keyword.builtin.VerifyTextPresentKeyword.verifyTextPresent(VerifyTextPresentKeyword.groovy:83)
	at com.kms.katalon.core.webui.keyword.builtin.VerifyTextPresentKeyword.execute(VerifyTextPresentKeyword.groovy:68)
	at com.kms.katalon.core.keyword.internal.KeywordExecutor.executeKeywordForPlatform(KeywordExecutor.groovy:74)
	at com.kms.katalon.core.webui.keyword.WebUiBuiltInKeywords.verifyTextPresent(WebUiBuiltInKeywords.groovy:1723)
	at com.kms.katalon.core.webui.keyword.WebUiBuiltInKeywords$verifyTextPresent$4.call(Unknown Source)
	at Auth-Cap-Void.run(Auth-Cap-Void:161)
	at com.kms.katalon.core.main.ScriptEngine.run(ScriptEngine.java:194)
	at com.kms.katalon.core.main.ScriptEngine.runScriptAsRawText(ScriptEngine.java:119)
	at com.kms.katalon.core.main.TestCaseExecutor.runScript(TestCaseExecutor.java:442)
	at com.kms.katalon.core.main.TestCaseExecutor.doExecute(TestCaseExecutor.java:433)
	at com.kms.katalon.core.main.TestCaseExecutor.processExecutionPhase(TestCaseExecutor.java:412)
	at com.kms.katalon.core.main.TestCaseExecutor.accessMainPhase(TestCaseExecutor.java:404)
	at com.kms.katalon.core.main.TestCaseExecutor.execute(TestCaseExecutor.java:281)
	at com.kms.katalon.core.main.TestSuiteExecutor.accessTestCaseMainPhase(TestSuiteExecutor.java:202)
	at com.kms.katalon.core.main.TestSuiteExecutor.accessTestSuiteMainPhase(TestSuiteExecutor.java:164)
	at com.kms.katalon.core.main.TestSuiteExecutor.execute(TestSuiteExecutor.java:105)
	at com.kms.katalon.core.main.TestCaseMain.startTestSuite(TestCaseMain.java:185)
	at com.kms.katalon.core.main.TestCaseMain$startTestSuite$0.call(Unknown Source)
	at TempTestSuite1676515943031.run(TempTestSuite1676515943031.groovy:36)
)
	at com.kms.katalon.core.keyword.internal.KeywordMain.stepFailed(KeywordMain.groovy:39)
	at com.kms.katalon.core.webui.keyword.internal.WebUIKeywordMain.stepFailed(WebUIKeywordMain.groovy:64)
	at com.kms.katalon.core.webui.keyword.builtin.VerifyTextPresentKeyword$_verifyTextPresent_closure1.doCall(VerifyTextPresentKeyword.groovy:79)
	at com.kms.katalon.core.webui.keyword.builtin.VerifyTextPresentKeyword$_verifyTextPresent_closure1.call(VerifyTextPresentKeyword.groovy)
	at com.kms.katalon.core.webui.keyword.internal.WebUIKeywordMain.runKeyword(WebUIKeywordMain.groovy:20)
	at com.kms.katalon.core.webui.keyword.builtin.VerifyTextPresentKeyword.verifyTextPresent(VerifyTextPresentKeyword.groovy:83)
	at com.kms.katalon.core.webui.keyword.builtin.VerifyTextPresentKeyword.execute(VerifyTextPresentKeyword.groovy:68)
	at com.kms.katalon.core.keyword.internal.KeywordExecutor.executeKeywordForPlatform(KeywordExecutor.groovy:74)
	at com.kms.katalon.core.webui.keyword.WebUiBuiltInKeywords.verifyTextPresent(WebUiBuiltInKeywords.groovy:1723)
	at com.kms.katalon.core.webui.keyword.WebUiBuiltInKeywords$verifyTextPresent$4.call(Unknown Source)
	at Auth-Cap-Void.run(Auth-Cap-Void:161)
	at com.kms.katalon.core.main.ScriptEngine.run(ScriptEngine.java:194)
	at com.kms.katalon.core.main.ScriptEngine.runScriptAsRawText(ScriptEngine.java:119)
	at com.kms.katalon.core.main.TestCaseExecutor.runScript(TestCaseExecutor.java:442)
	at com.kms.katalon.core.main.TestCaseExecutor.doExecute(TestCaseExecutor.java:433)
	at com.kms.katalon.core.main.TestCaseExecutor.processExecutionPhase(TestCaseExecutor.java:412)
	at com.kms.katalon.core.main.TestCaseExecutor.accessMainPhase(TestCaseExecutor.java:404)
	at com.kms.katalon.core.main.TestCaseExecutor.execute(TestCaseExecutor.java:281)
	at com.kms.katalon.core.main.TestSuiteExecutor.accessTestCaseMainPhase(TestSuiteExecutor.java:202)
	at com.kms.katalon.core.main.TestSuiteExecutor.accessTestSuiteMainPhase(TestSuiteExecutor.java:164)
	at com.kms.katalon.core.main.TestSuiteExecutor.execute(TestSuiteExecutor.java:105)
	at com.kms.katalon.core.main.TestCaseMain.startTestSuite(TestCaseMain.java:185)
	at com.kms.katalon.core.main.TestCaseMain$startTestSuite$0.call(Unknown Source)
	at TempTestSuite1676515943031.run(TempTestSuite1676515943031.groovy:36)
Caused by: com.kms.katalon.core.exception.StepFailedException: Text 'Transaction approved, no errors' is not present on page  using regular expression
	... 23 more]]></system-err>
      </testcase>
      <testcase name="Test Cases/RecAndPlayBk/VLink/Auth-Cap-Credit" time="166.24" classname="Test Cases/RecAndPlayBk/VLink/Auth-Cap-Credit" status="FAILED">
         <failure type="FAILED" message="Test Cases/RecAndPlayBk/VLink/Auth-Cap-Credit FAILED.
Reason:
com.kms.katalon.core.exception.StepFailedException: Text 'Transaction approved, no errors' is not present on page  using regular expression (Root cause: com.kms.katalon.core.exception.StepFailedException: Text 'Transaction approved, no errors' is not present on page  using regular expression
	at com.kms.katalon.core.webui.keyword.internal.WebUIKeywordMain.stepFailed(WebUIKeywordMain.groovy:64)
	at com.kms.katalon.core.webui.keyword.builtin.VerifyTextPresentKeyword$_verifyTextPresent_closure1.doCall(VerifyTextPresentKeyword.groovy:79)
	at com.kms.katalon.core.webui.keyword.builtin.VerifyTextPresentKeyword$_verifyTextPresent_closure1.call(VerifyTextPresentKeyword.groovy)
	at com.kms.katalon.core.webui.keyword.internal.WebUIKeywordMain.runKeyword(WebUIKeywordMain.groovy:20)
	at com.kms.katalon.core.webui.keyword.builtin.VerifyTextPresentKeyword.verifyTextPresent(VerifyTextPresentKeyword.groovy:83)
	at com.kms.katalon.core.webui.keyword.builtin.VerifyTextPresentKeyword.execute(VerifyTextPresentKeyword.groovy:68)
	at com.kms.katalon.core.keyword.internal.KeywordExecutor.executeKeywordForPlatform(KeywordExecutor.groovy:74)
	at com.kms.katalon.core.webui.keyword.WebUiBuiltInKeywords.verifyTextPresent(WebUiBuiltInKeywords.groovy:1723)
	at com.kms.katalon.core.webui.keyword.WebUiBuiltInKeywords$verifyTextPresent$4.call(Unknown Source)
	at Auth-Cap-Credit.run(Auth-Cap-Credit:161)
	at com.kms.katalon.core.main.ScriptEngine.run(ScriptEngine.java:194)
	at com.kms.katalon.core.main.ScriptEngine.runScriptAsRawText(ScriptEngine.java:119)
	at com.kms.katalon.core.main.TestCaseExecutor.runScript(TestCaseExecutor.java:442)
	at com.kms.katalon.core.main.TestCaseExecutor.doExecute(TestCaseExecutor.java:433)
	at com.kms.katalon.core.main.TestCaseExecutor.processExecutionPhase(TestCaseExecutor.java:412)
	at com.kms.katalon.core.main.TestCaseExecutor.accessMainPhase(TestCaseExecutor.java:404)
	at com.kms.katalon.core.main.TestCaseExecutor.execute(TestCaseExecutor.java:281)
	at com.kms.katalon.core.main.TestSuiteExecutor.accessTestCaseMainPhase(TestSuiteExecutor.java:202)
	at com.kms.katalon.core.main.TestSuiteExecutor.accessTestSuiteMainPhase(TestSuiteExecutor.java:164)
	at com.kms.katalon.core.main.TestSuiteExecutor.execute(TestSuiteExecutor.java:105)
	at com.kms.katalon.core.main.TestCaseMain.startTestSuite(TestCaseMain.java:185)
	at com.kms.katalon.core.main.TestCaseMain$startTestSuite$0.call(Unknown Source)
	at TempTestSuite1676515943031.run(TempTestSuite1676515943031.groovy:36)
)
	at com.kms.katalon.core.keyword.internal.KeywordMain.stepFailed(KeywordMain.groovy:39)
	at com.kms.katalon.core.webui.keyword.internal.WebUIKeywordMain.stepFailed(WebUIKeywordMain.groovy:64)
	at com.kms.katalon.core.webui.keyword.builtin.VerifyTextPresentKeyword$_verifyTextPresent_closure1.doCall(VerifyTextPresentKeyword.groovy:79)
	at com.kms.katalon.core.webui.keyword.builtin.VerifyTextPresentKeyword$_verifyTextPresent_closure1.call(VerifyTextPresentKeyword.groovy)
	at com.kms.katalon.core.webui.keyword.internal.WebUIKeywordMain.runKeyword(WebUIKeywordMain.groovy:20)
	at com.kms.katalon.core.webui.keyword.builtin.VerifyTextPresentKeyword.verifyTextPresent(VerifyTextPresentKeyword.groovy:83)
	at com.kms.katalon.core.webui.keyword.builtin.VerifyTextPresentKeyword.execute(VerifyTextPresentKeyword.groovy:68)
	at com.kms.katalon.core.keyword.internal.KeywordExecutor.executeKeywordForPlatform(KeywordExecutor.groovy:74)
	at com.kms.katalon.core.webui.keyword.WebUiBuiltInKeywords.verifyTextPresent(WebUiBuiltInKeywords.groovy:1723)
	at com.kms.katalon.core.webui.keyword.WebUiBuiltInKeywords$verifyTextPresent$4.call(Unknown Source)
	at Auth-Cap-Credit.run(Auth-Cap-Credit:161)
	at com.kms.katalon.core.main.ScriptEngine.run(ScriptEngine.java:194)
	at com.kms.katalon.core.main.ScriptEngine.runScriptAsRawText(ScriptEngine.java:119)
	at com.kms.katalon.core.main.TestCaseExecutor.runScript(TestCaseExecutor.java:442)
	at com.kms.katalon.core.main.TestCaseExecutor.doExecute(TestCaseExecutor.java:433)
	at com.kms.katalon.core.main.TestCaseExecutor.processExecutionPhase(TestCaseExecutor.java:412)
	at com.kms.katalon.core.main.TestCaseExecutor.accessMainPhase(TestCaseExecutor.java:404)
	at com.kms.katalon.core.main.TestCaseExecutor.execute(TestCaseExecutor.java:281)
	at com.kms.katalon.core.main.TestSuiteExecutor.accessTestCaseMainPhase(TestSuiteExecutor.java:202)
	at com.kms.katalon.core.main.TestSuiteExecutor.accessTestSuiteMainPhase(TestSuiteExecutor.java:164)
	at com.kms.katalon.core.main.TestSuiteExecutor.execute(TestSuiteExecutor.java:105)
	at com.kms.katalon.core.main.TestCaseMain.startTestSuite(TestCaseMain.java:185)
	at com.kms.katalon.core.main.TestCaseMain$startTestSuite$0.call(Unknown Source)
	at TempTestSuite1676515943031.run(TempTestSuite1676515943031.groovy:36)
Caused by: com.kms.katalon.core.exception.StepFailedException: Text 'Transaction approved, no errors' is not present on page  using regular expression
	... 23 more
"/>
         <system-out><![CDATA[2023-02-15 22:12:40 - [TEST_CASE][FAILED] - Test Cases/RecAndPlayBk/VLink/Auth-Cap-Credit: Test Cases/RecAndPlayBk/VLink/Auth-Cap-Credit FAILED.
Reason:
com.kms.katalon.core.exception.StepFailedException: Text 'Transaction approved, no errors' is not present on page  using regular expression (Root cause: com.kms.katalon.core.exception.StepFailedException: Text 'Transaction approved, no errors' is not present on page  using regular expression
	at com.kms.katalon.core.webui.keyword.internal.WebUIKeywordMain.stepFailed(WebUIKeywordMain.groovy:64)
	at com.kms.katalon.core.webui.keyword.builtin.VerifyTextPresentKeyword$_verifyTextPresent_closure1.doCall(VerifyTextPresentKeyword.groovy:79)
	at com.kms.katalon.core.webui.keyword.builtin.VerifyTextPresentKeyword$_verifyTextPresent_closure1.call(VerifyTextPresentKeyword.groovy)
	at com.kms.katalon.core.webui.keyword.internal.WebUIKeywordMain.runKeyword(WebUIKeywordMain.groovy:20)
	at com.kms.katalon.core.webui.keyword.builtin.VerifyTextPresentKeyword.verifyTextPresent(VerifyTextPresentKeyword.groovy:83)
	at com.kms.katalon.core.webui.keyword.builtin.VerifyTextPresentKeyword.execute(VerifyTextPresentKeyword.groovy:68)
	at com.kms.katalon.core.keyword.internal.KeywordExecutor.executeKeywordForPlatform(KeywordExecutor.groovy:74)
	at com.kms.katalon.core.webui.keyword.WebUiBuiltInKeywords.verifyTextPresent(WebUiBuiltInKeywords.groovy:1723)
	at com.kms.katalon.core.webui.keyword.WebUiBuiltInKeywords$verifyTextPresent$4.call(Unknown Source)
	at Auth-Cap-Credit.run(Auth-Cap-Credit:161)
	at com.kms.katalon.core.main.ScriptEngine.run(ScriptEngine.java:194)
	at com.kms.katalon.core.main.ScriptEngine.runScriptAsRawText(ScriptEngine.java:119)
	at com.kms.katalon.core.main.TestCaseExecutor.runScript(TestCaseExecutor.java:442)
	at com.kms.katalon.core.main.TestCaseExecutor.doExecute(TestCaseExecutor.java:433)
	at com.kms.katalon.core.main.TestCaseExecutor.processExecutionPhase(TestCaseExecutor.java:412)
	at com.kms.katalon.core.main.TestCaseExecutor.accessMainPhase(TestCaseExecutor.java:404)
	at com.kms.katalon.core.main.TestCaseExecutor.execute(TestCaseExecutor.java:281)
	at com.kms.katalon.core.main.TestSuiteExecutor.accessTestCaseMainPhase(TestSuiteExecutor.java:202)
	at com.kms.katalon.core.main.TestSuiteExecutor.accessTestSuiteMainPhase(TestSuiteExecutor.java:164)
	at com.kms.katalon.core.main.TestSuiteExecutor.execute(TestSuiteExecutor.java:105)
	at com.kms.katalon.core.main.TestCaseMain.startTestSuite(TestCaseMain.java:185)
	at com.kms.katalon.core.main.TestCaseMain$startTestSuite$0.call(Unknown Source)
	at TempTestSuite1676515943031.run(TempTestSuite1676515943031.groovy:36)
)
	at com.kms.katalon.core.keyword.internal.KeywordMain.stepFailed(KeywordMain.groovy:39)
	at com.kms.katalon.core.webui.keyword.internal.WebUIKeywordMain.stepFailed(WebUIKeywordMain.groovy:64)
	at com.kms.katalon.core.webui.keyword.builtin.VerifyTextPresentKeyword$_verifyTextPresent_closure1.doCall(VerifyTextPresentKeyword.groovy:79)
	at com.kms.katalon.core.webui.keyword.builtin.VerifyTextPresentKeyword$_verifyTextPresent_closure1.call(VerifyTextPresentKeyword.groovy)
	at com.kms.katalon.core.webui.keyword.internal.WebUIKeywordMain.runKeyword(WebUIKeywordMain.groovy:20)
	at com.kms.katalon.core.webui.keyword.builtin.VerifyTextPresentKeyword.verifyTextPresent(VerifyTextPresentKeyword.groovy:83)
	at com.kms.katalon.core.webui.keyword.builtin.VerifyTextPresentKeyword.execute(VerifyTextPresentKeyword.groovy:68)
	at com.kms.katalon.core.keyword.internal.KeywordExecutor.executeKeywordForPlatform(KeywordExecutor.groovy:74)
	at com.kms.katalon.core.webui.keyword.WebUiBuiltInKeywords.verifyTextPresent(WebUiBuiltInKeywords.groovy:1723)
	at com.kms.katalon.core.webui.keyword.WebUiBuiltInKeywords$verifyTextPresent$4.call(Unknown Source)
	at Auth-Cap-Credit.run(Auth-Cap-Credit:161)
	at com.kms.katalon.core.main.ScriptEngine.run(ScriptEngine.java:194)
	at com.kms.katalon.core.main.ScriptEngine.runScriptAsRawText(ScriptEngine.java:119)
	at com.kms.katalon.core.main.TestCaseExecutor.runScript(TestCaseExecutor.java:442)
	at com.kms.katalon.core.main.TestCaseExecutor.doExecute(TestCaseExecutor.java:433)
	at com.kms.katalon.core.main.TestCaseExecutor.processExecutionPhase(TestCaseExecutor.java:412)
	at com.kms.katalon.core.main.TestCaseExecutor.accessMainPhase(TestCaseExecutor.java:404)
	at com.kms.katalon.core.main.TestCaseExecutor.execute(TestCaseExecutor.java:281)
	at com.kms.katalon.core.main.TestSuiteExecutor.accessTestCaseMainPhase(TestSuiteExecutor.java:202)
	at com.kms.katalon.core.main.TestSuiteExecutor.accessTestSuiteMainPhase(TestSuiteExecutor.java:164)
	at com.kms.katalon.core.main.TestSuiteExecutor.execute(TestSuiteExecutor.java:105)
	at com.kms.katalon.core.main.TestCaseMain.startTestSuite(TestCaseMain.java:185)
	at com.kms.katalon.core.main.TestCaseMain$startTestSuite$0.call(Unknown Source)
	at TempTestSuite1676515943031.run(TempTestSuite1676515943031.groovy:36)
Caused by: com.kms.katalon.core.exception.StepFailedException: Text 'Transaction approved, no errors' is not present on page  using regular expression
	... 23 more


2023-02-15 22:12:40 - [TEST_STEP][PASSED] - executionProfile = getExecutionProfile(): null

2023-02-15 22:12:40 - [TEST_STEP][PASSED] - out.println("executionProfile : " + executionProfile): null

2023-02-15 22:12:40 - [TEST_STEP][PASSED] - appName = <not implemented yet for class: org.codehaus.groovy.ast.expr.EmptyExpression>: null

2023-02-15 22:12:40 - [TEST_STEP][PASSED] - appID = <not implemented yet for class: org.codehaus.groovy.ast.expr.EmptyExpression>: null

2023-02-15 22:12:40 - [TEST_STEP][PASSED] - username = <not implemented yet for class: org.codehaus.groovy.ast.expr.EmptyExpression>: null

2023-02-15 22:12:40 - [TEST_STEP][PASSED] - password = <not implemented yet for class: org.codehaus.groovy.ast.expr.EmptyExpression>: null

2023-02-15 22:12:40 - [TEST_STEP][PASSED] - cardNameV = <not implemented yet for class: org.codehaus.groovy.ast.expr.EmptyExpression>: null

2023-02-15 22:12:40 - [TEST_STEP][PASSED] - al1V = <not implemented yet for class: org.codehaus.groovy.ast.expr.EmptyExpression>: null

2023-02-15 22:12:40 - [TEST_STEP][PASSED] - al2V = <not implemented yet for class: org.codehaus.groovy.ast.expr.EmptyExpression>: null

2023-02-15 22:12:40 - [TEST_STEP][PASSED] - zipV = <not implemented yet for class: org.codehaus.groovy.ast.expr.EmptyExpression>: null

2023-02-15 22:12:40 - [TEST_STEP][PASSED] - cardTypeV = <not implemented yet for class: org.codehaus.groovy.ast.expr.EmptyExpression>: null

2023-02-15 22:12:40 - [TEST_STEP][PASSED] - last4V = <not implemented yet for class: org.codehaus.groovy.ast.expr.EmptyExpression>: null

2023-02-15 22:12:40 - [TEST_STEP][PASSED] - resText = "Fail": null

2023-02-15 22:12:40 - [TEST_STEP][PASSED] - resColumn = "Result": null

2023-02-15 22:12:40 - [TEST_STEP][PASSED] - datCloumn = "Date": null

2023-02-15 22:12:40 - [TEST_STEP][PASSED] - fileLoc = "KatalonData/VLinkSmokeData.xlsx": null

2023-02-15 22:12:40 - [TEST_STEP][PASSED] - numOfRows = <not implemented yet for class: org.codehaus.groovy.ast.expr.EmptyExpression>: null

2023-02-15 22:12:40 - [TEST_STEP][PASSED] - dataFile = <not implemented yet for class: org.codehaus.groovy.ast.expr.EmptyExpression>: null

2023-02-15 22:12:40 - [TEST_STEP][PASSED] - nameSheet = <not implemented yet for class: org.codehaus.groovy.ast.expr.EmptyExpression>: null

2023-02-15 22:12:40 - [TEST_STEP][PASSED] - nameSheet = "Auth-Cap-Credit": null

2023-02-15 22:12:40 - [TEST_STEP][PASSED] - numOfRows = findTestData("QA/VLinkTestData/VLinkAuthCapCreditData").getRowNumbers(): null

2023-02-15 22:12:40 - [TEST_STEP][PASSED] - println("Number of Records: " + numOfRows): null

2023-02-15 22:12:40 - [TEST_STEP][PASSED] - dataFile = "QA/VLinkTestData/VLinkAuthCapCreditData": null

2023-02-15 22:12:40 - [TEST_STEP][FAILED] - for ([row = 1, row <= numOfRows, (row++)]): null

2023-02-15 22:12:40 - [TEST_STEP][PASSED] - ExecuteTC = findTestData(dataFile).getValue("Execute", row): null

2023-02-15 22:12:41 - [TEST_STEP][PASSED] - out.println("Value of Execute is : " + ExecuteTC): null

2023-02-15 22:12:41 - [TEST_STEP][PASSED] - switch (executionProfile): null

2023-02-15 22:12:41 - [TEST_STEP][PASSED] - case "QAProfile":: null

2023-02-15 22:12:41 - [TEST_STEP][PASSED] - appID = findTestData(dataFile).getValue("AppIDQA", row): null

2023-02-15 22:12:41 - [TEST_STEP][PASSED] - username = findTestData(dataFile).getValue("UsernameQA", row): null

2023-02-15 22:12:41 - [TEST_STEP][PASSED] - password = findTestData(dataFile).getValue("PasswordQA", row): null

2023-02-15 22:12:41 - [TEST_STEP][PASSED] - break: null

2023-02-15 22:12:41 - [TEST_STEP][PASSED] - if (ExecuteTC.equalsIgnoreCase("Y")): null

2023-02-15 22:12:41 - [TEST_STEP][PASSED] - out.println("Begin Record Number: " + row): null

2023-02-15 22:12:41 - [TEST_STEP][PASSED] - today = new java.util.Date(): null

2023-02-15 22:12:41 - [TEST_STEP][PASSED] - println(today): null

2023-02-15 22:12:41 - [TEST_STEP][PASSED] - datText = today: null

2023-02-15 22:12:41 - [TEST_STEP][PASSED] - category = findTestData(dataFile).getValue("Category", row): null

2023-02-15 22:12:41 - [TEST_STEP][PASSED] - amount = findTestData(dataFile).getValue("Amount", row): null

2023-02-15 22:12:41 - [TEST_STEP][PASSED] - cardNumber = findTestData(dataFile).getValue("CardNumber", row): null

2023-02-15 22:12:41 - [TEST_STEP][PASSED] - exM = findTestData(dataFile).getValue("ExM", row): null

2023-02-15 22:12:41 - [TEST_STEP][PASSED] - exY = findTestData(dataFile).getValue("ExY", row): null

2023-02-15 22:12:41 - [TEST_STEP][PASSED] - openBrowser(VLinkURL + "auth.html"): Browser is opened with url: 'https://dev-algorithm.govolution.com/vlinktest/QA/version_2_0/auth.html'

2023-02-15 22:12:41 - [MESSAGE][WARNING] - A browser is already opened. Closing browser and opening a new one

2023-02-15 22:12:42 - [MESSAGE][INFO] - Starting 'Chrome' driver

2023-02-15 22:12:42 - [MESSAGE][INFO] - User set preference: ['acceptInsecureCerts', 'true']

2023-02-15 22:12:42 - [MESSAGE][INFO] - Action delay is set to 0 milliseconds

2023-02-15 22:12:44 - [MESSAGE][PASSED] - Browser is opened with url: 'https://dev-algorithm.govolution.com/vlinktest/QA/version_2_0/auth.html'

2023-02-15 22:12:44 - [TEST_STEP][PASSED] - maximizeWindow(): Current window maximized

2023-02-15 22:12:44 - [MESSAGE][PASSED] - Current window maximized

2023-02-15 22:12:44 - [TEST_STEP][PASSED] - genRemID = RandomStringUtils.random(12, true, true): null

2023-02-15 22:12:44 - [TEST_STEP][PASSED] - setText(findTestObject("Object Repository/RecAndPlayBk/Page-Vlink-AuthOnly/input_Remittance Id_remittance_id"), genRemID): Text 'UV6HLpcue5Yk' is set on object 'Object Repository/RecAndPlayBk/Page-Vlink-AuthOnly/input_Remittance Id_remittance_id'

2023-02-15 22:12:45 - [MESSAGE][PASSED] - Text 'UV6HLpcue5Yk' is set on object 'Object Repository/RecAndPlayBk/Page-Vlink-AuthOnly/input_Remittance Id_remittance_id'

2023-02-15 22:12:45 - [TEST_STEP][PASSED] - setText(findTestObject("Object Repository/RecAndPlayBk/Page-Vlink-AuthOnly/input_Application Id_application_id"), appID): Text '234' is set on object 'Object Repository/RecAndPlayBk/Page-Vlink-AuthOnly/input_Application Id_application_id'

2023-02-15 22:12:45 - [MESSAGE][PASSED] - Text '234' is set on object 'Object Repository/RecAndPlayBk/Page-Vlink-AuthOnly/input_Application Id_application_id'

2023-02-15 22:12:45 - [TEST_STEP][PASSED] - setText(findTestObject("Object Repository/RecAndPlayBk/Page-Vlink-AuthOnly/input_Username_username"), username): Text 'username' is set on object 'Object Repository/RecAndPlayBk/Page-Vlink-AuthOnly/input_Username_username'

2023-02-15 22:12:46 - [MESSAGE][PASSED] - Text 'username' is set on object 'Object Repository/RecAndPlayBk/Page-Vlink-AuthOnly/input_Username_username'

2023-02-15 22:12:46 - [TEST_STEP][PASSED] - setText(findTestObject("Object Repository/RecAndPlayBk/Page-Vlink-AuthOnly/input_Password_password"), password): Text 'password' is set on object 'Object Repository/RecAndPlayBk/Page-Vlink-AuthOnly/input_Password_password'

2023-02-15 22:12:47 - [MESSAGE][PASSED] - Text 'password' is set on object 'Object Repository/RecAndPlayBk/Page-Vlink-AuthOnly/input_Password_password'

2023-02-15 22:12:47 - [TEST_STEP][PASSED] - setText(findTestObject("Object Repository/RecAndPlayBk/Page-Vlink-AuthOnly/input_Category_category"), category): Text 'ECOM' is set on object 'Object Repository/RecAndPlayBk/Page-Vlink-AuthOnly/input_Category_category'

2023-02-15 22:12:47 - [MESSAGE][PASSED] - Text 'ECOM' is set on object 'Object Repository/RecAndPlayBk/Page-Vlink-AuthOnly/input_Category_category'

2023-02-15 22:12:47 - [TEST_STEP][PASSED] - setText(findTestObject("Object Repository/RecAndPlayBk/Page-Vlink-AuthOnly/input_Amount_amount"), amount): Text '10.5' is set on object 'Object Repository/RecAndPlayBk/Page-Vlink-AuthOnly/input_Amount_amount'

2023-02-15 22:12:48 - [MESSAGE][PASSED] - Text '10.5' is set on object 'Object Repository/RecAndPlayBk/Page-Vlink-AuthOnly/input_Amount_amount'

2023-02-15 22:12:48 - [TEST_STEP][PASSED] - doubleClick(findTestObject("Object Repository/RecAndPlayBk/Page-Vlink-AuthOnly/input_Card number_card_number")): Object: 'Object Repository/RecAndPlayBk/Page-Vlink-AuthOnly/input_Card number_card_number' is double clicked on

2023-02-15 22:12:48 - [MESSAGE][PASSED] - Object: 'Object Repository/RecAndPlayBk/Page-Vlink-AuthOnly/input_Card number_card_number' is double clicked on

2023-02-15 22:12:48 - [TEST_STEP][PASSED] - setText(findTestObject("Object Repository/RecAndPlayBk/Page-Vlink-AuthOnly/input_Card number_card_number"), cardNumber): Text '4111111111111111' is set on object 'Object Repository/RecAndPlayBk/Page-Vlink-AuthOnly/input_Card number_card_number'

2023-02-15 22:12:49 - [MESSAGE][PASSED] - Text '4111111111111111' is set on object 'Object Repository/RecAndPlayBk/Page-Vlink-AuthOnly/input_Card number_card_number'

2023-02-15 22:12:49 - [TEST_STEP][PASSED] - setText(findTestObject("Object Repository/RecAndPlayBk/Page-Vlink-AuthOnly/input_Card ex month_card_exmo"), exM): Text '12' is set on object 'Object Repository/RecAndPlayBk/Page-Vlink-AuthOnly/input_Card ex month_card_exmo'

2023-02-15 22:12:50 - [MESSAGE][PASSED] - Text '12' is set on object 'Object Repository/RecAndPlayBk/Page-Vlink-AuthOnly/input_Card ex month_card_exmo'

2023-02-15 22:12:50 - [TEST_STEP][PASSED] - setText(findTestObject("Object Repository/RecAndPlayBk/Page-Vlink-AuthOnly/input_Card ex year_card_exyr"), exY): Text '2029' is set on object 'Object Repository/RecAndPlayBk/Page-Vlink-AuthOnly/input_Card ex year_card_exyr'

2023-02-15 22:12:50 - [MESSAGE][PASSED] - Text '2029' is set on object 'Object Repository/RecAndPlayBk/Page-Vlink-AuthOnly/input_Card ex year_card_exyr'

2023-02-15 22:12:50 - [TEST_STEP][PASSED] - click(findTestObject("Object Repository/RecAndPlayBk/Page-Vlink-AuthOnly/input_Track Data_track_data")): Object: 'Object Repository/RecAndPlayBk/Page-Vlink-AuthOnly/input_Track Data_track_data' is clicked on

2023-02-15 22:12:51 - [MESSAGE][PASSED] - Object: 'Object Repository/RecAndPlayBk/Page-Vlink-AuthOnly/input_Track Data_track_data' is clicked on

2023-02-15 22:12:51 - [TEST_STEP][PASSED] - click(findTestObject("Object Repository/RecAndPlayBk/Page-Vlink-AuthOnly/input_CVV state_cvv_state")): Object: 'Object Repository/RecAndPlayBk/Page-Vlink-AuthOnly/input_CVV state_cvv_state' is clicked on

2023-02-15 22:12:51 - [MESSAGE][PASSED] - Object: 'Object Repository/RecAndPlayBk/Page-Vlink-AuthOnly/input_CVV state_cvv_state' is clicked on

2023-02-15 22:12:51 - [TEST_STEP][PASSED] - setText(findTestObject("Object Repository/RecAndPlayBk/Page-Vlink-AuthOnly/input_Track Data_track_data"), ""): Text '' is set on object 'Object Repository/RecAndPlayBk/Page-Vlink-AuthOnly/input_Track Data_track_data'

2023-02-15 22:12:51 - [MESSAGE][PASSED] - Text '' is set on object 'Object Repository/RecAndPlayBk/Page-Vlink-AuthOnly/input_Track Data_track_data'

2023-02-15 22:12:51 - [TEST_STEP][PASSED] - setText(findTestObject("Object Repository/RecAndPlayBk/Page-Vlink-AuthOnly/input_concat(Cardholder, , s email)_email"), ""): Text '' is set on object 'Object Repository/RecAndPlayBk/Page-Vlink-AuthOnly/input_concat(Cardholder, , s email)_email'

2023-02-15 22:12:52 - [MESSAGE][PASSED] - Text '' is set on object 'Object Repository/RecAndPlayBk/Page-Vlink-AuthOnly/input_concat(Cardholder, , s email)_email'

2023-02-15 22:12:52 - [TEST_STEP][PASSED] - click(findTestObject("Object Repository/RecAndPlayBk/Page-Vlink-AuthOnly/input_user_defined10_user_defined10")): Object: 'Object Repository/RecAndPlayBk/Page-Vlink-AuthOnly/input_user_defined10_user_defined10' is clicked on

2023-02-15 22:12:52 - [MESSAGE][PASSED] - Object: 'Object Repository/RecAndPlayBk/Page-Vlink-AuthOnly/input_user_defined10_user_defined10' is clicked on

2023-02-15 22:12:52 - [TEST_STEP][PASSED] - if (executionProfile.equalsIgnoreCase("QAProfile")): Text '' is set on object 'Object Repository/RecAndPlayBk/Page-Vlink-AuthOnly/input_COF Transaction Initiated by_cof_tran_6cded5'

2023-02-15 22:12:52 - [TEST_STEP][PASSED] - setText(findTestObject("Object Repository/RecAndPlayBk/Page-Vlink-AuthOnly/input_Card on File Indicator_card_on_file_i_157dae"), ""): Text '' is set on object 'Object Repository/RecAndPlayBk/Page-Vlink-AuthOnly/input_Card on File Indicator_card_on_file_i_157dae'

2023-02-15 22:12:53 - [MESSAGE][PASSED] - Text '' is set on object 'Object Repository/RecAndPlayBk/Page-Vlink-AuthOnly/input_Card on File Indicator_card_on_file_i_157dae'

2023-02-15 22:12:53 - [TEST_STEP][PASSED] - setText(findTestObject("Object Repository/RecAndPlayBk/Page-Vlink-AuthOnly/input_Stored Credential Indicator_stored_cr_4ae73c"), ""): Text '' is set on object 'Object Repository/RecAndPlayBk/Page-Vlink-AuthOnly/input_Stored Credential Indicator_stored_cr_4ae73c'

2023-02-15 22:12:54 - [MESSAGE][PASSED] - Text '' is set on object 'Object Repository/RecAndPlayBk/Page-Vlink-AuthOnly/input_Stored Credential Indicator_stored_cr_4ae73c'

2023-02-15 22:12:54 - [TEST_STEP][PASSED] - setText(findTestObject("Object Repository/RecAndPlayBk/Page-Vlink-AuthOnly/input_COF Scheduled indicator_cof_scheduled_8df7d8"), ""): Text '' is set on object 'Object Repository/RecAndPlayBk/Page-Vlink-AuthOnly/input_COF Scheduled indicator_cof_scheduled_8df7d8'

2023-02-15 22:12:55 - [MESSAGE][PASSED] - Text '' is set on object 'Object Repository/RecAndPlayBk/Page-Vlink-AuthOnly/input_COF Scheduled indicator_cof_scheduled_8df7d8'

2023-02-15 22:12:55 - [TEST_STEP][PASSED] - setText(findTestObject("Object Repository/RecAndPlayBk/Page-Vlink-AuthOnly/input_COF Transaction Initiated by_cof_tran_6cded5"), ""): Text '' is set on object 'Object Repository/RecAndPlayBk/Page-Vlink-AuthOnly/input_COF Transaction Initiated by_cof_tran_6cded5'

2023-02-15 22:12:55 - [MESSAGE][PASSED] - Text '' is set on object 'Object Repository/RecAndPlayBk/Page-Vlink-AuthOnly/input_COF Transaction Initiated by_cof_tran_6cded5'

2023-02-15 22:12:55 - [TEST_STEP][PASSED] - click(findTestObject("Object Repository/RecAndPlayBk/Page-Vlink-AuthOnly/input")): Object: 'Object Repository/RecAndPlayBk/Page-Vlink-AuthOnly/input' is clicked on

2023-02-15 22:12:56 - [MESSAGE][PASSED] - Object: 'Object Repository/RecAndPlayBk/Page-Vlink-AuthOnly/input' is clicked on

2023-02-15 22:12:56 - [TEST_STEP][PASSED] - if (verifyTextPresent("Transaction approved, no errors", true)): null

2023-02-15 22:12:56 - [MESSAGE][PASSED] - Text 'Transaction approved, no errors' is present on page  using regular expression

2023-02-15 22:12:56 - [TEST_STEP][PASSED] - out.println("Auth was successful, Capture now"): null

2023-02-15 22:12:56 - [TEST_STEP][PASSED] - sdfo = getText(findTestObject("Object Repository/Page_VLinkReceipt/pre_STX")): Text of object 'Object Repository/Page_VLinkReceipt/pre_STX' is: '<STX>UV6HLpcue5Yk                  12126675            0  Transaction approved, no errors                   0                                                                                  Y 266743539<ETX>'

2023-02-15 22:12:57 - [MESSAGE][PASSED] - Text of object 'Object Repository/Page_VLinkReceipt/pre_STX' is: '<STX>UV6HLpcue5Yk                  12126675            0  Transaction approved, no errors                   0                                                                                  Y 266743539<ETX>'

2023-02-15 22:12:57 - [TEST_STEP][PASSED] - out.println("sdfo: " + sdfo): null

2023-02-15 22:12:57 - [TEST_STEP][PASSED] - remID = substring(5, 35).trim(): null

2023-02-15 22:12:57 - [TEST_STEP][PASSED] - out.println("remID: " + remID): null

2023-02-15 22:12:57 - [TEST_STEP][PASSED] - traxID = substring(35, 55).trim(): null

2023-02-15 22:12:57 - [TEST_STEP][PASSED] - out.println("traxID: " + traxID): null

2023-02-15 22:12:57 - [TEST_STEP][PASSED] - VLinkSaleRemID = remID: null

2023-02-15 22:12:57 - [TEST_STEP][PASSED] - VLinkSaleTranxID = traxID: null

2023-02-15 22:12:57 - [TEST_STEP][PASSED] - openBrowser(VLinkURL + "capture.html"): Browser is opened with url: 'https://dev-algorithm.govolution.com/vlinktest/QA/version_2_0/capture.html'

2023-02-15 22:12:57 - [MESSAGE][WARNING] - A browser is already opened. Closing browser and opening a new one

2023-02-15 22:12:58 - [MESSAGE][INFO] - Starting 'Chrome' driver

2023-02-15 22:12:58 - [MESSAGE][INFO] - User set preference: ['acceptInsecureCerts', 'true']

2023-02-15 22:12:58 - [MESSAGE][INFO] - Action delay is set to 0 milliseconds

2023-02-15 22:12:59 - [MESSAGE][PASSED] - Browser is opened with url: 'https://dev-algorithm.govolution.com/vlinktest/QA/version_2_0/capture.html'

2023-02-15 22:12:59 - [TEST_STEP][PASSED] - maximizeWindow(): Current window maximized

2023-02-15 22:12:59 - [MESSAGE][PASSED] - Current window maximized

2023-02-15 22:12:59 - [TEST_STEP][PASSED] - setText(findTestObject("Object Repository/RecAndPlayBk/Page-VLink-Capture/input_Remittance Id_remittance_id"), VLinkSaleRemID): Text 'UV6HLpcue5Yk' is set on object 'Object Repository/RecAndPlayBk/Page-VLink-Capture/input_Remittance Id_remittance_id'

2023-02-15 22:13:00 - [MESSAGE][PASSED] - Text 'UV6HLpcue5Yk' is set on object 'Object Repository/RecAndPlayBk/Page-VLink-Capture/input_Remittance Id_remittance_id'

2023-02-15 22:13:00 - [TEST_STEP][PASSED] - setText(findTestObject("Object Repository/RecAndPlayBk/Page-VLink-Capture/input_Application Id_application_id"), appID): Text '234' is set on object 'Object Repository/RecAndPlayBk/Page-VLink-Capture/input_Application Id_application_id'

2023-02-15 22:13:01 - [MESSAGE][PASSED] - Text '234' is set on object 'Object Repository/RecAndPlayBk/Page-VLink-Capture/input_Application Id_application_id'

2023-02-15 22:13:01 - [TEST_STEP][PASSED] - setText(findTestObject("Object Repository/RecAndPlayBk/Page-VLink-Capture/input_Username_username"), username): Text 'username' is set on object 'Object Repository/RecAndPlayBk/Page-VLink-Capture/input_Username_username'

2023-02-15 22:13:02 - [MESSAGE][PASSED] - Text 'username' is set on object 'Object Repository/RecAndPlayBk/Page-VLink-Capture/input_Username_username'

2023-02-15 22:13:02 - [TEST_STEP][PASSED] - setText(findTestObject("Object Repository/RecAndPlayBk/Page-VLink-Capture/input_Password_password"), password): Text 'password' is set on object 'Object Repository/RecAndPlayBk/Page-VLink-Capture/input_Password_password'

2023-02-15 22:13:02 - [MESSAGE][PASSED] - Text 'password' is set on object 'Object Repository/RecAndPlayBk/Page-VLink-Capture/input_Password_password'

2023-02-15 22:13:02 - [TEST_STEP][PASSED] - setText(findTestObject("Object Repository/RecAndPlayBk/Page-VLink-Capture/input_Transaction ID_transaction_id"), VLinkSaleTranxID): Text '12126675' is set on object 'Object Repository/RecAndPlayBk/Page-VLink-Capture/input_Transaction ID_transaction_id'

2023-02-15 22:13:03 - [MESSAGE][PASSED] - Text '12126675' is set on object 'Object Repository/RecAndPlayBk/Page-VLink-Capture/input_Transaction ID_transaction_id'

2023-02-15 22:13:03 - [TEST_STEP][PASSED] - setText(findTestObject("Object Repository/RecAndPlayBk/Page-VLink-Capture/input_Amount_amount"), amount): Text '10.5' is set on object 'Object Repository/RecAndPlayBk/Page-VLink-Capture/input_Amount_amount'

2023-02-15 22:13:03 - [MESSAGE][PASSED] - Text '10.5' is set on object 'Object Repository/RecAndPlayBk/Page-VLink-Capture/input_Amount_amount'

2023-02-15 22:13:03 - [TEST_STEP][PASSED] - click(findTestObject("Object Repository/RecAndPlayBk/Page-VLink-Capture/input")): Object: 'Object Repository/RecAndPlayBk/Page-VLink-Capture/input' is clicked on

2023-02-15 22:13:05 - [MESSAGE][PASSED] - Object: 'Object Repository/RecAndPlayBk/Page-VLink-Capture/input' is clicked on

2023-02-15 22:13:05 - [TEST_STEP][PASSED] - if (verifyTextPresent("Transaction approved, no errors", true)): null

2023-02-15 22:13:05 - [MESSAGE][PASSED] - Text 'Transaction approved, no errors' is present on page  using regular expression

2023-02-15 22:13:05 - [TEST_STEP][PASSED] - sdfo = getText(findTestObject("Object Repository/Page_VLinkReceipt/pre_STX")): Text of object 'Object Repository/Page_VLinkReceipt/pre_STX' is: '<STX>UV6HLpcue5Yk                  12126676            0  Transaction approved, no errors                   0                                                                                  Y 266743539<ETX>'

2023-02-15 22:13:05 - [MESSAGE][PASSED] - Text of object 'Object Repository/Page_VLinkReceipt/pre_STX' is: '<STX>UV6HLpcue5Yk                  12126676            0  Transaction approved, no errors                   0                                                                                  Y 266743539<ETX>'

2023-02-15 22:13:05 - [TEST_STEP][PASSED] - out.println("sdfo: " + sdfo): null

2023-02-15 22:13:05 - [TEST_STEP][PASSED] - remID = substring(5, 35).trim(): null

2023-02-15 22:13:05 - [TEST_STEP][PASSED] - out.println("remID: " + remID): null

2023-02-15 22:13:05 - [TEST_STEP][PASSED] - traxID = substring(35, 55).trim(): null

2023-02-15 22:13:05 - [TEST_STEP][PASSED] - out.println("traxID: " + traxID): null

2023-02-15 22:13:05 - [TEST_STEP][PASSED] - VLinkSaleRemID = remID: null

2023-02-15 22:13:05 - [TEST_STEP][PASSED] - VLinkSaleTranxID = traxID: null

2023-02-15 22:13:05 - [TEST_STEP][PASSED] - openBrowser(VLinkURL + "CC_credit.html"): Browser is opened with url: 'https://dev-algorithm.govolution.com/vlinktest/QA/version_2_0/CC_credit.html'

2023-02-15 22:13:05 - [MESSAGE][WARNING] - A browser is already opened. Closing browser and opening a new one

2023-02-15 22:13:06 - [MESSAGE][INFO] - Starting 'Chrome' driver

2023-02-15 22:13:06 - [MESSAGE][INFO] - User set preference: ['acceptInsecureCerts', 'true']

2023-02-15 22:13:06 - [MESSAGE][INFO] - Action delay is set to 0 milliseconds

2023-02-15 22:13:08 - [MESSAGE][PASSED] - Browser is opened with url: 'https://dev-algorithm.govolution.com/vlinktest/QA/version_2_0/CC_credit.html'

2023-02-15 22:13:08 - [TEST_STEP][PASSED] - maximizeWindow(): Current window maximized

2023-02-15 22:13:08 - [MESSAGE][PASSED] - Current window maximized

2023-02-15 22:13:08 - [TEST_STEP][PASSED] - setText(findTestObject("Object Repository/RecAndPlayBk/Page-Vlink-CC-Credit/input_Remittance Id"), VLinkSaleRemID): Text 'UV6HLpcue5Yk' is set on object 'Object Repository/RecAndPlayBk/Page-Vlink-CC-Credit/input_Remittance Id'

2023-02-15 22:13:09 - [MESSAGE][PASSED] - Text 'UV6HLpcue5Yk' is set on object 'Object Repository/RecAndPlayBk/Page-Vlink-CC-Credit/input_Remittance Id'

2023-02-15 22:13:09 - [TEST_STEP][PASSED] - setText(findTestObject("Object Repository/RecAndPlayBk/Page-Vlink-CC-Credit/input_Application Id"), appID): Text '234' is set on object 'Object Repository/RecAndPlayBk/Page-Vlink-CC-Credit/input_Application Id'

2023-02-15 22:13:09 - [MESSAGE][PASSED] - Text '234' is set on object 'Object Repository/RecAndPlayBk/Page-Vlink-CC-Credit/input_Application Id'

2023-02-15 22:13:09 - [TEST_STEP][PASSED] - setText(findTestObject("Object Repository/RecAndPlayBk/Page-Vlink-CC-Credit/input_Username"), username): Text 'username' is set on object 'Object Repository/RecAndPlayBk/Page-Vlink-CC-Credit/input_Username'

2023-02-15 22:13:10 - [MESSAGE][PASSED] - Text 'username' is set on object 'Object Repository/RecAndPlayBk/Page-Vlink-CC-Credit/input_Username'

2023-02-15 22:13:10 - [TEST_STEP][PASSED] - setText(findTestObject("Object Repository/RecAndPlayBk/Page-Vlink-CC-Credit/input_Password"), password): Text 'password' is set on object 'Object Repository/RecAndPlayBk/Page-Vlink-CC-Credit/input_Password'

2023-02-15 22:13:11 - [MESSAGE][PASSED] - Text 'password' is set on object 'Object Repository/RecAndPlayBk/Page-Vlink-CC-Credit/input_Password'

2023-02-15 22:13:11 - [TEST_STEP][PASSED] - setText(findTestObject("Object Repository/RecAndPlayBk/Page-Vlink-CC-Credit/input_Transaction ID"), VLinkSaleTranxID): Text '12126676' is set on object 'Object Repository/RecAndPlayBk/Page-Vlink-CC-Credit/input_Transaction ID'

2023-02-15 22:13:11 - [MESSAGE][PASSED] - Text '12126676' is set on object 'Object Repository/RecAndPlayBk/Page-Vlink-CC-Credit/input_Transaction ID'

2023-02-15 22:13:11 - [TEST_STEP][PASSED] - setText(findTestObject("Object Repository/RecAndPlayBk/Page-Vlink-CC-Credit/input_Amount"), amount): Text '10.5' is set on object 'Object Repository/RecAndPlayBk/Page-Vlink-CC-Credit/input_Amount'

2023-02-15 22:13:12 - [MESSAGE][PASSED] - Text '10.5' is set on object 'Object Repository/RecAndPlayBk/Page-Vlink-CC-Credit/input_Amount'

2023-02-15 22:13:12 - [TEST_STEP][PASSED] - setText(findTestObject("Object Repository/RecAndPlayBk/Page-Vlink-CC-Credit/input_Card number"), ""): Text '' is set on object 'Object Repository/RecAndPlayBk/Page-Vlink-CC-Credit/input_Card number'

2023-02-15 22:13:12 - [MESSAGE][PASSED] - Text '' is set on object 'Object Repository/RecAndPlayBk/Page-Vlink-CC-Credit/input_Card number'

2023-02-15 22:13:12 - [TEST_STEP][PASSED] - setText(findTestObject("Object Repository/RecAndPlayBk/Page-Vlink-CC-Credit/input_Card ex month"), ""): Text '' is set on object 'Object Repository/RecAndPlayBk/Page-Vlink-CC-Credit/input_Card ex month'

2023-02-15 22:13:13 - [MESSAGE][PASSED] - Text '' is set on object 'Object Repository/RecAndPlayBk/Page-Vlink-CC-Credit/input_Card ex month'

2023-02-15 22:13:13 - [TEST_STEP][PASSED] - setText(findTestObject("Object Repository/RecAndPlayBk/Page-Vlink-CC-Credit/input_Card ex year"), ""): Text '' is set on object 'Object Repository/RecAndPlayBk/Page-Vlink-CC-Credit/input_Card ex year'

2023-02-15 22:13:14 - [MESSAGE][PASSED] - Text '' is set on object 'Object Repository/RecAndPlayBk/Page-Vlink-CC-Credit/input_Card ex year'

2023-02-15 22:13:14 - [TEST_STEP][PASSED] - setText(findTestObject("Object Repository/RecAndPlayBk/Page-Vlink-CC-Credit/input_Track Data"), ""): Text '' is set on object 'Object Repository/RecAndPlayBk/Page-Vlink-CC-Credit/input_Track Data'

2023-02-15 22:13:14 - [MESSAGE][PASSED] - Text '' is set on object 'Object Repository/RecAndPlayBk/Page-Vlink-CC-Credit/input_Track Data'

2023-02-15 22:13:14 - [TEST_STEP][PASSED] - setText(findTestObject("Object Repository/RecAndPlayBk/Page-Vlink-CC-Credit/input_Category Code"), category): Text 'ECOM' is set on object 'Object Repository/RecAndPlayBk/Page-Vlink-CC-Credit/input_Category Code'

2023-02-15 22:13:15 - [MESSAGE][PASSED] - Text 'ECOM' is set on object 'Object Repository/RecAndPlayBk/Page-Vlink-CC-Credit/input_Category Code'

2023-02-15 22:13:15 - [TEST_STEP][PASSED] - click(findTestObject("Object Repository/RecAndPlayBk/Page-Vlink-CC-Credit/input")): Object: 'Object Repository/RecAndPlayBk/Page-Vlink-CC-Credit/input' is clicked on

2023-02-15 22:13:16 - [MESSAGE][PASSED] - Object: 'Object Repository/RecAndPlayBk/Page-Vlink-CC-Credit/input' is clicked on

2023-02-15 22:13:16 - [TEST_STEP][PASSED] - if (verifyTextPresent("Transaction approved, no errors", true)): null

2023-02-15 22:13:16 - [MESSAGE][PASSED] - Text 'Transaction approved, no errors' is present on page  using regular expression

2023-02-15 22:13:16 - [TEST_STEP][PASSED] - println("Transaction Approved, no errors text is present on the Confirmation page"): null

2023-02-15 22:13:16 - [TEST_STEP][PASSED] - out.println("Pass Record Number: " + row): null

2023-02-15 22:13:16 - [TEST_STEP][PASSED] - resText = "Pass": null

2023-02-15 22:13:16 - [TEST_STEP][PASSED] - pages.WriteExcel.demoKey(resText, datText, resColumn, datCloumn, fileLoc, nameSheet, row): pages.WriteExcel.demoKey is PASSED

2023-02-15 22:13:16 - [MESSAGE][PASSED] - pages.WriteExcel.demoKey is PASSED

2023-02-15 22:13:16 - [TEST_STEP][PASSED] - ExecuteTC = findTestData(dataFile).getValue("Execute", row): null

2023-02-15 22:13:17 - [TEST_STEP][PASSED] - out.println("Value of Execute is : " + ExecuteTC): null

2023-02-15 22:13:17 - [TEST_STEP][PASSED] - switch (executionProfile): null

2023-02-15 22:13:17 - [TEST_STEP][PASSED] - case "QAProfile":: null

2023-02-15 22:13:17 - [TEST_STEP][PASSED] - appID = findTestData(dataFile).getValue("AppIDQA", row): null

2023-02-15 22:13:17 - [TEST_STEP][PASSED] - username = findTestData(dataFile).getValue("UsernameQA", row): null

2023-02-15 22:13:17 - [TEST_STEP][PASSED] - password = findTestData(dataFile).getValue("PasswordQA", row): null

2023-02-15 22:13:17 - [TEST_STEP][PASSED] - break: null

2023-02-15 22:13:17 - [TEST_STEP][PASSED] - if (ExecuteTC.equalsIgnoreCase("Y")): null

2023-02-15 22:13:17 - [TEST_STEP][PASSED] - out.println("Begin Record Number: " + row): null

2023-02-15 22:13:17 - [TEST_STEP][PASSED] - today = new java.util.Date(): null

2023-02-15 22:13:17 - [TEST_STEP][PASSED] - println(today): null

2023-02-15 22:13:17 - [TEST_STEP][PASSED] - datText = today: null

2023-02-15 22:13:17 - [TEST_STEP][PASSED] - category = findTestData(dataFile).getValue("Category", row): null

2023-02-15 22:13:17 - [TEST_STEP][PASSED] - amount = findTestData(dataFile).getValue("Amount", row): null

2023-02-15 22:13:17 - [TEST_STEP][PASSED] - cardNumber = findTestData(dataFile).getValue("CardNumber", row): null

2023-02-15 22:13:17 - [TEST_STEP][PASSED] - exM = findTestData(dataFile).getValue("ExM", row): null

2023-02-15 22:13:17 - [TEST_STEP][PASSED] - exY = findTestData(dataFile).getValue("ExY", row): null

2023-02-15 22:13:17 - [TEST_STEP][PASSED] - openBrowser(VLinkURL + "auth.html"): Browser is opened with url: 'https://dev-algorithm.govolution.com/vlinktest/QA/version_2_0/auth.html'

2023-02-15 22:13:17 - [MESSAGE][WARNING] - A browser is already opened. Closing browser and opening a new one

2023-02-15 22:13:18 - [MESSAGE][INFO] - Starting 'Chrome' driver

2023-02-15 22:13:18 - [MESSAGE][INFO] - User set preference: ['acceptInsecureCerts', 'true']

2023-02-15 22:13:18 - [MESSAGE][INFO] - Action delay is set to 0 milliseconds

2023-02-15 22:13:20 - [MESSAGE][PASSED] - Browser is opened with url: 'https://dev-algorithm.govolution.com/vlinktest/QA/version_2_0/auth.html'

2023-02-15 22:13:20 - [TEST_STEP][PASSED] - maximizeWindow(): Current window maximized

2023-02-15 22:13:20 - [MESSAGE][PASSED] - Current window maximized

2023-02-15 22:13:20 - [TEST_STEP][PASSED] - genRemID = RandomStringUtils.random(12, true, true): null

2023-02-15 22:13:20 - [TEST_STEP][PASSED] - setText(findTestObject("Object Repository/RecAndPlayBk/Page-Vlink-AuthOnly/input_Remittance Id_remittance_id"), genRemID): Text 'AHeY4d3MydMv' is set on object 'Object Repository/RecAndPlayBk/Page-Vlink-AuthOnly/input_Remittance Id_remittance_id'

2023-02-15 22:13:21 - [MESSAGE][PASSED] - Text 'AHeY4d3MydMv' is set on object 'Object Repository/RecAndPlayBk/Page-Vlink-AuthOnly/input_Remittance Id_remittance_id'

2023-02-15 22:13:21 - [TEST_STEP][PASSED] - setText(findTestObject("Object Repository/RecAndPlayBk/Page-Vlink-AuthOnly/input_Application Id_application_id"), appID): Text '234' is set on object 'Object Repository/RecAndPlayBk/Page-Vlink-AuthOnly/input_Application Id_application_id'

2023-02-15 22:13:22 - [MESSAGE][PASSED] - Text '234' is set on object 'Object Repository/RecAndPlayBk/Page-Vlink-AuthOnly/input_Application Id_application_id'

2023-02-15 22:13:22 - [TEST_STEP][PASSED] - setText(findTestObject("Object Repository/RecAndPlayBk/Page-Vlink-AuthOnly/input_Username_username"), username): Text 'username' is set on object 'Object Repository/RecAndPlayBk/Page-Vlink-AuthOnly/input_Username_username'

2023-02-15 22:13:22 - [MESSAGE][PASSED] - Text 'username' is set on object 'Object Repository/RecAndPlayBk/Page-Vlink-AuthOnly/input_Username_username'

2023-02-15 22:13:22 - [TEST_STEP][PASSED] - setText(findTestObject("Object Repository/RecAndPlayBk/Page-Vlink-AuthOnly/input_Password_password"), password): Text 'password' is set on object 'Object Repository/RecAndPlayBk/Page-Vlink-AuthOnly/input_Password_password'

2023-02-15 22:13:23 - [MESSAGE][PASSED] - Text 'password' is set on object 'Object Repository/RecAndPlayBk/Page-Vlink-AuthOnly/input_Password_password'

2023-02-15 22:13:23 - [TEST_STEP][PASSED] - setText(findTestObject("Object Repository/RecAndPlayBk/Page-Vlink-AuthOnly/input_Category_category"), category): Text 'MOTO' is set on object 'Object Repository/RecAndPlayBk/Page-Vlink-AuthOnly/input_Category_category'

2023-02-15 22:13:23 - [MESSAGE][PASSED] - Text 'MOTO' is set on object 'Object Repository/RecAndPlayBk/Page-Vlink-AuthOnly/input_Category_category'

2023-02-15 22:13:23 - [TEST_STEP][PASSED] - setText(findTestObject("Object Repository/RecAndPlayBk/Page-Vlink-AuthOnly/input_Amount_amount"), amount): Text '10.5' is set on object 'Object Repository/RecAndPlayBk/Page-Vlink-AuthOnly/input_Amount_amount'

2023-02-15 22:13:24 - [MESSAGE][PASSED] - Text '10.5' is set on object 'Object Repository/RecAndPlayBk/Page-Vlink-AuthOnly/input_Amount_amount'

2023-02-15 22:13:24 - [TEST_STEP][PASSED] - doubleClick(findTestObject("Object Repository/RecAndPlayBk/Page-Vlink-AuthOnly/input_Card number_card_number")): Object: 'Object Repository/RecAndPlayBk/Page-Vlink-AuthOnly/input_Card number_card_number' is double clicked on

2023-02-15 22:13:24 - [MESSAGE][PASSED] - Object: 'Object Repository/RecAndPlayBk/Page-Vlink-AuthOnly/input_Card number_card_number' is double clicked on

2023-02-15 22:13:24 - [TEST_STEP][PASSED] - setText(findTestObject("Object Repository/RecAndPlayBk/Page-Vlink-AuthOnly/input_Card number_card_number"), cardNumber): Text '5424000000000015' is set on object 'Object Repository/RecAndPlayBk/Page-Vlink-AuthOnly/input_Card number_card_number'

2023-02-15 22:13:25 - [MESSAGE][PASSED] - Text '5424000000000015' is set on object 'Object Repository/RecAndPlayBk/Page-Vlink-AuthOnly/input_Card number_card_number'

2023-02-15 22:13:25 - [TEST_STEP][PASSED] - setText(findTestObject("Object Repository/RecAndPlayBk/Page-Vlink-AuthOnly/input_Card ex month_card_exmo"), exM): Text '12' is set on object 'Object Repository/RecAndPlayBk/Page-Vlink-AuthOnly/input_Card ex month_card_exmo'

2023-02-15 22:13:26 - [MESSAGE][PASSED] - Text '12' is set on object 'Object Repository/RecAndPlayBk/Page-Vlink-AuthOnly/input_Card ex month_card_exmo'

2023-02-15 22:13:26 - [TEST_STEP][PASSED] - setText(findTestObject("Object Repository/RecAndPlayBk/Page-Vlink-AuthOnly/input_Card ex year_card_exyr"), exY): Text '2029' is set on object 'Object Repository/RecAndPlayBk/Page-Vlink-AuthOnly/input_Card ex year_card_exyr'

2023-02-15 22:13:26 - [MESSAGE][PASSED] - Text '2029' is set on object 'Object Repository/RecAndPlayBk/Page-Vlink-AuthOnly/input_Card ex year_card_exyr'

2023-02-15 22:13:26 - [TEST_STEP][PASSED] - click(findTestObject("Object Repository/RecAndPlayBk/Page-Vlink-AuthOnly/input_Track Data_track_data")): Object: 'Object Repository/RecAndPlayBk/Page-Vlink-AuthOnly/input_Track Data_track_data' is clicked on

2023-02-15 22:13:27 - [MESSAGE][PASSED] - Object: 'Object Repository/RecAndPlayBk/Page-Vlink-AuthOnly/input_Track Data_track_data' is clicked on

2023-02-15 22:13:27 - [TEST_STEP][PASSED] - click(findTestObject("Object Repository/RecAndPlayBk/Page-Vlink-AuthOnly/input_CVV state_cvv_state")): Object: 'Object Repository/RecAndPlayBk/Page-Vlink-AuthOnly/input_CVV state_cvv_state' is clicked on

2023-02-15 22:13:27 - [MESSAGE][PASSED] - Object: 'Object Repository/RecAndPlayBk/Page-Vlink-AuthOnly/input_CVV state_cvv_state' is clicked on

2023-02-15 22:13:27 - [TEST_STEP][PASSED] - setText(findTestObject("Object Repository/RecAndPlayBk/Page-Vlink-AuthOnly/input_Track Data_track_data"), ""): Text '' is set on object 'Object Repository/RecAndPlayBk/Page-Vlink-AuthOnly/input_Track Data_track_data'

2023-02-15 22:13:28 - [MESSAGE][PASSED] - Text '' is set on object 'Object Repository/RecAndPlayBk/Page-Vlink-AuthOnly/input_Track Data_track_data'

2023-02-15 22:13:28 - [TEST_STEP][PASSED] - setText(findTestObject("Object Repository/RecAndPlayBk/Page-Vlink-AuthOnly/input_concat(Cardholder, , s email)_email"), ""): Text '' is set on object 'Object Repository/RecAndPlayBk/Page-Vlink-AuthOnly/input_concat(Cardholder, , s email)_email'

2023-02-15 22:13:28 - [MESSAGE][PASSED] - Text '' is set on object 'Object Repository/RecAndPlayBk/Page-Vlink-AuthOnly/input_concat(Cardholder, , s email)_email'

2023-02-15 22:13:28 - [TEST_STEP][PASSED] - click(findTestObject("Object Repository/RecAndPlayBk/Page-Vlink-AuthOnly/input_user_defined10_user_defined10")): Object: 'Object Repository/RecAndPlayBk/Page-Vlink-AuthOnly/input_user_defined10_user_defined10' is clicked on

2023-02-15 22:13:29 - [MESSAGE][PASSED] - Object: 'Object Repository/RecAndPlayBk/Page-Vlink-AuthOnly/input_user_defined10_user_defined10' is clicked on

2023-02-15 22:13:29 - [TEST_STEP][PASSED] - if (executionProfile.equalsIgnoreCase("QAProfile")): Text '' is set on object 'Object Repository/RecAndPlayBk/Page-Vlink-AuthOnly/input_COF Transaction Initiated by_cof_tran_6cded5'

2023-02-15 22:13:29 - [TEST_STEP][PASSED] - setText(findTestObject("Object Repository/RecAndPlayBk/Page-Vlink-AuthOnly/input_Card on File Indicator_card_on_file_i_157dae"), ""): Text '' is set on object 'Object Repository/RecAndPlayBk/Page-Vlink-AuthOnly/input_Card on File Indicator_card_on_file_i_157dae'

2023-02-15 22:13:29 - [MESSAGE][PASSED] - Text '' is set on object 'Object Repository/RecAndPlayBk/Page-Vlink-AuthOnly/input_Card on File Indicator_card_on_file_i_157dae'

2023-02-15 22:13:29 - [TEST_STEP][PASSED] - setText(findTestObject("Object Repository/RecAndPlayBk/Page-Vlink-AuthOnly/input_Stored Credential Indicator_stored_cr_4ae73c"), ""): Text '' is set on object 'Object Repository/RecAndPlayBk/Page-Vlink-AuthOnly/input_Stored Credential Indicator_stored_cr_4ae73c'

2023-02-15 22:13:30 - [MESSAGE][PASSED] - Text '' is set on object 'Object Repository/RecAndPlayBk/Page-Vlink-AuthOnly/input_Stored Credential Indicator_stored_cr_4ae73c'

2023-02-15 22:13:30 - [TEST_STEP][PASSED] - setText(findTestObject("Object Repository/RecAndPlayBk/Page-Vlink-AuthOnly/input_COF Scheduled indicator_cof_scheduled_8df7d8"), ""): Text '' is set on object 'Object Repository/RecAndPlayBk/Page-Vlink-AuthOnly/input_COF Scheduled indicator_cof_scheduled_8df7d8'

2023-02-15 22:13:30 - [MESSAGE][PASSED] - Text '' is set on object 'Object Repository/RecAndPlayBk/Page-Vlink-AuthOnly/input_COF Scheduled indicator_cof_scheduled_8df7d8'

2023-02-15 22:13:30 - [TEST_STEP][PASSED] - setText(findTestObject("Object Repository/RecAndPlayBk/Page-Vlink-AuthOnly/input_COF Transaction Initiated by_cof_tran_6cded5"), ""): Text '' is set on object 'Object Repository/RecAndPlayBk/Page-Vlink-AuthOnly/input_COF Transaction Initiated by_cof_tran_6cded5'

2023-02-15 22:13:31 - [MESSAGE][PASSED] - Text '' is set on object 'Object Repository/RecAndPlayBk/Page-Vlink-AuthOnly/input_COF Transaction Initiated by_cof_tran_6cded5'

2023-02-15 22:13:31 - [TEST_STEP][PASSED] - click(findTestObject("Object Repository/RecAndPlayBk/Page-Vlink-AuthOnly/input")): Object: 'Object Repository/RecAndPlayBk/Page-Vlink-AuthOnly/input' is clicked on

2023-02-15 22:13:32 - [MESSAGE][PASSED] - Object: 'Object Repository/RecAndPlayBk/Page-Vlink-AuthOnly/input' is clicked on

2023-02-15 22:13:32 - [TEST_STEP][PASSED] - if (verifyTextPresent("Transaction approved, no errors", true)): null

2023-02-15 22:13:32 - [MESSAGE][PASSED] - Text 'Transaction approved, no errors' is present on page  using regular expression

2023-02-15 22:13:32 - [TEST_STEP][PASSED] - out.println("Auth was successful, Capture now"): null

2023-02-15 22:13:32 - [TEST_STEP][PASSED] - sdfo = getText(findTestObject("Object Repository/Page_VLinkReceipt/pre_STX")): Text of object 'Object Repository/Page_VLinkReceipt/pre_STX' is: '<STX>AHeY4d3MydMv                  12126678            0  Transaction approved, no errors                   0                                                                                  Y 062352232<ETX>'

2023-02-15 22:13:33 - [MESSAGE][PASSED] - Text of object 'Object Repository/Page_VLinkReceipt/pre_STX' is: '<STX>AHeY4d3MydMv                  12126678            0  Transaction approved, no errors                   0                                                                                  Y 062352232<ETX>'

2023-02-15 22:13:33 - [TEST_STEP][PASSED] - out.println("sdfo: " + sdfo): null

2023-02-15 22:13:33 - [TEST_STEP][PASSED] - remID = substring(5, 35).trim(): null

2023-02-15 22:13:33 - [TEST_STEP][PASSED] - out.println("remID: " + remID): null

2023-02-15 22:13:33 - [TEST_STEP][PASSED] - traxID = substring(35, 55).trim(): null

2023-02-15 22:13:33 - [TEST_STEP][PASSED] - out.println("traxID: " + traxID): null

2023-02-15 22:13:33 - [TEST_STEP][PASSED] - VLinkSaleRemID = remID: null

2023-02-15 22:13:33 - [TEST_STEP][PASSED] - VLinkSaleTranxID = traxID: null

2023-02-15 22:13:33 - [TEST_STEP][PASSED] - openBrowser(VLinkURL + "capture.html"): Browser is opened with url: 'https://dev-algorithm.govolution.com/vlinktest/QA/version_2_0/capture.html'

2023-02-15 22:13:33 - [MESSAGE][WARNING] - A browser is already opened. Closing browser and opening a new one

2023-02-15 22:13:34 - [MESSAGE][INFO] - Starting 'Chrome' driver

2023-02-15 22:13:34 - [MESSAGE][INFO] - User set preference: ['acceptInsecureCerts', 'true']

2023-02-15 22:13:34 - [MESSAGE][INFO] - Action delay is set to 0 milliseconds

2023-02-15 22:13:35 - [MESSAGE][PASSED] - Browser is opened with url: 'https://dev-algorithm.govolution.com/vlinktest/QA/version_2_0/capture.html'

2023-02-15 22:13:35 - [TEST_STEP][PASSED] - maximizeWindow(): Current window maximized

2023-02-15 22:13:35 - [MESSAGE][PASSED] - Current window maximized

2023-02-15 22:13:35 - [TEST_STEP][PASSED] - setText(findTestObject("Object Repository/RecAndPlayBk/Page-VLink-Capture/input_Remittance Id_remittance_id"), VLinkSaleRemID): Text 'AHeY4d3MydMv' is set on object 'Object Repository/RecAndPlayBk/Page-VLink-Capture/input_Remittance Id_remittance_id'

2023-02-15 22:13:36 - [MESSAGE][PASSED] - Text 'AHeY4d3MydMv' is set on object 'Object Repository/RecAndPlayBk/Page-VLink-Capture/input_Remittance Id_remittance_id'

2023-02-15 22:13:36 - [TEST_STEP][PASSED] - setText(findTestObject("Object Repository/RecAndPlayBk/Page-VLink-Capture/input_Application Id_application_id"), appID): Text '234' is set on object 'Object Repository/RecAndPlayBk/Page-VLink-Capture/input_Application Id_application_id'

2023-02-15 22:13:37 - [MESSAGE][PASSED] - Text '234' is set on object 'Object Repository/RecAndPlayBk/Page-VLink-Capture/input_Application Id_application_id'

2023-02-15 22:13:37 - [TEST_STEP][PASSED] - setText(findTestObject("Object Repository/RecAndPlayBk/Page-VLink-Capture/input_Username_username"), username): Text 'username' is set on object 'Object Repository/RecAndPlayBk/Page-VLink-Capture/input_Username_username'

2023-02-15 22:13:37 - [MESSAGE][PASSED] - Text 'username' is set on object 'Object Repository/RecAndPlayBk/Page-VLink-Capture/input_Username_username'

2023-02-15 22:13:37 - [TEST_STEP][PASSED] - setText(findTestObject("Object Repository/RecAndPlayBk/Page-VLink-Capture/input_Password_password"), password): Text 'password' is set on object 'Object Repository/RecAndPlayBk/Page-VLink-Capture/input_Password_password'

2023-02-15 22:13:38 - [MESSAGE][PASSED] - Text 'password' is set on object 'Object Repository/RecAndPlayBk/Page-VLink-Capture/input_Password_password'

2023-02-15 22:13:38 - [TEST_STEP][PASSED] - setText(findTestObject("Object Repository/RecAndPlayBk/Page-VLink-Capture/input_Transaction ID_transaction_id"), VLinkSaleTranxID): Text '12126678' is set on object 'Object Repository/RecAndPlayBk/Page-VLink-Capture/input_Transaction ID_transaction_id'

2023-02-15 22:13:39 - [MESSAGE][PASSED] - Text '12126678' is set on object 'Object Repository/RecAndPlayBk/Page-VLink-Capture/input_Transaction ID_transaction_id'

2023-02-15 22:13:39 - [TEST_STEP][PASSED] - setText(findTestObject("Object Repository/RecAndPlayBk/Page-VLink-Capture/input_Amount_amount"), amount): Text '10.5' is set on object 'Object Repository/RecAndPlayBk/Page-VLink-Capture/input_Amount_amount'

2023-02-15 22:13:39 - [MESSAGE][PASSED] - Text '10.5' is set on object 'Object Repository/RecAndPlayBk/Page-VLink-Capture/input_Amount_amount'

2023-02-15 22:13:39 - [TEST_STEP][PASSED] - click(findTestObject("Object Repository/RecAndPlayBk/Page-VLink-Capture/input")): Object: 'Object Repository/RecAndPlayBk/Page-VLink-Capture/input' is clicked on

2023-02-15 22:13:40 - [MESSAGE][PASSED] - Object: 'Object Repository/RecAndPlayBk/Page-VLink-Capture/input' is clicked on

2023-02-15 22:13:40 - [TEST_STEP][PASSED] - if (verifyTextPresent("Transaction approved, no errors", true)): null

2023-02-15 22:13:41 - [MESSAGE][PASSED] - Text 'Transaction approved, no errors' is present on page  using regular expression

2023-02-15 22:13:41 - [TEST_STEP][PASSED] - sdfo = getText(findTestObject("Object Repository/Page_VLinkReceipt/pre_STX")): Text of object 'Object Repository/Page_VLinkReceipt/pre_STX' is: '<STX>AHeY4d3MydMv                  12126679            0  Transaction approved, no errors                   0                                                                                  Y 062352232<ETX>'

2023-02-15 22:13:41 - [MESSAGE][PASSED] - Text of object 'Object Repository/Page_VLinkReceipt/pre_STX' is: '<STX>AHeY4d3MydMv                  12126679            0  Transaction approved, no errors                   0                                                                                  Y 062352232<ETX>'

2023-02-15 22:13:41 - [TEST_STEP][PASSED] - out.println("sdfo: " + sdfo): null

2023-02-15 22:13:41 - [TEST_STEP][PASSED] - remID = substring(5, 35).trim(): null

2023-02-15 22:13:41 - [TEST_STEP][PASSED] - out.println("remID: " + remID): null

2023-02-15 22:13:41 - [TEST_STEP][PASSED] - traxID = substring(35, 55).trim(): null

2023-02-15 22:13:41 - [TEST_STEP][PASSED] - out.println("traxID: " + traxID): null

2023-02-15 22:13:41 - [TEST_STEP][PASSED] - VLinkSaleRemID = remID: null

2023-02-15 22:13:41 - [TEST_STEP][PASSED] - VLinkSaleTranxID = traxID: null

2023-02-15 22:13:41 - [TEST_STEP][PASSED] - openBrowser(VLinkURL + "CC_credit.html"): Browser is opened with url: 'https://dev-algorithm.govolution.com/vlinktest/QA/version_2_0/CC_credit.html'

2023-02-15 22:13:41 - [MESSAGE][WARNING] - A browser is already opened. Closing browser and opening a new one

2023-02-15 22:13:42 - [MESSAGE][INFO] - Starting 'Chrome' driver

2023-02-15 22:13:42 - [MESSAGE][INFO] - User set preference: ['acceptInsecureCerts', 'true']

2023-02-15 22:13:42 - [MESSAGE][INFO] - Action delay is set to 0 milliseconds

2023-02-15 22:13:44 - [MESSAGE][PASSED] - Browser is opened with url: 'https://dev-algorithm.govolution.com/vlinktest/QA/version_2_0/CC_credit.html'

2023-02-15 22:13:44 - [TEST_STEP][PASSED] - maximizeWindow(): Current window maximized

2023-02-15 22:13:44 - [MESSAGE][PASSED] - Current window maximized

2023-02-15 22:13:44 - [TEST_STEP][PASSED] - setText(findTestObject("Object Repository/RecAndPlayBk/Page-Vlink-CC-Credit/input_Remittance Id"), VLinkSaleRemID): Text 'AHeY4d3MydMv' is set on object 'Object Repository/RecAndPlayBk/Page-Vlink-CC-Credit/input_Remittance Id'

2023-02-15 22:13:45 - [MESSAGE][PASSED] - Text 'AHeY4d3MydMv' is set on object 'Object Repository/RecAndPlayBk/Page-Vlink-CC-Credit/input_Remittance Id'

2023-02-15 22:13:45 - [TEST_STEP][PASSED] - setText(findTestObject("Object Repository/RecAndPlayBk/Page-Vlink-CC-Credit/input_Application Id"), appID): Text '234' is set on object 'Object Repository/RecAndPlayBk/Page-Vlink-CC-Credit/input_Application Id'

2023-02-15 22:13:45 - [MESSAGE][PASSED] - Text '234' is set on object 'Object Repository/RecAndPlayBk/Page-Vlink-CC-Credit/input_Application Id'

2023-02-15 22:13:45 - [TEST_STEP][PASSED] - setText(findTestObject("Object Repository/RecAndPlayBk/Page-Vlink-CC-Credit/input_Username"), username): Text 'username' is set on object 'Object Repository/RecAndPlayBk/Page-Vlink-CC-Credit/input_Username'

2023-02-15 22:13:46 - [MESSAGE][PASSED] - Text 'username' is set on object 'Object Repository/RecAndPlayBk/Page-Vlink-CC-Credit/input_Username'

2023-02-15 22:13:46 - [TEST_STEP][PASSED] - setText(findTestObject("Object Repository/RecAndPlayBk/Page-Vlink-CC-Credit/input_Password"), password): Text 'password' is set on object 'Object Repository/RecAndPlayBk/Page-Vlink-CC-Credit/input_Password'

2023-02-15 22:13:47 - [MESSAGE][PASSED] - Text 'password' is set on object 'Object Repository/RecAndPlayBk/Page-Vlink-CC-Credit/input_Password'

2023-02-15 22:13:47 - [TEST_STEP][PASSED] - setText(findTestObject("Object Repository/RecAndPlayBk/Page-Vlink-CC-Credit/input_Transaction ID"), VLinkSaleTranxID): Text '12126679' is set on object 'Object Repository/RecAndPlayBk/Page-Vlink-CC-Credit/input_Transaction ID'

2023-02-15 22:13:47 - [MESSAGE][PASSED] - Text '12126679' is set on object 'Object Repository/RecAndPlayBk/Page-Vlink-CC-Credit/input_Transaction ID'

2023-02-15 22:13:47 - [TEST_STEP][PASSED] - setText(findTestObject("Object Repository/RecAndPlayBk/Page-Vlink-CC-Credit/input_Amount"), amount): Text '10.5' is set on object 'Object Repository/RecAndPlayBk/Page-Vlink-CC-Credit/input_Amount'

2023-02-15 22:13:48 - [MESSAGE][PASSED] - Text '10.5' is set on object 'Object Repository/RecAndPlayBk/Page-Vlink-CC-Credit/input_Amount'

2023-02-15 22:13:48 - [TEST_STEP][PASSED] - setText(findTestObject("Object Repository/RecAndPlayBk/Page-Vlink-CC-Credit/input_Card number"), ""): Text '' is set on object 'Object Repository/RecAndPlayBk/Page-Vlink-CC-Credit/input_Card number'

2023-02-15 22:13:48 - [MESSAGE][PASSED] - Text '' is set on object 'Object Repository/RecAndPlayBk/Page-Vlink-CC-Credit/input_Card number'

2023-02-15 22:13:48 - [TEST_STEP][PASSED] - setText(findTestObject("Object Repository/RecAndPlayBk/Page-Vlink-CC-Credit/input_Card ex month"), ""): Text '' is set on object 'Object Repository/RecAndPlayBk/Page-Vlink-CC-Credit/input_Card ex month'

2023-02-15 22:13:49 - [MESSAGE][PASSED] - Text '' is set on object 'Object Repository/RecAndPlayBk/Page-Vlink-CC-Credit/input_Card ex month'

2023-02-15 22:13:49 - [TEST_STEP][PASSED] - setText(findTestObject("Object Repository/RecAndPlayBk/Page-Vlink-CC-Credit/input_Card ex year"), ""): Text '' is set on object 'Object Repository/RecAndPlayBk/Page-Vlink-CC-Credit/input_Card ex year'

2023-02-15 22:13:50 - [MESSAGE][PASSED] - Text '' is set on object 'Object Repository/RecAndPlayBk/Page-Vlink-CC-Credit/input_Card ex year'

2023-02-15 22:13:50 - [TEST_STEP][PASSED] - setText(findTestObject("Object Repository/RecAndPlayBk/Page-Vlink-CC-Credit/input_Track Data"), ""): Text '' is set on object 'Object Repository/RecAndPlayBk/Page-Vlink-CC-Credit/input_Track Data'

2023-02-15 22:13:50 - [MESSAGE][PASSED] - Text '' is set on object 'Object Repository/RecAndPlayBk/Page-Vlink-CC-Credit/input_Track Data'

2023-02-15 22:13:50 - [TEST_STEP][PASSED] - setText(findTestObject("Object Repository/RecAndPlayBk/Page-Vlink-CC-Credit/input_Category Code"), category): Text 'MOTO' is set on object 'Object Repository/RecAndPlayBk/Page-Vlink-CC-Credit/input_Category Code'

2023-02-15 22:13:51 - [MESSAGE][PASSED] - Text 'MOTO' is set on object 'Object Repository/RecAndPlayBk/Page-Vlink-CC-Credit/input_Category Code'

2023-02-15 22:13:51 - [TEST_STEP][PASSED] - click(findTestObject("Object Repository/RecAndPlayBk/Page-Vlink-CC-Credit/input")): Object: 'Object Repository/RecAndPlayBk/Page-Vlink-CC-Credit/input' is clicked on

2023-02-15 22:13:52 - [MESSAGE][PASSED] - Object: 'Object Repository/RecAndPlayBk/Page-Vlink-CC-Credit/input' is clicked on

2023-02-15 22:13:52 - [TEST_STEP][PASSED] - if (verifyTextPresent("Transaction approved, no errors", true)): null

2023-02-15 22:13:52 - [MESSAGE][PASSED] - Text 'Transaction approved, no errors' is present on page  using regular expression

2023-02-15 22:13:52 - [TEST_STEP][PASSED] - println("Transaction Approved, no errors text is present on the Confirmation page"): null

2023-02-15 22:13:52 - [TEST_STEP][PASSED] - out.println("Pass Record Number: " + row): null

2023-02-15 22:13:52 - [TEST_STEP][PASSED] - resText = "Pass": null

2023-02-15 22:13:52 - [TEST_STEP][PASSED] - pages.WriteExcel.demoKey(resText, datText, resColumn, datCloumn, fileLoc, nameSheet, row): pages.WriteExcel.demoKey is PASSED

2023-02-15 22:13:52 - [MESSAGE][PASSED] - pages.WriteExcel.demoKey is PASSED

2023-02-15 22:13:52 - [TEST_STEP][PASSED] - ExecuteTC = findTestData(dataFile).getValue("Execute", row): null

2023-02-15 22:13:53 - [TEST_STEP][PASSED] - out.println("Value of Execute is : " + ExecuteTC): null

2023-02-15 22:13:53 - [TEST_STEP][PASSED] - switch (executionProfile): null

2023-02-15 22:13:53 - [TEST_STEP][PASSED] - case "QAProfile":: null

2023-02-15 22:13:53 - [TEST_STEP][PASSED] - appID = findTestData(dataFile).getValue("AppIDQA", row): null

2023-02-15 22:13:53 - [TEST_STEP][PASSED] - username = findTestData(dataFile).getValue("UsernameQA", row): null

2023-02-15 22:13:53 - [TEST_STEP][PASSED] - password = findTestData(dataFile).getValue("PasswordQA", row): null

2023-02-15 22:13:53 - [TEST_STEP][PASSED] - break: null

2023-02-15 22:13:53 - [TEST_STEP][FAILED] - if (ExecuteTC.equalsIgnoreCase("Y")): null

2023-02-15 22:13:53 - [TEST_STEP][PASSED] - out.println("Begin Record Number: " + row): null

2023-02-15 22:13:53 - [TEST_STEP][PASSED] - today = new java.util.Date(): null

2023-02-15 22:13:53 - [TEST_STEP][PASSED] - println(today): null

2023-02-15 22:13:53 - [TEST_STEP][PASSED] - datText = today: null

2023-02-15 22:13:53 - [TEST_STEP][PASSED] - category = findTestData(dataFile).getValue("Category", row): null

2023-02-15 22:13:53 - [TEST_STEP][PASSED] - amount = findTestData(dataFile).getValue("Amount", row): null

2023-02-15 22:13:53 - [TEST_STEP][PASSED] - cardNumber = findTestData(dataFile).getValue("CardNumber", row): null

2023-02-15 22:13:53 - [TEST_STEP][PASSED] - exM = findTestData(dataFile).getValue("ExM", row): null

2023-02-15 22:13:53 - [TEST_STEP][PASSED] - exY = findTestData(dataFile).getValue("ExY", row): null

2023-02-15 22:13:53 - [TEST_STEP][PASSED] - openBrowser(VLinkURL + "auth.html"): Browser is opened with url: 'https://dev-algorithm.govolution.com/vlinktest/QA/version_2_0/auth.html'

2023-02-15 22:13:53 - [MESSAGE][WARNING] - A browser is already opened. Closing browser and opening a new one

2023-02-15 22:13:54 - [MESSAGE][INFO] - Starting 'Chrome' driver

2023-02-15 22:13:54 - [MESSAGE][INFO] - User set preference: ['acceptInsecureCerts', 'true']

2023-02-15 22:13:54 - [MESSAGE][INFO] - Action delay is set to 0 milliseconds

2023-02-15 22:13:56 - [MESSAGE][PASSED] - Browser is opened with url: 'https://dev-algorithm.govolution.com/vlinktest/QA/version_2_0/auth.html'

2023-02-15 22:13:56 - [TEST_STEP][PASSED] - maximizeWindow(): Current window maximized

2023-02-15 22:13:56 - [MESSAGE][PASSED] - Current window maximized

2023-02-15 22:13:56 - [TEST_STEP][PASSED] - genRemID = RandomStringUtils.random(12, true, true): null

2023-02-15 22:13:56 - [TEST_STEP][PASSED] - setText(findTestObject("Object Repository/RecAndPlayBk/Page-Vlink-AuthOnly/input_Remittance Id_remittance_id"), genRemID): Text 'enohX8M5hShm' is set on object 'Object Repository/RecAndPlayBk/Page-Vlink-AuthOnly/input_Remittance Id_remittance_id'

2023-02-15 22:13:57 - [MESSAGE][PASSED] - Text 'enohX8M5hShm' is set on object 'Object Repository/RecAndPlayBk/Page-Vlink-AuthOnly/input_Remittance Id_remittance_id'

2023-02-15 22:13:57 - [TEST_STEP][PASSED] - setText(findTestObject("Object Repository/RecAndPlayBk/Page-Vlink-AuthOnly/input_Application Id_application_id"), appID): Text '234' is set on object 'Object Repository/RecAndPlayBk/Page-Vlink-AuthOnly/input_Application Id_application_id'

2023-02-15 22:13:58 - [MESSAGE][PASSED] - Text '234' is set on object 'Object Repository/RecAndPlayBk/Page-Vlink-AuthOnly/input_Application Id_application_id'

2023-02-15 22:13:58 - [TEST_STEP][PASSED] - setText(findTestObject("Object Repository/RecAndPlayBk/Page-Vlink-AuthOnly/input_Username_username"), username): Text 'username' is set on object 'Object Repository/RecAndPlayBk/Page-Vlink-AuthOnly/input_Username_username'

2023-02-15 22:13:58 - [MESSAGE][PASSED] - Text 'username' is set on object 'Object Repository/RecAndPlayBk/Page-Vlink-AuthOnly/input_Username_username'

2023-02-15 22:13:58 - [TEST_STEP][PASSED] - setText(findTestObject("Object Repository/RecAndPlayBk/Page-Vlink-AuthOnly/input_Password_password"), password): Text 'password' is set on object 'Object Repository/RecAndPlayBk/Page-Vlink-AuthOnly/input_Password_password'

2023-02-15 22:13:59 - [MESSAGE][PASSED] - Text 'password' is set on object 'Object Repository/RecAndPlayBk/Page-Vlink-AuthOnly/input_Password_password'

2023-02-15 22:13:59 - [TEST_STEP][PASSED] - setText(findTestObject("Object Repository/RecAndPlayBk/Page-Vlink-AuthOnly/input_Category_category"), category): Text 'RETL' is set on object 'Object Repository/RecAndPlayBk/Page-Vlink-AuthOnly/input_Category_category'

2023-02-15 22:14:00 - [MESSAGE][PASSED] - Text 'RETL' is set on object 'Object Repository/RecAndPlayBk/Page-Vlink-AuthOnly/input_Category_category'

2023-02-15 22:14:00 - [TEST_STEP][PASSED] - setText(findTestObject("Object Repository/RecAndPlayBk/Page-Vlink-AuthOnly/input_Amount_amount"), amount): Text '10.5' is set on object 'Object Repository/RecAndPlayBk/Page-Vlink-AuthOnly/input_Amount_amount'

2023-02-15 22:14:00 - [MESSAGE][PASSED] - Text '10.5' is set on object 'Object Repository/RecAndPlayBk/Page-Vlink-AuthOnly/input_Amount_amount'

2023-02-15 22:14:00 - [TEST_STEP][PASSED] - doubleClick(findTestObject("Object Repository/RecAndPlayBk/Page-Vlink-AuthOnly/input_Card number_card_number")): Object: 'Object Repository/RecAndPlayBk/Page-Vlink-AuthOnly/input_Card number_card_number' is double clicked on

2023-02-15 22:14:01 - [MESSAGE][PASSED] - Object: 'Object Repository/RecAndPlayBk/Page-Vlink-AuthOnly/input_Card number_card_number' is double clicked on

2023-02-15 22:14:01 - [TEST_STEP][PASSED] - setText(findTestObject("Object Repository/RecAndPlayBk/Page-Vlink-AuthOnly/input_Card number_card_number"), cardNumber): Text '370000000000002' is set on object 'Object Repository/RecAndPlayBk/Page-Vlink-AuthOnly/input_Card number_card_number'

2023-02-15 22:14:01 - [MESSAGE][PASSED] - Text '370000000000002' is set on object 'Object Repository/RecAndPlayBk/Page-Vlink-AuthOnly/input_Card number_card_number'

2023-02-15 22:14:01 - [TEST_STEP][PASSED] - setText(findTestObject("Object Repository/RecAndPlayBk/Page-Vlink-AuthOnly/input_Card ex month_card_exmo"), exM): Text '12' is set on object 'Object Repository/RecAndPlayBk/Page-Vlink-AuthOnly/input_Card ex month_card_exmo'

2023-02-15 22:14:02 - [MESSAGE][PASSED] - Text '12' is set on object 'Object Repository/RecAndPlayBk/Page-Vlink-AuthOnly/input_Card ex month_card_exmo'

2023-02-15 22:14:02 - [TEST_STEP][PASSED] - setText(findTestObject("Object Repository/RecAndPlayBk/Page-Vlink-AuthOnly/input_Card ex year_card_exyr"), exY): Text '2029' is set on object 'Object Repository/RecAndPlayBk/Page-Vlink-AuthOnly/input_Card ex year_card_exyr'

2023-02-15 22:14:02 - [MESSAGE][PASSED] - Text '2029' is set on object 'Object Repository/RecAndPlayBk/Page-Vlink-AuthOnly/input_Card ex year_card_exyr'

2023-02-15 22:14:02 - [TEST_STEP][PASSED] - click(findTestObject("Object Repository/RecAndPlayBk/Page-Vlink-AuthOnly/input_Track Data_track_data")): Object: 'Object Repository/RecAndPlayBk/Page-Vlink-AuthOnly/input_Track Data_track_data' is clicked on

2023-02-15 22:14:03 - [MESSAGE][PASSED] - Object: 'Object Repository/RecAndPlayBk/Page-Vlink-AuthOnly/input_Track Data_track_data' is clicked on

2023-02-15 22:14:03 - [TEST_STEP][PASSED] - click(findTestObject("Object Repository/RecAndPlayBk/Page-Vlink-AuthOnly/input_CVV state_cvv_state")): Object: 'Object Repository/RecAndPlayBk/Page-Vlink-AuthOnly/input_CVV state_cvv_state' is clicked on

2023-02-15 22:14:03 - [MESSAGE][PASSED] - Object: 'Object Repository/RecAndPlayBk/Page-Vlink-AuthOnly/input_CVV state_cvv_state' is clicked on

2023-02-15 22:14:03 - [TEST_STEP][PASSED] - setText(findTestObject("Object Repository/RecAndPlayBk/Page-Vlink-AuthOnly/input_Track Data_track_data"), ""): Text '' is set on object 'Object Repository/RecAndPlayBk/Page-Vlink-AuthOnly/input_Track Data_track_data'

2023-02-15 22:14:04 - [MESSAGE][PASSED] - Text '' is set on object 'Object Repository/RecAndPlayBk/Page-Vlink-AuthOnly/input_Track Data_track_data'

2023-02-15 22:14:04 - [TEST_STEP][PASSED] - setText(findTestObject("Object Repository/RecAndPlayBk/Page-Vlink-AuthOnly/input_concat(Cardholder, , s email)_email"), ""): Text '' is set on object 'Object Repository/RecAndPlayBk/Page-Vlink-AuthOnly/input_concat(Cardholder, , s email)_email'

2023-02-15 22:14:04 - [MESSAGE][PASSED] - Text '' is set on object 'Object Repository/RecAndPlayBk/Page-Vlink-AuthOnly/input_concat(Cardholder, , s email)_email'

2023-02-15 22:14:04 - [TEST_STEP][PASSED] - click(findTestObject("Object Repository/RecAndPlayBk/Page-Vlink-AuthOnly/input_user_defined10_user_defined10")): Object: 'Object Repository/RecAndPlayBk/Page-Vlink-AuthOnly/input_user_defined10_user_defined10' is clicked on

2023-02-15 22:14:05 - [MESSAGE][PASSED] - Object: 'Object Repository/RecAndPlayBk/Page-Vlink-AuthOnly/input_user_defined10_user_defined10' is clicked on

2023-02-15 22:14:05 - [TEST_STEP][PASSED] - if (executionProfile.equalsIgnoreCase("QAProfile")): Text '' is set on object 'Object Repository/RecAndPlayBk/Page-Vlink-AuthOnly/input_COF Transaction Initiated by_cof_tran_6cded5'

2023-02-15 22:14:05 - [TEST_STEP][PASSED] - setText(findTestObject("Object Repository/RecAndPlayBk/Page-Vlink-AuthOnly/input_Card on File Indicator_card_on_file_i_157dae"), ""): Text '' is set on object 'Object Repository/RecAndPlayBk/Page-Vlink-AuthOnly/input_Card on File Indicator_card_on_file_i_157dae'

2023-02-15 22:14:05 - [MESSAGE][PASSED] - Text '' is set on object 'Object Repository/RecAndPlayBk/Page-Vlink-AuthOnly/input_Card on File Indicator_card_on_file_i_157dae'

2023-02-15 22:14:05 - [TEST_STEP][PASSED] - setText(findTestObject("Object Repository/RecAndPlayBk/Page-Vlink-AuthOnly/input_Stored Credential Indicator_stored_cr_4ae73c"), ""): Text '' is set on object 'Object Repository/RecAndPlayBk/Page-Vlink-AuthOnly/input_Stored Credential Indicator_stored_cr_4ae73c'

2023-02-15 22:14:06 - [MESSAGE][PASSED] - Text '' is set on object 'Object Repository/RecAndPlayBk/Page-Vlink-AuthOnly/input_Stored Credential Indicator_stored_cr_4ae73c'

2023-02-15 22:14:06 - [TEST_STEP][PASSED] - setText(findTestObject("Object Repository/RecAndPlayBk/Page-Vlink-AuthOnly/input_COF Scheduled indicator_cof_scheduled_8df7d8"), ""): Text '' is set on object 'Object Repository/RecAndPlayBk/Page-Vlink-AuthOnly/input_COF Scheduled indicator_cof_scheduled_8df7d8'

2023-02-15 22:14:07 - [MESSAGE][PASSED] - Text '' is set on object 'Object Repository/RecAndPlayBk/Page-Vlink-AuthOnly/input_COF Scheduled indicator_cof_scheduled_8df7d8'

2023-02-15 22:14:07 - [TEST_STEP][PASSED] - setText(findTestObject("Object Repository/RecAndPlayBk/Page-Vlink-AuthOnly/input_COF Transaction Initiated by_cof_tran_6cded5"), ""): Text '' is set on object 'Object Repository/RecAndPlayBk/Page-Vlink-AuthOnly/input_COF Transaction Initiated by_cof_tran_6cded5'

2023-02-15 22:14:07 - [MESSAGE][PASSED] - Text '' is set on object 'Object Repository/RecAndPlayBk/Page-Vlink-AuthOnly/input_COF Transaction Initiated by_cof_tran_6cded5'

2023-02-15 22:14:07 - [TEST_STEP][PASSED] - click(findTestObject("Object Repository/RecAndPlayBk/Page-Vlink-AuthOnly/input")): Object: 'Object Repository/RecAndPlayBk/Page-Vlink-AuthOnly/input' is clicked on

2023-02-15 22:14:08 - [MESSAGE][PASSED] - Object: 'Object Repository/RecAndPlayBk/Page-Vlink-AuthOnly/input' is clicked on

2023-02-15 22:14:08 - [TEST_STEP][FAILED] - if (verifyTextPresent("Transaction approved, no errors", true)): Text 'Transaction approved, no errors' is not present on page  using regular expression (Root cause: com.kms.katalon.core.exception.StepFailedException: Text 'Transaction approved, no errors' is not present on page  using regular expression
	at com.kms.katalon.core.webui.keyword.internal.WebUIKeywordMain.stepFailed(WebUIKeywordMain.groovy:64)
	at com.kms.katalon.core.webui.keyword.builtin.VerifyTextPresentKeyword$_verifyTextPresent_closure1.doCall(VerifyTextPresentKeyword.groovy:79)
	at com.kms.katalon.core.webui.keyword.builtin.VerifyTextPresentKeyword$_verifyTextPresent_closure1.call(VerifyTextPresentKeyword.groovy)
	at com.kms.katalon.core.webui.keyword.internal.WebUIKeywordMain.runKeyword(WebUIKeywordMain.groovy:20)
	at com.kms.katalon.core.webui.keyword.builtin.VerifyTextPresentKeyword.verifyTextPresent(VerifyTextPresentKeyword.groovy:83)
	at com.kms.katalon.core.webui.keyword.builtin.VerifyTextPresentKeyword.execute(VerifyTextPresentKeyword.groovy:68)
	at com.kms.katalon.core.keyword.internal.KeywordExecutor.executeKeywordForPlatform(KeywordExecutor.groovy:74)
	at com.kms.katalon.core.webui.keyword.WebUiBuiltInKeywords.verifyTextPresent(WebUiBuiltInKeywords.groovy:1723)
	at com.kms.katalon.core.webui.keyword.WebUiBuiltInKeywords$verifyTextPresent$4.call(Unknown Source)
	at Auth-Cap-Credit.run(Auth-Cap-Credit:161)
	at com.kms.katalon.core.main.ScriptEngine.run(ScriptEngine.java:194)
	at com.kms.katalon.core.main.ScriptEngine.runScriptAsRawText(ScriptEngine.java:119)
	at com.kms.katalon.core.main.TestCaseExecutor.runScript(TestCaseExecutor.java:442)
	at com.kms.katalon.core.main.TestCaseExecutor.doExecute(TestCaseExecutor.java:433)
	at com.kms.katalon.core.main.TestCaseExecutor.processExecutionPhase(TestCaseExecutor.java:412)
	at com.kms.katalon.core.main.TestCaseExecutor.accessMainPhase(TestCaseExecutor.java:404)
	at com.kms.katalon.core.main.TestCaseExecutor.execute(TestCaseExecutor.java:281)
	at com.kms.katalon.core.main.TestSuiteExecutor.accessTestCaseMainPhase(TestSuiteExecutor.java:202)
	at com.kms.katalon.core.main.TestSuiteExecutor.accessTestSuiteMainPhase(TestSuiteExecutor.java:164)
	at com.kms.katalon.core.main.TestSuiteExecutor.execute(TestSuiteExecutor.java:105)
	at com.kms.katalon.core.main.TestCaseMain.startTestSuite(TestCaseMain.java:185)
	at com.kms.katalon.core.main.TestCaseMain$startTestSuite$0.call(Unknown Source)
	at TempTestSuite1676515943031.run(TempTestSuite1676515943031.groovy:36)
)

2023-02-15 22:14:08 - [MESSAGE][FAILED] - Text 'Transaction approved, no errors' is not present on page  using regular expression (Root cause: com.kms.katalon.core.exception.StepFailedException: Text 'Transaction approved, no errors' is not present on page  using regular expression
	at com.kms.katalon.core.webui.keyword.internal.WebUIKeywordMain.stepFailed(WebUIKeywordMain.groovy:64)
	at com.kms.katalon.core.webui.keyword.builtin.VerifyTextPresentKeyword$_verifyTextPresent_closure1.doCall(VerifyTextPresentKeyword.groovy:79)
	at com.kms.katalon.core.webui.keyword.builtin.VerifyTextPresentKeyword$_verifyTextPresent_closure1.call(VerifyTextPresentKeyword.groovy)
	at com.kms.katalon.core.webui.keyword.internal.WebUIKeywordMain.runKeyword(WebUIKeywordMain.groovy:20)
	at com.kms.katalon.core.webui.keyword.builtin.VerifyTextPresentKeyword.verifyTextPresent(VerifyTextPresentKeyword.groovy:83)
	at com.kms.katalon.core.webui.keyword.builtin.VerifyTextPresentKeyword.execute(VerifyTextPresentKeyword.groovy:68)
	at com.kms.katalon.core.keyword.internal.KeywordExecutor.executeKeywordForPlatform(KeywordExecutor.groovy:74)
	at com.kms.katalon.core.webui.keyword.WebUiBuiltInKeywords.verifyTextPresent(WebUiBuiltInKeywords.groovy:1723)
	at com.kms.katalon.core.webui.keyword.WebUiBuiltInKeywords$verifyTextPresent$4.call(Unknown Source)
	at Auth-Cap-Credit.run(Auth-Cap-Credit:161)
	at com.kms.katalon.core.main.ScriptEngine.run(ScriptEngine.java:194)
	at com.kms.katalon.core.main.ScriptEngine.runScriptAsRawText(ScriptEngine.java:119)
	at com.kms.katalon.core.main.TestCaseExecutor.runScript(TestCaseExecutor.java:442)
	at com.kms.katalon.core.main.TestCaseExecutor.doExecute(TestCaseExecutor.java:433)
	at com.kms.katalon.core.main.TestCaseExecutor.processExecutionPhase(TestCaseExecutor.java:412)
	at com.kms.katalon.core.main.TestCaseExecutor.accessMainPhase(TestCaseExecutor.java:404)
	at com.kms.katalon.core.main.TestCaseExecutor.execute(TestCaseExecutor.java:281)
	at com.kms.katalon.core.main.TestSuiteExecutor.accessTestCaseMainPhase(TestSuiteExecutor.java:202)
	at com.kms.katalon.core.main.TestSuiteExecutor.accessTestSuiteMainPhase(TestSuiteExecutor.java:164)
	at com.kms.katalon.core.main.TestSuiteExecutor.execute(TestSuiteExecutor.java:105)
	at com.kms.katalon.core.main.TestCaseMain.startTestSuite(TestCaseMain.java:185)
	at com.kms.katalon.core.main.TestCaseMain$startTestSuite$0.call(Unknown Source)
	at TempTestSuite1676515943031.run(TempTestSuite1676515943031.groovy:36)
)

2023-02-15 22:14:08 - [TEST_STEP][PASSED] - else: pages.WriteExcel.demoKey is PASSED

2023-02-15 22:14:08 - [TEST_STEP][PASSED] - out.println("Auth was not successful, Dont Capture"): null

2023-02-15 22:14:08 - [TEST_STEP][PASSED] - println("Transaction Approved, no errors text is not present on the Confirmation page"): null

2023-02-15 22:14:08 - [TEST_STEP][PASSED] - out.println("Fail Record Number: " + row): null

2023-02-15 22:14:08 - [TEST_STEP][PASSED] - resText = "Fail": null

2023-02-15 22:14:08 - [TEST_STEP][PASSED] - pages.WriteExcel.demoKey(resText, datText, resColumn, datCloumn, fileLoc, nameSheet, row): pages.WriteExcel.demoKey is PASSED

2023-02-15 22:14:08 - [MESSAGE][PASSED] - pages.WriteExcel.demoKey is PASSED

2023-02-15 22:14:08 - [TEST_STEP][PASSED] - ExecuteTC = findTestData(dataFile).getValue("Execute", row): null

2023-02-15 22:14:09 - [TEST_STEP][PASSED] - out.println("Value of Execute is : " + ExecuteTC): null

2023-02-15 22:14:09 - [TEST_STEP][PASSED] - switch (executionProfile): null

2023-02-15 22:14:09 - [TEST_STEP][PASSED] - case "QAProfile":: null

2023-02-15 22:14:09 - [TEST_STEP][PASSED] - appID = findTestData(dataFile).getValue("AppIDQA", row): null

2023-02-15 22:14:09 - [TEST_STEP][PASSED] - username = findTestData(dataFile).getValue("UsernameQA", row): null

2023-02-15 22:14:09 - [TEST_STEP][PASSED] - password = findTestData(dataFile).getValue("PasswordQA", row): null

2023-02-15 22:14:09 - [TEST_STEP][PASSED] - break: null

2023-02-15 22:14:09 - [TEST_STEP][PASSED] - if (ExecuteTC.equalsIgnoreCase("Y")): null

2023-02-15 22:14:09 - [TEST_STEP][PASSED] - out.println("Begin Record Number: " + row): null

2023-02-15 22:14:09 - [TEST_STEP][PASSED] - today = new java.util.Date(): null

2023-02-15 22:14:09 - [TEST_STEP][PASSED] - println(today): null

2023-02-15 22:14:09 - [TEST_STEP][PASSED] - datText = today: null

2023-02-15 22:14:09 - [TEST_STEP][PASSED] - category = findTestData(dataFile).getValue("Category", row): null

2023-02-15 22:14:09 - [TEST_STEP][PASSED] - amount = findTestData(dataFile).getValue("Amount", row): null

2023-02-15 22:14:09 - [TEST_STEP][PASSED] - cardNumber = findTestData(dataFile).getValue("CardNumber", row): null

2023-02-15 22:14:09 - [TEST_STEP][PASSED] - exM = findTestData(dataFile).getValue("ExM", row): null

2023-02-15 22:14:09 - [TEST_STEP][PASSED] - exY = findTestData(dataFile).getValue("ExY", row): null

2023-02-15 22:14:09 - [TEST_STEP][PASSED] - openBrowser(VLinkURL + "auth.html"): Browser is opened with url: 'https://dev-algorithm.govolution.com/vlinktest/QA/version_2_0/auth.html'

2023-02-15 22:14:09 - [MESSAGE][WARNING] - A browser is already opened. Closing browser and opening a new one

2023-02-15 22:14:10 - [MESSAGE][INFO] - Starting 'Chrome' driver

2023-02-15 22:14:10 - [MESSAGE][INFO] - User set preference: ['acceptInsecureCerts', 'true']

2023-02-15 22:14:10 - [MESSAGE][INFO] - Action delay is set to 0 milliseconds

2023-02-15 22:14:12 - [MESSAGE][PASSED] - Browser is opened with url: 'https://dev-algorithm.govolution.com/vlinktest/QA/version_2_0/auth.html'

2023-02-15 22:14:12 - [TEST_STEP][PASSED] - maximizeWindow(): Current window maximized

2023-02-15 22:14:12 - [MESSAGE][PASSED] - Current window maximized

2023-02-15 22:14:12 - [TEST_STEP][PASSED] - genRemID = RandomStringUtils.random(12, true, true): null

2023-02-15 22:14:12 - [TEST_STEP][PASSED] - setText(findTestObject("Object Repository/RecAndPlayBk/Page-Vlink-AuthOnly/input_Remittance Id_remittance_id"), genRemID): Text 'G0CqS0KtDF8d' is set on object 'Object Repository/RecAndPlayBk/Page-Vlink-AuthOnly/input_Remittance Id_remittance_id'

2023-02-15 22:14:13 - [MESSAGE][PASSED] - Text 'G0CqS0KtDF8d' is set on object 'Object Repository/RecAndPlayBk/Page-Vlink-AuthOnly/input_Remittance Id_remittance_id'

2023-02-15 22:14:13 - [TEST_STEP][PASSED] - setText(findTestObject("Object Repository/RecAndPlayBk/Page-Vlink-AuthOnly/input_Application Id_application_id"), appID): Text '87' is set on object 'Object Repository/RecAndPlayBk/Page-Vlink-AuthOnly/input_Application Id_application_id'

2023-02-15 22:14:14 - [MESSAGE][PASSED] - Text '87' is set on object 'Object Repository/RecAndPlayBk/Page-Vlink-AuthOnly/input_Application Id_application_id'

2023-02-15 22:14:14 - [TEST_STEP][PASSED] - setText(findTestObject("Object Repository/RecAndPlayBk/Page-Vlink-AuthOnly/input_Username_username"), username): Text 'username' is set on object 'Object Repository/RecAndPlayBk/Page-Vlink-AuthOnly/input_Username_username'

2023-02-15 22:14:14 - [MESSAGE][PASSED] - Text 'username' is set on object 'Object Repository/RecAndPlayBk/Page-Vlink-AuthOnly/input_Username_username'

2023-02-15 22:14:14 - [TEST_STEP][PASSED] - setText(findTestObject("Object Repository/RecAndPlayBk/Page-Vlink-AuthOnly/input_Password_password"), password): Text 'password' is set on object 'Object Repository/RecAndPlayBk/Page-Vlink-AuthOnly/input_Password_password'

2023-02-15 22:14:15 - [MESSAGE][PASSED] - Text 'password' is set on object 'Object Repository/RecAndPlayBk/Page-Vlink-AuthOnly/input_Password_password'

2023-02-15 22:14:15 - [TEST_STEP][PASSED] - setText(findTestObject("Object Repository/RecAndPlayBk/Page-Vlink-AuthOnly/input_Category_category"), category): Text 'ECOM' is set on object 'Object Repository/RecAndPlayBk/Page-Vlink-AuthOnly/input_Category_category'

2023-02-15 22:14:16 - [MESSAGE][PASSED] - Text 'ECOM' is set on object 'Object Repository/RecAndPlayBk/Page-Vlink-AuthOnly/input_Category_category'

2023-02-15 22:14:16 - [TEST_STEP][PASSED] - setText(findTestObject("Object Repository/RecAndPlayBk/Page-Vlink-AuthOnly/input_Amount_amount"), amount): Text '10.5' is set on object 'Object Repository/RecAndPlayBk/Page-Vlink-AuthOnly/input_Amount_amount'

2023-02-15 22:14:16 - [MESSAGE][PASSED] - Text '10.5' is set on object 'Object Repository/RecAndPlayBk/Page-Vlink-AuthOnly/input_Amount_amount'

2023-02-15 22:14:16 - [TEST_STEP][PASSED] - doubleClick(findTestObject("Object Repository/RecAndPlayBk/Page-Vlink-AuthOnly/input_Card number_card_number")): Object: 'Object Repository/RecAndPlayBk/Page-Vlink-AuthOnly/input_Card number_card_number' is double clicked on

2023-02-15 22:14:17 - [MESSAGE][PASSED] - Object: 'Object Repository/RecAndPlayBk/Page-Vlink-AuthOnly/input_Card number_card_number' is double clicked on

2023-02-15 22:14:17 - [TEST_STEP][PASSED] - setText(findTestObject("Object Repository/RecAndPlayBk/Page-Vlink-AuthOnly/input_Card number_card_number"), cardNumber): Text '4012000098765439' is set on object 'Object Repository/RecAndPlayBk/Page-Vlink-AuthOnly/input_Card number_card_number'

2023-02-15 22:14:17 - [MESSAGE][PASSED] - Text '4012000098765439' is set on object 'Object Repository/RecAndPlayBk/Page-Vlink-AuthOnly/input_Card number_card_number'

2023-02-15 22:14:17 - [TEST_STEP][PASSED] - setText(findTestObject("Object Repository/RecAndPlayBk/Page-Vlink-AuthOnly/input_Card ex month_card_exmo"), exM): Text '12' is set on object 'Object Repository/RecAndPlayBk/Page-Vlink-AuthOnly/input_Card ex month_card_exmo'

2023-02-15 22:14:18 - [MESSAGE][PASSED] - Text '12' is set on object 'Object Repository/RecAndPlayBk/Page-Vlink-AuthOnly/input_Card ex month_card_exmo'

2023-02-15 22:14:18 - [TEST_STEP][PASSED] - setText(findTestObject("Object Repository/RecAndPlayBk/Page-Vlink-AuthOnly/input_Card ex year_card_exyr"), exY): Text '2029' is set on object 'Object Repository/RecAndPlayBk/Page-Vlink-AuthOnly/input_Card ex year_card_exyr'

2023-02-15 22:14:18 - [MESSAGE][PASSED] - Text '2029' is set on object 'Object Repository/RecAndPlayBk/Page-Vlink-AuthOnly/input_Card ex year_card_exyr'

2023-02-15 22:14:18 - [TEST_STEP][PASSED] - click(findTestObject("Object Repository/RecAndPlayBk/Page-Vlink-AuthOnly/input_Track Data_track_data")): Object: 'Object Repository/RecAndPlayBk/Page-Vlink-AuthOnly/input_Track Data_track_data' is clicked on

2023-02-15 22:14:19 - [MESSAGE][PASSED] - Object: 'Object Repository/RecAndPlayBk/Page-Vlink-AuthOnly/input_Track Data_track_data' is clicked on

2023-02-15 22:14:19 - [TEST_STEP][PASSED] - click(findTestObject("Object Repository/RecAndPlayBk/Page-Vlink-AuthOnly/input_CVV state_cvv_state")): Object: 'Object Repository/RecAndPlayBk/Page-Vlink-AuthOnly/input_CVV state_cvv_state' is clicked on

2023-02-15 22:14:19 - [MESSAGE][PASSED] - Object: 'Object Repository/RecAndPlayBk/Page-Vlink-AuthOnly/input_CVV state_cvv_state' is clicked on

2023-02-15 22:14:19 - [TEST_STEP][PASSED] - setText(findTestObject("Object Repository/RecAndPlayBk/Page-Vlink-AuthOnly/input_Track Data_track_data"), ""): Text '' is set on object 'Object Repository/RecAndPlayBk/Page-Vlink-AuthOnly/input_Track Data_track_data'

2023-02-15 22:14:20 - [MESSAGE][PASSED] - Text '' is set on object 'Object Repository/RecAndPlayBk/Page-Vlink-AuthOnly/input_Track Data_track_data'

2023-02-15 22:14:20 - [TEST_STEP][PASSED] - setText(findTestObject("Object Repository/RecAndPlayBk/Page-Vlink-AuthOnly/input_concat(Cardholder, , s email)_email"), ""): Text '' is set on object 'Object Repository/RecAndPlayBk/Page-Vlink-AuthOnly/input_concat(Cardholder, , s email)_email'

2023-02-15 22:14:20 - [MESSAGE][PASSED] - Text '' is set on object 'Object Repository/RecAndPlayBk/Page-Vlink-AuthOnly/input_concat(Cardholder, , s email)_email'

2023-02-15 22:14:20 - [TEST_STEP][PASSED] - click(findTestObject("Object Repository/RecAndPlayBk/Page-Vlink-AuthOnly/input_user_defined10_user_defined10")): Object: 'Object Repository/RecAndPlayBk/Page-Vlink-AuthOnly/input_user_defined10_user_defined10' is clicked on

2023-02-15 22:14:21 - [MESSAGE][PASSED] - Object: 'Object Repository/RecAndPlayBk/Page-Vlink-AuthOnly/input_user_defined10_user_defined10' is clicked on

2023-02-15 22:14:21 - [TEST_STEP][PASSED] - if (executionProfile.equalsIgnoreCase("QAProfile")): Text '' is set on object 'Object Repository/RecAndPlayBk/Page-Vlink-AuthOnly/input_COF Transaction Initiated by_cof_tran_6cded5'

2023-02-15 22:14:21 - [TEST_STEP][PASSED] - setText(findTestObject("Object Repository/RecAndPlayBk/Page-Vlink-AuthOnly/input_Card on File Indicator_card_on_file_i_157dae"), ""): Text '' is set on object 'Object Repository/RecAndPlayBk/Page-Vlink-AuthOnly/input_Card on File Indicator_card_on_file_i_157dae'

2023-02-15 22:14:21 - [MESSAGE][PASSED] - Text '' is set on object 'Object Repository/RecAndPlayBk/Page-Vlink-AuthOnly/input_Card on File Indicator_card_on_file_i_157dae'

2023-02-15 22:14:21 - [TEST_STEP][PASSED] - setText(findTestObject("Object Repository/RecAndPlayBk/Page-Vlink-AuthOnly/input_Stored Credential Indicator_stored_cr_4ae73c"), ""): Text '' is set on object 'Object Repository/RecAndPlayBk/Page-Vlink-AuthOnly/input_Stored Credential Indicator_stored_cr_4ae73c'

2023-02-15 22:14:22 - [MESSAGE][PASSED] - Text '' is set on object 'Object Repository/RecAndPlayBk/Page-Vlink-AuthOnly/input_Stored Credential Indicator_stored_cr_4ae73c'

2023-02-15 22:14:22 - [TEST_STEP][PASSED] - setText(findTestObject("Object Repository/RecAndPlayBk/Page-Vlink-AuthOnly/input_COF Scheduled indicator_cof_scheduled_8df7d8"), ""): Text '' is set on object 'Object Repository/RecAndPlayBk/Page-Vlink-AuthOnly/input_COF Scheduled indicator_cof_scheduled_8df7d8'

2023-02-15 22:14:23 - [MESSAGE][PASSED] - Text '' is set on object 'Object Repository/RecAndPlayBk/Page-Vlink-AuthOnly/input_COF Scheduled indicator_cof_scheduled_8df7d8'

2023-02-15 22:14:23 - [TEST_STEP][PASSED] - setText(findTestObject("Object Repository/RecAndPlayBk/Page-Vlink-AuthOnly/input_COF Transaction Initiated by_cof_tran_6cded5"), ""): Text '' is set on object 'Object Repository/RecAndPlayBk/Page-Vlink-AuthOnly/input_COF Transaction Initiated by_cof_tran_6cded5'

2023-02-15 22:14:23 - [MESSAGE][PASSED] - Text '' is set on object 'Object Repository/RecAndPlayBk/Page-Vlink-AuthOnly/input_COF Transaction Initiated by_cof_tran_6cded5'

2023-02-15 22:14:23 - [TEST_STEP][PASSED] - click(findTestObject("Object Repository/RecAndPlayBk/Page-Vlink-AuthOnly/input")): Object: 'Object Repository/RecAndPlayBk/Page-Vlink-AuthOnly/input' is clicked on

2023-02-15 22:14:27 - [MESSAGE][PASSED] - Object: 'Object Repository/RecAndPlayBk/Page-Vlink-AuthOnly/input' is clicked on

2023-02-15 22:14:27 - [TEST_STEP][PASSED] - if (verifyTextPresent("Transaction approved, no errors", true)): null

2023-02-15 22:14:27 - [MESSAGE][PASSED] - Text 'Transaction approved, no errors' is present on page  using regular expression

2023-02-15 22:14:27 - [TEST_STEP][PASSED] - out.println("Auth was successful, Capture now"): null

2023-02-15 22:14:27 - [TEST_STEP][PASSED] - sdfo = getText(findTestObject("Object Repository/Page_VLinkReceipt/pre_STX")): Text of object 'Object Repository/Page_VLinkReceipt/pre_STX' is: '<STX>G0CqS0KtDF8d                  12126682            0  Transaction approved, no errors                   0                                                                                  N TAS855   <ETX>'

2023-02-15 22:14:28 - [MESSAGE][PASSED] - Text of object 'Object Repository/Page_VLinkReceipt/pre_STX' is: '<STX>G0CqS0KtDF8d                  12126682            0  Transaction approved, no errors                   0                                                                                  N TAS855   <ETX>'

2023-02-15 22:14:28 - [TEST_STEP][PASSED] - out.println("sdfo: " + sdfo): null

2023-02-15 22:14:28 - [TEST_STEP][PASSED] - remID = substring(5, 35).trim(): null

2023-02-15 22:14:28 - [TEST_STEP][PASSED] - out.println("remID: " + remID): null

2023-02-15 22:14:28 - [TEST_STEP][PASSED] - traxID = substring(35, 55).trim(): null

2023-02-15 22:14:28 - [TEST_STEP][PASSED] - out.println("traxID: " + traxID): null

2023-02-15 22:14:28 - [TEST_STEP][PASSED] - VLinkSaleRemID = remID: null

2023-02-15 22:14:28 - [TEST_STEP][PASSED] - VLinkSaleTranxID = traxID: null

2023-02-15 22:14:28 - [TEST_STEP][PASSED] - openBrowser(VLinkURL + "capture.html"): Browser is opened with url: 'https://dev-algorithm.govolution.com/vlinktest/QA/version_2_0/capture.html'

2023-02-15 22:14:28 - [MESSAGE][WARNING] - A browser is already opened. Closing browser and opening a new one

2023-02-15 22:14:29 - [MESSAGE][INFO] - Starting 'Chrome' driver

2023-02-15 22:14:29 - [MESSAGE][INFO] - User set preference: ['acceptInsecureCerts', 'true']

2023-02-15 22:14:29 - [MESSAGE][INFO] - Action delay is set to 0 milliseconds

2023-02-15 22:14:30 - [MESSAGE][PASSED] - Browser is opened with url: 'https://dev-algorithm.govolution.com/vlinktest/QA/version_2_0/capture.html'

2023-02-15 22:14:30 - [TEST_STEP][PASSED] - maximizeWindow(): Current window maximized

2023-02-15 22:14:30 - [MESSAGE][PASSED] - Current window maximized

2023-02-15 22:14:30 - [TEST_STEP][PASSED] - setText(findTestObject("Object Repository/RecAndPlayBk/Page-VLink-Capture/input_Remittance Id_remittance_id"), VLinkSaleRemID): Text 'G0CqS0KtDF8d' is set on object 'Object Repository/RecAndPlayBk/Page-VLink-Capture/input_Remittance Id_remittance_id'

2023-02-15 22:14:31 - [MESSAGE][PASSED] - Text 'G0CqS0KtDF8d' is set on object 'Object Repository/RecAndPlayBk/Page-VLink-Capture/input_Remittance Id_remittance_id'

2023-02-15 22:14:31 - [TEST_STEP][PASSED] - setText(findTestObject("Object Repository/RecAndPlayBk/Page-VLink-Capture/input_Application Id_application_id"), appID): Text '87' is set on object 'Object Repository/RecAndPlayBk/Page-VLink-Capture/input_Application Id_application_id'

2023-02-15 22:14:32 - [MESSAGE][PASSED] - Text '87' is set on object 'Object Repository/RecAndPlayBk/Page-VLink-Capture/input_Application Id_application_id'

2023-02-15 22:14:32 - [TEST_STEP][PASSED] - setText(findTestObject("Object Repository/RecAndPlayBk/Page-VLink-Capture/input_Username_username"), username): Text 'username' is set on object 'Object Repository/RecAndPlayBk/Page-VLink-Capture/input_Username_username'

2023-02-15 22:14:32 - [MESSAGE][PASSED] - Text 'username' is set on object 'Object Repository/RecAndPlayBk/Page-VLink-Capture/input_Username_username'

2023-02-15 22:14:32 - [TEST_STEP][PASSED] - setText(findTestObject("Object Repository/RecAndPlayBk/Page-VLink-Capture/input_Password_password"), password): Text 'password' is set on object 'Object Repository/RecAndPlayBk/Page-VLink-Capture/input_Password_password'

2023-02-15 22:14:33 - [MESSAGE][PASSED] - Text 'password' is set on object 'Object Repository/RecAndPlayBk/Page-VLink-Capture/input_Password_password'

2023-02-15 22:14:33 - [TEST_STEP][PASSED] - setText(findTestObject("Object Repository/RecAndPlayBk/Page-VLink-Capture/input_Transaction ID_transaction_id"), VLinkSaleTranxID): Text '12126682' is set on object 'Object Repository/RecAndPlayBk/Page-VLink-Capture/input_Transaction ID_transaction_id'

2023-02-15 22:14:34 - [MESSAGE][PASSED] - Text '12126682' is set on object 'Object Repository/RecAndPlayBk/Page-VLink-Capture/input_Transaction ID_transaction_id'

2023-02-15 22:14:34 - [TEST_STEP][PASSED] - setText(findTestObject("Object Repository/RecAndPlayBk/Page-VLink-Capture/input_Amount_amount"), amount): Text '10.5' is set on object 'Object Repository/RecAndPlayBk/Page-VLink-Capture/input_Amount_amount'

2023-02-15 22:14:34 - [MESSAGE][PASSED] - Text '10.5' is set on object 'Object Repository/RecAndPlayBk/Page-VLink-Capture/input_Amount_amount'

2023-02-15 22:14:34 - [TEST_STEP][PASSED] - click(findTestObject("Object Repository/RecAndPlayBk/Page-VLink-Capture/input")): Object: 'Object Repository/RecAndPlayBk/Page-VLink-Capture/input' is clicked on

2023-02-15 22:14:36 - [MESSAGE][PASSED] - Object: 'Object Repository/RecAndPlayBk/Page-VLink-Capture/input' is clicked on

2023-02-15 22:14:36 - [TEST_STEP][PASSED] - if (verifyTextPresent("Transaction approved, no errors", true)): null

2023-02-15 22:14:36 - [MESSAGE][PASSED] - Text 'Transaction approved, no errors' is present on page  using regular expression

2023-02-15 22:14:36 - [TEST_STEP][PASSED] - sdfo = getText(findTestObject("Object Repository/Page_VLinkReceipt/pre_STX")): Text of object 'Object Repository/Page_VLinkReceipt/pre_STX' is: '<STX>G0CqS0KtDF8d                  12126683            0  Transaction approved, no errors                   0                                                                                  N TAS855   <ETX>'

2023-02-15 22:14:36 - [MESSAGE][PASSED] - Text of object 'Object Repository/Page_VLinkReceipt/pre_STX' is: '<STX>G0CqS0KtDF8d                  12126683            0  Transaction approved, no errors                   0                                                                                  N TAS855   <ETX>'

2023-02-15 22:14:36 - [TEST_STEP][PASSED] - out.println("sdfo: " + sdfo): null

2023-02-15 22:14:36 - [TEST_STEP][PASSED] - remID = substring(5, 35).trim(): null

2023-02-15 22:14:36 - [TEST_STEP][PASSED] - out.println("remID: " + remID): null

2023-02-15 22:14:36 - [TEST_STEP][PASSED] - traxID = substring(35, 55).trim(): null

2023-02-15 22:14:36 - [TEST_STEP][PASSED] - out.println("traxID: " + traxID): null

2023-02-15 22:14:36 - [TEST_STEP][PASSED] - VLinkSaleRemID = remID: null

2023-02-15 22:14:36 - [TEST_STEP][PASSED] - VLinkSaleTranxID = traxID: null

2023-02-15 22:14:36 - [TEST_STEP][PASSED] - openBrowser(VLinkURL + "CC_credit.html"): Browser is opened with url: 'https://dev-algorithm.govolution.com/vlinktest/QA/version_2_0/CC_credit.html'

2023-02-15 22:14:36 - [MESSAGE][WARNING] - A browser is already opened. Closing browser and opening a new one

2023-02-15 22:14:37 - [MESSAGE][INFO] - Starting 'Chrome' driver

2023-02-15 22:14:37 - [MESSAGE][INFO] - User set preference: ['acceptInsecureCerts', 'true']

2023-02-15 22:14:37 - [MESSAGE][INFO] - Action delay is set to 0 milliseconds

2023-02-15 22:14:39 - [MESSAGE][PASSED] - Browser is opened with url: 'https://dev-algorithm.govolution.com/vlinktest/QA/version_2_0/CC_credit.html'

2023-02-15 22:14:39 - [TEST_STEP][PASSED] - maximizeWindow(): Current window maximized

2023-02-15 22:14:39 - [MESSAGE][PASSED] - Current window maximized

2023-02-15 22:14:39 - [TEST_STEP][PASSED] - setText(findTestObject("Object Repository/RecAndPlayBk/Page-Vlink-CC-Credit/input_Remittance Id"), VLinkSaleRemID): Text 'G0CqS0KtDF8d' is set on object 'Object Repository/RecAndPlayBk/Page-Vlink-CC-Credit/input_Remittance Id'

2023-02-15 22:14:40 - [MESSAGE][PASSED] - Text 'G0CqS0KtDF8d' is set on object 'Object Repository/RecAndPlayBk/Page-Vlink-CC-Credit/input_Remittance Id'

2023-02-15 22:14:40 - [TEST_STEP][PASSED] - setText(findTestObject("Object Repository/RecAndPlayBk/Page-Vlink-CC-Credit/input_Application Id"), appID): Text '87' is set on object 'Object Repository/RecAndPlayBk/Page-Vlink-CC-Credit/input_Application Id'

2023-02-15 22:14:41 - [MESSAGE][PASSED] - Text '87' is set on object 'Object Repository/RecAndPlayBk/Page-Vlink-CC-Credit/input_Application Id'

2023-02-15 22:14:41 - [TEST_STEP][PASSED] - setText(findTestObject("Object Repository/RecAndPlayBk/Page-Vlink-CC-Credit/input_Username"), username): Text 'username' is set on object 'Object Repository/RecAndPlayBk/Page-Vlink-CC-Credit/input_Username'

2023-02-15 22:14:41 - [MESSAGE][PASSED] - Text 'username' is set on object 'Object Repository/RecAndPlayBk/Page-Vlink-CC-Credit/input_Username'

2023-02-15 22:14:41 - [TEST_STEP][PASSED] - setText(findTestObject("Object Repository/RecAndPlayBk/Page-Vlink-CC-Credit/input_Password"), password): Text 'password' is set on object 'Object Repository/RecAndPlayBk/Page-Vlink-CC-Credit/input_Password'

2023-02-15 22:14:42 - [MESSAGE][PASSED] - Text 'password' is set on object 'Object Repository/RecAndPlayBk/Page-Vlink-CC-Credit/input_Password'

2023-02-15 22:14:42 - [TEST_STEP][PASSED] - setText(findTestObject("Object Repository/RecAndPlayBk/Page-Vlink-CC-Credit/input_Transaction ID"), VLinkSaleTranxID): Text '12126683' is set on object 'Object Repository/RecAndPlayBk/Page-Vlink-CC-Credit/input_Transaction ID'

2023-02-15 22:14:43 - [MESSAGE][PASSED] - Text '12126683' is set on object 'Object Repository/RecAndPlayBk/Page-Vlink-CC-Credit/input_Transaction ID'

2023-02-15 22:14:43 - [TEST_STEP][PASSED] - setText(findTestObject("Object Repository/RecAndPlayBk/Page-Vlink-CC-Credit/input_Amount"), amount): Text '10.5' is set on object 'Object Repository/RecAndPlayBk/Page-Vlink-CC-Credit/input_Amount'

2023-02-15 22:14:43 - [MESSAGE][PASSED] - Text '10.5' is set on object 'Object Repository/RecAndPlayBk/Page-Vlink-CC-Credit/input_Amount'

2023-02-15 22:14:43 - [TEST_STEP][PASSED] - setText(findTestObject("Object Repository/RecAndPlayBk/Page-Vlink-CC-Credit/input_Card number"), ""): Text '' is set on object 'Object Repository/RecAndPlayBk/Page-Vlink-CC-Credit/input_Card number'

2023-02-15 22:14:44 - [MESSAGE][PASSED] - Text '' is set on object 'Object Repository/RecAndPlayBk/Page-Vlink-CC-Credit/input_Card number'

2023-02-15 22:14:44 - [TEST_STEP][PASSED] - setText(findTestObject("Object Repository/RecAndPlayBk/Page-Vlink-CC-Credit/input_Card ex month"), ""): Text '' is set on object 'Object Repository/RecAndPlayBk/Page-Vlink-CC-Credit/input_Card ex month'

2023-02-15 22:14:44 - [MESSAGE][PASSED] - Text '' is set on object 'Object Repository/RecAndPlayBk/Page-Vlink-CC-Credit/input_Card ex month'

2023-02-15 22:14:44 - [TEST_STEP][PASSED] - setText(findTestObject("Object Repository/RecAndPlayBk/Page-Vlink-CC-Credit/input_Card ex year"), ""): Text '' is set on object 'Object Repository/RecAndPlayBk/Page-Vlink-CC-Credit/input_Card ex year'

2023-02-15 22:14:45 - [MESSAGE][PASSED] - Text '' is set on object 'Object Repository/RecAndPlayBk/Page-Vlink-CC-Credit/input_Card ex year'

2023-02-15 22:14:45 - [TEST_STEP][PASSED] - setText(findTestObject("Object Repository/RecAndPlayBk/Page-Vlink-CC-Credit/input_Track Data"), ""): Text '' is set on object 'Object Repository/RecAndPlayBk/Page-Vlink-CC-Credit/input_Track Data'

2023-02-15 22:14:45 - [MESSAGE][PASSED] - Text '' is set on object 'Object Repository/RecAndPlayBk/Page-Vlink-CC-Credit/input_Track Data'

2023-02-15 22:14:45 - [TEST_STEP][PASSED] - setText(findTestObject("Object Repository/RecAndPlayBk/Page-Vlink-CC-Credit/input_Category Code"), category): Text 'ECOM' is set on object 'Object Repository/RecAndPlayBk/Page-Vlink-CC-Credit/input_Category Code'

2023-02-15 22:14:46 - [MESSAGE][PASSED] - Text 'ECOM' is set on object 'Object Repository/RecAndPlayBk/Page-Vlink-CC-Credit/input_Category Code'

2023-02-15 22:14:46 - [TEST_STEP][PASSED] - click(findTestObject("Object Repository/RecAndPlayBk/Page-Vlink-CC-Credit/input")): Object: 'Object Repository/RecAndPlayBk/Page-Vlink-CC-Credit/input' is clicked on

2023-02-15 22:14:48 - [MESSAGE][PASSED] - Object: 'Object Repository/RecAndPlayBk/Page-Vlink-CC-Credit/input' is clicked on

2023-02-15 22:14:48 - [TEST_STEP][PASSED] - if (verifyTextPresent("Transaction approved, no errors", true)): null

2023-02-15 22:14:48 - [MESSAGE][PASSED] - Text 'Transaction approved, no errors' is present on page  using regular expression

2023-02-15 22:14:48 - [TEST_STEP][PASSED] - println("Transaction Approved, no errors text is present on the Confirmation page"): null

2023-02-15 22:14:48 - [TEST_STEP][PASSED] - out.println("Pass Record Number: " + row): null

2023-02-15 22:14:48 - [TEST_STEP][PASSED] - resText = "Pass": null

2023-02-15 22:14:48 - [TEST_STEP][PASSED] - pages.WriteExcel.demoKey(resText, datText, resColumn, datCloumn, fileLoc, nameSheet, row): pages.WriteExcel.demoKey is PASSED

2023-02-15 22:14:49 - [MESSAGE][PASSED] - pages.WriteExcel.demoKey is PASSED

2023-02-15 22:14:49 - [TEST_STEP][PASSED] - ExecuteTC = findTestData(dataFile).getValue("Execute", row): null

2023-02-15 22:14:49 - [TEST_STEP][PASSED] - out.println("Value of Execute is : " + ExecuteTC): null

2023-02-15 22:14:49 - [TEST_STEP][PASSED] - switch (executionProfile): null

2023-02-15 22:14:49 - [TEST_STEP][PASSED] - case "QAProfile":: null

2023-02-15 22:14:49 - [TEST_STEP][PASSED] - appID = findTestData(dataFile).getValue("AppIDQA", row): null

2023-02-15 22:14:49 - [TEST_STEP][PASSED] - username = findTestData(dataFile).getValue("UsernameQA", row): null

2023-02-15 22:14:49 - [TEST_STEP][PASSED] - password = findTestData(dataFile).getValue("PasswordQA", row): null

2023-02-15 22:14:49 - [TEST_STEP][PASSED] - break: null

2023-02-15 22:14:49 - [TEST_STEP][PASSED] - if (ExecuteTC.equalsIgnoreCase("Y")): null

2023-02-15 22:14:49 - [TEST_STEP][PASSED] - out.println("Begin Record Number: " + row): null

2023-02-15 22:14:49 - [TEST_STEP][PASSED] - today = new java.util.Date(): null

2023-02-15 22:14:49 - [TEST_STEP][PASSED] - println(today): null

2023-02-15 22:14:49 - [TEST_STEP][PASSED] - datText = today: null

2023-02-15 22:14:49 - [TEST_STEP][PASSED] - category = findTestData(dataFile).getValue("Category", row): null

2023-02-15 22:14:49 - [TEST_STEP][PASSED] - amount = findTestData(dataFile).getValue("Amount", row): null

2023-02-15 22:14:49 - [TEST_STEP][PASSED] - cardNumber = findTestData(dataFile).getValue("CardNumber", row): null

2023-02-15 22:14:49 - [TEST_STEP][PASSED] - exM = findTestData(dataFile).getValue("ExM", row): null

2023-02-15 22:14:49 - [TEST_STEP][PASSED] - exY = findTestData(dataFile).getValue("ExY", row): null

2023-02-15 22:14:49 - [TEST_STEP][PASSED] - openBrowser(VLinkURL + "auth.html"): Browser is opened with url: 'https://dev-algorithm.govolution.com/vlinktest/QA/version_2_0/auth.html'

2023-02-15 22:14:49 - [MESSAGE][WARNING] - A browser is already opened. Closing browser and opening a new one

2023-02-15 22:14:50 - [MESSAGE][INFO] - Starting 'Chrome' driver

2023-02-15 22:14:50 - [MESSAGE][INFO] - User set preference: ['acceptInsecureCerts', 'true']

2023-02-15 22:14:50 - [MESSAGE][INFO] - Action delay is set to 0 milliseconds

2023-02-15 22:14:52 - [MESSAGE][PASSED] - Browser is opened with url: 'https://dev-algorithm.govolution.com/vlinktest/QA/version_2_0/auth.html'

2023-02-15 22:14:52 - [TEST_STEP][PASSED] - maximizeWindow(): Current window maximized

2023-02-15 22:14:52 - [MESSAGE][PASSED] - Current window maximized

2023-02-15 22:14:52 - [TEST_STEP][PASSED] - genRemID = RandomStringUtils.random(12, true, true): null

2023-02-15 22:14:52 - [TEST_STEP][PASSED] - setText(findTestObject("Object Repository/RecAndPlayBk/Page-Vlink-AuthOnly/input_Remittance Id_remittance_id"), genRemID): Text 'MLtnUu1UVQra' is set on object 'Object Repository/RecAndPlayBk/Page-Vlink-AuthOnly/input_Remittance Id_remittance_id'

2023-02-15 22:14:53 - [MESSAGE][PASSED] - Text 'MLtnUu1UVQra' is set on object 'Object Repository/RecAndPlayBk/Page-Vlink-AuthOnly/input_Remittance Id_remittance_id'

2023-02-15 22:14:53 - [TEST_STEP][PASSED] - setText(findTestObject("Object Repository/RecAndPlayBk/Page-Vlink-AuthOnly/input_Application Id_application_id"), appID): Text '581' is set on object 'Object Repository/RecAndPlayBk/Page-Vlink-AuthOnly/input_Application Id_application_id'

2023-02-15 22:14:54 - [MESSAGE][PASSED] - Text '581' is set on object 'Object Repository/RecAndPlayBk/Page-Vlink-AuthOnly/input_Application Id_application_id'

2023-02-15 22:14:54 - [TEST_STEP][PASSED] - setText(findTestObject("Object Repository/RecAndPlayBk/Page-Vlink-AuthOnly/input_Username_username"), username): Text 'usr581' is set on object 'Object Repository/RecAndPlayBk/Page-Vlink-AuthOnly/input_Username_username'

2023-02-15 22:14:54 - [MESSAGE][PASSED] - Text 'usr581' is set on object 'Object Repository/RecAndPlayBk/Page-Vlink-AuthOnly/input_Username_username'

2023-02-15 22:14:54 - [TEST_STEP][PASSED] - setText(findTestObject("Object Repository/RecAndPlayBk/Page-Vlink-AuthOnly/input_Password_password"), password): Text 'pwd581' is set on object 'Object Repository/RecAndPlayBk/Page-Vlink-AuthOnly/input_Password_password'

2023-02-15 22:14:55 - [MESSAGE][PASSED] - Text 'pwd581' is set on object 'Object Repository/RecAndPlayBk/Page-Vlink-AuthOnly/input_Password_password'

2023-02-15 22:14:55 - [TEST_STEP][PASSED] - setText(findTestObject("Object Repository/RecAndPlayBk/Page-Vlink-AuthOnly/input_Category_category"), category): Text 'ECOM' is set on object 'Object Repository/RecAndPlayBk/Page-Vlink-AuthOnly/input_Category_category'

2023-02-15 22:14:56 - [MESSAGE][PASSED] - Text 'ECOM' is set on object 'Object Repository/RecAndPlayBk/Page-Vlink-AuthOnly/input_Category_category'

2023-02-15 22:14:56 - [TEST_STEP][PASSED] - setText(findTestObject("Object Repository/RecAndPlayBk/Page-Vlink-AuthOnly/input_Amount_amount"), amount): Text '10.5' is set on object 'Object Repository/RecAndPlayBk/Page-Vlink-AuthOnly/input_Amount_amount'

2023-02-15 22:14:56 - [MESSAGE][PASSED] - Text '10.5' is set on object 'Object Repository/RecAndPlayBk/Page-Vlink-AuthOnly/input_Amount_amount'

2023-02-15 22:14:56 - [TEST_STEP][PASSED] - doubleClick(findTestObject("Object Repository/RecAndPlayBk/Page-Vlink-AuthOnly/input_Card number_card_number")): Object: 'Object Repository/RecAndPlayBk/Page-Vlink-AuthOnly/input_Card number_card_number' is double clicked on

2023-02-15 22:14:57 - [MESSAGE][PASSED] - Object: 'Object Repository/RecAndPlayBk/Page-Vlink-AuthOnly/input_Card number_card_number' is double clicked on

2023-02-15 22:14:57 - [TEST_STEP][PASSED] - setText(findTestObject("Object Repository/RecAndPlayBk/Page-Vlink-AuthOnly/input_Card number_card_number"), cardNumber): Text '5146312200000035' is set on object 'Object Repository/RecAndPlayBk/Page-Vlink-AuthOnly/input_Card number_card_number'

2023-02-15 22:14:57 - [MESSAGE][PASSED] - Text '5146312200000035' is set on object 'Object Repository/RecAndPlayBk/Page-Vlink-AuthOnly/input_Card number_card_number'

2023-02-15 22:14:57 - [TEST_STEP][PASSED] - setText(findTestObject("Object Repository/RecAndPlayBk/Page-Vlink-AuthOnly/input_Card ex month_card_exmo"), exM): Text '12' is set on object 'Object Repository/RecAndPlayBk/Page-Vlink-AuthOnly/input_Card ex month_card_exmo'

2023-02-15 22:14:58 - [MESSAGE][PASSED] - Text '12' is set on object 'Object Repository/RecAndPlayBk/Page-Vlink-AuthOnly/input_Card ex month_card_exmo'

2023-02-15 22:14:58 - [TEST_STEP][PASSED] - setText(findTestObject("Object Repository/RecAndPlayBk/Page-Vlink-AuthOnly/input_Card ex year_card_exyr"), exY): Text '2029' is set on object 'Object Repository/RecAndPlayBk/Page-Vlink-AuthOnly/input_Card ex year_card_exyr'

2023-02-15 22:14:58 - [MESSAGE][PASSED] - Text '2029' is set on object 'Object Repository/RecAndPlayBk/Page-Vlink-AuthOnly/input_Card ex year_card_exyr'

2023-02-15 22:14:58 - [TEST_STEP][PASSED] - click(findTestObject("Object Repository/RecAndPlayBk/Page-Vlink-AuthOnly/input_Track Data_track_data")): Object: 'Object Repository/RecAndPlayBk/Page-Vlink-AuthOnly/input_Track Data_track_data' is clicked on

2023-02-15 22:14:59 - [MESSAGE][PASSED] - Object: 'Object Repository/RecAndPlayBk/Page-Vlink-AuthOnly/input_Track Data_track_data' is clicked on

2023-02-15 22:14:59 - [TEST_STEP][PASSED] - click(findTestObject("Object Repository/RecAndPlayBk/Page-Vlink-AuthOnly/input_CVV state_cvv_state")): Object: 'Object Repository/RecAndPlayBk/Page-Vlink-AuthOnly/input_CVV state_cvv_state' is clicked on

2023-02-15 22:14:59 - [MESSAGE][PASSED] - Object: 'Object Repository/RecAndPlayBk/Page-Vlink-AuthOnly/input_CVV state_cvv_state' is clicked on

2023-02-15 22:14:59 - [TEST_STEP][PASSED] - setText(findTestObject("Object Repository/RecAndPlayBk/Page-Vlink-AuthOnly/input_Track Data_track_data"), ""): Text '' is set on object 'Object Repository/RecAndPlayBk/Page-Vlink-AuthOnly/input_Track Data_track_data'

2023-02-15 22:15:00 - [MESSAGE][PASSED] - Text '' is set on object 'Object Repository/RecAndPlayBk/Page-Vlink-AuthOnly/input_Track Data_track_data'

2023-02-15 22:15:00 - [TEST_STEP][PASSED] - setText(findTestObject("Object Repository/RecAndPlayBk/Page-Vlink-AuthOnly/input_concat(Cardholder, , s email)_email"), ""): Text '' is set on object 'Object Repository/RecAndPlayBk/Page-Vlink-AuthOnly/input_concat(Cardholder, , s email)_email'

2023-02-15 22:15:00 - [MESSAGE][PASSED] - Text '' is set on object 'Object Repository/RecAndPlayBk/Page-Vlink-AuthOnly/input_concat(Cardholder, , s email)_email'

2023-02-15 22:15:00 - [TEST_STEP][PASSED] - click(findTestObject("Object Repository/RecAndPlayBk/Page-Vlink-AuthOnly/input_user_defined10_user_defined10")): Object: 'Object Repository/RecAndPlayBk/Page-Vlink-AuthOnly/input_user_defined10_user_defined10' is clicked on

2023-02-15 22:15:01 - [MESSAGE][PASSED] - Object: 'Object Repository/RecAndPlayBk/Page-Vlink-AuthOnly/input_user_defined10_user_defined10' is clicked on

2023-02-15 22:15:01 - [TEST_STEP][PASSED] - if (executionProfile.equalsIgnoreCase("QAProfile")): Text '' is set on object 'Object Repository/RecAndPlayBk/Page-Vlink-AuthOnly/input_COF Transaction Initiated by_cof_tran_6cded5'

2023-02-15 22:15:01 - [TEST_STEP][PASSED] - setText(findTestObject("Object Repository/RecAndPlayBk/Page-Vlink-AuthOnly/input_Card on File Indicator_card_on_file_i_157dae"), ""): Text '' is set on object 'Object Repository/RecAndPlayBk/Page-Vlink-AuthOnly/input_Card on File Indicator_card_on_file_i_157dae'

2023-02-15 22:15:01 - [MESSAGE][PASSED] - Text '' is set on object 'Object Repository/RecAndPlayBk/Page-Vlink-AuthOnly/input_Card on File Indicator_card_on_file_i_157dae'

2023-02-15 22:15:01 - [TEST_STEP][PASSED] - setText(findTestObject("Object Repository/RecAndPlayBk/Page-Vlink-AuthOnly/input_Stored Credential Indicator_stored_cr_4ae73c"), ""): Text '' is set on object 'Object Repository/RecAndPlayBk/Page-Vlink-AuthOnly/input_Stored Credential Indicator_stored_cr_4ae73c'

2023-02-15 22:15:02 - [MESSAGE][PASSED] - Text '' is set on object 'Object Repository/RecAndPlayBk/Page-Vlink-AuthOnly/input_Stored Credential Indicator_stored_cr_4ae73c'

2023-02-15 22:15:02 - [TEST_STEP][PASSED] - setText(findTestObject("Object Repository/RecAndPlayBk/Page-Vlink-AuthOnly/input_COF Scheduled indicator_cof_scheduled_8df7d8"), ""): Text '' is set on object 'Object Repository/RecAndPlayBk/Page-Vlink-AuthOnly/input_COF Scheduled indicator_cof_scheduled_8df7d8'

2023-02-15 22:15:03 - [MESSAGE][PASSED] - Text '' is set on object 'Object Repository/RecAndPlayBk/Page-Vlink-AuthOnly/input_COF Scheduled indicator_cof_scheduled_8df7d8'

2023-02-15 22:15:03 - [TEST_STEP][PASSED] - setText(findTestObject("Object Repository/RecAndPlayBk/Page-Vlink-AuthOnly/input_COF Transaction Initiated by_cof_tran_6cded5"), ""): Text '' is set on object 'Object Repository/RecAndPlayBk/Page-Vlink-AuthOnly/input_COF Transaction Initiated by_cof_tran_6cded5'

2023-02-15 22:15:03 - [MESSAGE][PASSED] - Text '' is set on object 'Object Repository/RecAndPlayBk/Page-Vlink-AuthOnly/input_COF Transaction Initiated by_cof_tran_6cded5'

2023-02-15 22:15:03 - [TEST_STEP][PASSED] - click(findTestObject("Object Repository/RecAndPlayBk/Page-Vlink-AuthOnly/input")): Object: 'Object Repository/RecAndPlayBk/Page-Vlink-AuthOnly/input' is clicked on

2023-02-15 22:15:05 - [MESSAGE][PASSED] - Object: 'Object Repository/RecAndPlayBk/Page-Vlink-AuthOnly/input' is clicked on

2023-02-15 22:15:05 - [TEST_STEP][PASSED] - if (verifyTextPresent("Transaction approved, no errors", true)): null

2023-02-15 22:15:05 - [MESSAGE][PASSED] - Text 'Transaction approved, no errors' is present on page  using regular expression

2023-02-15 22:15:05 - [TEST_STEP][PASSED] - out.println("Auth was successful, Capture now"): null

2023-02-15 22:15:05 - [TEST_STEP][PASSED] - sdfo = getText(findTestObject("Object Repository/Page_VLinkReceipt/pre_STX")): Text of object 'Object Repository/Page_VLinkReceipt/pre_STX' is: '<STX>MLtnUu1UVQra                  12126685            0  Transaction approved, no errors                   0                                                                                  YM000067   <ETX>'

2023-02-15 22:15:05 - [MESSAGE][PASSED] - Text of object 'Object Repository/Page_VLinkReceipt/pre_STX' is: '<STX>MLtnUu1UVQra                  12126685            0  Transaction approved, no errors                   0                                                                                  YM000067   <ETX>'

2023-02-15 22:15:05 - [TEST_STEP][PASSED] - out.println("sdfo: " + sdfo): null

2023-02-15 22:15:05 - [TEST_STEP][PASSED] - remID = substring(5, 35).trim(): null

2023-02-15 22:15:05 - [TEST_STEP][PASSED] - out.println("remID: " + remID): null

2023-02-15 22:15:05 - [TEST_STEP][PASSED] - traxID = substring(35, 55).trim(): null

2023-02-15 22:15:05 - [TEST_STEP][PASSED] - out.println("traxID: " + traxID): null

2023-02-15 22:15:05 - [TEST_STEP][PASSED] - VLinkSaleRemID = remID: null

2023-02-15 22:15:05 - [TEST_STEP][PASSED] - VLinkSaleTranxID = traxID: null

2023-02-15 22:15:05 - [TEST_STEP][PASSED] - openBrowser(VLinkURL + "capture.html"): Browser is opened with url: 'https://dev-algorithm.govolution.com/vlinktest/QA/version_2_0/capture.html'

2023-02-15 22:15:05 - [MESSAGE][WARNING] - A browser is already opened. Closing browser and opening a new one

2023-02-15 22:15:06 - [MESSAGE][INFO] - Starting 'Chrome' driver

2023-02-15 22:15:06 - [MESSAGE][INFO] - User set preference: ['acceptInsecureCerts', 'true']

2023-02-15 22:15:06 - [MESSAGE][INFO] - Action delay is set to 0 milliseconds

2023-02-15 22:15:08 - [MESSAGE][PASSED] - Browser is opened with url: 'https://dev-algorithm.govolution.com/vlinktest/QA/version_2_0/capture.html'

2023-02-15 22:15:08 - [TEST_STEP][PASSED] - maximizeWindow(): Current window maximized

2023-02-15 22:15:08 - [MESSAGE][PASSED] - Current window maximized

2023-02-15 22:15:08 - [TEST_STEP][PASSED] - setText(findTestObject("Object Repository/RecAndPlayBk/Page-VLink-Capture/input_Remittance Id_remittance_id"), VLinkSaleRemID): Text 'MLtnUu1UVQra' is set on object 'Object Repository/RecAndPlayBk/Page-VLink-Capture/input_Remittance Id_remittance_id'

2023-02-15 22:15:09 - [MESSAGE][PASSED] - Text 'MLtnUu1UVQra' is set on object 'Object Repository/RecAndPlayBk/Page-VLink-Capture/input_Remittance Id_remittance_id'

2023-02-15 22:15:09 - [TEST_STEP][PASSED] - setText(findTestObject("Object Repository/RecAndPlayBk/Page-VLink-Capture/input_Application Id_application_id"), appID): Text '581' is set on object 'Object Repository/RecAndPlayBk/Page-VLink-Capture/input_Application Id_application_id'

2023-02-15 22:15:10 - [MESSAGE][PASSED] - Text '581' is set on object 'Object Repository/RecAndPlayBk/Page-VLink-Capture/input_Application Id_application_id'

2023-02-15 22:15:10 - [TEST_STEP][PASSED] - setText(findTestObject("Object Repository/RecAndPlayBk/Page-VLink-Capture/input_Username_username"), username): Text 'usr581' is set on object 'Object Repository/RecAndPlayBk/Page-VLink-Capture/input_Username_username'

2023-02-15 22:15:10 - [MESSAGE][PASSED] - Text 'usr581' is set on object 'Object Repository/RecAndPlayBk/Page-VLink-Capture/input_Username_username'

2023-02-15 22:15:10 - [TEST_STEP][PASSED] - setText(findTestObject("Object Repository/RecAndPlayBk/Page-VLink-Capture/input_Password_password"), password): Text 'pwd581' is set on object 'Object Repository/RecAndPlayBk/Page-VLink-Capture/input_Password_password'

2023-02-15 22:15:11 - [MESSAGE][PASSED] - Text 'pwd581' is set on object 'Object Repository/RecAndPlayBk/Page-VLink-Capture/input_Password_password'

2023-02-15 22:15:11 - [TEST_STEP][PASSED] - setText(findTestObject("Object Repository/RecAndPlayBk/Page-VLink-Capture/input_Transaction ID_transaction_id"), VLinkSaleTranxID): Text '12126685' is set on object 'Object Repository/RecAndPlayBk/Page-VLink-Capture/input_Transaction ID_transaction_id'

2023-02-15 22:15:12 - [MESSAGE][PASSED] - Text '12126685' is set on object 'Object Repository/RecAndPlayBk/Page-VLink-Capture/input_Transaction ID_transaction_id'

2023-02-15 22:15:12 - [TEST_STEP][PASSED] - setText(findTestObject("Object Repository/RecAndPlayBk/Page-VLink-Capture/input_Amount_amount"), amount): Text '10.5' is set on object 'Object Repository/RecAndPlayBk/Page-VLink-Capture/input_Amount_amount'

2023-02-15 22:15:12 - [MESSAGE][PASSED] - Text '10.5' is set on object 'Object Repository/RecAndPlayBk/Page-VLink-Capture/input_Amount_amount'

2023-02-15 22:15:12 - [TEST_STEP][PASSED] - click(findTestObject("Object Repository/RecAndPlayBk/Page-VLink-Capture/input")): Object: 'Object Repository/RecAndPlayBk/Page-VLink-Capture/input' is clicked on

2023-02-15 22:15:14 - [MESSAGE][PASSED] - Object: 'Object Repository/RecAndPlayBk/Page-VLink-Capture/input' is clicked on

2023-02-15 22:15:14 - [TEST_STEP][PASSED] - if (verifyTextPresent("Transaction approved, no errors", true)): null

2023-02-15 22:15:14 - [MESSAGE][PASSED] - Text 'Transaction approved, no errors' is present on page  using regular expression

2023-02-15 22:15:14 - [TEST_STEP][PASSED] - sdfo = getText(findTestObject("Object Repository/Page_VLinkReceipt/pre_STX")): Text of object 'Object Repository/Page_VLinkReceipt/pre_STX' is: '<STX>MLtnUu1UVQra                  12126686            0  Transaction approved, no errors                   0                                                                                    000068   <ETX>'

2023-02-15 22:15:14 - [MESSAGE][PASSED] - Text of object 'Object Repository/Page_VLinkReceipt/pre_STX' is: '<STX>MLtnUu1UVQra                  12126686            0  Transaction approved, no errors                   0                                                                                    000068   <ETX>'

2023-02-15 22:15:14 - [TEST_STEP][PASSED] - out.println("sdfo: " + sdfo): null

2023-02-15 22:15:14 - [TEST_STEP][PASSED] - remID = substring(5, 35).trim(): null

2023-02-15 22:15:14 - [TEST_STEP][PASSED] - out.println("remID: " + remID): null

2023-02-15 22:15:14 - [TEST_STEP][PASSED] - traxID = substring(35, 55).trim(): null

2023-02-15 22:15:14 - [TEST_STEP][PASSED] - out.println("traxID: " + traxID): null

2023-02-15 22:15:14 - [TEST_STEP][PASSED] - VLinkSaleRemID = remID: null

2023-02-15 22:15:14 - [TEST_STEP][PASSED] - VLinkSaleTranxID = traxID: null

2023-02-15 22:15:14 - [TEST_STEP][PASSED] - openBrowser(VLinkURL + "CC_credit.html"): Browser is opened with url: 'https://dev-algorithm.govolution.com/vlinktest/QA/version_2_0/CC_credit.html'

2023-02-15 22:15:14 - [MESSAGE][WARNING] - A browser is already opened. Closing browser and opening a new one

2023-02-15 22:15:15 - [MESSAGE][INFO] - Starting 'Chrome' driver

2023-02-15 22:15:15 - [MESSAGE][INFO] - User set preference: ['acceptInsecureCerts', 'true']

2023-02-15 22:15:15 - [MESSAGE][INFO] - Action delay is set to 0 milliseconds

2023-02-15 22:15:17 - [MESSAGE][PASSED] - Browser is opened with url: 'https://dev-algorithm.govolution.com/vlinktest/QA/version_2_0/CC_credit.html'

2023-02-15 22:15:17 - [TEST_STEP][PASSED] - maximizeWindow(): Current window maximized

2023-02-15 22:15:17 - [MESSAGE][PASSED] - Current window maximized

2023-02-15 22:15:17 - [TEST_STEP][PASSED] - setText(findTestObject("Object Repository/RecAndPlayBk/Page-Vlink-CC-Credit/input_Remittance Id"), VLinkSaleRemID): Text 'MLtnUu1UVQra' is set on object 'Object Repository/RecAndPlayBk/Page-Vlink-CC-Credit/input_Remittance Id'

2023-02-15 22:15:18 - [MESSAGE][PASSED] - Text 'MLtnUu1UVQra' is set on object 'Object Repository/RecAndPlayBk/Page-Vlink-CC-Credit/input_Remittance Id'

2023-02-15 22:15:18 - [TEST_STEP][PASSED] - setText(findTestObject("Object Repository/RecAndPlayBk/Page-Vlink-CC-Credit/input_Application Id"), appID): Text '581' is set on object 'Object Repository/RecAndPlayBk/Page-Vlink-CC-Credit/input_Application Id'

2023-02-15 22:15:18 - [MESSAGE][PASSED] - Text '581' is set on object 'Object Repository/RecAndPlayBk/Page-Vlink-CC-Credit/input_Application Id'

2023-02-15 22:15:18 - [TEST_STEP][PASSED] - setText(findTestObject("Object Repository/RecAndPlayBk/Page-Vlink-CC-Credit/input_Username"), username): Text 'usr581' is set on object 'Object Repository/RecAndPlayBk/Page-Vlink-CC-Credit/input_Username'

2023-02-15 22:15:19 - [MESSAGE][PASSED] - Text 'usr581' is set on object 'Object Repository/RecAndPlayBk/Page-Vlink-CC-Credit/input_Username'

2023-02-15 22:15:19 - [TEST_STEP][PASSED] - setText(findTestObject("Object Repository/RecAndPlayBk/Page-Vlink-CC-Credit/input_Password"), password): Text 'pwd581' is set on object 'Object Repository/RecAndPlayBk/Page-Vlink-CC-Credit/input_Password'

2023-02-15 22:15:20 - [MESSAGE][PASSED] - Text 'pwd581' is set on object 'Object Repository/RecAndPlayBk/Page-Vlink-CC-Credit/input_Password'

2023-02-15 22:15:20 - [TEST_STEP][PASSED] - setText(findTestObject("Object Repository/RecAndPlayBk/Page-Vlink-CC-Credit/input_Transaction ID"), VLinkSaleTranxID): Text '12126686' is set on object 'Object Repository/RecAndPlayBk/Page-Vlink-CC-Credit/input_Transaction ID'

2023-02-15 22:15:20 - [MESSAGE][PASSED] - Text '12126686' is set on object 'Object Repository/RecAndPlayBk/Page-Vlink-CC-Credit/input_Transaction ID'

2023-02-15 22:15:20 - [TEST_STEP][PASSED] - setText(findTestObject("Object Repository/RecAndPlayBk/Page-Vlink-CC-Credit/input_Amount"), amount): Text '10.5' is set on object 'Object Repository/RecAndPlayBk/Page-Vlink-CC-Credit/input_Amount'

2023-02-15 22:15:21 - [MESSAGE][PASSED] - Text '10.5' is set on object 'Object Repository/RecAndPlayBk/Page-Vlink-CC-Credit/input_Amount'

2023-02-15 22:15:21 - [TEST_STEP][PASSED] - setText(findTestObject("Object Repository/RecAndPlayBk/Page-Vlink-CC-Credit/input_Card number"), ""): Text '' is set on object 'Object Repository/RecAndPlayBk/Page-Vlink-CC-Credit/input_Card number'

2023-02-15 22:15:22 - [MESSAGE][PASSED] - Text '' is set on object 'Object Repository/RecAndPlayBk/Page-Vlink-CC-Credit/input_Card number'

2023-02-15 22:15:22 - [TEST_STEP][PASSED] - setText(findTestObject("Object Repository/RecAndPlayBk/Page-Vlink-CC-Credit/input_Card ex month"), ""): Text '' is set on object 'Object Repository/RecAndPlayBk/Page-Vlink-CC-Credit/input_Card ex month'

2023-02-15 22:15:22 - [MESSAGE][PASSED] - Text '' is set on object 'Object Repository/RecAndPlayBk/Page-Vlink-CC-Credit/input_Card ex month'

2023-02-15 22:15:22 - [TEST_STEP][PASSED] - setText(findTestObject("Object Repository/RecAndPlayBk/Page-Vlink-CC-Credit/input_Card ex year"), ""): Text '' is set on object 'Object Repository/RecAndPlayBk/Page-Vlink-CC-Credit/input_Card ex year'

2023-02-15 22:15:23 - [MESSAGE][PASSED] - Text '' is set on object 'Object Repository/RecAndPlayBk/Page-Vlink-CC-Credit/input_Card ex year'

2023-02-15 22:15:23 - [TEST_STEP][PASSED] - setText(findTestObject("Object Repository/RecAndPlayBk/Page-Vlink-CC-Credit/input_Track Data"), ""): Text '' is set on object 'Object Repository/RecAndPlayBk/Page-Vlink-CC-Credit/input_Track Data'

2023-02-15 22:15:23 - [MESSAGE][PASSED] - Text '' is set on object 'Object Repository/RecAndPlayBk/Page-Vlink-CC-Credit/input_Track Data'

2023-02-15 22:15:23 - [TEST_STEP][PASSED] - setText(findTestObject("Object Repository/RecAndPlayBk/Page-Vlink-CC-Credit/input_Category Code"), category): Text 'ECOM' is set on object 'Object Repository/RecAndPlayBk/Page-Vlink-CC-Credit/input_Category Code'

2023-02-15 22:15:24 - [MESSAGE][PASSED] - Text 'ECOM' is set on object 'Object Repository/RecAndPlayBk/Page-Vlink-CC-Credit/input_Category Code'

2023-02-15 22:15:24 - [TEST_STEP][PASSED] - click(findTestObject("Object Repository/RecAndPlayBk/Page-Vlink-CC-Credit/input")): Object: 'Object Repository/RecAndPlayBk/Page-Vlink-CC-Credit/input' is clicked on

2023-02-15 22:15:26 - [MESSAGE][PASSED] - Object: 'Object Repository/RecAndPlayBk/Page-Vlink-CC-Credit/input' is clicked on

2023-02-15 22:15:26 - [TEST_STEP][PASSED] - if (verifyTextPresent("Transaction approved, no errors", true)): null

2023-02-15 22:15:26 - [MESSAGE][PASSED] - Text 'Transaction approved, no errors' is present on page  using regular expression

2023-02-15 22:15:26 - [TEST_STEP][PASSED] - println("Transaction Approved, no errors text is present on the Confirmation page"): null

2023-02-15 22:15:26 - [TEST_STEP][PASSED] - out.println("Pass Record Number: " + row): null

2023-02-15 22:15:26 - [TEST_STEP][PASSED] - resText = "Pass": null

2023-02-15 22:15:26 - [TEST_STEP][PASSED] - pages.WriteExcel.demoKey(resText, datText, resColumn, datCloumn, fileLoc, nameSheet, row): pages.WriteExcel.demoKey is PASSED

2023-02-15 22:15:26 - [MESSAGE][PASSED] - pages.WriteExcel.demoKey is PASSED]]></system-out>
         <system-err><![CDATA[2023-02-15 22:12:40 - [TEST_CASE][FAILED] - Test Cases/RecAndPlayBk/VLink/Auth-Cap-Credit: Test Cases/RecAndPlayBk/VLink/Auth-Cap-Credit FAILED.
Reason:
com.kms.katalon.core.exception.StepFailedException: Text 'Transaction approved, no errors' is not present on page  using regular expression (Root cause: com.kms.katalon.core.exception.StepFailedException: Text 'Transaction approved, no errors' is not present on page  using regular expression
	at com.kms.katalon.core.webui.keyword.internal.WebUIKeywordMain.stepFailed(WebUIKeywordMain.groovy:64)
	at com.kms.katalon.core.webui.keyword.builtin.VerifyTextPresentKeyword$_verifyTextPresent_closure1.doCall(VerifyTextPresentKeyword.groovy:79)
	at com.kms.katalon.core.webui.keyword.builtin.VerifyTextPresentKeyword$_verifyTextPresent_closure1.call(VerifyTextPresentKeyword.groovy)
	at com.kms.katalon.core.webui.keyword.internal.WebUIKeywordMain.runKeyword(WebUIKeywordMain.groovy:20)
	at com.kms.katalon.core.webui.keyword.builtin.VerifyTextPresentKeyword.verifyTextPresent(VerifyTextPresentKeyword.groovy:83)
	at com.kms.katalon.core.webui.keyword.builtin.VerifyTextPresentKeyword.execute(VerifyTextPresentKeyword.groovy:68)
	at com.kms.katalon.core.keyword.internal.KeywordExecutor.executeKeywordForPlatform(KeywordExecutor.groovy:74)
	at com.kms.katalon.core.webui.keyword.WebUiBuiltInKeywords.verifyTextPresent(WebUiBuiltInKeywords.groovy:1723)
	at com.kms.katalon.core.webui.keyword.WebUiBuiltInKeywords$verifyTextPresent$4.call(Unknown Source)
	at Auth-Cap-Credit.run(Auth-Cap-Credit:161)
	at com.kms.katalon.core.main.ScriptEngine.run(ScriptEngine.java:194)
	at com.kms.katalon.core.main.ScriptEngine.runScriptAsRawText(ScriptEngine.java:119)
	at com.kms.katalon.core.main.TestCaseExecutor.runScript(TestCaseExecutor.java:442)
	at com.kms.katalon.core.main.TestCaseExecutor.doExecute(TestCaseExecutor.java:433)
	at com.kms.katalon.core.main.TestCaseExecutor.processExecutionPhase(TestCaseExecutor.java:412)
	at com.kms.katalon.core.main.TestCaseExecutor.accessMainPhase(TestCaseExecutor.java:404)
	at com.kms.katalon.core.main.TestCaseExecutor.execute(TestCaseExecutor.java:281)
	at com.kms.katalon.core.main.TestSuiteExecutor.accessTestCaseMainPhase(TestSuiteExecutor.java:202)
	at com.kms.katalon.core.main.TestSuiteExecutor.accessTestSuiteMainPhase(TestSuiteExecutor.java:164)
	at com.kms.katalon.core.main.TestSuiteExecutor.execute(TestSuiteExecutor.java:105)
	at com.kms.katalon.core.main.TestCaseMain.startTestSuite(TestCaseMain.java:185)
	at com.kms.katalon.core.main.TestCaseMain$startTestSuite$0.call(Unknown Source)
	at TempTestSuite1676515943031.run(TempTestSuite1676515943031.groovy:36)
)
	at com.kms.katalon.core.keyword.internal.KeywordMain.stepFailed(KeywordMain.groovy:39)
	at com.kms.katalon.core.webui.keyword.internal.WebUIKeywordMain.stepFailed(WebUIKeywordMain.groovy:64)
	at com.kms.katalon.core.webui.keyword.builtin.VerifyTextPresentKeyword$_verifyTextPresent_closure1.doCall(VerifyTextPresentKeyword.groovy:79)
	at com.kms.katalon.core.webui.keyword.builtin.VerifyTextPresentKeyword$_verifyTextPresent_closure1.call(VerifyTextPresentKeyword.groovy)
	at com.kms.katalon.core.webui.keyword.internal.WebUIKeywordMain.runKeyword(WebUIKeywordMain.groovy:20)
	at com.kms.katalon.core.webui.keyword.builtin.VerifyTextPresentKeyword.verifyTextPresent(VerifyTextPresentKeyword.groovy:83)
	at com.kms.katalon.core.webui.keyword.builtin.VerifyTextPresentKeyword.execute(VerifyTextPresentKeyword.groovy:68)
	at com.kms.katalon.core.keyword.internal.KeywordExecutor.executeKeywordForPlatform(KeywordExecutor.groovy:74)
	at com.kms.katalon.core.webui.keyword.WebUiBuiltInKeywords.verifyTextPresent(WebUiBuiltInKeywords.groovy:1723)
	at com.kms.katalon.core.webui.keyword.WebUiBuiltInKeywords$verifyTextPresent$4.call(Unknown Source)
	at Auth-Cap-Credit.run(Auth-Cap-Credit:161)
	at com.kms.katalon.core.main.ScriptEngine.run(ScriptEngine.java:194)
	at com.kms.katalon.core.main.ScriptEngine.runScriptAsRawText(ScriptEngine.java:119)
	at com.kms.katalon.core.main.TestCaseExecutor.runScript(TestCaseExecutor.java:442)
	at com.kms.katalon.core.main.TestCaseExecutor.doExecute(TestCaseExecutor.java:433)
	at com.kms.katalon.core.main.TestCaseExecutor.processExecutionPhase(TestCaseExecutor.java:412)
	at com.kms.katalon.core.main.TestCaseExecutor.accessMainPhase(TestCaseExecutor.java:404)
	at com.kms.katalon.core.main.TestCaseExecutor.execute(TestCaseExecutor.java:281)
	at com.kms.katalon.core.main.TestSuiteExecutor.accessTestCaseMainPhase(TestSuiteExecutor.java:202)
	at com.kms.katalon.core.main.TestSuiteExecutor.accessTestSuiteMainPhase(TestSuiteExecutor.java:164)
	at com.kms.katalon.core.main.TestSuiteExecutor.execute(TestSuiteExecutor.java:105)
	at com.kms.katalon.core.main.TestCaseMain.startTestSuite(TestCaseMain.java:185)
	at com.kms.katalon.core.main.TestCaseMain$startTestSuite$0.call(Unknown Source)
	at TempTestSuite1676515943031.run(TempTestSuite1676515943031.groovy:36)
Caused by: com.kms.katalon.core.exception.StepFailedException: Text 'Transaction approved, no errors' is not present on page  using regular expression
	... 23 more]]></system-err>
      </testcase>
      <testcase name="Test Cases/RecAndPlayBk/VLink/Sale-Encrypted" time="38.497" classname="Test Cases/RecAndPlayBk/VLink/Sale-Encrypted" status="PASSED">
         <system-out><![CDATA[2023-02-15 22:15:26 - [TEST_CASE][PASSED] - Test Cases/RecAndPlayBk/VLink/Sale-Encrypted: Test Cases/RecAndPlayBk/VLink/Sale-Encrypted

2023-02-15 22:15:26 - [TEST_STEP][PASSED] - executionProfile = getExecutionProfile(): null

2023-02-15 22:15:26 - [TEST_STEP][PASSED] - out.println("executionProfile : " + executionProfile): null

2023-02-15 22:15:26 - [TEST_STEP][PASSED] - appName = <not implemented yet for class: org.codehaus.groovy.ast.expr.EmptyExpression>: null

2023-02-15 22:15:26 - [TEST_STEP][PASSED] - appID = <not implemented yet for class: org.codehaus.groovy.ast.expr.EmptyExpression>: null

2023-02-15 22:15:26 - [TEST_STEP][PASSED] - username = <not implemented yet for class: org.codehaus.groovy.ast.expr.EmptyExpression>: null

2023-02-15 22:15:26 - [TEST_STEP][PASSED] - password = <not implemented yet for class: org.codehaus.groovy.ast.expr.EmptyExpression>: null

2023-02-15 22:15:26 - [TEST_STEP][PASSED] - cardNameV = <not implemented yet for class: org.codehaus.groovy.ast.expr.EmptyExpression>: null

2023-02-15 22:15:26 - [TEST_STEP][PASSED] - al1V = <not implemented yet for class: org.codehaus.groovy.ast.expr.EmptyExpression>: null

2023-02-15 22:15:26 - [TEST_STEP][PASSED] - al2V = <not implemented yet for class: org.codehaus.groovy.ast.expr.EmptyExpression>: null

2023-02-15 22:15:26 - [TEST_STEP][PASSED] - zipV = <not implemented yet for class: org.codehaus.groovy.ast.expr.EmptyExpression>: null

2023-02-15 22:15:26 - [TEST_STEP][PASSED] - cardTypeV = <not implemented yet for class: org.codehaus.groovy.ast.expr.EmptyExpression>: null

2023-02-15 22:15:26 - [TEST_STEP][PASSED] - last4V = <not implemented yet for class: org.codehaus.groovy.ast.expr.EmptyExpression>: null

2023-02-15 22:15:26 - [TEST_STEP][PASSED] - trackData = <not implemented yet for class: org.codehaus.groovy.ast.expr.EmptyExpression>: null

2023-02-15 22:15:26 - [TEST_STEP][PASSED] - slot = <not implemented yet for class: org.codehaus.groovy.ast.expr.EmptyExpression>: null

2023-02-15 22:15:26 - [TEST_STEP][PASSED] - ksn = <not implemented yet for class: org.codehaus.groovy.ast.expr.EmptyExpression>: null

2023-02-15 22:15:26 - [TEST_STEP][PASSED] - resText = "Fail": null

2023-02-15 22:15:26 - [TEST_STEP][PASSED] - resColumn = "Result": null

2023-02-15 22:15:26 - [TEST_STEP][PASSED] - datCloumn = "Date": null

2023-02-15 22:15:26 - [TEST_STEP][PASSED] - fileLoc = "KatalonData/VLinkSmokeData.xlsx": null

2023-02-15 22:15:26 - [TEST_STEP][PASSED] - numOfRows = <not implemented yet for class: org.codehaus.groovy.ast.expr.EmptyExpression>: null

2023-02-15 22:15:26 - [TEST_STEP][PASSED] - dataFile = <not implemented yet for class: org.codehaus.groovy.ast.expr.EmptyExpression>: null

2023-02-15 22:15:26 - [TEST_STEP][PASSED] - nameSheet = <not implemented yet for class: org.codehaus.groovy.ast.expr.EmptyExpression>: null

2023-02-15 22:15:26 - [TEST_STEP][PASSED] - nameSheet = "Sale-Encrypted": null

2023-02-15 22:15:26 - [TEST_STEP][PASSED] - numOfRows = findTestData("QA/VLinkTestData/VLinkSaleEncryptedData").getRowNumbers(): null

2023-02-15 22:15:26 - [TEST_STEP][PASSED] - println("Number of Records: " + numOfRows): null

2023-02-15 22:15:26 - [TEST_STEP][PASSED] - dataFile = "QA/VLinkTestData/VLinkSaleEncryptedData": null

2023-02-15 22:15:26 - [TEST_STEP][PASSED] - for ([row = 1, row <= numOfRows, (row++)]): null

2023-02-15 22:15:26 - [TEST_STEP][PASSED] - ExecuteTC = findTestData(dataFile).getValue("Execute", row): null

2023-02-15 22:15:27 - [TEST_STEP][PASSED] - out.println("Value of Execute is : " + ExecuteTC): null

2023-02-15 22:15:27 - [TEST_STEP][PASSED] - switch (executionProfile): null

2023-02-15 22:15:27 - [TEST_STEP][PASSED] - case "QAProfile":: null

2023-02-15 22:15:27 - [TEST_STEP][PASSED] - appID = findTestData(dataFile).getValue("AppIDQA", row): null

2023-02-15 22:15:27 - [TEST_STEP][PASSED] - username = findTestData(dataFile).getValue("UsernameQA", row): null

2023-02-15 22:15:27 - [TEST_STEP][PASSED] - password = findTestData(dataFile).getValue("PasswordQA", row): null

2023-02-15 22:15:27 - [TEST_STEP][PASSED] - break: null

2023-02-15 22:15:27 - [TEST_STEP][PASSED] - if (ExecuteTC.equalsIgnoreCase("Y")): null

2023-02-15 22:15:27 - [TEST_STEP][PASSED] - out.println("Begin Record Number: " + row): null

2023-02-15 22:15:27 - [TEST_STEP][PASSED] - today = new java.util.Date(): null

2023-02-15 22:15:27 - [TEST_STEP][PASSED] - println(today): null

2023-02-15 22:15:27 - [TEST_STEP][PASSED] - datText = today: null

2023-02-15 22:15:27 - [TEST_STEP][PASSED] - category = findTestData(dataFile).getValue("Category", row): null

2023-02-15 22:15:27 - [TEST_STEP][PASSED] - amount = findTestData(dataFile).getValue("Amount", row): null

2023-02-15 22:15:27 - [TEST_STEP][PASSED] - trackData = findTestData(dataFile).getValue("TrackData", row): null

2023-02-15 22:15:27 - [TEST_STEP][PASSED] - slot = findTestData(dataFile).getValue("SlotNumber", row): null

2023-02-15 22:15:27 - [TEST_STEP][PASSED] - ksn = findTestData(dataFile).getValue("KSN", row): null

2023-02-15 22:15:27 - [TEST_STEP][PASSED] - openBrowser(VLinkURL + "vlinkEncryptedSwipe.html"): Browser is opened with url: 'https://dev-algorithm.govolution.com/vlinktest/QA/version_2_0/vlinkEncryptedSwipe.html'

2023-02-15 22:15:27 - [MESSAGE][WARNING] - A browser is already opened. Closing browser and opening a new one

2023-02-15 22:15:28 - [MESSAGE][INFO] - Starting 'Chrome' driver

2023-02-15 22:15:28 - [MESSAGE][INFO] - User set preference: ['acceptInsecureCerts', 'true']

2023-02-15 22:15:28 - [MESSAGE][INFO] - Action delay is set to 0 milliseconds

2023-02-15 22:15:30 - [MESSAGE][PASSED] - Browser is opened with url: 'https://dev-algorithm.govolution.com/vlinktest/QA/version_2_0/vlinkEncryptedSwipe.html'

2023-02-15 22:15:30 - [TEST_STEP][PASSED] - maximizeWindow(): Current window maximized

2023-02-15 22:15:30 - [MESSAGE][PASSED] - Current window maximized

2023-02-15 22:15:30 - [TEST_STEP][PASSED] - setText(findTestObject("Object Repository/RecAndPlayBk/Page-Vlink-Encrypted/txt_TransactionType"), "104"): Text '104' is set on object 'Object Repository/RecAndPlayBk/Page-Vlink-Encrypted/txt_TransactionType'

2023-02-15 22:15:31 - [MESSAGE][PASSED] - Text '104' is set on object 'Object Repository/RecAndPlayBk/Page-Vlink-Encrypted/txt_TransactionType'

2023-02-15 22:15:31 - [TEST_STEP][PASSED] - click(findTestObject("Object Repository/RecAndPlayBk/Page-Vlink-Encrypted/btn_GenerateRemID")): Object: 'Object Repository/RecAndPlayBk/Page-Vlink-Encrypted/btn_GenerateRemID' is clicked on

2023-02-15 22:15:31 - [MESSAGE][PASSED] - Object: 'Object Repository/RecAndPlayBk/Page-Vlink-Encrypted/btn_GenerateRemID' is clicked on

2023-02-15 22:15:31 - [TEST_STEP][PASSED] - setText(findTestObject("Object Repository/RecAndPlayBk/Page-Vlink-Encrypted/txt_AppID"), appID): Text '234' is set on object 'Object Repository/RecAndPlayBk/Page-Vlink-Encrypted/txt_AppID'

2023-02-15 22:15:32 - [MESSAGE][PASSED] - Text '234' is set on object 'Object Repository/RecAndPlayBk/Page-Vlink-Encrypted/txt_AppID'

2023-02-15 22:15:32 - [TEST_STEP][PASSED] - setText(findTestObject("Object Repository/RecAndPlayBk/Page-Vlink-Encrypted/txt_Username"), username): Text 'username' is set on object 'Object Repository/RecAndPlayBk/Page-Vlink-Encrypted/txt_Username'

2023-02-15 22:15:33 - [MESSAGE][PASSED] - Text 'username' is set on object 'Object Repository/RecAndPlayBk/Page-Vlink-Encrypted/txt_Username'

2023-02-15 22:15:33 - [TEST_STEP][PASSED] - setText(findTestObject("Object Repository/RecAndPlayBk/Page-Vlink-Encrypted/txt_Password"), password): Text 'password' is set on object 'Object Repository/RecAndPlayBk/Page-Vlink-Encrypted/txt_Password'

2023-02-15 22:15:33 - [MESSAGE][PASSED] - Text 'password' is set on object 'Object Repository/RecAndPlayBk/Page-Vlink-Encrypted/txt_Password'

2023-02-15 22:15:33 - [TEST_STEP][PASSED] - setText(findTestObject("Object Repository/RecAndPlayBk/Page-Vlink-Encrypted/txt_Category"), category): Text 'RETL' is set on object 'Object Repository/RecAndPlayBk/Page-Vlink-Encrypted/txt_Category'

2023-02-15 22:15:34 - [MESSAGE][PASSED] - Text 'RETL' is set on object 'Object Repository/RecAndPlayBk/Page-Vlink-Encrypted/txt_Category'

2023-02-15 22:15:34 - [TEST_STEP][PASSED] - setText(findTestObject("Object Repository/RecAndPlayBk/Page-Vlink-Encrypted/txt_Amount"), amount): Text '10.5' is set on object 'Object Repository/RecAndPlayBk/Page-Vlink-Encrypted/txt_Amount'

2023-02-15 22:15:34 - [MESSAGE][PASSED] - Text '10.5' is set on object 'Object Repository/RecAndPlayBk/Page-Vlink-Encrypted/txt_Amount'

2023-02-15 22:15:34 - [TEST_STEP][PASSED] - setText(findTestObject("Object Repository/RecAndPlayBk/Page-Vlink-Encrypted/txt_Email"), ""): Text '' is set on object 'Object Repository/RecAndPlayBk/Page-Vlink-Encrypted/txt_Email'

2023-02-15 22:15:35 - [MESSAGE][PASSED] - Text '' is set on object 'Object Repository/RecAndPlayBk/Page-Vlink-Encrypted/txt_Email'

2023-02-15 22:15:35 - [TEST_STEP][PASSED] - setText(findTestObject("Object Repository/RecAndPlayBk/Page-Vlink-Encrypted/txt_EncTrack1Data"), trackData): Text '0EAA7F5CE9E697BBCD6997F6C0FC33DCD955675EB2CDA6E73210500019EF39D791C28642451941D9' is set on object 'Object Repository/RecAndPlayBk/Page-Vlink-Encrypted/txt_EncTrack1Data'

2023-02-15 22:15:36 - [MESSAGE][PASSED] - Text '0EAA7F5CE9E697BBCD6997F6C0FC33DCD955675EB2CDA6E73210500019EF39D791C28642451941D9' is set on object 'Object Repository/RecAndPlayBk/Page-Vlink-Encrypted/txt_EncTrack1Data'

2023-02-15 22:15:36 - [TEST_STEP][PASSED] - setText(findTestObject("Object Repository/RecAndPlayBk/Page-Vlink-Encrypted/txt_SlotNumber"), slot): Text '1' is set on object 'Object Repository/RecAndPlayBk/Page-Vlink-Encrypted/txt_SlotNumber'

2023-02-15 22:15:36 - [MESSAGE][PASSED] - Text '1' is set on object 'Object Repository/RecAndPlayBk/Page-Vlink-Encrypted/txt_SlotNumber'

2023-02-15 22:15:36 - [TEST_STEP][PASSED] - setText(findTestObject("Object Repository/RecAndPlayBk/Page-Vlink-Encrypted/txt_KSN"), ksn): Text 'FFFF7381390003600057' is set on object 'Object Repository/RecAndPlayBk/Page-Vlink-Encrypted/txt_KSN'

2023-02-15 22:15:37 - [MESSAGE][PASSED] - Text 'FFFF7381390003600057' is set on object 'Object Repository/RecAndPlayBk/Page-Vlink-Encrypted/txt_KSN'

2023-02-15 22:15:37 - [TEST_STEP][PASSED] - click(findTestObject("Object Repository/RecAndPlayBk/Page-Vlink-Encrypted/btn_ProcessVLinkTran")): Object: 'Object Repository/RecAndPlayBk/Page-Vlink-Encrypted/btn_ProcessVLinkTran' is clicked on

2023-02-15 22:15:38 - [MESSAGE][PASSED] - Object: 'Object Repository/RecAndPlayBk/Page-Vlink-Encrypted/btn_ProcessVLinkTran' is clicked on

2023-02-15 22:15:38 - [TEST_STEP][PASSED] - if (verifyTextPresent("Transaction approved, no errors", true)): null

2023-02-15 22:15:39 - [MESSAGE][PASSED] - Text 'Transaction approved, no errors' is present on page  using regular expression

2023-02-15 22:15:39 - [TEST_STEP][PASSED] - println("Transaction Approved, no errors text is present on the Confirmation page"): null

2023-02-15 22:15:39 - [TEST_STEP][PASSED] - out.println("Pass Record Number: " + row): null

2023-02-15 22:15:39 - [TEST_STEP][PASSED] - resText = "Pass": null

2023-02-15 22:15:39 - [TEST_STEP][PASSED] - pages.WriteExcel.demoKey(resText, datText, resColumn, datCloumn, fileLoc, nameSheet, row): pages.WriteExcel.demoKey is PASSED

2023-02-15 22:15:39 - [MESSAGE][PASSED] - pages.WriteExcel.demoKey is PASSED

2023-02-15 22:15:39 - [TEST_STEP][PASSED] - ExecuteTC = findTestData(dataFile).getValue("Execute", row): null

2023-02-15 22:15:39 - [TEST_STEP][PASSED] - out.println("Value of Execute is : " + ExecuteTC): null

2023-02-15 22:15:39 - [TEST_STEP][PASSED] - switch (executionProfile): null

2023-02-15 22:15:39 - [TEST_STEP][PASSED] - case "QAProfile":: null

2023-02-15 22:15:39 - [TEST_STEP][PASSED] - appID = findTestData(dataFile).getValue("AppIDQA", row): null

2023-02-15 22:15:39 - [TEST_STEP][PASSED] - username = findTestData(dataFile).getValue("UsernameQA", row): null

2023-02-15 22:15:39 - [TEST_STEP][PASSED] - password = findTestData(dataFile).getValue("PasswordQA", row): null

2023-02-15 22:15:39 - [TEST_STEP][PASSED] - break: null

2023-02-15 22:15:39 - [TEST_STEP][PASSED] - if (ExecuteTC.equalsIgnoreCase("Y")): null

2023-02-15 22:15:39 - [TEST_STEP][PASSED] - out.println("Begin Record Number: " + row): null

2023-02-15 22:15:39 - [TEST_STEP][PASSED] - today = new java.util.Date(): null

2023-02-15 22:15:39 - [TEST_STEP][PASSED] - println(today): null

2023-02-15 22:15:39 - [TEST_STEP][PASSED] - datText = today: null

2023-02-15 22:15:39 - [TEST_STEP][PASSED] - category = findTestData(dataFile).getValue("Category", row): null

2023-02-15 22:15:39 - [TEST_STEP][PASSED] - amount = findTestData(dataFile).getValue("Amount", row): null

2023-02-15 22:15:39 - [TEST_STEP][PASSED] - trackData = findTestData(dataFile).getValue("TrackData", row): null

2023-02-15 22:15:39 - [TEST_STEP][PASSED] - slot = findTestData(dataFile).getValue("SlotNumber", row): null

2023-02-15 22:15:39 - [TEST_STEP][PASSED] - ksn = findTestData(dataFile).getValue("KSN", row): null

2023-02-15 22:15:40 - [TEST_STEP][PASSED] - openBrowser(VLinkURL + "vlinkEncryptedSwipe.html"): Browser is opened with url: 'https://dev-algorithm.govolution.com/vlinktest/QA/version_2_0/vlinkEncryptedSwipe.html'

2023-02-15 22:15:40 - [MESSAGE][WARNING] - A browser is already opened. Closing browser and opening a new one

2023-02-15 22:15:40 - [MESSAGE][INFO] - Starting 'Chrome' driver

2023-02-15 22:15:40 - [MESSAGE][INFO] - User set preference: ['acceptInsecureCerts', 'true']

2023-02-15 22:15:40 - [MESSAGE][INFO] - Action delay is set to 0 milliseconds

2023-02-15 22:15:43 - [MESSAGE][PASSED] - Browser is opened with url: 'https://dev-algorithm.govolution.com/vlinktest/QA/version_2_0/vlinkEncryptedSwipe.html'

2023-02-15 22:15:43 - [TEST_STEP][PASSED] - maximizeWindow(): Current window maximized

2023-02-15 22:15:43 - [MESSAGE][PASSED] - Current window maximized

2023-02-15 22:15:43 - [TEST_STEP][PASSED] - setText(findTestObject("Object Repository/RecAndPlayBk/Page-Vlink-Encrypted/txt_TransactionType"), "104"): Text '104' is set on object 'Object Repository/RecAndPlayBk/Page-Vlink-Encrypted/txt_TransactionType'

2023-02-15 22:15:43 - [MESSAGE][PASSED] - Text '104' is set on object 'Object Repository/RecAndPlayBk/Page-Vlink-Encrypted/txt_TransactionType'

2023-02-15 22:15:43 - [TEST_STEP][PASSED] - click(findTestObject("Object Repository/RecAndPlayBk/Page-Vlink-Encrypted/btn_GenerateRemID")): Object: 'Object Repository/RecAndPlayBk/Page-Vlink-Encrypted/btn_GenerateRemID' is clicked on

2023-02-15 22:15:44 - [MESSAGE][PASSED] - Object: 'Object Repository/RecAndPlayBk/Page-Vlink-Encrypted/btn_GenerateRemID' is clicked on

2023-02-15 22:15:44 - [TEST_STEP][PASSED] - setText(findTestObject("Object Repository/RecAndPlayBk/Page-Vlink-Encrypted/txt_AppID"), appID): Text '87' is set on object 'Object Repository/RecAndPlayBk/Page-Vlink-Encrypted/txt_AppID'

2023-02-15 22:15:44 - [MESSAGE][PASSED] - Text '87' is set on object 'Object Repository/RecAndPlayBk/Page-Vlink-Encrypted/txt_AppID'

2023-02-15 22:15:44 - [TEST_STEP][PASSED] - setText(findTestObject("Object Repository/RecAndPlayBk/Page-Vlink-Encrypted/txt_Username"), username): Text 'username' is set on object 'Object Repository/RecAndPlayBk/Page-Vlink-Encrypted/txt_Username'

2023-02-15 22:15:45 - [MESSAGE][PASSED] - Text 'username' is set on object 'Object Repository/RecAndPlayBk/Page-Vlink-Encrypted/txt_Username'

2023-02-15 22:15:45 - [TEST_STEP][PASSED] - setText(findTestObject("Object Repository/RecAndPlayBk/Page-Vlink-Encrypted/txt_Password"), password): Text 'password' is set on object 'Object Repository/RecAndPlayBk/Page-Vlink-Encrypted/txt_Password'

2023-02-15 22:15:46 - [MESSAGE][PASSED] - Text 'password' is set on object 'Object Repository/RecAndPlayBk/Page-Vlink-Encrypted/txt_Password'

2023-02-15 22:15:46 - [TEST_STEP][PASSED] - setText(findTestObject("Object Repository/RecAndPlayBk/Page-Vlink-Encrypted/txt_Category"), category): Text 'RETL' is set on object 'Object Repository/RecAndPlayBk/Page-Vlink-Encrypted/txt_Category'

2023-02-15 22:15:46 - [MESSAGE][PASSED] - Text 'RETL' is set on object 'Object Repository/RecAndPlayBk/Page-Vlink-Encrypted/txt_Category'

2023-02-15 22:15:46 - [TEST_STEP][PASSED] - setText(findTestObject("Object Repository/RecAndPlayBk/Page-Vlink-Encrypted/txt_Amount"), amount): Text '10.5' is set on object 'Object Repository/RecAndPlayBk/Page-Vlink-Encrypted/txt_Amount'

2023-02-15 22:15:47 - [MESSAGE][PASSED] - Text '10.5' is set on object 'Object Repository/RecAndPlayBk/Page-Vlink-Encrypted/txt_Amount'

2023-02-15 22:15:47 - [TEST_STEP][PASSED] - setText(findTestObject("Object Repository/RecAndPlayBk/Page-Vlink-Encrypted/txt_Email"), ""): Text '' is set on object 'Object Repository/RecAndPlayBk/Page-Vlink-Encrypted/txt_Email'

2023-02-15 22:15:48 - [MESSAGE][PASSED] - Text '' is set on object 'Object Repository/RecAndPlayBk/Page-Vlink-Encrypted/txt_Email'

2023-02-15 22:15:48 - [TEST_STEP][PASSED] - setText(findTestObject("Object Repository/RecAndPlayBk/Page-Vlink-Encrypted/txt_EncTrack1Data"), trackData): Text '0EAA7F5CE9E697BBCD6997F6C0FC33DCD955675EB2CDA6E73210500019EF39D791C28642451941D9' is set on object 'Object Repository/RecAndPlayBk/Page-Vlink-Encrypted/txt_EncTrack1Data'

2023-02-15 22:15:48 - [MESSAGE][PASSED] - Text '0EAA7F5CE9E697BBCD6997F6C0FC33DCD955675EB2CDA6E73210500019EF39D791C28642451941D9' is set on object 'Object Repository/RecAndPlayBk/Page-Vlink-Encrypted/txt_EncTrack1Data'

2023-02-15 22:15:48 - [TEST_STEP][PASSED] - setText(findTestObject("Object Repository/RecAndPlayBk/Page-Vlink-Encrypted/txt_SlotNumber"), slot): Text '1' is set on object 'Object Repository/RecAndPlayBk/Page-Vlink-Encrypted/txt_SlotNumber'

2023-02-15 22:15:49 - [MESSAGE][PASSED] - Text '1' is set on object 'Object Repository/RecAndPlayBk/Page-Vlink-Encrypted/txt_SlotNumber'

2023-02-15 22:15:49 - [TEST_STEP][PASSED] - setText(findTestObject("Object Repository/RecAndPlayBk/Page-Vlink-Encrypted/txt_KSN"), ksn): Text 'FFFF7381390003600057' is set on object 'Object Repository/RecAndPlayBk/Page-Vlink-Encrypted/txt_KSN'

2023-02-15 22:15:50 - [MESSAGE][PASSED] - Text 'FFFF7381390003600057' is set on object 'Object Repository/RecAndPlayBk/Page-Vlink-Encrypted/txt_KSN'

2023-02-15 22:15:50 - [TEST_STEP][PASSED] - click(findTestObject("Object Repository/RecAndPlayBk/Page-Vlink-Encrypted/btn_ProcessVLinkTran")): Object: 'Object Repository/RecAndPlayBk/Page-Vlink-Encrypted/btn_ProcessVLinkTran' is clicked on

2023-02-15 22:15:52 - [MESSAGE][PASSED] - Object: 'Object Repository/RecAndPlayBk/Page-Vlink-Encrypted/btn_ProcessVLinkTran' is clicked on

2023-02-15 22:15:52 - [TEST_STEP][PASSED] - if (verifyTextPresent("Transaction approved, no errors", true)): null

2023-02-15 22:15:52 - [MESSAGE][PASSED] - Text 'Transaction approved, no errors' is present on page  using regular expression

2023-02-15 22:15:52 - [TEST_STEP][PASSED] - println("Transaction Approved, no errors text is present on the Confirmation page"): null

2023-02-15 22:15:52 - [TEST_STEP][PASSED] - out.println("Pass Record Number: " + row): null

2023-02-15 22:15:52 - [TEST_STEP][PASSED] - resText = "Pass": null

2023-02-15 22:15:52 - [TEST_STEP][PASSED] - pages.WriteExcel.demoKey(resText, datText, resColumn, datCloumn, fileLoc, nameSheet, row): pages.WriteExcel.demoKey is PASSED

2023-02-15 22:15:52 - [MESSAGE][PASSED] - pages.WriteExcel.demoKey is PASSED

2023-02-15 22:15:52 - [TEST_STEP][PASSED] - ExecuteTC = findTestData(dataFile).getValue("Execute", row): null

2023-02-15 22:15:52 - [TEST_STEP][PASSED] - out.println("Value of Execute is : " + ExecuteTC): null

2023-02-15 22:15:52 - [TEST_STEP][PASSED] - switch (executionProfile): null

2023-02-15 22:15:52 - [TEST_STEP][PASSED] - case "QAProfile":: null

2023-02-15 22:15:52 - [TEST_STEP][PASSED] - appID = findTestData(dataFile).getValue("AppIDQA", row): null

2023-02-15 22:15:52 - [TEST_STEP][PASSED] - username = findTestData(dataFile).getValue("UsernameQA", row): null

2023-02-15 22:15:52 - [TEST_STEP][PASSED] - password = findTestData(dataFile).getValue("PasswordQA", row): null

2023-02-15 22:15:52 - [TEST_STEP][PASSED] - break: null

2023-02-15 22:15:52 - [TEST_STEP][PASSED] - if (ExecuteTC.equalsIgnoreCase("Y")): null

2023-02-15 22:15:52 - [TEST_STEP][PASSED] - out.println("Begin Record Number: " + row): null

2023-02-15 22:15:52 - [TEST_STEP][PASSED] - today = new java.util.Date(): null

2023-02-15 22:15:52 - [TEST_STEP][PASSED] - println(today): null

2023-02-15 22:15:52 - [TEST_STEP][PASSED] - datText = today: null

2023-02-15 22:15:52 - [TEST_STEP][PASSED] - category = findTestData(dataFile).getValue("Category", row): null

2023-02-15 22:15:52 - [TEST_STEP][PASSED] - amount = findTestData(dataFile).getValue("Amount", row): null

2023-02-15 22:15:52 - [TEST_STEP][PASSED] - trackData = findTestData(dataFile).getValue("TrackData", row): null

2023-02-15 22:15:53 - [TEST_STEP][PASSED] - slot = findTestData(dataFile).getValue("SlotNumber", row): null

2023-02-15 22:15:53 - [TEST_STEP][PASSED] - ksn = findTestData(dataFile).getValue("KSN", row): null

2023-02-15 22:15:53 - [TEST_STEP][PASSED] - openBrowser(VLinkURL + "vlinkEncryptedSwipe.html"): Browser is opened with url: 'https://dev-algorithm.govolution.com/vlinktest/QA/version_2_0/vlinkEncryptedSwipe.html'

2023-02-15 22:15:53 - [MESSAGE][WARNING] - A browser is already opened. Closing browser and opening a new one

2023-02-15 22:15:54 - [MESSAGE][INFO] - Starting 'Chrome' driver

2023-02-15 22:15:54 - [MESSAGE][INFO] - User set preference: ['acceptInsecureCerts', 'true']

2023-02-15 22:15:54 - [MESSAGE][INFO] - Action delay is set to 0 milliseconds

2023-02-15 22:15:56 - [MESSAGE][PASSED] - Browser is opened with url: 'https://dev-algorithm.govolution.com/vlinktest/QA/version_2_0/vlinkEncryptedSwipe.html'

2023-02-15 22:15:56 - [TEST_STEP][PASSED] - maximizeWindow(): Current window maximized

2023-02-15 22:15:56 - [MESSAGE][PASSED] - Current window maximized

2023-02-15 22:15:56 - [TEST_STEP][PASSED] - setText(findTestObject("Object Repository/RecAndPlayBk/Page-Vlink-Encrypted/txt_TransactionType"), "104"): Text '104' is set on object 'Object Repository/RecAndPlayBk/Page-Vlink-Encrypted/txt_TransactionType'

2023-02-15 22:15:56 - [MESSAGE][PASSED] - Text '104' is set on object 'Object Repository/RecAndPlayBk/Page-Vlink-Encrypted/txt_TransactionType'

2023-02-15 22:15:56 - [TEST_STEP][PASSED] - click(findTestObject("Object Repository/RecAndPlayBk/Page-Vlink-Encrypted/btn_GenerateRemID")): Object: 'Object Repository/RecAndPlayBk/Page-Vlink-Encrypted/btn_GenerateRemID' is clicked on

2023-02-15 22:15:57 - [MESSAGE][PASSED] - Object: 'Object Repository/RecAndPlayBk/Page-Vlink-Encrypted/btn_GenerateRemID' is clicked on

2023-02-15 22:15:57 - [TEST_STEP][PASSED] - setText(findTestObject("Object Repository/RecAndPlayBk/Page-Vlink-Encrypted/txt_AppID"), appID): Text '581' is set on object 'Object Repository/RecAndPlayBk/Page-Vlink-Encrypted/txt_AppID'

2023-02-15 22:15:57 - [MESSAGE][PASSED] - Text '581' is set on object 'Object Repository/RecAndPlayBk/Page-Vlink-Encrypted/txt_AppID'

2023-02-15 22:15:57 - [TEST_STEP][PASSED] - setText(findTestObject("Object Repository/RecAndPlayBk/Page-Vlink-Encrypted/txt_Username"), username): Text 'usr581' is set on object 'Object Repository/RecAndPlayBk/Page-Vlink-Encrypted/txt_Username'

2023-02-15 22:15:58 - [MESSAGE][PASSED] - Text 'usr581' is set on object 'Object Repository/RecAndPlayBk/Page-Vlink-Encrypted/txt_Username'

2023-02-15 22:15:58 - [TEST_STEP][PASSED] - setText(findTestObject("Object Repository/RecAndPlayBk/Page-Vlink-Encrypted/txt_Password"), password): Text 'pwd581' is set on object 'Object Repository/RecAndPlayBk/Page-Vlink-Encrypted/txt_Password'

2023-02-15 22:15:59 - [MESSAGE][PASSED] - Text 'pwd581' is set on object 'Object Repository/RecAndPlayBk/Page-Vlink-Encrypted/txt_Password'

2023-02-15 22:15:59 - [TEST_STEP][PASSED] - setText(findTestObject("Object Repository/RecAndPlayBk/Page-Vlink-Encrypted/txt_Category"), category): Text 'RETL' is set on object 'Object Repository/RecAndPlayBk/Page-Vlink-Encrypted/txt_Category'

2023-02-15 22:15:59 - [MESSAGE][PASSED] - Text 'RETL' is set on object 'Object Repository/RecAndPlayBk/Page-Vlink-Encrypted/txt_Category'

2023-02-15 22:15:59 - [TEST_STEP][PASSED] - setText(findTestObject("Object Repository/RecAndPlayBk/Page-Vlink-Encrypted/txt_Amount"), amount): Text '10.5' is set on object 'Object Repository/RecAndPlayBk/Page-Vlink-Encrypted/txt_Amount'

2023-02-15 22:16:00 - [MESSAGE][PASSED] - Text '10.5' is set on object 'Object Repository/RecAndPlayBk/Page-Vlink-Encrypted/txt_Amount'

2023-02-15 22:16:00 - [TEST_STEP][PASSED] - setText(findTestObject("Object Repository/RecAndPlayBk/Page-Vlink-Encrypted/txt_Email"), ""): Text '' is set on object 'Object Repository/RecAndPlayBk/Page-Vlink-Encrypted/txt_Email'

2023-02-15 22:16:01 - [MESSAGE][PASSED] - Text '' is set on object 'Object Repository/RecAndPlayBk/Page-Vlink-Encrypted/txt_Email'

2023-02-15 22:16:01 - [TEST_STEP][PASSED] - setText(findTestObject("Object Repository/RecAndPlayBk/Page-Vlink-Encrypted/txt_EncTrack1Data"), trackData): Text '0EAA7F5CE9E697BBCD6997F6C0FC33DCD955675EB2CDA6E73210500019EF39D791C28642451941D9' is set on object 'Object Repository/RecAndPlayBk/Page-Vlink-Encrypted/txt_EncTrack1Data'

2023-02-15 22:16:01 - [MESSAGE][PASSED] - Text '0EAA7F5CE9E697BBCD6997F6C0FC33DCD955675EB2CDA6E73210500019EF39D791C28642451941D9' is set on object 'Object Repository/RecAndPlayBk/Page-Vlink-Encrypted/txt_EncTrack1Data'

2023-02-15 22:16:01 - [TEST_STEP][PASSED] - setText(findTestObject("Object Repository/RecAndPlayBk/Page-Vlink-Encrypted/txt_SlotNumber"), slot): Text '1' is set on object 'Object Repository/RecAndPlayBk/Page-Vlink-Encrypted/txt_SlotNumber'

2023-02-15 22:16:02 - [MESSAGE][PASSED] - Text '1' is set on object 'Object Repository/RecAndPlayBk/Page-Vlink-Encrypted/txt_SlotNumber'

2023-02-15 22:16:02 - [TEST_STEP][PASSED] - setText(findTestObject("Object Repository/RecAndPlayBk/Page-Vlink-Encrypted/txt_KSN"), ksn): Text 'FFFF7381390003600057' is set on object 'Object Repository/RecAndPlayBk/Page-Vlink-Encrypted/txt_KSN'

2023-02-15 22:16:03 - [MESSAGE][PASSED] - Text 'FFFF7381390003600057' is set on object 'Object Repository/RecAndPlayBk/Page-Vlink-Encrypted/txt_KSN'

2023-02-15 22:16:03 - [TEST_STEP][PASSED] - click(findTestObject("Object Repository/RecAndPlayBk/Page-Vlink-Encrypted/btn_ProcessVLinkTran")): Object: 'Object Repository/RecAndPlayBk/Page-Vlink-Encrypted/btn_ProcessVLinkTran' is clicked on

2023-02-15 22:16:04 - [MESSAGE][PASSED] - Object: 'Object Repository/RecAndPlayBk/Page-Vlink-Encrypted/btn_ProcessVLinkTran' is clicked on

2023-02-15 22:16:04 - [TEST_STEP][PASSED] - if (verifyTextPresent("Transaction approved, no errors", true)): null

2023-02-15 22:16:04 - [MESSAGE][PASSED] - Text 'Transaction approved, no errors' is present on page  using regular expression

2023-02-15 22:16:04 - [TEST_STEP][PASSED] - println("Transaction Approved, no errors text is present on the Confirmation page"): null

2023-02-15 22:16:04 - [TEST_STEP][PASSED] - out.println("Pass Record Number: " + row): null

2023-02-15 22:16:04 - [TEST_STEP][PASSED] - resText = "Pass": null

2023-02-15 22:16:04 - [TEST_STEP][PASSED] - pages.WriteExcel.demoKey(resText, datText, resColumn, datCloumn, fileLoc, nameSheet, row): pages.WriteExcel.demoKey is PASSED

2023-02-15 22:16:04 - [MESSAGE][PASSED] - pages.WriteExcel.demoKey is PASSED]]></system-out>
         <system-err><![CDATA[]]></system-err>
      </testcase>
      <testcase name="Test Cases/RecAndPlayBk/VLink/Sale-MRF" time="1361.607" classname="Test Cases/RecAndPlayBk/VLink/Sale-MRF" status="PASSED">
         <system-out><![CDATA[2023-02-15 22:16:04 - [TEST_CASE][PASSED] - Test Cases/RecAndPlayBk/VLink/Sale-MRF: Test Cases/RecAndPlayBk/VLink/Sale-MRF

2023-02-15 22:16:05 - [TEST_STEP][PASSED] - resText = "Fail": null

2023-02-15 22:16:05 - [TEST_STEP][PASSED] - resColumn = "Result": null

2023-02-15 22:16:05 - [TEST_STEP][PASSED] - datCloumn = "Date": null

2023-02-15 22:16:05 - [TEST_STEP][PASSED] - fileLoc = "KatalonData/VLinkSmokeData.xlsx": null

2023-02-15 22:16:05 - [TEST_STEP][PASSED] - nameSheet = "Sale-MRF": null

2023-02-15 22:16:05 - [TEST_STEP][PASSED] - executionProfile = getExecutionProfile(): null

2023-02-15 22:16:05 - [TEST_STEP][PASSED] - out.println("executionProfile : " + executionProfile): null

2023-02-15 22:16:05 - [TEST_STEP][PASSED] - numOfRows = findTestData("QA/VLinkTestData/VLinkSaleMRFData").getRowNumbers(): null

2023-02-15 22:16:05 - [TEST_STEP][PASSED] - println("Number of Records: " + numOfRows): null

2023-02-15 22:16:05 - [TEST_STEP][PASSED] - dataFile = "QA/VLinkTestData/VLinkSaleMRFData": null

2023-02-15 22:16:05 - [TEST_STEP][PASSED] - for ([row = 1, row <= numOfRows, (row++)]): null

2023-02-15 22:16:05 - [TEST_STEP][PASSED] - ExecuteTC = findTestData(dataFile).getValue("Execute", row): null

2023-02-15 22:16:05 - [TEST_STEP][PASSED] - out.println("Value of Execute is : " + ExecuteTC): null

2023-02-15 22:16:05 - [TEST_STEP][PASSED] - errorMsg = findTestData(dataFile).getValue("ErrorMsg", row): null

2023-02-15 22:16:05 - [TEST_STEP][PASSED] - if (ExecuteTC.equalsIgnoreCase("Y")): Browser is closed

2023-02-15 22:16:05 - [TEST_STEP][PASSED] - out.println("Begin Record Number: " + row): null

2023-02-15 22:16:05 - [TEST_STEP][PASSED] - today = new java.util.Date(): null

2023-02-15 22:16:05 - [TEST_STEP][PASSED] - println(today): null

2023-02-15 22:16:05 - [TEST_STEP][PASSED] - datText = today: null

2023-02-15 22:16:05 - [TEST_STEP][PASSED] - openBrowser(VLinkURL + "authcap.html"): Browser is opened with url: 'https://dev-algorithm.govolution.com/vlinktest/QA/version_2_0/authcap.html'

2023-02-15 22:16:05 - [MESSAGE][WARNING] - A browser is already opened. Closing browser and opening a new one

2023-02-15 22:16:06 - [MESSAGE][INFO] - Starting 'Chrome' driver

2023-02-15 22:16:06 - [MESSAGE][INFO] - User set preference: ['acceptInsecureCerts', 'true']

2023-02-15 22:16:06 - [MESSAGE][INFO] - Action delay is set to 0 milliseconds

2023-02-15 22:16:08 - [MESSAGE][PASSED] - Browser is opened with url: 'https://dev-algorithm.govolution.com/vlinktest/QA/version_2_0/authcap.html'

2023-02-15 22:16:08 - [TEST_STEP][PASSED] - maximizeWindow(): Current window maximized

2023-02-15 22:16:08 - [MESSAGE][PASSED] - Current window maximized

2023-02-15 22:16:08 - [TEST_STEP][PASSED] - vlinkPages.saleCCPage.setDataSCC(row, dataFile): vlinkPages.saleCCPage.setDataSCC is PASSED

2023-02-15 22:16:12 - [MESSAGE][PASSED] - Object 'Object Repository/VLink/Page_CCSale/txt_CardNumber' is present

2023-02-15 22:16:13 - [MESSAGE][PASSED] - Text '' is set on object 'Object Repository/VLink/Page_CCSale/txt_TransactionType'

2023-02-15 22:16:13 - [MESSAGE][PASSED] - Text '2.0C' is set on object 'Object Repository/VLink/Page_CCSale/txt_MessageVersion'

2023-02-15 22:16:14 - [MESSAGE][PASSED] - Text 'eLOLeCU1bjEI' is set on object 'Object Repository/VLink/Page_CCSale/txt_RemID'

2023-02-15 22:16:14 - [MESSAGE][PASSED] - Text '234' is set on object 'Object Repository/VLink/Page_CCSale/txt_ApplicationId'

2023-02-15 22:16:15 - [MESSAGE][PASSED] - Text 'username' is set on object 'Object Repository/VLink/Page_CCSale/txt_Username'

2023-02-15 22:16:16 - [MESSAGE][PASSED] - Text 'password' is set on object 'Object Repository/VLink/Page_CCSale/txt_Password'

2023-02-15 22:16:16 - [MESSAGE][PASSED] - Text 'fixed_width' is set on object 'Object Repository/VLink/Page_CCSale/txt_ResponseFormat'

2023-02-15 22:16:17 - [MESSAGE][PASSED] - Text 'ECOM' is set on object 'Object Repository/VLink/Page_CCSale/txt_Category'

2023-02-15 22:16:18 - [MESSAGE][PASSED] - Text '' is set on object 'Object Repository/VLink/Page_CCSale/txt_TransactionID'

2023-02-15 22:16:18 - [MESSAGE][PASSED] - Text '' is set on object 'Object Repository/VLink/Page_CCSale/txt_ApprovalCode'

2023-02-15 22:16:19 - [MESSAGE][PASSED] - Text 'Kris Roshan' is set on object 'Object Repository/VLink/Page_CCSale/txt_CardName'

2023-02-15 22:16:20 - [MESSAGE][PASSED] - Text '258 Elm Road' is set on object 'Object Repository/VLink/Page_CCSale/txt_AL1'

2023-02-15 22:16:20 - [MESSAGE][PASSED] - Text 'Suite 56' is set on object 'Object Repository/VLink/Page_CCSale/txt_AL2'

2023-02-15 22:16:21 - [MESSAGE][PASSED] - Text 'Arlington' is set on object 'Object Repository/VLink/Page_CCSale/txt_CardCity'

2023-02-15 22:16:22 - [MESSAGE][PASSED] - Text 'VA' is set on object 'Object Repository/VLink/Page_CCSale/txt_CardState'

2023-02-15 22:16:22 - [MESSAGE][PASSED] - Text '22201' is set on object 'Object Repository/VLink/Page_CCSale/txt_CardZIP'

2023-02-15 22:16:23 - [MESSAGE][PASSED] - Text '840' is set on object 'Object Repository/VLink/Page_CCSale/txt_CountryID'

2023-02-15 22:16:24 - [MESSAGE][PASSED] - Text '1.50' is set on object 'Object Repository/VLink/Page_CCSale/txt_Amount'

2023-02-15 22:16:24 - [MESSAGE][PASSED] - Text '4111111111111111' is set on object 'Object Repository/VLink/Page_CCSale/txt_CardNumber'

2023-02-15 22:16:25 - [MESSAGE][PASSED] - Text '12' is set on object 'Object Repository/VLink/Page_CCSale/txt_ExpMonth'

2023-02-15 22:16:26 - [MESSAGE][PASSED] - Text '2025' is set on object 'Object Repository/VLink/Page_CCSale/txt_ExpYear'

2023-02-15 22:16:27 - [MESSAGE][PASSED] - Text '' is set on object 'Object Repository/VLink/Page_CCSale/txt_CVV'

2023-02-15 22:16:27 - [MESSAGE][PASSED] - Text '' is set on object 'Object Repository/VLink/Page_CCSale/txt_CVVstate'

2023-02-15 22:16:28 - [MESSAGE][PASSED] - Text '' is set on object 'Object Repository/VLink/Page_CCSale/txt_TrackData'

2023-02-15 22:16:29 - [MESSAGE][PASSED] - Text '' is set on object 'Object Repository/VLink/Page_CCSale/txt_Track1Data'

2023-02-15 22:16:29 - [MESSAGE][PASSED] - Text '' is set on object 'Object Repository/VLink/Page_CCSale/txt_Track2Data'

2023-02-15 22:16:30 - [MESSAGE][PASSED] - Text 'manual' is set on object 'Object Repository/VLink/Page_CCSale/txt_POSEntryMode'

2023-02-15 22:16:31 - [MESSAGE][PASSED] - Text 'iahmed@govolution.com' is set on object 'Object Repository/VLink/Page_CCSale/txt_Email'

2023-02-15 22:16:31 - [MESSAGE][PASSED] - Text '2569362' is set on object 'Object Repository/VLink/Page_CCSale/txt_OrderNumber'

2023-02-15 22:16:32 - [MESSAGE][PASSED] - Text '1.15' is set on object 'Object Repository/VLink/Page_CCSale/txt_TaxAmount'

2023-02-15 22:16:33 - [MESSAGE][PASSED] - Text 'Charge Description' is set on object 'Object Repository/VLink/Page_CCSale/txt_ChargeDescription'

2023-02-15 22:16:34 - [MESSAGE][PASSED] - Text '147357' is set on object 'Object Repository/VLink/Page_CCSale/txt_CAN'

2023-02-15 22:16:34 - [MESSAGE][PASSED] - Text '1' is set on object 'Object Repository/VLink/Page_CCSale/txt_BillPaymentIndicator'

2023-02-15 22:16:35 - [MESSAGE][PASSED] - Text 'UDF Data 1' is set on object 'Object Repository/VLink/Page_CCSale/txt_UDF1'

2023-02-15 22:16:36 - [MESSAGE][PASSED] - Text 'UDF Data 2' is set on object 'Object Repository/VLink/Page_CCSale/txt_UDF2'

2023-02-15 22:16:36 - [MESSAGE][PASSED] - Text 'UDF Data 3' is set on object 'Object Repository/VLink/Page_CCSale/txt_UDF3'

2023-02-15 22:16:37 - [MESSAGE][PASSED] - Text 'UDF Data 4' is set on object 'Object Repository/VLink/Page_CCSale/txt_UDF4'

2023-02-15 22:16:38 - [MESSAGE][PASSED] - Text 'UDF Data 5' is set on object 'Object Repository/VLink/Page_CCSale/txt_UDF5'

2023-02-15 22:16:39 - [MESSAGE][PASSED] - Text 'UDF Data 6' is set on object 'Object Repository/VLink/Page_CCSale/txt_UDF6'

2023-02-15 22:16:39 - [MESSAGE][PASSED] - Text 'UDF Data 7' is set on object 'Object Repository/VLink/Page_CCSale/txt_UDF7'

2023-02-15 22:16:40 - [MESSAGE][PASSED] - Text 'UDF Data 8' is set on object 'Object Repository/VLink/Page_CCSale/txt_UDF8'

2023-02-15 22:16:41 - [MESSAGE][PASSED] - Text 'UDF Data 9' is set on object 'Object Repository/VLink/Page_CCSale/txt_UDF9'

2023-02-15 22:16:41 - [MESSAGE][PASSED] - Text 'UDF Data 10' is set on object 'Object Repository/VLink/Page_CCSale/txt_UDF10'

2023-02-15 22:16:42 - [MESSAGE][PASSED] - Object: 'Object Repository/VLink/Page_CCSale/btn_ProcessVLinkTransaction' is clicked on

2023-02-15 22:16:47 - [MESSAGE][PASSED] - vlinkPages.saleCCPage.setDataSCC is PASSED

2023-02-15 22:16:47 - [TEST_STEP][PASSED] - if (verifyTextPresent(errorMsg, true)): null

2023-02-15 22:16:47 - [MESSAGE][PASSED] - Text 'Missing parameter: transaction_type' is present on page  using regular expression

2023-02-15 22:16:47 - [TEST_STEP][PASSED] - println("Transaction Approved, no errors text is present on the Confirmation page"): null

2023-02-15 22:16:47 - [TEST_STEP][PASSED] - out.println("Pass Record Number: " + row): null

2023-02-15 22:16:47 - [TEST_STEP][PASSED] - resText = "Pass": null

2023-02-15 22:16:47 - [TEST_STEP][PASSED] - pages.WriteExcel.demoKey(resText, datText, resColumn, datCloumn, fileLoc, nameSheet, row): pages.WriteExcel.demoKey is PASSED

2023-02-15 22:16:47 - [MESSAGE][PASSED] - pages.WriteExcel.demoKey is PASSED

2023-02-15 22:16:47 - [TEST_STEP][PASSED] - sdfo = getText(findTestObject("Object Repository/Page_VLinkReceipt/pre_STX")): Text of object 'Object Repository/Page_VLinkReceipt/pre_STX' is: '<STX>eLOLeCU1bjEI                                      2  Transaction failed                                20 Missing parameter: transaction_type                                                        <ETX>'

2023-02-15 22:16:48 - [MESSAGE][PASSED] - Text of object 'Object Repository/Page_VLinkReceipt/pre_STX' is: '<STX>eLOLeCU1bjEI                                      2  Transaction failed                                20 Missing parameter: transaction_type                                                        <ETX>'

2023-02-15 22:16:48 - [TEST_STEP][PASSED] - out.println("sdfo: " + sdfo): null

2023-02-15 22:16:48 - [TEST_STEP][PASSED] - remID = substring(5, 35).trim(): null

2023-02-15 22:16:48 - [TEST_STEP][PASSED] - out.println("Remittance ID: " + remID): null

2023-02-15 22:16:48 - [TEST_STEP][PASSED] - traxID = substring(35, 55).trim(): null

2023-02-15 22:16:48 - [TEST_STEP][PASSED] - out.println("Transaction ID: " + traxID): null

2023-02-15 22:16:48 - [TEST_STEP][PASSED] - out.println("End Record Number: " + row): null

2023-02-15 22:16:48 - [TEST_STEP][PASSED] - closeBrowser(): Browser is closed

2023-02-15 22:16:49 - [MESSAGE][PASSED] - Browser is closed

2023-02-15 22:16:49 - [TEST_STEP][PASSED] - ExecuteTC = findTestData(dataFile).getValue("Execute", row): null

2023-02-15 22:16:49 - [TEST_STEP][PASSED] - out.println("Value of Execute is : " + ExecuteTC): null

2023-02-15 22:16:49 - [TEST_STEP][PASSED] - errorMsg = findTestData(dataFile).getValue("ErrorMsg", row): null

2023-02-15 22:16:49 - [TEST_STEP][PASSED] - if (ExecuteTC.equalsIgnoreCase("Y")): Browser is closed

2023-02-15 22:16:49 - [TEST_STEP][PASSED] - out.println("Begin Record Number: " + row): null

2023-02-15 22:16:49 - [TEST_STEP][PASSED] - today = new java.util.Date(): null

2023-02-15 22:16:49 - [TEST_STEP][PASSED] - println(today): null

2023-02-15 22:16:49 - [TEST_STEP][PASSED] - datText = today: null

2023-02-15 22:16:49 - [TEST_STEP][PASSED] - openBrowser(VLinkURL + "authcap.html"): Browser is opened with url: 'https://dev-algorithm.govolution.com/vlinktest/QA/version_2_0/authcap.html'

2023-02-15 22:16:49 - [MESSAGE][INFO] - Starting 'Chrome' driver

2023-02-15 22:16:49 - [MESSAGE][INFO] - User set preference: ['acceptInsecureCerts', 'true']

2023-02-15 22:16:49 - [MESSAGE][INFO] - Action delay is set to 0 milliseconds

2023-02-15 22:16:51 - [MESSAGE][PASSED] - Browser is opened with url: 'https://dev-algorithm.govolution.com/vlinktest/QA/version_2_0/authcap.html'

2023-02-15 22:16:51 - [TEST_STEP][PASSED] - maximizeWindow(): Current window maximized

2023-02-15 22:16:51 - [MESSAGE][PASSED] - Current window maximized

2023-02-15 22:16:51 - [TEST_STEP][PASSED] - vlinkPages.saleCCPage.setDataSCC(row, dataFile): vlinkPages.saleCCPage.setDataSCC is PASSED

2023-02-15 22:16:55 - [MESSAGE][PASSED] - Object 'Object Repository/VLink/Page_CCSale/txt_CardNumber' is present

2023-02-15 22:16:55 - [MESSAGE][PASSED] - Text '' is set on object 'Object Repository/VLink/Page_CCSale/txt_TransactionType'

2023-02-15 22:16:56 - [MESSAGE][PASSED] - Text '2.0C' is set on object 'Object Repository/VLink/Page_CCSale/txt_MessageVersion'

2023-02-15 22:16:56 - [MESSAGE][PASSED] - Text 'Ac3neHECJEQH' is set on object 'Object Repository/VLink/Page_CCSale/txt_RemID'

2023-02-15 22:16:57 - [MESSAGE][PASSED] - Text '234' is set on object 'Object Repository/VLink/Page_CCSale/txt_ApplicationId'

2023-02-15 22:16:58 - [MESSAGE][PASSED] - Text 'username' is set on object 'Object Repository/VLink/Page_CCSale/txt_Username'

2023-02-15 22:16:58 - [MESSAGE][PASSED] - Text 'password' is set on object 'Object Repository/VLink/Page_CCSale/txt_Password'

2023-02-15 22:16:59 - [MESSAGE][PASSED] - Text 'fixed_width' is set on object 'Object Repository/VLink/Page_CCSale/txt_ResponseFormat'

2023-02-15 22:17:00 - [MESSAGE][PASSED] - Text 'MOTO' is set on object 'Object Repository/VLink/Page_CCSale/txt_Category'

2023-02-15 22:17:00 - [MESSAGE][PASSED] - Text '' is set on object 'Object Repository/VLink/Page_CCSale/txt_TransactionID'

2023-02-15 22:17:01 - [MESSAGE][PASSED] - Text '' is set on object 'Object Repository/VLink/Page_CCSale/txt_ApprovalCode'

2023-02-15 22:17:02 - [MESSAGE][PASSED] - Text 'Kris Roshan' is set on object 'Object Repository/VLink/Page_CCSale/txt_CardName'

2023-02-15 22:17:02 - [MESSAGE][PASSED] - Text '258 Elm Road' is set on object 'Object Repository/VLink/Page_CCSale/txt_AL1'

2023-02-15 22:17:03 - [MESSAGE][PASSED] - Text 'Suite 56' is set on object 'Object Repository/VLink/Page_CCSale/txt_AL2'

2023-02-15 22:17:04 - [MESSAGE][PASSED] - Text 'Arlington' is set on object 'Object Repository/VLink/Page_CCSale/txt_CardCity'

2023-02-15 22:17:04 - [MESSAGE][PASSED] - Text 'VA' is set on object 'Object Repository/VLink/Page_CCSale/txt_CardState'

2023-02-15 22:17:05 - [MESSAGE][PASSED] - Text '22201' is set on object 'Object Repository/VLink/Page_CCSale/txt_CardZIP'

2023-02-15 22:17:06 - [MESSAGE][PASSED] - Text '840' is set on object 'Object Repository/VLink/Page_CCSale/txt_CountryID'

2023-02-15 22:17:06 - [MESSAGE][PASSED] - Text '1.50' is set on object 'Object Repository/VLink/Page_CCSale/txt_Amount'

2023-02-15 22:17:07 - [MESSAGE][PASSED] - Text '4111111111111111' is set on object 'Object Repository/VLink/Page_CCSale/txt_CardNumber'

2023-02-15 22:17:08 - [MESSAGE][PASSED] - Text '12' is set on object 'Object Repository/VLink/Page_CCSale/txt_ExpMonth'

2023-02-15 22:17:08 - [MESSAGE][PASSED] - Text '2025' is set on object 'Object Repository/VLink/Page_CCSale/txt_ExpYear'

2023-02-15 22:17:09 - [MESSAGE][PASSED] - Text '' is set on object 'Object Repository/VLink/Page_CCSale/txt_CVV'

2023-02-15 22:17:10 - [MESSAGE][PASSED] - Text '' is set on object 'Object Repository/VLink/Page_CCSale/txt_CVVstate'

2023-02-15 22:17:10 - [MESSAGE][PASSED] - Text '' is set on object 'Object Repository/VLink/Page_CCSale/txt_TrackData'

2023-02-15 22:17:11 - [MESSAGE][PASSED] - Text '' is set on object 'Object Repository/VLink/Page_CCSale/txt_Track1Data'

2023-02-15 22:17:12 - [MESSAGE][PASSED] - Text '' is set on object 'Object Repository/VLink/Page_CCSale/txt_Track2Data'

2023-02-15 22:17:12 - [MESSAGE][PASSED] - Text 'manual' is set on object 'Object Repository/VLink/Page_CCSale/txt_POSEntryMode'

2023-02-15 22:17:13 - [MESSAGE][PASSED] - Text 'iahmed@govolution.com' is set on object 'Object Repository/VLink/Page_CCSale/txt_Email'

2023-02-15 22:17:14 - [MESSAGE][PASSED] - Text '2569362' is set on object 'Object Repository/VLink/Page_CCSale/txt_OrderNumber'

2023-02-15 22:17:15 - [MESSAGE][PASSED] - Text '1.15' is set on object 'Object Repository/VLink/Page_CCSale/txt_TaxAmount'

2023-02-15 22:17:15 - [MESSAGE][PASSED] - Text 'Charge Description' is set on object 'Object Repository/VLink/Page_CCSale/txt_ChargeDescription'

2023-02-15 22:17:16 - [MESSAGE][PASSED] - Text '147357' is set on object 'Object Repository/VLink/Page_CCSale/txt_CAN'

2023-02-15 22:17:17 - [MESSAGE][PASSED] - Text '1' is set on object 'Object Repository/VLink/Page_CCSale/txt_BillPaymentIndicator'

2023-02-15 22:17:17 - [MESSAGE][PASSED] - Text 'UDF Data 1' is set on object 'Object Repository/VLink/Page_CCSale/txt_UDF1'

2023-02-15 22:17:18 - [MESSAGE][PASSED] - Text 'UDF Data 2' is set on object 'Object Repository/VLink/Page_CCSale/txt_UDF2'

2023-02-15 22:17:19 - [MESSAGE][PASSED] - Text 'UDF Data 3' is set on object 'Object Repository/VLink/Page_CCSale/txt_UDF3'

2023-02-15 22:17:19 - [MESSAGE][PASSED] - Text 'UDF Data 4' is set on object 'Object Repository/VLink/Page_CCSale/txt_UDF4'

2023-02-15 22:17:20 - [MESSAGE][PASSED] - Text 'UDF Data 5' is set on object 'Object Repository/VLink/Page_CCSale/txt_UDF5'

2023-02-15 22:17:21 - [MESSAGE][PASSED] - Text 'UDF Data 6' is set on object 'Object Repository/VLink/Page_CCSale/txt_UDF6'

2023-02-15 22:17:22 - [MESSAGE][PASSED] - Text 'UDF Data 7' is set on object 'Object Repository/VLink/Page_CCSale/txt_UDF7'

2023-02-15 22:17:22 - [MESSAGE][PASSED] - Text 'UDF Data 8' is set on object 'Object Repository/VLink/Page_CCSale/txt_UDF8'

2023-02-15 22:17:23 - [MESSAGE][PASSED] - Text 'UDF Data 9' is set on object 'Object Repository/VLink/Page_CCSale/txt_UDF9'

2023-02-15 22:17:24 - [MESSAGE][PASSED] - Text 'UDF Data 10' is set on object 'Object Repository/VLink/Page_CCSale/txt_UDF10'

2023-02-15 22:17:24 - [MESSAGE][PASSED] - Object: 'Object Repository/VLink/Page_CCSale/btn_ProcessVLinkTransaction' is clicked on

2023-02-15 22:17:29 - [MESSAGE][PASSED] - vlinkPages.saleCCPage.setDataSCC is PASSED

2023-02-15 22:17:29 - [TEST_STEP][PASSED] - if (verifyTextPresent(errorMsg, true)): null

2023-02-15 22:17:30 - [MESSAGE][PASSED] - Text 'Missing parameter: transaction_type' is present on page  using regular expression

2023-02-15 22:17:30 - [TEST_STEP][PASSED] - println("Transaction Approved, no errors text is present on the Confirmation page"): null

2023-02-15 22:17:30 - [TEST_STEP][PASSED] - out.println("Pass Record Number: " + row): null

2023-02-15 22:17:30 - [TEST_STEP][PASSED] - resText = "Pass": null

2023-02-15 22:17:30 - [TEST_STEP][PASSED] - pages.WriteExcel.demoKey(resText, datText, resColumn, datCloumn, fileLoc, nameSheet, row): pages.WriteExcel.demoKey is PASSED

2023-02-15 22:17:30 - [MESSAGE][PASSED] - pages.WriteExcel.demoKey is PASSED

2023-02-15 22:17:30 - [TEST_STEP][PASSED] - sdfo = getText(findTestObject("Object Repository/Page_VLinkReceipt/pre_STX")): Text of object 'Object Repository/Page_VLinkReceipt/pre_STX' is: '<STX>Ac3neHECJEQH                                      2  Transaction failed                                20 Missing parameter: transaction_type                                                        <ETX>'

2023-02-15 22:17:30 - [MESSAGE][PASSED] - Text of object 'Object Repository/Page_VLinkReceipt/pre_STX' is: '<STX>Ac3neHECJEQH                                      2  Transaction failed                                20 Missing parameter: transaction_type                                                        <ETX>'

2023-02-15 22:17:30 - [TEST_STEP][PASSED] - out.println("sdfo: " + sdfo): null

2023-02-15 22:17:30 - [TEST_STEP][PASSED] - remID = substring(5, 35).trim(): null

2023-02-15 22:17:30 - [TEST_STEP][PASSED] - out.println("Remittance ID: " + remID): null

2023-02-15 22:17:30 - [TEST_STEP][PASSED] - traxID = substring(35, 55).trim(): null

2023-02-15 22:17:30 - [TEST_STEP][PASSED] - out.println("Transaction ID: " + traxID): null

2023-02-15 22:17:30 - [TEST_STEP][PASSED] - out.println("End Record Number: " + row): null

2023-02-15 22:17:30 - [TEST_STEP][PASSED] - closeBrowser(): Browser is closed

2023-02-15 22:17:31 - [MESSAGE][PASSED] - Browser is closed

2023-02-15 22:17:31 - [TEST_STEP][PASSED] - ExecuteTC = findTestData(dataFile).getValue("Execute", row): null

2023-02-15 22:17:31 - [TEST_STEP][PASSED] - out.println("Value of Execute is : " + ExecuteTC): null

2023-02-15 22:17:31 - [TEST_STEP][PASSED] - errorMsg = findTestData(dataFile).getValue("ErrorMsg", row): null

2023-02-15 22:17:31 - [TEST_STEP][PASSED] - if (ExecuteTC.equalsIgnoreCase("Y")): Browser is closed

2023-02-15 22:17:31 - [TEST_STEP][PASSED] - out.println("Begin Record Number: " + row): null

2023-02-15 22:17:31 - [TEST_STEP][PASSED] - today = new java.util.Date(): null

2023-02-15 22:17:31 - [TEST_STEP][PASSED] - println(today): null

2023-02-15 22:17:31 - [TEST_STEP][PASSED] - datText = today: null

2023-02-15 22:17:31 - [TEST_STEP][PASSED] - openBrowser(VLinkURL + "authcap.html"): Browser is opened with url: 'https://dev-algorithm.govolution.com/vlinktest/QA/version_2_0/authcap.html'

2023-02-15 22:17:31 - [MESSAGE][INFO] - Starting 'Chrome' driver

2023-02-15 22:17:31 - [MESSAGE][INFO] - User set preference: ['acceptInsecureCerts', 'true']

2023-02-15 22:17:31 - [MESSAGE][INFO] - Action delay is set to 0 milliseconds

2023-02-15 22:17:33 - [MESSAGE][PASSED] - Browser is opened with url: 'https://dev-algorithm.govolution.com/vlinktest/QA/version_2_0/authcap.html'

2023-02-15 22:17:33 - [TEST_STEP][PASSED] - maximizeWindow(): Current window maximized

2023-02-15 22:17:33 - [MESSAGE][PASSED] - Current window maximized

2023-02-15 22:17:33 - [TEST_STEP][PASSED] - vlinkPages.saleCCPage.setDataSCC(row, dataFile): vlinkPages.saleCCPage.setDataSCC is PASSED

2023-02-15 22:17:37 - [MESSAGE][PASSED] - Object 'Object Repository/VLink/Page_CCSale/txt_CardNumber' is present

2023-02-15 22:17:37 - [MESSAGE][PASSED] - Text '' is set on object 'Object Repository/VLink/Page_CCSale/txt_TransactionType'

2023-02-15 22:17:38 - [MESSAGE][PASSED] - Text '2.0C' is set on object 'Object Repository/VLink/Page_CCSale/txt_MessageVersion'

2023-02-15 22:17:39 - [MESSAGE][PASSED] - Text 'a1R9qJHT34mt' is set on object 'Object Repository/VLink/Page_CCSale/txt_RemID'

2023-02-15 22:17:39 - [MESSAGE][PASSED] - Text '234' is set on object 'Object Repository/VLink/Page_CCSale/txt_ApplicationId'

2023-02-15 22:17:40 - [MESSAGE][PASSED] - Text 'username' is set on object 'Object Repository/VLink/Page_CCSale/txt_Username'

2023-02-15 22:17:41 - [MESSAGE][PASSED] - Text 'password' is set on object 'Object Repository/VLink/Page_CCSale/txt_Password'

2023-02-15 22:17:41 - [MESSAGE][PASSED] - Text 'fixed_width' is set on object 'Object Repository/VLink/Page_CCSale/txt_ResponseFormat'

2023-02-15 22:17:42 - [MESSAGE][PASSED] - Text 'RETL' is set on object 'Object Repository/VLink/Page_CCSale/txt_Category'

2023-02-15 22:17:43 - [MESSAGE][PASSED] - Text '' is set on object 'Object Repository/VLink/Page_CCSale/txt_TransactionID'

2023-02-15 22:17:43 - [MESSAGE][PASSED] - Text '' is set on object 'Object Repository/VLink/Page_CCSale/txt_ApprovalCode'

2023-02-15 22:17:44 - [MESSAGE][PASSED] - Text 'Kris Roshan' is set on object 'Object Repository/VLink/Page_CCSale/txt_CardName'

2023-02-15 22:17:45 - [MESSAGE][PASSED] - Text '258 Elm Road' is set on object 'Object Repository/VLink/Page_CCSale/txt_AL1'

2023-02-15 22:17:45 - [MESSAGE][PASSED] - Text 'Suite 56' is set on object 'Object Repository/VLink/Page_CCSale/txt_AL2'

2023-02-15 22:17:46 - [MESSAGE][PASSED] - Text 'Arlington' is set on object 'Object Repository/VLink/Page_CCSale/txt_CardCity'

2023-02-15 22:17:47 - [MESSAGE][PASSED] - Text 'VA' is set on object 'Object Repository/VLink/Page_CCSale/txt_CardState'

2023-02-15 22:17:47 - [MESSAGE][PASSED] - Text '22201' is set on object 'Object Repository/VLink/Page_CCSale/txt_CardZIP'

2023-02-15 22:17:48 - [MESSAGE][PASSED] - Text '840' is set on object 'Object Repository/VLink/Page_CCSale/txt_CountryID'

2023-02-15 22:17:49 - [MESSAGE][PASSED] - Text '1.50' is set on object 'Object Repository/VLink/Page_CCSale/txt_Amount'

2023-02-15 22:17:49 - [MESSAGE][PASSED] - Text '4111111111111111' is set on object 'Object Repository/VLink/Page_CCSale/txt_CardNumber'

2023-02-15 22:17:50 - [MESSAGE][PASSED] - Text '12' is set on object 'Object Repository/VLink/Page_CCSale/txt_ExpMonth'

2023-02-15 22:17:51 - [MESSAGE][PASSED] - Text '2025' is set on object 'Object Repository/VLink/Page_CCSale/txt_ExpYear'

2023-02-15 22:17:51 - [MESSAGE][PASSED] - Text '' is set on object 'Object Repository/VLink/Page_CCSale/txt_CVV'

2023-02-15 22:17:52 - [MESSAGE][PASSED] - Text '' is set on object 'Object Repository/VLink/Page_CCSale/txt_CVVstate'

2023-02-15 22:17:53 - [MESSAGE][PASSED] - Text '' is set on object 'Object Repository/VLink/Page_CCSale/txt_TrackData'

2023-02-15 22:17:53 - [MESSAGE][PASSED] - Text '' is set on object 'Object Repository/VLink/Page_CCSale/txt_Track1Data'

2023-02-15 22:17:54 - [MESSAGE][PASSED] - Text '' is set on object 'Object Repository/VLink/Page_CCSale/txt_Track2Data'

2023-02-15 22:17:55 - [MESSAGE][PASSED] - Text 'manual' is set on object 'Object Repository/VLink/Page_CCSale/txt_POSEntryMode'

2023-02-15 22:17:55 - [MESSAGE][PASSED] - Text 'iahmed@govolution.com' is set on object 'Object Repository/VLink/Page_CCSale/txt_Email'

2023-02-15 22:17:56 - [MESSAGE][PASSED] - Text '2569362' is set on object 'Object Repository/VLink/Page_CCSale/txt_OrderNumber'

2023-02-15 22:17:57 - [MESSAGE][PASSED] - Text '1.15' is set on object 'Object Repository/VLink/Page_CCSale/txt_TaxAmount'

2023-02-15 22:17:57 - [MESSAGE][PASSED] - Text 'Charge Description' is set on object 'Object Repository/VLink/Page_CCSale/txt_ChargeDescription'

2023-02-15 22:17:58 - [MESSAGE][PASSED] - Text '147357' is set on object 'Object Repository/VLink/Page_CCSale/txt_CAN'

2023-02-15 22:17:59 - [MESSAGE][PASSED] - Text '1' is set on object 'Object Repository/VLink/Page_CCSale/txt_BillPaymentIndicator'

2023-02-15 22:18:00 - [MESSAGE][PASSED] - Text 'UDF Data 1' is set on object 'Object Repository/VLink/Page_CCSale/txt_UDF1'

2023-02-15 22:18:00 - [MESSAGE][PASSED] - Text 'UDF Data 2' is set on object 'Object Repository/VLink/Page_CCSale/txt_UDF2'

2023-02-15 22:18:01 - [MESSAGE][PASSED] - Text 'UDF Data 3' is set on object 'Object Repository/VLink/Page_CCSale/txt_UDF3'

2023-02-15 22:18:02 - [MESSAGE][PASSED] - Text 'UDF Data 4' is set on object 'Object Repository/VLink/Page_CCSale/txt_UDF4'

2023-02-15 22:18:02 - [MESSAGE][PASSED] - Text 'UDF Data 5' is set on object 'Object Repository/VLink/Page_CCSale/txt_UDF5'

2023-02-15 22:18:03 - [MESSAGE][PASSED] - Text 'UDF Data 6' is set on object 'Object Repository/VLink/Page_CCSale/txt_UDF6'

2023-02-15 22:18:04 - [MESSAGE][PASSED] - Text 'UDF Data 7' is set on object 'Object Repository/VLink/Page_CCSale/txt_UDF7'

2023-02-15 22:18:04 - [MESSAGE][PASSED] - Text 'UDF Data 8' is set on object 'Object Repository/VLink/Page_CCSale/txt_UDF8'

2023-02-15 22:18:05 - [MESSAGE][PASSED] - Text 'UDF Data 9' is set on object 'Object Repository/VLink/Page_CCSale/txt_UDF9'

2023-02-15 22:18:06 - [MESSAGE][PASSED] - Text 'UDF Data 10' is set on object 'Object Repository/VLink/Page_CCSale/txt_UDF10'

2023-02-15 22:18:06 - [MESSAGE][PASSED] - Object: 'Object Repository/VLink/Page_CCSale/btn_ProcessVLinkTransaction' is clicked on

2023-02-15 22:18:11 - [MESSAGE][PASSED] - vlinkPages.saleCCPage.setDataSCC is PASSED

2023-02-15 22:18:11 - [TEST_STEP][PASSED] - if (verifyTextPresent(errorMsg, true)): null

2023-02-15 22:18:12 - [MESSAGE][PASSED] - Text 'Missing parameter: transaction_type' is present on page  using regular expression

2023-02-15 22:18:12 - [TEST_STEP][PASSED] - println("Transaction Approved, no errors text is present on the Confirmation page"): null

2023-02-15 22:18:12 - [TEST_STEP][PASSED] - out.println("Pass Record Number: " + row): null

2023-02-15 22:18:12 - [TEST_STEP][PASSED] - resText = "Pass": null

2023-02-15 22:18:12 - [TEST_STEP][PASSED] - pages.WriteExcel.demoKey(resText, datText, resColumn, datCloumn, fileLoc, nameSheet, row): pages.WriteExcel.demoKey is PASSED

2023-02-15 22:18:12 - [MESSAGE][PASSED] - pages.WriteExcel.demoKey is PASSED

2023-02-15 22:18:12 - [TEST_STEP][PASSED] - sdfo = getText(findTestObject("Object Repository/Page_VLinkReceipt/pre_STX")): Text of object 'Object Repository/Page_VLinkReceipt/pre_STX' is: '<STX>a1R9qJHT34mt                                      2  Transaction failed                                20 Missing parameter: transaction_type                                                        <ETX>'

2023-02-15 22:18:12 - [MESSAGE][PASSED] - Text of object 'Object Repository/Page_VLinkReceipt/pre_STX' is: '<STX>a1R9qJHT34mt                                      2  Transaction failed                                20 Missing parameter: transaction_type                                                        <ETX>'

2023-02-15 22:18:12 - [TEST_STEP][PASSED] - out.println("sdfo: " + sdfo): null

2023-02-15 22:18:12 - [TEST_STEP][PASSED] - remID = substring(5, 35).trim(): null

2023-02-15 22:18:12 - [TEST_STEP][PASSED] - out.println("Remittance ID: " + remID): null

2023-02-15 22:18:12 - [TEST_STEP][PASSED] - traxID = substring(35, 55).trim(): null

2023-02-15 22:18:12 - [TEST_STEP][PASSED] - out.println("Transaction ID: " + traxID): null

2023-02-15 22:18:12 - [TEST_STEP][PASSED] - out.println("End Record Number: " + row): null

2023-02-15 22:18:12 - [TEST_STEP][PASSED] - closeBrowser(): Browser is closed

2023-02-15 22:18:13 - [MESSAGE][PASSED] - Browser is closed

2023-02-15 22:18:13 - [TEST_STEP][PASSED] - ExecuteTC = findTestData(dataFile).getValue("Execute", row): null

2023-02-15 22:18:13 - [TEST_STEP][PASSED] - out.println("Value of Execute is : " + ExecuteTC): null

2023-02-15 22:18:13 - [TEST_STEP][PASSED] - errorMsg = findTestData(dataFile).getValue("ErrorMsg", row): null

2023-02-15 22:18:13 - [TEST_STEP][PASSED] - if (ExecuteTC.equalsIgnoreCase("Y")): Browser is closed

2023-02-15 22:18:13 - [TEST_STEP][PASSED] - out.println("Begin Record Number: " + row): null

2023-02-15 22:18:13 - [TEST_STEP][PASSED] - today = new java.util.Date(): null

2023-02-15 22:18:13 - [TEST_STEP][PASSED] - println(today): null

2023-02-15 22:18:13 - [TEST_STEP][PASSED] - datText = today: null

2023-02-15 22:18:13 - [TEST_STEP][PASSED] - openBrowser(VLinkURL + "authcap.html"): Browser is opened with url: 'https://dev-algorithm.govolution.com/vlinktest/QA/version_2_0/authcap.html'

2023-02-15 22:18:13 - [MESSAGE][INFO] - Starting 'Chrome' driver

2023-02-15 22:18:13 - [MESSAGE][INFO] - User set preference: ['acceptInsecureCerts', 'true']

2023-02-15 22:18:13 - [MESSAGE][INFO] - Action delay is set to 0 milliseconds

2023-02-15 22:18:15 - [MESSAGE][PASSED] - Browser is opened with url: 'https://dev-algorithm.govolution.com/vlinktest/QA/version_2_0/authcap.html'

2023-02-15 22:18:15 - [TEST_STEP][PASSED] - maximizeWindow(): Current window maximized

2023-02-15 22:18:15 - [MESSAGE][PASSED] - Current window maximized

2023-02-15 22:18:15 - [TEST_STEP][PASSED] - vlinkPages.saleCCPage.setDataSCC(row, dataFile): vlinkPages.saleCCPage.setDataSCC is PASSED

2023-02-15 22:18:19 - [MESSAGE][PASSED] - Object 'Object Repository/VLink/Page_CCSale/txt_CardNumber' is present

2023-02-15 22:18:20 - [MESSAGE][PASSED] - Text '104' is set on object 'Object Repository/VLink/Page_CCSale/txt_TransactionType'

2023-02-15 22:18:20 - [MESSAGE][PASSED] - Text '' is set on object 'Object Repository/VLink/Page_CCSale/txt_MessageVersion'

2023-02-15 22:18:21 - [MESSAGE][PASSED] - Text 'BWYjmVM39wcO' is set on object 'Object Repository/VLink/Page_CCSale/txt_RemID'

2023-02-15 22:18:21 - [MESSAGE][PASSED] - Text '234' is set on object 'Object Repository/VLink/Page_CCSale/txt_ApplicationId'

2023-02-15 22:18:22 - [MESSAGE][PASSED] - Text 'username' is set on object 'Object Repository/VLink/Page_CCSale/txt_Username'

2023-02-15 22:18:23 - [MESSAGE][PASSED] - Text 'password' is set on object 'Object Repository/VLink/Page_CCSale/txt_Password'

2023-02-15 22:18:23 - [MESSAGE][PASSED] - Text 'fixed_width' is set on object 'Object Repository/VLink/Page_CCSale/txt_ResponseFormat'

2023-02-15 22:18:24 - [MESSAGE][PASSED] - Text 'ECOM' is set on object 'Object Repository/VLink/Page_CCSale/txt_Category'

2023-02-15 22:18:25 - [MESSAGE][PASSED] - Text '' is set on object 'Object Repository/VLink/Page_CCSale/txt_TransactionID'

2023-02-15 22:18:25 - [MESSAGE][PASSED] - Text '' is set on object 'Object Repository/VLink/Page_CCSale/txt_ApprovalCode'

2023-02-15 22:18:26 - [MESSAGE][PASSED] - Text 'Kris Roshan' is set on object 'Object Repository/VLink/Page_CCSale/txt_CardName'

2023-02-15 22:18:26 - [MESSAGE][PASSED] - Text '258 Elm Road' is set on object 'Object Repository/VLink/Page_CCSale/txt_AL1'

2023-02-15 22:18:27 - [MESSAGE][PASSED] - Text 'Suite 56' is set on object 'Object Repository/VLink/Page_CCSale/txt_AL2'

2023-02-15 22:18:28 - [MESSAGE][PASSED] - Text 'Arlington' is set on object 'Object Repository/VLink/Page_CCSale/txt_CardCity'

2023-02-15 22:18:29 - [MESSAGE][PASSED] - Text 'VA' is set on object 'Object Repository/VLink/Page_CCSale/txt_CardState'

2023-02-15 22:18:29 - [MESSAGE][PASSED] - Text '22201' is set on object 'Object Repository/VLink/Page_CCSale/txt_CardZIP'

2023-02-15 22:18:30 - [MESSAGE][PASSED] - Text '840' is set on object 'Object Repository/VLink/Page_CCSale/txt_CountryID'

2023-02-15 22:18:30 - [MESSAGE][PASSED] - Text '1.50' is set on object 'Object Repository/VLink/Page_CCSale/txt_Amount'

2023-02-15 22:18:31 - [MESSAGE][PASSED] - Text '4111111111111111' is set on object 'Object Repository/VLink/Page_CCSale/txt_CardNumber'

2023-02-15 22:18:32 - [MESSAGE][PASSED] - Text '12' is set on object 'Object Repository/VLink/Page_CCSale/txt_ExpMonth'

2023-02-15 22:18:33 - [MESSAGE][PASSED] - Text '2025' is set on object 'Object Repository/VLink/Page_CCSale/txt_ExpYear'

2023-02-15 22:18:33 - [MESSAGE][PASSED] - Text '' is set on object 'Object Repository/VLink/Page_CCSale/txt_CVV'

2023-02-15 22:18:34 - [MESSAGE][PASSED] - Text '' is set on object 'Object Repository/VLink/Page_CCSale/txt_CVVstate'

2023-02-15 22:18:35 - [MESSAGE][PASSED] - Text '' is set on object 'Object Repository/VLink/Page_CCSale/txt_TrackData'

2023-02-15 22:18:35 - [MESSAGE][PASSED] - Text '' is set on object 'Object Repository/VLink/Page_CCSale/txt_Track1Data'

2023-02-15 22:18:36 - [MESSAGE][PASSED] - Text '' is set on object 'Object Repository/VLink/Page_CCSale/txt_Track2Data'

2023-02-15 22:18:37 - [MESSAGE][PASSED] - Text 'manual' is set on object 'Object Repository/VLink/Page_CCSale/txt_POSEntryMode'

2023-02-15 22:18:37 - [MESSAGE][PASSED] - Text 'iahmed@govolution.com' is set on object 'Object Repository/VLink/Page_CCSale/txt_Email'

2023-02-15 22:18:38 - [MESSAGE][PASSED] - Text '2569362' is set on object 'Object Repository/VLink/Page_CCSale/txt_OrderNumber'

2023-02-15 22:18:39 - [MESSAGE][PASSED] - Text '1.15' is set on object 'Object Repository/VLink/Page_CCSale/txt_TaxAmount'

2023-02-15 22:18:40 - [MESSAGE][PASSED] - Text 'Charge Description' is set on object 'Object Repository/VLink/Page_CCSale/txt_ChargeDescription'

2023-02-15 22:18:40 - [MESSAGE][PASSED] - Text '147357' is set on object 'Object Repository/VLink/Page_CCSale/txt_CAN'

2023-02-15 22:18:41 - [MESSAGE][PASSED] - Text '1' is set on object 'Object Repository/VLink/Page_CCSale/txt_BillPaymentIndicator'

2023-02-15 22:18:42 - [MESSAGE][PASSED] - Text 'UDF Data 1' is set on object 'Object Repository/VLink/Page_CCSale/txt_UDF1'

2023-02-15 22:18:42 - [MESSAGE][PASSED] - Text 'UDF Data 2' is set on object 'Object Repository/VLink/Page_CCSale/txt_UDF2'

2023-02-15 22:18:43 - [MESSAGE][PASSED] - Text 'UDF Data 3' is set on object 'Object Repository/VLink/Page_CCSale/txt_UDF3'

2023-02-15 22:18:44 - [MESSAGE][PASSED] - Text 'UDF Data 4' is set on object 'Object Repository/VLink/Page_CCSale/txt_UDF4'

2023-02-15 22:18:45 - [MESSAGE][PASSED] - Text 'UDF Data 5' is set on object 'Object Repository/VLink/Page_CCSale/txt_UDF5'

2023-02-15 22:18:45 - [MESSAGE][PASSED] - Text 'UDF Data 6' is set on object 'Object Repository/VLink/Page_CCSale/txt_UDF6'

2023-02-15 22:18:46 - [MESSAGE][PASSED] - Text 'UDF Data 7' is set on object 'Object Repository/VLink/Page_CCSale/txt_UDF7'

2023-02-15 22:18:47 - [MESSAGE][PASSED] - Text 'UDF Data 8' is set on object 'Object Repository/VLink/Page_CCSale/txt_UDF8'

2023-02-15 22:18:47 - [MESSAGE][PASSED] - Text 'UDF Data 9' is set on object 'Object Repository/VLink/Page_CCSale/txt_UDF9'

2023-02-15 22:18:48 - [MESSAGE][PASSED] - Text 'UDF Data 10' is set on object 'Object Repository/VLink/Page_CCSale/txt_UDF10'

2023-02-15 22:18:49 - [MESSAGE][PASSED] - Object: 'Object Repository/VLink/Page_CCSale/btn_ProcessVLinkTransaction' is clicked on

2023-02-15 22:18:54 - [MESSAGE][PASSED] - vlinkPages.saleCCPage.setDataSCC is PASSED

2023-02-15 22:18:54 - [TEST_STEP][PASSED] - if (verifyTextPresent(errorMsg, true)): null

2023-02-15 22:18:54 - [MESSAGE][PASSED] - Text 'Missing parameter: message_version' is present on page  using regular expression

2023-02-15 22:18:54 - [TEST_STEP][PASSED] - println("Transaction Approved, no errors text is present on the Confirmation page"): null

2023-02-15 22:18:54 - [TEST_STEP][PASSED] - out.println("Pass Record Number: " + row): null

2023-02-15 22:18:54 - [TEST_STEP][PASSED] - resText = "Pass": null

2023-02-15 22:18:54 - [TEST_STEP][PASSED] - pages.WriteExcel.demoKey(resText, datText, resColumn, datCloumn, fileLoc, nameSheet, row): pages.WriteExcel.demoKey is PASSED

2023-02-15 22:18:54 - [MESSAGE][PASSED] - pages.WriteExcel.demoKey is PASSED

2023-02-15 22:18:54 - [TEST_STEP][PASSED] - sdfo = getText(findTestObject("Object Repository/Page_VLinkReceipt/pre_STX")): Text of object 'Object Repository/Page_VLinkReceipt/pre_STX' is: '<STX>BWYjmVM39wcO                                      2  Transaction failed                                20 Missing parameter: message_version                                                      <ETX>'

2023-02-15 22:18:54 - [MESSAGE][PASSED] - Text of object 'Object Repository/Page_VLinkReceipt/pre_STX' is: '<STX>BWYjmVM39wcO                                      2  Transaction failed                                20 Missing parameter: message_version                                                      <ETX>'

2023-02-15 22:18:54 - [TEST_STEP][PASSED] - out.println("sdfo: " + sdfo): null

2023-02-15 22:18:54 - [TEST_STEP][PASSED] - remID = substring(5, 35).trim(): null

2023-02-15 22:18:54 - [TEST_STEP][PASSED] - out.println("Remittance ID: " + remID): null

2023-02-15 22:18:54 - [TEST_STEP][PASSED] - traxID = substring(35, 55).trim(): null

2023-02-15 22:18:54 - [TEST_STEP][PASSED] - out.println("Transaction ID: " + traxID): null

2023-02-15 22:18:54 - [TEST_STEP][PASSED] - out.println("End Record Number: " + row): null

2023-02-15 22:18:54 - [TEST_STEP][PASSED] - closeBrowser(): Browser is closed

2023-02-15 22:18:55 - [MESSAGE][PASSED] - Browser is closed

2023-02-15 22:18:55 - [TEST_STEP][PASSED] - ExecuteTC = findTestData(dataFile).getValue("Execute", row): null

2023-02-15 22:18:55 - [TEST_STEP][PASSED] - out.println("Value of Execute is : " + ExecuteTC): null

2023-02-15 22:18:55 - [TEST_STEP][PASSED] - errorMsg = findTestData(dataFile).getValue("ErrorMsg", row): null

2023-02-15 22:18:55 - [TEST_STEP][PASSED] - if (ExecuteTC.equalsIgnoreCase("Y")): Browser is closed

2023-02-15 22:18:55 - [TEST_STEP][PASSED] - out.println("Begin Record Number: " + row): null

2023-02-15 22:18:55 - [TEST_STEP][PASSED] - today = new java.util.Date(): null

2023-02-15 22:18:55 - [TEST_STEP][PASSED] - println(today): null

2023-02-15 22:18:55 - [TEST_STEP][PASSED] - datText = today: null

2023-02-15 22:18:55 - [TEST_STEP][PASSED] - openBrowser(VLinkURL + "authcap.html"): Browser is opened with url: 'https://dev-algorithm.govolution.com/vlinktest/QA/version_2_0/authcap.html'

2023-02-15 22:18:55 - [MESSAGE][INFO] - Starting 'Chrome' driver

2023-02-15 22:18:55 - [MESSAGE][INFO] - User set preference: ['acceptInsecureCerts', 'true']

2023-02-15 22:18:55 - [MESSAGE][INFO] - Action delay is set to 0 milliseconds

2023-02-15 22:18:57 - [MESSAGE][PASSED] - Browser is opened with url: 'https://dev-algorithm.govolution.com/vlinktest/QA/version_2_0/authcap.html'

2023-02-15 22:18:57 - [TEST_STEP][PASSED] - maximizeWindow(): Current window maximized

2023-02-15 22:18:57 - [MESSAGE][PASSED] - Current window maximized

2023-02-15 22:18:57 - [TEST_STEP][PASSED] - vlinkPages.saleCCPage.setDataSCC(row, dataFile): vlinkPages.saleCCPage.setDataSCC is PASSED

2023-02-15 22:19:01 - [MESSAGE][PASSED] - Object 'Object Repository/VLink/Page_CCSale/txt_CardNumber' is present

2023-02-15 22:19:02 - [MESSAGE][PASSED] - Text '104' is set on object 'Object Repository/VLink/Page_CCSale/txt_TransactionType'

2023-02-15 22:19:02 - [MESSAGE][PASSED] - Text '' is set on object 'Object Repository/VLink/Page_CCSale/txt_MessageVersion'

2023-02-15 22:19:03 - [MESSAGE][PASSED] - Text 'cRGKOYbC6B4R' is set on object 'Object Repository/VLink/Page_CCSale/txt_RemID'

2023-02-15 22:19:04 - [MESSAGE][PASSED] - Text '234' is set on object 'Object Repository/VLink/Page_CCSale/txt_ApplicationId'

2023-02-15 22:19:04 - [MESSAGE][PASSED] - Text 'username' is set on object 'Object Repository/VLink/Page_CCSale/txt_Username'

2023-02-15 22:19:05 - [MESSAGE][PASSED] - Text 'password' is set on object 'Object Repository/VLink/Page_CCSale/txt_Password'

2023-02-15 22:19:05 - [MESSAGE][PASSED] - Text 'fixed_width' is set on object 'Object Repository/VLink/Page_CCSale/txt_ResponseFormat'

2023-02-15 22:19:06 - [MESSAGE][PASSED] - Text 'MOTO' is set on object 'Object Repository/VLink/Page_CCSale/txt_Category'

2023-02-15 22:19:07 - [MESSAGE][PASSED] - Text '' is set on object 'Object Repository/VLink/Page_CCSale/txt_TransactionID'

2023-02-15 22:19:07 - [MESSAGE][PASSED] - Text '' is set on object 'Object Repository/VLink/Page_CCSale/txt_ApprovalCode'

2023-02-15 22:19:08 - [MESSAGE][PASSED] - Text 'Kris Roshan' is set on object 'Object Repository/VLink/Page_CCSale/txt_CardName'

2023-02-15 22:19:09 - [MESSAGE][PASSED] - Text '258 Elm Road' is set on object 'Object Repository/VLink/Page_CCSale/txt_AL1'

2023-02-15 22:19:10 - [MESSAGE][PASSED] - Text 'Suite 56' is set on object 'Object Repository/VLink/Page_CCSale/txt_AL2'

2023-02-15 22:19:10 - [MESSAGE][PASSED] - Text 'Arlington' is set on object 'Object Repository/VLink/Page_CCSale/txt_CardCity'

2023-02-15 22:19:11 - [MESSAGE][PASSED] - Text 'VA' is set on object 'Object Repository/VLink/Page_CCSale/txt_CardState'

2023-02-15 22:19:12 - [MESSAGE][PASSED] - Text '22201' is set on object 'Object Repository/VLink/Page_CCSale/txt_CardZIP'

2023-02-15 22:19:12 - [MESSAGE][PASSED] - Text '840' is set on object 'Object Repository/VLink/Page_CCSale/txt_CountryID'

2023-02-15 22:19:13 - [MESSAGE][PASSED] - Text '1.50' is set on object 'Object Repository/VLink/Page_CCSale/txt_Amount'

2023-02-15 22:19:13 - [MESSAGE][PASSED] - Text '4111111111111111' is set on object 'Object Repository/VLink/Page_CCSale/txt_CardNumber'

2023-02-15 22:19:14 - [MESSAGE][PASSED] - Text '12' is set on object 'Object Repository/VLink/Page_CCSale/txt_ExpMonth'

2023-02-15 22:19:15 - [MESSAGE][PASSED] - Text '2025' is set on object 'Object Repository/VLink/Page_CCSale/txt_ExpYear'

2023-02-15 22:19:16 - [MESSAGE][PASSED] - Text '' is set on object 'Object Repository/VLink/Page_CCSale/txt_CVV'

2023-02-15 22:19:16 - [MESSAGE][PASSED] - Text '' is set on object 'Object Repository/VLink/Page_CCSale/txt_CVVstate'

2023-02-15 22:19:17 - [MESSAGE][PASSED] - Text '' is set on object 'Object Repository/VLink/Page_CCSale/txt_TrackData'

2023-02-15 22:19:18 - [MESSAGE][PASSED] - Text '' is set on object 'Object Repository/VLink/Page_CCSale/txt_Track1Data'

2023-02-15 22:19:18 - [MESSAGE][PASSED] - Text '' is set on object 'Object Repository/VLink/Page_CCSale/txt_Track2Data'

2023-02-15 22:19:19 - [MESSAGE][PASSED] - Text 'manual' is set on object 'Object Repository/VLink/Page_CCSale/txt_POSEntryMode'

2023-02-15 22:19:20 - [MESSAGE][PASSED] - Text 'iahmed@govolution.com' is set on object 'Object Repository/VLink/Page_CCSale/txt_Email'

2023-02-15 22:19:20 - [MESSAGE][PASSED] - Text '2569362' is set on object 'Object Repository/VLink/Page_CCSale/txt_OrderNumber'

2023-02-15 22:19:21 - [MESSAGE][PASSED] - Text '1.15' is set on object 'Object Repository/VLink/Page_CCSale/txt_TaxAmount'

2023-02-15 22:19:22 - [MESSAGE][PASSED] - Text 'Charge Description' is set on object 'Object Repository/VLink/Page_CCSale/txt_ChargeDescription'

2023-02-15 22:19:22 - [MESSAGE][PASSED] - Text '147357' is set on object 'Object Repository/VLink/Page_CCSale/txt_CAN'

2023-02-15 22:19:23 - [MESSAGE][PASSED] - Text '1' is set on object 'Object Repository/VLink/Page_CCSale/txt_BillPaymentIndicator'

2023-02-15 22:19:24 - [MESSAGE][PASSED] - Text 'UDF Data 1' is set on object 'Object Repository/VLink/Page_CCSale/txt_UDF1'

2023-02-15 22:19:24 - [MESSAGE][PASSED] - Text 'UDF Data 2' is set on object 'Object Repository/VLink/Page_CCSale/txt_UDF2'

2023-02-15 22:19:25 - [MESSAGE][PASSED] - Text 'UDF Data 3' is set on object 'Object Repository/VLink/Page_CCSale/txt_UDF3'

2023-02-15 22:19:26 - [MESSAGE][PASSED] - Text 'UDF Data 4' is set on object 'Object Repository/VLink/Page_CCSale/txt_UDF4'

2023-02-15 22:19:26 - [MESSAGE][PASSED] - Text 'UDF Data 5' is set on object 'Object Repository/VLink/Page_CCSale/txt_UDF5'

2023-02-15 22:19:27 - [MESSAGE][PASSED] - Text 'UDF Data 6' is set on object 'Object Repository/VLink/Page_CCSale/txt_UDF6'

2023-02-15 22:19:28 - [MESSAGE][PASSED] - Text 'UDF Data 7' is set on object 'Object Repository/VLink/Page_CCSale/txt_UDF7'

2023-02-15 22:19:28 - [MESSAGE][PASSED] - Text 'UDF Data 8' is set on object 'Object Repository/VLink/Page_CCSale/txt_UDF8'

2023-02-15 22:19:29 - [MESSAGE][PASSED] - Text 'UDF Data 9' is set on object 'Object Repository/VLink/Page_CCSale/txt_UDF9'

2023-02-15 22:19:30 - [MESSAGE][PASSED] - Text 'UDF Data 10' is set on object 'Object Repository/VLink/Page_CCSale/txt_UDF10'

2023-02-15 22:19:30 - [MESSAGE][PASSED] - Object: 'Object Repository/VLink/Page_CCSale/btn_ProcessVLinkTransaction' is clicked on

2023-02-15 22:19:35 - [MESSAGE][PASSED] - vlinkPages.saleCCPage.setDataSCC is PASSED

2023-02-15 22:19:35 - [TEST_STEP][PASSED] - if (verifyTextPresent(errorMsg, true)): null

2023-02-15 22:19:36 - [MESSAGE][PASSED] - Text 'Missing parameter: message_version' is present on page  using regular expression

2023-02-15 22:19:36 - [TEST_STEP][PASSED] - println("Transaction Approved, no errors text is present on the Confirmation page"): null

2023-02-15 22:19:36 - [TEST_STEP][PASSED] - out.println("Pass Record Number: " + row): null

2023-02-15 22:19:36 - [TEST_STEP][PASSED] - resText = "Pass": null

2023-02-15 22:19:36 - [TEST_STEP][PASSED] - pages.WriteExcel.demoKey(resText, datText, resColumn, datCloumn, fileLoc, nameSheet, row): pages.WriteExcel.demoKey is PASSED

2023-02-15 22:19:36 - [MESSAGE][PASSED] - pages.WriteExcel.demoKey is PASSED

2023-02-15 22:19:36 - [TEST_STEP][PASSED] - sdfo = getText(findTestObject("Object Repository/Page_VLinkReceipt/pre_STX")): Text of object 'Object Repository/Page_VLinkReceipt/pre_STX' is: '<STX>cRGKOYbC6B4R                                      2  Transaction failed                                20 Missing parameter: message_version                                                      <ETX>'

2023-02-15 22:19:36 - [MESSAGE][PASSED] - Text of object 'Object Repository/Page_VLinkReceipt/pre_STX' is: '<STX>cRGKOYbC6B4R                                      2  Transaction failed                                20 Missing parameter: message_version                                                      <ETX>'

2023-02-15 22:19:36 - [TEST_STEP][PASSED] - out.println("sdfo: " + sdfo): null

2023-02-15 22:19:36 - [TEST_STEP][PASSED] - remID = substring(5, 35).trim(): null

2023-02-15 22:19:36 - [TEST_STEP][PASSED] - out.println("Remittance ID: " + remID): null

2023-02-15 22:19:36 - [TEST_STEP][PASSED] - traxID = substring(35, 55).trim(): null

2023-02-15 22:19:36 - [TEST_STEP][PASSED] - out.println("Transaction ID: " + traxID): null

2023-02-15 22:19:36 - [TEST_STEP][PASSED] - out.println("End Record Number: " + row): null

2023-02-15 22:19:36 - [TEST_STEP][PASSED] - closeBrowser(): Browser is closed

2023-02-15 22:19:37 - [MESSAGE][PASSED] - Browser is closed

2023-02-15 22:19:37 - [TEST_STEP][PASSED] - ExecuteTC = findTestData(dataFile).getValue("Execute", row): null

2023-02-15 22:19:37 - [TEST_STEP][PASSED] - out.println("Value of Execute is : " + ExecuteTC): null

2023-02-15 22:19:37 - [TEST_STEP][PASSED] - errorMsg = findTestData(dataFile).getValue("ErrorMsg", row): null

2023-02-15 22:19:37 - [TEST_STEP][PASSED] - if (ExecuteTC.equalsIgnoreCase("Y")): Browser is closed

2023-02-15 22:19:37 - [TEST_STEP][PASSED] - out.println("Begin Record Number: " + row): null

2023-02-15 22:19:37 - [TEST_STEP][PASSED] - today = new java.util.Date(): null

2023-02-15 22:19:37 - [TEST_STEP][PASSED] - println(today): null

2023-02-15 22:19:37 - [TEST_STEP][PASSED] - datText = today: null

2023-02-15 22:19:37 - [TEST_STEP][PASSED] - openBrowser(VLinkURL + "authcap.html"): Browser is opened with url: 'https://dev-algorithm.govolution.com/vlinktest/QA/version_2_0/authcap.html'

2023-02-15 22:19:37 - [MESSAGE][INFO] - Starting 'Chrome' driver

2023-02-15 22:19:37 - [MESSAGE][INFO] - User set preference: ['acceptInsecureCerts', 'true']

2023-02-15 22:19:37 - [MESSAGE][INFO] - Action delay is set to 0 milliseconds

2023-02-15 22:19:39 - [MESSAGE][PASSED] - Browser is opened with url: 'https://dev-algorithm.govolution.com/vlinktest/QA/version_2_0/authcap.html'

2023-02-15 22:19:39 - [TEST_STEP][PASSED] - maximizeWindow(): Current window maximized

2023-02-15 22:19:39 - [MESSAGE][PASSED] - Current window maximized

2023-02-15 22:19:39 - [TEST_STEP][PASSED] - vlinkPages.saleCCPage.setDataSCC(row, dataFile): vlinkPages.saleCCPage.setDataSCC is PASSED

2023-02-15 22:19:43 - [MESSAGE][PASSED] - Object 'Object Repository/VLink/Page_CCSale/txt_CardNumber' is present

2023-02-15 22:19:44 - [MESSAGE][PASSED] - Text '104' is set on object 'Object Repository/VLink/Page_CCSale/txt_TransactionType'

2023-02-15 22:19:44 - [MESSAGE][PASSED] - Text '' is set on object 'Object Repository/VLink/Page_CCSale/txt_MessageVersion'

2023-02-15 22:19:45 - [MESSAGE][PASSED] - Text 'p07ZJGVtFZs6' is set on object 'Object Repository/VLink/Page_CCSale/txt_RemID'

2023-02-15 22:19:46 - [MESSAGE][PASSED] - Text '234' is set on object 'Object Repository/VLink/Page_CCSale/txt_ApplicationId'

2023-02-15 22:19:46 - [MESSAGE][PASSED] - Text 'username' is set on object 'Object Repository/VLink/Page_CCSale/txt_Username'

2023-02-15 22:19:47 - [MESSAGE][PASSED] - Text 'password' is set on object 'Object Repository/VLink/Page_CCSale/txt_Password'

2023-02-15 22:19:48 - [MESSAGE][PASSED] - Text 'fixed_width' is set on object 'Object Repository/VLink/Page_CCSale/txt_ResponseFormat'

2023-02-15 22:19:48 - [MESSAGE][PASSED] - Text 'RETL' is set on object 'Object Repository/VLink/Page_CCSale/txt_Category'

2023-02-15 22:19:49 - [MESSAGE][PASSED] - Text '' is set on object 'Object Repository/VLink/Page_CCSale/txt_TransactionID'

2023-02-15 22:19:49 - [MESSAGE][PASSED] - Text '' is set on object 'Object Repository/VLink/Page_CCSale/txt_ApprovalCode'

2023-02-15 22:19:50 - [MESSAGE][PASSED] - Text 'Kris Roshan' is set on object 'Object Repository/VLink/Page_CCSale/txt_CardName'

2023-02-15 22:19:51 - [MESSAGE][PASSED] - Text '258 Elm Road' is set on object 'Object Repository/VLink/Page_CCSale/txt_AL1'

2023-02-15 22:19:52 - [MESSAGE][PASSED] - Text 'Suite 56' is set on object 'Object Repository/VLink/Page_CCSale/txt_AL2'

2023-02-15 22:19:52 - [MESSAGE][PASSED] - Text 'Arlington' is set on object 'Object Repository/VLink/Page_CCSale/txt_CardCity'

2023-02-15 22:19:53 - [MESSAGE][PASSED] - Text 'VA' is set on object 'Object Repository/VLink/Page_CCSale/txt_CardState'

2023-02-15 22:19:54 - [MESSAGE][PASSED] - Text '22201' is set on object 'Object Repository/VLink/Page_CCSale/txt_CardZIP'

2023-02-15 22:19:54 - [MESSAGE][PASSED] - Text '840' is set on object 'Object Repository/VLink/Page_CCSale/txt_CountryID'

2023-02-15 22:19:55 - [MESSAGE][PASSED] - Text '1.50' is set on object 'Object Repository/VLink/Page_CCSale/txt_Amount'

2023-02-15 22:19:56 - [MESSAGE][PASSED] - Text '4111111111111111' is set on object 'Object Repository/VLink/Page_CCSale/txt_CardNumber'

2023-02-15 22:19:57 - [MESSAGE][PASSED] - Text '12' is set on object 'Object Repository/VLink/Page_CCSale/txt_ExpMonth'

2023-02-15 22:19:57 - [MESSAGE][PASSED] - Text '2025' is set on object 'Object Repository/VLink/Page_CCSale/txt_ExpYear'

2023-02-15 22:19:58 - [MESSAGE][PASSED] - Text '' is set on object 'Object Repository/VLink/Page_CCSale/txt_CVV'

2023-02-15 22:19:59 - [MESSAGE][PASSED] - Text '' is set on object 'Object Repository/VLink/Page_CCSale/txt_CVVstate'

2023-02-15 22:19:59 - [MESSAGE][PASSED] - Text '' is set on object 'Object Repository/VLink/Page_CCSale/txt_TrackData'

2023-02-15 22:20:00 - [MESSAGE][PASSED] - Text '' is set on object 'Object Repository/VLink/Page_CCSale/txt_Track1Data'

2023-02-15 22:20:01 - [MESSAGE][PASSED] - Text '' is set on object 'Object Repository/VLink/Page_CCSale/txt_Track2Data'

2023-02-15 22:20:02 - [MESSAGE][PASSED] - Text 'manual' is set on object 'Object Repository/VLink/Page_CCSale/txt_POSEntryMode'

2023-02-15 22:20:02 - [MESSAGE][PASSED] - Text 'iahmed@govolution.com' is set on object 'Object Repository/VLink/Page_CCSale/txt_Email'

2023-02-15 22:20:03 - [MESSAGE][PASSED] - Text '2569362' is set on object 'Object Repository/VLink/Page_CCSale/txt_OrderNumber'

2023-02-15 22:20:04 - [MESSAGE][PASSED] - Text '1.15' is set on object 'Object Repository/VLink/Page_CCSale/txt_TaxAmount'

2023-02-15 22:20:04 - [MESSAGE][PASSED] - Text 'Charge Description' is set on object 'Object Repository/VLink/Page_CCSale/txt_ChargeDescription'

2023-02-15 22:20:05 - [MESSAGE][PASSED] - Text '147357' is set on object 'Object Repository/VLink/Page_CCSale/txt_CAN'

2023-02-15 22:20:06 - [MESSAGE][PASSED] - Text '1' is set on object 'Object Repository/VLink/Page_CCSale/txt_BillPaymentIndicator'

2023-02-15 22:20:06 - [MESSAGE][PASSED] - Text 'UDF Data 1' is set on object 'Object Repository/VLink/Page_CCSale/txt_UDF1'

2023-02-15 22:20:07 - [MESSAGE][PASSED] - Text 'UDF Data 2' is set on object 'Object Repository/VLink/Page_CCSale/txt_UDF2'

2023-02-15 22:20:08 - [MESSAGE][PASSED] - Text 'UDF Data 3' is set on object 'Object Repository/VLink/Page_CCSale/txt_UDF3'

2023-02-15 22:20:09 - [MESSAGE][PASSED] - Text 'UDF Data 4' is set on object 'Object Repository/VLink/Page_CCSale/txt_UDF4'

2023-02-15 22:20:09 - [MESSAGE][PASSED] - Text 'UDF Data 5' is set on object 'Object Repository/VLink/Page_CCSale/txt_UDF5'

2023-02-15 22:20:10 - [MESSAGE][PASSED] - Text 'UDF Data 6' is set on object 'Object Repository/VLink/Page_CCSale/txt_UDF6'

2023-02-15 22:20:11 - [MESSAGE][PASSED] - Text 'UDF Data 7' is set on object 'Object Repository/VLink/Page_CCSale/txt_UDF7'

2023-02-15 22:20:11 - [MESSAGE][PASSED] - Text 'UDF Data 8' is set on object 'Object Repository/VLink/Page_CCSale/txt_UDF8'

2023-02-15 22:20:12 - [MESSAGE][PASSED] - Text 'UDF Data 9' is set on object 'Object Repository/VLink/Page_CCSale/txt_UDF9'

2023-02-15 22:20:13 - [MESSAGE][PASSED] - Text 'UDF Data 10' is set on object 'Object Repository/VLink/Page_CCSale/txt_UDF10'

2023-02-15 22:20:14 - [MESSAGE][PASSED] - Object: 'Object Repository/VLink/Page_CCSale/btn_ProcessVLinkTransaction' is clicked on

2023-02-15 22:20:19 - [MESSAGE][PASSED] - vlinkPages.saleCCPage.setDataSCC is PASSED

2023-02-15 22:20:19 - [TEST_STEP][PASSED] - if (verifyTextPresent(errorMsg, true)): null

2023-02-15 22:20:19 - [MESSAGE][PASSED] - Text 'Missing parameter: message_version' is present on page  using regular expression

2023-02-15 22:20:19 - [TEST_STEP][PASSED] - println("Transaction Approved, no errors text is present on the Confirmation page"): null

2023-02-15 22:20:19 - [TEST_STEP][PASSED] - out.println("Pass Record Number: " + row): null

2023-02-15 22:20:19 - [TEST_STEP][PASSED] - resText = "Pass": null

2023-02-15 22:20:19 - [TEST_STEP][PASSED] - pages.WriteExcel.demoKey(resText, datText, resColumn, datCloumn, fileLoc, nameSheet, row): pages.WriteExcel.demoKey is PASSED

2023-02-15 22:20:19 - [MESSAGE][PASSED] - pages.WriteExcel.demoKey is PASSED

2023-02-15 22:20:19 - [TEST_STEP][PASSED] - sdfo = getText(findTestObject("Object Repository/Page_VLinkReceipt/pre_STX")): Text of object 'Object Repository/Page_VLinkReceipt/pre_STX' is: '<STX>p07ZJGVtFZs6                                      2  Transaction failed                                20 Missing parameter: message_version                                                      <ETX>'

2023-02-15 22:20:19 - [MESSAGE][PASSED] - Text of object 'Object Repository/Page_VLinkReceipt/pre_STX' is: '<STX>p07ZJGVtFZs6                                      2  Transaction failed                                20 Missing parameter: message_version                                                      <ETX>'

2023-02-15 22:20:19 - [TEST_STEP][PASSED] - out.println("sdfo: " + sdfo): null

2023-02-15 22:20:19 - [TEST_STEP][PASSED] - remID = substring(5, 35).trim(): null

2023-02-15 22:20:19 - [TEST_STEP][PASSED] - out.println("Remittance ID: " + remID): null

2023-02-15 22:20:19 - [TEST_STEP][PASSED] - traxID = substring(35, 55).trim(): null

2023-02-15 22:20:19 - [TEST_STEP][PASSED] - out.println("Transaction ID: " + traxID): null

2023-02-15 22:20:19 - [TEST_STEP][PASSED] - out.println("End Record Number: " + row): null

2023-02-15 22:20:19 - [TEST_STEP][PASSED] - closeBrowser(): Browser is closed

2023-02-15 22:20:20 - [MESSAGE][PASSED] - Browser is closed

2023-02-15 22:20:20 - [TEST_STEP][PASSED] - ExecuteTC = findTestData(dataFile).getValue("Execute", row): null

2023-02-15 22:20:20 - [TEST_STEP][PASSED] - out.println("Value of Execute is : " + ExecuteTC): null

2023-02-15 22:20:20 - [TEST_STEP][PASSED] - errorMsg = findTestData(dataFile).getValue("ErrorMsg", row): null

2023-02-15 22:20:20 - [TEST_STEP][PASSED] - if (ExecuteTC.equalsIgnoreCase("Y")): Browser is closed

2023-02-15 22:20:20 - [TEST_STEP][PASSED] - out.println("Begin Record Number: " + row): null

2023-02-15 22:20:20 - [TEST_STEP][PASSED] - today = new java.util.Date(): null

2023-02-15 22:20:20 - [TEST_STEP][PASSED] - println(today): null

2023-02-15 22:20:20 - [TEST_STEP][PASSED] - datText = today: null

2023-02-15 22:20:20 - [TEST_STEP][PASSED] - openBrowser(VLinkURL + "authcap.html"): Browser is opened with url: 'https://dev-algorithm.govolution.com/vlinktest/QA/version_2_0/authcap.html'

2023-02-15 22:20:20 - [MESSAGE][INFO] - Starting 'Chrome' driver

2023-02-15 22:20:20 - [MESSAGE][INFO] - User set preference: ['acceptInsecureCerts', 'true']

2023-02-15 22:20:20 - [MESSAGE][INFO] - Action delay is set to 0 milliseconds

2023-02-15 22:20:22 - [MESSAGE][PASSED] - Browser is opened with url: 'https://dev-algorithm.govolution.com/vlinktest/QA/version_2_0/authcap.html'

2023-02-15 22:20:22 - [TEST_STEP][PASSED] - maximizeWindow(): Current window maximized

2023-02-15 22:20:22 - [MESSAGE][PASSED] - Current window maximized

2023-02-15 22:20:22 - [TEST_STEP][PASSED] - vlinkPages.saleCCPage.setDataSCC(row, dataFile): vlinkPages.saleCCPage.setDataSCC is PASSED

2023-02-15 22:20:26 - [MESSAGE][PASSED] - Object 'Object Repository/VLink/Page_CCSale/txt_CardNumber' is present

2023-02-15 22:20:27 - [MESSAGE][PASSED] - Text '104' is set on object 'Object Repository/VLink/Page_CCSale/txt_TransactionType'

2023-02-15 22:20:28 - [MESSAGE][PASSED] - Text '2.0C' is set on object 'Object Repository/VLink/Page_CCSale/txt_MessageVersion'

2023-02-15 22:20:28 - [MESSAGE][PASSED] - Text 'yQ4FWsFPg4l0' is set on object 'Object Repository/VLink/Page_CCSale/txt_RemID'

2023-02-15 22:20:29 - [MESSAGE][PASSED] - Text '' is set on object 'Object Repository/VLink/Page_CCSale/txt_ApplicationId'

2023-02-15 22:20:29 - [MESSAGE][PASSED] - Text 'username' is set on object 'Object Repository/VLink/Page_CCSale/txt_Username'

2023-02-15 22:20:30 - [MESSAGE][PASSED] - Text 'password' is set on object 'Object Repository/VLink/Page_CCSale/txt_Password'

2023-02-15 22:20:31 - [MESSAGE][PASSED] - Text 'fixed_width' is set on object 'Object Repository/VLink/Page_CCSale/txt_ResponseFormat'

2023-02-15 22:20:31 - [MESSAGE][PASSED] - Text 'ECOM' is set on object 'Object Repository/VLink/Page_CCSale/txt_Category'

2023-02-15 22:20:32 - [MESSAGE][PASSED] - Text '' is set on object 'Object Repository/VLink/Page_CCSale/txt_TransactionID'

2023-02-15 22:20:33 - [MESSAGE][PASSED] - Text '' is set on object 'Object Repository/VLink/Page_CCSale/txt_ApprovalCode'

2023-02-15 22:20:33 - [MESSAGE][PASSED] - Text 'Kris Roshan' is set on object 'Object Repository/VLink/Page_CCSale/txt_CardName'

2023-02-15 22:20:34 - [MESSAGE][PASSED] - Text '258 Elm Road' is set on object 'Object Repository/VLink/Page_CCSale/txt_AL1'

2023-02-15 22:20:35 - [MESSAGE][PASSED] - Text 'Suite 56' is set on object 'Object Repository/VLink/Page_CCSale/txt_AL2'

2023-02-15 22:20:36 - [MESSAGE][PASSED] - Text 'Arlington' is set on object 'Object Repository/VLink/Page_CCSale/txt_CardCity'

2023-02-15 22:20:36 - [MESSAGE][PASSED] - Text 'VA' is set on object 'Object Repository/VLink/Page_CCSale/txt_CardState'

2023-02-15 22:20:37 - [MESSAGE][PASSED] - Text '22201' is set on object 'Object Repository/VLink/Page_CCSale/txt_CardZIP'

2023-02-15 22:20:38 - [MESSAGE][PASSED] - Text '840' is set on object 'Object Repository/VLink/Page_CCSale/txt_CountryID'

2023-02-15 22:20:38 - [MESSAGE][PASSED] - Text '1.50' is set on object 'Object Repository/VLink/Page_CCSale/txt_Amount'

2023-02-15 22:20:39 - [MESSAGE][PASSED] - Text '4111111111111111' is set on object 'Object Repository/VLink/Page_CCSale/txt_CardNumber'

2023-02-15 22:20:40 - [MESSAGE][PASSED] - Text '12' is set on object 'Object Repository/VLink/Page_CCSale/txt_ExpMonth'

2023-02-15 22:20:40 - [MESSAGE][PASSED] - Text '2025' is set on object 'Object Repository/VLink/Page_CCSale/txt_ExpYear'

2023-02-15 22:20:41 - [MESSAGE][PASSED] - Text '' is set on object 'Object Repository/VLink/Page_CCSale/txt_CVV'

2023-02-15 22:20:42 - [MESSAGE][PASSED] - Text '' is set on object 'Object Repository/VLink/Page_CCSale/txt_CVVstate'

2023-02-15 22:20:42 - [MESSAGE][PASSED] - Text '' is set on object 'Object Repository/VLink/Page_CCSale/txt_TrackData'

2023-02-15 22:20:43 - [MESSAGE][PASSED] - Text '' is set on object 'Object Repository/VLink/Page_CCSale/txt_Track1Data'

2023-02-15 22:20:44 - [MESSAGE][PASSED] - Text '' is set on object 'Object Repository/VLink/Page_CCSale/txt_Track2Data'

2023-02-15 22:20:45 - [MESSAGE][PASSED] - Text 'manual' is set on object 'Object Repository/VLink/Page_CCSale/txt_POSEntryMode'

2023-02-15 22:20:45 - [MESSAGE][PASSED] - Text 'iahmed@govolution.com' is set on object 'Object Repository/VLink/Page_CCSale/txt_Email'

2023-02-15 22:20:46 - [MESSAGE][PASSED] - Text '2569362' is set on object 'Object Repository/VLink/Page_CCSale/txt_OrderNumber'

2023-02-15 22:20:47 - [MESSAGE][PASSED] - Text '1.15' is set on object 'Object Repository/VLink/Page_CCSale/txt_TaxAmount'

2023-02-15 22:20:47 - [MESSAGE][PASSED] - Text 'Charge Description' is set on object 'Object Repository/VLink/Page_CCSale/txt_ChargeDescription'

2023-02-15 22:20:48 - [MESSAGE][PASSED] - Text '147357' is set on object 'Object Repository/VLink/Page_CCSale/txt_CAN'

2023-02-15 22:20:49 - [MESSAGE][PASSED] - Text '1' is set on object 'Object Repository/VLink/Page_CCSale/txt_BillPaymentIndicator'

2023-02-15 22:20:49 - [MESSAGE][PASSED] - Text 'UDF Data 1' is set on object 'Object Repository/VLink/Page_CCSale/txt_UDF1'

2023-02-15 22:20:50 - [MESSAGE][PASSED] - Text 'UDF Data 2' is set on object 'Object Repository/VLink/Page_CCSale/txt_UDF2'

2023-02-15 22:20:51 - [MESSAGE][PASSED] - Text 'UDF Data 3' is set on object 'Object Repository/VLink/Page_CCSale/txt_UDF3'

2023-02-15 22:20:52 - [MESSAGE][PASSED] - Text 'UDF Data 4' is set on object 'Object Repository/VLink/Page_CCSale/txt_UDF4'

2023-02-15 22:20:52 - [MESSAGE][PASSED] - Text 'UDF Data 5' is set on object 'Object Repository/VLink/Page_CCSale/txt_UDF5'

2023-02-15 22:20:53 - [MESSAGE][PASSED] - Text 'UDF Data 6' is set on object 'Object Repository/VLink/Page_CCSale/txt_UDF6'

2023-02-15 22:20:54 - [MESSAGE][PASSED] - Text 'UDF Data 7' is set on object 'Object Repository/VLink/Page_CCSale/txt_UDF7'

2023-02-15 22:20:54 - [MESSAGE][PASSED] - Text 'UDF Data 8' is set on object 'Object Repository/VLink/Page_CCSale/txt_UDF8'

2023-02-15 22:20:55 - [MESSAGE][PASSED] - Text 'UDF Data 9' is set on object 'Object Repository/VLink/Page_CCSale/txt_UDF9'

2023-02-15 22:20:56 - [MESSAGE][PASSED] - Text 'UDF Data 10' is set on object 'Object Repository/VLink/Page_CCSale/txt_UDF10'

2023-02-15 22:20:57 - [MESSAGE][PASSED] - Object: 'Object Repository/VLink/Page_CCSale/btn_ProcessVLinkTransaction' is clicked on

2023-02-15 22:21:02 - [MESSAGE][PASSED] - vlinkPages.saleCCPage.setDataSCC is PASSED

2023-02-15 22:21:02 - [TEST_STEP][PASSED] - if (verifyTextPresent(errorMsg, true)): null

2023-02-15 22:21:02 - [MESSAGE][PASSED] - Text 'Missing parameter: application_id' is present on page  using regular expression

2023-02-15 22:21:02 - [TEST_STEP][PASSED] - println("Transaction Approved, no errors text is present on the Confirmation page"): null

2023-02-15 22:21:02 - [TEST_STEP][PASSED] - out.println("Pass Record Number: " + row): null

2023-02-15 22:21:02 - [TEST_STEP][PASSED] - resText = "Pass": null

2023-02-15 22:21:02 - [TEST_STEP][PASSED] - pages.WriteExcel.demoKey(resText, datText, resColumn, datCloumn, fileLoc, nameSheet, row): pages.WriteExcel.demoKey is PASSED

2023-02-15 22:21:02 - [MESSAGE][PASSED] - pages.WriteExcel.demoKey is PASSED

2023-02-15 22:21:02 - [TEST_STEP][PASSED] - sdfo = getText(findTestObject("Object Repository/Page_VLinkReceipt/pre_STX")): Text of object 'Object Repository/Page_VLinkReceipt/pre_STX' is: '<STX>yQ4FWsFPg4l0                                      2  Transaction failed                                20 Missing parameter: application_id                                                       <ETX>'

2023-02-15 22:21:02 - [MESSAGE][PASSED] - Text of object 'Object Repository/Page_VLinkReceipt/pre_STX' is: '<STX>yQ4FWsFPg4l0                                      2  Transaction failed                                20 Missing parameter: application_id                                                       <ETX>'

2023-02-15 22:21:02 - [TEST_STEP][PASSED] - out.println("sdfo: " + sdfo): null

2023-02-15 22:21:02 - [TEST_STEP][PASSED] - remID = substring(5, 35).trim(): null

2023-02-15 22:21:02 - [TEST_STEP][PASSED] - out.println("Remittance ID: " + remID): null

2023-02-15 22:21:02 - [TEST_STEP][PASSED] - traxID = substring(35, 55).trim(): null

2023-02-15 22:21:02 - [TEST_STEP][PASSED] - out.println("Transaction ID: " + traxID): null

2023-02-15 22:21:02 - [TEST_STEP][PASSED] - out.println("End Record Number: " + row): null

2023-02-15 22:21:02 - [TEST_STEP][PASSED] - closeBrowser(): Browser is closed

2023-02-15 22:21:03 - [MESSAGE][PASSED] - Browser is closed

2023-02-15 22:21:03 - [TEST_STEP][PASSED] - ExecuteTC = findTestData(dataFile).getValue("Execute", row): null

2023-02-15 22:21:03 - [TEST_STEP][PASSED] - out.println("Value of Execute is : " + ExecuteTC): null

2023-02-15 22:21:03 - [TEST_STEP][PASSED] - errorMsg = findTestData(dataFile).getValue("ErrorMsg", row): null

2023-02-15 22:21:03 - [TEST_STEP][PASSED] - if (ExecuteTC.equalsIgnoreCase("Y")): Browser is closed

2023-02-15 22:21:03 - [TEST_STEP][PASSED] - out.println("Begin Record Number: " + row): null

2023-02-15 22:21:03 - [TEST_STEP][PASSED] - today = new java.util.Date(): null

2023-02-15 22:21:03 - [TEST_STEP][PASSED] - println(today): null

2023-02-15 22:21:03 - [TEST_STEP][PASSED] - datText = today: null

2023-02-15 22:21:03 - [TEST_STEP][PASSED] - openBrowser(VLinkURL + "authcap.html"): Browser is opened with url: 'https://dev-algorithm.govolution.com/vlinktest/QA/version_2_0/authcap.html'

2023-02-15 22:21:03 - [MESSAGE][INFO] - Starting 'Chrome' driver

2023-02-15 22:21:03 - [MESSAGE][INFO] - User set preference: ['acceptInsecureCerts', 'true']

2023-02-15 22:21:03 - [MESSAGE][INFO] - Action delay is set to 0 milliseconds

2023-02-15 22:21:05 - [MESSAGE][PASSED] - Browser is opened with url: 'https://dev-algorithm.govolution.com/vlinktest/QA/version_2_0/authcap.html'

2023-02-15 22:21:05 - [TEST_STEP][PASSED] - maximizeWindow(): Current window maximized

2023-02-15 22:21:05 - [MESSAGE][PASSED] - Current window maximized

2023-02-15 22:21:05 - [TEST_STEP][PASSED] - vlinkPages.saleCCPage.setDataSCC(row, dataFile): vlinkPages.saleCCPage.setDataSCC is PASSED

2023-02-15 22:21:09 - [MESSAGE][PASSED] - Object 'Object Repository/VLink/Page_CCSale/txt_CardNumber' is present

2023-02-15 22:21:10 - [MESSAGE][PASSED] - Text '104' is set on object 'Object Repository/VLink/Page_CCSale/txt_TransactionType'

2023-02-15 22:21:10 - [MESSAGE][PASSED] - Text '2.0C' is set on object 'Object Repository/VLink/Page_CCSale/txt_MessageVersion'

2023-02-15 22:21:11 - [MESSAGE][PASSED] - Text '9gFEGIxBJjCp' is set on object 'Object Repository/VLink/Page_CCSale/txt_RemID'

2023-02-15 22:21:12 - [MESSAGE][PASSED] - Text '' is set on object 'Object Repository/VLink/Page_CCSale/txt_ApplicationId'

2023-02-15 22:21:12 - [MESSAGE][PASSED] - Text 'username' is set on object 'Object Repository/VLink/Page_CCSale/txt_Username'

2023-02-15 22:21:13 - [MESSAGE][PASSED] - Text 'password' is set on object 'Object Repository/VLink/Page_CCSale/txt_Password'

2023-02-15 22:21:14 - [MESSAGE][PASSED] - Text 'fixed_width' is set on object 'Object Repository/VLink/Page_CCSale/txt_ResponseFormat'

2023-02-15 22:21:14 - [MESSAGE][PASSED] - Text 'MOTO' is set on object 'Object Repository/VLink/Page_CCSale/txt_Category'

2023-02-15 22:21:15 - [MESSAGE][PASSED] - Text '' is set on object 'Object Repository/VLink/Page_CCSale/txt_TransactionID'

2023-02-15 22:21:16 - [MESSAGE][PASSED] - Text '' is set on object 'Object Repository/VLink/Page_CCSale/txt_ApprovalCode'

2023-02-15 22:21:16 - [MESSAGE][PASSED] - Text 'Kris Roshan' is set on object 'Object Repository/VLink/Page_CCSale/txt_CardName'

2023-02-15 22:21:17 - [MESSAGE][PASSED] - Text '258 Elm Road' is set on object 'Object Repository/VLink/Page_CCSale/txt_AL1'

2023-02-15 22:21:18 - [MESSAGE][PASSED] - Text 'Suite 56' is set on object 'Object Repository/VLink/Page_CCSale/txt_AL2'

2023-02-15 22:21:18 - [MESSAGE][PASSED] - Text 'Arlington' is set on object 'Object Repository/VLink/Page_CCSale/txt_CardCity'

2023-02-15 22:21:19 - [MESSAGE][PASSED] - Text 'VA' is set on object 'Object Repository/VLink/Page_CCSale/txt_CardState'

2023-02-15 22:21:20 - [MESSAGE][PASSED] - Text '22201' is set on object 'Object Repository/VLink/Page_CCSale/txt_CardZIP'

2023-02-15 22:21:20 - [MESSAGE][PASSED] - Text '840' is set on object 'Object Repository/VLink/Page_CCSale/txt_CountryID'

2023-02-15 22:21:21 - [MESSAGE][PASSED] - Text '1.50' is set on object 'Object Repository/VLink/Page_CCSale/txt_Amount'

2023-02-15 22:21:22 - [MESSAGE][PASSED] - Text '4111111111111111' is set on object 'Object Repository/VLink/Page_CCSale/txt_CardNumber'

2023-02-15 22:21:22 - [MESSAGE][PASSED] - Text '12' is set on object 'Object Repository/VLink/Page_CCSale/txt_ExpMonth'

2023-02-15 22:21:23 - [MESSAGE][PASSED] - Text '2025' is set on object 'Object Repository/VLink/Page_CCSale/txt_ExpYear'

2023-02-15 22:21:24 - [MESSAGE][PASSED] - Text '' is set on object 'Object Repository/VLink/Page_CCSale/txt_CVV'

2023-02-15 22:21:24 - [MESSAGE][PASSED] - Text '' is set on object 'Object Repository/VLink/Page_CCSale/txt_CVVstate'

2023-02-15 22:21:25 - [MESSAGE][PASSED] - Text '' is set on object 'Object Repository/VLink/Page_CCSale/txt_TrackData'

2023-02-15 22:21:26 - [MESSAGE][PASSED] - Text '' is set on object 'Object Repository/VLink/Page_CCSale/txt_Track1Data'

2023-02-15 22:21:26 - [MESSAGE][PASSED] - Text '' is set on object 'Object Repository/VLink/Page_CCSale/txt_Track2Data'

2023-02-15 22:21:27 - [MESSAGE][PASSED] - Text 'manual' is set on object 'Object Repository/VLink/Page_CCSale/txt_POSEntryMode'

2023-02-15 22:21:28 - [MESSAGE][PASSED] - Text 'iahmed@govolution.com' is set on object 'Object Repository/VLink/Page_CCSale/txt_Email'

2023-02-15 22:21:28 - [MESSAGE][PASSED] - Text '2569362' is set on object 'Object Repository/VLink/Page_CCSale/txt_OrderNumber'

2023-02-15 22:21:29 - [MESSAGE][PASSED] - Text '1.15' is set on object 'Object Repository/VLink/Page_CCSale/txt_TaxAmount'

2023-02-15 22:21:30 - [MESSAGE][PASSED] - Text 'Charge Description' is set on object 'Object Repository/VLink/Page_CCSale/txt_ChargeDescription'

2023-02-15 22:21:31 - [MESSAGE][PASSED] - Text '147357' is set on object 'Object Repository/VLink/Page_CCSale/txt_CAN'

2023-02-15 22:21:31 - [MESSAGE][PASSED] - Text '1' is set on object 'Object Repository/VLink/Page_CCSale/txt_BillPaymentIndicator'

2023-02-15 22:21:32 - [MESSAGE][PASSED] - Text 'UDF Data 1' is set on object 'Object Repository/VLink/Page_CCSale/txt_UDF1'

2023-02-15 22:21:33 - [MESSAGE][PASSED] - Text 'UDF Data 2' is set on object 'Object Repository/VLink/Page_CCSale/txt_UDF2'

2023-02-15 22:21:33 - [MESSAGE][PASSED] - Text 'UDF Data 3' is set on object 'Object Repository/VLink/Page_CCSale/txt_UDF3'

2023-02-15 22:21:34 - [MESSAGE][PASSED] - Text 'UDF Data 4' is set on object 'Object Repository/VLink/Page_CCSale/txt_UDF4'

2023-02-15 22:21:35 - [MESSAGE][PASSED] - Text 'UDF Data 5' is set on object 'Object Repository/VLink/Page_CCSale/txt_UDF5'

2023-02-15 22:21:35 - [MESSAGE][PASSED] - Text 'UDF Data 6' is set on object 'Object Repository/VLink/Page_CCSale/txt_UDF6'

2023-02-15 22:21:36 - [MESSAGE][PASSED] - Text 'UDF Data 7' is set on object 'Object Repository/VLink/Page_CCSale/txt_UDF7'

2023-02-15 22:21:37 - [MESSAGE][PASSED] - Text 'UDF Data 8' is set on object 'Object Repository/VLink/Page_CCSale/txt_UDF8'

2023-02-15 22:21:37 - [MESSAGE][PASSED] - Text 'UDF Data 9' is set on object 'Object Repository/VLink/Page_CCSale/txt_UDF9'

2023-02-15 22:21:38 - [MESSAGE][PASSED] - Text 'UDF Data 10' is set on object 'Object Repository/VLink/Page_CCSale/txt_UDF10'

2023-02-15 22:21:39 - [MESSAGE][PASSED] - Object: 'Object Repository/VLink/Page_CCSale/btn_ProcessVLinkTransaction' is clicked on

2023-02-15 22:21:44 - [MESSAGE][PASSED] - vlinkPages.saleCCPage.setDataSCC is PASSED

2023-02-15 22:21:44 - [TEST_STEP][PASSED] - if (verifyTextPresent(errorMsg, true)): null

2023-02-15 22:21:44 - [MESSAGE][PASSED] - Text 'Missing parameter: application_id' is present on page  using regular expression

2023-02-15 22:21:44 - [TEST_STEP][PASSED] - println("Transaction Approved, no errors text is present on the Confirmation page"): null

2023-02-15 22:21:44 - [TEST_STEP][PASSED] - out.println("Pass Record Number: " + row): null

2023-02-15 22:21:44 - [TEST_STEP][PASSED] - resText = "Pass": null

2023-02-15 22:21:44 - [TEST_STEP][PASSED] - pages.WriteExcel.demoKey(resText, datText, resColumn, datCloumn, fileLoc, nameSheet, row): pages.WriteExcel.demoKey is PASSED

2023-02-15 22:21:44 - [MESSAGE][PASSED] - pages.WriteExcel.demoKey is PASSED

2023-02-15 22:21:44 - [TEST_STEP][PASSED] - sdfo = getText(findTestObject("Object Repository/Page_VLinkReceipt/pre_STX")): Text of object 'Object Repository/Page_VLinkReceipt/pre_STX' is: '<STX>9gFEGIxBJjCp                                      2  Transaction failed                                20 Missing parameter: application_id                                                       <ETX>'

2023-02-15 22:21:44 - [MESSAGE][PASSED] - Text of object 'Object Repository/Page_VLinkReceipt/pre_STX' is: '<STX>9gFEGIxBJjCp                                      2  Transaction failed                                20 Missing parameter: application_id                                                       <ETX>'

2023-02-15 22:21:44 - [TEST_STEP][PASSED] - out.println("sdfo: " + sdfo): null

2023-02-15 22:21:44 - [TEST_STEP][PASSED] - remID = substring(5, 35).trim(): null

2023-02-15 22:21:44 - [TEST_STEP][PASSED] - out.println("Remittance ID: " + remID): null

2023-02-15 22:21:44 - [TEST_STEP][PASSED] - traxID = substring(35, 55).trim(): null

2023-02-15 22:21:44 - [TEST_STEP][PASSED] - out.println("Transaction ID: " + traxID): null

2023-02-15 22:21:44 - [TEST_STEP][PASSED] - out.println("End Record Number: " + row): null

2023-02-15 22:21:44 - [TEST_STEP][PASSED] - closeBrowser(): Browser is closed

2023-02-15 22:21:45 - [MESSAGE][PASSED] - Browser is closed

2023-02-15 22:21:45 - [TEST_STEP][PASSED] - ExecuteTC = findTestData(dataFile).getValue("Execute", row): null

2023-02-15 22:21:45 - [TEST_STEP][PASSED] - out.println("Value of Execute is : " + ExecuteTC): null

2023-02-15 22:21:45 - [TEST_STEP][PASSED] - errorMsg = findTestData(dataFile).getValue("ErrorMsg", row): null

2023-02-15 22:21:46 - [TEST_STEP][PASSED] - if (ExecuteTC.equalsIgnoreCase("Y")): Browser is closed

2023-02-15 22:21:46 - [TEST_STEP][PASSED] - out.println("Begin Record Number: " + row): null

2023-02-15 22:21:46 - [TEST_STEP][PASSED] - today = new java.util.Date(): null

2023-02-15 22:21:46 - [TEST_STEP][PASSED] - println(today): null

2023-02-15 22:21:46 - [TEST_STEP][PASSED] - datText = today: null

2023-02-15 22:21:46 - [TEST_STEP][PASSED] - openBrowser(VLinkURL + "authcap.html"): Browser is opened with url: 'https://dev-algorithm.govolution.com/vlinktest/QA/version_2_0/authcap.html'

2023-02-15 22:21:46 - [MESSAGE][INFO] - Starting 'Chrome' driver

2023-02-15 22:21:46 - [MESSAGE][INFO] - User set preference: ['acceptInsecureCerts', 'true']

2023-02-15 22:21:46 - [MESSAGE][INFO] - Action delay is set to 0 milliseconds

2023-02-15 22:21:47 - [MESSAGE][PASSED] - Browser is opened with url: 'https://dev-algorithm.govolution.com/vlinktest/QA/version_2_0/authcap.html'

2023-02-15 22:21:47 - [TEST_STEP][PASSED] - maximizeWindow(): Current window maximized

2023-02-15 22:21:48 - [MESSAGE][PASSED] - Current window maximized

2023-02-15 22:21:48 - [TEST_STEP][PASSED] - vlinkPages.saleCCPage.setDataSCC(row, dataFile): vlinkPages.saleCCPage.setDataSCC is PASSED

2023-02-15 22:21:51 - [MESSAGE][PASSED] - Object 'Object Repository/VLink/Page_CCSale/txt_CardNumber' is present

2023-02-15 22:21:52 - [MESSAGE][PASSED] - Text '104' is set on object 'Object Repository/VLink/Page_CCSale/txt_TransactionType'

2023-02-15 22:21:53 - [MESSAGE][PASSED] - Text '2.0C' is set on object 'Object Repository/VLink/Page_CCSale/txt_MessageVersion'

2023-02-15 22:21:53 - [MESSAGE][PASSED] - Text '7IrZrS78qdtG' is set on object 'Object Repository/VLink/Page_CCSale/txt_RemID'

2023-02-15 22:21:54 - [MESSAGE][PASSED] - Text '' is set on object 'Object Repository/VLink/Page_CCSale/txt_ApplicationId'

2023-02-15 22:21:55 - [MESSAGE][PASSED] - Text 'username' is set on object 'Object Repository/VLink/Page_CCSale/txt_Username'

2023-02-15 22:21:55 - [MESSAGE][PASSED] - Text 'password' is set on object 'Object Repository/VLink/Page_CCSale/txt_Password'

2023-02-15 22:21:56 - [MESSAGE][PASSED] - Text 'fixed_width' is set on object 'Object Repository/VLink/Page_CCSale/txt_ResponseFormat'

2023-02-15 22:21:57 - [MESSAGE][PASSED] - Text 'RETL' is set on object 'Object Repository/VLink/Page_CCSale/txt_Category'

2023-02-15 22:21:57 - [MESSAGE][PASSED] - Text '' is set on object 'Object Repository/VLink/Page_CCSale/txt_TransactionID'

2023-02-15 22:21:58 - [MESSAGE][PASSED] - Text '' is set on object 'Object Repository/VLink/Page_CCSale/txt_ApprovalCode'

2023-02-15 22:21:59 - [MESSAGE][PASSED] - Text 'Kris Roshan' is set on object 'Object Repository/VLink/Page_CCSale/txt_CardName'

2023-02-15 22:21:59 - [MESSAGE][PASSED] - Text '258 Elm Road' is set on object 'Object Repository/VLink/Page_CCSale/txt_AL1'

2023-02-15 22:22:00 - [MESSAGE][PASSED] - Text 'Suite 56' is set on object 'Object Repository/VLink/Page_CCSale/txt_AL2'

2023-02-15 22:22:01 - [MESSAGE][PASSED] - Text 'Arlington' is set on object 'Object Repository/VLink/Page_CCSale/txt_CardCity'

2023-02-15 22:22:01 - [MESSAGE][PASSED] - Text 'VA' is set on object 'Object Repository/VLink/Page_CCSale/txt_CardState'

2023-02-15 22:22:02 - [MESSAGE][PASSED] - Text '22201' is set on object 'Object Repository/VLink/Page_CCSale/txt_CardZIP'

2023-02-15 22:22:03 - [MESSAGE][PASSED] - Text '840' is set on object 'Object Repository/VLink/Page_CCSale/txt_CountryID'

2023-02-15 22:22:03 - [MESSAGE][PASSED] - Text '1.50' is set on object 'Object Repository/VLink/Page_CCSale/txt_Amount'

2023-02-15 22:22:04 - [MESSAGE][PASSED] - Text '4111111111111111' is set on object 'Object Repository/VLink/Page_CCSale/txt_CardNumber'

2023-02-15 22:22:05 - [MESSAGE][PASSED] - Text '12' is set on object 'Object Repository/VLink/Page_CCSale/txt_ExpMonth'

2023-02-15 22:22:06 - [MESSAGE][PASSED] - Text '2025' is set on object 'Object Repository/VLink/Page_CCSale/txt_ExpYear'

2023-02-15 22:22:06 - [MESSAGE][PASSED] - Text '' is set on object 'Object Repository/VLink/Page_CCSale/txt_CVV'

2023-02-15 22:22:07 - [MESSAGE][PASSED] - Text '' is set on object 'Object Repository/VLink/Page_CCSale/txt_CVVstate'

2023-02-15 22:22:08 - [MESSAGE][PASSED] - Text '' is set on object 'Object Repository/VLink/Page_CCSale/txt_TrackData'

2023-02-15 22:22:08 - [MESSAGE][PASSED] - Text '' is set on object 'Object Repository/VLink/Page_CCSale/txt_Track1Data'

2023-02-15 22:22:09 - [MESSAGE][PASSED] - Text '' is set on object 'Object Repository/VLink/Page_CCSale/txt_Track2Data'

2023-02-15 22:22:10 - [MESSAGE][PASSED] - Text 'manual' is set on object 'Object Repository/VLink/Page_CCSale/txt_POSEntryMode'

2023-02-15 22:22:10 - [MESSAGE][PASSED] - Text 'iahmed@govolution.com' is set on object 'Object Repository/VLink/Page_CCSale/txt_Email'

2023-02-15 22:22:11 - [MESSAGE][PASSED] - Text '2569362' is set on object 'Object Repository/VLink/Page_CCSale/txt_OrderNumber'

2023-02-15 22:22:12 - [MESSAGE][PASSED] - Text '1.15' is set on object 'Object Repository/VLink/Page_CCSale/txt_TaxAmount'

2023-02-15 22:22:13 - [MESSAGE][PASSED] - Text 'Charge Description' is set on object 'Object Repository/VLink/Page_CCSale/txt_ChargeDescription'

2023-02-15 22:22:13 - [MESSAGE][PASSED] - Text '147357' is set on object 'Object Repository/VLink/Page_CCSale/txt_CAN'

2023-02-15 22:22:14 - [MESSAGE][PASSED] - Text '1' is set on object 'Object Repository/VLink/Page_CCSale/txt_BillPaymentIndicator'

2023-02-15 22:22:15 - [MESSAGE][PASSED] - Text 'UDF Data 1' is set on object 'Object Repository/VLink/Page_CCSale/txt_UDF1'

2023-02-15 22:22:15 - [MESSAGE][PASSED] - Text 'UDF Data 2' is set on object 'Object Repository/VLink/Page_CCSale/txt_UDF2'

2023-02-15 22:22:16 - [MESSAGE][PASSED] - Text 'UDF Data 3' is set on object 'Object Repository/VLink/Page_CCSale/txt_UDF3'

2023-02-15 22:22:17 - [MESSAGE][PASSED] - Text 'UDF Data 4' is set on object 'Object Repository/VLink/Page_CCSale/txt_UDF4'

2023-02-15 22:22:17 - [MESSAGE][PASSED] - Text 'UDF Data 5' is set on object 'Object Repository/VLink/Page_CCSale/txt_UDF5'

2023-02-15 22:22:18 - [MESSAGE][PASSED] - Text 'UDF Data 6' is set on object 'Object Repository/VLink/Page_CCSale/txt_UDF6'

2023-02-15 22:22:19 - [MESSAGE][PASSED] - Text 'UDF Data 7' is set on object 'Object Repository/VLink/Page_CCSale/txt_UDF7'

2023-02-15 22:22:20 - [MESSAGE][PASSED] - Text 'UDF Data 8' is set on object 'Object Repository/VLink/Page_CCSale/txt_UDF8'

2023-02-15 22:22:20 - [MESSAGE][PASSED] - Text 'UDF Data 9' is set on object 'Object Repository/VLink/Page_CCSale/txt_UDF9'

2023-02-15 22:22:21 - [MESSAGE][PASSED] - Text 'UDF Data 10' is set on object 'Object Repository/VLink/Page_CCSale/txt_UDF10'

2023-02-15 22:22:22 - [MESSAGE][PASSED] - Object: 'Object Repository/VLink/Page_CCSale/btn_ProcessVLinkTransaction' is clicked on

2023-02-15 22:22:27 - [MESSAGE][PASSED] - vlinkPages.saleCCPage.setDataSCC is PASSED

2023-02-15 22:22:27 - [TEST_STEP][PASSED] - if (verifyTextPresent(errorMsg, true)): null

2023-02-15 22:22:27 - [MESSAGE][PASSED] - Text 'Missing parameter: application_id' is present on page  using regular expression

2023-02-15 22:22:27 - [TEST_STEP][PASSED] - println("Transaction Approved, no errors text is present on the Confirmation page"): null

2023-02-15 22:22:27 - [TEST_STEP][PASSED] - out.println("Pass Record Number: " + row): null

2023-02-15 22:22:27 - [TEST_STEP][PASSED] - resText = "Pass": null

2023-02-15 22:22:27 - [TEST_STEP][PASSED] - pages.WriteExcel.demoKey(resText, datText, resColumn, datCloumn, fileLoc, nameSheet, row): pages.WriteExcel.demoKey is PASSED

2023-02-15 22:22:27 - [MESSAGE][PASSED] - pages.WriteExcel.demoKey is PASSED

2023-02-15 22:22:27 - [TEST_STEP][PASSED] - sdfo = getText(findTestObject("Object Repository/Page_VLinkReceipt/pre_STX")): Text of object 'Object Repository/Page_VLinkReceipt/pre_STX' is: '<STX>7IrZrS78qdtG                                      2  Transaction failed                                20 Missing parameter: application_id                                                       <ETX>'

2023-02-15 22:22:27 - [MESSAGE][PASSED] - Text of object 'Object Repository/Page_VLinkReceipt/pre_STX' is: '<STX>7IrZrS78qdtG                                      2  Transaction failed                                20 Missing parameter: application_id                                                       <ETX>'

2023-02-15 22:22:27 - [TEST_STEP][PASSED] - out.println("sdfo: " + sdfo): null

2023-02-15 22:22:27 - [TEST_STEP][PASSED] - remID = substring(5, 35).trim(): null

2023-02-15 22:22:27 - [TEST_STEP][PASSED] - out.println("Remittance ID: " + remID): null

2023-02-15 22:22:27 - [TEST_STEP][PASSED] - traxID = substring(35, 55).trim(): null

2023-02-15 22:22:27 - [TEST_STEP][PASSED] - out.println("Transaction ID: " + traxID): null

2023-02-15 22:22:27 - [TEST_STEP][PASSED] - out.println("End Record Number: " + row): null

2023-02-15 22:22:27 - [TEST_STEP][PASSED] - closeBrowser(): Browser is closed

2023-02-15 22:22:28 - [MESSAGE][PASSED] - Browser is closed

2023-02-15 22:22:28 - [TEST_STEP][PASSED] - ExecuteTC = findTestData(dataFile).getValue("Execute", row): null

2023-02-15 22:22:28 - [TEST_STEP][PASSED] - out.println("Value of Execute is : " + ExecuteTC): null

2023-02-15 22:22:28 - [TEST_STEP][PASSED] - errorMsg = findTestData(dataFile).getValue("ErrorMsg", row): null

2023-02-15 22:22:29 - [TEST_STEP][PASSED] - if (ExecuteTC.equalsIgnoreCase("Y")): Browser is closed

2023-02-15 22:22:29 - [TEST_STEP][PASSED] - out.println("Begin Record Number: " + row): null

2023-02-15 22:22:29 - [TEST_STEP][PASSED] - today = new java.util.Date(): null

2023-02-15 22:22:29 - [TEST_STEP][PASSED] - println(today): null

2023-02-15 22:22:29 - [TEST_STEP][PASSED] - datText = today: null

2023-02-15 22:22:29 - [TEST_STEP][PASSED] - openBrowser(VLinkURL + "authcap.html"): Browser is opened with url: 'https://dev-algorithm.govolution.com/vlinktest/QA/version_2_0/authcap.html'

2023-02-15 22:22:29 - [MESSAGE][INFO] - Starting 'Chrome' driver

2023-02-15 22:22:29 - [MESSAGE][INFO] - User set preference: ['acceptInsecureCerts', 'true']

2023-02-15 22:22:29 - [MESSAGE][INFO] - Action delay is set to 0 milliseconds

2023-02-15 22:22:30 - [MESSAGE][PASSED] - Browser is opened with url: 'https://dev-algorithm.govolution.com/vlinktest/QA/version_2_0/authcap.html'

2023-02-15 22:22:30 - [TEST_STEP][PASSED] - maximizeWindow(): Current window maximized

2023-02-15 22:22:30 - [MESSAGE][PASSED] - Current window maximized

2023-02-15 22:22:30 - [TEST_STEP][PASSED] - vlinkPages.saleCCPage.setDataSCC(row, dataFile): vlinkPages.saleCCPage.setDataSCC is PASSED

2023-02-15 22:22:34 - [MESSAGE][PASSED] - Object 'Object Repository/VLink/Page_CCSale/txt_CardNumber' is present

2023-02-15 22:22:35 - [MESSAGE][PASSED] - Text '104' is set on object 'Object Repository/VLink/Page_CCSale/txt_TransactionType'

2023-02-15 22:22:36 - [MESSAGE][PASSED] - Text '2.0C' is set on object 'Object Repository/VLink/Page_CCSale/txt_MessageVersion'

2023-02-15 22:22:36 - [MESSAGE][PASSED] - Text 'kLCM1y05I5V0' is set on object 'Object Repository/VLink/Page_CCSale/txt_RemID'

2023-02-15 22:22:37 - [MESSAGE][PASSED] - Text '234' is set on object 'Object Repository/VLink/Page_CCSale/txt_ApplicationId'

2023-02-15 22:22:37 - [MESSAGE][PASSED] - Text 'username' is set on object 'Object Repository/VLink/Page_CCSale/txt_Username'

2023-02-15 22:22:38 - [MESSAGE][PASSED] - Text 'password' is set on object 'Object Repository/VLink/Page_CCSale/txt_Password'

2023-02-15 22:22:39 - [MESSAGE][PASSED] - Text '' is set on object 'Object Repository/VLink/Page_CCSale/txt_ResponseFormat'

2023-02-15 22:22:39 - [MESSAGE][PASSED] - Text 'ECOM' is set on object 'Object Repository/VLink/Page_CCSale/txt_Category'

2023-02-15 22:22:40 - [MESSAGE][PASSED] - Text '' is set on object 'Object Repository/VLink/Page_CCSale/txt_TransactionID'

2023-02-15 22:22:41 - [MESSAGE][PASSED] - Text '' is set on object 'Object Repository/VLink/Page_CCSale/txt_ApprovalCode'

2023-02-15 22:22:41 - [MESSAGE][PASSED] - Text 'Kris Roshan' is set on object 'Object Repository/VLink/Page_CCSale/txt_CardName'

2023-02-15 22:22:42 - [MESSAGE][PASSED] - Text '258 Elm Road' is set on object 'Object Repository/VLink/Page_CCSale/txt_AL1'

2023-02-15 22:22:43 - [MESSAGE][PASSED] - Text 'Suite 56' is set on object 'Object Repository/VLink/Page_CCSale/txt_AL2'

2023-02-15 22:22:44 - [MESSAGE][PASSED] - Text 'Arlington' is set on object 'Object Repository/VLink/Page_CCSale/txt_CardCity'

2023-02-15 22:22:44 - [MESSAGE][PASSED] - Text 'VA' is set on object 'Object Repository/VLink/Page_CCSale/txt_CardState'

2023-02-15 22:22:45 - [MESSAGE][PASSED] - Text '22201' is set on object 'Object Repository/VLink/Page_CCSale/txt_CardZIP'

2023-02-15 22:22:45 - [MESSAGE][PASSED] - Text '840' is set on object 'Object Repository/VLink/Page_CCSale/txt_CountryID'

2023-02-15 22:22:46 - [MESSAGE][PASSED] - Text '1.50' is set on object 'Object Repository/VLink/Page_CCSale/txt_Amount'

2023-02-15 22:22:47 - [MESSAGE][PASSED] - Text '4111111111111111' is set on object 'Object Repository/VLink/Page_CCSale/txt_CardNumber'

2023-02-15 22:22:48 - [MESSAGE][PASSED] - Text '12' is set on object 'Object Repository/VLink/Page_CCSale/txt_ExpMonth'

2023-02-15 22:22:48 - [MESSAGE][PASSED] - Text '2025' is set on object 'Object Repository/VLink/Page_CCSale/txt_ExpYear'

2023-02-15 22:22:49 - [MESSAGE][PASSED] - Text '' is set on object 'Object Repository/VLink/Page_CCSale/txt_CVV'

2023-02-15 22:22:50 - [MESSAGE][PASSED] - Text '' is set on object 'Object Repository/VLink/Page_CCSale/txt_CVVstate'

2023-02-15 22:22:50 - [MESSAGE][PASSED] - Text '' is set on object 'Object Repository/VLink/Page_CCSale/txt_TrackData'

2023-02-15 22:22:51 - [MESSAGE][PASSED] - Text '' is set on object 'Object Repository/VLink/Page_CCSale/txt_Track1Data'

2023-02-15 22:22:52 - [MESSAGE][PASSED] - Text '' is set on object 'Object Repository/VLink/Page_CCSale/txt_Track2Data'

2023-02-15 22:22:52 - [MESSAGE][PASSED] - Text 'manual' is set on object 'Object Repository/VLink/Page_CCSale/txt_POSEntryMode'

2023-02-15 22:22:53 - [MESSAGE][PASSED] - Text 'iahmed@govolution.com' is set on object 'Object Repository/VLink/Page_CCSale/txt_Email'

2023-02-15 22:22:54 - [MESSAGE][PASSED] - Text '2569362' is set on object 'Object Repository/VLink/Page_CCSale/txt_OrderNumber'

2023-02-15 22:22:55 - [MESSAGE][PASSED] - Text '1.15' is set on object 'Object Repository/VLink/Page_CCSale/txt_TaxAmount'

2023-02-15 22:22:55 - [MESSAGE][PASSED] - Text 'Charge Description' is set on object 'Object Repository/VLink/Page_CCSale/txt_ChargeDescription'

2023-02-15 22:22:56 - [MESSAGE][PASSED] - Text '147357' is set on object 'Object Repository/VLink/Page_CCSale/txt_CAN'

2023-02-15 22:22:57 - [MESSAGE][PASSED] - Text '1' is set on object 'Object Repository/VLink/Page_CCSale/txt_BillPaymentIndicator'

2023-02-15 22:22:57 - [MESSAGE][PASSED] - Text 'UDF Data 1' is set on object 'Object Repository/VLink/Page_CCSale/txt_UDF1'

2023-02-15 22:22:58 - [MESSAGE][PASSED] - Text 'UDF Data 2' is set on object 'Object Repository/VLink/Page_CCSale/txt_UDF2'

2023-02-15 22:22:59 - [MESSAGE][PASSED] - Text 'UDF Data 3' is set on object 'Object Repository/VLink/Page_CCSale/txt_UDF3'

2023-02-15 22:23:00 - [MESSAGE][PASSED] - Text 'UDF Data 4' is set on object 'Object Repository/VLink/Page_CCSale/txt_UDF4'

2023-02-15 22:23:00 - [MESSAGE][PASSED] - Text 'UDF Data 5' is set on object 'Object Repository/VLink/Page_CCSale/txt_UDF5'

2023-02-15 22:23:01 - [MESSAGE][PASSED] - Text 'UDF Data 6' is set on object 'Object Repository/VLink/Page_CCSale/txt_UDF6'

2023-02-15 22:23:02 - [MESSAGE][PASSED] - Text 'UDF Data 7' is set on object 'Object Repository/VLink/Page_CCSale/txt_UDF7'

2023-02-15 22:23:02 - [MESSAGE][PASSED] - Text 'UDF Data 8' is set on object 'Object Repository/VLink/Page_CCSale/txt_UDF8'

2023-02-15 22:23:03 - [MESSAGE][PASSED] - Text 'UDF Data 9' is set on object 'Object Repository/VLink/Page_CCSale/txt_UDF9'

2023-02-15 22:23:04 - [MESSAGE][PASSED] - Text 'UDF Data 10' is set on object 'Object Repository/VLink/Page_CCSale/txt_UDF10'

2023-02-15 22:23:04 - [MESSAGE][PASSED] - Object: 'Object Repository/VLink/Page_CCSale/btn_ProcessVLinkTransaction' is clicked on

2023-02-15 22:23:09 - [MESSAGE][PASSED] - vlinkPages.saleCCPage.setDataSCC is PASSED

2023-02-15 22:23:09 - [TEST_STEP][PASSED] - if (verifyTextPresent(errorMsg, true)): null

2023-02-15 22:23:10 - [MESSAGE][PASSED] - Text 'response_format' is present on page  using regular expression

2023-02-15 22:23:10 - [TEST_STEP][PASSED] - println("Transaction Approved, no errors text is present on the Confirmation page"): null

2023-02-15 22:23:10 - [TEST_STEP][PASSED] - out.println("Pass Record Number: " + row): null

2023-02-15 22:23:10 - [TEST_STEP][PASSED] - resText = "Pass": null

2023-02-15 22:23:10 - [TEST_STEP][PASSED] - pages.WriteExcel.demoKey(resText, datText, resColumn, datCloumn, fileLoc, nameSheet, row): pages.WriteExcel.demoKey is PASSED

2023-02-15 22:23:10 - [MESSAGE][PASSED] - pages.WriteExcel.demoKey is PASSED

2023-02-15 22:23:10 - [TEST_STEP][PASSED] - sdfo = getText(findTestObject("Object Repository/Page_VLinkReceipt/pre_STX")): Text of object 'Object Repository/Page_VLinkReceipt/pre_STX' is: '<STX>kLCM1y05I5V0                                      2  Transaction failed                                20 Missing Parameter(s): response_format                                                      <ETX>'

2023-02-15 22:23:10 - [MESSAGE][PASSED] - Text of object 'Object Repository/Page_VLinkReceipt/pre_STX' is: '<STX>kLCM1y05I5V0                                      2  Transaction failed                                20 Missing Parameter(s): response_format                                                      <ETX>'

2023-02-15 22:23:10 - [TEST_STEP][PASSED] - out.println("sdfo: " + sdfo): null

2023-02-15 22:23:10 - [TEST_STEP][PASSED] - remID = substring(5, 35).trim(): null

2023-02-15 22:23:10 - [TEST_STEP][PASSED] - out.println("Remittance ID: " + remID): null

2023-02-15 22:23:10 - [TEST_STEP][PASSED] - traxID = substring(35, 55).trim(): null

2023-02-15 22:23:10 - [TEST_STEP][PASSED] - out.println("Transaction ID: " + traxID): null

2023-02-15 22:23:10 - [TEST_STEP][PASSED] - out.println("End Record Number: " + row): null

2023-02-15 22:23:10 - [TEST_STEP][PASSED] - closeBrowser(): Browser is closed

2023-02-15 22:23:11 - [MESSAGE][PASSED] - Browser is closed

2023-02-15 22:23:11 - [TEST_STEP][PASSED] - ExecuteTC = findTestData(dataFile).getValue("Execute", row): null

2023-02-15 22:23:11 - [TEST_STEP][PASSED] - out.println("Value of Execute is : " + ExecuteTC): null

2023-02-15 22:23:11 - [TEST_STEP][PASSED] - errorMsg = findTestData(dataFile).getValue("ErrorMsg", row): null

2023-02-15 22:23:11 - [TEST_STEP][PASSED] - if (ExecuteTC.equalsIgnoreCase("Y")): Browser is closed

2023-02-15 22:23:11 - [TEST_STEP][PASSED] - out.println("Begin Record Number: " + row): null

2023-02-15 22:23:11 - [TEST_STEP][PASSED] - today = new java.util.Date(): null

2023-02-15 22:23:11 - [TEST_STEP][PASSED] - println(today): null

2023-02-15 22:23:11 - [TEST_STEP][PASSED] - datText = today: null

2023-02-15 22:23:11 - [TEST_STEP][PASSED] - openBrowser(VLinkURL + "authcap.html"): Browser is opened with url: 'https://dev-algorithm.govolution.com/vlinktest/QA/version_2_0/authcap.html'

2023-02-15 22:23:11 - [MESSAGE][INFO] - Starting 'Chrome' driver

2023-02-15 22:23:11 - [MESSAGE][INFO] - User set preference: ['acceptInsecureCerts', 'true']

2023-02-15 22:23:11 - [MESSAGE][INFO] - Action delay is set to 0 milliseconds

2023-02-15 22:23:13 - [MESSAGE][PASSED] - Browser is opened with url: 'https://dev-algorithm.govolution.com/vlinktest/QA/version_2_0/authcap.html'

2023-02-15 22:23:13 - [TEST_STEP][PASSED] - maximizeWindow(): Current window maximized

2023-02-15 22:23:13 - [MESSAGE][PASSED] - Current window maximized

2023-02-15 22:23:13 - [TEST_STEP][PASSED] - vlinkPages.saleCCPage.setDataSCC(row, dataFile): vlinkPages.saleCCPage.setDataSCC is PASSED

2023-02-15 22:23:17 - [MESSAGE][PASSED] - Object 'Object Repository/VLink/Page_CCSale/txt_CardNumber' is present

2023-02-15 22:23:18 - [MESSAGE][PASSED] - Text '104' is set on object 'Object Repository/VLink/Page_CCSale/txt_TransactionType'

2023-02-15 22:23:18 - [MESSAGE][PASSED] - Text '2.0C' is set on object 'Object Repository/VLink/Page_CCSale/txt_MessageVersion'

2023-02-15 22:23:19 - [MESSAGE][PASSED] - Text 'tqtXTP8qUWI7' is set on object 'Object Repository/VLink/Page_CCSale/txt_RemID'

2023-02-15 22:23:20 - [MESSAGE][PASSED] - Text '234' is set on object 'Object Repository/VLink/Page_CCSale/txt_ApplicationId'

2023-02-15 22:23:20 - [MESSAGE][PASSED] - Text 'username' is set on object 'Object Repository/VLink/Page_CCSale/txt_Username'

2023-02-15 22:23:21 - [MESSAGE][PASSED] - Text 'password' is set on object 'Object Repository/VLink/Page_CCSale/txt_Password'

2023-02-15 22:23:21 - [MESSAGE][PASSED] - Text '' is set on object 'Object Repository/VLink/Page_CCSale/txt_ResponseFormat'

2023-02-15 22:23:22 - [MESSAGE][PASSED] - Text 'MOTO' is set on object 'Object Repository/VLink/Page_CCSale/txt_Category'

2023-02-15 22:23:23 - [MESSAGE][PASSED] - Text '' is set on object 'Object Repository/VLink/Page_CCSale/txt_TransactionID'

2023-02-15 22:23:23 - [MESSAGE][PASSED] - Text '' is set on object 'Object Repository/VLink/Page_CCSale/txt_ApprovalCode'

2023-02-15 22:23:24 - [MESSAGE][PASSED] - Text 'Kris Roshan' is set on object 'Object Repository/VLink/Page_CCSale/txt_CardName'

2023-02-15 22:23:25 - [MESSAGE][PASSED] - Text '258 Elm Road' is set on object 'Object Repository/VLink/Page_CCSale/txt_AL1'

2023-02-15 22:23:26 - [MESSAGE][PASSED] - Text 'Suite 56' is set on object 'Object Repository/VLink/Page_CCSale/txt_AL2'

2023-02-15 22:23:26 - [MESSAGE][PASSED] - Text 'Arlington' is set on object 'Object Repository/VLink/Page_CCSale/txt_CardCity'

2023-02-15 22:23:27 - [MESSAGE][PASSED] - Text 'VA' is set on object 'Object Repository/VLink/Page_CCSale/txt_CardState'

2023-02-15 22:23:28 - [MESSAGE][PASSED] - Text '22201' is set on object 'Object Repository/VLink/Page_CCSale/txt_CardZIP'

2023-02-15 22:23:28 - [MESSAGE][PASSED] - Text '840' is set on object 'Object Repository/VLink/Page_CCSale/txt_CountryID'

2023-02-15 22:23:29 - [MESSAGE][PASSED] - Text '1.50' is set on object 'Object Repository/VLink/Page_CCSale/txt_Amount'

2023-02-15 22:23:30 - [MESSAGE][PASSED] - Text '4111111111111111' is set on object 'Object Repository/VLink/Page_CCSale/txt_CardNumber'

2023-02-15 22:23:30 - [MESSAGE][PASSED] - Text '12' is set on object 'Object Repository/VLink/Page_CCSale/txt_ExpMonth'

2023-02-15 22:23:31 - [MESSAGE][PASSED] - Text '2025' is set on object 'Object Repository/VLink/Page_CCSale/txt_ExpYear'

2023-02-15 22:23:32 - [MESSAGE][PASSED] - Text '' is set on object 'Object Repository/VLink/Page_CCSale/txt_CVV'

2023-02-15 22:23:32 - [MESSAGE][PASSED] - Text '' is set on object 'Object Repository/VLink/Page_CCSale/txt_CVVstate'

2023-02-15 22:23:33 - [MESSAGE][PASSED] - Text '' is set on object 'Object Repository/VLink/Page_CCSale/txt_TrackData'

2023-02-15 22:23:34 - [MESSAGE][PASSED] - Text '' is set on object 'Object Repository/VLink/Page_CCSale/txt_Track1Data'

2023-02-15 22:23:34 - [MESSAGE][PASSED] - Text '' is set on object 'Object Repository/VLink/Page_CCSale/txt_Track2Data'

2023-02-15 22:23:35 - [MESSAGE][PASSED] - Text 'manual' is set on object 'Object Repository/VLink/Page_CCSale/txt_POSEntryMode'

2023-02-15 22:23:36 - [MESSAGE][PASSED] - Text 'iahmed@govolution.com' is set on object 'Object Repository/VLink/Page_CCSale/txt_Email'

2023-02-15 22:23:36 - [MESSAGE][PASSED] - Text '2569362' is set on object 'Object Repository/VLink/Page_CCSale/txt_OrderNumber'

2023-02-15 22:23:37 - [MESSAGE][PASSED] - Text '1.15' is set on object 'Object Repository/VLink/Page_CCSale/txt_TaxAmount'

2023-02-15 22:23:38 - [MESSAGE][PASSED] - Text 'Charge Description' is set on object 'Object Repository/VLink/Page_CCSale/txt_ChargeDescription'

2023-02-15 22:23:38 - [MESSAGE][PASSED] - Text '147357' is set on object 'Object Repository/VLink/Page_CCSale/txt_CAN'

2023-02-15 22:23:39 - [MESSAGE][PASSED] - Text '1' is set on object 'Object Repository/VLink/Page_CCSale/txt_BillPaymentIndicator'

2023-02-15 22:23:40 - [MESSAGE][PASSED] - Text 'UDF Data 1' is set on object 'Object Repository/VLink/Page_CCSale/txt_UDF1'

2023-02-15 22:23:41 - [MESSAGE][PASSED] - Text 'UDF Data 2' is set on object 'Object Repository/VLink/Page_CCSale/txt_UDF2'

2023-02-15 22:23:41 - [MESSAGE][PASSED] - Text 'UDF Data 3' is set on object 'Object Repository/VLink/Page_CCSale/txt_UDF3'

2023-02-15 22:23:42 - [MESSAGE][PASSED] - Text 'UDF Data 4' is set on object 'Object Repository/VLink/Page_CCSale/txt_UDF4'

2023-02-15 22:23:43 - [MESSAGE][PASSED] - Text 'UDF Data 5' is set on object 'Object Repository/VLink/Page_CCSale/txt_UDF5'

2023-02-15 22:23:43 - [MESSAGE][PASSED] - Text 'UDF Data 6' is set on object 'Object Repository/VLink/Page_CCSale/txt_UDF6'

2023-02-15 22:23:44 - [MESSAGE][PASSED] - Text 'UDF Data 7' is set on object 'Object Repository/VLink/Page_CCSale/txt_UDF7'

2023-02-15 22:23:45 - [MESSAGE][PASSED] - Text 'UDF Data 8' is set on object 'Object Repository/VLink/Page_CCSale/txt_UDF8'

2023-02-15 22:23:45 - [MESSAGE][PASSED] - Text 'UDF Data 9' is set on object 'Object Repository/VLink/Page_CCSale/txt_UDF9'

2023-02-15 22:23:46 - [MESSAGE][PASSED] - Text 'UDF Data 10' is set on object 'Object Repository/VLink/Page_CCSale/txt_UDF10'

2023-02-15 22:23:47 - [MESSAGE][PASSED] - Object: 'Object Repository/VLink/Page_CCSale/btn_ProcessVLinkTransaction' is clicked on

2023-02-15 22:23:52 - [MESSAGE][PASSED] - vlinkPages.saleCCPage.setDataSCC is PASSED

2023-02-15 22:23:52 - [TEST_STEP][PASSED] - if (verifyTextPresent(errorMsg, true)): null

2023-02-15 22:23:52 - [MESSAGE][PASSED] - Text 'response_format' is present on page  using regular expression

2023-02-15 22:23:52 - [TEST_STEP][PASSED] - println("Transaction Approved, no errors text is present on the Confirmation page"): null

2023-02-15 22:23:52 - [TEST_STEP][PASSED] - out.println("Pass Record Number: " + row): null

2023-02-15 22:23:52 - [TEST_STEP][PASSED] - resText = "Pass": null

2023-02-15 22:23:52 - [TEST_STEP][PASSED] - pages.WriteExcel.demoKey(resText, datText, resColumn, datCloumn, fileLoc, nameSheet, row): pages.WriteExcel.demoKey is PASSED

2023-02-15 22:23:52 - [MESSAGE][PASSED] - pages.WriteExcel.demoKey is PASSED

2023-02-15 22:23:52 - [TEST_STEP][PASSED] - sdfo = getText(findTestObject("Object Repository/Page_VLinkReceipt/pre_STX")): Text of object 'Object Repository/Page_VLinkReceipt/pre_STX' is: '<STX>tqtXTP8qUWI7                                      2  Transaction failed                                20 Missing Parameter(s): response_format                                                      <ETX>'

2023-02-15 22:23:53 - [MESSAGE][PASSED] - Text of object 'Object Repository/Page_VLinkReceipt/pre_STX' is: '<STX>tqtXTP8qUWI7                                      2  Transaction failed                                20 Missing Parameter(s): response_format                                                      <ETX>'

2023-02-15 22:23:53 - [TEST_STEP][PASSED] - out.println("sdfo: " + sdfo): null

2023-02-15 22:23:53 - [TEST_STEP][PASSED] - remID = substring(5, 35).trim(): null

2023-02-15 22:23:53 - [TEST_STEP][PASSED] - out.println("Remittance ID: " + remID): null

2023-02-15 22:23:53 - [TEST_STEP][PASSED] - traxID = substring(35, 55).trim(): null

2023-02-15 22:23:53 - [TEST_STEP][PASSED] - out.println("Transaction ID: " + traxID): null

2023-02-15 22:23:53 - [TEST_STEP][PASSED] - out.println("End Record Number: " + row): null

2023-02-15 22:23:53 - [TEST_STEP][PASSED] - closeBrowser(): Browser is closed

2023-02-15 22:23:53 - [MESSAGE][PASSED] - Browser is closed

2023-02-15 22:23:53 - [TEST_STEP][PASSED] - ExecuteTC = findTestData(dataFile).getValue("Execute", row): null

2023-02-15 22:23:54 - [TEST_STEP][PASSED] - out.println("Value of Execute is : " + ExecuteTC): null

2023-02-15 22:23:54 - [TEST_STEP][PASSED] - errorMsg = findTestData(dataFile).getValue("ErrorMsg", row): null

2023-02-15 22:23:54 - [TEST_STEP][PASSED] - if (ExecuteTC.equalsIgnoreCase("Y")): Browser is closed

2023-02-15 22:23:54 - [TEST_STEP][PASSED] - out.println("Begin Record Number: " + row): null

2023-02-15 22:23:54 - [TEST_STEP][PASSED] - today = new java.util.Date(): null

2023-02-15 22:23:54 - [TEST_STEP][PASSED] - println(today): null

2023-02-15 22:23:54 - [TEST_STEP][PASSED] - datText = today: null

2023-02-15 22:23:54 - [TEST_STEP][PASSED] - openBrowser(VLinkURL + "authcap.html"): Browser is opened with url: 'https://dev-algorithm.govolution.com/vlinktest/QA/version_2_0/authcap.html'

2023-02-15 22:23:54 - [MESSAGE][INFO] - Starting 'Chrome' driver

2023-02-15 22:23:54 - [MESSAGE][INFO] - User set preference: ['acceptInsecureCerts', 'true']

2023-02-15 22:23:54 - [MESSAGE][INFO] - Action delay is set to 0 milliseconds

2023-02-15 22:23:56 - [MESSAGE][PASSED] - Browser is opened with url: 'https://dev-algorithm.govolution.com/vlinktest/QA/version_2_0/authcap.html'

2023-02-15 22:23:56 - [TEST_STEP][PASSED] - maximizeWindow(): Current window maximized

2023-02-15 22:23:56 - [MESSAGE][PASSED] - Current window maximized

2023-02-15 22:23:56 - [TEST_STEP][PASSED] - vlinkPages.saleCCPage.setDataSCC(row, dataFile): vlinkPages.saleCCPage.setDataSCC is PASSED

2023-02-15 22:23:59 - [MESSAGE][PASSED] - Object 'Object Repository/VLink/Page_CCSale/txt_CardNumber' is present

2023-02-15 22:24:00 - [MESSAGE][PASSED] - Text '104' is set on object 'Object Repository/VLink/Page_CCSale/txt_TransactionType'

2023-02-15 22:24:01 - [MESSAGE][PASSED] - Text '2.0C' is set on object 'Object Repository/VLink/Page_CCSale/txt_MessageVersion'

2023-02-15 22:24:01 - [MESSAGE][PASSED] - Text 'VEm4MOt5fEXK' is set on object 'Object Repository/VLink/Page_CCSale/txt_RemID'

2023-02-15 22:24:02 - [MESSAGE][PASSED] - Text '234' is set on object 'Object Repository/VLink/Page_CCSale/txt_ApplicationId'

2023-02-15 22:24:03 - [MESSAGE][PASSED] - Text 'username' is set on object 'Object Repository/VLink/Page_CCSale/txt_Username'

2023-02-15 22:24:03 - [MESSAGE][PASSED] - Text 'password' is set on object 'Object Repository/VLink/Page_CCSale/txt_Password'

2023-02-15 22:24:04 - [MESSAGE][PASSED] - Text '' is set on object 'Object Repository/VLink/Page_CCSale/txt_ResponseFormat'

2023-02-15 22:24:04 - [MESSAGE][PASSED] - Text 'RETL' is set on object 'Object Repository/VLink/Page_CCSale/txt_Category'

2023-02-15 22:24:05 - [MESSAGE][PASSED] - Text '' is set on object 'Object Repository/VLink/Page_CCSale/txt_TransactionID'

2023-02-15 22:24:06 - [MESSAGE][PASSED] - Text '' is set on object 'Object Repository/VLink/Page_CCSale/txt_ApprovalCode'

2023-02-15 22:24:07 - [MESSAGE][PASSED] - Text 'Kris Roshan' is set on object 'Object Repository/VLink/Page_CCSale/txt_CardName'

2023-02-15 22:24:07 - [MESSAGE][PASSED] - Text '258 Elm Road' is set on object 'Object Repository/VLink/Page_CCSale/txt_AL1'

2023-02-15 22:24:08 - [MESSAGE][PASSED] - Text 'Suite 56' is set on object 'Object Repository/VLink/Page_CCSale/txt_AL2'

2023-02-15 22:24:09 - [MESSAGE][PASSED] - Text 'Arlington' is set on object 'Object Repository/VLink/Page_CCSale/txt_CardCity'

2023-02-15 22:24:09 - [MESSAGE][PASSED] - Text 'VA' is set on object 'Object Repository/VLink/Page_CCSale/txt_CardState'

2023-02-15 22:24:10 - [MESSAGE][PASSED] - Text '22201' is set on object 'Object Repository/VLink/Page_CCSale/txt_CardZIP'

2023-02-15 22:24:11 - [MESSAGE][PASSED] - Text '840' is set on object 'Object Repository/VLink/Page_CCSale/txt_CountryID'

2023-02-15 22:24:11 - [MESSAGE][PASSED] - Text '1.50' is set on object 'Object Repository/VLink/Page_CCSale/txt_Amount'

2023-02-15 22:24:12 - [MESSAGE][PASSED] - Text '4111111111111111' is set on object 'Object Repository/VLink/Page_CCSale/txt_CardNumber'

2023-02-15 22:24:13 - [MESSAGE][PASSED] - Text '12' is set on object 'Object Repository/VLink/Page_CCSale/txt_ExpMonth'

2023-02-15 22:24:14 - [MESSAGE][PASSED] - Text '2025' is set on object 'Object Repository/VLink/Page_CCSale/txt_ExpYear'

2023-02-15 22:24:14 - [MESSAGE][PASSED] - Text '' is set on object 'Object Repository/VLink/Page_CCSale/txt_CVV'

2023-02-15 22:24:15 - [MESSAGE][PASSED] - Text '' is set on object 'Object Repository/VLink/Page_CCSale/txt_CVVstate'

2023-02-15 22:24:15 - [MESSAGE][PASSED] - Text '' is set on object 'Object Repository/VLink/Page_CCSale/txt_TrackData'

2023-02-15 22:24:16 - [MESSAGE][PASSED] - Text '' is set on object 'Object Repository/VLink/Page_CCSale/txt_Track1Data'

2023-02-15 22:24:17 - [MESSAGE][PASSED] - Text '' is set on object 'Object Repository/VLink/Page_CCSale/txt_Track2Data'

2023-02-15 22:24:17 - [MESSAGE][PASSED] - Text 'manual' is set on object 'Object Repository/VLink/Page_CCSale/txt_POSEntryMode'

2023-02-15 22:24:18 - [MESSAGE][PASSED] - Text 'iahmed@govolution.com' is set on object 'Object Repository/VLink/Page_CCSale/txt_Email'

2023-02-15 22:24:19 - [MESSAGE][PASSED] - Text '2569362' is set on object 'Object Repository/VLink/Page_CCSale/txt_OrderNumber'

2023-02-15 22:24:19 - [MESSAGE][PASSED] - Text '1.15' is set on object 'Object Repository/VLink/Page_CCSale/txt_TaxAmount'

2023-02-15 22:24:20 - [MESSAGE][PASSED] - Text 'Charge Description' is set on object 'Object Repository/VLink/Page_CCSale/txt_ChargeDescription'

2023-02-15 22:24:21 - [MESSAGE][PASSED] - Text '147357' is set on object 'Object Repository/VLink/Page_CCSale/txt_CAN'

2023-02-15 22:24:22 - [MESSAGE][PASSED] - Text '1' is set on object 'Object Repository/VLink/Page_CCSale/txt_BillPaymentIndicator'

2023-02-15 22:24:22 - [MESSAGE][PASSED] - Text 'UDF Data 1' is set on object 'Object Repository/VLink/Page_CCSale/txt_UDF1'

2023-02-15 22:24:23 - [MESSAGE][PASSED] - Text 'UDF Data 2' is set on object 'Object Repository/VLink/Page_CCSale/txt_UDF2'

2023-02-15 22:24:24 - [MESSAGE][PASSED] - Text 'UDF Data 3' is set on object 'Object Repository/VLink/Page_CCSale/txt_UDF3'

2023-02-15 22:24:24 - [MESSAGE][PASSED] - Text 'UDF Data 4' is set on object 'Object Repository/VLink/Page_CCSale/txt_UDF4'

2023-02-15 22:24:25 - [MESSAGE][PASSED] - Text 'UDF Data 5' is set on object 'Object Repository/VLink/Page_CCSale/txt_UDF5'

2023-02-15 22:24:26 - [MESSAGE][PASSED] - Text 'UDF Data 6' is set on object 'Object Repository/VLink/Page_CCSale/txt_UDF6'

2023-02-15 22:24:27 - [MESSAGE][PASSED] - Text 'UDF Data 7' is set on object 'Object Repository/VLink/Page_CCSale/txt_UDF7'

2023-02-15 22:24:27 - [MESSAGE][PASSED] - Text 'UDF Data 8' is set on object 'Object Repository/VLink/Page_CCSale/txt_UDF8'

2023-02-15 22:24:28 - [MESSAGE][PASSED] - Text 'UDF Data 9' is set on object 'Object Repository/VLink/Page_CCSale/txt_UDF9'

2023-02-15 22:24:29 - [MESSAGE][PASSED] - Text 'UDF Data 10' is set on object 'Object Repository/VLink/Page_CCSale/txt_UDF10'

2023-02-15 22:24:29 - [MESSAGE][PASSED] - Object: 'Object Repository/VLink/Page_CCSale/btn_ProcessVLinkTransaction' is clicked on

2023-02-15 22:24:34 - [MESSAGE][PASSED] - vlinkPages.saleCCPage.setDataSCC is PASSED

2023-02-15 22:24:34 - [TEST_STEP][PASSED] - if (verifyTextPresent(errorMsg, true)): null

2023-02-15 22:24:34 - [MESSAGE][PASSED] - Text 'response_format' is present on page  using regular expression

2023-02-15 22:24:34 - [TEST_STEP][PASSED] - println("Transaction Approved, no errors text is present on the Confirmation page"): null

2023-02-15 22:24:34 - [TEST_STEP][PASSED] - out.println("Pass Record Number: " + row): null

2023-02-15 22:24:34 - [TEST_STEP][PASSED] - resText = "Pass": null

2023-02-15 22:24:34 - [TEST_STEP][PASSED] - pages.WriteExcel.demoKey(resText, datText, resColumn, datCloumn, fileLoc, nameSheet, row): pages.WriteExcel.demoKey is PASSED

2023-02-15 22:24:35 - [MESSAGE][PASSED] - pages.WriteExcel.demoKey is PASSED

2023-02-15 22:24:35 - [TEST_STEP][PASSED] - sdfo = getText(findTestObject("Object Repository/Page_VLinkReceipt/pre_STX")): Text of object 'Object Repository/Page_VLinkReceipt/pre_STX' is: '<STX>VEm4MOt5fEXK                                      2  Transaction failed                                20 Missing Parameter(s): response_format                                                      <ETX>'

2023-02-15 22:24:35 - [MESSAGE][PASSED] - Text of object 'Object Repository/Page_VLinkReceipt/pre_STX' is: '<STX>VEm4MOt5fEXK                                      2  Transaction failed                                20 Missing Parameter(s): response_format                                                      <ETX>'

2023-02-15 22:24:35 - [TEST_STEP][PASSED] - out.println("sdfo: " + sdfo): null

2023-02-15 22:24:35 - [TEST_STEP][PASSED] - remID = substring(5, 35).trim(): null

2023-02-15 22:24:35 - [TEST_STEP][PASSED] - out.println("Remittance ID: " + remID): null

2023-02-15 22:24:35 - [TEST_STEP][PASSED] - traxID = substring(35, 55).trim(): null

2023-02-15 22:24:35 - [TEST_STEP][PASSED] - out.println("Transaction ID: " + traxID): null

2023-02-15 22:24:35 - [TEST_STEP][PASSED] - out.println("End Record Number: " + row): null

2023-02-15 22:24:35 - [TEST_STEP][PASSED] - closeBrowser(): Browser is closed

2023-02-15 22:24:36 - [MESSAGE][PASSED] - Browser is closed

2023-02-15 22:24:36 - [TEST_STEP][PASSED] - ExecuteTC = findTestData(dataFile).getValue("Execute", row): null

2023-02-15 22:24:36 - [TEST_STEP][PASSED] - out.println("Value of Execute is : " + ExecuteTC): null

2023-02-15 22:24:36 - [TEST_STEP][PASSED] - errorMsg = findTestData(dataFile).getValue("ErrorMsg", row): null

2023-02-15 22:24:36 - [TEST_STEP][PASSED] - if (ExecuteTC.equalsIgnoreCase("Y")): Browser is closed

2023-02-15 22:24:36 - [TEST_STEP][PASSED] - out.println("Begin Record Number: " + row): null

2023-02-15 22:24:36 - [TEST_STEP][PASSED] - today = new java.util.Date(): null

2023-02-15 22:24:36 - [TEST_STEP][PASSED] - println(today): null

2023-02-15 22:24:36 - [TEST_STEP][PASSED] - datText = today: null

2023-02-15 22:24:36 - [TEST_STEP][PASSED] - openBrowser(VLinkURL + "authcap.html"): Browser is opened with url: 'https://dev-algorithm.govolution.com/vlinktest/QA/version_2_0/authcap.html'

2023-02-15 22:24:36 - [MESSAGE][INFO] - Starting 'Chrome' driver

2023-02-15 22:24:36 - [MESSAGE][INFO] - User set preference: ['acceptInsecureCerts', 'true']

2023-02-15 22:24:36 - [MESSAGE][INFO] - Action delay is set to 0 milliseconds

2023-02-15 22:24:38 - [MESSAGE][PASSED] - Browser is opened with url: 'https://dev-algorithm.govolution.com/vlinktest/QA/version_2_0/authcap.html'

2023-02-15 22:24:38 - [TEST_STEP][PASSED] - maximizeWindow(): Current window maximized

2023-02-15 22:24:38 - [MESSAGE][PASSED] - Current window maximized

2023-02-15 22:24:38 - [TEST_STEP][PASSED] - vlinkPages.saleCCPage.setDataSCC(row, dataFile): vlinkPages.saleCCPage.setDataSCC is PASSED

2023-02-15 22:24:42 - [MESSAGE][PASSED] - Object 'Object Repository/VLink/Page_CCSale/txt_CardNumber' is present

2023-02-15 22:24:43 - [MESSAGE][PASSED] - Text '104' is set on object 'Object Repository/VLink/Page_CCSale/txt_TransactionType'

2023-02-15 22:24:43 - [MESSAGE][PASSED] - Text '2.0C' is set on object 'Object Repository/VLink/Page_CCSale/txt_MessageVersion'

2023-02-15 22:24:44 - [MESSAGE][PASSED] - Text 'th3SUy0I7dnt' is set on object 'Object Repository/VLink/Page_CCSale/txt_RemID'

2023-02-15 22:24:44 - [MESSAGE][PASSED] - Text '234' is set on object 'Object Repository/VLink/Page_CCSale/txt_ApplicationId'

2023-02-15 22:24:45 - [MESSAGE][PASSED] - Text 'username' is set on object 'Object Repository/VLink/Page_CCSale/txt_Username'

2023-02-15 22:24:46 - [MESSAGE][PASSED] - Text 'password' is set on object 'Object Repository/VLink/Page_CCSale/txt_Password'

2023-02-15 22:24:46 - [MESSAGE][PASSED] - Text 'fixed_width' is set on object 'Object Repository/VLink/Page_CCSale/txt_ResponseFormat'

2023-02-15 22:24:47 - [MESSAGE][PASSED] - Text '' is set on object 'Object Repository/VLink/Page_CCSale/txt_Category'

2023-02-15 22:24:47 - [MESSAGE][PASSED] - Text '' is set on object 'Object Repository/VLink/Page_CCSale/txt_TransactionID'

2023-02-15 22:24:48 - [MESSAGE][PASSED] - Text '' is set on object 'Object Repository/VLink/Page_CCSale/txt_ApprovalCode'

2023-02-15 22:24:49 - [MESSAGE][PASSED] - Text 'Kris Roshan' is set on object 'Object Repository/VLink/Page_CCSale/txt_CardName'

2023-02-15 22:24:50 - [MESSAGE][PASSED] - Text '258 Elm Road' is set on object 'Object Repository/VLink/Page_CCSale/txt_AL1'

2023-02-15 22:24:50 - [MESSAGE][PASSED] - Text 'Suite 56' is set on object 'Object Repository/VLink/Page_CCSale/txt_AL2'

2023-02-15 22:24:51 - [MESSAGE][PASSED] - Text 'Arlington' is set on object 'Object Repository/VLink/Page_CCSale/txt_CardCity'

2023-02-15 22:24:52 - [MESSAGE][PASSED] - Text 'VA' is set on object 'Object Repository/VLink/Page_CCSale/txt_CardState'

2023-02-15 22:24:52 - [MESSAGE][PASSED] - Text '22201' is set on object 'Object Repository/VLink/Page_CCSale/txt_CardZIP'

2023-02-15 22:24:53 - [MESSAGE][PASSED] - Text '840' is set on object 'Object Repository/VLink/Page_CCSale/txt_CountryID'

2023-02-15 22:24:54 - [MESSAGE][PASSED] - Text '1.50' is set on object 'Object Repository/VLink/Page_CCSale/txt_Amount'

2023-02-15 22:24:55 - [MESSAGE][PASSED] - Text '4111111111111111' is set on object 'Object Repository/VLink/Page_CCSale/txt_CardNumber'

2023-02-15 22:24:55 - [MESSAGE][PASSED] - Text '12' is set on object 'Object Repository/VLink/Page_CCSale/txt_ExpMonth'

2023-02-15 22:24:56 - [MESSAGE][PASSED] - Text '2025' is set on object 'Object Repository/VLink/Page_CCSale/txt_ExpYear'

2023-02-15 22:24:57 - [MESSAGE][PASSED] - Text '' is set on object 'Object Repository/VLink/Page_CCSale/txt_CVV'

2023-02-15 22:24:57 - [MESSAGE][PASSED] - Text '' is set on object 'Object Repository/VLink/Page_CCSale/txt_CVVstate'

2023-02-15 22:24:58 - [MESSAGE][PASSED] - Text '' is set on object 'Object Repository/VLink/Page_CCSale/txt_TrackData'

2023-02-15 22:24:59 - [MESSAGE][PASSED] - Text '' is set on object 'Object Repository/VLink/Page_CCSale/txt_Track1Data'

2023-02-15 22:24:59 - [MESSAGE][PASSED] - Text '' is set on object 'Object Repository/VLink/Page_CCSale/txt_Track2Data'

2023-02-15 22:25:00 - [MESSAGE][PASSED] - Text 'manual' is set on object 'Object Repository/VLink/Page_CCSale/txt_POSEntryMode'

2023-02-15 22:25:01 - [MESSAGE][PASSED] - Text 'iahmed@govolution.com' is set on object 'Object Repository/VLink/Page_CCSale/txt_Email'

2023-02-15 22:25:01 - [MESSAGE][PASSED] - Text '2569362' is set on object 'Object Repository/VLink/Page_CCSale/txt_OrderNumber'

2023-02-15 22:25:02 - [MESSAGE][PASSED] - Text '1.15' is set on object 'Object Repository/VLink/Page_CCSale/txt_TaxAmount'

2023-02-15 22:25:03 - [MESSAGE][PASSED] - Text 'Charge Description' is set on object 'Object Repository/VLink/Page_CCSale/txt_ChargeDescription'

2023-02-15 22:25:04 - [MESSAGE][PASSED] - Text '147357' is set on object 'Object Repository/VLink/Page_CCSale/txt_CAN'

2023-02-15 22:25:04 - [MESSAGE][PASSED] - Text '1' is set on object 'Object Repository/VLink/Page_CCSale/txt_BillPaymentIndicator'

2023-02-15 22:25:05 - [MESSAGE][PASSED] - Text 'UDF Data 1' is set on object 'Object Repository/VLink/Page_CCSale/txt_UDF1'

2023-02-15 22:25:06 - [MESSAGE][PASSED] - Text 'UDF Data 2' is set on object 'Object Repository/VLink/Page_CCSale/txt_UDF2'

2023-02-15 22:25:06 - [MESSAGE][PASSED] - Text 'UDF Data 3' is set on object 'Object Repository/VLink/Page_CCSale/txt_UDF3'

2023-02-15 22:25:07 - [MESSAGE][PASSED] - Text 'UDF Data 4' is set on object 'Object Repository/VLink/Page_CCSale/txt_UDF4'

2023-02-15 22:25:08 - [MESSAGE][PASSED] - Text 'UDF Data 5' is set on object 'Object Repository/VLink/Page_CCSale/txt_UDF5'

2023-02-15 22:25:08 - [MESSAGE][PASSED] - Text 'UDF Data 6' is set on object 'Object Repository/VLink/Page_CCSale/txt_UDF6'

2023-02-15 22:25:09 - [MESSAGE][PASSED] - Text 'UDF Data 7' is set on object 'Object Repository/VLink/Page_CCSale/txt_UDF7'

2023-02-15 22:25:10 - [MESSAGE][PASSED] - Text 'UDF Data 8' is set on object 'Object Repository/VLink/Page_CCSale/txt_UDF8'

2023-02-15 22:25:11 - [MESSAGE][PASSED] - Text 'UDF Data 9' is set on object 'Object Repository/VLink/Page_CCSale/txt_UDF9'

2023-02-15 22:25:11 - [MESSAGE][PASSED] - Text 'UDF Data 10' is set on object 'Object Repository/VLink/Page_CCSale/txt_UDF10'

2023-02-15 22:25:12 - [MESSAGE][PASSED] - Object: 'Object Repository/VLink/Page_CCSale/btn_ProcessVLinkTransaction' is clicked on

2023-02-15 22:25:17 - [MESSAGE][PASSED] - vlinkPages.saleCCPage.setDataSCC is PASSED

2023-02-15 22:25:17 - [TEST_STEP][PASSED] - if (verifyTextPresent(errorMsg, true)): null

2023-02-15 22:25:17 - [MESSAGE][PASSED] - Text 'Missing parameter: category' is present on page  using regular expression

2023-02-15 22:25:17 - [TEST_STEP][PASSED] - println("Transaction Approved, no errors text is present on the Confirmation page"): null

2023-02-15 22:25:17 - [TEST_STEP][PASSED] - out.println("Pass Record Number: " + row): null

2023-02-15 22:25:17 - [TEST_STEP][PASSED] - resText = "Pass": null

2023-02-15 22:25:17 - [TEST_STEP][PASSED] - pages.WriteExcel.demoKey(resText, datText, resColumn, datCloumn, fileLoc, nameSheet, row): pages.WriteExcel.demoKey is PASSED

2023-02-15 22:25:17 - [MESSAGE][PASSED] - pages.WriteExcel.demoKey is PASSED

2023-02-15 22:25:17 - [TEST_STEP][PASSED] - sdfo = getText(findTestObject("Object Repository/Page_VLinkReceipt/pre_STX")): Text of object 'Object Repository/Page_VLinkReceipt/pre_STX' is: '<STX>th3SUy0I7dnt                                      2  Transaction failed                                20 Missing parameter: category                                                                <ETX>'

2023-02-15 22:25:18 - [MESSAGE][PASSED] - Text of object 'Object Repository/Page_VLinkReceipt/pre_STX' is: '<STX>th3SUy0I7dnt                                      2  Transaction failed                                20 Missing parameter: category                                                                <ETX>'

2023-02-15 22:25:18 - [TEST_STEP][PASSED] - out.println("sdfo: " + sdfo): null

2023-02-15 22:25:18 - [TEST_STEP][PASSED] - remID = substring(5, 35).trim(): null

2023-02-15 22:25:18 - [TEST_STEP][PASSED] - out.println("Remittance ID: " + remID): null

2023-02-15 22:25:18 - [TEST_STEP][PASSED] - traxID = substring(35, 55).trim(): null

2023-02-15 22:25:18 - [TEST_STEP][PASSED] - out.println("Transaction ID: " + traxID): null

2023-02-15 22:25:18 - [TEST_STEP][PASSED] - out.println("End Record Number: " + row): null

2023-02-15 22:25:18 - [TEST_STEP][PASSED] - closeBrowser(): Browser is closed

2023-02-15 22:25:19 - [MESSAGE][PASSED] - Browser is closed

2023-02-15 22:25:19 - [TEST_STEP][PASSED] - ExecuteTC = findTestData(dataFile).getValue("Execute", row): null

2023-02-15 22:25:19 - [TEST_STEP][PASSED] - out.println("Value of Execute is : " + ExecuteTC): null

2023-02-15 22:25:19 - [TEST_STEP][PASSED] - errorMsg = findTestData(dataFile).getValue("ErrorMsg", row): null

2023-02-15 22:25:19 - [TEST_STEP][PASSED] - if (ExecuteTC.equalsIgnoreCase("Y")): Browser is closed

2023-02-15 22:25:19 - [TEST_STEP][PASSED] - out.println("Begin Record Number: " + row): null

2023-02-15 22:25:19 - [TEST_STEP][PASSED] - today = new java.util.Date(): null

2023-02-15 22:25:19 - [TEST_STEP][PASSED] - println(today): null

2023-02-15 22:25:19 - [TEST_STEP][PASSED] - datText = today: null

2023-02-15 22:25:19 - [TEST_STEP][PASSED] - openBrowser(VLinkURL + "authcap.html"): Browser is opened with url: 'https://dev-algorithm.govolution.com/vlinktest/QA/version_2_0/authcap.html'

2023-02-15 22:25:19 - [MESSAGE][INFO] - Starting 'Chrome' driver

2023-02-15 22:25:19 - [MESSAGE][INFO] - User set preference: ['acceptInsecureCerts', 'true']

2023-02-15 22:25:19 - [MESSAGE][INFO] - Action delay is set to 0 milliseconds

2023-02-15 22:25:21 - [MESSAGE][PASSED] - Browser is opened with url: 'https://dev-algorithm.govolution.com/vlinktest/QA/version_2_0/authcap.html'

2023-02-15 22:25:21 - [TEST_STEP][PASSED] - maximizeWindow(): Current window maximized

2023-02-15 22:25:21 - [MESSAGE][PASSED] - Current window maximized

2023-02-15 22:25:21 - [TEST_STEP][PASSED] - vlinkPages.saleCCPage.setDataSCC(row, dataFile): vlinkPages.saleCCPage.setDataSCC is PASSED

2023-02-15 22:25:25 - [MESSAGE][PASSED] - Object 'Object Repository/VLink/Page_CCSale/txt_CardNumber' is present

2023-02-15 22:25:25 - [MESSAGE][PASSED] - Text '104' is set on object 'Object Repository/VLink/Page_CCSale/txt_TransactionType'

2023-02-15 22:25:26 - [MESSAGE][PASSED] - Text '2.0C' is set on object 'Object Repository/VLink/Page_CCSale/txt_MessageVersion'

2023-02-15 22:25:27 - [MESSAGE][PASSED] - Text '6a0aJ1UzW7B9' is set on object 'Object Repository/VLink/Page_CCSale/txt_RemID'

2023-02-15 22:25:27 - [MESSAGE][PASSED] - Text '234' is set on object 'Object Repository/VLink/Page_CCSale/txt_ApplicationId'

2023-02-15 22:25:28 - [MESSAGE][PASSED] - Text 'username' is set on object 'Object Repository/VLink/Page_CCSale/txt_Username'

2023-02-15 22:25:28 - [MESSAGE][PASSED] - Text 'password' is set on object 'Object Repository/VLink/Page_CCSale/txt_Password'

2023-02-15 22:25:29 - [MESSAGE][PASSED] - Text 'fixed_width' is set on object 'Object Repository/VLink/Page_CCSale/txt_ResponseFormat'

2023-02-15 22:25:30 - [MESSAGE][PASSED] - Text 'ECOM' is set on object 'Object Repository/VLink/Page_CCSale/txt_Category'

2023-02-15 22:25:30 - [MESSAGE][PASSED] - Text '' is set on object 'Object Repository/VLink/Page_CCSale/txt_TransactionID'

2023-02-15 22:25:31 - [MESSAGE][PASSED] - Text '' is set on object 'Object Repository/VLink/Page_CCSale/txt_ApprovalCode'

2023-02-15 22:25:32 - [MESSAGE][PASSED] - Text '' is set on object 'Object Repository/VLink/Page_CCSale/txt_CardName'

2023-02-15 22:25:33 - [MESSAGE][PASSED] - Text '258 Elm Road' is set on object 'Object Repository/VLink/Page_CCSale/txt_AL1'

2023-02-15 22:25:33 - [MESSAGE][PASSED] - Text 'Suite 56' is set on object 'Object Repository/VLink/Page_CCSale/txt_AL2'

2023-02-15 22:25:34 - [MESSAGE][PASSED] - Text 'Arlington' is set on object 'Object Repository/VLink/Page_CCSale/txt_CardCity'

2023-02-15 22:25:35 - [MESSAGE][PASSED] - Text 'VA' is set on object 'Object Repository/VLink/Page_CCSale/txt_CardState'

2023-02-15 22:25:35 - [MESSAGE][PASSED] - Text '22201' is set on object 'Object Repository/VLink/Page_CCSale/txt_CardZIP'

2023-02-15 22:25:36 - [MESSAGE][PASSED] - Text '840' is set on object 'Object Repository/VLink/Page_CCSale/txt_CountryID'

2023-02-15 22:25:37 - [MESSAGE][PASSED] - Text '1.50' is set on object 'Object Repository/VLink/Page_CCSale/txt_Amount'

2023-02-15 22:25:37 - [MESSAGE][PASSED] - Text '4111111111111111' is set on object 'Object Repository/VLink/Page_CCSale/txt_CardNumber'

2023-02-15 22:25:38 - [MESSAGE][PASSED] - Text '12' is set on object 'Object Repository/VLink/Page_CCSale/txt_ExpMonth'

2023-02-15 22:25:39 - [MESSAGE][PASSED] - Text '2025' is set on object 'Object Repository/VLink/Page_CCSale/txt_ExpYear'

2023-02-15 22:25:40 - [MESSAGE][PASSED] - Text '' is set on object 'Object Repository/VLink/Page_CCSale/txt_CVV'

2023-02-15 22:25:40 - [MESSAGE][PASSED] - Text '' is set on object 'Object Repository/VLink/Page_CCSale/txt_CVVstate'

2023-02-15 22:25:41 - [MESSAGE][PASSED] - Text '' is set on object 'Object Repository/VLink/Page_CCSale/txt_TrackData'

2023-02-15 22:25:42 - [MESSAGE][PASSED] - Text '' is set on object 'Object Repository/VLink/Page_CCSale/txt_Track1Data'

2023-02-15 22:25:42 - [MESSAGE][PASSED] - Text '' is set on object 'Object Repository/VLink/Page_CCSale/txt_Track2Data'

2023-02-15 22:25:43 - [MESSAGE][PASSED] - Text 'manual' is set on object 'Object Repository/VLink/Page_CCSale/txt_POSEntryMode'

2023-02-15 22:25:44 - [MESSAGE][PASSED] - Text 'iahmed@govolution.com' is set on object 'Object Repository/VLink/Page_CCSale/txt_Email'

2023-02-15 22:25:44 - [MESSAGE][PASSED] - Text '2569362' is set on object 'Object Repository/VLink/Page_CCSale/txt_OrderNumber'

2023-02-15 22:25:45 - [MESSAGE][PASSED] - Text '1.15' is set on object 'Object Repository/VLink/Page_CCSale/txt_TaxAmount'

2023-02-15 22:25:46 - [MESSAGE][PASSED] - Text 'Charge Description' is set on object 'Object Repository/VLink/Page_CCSale/txt_ChargeDescription'

2023-02-15 22:25:46 - [MESSAGE][PASSED] - Text '147357' is set on object 'Object Repository/VLink/Page_CCSale/txt_CAN'

2023-02-15 22:25:47 - [MESSAGE][PASSED] - Text '1' is set on object 'Object Repository/VLink/Page_CCSale/txt_BillPaymentIndicator'

2023-02-15 22:25:48 - [MESSAGE][PASSED] - Text 'UDF Data 1' is set on object 'Object Repository/VLink/Page_CCSale/txt_UDF1'

2023-02-15 22:25:49 - [MESSAGE][PASSED] - Text 'UDF Data 2' is set on object 'Object Repository/VLink/Page_CCSale/txt_UDF2'

2023-02-15 22:25:49 - [MESSAGE][PASSED] - Text 'UDF Data 3' is set on object 'Object Repository/VLink/Page_CCSale/txt_UDF3'

2023-02-15 22:25:50 - [MESSAGE][PASSED] - Text 'UDF Data 4' is set on object 'Object Repository/VLink/Page_CCSale/txt_UDF4'

2023-02-15 22:25:51 - [MESSAGE][PASSED] - Text 'UDF Data 5' is set on object 'Object Repository/VLink/Page_CCSale/txt_UDF5'

2023-02-15 22:25:51 - [MESSAGE][PASSED] - Text 'UDF Data 6' is set on object 'Object Repository/VLink/Page_CCSale/txt_UDF6'

2023-02-15 22:25:52 - [MESSAGE][PASSED] - Text 'UDF Data 7' is set on object 'Object Repository/VLink/Page_CCSale/txt_UDF7'

2023-02-15 22:25:53 - [MESSAGE][PASSED] - Text 'UDF Data 8' is set on object 'Object Repository/VLink/Page_CCSale/txt_UDF8'

2023-02-15 22:25:53 - [MESSAGE][PASSED] - Text 'UDF Data 9' is set on object 'Object Repository/VLink/Page_CCSale/txt_UDF9'

2023-02-15 22:25:54 - [MESSAGE][PASSED] - Text 'UDF Data 10' is set on object 'Object Repository/VLink/Page_CCSale/txt_UDF10'

2023-02-15 22:25:55 - [MESSAGE][PASSED] - Object: 'Object Repository/VLink/Page_CCSale/btn_ProcessVLinkTransaction' is clicked on

2023-02-15 22:26:00 - [MESSAGE][PASSED] - vlinkPages.saleCCPage.setDataSCC is PASSED

2023-02-15 22:26:00 - [TEST_STEP][PASSED] - if (verifyTextPresent(errorMsg, true)): null

2023-02-15 22:26:00 - [MESSAGE][PASSED] - Text 'card_name' is present on page  using regular expression

2023-02-15 22:26:00 - [TEST_STEP][PASSED] - println("Transaction Approved, no errors text is present on the Confirmation page"): null

2023-02-15 22:26:00 - [TEST_STEP][PASSED] - out.println("Pass Record Number: " + row): null

2023-02-15 22:26:00 - [TEST_STEP][PASSED] - resText = "Pass": null

2023-02-15 22:26:00 - [TEST_STEP][PASSED] - pages.WriteExcel.demoKey(resText, datText, resColumn, datCloumn, fileLoc, nameSheet, row): pages.WriteExcel.demoKey is PASSED

2023-02-15 22:26:00 - [MESSAGE][PASSED] - pages.WriteExcel.demoKey is PASSED

2023-02-15 22:26:00 - [TEST_STEP][PASSED] - sdfo = getText(findTestObject("Object Repository/Page_VLinkReceipt/pre_STX")): Text of object 'Object Repository/Page_VLinkReceipt/pre_STX' is: '<STX>6a0aJ1UzW7B9                                      2  Transaction failed                                20 Missing Parameter(s): card_name                                                            <ETX>'

2023-02-15 22:26:00 - [MESSAGE][PASSED] - Text of object 'Object Repository/Page_VLinkReceipt/pre_STX' is: '<STX>6a0aJ1UzW7B9                                      2  Transaction failed                                20 Missing Parameter(s): card_name                                                            <ETX>'

2023-02-15 22:26:00 - [TEST_STEP][PASSED] - out.println("sdfo: " + sdfo): null

2023-02-15 22:26:00 - [TEST_STEP][PASSED] - remID = substring(5, 35).trim(): null

2023-02-15 22:26:00 - [TEST_STEP][PASSED] - out.println("Remittance ID: " + remID): null

2023-02-15 22:26:00 - [TEST_STEP][PASSED] - traxID = substring(35, 55).trim(): null

2023-02-15 22:26:00 - [TEST_STEP][PASSED] - out.println("Transaction ID: " + traxID): null

2023-02-15 22:26:00 - [TEST_STEP][PASSED] - out.println("End Record Number: " + row): null

2023-02-15 22:26:00 - [TEST_STEP][PASSED] - closeBrowser(): Browser is closed

2023-02-15 22:26:01 - [MESSAGE][PASSED] - Browser is closed

2023-02-15 22:26:01 - [TEST_STEP][PASSED] - ExecuteTC = findTestData(dataFile).getValue("Execute", row): null

2023-02-15 22:26:01 - [TEST_STEP][PASSED] - out.println("Value of Execute is : " + ExecuteTC): null

2023-02-15 22:26:01 - [TEST_STEP][PASSED] - errorMsg = findTestData(dataFile).getValue("ErrorMsg", row): null

2023-02-15 22:26:02 - [TEST_STEP][PASSED] - if (ExecuteTC.equalsIgnoreCase("Y")): Browser is closed

2023-02-15 22:26:02 - [TEST_STEP][PASSED] - out.println("Begin Record Number: " + row): null

2023-02-15 22:26:02 - [TEST_STEP][PASSED] - today = new java.util.Date(): null

2023-02-15 22:26:02 - [TEST_STEP][PASSED] - println(today): null

2023-02-15 22:26:02 - [TEST_STEP][PASSED] - datText = today: null

2023-02-15 22:26:02 - [TEST_STEP][PASSED] - openBrowser(VLinkURL + "authcap.html"): Browser is opened with url: 'https://dev-algorithm.govolution.com/vlinktest/QA/version_2_0/authcap.html'

2023-02-15 22:26:02 - [MESSAGE][INFO] - Starting 'Chrome' driver

2023-02-15 22:26:02 - [MESSAGE][INFO] - User set preference: ['acceptInsecureCerts', 'true']

2023-02-15 22:26:02 - [MESSAGE][INFO] - Action delay is set to 0 milliseconds

2023-02-15 22:26:03 - [MESSAGE][PASSED] - Browser is opened with url: 'https://dev-algorithm.govolution.com/vlinktest/QA/version_2_0/authcap.html'

2023-02-15 22:26:03 - [TEST_STEP][PASSED] - maximizeWindow(): Current window maximized

2023-02-15 22:26:04 - [MESSAGE][PASSED] - Current window maximized

2023-02-15 22:26:04 - [TEST_STEP][PASSED] - vlinkPages.saleCCPage.setDataSCC(row, dataFile): vlinkPages.saleCCPage.setDataSCC is PASSED

2023-02-15 22:26:07 - [MESSAGE][PASSED] - Object 'Object Repository/VLink/Page_CCSale/txt_CardNumber' is present

2023-02-15 22:26:08 - [MESSAGE][PASSED] - Text '104' is set on object 'Object Repository/VLink/Page_CCSale/txt_TransactionType'

2023-02-15 22:26:09 - [MESSAGE][PASSED] - Text '2.0C' is set on object 'Object Repository/VLink/Page_CCSale/txt_MessageVersion'

2023-02-15 22:26:09 - [MESSAGE][PASSED] - Text 'sscAysWQeZiZ' is set on object 'Object Repository/VLink/Page_CCSale/txt_RemID'

2023-02-15 22:26:10 - [MESSAGE][PASSED] - Text '234' is set on object 'Object Repository/VLink/Page_CCSale/txt_ApplicationId'

2023-02-15 22:26:10 - [MESSAGE][PASSED] - Text 'username' is set on object 'Object Repository/VLink/Page_CCSale/txt_Username'

2023-02-15 22:26:11 - [MESSAGE][PASSED] - Text 'password' is set on object 'Object Repository/VLink/Page_CCSale/txt_Password'

2023-02-15 22:26:12 - [MESSAGE][PASSED] - Text 'fixed_width' is set on object 'Object Repository/VLink/Page_CCSale/txt_ResponseFormat'

2023-02-15 22:26:12 - [MESSAGE][PASSED] - Text 'MOTO' is set on object 'Object Repository/VLink/Page_CCSale/txt_Category'

2023-02-15 22:26:13 - [MESSAGE][PASSED] - Text '' is set on object 'Object Repository/VLink/Page_CCSale/txt_TransactionID'

2023-02-15 22:26:14 - [MESSAGE][PASSED] - Text '' is set on object 'Object Repository/VLink/Page_CCSale/txt_ApprovalCode'

2023-02-15 22:26:14 - [MESSAGE][PASSED] - Text '' is set on object 'Object Repository/VLink/Page_CCSale/txt_CardName'

2023-02-15 22:26:15 - [MESSAGE][PASSED] - Text '258 Elm Road' is set on object 'Object Repository/VLink/Page_CCSale/txt_AL1'

2023-02-15 22:26:16 - [MESSAGE][PASSED] - Text 'Suite 56' is set on object 'Object Repository/VLink/Page_CCSale/txt_AL2'

2023-02-15 22:26:17 - [MESSAGE][PASSED] - Text 'Arlington' is set on object 'Object Repository/VLink/Page_CCSale/txt_CardCity'

2023-02-15 22:26:17 - [MESSAGE][PASSED] - Text 'VA' is set on object 'Object Repository/VLink/Page_CCSale/txt_CardState'

2023-02-15 22:26:18 - [MESSAGE][PASSED] - Text '22201' is set on object 'Object Repository/VLink/Page_CCSale/txt_CardZIP'

2023-02-15 22:26:19 - [MESSAGE][PASSED] - Text '840' is set on object 'Object Repository/VLink/Page_CCSale/txt_CountryID'

2023-02-15 22:26:19 - [MESSAGE][PASSED] - Text '1.50' is set on object 'Object Repository/VLink/Page_CCSale/txt_Amount'

2023-02-15 22:26:20 - [MESSAGE][PASSED] - Text '4111111111111111' is set on object 'Object Repository/VLink/Page_CCSale/txt_CardNumber'

2023-02-15 22:26:21 - [MESSAGE][PASSED] - Text '12' is set on object 'Object Repository/VLink/Page_CCSale/txt_ExpMonth'

2023-02-15 22:26:22 - [MESSAGE][PASSED] - Text '2025' is set on object 'Object Repository/VLink/Page_CCSale/txt_ExpYear'

2023-02-15 22:26:22 - [MESSAGE][PASSED] - Text '' is set on object 'Object Repository/VLink/Page_CCSale/txt_CVV'

2023-02-15 22:26:23 - [MESSAGE][PASSED] - Text '' is set on object 'Object Repository/VLink/Page_CCSale/txt_CVVstate'

2023-02-15 22:26:24 - [MESSAGE][PASSED] - Text '' is set on object 'Object Repository/VLink/Page_CCSale/txt_TrackData'

2023-02-15 22:26:24 - [MESSAGE][PASSED] - Text '' is set on object 'Object Repository/VLink/Page_CCSale/txt_Track1Data'

2023-02-15 22:26:25 - [MESSAGE][PASSED] - Text '' is set on object 'Object Repository/VLink/Page_CCSale/txt_Track2Data'

2023-02-15 22:26:26 - [MESSAGE][PASSED] - Text 'manual' is set on object 'Object Repository/VLink/Page_CCSale/txt_POSEntryMode'

2023-02-15 22:26:26 - [MESSAGE][PASSED] - Text 'iahmed@govolution.com' is set on object 'Object Repository/VLink/Page_CCSale/txt_Email'

2023-02-15 22:26:27 - [MESSAGE][PASSED] - Text '2569362' is set on object 'Object Repository/VLink/Page_CCSale/txt_OrderNumber'

2023-02-15 22:26:28 - [MESSAGE][PASSED] - Text '1.15' is set on object 'Object Repository/VLink/Page_CCSale/txt_TaxAmount'

2023-02-15 22:26:28 - [MESSAGE][PASSED] - Text 'Charge Description' is set on object 'Object Repository/VLink/Page_CCSale/txt_ChargeDescription'

2023-02-15 22:26:29 - [MESSAGE][PASSED] - Text '147357' is set on object 'Object Repository/VLink/Page_CCSale/txt_CAN'

2023-02-15 22:26:30 - [MESSAGE][PASSED] - Text '1' is set on object 'Object Repository/VLink/Page_CCSale/txt_BillPaymentIndicator'

2023-02-15 22:26:30 - [MESSAGE][PASSED] - Text 'UDF Data 1' is set on object 'Object Repository/VLink/Page_CCSale/txt_UDF1'

2023-02-15 22:26:31 - [MESSAGE][PASSED] - Text 'UDF Data 2' is set on object 'Object Repository/VLink/Page_CCSale/txt_UDF2'

2023-02-15 22:26:32 - [MESSAGE][PASSED] - Text 'UDF Data 3' is set on object 'Object Repository/VLink/Page_CCSale/txt_UDF3'

2023-02-15 22:26:32 - [MESSAGE][PASSED] - Text 'UDF Data 4' is set on object 'Object Repository/VLink/Page_CCSale/txt_UDF4'

2023-02-15 22:26:33 - [MESSAGE][PASSED] - Text 'UDF Data 5' is set on object 'Object Repository/VLink/Page_CCSale/txt_UDF5'

2023-02-15 22:26:34 - [MESSAGE][PASSED] - Text 'UDF Data 6' is set on object 'Object Repository/VLink/Page_CCSale/txt_UDF6'

2023-02-15 22:26:35 - [MESSAGE][PASSED] - Text 'UDF Data 7' is set on object 'Object Repository/VLink/Page_CCSale/txt_UDF7'

2023-02-15 22:26:35 - [MESSAGE][PASSED] - Text 'UDF Data 8' is set on object 'Object Repository/VLink/Page_CCSale/txt_UDF8'

2023-02-15 22:26:36 - [MESSAGE][PASSED] - Text 'UDF Data 9' is set on object 'Object Repository/VLink/Page_CCSale/txt_UDF9'

2023-02-15 22:26:37 - [MESSAGE][PASSED] - Text 'UDF Data 10' is set on object 'Object Repository/VLink/Page_CCSale/txt_UDF10'

2023-02-15 22:26:37 - [MESSAGE][PASSED] - Object: 'Object Repository/VLink/Page_CCSale/btn_ProcessVLinkTransaction' is clicked on

2023-02-15 22:26:42 - [MESSAGE][PASSED] - vlinkPages.saleCCPage.setDataSCC is PASSED

2023-02-15 22:26:42 - [TEST_STEP][PASSED] - if (verifyTextPresent(errorMsg, true)): null

2023-02-15 22:26:43 - [MESSAGE][PASSED] - Text 'card_name' is present on page  using regular expression

2023-02-15 22:26:43 - [TEST_STEP][PASSED] - println("Transaction Approved, no errors text is present on the Confirmation page"): null

2023-02-15 22:26:43 - [TEST_STEP][PASSED] - out.println("Pass Record Number: " + row): null

2023-02-15 22:26:43 - [TEST_STEP][PASSED] - resText = "Pass": null

2023-02-15 22:26:43 - [TEST_STEP][PASSED] - pages.WriteExcel.demoKey(resText, datText, resColumn, datCloumn, fileLoc, nameSheet, row): pages.WriteExcel.demoKey is PASSED

2023-02-15 22:26:43 - [MESSAGE][PASSED] - pages.WriteExcel.demoKey is PASSED

2023-02-15 22:26:43 - [TEST_STEP][PASSED] - sdfo = getText(findTestObject("Object Repository/Page_VLinkReceipt/pre_STX")): Text of object 'Object Repository/Page_VLinkReceipt/pre_STX' is: '<STX>sscAysWQeZiZ                                      2  Transaction failed                                20 Missing Parameter(s): card_name                                                            <ETX>'

2023-02-15 22:26:43 - [MESSAGE][PASSED] - Text of object 'Object Repository/Page_VLinkReceipt/pre_STX' is: '<STX>sscAysWQeZiZ                                      2  Transaction failed                                20 Missing Parameter(s): card_name                                                            <ETX>'

2023-02-15 22:26:43 - [TEST_STEP][PASSED] - out.println("sdfo: " + sdfo): null

2023-02-15 22:26:43 - [TEST_STEP][PASSED] - remID = substring(5, 35).trim(): null

2023-02-15 22:26:43 - [TEST_STEP][PASSED] - out.println("Remittance ID: " + remID): null

2023-02-15 22:26:43 - [TEST_STEP][PASSED] - traxID = substring(35, 55).trim(): null

2023-02-15 22:26:43 - [TEST_STEP][PASSED] - out.println("Transaction ID: " + traxID): null

2023-02-15 22:26:43 - [TEST_STEP][PASSED] - out.println("End Record Number: " + row): null

2023-02-15 22:26:43 - [TEST_STEP][PASSED] - closeBrowser(): Browser is closed

2023-02-15 22:26:44 - [MESSAGE][PASSED] - Browser is closed

2023-02-15 22:26:44 - [TEST_STEP][PASSED] - ExecuteTC = findTestData(dataFile).getValue("Execute", row): null

2023-02-15 22:26:44 - [TEST_STEP][PASSED] - out.println("Value of Execute is : " + ExecuteTC): null

2023-02-15 22:26:44 - [TEST_STEP][PASSED] - errorMsg = findTestData(dataFile).getValue("ErrorMsg", row): null

2023-02-15 22:26:44 - [TEST_STEP][PASSED] - if (ExecuteTC.equalsIgnoreCase("Y")): Browser is closed

2023-02-15 22:26:44 - [TEST_STEP][PASSED] - out.println("Begin Record Number: " + row): null

2023-02-15 22:26:44 - [TEST_STEP][PASSED] - today = new java.util.Date(): null

2023-02-15 22:26:44 - [TEST_STEP][PASSED] - println(today): null

2023-02-15 22:26:44 - [TEST_STEP][PASSED] - datText = today: null

2023-02-15 22:26:44 - [TEST_STEP][PASSED] - openBrowser(VLinkURL + "authcap.html"): Browser is opened with url: 'https://dev-algorithm.govolution.com/vlinktest/QA/version_2_0/authcap.html'

2023-02-15 22:26:44 - [MESSAGE][INFO] - Starting 'Chrome' driver

2023-02-15 22:26:44 - [MESSAGE][INFO] - User set preference: ['acceptInsecureCerts', 'true']

2023-02-15 22:26:44 - [MESSAGE][INFO] - Action delay is set to 0 milliseconds

2023-02-15 22:26:46 - [MESSAGE][PASSED] - Browser is opened with url: 'https://dev-algorithm.govolution.com/vlinktest/QA/version_2_0/authcap.html'

2023-02-15 22:26:46 - [TEST_STEP][PASSED] - maximizeWindow(): Current window maximized

2023-02-15 22:26:46 - [MESSAGE][PASSED] - Current window maximized

2023-02-15 22:26:46 - [TEST_STEP][PASSED] - vlinkPages.saleCCPage.setDataSCC(row, dataFile): vlinkPages.saleCCPage.setDataSCC is PASSED

2023-02-15 22:26:50 - [MESSAGE][PASSED] - Object 'Object Repository/VLink/Page_CCSale/txt_CardNumber' is present

2023-02-15 22:26:51 - [MESSAGE][PASSED] - Text '104' is set on object 'Object Repository/VLink/Page_CCSale/txt_TransactionType'

2023-02-15 22:26:51 - [MESSAGE][PASSED] - Text '2.0C' is set on object 'Object Repository/VLink/Page_CCSale/txt_MessageVersion'

2023-02-15 22:26:52 - [MESSAGE][PASSED] - Text 'ez5STxde6N7a' is set on object 'Object Repository/VLink/Page_CCSale/txt_RemID'

2023-02-15 22:26:53 - [MESSAGE][PASSED] - Text '234' is set on object 'Object Repository/VLink/Page_CCSale/txt_ApplicationId'

2023-02-15 22:26:53 - [MESSAGE][PASSED] - Text 'username' is set on object 'Object Repository/VLink/Page_CCSale/txt_Username'

2023-02-15 22:26:54 - [MESSAGE][PASSED] - Text 'password' is set on object 'Object Repository/VLink/Page_CCSale/txt_Password'

2023-02-15 22:26:55 - [MESSAGE][PASSED] - Text 'fixed_width' is set on object 'Object Repository/VLink/Page_CCSale/txt_ResponseFormat'

2023-02-15 22:26:55 - [MESSAGE][PASSED] - Text 'RETL' is set on object 'Object Repository/VLink/Page_CCSale/txt_Category'

2023-02-15 22:26:56 - [MESSAGE][PASSED] - Text '' is set on object 'Object Repository/VLink/Page_CCSale/txt_TransactionID'

2023-02-15 22:26:57 - [MESSAGE][PASSED] - Text '' is set on object 'Object Repository/VLink/Page_CCSale/txt_ApprovalCode'

2023-02-15 22:26:57 - [MESSAGE][PASSED] - Text '' is set on object 'Object Repository/VLink/Page_CCSale/txt_CardName'

2023-02-15 22:26:58 - [MESSAGE][PASSED] - Text '258 Elm Road' is set on object 'Object Repository/VLink/Page_CCSale/txt_AL1'

2023-02-15 22:26:59 - [MESSAGE][PASSED] - Text 'Suite 56' is set on object 'Object Repository/VLink/Page_CCSale/txt_AL2'

2023-02-15 22:26:59 - [MESSAGE][PASSED] - Text 'Arlington' is set on object 'Object Repository/VLink/Page_CCSale/txt_CardCity'

2023-02-15 22:27:00 - [MESSAGE][PASSED] - Text 'VA' is set on object 'Object Repository/VLink/Page_CCSale/txt_CardState'

2023-02-15 22:27:01 - [MESSAGE][PASSED] - Text '22201' is set on object 'Object Repository/VLink/Page_CCSale/txt_CardZIP'

2023-02-15 22:27:01 - [MESSAGE][PASSED] - Text '840' is set on object 'Object Repository/VLink/Page_CCSale/txt_CountryID'

2023-02-15 22:27:02 - [MESSAGE][PASSED] - Text '1.50' is set on object 'Object Repository/VLink/Page_CCSale/txt_Amount'

2023-02-15 22:27:03 - [MESSAGE][PASSED] - Text '4111111111111111' is set on object 'Object Repository/VLink/Page_CCSale/txt_CardNumber'

2023-02-15 22:27:03 - [MESSAGE][PASSED] - Text '12' is set on object 'Object Repository/VLink/Page_CCSale/txt_ExpMonth'

2023-02-15 22:27:04 - [MESSAGE][PASSED] - Text '2025' is set on object 'Object Repository/VLink/Page_CCSale/txt_ExpYear'

2023-02-15 22:27:05 - [MESSAGE][PASSED] - Text '' is set on object 'Object Repository/VLink/Page_CCSale/txt_CVV'

2023-02-15 22:27:06 - [MESSAGE][PASSED] - Text '' is set on object 'Object Repository/VLink/Page_CCSale/txt_CVVstate'

2023-02-15 22:27:06 - [MESSAGE][PASSED] - Text '' is set on object 'Object Repository/VLink/Page_CCSale/txt_TrackData'

2023-02-15 22:27:07 - [MESSAGE][PASSED] - Text '' is set on object 'Object Repository/VLink/Page_CCSale/txt_Track1Data'

2023-02-15 22:27:07 - [MESSAGE][PASSED] - Text '' is set on object 'Object Repository/VLink/Page_CCSale/txt_Track2Data'

2023-02-15 22:27:08 - [MESSAGE][PASSED] - Text 'manual' is set on object 'Object Repository/VLink/Page_CCSale/txt_POSEntryMode'

2023-02-15 22:27:09 - [MESSAGE][PASSED] - Text 'iahmed@govolution.com' is set on object 'Object Repository/VLink/Page_CCSale/txt_Email'

2023-02-15 22:27:10 - [MESSAGE][PASSED] - Text '2569362' is set on object 'Object Repository/VLink/Page_CCSale/txt_OrderNumber'

2023-02-15 22:27:10 - [MESSAGE][PASSED] - Text '1.15' is set on object 'Object Repository/VLink/Page_CCSale/txt_TaxAmount'

2023-02-15 22:27:11 - [MESSAGE][PASSED] - Text 'Charge Description' is set on object 'Object Repository/VLink/Page_CCSale/txt_ChargeDescription'

2023-02-15 22:27:12 - [MESSAGE][PASSED] - Text '147357' is set on object 'Object Repository/VLink/Page_CCSale/txt_CAN'

2023-02-15 22:27:12 - [MESSAGE][PASSED] - Text '1' is set on object 'Object Repository/VLink/Page_CCSale/txt_BillPaymentIndicator'

2023-02-15 22:27:13 - [MESSAGE][PASSED] - Text 'UDF Data 1' is set on object 'Object Repository/VLink/Page_CCSale/txt_UDF1'

2023-02-15 22:27:14 - [MESSAGE][PASSED] - Text 'UDF Data 2' is set on object 'Object Repository/VLink/Page_CCSale/txt_UDF2'

2023-02-15 22:27:15 - [MESSAGE][PASSED] - Text 'UDF Data 3' is set on object 'Object Repository/VLink/Page_CCSale/txt_UDF3'

2023-02-15 22:27:15 - [MESSAGE][PASSED] - Text 'UDF Data 4' is set on object 'Object Repository/VLink/Page_CCSale/txt_UDF4'

2023-02-15 22:27:16 - [MESSAGE][PASSED] - Text 'UDF Data 5' is set on object 'Object Repository/VLink/Page_CCSale/txt_UDF5'

2023-02-15 22:27:17 - [MESSAGE][PASSED] - Text 'UDF Data 6' is set on object 'Object Repository/VLink/Page_CCSale/txt_UDF6'

2023-02-15 22:27:17 - [MESSAGE][PASSED] - Text 'UDF Data 7' is set on object 'Object Repository/VLink/Page_CCSale/txt_UDF7'

2023-02-15 22:27:18 - [MESSAGE][PASSED] - Text 'UDF Data 8' is set on object 'Object Repository/VLink/Page_CCSale/txt_UDF8'

2023-02-15 22:27:19 - [MESSAGE][PASSED] - Text 'UDF Data 9' is set on object 'Object Repository/VLink/Page_CCSale/txt_UDF9'

2023-02-15 22:27:19 - [MESSAGE][PASSED] - Text 'UDF Data 10' is set on object 'Object Repository/VLink/Page_CCSale/txt_UDF10'

2023-02-15 22:27:20 - [MESSAGE][PASSED] - Object: 'Object Repository/VLink/Page_CCSale/btn_ProcessVLinkTransaction' is clicked on

2023-02-15 22:27:25 - [MESSAGE][PASSED] - vlinkPages.saleCCPage.setDataSCC is PASSED

2023-02-15 22:27:25 - [TEST_STEP][PASSED] - if (verifyTextPresent(errorMsg, true)): null

2023-02-15 22:27:25 - [MESSAGE][PASSED] - Text 'card_name' is present on page  using regular expression

2023-02-15 22:27:25 - [TEST_STEP][PASSED] - println("Transaction Approved, no errors text is present on the Confirmation page"): null

2023-02-15 22:27:25 - [TEST_STEP][PASSED] - out.println("Pass Record Number: " + row): null

2023-02-15 22:27:25 - [TEST_STEP][PASSED] - resText = "Pass": null

2023-02-15 22:27:25 - [TEST_STEP][PASSED] - pages.WriteExcel.demoKey(resText, datText, resColumn, datCloumn, fileLoc, nameSheet, row): pages.WriteExcel.demoKey is PASSED

2023-02-15 22:27:26 - [MESSAGE][PASSED] - pages.WriteExcel.demoKey is PASSED

2023-02-15 22:27:26 - [TEST_STEP][PASSED] - sdfo = getText(findTestObject("Object Repository/Page_VLinkReceipt/pre_STX")): Text of object 'Object Repository/Page_VLinkReceipt/pre_STX' is: '<STX>ez5STxde6N7a                                      2  Transaction failed                                20 Missing Parameter(s): card_name                                                            <ETX>'

2023-02-15 22:27:26 - [MESSAGE][PASSED] - Text of object 'Object Repository/Page_VLinkReceipt/pre_STX' is: '<STX>ez5STxde6N7a                                      2  Transaction failed                                20 Missing Parameter(s): card_name                                                            <ETX>'

2023-02-15 22:27:26 - [TEST_STEP][PASSED] - out.println("sdfo: " + sdfo): null

2023-02-15 22:27:26 - [TEST_STEP][PASSED] - remID = substring(5, 35).trim(): null

2023-02-15 22:27:26 - [TEST_STEP][PASSED] - out.println("Remittance ID: " + remID): null

2023-02-15 22:27:26 - [TEST_STEP][PASSED] - traxID = substring(35, 55).trim(): null

2023-02-15 22:27:26 - [TEST_STEP][PASSED] - out.println("Transaction ID: " + traxID): null

2023-02-15 22:27:26 - [TEST_STEP][PASSED] - out.println("End Record Number: " + row): null

2023-02-15 22:27:26 - [TEST_STEP][PASSED] - closeBrowser(): Browser is closed

2023-02-15 22:27:27 - [MESSAGE][PASSED] - Browser is closed

2023-02-15 22:27:27 - [TEST_STEP][PASSED] - ExecuteTC = findTestData(dataFile).getValue("Execute", row): null

2023-02-15 22:27:27 - [TEST_STEP][PASSED] - out.println("Value of Execute is : " + ExecuteTC): null

2023-02-15 22:27:27 - [TEST_STEP][PASSED] - errorMsg = findTestData(dataFile).getValue("ErrorMsg", row): null

2023-02-15 22:27:27 - [TEST_STEP][PASSED] - if (ExecuteTC.equalsIgnoreCase("Y")): Browser is closed

2023-02-15 22:27:27 - [TEST_STEP][PASSED] - out.println("Begin Record Number: " + row): null

2023-02-15 22:27:27 - [TEST_STEP][PASSED] - today = new java.util.Date(): null

2023-02-15 22:27:27 - [TEST_STEP][PASSED] - println(today): null

2023-02-15 22:27:27 - [TEST_STEP][PASSED] - datText = today: null

2023-02-15 22:27:27 - [TEST_STEP][PASSED] - openBrowser(VLinkURL + "authcap.html"): Browser is opened with url: 'https://dev-algorithm.govolution.com/vlinktest/QA/version_2_0/authcap.html'

2023-02-15 22:27:27 - [MESSAGE][INFO] - Starting 'Chrome' driver

2023-02-15 22:27:27 - [MESSAGE][INFO] - User set preference: ['acceptInsecureCerts', 'true']

2023-02-15 22:27:27 - [MESSAGE][INFO] - Action delay is set to 0 milliseconds

2023-02-15 22:27:29 - [MESSAGE][PASSED] - Browser is opened with url: 'https://dev-algorithm.govolution.com/vlinktest/QA/version_2_0/authcap.html'

2023-02-15 22:27:29 - [TEST_STEP][PASSED] - maximizeWindow(): Current window maximized

2023-02-15 22:27:29 - [MESSAGE][PASSED] - Current window maximized

2023-02-15 22:27:29 - [TEST_STEP][PASSED] - vlinkPages.saleCCPage.setDataSCC(row, dataFile): vlinkPages.saleCCPage.setDataSCC is PASSED

2023-02-15 22:27:33 - [MESSAGE][PASSED] - Object 'Object Repository/VLink/Page_CCSale/txt_CardNumber' is present

2023-02-15 22:27:33 - [MESSAGE][PASSED] - Text '104' is set on object 'Object Repository/VLink/Page_CCSale/txt_TransactionType'

2023-02-15 22:27:34 - [MESSAGE][PASSED] - Text '2.0C' is set on object 'Object Repository/VLink/Page_CCSale/txt_MessageVersion'

2023-02-15 22:27:35 - [MESSAGE][PASSED] - Text 'c8batXiI5xd5' is set on object 'Object Repository/VLink/Page_CCSale/txt_RemID'

2023-02-15 22:27:35 - [MESSAGE][PASSED] - Text '234' is set on object 'Object Repository/VLink/Page_CCSale/txt_ApplicationId'

2023-02-15 22:27:36 - [MESSAGE][PASSED] - Text 'username' is set on object 'Object Repository/VLink/Page_CCSale/txt_Username'

2023-02-15 22:27:36 - [MESSAGE][PASSED] - Text 'password' is set on object 'Object Repository/VLink/Page_CCSale/txt_Password'

2023-02-15 22:27:37 - [MESSAGE][PASSED] - Text 'fixed_width' is set on object 'Object Repository/VLink/Page_CCSale/txt_ResponseFormat'

2023-02-15 22:27:38 - [MESSAGE][PASSED] - Text 'ECOM' is set on object 'Object Repository/VLink/Page_CCSale/txt_Category'

2023-02-15 22:27:39 - [MESSAGE][PASSED] - Text '' is set on object 'Object Repository/VLink/Page_CCSale/txt_TransactionID'

2023-02-15 22:27:39 - [MESSAGE][PASSED] - Text '' is set on object 'Object Repository/VLink/Page_CCSale/txt_ApprovalCode'

2023-02-15 22:27:40 - [MESSAGE][PASSED] - Text 'Kris Roshan' is set on object 'Object Repository/VLink/Page_CCSale/txt_CardName'

2023-02-15 22:27:40 - [MESSAGE][PASSED] - Text '' is set on object 'Object Repository/VLink/Page_CCSale/txt_AL1'

2023-02-15 22:27:41 - [MESSAGE][PASSED] - Text 'Suite 56' is set on object 'Object Repository/VLink/Page_CCSale/txt_AL2'

2023-02-15 22:27:42 - [MESSAGE][PASSED] - Text 'Arlington' is set on object 'Object Repository/VLink/Page_CCSale/txt_CardCity'

2023-02-15 22:27:43 - [MESSAGE][PASSED] - Text 'VA' is set on object 'Object Repository/VLink/Page_CCSale/txt_CardState'

2023-02-15 22:27:43 - [MESSAGE][PASSED] - Text '22201' is set on object 'Object Repository/VLink/Page_CCSale/txt_CardZIP'

2023-02-15 22:27:44 - [MESSAGE][PASSED] - Text '840' is set on object 'Object Repository/VLink/Page_CCSale/txt_CountryID'

2023-02-15 22:27:45 - [MESSAGE][PASSED] - Text '1.50' is set on object 'Object Repository/VLink/Page_CCSale/txt_Amount'

2023-02-15 22:27:45 - [MESSAGE][PASSED] - Text '4111111111111111' is set on object 'Object Repository/VLink/Page_CCSale/txt_CardNumber'

2023-02-15 22:27:46 - [MESSAGE][PASSED] - Text '12' is set on object 'Object Repository/VLink/Page_CCSale/txt_ExpMonth'

2023-02-15 22:27:47 - [MESSAGE][PASSED] - Text '2025' is set on object 'Object Repository/VLink/Page_CCSale/txt_ExpYear'

2023-02-15 22:27:47 - [MESSAGE][PASSED] - Text '' is set on object 'Object Repository/VLink/Page_CCSale/txt_CVV'

2023-02-15 22:27:48 - [MESSAGE][PASSED] - Text '' is set on object 'Object Repository/VLink/Page_CCSale/txt_CVVstate'

2023-02-15 22:27:49 - [MESSAGE][PASSED] - Text '' is set on object 'Object Repository/VLink/Page_CCSale/txt_TrackData'

2023-02-15 22:27:49 - [MESSAGE][PASSED] - Text '' is set on object 'Object Repository/VLink/Page_CCSale/txt_Track1Data'

2023-02-15 22:27:50 - [MESSAGE][PASSED] - Text '' is set on object 'Object Repository/VLink/Page_CCSale/txt_Track2Data'

2023-02-15 22:27:51 - [MESSAGE][PASSED] - Text 'manual' is set on object 'Object Repository/VLink/Page_CCSale/txt_POSEntryMode'

2023-02-15 22:27:51 - [MESSAGE][PASSED] - Text 'iahmed@govolution.com' is set on object 'Object Repository/VLink/Page_CCSale/txt_Email'

2023-02-15 22:27:52 - [MESSAGE][PASSED] - Text '2569362' is set on object 'Object Repository/VLink/Page_CCSale/txt_OrderNumber'

2023-02-15 22:27:53 - [MESSAGE][PASSED] - Text '1.15' is set on object 'Object Repository/VLink/Page_CCSale/txt_TaxAmount'

2023-02-15 22:27:53 - [MESSAGE][PASSED] - Text 'Charge Description' is set on object 'Object Repository/VLink/Page_CCSale/txt_ChargeDescription'

2023-02-15 22:27:54 - [MESSAGE][PASSED] - Text '147357' is set on object 'Object Repository/VLink/Page_CCSale/txt_CAN'

2023-02-15 22:27:55 - [MESSAGE][PASSED] - Text '1' is set on object 'Object Repository/VLink/Page_CCSale/txt_BillPaymentIndicator'

2023-02-15 22:27:56 - [MESSAGE][PASSED] - Text 'UDF Data 1' is set on object 'Object Repository/VLink/Page_CCSale/txt_UDF1'

2023-02-15 22:27:56 - [MESSAGE][PASSED] - Text 'UDF Data 2' is set on object 'Object Repository/VLink/Page_CCSale/txt_UDF2'

2023-02-15 22:27:57 - [MESSAGE][PASSED] - Text 'UDF Data 3' is set on object 'Object Repository/VLink/Page_CCSale/txt_UDF3'

2023-02-15 22:27:58 - [MESSAGE][PASSED] - Text 'UDF Data 4' is set on object 'Object Repository/VLink/Page_CCSale/txt_UDF4'

2023-02-15 22:27:58 - [MESSAGE][PASSED] - Text 'UDF Data 5' is set on object 'Object Repository/VLink/Page_CCSale/txt_UDF5'

2023-02-15 22:27:59 - [MESSAGE][PASSED] - Text 'UDF Data 6' is set on object 'Object Repository/VLink/Page_CCSale/txt_UDF6'

2023-02-15 22:28:00 - [MESSAGE][PASSED] - Text 'UDF Data 7' is set on object 'Object Repository/VLink/Page_CCSale/txt_UDF7'

2023-02-15 22:28:01 - [MESSAGE][PASSED] - Text 'UDF Data 8' is set on object 'Object Repository/VLink/Page_CCSale/txt_UDF8'

2023-02-15 22:28:01 - [MESSAGE][PASSED] - Text 'UDF Data 9' is set on object 'Object Repository/VLink/Page_CCSale/txt_UDF9'

2023-02-15 22:28:02 - [MESSAGE][PASSED] - Text 'UDF Data 10' is set on object 'Object Repository/VLink/Page_CCSale/txt_UDF10'

2023-02-15 22:28:03 - [MESSAGE][PASSED] - Object: 'Object Repository/VLink/Page_CCSale/btn_ProcessVLinkTransaction' is clicked on

2023-02-15 22:28:08 - [MESSAGE][PASSED] - vlinkPages.saleCCPage.setDataSCC is PASSED

2023-02-15 22:28:08 - [TEST_STEP][PASSED] - if (verifyTextPresent(errorMsg, true)): null

2023-02-15 22:28:08 - [MESSAGE][PASSED] - Text 'card_address' is present on page  using regular expression

2023-02-15 22:28:08 - [TEST_STEP][PASSED] - println("Transaction Approved, no errors text is present on the Confirmation page"): null

2023-02-15 22:28:08 - [TEST_STEP][PASSED] - out.println("Pass Record Number: " + row): null

2023-02-15 22:28:08 - [TEST_STEP][PASSED] - resText = "Pass": null

2023-02-15 22:28:08 - [TEST_STEP][PASSED] - pages.WriteExcel.demoKey(resText, datText, resColumn, datCloumn, fileLoc, nameSheet, row): pages.WriteExcel.demoKey is PASSED

2023-02-15 22:28:08 - [MESSAGE][PASSED] - pages.WriteExcel.demoKey is PASSED

2023-02-15 22:28:08 - [TEST_STEP][PASSED] - sdfo = getText(findTestObject("Object Repository/Page_VLinkReceipt/pre_STX")): Text of object 'Object Repository/Page_VLinkReceipt/pre_STX' is: '<STX>c8batXiI5xd5                                      2  Transaction failed                                20 Missing Parameter(s): card_address                                                         <ETX>'

2023-02-15 22:28:08 - [MESSAGE][PASSED] - Text of object 'Object Repository/Page_VLinkReceipt/pre_STX' is: '<STX>c8batXiI5xd5                                      2  Transaction failed                                20 Missing Parameter(s): card_address                                                         <ETX>'

2023-02-15 22:28:08 - [TEST_STEP][PASSED] - out.println("sdfo: " + sdfo): null

2023-02-15 22:28:08 - [TEST_STEP][PASSED] - remID = substring(5, 35).trim(): null

2023-02-15 22:28:08 - [TEST_STEP][PASSED] - out.println("Remittance ID: " + remID): null

2023-02-15 22:28:08 - [TEST_STEP][PASSED] - traxID = substring(35, 55).trim(): null

2023-02-15 22:28:08 - [TEST_STEP][PASSED] - out.println("Transaction ID: " + traxID): null

2023-02-15 22:28:08 - [TEST_STEP][PASSED] - out.println("End Record Number: " + row): null

2023-02-15 22:28:08 - [TEST_STEP][PASSED] - closeBrowser(): Browser is closed

2023-02-15 22:28:09 - [MESSAGE][PASSED] - Browser is closed

2023-02-15 22:28:09 - [TEST_STEP][PASSED] - ExecuteTC = findTestData(dataFile).getValue("Execute", row): null

2023-02-15 22:28:09 - [TEST_STEP][PASSED] - out.println("Value of Execute is : " + ExecuteTC): null

2023-02-15 22:28:09 - [TEST_STEP][PASSED] - errorMsg = findTestData(dataFile).getValue("ErrorMsg", row): null

2023-02-15 22:28:09 - [TEST_STEP][PASSED] - if (ExecuteTC.equalsIgnoreCase("Y")): Browser is closed

2023-02-15 22:28:09 - [TEST_STEP][PASSED] - out.println("Begin Record Number: " + row): null

2023-02-15 22:28:09 - [TEST_STEP][PASSED] - today = new java.util.Date(): null

2023-02-15 22:28:09 - [TEST_STEP][PASSED] - println(today): null

2023-02-15 22:28:09 - [TEST_STEP][PASSED] - datText = today: null

2023-02-15 22:28:09 - [TEST_STEP][PASSED] - openBrowser(VLinkURL + "authcap.html"): Browser is opened with url: 'https://dev-algorithm.govolution.com/vlinktest/QA/version_2_0/authcap.html'

2023-02-15 22:28:09 - [MESSAGE][INFO] - Starting 'Chrome' driver

2023-02-15 22:28:09 - [MESSAGE][INFO] - User set preference: ['acceptInsecureCerts', 'true']

2023-02-15 22:28:09 - [MESSAGE][INFO] - Action delay is set to 0 milliseconds

2023-02-15 22:28:11 - [MESSAGE][PASSED] - Browser is opened with url: 'https://dev-algorithm.govolution.com/vlinktest/QA/version_2_0/authcap.html'

2023-02-15 22:28:11 - [TEST_STEP][PASSED] - maximizeWindow(): Current window maximized

2023-02-15 22:28:12 - [MESSAGE][PASSED] - Current window maximized

2023-02-15 22:28:12 - [TEST_STEP][PASSED] - vlinkPages.saleCCPage.setDataSCC(row, dataFile): vlinkPages.saleCCPage.setDataSCC is PASSED

2023-02-15 22:28:16 - [MESSAGE][PASSED] - Object 'Object Repository/VLink/Page_CCSale/txt_CardNumber' is present

2023-02-15 22:28:16 - [MESSAGE][PASSED] - Text '104' is set on object 'Object Repository/VLink/Page_CCSale/txt_TransactionType'

2023-02-15 22:28:17 - [MESSAGE][PASSED] - Text '2.0C' is set on object 'Object Repository/VLink/Page_CCSale/txt_MessageVersion'

2023-02-15 22:28:18 - [MESSAGE][PASSED] - Text 'tnukxihavcw3' is set on object 'Object Repository/VLink/Page_CCSale/txt_RemID'

2023-02-15 22:28:18 - [MESSAGE][PASSED] - Text '234' is set on object 'Object Repository/VLink/Page_CCSale/txt_ApplicationId'

2023-02-15 22:28:19 - [MESSAGE][PASSED] - Text 'username' is set on object 'Object Repository/VLink/Page_CCSale/txt_Username'

2023-02-15 22:28:20 - [MESSAGE][PASSED] - Text 'password' is set on object 'Object Repository/VLink/Page_CCSale/txt_Password'

2023-02-15 22:28:20 - [MESSAGE][PASSED] - Text 'fixed_width' is set on object 'Object Repository/VLink/Page_CCSale/txt_ResponseFormat'

2023-02-15 22:28:21 - [MESSAGE][PASSED] - Text 'MOTO' is set on object 'Object Repository/VLink/Page_CCSale/txt_Category'

2023-02-15 22:28:22 - [MESSAGE][PASSED] - Text '' is set on object 'Object Repository/VLink/Page_CCSale/txt_TransactionID'

2023-02-15 22:28:22 - [MESSAGE][PASSED] - Text '' is set on object 'Object Repository/VLink/Page_CCSale/txt_ApprovalCode'

2023-02-15 22:28:23 - [MESSAGE][PASSED] - Text 'Kris Roshan' is set on object 'Object Repository/VLink/Page_CCSale/txt_CardName'

2023-02-15 22:28:23 - [MESSAGE][PASSED] - Text '' is set on object 'Object Repository/VLink/Page_CCSale/txt_AL1'

2023-02-15 22:28:24 - [MESSAGE][PASSED] - Text 'Suite 56' is set on object 'Object Repository/VLink/Page_CCSale/txt_AL2'

2023-02-15 22:28:25 - [MESSAGE][PASSED] - Text 'Arlington' is set on object 'Object Repository/VLink/Page_CCSale/txt_CardCity'

2023-02-15 22:28:25 - [MESSAGE][PASSED] - Text 'VA' is set on object 'Object Repository/VLink/Page_CCSale/txt_CardState'

2023-02-15 22:28:26 - [MESSAGE][PASSED] - Text '22201' is set on object 'Object Repository/VLink/Page_CCSale/txt_CardZIP'

2023-02-15 22:28:27 - [MESSAGE][PASSED] - Text '840' is set on object 'Object Repository/VLink/Page_CCSale/txt_CountryID'

2023-02-15 22:28:28 - [MESSAGE][PASSED] - Text '1.50' is set on object 'Object Repository/VLink/Page_CCSale/txt_Amount'

2023-02-15 22:28:28 - [MESSAGE][PASSED] - Text '4111111111111111' is set on object 'Object Repository/VLink/Page_CCSale/txt_CardNumber'

2023-02-15 22:28:29 - [MESSAGE][PASSED] - Text '12' is set on object 'Object Repository/VLink/Page_CCSale/txt_ExpMonth'

2023-02-15 22:28:30 - [MESSAGE][PASSED] - Text '2025' is set on object 'Object Repository/VLink/Page_CCSale/txt_ExpYear'

2023-02-15 22:28:30 - [MESSAGE][PASSED] - Text '' is set on object 'Object Repository/VLink/Page_CCSale/txt_CVV'

2023-02-15 22:28:31 - [MESSAGE][PASSED] - Text '' is set on object 'Object Repository/VLink/Page_CCSale/txt_CVVstate'

2023-02-15 22:28:32 - [MESSAGE][PASSED] - Text '' is set on object 'Object Repository/VLink/Page_CCSale/txt_TrackData'

2023-02-15 22:28:32 - [MESSAGE][PASSED] - Text '' is set on object 'Object Repository/VLink/Page_CCSale/txt_Track1Data'

2023-02-15 22:28:33 - [MESSAGE][PASSED] - Text '' is set on object 'Object Repository/VLink/Page_CCSale/txt_Track2Data'

2023-02-15 22:28:33 - [MESSAGE][PASSED] - Text 'manual' is set on object 'Object Repository/VLink/Page_CCSale/txt_POSEntryMode'

2023-02-15 22:28:34 - [MESSAGE][PASSED] - Text 'iahmed@govolution.com' is set on object 'Object Repository/VLink/Page_CCSale/txt_Email'

2023-02-15 22:28:35 - [MESSAGE][PASSED] - Text '2569362' is set on object 'Object Repository/VLink/Page_CCSale/txt_OrderNumber'

2023-02-15 22:28:35 - [MESSAGE][PASSED] - Text '1.15' is set on object 'Object Repository/VLink/Page_CCSale/txt_TaxAmount'

2023-02-15 22:28:36 - [MESSAGE][PASSED] - Text 'Charge Description' is set on object 'Object Repository/VLink/Page_CCSale/txt_ChargeDescription'

2023-02-15 22:28:36 - [MESSAGE][PASSED] - Text '147357' is set on object 'Object Repository/VLink/Page_CCSale/txt_CAN'

2023-02-15 22:28:37 - [MESSAGE][PASSED] - Text '1' is set on object 'Object Repository/VLink/Page_CCSale/txt_BillPaymentIndicator'

2023-02-15 22:28:38 - [MESSAGE][PASSED] - Text 'UDF Data 1' is set on object 'Object Repository/VLink/Page_CCSale/txt_UDF1'

2023-02-15 22:28:38 - [MESSAGE][PASSED] - Text 'UDF Data 2' is set on object 'Object Repository/VLink/Page_CCSale/txt_UDF2'

2023-02-15 22:28:39 - [MESSAGE][PASSED] - Text 'UDF Data 3' is set on object 'Object Repository/VLink/Page_CCSale/txt_UDF3'

2023-02-15 22:28:40 - [MESSAGE][PASSED] - Text 'UDF Data 4' is set on object 'Object Repository/VLink/Page_CCSale/txt_UDF4'

2023-02-15 22:28:40 - [MESSAGE][PASSED] - Text 'UDF Data 5' is set on object 'Object Repository/VLink/Page_CCSale/txt_UDF5'

2023-02-15 22:28:41 - [MESSAGE][PASSED] - Text 'UDF Data 6' is set on object 'Object Repository/VLink/Page_CCSale/txt_UDF6'

2023-02-15 22:28:41 - [MESSAGE][PASSED] - Text 'UDF Data 7' is set on object 'Object Repository/VLink/Page_CCSale/txt_UDF7'

2023-02-15 22:28:42 - [MESSAGE][PASSED] - Text 'UDF Data 8' is set on object 'Object Repository/VLink/Page_CCSale/txt_UDF8'

2023-02-15 22:28:43 - [MESSAGE][PASSED] - Text 'UDF Data 9' is set on object 'Object Repository/VLink/Page_CCSale/txt_UDF9'

2023-02-15 22:28:43 - [MESSAGE][PASSED] - Text 'UDF Data 10' is set on object 'Object Repository/VLink/Page_CCSale/txt_UDF10'

2023-02-15 22:28:44 - [MESSAGE][PASSED] - Object: 'Object Repository/VLink/Page_CCSale/btn_ProcessVLinkTransaction' is clicked on

2023-02-15 22:28:49 - [MESSAGE][PASSED] - vlinkPages.saleCCPage.setDataSCC is PASSED

2023-02-15 22:28:49 - [TEST_STEP][PASSED] - if (verifyTextPresent(errorMsg, true)): null

2023-02-15 22:28:49 - [MESSAGE][PASSED] - Text 'card_address' is present on page  using regular expression

2023-02-15 22:28:49 - [TEST_STEP][PASSED] - println("Transaction Approved, no errors text is present on the Confirmation page"): null

2023-02-15 22:28:49 - [TEST_STEP][PASSED] - out.println("Pass Record Number: " + row): null

2023-02-15 22:28:49 - [TEST_STEP][PASSED] - resText = "Pass": null

2023-02-15 22:28:49 - [TEST_STEP][PASSED] - pages.WriteExcel.demoKey(resText, datText, resColumn, datCloumn, fileLoc, nameSheet, row): pages.WriteExcel.demoKey is PASSED

2023-02-15 22:28:49 - [MESSAGE][PASSED] - pages.WriteExcel.demoKey is PASSED

2023-02-15 22:28:49 - [TEST_STEP][PASSED] - sdfo = getText(findTestObject("Object Repository/Page_VLinkReceipt/pre_STX")): Text of object 'Object Repository/Page_VLinkReceipt/pre_STX' is: '<STX>tnukxihavcw3                                      2  Transaction failed                                20 Missing Parameter(s): card_address                                                         <ETX>'

2023-02-15 22:28:50 - [MESSAGE][PASSED] - Text of object 'Object Repository/Page_VLinkReceipt/pre_STX' is: '<STX>tnukxihavcw3                                      2  Transaction failed                                20 Missing Parameter(s): card_address                                                         <ETX>'

2023-02-15 22:28:50 - [TEST_STEP][PASSED] - out.println("sdfo: " + sdfo): null

2023-02-15 22:28:50 - [TEST_STEP][PASSED] - remID = substring(5, 35).trim(): null

2023-02-15 22:28:50 - [TEST_STEP][PASSED] - out.println("Remittance ID: " + remID): null

2023-02-15 22:28:50 - [TEST_STEP][PASSED] - traxID = substring(35, 55).trim(): null

2023-02-15 22:28:50 - [TEST_STEP][PASSED] - out.println("Transaction ID: " + traxID): null

2023-02-15 22:28:50 - [TEST_STEP][PASSED] - out.println("End Record Number: " + row): null

2023-02-15 22:28:50 - [TEST_STEP][PASSED] - closeBrowser(): Browser is closed

2023-02-15 22:28:51 - [MESSAGE][PASSED] - Browser is closed

2023-02-15 22:28:51 - [TEST_STEP][PASSED] - ExecuteTC = findTestData(dataFile).getValue("Execute", row): null

2023-02-15 22:28:51 - [TEST_STEP][PASSED] - out.println("Value of Execute is : " + ExecuteTC): null

2023-02-15 22:28:51 - [TEST_STEP][PASSED] - errorMsg = findTestData(dataFile).getValue("ErrorMsg", row): null

2023-02-15 22:28:51 - [TEST_STEP][PASSED] - if (ExecuteTC.equalsIgnoreCase("Y")): Browser is closed

2023-02-15 22:28:51 - [TEST_STEP][PASSED] - out.println("Begin Record Number: " + row): null

2023-02-15 22:28:51 - [TEST_STEP][PASSED] - today = new java.util.Date(): null

2023-02-15 22:28:51 - [TEST_STEP][PASSED] - println(today): null

2023-02-15 22:28:51 - [TEST_STEP][PASSED] - datText = today: null

2023-02-15 22:28:51 - [TEST_STEP][PASSED] - openBrowser(VLinkURL + "authcap.html"): Browser is opened with url: 'https://dev-algorithm.govolution.com/vlinktest/QA/version_2_0/authcap.html'

2023-02-15 22:28:51 - [MESSAGE][INFO] - Starting 'Chrome' driver

2023-02-15 22:28:51 - [MESSAGE][INFO] - User set preference: ['acceptInsecureCerts', 'true']

2023-02-15 22:28:51 - [MESSAGE][INFO] - Action delay is set to 0 milliseconds

2023-02-15 22:28:53 - [MESSAGE][PASSED] - Browser is opened with url: 'https://dev-algorithm.govolution.com/vlinktest/QA/version_2_0/authcap.html'

2023-02-15 22:28:53 - [TEST_STEP][PASSED] - maximizeWindow(): Current window maximized

2023-02-15 22:28:53 - [MESSAGE][PASSED] - Current window maximized

2023-02-15 22:28:53 - [TEST_STEP][PASSED] - vlinkPages.saleCCPage.setDataSCC(row, dataFile): vlinkPages.saleCCPage.setDataSCC is PASSED

2023-02-15 22:28:57 - [MESSAGE][PASSED] - Object 'Object Repository/VLink/Page_CCSale/txt_CardNumber' is present

2023-02-15 22:28:57 - [MESSAGE][PASSED] - Text '104' is set on object 'Object Repository/VLink/Page_CCSale/txt_TransactionType'

2023-02-15 22:28:58 - [MESSAGE][PASSED] - Text '2.0C' is set on object 'Object Repository/VLink/Page_CCSale/txt_MessageVersion'

2023-02-15 22:28:59 - [MESSAGE][PASSED] - Text 'MfA3043jN9vi' is set on object 'Object Repository/VLink/Page_CCSale/txt_RemID'

2023-02-15 22:28:59 - [MESSAGE][PASSED] - Text '234' is set on object 'Object Repository/VLink/Page_CCSale/txt_ApplicationId'

2023-02-15 22:29:00 - [MESSAGE][PASSED] - Text 'username' is set on object 'Object Repository/VLink/Page_CCSale/txt_Username'

2023-02-15 22:29:00 - [MESSAGE][PASSED] - Text 'password' is set on object 'Object Repository/VLink/Page_CCSale/txt_Password'

2023-02-15 22:29:01 - [MESSAGE][PASSED] - Text 'fixed_width' is set on object 'Object Repository/VLink/Page_CCSale/txt_ResponseFormat'

2023-02-15 22:29:02 - [MESSAGE][PASSED] - Text 'ECOM' is set on object 'Object Repository/VLink/Page_CCSale/txt_Category'

2023-02-15 22:29:02 - [MESSAGE][PASSED] - Text '' is set on object 'Object Repository/VLink/Page_CCSale/txt_TransactionID'

2023-02-15 22:29:03 - [MESSAGE][PASSED] - Text '' is set on object 'Object Repository/VLink/Page_CCSale/txt_ApprovalCode'

2023-02-15 22:29:04 - [MESSAGE][PASSED] - Text 'Kris Roshan' is set on object 'Object Repository/VLink/Page_CCSale/txt_CardName'

2023-02-15 22:29:05 - [MESSAGE][PASSED] - Text '258 Elm Road' is set on object 'Object Repository/VLink/Page_CCSale/txt_AL1'

2023-02-15 22:29:05 - [MESSAGE][PASSED] - Text 'Suite 56' is set on object 'Object Repository/VLink/Page_CCSale/txt_AL2'

2023-02-15 22:29:06 - [MESSAGE][PASSED] - Text 'Arlington' is set on object 'Object Repository/VLink/Page_CCSale/txt_CardCity'

2023-02-15 22:29:07 - [MESSAGE][PASSED] - Text 'VA' is set on object 'Object Repository/VLink/Page_CCSale/txt_CardState'

2023-02-15 22:29:07 - [MESSAGE][PASSED] - Text '' is set on object 'Object Repository/VLink/Page_CCSale/txt_CardZIP'

2023-02-15 22:29:08 - [MESSAGE][PASSED] - Text '840' is set on object 'Object Repository/VLink/Page_CCSale/txt_CountryID'

2023-02-15 22:29:09 - [MESSAGE][PASSED] - Text '1.50' is set on object 'Object Repository/VLink/Page_CCSale/txt_Amount'

2023-02-15 22:29:09 - [MESSAGE][PASSED] - Text '4111111111111111' is set on object 'Object Repository/VLink/Page_CCSale/txt_CardNumber'

2023-02-15 22:29:10 - [MESSAGE][PASSED] - Text '12' is set on object 'Object Repository/VLink/Page_CCSale/txt_ExpMonth'

2023-02-15 22:29:11 - [MESSAGE][PASSED] - Text '2025' is set on object 'Object Repository/VLink/Page_CCSale/txt_ExpYear'

2023-02-15 22:29:11 - [MESSAGE][PASSED] - Text '' is set on object 'Object Repository/VLink/Page_CCSale/txt_CVV'

2023-02-15 22:29:12 - [MESSAGE][PASSED] - Text '' is set on object 'Object Repository/VLink/Page_CCSale/txt_CVVstate'

2023-02-15 22:29:13 - [MESSAGE][PASSED] - Text '' is set on object 'Object Repository/VLink/Page_CCSale/txt_TrackData'

2023-02-15 22:29:13 - [MESSAGE][PASSED] - Text '' is set on object 'Object Repository/VLink/Page_CCSale/txt_Track1Data'

2023-02-15 22:29:14 - [MESSAGE][PASSED] - Text '' is set on object 'Object Repository/VLink/Page_CCSale/txt_Track2Data'

2023-02-15 22:29:15 - [MESSAGE][PASSED] - Text 'manual' is set on object 'Object Repository/VLink/Page_CCSale/txt_POSEntryMode'

2023-02-15 22:29:16 - [MESSAGE][PASSED] - Text 'iahmed@govolution.com' is set on object 'Object Repository/VLink/Page_CCSale/txt_Email'

2023-02-15 22:29:16 - [MESSAGE][PASSED] - Text '2569362' is set on object 'Object Repository/VLink/Page_CCSale/txt_OrderNumber'

2023-02-15 22:29:17 - [MESSAGE][PASSED] - Text '1.15' is set on object 'Object Repository/VLink/Page_CCSale/txt_TaxAmount'

2023-02-15 22:29:18 - [MESSAGE][PASSED] - Text 'Charge Description' is set on object 'Object Repository/VLink/Page_CCSale/txt_ChargeDescription'

2023-02-15 22:29:18 - [MESSAGE][PASSED] - Text '147357' is set on object 'Object Repository/VLink/Page_CCSale/txt_CAN'

2023-02-15 22:29:19 - [MESSAGE][PASSED] - Text '1' is set on object 'Object Repository/VLink/Page_CCSale/txt_BillPaymentIndicator'

2023-02-15 22:29:20 - [MESSAGE][PASSED] - Text 'UDF Data 1' is set on object 'Object Repository/VLink/Page_CCSale/txt_UDF1'

2023-02-15 22:29:21 - [MESSAGE][PASSED] - Text 'UDF Data 2' is set on object 'Object Repository/VLink/Page_CCSale/txt_UDF2'

2023-02-15 22:29:21 - [MESSAGE][PASSED] - Text 'UDF Data 3' is set on object 'Object Repository/VLink/Page_CCSale/txt_UDF3'

2023-02-15 22:29:22 - [MESSAGE][PASSED] - Text 'UDF Data 4' is set on object 'Object Repository/VLink/Page_CCSale/txt_UDF4'

2023-02-15 22:29:23 - [MESSAGE][PASSED] - Text 'UDF Data 5' is set on object 'Object Repository/VLink/Page_CCSale/txt_UDF5'

2023-02-15 22:29:23 - [MESSAGE][PASSED] - Text 'UDF Data 6' is set on object 'Object Repository/VLink/Page_CCSale/txt_UDF6'

2023-02-15 22:29:24 - [MESSAGE][PASSED] - Text 'UDF Data 7' is set on object 'Object Repository/VLink/Page_CCSale/txt_UDF7'

2023-02-15 22:29:25 - [MESSAGE][PASSED] - Text 'UDF Data 8' is set on object 'Object Repository/VLink/Page_CCSale/txt_UDF8'

2023-02-15 22:29:25 - [MESSAGE][PASSED] - Text 'UDF Data 9' is set on object 'Object Repository/VLink/Page_CCSale/txt_UDF9'

2023-02-15 22:29:26 - [MESSAGE][PASSED] - Text 'UDF Data 10' is set on object 'Object Repository/VLink/Page_CCSale/txt_UDF10'

2023-02-15 22:29:27 - [MESSAGE][PASSED] - Object: 'Object Repository/VLink/Page_CCSale/btn_ProcessVLinkTransaction' is clicked on

2023-02-15 22:29:32 - [MESSAGE][PASSED] - vlinkPages.saleCCPage.setDataSCC is PASSED

2023-02-15 22:29:32 - [TEST_STEP][PASSED] - if (verifyTextPresent(errorMsg, true)): null

2023-02-15 22:29:32 - [MESSAGE][PASSED] - Text 'card_zip' is present on page  using regular expression

2023-02-15 22:29:32 - [TEST_STEP][PASSED] - println("Transaction Approved, no errors text is present on the Confirmation page"): null

2023-02-15 22:29:32 - [TEST_STEP][PASSED] - out.println("Pass Record Number: " + row): null

2023-02-15 22:29:32 - [TEST_STEP][PASSED] - resText = "Pass": null

2023-02-15 22:29:32 - [TEST_STEP][PASSED] - pages.WriteExcel.demoKey(resText, datText, resColumn, datCloumn, fileLoc, nameSheet, row): pages.WriteExcel.demoKey is PASSED

2023-02-15 22:29:32 - [MESSAGE][PASSED] - pages.WriteExcel.demoKey is PASSED

2023-02-15 22:29:32 - [TEST_STEP][PASSED] - sdfo = getText(findTestObject("Object Repository/Page_VLinkReceipt/pre_STX")): Text of object 'Object Repository/Page_VLinkReceipt/pre_STX' is: '<STX>MfA3043jN9vi                                      2  Transaction failed                                20 Missing Parameter(s): card_zip                                                             <ETX>'

2023-02-15 22:29:32 - [MESSAGE][PASSED] - Text of object 'Object Repository/Page_VLinkReceipt/pre_STX' is: '<STX>MfA3043jN9vi                                      2  Transaction failed                                20 Missing Parameter(s): card_zip                                                             <ETX>'

2023-02-15 22:29:32 - [TEST_STEP][PASSED] - out.println("sdfo: " + sdfo): null

2023-02-15 22:29:32 - [TEST_STEP][PASSED] - remID = substring(5, 35).trim(): null

2023-02-15 22:29:32 - [TEST_STEP][PASSED] - out.println("Remittance ID: " + remID): null

2023-02-15 22:29:32 - [TEST_STEP][PASSED] - traxID = substring(35, 55).trim(): null

2023-02-15 22:29:32 - [TEST_STEP][PASSED] - out.println("Transaction ID: " + traxID): null

2023-02-15 22:29:32 - [TEST_STEP][PASSED] - out.println("End Record Number: " + row): null

2023-02-15 22:29:32 - [TEST_STEP][PASSED] - closeBrowser(): Browser is closed

2023-02-15 22:29:33 - [MESSAGE][PASSED] - Browser is closed

2023-02-15 22:29:33 - [TEST_STEP][PASSED] - ExecuteTC = findTestData(dataFile).getValue("Execute", row): null

2023-02-15 22:29:33 - [TEST_STEP][PASSED] - out.println("Value of Execute is : " + ExecuteTC): null

2023-02-15 22:29:33 - [TEST_STEP][PASSED] - errorMsg = findTestData(dataFile).getValue("ErrorMsg", row): null

2023-02-15 22:29:34 - [TEST_STEP][PASSED] - if (ExecuteTC.equalsIgnoreCase("Y")): Browser is closed

2023-02-15 22:29:34 - [TEST_STEP][PASSED] - out.println("Begin Record Number: " + row): null

2023-02-15 22:29:34 - [TEST_STEP][PASSED] - today = new java.util.Date(): null

2023-02-15 22:29:34 - [TEST_STEP][PASSED] - println(today): null

2023-02-15 22:29:34 - [TEST_STEP][PASSED] - datText = today: null

2023-02-15 22:29:34 - [TEST_STEP][PASSED] - openBrowser(VLinkURL + "authcap.html"): Browser is opened with url: 'https://dev-algorithm.govolution.com/vlinktest/QA/version_2_0/authcap.html'

2023-02-15 22:29:34 - [MESSAGE][INFO] - Starting 'Chrome' driver

2023-02-15 22:29:34 - [MESSAGE][INFO] - User set preference: ['acceptInsecureCerts', 'true']

2023-02-15 22:29:34 - [MESSAGE][INFO] - Action delay is set to 0 milliseconds

2023-02-15 22:29:36 - [MESSAGE][PASSED] - Browser is opened with url: 'https://dev-algorithm.govolution.com/vlinktest/QA/version_2_0/authcap.html'

2023-02-15 22:29:36 - [TEST_STEP][PASSED] - maximizeWindow(): Current window maximized

2023-02-15 22:29:36 - [MESSAGE][PASSED] - Current window maximized

2023-02-15 22:29:36 - [TEST_STEP][PASSED] - vlinkPages.saleCCPage.setDataSCC(row, dataFile): vlinkPages.saleCCPage.setDataSCC is PASSED

2023-02-15 22:29:40 - [MESSAGE][PASSED] - Object 'Object Repository/VLink/Page_CCSale/txt_CardNumber' is present

2023-02-15 22:29:40 - [MESSAGE][PASSED] - Text '104' is set on object 'Object Repository/VLink/Page_CCSale/txt_TransactionType'

2023-02-15 22:29:41 - [MESSAGE][PASSED] - Text '2.0C' is set on object 'Object Repository/VLink/Page_CCSale/txt_MessageVersion'

2023-02-15 22:29:42 - [MESSAGE][PASSED] - Text '86JrkxyIezGj' is set on object 'Object Repository/VLink/Page_CCSale/txt_RemID'

2023-02-15 22:29:42 - [MESSAGE][PASSED] - Text '234' is set on object 'Object Repository/VLink/Page_CCSale/txt_ApplicationId'

2023-02-15 22:29:43 - [MESSAGE][PASSED] - Text 'username' is set on object 'Object Repository/VLink/Page_CCSale/txt_Username'

2023-02-15 22:29:43 - [MESSAGE][PASSED] - Text 'password' is set on object 'Object Repository/VLink/Page_CCSale/txt_Password'

2023-02-15 22:29:44 - [MESSAGE][PASSED] - Text 'fixed_width' is set on object 'Object Repository/VLink/Page_CCSale/txt_ResponseFormat'

2023-02-15 22:29:45 - [MESSAGE][PASSED] - Text 'MOTO' is set on object 'Object Repository/VLink/Page_CCSale/txt_Category'

2023-02-15 22:29:45 - [MESSAGE][PASSED] - Text '' is set on object 'Object Repository/VLink/Page_CCSale/txt_TransactionID'

2023-02-15 22:29:46 - [MESSAGE][PASSED] - Text '' is set on object 'Object Repository/VLink/Page_CCSale/txt_ApprovalCode'

2023-02-15 22:29:47 - [MESSAGE][PASSED] - Text 'Kris Roshan' is set on object 'Object Repository/VLink/Page_CCSale/txt_CardName'

2023-02-15 22:29:47 - [MESSAGE][PASSED] - Text '258 Elm Road' is set on object 'Object Repository/VLink/Page_CCSale/txt_AL1'

2023-02-15 22:29:48 - [MESSAGE][PASSED] - Text 'Suite 56' is set on object 'Object Repository/VLink/Page_CCSale/txt_AL2'

2023-02-15 22:29:49 - [MESSAGE][PASSED] - Text 'Arlington' is set on object 'Object Repository/VLink/Page_CCSale/txt_CardCity'

2023-02-15 22:29:49 - [MESSAGE][PASSED] - Text 'VA' is set on object 'Object Repository/VLink/Page_CCSale/txt_CardState'

2023-02-15 22:29:50 - [MESSAGE][PASSED] - Text '' is set on object 'Object Repository/VLink/Page_CCSale/txt_CardZIP'

2023-02-15 22:29:51 - [MESSAGE][PASSED] - Text '840' is set on object 'Object Repository/VLink/Page_CCSale/txt_CountryID'

2023-02-15 22:29:52 - [MESSAGE][PASSED] - Text '1.50' is set on object 'Object Repository/VLink/Page_CCSale/txt_Amount'

2023-02-15 22:29:52 - [MESSAGE][PASSED] - Text '4111111111111111' is set on object 'Object Repository/VLink/Page_CCSale/txt_CardNumber'

2023-02-15 22:29:53 - [MESSAGE][PASSED] - Text '12' is set on object 'Object Repository/VLink/Page_CCSale/txt_ExpMonth'

2023-02-15 22:29:54 - [MESSAGE][PASSED] - Text '2025' is set on object 'Object Repository/VLink/Page_CCSale/txt_ExpYear'

2023-02-15 22:29:54 - [MESSAGE][PASSED] - Text '' is set on object 'Object Repository/VLink/Page_CCSale/txt_CVV'

2023-02-15 22:29:55 - [MESSAGE][PASSED] - Text '' is set on object 'Object Repository/VLink/Page_CCSale/txt_CVVstate'

2023-02-15 22:29:56 - [MESSAGE][PASSED] - Text '' is set on object 'Object Repository/VLink/Page_CCSale/txt_TrackData'

2023-02-15 22:29:56 - [MESSAGE][PASSED] - Text '' is set on object 'Object Repository/VLink/Page_CCSale/txt_Track1Data'

2023-02-15 22:29:57 - [MESSAGE][PASSED] - Text '' is set on object 'Object Repository/VLink/Page_CCSale/txt_Track2Data'

2023-02-15 22:29:58 - [MESSAGE][PASSED] - Text 'manual' is set on object 'Object Repository/VLink/Page_CCSale/txt_POSEntryMode'

2023-02-15 22:29:58 - [MESSAGE][PASSED] - Text 'iahmed@govolution.com' is set on object 'Object Repository/VLink/Page_CCSale/txt_Email'

2023-02-15 22:29:59 - [MESSAGE][PASSED] - Text '2569362' is set on object 'Object Repository/VLink/Page_CCSale/txt_OrderNumber'

2023-02-15 22:30:00 - [MESSAGE][PASSED] - Text '1.15' is set on object 'Object Repository/VLink/Page_CCSale/txt_TaxAmount'

2023-02-15 22:30:00 - [MESSAGE][PASSED] - Text 'Charge Description' is set on object 'Object Repository/VLink/Page_CCSale/txt_ChargeDescription'

2023-02-15 22:30:01 - [MESSAGE][PASSED] - Text '147357' is set on object 'Object Repository/VLink/Page_CCSale/txt_CAN'

2023-02-15 22:30:02 - [MESSAGE][PASSED] - Text '1' is set on object 'Object Repository/VLink/Page_CCSale/txt_BillPaymentIndicator'

2023-02-15 22:30:02 - [MESSAGE][PASSED] - Text 'UDF Data 1' is set on object 'Object Repository/VLink/Page_CCSale/txt_UDF1'

2023-02-15 22:30:03 - [MESSAGE][PASSED] - Text 'UDF Data 2' is set on object 'Object Repository/VLink/Page_CCSale/txt_UDF2'

2023-02-15 22:30:04 - [MESSAGE][PASSED] - Text 'UDF Data 3' is set on object 'Object Repository/VLink/Page_CCSale/txt_UDF3'

2023-02-15 22:30:04 - [MESSAGE][PASSED] - Text 'UDF Data 4' is set on object 'Object Repository/VLink/Page_CCSale/txt_UDF4'

2023-02-15 22:30:05 - [MESSAGE][PASSED] - Text 'UDF Data 5' is set on object 'Object Repository/VLink/Page_CCSale/txt_UDF5'

2023-02-15 22:30:06 - [MESSAGE][PASSED] - Text 'UDF Data 6' is set on object 'Object Repository/VLink/Page_CCSale/txt_UDF6'

2023-02-15 22:30:07 - [MESSAGE][PASSED] - Text 'UDF Data 7' is set on object 'Object Repository/VLink/Page_CCSale/txt_UDF7'

2023-02-15 22:30:07 - [MESSAGE][PASSED] - Text 'UDF Data 8' is set on object 'Object Repository/VLink/Page_CCSale/txt_UDF8'

2023-02-15 22:30:08 - [MESSAGE][PASSED] - Text 'UDF Data 9' is set on object 'Object Repository/VLink/Page_CCSale/txt_UDF9'

2023-02-15 22:30:09 - [MESSAGE][PASSED] - Text 'UDF Data 10' is set on object 'Object Repository/VLink/Page_CCSale/txt_UDF10'

2023-02-15 22:30:09 - [MESSAGE][PASSED] - Object: 'Object Repository/VLink/Page_CCSale/btn_ProcessVLinkTransaction' is clicked on

2023-02-15 22:30:14 - [MESSAGE][PASSED] - vlinkPages.saleCCPage.setDataSCC is PASSED

2023-02-15 22:30:14 - [TEST_STEP][PASSED] - if (verifyTextPresent(errorMsg, true)): null

2023-02-15 22:30:15 - [MESSAGE][PASSED] - Text 'card_zip' is present on page  using regular expression

2023-02-15 22:30:15 - [TEST_STEP][PASSED] - println("Transaction Approved, no errors text is present on the Confirmation page"): null

2023-02-15 22:30:15 - [TEST_STEP][PASSED] - out.println("Pass Record Number: " + row): null

2023-02-15 22:30:15 - [TEST_STEP][PASSED] - resText = "Pass": null

2023-02-15 22:30:15 - [TEST_STEP][PASSED] - pages.WriteExcel.demoKey(resText, datText, resColumn, datCloumn, fileLoc, nameSheet, row): pages.WriteExcel.demoKey is PASSED

2023-02-15 22:30:15 - [MESSAGE][PASSED] - pages.WriteExcel.demoKey is PASSED

2023-02-15 22:30:15 - [TEST_STEP][PASSED] - sdfo = getText(findTestObject("Object Repository/Page_VLinkReceipt/pre_STX")): Text of object 'Object Repository/Page_VLinkReceipt/pre_STX' is: '<STX>86JrkxyIezGj                                      2  Transaction failed                                20 Missing Parameter(s): card_zip                                                             <ETX>'

2023-02-15 22:30:15 - [MESSAGE][PASSED] - Text of object 'Object Repository/Page_VLinkReceipt/pre_STX' is: '<STX>86JrkxyIezGj                                      2  Transaction failed                                20 Missing Parameter(s): card_zip                                                             <ETX>'

2023-02-15 22:30:15 - [TEST_STEP][PASSED] - out.println("sdfo: " + sdfo): null

2023-02-15 22:30:15 - [TEST_STEP][PASSED] - remID = substring(5, 35).trim(): null

2023-02-15 22:30:15 - [TEST_STEP][PASSED] - out.println("Remittance ID: " + remID): null

2023-02-15 22:30:15 - [TEST_STEP][PASSED] - traxID = substring(35, 55).trim(): null

2023-02-15 22:30:15 - [TEST_STEP][PASSED] - out.println("Transaction ID: " + traxID): null

2023-02-15 22:30:15 - [TEST_STEP][PASSED] - out.println("End Record Number: " + row): null

2023-02-15 22:30:15 - [TEST_STEP][PASSED] - closeBrowser(): Browser is closed

2023-02-15 22:30:16 - [MESSAGE][PASSED] - Browser is closed

2023-02-15 22:30:16 - [TEST_STEP][PASSED] - ExecuteTC = findTestData(dataFile).getValue("Execute", row): null

2023-02-15 22:30:16 - [TEST_STEP][PASSED] - out.println("Value of Execute is : " + ExecuteTC): null

2023-02-15 22:30:16 - [TEST_STEP][PASSED] - errorMsg = findTestData(dataFile).getValue("ErrorMsg", row): null

2023-02-15 22:30:16 - [TEST_STEP][PASSED] - if (ExecuteTC.equalsIgnoreCase("Y")): Browser is closed

2023-02-15 22:30:16 - [TEST_STEP][PASSED] - out.println("Begin Record Number: " + row): null

2023-02-15 22:30:16 - [TEST_STEP][PASSED] - today = new java.util.Date(): null

2023-02-15 22:30:16 - [TEST_STEP][PASSED] - println(today): null

2023-02-15 22:30:16 - [TEST_STEP][PASSED] - datText = today: null

2023-02-15 22:30:16 - [TEST_STEP][PASSED] - openBrowser(VLinkURL + "authcap.html"): Browser is opened with url: 'https://dev-algorithm.govolution.com/vlinktest/QA/version_2_0/authcap.html'

2023-02-15 22:30:16 - [MESSAGE][INFO] - Starting 'Chrome' driver

2023-02-15 22:30:16 - [MESSAGE][INFO] - User set preference: ['acceptInsecureCerts', 'true']

2023-02-15 22:30:16 - [MESSAGE][INFO] - Action delay is set to 0 milliseconds

2023-02-15 22:30:18 - [MESSAGE][PASSED] - Browser is opened with url: 'https://dev-algorithm.govolution.com/vlinktest/QA/version_2_0/authcap.html'

2023-02-15 22:30:18 - [TEST_STEP][PASSED] - maximizeWindow(): Current window maximized

2023-02-15 22:30:18 - [MESSAGE][PASSED] - Current window maximized

2023-02-15 22:30:18 - [TEST_STEP][PASSED] - vlinkPages.saleCCPage.setDataSCC(row, dataFile): vlinkPages.saleCCPage.setDataSCC is PASSED

2023-02-15 22:30:22 - [MESSAGE][PASSED] - Object 'Object Repository/VLink/Page_CCSale/txt_CardNumber' is present

2023-02-15 22:30:23 - [MESSAGE][PASSED] - Text '104' is set on object 'Object Repository/VLink/Page_CCSale/txt_TransactionType'

2023-02-15 22:30:23 - [MESSAGE][PASSED] - Text '2.0C' is set on object 'Object Repository/VLink/Page_CCSale/txt_MessageVersion'

2023-02-15 22:30:24 - [MESSAGE][PASSED] - Text 'L1x5BGxr2BG7' is set on object 'Object Repository/VLink/Page_CCSale/txt_RemID'

2023-02-15 22:30:25 - [MESSAGE][PASSED] - Text '234' is set on object 'Object Repository/VLink/Page_CCSale/txt_ApplicationId'

2023-02-15 22:30:25 - [MESSAGE][PASSED] - Text 'username' is set on object 'Object Repository/VLink/Page_CCSale/txt_Username'

2023-02-15 22:30:26 - [MESSAGE][PASSED] - Text 'password' is set on object 'Object Repository/VLink/Page_CCSale/txt_Password'

2023-02-15 22:30:26 - [MESSAGE][PASSED] - Text 'fixed_width' is set on object 'Object Repository/VLink/Page_CCSale/txt_ResponseFormat'

2023-02-15 22:30:27 - [MESSAGE][PASSED] - Text 'ECOM' is set on object 'Object Repository/VLink/Page_CCSale/txt_Category'

2023-02-15 22:30:28 - [MESSAGE][PASSED] - Text '' is set on object 'Object Repository/VLink/Page_CCSale/txt_TransactionID'

2023-02-15 22:30:28 - [MESSAGE][PASSED] - Text '' is set on object 'Object Repository/VLink/Page_CCSale/txt_ApprovalCode'

2023-02-15 22:30:29 - [MESSAGE][PASSED] - Text 'Kris Roshan' is set on object 'Object Repository/VLink/Page_CCSale/txt_CardName'

2023-02-15 22:30:30 - [MESSAGE][PASSED] - Text '258 Elm Road' is set on object 'Object Repository/VLink/Page_CCSale/txt_AL1'

2023-02-15 22:30:31 - [MESSAGE][PASSED] - Text 'Suite 56' is set on object 'Object Repository/VLink/Page_CCSale/txt_AL2'

2023-02-15 22:30:31 - [MESSAGE][PASSED] - Text 'Arlington' is set on object 'Object Repository/VLink/Page_CCSale/txt_CardCity'

2023-02-15 22:30:32 - [MESSAGE][PASSED] - Text 'VA' is set on object 'Object Repository/VLink/Page_CCSale/txt_CardState'

2023-02-15 22:30:33 - [MESSAGE][PASSED] - Text '22201' is set on object 'Object Repository/VLink/Page_CCSale/txt_CardZIP'

2023-02-15 22:30:33 - [MESSAGE][PASSED] - Text '840' is set on object 'Object Repository/VLink/Page_CCSale/txt_CountryID'

2023-02-15 22:30:34 - [MESSAGE][PASSED] - Text '' is set on object 'Object Repository/VLink/Page_CCSale/txt_Amount'

2023-02-15 22:30:35 - [MESSAGE][PASSED] - Text '4111111111111111' is set on object 'Object Repository/VLink/Page_CCSale/txt_CardNumber'

2023-02-15 22:30:35 - [MESSAGE][PASSED] - Text '12' is set on object 'Object Repository/VLink/Page_CCSale/txt_ExpMonth'

2023-02-15 22:30:36 - [MESSAGE][PASSED] - Text '2025' is set on object 'Object Repository/VLink/Page_CCSale/txt_ExpYear'

2023-02-15 22:30:37 - [MESSAGE][PASSED] - Text '' is set on object 'Object Repository/VLink/Page_CCSale/txt_CVV'

2023-02-15 22:30:37 - [MESSAGE][PASSED] - Text '' is set on object 'Object Repository/VLink/Page_CCSale/txt_CVVstate'

2023-02-15 22:30:38 - [MESSAGE][PASSED] - Text '' is set on object 'Object Repository/VLink/Page_CCSale/txt_TrackData'

2023-02-15 22:30:39 - [MESSAGE][PASSED] - Text '' is set on object 'Object Repository/VLink/Page_CCSale/txt_Track1Data'

2023-02-15 22:30:39 - [MESSAGE][PASSED] - Text '' is set on object 'Object Repository/VLink/Page_CCSale/txt_Track2Data'

2023-02-15 22:30:40 - [MESSAGE][PASSED] - Text 'manual' is set on object 'Object Repository/VLink/Page_CCSale/txt_POSEntryMode'

2023-02-15 22:30:41 - [MESSAGE][PASSED] - Text 'iahmed@govolution.com' is set on object 'Object Repository/VLink/Page_CCSale/txt_Email'

2023-02-15 22:30:41 - [MESSAGE][PASSED] - Text '2569362' is set on object 'Object Repository/VLink/Page_CCSale/txt_OrderNumber'

2023-02-15 22:30:42 - [MESSAGE][PASSED] - Text '1.15' is set on object 'Object Repository/VLink/Page_CCSale/txt_TaxAmount'

2023-02-15 22:30:43 - [MESSAGE][PASSED] - Text 'Charge Description' is set on object 'Object Repository/VLink/Page_CCSale/txt_ChargeDescription'

2023-02-15 22:30:43 - [MESSAGE][PASSED] - Text '147357' is set on object 'Object Repository/VLink/Page_CCSale/txt_CAN'

2023-02-15 22:30:44 - [MESSAGE][PASSED] - Text '1' is set on object 'Object Repository/VLink/Page_CCSale/txt_BillPaymentIndicator'

2023-02-15 22:30:45 - [MESSAGE][PASSED] - Text 'UDF Data 1' is set on object 'Object Repository/VLink/Page_CCSale/txt_UDF1'

2023-02-15 22:30:45 - [MESSAGE][PASSED] - Text 'UDF Data 2' is set on object 'Object Repository/VLink/Page_CCSale/txt_UDF2'

2023-02-15 22:30:46 - [MESSAGE][PASSED] - Text 'UDF Data 3' is set on object 'Object Repository/VLink/Page_CCSale/txt_UDF3'

2023-02-15 22:30:47 - [MESSAGE][PASSED] - Text 'UDF Data 4' is set on object 'Object Repository/VLink/Page_CCSale/txt_UDF4'

2023-02-15 22:30:47 - [MESSAGE][PASSED] - Text 'UDF Data 5' is set on object 'Object Repository/VLink/Page_CCSale/txt_UDF5'

2023-02-15 22:30:48 - [MESSAGE][PASSED] - Text 'UDF Data 6' is set on object 'Object Repository/VLink/Page_CCSale/txt_UDF6'

2023-02-15 22:30:49 - [MESSAGE][PASSED] - Text 'UDF Data 7' is set on object 'Object Repository/VLink/Page_CCSale/txt_UDF7'

2023-02-15 22:30:50 - [MESSAGE][PASSED] - Text 'UDF Data 8' is set on object 'Object Repository/VLink/Page_CCSale/txt_UDF8'

2023-02-15 22:30:50 - [MESSAGE][PASSED] - Text 'UDF Data 9' is set on object 'Object Repository/VLink/Page_CCSale/txt_UDF9'

2023-02-15 22:30:51 - [MESSAGE][PASSED] - Text 'UDF Data 10' is set on object 'Object Repository/VLink/Page_CCSale/txt_UDF10'

2023-02-15 22:30:52 - [MESSAGE][PASSED] - Object: 'Object Repository/VLink/Page_CCSale/btn_ProcessVLinkTransaction' is clicked on

2023-02-15 22:30:57 - [MESSAGE][PASSED] - vlinkPages.saleCCPage.setDataSCC is PASSED

2023-02-15 22:30:57 - [TEST_STEP][PASSED] - if (verifyTextPresent(errorMsg, true)): null

2023-02-15 22:30:57 - [MESSAGE][PASSED] - Text 'amount' is present on page  using regular expression

2023-02-15 22:30:57 - [TEST_STEP][PASSED] - println("Transaction Approved, no errors text is present on the Confirmation page"): null

2023-02-15 22:30:57 - [TEST_STEP][PASSED] - out.println("Pass Record Number: " + row): null

2023-02-15 22:30:57 - [TEST_STEP][PASSED] - resText = "Pass": null

2023-02-15 22:30:57 - [TEST_STEP][PASSED] - pages.WriteExcel.demoKey(resText, datText, resColumn, datCloumn, fileLoc, nameSheet, row): pages.WriteExcel.demoKey is PASSED

2023-02-15 22:30:57 - [MESSAGE][PASSED] - pages.WriteExcel.demoKey is PASSED

2023-02-15 22:30:57 - [TEST_STEP][PASSED] - sdfo = getText(findTestObject("Object Repository/Page_VLinkReceipt/pre_STX")): Text of object 'Object Repository/Page_VLinkReceipt/pre_STX' is: '<STX>L1x5BGxr2BG7                                      2  Transaction failed                                20 Missing Parameter(s): amount                                                               <ETX>'

2023-02-15 22:30:57 - [MESSAGE][PASSED] - Text of object 'Object Repository/Page_VLinkReceipt/pre_STX' is: '<STX>L1x5BGxr2BG7                                      2  Transaction failed                                20 Missing Parameter(s): amount                                                               <ETX>'

2023-02-15 22:30:57 - [TEST_STEP][PASSED] - out.println("sdfo: " + sdfo): null

2023-02-15 22:30:57 - [TEST_STEP][PASSED] - remID = substring(5, 35).trim(): null

2023-02-15 22:30:57 - [TEST_STEP][PASSED] - out.println("Remittance ID: " + remID): null

2023-02-15 22:30:57 - [TEST_STEP][PASSED] - traxID = substring(35, 55).trim(): null

2023-02-15 22:30:57 - [TEST_STEP][PASSED] - out.println("Transaction ID: " + traxID): null

2023-02-15 22:30:57 - [TEST_STEP][PASSED] - out.println("End Record Number: " + row): null

2023-02-15 22:30:57 - [TEST_STEP][PASSED] - closeBrowser(): Browser is closed

2023-02-15 22:30:58 - [MESSAGE][PASSED] - Browser is closed

2023-02-15 22:30:58 - [TEST_STEP][PASSED] - ExecuteTC = findTestData(dataFile).getValue("Execute", row): null

2023-02-15 22:30:58 - [TEST_STEP][PASSED] - out.println("Value of Execute is : " + ExecuteTC): null

2023-02-15 22:30:58 - [TEST_STEP][PASSED] - errorMsg = findTestData(dataFile).getValue("ErrorMsg", row): null

2023-02-15 22:30:59 - [TEST_STEP][PASSED] - if (ExecuteTC.equalsIgnoreCase("Y")): Browser is closed

2023-02-15 22:30:59 - [TEST_STEP][PASSED] - out.println("Begin Record Number: " + row): null

2023-02-15 22:30:59 - [TEST_STEP][PASSED] - today = new java.util.Date(): null

2023-02-15 22:30:59 - [TEST_STEP][PASSED] - println(today): null

2023-02-15 22:30:59 - [TEST_STEP][PASSED] - datText = today: null

2023-02-15 22:30:59 - [TEST_STEP][PASSED] - openBrowser(VLinkURL + "authcap.html"): Browser is opened with url: 'https://dev-algorithm.govolution.com/vlinktest/QA/version_2_0/authcap.html'

2023-02-15 22:30:59 - [MESSAGE][INFO] - Starting 'Chrome' driver

2023-02-15 22:30:59 - [MESSAGE][INFO] - User set preference: ['acceptInsecureCerts', 'true']

2023-02-15 22:30:59 - [MESSAGE][INFO] - Action delay is set to 0 milliseconds

2023-02-15 22:31:00 - [MESSAGE][PASSED] - Browser is opened with url: 'https://dev-algorithm.govolution.com/vlinktest/QA/version_2_0/authcap.html'

2023-02-15 22:31:00 - [TEST_STEP][PASSED] - maximizeWindow(): Current window maximized

2023-02-15 22:31:01 - [MESSAGE][PASSED] - Current window maximized

2023-02-15 22:31:01 - [TEST_STEP][PASSED] - vlinkPages.saleCCPage.setDataSCC(row, dataFile): vlinkPages.saleCCPage.setDataSCC is PASSED

2023-02-15 22:31:04 - [MESSAGE][PASSED] - Object 'Object Repository/VLink/Page_CCSale/txt_CardNumber' is present

2023-02-15 22:31:05 - [MESSAGE][PASSED] - Text '104' is set on object 'Object Repository/VLink/Page_CCSale/txt_TransactionType'

2023-02-15 22:31:06 - [MESSAGE][PASSED] - Text '2.0C' is set on object 'Object Repository/VLink/Page_CCSale/txt_MessageVersion'

2023-02-15 22:31:06 - [MESSAGE][PASSED] - Text 'wAOy1UAuFIzG' is set on object 'Object Repository/VLink/Page_CCSale/txt_RemID'

2023-02-15 22:31:07 - [MESSAGE][PASSED] - Text '234' is set on object 'Object Repository/VLink/Page_CCSale/txt_ApplicationId'

2023-02-15 22:31:07 - [MESSAGE][PASSED] - Text 'username' is set on object 'Object Repository/VLink/Page_CCSale/txt_Username'

2023-02-15 22:31:08 - [MESSAGE][PASSED] - Text 'password' is set on object 'Object Repository/VLink/Page_CCSale/txt_Password'

2023-02-15 22:31:09 - [MESSAGE][PASSED] - Text 'fixed_width' is set on object 'Object Repository/VLink/Page_CCSale/txt_ResponseFormat'

2023-02-15 22:31:09 - [MESSAGE][PASSED] - Text 'MOTO' is set on object 'Object Repository/VLink/Page_CCSale/txt_Category'

2023-02-15 22:31:10 - [MESSAGE][PASSED] - Text '' is set on object 'Object Repository/VLink/Page_CCSale/txt_TransactionID'

2023-02-15 22:31:11 - [MESSAGE][PASSED] - Text '' is set on object 'Object Repository/VLink/Page_CCSale/txt_ApprovalCode'

2023-02-15 22:31:11 - [MESSAGE][PASSED] - Text 'Kris Roshan' is set on object 'Object Repository/VLink/Page_CCSale/txt_CardName'

2023-02-15 22:31:12 - [MESSAGE][PASSED] - Text '258 Elm Road' is set on object 'Object Repository/VLink/Page_CCSale/txt_AL1'

2023-02-15 22:31:13 - [MESSAGE][PASSED] - Text 'Suite 56' is set on object 'Object Repository/VLink/Page_CCSale/txt_AL2'

2023-02-15 22:31:13 - [MESSAGE][PASSED] - Text 'Arlington' is set on object 'Object Repository/VLink/Page_CCSale/txt_CardCity'

2023-02-15 22:31:14 - [MESSAGE][PASSED] - Text 'VA' is set on object 'Object Repository/VLink/Page_CCSale/txt_CardState'

2023-02-15 22:31:15 - [MESSAGE][PASSED] - Text '22201' is set on object 'Object Repository/VLink/Page_CCSale/txt_CardZIP'

2023-02-15 22:31:16 - [MESSAGE][PASSED] - Text '840' is set on object 'Object Repository/VLink/Page_CCSale/txt_CountryID'

2023-02-15 22:31:16 - [MESSAGE][PASSED] - Text '' is set on object 'Object Repository/VLink/Page_CCSale/txt_Amount'

2023-02-15 22:31:17 - [MESSAGE][PASSED] - Text '4111111111111111' is set on object 'Object Repository/VLink/Page_CCSale/txt_CardNumber'

2023-02-15 22:31:18 - [MESSAGE][PASSED] - Text '12' is set on object 'Object Repository/VLink/Page_CCSale/txt_ExpMonth'

2023-02-15 22:31:18 - [MESSAGE][PASSED] - Text '2025' is set on object 'Object Repository/VLink/Page_CCSale/txt_ExpYear'

2023-02-15 22:31:19 - [MESSAGE][PASSED] - Text '' is set on object 'Object Repository/VLink/Page_CCSale/txt_CVV'

2023-02-15 22:31:20 - [MESSAGE][PASSED] - Text '' is set on object 'Object Repository/VLink/Page_CCSale/txt_CVVstate'

2023-02-15 22:31:20 - [MESSAGE][PASSED] - Text '' is set on object 'Object Repository/VLink/Page_CCSale/txt_TrackData'

2023-02-15 22:31:21 - [MESSAGE][PASSED] - Text '' is set on object 'Object Repository/VLink/Page_CCSale/txt_Track1Data'

2023-02-15 22:31:22 - [MESSAGE][PASSED] - Text '' is set on object 'Object Repository/VLink/Page_CCSale/txt_Track2Data'

2023-02-15 22:31:23 - [MESSAGE][PASSED] - Text 'manual' is set on object 'Object Repository/VLink/Page_CCSale/txt_POSEntryMode'

2023-02-15 22:31:23 - [MESSAGE][PASSED] - Text 'iahmed@govolution.com' is set on object 'Object Repository/VLink/Page_CCSale/txt_Email'

2023-02-15 22:31:24 - [MESSAGE][PASSED] - Text '2569362' is set on object 'Object Repository/VLink/Page_CCSale/txt_OrderNumber'

2023-02-15 22:31:25 - [MESSAGE][PASSED] - Text '1.15' is set on object 'Object Repository/VLink/Page_CCSale/txt_TaxAmount'

2023-02-15 22:31:25 - [MESSAGE][PASSED] - Text 'Charge Description' is set on object 'Object Repository/VLink/Page_CCSale/txt_ChargeDescription'

2023-02-15 22:31:26 - [MESSAGE][PASSED] - Text '147357' is set on object 'Object Repository/VLink/Page_CCSale/txt_CAN'

2023-02-15 22:31:26 - [MESSAGE][PASSED] - Text '1' is set on object 'Object Repository/VLink/Page_CCSale/txt_BillPaymentIndicator'

2023-02-15 22:31:27 - [MESSAGE][PASSED] - Text 'UDF Data 1' is set on object 'Object Repository/VLink/Page_CCSale/txt_UDF1'

2023-02-15 22:31:28 - [MESSAGE][PASSED] - Text 'UDF Data 2' is set on object 'Object Repository/VLink/Page_CCSale/txt_UDF2'

2023-02-15 22:31:28 - [MESSAGE][PASSED] - Text 'UDF Data 3' is set on object 'Object Repository/VLink/Page_CCSale/txt_UDF3'

2023-02-15 22:31:29 - [MESSAGE][PASSED] - Text 'UDF Data 4' is set on object 'Object Repository/VLink/Page_CCSale/txt_UDF4'

2023-02-15 22:31:30 - [MESSAGE][PASSED] - Text 'UDF Data 5' is set on object 'Object Repository/VLink/Page_CCSale/txt_UDF5'

2023-02-15 22:31:30 - [MESSAGE][PASSED] - Text 'UDF Data 6' is set on object 'Object Repository/VLink/Page_CCSale/txt_UDF6'

2023-02-15 22:31:31 - [MESSAGE][PASSED] - Text 'UDF Data 7' is set on object 'Object Repository/VLink/Page_CCSale/txt_UDF7'

2023-02-15 22:31:32 - [MESSAGE][PASSED] - Text 'UDF Data 8' is set on object 'Object Repository/VLink/Page_CCSale/txt_UDF8'

2023-02-15 22:31:32 - [MESSAGE][PASSED] - Text 'UDF Data 9' is set on object 'Object Repository/VLink/Page_CCSale/txt_UDF9'

2023-02-15 22:31:33 - [MESSAGE][PASSED] - Text 'UDF Data 10' is set on object 'Object Repository/VLink/Page_CCSale/txt_UDF10'

2023-02-15 22:31:34 - [MESSAGE][PASSED] - Object: 'Object Repository/VLink/Page_CCSale/btn_ProcessVLinkTransaction' is clicked on

2023-02-15 22:31:39 - [MESSAGE][PASSED] - vlinkPages.saleCCPage.setDataSCC is PASSED

2023-02-15 22:31:39 - [TEST_STEP][PASSED] - if (verifyTextPresent(errorMsg, true)): null

2023-02-15 22:31:39 - [MESSAGE][PASSED] - Text 'amount' is present on page  using regular expression

2023-02-15 22:31:39 - [TEST_STEP][PASSED] - println("Transaction Approved, no errors text is present on the Confirmation page"): null

2023-02-15 22:31:39 - [TEST_STEP][PASSED] - out.println("Pass Record Number: " + row): null

2023-02-15 22:31:39 - [TEST_STEP][PASSED] - resText = "Pass": null

2023-02-15 22:31:39 - [TEST_STEP][PASSED] - pages.WriteExcel.demoKey(resText, datText, resColumn, datCloumn, fileLoc, nameSheet, row): pages.WriteExcel.demoKey is PASSED

2023-02-15 22:31:39 - [MESSAGE][PASSED] - pages.WriteExcel.demoKey is PASSED

2023-02-15 22:31:39 - [TEST_STEP][PASSED] - sdfo = getText(findTestObject("Object Repository/Page_VLinkReceipt/pre_STX")): Text of object 'Object Repository/Page_VLinkReceipt/pre_STX' is: '<STX>wAOy1UAuFIzG                                      2  Transaction failed                                20 Missing Parameter(s): amount                                                               <ETX>'

2023-02-15 22:31:39 - [MESSAGE][PASSED] - Text of object 'Object Repository/Page_VLinkReceipt/pre_STX' is: '<STX>wAOy1UAuFIzG                                      2  Transaction failed                                20 Missing Parameter(s): amount                                                               <ETX>'

2023-02-15 22:31:39 - [TEST_STEP][PASSED] - out.println("sdfo: " + sdfo): null

2023-02-15 22:31:39 - [TEST_STEP][PASSED] - remID = substring(5, 35).trim(): null

2023-02-15 22:31:39 - [TEST_STEP][PASSED] - out.println("Remittance ID: " + remID): null

2023-02-15 22:31:39 - [TEST_STEP][PASSED] - traxID = substring(35, 55).trim(): null

2023-02-15 22:31:39 - [TEST_STEP][PASSED] - out.println("Transaction ID: " + traxID): null

2023-02-15 22:31:39 - [TEST_STEP][PASSED] - out.println("End Record Number: " + row): null

2023-02-15 22:31:39 - [TEST_STEP][PASSED] - closeBrowser(): Browser is closed

2023-02-15 22:31:40 - [MESSAGE][PASSED] - Browser is closed

2023-02-15 22:31:40 - [TEST_STEP][PASSED] - ExecuteTC = findTestData(dataFile).getValue("Execute", row): null

2023-02-15 22:31:40 - [TEST_STEP][PASSED] - out.println("Value of Execute is : " + ExecuteTC): null

2023-02-15 22:31:40 - [TEST_STEP][PASSED] - errorMsg = findTestData(dataFile).getValue("ErrorMsg", row): null

2023-02-15 22:31:40 - [TEST_STEP][PASSED] - if (ExecuteTC.equalsIgnoreCase("Y")): Browser is closed

2023-02-15 22:31:40 - [TEST_STEP][PASSED] - out.println("Begin Record Number: " + row): null

2023-02-15 22:31:40 - [TEST_STEP][PASSED] - today = new java.util.Date(): null

2023-02-15 22:31:40 - [TEST_STEP][PASSED] - println(today): null

2023-02-15 22:31:40 - [TEST_STEP][PASSED] - datText = today: null

2023-02-15 22:31:40 - [TEST_STEP][PASSED] - openBrowser(VLinkURL + "authcap.html"): Browser is opened with url: 'https://dev-algorithm.govolution.com/vlinktest/QA/version_2_0/authcap.html'

2023-02-15 22:31:40 - [MESSAGE][INFO] - Starting 'Chrome' driver

2023-02-15 22:31:40 - [MESSAGE][INFO] - User set preference: ['acceptInsecureCerts', 'true']

2023-02-15 22:31:40 - [MESSAGE][INFO] - Action delay is set to 0 milliseconds

2023-02-15 22:31:42 - [MESSAGE][PASSED] - Browser is opened with url: 'https://dev-algorithm.govolution.com/vlinktest/QA/version_2_0/authcap.html'

2023-02-15 22:31:42 - [TEST_STEP][PASSED] - maximizeWindow(): Current window maximized

2023-02-15 22:31:42 - [MESSAGE][PASSED] - Current window maximized

2023-02-15 22:31:42 - [TEST_STEP][PASSED] - vlinkPages.saleCCPage.setDataSCC(row, dataFile): vlinkPages.saleCCPage.setDataSCC is PASSED

2023-02-15 22:31:46 - [MESSAGE][PASSED] - Object 'Object Repository/VLink/Page_CCSale/txt_CardNumber' is present

2023-02-15 22:31:47 - [MESSAGE][PASSED] - Text '104' is set on object 'Object Repository/VLink/Page_CCSale/txt_TransactionType'

2023-02-15 22:31:48 - [MESSAGE][PASSED] - Text '2.0C' is set on object 'Object Repository/VLink/Page_CCSale/txt_MessageVersion'

2023-02-15 22:31:48 - [MESSAGE][PASSED] - Text 'NQvbFd7JXp76' is set on object 'Object Repository/VLink/Page_CCSale/txt_RemID'

2023-02-15 22:31:49 - [MESSAGE][PASSED] - Text '234' is set on object 'Object Repository/VLink/Page_CCSale/txt_ApplicationId'

2023-02-15 22:31:49 - [MESSAGE][PASSED] - Text 'username' is set on object 'Object Repository/VLink/Page_CCSale/txt_Username'

2023-02-15 22:31:50 - [MESSAGE][PASSED] - Text 'password' is set on object 'Object Repository/VLink/Page_CCSale/txt_Password'

2023-02-15 22:31:51 - [MESSAGE][PASSED] - Text 'fixed_width' is set on object 'Object Repository/VLink/Page_CCSale/txt_ResponseFormat'

2023-02-15 22:31:51 - [MESSAGE][PASSED] - Text 'RETL' is set on object 'Object Repository/VLink/Page_CCSale/txt_Category'

2023-02-15 22:31:52 - [MESSAGE][PASSED] - Text '' is set on object 'Object Repository/VLink/Page_CCSale/txt_TransactionID'

2023-02-15 22:31:53 - [MESSAGE][PASSED] - Text '' is set on object 'Object Repository/VLink/Page_CCSale/txt_ApprovalCode'

2023-02-15 22:31:53 - [MESSAGE][PASSED] - Text 'Kris Roshan' is set on object 'Object Repository/VLink/Page_CCSale/txt_CardName'

2023-02-15 22:31:54 - [MESSAGE][PASSED] - Text '258 Elm Road' is set on object 'Object Repository/VLink/Page_CCSale/txt_AL1'

2023-02-15 22:31:55 - [MESSAGE][PASSED] - Text 'Suite 56' is set on object 'Object Repository/VLink/Page_CCSale/txt_AL2'

2023-02-15 22:31:55 - [MESSAGE][PASSED] - Text 'Arlington' is set on object 'Object Repository/VLink/Page_CCSale/txt_CardCity'

2023-02-15 22:31:56 - [MESSAGE][PASSED] - Text 'VA' is set on object 'Object Repository/VLink/Page_CCSale/txt_CardState'

2023-02-15 22:31:57 - [MESSAGE][PASSED] - Text '22201' is set on object 'Object Repository/VLink/Page_CCSale/txt_CardZIP'

2023-02-15 22:31:57 - [MESSAGE][PASSED] - Text '840' is set on object 'Object Repository/VLink/Page_CCSale/txt_CountryID'

2023-02-15 22:31:58 - [MESSAGE][PASSED] - Text '' is set on object 'Object Repository/VLink/Page_CCSale/txt_Amount'

2023-02-15 22:31:59 - [MESSAGE][PASSED] - Text '4111111111111111' is set on object 'Object Repository/VLink/Page_CCSale/txt_CardNumber'

2023-02-15 22:32:00 - [MESSAGE][PASSED] - Text '12' is set on object 'Object Repository/VLink/Page_CCSale/txt_ExpMonth'

2023-02-15 22:32:00 - [MESSAGE][PASSED] - Text '2025' is set on object 'Object Repository/VLink/Page_CCSale/txt_ExpYear'

2023-02-15 22:32:01 - [MESSAGE][PASSED] - Text '' is set on object 'Object Repository/VLink/Page_CCSale/txt_CVV'

2023-02-15 22:32:02 - [MESSAGE][PASSED] - Text '' is set on object 'Object Repository/VLink/Page_CCSale/txt_CVVstate'

2023-02-15 22:32:02 - [MESSAGE][PASSED] - Text '' is set on object 'Object Repository/VLink/Page_CCSale/txt_TrackData'

2023-02-15 22:32:03 - [MESSAGE][PASSED] - Text '' is set on object 'Object Repository/VLink/Page_CCSale/txt_Track1Data'

2023-02-15 22:32:04 - [MESSAGE][PASSED] - Text '' is set on object 'Object Repository/VLink/Page_CCSale/txt_Track2Data'

2023-02-15 22:32:04 - [MESSAGE][PASSED] - Text 'manual' is set on object 'Object Repository/VLink/Page_CCSale/txt_POSEntryMode'

2023-02-15 22:32:05 - [MESSAGE][PASSED] - Text 'iahmed@govolution.com' is set on object 'Object Repository/VLink/Page_CCSale/txt_Email'

2023-02-15 22:32:06 - [MESSAGE][PASSED] - Text '2569362' is set on object 'Object Repository/VLink/Page_CCSale/txt_OrderNumber'

2023-02-15 22:32:06 - [MESSAGE][PASSED] - Text '1.15' is set on object 'Object Repository/VLink/Page_CCSale/txt_TaxAmount'

2023-02-15 22:32:07 - [MESSAGE][PASSED] - Text 'Charge Description' is set on object 'Object Repository/VLink/Page_CCSale/txt_ChargeDescription'

2023-02-15 22:32:08 - [MESSAGE][PASSED] - Text '147357' is set on object 'Object Repository/VLink/Page_CCSale/txt_CAN'

2023-02-15 22:32:08 - [MESSAGE][PASSED] - Text '1' is set on object 'Object Repository/VLink/Page_CCSale/txt_BillPaymentIndicator'

2023-02-15 22:32:09 - [MESSAGE][PASSED] - Text 'UDF Data 1' is set on object 'Object Repository/VLink/Page_CCSale/txt_UDF1'

2023-02-15 22:32:10 - [MESSAGE][PASSED] - Text 'UDF Data 2' is set on object 'Object Repository/VLink/Page_CCSale/txt_UDF2'

2023-02-15 22:32:10 - [MESSAGE][PASSED] - Text 'UDF Data 3' is set on object 'Object Repository/VLink/Page_CCSale/txt_UDF3'

2023-02-15 22:32:11 - [MESSAGE][PASSED] - Text 'UDF Data 4' is set on object 'Object Repository/VLink/Page_CCSale/txt_UDF4'

2023-02-15 22:32:12 - [MESSAGE][PASSED] - Text 'UDF Data 5' is set on object 'Object Repository/VLink/Page_CCSale/txt_UDF5'

2023-02-15 22:32:12 - [MESSAGE][PASSED] - Text 'UDF Data 6' is set on object 'Object Repository/VLink/Page_CCSale/txt_UDF6'

2023-02-15 22:32:13 - [MESSAGE][PASSED] - Text 'UDF Data 7' is set on object 'Object Repository/VLink/Page_CCSale/txt_UDF7'

2023-02-15 22:32:14 - [MESSAGE][PASSED] - Text 'UDF Data 8' is set on object 'Object Repository/VLink/Page_CCSale/txt_UDF8'

2023-02-15 22:32:15 - [MESSAGE][PASSED] - Text 'UDF Data 9' is set on object 'Object Repository/VLink/Page_CCSale/txt_UDF9'

2023-02-15 22:32:15 - [MESSAGE][PASSED] - Text 'UDF Data 10' is set on object 'Object Repository/VLink/Page_CCSale/txt_UDF10'

2023-02-15 22:32:16 - [MESSAGE][PASSED] - Object: 'Object Repository/VLink/Page_CCSale/btn_ProcessVLinkTransaction' is clicked on

2023-02-15 22:32:21 - [MESSAGE][PASSED] - vlinkPages.saleCCPage.setDataSCC is PASSED

2023-02-15 22:32:21 - [TEST_STEP][PASSED] - if (verifyTextPresent(errorMsg, true)): null

2023-02-15 22:32:21 - [MESSAGE][PASSED] - Text 'amount' is present on page  using regular expression

2023-02-15 22:32:21 - [TEST_STEP][PASSED] - println("Transaction Approved, no errors text is present on the Confirmation page"): null

2023-02-15 22:32:21 - [TEST_STEP][PASSED] - out.println("Pass Record Number: " + row): null

2023-02-15 22:32:21 - [TEST_STEP][PASSED] - resText = "Pass": null

2023-02-15 22:32:21 - [TEST_STEP][PASSED] - pages.WriteExcel.demoKey(resText, datText, resColumn, datCloumn, fileLoc, nameSheet, row): pages.WriteExcel.demoKey is PASSED

2023-02-15 22:32:21 - [MESSAGE][PASSED] - pages.WriteExcel.demoKey is PASSED

2023-02-15 22:32:21 - [TEST_STEP][PASSED] - sdfo = getText(findTestObject("Object Repository/Page_VLinkReceipt/pre_STX")): Text of object 'Object Repository/Page_VLinkReceipt/pre_STX' is: '<STX>NQvbFd7JXp76                                      2  Transaction failed                                20 Missing Parameter(s): amount                                                               <ETX>'

2023-02-15 22:32:22 - [MESSAGE][PASSED] - Text of object 'Object Repository/Page_VLinkReceipt/pre_STX' is: '<STX>NQvbFd7JXp76                                      2  Transaction failed                                20 Missing Parameter(s): amount                                                               <ETX>'

2023-02-15 22:32:22 - [TEST_STEP][PASSED] - out.println("sdfo: " + sdfo): null

2023-02-15 22:32:22 - [TEST_STEP][PASSED] - remID = substring(5, 35).trim(): null

2023-02-15 22:32:22 - [TEST_STEP][PASSED] - out.println("Remittance ID: " + remID): null

2023-02-15 22:32:22 - [TEST_STEP][PASSED] - traxID = substring(35, 55).trim(): null

2023-02-15 22:32:22 - [TEST_STEP][PASSED] - out.println("Transaction ID: " + traxID): null

2023-02-15 22:32:22 - [TEST_STEP][PASSED] - out.println("End Record Number: " + row): null

2023-02-15 22:32:22 - [TEST_STEP][PASSED] - closeBrowser(): Browser is closed

2023-02-15 22:32:23 - [MESSAGE][PASSED] - Browser is closed

2023-02-15 22:32:23 - [TEST_STEP][PASSED] - ExecuteTC = findTestData(dataFile).getValue("Execute", row): null

2023-02-15 22:32:23 - [TEST_STEP][PASSED] - out.println("Value of Execute is : " + ExecuteTC): null

2023-02-15 22:32:23 - [TEST_STEP][PASSED] - errorMsg = findTestData(dataFile).getValue("ErrorMsg", row): null

2023-02-15 22:32:23 - [TEST_STEP][PASSED] - if (ExecuteTC.equalsIgnoreCase("Y")): Browser is closed

2023-02-15 22:32:23 - [TEST_STEP][PASSED] - out.println("Begin Record Number: " + row): null

2023-02-15 22:32:23 - [TEST_STEP][PASSED] - today = new java.util.Date(): null

2023-02-15 22:32:23 - [TEST_STEP][PASSED] - println(today): null

2023-02-15 22:32:23 - [TEST_STEP][PASSED] - datText = today: null

2023-02-15 22:32:23 - [TEST_STEP][PASSED] - openBrowser(VLinkURL + "authcap.html"): Browser is opened with url: 'https://dev-algorithm.govolution.com/vlinktest/QA/version_2_0/authcap.html'

2023-02-15 22:32:23 - [MESSAGE][INFO] - Starting 'Chrome' driver

2023-02-15 22:32:23 - [MESSAGE][INFO] - User set preference: ['acceptInsecureCerts', 'true']

2023-02-15 22:32:23 - [MESSAGE][INFO] - Action delay is set to 0 milliseconds

2023-02-15 22:32:25 - [MESSAGE][PASSED] - Browser is opened with url: 'https://dev-algorithm.govolution.com/vlinktest/QA/version_2_0/authcap.html'

2023-02-15 22:32:25 - [TEST_STEP][PASSED] - maximizeWindow(): Current window maximized

2023-02-15 22:32:25 - [MESSAGE][PASSED] - Current window maximized

2023-02-15 22:32:25 - [TEST_STEP][PASSED] - vlinkPages.saleCCPage.setDataSCC(row, dataFile): vlinkPages.saleCCPage.setDataSCC is PASSED

2023-02-15 22:32:29 - [MESSAGE][PASSED] - Object 'Object Repository/VLink/Page_CCSale/txt_CardNumber' is present

2023-02-15 22:32:29 - [MESSAGE][PASSED] - Text '104' is set on object 'Object Repository/VLink/Page_CCSale/txt_TransactionType'

2023-02-15 22:32:30 - [MESSAGE][PASSED] - Text '2.0C' is set on object 'Object Repository/VLink/Page_CCSale/txt_MessageVersion'

2023-02-15 22:32:31 - [MESSAGE][PASSED] - Text 'pEjTAtkVAX1B' is set on object 'Object Repository/VLink/Page_CCSale/txt_RemID'

2023-02-15 22:32:31 - [MESSAGE][PASSED] - Text '234' is set on object 'Object Repository/VLink/Page_CCSale/txt_ApplicationId'

2023-02-15 22:32:32 - [MESSAGE][PASSED] - Text 'username' is set on object 'Object Repository/VLink/Page_CCSale/txt_Username'

2023-02-15 22:32:32 - [MESSAGE][PASSED] - Text 'password' is set on object 'Object Repository/VLink/Page_CCSale/txt_Password'

2023-02-15 22:32:33 - [MESSAGE][PASSED] - Text 'fixed_width' is set on object 'Object Repository/VLink/Page_CCSale/txt_ResponseFormat'

2023-02-15 22:32:34 - [MESSAGE][PASSED] - Text 'ECOM' is set on object 'Object Repository/VLink/Page_CCSale/txt_Category'

2023-02-15 22:32:34 - [MESSAGE][PASSED] - Text '' is set on object 'Object Repository/VLink/Page_CCSale/txt_TransactionID'

2023-02-15 22:32:35 - [MESSAGE][PASSED] - Text '' is set on object 'Object Repository/VLink/Page_CCSale/txt_ApprovalCode'

2023-02-15 22:32:36 - [MESSAGE][PASSED] - Text 'Kris Roshan' is set on object 'Object Repository/VLink/Page_CCSale/txt_CardName'

2023-02-15 22:32:36 - [MESSAGE][PASSED] - Text '258 Elm Road' is set on object 'Object Repository/VLink/Page_CCSale/txt_AL1'

2023-02-15 22:32:37 - [MESSAGE][PASSED] - Text 'Suite 56' is set on object 'Object Repository/VLink/Page_CCSale/txt_AL2'

2023-02-15 22:32:38 - [MESSAGE][PASSED] - Text 'Arlington' is set on object 'Object Repository/VLink/Page_CCSale/txt_CardCity'

2023-02-15 22:32:39 - [MESSAGE][PASSED] - Text 'VA' is set on object 'Object Repository/VLink/Page_CCSale/txt_CardState'

2023-02-15 22:32:39 - [MESSAGE][PASSED] - Text '22201' is set on object 'Object Repository/VLink/Page_CCSale/txt_CardZIP'

2023-02-15 22:32:40 - [MESSAGE][PASSED] - Text '840' is set on object 'Object Repository/VLink/Page_CCSale/txt_CountryID'

2023-02-15 22:32:41 - [MESSAGE][PASSED] - Text '1.50' is set on object 'Object Repository/VLink/Page_CCSale/txt_Amount'

2023-02-15 22:32:41 - [MESSAGE][PASSED] - Text '' is set on object 'Object Repository/VLink/Page_CCSale/txt_CardNumber'

2023-02-15 22:32:42 - [MESSAGE][PASSED] - Text '12' is set on object 'Object Repository/VLink/Page_CCSale/txt_ExpMonth'

2023-02-15 22:32:43 - [MESSAGE][PASSED] - Text '2025' is set on object 'Object Repository/VLink/Page_CCSale/txt_ExpYear'

2023-02-15 22:32:43 - [MESSAGE][PASSED] - Text '' is set on object 'Object Repository/VLink/Page_CCSale/txt_CVV'

2023-02-15 22:32:44 - [MESSAGE][PASSED] - Text '' is set on object 'Object Repository/VLink/Page_CCSale/txt_CVVstate'

2023-02-15 22:32:45 - [MESSAGE][PASSED] - Text '' is set on object 'Object Repository/VLink/Page_CCSale/txt_TrackData'

2023-02-15 22:32:45 - [MESSAGE][PASSED] - Text '' is set on object 'Object Repository/VLink/Page_CCSale/txt_Track1Data'

2023-02-15 22:32:46 - [MESSAGE][PASSED] - Text '' is set on object 'Object Repository/VLink/Page_CCSale/txt_Track2Data'

2023-02-15 22:32:47 - [MESSAGE][PASSED] - Text 'manual' is set on object 'Object Repository/VLink/Page_CCSale/txt_POSEntryMode'

2023-02-15 22:32:47 - [MESSAGE][PASSED] - Text 'iahmed@govolution.com' is set on object 'Object Repository/VLink/Page_CCSale/txt_Email'

2023-02-15 22:32:48 - [MESSAGE][PASSED] - Text '2569362' is set on object 'Object Repository/VLink/Page_CCSale/txt_OrderNumber'

2023-02-15 22:32:49 - [MESSAGE][PASSED] - Text '1.15' is set on object 'Object Repository/VLink/Page_CCSale/txt_TaxAmount'

2023-02-15 22:32:49 - [MESSAGE][PASSED] - Text 'Charge Description' is set on object 'Object Repository/VLink/Page_CCSale/txt_ChargeDescription'

2023-02-15 22:32:50 - [MESSAGE][PASSED] - Text '147357' is set on object 'Object Repository/VLink/Page_CCSale/txt_CAN'

2023-02-15 22:32:51 - [MESSAGE][PASSED] - Text '1' is set on object 'Object Repository/VLink/Page_CCSale/txt_BillPaymentIndicator'

2023-02-15 22:32:52 - [MESSAGE][PASSED] - Text 'UDF Data 1' is set on object 'Object Repository/VLink/Page_CCSale/txt_UDF1'

2023-02-15 22:32:52 - [MESSAGE][PASSED] - Text 'UDF Data 2' is set on object 'Object Repository/VLink/Page_CCSale/txt_UDF2'

2023-02-15 22:32:53 - [MESSAGE][PASSED] - Text 'UDF Data 3' is set on object 'Object Repository/VLink/Page_CCSale/txt_UDF3'

2023-02-15 22:32:54 - [MESSAGE][PASSED] - Text 'UDF Data 4' is set on object 'Object Repository/VLink/Page_CCSale/txt_UDF4'

2023-02-15 22:32:54 - [MESSAGE][PASSED] - Text 'UDF Data 5' is set on object 'Object Repository/VLink/Page_CCSale/txt_UDF5'

2023-02-15 22:32:55 - [MESSAGE][PASSED] - Text 'UDF Data 6' is set on object 'Object Repository/VLink/Page_CCSale/txt_UDF6'

2023-02-15 22:32:56 - [MESSAGE][PASSED] - Text 'UDF Data 7' is set on object 'Object Repository/VLink/Page_CCSale/txt_UDF7'

2023-02-15 22:32:56 - [MESSAGE][PASSED] - Text 'UDF Data 8' is set on object 'Object Repository/VLink/Page_CCSale/txt_UDF8'

2023-02-15 22:32:57 - [MESSAGE][PASSED] - Text 'UDF Data 9' is set on object 'Object Repository/VLink/Page_CCSale/txt_UDF9'

2023-02-15 22:32:58 - [MESSAGE][PASSED] - Text 'UDF Data 10' is set on object 'Object Repository/VLink/Page_CCSale/txt_UDF10'

2023-02-15 22:32:58 - [MESSAGE][PASSED] - Object: 'Object Repository/VLink/Page_CCSale/btn_ProcessVLinkTransaction' is clicked on

2023-02-15 22:33:03 - [MESSAGE][PASSED] - vlinkPages.saleCCPage.setDataSCC is PASSED

2023-02-15 22:33:03 - [TEST_STEP][PASSED] - if (verifyTextPresent(errorMsg, true)): null

2023-02-15 22:33:04 - [MESSAGE][PASSED] - Text 'card_number' is present on page  using regular expression

2023-02-15 22:33:04 - [TEST_STEP][PASSED] - println("Transaction Approved, no errors text is present on the Confirmation page"): null

2023-02-15 22:33:04 - [TEST_STEP][PASSED] - out.println("Pass Record Number: " + row): null

2023-02-15 22:33:04 - [TEST_STEP][PASSED] - resText = "Pass": null

2023-02-15 22:33:04 - [TEST_STEP][PASSED] - pages.WriteExcel.demoKey(resText, datText, resColumn, datCloumn, fileLoc, nameSheet, row): pages.WriteExcel.demoKey is PASSED

2023-02-15 22:33:04 - [MESSAGE][PASSED] - pages.WriteExcel.demoKey is PASSED

2023-02-15 22:33:04 - [TEST_STEP][PASSED] - sdfo = getText(findTestObject("Object Repository/Page_VLinkReceipt/pre_STX")): Text of object 'Object Repository/Page_VLinkReceipt/pre_STX' is: '<STX>pEjTAtkVAX1B                                      2  Transaction failed                                20 Missing Parameter(s): card_number                                                          <ETX>'

2023-02-15 22:33:04 - [MESSAGE][PASSED] - Text of object 'Object Repository/Page_VLinkReceipt/pre_STX' is: '<STX>pEjTAtkVAX1B                                      2  Transaction failed                                20 Missing Parameter(s): card_number                                                          <ETX>'

2023-02-15 22:33:04 - [TEST_STEP][PASSED] - out.println("sdfo: " + sdfo): null

2023-02-15 22:33:04 - [TEST_STEP][PASSED] - remID = substring(5, 35).trim(): null

2023-02-15 22:33:04 - [TEST_STEP][PASSED] - out.println("Remittance ID: " + remID): null

2023-02-15 22:33:04 - [TEST_STEP][PASSED] - traxID = substring(35, 55).trim(): null

2023-02-15 22:33:04 - [TEST_STEP][PASSED] - out.println("Transaction ID: " + traxID): null

2023-02-15 22:33:04 - [TEST_STEP][PASSED] - out.println("End Record Number: " + row): null

2023-02-15 22:33:04 - [TEST_STEP][PASSED] - closeBrowser(): Browser is closed

2023-02-15 22:33:05 - [MESSAGE][PASSED] - Browser is closed

2023-02-15 22:33:05 - [TEST_STEP][PASSED] - ExecuteTC = findTestData(dataFile).getValue("Execute", row): null

2023-02-15 22:33:05 - [TEST_STEP][PASSED] - out.println("Value of Execute is : " + ExecuteTC): null

2023-02-15 22:33:05 - [TEST_STEP][PASSED] - errorMsg = findTestData(dataFile).getValue("ErrorMsg", row): null

2023-02-15 22:33:05 - [TEST_STEP][PASSED] - if (ExecuteTC.equalsIgnoreCase("Y")): Browser is closed

2023-02-15 22:33:05 - [TEST_STEP][PASSED] - out.println("Begin Record Number: " + row): null

2023-02-15 22:33:05 - [TEST_STEP][PASSED] - today = new java.util.Date(): null

2023-02-15 22:33:05 - [TEST_STEP][PASSED] - println(today): null

2023-02-15 22:33:05 - [TEST_STEP][PASSED] - datText = today: null

2023-02-15 22:33:05 - [TEST_STEP][PASSED] - openBrowser(VLinkURL + "authcap.html"): Browser is opened with url: 'https://dev-algorithm.govolution.com/vlinktest/QA/version_2_0/authcap.html'

2023-02-15 22:33:05 - [MESSAGE][INFO] - Starting 'Chrome' driver

2023-02-15 22:33:05 - [MESSAGE][INFO] - User set preference: ['acceptInsecureCerts', 'true']

2023-02-15 22:33:05 - [MESSAGE][INFO] - Action delay is set to 0 milliseconds

2023-02-15 22:33:07 - [MESSAGE][PASSED] - Browser is opened with url: 'https://dev-algorithm.govolution.com/vlinktest/QA/version_2_0/authcap.html'

2023-02-15 22:33:07 - [TEST_STEP][PASSED] - maximizeWindow(): Current window maximized

2023-02-15 22:33:07 - [MESSAGE][PASSED] - Current window maximized

2023-02-15 22:33:07 - [TEST_STEP][PASSED] - vlinkPages.saleCCPage.setDataSCC(row, dataFile): vlinkPages.saleCCPage.setDataSCC is PASSED

2023-02-15 22:33:11 - [MESSAGE][PASSED] - Object 'Object Repository/VLink/Page_CCSale/txt_CardNumber' is present

2023-02-15 22:33:12 - [MESSAGE][PASSED] - Text '104' is set on object 'Object Repository/VLink/Page_CCSale/txt_TransactionType'

2023-02-15 22:33:13 - [MESSAGE][PASSED] - Text '2.0C' is set on object 'Object Repository/VLink/Page_CCSale/txt_MessageVersion'

2023-02-15 22:33:13 - [MESSAGE][PASSED] - Text 'NMljyO5YsWfh' is set on object 'Object Repository/VLink/Page_CCSale/txt_RemID'

2023-02-15 22:33:14 - [MESSAGE][PASSED] - Text '234' is set on object 'Object Repository/VLink/Page_CCSale/txt_ApplicationId'

2023-02-15 22:33:14 - [MESSAGE][PASSED] - Text 'username' is set on object 'Object Repository/VLink/Page_CCSale/txt_Username'

2023-02-15 22:33:15 - [MESSAGE][PASSED] - Text 'password' is set on object 'Object Repository/VLink/Page_CCSale/txt_Password'

2023-02-15 22:33:16 - [MESSAGE][PASSED] - Text 'fixed_width' is set on object 'Object Repository/VLink/Page_CCSale/txt_ResponseFormat'

2023-02-15 22:33:17 - [MESSAGE][PASSED] - Text 'MOTO' is set on object 'Object Repository/VLink/Page_CCSale/txt_Category'

2023-02-15 22:33:17 - [MESSAGE][PASSED] - Text '' is set on object 'Object Repository/VLink/Page_CCSale/txt_TransactionID'

2023-02-15 22:33:18 - [MESSAGE][PASSED] - Text '' is set on object 'Object Repository/VLink/Page_CCSale/txt_ApprovalCode'

2023-02-15 22:33:19 - [MESSAGE][PASSED] - Text 'Kris Roshan' is set on object 'Object Repository/VLink/Page_CCSale/txt_CardName'

2023-02-15 22:33:19 - [MESSAGE][PASSED] - Text '258 Elm Road' is set on object 'Object Repository/VLink/Page_CCSale/txt_AL1'

2023-02-15 22:33:20 - [MESSAGE][PASSED] - Text 'Suite 56' is set on object 'Object Repository/VLink/Page_CCSale/txt_AL2'

2023-02-15 22:33:21 - [MESSAGE][PASSED] - Text 'Arlington' is set on object 'Object Repository/VLink/Page_CCSale/txt_CardCity'

2023-02-15 22:33:21 - [MESSAGE][PASSED] - Text 'VA' is set on object 'Object Repository/VLink/Page_CCSale/txt_CardState'

2023-02-15 22:33:22 - [MESSAGE][PASSED] - Text '22201' is set on object 'Object Repository/VLink/Page_CCSale/txt_CardZIP'

2023-02-15 22:33:23 - [MESSAGE][PASSED] - Text '840' is set on object 'Object Repository/VLink/Page_CCSale/txt_CountryID'

2023-02-15 22:33:23 - [MESSAGE][PASSED] - Text '1.50' is set on object 'Object Repository/VLink/Page_CCSale/txt_Amount'

2023-02-15 22:33:24 - [MESSAGE][PASSED] - Text '' is set on object 'Object Repository/VLink/Page_CCSale/txt_CardNumber'

2023-02-15 22:33:25 - [MESSAGE][PASSED] - Text '12' is set on object 'Object Repository/VLink/Page_CCSale/txt_ExpMonth'

2023-02-15 22:33:26 - [MESSAGE][PASSED] - Text '2025' is set on object 'Object Repository/VLink/Page_CCSale/txt_ExpYear'

2023-02-15 22:33:26 - [MESSAGE][PASSED] - Text '' is set on object 'Object Repository/VLink/Page_CCSale/txt_CVV'

2023-02-15 22:33:27 - [MESSAGE][PASSED] - Text '' is set on object 'Object Repository/VLink/Page_CCSale/txt_CVVstate'

2023-02-15 22:33:28 - [MESSAGE][PASSED] - Text '' is set on object 'Object Repository/VLink/Page_CCSale/txt_TrackData'

2023-02-15 22:33:28 - [MESSAGE][PASSED] - Text '' is set on object 'Object Repository/VLink/Page_CCSale/txt_Track1Data'

2023-02-15 22:33:29 - [MESSAGE][PASSED] - Text '' is set on object 'Object Repository/VLink/Page_CCSale/txt_Track2Data'

2023-02-15 22:33:30 - [MESSAGE][PASSED] - Text 'manual' is set on object 'Object Repository/VLink/Page_CCSale/txt_POSEntryMode'

2023-02-15 22:33:30 - [MESSAGE][PASSED] - Text 'iahmed@govolution.com' is set on object 'Object Repository/VLink/Page_CCSale/txt_Email'

2023-02-15 22:33:31 - [MESSAGE][PASSED] - Text '2569362' is set on object 'Object Repository/VLink/Page_CCSale/txt_OrderNumber'

2023-02-15 22:33:32 - [MESSAGE][PASSED] - Text '1.15' is set on object 'Object Repository/VLink/Page_CCSale/txt_TaxAmount'

2023-02-15 22:33:32 - [MESSAGE][PASSED] - Text 'Charge Description' is set on object 'Object Repository/VLink/Page_CCSale/txt_ChargeDescription'

2023-02-15 22:33:33 - [MESSAGE][PASSED] - Text '147357' is set on object 'Object Repository/VLink/Page_CCSale/txt_CAN'

2023-02-15 22:33:34 - [MESSAGE][PASSED] - Text '1' is set on object 'Object Repository/VLink/Page_CCSale/txt_BillPaymentIndicator'

2023-02-15 22:33:34 - [MESSAGE][PASSED] - Text 'UDF Data 1' is set on object 'Object Repository/VLink/Page_CCSale/txt_UDF1'

2023-02-15 22:33:35 - [MESSAGE][PASSED] - Text 'UDF Data 2' is set on object 'Object Repository/VLink/Page_CCSale/txt_UDF2'

2023-02-15 22:33:36 - [MESSAGE][PASSED] - Text 'UDF Data 3' is set on object 'Object Repository/VLink/Page_CCSale/txt_UDF3'

2023-02-15 22:33:37 - [MESSAGE][PASSED] - Text 'UDF Data 4' is set on object 'Object Repository/VLink/Page_CCSale/txt_UDF4'

2023-02-15 22:33:37 - [MESSAGE][PASSED] - Text 'UDF Data 5' is set on object 'Object Repository/VLink/Page_CCSale/txt_UDF5'

2023-02-15 22:33:38 - [MESSAGE][PASSED] - Text 'UDF Data 6' is set on object 'Object Repository/VLink/Page_CCSale/txt_UDF6'

2023-02-15 22:33:39 - [MESSAGE][PASSED] - Text 'UDF Data 7' is set on object 'Object Repository/VLink/Page_CCSale/txt_UDF7'

2023-02-15 22:33:39 - [MESSAGE][PASSED] - Text 'UDF Data 8' is set on object 'Object Repository/VLink/Page_CCSale/txt_UDF8'

2023-02-15 22:33:40 - [MESSAGE][PASSED] - Text 'UDF Data 9' is set on object 'Object Repository/VLink/Page_CCSale/txt_UDF9'

2023-02-15 22:33:41 - [MESSAGE][PASSED] - Text 'UDF Data 10' is set on object 'Object Repository/VLink/Page_CCSale/txt_UDF10'

2023-02-15 22:33:41 - [MESSAGE][PASSED] - Object: 'Object Repository/VLink/Page_CCSale/btn_ProcessVLinkTransaction' is clicked on

2023-02-15 22:33:46 - [MESSAGE][PASSED] - vlinkPages.saleCCPage.setDataSCC is PASSED

2023-02-15 22:33:46 - [TEST_STEP][PASSED] - if (verifyTextPresent(errorMsg, true)): null

2023-02-15 22:33:47 - [MESSAGE][PASSED] - Text 'card_number' is present on page  using regular expression

2023-02-15 22:33:47 - [TEST_STEP][PASSED] - println("Transaction Approved, no errors text is present on the Confirmation page"): null

2023-02-15 22:33:47 - [TEST_STEP][PASSED] - out.println("Pass Record Number: " + row): null

2023-02-15 22:33:47 - [TEST_STEP][PASSED] - resText = "Pass": null

2023-02-15 22:33:47 - [TEST_STEP][PASSED] - pages.WriteExcel.demoKey(resText, datText, resColumn, datCloumn, fileLoc, nameSheet, row): pages.WriteExcel.demoKey is PASSED

2023-02-15 22:33:47 - [MESSAGE][PASSED] - pages.WriteExcel.demoKey is PASSED

2023-02-15 22:33:47 - [TEST_STEP][PASSED] - sdfo = getText(findTestObject("Object Repository/Page_VLinkReceipt/pre_STX")): Text of object 'Object Repository/Page_VLinkReceipt/pre_STX' is: '<STX>NMljyO5YsWfh                                      2  Transaction failed                                20 Missing Parameter(s): card_number                                                          <ETX>'

2023-02-15 22:33:47 - [MESSAGE][PASSED] - Text of object 'Object Repository/Page_VLinkReceipt/pre_STX' is: '<STX>NMljyO5YsWfh                                      2  Transaction failed                                20 Missing Parameter(s): card_number                                                          <ETX>'

2023-02-15 22:33:47 - [TEST_STEP][PASSED] - out.println("sdfo: " + sdfo): null

2023-02-15 22:33:47 - [TEST_STEP][PASSED] - remID = substring(5, 35).trim(): null

2023-02-15 22:33:47 - [TEST_STEP][PASSED] - out.println("Remittance ID: " + remID): null

2023-02-15 22:33:47 - [TEST_STEP][PASSED] - traxID = substring(35, 55).trim(): null

2023-02-15 22:33:47 - [TEST_STEP][PASSED] - out.println("Transaction ID: " + traxID): null

2023-02-15 22:33:47 - [TEST_STEP][PASSED] - out.println("End Record Number: " + row): null

2023-02-15 22:33:47 - [TEST_STEP][PASSED] - closeBrowser(): Browser is closed

2023-02-15 22:33:48 - [MESSAGE][PASSED] - Browser is closed

2023-02-15 22:33:48 - [TEST_STEP][PASSED] - ExecuteTC = findTestData(dataFile).getValue("Execute", row): null

2023-02-15 22:33:48 - [TEST_STEP][PASSED] - out.println("Value of Execute is : " + ExecuteTC): null

2023-02-15 22:33:48 - [TEST_STEP][PASSED] - errorMsg = findTestData(dataFile).getValue("ErrorMsg", row): null

2023-02-15 22:33:48 - [TEST_STEP][PASSED] - if (ExecuteTC.equalsIgnoreCase("Y")): Browser is closed

2023-02-15 22:33:48 - [TEST_STEP][PASSED] - out.println("Begin Record Number: " + row): null

2023-02-15 22:33:48 - [TEST_STEP][PASSED] - today = new java.util.Date(): null

2023-02-15 22:33:48 - [TEST_STEP][PASSED] - println(today): null

2023-02-15 22:33:48 - [TEST_STEP][PASSED] - datText = today: null

2023-02-15 22:33:48 - [TEST_STEP][PASSED] - openBrowser(VLinkURL + "authcap.html"): Browser is opened with url: 'https://dev-algorithm.govolution.com/vlinktest/QA/version_2_0/authcap.html'

2023-02-15 22:33:48 - [MESSAGE][INFO] - Starting 'Chrome' driver

2023-02-15 22:33:48 - [MESSAGE][INFO] - User set preference: ['acceptInsecureCerts', 'true']

2023-02-15 22:33:48 - [MESSAGE][INFO] - Action delay is set to 0 milliseconds

2023-02-15 22:33:50 - [MESSAGE][PASSED] - Browser is opened with url: 'https://dev-algorithm.govolution.com/vlinktest/QA/version_2_0/authcap.html'

2023-02-15 22:33:50 - [TEST_STEP][PASSED] - maximizeWindow(): Current window maximized

2023-02-15 22:33:50 - [MESSAGE][PASSED] - Current window maximized

2023-02-15 22:33:50 - [TEST_STEP][PASSED] - vlinkPages.saleCCPage.setDataSCC(row, dataFile): vlinkPages.saleCCPage.setDataSCC is PASSED

2023-02-15 22:33:54 - [MESSAGE][PASSED] - Object 'Object Repository/VLink/Page_CCSale/txt_CardNumber' is present

2023-02-15 22:33:55 - [MESSAGE][PASSED] - Text '104' is set on object 'Object Repository/VLink/Page_CCSale/txt_TransactionType'

2023-02-15 22:33:55 - [MESSAGE][PASSED] - Text '2.0C' is set on object 'Object Repository/VLink/Page_CCSale/txt_MessageVersion'

2023-02-15 22:33:56 - [MESSAGE][PASSED] - Text 'EQYiPpiI7bi6' is set on object 'Object Repository/VLink/Page_CCSale/txt_RemID'

2023-02-15 22:33:57 - [MESSAGE][PASSED] - Text '234' is set on object 'Object Repository/VLink/Page_CCSale/txt_ApplicationId'

2023-02-15 22:33:57 - [MESSAGE][PASSED] - Text 'username' is set on object 'Object Repository/VLink/Page_CCSale/txt_Username'

2023-02-15 22:33:58 - [MESSAGE][PASSED] - Text 'password' is set on object 'Object Repository/VLink/Page_CCSale/txt_Password'

2023-02-15 22:33:59 - [MESSAGE][PASSED] - Text 'fixed_width' is set on object 'Object Repository/VLink/Page_CCSale/txt_ResponseFormat'

2023-02-15 22:33:59 - [MESSAGE][PASSED] - Text 'RETL' is set on object 'Object Repository/VLink/Page_CCSale/txt_Category'

2023-02-15 22:34:00 - [MESSAGE][PASSED] - Text '' is set on object 'Object Repository/VLink/Page_CCSale/txt_TransactionID'

2023-02-15 22:34:01 - [MESSAGE][PASSED] - Text '' is set on object 'Object Repository/VLink/Page_CCSale/txt_ApprovalCode'

2023-02-15 22:34:01 - [MESSAGE][PASSED] - Text 'Kris Roshan' is set on object 'Object Repository/VLink/Page_CCSale/txt_CardName'

2023-02-15 22:34:02 - [MESSAGE][PASSED] - Text '258 Elm Road' is set on object 'Object Repository/VLink/Page_CCSale/txt_AL1'

2023-02-15 22:34:02 - [MESSAGE][PASSED] - Text 'Suite 56' is set on object 'Object Repository/VLink/Page_CCSale/txt_AL2'

2023-02-15 22:34:03 - [MESSAGE][PASSED] - Text 'Arlington' is set on object 'Object Repository/VLink/Page_CCSale/txt_CardCity'

2023-02-15 22:34:04 - [MESSAGE][PASSED] - Text 'VA' is set on object 'Object Repository/VLink/Page_CCSale/txt_CardState'

2023-02-15 22:34:04 - [MESSAGE][PASSED] - Text '22201' is set on object 'Object Repository/VLink/Page_CCSale/txt_CardZIP'

2023-02-15 22:34:05 - [MESSAGE][PASSED] - Text '840' is set on object 'Object Repository/VLink/Page_CCSale/txt_CountryID'

2023-02-15 22:34:06 - [MESSAGE][PASSED] - Text '1.50' is set on object 'Object Repository/VLink/Page_CCSale/txt_Amount'

2023-02-15 22:34:07 - [MESSAGE][PASSED] - Text '' is set on object 'Object Repository/VLink/Page_CCSale/txt_CardNumber'

2023-02-15 22:34:07 - [MESSAGE][PASSED] - Text '12' is set on object 'Object Repository/VLink/Page_CCSale/txt_ExpMonth'

2023-02-15 22:34:08 - [MESSAGE][PASSED] - Text '2025' is set on object 'Object Repository/VLink/Page_CCSale/txt_ExpYear'

2023-02-15 22:34:09 - [MESSAGE][PASSED] - Text '' is set on object 'Object Repository/VLink/Page_CCSale/txt_CVV'

2023-02-15 22:34:09 - [MESSAGE][PASSED] - Text '' is set on object 'Object Repository/VLink/Page_CCSale/txt_CVVstate'

2023-02-15 22:34:10 - [MESSAGE][PASSED] - Text '' is set on object 'Object Repository/VLink/Page_CCSale/txt_TrackData'

2023-02-15 22:34:11 - [MESSAGE][PASSED] - Text '' is set on object 'Object Repository/VLink/Page_CCSale/txt_Track1Data'

2023-02-15 22:34:11 - [MESSAGE][PASSED] - Text '' is set on object 'Object Repository/VLink/Page_CCSale/txt_Track2Data'

2023-02-15 22:34:12 - [MESSAGE][PASSED] - Text 'manual' is set on object 'Object Repository/VLink/Page_CCSale/txt_POSEntryMode'

2023-02-15 22:34:13 - [MESSAGE][PASSED] - Text 'iahmed@govolution.com' is set on object 'Object Repository/VLink/Page_CCSale/txt_Email'

2023-02-15 22:34:13 - [MESSAGE][PASSED] - Text '2569362' is set on object 'Object Repository/VLink/Page_CCSale/txt_OrderNumber'

2023-02-15 22:34:14 - [MESSAGE][PASSED] - Text '1.15' is set on object 'Object Repository/VLink/Page_CCSale/txt_TaxAmount'

2023-02-15 22:34:15 - [MESSAGE][PASSED] - Text 'Charge Description' is set on object 'Object Repository/VLink/Page_CCSale/txt_ChargeDescription'

2023-02-15 22:34:15 - [MESSAGE][PASSED] - Text '147357' is set on object 'Object Repository/VLink/Page_CCSale/txt_CAN'

2023-02-15 22:34:16 - [MESSAGE][PASSED] - Text '1' is set on object 'Object Repository/VLink/Page_CCSale/txt_BillPaymentIndicator'

2023-02-15 22:34:17 - [MESSAGE][PASSED] - Text 'UDF Data 1' is set on object 'Object Repository/VLink/Page_CCSale/txt_UDF1'

2023-02-15 22:34:18 - [MESSAGE][PASSED] - Text 'UDF Data 2' is set on object 'Object Repository/VLink/Page_CCSale/txt_UDF2'

2023-02-15 22:34:18 - [MESSAGE][PASSED] - Text 'UDF Data 3' is set on object 'Object Repository/VLink/Page_CCSale/txt_UDF3'

2023-02-15 22:34:19 - [MESSAGE][PASSED] - Text 'UDF Data 4' is set on object 'Object Repository/VLink/Page_CCSale/txt_UDF4'

2023-02-15 22:34:20 - [MESSAGE][PASSED] - Text 'UDF Data 5' is set on object 'Object Repository/VLink/Page_CCSale/txt_UDF5'

2023-02-15 22:34:20 - [MESSAGE][PASSED] - Text 'UDF Data 6' is set on object 'Object Repository/VLink/Page_CCSale/txt_UDF6'

2023-02-15 22:34:21 - [MESSAGE][PASSED] - Text 'UDF Data 7' is set on object 'Object Repository/VLink/Page_CCSale/txt_UDF7'

2023-02-15 22:34:22 - [MESSAGE][PASSED] - Text 'UDF Data 8' is set on object 'Object Repository/VLink/Page_CCSale/txt_UDF8'

2023-02-15 22:34:22 - [MESSAGE][PASSED] - Text 'UDF Data 9' is set on object 'Object Repository/VLink/Page_CCSale/txt_UDF9'

2023-02-15 22:34:23 - [MESSAGE][PASSED] - Text 'UDF Data 10' is set on object 'Object Repository/VLink/Page_CCSale/txt_UDF10'

2023-02-15 22:34:24 - [MESSAGE][PASSED] - Object: 'Object Repository/VLink/Page_CCSale/btn_ProcessVLinkTransaction' is clicked on

2023-02-15 22:34:29 - [MESSAGE][PASSED] - vlinkPages.saleCCPage.setDataSCC is PASSED

2023-02-15 22:34:29 - [TEST_STEP][PASSED] - if (verifyTextPresent(errorMsg, true)): null

2023-02-15 22:34:29 - [MESSAGE][PASSED] - Text 'card_number' is present on page  using regular expression

2023-02-15 22:34:29 - [TEST_STEP][PASSED] - println("Transaction Approved, no errors text is present on the Confirmation page"): null

2023-02-15 22:34:29 - [TEST_STEP][PASSED] - out.println("Pass Record Number: " + row): null

2023-02-15 22:34:29 - [TEST_STEP][PASSED] - resText = "Pass": null

2023-02-15 22:34:29 - [TEST_STEP][PASSED] - pages.WriteExcel.demoKey(resText, datText, resColumn, datCloumn, fileLoc, nameSheet, row): pages.WriteExcel.demoKey is PASSED

2023-02-15 22:34:29 - [MESSAGE][PASSED] - pages.WriteExcel.demoKey is PASSED

2023-02-15 22:34:29 - [TEST_STEP][PASSED] - sdfo = getText(findTestObject("Object Repository/Page_VLinkReceipt/pre_STX")): Text of object 'Object Repository/Page_VLinkReceipt/pre_STX' is: '<STX>EQYiPpiI7bi6                                      2  Transaction failed                                20 Missing Parameter(s): card_number                                                          <ETX>'

2023-02-15 22:34:30 - [MESSAGE][PASSED] - Text of object 'Object Repository/Page_VLinkReceipt/pre_STX' is: '<STX>EQYiPpiI7bi6                                      2  Transaction failed                                20 Missing Parameter(s): card_number                                                          <ETX>'

2023-02-15 22:34:30 - [TEST_STEP][PASSED] - out.println("sdfo: " + sdfo): null

2023-02-15 22:34:30 - [TEST_STEP][PASSED] - remID = substring(5, 35).trim(): null

2023-02-15 22:34:30 - [TEST_STEP][PASSED] - out.println("Remittance ID: " + remID): null

2023-02-15 22:34:30 - [TEST_STEP][PASSED] - traxID = substring(35, 55).trim(): null

2023-02-15 22:34:30 - [TEST_STEP][PASSED] - out.println("Transaction ID: " + traxID): null

2023-02-15 22:34:30 - [TEST_STEP][PASSED] - out.println("End Record Number: " + row): null

2023-02-15 22:34:30 - [TEST_STEP][PASSED] - closeBrowser(): Browser is closed

2023-02-15 22:34:30 - [MESSAGE][PASSED] - Browser is closed

2023-02-15 22:34:30 - [TEST_STEP][PASSED] - ExecuteTC = findTestData(dataFile).getValue("Execute", row): null

2023-02-15 22:34:31 - [TEST_STEP][PASSED] - out.println("Value of Execute is : " + ExecuteTC): null

2023-02-15 22:34:31 - [TEST_STEP][PASSED] - errorMsg = findTestData(dataFile).getValue("ErrorMsg", row): null

2023-02-15 22:34:31 - [TEST_STEP][PASSED] - if (ExecuteTC.equalsIgnoreCase("Y")): Browser is closed

2023-02-15 22:34:31 - [TEST_STEP][PASSED] - out.println("Begin Record Number: " + row): null

2023-02-15 22:34:31 - [TEST_STEP][PASSED] - today = new java.util.Date(): null

2023-02-15 22:34:31 - [TEST_STEP][PASSED] - println(today): null

2023-02-15 22:34:31 - [TEST_STEP][PASSED] - datText = today: null

2023-02-15 22:34:31 - [TEST_STEP][PASSED] - openBrowser(VLinkURL + "authcap.html"): Browser is opened with url: 'https://dev-algorithm.govolution.com/vlinktest/QA/version_2_0/authcap.html'

2023-02-15 22:34:31 - [MESSAGE][INFO] - Starting 'Chrome' driver

2023-02-15 22:34:31 - [MESSAGE][INFO] - User set preference: ['acceptInsecureCerts', 'true']

2023-02-15 22:34:31 - [MESSAGE][INFO] - Action delay is set to 0 milliseconds

2023-02-15 22:34:33 - [MESSAGE][PASSED] - Browser is opened with url: 'https://dev-algorithm.govolution.com/vlinktest/QA/version_2_0/authcap.html'

2023-02-15 22:34:33 - [TEST_STEP][PASSED] - maximizeWindow(): Current window maximized

2023-02-15 22:34:33 - [MESSAGE][PASSED] - Current window maximized

2023-02-15 22:34:33 - [TEST_STEP][PASSED] - vlinkPages.saleCCPage.setDataSCC(row, dataFile): vlinkPages.saleCCPage.setDataSCC is PASSED

2023-02-15 22:34:36 - [MESSAGE][PASSED] - Object 'Object Repository/VLink/Page_CCSale/txt_CardNumber' is present

2023-02-15 22:34:37 - [MESSAGE][PASSED] - Text '104' is set on object 'Object Repository/VLink/Page_CCSale/txt_TransactionType'

2023-02-15 22:34:38 - [MESSAGE][PASSED] - Text '2.0C' is set on object 'Object Repository/VLink/Page_CCSale/txt_MessageVersion'

2023-02-15 22:34:38 - [MESSAGE][PASSED] - Text 'wJE6MP5dlQzM' is set on object 'Object Repository/VLink/Page_CCSale/txt_RemID'

2023-02-15 22:34:39 - [MESSAGE][PASSED] - Text '234' is set on object 'Object Repository/VLink/Page_CCSale/txt_ApplicationId'

2023-02-15 22:34:40 - [MESSAGE][PASSED] - Text 'username' is set on object 'Object Repository/VLink/Page_CCSale/txt_Username'

2023-02-15 22:34:40 - [MESSAGE][PASSED] - Text 'password' is set on object 'Object Repository/VLink/Page_CCSale/txt_Password'

2023-02-15 22:34:41 - [MESSAGE][PASSED] - Text 'fixed_width' is set on object 'Object Repository/VLink/Page_CCSale/txt_ResponseFormat'

2023-02-15 22:34:41 - [MESSAGE][PASSED] - Text 'ECOM' is set on object 'Object Repository/VLink/Page_CCSale/txt_Category'

2023-02-15 22:34:42 - [MESSAGE][PASSED] - Text '' is set on object 'Object Repository/VLink/Page_CCSale/txt_TransactionID'

2023-02-15 22:34:43 - [MESSAGE][PASSED] - Text '' is set on object 'Object Repository/VLink/Page_CCSale/txt_ApprovalCode'

2023-02-15 22:34:44 - [MESSAGE][PASSED] - Text 'Kris Roshan' is set on object 'Object Repository/VLink/Page_CCSale/txt_CardName'

2023-02-15 22:34:44 - [MESSAGE][PASSED] - Text '258 Elm Road' is set on object 'Object Repository/VLink/Page_CCSale/txt_AL1'

2023-02-15 22:34:45 - [MESSAGE][PASSED] - Text 'Suite 56' is set on object 'Object Repository/VLink/Page_CCSale/txt_AL2'

2023-02-15 22:34:46 - [MESSAGE][PASSED] - Text 'Arlington' is set on object 'Object Repository/VLink/Page_CCSale/txt_CardCity'

2023-02-15 22:34:46 - [MESSAGE][PASSED] - Text 'VA' is set on object 'Object Repository/VLink/Page_CCSale/txt_CardState'

2023-02-15 22:34:47 - [MESSAGE][PASSED] - Text '22201' is set on object 'Object Repository/VLink/Page_CCSale/txt_CardZIP'

2023-02-15 22:34:48 - [MESSAGE][PASSED] - Text '840' is set on object 'Object Repository/VLink/Page_CCSale/txt_CountryID'

2023-02-15 22:34:48 - [MESSAGE][PASSED] - Text '1.50' is set on object 'Object Repository/VLink/Page_CCSale/txt_Amount'

2023-02-15 22:34:49 - [MESSAGE][PASSED] - Text '4111111111111111' is set on object 'Object Repository/VLink/Page_CCSale/txt_CardNumber'

2023-02-15 22:34:50 - [MESSAGE][PASSED] - Text '' is set on object 'Object Repository/VLink/Page_CCSale/txt_ExpMonth'

2023-02-15 22:34:50 - [MESSAGE][PASSED] - Text '2025' is set on object 'Object Repository/VLink/Page_CCSale/txt_ExpYear'

2023-02-15 22:34:51 - [MESSAGE][PASSED] - Text '' is set on object 'Object Repository/VLink/Page_CCSale/txt_CVV'

2023-02-15 22:34:52 - [MESSAGE][PASSED] - Text '' is set on object 'Object Repository/VLink/Page_CCSale/txt_CVVstate'

2023-02-15 22:34:52 - [MESSAGE][PASSED] - Text '' is set on object 'Object Repository/VLink/Page_CCSale/txt_TrackData'

2023-02-15 22:34:53 - [MESSAGE][PASSED] - Text '' is set on object 'Object Repository/VLink/Page_CCSale/txt_Track1Data'

2023-02-15 22:34:54 - [MESSAGE][PASSED] - Text '' is set on object 'Object Repository/VLink/Page_CCSale/txt_Track2Data'

2023-02-15 22:34:55 - [MESSAGE][PASSED] - Text 'manual' is set on object 'Object Repository/VLink/Page_CCSale/txt_POSEntryMode'

2023-02-15 22:34:55 - [MESSAGE][PASSED] - Text 'iahmed@govolution.com' is set on object 'Object Repository/VLink/Page_CCSale/txt_Email'

2023-02-15 22:34:56 - [MESSAGE][PASSED] - Text '2569362' is set on object 'Object Repository/VLink/Page_CCSale/txt_OrderNumber'

2023-02-15 22:34:57 - [MESSAGE][PASSED] - Text '1.15' is set on object 'Object Repository/VLink/Page_CCSale/txt_TaxAmount'

2023-02-15 22:34:57 - [MESSAGE][PASSED] - Text 'Charge Description' is set on object 'Object Repository/VLink/Page_CCSale/txt_ChargeDescription'

2023-02-15 22:34:58 - [MESSAGE][PASSED] - Text '147357' is set on object 'Object Repository/VLink/Page_CCSale/txt_CAN'

2023-02-15 22:34:59 - [MESSAGE][PASSED] - Text '1' is set on object 'Object Repository/VLink/Page_CCSale/txt_BillPaymentIndicator'

2023-02-15 22:34:59 - [MESSAGE][PASSED] - Text 'UDF Data 1' is set on object 'Object Repository/VLink/Page_CCSale/txt_UDF1'

2023-02-15 22:35:00 - [MESSAGE][PASSED] - Text 'UDF Data 2' is set on object 'Object Repository/VLink/Page_CCSale/txt_UDF2'

2023-02-15 22:35:01 - [MESSAGE][PASSED] - Text 'UDF Data 3' is set on object 'Object Repository/VLink/Page_CCSale/txt_UDF3'

2023-02-15 22:35:01 - [MESSAGE][PASSED] - Text 'UDF Data 4' is set on object 'Object Repository/VLink/Page_CCSale/txt_UDF4'

2023-02-15 22:35:02 - [MESSAGE][PASSED] - Text 'UDF Data 5' is set on object 'Object Repository/VLink/Page_CCSale/txt_UDF5'

2023-02-15 22:35:03 - [MESSAGE][PASSED] - Text 'UDF Data 6' is set on object 'Object Repository/VLink/Page_CCSale/txt_UDF6'

2023-02-15 22:35:04 - [MESSAGE][PASSED] - Text 'UDF Data 7' is set on object 'Object Repository/VLink/Page_CCSale/txt_UDF7'

2023-02-15 22:35:04 - [MESSAGE][PASSED] - Text 'UDF Data 8' is set on object 'Object Repository/VLink/Page_CCSale/txt_UDF8'

2023-02-15 22:35:05 - [MESSAGE][PASSED] - Text 'UDF Data 9' is set on object 'Object Repository/VLink/Page_CCSale/txt_UDF9'

2023-02-15 22:35:06 - [MESSAGE][PASSED] - Text 'UDF Data 10' is set on object 'Object Repository/VLink/Page_CCSale/txt_UDF10'

2023-02-15 22:35:06 - [MESSAGE][PASSED] - Object: 'Object Repository/VLink/Page_CCSale/btn_ProcessVLinkTransaction' is clicked on

2023-02-15 22:35:11 - [MESSAGE][PASSED] - vlinkPages.saleCCPage.setDataSCC is PASSED

2023-02-15 22:35:11 - [TEST_STEP][PASSED] - if (verifyTextPresent(errorMsg, true)): null

2023-02-15 22:35:12 - [MESSAGE][PASSED] - Text 'card_exmo' is present on page  using regular expression

2023-02-15 22:35:12 - [TEST_STEP][PASSED] - println("Transaction Approved, no errors text is present on the Confirmation page"): null

2023-02-15 22:35:12 - [TEST_STEP][PASSED] - out.println("Pass Record Number: " + row): null

2023-02-15 22:35:12 - [TEST_STEP][PASSED] - resText = "Pass": null

2023-02-15 22:35:12 - [TEST_STEP][PASSED] - pages.WriteExcel.demoKey(resText, datText, resColumn, datCloumn, fileLoc, nameSheet, row): pages.WriteExcel.demoKey is PASSED

2023-02-15 22:35:12 - [MESSAGE][PASSED] - pages.WriteExcel.demoKey is PASSED

2023-02-15 22:35:12 - [TEST_STEP][PASSED] - sdfo = getText(findTestObject("Object Repository/Page_VLinkReceipt/pre_STX")): Text of object 'Object Repository/Page_VLinkReceipt/pre_STX' is: '<STX>wJE6MP5dlQzM                                      2  Transaction failed                                20 Missing Parameter(s): card_exmo                                                            <ETX>'

2023-02-15 22:35:12 - [MESSAGE][PASSED] - Text of object 'Object Repository/Page_VLinkReceipt/pre_STX' is: '<STX>wJE6MP5dlQzM                                      2  Transaction failed                                20 Missing Parameter(s): card_exmo                                                            <ETX>'

2023-02-15 22:35:12 - [TEST_STEP][PASSED] - out.println("sdfo: " + sdfo): null

2023-02-15 22:35:12 - [TEST_STEP][PASSED] - remID = substring(5, 35).trim(): null

2023-02-15 22:35:12 - [TEST_STEP][PASSED] - out.println("Remittance ID: " + remID): null

2023-02-15 22:35:12 - [TEST_STEP][PASSED] - traxID = substring(35, 55).trim(): null

2023-02-15 22:35:12 - [TEST_STEP][PASSED] - out.println("Transaction ID: " + traxID): null

2023-02-15 22:35:12 - [TEST_STEP][PASSED] - out.println("End Record Number: " + row): null

2023-02-15 22:35:12 - [TEST_STEP][PASSED] - closeBrowser(): Browser is closed

2023-02-15 22:35:13 - [MESSAGE][PASSED] - Browser is closed

2023-02-15 22:35:13 - [TEST_STEP][PASSED] - ExecuteTC = findTestData(dataFile).getValue("Execute", row): null

2023-02-15 22:35:13 - [TEST_STEP][PASSED] - out.println("Value of Execute is : " + ExecuteTC): null

2023-02-15 22:35:13 - [TEST_STEP][PASSED] - errorMsg = findTestData(dataFile).getValue("ErrorMsg", row): null

2023-02-15 22:35:13 - [TEST_STEP][PASSED] - if (ExecuteTC.equalsIgnoreCase("Y")): Browser is closed

2023-02-15 22:35:13 - [TEST_STEP][PASSED] - out.println("Begin Record Number: " + row): null

2023-02-15 22:35:13 - [TEST_STEP][PASSED] - today = new java.util.Date(): null

2023-02-15 22:35:13 - [TEST_STEP][PASSED] - println(today): null

2023-02-15 22:35:13 - [TEST_STEP][PASSED] - datText = today: null

2023-02-15 22:35:13 - [TEST_STEP][PASSED] - openBrowser(VLinkURL + "authcap.html"): Browser is opened with url: 'https://dev-algorithm.govolution.com/vlinktest/QA/version_2_0/authcap.html'

2023-02-15 22:35:13 - [MESSAGE][INFO] - Starting 'Chrome' driver

2023-02-15 22:35:13 - [MESSAGE][INFO] - User set preference: ['acceptInsecureCerts', 'true']

2023-02-15 22:35:13 - [MESSAGE][INFO] - Action delay is set to 0 milliseconds

2023-02-15 22:35:15 - [MESSAGE][PASSED] - Browser is opened with url: 'https://dev-algorithm.govolution.com/vlinktest/QA/version_2_0/authcap.html'

2023-02-15 22:35:15 - [TEST_STEP][PASSED] - maximizeWindow(): Current window maximized

2023-02-15 22:35:15 - [MESSAGE][PASSED] - Current window maximized

2023-02-15 22:35:15 - [TEST_STEP][PASSED] - vlinkPages.saleCCPage.setDataSCC(row, dataFile): vlinkPages.saleCCPage.setDataSCC is PASSED

2023-02-15 22:35:19 - [MESSAGE][PASSED] - Object 'Object Repository/VLink/Page_CCSale/txt_CardNumber' is present

2023-02-15 22:35:20 - [MESSAGE][PASSED] - Text '104' is set on object 'Object Repository/VLink/Page_CCSale/txt_TransactionType'

2023-02-15 22:35:20 - [MESSAGE][PASSED] - Text '2.0C' is set on object 'Object Repository/VLink/Page_CCSale/txt_MessageVersion'

2023-02-15 22:35:21 - [MESSAGE][PASSED] - Text 'BL2M3icXePe2' is set on object 'Object Repository/VLink/Page_CCSale/txt_RemID'

2023-02-15 22:35:21 - [MESSAGE][PASSED] - Text '234' is set on object 'Object Repository/VLink/Page_CCSale/txt_ApplicationId'

2023-02-15 22:35:22 - [MESSAGE][PASSED] - Text 'username' is set on object 'Object Repository/VLink/Page_CCSale/txt_Username'

2023-02-15 22:35:23 - [MESSAGE][PASSED] - Text 'password' is set on object 'Object Repository/VLink/Page_CCSale/txt_Password'

2023-02-15 22:35:23 - [MESSAGE][PASSED] - Text 'fixed_width' is set on object 'Object Repository/VLink/Page_CCSale/txt_ResponseFormat'

2023-02-15 22:35:24 - [MESSAGE][PASSED] - Text 'MOTO' is set on object 'Object Repository/VLink/Page_CCSale/txt_Category'

2023-02-15 22:35:25 - [MESSAGE][PASSED] - Text '' is set on object 'Object Repository/VLink/Page_CCSale/txt_TransactionID'

2023-02-15 22:35:25 - [MESSAGE][PASSED] - Text '' is set on object 'Object Repository/VLink/Page_CCSale/txt_ApprovalCode'

2023-02-15 22:35:26 - [MESSAGE][PASSED] - Text 'Kris Roshan' is set on object 'Object Repository/VLink/Page_CCSale/txt_CardName'

2023-02-15 22:35:27 - [MESSAGE][PASSED] - Text '258 Elm Road' is set on object 'Object Repository/VLink/Page_CCSale/txt_AL1'

2023-02-15 22:35:27 - [MESSAGE][PASSED] - Text 'Suite 56' is set on object 'Object Repository/VLink/Page_CCSale/txt_AL2'

2023-02-15 22:35:28 - [MESSAGE][PASSED] - Text 'Arlington' is set on object 'Object Repository/VLink/Page_CCSale/txt_CardCity'

2023-02-15 22:35:29 - [MESSAGE][PASSED] - Text 'VA' is set on object 'Object Repository/VLink/Page_CCSale/txt_CardState'

2023-02-15 22:35:29 - [MESSAGE][PASSED] - Text '22201' is set on object 'Object Repository/VLink/Page_CCSale/txt_CardZIP'

2023-02-15 22:35:30 - [MESSAGE][PASSED] - Text '840' is set on object 'Object Repository/VLink/Page_CCSale/txt_CountryID'

2023-02-15 22:35:31 - [MESSAGE][PASSED] - Text '1.50' is set on object 'Object Repository/VLink/Page_CCSale/txt_Amount'

2023-02-15 22:35:32 - [MESSAGE][PASSED] - Text '4111111111111111' is set on object 'Object Repository/VLink/Page_CCSale/txt_CardNumber'

2023-02-15 22:35:32 - [MESSAGE][PASSED] - Text '' is set on object 'Object Repository/VLink/Page_CCSale/txt_ExpMonth'

2023-02-15 22:35:33 - [MESSAGE][PASSED] - Text '2025' is set on object 'Object Repository/VLink/Page_CCSale/txt_ExpYear'

2023-02-15 22:35:34 - [MESSAGE][PASSED] - Text '' is set on object 'Object Repository/VLink/Page_CCSale/txt_CVV'

2023-02-15 22:35:34 - [MESSAGE][PASSED] - Text '' is set on object 'Object Repository/VLink/Page_CCSale/txt_CVVstate'

2023-02-15 22:35:35 - [MESSAGE][PASSED] - Text '' is set on object 'Object Repository/VLink/Page_CCSale/txt_TrackData'

2023-02-15 22:35:36 - [MESSAGE][PASSED] - Text '' is set on object 'Object Repository/VLink/Page_CCSale/txt_Track1Data'

2023-02-15 22:35:36 - [MESSAGE][PASSED] - Text '' is set on object 'Object Repository/VLink/Page_CCSale/txt_Track2Data'

2023-02-15 22:35:37 - [MESSAGE][PASSED] - Text 'manual' is set on object 'Object Repository/VLink/Page_CCSale/txt_POSEntryMode'

2023-02-15 22:35:38 - [MESSAGE][PASSED] - Text 'iahmed@govolution.com' is set on object 'Object Repository/VLink/Page_CCSale/txt_Email'

2023-02-15 22:35:38 - [MESSAGE][PASSED] - Text '2569362' is set on object 'Object Repository/VLink/Page_CCSale/txt_OrderNumber'

2023-02-15 22:35:39 - [MESSAGE][PASSED] - Text '1.15' is set on object 'Object Repository/VLink/Page_CCSale/txt_TaxAmount'

2023-02-15 22:35:40 - [MESSAGE][PASSED] - Text 'Charge Description' is set on object 'Object Repository/VLink/Page_CCSale/txt_ChargeDescription'

2023-02-15 22:35:40 - [MESSAGE][PASSED] - Text '147357' is set on object 'Object Repository/VLink/Page_CCSale/txt_CAN'

2023-02-15 22:35:41 - [MESSAGE][PASSED] - Text '1' is set on object 'Object Repository/VLink/Page_CCSale/txt_BillPaymentIndicator'

2023-02-15 22:35:42 - [MESSAGE][PASSED] - Text 'UDF Data 1' is set on object 'Object Repository/VLink/Page_CCSale/txt_UDF1'

2023-02-15 22:35:43 - [MESSAGE][PASSED] - Text 'UDF Data 2' is set on object 'Object Repository/VLink/Page_CCSale/txt_UDF2'

2023-02-15 22:35:43 - [MESSAGE][PASSED] - Text 'UDF Data 3' is set on object 'Object Repository/VLink/Page_CCSale/txt_UDF3'

2023-02-15 22:35:44 - [MESSAGE][PASSED] - Text 'UDF Data 4' is set on object 'Object Repository/VLink/Page_CCSale/txt_UDF4'

2023-02-15 22:35:45 - [MESSAGE][PASSED] - Text 'UDF Data 5' is set on object 'Object Repository/VLink/Page_CCSale/txt_UDF5'

2023-02-15 22:35:45 - [MESSAGE][PASSED] - Text 'UDF Data 6' is set on object 'Object Repository/VLink/Page_CCSale/txt_UDF6'

2023-02-15 22:35:46 - [MESSAGE][PASSED] - Text 'UDF Data 7' is set on object 'Object Repository/VLink/Page_CCSale/txt_UDF7'

2023-02-15 22:35:47 - [MESSAGE][PASSED] - Text 'UDF Data 8' is set on object 'Object Repository/VLink/Page_CCSale/txt_UDF8'

2023-02-15 22:35:48 - [MESSAGE][PASSED] - Text 'UDF Data 9' is set on object 'Object Repository/VLink/Page_CCSale/txt_UDF9'

2023-02-15 22:35:48 - [MESSAGE][PASSED] - Text 'UDF Data 10' is set on object 'Object Repository/VLink/Page_CCSale/txt_UDF10'

2023-02-15 22:35:49 - [MESSAGE][PASSED] - Object: 'Object Repository/VLink/Page_CCSale/btn_ProcessVLinkTransaction' is clicked on

2023-02-15 22:35:54 - [MESSAGE][PASSED] - vlinkPages.saleCCPage.setDataSCC is PASSED

2023-02-15 22:35:54 - [TEST_STEP][PASSED] - if (verifyTextPresent(errorMsg, true)): null

2023-02-15 22:35:54 - [MESSAGE][PASSED] - Text 'card_exmo' is present on page  using regular expression

2023-02-15 22:35:54 - [TEST_STEP][PASSED] - println("Transaction Approved, no errors text is present on the Confirmation page"): null

2023-02-15 22:35:54 - [TEST_STEP][PASSED] - out.println("Pass Record Number: " + row): null

2023-02-15 22:35:54 - [TEST_STEP][PASSED] - resText = "Pass": null

2023-02-15 22:35:54 - [TEST_STEP][PASSED] - pages.WriteExcel.demoKey(resText, datText, resColumn, datCloumn, fileLoc, nameSheet, row): pages.WriteExcel.demoKey is PASSED

2023-02-15 22:35:54 - [MESSAGE][PASSED] - pages.WriteExcel.demoKey is PASSED

2023-02-15 22:35:54 - [TEST_STEP][PASSED] - sdfo = getText(findTestObject("Object Repository/Page_VLinkReceipt/pre_STX")): Text of object 'Object Repository/Page_VLinkReceipt/pre_STX' is: '<STX>BL2M3icXePe2                                      2  Transaction failed                                20 Missing Parameter(s): card_exmo                                                            <ETX>'

2023-02-15 22:35:55 - [MESSAGE][PASSED] - Text of object 'Object Repository/Page_VLinkReceipt/pre_STX' is: '<STX>BL2M3icXePe2                                      2  Transaction failed                                20 Missing Parameter(s): card_exmo                                                            <ETX>'

2023-02-15 22:35:55 - [TEST_STEP][PASSED] - out.println("sdfo: " + sdfo): null

2023-02-15 22:35:55 - [TEST_STEP][PASSED] - remID = substring(5, 35).trim(): null

2023-02-15 22:35:55 - [TEST_STEP][PASSED] - out.println("Remittance ID: " + remID): null

2023-02-15 22:35:55 - [TEST_STEP][PASSED] - traxID = substring(35, 55).trim(): null

2023-02-15 22:35:55 - [TEST_STEP][PASSED] - out.println("Transaction ID: " + traxID): null

2023-02-15 22:35:55 - [TEST_STEP][PASSED] - out.println("End Record Number: " + row): null

2023-02-15 22:35:55 - [TEST_STEP][PASSED] - closeBrowser(): Browser is closed

2023-02-15 22:35:56 - [MESSAGE][PASSED] - Browser is closed

2023-02-15 22:35:56 - [TEST_STEP][PASSED] - ExecuteTC = findTestData(dataFile).getValue("Execute", row): null

2023-02-15 22:35:56 - [TEST_STEP][PASSED] - out.println("Value of Execute is : " + ExecuteTC): null

2023-02-15 22:35:56 - [TEST_STEP][PASSED] - errorMsg = findTestData(dataFile).getValue("ErrorMsg", row): null

2023-02-15 22:35:56 - [TEST_STEP][PASSED] - if (ExecuteTC.equalsIgnoreCase("Y")): Browser is closed

2023-02-15 22:35:56 - [TEST_STEP][PASSED] - out.println("Begin Record Number: " + row): null

2023-02-15 22:35:56 - [TEST_STEP][PASSED] - today = new java.util.Date(): null

2023-02-15 22:35:56 - [TEST_STEP][PASSED] - println(today): null

2023-02-15 22:35:56 - [TEST_STEP][PASSED] - datText = today: null

2023-02-15 22:35:56 - [TEST_STEP][PASSED] - openBrowser(VLinkURL + "authcap.html"): Browser is opened with url: 'https://dev-algorithm.govolution.com/vlinktest/QA/version_2_0/authcap.html'

2023-02-15 22:35:56 - [MESSAGE][INFO] - Starting 'Chrome' driver

2023-02-15 22:35:56 - [MESSAGE][INFO] - User set preference: ['acceptInsecureCerts', 'true']

2023-02-15 22:35:56 - [MESSAGE][INFO] - Action delay is set to 0 milliseconds

2023-02-15 22:35:58 - [MESSAGE][PASSED] - Browser is opened with url: 'https://dev-algorithm.govolution.com/vlinktest/QA/version_2_0/authcap.html'

2023-02-15 22:35:58 - [TEST_STEP][PASSED] - maximizeWindow(): Current window maximized

2023-02-15 22:35:58 - [MESSAGE][PASSED] - Current window maximized

2023-02-15 22:35:58 - [TEST_STEP][PASSED] - vlinkPages.saleCCPage.setDataSCC(row, dataFile): vlinkPages.saleCCPage.setDataSCC is PASSED

2023-02-15 22:36:02 - [MESSAGE][PASSED] - Object 'Object Repository/VLink/Page_CCSale/txt_CardNumber' is present

2023-02-15 22:36:02 - [MESSAGE][PASSED] - Text '104' is set on object 'Object Repository/VLink/Page_CCSale/txt_TransactionType'

2023-02-15 22:36:03 - [MESSAGE][PASSED] - Text '2.0C' is set on object 'Object Repository/VLink/Page_CCSale/txt_MessageVersion'

2023-02-15 22:36:03 - [MESSAGE][PASSED] - Text 'deFKHQS3Ork7' is set on object 'Object Repository/VLink/Page_CCSale/txt_RemID'

2023-02-15 22:36:04 - [MESSAGE][PASSED] - Text '234' is set on object 'Object Repository/VLink/Page_CCSale/txt_ApplicationId'

2023-02-15 22:36:05 - [MESSAGE][PASSED] - Text 'username' is set on object 'Object Repository/VLink/Page_CCSale/txt_Username'

2023-02-15 22:36:05 - [MESSAGE][PASSED] - Text 'password' is set on object 'Object Repository/VLink/Page_CCSale/txt_Password'

2023-02-15 22:36:06 - [MESSAGE][PASSED] - Text 'fixed_width' is set on object 'Object Repository/VLink/Page_CCSale/txt_ResponseFormat'

2023-02-15 22:36:07 - [MESSAGE][PASSED] - Text 'RETL' is set on object 'Object Repository/VLink/Page_CCSale/txt_Category'

2023-02-15 22:36:07 - [MESSAGE][PASSED] - Text '' is set on object 'Object Repository/VLink/Page_CCSale/txt_TransactionID'

2023-02-15 22:36:08 - [MESSAGE][PASSED] - Text '' is set on object 'Object Repository/VLink/Page_CCSale/txt_ApprovalCode'

2023-02-15 22:36:09 - [MESSAGE][PASSED] - Text 'Kris Roshan' is set on object 'Object Repository/VLink/Page_CCSale/txt_CardName'

2023-02-15 22:36:09 - [MESSAGE][PASSED] - Text '258 Elm Road' is set on object 'Object Repository/VLink/Page_CCSale/txt_AL1'

2023-02-15 22:36:10 - [MESSAGE][PASSED] - Text 'Suite 56' is set on object 'Object Repository/VLink/Page_CCSale/txt_AL2'

2023-02-15 22:36:11 - [MESSAGE][PASSED] - Text 'Arlington' is set on object 'Object Repository/VLink/Page_CCSale/txt_CardCity'

2023-02-15 22:36:12 - [MESSAGE][PASSED] - Text 'VA' is set on object 'Object Repository/VLink/Page_CCSale/txt_CardState'

2023-02-15 22:36:12 - [MESSAGE][PASSED] - Text '22201' is set on object 'Object Repository/VLink/Page_CCSale/txt_CardZIP'

2023-02-15 22:36:13 - [MESSAGE][PASSED] - Text '840' is set on object 'Object Repository/VLink/Page_CCSale/txt_CountryID'

2023-02-15 22:36:13 - [MESSAGE][PASSED] - Text '1.50' is set on object 'Object Repository/VLink/Page_CCSale/txt_Amount'

2023-02-15 22:36:14 - [MESSAGE][PASSED] - Text '4111111111111111' is set on object 'Object Repository/VLink/Page_CCSale/txt_CardNumber'

2023-02-15 22:36:15 - [MESSAGE][PASSED] - Text '' is set on object 'Object Repository/VLink/Page_CCSale/txt_ExpMonth'

2023-02-15 22:36:16 - [MESSAGE][PASSED] - Text '2025' is set on object 'Object Repository/VLink/Page_CCSale/txt_ExpYear'

2023-02-15 22:36:16 - [MESSAGE][PASSED] - Text '' is set on object 'Object Repository/VLink/Page_CCSale/txt_CVV'

2023-02-15 22:36:17 - [MESSAGE][PASSED] - Text '' is set on object 'Object Repository/VLink/Page_CCSale/txt_CVVstate'

2023-02-15 22:36:18 - [MESSAGE][PASSED] - Text '' is set on object 'Object Repository/VLink/Page_CCSale/txt_TrackData'

2023-02-15 22:36:18 - [MESSAGE][PASSED] - Text '' is set on object 'Object Repository/VLink/Page_CCSale/txt_Track1Data'

2023-02-15 22:36:19 - [MESSAGE][PASSED] - Text '' is set on object 'Object Repository/VLink/Page_CCSale/txt_Track2Data'

2023-02-15 22:36:20 - [MESSAGE][PASSED] - Text 'manual' is set on object 'Object Repository/VLink/Page_CCSale/txt_POSEntryMode'

2023-02-15 22:36:20 - [MESSAGE][PASSED] - Text 'iahmed@govolution.com' is set on object 'Object Repository/VLink/Page_CCSale/txt_Email'

2023-02-15 22:36:21 - [MESSAGE][PASSED] - Text '2569362' is set on object 'Object Repository/VLink/Page_CCSale/txt_OrderNumber'

2023-02-15 22:36:22 - [MESSAGE][PASSED] - Text '1.15' is set on object 'Object Repository/VLink/Page_CCSale/txt_TaxAmount'

2023-02-15 22:36:22 - [MESSAGE][PASSED] - Text 'Charge Description' is set on object 'Object Repository/VLink/Page_CCSale/txt_ChargeDescription'

2023-02-15 22:36:23 - [MESSAGE][PASSED] - Text '147357' is set on object 'Object Repository/VLink/Page_CCSale/txt_CAN'

2023-02-15 22:36:24 - [MESSAGE][PASSED] - Text '1' is set on object 'Object Repository/VLink/Page_CCSale/txt_BillPaymentIndicator'

2023-02-15 22:36:24 - [MESSAGE][PASSED] - Text 'UDF Data 1' is set on object 'Object Repository/VLink/Page_CCSale/txt_UDF1'

2023-02-15 22:36:25 - [MESSAGE][PASSED] - Text 'UDF Data 2' is set on object 'Object Repository/VLink/Page_CCSale/txt_UDF2'

2023-02-15 22:36:26 - [MESSAGE][PASSED] - Text 'UDF Data 3' is set on object 'Object Repository/VLink/Page_CCSale/txt_UDF3'

2023-02-15 22:36:27 - [MESSAGE][PASSED] - Text 'UDF Data 4' is set on object 'Object Repository/VLink/Page_CCSale/txt_UDF4'

2023-02-15 22:36:27 - [MESSAGE][PASSED] - Text 'UDF Data 5' is set on object 'Object Repository/VLink/Page_CCSale/txt_UDF5'

2023-02-15 22:36:28 - [MESSAGE][PASSED] - Text 'UDF Data 6' is set on object 'Object Repository/VLink/Page_CCSale/txt_UDF6'

2023-02-15 22:36:29 - [MESSAGE][PASSED] - Text 'UDF Data 7' is set on object 'Object Repository/VLink/Page_CCSale/txt_UDF7'

2023-02-15 22:36:29 - [MESSAGE][PASSED] - Text 'UDF Data 8' is set on object 'Object Repository/VLink/Page_CCSale/txt_UDF8'

2023-02-15 22:36:30 - [MESSAGE][PASSED] - Text 'UDF Data 9' is set on object 'Object Repository/VLink/Page_CCSale/txt_UDF9'

2023-02-15 22:36:31 - [MESSAGE][PASSED] - Text 'UDF Data 10' is set on object 'Object Repository/VLink/Page_CCSale/txt_UDF10'

2023-02-15 22:36:31 - [MESSAGE][PASSED] - Object: 'Object Repository/VLink/Page_CCSale/btn_ProcessVLinkTransaction' is clicked on

2023-02-15 22:36:36 - [MESSAGE][PASSED] - vlinkPages.saleCCPage.setDataSCC is PASSED

2023-02-15 22:36:36 - [TEST_STEP][PASSED] - if (verifyTextPresent(errorMsg, true)): null

2023-02-15 22:36:37 - [MESSAGE][PASSED] - Text 'card_exmo' is present on page  using regular expression

2023-02-15 22:36:37 - [TEST_STEP][PASSED] - println("Transaction Approved, no errors text is present on the Confirmation page"): null

2023-02-15 22:36:37 - [TEST_STEP][PASSED] - out.println("Pass Record Number: " + row): null

2023-02-15 22:36:37 - [TEST_STEP][PASSED] - resText = "Pass": null

2023-02-15 22:36:37 - [TEST_STEP][PASSED] - pages.WriteExcel.demoKey(resText, datText, resColumn, datCloumn, fileLoc, nameSheet, row): pages.WriteExcel.demoKey is PASSED

2023-02-15 22:36:37 - [MESSAGE][PASSED] - pages.WriteExcel.demoKey is PASSED

2023-02-15 22:36:37 - [TEST_STEP][PASSED] - sdfo = getText(findTestObject("Object Repository/Page_VLinkReceipt/pre_STX")): Text of object 'Object Repository/Page_VLinkReceipt/pre_STX' is: '<STX>deFKHQS3Ork7                                      2  Transaction failed                                20 Missing Parameter(s): card_exmo                                                            <ETX>'

2023-02-15 22:36:37 - [MESSAGE][PASSED] - Text of object 'Object Repository/Page_VLinkReceipt/pre_STX' is: '<STX>deFKHQS3Ork7                                      2  Transaction failed                                20 Missing Parameter(s): card_exmo                                                            <ETX>'

2023-02-15 22:36:37 - [TEST_STEP][PASSED] - out.println("sdfo: " + sdfo): null

2023-02-15 22:36:37 - [TEST_STEP][PASSED] - remID = substring(5, 35).trim(): null

2023-02-15 22:36:37 - [TEST_STEP][PASSED] - out.println("Remittance ID: " + remID): null

2023-02-15 22:36:37 - [TEST_STEP][PASSED] - traxID = substring(35, 55).trim(): null

2023-02-15 22:36:37 - [TEST_STEP][PASSED] - out.println("Transaction ID: " + traxID): null

2023-02-15 22:36:37 - [TEST_STEP][PASSED] - out.println("End Record Number: " + row): null

2023-02-15 22:36:37 - [TEST_STEP][PASSED] - closeBrowser(): Browser is closed

2023-02-15 22:36:38 - [MESSAGE][PASSED] - Browser is closed

2023-02-15 22:36:38 - [TEST_STEP][PASSED] - ExecuteTC = findTestData(dataFile).getValue("Execute", row): null

2023-02-15 22:36:38 - [TEST_STEP][PASSED] - out.println("Value of Execute is : " + ExecuteTC): null

2023-02-15 22:36:38 - [TEST_STEP][PASSED] - errorMsg = findTestData(dataFile).getValue("ErrorMsg", row): null

2023-02-15 22:36:38 - [TEST_STEP][PASSED] - if (ExecuteTC.equalsIgnoreCase("Y")): Browser is closed

2023-02-15 22:36:38 - [TEST_STEP][PASSED] - out.println("Begin Record Number: " + row): null

2023-02-15 22:36:38 - [TEST_STEP][PASSED] - today = new java.util.Date(): null

2023-02-15 22:36:38 - [TEST_STEP][PASSED] - println(today): null

2023-02-15 22:36:38 - [TEST_STEP][PASSED] - datText = today: null

2023-02-15 22:36:38 - [TEST_STEP][PASSED] - openBrowser(VLinkURL + "authcap.html"): Browser is opened with url: 'https://dev-algorithm.govolution.com/vlinktest/QA/version_2_0/authcap.html'

2023-02-15 22:36:38 - [MESSAGE][INFO] - Starting 'Chrome' driver

2023-02-15 22:36:38 - [MESSAGE][INFO] - User set preference: ['acceptInsecureCerts', 'true']

2023-02-15 22:36:38 - [MESSAGE][INFO] - Action delay is set to 0 milliseconds

2023-02-15 22:36:40 - [MESSAGE][PASSED] - Browser is opened with url: 'https://dev-algorithm.govolution.com/vlinktest/QA/version_2_0/authcap.html'

2023-02-15 22:36:40 - [TEST_STEP][PASSED] - maximizeWindow(): Current window maximized

2023-02-15 22:36:40 - [MESSAGE][PASSED] - Current window maximized

2023-02-15 22:36:40 - [TEST_STEP][PASSED] - vlinkPages.saleCCPage.setDataSCC(row, dataFile): vlinkPages.saleCCPage.setDataSCC is PASSED

2023-02-15 22:36:44 - [MESSAGE][PASSED] - Object 'Object Repository/VLink/Page_CCSale/txt_CardNumber' is present

2023-02-15 22:36:45 - [MESSAGE][PASSED] - Text '104' is set on object 'Object Repository/VLink/Page_CCSale/txt_TransactionType'

2023-02-15 22:36:45 - [MESSAGE][PASSED] - Text '2.0C' is set on object 'Object Repository/VLink/Page_CCSale/txt_MessageVersion'

2023-02-15 22:36:46 - [MESSAGE][PASSED] - Text 'hA9ovSqmEUzO' is set on object 'Object Repository/VLink/Page_CCSale/txt_RemID'

2023-02-15 22:36:47 - [MESSAGE][PASSED] - Text '234' is set on object 'Object Repository/VLink/Page_CCSale/txt_ApplicationId'

2023-02-15 22:36:48 - [MESSAGE][PASSED] - Text 'username' is set on object 'Object Repository/VLink/Page_CCSale/txt_Username'

2023-02-15 22:36:48 - [MESSAGE][PASSED] - Text 'password' is set on object 'Object Repository/VLink/Page_CCSale/txt_Password'

2023-02-15 22:36:49 - [MESSAGE][PASSED] - Text 'fixed_width' is set on object 'Object Repository/VLink/Page_CCSale/txt_ResponseFormat'

2023-02-15 22:36:50 - [MESSAGE][PASSED] - Text 'ECOM' is set on object 'Object Repository/VLink/Page_CCSale/txt_Category'

2023-02-15 22:36:50 - [MESSAGE][PASSED] - Text '' is set on object 'Object Repository/VLink/Page_CCSale/txt_TransactionID'

2023-02-15 22:36:51 - [MESSAGE][PASSED] - Text '' is set on object 'Object Repository/VLink/Page_CCSale/txt_ApprovalCode'

2023-02-15 22:36:52 - [MESSAGE][PASSED] - Text 'Kris Roshan' is set on object 'Object Repository/VLink/Page_CCSale/txt_CardName'

2023-02-15 22:36:53 - [MESSAGE][PASSED] - Text '258 Elm Road' is set on object 'Object Repository/VLink/Page_CCSale/txt_AL1'

2023-02-15 22:36:54 - [MESSAGE][PASSED] - Text 'Suite 56' is set on object 'Object Repository/VLink/Page_CCSale/txt_AL2'

2023-02-15 22:36:54 - [MESSAGE][PASSED] - Text 'Arlington' is set on object 'Object Repository/VLink/Page_CCSale/txt_CardCity'

2023-02-15 22:36:55 - [MESSAGE][PASSED] - Text 'VA' is set on object 'Object Repository/VLink/Page_CCSale/txt_CardState'

2023-02-15 22:36:56 - [MESSAGE][PASSED] - Text '22201' is set on object 'Object Repository/VLink/Page_CCSale/txt_CardZIP'

2023-02-15 22:36:56 - [MESSAGE][PASSED] - Text '840' is set on object 'Object Repository/VLink/Page_CCSale/txt_CountryID'

2023-02-15 22:36:57 - [MESSAGE][PASSED] - Text '1.50' is set on object 'Object Repository/VLink/Page_CCSale/txt_Amount'

2023-02-15 22:36:58 - [MESSAGE][PASSED] - Text '4111111111111111' is set on object 'Object Repository/VLink/Page_CCSale/txt_CardNumber'

2023-02-15 22:36:58 - [MESSAGE][PASSED] - Text '12' is set on object 'Object Repository/VLink/Page_CCSale/txt_ExpMonth'

2023-02-15 22:36:59 - [MESSAGE][PASSED] - Text '' is set on object 'Object Repository/VLink/Page_CCSale/txt_ExpYear'

2023-02-15 22:37:00 - [MESSAGE][PASSED] - Text '' is set on object 'Object Repository/VLink/Page_CCSale/txt_CVV'

2023-02-15 22:37:00 - [MESSAGE][PASSED] - Text '' is set on object 'Object Repository/VLink/Page_CCSale/txt_CVVstate'

2023-02-15 22:37:01 - [MESSAGE][PASSED] - Text '' is set on object 'Object Repository/VLink/Page_CCSale/txt_TrackData'

2023-02-15 22:37:02 - [MESSAGE][PASSED] - Text '' is set on object 'Object Repository/VLink/Page_CCSale/txt_Track1Data'

2023-02-15 22:37:02 - [MESSAGE][PASSED] - Text '' is set on object 'Object Repository/VLink/Page_CCSale/txt_Track2Data'

2023-02-15 22:37:03 - [MESSAGE][PASSED] - Text 'manual' is set on object 'Object Repository/VLink/Page_CCSale/txt_POSEntryMode'

2023-02-15 22:37:04 - [MESSAGE][PASSED] - Text 'iahmed@govolution.com' is set on object 'Object Repository/VLink/Page_CCSale/txt_Email'

2023-02-15 22:37:04 - [MESSAGE][PASSED] - Text '2569362' is set on object 'Object Repository/VLink/Page_CCSale/txt_OrderNumber'

2023-02-15 22:37:05 - [MESSAGE][PASSED] - Text '1.15' is set on object 'Object Repository/VLink/Page_CCSale/txt_TaxAmount'

2023-02-15 22:37:06 - [MESSAGE][PASSED] - Text 'Charge Description' is set on object 'Object Repository/VLink/Page_CCSale/txt_ChargeDescription'

2023-02-15 22:37:06 - [MESSAGE][PASSED] - Text '147357' is set on object 'Object Repository/VLink/Page_CCSale/txt_CAN'

2023-02-15 22:37:07 - [MESSAGE][PASSED] - Text '1' is set on object 'Object Repository/VLink/Page_CCSale/txt_BillPaymentIndicator'

2023-02-15 22:37:08 - [MESSAGE][PASSED] - Text 'UDF Data 1' is set on object 'Object Repository/VLink/Page_CCSale/txt_UDF1'

2023-02-15 22:37:08 - [MESSAGE][PASSED] - Text 'UDF Data 2' is set on object 'Object Repository/VLink/Page_CCSale/txt_UDF2'

2023-02-15 22:37:09 - [MESSAGE][PASSED] - Text 'UDF Data 3' is set on object 'Object Repository/VLink/Page_CCSale/txt_UDF3'

2023-02-15 22:37:10 - [MESSAGE][PASSED] - Text 'UDF Data 4' is set on object 'Object Repository/VLink/Page_CCSale/txt_UDF4'

2023-02-15 22:37:10 - [MESSAGE][PASSED] - Text 'UDF Data 5' is set on object 'Object Repository/VLink/Page_CCSale/txt_UDF5'

2023-02-15 22:37:11 - [MESSAGE][PASSED] - Text 'UDF Data 6' is set on object 'Object Repository/VLink/Page_CCSale/txt_UDF6'

2023-02-15 22:37:12 - [MESSAGE][PASSED] - Text 'UDF Data 7' is set on object 'Object Repository/VLink/Page_CCSale/txt_UDF7'

2023-02-15 22:37:12 - [MESSAGE][PASSED] - Text 'UDF Data 8' is set on object 'Object Repository/VLink/Page_CCSale/txt_UDF8'

2023-02-15 22:37:13 - [MESSAGE][PASSED] - Text 'UDF Data 9' is set on object 'Object Repository/VLink/Page_CCSale/txt_UDF9'

2023-02-15 22:37:14 - [MESSAGE][PASSED] - Text 'UDF Data 10' is set on object 'Object Repository/VLink/Page_CCSale/txt_UDF10'

2023-02-15 22:37:15 - [MESSAGE][PASSED] - Object: 'Object Repository/VLink/Page_CCSale/btn_ProcessVLinkTransaction' is clicked on

2023-02-15 22:37:20 - [MESSAGE][PASSED] - vlinkPages.saleCCPage.setDataSCC is PASSED

2023-02-15 22:37:20 - [TEST_STEP][PASSED] - if (verifyTextPresent(errorMsg, true)): null

2023-02-15 22:37:20 - [MESSAGE][PASSED] - Text 'card_exyr' is present on page  using regular expression

2023-02-15 22:37:20 - [TEST_STEP][PASSED] - println("Transaction Approved, no errors text is present on the Confirmation page"): null

2023-02-15 22:37:20 - [TEST_STEP][PASSED] - out.println("Pass Record Number: " + row): null

2023-02-15 22:37:20 - [TEST_STEP][PASSED] - resText = "Pass": null

2023-02-15 22:37:20 - [TEST_STEP][PASSED] - pages.WriteExcel.demoKey(resText, datText, resColumn, datCloumn, fileLoc, nameSheet, row): pages.WriteExcel.demoKey is PASSED

2023-02-15 22:37:20 - [MESSAGE][PASSED] - pages.WriteExcel.demoKey is PASSED

2023-02-15 22:37:20 - [TEST_STEP][PASSED] - sdfo = getText(findTestObject("Object Repository/Page_VLinkReceipt/pre_STX")): Text of object 'Object Repository/Page_VLinkReceipt/pre_STX' is: '<STX>hA9ovSqmEUzO                                      2  Transaction failed                                20 Missing Parameter(s): card_exyr                                                            <ETX>'

2023-02-15 22:37:20 - [MESSAGE][PASSED] - Text of object 'Object Repository/Page_VLinkReceipt/pre_STX' is: '<STX>hA9ovSqmEUzO                                      2  Transaction failed                                20 Missing Parameter(s): card_exyr                                                            <ETX>'

2023-02-15 22:37:20 - [TEST_STEP][PASSED] - out.println("sdfo: " + sdfo): null

2023-02-15 22:37:20 - [TEST_STEP][PASSED] - remID = substring(5, 35).trim(): null

2023-02-15 22:37:20 - [TEST_STEP][PASSED] - out.println("Remittance ID: " + remID): null

2023-02-15 22:37:20 - [TEST_STEP][PASSED] - traxID = substring(35, 55).trim(): null

2023-02-15 22:37:20 - [TEST_STEP][PASSED] - out.println("Transaction ID: " + traxID): null

2023-02-15 22:37:20 - [TEST_STEP][PASSED] - out.println("End Record Number: " + row): null

2023-02-15 22:37:20 - [TEST_STEP][PASSED] - closeBrowser(): Browser is closed

2023-02-15 22:37:21 - [MESSAGE][PASSED] - Browser is closed

2023-02-15 22:37:21 - [TEST_STEP][PASSED] - ExecuteTC = findTestData(dataFile).getValue("Execute", row): null

2023-02-15 22:37:21 - [TEST_STEP][PASSED] - out.println("Value of Execute is : " + ExecuteTC): null

2023-02-15 22:37:21 - [TEST_STEP][PASSED] - errorMsg = findTestData(dataFile).getValue("ErrorMsg", row): null

2023-02-15 22:37:21 - [TEST_STEP][PASSED] - if (ExecuteTC.equalsIgnoreCase("Y")): Browser is closed

2023-02-15 22:37:21 - [TEST_STEP][PASSED] - out.println("Begin Record Number: " + row): null

2023-02-15 22:37:21 - [TEST_STEP][PASSED] - today = new java.util.Date(): null

2023-02-15 22:37:21 - [TEST_STEP][PASSED] - println(today): null

2023-02-15 22:37:21 - [TEST_STEP][PASSED] - datText = today: null

2023-02-15 22:37:21 - [TEST_STEP][PASSED] - openBrowser(VLinkURL + "authcap.html"): Browser is opened with url: 'https://dev-algorithm.govolution.com/vlinktest/QA/version_2_0/authcap.html'

2023-02-15 22:37:21 - [MESSAGE][INFO] - Starting 'Chrome' driver

2023-02-15 22:37:21 - [MESSAGE][INFO] - User set preference: ['acceptInsecureCerts', 'true']

2023-02-15 22:37:21 - [MESSAGE][INFO] - Action delay is set to 0 milliseconds

2023-02-15 22:37:23 - [MESSAGE][PASSED] - Browser is opened with url: 'https://dev-algorithm.govolution.com/vlinktest/QA/version_2_0/authcap.html'

2023-02-15 22:37:23 - [TEST_STEP][PASSED] - maximizeWindow(): Current window maximized

2023-02-15 22:37:23 - [MESSAGE][PASSED] - Current window maximized

2023-02-15 22:37:23 - [TEST_STEP][PASSED] - vlinkPages.saleCCPage.setDataSCC(row, dataFile): vlinkPages.saleCCPage.setDataSCC is PASSED

2023-02-15 22:37:27 - [MESSAGE][PASSED] - Object 'Object Repository/VLink/Page_CCSale/txt_CardNumber' is present

2023-02-15 22:37:28 - [MESSAGE][PASSED] - Text '104' is set on object 'Object Repository/VLink/Page_CCSale/txt_TransactionType'

2023-02-15 22:37:28 - [MESSAGE][PASSED] - Text '2.0C' is set on object 'Object Repository/VLink/Page_CCSale/txt_MessageVersion'

2023-02-15 22:37:29 - [MESSAGE][PASSED] - Text 'Ou9T0WPaWEIY' is set on object 'Object Repository/VLink/Page_CCSale/txt_RemID'

2023-02-15 22:37:30 - [MESSAGE][PASSED] - Text '234' is set on object 'Object Repository/VLink/Page_CCSale/txt_ApplicationId'

2023-02-15 22:37:30 - [MESSAGE][PASSED] - Text 'username' is set on object 'Object Repository/VLink/Page_CCSale/txt_Username'

2023-02-15 22:37:31 - [MESSAGE][PASSED] - Text 'password' is set on object 'Object Repository/VLink/Page_CCSale/txt_Password'

2023-02-15 22:37:32 - [MESSAGE][PASSED] - Text 'fixed_width' is set on object 'Object Repository/VLink/Page_CCSale/txt_ResponseFormat'

2023-02-15 22:37:32 - [MESSAGE][PASSED] - Text 'MOTO' is set on object 'Object Repository/VLink/Page_CCSale/txt_Category'

2023-02-15 22:37:33 - [MESSAGE][PASSED] - Text '' is set on object 'Object Repository/VLink/Page_CCSale/txt_TransactionID'

2023-02-15 22:37:34 - [MESSAGE][PASSED] - Text '' is set on object 'Object Repository/VLink/Page_CCSale/txt_ApprovalCode'

2023-02-15 22:37:34 - [MESSAGE][PASSED] - Text 'Kris Roshan' is set on object 'Object Repository/VLink/Page_CCSale/txt_CardName'

2023-02-15 22:37:35 - [MESSAGE][PASSED] - Text '258 Elm Road' is set on object 'Object Repository/VLink/Page_CCSale/txt_AL1'

2023-02-15 22:37:36 - [MESSAGE][PASSED] - Text 'Suite 56' is set on object 'Object Repository/VLink/Page_CCSale/txt_AL2'

2023-02-15 22:37:36 - [MESSAGE][PASSED] - Text 'Arlington' is set on object 'Object Repository/VLink/Page_CCSale/txt_CardCity'

2023-02-15 22:37:37 - [MESSAGE][PASSED] - Text 'VA' is set on object 'Object Repository/VLink/Page_CCSale/txt_CardState'

2023-02-15 22:37:38 - [MESSAGE][PASSED] - Text '22201' is set on object 'Object Repository/VLink/Page_CCSale/txt_CardZIP'

2023-02-15 22:37:38 - [MESSAGE][PASSED] - Text '840' is set on object 'Object Repository/VLink/Page_CCSale/txt_CountryID'

2023-02-15 22:37:39 - [MESSAGE][PASSED] - Text '1.50' is set on object 'Object Repository/VLink/Page_CCSale/txt_Amount'

2023-02-15 22:37:40 - [MESSAGE][PASSED] - Text '4111111111111111' is set on object 'Object Repository/VLink/Page_CCSale/txt_CardNumber'

2023-02-15 22:37:40 - [MESSAGE][PASSED] - Text '12' is set on object 'Object Repository/VLink/Page_CCSale/txt_ExpMonth'

2023-02-15 22:37:41 - [MESSAGE][PASSED] - Text '' is set on object 'Object Repository/VLink/Page_CCSale/txt_ExpYear'

2023-02-15 22:37:42 - [MESSAGE][PASSED] - Text '' is set on object 'Object Repository/VLink/Page_CCSale/txt_CVV'

2023-02-15 22:37:42 - [MESSAGE][PASSED] - Text '' is set on object 'Object Repository/VLink/Page_CCSale/txt_CVVstate'

2023-02-15 22:37:43 - [MESSAGE][PASSED] - Text '' is set on object 'Object Repository/VLink/Page_CCSale/txt_TrackData'

2023-02-15 22:37:44 - [MESSAGE][PASSED] - Text '' is set on object 'Object Repository/VLink/Page_CCSale/txt_Track1Data'

2023-02-15 22:37:44 - [MESSAGE][PASSED] - Text '' is set on object 'Object Repository/VLink/Page_CCSale/txt_Track2Data'

2023-02-15 22:37:45 - [MESSAGE][PASSED] - Text 'manual' is set on object 'Object Repository/VLink/Page_CCSale/txt_POSEntryMode'

2023-02-15 22:37:46 - [MESSAGE][PASSED] - Text 'iahmed@govolution.com' is set on object 'Object Repository/VLink/Page_CCSale/txt_Email'

2023-02-15 22:37:47 - [MESSAGE][PASSED] - Text '2569362' is set on object 'Object Repository/VLink/Page_CCSale/txt_OrderNumber'

2023-02-15 22:37:47 - [MESSAGE][PASSED] - Text '1.15' is set on object 'Object Repository/VLink/Page_CCSale/txt_TaxAmount'

2023-02-15 22:37:48 - [MESSAGE][PASSED] - Text 'Charge Description' is set on object 'Object Repository/VLink/Page_CCSale/txt_ChargeDescription'

2023-02-15 22:37:49 - [MESSAGE][PASSED] - Text '147357' is set on object 'Object Repository/VLink/Page_CCSale/txt_CAN'

2023-02-15 22:37:49 - [MESSAGE][PASSED] - Text '1' is set on object 'Object Repository/VLink/Page_CCSale/txt_BillPaymentIndicator'

2023-02-15 22:37:50 - [MESSAGE][PASSED] - Text 'UDF Data 1' is set on object 'Object Repository/VLink/Page_CCSale/txt_UDF1'

2023-02-15 22:37:51 - [MESSAGE][PASSED] - Text 'UDF Data 2' is set on object 'Object Repository/VLink/Page_CCSale/txt_UDF2'

2023-02-15 22:37:51 - [MESSAGE][PASSED] - Text 'UDF Data 3' is set on object 'Object Repository/VLink/Page_CCSale/txt_UDF3'

2023-02-15 22:37:52 - [MESSAGE][PASSED] - Text 'UDF Data 4' is set on object 'Object Repository/VLink/Page_CCSale/txt_UDF4'

2023-02-15 22:37:53 - [MESSAGE][PASSED] - Text 'UDF Data 5' is set on object 'Object Repository/VLink/Page_CCSale/txt_UDF5'

2023-02-15 22:37:53 - [MESSAGE][PASSED] - Text 'UDF Data 6' is set on object 'Object Repository/VLink/Page_CCSale/txt_UDF6'

2023-02-15 22:37:54 - [MESSAGE][PASSED] - Text 'UDF Data 7' is set on object 'Object Repository/VLink/Page_CCSale/txt_UDF7'

2023-02-15 22:37:55 - [MESSAGE][PASSED] - Text 'UDF Data 8' is set on object 'Object Repository/VLink/Page_CCSale/txt_UDF8'

2023-02-15 22:37:55 - [MESSAGE][PASSED] - Text 'UDF Data 9' is set on object 'Object Repository/VLink/Page_CCSale/txt_UDF9'

2023-02-15 22:37:56 - [MESSAGE][PASSED] - Text 'UDF Data 10' is set on object 'Object Repository/VLink/Page_CCSale/txt_UDF10'

2023-02-15 22:37:57 - [MESSAGE][PASSED] - Object: 'Object Repository/VLink/Page_CCSale/btn_ProcessVLinkTransaction' is clicked on

2023-02-15 22:38:02 - [MESSAGE][PASSED] - vlinkPages.saleCCPage.setDataSCC is PASSED

2023-02-15 22:38:02 - [TEST_STEP][PASSED] - if (verifyTextPresent(errorMsg, true)): null

2023-02-15 22:38:02 - [MESSAGE][PASSED] - Text 'card_exyr' is present on page  using regular expression

2023-02-15 22:38:02 - [TEST_STEP][PASSED] - println("Transaction Approved, no errors text is present on the Confirmation page"): null

2023-02-15 22:38:02 - [TEST_STEP][PASSED] - out.println("Pass Record Number: " + row): null

2023-02-15 22:38:02 - [TEST_STEP][PASSED] - resText = "Pass": null

2023-02-15 22:38:02 - [TEST_STEP][PASSED] - pages.WriteExcel.demoKey(resText, datText, resColumn, datCloumn, fileLoc, nameSheet, row): pages.WriteExcel.demoKey is PASSED

2023-02-15 22:38:02 - [MESSAGE][PASSED] - pages.WriteExcel.demoKey is PASSED

2023-02-15 22:38:02 - [TEST_STEP][PASSED] - sdfo = getText(findTestObject("Object Repository/Page_VLinkReceipt/pre_STX")): Text of object 'Object Repository/Page_VLinkReceipt/pre_STX' is: '<STX>Ou9T0WPaWEIY                                      2  Transaction failed                                20 Missing Parameter(s): card_exyr                                                            <ETX>'

2023-02-15 22:38:03 - [MESSAGE][PASSED] - Text of object 'Object Repository/Page_VLinkReceipt/pre_STX' is: '<STX>Ou9T0WPaWEIY                                      2  Transaction failed                                20 Missing Parameter(s): card_exyr                                                            <ETX>'

2023-02-15 22:38:03 - [TEST_STEP][PASSED] - out.println("sdfo: " + sdfo): null

2023-02-15 22:38:03 - [TEST_STEP][PASSED] - remID = substring(5, 35).trim(): null

2023-02-15 22:38:03 - [TEST_STEP][PASSED] - out.println("Remittance ID: " + remID): null

2023-02-15 22:38:03 - [TEST_STEP][PASSED] - traxID = substring(35, 55).trim(): null

2023-02-15 22:38:03 - [TEST_STEP][PASSED] - out.println("Transaction ID: " + traxID): null

2023-02-15 22:38:03 - [TEST_STEP][PASSED] - out.println("End Record Number: " + row): null

2023-02-15 22:38:03 - [TEST_STEP][PASSED] - closeBrowser(): Browser is closed

2023-02-15 22:38:04 - [MESSAGE][PASSED] - Browser is closed

2023-02-15 22:38:04 - [TEST_STEP][PASSED] - ExecuteTC = findTestData(dataFile).getValue("Execute", row): null

2023-02-15 22:38:04 - [TEST_STEP][PASSED] - out.println("Value of Execute is : " + ExecuteTC): null

2023-02-15 22:38:04 - [TEST_STEP][PASSED] - errorMsg = findTestData(dataFile).getValue("ErrorMsg", row): null

2023-02-15 22:38:04 - [TEST_STEP][PASSED] - if (ExecuteTC.equalsIgnoreCase("Y")): Browser is closed

2023-02-15 22:38:04 - [TEST_STEP][PASSED] - out.println("Begin Record Number: " + row): null

2023-02-15 22:38:04 - [TEST_STEP][PASSED] - today = new java.util.Date(): null

2023-02-15 22:38:04 - [TEST_STEP][PASSED] - println(today): null

2023-02-15 22:38:04 - [TEST_STEP][PASSED] - datText = today: null

2023-02-15 22:38:04 - [TEST_STEP][PASSED] - openBrowser(VLinkURL + "authcap.html"): Browser is opened with url: 'https://dev-algorithm.govolution.com/vlinktest/QA/version_2_0/authcap.html'

2023-02-15 22:38:04 - [MESSAGE][INFO] - Starting 'Chrome' driver

2023-02-15 22:38:04 - [MESSAGE][INFO] - User set preference: ['acceptInsecureCerts', 'true']

2023-02-15 22:38:04 - [MESSAGE][INFO] - Action delay is set to 0 milliseconds

2023-02-15 22:38:05 - [MESSAGE][PASSED] - Browser is opened with url: 'https://dev-algorithm.govolution.com/vlinktest/QA/version_2_0/authcap.html'

2023-02-15 22:38:05 - [TEST_STEP][PASSED] - maximizeWindow(): Current window maximized

2023-02-15 22:38:06 - [MESSAGE][PASSED] - Current window maximized

2023-02-15 22:38:06 - [TEST_STEP][PASSED] - vlinkPages.saleCCPage.setDataSCC(row, dataFile): vlinkPages.saleCCPage.setDataSCC is PASSED

2023-02-15 22:38:09 - [MESSAGE][PASSED] - Object 'Object Repository/VLink/Page_CCSale/txt_CardNumber' is present

2023-02-15 22:38:10 - [MESSAGE][PASSED] - Text '104' is set on object 'Object Repository/VLink/Page_CCSale/txt_TransactionType'

2023-02-15 22:38:11 - [MESSAGE][PASSED] - Text '2.0C' is set on object 'Object Repository/VLink/Page_CCSale/txt_MessageVersion'

2023-02-15 22:38:11 - [MESSAGE][PASSED] - Text 'jWdsRP8BooYD' is set on object 'Object Repository/VLink/Page_CCSale/txt_RemID'

2023-02-15 22:38:12 - [MESSAGE][PASSED] - Text '234' is set on object 'Object Repository/VLink/Page_CCSale/txt_ApplicationId'

2023-02-15 22:38:13 - [MESSAGE][PASSED] - Text 'username' is set on object 'Object Repository/VLink/Page_CCSale/txt_Username'

2023-02-15 22:38:13 - [MESSAGE][PASSED] - Text 'password' is set on object 'Object Repository/VLink/Page_CCSale/txt_Password'

2023-02-15 22:38:14 - [MESSAGE][PASSED] - Text 'fixed_width' is set on object 'Object Repository/VLink/Page_CCSale/txt_ResponseFormat'

2023-02-15 22:38:15 - [MESSAGE][PASSED] - Text 'RETL' is set on object 'Object Repository/VLink/Page_CCSale/txt_Category'

2023-02-15 22:38:15 - [MESSAGE][PASSED] - Text '' is set on object 'Object Repository/VLink/Page_CCSale/txt_TransactionID'

2023-02-15 22:38:16 - [MESSAGE][PASSED] - Text '' is set on object 'Object Repository/VLink/Page_CCSale/txt_ApprovalCode'

2023-02-15 22:38:17 - [MESSAGE][PASSED] - Text 'Kris Roshan' is set on object 'Object Repository/VLink/Page_CCSale/txt_CardName'

2023-02-15 22:38:17 - [MESSAGE][PASSED] - Text '258 Elm Road' is set on object 'Object Repository/VLink/Page_CCSale/txt_AL1'

2023-02-15 22:38:18 - [MESSAGE][PASSED] - Text 'Suite 56' is set on object 'Object Repository/VLink/Page_CCSale/txt_AL2'

2023-02-15 22:38:19 - [MESSAGE][PASSED] - Text 'Arlington' is set on object 'Object Repository/VLink/Page_CCSale/txt_CardCity'

2023-02-15 22:38:20 - [MESSAGE][PASSED] - Text 'VA' is set on object 'Object Repository/VLink/Page_CCSale/txt_CardState'

2023-02-15 22:38:20 - [MESSAGE][PASSED] - Text '22201' is set on object 'Object Repository/VLink/Page_CCSale/txt_CardZIP'

2023-02-15 22:38:21 - [MESSAGE][PASSED] - Text '840' is set on object 'Object Repository/VLink/Page_CCSale/txt_CountryID'

2023-02-15 22:38:21 - [MESSAGE][PASSED] - Text '1.50' is set on object 'Object Repository/VLink/Page_CCSale/txt_Amount'

2023-02-15 22:38:22 - [MESSAGE][PASSED] - Text '4111111111111111' is set on object 'Object Repository/VLink/Page_CCSale/txt_CardNumber'

2023-02-15 22:38:23 - [MESSAGE][PASSED] - Text '12' is set on object 'Object Repository/VLink/Page_CCSale/txt_ExpMonth'

2023-02-15 22:38:24 - [MESSAGE][PASSED] - Text '' is set on object 'Object Repository/VLink/Page_CCSale/txt_ExpYear'

2023-02-15 22:38:24 - [MESSAGE][PASSED] - Text '' is set on object 'Object Repository/VLink/Page_CCSale/txt_CVV'

2023-02-15 22:38:25 - [MESSAGE][PASSED] - Text '' is set on object 'Object Repository/VLink/Page_CCSale/txt_CVVstate'

2023-02-15 22:38:26 - [MESSAGE][PASSED] - Text '' is set on object 'Object Repository/VLink/Page_CCSale/txt_TrackData'

2023-02-15 22:38:26 - [MESSAGE][PASSED] - Text '' is set on object 'Object Repository/VLink/Page_CCSale/txt_Track1Data'

2023-02-15 22:38:27 - [MESSAGE][PASSED] - Text '' is set on object 'Object Repository/VLink/Page_CCSale/txt_Track2Data'

2023-02-15 22:38:28 - [MESSAGE][PASSED] - Text 'manual' is set on object 'Object Repository/VLink/Page_CCSale/txt_POSEntryMode'

2023-02-15 22:38:28 - [MESSAGE][PASSED] - Text 'iahmed@govolution.com' is set on object 'Object Repository/VLink/Page_CCSale/txt_Email'

2023-02-15 22:38:29 - [MESSAGE][PASSED] - Text '2569362' is set on object 'Object Repository/VLink/Page_CCSale/txt_OrderNumber'

2023-02-15 22:38:30 - [MESSAGE][PASSED] - Text '1.15' is set on object 'Object Repository/VLink/Page_CCSale/txt_TaxAmount'

2023-02-15 22:38:30 - [MESSAGE][PASSED] - Text 'Charge Description' is set on object 'Object Repository/VLink/Page_CCSale/txt_ChargeDescription'

2023-02-15 22:38:31 - [MESSAGE][PASSED] - Text '147357' is set on object 'Object Repository/VLink/Page_CCSale/txt_CAN'

2023-02-15 22:38:32 - [MESSAGE][PASSED] - Text '1' is set on object 'Object Repository/VLink/Page_CCSale/txt_BillPaymentIndicator'

2023-02-15 22:38:33 - [MESSAGE][PASSED] - Text 'UDF Data 1' is set on object 'Object Repository/VLink/Page_CCSale/txt_UDF1'

2023-02-15 22:38:33 - [MESSAGE][PASSED] - Text 'UDF Data 2' is set on object 'Object Repository/VLink/Page_CCSale/txt_UDF2'

2023-02-15 22:38:34 - [MESSAGE][PASSED] - Text 'UDF Data 3' is set on object 'Object Repository/VLink/Page_CCSale/txt_UDF3'

2023-02-15 22:38:35 - [MESSAGE][PASSED] - Text 'UDF Data 4' is set on object 'Object Repository/VLink/Page_CCSale/txt_UDF4'

2023-02-15 22:38:35 - [MESSAGE][PASSED] - Text 'UDF Data 5' is set on object 'Object Repository/VLink/Page_CCSale/txt_UDF5'

2023-02-15 22:38:36 - [MESSAGE][PASSED] - Text 'UDF Data 6' is set on object 'Object Repository/VLink/Page_CCSale/txt_UDF6'

2023-02-15 22:38:37 - [MESSAGE][PASSED] - Text 'UDF Data 7' is set on object 'Object Repository/VLink/Page_CCSale/txt_UDF7'

2023-02-15 22:38:37 - [MESSAGE][PASSED] - Text 'UDF Data 8' is set on object 'Object Repository/VLink/Page_CCSale/txt_UDF8'

2023-02-15 22:38:38 - [MESSAGE][PASSED] - Text 'UDF Data 9' is set on object 'Object Repository/VLink/Page_CCSale/txt_UDF9'

2023-02-15 22:38:39 - [MESSAGE][PASSED] - Text 'UDF Data 10' is set on object 'Object Repository/VLink/Page_CCSale/txt_UDF10'

2023-02-15 22:38:39 - [MESSAGE][PASSED] - Object: 'Object Repository/VLink/Page_CCSale/btn_ProcessVLinkTransaction' is clicked on

2023-02-15 22:38:44 - [MESSAGE][PASSED] - vlinkPages.saleCCPage.setDataSCC is PASSED

2023-02-15 22:38:44 - [TEST_STEP][PASSED] - if (verifyTextPresent(errorMsg, true)): null

2023-02-15 22:38:45 - [MESSAGE][PASSED] - Text 'card_exyr' is present on page  using regular expression

2023-02-15 22:38:45 - [TEST_STEP][PASSED] - println("Transaction Approved, no errors text is present on the Confirmation page"): null

2023-02-15 22:38:45 - [TEST_STEP][PASSED] - out.println("Pass Record Number: " + row): null

2023-02-15 22:38:45 - [TEST_STEP][PASSED] - resText = "Pass": null

2023-02-15 22:38:45 - [TEST_STEP][PASSED] - pages.WriteExcel.demoKey(resText, datText, resColumn, datCloumn, fileLoc, nameSheet, row): pages.WriteExcel.demoKey is PASSED

2023-02-15 22:38:45 - [MESSAGE][PASSED] - pages.WriteExcel.demoKey is PASSED

2023-02-15 22:38:45 - [TEST_STEP][PASSED] - sdfo = getText(findTestObject("Object Repository/Page_VLinkReceipt/pre_STX")): Text of object 'Object Repository/Page_VLinkReceipt/pre_STX' is: '<STX>jWdsRP8BooYD                                      2  Transaction failed                                20 Missing Parameter(s): card_exyr                                                            <ETX>'

2023-02-15 22:38:45 - [MESSAGE][PASSED] - Text of object 'Object Repository/Page_VLinkReceipt/pre_STX' is: '<STX>jWdsRP8BooYD                                      2  Transaction failed                                20 Missing Parameter(s): card_exyr                                                            <ETX>'

2023-02-15 22:38:45 - [TEST_STEP][PASSED] - out.println("sdfo: " + sdfo): null

2023-02-15 22:38:45 - [TEST_STEP][PASSED] - remID = substring(5, 35).trim(): null

2023-02-15 22:38:45 - [TEST_STEP][PASSED] - out.println("Remittance ID: " + remID): null

2023-02-15 22:38:45 - [TEST_STEP][PASSED] - traxID = substring(35, 55).trim(): null

2023-02-15 22:38:45 - [TEST_STEP][PASSED] - out.println("Transaction ID: " + traxID): null

2023-02-15 22:38:45 - [TEST_STEP][PASSED] - out.println("End Record Number: " + row): null

2023-02-15 22:38:45 - [TEST_STEP][PASSED] - closeBrowser(): Browser is closed

2023-02-15 22:38:46 - [MESSAGE][PASSED] - Browser is closed

2023-02-15 22:38:46 - [TEST_STEP][PASSED] - ExecuteTC = findTestData(dataFile).getValue("Execute", row): null

2023-02-15 22:38:46 - [TEST_STEP][PASSED] - out.println("Value of Execute is : " + ExecuteTC): null

2023-02-15 22:38:46 - [TEST_STEP][PASSED] - errorMsg = findTestData(dataFile).getValue("ErrorMsg", row): null

2023-02-15 22:38:46 - [TEST_STEP][PASSED] - if (ExecuteTC.equalsIgnoreCase("Y")): null]]></system-out>
         <system-err><![CDATA[]]></system-err>
      </testcase>
      <testcase name="Test Cases/RecAndPlayBk/VLink/Auth-MRF" time="676.836" classname="Test Cases/RecAndPlayBk/VLink/Auth-MRF" status="PASSED">
         <system-out><![CDATA[2023-02-15 22:38:46 - [TEST_CASE][PASSED] - Test Cases/RecAndPlayBk/VLink/Auth-MRF: Test Cases/RecAndPlayBk/VLink/Auth-MRF

2023-02-15 22:38:47 - [TEST_STEP][PASSED] - executionProfile = getExecutionProfile(): null

2023-02-15 22:38:47 - [TEST_STEP][PASSED] - out.println("executionProfile : " + executionProfile): null

2023-02-15 22:38:47 - [TEST_STEP][PASSED] - resText = "Fail": null

2023-02-15 22:38:47 - [TEST_STEP][PASSED] - resColumn = "Result": null

2023-02-15 22:38:47 - [TEST_STEP][PASSED] - datCloumn = "Date": null

2023-02-15 22:38:47 - [TEST_STEP][PASSED] - fileLoc = "KatalonData/VLinkSmokeData.xlsx": null

2023-02-15 22:38:47 - [TEST_STEP][PASSED] - numOfRows = <not implemented yet for class: org.codehaus.groovy.ast.expr.EmptyExpression>: null

2023-02-15 22:38:47 - [TEST_STEP][PASSED] - dataFile = <not implemented yet for class: org.codehaus.groovy.ast.expr.EmptyExpression>: null

2023-02-15 22:38:47 - [TEST_STEP][PASSED] - nameSheet = <not implemented yet for class: org.codehaus.groovy.ast.expr.EmptyExpression>: null

2023-02-15 22:38:47 - [TEST_STEP][PASSED] - nameSheet = "Auth-MRF": null

2023-02-15 22:38:47 - [TEST_STEP][PASSED] - numOfRows = findTestData("QA/VLinkTestData/VLinkAuthMRFData").getRowNumbers(): null

2023-02-15 22:38:47 - [TEST_STEP][PASSED] - println("Number of Records: " + numOfRows): null

2023-02-15 22:38:47 - [TEST_STEP][PASSED] - dataFile = "QA/VLinkTestData/VLinkAuthMRFData": null

2023-02-15 22:38:47 - [TEST_STEP][PASSED] - for ([row = 1, row <= numOfRows, (row++)]): null

2023-02-15 22:38:47 - [TEST_STEP][PASSED] - ExecuteTC = findTestData(dataFile).getValue("Execute", row): null

2023-02-15 22:38:47 - [TEST_STEP][PASSED] - out.println("Value of Execute is : " + ExecuteTC): null

2023-02-15 22:38:47 - [TEST_STEP][PASSED] - if (ExecuteTC.equalsIgnoreCase("Y")): null

2023-02-15 22:38:47 - [TEST_STEP][PASSED] - out.println("Begin Record Number: " + row): null

2023-02-15 22:38:47 - [TEST_STEP][PASSED] - today = new java.util.Date(): null

2023-02-15 22:38:47 - [TEST_STEP][PASSED] - println(today): null

2023-02-15 22:38:47 - [TEST_STEP][PASSED] - datText = today: null

2023-02-15 22:38:47 - [TEST_STEP][PASSED] - errorMsg = findTestData(dataFile).getValue("ErrorMsg", row): null

2023-02-15 22:38:47 - [TEST_STEP][PASSED] - appID = findTestData(dataFile).getValue("AppID", row): null

2023-02-15 22:38:47 - [TEST_STEP][PASSED] - username = findTestData(dataFile).getValue("Username", row): null

2023-02-15 22:38:47 - [TEST_STEP][PASSED] - password = findTestData(dataFile).getValue("Password", row): null

2023-02-15 22:38:47 - [TEST_STEP][PASSED] - tranType = findTestData(dataFile).getValue("TranType", row): null

2023-02-15 22:38:47 - [TEST_STEP][PASSED] - mv = findTestData(dataFile).getValue("MV", row): null

2023-02-15 22:38:47 - [TEST_STEP][PASSED] - resFormat = findTestData(dataFile).getValue("ResFormat", row): null

2023-02-15 22:38:47 - [TEST_STEP][PASSED] - category = findTestData(dataFile).getValue("Category", row): null

2023-02-15 22:38:47 - [TEST_STEP][PASSED] - amount = findTestData(dataFile).getValue("Amount", row): null

2023-02-15 22:38:48 - [TEST_STEP][PASSED] - cardName = findTestData(dataFile).getValue("CardName", row): null

2023-02-15 22:38:48 - [TEST_STEP][PASSED] - al1 = findTestData(dataFile).getValue("AL1", row): null

2023-02-15 22:38:48 - [TEST_STEP][PASSED] - city = findTestData(dataFile).getValue("City", row): null

2023-02-15 22:38:48 - [TEST_STEP][PASSED] - state = findTestData(dataFile).getValue("State", row): null

2023-02-15 22:38:48 - [TEST_STEP][PASSED] - zip = findTestData(dataFile).getValue("ZIP", row): null

2023-02-15 22:38:48 - [TEST_STEP][PASSED] - cardNumber = findTestData(dataFile).getValue("CardNumber", row): null

2023-02-15 22:38:48 - [TEST_STEP][PASSED] - exM = findTestData(dataFile).getValue("ExM", row): null

2023-02-15 22:38:48 - [TEST_STEP][PASSED] - exY = findTestData(dataFile).getValue("ExY", row): null

2023-02-15 22:38:48 - [TEST_STEP][PASSED] - openBrowser(VLinkURL + "auth.html"): Browser is opened with url: 'https://dev-algorithm.govolution.com/vlinktest/QA/version_2_0/auth.html'

2023-02-15 22:38:48 - [MESSAGE][INFO] - Starting 'Chrome' driver

2023-02-15 22:38:48 - [MESSAGE][INFO] - User set preference: ['acceptInsecureCerts', 'true']

2023-02-15 22:38:48 - [MESSAGE][INFO] - Action delay is set to 0 milliseconds

2023-02-15 22:38:50 - [MESSAGE][PASSED] - Browser is opened with url: 'https://dev-algorithm.govolution.com/vlinktest/QA/version_2_0/auth.html'

2023-02-15 22:38:50 - [TEST_STEP][PASSED] - maximizeWindow(): Current window maximized

2023-02-15 22:38:50 - [MESSAGE][PASSED] - Current window maximized

2023-02-15 22:38:50 - [TEST_STEP][PASSED] - maximizeWindow(): Current window maximized

2023-02-15 22:38:50 - [MESSAGE][PASSED] - Current window maximized

2023-02-15 22:38:50 - [TEST_STEP][PASSED] - setText(findTestObject("Object Repository/RecAndPlayBk/Page-Vlink-AuthOnly/txt_TransactionType"), tranType): Text '' is set on object 'Object Repository/RecAndPlayBk/Page-Vlink-AuthOnly/txt_TransactionType'

2023-02-15 22:38:51 - [MESSAGE][PASSED] - Text '' is set on object 'Object Repository/RecAndPlayBk/Page-Vlink-AuthOnly/txt_TransactionType'

2023-02-15 22:38:51 - [TEST_STEP][PASSED] - setText(findTestObject("Object Repository/RecAndPlayBk/Page-Vlink-AuthOnly/txt_MessageVersion"), mv): Text '2.0C' is set on object 'Object Repository/RecAndPlayBk/Page-Vlink-AuthOnly/txt_MessageVersion'

2023-02-15 22:38:52 - [MESSAGE][PASSED] - Text '2.0C' is set on object 'Object Repository/RecAndPlayBk/Page-Vlink-AuthOnly/txt_MessageVersion'

2023-02-15 22:38:52 - [TEST_STEP][PASSED] - genRemID = RandomStringUtils.random(12, true, true): null

2023-02-15 22:38:52 - [TEST_STEP][PASSED] - setText(findTestObject("Object Repository/RecAndPlayBk/Page-Vlink-AuthOnly/input_Remittance Id_remittance_id"), genRemID): Text 'd7SXlkrhW7Sn' is set on object 'Object Repository/RecAndPlayBk/Page-Vlink-AuthOnly/input_Remittance Id_remittance_id'

2023-02-15 22:38:52 - [MESSAGE][PASSED] - Text 'd7SXlkrhW7Sn' is set on object 'Object Repository/RecAndPlayBk/Page-Vlink-AuthOnly/input_Remittance Id_remittance_id'

2023-02-15 22:38:52 - [TEST_STEP][PASSED] - setText(findTestObject("Object Repository/RecAndPlayBk/Page-Vlink-AuthOnly/input_Application Id_application_id"), appID): Text '234' is set on object 'Object Repository/RecAndPlayBk/Page-Vlink-AuthOnly/input_Application Id_application_id'

2023-02-15 22:38:53 - [MESSAGE][PASSED] - Text '234' is set on object 'Object Repository/RecAndPlayBk/Page-Vlink-AuthOnly/input_Application Id_application_id'

2023-02-15 22:38:53 - [TEST_STEP][PASSED] - setText(findTestObject("Object Repository/RecAndPlayBk/Page-Vlink-AuthOnly/input_Username_username"), username): Text 'username' is set on object 'Object Repository/RecAndPlayBk/Page-Vlink-AuthOnly/input_Username_username'

2023-02-15 22:38:54 - [MESSAGE][PASSED] - Text 'username' is set on object 'Object Repository/RecAndPlayBk/Page-Vlink-AuthOnly/input_Username_username'

2023-02-15 22:38:54 - [TEST_STEP][PASSED] - setText(findTestObject("Object Repository/RecAndPlayBk/Page-Vlink-AuthOnly/input_Password_password"), password): Text 'password' is set on object 'Object Repository/RecAndPlayBk/Page-Vlink-AuthOnly/input_Password_password'

2023-02-15 22:38:54 - [MESSAGE][PASSED] - Text 'password' is set on object 'Object Repository/RecAndPlayBk/Page-Vlink-AuthOnly/input_Password_password'

2023-02-15 22:38:54 - [TEST_STEP][PASSED] - setText(findTestObject("Object Repository/RecAndPlayBk/Page-Vlink-AuthOnly/txt_ResponseFormat"), resFormat): Text 'fixed_width' is set on object 'Object Repository/RecAndPlayBk/Page-Vlink-AuthOnly/txt_ResponseFormat'

2023-02-15 22:38:55 - [MESSAGE][PASSED] - Text 'fixed_width' is set on object 'Object Repository/RecAndPlayBk/Page-Vlink-AuthOnly/txt_ResponseFormat'

2023-02-15 22:38:55 - [TEST_STEP][PASSED] - setText(findTestObject("Object Repository/RecAndPlayBk/Page-Vlink-AuthOnly/input_Category_category"), category): Text 'ECOM' is set on object 'Object Repository/RecAndPlayBk/Page-Vlink-AuthOnly/input_Category_category'

2023-02-15 22:38:55 - [MESSAGE][PASSED] - Text 'ECOM' is set on object 'Object Repository/RecAndPlayBk/Page-Vlink-AuthOnly/input_Category_category'

2023-02-15 22:38:55 - [TEST_STEP][PASSED] - setText(findTestObject("Object Repository/RecAndPlayBk/Page-Vlink-AuthOnly/txt_CardName"), cardName): Text 'Kris Roshan' is set on object 'Object Repository/RecAndPlayBk/Page-Vlink-AuthOnly/txt_CardName'

2023-02-15 22:38:56 - [MESSAGE][PASSED] - Text 'Kris Roshan' is set on object 'Object Repository/RecAndPlayBk/Page-Vlink-AuthOnly/txt_CardName'

2023-02-15 22:38:56 - [TEST_STEP][PASSED] - setText(findTestObject("Object Repository/RecAndPlayBk/Page-Vlink-AuthOnly/txt_AL1"), al1): Text '258 Elm Road' is set on object 'Object Repository/RecAndPlayBk/Page-Vlink-AuthOnly/txt_AL1'

2023-02-15 22:38:57 - [MESSAGE][PASSED] - Text '258 Elm Road' is set on object 'Object Repository/RecAndPlayBk/Page-Vlink-AuthOnly/txt_AL1'

2023-02-15 22:38:57 - [TEST_STEP][PASSED] - setText(findTestObject("Object Repository/RecAndPlayBk/Page-Vlink-AuthOnly/txt_CardCity"), city): Text 'Arlington' is set on object 'Object Repository/RecAndPlayBk/Page-Vlink-AuthOnly/txt_CardCity'

2023-02-15 22:38:57 - [MESSAGE][PASSED] - Text 'Arlington' is set on object 'Object Repository/RecAndPlayBk/Page-Vlink-AuthOnly/txt_CardCity'

2023-02-15 22:38:57 - [TEST_STEP][PASSED] - setText(findTestObject("Object Repository/RecAndPlayBk/Page-Vlink-AuthOnly/txt_CardState"), state): Text 'VA' is set on object 'Object Repository/RecAndPlayBk/Page-Vlink-AuthOnly/txt_CardState'

2023-02-15 22:38:58 - [MESSAGE][PASSED] - Text 'VA' is set on object 'Object Repository/RecAndPlayBk/Page-Vlink-AuthOnly/txt_CardState'

2023-02-15 22:38:58 - [TEST_STEP][PASSED] - setText(findTestObject("Object Repository/RecAndPlayBk/Page-Vlink-AuthOnly/txt_CardZIP"), zip): Text '22201' is set on object 'Object Repository/RecAndPlayBk/Page-Vlink-AuthOnly/txt_CardZIP'

2023-02-15 22:38:59 - [MESSAGE][PASSED] - Text '22201' is set on object 'Object Repository/RecAndPlayBk/Page-Vlink-AuthOnly/txt_CardZIP'

2023-02-15 22:38:59 - [TEST_STEP][PASSED] - setText(findTestObject("Object Repository/RecAndPlayBk/Page-Vlink-AuthOnly/input_Amount_amount"), amount): Text '1.50' is set on object 'Object Repository/RecAndPlayBk/Page-Vlink-AuthOnly/input_Amount_amount'

2023-02-15 22:38:59 - [MESSAGE][PASSED] - Text '1.50' is set on object 'Object Repository/RecAndPlayBk/Page-Vlink-AuthOnly/input_Amount_amount'

2023-02-15 22:38:59 - [TEST_STEP][PASSED] - setText(findTestObject("Object Repository/RecAndPlayBk/Page-Vlink-AuthOnly/input_Card number_card_number"), cardNumber): Text '4111111111111111' is set on object 'Object Repository/RecAndPlayBk/Page-Vlink-AuthOnly/input_Card number_card_number'

2023-02-15 22:39:00 - [MESSAGE][PASSED] - Text '4111111111111111' is set on object 'Object Repository/RecAndPlayBk/Page-Vlink-AuthOnly/input_Card number_card_number'

2023-02-15 22:39:00 - [TEST_STEP][PASSED] - setText(findTestObject("Object Repository/RecAndPlayBk/Page-Vlink-AuthOnly/input_Card ex month_card_exmo"), exM): Text '12' is set on object 'Object Repository/RecAndPlayBk/Page-Vlink-AuthOnly/input_Card ex month_card_exmo'

2023-02-15 22:39:01 - [MESSAGE][PASSED] - Text '12' is set on object 'Object Repository/RecAndPlayBk/Page-Vlink-AuthOnly/input_Card ex month_card_exmo'

2023-02-15 22:39:01 - [TEST_STEP][PASSED] - setText(findTestObject("Object Repository/RecAndPlayBk/Page-Vlink-AuthOnly/input_Card ex year_card_exyr"), exY): Text '2025' is set on object 'Object Repository/RecAndPlayBk/Page-Vlink-AuthOnly/input_Card ex year_card_exyr'

2023-02-15 22:39:01 - [MESSAGE][PASSED] - Text '2025' is set on object 'Object Repository/RecAndPlayBk/Page-Vlink-AuthOnly/input_Card ex year_card_exyr'

2023-02-15 22:39:01 - [TEST_STEP][PASSED] - setText(findTestObject("Object Repository/RecAndPlayBk/Page-Vlink-AuthOnly/input_Track Data_track_data"), ""): Text '' is set on object 'Object Repository/RecAndPlayBk/Page-Vlink-AuthOnly/input_Track Data_track_data'

2023-02-15 22:39:02 - [MESSAGE][PASSED] - Text '' is set on object 'Object Repository/RecAndPlayBk/Page-Vlink-AuthOnly/input_Track Data_track_data'

2023-02-15 22:39:02 - [TEST_STEP][PASSED] - setText(findTestObject("Object Repository/RecAndPlayBk/Page-Vlink-AuthOnly/input_concat(Cardholder, , s email)_email"), ""): Text '' is set on object 'Object Repository/RecAndPlayBk/Page-Vlink-AuthOnly/input_concat(Cardholder, , s email)_email'

2023-02-15 22:39:03 - [MESSAGE][PASSED] - Text '' is set on object 'Object Repository/RecAndPlayBk/Page-Vlink-AuthOnly/input_concat(Cardholder, , s email)_email'

2023-02-15 22:39:03 - [TEST_STEP][PASSED] - click(findTestObject("Object Repository/RecAndPlayBk/Page-Vlink-AuthOnly/input_user_defined10_user_defined10")): Object: 'Object Repository/RecAndPlayBk/Page-Vlink-AuthOnly/input_user_defined10_user_defined10' is clicked on

2023-02-15 22:39:03 - [MESSAGE][PASSED] - Object: 'Object Repository/RecAndPlayBk/Page-Vlink-AuthOnly/input_user_defined10_user_defined10' is clicked on

2023-02-15 22:39:03 - [TEST_STEP][PASSED] - setText(findTestObject("Object Repository/RecAndPlayBk/Page-Vlink-AuthOnly/input_Card on File Indicator_card_on_file_i_157dae"), ""): Text '' is set on object 'Object Repository/RecAndPlayBk/Page-Vlink-AuthOnly/input_Card on File Indicator_card_on_file_i_157dae'

2023-02-15 22:39:04 - [MESSAGE][PASSED] - Text '' is set on object 'Object Repository/RecAndPlayBk/Page-Vlink-AuthOnly/input_Card on File Indicator_card_on_file_i_157dae'

2023-02-15 22:39:04 - [TEST_STEP][PASSED] - setText(findTestObject("Object Repository/RecAndPlayBk/Page-Vlink-AuthOnly/input_Stored Credential Indicator_stored_cr_4ae73c"), ""): Text '' is set on object 'Object Repository/RecAndPlayBk/Page-Vlink-AuthOnly/input_Stored Credential Indicator_stored_cr_4ae73c'

2023-02-15 22:39:04 - [MESSAGE][PASSED] - Text '' is set on object 'Object Repository/RecAndPlayBk/Page-Vlink-AuthOnly/input_Stored Credential Indicator_stored_cr_4ae73c'

2023-02-15 22:39:04 - [TEST_STEP][PASSED] - setText(findTestObject("Object Repository/RecAndPlayBk/Page-Vlink-AuthOnly/input_COF Scheduled indicator_cof_scheduled_8df7d8"), ""): Text '' is set on object 'Object Repository/RecAndPlayBk/Page-Vlink-AuthOnly/input_COF Scheduled indicator_cof_scheduled_8df7d8'

2023-02-15 22:39:05 - [MESSAGE][PASSED] - Text '' is set on object 'Object Repository/RecAndPlayBk/Page-Vlink-AuthOnly/input_COF Scheduled indicator_cof_scheduled_8df7d8'

2023-02-15 22:39:05 - [TEST_STEP][PASSED] - setText(findTestObject("Object Repository/RecAndPlayBk/Page-Vlink-AuthOnly/input_COF Transaction Initiated by_cof_tran_6cded5"), ""): Text '' is set on object 'Object Repository/RecAndPlayBk/Page-Vlink-AuthOnly/input_COF Transaction Initiated by_cof_tran_6cded5'

2023-02-15 22:39:06 - [MESSAGE][PASSED] - Text '' is set on object 'Object Repository/RecAndPlayBk/Page-Vlink-AuthOnly/input_COF Transaction Initiated by_cof_tran_6cded5'

2023-02-15 22:39:06 - [TEST_STEP][PASSED] - click(findTestObject("Object Repository/RecAndPlayBk/Page-Vlink-AuthOnly/input")): Object: 'Object Repository/RecAndPlayBk/Page-Vlink-AuthOnly/input' is clicked on

2023-02-15 22:39:06 - [MESSAGE][PASSED] - Object: 'Object Repository/RecAndPlayBk/Page-Vlink-AuthOnly/input' is clicked on

2023-02-15 22:39:06 - [TEST_STEP][PASSED] - if (verifyTextPresent(errorMsg, true)): null

2023-02-15 22:39:07 - [MESSAGE][PASSED] - Text 'Missing parameter: transaction_type' is present on page  using regular expression

2023-02-15 22:39:07 - [TEST_STEP][PASSED] - println("Error Message is present on the Confirmation page"): null

2023-02-15 22:39:07 - [TEST_STEP][PASSED] - out.println("Pass Record Number: " + row): null

2023-02-15 22:39:07 - [TEST_STEP][PASSED] - resText = "Pass": null

2023-02-15 22:39:07 - [TEST_STEP][PASSED] - pages.WriteExcel.demoKey(resText, datText, resColumn, datCloumn, fileLoc, nameSheet, row): pages.WriteExcel.demoKey is PASSED

2023-02-15 22:39:07 - [MESSAGE][PASSED] - pages.WriteExcel.demoKey is PASSED

2023-02-15 22:39:07 - [TEST_STEP][PASSED] - ExecuteTC = findTestData(dataFile).getValue("Execute", row): null

2023-02-15 22:39:07 - [TEST_STEP][PASSED] - out.println("Value of Execute is : " + ExecuteTC): null

2023-02-15 22:39:07 - [TEST_STEP][PASSED] - if (ExecuteTC.equalsIgnoreCase("Y")): null

2023-02-15 22:39:07 - [TEST_STEP][PASSED] - out.println("Begin Record Number: " + row): null

2023-02-15 22:39:07 - [TEST_STEP][PASSED] - today = new java.util.Date(): null

2023-02-15 22:39:07 - [TEST_STEP][PASSED] - println(today): null

2023-02-15 22:39:07 - [TEST_STEP][PASSED] - datText = today: null

2023-02-15 22:39:07 - [TEST_STEP][PASSED] - errorMsg = findTestData(dataFile).getValue("ErrorMsg", row): null

2023-02-15 22:39:07 - [TEST_STEP][PASSED] - appID = findTestData(dataFile).getValue("AppID", row): null

2023-02-15 22:39:07 - [TEST_STEP][PASSED] - username = findTestData(dataFile).getValue("Username", row): null

2023-02-15 22:39:07 - [TEST_STEP][PASSED] - password = findTestData(dataFile).getValue("Password", row): null

2023-02-15 22:39:07 - [TEST_STEP][PASSED] - tranType = findTestData(dataFile).getValue("TranType", row): null

2023-02-15 22:39:07 - [TEST_STEP][PASSED] - mv = findTestData(dataFile).getValue("MV", row): null

2023-02-15 22:39:07 - [TEST_STEP][PASSED] - resFormat = findTestData(dataFile).getValue("ResFormat", row): null

2023-02-15 22:39:07 - [TEST_STEP][PASSED] - category = findTestData(dataFile).getValue("Category", row): null

2023-02-15 22:39:08 - [TEST_STEP][PASSED] - amount = findTestData(dataFile).getValue("Amount", row): null

2023-02-15 22:39:08 - [TEST_STEP][PASSED] - cardName = findTestData(dataFile).getValue("CardName", row): null

2023-02-15 22:39:08 - [TEST_STEP][PASSED] - al1 = findTestData(dataFile).getValue("AL1", row): null

2023-02-15 22:39:08 - [TEST_STEP][PASSED] - city = findTestData(dataFile).getValue("City", row): null

2023-02-15 22:39:08 - [TEST_STEP][PASSED] - state = findTestData(dataFile).getValue("State", row): null

2023-02-15 22:39:08 - [TEST_STEP][PASSED] - zip = findTestData(dataFile).getValue("ZIP", row): null

2023-02-15 22:39:08 - [TEST_STEP][PASSED] - cardNumber = findTestData(dataFile).getValue("CardNumber", row): null

2023-02-15 22:39:08 - [TEST_STEP][PASSED] - exM = findTestData(dataFile).getValue("ExM", row): null

2023-02-15 22:39:08 - [TEST_STEP][PASSED] - exY = findTestData(dataFile).getValue("ExY", row): null

2023-02-15 22:39:08 - [TEST_STEP][PASSED] - openBrowser(VLinkURL + "auth.html"): Browser is opened with url: 'https://dev-algorithm.govolution.com/vlinktest/QA/version_2_0/auth.html'

2023-02-15 22:39:08 - [MESSAGE][WARNING] - A browser is already opened. Closing browser and opening a new one

2023-02-15 22:39:09 - [MESSAGE][INFO] - Starting 'Chrome' driver

2023-02-15 22:39:09 - [MESSAGE][INFO] - User set preference: ['acceptInsecureCerts', 'true']

2023-02-15 22:39:09 - [MESSAGE][INFO] - Action delay is set to 0 milliseconds

2023-02-15 22:39:11 - [MESSAGE][PASSED] - Browser is opened with url: 'https://dev-algorithm.govolution.com/vlinktest/QA/version_2_0/auth.html'

2023-02-15 22:39:11 - [TEST_STEP][PASSED] - maximizeWindow(): Current window maximized

2023-02-15 22:39:11 - [MESSAGE][PASSED] - Current window maximized

2023-02-15 22:39:11 - [TEST_STEP][PASSED] - maximizeWindow(): Current window maximized

2023-02-15 22:39:11 - [MESSAGE][PASSED] - Current window maximized

2023-02-15 22:39:11 - [TEST_STEP][PASSED] - setText(findTestObject("Object Repository/RecAndPlayBk/Page-Vlink-AuthOnly/txt_TransactionType"), tranType): Text '' is set on object 'Object Repository/RecAndPlayBk/Page-Vlink-AuthOnly/txt_TransactionType'

2023-02-15 22:39:12 - [MESSAGE][PASSED] - Text '' is set on object 'Object Repository/RecAndPlayBk/Page-Vlink-AuthOnly/txt_TransactionType'

2023-02-15 22:39:12 - [TEST_STEP][PASSED] - setText(findTestObject("Object Repository/RecAndPlayBk/Page-Vlink-AuthOnly/txt_MessageVersion"), mv): Text '2.0C' is set on object 'Object Repository/RecAndPlayBk/Page-Vlink-AuthOnly/txt_MessageVersion'

2023-02-15 22:39:13 - [MESSAGE][PASSED] - Text '2.0C' is set on object 'Object Repository/RecAndPlayBk/Page-Vlink-AuthOnly/txt_MessageVersion'

2023-02-15 22:39:13 - [TEST_STEP][PASSED] - genRemID = RandomStringUtils.random(12, true, true): null

2023-02-15 22:39:13 - [TEST_STEP][PASSED] - setText(findTestObject("Object Repository/RecAndPlayBk/Page-Vlink-AuthOnly/input_Remittance Id_remittance_id"), genRemID): Text 'L3egE9eMav76' is set on object 'Object Repository/RecAndPlayBk/Page-Vlink-AuthOnly/input_Remittance Id_remittance_id'

2023-02-15 22:39:13 - [MESSAGE][PASSED] - Text 'L3egE9eMav76' is set on object 'Object Repository/RecAndPlayBk/Page-Vlink-AuthOnly/input_Remittance Id_remittance_id'

2023-02-15 22:39:13 - [TEST_STEP][PASSED] - setText(findTestObject("Object Repository/RecAndPlayBk/Page-Vlink-AuthOnly/input_Application Id_application_id"), appID): Text '234' is set on object 'Object Repository/RecAndPlayBk/Page-Vlink-AuthOnly/input_Application Id_application_id'

2023-02-15 22:39:14 - [MESSAGE][PASSED] - Text '234' is set on object 'Object Repository/RecAndPlayBk/Page-Vlink-AuthOnly/input_Application Id_application_id'

2023-02-15 22:39:14 - [TEST_STEP][PASSED] - setText(findTestObject("Object Repository/RecAndPlayBk/Page-Vlink-AuthOnly/input_Username_username"), username): Text 'username' is set on object 'Object Repository/RecAndPlayBk/Page-Vlink-AuthOnly/input_Username_username'

2023-02-15 22:39:15 - [MESSAGE][PASSED] - Text 'username' is set on object 'Object Repository/RecAndPlayBk/Page-Vlink-AuthOnly/input_Username_username'

2023-02-15 22:39:15 - [TEST_STEP][PASSED] - setText(findTestObject("Object Repository/RecAndPlayBk/Page-Vlink-AuthOnly/input_Password_password"), password): Text 'password' is set on object 'Object Repository/RecAndPlayBk/Page-Vlink-AuthOnly/input_Password_password'

2023-02-15 22:39:15 - [MESSAGE][PASSED] - Text 'password' is set on object 'Object Repository/RecAndPlayBk/Page-Vlink-AuthOnly/input_Password_password'

2023-02-15 22:39:15 - [TEST_STEP][PASSED] - setText(findTestObject("Object Repository/RecAndPlayBk/Page-Vlink-AuthOnly/txt_ResponseFormat"), resFormat): Text 'fixed_width' is set on object 'Object Repository/RecAndPlayBk/Page-Vlink-AuthOnly/txt_ResponseFormat'

2023-02-15 22:39:16 - [MESSAGE][PASSED] - Text 'fixed_width' is set on object 'Object Repository/RecAndPlayBk/Page-Vlink-AuthOnly/txt_ResponseFormat'

2023-02-15 22:39:16 - [TEST_STEP][PASSED] - setText(findTestObject("Object Repository/RecAndPlayBk/Page-Vlink-AuthOnly/input_Category_category"), category): Text 'MOTO' is set on object 'Object Repository/RecAndPlayBk/Page-Vlink-AuthOnly/input_Category_category'

2023-02-15 22:39:16 - [MESSAGE][PASSED] - Text 'MOTO' is set on object 'Object Repository/RecAndPlayBk/Page-Vlink-AuthOnly/input_Category_category'

2023-02-15 22:39:16 - [TEST_STEP][PASSED] - setText(findTestObject("Object Repository/RecAndPlayBk/Page-Vlink-AuthOnly/txt_CardName"), cardName): Text 'Kris Roshan' is set on object 'Object Repository/RecAndPlayBk/Page-Vlink-AuthOnly/txt_CardName'

2023-02-15 22:39:17 - [MESSAGE][PASSED] - Text 'Kris Roshan' is set on object 'Object Repository/RecAndPlayBk/Page-Vlink-AuthOnly/txt_CardName'

2023-02-15 22:39:17 - [TEST_STEP][PASSED] - setText(findTestObject("Object Repository/RecAndPlayBk/Page-Vlink-AuthOnly/txt_AL1"), al1): Text '258 Elm Road' is set on object 'Object Repository/RecAndPlayBk/Page-Vlink-AuthOnly/txt_AL1'

2023-02-15 22:39:18 - [MESSAGE][PASSED] - Text '258 Elm Road' is set on object 'Object Repository/RecAndPlayBk/Page-Vlink-AuthOnly/txt_AL1'

2023-02-15 22:39:18 - [TEST_STEP][PASSED] - setText(findTestObject("Object Repository/RecAndPlayBk/Page-Vlink-AuthOnly/txt_CardCity"), city): Text 'Arlington' is set on object 'Object Repository/RecAndPlayBk/Page-Vlink-AuthOnly/txt_CardCity'

2023-02-15 22:39:18 - [MESSAGE][PASSED] - Text 'Arlington' is set on object 'Object Repository/RecAndPlayBk/Page-Vlink-AuthOnly/txt_CardCity'

2023-02-15 22:39:18 - [TEST_STEP][PASSED] - setText(findTestObject("Object Repository/RecAndPlayBk/Page-Vlink-AuthOnly/txt_CardState"), state): Text 'VA' is set on object 'Object Repository/RecAndPlayBk/Page-Vlink-AuthOnly/txt_CardState'

2023-02-15 22:39:19 - [MESSAGE][PASSED] - Text 'VA' is set on object 'Object Repository/RecAndPlayBk/Page-Vlink-AuthOnly/txt_CardState'

2023-02-15 22:39:19 - [TEST_STEP][PASSED] - setText(findTestObject("Object Repository/RecAndPlayBk/Page-Vlink-AuthOnly/txt_CardZIP"), zip): Text '22201' is set on object 'Object Repository/RecAndPlayBk/Page-Vlink-AuthOnly/txt_CardZIP'

2023-02-15 22:39:20 - [MESSAGE][PASSED] - Text '22201' is set on object 'Object Repository/RecAndPlayBk/Page-Vlink-AuthOnly/txt_CardZIP'

2023-02-15 22:39:20 - [TEST_STEP][PASSED] - setText(findTestObject("Object Repository/RecAndPlayBk/Page-Vlink-AuthOnly/input_Amount_amount"), amount): Text '1.50' is set on object 'Object Repository/RecAndPlayBk/Page-Vlink-AuthOnly/input_Amount_amount'

2023-02-15 22:39:20 - [MESSAGE][PASSED] - Text '1.50' is set on object 'Object Repository/RecAndPlayBk/Page-Vlink-AuthOnly/input_Amount_amount'

2023-02-15 22:39:20 - [TEST_STEP][PASSED] - setText(findTestObject("Object Repository/RecAndPlayBk/Page-Vlink-AuthOnly/input_Card number_card_number"), cardNumber): Text '4111111111111111' is set on object 'Object Repository/RecAndPlayBk/Page-Vlink-AuthOnly/input_Card number_card_number'

2023-02-15 22:39:21 - [MESSAGE][PASSED] - Text '4111111111111111' is set on object 'Object Repository/RecAndPlayBk/Page-Vlink-AuthOnly/input_Card number_card_number'

2023-02-15 22:39:21 - [TEST_STEP][PASSED] - setText(findTestObject("Object Repository/RecAndPlayBk/Page-Vlink-AuthOnly/input_Card ex month_card_exmo"), exM): Text '12' is set on object 'Object Repository/RecAndPlayBk/Page-Vlink-AuthOnly/input_Card ex month_card_exmo'

2023-02-15 22:39:22 - [MESSAGE][PASSED] - Text '12' is set on object 'Object Repository/RecAndPlayBk/Page-Vlink-AuthOnly/input_Card ex month_card_exmo'

2023-02-15 22:39:22 - [TEST_STEP][PASSED] - setText(findTestObject("Object Repository/RecAndPlayBk/Page-Vlink-AuthOnly/input_Card ex year_card_exyr"), exY): Text '2025' is set on object 'Object Repository/RecAndPlayBk/Page-Vlink-AuthOnly/input_Card ex year_card_exyr'

2023-02-15 22:39:22 - [MESSAGE][PASSED] - Text '2025' is set on object 'Object Repository/RecAndPlayBk/Page-Vlink-AuthOnly/input_Card ex year_card_exyr'

2023-02-15 22:39:22 - [TEST_STEP][PASSED] - setText(findTestObject("Object Repository/RecAndPlayBk/Page-Vlink-AuthOnly/input_Track Data_track_data"), ""): Text '' is set on object 'Object Repository/RecAndPlayBk/Page-Vlink-AuthOnly/input_Track Data_track_data'

2023-02-15 22:39:23 - [MESSAGE][PASSED] - Text '' is set on object 'Object Repository/RecAndPlayBk/Page-Vlink-AuthOnly/input_Track Data_track_data'

2023-02-15 22:39:23 - [TEST_STEP][PASSED] - setText(findTestObject("Object Repository/RecAndPlayBk/Page-Vlink-AuthOnly/input_concat(Cardholder, , s email)_email"), ""): Text '' is set on object 'Object Repository/RecAndPlayBk/Page-Vlink-AuthOnly/input_concat(Cardholder, , s email)_email'

2023-02-15 22:39:24 - [MESSAGE][PASSED] - Text '' is set on object 'Object Repository/RecAndPlayBk/Page-Vlink-AuthOnly/input_concat(Cardholder, , s email)_email'

2023-02-15 22:39:24 - [TEST_STEP][PASSED] - click(findTestObject("Object Repository/RecAndPlayBk/Page-Vlink-AuthOnly/input_user_defined10_user_defined10")): Object: 'Object Repository/RecAndPlayBk/Page-Vlink-AuthOnly/input_user_defined10_user_defined10' is clicked on

2023-02-15 22:39:24 - [MESSAGE][PASSED] - Object: 'Object Repository/RecAndPlayBk/Page-Vlink-AuthOnly/input_user_defined10_user_defined10' is clicked on

2023-02-15 22:39:24 - [TEST_STEP][PASSED] - setText(findTestObject("Object Repository/RecAndPlayBk/Page-Vlink-AuthOnly/input_Card on File Indicator_card_on_file_i_157dae"), ""): Text '' is set on object 'Object Repository/RecAndPlayBk/Page-Vlink-AuthOnly/input_Card on File Indicator_card_on_file_i_157dae'

2023-02-15 22:39:25 - [MESSAGE][PASSED] - Text '' is set on object 'Object Repository/RecAndPlayBk/Page-Vlink-AuthOnly/input_Card on File Indicator_card_on_file_i_157dae'

2023-02-15 22:39:25 - [TEST_STEP][PASSED] - setText(findTestObject("Object Repository/RecAndPlayBk/Page-Vlink-AuthOnly/input_Stored Credential Indicator_stored_cr_4ae73c"), ""): Text '' is set on object 'Object Repository/RecAndPlayBk/Page-Vlink-AuthOnly/input_Stored Credential Indicator_stored_cr_4ae73c'

2023-02-15 22:39:25 - [MESSAGE][PASSED] - Text '' is set on object 'Object Repository/RecAndPlayBk/Page-Vlink-AuthOnly/input_Stored Credential Indicator_stored_cr_4ae73c'

2023-02-15 22:39:25 - [TEST_STEP][PASSED] - setText(findTestObject("Object Repository/RecAndPlayBk/Page-Vlink-AuthOnly/input_COF Scheduled indicator_cof_scheduled_8df7d8"), ""): Text '' is set on object 'Object Repository/RecAndPlayBk/Page-Vlink-AuthOnly/input_COF Scheduled indicator_cof_scheduled_8df7d8'

2023-02-15 22:39:26 - [MESSAGE][PASSED] - Text '' is set on object 'Object Repository/RecAndPlayBk/Page-Vlink-AuthOnly/input_COF Scheduled indicator_cof_scheduled_8df7d8'

2023-02-15 22:39:26 - [TEST_STEP][PASSED] - setText(findTestObject("Object Repository/RecAndPlayBk/Page-Vlink-AuthOnly/input_COF Transaction Initiated by_cof_tran_6cded5"), ""): Text '' is set on object 'Object Repository/RecAndPlayBk/Page-Vlink-AuthOnly/input_COF Transaction Initiated by_cof_tran_6cded5'

2023-02-15 22:39:27 - [MESSAGE][PASSED] - Text '' is set on object 'Object Repository/RecAndPlayBk/Page-Vlink-AuthOnly/input_COF Transaction Initiated by_cof_tran_6cded5'

2023-02-15 22:39:27 - [TEST_STEP][PASSED] - click(findTestObject("Object Repository/RecAndPlayBk/Page-Vlink-AuthOnly/input")): Object: 'Object Repository/RecAndPlayBk/Page-Vlink-AuthOnly/input' is clicked on

2023-02-15 22:39:27 - [MESSAGE][PASSED] - Object: 'Object Repository/RecAndPlayBk/Page-Vlink-AuthOnly/input' is clicked on

2023-02-15 22:39:27 - [TEST_STEP][PASSED] - if (verifyTextPresent(errorMsg, true)): null

2023-02-15 22:39:28 - [MESSAGE][PASSED] - Text 'Missing parameter: transaction_type' is present on page  using regular expression

2023-02-15 22:39:28 - [TEST_STEP][PASSED] - println("Error Message is present on the Confirmation page"): null

2023-02-15 22:39:28 - [TEST_STEP][PASSED] - out.println("Pass Record Number: " + row): null

2023-02-15 22:39:28 - [TEST_STEP][PASSED] - resText = "Pass": null

2023-02-15 22:39:28 - [TEST_STEP][PASSED] - pages.WriteExcel.demoKey(resText, datText, resColumn, datCloumn, fileLoc, nameSheet, row): pages.WriteExcel.demoKey is PASSED

2023-02-15 22:39:28 - [MESSAGE][PASSED] - pages.WriteExcel.demoKey is PASSED

2023-02-15 22:39:28 - [TEST_STEP][PASSED] - ExecuteTC = findTestData(dataFile).getValue("Execute", row): null

2023-02-15 22:39:28 - [TEST_STEP][PASSED] - out.println("Value of Execute is : " + ExecuteTC): null

2023-02-15 22:39:28 - [TEST_STEP][PASSED] - if (ExecuteTC.equalsIgnoreCase("Y")): null

2023-02-15 22:39:28 - [TEST_STEP][PASSED] - out.println("Begin Record Number: " + row): null

2023-02-15 22:39:28 - [TEST_STEP][PASSED] - today = new java.util.Date(): null

2023-02-15 22:39:28 - [TEST_STEP][PASSED] - println(today): null

2023-02-15 22:39:28 - [TEST_STEP][PASSED] - datText = today: null

2023-02-15 22:39:28 - [TEST_STEP][PASSED] - errorMsg = findTestData(dataFile).getValue("ErrorMsg", row): null

2023-02-15 22:39:28 - [TEST_STEP][PASSED] - appID = findTestData(dataFile).getValue("AppID", row): null

2023-02-15 22:39:28 - [TEST_STEP][PASSED] - username = findTestData(dataFile).getValue("Username", row): null

2023-02-15 22:39:28 - [TEST_STEP][PASSED] - password = findTestData(dataFile).getValue("Password", row): null

2023-02-15 22:39:28 - [TEST_STEP][PASSED] - tranType = findTestData(dataFile).getValue("TranType", row): null

2023-02-15 22:39:28 - [TEST_STEP][PASSED] - mv = findTestData(dataFile).getValue("MV", row): null

2023-02-15 22:39:28 - [TEST_STEP][PASSED] - resFormat = findTestData(dataFile).getValue("ResFormat", row): null

2023-02-15 22:39:28 - [TEST_STEP][PASSED] - category = findTestData(dataFile).getValue("Category", row): null

2023-02-15 22:39:29 - [TEST_STEP][PASSED] - amount = findTestData(dataFile).getValue("Amount", row): null

2023-02-15 22:39:29 - [TEST_STEP][PASSED] - cardName = findTestData(dataFile).getValue("CardName", row): null

2023-02-15 22:39:29 - [TEST_STEP][PASSED] - al1 = findTestData(dataFile).getValue("AL1", row): null

2023-02-15 22:39:29 - [TEST_STEP][PASSED] - city = findTestData(dataFile).getValue("City", row): null

2023-02-15 22:39:29 - [TEST_STEP][PASSED] - state = findTestData(dataFile).getValue("State", row): null

2023-02-15 22:39:29 - [TEST_STEP][PASSED] - zip = findTestData(dataFile).getValue("ZIP", row): null

2023-02-15 22:39:29 - [TEST_STEP][PASSED] - cardNumber = findTestData(dataFile).getValue("CardNumber", row): null

2023-02-15 22:39:29 - [TEST_STEP][PASSED] - exM = findTestData(dataFile).getValue("ExM", row): null

2023-02-15 22:39:29 - [TEST_STEP][PASSED] - exY = findTestData(dataFile).getValue("ExY", row): null

2023-02-15 22:39:29 - [TEST_STEP][PASSED] - openBrowser(VLinkURL + "auth.html"): Browser is opened with url: 'https://dev-algorithm.govolution.com/vlinktest/QA/version_2_0/auth.html'

2023-02-15 22:39:29 - [MESSAGE][WARNING] - A browser is already opened. Closing browser and opening a new one

2023-02-15 22:39:30 - [MESSAGE][INFO] - Starting 'Chrome' driver

2023-02-15 22:39:30 - [MESSAGE][INFO] - User set preference: ['acceptInsecureCerts', 'true']

2023-02-15 22:39:30 - [MESSAGE][INFO] - Action delay is set to 0 milliseconds

2023-02-15 22:39:32 - [MESSAGE][PASSED] - Browser is opened with url: 'https://dev-algorithm.govolution.com/vlinktest/QA/version_2_0/auth.html'

2023-02-15 22:39:32 - [TEST_STEP][PASSED] - maximizeWindow(): Current window maximized

2023-02-15 22:39:32 - [MESSAGE][PASSED] - Current window maximized

2023-02-15 22:39:32 - [TEST_STEP][PASSED] - maximizeWindow(): Current window maximized

2023-02-15 22:39:32 - [MESSAGE][PASSED] - Current window maximized

2023-02-15 22:39:32 - [TEST_STEP][PASSED] - setText(findTestObject("Object Repository/RecAndPlayBk/Page-Vlink-AuthOnly/txt_TransactionType"), tranType): Text '' is set on object 'Object Repository/RecAndPlayBk/Page-Vlink-AuthOnly/txt_TransactionType'

2023-02-15 22:39:33 - [MESSAGE][PASSED] - Text '' is set on object 'Object Repository/RecAndPlayBk/Page-Vlink-AuthOnly/txt_TransactionType'

2023-02-15 22:39:33 - [TEST_STEP][PASSED] - setText(findTestObject("Object Repository/RecAndPlayBk/Page-Vlink-AuthOnly/txt_MessageVersion"), mv): Text '2.0C' is set on object 'Object Repository/RecAndPlayBk/Page-Vlink-AuthOnly/txt_MessageVersion'

2023-02-15 22:39:34 - [MESSAGE][PASSED] - Text '2.0C' is set on object 'Object Repository/RecAndPlayBk/Page-Vlink-AuthOnly/txt_MessageVersion'

2023-02-15 22:39:34 - [TEST_STEP][PASSED] - genRemID = RandomStringUtils.random(12, true, true): null

2023-02-15 22:39:34 - [TEST_STEP][PASSED] - setText(findTestObject("Object Repository/RecAndPlayBk/Page-Vlink-AuthOnly/input_Remittance Id_remittance_id"), genRemID): Text 'h12Hm3o7ALnB' is set on object 'Object Repository/RecAndPlayBk/Page-Vlink-AuthOnly/input_Remittance Id_remittance_id'

2023-02-15 22:39:34 - [MESSAGE][PASSED] - Text 'h12Hm3o7ALnB' is set on object 'Object Repository/RecAndPlayBk/Page-Vlink-AuthOnly/input_Remittance Id_remittance_id'

2023-02-15 22:39:34 - [TEST_STEP][PASSED] - setText(findTestObject("Object Repository/RecAndPlayBk/Page-Vlink-AuthOnly/input_Application Id_application_id"), appID): Text '234' is set on object 'Object Repository/RecAndPlayBk/Page-Vlink-AuthOnly/input_Application Id_application_id'

2023-02-15 22:39:35 - [MESSAGE][PASSED] - Text '234' is set on object 'Object Repository/RecAndPlayBk/Page-Vlink-AuthOnly/input_Application Id_application_id'

2023-02-15 22:39:35 - [TEST_STEP][PASSED] - setText(findTestObject("Object Repository/RecAndPlayBk/Page-Vlink-AuthOnly/input_Username_username"), username): Text 'username' is set on object 'Object Repository/RecAndPlayBk/Page-Vlink-AuthOnly/input_Username_username'

2023-02-15 22:39:36 - [MESSAGE][PASSED] - Text 'username' is set on object 'Object Repository/RecAndPlayBk/Page-Vlink-AuthOnly/input_Username_username'

2023-02-15 22:39:36 - [TEST_STEP][PASSED] - setText(findTestObject("Object Repository/RecAndPlayBk/Page-Vlink-AuthOnly/input_Password_password"), password): Text 'password' is set on object 'Object Repository/RecAndPlayBk/Page-Vlink-AuthOnly/input_Password_password'

2023-02-15 22:39:36 - [MESSAGE][PASSED] - Text 'password' is set on object 'Object Repository/RecAndPlayBk/Page-Vlink-AuthOnly/input_Password_password'

2023-02-15 22:39:36 - [TEST_STEP][PASSED] - setText(findTestObject("Object Repository/RecAndPlayBk/Page-Vlink-AuthOnly/txt_ResponseFormat"), resFormat): Text 'fixed_width' is set on object 'Object Repository/RecAndPlayBk/Page-Vlink-AuthOnly/txt_ResponseFormat'

2023-02-15 22:39:37 - [MESSAGE][PASSED] - Text 'fixed_width' is set on object 'Object Repository/RecAndPlayBk/Page-Vlink-AuthOnly/txt_ResponseFormat'

2023-02-15 22:39:37 - [TEST_STEP][PASSED] - setText(findTestObject("Object Repository/RecAndPlayBk/Page-Vlink-AuthOnly/input_Category_category"), category): Text 'RETL' is set on object 'Object Repository/RecAndPlayBk/Page-Vlink-AuthOnly/input_Category_category'

2023-02-15 22:39:38 - [MESSAGE][PASSED] - Text 'RETL' is set on object 'Object Repository/RecAndPlayBk/Page-Vlink-AuthOnly/input_Category_category'

2023-02-15 22:39:38 - [TEST_STEP][PASSED] - setText(findTestObject("Object Repository/RecAndPlayBk/Page-Vlink-AuthOnly/txt_CardName"), cardName): Text 'Kris Roshan' is set on object 'Object Repository/RecAndPlayBk/Page-Vlink-AuthOnly/txt_CardName'

2023-02-15 22:39:38 - [MESSAGE][PASSED] - Text 'Kris Roshan' is set on object 'Object Repository/RecAndPlayBk/Page-Vlink-AuthOnly/txt_CardName'

2023-02-15 22:39:38 - [TEST_STEP][PASSED] - setText(findTestObject("Object Repository/RecAndPlayBk/Page-Vlink-AuthOnly/txt_AL1"), al1): Text '258 Elm Road' is set on object 'Object Repository/RecAndPlayBk/Page-Vlink-AuthOnly/txt_AL1'

2023-02-15 22:39:39 - [MESSAGE][PASSED] - Text '258 Elm Road' is set on object 'Object Repository/RecAndPlayBk/Page-Vlink-AuthOnly/txt_AL1'

2023-02-15 22:39:39 - [TEST_STEP][PASSED] - setText(findTestObject("Object Repository/RecAndPlayBk/Page-Vlink-AuthOnly/txt_CardCity"), city): Text 'Arlington' is set on object 'Object Repository/RecAndPlayBk/Page-Vlink-AuthOnly/txt_CardCity'

2023-02-15 22:39:39 - [MESSAGE][PASSED] - Text 'Arlington' is set on object 'Object Repository/RecAndPlayBk/Page-Vlink-AuthOnly/txt_CardCity'

2023-02-15 22:39:39 - [TEST_STEP][PASSED] - setText(findTestObject("Object Repository/RecAndPlayBk/Page-Vlink-AuthOnly/txt_CardState"), state): Text 'VA' is set on object 'Object Repository/RecAndPlayBk/Page-Vlink-AuthOnly/txt_CardState'

2023-02-15 22:39:40 - [MESSAGE][PASSED] - Text 'VA' is set on object 'Object Repository/RecAndPlayBk/Page-Vlink-AuthOnly/txt_CardState'

2023-02-15 22:39:40 - [TEST_STEP][PASSED] - setText(findTestObject("Object Repository/RecAndPlayBk/Page-Vlink-AuthOnly/txt_CardZIP"), zip): Text '22201' is set on object 'Object Repository/RecAndPlayBk/Page-Vlink-AuthOnly/txt_CardZIP'

2023-02-15 22:39:41 - [MESSAGE][PASSED] - Text '22201' is set on object 'Object Repository/RecAndPlayBk/Page-Vlink-AuthOnly/txt_CardZIP'

2023-02-15 22:39:41 - [TEST_STEP][PASSED] - setText(findTestObject("Object Repository/RecAndPlayBk/Page-Vlink-AuthOnly/input_Amount_amount"), amount): Text '1.50' is set on object 'Object Repository/RecAndPlayBk/Page-Vlink-AuthOnly/input_Amount_amount'

2023-02-15 22:39:41 - [MESSAGE][PASSED] - Text '1.50' is set on object 'Object Repository/RecAndPlayBk/Page-Vlink-AuthOnly/input_Amount_amount'

2023-02-15 22:39:41 - [TEST_STEP][PASSED] - setText(findTestObject("Object Repository/RecAndPlayBk/Page-Vlink-AuthOnly/input_Card number_card_number"), cardNumber): Text '4111111111111111' is set on object 'Object Repository/RecAndPlayBk/Page-Vlink-AuthOnly/input_Card number_card_number'

2023-02-15 22:39:42 - [MESSAGE][PASSED] - Text '4111111111111111' is set on object 'Object Repository/RecAndPlayBk/Page-Vlink-AuthOnly/input_Card number_card_number'

2023-02-15 22:39:42 - [TEST_STEP][PASSED] - setText(findTestObject("Object Repository/RecAndPlayBk/Page-Vlink-AuthOnly/input_Card ex month_card_exmo"), exM): Text '12' is set on object 'Object Repository/RecAndPlayBk/Page-Vlink-AuthOnly/input_Card ex month_card_exmo'

2023-02-15 22:39:43 - [MESSAGE][PASSED] - Text '12' is set on object 'Object Repository/RecAndPlayBk/Page-Vlink-AuthOnly/input_Card ex month_card_exmo'

2023-02-15 22:39:43 - [TEST_STEP][PASSED] - setText(findTestObject("Object Repository/RecAndPlayBk/Page-Vlink-AuthOnly/input_Card ex year_card_exyr"), exY): Text '2025' is set on object 'Object Repository/RecAndPlayBk/Page-Vlink-AuthOnly/input_Card ex year_card_exyr'

2023-02-15 22:39:43 - [MESSAGE][PASSED] - Text '2025' is set on object 'Object Repository/RecAndPlayBk/Page-Vlink-AuthOnly/input_Card ex year_card_exyr'

2023-02-15 22:39:43 - [TEST_STEP][PASSED] - setText(findTestObject("Object Repository/RecAndPlayBk/Page-Vlink-AuthOnly/input_Track Data_track_data"), ""): Text '' is set on object 'Object Repository/RecAndPlayBk/Page-Vlink-AuthOnly/input_Track Data_track_data'

2023-02-15 22:39:44 - [MESSAGE][PASSED] - Text '' is set on object 'Object Repository/RecAndPlayBk/Page-Vlink-AuthOnly/input_Track Data_track_data'

2023-02-15 22:39:44 - [TEST_STEP][PASSED] - setText(findTestObject("Object Repository/RecAndPlayBk/Page-Vlink-AuthOnly/input_concat(Cardholder, , s email)_email"), ""): Text '' is set on object 'Object Repository/RecAndPlayBk/Page-Vlink-AuthOnly/input_concat(Cardholder, , s email)_email'

2023-02-15 22:39:45 - [MESSAGE][PASSED] - Text '' is set on object 'Object Repository/RecAndPlayBk/Page-Vlink-AuthOnly/input_concat(Cardholder, , s email)_email'

2023-02-15 22:39:45 - [TEST_STEP][PASSED] - click(findTestObject("Object Repository/RecAndPlayBk/Page-Vlink-AuthOnly/input_user_defined10_user_defined10")): Object: 'Object Repository/RecAndPlayBk/Page-Vlink-AuthOnly/input_user_defined10_user_defined10' is clicked on

2023-02-15 22:39:45 - [MESSAGE][PASSED] - Object: 'Object Repository/RecAndPlayBk/Page-Vlink-AuthOnly/input_user_defined10_user_defined10' is clicked on

2023-02-15 22:39:45 - [TEST_STEP][PASSED] - setText(findTestObject("Object Repository/RecAndPlayBk/Page-Vlink-AuthOnly/input_Card on File Indicator_card_on_file_i_157dae"), ""): Text '' is set on object 'Object Repository/RecAndPlayBk/Page-Vlink-AuthOnly/input_Card on File Indicator_card_on_file_i_157dae'

2023-02-15 22:39:46 - [MESSAGE][PASSED] - Text '' is set on object 'Object Repository/RecAndPlayBk/Page-Vlink-AuthOnly/input_Card on File Indicator_card_on_file_i_157dae'

2023-02-15 22:39:46 - [TEST_STEP][PASSED] - setText(findTestObject("Object Repository/RecAndPlayBk/Page-Vlink-AuthOnly/input_Stored Credential Indicator_stored_cr_4ae73c"), ""): Text '' is set on object 'Object Repository/RecAndPlayBk/Page-Vlink-AuthOnly/input_Stored Credential Indicator_stored_cr_4ae73c'

2023-02-15 22:39:47 - [MESSAGE][PASSED] - Text '' is set on object 'Object Repository/RecAndPlayBk/Page-Vlink-AuthOnly/input_Stored Credential Indicator_stored_cr_4ae73c'

2023-02-15 22:39:47 - [TEST_STEP][PASSED] - setText(findTestObject("Object Repository/RecAndPlayBk/Page-Vlink-AuthOnly/input_COF Scheduled indicator_cof_scheduled_8df7d8"), ""): Text '' is set on object 'Object Repository/RecAndPlayBk/Page-Vlink-AuthOnly/input_COF Scheduled indicator_cof_scheduled_8df7d8'

2023-02-15 22:39:47 - [MESSAGE][PASSED] - Text '' is set on object 'Object Repository/RecAndPlayBk/Page-Vlink-AuthOnly/input_COF Scheduled indicator_cof_scheduled_8df7d8'

2023-02-15 22:39:47 - [TEST_STEP][PASSED] - setText(findTestObject("Object Repository/RecAndPlayBk/Page-Vlink-AuthOnly/input_COF Transaction Initiated by_cof_tran_6cded5"), ""): Text '' is set on object 'Object Repository/RecAndPlayBk/Page-Vlink-AuthOnly/input_COF Transaction Initiated by_cof_tran_6cded5'

2023-02-15 22:39:48 - [MESSAGE][PASSED] - Text '' is set on object 'Object Repository/RecAndPlayBk/Page-Vlink-AuthOnly/input_COF Transaction Initiated by_cof_tran_6cded5'

2023-02-15 22:39:48 - [TEST_STEP][PASSED] - click(findTestObject("Object Repository/RecAndPlayBk/Page-Vlink-AuthOnly/input")): Object: 'Object Repository/RecAndPlayBk/Page-Vlink-AuthOnly/input' is clicked on

2023-02-15 22:39:49 - [MESSAGE][PASSED] - Object: 'Object Repository/RecAndPlayBk/Page-Vlink-AuthOnly/input' is clicked on

2023-02-15 22:39:49 - [TEST_STEP][PASSED] - if (verifyTextPresent(errorMsg, true)): null

2023-02-15 22:39:49 - [MESSAGE][PASSED] - Text 'Missing parameter: transaction_type' is present on page  using regular expression

2023-02-15 22:39:49 - [TEST_STEP][PASSED] - println("Error Message is present on the Confirmation page"): null

2023-02-15 22:39:49 - [TEST_STEP][PASSED] - out.println("Pass Record Number: " + row): null

2023-02-15 22:39:49 - [TEST_STEP][PASSED] - resText = "Pass": null

2023-02-15 22:39:49 - [TEST_STEP][PASSED] - pages.WriteExcel.demoKey(resText, datText, resColumn, datCloumn, fileLoc, nameSheet, row): pages.WriteExcel.demoKey is PASSED

2023-02-15 22:39:49 - [MESSAGE][PASSED] - pages.WriteExcel.demoKey is PASSED

2023-02-15 22:39:49 - [TEST_STEP][PASSED] - ExecuteTC = findTestData(dataFile).getValue("Execute", row): null

2023-02-15 22:39:49 - [TEST_STEP][PASSED] - out.println("Value of Execute is : " + ExecuteTC): null

2023-02-15 22:39:49 - [TEST_STEP][PASSED] - if (ExecuteTC.equalsIgnoreCase("Y")): null

2023-02-15 22:39:49 - [TEST_STEP][PASSED] - out.println("Begin Record Number: " + row): null

2023-02-15 22:39:49 - [TEST_STEP][PASSED] - today = new java.util.Date(): null

2023-02-15 22:39:49 - [TEST_STEP][PASSED] - println(today): null

2023-02-15 22:39:49 - [TEST_STEP][PASSED] - datText = today: null

2023-02-15 22:39:49 - [TEST_STEP][PASSED] - errorMsg = findTestData(dataFile).getValue("ErrorMsg", row): null

2023-02-15 22:39:49 - [TEST_STEP][PASSED] - appID = findTestData(dataFile).getValue("AppID", row): null

2023-02-15 22:39:49 - [TEST_STEP][PASSED] - username = findTestData(dataFile).getValue("Username", row): null

2023-02-15 22:39:49 - [TEST_STEP][PASSED] - password = findTestData(dataFile).getValue("Password", row): null

2023-02-15 22:39:50 - [TEST_STEP][PASSED] - tranType = findTestData(dataFile).getValue("TranType", row): null

2023-02-15 22:39:50 - [TEST_STEP][PASSED] - mv = findTestData(dataFile).getValue("MV", row): null

2023-02-15 22:39:50 - [TEST_STEP][PASSED] - resFormat = findTestData(dataFile).getValue("ResFormat", row): null

2023-02-15 22:39:50 - [TEST_STEP][PASSED] - category = findTestData(dataFile).getValue("Category", row): null

2023-02-15 22:39:50 - [TEST_STEP][PASSED] - amount = findTestData(dataFile).getValue("Amount", row): null

2023-02-15 22:39:50 - [TEST_STEP][PASSED] - cardName = findTestData(dataFile).getValue("CardName", row): null

2023-02-15 22:39:50 - [TEST_STEP][PASSED] - al1 = findTestData(dataFile).getValue("AL1", row): null

2023-02-15 22:39:50 - [TEST_STEP][PASSED] - city = findTestData(dataFile).getValue("City", row): null

2023-02-15 22:39:50 - [TEST_STEP][PASSED] - state = findTestData(dataFile).getValue("State", row): null

2023-02-15 22:39:50 - [TEST_STEP][PASSED] - zip = findTestData(dataFile).getValue("ZIP", row): null

2023-02-15 22:39:50 - [TEST_STEP][PASSED] - cardNumber = findTestData(dataFile).getValue("CardNumber", row): null

2023-02-15 22:39:50 - [TEST_STEP][PASSED] - exM = findTestData(dataFile).getValue("ExM", row): null

2023-02-15 22:39:51 - [TEST_STEP][PASSED] - exY = findTestData(dataFile).getValue("ExY", row): null

2023-02-15 22:39:51 - [TEST_STEP][PASSED] - openBrowser(VLinkURL + "auth.html"): Browser is opened with url: 'https://dev-algorithm.govolution.com/vlinktest/QA/version_2_0/auth.html'

2023-02-15 22:39:51 - [MESSAGE][WARNING] - A browser is already opened. Closing browser and opening a new one

2023-02-15 22:39:52 - [MESSAGE][INFO] - Starting 'Chrome' driver

2023-02-15 22:39:52 - [MESSAGE][INFO] - User set preference: ['acceptInsecureCerts', 'true']

2023-02-15 22:39:52 - [MESSAGE][INFO] - Action delay is set to 0 milliseconds

2023-02-15 22:39:53 - [MESSAGE][PASSED] - Browser is opened with url: 'https://dev-algorithm.govolution.com/vlinktest/QA/version_2_0/auth.html'

2023-02-15 22:39:53 - [TEST_STEP][PASSED] - maximizeWindow(): Current window maximized

2023-02-15 22:39:54 - [MESSAGE][PASSED] - Current window maximized

2023-02-15 22:39:54 - [TEST_STEP][PASSED] - maximizeWindow(): Current window maximized

2023-02-15 22:39:54 - [MESSAGE][PASSED] - Current window maximized

2023-02-15 22:39:54 - [TEST_STEP][PASSED] - setText(findTestObject("Object Repository/RecAndPlayBk/Page-Vlink-AuthOnly/txt_TransactionType"), tranType): Text '104' is set on object 'Object Repository/RecAndPlayBk/Page-Vlink-AuthOnly/txt_TransactionType'

2023-02-15 22:39:54 - [MESSAGE][PASSED] - Text '104' is set on object 'Object Repository/RecAndPlayBk/Page-Vlink-AuthOnly/txt_TransactionType'

2023-02-15 22:39:54 - [TEST_STEP][PASSED] - setText(findTestObject("Object Repository/RecAndPlayBk/Page-Vlink-AuthOnly/txt_MessageVersion"), mv): Text '' is set on object 'Object Repository/RecAndPlayBk/Page-Vlink-AuthOnly/txt_MessageVersion'

2023-02-15 22:39:55 - [MESSAGE][PASSED] - Text '' is set on object 'Object Repository/RecAndPlayBk/Page-Vlink-AuthOnly/txt_MessageVersion'

2023-02-15 22:39:55 - [TEST_STEP][PASSED] - genRemID = RandomStringUtils.random(12, true, true): null

2023-02-15 22:39:55 - [TEST_STEP][PASSED] - setText(findTestObject("Object Repository/RecAndPlayBk/Page-Vlink-AuthOnly/input_Remittance Id_remittance_id"), genRemID): Text 'vA7USkjubA1l' is set on object 'Object Repository/RecAndPlayBk/Page-Vlink-AuthOnly/input_Remittance Id_remittance_id'

2023-02-15 22:39:56 - [MESSAGE][PASSED] - Text 'vA7USkjubA1l' is set on object 'Object Repository/RecAndPlayBk/Page-Vlink-AuthOnly/input_Remittance Id_remittance_id'

2023-02-15 22:39:56 - [TEST_STEP][PASSED] - setText(findTestObject("Object Repository/RecAndPlayBk/Page-Vlink-AuthOnly/input_Application Id_application_id"), appID): Text '234' is set on object 'Object Repository/RecAndPlayBk/Page-Vlink-AuthOnly/input_Application Id_application_id'

2023-02-15 22:39:56 - [MESSAGE][PASSED] - Text '234' is set on object 'Object Repository/RecAndPlayBk/Page-Vlink-AuthOnly/input_Application Id_application_id'

2023-02-15 22:39:56 - [TEST_STEP][PASSED] - setText(findTestObject("Object Repository/RecAndPlayBk/Page-Vlink-AuthOnly/input_Username_username"), username): Text 'username' is set on object 'Object Repository/RecAndPlayBk/Page-Vlink-AuthOnly/input_Username_username'

2023-02-15 22:39:57 - [MESSAGE][PASSED] - Text 'username' is set on object 'Object Repository/RecAndPlayBk/Page-Vlink-AuthOnly/input_Username_username'

2023-02-15 22:39:57 - [TEST_STEP][PASSED] - setText(findTestObject("Object Repository/RecAndPlayBk/Page-Vlink-AuthOnly/input_Password_password"), password): Text 'password' is set on object 'Object Repository/RecAndPlayBk/Page-Vlink-AuthOnly/input_Password_password'

2023-02-15 22:39:57 - [MESSAGE][PASSED] - Text 'password' is set on object 'Object Repository/RecAndPlayBk/Page-Vlink-AuthOnly/input_Password_password'

2023-02-15 22:39:57 - [TEST_STEP][PASSED] - setText(findTestObject("Object Repository/RecAndPlayBk/Page-Vlink-AuthOnly/txt_ResponseFormat"), resFormat): Text 'fixed_width' is set on object 'Object Repository/RecAndPlayBk/Page-Vlink-AuthOnly/txt_ResponseFormat'

2023-02-15 22:39:58 - [MESSAGE][PASSED] - Text 'fixed_width' is set on object 'Object Repository/RecAndPlayBk/Page-Vlink-AuthOnly/txt_ResponseFormat'

2023-02-15 22:39:58 - [TEST_STEP][PASSED] - setText(findTestObject("Object Repository/RecAndPlayBk/Page-Vlink-AuthOnly/input_Category_category"), category): Text 'ECOM' is set on object 'Object Repository/RecAndPlayBk/Page-Vlink-AuthOnly/input_Category_category'

2023-02-15 22:39:59 - [MESSAGE][PASSED] - Text 'ECOM' is set on object 'Object Repository/RecAndPlayBk/Page-Vlink-AuthOnly/input_Category_category'

2023-02-15 22:39:59 - [TEST_STEP][PASSED] - setText(findTestObject("Object Repository/RecAndPlayBk/Page-Vlink-AuthOnly/txt_CardName"), cardName): Text 'Kris Roshan' is set on object 'Object Repository/RecAndPlayBk/Page-Vlink-AuthOnly/txt_CardName'

2023-02-15 22:39:59 - [MESSAGE][PASSED] - Text 'Kris Roshan' is set on object 'Object Repository/RecAndPlayBk/Page-Vlink-AuthOnly/txt_CardName'

2023-02-15 22:39:59 - [TEST_STEP][PASSED] - setText(findTestObject("Object Repository/RecAndPlayBk/Page-Vlink-AuthOnly/txt_AL1"), al1): Text '258 Elm Road' is set on object 'Object Repository/RecAndPlayBk/Page-Vlink-AuthOnly/txt_AL1'

2023-02-15 22:40:00 - [MESSAGE][PASSED] - Text '258 Elm Road' is set on object 'Object Repository/RecAndPlayBk/Page-Vlink-AuthOnly/txt_AL1'

2023-02-15 22:40:00 - [TEST_STEP][PASSED] - setText(findTestObject("Object Repository/RecAndPlayBk/Page-Vlink-AuthOnly/txt_CardCity"), city): Text 'Arlington' is set on object 'Object Repository/RecAndPlayBk/Page-Vlink-AuthOnly/txt_CardCity'

2023-02-15 22:40:01 - [MESSAGE][PASSED] - Text 'Arlington' is set on object 'Object Repository/RecAndPlayBk/Page-Vlink-AuthOnly/txt_CardCity'

2023-02-15 22:40:01 - [TEST_STEP][PASSED] - setText(findTestObject("Object Repository/RecAndPlayBk/Page-Vlink-AuthOnly/txt_CardState"), state): Text 'VA' is set on object 'Object Repository/RecAndPlayBk/Page-Vlink-AuthOnly/txt_CardState'

2023-02-15 22:40:01 - [MESSAGE][PASSED] - Text 'VA' is set on object 'Object Repository/RecAndPlayBk/Page-Vlink-AuthOnly/txt_CardState'

2023-02-15 22:40:01 - [TEST_STEP][PASSED] - setText(findTestObject("Object Repository/RecAndPlayBk/Page-Vlink-AuthOnly/txt_CardZIP"), zip): Text '22201' is set on object 'Object Repository/RecAndPlayBk/Page-Vlink-AuthOnly/txt_CardZIP'

2023-02-15 22:40:02 - [MESSAGE][PASSED] - Text '22201' is set on object 'Object Repository/RecAndPlayBk/Page-Vlink-AuthOnly/txt_CardZIP'

2023-02-15 22:40:02 - [TEST_STEP][PASSED] - setText(findTestObject("Object Repository/RecAndPlayBk/Page-Vlink-AuthOnly/input_Amount_amount"), amount): Text '1.50' is set on object 'Object Repository/RecAndPlayBk/Page-Vlink-AuthOnly/input_Amount_amount'

2023-02-15 22:40:03 - [MESSAGE][PASSED] - Text '1.50' is set on object 'Object Repository/RecAndPlayBk/Page-Vlink-AuthOnly/input_Amount_amount'

2023-02-15 22:40:03 - [TEST_STEP][PASSED] - setText(findTestObject("Object Repository/RecAndPlayBk/Page-Vlink-AuthOnly/input_Card number_card_number"), cardNumber): Text '4111111111111111' is set on object 'Object Repository/RecAndPlayBk/Page-Vlink-AuthOnly/input_Card number_card_number'

2023-02-15 22:40:03 - [MESSAGE][PASSED] - Text '4111111111111111' is set on object 'Object Repository/RecAndPlayBk/Page-Vlink-AuthOnly/input_Card number_card_number'

2023-02-15 22:40:03 - [TEST_STEP][PASSED] - setText(findTestObject("Object Repository/RecAndPlayBk/Page-Vlink-AuthOnly/input_Card ex month_card_exmo"), exM): Text '12' is set on object 'Object Repository/RecAndPlayBk/Page-Vlink-AuthOnly/input_Card ex month_card_exmo'

2023-02-15 22:40:04 - [MESSAGE][PASSED] - Text '12' is set on object 'Object Repository/RecAndPlayBk/Page-Vlink-AuthOnly/input_Card ex month_card_exmo'

2023-02-15 22:40:04 - [TEST_STEP][PASSED] - setText(findTestObject("Object Repository/RecAndPlayBk/Page-Vlink-AuthOnly/input_Card ex year_card_exyr"), exY): Text '2025' is set on object 'Object Repository/RecAndPlayBk/Page-Vlink-AuthOnly/input_Card ex year_card_exyr'

2023-02-15 22:40:05 - [MESSAGE][PASSED] - Text '2025' is set on object 'Object Repository/RecAndPlayBk/Page-Vlink-AuthOnly/input_Card ex year_card_exyr'

2023-02-15 22:40:05 - [TEST_STEP][PASSED] - setText(findTestObject("Object Repository/RecAndPlayBk/Page-Vlink-AuthOnly/input_Track Data_track_data"), ""): Text '' is set on object 'Object Repository/RecAndPlayBk/Page-Vlink-AuthOnly/input_Track Data_track_data'

2023-02-15 22:40:05 - [MESSAGE][PASSED] - Text '' is set on object 'Object Repository/RecAndPlayBk/Page-Vlink-AuthOnly/input_Track Data_track_data'

2023-02-15 22:40:05 - [TEST_STEP][PASSED] - setText(findTestObject("Object Repository/RecAndPlayBk/Page-Vlink-AuthOnly/input_concat(Cardholder, , s email)_email"), ""): Text '' is set on object 'Object Repository/RecAndPlayBk/Page-Vlink-AuthOnly/input_concat(Cardholder, , s email)_email'

2023-02-15 22:40:06 - [MESSAGE][PASSED] - Text '' is set on object 'Object Repository/RecAndPlayBk/Page-Vlink-AuthOnly/input_concat(Cardholder, , s email)_email'

2023-02-15 22:40:06 - [TEST_STEP][PASSED] - click(findTestObject("Object Repository/RecAndPlayBk/Page-Vlink-AuthOnly/input_user_defined10_user_defined10")): Object: 'Object Repository/RecAndPlayBk/Page-Vlink-AuthOnly/input_user_defined10_user_defined10' is clicked on

2023-02-15 22:40:06 - [MESSAGE][PASSED] - Object: 'Object Repository/RecAndPlayBk/Page-Vlink-AuthOnly/input_user_defined10_user_defined10' is clicked on

2023-02-15 22:40:06 - [TEST_STEP][PASSED] - setText(findTestObject("Object Repository/RecAndPlayBk/Page-Vlink-AuthOnly/input_Card on File Indicator_card_on_file_i_157dae"), ""): Text '' is set on object 'Object Repository/RecAndPlayBk/Page-Vlink-AuthOnly/input_Card on File Indicator_card_on_file_i_157dae'

2023-02-15 22:40:07 - [MESSAGE][PASSED] - Text '' is set on object 'Object Repository/RecAndPlayBk/Page-Vlink-AuthOnly/input_Card on File Indicator_card_on_file_i_157dae'

2023-02-15 22:40:07 - [TEST_STEP][PASSED] - setText(findTestObject("Object Repository/RecAndPlayBk/Page-Vlink-AuthOnly/input_Stored Credential Indicator_stored_cr_4ae73c"), ""): Text '' is set on object 'Object Repository/RecAndPlayBk/Page-Vlink-AuthOnly/input_Stored Credential Indicator_stored_cr_4ae73c'

2023-02-15 22:40:08 - [MESSAGE][PASSED] - Text '' is set on object 'Object Repository/RecAndPlayBk/Page-Vlink-AuthOnly/input_Stored Credential Indicator_stored_cr_4ae73c'

2023-02-15 22:40:08 - [TEST_STEP][PASSED] - setText(findTestObject("Object Repository/RecAndPlayBk/Page-Vlink-AuthOnly/input_COF Scheduled indicator_cof_scheduled_8df7d8"), ""): Text '' is set on object 'Object Repository/RecAndPlayBk/Page-Vlink-AuthOnly/input_COF Scheduled indicator_cof_scheduled_8df7d8'

2023-02-15 22:40:08 - [MESSAGE][PASSED] - Text '' is set on object 'Object Repository/RecAndPlayBk/Page-Vlink-AuthOnly/input_COF Scheduled indicator_cof_scheduled_8df7d8'

2023-02-15 22:40:08 - [TEST_STEP][PASSED] - setText(findTestObject("Object Repository/RecAndPlayBk/Page-Vlink-AuthOnly/input_COF Transaction Initiated by_cof_tran_6cded5"), ""): Text '' is set on object 'Object Repository/RecAndPlayBk/Page-Vlink-AuthOnly/input_COF Transaction Initiated by_cof_tran_6cded5'

2023-02-15 22:40:09 - [MESSAGE][PASSED] - Text '' is set on object 'Object Repository/RecAndPlayBk/Page-Vlink-AuthOnly/input_COF Transaction Initiated by_cof_tran_6cded5'

2023-02-15 22:40:09 - [TEST_STEP][PASSED] - click(findTestObject("Object Repository/RecAndPlayBk/Page-Vlink-AuthOnly/input")): Object: 'Object Repository/RecAndPlayBk/Page-Vlink-AuthOnly/input' is clicked on

2023-02-15 22:40:10 - [MESSAGE][PASSED] - Object: 'Object Repository/RecAndPlayBk/Page-Vlink-AuthOnly/input' is clicked on

2023-02-15 22:40:10 - [TEST_STEP][PASSED] - if (verifyTextPresent(errorMsg, true)): null

2023-02-15 22:40:10 - [MESSAGE][PASSED] - Text 'Missing parameter: message_version' is present on page  using regular expression

2023-02-15 22:40:10 - [TEST_STEP][PASSED] - println("Error Message is present on the Confirmation page"): null

2023-02-15 22:40:10 - [TEST_STEP][PASSED] - out.println("Pass Record Number: " + row): null

2023-02-15 22:40:10 - [TEST_STEP][PASSED] - resText = "Pass": null

2023-02-15 22:40:10 - [TEST_STEP][PASSED] - pages.WriteExcel.demoKey(resText, datText, resColumn, datCloumn, fileLoc, nameSheet, row): pages.WriteExcel.demoKey is PASSED

2023-02-15 22:40:10 - [MESSAGE][PASSED] - pages.WriteExcel.demoKey is PASSED

2023-02-15 22:40:10 - [TEST_STEP][PASSED] - ExecuteTC = findTestData(dataFile).getValue("Execute", row): null

2023-02-15 22:40:10 - [TEST_STEP][PASSED] - out.println("Value of Execute is : " + ExecuteTC): null

2023-02-15 22:40:10 - [TEST_STEP][PASSED] - if (ExecuteTC.equalsIgnoreCase("Y")): null

2023-02-15 22:40:10 - [TEST_STEP][PASSED] - out.println("Begin Record Number: " + row): null

2023-02-15 22:40:10 - [TEST_STEP][PASSED] - today = new java.util.Date(): null

2023-02-15 22:40:10 - [TEST_STEP][PASSED] - println(today): null

2023-02-15 22:40:10 - [TEST_STEP][PASSED] - datText = today: null

2023-02-15 22:40:10 - [TEST_STEP][PASSED] - errorMsg = findTestData(dataFile).getValue("ErrorMsg", row): null

2023-02-15 22:40:10 - [TEST_STEP][PASSED] - appID = findTestData(dataFile).getValue("AppID", row): null

2023-02-15 22:40:10 - [TEST_STEP][PASSED] - username = findTestData(dataFile).getValue("Username", row): null

2023-02-15 22:40:10 - [TEST_STEP][PASSED] - password = findTestData(dataFile).getValue("Password", row): null

2023-02-15 22:40:10 - [TEST_STEP][PASSED] - tranType = findTestData(dataFile).getValue("TranType", row): null

2023-02-15 22:40:11 - [TEST_STEP][PASSED] - mv = findTestData(dataFile).getValue("MV", row): null

2023-02-15 22:40:11 - [TEST_STEP][PASSED] - resFormat = findTestData(dataFile).getValue("ResFormat", row): null

2023-02-15 22:40:11 - [TEST_STEP][PASSED] - category = findTestData(dataFile).getValue("Category", row): null

2023-02-15 22:40:11 - [TEST_STEP][PASSED] - amount = findTestData(dataFile).getValue("Amount", row): null

2023-02-15 22:40:11 - [TEST_STEP][PASSED] - cardName = findTestData(dataFile).getValue("CardName", row): null

2023-02-15 22:40:11 - [TEST_STEP][PASSED] - al1 = findTestData(dataFile).getValue("AL1", row): null

2023-02-15 22:40:11 - [TEST_STEP][PASSED] - city = findTestData(dataFile).getValue("City", row): null

2023-02-15 22:40:11 - [TEST_STEP][PASSED] - state = findTestData(dataFile).getValue("State", row): null

2023-02-15 22:40:11 - [TEST_STEP][PASSED] - zip = findTestData(dataFile).getValue("ZIP", row): null

2023-02-15 22:40:11 - [TEST_STEP][PASSED] - cardNumber = findTestData(dataFile).getValue("CardNumber", row): null

2023-02-15 22:40:11 - [TEST_STEP][PASSED] - exM = findTestData(dataFile).getValue("ExM", row): null

2023-02-15 22:40:11 - [TEST_STEP][PASSED] - exY = findTestData(dataFile).getValue("ExY", row): null

2023-02-15 22:40:12 - [TEST_STEP][PASSED] - openBrowser(VLinkURL + "auth.html"): Browser is opened with url: 'https://dev-algorithm.govolution.com/vlinktest/QA/version_2_0/auth.html'

2023-02-15 22:40:12 - [MESSAGE][WARNING] - A browser is already opened. Closing browser and opening a new one

2023-02-15 22:40:12 - [MESSAGE][INFO] - Starting 'Chrome' driver

2023-02-15 22:40:12 - [MESSAGE][INFO] - User set preference: ['acceptInsecureCerts', 'true']

2023-02-15 22:40:12 - [MESSAGE][INFO] - Action delay is set to 0 milliseconds

2023-02-15 22:40:14 - [MESSAGE][PASSED] - Browser is opened with url: 'https://dev-algorithm.govolution.com/vlinktest/QA/version_2_0/auth.html'

2023-02-15 22:40:14 - [TEST_STEP][PASSED] - maximizeWindow(): Current window maximized

2023-02-15 22:40:14 - [MESSAGE][PASSED] - Current window maximized

2023-02-15 22:40:14 - [TEST_STEP][PASSED] - maximizeWindow(): Current window maximized

2023-02-15 22:40:14 - [MESSAGE][PASSED] - Current window maximized

2023-02-15 22:40:14 - [TEST_STEP][PASSED] - setText(findTestObject("Object Repository/RecAndPlayBk/Page-Vlink-AuthOnly/txt_TransactionType"), tranType): Text '104' is set on object 'Object Repository/RecAndPlayBk/Page-Vlink-AuthOnly/txt_TransactionType'

2023-02-15 22:40:15 - [MESSAGE][PASSED] - Text '104' is set on object 'Object Repository/RecAndPlayBk/Page-Vlink-AuthOnly/txt_TransactionType'

2023-02-15 22:40:15 - [TEST_STEP][PASSED] - setText(findTestObject("Object Repository/RecAndPlayBk/Page-Vlink-AuthOnly/txt_MessageVersion"), mv): Text '' is set on object 'Object Repository/RecAndPlayBk/Page-Vlink-AuthOnly/txt_MessageVersion'

2023-02-15 22:40:16 - [MESSAGE][PASSED] - Text '' is set on object 'Object Repository/RecAndPlayBk/Page-Vlink-AuthOnly/txt_MessageVersion'

2023-02-15 22:40:16 - [TEST_STEP][PASSED] - genRemID = RandomStringUtils.random(12, true, true): null

2023-02-15 22:40:16 - [TEST_STEP][PASSED] - setText(findTestObject("Object Repository/RecAndPlayBk/Page-Vlink-AuthOnly/input_Remittance Id_remittance_id"), genRemID): Text 'oyven3yawaiQ' is set on object 'Object Repository/RecAndPlayBk/Page-Vlink-AuthOnly/input_Remittance Id_remittance_id'

2023-02-15 22:40:17 - [MESSAGE][PASSED] - Text 'oyven3yawaiQ' is set on object 'Object Repository/RecAndPlayBk/Page-Vlink-AuthOnly/input_Remittance Id_remittance_id'

2023-02-15 22:40:17 - [TEST_STEP][PASSED] - setText(findTestObject("Object Repository/RecAndPlayBk/Page-Vlink-AuthOnly/input_Application Id_application_id"), appID): Text '234' is set on object 'Object Repository/RecAndPlayBk/Page-Vlink-AuthOnly/input_Application Id_application_id'

2023-02-15 22:40:17 - [MESSAGE][PASSED] - Text '234' is set on object 'Object Repository/RecAndPlayBk/Page-Vlink-AuthOnly/input_Application Id_application_id'

2023-02-15 22:40:17 - [TEST_STEP][PASSED] - setText(findTestObject("Object Repository/RecAndPlayBk/Page-Vlink-AuthOnly/input_Username_username"), username): Text 'username' is set on object 'Object Repository/RecAndPlayBk/Page-Vlink-AuthOnly/input_Username_username'

2023-02-15 22:40:18 - [MESSAGE][PASSED] - Text 'username' is set on object 'Object Repository/RecAndPlayBk/Page-Vlink-AuthOnly/input_Username_username'

2023-02-15 22:40:18 - [TEST_STEP][PASSED] - setText(findTestObject("Object Repository/RecAndPlayBk/Page-Vlink-AuthOnly/input_Password_password"), password): Text 'password' is set on object 'Object Repository/RecAndPlayBk/Page-Vlink-AuthOnly/input_Password_password'

2023-02-15 22:40:19 - [MESSAGE][PASSED] - Text 'password' is set on object 'Object Repository/RecAndPlayBk/Page-Vlink-AuthOnly/input_Password_password'

2023-02-15 22:40:19 - [TEST_STEP][PASSED] - setText(findTestObject("Object Repository/RecAndPlayBk/Page-Vlink-AuthOnly/txt_ResponseFormat"), resFormat): Text 'fixed_width' is set on object 'Object Repository/RecAndPlayBk/Page-Vlink-AuthOnly/txt_ResponseFormat'

2023-02-15 22:40:19 - [MESSAGE][PASSED] - Text 'fixed_width' is set on object 'Object Repository/RecAndPlayBk/Page-Vlink-AuthOnly/txt_ResponseFormat'

2023-02-15 22:40:19 - [TEST_STEP][PASSED] - setText(findTestObject("Object Repository/RecAndPlayBk/Page-Vlink-AuthOnly/input_Category_category"), category): Text 'MOTO' is set on object 'Object Repository/RecAndPlayBk/Page-Vlink-AuthOnly/input_Category_category'

2023-02-15 22:40:20 - [MESSAGE][PASSED] - Text 'MOTO' is set on object 'Object Repository/RecAndPlayBk/Page-Vlink-AuthOnly/input_Category_category'

2023-02-15 22:40:20 - [TEST_STEP][PASSED] - setText(findTestObject("Object Repository/RecAndPlayBk/Page-Vlink-AuthOnly/txt_CardName"), cardName): Text 'Kris Roshan' is set on object 'Object Repository/RecAndPlayBk/Page-Vlink-AuthOnly/txt_CardName'

2023-02-15 22:40:21 - [MESSAGE][PASSED] - Text 'Kris Roshan' is set on object 'Object Repository/RecAndPlayBk/Page-Vlink-AuthOnly/txt_CardName'

2023-02-15 22:40:21 - [TEST_STEP][PASSED] - setText(findTestObject("Object Repository/RecAndPlayBk/Page-Vlink-AuthOnly/txt_AL1"), al1): Text '258 Elm Road' is set on object 'Object Repository/RecAndPlayBk/Page-Vlink-AuthOnly/txt_AL1'

2023-02-15 22:40:22 - [MESSAGE][PASSED] - Text '258 Elm Road' is set on object 'Object Repository/RecAndPlayBk/Page-Vlink-AuthOnly/txt_AL1'

2023-02-15 22:40:22 - [TEST_STEP][PASSED] - setText(findTestObject("Object Repository/RecAndPlayBk/Page-Vlink-AuthOnly/txt_CardCity"), city): Text 'Arlington' is set on object 'Object Repository/RecAndPlayBk/Page-Vlink-AuthOnly/txt_CardCity'

2023-02-15 22:40:22 - [MESSAGE][PASSED] - Text 'Arlington' is set on object 'Object Repository/RecAndPlayBk/Page-Vlink-AuthOnly/txt_CardCity'

2023-02-15 22:40:22 - [TEST_STEP][PASSED] - setText(findTestObject("Object Repository/RecAndPlayBk/Page-Vlink-AuthOnly/txt_CardState"), state): Text 'VA' is set on object 'Object Repository/RecAndPlayBk/Page-Vlink-AuthOnly/txt_CardState'

2023-02-15 22:40:23 - [MESSAGE][PASSED] - Text 'VA' is set on object 'Object Repository/RecAndPlayBk/Page-Vlink-AuthOnly/txt_CardState'

2023-02-15 22:40:23 - [TEST_STEP][PASSED] - setText(findTestObject("Object Repository/RecAndPlayBk/Page-Vlink-AuthOnly/txt_CardZIP"), zip): Text '22201' is set on object 'Object Repository/RecAndPlayBk/Page-Vlink-AuthOnly/txt_CardZIP'

2023-02-15 22:40:24 - [MESSAGE][PASSED] - Text '22201' is set on object 'Object Repository/RecAndPlayBk/Page-Vlink-AuthOnly/txt_CardZIP'

2023-02-15 22:40:24 - [TEST_STEP][PASSED] - setText(findTestObject("Object Repository/RecAndPlayBk/Page-Vlink-AuthOnly/input_Amount_amount"), amount): Text '1.50' is set on object 'Object Repository/RecAndPlayBk/Page-Vlink-AuthOnly/input_Amount_amount'

2023-02-15 22:40:24 - [MESSAGE][PASSED] - Text '1.50' is set on object 'Object Repository/RecAndPlayBk/Page-Vlink-AuthOnly/input_Amount_amount'

2023-02-15 22:40:24 - [TEST_STEP][PASSED] - setText(findTestObject("Object Repository/RecAndPlayBk/Page-Vlink-AuthOnly/input_Card number_card_number"), cardNumber): Text '4111111111111111' is set on object 'Object Repository/RecAndPlayBk/Page-Vlink-AuthOnly/input_Card number_card_number'

2023-02-15 22:40:25 - [MESSAGE][PASSED] - Text '4111111111111111' is set on object 'Object Repository/RecAndPlayBk/Page-Vlink-AuthOnly/input_Card number_card_number'

2023-02-15 22:40:25 - [TEST_STEP][PASSED] - setText(findTestObject("Object Repository/RecAndPlayBk/Page-Vlink-AuthOnly/input_Card ex month_card_exmo"), exM): Text '12' is set on object 'Object Repository/RecAndPlayBk/Page-Vlink-AuthOnly/input_Card ex month_card_exmo'

2023-02-15 22:40:26 - [MESSAGE][PASSED] - Text '12' is set on object 'Object Repository/RecAndPlayBk/Page-Vlink-AuthOnly/input_Card ex month_card_exmo'

2023-02-15 22:40:26 - [TEST_STEP][PASSED] - setText(findTestObject("Object Repository/RecAndPlayBk/Page-Vlink-AuthOnly/input_Card ex year_card_exyr"), exY): Text '2025' is set on object 'Object Repository/RecAndPlayBk/Page-Vlink-AuthOnly/input_Card ex year_card_exyr'

2023-02-15 22:40:26 - [MESSAGE][PASSED] - Text '2025' is set on object 'Object Repository/RecAndPlayBk/Page-Vlink-AuthOnly/input_Card ex year_card_exyr'

2023-02-15 22:40:26 - [TEST_STEP][PASSED] - setText(findTestObject("Object Repository/RecAndPlayBk/Page-Vlink-AuthOnly/input_Track Data_track_data"), ""): Text '' is set on object 'Object Repository/RecAndPlayBk/Page-Vlink-AuthOnly/input_Track Data_track_data'

2023-02-15 22:40:27 - [MESSAGE][PASSED] - Text '' is set on object 'Object Repository/RecAndPlayBk/Page-Vlink-AuthOnly/input_Track Data_track_data'

2023-02-15 22:40:27 - [TEST_STEP][PASSED] - setText(findTestObject("Object Repository/RecAndPlayBk/Page-Vlink-AuthOnly/input_concat(Cardholder, , s email)_email"), ""): Text '' is set on object 'Object Repository/RecAndPlayBk/Page-Vlink-AuthOnly/input_concat(Cardholder, , s email)_email'

2023-02-15 22:40:28 - [MESSAGE][PASSED] - Text '' is set on object 'Object Repository/RecAndPlayBk/Page-Vlink-AuthOnly/input_concat(Cardholder, , s email)_email'

2023-02-15 22:40:28 - [TEST_STEP][PASSED] - click(findTestObject("Object Repository/RecAndPlayBk/Page-Vlink-AuthOnly/input_user_defined10_user_defined10")): Object: 'Object Repository/RecAndPlayBk/Page-Vlink-AuthOnly/input_user_defined10_user_defined10' is clicked on

2023-02-15 22:40:28 - [MESSAGE][PASSED] - Object: 'Object Repository/RecAndPlayBk/Page-Vlink-AuthOnly/input_user_defined10_user_defined10' is clicked on

2023-02-15 22:40:28 - [TEST_STEP][PASSED] - setText(findTestObject("Object Repository/RecAndPlayBk/Page-Vlink-AuthOnly/input_Card on File Indicator_card_on_file_i_157dae"), ""): Text '' is set on object 'Object Repository/RecAndPlayBk/Page-Vlink-AuthOnly/input_Card on File Indicator_card_on_file_i_157dae'

2023-02-15 22:40:29 - [MESSAGE][PASSED] - Text '' is set on object 'Object Repository/RecAndPlayBk/Page-Vlink-AuthOnly/input_Card on File Indicator_card_on_file_i_157dae'

2023-02-15 22:40:29 - [TEST_STEP][PASSED] - setText(findTestObject("Object Repository/RecAndPlayBk/Page-Vlink-AuthOnly/input_Stored Credential Indicator_stored_cr_4ae73c"), ""): Text '' is set on object 'Object Repository/RecAndPlayBk/Page-Vlink-AuthOnly/input_Stored Credential Indicator_stored_cr_4ae73c'

2023-02-15 22:40:29 - [MESSAGE][PASSED] - Text '' is set on object 'Object Repository/RecAndPlayBk/Page-Vlink-AuthOnly/input_Stored Credential Indicator_stored_cr_4ae73c'

2023-02-15 22:40:29 - [TEST_STEP][PASSED] - setText(findTestObject("Object Repository/RecAndPlayBk/Page-Vlink-AuthOnly/input_COF Scheduled indicator_cof_scheduled_8df7d8"), ""): Text '' is set on object 'Object Repository/RecAndPlayBk/Page-Vlink-AuthOnly/input_COF Scheduled indicator_cof_scheduled_8df7d8'

2023-02-15 22:40:30 - [MESSAGE][PASSED] - Text '' is set on object 'Object Repository/RecAndPlayBk/Page-Vlink-AuthOnly/input_COF Scheduled indicator_cof_scheduled_8df7d8'

2023-02-15 22:40:30 - [TEST_STEP][PASSED] - setText(findTestObject("Object Repository/RecAndPlayBk/Page-Vlink-AuthOnly/input_COF Transaction Initiated by_cof_tran_6cded5"), ""): Text '' is set on object 'Object Repository/RecAndPlayBk/Page-Vlink-AuthOnly/input_COF Transaction Initiated by_cof_tran_6cded5'

2023-02-15 22:40:31 - [MESSAGE][PASSED] - Text '' is set on object 'Object Repository/RecAndPlayBk/Page-Vlink-AuthOnly/input_COF Transaction Initiated by_cof_tran_6cded5'

2023-02-15 22:40:31 - [TEST_STEP][PASSED] - click(findTestObject("Object Repository/RecAndPlayBk/Page-Vlink-AuthOnly/input")): Object: 'Object Repository/RecAndPlayBk/Page-Vlink-AuthOnly/input' is clicked on

2023-02-15 22:40:31 - [MESSAGE][PASSED] - Object: 'Object Repository/RecAndPlayBk/Page-Vlink-AuthOnly/input' is clicked on

2023-02-15 22:40:31 - [TEST_STEP][PASSED] - if (verifyTextPresent(errorMsg, true)): null

2023-02-15 22:40:32 - [MESSAGE][PASSED] - Text 'Missing parameter: message_version' is present on page  using regular expression

2023-02-15 22:40:32 - [TEST_STEP][PASSED] - println("Error Message is present on the Confirmation page"): null

2023-02-15 22:40:32 - [TEST_STEP][PASSED] - out.println("Pass Record Number: " + row): null

2023-02-15 22:40:32 - [TEST_STEP][PASSED] - resText = "Pass": null

2023-02-15 22:40:32 - [TEST_STEP][PASSED] - pages.WriteExcel.demoKey(resText, datText, resColumn, datCloumn, fileLoc, nameSheet, row): pages.WriteExcel.demoKey is PASSED

2023-02-15 22:40:32 - [MESSAGE][PASSED] - pages.WriteExcel.demoKey is PASSED

2023-02-15 22:40:32 - [TEST_STEP][PASSED] - ExecuteTC = findTestData(dataFile).getValue("Execute", row): null

2023-02-15 22:40:32 - [TEST_STEP][PASSED] - out.println("Value of Execute is : " + ExecuteTC): null

2023-02-15 22:40:32 - [TEST_STEP][PASSED] - if (ExecuteTC.equalsIgnoreCase("Y")): null

2023-02-15 22:40:32 - [TEST_STEP][PASSED] - out.println("Begin Record Number: " + row): null

2023-02-15 22:40:32 - [TEST_STEP][PASSED] - today = new java.util.Date(): null

2023-02-15 22:40:32 - [TEST_STEP][PASSED] - println(today): null

2023-02-15 22:40:32 - [TEST_STEP][PASSED] - datText = today: null

2023-02-15 22:40:32 - [TEST_STEP][PASSED] - errorMsg = findTestData(dataFile).getValue("ErrorMsg", row): null

2023-02-15 22:40:32 - [TEST_STEP][PASSED] - appID = findTestData(dataFile).getValue("AppID", row): null

2023-02-15 22:40:32 - [TEST_STEP][PASSED] - username = findTestData(dataFile).getValue("Username", row): null

2023-02-15 22:40:32 - [TEST_STEP][PASSED] - password = findTestData(dataFile).getValue("Password", row): null

2023-02-15 22:40:32 - [TEST_STEP][PASSED] - tranType = findTestData(dataFile).getValue("TranType", row): null

2023-02-15 22:40:32 - [TEST_STEP][PASSED] - mv = findTestData(dataFile).getValue("MV", row): null

2023-02-15 22:40:32 - [TEST_STEP][PASSED] - resFormat = findTestData(dataFile).getValue("ResFormat", row): null

2023-02-15 22:40:33 - [TEST_STEP][PASSED] - category = findTestData(dataFile).getValue("Category", row): null

2023-02-15 22:40:33 - [TEST_STEP][PASSED] - amount = findTestData(dataFile).getValue("Amount", row): null

2023-02-15 22:40:33 - [TEST_STEP][PASSED] - cardName = findTestData(dataFile).getValue("CardName", row): null

2023-02-15 22:40:33 - [TEST_STEP][PASSED] - al1 = findTestData(dataFile).getValue("AL1", row): null

2023-02-15 22:40:33 - [TEST_STEP][PASSED] - city = findTestData(dataFile).getValue("City", row): null

2023-02-15 22:40:33 - [TEST_STEP][PASSED] - state = findTestData(dataFile).getValue("State", row): null

2023-02-15 22:40:33 - [TEST_STEP][PASSED] - zip = findTestData(dataFile).getValue("ZIP", row): null

2023-02-15 22:40:33 - [TEST_STEP][PASSED] - cardNumber = findTestData(dataFile).getValue("CardNumber", row): null

2023-02-15 22:40:33 - [TEST_STEP][PASSED] - exM = findTestData(dataFile).getValue("ExM", row): null

2023-02-15 22:40:33 - [TEST_STEP][PASSED] - exY = findTestData(dataFile).getValue("ExY", row): null

2023-02-15 22:40:33 - [TEST_STEP][PASSED] - openBrowser(VLinkURL + "auth.html"): Browser is opened with url: 'https://dev-algorithm.govolution.com/vlinktest/QA/version_2_0/auth.html'

2023-02-15 22:40:33 - [MESSAGE][WARNING] - A browser is already opened. Closing browser and opening a new one

2023-02-15 22:40:34 - [MESSAGE][INFO] - Starting 'Chrome' driver

2023-02-15 22:40:34 - [MESSAGE][INFO] - User set preference: ['acceptInsecureCerts', 'true']

2023-02-15 22:40:34 - [MESSAGE][INFO] - Action delay is set to 0 milliseconds

2023-02-15 22:40:36 - [MESSAGE][PASSED] - Browser is opened with url: 'https://dev-algorithm.govolution.com/vlinktest/QA/version_2_0/auth.html'

2023-02-15 22:40:36 - [TEST_STEP][PASSED] - maximizeWindow(): Current window maximized

2023-02-15 22:40:36 - [MESSAGE][PASSED] - Current window maximized

2023-02-15 22:40:36 - [TEST_STEP][PASSED] - maximizeWindow(): Current window maximized

2023-02-15 22:40:36 - [MESSAGE][PASSED] - Current window maximized

2023-02-15 22:40:36 - [TEST_STEP][PASSED] - setText(findTestObject("Object Repository/RecAndPlayBk/Page-Vlink-AuthOnly/txt_TransactionType"), tranType): Text '104' is set on object 'Object Repository/RecAndPlayBk/Page-Vlink-AuthOnly/txt_TransactionType'

2023-02-15 22:40:37 - [MESSAGE][PASSED] - Text '104' is set on object 'Object Repository/RecAndPlayBk/Page-Vlink-AuthOnly/txt_TransactionType'

2023-02-15 22:40:37 - [TEST_STEP][PASSED] - setText(findTestObject("Object Repository/RecAndPlayBk/Page-Vlink-AuthOnly/txt_MessageVersion"), mv): Text '' is set on object 'Object Repository/RecAndPlayBk/Page-Vlink-AuthOnly/txt_MessageVersion'

2023-02-15 22:40:38 - [MESSAGE][PASSED] - Text '' is set on object 'Object Repository/RecAndPlayBk/Page-Vlink-AuthOnly/txt_MessageVersion'

2023-02-15 22:40:38 - [TEST_STEP][PASSED] - genRemID = RandomStringUtils.random(12, true, true): null

2023-02-15 22:40:38 - [TEST_STEP][PASSED] - setText(findTestObject("Object Repository/RecAndPlayBk/Page-Vlink-AuthOnly/input_Remittance Id_remittance_id"), genRemID): Text 'gHMy5t8RsDQ1' is set on object 'Object Repository/RecAndPlayBk/Page-Vlink-AuthOnly/input_Remittance Id_remittance_id'

2023-02-15 22:40:38 - [MESSAGE][PASSED] - Text 'gHMy5t8RsDQ1' is set on object 'Object Repository/RecAndPlayBk/Page-Vlink-AuthOnly/input_Remittance Id_remittance_id'

2023-02-15 22:40:38 - [TEST_STEP][PASSED] - setText(findTestObject("Object Repository/RecAndPlayBk/Page-Vlink-AuthOnly/input_Application Id_application_id"), appID): Text '234' is set on object 'Object Repository/RecAndPlayBk/Page-Vlink-AuthOnly/input_Application Id_application_id'

2023-02-15 22:40:39 - [MESSAGE][PASSED] - Text '234' is set on object 'Object Repository/RecAndPlayBk/Page-Vlink-AuthOnly/input_Application Id_application_id'

2023-02-15 22:40:39 - [TEST_STEP][PASSED] - setText(findTestObject("Object Repository/RecAndPlayBk/Page-Vlink-AuthOnly/input_Username_username"), username): Text 'username' is set on object 'Object Repository/RecAndPlayBk/Page-Vlink-AuthOnly/input_Username_username'

2023-02-15 22:40:40 - [MESSAGE][PASSED] - Text 'username' is set on object 'Object Repository/RecAndPlayBk/Page-Vlink-AuthOnly/input_Username_username'

2023-02-15 22:40:40 - [TEST_STEP][PASSED] - setText(findTestObject("Object Repository/RecAndPlayBk/Page-Vlink-AuthOnly/input_Password_password"), password): Text 'password' is set on object 'Object Repository/RecAndPlayBk/Page-Vlink-AuthOnly/input_Password_password'

2023-02-15 22:40:40 - [MESSAGE][PASSED] - Text 'password' is set on object 'Object Repository/RecAndPlayBk/Page-Vlink-AuthOnly/input_Password_password'

2023-02-15 22:40:40 - [TEST_STEP][PASSED] - setText(findTestObject("Object Repository/RecAndPlayBk/Page-Vlink-AuthOnly/txt_ResponseFormat"), resFormat): Text 'fixed_width' is set on object 'Object Repository/RecAndPlayBk/Page-Vlink-AuthOnly/txt_ResponseFormat'

2023-02-15 22:40:41 - [MESSAGE][PASSED] - Text 'fixed_width' is set on object 'Object Repository/RecAndPlayBk/Page-Vlink-AuthOnly/txt_ResponseFormat'

2023-02-15 22:40:41 - [TEST_STEP][PASSED] - setText(findTestObject("Object Repository/RecAndPlayBk/Page-Vlink-AuthOnly/input_Category_category"), category): Text 'RETL' is set on object 'Object Repository/RecAndPlayBk/Page-Vlink-AuthOnly/input_Category_category'

2023-02-15 22:40:42 - [MESSAGE][PASSED] - Text 'RETL' is set on object 'Object Repository/RecAndPlayBk/Page-Vlink-AuthOnly/input_Category_category'

2023-02-15 22:40:42 - [TEST_STEP][PASSED] - setText(findTestObject("Object Repository/RecAndPlayBk/Page-Vlink-AuthOnly/txt_CardName"), cardName): Text 'Kris Roshan' is set on object 'Object Repository/RecAndPlayBk/Page-Vlink-AuthOnly/txt_CardName'

2023-02-15 22:40:42 - [MESSAGE][PASSED] - Text 'Kris Roshan' is set on object 'Object Repository/RecAndPlayBk/Page-Vlink-AuthOnly/txt_CardName'

2023-02-15 22:40:42 - [TEST_STEP][PASSED] - setText(findTestObject("Object Repository/RecAndPlayBk/Page-Vlink-AuthOnly/txt_AL1"), al1): Text '258 Elm Road' is set on object 'Object Repository/RecAndPlayBk/Page-Vlink-AuthOnly/txt_AL1'

2023-02-15 22:40:43 - [MESSAGE][PASSED] - Text '258 Elm Road' is set on object 'Object Repository/RecAndPlayBk/Page-Vlink-AuthOnly/txt_AL1'

2023-02-15 22:40:43 - [TEST_STEP][PASSED] - setText(findTestObject("Object Repository/RecAndPlayBk/Page-Vlink-AuthOnly/txt_CardCity"), city): Text 'Arlington' is set on object 'Object Repository/RecAndPlayBk/Page-Vlink-AuthOnly/txt_CardCity'

2023-02-15 22:40:43 - [MESSAGE][PASSED] - Text 'Arlington' is set on object 'Object Repository/RecAndPlayBk/Page-Vlink-AuthOnly/txt_CardCity'

2023-02-15 22:40:43 - [TEST_STEP][PASSED] - setText(findTestObject("Object Repository/RecAndPlayBk/Page-Vlink-AuthOnly/txt_CardState"), state): Text 'VA' is set on object 'Object Repository/RecAndPlayBk/Page-Vlink-AuthOnly/txt_CardState'

2023-02-15 22:40:44 - [MESSAGE][PASSED] - Text 'VA' is set on object 'Object Repository/RecAndPlayBk/Page-Vlink-AuthOnly/txt_CardState'

2023-02-15 22:40:44 - [TEST_STEP][PASSED] - setText(findTestObject("Object Repository/RecAndPlayBk/Page-Vlink-AuthOnly/txt_CardZIP"), zip): Text '22201' is set on object 'Object Repository/RecAndPlayBk/Page-Vlink-AuthOnly/txt_CardZIP'

2023-02-15 22:40:45 - [MESSAGE][PASSED] - Text '22201' is set on object 'Object Repository/RecAndPlayBk/Page-Vlink-AuthOnly/txt_CardZIP'

2023-02-15 22:40:45 - [TEST_STEP][PASSED] - setText(findTestObject("Object Repository/RecAndPlayBk/Page-Vlink-AuthOnly/input_Amount_amount"), amount): Text '1.50' is set on object 'Object Repository/RecAndPlayBk/Page-Vlink-AuthOnly/input_Amount_amount'

2023-02-15 22:40:45 - [MESSAGE][PASSED] - Text '1.50' is set on object 'Object Repository/RecAndPlayBk/Page-Vlink-AuthOnly/input_Amount_amount'

2023-02-15 22:40:45 - [TEST_STEP][PASSED] - setText(findTestObject("Object Repository/RecAndPlayBk/Page-Vlink-AuthOnly/input_Card number_card_number"), cardNumber): Text '4111111111111111' is set on object 'Object Repository/RecAndPlayBk/Page-Vlink-AuthOnly/input_Card number_card_number'

2023-02-15 22:40:46 - [MESSAGE][PASSED] - Text '4111111111111111' is set on object 'Object Repository/RecAndPlayBk/Page-Vlink-AuthOnly/input_Card number_card_number'

2023-02-15 22:40:46 - [TEST_STEP][PASSED] - setText(findTestObject("Object Repository/RecAndPlayBk/Page-Vlink-AuthOnly/input_Card ex month_card_exmo"), exM): Text '12' is set on object 'Object Repository/RecAndPlayBk/Page-Vlink-AuthOnly/input_Card ex month_card_exmo'

2023-02-15 22:40:47 - [MESSAGE][PASSED] - Text '12' is set on object 'Object Repository/RecAndPlayBk/Page-Vlink-AuthOnly/input_Card ex month_card_exmo'

2023-02-15 22:40:47 - [TEST_STEP][PASSED] - setText(findTestObject("Object Repository/RecAndPlayBk/Page-Vlink-AuthOnly/input_Card ex year_card_exyr"), exY): Text '2025' is set on object 'Object Repository/RecAndPlayBk/Page-Vlink-AuthOnly/input_Card ex year_card_exyr'

2023-02-15 22:40:48 - [MESSAGE][PASSED] - Text '2025' is set on object 'Object Repository/RecAndPlayBk/Page-Vlink-AuthOnly/input_Card ex year_card_exyr'

2023-02-15 22:40:48 - [TEST_STEP][PASSED] - setText(findTestObject("Object Repository/RecAndPlayBk/Page-Vlink-AuthOnly/input_Track Data_track_data"), ""): Text '' is set on object 'Object Repository/RecAndPlayBk/Page-Vlink-AuthOnly/input_Track Data_track_data'

2023-02-15 22:40:48 - [MESSAGE][PASSED] - Text '' is set on object 'Object Repository/RecAndPlayBk/Page-Vlink-AuthOnly/input_Track Data_track_data'

2023-02-15 22:40:48 - [TEST_STEP][PASSED] - setText(findTestObject("Object Repository/RecAndPlayBk/Page-Vlink-AuthOnly/input_concat(Cardholder, , s email)_email"), ""): Text '' is set on object 'Object Repository/RecAndPlayBk/Page-Vlink-AuthOnly/input_concat(Cardholder, , s email)_email'

2023-02-15 22:40:49 - [MESSAGE][PASSED] - Text '' is set on object 'Object Repository/RecAndPlayBk/Page-Vlink-AuthOnly/input_concat(Cardholder, , s email)_email'

2023-02-15 22:40:49 - [TEST_STEP][PASSED] - click(findTestObject("Object Repository/RecAndPlayBk/Page-Vlink-AuthOnly/input_user_defined10_user_defined10")): Object: 'Object Repository/RecAndPlayBk/Page-Vlink-AuthOnly/input_user_defined10_user_defined10' is clicked on

2023-02-15 22:40:49 - [MESSAGE][PASSED] - Object: 'Object Repository/RecAndPlayBk/Page-Vlink-AuthOnly/input_user_defined10_user_defined10' is clicked on

2023-02-15 22:40:49 - [TEST_STEP][PASSED] - setText(findTestObject("Object Repository/RecAndPlayBk/Page-Vlink-AuthOnly/input_Card on File Indicator_card_on_file_i_157dae"), ""): Text '' is set on object 'Object Repository/RecAndPlayBk/Page-Vlink-AuthOnly/input_Card on File Indicator_card_on_file_i_157dae'

2023-02-15 22:40:50 - [MESSAGE][PASSED] - Text '' is set on object 'Object Repository/RecAndPlayBk/Page-Vlink-AuthOnly/input_Card on File Indicator_card_on_file_i_157dae'

2023-02-15 22:40:50 - [TEST_STEP][PASSED] - setText(findTestObject("Object Repository/RecAndPlayBk/Page-Vlink-AuthOnly/input_Stored Credential Indicator_stored_cr_4ae73c"), ""): Text '' is set on object 'Object Repository/RecAndPlayBk/Page-Vlink-AuthOnly/input_Stored Credential Indicator_stored_cr_4ae73c'

2023-02-15 22:40:50 - [MESSAGE][PASSED] - Text '' is set on object 'Object Repository/RecAndPlayBk/Page-Vlink-AuthOnly/input_Stored Credential Indicator_stored_cr_4ae73c'

2023-02-15 22:40:50 - [TEST_STEP][PASSED] - setText(findTestObject("Object Repository/RecAndPlayBk/Page-Vlink-AuthOnly/input_COF Scheduled indicator_cof_scheduled_8df7d8"), ""): Text '' is set on object 'Object Repository/RecAndPlayBk/Page-Vlink-AuthOnly/input_COF Scheduled indicator_cof_scheduled_8df7d8'

2023-02-15 22:40:51 - [MESSAGE][PASSED] - Text '' is set on object 'Object Repository/RecAndPlayBk/Page-Vlink-AuthOnly/input_COF Scheduled indicator_cof_scheduled_8df7d8'

2023-02-15 22:40:51 - [TEST_STEP][PASSED] - setText(findTestObject("Object Repository/RecAndPlayBk/Page-Vlink-AuthOnly/input_COF Transaction Initiated by_cof_tran_6cded5"), ""): Text '' is set on object 'Object Repository/RecAndPlayBk/Page-Vlink-AuthOnly/input_COF Transaction Initiated by_cof_tran_6cded5'

2023-02-15 22:40:52 - [MESSAGE][PASSED] - Text '' is set on object 'Object Repository/RecAndPlayBk/Page-Vlink-AuthOnly/input_COF Transaction Initiated by_cof_tran_6cded5'

2023-02-15 22:40:52 - [TEST_STEP][PASSED] - click(findTestObject("Object Repository/RecAndPlayBk/Page-Vlink-AuthOnly/input")): Object: 'Object Repository/RecAndPlayBk/Page-Vlink-AuthOnly/input' is clicked on

2023-02-15 22:40:53 - [MESSAGE][PASSED] - Object: 'Object Repository/RecAndPlayBk/Page-Vlink-AuthOnly/input' is clicked on

2023-02-15 22:40:53 - [TEST_STEP][PASSED] - if (verifyTextPresent(errorMsg, true)): null

2023-02-15 22:40:53 - [MESSAGE][PASSED] - Text 'Missing parameter: message_version' is present on page  using regular expression

2023-02-15 22:40:53 - [TEST_STEP][PASSED] - println("Error Message is present on the Confirmation page"): null

2023-02-15 22:40:53 - [TEST_STEP][PASSED] - out.println("Pass Record Number: " + row): null

2023-02-15 22:40:53 - [TEST_STEP][PASSED] - resText = "Pass": null

2023-02-15 22:40:53 - [TEST_STEP][PASSED] - pages.WriteExcel.demoKey(resText, datText, resColumn, datCloumn, fileLoc, nameSheet, row): pages.WriteExcel.demoKey is PASSED

2023-02-15 22:40:53 - [MESSAGE][PASSED] - pages.WriteExcel.demoKey is PASSED

2023-02-15 22:40:53 - [TEST_STEP][PASSED] - ExecuteTC = findTestData(dataFile).getValue("Execute", row): null

2023-02-15 22:40:53 - [TEST_STEP][PASSED] - out.println("Value of Execute is : " + ExecuteTC): null

2023-02-15 22:40:53 - [TEST_STEP][PASSED] - if (ExecuteTC.equalsIgnoreCase("Y")): null

2023-02-15 22:40:53 - [TEST_STEP][PASSED] - out.println("Begin Record Number: " + row): null

2023-02-15 22:40:53 - [TEST_STEP][PASSED] - today = new java.util.Date(): null

2023-02-15 22:40:53 - [TEST_STEP][PASSED] - println(today): null

2023-02-15 22:40:53 - [TEST_STEP][PASSED] - datText = today: null

2023-02-15 22:40:53 - [TEST_STEP][PASSED] - errorMsg = findTestData(dataFile).getValue("ErrorMsg", row): null

2023-02-15 22:40:53 - [TEST_STEP][PASSED] - appID = findTestData(dataFile).getValue("AppID", row): null

2023-02-15 22:40:53 - [TEST_STEP][PASSED] - username = findTestData(dataFile).getValue("Username", row): null

2023-02-15 22:40:53 - [TEST_STEP][PASSED] - password = findTestData(dataFile).getValue("Password", row): null

2023-02-15 22:40:53 - [TEST_STEP][PASSED] - tranType = findTestData(dataFile).getValue("TranType", row): null

2023-02-15 22:40:54 - [TEST_STEP][PASSED] - mv = findTestData(dataFile).getValue("MV", row): null

2023-02-15 22:40:54 - [TEST_STEP][PASSED] - resFormat = findTestData(dataFile).getValue("ResFormat", row): null

2023-02-15 22:40:54 - [TEST_STEP][PASSED] - category = findTestData(dataFile).getValue("Category", row): null

2023-02-15 22:40:54 - [TEST_STEP][PASSED] - amount = findTestData(dataFile).getValue("Amount", row): null

2023-02-15 22:40:54 - [TEST_STEP][PASSED] - cardName = findTestData(dataFile).getValue("CardName", row): null

2023-02-15 22:40:54 - [TEST_STEP][PASSED] - al1 = findTestData(dataFile).getValue("AL1", row): null

2023-02-15 22:40:54 - [TEST_STEP][PASSED] - city = findTestData(dataFile).getValue("City", row): null

2023-02-15 22:40:54 - [TEST_STEP][PASSED] - state = findTestData(dataFile).getValue("State", row): null

2023-02-15 22:40:54 - [TEST_STEP][PASSED] - zip = findTestData(dataFile).getValue("ZIP", row): null

2023-02-15 22:40:54 - [TEST_STEP][PASSED] - cardNumber = findTestData(dataFile).getValue("CardNumber", row): null

2023-02-15 22:40:54 - [TEST_STEP][PASSED] - exM = findTestData(dataFile).getValue("ExM", row): null

2023-02-15 22:40:54 - [TEST_STEP][PASSED] - exY = findTestData(dataFile).getValue("ExY", row): null

2023-02-15 22:40:55 - [TEST_STEP][PASSED] - openBrowser(VLinkURL + "auth.html"): Browser is opened with url: 'https://dev-algorithm.govolution.com/vlinktest/QA/version_2_0/auth.html'

2023-02-15 22:40:55 - [MESSAGE][WARNING] - A browser is already opened. Closing browser and opening a new one

2023-02-15 22:40:55 - [MESSAGE][INFO] - Starting 'Chrome' driver

2023-02-15 22:40:55 - [MESSAGE][INFO] - User set preference: ['acceptInsecureCerts', 'true']

2023-02-15 22:40:55 - [MESSAGE][INFO] - Action delay is set to 0 milliseconds

2023-02-15 22:40:57 - [MESSAGE][PASSED] - Browser is opened with url: 'https://dev-algorithm.govolution.com/vlinktest/QA/version_2_0/auth.html'

2023-02-15 22:40:57 - [TEST_STEP][PASSED] - maximizeWindow(): Current window maximized

2023-02-15 22:40:58 - [MESSAGE][PASSED] - Current window maximized

2023-02-15 22:40:58 - [TEST_STEP][PASSED] - maximizeWindow(): Current window maximized

2023-02-15 22:40:58 - [MESSAGE][PASSED] - Current window maximized

2023-02-15 22:40:58 - [TEST_STEP][PASSED] - setText(findTestObject("Object Repository/RecAndPlayBk/Page-Vlink-AuthOnly/txt_TransactionType"), tranType): Text '104' is set on object 'Object Repository/RecAndPlayBk/Page-Vlink-AuthOnly/txt_TransactionType'

2023-02-15 22:40:58 - [MESSAGE][PASSED] - Text '104' is set on object 'Object Repository/RecAndPlayBk/Page-Vlink-AuthOnly/txt_TransactionType'

2023-02-15 22:40:58 - [TEST_STEP][PASSED] - setText(findTestObject("Object Repository/RecAndPlayBk/Page-Vlink-AuthOnly/txt_MessageVersion"), mv): Text '2.0C' is set on object 'Object Repository/RecAndPlayBk/Page-Vlink-AuthOnly/txt_MessageVersion'

2023-02-15 22:40:59 - [MESSAGE][PASSED] - Text '2.0C' is set on object 'Object Repository/RecAndPlayBk/Page-Vlink-AuthOnly/txt_MessageVersion'

2023-02-15 22:40:59 - [TEST_STEP][PASSED] - genRemID = RandomStringUtils.random(12, true, true): null

2023-02-15 22:40:59 - [TEST_STEP][PASSED] - setText(findTestObject("Object Repository/RecAndPlayBk/Page-Vlink-AuthOnly/input_Remittance Id_remittance_id"), genRemID): Text 'uIAGNPCrCNEw' is set on object 'Object Repository/RecAndPlayBk/Page-Vlink-AuthOnly/input_Remittance Id_remittance_id'

2023-02-15 22:41:00 - [MESSAGE][PASSED] - Text 'uIAGNPCrCNEw' is set on object 'Object Repository/RecAndPlayBk/Page-Vlink-AuthOnly/input_Remittance Id_remittance_id'

2023-02-15 22:41:00 - [TEST_STEP][PASSED] - setText(findTestObject("Object Repository/RecAndPlayBk/Page-Vlink-AuthOnly/input_Application Id_application_id"), appID): Text '' is set on object 'Object Repository/RecAndPlayBk/Page-Vlink-AuthOnly/input_Application Id_application_id'

2023-02-15 22:41:00 - [MESSAGE][PASSED] - Text '' is set on object 'Object Repository/RecAndPlayBk/Page-Vlink-AuthOnly/input_Application Id_application_id'

2023-02-15 22:41:00 - [TEST_STEP][PASSED] - setText(findTestObject("Object Repository/RecAndPlayBk/Page-Vlink-AuthOnly/input_Username_username"), username): Text 'username' is set on object 'Object Repository/RecAndPlayBk/Page-Vlink-AuthOnly/input_Username_username'

2023-02-15 22:41:01 - [MESSAGE][PASSED] - Text 'username' is set on object 'Object Repository/RecAndPlayBk/Page-Vlink-AuthOnly/input_Username_username'

2023-02-15 22:41:01 - [TEST_STEP][PASSED] - setText(findTestObject("Object Repository/RecAndPlayBk/Page-Vlink-AuthOnly/input_Password_password"), password): Text 'password' is set on object 'Object Repository/RecAndPlayBk/Page-Vlink-AuthOnly/input_Password_password'

2023-02-15 22:41:01 - [MESSAGE][PASSED] - Text 'password' is set on object 'Object Repository/RecAndPlayBk/Page-Vlink-AuthOnly/input_Password_password'

2023-02-15 22:41:01 - [TEST_STEP][PASSED] - setText(findTestObject("Object Repository/RecAndPlayBk/Page-Vlink-AuthOnly/txt_ResponseFormat"), resFormat): Text 'fixed_width' is set on object 'Object Repository/RecAndPlayBk/Page-Vlink-AuthOnly/txt_ResponseFormat'

2023-02-15 22:41:02 - [MESSAGE][PASSED] - Text 'fixed_width' is set on object 'Object Repository/RecAndPlayBk/Page-Vlink-AuthOnly/txt_ResponseFormat'

2023-02-15 22:41:02 - [TEST_STEP][PASSED] - setText(findTestObject("Object Repository/RecAndPlayBk/Page-Vlink-AuthOnly/input_Category_category"), category): Text 'ECOM' is set on object 'Object Repository/RecAndPlayBk/Page-Vlink-AuthOnly/input_Category_category'

2023-02-15 22:41:03 - [MESSAGE][PASSED] - Text 'ECOM' is set on object 'Object Repository/RecAndPlayBk/Page-Vlink-AuthOnly/input_Category_category'

2023-02-15 22:41:03 - [TEST_STEP][PASSED] - setText(findTestObject("Object Repository/RecAndPlayBk/Page-Vlink-AuthOnly/txt_CardName"), cardName): Text 'Kris Roshan' is set on object 'Object Repository/RecAndPlayBk/Page-Vlink-AuthOnly/txt_CardName'

2023-02-15 22:41:03 - [MESSAGE][PASSED] - Text 'Kris Roshan' is set on object 'Object Repository/RecAndPlayBk/Page-Vlink-AuthOnly/txt_CardName'

2023-02-15 22:41:03 - [TEST_STEP][PASSED] - setText(findTestObject("Object Repository/RecAndPlayBk/Page-Vlink-AuthOnly/txt_AL1"), al1): Text '258 Elm Road' is set on object 'Object Repository/RecAndPlayBk/Page-Vlink-AuthOnly/txt_AL1'

2023-02-15 22:41:04 - [MESSAGE][PASSED] - Text '258 Elm Road' is set on object 'Object Repository/RecAndPlayBk/Page-Vlink-AuthOnly/txt_AL1'

2023-02-15 22:41:04 - [TEST_STEP][PASSED] - setText(findTestObject("Object Repository/RecAndPlayBk/Page-Vlink-AuthOnly/txt_CardCity"), city): Text 'Arlington' is set on object 'Object Repository/RecAndPlayBk/Page-Vlink-AuthOnly/txt_CardCity'

2023-02-15 22:41:05 - [MESSAGE][PASSED] - Text 'Arlington' is set on object 'Object Repository/RecAndPlayBk/Page-Vlink-AuthOnly/txt_CardCity'

2023-02-15 22:41:05 - [TEST_STEP][PASSED] - setText(findTestObject("Object Repository/RecAndPlayBk/Page-Vlink-AuthOnly/txt_CardState"), state): Text 'VA' is set on object 'Object Repository/RecAndPlayBk/Page-Vlink-AuthOnly/txt_CardState'

2023-02-15 22:41:05 - [MESSAGE][PASSED] - Text 'VA' is set on object 'Object Repository/RecAndPlayBk/Page-Vlink-AuthOnly/txt_CardState'

2023-02-15 22:41:05 - [TEST_STEP][PASSED] - setText(findTestObject("Object Repository/RecAndPlayBk/Page-Vlink-AuthOnly/txt_CardZIP"), zip): Text '22201' is set on object 'Object Repository/RecAndPlayBk/Page-Vlink-AuthOnly/txt_CardZIP'

2023-02-15 22:41:06 - [MESSAGE][PASSED] - Text '22201' is set on object 'Object Repository/RecAndPlayBk/Page-Vlink-AuthOnly/txt_CardZIP'

2023-02-15 22:41:06 - [TEST_STEP][PASSED] - setText(findTestObject("Object Repository/RecAndPlayBk/Page-Vlink-AuthOnly/input_Amount_amount"), amount): Text '1.50' is set on object 'Object Repository/RecAndPlayBk/Page-Vlink-AuthOnly/input_Amount_amount'

2023-02-15 22:41:07 - [MESSAGE][PASSED] - Text '1.50' is set on object 'Object Repository/RecAndPlayBk/Page-Vlink-AuthOnly/input_Amount_amount'

2023-02-15 22:41:07 - [TEST_STEP][PASSED] - setText(findTestObject("Object Repository/RecAndPlayBk/Page-Vlink-AuthOnly/input_Card number_card_number"), cardNumber): Text '4111111111111111' is set on object 'Object Repository/RecAndPlayBk/Page-Vlink-AuthOnly/input_Card number_card_number'

2023-02-15 22:41:07 - [MESSAGE][PASSED] - Text '4111111111111111' is set on object 'Object Repository/RecAndPlayBk/Page-Vlink-AuthOnly/input_Card number_card_number'

2023-02-15 22:41:07 - [TEST_STEP][PASSED] - setText(findTestObject("Object Repository/RecAndPlayBk/Page-Vlink-AuthOnly/input_Card ex month_card_exmo"), exM): Text '12' is set on object 'Object Repository/RecAndPlayBk/Page-Vlink-AuthOnly/input_Card ex month_card_exmo'

2023-02-15 22:41:08 - [MESSAGE][PASSED] - Text '12' is set on object 'Object Repository/RecAndPlayBk/Page-Vlink-AuthOnly/input_Card ex month_card_exmo'

2023-02-15 22:41:08 - [TEST_STEP][PASSED] - setText(findTestObject("Object Repository/RecAndPlayBk/Page-Vlink-AuthOnly/input_Card ex year_card_exyr"), exY): Text '2025' is set on object 'Object Repository/RecAndPlayBk/Page-Vlink-AuthOnly/input_Card ex year_card_exyr'

2023-02-15 22:41:09 - [MESSAGE][PASSED] - Text '2025' is set on object 'Object Repository/RecAndPlayBk/Page-Vlink-AuthOnly/input_Card ex year_card_exyr'

2023-02-15 22:41:09 - [TEST_STEP][PASSED] - setText(findTestObject("Object Repository/RecAndPlayBk/Page-Vlink-AuthOnly/input_Track Data_track_data"), ""): Text '' is set on object 'Object Repository/RecAndPlayBk/Page-Vlink-AuthOnly/input_Track Data_track_data'

2023-02-15 22:41:09 - [MESSAGE][PASSED] - Text '' is set on object 'Object Repository/RecAndPlayBk/Page-Vlink-AuthOnly/input_Track Data_track_data'

2023-02-15 22:41:09 - [TEST_STEP][PASSED] - setText(findTestObject("Object Repository/RecAndPlayBk/Page-Vlink-AuthOnly/input_concat(Cardholder, , s email)_email"), ""): Text '' is set on object 'Object Repository/RecAndPlayBk/Page-Vlink-AuthOnly/input_concat(Cardholder, , s email)_email'

2023-02-15 22:41:10 - [MESSAGE][PASSED] - Text '' is set on object 'Object Repository/RecAndPlayBk/Page-Vlink-AuthOnly/input_concat(Cardholder, , s email)_email'

2023-02-15 22:41:10 - [TEST_STEP][PASSED] - click(findTestObject("Object Repository/RecAndPlayBk/Page-Vlink-AuthOnly/input_user_defined10_user_defined10")): Object: 'Object Repository/RecAndPlayBk/Page-Vlink-AuthOnly/input_user_defined10_user_defined10' is clicked on

2023-02-15 22:41:10 - [MESSAGE][PASSED] - Object: 'Object Repository/RecAndPlayBk/Page-Vlink-AuthOnly/input_user_defined10_user_defined10' is clicked on

2023-02-15 22:41:10 - [TEST_STEP][PASSED] - setText(findTestObject("Object Repository/RecAndPlayBk/Page-Vlink-AuthOnly/input_Card on File Indicator_card_on_file_i_157dae"), ""): Text '' is set on object 'Object Repository/RecAndPlayBk/Page-Vlink-AuthOnly/input_Card on File Indicator_card_on_file_i_157dae'

2023-02-15 22:41:11 - [MESSAGE][PASSED] - Text '' is set on object 'Object Repository/RecAndPlayBk/Page-Vlink-AuthOnly/input_Card on File Indicator_card_on_file_i_157dae'

2023-02-15 22:41:11 - [TEST_STEP][PASSED] - setText(findTestObject("Object Repository/RecAndPlayBk/Page-Vlink-AuthOnly/input_Stored Credential Indicator_stored_cr_4ae73c"), ""): Text '' is set on object 'Object Repository/RecAndPlayBk/Page-Vlink-AuthOnly/input_Stored Credential Indicator_stored_cr_4ae73c'

2023-02-15 22:41:12 - [MESSAGE][PASSED] - Text '' is set on object 'Object Repository/RecAndPlayBk/Page-Vlink-AuthOnly/input_Stored Credential Indicator_stored_cr_4ae73c'

2023-02-15 22:41:12 - [TEST_STEP][PASSED] - setText(findTestObject("Object Repository/RecAndPlayBk/Page-Vlink-AuthOnly/input_COF Scheduled indicator_cof_scheduled_8df7d8"), ""): Text '' is set on object 'Object Repository/RecAndPlayBk/Page-Vlink-AuthOnly/input_COF Scheduled indicator_cof_scheduled_8df7d8'

2023-02-15 22:41:12 - [MESSAGE][PASSED] - Text '' is set on object 'Object Repository/RecAndPlayBk/Page-Vlink-AuthOnly/input_COF Scheduled indicator_cof_scheduled_8df7d8'

2023-02-15 22:41:12 - [TEST_STEP][PASSED] - setText(findTestObject("Object Repository/RecAndPlayBk/Page-Vlink-AuthOnly/input_COF Transaction Initiated by_cof_tran_6cded5"), ""): Text '' is set on object 'Object Repository/RecAndPlayBk/Page-Vlink-AuthOnly/input_COF Transaction Initiated by_cof_tran_6cded5'

2023-02-15 22:41:13 - [MESSAGE][PASSED] - Text '' is set on object 'Object Repository/RecAndPlayBk/Page-Vlink-AuthOnly/input_COF Transaction Initiated by_cof_tran_6cded5'

2023-02-15 22:41:13 - [TEST_STEP][PASSED] - click(findTestObject("Object Repository/RecAndPlayBk/Page-Vlink-AuthOnly/input")): Object: 'Object Repository/RecAndPlayBk/Page-Vlink-AuthOnly/input' is clicked on

2023-02-15 22:41:14 - [MESSAGE][PASSED] - Object: 'Object Repository/RecAndPlayBk/Page-Vlink-AuthOnly/input' is clicked on

2023-02-15 22:41:14 - [TEST_STEP][PASSED] - if (verifyTextPresent(errorMsg, true)): null

2023-02-15 22:41:14 - [MESSAGE][PASSED] - Text 'Missing parameter: application_id' is present on page  using regular expression

2023-02-15 22:41:14 - [TEST_STEP][PASSED] - println("Error Message is present on the Confirmation page"): null

2023-02-15 22:41:14 - [TEST_STEP][PASSED] - out.println("Pass Record Number: " + row): null

2023-02-15 22:41:14 - [TEST_STEP][PASSED] - resText = "Pass": null

2023-02-15 22:41:14 - [TEST_STEP][PASSED] - pages.WriteExcel.demoKey(resText, datText, resColumn, datCloumn, fileLoc, nameSheet, row): pages.WriteExcel.demoKey is PASSED

2023-02-15 22:41:14 - [MESSAGE][PASSED] - pages.WriteExcel.demoKey is PASSED

2023-02-15 22:41:14 - [TEST_STEP][PASSED] - ExecuteTC = findTestData(dataFile).getValue("Execute", row): null

2023-02-15 22:41:14 - [TEST_STEP][PASSED] - out.println("Value of Execute is : " + ExecuteTC): null

2023-02-15 22:41:14 - [TEST_STEP][PASSED] - if (ExecuteTC.equalsIgnoreCase("Y")): null

2023-02-15 22:41:14 - [TEST_STEP][PASSED] - out.println("Begin Record Number: " + row): null

2023-02-15 22:41:14 - [TEST_STEP][PASSED] - today = new java.util.Date(): null

2023-02-15 22:41:14 - [TEST_STEP][PASSED] - println(today): null

2023-02-15 22:41:14 - [TEST_STEP][PASSED] - datText = today: null

2023-02-15 22:41:14 - [TEST_STEP][PASSED] - errorMsg = findTestData(dataFile).getValue("ErrorMsg", row): null

2023-02-15 22:41:14 - [TEST_STEP][PASSED] - appID = findTestData(dataFile).getValue("AppID", row): null

2023-02-15 22:41:14 - [TEST_STEP][PASSED] - username = findTestData(dataFile).getValue("Username", row): null

2023-02-15 22:41:14 - [TEST_STEP][PASSED] - password = findTestData(dataFile).getValue("Password", row): null

2023-02-15 22:41:14 - [TEST_STEP][PASSED] - tranType = findTestData(dataFile).getValue("TranType", row): null

2023-02-15 22:41:15 - [TEST_STEP][PASSED] - mv = findTestData(dataFile).getValue("MV", row): null

2023-02-15 22:41:15 - [TEST_STEP][PASSED] - resFormat = findTestData(dataFile).getValue("ResFormat", row): null

2023-02-15 22:41:15 - [TEST_STEP][PASSED] - category = findTestData(dataFile).getValue("Category", row): null

2023-02-15 22:41:15 - [TEST_STEP][PASSED] - amount = findTestData(dataFile).getValue("Amount", row): null

2023-02-15 22:41:15 - [TEST_STEP][PASSED] - cardName = findTestData(dataFile).getValue("CardName", row): null

2023-02-15 22:41:15 - [TEST_STEP][PASSED] - al1 = findTestData(dataFile).getValue("AL1", row): null

2023-02-15 22:41:15 - [TEST_STEP][PASSED] - city = findTestData(dataFile).getValue("City", row): null

2023-02-15 22:41:15 - [TEST_STEP][PASSED] - state = findTestData(dataFile).getValue("State", row): null

2023-02-15 22:41:15 - [TEST_STEP][PASSED] - zip = findTestData(dataFile).getValue("ZIP", row): null

2023-02-15 22:41:15 - [TEST_STEP][PASSED] - cardNumber = findTestData(dataFile).getValue("CardNumber", row): null

2023-02-15 22:41:15 - [TEST_STEP][PASSED] - exM = findTestData(dataFile).getValue("ExM", row): null

2023-02-15 22:41:16 - [TEST_STEP][PASSED] - exY = findTestData(dataFile).getValue("ExY", row): null

2023-02-15 22:41:16 - [TEST_STEP][PASSED] - openBrowser(VLinkURL + "auth.html"): Browser is opened with url: 'https://dev-algorithm.govolution.com/vlinktest/QA/version_2_0/auth.html'

2023-02-15 22:41:16 - [MESSAGE][WARNING] - A browser is already opened. Closing browser and opening a new one

2023-02-15 22:41:16 - [MESSAGE][INFO] - Starting 'Chrome' driver

2023-02-15 22:41:16 - [MESSAGE][INFO] - User set preference: ['acceptInsecureCerts', 'true']

2023-02-15 22:41:16 - [MESSAGE][INFO] - Action delay is set to 0 milliseconds

2023-02-15 22:41:18 - [MESSAGE][PASSED] - Browser is opened with url: 'https://dev-algorithm.govolution.com/vlinktest/QA/version_2_0/auth.html'

2023-02-15 22:41:18 - [TEST_STEP][PASSED] - maximizeWindow(): Current window maximized

2023-02-15 22:41:18 - [MESSAGE][PASSED] - Current window maximized

2023-02-15 22:41:18 - [TEST_STEP][PASSED] - maximizeWindow(): Current window maximized

2023-02-15 22:41:18 - [MESSAGE][PASSED] - Current window maximized

2023-02-15 22:41:18 - [TEST_STEP][PASSED] - setText(findTestObject("Object Repository/RecAndPlayBk/Page-Vlink-AuthOnly/txt_TransactionType"), tranType): Text '104' is set on object 'Object Repository/RecAndPlayBk/Page-Vlink-AuthOnly/txt_TransactionType'

2023-02-15 22:41:19 - [MESSAGE][PASSED] - Text '104' is set on object 'Object Repository/RecAndPlayBk/Page-Vlink-AuthOnly/txt_TransactionType'

2023-02-15 22:41:19 - [TEST_STEP][PASSED] - setText(findTestObject("Object Repository/RecAndPlayBk/Page-Vlink-AuthOnly/txt_MessageVersion"), mv): Text '2.0C' is set on object 'Object Repository/RecAndPlayBk/Page-Vlink-AuthOnly/txt_MessageVersion'

2023-02-15 22:41:20 - [MESSAGE][PASSED] - Text '2.0C' is set on object 'Object Repository/RecAndPlayBk/Page-Vlink-AuthOnly/txt_MessageVersion'

2023-02-15 22:41:20 - [TEST_STEP][PASSED] - genRemID = RandomStringUtils.random(12, true, true): null

2023-02-15 22:41:20 - [TEST_STEP][PASSED] - setText(findTestObject("Object Repository/RecAndPlayBk/Page-Vlink-AuthOnly/input_Remittance Id_remittance_id"), genRemID): Text 'g495O6oBm4qQ' is set on object 'Object Repository/RecAndPlayBk/Page-Vlink-AuthOnly/input_Remittance Id_remittance_id'

2023-02-15 22:41:21 - [MESSAGE][PASSED] - Text 'g495O6oBm4qQ' is set on object 'Object Repository/RecAndPlayBk/Page-Vlink-AuthOnly/input_Remittance Id_remittance_id'

2023-02-15 22:41:21 - [TEST_STEP][PASSED] - setText(findTestObject("Object Repository/RecAndPlayBk/Page-Vlink-AuthOnly/input_Application Id_application_id"), appID): Text '' is set on object 'Object Repository/RecAndPlayBk/Page-Vlink-AuthOnly/input_Application Id_application_id'

2023-02-15 22:41:21 - [MESSAGE][PASSED] - Text '' is set on object 'Object Repository/RecAndPlayBk/Page-Vlink-AuthOnly/input_Application Id_application_id'

2023-02-15 22:41:21 - [TEST_STEP][PASSED] - setText(findTestObject("Object Repository/RecAndPlayBk/Page-Vlink-AuthOnly/input_Username_username"), username): Text 'username' is set on object 'Object Repository/RecAndPlayBk/Page-Vlink-AuthOnly/input_Username_username'

2023-02-15 22:41:22 - [MESSAGE][PASSED] - Text 'username' is set on object 'Object Repository/RecAndPlayBk/Page-Vlink-AuthOnly/input_Username_username'

2023-02-15 22:41:22 - [TEST_STEP][PASSED] - setText(findTestObject("Object Repository/RecAndPlayBk/Page-Vlink-AuthOnly/input_Password_password"), password): Text 'password' is set on object 'Object Repository/RecAndPlayBk/Page-Vlink-AuthOnly/input_Password_password'

2023-02-15 22:41:22 - [MESSAGE][PASSED] - Text 'password' is set on object 'Object Repository/RecAndPlayBk/Page-Vlink-AuthOnly/input_Password_password'

2023-02-15 22:41:22 - [TEST_STEP][PASSED] - setText(findTestObject("Object Repository/RecAndPlayBk/Page-Vlink-AuthOnly/txt_ResponseFormat"), resFormat): Text 'fixed_width' is set on object 'Object Repository/RecAndPlayBk/Page-Vlink-AuthOnly/txt_ResponseFormat'

2023-02-15 22:41:23 - [MESSAGE][PASSED] - Text 'fixed_width' is set on object 'Object Repository/RecAndPlayBk/Page-Vlink-AuthOnly/txt_ResponseFormat'

2023-02-15 22:41:23 - [TEST_STEP][PASSED] - setText(findTestObject("Object Repository/RecAndPlayBk/Page-Vlink-AuthOnly/input_Category_category"), category): Text 'MOTO' is set on object 'Object Repository/RecAndPlayBk/Page-Vlink-AuthOnly/input_Category_category'

2023-02-15 22:41:24 - [MESSAGE][PASSED] - Text 'MOTO' is set on object 'Object Repository/RecAndPlayBk/Page-Vlink-AuthOnly/input_Category_category'

2023-02-15 22:41:24 - [TEST_STEP][PASSED] - setText(findTestObject("Object Repository/RecAndPlayBk/Page-Vlink-AuthOnly/txt_CardName"), cardName): Text 'Kris Roshan' is set on object 'Object Repository/RecAndPlayBk/Page-Vlink-AuthOnly/txt_CardName'

2023-02-15 22:41:24 - [MESSAGE][PASSED] - Text 'Kris Roshan' is set on object 'Object Repository/RecAndPlayBk/Page-Vlink-AuthOnly/txt_CardName'

2023-02-15 22:41:24 - [TEST_STEP][PASSED] - setText(findTestObject("Object Repository/RecAndPlayBk/Page-Vlink-AuthOnly/txt_AL1"), al1): Text '258 Elm Road' is set on object 'Object Repository/RecAndPlayBk/Page-Vlink-AuthOnly/txt_AL1'

2023-02-15 22:41:25 - [MESSAGE][PASSED] - Text '258 Elm Road' is set on object 'Object Repository/RecAndPlayBk/Page-Vlink-AuthOnly/txt_AL1'

2023-02-15 22:41:25 - [TEST_STEP][PASSED] - setText(findTestObject("Object Repository/RecAndPlayBk/Page-Vlink-AuthOnly/txt_CardCity"), city): Text 'Arlington' is set on object 'Object Repository/RecAndPlayBk/Page-Vlink-AuthOnly/txt_CardCity'

2023-02-15 22:41:26 - [MESSAGE][PASSED] - Text 'Arlington' is set on object 'Object Repository/RecAndPlayBk/Page-Vlink-AuthOnly/txt_CardCity'

2023-02-15 22:41:26 - [TEST_STEP][PASSED] - setText(findTestObject("Object Repository/RecAndPlayBk/Page-Vlink-AuthOnly/txt_CardState"), state): Text 'VA' is set on object 'Object Repository/RecAndPlayBk/Page-Vlink-AuthOnly/txt_CardState'

2023-02-15 22:41:26 - [MESSAGE][PASSED] - Text 'VA' is set on object 'Object Repository/RecAndPlayBk/Page-Vlink-AuthOnly/txt_CardState'

2023-02-15 22:41:26 - [TEST_STEP][PASSED] - setText(findTestObject("Object Repository/RecAndPlayBk/Page-Vlink-AuthOnly/txt_CardZIP"), zip): Text '22201' is set on object 'Object Repository/RecAndPlayBk/Page-Vlink-AuthOnly/txt_CardZIP'

2023-02-15 22:41:27 - [MESSAGE][PASSED] - Text '22201' is set on object 'Object Repository/RecAndPlayBk/Page-Vlink-AuthOnly/txt_CardZIP'

2023-02-15 22:41:27 - [TEST_STEP][PASSED] - setText(findTestObject("Object Repository/RecAndPlayBk/Page-Vlink-AuthOnly/input_Amount_amount"), amount): Text '1.50' is set on object 'Object Repository/RecAndPlayBk/Page-Vlink-AuthOnly/input_Amount_amount'

2023-02-15 22:41:28 - [MESSAGE][PASSED] - Text '1.50' is set on object 'Object Repository/RecAndPlayBk/Page-Vlink-AuthOnly/input_Amount_amount'

2023-02-15 22:41:28 - [TEST_STEP][PASSED] - setText(findTestObject("Object Repository/RecAndPlayBk/Page-Vlink-AuthOnly/input_Card number_card_number"), cardNumber): Text '4111111111111111' is set on object 'Object Repository/RecAndPlayBk/Page-Vlink-AuthOnly/input_Card number_card_number'

2023-02-15 22:41:28 - [MESSAGE][PASSED] - Text '4111111111111111' is set on object 'Object Repository/RecAndPlayBk/Page-Vlink-AuthOnly/input_Card number_card_number'

2023-02-15 22:41:28 - [TEST_STEP][PASSED] - setText(findTestObject("Object Repository/RecAndPlayBk/Page-Vlink-AuthOnly/input_Card ex month_card_exmo"), exM): Text '12' is set on object 'Object Repository/RecAndPlayBk/Page-Vlink-AuthOnly/input_Card ex month_card_exmo'

2023-02-15 22:41:29 - [MESSAGE][PASSED] - Text '12' is set on object 'Object Repository/RecAndPlayBk/Page-Vlink-AuthOnly/input_Card ex month_card_exmo'

2023-02-15 22:41:29 - [TEST_STEP][PASSED] - setText(findTestObject("Object Repository/RecAndPlayBk/Page-Vlink-AuthOnly/input_Card ex year_card_exyr"), exY): Text '2025' is set on object 'Object Repository/RecAndPlayBk/Page-Vlink-AuthOnly/input_Card ex year_card_exyr'

2023-02-15 22:41:30 - [MESSAGE][PASSED] - Text '2025' is set on object 'Object Repository/RecAndPlayBk/Page-Vlink-AuthOnly/input_Card ex year_card_exyr'

2023-02-15 22:41:30 - [TEST_STEP][PASSED] - setText(findTestObject("Object Repository/RecAndPlayBk/Page-Vlink-AuthOnly/input_Track Data_track_data"), ""): Text '' is set on object 'Object Repository/RecAndPlayBk/Page-Vlink-AuthOnly/input_Track Data_track_data'

2023-02-15 22:41:30 - [MESSAGE][PASSED] - Text '' is set on object 'Object Repository/RecAndPlayBk/Page-Vlink-AuthOnly/input_Track Data_track_data'

2023-02-15 22:41:30 - [TEST_STEP][PASSED] - setText(findTestObject("Object Repository/RecAndPlayBk/Page-Vlink-AuthOnly/input_concat(Cardholder, , s email)_email"), ""): Text '' is set on object 'Object Repository/RecAndPlayBk/Page-Vlink-AuthOnly/input_concat(Cardholder, , s email)_email'

2023-02-15 22:41:31 - [MESSAGE][PASSED] - Text '' is set on object 'Object Repository/RecAndPlayBk/Page-Vlink-AuthOnly/input_concat(Cardholder, , s email)_email'

2023-02-15 22:41:31 - [TEST_STEP][PASSED] - click(findTestObject("Object Repository/RecAndPlayBk/Page-Vlink-AuthOnly/input_user_defined10_user_defined10")): Object: 'Object Repository/RecAndPlayBk/Page-Vlink-AuthOnly/input_user_defined10_user_defined10' is clicked on

2023-02-15 22:41:31 - [MESSAGE][PASSED] - Object: 'Object Repository/RecAndPlayBk/Page-Vlink-AuthOnly/input_user_defined10_user_defined10' is clicked on

2023-02-15 22:41:31 - [TEST_STEP][PASSED] - setText(findTestObject("Object Repository/RecAndPlayBk/Page-Vlink-AuthOnly/input_Card on File Indicator_card_on_file_i_157dae"), ""): Text '' is set on object 'Object Repository/RecAndPlayBk/Page-Vlink-AuthOnly/input_Card on File Indicator_card_on_file_i_157dae'

2023-02-15 22:41:32 - [MESSAGE][PASSED] - Text '' is set on object 'Object Repository/RecAndPlayBk/Page-Vlink-AuthOnly/input_Card on File Indicator_card_on_file_i_157dae'

2023-02-15 22:41:32 - [TEST_STEP][PASSED] - setText(findTestObject("Object Repository/RecAndPlayBk/Page-Vlink-AuthOnly/input_Stored Credential Indicator_stored_cr_4ae73c"), ""): Text '' is set on object 'Object Repository/RecAndPlayBk/Page-Vlink-AuthOnly/input_Stored Credential Indicator_stored_cr_4ae73c'

2023-02-15 22:41:33 - [MESSAGE][PASSED] - Text '' is set on object 'Object Repository/RecAndPlayBk/Page-Vlink-AuthOnly/input_Stored Credential Indicator_stored_cr_4ae73c'

2023-02-15 22:41:33 - [TEST_STEP][PASSED] - setText(findTestObject("Object Repository/RecAndPlayBk/Page-Vlink-AuthOnly/input_COF Scheduled indicator_cof_scheduled_8df7d8"), ""): Text '' is set on object 'Object Repository/RecAndPlayBk/Page-Vlink-AuthOnly/input_COF Scheduled indicator_cof_scheduled_8df7d8'

2023-02-15 22:41:33 - [MESSAGE][PASSED] - Text '' is set on object 'Object Repository/RecAndPlayBk/Page-Vlink-AuthOnly/input_COF Scheduled indicator_cof_scheduled_8df7d8'

2023-02-15 22:41:33 - [TEST_STEP][PASSED] - setText(findTestObject("Object Repository/RecAndPlayBk/Page-Vlink-AuthOnly/input_COF Transaction Initiated by_cof_tran_6cded5"), ""): Text '' is set on object 'Object Repository/RecAndPlayBk/Page-Vlink-AuthOnly/input_COF Transaction Initiated by_cof_tran_6cded5'

2023-02-15 22:41:34 - [MESSAGE][PASSED] - Text '' is set on object 'Object Repository/RecAndPlayBk/Page-Vlink-AuthOnly/input_COF Transaction Initiated by_cof_tran_6cded5'

2023-02-15 22:41:34 - [TEST_STEP][PASSED] - click(findTestObject("Object Repository/RecAndPlayBk/Page-Vlink-AuthOnly/input")): Object: 'Object Repository/RecAndPlayBk/Page-Vlink-AuthOnly/input' is clicked on

2023-02-15 22:41:35 - [MESSAGE][PASSED] - Object: 'Object Repository/RecAndPlayBk/Page-Vlink-AuthOnly/input' is clicked on

2023-02-15 22:41:35 - [TEST_STEP][PASSED] - if (verifyTextPresent(errorMsg, true)): null

2023-02-15 22:41:35 - [MESSAGE][PASSED] - Text 'Missing parameter: application_id' is present on page  using regular expression

2023-02-15 22:41:35 - [TEST_STEP][PASSED] - println("Error Message is present on the Confirmation page"): null

2023-02-15 22:41:35 - [TEST_STEP][PASSED] - out.println("Pass Record Number: " + row): null

2023-02-15 22:41:35 - [TEST_STEP][PASSED] - resText = "Pass": null

2023-02-15 22:41:35 - [TEST_STEP][PASSED] - pages.WriteExcel.demoKey(resText, datText, resColumn, datCloumn, fileLoc, nameSheet, row): pages.WriteExcel.demoKey is PASSED

2023-02-15 22:41:35 - [MESSAGE][PASSED] - pages.WriteExcel.demoKey is PASSED

2023-02-15 22:41:35 - [TEST_STEP][PASSED] - ExecuteTC = findTestData(dataFile).getValue("Execute", row): null

2023-02-15 22:41:35 - [TEST_STEP][PASSED] - out.println("Value of Execute is : " + ExecuteTC): null

2023-02-15 22:41:35 - [TEST_STEP][PASSED] - if (ExecuteTC.equalsIgnoreCase("Y")): null

2023-02-15 22:41:35 - [TEST_STEP][PASSED] - out.println("Begin Record Number: " + row): null

2023-02-15 22:41:35 - [TEST_STEP][PASSED] - today = new java.util.Date(): null

2023-02-15 22:41:35 - [TEST_STEP][PASSED] - println(today): null

2023-02-15 22:41:35 - [TEST_STEP][PASSED] - datText = today: null

2023-02-15 22:41:35 - [TEST_STEP][PASSED] - errorMsg = findTestData(dataFile).getValue("ErrorMsg", row): null

2023-02-15 22:41:35 - [TEST_STEP][PASSED] - appID = findTestData(dataFile).getValue("AppID", row): null

2023-02-15 22:41:36 - [TEST_STEP][PASSED] - username = findTestData(dataFile).getValue("Username", row): null

2023-02-15 22:41:36 - [TEST_STEP][PASSED] - password = findTestData(dataFile).getValue("Password", row): null

2023-02-15 22:41:36 - [TEST_STEP][PASSED] - tranType = findTestData(dataFile).getValue("TranType", row): null

2023-02-15 22:41:36 - [TEST_STEP][PASSED] - mv = findTestData(dataFile).getValue("MV", row): null

2023-02-15 22:41:36 - [TEST_STEP][PASSED] - resFormat = findTestData(dataFile).getValue("ResFormat", row): null

2023-02-15 22:41:36 - [TEST_STEP][PASSED] - category = findTestData(dataFile).getValue("Category", row): null

2023-02-15 22:41:36 - [TEST_STEP][PASSED] - amount = findTestData(dataFile).getValue("Amount", row): null

2023-02-15 22:41:36 - [TEST_STEP][PASSED] - cardName = findTestData(dataFile).getValue("CardName", row): null

2023-02-15 22:41:36 - [TEST_STEP][PASSED] - al1 = findTestData(dataFile).getValue("AL1", row): null

2023-02-15 22:41:36 - [TEST_STEP][PASSED] - city = findTestData(dataFile).getValue("City", row): null

2023-02-15 22:41:36 - [TEST_STEP][PASSED] - state = findTestData(dataFile).getValue("State", row): null

2023-02-15 22:41:37 - [TEST_STEP][PASSED] - zip = findTestData(dataFile).getValue("ZIP", row): null

2023-02-15 22:41:37 - [TEST_STEP][PASSED] - cardNumber = findTestData(dataFile).getValue("CardNumber", row): null

2023-02-15 22:41:37 - [TEST_STEP][PASSED] - exM = findTestData(dataFile).getValue("ExM", row): null

2023-02-15 22:41:37 - [TEST_STEP][PASSED] - exY = findTestData(dataFile).getValue("ExY", row): null

2023-02-15 22:41:37 - [TEST_STEP][PASSED] - openBrowser(VLinkURL + "auth.html"): Browser is opened with url: 'https://dev-algorithm.govolution.com/vlinktest/QA/version_2_0/auth.html'

2023-02-15 22:41:37 - [MESSAGE][WARNING] - A browser is already opened. Closing browser and opening a new one

2023-02-15 22:41:38 - [MESSAGE][INFO] - Starting 'Chrome' driver

2023-02-15 22:41:38 - [MESSAGE][INFO] - User set preference: ['acceptInsecureCerts', 'true']

2023-02-15 22:41:38 - [MESSAGE][INFO] - Action delay is set to 0 milliseconds

2023-02-15 22:41:40 - [MESSAGE][PASSED] - Browser is opened with url: 'https://dev-algorithm.govolution.com/vlinktest/QA/version_2_0/auth.html'

2023-02-15 22:41:40 - [TEST_STEP][PASSED] - maximizeWindow(): Current window maximized

2023-02-15 22:41:40 - [MESSAGE][PASSED] - Current window maximized

2023-02-15 22:41:40 - [TEST_STEP][PASSED] - maximizeWindow(): Current window maximized

2023-02-15 22:41:40 - [MESSAGE][PASSED] - Current window maximized

2023-02-15 22:41:40 - [TEST_STEP][PASSED] - setText(findTestObject("Object Repository/RecAndPlayBk/Page-Vlink-AuthOnly/txt_TransactionType"), tranType): Text '104' is set on object 'Object Repository/RecAndPlayBk/Page-Vlink-AuthOnly/txt_TransactionType'

2023-02-15 22:41:41 - [MESSAGE][PASSED] - Text '104' is set on object 'Object Repository/RecAndPlayBk/Page-Vlink-AuthOnly/txt_TransactionType'

2023-02-15 22:41:41 - [TEST_STEP][PASSED] - setText(findTestObject("Object Repository/RecAndPlayBk/Page-Vlink-AuthOnly/txt_MessageVersion"), mv): Text '2.0C' is set on object 'Object Repository/RecAndPlayBk/Page-Vlink-AuthOnly/txt_MessageVersion'

2023-02-15 22:41:41 - [MESSAGE][PASSED] - Text '2.0C' is set on object 'Object Repository/RecAndPlayBk/Page-Vlink-AuthOnly/txt_MessageVersion'

2023-02-15 22:41:41 - [TEST_STEP][PASSED] - genRemID = RandomStringUtils.random(12, true, true): null

2023-02-15 22:41:41 - [TEST_STEP][PASSED] - setText(findTestObject("Object Repository/RecAndPlayBk/Page-Vlink-AuthOnly/input_Remittance Id_remittance_id"), genRemID): Text 'yKhANWafvNGv' is set on object 'Object Repository/RecAndPlayBk/Page-Vlink-AuthOnly/input_Remittance Id_remittance_id'

2023-02-15 22:41:42 - [MESSAGE][PASSED] - Text 'yKhANWafvNGv' is set on object 'Object Repository/RecAndPlayBk/Page-Vlink-AuthOnly/input_Remittance Id_remittance_id'

2023-02-15 22:41:42 - [TEST_STEP][PASSED] - setText(findTestObject("Object Repository/RecAndPlayBk/Page-Vlink-AuthOnly/input_Application Id_application_id"), appID): Text '' is set on object 'Object Repository/RecAndPlayBk/Page-Vlink-AuthOnly/input_Application Id_application_id'

2023-02-15 22:41:42 - [MESSAGE][PASSED] - Text '' is set on object 'Object Repository/RecAndPlayBk/Page-Vlink-AuthOnly/input_Application Id_application_id'

2023-02-15 22:41:42 - [TEST_STEP][PASSED] - setText(findTestObject("Object Repository/RecAndPlayBk/Page-Vlink-AuthOnly/input_Username_username"), username): Text 'username' is set on object 'Object Repository/RecAndPlayBk/Page-Vlink-AuthOnly/input_Username_username'

2023-02-15 22:41:43 - [MESSAGE][PASSED] - Text 'username' is set on object 'Object Repository/RecAndPlayBk/Page-Vlink-AuthOnly/input_Username_username'

2023-02-15 22:41:43 - [TEST_STEP][PASSED] - setText(findTestObject("Object Repository/RecAndPlayBk/Page-Vlink-AuthOnly/input_Password_password"), password): Text 'password' is set on object 'Object Repository/RecAndPlayBk/Page-Vlink-AuthOnly/input_Password_password'

2023-02-15 22:41:44 - [MESSAGE][PASSED] - Text 'password' is set on object 'Object Repository/RecAndPlayBk/Page-Vlink-AuthOnly/input_Password_password'

2023-02-15 22:41:44 - [TEST_STEP][PASSED] - setText(findTestObject("Object Repository/RecAndPlayBk/Page-Vlink-AuthOnly/txt_ResponseFormat"), resFormat): Text 'fixed_width' is set on object 'Object Repository/RecAndPlayBk/Page-Vlink-AuthOnly/txt_ResponseFormat'

2023-02-15 22:41:44 - [MESSAGE][PASSED] - Text 'fixed_width' is set on object 'Object Repository/RecAndPlayBk/Page-Vlink-AuthOnly/txt_ResponseFormat'

2023-02-15 22:41:44 - [TEST_STEP][PASSED] - setText(findTestObject("Object Repository/RecAndPlayBk/Page-Vlink-AuthOnly/input_Category_category"), category): Text 'RETL' is set on object 'Object Repository/RecAndPlayBk/Page-Vlink-AuthOnly/input_Category_category'

2023-02-15 22:41:45 - [MESSAGE][PASSED] - Text 'RETL' is set on object 'Object Repository/RecAndPlayBk/Page-Vlink-AuthOnly/input_Category_category'

2023-02-15 22:41:45 - [TEST_STEP][PASSED] - setText(findTestObject("Object Repository/RecAndPlayBk/Page-Vlink-AuthOnly/txt_CardName"), cardName): Text 'Kris Roshan' is set on object 'Object Repository/RecAndPlayBk/Page-Vlink-AuthOnly/txt_CardName'

2023-02-15 22:41:46 - [MESSAGE][PASSED] - Text 'Kris Roshan' is set on object 'Object Repository/RecAndPlayBk/Page-Vlink-AuthOnly/txt_CardName'

2023-02-15 22:41:46 - [TEST_STEP][PASSED] - setText(findTestObject("Object Repository/RecAndPlayBk/Page-Vlink-AuthOnly/txt_AL1"), al1): Text '258 Elm Road' is set on object 'Object Repository/RecAndPlayBk/Page-Vlink-AuthOnly/txt_AL1'

2023-02-15 22:41:46 - [MESSAGE][PASSED] - Text '258 Elm Road' is set on object 'Object Repository/RecAndPlayBk/Page-Vlink-AuthOnly/txt_AL1'

2023-02-15 22:41:46 - [TEST_STEP][PASSED] - setText(findTestObject("Object Repository/RecAndPlayBk/Page-Vlink-AuthOnly/txt_CardCity"), city): Text 'Arlington' is set on object 'Object Repository/RecAndPlayBk/Page-Vlink-AuthOnly/txt_CardCity'

2023-02-15 22:41:47 - [MESSAGE][PASSED] - Text 'Arlington' is set on object 'Object Repository/RecAndPlayBk/Page-Vlink-AuthOnly/txt_CardCity'

2023-02-15 22:41:47 - [TEST_STEP][PASSED] - setText(findTestObject("Object Repository/RecAndPlayBk/Page-Vlink-AuthOnly/txt_CardState"), state): Text 'VA' is set on object 'Object Repository/RecAndPlayBk/Page-Vlink-AuthOnly/txt_CardState'

2023-02-15 22:41:47 - [MESSAGE][PASSED] - Text 'VA' is set on object 'Object Repository/RecAndPlayBk/Page-Vlink-AuthOnly/txt_CardState'

2023-02-15 22:41:47 - [TEST_STEP][PASSED] - setText(findTestObject("Object Repository/RecAndPlayBk/Page-Vlink-AuthOnly/txt_CardZIP"), zip): Text '22201' is set on object 'Object Repository/RecAndPlayBk/Page-Vlink-AuthOnly/txt_CardZIP'

2023-02-15 22:41:48 - [MESSAGE][PASSED] - Text '22201' is set on object 'Object Repository/RecAndPlayBk/Page-Vlink-AuthOnly/txt_CardZIP'

2023-02-15 22:41:48 - [TEST_STEP][PASSED] - setText(findTestObject("Object Repository/RecAndPlayBk/Page-Vlink-AuthOnly/input_Amount_amount"), amount): Text '1.50' is set on object 'Object Repository/RecAndPlayBk/Page-Vlink-AuthOnly/input_Amount_amount'

2023-02-15 22:41:49 - [MESSAGE][PASSED] - Text '1.50' is set on object 'Object Repository/RecAndPlayBk/Page-Vlink-AuthOnly/input_Amount_amount'

2023-02-15 22:41:49 - [TEST_STEP][PASSED] - setText(findTestObject("Object Repository/RecAndPlayBk/Page-Vlink-AuthOnly/input_Card number_card_number"), cardNumber): Text '4111111111111111' is set on object 'Object Repository/RecAndPlayBk/Page-Vlink-AuthOnly/input_Card number_card_number'

2023-02-15 22:41:50 - [MESSAGE][PASSED] - Text '4111111111111111' is set on object 'Object Repository/RecAndPlayBk/Page-Vlink-AuthOnly/input_Card number_card_number'

2023-02-15 22:41:50 - [TEST_STEP][PASSED] - setText(findTestObject("Object Repository/RecAndPlayBk/Page-Vlink-AuthOnly/input_Card ex month_card_exmo"), exM): Text '12' is set on object 'Object Repository/RecAndPlayBk/Page-Vlink-AuthOnly/input_Card ex month_card_exmo'

2023-02-15 22:41:50 - [MESSAGE][PASSED] - Text '12' is set on object 'Object Repository/RecAndPlayBk/Page-Vlink-AuthOnly/input_Card ex month_card_exmo'

2023-02-15 22:41:50 - [TEST_STEP][PASSED] - setText(findTestObject("Object Repository/RecAndPlayBk/Page-Vlink-AuthOnly/input_Card ex year_card_exyr"), exY): Text '2025' is set on object 'Object Repository/RecAndPlayBk/Page-Vlink-AuthOnly/input_Card ex year_card_exyr'

2023-02-15 22:41:51 - [MESSAGE][PASSED] - Text '2025' is set on object 'Object Repository/RecAndPlayBk/Page-Vlink-AuthOnly/input_Card ex year_card_exyr'

2023-02-15 22:41:51 - [TEST_STEP][PASSED] - setText(findTestObject("Object Repository/RecAndPlayBk/Page-Vlink-AuthOnly/input_Track Data_track_data"), ""): Text '' is set on object 'Object Repository/RecAndPlayBk/Page-Vlink-AuthOnly/input_Track Data_track_data'

2023-02-15 22:41:52 - [MESSAGE][PASSED] - Text '' is set on object 'Object Repository/RecAndPlayBk/Page-Vlink-AuthOnly/input_Track Data_track_data'

2023-02-15 22:41:52 - [TEST_STEP][PASSED] - setText(findTestObject("Object Repository/RecAndPlayBk/Page-Vlink-AuthOnly/input_concat(Cardholder, , s email)_email"), ""): Text '' is set on object 'Object Repository/RecAndPlayBk/Page-Vlink-AuthOnly/input_concat(Cardholder, , s email)_email'

2023-02-15 22:41:52 - [MESSAGE][PASSED] - Text '' is set on object 'Object Repository/RecAndPlayBk/Page-Vlink-AuthOnly/input_concat(Cardholder, , s email)_email'

2023-02-15 22:41:52 - [TEST_STEP][PASSED] - click(findTestObject("Object Repository/RecAndPlayBk/Page-Vlink-AuthOnly/input_user_defined10_user_defined10")): Object: 'Object Repository/RecAndPlayBk/Page-Vlink-AuthOnly/input_user_defined10_user_defined10' is clicked on

2023-02-15 22:41:53 - [MESSAGE][PASSED] - Object: 'Object Repository/RecAndPlayBk/Page-Vlink-AuthOnly/input_user_defined10_user_defined10' is clicked on

2023-02-15 22:41:53 - [TEST_STEP][PASSED] - setText(findTestObject("Object Repository/RecAndPlayBk/Page-Vlink-AuthOnly/input_Card on File Indicator_card_on_file_i_157dae"), ""): Text '' is set on object 'Object Repository/RecAndPlayBk/Page-Vlink-AuthOnly/input_Card on File Indicator_card_on_file_i_157dae'

2023-02-15 22:41:53 - [MESSAGE][PASSED] - Text '' is set on object 'Object Repository/RecAndPlayBk/Page-Vlink-AuthOnly/input_Card on File Indicator_card_on_file_i_157dae'

2023-02-15 22:41:53 - [TEST_STEP][PASSED] - setText(findTestObject("Object Repository/RecAndPlayBk/Page-Vlink-AuthOnly/input_Stored Credential Indicator_stored_cr_4ae73c"), ""): Text '' is set on object 'Object Repository/RecAndPlayBk/Page-Vlink-AuthOnly/input_Stored Credential Indicator_stored_cr_4ae73c'

2023-02-15 22:41:54 - [MESSAGE][PASSED] - Text '' is set on object 'Object Repository/RecAndPlayBk/Page-Vlink-AuthOnly/input_Stored Credential Indicator_stored_cr_4ae73c'

2023-02-15 22:41:54 - [TEST_STEP][PASSED] - setText(findTestObject("Object Repository/RecAndPlayBk/Page-Vlink-AuthOnly/input_COF Scheduled indicator_cof_scheduled_8df7d8"), ""): Text '' is set on object 'Object Repository/RecAndPlayBk/Page-Vlink-AuthOnly/input_COF Scheduled indicator_cof_scheduled_8df7d8'

2023-02-15 22:41:55 - [MESSAGE][PASSED] - Text '' is set on object 'Object Repository/RecAndPlayBk/Page-Vlink-AuthOnly/input_COF Scheduled indicator_cof_scheduled_8df7d8'

2023-02-15 22:41:55 - [TEST_STEP][PASSED] - setText(findTestObject("Object Repository/RecAndPlayBk/Page-Vlink-AuthOnly/input_COF Transaction Initiated by_cof_tran_6cded5"), ""): Text '' is set on object 'Object Repository/RecAndPlayBk/Page-Vlink-AuthOnly/input_COF Transaction Initiated by_cof_tran_6cded5'

2023-02-15 22:41:55 - [MESSAGE][PASSED] - Text '' is set on object 'Object Repository/RecAndPlayBk/Page-Vlink-AuthOnly/input_COF Transaction Initiated by_cof_tran_6cded5'

2023-02-15 22:41:55 - [TEST_STEP][PASSED] - click(findTestObject("Object Repository/RecAndPlayBk/Page-Vlink-AuthOnly/input")): Object: 'Object Repository/RecAndPlayBk/Page-Vlink-AuthOnly/input' is clicked on

2023-02-15 22:41:56 - [MESSAGE][PASSED] - Object: 'Object Repository/RecAndPlayBk/Page-Vlink-AuthOnly/input' is clicked on

2023-02-15 22:41:56 - [TEST_STEP][PASSED] - if (verifyTextPresent(errorMsg, true)): null

2023-02-15 22:41:56 - [MESSAGE][PASSED] - Text 'Missing parameter: application_id' is present on page  using regular expression

2023-02-15 22:41:56 - [TEST_STEP][PASSED] - println("Error Message is present on the Confirmation page"): null

2023-02-15 22:41:56 - [TEST_STEP][PASSED] - out.println("Pass Record Number: " + row): null

2023-02-15 22:41:56 - [TEST_STEP][PASSED] - resText = "Pass": null

2023-02-15 22:41:56 - [TEST_STEP][PASSED] - pages.WriteExcel.demoKey(resText, datText, resColumn, datCloumn, fileLoc, nameSheet, row): pages.WriteExcel.demoKey is PASSED

2023-02-15 22:41:56 - [MESSAGE][PASSED] - pages.WriteExcel.demoKey is PASSED

2023-02-15 22:41:56 - [TEST_STEP][PASSED] - ExecuteTC = findTestData(dataFile).getValue("Execute", row): null

2023-02-15 22:41:56 - [TEST_STEP][PASSED] - out.println("Value of Execute is : " + ExecuteTC): null

2023-02-15 22:41:56 - [TEST_STEP][PASSED] - if (ExecuteTC.equalsIgnoreCase("Y")): null

2023-02-15 22:41:56 - [TEST_STEP][PASSED] - out.println("Begin Record Number: " + row): null

2023-02-15 22:41:56 - [TEST_STEP][PASSED] - today = new java.util.Date(): null

2023-02-15 22:41:56 - [TEST_STEP][PASSED] - println(today): null

2023-02-15 22:41:56 - [TEST_STEP][PASSED] - datText = today: null

2023-02-15 22:41:56 - [TEST_STEP][PASSED] - errorMsg = findTestData(dataFile).getValue("ErrorMsg", row): null

2023-02-15 22:41:56 - [TEST_STEP][PASSED] - appID = findTestData(dataFile).getValue("AppID", row): null

2023-02-15 22:41:56 - [TEST_STEP][PASSED] - username = findTestData(dataFile).getValue("Username", row): null

2023-02-15 22:41:57 - [TEST_STEP][PASSED] - password = findTestData(dataFile).getValue("Password", row): null

2023-02-15 22:41:57 - [TEST_STEP][PASSED] - tranType = findTestData(dataFile).getValue("TranType", row): null

2023-02-15 22:41:57 - [TEST_STEP][PASSED] - mv = findTestData(dataFile).getValue("MV", row): null

2023-02-15 22:41:57 - [TEST_STEP][PASSED] - resFormat = findTestData(dataFile).getValue("ResFormat", row): null

2023-02-15 22:41:57 - [TEST_STEP][PASSED] - category = findTestData(dataFile).getValue("Category", row): null

2023-02-15 22:41:57 - [TEST_STEP][PASSED] - amount = findTestData(dataFile).getValue("Amount", row): null

2023-02-15 22:41:57 - [TEST_STEP][PASSED] - cardName = findTestData(dataFile).getValue("CardName", row): null

2023-02-15 22:41:57 - [TEST_STEP][PASSED] - al1 = findTestData(dataFile).getValue("AL1", row): null

2023-02-15 22:41:57 - [TEST_STEP][PASSED] - city = findTestData(dataFile).getValue("City", row): null

2023-02-15 22:41:57 - [TEST_STEP][PASSED] - state = findTestData(dataFile).getValue("State", row): null

2023-02-15 22:41:57 - [TEST_STEP][PASSED] - zip = findTestData(dataFile).getValue("ZIP", row): null

2023-02-15 22:41:58 - [TEST_STEP][PASSED] - cardNumber = findTestData(dataFile).getValue("CardNumber", row): null

2023-02-15 22:41:58 - [TEST_STEP][PASSED] - exM = findTestData(dataFile).getValue("ExM", row): null

2023-02-15 22:41:58 - [TEST_STEP][PASSED] - exY = findTestData(dataFile).getValue("ExY", row): null

2023-02-15 22:41:58 - [TEST_STEP][PASSED] - openBrowser(VLinkURL + "auth.html"): Browser is opened with url: 'https://dev-algorithm.govolution.com/vlinktest/QA/version_2_0/auth.html'

2023-02-15 22:41:58 - [MESSAGE][WARNING] - A browser is already opened. Closing browser and opening a new one

2023-02-15 22:41:59 - [MESSAGE][INFO] - Starting 'Chrome' driver

2023-02-15 22:41:59 - [MESSAGE][INFO] - User set preference: ['acceptInsecureCerts', 'true']

2023-02-15 22:41:59 - [MESSAGE][INFO] - Action delay is set to 0 milliseconds

2023-02-15 22:42:01 - [MESSAGE][PASSED] - Browser is opened with url: 'https://dev-algorithm.govolution.com/vlinktest/QA/version_2_0/auth.html'

2023-02-15 22:42:01 - [TEST_STEP][PASSED] - maximizeWindow(): Current window maximized

2023-02-15 22:42:01 - [MESSAGE][PASSED] - Current window maximized

2023-02-15 22:42:01 - [TEST_STEP][PASSED] - maximizeWindow(): Current window maximized

2023-02-15 22:42:01 - [MESSAGE][PASSED] - Current window maximized

2023-02-15 22:42:01 - [TEST_STEP][PASSED] - setText(findTestObject("Object Repository/RecAndPlayBk/Page-Vlink-AuthOnly/txt_TransactionType"), tranType): Text '104' is set on object 'Object Repository/RecAndPlayBk/Page-Vlink-AuthOnly/txt_TransactionType'

2023-02-15 22:42:02 - [MESSAGE][PASSED] - Text '104' is set on object 'Object Repository/RecAndPlayBk/Page-Vlink-AuthOnly/txt_TransactionType'

2023-02-15 22:42:02 - [TEST_STEP][PASSED] - setText(findTestObject("Object Repository/RecAndPlayBk/Page-Vlink-AuthOnly/txt_MessageVersion"), mv): Text '2.0C' is set on object 'Object Repository/RecAndPlayBk/Page-Vlink-AuthOnly/txt_MessageVersion'

2023-02-15 22:42:02 - [MESSAGE][PASSED] - Text '2.0C' is set on object 'Object Repository/RecAndPlayBk/Page-Vlink-AuthOnly/txt_MessageVersion'

2023-02-15 22:42:02 - [TEST_STEP][PASSED] - genRemID = RandomStringUtils.random(12, true, true): null

2023-02-15 22:42:02 - [TEST_STEP][PASSED] - setText(findTestObject("Object Repository/RecAndPlayBk/Page-Vlink-AuthOnly/input_Remittance Id_remittance_id"), genRemID): Text 'yqgt4arcSPVk' is set on object 'Object Repository/RecAndPlayBk/Page-Vlink-AuthOnly/input_Remittance Id_remittance_id'

2023-02-15 22:42:03 - [MESSAGE][PASSED] - Text 'yqgt4arcSPVk' is set on object 'Object Repository/RecAndPlayBk/Page-Vlink-AuthOnly/input_Remittance Id_remittance_id'

2023-02-15 22:42:03 - [TEST_STEP][PASSED] - setText(findTestObject("Object Repository/RecAndPlayBk/Page-Vlink-AuthOnly/input_Application Id_application_id"), appID): Text '234' is set on object 'Object Repository/RecAndPlayBk/Page-Vlink-AuthOnly/input_Application Id_application_id'

2023-02-15 22:42:03 - [MESSAGE][PASSED] - Text '234' is set on object 'Object Repository/RecAndPlayBk/Page-Vlink-AuthOnly/input_Application Id_application_id'

2023-02-15 22:42:03 - [TEST_STEP][PASSED] - setText(findTestObject("Object Repository/RecAndPlayBk/Page-Vlink-AuthOnly/input_Username_username"), username): Text 'username' is set on object 'Object Repository/RecAndPlayBk/Page-Vlink-AuthOnly/input_Username_username'

2023-02-15 22:42:04 - [MESSAGE][PASSED] - Text 'username' is set on object 'Object Repository/RecAndPlayBk/Page-Vlink-AuthOnly/input_Username_username'

2023-02-15 22:42:04 - [TEST_STEP][PASSED] - setText(findTestObject("Object Repository/RecAndPlayBk/Page-Vlink-AuthOnly/input_Password_password"), password): Text 'password' is set on object 'Object Repository/RecAndPlayBk/Page-Vlink-AuthOnly/input_Password_password'

2023-02-15 22:42:05 - [MESSAGE][PASSED] - Text 'password' is set on object 'Object Repository/RecAndPlayBk/Page-Vlink-AuthOnly/input_Password_password'

2023-02-15 22:42:05 - [TEST_STEP][PASSED] - setText(findTestObject("Object Repository/RecAndPlayBk/Page-Vlink-AuthOnly/txt_ResponseFormat"), resFormat): Text '' is set on object 'Object Repository/RecAndPlayBk/Page-Vlink-AuthOnly/txt_ResponseFormat'

2023-02-15 22:42:05 - [MESSAGE][PASSED] - Text '' is set on object 'Object Repository/RecAndPlayBk/Page-Vlink-AuthOnly/txt_ResponseFormat'

2023-02-15 22:42:05 - [TEST_STEP][PASSED] - setText(findTestObject("Object Repository/RecAndPlayBk/Page-Vlink-AuthOnly/input_Category_category"), category): Text 'ECOM' is set on object 'Object Repository/RecAndPlayBk/Page-Vlink-AuthOnly/input_Category_category'

2023-02-15 22:42:06 - [MESSAGE][PASSED] - Text 'ECOM' is set on object 'Object Repository/RecAndPlayBk/Page-Vlink-AuthOnly/input_Category_category'

2023-02-15 22:42:06 - [TEST_STEP][PASSED] - setText(findTestObject("Object Repository/RecAndPlayBk/Page-Vlink-AuthOnly/txt_CardName"), cardName): Text 'Kris Roshan' is set on object 'Object Repository/RecAndPlayBk/Page-Vlink-AuthOnly/txt_CardName'

2023-02-15 22:42:07 - [MESSAGE][PASSED] - Text 'Kris Roshan' is set on object 'Object Repository/RecAndPlayBk/Page-Vlink-AuthOnly/txt_CardName'

2023-02-15 22:42:07 - [TEST_STEP][PASSED] - setText(findTestObject("Object Repository/RecAndPlayBk/Page-Vlink-AuthOnly/txt_AL1"), al1): Text '258 Elm Road' is set on object 'Object Repository/RecAndPlayBk/Page-Vlink-AuthOnly/txt_AL1'

2023-02-15 22:42:07 - [MESSAGE][PASSED] - Text '258 Elm Road' is set on object 'Object Repository/RecAndPlayBk/Page-Vlink-AuthOnly/txt_AL1'

2023-02-15 22:42:07 - [TEST_STEP][PASSED] - setText(findTestObject("Object Repository/RecAndPlayBk/Page-Vlink-AuthOnly/txt_CardCity"), city): Text 'Arlington' is set on object 'Object Repository/RecAndPlayBk/Page-Vlink-AuthOnly/txt_CardCity'

2023-02-15 22:42:08 - [MESSAGE][PASSED] - Text 'Arlington' is set on object 'Object Repository/RecAndPlayBk/Page-Vlink-AuthOnly/txt_CardCity'

2023-02-15 22:42:08 - [TEST_STEP][PASSED] - setText(findTestObject("Object Repository/RecAndPlayBk/Page-Vlink-AuthOnly/txt_CardState"), state): Text 'VA' is set on object 'Object Repository/RecAndPlayBk/Page-Vlink-AuthOnly/txt_CardState'

2023-02-15 22:42:09 - [MESSAGE][PASSED] - Text 'VA' is set on object 'Object Repository/RecAndPlayBk/Page-Vlink-AuthOnly/txt_CardState'

2023-02-15 22:42:09 - [TEST_STEP][PASSED] - setText(findTestObject("Object Repository/RecAndPlayBk/Page-Vlink-AuthOnly/txt_CardZIP"), zip): Text '22201' is set on object 'Object Repository/RecAndPlayBk/Page-Vlink-AuthOnly/txt_CardZIP'

2023-02-15 22:42:09 - [MESSAGE][PASSED] - Text '22201' is set on object 'Object Repository/RecAndPlayBk/Page-Vlink-AuthOnly/txt_CardZIP'

2023-02-15 22:42:09 - [TEST_STEP][PASSED] - setText(findTestObject("Object Repository/RecAndPlayBk/Page-Vlink-AuthOnly/input_Amount_amount"), amount): Text '1.50' is set on object 'Object Repository/RecAndPlayBk/Page-Vlink-AuthOnly/input_Amount_amount'

2023-02-15 22:42:10 - [MESSAGE][PASSED] - Text '1.50' is set on object 'Object Repository/RecAndPlayBk/Page-Vlink-AuthOnly/input_Amount_amount'

2023-02-15 22:42:10 - [TEST_STEP][PASSED] - setText(findTestObject("Object Repository/RecAndPlayBk/Page-Vlink-AuthOnly/input_Card number_card_number"), cardNumber): Text '4111111111111111' is set on object 'Object Repository/RecAndPlayBk/Page-Vlink-AuthOnly/input_Card number_card_number'

2023-02-15 22:42:10 - [MESSAGE][PASSED] - Text '4111111111111111' is set on object 'Object Repository/RecAndPlayBk/Page-Vlink-AuthOnly/input_Card number_card_number'

2023-02-15 22:42:10 - [TEST_STEP][PASSED] - setText(findTestObject("Object Repository/RecAndPlayBk/Page-Vlink-AuthOnly/input_Card ex month_card_exmo"), exM): Text '12' is set on object 'Object Repository/RecAndPlayBk/Page-Vlink-AuthOnly/input_Card ex month_card_exmo'

2023-02-15 22:42:11 - [MESSAGE][PASSED] - Text '12' is set on object 'Object Repository/RecAndPlayBk/Page-Vlink-AuthOnly/input_Card ex month_card_exmo'

2023-02-15 22:42:11 - [TEST_STEP][PASSED] - setText(findTestObject("Object Repository/RecAndPlayBk/Page-Vlink-AuthOnly/input_Card ex year_card_exyr"), exY): Text '2025' is set on object 'Object Repository/RecAndPlayBk/Page-Vlink-AuthOnly/input_Card ex year_card_exyr'

2023-02-15 22:42:12 - [MESSAGE][PASSED] - Text '2025' is set on object 'Object Repository/RecAndPlayBk/Page-Vlink-AuthOnly/input_Card ex year_card_exyr'

2023-02-15 22:42:12 - [TEST_STEP][PASSED] - setText(findTestObject("Object Repository/RecAndPlayBk/Page-Vlink-AuthOnly/input_Track Data_track_data"), ""): Text '' is set on object 'Object Repository/RecAndPlayBk/Page-Vlink-AuthOnly/input_Track Data_track_data'

2023-02-15 22:42:13 - [MESSAGE][PASSED] - Text '' is set on object 'Object Repository/RecAndPlayBk/Page-Vlink-AuthOnly/input_Track Data_track_data'

2023-02-15 22:42:13 - [TEST_STEP][PASSED] - setText(findTestObject("Object Repository/RecAndPlayBk/Page-Vlink-AuthOnly/input_concat(Cardholder, , s email)_email"), ""): Text '' is set on object 'Object Repository/RecAndPlayBk/Page-Vlink-AuthOnly/input_concat(Cardholder, , s email)_email'

2023-02-15 22:42:13 - [MESSAGE][PASSED] - Text '' is set on object 'Object Repository/RecAndPlayBk/Page-Vlink-AuthOnly/input_concat(Cardholder, , s email)_email'

2023-02-15 22:42:13 - [TEST_STEP][PASSED] - click(findTestObject("Object Repository/RecAndPlayBk/Page-Vlink-AuthOnly/input_user_defined10_user_defined10")): Object: 'Object Repository/RecAndPlayBk/Page-Vlink-AuthOnly/input_user_defined10_user_defined10' is clicked on

2023-02-15 22:42:14 - [MESSAGE][PASSED] - Object: 'Object Repository/RecAndPlayBk/Page-Vlink-AuthOnly/input_user_defined10_user_defined10' is clicked on

2023-02-15 22:42:14 - [TEST_STEP][PASSED] - setText(findTestObject("Object Repository/RecAndPlayBk/Page-Vlink-AuthOnly/input_Card on File Indicator_card_on_file_i_157dae"), ""): Text '' is set on object 'Object Repository/RecAndPlayBk/Page-Vlink-AuthOnly/input_Card on File Indicator_card_on_file_i_157dae'

2023-02-15 22:42:14 - [MESSAGE][PASSED] - Text '' is set on object 'Object Repository/RecAndPlayBk/Page-Vlink-AuthOnly/input_Card on File Indicator_card_on_file_i_157dae'

2023-02-15 22:42:14 - [TEST_STEP][PASSED] - setText(findTestObject("Object Repository/RecAndPlayBk/Page-Vlink-AuthOnly/input_Stored Credential Indicator_stored_cr_4ae73c"), ""): Text '' is set on object 'Object Repository/RecAndPlayBk/Page-Vlink-AuthOnly/input_Stored Credential Indicator_stored_cr_4ae73c'

2023-02-15 22:42:15 - [MESSAGE][PASSED] - Text '' is set on object 'Object Repository/RecAndPlayBk/Page-Vlink-AuthOnly/input_Stored Credential Indicator_stored_cr_4ae73c'

2023-02-15 22:42:15 - [TEST_STEP][PASSED] - setText(findTestObject("Object Repository/RecAndPlayBk/Page-Vlink-AuthOnly/input_COF Scheduled indicator_cof_scheduled_8df7d8"), ""): Text '' is set on object 'Object Repository/RecAndPlayBk/Page-Vlink-AuthOnly/input_COF Scheduled indicator_cof_scheduled_8df7d8'

2023-02-15 22:42:16 - [MESSAGE][PASSED] - Text '' is set on object 'Object Repository/RecAndPlayBk/Page-Vlink-AuthOnly/input_COF Scheduled indicator_cof_scheduled_8df7d8'

2023-02-15 22:42:16 - [TEST_STEP][PASSED] - setText(findTestObject("Object Repository/RecAndPlayBk/Page-Vlink-AuthOnly/input_COF Transaction Initiated by_cof_tran_6cded5"), ""): Text '' is set on object 'Object Repository/RecAndPlayBk/Page-Vlink-AuthOnly/input_COF Transaction Initiated by_cof_tran_6cded5'

2023-02-15 22:42:16 - [MESSAGE][PASSED] - Text '' is set on object 'Object Repository/RecAndPlayBk/Page-Vlink-AuthOnly/input_COF Transaction Initiated by_cof_tran_6cded5'

2023-02-15 22:42:16 - [TEST_STEP][PASSED] - click(findTestObject("Object Repository/RecAndPlayBk/Page-Vlink-AuthOnly/input")): Object: 'Object Repository/RecAndPlayBk/Page-Vlink-AuthOnly/input' is clicked on

2023-02-15 22:42:17 - [MESSAGE][PASSED] - Object: 'Object Repository/RecAndPlayBk/Page-Vlink-AuthOnly/input' is clicked on

2023-02-15 22:42:17 - [TEST_STEP][PASSED] - if (verifyTextPresent(errorMsg, true)): null

2023-02-15 22:42:17 - [MESSAGE][PASSED] - Text 'response_format' is present on page  using regular expression

2023-02-15 22:42:17 - [TEST_STEP][PASSED] - println("Error Message is present on the Confirmation page"): null

2023-02-15 22:42:17 - [TEST_STEP][PASSED] - out.println("Pass Record Number: " + row): null

2023-02-15 22:42:17 - [TEST_STEP][PASSED] - resText = "Pass": null

2023-02-15 22:42:17 - [TEST_STEP][PASSED] - pages.WriteExcel.demoKey(resText, datText, resColumn, datCloumn, fileLoc, nameSheet, row): pages.WriteExcel.demoKey is PASSED

2023-02-15 22:42:17 - [MESSAGE][PASSED] - pages.WriteExcel.demoKey is PASSED

2023-02-15 22:42:17 - [TEST_STEP][PASSED] - ExecuteTC = findTestData(dataFile).getValue("Execute", row): null

2023-02-15 22:42:17 - [TEST_STEP][PASSED] - out.println("Value of Execute is : " + ExecuteTC): null

2023-02-15 22:42:17 - [TEST_STEP][PASSED] - if (ExecuteTC.equalsIgnoreCase("Y")): null

2023-02-15 22:42:17 - [TEST_STEP][PASSED] - out.println("Begin Record Number: " + row): null

2023-02-15 22:42:17 - [TEST_STEP][PASSED] - today = new java.util.Date(): null

2023-02-15 22:42:17 - [TEST_STEP][PASSED] - println(today): null

2023-02-15 22:42:17 - [TEST_STEP][PASSED] - datText = today: null

2023-02-15 22:42:17 - [TEST_STEP][PASSED] - errorMsg = findTestData(dataFile).getValue("ErrorMsg", row): null

2023-02-15 22:42:18 - [TEST_STEP][PASSED] - appID = findTestData(dataFile).getValue("AppID", row): null

2023-02-15 22:42:18 - [TEST_STEP][PASSED] - username = findTestData(dataFile).getValue("Username", row): null

2023-02-15 22:42:18 - [TEST_STEP][PASSED] - password = findTestData(dataFile).getValue("Password", row): null

2023-02-15 22:42:18 - [TEST_STEP][PASSED] - tranType = findTestData(dataFile).getValue("TranType", row): null

2023-02-15 22:42:18 - [TEST_STEP][PASSED] - mv = findTestData(dataFile).getValue("MV", row): null

2023-02-15 22:42:18 - [TEST_STEP][PASSED] - resFormat = findTestData(dataFile).getValue("ResFormat", row): null

2023-02-15 22:42:18 - [TEST_STEP][PASSED] - category = findTestData(dataFile).getValue("Category", row): null

2023-02-15 22:42:18 - [TEST_STEP][PASSED] - amount = findTestData(dataFile).getValue("Amount", row): null

2023-02-15 22:42:18 - [TEST_STEP][PASSED] - cardName = findTestData(dataFile).getValue("CardName", row): null

2023-02-15 22:42:18 - [TEST_STEP][PASSED] - al1 = findTestData(dataFile).getValue("AL1", row): null

2023-02-15 22:42:18 - [TEST_STEP][PASSED] - city = findTestData(dataFile).getValue("City", row): null

2023-02-15 22:42:18 - [TEST_STEP][PASSED] - state = findTestData(dataFile).getValue("State", row): null

2023-02-15 22:42:19 - [TEST_STEP][PASSED] - zip = findTestData(dataFile).getValue("ZIP", row): null

2023-02-15 22:42:19 - [TEST_STEP][PASSED] - cardNumber = findTestData(dataFile).getValue("CardNumber", row): null

2023-02-15 22:42:19 - [TEST_STEP][PASSED] - exM = findTestData(dataFile).getValue("ExM", row): null

2023-02-15 22:42:19 - [TEST_STEP][PASSED] - exY = findTestData(dataFile).getValue("ExY", row): null

2023-02-15 22:42:19 - [TEST_STEP][PASSED] - openBrowser(VLinkURL + "auth.html"): Browser is opened with url: 'https://dev-algorithm.govolution.com/vlinktest/QA/version_2_0/auth.html'

2023-02-15 22:42:19 - [MESSAGE][WARNING] - A browser is already opened. Closing browser and opening a new one

2023-02-15 22:42:20 - [MESSAGE][INFO] - Starting 'Chrome' driver

2023-02-15 22:42:20 - [MESSAGE][INFO] - User set preference: ['acceptInsecureCerts', 'true']

2023-02-15 22:42:20 - [MESSAGE][INFO] - Action delay is set to 0 milliseconds

2023-02-15 22:42:22 - [MESSAGE][PASSED] - Browser is opened with url: 'https://dev-algorithm.govolution.com/vlinktest/QA/version_2_0/auth.html'

2023-02-15 22:42:22 - [TEST_STEP][PASSED] - maximizeWindow(): Current window maximized

2023-02-15 22:42:22 - [MESSAGE][PASSED] - Current window maximized

2023-02-15 22:42:22 - [TEST_STEP][PASSED] - maximizeWindow(): Current window maximized

2023-02-15 22:42:22 - [MESSAGE][PASSED] - Current window maximized

2023-02-15 22:42:22 - [TEST_STEP][PASSED] - setText(findTestObject("Object Repository/RecAndPlayBk/Page-Vlink-AuthOnly/txt_TransactionType"), tranType): Text '104' is set on object 'Object Repository/RecAndPlayBk/Page-Vlink-AuthOnly/txt_TransactionType'

2023-02-15 22:42:23 - [MESSAGE][PASSED] - Text '104' is set on object 'Object Repository/RecAndPlayBk/Page-Vlink-AuthOnly/txt_TransactionType'

2023-02-15 22:42:23 - [TEST_STEP][PASSED] - setText(findTestObject("Object Repository/RecAndPlayBk/Page-Vlink-AuthOnly/txt_MessageVersion"), mv): Text '2.0C' is set on object 'Object Repository/RecAndPlayBk/Page-Vlink-AuthOnly/txt_MessageVersion'

2023-02-15 22:42:23 - [MESSAGE][PASSED] - Text '2.0C' is set on object 'Object Repository/RecAndPlayBk/Page-Vlink-AuthOnly/txt_MessageVersion'

2023-02-15 22:42:23 - [TEST_STEP][PASSED] - genRemID = RandomStringUtils.random(12, true, true): null

2023-02-15 22:42:23 - [TEST_STEP][PASSED] - setText(findTestObject("Object Repository/RecAndPlayBk/Page-Vlink-AuthOnly/input_Remittance Id_remittance_id"), genRemID): Text 'c9ucmejBIkkN' is set on object 'Object Repository/RecAndPlayBk/Page-Vlink-AuthOnly/input_Remittance Id_remittance_id'

2023-02-15 22:42:24 - [MESSAGE][PASSED] - Text 'c9ucmejBIkkN' is set on object 'Object Repository/RecAndPlayBk/Page-Vlink-AuthOnly/input_Remittance Id_remittance_id'

2023-02-15 22:42:24 - [TEST_STEP][PASSED] - setText(findTestObject("Object Repository/RecAndPlayBk/Page-Vlink-AuthOnly/input_Application Id_application_id"), appID): Text '234' is set on object 'Object Repository/RecAndPlayBk/Page-Vlink-AuthOnly/input_Application Id_application_id'

2023-02-15 22:42:25 - [MESSAGE][PASSED] - Text '234' is set on object 'Object Repository/RecAndPlayBk/Page-Vlink-AuthOnly/input_Application Id_application_id'

2023-02-15 22:42:25 - [TEST_STEP][PASSED] - setText(findTestObject("Object Repository/RecAndPlayBk/Page-Vlink-AuthOnly/input_Username_username"), username): Text 'username' is set on object 'Object Repository/RecAndPlayBk/Page-Vlink-AuthOnly/input_Username_username'

2023-02-15 22:42:25 - [MESSAGE][PASSED] - Text 'username' is set on object 'Object Repository/RecAndPlayBk/Page-Vlink-AuthOnly/input_Username_username'

2023-02-15 22:42:25 - [TEST_STEP][PASSED] - setText(findTestObject("Object Repository/RecAndPlayBk/Page-Vlink-AuthOnly/input_Password_password"), password): Text 'password' is set on object 'Object Repository/RecAndPlayBk/Page-Vlink-AuthOnly/input_Password_password'

2023-02-15 22:42:26 - [MESSAGE][PASSED] - Text 'password' is set on object 'Object Repository/RecAndPlayBk/Page-Vlink-AuthOnly/input_Password_password'

2023-02-15 22:42:26 - [TEST_STEP][PASSED] - setText(findTestObject("Object Repository/RecAndPlayBk/Page-Vlink-AuthOnly/txt_ResponseFormat"), resFormat): Text '' is set on object 'Object Repository/RecAndPlayBk/Page-Vlink-AuthOnly/txt_ResponseFormat'

2023-02-15 22:42:26 - [MESSAGE][PASSED] - Text '' is set on object 'Object Repository/RecAndPlayBk/Page-Vlink-AuthOnly/txt_ResponseFormat'

2023-02-15 22:42:26 - [TEST_STEP][PASSED] - setText(findTestObject("Object Repository/RecAndPlayBk/Page-Vlink-AuthOnly/input_Category_category"), category): Text 'MOTO' is set on object 'Object Repository/RecAndPlayBk/Page-Vlink-AuthOnly/input_Category_category'

2023-02-15 22:42:27 - [MESSAGE][PASSED] - Text 'MOTO' is set on object 'Object Repository/RecAndPlayBk/Page-Vlink-AuthOnly/input_Category_category'

2023-02-15 22:42:27 - [TEST_STEP][PASSED] - setText(findTestObject("Object Repository/RecAndPlayBk/Page-Vlink-AuthOnly/txt_CardName"), cardName): Text 'Kris Roshan' is set on object 'Object Repository/RecAndPlayBk/Page-Vlink-AuthOnly/txt_CardName'

2023-02-15 22:42:28 - [MESSAGE][PASSED] - Text 'Kris Roshan' is set on object 'Object Repository/RecAndPlayBk/Page-Vlink-AuthOnly/txt_CardName'

2023-02-15 22:42:28 - [TEST_STEP][PASSED] - setText(findTestObject("Object Repository/RecAndPlayBk/Page-Vlink-AuthOnly/txt_AL1"), al1): Text '258 Elm Road' is set on object 'Object Repository/RecAndPlayBk/Page-Vlink-AuthOnly/txt_AL1'

2023-02-15 22:42:28 - [MESSAGE][PASSED] - Text '258 Elm Road' is set on object 'Object Repository/RecAndPlayBk/Page-Vlink-AuthOnly/txt_AL1'

2023-02-15 22:42:28 - [TEST_STEP][PASSED] - setText(findTestObject("Object Repository/RecAndPlayBk/Page-Vlink-AuthOnly/txt_CardCity"), city): Text 'Arlington' is set on object 'Object Repository/RecAndPlayBk/Page-Vlink-AuthOnly/txt_CardCity'

2023-02-15 22:42:29 - [MESSAGE][PASSED] - Text 'Arlington' is set on object 'Object Repository/RecAndPlayBk/Page-Vlink-AuthOnly/txt_CardCity'

2023-02-15 22:42:29 - [TEST_STEP][PASSED] - setText(findTestObject("Object Repository/RecAndPlayBk/Page-Vlink-AuthOnly/txt_CardState"), state): Text 'VA' is set on object 'Object Repository/RecAndPlayBk/Page-Vlink-AuthOnly/txt_CardState'

2023-02-15 22:42:30 - [MESSAGE][PASSED] - Text 'VA' is set on object 'Object Repository/RecAndPlayBk/Page-Vlink-AuthOnly/txt_CardState'

2023-02-15 22:42:30 - [TEST_STEP][PASSED] - setText(findTestObject("Object Repository/RecAndPlayBk/Page-Vlink-AuthOnly/txt_CardZIP"), zip): Text '22201' is set on object 'Object Repository/RecAndPlayBk/Page-Vlink-AuthOnly/txt_CardZIP'

2023-02-15 22:42:30 - [MESSAGE][PASSED] - Text '22201' is set on object 'Object Repository/RecAndPlayBk/Page-Vlink-AuthOnly/txt_CardZIP'

2023-02-15 22:42:30 - [TEST_STEP][PASSED] - setText(findTestObject("Object Repository/RecAndPlayBk/Page-Vlink-AuthOnly/input_Amount_amount"), amount): Text '1.50' is set on object 'Object Repository/RecAndPlayBk/Page-Vlink-AuthOnly/input_Amount_amount'

2023-02-15 22:42:31 - [MESSAGE][PASSED] - Text '1.50' is set on object 'Object Repository/RecAndPlayBk/Page-Vlink-AuthOnly/input_Amount_amount'

2023-02-15 22:42:31 - [TEST_STEP][PASSED] - setText(findTestObject("Object Repository/RecAndPlayBk/Page-Vlink-AuthOnly/input_Card number_card_number"), cardNumber): Text '4111111111111111' is set on object 'Object Repository/RecAndPlayBk/Page-Vlink-AuthOnly/input_Card number_card_number'

2023-02-15 22:42:32 - [MESSAGE][PASSED] - Text '4111111111111111' is set on object 'Object Repository/RecAndPlayBk/Page-Vlink-AuthOnly/input_Card number_card_number'

2023-02-15 22:42:32 - [TEST_STEP][PASSED] - setText(findTestObject("Object Repository/RecAndPlayBk/Page-Vlink-AuthOnly/input_Card ex month_card_exmo"), exM): Text '12' is set on object 'Object Repository/RecAndPlayBk/Page-Vlink-AuthOnly/input_Card ex month_card_exmo'

2023-02-15 22:42:32 - [MESSAGE][PASSED] - Text '12' is set on object 'Object Repository/RecAndPlayBk/Page-Vlink-AuthOnly/input_Card ex month_card_exmo'

2023-02-15 22:42:32 - [TEST_STEP][PASSED] - setText(findTestObject("Object Repository/RecAndPlayBk/Page-Vlink-AuthOnly/input_Card ex year_card_exyr"), exY): Text '2025' is set on object 'Object Repository/RecAndPlayBk/Page-Vlink-AuthOnly/input_Card ex year_card_exyr'

2023-02-15 22:42:33 - [MESSAGE][PASSED] - Text '2025' is set on object 'Object Repository/RecAndPlayBk/Page-Vlink-AuthOnly/input_Card ex year_card_exyr'

2023-02-15 22:42:33 - [TEST_STEP][PASSED] - setText(findTestObject("Object Repository/RecAndPlayBk/Page-Vlink-AuthOnly/input_Track Data_track_data"), ""): Text '' is set on object 'Object Repository/RecAndPlayBk/Page-Vlink-AuthOnly/input_Track Data_track_data'

2023-02-15 22:42:34 - [MESSAGE][PASSED] - Text '' is set on object 'Object Repository/RecAndPlayBk/Page-Vlink-AuthOnly/input_Track Data_track_data'

2023-02-15 22:42:34 - [TEST_STEP][PASSED] - setText(findTestObject("Object Repository/RecAndPlayBk/Page-Vlink-AuthOnly/input_concat(Cardholder, , s email)_email"), ""): Text '' is set on object 'Object Repository/RecAndPlayBk/Page-Vlink-AuthOnly/input_concat(Cardholder, , s email)_email'

2023-02-15 22:42:34 - [MESSAGE][PASSED] - Text '' is set on object 'Object Repository/RecAndPlayBk/Page-Vlink-AuthOnly/input_concat(Cardholder, , s email)_email'

2023-02-15 22:42:34 - [TEST_STEP][PASSED] - click(findTestObject("Object Repository/RecAndPlayBk/Page-Vlink-AuthOnly/input_user_defined10_user_defined10")): Object: 'Object Repository/RecAndPlayBk/Page-Vlink-AuthOnly/input_user_defined10_user_defined10' is clicked on

2023-02-15 22:42:35 - [MESSAGE][PASSED] - Object: 'Object Repository/RecAndPlayBk/Page-Vlink-AuthOnly/input_user_defined10_user_defined10' is clicked on

2023-02-15 22:42:35 - [TEST_STEP][PASSED] - setText(findTestObject("Object Repository/RecAndPlayBk/Page-Vlink-AuthOnly/input_Card on File Indicator_card_on_file_i_157dae"), ""): Text '' is set on object 'Object Repository/RecAndPlayBk/Page-Vlink-AuthOnly/input_Card on File Indicator_card_on_file_i_157dae'

2023-02-15 22:42:35 - [MESSAGE][PASSED] - Text '' is set on object 'Object Repository/RecAndPlayBk/Page-Vlink-AuthOnly/input_Card on File Indicator_card_on_file_i_157dae'

2023-02-15 22:42:35 - [TEST_STEP][PASSED] - setText(findTestObject("Object Repository/RecAndPlayBk/Page-Vlink-AuthOnly/input_Stored Credential Indicator_stored_cr_4ae73c"), ""): Text '' is set on object 'Object Repository/RecAndPlayBk/Page-Vlink-AuthOnly/input_Stored Credential Indicator_stored_cr_4ae73c'

2023-02-15 22:42:36 - [MESSAGE][PASSED] - Text '' is set on object 'Object Repository/RecAndPlayBk/Page-Vlink-AuthOnly/input_Stored Credential Indicator_stored_cr_4ae73c'

2023-02-15 22:42:36 - [TEST_STEP][PASSED] - setText(findTestObject("Object Repository/RecAndPlayBk/Page-Vlink-AuthOnly/input_COF Scheduled indicator_cof_scheduled_8df7d8"), ""): Text '' is set on object 'Object Repository/RecAndPlayBk/Page-Vlink-AuthOnly/input_COF Scheduled indicator_cof_scheduled_8df7d8'

2023-02-15 22:42:37 - [MESSAGE][PASSED] - Text '' is set on object 'Object Repository/RecAndPlayBk/Page-Vlink-AuthOnly/input_COF Scheduled indicator_cof_scheduled_8df7d8'

2023-02-15 22:42:37 - [TEST_STEP][PASSED] - setText(findTestObject("Object Repository/RecAndPlayBk/Page-Vlink-AuthOnly/input_COF Transaction Initiated by_cof_tran_6cded5"), ""): Text '' is set on object 'Object Repository/RecAndPlayBk/Page-Vlink-AuthOnly/input_COF Transaction Initiated by_cof_tran_6cded5'

2023-02-15 22:42:37 - [MESSAGE][PASSED] - Text '' is set on object 'Object Repository/RecAndPlayBk/Page-Vlink-AuthOnly/input_COF Transaction Initiated by_cof_tran_6cded5'

2023-02-15 22:42:37 - [TEST_STEP][PASSED] - click(findTestObject("Object Repository/RecAndPlayBk/Page-Vlink-AuthOnly/input")): Object: 'Object Repository/RecAndPlayBk/Page-Vlink-AuthOnly/input' is clicked on

2023-02-15 22:42:38 - [MESSAGE][PASSED] - Object: 'Object Repository/RecAndPlayBk/Page-Vlink-AuthOnly/input' is clicked on

2023-02-15 22:42:38 - [TEST_STEP][PASSED] - if (verifyTextPresent(errorMsg, true)): null

2023-02-15 22:42:38 - [MESSAGE][PASSED] - Text 'response_format' is present on page  using regular expression

2023-02-15 22:42:38 - [TEST_STEP][PASSED] - println("Error Message is present on the Confirmation page"): null

2023-02-15 22:42:38 - [TEST_STEP][PASSED] - out.println("Pass Record Number: " + row): null

2023-02-15 22:42:38 - [TEST_STEP][PASSED] - resText = "Pass": null

2023-02-15 22:42:38 - [TEST_STEP][PASSED] - pages.WriteExcel.demoKey(resText, datText, resColumn, datCloumn, fileLoc, nameSheet, row): pages.WriteExcel.demoKey is PASSED

2023-02-15 22:42:38 - [MESSAGE][PASSED] - pages.WriteExcel.demoKey is PASSED

2023-02-15 22:42:38 - [TEST_STEP][PASSED] - ExecuteTC = findTestData(dataFile).getValue("Execute", row): null

2023-02-15 22:42:38 - [TEST_STEP][PASSED] - out.println("Value of Execute is : " + ExecuteTC): null

2023-02-15 22:42:38 - [TEST_STEP][PASSED] - if (ExecuteTC.equalsIgnoreCase("Y")): null

2023-02-15 22:42:38 - [TEST_STEP][PASSED] - out.println("Begin Record Number: " + row): null

2023-02-15 22:42:38 - [TEST_STEP][PASSED] - today = new java.util.Date(): null

2023-02-15 22:42:38 - [TEST_STEP][PASSED] - println(today): null

2023-02-15 22:42:38 - [TEST_STEP][PASSED] - datText = today: null

2023-02-15 22:42:38 - [TEST_STEP][PASSED] - errorMsg = findTestData(dataFile).getValue("ErrorMsg", row): null

2023-02-15 22:42:39 - [TEST_STEP][PASSED] - appID = findTestData(dataFile).getValue("AppID", row): null

2023-02-15 22:42:39 - [TEST_STEP][PASSED] - username = findTestData(dataFile).getValue("Username", row): null

2023-02-15 22:42:39 - [TEST_STEP][PASSED] - password = findTestData(dataFile).getValue("Password", row): null

2023-02-15 22:42:39 - [TEST_STEP][PASSED] - tranType = findTestData(dataFile).getValue("TranType", row): null

2023-02-15 22:42:39 - [TEST_STEP][PASSED] - mv = findTestData(dataFile).getValue("MV", row): null

2023-02-15 22:42:39 - [TEST_STEP][PASSED] - resFormat = findTestData(dataFile).getValue("ResFormat", row): null

2023-02-15 22:42:39 - [TEST_STEP][PASSED] - category = findTestData(dataFile).getValue("Category", row): null

2023-02-15 22:42:39 - [TEST_STEP][PASSED] - amount = findTestData(dataFile).getValue("Amount", row): null

2023-02-15 22:42:39 - [TEST_STEP][PASSED] - cardName = findTestData(dataFile).getValue("CardName", row): null

2023-02-15 22:42:39 - [TEST_STEP][PASSED] - al1 = findTestData(dataFile).getValue("AL1", row): null

2023-02-15 22:42:39 - [TEST_STEP][PASSED] - city = findTestData(dataFile).getValue("City", row): null

2023-02-15 22:42:39 - [TEST_STEP][PASSED] - state = findTestData(dataFile).getValue("State", row): null

2023-02-15 22:42:40 - [TEST_STEP][PASSED] - zip = findTestData(dataFile).getValue("ZIP", row): null

2023-02-15 22:42:40 - [TEST_STEP][PASSED] - cardNumber = findTestData(dataFile).getValue("CardNumber", row): null

2023-02-15 22:42:40 - [TEST_STEP][PASSED] - exM = findTestData(dataFile).getValue("ExM", row): null

2023-02-15 22:42:40 - [TEST_STEP][PASSED] - exY = findTestData(dataFile).getValue("ExY", row): null

2023-02-15 22:42:40 - [TEST_STEP][PASSED] - openBrowser(VLinkURL + "auth.html"): Browser is opened with url: 'https://dev-algorithm.govolution.com/vlinktest/QA/version_2_0/auth.html'

2023-02-15 22:42:40 - [MESSAGE][WARNING] - A browser is already opened. Closing browser and opening a new one

2023-02-15 22:42:41 - [MESSAGE][INFO] - Starting 'Chrome' driver

2023-02-15 22:42:41 - [MESSAGE][INFO] - User set preference: ['acceptInsecureCerts', 'true']

2023-02-15 22:42:41 - [MESSAGE][INFO] - Action delay is set to 0 milliseconds

2023-02-15 22:42:43 - [MESSAGE][PASSED] - Browser is opened with url: 'https://dev-algorithm.govolution.com/vlinktest/QA/version_2_0/auth.html'

2023-02-15 22:42:43 - [TEST_STEP][PASSED] - maximizeWindow(): Current window maximized

2023-02-15 22:42:43 - [MESSAGE][PASSED] - Current window maximized

2023-02-15 22:42:43 - [TEST_STEP][PASSED] - maximizeWindow(): Current window maximized

2023-02-15 22:42:43 - [MESSAGE][PASSED] - Current window maximized

2023-02-15 22:42:43 - [TEST_STEP][PASSED] - setText(findTestObject("Object Repository/RecAndPlayBk/Page-Vlink-AuthOnly/txt_TransactionType"), tranType): Text '104' is set on object 'Object Repository/RecAndPlayBk/Page-Vlink-AuthOnly/txt_TransactionType'

2023-02-15 22:42:44 - [MESSAGE][PASSED] - Text '104' is set on object 'Object Repository/RecAndPlayBk/Page-Vlink-AuthOnly/txt_TransactionType'

2023-02-15 22:42:44 - [TEST_STEP][PASSED] - setText(findTestObject("Object Repository/RecAndPlayBk/Page-Vlink-AuthOnly/txt_MessageVersion"), mv): Text '2.0C' is set on object 'Object Repository/RecAndPlayBk/Page-Vlink-AuthOnly/txt_MessageVersion'

2023-02-15 22:42:44 - [MESSAGE][PASSED] - Text '2.0C' is set on object 'Object Repository/RecAndPlayBk/Page-Vlink-AuthOnly/txt_MessageVersion'

2023-02-15 22:42:44 - [TEST_STEP][PASSED] - genRemID = RandomStringUtils.random(12, true, true): null

2023-02-15 22:42:44 - [TEST_STEP][PASSED] - setText(findTestObject("Object Repository/RecAndPlayBk/Page-Vlink-AuthOnly/input_Remittance Id_remittance_id"), genRemID): Text 'qqO9RltFN4Xk' is set on object 'Object Repository/RecAndPlayBk/Page-Vlink-AuthOnly/input_Remittance Id_remittance_id'

2023-02-15 22:42:45 - [MESSAGE][PASSED] - Text 'qqO9RltFN4Xk' is set on object 'Object Repository/RecAndPlayBk/Page-Vlink-AuthOnly/input_Remittance Id_remittance_id'

2023-02-15 22:42:45 - [TEST_STEP][PASSED] - setText(findTestObject("Object Repository/RecAndPlayBk/Page-Vlink-AuthOnly/input_Application Id_application_id"), appID): Text '234' is set on object 'Object Repository/RecAndPlayBk/Page-Vlink-AuthOnly/input_Application Id_application_id'

2023-02-15 22:42:46 - [MESSAGE][PASSED] - Text '234' is set on object 'Object Repository/RecAndPlayBk/Page-Vlink-AuthOnly/input_Application Id_application_id'

2023-02-15 22:42:46 - [TEST_STEP][PASSED] - setText(findTestObject("Object Repository/RecAndPlayBk/Page-Vlink-AuthOnly/input_Username_username"), username): Text 'username' is set on object 'Object Repository/RecAndPlayBk/Page-Vlink-AuthOnly/input_Username_username'

2023-02-15 22:42:46 - [MESSAGE][PASSED] - Text 'username' is set on object 'Object Repository/RecAndPlayBk/Page-Vlink-AuthOnly/input_Username_username'

2023-02-15 22:42:46 - [TEST_STEP][PASSED] - setText(findTestObject("Object Repository/RecAndPlayBk/Page-Vlink-AuthOnly/input_Password_password"), password): Text 'password' is set on object 'Object Repository/RecAndPlayBk/Page-Vlink-AuthOnly/input_Password_password'

2023-02-15 22:42:47 - [MESSAGE][PASSED] - Text 'password' is set on object 'Object Repository/RecAndPlayBk/Page-Vlink-AuthOnly/input_Password_password'

2023-02-15 22:42:47 - [TEST_STEP][PASSED] - setText(findTestObject("Object Repository/RecAndPlayBk/Page-Vlink-AuthOnly/txt_ResponseFormat"), resFormat): Text '' is set on object 'Object Repository/RecAndPlayBk/Page-Vlink-AuthOnly/txt_ResponseFormat'

2023-02-15 22:42:47 - [MESSAGE][PASSED] - Text '' is set on object 'Object Repository/RecAndPlayBk/Page-Vlink-AuthOnly/txt_ResponseFormat'

2023-02-15 22:42:47 - [TEST_STEP][PASSED] - setText(findTestObject("Object Repository/RecAndPlayBk/Page-Vlink-AuthOnly/input_Category_category"), category): Text 'RETL' is set on object 'Object Repository/RecAndPlayBk/Page-Vlink-AuthOnly/input_Category_category'

2023-02-15 22:42:48 - [MESSAGE][PASSED] - Text 'RETL' is set on object 'Object Repository/RecAndPlayBk/Page-Vlink-AuthOnly/input_Category_category'

2023-02-15 22:42:48 - [TEST_STEP][PASSED] - setText(findTestObject("Object Repository/RecAndPlayBk/Page-Vlink-AuthOnly/txt_CardName"), cardName): Text 'Kris Roshan' is set on object 'Object Repository/RecAndPlayBk/Page-Vlink-AuthOnly/txt_CardName'

2023-02-15 22:42:49 - [MESSAGE][PASSED] - Text 'Kris Roshan' is set on object 'Object Repository/RecAndPlayBk/Page-Vlink-AuthOnly/txt_CardName'

2023-02-15 22:42:49 - [TEST_STEP][PASSED] - setText(findTestObject("Object Repository/RecAndPlayBk/Page-Vlink-AuthOnly/txt_AL1"), al1): Text '258 Elm Road' is set on object 'Object Repository/RecAndPlayBk/Page-Vlink-AuthOnly/txt_AL1'

2023-02-15 22:42:49 - [MESSAGE][PASSED] - Text '258 Elm Road' is set on object 'Object Repository/RecAndPlayBk/Page-Vlink-AuthOnly/txt_AL1'

2023-02-15 22:42:49 - [TEST_STEP][PASSED] - setText(findTestObject("Object Repository/RecAndPlayBk/Page-Vlink-AuthOnly/txt_CardCity"), city): Text 'Arlington' is set on object 'Object Repository/RecAndPlayBk/Page-Vlink-AuthOnly/txt_CardCity'

2023-02-15 22:42:50 - [MESSAGE][PASSED] - Text 'Arlington' is set on object 'Object Repository/RecAndPlayBk/Page-Vlink-AuthOnly/txt_CardCity'

2023-02-15 22:42:50 - [TEST_STEP][PASSED] - setText(findTestObject("Object Repository/RecAndPlayBk/Page-Vlink-AuthOnly/txt_CardState"), state): Text 'VA' is set on object 'Object Repository/RecAndPlayBk/Page-Vlink-AuthOnly/txt_CardState'

2023-02-15 22:42:50 - [MESSAGE][PASSED] - Text 'VA' is set on object 'Object Repository/RecAndPlayBk/Page-Vlink-AuthOnly/txt_CardState'

2023-02-15 22:42:50 - [TEST_STEP][PASSED] - setText(findTestObject("Object Repository/RecAndPlayBk/Page-Vlink-AuthOnly/txt_CardZIP"), zip): Text '22201' is set on object 'Object Repository/RecAndPlayBk/Page-Vlink-AuthOnly/txt_CardZIP'

2023-02-15 22:42:51 - [MESSAGE][PASSED] - Text '22201' is set on object 'Object Repository/RecAndPlayBk/Page-Vlink-AuthOnly/txt_CardZIP'

2023-02-15 22:42:51 - [TEST_STEP][PASSED] - setText(findTestObject("Object Repository/RecAndPlayBk/Page-Vlink-AuthOnly/input_Amount_amount"), amount): Text '1.50' is set on object 'Object Repository/RecAndPlayBk/Page-Vlink-AuthOnly/input_Amount_amount'

2023-02-15 22:42:52 - [MESSAGE][PASSED] - Text '1.50' is set on object 'Object Repository/RecAndPlayBk/Page-Vlink-AuthOnly/input_Amount_amount'

2023-02-15 22:42:52 - [TEST_STEP][PASSED] - setText(findTestObject("Object Repository/RecAndPlayBk/Page-Vlink-AuthOnly/input_Card number_card_number"), cardNumber): Text '4111111111111111' is set on object 'Object Repository/RecAndPlayBk/Page-Vlink-AuthOnly/input_Card number_card_number'

2023-02-15 22:42:52 - [MESSAGE][PASSED] - Text '4111111111111111' is set on object 'Object Repository/RecAndPlayBk/Page-Vlink-AuthOnly/input_Card number_card_number'

2023-02-15 22:42:52 - [TEST_STEP][PASSED] - setText(findTestObject("Object Repository/RecAndPlayBk/Page-Vlink-AuthOnly/input_Card ex month_card_exmo"), exM): Text '12' is set on object 'Object Repository/RecAndPlayBk/Page-Vlink-AuthOnly/input_Card ex month_card_exmo'

2023-02-15 22:42:53 - [MESSAGE][PASSED] - Text '12' is set on object 'Object Repository/RecAndPlayBk/Page-Vlink-AuthOnly/input_Card ex month_card_exmo'

2023-02-15 22:42:53 - [TEST_STEP][PASSED] - setText(findTestObject("Object Repository/RecAndPlayBk/Page-Vlink-AuthOnly/input_Card ex year_card_exyr"), exY): Text '2025' is set on object 'Object Repository/RecAndPlayBk/Page-Vlink-AuthOnly/input_Card ex year_card_exyr'

2023-02-15 22:42:54 - [MESSAGE][PASSED] - Text '2025' is set on object 'Object Repository/RecAndPlayBk/Page-Vlink-AuthOnly/input_Card ex year_card_exyr'

2023-02-15 22:42:54 - [TEST_STEP][PASSED] - setText(findTestObject("Object Repository/RecAndPlayBk/Page-Vlink-AuthOnly/input_Track Data_track_data"), ""): Text '' is set on object 'Object Repository/RecAndPlayBk/Page-Vlink-AuthOnly/input_Track Data_track_data'

2023-02-15 22:42:55 - [MESSAGE][PASSED] - Text '' is set on object 'Object Repository/RecAndPlayBk/Page-Vlink-AuthOnly/input_Track Data_track_data'

2023-02-15 22:42:55 - [TEST_STEP][PASSED] - setText(findTestObject("Object Repository/RecAndPlayBk/Page-Vlink-AuthOnly/input_concat(Cardholder, , s email)_email"), ""): Text '' is set on object 'Object Repository/RecAndPlayBk/Page-Vlink-AuthOnly/input_concat(Cardholder, , s email)_email'

2023-02-15 22:42:55 - [MESSAGE][PASSED] - Text '' is set on object 'Object Repository/RecAndPlayBk/Page-Vlink-AuthOnly/input_concat(Cardholder, , s email)_email'

2023-02-15 22:42:55 - [TEST_STEP][PASSED] - click(findTestObject("Object Repository/RecAndPlayBk/Page-Vlink-AuthOnly/input_user_defined10_user_defined10")): Object: 'Object Repository/RecAndPlayBk/Page-Vlink-AuthOnly/input_user_defined10_user_defined10' is clicked on

2023-02-15 22:42:56 - [MESSAGE][PASSED] - Object: 'Object Repository/RecAndPlayBk/Page-Vlink-AuthOnly/input_user_defined10_user_defined10' is clicked on

2023-02-15 22:42:56 - [TEST_STEP][PASSED] - setText(findTestObject("Object Repository/RecAndPlayBk/Page-Vlink-AuthOnly/input_Card on File Indicator_card_on_file_i_157dae"), ""): Text '' is set on object 'Object Repository/RecAndPlayBk/Page-Vlink-AuthOnly/input_Card on File Indicator_card_on_file_i_157dae'

2023-02-15 22:42:56 - [MESSAGE][PASSED] - Text '' is set on object 'Object Repository/RecAndPlayBk/Page-Vlink-AuthOnly/input_Card on File Indicator_card_on_file_i_157dae'

2023-02-15 22:42:56 - [TEST_STEP][PASSED] - setText(findTestObject("Object Repository/RecAndPlayBk/Page-Vlink-AuthOnly/input_Stored Credential Indicator_stored_cr_4ae73c"), ""): Text '' is set on object 'Object Repository/RecAndPlayBk/Page-Vlink-AuthOnly/input_Stored Credential Indicator_stored_cr_4ae73c'

2023-02-15 22:42:57 - [MESSAGE][PASSED] - Text '' is set on object 'Object Repository/RecAndPlayBk/Page-Vlink-AuthOnly/input_Stored Credential Indicator_stored_cr_4ae73c'

2023-02-15 22:42:57 - [TEST_STEP][PASSED] - setText(findTestObject("Object Repository/RecAndPlayBk/Page-Vlink-AuthOnly/input_COF Scheduled indicator_cof_scheduled_8df7d8"), ""): Text '' is set on object 'Object Repository/RecAndPlayBk/Page-Vlink-AuthOnly/input_COF Scheduled indicator_cof_scheduled_8df7d8'

2023-02-15 22:42:58 - [MESSAGE][PASSED] - Text '' is set on object 'Object Repository/RecAndPlayBk/Page-Vlink-AuthOnly/input_COF Scheduled indicator_cof_scheduled_8df7d8'

2023-02-15 22:42:58 - [TEST_STEP][PASSED] - setText(findTestObject("Object Repository/RecAndPlayBk/Page-Vlink-AuthOnly/input_COF Transaction Initiated by_cof_tran_6cded5"), ""): Text '' is set on object 'Object Repository/RecAndPlayBk/Page-Vlink-AuthOnly/input_COF Transaction Initiated by_cof_tran_6cded5'

2023-02-15 22:42:58 - [MESSAGE][PASSED] - Text '' is set on object 'Object Repository/RecAndPlayBk/Page-Vlink-AuthOnly/input_COF Transaction Initiated by_cof_tran_6cded5'

2023-02-15 22:42:58 - [TEST_STEP][PASSED] - click(findTestObject("Object Repository/RecAndPlayBk/Page-Vlink-AuthOnly/input")): Object: 'Object Repository/RecAndPlayBk/Page-Vlink-AuthOnly/input' is clicked on

2023-02-15 22:42:59 - [MESSAGE][PASSED] - Object: 'Object Repository/RecAndPlayBk/Page-Vlink-AuthOnly/input' is clicked on

2023-02-15 22:42:59 - [TEST_STEP][PASSED] - if (verifyTextPresent(errorMsg, true)): null

2023-02-15 22:42:59 - [MESSAGE][PASSED] - Text 'response_format' is present on page  using regular expression

2023-02-15 22:42:59 - [TEST_STEP][PASSED] - println("Error Message is present on the Confirmation page"): null

2023-02-15 22:42:59 - [TEST_STEP][PASSED] - out.println("Pass Record Number: " + row): null

2023-02-15 22:42:59 - [TEST_STEP][PASSED] - resText = "Pass": null

2023-02-15 22:42:59 - [TEST_STEP][PASSED] - pages.WriteExcel.demoKey(resText, datText, resColumn, datCloumn, fileLoc, nameSheet, row): pages.WriteExcel.demoKey is PASSED

2023-02-15 22:43:00 - [MESSAGE][PASSED] - pages.WriteExcel.demoKey is PASSED

2023-02-15 22:43:00 - [TEST_STEP][PASSED] - ExecuteTC = findTestData(dataFile).getValue("Execute", row): null

2023-02-15 22:43:00 - [TEST_STEP][PASSED] - out.println("Value of Execute is : " + ExecuteTC): null

2023-02-15 22:43:00 - [TEST_STEP][PASSED] - if (ExecuteTC.equalsIgnoreCase("Y")): null

2023-02-15 22:43:00 - [TEST_STEP][PASSED] - out.println("Begin Record Number: " + row): null

2023-02-15 22:43:00 - [TEST_STEP][PASSED] - today = new java.util.Date(): null

2023-02-15 22:43:00 - [TEST_STEP][PASSED] - println(today): null

2023-02-15 22:43:00 - [TEST_STEP][PASSED] - datText = today: null

2023-02-15 22:43:00 - [TEST_STEP][PASSED] - errorMsg = findTestData(dataFile).getValue("ErrorMsg", row): null

2023-02-15 22:43:00 - [TEST_STEP][PASSED] - appID = findTestData(dataFile).getValue("AppID", row): null

2023-02-15 22:43:00 - [TEST_STEP][PASSED] - username = findTestData(dataFile).getValue("Username", row): null

2023-02-15 22:43:00 - [TEST_STEP][PASSED] - password = findTestData(dataFile).getValue("Password", row): null

2023-02-15 22:43:00 - [TEST_STEP][PASSED] - tranType = findTestData(dataFile).getValue("TranType", row): null

2023-02-15 22:43:00 - [TEST_STEP][PASSED] - mv = findTestData(dataFile).getValue("MV", row): null

2023-02-15 22:43:00 - [TEST_STEP][PASSED] - resFormat = findTestData(dataFile).getValue("ResFormat", row): null

2023-02-15 22:43:00 - [TEST_STEP][PASSED] - category = findTestData(dataFile).getValue("Category", row): null

2023-02-15 22:43:00 - [TEST_STEP][PASSED] - amount = findTestData(dataFile).getValue("Amount", row): null

2023-02-15 22:43:00 - [TEST_STEP][PASSED] - cardName = findTestData(dataFile).getValue("CardName", row): null

2023-02-15 22:43:00 - [TEST_STEP][PASSED] - al1 = findTestData(dataFile).getValue("AL1", row): null

2023-02-15 22:43:01 - [TEST_STEP][PASSED] - city = findTestData(dataFile).getValue("City", row): null

2023-02-15 22:43:01 - [TEST_STEP][PASSED] - state = findTestData(dataFile).getValue("State", row): null

2023-02-15 22:43:01 - [TEST_STEP][PASSED] - zip = findTestData(dataFile).getValue("ZIP", row): null

2023-02-15 22:43:01 - [TEST_STEP][PASSED] - cardNumber = findTestData(dataFile).getValue("CardNumber", row): null

2023-02-15 22:43:01 - [TEST_STEP][PASSED] - exM = findTestData(dataFile).getValue("ExM", row): null

2023-02-15 22:43:01 - [TEST_STEP][PASSED] - exY = findTestData(dataFile).getValue("ExY", row): null

2023-02-15 22:43:01 - [TEST_STEP][PASSED] - openBrowser(VLinkURL + "auth.html"): Browser is opened with url: 'https://dev-algorithm.govolution.com/vlinktest/QA/version_2_0/auth.html'

2023-02-15 22:43:01 - [MESSAGE][WARNING] - A browser is already opened. Closing browser and opening a new one

2023-02-15 22:43:02 - [MESSAGE][INFO] - Starting 'Chrome' driver

2023-02-15 22:43:02 - [MESSAGE][INFO] - User set preference: ['acceptInsecureCerts', 'true']

2023-02-15 22:43:02 - [MESSAGE][INFO] - Action delay is set to 0 milliseconds

2023-02-15 22:43:04 - [MESSAGE][PASSED] - Browser is opened with url: 'https://dev-algorithm.govolution.com/vlinktest/QA/version_2_0/auth.html'

2023-02-15 22:43:04 - [TEST_STEP][PASSED] - maximizeWindow(): Current window maximized

2023-02-15 22:43:04 - [MESSAGE][PASSED] - Current window maximized

2023-02-15 22:43:04 - [TEST_STEP][PASSED] - maximizeWindow(): Current window maximized

2023-02-15 22:43:04 - [MESSAGE][PASSED] - Current window maximized

2023-02-15 22:43:04 - [TEST_STEP][PASSED] - setText(findTestObject("Object Repository/RecAndPlayBk/Page-Vlink-AuthOnly/txt_TransactionType"), tranType): Text '104' is set on object 'Object Repository/RecAndPlayBk/Page-Vlink-AuthOnly/txt_TransactionType'

2023-02-15 22:43:05 - [MESSAGE][PASSED] - Text '104' is set on object 'Object Repository/RecAndPlayBk/Page-Vlink-AuthOnly/txt_TransactionType'

2023-02-15 22:43:05 - [TEST_STEP][PASSED] - setText(findTestObject("Object Repository/RecAndPlayBk/Page-Vlink-AuthOnly/txt_MessageVersion"), mv): Text '2.0C' is set on object 'Object Repository/RecAndPlayBk/Page-Vlink-AuthOnly/txt_MessageVersion'

2023-02-15 22:43:06 - [MESSAGE][PASSED] - Text '2.0C' is set on object 'Object Repository/RecAndPlayBk/Page-Vlink-AuthOnly/txt_MessageVersion'

2023-02-15 22:43:06 - [TEST_STEP][PASSED] - genRemID = RandomStringUtils.random(12, true, true): null

2023-02-15 22:43:06 - [TEST_STEP][PASSED] - setText(findTestObject("Object Repository/RecAndPlayBk/Page-Vlink-AuthOnly/input_Remittance Id_remittance_id"), genRemID): Text 'bzrknlqLInpk' is set on object 'Object Repository/RecAndPlayBk/Page-Vlink-AuthOnly/input_Remittance Id_remittance_id'

2023-02-15 22:43:06 - [MESSAGE][PASSED] - Text 'bzrknlqLInpk' is set on object 'Object Repository/RecAndPlayBk/Page-Vlink-AuthOnly/input_Remittance Id_remittance_id'

2023-02-15 22:43:06 - [TEST_STEP][PASSED] - setText(findTestObject("Object Repository/RecAndPlayBk/Page-Vlink-AuthOnly/input_Application Id_application_id"), appID): Text '234' is set on object 'Object Repository/RecAndPlayBk/Page-Vlink-AuthOnly/input_Application Id_application_id'

2023-02-15 22:43:07 - [MESSAGE][PASSED] - Text '234' is set on object 'Object Repository/RecAndPlayBk/Page-Vlink-AuthOnly/input_Application Id_application_id'

2023-02-15 22:43:07 - [TEST_STEP][PASSED] - setText(findTestObject("Object Repository/RecAndPlayBk/Page-Vlink-AuthOnly/input_Username_username"), username): Text 'username' is set on object 'Object Repository/RecAndPlayBk/Page-Vlink-AuthOnly/input_Username_username'

2023-02-15 22:43:07 - [MESSAGE][PASSED] - Text 'username' is set on object 'Object Repository/RecAndPlayBk/Page-Vlink-AuthOnly/input_Username_username'

2023-02-15 22:43:07 - [TEST_STEP][PASSED] - setText(findTestObject("Object Repository/RecAndPlayBk/Page-Vlink-AuthOnly/input_Password_password"), password): Text 'password' is set on object 'Object Repository/RecAndPlayBk/Page-Vlink-AuthOnly/input_Password_password'

2023-02-15 22:43:08 - [MESSAGE][PASSED] - Text 'password' is set on object 'Object Repository/RecAndPlayBk/Page-Vlink-AuthOnly/input_Password_password'

2023-02-15 22:43:08 - [TEST_STEP][PASSED] - setText(findTestObject("Object Repository/RecAndPlayBk/Page-Vlink-AuthOnly/txt_ResponseFormat"), resFormat): Text 'fixed_width' is set on object 'Object Repository/RecAndPlayBk/Page-Vlink-AuthOnly/txt_ResponseFormat'

2023-02-15 22:43:09 - [MESSAGE][PASSED] - Text 'fixed_width' is set on object 'Object Repository/RecAndPlayBk/Page-Vlink-AuthOnly/txt_ResponseFormat'

2023-02-15 22:43:09 - [TEST_STEP][PASSED] - setText(findTestObject("Object Repository/RecAndPlayBk/Page-Vlink-AuthOnly/input_Category_category"), category): Text '' is set on object 'Object Repository/RecAndPlayBk/Page-Vlink-AuthOnly/input_Category_category'

2023-02-15 22:43:09 - [MESSAGE][PASSED] - Text '' is set on object 'Object Repository/RecAndPlayBk/Page-Vlink-AuthOnly/input_Category_category'

2023-02-15 22:43:09 - [TEST_STEP][PASSED] - setText(findTestObject("Object Repository/RecAndPlayBk/Page-Vlink-AuthOnly/txt_CardName"), cardName): Text 'Kris Roshan' is set on object 'Object Repository/RecAndPlayBk/Page-Vlink-AuthOnly/txt_CardName'

2023-02-15 22:43:10 - [MESSAGE][PASSED] - Text 'Kris Roshan' is set on object 'Object Repository/RecAndPlayBk/Page-Vlink-AuthOnly/txt_CardName'

2023-02-15 22:43:10 - [TEST_STEP][PASSED] - setText(findTestObject("Object Repository/RecAndPlayBk/Page-Vlink-AuthOnly/txt_AL1"), al1): Text '258 Elm Road' is set on object 'Object Repository/RecAndPlayBk/Page-Vlink-AuthOnly/txt_AL1'

2023-02-15 22:43:11 - [MESSAGE][PASSED] - Text '258 Elm Road' is set on object 'Object Repository/RecAndPlayBk/Page-Vlink-AuthOnly/txt_AL1'

2023-02-15 22:43:11 - [TEST_STEP][PASSED] - setText(findTestObject("Object Repository/RecAndPlayBk/Page-Vlink-AuthOnly/txt_CardCity"), city): Text 'Arlington' is set on object 'Object Repository/RecAndPlayBk/Page-Vlink-AuthOnly/txt_CardCity'

2023-02-15 22:43:11 - [MESSAGE][PASSED] - Text 'Arlington' is set on object 'Object Repository/RecAndPlayBk/Page-Vlink-AuthOnly/txt_CardCity'

2023-02-15 22:43:11 - [TEST_STEP][PASSED] - setText(findTestObject("Object Repository/RecAndPlayBk/Page-Vlink-AuthOnly/txt_CardState"), state): Text 'VA' is set on object 'Object Repository/RecAndPlayBk/Page-Vlink-AuthOnly/txt_CardState'

2023-02-15 22:43:12 - [MESSAGE][PASSED] - Text 'VA' is set on object 'Object Repository/RecAndPlayBk/Page-Vlink-AuthOnly/txt_CardState'

2023-02-15 22:43:12 - [TEST_STEP][PASSED] - setText(findTestObject("Object Repository/RecAndPlayBk/Page-Vlink-AuthOnly/txt_CardZIP"), zip): Text '22201' is set on object 'Object Repository/RecAndPlayBk/Page-Vlink-AuthOnly/txt_CardZIP'

2023-02-15 22:43:12 - [MESSAGE][PASSED] - Text '22201' is set on object 'Object Repository/RecAndPlayBk/Page-Vlink-AuthOnly/txt_CardZIP'

2023-02-15 22:43:12 - [TEST_STEP][PASSED] - setText(findTestObject("Object Repository/RecAndPlayBk/Page-Vlink-AuthOnly/input_Amount_amount"), amount): Text '1.50' is set on object 'Object Repository/RecAndPlayBk/Page-Vlink-AuthOnly/input_Amount_amount'

2023-02-15 22:43:13 - [MESSAGE][PASSED] - Text '1.50' is set on object 'Object Repository/RecAndPlayBk/Page-Vlink-AuthOnly/input_Amount_amount'

2023-02-15 22:43:13 - [TEST_STEP][PASSED] - setText(findTestObject("Object Repository/RecAndPlayBk/Page-Vlink-AuthOnly/input_Card number_card_number"), cardNumber): Text '4111111111111111' is set on object 'Object Repository/RecAndPlayBk/Page-Vlink-AuthOnly/input_Card number_card_number'

2023-02-15 22:43:14 - [MESSAGE][PASSED] - Text '4111111111111111' is set on object 'Object Repository/RecAndPlayBk/Page-Vlink-AuthOnly/input_Card number_card_number'

2023-02-15 22:43:14 - [TEST_STEP][PASSED] - setText(findTestObject("Object Repository/RecAndPlayBk/Page-Vlink-AuthOnly/input_Card ex month_card_exmo"), exM): Text '12' is set on object 'Object Repository/RecAndPlayBk/Page-Vlink-AuthOnly/input_Card ex month_card_exmo'

2023-02-15 22:43:15 - [MESSAGE][PASSED] - Text '12' is set on object 'Object Repository/RecAndPlayBk/Page-Vlink-AuthOnly/input_Card ex month_card_exmo'

2023-02-15 22:43:15 - [TEST_STEP][PASSED] - setText(findTestObject("Object Repository/RecAndPlayBk/Page-Vlink-AuthOnly/input_Card ex year_card_exyr"), exY): Text '2025' is set on object 'Object Repository/RecAndPlayBk/Page-Vlink-AuthOnly/input_Card ex year_card_exyr'

2023-02-15 22:43:15 - [MESSAGE][PASSED] - Text '2025' is set on object 'Object Repository/RecAndPlayBk/Page-Vlink-AuthOnly/input_Card ex year_card_exyr'

2023-02-15 22:43:15 - [TEST_STEP][PASSED] - setText(findTestObject("Object Repository/RecAndPlayBk/Page-Vlink-AuthOnly/input_Track Data_track_data"), ""): Text '' is set on object 'Object Repository/RecAndPlayBk/Page-Vlink-AuthOnly/input_Track Data_track_data'

2023-02-15 22:43:16 - [MESSAGE][PASSED] - Text '' is set on object 'Object Repository/RecAndPlayBk/Page-Vlink-AuthOnly/input_Track Data_track_data'

2023-02-15 22:43:16 - [TEST_STEP][PASSED] - setText(findTestObject("Object Repository/RecAndPlayBk/Page-Vlink-AuthOnly/input_concat(Cardholder, , s email)_email"), ""): Text '' is set on object 'Object Repository/RecAndPlayBk/Page-Vlink-AuthOnly/input_concat(Cardholder, , s email)_email'

2023-02-15 22:43:16 - [MESSAGE][PASSED] - Text '' is set on object 'Object Repository/RecAndPlayBk/Page-Vlink-AuthOnly/input_concat(Cardholder, , s email)_email'

2023-02-15 22:43:16 - [TEST_STEP][PASSED] - click(findTestObject("Object Repository/RecAndPlayBk/Page-Vlink-AuthOnly/input_user_defined10_user_defined10")): Object: 'Object Repository/RecAndPlayBk/Page-Vlink-AuthOnly/input_user_defined10_user_defined10' is clicked on

2023-02-15 22:43:17 - [MESSAGE][PASSED] - Object: 'Object Repository/RecAndPlayBk/Page-Vlink-AuthOnly/input_user_defined10_user_defined10' is clicked on

2023-02-15 22:43:17 - [TEST_STEP][PASSED] - setText(findTestObject("Object Repository/RecAndPlayBk/Page-Vlink-AuthOnly/input_Card on File Indicator_card_on_file_i_157dae"), ""): Text '' is set on object 'Object Repository/RecAndPlayBk/Page-Vlink-AuthOnly/input_Card on File Indicator_card_on_file_i_157dae'

2023-02-15 22:43:18 - [MESSAGE][PASSED] - Text '' is set on object 'Object Repository/RecAndPlayBk/Page-Vlink-AuthOnly/input_Card on File Indicator_card_on_file_i_157dae'

2023-02-15 22:43:18 - [TEST_STEP][PASSED] - setText(findTestObject("Object Repository/RecAndPlayBk/Page-Vlink-AuthOnly/input_Stored Credential Indicator_stored_cr_4ae73c"), ""): Text '' is set on object 'Object Repository/RecAndPlayBk/Page-Vlink-AuthOnly/input_Stored Credential Indicator_stored_cr_4ae73c'

2023-02-15 22:43:18 - [MESSAGE][PASSED] - Text '' is set on object 'Object Repository/RecAndPlayBk/Page-Vlink-AuthOnly/input_Stored Credential Indicator_stored_cr_4ae73c'

2023-02-15 22:43:18 - [TEST_STEP][PASSED] - setText(findTestObject("Object Repository/RecAndPlayBk/Page-Vlink-AuthOnly/input_COF Scheduled indicator_cof_scheduled_8df7d8"), ""): Text '' is set on object 'Object Repository/RecAndPlayBk/Page-Vlink-AuthOnly/input_COF Scheduled indicator_cof_scheduled_8df7d8'

2023-02-15 22:43:19 - [MESSAGE][PASSED] - Text '' is set on object 'Object Repository/RecAndPlayBk/Page-Vlink-AuthOnly/input_COF Scheduled indicator_cof_scheduled_8df7d8'

2023-02-15 22:43:19 - [TEST_STEP][PASSED] - setText(findTestObject("Object Repository/RecAndPlayBk/Page-Vlink-AuthOnly/input_COF Transaction Initiated by_cof_tran_6cded5"), ""): Text '' is set on object 'Object Repository/RecAndPlayBk/Page-Vlink-AuthOnly/input_COF Transaction Initiated by_cof_tran_6cded5'

2023-02-15 22:43:20 - [MESSAGE][PASSED] - Text '' is set on object 'Object Repository/RecAndPlayBk/Page-Vlink-AuthOnly/input_COF Transaction Initiated by_cof_tran_6cded5'

2023-02-15 22:43:20 - [TEST_STEP][PASSED] - click(findTestObject("Object Repository/RecAndPlayBk/Page-Vlink-AuthOnly/input")): Object: 'Object Repository/RecAndPlayBk/Page-Vlink-AuthOnly/input' is clicked on

2023-02-15 22:43:20 - [MESSAGE][PASSED] - Object: 'Object Repository/RecAndPlayBk/Page-Vlink-AuthOnly/input' is clicked on

2023-02-15 22:43:20 - [TEST_STEP][PASSED] - if (verifyTextPresent(errorMsg, true)): null

2023-02-15 22:43:20 - [MESSAGE][PASSED] - Text 'Missing parameter: category' is present on page  using regular expression

2023-02-15 22:43:20 - [TEST_STEP][PASSED] - println("Error Message is present on the Confirmation page"): null

2023-02-15 22:43:20 - [TEST_STEP][PASSED] - out.println("Pass Record Number: " + row): null

2023-02-15 22:43:20 - [TEST_STEP][PASSED] - resText = "Pass": null

2023-02-15 22:43:20 - [TEST_STEP][PASSED] - pages.WriteExcel.demoKey(resText, datText, resColumn, datCloumn, fileLoc, nameSheet, row): pages.WriteExcel.demoKey is PASSED

2023-02-15 22:43:21 - [MESSAGE][PASSED] - pages.WriteExcel.demoKey is PASSED

2023-02-15 22:43:21 - [TEST_STEP][PASSED] - ExecuteTC = findTestData(dataFile).getValue("Execute", row): null

2023-02-15 22:43:21 - [TEST_STEP][PASSED] - out.println("Value of Execute is : " + ExecuteTC): null

2023-02-15 22:43:21 - [TEST_STEP][PASSED] - if (ExecuteTC.equalsIgnoreCase("Y")): null

2023-02-15 22:43:21 - [TEST_STEP][PASSED] - out.println("Begin Record Number: " + row): null

2023-02-15 22:43:21 - [TEST_STEP][PASSED] - today = new java.util.Date(): null

2023-02-15 22:43:21 - [TEST_STEP][PASSED] - println(today): null

2023-02-15 22:43:21 - [TEST_STEP][PASSED] - datText = today: null

2023-02-15 22:43:21 - [TEST_STEP][PASSED] - errorMsg = findTestData(dataFile).getValue("ErrorMsg", row): null

2023-02-15 22:43:21 - [TEST_STEP][PASSED] - appID = findTestData(dataFile).getValue("AppID", row): null

2023-02-15 22:43:21 - [TEST_STEP][PASSED] - username = findTestData(dataFile).getValue("Username", row): null

2023-02-15 22:43:21 - [TEST_STEP][PASSED] - password = findTestData(dataFile).getValue("Password", row): null

2023-02-15 22:43:21 - [TEST_STEP][PASSED] - tranType = findTestData(dataFile).getValue("TranType", row): null

2023-02-15 22:43:21 - [TEST_STEP][PASSED] - mv = findTestData(dataFile).getValue("MV", row): null

2023-02-15 22:43:21 - [TEST_STEP][PASSED] - resFormat = findTestData(dataFile).getValue("ResFormat", row): null

2023-02-15 22:43:21 - [TEST_STEP][PASSED] - category = findTestData(dataFile).getValue("Category", row): null

2023-02-15 22:43:21 - [TEST_STEP][PASSED] - amount = findTestData(dataFile).getValue("Amount", row): null

2023-02-15 22:43:22 - [TEST_STEP][PASSED] - cardName = findTestData(dataFile).getValue("CardName", row): null

2023-02-15 22:43:22 - [TEST_STEP][PASSED] - al1 = findTestData(dataFile).getValue("AL1", row): null

2023-02-15 22:43:22 - [TEST_STEP][PASSED] - city = findTestData(dataFile).getValue("City", row): null

2023-02-15 22:43:22 - [TEST_STEP][PASSED] - state = findTestData(dataFile).getValue("State", row): null

2023-02-15 22:43:22 - [TEST_STEP][PASSED] - zip = findTestData(dataFile).getValue("ZIP", row): null

2023-02-15 22:43:22 - [TEST_STEP][PASSED] - cardNumber = findTestData(dataFile).getValue("CardNumber", row): null

2023-02-15 22:43:22 - [TEST_STEP][PASSED] - exM = findTestData(dataFile).getValue("ExM", row): null

2023-02-15 22:43:22 - [TEST_STEP][PASSED] - exY = findTestData(dataFile).getValue("ExY", row): null

2023-02-15 22:43:22 - [TEST_STEP][PASSED] - openBrowser(VLinkURL + "auth.html"): Browser is opened with url: 'https://dev-algorithm.govolution.com/vlinktest/QA/version_2_0/auth.html'

2023-02-15 22:43:22 - [MESSAGE][WARNING] - A browser is already opened. Closing browser and opening a new one

2023-02-15 22:43:23 - [MESSAGE][INFO] - Starting 'Chrome' driver

2023-02-15 22:43:23 - [MESSAGE][INFO] - User set preference: ['acceptInsecureCerts', 'true']

2023-02-15 22:43:23 - [MESSAGE][INFO] - Action delay is set to 0 milliseconds

2023-02-15 22:43:25 - [MESSAGE][PASSED] - Browser is opened with url: 'https://dev-algorithm.govolution.com/vlinktest/QA/version_2_0/auth.html'

2023-02-15 22:43:25 - [TEST_STEP][PASSED] - maximizeWindow(): Current window maximized

2023-02-15 22:43:25 - [MESSAGE][PASSED] - Current window maximized

2023-02-15 22:43:25 - [TEST_STEP][PASSED] - maximizeWindow(): Current window maximized

2023-02-15 22:43:25 - [MESSAGE][PASSED] - Current window maximized

2023-02-15 22:43:25 - [TEST_STEP][PASSED] - setText(findTestObject("Object Repository/RecAndPlayBk/Page-Vlink-AuthOnly/txt_TransactionType"), tranType): Text '104' is set on object 'Object Repository/RecAndPlayBk/Page-Vlink-AuthOnly/txt_TransactionType'

2023-02-15 22:43:26 - [MESSAGE][PASSED] - Text '104' is set on object 'Object Repository/RecAndPlayBk/Page-Vlink-AuthOnly/txt_TransactionType'

2023-02-15 22:43:26 - [TEST_STEP][PASSED] - setText(findTestObject("Object Repository/RecAndPlayBk/Page-Vlink-AuthOnly/txt_MessageVersion"), mv): Text '2.0C' is set on object 'Object Repository/RecAndPlayBk/Page-Vlink-AuthOnly/txt_MessageVersion'

2023-02-15 22:43:27 - [MESSAGE][PASSED] - Text '2.0C' is set on object 'Object Repository/RecAndPlayBk/Page-Vlink-AuthOnly/txt_MessageVersion'

2023-02-15 22:43:27 - [TEST_STEP][PASSED] - genRemID = RandomStringUtils.random(12, true, true): null

2023-02-15 22:43:27 - [TEST_STEP][PASSED] - setText(findTestObject("Object Repository/RecAndPlayBk/Page-Vlink-AuthOnly/input_Remittance Id_remittance_id"), genRemID): Text 'LDnYSwYRnNQk' is set on object 'Object Repository/RecAndPlayBk/Page-Vlink-AuthOnly/input_Remittance Id_remittance_id'

2023-02-15 22:43:27 - [MESSAGE][PASSED] - Text 'LDnYSwYRnNQk' is set on object 'Object Repository/RecAndPlayBk/Page-Vlink-AuthOnly/input_Remittance Id_remittance_id'

2023-02-15 22:43:27 - [TEST_STEP][PASSED] - setText(findTestObject("Object Repository/RecAndPlayBk/Page-Vlink-AuthOnly/input_Application Id_application_id"), appID): Text '234' is set on object 'Object Repository/RecAndPlayBk/Page-Vlink-AuthOnly/input_Application Id_application_id'

2023-02-15 22:43:28 - [MESSAGE][PASSED] - Text '234' is set on object 'Object Repository/RecAndPlayBk/Page-Vlink-AuthOnly/input_Application Id_application_id'

2023-02-15 22:43:28 - [TEST_STEP][PASSED] - setText(findTestObject("Object Repository/RecAndPlayBk/Page-Vlink-AuthOnly/input_Username_username"), username): Text 'username' is set on object 'Object Repository/RecAndPlayBk/Page-Vlink-AuthOnly/input_Username_username'

2023-02-15 22:43:29 - [MESSAGE][PASSED] - Text 'username' is set on object 'Object Repository/RecAndPlayBk/Page-Vlink-AuthOnly/input_Username_username'

2023-02-15 22:43:29 - [TEST_STEP][PASSED] - setText(findTestObject("Object Repository/RecAndPlayBk/Page-Vlink-AuthOnly/input_Password_password"), password): Text 'password' is set on object 'Object Repository/RecAndPlayBk/Page-Vlink-AuthOnly/input_Password_password'

2023-02-15 22:43:29 - [MESSAGE][PASSED] - Text 'password' is set on object 'Object Repository/RecAndPlayBk/Page-Vlink-AuthOnly/input_Password_password'

2023-02-15 22:43:29 - [TEST_STEP][PASSED] - setText(findTestObject("Object Repository/RecAndPlayBk/Page-Vlink-AuthOnly/txt_ResponseFormat"), resFormat): Text 'fixed_width' is set on object 'Object Repository/RecAndPlayBk/Page-Vlink-AuthOnly/txt_ResponseFormat'

2023-02-15 22:43:30 - [MESSAGE][PASSED] - Text 'fixed_width' is set on object 'Object Repository/RecAndPlayBk/Page-Vlink-AuthOnly/txt_ResponseFormat'

2023-02-15 22:43:30 - [TEST_STEP][PASSED] - setText(findTestObject("Object Repository/RecAndPlayBk/Page-Vlink-AuthOnly/input_Category_category"), category): Text 'ECOM' is set on object 'Object Repository/RecAndPlayBk/Page-Vlink-AuthOnly/input_Category_category'

2023-02-15 22:43:30 - [MESSAGE][PASSED] - Text 'ECOM' is set on object 'Object Repository/RecAndPlayBk/Page-Vlink-AuthOnly/input_Category_category'

2023-02-15 22:43:30 - [TEST_STEP][PASSED] - setText(findTestObject("Object Repository/RecAndPlayBk/Page-Vlink-AuthOnly/txt_CardName"), cardName): Text '' is set on object 'Object Repository/RecAndPlayBk/Page-Vlink-AuthOnly/txt_CardName'

2023-02-15 22:43:31 - [MESSAGE][PASSED] - Text '' is set on object 'Object Repository/RecAndPlayBk/Page-Vlink-AuthOnly/txt_CardName'

2023-02-15 22:43:31 - [TEST_STEP][PASSED] - setText(findTestObject("Object Repository/RecAndPlayBk/Page-Vlink-AuthOnly/txt_AL1"), al1): Text '258 Elm Road' is set on object 'Object Repository/RecAndPlayBk/Page-Vlink-AuthOnly/txt_AL1'

2023-02-15 22:43:32 - [MESSAGE][PASSED] - Text '258 Elm Road' is set on object 'Object Repository/RecAndPlayBk/Page-Vlink-AuthOnly/txt_AL1'

2023-02-15 22:43:32 - [TEST_STEP][PASSED] - setText(findTestObject("Object Repository/RecAndPlayBk/Page-Vlink-AuthOnly/txt_CardCity"), city): Text 'Arlington' is set on object 'Object Repository/RecAndPlayBk/Page-Vlink-AuthOnly/txt_CardCity'

2023-02-15 22:43:32 - [MESSAGE][PASSED] - Text 'Arlington' is set on object 'Object Repository/RecAndPlayBk/Page-Vlink-AuthOnly/txt_CardCity'

2023-02-15 22:43:32 - [TEST_STEP][PASSED] - setText(findTestObject("Object Repository/RecAndPlayBk/Page-Vlink-AuthOnly/txt_CardState"), state): Text 'VA' is set on object 'Object Repository/RecAndPlayBk/Page-Vlink-AuthOnly/txt_CardState'

2023-02-15 22:43:33 - [MESSAGE][PASSED] - Text 'VA' is set on object 'Object Repository/RecAndPlayBk/Page-Vlink-AuthOnly/txt_CardState'

2023-02-15 22:43:33 - [TEST_STEP][PASSED] - setText(findTestObject("Object Repository/RecAndPlayBk/Page-Vlink-AuthOnly/txt_CardZIP"), zip): Text '22201' is set on object 'Object Repository/RecAndPlayBk/Page-Vlink-AuthOnly/txt_CardZIP'

2023-02-15 22:43:34 - [MESSAGE][PASSED] - Text '22201' is set on object 'Object Repository/RecAndPlayBk/Page-Vlink-AuthOnly/txt_CardZIP'

2023-02-15 22:43:34 - [TEST_STEP][PASSED] - setText(findTestObject("Object Repository/RecAndPlayBk/Page-Vlink-AuthOnly/input_Amount_amount"), amount): Text '1.50' is set on object 'Object Repository/RecAndPlayBk/Page-Vlink-AuthOnly/input_Amount_amount'

2023-02-15 22:43:34 - [MESSAGE][PASSED] - Text '1.50' is set on object 'Object Repository/RecAndPlayBk/Page-Vlink-AuthOnly/input_Amount_amount'

2023-02-15 22:43:34 - [TEST_STEP][PASSED] - setText(findTestObject("Object Repository/RecAndPlayBk/Page-Vlink-AuthOnly/input_Card number_card_number"), cardNumber): Text '4111111111111111' is set on object 'Object Repository/RecAndPlayBk/Page-Vlink-AuthOnly/input_Card number_card_number'

2023-02-15 22:43:35 - [MESSAGE][PASSED] - Text '4111111111111111' is set on object 'Object Repository/RecAndPlayBk/Page-Vlink-AuthOnly/input_Card number_card_number'

2023-02-15 22:43:35 - [TEST_STEP][PASSED] - setText(findTestObject("Object Repository/RecAndPlayBk/Page-Vlink-AuthOnly/input_Card ex month_card_exmo"), exM): Text '12' is set on object 'Object Repository/RecAndPlayBk/Page-Vlink-AuthOnly/input_Card ex month_card_exmo'

2023-02-15 22:43:36 - [MESSAGE][PASSED] - Text '12' is set on object 'Object Repository/RecAndPlayBk/Page-Vlink-AuthOnly/input_Card ex month_card_exmo'

2023-02-15 22:43:36 - [TEST_STEP][PASSED] - setText(findTestObject("Object Repository/RecAndPlayBk/Page-Vlink-AuthOnly/input_Card ex year_card_exyr"), exY): Text '2025' is set on object 'Object Repository/RecAndPlayBk/Page-Vlink-AuthOnly/input_Card ex year_card_exyr'

2023-02-15 22:43:36 - [MESSAGE][PASSED] - Text '2025' is set on object 'Object Repository/RecAndPlayBk/Page-Vlink-AuthOnly/input_Card ex year_card_exyr'

2023-02-15 22:43:36 - [TEST_STEP][PASSED] - setText(findTestObject("Object Repository/RecAndPlayBk/Page-Vlink-AuthOnly/input_Track Data_track_data"), ""): Text '' is set on object 'Object Repository/RecAndPlayBk/Page-Vlink-AuthOnly/input_Track Data_track_data'

2023-02-15 22:43:37 - [MESSAGE][PASSED] - Text '' is set on object 'Object Repository/RecAndPlayBk/Page-Vlink-AuthOnly/input_Track Data_track_data'

2023-02-15 22:43:37 - [TEST_STEP][PASSED] - setText(findTestObject("Object Repository/RecAndPlayBk/Page-Vlink-AuthOnly/input_concat(Cardholder, , s email)_email"), ""): Text '' is set on object 'Object Repository/RecAndPlayBk/Page-Vlink-AuthOnly/input_concat(Cardholder, , s email)_email'

2023-02-15 22:43:38 - [MESSAGE][PASSED] - Text '' is set on object 'Object Repository/RecAndPlayBk/Page-Vlink-AuthOnly/input_concat(Cardholder, , s email)_email'

2023-02-15 22:43:38 - [TEST_STEP][PASSED] - click(findTestObject("Object Repository/RecAndPlayBk/Page-Vlink-AuthOnly/input_user_defined10_user_defined10")): Object: 'Object Repository/RecAndPlayBk/Page-Vlink-AuthOnly/input_user_defined10_user_defined10' is clicked on

2023-02-15 22:43:38 - [MESSAGE][PASSED] - Object: 'Object Repository/RecAndPlayBk/Page-Vlink-AuthOnly/input_user_defined10_user_defined10' is clicked on

2023-02-15 22:43:38 - [TEST_STEP][PASSED] - setText(findTestObject("Object Repository/RecAndPlayBk/Page-Vlink-AuthOnly/input_Card on File Indicator_card_on_file_i_157dae"), ""): Text '' is set on object 'Object Repository/RecAndPlayBk/Page-Vlink-AuthOnly/input_Card on File Indicator_card_on_file_i_157dae'

2023-02-15 22:43:39 - [MESSAGE][PASSED] - Text '' is set on object 'Object Repository/RecAndPlayBk/Page-Vlink-AuthOnly/input_Card on File Indicator_card_on_file_i_157dae'

2023-02-15 22:43:39 - [TEST_STEP][PASSED] - setText(findTestObject("Object Repository/RecAndPlayBk/Page-Vlink-AuthOnly/input_Stored Credential Indicator_stored_cr_4ae73c"), ""): Text '' is set on object 'Object Repository/RecAndPlayBk/Page-Vlink-AuthOnly/input_Stored Credential Indicator_stored_cr_4ae73c'

2023-02-15 22:43:39 - [MESSAGE][PASSED] - Text '' is set on object 'Object Repository/RecAndPlayBk/Page-Vlink-AuthOnly/input_Stored Credential Indicator_stored_cr_4ae73c'

2023-02-15 22:43:39 - [TEST_STEP][PASSED] - setText(findTestObject("Object Repository/RecAndPlayBk/Page-Vlink-AuthOnly/input_COF Scheduled indicator_cof_scheduled_8df7d8"), ""): Text '' is set on object 'Object Repository/RecAndPlayBk/Page-Vlink-AuthOnly/input_COF Scheduled indicator_cof_scheduled_8df7d8'

2023-02-15 22:43:40 - [MESSAGE][PASSED] - Text '' is set on object 'Object Repository/RecAndPlayBk/Page-Vlink-AuthOnly/input_COF Scheduled indicator_cof_scheduled_8df7d8'

2023-02-15 22:43:40 - [TEST_STEP][PASSED] - setText(findTestObject("Object Repository/RecAndPlayBk/Page-Vlink-AuthOnly/input_COF Transaction Initiated by_cof_tran_6cded5"), ""): Text '' is set on object 'Object Repository/RecAndPlayBk/Page-Vlink-AuthOnly/input_COF Transaction Initiated by_cof_tran_6cded5'

2023-02-15 22:43:41 - [MESSAGE][PASSED] - Text '' is set on object 'Object Repository/RecAndPlayBk/Page-Vlink-AuthOnly/input_COF Transaction Initiated by_cof_tran_6cded5'

2023-02-15 22:43:41 - [TEST_STEP][PASSED] - click(findTestObject("Object Repository/RecAndPlayBk/Page-Vlink-AuthOnly/input")): Object: 'Object Repository/RecAndPlayBk/Page-Vlink-AuthOnly/input' is clicked on

2023-02-15 22:43:41 - [MESSAGE][PASSED] - Object: 'Object Repository/RecAndPlayBk/Page-Vlink-AuthOnly/input' is clicked on

2023-02-15 22:43:41 - [TEST_STEP][PASSED] - if (verifyTextPresent(errorMsg, true)): null

2023-02-15 22:43:42 - [MESSAGE][PASSED] - Text 'card_name' is present on page  using regular expression

2023-02-15 22:43:42 - [TEST_STEP][PASSED] - println("Error Message is present on the Confirmation page"): null

2023-02-15 22:43:42 - [TEST_STEP][PASSED] - out.println("Pass Record Number: " + row): null

2023-02-15 22:43:42 - [TEST_STEP][PASSED] - resText = "Pass": null

2023-02-15 22:43:42 - [TEST_STEP][PASSED] - pages.WriteExcel.demoKey(resText, datText, resColumn, datCloumn, fileLoc, nameSheet, row): pages.WriteExcel.demoKey is PASSED

2023-02-15 22:43:42 - [MESSAGE][PASSED] - pages.WriteExcel.demoKey is PASSED

2023-02-15 22:43:42 - [TEST_STEP][PASSED] - ExecuteTC = findTestData(dataFile).getValue("Execute", row): null

2023-02-15 22:43:42 - [TEST_STEP][PASSED] - out.println("Value of Execute is : " + ExecuteTC): null

2023-02-15 22:43:42 - [TEST_STEP][PASSED] - if (ExecuteTC.equalsIgnoreCase("Y")): null

2023-02-15 22:43:42 - [TEST_STEP][PASSED] - out.println("Begin Record Number: " + row): null

2023-02-15 22:43:42 - [TEST_STEP][PASSED] - today = new java.util.Date(): null

2023-02-15 22:43:42 - [TEST_STEP][PASSED] - println(today): null

2023-02-15 22:43:42 - [TEST_STEP][PASSED] - datText = today: null

2023-02-15 22:43:42 - [TEST_STEP][PASSED] - errorMsg = findTestData(dataFile).getValue("ErrorMsg", row): null

2023-02-15 22:43:42 - [TEST_STEP][PASSED] - appID = findTestData(dataFile).getValue("AppID", row): null

2023-02-15 22:43:42 - [TEST_STEP][PASSED] - username = findTestData(dataFile).getValue("Username", row): null

2023-02-15 22:43:42 - [TEST_STEP][PASSED] - password = findTestData(dataFile).getValue("Password", row): null

2023-02-15 22:43:42 - [TEST_STEP][PASSED] - tranType = findTestData(dataFile).getValue("TranType", row): null

2023-02-15 22:43:42 - [TEST_STEP][PASSED] - mv = findTestData(dataFile).getValue("MV", row): null

2023-02-15 22:43:42 - [TEST_STEP][PASSED] - resFormat = findTestData(dataFile).getValue("ResFormat", row): null

2023-02-15 22:43:42 - [TEST_STEP][PASSED] - category = findTestData(dataFile).getValue("Category", row): null

2023-02-15 22:43:43 - [TEST_STEP][PASSED] - amount = findTestData(dataFile).getValue("Amount", row): null

2023-02-15 22:43:43 - [TEST_STEP][PASSED] - cardName = findTestData(dataFile).getValue("CardName", row): null

2023-02-15 22:43:43 - [TEST_STEP][PASSED] - al1 = findTestData(dataFile).getValue("AL1", row): null

2023-02-15 22:43:43 - [TEST_STEP][PASSED] - city = findTestData(dataFile).getValue("City", row): null

2023-02-15 22:43:43 - [TEST_STEP][PASSED] - state = findTestData(dataFile).getValue("State", row): null

2023-02-15 22:43:43 - [TEST_STEP][PASSED] - zip = findTestData(dataFile).getValue("ZIP", row): null

2023-02-15 22:43:43 - [TEST_STEP][PASSED] - cardNumber = findTestData(dataFile).getValue("CardNumber", row): null

2023-02-15 22:43:43 - [TEST_STEP][PASSED] - exM = findTestData(dataFile).getValue("ExM", row): null

2023-02-15 22:43:43 - [TEST_STEP][PASSED] - exY = findTestData(dataFile).getValue("ExY", row): null

2023-02-15 22:43:43 - [TEST_STEP][PASSED] - openBrowser(VLinkURL + "auth.html"): Browser is opened with url: 'https://dev-algorithm.govolution.com/vlinktest/QA/version_2_0/auth.html'

2023-02-15 22:43:43 - [MESSAGE][WARNING] - A browser is already opened. Closing browser and opening a new one

2023-02-15 22:43:44 - [MESSAGE][INFO] - Starting 'Chrome' driver

2023-02-15 22:43:44 - [MESSAGE][INFO] - User set preference: ['acceptInsecureCerts', 'true']

2023-02-15 22:43:44 - [MESSAGE][INFO] - Action delay is set to 0 milliseconds

2023-02-15 22:43:46 - [MESSAGE][PASSED] - Browser is opened with url: 'https://dev-algorithm.govolution.com/vlinktest/QA/version_2_0/auth.html'

2023-02-15 22:43:46 - [TEST_STEP][PASSED] - maximizeWindow(): Current window maximized

2023-02-15 22:43:46 - [MESSAGE][PASSED] - Current window maximized

2023-02-15 22:43:46 - [TEST_STEP][PASSED] - maximizeWindow(): Current window maximized

2023-02-15 22:43:46 - [MESSAGE][PASSED] - Current window maximized

2023-02-15 22:43:46 - [TEST_STEP][PASSED] - setText(findTestObject("Object Repository/RecAndPlayBk/Page-Vlink-AuthOnly/txt_TransactionType"), tranType): Text '104' is set on object 'Object Repository/RecAndPlayBk/Page-Vlink-AuthOnly/txt_TransactionType'

2023-02-15 22:43:47 - [MESSAGE][PASSED] - Text '104' is set on object 'Object Repository/RecAndPlayBk/Page-Vlink-AuthOnly/txt_TransactionType'

2023-02-15 22:43:47 - [TEST_STEP][PASSED] - setText(findTestObject("Object Repository/RecAndPlayBk/Page-Vlink-AuthOnly/txt_MessageVersion"), mv): Text '2.0C' is set on object 'Object Repository/RecAndPlayBk/Page-Vlink-AuthOnly/txt_MessageVersion'

2023-02-15 22:43:48 - [MESSAGE][PASSED] - Text '2.0C' is set on object 'Object Repository/RecAndPlayBk/Page-Vlink-AuthOnly/txt_MessageVersion'

2023-02-15 22:43:48 - [TEST_STEP][PASSED] - genRemID = RandomStringUtils.random(12, true, true): null

2023-02-15 22:43:48 - [TEST_STEP][PASSED] - setText(findTestObject("Object Repository/RecAndPlayBk/Page-Vlink-AuthOnly/input_Remittance Id_remittance_id"), genRemID): Text '3zMh9VWSh5Pr' is set on object 'Object Repository/RecAndPlayBk/Page-Vlink-AuthOnly/input_Remittance Id_remittance_id'

2023-02-15 22:43:48 - [MESSAGE][PASSED] - Text '3zMh9VWSh5Pr' is set on object 'Object Repository/RecAndPlayBk/Page-Vlink-AuthOnly/input_Remittance Id_remittance_id'

2023-02-15 22:43:48 - [TEST_STEP][PASSED] - setText(findTestObject("Object Repository/RecAndPlayBk/Page-Vlink-AuthOnly/input_Application Id_application_id"), appID): Text '234' is set on object 'Object Repository/RecAndPlayBk/Page-Vlink-AuthOnly/input_Application Id_application_id'

2023-02-15 22:43:49 - [MESSAGE][PASSED] - Text '234' is set on object 'Object Repository/RecAndPlayBk/Page-Vlink-AuthOnly/input_Application Id_application_id'

2023-02-15 22:43:49 - [TEST_STEP][PASSED] - setText(findTestObject("Object Repository/RecAndPlayBk/Page-Vlink-AuthOnly/input_Username_username"), username): Text 'username' is set on object 'Object Repository/RecAndPlayBk/Page-Vlink-AuthOnly/input_Username_username'

2023-02-15 22:43:50 - [MESSAGE][PASSED] - Text 'username' is set on object 'Object Repository/RecAndPlayBk/Page-Vlink-AuthOnly/input_Username_username'

2023-02-15 22:43:50 - [TEST_STEP][PASSED] - setText(findTestObject("Object Repository/RecAndPlayBk/Page-Vlink-AuthOnly/input_Password_password"), password): Text 'password' is set on object 'Object Repository/RecAndPlayBk/Page-Vlink-AuthOnly/input_Password_password'

2023-02-15 22:43:50 - [MESSAGE][PASSED] - Text 'password' is set on object 'Object Repository/RecAndPlayBk/Page-Vlink-AuthOnly/input_Password_password'

2023-02-15 22:43:50 - [TEST_STEP][PASSED] - setText(findTestObject("Object Repository/RecAndPlayBk/Page-Vlink-AuthOnly/txt_ResponseFormat"), resFormat): Text 'fixed_width' is set on object 'Object Repository/RecAndPlayBk/Page-Vlink-AuthOnly/txt_ResponseFormat'

2023-02-15 22:43:51 - [MESSAGE][PASSED] - Text 'fixed_width' is set on object 'Object Repository/RecAndPlayBk/Page-Vlink-AuthOnly/txt_ResponseFormat'

2023-02-15 22:43:51 - [TEST_STEP][PASSED] - setText(findTestObject("Object Repository/RecAndPlayBk/Page-Vlink-AuthOnly/input_Category_category"), category): Text 'MOTO' is set on object 'Object Repository/RecAndPlayBk/Page-Vlink-AuthOnly/input_Category_category'

2023-02-15 22:43:51 - [MESSAGE][PASSED] - Text 'MOTO' is set on object 'Object Repository/RecAndPlayBk/Page-Vlink-AuthOnly/input_Category_category'

2023-02-15 22:43:51 - [TEST_STEP][PASSED] - setText(findTestObject("Object Repository/RecAndPlayBk/Page-Vlink-AuthOnly/txt_CardName"), cardName): Text '' is set on object 'Object Repository/RecAndPlayBk/Page-Vlink-AuthOnly/txt_CardName'

2023-02-15 22:43:52 - [MESSAGE][PASSED] - Text '' is set on object 'Object Repository/RecAndPlayBk/Page-Vlink-AuthOnly/txt_CardName'

2023-02-15 22:43:52 - [TEST_STEP][PASSED] - setText(findTestObject("Object Repository/RecAndPlayBk/Page-Vlink-AuthOnly/txt_AL1"), al1): Text '258 Elm Road' is set on object 'Object Repository/RecAndPlayBk/Page-Vlink-AuthOnly/txt_AL1'

2023-02-15 22:43:53 - [MESSAGE][PASSED] - Text '258 Elm Road' is set on object 'Object Repository/RecAndPlayBk/Page-Vlink-AuthOnly/txt_AL1'

2023-02-15 22:43:53 - [TEST_STEP][PASSED] - setText(findTestObject("Object Repository/RecAndPlayBk/Page-Vlink-AuthOnly/txt_CardCity"), city): Text 'Arlington' is set on object 'Object Repository/RecAndPlayBk/Page-Vlink-AuthOnly/txt_CardCity'

2023-02-15 22:43:53 - [MESSAGE][PASSED] - Text 'Arlington' is set on object 'Object Repository/RecAndPlayBk/Page-Vlink-AuthOnly/txt_CardCity'

2023-02-15 22:43:53 - [TEST_STEP][PASSED] - setText(findTestObject("Object Repository/RecAndPlayBk/Page-Vlink-AuthOnly/txt_CardState"), state): Text 'VA' is set on object 'Object Repository/RecAndPlayBk/Page-Vlink-AuthOnly/txt_CardState'

2023-02-15 22:43:54 - [MESSAGE][PASSED] - Text 'VA' is set on object 'Object Repository/RecAndPlayBk/Page-Vlink-AuthOnly/txt_CardState'

2023-02-15 22:43:54 - [TEST_STEP][PASSED] - setText(findTestObject("Object Repository/RecAndPlayBk/Page-Vlink-AuthOnly/txt_CardZIP"), zip): Text '22201' is set on object 'Object Repository/RecAndPlayBk/Page-Vlink-AuthOnly/txt_CardZIP'

2023-02-15 22:43:55 - [MESSAGE][PASSED] - Text '22201' is set on object 'Object Repository/RecAndPlayBk/Page-Vlink-AuthOnly/txt_CardZIP'

2023-02-15 22:43:55 - [TEST_STEP][PASSED] - setText(findTestObject("Object Repository/RecAndPlayBk/Page-Vlink-AuthOnly/input_Amount_amount"), amount): Text '1.50' is set on object 'Object Repository/RecAndPlayBk/Page-Vlink-AuthOnly/input_Amount_amount'

2023-02-15 22:43:55 - [MESSAGE][PASSED] - Text '1.50' is set on object 'Object Repository/RecAndPlayBk/Page-Vlink-AuthOnly/input_Amount_amount'

2023-02-15 22:43:55 - [TEST_STEP][PASSED] - setText(findTestObject("Object Repository/RecAndPlayBk/Page-Vlink-AuthOnly/input_Card number_card_number"), cardNumber): Text '4111111111111111' is set on object 'Object Repository/RecAndPlayBk/Page-Vlink-AuthOnly/input_Card number_card_number'

2023-02-15 22:43:56 - [MESSAGE][PASSED] - Text '4111111111111111' is set on object 'Object Repository/RecAndPlayBk/Page-Vlink-AuthOnly/input_Card number_card_number'

2023-02-15 22:43:56 - [TEST_STEP][PASSED] - setText(findTestObject("Object Repository/RecAndPlayBk/Page-Vlink-AuthOnly/input_Card ex month_card_exmo"), exM): Text '12' is set on object 'Object Repository/RecAndPlayBk/Page-Vlink-AuthOnly/input_Card ex month_card_exmo'

2023-02-15 22:43:57 - [MESSAGE][PASSED] - Text '12' is set on object 'Object Repository/RecAndPlayBk/Page-Vlink-AuthOnly/input_Card ex month_card_exmo'

2023-02-15 22:43:57 - [TEST_STEP][PASSED] - setText(findTestObject("Object Repository/RecAndPlayBk/Page-Vlink-AuthOnly/input_Card ex year_card_exyr"), exY): Text '2025' is set on object 'Object Repository/RecAndPlayBk/Page-Vlink-AuthOnly/input_Card ex year_card_exyr'

2023-02-15 22:43:57 - [MESSAGE][PASSED] - Text '2025' is set on object 'Object Repository/RecAndPlayBk/Page-Vlink-AuthOnly/input_Card ex year_card_exyr'

2023-02-15 22:43:57 - [TEST_STEP][PASSED] - setText(findTestObject("Object Repository/RecAndPlayBk/Page-Vlink-AuthOnly/input_Track Data_track_data"), ""): Text '' is set on object 'Object Repository/RecAndPlayBk/Page-Vlink-AuthOnly/input_Track Data_track_data'

2023-02-15 22:43:58 - [MESSAGE][PASSED] - Text '' is set on object 'Object Repository/RecAndPlayBk/Page-Vlink-AuthOnly/input_Track Data_track_data'

2023-02-15 22:43:58 - [TEST_STEP][PASSED] - setText(findTestObject("Object Repository/RecAndPlayBk/Page-Vlink-AuthOnly/input_concat(Cardholder, , s email)_email"), ""): Text '' is set on object 'Object Repository/RecAndPlayBk/Page-Vlink-AuthOnly/input_concat(Cardholder, , s email)_email'

2023-02-15 22:43:59 - [MESSAGE][PASSED] - Text '' is set on object 'Object Repository/RecAndPlayBk/Page-Vlink-AuthOnly/input_concat(Cardholder, , s email)_email'

2023-02-15 22:43:59 - [TEST_STEP][PASSED] - click(findTestObject("Object Repository/RecAndPlayBk/Page-Vlink-AuthOnly/input_user_defined10_user_defined10")): Object: 'Object Repository/RecAndPlayBk/Page-Vlink-AuthOnly/input_user_defined10_user_defined10' is clicked on

2023-02-15 22:43:59 - [MESSAGE][PASSED] - Object: 'Object Repository/RecAndPlayBk/Page-Vlink-AuthOnly/input_user_defined10_user_defined10' is clicked on

2023-02-15 22:43:59 - [TEST_STEP][PASSED] - setText(findTestObject("Object Repository/RecAndPlayBk/Page-Vlink-AuthOnly/input_Card on File Indicator_card_on_file_i_157dae"), ""): Text '' is set on object 'Object Repository/RecAndPlayBk/Page-Vlink-AuthOnly/input_Card on File Indicator_card_on_file_i_157dae'

2023-02-15 22:44:00 - [MESSAGE][PASSED] - Text '' is set on object 'Object Repository/RecAndPlayBk/Page-Vlink-AuthOnly/input_Card on File Indicator_card_on_file_i_157dae'

2023-02-15 22:44:00 - [TEST_STEP][PASSED] - setText(findTestObject("Object Repository/RecAndPlayBk/Page-Vlink-AuthOnly/input_Stored Credential Indicator_stored_cr_4ae73c"), ""): Text '' is set on object 'Object Repository/RecAndPlayBk/Page-Vlink-AuthOnly/input_Stored Credential Indicator_stored_cr_4ae73c'

2023-02-15 22:44:00 - [MESSAGE][PASSED] - Text '' is set on object 'Object Repository/RecAndPlayBk/Page-Vlink-AuthOnly/input_Stored Credential Indicator_stored_cr_4ae73c'

2023-02-15 22:44:00 - [TEST_STEP][PASSED] - setText(findTestObject("Object Repository/RecAndPlayBk/Page-Vlink-AuthOnly/input_COF Scheduled indicator_cof_scheduled_8df7d8"), ""): Text '' is set on object 'Object Repository/RecAndPlayBk/Page-Vlink-AuthOnly/input_COF Scheduled indicator_cof_scheduled_8df7d8'

2023-02-15 22:44:01 - [MESSAGE][PASSED] - Text '' is set on object 'Object Repository/RecAndPlayBk/Page-Vlink-AuthOnly/input_COF Scheduled indicator_cof_scheduled_8df7d8'

2023-02-15 22:44:01 - [TEST_STEP][PASSED] - setText(findTestObject("Object Repository/RecAndPlayBk/Page-Vlink-AuthOnly/input_COF Transaction Initiated by_cof_tran_6cded5"), ""): Text '' is set on object 'Object Repository/RecAndPlayBk/Page-Vlink-AuthOnly/input_COF Transaction Initiated by_cof_tran_6cded5'

2023-02-15 22:44:02 - [MESSAGE][PASSED] - Text '' is set on object 'Object Repository/RecAndPlayBk/Page-Vlink-AuthOnly/input_COF Transaction Initiated by_cof_tran_6cded5'

2023-02-15 22:44:02 - [TEST_STEP][PASSED] - click(findTestObject("Object Repository/RecAndPlayBk/Page-Vlink-AuthOnly/input")): Object: 'Object Repository/RecAndPlayBk/Page-Vlink-AuthOnly/input' is clicked on

2023-02-15 22:44:02 - [MESSAGE][PASSED] - Object: 'Object Repository/RecAndPlayBk/Page-Vlink-AuthOnly/input' is clicked on

2023-02-15 22:44:02 - [TEST_STEP][PASSED] - if (verifyTextPresent(errorMsg, true)): null

2023-02-15 22:44:03 - [MESSAGE][PASSED] - Text 'card_name' is present on page  using regular expression

2023-02-15 22:44:03 - [TEST_STEP][PASSED] - println("Error Message is present on the Confirmation page"): null

2023-02-15 22:44:03 - [TEST_STEP][PASSED] - out.println("Pass Record Number: " + row): null

2023-02-15 22:44:03 - [TEST_STEP][PASSED] - resText = "Pass": null

2023-02-15 22:44:03 - [TEST_STEP][PASSED] - pages.WriteExcel.demoKey(resText, datText, resColumn, datCloumn, fileLoc, nameSheet, row): pages.WriteExcel.demoKey is PASSED

2023-02-15 22:44:03 - [MESSAGE][PASSED] - pages.WriteExcel.demoKey is PASSED

2023-02-15 22:44:03 - [TEST_STEP][PASSED] - ExecuteTC = findTestData(dataFile).getValue("Execute", row): null

2023-02-15 22:44:03 - [TEST_STEP][PASSED] - out.println("Value of Execute is : " + ExecuteTC): null

2023-02-15 22:44:03 - [TEST_STEP][PASSED] - if (ExecuteTC.equalsIgnoreCase("Y")): null

2023-02-15 22:44:03 - [TEST_STEP][PASSED] - out.println("Begin Record Number: " + row): null

2023-02-15 22:44:03 - [TEST_STEP][PASSED] - today = new java.util.Date(): null

2023-02-15 22:44:03 - [TEST_STEP][PASSED] - println(today): null

2023-02-15 22:44:03 - [TEST_STEP][PASSED] - datText = today: null

2023-02-15 22:44:03 - [TEST_STEP][PASSED] - errorMsg = findTestData(dataFile).getValue("ErrorMsg", row): null

2023-02-15 22:44:03 - [TEST_STEP][PASSED] - appID = findTestData(dataFile).getValue("AppID", row): null

2023-02-15 22:44:03 - [TEST_STEP][PASSED] - username = findTestData(dataFile).getValue("Username", row): null

2023-02-15 22:44:03 - [TEST_STEP][PASSED] - password = findTestData(dataFile).getValue("Password", row): null

2023-02-15 22:44:03 - [TEST_STEP][PASSED] - tranType = findTestData(dataFile).getValue("TranType", row): null

2023-02-15 22:44:03 - [TEST_STEP][PASSED] - mv = findTestData(dataFile).getValue("MV", row): null

2023-02-15 22:44:04 - [TEST_STEP][PASSED] - resFormat = findTestData(dataFile).getValue("ResFormat", row): null

2023-02-15 22:44:04 - [TEST_STEP][PASSED] - category = findTestData(dataFile).getValue("Category", row): null

2023-02-15 22:44:04 - [TEST_STEP][PASSED] - amount = findTestData(dataFile).getValue("Amount", row): null

2023-02-15 22:44:04 - [TEST_STEP][PASSED] - cardName = findTestData(dataFile).getValue("CardName", row): null

2023-02-15 22:44:04 - [TEST_STEP][PASSED] - al1 = findTestData(dataFile).getValue("AL1", row): null

2023-02-15 22:44:04 - [TEST_STEP][PASSED] - city = findTestData(dataFile).getValue("City", row): null

2023-02-15 22:44:04 - [TEST_STEP][PASSED] - state = findTestData(dataFile).getValue("State", row): null

2023-02-15 22:44:04 - [TEST_STEP][PASSED] - zip = findTestData(dataFile).getValue("ZIP", row): null

2023-02-15 22:44:04 - [TEST_STEP][PASSED] - cardNumber = findTestData(dataFile).getValue("CardNumber", row): null

2023-02-15 22:44:04 - [TEST_STEP][PASSED] - exM = findTestData(dataFile).getValue("ExM", row): null

2023-02-15 22:44:04 - [TEST_STEP][PASSED] - exY = findTestData(dataFile).getValue("ExY", row): null

2023-02-15 22:44:04 - [TEST_STEP][PASSED] - openBrowser(VLinkURL + "auth.html"): Browser is opened with url: 'https://dev-algorithm.govolution.com/vlinktest/QA/version_2_0/auth.html'

2023-02-15 22:44:04 - [MESSAGE][WARNING] - A browser is already opened. Closing browser and opening a new one

2023-02-15 22:44:05 - [MESSAGE][INFO] - Starting 'Chrome' driver

2023-02-15 22:44:05 - [MESSAGE][INFO] - User set preference: ['acceptInsecureCerts', 'true']

2023-02-15 22:44:05 - [MESSAGE][INFO] - Action delay is set to 0 milliseconds

2023-02-15 22:44:07 - [MESSAGE][PASSED] - Browser is opened with url: 'https://dev-algorithm.govolution.com/vlinktest/QA/version_2_0/auth.html'

2023-02-15 22:44:07 - [TEST_STEP][PASSED] - maximizeWindow(): Current window maximized

2023-02-15 22:44:07 - [MESSAGE][PASSED] - Current window maximized

2023-02-15 22:44:07 - [TEST_STEP][PASSED] - maximizeWindow(): Current window maximized

2023-02-15 22:44:07 - [MESSAGE][PASSED] - Current window maximized

2023-02-15 22:44:07 - [TEST_STEP][PASSED] - setText(findTestObject("Object Repository/RecAndPlayBk/Page-Vlink-AuthOnly/txt_TransactionType"), tranType): Text '104' is set on object 'Object Repository/RecAndPlayBk/Page-Vlink-AuthOnly/txt_TransactionType'

2023-02-15 22:44:08 - [MESSAGE][PASSED] - Text '104' is set on object 'Object Repository/RecAndPlayBk/Page-Vlink-AuthOnly/txt_TransactionType'

2023-02-15 22:44:08 - [TEST_STEP][PASSED] - setText(findTestObject("Object Repository/RecAndPlayBk/Page-Vlink-AuthOnly/txt_MessageVersion"), mv): Text '2.0C' is set on object 'Object Repository/RecAndPlayBk/Page-Vlink-AuthOnly/txt_MessageVersion'

2023-02-15 22:44:09 - [MESSAGE][PASSED] - Text '2.0C' is set on object 'Object Repository/RecAndPlayBk/Page-Vlink-AuthOnly/txt_MessageVersion'

2023-02-15 22:44:09 - [TEST_STEP][PASSED] - genRemID = RandomStringUtils.random(12, true, true): null

2023-02-15 22:44:09 - [TEST_STEP][PASSED] - setText(findTestObject("Object Repository/RecAndPlayBk/Page-Vlink-AuthOnly/input_Remittance Id_remittance_id"), genRemID): Text 'B2DHUYvNbLn3' is set on object 'Object Repository/RecAndPlayBk/Page-Vlink-AuthOnly/input_Remittance Id_remittance_id'

2023-02-15 22:44:10 - [MESSAGE][PASSED] - Text 'B2DHUYvNbLn3' is set on object 'Object Repository/RecAndPlayBk/Page-Vlink-AuthOnly/input_Remittance Id_remittance_id'

2023-02-15 22:44:10 - [TEST_STEP][PASSED] - setText(findTestObject("Object Repository/RecAndPlayBk/Page-Vlink-AuthOnly/input_Application Id_application_id"), appID): Text '234' is set on object 'Object Repository/RecAndPlayBk/Page-Vlink-AuthOnly/input_Application Id_application_id'

2023-02-15 22:44:10 - [MESSAGE][PASSED] - Text '234' is set on object 'Object Repository/RecAndPlayBk/Page-Vlink-AuthOnly/input_Application Id_application_id'

2023-02-15 22:44:10 - [TEST_STEP][PASSED] - setText(findTestObject("Object Repository/RecAndPlayBk/Page-Vlink-AuthOnly/input_Username_username"), username): Text 'username' is set on object 'Object Repository/RecAndPlayBk/Page-Vlink-AuthOnly/input_Username_username'

2023-02-15 22:44:11 - [MESSAGE][PASSED] - Text 'username' is set on object 'Object Repository/RecAndPlayBk/Page-Vlink-AuthOnly/input_Username_username'

2023-02-15 22:44:11 - [TEST_STEP][PASSED] - setText(findTestObject("Object Repository/RecAndPlayBk/Page-Vlink-AuthOnly/input_Password_password"), password): Text 'password' is set on object 'Object Repository/RecAndPlayBk/Page-Vlink-AuthOnly/input_Password_password'

2023-02-15 22:44:11 - [MESSAGE][PASSED] - Text 'password' is set on object 'Object Repository/RecAndPlayBk/Page-Vlink-AuthOnly/input_Password_password'

2023-02-15 22:44:11 - [TEST_STEP][PASSED] - setText(findTestObject("Object Repository/RecAndPlayBk/Page-Vlink-AuthOnly/txt_ResponseFormat"), resFormat): Text 'fixed_width' is set on object 'Object Repository/RecAndPlayBk/Page-Vlink-AuthOnly/txt_ResponseFormat'

2023-02-15 22:44:12 - [MESSAGE][PASSED] - Text 'fixed_width' is set on object 'Object Repository/RecAndPlayBk/Page-Vlink-AuthOnly/txt_ResponseFormat'

2023-02-15 22:44:12 - [TEST_STEP][PASSED] - setText(findTestObject("Object Repository/RecAndPlayBk/Page-Vlink-AuthOnly/input_Category_category"), category): Text 'RETL' is set on object 'Object Repository/RecAndPlayBk/Page-Vlink-AuthOnly/input_Category_category'

2023-02-15 22:44:13 - [MESSAGE][PASSED] - Text 'RETL' is set on object 'Object Repository/RecAndPlayBk/Page-Vlink-AuthOnly/input_Category_category'

2023-02-15 22:44:13 - [TEST_STEP][PASSED] - setText(findTestObject("Object Repository/RecAndPlayBk/Page-Vlink-AuthOnly/txt_CardName"), cardName): Text '' is set on object 'Object Repository/RecAndPlayBk/Page-Vlink-AuthOnly/txt_CardName'

2023-02-15 22:44:13 - [MESSAGE][PASSED] - Text '' is set on object 'Object Repository/RecAndPlayBk/Page-Vlink-AuthOnly/txt_CardName'

2023-02-15 22:44:13 - [TEST_STEP][PASSED] - setText(findTestObject("Object Repository/RecAndPlayBk/Page-Vlink-AuthOnly/txt_AL1"), al1): Text '258 Elm Road' is set on object 'Object Repository/RecAndPlayBk/Page-Vlink-AuthOnly/txt_AL1'

2023-02-15 22:44:14 - [MESSAGE][PASSED] - Text '258 Elm Road' is set on object 'Object Repository/RecAndPlayBk/Page-Vlink-AuthOnly/txt_AL1'

2023-02-15 22:44:14 - [TEST_STEP][PASSED] - setText(findTestObject("Object Repository/RecAndPlayBk/Page-Vlink-AuthOnly/txt_CardCity"), city): Text 'Arlington' is set on object 'Object Repository/RecAndPlayBk/Page-Vlink-AuthOnly/txt_CardCity'

2023-02-15 22:44:15 - [MESSAGE][PASSED] - Text 'Arlington' is set on object 'Object Repository/RecAndPlayBk/Page-Vlink-AuthOnly/txt_CardCity'

2023-02-15 22:44:15 - [TEST_STEP][PASSED] - setText(findTestObject("Object Repository/RecAndPlayBk/Page-Vlink-AuthOnly/txt_CardState"), state): Text 'VA' is set on object 'Object Repository/RecAndPlayBk/Page-Vlink-AuthOnly/txt_CardState'

2023-02-15 22:44:15 - [MESSAGE][PASSED] - Text 'VA' is set on object 'Object Repository/RecAndPlayBk/Page-Vlink-AuthOnly/txt_CardState'

2023-02-15 22:44:15 - [TEST_STEP][PASSED] - setText(findTestObject("Object Repository/RecAndPlayBk/Page-Vlink-AuthOnly/txt_CardZIP"), zip): Text '22201' is set on object 'Object Repository/RecAndPlayBk/Page-Vlink-AuthOnly/txt_CardZIP'

2023-02-15 22:44:16 - [MESSAGE][PASSED] - Text '22201' is set on object 'Object Repository/RecAndPlayBk/Page-Vlink-AuthOnly/txt_CardZIP'

2023-02-15 22:44:16 - [TEST_STEP][PASSED] - setText(findTestObject("Object Repository/RecAndPlayBk/Page-Vlink-AuthOnly/input_Amount_amount"), amount): Text '1.50' is set on object 'Object Repository/RecAndPlayBk/Page-Vlink-AuthOnly/input_Amount_amount'

2023-02-15 22:44:17 - [MESSAGE][PASSED] - Text '1.50' is set on object 'Object Repository/RecAndPlayBk/Page-Vlink-AuthOnly/input_Amount_amount'

2023-02-15 22:44:17 - [TEST_STEP][PASSED] - setText(findTestObject("Object Repository/RecAndPlayBk/Page-Vlink-AuthOnly/input_Card number_card_number"), cardNumber): Text '4111111111111111' is set on object 'Object Repository/RecAndPlayBk/Page-Vlink-AuthOnly/input_Card number_card_number'

2023-02-15 22:44:17 - [MESSAGE][PASSED] - Text '4111111111111111' is set on object 'Object Repository/RecAndPlayBk/Page-Vlink-AuthOnly/input_Card number_card_number'

2023-02-15 22:44:17 - [TEST_STEP][PASSED] - setText(findTestObject("Object Repository/RecAndPlayBk/Page-Vlink-AuthOnly/input_Card ex month_card_exmo"), exM): Text '12' is set on object 'Object Repository/RecAndPlayBk/Page-Vlink-AuthOnly/input_Card ex month_card_exmo'

2023-02-15 22:44:18 - [MESSAGE][PASSED] - Text '12' is set on object 'Object Repository/RecAndPlayBk/Page-Vlink-AuthOnly/input_Card ex month_card_exmo'

2023-02-15 22:44:18 - [TEST_STEP][PASSED] - setText(findTestObject("Object Repository/RecAndPlayBk/Page-Vlink-AuthOnly/input_Card ex year_card_exyr"), exY): Text '2025' is set on object 'Object Repository/RecAndPlayBk/Page-Vlink-AuthOnly/input_Card ex year_card_exyr'

2023-02-15 22:44:19 - [MESSAGE][PASSED] - Text '2025' is set on object 'Object Repository/RecAndPlayBk/Page-Vlink-AuthOnly/input_Card ex year_card_exyr'

2023-02-15 22:44:19 - [TEST_STEP][PASSED] - setText(findTestObject("Object Repository/RecAndPlayBk/Page-Vlink-AuthOnly/input_Track Data_track_data"), ""): Text '' is set on object 'Object Repository/RecAndPlayBk/Page-Vlink-AuthOnly/input_Track Data_track_data'

2023-02-15 22:44:19 - [MESSAGE][PASSED] - Text '' is set on object 'Object Repository/RecAndPlayBk/Page-Vlink-AuthOnly/input_Track Data_track_data'

2023-02-15 22:44:19 - [TEST_STEP][PASSED] - setText(findTestObject("Object Repository/RecAndPlayBk/Page-Vlink-AuthOnly/input_concat(Cardholder, , s email)_email"), ""): Text '' is set on object 'Object Repository/RecAndPlayBk/Page-Vlink-AuthOnly/input_concat(Cardholder, , s email)_email'

2023-02-15 22:44:20 - [MESSAGE][PASSED] - Text '' is set on object 'Object Repository/RecAndPlayBk/Page-Vlink-AuthOnly/input_concat(Cardholder, , s email)_email'

2023-02-15 22:44:20 - [TEST_STEP][PASSED] - click(findTestObject("Object Repository/RecAndPlayBk/Page-Vlink-AuthOnly/input_user_defined10_user_defined10")): Object: 'Object Repository/RecAndPlayBk/Page-Vlink-AuthOnly/input_user_defined10_user_defined10' is clicked on

2023-02-15 22:44:20 - [MESSAGE][PASSED] - Object: 'Object Repository/RecAndPlayBk/Page-Vlink-AuthOnly/input_user_defined10_user_defined10' is clicked on

2023-02-15 22:44:20 - [TEST_STEP][PASSED] - setText(findTestObject("Object Repository/RecAndPlayBk/Page-Vlink-AuthOnly/input_Card on File Indicator_card_on_file_i_157dae"), ""): Text '' is set on object 'Object Repository/RecAndPlayBk/Page-Vlink-AuthOnly/input_Card on File Indicator_card_on_file_i_157dae'

2023-02-15 22:44:21 - [MESSAGE][PASSED] - Text '' is set on object 'Object Repository/RecAndPlayBk/Page-Vlink-AuthOnly/input_Card on File Indicator_card_on_file_i_157dae'

2023-02-15 22:44:21 - [TEST_STEP][PASSED] - setText(findTestObject("Object Repository/RecAndPlayBk/Page-Vlink-AuthOnly/input_Stored Credential Indicator_stored_cr_4ae73c"), ""): Text '' is set on object 'Object Repository/RecAndPlayBk/Page-Vlink-AuthOnly/input_Stored Credential Indicator_stored_cr_4ae73c'

2023-02-15 22:44:22 - [MESSAGE][PASSED] - Text '' is set on object 'Object Repository/RecAndPlayBk/Page-Vlink-AuthOnly/input_Stored Credential Indicator_stored_cr_4ae73c'

2023-02-15 22:44:22 - [TEST_STEP][PASSED] - setText(findTestObject("Object Repository/RecAndPlayBk/Page-Vlink-AuthOnly/input_COF Scheduled indicator_cof_scheduled_8df7d8"), ""): Text '' is set on object 'Object Repository/RecAndPlayBk/Page-Vlink-AuthOnly/input_COF Scheduled indicator_cof_scheduled_8df7d8'

2023-02-15 22:44:22 - [MESSAGE][PASSED] - Text '' is set on object 'Object Repository/RecAndPlayBk/Page-Vlink-AuthOnly/input_COF Scheduled indicator_cof_scheduled_8df7d8'

2023-02-15 22:44:22 - [TEST_STEP][PASSED] - setText(findTestObject("Object Repository/RecAndPlayBk/Page-Vlink-AuthOnly/input_COF Transaction Initiated by_cof_tran_6cded5"), ""): Text '' is set on object 'Object Repository/RecAndPlayBk/Page-Vlink-AuthOnly/input_COF Transaction Initiated by_cof_tran_6cded5'

2023-02-15 22:44:23 - [MESSAGE][PASSED] - Text '' is set on object 'Object Repository/RecAndPlayBk/Page-Vlink-AuthOnly/input_COF Transaction Initiated by_cof_tran_6cded5'

2023-02-15 22:44:23 - [TEST_STEP][PASSED] - click(findTestObject("Object Repository/RecAndPlayBk/Page-Vlink-AuthOnly/input")): Object: 'Object Repository/RecAndPlayBk/Page-Vlink-AuthOnly/input' is clicked on

2023-02-15 22:44:24 - [MESSAGE][PASSED] - Object: 'Object Repository/RecAndPlayBk/Page-Vlink-AuthOnly/input' is clicked on

2023-02-15 22:44:24 - [TEST_STEP][PASSED] - if (verifyTextPresent(errorMsg, true)): null

2023-02-15 22:44:24 - [MESSAGE][PASSED] - Text 'card_name' is present on page  using regular expression

2023-02-15 22:44:24 - [TEST_STEP][PASSED] - println("Error Message is present on the Confirmation page"): null

2023-02-15 22:44:24 - [TEST_STEP][PASSED] - out.println("Pass Record Number: " + row): null

2023-02-15 22:44:24 - [TEST_STEP][PASSED] - resText = "Pass": null

2023-02-15 22:44:24 - [TEST_STEP][PASSED] - pages.WriteExcel.demoKey(resText, datText, resColumn, datCloumn, fileLoc, nameSheet, row): pages.WriteExcel.demoKey is PASSED

2023-02-15 22:44:24 - [MESSAGE][PASSED] - pages.WriteExcel.demoKey is PASSED

2023-02-15 22:44:24 - [TEST_STEP][PASSED] - ExecuteTC = findTestData(dataFile).getValue("Execute", row): null

2023-02-15 22:44:24 - [TEST_STEP][PASSED] - out.println("Value of Execute is : " + ExecuteTC): null

2023-02-15 22:44:24 - [TEST_STEP][PASSED] - if (ExecuteTC.equalsIgnoreCase("Y")): null

2023-02-15 22:44:24 - [TEST_STEP][PASSED] - out.println("Begin Record Number: " + row): null

2023-02-15 22:44:24 - [TEST_STEP][PASSED] - today = new java.util.Date(): null

2023-02-15 22:44:24 - [TEST_STEP][PASSED] - println(today): null

2023-02-15 22:44:24 - [TEST_STEP][PASSED] - datText = today: null

2023-02-15 22:44:24 - [TEST_STEP][PASSED] - errorMsg = findTestData(dataFile).getValue("ErrorMsg", row): null

2023-02-15 22:44:24 - [TEST_STEP][PASSED] - appID = findTestData(dataFile).getValue("AppID", row): null

2023-02-15 22:44:24 - [TEST_STEP][PASSED] - username = findTestData(dataFile).getValue("Username", row): null

2023-02-15 22:44:24 - [TEST_STEP][PASSED] - password = findTestData(dataFile).getValue("Password", row): null

2023-02-15 22:44:25 - [TEST_STEP][PASSED] - tranType = findTestData(dataFile).getValue("TranType", row): null

2023-02-15 22:44:25 - [TEST_STEP][PASSED] - mv = findTestData(dataFile).getValue("MV", row): null

2023-02-15 22:44:25 - [TEST_STEP][PASSED] - resFormat = findTestData(dataFile).getValue("ResFormat", row): null

2023-02-15 22:44:25 - [TEST_STEP][PASSED] - category = findTestData(dataFile).getValue("Category", row): null

2023-02-15 22:44:25 - [TEST_STEP][PASSED] - amount = findTestData(dataFile).getValue("Amount", row): null

2023-02-15 22:44:25 - [TEST_STEP][PASSED] - cardName = findTestData(dataFile).getValue("CardName", row): null

2023-02-15 22:44:25 - [TEST_STEP][PASSED] - al1 = findTestData(dataFile).getValue("AL1", row): null

2023-02-15 22:44:25 - [TEST_STEP][PASSED] - city = findTestData(dataFile).getValue("City", row): null

2023-02-15 22:44:25 - [TEST_STEP][PASSED] - state = findTestData(dataFile).getValue("State", row): null

2023-02-15 22:44:25 - [TEST_STEP][PASSED] - zip = findTestData(dataFile).getValue("ZIP", row): null

2023-02-15 22:44:25 - [TEST_STEP][PASSED] - cardNumber = findTestData(dataFile).getValue("CardNumber", row): null

2023-02-15 22:44:25 - [TEST_STEP][PASSED] - exM = findTestData(dataFile).getValue("ExM", row): null

2023-02-15 22:44:26 - [TEST_STEP][PASSED] - exY = findTestData(dataFile).getValue("ExY", row): null

2023-02-15 22:44:26 - [TEST_STEP][PASSED] - openBrowser(VLinkURL + "auth.html"): Browser is opened with url: 'https://dev-algorithm.govolution.com/vlinktest/QA/version_2_0/auth.html'

2023-02-15 22:44:26 - [MESSAGE][WARNING] - A browser is already opened. Closing browser and opening a new one

2023-02-15 22:44:27 - [MESSAGE][INFO] - Starting 'Chrome' driver

2023-02-15 22:44:27 - [MESSAGE][INFO] - User set preference: ['acceptInsecureCerts', 'true']

2023-02-15 22:44:27 - [MESSAGE][INFO] - Action delay is set to 0 milliseconds

2023-02-15 22:44:28 - [MESSAGE][PASSED] - Browser is opened with url: 'https://dev-algorithm.govolution.com/vlinktest/QA/version_2_0/auth.html'

2023-02-15 22:44:28 - [TEST_STEP][PASSED] - maximizeWindow(): Current window maximized

2023-02-15 22:44:29 - [MESSAGE][PASSED] - Current window maximized

2023-02-15 22:44:29 - [TEST_STEP][PASSED] - maximizeWindow(): Current window maximized

2023-02-15 22:44:29 - [MESSAGE][PASSED] - Current window maximized

2023-02-15 22:44:29 - [TEST_STEP][PASSED] - setText(findTestObject("Object Repository/RecAndPlayBk/Page-Vlink-AuthOnly/txt_TransactionType"), tranType): Text '104' is set on object 'Object Repository/RecAndPlayBk/Page-Vlink-AuthOnly/txt_TransactionType'

2023-02-15 22:44:29 - [MESSAGE][PASSED] - Text '104' is set on object 'Object Repository/RecAndPlayBk/Page-Vlink-AuthOnly/txt_TransactionType'

2023-02-15 22:44:29 - [TEST_STEP][PASSED] - setText(findTestObject("Object Repository/RecAndPlayBk/Page-Vlink-AuthOnly/txt_MessageVersion"), mv): Text '2.0C' is set on object 'Object Repository/RecAndPlayBk/Page-Vlink-AuthOnly/txt_MessageVersion'

2023-02-15 22:44:30 - [MESSAGE][PASSED] - Text '2.0C' is set on object 'Object Repository/RecAndPlayBk/Page-Vlink-AuthOnly/txt_MessageVersion'

2023-02-15 22:44:30 - [TEST_STEP][PASSED] - genRemID = RandomStringUtils.random(12, true, true): null

2023-02-15 22:44:30 - [TEST_STEP][PASSED] - setText(findTestObject("Object Repository/RecAndPlayBk/Page-Vlink-AuthOnly/input_Remittance Id_remittance_id"), genRemID): Text '3T4jOhzNWaB3' is set on object 'Object Repository/RecAndPlayBk/Page-Vlink-AuthOnly/input_Remittance Id_remittance_id'

2023-02-15 22:44:31 - [MESSAGE][PASSED] - Text '3T4jOhzNWaB3' is set on object 'Object Repository/RecAndPlayBk/Page-Vlink-AuthOnly/input_Remittance Id_remittance_id'

2023-02-15 22:44:31 - [TEST_STEP][PASSED] - setText(findTestObject("Object Repository/RecAndPlayBk/Page-Vlink-AuthOnly/input_Application Id_application_id"), appID): Text '234' is set on object 'Object Repository/RecAndPlayBk/Page-Vlink-AuthOnly/input_Application Id_application_id'

2023-02-15 22:44:31 - [MESSAGE][PASSED] - Text '234' is set on object 'Object Repository/RecAndPlayBk/Page-Vlink-AuthOnly/input_Application Id_application_id'

2023-02-15 22:44:31 - [TEST_STEP][PASSED] - setText(findTestObject("Object Repository/RecAndPlayBk/Page-Vlink-AuthOnly/input_Username_username"), username): Text 'username' is set on object 'Object Repository/RecAndPlayBk/Page-Vlink-AuthOnly/input_Username_username'

2023-02-15 22:44:32 - [MESSAGE][PASSED] - Text 'username' is set on object 'Object Repository/RecAndPlayBk/Page-Vlink-AuthOnly/input_Username_username'

2023-02-15 22:44:32 - [TEST_STEP][PASSED] - setText(findTestObject("Object Repository/RecAndPlayBk/Page-Vlink-AuthOnly/input_Password_password"), password): Text 'password' is set on object 'Object Repository/RecAndPlayBk/Page-Vlink-AuthOnly/input_Password_password'

2023-02-15 22:44:33 - [MESSAGE][PASSED] - Text 'password' is set on object 'Object Repository/RecAndPlayBk/Page-Vlink-AuthOnly/input_Password_password'

2023-02-15 22:44:33 - [TEST_STEP][PASSED] - setText(findTestObject("Object Repository/RecAndPlayBk/Page-Vlink-AuthOnly/txt_ResponseFormat"), resFormat): Text 'fixed_width' is set on object 'Object Repository/RecAndPlayBk/Page-Vlink-AuthOnly/txt_ResponseFormat'

2023-02-15 22:44:33 - [MESSAGE][PASSED] - Text 'fixed_width' is set on object 'Object Repository/RecAndPlayBk/Page-Vlink-AuthOnly/txt_ResponseFormat'

2023-02-15 22:44:33 - [TEST_STEP][PASSED] - setText(findTestObject("Object Repository/RecAndPlayBk/Page-Vlink-AuthOnly/input_Category_category"), category): Text 'ECOM' is set on object 'Object Repository/RecAndPlayBk/Page-Vlink-AuthOnly/input_Category_category'

2023-02-15 22:44:34 - [MESSAGE][PASSED] - Text 'ECOM' is set on object 'Object Repository/RecAndPlayBk/Page-Vlink-AuthOnly/input_Category_category'

2023-02-15 22:44:34 - [TEST_STEP][PASSED] - setText(findTestObject("Object Repository/RecAndPlayBk/Page-Vlink-AuthOnly/txt_CardName"), cardName): Text 'Kris Roshan' is set on object 'Object Repository/RecAndPlayBk/Page-Vlink-AuthOnly/txt_CardName'

2023-02-15 22:44:34 - [MESSAGE][PASSED] - Text 'Kris Roshan' is set on object 'Object Repository/RecAndPlayBk/Page-Vlink-AuthOnly/txt_CardName'

2023-02-15 22:44:34 - [TEST_STEP][PASSED] - setText(findTestObject("Object Repository/RecAndPlayBk/Page-Vlink-AuthOnly/txt_AL1"), al1): Text '' is set on object 'Object Repository/RecAndPlayBk/Page-Vlink-AuthOnly/txt_AL1'

2023-02-15 22:44:35 - [MESSAGE][PASSED] - Text '' is set on object 'Object Repository/RecAndPlayBk/Page-Vlink-AuthOnly/txt_AL1'

2023-02-15 22:44:35 - [TEST_STEP][PASSED] - setText(findTestObject("Object Repository/RecAndPlayBk/Page-Vlink-AuthOnly/txt_CardCity"), city): Text 'Arlington' is set on object 'Object Repository/RecAndPlayBk/Page-Vlink-AuthOnly/txt_CardCity'

2023-02-15 22:44:36 - [MESSAGE][PASSED] - Text 'Arlington' is set on object 'Object Repository/RecAndPlayBk/Page-Vlink-AuthOnly/txt_CardCity'

2023-02-15 22:44:36 - [TEST_STEP][PASSED] - setText(findTestObject("Object Repository/RecAndPlayBk/Page-Vlink-AuthOnly/txt_CardState"), state): Text 'VA' is set on object 'Object Repository/RecAndPlayBk/Page-Vlink-AuthOnly/txt_CardState'

2023-02-15 22:44:36 - [MESSAGE][PASSED] - Text 'VA' is set on object 'Object Repository/RecAndPlayBk/Page-Vlink-AuthOnly/txt_CardState'

2023-02-15 22:44:36 - [TEST_STEP][PASSED] - setText(findTestObject("Object Repository/RecAndPlayBk/Page-Vlink-AuthOnly/txt_CardZIP"), zip): Text '22201' is set on object 'Object Repository/RecAndPlayBk/Page-Vlink-AuthOnly/txt_CardZIP'

2023-02-15 22:44:37 - [MESSAGE][PASSED] - Text '22201' is set on object 'Object Repository/RecAndPlayBk/Page-Vlink-AuthOnly/txt_CardZIP'

2023-02-15 22:44:37 - [TEST_STEP][PASSED] - setText(findTestObject("Object Repository/RecAndPlayBk/Page-Vlink-AuthOnly/input_Amount_amount"), amount): Text '1.50' is set on object 'Object Repository/RecAndPlayBk/Page-Vlink-AuthOnly/input_Amount_amount'

2023-02-15 22:44:38 - [MESSAGE][PASSED] - Text '1.50' is set on object 'Object Repository/RecAndPlayBk/Page-Vlink-AuthOnly/input_Amount_amount'

2023-02-15 22:44:38 - [TEST_STEP][PASSED] - setText(findTestObject("Object Repository/RecAndPlayBk/Page-Vlink-AuthOnly/input_Card number_card_number"), cardNumber): Text '4111111111111111' is set on object 'Object Repository/RecAndPlayBk/Page-Vlink-AuthOnly/input_Card number_card_number'

2023-02-15 22:44:38 - [MESSAGE][PASSED] - Text '4111111111111111' is set on object 'Object Repository/RecAndPlayBk/Page-Vlink-AuthOnly/input_Card number_card_number'

2023-02-15 22:44:38 - [TEST_STEP][PASSED] - setText(findTestObject("Object Repository/RecAndPlayBk/Page-Vlink-AuthOnly/input_Card ex month_card_exmo"), exM): Text '12' is set on object 'Object Repository/RecAndPlayBk/Page-Vlink-AuthOnly/input_Card ex month_card_exmo'

2023-02-15 22:44:39 - [MESSAGE][PASSED] - Text '12' is set on object 'Object Repository/RecAndPlayBk/Page-Vlink-AuthOnly/input_Card ex month_card_exmo'

2023-02-15 22:44:39 - [TEST_STEP][PASSED] - setText(findTestObject("Object Repository/RecAndPlayBk/Page-Vlink-AuthOnly/input_Card ex year_card_exyr"), exY): Text '2025' is set on object 'Object Repository/RecAndPlayBk/Page-Vlink-AuthOnly/input_Card ex year_card_exyr'

2023-02-15 22:44:40 - [MESSAGE][PASSED] - Text '2025' is set on object 'Object Repository/RecAndPlayBk/Page-Vlink-AuthOnly/input_Card ex year_card_exyr'

2023-02-15 22:44:40 - [TEST_STEP][PASSED] - setText(findTestObject("Object Repository/RecAndPlayBk/Page-Vlink-AuthOnly/input_Track Data_track_data"), ""): Text '' is set on object 'Object Repository/RecAndPlayBk/Page-Vlink-AuthOnly/input_Track Data_track_data'

2023-02-15 22:44:40 - [MESSAGE][PASSED] - Text '' is set on object 'Object Repository/RecAndPlayBk/Page-Vlink-AuthOnly/input_Track Data_track_data'

2023-02-15 22:44:40 - [TEST_STEP][PASSED] - setText(findTestObject("Object Repository/RecAndPlayBk/Page-Vlink-AuthOnly/input_concat(Cardholder, , s email)_email"), ""): Text '' is set on object 'Object Repository/RecAndPlayBk/Page-Vlink-AuthOnly/input_concat(Cardholder, , s email)_email'

2023-02-15 22:44:41 - [MESSAGE][PASSED] - Text '' is set on object 'Object Repository/RecAndPlayBk/Page-Vlink-AuthOnly/input_concat(Cardholder, , s email)_email'

2023-02-15 22:44:41 - [TEST_STEP][PASSED] - click(findTestObject("Object Repository/RecAndPlayBk/Page-Vlink-AuthOnly/input_user_defined10_user_defined10")): Object: 'Object Repository/RecAndPlayBk/Page-Vlink-AuthOnly/input_user_defined10_user_defined10' is clicked on

2023-02-15 22:44:41 - [MESSAGE][PASSED] - Object: 'Object Repository/RecAndPlayBk/Page-Vlink-AuthOnly/input_user_defined10_user_defined10' is clicked on

2023-02-15 22:44:41 - [TEST_STEP][PASSED] - setText(findTestObject("Object Repository/RecAndPlayBk/Page-Vlink-AuthOnly/input_Card on File Indicator_card_on_file_i_157dae"), ""): Text '' is set on object 'Object Repository/RecAndPlayBk/Page-Vlink-AuthOnly/input_Card on File Indicator_card_on_file_i_157dae'

2023-02-15 22:44:42 - [MESSAGE][PASSED] - Text '' is set on object 'Object Repository/RecAndPlayBk/Page-Vlink-AuthOnly/input_Card on File Indicator_card_on_file_i_157dae'

2023-02-15 22:44:42 - [TEST_STEP][PASSED] - setText(findTestObject("Object Repository/RecAndPlayBk/Page-Vlink-AuthOnly/input_Stored Credential Indicator_stored_cr_4ae73c"), ""): Text '' is set on object 'Object Repository/RecAndPlayBk/Page-Vlink-AuthOnly/input_Stored Credential Indicator_stored_cr_4ae73c'

2023-02-15 22:44:43 - [MESSAGE][PASSED] - Text '' is set on object 'Object Repository/RecAndPlayBk/Page-Vlink-AuthOnly/input_Stored Credential Indicator_stored_cr_4ae73c'

2023-02-15 22:44:43 - [TEST_STEP][PASSED] - setText(findTestObject("Object Repository/RecAndPlayBk/Page-Vlink-AuthOnly/input_COF Scheduled indicator_cof_scheduled_8df7d8"), ""): Text '' is set on object 'Object Repository/RecAndPlayBk/Page-Vlink-AuthOnly/input_COF Scheduled indicator_cof_scheduled_8df7d8'

2023-02-15 22:44:43 - [MESSAGE][PASSED] - Text '' is set on object 'Object Repository/RecAndPlayBk/Page-Vlink-AuthOnly/input_COF Scheduled indicator_cof_scheduled_8df7d8'

2023-02-15 22:44:43 - [TEST_STEP][PASSED] - setText(findTestObject("Object Repository/RecAndPlayBk/Page-Vlink-AuthOnly/input_COF Transaction Initiated by_cof_tran_6cded5"), ""): Text '' is set on object 'Object Repository/RecAndPlayBk/Page-Vlink-AuthOnly/input_COF Transaction Initiated by_cof_tran_6cded5'

2023-02-15 22:44:44 - [MESSAGE][PASSED] - Text '' is set on object 'Object Repository/RecAndPlayBk/Page-Vlink-AuthOnly/input_COF Transaction Initiated by_cof_tran_6cded5'

2023-02-15 22:44:44 - [TEST_STEP][PASSED] - click(findTestObject("Object Repository/RecAndPlayBk/Page-Vlink-AuthOnly/input")): Object: 'Object Repository/RecAndPlayBk/Page-Vlink-AuthOnly/input' is clicked on

2023-02-15 22:44:45 - [MESSAGE][PASSED] - Object: 'Object Repository/RecAndPlayBk/Page-Vlink-AuthOnly/input' is clicked on

2023-02-15 22:44:45 - [TEST_STEP][PASSED] - if (verifyTextPresent(errorMsg, true)): null

2023-02-15 22:44:45 - [MESSAGE][PASSED] - Text 'card_address' is present on page  using regular expression

2023-02-15 22:44:45 - [TEST_STEP][PASSED] - println("Error Message is present on the Confirmation page"): null

2023-02-15 22:44:45 - [TEST_STEP][PASSED] - out.println("Pass Record Number: " + row): null

2023-02-15 22:44:45 - [TEST_STEP][PASSED] - resText = "Pass": null

2023-02-15 22:44:45 - [TEST_STEP][PASSED] - pages.WriteExcel.demoKey(resText, datText, resColumn, datCloumn, fileLoc, nameSheet, row): pages.WriteExcel.demoKey is PASSED

2023-02-15 22:44:45 - [MESSAGE][PASSED] - pages.WriteExcel.demoKey is PASSED

2023-02-15 22:44:45 - [TEST_STEP][PASSED] - ExecuteTC = findTestData(dataFile).getValue("Execute", row): null

2023-02-15 22:44:45 - [TEST_STEP][PASSED] - out.println("Value of Execute is : " + ExecuteTC): null

2023-02-15 22:44:45 - [TEST_STEP][PASSED] - if (ExecuteTC.equalsIgnoreCase("Y")): null

2023-02-15 22:44:45 - [TEST_STEP][PASSED] - out.println("Begin Record Number: " + row): null

2023-02-15 22:44:45 - [TEST_STEP][PASSED] - today = new java.util.Date(): null

2023-02-15 22:44:45 - [TEST_STEP][PASSED] - println(today): null

2023-02-15 22:44:45 - [TEST_STEP][PASSED] - datText = today: null

2023-02-15 22:44:45 - [TEST_STEP][PASSED] - errorMsg = findTestData(dataFile).getValue("ErrorMsg", row): null

2023-02-15 22:44:45 - [TEST_STEP][PASSED] - appID = findTestData(dataFile).getValue("AppID", row): null

2023-02-15 22:44:45 - [TEST_STEP][PASSED] - username = findTestData(dataFile).getValue("Username", row): null

2023-02-15 22:44:45 - [TEST_STEP][PASSED] - password = findTestData(dataFile).getValue("Password", row): null

2023-02-15 22:44:46 - [TEST_STEP][PASSED] - tranType = findTestData(dataFile).getValue("TranType", row): null

2023-02-15 22:44:46 - [TEST_STEP][PASSED] - mv = findTestData(dataFile).getValue("MV", row): null

2023-02-15 22:44:46 - [TEST_STEP][PASSED] - resFormat = findTestData(dataFile).getValue("ResFormat", row): null

2023-02-15 22:44:46 - [TEST_STEP][PASSED] - category = findTestData(dataFile).getValue("Category", row): null

2023-02-15 22:44:46 - [TEST_STEP][PASSED] - amount = findTestData(dataFile).getValue("Amount", row): null

2023-02-15 22:44:46 - [TEST_STEP][PASSED] - cardName = findTestData(dataFile).getValue("CardName", row): null

2023-02-15 22:44:46 - [TEST_STEP][PASSED] - al1 = findTestData(dataFile).getValue("AL1", row): null

2023-02-15 22:44:46 - [TEST_STEP][PASSED] - city = findTestData(dataFile).getValue("City", row): null

2023-02-15 22:44:46 - [TEST_STEP][PASSED] - state = findTestData(dataFile).getValue("State", row): null

2023-02-15 22:44:46 - [TEST_STEP][PASSED] - zip = findTestData(dataFile).getValue("ZIP", row): null

2023-02-15 22:44:46 - [TEST_STEP][PASSED] - cardNumber = findTestData(dataFile).getValue("CardNumber", row): null

2023-02-15 22:44:47 - [TEST_STEP][PASSED] - exM = findTestData(dataFile).getValue("ExM", row): null

2023-02-15 22:44:47 - [TEST_STEP][PASSED] - exY = findTestData(dataFile).getValue("ExY", row): null

2023-02-15 22:44:47 - [TEST_STEP][PASSED] - openBrowser(VLinkURL + "auth.html"): Browser is opened with url: 'https://dev-algorithm.govolution.com/vlinktest/QA/version_2_0/auth.html'

2023-02-15 22:44:47 - [MESSAGE][WARNING] - A browser is already opened. Closing browser and opening a new one

2023-02-15 22:44:48 - [MESSAGE][INFO] - Starting 'Chrome' driver

2023-02-15 22:44:48 - [MESSAGE][INFO] - User set preference: ['acceptInsecureCerts', 'true']

2023-02-15 22:44:48 - [MESSAGE][INFO] - Action delay is set to 0 milliseconds

2023-02-15 22:44:49 - [MESSAGE][PASSED] - Browser is opened with url: 'https://dev-algorithm.govolution.com/vlinktest/QA/version_2_0/auth.html'

2023-02-15 22:44:49 - [TEST_STEP][PASSED] - maximizeWindow(): Current window maximized

2023-02-15 22:44:50 - [MESSAGE][PASSED] - Current window maximized

2023-02-15 22:44:50 - [TEST_STEP][PASSED] - maximizeWindow(): Current window maximized

2023-02-15 22:44:50 - [MESSAGE][PASSED] - Current window maximized

2023-02-15 22:44:50 - [TEST_STEP][PASSED] - setText(findTestObject("Object Repository/RecAndPlayBk/Page-Vlink-AuthOnly/txt_TransactionType"), tranType): Text '104' is set on object 'Object Repository/RecAndPlayBk/Page-Vlink-AuthOnly/txt_TransactionType'

2023-02-15 22:44:50 - [MESSAGE][PASSED] - Text '104' is set on object 'Object Repository/RecAndPlayBk/Page-Vlink-AuthOnly/txt_TransactionType'

2023-02-15 22:44:50 - [TEST_STEP][PASSED] - setText(findTestObject("Object Repository/RecAndPlayBk/Page-Vlink-AuthOnly/txt_MessageVersion"), mv): Text '2.0C' is set on object 'Object Repository/RecAndPlayBk/Page-Vlink-AuthOnly/txt_MessageVersion'

2023-02-15 22:44:51 - [MESSAGE][PASSED] - Text '2.0C' is set on object 'Object Repository/RecAndPlayBk/Page-Vlink-AuthOnly/txt_MessageVersion'

2023-02-15 22:44:51 - [TEST_STEP][PASSED] - genRemID = RandomStringUtils.random(12, true, true): null

2023-02-15 22:44:51 - [TEST_STEP][PASSED] - setText(findTestObject("Object Repository/RecAndPlayBk/Page-Vlink-AuthOnly/input_Remittance Id_remittance_id"), genRemID): Text 'mg4Vp7akCT0R' is set on object 'Object Repository/RecAndPlayBk/Page-Vlink-AuthOnly/input_Remittance Id_remittance_id'

2023-02-15 22:44:52 - [MESSAGE][PASSED] - Text 'mg4Vp7akCT0R' is set on object 'Object Repository/RecAndPlayBk/Page-Vlink-AuthOnly/input_Remittance Id_remittance_id'

2023-02-15 22:44:52 - [TEST_STEP][PASSED] - setText(findTestObject("Object Repository/RecAndPlayBk/Page-Vlink-AuthOnly/input_Application Id_application_id"), appID): Text '234' is set on object 'Object Repository/RecAndPlayBk/Page-Vlink-AuthOnly/input_Application Id_application_id'

2023-02-15 22:44:52 - [MESSAGE][PASSED] - Text '234' is set on object 'Object Repository/RecAndPlayBk/Page-Vlink-AuthOnly/input_Application Id_application_id'

2023-02-15 22:44:52 - [TEST_STEP][PASSED] - setText(findTestObject("Object Repository/RecAndPlayBk/Page-Vlink-AuthOnly/input_Username_username"), username): Text 'username' is set on object 'Object Repository/RecAndPlayBk/Page-Vlink-AuthOnly/input_Username_username'

2023-02-15 22:44:53 - [MESSAGE][PASSED] - Text 'username' is set on object 'Object Repository/RecAndPlayBk/Page-Vlink-AuthOnly/input_Username_username'

2023-02-15 22:44:53 - [TEST_STEP][PASSED] - setText(findTestObject("Object Repository/RecAndPlayBk/Page-Vlink-AuthOnly/input_Password_password"), password): Text 'password' is set on object 'Object Repository/RecAndPlayBk/Page-Vlink-AuthOnly/input_Password_password'

2023-02-15 22:44:54 - [MESSAGE][PASSED] - Text 'password' is set on object 'Object Repository/RecAndPlayBk/Page-Vlink-AuthOnly/input_Password_password'

2023-02-15 22:44:54 - [TEST_STEP][PASSED] - setText(findTestObject("Object Repository/RecAndPlayBk/Page-Vlink-AuthOnly/txt_ResponseFormat"), resFormat): Text 'fixed_width' is set on object 'Object Repository/RecAndPlayBk/Page-Vlink-AuthOnly/txt_ResponseFormat'

2023-02-15 22:44:54 - [MESSAGE][PASSED] - Text 'fixed_width' is set on object 'Object Repository/RecAndPlayBk/Page-Vlink-AuthOnly/txt_ResponseFormat'

2023-02-15 22:44:54 - [TEST_STEP][PASSED] - setText(findTestObject("Object Repository/RecAndPlayBk/Page-Vlink-AuthOnly/input_Category_category"), category): Text 'MOTO' is set on object 'Object Repository/RecAndPlayBk/Page-Vlink-AuthOnly/input_Category_category'

2023-02-15 22:44:55 - [MESSAGE][PASSED] - Text 'MOTO' is set on object 'Object Repository/RecAndPlayBk/Page-Vlink-AuthOnly/input_Category_category'

2023-02-15 22:44:55 - [TEST_STEP][PASSED] - setText(findTestObject("Object Repository/RecAndPlayBk/Page-Vlink-AuthOnly/txt_CardName"), cardName): Text 'Kris Roshan' is set on object 'Object Repository/RecAndPlayBk/Page-Vlink-AuthOnly/txt_CardName'

2023-02-15 22:44:56 - [MESSAGE][PASSED] - Text 'Kris Roshan' is set on object 'Object Repository/RecAndPlayBk/Page-Vlink-AuthOnly/txt_CardName'

2023-02-15 22:44:56 - [TEST_STEP][PASSED] - setText(findTestObject("Object Repository/RecAndPlayBk/Page-Vlink-AuthOnly/txt_AL1"), al1): Text '' is set on object 'Object Repository/RecAndPlayBk/Page-Vlink-AuthOnly/txt_AL1'

2023-02-15 22:44:56 - [MESSAGE][PASSED] - Text '' is set on object 'Object Repository/RecAndPlayBk/Page-Vlink-AuthOnly/txt_AL1'

2023-02-15 22:44:56 - [TEST_STEP][PASSED] - setText(findTestObject("Object Repository/RecAndPlayBk/Page-Vlink-AuthOnly/txt_CardCity"), city): Text 'Arlington' is set on object 'Object Repository/RecAndPlayBk/Page-Vlink-AuthOnly/txt_CardCity'

2023-02-15 22:44:57 - [MESSAGE][PASSED] - Text 'Arlington' is set on object 'Object Repository/RecAndPlayBk/Page-Vlink-AuthOnly/txt_CardCity'

2023-02-15 22:44:57 - [TEST_STEP][PASSED] - setText(findTestObject("Object Repository/RecAndPlayBk/Page-Vlink-AuthOnly/txt_CardState"), state): Text 'VA' is set on object 'Object Repository/RecAndPlayBk/Page-Vlink-AuthOnly/txt_CardState'

2023-02-15 22:44:57 - [MESSAGE][PASSED] - Text 'VA' is set on object 'Object Repository/RecAndPlayBk/Page-Vlink-AuthOnly/txt_CardState'

2023-02-15 22:44:57 - [TEST_STEP][PASSED] - setText(findTestObject("Object Repository/RecAndPlayBk/Page-Vlink-AuthOnly/txt_CardZIP"), zip): Text '22201' is set on object 'Object Repository/RecAndPlayBk/Page-Vlink-AuthOnly/txt_CardZIP'

2023-02-15 22:44:58 - [MESSAGE][PASSED] - Text '22201' is set on object 'Object Repository/RecAndPlayBk/Page-Vlink-AuthOnly/txt_CardZIP'

2023-02-15 22:44:58 - [TEST_STEP][PASSED] - setText(findTestObject("Object Repository/RecAndPlayBk/Page-Vlink-AuthOnly/input_Amount_amount"), amount): Text '1.50' is set on object 'Object Repository/RecAndPlayBk/Page-Vlink-AuthOnly/input_Amount_amount'

2023-02-15 22:44:59 - [MESSAGE][PASSED] - Text '1.50' is set on object 'Object Repository/RecAndPlayBk/Page-Vlink-AuthOnly/input_Amount_amount'

2023-02-15 22:44:59 - [TEST_STEP][PASSED] - setText(findTestObject("Object Repository/RecAndPlayBk/Page-Vlink-AuthOnly/input_Card number_card_number"), cardNumber): Text '4111111111111111' is set on object 'Object Repository/RecAndPlayBk/Page-Vlink-AuthOnly/input_Card number_card_number'

2023-02-15 22:44:59 - [MESSAGE][PASSED] - Text '4111111111111111' is set on object 'Object Repository/RecAndPlayBk/Page-Vlink-AuthOnly/input_Card number_card_number'

2023-02-15 22:44:59 - [TEST_STEP][PASSED] - setText(findTestObject("Object Repository/RecAndPlayBk/Page-Vlink-AuthOnly/input_Card ex month_card_exmo"), exM): Text '12' is set on object 'Object Repository/RecAndPlayBk/Page-Vlink-AuthOnly/input_Card ex month_card_exmo'

2023-02-15 22:45:00 - [MESSAGE][PASSED] - Text '12' is set on object 'Object Repository/RecAndPlayBk/Page-Vlink-AuthOnly/input_Card ex month_card_exmo'

2023-02-15 22:45:00 - [TEST_STEP][PASSED] - setText(findTestObject("Object Repository/RecAndPlayBk/Page-Vlink-AuthOnly/input_Card ex year_card_exyr"), exY): Text '2025' is set on object 'Object Repository/RecAndPlayBk/Page-Vlink-AuthOnly/input_Card ex year_card_exyr'

2023-02-15 22:45:01 - [MESSAGE][PASSED] - Text '2025' is set on object 'Object Repository/RecAndPlayBk/Page-Vlink-AuthOnly/input_Card ex year_card_exyr'

2023-02-15 22:45:01 - [TEST_STEP][PASSED] - setText(findTestObject("Object Repository/RecAndPlayBk/Page-Vlink-AuthOnly/input_Track Data_track_data"), ""): Text '' is set on object 'Object Repository/RecAndPlayBk/Page-Vlink-AuthOnly/input_Track Data_track_data'

2023-02-15 22:45:01 - [MESSAGE][PASSED] - Text '' is set on object 'Object Repository/RecAndPlayBk/Page-Vlink-AuthOnly/input_Track Data_track_data'

2023-02-15 22:45:01 - [TEST_STEP][PASSED] - setText(findTestObject("Object Repository/RecAndPlayBk/Page-Vlink-AuthOnly/input_concat(Cardholder, , s email)_email"), ""): Text '' is set on object 'Object Repository/RecAndPlayBk/Page-Vlink-AuthOnly/input_concat(Cardholder, , s email)_email'

2023-02-15 22:45:02 - [MESSAGE][PASSED] - Text '' is set on object 'Object Repository/RecAndPlayBk/Page-Vlink-AuthOnly/input_concat(Cardholder, , s email)_email'

2023-02-15 22:45:02 - [TEST_STEP][PASSED] - click(findTestObject("Object Repository/RecAndPlayBk/Page-Vlink-AuthOnly/input_user_defined10_user_defined10")): Object: 'Object Repository/RecAndPlayBk/Page-Vlink-AuthOnly/input_user_defined10_user_defined10' is clicked on

2023-02-15 22:45:02 - [MESSAGE][PASSED] - Object: 'Object Repository/RecAndPlayBk/Page-Vlink-AuthOnly/input_user_defined10_user_defined10' is clicked on

2023-02-15 22:45:02 - [TEST_STEP][PASSED] - setText(findTestObject("Object Repository/RecAndPlayBk/Page-Vlink-AuthOnly/input_Card on File Indicator_card_on_file_i_157dae"), ""): Text '' is set on object 'Object Repository/RecAndPlayBk/Page-Vlink-AuthOnly/input_Card on File Indicator_card_on_file_i_157dae'

2023-02-15 22:45:03 - [MESSAGE][PASSED] - Text '' is set on object 'Object Repository/RecAndPlayBk/Page-Vlink-AuthOnly/input_Card on File Indicator_card_on_file_i_157dae'

2023-02-15 22:45:03 - [TEST_STEP][PASSED] - setText(findTestObject("Object Repository/RecAndPlayBk/Page-Vlink-AuthOnly/input_Stored Credential Indicator_stored_cr_4ae73c"), ""): Text '' is set on object 'Object Repository/RecAndPlayBk/Page-Vlink-AuthOnly/input_Stored Credential Indicator_stored_cr_4ae73c'

2023-02-15 22:45:04 - [MESSAGE][PASSED] - Text '' is set on object 'Object Repository/RecAndPlayBk/Page-Vlink-AuthOnly/input_Stored Credential Indicator_stored_cr_4ae73c'

2023-02-15 22:45:04 - [TEST_STEP][PASSED] - setText(findTestObject("Object Repository/RecAndPlayBk/Page-Vlink-AuthOnly/input_COF Scheduled indicator_cof_scheduled_8df7d8"), ""): Text '' is set on object 'Object Repository/RecAndPlayBk/Page-Vlink-AuthOnly/input_COF Scheduled indicator_cof_scheduled_8df7d8'

2023-02-15 22:45:04 - [MESSAGE][PASSED] - Text '' is set on object 'Object Repository/RecAndPlayBk/Page-Vlink-AuthOnly/input_COF Scheduled indicator_cof_scheduled_8df7d8'

2023-02-15 22:45:04 - [TEST_STEP][PASSED] - setText(findTestObject("Object Repository/RecAndPlayBk/Page-Vlink-AuthOnly/input_COF Transaction Initiated by_cof_tran_6cded5"), ""): Text '' is set on object 'Object Repository/RecAndPlayBk/Page-Vlink-AuthOnly/input_COF Transaction Initiated by_cof_tran_6cded5'

2023-02-15 22:45:05 - [MESSAGE][PASSED] - Text '' is set on object 'Object Repository/RecAndPlayBk/Page-Vlink-AuthOnly/input_COF Transaction Initiated by_cof_tran_6cded5'

2023-02-15 22:45:05 - [TEST_STEP][PASSED] - click(findTestObject("Object Repository/RecAndPlayBk/Page-Vlink-AuthOnly/input")): Object: 'Object Repository/RecAndPlayBk/Page-Vlink-AuthOnly/input' is clicked on

2023-02-15 22:45:06 - [MESSAGE][PASSED] - Object: 'Object Repository/RecAndPlayBk/Page-Vlink-AuthOnly/input' is clicked on

2023-02-15 22:45:06 - [TEST_STEP][PASSED] - if (verifyTextPresent(errorMsg, true)): null

2023-02-15 22:45:06 - [MESSAGE][PASSED] - Text 'card_address' is present on page  using regular expression

2023-02-15 22:45:06 - [TEST_STEP][PASSED] - println("Error Message is present on the Confirmation page"): null

2023-02-15 22:45:06 - [TEST_STEP][PASSED] - out.println("Pass Record Number: " + row): null

2023-02-15 22:45:06 - [TEST_STEP][PASSED] - resText = "Pass": null

2023-02-15 22:45:06 - [TEST_STEP][PASSED] - pages.WriteExcel.demoKey(resText, datText, resColumn, datCloumn, fileLoc, nameSheet, row): pages.WriteExcel.demoKey is PASSED

2023-02-15 22:45:06 - [MESSAGE][PASSED] - pages.WriteExcel.demoKey is PASSED

2023-02-15 22:45:06 - [TEST_STEP][PASSED] - ExecuteTC = findTestData(dataFile).getValue("Execute", row): null

2023-02-15 22:45:06 - [TEST_STEP][PASSED] - out.println("Value of Execute is : " + ExecuteTC): null

2023-02-15 22:45:06 - [TEST_STEP][PASSED] - if (ExecuteTC.equalsIgnoreCase("Y")): null

2023-02-15 22:45:06 - [TEST_STEP][PASSED] - out.println("Begin Record Number: " + row): null

2023-02-15 22:45:06 - [TEST_STEP][PASSED] - today = new java.util.Date(): null

2023-02-15 22:45:06 - [TEST_STEP][PASSED] - println(today): null

2023-02-15 22:45:06 - [TEST_STEP][PASSED] - datText = today: null

2023-02-15 22:45:06 - [TEST_STEP][PASSED] - errorMsg = findTestData(dataFile).getValue("ErrorMsg", row): null

2023-02-15 22:45:06 - [TEST_STEP][PASSED] - appID = findTestData(dataFile).getValue("AppID", row): null

2023-02-15 22:45:06 - [TEST_STEP][PASSED] - username = findTestData(dataFile).getValue("Username", row): null

2023-02-15 22:45:06 - [TEST_STEP][PASSED] - password = findTestData(dataFile).getValue("Password", row): null

2023-02-15 22:45:07 - [TEST_STEP][PASSED] - tranType = findTestData(dataFile).getValue("TranType", row): null

2023-02-15 22:45:07 - [TEST_STEP][PASSED] - mv = findTestData(dataFile).getValue("MV", row): null

2023-02-15 22:45:07 - [TEST_STEP][PASSED] - resFormat = findTestData(dataFile).getValue("ResFormat", row): null

2023-02-15 22:45:07 - [TEST_STEP][PASSED] - category = findTestData(dataFile).getValue("Category", row): null

2023-02-15 22:45:07 - [TEST_STEP][PASSED] - amount = findTestData(dataFile).getValue("Amount", row): null

2023-02-15 22:45:07 - [TEST_STEP][PASSED] - cardName = findTestData(dataFile).getValue("CardName", row): null

2023-02-15 22:45:07 - [TEST_STEP][PASSED] - al1 = findTestData(dataFile).getValue("AL1", row): null

2023-02-15 22:45:07 - [TEST_STEP][PASSED] - city = findTestData(dataFile).getValue("City", row): null

2023-02-15 22:45:07 - [TEST_STEP][PASSED] - state = findTestData(dataFile).getValue("State", row): null

2023-02-15 22:45:07 - [TEST_STEP][PASSED] - zip = findTestData(dataFile).getValue("ZIP", row): null

2023-02-15 22:45:07 - [TEST_STEP][PASSED] - cardNumber = findTestData(dataFile).getValue("CardNumber", row): null

2023-02-15 22:45:08 - [TEST_STEP][PASSED] - exM = findTestData(dataFile).getValue("ExM", row): null

2023-02-15 22:45:08 - [TEST_STEP][PASSED] - exY = findTestData(dataFile).getValue("ExY", row): null

2023-02-15 22:45:08 - [TEST_STEP][PASSED] - openBrowser(VLinkURL + "auth.html"): Browser is opened with url: 'https://dev-algorithm.govolution.com/vlinktest/QA/version_2_0/auth.html'

2023-02-15 22:45:08 - [MESSAGE][WARNING] - A browser is already opened. Closing browser and opening a new one

2023-02-15 22:45:09 - [MESSAGE][INFO] - Starting 'Chrome' driver

2023-02-15 22:45:09 - [MESSAGE][INFO] - User set preference: ['acceptInsecureCerts', 'true']

2023-02-15 22:45:09 - [MESSAGE][INFO] - Action delay is set to 0 milliseconds

2023-02-15 22:45:10 - [MESSAGE][PASSED] - Browser is opened with url: 'https://dev-algorithm.govolution.com/vlinktest/QA/version_2_0/auth.html'

2023-02-15 22:45:10 - [TEST_STEP][PASSED] - maximizeWindow(): Current window maximized

2023-02-15 22:45:11 - [MESSAGE][PASSED] - Current window maximized

2023-02-15 22:45:11 - [TEST_STEP][PASSED] - maximizeWindow(): Current window maximized

2023-02-15 22:45:11 - [MESSAGE][PASSED] - Current window maximized

2023-02-15 22:45:11 - [TEST_STEP][PASSED] - setText(findTestObject("Object Repository/RecAndPlayBk/Page-Vlink-AuthOnly/txt_TransactionType"), tranType): Text '104' is set on object 'Object Repository/RecAndPlayBk/Page-Vlink-AuthOnly/txt_TransactionType'

2023-02-15 22:45:11 - [MESSAGE][PASSED] - Text '104' is set on object 'Object Repository/RecAndPlayBk/Page-Vlink-AuthOnly/txt_TransactionType'

2023-02-15 22:45:11 - [TEST_STEP][PASSED] - setText(findTestObject("Object Repository/RecAndPlayBk/Page-Vlink-AuthOnly/txt_MessageVersion"), mv): Text '2.0C' is set on object 'Object Repository/RecAndPlayBk/Page-Vlink-AuthOnly/txt_MessageVersion'

2023-02-15 22:45:12 - [MESSAGE][PASSED] - Text '2.0C' is set on object 'Object Repository/RecAndPlayBk/Page-Vlink-AuthOnly/txt_MessageVersion'

2023-02-15 22:45:12 - [TEST_STEP][PASSED] - genRemID = RandomStringUtils.random(12, true, true): null

2023-02-15 22:45:12 - [TEST_STEP][PASSED] - setText(findTestObject("Object Repository/RecAndPlayBk/Page-Vlink-AuthOnly/input_Remittance Id_remittance_id"), genRemID): Text 'TdGqMcIeh9v5' is set on object 'Object Repository/RecAndPlayBk/Page-Vlink-AuthOnly/input_Remittance Id_remittance_id'

2023-02-15 22:45:13 - [MESSAGE][PASSED] - Text 'TdGqMcIeh9v5' is set on object 'Object Repository/RecAndPlayBk/Page-Vlink-AuthOnly/input_Remittance Id_remittance_id'

2023-02-15 22:45:13 - [TEST_STEP][PASSED] - setText(findTestObject("Object Repository/RecAndPlayBk/Page-Vlink-AuthOnly/input_Application Id_application_id"), appID): Text '234' is set on object 'Object Repository/RecAndPlayBk/Page-Vlink-AuthOnly/input_Application Id_application_id'

2023-02-15 22:45:13 - [MESSAGE][PASSED] - Text '234' is set on object 'Object Repository/RecAndPlayBk/Page-Vlink-AuthOnly/input_Application Id_application_id'

2023-02-15 22:45:13 - [TEST_STEP][PASSED] - setText(findTestObject("Object Repository/RecAndPlayBk/Page-Vlink-AuthOnly/input_Username_username"), username): Text 'username' is set on object 'Object Repository/RecAndPlayBk/Page-Vlink-AuthOnly/input_Username_username'

2023-02-15 22:45:14 - [MESSAGE][PASSED] - Text 'username' is set on object 'Object Repository/RecAndPlayBk/Page-Vlink-AuthOnly/input_Username_username'

2023-02-15 22:45:14 - [TEST_STEP][PASSED] - setText(findTestObject("Object Repository/RecAndPlayBk/Page-Vlink-AuthOnly/input_Password_password"), password): Text 'password' is set on object 'Object Repository/RecAndPlayBk/Page-Vlink-AuthOnly/input_Password_password'

2023-02-15 22:45:15 - [MESSAGE][PASSED] - Text 'password' is set on object 'Object Repository/RecAndPlayBk/Page-Vlink-AuthOnly/input_Password_password'

2023-02-15 22:45:15 - [TEST_STEP][PASSED] - setText(findTestObject("Object Repository/RecAndPlayBk/Page-Vlink-AuthOnly/txt_ResponseFormat"), resFormat): Text 'fixed_width' is set on object 'Object Repository/RecAndPlayBk/Page-Vlink-AuthOnly/txt_ResponseFormat'

2023-02-15 22:45:15 - [MESSAGE][PASSED] - Text 'fixed_width' is set on object 'Object Repository/RecAndPlayBk/Page-Vlink-AuthOnly/txt_ResponseFormat'

2023-02-15 22:45:15 - [TEST_STEP][PASSED] - setText(findTestObject("Object Repository/RecAndPlayBk/Page-Vlink-AuthOnly/input_Category_category"), category): Text 'ECOM' is set on object 'Object Repository/RecAndPlayBk/Page-Vlink-AuthOnly/input_Category_category'

2023-02-15 22:45:16 - [MESSAGE][PASSED] - Text 'ECOM' is set on object 'Object Repository/RecAndPlayBk/Page-Vlink-AuthOnly/input_Category_category'

2023-02-15 22:45:16 - [TEST_STEP][PASSED] - setText(findTestObject("Object Repository/RecAndPlayBk/Page-Vlink-AuthOnly/txt_CardName"), cardName): Text 'Kris Roshan' is set on object 'Object Repository/RecAndPlayBk/Page-Vlink-AuthOnly/txt_CardName'

2023-02-15 22:45:16 - [MESSAGE][PASSED] - Text 'Kris Roshan' is set on object 'Object Repository/RecAndPlayBk/Page-Vlink-AuthOnly/txt_CardName'

2023-02-15 22:45:16 - [TEST_STEP][PASSED] - setText(findTestObject("Object Repository/RecAndPlayBk/Page-Vlink-AuthOnly/txt_AL1"), al1): Text '258 Elm Road' is set on object 'Object Repository/RecAndPlayBk/Page-Vlink-AuthOnly/txt_AL1'

2023-02-15 22:45:17 - [MESSAGE][PASSED] - Text '258 Elm Road' is set on object 'Object Repository/RecAndPlayBk/Page-Vlink-AuthOnly/txt_AL1'

2023-02-15 22:45:17 - [TEST_STEP][PASSED] - setText(findTestObject("Object Repository/RecAndPlayBk/Page-Vlink-AuthOnly/txt_CardCity"), city): Text 'Arlington' is set on object 'Object Repository/RecAndPlayBk/Page-Vlink-AuthOnly/txt_CardCity'

2023-02-15 22:45:18 - [MESSAGE][PASSED] - Text 'Arlington' is set on object 'Object Repository/RecAndPlayBk/Page-Vlink-AuthOnly/txt_CardCity'

2023-02-15 22:45:18 - [TEST_STEP][PASSED] - setText(findTestObject("Object Repository/RecAndPlayBk/Page-Vlink-AuthOnly/txt_CardState"), state): Text 'VA' is set on object 'Object Repository/RecAndPlayBk/Page-Vlink-AuthOnly/txt_CardState'

2023-02-15 22:45:18 - [MESSAGE][PASSED] - Text 'VA' is set on object 'Object Repository/RecAndPlayBk/Page-Vlink-AuthOnly/txt_CardState'

2023-02-15 22:45:18 - [TEST_STEP][PASSED] - setText(findTestObject("Object Repository/RecAndPlayBk/Page-Vlink-AuthOnly/txt_CardZIP"), zip): Text '' is set on object 'Object Repository/RecAndPlayBk/Page-Vlink-AuthOnly/txt_CardZIP'

2023-02-15 22:45:19 - [MESSAGE][PASSED] - Text '' is set on object 'Object Repository/RecAndPlayBk/Page-Vlink-AuthOnly/txt_CardZIP'

2023-02-15 22:45:19 - [TEST_STEP][PASSED] - setText(findTestObject("Object Repository/RecAndPlayBk/Page-Vlink-AuthOnly/input_Amount_amount"), amount): Text '1.50' is set on object 'Object Repository/RecAndPlayBk/Page-Vlink-AuthOnly/input_Amount_amount'

2023-02-15 22:45:20 - [MESSAGE][PASSED] - Text '1.50' is set on object 'Object Repository/RecAndPlayBk/Page-Vlink-AuthOnly/input_Amount_amount'

2023-02-15 22:45:20 - [TEST_STEP][PASSED] - setText(findTestObject("Object Repository/RecAndPlayBk/Page-Vlink-AuthOnly/input_Card number_card_number"), cardNumber): Text '4111111111111111' is set on object 'Object Repository/RecAndPlayBk/Page-Vlink-AuthOnly/input_Card number_card_number'

2023-02-15 22:45:20 - [MESSAGE][PASSED] - Text '4111111111111111' is set on object 'Object Repository/RecAndPlayBk/Page-Vlink-AuthOnly/input_Card number_card_number'

2023-02-15 22:45:20 - [TEST_STEP][PASSED] - setText(findTestObject("Object Repository/RecAndPlayBk/Page-Vlink-AuthOnly/input_Card ex month_card_exmo"), exM): Text '12' is set on object 'Object Repository/RecAndPlayBk/Page-Vlink-AuthOnly/input_Card ex month_card_exmo'

2023-02-15 22:45:21 - [MESSAGE][PASSED] - Text '12' is set on object 'Object Repository/RecAndPlayBk/Page-Vlink-AuthOnly/input_Card ex month_card_exmo'

2023-02-15 22:45:21 - [TEST_STEP][PASSED] - setText(findTestObject("Object Repository/RecAndPlayBk/Page-Vlink-AuthOnly/input_Card ex year_card_exyr"), exY): Text '2025' is set on object 'Object Repository/RecAndPlayBk/Page-Vlink-AuthOnly/input_Card ex year_card_exyr'

2023-02-15 22:45:22 - [MESSAGE][PASSED] - Text '2025' is set on object 'Object Repository/RecAndPlayBk/Page-Vlink-AuthOnly/input_Card ex year_card_exyr'

2023-02-15 22:45:22 - [TEST_STEP][PASSED] - setText(findTestObject("Object Repository/RecAndPlayBk/Page-Vlink-AuthOnly/input_Track Data_track_data"), ""): Text '' is set on object 'Object Repository/RecAndPlayBk/Page-Vlink-AuthOnly/input_Track Data_track_data'

2023-02-15 22:45:22 - [MESSAGE][PASSED] - Text '' is set on object 'Object Repository/RecAndPlayBk/Page-Vlink-AuthOnly/input_Track Data_track_data'

2023-02-15 22:45:22 - [TEST_STEP][PASSED] - setText(findTestObject("Object Repository/RecAndPlayBk/Page-Vlink-AuthOnly/input_concat(Cardholder, , s email)_email"), ""): Text '' is set on object 'Object Repository/RecAndPlayBk/Page-Vlink-AuthOnly/input_concat(Cardholder, , s email)_email'

2023-02-15 22:45:23 - [MESSAGE][PASSED] - Text '' is set on object 'Object Repository/RecAndPlayBk/Page-Vlink-AuthOnly/input_concat(Cardholder, , s email)_email'

2023-02-15 22:45:23 - [TEST_STEP][PASSED] - click(findTestObject("Object Repository/RecAndPlayBk/Page-Vlink-AuthOnly/input_user_defined10_user_defined10")): Object: 'Object Repository/RecAndPlayBk/Page-Vlink-AuthOnly/input_user_defined10_user_defined10' is clicked on

2023-02-15 22:45:23 - [MESSAGE][PASSED] - Object: 'Object Repository/RecAndPlayBk/Page-Vlink-AuthOnly/input_user_defined10_user_defined10' is clicked on

2023-02-15 22:45:23 - [TEST_STEP][PASSED] - setText(findTestObject("Object Repository/RecAndPlayBk/Page-Vlink-AuthOnly/input_Card on File Indicator_card_on_file_i_157dae"), ""): Text '' is set on object 'Object Repository/RecAndPlayBk/Page-Vlink-AuthOnly/input_Card on File Indicator_card_on_file_i_157dae'

2023-02-15 22:45:24 - [MESSAGE][PASSED] - Text '' is set on object 'Object Repository/RecAndPlayBk/Page-Vlink-AuthOnly/input_Card on File Indicator_card_on_file_i_157dae'

2023-02-15 22:45:24 - [TEST_STEP][PASSED] - setText(findTestObject("Object Repository/RecAndPlayBk/Page-Vlink-AuthOnly/input_Stored Credential Indicator_stored_cr_4ae73c"), ""): Text '' is set on object 'Object Repository/RecAndPlayBk/Page-Vlink-AuthOnly/input_Stored Credential Indicator_stored_cr_4ae73c'

2023-02-15 22:45:25 - [MESSAGE][PASSED] - Text '' is set on object 'Object Repository/RecAndPlayBk/Page-Vlink-AuthOnly/input_Stored Credential Indicator_stored_cr_4ae73c'

2023-02-15 22:45:25 - [TEST_STEP][PASSED] - setText(findTestObject("Object Repository/RecAndPlayBk/Page-Vlink-AuthOnly/input_COF Scheduled indicator_cof_scheduled_8df7d8"), ""): Text '' is set on object 'Object Repository/RecAndPlayBk/Page-Vlink-AuthOnly/input_COF Scheduled indicator_cof_scheduled_8df7d8'

2023-02-15 22:45:25 - [MESSAGE][PASSED] - Text '' is set on object 'Object Repository/RecAndPlayBk/Page-Vlink-AuthOnly/input_COF Scheduled indicator_cof_scheduled_8df7d8'

2023-02-15 22:45:25 - [TEST_STEP][PASSED] - setText(findTestObject("Object Repository/RecAndPlayBk/Page-Vlink-AuthOnly/input_COF Transaction Initiated by_cof_tran_6cded5"), ""): Text '' is set on object 'Object Repository/RecAndPlayBk/Page-Vlink-AuthOnly/input_COF Transaction Initiated by_cof_tran_6cded5'

2023-02-15 22:45:26 - [MESSAGE][PASSED] - Text '' is set on object 'Object Repository/RecAndPlayBk/Page-Vlink-AuthOnly/input_COF Transaction Initiated by_cof_tran_6cded5'

2023-02-15 22:45:26 - [TEST_STEP][PASSED] - click(findTestObject("Object Repository/RecAndPlayBk/Page-Vlink-AuthOnly/input")): Object: 'Object Repository/RecAndPlayBk/Page-Vlink-AuthOnly/input' is clicked on

2023-02-15 22:45:27 - [MESSAGE][PASSED] - Object: 'Object Repository/RecAndPlayBk/Page-Vlink-AuthOnly/input' is clicked on

2023-02-15 22:45:27 - [TEST_STEP][PASSED] - if (verifyTextPresent(errorMsg, true)): null

2023-02-15 22:45:27 - [MESSAGE][PASSED] - Text 'card_zip' is present on page  using regular expression

2023-02-15 22:45:27 - [TEST_STEP][PASSED] - println("Error Message is present on the Confirmation page"): null

2023-02-15 22:45:27 - [TEST_STEP][PASSED] - out.println("Pass Record Number: " + row): null

2023-02-15 22:45:27 - [TEST_STEP][PASSED] - resText = "Pass": null

2023-02-15 22:45:27 - [TEST_STEP][PASSED] - pages.WriteExcel.demoKey(resText, datText, resColumn, datCloumn, fileLoc, nameSheet, row): pages.WriteExcel.demoKey is PASSED

2023-02-15 22:45:27 - [MESSAGE][PASSED] - pages.WriteExcel.demoKey is PASSED

2023-02-15 22:45:27 - [TEST_STEP][PASSED] - ExecuteTC = findTestData(dataFile).getValue("Execute", row): null

2023-02-15 22:45:27 - [TEST_STEP][PASSED] - out.println("Value of Execute is : " + ExecuteTC): null

2023-02-15 22:45:27 - [TEST_STEP][PASSED] - if (ExecuteTC.equalsIgnoreCase("Y")): null

2023-02-15 22:45:27 - [TEST_STEP][PASSED] - out.println("Begin Record Number: " + row): null

2023-02-15 22:45:27 - [TEST_STEP][PASSED] - today = new java.util.Date(): null

2023-02-15 22:45:27 - [TEST_STEP][PASSED] - println(today): null

2023-02-15 22:45:27 - [TEST_STEP][PASSED] - datText = today: null

2023-02-15 22:45:27 - [TEST_STEP][PASSED] - errorMsg = findTestData(dataFile).getValue("ErrorMsg", row): null

2023-02-15 22:45:27 - [TEST_STEP][PASSED] - appID = findTestData(dataFile).getValue("AppID", row): null

2023-02-15 22:45:27 - [TEST_STEP][PASSED] - username = findTestData(dataFile).getValue("Username", row): null

2023-02-15 22:45:27 - [TEST_STEP][PASSED] - password = findTestData(dataFile).getValue("Password", row): null

2023-02-15 22:45:28 - [TEST_STEP][PASSED] - tranType = findTestData(dataFile).getValue("TranType", row): null

2023-02-15 22:45:28 - [TEST_STEP][PASSED] - mv = findTestData(dataFile).getValue("MV", row): null

2023-02-15 22:45:28 - [TEST_STEP][PASSED] - resFormat = findTestData(dataFile).getValue("ResFormat", row): null

2023-02-15 22:45:28 - [TEST_STEP][PASSED] - category = findTestData(dataFile).getValue("Category", row): null

2023-02-15 22:45:28 - [TEST_STEP][PASSED] - amount = findTestData(dataFile).getValue("Amount", row): null

2023-02-15 22:45:28 - [TEST_STEP][PASSED] - cardName = findTestData(dataFile).getValue("CardName", row): null

2023-02-15 22:45:28 - [TEST_STEP][PASSED] - al1 = findTestData(dataFile).getValue("AL1", row): null

2023-02-15 22:45:28 - [TEST_STEP][PASSED] - city = findTestData(dataFile).getValue("City", row): null

2023-02-15 22:45:28 - [TEST_STEP][PASSED] - state = findTestData(dataFile).getValue("State", row): null

2023-02-15 22:45:28 - [TEST_STEP][PASSED] - zip = findTestData(dataFile).getValue("ZIP", row): null

2023-02-15 22:45:28 - [TEST_STEP][PASSED] - cardNumber = findTestData(dataFile).getValue("CardNumber", row): null

2023-02-15 22:45:29 - [TEST_STEP][PASSED] - exM = findTestData(dataFile).getValue("ExM", row): null

2023-02-15 22:45:29 - [TEST_STEP][PASSED] - exY = findTestData(dataFile).getValue("ExY", row): null

2023-02-15 22:45:29 - [TEST_STEP][PASSED] - openBrowser(VLinkURL + "auth.html"): Browser is opened with url: 'https://dev-algorithm.govolution.com/vlinktest/QA/version_2_0/auth.html'

2023-02-15 22:45:29 - [MESSAGE][WARNING] - A browser is already opened. Closing browser and opening a new one

2023-02-15 22:45:30 - [MESSAGE][INFO] - Starting 'Chrome' driver

2023-02-15 22:45:30 - [MESSAGE][INFO] - User set preference: ['acceptInsecureCerts', 'true']

2023-02-15 22:45:30 - [MESSAGE][INFO] - Action delay is set to 0 milliseconds

2023-02-15 22:45:31 - [MESSAGE][PASSED] - Browser is opened with url: 'https://dev-algorithm.govolution.com/vlinktest/QA/version_2_0/auth.html'

2023-02-15 22:45:31 - [TEST_STEP][PASSED] - maximizeWindow(): Current window maximized

2023-02-15 22:45:32 - [MESSAGE][PASSED] - Current window maximized

2023-02-15 22:45:32 - [TEST_STEP][PASSED] - maximizeWindow(): Current window maximized

2023-02-15 22:45:32 - [MESSAGE][PASSED] - Current window maximized

2023-02-15 22:45:32 - [TEST_STEP][PASSED] - setText(findTestObject("Object Repository/RecAndPlayBk/Page-Vlink-AuthOnly/txt_TransactionType"), tranType): Text '104' is set on object 'Object Repository/RecAndPlayBk/Page-Vlink-AuthOnly/txt_TransactionType'

2023-02-15 22:45:32 - [MESSAGE][PASSED] - Text '104' is set on object 'Object Repository/RecAndPlayBk/Page-Vlink-AuthOnly/txt_TransactionType'

2023-02-15 22:45:32 - [TEST_STEP][PASSED] - setText(findTestObject("Object Repository/RecAndPlayBk/Page-Vlink-AuthOnly/txt_MessageVersion"), mv): Text '2.0C' is set on object 'Object Repository/RecAndPlayBk/Page-Vlink-AuthOnly/txt_MessageVersion'

2023-02-15 22:45:33 - [MESSAGE][PASSED] - Text '2.0C' is set on object 'Object Repository/RecAndPlayBk/Page-Vlink-AuthOnly/txt_MessageVersion'

2023-02-15 22:45:33 - [TEST_STEP][PASSED] - genRemID = RandomStringUtils.random(12, true, true): null

2023-02-15 22:45:33 - [TEST_STEP][PASSED] - setText(findTestObject("Object Repository/RecAndPlayBk/Page-Vlink-AuthOnly/input_Remittance Id_remittance_id"), genRemID): Text '0I1cAtFFT6yI' is set on object 'Object Repository/RecAndPlayBk/Page-Vlink-AuthOnly/input_Remittance Id_remittance_id'

2023-02-15 22:45:34 - [MESSAGE][PASSED] - Text '0I1cAtFFT6yI' is set on object 'Object Repository/RecAndPlayBk/Page-Vlink-AuthOnly/input_Remittance Id_remittance_id'

2023-02-15 22:45:34 - [TEST_STEP][PASSED] - setText(findTestObject("Object Repository/RecAndPlayBk/Page-Vlink-AuthOnly/input_Application Id_application_id"), appID): Text '234' is set on object 'Object Repository/RecAndPlayBk/Page-Vlink-AuthOnly/input_Application Id_application_id'

2023-02-15 22:45:34 - [MESSAGE][PASSED] - Text '234' is set on object 'Object Repository/RecAndPlayBk/Page-Vlink-AuthOnly/input_Application Id_application_id'

2023-02-15 22:45:34 - [TEST_STEP][PASSED] - setText(findTestObject("Object Repository/RecAndPlayBk/Page-Vlink-AuthOnly/input_Username_username"), username): Text 'username' is set on object 'Object Repository/RecAndPlayBk/Page-Vlink-AuthOnly/input_Username_username'

2023-02-15 22:45:35 - [MESSAGE][PASSED] - Text 'username' is set on object 'Object Repository/RecAndPlayBk/Page-Vlink-AuthOnly/input_Username_username'

2023-02-15 22:45:35 - [TEST_STEP][PASSED] - setText(findTestObject("Object Repository/RecAndPlayBk/Page-Vlink-AuthOnly/input_Password_password"), password): Text 'password' is set on object 'Object Repository/RecAndPlayBk/Page-Vlink-AuthOnly/input_Password_password'

2023-02-15 22:45:36 - [MESSAGE][PASSED] - Text 'password' is set on object 'Object Repository/RecAndPlayBk/Page-Vlink-AuthOnly/input_Password_password'

2023-02-15 22:45:36 - [TEST_STEP][PASSED] - setText(findTestObject("Object Repository/RecAndPlayBk/Page-Vlink-AuthOnly/txt_ResponseFormat"), resFormat): Text 'fixed_width' is set on object 'Object Repository/RecAndPlayBk/Page-Vlink-AuthOnly/txt_ResponseFormat'

2023-02-15 22:45:36 - [MESSAGE][PASSED] - Text 'fixed_width' is set on object 'Object Repository/RecAndPlayBk/Page-Vlink-AuthOnly/txt_ResponseFormat'

2023-02-15 22:45:36 - [TEST_STEP][PASSED] - setText(findTestObject("Object Repository/RecAndPlayBk/Page-Vlink-AuthOnly/input_Category_category"), category): Text 'MOTO' is set on object 'Object Repository/RecAndPlayBk/Page-Vlink-AuthOnly/input_Category_category'

2023-02-15 22:45:37 - [MESSAGE][PASSED] - Text 'MOTO' is set on object 'Object Repository/RecAndPlayBk/Page-Vlink-AuthOnly/input_Category_category'

2023-02-15 22:45:37 - [TEST_STEP][PASSED] - setText(findTestObject("Object Repository/RecAndPlayBk/Page-Vlink-AuthOnly/txt_CardName"), cardName): Text 'Kris Roshan' is set on object 'Object Repository/RecAndPlayBk/Page-Vlink-AuthOnly/txt_CardName'

2023-02-15 22:45:37 - [MESSAGE][PASSED] - Text 'Kris Roshan' is set on object 'Object Repository/RecAndPlayBk/Page-Vlink-AuthOnly/txt_CardName'

2023-02-15 22:45:37 - [TEST_STEP][PASSED] - setText(findTestObject("Object Repository/RecAndPlayBk/Page-Vlink-AuthOnly/txt_AL1"), al1): Text '258 Elm Road' is set on object 'Object Repository/RecAndPlayBk/Page-Vlink-AuthOnly/txt_AL1'

2023-02-15 22:45:38 - [MESSAGE][PASSED] - Text '258 Elm Road' is set on object 'Object Repository/RecAndPlayBk/Page-Vlink-AuthOnly/txt_AL1'

2023-02-15 22:45:38 - [TEST_STEP][PASSED] - setText(findTestObject("Object Repository/RecAndPlayBk/Page-Vlink-AuthOnly/txt_CardCity"), city): Text 'Arlington' is set on object 'Object Repository/RecAndPlayBk/Page-Vlink-AuthOnly/txt_CardCity'

2023-02-15 22:45:39 - [MESSAGE][PASSED] - Text 'Arlington' is set on object 'Object Repository/RecAndPlayBk/Page-Vlink-AuthOnly/txt_CardCity'

2023-02-15 22:45:39 - [TEST_STEP][PASSED] - setText(findTestObject("Object Repository/RecAndPlayBk/Page-Vlink-AuthOnly/txt_CardState"), state): Text 'VA' is set on object 'Object Repository/RecAndPlayBk/Page-Vlink-AuthOnly/txt_CardState'

2023-02-15 22:45:39 - [MESSAGE][PASSED] - Text 'VA' is set on object 'Object Repository/RecAndPlayBk/Page-Vlink-AuthOnly/txt_CardState'

2023-02-15 22:45:39 - [TEST_STEP][PASSED] - setText(findTestObject("Object Repository/RecAndPlayBk/Page-Vlink-AuthOnly/txt_CardZIP"), zip): Text '' is set on object 'Object Repository/RecAndPlayBk/Page-Vlink-AuthOnly/txt_CardZIP'

2023-02-15 22:45:40 - [MESSAGE][PASSED] - Text '' is set on object 'Object Repository/RecAndPlayBk/Page-Vlink-AuthOnly/txt_CardZIP'

2023-02-15 22:45:40 - [TEST_STEP][PASSED] - setText(findTestObject("Object Repository/RecAndPlayBk/Page-Vlink-AuthOnly/input_Amount_amount"), amount): Text '1.50' is set on object 'Object Repository/RecAndPlayBk/Page-Vlink-AuthOnly/input_Amount_amount'

2023-02-15 22:45:41 - [MESSAGE][PASSED] - Text '1.50' is set on object 'Object Repository/RecAndPlayBk/Page-Vlink-AuthOnly/input_Amount_amount'

2023-02-15 22:45:41 - [TEST_STEP][PASSED] - setText(findTestObject("Object Repository/RecAndPlayBk/Page-Vlink-AuthOnly/input_Card number_card_number"), cardNumber): Text '4111111111111111' is set on object 'Object Repository/RecAndPlayBk/Page-Vlink-AuthOnly/input_Card number_card_number'

2023-02-15 22:45:41 - [MESSAGE][PASSED] - Text '4111111111111111' is set on object 'Object Repository/RecAndPlayBk/Page-Vlink-AuthOnly/input_Card number_card_number'

2023-02-15 22:45:41 - [TEST_STEP][PASSED] - setText(findTestObject("Object Repository/RecAndPlayBk/Page-Vlink-AuthOnly/input_Card ex month_card_exmo"), exM): Text '12' is set on object 'Object Repository/RecAndPlayBk/Page-Vlink-AuthOnly/input_Card ex month_card_exmo'

2023-02-15 22:45:42 - [MESSAGE][PASSED] - Text '12' is set on object 'Object Repository/RecAndPlayBk/Page-Vlink-AuthOnly/input_Card ex month_card_exmo'

2023-02-15 22:45:42 - [TEST_STEP][PASSED] - setText(findTestObject("Object Repository/RecAndPlayBk/Page-Vlink-AuthOnly/input_Card ex year_card_exyr"), exY): Text '2025' is set on object 'Object Repository/RecAndPlayBk/Page-Vlink-AuthOnly/input_Card ex year_card_exyr'

2023-02-15 22:45:43 - [MESSAGE][PASSED] - Text '2025' is set on object 'Object Repository/RecAndPlayBk/Page-Vlink-AuthOnly/input_Card ex year_card_exyr'

2023-02-15 22:45:43 - [TEST_STEP][PASSED] - setText(findTestObject("Object Repository/RecAndPlayBk/Page-Vlink-AuthOnly/input_Track Data_track_data"), ""): Text '' is set on object 'Object Repository/RecAndPlayBk/Page-Vlink-AuthOnly/input_Track Data_track_data'

2023-02-15 22:45:43 - [MESSAGE][PASSED] - Text '' is set on object 'Object Repository/RecAndPlayBk/Page-Vlink-AuthOnly/input_Track Data_track_data'

2023-02-15 22:45:43 - [TEST_STEP][PASSED] - setText(findTestObject("Object Repository/RecAndPlayBk/Page-Vlink-AuthOnly/input_concat(Cardholder, , s email)_email"), ""): Text '' is set on object 'Object Repository/RecAndPlayBk/Page-Vlink-AuthOnly/input_concat(Cardholder, , s email)_email'

2023-02-15 22:45:44 - [MESSAGE][PASSED] - Text '' is set on object 'Object Repository/RecAndPlayBk/Page-Vlink-AuthOnly/input_concat(Cardholder, , s email)_email'

2023-02-15 22:45:44 - [TEST_STEP][PASSED] - click(findTestObject("Object Repository/RecAndPlayBk/Page-Vlink-AuthOnly/input_user_defined10_user_defined10")): Object: 'Object Repository/RecAndPlayBk/Page-Vlink-AuthOnly/input_user_defined10_user_defined10' is clicked on

2023-02-15 22:45:45 - [MESSAGE][PASSED] - Object: 'Object Repository/RecAndPlayBk/Page-Vlink-AuthOnly/input_user_defined10_user_defined10' is clicked on

2023-02-15 22:45:45 - [TEST_STEP][PASSED] - setText(findTestObject("Object Repository/RecAndPlayBk/Page-Vlink-AuthOnly/input_Card on File Indicator_card_on_file_i_157dae"), ""): Text '' is set on object 'Object Repository/RecAndPlayBk/Page-Vlink-AuthOnly/input_Card on File Indicator_card_on_file_i_157dae'

2023-02-15 22:45:45 - [MESSAGE][PASSED] - Text '' is set on object 'Object Repository/RecAndPlayBk/Page-Vlink-AuthOnly/input_Card on File Indicator_card_on_file_i_157dae'

2023-02-15 22:45:45 - [TEST_STEP][PASSED] - setText(findTestObject("Object Repository/RecAndPlayBk/Page-Vlink-AuthOnly/input_Stored Credential Indicator_stored_cr_4ae73c"), ""): Text '' is set on object 'Object Repository/RecAndPlayBk/Page-Vlink-AuthOnly/input_Stored Credential Indicator_stored_cr_4ae73c'

2023-02-15 22:45:46 - [MESSAGE][PASSED] - Text '' is set on object 'Object Repository/RecAndPlayBk/Page-Vlink-AuthOnly/input_Stored Credential Indicator_stored_cr_4ae73c'

2023-02-15 22:45:46 - [TEST_STEP][PASSED] - setText(findTestObject("Object Repository/RecAndPlayBk/Page-Vlink-AuthOnly/input_COF Scheduled indicator_cof_scheduled_8df7d8"), ""): Text '' is set on object 'Object Repository/RecAndPlayBk/Page-Vlink-AuthOnly/input_COF Scheduled indicator_cof_scheduled_8df7d8'

2023-02-15 22:45:47 - [MESSAGE][PASSED] - Text '' is set on object 'Object Repository/RecAndPlayBk/Page-Vlink-AuthOnly/input_COF Scheduled indicator_cof_scheduled_8df7d8'

2023-02-15 22:45:47 - [TEST_STEP][PASSED] - setText(findTestObject("Object Repository/RecAndPlayBk/Page-Vlink-AuthOnly/input_COF Transaction Initiated by_cof_tran_6cded5"), ""): Text '' is set on object 'Object Repository/RecAndPlayBk/Page-Vlink-AuthOnly/input_COF Transaction Initiated by_cof_tran_6cded5'

2023-02-15 22:45:47 - [MESSAGE][PASSED] - Text '' is set on object 'Object Repository/RecAndPlayBk/Page-Vlink-AuthOnly/input_COF Transaction Initiated by_cof_tran_6cded5'

2023-02-15 22:45:47 - [TEST_STEP][PASSED] - click(findTestObject("Object Repository/RecAndPlayBk/Page-Vlink-AuthOnly/input")): Object: 'Object Repository/RecAndPlayBk/Page-Vlink-AuthOnly/input' is clicked on

2023-02-15 22:45:48 - [MESSAGE][PASSED] - Object: 'Object Repository/RecAndPlayBk/Page-Vlink-AuthOnly/input' is clicked on

2023-02-15 22:45:48 - [TEST_STEP][PASSED] - if (verifyTextPresent(errorMsg, true)): null

2023-02-15 22:45:48 - [MESSAGE][PASSED] - Text 'card_zip' is present on page  using regular expression

2023-02-15 22:45:48 - [TEST_STEP][PASSED] - println("Error Message is present on the Confirmation page"): null

2023-02-15 22:45:48 - [TEST_STEP][PASSED] - out.println("Pass Record Number: " + row): null

2023-02-15 22:45:48 - [TEST_STEP][PASSED] - resText = "Pass": null

2023-02-15 22:45:48 - [TEST_STEP][PASSED] - pages.WriteExcel.demoKey(resText, datText, resColumn, datCloumn, fileLoc, nameSheet, row): pages.WriteExcel.demoKey is PASSED

2023-02-15 22:45:48 - [MESSAGE][PASSED] - pages.WriteExcel.demoKey is PASSED

2023-02-15 22:45:48 - [TEST_STEP][PASSED] - ExecuteTC = findTestData(dataFile).getValue("Execute", row): null

2023-02-15 22:45:49 - [TEST_STEP][PASSED] - out.println("Value of Execute is : " + ExecuteTC): null

2023-02-15 22:45:49 - [TEST_STEP][PASSED] - if (ExecuteTC.equalsIgnoreCase("Y")): null

2023-02-15 22:45:49 - [TEST_STEP][PASSED] - out.println("Begin Record Number: " + row): null

2023-02-15 22:45:49 - [TEST_STEP][PASSED] - today = new java.util.Date(): null

2023-02-15 22:45:49 - [TEST_STEP][PASSED] - println(today): null

2023-02-15 22:45:49 - [TEST_STEP][PASSED] - datText = today: null

2023-02-15 22:45:49 - [TEST_STEP][PASSED] - errorMsg = findTestData(dataFile).getValue("ErrorMsg", row): null

2023-02-15 22:45:49 - [TEST_STEP][PASSED] - appID = findTestData(dataFile).getValue("AppID", row): null

2023-02-15 22:45:49 - [TEST_STEP][PASSED] - username = findTestData(dataFile).getValue("Username", row): null

2023-02-15 22:45:49 - [TEST_STEP][PASSED] - password = findTestData(dataFile).getValue("Password", row): null

2023-02-15 22:45:49 - [TEST_STEP][PASSED] - tranType = findTestData(dataFile).getValue("TranType", row): null

2023-02-15 22:45:49 - [TEST_STEP][PASSED] - mv = findTestData(dataFile).getValue("MV", row): null

2023-02-15 22:45:49 - [TEST_STEP][PASSED] - resFormat = findTestData(dataFile).getValue("ResFormat", row): null

2023-02-15 22:45:49 - [TEST_STEP][PASSED] - category = findTestData(dataFile).getValue("Category", row): null

2023-02-15 22:45:49 - [TEST_STEP][PASSED] - amount = findTestData(dataFile).getValue("Amount", row): null

2023-02-15 22:45:49 - [TEST_STEP][PASSED] - cardName = findTestData(dataFile).getValue("CardName", row): null

2023-02-15 22:45:49 - [TEST_STEP][PASSED] - al1 = findTestData(dataFile).getValue("AL1", row): null

2023-02-15 22:45:50 - [TEST_STEP][PASSED] - city = findTestData(dataFile).getValue("City", row): null

2023-02-15 22:45:50 - [TEST_STEP][PASSED] - state = findTestData(dataFile).getValue("State", row): null

2023-02-15 22:45:50 - [TEST_STEP][PASSED] - zip = findTestData(dataFile).getValue("ZIP", row): null

2023-02-15 22:45:50 - [TEST_STEP][PASSED] - cardNumber = findTestData(dataFile).getValue("CardNumber", row): null

2023-02-15 22:45:50 - [TEST_STEP][PASSED] - exM = findTestData(dataFile).getValue("ExM", row): null

2023-02-15 22:45:50 - [TEST_STEP][PASSED] - exY = findTestData(dataFile).getValue("ExY", row): null

2023-02-15 22:45:50 - [TEST_STEP][PASSED] - openBrowser(VLinkURL + "auth.html"): Browser is opened with url: 'https://dev-algorithm.govolution.com/vlinktest/QA/version_2_0/auth.html'

2023-02-15 22:45:50 - [MESSAGE][WARNING] - A browser is already opened. Closing browser and opening a new one

2023-02-15 22:45:51 - [MESSAGE][INFO] - Starting 'Chrome' driver

2023-02-15 22:45:51 - [MESSAGE][INFO] - User set preference: ['acceptInsecureCerts', 'true']

2023-02-15 22:45:51 - [MESSAGE][INFO] - Action delay is set to 0 milliseconds

2023-02-15 22:45:53 - [MESSAGE][PASSED] - Browser is opened with url: 'https://dev-algorithm.govolution.com/vlinktest/QA/version_2_0/auth.html'

2023-02-15 22:45:53 - [TEST_STEP][PASSED] - maximizeWindow(): Current window maximized

2023-02-15 22:45:53 - [MESSAGE][PASSED] - Current window maximized

2023-02-15 22:45:53 - [TEST_STEP][PASSED] - maximizeWindow(): Current window maximized

2023-02-15 22:45:53 - [MESSAGE][PASSED] - Current window maximized

2023-02-15 22:45:53 - [TEST_STEP][PASSED] - setText(findTestObject("Object Repository/RecAndPlayBk/Page-Vlink-AuthOnly/txt_TransactionType"), tranType): Text '104' is set on object 'Object Repository/RecAndPlayBk/Page-Vlink-AuthOnly/txt_TransactionType'

2023-02-15 22:45:54 - [MESSAGE][PASSED] - Text '104' is set on object 'Object Repository/RecAndPlayBk/Page-Vlink-AuthOnly/txt_TransactionType'

2023-02-15 22:45:54 - [TEST_STEP][PASSED] - setText(findTestObject("Object Repository/RecAndPlayBk/Page-Vlink-AuthOnly/txt_MessageVersion"), mv): Text '2.0C' is set on object 'Object Repository/RecAndPlayBk/Page-Vlink-AuthOnly/txt_MessageVersion'

2023-02-15 22:45:54 - [MESSAGE][PASSED] - Text '2.0C' is set on object 'Object Repository/RecAndPlayBk/Page-Vlink-AuthOnly/txt_MessageVersion'

2023-02-15 22:45:54 - [TEST_STEP][PASSED] - genRemID = RandomStringUtils.random(12, true, true): null

2023-02-15 22:45:54 - [TEST_STEP][PASSED] - setText(findTestObject("Object Repository/RecAndPlayBk/Page-Vlink-AuthOnly/input_Remittance Id_remittance_id"), genRemID): Text 'EmVqb3tokYw1' is set on object 'Object Repository/RecAndPlayBk/Page-Vlink-AuthOnly/input_Remittance Id_remittance_id'

2023-02-15 22:45:55 - [MESSAGE][PASSED] - Text 'EmVqb3tokYw1' is set on object 'Object Repository/RecAndPlayBk/Page-Vlink-AuthOnly/input_Remittance Id_remittance_id'

2023-02-15 22:45:55 - [TEST_STEP][PASSED] - setText(findTestObject("Object Repository/RecAndPlayBk/Page-Vlink-AuthOnly/input_Application Id_application_id"), appID): Text '234' is set on object 'Object Repository/RecAndPlayBk/Page-Vlink-AuthOnly/input_Application Id_application_id'

2023-02-15 22:45:56 - [MESSAGE][PASSED] - Text '234' is set on object 'Object Repository/RecAndPlayBk/Page-Vlink-AuthOnly/input_Application Id_application_id'

2023-02-15 22:45:56 - [TEST_STEP][PASSED] - setText(findTestObject("Object Repository/RecAndPlayBk/Page-Vlink-AuthOnly/input_Username_username"), username): Text 'username' is set on object 'Object Repository/RecAndPlayBk/Page-Vlink-AuthOnly/input_Username_username'

2023-02-15 22:45:56 - [MESSAGE][PASSED] - Text 'username' is set on object 'Object Repository/RecAndPlayBk/Page-Vlink-AuthOnly/input_Username_username'

2023-02-15 22:45:56 - [TEST_STEP][PASSED] - setText(findTestObject("Object Repository/RecAndPlayBk/Page-Vlink-AuthOnly/input_Password_password"), password): Text 'password' is set on object 'Object Repository/RecAndPlayBk/Page-Vlink-AuthOnly/input_Password_password'

2023-02-15 22:45:57 - [MESSAGE][PASSED] - Text 'password' is set on object 'Object Repository/RecAndPlayBk/Page-Vlink-AuthOnly/input_Password_password'

2023-02-15 22:45:57 - [TEST_STEP][PASSED] - setText(findTestObject("Object Repository/RecAndPlayBk/Page-Vlink-AuthOnly/txt_ResponseFormat"), resFormat): Text 'fixed_width' is set on object 'Object Repository/RecAndPlayBk/Page-Vlink-AuthOnly/txt_ResponseFormat'

2023-02-15 22:45:58 - [MESSAGE][PASSED] - Text 'fixed_width' is set on object 'Object Repository/RecAndPlayBk/Page-Vlink-AuthOnly/txt_ResponseFormat'

2023-02-15 22:45:58 - [TEST_STEP][PASSED] - setText(findTestObject("Object Repository/RecAndPlayBk/Page-Vlink-AuthOnly/input_Category_category"), category): Text 'ECOM' is set on object 'Object Repository/RecAndPlayBk/Page-Vlink-AuthOnly/input_Category_category'

2023-02-15 22:45:58 - [MESSAGE][PASSED] - Text 'ECOM' is set on object 'Object Repository/RecAndPlayBk/Page-Vlink-AuthOnly/input_Category_category'

2023-02-15 22:45:58 - [TEST_STEP][PASSED] - setText(findTestObject("Object Repository/RecAndPlayBk/Page-Vlink-AuthOnly/txt_CardName"), cardName): Text 'Kris Roshan' is set on object 'Object Repository/RecAndPlayBk/Page-Vlink-AuthOnly/txt_CardName'

2023-02-15 22:45:59 - [MESSAGE][PASSED] - Text 'Kris Roshan' is set on object 'Object Repository/RecAndPlayBk/Page-Vlink-AuthOnly/txt_CardName'

2023-02-15 22:45:59 - [TEST_STEP][PASSED] - setText(findTestObject("Object Repository/RecAndPlayBk/Page-Vlink-AuthOnly/txt_AL1"), al1): Text '258 Elm Road' is set on object 'Object Repository/RecAndPlayBk/Page-Vlink-AuthOnly/txt_AL1'

2023-02-15 22:45:59 - [MESSAGE][PASSED] - Text '258 Elm Road' is set on object 'Object Repository/RecAndPlayBk/Page-Vlink-AuthOnly/txt_AL1'

2023-02-15 22:45:59 - [TEST_STEP][PASSED] - setText(findTestObject("Object Repository/RecAndPlayBk/Page-Vlink-AuthOnly/txt_CardCity"), city): Text 'Arlington' is set on object 'Object Repository/RecAndPlayBk/Page-Vlink-AuthOnly/txt_CardCity'

2023-02-15 22:46:00 - [MESSAGE][PASSED] - Text 'Arlington' is set on object 'Object Repository/RecAndPlayBk/Page-Vlink-AuthOnly/txt_CardCity'

2023-02-15 22:46:00 - [TEST_STEP][PASSED] - setText(findTestObject("Object Repository/RecAndPlayBk/Page-Vlink-AuthOnly/txt_CardState"), state): Text 'VA' is set on object 'Object Repository/RecAndPlayBk/Page-Vlink-AuthOnly/txt_CardState'

2023-02-15 22:46:01 - [MESSAGE][PASSED] - Text 'VA' is set on object 'Object Repository/RecAndPlayBk/Page-Vlink-AuthOnly/txt_CardState'

2023-02-15 22:46:01 - [TEST_STEP][PASSED] - setText(findTestObject("Object Repository/RecAndPlayBk/Page-Vlink-AuthOnly/txt_CardZIP"), zip): Text '22201' is set on object 'Object Repository/RecAndPlayBk/Page-Vlink-AuthOnly/txt_CardZIP'

2023-02-15 22:46:01 - [MESSAGE][PASSED] - Text '22201' is set on object 'Object Repository/RecAndPlayBk/Page-Vlink-AuthOnly/txt_CardZIP'

2023-02-15 22:46:01 - [TEST_STEP][PASSED] - setText(findTestObject("Object Repository/RecAndPlayBk/Page-Vlink-AuthOnly/input_Amount_amount"), amount): Text '' is set on object 'Object Repository/RecAndPlayBk/Page-Vlink-AuthOnly/input_Amount_amount'

2023-02-15 22:46:02 - [MESSAGE][PASSED] - Text '' is set on object 'Object Repository/RecAndPlayBk/Page-Vlink-AuthOnly/input_Amount_amount'

2023-02-15 22:46:02 - [TEST_STEP][PASSED] - setText(findTestObject("Object Repository/RecAndPlayBk/Page-Vlink-AuthOnly/input_Card number_card_number"), cardNumber): Text '4111111111111111' is set on object 'Object Repository/RecAndPlayBk/Page-Vlink-AuthOnly/input_Card number_card_number'

2023-02-15 22:46:03 - [MESSAGE][PASSED] - Text '4111111111111111' is set on object 'Object Repository/RecAndPlayBk/Page-Vlink-AuthOnly/input_Card number_card_number'

2023-02-15 22:46:03 - [TEST_STEP][PASSED] - setText(findTestObject("Object Repository/RecAndPlayBk/Page-Vlink-AuthOnly/input_Card ex month_card_exmo"), exM): Text '12' is set on object 'Object Repository/RecAndPlayBk/Page-Vlink-AuthOnly/input_Card ex month_card_exmo'

2023-02-15 22:46:03 - [MESSAGE][PASSED] - Text '12' is set on object 'Object Repository/RecAndPlayBk/Page-Vlink-AuthOnly/input_Card ex month_card_exmo'

2023-02-15 22:46:03 - [TEST_STEP][PASSED] - setText(findTestObject("Object Repository/RecAndPlayBk/Page-Vlink-AuthOnly/input_Card ex year_card_exyr"), exY): Text '2025' is set on object 'Object Repository/RecAndPlayBk/Page-Vlink-AuthOnly/input_Card ex year_card_exyr'

2023-02-15 22:46:04 - [MESSAGE][PASSED] - Text '2025' is set on object 'Object Repository/RecAndPlayBk/Page-Vlink-AuthOnly/input_Card ex year_card_exyr'

2023-02-15 22:46:04 - [TEST_STEP][PASSED] - setText(findTestObject("Object Repository/RecAndPlayBk/Page-Vlink-AuthOnly/input_Track Data_track_data"), ""): Text '' is set on object 'Object Repository/RecAndPlayBk/Page-Vlink-AuthOnly/input_Track Data_track_data'

2023-02-15 22:46:05 - [MESSAGE][PASSED] - Text '' is set on object 'Object Repository/RecAndPlayBk/Page-Vlink-AuthOnly/input_Track Data_track_data'

2023-02-15 22:46:05 - [TEST_STEP][PASSED] - setText(findTestObject("Object Repository/RecAndPlayBk/Page-Vlink-AuthOnly/input_concat(Cardholder, , s email)_email"), ""): Text '' is set on object 'Object Repository/RecAndPlayBk/Page-Vlink-AuthOnly/input_concat(Cardholder, , s email)_email'

2023-02-15 22:46:05 - [MESSAGE][PASSED] - Text '' is set on object 'Object Repository/RecAndPlayBk/Page-Vlink-AuthOnly/input_concat(Cardholder, , s email)_email'

2023-02-15 22:46:05 - [TEST_STEP][PASSED] - click(findTestObject("Object Repository/RecAndPlayBk/Page-Vlink-AuthOnly/input_user_defined10_user_defined10")): Object: 'Object Repository/RecAndPlayBk/Page-Vlink-AuthOnly/input_user_defined10_user_defined10' is clicked on

2023-02-15 22:46:06 - [MESSAGE][PASSED] - Object: 'Object Repository/RecAndPlayBk/Page-Vlink-AuthOnly/input_user_defined10_user_defined10' is clicked on

2023-02-15 22:46:06 - [TEST_STEP][PASSED] - setText(findTestObject("Object Repository/RecAndPlayBk/Page-Vlink-AuthOnly/input_Card on File Indicator_card_on_file_i_157dae"), ""): Text '' is set on object 'Object Repository/RecAndPlayBk/Page-Vlink-AuthOnly/input_Card on File Indicator_card_on_file_i_157dae'

2023-02-15 22:46:07 - [MESSAGE][PASSED] - Text '' is set on object 'Object Repository/RecAndPlayBk/Page-Vlink-AuthOnly/input_Card on File Indicator_card_on_file_i_157dae'

2023-02-15 22:46:07 - [TEST_STEP][PASSED] - setText(findTestObject("Object Repository/RecAndPlayBk/Page-Vlink-AuthOnly/input_Stored Credential Indicator_stored_cr_4ae73c"), ""): Text '' is set on object 'Object Repository/RecAndPlayBk/Page-Vlink-AuthOnly/input_Stored Credential Indicator_stored_cr_4ae73c'

2023-02-15 22:46:07 - [MESSAGE][PASSED] - Text '' is set on object 'Object Repository/RecAndPlayBk/Page-Vlink-AuthOnly/input_Stored Credential Indicator_stored_cr_4ae73c'

2023-02-15 22:46:07 - [TEST_STEP][PASSED] - setText(findTestObject("Object Repository/RecAndPlayBk/Page-Vlink-AuthOnly/input_COF Scheduled indicator_cof_scheduled_8df7d8"), ""): Text '' is set on object 'Object Repository/RecAndPlayBk/Page-Vlink-AuthOnly/input_COF Scheduled indicator_cof_scheduled_8df7d8'

2023-02-15 22:46:08 - [MESSAGE][PASSED] - Text '' is set on object 'Object Repository/RecAndPlayBk/Page-Vlink-AuthOnly/input_COF Scheduled indicator_cof_scheduled_8df7d8'

2023-02-15 22:46:08 - [TEST_STEP][PASSED] - setText(findTestObject("Object Repository/RecAndPlayBk/Page-Vlink-AuthOnly/input_COF Transaction Initiated by_cof_tran_6cded5"), ""): Text '' is set on object 'Object Repository/RecAndPlayBk/Page-Vlink-AuthOnly/input_COF Transaction Initiated by_cof_tran_6cded5'

2023-02-15 22:46:09 - [MESSAGE][PASSED] - Text '' is set on object 'Object Repository/RecAndPlayBk/Page-Vlink-AuthOnly/input_COF Transaction Initiated by_cof_tran_6cded5'

2023-02-15 22:46:09 - [TEST_STEP][PASSED] - click(findTestObject("Object Repository/RecAndPlayBk/Page-Vlink-AuthOnly/input")): Object: 'Object Repository/RecAndPlayBk/Page-Vlink-AuthOnly/input' is clicked on

2023-02-15 22:46:09 - [MESSAGE][PASSED] - Object: 'Object Repository/RecAndPlayBk/Page-Vlink-AuthOnly/input' is clicked on

2023-02-15 22:46:09 - [TEST_STEP][PASSED] - if (verifyTextPresent(errorMsg, true)): null

2023-02-15 22:46:10 - [MESSAGE][PASSED] - Text 'amount' is present on page  using regular expression

2023-02-15 22:46:10 - [TEST_STEP][PASSED] - println("Error Message is present on the Confirmation page"): null

2023-02-15 22:46:10 - [TEST_STEP][PASSED] - out.println("Pass Record Number: " + row): null

2023-02-15 22:46:10 - [TEST_STEP][PASSED] - resText = "Pass": null

2023-02-15 22:46:10 - [TEST_STEP][PASSED] - pages.WriteExcel.demoKey(resText, datText, resColumn, datCloumn, fileLoc, nameSheet, row): pages.WriteExcel.demoKey is PASSED

2023-02-15 22:46:10 - [MESSAGE][PASSED] - pages.WriteExcel.demoKey is PASSED

2023-02-15 22:46:10 - [TEST_STEP][PASSED] - ExecuteTC = findTestData(dataFile).getValue("Execute", row): null

2023-02-15 22:46:10 - [TEST_STEP][PASSED] - out.println("Value of Execute is : " + ExecuteTC): null

2023-02-15 22:46:10 - [TEST_STEP][PASSED] - if (ExecuteTC.equalsIgnoreCase("Y")): null

2023-02-15 22:46:10 - [TEST_STEP][PASSED] - out.println("Begin Record Number: " + row): null

2023-02-15 22:46:10 - [TEST_STEP][PASSED] - today = new java.util.Date(): null

2023-02-15 22:46:10 - [TEST_STEP][PASSED] - println(today): null

2023-02-15 22:46:10 - [TEST_STEP][PASSED] - datText = today: null

2023-02-15 22:46:10 - [TEST_STEP][PASSED] - errorMsg = findTestData(dataFile).getValue("ErrorMsg", row): null

2023-02-15 22:46:10 - [TEST_STEP][PASSED] - appID = findTestData(dataFile).getValue("AppID", row): null

2023-02-15 22:46:10 - [TEST_STEP][PASSED] - username = findTestData(dataFile).getValue("Username", row): null

2023-02-15 22:46:10 - [TEST_STEP][PASSED] - password = findTestData(dataFile).getValue("Password", row): null

2023-02-15 22:46:10 - [TEST_STEP][PASSED] - tranType = findTestData(dataFile).getValue("TranType", row): null

2023-02-15 22:46:10 - [TEST_STEP][PASSED] - mv = findTestData(dataFile).getValue("MV", row): null

2023-02-15 22:46:10 - [TEST_STEP][PASSED] - resFormat = findTestData(dataFile).getValue("ResFormat", row): null

2023-02-15 22:46:10 - [TEST_STEP][PASSED] - category = findTestData(dataFile).getValue("Category", row): null

2023-02-15 22:46:10 - [TEST_STEP][PASSED] - amount = findTestData(dataFile).getValue("Amount", row): null

2023-02-15 22:46:11 - [TEST_STEP][PASSED] - cardName = findTestData(dataFile).getValue("CardName", row): null

2023-02-15 22:46:11 - [TEST_STEP][PASSED] - al1 = findTestData(dataFile).getValue("AL1", row): null

2023-02-15 22:46:11 - [TEST_STEP][PASSED] - city = findTestData(dataFile).getValue("City", row): null

2023-02-15 22:46:11 - [TEST_STEP][PASSED] - state = findTestData(dataFile).getValue("State", row): null

2023-02-15 22:46:11 - [TEST_STEP][PASSED] - zip = findTestData(dataFile).getValue("ZIP", row): null

2023-02-15 22:46:11 - [TEST_STEP][PASSED] - cardNumber = findTestData(dataFile).getValue("CardNumber", row): null

2023-02-15 22:46:11 - [TEST_STEP][PASSED] - exM = findTestData(dataFile).getValue("ExM", row): null

2023-02-15 22:46:11 - [TEST_STEP][PASSED] - exY = findTestData(dataFile).getValue("ExY", row): null

2023-02-15 22:46:11 - [TEST_STEP][PASSED] - openBrowser(VLinkURL + "auth.html"): Browser is opened with url: 'https://dev-algorithm.govolution.com/vlinktest/QA/version_2_0/auth.html'

2023-02-15 22:46:11 - [MESSAGE][WARNING] - A browser is already opened. Closing browser and opening a new one

2023-02-15 22:46:12 - [MESSAGE][INFO] - Starting 'Chrome' driver

2023-02-15 22:46:12 - [MESSAGE][INFO] - User set preference: ['acceptInsecureCerts', 'true']

2023-02-15 22:46:12 - [MESSAGE][INFO] - Action delay is set to 0 milliseconds

2023-02-15 22:46:14 - [MESSAGE][PASSED] - Browser is opened with url: 'https://dev-algorithm.govolution.com/vlinktest/QA/version_2_0/auth.html'

2023-02-15 22:46:14 - [TEST_STEP][PASSED] - maximizeWindow(): Current window maximized

2023-02-15 22:46:14 - [MESSAGE][PASSED] - Current window maximized

2023-02-15 22:46:14 - [TEST_STEP][PASSED] - maximizeWindow(): Current window maximized

2023-02-15 22:46:14 - [MESSAGE][PASSED] - Current window maximized

2023-02-15 22:46:14 - [TEST_STEP][PASSED] - setText(findTestObject("Object Repository/RecAndPlayBk/Page-Vlink-AuthOnly/txt_TransactionType"), tranType): Text '104' is set on object 'Object Repository/RecAndPlayBk/Page-Vlink-AuthOnly/txt_TransactionType'

2023-02-15 22:46:15 - [MESSAGE][PASSED] - Text '104' is set on object 'Object Repository/RecAndPlayBk/Page-Vlink-AuthOnly/txt_TransactionType'

2023-02-15 22:46:15 - [TEST_STEP][PASSED] - setText(findTestObject("Object Repository/RecAndPlayBk/Page-Vlink-AuthOnly/txt_MessageVersion"), mv): Text '2.0C' is set on object 'Object Repository/RecAndPlayBk/Page-Vlink-AuthOnly/txt_MessageVersion'

2023-02-15 22:46:16 - [MESSAGE][PASSED] - Text '2.0C' is set on object 'Object Repository/RecAndPlayBk/Page-Vlink-AuthOnly/txt_MessageVersion'

2023-02-15 22:46:16 - [TEST_STEP][PASSED] - genRemID = RandomStringUtils.random(12, true, true): null

2023-02-15 22:46:16 - [TEST_STEP][PASSED] - setText(findTestObject("Object Repository/RecAndPlayBk/Page-Vlink-AuthOnly/input_Remittance Id_remittance_id"), genRemID): Text 'fhLsLwBRTW5m' is set on object 'Object Repository/RecAndPlayBk/Page-Vlink-AuthOnly/input_Remittance Id_remittance_id'

2023-02-15 22:46:16 - [MESSAGE][PASSED] - Text 'fhLsLwBRTW5m' is set on object 'Object Repository/RecAndPlayBk/Page-Vlink-AuthOnly/input_Remittance Id_remittance_id'

2023-02-15 22:46:16 - [TEST_STEP][PASSED] - setText(findTestObject("Object Repository/RecAndPlayBk/Page-Vlink-AuthOnly/input_Application Id_application_id"), appID): Text '234' is set on object 'Object Repository/RecAndPlayBk/Page-Vlink-AuthOnly/input_Application Id_application_id'

2023-02-15 22:46:17 - [MESSAGE][PASSED] - Text '234' is set on object 'Object Repository/RecAndPlayBk/Page-Vlink-AuthOnly/input_Application Id_application_id'

2023-02-15 22:46:17 - [TEST_STEP][PASSED] - setText(findTestObject("Object Repository/RecAndPlayBk/Page-Vlink-AuthOnly/input_Username_username"), username): Text 'username' is set on object 'Object Repository/RecAndPlayBk/Page-Vlink-AuthOnly/input_Username_username'

2023-02-15 22:46:18 - [MESSAGE][PASSED] - Text 'username' is set on object 'Object Repository/RecAndPlayBk/Page-Vlink-AuthOnly/input_Username_username'

2023-02-15 22:46:18 - [TEST_STEP][PASSED] - setText(findTestObject("Object Repository/RecAndPlayBk/Page-Vlink-AuthOnly/input_Password_password"), password): Text 'password' is set on object 'Object Repository/RecAndPlayBk/Page-Vlink-AuthOnly/input_Password_password'

2023-02-15 22:46:18 - [MESSAGE][PASSED] - Text 'password' is set on object 'Object Repository/RecAndPlayBk/Page-Vlink-AuthOnly/input_Password_password'

2023-02-15 22:46:18 - [TEST_STEP][PASSED] - setText(findTestObject("Object Repository/RecAndPlayBk/Page-Vlink-AuthOnly/txt_ResponseFormat"), resFormat): Text 'fixed_width' is set on object 'Object Repository/RecAndPlayBk/Page-Vlink-AuthOnly/txt_ResponseFormat'

2023-02-15 22:46:19 - [MESSAGE][PASSED] - Text 'fixed_width' is set on object 'Object Repository/RecAndPlayBk/Page-Vlink-AuthOnly/txt_ResponseFormat'

2023-02-15 22:46:19 - [TEST_STEP][PASSED] - setText(findTestObject("Object Repository/RecAndPlayBk/Page-Vlink-AuthOnly/input_Category_category"), category): Text 'MOTO' is set on object 'Object Repository/RecAndPlayBk/Page-Vlink-AuthOnly/input_Category_category'

2023-02-15 22:46:19 - [MESSAGE][PASSED] - Text 'MOTO' is set on object 'Object Repository/RecAndPlayBk/Page-Vlink-AuthOnly/input_Category_category'

2023-02-15 22:46:19 - [TEST_STEP][PASSED] - setText(findTestObject("Object Repository/RecAndPlayBk/Page-Vlink-AuthOnly/txt_CardName"), cardName): Text 'Kris Roshan' is set on object 'Object Repository/RecAndPlayBk/Page-Vlink-AuthOnly/txt_CardName'

2023-02-15 22:46:20 - [MESSAGE][PASSED] - Text 'Kris Roshan' is set on object 'Object Repository/RecAndPlayBk/Page-Vlink-AuthOnly/txt_CardName'

2023-02-15 22:46:20 - [TEST_STEP][PASSED] - setText(findTestObject("Object Repository/RecAndPlayBk/Page-Vlink-AuthOnly/txt_AL1"), al1): Text '258 Elm Road' is set on object 'Object Repository/RecAndPlayBk/Page-Vlink-AuthOnly/txt_AL1'

2023-02-15 22:46:21 - [MESSAGE][PASSED] - Text '258 Elm Road' is set on object 'Object Repository/RecAndPlayBk/Page-Vlink-AuthOnly/txt_AL1'

2023-02-15 22:46:21 - [TEST_STEP][PASSED] - setText(findTestObject("Object Repository/RecAndPlayBk/Page-Vlink-AuthOnly/txt_CardCity"), city): Text 'Arlington' is set on object 'Object Repository/RecAndPlayBk/Page-Vlink-AuthOnly/txt_CardCity'

2023-02-15 22:46:21 - [MESSAGE][PASSED] - Text 'Arlington' is set on object 'Object Repository/RecAndPlayBk/Page-Vlink-AuthOnly/txt_CardCity'

2023-02-15 22:46:21 - [TEST_STEP][PASSED] - setText(findTestObject("Object Repository/RecAndPlayBk/Page-Vlink-AuthOnly/txt_CardState"), state): Text 'VA' is set on object 'Object Repository/RecAndPlayBk/Page-Vlink-AuthOnly/txt_CardState'

2023-02-15 22:46:22 - [MESSAGE][PASSED] - Text 'VA' is set on object 'Object Repository/RecAndPlayBk/Page-Vlink-AuthOnly/txt_CardState'

2023-02-15 22:46:22 - [TEST_STEP][PASSED] - setText(findTestObject("Object Repository/RecAndPlayBk/Page-Vlink-AuthOnly/txt_CardZIP"), zip): Text '22201' is set on object 'Object Repository/RecAndPlayBk/Page-Vlink-AuthOnly/txt_CardZIP'

2023-02-15 22:46:23 - [MESSAGE][PASSED] - Text '22201' is set on object 'Object Repository/RecAndPlayBk/Page-Vlink-AuthOnly/txt_CardZIP'

2023-02-15 22:46:23 - [TEST_STEP][PASSED] - setText(findTestObject("Object Repository/RecAndPlayBk/Page-Vlink-AuthOnly/input_Amount_amount"), amount): Text '' is set on object 'Object Repository/RecAndPlayBk/Page-Vlink-AuthOnly/input_Amount_amount'

2023-02-15 22:46:23 - [MESSAGE][PASSED] - Text '' is set on object 'Object Repository/RecAndPlayBk/Page-Vlink-AuthOnly/input_Amount_amount'

2023-02-15 22:46:23 - [TEST_STEP][PASSED] - setText(findTestObject("Object Repository/RecAndPlayBk/Page-Vlink-AuthOnly/input_Card number_card_number"), cardNumber): Text '4111111111111111' is set on object 'Object Repository/RecAndPlayBk/Page-Vlink-AuthOnly/input_Card number_card_number'

2023-02-15 22:46:24 - [MESSAGE][PASSED] - Text '4111111111111111' is set on object 'Object Repository/RecAndPlayBk/Page-Vlink-AuthOnly/input_Card number_card_number'

2023-02-15 22:46:24 - [TEST_STEP][PASSED] - setText(findTestObject("Object Repository/RecAndPlayBk/Page-Vlink-AuthOnly/input_Card ex month_card_exmo"), exM): Text '12' is set on object 'Object Repository/RecAndPlayBk/Page-Vlink-AuthOnly/input_Card ex month_card_exmo'

2023-02-15 22:46:25 - [MESSAGE][PASSED] - Text '12' is set on object 'Object Repository/RecAndPlayBk/Page-Vlink-AuthOnly/input_Card ex month_card_exmo'

2023-02-15 22:46:25 - [TEST_STEP][PASSED] - setText(findTestObject("Object Repository/RecAndPlayBk/Page-Vlink-AuthOnly/input_Card ex year_card_exyr"), exY): Text '2025' is set on object 'Object Repository/RecAndPlayBk/Page-Vlink-AuthOnly/input_Card ex year_card_exyr'

2023-02-15 22:46:25 - [MESSAGE][PASSED] - Text '2025' is set on object 'Object Repository/RecAndPlayBk/Page-Vlink-AuthOnly/input_Card ex year_card_exyr'

2023-02-15 22:46:25 - [TEST_STEP][PASSED] - setText(findTestObject("Object Repository/RecAndPlayBk/Page-Vlink-AuthOnly/input_Track Data_track_data"), ""): Text '' is set on object 'Object Repository/RecAndPlayBk/Page-Vlink-AuthOnly/input_Track Data_track_data'

2023-02-15 22:46:26 - [MESSAGE][PASSED] - Text '' is set on object 'Object Repository/RecAndPlayBk/Page-Vlink-AuthOnly/input_Track Data_track_data'

2023-02-15 22:46:26 - [TEST_STEP][PASSED] - setText(findTestObject("Object Repository/RecAndPlayBk/Page-Vlink-AuthOnly/input_concat(Cardholder, , s email)_email"), ""): Text '' is set on object 'Object Repository/RecAndPlayBk/Page-Vlink-AuthOnly/input_concat(Cardholder, , s email)_email'

2023-02-15 22:46:27 - [MESSAGE][PASSED] - Text '' is set on object 'Object Repository/RecAndPlayBk/Page-Vlink-AuthOnly/input_concat(Cardholder, , s email)_email'

2023-02-15 22:46:27 - [TEST_STEP][PASSED] - click(findTestObject("Object Repository/RecAndPlayBk/Page-Vlink-AuthOnly/input_user_defined10_user_defined10")): Object: 'Object Repository/RecAndPlayBk/Page-Vlink-AuthOnly/input_user_defined10_user_defined10' is clicked on

2023-02-15 22:46:27 - [MESSAGE][PASSED] - Object: 'Object Repository/RecAndPlayBk/Page-Vlink-AuthOnly/input_user_defined10_user_defined10' is clicked on

2023-02-15 22:46:27 - [TEST_STEP][PASSED] - setText(findTestObject("Object Repository/RecAndPlayBk/Page-Vlink-AuthOnly/input_Card on File Indicator_card_on_file_i_157dae"), ""): Text '' is set on object 'Object Repository/RecAndPlayBk/Page-Vlink-AuthOnly/input_Card on File Indicator_card_on_file_i_157dae'

2023-02-15 22:46:28 - [MESSAGE][PASSED] - Text '' is set on object 'Object Repository/RecAndPlayBk/Page-Vlink-AuthOnly/input_Card on File Indicator_card_on_file_i_157dae'

2023-02-15 22:46:28 - [TEST_STEP][PASSED] - setText(findTestObject("Object Repository/RecAndPlayBk/Page-Vlink-AuthOnly/input_Stored Credential Indicator_stored_cr_4ae73c"), ""): Text '' is set on object 'Object Repository/RecAndPlayBk/Page-Vlink-AuthOnly/input_Stored Credential Indicator_stored_cr_4ae73c'

2023-02-15 22:46:29 - [MESSAGE][PASSED] - Text '' is set on object 'Object Repository/RecAndPlayBk/Page-Vlink-AuthOnly/input_Stored Credential Indicator_stored_cr_4ae73c'

2023-02-15 22:46:29 - [TEST_STEP][PASSED] - setText(findTestObject("Object Repository/RecAndPlayBk/Page-Vlink-AuthOnly/input_COF Scheduled indicator_cof_scheduled_8df7d8"), ""): Text '' is set on object 'Object Repository/RecAndPlayBk/Page-Vlink-AuthOnly/input_COF Scheduled indicator_cof_scheduled_8df7d8'

2023-02-15 22:46:29 - [MESSAGE][PASSED] - Text '' is set on object 'Object Repository/RecAndPlayBk/Page-Vlink-AuthOnly/input_COF Scheduled indicator_cof_scheduled_8df7d8'

2023-02-15 22:46:29 - [TEST_STEP][PASSED] - setText(findTestObject("Object Repository/RecAndPlayBk/Page-Vlink-AuthOnly/input_COF Transaction Initiated by_cof_tran_6cded5"), ""): Text '' is set on object 'Object Repository/RecAndPlayBk/Page-Vlink-AuthOnly/input_COF Transaction Initiated by_cof_tran_6cded5'

2023-02-15 22:46:30 - [MESSAGE][PASSED] - Text '' is set on object 'Object Repository/RecAndPlayBk/Page-Vlink-AuthOnly/input_COF Transaction Initiated by_cof_tran_6cded5'

2023-02-15 22:46:30 - [TEST_STEP][PASSED] - click(findTestObject("Object Repository/RecAndPlayBk/Page-Vlink-AuthOnly/input")): Object: 'Object Repository/RecAndPlayBk/Page-Vlink-AuthOnly/input' is clicked on

2023-02-15 22:46:31 - [MESSAGE][PASSED] - Object: 'Object Repository/RecAndPlayBk/Page-Vlink-AuthOnly/input' is clicked on

2023-02-15 22:46:31 - [TEST_STEP][PASSED] - if (verifyTextPresent(errorMsg, true)): null

2023-02-15 22:46:31 - [MESSAGE][PASSED] - Text 'amount' is present on page  using regular expression

2023-02-15 22:46:31 - [TEST_STEP][PASSED] - println("Error Message is present on the Confirmation page"): null

2023-02-15 22:46:31 - [TEST_STEP][PASSED] - out.println("Pass Record Number: " + row): null

2023-02-15 22:46:31 - [TEST_STEP][PASSED] - resText = "Pass": null

2023-02-15 22:46:31 - [TEST_STEP][PASSED] - pages.WriteExcel.demoKey(resText, datText, resColumn, datCloumn, fileLoc, nameSheet, row): pages.WriteExcel.demoKey is PASSED

2023-02-15 22:46:31 - [MESSAGE][PASSED] - pages.WriteExcel.demoKey is PASSED

2023-02-15 22:46:31 - [TEST_STEP][PASSED] - ExecuteTC = findTestData(dataFile).getValue("Execute", row): null

2023-02-15 22:46:31 - [TEST_STEP][PASSED] - out.println("Value of Execute is : " + ExecuteTC): null

2023-02-15 22:46:31 - [TEST_STEP][PASSED] - if (ExecuteTC.equalsIgnoreCase("Y")): null

2023-02-15 22:46:31 - [TEST_STEP][PASSED] - out.println("Begin Record Number: " + row): null

2023-02-15 22:46:31 - [TEST_STEP][PASSED] - today = new java.util.Date(): null

2023-02-15 22:46:31 - [TEST_STEP][PASSED] - println(today): null

2023-02-15 22:46:31 - [TEST_STEP][PASSED] - datText = today: null

2023-02-15 22:46:31 - [TEST_STEP][PASSED] - errorMsg = findTestData(dataFile).getValue("ErrorMsg", row): null

2023-02-15 22:46:31 - [TEST_STEP][PASSED] - appID = findTestData(dataFile).getValue("AppID", row): null

2023-02-15 22:46:31 - [TEST_STEP][PASSED] - username = findTestData(dataFile).getValue("Username", row): null

2023-02-15 22:46:31 - [TEST_STEP][PASSED] - password = findTestData(dataFile).getValue("Password", row): null

2023-02-15 22:46:31 - [TEST_STEP][PASSED] - tranType = findTestData(dataFile).getValue("TranType", row): null

2023-02-15 22:46:31 - [TEST_STEP][PASSED] - mv = findTestData(dataFile).getValue("MV", row): null

2023-02-15 22:46:32 - [TEST_STEP][PASSED] - resFormat = findTestData(dataFile).getValue("ResFormat", row): null

2023-02-15 22:46:32 - [TEST_STEP][PASSED] - category = findTestData(dataFile).getValue("Category", row): null

2023-02-15 22:46:32 - [TEST_STEP][PASSED] - amount = findTestData(dataFile).getValue("Amount", row): null

2023-02-15 22:46:32 - [TEST_STEP][PASSED] - cardName = findTestData(dataFile).getValue("CardName", row): null

2023-02-15 22:46:32 - [TEST_STEP][PASSED] - al1 = findTestData(dataFile).getValue("AL1", row): null

2023-02-15 22:46:32 - [TEST_STEP][PASSED] - city = findTestData(dataFile).getValue("City", row): null

2023-02-15 22:46:32 - [TEST_STEP][PASSED] - state = findTestData(dataFile).getValue("State", row): null

2023-02-15 22:46:32 - [TEST_STEP][PASSED] - zip = findTestData(dataFile).getValue("ZIP", row): null

2023-02-15 22:46:32 - [TEST_STEP][PASSED] - cardNumber = findTestData(dataFile).getValue("CardNumber", row): null

2023-02-15 22:46:32 - [TEST_STEP][PASSED] - exM = findTestData(dataFile).getValue("ExM", row): null

2023-02-15 22:46:32 - [TEST_STEP][PASSED] - exY = findTestData(dataFile).getValue("ExY", row): null

2023-02-15 22:46:33 - [TEST_STEP][PASSED] - openBrowser(VLinkURL + "auth.html"): Browser is opened with url: 'https://dev-algorithm.govolution.com/vlinktest/QA/version_2_0/auth.html'

2023-02-15 22:46:33 - [MESSAGE][WARNING] - A browser is already opened. Closing browser and opening a new one

2023-02-15 22:46:33 - [MESSAGE][INFO] - Starting 'Chrome' driver

2023-02-15 22:46:33 - [MESSAGE][INFO] - User set preference: ['acceptInsecureCerts', 'true']

2023-02-15 22:46:33 - [MESSAGE][INFO] - Action delay is set to 0 milliseconds

2023-02-15 22:46:35 - [MESSAGE][PASSED] - Browser is opened with url: 'https://dev-algorithm.govolution.com/vlinktest/QA/version_2_0/auth.html'

2023-02-15 22:46:35 - [TEST_STEP][PASSED] - maximizeWindow(): Current window maximized

2023-02-15 22:46:35 - [MESSAGE][PASSED] - Current window maximized

2023-02-15 22:46:35 - [TEST_STEP][PASSED] - maximizeWindow(): Current window maximized

2023-02-15 22:46:35 - [MESSAGE][PASSED] - Current window maximized

2023-02-15 22:46:35 - [TEST_STEP][PASSED] - setText(findTestObject("Object Repository/RecAndPlayBk/Page-Vlink-AuthOnly/txt_TransactionType"), tranType): Text '104' is set on object 'Object Repository/RecAndPlayBk/Page-Vlink-AuthOnly/txt_TransactionType'

2023-02-15 22:46:36 - [MESSAGE][PASSED] - Text '104' is set on object 'Object Repository/RecAndPlayBk/Page-Vlink-AuthOnly/txt_TransactionType'

2023-02-15 22:46:36 - [TEST_STEP][PASSED] - setText(findTestObject("Object Repository/RecAndPlayBk/Page-Vlink-AuthOnly/txt_MessageVersion"), mv): Text '2.0C' is set on object 'Object Repository/RecAndPlayBk/Page-Vlink-AuthOnly/txt_MessageVersion'

2023-02-15 22:46:37 - [MESSAGE][PASSED] - Text '2.0C' is set on object 'Object Repository/RecAndPlayBk/Page-Vlink-AuthOnly/txt_MessageVersion'

2023-02-15 22:46:37 - [TEST_STEP][PASSED] - genRemID = RandomStringUtils.random(12, true, true): null

2023-02-15 22:46:37 - [TEST_STEP][PASSED] - setText(findTestObject("Object Repository/RecAndPlayBk/Page-Vlink-AuthOnly/input_Remittance Id_remittance_id"), genRemID): Text 'LKjnpbl7jZez' is set on object 'Object Repository/RecAndPlayBk/Page-Vlink-AuthOnly/input_Remittance Id_remittance_id'

2023-02-15 22:46:38 - [MESSAGE][PASSED] - Text 'LKjnpbl7jZez' is set on object 'Object Repository/RecAndPlayBk/Page-Vlink-AuthOnly/input_Remittance Id_remittance_id'

2023-02-15 22:46:38 - [TEST_STEP][PASSED] - setText(findTestObject("Object Repository/RecAndPlayBk/Page-Vlink-AuthOnly/input_Application Id_application_id"), appID): Text '234' is set on object 'Object Repository/RecAndPlayBk/Page-Vlink-AuthOnly/input_Application Id_application_id'

2023-02-15 22:46:38 - [MESSAGE][PASSED] - Text '234' is set on object 'Object Repository/RecAndPlayBk/Page-Vlink-AuthOnly/input_Application Id_application_id'

2023-02-15 22:46:38 - [TEST_STEP][PASSED] - setText(findTestObject("Object Repository/RecAndPlayBk/Page-Vlink-AuthOnly/input_Username_username"), username): Text 'username' is set on object 'Object Repository/RecAndPlayBk/Page-Vlink-AuthOnly/input_Username_username'

2023-02-15 22:46:39 - [MESSAGE][PASSED] - Text 'username' is set on object 'Object Repository/RecAndPlayBk/Page-Vlink-AuthOnly/input_Username_username'

2023-02-15 22:46:39 - [TEST_STEP][PASSED] - setText(findTestObject("Object Repository/RecAndPlayBk/Page-Vlink-AuthOnly/input_Password_password"), password): Text 'password' is set on object 'Object Repository/RecAndPlayBk/Page-Vlink-AuthOnly/input_Password_password'

2023-02-15 22:46:39 - [MESSAGE][PASSED] - Text 'password' is set on object 'Object Repository/RecAndPlayBk/Page-Vlink-AuthOnly/input_Password_password'

2023-02-15 22:46:39 - [TEST_STEP][PASSED] - setText(findTestObject("Object Repository/RecAndPlayBk/Page-Vlink-AuthOnly/txt_ResponseFormat"), resFormat): Text 'fixed_width' is set on object 'Object Repository/RecAndPlayBk/Page-Vlink-AuthOnly/txt_ResponseFormat'

2023-02-15 22:46:40 - [MESSAGE][PASSED] - Text 'fixed_width' is set on object 'Object Repository/RecAndPlayBk/Page-Vlink-AuthOnly/txt_ResponseFormat'

2023-02-15 22:46:40 - [TEST_STEP][PASSED] - setText(findTestObject("Object Repository/RecAndPlayBk/Page-Vlink-AuthOnly/input_Category_category"), category): Text 'RETL' is set on object 'Object Repository/RecAndPlayBk/Page-Vlink-AuthOnly/input_Category_category'

2023-02-15 22:46:41 - [MESSAGE][PASSED] - Text 'RETL' is set on object 'Object Repository/RecAndPlayBk/Page-Vlink-AuthOnly/input_Category_category'

2023-02-15 22:46:41 - [TEST_STEP][PASSED] - setText(findTestObject("Object Repository/RecAndPlayBk/Page-Vlink-AuthOnly/txt_CardName"), cardName): Text 'Kris Roshan' is set on object 'Object Repository/RecAndPlayBk/Page-Vlink-AuthOnly/txt_CardName'

2023-02-15 22:46:41 - [MESSAGE][PASSED] - Text 'Kris Roshan' is set on object 'Object Repository/RecAndPlayBk/Page-Vlink-AuthOnly/txt_CardName'

2023-02-15 22:46:41 - [TEST_STEP][PASSED] - setText(findTestObject("Object Repository/RecAndPlayBk/Page-Vlink-AuthOnly/txt_AL1"), al1): Text '258 Elm Road' is set on object 'Object Repository/RecAndPlayBk/Page-Vlink-AuthOnly/txt_AL1'

2023-02-15 22:46:42 - [MESSAGE][PASSED] - Text '258 Elm Road' is set on object 'Object Repository/RecAndPlayBk/Page-Vlink-AuthOnly/txt_AL1'

2023-02-15 22:46:42 - [TEST_STEP][PASSED] - setText(findTestObject("Object Repository/RecAndPlayBk/Page-Vlink-AuthOnly/txt_CardCity"), city): Text 'Arlington' is set on object 'Object Repository/RecAndPlayBk/Page-Vlink-AuthOnly/txt_CardCity'

2023-02-15 22:46:43 - [MESSAGE][PASSED] - Text 'Arlington' is set on object 'Object Repository/RecAndPlayBk/Page-Vlink-AuthOnly/txt_CardCity'

2023-02-15 22:46:43 - [TEST_STEP][PASSED] - setText(findTestObject("Object Repository/RecAndPlayBk/Page-Vlink-AuthOnly/txt_CardState"), state): Text 'VA' is set on object 'Object Repository/RecAndPlayBk/Page-Vlink-AuthOnly/txt_CardState'

2023-02-15 22:46:43 - [MESSAGE][PASSED] - Text 'VA' is set on object 'Object Repository/RecAndPlayBk/Page-Vlink-AuthOnly/txt_CardState'

2023-02-15 22:46:43 - [TEST_STEP][PASSED] - setText(findTestObject("Object Repository/RecAndPlayBk/Page-Vlink-AuthOnly/txt_CardZIP"), zip): Text '22201' is set on object 'Object Repository/RecAndPlayBk/Page-Vlink-AuthOnly/txt_CardZIP'

2023-02-15 22:46:44 - [MESSAGE][PASSED] - Text '22201' is set on object 'Object Repository/RecAndPlayBk/Page-Vlink-AuthOnly/txt_CardZIP'

2023-02-15 22:46:44 - [TEST_STEP][PASSED] - setText(findTestObject("Object Repository/RecAndPlayBk/Page-Vlink-AuthOnly/input_Amount_amount"), amount): Text '' is set on object 'Object Repository/RecAndPlayBk/Page-Vlink-AuthOnly/input_Amount_amount'

2023-02-15 22:46:44 - [MESSAGE][PASSED] - Text '' is set on object 'Object Repository/RecAndPlayBk/Page-Vlink-AuthOnly/input_Amount_amount'

2023-02-15 22:46:44 - [TEST_STEP][PASSED] - setText(findTestObject("Object Repository/RecAndPlayBk/Page-Vlink-AuthOnly/input_Card number_card_number"), cardNumber): Text '4111111111111111' is set on object 'Object Repository/RecAndPlayBk/Page-Vlink-AuthOnly/input_Card number_card_number'

2023-02-15 22:46:45 - [MESSAGE][PASSED] - Text '4111111111111111' is set on object 'Object Repository/RecAndPlayBk/Page-Vlink-AuthOnly/input_Card number_card_number'

2023-02-15 22:46:45 - [TEST_STEP][PASSED] - setText(findTestObject("Object Repository/RecAndPlayBk/Page-Vlink-AuthOnly/input_Card ex month_card_exmo"), exM): Text '12' is set on object 'Object Repository/RecAndPlayBk/Page-Vlink-AuthOnly/input_Card ex month_card_exmo'

2023-02-15 22:46:46 - [MESSAGE][PASSED] - Text '12' is set on object 'Object Repository/RecAndPlayBk/Page-Vlink-AuthOnly/input_Card ex month_card_exmo'

2023-02-15 22:46:46 - [TEST_STEP][PASSED] - setText(findTestObject("Object Repository/RecAndPlayBk/Page-Vlink-AuthOnly/input_Card ex year_card_exyr"), exY): Text '2025' is set on object 'Object Repository/RecAndPlayBk/Page-Vlink-AuthOnly/input_Card ex year_card_exyr'

2023-02-15 22:46:47 - [MESSAGE][PASSED] - Text '2025' is set on object 'Object Repository/RecAndPlayBk/Page-Vlink-AuthOnly/input_Card ex year_card_exyr'

2023-02-15 22:46:47 - [TEST_STEP][PASSED] - setText(findTestObject("Object Repository/RecAndPlayBk/Page-Vlink-AuthOnly/input_Track Data_track_data"), ""): Text '' is set on object 'Object Repository/RecAndPlayBk/Page-Vlink-AuthOnly/input_Track Data_track_data'

2023-02-15 22:46:47 - [MESSAGE][PASSED] - Text '' is set on object 'Object Repository/RecAndPlayBk/Page-Vlink-AuthOnly/input_Track Data_track_data'

2023-02-15 22:46:47 - [TEST_STEP][PASSED] - setText(findTestObject("Object Repository/RecAndPlayBk/Page-Vlink-AuthOnly/input_concat(Cardholder, , s email)_email"), ""): Text '' is set on object 'Object Repository/RecAndPlayBk/Page-Vlink-AuthOnly/input_concat(Cardholder, , s email)_email'

2023-02-15 22:46:48 - [MESSAGE][PASSED] - Text '' is set on object 'Object Repository/RecAndPlayBk/Page-Vlink-AuthOnly/input_concat(Cardholder, , s email)_email'

2023-02-15 22:46:48 - [TEST_STEP][PASSED] - click(findTestObject("Object Repository/RecAndPlayBk/Page-Vlink-AuthOnly/input_user_defined10_user_defined10")): Object: 'Object Repository/RecAndPlayBk/Page-Vlink-AuthOnly/input_user_defined10_user_defined10' is clicked on

2023-02-15 22:46:48 - [MESSAGE][PASSED] - Object: 'Object Repository/RecAndPlayBk/Page-Vlink-AuthOnly/input_user_defined10_user_defined10' is clicked on

2023-02-15 22:46:48 - [TEST_STEP][PASSED] - setText(findTestObject("Object Repository/RecAndPlayBk/Page-Vlink-AuthOnly/input_Card on File Indicator_card_on_file_i_157dae"), ""): Text '' is set on object 'Object Repository/RecAndPlayBk/Page-Vlink-AuthOnly/input_Card on File Indicator_card_on_file_i_157dae'

2023-02-15 22:46:49 - [MESSAGE][PASSED] - Text '' is set on object 'Object Repository/RecAndPlayBk/Page-Vlink-AuthOnly/input_Card on File Indicator_card_on_file_i_157dae'

2023-02-15 22:46:49 - [TEST_STEP][PASSED] - setText(findTestObject("Object Repository/RecAndPlayBk/Page-Vlink-AuthOnly/input_Stored Credential Indicator_stored_cr_4ae73c"), ""): Text '' is set on object 'Object Repository/RecAndPlayBk/Page-Vlink-AuthOnly/input_Stored Credential Indicator_stored_cr_4ae73c'

2023-02-15 22:46:50 - [MESSAGE][PASSED] - Text '' is set on object 'Object Repository/RecAndPlayBk/Page-Vlink-AuthOnly/input_Stored Credential Indicator_stored_cr_4ae73c'

2023-02-15 22:46:50 - [TEST_STEP][PASSED] - setText(findTestObject("Object Repository/RecAndPlayBk/Page-Vlink-AuthOnly/input_COF Scheduled indicator_cof_scheduled_8df7d8"), ""): Text '' is set on object 'Object Repository/RecAndPlayBk/Page-Vlink-AuthOnly/input_COF Scheduled indicator_cof_scheduled_8df7d8'

2023-02-15 22:46:50 - [MESSAGE][PASSED] - Text '' is set on object 'Object Repository/RecAndPlayBk/Page-Vlink-AuthOnly/input_COF Scheduled indicator_cof_scheduled_8df7d8'

2023-02-15 22:46:50 - [TEST_STEP][PASSED] - setText(findTestObject("Object Repository/RecAndPlayBk/Page-Vlink-AuthOnly/input_COF Transaction Initiated by_cof_tran_6cded5"), ""): Text '' is set on object 'Object Repository/RecAndPlayBk/Page-Vlink-AuthOnly/input_COF Transaction Initiated by_cof_tran_6cded5'

2023-02-15 22:46:51 - [MESSAGE][PASSED] - Text '' is set on object 'Object Repository/RecAndPlayBk/Page-Vlink-AuthOnly/input_COF Transaction Initiated by_cof_tran_6cded5'

2023-02-15 22:46:51 - [TEST_STEP][PASSED] - click(findTestObject("Object Repository/RecAndPlayBk/Page-Vlink-AuthOnly/input")): Object: 'Object Repository/RecAndPlayBk/Page-Vlink-AuthOnly/input' is clicked on

2023-02-15 22:46:52 - [MESSAGE][PASSED] - Object: 'Object Repository/RecAndPlayBk/Page-Vlink-AuthOnly/input' is clicked on

2023-02-15 22:46:52 - [TEST_STEP][PASSED] - if (verifyTextPresent(errorMsg, true)): null

2023-02-15 22:46:52 - [MESSAGE][PASSED] - Text 'amount' is present on page  using regular expression

2023-02-15 22:46:52 - [TEST_STEP][PASSED] - println("Error Message is present on the Confirmation page"): null

2023-02-15 22:46:52 - [TEST_STEP][PASSED] - out.println("Pass Record Number: " + row): null

2023-02-15 22:46:52 - [TEST_STEP][PASSED] - resText = "Pass": null

2023-02-15 22:46:52 - [TEST_STEP][PASSED] - pages.WriteExcel.demoKey(resText, datText, resColumn, datCloumn, fileLoc, nameSheet, row): pages.WriteExcel.demoKey is PASSED

2023-02-15 22:46:52 - [MESSAGE][PASSED] - pages.WriteExcel.demoKey is PASSED

2023-02-15 22:46:52 - [TEST_STEP][PASSED] - ExecuteTC = findTestData(dataFile).getValue("Execute", row): null

2023-02-15 22:46:52 - [TEST_STEP][PASSED] - out.println("Value of Execute is : " + ExecuteTC): null

2023-02-15 22:46:52 - [TEST_STEP][PASSED] - if (ExecuteTC.equalsIgnoreCase("Y")): null

2023-02-15 22:46:52 - [TEST_STEP][PASSED] - out.println("Begin Record Number: " + row): null

2023-02-15 22:46:52 - [TEST_STEP][PASSED] - today = new java.util.Date(): null

2023-02-15 22:46:52 - [TEST_STEP][PASSED] - println(today): null

2023-02-15 22:46:52 - [TEST_STEP][PASSED] - datText = today: null

2023-02-15 22:46:52 - [TEST_STEP][PASSED] - errorMsg = findTestData(dataFile).getValue("ErrorMsg", row): null

2023-02-15 22:46:52 - [TEST_STEP][PASSED] - appID = findTestData(dataFile).getValue("AppID", row): null

2023-02-15 22:46:52 - [TEST_STEP][PASSED] - username = findTestData(dataFile).getValue("Username", row): null

2023-02-15 22:46:52 - [TEST_STEP][PASSED] - password = findTestData(dataFile).getValue("Password", row): null

2023-02-15 22:46:53 - [TEST_STEP][PASSED] - tranType = findTestData(dataFile).getValue("TranType", row): null

2023-02-15 22:46:53 - [TEST_STEP][PASSED] - mv = findTestData(dataFile).getValue("MV", row): null

2023-02-15 22:46:53 - [TEST_STEP][PASSED] - resFormat = findTestData(dataFile).getValue("ResFormat", row): null

2023-02-15 22:46:53 - [TEST_STEP][PASSED] - category = findTestData(dataFile).getValue("Category", row): null

2023-02-15 22:46:53 - [TEST_STEP][PASSED] - amount = findTestData(dataFile).getValue("Amount", row): null

2023-02-15 22:46:53 - [TEST_STEP][PASSED] - cardName = findTestData(dataFile).getValue("CardName", row): null

2023-02-15 22:46:53 - [TEST_STEP][PASSED] - al1 = findTestData(dataFile).getValue("AL1", row): null

2023-02-15 22:46:53 - [TEST_STEP][PASSED] - city = findTestData(dataFile).getValue("City", row): null

2023-02-15 22:46:53 - [TEST_STEP][PASSED] - state = findTestData(dataFile).getValue("State", row): null

2023-02-15 22:46:53 - [TEST_STEP][PASSED] - zip = findTestData(dataFile).getValue("ZIP", row): null

2023-02-15 22:46:53 - [TEST_STEP][PASSED] - cardNumber = findTestData(dataFile).getValue("CardNumber", row): null

2023-02-15 22:46:54 - [TEST_STEP][PASSED] - exM = findTestData(dataFile).getValue("ExM", row): null

2023-02-15 22:46:54 - [TEST_STEP][PASSED] - exY = findTestData(dataFile).getValue("ExY", row): null

2023-02-15 22:46:54 - [TEST_STEP][PASSED] - openBrowser(VLinkURL + "auth.html"): Browser is opened with url: 'https://dev-algorithm.govolution.com/vlinktest/QA/version_2_0/auth.html'

2023-02-15 22:46:54 - [MESSAGE][WARNING] - A browser is already opened. Closing browser and opening a new one

2023-02-15 22:46:55 - [MESSAGE][INFO] - Starting 'Chrome' driver

2023-02-15 22:46:55 - [MESSAGE][INFO] - User set preference: ['acceptInsecureCerts', 'true']

2023-02-15 22:46:55 - [MESSAGE][INFO] - Action delay is set to 0 milliseconds

2023-02-15 22:46:56 - [MESSAGE][PASSED] - Browser is opened with url: 'https://dev-algorithm.govolution.com/vlinktest/QA/version_2_0/auth.html'

2023-02-15 22:46:56 - [TEST_STEP][PASSED] - maximizeWindow(): Current window maximized

2023-02-15 22:46:57 - [MESSAGE][PASSED] - Current window maximized

2023-02-15 22:46:57 - [TEST_STEP][PASSED] - maximizeWindow(): Current window maximized

2023-02-15 22:46:57 - [MESSAGE][PASSED] - Current window maximized

2023-02-15 22:46:57 - [TEST_STEP][PASSED] - setText(findTestObject("Object Repository/RecAndPlayBk/Page-Vlink-AuthOnly/txt_TransactionType"), tranType): Text '104' is set on object 'Object Repository/RecAndPlayBk/Page-Vlink-AuthOnly/txt_TransactionType'

2023-02-15 22:46:57 - [MESSAGE][PASSED] - Text '104' is set on object 'Object Repository/RecAndPlayBk/Page-Vlink-AuthOnly/txt_TransactionType'

2023-02-15 22:46:57 - [TEST_STEP][PASSED] - setText(findTestObject("Object Repository/RecAndPlayBk/Page-Vlink-AuthOnly/txt_MessageVersion"), mv): Text '2.0C' is set on object 'Object Repository/RecAndPlayBk/Page-Vlink-AuthOnly/txt_MessageVersion'

2023-02-15 22:46:58 - [MESSAGE][PASSED] - Text '2.0C' is set on object 'Object Repository/RecAndPlayBk/Page-Vlink-AuthOnly/txt_MessageVersion'

2023-02-15 22:46:58 - [TEST_STEP][PASSED] - genRemID = RandomStringUtils.random(12, true, true): null

2023-02-15 22:46:58 - [TEST_STEP][PASSED] - setText(findTestObject("Object Repository/RecAndPlayBk/Page-Vlink-AuthOnly/input_Remittance Id_remittance_id"), genRemID): Text 'qbuLaIhxv7EP' is set on object 'Object Repository/RecAndPlayBk/Page-Vlink-AuthOnly/input_Remittance Id_remittance_id'

2023-02-15 22:46:59 - [MESSAGE][PASSED] - Text 'qbuLaIhxv7EP' is set on object 'Object Repository/RecAndPlayBk/Page-Vlink-AuthOnly/input_Remittance Id_remittance_id'

2023-02-15 22:46:59 - [TEST_STEP][PASSED] - setText(findTestObject("Object Repository/RecAndPlayBk/Page-Vlink-AuthOnly/input_Application Id_application_id"), appID): Text '234' is set on object 'Object Repository/RecAndPlayBk/Page-Vlink-AuthOnly/input_Application Id_application_id'

2023-02-15 22:46:59 - [MESSAGE][PASSED] - Text '234' is set on object 'Object Repository/RecAndPlayBk/Page-Vlink-AuthOnly/input_Application Id_application_id'

2023-02-15 22:46:59 - [TEST_STEP][PASSED] - setText(findTestObject("Object Repository/RecAndPlayBk/Page-Vlink-AuthOnly/input_Username_username"), username): Text 'username' is set on object 'Object Repository/RecAndPlayBk/Page-Vlink-AuthOnly/input_Username_username'

2023-02-15 22:47:00 - [MESSAGE][PASSED] - Text 'username' is set on object 'Object Repository/RecAndPlayBk/Page-Vlink-AuthOnly/input_Username_username'

2023-02-15 22:47:00 - [TEST_STEP][PASSED] - setText(findTestObject("Object Repository/RecAndPlayBk/Page-Vlink-AuthOnly/input_Password_password"), password): Text 'password' is set on object 'Object Repository/RecAndPlayBk/Page-Vlink-AuthOnly/input_Password_password'

2023-02-15 22:47:00 - [MESSAGE][PASSED] - Text 'password' is set on object 'Object Repository/RecAndPlayBk/Page-Vlink-AuthOnly/input_Password_password'

2023-02-15 22:47:00 - [TEST_STEP][PASSED] - setText(findTestObject("Object Repository/RecAndPlayBk/Page-Vlink-AuthOnly/txt_ResponseFormat"), resFormat): Text 'fixed_width' is set on object 'Object Repository/RecAndPlayBk/Page-Vlink-AuthOnly/txt_ResponseFormat'

2023-02-15 22:47:01 - [MESSAGE][PASSED] - Text 'fixed_width' is set on object 'Object Repository/RecAndPlayBk/Page-Vlink-AuthOnly/txt_ResponseFormat'

2023-02-15 22:47:01 - [TEST_STEP][PASSED] - setText(findTestObject("Object Repository/RecAndPlayBk/Page-Vlink-AuthOnly/input_Category_category"), category): Text 'ECOM' is set on object 'Object Repository/RecAndPlayBk/Page-Vlink-AuthOnly/input_Category_category'

2023-02-15 22:47:02 - [MESSAGE][PASSED] - Text 'ECOM' is set on object 'Object Repository/RecAndPlayBk/Page-Vlink-AuthOnly/input_Category_category'

2023-02-15 22:47:02 - [TEST_STEP][PASSED] - setText(findTestObject("Object Repository/RecAndPlayBk/Page-Vlink-AuthOnly/txt_CardName"), cardName): Text 'Kris Roshan' is set on object 'Object Repository/RecAndPlayBk/Page-Vlink-AuthOnly/txt_CardName'

2023-02-15 22:47:02 - [MESSAGE][PASSED] - Text 'Kris Roshan' is set on object 'Object Repository/RecAndPlayBk/Page-Vlink-AuthOnly/txt_CardName'

2023-02-15 22:47:02 - [TEST_STEP][PASSED] - setText(findTestObject("Object Repository/RecAndPlayBk/Page-Vlink-AuthOnly/txt_AL1"), al1): Text '258 Elm Road' is set on object 'Object Repository/RecAndPlayBk/Page-Vlink-AuthOnly/txt_AL1'

2023-02-15 22:47:03 - [MESSAGE][PASSED] - Text '258 Elm Road' is set on object 'Object Repository/RecAndPlayBk/Page-Vlink-AuthOnly/txt_AL1'

2023-02-15 22:47:03 - [TEST_STEP][PASSED] - setText(findTestObject("Object Repository/RecAndPlayBk/Page-Vlink-AuthOnly/txt_CardCity"), city): Text 'Arlington' is set on object 'Object Repository/RecAndPlayBk/Page-Vlink-AuthOnly/txt_CardCity'

2023-02-15 22:47:04 - [MESSAGE][PASSED] - Text 'Arlington' is set on object 'Object Repository/RecAndPlayBk/Page-Vlink-AuthOnly/txt_CardCity'

2023-02-15 22:47:04 - [TEST_STEP][PASSED] - setText(findTestObject("Object Repository/RecAndPlayBk/Page-Vlink-AuthOnly/txt_CardState"), state): Text 'VA' is set on object 'Object Repository/RecAndPlayBk/Page-Vlink-AuthOnly/txt_CardState'

2023-02-15 22:47:04 - [MESSAGE][PASSED] - Text 'VA' is set on object 'Object Repository/RecAndPlayBk/Page-Vlink-AuthOnly/txt_CardState'

2023-02-15 22:47:04 - [TEST_STEP][PASSED] - setText(findTestObject("Object Repository/RecAndPlayBk/Page-Vlink-AuthOnly/txt_CardZIP"), zip): Text '22201' is set on object 'Object Repository/RecAndPlayBk/Page-Vlink-AuthOnly/txt_CardZIP'

2023-02-15 22:47:05 - [MESSAGE][PASSED] - Text '22201' is set on object 'Object Repository/RecAndPlayBk/Page-Vlink-AuthOnly/txt_CardZIP'

2023-02-15 22:47:05 - [TEST_STEP][PASSED] - setText(findTestObject("Object Repository/RecAndPlayBk/Page-Vlink-AuthOnly/input_Amount_amount"), amount): Text '1.50' is set on object 'Object Repository/RecAndPlayBk/Page-Vlink-AuthOnly/input_Amount_amount'

2023-02-15 22:47:06 - [MESSAGE][PASSED] - Text '1.50' is set on object 'Object Repository/RecAndPlayBk/Page-Vlink-AuthOnly/input_Amount_amount'

2023-02-15 22:47:06 - [TEST_STEP][PASSED] - setText(findTestObject("Object Repository/RecAndPlayBk/Page-Vlink-AuthOnly/input_Card number_card_number"), cardNumber): Text '' is set on object 'Object Repository/RecAndPlayBk/Page-Vlink-AuthOnly/input_Card number_card_number'

2023-02-15 22:47:06 - [MESSAGE][PASSED] - Text '' is set on object 'Object Repository/RecAndPlayBk/Page-Vlink-AuthOnly/input_Card number_card_number'

2023-02-15 22:47:06 - [TEST_STEP][PASSED] - setText(findTestObject("Object Repository/RecAndPlayBk/Page-Vlink-AuthOnly/input_Card ex month_card_exmo"), exM): Text '12' is set on object 'Object Repository/RecAndPlayBk/Page-Vlink-AuthOnly/input_Card ex month_card_exmo'

2023-02-15 22:47:07 - [MESSAGE][PASSED] - Text '12' is set on object 'Object Repository/RecAndPlayBk/Page-Vlink-AuthOnly/input_Card ex month_card_exmo'

2023-02-15 22:47:07 - [TEST_STEP][PASSED] - setText(findTestObject("Object Repository/RecAndPlayBk/Page-Vlink-AuthOnly/input_Card ex year_card_exyr"), exY): Text '2025' is set on object 'Object Repository/RecAndPlayBk/Page-Vlink-AuthOnly/input_Card ex year_card_exyr'

2023-02-15 22:47:08 - [MESSAGE][PASSED] - Text '2025' is set on object 'Object Repository/RecAndPlayBk/Page-Vlink-AuthOnly/input_Card ex year_card_exyr'

2023-02-15 22:47:08 - [TEST_STEP][PASSED] - setText(findTestObject("Object Repository/RecAndPlayBk/Page-Vlink-AuthOnly/input_Track Data_track_data"), ""): Text '' is set on object 'Object Repository/RecAndPlayBk/Page-Vlink-AuthOnly/input_Track Data_track_data'

2023-02-15 22:47:08 - [MESSAGE][PASSED] - Text '' is set on object 'Object Repository/RecAndPlayBk/Page-Vlink-AuthOnly/input_Track Data_track_data'

2023-02-15 22:47:08 - [TEST_STEP][PASSED] - setText(findTestObject("Object Repository/RecAndPlayBk/Page-Vlink-AuthOnly/input_concat(Cardholder, , s email)_email"), ""): Text '' is set on object 'Object Repository/RecAndPlayBk/Page-Vlink-AuthOnly/input_concat(Cardholder, , s email)_email'

2023-02-15 22:47:09 - [MESSAGE][PASSED] - Text '' is set on object 'Object Repository/RecAndPlayBk/Page-Vlink-AuthOnly/input_concat(Cardholder, , s email)_email'

2023-02-15 22:47:09 - [TEST_STEP][PASSED] - click(findTestObject("Object Repository/RecAndPlayBk/Page-Vlink-AuthOnly/input_user_defined10_user_defined10")): Object: 'Object Repository/RecAndPlayBk/Page-Vlink-AuthOnly/input_user_defined10_user_defined10' is clicked on

2023-02-15 22:47:09 - [MESSAGE][PASSED] - Object: 'Object Repository/RecAndPlayBk/Page-Vlink-AuthOnly/input_user_defined10_user_defined10' is clicked on

2023-02-15 22:47:09 - [TEST_STEP][PASSED] - setText(findTestObject("Object Repository/RecAndPlayBk/Page-Vlink-AuthOnly/input_Card on File Indicator_card_on_file_i_157dae"), ""): Text '' is set on object 'Object Repository/RecAndPlayBk/Page-Vlink-AuthOnly/input_Card on File Indicator_card_on_file_i_157dae'

2023-02-15 22:47:10 - [MESSAGE][PASSED] - Text '' is set on object 'Object Repository/RecAndPlayBk/Page-Vlink-AuthOnly/input_Card on File Indicator_card_on_file_i_157dae'

2023-02-15 22:47:10 - [TEST_STEP][PASSED] - setText(findTestObject("Object Repository/RecAndPlayBk/Page-Vlink-AuthOnly/input_Stored Credential Indicator_stored_cr_4ae73c"), ""): Text '' is set on object 'Object Repository/RecAndPlayBk/Page-Vlink-AuthOnly/input_Stored Credential Indicator_stored_cr_4ae73c'

2023-02-15 22:47:11 - [MESSAGE][PASSED] - Text '' is set on object 'Object Repository/RecAndPlayBk/Page-Vlink-AuthOnly/input_Stored Credential Indicator_stored_cr_4ae73c'

2023-02-15 22:47:11 - [TEST_STEP][PASSED] - setText(findTestObject("Object Repository/RecAndPlayBk/Page-Vlink-AuthOnly/input_COF Scheduled indicator_cof_scheduled_8df7d8"), ""): Text '' is set on object 'Object Repository/RecAndPlayBk/Page-Vlink-AuthOnly/input_COF Scheduled indicator_cof_scheduled_8df7d8'

2023-02-15 22:47:11 - [MESSAGE][PASSED] - Text '' is set on object 'Object Repository/RecAndPlayBk/Page-Vlink-AuthOnly/input_COF Scheduled indicator_cof_scheduled_8df7d8'

2023-02-15 22:47:11 - [TEST_STEP][PASSED] - setText(findTestObject("Object Repository/RecAndPlayBk/Page-Vlink-AuthOnly/input_COF Transaction Initiated by_cof_tran_6cded5"), ""): Text '' is set on object 'Object Repository/RecAndPlayBk/Page-Vlink-AuthOnly/input_COF Transaction Initiated by_cof_tran_6cded5'

2023-02-15 22:47:12 - [MESSAGE][PASSED] - Text '' is set on object 'Object Repository/RecAndPlayBk/Page-Vlink-AuthOnly/input_COF Transaction Initiated by_cof_tran_6cded5'

2023-02-15 22:47:12 - [TEST_STEP][PASSED] - click(findTestObject("Object Repository/RecAndPlayBk/Page-Vlink-AuthOnly/input")): Object: 'Object Repository/RecAndPlayBk/Page-Vlink-AuthOnly/input' is clicked on

2023-02-15 22:47:13 - [MESSAGE][PASSED] - Object: 'Object Repository/RecAndPlayBk/Page-Vlink-AuthOnly/input' is clicked on

2023-02-15 22:47:13 - [TEST_STEP][PASSED] - if (verifyTextPresent(errorMsg, true)): null

2023-02-15 22:47:13 - [MESSAGE][PASSED] - Text 'card_number' is present on page  using regular expression

2023-02-15 22:47:13 - [TEST_STEP][PASSED] - println("Error Message is present on the Confirmation page"): null

2023-02-15 22:47:13 - [TEST_STEP][PASSED] - out.println("Pass Record Number: " + row): null

2023-02-15 22:47:13 - [TEST_STEP][PASSED] - resText = "Pass": null

2023-02-15 22:47:13 - [TEST_STEP][PASSED] - pages.WriteExcel.demoKey(resText, datText, resColumn, datCloumn, fileLoc, nameSheet, row): pages.WriteExcel.demoKey is PASSED

2023-02-15 22:47:13 - [MESSAGE][PASSED] - pages.WriteExcel.demoKey is PASSED

2023-02-15 22:47:13 - [TEST_STEP][PASSED] - ExecuteTC = findTestData(dataFile).getValue("Execute", row): null

2023-02-15 22:47:13 - [TEST_STEP][PASSED] - out.println("Value of Execute is : " + ExecuteTC): null

2023-02-15 22:47:13 - [TEST_STEP][PASSED] - if (ExecuteTC.equalsIgnoreCase("Y")): null

2023-02-15 22:47:13 - [TEST_STEP][PASSED] - out.println("Begin Record Number: " + row): null

2023-02-15 22:47:13 - [TEST_STEP][PASSED] - today = new java.util.Date(): null

2023-02-15 22:47:13 - [TEST_STEP][PASSED] - println(today): null

2023-02-15 22:47:13 - [TEST_STEP][PASSED] - datText = today: null

2023-02-15 22:47:13 - [TEST_STEP][PASSED] - errorMsg = findTestData(dataFile).getValue("ErrorMsg", row): null

2023-02-15 22:47:13 - [TEST_STEP][PASSED] - appID = findTestData(dataFile).getValue("AppID", row): null

2023-02-15 22:47:13 - [TEST_STEP][PASSED] - username = findTestData(dataFile).getValue("Username", row): null

2023-02-15 22:47:13 - [TEST_STEP][PASSED] - password = findTestData(dataFile).getValue("Password", row): null

2023-02-15 22:47:13 - [TEST_STEP][PASSED] - tranType = findTestData(dataFile).getValue("TranType", row): null

2023-02-15 22:47:14 - [TEST_STEP][PASSED] - mv = findTestData(dataFile).getValue("MV", row): null

2023-02-15 22:47:14 - [TEST_STEP][PASSED] - resFormat = findTestData(dataFile).getValue("ResFormat", row): null

2023-02-15 22:47:14 - [TEST_STEP][PASSED] - category = findTestData(dataFile).getValue("Category", row): null

2023-02-15 22:47:14 - [TEST_STEP][PASSED] - amount = findTestData(dataFile).getValue("Amount", row): null

2023-02-15 22:47:14 - [TEST_STEP][PASSED] - cardName = findTestData(dataFile).getValue("CardName", row): null

2023-02-15 22:47:14 - [TEST_STEP][PASSED] - al1 = findTestData(dataFile).getValue("AL1", row): null

2023-02-15 22:47:14 - [TEST_STEP][PASSED] - city = findTestData(dataFile).getValue("City", row): null

2023-02-15 22:47:14 - [TEST_STEP][PASSED] - state = findTestData(dataFile).getValue("State", row): null

2023-02-15 22:47:14 - [TEST_STEP][PASSED] - zip = findTestData(dataFile).getValue("ZIP", row): null

2023-02-15 22:47:14 - [TEST_STEP][PASSED] - cardNumber = findTestData(dataFile).getValue("CardNumber", row): null

2023-02-15 22:47:14 - [TEST_STEP][PASSED] - exM = findTestData(dataFile).getValue("ExM", row): null

2023-02-15 22:47:15 - [TEST_STEP][PASSED] - exY = findTestData(dataFile).getValue("ExY", row): null

2023-02-15 22:47:15 - [TEST_STEP][PASSED] - openBrowser(VLinkURL + "auth.html"): Browser is opened with url: 'https://dev-algorithm.govolution.com/vlinktest/QA/version_2_0/auth.html'

2023-02-15 22:47:15 - [MESSAGE][WARNING] - A browser is already opened. Closing browser and opening a new one

2023-02-15 22:47:16 - [MESSAGE][INFO] - Starting 'Chrome' driver

2023-02-15 22:47:16 - [MESSAGE][INFO] - User set preference: ['acceptInsecureCerts', 'true']

2023-02-15 22:47:16 - [MESSAGE][INFO] - Action delay is set to 0 milliseconds

2023-02-15 22:47:17 - [MESSAGE][PASSED] - Browser is opened with url: 'https://dev-algorithm.govolution.com/vlinktest/QA/version_2_0/auth.html'

2023-02-15 22:47:17 - [TEST_STEP][PASSED] - maximizeWindow(): Current window maximized

2023-02-15 22:47:18 - [MESSAGE][PASSED] - Current window maximized

2023-02-15 22:47:18 - [TEST_STEP][PASSED] - maximizeWindow(): Current window maximized

2023-02-15 22:47:18 - [MESSAGE][PASSED] - Current window maximized

2023-02-15 22:47:18 - [TEST_STEP][PASSED] - setText(findTestObject("Object Repository/RecAndPlayBk/Page-Vlink-AuthOnly/txt_TransactionType"), tranType): Text '104' is set on object 'Object Repository/RecAndPlayBk/Page-Vlink-AuthOnly/txt_TransactionType'

2023-02-15 22:47:18 - [MESSAGE][PASSED] - Text '104' is set on object 'Object Repository/RecAndPlayBk/Page-Vlink-AuthOnly/txt_TransactionType'

2023-02-15 22:47:18 - [TEST_STEP][PASSED] - setText(findTestObject("Object Repository/RecAndPlayBk/Page-Vlink-AuthOnly/txt_MessageVersion"), mv): Text '2.0C' is set on object 'Object Repository/RecAndPlayBk/Page-Vlink-AuthOnly/txt_MessageVersion'

2023-02-15 22:47:19 - [MESSAGE][PASSED] - Text '2.0C' is set on object 'Object Repository/RecAndPlayBk/Page-Vlink-AuthOnly/txt_MessageVersion'

2023-02-15 22:47:19 - [TEST_STEP][PASSED] - genRemID = RandomStringUtils.random(12, true, true): null

2023-02-15 22:47:19 - [TEST_STEP][PASSED] - setText(findTestObject("Object Repository/RecAndPlayBk/Page-Vlink-AuthOnly/input_Remittance Id_remittance_id"), genRemID): Text 'tZAWLocesWKj' is set on object 'Object Repository/RecAndPlayBk/Page-Vlink-AuthOnly/input_Remittance Id_remittance_id'

2023-02-15 22:47:20 - [MESSAGE][PASSED] - Text 'tZAWLocesWKj' is set on object 'Object Repository/RecAndPlayBk/Page-Vlink-AuthOnly/input_Remittance Id_remittance_id'

2023-02-15 22:47:20 - [TEST_STEP][PASSED] - setText(findTestObject("Object Repository/RecAndPlayBk/Page-Vlink-AuthOnly/input_Application Id_application_id"), appID): Text '234' is set on object 'Object Repository/RecAndPlayBk/Page-Vlink-AuthOnly/input_Application Id_application_id'

2023-02-15 22:47:20 - [MESSAGE][PASSED] - Text '234' is set on object 'Object Repository/RecAndPlayBk/Page-Vlink-AuthOnly/input_Application Id_application_id'

2023-02-15 22:47:20 - [TEST_STEP][PASSED] - setText(findTestObject("Object Repository/RecAndPlayBk/Page-Vlink-AuthOnly/input_Username_username"), username): Text 'username' is set on object 'Object Repository/RecAndPlayBk/Page-Vlink-AuthOnly/input_Username_username'

2023-02-15 22:47:21 - [MESSAGE][PASSED] - Text 'username' is set on object 'Object Repository/RecAndPlayBk/Page-Vlink-AuthOnly/input_Username_username'

2023-02-15 22:47:21 - [TEST_STEP][PASSED] - setText(findTestObject("Object Repository/RecAndPlayBk/Page-Vlink-AuthOnly/input_Password_password"), password): Text 'password' is set on object 'Object Repository/RecAndPlayBk/Page-Vlink-AuthOnly/input_Password_password'

2023-02-15 22:47:22 - [MESSAGE][PASSED] - Text 'password' is set on object 'Object Repository/RecAndPlayBk/Page-Vlink-AuthOnly/input_Password_password'

2023-02-15 22:47:22 - [TEST_STEP][PASSED] - setText(findTestObject("Object Repository/RecAndPlayBk/Page-Vlink-AuthOnly/txt_ResponseFormat"), resFormat): Text 'fixed_width' is set on object 'Object Repository/RecAndPlayBk/Page-Vlink-AuthOnly/txt_ResponseFormat'

2023-02-15 22:47:22 - [MESSAGE][PASSED] - Text 'fixed_width' is set on object 'Object Repository/RecAndPlayBk/Page-Vlink-AuthOnly/txt_ResponseFormat'

2023-02-15 22:47:22 - [TEST_STEP][PASSED] - setText(findTestObject("Object Repository/RecAndPlayBk/Page-Vlink-AuthOnly/input_Category_category"), category): Text 'MOTO' is set on object 'Object Repository/RecAndPlayBk/Page-Vlink-AuthOnly/input_Category_category'

2023-02-15 22:47:23 - [MESSAGE][PASSED] - Text 'MOTO' is set on object 'Object Repository/RecAndPlayBk/Page-Vlink-AuthOnly/input_Category_category'

2023-02-15 22:47:23 - [TEST_STEP][PASSED] - setText(findTestObject("Object Repository/RecAndPlayBk/Page-Vlink-AuthOnly/txt_CardName"), cardName): Text 'Kris Roshan' is set on object 'Object Repository/RecAndPlayBk/Page-Vlink-AuthOnly/txt_CardName'

2023-02-15 22:47:23 - [MESSAGE][PASSED] - Text 'Kris Roshan' is set on object 'Object Repository/RecAndPlayBk/Page-Vlink-AuthOnly/txt_CardName'

2023-02-15 22:47:23 - [TEST_STEP][PASSED] - setText(findTestObject("Object Repository/RecAndPlayBk/Page-Vlink-AuthOnly/txt_AL1"), al1): Text '258 Elm Road' is set on object 'Object Repository/RecAndPlayBk/Page-Vlink-AuthOnly/txt_AL1'

2023-02-15 22:47:24 - [MESSAGE][PASSED] - Text '258 Elm Road' is set on object 'Object Repository/RecAndPlayBk/Page-Vlink-AuthOnly/txt_AL1'

2023-02-15 22:47:24 - [TEST_STEP][PASSED] - setText(findTestObject("Object Repository/RecAndPlayBk/Page-Vlink-AuthOnly/txt_CardCity"), city): Text 'Arlington' is set on object 'Object Repository/RecAndPlayBk/Page-Vlink-AuthOnly/txt_CardCity'

2023-02-15 22:47:25 - [MESSAGE][PASSED] - Text 'Arlington' is set on object 'Object Repository/RecAndPlayBk/Page-Vlink-AuthOnly/txt_CardCity'

2023-02-15 22:47:25 - [TEST_STEP][PASSED] - setText(findTestObject("Object Repository/RecAndPlayBk/Page-Vlink-AuthOnly/txt_CardState"), state): Text 'VA' is set on object 'Object Repository/RecAndPlayBk/Page-Vlink-AuthOnly/txt_CardState'

2023-02-15 22:47:25 - [MESSAGE][PASSED] - Text 'VA' is set on object 'Object Repository/RecAndPlayBk/Page-Vlink-AuthOnly/txt_CardState'

2023-02-15 22:47:25 - [TEST_STEP][PASSED] - setText(findTestObject("Object Repository/RecAndPlayBk/Page-Vlink-AuthOnly/txt_CardZIP"), zip): Text '22201' is set on object 'Object Repository/RecAndPlayBk/Page-Vlink-AuthOnly/txt_CardZIP'

2023-02-15 22:47:26 - [MESSAGE][PASSED] - Text '22201' is set on object 'Object Repository/RecAndPlayBk/Page-Vlink-AuthOnly/txt_CardZIP'

2023-02-15 22:47:26 - [TEST_STEP][PASSED] - setText(findTestObject("Object Repository/RecAndPlayBk/Page-Vlink-AuthOnly/input_Amount_amount"), amount): Text '1.50' is set on object 'Object Repository/RecAndPlayBk/Page-Vlink-AuthOnly/input_Amount_amount'

2023-02-15 22:47:27 - [MESSAGE][PASSED] - Text '1.50' is set on object 'Object Repository/RecAndPlayBk/Page-Vlink-AuthOnly/input_Amount_amount'

2023-02-15 22:47:27 - [TEST_STEP][PASSED] - setText(findTestObject("Object Repository/RecAndPlayBk/Page-Vlink-AuthOnly/input_Card number_card_number"), cardNumber): Text '' is set on object 'Object Repository/RecAndPlayBk/Page-Vlink-AuthOnly/input_Card number_card_number'

2023-02-15 22:47:27 - [MESSAGE][PASSED] - Text '' is set on object 'Object Repository/RecAndPlayBk/Page-Vlink-AuthOnly/input_Card number_card_number'

2023-02-15 22:47:27 - [TEST_STEP][PASSED] - setText(findTestObject("Object Repository/RecAndPlayBk/Page-Vlink-AuthOnly/input_Card ex month_card_exmo"), exM): Text '12' is set on object 'Object Repository/RecAndPlayBk/Page-Vlink-AuthOnly/input_Card ex month_card_exmo'

2023-02-15 22:47:28 - [MESSAGE][PASSED] - Text '12' is set on object 'Object Repository/RecAndPlayBk/Page-Vlink-AuthOnly/input_Card ex month_card_exmo'

2023-02-15 22:47:28 - [TEST_STEP][PASSED] - setText(findTestObject("Object Repository/RecAndPlayBk/Page-Vlink-AuthOnly/input_Card ex year_card_exyr"), exY): Text '2025' is set on object 'Object Repository/RecAndPlayBk/Page-Vlink-AuthOnly/input_Card ex year_card_exyr'

2023-02-15 22:47:29 - [MESSAGE][PASSED] - Text '2025' is set on object 'Object Repository/RecAndPlayBk/Page-Vlink-AuthOnly/input_Card ex year_card_exyr'

2023-02-15 22:47:29 - [TEST_STEP][PASSED] - setText(findTestObject("Object Repository/RecAndPlayBk/Page-Vlink-AuthOnly/input_Track Data_track_data"), ""): Text '' is set on object 'Object Repository/RecAndPlayBk/Page-Vlink-AuthOnly/input_Track Data_track_data'

2023-02-15 22:47:29 - [MESSAGE][PASSED] - Text '' is set on object 'Object Repository/RecAndPlayBk/Page-Vlink-AuthOnly/input_Track Data_track_data'

2023-02-15 22:47:29 - [TEST_STEP][PASSED] - setText(findTestObject("Object Repository/RecAndPlayBk/Page-Vlink-AuthOnly/input_concat(Cardholder, , s email)_email"), ""): Text '' is set on object 'Object Repository/RecAndPlayBk/Page-Vlink-AuthOnly/input_concat(Cardholder, , s email)_email'

2023-02-15 22:47:30 - [MESSAGE][PASSED] - Text '' is set on object 'Object Repository/RecAndPlayBk/Page-Vlink-AuthOnly/input_concat(Cardholder, , s email)_email'

2023-02-15 22:47:30 - [TEST_STEP][PASSED] - click(findTestObject("Object Repository/RecAndPlayBk/Page-Vlink-AuthOnly/input_user_defined10_user_defined10")): Object: 'Object Repository/RecAndPlayBk/Page-Vlink-AuthOnly/input_user_defined10_user_defined10' is clicked on

2023-02-15 22:47:30 - [MESSAGE][PASSED] - Object: 'Object Repository/RecAndPlayBk/Page-Vlink-AuthOnly/input_user_defined10_user_defined10' is clicked on

2023-02-15 22:47:30 - [TEST_STEP][PASSED] - setText(findTestObject("Object Repository/RecAndPlayBk/Page-Vlink-AuthOnly/input_Card on File Indicator_card_on_file_i_157dae"), ""): Text '' is set on object 'Object Repository/RecAndPlayBk/Page-Vlink-AuthOnly/input_Card on File Indicator_card_on_file_i_157dae'

2023-02-15 22:47:31 - [MESSAGE][PASSED] - Text '' is set on object 'Object Repository/RecAndPlayBk/Page-Vlink-AuthOnly/input_Card on File Indicator_card_on_file_i_157dae'

2023-02-15 22:47:31 - [TEST_STEP][PASSED] - setText(findTestObject("Object Repository/RecAndPlayBk/Page-Vlink-AuthOnly/input_Stored Credential Indicator_stored_cr_4ae73c"), ""): Text '' is set on object 'Object Repository/RecAndPlayBk/Page-Vlink-AuthOnly/input_Stored Credential Indicator_stored_cr_4ae73c'

2023-02-15 22:47:32 - [MESSAGE][PASSED] - Text '' is set on object 'Object Repository/RecAndPlayBk/Page-Vlink-AuthOnly/input_Stored Credential Indicator_stored_cr_4ae73c'

2023-02-15 22:47:32 - [TEST_STEP][PASSED] - setText(findTestObject("Object Repository/RecAndPlayBk/Page-Vlink-AuthOnly/input_COF Scheduled indicator_cof_scheduled_8df7d8"), ""): Text '' is set on object 'Object Repository/RecAndPlayBk/Page-Vlink-AuthOnly/input_COF Scheduled indicator_cof_scheduled_8df7d8'

2023-02-15 22:47:32 - [MESSAGE][PASSED] - Text '' is set on object 'Object Repository/RecAndPlayBk/Page-Vlink-AuthOnly/input_COF Scheduled indicator_cof_scheduled_8df7d8'

2023-02-15 22:47:32 - [TEST_STEP][PASSED] - setText(findTestObject("Object Repository/RecAndPlayBk/Page-Vlink-AuthOnly/input_COF Transaction Initiated by_cof_tran_6cded5"), ""): Text '' is set on object 'Object Repository/RecAndPlayBk/Page-Vlink-AuthOnly/input_COF Transaction Initiated by_cof_tran_6cded5'

2023-02-15 22:47:33 - [MESSAGE][PASSED] - Text '' is set on object 'Object Repository/RecAndPlayBk/Page-Vlink-AuthOnly/input_COF Transaction Initiated by_cof_tran_6cded5'

2023-02-15 22:47:33 - [TEST_STEP][PASSED] - click(findTestObject("Object Repository/RecAndPlayBk/Page-Vlink-AuthOnly/input")): Object: 'Object Repository/RecAndPlayBk/Page-Vlink-AuthOnly/input' is clicked on

2023-02-15 22:47:34 - [MESSAGE][PASSED] - Object: 'Object Repository/RecAndPlayBk/Page-Vlink-AuthOnly/input' is clicked on

2023-02-15 22:47:34 - [TEST_STEP][PASSED] - if (verifyTextPresent(errorMsg, true)): null

2023-02-15 22:47:34 - [MESSAGE][PASSED] - Text 'card_number' is present on page  using regular expression

2023-02-15 22:47:34 - [TEST_STEP][PASSED] - println("Error Message is present on the Confirmation page"): null

2023-02-15 22:47:34 - [TEST_STEP][PASSED] - out.println("Pass Record Number: " + row): null

2023-02-15 22:47:34 - [TEST_STEP][PASSED] - resText = "Pass": null

2023-02-15 22:47:34 - [TEST_STEP][PASSED] - pages.WriteExcel.demoKey(resText, datText, resColumn, datCloumn, fileLoc, nameSheet, row): pages.WriteExcel.demoKey is PASSED

2023-02-15 22:47:34 - [MESSAGE][PASSED] - pages.WriteExcel.demoKey is PASSED

2023-02-15 22:47:34 - [TEST_STEP][PASSED] - ExecuteTC = findTestData(dataFile).getValue("Execute", row): null

2023-02-15 22:47:34 - [TEST_STEP][PASSED] - out.println("Value of Execute is : " + ExecuteTC): null

2023-02-15 22:47:34 - [TEST_STEP][PASSED] - if (ExecuteTC.equalsIgnoreCase("Y")): null

2023-02-15 22:47:34 - [TEST_STEP][PASSED] - out.println("Begin Record Number: " + row): null

2023-02-15 22:47:34 - [TEST_STEP][PASSED] - today = new java.util.Date(): null

2023-02-15 22:47:34 - [TEST_STEP][PASSED] - println(today): null

2023-02-15 22:47:34 - [TEST_STEP][PASSED] - datText = today: null

2023-02-15 22:47:34 - [TEST_STEP][PASSED] - errorMsg = findTestData(dataFile).getValue("ErrorMsg", row): null

2023-02-15 22:47:34 - [TEST_STEP][PASSED] - appID = findTestData(dataFile).getValue("AppID", row): null

2023-02-15 22:47:34 - [TEST_STEP][PASSED] - username = findTestData(dataFile).getValue("Username", row): null

2023-02-15 22:47:35 - [TEST_STEP][PASSED] - password = findTestData(dataFile).getValue("Password", row): null

2023-02-15 22:47:35 - [TEST_STEP][PASSED] - tranType = findTestData(dataFile).getValue("TranType", row): null

2023-02-15 22:47:35 - [TEST_STEP][PASSED] - mv = findTestData(dataFile).getValue("MV", row): null

2023-02-15 22:47:35 - [TEST_STEP][PASSED] - resFormat = findTestData(dataFile).getValue("ResFormat", row): null

2023-02-15 22:47:35 - [TEST_STEP][PASSED] - category = findTestData(dataFile).getValue("Category", row): null

2023-02-15 22:47:35 - [TEST_STEP][PASSED] - amount = findTestData(dataFile).getValue("Amount", row): null

2023-02-15 22:47:35 - [TEST_STEP][PASSED] - cardName = findTestData(dataFile).getValue("CardName", row): null

2023-02-15 22:47:35 - [TEST_STEP][PASSED] - al1 = findTestData(dataFile).getValue("AL1", row): null

2023-02-15 22:47:35 - [TEST_STEP][PASSED] - city = findTestData(dataFile).getValue("City", row): null

2023-02-15 22:47:35 - [TEST_STEP][PASSED] - state = findTestData(dataFile).getValue("State", row): null

2023-02-15 22:47:35 - [TEST_STEP][PASSED] - zip = findTestData(dataFile).getValue("ZIP", row): null

2023-02-15 22:47:35 - [TEST_STEP][PASSED] - cardNumber = findTestData(dataFile).getValue("CardNumber", row): null

2023-02-15 22:47:36 - [TEST_STEP][PASSED] - exM = findTestData(dataFile).getValue("ExM", row): null

2023-02-15 22:47:36 - [TEST_STEP][PASSED] - exY = findTestData(dataFile).getValue("ExY", row): null

2023-02-15 22:47:36 - [TEST_STEP][PASSED] - openBrowser(VLinkURL + "auth.html"): Browser is opened with url: 'https://dev-algorithm.govolution.com/vlinktest/QA/version_2_0/auth.html'

2023-02-15 22:47:36 - [MESSAGE][WARNING] - A browser is already opened. Closing browser and opening a new one

2023-02-15 22:47:37 - [MESSAGE][INFO] - Starting 'Chrome' driver

2023-02-15 22:47:37 - [MESSAGE][INFO] - User set preference: ['acceptInsecureCerts', 'true']

2023-02-15 22:47:37 - [MESSAGE][INFO] - Action delay is set to 0 milliseconds

2023-02-15 22:47:39 - [MESSAGE][PASSED] - Browser is opened with url: 'https://dev-algorithm.govolution.com/vlinktest/QA/version_2_0/auth.html'

2023-02-15 22:47:39 - [TEST_STEP][PASSED] - maximizeWindow(): Current window maximized

2023-02-15 22:47:39 - [MESSAGE][PASSED] - Current window maximized

2023-02-15 22:47:39 - [TEST_STEP][PASSED] - maximizeWindow(): Current window maximized

2023-02-15 22:47:39 - [MESSAGE][PASSED] - Current window maximized

2023-02-15 22:47:39 - [TEST_STEP][PASSED] - setText(findTestObject("Object Repository/RecAndPlayBk/Page-Vlink-AuthOnly/txt_TransactionType"), tranType): Text '104' is set on object 'Object Repository/RecAndPlayBk/Page-Vlink-AuthOnly/txt_TransactionType'

2023-02-15 22:47:39 - [MESSAGE][PASSED] - Text '104' is set on object 'Object Repository/RecAndPlayBk/Page-Vlink-AuthOnly/txt_TransactionType'

2023-02-15 22:47:39 - [TEST_STEP][PASSED] - setText(findTestObject("Object Repository/RecAndPlayBk/Page-Vlink-AuthOnly/txt_MessageVersion"), mv): Text '2.0C' is set on object 'Object Repository/RecAndPlayBk/Page-Vlink-AuthOnly/txt_MessageVersion'

2023-02-15 22:47:40 - [MESSAGE][PASSED] - Text '2.0C' is set on object 'Object Repository/RecAndPlayBk/Page-Vlink-AuthOnly/txt_MessageVersion'

2023-02-15 22:47:40 - [TEST_STEP][PASSED] - genRemID = RandomStringUtils.random(12, true, true): null

2023-02-15 22:47:40 - [TEST_STEP][PASSED] - setText(findTestObject("Object Repository/RecAndPlayBk/Page-Vlink-AuthOnly/input_Remittance Id_remittance_id"), genRemID): Text 'v3MLjKjLGAj1' is set on object 'Object Repository/RecAndPlayBk/Page-Vlink-AuthOnly/input_Remittance Id_remittance_id'

2023-02-15 22:47:41 - [MESSAGE][PASSED] - Text 'v3MLjKjLGAj1' is set on object 'Object Repository/RecAndPlayBk/Page-Vlink-AuthOnly/input_Remittance Id_remittance_id'

2023-02-15 22:47:41 - [TEST_STEP][PASSED] - setText(findTestObject("Object Repository/RecAndPlayBk/Page-Vlink-AuthOnly/input_Application Id_application_id"), appID): Text '234' is set on object 'Object Repository/RecAndPlayBk/Page-Vlink-AuthOnly/input_Application Id_application_id'

2023-02-15 22:47:41 - [MESSAGE][PASSED] - Text '234' is set on object 'Object Repository/RecAndPlayBk/Page-Vlink-AuthOnly/input_Application Id_application_id'

2023-02-15 22:47:41 - [TEST_STEP][PASSED] - setText(findTestObject("Object Repository/RecAndPlayBk/Page-Vlink-AuthOnly/input_Username_username"), username): Text 'username' is set on object 'Object Repository/RecAndPlayBk/Page-Vlink-AuthOnly/input_Username_username'

2023-02-15 22:47:42 - [MESSAGE][PASSED] - Text 'username' is set on object 'Object Repository/RecAndPlayBk/Page-Vlink-AuthOnly/input_Username_username'

2023-02-15 22:47:42 - [TEST_STEP][PASSED] - setText(findTestObject("Object Repository/RecAndPlayBk/Page-Vlink-AuthOnly/input_Password_password"), password): Text 'password' is set on object 'Object Repository/RecAndPlayBk/Page-Vlink-AuthOnly/input_Password_password'

2023-02-15 22:47:43 - [MESSAGE][PASSED] - Text 'password' is set on object 'Object Repository/RecAndPlayBk/Page-Vlink-AuthOnly/input_Password_password'

2023-02-15 22:47:43 - [TEST_STEP][PASSED] - setText(findTestObject("Object Repository/RecAndPlayBk/Page-Vlink-AuthOnly/txt_ResponseFormat"), resFormat): Text 'fixed_width' is set on object 'Object Repository/RecAndPlayBk/Page-Vlink-AuthOnly/txt_ResponseFormat'

2023-02-15 22:47:43 - [MESSAGE][PASSED] - Text 'fixed_width' is set on object 'Object Repository/RecAndPlayBk/Page-Vlink-AuthOnly/txt_ResponseFormat'

2023-02-15 22:47:43 - [TEST_STEP][PASSED] - setText(findTestObject("Object Repository/RecAndPlayBk/Page-Vlink-AuthOnly/input_Category_category"), category): Text 'RETL' is set on object 'Object Repository/RecAndPlayBk/Page-Vlink-AuthOnly/input_Category_category'

2023-02-15 22:47:44 - [MESSAGE][PASSED] - Text 'RETL' is set on object 'Object Repository/RecAndPlayBk/Page-Vlink-AuthOnly/input_Category_category'

2023-02-15 22:47:44 - [TEST_STEP][PASSED] - setText(findTestObject("Object Repository/RecAndPlayBk/Page-Vlink-AuthOnly/txt_CardName"), cardName): Text 'Kris Roshan' is set on object 'Object Repository/RecAndPlayBk/Page-Vlink-AuthOnly/txt_CardName'

2023-02-15 22:47:44 - [MESSAGE][PASSED] - Text 'Kris Roshan' is set on object 'Object Repository/RecAndPlayBk/Page-Vlink-AuthOnly/txt_CardName'

2023-02-15 22:47:44 - [TEST_STEP][PASSED] - setText(findTestObject("Object Repository/RecAndPlayBk/Page-Vlink-AuthOnly/txt_AL1"), al1): Text '258 Elm Road' is set on object 'Object Repository/RecAndPlayBk/Page-Vlink-AuthOnly/txt_AL1'

2023-02-15 22:47:45 - [MESSAGE][PASSED] - Text '258 Elm Road' is set on object 'Object Repository/RecAndPlayBk/Page-Vlink-AuthOnly/txt_AL1'

2023-02-15 22:47:45 - [TEST_STEP][PASSED] - setText(findTestObject("Object Repository/RecAndPlayBk/Page-Vlink-AuthOnly/txt_CardCity"), city): Text 'Arlington' is set on object 'Object Repository/RecAndPlayBk/Page-Vlink-AuthOnly/txt_CardCity'

2023-02-15 22:47:46 - [MESSAGE][PASSED] - Text 'Arlington' is set on object 'Object Repository/RecAndPlayBk/Page-Vlink-AuthOnly/txt_CardCity'

2023-02-15 22:47:46 - [TEST_STEP][PASSED] - setText(findTestObject("Object Repository/RecAndPlayBk/Page-Vlink-AuthOnly/txt_CardState"), state): Text 'VA' is set on object 'Object Repository/RecAndPlayBk/Page-Vlink-AuthOnly/txt_CardState'

2023-02-15 22:47:46 - [MESSAGE][PASSED] - Text 'VA' is set on object 'Object Repository/RecAndPlayBk/Page-Vlink-AuthOnly/txt_CardState'

2023-02-15 22:47:46 - [TEST_STEP][PASSED] - setText(findTestObject("Object Repository/RecAndPlayBk/Page-Vlink-AuthOnly/txt_CardZIP"), zip): Text '22201' is set on object 'Object Repository/RecAndPlayBk/Page-Vlink-AuthOnly/txt_CardZIP'

2023-02-15 22:47:47 - [MESSAGE][PASSED] - Text '22201' is set on object 'Object Repository/RecAndPlayBk/Page-Vlink-AuthOnly/txt_CardZIP'

2023-02-15 22:47:47 - [TEST_STEP][PASSED] - setText(findTestObject("Object Repository/RecAndPlayBk/Page-Vlink-AuthOnly/input_Amount_amount"), amount): Text '1.50' is set on object 'Object Repository/RecAndPlayBk/Page-Vlink-AuthOnly/input_Amount_amount'

2023-02-15 22:47:48 - [MESSAGE][PASSED] - Text '1.50' is set on object 'Object Repository/RecAndPlayBk/Page-Vlink-AuthOnly/input_Amount_amount'

2023-02-15 22:47:48 - [TEST_STEP][PASSED] - setText(findTestObject("Object Repository/RecAndPlayBk/Page-Vlink-AuthOnly/input_Card number_card_number"), cardNumber): Text '' is set on object 'Object Repository/RecAndPlayBk/Page-Vlink-AuthOnly/input_Card number_card_number'

2023-02-15 22:47:48 - [MESSAGE][PASSED] - Text '' is set on object 'Object Repository/RecAndPlayBk/Page-Vlink-AuthOnly/input_Card number_card_number'

2023-02-15 22:47:48 - [TEST_STEP][PASSED] - setText(findTestObject("Object Repository/RecAndPlayBk/Page-Vlink-AuthOnly/input_Card ex month_card_exmo"), exM): Text '12' is set on object 'Object Repository/RecAndPlayBk/Page-Vlink-AuthOnly/input_Card ex month_card_exmo'

2023-02-15 22:47:49 - [MESSAGE][PASSED] - Text '12' is set on object 'Object Repository/RecAndPlayBk/Page-Vlink-AuthOnly/input_Card ex month_card_exmo'

2023-02-15 22:47:49 - [TEST_STEP][PASSED] - setText(findTestObject("Object Repository/RecAndPlayBk/Page-Vlink-AuthOnly/input_Card ex year_card_exyr"), exY): Text '2025' is set on object 'Object Repository/RecAndPlayBk/Page-Vlink-AuthOnly/input_Card ex year_card_exyr'

2023-02-15 22:47:50 - [MESSAGE][PASSED] - Text '2025' is set on object 'Object Repository/RecAndPlayBk/Page-Vlink-AuthOnly/input_Card ex year_card_exyr'

2023-02-15 22:47:50 - [TEST_STEP][PASSED] - setText(findTestObject("Object Repository/RecAndPlayBk/Page-Vlink-AuthOnly/input_Track Data_track_data"), ""): Text '' is set on object 'Object Repository/RecAndPlayBk/Page-Vlink-AuthOnly/input_Track Data_track_data'

2023-02-15 22:47:50 - [MESSAGE][PASSED] - Text '' is set on object 'Object Repository/RecAndPlayBk/Page-Vlink-AuthOnly/input_Track Data_track_data'

2023-02-15 22:47:50 - [TEST_STEP][PASSED] - setText(findTestObject("Object Repository/RecAndPlayBk/Page-Vlink-AuthOnly/input_concat(Cardholder, , s email)_email"), ""): Text '' is set on object 'Object Repository/RecAndPlayBk/Page-Vlink-AuthOnly/input_concat(Cardholder, , s email)_email'

2023-02-15 22:47:51 - [MESSAGE][PASSED] - Text '' is set on object 'Object Repository/RecAndPlayBk/Page-Vlink-AuthOnly/input_concat(Cardholder, , s email)_email'

2023-02-15 22:47:51 - [TEST_STEP][PASSED] - click(findTestObject("Object Repository/RecAndPlayBk/Page-Vlink-AuthOnly/input_user_defined10_user_defined10")): Object: 'Object Repository/RecAndPlayBk/Page-Vlink-AuthOnly/input_user_defined10_user_defined10' is clicked on

2023-02-15 22:47:51 - [MESSAGE][PASSED] - Object: 'Object Repository/RecAndPlayBk/Page-Vlink-AuthOnly/input_user_defined10_user_defined10' is clicked on

2023-02-15 22:47:51 - [TEST_STEP][PASSED] - setText(findTestObject("Object Repository/RecAndPlayBk/Page-Vlink-AuthOnly/input_Card on File Indicator_card_on_file_i_157dae"), ""): Text '' is set on object 'Object Repository/RecAndPlayBk/Page-Vlink-AuthOnly/input_Card on File Indicator_card_on_file_i_157dae'

2023-02-15 22:47:52 - [MESSAGE][PASSED] - Text '' is set on object 'Object Repository/RecAndPlayBk/Page-Vlink-AuthOnly/input_Card on File Indicator_card_on_file_i_157dae'

2023-02-15 22:47:52 - [TEST_STEP][PASSED] - setText(findTestObject("Object Repository/RecAndPlayBk/Page-Vlink-AuthOnly/input_Stored Credential Indicator_stored_cr_4ae73c"), ""): Text '' is set on object 'Object Repository/RecAndPlayBk/Page-Vlink-AuthOnly/input_Stored Credential Indicator_stored_cr_4ae73c'

2023-02-15 22:47:53 - [MESSAGE][PASSED] - Text '' is set on object 'Object Repository/RecAndPlayBk/Page-Vlink-AuthOnly/input_Stored Credential Indicator_stored_cr_4ae73c'

2023-02-15 22:47:53 - [TEST_STEP][PASSED] - setText(findTestObject("Object Repository/RecAndPlayBk/Page-Vlink-AuthOnly/input_COF Scheduled indicator_cof_scheduled_8df7d8"), ""): Text '' is set on object 'Object Repository/RecAndPlayBk/Page-Vlink-AuthOnly/input_COF Scheduled indicator_cof_scheduled_8df7d8'

2023-02-15 22:47:53 - [MESSAGE][PASSED] - Text '' is set on object 'Object Repository/RecAndPlayBk/Page-Vlink-AuthOnly/input_COF Scheduled indicator_cof_scheduled_8df7d8'

2023-02-15 22:47:53 - [TEST_STEP][PASSED] - setText(findTestObject("Object Repository/RecAndPlayBk/Page-Vlink-AuthOnly/input_COF Transaction Initiated by_cof_tran_6cded5"), ""): Text '' is set on object 'Object Repository/RecAndPlayBk/Page-Vlink-AuthOnly/input_COF Transaction Initiated by_cof_tran_6cded5'

2023-02-15 22:47:54 - [MESSAGE][PASSED] - Text '' is set on object 'Object Repository/RecAndPlayBk/Page-Vlink-AuthOnly/input_COF Transaction Initiated by_cof_tran_6cded5'

2023-02-15 22:47:54 - [TEST_STEP][PASSED] - click(findTestObject("Object Repository/RecAndPlayBk/Page-Vlink-AuthOnly/input")): Object: 'Object Repository/RecAndPlayBk/Page-Vlink-AuthOnly/input' is clicked on

2023-02-15 22:47:55 - [MESSAGE][PASSED] - Object: 'Object Repository/RecAndPlayBk/Page-Vlink-AuthOnly/input' is clicked on

2023-02-15 22:47:55 - [TEST_STEP][PASSED] - if (verifyTextPresent(errorMsg, true)): null

2023-02-15 22:47:55 - [MESSAGE][PASSED] - Text 'card_number' is present on page  using regular expression

2023-02-15 22:47:55 - [TEST_STEP][PASSED] - println("Error Message is present on the Confirmation page"): null

2023-02-15 22:47:55 - [TEST_STEP][PASSED] - out.println("Pass Record Number: " + row): null

2023-02-15 22:47:55 - [TEST_STEP][PASSED] - resText = "Pass": null

2023-02-15 22:47:55 - [TEST_STEP][PASSED] - pages.WriteExcel.demoKey(resText, datText, resColumn, datCloumn, fileLoc, nameSheet, row): pages.WriteExcel.demoKey is PASSED

2023-02-15 22:47:55 - [MESSAGE][PASSED] - pages.WriteExcel.demoKey is PASSED

2023-02-15 22:47:55 - [TEST_STEP][PASSED] - ExecuteTC = findTestData(dataFile).getValue("Execute", row): null

2023-02-15 22:47:55 - [TEST_STEP][PASSED] - out.println("Value of Execute is : " + ExecuteTC): null

2023-02-15 22:47:55 - [TEST_STEP][PASSED] - if (ExecuteTC.equalsIgnoreCase("Y")): null

2023-02-15 22:47:55 - [TEST_STEP][PASSED] - out.println("Begin Record Number: " + row): null

2023-02-15 22:47:55 - [TEST_STEP][PASSED] - today = new java.util.Date(): null

2023-02-15 22:47:55 - [TEST_STEP][PASSED] - println(today): null

2023-02-15 22:47:55 - [TEST_STEP][PASSED] - datText = today: null

2023-02-15 22:47:55 - [TEST_STEP][PASSED] - errorMsg = findTestData(dataFile).getValue("ErrorMsg", row): null

2023-02-15 22:47:55 - [TEST_STEP][PASSED] - appID = findTestData(dataFile).getValue("AppID", row): null

2023-02-15 22:47:56 - [TEST_STEP][PASSED] - username = findTestData(dataFile).getValue("Username", row): null

2023-02-15 22:47:56 - [TEST_STEP][PASSED] - password = findTestData(dataFile).getValue("Password", row): null

2023-02-15 22:47:56 - [TEST_STEP][PASSED] - tranType = findTestData(dataFile).getValue("TranType", row): null

2023-02-15 22:47:56 - [TEST_STEP][PASSED] - mv = findTestData(dataFile).getValue("MV", row): null

2023-02-15 22:47:56 - [TEST_STEP][PASSED] - resFormat = findTestData(dataFile).getValue("ResFormat", row): null

2023-02-15 22:47:56 - [TEST_STEP][PASSED] - category = findTestData(dataFile).getValue("Category", row): null

2023-02-15 22:47:56 - [TEST_STEP][PASSED] - amount = findTestData(dataFile).getValue("Amount", row): null

2023-02-15 22:47:56 - [TEST_STEP][PASSED] - cardName = findTestData(dataFile).getValue("CardName", row): null

2023-02-15 22:47:56 - [TEST_STEP][PASSED] - al1 = findTestData(dataFile).getValue("AL1", row): null

2023-02-15 22:47:56 - [TEST_STEP][PASSED] - city = findTestData(dataFile).getValue("City", row): null

2023-02-15 22:47:56 - [TEST_STEP][PASSED] - state = findTestData(dataFile).getValue("State", row): null

2023-02-15 22:47:56 - [TEST_STEP][PASSED] - zip = findTestData(dataFile).getValue("ZIP", row): null

2023-02-15 22:47:57 - [TEST_STEP][PASSED] - cardNumber = findTestData(dataFile).getValue("CardNumber", row): null

2023-02-15 22:47:57 - [TEST_STEP][PASSED] - exM = findTestData(dataFile).getValue("ExM", row): null

2023-02-15 22:47:57 - [TEST_STEP][PASSED] - exY = findTestData(dataFile).getValue("ExY", row): null

2023-02-15 22:47:57 - [TEST_STEP][PASSED] - openBrowser(VLinkURL + "auth.html"): Browser is opened with url: 'https://dev-algorithm.govolution.com/vlinktest/QA/version_2_0/auth.html'

2023-02-15 22:47:57 - [MESSAGE][WARNING] - A browser is already opened. Closing browser and opening a new one

2023-02-15 22:47:58 - [MESSAGE][INFO] - Starting 'Chrome' driver

2023-02-15 22:47:58 - [MESSAGE][INFO] - User set preference: ['acceptInsecureCerts', 'true']

2023-02-15 22:47:58 - [MESSAGE][INFO] - Action delay is set to 0 milliseconds

2023-02-15 22:48:00 - [MESSAGE][PASSED] - Browser is opened with url: 'https://dev-algorithm.govolution.com/vlinktest/QA/version_2_0/auth.html'

2023-02-15 22:48:00 - [TEST_STEP][PASSED] - maximizeWindow(): Current window maximized

2023-02-15 22:48:00 - [MESSAGE][PASSED] - Current window maximized

2023-02-15 22:48:00 - [TEST_STEP][PASSED] - maximizeWindow(): Current window maximized

2023-02-15 22:48:00 - [MESSAGE][PASSED] - Current window maximized

2023-02-15 22:48:00 - [TEST_STEP][PASSED] - setText(findTestObject("Object Repository/RecAndPlayBk/Page-Vlink-AuthOnly/txt_TransactionType"), tranType): Text '104' is set on object 'Object Repository/RecAndPlayBk/Page-Vlink-AuthOnly/txt_TransactionType'

2023-02-15 22:48:01 - [MESSAGE][PASSED] - Text '104' is set on object 'Object Repository/RecAndPlayBk/Page-Vlink-AuthOnly/txt_TransactionType'

2023-02-15 22:48:01 - [TEST_STEP][PASSED] - setText(findTestObject("Object Repository/RecAndPlayBk/Page-Vlink-AuthOnly/txt_MessageVersion"), mv): Text '2.0C' is set on object 'Object Repository/RecAndPlayBk/Page-Vlink-AuthOnly/txt_MessageVersion'

2023-02-15 22:48:01 - [MESSAGE][PASSED] - Text '2.0C' is set on object 'Object Repository/RecAndPlayBk/Page-Vlink-AuthOnly/txt_MessageVersion'

2023-02-15 22:48:01 - [TEST_STEP][PASSED] - genRemID = RandomStringUtils.random(12, true, true): null

2023-02-15 22:48:01 - [TEST_STEP][PASSED] - setText(findTestObject("Object Repository/RecAndPlayBk/Page-Vlink-AuthOnly/input_Remittance Id_remittance_id"), genRemID): Text 'wUktzqC8TBKz' is set on object 'Object Repository/RecAndPlayBk/Page-Vlink-AuthOnly/input_Remittance Id_remittance_id'

2023-02-15 22:48:02 - [MESSAGE][PASSED] - Text 'wUktzqC8TBKz' is set on object 'Object Repository/RecAndPlayBk/Page-Vlink-AuthOnly/input_Remittance Id_remittance_id'

2023-02-15 22:48:02 - [TEST_STEP][PASSED] - setText(findTestObject("Object Repository/RecAndPlayBk/Page-Vlink-AuthOnly/input_Application Id_application_id"), appID): Text '234' is set on object 'Object Repository/RecAndPlayBk/Page-Vlink-AuthOnly/input_Application Id_application_id'

2023-02-15 22:48:03 - [MESSAGE][PASSED] - Text '234' is set on object 'Object Repository/RecAndPlayBk/Page-Vlink-AuthOnly/input_Application Id_application_id'

2023-02-15 22:48:03 - [TEST_STEP][PASSED] - setText(findTestObject("Object Repository/RecAndPlayBk/Page-Vlink-AuthOnly/input_Username_username"), username): Text 'username' is set on object 'Object Repository/RecAndPlayBk/Page-Vlink-AuthOnly/input_Username_username'

2023-02-15 22:48:03 - [MESSAGE][PASSED] - Text 'username' is set on object 'Object Repository/RecAndPlayBk/Page-Vlink-AuthOnly/input_Username_username'

2023-02-15 22:48:03 - [TEST_STEP][PASSED] - setText(findTestObject("Object Repository/RecAndPlayBk/Page-Vlink-AuthOnly/input_Password_password"), password): Text 'password' is set on object 'Object Repository/RecAndPlayBk/Page-Vlink-AuthOnly/input_Password_password'

2023-02-15 22:48:04 - [MESSAGE][PASSED] - Text 'password' is set on object 'Object Repository/RecAndPlayBk/Page-Vlink-AuthOnly/input_Password_password'

2023-02-15 22:48:04 - [TEST_STEP][PASSED] - setText(findTestObject("Object Repository/RecAndPlayBk/Page-Vlink-AuthOnly/txt_ResponseFormat"), resFormat): Text 'fixed_width' is set on object 'Object Repository/RecAndPlayBk/Page-Vlink-AuthOnly/txt_ResponseFormat'

2023-02-15 22:48:04 - [MESSAGE][PASSED] - Text 'fixed_width' is set on object 'Object Repository/RecAndPlayBk/Page-Vlink-AuthOnly/txt_ResponseFormat'

2023-02-15 22:48:04 - [TEST_STEP][PASSED] - setText(findTestObject("Object Repository/RecAndPlayBk/Page-Vlink-AuthOnly/input_Category_category"), category): Text 'ECOM' is set on object 'Object Repository/RecAndPlayBk/Page-Vlink-AuthOnly/input_Category_category'

2023-02-15 22:48:05 - [MESSAGE][PASSED] - Text 'ECOM' is set on object 'Object Repository/RecAndPlayBk/Page-Vlink-AuthOnly/input_Category_category'

2023-02-15 22:48:05 - [TEST_STEP][PASSED] - setText(findTestObject("Object Repository/RecAndPlayBk/Page-Vlink-AuthOnly/txt_CardName"), cardName): Text 'Kris Roshan' is set on object 'Object Repository/RecAndPlayBk/Page-Vlink-AuthOnly/txt_CardName'

2023-02-15 22:48:06 - [MESSAGE][PASSED] - Text 'Kris Roshan' is set on object 'Object Repository/RecAndPlayBk/Page-Vlink-AuthOnly/txt_CardName'

2023-02-15 22:48:06 - [TEST_STEP][PASSED] - setText(findTestObject("Object Repository/RecAndPlayBk/Page-Vlink-AuthOnly/txt_AL1"), al1): Text '258 Elm Road' is set on object 'Object Repository/RecAndPlayBk/Page-Vlink-AuthOnly/txt_AL1'

2023-02-15 22:48:06 - [MESSAGE][PASSED] - Text '258 Elm Road' is set on object 'Object Repository/RecAndPlayBk/Page-Vlink-AuthOnly/txt_AL1'

2023-02-15 22:48:06 - [TEST_STEP][PASSED] - setText(findTestObject("Object Repository/RecAndPlayBk/Page-Vlink-AuthOnly/txt_CardCity"), city): Text 'Arlington' is set on object 'Object Repository/RecAndPlayBk/Page-Vlink-AuthOnly/txt_CardCity'

2023-02-15 22:48:07 - [MESSAGE][PASSED] - Text 'Arlington' is set on object 'Object Repository/RecAndPlayBk/Page-Vlink-AuthOnly/txt_CardCity'

2023-02-15 22:48:07 - [TEST_STEP][PASSED] - setText(findTestObject("Object Repository/RecAndPlayBk/Page-Vlink-AuthOnly/txt_CardState"), state): Text 'VA' is set on object 'Object Repository/RecAndPlayBk/Page-Vlink-AuthOnly/txt_CardState'

2023-02-15 22:48:08 - [MESSAGE][PASSED] - Text 'VA' is set on object 'Object Repository/RecAndPlayBk/Page-Vlink-AuthOnly/txt_CardState'

2023-02-15 22:48:08 - [TEST_STEP][PASSED] - setText(findTestObject("Object Repository/RecAndPlayBk/Page-Vlink-AuthOnly/txt_CardZIP"), zip): Text '22201' is set on object 'Object Repository/RecAndPlayBk/Page-Vlink-AuthOnly/txt_CardZIP'

2023-02-15 22:48:08 - [MESSAGE][PASSED] - Text '22201' is set on object 'Object Repository/RecAndPlayBk/Page-Vlink-AuthOnly/txt_CardZIP'

2023-02-15 22:48:08 - [TEST_STEP][PASSED] - setText(findTestObject("Object Repository/RecAndPlayBk/Page-Vlink-AuthOnly/input_Amount_amount"), amount): Text '1.50' is set on object 'Object Repository/RecAndPlayBk/Page-Vlink-AuthOnly/input_Amount_amount'

2023-02-15 22:48:09 - [MESSAGE][PASSED] - Text '1.50' is set on object 'Object Repository/RecAndPlayBk/Page-Vlink-AuthOnly/input_Amount_amount'

2023-02-15 22:48:09 - [TEST_STEP][PASSED] - setText(findTestObject("Object Repository/RecAndPlayBk/Page-Vlink-AuthOnly/input_Card number_card_number"), cardNumber): Text '4111111111111111' is set on object 'Object Repository/RecAndPlayBk/Page-Vlink-AuthOnly/input_Card number_card_number'

2023-02-15 22:48:10 - [MESSAGE][PASSED] - Text '4111111111111111' is set on object 'Object Repository/RecAndPlayBk/Page-Vlink-AuthOnly/input_Card number_card_number'

2023-02-15 22:48:10 - [TEST_STEP][PASSED] - setText(findTestObject("Object Repository/RecAndPlayBk/Page-Vlink-AuthOnly/input_Card ex month_card_exmo"), exM): Text '' is set on object 'Object Repository/RecAndPlayBk/Page-Vlink-AuthOnly/input_Card ex month_card_exmo'

2023-02-15 22:48:10 - [MESSAGE][PASSED] - Text '' is set on object 'Object Repository/RecAndPlayBk/Page-Vlink-AuthOnly/input_Card ex month_card_exmo'

2023-02-15 22:48:10 - [TEST_STEP][PASSED] - setText(findTestObject("Object Repository/RecAndPlayBk/Page-Vlink-AuthOnly/input_Card ex year_card_exyr"), exY): Text '2025' is set on object 'Object Repository/RecAndPlayBk/Page-Vlink-AuthOnly/input_Card ex year_card_exyr'

2023-02-15 22:48:11 - [MESSAGE][PASSED] - Text '2025' is set on object 'Object Repository/RecAndPlayBk/Page-Vlink-AuthOnly/input_Card ex year_card_exyr'

2023-02-15 22:48:11 - [TEST_STEP][PASSED] - setText(findTestObject("Object Repository/RecAndPlayBk/Page-Vlink-AuthOnly/input_Track Data_track_data"), ""): Text '' is set on object 'Object Repository/RecAndPlayBk/Page-Vlink-AuthOnly/input_Track Data_track_data'

2023-02-15 22:48:12 - [MESSAGE][PASSED] - Text '' is set on object 'Object Repository/RecAndPlayBk/Page-Vlink-AuthOnly/input_Track Data_track_data'

2023-02-15 22:48:12 - [TEST_STEP][PASSED] - setText(findTestObject("Object Repository/RecAndPlayBk/Page-Vlink-AuthOnly/input_concat(Cardholder, , s email)_email"), ""): Text '' is set on object 'Object Repository/RecAndPlayBk/Page-Vlink-AuthOnly/input_concat(Cardholder, , s email)_email'

2023-02-15 22:48:12 - [MESSAGE][PASSED] - Text '' is set on object 'Object Repository/RecAndPlayBk/Page-Vlink-AuthOnly/input_concat(Cardholder, , s email)_email'

2023-02-15 22:48:12 - [TEST_STEP][PASSED] - click(findTestObject("Object Repository/RecAndPlayBk/Page-Vlink-AuthOnly/input_user_defined10_user_defined10")): Object: 'Object Repository/RecAndPlayBk/Page-Vlink-AuthOnly/input_user_defined10_user_defined10' is clicked on

2023-02-15 22:48:13 - [MESSAGE][PASSED] - Object: 'Object Repository/RecAndPlayBk/Page-Vlink-AuthOnly/input_user_defined10_user_defined10' is clicked on

2023-02-15 22:48:13 - [TEST_STEP][PASSED] - setText(findTestObject("Object Repository/RecAndPlayBk/Page-Vlink-AuthOnly/input_Card on File Indicator_card_on_file_i_157dae"), ""): Text '' is set on object 'Object Repository/RecAndPlayBk/Page-Vlink-AuthOnly/input_Card on File Indicator_card_on_file_i_157dae'

2023-02-15 22:48:13 - [MESSAGE][PASSED] - Text '' is set on object 'Object Repository/RecAndPlayBk/Page-Vlink-AuthOnly/input_Card on File Indicator_card_on_file_i_157dae'

2023-02-15 22:48:13 - [TEST_STEP][PASSED] - setText(findTestObject("Object Repository/RecAndPlayBk/Page-Vlink-AuthOnly/input_Stored Credential Indicator_stored_cr_4ae73c"), ""): Text '' is set on object 'Object Repository/RecAndPlayBk/Page-Vlink-AuthOnly/input_Stored Credential Indicator_stored_cr_4ae73c'

2023-02-15 22:48:14 - [MESSAGE][PASSED] - Text '' is set on object 'Object Repository/RecAndPlayBk/Page-Vlink-AuthOnly/input_Stored Credential Indicator_stored_cr_4ae73c'

2023-02-15 22:48:14 - [TEST_STEP][PASSED] - setText(findTestObject("Object Repository/RecAndPlayBk/Page-Vlink-AuthOnly/input_COF Scheduled indicator_cof_scheduled_8df7d8"), ""): Text '' is set on object 'Object Repository/RecAndPlayBk/Page-Vlink-AuthOnly/input_COF Scheduled indicator_cof_scheduled_8df7d8'

2023-02-15 22:48:15 - [MESSAGE][PASSED] - Text '' is set on object 'Object Repository/RecAndPlayBk/Page-Vlink-AuthOnly/input_COF Scheduled indicator_cof_scheduled_8df7d8'

2023-02-15 22:48:15 - [TEST_STEP][PASSED] - setText(findTestObject("Object Repository/RecAndPlayBk/Page-Vlink-AuthOnly/input_COF Transaction Initiated by_cof_tran_6cded5"), ""): Text '' is set on object 'Object Repository/RecAndPlayBk/Page-Vlink-AuthOnly/input_COF Transaction Initiated by_cof_tran_6cded5'

2023-02-15 22:48:15 - [MESSAGE][PASSED] - Text '' is set on object 'Object Repository/RecAndPlayBk/Page-Vlink-AuthOnly/input_COF Transaction Initiated by_cof_tran_6cded5'

2023-02-15 22:48:15 - [TEST_STEP][PASSED] - click(findTestObject("Object Repository/RecAndPlayBk/Page-Vlink-AuthOnly/input")): Object: 'Object Repository/RecAndPlayBk/Page-Vlink-AuthOnly/input' is clicked on

2023-02-15 22:48:16 - [MESSAGE][PASSED] - Object: 'Object Repository/RecAndPlayBk/Page-Vlink-AuthOnly/input' is clicked on

2023-02-15 22:48:16 - [TEST_STEP][PASSED] - if (verifyTextPresent(errorMsg, true)): null

2023-02-15 22:48:16 - [MESSAGE][PASSED] - Text 'card_exmo' is present on page  using regular expression

2023-02-15 22:48:16 - [TEST_STEP][PASSED] - println("Error Message is present on the Confirmation page"): null

2023-02-15 22:48:16 - [TEST_STEP][PASSED] - out.println("Pass Record Number: " + row): null

2023-02-15 22:48:16 - [TEST_STEP][PASSED] - resText = "Pass": null

2023-02-15 22:48:16 - [TEST_STEP][PASSED] - pages.WriteExcel.demoKey(resText, datText, resColumn, datCloumn, fileLoc, nameSheet, row): pages.WriteExcel.demoKey is PASSED

2023-02-15 22:48:16 - [MESSAGE][PASSED] - pages.WriteExcel.demoKey is PASSED

2023-02-15 22:48:16 - [TEST_STEP][PASSED] - ExecuteTC = findTestData(dataFile).getValue("Execute", row): null

2023-02-15 22:48:16 - [TEST_STEP][PASSED] - out.println("Value of Execute is : " + ExecuteTC): null

2023-02-15 22:48:16 - [TEST_STEP][PASSED] - if (ExecuteTC.equalsIgnoreCase("Y")): null

2023-02-15 22:48:16 - [TEST_STEP][PASSED] - out.println("Begin Record Number: " + row): null

2023-02-15 22:48:16 - [TEST_STEP][PASSED] - today = new java.util.Date(): null

2023-02-15 22:48:16 - [TEST_STEP][PASSED] - println(today): null

2023-02-15 22:48:16 - [TEST_STEP][PASSED] - datText = today: null

2023-02-15 22:48:16 - [TEST_STEP][PASSED] - errorMsg = findTestData(dataFile).getValue("ErrorMsg", row): null

2023-02-15 22:48:17 - [TEST_STEP][PASSED] - appID = findTestData(dataFile).getValue("AppID", row): null

2023-02-15 22:48:17 - [TEST_STEP][PASSED] - username = findTestData(dataFile).getValue("Username", row): null

2023-02-15 22:48:17 - [TEST_STEP][PASSED] - password = findTestData(dataFile).getValue("Password", row): null

2023-02-15 22:48:17 - [TEST_STEP][PASSED] - tranType = findTestData(dataFile).getValue("TranType", row): null

2023-02-15 22:48:17 - [TEST_STEP][PASSED] - mv = findTestData(dataFile).getValue("MV", row): null

2023-02-15 22:48:17 - [TEST_STEP][PASSED] - resFormat = findTestData(dataFile).getValue("ResFormat", row): null

2023-02-15 22:48:17 - [TEST_STEP][PASSED] - category = findTestData(dataFile).getValue("Category", row): null

2023-02-15 22:48:17 - [TEST_STEP][PASSED] - amount = findTestData(dataFile).getValue("Amount", row): null

2023-02-15 22:48:17 - [TEST_STEP][PASSED] - cardName = findTestData(dataFile).getValue("CardName", row): null

2023-02-15 22:48:17 - [TEST_STEP][PASSED] - al1 = findTestData(dataFile).getValue("AL1", row): null

2023-02-15 22:48:17 - [TEST_STEP][PASSED] - city = findTestData(dataFile).getValue("City", row): null

2023-02-15 22:48:18 - [TEST_STEP][PASSED] - state = findTestData(dataFile).getValue("State", row): null

2023-02-15 22:48:18 - [TEST_STEP][PASSED] - zip = findTestData(dataFile).getValue("ZIP", row): null

2023-02-15 22:48:18 - [TEST_STEP][PASSED] - cardNumber = findTestData(dataFile).getValue("CardNumber", row): null

2023-02-15 22:48:18 - [TEST_STEP][PASSED] - exM = findTestData(dataFile).getValue("ExM", row): null

2023-02-15 22:48:18 - [TEST_STEP][PASSED] - exY = findTestData(dataFile).getValue("ExY", row): null

2023-02-15 22:48:18 - [TEST_STEP][PASSED] - openBrowser(VLinkURL + "auth.html"): Browser is opened with url: 'https://dev-algorithm.govolution.com/vlinktest/QA/version_2_0/auth.html'

2023-02-15 22:48:18 - [MESSAGE][WARNING] - A browser is already opened. Closing browser and opening a new one

2023-02-15 22:48:19 - [MESSAGE][INFO] - Starting 'Chrome' driver

2023-02-15 22:48:19 - [MESSAGE][INFO] - User set preference: ['acceptInsecureCerts', 'true']

2023-02-15 22:48:19 - [MESSAGE][INFO] - Action delay is set to 0 milliseconds

2023-02-15 22:48:21 - [MESSAGE][PASSED] - Browser is opened with url: 'https://dev-algorithm.govolution.com/vlinktest/QA/version_2_0/auth.html'

2023-02-15 22:48:21 - [TEST_STEP][PASSED] - maximizeWindow(): Current window maximized

2023-02-15 22:48:21 - [MESSAGE][PASSED] - Current window maximized

2023-02-15 22:48:21 - [TEST_STEP][PASSED] - maximizeWindow(): Current window maximized

2023-02-15 22:48:21 - [MESSAGE][PASSED] - Current window maximized

2023-02-15 22:48:21 - [TEST_STEP][PASSED] - setText(findTestObject("Object Repository/RecAndPlayBk/Page-Vlink-AuthOnly/txt_TransactionType"), tranType): Text '104' is set on object 'Object Repository/RecAndPlayBk/Page-Vlink-AuthOnly/txt_TransactionType'

2023-02-15 22:48:22 - [MESSAGE][PASSED] - Text '104' is set on object 'Object Repository/RecAndPlayBk/Page-Vlink-AuthOnly/txt_TransactionType'

2023-02-15 22:48:22 - [TEST_STEP][PASSED] - setText(findTestObject("Object Repository/RecAndPlayBk/Page-Vlink-AuthOnly/txt_MessageVersion"), mv): Text '2.0C' is set on object 'Object Repository/RecAndPlayBk/Page-Vlink-AuthOnly/txt_MessageVersion'

2023-02-15 22:48:22 - [MESSAGE][PASSED] - Text '2.0C' is set on object 'Object Repository/RecAndPlayBk/Page-Vlink-AuthOnly/txt_MessageVersion'

2023-02-15 22:48:22 - [TEST_STEP][PASSED] - genRemID = RandomStringUtils.random(12, true, true): null

2023-02-15 22:48:22 - [TEST_STEP][PASSED] - setText(findTestObject("Object Repository/RecAndPlayBk/Page-Vlink-AuthOnly/input_Remittance Id_remittance_id"), genRemID): Text 'jrxPS8VgXDEs' is set on object 'Object Repository/RecAndPlayBk/Page-Vlink-AuthOnly/input_Remittance Id_remittance_id'

2023-02-15 22:48:23 - [MESSAGE][PASSED] - Text 'jrxPS8VgXDEs' is set on object 'Object Repository/RecAndPlayBk/Page-Vlink-AuthOnly/input_Remittance Id_remittance_id'

2023-02-15 22:48:23 - [TEST_STEP][PASSED] - setText(findTestObject("Object Repository/RecAndPlayBk/Page-Vlink-AuthOnly/input_Application Id_application_id"), appID): Text '234' is set on object 'Object Repository/RecAndPlayBk/Page-Vlink-AuthOnly/input_Application Id_application_id'

2023-02-15 22:48:24 - [MESSAGE][PASSED] - Text '234' is set on object 'Object Repository/RecAndPlayBk/Page-Vlink-AuthOnly/input_Application Id_application_id'

2023-02-15 22:48:24 - [TEST_STEP][PASSED] - setText(findTestObject("Object Repository/RecAndPlayBk/Page-Vlink-AuthOnly/input_Username_username"), username): Text 'username' is set on object 'Object Repository/RecAndPlayBk/Page-Vlink-AuthOnly/input_Username_username'

2023-02-15 22:48:24 - [MESSAGE][PASSED] - Text 'username' is set on object 'Object Repository/RecAndPlayBk/Page-Vlink-AuthOnly/input_Username_username'

2023-02-15 22:48:24 - [TEST_STEP][PASSED] - setText(findTestObject("Object Repository/RecAndPlayBk/Page-Vlink-AuthOnly/input_Password_password"), password): Text 'password' is set on object 'Object Repository/RecAndPlayBk/Page-Vlink-AuthOnly/input_Password_password'

2023-02-15 22:48:25 - [MESSAGE][PASSED] - Text 'password' is set on object 'Object Repository/RecAndPlayBk/Page-Vlink-AuthOnly/input_Password_password'

2023-02-15 22:48:25 - [TEST_STEP][PASSED] - setText(findTestObject("Object Repository/RecAndPlayBk/Page-Vlink-AuthOnly/txt_ResponseFormat"), resFormat): Text 'fixed_width' is set on object 'Object Repository/RecAndPlayBk/Page-Vlink-AuthOnly/txt_ResponseFormat'

2023-02-15 22:48:25 - [MESSAGE][PASSED] - Text 'fixed_width' is set on object 'Object Repository/RecAndPlayBk/Page-Vlink-AuthOnly/txt_ResponseFormat'

2023-02-15 22:48:25 - [TEST_STEP][PASSED] - setText(findTestObject("Object Repository/RecAndPlayBk/Page-Vlink-AuthOnly/input_Category_category"), category): Text 'MOTO' is set on object 'Object Repository/RecAndPlayBk/Page-Vlink-AuthOnly/input_Category_category'

2023-02-15 22:48:26 - [MESSAGE][PASSED] - Text 'MOTO' is set on object 'Object Repository/RecAndPlayBk/Page-Vlink-AuthOnly/input_Category_category'

2023-02-15 22:48:26 - [TEST_STEP][PASSED] - setText(findTestObject("Object Repository/RecAndPlayBk/Page-Vlink-AuthOnly/txt_CardName"), cardName): Text 'Kris Roshan' is set on object 'Object Repository/RecAndPlayBk/Page-Vlink-AuthOnly/txt_CardName'

2023-02-15 22:48:27 - [MESSAGE][PASSED] - Text 'Kris Roshan' is set on object 'Object Repository/RecAndPlayBk/Page-Vlink-AuthOnly/txt_CardName'

2023-02-15 22:48:27 - [TEST_STEP][PASSED] - setText(findTestObject("Object Repository/RecAndPlayBk/Page-Vlink-AuthOnly/txt_AL1"), al1): Text '258 Elm Road' is set on object 'Object Repository/RecAndPlayBk/Page-Vlink-AuthOnly/txt_AL1'

2023-02-15 22:48:27 - [MESSAGE][PASSED] - Text '258 Elm Road' is set on object 'Object Repository/RecAndPlayBk/Page-Vlink-AuthOnly/txt_AL1'

2023-02-15 22:48:27 - [TEST_STEP][PASSED] - setText(findTestObject("Object Repository/RecAndPlayBk/Page-Vlink-AuthOnly/txt_CardCity"), city): Text 'Arlington' is set on object 'Object Repository/RecAndPlayBk/Page-Vlink-AuthOnly/txt_CardCity'

2023-02-15 22:48:28 - [MESSAGE][PASSED] - Text 'Arlington' is set on object 'Object Repository/RecAndPlayBk/Page-Vlink-AuthOnly/txt_CardCity'

2023-02-15 22:48:28 - [TEST_STEP][PASSED] - setText(findTestObject("Object Repository/RecAndPlayBk/Page-Vlink-AuthOnly/txt_CardState"), state): Text 'VA' is set on object 'Object Repository/RecAndPlayBk/Page-Vlink-AuthOnly/txt_CardState'

2023-02-15 22:48:29 - [MESSAGE][PASSED] - Text 'VA' is set on object 'Object Repository/RecAndPlayBk/Page-Vlink-AuthOnly/txt_CardState'

2023-02-15 22:48:29 - [TEST_STEP][PASSED] - setText(findTestObject("Object Repository/RecAndPlayBk/Page-Vlink-AuthOnly/txt_CardZIP"), zip): Text '22201' is set on object 'Object Repository/RecAndPlayBk/Page-Vlink-AuthOnly/txt_CardZIP'

2023-02-15 22:48:29 - [MESSAGE][PASSED] - Text '22201' is set on object 'Object Repository/RecAndPlayBk/Page-Vlink-AuthOnly/txt_CardZIP'

2023-02-15 22:48:29 - [TEST_STEP][PASSED] - setText(findTestObject("Object Repository/RecAndPlayBk/Page-Vlink-AuthOnly/input_Amount_amount"), amount): Text '1.50' is set on object 'Object Repository/RecAndPlayBk/Page-Vlink-AuthOnly/input_Amount_amount'

2023-02-15 22:48:30 - [MESSAGE][PASSED] - Text '1.50' is set on object 'Object Repository/RecAndPlayBk/Page-Vlink-AuthOnly/input_Amount_amount'

2023-02-15 22:48:30 - [TEST_STEP][PASSED] - setText(findTestObject("Object Repository/RecAndPlayBk/Page-Vlink-AuthOnly/input_Card number_card_number"), cardNumber): Text '4111111111111111' is set on object 'Object Repository/RecAndPlayBk/Page-Vlink-AuthOnly/input_Card number_card_number'

2023-02-15 22:48:31 - [MESSAGE][PASSED] - Text '4111111111111111' is set on object 'Object Repository/RecAndPlayBk/Page-Vlink-AuthOnly/input_Card number_card_number'

2023-02-15 22:48:31 - [TEST_STEP][PASSED] - setText(findTestObject("Object Repository/RecAndPlayBk/Page-Vlink-AuthOnly/input_Card ex month_card_exmo"), exM): Text '' is set on object 'Object Repository/RecAndPlayBk/Page-Vlink-AuthOnly/input_Card ex month_card_exmo'

2023-02-15 22:48:31 - [MESSAGE][PASSED] - Text '' is set on object 'Object Repository/RecAndPlayBk/Page-Vlink-AuthOnly/input_Card ex month_card_exmo'

2023-02-15 22:48:31 - [TEST_STEP][PASSED] - setText(findTestObject("Object Repository/RecAndPlayBk/Page-Vlink-AuthOnly/input_Card ex year_card_exyr"), exY): Text '2025' is set on object 'Object Repository/RecAndPlayBk/Page-Vlink-AuthOnly/input_Card ex year_card_exyr'

2023-02-15 22:48:32 - [MESSAGE][PASSED] - Text '2025' is set on object 'Object Repository/RecAndPlayBk/Page-Vlink-AuthOnly/input_Card ex year_card_exyr'

2023-02-15 22:48:32 - [TEST_STEP][PASSED] - setText(findTestObject("Object Repository/RecAndPlayBk/Page-Vlink-AuthOnly/input_Track Data_track_data"), ""): Text '' is set on object 'Object Repository/RecAndPlayBk/Page-Vlink-AuthOnly/input_Track Data_track_data'

2023-02-15 22:48:33 - [MESSAGE][PASSED] - Text '' is set on object 'Object Repository/RecAndPlayBk/Page-Vlink-AuthOnly/input_Track Data_track_data'

2023-02-15 22:48:33 - [TEST_STEP][PASSED] - setText(findTestObject("Object Repository/RecAndPlayBk/Page-Vlink-AuthOnly/input_concat(Cardholder, , s email)_email"), ""): Text '' is set on object 'Object Repository/RecAndPlayBk/Page-Vlink-AuthOnly/input_concat(Cardholder, , s email)_email'

2023-02-15 22:48:33 - [MESSAGE][PASSED] - Text '' is set on object 'Object Repository/RecAndPlayBk/Page-Vlink-AuthOnly/input_concat(Cardholder, , s email)_email'

2023-02-15 22:48:33 - [TEST_STEP][PASSED] - click(findTestObject("Object Repository/RecAndPlayBk/Page-Vlink-AuthOnly/input_user_defined10_user_defined10")): Object: 'Object Repository/RecAndPlayBk/Page-Vlink-AuthOnly/input_user_defined10_user_defined10' is clicked on

2023-02-15 22:48:34 - [MESSAGE][PASSED] - Object: 'Object Repository/RecAndPlayBk/Page-Vlink-AuthOnly/input_user_defined10_user_defined10' is clicked on

2023-02-15 22:48:34 - [TEST_STEP][PASSED] - setText(findTestObject("Object Repository/RecAndPlayBk/Page-Vlink-AuthOnly/input_Card on File Indicator_card_on_file_i_157dae"), ""): Text '' is set on object 'Object Repository/RecAndPlayBk/Page-Vlink-AuthOnly/input_Card on File Indicator_card_on_file_i_157dae'

2023-02-15 22:48:34 - [MESSAGE][PASSED] - Text '' is set on object 'Object Repository/RecAndPlayBk/Page-Vlink-AuthOnly/input_Card on File Indicator_card_on_file_i_157dae'

2023-02-15 22:48:34 - [TEST_STEP][PASSED] - setText(findTestObject("Object Repository/RecAndPlayBk/Page-Vlink-AuthOnly/input_Stored Credential Indicator_stored_cr_4ae73c"), ""): Text '' is set on object 'Object Repository/RecAndPlayBk/Page-Vlink-AuthOnly/input_Stored Credential Indicator_stored_cr_4ae73c'

2023-02-15 22:48:35 - [MESSAGE][PASSED] - Text '' is set on object 'Object Repository/RecAndPlayBk/Page-Vlink-AuthOnly/input_Stored Credential Indicator_stored_cr_4ae73c'

2023-02-15 22:48:35 - [TEST_STEP][PASSED] - setText(findTestObject("Object Repository/RecAndPlayBk/Page-Vlink-AuthOnly/input_COF Scheduled indicator_cof_scheduled_8df7d8"), ""): Text '' is set on object 'Object Repository/RecAndPlayBk/Page-Vlink-AuthOnly/input_COF Scheduled indicator_cof_scheduled_8df7d8'

2023-02-15 22:48:36 - [MESSAGE][PASSED] - Text '' is set on object 'Object Repository/RecAndPlayBk/Page-Vlink-AuthOnly/input_COF Scheduled indicator_cof_scheduled_8df7d8'

2023-02-15 22:48:36 - [TEST_STEP][PASSED] - setText(findTestObject("Object Repository/RecAndPlayBk/Page-Vlink-AuthOnly/input_COF Transaction Initiated by_cof_tran_6cded5"), ""): Text '' is set on object 'Object Repository/RecAndPlayBk/Page-Vlink-AuthOnly/input_COF Transaction Initiated by_cof_tran_6cded5'

2023-02-15 22:48:36 - [MESSAGE][PASSED] - Text '' is set on object 'Object Repository/RecAndPlayBk/Page-Vlink-AuthOnly/input_COF Transaction Initiated by_cof_tran_6cded5'

2023-02-15 22:48:36 - [TEST_STEP][PASSED] - click(findTestObject("Object Repository/RecAndPlayBk/Page-Vlink-AuthOnly/input")): Object: 'Object Repository/RecAndPlayBk/Page-Vlink-AuthOnly/input' is clicked on

2023-02-15 22:48:37 - [MESSAGE][PASSED] - Object: 'Object Repository/RecAndPlayBk/Page-Vlink-AuthOnly/input' is clicked on

2023-02-15 22:48:37 - [TEST_STEP][PASSED] - if (verifyTextPresent(errorMsg, true)): null

2023-02-15 22:48:37 - [MESSAGE][PASSED] - Text 'card_exmo' is present on page  using regular expression

2023-02-15 22:48:37 - [TEST_STEP][PASSED] - println("Error Message is present on the Confirmation page"): null

2023-02-15 22:48:37 - [TEST_STEP][PASSED] - out.println("Pass Record Number: " + row): null

2023-02-15 22:48:37 - [TEST_STEP][PASSED] - resText = "Pass": null

2023-02-15 22:48:37 - [TEST_STEP][PASSED] - pages.WriteExcel.demoKey(resText, datText, resColumn, datCloumn, fileLoc, nameSheet, row): pages.WriteExcel.demoKey is PASSED

2023-02-15 22:48:37 - [MESSAGE][PASSED] - pages.WriteExcel.demoKey is PASSED

2023-02-15 22:48:37 - [TEST_STEP][PASSED] - ExecuteTC = findTestData(dataFile).getValue("Execute", row): null

2023-02-15 22:48:38 - [TEST_STEP][PASSED] - out.println("Value of Execute is : " + ExecuteTC): null

2023-02-15 22:48:38 - [TEST_STEP][PASSED] - if (ExecuteTC.equalsIgnoreCase("Y")): null

2023-02-15 22:48:38 - [TEST_STEP][PASSED] - out.println("Begin Record Number: " + row): null

2023-02-15 22:48:38 - [TEST_STEP][PASSED] - today = new java.util.Date(): null

2023-02-15 22:48:38 - [TEST_STEP][PASSED] - println(today): null

2023-02-15 22:48:38 - [TEST_STEP][PASSED] - datText = today: null

2023-02-15 22:48:38 - [TEST_STEP][PASSED] - errorMsg = findTestData(dataFile).getValue("ErrorMsg", row): null

2023-02-15 22:48:38 - [TEST_STEP][PASSED] - appID = findTestData(dataFile).getValue("AppID", row): null

2023-02-15 22:48:38 - [TEST_STEP][PASSED] - username = findTestData(dataFile).getValue("Username", row): null

2023-02-15 22:48:38 - [TEST_STEP][PASSED] - password = findTestData(dataFile).getValue("Password", row): null

2023-02-15 22:48:38 - [TEST_STEP][PASSED] - tranType = findTestData(dataFile).getValue("TranType", row): null

2023-02-15 22:48:38 - [TEST_STEP][PASSED] - mv = findTestData(dataFile).getValue("MV", row): null

2023-02-15 22:48:38 - [TEST_STEP][PASSED] - resFormat = findTestData(dataFile).getValue("ResFormat", row): null

2023-02-15 22:48:38 - [TEST_STEP][PASSED] - category = findTestData(dataFile).getValue("Category", row): null

2023-02-15 22:48:38 - [TEST_STEP][PASSED] - amount = findTestData(dataFile).getValue("Amount", row): null

2023-02-15 22:48:38 - [TEST_STEP][PASSED] - cardName = findTestData(dataFile).getValue("CardName", row): null

2023-02-15 22:48:38 - [TEST_STEP][PASSED] - al1 = findTestData(dataFile).getValue("AL1", row): null

2023-02-15 22:48:39 - [TEST_STEP][PASSED] - city = findTestData(dataFile).getValue("City", row): null

2023-02-15 22:48:39 - [TEST_STEP][PASSED] - state = findTestData(dataFile).getValue("State", row): null

2023-02-15 22:48:39 - [TEST_STEP][PASSED] - zip = findTestData(dataFile).getValue("ZIP", row): null

2023-02-15 22:48:39 - [TEST_STEP][PASSED] - cardNumber = findTestData(dataFile).getValue("CardNumber", row): null

2023-02-15 22:48:39 - [TEST_STEP][PASSED] - exM = findTestData(dataFile).getValue("ExM", row): null

2023-02-15 22:48:39 - [TEST_STEP][PASSED] - exY = findTestData(dataFile).getValue("ExY", row): null

2023-02-15 22:48:39 - [TEST_STEP][PASSED] - openBrowser(VLinkURL + "auth.html"): Browser is opened with url: 'https://dev-algorithm.govolution.com/vlinktest/QA/version_2_0/auth.html'

2023-02-15 22:48:39 - [MESSAGE][WARNING] - A browser is already opened. Closing browser and opening a new one

2023-02-15 22:48:40 - [MESSAGE][INFO] - Starting 'Chrome' driver

2023-02-15 22:48:40 - [MESSAGE][INFO] - User set preference: ['acceptInsecureCerts', 'true']

2023-02-15 22:48:40 - [MESSAGE][INFO] - Action delay is set to 0 milliseconds

2023-02-15 22:48:42 - [MESSAGE][PASSED] - Browser is opened with url: 'https://dev-algorithm.govolution.com/vlinktest/QA/version_2_0/auth.html'

2023-02-15 22:48:42 - [TEST_STEP][PASSED] - maximizeWindow(): Current window maximized

2023-02-15 22:48:42 - [MESSAGE][PASSED] - Current window maximized

2023-02-15 22:48:42 - [TEST_STEP][PASSED] - maximizeWindow(): Current window maximized

2023-02-15 22:48:42 - [MESSAGE][PASSED] - Current window maximized

2023-02-15 22:48:42 - [TEST_STEP][PASSED] - setText(findTestObject("Object Repository/RecAndPlayBk/Page-Vlink-AuthOnly/txt_TransactionType"), tranType): Text '104' is set on object 'Object Repository/RecAndPlayBk/Page-Vlink-AuthOnly/txt_TransactionType'

2023-02-15 22:48:43 - [MESSAGE][PASSED] - Text '104' is set on object 'Object Repository/RecAndPlayBk/Page-Vlink-AuthOnly/txt_TransactionType'

2023-02-15 22:48:43 - [TEST_STEP][PASSED] - setText(findTestObject("Object Repository/RecAndPlayBk/Page-Vlink-AuthOnly/txt_MessageVersion"), mv): Text '2.0C' is set on object 'Object Repository/RecAndPlayBk/Page-Vlink-AuthOnly/txt_MessageVersion'

2023-02-15 22:48:44 - [MESSAGE][PASSED] - Text '2.0C' is set on object 'Object Repository/RecAndPlayBk/Page-Vlink-AuthOnly/txt_MessageVersion'

2023-02-15 22:48:44 - [TEST_STEP][PASSED] - genRemID = RandomStringUtils.random(12, true, true): null

2023-02-15 22:48:44 - [TEST_STEP][PASSED] - setText(findTestObject("Object Repository/RecAndPlayBk/Page-Vlink-AuthOnly/input_Remittance Id_remittance_id"), genRemID): Text 'Df9yLEx1IugP' is set on object 'Object Repository/RecAndPlayBk/Page-Vlink-AuthOnly/input_Remittance Id_remittance_id'

2023-02-15 22:48:44 - [MESSAGE][PASSED] - Text 'Df9yLEx1IugP' is set on object 'Object Repository/RecAndPlayBk/Page-Vlink-AuthOnly/input_Remittance Id_remittance_id'

2023-02-15 22:48:44 - [TEST_STEP][PASSED] - setText(findTestObject("Object Repository/RecAndPlayBk/Page-Vlink-AuthOnly/input_Application Id_application_id"), appID): Text '234' is set on object 'Object Repository/RecAndPlayBk/Page-Vlink-AuthOnly/input_Application Id_application_id'

2023-02-15 22:48:45 - [MESSAGE][PASSED] - Text '234' is set on object 'Object Repository/RecAndPlayBk/Page-Vlink-AuthOnly/input_Application Id_application_id'

2023-02-15 22:48:45 - [TEST_STEP][PASSED] - setText(findTestObject("Object Repository/RecAndPlayBk/Page-Vlink-AuthOnly/input_Username_username"), username): Text 'username' is set on object 'Object Repository/RecAndPlayBk/Page-Vlink-AuthOnly/input_Username_username'

2023-02-15 22:48:45 - [MESSAGE][PASSED] - Text 'username' is set on object 'Object Repository/RecAndPlayBk/Page-Vlink-AuthOnly/input_Username_username'

2023-02-15 22:48:45 - [TEST_STEP][PASSED] - setText(findTestObject("Object Repository/RecAndPlayBk/Page-Vlink-AuthOnly/input_Password_password"), password): Text 'password' is set on object 'Object Repository/RecAndPlayBk/Page-Vlink-AuthOnly/input_Password_password'

2023-02-15 22:48:46 - [MESSAGE][PASSED] - Text 'password' is set on object 'Object Repository/RecAndPlayBk/Page-Vlink-AuthOnly/input_Password_password'

2023-02-15 22:48:46 - [TEST_STEP][PASSED] - setText(findTestObject("Object Repository/RecAndPlayBk/Page-Vlink-AuthOnly/txt_ResponseFormat"), resFormat): Text 'fixed_width' is set on object 'Object Repository/RecAndPlayBk/Page-Vlink-AuthOnly/txt_ResponseFormat'

2023-02-15 22:48:47 - [MESSAGE][PASSED] - Text 'fixed_width' is set on object 'Object Repository/RecAndPlayBk/Page-Vlink-AuthOnly/txt_ResponseFormat'

2023-02-15 22:48:47 - [TEST_STEP][PASSED] - setText(findTestObject("Object Repository/RecAndPlayBk/Page-Vlink-AuthOnly/input_Category_category"), category): Text 'RETL' is set on object 'Object Repository/RecAndPlayBk/Page-Vlink-AuthOnly/input_Category_category'

2023-02-15 22:48:47 - [MESSAGE][PASSED] - Text 'RETL' is set on object 'Object Repository/RecAndPlayBk/Page-Vlink-AuthOnly/input_Category_category'

2023-02-15 22:48:47 - [TEST_STEP][PASSED] - setText(findTestObject("Object Repository/RecAndPlayBk/Page-Vlink-AuthOnly/txt_CardName"), cardName): Text 'Kris Roshan' is set on object 'Object Repository/RecAndPlayBk/Page-Vlink-AuthOnly/txt_CardName'

2023-02-15 22:48:48 - [MESSAGE][PASSED] - Text 'Kris Roshan' is set on object 'Object Repository/RecAndPlayBk/Page-Vlink-AuthOnly/txt_CardName'

2023-02-15 22:48:48 - [TEST_STEP][PASSED] - setText(findTestObject("Object Repository/RecAndPlayBk/Page-Vlink-AuthOnly/txt_AL1"), al1): Text '258 Elm Road' is set on object 'Object Repository/RecAndPlayBk/Page-Vlink-AuthOnly/txt_AL1'

2023-02-15 22:48:49 - [MESSAGE][PASSED] - Text '258 Elm Road' is set on object 'Object Repository/RecAndPlayBk/Page-Vlink-AuthOnly/txt_AL1'

2023-02-15 22:48:49 - [TEST_STEP][PASSED] - setText(findTestObject("Object Repository/RecAndPlayBk/Page-Vlink-AuthOnly/txt_CardCity"), city): Text 'Arlington' is set on object 'Object Repository/RecAndPlayBk/Page-Vlink-AuthOnly/txt_CardCity'

2023-02-15 22:48:49 - [MESSAGE][PASSED] - Text 'Arlington' is set on object 'Object Repository/RecAndPlayBk/Page-Vlink-AuthOnly/txt_CardCity'

2023-02-15 22:48:49 - [TEST_STEP][PASSED] - setText(findTestObject("Object Repository/RecAndPlayBk/Page-Vlink-AuthOnly/txt_CardState"), state): Text 'VA' is set on object 'Object Repository/RecAndPlayBk/Page-Vlink-AuthOnly/txt_CardState'

2023-02-15 22:48:50 - [MESSAGE][PASSED] - Text 'VA' is set on object 'Object Repository/RecAndPlayBk/Page-Vlink-AuthOnly/txt_CardState'

2023-02-15 22:48:50 - [TEST_STEP][PASSED] - setText(findTestObject("Object Repository/RecAndPlayBk/Page-Vlink-AuthOnly/txt_CardZIP"), zip): Text '22201' is set on object 'Object Repository/RecAndPlayBk/Page-Vlink-AuthOnly/txt_CardZIP'

2023-02-15 22:48:50 - [MESSAGE][PASSED] - Text '22201' is set on object 'Object Repository/RecAndPlayBk/Page-Vlink-AuthOnly/txt_CardZIP'

2023-02-15 22:48:50 - [TEST_STEP][PASSED] - setText(findTestObject("Object Repository/RecAndPlayBk/Page-Vlink-AuthOnly/input_Amount_amount"), amount): Text '1.50' is set on object 'Object Repository/RecAndPlayBk/Page-Vlink-AuthOnly/input_Amount_amount'

2023-02-15 22:48:51 - [MESSAGE][PASSED] - Text '1.50' is set on object 'Object Repository/RecAndPlayBk/Page-Vlink-AuthOnly/input_Amount_amount'

2023-02-15 22:48:51 - [TEST_STEP][PASSED] - setText(findTestObject("Object Repository/RecAndPlayBk/Page-Vlink-AuthOnly/input_Card number_card_number"), cardNumber): Text '4111111111111111' is set on object 'Object Repository/RecAndPlayBk/Page-Vlink-AuthOnly/input_Card number_card_number'

2023-02-15 22:48:52 - [MESSAGE][PASSED] - Text '4111111111111111' is set on object 'Object Repository/RecAndPlayBk/Page-Vlink-AuthOnly/input_Card number_card_number'

2023-02-15 22:48:52 - [TEST_STEP][PASSED] - setText(findTestObject("Object Repository/RecAndPlayBk/Page-Vlink-AuthOnly/input_Card ex month_card_exmo"), exM): Text '' is set on object 'Object Repository/RecAndPlayBk/Page-Vlink-AuthOnly/input_Card ex month_card_exmo'

2023-02-15 22:48:53 - [MESSAGE][PASSED] - Text '' is set on object 'Object Repository/RecAndPlayBk/Page-Vlink-AuthOnly/input_Card ex month_card_exmo'

2023-02-15 22:48:53 - [TEST_STEP][PASSED] - setText(findTestObject("Object Repository/RecAndPlayBk/Page-Vlink-AuthOnly/input_Card ex year_card_exyr"), exY): Text '2025' is set on object 'Object Repository/RecAndPlayBk/Page-Vlink-AuthOnly/input_Card ex year_card_exyr'

2023-02-15 22:48:53 - [MESSAGE][PASSED] - Text '2025' is set on object 'Object Repository/RecAndPlayBk/Page-Vlink-AuthOnly/input_Card ex year_card_exyr'

2023-02-15 22:48:53 - [TEST_STEP][PASSED] - setText(findTestObject("Object Repository/RecAndPlayBk/Page-Vlink-AuthOnly/input_Track Data_track_data"), ""): Text '' is set on object 'Object Repository/RecAndPlayBk/Page-Vlink-AuthOnly/input_Track Data_track_data'

2023-02-15 22:48:54 - [MESSAGE][PASSED] - Text '' is set on object 'Object Repository/RecAndPlayBk/Page-Vlink-AuthOnly/input_Track Data_track_data'

2023-02-15 22:48:54 - [TEST_STEP][PASSED] - setText(findTestObject("Object Repository/RecAndPlayBk/Page-Vlink-AuthOnly/input_concat(Cardholder, , s email)_email"), ""): Text '' is set on object 'Object Repository/RecAndPlayBk/Page-Vlink-AuthOnly/input_concat(Cardholder, , s email)_email'

2023-02-15 22:48:55 - [MESSAGE][PASSED] - Text '' is set on object 'Object Repository/RecAndPlayBk/Page-Vlink-AuthOnly/input_concat(Cardholder, , s email)_email'

2023-02-15 22:48:55 - [TEST_STEP][PASSED] - click(findTestObject("Object Repository/RecAndPlayBk/Page-Vlink-AuthOnly/input_user_defined10_user_defined10")): Object: 'Object Repository/RecAndPlayBk/Page-Vlink-AuthOnly/input_user_defined10_user_defined10' is clicked on

2023-02-15 22:48:55 - [MESSAGE][PASSED] - Object: 'Object Repository/RecAndPlayBk/Page-Vlink-AuthOnly/input_user_defined10_user_defined10' is clicked on

2023-02-15 22:48:55 - [TEST_STEP][PASSED] - setText(findTestObject("Object Repository/RecAndPlayBk/Page-Vlink-AuthOnly/input_Card on File Indicator_card_on_file_i_157dae"), ""): Text '' is set on object 'Object Repository/RecAndPlayBk/Page-Vlink-AuthOnly/input_Card on File Indicator_card_on_file_i_157dae'

2023-02-15 22:48:56 - [MESSAGE][PASSED] - Text '' is set on object 'Object Repository/RecAndPlayBk/Page-Vlink-AuthOnly/input_Card on File Indicator_card_on_file_i_157dae'

2023-02-15 22:48:56 - [TEST_STEP][PASSED] - setText(findTestObject("Object Repository/RecAndPlayBk/Page-Vlink-AuthOnly/input_Stored Credential Indicator_stored_cr_4ae73c"), ""): Text '' is set on object 'Object Repository/RecAndPlayBk/Page-Vlink-AuthOnly/input_Stored Credential Indicator_stored_cr_4ae73c'

2023-02-15 22:48:56 - [MESSAGE][PASSED] - Text '' is set on object 'Object Repository/RecAndPlayBk/Page-Vlink-AuthOnly/input_Stored Credential Indicator_stored_cr_4ae73c'

2023-02-15 22:48:56 - [TEST_STEP][PASSED] - setText(findTestObject("Object Repository/RecAndPlayBk/Page-Vlink-AuthOnly/input_COF Scheduled indicator_cof_scheduled_8df7d8"), ""): Text '' is set on object 'Object Repository/RecAndPlayBk/Page-Vlink-AuthOnly/input_COF Scheduled indicator_cof_scheduled_8df7d8'

2023-02-15 22:48:57 - [MESSAGE][PASSED] - Text '' is set on object 'Object Repository/RecAndPlayBk/Page-Vlink-AuthOnly/input_COF Scheduled indicator_cof_scheduled_8df7d8'

2023-02-15 22:48:57 - [TEST_STEP][PASSED] - setText(findTestObject("Object Repository/RecAndPlayBk/Page-Vlink-AuthOnly/input_COF Transaction Initiated by_cof_tran_6cded5"), ""): Text '' is set on object 'Object Repository/RecAndPlayBk/Page-Vlink-AuthOnly/input_COF Transaction Initiated by_cof_tran_6cded5'

2023-02-15 22:48:58 - [MESSAGE][PASSED] - Text '' is set on object 'Object Repository/RecAndPlayBk/Page-Vlink-AuthOnly/input_COF Transaction Initiated by_cof_tran_6cded5'

2023-02-15 22:48:58 - [TEST_STEP][PASSED] - click(findTestObject("Object Repository/RecAndPlayBk/Page-Vlink-AuthOnly/input")): Object: 'Object Repository/RecAndPlayBk/Page-Vlink-AuthOnly/input' is clicked on

2023-02-15 22:48:58 - [MESSAGE][PASSED] - Object: 'Object Repository/RecAndPlayBk/Page-Vlink-AuthOnly/input' is clicked on

2023-02-15 22:48:58 - [TEST_STEP][PASSED] - if (verifyTextPresent(errorMsg, true)): null

2023-02-15 22:48:59 - [MESSAGE][PASSED] - Text 'card_exmo' is present on page  using regular expression

2023-02-15 22:48:59 - [TEST_STEP][PASSED] - println("Error Message is present on the Confirmation page"): null

2023-02-15 22:48:59 - [TEST_STEP][PASSED] - out.println("Pass Record Number: " + row): null

2023-02-15 22:48:59 - [TEST_STEP][PASSED] - resText = "Pass": null

2023-02-15 22:48:59 - [TEST_STEP][PASSED] - pages.WriteExcel.demoKey(resText, datText, resColumn, datCloumn, fileLoc, nameSheet, row): pages.WriteExcel.demoKey is PASSED

2023-02-15 22:48:59 - [MESSAGE][PASSED] - pages.WriteExcel.demoKey is PASSED

2023-02-15 22:48:59 - [TEST_STEP][PASSED] - ExecuteTC = findTestData(dataFile).getValue("Execute", row): null

2023-02-15 22:48:59 - [TEST_STEP][PASSED] - out.println("Value of Execute is : " + ExecuteTC): null

2023-02-15 22:48:59 - [TEST_STEP][PASSED] - if (ExecuteTC.equalsIgnoreCase("Y")): null

2023-02-15 22:48:59 - [TEST_STEP][PASSED] - out.println("Begin Record Number: " + row): null

2023-02-15 22:48:59 - [TEST_STEP][PASSED] - today = new java.util.Date(): null

2023-02-15 22:48:59 - [TEST_STEP][PASSED] - println(today): null

2023-02-15 22:48:59 - [TEST_STEP][PASSED] - datText = today: null

2023-02-15 22:48:59 - [TEST_STEP][PASSED] - errorMsg = findTestData(dataFile).getValue("ErrorMsg", row): null

2023-02-15 22:48:59 - [TEST_STEP][PASSED] - appID = findTestData(dataFile).getValue("AppID", row): null

2023-02-15 22:48:59 - [TEST_STEP][PASSED] - username = findTestData(dataFile).getValue("Username", row): null

2023-02-15 22:48:59 - [TEST_STEP][PASSED] - password = findTestData(dataFile).getValue("Password", row): null

2023-02-15 22:48:59 - [TEST_STEP][PASSED] - tranType = findTestData(dataFile).getValue("TranType", row): null

2023-02-15 22:48:59 - [TEST_STEP][PASSED] - mv = findTestData(dataFile).getValue("MV", row): null

2023-02-15 22:48:59 - [TEST_STEP][PASSED] - resFormat = findTestData(dataFile).getValue("ResFormat", row): null

2023-02-15 22:48:59 - [TEST_STEP][PASSED] - category = findTestData(dataFile).getValue("Category", row): null

2023-02-15 22:48:59 - [TEST_STEP][PASSED] - amount = findTestData(dataFile).getValue("Amount", row): null

2023-02-15 22:49:00 - [TEST_STEP][PASSED] - cardName = findTestData(dataFile).getValue("CardName", row): null

2023-02-15 22:49:00 - [TEST_STEP][PASSED] - al1 = findTestData(dataFile).getValue("AL1", row): null

2023-02-15 22:49:00 - [TEST_STEP][PASSED] - city = findTestData(dataFile).getValue("City", row): null

2023-02-15 22:49:00 - [TEST_STEP][PASSED] - state = findTestData(dataFile).getValue("State", row): null

2023-02-15 22:49:00 - [TEST_STEP][PASSED] - zip = findTestData(dataFile).getValue("ZIP", row): null

2023-02-15 22:49:00 - [TEST_STEP][PASSED] - cardNumber = findTestData(dataFile).getValue("CardNumber", row): null

2023-02-15 22:49:00 - [TEST_STEP][PASSED] - exM = findTestData(dataFile).getValue("ExM", row): null

2023-02-15 22:49:00 - [TEST_STEP][PASSED] - exY = findTestData(dataFile).getValue("ExY", row): null

2023-02-15 22:49:00 - [TEST_STEP][PASSED] - openBrowser(VLinkURL + "auth.html"): Browser is opened with url: 'https://dev-algorithm.govolution.com/vlinktest/QA/version_2_0/auth.html'

2023-02-15 22:49:00 - [MESSAGE][WARNING] - A browser is already opened. Closing browser and opening a new one

2023-02-15 22:49:01 - [MESSAGE][INFO] - Starting 'Chrome' driver

2023-02-15 22:49:01 - [MESSAGE][INFO] - User set preference: ['acceptInsecureCerts', 'true']

2023-02-15 22:49:01 - [MESSAGE][INFO] - Action delay is set to 0 milliseconds

2023-02-15 22:49:03 - [MESSAGE][PASSED] - Browser is opened with url: 'https://dev-algorithm.govolution.com/vlinktest/QA/version_2_0/auth.html'

2023-02-15 22:49:03 - [TEST_STEP][PASSED] - maximizeWindow(): Current window maximized

2023-02-15 22:49:03 - [MESSAGE][PASSED] - Current window maximized

2023-02-15 22:49:03 - [TEST_STEP][PASSED] - maximizeWindow(): Current window maximized

2023-02-15 22:49:03 - [MESSAGE][PASSED] - Current window maximized

2023-02-15 22:49:03 - [TEST_STEP][PASSED] - setText(findTestObject("Object Repository/RecAndPlayBk/Page-Vlink-AuthOnly/txt_TransactionType"), tranType): Text '104' is set on object 'Object Repository/RecAndPlayBk/Page-Vlink-AuthOnly/txt_TransactionType'

2023-02-15 22:49:04 - [MESSAGE][PASSED] - Text '104' is set on object 'Object Repository/RecAndPlayBk/Page-Vlink-AuthOnly/txt_TransactionType'

2023-02-15 22:49:04 - [TEST_STEP][PASSED] - setText(findTestObject("Object Repository/RecAndPlayBk/Page-Vlink-AuthOnly/txt_MessageVersion"), mv): Text '2.0C' is set on object 'Object Repository/RecAndPlayBk/Page-Vlink-AuthOnly/txt_MessageVersion'

2023-02-15 22:49:05 - [MESSAGE][PASSED] - Text '2.0C' is set on object 'Object Repository/RecAndPlayBk/Page-Vlink-AuthOnly/txt_MessageVersion'

2023-02-15 22:49:05 - [TEST_STEP][PASSED] - genRemID = RandomStringUtils.random(12, true, true): null

2023-02-15 22:49:05 - [TEST_STEP][PASSED] - setText(findTestObject("Object Repository/RecAndPlayBk/Page-Vlink-AuthOnly/input_Remittance Id_remittance_id"), genRemID): Text 'uooX08hG5bjh' is set on object 'Object Repository/RecAndPlayBk/Page-Vlink-AuthOnly/input_Remittance Id_remittance_id'

2023-02-15 22:49:05 - [MESSAGE][PASSED] - Text 'uooX08hG5bjh' is set on object 'Object Repository/RecAndPlayBk/Page-Vlink-AuthOnly/input_Remittance Id_remittance_id'

2023-02-15 22:49:05 - [TEST_STEP][PASSED] - setText(findTestObject("Object Repository/RecAndPlayBk/Page-Vlink-AuthOnly/input_Application Id_application_id"), appID): Text '234' is set on object 'Object Repository/RecAndPlayBk/Page-Vlink-AuthOnly/input_Application Id_application_id'

2023-02-15 22:49:06 - [MESSAGE][PASSED] - Text '234' is set on object 'Object Repository/RecAndPlayBk/Page-Vlink-AuthOnly/input_Application Id_application_id'

2023-02-15 22:49:06 - [TEST_STEP][PASSED] - setText(findTestObject("Object Repository/RecAndPlayBk/Page-Vlink-AuthOnly/input_Username_username"), username): Text 'username' is set on object 'Object Repository/RecAndPlayBk/Page-Vlink-AuthOnly/input_Username_username'

2023-02-15 22:49:07 - [MESSAGE][PASSED] - Text 'username' is set on object 'Object Repository/RecAndPlayBk/Page-Vlink-AuthOnly/input_Username_username'

2023-02-15 22:49:07 - [TEST_STEP][PASSED] - setText(findTestObject("Object Repository/RecAndPlayBk/Page-Vlink-AuthOnly/input_Password_password"), password): Text 'password' is set on object 'Object Repository/RecAndPlayBk/Page-Vlink-AuthOnly/input_Password_password'

2023-02-15 22:49:07 - [MESSAGE][PASSED] - Text 'password' is set on object 'Object Repository/RecAndPlayBk/Page-Vlink-AuthOnly/input_Password_password'

2023-02-15 22:49:07 - [TEST_STEP][PASSED] - setText(findTestObject("Object Repository/RecAndPlayBk/Page-Vlink-AuthOnly/txt_ResponseFormat"), resFormat): Text 'fixed_width' is set on object 'Object Repository/RecAndPlayBk/Page-Vlink-AuthOnly/txt_ResponseFormat'

2023-02-15 22:49:08 - [MESSAGE][PASSED] - Text 'fixed_width' is set on object 'Object Repository/RecAndPlayBk/Page-Vlink-AuthOnly/txt_ResponseFormat'

2023-02-15 22:49:08 - [TEST_STEP][PASSED] - setText(findTestObject("Object Repository/RecAndPlayBk/Page-Vlink-AuthOnly/input_Category_category"), category): Text 'ECOM' is set on object 'Object Repository/RecAndPlayBk/Page-Vlink-AuthOnly/input_Category_category'

2023-02-15 22:49:08 - [MESSAGE][PASSED] - Text 'ECOM' is set on object 'Object Repository/RecAndPlayBk/Page-Vlink-AuthOnly/input_Category_category'

2023-02-15 22:49:08 - [TEST_STEP][PASSED] - setText(findTestObject("Object Repository/RecAndPlayBk/Page-Vlink-AuthOnly/txt_CardName"), cardName): Text 'Kris Roshan' is set on object 'Object Repository/RecAndPlayBk/Page-Vlink-AuthOnly/txt_CardName'

2023-02-15 22:49:09 - [MESSAGE][PASSED] - Text 'Kris Roshan' is set on object 'Object Repository/RecAndPlayBk/Page-Vlink-AuthOnly/txt_CardName'

2023-02-15 22:49:09 - [TEST_STEP][PASSED] - setText(findTestObject("Object Repository/RecAndPlayBk/Page-Vlink-AuthOnly/txt_AL1"), al1): Text '258 Elm Road' is set on object 'Object Repository/RecAndPlayBk/Page-Vlink-AuthOnly/txt_AL1'

2023-02-15 22:49:10 - [MESSAGE][PASSED] - Text '258 Elm Road' is set on object 'Object Repository/RecAndPlayBk/Page-Vlink-AuthOnly/txt_AL1'

2023-02-15 22:49:10 - [TEST_STEP][PASSED] - setText(findTestObject("Object Repository/RecAndPlayBk/Page-Vlink-AuthOnly/txt_CardCity"), city): Text 'Arlington' is set on object 'Object Repository/RecAndPlayBk/Page-Vlink-AuthOnly/txt_CardCity'

2023-02-15 22:49:10 - [MESSAGE][PASSED] - Text 'Arlington' is set on object 'Object Repository/RecAndPlayBk/Page-Vlink-AuthOnly/txt_CardCity'

2023-02-15 22:49:10 - [TEST_STEP][PASSED] - setText(findTestObject("Object Repository/RecAndPlayBk/Page-Vlink-AuthOnly/txt_CardState"), state): Text 'VA' is set on object 'Object Repository/RecAndPlayBk/Page-Vlink-AuthOnly/txt_CardState'

2023-02-15 22:49:11 - [MESSAGE][PASSED] - Text 'VA' is set on object 'Object Repository/RecAndPlayBk/Page-Vlink-AuthOnly/txt_CardState'

2023-02-15 22:49:11 - [TEST_STEP][PASSED] - setText(findTestObject("Object Repository/RecAndPlayBk/Page-Vlink-AuthOnly/txt_CardZIP"), zip): Text '22201' is set on object 'Object Repository/RecAndPlayBk/Page-Vlink-AuthOnly/txt_CardZIP'

2023-02-15 22:49:12 - [MESSAGE][PASSED] - Text '22201' is set on object 'Object Repository/RecAndPlayBk/Page-Vlink-AuthOnly/txt_CardZIP'

2023-02-15 22:49:12 - [TEST_STEP][PASSED] - setText(findTestObject("Object Repository/RecAndPlayBk/Page-Vlink-AuthOnly/input_Amount_amount"), amount): Text '1.50' is set on object 'Object Repository/RecAndPlayBk/Page-Vlink-AuthOnly/input_Amount_amount'

2023-02-15 22:49:12 - [MESSAGE][PASSED] - Text '1.50' is set on object 'Object Repository/RecAndPlayBk/Page-Vlink-AuthOnly/input_Amount_amount'

2023-02-15 22:49:12 - [TEST_STEP][PASSED] - setText(findTestObject("Object Repository/RecAndPlayBk/Page-Vlink-AuthOnly/input_Card number_card_number"), cardNumber): Text '4111111111111111' is set on object 'Object Repository/RecAndPlayBk/Page-Vlink-AuthOnly/input_Card number_card_number'

2023-02-15 22:49:13 - [MESSAGE][PASSED] - Text '4111111111111111' is set on object 'Object Repository/RecAndPlayBk/Page-Vlink-AuthOnly/input_Card number_card_number'

2023-02-15 22:49:13 - [TEST_STEP][PASSED] - setText(findTestObject("Object Repository/RecAndPlayBk/Page-Vlink-AuthOnly/input_Card ex month_card_exmo"), exM): Text '12' is set on object 'Object Repository/RecAndPlayBk/Page-Vlink-AuthOnly/input_Card ex month_card_exmo'

2023-02-15 22:49:14 - [MESSAGE][PASSED] - Text '12' is set on object 'Object Repository/RecAndPlayBk/Page-Vlink-AuthOnly/input_Card ex month_card_exmo'

2023-02-15 22:49:14 - [TEST_STEP][PASSED] - setText(findTestObject("Object Repository/RecAndPlayBk/Page-Vlink-AuthOnly/input_Card ex year_card_exyr"), exY): Text '' is set on object 'Object Repository/RecAndPlayBk/Page-Vlink-AuthOnly/input_Card ex year_card_exyr'

2023-02-15 22:49:14 - [MESSAGE][PASSED] - Text '' is set on object 'Object Repository/RecAndPlayBk/Page-Vlink-AuthOnly/input_Card ex year_card_exyr'

2023-02-15 22:49:14 - [TEST_STEP][PASSED] - setText(findTestObject("Object Repository/RecAndPlayBk/Page-Vlink-AuthOnly/input_Track Data_track_data"), ""): Text '' is set on object 'Object Repository/RecAndPlayBk/Page-Vlink-AuthOnly/input_Track Data_track_data'

2023-02-15 22:49:15 - [MESSAGE][PASSED] - Text '' is set on object 'Object Repository/RecAndPlayBk/Page-Vlink-AuthOnly/input_Track Data_track_data'

2023-02-15 22:49:15 - [TEST_STEP][PASSED] - setText(findTestObject("Object Repository/RecAndPlayBk/Page-Vlink-AuthOnly/input_concat(Cardholder, , s email)_email"), ""): Text '' is set on object 'Object Repository/RecAndPlayBk/Page-Vlink-AuthOnly/input_concat(Cardholder, , s email)_email'

2023-02-15 22:49:16 - [MESSAGE][PASSED] - Text '' is set on object 'Object Repository/RecAndPlayBk/Page-Vlink-AuthOnly/input_concat(Cardholder, , s email)_email'

2023-02-15 22:49:16 - [TEST_STEP][PASSED] - click(findTestObject("Object Repository/RecAndPlayBk/Page-Vlink-AuthOnly/input_user_defined10_user_defined10")): Object: 'Object Repository/RecAndPlayBk/Page-Vlink-AuthOnly/input_user_defined10_user_defined10' is clicked on

2023-02-15 22:49:16 - [MESSAGE][PASSED] - Object: 'Object Repository/RecAndPlayBk/Page-Vlink-AuthOnly/input_user_defined10_user_defined10' is clicked on

2023-02-15 22:49:16 - [TEST_STEP][PASSED] - setText(findTestObject("Object Repository/RecAndPlayBk/Page-Vlink-AuthOnly/input_Card on File Indicator_card_on_file_i_157dae"), ""): Text '' is set on object 'Object Repository/RecAndPlayBk/Page-Vlink-AuthOnly/input_Card on File Indicator_card_on_file_i_157dae'

2023-02-15 22:49:17 - [MESSAGE][PASSED] - Text '' is set on object 'Object Repository/RecAndPlayBk/Page-Vlink-AuthOnly/input_Card on File Indicator_card_on_file_i_157dae'

2023-02-15 22:49:17 - [TEST_STEP][PASSED] - setText(findTestObject("Object Repository/RecAndPlayBk/Page-Vlink-AuthOnly/input_Stored Credential Indicator_stored_cr_4ae73c"), ""): Text '' is set on object 'Object Repository/RecAndPlayBk/Page-Vlink-AuthOnly/input_Stored Credential Indicator_stored_cr_4ae73c'

2023-02-15 22:49:18 - [MESSAGE][PASSED] - Text '' is set on object 'Object Repository/RecAndPlayBk/Page-Vlink-AuthOnly/input_Stored Credential Indicator_stored_cr_4ae73c'

2023-02-15 22:49:18 - [TEST_STEP][PASSED] - setText(findTestObject("Object Repository/RecAndPlayBk/Page-Vlink-AuthOnly/input_COF Scheduled indicator_cof_scheduled_8df7d8"), ""): Text '' is set on object 'Object Repository/RecAndPlayBk/Page-Vlink-AuthOnly/input_COF Scheduled indicator_cof_scheduled_8df7d8'

2023-02-15 22:49:18 - [MESSAGE][PASSED] - Text '' is set on object 'Object Repository/RecAndPlayBk/Page-Vlink-AuthOnly/input_COF Scheduled indicator_cof_scheduled_8df7d8'

2023-02-15 22:49:18 - [TEST_STEP][PASSED] - setText(findTestObject("Object Repository/RecAndPlayBk/Page-Vlink-AuthOnly/input_COF Transaction Initiated by_cof_tran_6cded5"), ""): Text '' is set on object 'Object Repository/RecAndPlayBk/Page-Vlink-AuthOnly/input_COF Transaction Initiated by_cof_tran_6cded5'

2023-02-15 22:49:19 - [MESSAGE][PASSED] - Text '' is set on object 'Object Repository/RecAndPlayBk/Page-Vlink-AuthOnly/input_COF Transaction Initiated by_cof_tran_6cded5'

2023-02-15 22:49:19 - [TEST_STEP][PASSED] - click(findTestObject("Object Repository/RecAndPlayBk/Page-Vlink-AuthOnly/input")): Object: 'Object Repository/RecAndPlayBk/Page-Vlink-AuthOnly/input' is clicked on

2023-02-15 22:49:20 - [MESSAGE][PASSED] - Object: 'Object Repository/RecAndPlayBk/Page-Vlink-AuthOnly/input' is clicked on

2023-02-15 22:49:20 - [TEST_STEP][PASSED] - if (verifyTextPresent(errorMsg, true)): null

2023-02-15 22:49:20 - [MESSAGE][PASSED] - Text 'card_exyr' is present on page  using regular expression

2023-02-15 22:49:20 - [TEST_STEP][PASSED] - println("Error Message is present on the Confirmation page"): null

2023-02-15 22:49:20 - [TEST_STEP][PASSED] - out.println("Pass Record Number: " + row): null

2023-02-15 22:49:20 - [TEST_STEP][PASSED] - resText = "Pass": null

2023-02-15 22:49:20 - [TEST_STEP][PASSED] - pages.WriteExcel.demoKey(resText, datText, resColumn, datCloumn, fileLoc, nameSheet, row): pages.WriteExcel.demoKey is PASSED

2023-02-15 22:49:20 - [MESSAGE][PASSED] - pages.WriteExcel.demoKey is PASSED

2023-02-15 22:49:20 - [TEST_STEP][PASSED] - ExecuteTC = findTestData(dataFile).getValue("Execute", row): null

2023-02-15 22:49:20 - [TEST_STEP][PASSED] - out.println("Value of Execute is : " + ExecuteTC): null

2023-02-15 22:49:20 - [TEST_STEP][PASSED] - if (ExecuteTC.equalsIgnoreCase("Y")): null

2023-02-15 22:49:20 - [TEST_STEP][PASSED] - out.println("Begin Record Number: " + row): null

2023-02-15 22:49:20 - [TEST_STEP][PASSED] - today = new java.util.Date(): null

2023-02-15 22:49:20 - [TEST_STEP][PASSED] - println(today): null

2023-02-15 22:49:20 - [TEST_STEP][PASSED] - datText = today: null

2023-02-15 22:49:20 - [TEST_STEP][PASSED] - errorMsg = findTestData(dataFile).getValue("ErrorMsg", row): null

2023-02-15 22:49:20 - [TEST_STEP][PASSED] - appID = findTestData(dataFile).getValue("AppID", row): null

2023-02-15 22:49:20 - [TEST_STEP][PASSED] - username = findTestData(dataFile).getValue("Username", row): null

2023-02-15 22:49:20 - [TEST_STEP][PASSED] - password = findTestData(dataFile).getValue("Password", row): null

2023-02-15 22:49:20 - [TEST_STEP][PASSED] - tranType = findTestData(dataFile).getValue("TranType", row): null

2023-02-15 22:49:20 - [TEST_STEP][PASSED] - mv = findTestData(dataFile).getValue("MV", row): null

2023-02-15 22:49:21 - [TEST_STEP][PASSED] - resFormat = findTestData(dataFile).getValue("ResFormat", row): null

2023-02-15 22:49:21 - [TEST_STEP][PASSED] - category = findTestData(dataFile).getValue("Category", row): null

2023-02-15 22:49:21 - [TEST_STEP][PASSED] - amount = findTestData(dataFile).getValue("Amount", row): null

2023-02-15 22:49:21 - [TEST_STEP][PASSED] - cardName = findTestData(dataFile).getValue("CardName", row): null

2023-02-15 22:49:21 - [TEST_STEP][PASSED] - al1 = findTestData(dataFile).getValue("AL1", row): null

2023-02-15 22:49:21 - [TEST_STEP][PASSED] - city = findTestData(dataFile).getValue("City", row): null

2023-02-15 22:49:21 - [TEST_STEP][PASSED] - state = findTestData(dataFile).getValue("State", row): null

2023-02-15 22:49:21 - [TEST_STEP][PASSED] - zip = findTestData(dataFile).getValue("ZIP", row): null

2023-02-15 22:49:21 - [TEST_STEP][PASSED] - cardNumber = findTestData(dataFile).getValue("CardNumber", row): null

2023-02-15 22:49:21 - [TEST_STEP][PASSED] - exM = findTestData(dataFile).getValue("ExM", row): null

2023-02-15 22:49:21 - [TEST_STEP][PASSED] - exY = findTestData(dataFile).getValue("ExY", row): null

2023-02-15 22:49:21 - [TEST_STEP][PASSED] - openBrowser(VLinkURL + "auth.html"): Browser is opened with url: 'https://dev-algorithm.govolution.com/vlinktest/QA/version_2_0/auth.html'

2023-02-15 22:49:21 - [MESSAGE][WARNING] - A browser is already opened. Closing browser and opening a new one

2023-02-15 22:49:22 - [MESSAGE][INFO] - Starting 'Chrome' driver

2023-02-15 22:49:22 - [MESSAGE][INFO] - User set preference: ['acceptInsecureCerts', 'true']

2023-02-15 22:49:22 - [MESSAGE][INFO] - Action delay is set to 0 milliseconds

2023-02-15 22:49:24 - [MESSAGE][PASSED] - Browser is opened with url: 'https://dev-algorithm.govolution.com/vlinktest/QA/version_2_0/auth.html'

2023-02-15 22:49:24 - [TEST_STEP][PASSED] - maximizeWindow(): Current window maximized

2023-02-15 22:49:25 - [MESSAGE][PASSED] - Current window maximized

2023-02-15 22:49:25 - [TEST_STEP][PASSED] - maximizeWindow(): Current window maximized

2023-02-15 22:49:25 - [MESSAGE][PASSED] - Current window maximized

2023-02-15 22:49:25 - [TEST_STEP][PASSED] - setText(findTestObject("Object Repository/RecAndPlayBk/Page-Vlink-AuthOnly/txt_TransactionType"), tranType): Text '104' is set on object 'Object Repository/RecAndPlayBk/Page-Vlink-AuthOnly/txt_TransactionType'

2023-02-15 22:49:25 - [MESSAGE][PASSED] - Text '104' is set on object 'Object Repository/RecAndPlayBk/Page-Vlink-AuthOnly/txt_TransactionType'

2023-02-15 22:49:25 - [TEST_STEP][PASSED] - setText(findTestObject("Object Repository/RecAndPlayBk/Page-Vlink-AuthOnly/txt_MessageVersion"), mv): Text '2.0C' is set on object 'Object Repository/RecAndPlayBk/Page-Vlink-AuthOnly/txt_MessageVersion'

2023-02-15 22:49:26 - [MESSAGE][PASSED] - Text '2.0C' is set on object 'Object Repository/RecAndPlayBk/Page-Vlink-AuthOnly/txt_MessageVersion'

2023-02-15 22:49:26 - [TEST_STEP][PASSED] - genRemID = RandomStringUtils.random(12, true, true): null

2023-02-15 22:49:26 - [TEST_STEP][PASSED] - setText(findTestObject("Object Repository/RecAndPlayBk/Page-Vlink-AuthOnly/input_Remittance Id_remittance_id"), genRemID): Text 'LT4RwZaVKpor' is set on object 'Object Repository/RecAndPlayBk/Page-Vlink-AuthOnly/input_Remittance Id_remittance_id'

2023-02-15 22:49:27 - [MESSAGE][PASSED] - Text 'LT4RwZaVKpor' is set on object 'Object Repository/RecAndPlayBk/Page-Vlink-AuthOnly/input_Remittance Id_remittance_id'

2023-02-15 22:49:27 - [TEST_STEP][PASSED] - setText(findTestObject("Object Repository/RecAndPlayBk/Page-Vlink-AuthOnly/input_Application Id_application_id"), appID): Text '234' is set on object 'Object Repository/RecAndPlayBk/Page-Vlink-AuthOnly/input_Application Id_application_id'

2023-02-15 22:49:27 - [MESSAGE][PASSED] - Text '234' is set on object 'Object Repository/RecAndPlayBk/Page-Vlink-AuthOnly/input_Application Id_application_id'

2023-02-15 22:49:27 - [TEST_STEP][PASSED] - setText(findTestObject("Object Repository/RecAndPlayBk/Page-Vlink-AuthOnly/input_Username_username"), username): Text 'username' is set on object 'Object Repository/RecAndPlayBk/Page-Vlink-AuthOnly/input_Username_username'

2023-02-15 22:49:28 - [MESSAGE][PASSED] - Text 'username' is set on object 'Object Repository/RecAndPlayBk/Page-Vlink-AuthOnly/input_Username_username'

2023-02-15 22:49:28 - [TEST_STEP][PASSED] - setText(findTestObject("Object Repository/RecAndPlayBk/Page-Vlink-AuthOnly/input_Password_password"), password): Text 'password' is set on object 'Object Repository/RecAndPlayBk/Page-Vlink-AuthOnly/input_Password_password'

2023-02-15 22:49:29 - [MESSAGE][PASSED] - Text 'password' is set on object 'Object Repository/RecAndPlayBk/Page-Vlink-AuthOnly/input_Password_password'

2023-02-15 22:49:29 - [TEST_STEP][PASSED] - setText(findTestObject("Object Repository/RecAndPlayBk/Page-Vlink-AuthOnly/txt_ResponseFormat"), resFormat): Text 'fixed_width' is set on object 'Object Repository/RecAndPlayBk/Page-Vlink-AuthOnly/txt_ResponseFormat'

2023-02-15 22:49:29 - [MESSAGE][PASSED] - Text 'fixed_width' is set on object 'Object Repository/RecAndPlayBk/Page-Vlink-AuthOnly/txt_ResponseFormat'

2023-02-15 22:49:29 - [TEST_STEP][PASSED] - setText(findTestObject("Object Repository/RecAndPlayBk/Page-Vlink-AuthOnly/input_Category_category"), category): Text 'MOTO' is set on object 'Object Repository/RecAndPlayBk/Page-Vlink-AuthOnly/input_Category_category'

2023-02-15 22:49:30 - [MESSAGE][PASSED] - Text 'MOTO' is set on object 'Object Repository/RecAndPlayBk/Page-Vlink-AuthOnly/input_Category_category'

2023-02-15 22:49:30 - [TEST_STEP][PASSED] - setText(findTestObject("Object Repository/RecAndPlayBk/Page-Vlink-AuthOnly/txt_CardName"), cardName): Text 'Kris Roshan' is set on object 'Object Repository/RecAndPlayBk/Page-Vlink-AuthOnly/txt_CardName'

2023-02-15 22:49:30 - [MESSAGE][PASSED] - Text 'Kris Roshan' is set on object 'Object Repository/RecAndPlayBk/Page-Vlink-AuthOnly/txt_CardName'

2023-02-15 22:49:30 - [TEST_STEP][PASSED] - setText(findTestObject("Object Repository/RecAndPlayBk/Page-Vlink-AuthOnly/txt_AL1"), al1): Text '258 Elm Road' is set on object 'Object Repository/RecAndPlayBk/Page-Vlink-AuthOnly/txt_AL1'

2023-02-15 22:49:31 - [MESSAGE][PASSED] - Text '258 Elm Road' is set on object 'Object Repository/RecAndPlayBk/Page-Vlink-AuthOnly/txt_AL1'

2023-02-15 22:49:31 - [TEST_STEP][PASSED] - setText(findTestObject("Object Repository/RecAndPlayBk/Page-Vlink-AuthOnly/txt_CardCity"), city): Text 'Arlington' is set on object 'Object Repository/RecAndPlayBk/Page-Vlink-AuthOnly/txt_CardCity'

2023-02-15 22:49:32 - [MESSAGE][PASSED] - Text 'Arlington' is set on object 'Object Repository/RecAndPlayBk/Page-Vlink-AuthOnly/txt_CardCity'

2023-02-15 22:49:32 - [TEST_STEP][PASSED] - setText(findTestObject("Object Repository/RecAndPlayBk/Page-Vlink-AuthOnly/txt_CardState"), state): Text 'VA' is set on object 'Object Repository/RecAndPlayBk/Page-Vlink-AuthOnly/txt_CardState'

2023-02-15 22:49:32 - [MESSAGE][PASSED] - Text 'VA' is set on object 'Object Repository/RecAndPlayBk/Page-Vlink-AuthOnly/txt_CardState'

2023-02-15 22:49:32 - [TEST_STEP][PASSED] - setText(findTestObject("Object Repository/RecAndPlayBk/Page-Vlink-AuthOnly/txt_CardZIP"), zip): Text '22201' is set on object 'Object Repository/RecAndPlayBk/Page-Vlink-AuthOnly/txt_CardZIP'

2023-02-15 22:49:33 - [MESSAGE][PASSED] - Text '22201' is set on object 'Object Repository/RecAndPlayBk/Page-Vlink-AuthOnly/txt_CardZIP'

2023-02-15 22:49:33 - [TEST_STEP][PASSED] - setText(findTestObject("Object Repository/RecAndPlayBk/Page-Vlink-AuthOnly/input_Amount_amount"), amount): Text '1.50' is set on object 'Object Repository/RecAndPlayBk/Page-Vlink-AuthOnly/input_Amount_amount'

2023-02-15 22:49:34 - [MESSAGE][PASSED] - Text '1.50' is set on object 'Object Repository/RecAndPlayBk/Page-Vlink-AuthOnly/input_Amount_amount'

2023-02-15 22:49:34 - [TEST_STEP][PASSED] - setText(findTestObject("Object Repository/RecAndPlayBk/Page-Vlink-AuthOnly/input_Card number_card_number"), cardNumber): Text '4111111111111111' is set on object 'Object Repository/RecAndPlayBk/Page-Vlink-AuthOnly/input_Card number_card_number'

2023-02-15 22:49:34 - [MESSAGE][PASSED] - Text '4111111111111111' is set on object 'Object Repository/RecAndPlayBk/Page-Vlink-AuthOnly/input_Card number_card_number'

2023-02-15 22:49:34 - [TEST_STEP][PASSED] - setText(findTestObject("Object Repository/RecAndPlayBk/Page-Vlink-AuthOnly/input_Card ex month_card_exmo"), exM): Text '12' is set on object 'Object Repository/RecAndPlayBk/Page-Vlink-AuthOnly/input_Card ex month_card_exmo'

2023-02-15 22:49:35 - [MESSAGE][PASSED] - Text '12' is set on object 'Object Repository/RecAndPlayBk/Page-Vlink-AuthOnly/input_Card ex month_card_exmo'

2023-02-15 22:49:35 - [TEST_STEP][PASSED] - setText(findTestObject("Object Repository/RecAndPlayBk/Page-Vlink-AuthOnly/input_Card ex year_card_exyr"), exY): Text '' is set on object 'Object Repository/RecAndPlayBk/Page-Vlink-AuthOnly/input_Card ex year_card_exyr'

2023-02-15 22:49:36 - [MESSAGE][PASSED] - Text '' is set on object 'Object Repository/RecAndPlayBk/Page-Vlink-AuthOnly/input_Card ex year_card_exyr'

2023-02-15 22:49:36 - [TEST_STEP][PASSED] - setText(findTestObject("Object Repository/RecAndPlayBk/Page-Vlink-AuthOnly/input_Track Data_track_data"), ""): Text '' is set on object 'Object Repository/RecAndPlayBk/Page-Vlink-AuthOnly/input_Track Data_track_data'

2023-02-15 22:49:36 - [MESSAGE][PASSED] - Text '' is set on object 'Object Repository/RecAndPlayBk/Page-Vlink-AuthOnly/input_Track Data_track_data'

2023-02-15 22:49:36 - [TEST_STEP][PASSED] - setText(findTestObject("Object Repository/RecAndPlayBk/Page-Vlink-AuthOnly/input_concat(Cardholder, , s email)_email"), ""): Text '' is set on object 'Object Repository/RecAndPlayBk/Page-Vlink-AuthOnly/input_concat(Cardholder, , s email)_email'

2023-02-15 22:49:37 - [MESSAGE][PASSED] - Text '' is set on object 'Object Repository/RecAndPlayBk/Page-Vlink-AuthOnly/input_concat(Cardholder, , s email)_email'

2023-02-15 22:49:37 - [TEST_STEP][PASSED] - click(findTestObject("Object Repository/RecAndPlayBk/Page-Vlink-AuthOnly/input_user_defined10_user_defined10")): Object: 'Object Repository/RecAndPlayBk/Page-Vlink-AuthOnly/input_user_defined10_user_defined10' is clicked on

2023-02-15 22:49:37 - [MESSAGE][PASSED] - Object: 'Object Repository/RecAndPlayBk/Page-Vlink-AuthOnly/input_user_defined10_user_defined10' is clicked on

2023-02-15 22:49:37 - [TEST_STEP][PASSED] - setText(findTestObject("Object Repository/RecAndPlayBk/Page-Vlink-AuthOnly/input_Card on File Indicator_card_on_file_i_157dae"), ""): Text '' is set on object 'Object Repository/RecAndPlayBk/Page-Vlink-AuthOnly/input_Card on File Indicator_card_on_file_i_157dae'

2023-02-15 22:49:38 - [MESSAGE][PASSED] - Text '' is set on object 'Object Repository/RecAndPlayBk/Page-Vlink-AuthOnly/input_Card on File Indicator_card_on_file_i_157dae'

2023-02-15 22:49:38 - [TEST_STEP][PASSED] - setText(findTestObject("Object Repository/RecAndPlayBk/Page-Vlink-AuthOnly/input_Stored Credential Indicator_stored_cr_4ae73c"), ""): Text '' is set on object 'Object Repository/RecAndPlayBk/Page-Vlink-AuthOnly/input_Stored Credential Indicator_stored_cr_4ae73c'

2023-02-15 22:49:39 - [MESSAGE][PASSED] - Text '' is set on object 'Object Repository/RecAndPlayBk/Page-Vlink-AuthOnly/input_Stored Credential Indicator_stored_cr_4ae73c'

2023-02-15 22:49:39 - [TEST_STEP][PASSED] - setText(findTestObject("Object Repository/RecAndPlayBk/Page-Vlink-AuthOnly/input_COF Scheduled indicator_cof_scheduled_8df7d8"), ""): Text '' is set on object 'Object Repository/RecAndPlayBk/Page-Vlink-AuthOnly/input_COF Scheduled indicator_cof_scheduled_8df7d8'

2023-02-15 22:49:39 - [MESSAGE][PASSED] - Text '' is set on object 'Object Repository/RecAndPlayBk/Page-Vlink-AuthOnly/input_COF Scheduled indicator_cof_scheduled_8df7d8'

2023-02-15 22:49:39 - [TEST_STEP][PASSED] - setText(findTestObject("Object Repository/RecAndPlayBk/Page-Vlink-AuthOnly/input_COF Transaction Initiated by_cof_tran_6cded5"), ""): Text '' is set on object 'Object Repository/RecAndPlayBk/Page-Vlink-AuthOnly/input_COF Transaction Initiated by_cof_tran_6cded5'

2023-02-15 22:49:40 - [MESSAGE][PASSED] - Text '' is set on object 'Object Repository/RecAndPlayBk/Page-Vlink-AuthOnly/input_COF Transaction Initiated by_cof_tran_6cded5'

2023-02-15 22:49:40 - [TEST_STEP][PASSED] - click(findTestObject("Object Repository/RecAndPlayBk/Page-Vlink-AuthOnly/input")): Object: 'Object Repository/RecAndPlayBk/Page-Vlink-AuthOnly/input' is clicked on

2023-02-15 22:49:41 - [MESSAGE][PASSED] - Object: 'Object Repository/RecAndPlayBk/Page-Vlink-AuthOnly/input' is clicked on

2023-02-15 22:49:41 - [TEST_STEP][PASSED] - if (verifyTextPresent(errorMsg, true)): null

2023-02-15 22:49:41 - [MESSAGE][PASSED] - Text 'card_exyr' is present on page  using regular expression

2023-02-15 22:49:41 - [TEST_STEP][PASSED] - println("Error Message is present on the Confirmation page"): null

2023-02-15 22:49:41 - [TEST_STEP][PASSED] - out.println("Pass Record Number: " + row): null

2023-02-15 22:49:41 - [TEST_STEP][PASSED] - resText = "Pass": null

2023-02-15 22:49:41 - [TEST_STEP][PASSED] - pages.WriteExcel.demoKey(resText, datText, resColumn, datCloumn, fileLoc, nameSheet, row): pages.WriteExcel.demoKey is PASSED

2023-02-15 22:49:41 - [MESSAGE][PASSED] - pages.WriteExcel.demoKey is PASSED

2023-02-15 22:49:41 - [TEST_STEP][PASSED] - ExecuteTC = findTestData(dataFile).getValue("Execute", row): null

2023-02-15 22:49:41 - [TEST_STEP][PASSED] - out.println("Value of Execute is : " + ExecuteTC): null

2023-02-15 22:49:41 - [TEST_STEP][PASSED] - if (ExecuteTC.equalsIgnoreCase("Y")): null

2023-02-15 22:49:41 - [TEST_STEP][PASSED] - out.println("Begin Record Number: " + row): null

2023-02-15 22:49:41 - [TEST_STEP][PASSED] - today = new java.util.Date(): null

2023-02-15 22:49:41 - [TEST_STEP][PASSED] - println(today): null

2023-02-15 22:49:41 - [TEST_STEP][PASSED] - datText = today: null

2023-02-15 22:49:41 - [TEST_STEP][PASSED] - errorMsg = findTestData(dataFile).getValue("ErrorMsg", row): null

2023-02-15 22:49:41 - [TEST_STEP][PASSED] - appID = findTestData(dataFile).getValue("AppID", row): null

2023-02-15 22:49:41 - [TEST_STEP][PASSED] - username = findTestData(dataFile).getValue("Username", row): null

2023-02-15 22:49:41 - [TEST_STEP][PASSED] - password = findTestData(dataFile).getValue("Password", row): null

2023-02-15 22:49:42 - [TEST_STEP][PASSED] - tranType = findTestData(dataFile).getValue("TranType", row): null

2023-02-15 22:49:42 - [TEST_STEP][PASSED] - mv = findTestData(dataFile).getValue("MV", row): null

2023-02-15 22:49:42 - [TEST_STEP][PASSED] - resFormat = findTestData(dataFile).getValue("ResFormat", row): null

2023-02-15 22:49:42 - [TEST_STEP][PASSED] - category = findTestData(dataFile).getValue("Category", row): null

2023-02-15 22:49:42 - [TEST_STEP][PASSED] - amount = findTestData(dataFile).getValue("Amount", row): null

2023-02-15 22:49:42 - [TEST_STEP][PASSED] - cardName = findTestData(dataFile).getValue("CardName", row): null

2023-02-15 22:49:43 - [TEST_STEP][PASSED] - al1 = findTestData(dataFile).getValue("AL1", row): null

2023-02-15 22:49:43 - [TEST_STEP][PASSED] - city = findTestData(dataFile).getValue("City", row): null

2023-02-15 22:49:43 - [TEST_STEP][PASSED] - state = findTestData(dataFile).getValue("State", row): null

2023-02-15 22:49:43 - [TEST_STEP][PASSED] - zip = findTestData(dataFile).getValue("ZIP", row): null

2023-02-15 22:49:43 - [TEST_STEP][PASSED] - cardNumber = findTestData(dataFile).getValue("CardNumber", row): null

2023-02-15 22:49:43 - [TEST_STEP][PASSED] - exM = findTestData(dataFile).getValue("ExM", row): null

2023-02-15 22:49:43 - [TEST_STEP][PASSED] - exY = findTestData(dataFile).getValue("ExY", row): null

2023-02-15 22:49:43 - [TEST_STEP][PASSED] - openBrowser(VLinkURL + "auth.html"): Browser is opened with url: 'https://dev-algorithm.govolution.com/vlinktest/QA/version_2_0/auth.html'

2023-02-15 22:49:43 - [MESSAGE][WARNING] - A browser is already opened. Closing browser and opening a new one

2023-02-15 22:49:44 - [MESSAGE][INFO] - Starting 'Chrome' driver

2023-02-15 22:49:44 - [MESSAGE][INFO] - User set preference: ['acceptInsecureCerts', 'true']

2023-02-15 22:49:44 - [MESSAGE][INFO] - Action delay is set to 0 milliseconds

2023-02-15 22:49:46 - [MESSAGE][PASSED] - Browser is opened with url: 'https://dev-algorithm.govolution.com/vlinktest/QA/version_2_0/auth.html'

2023-02-15 22:49:46 - [TEST_STEP][PASSED] - maximizeWindow(): Current window maximized

2023-02-15 22:49:46 - [MESSAGE][PASSED] - Current window maximized

2023-02-15 22:49:46 - [TEST_STEP][PASSED] - maximizeWindow(): Current window maximized

2023-02-15 22:49:46 - [MESSAGE][PASSED] - Current window maximized

2023-02-15 22:49:46 - [TEST_STEP][PASSED] - setText(findTestObject("Object Repository/RecAndPlayBk/Page-Vlink-AuthOnly/txt_TransactionType"), tranType): Text '104' is set on object 'Object Repository/RecAndPlayBk/Page-Vlink-AuthOnly/txt_TransactionType'

2023-02-15 22:49:47 - [MESSAGE][PASSED] - Text '104' is set on object 'Object Repository/RecAndPlayBk/Page-Vlink-AuthOnly/txt_TransactionType'

2023-02-15 22:49:47 - [TEST_STEP][PASSED] - setText(findTestObject("Object Repository/RecAndPlayBk/Page-Vlink-AuthOnly/txt_MessageVersion"), mv): Text '2.0C' is set on object 'Object Repository/RecAndPlayBk/Page-Vlink-AuthOnly/txt_MessageVersion'

2023-02-15 22:49:48 - [MESSAGE][PASSED] - Text '2.0C' is set on object 'Object Repository/RecAndPlayBk/Page-Vlink-AuthOnly/txt_MessageVersion'

2023-02-15 22:49:48 - [TEST_STEP][PASSED] - genRemID = RandomStringUtils.random(12, true, true): null

2023-02-15 22:49:48 - [TEST_STEP][PASSED] - setText(findTestObject("Object Repository/RecAndPlayBk/Page-Vlink-AuthOnly/input_Remittance Id_remittance_id"), genRemID): Text 'sOrLFrwQDdTI' is set on object 'Object Repository/RecAndPlayBk/Page-Vlink-AuthOnly/input_Remittance Id_remittance_id'

2023-02-15 22:49:48 - [MESSAGE][PASSED] - Text 'sOrLFrwQDdTI' is set on object 'Object Repository/RecAndPlayBk/Page-Vlink-AuthOnly/input_Remittance Id_remittance_id'

2023-02-15 22:49:48 - [TEST_STEP][PASSED] - setText(findTestObject("Object Repository/RecAndPlayBk/Page-Vlink-AuthOnly/input_Application Id_application_id"), appID): Text '234' is set on object 'Object Repository/RecAndPlayBk/Page-Vlink-AuthOnly/input_Application Id_application_id'

2023-02-15 22:49:49 - [MESSAGE][PASSED] - Text '234' is set on object 'Object Repository/RecAndPlayBk/Page-Vlink-AuthOnly/input_Application Id_application_id'

2023-02-15 22:49:49 - [TEST_STEP][PASSED] - setText(findTestObject("Object Repository/RecAndPlayBk/Page-Vlink-AuthOnly/input_Username_username"), username): Text 'username' is set on object 'Object Repository/RecAndPlayBk/Page-Vlink-AuthOnly/input_Username_username'

2023-02-15 22:49:50 - [MESSAGE][PASSED] - Text 'username' is set on object 'Object Repository/RecAndPlayBk/Page-Vlink-AuthOnly/input_Username_username'

2023-02-15 22:49:50 - [TEST_STEP][PASSED] - setText(findTestObject("Object Repository/RecAndPlayBk/Page-Vlink-AuthOnly/input_Password_password"), password): Text 'password' is set on object 'Object Repository/RecAndPlayBk/Page-Vlink-AuthOnly/input_Password_password'

2023-02-15 22:49:50 - [MESSAGE][PASSED] - Text 'password' is set on object 'Object Repository/RecAndPlayBk/Page-Vlink-AuthOnly/input_Password_password'

2023-02-15 22:49:50 - [TEST_STEP][PASSED] - setText(findTestObject("Object Repository/RecAndPlayBk/Page-Vlink-AuthOnly/txt_ResponseFormat"), resFormat): Text 'fixed_width' is set on object 'Object Repository/RecAndPlayBk/Page-Vlink-AuthOnly/txt_ResponseFormat'

2023-02-15 22:49:51 - [MESSAGE][PASSED] - Text 'fixed_width' is set on object 'Object Repository/RecAndPlayBk/Page-Vlink-AuthOnly/txt_ResponseFormat'

2023-02-15 22:49:51 - [TEST_STEP][PASSED] - setText(findTestObject("Object Repository/RecAndPlayBk/Page-Vlink-AuthOnly/input_Category_category"), category): Text 'RETL' is set on object 'Object Repository/RecAndPlayBk/Page-Vlink-AuthOnly/input_Category_category'

2023-02-15 22:49:51 - [MESSAGE][PASSED] - Text 'RETL' is set on object 'Object Repository/RecAndPlayBk/Page-Vlink-AuthOnly/input_Category_category'

2023-02-15 22:49:51 - [TEST_STEP][PASSED] - setText(findTestObject("Object Repository/RecAndPlayBk/Page-Vlink-AuthOnly/txt_CardName"), cardName): Text 'Kris Roshan' is set on object 'Object Repository/RecAndPlayBk/Page-Vlink-AuthOnly/txt_CardName'

2023-02-15 22:49:52 - [MESSAGE][PASSED] - Text 'Kris Roshan' is set on object 'Object Repository/RecAndPlayBk/Page-Vlink-AuthOnly/txt_CardName'

2023-02-15 22:49:52 - [TEST_STEP][PASSED] - setText(findTestObject("Object Repository/RecAndPlayBk/Page-Vlink-AuthOnly/txt_AL1"), al1): Text '258 Elm Road' is set on object 'Object Repository/RecAndPlayBk/Page-Vlink-AuthOnly/txt_AL1'

2023-02-15 22:49:53 - [MESSAGE][PASSED] - Text '258 Elm Road' is set on object 'Object Repository/RecAndPlayBk/Page-Vlink-AuthOnly/txt_AL1'

2023-02-15 22:49:53 - [TEST_STEP][PASSED] - setText(findTestObject("Object Repository/RecAndPlayBk/Page-Vlink-AuthOnly/txt_CardCity"), city): Text 'Arlington' is set on object 'Object Repository/RecAndPlayBk/Page-Vlink-AuthOnly/txt_CardCity'

2023-02-15 22:49:53 - [MESSAGE][PASSED] - Text 'Arlington' is set on object 'Object Repository/RecAndPlayBk/Page-Vlink-AuthOnly/txt_CardCity'

2023-02-15 22:49:53 - [TEST_STEP][PASSED] - setText(findTestObject("Object Repository/RecAndPlayBk/Page-Vlink-AuthOnly/txt_CardState"), state): Text 'VA' is set on object 'Object Repository/RecAndPlayBk/Page-Vlink-AuthOnly/txt_CardState'

2023-02-15 22:49:54 - [MESSAGE][PASSED] - Text 'VA' is set on object 'Object Repository/RecAndPlayBk/Page-Vlink-AuthOnly/txt_CardState'

2023-02-15 22:49:54 - [TEST_STEP][PASSED] - setText(findTestObject("Object Repository/RecAndPlayBk/Page-Vlink-AuthOnly/txt_CardZIP"), zip): Text '22201' is set on object 'Object Repository/RecAndPlayBk/Page-Vlink-AuthOnly/txt_CardZIP'

2023-02-15 22:49:55 - [MESSAGE][PASSED] - Text '22201' is set on object 'Object Repository/RecAndPlayBk/Page-Vlink-AuthOnly/txt_CardZIP'

2023-02-15 22:49:55 - [TEST_STEP][PASSED] - setText(findTestObject("Object Repository/RecAndPlayBk/Page-Vlink-AuthOnly/input_Amount_amount"), amount): Text '1.50' is set on object 'Object Repository/RecAndPlayBk/Page-Vlink-AuthOnly/input_Amount_amount'

2023-02-15 22:49:55 - [MESSAGE][PASSED] - Text '1.50' is set on object 'Object Repository/RecAndPlayBk/Page-Vlink-AuthOnly/input_Amount_amount'

2023-02-15 22:49:55 - [TEST_STEP][PASSED] - setText(findTestObject("Object Repository/RecAndPlayBk/Page-Vlink-AuthOnly/input_Card number_card_number"), cardNumber): Text '4111111111111111' is set on object 'Object Repository/RecAndPlayBk/Page-Vlink-AuthOnly/input_Card number_card_number'

2023-02-15 22:49:56 - [MESSAGE][PASSED] - Text '4111111111111111' is set on object 'Object Repository/RecAndPlayBk/Page-Vlink-AuthOnly/input_Card number_card_number'

2023-02-15 22:49:56 - [TEST_STEP][PASSED] - setText(findTestObject("Object Repository/RecAndPlayBk/Page-Vlink-AuthOnly/input_Card ex month_card_exmo"), exM): Text '12' is set on object 'Object Repository/RecAndPlayBk/Page-Vlink-AuthOnly/input_Card ex month_card_exmo'

2023-02-15 22:49:57 - [MESSAGE][PASSED] - Text '12' is set on object 'Object Repository/RecAndPlayBk/Page-Vlink-AuthOnly/input_Card ex month_card_exmo'

2023-02-15 22:49:57 - [TEST_STEP][PASSED] - setText(findTestObject("Object Repository/RecAndPlayBk/Page-Vlink-AuthOnly/input_Card ex year_card_exyr"), exY): Text '' is set on object 'Object Repository/RecAndPlayBk/Page-Vlink-AuthOnly/input_Card ex year_card_exyr'

2023-02-15 22:49:57 - [MESSAGE][PASSED] - Text '' is set on object 'Object Repository/RecAndPlayBk/Page-Vlink-AuthOnly/input_Card ex year_card_exyr'

2023-02-15 22:49:57 - [TEST_STEP][PASSED] - setText(findTestObject("Object Repository/RecAndPlayBk/Page-Vlink-AuthOnly/input_Track Data_track_data"), ""): Text '' is set on object 'Object Repository/RecAndPlayBk/Page-Vlink-AuthOnly/input_Track Data_track_data'

2023-02-15 22:49:58 - [MESSAGE][PASSED] - Text '' is set on object 'Object Repository/RecAndPlayBk/Page-Vlink-AuthOnly/input_Track Data_track_data'

2023-02-15 22:49:58 - [TEST_STEP][PASSED] - setText(findTestObject("Object Repository/RecAndPlayBk/Page-Vlink-AuthOnly/input_concat(Cardholder, , s email)_email"), ""): Text '' is set on object 'Object Repository/RecAndPlayBk/Page-Vlink-AuthOnly/input_concat(Cardholder, , s email)_email'

2023-02-15 22:49:59 - [MESSAGE][PASSED] - Text '' is set on object 'Object Repository/RecAndPlayBk/Page-Vlink-AuthOnly/input_concat(Cardholder, , s email)_email'

2023-02-15 22:49:59 - [TEST_STEP][PASSED] - click(findTestObject("Object Repository/RecAndPlayBk/Page-Vlink-AuthOnly/input_user_defined10_user_defined10")): Object: 'Object Repository/RecAndPlayBk/Page-Vlink-AuthOnly/input_user_defined10_user_defined10' is clicked on

2023-02-15 22:49:59 - [MESSAGE][PASSED] - Object: 'Object Repository/RecAndPlayBk/Page-Vlink-AuthOnly/input_user_defined10_user_defined10' is clicked on

2023-02-15 22:49:59 - [TEST_STEP][PASSED] - setText(findTestObject("Object Repository/RecAndPlayBk/Page-Vlink-AuthOnly/input_Card on File Indicator_card_on_file_i_157dae"), ""): Text '' is set on object 'Object Repository/RecAndPlayBk/Page-Vlink-AuthOnly/input_Card on File Indicator_card_on_file_i_157dae'

2023-02-15 22:50:00 - [MESSAGE][PASSED] - Text '' is set on object 'Object Repository/RecAndPlayBk/Page-Vlink-AuthOnly/input_Card on File Indicator_card_on_file_i_157dae'

2023-02-15 22:50:00 - [TEST_STEP][PASSED] - setText(findTestObject("Object Repository/RecAndPlayBk/Page-Vlink-AuthOnly/input_Stored Credential Indicator_stored_cr_4ae73c"), ""): Text '' is set on object 'Object Repository/RecAndPlayBk/Page-Vlink-AuthOnly/input_Stored Credential Indicator_stored_cr_4ae73c'

2023-02-15 22:50:00 - [MESSAGE][PASSED] - Text '' is set on object 'Object Repository/RecAndPlayBk/Page-Vlink-AuthOnly/input_Stored Credential Indicator_stored_cr_4ae73c'

2023-02-15 22:50:00 - [TEST_STEP][PASSED] - setText(findTestObject("Object Repository/RecAndPlayBk/Page-Vlink-AuthOnly/input_COF Scheduled indicator_cof_scheduled_8df7d8"), ""): Text '' is set on object 'Object Repository/RecAndPlayBk/Page-Vlink-AuthOnly/input_COF Scheduled indicator_cof_scheduled_8df7d8'

2023-02-15 22:50:01 - [MESSAGE][PASSED] - Text '' is set on object 'Object Repository/RecAndPlayBk/Page-Vlink-AuthOnly/input_COF Scheduled indicator_cof_scheduled_8df7d8'

2023-02-15 22:50:01 - [TEST_STEP][PASSED] - setText(findTestObject("Object Repository/RecAndPlayBk/Page-Vlink-AuthOnly/input_COF Transaction Initiated by_cof_tran_6cded5"), ""): Text '' is set on object 'Object Repository/RecAndPlayBk/Page-Vlink-AuthOnly/input_COF Transaction Initiated by_cof_tran_6cded5'

2023-02-15 22:50:02 - [MESSAGE][PASSED] - Text '' is set on object 'Object Repository/RecAndPlayBk/Page-Vlink-AuthOnly/input_COF Transaction Initiated by_cof_tran_6cded5'

2023-02-15 22:50:02 - [TEST_STEP][PASSED] - click(findTestObject("Object Repository/RecAndPlayBk/Page-Vlink-AuthOnly/input")): Object: 'Object Repository/RecAndPlayBk/Page-Vlink-AuthOnly/input' is clicked on

2023-02-15 22:50:02 - [MESSAGE][PASSED] - Object: 'Object Repository/RecAndPlayBk/Page-Vlink-AuthOnly/input' is clicked on

2023-02-15 22:50:02 - [TEST_STEP][PASSED] - if (verifyTextPresent(errorMsg, true)): null

2023-02-15 22:50:03 - [MESSAGE][PASSED] - Text 'card_exyr' is present on page  using regular expression

2023-02-15 22:50:03 - [TEST_STEP][PASSED] - println("Error Message is present on the Confirmation page"): null

2023-02-15 22:50:03 - [TEST_STEP][PASSED] - out.println("Pass Record Number: " + row): null

2023-02-15 22:50:03 - [TEST_STEP][PASSED] - resText = "Pass": null

2023-02-15 22:50:03 - [TEST_STEP][PASSED] - pages.WriteExcel.demoKey(resText, datText, resColumn, datCloumn, fileLoc, nameSheet, row): pages.WriteExcel.demoKey is PASSED

2023-02-15 22:50:03 - [MESSAGE][PASSED] - pages.WriteExcel.demoKey is PASSED

2023-02-15 22:50:03 - [TEST_STEP][PASSED] - ExecuteTC = findTestData(dataFile).getValue("Execute", row): null

2023-02-15 22:50:03 - [TEST_STEP][PASSED] - out.println("Value of Execute is : " + ExecuteTC): null

2023-02-15 22:50:03 - [TEST_STEP][PASSED] - if (ExecuteTC.equalsIgnoreCase("Y")): null]]></system-out>
         <system-err><![CDATA[]]></system-err>
      </testcase>
      <testcase name="Test Cases/RecAndPlayBk/VLink/Cap-MRF" time="85.079" classname="Test Cases/RecAndPlayBk/VLink/Cap-MRF" status="PASSED">
         <system-out><![CDATA[2023-02-15 22:50:03 - [TEST_CASE][PASSED] - Test Cases/RecAndPlayBk/VLink/Cap-MRF: Test Cases/RecAndPlayBk/VLink/Cap-MRF

2023-02-15 22:50:03 - [TEST_STEP][PASSED] - executionProfile = getExecutionProfile(): null

2023-02-15 22:50:03 - [TEST_STEP][PASSED] - out.println("executionProfile : " + executionProfile): null

2023-02-15 22:50:03 - [TEST_STEP][PASSED] - resText = "Fail": null

2023-02-15 22:50:03 - [TEST_STEP][PASSED] - resColumn = "Result": null

2023-02-15 22:50:03 - [TEST_STEP][PASSED] - datCloumn = "Date": null

2023-02-15 22:50:03 - [TEST_STEP][PASSED] - fileLoc = "KatalonData/VLinkSmokeData.xlsx": null

2023-02-15 22:50:03 - [TEST_STEP][PASSED] - numOfRows = <not implemented yet for class: org.codehaus.groovy.ast.expr.EmptyExpression>: null

2023-02-15 22:50:03 - [TEST_STEP][PASSED] - dataFile = <not implemented yet for class: org.codehaus.groovy.ast.expr.EmptyExpression>: null

2023-02-15 22:50:03 - [TEST_STEP][PASSED] - nameSheet = <not implemented yet for class: org.codehaus.groovy.ast.expr.EmptyExpression>: null

2023-02-15 22:50:03 - [TEST_STEP][PASSED] - nameSheet = "Cap-MRF": null

2023-02-15 22:50:03 - [TEST_STEP][PASSED] - numOfRows = findTestData("QA/VLinkTestData/VLinkCapMRFData").getRowNumbers(): null

2023-02-15 22:50:04 - [TEST_STEP][PASSED] - println("Number of Records: " + numOfRows): null

2023-02-15 22:50:04 - [TEST_STEP][PASSED] - dataFile = "QA/VLinkTestData/VLinkCapMRFData": null

2023-02-15 22:50:04 - [TEST_STEP][PASSED] - for ([row = 1, row <= numOfRows, (row++)]): null

2023-02-15 22:50:04 - [TEST_STEP][PASSED] - ExecuteTC = findTestData(dataFile).getValue("Execute", row): null

2023-02-15 22:50:04 - [TEST_STEP][PASSED] - out.println("Value of Execute is : " + ExecuteTC): null

2023-02-15 22:50:04 - [TEST_STEP][PASSED] - if (ExecuteTC.equalsIgnoreCase("Y")): null

2023-02-15 22:50:04 - [TEST_STEP][PASSED] - out.println("Begin Record Number: " + row): null

2023-02-15 22:50:04 - [TEST_STEP][PASSED] - today = new java.util.Date(): null

2023-02-15 22:50:04 - [TEST_STEP][PASSED] - println(today): null

2023-02-15 22:50:04 - [TEST_STEP][PASSED] - datText = today: null

2023-02-15 22:50:04 - [TEST_STEP][PASSED] - errorMsg = findTestData(dataFile).getValue("ErrorMsg", row): null

2023-02-15 22:50:04 - [TEST_STEP][PASSED] - appID = findTestData(dataFile).getValue("AppID", row): null

2023-02-15 22:50:04 - [TEST_STEP][PASSED] - username = findTestData(dataFile).getValue("Username", row): null

2023-02-15 22:50:04 - [TEST_STEP][PASSED] - password = findTestData(dataFile).getValue("Password", row): null

2023-02-15 22:50:04 - [TEST_STEP][PASSED] - tranType = findTestData(dataFile).getValue("TranType", row): null

2023-02-15 22:50:04 - [TEST_STEP][PASSED] - mv = findTestData(dataFile).getValue("MV", row): null

2023-02-15 22:50:04 - [TEST_STEP][PASSED] - resFormat = findTestData(dataFile).getValue("ResFormat", row): null

2023-02-15 22:50:04 - [TEST_STEP][PASSED] - tranxID = findTestData(dataFile).getValue("TranxID", row): null

2023-02-15 22:50:04 - [TEST_STEP][PASSED] - amount = findTestData(dataFile).getValue("Amount", row): null

2023-02-15 22:50:04 - [TEST_STEP][PASSED] - openBrowser(VLinkURL + "capture.html"): Browser is opened with url: 'https://dev-algorithm.govolution.com/vlinktest/QA/version_2_0/capture.html'

2023-02-15 22:50:04 - [MESSAGE][WARNING] - A browser is already opened. Closing browser and opening a new one

2023-02-15 22:50:05 - [MESSAGE][INFO] - Starting 'Chrome' driver

2023-02-15 22:50:05 - [MESSAGE][INFO] - User set preference: ['acceptInsecureCerts', 'true']

2023-02-15 22:50:05 - [MESSAGE][INFO] - Action delay is set to 0 milliseconds

2023-02-15 22:50:07 - [MESSAGE][PASSED] - Browser is opened with url: 'https://dev-algorithm.govolution.com/vlinktest/QA/version_2_0/capture.html'

2023-02-15 22:50:07 - [TEST_STEP][PASSED] - maximizeWindow(): Current window maximized

2023-02-15 22:50:07 - [MESSAGE][PASSED] - Current window maximized

2023-02-15 22:50:07 - [TEST_STEP][PASSED] - maximizeWindow(): Current window maximized

2023-02-15 22:50:07 - [MESSAGE][PASSED] - Current window maximized

2023-02-15 22:50:07 - [TEST_STEP][PASSED] - setText(findTestObject("Object Repository/RecAndPlayBk/Page-Vlink-AuthOnly/txt_TransactionType"), tranType): Text '' is set on object 'Object Repository/RecAndPlayBk/Page-Vlink-AuthOnly/txt_TransactionType'

2023-02-15 22:50:08 - [MESSAGE][PASSED] - Text '' is set on object 'Object Repository/RecAndPlayBk/Page-Vlink-AuthOnly/txt_TransactionType'

2023-02-15 22:50:08 - [TEST_STEP][PASSED] - setText(findTestObject("Object Repository/RecAndPlayBk/Page-Vlink-AuthOnly/txt_MessageVersion"), mv): Text '2.0C' is set on object 'Object Repository/RecAndPlayBk/Page-Vlink-AuthOnly/txt_MessageVersion'

2023-02-15 22:50:09 - [MESSAGE][PASSED] - Text '2.0C' is set on object 'Object Repository/RecAndPlayBk/Page-Vlink-AuthOnly/txt_MessageVersion'

2023-02-15 22:50:09 - [TEST_STEP][PASSED] - genRemID = RandomStringUtils.random(12, true, true): null

2023-02-15 22:50:09 - [TEST_STEP][PASSED] - setText(findTestObject("Object Repository/RecAndPlayBk/Page-VLink-Capture/input_Remittance Id_remittance_id"), genRemID): Text 'Lo2nCa9LfwY8' is set on object 'Object Repository/RecAndPlayBk/Page-VLink-Capture/input_Remittance Id_remittance_id'

2023-02-15 22:50:09 - [MESSAGE][PASSED] - Text 'Lo2nCa9LfwY8' is set on object 'Object Repository/RecAndPlayBk/Page-VLink-Capture/input_Remittance Id_remittance_id'

2023-02-15 22:50:09 - [TEST_STEP][PASSED] - setText(findTestObject("Object Repository/RecAndPlayBk/Page-VLink-Capture/input_Application Id_application_id"), appID): Text '234' is set on object 'Object Repository/RecAndPlayBk/Page-VLink-Capture/input_Application Id_application_id'

2023-02-15 22:50:10 - [MESSAGE][PASSED] - Text '234' is set on object 'Object Repository/RecAndPlayBk/Page-VLink-Capture/input_Application Id_application_id'

2023-02-15 22:50:10 - [TEST_STEP][PASSED] - setText(findTestObject("Object Repository/RecAndPlayBk/Page-VLink-Capture/input_Username_username"), username): Text 'username' is set on object 'Object Repository/RecAndPlayBk/Page-VLink-Capture/input_Username_username'

2023-02-15 22:50:11 - [MESSAGE][PASSED] - Text 'username' is set on object 'Object Repository/RecAndPlayBk/Page-VLink-Capture/input_Username_username'

2023-02-15 22:50:11 - [TEST_STEP][PASSED] - setText(findTestObject("Object Repository/RecAndPlayBk/Page-VLink-Capture/input_Password_password"), password): Text 'password' is set on object 'Object Repository/RecAndPlayBk/Page-VLink-Capture/input_Password_password'

2023-02-15 22:50:11 - [MESSAGE][PASSED] - Text 'password' is set on object 'Object Repository/RecAndPlayBk/Page-VLink-Capture/input_Password_password'

2023-02-15 22:50:11 - [TEST_STEP][PASSED] - setText(findTestObject("Object Repository/RecAndPlayBk/Page-VLink-Capture/txt_ResponseFormat"), resFormat): Text 'fixed_width' is set on object 'Object Repository/RecAndPlayBk/Page-VLink-Capture/txt_ResponseFormat'

2023-02-15 22:50:12 - [MESSAGE][PASSED] - Text 'fixed_width' is set on object 'Object Repository/RecAndPlayBk/Page-VLink-Capture/txt_ResponseFormat'

2023-02-15 22:50:12 - [TEST_STEP][PASSED] - setText(findTestObject("Object Repository/RecAndPlayBk/Page-VLink-Capture/input_Transaction ID_transaction_id"), tranxID): Text '123456' is set on object 'Object Repository/RecAndPlayBk/Page-VLink-Capture/input_Transaction ID_transaction_id'

2023-02-15 22:50:12 - [MESSAGE][PASSED] - Text '123456' is set on object 'Object Repository/RecAndPlayBk/Page-VLink-Capture/input_Transaction ID_transaction_id'

2023-02-15 22:50:12 - [TEST_STEP][PASSED] - setText(findTestObject("Object Repository/RecAndPlayBk/Page-VLink-Capture/input_Amount_amount"), amount): Text '1.50' is set on object 'Object Repository/RecAndPlayBk/Page-VLink-Capture/input_Amount_amount'

2023-02-15 22:50:13 - [MESSAGE][PASSED] - Text '1.50' is set on object 'Object Repository/RecAndPlayBk/Page-VLink-Capture/input_Amount_amount'

2023-02-15 22:50:13 - [TEST_STEP][PASSED] - click(findTestObject("Object Repository/RecAndPlayBk/Page-VLink-Capture/input")): Object: 'Object Repository/RecAndPlayBk/Page-VLink-Capture/input' is clicked on

2023-02-15 22:50:14 - [MESSAGE][PASSED] - Object: 'Object Repository/RecAndPlayBk/Page-VLink-Capture/input' is clicked on

2023-02-15 22:50:14 - [TEST_STEP][PASSED] - if (verifyTextPresent(errorMsg, true)): null

2023-02-15 22:50:14 - [MESSAGE][PASSED] - Text 'Missing parameter: transaction_type' is present on page  using regular expression

2023-02-15 22:50:14 - [TEST_STEP][PASSED] - println("Error Message is present on the Confirmation page"): null

2023-02-15 22:50:14 - [TEST_STEP][PASSED] - out.println("Pass Record Number: " + row): null

2023-02-15 22:50:14 - [TEST_STEP][PASSED] - resText = "Pass": null

2023-02-15 22:50:14 - [TEST_STEP][PASSED] - pages.WriteExcel.demoKey(resText, datText, resColumn, datCloumn, fileLoc, nameSheet, row): pages.WriteExcel.demoKey is PASSED

2023-02-15 22:50:14 - [MESSAGE][PASSED] - pages.WriteExcel.demoKey is PASSED

2023-02-15 22:50:14 - [TEST_STEP][PASSED] - ExecuteTC = findTestData(dataFile).getValue("Execute", row): null

2023-02-15 22:50:14 - [TEST_STEP][PASSED] - out.println("Value of Execute is : " + ExecuteTC): null

2023-02-15 22:50:14 - [TEST_STEP][PASSED] - if (ExecuteTC.equalsIgnoreCase("Y")): null

2023-02-15 22:50:14 - [TEST_STEP][PASSED] - out.println("Begin Record Number: " + row): null

2023-02-15 22:50:14 - [TEST_STEP][PASSED] - today = new java.util.Date(): null

2023-02-15 22:50:14 - [TEST_STEP][PASSED] - println(today): null

2023-02-15 22:50:14 - [TEST_STEP][PASSED] - datText = today: null

2023-02-15 22:50:14 - [TEST_STEP][PASSED] - errorMsg = findTestData(dataFile).getValue("ErrorMsg", row): null

2023-02-15 22:50:14 - [TEST_STEP][PASSED] - appID = findTestData(dataFile).getValue("AppID", row): null

2023-02-15 22:50:14 - [TEST_STEP][PASSED] - username = findTestData(dataFile).getValue("Username", row): null

2023-02-15 22:50:14 - [TEST_STEP][PASSED] - password = findTestData(dataFile).getValue("Password", row): null

2023-02-15 22:50:15 - [TEST_STEP][PASSED] - tranType = findTestData(dataFile).getValue("TranType", row): null

2023-02-15 22:50:15 - [TEST_STEP][PASSED] - mv = findTestData(dataFile).getValue("MV", row): null

2023-02-15 22:50:15 - [TEST_STEP][PASSED] - resFormat = findTestData(dataFile).getValue("ResFormat", row): null

2023-02-15 22:50:15 - [TEST_STEP][PASSED] - tranxID = findTestData(dataFile).getValue("TranxID", row): null

2023-02-15 22:50:15 - [TEST_STEP][PASSED] - amount = findTestData(dataFile).getValue("Amount", row): null

2023-02-15 22:50:15 - [TEST_STEP][PASSED] - openBrowser(VLinkURL + "capture.html"): Browser is opened with url: 'https://dev-algorithm.govolution.com/vlinktest/QA/version_2_0/capture.html'

2023-02-15 22:50:15 - [MESSAGE][WARNING] - A browser is already opened. Closing browser and opening a new one

2023-02-15 22:50:16 - [MESSAGE][INFO] - Starting 'Chrome' driver

2023-02-15 22:50:16 - [MESSAGE][INFO] - User set preference: ['acceptInsecureCerts', 'true']

2023-02-15 22:50:16 - [MESSAGE][INFO] - Action delay is set to 0 milliseconds

2023-02-15 22:50:18 - [MESSAGE][PASSED] - Browser is opened with url: 'https://dev-algorithm.govolution.com/vlinktest/QA/version_2_0/capture.html'

2023-02-15 22:50:18 - [TEST_STEP][PASSED] - maximizeWindow(): Current window maximized

2023-02-15 22:50:18 - [MESSAGE][PASSED] - Current window maximized

2023-02-15 22:50:18 - [TEST_STEP][PASSED] - maximizeWindow(): Current window maximized

2023-02-15 22:50:18 - [MESSAGE][PASSED] - Current window maximized

2023-02-15 22:50:18 - [TEST_STEP][PASSED] - setText(findTestObject("Object Repository/RecAndPlayBk/Page-Vlink-AuthOnly/txt_TransactionType"), tranType): Text '102' is set on object 'Object Repository/RecAndPlayBk/Page-Vlink-AuthOnly/txt_TransactionType'

2023-02-15 22:50:18 - [MESSAGE][PASSED] - Text '102' is set on object 'Object Repository/RecAndPlayBk/Page-Vlink-AuthOnly/txt_TransactionType'

2023-02-15 22:50:18 - [TEST_STEP][PASSED] - setText(findTestObject("Object Repository/RecAndPlayBk/Page-Vlink-AuthOnly/txt_MessageVersion"), mv): Text '' is set on object 'Object Repository/RecAndPlayBk/Page-Vlink-AuthOnly/txt_MessageVersion'

2023-02-15 22:50:19 - [MESSAGE][PASSED] - Text '' is set on object 'Object Repository/RecAndPlayBk/Page-Vlink-AuthOnly/txt_MessageVersion'

2023-02-15 22:50:19 - [TEST_STEP][PASSED] - genRemID = RandomStringUtils.random(12, true, true): null

2023-02-15 22:50:19 - [TEST_STEP][PASSED] - setText(findTestObject("Object Repository/RecAndPlayBk/Page-VLink-Capture/input_Remittance Id_remittance_id"), genRemID): Text 'lPbgQVbXxp2o' is set on object 'Object Repository/RecAndPlayBk/Page-VLink-Capture/input_Remittance Id_remittance_id'

2023-02-15 22:50:20 - [MESSAGE][PASSED] - Text 'lPbgQVbXxp2o' is set on object 'Object Repository/RecAndPlayBk/Page-VLink-Capture/input_Remittance Id_remittance_id'

2023-02-15 22:50:20 - [TEST_STEP][PASSED] - setText(findTestObject("Object Repository/RecAndPlayBk/Page-VLink-Capture/input_Application Id_application_id"), appID): Text '234' is set on object 'Object Repository/RecAndPlayBk/Page-VLink-Capture/input_Application Id_application_id'

2023-02-15 22:50:20 - [MESSAGE][PASSED] - Text '234' is set on object 'Object Repository/RecAndPlayBk/Page-VLink-Capture/input_Application Id_application_id'

2023-02-15 22:50:20 - [TEST_STEP][PASSED] - setText(findTestObject("Object Repository/RecAndPlayBk/Page-VLink-Capture/input_Username_username"), username): Text 'username' is set on object 'Object Repository/RecAndPlayBk/Page-VLink-Capture/input_Username_username'

2023-02-15 22:50:21 - [MESSAGE][PASSED] - Text 'username' is set on object 'Object Repository/RecAndPlayBk/Page-VLink-Capture/input_Username_username'

2023-02-15 22:50:21 - [TEST_STEP][PASSED] - setText(findTestObject("Object Repository/RecAndPlayBk/Page-VLink-Capture/input_Password_password"), password): Text 'password' is set on object 'Object Repository/RecAndPlayBk/Page-VLink-Capture/input_Password_password'

2023-02-15 22:50:22 - [MESSAGE][PASSED] - Text 'password' is set on object 'Object Repository/RecAndPlayBk/Page-VLink-Capture/input_Password_password'

2023-02-15 22:50:22 - [TEST_STEP][PASSED] - setText(findTestObject("Object Repository/RecAndPlayBk/Page-VLink-Capture/txt_ResponseFormat"), resFormat): Text 'fixed_width' is set on object 'Object Repository/RecAndPlayBk/Page-VLink-Capture/txt_ResponseFormat'

2023-02-15 22:50:22 - [MESSAGE][PASSED] - Text 'fixed_width' is set on object 'Object Repository/RecAndPlayBk/Page-VLink-Capture/txt_ResponseFormat'

2023-02-15 22:50:22 - [TEST_STEP][PASSED] - setText(findTestObject("Object Repository/RecAndPlayBk/Page-VLink-Capture/input_Transaction ID_transaction_id"), tranxID): Text '123456' is set on object 'Object Repository/RecAndPlayBk/Page-VLink-Capture/input_Transaction ID_transaction_id'

2023-02-15 22:50:23 - [MESSAGE][PASSED] - Text '123456' is set on object 'Object Repository/RecAndPlayBk/Page-VLink-Capture/input_Transaction ID_transaction_id'

2023-02-15 22:50:23 - [TEST_STEP][PASSED] - setText(findTestObject("Object Repository/RecAndPlayBk/Page-VLink-Capture/input_Amount_amount"), amount): Text '1.50' is set on object 'Object Repository/RecAndPlayBk/Page-VLink-Capture/input_Amount_amount'

2023-02-15 22:50:23 - [MESSAGE][PASSED] - Text '1.50' is set on object 'Object Repository/RecAndPlayBk/Page-VLink-Capture/input_Amount_amount'

2023-02-15 22:50:23 - [TEST_STEP][PASSED] - click(findTestObject("Object Repository/RecAndPlayBk/Page-VLink-Capture/input")): Object: 'Object Repository/RecAndPlayBk/Page-VLink-Capture/input' is clicked on

2023-02-15 22:50:24 - [MESSAGE][PASSED] - Object: 'Object Repository/RecAndPlayBk/Page-VLink-Capture/input' is clicked on

2023-02-15 22:50:24 - [TEST_STEP][PASSED] - if (verifyTextPresent(errorMsg, true)): null

2023-02-15 22:50:24 - [MESSAGE][PASSED] - Text 'Missing parameter: message_version' is present on page  using regular expression

2023-02-15 22:50:24 - [TEST_STEP][PASSED] - println("Error Message is present on the Confirmation page"): null

2023-02-15 22:50:24 - [TEST_STEP][PASSED] - out.println("Pass Record Number: " + row): null

2023-02-15 22:50:24 - [TEST_STEP][PASSED] - resText = "Pass": null

2023-02-15 22:50:24 - [TEST_STEP][PASSED] - pages.WriteExcel.demoKey(resText, datText, resColumn, datCloumn, fileLoc, nameSheet, row): pages.WriteExcel.demoKey is PASSED

2023-02-15 22:50:24 - [MESSAGE][PASSED] - pages.WriteExcel.demoKey is PASSED

2023-02-15 22:50:24 - [TEST_STEP][PASSED] - ExecuteTC = findTestData(dataFile).getValue("Execute", row): null

2023-02-15 22:50:25 - [TEST_STEP][PASSED] - out.println("Value of Execute is : " + ExecuteTC): null

2023-02-15 22:50:25 - [TEST_STEP][PASSED] - if (ExecuteTC.equalsIgnoreCase("Y")): null

2023-02-15 22:50:25 - [TEST_STEP][PASSED] - out.println("Begin Record Number: " + row): null

2023-02-15 22:50:25 - [TEST_STEP][PASSED] - today = new java.util.Date(): null

2023-02-15 22:50:25 - [TEST_STEP][PASSED] - println(today): null

2023-02-15 22:50:25 - [TEST_STEP][PASSED] - datText = today: null

2023-02-15 22:50:25 - [TEST_STEP][PASSED] - errorMsg = findTestData(dataFile).getValue("ErrorMsg", row): null

2023-02-15 22:50:25 - [TEST_STEP][PASSED] - appID = findTestData(dataFile).getValue("AppID", row): null

2023-02-15 22:50:25 - [TEST_STEP][PASSED] - username = findTestData(dataFile).getValue("Username", row): null

2023-02-15 22:50:25 - [TEST_STEP][PASSED] - password = findTestData(dataFile).getValue("Password", row): null

2023-02-15 22:50:25 - [TEST_STEP][PASSED] - tranType = findTestData(dataFile).getValue("TranType", row): null

2023-02-15 22:50:25 - [TEST_STEP][PASSED] - mv = findTestData(dataFile).getValue("MV", row): null

2023-02-15 22:50:25 - [TEST_STEP][PASSED] - resFormat = findTestData(dataFile).getValue("ResFormat", row): null

2023-02-15 22:50:25 - [TEST_STEP][PASSED] - tranxID = findTestData(dataFile).getValue("TranxID", row): null

2023-02-15 22:50:25 - [TEST_STEP][PASSED] - amount = findTestData(dataFile).getValue("Amount", row): null

2023-02-15 22:50:25 - [TEST_STEP][PASSED] - openBrowser(VLinkURL + "capture.html"): Browser is opened with url: 'https://dev-algorithm.govolution.com/vlinktest/QA/version_2_0/capture.html'

2023-02-15 22:50:25 - [MESSAGE][WARNING] - A browser is already opened. Closing browser and opening a new one

2023-02-15 22:50:26 - [MESSAGE][INFO] - Starting 'Chrome' driver

2023-02-15 22:50:26 - [MESSAGE][INFO] - User set preference: ['acceptInsecureCerts', 'true']

2023-02-15 22:50:26 - [MESSAGE][INFO] - Action delay is set to 0 milliseconds

2023-02-15 22:50:28 - [MESSAGE][PASSED] - Browser is opened with url: 'https://dev-algorithm.govolution.com/vlinktest/QA/version_2_0/capture.html'

2023-02-15 22:50:28 - [TEST_STEP][PASSED] - maximizeWindow(): Current window maximized

2023-02-15 22:50:28 - [MESSAGE][PASSED] - Current window maximized

2023-02-15 22:50:28 - [TEST_STEP][PASSED] - maximizeWindow(): Current window maximized

2023-02-15 22:50:28 - [MESSAGE][PASSED] - Current window maximized

2023-02-15 22:50:28 - [TEST_STEP][PASSED] - setText(findTestObject("Object Repository/RecAndPlayBk/Page-Vlink-AuthOnly/txt_TransactionType"), tranType): Text '102' is set on object 'Object Repository/RecAndPlayBk/Page-Vlink-AuthOnly/txt_TransactionType'

2023-02-15 22:50:29 - [MESSAGE][PASSED] - Text '102' is set on object 'Object Repository/RecAndPlayBk/Page-Vlink-AuthOnly/txt_TransactionType'

2023-02-15 22:50:29 - [TEST_STEP][PASSED] - setText(findTestObject("Object Repository/RecAndPlayBk/Page-Vlink-AuthOnly/txt_MessageVersion"), mv): Text '2.0C' is set on object 'Object Repository/RecAndPlayBk/Page-Vlink-AuthOnly/txt_MessageVersion'

2023-02-15 22:50:30 - [MESSAGE][PASSED] - Text '2.0C' is set on object 'Object Repository/RecAndPlayBk/Page-Vlink-AuthOnly/txt_MessageVersion'

2023-02-15 22:50:30 - [TEST_STEP][PASSED] - genRemID = RandomStringUtils.random(12, true, true): null

2023-02-15 22:50:30 - [TEST_STEP][PASSED] - setText(findTestObject("Object Repository/RecAndPlayBk/Page-VLink-Capture/input_Remittance Id_remittance_id"), genRemID): Text '1zPyD0gmhrkC' is set on object 'Object Repository/RecAndPlayBk/Page-VLink-Capture/input_Remittance Id_remittance_id'

2023-02-15 22:50:30 - [MESSAGE][PASSED] - Text '1zPyD0gmhrkC' is set on object 'Object Repository/RecAndPlayBk/Page-VLink-Capture/input_Remittance Id_remittance_id'

2023-02-15 22:50:30 - [TEST_STEP][PASSED] - setText(findTestObject("Object Repository/RecAndPlayBk/Page-VLink-Capture/input_Application Id_application_id"), appID): Text '' is set on object 'Object Repository/RecAndPlayBk/Page-VLink-Capture/input_Application Id_application_id'

2023-02-15 22:50:31 - [MESSAGE][PASSED] - Text '' is set on object 'Object Repository/RecAndPlayBk/Page-VLink-Capture/input_Application Id_application_id'

2023-02-15 22:50:31 - [TEST_STEP][PASSED] - setText(findTestObject("Object Repository/RecAndPlayBk/Page-VLink-Capture/input_Username_username"), username): Text 'username' is set on object 'Object Repository/RecAndPlayBk/Page-VLink-Capture/input_Username_username'

2023-02-15 22:50:31 - [MESSAGE][PASSED] - Text 'username' is set on object 'Object Repository/RecAndPlayBk/Page-VLink-Capture/input_Username_username'

2023-02-15 22:50:31 - [TEST_STEP][PASSED] - setText(findTestObject("Object Repository/RecAndPlayBk/Page-VLink-Capture/input_Password_password"), password): Text 'password' is set on object 'Object Repository/RecAndPlayBk/Page-VLink-Capture/input_Password_password'

2023-02-15 22:50:32 - [MESSAGE][PASSED] - Text 'password' is set on object 'Object Repository/RecAndPlayBk/Page-VLink-Capture/input_Password_password'

2023-02-15 22:50:32 - [TEST_STEP][PASSED] - setText(findTestObject("Object Repository/RecAndPlayBk/Page-VLink-Capture/txt_ResponseFormat"), resFormat): Text 'fixed_width' is set on object 'Object Repository/RecAndPlayBk/Page-VLink-Capture/txt_ResponseFormat'

2023-02-15 22:50:33 - [MESSAGE][PASSED] - Text 'fixed_width' is set on object 'Object Repository/RecAndPlayBk/Page-VLink-Capture/txt_ResponseFormat'

2023-02-15 22:50:33 - [TEST_STEP][PASSED] - setText(findTestObject("Object Repository/RecAndPlayBk/Page-VLink-Capture/input_Transaction ID_transaction_id"), tranxID): Text '123456' is set on object 'Object Repository/RecAndPlayBk/Page-VLink-Capture/input_Transaction ID_transaction_id'

2023-02-15 22:50:33 - [MESSAGE][PASSED] - Text '123456' is set on object 'Object Repository/RecAndPlayBk/Page-VLink-Capture/input_Transaction ID_transaction_id'

2023-02-15 22:50:33 - [TEST_STEP][PASSED] - setText(findTestObject("Object Repository/RecAndPlayBk/Page-VLink-Capture/input_Amount_amount"), amount): Text '1.50' is set on object 'Object Repository/RecAndPlayBk/Page-VLink-Capture/input_Amount_amount'

2023-02-15 22:50:34 - [MESSAGE][PASSED] - Text '1.50' is set on object 'Object Repository/RecAndPlayBk/Page-VLink-Capture/input_Amount_amount'

2023-02-15 22:50:34 - [TEST_STEP][PASSED] - click(findTestObject("Object Repository/RecAndPlayBk/Page-VLink-Capture/input")): Object: 'Object Repository/RecAndPlayBk/Page-VLink-Capture/input' is clicked on

2023-02-15 22:50:35 - [MESSAGE][PASSED] - Object: 'Object Repository/RecAndPlayBk/Page-VLink-Capture/input' is clicked on

2023-02-15 22:50:35 - [TEST_STEP][PASSED] - if (verifyTextPresent(errorMsg, true)): null

2023-02-15 22:50:35 - [MESSAGE][PASSED] - Text 'Missing parameter: application_id' is present on page  using regular expression

2023-02-15 22:50:35 - [TEST_STEP][PASSED] - println("Error Message is present on the Confirmation page"): null

2023-02-15 22:50:35 - [TEST_STEP][PASSED] - out.println("Pass Record Number: " + row): null

2023-02-15 22:50:35 - [TEST_STEP][PASSED] - resText = "Pass": null

2023-02-15 22:50:35 - [TEST_STEP][PASSED] - pages.WriteExcel.demoKey(resText, datText, resColumn, datCloumn, fileLoc, nameSheet, row): pages.WriteExcel.demoKey is PASSED

2023-02-15 22:50:35 - [MESSAGE][PASSED] - pages.WriteExcel.demoKey is PASSED

2023-02-15 22:50:35 - [TEST_STEP][PASSED] - ExecuteTC = findTestData(dataFile).getValue("Execute", row): null

2023-02-15 22:50:35 - [TEST_STEP][PASSED] - out.println("Value of Execute is : " + ExecuteTC): null

2023-02-15 22:50:35 - [TEST_STEP][PASSED] - if (ExecuteTC.equalsIgnoreCase("Y")): null

2023-02-15 22:50:35 - [TEST_STEP][PASSED] - out.println("Begin Record Number: " + row): null

2023-02-15 22:50:35 - [TEST_STEP][PASSED] - today = new java.util.Date(): null

2023-02-15 22:50:35 - [TEST_STEP][PASSED] - println(today): null

2023-02-15 22:50:35 - [TEST_STEP][PASSED] - datText = today: null

2023-02-15 22:50:35 - [TEST_STEP][PASSED] - errorMsg = findTestData(dataFile).getValue("ErrorMsg", row): null

2023-02-15 22:50:35 - [TEST_STEP][PASSED] - appID = findTestData(dataFile).getValue("AppID", row): null

2023-02-15 22:50:35 - [TEST_STEP][PASSED] - username = findTestData(dataFile).getValue("Username", row): null

2023-02-15 22:50:35 - [TEST_STEP][PASSED] - password = findTestData(dataFile).getValue("Password", row): null

2023-02-15 22:50:35 - [TEST_STEP][PASSED] - tranType = findTestData(dataFile).getValue("TranType", row): null

2023-02-15 22:50:35 - [TEST_STEP][PASSED] - mv = findTestData(dataFile).getValue("MV", row): null

2023-02-15 22:50:36 - [TEST_STEP][PASSED] - resFormat = findTestData(dataFile).getValue("ResFormat", row): null

2023-02-15 22:50:36 - [TEST_STEP][PASSED] - tranxID = findTestData(dataFile).getValue("TranxID", row): null

2023-02-15 22:50:36 - [TEST_STEP][PASSED] - amount = findTestData(dataFile).getValue("Amount", row): null

2023-02-15 22:50:36 - [TEST_STEP][PASSED] - openBrowser(VLinkURL + "capture.html"): Browser is opened with url: 'https://dev-algorithm.govolution.com/vlinktest/QA/version_2_0/capture.html'

2023-02-15 22:50:36 - [MESSAGE][WARNING] - A browser is already opened. Closing browser and opening a new one

2023-02-15 22:50:37 - [MESSAGE][INFO] - Starting 'Chrome' driver

2023-02-15 22:50:37 - [MESSAGE][INFO] - User set preference: ['acceptInsecureCerts', 'true']

2023-02-15 22:50:37 - [MESSAGE][INFO] - Action delay is set to 0 milliseconds

2023-02-15 22:50:38 - [MESSAGE][PASSED] - Browser is opened with url: 'https://dev-algorithm.govolution.com/vlinktest/QA/version_2_0/capture.html'

2023-02-15 22:50:38 - [TEST_STEP][PASSED] - maximizeWindow(): Current window maximized

2023-02-15 22:50:39 - [MESSAGE][PASSED] - Current window maximized

2023-02-15 22:50:39 - [TEST_STEP][PASSED] - maximizeWindow(): Current window maximized

2023-02-15 22:50:39 - [MESSAGE][PASSED] - Current window maximized

2023-02-15 22:50:39 - [TEST_STEP][PASSED] - setText(findTestObject("Object Repository/RecAndPlayBk/Page-Vlink-AuthOnly/txt_TransactionType"), tranType): Text '102' is set on object 'Object Repository/RecAndPlayBk/Page-Vlink-AuthOnly/txt_TransactionType'

2023-02-15 22:50:39 - [MESSAGE][PASSED] - Text '102' is set on object 'Object Repository/RecAndPlayBk/Page-Vlink-AuthOnly/txt_TransactionType'

2023-02-15 22:50:39 - [TEST_STEP][PASSED] - setText(findTestObject("Object Repository/RecAndPlayBk/Page-Vlink-AuthOnly/txt_MessageVersion"), mv): Text '2.0C' is set on object 'Object Repository/RecAndPlayBk/Page-Vlink-AuthOnly/txt_MessageVersion'

2023-02-15 22:50:40 - [MESSAGE][PASSED] - Text '2.0C' is set on object 'Object Repository/RecAndPlayBk/Page-Vlink-AuthOnly/txt_MessageVersion'

2023-02-15 22:50:40 - [TEST_STEP][PASSED] - genRemID = RandomStringUtils.random(12, true, true): null

2023-02-15 22:50:40 - [TEST_STEP][PASSED] - setText(findTestObject("Object Repository/RecAndPlayBk/Page-VLink-Capture/input_Remittance Id_remittance_id"), genRemID): Text 'Zi8Hy0WJTrw6' is set on object 'Object Repository/RecAndPlayBk/Page-VLink-Capture/input_Remittance Id_remittance_id'

2023-02-15 22:50:41 - [MESSAGE][PASSED] - Text 'Zi8Hy0WJTrw6' is set on object 'Object Repository/RecAndPlayBk/Page-VLink-Capture/input_Remittance Id_remittance_id'

2023-02-15 22:50:41 - [TEST_STEP][PASSED] - setText(findTestObject("Object Repository/RecAndPlayBk/Page-VLink-Capture/input_Application Id_application_id"), appID): Text '234' is set on object 'Object Repository/RecAndPlayBk/Page-VLink-Capture/input_Application Id_application_id'

2023-02-15 22:50:41 - [MESSAGE][PASSED] - Text '234' is set on object 'Object Repository/RecAndPlayBk/Page-VLink-Capture/input_Application Id_application_id'

2023-02-15 22:50:41 - [TEST_STEP][PASSED] - setText(findTestObject("Object Repository/RecAndPlayBk/Page-VLink-Capture/input_Username_username"), username): Text 'username' is set on object 'Object Repository/RecAndPlayBk/Page-VLink-Capture/input_Username_username'

2023-02-15 22:50:42 - [MESSAGE][PASSED] - Text 'username' is set on object 'Object Repository/RecAndPlayBk/Page-VLink-Capture/input_Username_username'

2023-02-15 22:50:42 - [TEST_STEP][PASSED] - setText(findTestObject("Object Repository/RecAndPlayBk/Page-VLink-Capture/input_Password_password"), password): Text 'password' is set on object 'Object Repository/RecAndPlayBk/Page-VLink-Capture/input_Password_password'

2023-02-15 22:50:43 - [MESSAGE][PASSED] - Text 'password' is set on object 'Object Repository/RecAndPlayBk/Page-VLink-Capture/input_Password_password'

2023-02-15 22:50:43 - [TEST_STEP][PASSED] - setText(findTestObject("Object Repository/RecAndPlayBk/Page-VLink-Capture/txt_ResponseFormat"), resFormat): Text '' is set on object 'Object Repository/RecAndPlayBk/Page-VLink-Capture/txt_ResponseFormat'

2023-02-15 22:50:43 - [MESSAGE][PASSED] - Text '' is set on object 'Object Repository/RecAndPlayBk/Page-VLink-Capture/txt_ResponseFormat'

2023-02-15 22:50:43 - [TEST_STEP][PASSED] - setText(findTestObject("Object Repository/RecAndPlayBk/Page-VLink-Capture/input_Transaction ID_transaction_id"), tranxID): Text '123456' is set on object 'Object Repository/RecAndPlayBk/Page-VLink-Capture/input_Transaction ID_transaction_id'

2023-02-15 22:50:44 - [MESSAGE][PASSED] - Text '123456' is set on object 'Object Repository/RecAndPlayBk/Page-VLink-Capture/input_Transaction ID_transaction_id'

2023-02-15 22:50:44 - [TEST_STEP][PASSED] - setText(findTestObject("Object Repository/RecAndPlayBk/Page-VLink-Capture/input_Amount_amount"), amount): Text '1.50' is set on object 'Object Repository/RecAndPlayBk/Page-VLink-Capture/input_Amount_amount'

2023-02-15 22:50:44 - [MESSAGE][PASSED] - Text '1.50' is set on object 'Object Repository/RecAndPlayBk/Page-VLink-Capture/input_Amount_amount'

2023-02-15 22:50:44 - [TEST_STEP][PASSED] - click(findTestObject("Object Repository/RecAndPlayBk/Page-VLink-Capture/input")): Object: 'Object Repository/RecAndPlayBk/Page-VLink-Capture/input' is clicked on

2023-02-15 22:50:45 - [MESSAGE][PASSED] - Object: 'Object Repository/RecAndPlayBk/Page-VLink-Capture/input' is clicked on

2023-02-15 22:50:45 - [TEST_STEP][PASSED] - if (verifyTextPresent(errorMsg, true)): null

2023-02-15 22:50:45 - [MESSAGE][PASSED] - Text 'response_format' is present on page  using regular expression

2023-02-15 22:50:45 - [TEST_STEP][PASSED] - println("Error Message is present on the Confirmation page"): null

2023-02-15 22:50:45 - [TEST_STEP][PASSED] - out.println("Pass Record Number: " + row): null

2023-02-15 22:50:45 - [TEST_STEP][PASSED] - resText = "Pass": null

2023-02-15 22:50:45 - [TEST_STEP][PASSED] - pages.WriteExcel.demoKey(resText, datText, resColumn, datCloumn, fileLoc, nameSheet, row): pages.WriteExcel.demoKey is PASSED

2023-02-15 22:50:45 - [MESSAGE][PASSED] - pages.WriteExcel.demoKey is PASSED

2023-02-15 22:50:45 - [TEST_STEP][PASSED] - ExecuteTC = findTestData(dataFile).getValue("Execute", row): null

2023-02-15 22:50:46 - [TEST_STEP][PASSED] - out.println("Value of Execute is : " + ExecuteTC): null

2023-02-15 22:50:46 - [TEST_STEP][PASSED] - if (ExecuteTC.equalsIgnoreCase("Y")): null

2023-02-15 22:50:46 - [TEST_STEP][PASSED] - out.println("Begin Record Number: " + row): null

2023-02-15 22:50:46 - [TEST_STEP][PASSED] - today = new java.util.Date(): null

2023-02-15 22:50:46 - [TEST_STEP][PASSED] - println(today): null

2023-02-15 22:50:46 - [TEST_STEP][PASSED] - datText = today: null

2023-02-15 22:50:46 - [TEST_STEP][PASSED] - errorMsg = findTestData(dataFile).getValue("ErrorMsg", row): null

2023-02-15 22:50:46 - [TEST_STEP][PASSED] - appID = findTestData(dataFile).getValue("AppID", row): null

2023-02-15 22:50:46 - [TEST_STEP][PASSED] - username = findTestData(dataFile).getValue("Username", row): null

2023-02-15 22:50:46 - [TEST_STEP][PASSED] - password = findTestData(dataFile).getValue("Password", row): null

2023-02-15 22:50:46 - [TEST_STEP][PASSED] - tranType = findTestData(dataFile).getValue("TranType", row): null

2023-02-15 22:50:46 - [TEST_STEP][PASSED] - mv = findTestData(dataFile).getValue("MV", row): null

2023-02-15 22:50:46 - [TEST_STEP][PASSED] - resFormat = findTestData(dataFile).getValue("ResFormat", row): null

2023-02-15 22:50:46 - [TEST_STEP][PASSED] - tranxID = findTestData(dataFile).getValue("TranxID", row): null

2023-02-15 22:50:46 - [TEST_STEP][PASSED] - amount = findTestData(dataFile).getValue("Amount", row): null

2023-02-15 22:50:46 - [TEST_STEP][PASSED] - openBrowser(VLinkURL + "capture.html"): Browser is opened with url: 'https://dev-algorithm.govolution.com/vlinktest/QA/version_2_0/capture.html'

2023-02-15 22:50:46 - [MESSAGE][WARNING] - A browser is already opened. Closing browser and opening a new one

2023-02-15 22:50:47 - [MESSAGE][INFO] - Starting 'Chrome' driver

2023-02-15 22:50:47 - [MESSAGE][INFO] - User set preference: ['acceptInsecureCerts', 'true']

2023-02-15 22:50:47 - [MESSAGE][INFO] - Action delay is set to 0 milliseconds

2023-02-15 22:50:49 - [MESSAGE][PASSED] - Browser is opened with url: 'https://dev-algorithm.govolution.com/vlinktest/QA/version_2_0/capture.html'

2023-02-15 22:50:49 - [TEST_STEP][PASSED] - maximizeWindow(): Current window maximized

2023-02-15 22:50:49 - [MESSAGE][PASSED] - Current window maximized

2023-02-15 22:50:49 - [TEST_STEP][PASSED] - maximizeWindow(): Current window maximized

2023-02-15 22:50:49 - [MESSAGE][PASSED] - Current window maximized

2023-02-15 22:50:49 - [TEST_STEP][PASSED] - setText(findTestObject("Object Repository/RecAndPlayBk/Page-Vlink-AuthOnly/txt_TransactionType"), tranType): Text '102' is set on object 'Object Repository/RecAndPlayBk/Page-Vlink-AuthOnly/txt_TransactionType'

2023-02-15 22:50:50 - [MESSAGE][PASSED] - Text '102' is set on object 'Object Repository/RecAndPlayBk/Page-Vlink-AuthOnly/txt_TransactionType'

2023-02-15 22:50:50 - [TEST_STEP][PASSED] - setText(findTestObject("Object Repository/RecAndPlayBk/Page-Vlink-AuthOnly/txt_MessageVersion"), mv): Text '2.0C' is set on object 'Object Repository/RecAndPlayBk/Page-Vlink-AuthOnly/txt_MessageVersion'

2023-02-15 22:50:51 - [MESSAGE][PASSED] - Text '2.0C' is set on object 'Object Repository/RecAndPlayBk/Page-Vlink-AuthOnly/txt_MessageVersion'

2023-02-15 22:50:51 - [TEST_STEP][PASSED] - genRemID = RandomStringUtils.random(12, true, true): null

2023-02-15 22:50:51 - [TEST_STEP][PASSED] - setText(findTestObject("Object Repository/RecAndPlayBk/Page-VLink-Capture/input_Remittance Id_remittance_id"), genRemID): Text 'tSlCVEvZYibN' is set on object 'Object Repository/RecAndPlayBk/Page-VLink-Capture/input_Remittance Id_remittance_id'

2023-02-15 22:50:51 - [MESSAGE][PASSED] - Text 'tSlCVEvZYibN' is set on object 'Object Repository/RecAndPlayBk/Page-VLink-Capture/input_Remittance Id_remittance_id'

2023-02-15 22:50:51 - [TEST_STEP][PASSED] - setText(findTestObject("Object Repository/RecAndPlayBk/Page-VLink-Capture/input_Application Id_application_id"), appID): Text '234' is set on object 'Object Repository/RecAndPlayBk/Page-VLink-Capture/input_Application Id_application_id'

2023-02-15 22:50:52 - [MESSAGE][PASSED] - Text '234' is set on object 'Object Repository/RecAndPlayBk/Page-VLink-Capture/input_Application Id_application_id'

2023-02-15 22:50:52 - [TEST_STEP][PASSED] - setText(findTestObject("Object Repository/RecAndPlayBk/Page-VLink-Capture/input_Username_username"), username): Text 'username' is set on object 'Object Repository/RecAndPlayBk/Page-VLink-Capture/input_Username_username'

2023-02-15 22:50:52 - [MESSAGE][PASSED] - Text 'username' is set on object 'Object Repository/RecAndPlayBk/Page-VLink-Capture/input_Username_username'

2023-02-15 22:50:52 - [TEST_STEP][PASSED] - setText(findTestObject("Object Repository/RecAndPlayBk/Page-VLink-Capture/input_Password_password"), password): Text 'password' is set on object 'Object Repository/RecAndPlayBk/Page-VLink-Capture/input_Password_password'

2023-02-15 22:50:53 - [MESSAGE][PASSED] - Text 'password' is set on object 'Object Repository/RecAndPlayBk/Page-VLink-Capture/input_Password_password'

2023-02-15 22:50:53 - [TEST_STEP][PASSED] - setText(findTestObject("Object Repository/RecAndPlayBk/Page-VLink-Capture/txt_ResponseFormat"), resFormat): Text 'fixed_width' is set on object 'Object Repository/RecAndPlayBk/Page-VLink-Capture/txt_ResponseFormat'

2023-02-15 22:50:54 - [MESSAGE][PASSED] - Text 'fixed_width' is set on object 'Object Repository/RecAndPlayBk/Page-VLink-Capture/txt_ResponseFormat'

2023-02-15 22:50:54 - [TEST_STEP][PASSED] - setText(findTestObject("Object Repository/RecAndPlayBk/Page-VLink-Capture/input_Transaction ID_transaction_id"), tranxID): Text '123456' is set on object 'Object Repository/RecAndPlayBk/Page-VLink-Capture/input_Transaction ID_transaction_id'

2023-02-15 22:50:54 - [MESSAGE][PASSED] - Text '123456' is set on object 'Object Repository/RecAndPlayBk/Page-VLink-Capture/input_Transaction ID_transaction_id'

2023-02-15 22:50:54 - [TEST_STEP][PASSED] - setText(findTestObject("Object Repository/RecAndPlayBk/Page-VLink-Capture/input_Amount_amount"), amount): Text '' is set on object 'Object Repository/RecAndPlayBk/Page-VLink-Capture/input_Amount_amount'

2023-02-15 22:50:55 - [MESSAGE][PASSED] - Text '' is set on object 'Object Repository/RecAndPlayBk/Page-VLink-Capture/input_Amount_amount'

2023-02-15 22:50:55 - [TEST_STEP][PASSED] - click(findTestObject("Object Repository/RecAndPlayBk/Page-VLink-Capture/input")): Object: 'Object Repository/RecAndPlayBk/Page-VLink-Capture/input' is clicked on

2023-02-15 22:50:55 - [MESSAGE][PASSED] - Object: 'Object Repository/RecAndPlayBk/Page-VLink-Capture/input' is clicked on

2023-02-15 22:50:55 - [TEST_STEP][PASSED] - if (verifyTextPresent(errorMsg, true)): null

2023-02-15 22:50:56 - [MESSAGE][PASSED] - Text 'amount' is present on page  using regular expression

2023-02-15 22:50:56 - [TEST_STEP][PASSED] - println("Error Message is present on the Confirmation page"): null

2023-02-15 22:50:56 - [TEST_STEP][PASSED] - out.println("Pass Record Number: " + row): null

2023-02-15 22:50:56 - [TEST_STEP][PASSED] - resText = "Pass": null

2023-02-15 22:50:56 - [TEST_STEP][PASSED] - pages.WriteExcel.demoKey(resText, datText, resColumn, datCloumn, fileLoc, nameSheet, row): pages.WriteExcel.demoKey is PASSED

2023-02-15 22:50:56 - [MESSAGE][PASSED] - pages.WriteExcel.demoKey is PASSED

2023-02-15 22:50:56 - [TEST_STEP][PASSED] - ExecuteTC = findTestData(dataFile).getValue("Execute", row): null

2023-02-15 22:50:56 - [TEST_STEP][PASSED] - out.println("Value of Execute is : " + ExecuteTC): null

2023-02-15 22:50:56 - [TEST_STEP][PASSED] - if (ExecuteTC.equalsIgnoreCase("Y")): null

2023-02-15 22:50:56 - [TEST_STEP][PASSED] - out.println("Begin Record Number: " + row): null

2023-02-15 22:50:56 - [TEST_STEP][PASSED] - today = new java.util.Date(): null

2023-02-15 22:50:56 - [TEST_STEP][PASSED] - println(today): null

2023-02-15 22:50:56 - [TEST_STEP][PASSED] - datText = today: null

2023-02-15 22:50:56 - [TEST_STEP][PASSED] - errorMsg = findTestData(dataFile).getValue("ErrorMsg", row): null

2023-02-15 22:50:56 - [TEST_STEP][PASSED] - appID = findTestData(dataFile).getValue("AppID", row): null

2023-02-15 22:50:56 - [TEST_STEP][PASSED] - username = findTestData(dataFile).getValue("Username", row): null

2023-02-15 22:50:56 - [TEST_STEP][PASSED] - password = findTestData(dataFile).getValue("Password", row): null

2023-02-15 22:50:56 - [TEST_STEP][PASSED] - tranType = findTestData(dataFile).getValue("TranType", row): null

2023-02-15 22:50:56 - [TEST_STEP][PASSED] - mv = findTestData(dataFile).getValue("MV", row): null

2023-02-15 22:50:56 - [TEST_STEP][PASSED] - resFormat = findTestData(dataFile).getValue("ResFormat", row): null

2023-02-15 22:50:57 - [TEST_STEP][PASSED] - tranxID = findTestData(dataFile).getValue("TranxID", row): null

2023-02-15 22:50:57 - [TEST_STEP][PASSED] - amount = findTestData(dataFile).getValue("Amount", row): null

2023-02-15 22:50:57 - [TEST_STEP][PASSED] - openBrowser(VLinkURL + "capture.html"): Browser is opened with url: 'https://dev-algorithm.govolution.com/vlinktest/QA/version_2_0/capture.html'

2023-02-15 22:50:57 - [MESSAGE][WARNING] - A browser is already opened. Closing browser and opening a new one

2023-02-15 22:50:58 - [MESSAGE][INFO] - Starting 'Chrome' driver

2023-02-15 22:50:58 - [MESSAGE][INFO] - User set preference: ['acceptInsecureCerts', 'true']

2023-02-15 22:50:58 - [MESSAGE][INFO] - Action delay is set to 0 milliseconds

2023-02-15 22:50:59 - [MESSAGE][PASSED] - Browser is opened with url: 'https://dev-algorithm.govolution.com/vlinktest/QA/version_2_0/capture.html'

2023-02-15 22:50:59 - [TEST_STEP][PASSED] - maximizeWindow(): Current window maximized

2023-02-15 22:51:00 - [MESSAGE][PASSED] - Current window maximized

2023-02-15 22:51:00 - [TEST_STEP][PASSED] - maximizeWindow(): Current window maximized

2023-02-15 22:51:00 - [MESSAGE][PASSED] - Current window maximized

2023-02-15 22:51:00 - [TEST_STEP][PASSED] - setText(findTestObject("Object Repository/RecAndPlayBk/Page-Vlink-AuthOnly/txt_TransactionType"), tranType): Text '102' is set on object 'Object Repository/RecAndPlayBk/Page-Vlink-AuthOnly/txt_TransactionType'

2023-02-15 22:51:00 - [MESSAGE][PASSED] - Text '102' is set on object 'Object Repository/RecAndPlayBk/Page-Vlink-AuthOnly/txt_TransactionType'

2023-02-15 22:51:00 - [TEST_STEP][PASSED] - setText(findTestObject("Object Repository/RecAndPlayBk/Page-Vlink-AuthOnly/txt_MessageVersion"), mv): Text '2.0C' is set on object 'Object Repository/RecAndPlayBk/Page-Vlink-AuthOnly/txt_MessageVersion'

2023-02-15 22:51:01 - [MESSAGE][PASSED] - Text '2.0C' is set on object 'Object Repository/RecAndPlayBk/Page-Vlink-AuthOnly/txt_MessageVersion'

2023-02-15 22:51:01 - [TEST_STEP][PASSED] - genRemID = RandomStringUtils.random(12, true, true): null

2023-02-15 22:51:01 - [TEST_STEP][PASSED] - setText(findTestObject("Object Repository/RecAndPlayBk/Page-VLink-Capture/input_Remittance Id_remittance_id"), genRemID): Text 'fmQTWXzcDPWx' is set on object 'Object Repository/RecAndPlayBk/Page-VLink-Capture/input_Remittance Id_remittance_id'

2023-02-15 22:51:02 - [MESSAGE][PASSED] - Text 'fmQTWXzcDPWx' is set on object 'Object Repository/RecAndPlayBk/Page-VLink-Capture/input_Remittance Id_remittance_id'

2023-02-15 22:51:02 - [TEST_STEP][PASSED] - setText(findTestObject("Object Repository/RecAndPlayBk/Page-VLink-Capture/input_Application Id_application_id"), appID): Text '234' is set on object 'Object Repository/RecAndPlayBk/Page-VLink-Capture/input_Application Id_application_id'

2023-02-15 22:51:02 - [MESSAGE][PASSED] - Text '234' is set on object 'Object Repository/RecAndPlayBk/Page-VLink-Capture/input_Application Id_application_id'

2023-02-15 22:51:02 - [TEST_STEP][PASSED] - setText(findTestObject("Object Repository/RecAndPlayBk/Page-VLink-Capture/input_Username_username"), username): Text 'username' is set on object 'Object Repository/RecAndPlayBk/Page-VLink-Capture/input_Username_username'

2023-02-15 22:51:03 - [MESSAGE][PASSED] - Text 'username' is set on object 'Object Repository/RecAndPlayBk/Page-VLink-Capture/input_Username_username'

2023-02-15 22:51:03 - [TEST_STEP][PASSED] - setText(findTestObject("Object Repository/RecAndPlayBk/Page-VLink-Capture/input_Password_password"), password): Text 'password' is set on object 'Object Repository/RecAndPlayBk/Page-VLink-Capture/input_Password_password'

2023-02-15 22:51:04 - [MESSAGE][PASSED] - Text 'password' is set on object 'Object Repository/RecAndPlayBk/Page-VLink-Capture/input_Password_password'

2023-02-15 22:51:04 - [TEST_STEP][PASSED] - setText(findTestObject("Object Repository/RecAndPlayBk/Page-VLink-Capture/txt_ResponseFormat"), resFormat): Text 'fixed_width' is set on object 'Object Repository/RecAndPlayBk/Page-VLink-Capture/txt_ResponseFormat'

2023-02-15 22:51:04 - [MESSAGE][PASSED] - Text 'fixed_width' is set on object 'Object Repository/RecAndPlayBk/Page-VLink-Capture/txt_ResponseFormat'

2023-02-15 22:51:04 - [TEST_STEP][PASSED] - setText(findTestObject("Object Repository/RecAndPlayBk/Page-VLink-Capture/input_Transaction ID_transaction_id"), tranxID): Text '' is set on object 'Object Repository/RecAndPlayBk/Page-VLink-Capture/input_Transaction ID_transaction_id'

2023-02-15 22:51:05 - [MESSAGE][PASSED] - Text '' is set on object 'Object Repository/RecAndPlayBk/Page-VLink-Capture/input_Transaction ID_transaction_id'

2023-02-15 22:51:05 - [TEST_STEP][PASSED] - setText(findTestObject("Object Repository/RecAndPlayBk/Page-VLink-Capture/input_Amount_amount"), amount): Text '1.50' is set on object 'Object Repository/RecAndPlayBk/Page-VLink-Capture/input_Amount_amount'

2023-02-15 22:51:05 - [MESSAGE][PASSED] - Text '1.50' is set on object 'Object Repository/RecAndPlayBk/Page-VLink-Capture/input_Amount_amount'

2023-02-15 22:51:05 - [TEST_STEP][PASSED] - click(findTestObject("Object Repository/RecAndPlayBk/Page-VLink-Capture/input")): Object: 'Object Repository/RecAndPlayBk/Page-VLink-Capture/input' is clicked on

2023-02-15 22:51:06 - [MESSAGE][PASSED] - Object: 'Object Repository/RecAndPlayBk/Page-VLink-Capture/input' is clicked on

2023-02-15 22:51:06 - [TEST_STEP][PASSED] - if (verifyTextPresent(errorMsg, true)): null

2023-02-15 22:51:06 - [MESSAGE][PASSED] - Text 'transaction_id' is present on page  using regular expression

2023-02-15 22:51:06 - [TEST_STEP][PASSED] - println("Error Message is present on the Confirmation page"): null

2023-02-15 22:51:06 - [TEST_STEP][PASSED] - out.println("Pass Record Number: " + row): null

2023-02-15 22:51:06 - [TEST_STEP][PASSED] - resText = "Pass": null

2023-02-15 22:51:06 - [TEST_STEP][PASSED] - pages.WriteExcel.demoKey(resText, datText, resColumn, datCloumn, fileLoc, nameSheet, row): pages.WriteExcel.demoKey is PASSED

2023-02-15 22:51:06 - [MESSAGE][PASSED] - pages.WriteExcel.demoKey is PASSED

2023-02-15 22:51:06 - [TEST_STEP][PASSED] - ExecuteTC = findTestData(dataFile).getValue("Execute", row): null

2023-02-15 22:51:06 - [TEST_STEP][PASSED] - out.println("Value of Execute is : " + ExecuteTC): null

2023-02-15 22:51:06 - [TEST_STEP][PASSED] - if (ExecuteTC.equalsIgnoreCase("Y")): null

2023-02-15 22:51:06 - [TEST_STEP][PASSED] - out.println("Begin Record Number: " + row): null

2023-02-15 22:51:06 - [TEST_STEP][PASSED] - today = new java.util.Date(): null

2023-02-15 22:51:06 - [TEST_STEP][PASSED] - println(today): null

2023-02-15 22:51:06 - [TEST_STEP][PASSED] - datText = today: null

2023-02-15 22:51:06 - [TEST_STEP][PASSED] - errorMsg = findTestData(dataFile).getValue("ErrorMsg", row): null

2023-02-15 22:51:07 - [TEST_STEP][PASSED] - appID = findTestData(dataFile).getValue("AppID", row): null

2023-02-15 22:51:07 - [TEST_STEP][PASSED] - username = findTestData(dataFile).getValue("Username", row): null

2023-02-15 22:51:07 - [TEST_STEP][PASSED] - password = findTestData(dataFile).getValue("Password", row): null

2023-02-15 22:51:07 - [TEST_STEP][PASSED] - tranType = findTestData(dataFile).getValue("TranType", row): null

2023-02-15 22:51:07 - [TEST_STEP][PASSED] - mv = findTestData(dataFile).getValue("MV", row): null

2023-02-15 22:51:07 - [TEST_STEP][PASSED] - resFormat = findTestData(dataFile).getValue("ResFormat", row): null

2023-02-15 22:51:07 - [TEST_STEP][PASSED] - tranxID = findTestData(dataFile).getValue("TranxID", row): null

2023-02-15 22:51:07 - [TEST_STEP][PASSED] - amount = findTestData(dataFile).getValue("Amount", row): null

2023-02-15 22:51:07 - [TEST_STEP][PASSED] - openBrowser(VLinkURL + "capture.html"): Browser is opened with url: 'https://dev-algorithm.govolution.com/vlinktest/QA/version_2_0/capture.html'

2023-02-15 22:51:07 - [MESSAGE][WARNING] - A browser is already opened. Closing browser and opening a new one

2023-02-15 22:51:08 - [MESSAGE][INFO] - Starting 'Chrome' driver

2023-02-15 22:51:08 - [MESSAGE][INFO] - User set preference: ['acceptInsecureCerts', 'true']

2023-02-15 22:51:08 - [MESSAGE][INFO] - Action delay is set to 0 milliseconds

2023-02-15 22:51:10 - [MESSAGE][PASSED] - Browser is opened with url: 'https://dev-algorithm.govolution.com/vlinktest/QA/version_2_0/capture.html'

2023-02-15 22:51:10 - [TEST_STEP][PASSED] - maximizeWindow(): Current window maximized

2023-02-15 22:51:10 - [MESSAGE][PASSED] - Current window maximized

2023-02-15 22:51:10 - [TEST_STEP][PASSED] - maximizeWindow(): Current window maximized

2023-02-15 22:51:10 - [MESSAGE][PASSED] - Current window maximized

2023-02-15 22:51:10 - [TEST_STEP][PASSED] - setText(findTestObject("Object Repository/RecAndPlayBk/Page-Vlink-AuthOnly/txt_TransactionType"), tranType): Text '102' is set on object 'Object Repository/RecAndPlayBk/Page-Vlink-AuthOnly/txt_TransactionType'

2023-02-15 22:51:11 - [MESSAGE][PASSED] - Text '102' is set on object 'Object Repository/RecAndPlayBk/Page-Vlink-AuthOnly/txt_TransactionType'

2023-02-15 22:51:11 - [TEST_STEP][PASSED] - setText(findTestObject("Object Repository/RecAndPlayBk/Page-Vlink-AuthOnly/txt_MessageVersion"), mv): Text '2.0C' is set on object 'Object Repository/RecAndPlayBk/Page-Vlink-AuthOnly/txt_MessageVersion'

2023-02-15 22:51:12 - [MESSAGE][PASSED] - Text '2.0C' is set on object 'Object Repository/RecAndPlayBk/Page-Vlink-AuthOnly/txt_MessageVersion'

2023-02-15 22:51:12 - [TEST_STEP][PASSED] - genRemID = RandomStringUtils.random(12, true, true): null

2023-02-15 22:51:12 - [TEST_STEP][PASSED] - setText(findTestObject("Object Repository/RecAndPlayBk/Page-VLink-Capture/input_Remittance Id_remittance_id"), genRemID): Text 'zUG6zO0Qqix6' is set on object 'Object Repository/RecAndPlayBk/Page-VLink-Capture/input_Remittance Id_remittance_id'

2023-02-15 22:51:12 - [MESSAGE][PASSED] - Text 'zUG6zO0Qqix6' is set on object 'Object Repository/RecAndPlayBk/Page-VLink-Capture/input_Remittance Id_remittance_id'

2023-02-15 22:51:12 - [TEST_STEP][PASSED] - setText(findTestObject("Object Repository/RecAndPlayBk/Page-VLink-Capture/input_Application Id_application_id"), appID): Text '234' is set on object 'Object Repository/RecAndPlayBk/Page-VLink-Capture/input_Application Id_application_id'

2023-02-15 22:51:13 - [MESSAGE][PASSED] - Text '234' is set on object 'Object Repository/RecAndPlayBk/Page-VLink-Capture/input_Application Id_application_id'

2023-02-15 22:51:13 - [TEST_STEP][PASSED] - setText(findTestObject("Object Repository/RecAndPlayBk/Page-VLink-Capture/input_Username_username"), username): Text '' is set on object 'Object Repository/RecAndPlayBk/Page-VLink-Capture/input_Username_username'

2023-02-15 22:51:14 - [MESSAGE][PASSED] - Text '' is set on object 'Object Repository/RecAndPlayBk/Page-VLink-Capture/input_Username_username'

2023-02-15 22:51:14 - [TEST_STEP][PASSED] - setText(findTestObject("Object Repository/RecAndPlayBk/Page-VLink-Capture/input_Password_password"), password): Text 'password' is set on object 'Object Repository/RecAndPlayBk/Page-VLink-Capture/input_Password_password'

2023-02-15 22:51:14 - [MESSAGE][PASSED] - Text 'password' is set on object 'Object Repository/RecAndPlayBk/Page-VLink-Capture/input_Password_password'

2023-02-15 22:51:14 - [TEST_STEP][PASSED] - setText(findTestObject("Object Repository/RecAndPlayBk/Page-VLink-Capture/txt_ResponseFormat"), resFormat): Text 'fixed_width' is set on object 'Object Repository/RecAndPlayBk/Page-VLink-Capture/txt_ResponseFormat'

2023-02-15 22:51:15 - [MESSAGE][PASSED] - Text 'fixed_width' is set on object 'Object Repository/RecAndPlayBk/Page-VLink-Capture/txt_ResponseFormat'

2023-02-15 22:51:15 - [TEST_STEP][PASSED] - setText(findTestObject("Object Repository/RecAndPlayBk/Page-VLink-Capture/input_Transaction ID_transaction_id"), tranxID): Text '123456' is set on object 'Object Repository/RecAndPlayBk/Page-VLink-Capture/input_Transaction ID_transaction_id'

2023-02-15 22:51:16 - [MESSAGE][PASSED] - Text '123456' is set on object 'Object Repository/RecAndPlayBk/Page-VLink-Capture/input_Transaction ID_transaction_id'

2023-02-15 22:51:16 - [TEST_STEP][PASSED] - setText(findTestObject("Object Repository/RecAndPlayBk/Page-VLink-Capture/input_Amount_amount"), amount): Text '1.50' is set on object 'Object Repository/RecAndPlayBk/Page-VLink-Capture/input_Amount_amount'

2023-02-15 22:51:16 - [MESSAGE][PASSED] - Text '1.50' is set on object 'Object Repository/RecAndPlayBk/Page-VLink-Capture/input_Amount_amount'

2023-02-15 22:51:16 - [TEST_STEP][PASSED] - click(findTestObject("Object Repository/RecAndPlayBk/Page-VLink-Capture/input")): Object: 'Object Repository/RecAndPlayBk/Page-VLink-Capture/input' is clicked on

2023-02-15 22:51:17 - [MESSAGE][PASSED] - Object: 'Object Repository/RecAndPlayBk/Page-VLink-Capture/input' is clicked on

2023-02-15 22:51:17 - [TEST_STEP][PASSED] - if (verifyTextPresent(errorMsg, true)): null

2023-02-15 22:51:17 - [MESSAGE][PASSED] - Text 'Signon authentication error' is present on page  using regular expression

2023-02-15 22:51:17 - [TEST_STEP][PASSED] - println("Error Message is present on the Confirmation page"): null

2023-02-15 22:51:17 - [TEST_STEP][PASSED] - out.println("Pass Record Number: " + row): null

2023-02-15 22:51:17 - [TEST_STEP][PASSED] - resText = "Pass": null

2023-02-15 22:51:17 - [TEST_STEP][PASSED] - pages.WriteExcel.demoKey(resText, datText, resColumn, datCloumn, fileLoc, nameSheet, row): pages.WriteExcel.demoKey is PASSED

2023-02-15 22:51:17 - [MESSAGE][PASSED] - pages.WriteExcel.demoKey is PASSED

2023-02-15 22:51:17 - [TEST_STEP][PASSED] - ExecuteTC = findTestData(dataFile).getValue("Execute", row): null

2023-02-15 22:51:18 - [TEST_STEP][PASSED] - out.println("Value of Execute is : " + ExecuteTC): null

2023-02-15 22:51:18 - [TEST_STEP][PASSED] - if (ExecuteTC.equalsIgnoreCase("Y")): null

2023-02-15 22:51:18 - [TEST_STEP][PASSED] - out.println("Begin Record Number: " + row): null

2023-02-15 22:51:18 - [TEST_STEP][PASSED] - today = new java.util.Date(): null

2023-02-15 22:51:18 - [TEST_STEP][PASSED] - println(today): null

2023-02-15 22:51:18 - [TEST_STEP][PASSED] - datText = today: null

2023-02-15 22:51:18 - [TEST_STEP][PASSED] - errorMsg = findTestData(dataFile).getValue("ErrorMsg", row): null

2023-02-15 22:51:18 - [TEST_STEP][PASSED] - appID = findTestData(dataFile).getValue("AppID", row): null

2023-02-15 22:51:18 - [TEST_STEP][PASSED] - username = findTestData(dataFile).getValue("Username", row): null

2023-02-15 22:51:18 - [TEST_STEP][PASSED] - password = findTestData(dataFile).getValue("Password", row): null

2023-02-15 22:51:18 - [TEST_STEP][PASSED] - tranType = findTestData(dataFile).getValue("TranType", row): null

2023-02-15 22:51:18 - [TEST_STEP][PASSED] - mv = findTestData(dataFile).getValue("MV", row): null

2023-02-15 22:51:18 - [TEST_STEP][PASSED] - resFormat = findTestData(dataFile).getValue("ResFormat", row): null

2023-02-15 22:51:18 - [TEST_STEP][PASSED] - tranxID = findTestData(dataFile).getValue("TranxID", row): null

2023-02-15 22:51:18 - [TEST_STEP][PASSED] - amount = findTestData(dataFile).getValue("Amount", row): null

2023-02-15 22:51:18 - [TEST_STEP][PASSED] - openBrowser(VLinkURL + "capture.html"): Browser is opened with url: 'https://dev-algorithm.govolution.com/vlinktest/QA/version_2_0/capture.html'

2023-02-15 22:51:18 - [MESSAGE][WARNING] - A browser is already opened. Closing browser and opening a new one

2023-02-15 22:51:19 - [MESSAGE][INFO] - Starting 'Chrome' driver

2023-02-15 22:51:19 - [MESSAGE][INFO] - User set preference: ['acceptInsecureCerts', 'true']

2023-02-15 22:51:19 - [MESSAGE][INFO] - Action delay is set to 0 milliseconds

2023-02-15 22:51:21 - [MESSAGE][PASSED] - Browser is opened with url: 'https://dev-algorithm.govolution.com/vlinktest/QA/version_2_0/capture.html'

2023-02-15 22:51:21 - [TEST_STEP][PASSED] - maximizeWindow(): Current window maximized

2023-02-15 22:51:21 - [MESSAGE][PASSED] - Current window maximized

2023-02-15 22:51:21 - [TEST_STEP][PASSED] - maximizeWindow(): Current window maximized

2023-02-15 22:51:21 - [MESSAGE][PASSED] - Current window maximized

2023-02-15 22:51:21 - [TEST_STEP][PASSED] - setText(findTestObject("Object Repository/RecAndPlayBk/Page-Vlink-AuthOnly/txt_TransactionType"), tranType): Text '102' is set on object 'Object Repository/RecAndPlayBk/Page-Vlink-AuthOnly/txt_TransactionType'

2023-02-15 22:51:22 - [MESSAGE][PASSED] - Text '102' is set on object 'Object Repository/RecAndPlayBk/Page-Vlink-AuthOnly/txt_TransactionType'

2023-02-15 22:51:22 - [TEST_STEP][PASSED] - setText(findTestObject("Object Repository/RecAndPlayBk/Page-Vlink-AuthOnly/txt_MessageVersion"), mv): Text '2.0C' is set on object 'Object Repository/RecAndPlayBk/Page-Vlink-AuthOnly/txt_MessageVersion'

2023-02-15 22:51:23 - [MESSAGE][PASSED] - Text '2.0C' is set on object 'Object Repository/RecAndPlayBk/Page-Vlink-AuthOnly/txt_MessageVersion'

2023-02-15 22:51:23 - [TEST_STEP][PASSED] - genRemID = RandomStringUtils.random(12, true, true): null

2023-02-15 22:51:23 - [TEST_STEP][PASSED] - setText(findTestObject("Object Repository/RecAndPlayBk/Page-VLink-Capture/input_Remittance Id_remittance_id"), genRemID): Text 'enKksxlzU5l2' is set on object 'Object Repository/RecAndPlayBk/Page-VLink-Capture/input_Remittance Id_remittance_id'

2023-02-15 22:51:23 - [MESSAGE][PASSED] - Text 'enKksxlzU5l2' is set on object 'Object Repository/RecAndPlayBk/Page-VLink-Capture/input_Remittance Id_remittance_id'

2023-02-15 22:51:23 - [TEST_STEP][PASSED] - setText(findTestObject("Object Repository/RecAndPlayBk/Page-VLink-Capture/input_Application Id_application_id"), appID): Text '234' is set on object 'Object Repository/RecAndPlayBk/Page-VLink-Capture/input_Application Id_application_id'

2023-02-15 22:51:24 - [MESSAGE][PASSED] - Text '234' is set on object 'Object Repository/RecAndPlayBk/Page-VLink-Capture/input_Application Id_application_id'

2023-02-15 22:51:24 - [TEST_STEP][PASSED] - setText(findTestObject("Object Repository/RecAndPlayBk/Page-VLink-Capture/input_Username_username"), username): Text 'username' is set on object 'Object Repository/RecAndPlayBk/Page-VLink-Capture/input_Username_username'

2023-02-15 22:51:24 - [MESSAGE][PASSED] - Text 'username' is set on object 'Object Repository/RecAndPlayBk/Page-VLink-Capture/input_Username_username'

2023-02-15 22:51:24 - [TEST_STEP][PASSED] - setText(findTestObject("Object Repository/RecAndPlayBk/Page-VLink-Capture/input_Password_password"), password): Text '' is set on object 'Object Repository/RecAndPlayBk/Page-VLink-Capture/input_Password_password'

2023-02-15 22:51:25 - [MESSAGE][PASSED] - Text '' is set on object 'Object Repository/RecAndPlayBk/Page-VLink-Capture/input_Password_password'

2023-02-15 22:51:25 - [TEST_STEP][PASSED] - setText(findTestObject("Object Repository/RecAndPlayBk/Page-VLink-Capture/txt_ResponseFormat"), resFormat): Text 'fixed_width' is set on object 'Object Repository/RecAndPlayBk/Page-VLink-Capture/txt_ResponseFormat'

2023-02-15 22:51:26 - [MESSAGE][PASSED] - Text 'fixed_width' is set on object 'Object Repository/RecAndPlayBk/Page-VLink-Capture/txt_ResponseFormat'

2023-02-15 22:51:26 - [TEST_STEP][PASSED] - setText(findTestObject("Object Repository/RecAndPlayBk/Page-VLink-Capture/input_Transaction ID_transaction_id"), tranxID): Text '123456' is set on object 'Object Repository/RecAndPlayBk/Page-VLink-Capture/input_Transaction ID_transaction_id'

2023-02-15 22:51:26 - [MESSAGE][PASSED] - Text '123456' is set on object 'Object Repository/RecAndPlayBk/Page-VLink-Capture/input_Transaction ID_transaction_id'

2023-02-15 22:51:26 - [TEST_STEP][PASSED] - setText(findTestObject("Object Repository/RecAndPlayBk/Page-VLink-Capture/input_Amount_amount"), amount): Text '1.50' is set on object 'Object Repository/RecAndPlayBk/Page-VLink-Capture/input_Amount_amount'

2023-02-15 22:51:27 - [MESSAGE][PASSED] - Text '1.50' is set on object 'Object Repository/RecAndPlayBk/Page-VLink-Capture/input_Amount_amount'

2023-02-15 22:51:27 - [TEST_STEP][PASSED] - click(findTestObject("Object Repository/RecAndPlayBk/Page-VLink-Capture/input")): Object: 'Object Repository/RecAndPlayBk/Page-VLink-Capture/input' is clicked on

2023-02-15 22:51:27 - [MESSAGE][PASSED] - Object: 'Object Repository/RecAndPlayBk/Page-VLink-Capture/input' is clicked on

2023-02-15 22:51:27 - [TEST_STEP][PASSED] - if (verifyTextPresent(errorMsg, true)): null

2023-02-15 22:51:28 - [MESSAGE][PASSED] - Text 'Signon authentication error' is present on page  using regular expression

2023-02-15 22:51:28 - [TEST_STEP][PASSED] - println("Error Message is present on the Confirmation page"): null

2023-02-15 22:51:28 - [TEST_STEP][PASSED] - out.println("Pass Record Number: " + row): null

2023-02-15 22:51:28 - [TEST_STEP][PASSED] - resText = "Pass": null

2023-02-15 22:51:28 - [TEST_STEP][PASSED] - pages.WriteExcel.demoKey(resText, datText, resColumn, datCloumn, fileLoc, nameSheet, row): pages.WriteExcel.demoKey is PASSED

2023-02-15 22:51:28 - [MESSAGE][PASSED] - pages.WriteExcel.demoKey is PASSED

2023-02-15 22:51:28 - [TEST_STEP][PASSED] - ExecuteTC = findTestData(dataFile).getValue("Execute", row): null

2023-02-15 22:51:28 - [TEST_STEP][PASSED] - out.println("Value of Execute is : " + ExecuteTC): null

2023-02-15 22:51:28 - [TEST_STEP][PASSED] - if (ExecuteTC.equalsIgnoreCase("Y")): null]]></system-out>
         <system-err><![CDATA[]]></system-err>
      </testcase>
      <testcase name="Test Cases/RecAndPlayBk/VLink/Void-MRF" time="77.449" classname="Test Cases/RecAndPlayBk/VLink/Void-MRF" status="PASSED">
         <system-out><![CDATA[2023-02-15 22:51:28 - [TEST_CASE][PASSED] - Test Cases/RecAndPlayBk/VLink/Void-MRF: Test Cases/RecAndPlayBk/VLink/Void-MRF

2023-02-15 22:51:29 - [TEST_STEP][PASSED] - executionProfile = getExecutionProfile(): null

2023-02-15 22:51:29 - [TEST_STEP][PASSED] - out.println("executionProfile : " + executionProfile): null

2023-02-15 22:51:29 - [TEST_STEP][PASSED] - resText = "Fail": null

2023-02-15 22:51:29 - [TEST_STEP][PASSED] - resColumn = "Result": null

2023-02-15 22:51:29 - [TEST_STEP][PASSED] - datCloumn = "Date": null

2023-02-15 22:51:29 - [TEST_STEP][PASSED] - fileLoc = "KatalonData/VLinkSmokeData.xlsx": null

2023-02-15 22:51:29 - [TEST_STEP][PASSED] - numOfRows = <not implemented yet for class: org.codehaus.groovy.ast.expr.EmptyExpression>: null

2023-02-15 22:51:29 - [TEST_STEP][PASSED] - dataFile = <not implemented yet for class: org.codehaus.groovy.ast.expr.EmptyExpression>: null

2023-02-15 22:51:29 - [TEST_STEP][PASSED] - nameSheet = <not implemented yet for class: org.codehaus.groovy.ast.expr.EmptyExpression>: null

2023-02-15 22:51:29 - [TEST_STEP][PASSED] - nameSheet = "Void-MRF": null

2023-02-15 22:51:29 - [TEST_STEP][PASSED] - numOfRows = findTestData("QA/VLinkTestData/VLinkVoidMRFData").getRowNumbers(): null

2023-02-15 22:51:29 - [TEST_STEP][PASSED] - println("Number of Records: " + numOfRows): null

2023-02-15 22:51:29 - [TEST_STEP][PASSED] - dataFile = "QA/VLinkTestData/VLinkVoidMRFData": null

2023-02-15 22:51:29 - [TEST_STEP][PASSED] - for ([row = 1, row <= numOfRows, (row++)]): null

2023-02-15 22:51:29 - [TEST_STEP][PASSED] - ExecuteTC = findTestData(dataFile).getValue("Execute", row): null

2023-02-15 22:51:29 - [TEST_STEP][PASSED] - out.println("Value of Execute is : " + ExecuteTC): null

2023-02-15 22:51:29 - [TEST_STEP][PASSED] - if (ExecuteTC.equalsIgnoreCase("Y")): null

2023-02-15 22:51:29 - [TEST_STEP][PASSED] - out.println("Begin Record Number: " + row): null

2023-02-15 22:51:29 - [TEST_STEP][PASSED] - today = new java.util.Date(): null

2023-02-15 22:51:29 - [TEST_STEP][PASSED] - println(today): null

2023-02-15 22:51:29 - [TEST_STEP][PASSED] - datText = today: null

2023-02-15 22:51:29 - [TEST_STEP][PASSED] - errorMsg = findTestData(dataFile).getValue("ErrorMsg", row): null

2023-02-15 22:51:29 - [TEST_STEP][PASSED] - appID = findTestData(dataFile).getValue("AppID", row): null

2023-02-15 22:51:29 - [TEST_STEP][PASSED] - username = findTestData(dataFile).getValue("Username", row): null

2023-02-15 22:51:29 - [TEST_STEP][PASSED] - password = findTestData(dataFile).getValue("Password", row): null

2023-02-15 22:51:29 - [TEST_STEP][PASSED] - tranType = findTestData(dataFile).getValue("TranType", row): null

2023-02-15 22:51:29 - [TEST_STEP][PASSED] - mv = findTestData(dataFile).getValue("MV", row): null

2023-02-15 22:51:29 - [TEST_STEP][PASSED] - resFormat = findTestData(dataFile).getValue("ResFormat", row): null

2023-02-15 22:51:29 - [TEST_STEP][PASSED] - tranxID = findTestData(dataFile).getValue("TranxID", row): null

2023-02-15 22:51:29 - [TEST_STEP][PASSED] - openBrowser(VLinkURL + "CC_void.html"): Browser is opened with url: 'https://dev-algorithm.govolution.com/vlinktest/QA/version_2_0/CC_void.html'

2023-02-15 22:51:29 - [MESSAGE][WARNING] - A browser is already opened. Closing browser and opening a new one

2023-02-15 22:51:30 - [MESSAGE][INFO] - Starting 'Chrome' driver

2023-02-15 22:51:30 - [MESSAGE][INFO] - User set preference: ['acceptInsecureCerts', 'true']

2023-02-15 22:51:30 - [MESSAGE][INFO] - Action delay is set to 0 milliseconds

2023-02-15 22:51:32 - [MESSAGE][PASSED] - Browser is opened with url: 'https://dev-algorithm.govolution.com/vlinktest/QA/version_2_0/CC_void.html'

2023-02-15 22:51:32 - [TEST_STEP][PASSED] - maximizeWindow(): Current window maximized

2023-02-15 22:51:32 - [MESSAGE][PASSED] - Current window maximized

2023-02-15 22:51:32 - [TEST_STEP][PASSED] - maximizeWindow(): Current window maximized

2023-02-15 22:51:32 - [MESSAGE][PASSED] - Current window maximized

2023-02-15 22:51:32 - [TEST_STEP][PASSED] - setText(findTestObject("Object Repository/RecAndPlayBk/Page-Vlink-CC-Void/txt_TransactionType"), tranType): Text '' is set on object 'Object Repository/RecAndPlayBk/Page-Vlink-CC-Void/txt_TransactionType'

2023-02-15 22:51:33 - [MESSAGE][PASSED] - Text '' is set on object 'Object Repository/RecAndPlayBk/Page-Vlink-CC-Void/txt_TransactionType'

2023-02-15 22:51:33 - [TEST_STEP][PASSED] - setText(findTestObject("Object Repository/RecAndPlayBk/Page-Vlink-CC-Void/txt_MessageVersion"), mv): Text '2.0C' is set on object 'Object Repository/RecAndPlayBk/Page-Vlink-CC-Void/txt_MessageVersion'

2023-02-15 22:51:34 - [MESSAGE][PASSED] - Text '2.0C' is set on object 'Object Repository/RecAndPlayBk/Page-Vlink-CC-Void/txt_MessageVersion'

2023-02-15 22:51:34 - [TEST_STEP][PASSED] - genRemID = RandomStringUtils.random(12, true, true): null

2023-02-15 22:51:34 - [TEST_STEP][PASSED] - setText(findTestObject("Object Repository/RecAndPlayBk/Page-Vlink-CC-Void/txt_RemID"), genRemID): Text '6RH4ykx9FdTK' is set on object 'Object Repository/RecAndPlayBk/Page-Vlink-CC-Void/txt_RemID'

2023-02-15 22:51:34 - [MESSAGE][PASSED] - Text '6RH4ykx9FdTK' is set on object 'Object Repository/RecAndPlayBk/Page-Vlink-CC-Void/txt_RemID'

2023-02-15 22:51:34 - [TEST_STEP][PASSED] - setText(findTestObject("Object Repository/RecAndPlayBk/Page-Vlink-CC-Void/txt_ApplicationID"), appID): Text '234' is set on object 'Object Repository/RecAndPlayBk/Page-Vlink-CC-Void/txt_ApplicationID'

2023-02-15 22:51:35 - [MESSAGE][PASSED] - Text '234' is set on object 'Object Repository/RecAndPlayBk/Page-Vlink-CC-Void/txt_ApplicationID'

2023-02-15 22:51:35 - [TEST_STEP][PASSED] - setText(findTestObject("Object Repository/RecAndPlayBk/Page-Vlink-CC-Void/txt_Username"), username): Text 'username' is set on object 'Object Repository/RecAndPlayBk/Page-Vlink-CC-Void/txt_Username'

2023-02-15 22:51:35 - [MESSAGE][PASSED] - Text 'username' is set on object 'Object Repository/RecAndPlayBk/Page-Vlink-CC-Void/txt_Username'

2023-02-15 22:51:35 - [TEST_STEP][PASSED] - setText(findTestObject("Object Repository/RecAndPlayBk/Page-Vlink-CC-Void/txt_Password"), password): Text 'password' is set on object 'Object Repository/RecAndPlayBk/Page-Vlink-CC-Void/txt_Password'

2023-02-15 22:51:36 - [MESSAGE][PASSED] - Text 'password' is set on object 'Object Repository/RecAndPlayBk/Page-Vlink-CC-Void/txt_Password'

2023-02-15 22:51:36 - [TEST_STEP][PASSED] - setText(findTestObject("Object Repository/RecAndPlayBk/Page-Vlink-CC-Void/txt_ResponseFormat"), resFormat): Text 'fixed_width' is set on object 'Object Repository/RecAndPlayBk/Page-Vlink-CC-Void/txt_ResponseFormat'

2023-02-15 22:51:37 - [MESSAGE][PASSED] - Text 'fixed_width' is set on object 'Object Repository/RecAndPlayBk/Page-Vlink-CC-Void/txt_ResponseFormat'

2023-02-15 22:51:37 - [TEST_STEP][PASSED] - setText(findTestObject("Object Repository/RecAndPlayBk/Page-Vlink-CC-Void/txt_TransactionID"), tranxID): Text '123456' is set on object 'Object Repository/RecAndPlayBk/Page-Vlink-CC-Void/txt_TransactionID'

2023-02-15 22:51:37 - [MESSAGE][PASSED] - Text '123456' is set on object 'Object Repository/RecAndPlayBk/Page-Vlink-CC-Void/txt_TransactionID'

2023-02-15 22:51:37 - [TEST_STEP][PASSED] - setText(findTestObject("Object Repository/RecAndPlayBk/Page-Vlink-CC-Void/txt_OriginalTransactionType"), "104"): Text '104' is set on object 'Object Repository/RecAndPlayBk/Page-Vlink-CC-Void/txt_OriginalTransactionType'

2023-02-15 22:51:38 - [MESSAGE][PASSED] - Text '104' is set on object 'Object Repository/RecAndPlayBk/Page-Vlink-CC-Void/txt_OriginalTransactionType'

2023-02-15 22:51:38 - [TEST_STEP][PASSED] - setText(findTestObject("Object Repository/RecAndPlayBk/Page-Vlink-CC-Void/txt_TrackData"), ""): Text '' is set on object 'Object Repository/RecAndPlayBk/Page-Vlink-CC-Void/txt_TrackData'

2023-02-15 22:51:39 - [MESSAGE][PASSED] - Text '' is set on object 'Object Repository/RecAndPlayBk/Page-Vlink-CC-Void/txt_TrackData'

2023-02-15 22:51:39 - [TEST_STEP][PASSED] - click(findTestObject("Object Repository/RecAndPlayBk/Page-Vlink-CC-Void/btn_ProcessVLinkTransaction")): Object: 'Object Repository/RecAndPlayBk/Page-Vlink-CC-Void/btn_ProcessVLinkTransaction' is clicked on

2023-02-15 22:51:39 - [MESSAGE][PASSED] - Object: 'Object Repository/RecAndPlayBk/Page-Vlink-CC-Void/btn_ProcessVLinkTransaction' is clicked on

2023-02-15 22:51:39 - [TEST_STEP][PASSED] - if (verifyTextPresent(errorMsg, true)): null

2023-02-15 22:51:39 - [MESSAGE][PASSED] - Text 'Missing parameter: transaction_type' is present on page  using regular expression

2023-02-15 22:51:39 - [TEST_STEP][PASSED] - println("Error Message is present on the Confirmation page"): null

2023-02-15 22:51:39 - [TEST_STEP][PASSED] - out.println("Pass Record Number: " + row): null

2023-02-15 22:51:39 - [TEST_STEP][PASSED] - resText = "Pass": null

2023-02-15 22:51:39 - [TEST_STEP][PASSED] - pages.WriteExcel.demoKey(resText, datText, resColumn, datCloumn, fileLoc, nameSheet, row): pages.WriteExcel.demoKey is PASSED

2023-02-15 22:51:40 - [MESSAGE][PASSED] - pages.WriteExcel.demoKey is PASSED

2023-02-15 22:51:40 - [TEST_STEP][PASSED] - ExecuteTC = findTestData(dataFile).getValue("Execute", row): null

2023-02-15 22:51:40 - [TEST_STEP][PASSED] - out.println("Value of Execute is : " + ExecuteTC): null

2023-02-15 22:51:40 - [TEST_STEP][PASSED] - if (ExecuteTC.equalsIgnoreCase("Y")): null

2023-02-15 22:51:40 - [TEST_STEP][PASSED] - out.println("Begin Record Number: " + row): null

2023-02-15 22:51:40 - [TEST_STEP][PASSED] - today = new java.util.Date(): null

2023-02-15 22:51:40 - [TEST_STEP][PASSED] - println(today): null

2023-02-15 22:51:40 - [TEST_STEP][PASSED] - datText = today: null

2023-02-15 22:51:40 - [TEST_STEP][PASSED] - errorMsg = findTestData(dataFile).getValue("ErrorMsg", row): null

2023-02-15 22:51:40 - [TEST_STEP][PASSED] - appID = findTestData(dataFile).getValue("AppID", row): null

2023-02-15 22:51:40 - [TEST_STEP][PASSED] - username = findTestData(dataFile).getValue("Username", row): null

2023-02-15 22:51:40 - [TEST_STEP][PASSED] - password = findTestData(dataFile).getValue("Password", row): null

2023-02-15 22:51:40 - [TEST_STEP][PASSED] - tranType = findTestData(dataFile).getValue("TranType", row): null

2023-02-15 22:51:40 - [TEST_STEP][PASSED] - mv = findTestData(dataFile).getValue("MV", row): null

2023-02-15 22:51:40 - [TEST_STEP][PASSED] - resFormat = findTestData(dataFile).getValue("ResFormat", row): null

2023-02-15 22:51:40 - [TEST_STEP][PASSED] - tranxID = findTestData(dataFile).getValue("TranxID", row): null

2023-02-15 22:51:40 - [TEST_STEP][PASSED] - openBrowser(VLinkURL + "CC_void.html"): Browser is opened with url: 'https://dev-algorithm.govolution.com/vlinktest/QA/version_2_0/CC_void.html'

2023-02-15 22:51:40 - [MESSAGE][WARNING] - A browser is already opened. Closing browser and opening a new one

2023-02-15 22:51:41 - [MESSAGE][INFO] - Starting 'Chrome' driver

2023-02-15 22:51:41 - [MESSAGE][INFO] - User set preference: ['acceptInsecureCerts', 'true']

2023-02-15 22:51:41 - [MESSAGE][INFO] - Action delay is set to 0 milliseconds

2023-02-15 22:51:43 - [MESSAGE][PASSED] - Browser is opened with url: 'https://dev-algorithm.govolution.com/vlinktest/QA/version_2_0/CC_void.html'

2023-02-15 22:51:43 - [TEST_STEP][PASSED] - maximizeWindow(): Current window maximized

2023-02-15 22:51:43 - [MESSAGE][PASSED] - Current window maximized

2023-02-15 22:51:43 - [TEST_STEP][PASSED] - maximizeWindow(): Current window maximized

2023-02-15 22:51:43 - [MESSAGE][PASSED] - Current window maximized

2023-02-15 22:51:43 - [TEST_STEP][PASSED] - setText(findTestObject("Object Repository/RecAndPlayBk/Page-Vlink-CC-Void/txt_TransactionType"), tranType): Text '106' is set on object 'Object Repository/RecAndPlayBk/Page-Vlink-CC-Void/txt_TransactionType'

2023-02-15 22:51:44 - [MESSAGE][PASSED] - Text '106' is set on object 'Object Repository/RecAndPlayBk/Page-Vlink-CC-Void/txt_TransactionType'

2023-02-15 22:51:44 - [TEST_STEP][PASSED] - setText(findTestObject("Object Repository/RecAndPlayBk/Page-Vlink-CC-Void/txt_MessageVersion"), mv): Text '' is set on object 'Object Repository/RecAndPlayBk/Page-Vlink-CC-Void/txt_MessageVersion'

2023-02-15 22:51:44 - [MESSAGE][PASSED] - Text '' is set on object 'Object Repository/RecAndPlayBk/Page-Vlink-CC-Void/txt_MessageVersion'

2023-02-15 22:51:44 - [TEST_STEP][PASSED] - genRemID = RandomStringUtils.random(12, true, true): null

2023-02-15 22:51:44 - [TEST_STEP][PASSED] - setText(findTestObject("Object Repository/RecAndPlayBk/Page-Vlink-CC-Void/txt_RemID"), genRemID): Text 'DawuiNOlpFPL' is set on object 'Object Repository/RecAndPlayBk/Page-Vlink-CC-Void/txt_RemID'

2023-02-15 22:51:45 - [MESSAGE][PASSED] - Text 'DawuiNOlpFPL' is set on object 'Object Repository/RecAndPlayBk/Page-Vlink-CC-Void/txt_RemID'

2023-02-15 22:51:45 - [TEST_STEP][PASSED] - setText(findTestObject("Object Repository/RecAndPlayBk/Page-Vlink-CC-Void/txt_ApplicationID"), appID): Text '234' is set on object 'Object Repository/RecAndPlayBk/Page-Vlink-CC-Void/txt_ApplicationID'

2023-02-15 22:51:46 - [MESSAGE][PASSED] - Text '234' is set on object 'Object Repository/RecAndPlayBk/Page-Vlink-CC-Void/txt_ApplicationID'

2023-02-15 22:51:46 - [TEST_STEP][PASSED] - setText(findTestObject("Object Repository/RecAndPlayBk/Page-Vlink-CC-Void/txt_Username"), username): Text 'username' is set on object 'Object Repository/RecAndPlayBk/Page-Vlink-CC-Void/txt_Username'

2023-02-15 22:51:46 - [MESSAGE][PASSED] - Text 'username' is set on object 'Object Repository/RecAndPlayBk/Page-Vlink-CC-Void/txt_Username'

2023-02-15 22:51:46 - [TEST_STEP][PASSED] - setText(findTestObject("Object Repository/RecAndPlayBk/Page-Vlink-CC-Void/txt_Password"), password): Text 'password' is set on object 'Object Repository/RecAndPlayBk/Page-Vlink-CC-Void/txt_Password'

2023-02-15 22:51:47 - [MESSAGE][PASSED] - Text 'password' is set on object 'Object Repository/RecAndPlayBk/Page-Vlink-CC-Void/txt_Password'

2023-02-15 22:51:47 - [TEST_STEP][PASSED] - setText(findTestObject("Object Repository/RecAndPlayBk/Page-Vlink-CC-Void/txt_ResponseFormat"), resFormat): Text 'fixed_width' is set on object 'Object Repository/RecAndPlayBk/Page-Vlink-CC-Void/txt_ResponseFormat'

2023-02-15 22:51:48 - [MESSAGE][PASSED] - Text 'fixed_width' is set on object 'Object Repository/RecAndPlayBk/Page-Vlink-CC-Void/txt_ResponseFormat'

2023-02-15 22:51:48 - [TEST_STEP][PASSED] - setText(findTestObject("Object Repository/RecAndPlayBk/Page-Vlink-CC-Void/txt_TransactionID"), tranxID): Text '123456' is set on object 'Object Repository/RecAndPlayBk/Page-Vlink-CC-Void/txt_TransactionID'

2023-02-15 22:51:48 - [MESSAGE][PASSED] - Text '123456' is set on object 'Object Repository/RecAndPlayBk/Page-Vlink-CC-Void/txt_TransactionID'

2023-02-15 22:51:48 - [TEST_STEP][PASSED] - setText(findTestObject("Object Repository/RecAndPlayBk/Page-Vlink-CC-Void/txt_OriginalTransactionType"), "104"): Text '104' is set on object 'Object Repository/RecAndPlayBk/Page-Vlink-CC-Void/txt_OriginalTransactionType'

2023-02-15 22:51:49 - [MESSAGE][PASSED] - Text '104' is set on object 'Object Repository/RecAndPlayBk/Page-Vlink-CC-Void/txt_OriginalTransactionType'

2023-02-15 22:51:49 - [TEST_STEP][PASSED] - setText(findTestObject("Object Repository/RecAndPlayBk/Page-Vlink-CC-Void/txt_TrackData"), ""): Text '' is set on object 'Object Repository/RecAndPlayBk/Page-Vlink-CC-Void/txt_TrackData'

2023-02-15 22:51:49 - [MESSAGE][PASSED] - Text '' is set on object 'Object Repository/RecAndPlayBk/Page-Vlink-CC-Void/txt_TrackData'

2023-02-15 22:51:49 - [TEST_STEP][PASSED] - click(findTestObject("Object Repository/RecAndPlayBk/Page-Vlink-CC-Void/btn_ProcessVLinkTransaction")): Object: 'Object Repository/RecAndPlayBk/Page-Vlink-CC-Void/btn_ProcessVLinkTransaction' is clicked on

2023-02-15 22:51:50 - [MESSAGE][PASSED] - Object: 'Object Repository/RecAndPlayBk/Page-Vlink-CC-Void/btn_ProcessVLinkTransaction' is clicked on

2023-02-15 22:51:50 - [TEST_STEP][PASSED] - if (verifyTextPresent(errorMsg, true)): null

2023-02-15 22:51:50 - [MESSAGE][PASSED] - Text 'Missing parameter: message_version' is present on page  using regular expression

2023-02-15 22:51:50 - [TEST_STEP][PASSED] - println("Error Message is present on the Confirmation page"): null

2023-02-15 22:51:50 - [TEST_STEP][PASSED] - out.println("Pass Record Number: " + row): null

2023-02-15 22:51:50 - [TEST_STEP][PASSED] - resText = "Pass": null

2023-02-15 22:51:50 - [TEST_STEP][PASSED] - pages.WriteExcel.demoKey(resText, datText, resColumn, datCloumn, fileLoc, nameSheet, row): pages.WriteExcel.demoKey is PASSED

2023-02-15 22:51:50 - [MESSAGE][PASSED] - pages.WriteExcel.demoKey is PASSED

2023-02-15 22:51:50 - [TEST_STEP][PASSED] - ExecuteTC = findTestData(dataFile).getValue("Execute", row): null

2023-02-15 22:51:50 - [TEST_STEP][PASSED] - out.println("Value of Execute is : " + ExecuteTC): null

2023-02-15 22:51:50 - [TEST_STEP][PASSED] - if (ExecuteTC.equalsIgnoreCase("Y")): null

2023-02-15 22:51:50 - [TEST_STEP][PASSED] - out.println("Begin Record Number: " + row): null

2023-02-15 22:51:50 - [TEST_STEP][PASSED] - today = new java.util.Date(): null

2023-02-15 22:51:50 - [TEST_STEP][PASSED] - println(today): null

2023-02-15 22:51:50 - [TEST_STEP][PASSED] - datText = today: null

2023-02-15 22:51:50 - [TEST_STEP][PASSED] - errorMsg = findTestData(dataFile).getValue("ErrorMsg", row): null

2023-02-15 22:51:51 - [TEST_STEP][PASSED] - appID = findTestData(dataFile).getValue("AppID", row): null

2023-02-15 22:51:51 - [TEST_STEP][PASSED] - username = findTestData(dataFile).getValue("Username", row): null

2023-02-15 22:51:51 - [TEST_STEP][PASSED] - password = findTestData(dataFile).getValue("Password", row): null

2023-02-15 22:51:51 - [TEST_STEP][PASSED] - tranType = findTestData(dataFile).getValue("TranType", row): null

2023-02-15 22:51:51 - [TEST_STEP][PASSED] - mv = findTestData(dataFile).getValue("MV", row): null

2023-02-15 22:51:51 - [TEST_STEP][PASSED] - resFormat = findTestData(dataFile).getValue("ResFormat", row): null

2023-02-15 22:51:51 - [TEST_STEP][PASSED] - tranxID = findTestData(dataFile).getValue("TranxID", row): null

2023-02-15 22:51:51 - [TEST_STEP][PASSED] - openBrowser(VLinkURL + "CC_void.html"): Browser is opened with url: 'https://dev-algorithm.govolution.com/vlinktest/QA/version_2_0/CC_void.html'

2023-02-15 22:51:51 - [MESSAGE][WARNING] - A browser is already opened. Closing browser and opening a new one

2023-02-15 22:51:52 - [MESSAGE][INFO] - Starting 'Chrome' driver

2023-02-15 22:51:52 - [MESSAGE][INFO] - User set preference: ['acceptInsecureCerts', 'true']

2023-02-15 22:51:52 - [MESSAGE][INFO] - Action delay is set to 0 milliseconds

2023-02-15 22:51:54 - [MESSAGE][PASSED] - Browser is opened with url: 'https://dev-algorithm.govolution.com/vlinktest/QA/version_2_0/CC_void.html'

2023-02-15 22:51:54 - [TEST_STEP][PASSED] - maximizeWindow(): Current window maximized

2023-02-15 22:51:54 - [MESSAGE][PASSED] - Current window maximized

2023-02-15 22:51:54 - [TEST_STEP][PASSED] - maximizeWindow(): Current window maximized

2023-02-15 22:51:54 - [MESSAGE][PASSED] - Current window maximized

2023-02-15 22:51:54 - [TEST_STEP][PASSED] - setText(findTestObject("Object Repository/RecAndPlayBk/Page-Vlink-CC-Void/txt_TransactionType"), tranType): Text '106' is set on object 'Object Repository/RecAndPlayBk/Page-Vlink-CC-Void/txt_TransactionType'

2023-02-15 22:51:55 - [MESSAGE][PASSED] - Text '106' is set on object 'Object Repository/RecAndPlayBk/Page-Vlink-CC-Void/txt_TransactionType'

2023-02-15 22:51:55 - [TEST_STEP][PASSED] - setText(findTestObject("Object Repository/RecAndPlayBk/Page-Vlink-CC-Void/txt_MessageVersion"), mv): Text '2.0C' is set on object 'Object Repository/RecAndPlayBk/Page-Vlink-CC-Void/txt_MessageVersion'

2023-02-15 22:51:55 - [MESSAGE][PASSED] - Text '2.0C' is set on object 'Object Repository/RecAndPlayBk/Page-Vlink-CC-Void/txt_MessageVersion'

2023-02-15 22:51:55 - [TEST_STEP][PASSED] - genRemID = RandomStringUtils.random(12, true, true): null

2023-02-15 22:51:55 - [TEST_STEP][PASSED] - setText(findTestObject("Object Repository/RecAndPlayBk/Page-Vlink-CC-Void/txt_RemID"), genRemID): Text 'MZ0UIzBWQvzE' is set on object 'Object Repository/RecAndPlayBk/Page-Vlink-CC-Void/txt_RemID'

2023-02-15 22:51:56 - [MESSAGE][PASSED] - Text 'MZ0UIzBWQvzE' is set on object 'Object Repository/RecAndPlayBk/Page-Vlink-CC-Void/txt_RemID'

2023-02-15 22:51:56 - [TEST_STEP][PASSED] - setText(findTestObject("Object Repository/RecAndPlayBk/Page-Vlink-CC-Void/txt_ApplicationID"), appID): Text '' is set on object 'Object Repository/RecAndPlayBk/Page-Vlink-CC-Void/txt_ApplicationID'

2023-02-15 22:51:57 - [MESSAGE][PASSED] - Text '' is set on object 'Object Repository/RecAndPlayBk/Page-Vlink-CC-Void/txt_ApplicationID'

2023-02-15 22:51:57 - [TEST_STEP][PASSED] - setText(findTestObject("Object Repository/RecAndPlayBk/Page-Vlink-CC-Void/txt_Username"), username): Text 'username' is set on object 'Object Repository/RecAndPlayBk/Page-Vlink-CC-Void/txt_Username'

2023-02-15 22:51:57 - [MESSAGE][PASSED] - Text 'username' is set on object 'Object Repository/RecAndPlayBk/Page-Vlink-CC-Void/txt_Username'

2023-02-15 22:51:57 - [TEST_STEP][PASSED] - setText(findTestObject("Object Repository/RecAndPlayBk/Page-Vlink-CC-Void/txt_Password"), password): Text 'password' is set on object 'Object Repository/RecAndPlayBk/Page-Vlink-CC-Void/txt_Password'

2023-02-15 22:51:58 - [MESSAGE][PASSED] - Text 'password' is set on object 'Object Repository/RecAndPlayBk/Page-Vlink-CC-Void/txt_Password'

2023-02-15 22:51:58 - [TEST_STEP][PASSED] - setText(findTestObject("Object Repository/RecAndPlayBk/Page-Vlink-CC-Void/txt_ResponseFormat"), resFormat): Text 'fixed_width' is set on object 'Object Repository/RecAndPlayBk/Page-Vlink-CC-Void/txt_ResponseFormat'

2023-02-15 22:51:58 - [MESSAGE][PASSED] - Text 'fixed_width' is set on object 'Object Repository/RecAndPlayBk/Page-Vlink-CC-Void/txt_ResponseFormat'

2023-02-15 22:51:58 - [TEST_STEP][PASSED] - setText(findTestObject("Object Repository/RecAndPlayBk/Page-Vlink-CC-Void/txt_TransactionID"), tranxID): Text '123456' is set on object 'Object Repository/RecAndPlayBk/Page-Vlink-CC-Void/txt_TransactionID'

2023-02-15 22:51:59 - [MESSAGE][PASSED] - Text '123456' is set on object 'Object Repository/RecAndPlayBk/Page-Vlink-CC-Void/txt_TransactionID'

2023-02-15 22:51:59 - [TEST_STEP][PASSED] - setText(findTestObject("Object Repository/RecAndPlayBk/Page-Vlink-CC-Void/txt_OriginalTransactionType"), "104"): Text '104' is set on object 'Object Repository/RecAndPlayBk/Page-Vlink-CC-Void/txt_OriginalTransactionType'

2023-02-15 22:52:00 - [MESSAGE][PASSED] - Text '104' is set on object 'Object Repository/RecAndPlayBk/Page-Vlink-CC-Void/txt_OriginalTransactionType'

2023-02-15 22:52:00 - [TEST_STEP][PASSED] - setText(findTestObject("Object Repository/RecAndPlayBk/Page-Vlink-CC-Void/txt_TrackData"), ""): Text '' is set on object 'Object Repository/RecAndPlayBk/Page-Vlink-CC-Void/txt_TrackData'

2023-02-15 22:52:00 - [MESSAGE][PASSED] - Text '' is set on object 'Object Repository/RecAndPlayBk/Page-Vlink-CC-Void/txt_TrackData'

2023-02-15 22:52:00 - [TEST_STEP][PASSED] - click(findTestObject("Object Repository/RecAndPlayBk/Page-Vlink-CC-Void/btn_ProcessVLinkTransaction")): Object: 'Object Repository/RecAndPlayBk/Page-Vlink-CC-Void/btn_ProcessVLinkTransaction' is clicked on

2023-02-15 22:52:01 - [MESSAGE][PASSED] - Object: 'Object Repository/RecAndPlayBk/Page-Vlink-CC-Void/btn_ProcessVLinkTransaction' is clicked on

2023-02-15 22:52:01 - [TEST_STEP][PASSED] - if (verifyTextPresent(errorMsg, true)): null

2023-02-15 22:52:01 - [MESSAGE][PASSED] - Text 'Missing parameter: application_id' is present on page  using regular expression

2023-02-15 22:52:01 - [TEST_STEP][PASSED] - println("Error Message is present on the Confirmation page"): null

2023-02-15 22:52:01 - [TEST_STEP][PASSED] - out.println("Pass Record Number: " + row): null

2023-02-15 22:52:01 - [TEST_STEP][PASSED] - resText = "Pass": null

2023-02-15 22:52:01 - [TEST_STEP][PASSED] - pages.WriteExcel.demoKey(resText, datText, resColumn, datCloumn, fileLoc, nameSheet, row): pages.WriteExcel.demoKey is PASSED

2023-02-15 22:52:01 - [MESSAGE][PASSED] - pages.WriteExcel.demoKey is PASSED

2023-02-15 22:52:01 - [TEST_STEP][PASSED] - ExecuteTC = findTestData(dataFile).getValue("Execute", row): null

2023-02-15 22:52:01 - [TEST_STEP][PASSED] - out.println("Value of Execute is : " + ExecuteTC): null

2023-02-15 22:52:01 - [TEST_STEP][PASSED] - if (ExecuteTC.equalsIgnoreCase("Y")): null

2023-02-15 22:52:01 - [TEST_STEP][PASSED] - out.println("Begin Record Number: " + row): null

2023-02-15 22:52:01 - [TEST_STEP][PASSED] - today = new java.util.Date(): null

2023-02-15 22:52:01 - [TEST_STEP][PASSED] - println(today): null

2023-02-15 22:52:01 - [TEST_STEP][PASSED] - datText = today: null

2023-02-15 22:52:01 - [TEST_STEP][PASSED] - errorMsg = findTestData(dataFile).getValue("ErrorMsg", row): null

2023-02-15 22:52:01 - [TEST_STEP][PASSED] - appID = findTestData(dataFile).getValue("AppID", row): null

2023-02-15 22:52:02 - [TEST_STEP][PASSED] - username = findTestData(dataFile).getValue("Username", row): null

2023-02-15 22:52:02 - [TEST_STEP][PASSED] - password = findTestData(dataFile).getValue("Password", row): null

2023-02-15 22:52:02 - [TEST_STEP][PASSED] - tranType = findTestData(dataFile).getValue("TranType", row): null

2023-02-15 22:52:02 - [TEST_STEP][PASSED] - mv = findTestData(dataFile).getValue("MV", row): null

2023-02-15 22:52:02 - [TEST_STEP][PASSED] - resFormat = findTestData(dataFile).getValue("ResFormat", row): null

2023-02-15 22:52:02 - [TEST_STEP][PASSED] - tranxID = findTestData(dataFile).getValue("TranxID", row): null

2023-02-15 22:52:02 - [TEST_STEP][PASSED] - openBrowser(VLinkURL + "CC_void.html"): Browser is opened with url: 'https://dev-algorithm.govolution.com/vlinktest/QA/version_2_0/CC_void.html'

2023-02-15 22:52:02 - [MESSAGE][WARNING] - A browser is already opened. Closing browser and opening a new one

2023-02-15 22:52:03 - [MESSAGE][INFO] - Starting 'Chrome' driver

2023-02-15 22:52:03 - [MESSAGE][INFO] - User set preference: ['acceptInsecureCerts', 'true']

2023-02-15 22:52:03 - [MESSAGE][INFO] - Action delay is set to 0 milliseconds

2023-02-15 22:52:05 - [MESSAGE][PASSED] - Browser is opened with url: 'https://dev-algorithm.govolution.com/vlinktest/QA/version_2_0/CC_void.html'

2023-02-15 22:52:05 - [TEST_STEP][PASSED] - maximizeWindow(): Current window maximized

2023-02-15 22:52:05 - [MESSAGE][PASSED] - Current window maximized

2023-02-15 22:52:05 - [TEST_STEP][PASSED] - maximizeWindow(): Current window maximized

2023-02-15 22:52:05 - [MESSAGE][PASSED] - Current window maximized

2023-02-15 22:52:05 - [TEST_STEP][PASSED] - setText(findTestObject("Object Repository/RecAndPlayBk/Page-Vlink-CC-Void/txt_TransactionType"), tranType): Text '106' is set on object 'Object Repository/RecAndPlayBk/Page-Vlink-CC-Void/txt_TransactionType'

2023-02-15 22:52:06 - [MESSAGE][PASSED] - Text '106' is set on object 'Object Repository/RecAndPlayBk/Page-Vlink-CC-Void/txt_TransactionType'

2023-02-15 22:52:06 - [TEST_STEP][PASSED] - setText(findTestObject("Object Repository/RecAndPlayBk/Page-Vlink-CC-Void/txt_MessageVersion"), mv): Text '2.0C' is set on object 'Object Repository/RecAndPlayBk/Page-Vlink-CC-Void/txt_MessageVersion'

2023-02-15 22:52:06 - [MESSAGE][PASSED] - Text '2.0C' is set on object 'Object Repository/RecAndPlayBk/Page-Vlink-CC-Void/txt_MessageVersion'

2023-02-15 22:52:06 - [TEST_STEP][PASSED] - genRemID = RandomStringUtils.random(12, true, true): null

2023-02-15 22:52:06 - [TEST_STEP][PASSED] - setText(findTestObject("Object Repository/RecAndPlayBk/Page-Vlink-CC-Void/txt_RemID"), genRemID): Text 'DCEBlBBRF6JO' is set on object 'Object Repository/RecAndPlayBk/Page-Vlink-CC-Void/txt_RemID'

2023-02-15 22:52:07 - [MESSAGE][PASSED] - Text 'DCEBlBBRF6JO' is set on object 'Object Repository/RecAndPlayBk/Page-Vlink-CC-Void/txt_RemID'

2023-02-15 22:52:07 - [TEST_STEP][PASSED] - setText(findTestObject("Object Repository/RecAndPlayBk/Page-Vlink-CC-Void/txt_ApplicationID"), appID): Text '234' is set on object 'Object Repository/RecAndPlayBk/Page-Vlink-CC-Void/txt_ApplicationID'

2023-02-15 22:52:08 - [MESSAGE][PASSED] - Text '234' is set on object 'Object Repository/RecAndPlayBk/Page-Vlink-CC-Void/txt_ApplicationID'

2023-02-15 22:52:08 - [TEST_STEP][PASSED] - setText(findTestObject("Object Repository/RecAndPlayBk/Page-Vlink-CC-Void/txt_Username"), username): Text 'username' is set on object 'Object Repository/RecAndPlayBk/Page-Vlink-CC-Void/txt_Username'

2023-02-15 22:52:08 - [MESSAGE][PASSED] - Text 'username' is set on object 'Object Repository/RecAndPlayBk/Page-Vlink-CC-Void/txt_Username'

2023-02-15 22:52:08 - [TEST_STEP][PASSED] - setText(findTestObject("Object Repository/RecAndPlayBk/Page-Vlink-CC-Void/txt_Password"), password): Text 'password' is set on object 'Object Repository/RecAndPlayBk/Page-Vlink-CC-Void/txt_Password'

2023-02-15 22:52:09 - [MESSAGE][PASSED] - Text 'password' is set on object 'Object Repository/RecAndPlayBk/Page-Vlink-CC-Void/txt_Password'

2023-02-15 22:52:09 - [TEST_STEP][PASSED] - setText(findTestObject("Object Repository/RecAndPlayBk/Page-Vlink-CC-Void/txt_ResponseFormat"), resFormat): Text '' is set on object 'Object Repository/RecAndPlayBk/Page-Vlink-CC-Void/txt_ResponseFormat'

2023-02-15 22:52:10 - [MESSAGE][PASSED] - Text '' is set on object 'Object Repository/RecAndPlayBk/Page-Vlink-CC-Void/txt_ResponseFormat'

2023-02-15 22:52:10 - [TEST_STEP][PASSED] - setText(findTestObject("Object Repository/RecAndPlayBk/Page-Vlink-CC-Void/txt_TransactionID"), tranxID): Text '123456' is set on object 'Object Repository/RecAndPlayBk/Page-Vlink-CC-Void/txt_TransactionID'

2023-02-15 22:52:10 - [MESSAGE][PASSED] - Text '123456' is set on object 'Object Repository/RecAndPlayBk/Page-Vlink-CC-Void/txt_TransactionID'

2023-02-15 22:52:10 - [TEST_STEP][PASSED] - setText(findTestObject("Object Repository/RecAndPlayBk/Page-Vlink-CC-Void/txt_OriginalTransactionType"), "104"): Text '104' is set on object 'Object Repository/RecAndPlayBk/Page-Vlink-CC-Void/txt_OriginalTransactionType'

2023-02-15 22:52:11 - [MESSAGE][PASSED] - Text '104' is set on object 'Object Repository/RecAndPlayBk/Page-Vlink-CC-Void/txt_OriginalTransactionType'

2023-02-15 22:52:11 - [TEST_STEP][PASSED] - setText(findTestObject("Object Repository/RecAndPlayBk/Page-Vlink-CC-Void/txt_TrackData"), ""): Text '' is set on object 'Object Repository/RecAndPlayBk/Page-Vlink-CC-Void/txt_TrackData'

2023-02-15 22:52:12 - [MESSAGE][PASSED] - Text '' is set on object 'Object Repository/RecAndPlayBk/Page-Vlink-CC-Void/txt_TrackData'

2023-02-15 22:52:12 - [TEST_STEP][PASSED] - click(findTestObject("Object Repository/RecAndPlayBk/Page-Vlink-CC-Void/btn_ProcessVLinkTransaction")): Object: 'Object Repository/RecAndPlayBk/Page-Vlink-CC-Void/btn_ProcessVLinkTransaction' is clicked on

2023-02-15 22:52:12 - [MESSAGE][PASSED] - Object: 'Object Repository/RecAndPlayBk/Page-Vlink-CC-Void/btn_ProcessVLinkTransaction' is clicked on

2023-02-15 22:52:12 - [TEST_STEP][PASSED] - if (verifyTextPresent(errorMsg, true)): null

2023-02-15 22:52:13 - [MESSAGE][PASSED] - Text 'response_format' is present on page  using regular expression

2023-02-15 22:52:13 - [TEST_STEP][PASSED] - println("Error Message is present on the Confirmation page"): null

2023-02-15 22:52:13 - [TEST_STEP][PASSED] - out.println("Pass Record Number: " + row): null

2023-02-15 22:52:13 - [TEST_STEP][PASSED] - resText = "Pass": null

2023-02-15 22:52:13 - [TEST_STEP][PASSED] - pages.WriteExcel.demoKey(resText, datText, resColumn, datCloumn, fileLoc, nameSheet, row): pages.WriteExcel.demoKey is PASSED

2023-02-15 22:52:13 - [MESSAGE][PASSED] - pages.WriteExcel.demoKey is PASSED

2023-02-15 22:52:13 - [TEST_STEP][PASSED] - ExecuteTC = findTestData(dataFile).getValue("Execute", row): null

2023-02-15 22:52:13 - [TEST_STEP][PASSED] - out.println("Value of Execute is : " + ExecuteTC): null

2023-02-15 22:52:13 - [TEST_STEP][PASSED] - if (ExecuteTC.equalsIgnoreCase("Y")): null

2023-02-15 22:52:13 - [TEST_STEP][PASSED] - out.println("Begin Record Number: " + row): null

2023-02-15 22:52:13 - [TEST_STEP][PASSED] - today = new java.util.Date(): null

2023-02-15 22:52:13 - [TEST_STEP][PASSED] - println(today): null

2023-02-15 22:52:13 - [TEST_STEP][PASSED] - datText = today: null

2023-02-15 22:52:13 - [TEST_STEP][PASSED] - errorMsg = findTestData(dataFile).getValue("ErrorMsg", row): null

2023-02-15 22:52:13 - [TEST_STEP][PASSED] - appID = findTestData(dataFile).getValue("AppID", row): null

2023-02-15 22:52:13 - [TEST_STEP][PASSED] - username = findTestData(dataFile).getValue("Username", row): null

2023-02-15 22:52:13 - [TEST_STEP][PASSED] - password = findTestData(dataFile).getValue("Password", row): null

2023-02-15 22:52:13 - [TEST_STEP][PASSED] - tranType = findTestData(dataFile).getValue("TranType", row): null

2023-02-15 22:52:13 - [TEST_STEP][PASSED] - mv = findTestData(dataFile).getValue("MV", row): null

2023-02-15 22:52:13 - [TEST_STEP][PASSED] - resFormat = findTestData(dataFile).getValue("ResFormat", row): null

2023-02-15 22:52:13 - [TEST_STEP][PASSED] - tranxID = findTestData(dataFile).getValue("TranxID", row): null

2023-02-15 22:52:14 - [TEST_STEP][PASSED] - openBrowser(VLinkURL + "CC_void.html"): Browser is opened with url: 'https://dev-algorithm.govolution.com/vlinktest/QA/version_2_0/CC_void.html'

2023-02-15 22:52:14 - [MESSAGE][WARNING] - A browser is already opened. Closing browser and opening a new one

2023-02-15 22:52:14 - [MESSAGE][INFO] - Starting 'Chrome' driver

2023-02-15 22:52:14 - [MESSAGE][INFO] - User set preference: ['acceptInsecureCerts', 'true']

2023-02-15 22:52:14 - [MESSAGE][INFO] - Action delay is set to 0 milliseconds

2023-02-15 22:52:16 - [MESSAGE][PASSED] - Browser is opened with url: 'https://dev-algorithm.govolution.com/vlinktest/QA/version_2_0/CC_void.html'

2023-02-15 22:52:16 - [TEST_STEP][PASSED] - maximizeWindow(): Current window maximized

2023-02-15 22:52:16 - [MESSAGE][PASSED] - Current window maximized

2023-02-15 22:52:16 - [TEST_STEP][PASSED] - maximizeWindow(): Current window maximized

2023-02-15 22:52:16 - [MESSAGE][PASSED] - Current window maximized

2023-02-15 22:52:16 - [TEST_STEP][PASSED] - setText(findTestObject("Object Repository/RecAndPlayBk/Page-Vlink-CC-Void/txt_TransactionType"), tranType): Text '106' is set on object 'Object Repository/RecAndPlayBk/Page-Vlink-CC-Void/txt_TransactionType'

2023-02-15 22:52:17 - [MESSAGE][PASSED] - Text '106' is set on object 'Object Repository/RecAndPlayBk/Page-Vlink-CC-Void/txt_TransactionType'

2023-02-15 22:52:17 - [TEST_STEP][PASSED] - setText(findTestObject("Object Repository/RecAndPlayBk/Page-Vlink-CC-Void/txt_MessageVersion"), mv): Text '2.0C' is set on object 'Object Repository/RecAndPlayBk/Page-Vlink-CC-Void/txt_MessageVersion'

2023-02-15 22:52:18 - [MESSAGE][PASSED] - Text '2.0C' is set on object 'Object Repository/RecAndPlayBk/Page-Vlink-CC-Void/txt_MessageVersion'

2023-02-15 22:52:18 - [TEST_STEP][PASSED] - genRemID = RandomStringUtils.random(12, true, true): null

2023-02-15 22:52:18 - [TEST_STEP][PASSED] - setText(findTestObject("Object Repository/RecAndPlayBk/Page-Vlink-CC-Void/txt_RemID"), genRemID): Text 'mFbJfWvJRotE' is set on object 'Object Repository/RecAndPlayBk/Page-Vlink-CC-Void/txt_RemID'

2023-02-15 22:52:18 - [MESSAGE][PASSED] - Text 'mFbJfWvJRotE' is set on object 'Object Repository/RecAndPlayBk/Page-Vlink-CC-Void/txt_RemID'

2023-02-15 22:52:18 - [TEST_STEP][PASSED] - setText(findTestObject("Object Repository/RecAndPlayBk/Page-Vlink-CC-Void/txt_ApplicationID"), appID): Text '234' is set on object 'Object Repository/RecAndPlayBk/Page-Vlink-CC-Void/txt_ApplicationID'

2023-02-15 22:52:19 - [MESSAGE][PASSED] - Text '234' is set on object 'Object Repository/RecAndPlayBk/Page-Vlink-CC-Void/txt_ApplicationID'

2023-02-15 22:52:19 - [TEST_STEP][PASSED] - setText(findTestObject("Object Repository/RecAndPlayBk/Page-Vlink-CC-Void/txt_Username"), username): Text 'username' is set on object 'Object Repository/RecAndPlayBk/Page-Vlink-CC-Void/txt_Username'

2023-02-15 22:52:20 - [MESSAGE][PASSED] - Text 'username' is set on object 'Object Repository/RecAndPlayBk/Page-Vlink-CC-Void/txt_Username'

2023-02-15 22:52:20 - [TEST_STEP][PASSED] - setText(findTestObject("Object Repository/RecAndPlayBk/Page-Vlink-CC-Void/txt_Password"), password): Text 'password' is set on object 'Object Repository/RecAndPlayBk/Page-Vlink-CC-Void/txt_Password'

2023-02-15 22:52:20 - [MESSAGE][PASSED] - Text 'password' is set on object 'Object Repository/RecAndPlayBk/Page-Vlink-CC-Void/txt_Password'

2023-02-15 22:52:20 - [TEST_STEP][PASSED] - setText(findTestObject("Object Repository/RecAndPlayBk/Page-Vlink-CC-Void/txt_ResponseFormat"), resFormat): Text 'fixed_width' is set on object 'Object Repository/RecAndPlayBk/Page-Vlink-CC-Void/txt_ResponseFormat'

2023-02-15 22:52:21 - [MESSAGE][PASSED] - Text 'fixed_width' is set on object 'Object Repository/RecAndPlayBk/Page-Vlink-CC-Void/txt_ResponseFormat'

2023-02-15 22:52:21 - [TEST_STEP][PASSED] - setText(findTestObject("Object Repository/RecAndPlayBk/Page-Vlink-CC-Void/txt_TransactionID"), tranxID): Text '' is set on object 'Object Repository/RecAndPlayBk/Page-Vlink-CC-Void/txt_TransactionID'

2023-02-15 22:52:21 - [MESSAGE][PASSED] - Text '' is set on object 'Object Repository/RecAndPlayBk/Page-Vlink-CC-Void/txt_TransactionID'

2023-02-15 22:52:21 - [TEST_STEP][PASSED] - setText(findTestObject("Object Repository/RecAndPlayBk/Page-Vlink-CC-Void/txt_OriginalTransactionType"), "104"): Text '104' is set on object 'Object Repository/RecAndPlayBk/Page-Vlink-CC-Void/txt_OriginalTransactionType'

2023-02-15 22:52:22 - [MESSAGE][PASSED] - Text '104' is set on object 'Object Repository/RecAndPlayBk/Page-Vlink-CC-Void/txt_OriginalTransactionType'

2023-02-15 22:52:22 - [TEST_STEP][PASSED] - setText(findTestObject("Object Repository/RecAndPlayBk/Page-Vlink-CC-Void/txt_TrackData"), ""): Text '' is set on object 'Object Repository/RecAndPlayBk/Page-Vlink-CC-Void/txt_TrackData'

2023-02-15 22:52:23 - [MESSAGE][PASSED] - Text '' is set on object 'Object Repository/RecAndPlayBk/Page-Vlink-CC-Void/txt_TrackData'

2023-02-15 22:52:23 - [TEST_STEP][PASSED] - click(findTestObject("Object Repository/RecAndPlayBk/Page-Vlink-CC-Void/btn_ProcessVLinkTransaction")): Object: 'Object Repository/RecAndPlayBk/Page-Vlink-CC-Void/btn_ProcessVLinkTransaction' is clicked on

2023-02-15 22:52:23 - [MESSAGE][PASSED] - Object: 'Object Repository/RecAndPlayBk/Page-Vlink-CC-Void/btn_ProcessVLinkTransaction' is clicked on

2023-02-15 22:52:23 - [TEST_STEP][PASSED] - if (verifyTextPresent(errorMsg, true)): null

2023-02-15 22:52:24 - [MESSAGE][PASSED] - Text 'transaction_id' is present on page  using regular expression

2023-02-15 22:52:24 - [TEST_STEP][PASSED] - println("Error Message is present on the Confirmation page"): null

2023-02-15 22:52:24 - [TEST_STEP][PASSED] - out.println("Pass Record Number: " + row): null

2023-02-15 22:52:24 - [TEST_STEP][PASSED] - resText = "Pass": null

2023-02-15 22:52:24 - [TEST_STEP][PASSED] - pages.WriteExcel.demoKey(resText, datText, resColumn, datCloumn, fileLoc, nameSheet, row): pages.WriteExcel.demoKey is PASSED

2023-02-15 22:52:24 - [MESSAGE][PASSED] - pages.WriteExcel.demoKey is PASSED

2023-02-15 22:52:24 - [TEST_STEP][PASSED] - ExecuteTC = findTestData(dataFile).getValue("Execute", row): null

2023-02-15 22:52:24 - [TEST_STEP][PASSED] - out.println("Value of Execute is : " + ExecuteTC): null

2023-02-15 22:52:24 - [TEST_STEP][PASSED] - if (ExecuteTC.equalsIgnoreCase("Y")): null

2023-02-15 22:52:24 - [TEST_STEP][PASSED] - out.println("Begin Record Number: " + row): null

2023-02-15 22:52:24 - [TEST_STEP][PASSED] - today = new java.util.Date(): null

2023-02-15 22:52:24 - [TEST_STEP][PASSED] - println(today): null

2023-02-15 22:52:24 - [TEST_STEP][PASSED] - datText = today: null

2023-02-15 22:52:24 - [TEST_STEP][PASSED] - errorMsg = findTestData(dataFile).getValue("ErrorMsg", row): null

2023-02-15 22:52:24 - [TEST_STEP][PASSED] - appID = findTestData(dataFile).getValue("AppID", row): null

2023-02-15 22:52:24 - [TEST_STEP][PASSED] - username = findTestData(dataFile).getValue("Username", row): null

2023-02-15 22:52:24 - [TEST_STEP][PASSED] - password = findTestData(dataFile).getValue("Password", row): null

2023-02-15 22:52:24 - [TEST_STEP][PASSED] - tranType = findTestData(dataFile).getValue("TranType", row): null

2023-02-15 22:52:24 - [TEST_STEP][PASSED] - mv = findTestData(dataFile).getValue("MV", row): null

2023-02-15 22:52:24 - [TEST_STEP][PASSED] - resFormat = findTestData(dataFile).getValue("ResFormat", row): null

2023-02-15 22:52:24 - [TEST_STEP][PASSED] - tranxID = findTestData(dataFile).getValue("TranxID", row): null

2023-02-15 22:52:25 - [TEST_STEP][PASSED] - openBrowser(VLinkURL + "CC_void.html"): Browser is opened with url: 'https://dev-algorithm.govolution.com/vlinktest/QA/version_2_0/CC_void.html'

2023-02-15 22:52:25 - [MESSAGE][WARNING] - A browser is already opened. Closing browser and opening a new one

2023-02-15 22:52:25 - [MESSAGE][INFO] - Starting 'Chrome' driver

2023-02-15 22:52:25 - [MESSAGE][INFO] - User set preference: ['acceptInsecureCerts', 'true']

2023-02-15 22:52:25 - [MESSAGE][INFO] - Action delay is set to 0 milliseconds

2023-02-15 22:52:27 - [MESSAGE][PASSED] - Browser is opened with url: 'https://dev-algorithm.govolution.com/vlinktest/QA/version_2_0/CC_void.html'

2023-02-15 22:52:27 - [TEST_STEP][PASSED] - maximizeWindow(): Current window maximized

2023-02-15 22:52:27 - [MESSAGE][PASSED] - Current window maximized

2023-02-15 22:52:27 - [TEST_STEP][PASSED] - maximizeWindow(): Current window maximized

2023-02-15 22:52:27 - [MESSAGE][PASSED] - Current window maximized

2023-02-15 22:52:27 - [TEST_STEP][PASSED] - setText(findTestObject("Object Repository/RecAndPlayBk/Page-Vlink-CC-Void/txt_TransactionType"), tranType): Text '106' is set on object 'Object Repository/RecAndPlayBk/Page-Vlink-CC-Void/txt_TransactionType'

2023-02-15 22:52:28 - [MESSAGE][PASSED] - Text '106' is set on object 'Object Repository/RecAndPlayBk/Page-Vlink-CC-Void/txt_TransactionType'

2023-02-15 22:52:28 - [TEST_STEP][PASSED] - setText(findTestObject("Object Repository/RecAndPlayBk/Page-Vlink-CC-Void/txt_MessageVersion"), mv): Text '2.0C' is set on object 'Object Repository/RecAndPlayBk/Page-Vlink-CC-Void/txt_MessageVersion'

2023-02-15 22:52:29 - [MESSAGE][PASSED] - Text '2.0C' is set on object 'Object Repository/RecAndPlayBk/Page-Vlink-CC-Void/txt_MessageVersion'

2023-02-15 22:52:29 - [TEST_STEP][PASSED] - genRemID = RandomStringUtils.random(12, true, true): null

2023-02-15 22:52:29 - [TEST_STEP][PASSED] - setText(findTestObject("Object Repository/RecAndPlayBk/Page-Vlink-CC-Void/txt_RemID"), genRemID): Text 'TGcsiXpNloUI' is set on object 'Object Repository/RecAndPlayBk/Page-Vlink-CC-Void/txt_RemID'

2023-02-15 22:52:29 - [MESSAGE][PASSED] - Text 'TGcsiXpNloUI' is set on object 'Object Repository/RecAndPlayBk/Page-Vlink-CC-Void/txt_RemID'

2023-02-15 22:52:29 - [TEST_STEP][PASSED] - setText(findTestObject("Object Repository/RecAndPlayBk/Page-Vlink-CC-Void/txt_ApplicationID"), appID): Text '234' is set on object 'Object Repository/RecAndPlayBk/Page-Vlink-CC-Void/txt_ApplicationID'

2023-02-15 22:52:30 - [MESSAGE][PASSED] - Text '234' is set on object 'Object Repository/RecAndPlayBk/Page-Vlink-CC-Void/txt_ApplicationID'

2023-02-15 22:52:30 - [TEST_STEP][PASSED] - setText(findTestObject("Object Repository/RecAndPlayBk/Page-Vlink-CC-Void/txt_Username"), username): Text '' is set on object 'Object Repository/RecAndPlayBk/Page-Vlink-CC-Void/txt_Username'

2023-02-15 22:52:30 - [MESSAGE][PASSED] - Text '' is set on object 'Object Repository/RecAndPlayBk/Page-Vlink-CC-Void/txt_Username'

2023-02-15 22:52:30 - [TEST_STEP][PASSED] - setText(findTestObject("Object Repository/RecAndPlayBk/Page-Vlink-CC-Void/txt_Password"), password): Text 'password' is set on object 'Object Repository/RecAndPlayBk/Page-Vlink-CC-Void/txt_Password'

2023-02-15 22:52:31 - [MESSAGE][PASSED] - Text 'password' is set on object 'Object Repository/RecAndPlayBk/Page-Vlink-CC-Void/txt_Password'

2023-02-15 22:52:31 - [TEST_STEP][PASSED] - setText(findTestObject("Object Repository/RecAndPlayBk/Page-Vlink-CC-Void/txt_ResponseFormat"), resFormat): Text 'fixed_width' is set on object 'Object Repository/RecAndPlayBk/Page-Vlink-CC-Void/txt_ResponseFormat'

2023-02-15 22:52:32 - [MESSAGE][PASSED] - Text 'fixed_width' is set on object 'Object Repository/RecAndPlayBk/Page-Vlink-CC-Void/txt_ResponseFormat'

2023-02-15 22:52:32 - [TEST_STEP][PASSED] - setText(findTestObject("Object Repository/RecAndPlayBk/Page-Vlink-CC-Void/txt_TransactionID"), tranxID): Text '123456' is set on object 'Object Repository/RecAndPlayBk/Page-Vlink-CC-Void/txt_TransactionID'

2023-02-15 22:52:32 - [MESSAGE][PASSED] - Text '123456' is set on object 'Object Repository/RecAndPlayBk/Page-Vlink-CC-Void/txt_TransactionID'

2023-02-15 22:52:32 - [TEST_STEP][PASSED] - setText(findTestObject("Object Repository/RecAndPlayBk/Page-Vlink-CC-Void/txt_OriginalTransactionType"), "104"): Text '104' is set on object 'Object Repository/RecAndPlayBk/Page-Vlink-CC-Void/txt_OriginalTransactionType'

2023-02-15 22:52:33 - [MESSAGE][PASSED] - Text '104' is set on object 'Object Repository/RecAndPlayBk/Page-Vlink-CC-Void/txt_OriginalTransactionType'

2023-02-15 22:52:33 - [TEST_STEP][PASSED] - setText(findTestObject("Object Repository/RecAndPlayBk/Page-Vlink-CC-Void/txt_TrackData"), ""): Text '' is set on object 'Object Repository/RecAndPlayBk/Page-Vlink-CC-Void/txt_TrackData'

2023-02-15 22:52:33 - [MESSAGE][PASSED] - Text '' is set on object 'Object Repository/RecAndPlayBk/Page-Vlink-CC-Void/txt_TrackData'

2023-02-15 22:52:33 - [TEST_STEP][PASSED] - click(findTestObject("Object Repository/RecAndPlayBk/Page-Vlink-CC-Void/btn_ProcessVLinkTransaction")): Object: 'Object Repository/RecAndPlayBk/Page-Vlink-CC-Void/btn_ProcessVLinkTransaction' is clicked on

2023-02-15 22:52:34 - [MESSAGE][PASSED] - Object: 'Object Repository/RecAndPlayBk/Page-Vlink-CC-Void/btn_ProcessVLinkTransaction' is clicked on

2023-02-15 22:52:34 - [TEST_STEP][PASSED] - if (verifyTextPresent(errorMsg, true)): null

2023-02-15 22:52:34 - [MESSAGE][PASSED] - Text 'Signon authentication error' is present on page  using regular expression

2023-02-15 22:52:34 - [TEST_STEP][PASSED] - println("Error Message is present on the Confirmation page"): null

2023-02-15 22:52:34 - [TEST_STEP][PASSED] - out.println("Pass Record Number: " + row): null

2023-02-15 22:52:34 - [TEST_STEP][PASSED] - resText = "Pass": null

2023-02-15 22:52:34 - [TEST_STEP][PASSED] - pages.WriteExcel.demoKey(resText, datText, resColumn, datCloumn, fileLoc, nameSheet, row): pages.WriteExcel.demoKey is PASSED

2023-02-15 22:52:34 - [MESSAGE][PASSED] - pages.WriteExcel.demoKey is PASSED

2023-02-15 22:52:34 - [TEST_STEP][PASSED] - ExecuteTC = findTestData(dataFile).getValue("Execute", row): null

2023-02-15 22:52:35 - [TEST_STEP][PASSED] - out.println("Value of Execute is : " + ExecuteTC): null

2023-02-15 22:52:35 - [TEST_STEP][PASSED] - if (ExecuteTC.equalsIgnoreCase("Y")): null

2023-02-15 22:52:35 - [TEST_STEP][PASSED] - out.println("Begin Record Number: " + row): null

2023-02-15 22:52:35 - [TEST_STEP][PASSED] - today = new java.util.Date(): null

2023-02-15 22:52:35 - [TEST_STEP][PASSED] - println(today): null

2023-02-15 22:52:35 - [TEST_STEP][PASSED] - datText = today: null

2023-02-15 22:52:35 - [TEST_STEP][PASSED] - errorMsg = findTestData(dataFile).getValue("ErrorMsg", row): null

2023-02-15 22:52:35 - [TEST_STEP][PASSED] - appID = findTestData(dataFile).getValue("AppID", row): null

2023-02-15 22:52:35 - [TEST_STEP][PASSED] - username = findTestData(dataFile).getValue("Username", row): null

2023-02-15 22:52:35 - [TEST_STEP][PASSED] - password = findTestData(dataFile).getValue("Password", row): null

2023-02-15 22:52:35 - [TEST_STEP][PASSED] - tranType = findTestData(dataFile).getValue("TranType", row): null

2023-02-15 22:52:35 - [TEST_STEP][PASSED] - mv = findTestData(dataFile).getValue("MV", row): null

2023-02-15 22:52:35 - [TEST_STEP][PASSED] - resFormat = findTestData(dataFile).getValue("ResFormat", row): null

2023-02-15 22:52:35 - [TEST_STEP][PASSED] - tranxID = findTestData(dataFile).getValue("TranxID", row): null

2023-02-15 22:52:35 - [TEST_STEP][PASSED] - openBrowser(VLinkURL + "CC_void.html"): Browser is opened with url: 'https://dev-algorithm.govolution.com/vlinktest/QA/version_2_0/CC_void.html'

2023-02-15 22:52:35 - [MESSAGE][WARNING] - A browser is already opened. Closing browser and opening a new one

2023-02-15 22:52:36 - [MESSAGE][INFO] - Starting 'Chrome' driver

2023-02-15 22:52:36 - [MESSAGE][INFO] - User set preference: ['acceptInsecureCerts', 'true']

2023-02-15 22:52:36 - [MESSAGE][INFO] - Action delay is set to 0 milliseconds

2023-02-15 22:52:38 - [MESSAGE][PASSED] - Browser is opened with url: 'https://dev-algorithm.govolution.com/vlinktest/QA/version_2_0/CC_void.html'

2023-02-15 22:52:38 - [TEST_STEP][PASSED] - maximizeWindow(): Current window maximized

2023-02-15 22:52:38 - [MESSAGE][PASSED] - Current window maximized

2023-02-15 22:52:38 - [TEST_STEP][PASSED] - maximizeWindow(): Current window maximized

2023-02-15 22:52:38 - [MESSAGE][PASSED] - Current window maximized

2023-02-15 22:52:38 - [TEST_STEP][PASSED] - setText(findTestObject("Object Repository/RecAndPlayBk/Page-Vlink-CC-Void/txt_TransactionType"), tranType): Text '106' is set on object 'Object Repository/RecAndPlayBk/Page-Vlink-CC-Void/txt_TransactionType'

2023-02-15 22:52:39 - [MESSAGE][PASSED] - Text '106' is set on object 'Object Repository/RecAndPlayBk/Page-Vlink-CC-Void/txt_TransactionType'

2023-02-15 22:52:39 - [TEST_STEP][PASSED] - setText(findTestObject("Object Repository/RecAndPlayBk/Page-Vlink-CC-Void/txt_MessageVersion"), mv): Text '2.0C' is set on object 'Object Repository/RecAndPlayBk/Page-Vlink-CC-Void/txt_MessageVersion'

2023-02-15 22:52:39 - [MESSAGE][PASSED] - Text '2.0C' is set on object 'Object Repository/RecAndPlayBk/Page-Vlink-CC-Void/txt_MessageVersion'

2023-02-15 22:52:39 - [TEST_STEP][PASSED] - genRemID = RandomStringUtils.random(12, true, true): null

2023-02-15 22:52:39 - [TEST_STEP][PASSED] - setText(findTestObject("Object Repository/RecAndPlayBk/Page-Vlink-CC-Void/txt_RemID"), genRemID): Text '8Au3WfbERMIP' is set on object 'Object Repository/RecAndPlayBk/Page-Vlink-CC-Void/txt_RemID'

2023-02-15 22:52:40 - [MESSAGE][PASSED] - Text '8Au3WfbERMIP' is set on object 'Object Repository/RecAndPlayBk/Page-Vlink-CC-Void/txt_RemID'

2023-02-15 22:52:40 - [TEST_STEP][PASSED] - setText(findTestObject("Object Repository/RecAndPlayBk/Page-Vlink-CC-Void/txt_ApplicationID"), appID): Text '234' is set on object 'Object Repository/RecAndPlayBk/Page-Vlink-CC-Void/txt_ApplicationID'

2023-02-15 22:52:41 - [MESSAGE][PASSED] - Text '234' is set on object 'Object Repository/RecAndPlayBk/Page-Vlink-CC-Void/txt_ApplicationID'

2023-02-15 22:52:41 - [TEST_STEP][PASSED] - setText(findTestObject("Object Repository/RecAndPlayBk/Page-Vlink-CC-Void/txt_Username"), username): Text 'username' is set on object 'Object Repository/RecAndPlayBk/Page-Vlink-CC-Void/txt_Username'

2023-02-15 22:52:41 - [MESSAGE][PASSED] - Text 'username' is set on object 'Object Repository/RecAndPlayBk/Page-Vlink-CC-Void/txt_Username'

2023-02-15 22:52:41 - [TEST_STEP][PASSED] - setText(findTestObject("Object Repository/RecAndPlayBk/Page-Vlink-CC-Void/txt_Password"), password): Text '' is set on object 'Object Repository/RecAndPlayBk/Page-Vlink-CC-Void/txt_Password'

2023-02-15 22:52:42 - [MESSAGE][PASSED] - Text '' is set on object 'Object Repository/RecAndPlayBk/Page-Vlink-CC-Void/txt_Password'

2023-02-15 22:52:42 - [TEST_STEP][PASSED] - setText(findTestObject("Object Repository/RecAndPlayBk/Page-Vlink-CC-Void/txt_ResponseFormat"), resFormat): Text 'fixed_width' is set on object 'Object Repository/RecAndPlayBk/Page-Vlink-CC-Void/txt_ResponseFormat'

2023-02-15 22:52:43 - [MESSAGE][PASSED] - Text 'fixed_width' is set on object 'Object Repository/RecAndPlayBk/Page-Vlink-CC-Void/txt_ResponseFormat'

2023-02-15 22:52:43 - [TEST_STEP][PASSED] - setText(findTestObject("Object Repository/RecAndPlayBk/Page-Vlink-CC-Void/txt_TransactionID"), tranxID): Text '123456' is set on object 'Object Repository/RecAndPlayBk/Page-Vlink-CC-Void/txt_TransactionID'

2023-02-15 22:52:43 - [MESSAGE][PASSED] - Text '123456' is set on object 'Object Repository/RecAndPlayBk/Page-Vlink-CC-Void/txt_TransactionID'

2023-02-15 22:52:43 - [TEST_STEP][PASSED] - setText(findTestObject("Object Repository/RecAndPlayBk/Page-Vlink-CC-Void/txt_OriginalTransactionType"), "104"): Text '104' is set on object 'Object Repository/RecAndPlayBk/Page-Vlink-CC-Void/txt_OriginalTransactionType'

2023-02-15 22:52:44 - [MESSAGE][PASSED] - Text '104' is set on object 'Object Repository/RecAndPlayBk/Page-Vlink-CC-Void/txt_OriginalTransactionType'

2023-02-15 22:52:44 - [TEST_STEP][PASSED] - setText(findTestObject("Object Repository/RecAndPlayBk/Page-Vlink-CC-Void/txt_TrackData"), ""): Text '' is set on object 'Object Repository/RecAndPlayBk/Page-Vlink-CC-Void/txt_TrackData'

2023-02-15 22:52:44 - [MESSAGE][PASSED] - Text '' is set on object 'Object Repository/RecAndPlayBk/Page-Vlink-CC-Void/txt_TrackData'

2023-02-15 22:52:44 - [TEST_STEP][PASSED] - click(findTestObject("Object Repository/RecAndPlayBk/Page-Vlink-CC-Void/btn_ProcessVLinkTransaction")): Object: 'Object Repository/RecAndPlayBk/Page-Vlink-CC-Void/btn_ProcessVLinkTransaction' is clicked on

2023-02-15 22:52:45 - [MESSAGE][PASSED] - Object: 'Object Repository/RecAndPlayBk/Page-Vlink-CC-Void/btn_ProcessVLinkTransaction' is clicked on

2023-02-15 22:52:45 - [TEST_STEP][PASSED] - if (verifyTextPresent(errorMsg, true)): null

2023-02-15 22:52:45 - [MESSAGE][PASSED] - Text 'Signon authentication error' is present on page  using regular expression

2023-02-15 22:52:45 - [TEST_STEP][PASSED] - println("Error Message is present on the Confirmation page"): null

2023-02-15 22:52:45 - [TEST_STEP][PASSED] - out.println("Pass Record Number: " + row): null

2023-02-15 22:52:45 - [TEST_STEP][PASSED] - resText = "Pass": null

2023-02-15 22:52:45 - [TEST_STEP][PASSED] - pages.WriteExcel.demoKey(resText, datText, resColumn, datCloumn, fileLoc, nameSheet, row): pages.WriteExcel.demoKey is PASSED

2023-02-15 22:52:45 - [MESSAGE][PASSED] - pages.WriteExcel.demoKey is PASSED

2023-02-15 22:52:45 - [TEST_STEP][PASSED] - ExecuteTC = findTestData(dataFile).getValue("Execute", row): null

2023-02-15 22:52:45 - [TEST_STEP][PASSED] - out.println("Value of Execute is : " + ExecuteTC): null

2023-02-15 22:52:45 - [TEST_STEP][PASSED] - if (ExecuteTC.equalsIgnoreCase("Y")): null]]></system-out>
         <system-err><![CDATA[]]></system-err>
      </testcase>
      <testcase name="Test Cases/RecAndPlayBk/VLink/Credit-MRF" time="103.655" classname="Test Cases/RecAndPlayBk/VLink/Credit-MRF" status="PASSED">
         <system-out><![CDATA[2023-02-15 22:52:45 - [TEST_CASE][PASSED] - Test Cases/RecAndPlayBk/VLink/Credit-MRF: Test Cases/RecAndPlayBk/VLink/Credit-MRF

2023-02-15 22:52:46 - [TEST_STEP][PASSED] - executionProfile = getExecutionProfile(): null

2023-02-15 22:52:46 - [TEST_STEP][PASSED] - out.println("executionProfile : " + executionProfile): null

2023-02-15 22:52:46 - [TEST_STEP][PASSED] - resText = "Fail": null

2023-02-15 22:52:46 - [TEST_STEP][PASSED] - resColumn = "Result": null

2023-02-15 22:52:46 - [TEST_STEP][PASSED] - datCloumn = "Date": null

2023-02-15 22:52:46 - [TEST_STEP][PASSED] - fileLoc = "KatalonData/VLinkSmokeData.xlsx": null

2023-02-15 22:52:46 - [TEST_STEP][PASSED] - numOfRows = <not implemented yet for class: org.codehaus.groovy.ast.expr.EmptyExpression>: null

2023-02-15 22:52:46 - [TEST_STEP][PASSED] - dataFile = <not implemented yet for class: org.codehaus.groovy.ast.expr.EmptyExpression>: null

2023-02-15 22:52:46 - [TEST_STEP][PASSED] - nameSheet = <not implemented yet for class: org.codehaus.groovy.ast.expr.EmptyExpression>: null

2023-02-15 22:52:46 - [TEST_STEP][PASSED] - nameSheet = "Credit-MRF": null

2023-02-15 22:52:46 - [TEST_STEP][PASSED] - numOfRows = findTestData("QA/VLinkTestData/VLinkCreditMRFData").getRowNumbers(): null

2023-02-15 22:52:46 - [TEST_STEP][PASSED] - println("Number of Records: " + numOfRows): null

2023-02-15 22:52:46 - [TEST_STEP][PASSED] - dataFile = "QA/VLinkTestData/VLinkCreditMRFData": null

2023-02-15 22:52:46 - [TEST_STEP][PASSED] - for ([row = 1, row <= numOfRows, (row++)]): null

2023-02-15 22:52:46 - [TEST_STEP][PASSED] - ExecuteTC = findTestData(dataFile).getValue("Execute", row): null

2023-02-15 22:52:46 - [TEST_STEP][PASSED] - out.println("Value of Execute is : " + ExecuteTC): null

2023-02-15 22:52:46 - [TEST_STEP][PASSED] - if (ExecuteTC.equalsIgnoreCase("Y")): null

2023-02-15 22:52:46 - [TEST_STEP][PASSED] - out.println("Begin Record Number: " + row): null

2023-02-15 22:52:46 - [TEST_STEP][PASSED] - today = new java.util.Date(): null

2023-02-15 22:52:46 - [TEST_STEP][PASSED] - println(today): null

2023-02-15 22:52:46 - [TEST_STEP][PASSED] - datText = today: null

2023-02-15 22:52:46 - [TEST_STEP][PASSED] - errorMsg = findTestData(dataFile).getValue("ErrorMsg", row): null

2023-02-15 22:52:46 - [TEST_STEP][PASSED] - appID = findTestData(dataFile).getValue("AppID", row): null

2023-02-15 22:52:46 - [TEST_STEP][PASSED] - username = findTestData(dataFile).getValue("Username", row): null

2023-02-15 22:52:46 - [TEST_STEP][PASSED] - password = findTestData(dataFile).getValue("Password", row): null

2023-02-15 22:52:47 - [TEST_STEP][PASSED] - tranType = findTestData(dataFile).getValue("TranType", row): null

2023-02-15 22:52:47 - [TEST_STEP][PASSED] - mv = findTestData(dataFile).getValue("MV", row): null

2023-02-15 22:52:47 - [TEST_STEP][PASSED] - resFormat = findTestData(dataFile).getValue("ResFormat", row): null

2023-02-15 22:52:47 - [TEST_STEP][PASSED] - tranxID = findTestData(dataFile).getValue("TranxID", row): null

2023-02-15 22:52:47 - [TEST_STEP][PASSED] - amount = findTestData(dataFile).getValue("Amount", row): null

2023-02-15 22:52:47 - [TEST_STEP][PASSED] - openBrowser(VLinkURL + "CC_credit.html"): Browser is opened with url: 'https://dev-algorithm.govolution.com/vlinktest/QA/version_2_0/CC_credit.html'

2023-02-15 22:52:47 - [MESSAGE][WARNING] - A browser is already opened. Closing browser and opening a new one

2023-02-15 22:52:48 - [MESSAGE][INFO] - Starting 'Chrome' driver

2023-02-15 22:52:48 - [MESSAGE][INFO] - User set preference: ['acceptInsecureCerts', 'true']

2023-02-15 22:52:48 - [MESSAGE][INFO] - Action delay is set to 0 milliseconds

2023-02-15 22:52:50 - [MESSAGE][PASSED] - Browser is opened with url: 'https://dev-algorithm.govolution.com/vlinktest/QA/version_2_0/CC_credit.html'

2023-02-15 22:52:50 - [TEST_STEP][PASSED] - maximizeWindow(): Current window maximized

2023-02-15 22:52:50 - [MESSAGE][PASSED] - Current window maximized

2023-02-15 22:52:50 - [TEST_STEP][PASSED] - maximizeWindow(): Current window maximized

2023-02-15 22:52:50 - [MESSAGE][PASSED] - Current window maximized

2023-02-15 22:52:50 - [TEST_STEP][PASSED] - setText(findTestObject("Object Repository/RecAndPlayBk/Page-Vlink-CC-Credit/input_Transaction Type"), tranType): Text '' is set on object 'Object Repository/RecAndPlayBk/Page-Vlink-CC-Credit/input_Transaction Type'

2023-02-15 22:52:50 - [MESSAGE][PASSED] - Text '' is set on object 'Object Repository/RecAndPlayBk/Page-Vlink-CC-Credit/input_Transaction Type'

2023-02-15 22:52:50 - [TEST_STEP][PASSED] - setText(findTestObject("Object Repository/RecAndPlayBk/Page-Vlink-CC-Credit/input_Message Version"), mv): Text '2.0C' is set on object 'Object Repository/RecAndPlayBk/Page-Vlink-CC-Credit/input_Message Version'

2023-02-15 22:52:51 - [MESSAGE][PASSED] - Text '2.0C' is set on object 'Object Repository/RecAndPlayBk/Page-Vlink-CC-Credit/input_Message Version'

2023-02-15 22:52:51 - [TEST_STEP][PASSED] - genRemID = RandomStringUtils.random(12, true, true): null

2023-02-15 22:52:51 - [TEST_STEP][PASSED] - setText(findTestObject("Object Repository/RecAndPlayBk/Page-Vlink-CC-Credit/input_Remittance Id"), genRemID): Text '3FnDDyxfo1bN' is set on object 'Object Repository/RecAndPlayBk/Page-Vlink-CC-Credit/input_Remittance Id'

2023-02-15 22:52:52 - [MESSAGE][PASSED] - Text '3FnDDyxfo1bN' is set on object 'Object Repository/RecAndPlayBk/Page-Vlink-CC-Credit/input_Remittance Id'

2023-02-15 22:52:52 - [TEST_STEP][PASSED] - setText(findTestObject("Object Repository/RecAndPlayBk/Page-Vlink-CC-Credit/input_Application Id"), appID): Text '234' is set on object 'Object Repository/RecAndPlayBk/Page-Vlink-CC-Credit/input_Application Id'

2023-02-15 22:52:52 - [MESSAGE][PASSED] - Text '234' is set on object 'Object Repository/RecAndPlayBk/Page-Vlink-CC-Credit/input_Application Id'

2023-02-15 22:52:52 - [TEST_STEP][PASSED] - setText(findTestObject("Object Repository/RecAndPlayBk/Page-Vlink-CC-Credit/input_Username"), username): Text 'username' is set on object 'Object Repository/RecAndPlayBk/Page-Vlink-CC-Credit/input_Username'

2023-02-15 22:52:53 - [MESSAGE][PASSED] - Text 'username' is set on object 'Object Repository/RecAndPlayBk/Page-Vlink-CC-Credit/input_Username'

2023-02-15 22:52:53 - [TEST_STEP][PASSED] - setText(findTestObject("Object Repository/RecAndPlayBk/Page-Vlink-CC-Credit/input_Password"), password): Text 'password' is set on object 'Object Repository/RecAndPlayBk/Page-Vlink-CC-Credit/input_Password'

2023-02-15 22:52:54 - [MESSAGE][PASSED] - Text 'password' is set on object 'Object Repository/RecAndPlayBk/Page-Vlink-CC-Credit/input_Password'

2023-02-15 22:52:54 - [TEST_STEP][PASSED] - setText(findTestObject("Object Repository/RecAndPlayBk/Page-Vlink-CC-Credit/input_Transaction ID"), tranxID): Text '123456' is set on object 'Object Repository/RecAndPlayBk/Page-Vlink-CC-Credit/input_Transaction ID'

2023-02-15 22:52:54 - [MESSAGE][PASSED] - Text '123456' is set on object 'Object Repository/RecAndPlayBk/Page-Vlink-CC-Credit/input_Transaction ID'

2023-02-15 22:52:54 - [TEST_STEP][PASSED] - setText(findTestObject("Object Repository/RecAndPlayBk/Page-Vlink-CC-Credit/input_Response Format"), resFormat): Text 'fixed_width' is set on object 'Object Repository/RecAndPlayBk/Page-Vlink-CC-Credit/input_Response Format'

2023-02-15 22:52:55 - [MESSAGE][PASSED] - Text 'fixed_width' is set on object 'Object Repository/RecAndPlayBk/Page-Vlink-CC-Credit/input_Response Format'

2023-02-15 22:52:55 - [TEST_STEP][PASSED] - setText(findTestObject("Object Repository/RecAndPlayBk/Page-Vlink-CC-Credit/input_Amount"), amount): Text '1.50' is set on object 'Object Repository/RecAndPlayBk/Page-Vlink-CC-Credit/input_Amount'

2023-02-15 22:52:55 - [MESSAGE][PASSED] - Text '1.50' is set on object 'Object Repository/RecAndPlayBk/Page-Vlink-CC-Credit/input_Amount'

2023-02-15 22:52:55 - [TEST_STEP][PASSED] - setText(findTestObject("Object Repository/RecAndPlayBk/Page-Vlink-CC-Credit/input_Card number"), ""): Text '' is set on object 'Object Repository/RecAndPlayBk/Page-Vlink-CC-Credit/input_Card number'

2023-02-15 22:52:56 - [MESSAGE][PASSED] - Text '' is set on object 'Object Repository/RecAndPlayBk/Page-Vlink-CC-Credit/input_Card number'

2023-02-15 22:52:56 - [TEST_STEP][PASSED] - setText(findTestObject("Object Repository/RecAndPlayBk/Page-Vlink-CC-Credit/input_Card ex month"), ""): Text '' is set on object 'Object Repository/RecAndPlayBk/Page-Vlink-CC-Credit/input_Card ex month'

2023-02-15 22:52:57 - [MESSAGE][PASSED] - Text '' is set on object 'Object Repository/RecAndPlayBk/Page-Vlink-CC-Credit/input_Card ex month'

2023-02-15 22:52:57 - [TEST_STEP][PASSED] - setText(findTestObject("Object Repository/RecAndPlayBk/Page-Vlink-CC-Credit/input_Card ex year"), ""): Text '' is set on object 'Object Repository/RecAndPlayBk/Page-Vlink-CC-Credit/input_Card ex year'

2023-02-15 22:52:57 - [MESSAGE][PASSED] - Text '' is set on object 'Object Repository/RecAndPlayBk/Page-Vlink-CC-Credit/input_Card ex year'

2023-02-15 22:52:57 - [TEST_STEP][PASSED] - setText(findTestObject("Object Repository/RecAndPlayBk/Page-Vlink-CC-Credit/input_Track Data"), ""): Text '' is set on object 'Object Repository/RecAndPlayBk/Page-Vlink-CC-Credit/input_Track Data'

2023-02-15 22:52:58 - [MESSAGE][PASSED] - Text '' is set on object 'Object Repository/RecAndPlayBk/Page-Vlink-CC-Credit/input_Track Data'

2023-02-15 22:52:58 - [TEST_STEP][PASSED] - click(findTestObject("Object Repository/RecAndPlayBk/Page-Vlink-CC-Credit/input")): Object: 'Object Repository/RecAndPlayBk/Page-Vlink-CC-Credit/input' is clicked on

2023-02-15 22:52:59 - [MESSAGE][PASSED] - Object: 'Object Repository/RecAndPlayBk/Page-Vlink-CC-Credit/input' is clicked on

2023-02-15 22:52:59 - [TEST_STEP][PASSED] - if (verifyTextPresent(errorMsg, true)): null

2023-02-15 22:52:59 - [MESSAGE][PASSED] - Text 'Missing parameter: transaction_type' is present on page  using regular expression

2023-02-15 22:52:59 - [TEST_STEP][PASSED] - println("Error Message is present on the Confirmation page"): null

2023-02-15 22:52:59 - [TEST_STEP][PASSED] - out.println("Pass Record Number: " + row): null

2023-02-15 22:52:59 - [TEST_STEP][PASSED] - resText = "Pass": null

2023-02-15 22:52:59 - [TEST_STEP][PASSED] - pages.WriteExcel.demoKey(resText, datText, resColumn, datCloumn, fileLoc, nameSheet, row): pages.WriteExcel.demoKey is PASSED

2023-02-15 22:52:59 - [MESSAGE][PASSED] - pages.WriteExcel.demoKey is PASSED

2023-02-15 22:52:59 - [TEST_STEP][PASSED] - ExecuteTC = findTestData(dataFile).getValue("Execute", row): null

2023-02-15 22:52:59 - [TEST_STEP][PASSED] - out.println("Value of Execute is : " + ExecuteTC): null

2023-02-15 22:52:59 - [TEST_STEP][PASSED] - if (ExecuteTC.equalsIgnoreCase("Y")): null

2023-02-15 22:52:59 - [TEST_STEP][PASSED] - out.println("Begin Record Number: " + row): null

2023-02-15 22:52:59 - [TEST_STEP][PASSED] - today = new java.util.Date(): null

2023-02-15 22:52:59 - [TEST_STEP][PASSED] - println(today): null

2023-02-15 22:52:59 - [TEST_STEP][PASSED] - datText = today: null

2023-02-15 22:52:59 - [TEST_STEP][PASSED] - errorMsg = findTestData(dataFile).getValue("ErrorMsg", row): null

2023-02-15 22:52:59 - [TEST_STEP][PASSED] - appID = findTestData(dataFile).getValue("AppID", row): null

2023-02-15 22:52:59 - [TEST_STEP][PASSED] - username = findTestData(dataFile).getValue("Username", row): null

2023-02-15 22:52:59 - [TEST_STEP][PASSED] - password = findTestData(dataFile).getValue("Password", row): null

2023-02-15 22:52:59 - [TEST_STEP][PASSED] - tranType = findTestData(dataFile).getValue("TranType", row): null

2023-02-15 22:52:59 - [TEST_STEP][PASSED] - mv = findTestData(dataFile).getValue("MV", row): null

2023-02-15 22:53:00 - [TEST_STEP][PASSED] - resFormat = findTestData(dataFile).getValue("ResFormat", row): null

2023-02-15 22:53:00 - [TEST_STEP][PASSED] - tranxID = findTestData(dataFile).getValue("TranxID", row): null

2023-02-15 22:53:00 - [TEST_STEP][PASSED] - amount = findTestData(dataFile).getValue("Amount", row): null

2023-02-15 22:53:00 - [TEST_STEP][PASSED] - openBrowser(VLinkURL + "CC_credit.html"): Browser is opened with url: 'https://dev-algorithm.govolution.com/vlinktest/QA/version_2_0/CC_credit.html'

2023-02-15 22:53:00 - [MESSAGE][WARNING] - A browser is already opened. Closing browser and opening a new one

2023-02-15 22:53:01 - [MESSAGE][INFO] - Starting 'Chrome' driver

2023-02-15 22:53:01 - [MESSAGE][INFO] - User set preference: ['acceptInsecureCerts', 'true']

2023-02-15 22:53:01 - [MESSAGE][INFO] - Action delay is set to 0 milliseconds

2023-02-15 22:53:02 - [MESSAGE][PASSED] - Browser is opened with url: 'https://dev-algorithm.govolution.com/vlinktest/QA/version_2_0/CC_credit.html'

2023-02-15 22:53:02 - [TEST_STEP][PASSED] - maximizeWindow(): Current window maximized

2023-02-15 22:53:03 - [MESSAGE][PASSED] - Current window maximized

2023-02-15 22:53:03 - [TEST_STEP][PASSED] - maximizeWindow(): Current window maximized

2023-02-15 22:53:03 - [MESSAGE][PASSED] - Current window maximized

2023-02-15 22:53:03 - [TEST_STEP][PASSED] - setText(findTestObject("Object Repository/RecAndPlayBk/Page-Vlink-CC-Credit/input_Transaction Type"), tranType): Text '102' is set on object 'Object Repository/RecAndPlayBk/Page-Vlink-CC-Credit/input_Transaction Type'

2023-02-15 22:53:03 - [MESSAGE][PASSED] - Text '102' is set on object 'Object Repository/RecAndPlayBk/Page-Vlink-CC-Credit/input_Transaction Type'

2023-02-15 22:53:03 - [TEST_STEP][PASSED] - setText(findTestObject("Object Repository/RecAndPlayBk/Page-Vlink-CC-Credit/input_Message Version"), mv): Text '' is set on object 'Object Repository/RecAndPlayBk/Page-Vlink-CC-Credit/input_Message Version'

2023-02-15 22:53:04 - [MESSAGE][PASSED] - Text '' is set on object 'Object Repository/RecAndPlayBk/Page-Vlink-CC-Credit/input_Message Version'

2023-02-15 22:53:04 - [TEST_STEP][PASSED] - genRemID = RandomStringUtils.random(12, true, true): null

2023-02-15 22:53:04 - [TEST_STEP][PASSED] - setText(findTestObject("Object Repository/RecAndPlayBk/Page-Vlink-CC-Credit/input_Remittance Id"), genRemID): Text 'VxlHvchxJnCu' is set on object 'Object Repository/RecAndPlayBk/Page-Vlink-CC-Credit/input_Remittance Id'

2023-02-15 22:53:05 - [MESSAGE][PASSED] - Text 'VxlHvchxJnCu' is set on object 'Object Repository/RecAndPlayBk/Page-Vlink-CC-Credit/input_Remittance Id'

2023-02-15 22:53:05 - [TEST_STEP][PASSED] - setText(findTestObject("Object Repository/RecAndPlayBk/Page-Vlink-CC-Credit/input_Application Id"), appID): Text '234' is set on object 'Object Repository/RecAndPlayBk/Page-Vlink-CC-Credit/input_Application Id'

2023-02-15 22:53:05 - [MESSAGE][PASSED] - Text '234' is set on object 'Object Repository/RecAndPlayBk/Page-Vlink-CC-Credit/input_Application Id'

2023-02-15 22:53:05 - [TEST_STEP][PASSED] - setText(findTestObject("Object Repository/RecAndPlayBk/Page-Vlink-CC-Credit/input_Username"), username): Text 'username' is set on object 'Object Repository/RecAndPlayBk/Page-Vlink-CC-Credit/input_Username'

2023-02-15 22:53:06 - [MESSAGE][PASSED] - Text 'username' is set on object 'Object Repository/RecAndPlayBk/Page-Vlink-CC-Credit/input_Username'

2023-02-15 22:53:06 - [TEST_STEP][PASSED] - setText(findTestObject("Object Repository/RecAndPlayBk/Page-Vlink-CC-Credit/input_Password"), password): Text 'password' is set on object 'Object Repository/RecAndPlayBk/Page-Vlink-CC-Credit/input_Password'

2023-02-15 22:53:07 - [MESSAGE][PASSED] - Text 'password' is set on object 'Object Repository/RecAndPlayBk/Page-Vlink-CC-Credit/input_Password'

2023-02-15 22:53:07 - [TEST_STEP][PASSED] - setText(findTestObject("Object Repository/RecAndPlayBk/Page-Vlink-CC-Credit/input_Transaction ID"), tranxID): Text '123456' is set on object 'Object Repository/RecAndPlayBk/Page-Vlink-CC-Credit/input_Transaction ID'

2023-02-15 22:53:07 - [MESSAGE][PASSED] - Text '123456' is set on object 'Object Repository/RecAndPlayBk/Page-Vlink-CC-Credit/input_Transaction ID'

2023-02-15 22:53:07 - [TEST_STEP][PASSED] - setText(findTestObject("Object Repository/RecAndPlayBk/Page-Vlink-CC-Credit/input_Response Format"), resFormat): Text 'fixed_width' is set on object 'Object Repository/RecAndPlayBk/Page-Vlink-CC-Credit/input_Response Format'

2023-02-15 22:53:08 - [MESSAGE][PASSED] - Text 'fixed_width' is set on object 'Object Repository/RecAndPlayBk/Page-Vlink-CC-Credit/input_Response Format'

2023-02-15 22:53:08 - [TEST_STEP][PASSED] - setText(findTestObject("Object Repository/RecAndPlayBk/Page-Vlink-CC-Credit/input_Amount"), amount): Text '1.50' is set on object 'Object Repository/RecAndPlayBk/Page-Vlink-CC-Credit/input_Amount'

2023-02-15 22:53:08 - [MESSAGE][PASSED] - Text '1.50' is set on object 'Object Repository/RecAndPlayBk/Page-Vlink-CC-Credit/input_Amount'

2023-02-15 22:53:08 - [TEST_STEP][PASSED] - setText(findTestObject("Object Repository/RecAndPlayBk/Page-Vlink-CC-Credit/input_Card number"), ""): Text '' is set on object 'Object Repository/RecAndPlayBk/Page-Vlink-CC-Credit/input_Card number'

2023-02-15 22:53:09 - [MESSAGE][PASSED] - Text '' is set on object 'Object Repository/RecAndPlayBk/Page-Vlink-CC-Credit/input_Card number'

2023-02-15 22:53:09 - [TEST_STEP][PASSED] - setText(findTestObject("Object Repository/RecAndPlayBk/Page-Vlink-CC-Credit/input_Card ex month"), ""): Text '' is set on object 'Object Repository/RecAndPlayBk/Page-Vlink-CC-Credit/input_Card ex month'

2023-02-15 22:53:10 - [MESSAGE][PASSED] - Text '' is set on object 'Object Repository/RecAndPlayBk/Page-Vlink-CC-Credit/input_Card ex month'

2023-02-15 22:53:10 - [TEST_STEP][PASSED] - setText(findTestObject("Object Repository/RecAndPlayBk/Page-Vlink-CC-Credit/input_Card ex year"), ""): Text '' is set on object 'Object Repository/RecAndPlayBk/Page-Vlink-CC-Credit/input_Card ex year'

2023-02-15 22:53:10 - [MESSAGE][PASSED] - Text '' is set on object 'Object Repository/RecAndPlayBk/Page-Vlink-CC-Credit/input_Card ex year'

2023-02-15 22:53:10 - [TEST_STEP][PASSED] - setText(findTestObject("Object Repository/RecAndPlayBk/Page-Vlink-CC-Credit/input_Track Data"), ""): Text '' is set on object 'Object Repository/RecAndPlayBk/Page-Vlink-CC-Credit/input_Track Data'

2023-02-15 22:53:11 - [MESSAGE][PASSED] - Text '' is set on object 'Object Repository/RecAndPlayBk/Page-Vlink-CC-Credit/input_Track Data'

2023-02-15 22:53:11 - [TEST_STEP][PASSED] - click(findTestObject("Object Repository/RecAndPlayBk/Page-Vlink-CC-Credit/input")): Object: 'Object Repository/RecAndPlayBk/Page-Vlink-CC-Credit/input' is clicked on

2023-02-15 22:53:11 - [MESSAGE][PASSED] - Object: 'Object Repository/RecAndPlayBk/Page-Vlink-CC-Credit/input' is clicked on

2023-02-15 22:53:11 - [TEST_STEP][PASSED] - if (verifyTextPresent(errorMsg, true)): null

2023-02-15 22:53:12 - [MESSAGE][PASSED] - Text 'Missing parameter: message_version' is present on page  using regular expression

2023-02-15 22:53:12 - [TEST_STEP][PASSED] - println("Error Message is present on the Confirmation page"): null

2023-02-15 22:53:12 - [TEST_STEP][PASSED] - out.println("Pass Record Number: " + row): null

2023-02-15 22:53:12 - [TEST_STEP][PASSED] - resText = "Pass": null

2023-02-15 22:53:12 - [TEST_STEP][PASSED] - pages.WriteExcel.demoKey(resText, datText, resColumn, datCloumn, fileLoc, nameSheet, row): pages.WriteExcel.demoKey is PASSED

2023-02-15 22:53:12 - [MESSAGE][PASSED] - pages.WriteExcel.demoKey is PASSED

2023-02-15 22:53:12 - [TEST_STEP][PASSED] - ExecuteTC = findTestData(dataFile).getValue("Execute", row): null

2023-02-15 22:53:12 - [TEST_STEP][PASSED] - out.println("Value of Execute is : " + ExecuteTC): null

2023-02-15 22:53:12 - [TEST_STEP][PASSED] - if (ExecuteTC.equalsIgnoreCase("Y")): null

2023-02-15 22:53:12 - [TEST_STEP][PASSED] - out.println("Begin Record Number: " + row): null

2023-02-15 22:53:12 - [TEST_STEP][PASSED] - today = new java.util.Date(): null

2023-02-15 22:53:12 - [TEST_STEP][PASSED] - println(today): null

2023-02-15 22:53:12 - [TEST_STEP][PASSED] - datText = today: null

2023-02-15 22:53:12 - [TEST_STEP][PASSED] - errorMsg = findTestData(dataFile).getValue("ErrorMsg", row): null

2023-02-15 22:53:12 - [TEST_STEP][PASSED] - appID = findTestData(dataFile).getValue("AppID", row): null

2023-02-15 22:53:12 - [TEST_STEP][PASSED] - username = findTestData(dataFile).getValue("Username", row): null

2023-02-15 22:53:12 - [TEST_STEP][PASSED] - password = findTestData(dataFile).getValue("Password", row): null

2023-02-15 22:53:12 - [TEST_STEP][PASSED] - tranType = findTestData(dataFile).getValue("TranType", row): null

2023-02-15 22:53:12 - [TEST_STEP][PASSED] - mv = findTestData(dataFile).getValue("MV", row): null

2023-02-15 22:53:12 - [TEST_STEP][PASSED] - resFormat = findTestData(dataFile).getValue("ResFormat", row): null

2023-02-15 22:53:12 - [TEST_STEP][PASSED] - tranxID = findTestData(dataFile).getValue("TranxID", row): null

2023-02-15 22:53:13 - [TEST_STEP][PASSED] - amount = findTestData(dataFile).getValue("Amount", row): null

2023-02-15 22:53:13 - [TEST_STEP][PASSED] - openBrowser(VLinkURL + "CC_credit.html"): Browser is opened with url: 'https://dev-algorithm.govolution.com/vlinktest/QA/version_2_0/CC_credit.html'

2023-02-15 22:53:13 - [MESSAGE][WARNING] - A browser is already opened. Closing browser and opening a new one

2023-02-15 22:53:14 - [MESSAGE][INFO] - Starting 'Chrome' driver

2023-02-15 22:53:14 - [MESSAGE][INFO] - User set preference: ['acceptInsecureCerts', 'true']

2023-02-15 22:53:14 - [MESSAGE][INFO] - Action delay is set to 0 milliseconds

2023-02-15 22:53:15 - [MESSAGE][PASSED] - Browser is opened with url: 'https://dev-algorithm.govolution.com/vlinktest/QA/version_2_0/CC_credit.html'

2023-02-15 22:53:15 - [TEST_STEP][PASSED] - maximizeWindow(): Current window maximized

2023-02-15 22:53:15 - [MESSAGE][PASSED] - Current window maximized

2023-02-15 22:53:15 - [TEST_STEP][PASSED] - maximizeWindow(): Current window maximized

2023-02-15 22:53:15 - [MESSAGE][PASSED] - Current window maximized

2023-02-15 22:53:15 - [TEST_STEP][PASSED] - setText(findTestObject("Object Repository/RecAndPlayBk/Page-Vlink-CC-Credit/input_Transaction Type"), tranType): Text '102' is set on object 'Object Repository/RecAndPlayBk/Page-Vlink-CC-Credit/input_Transaction Type'

2023-02-15 22:53:16 - [MESSAGE][PASSED] - Text '102' is set on object 'Object Repository/RecAndPlayBk/Page-Vlink-CC-Credit/input_Transaction Type'

2023-02-15 22:53:16 - [TEST_STEP][PASSED] - setText(findTestObject("Object Repository/RecAndPlayBk/Page-Vlink-CC-Credit/input_Message Version"), mv): Text '2.0C' is set on object 'Object Repository/RecAndPlayBk/Page-Vlink-CC-Credit/input_Message Version'

2023-02-15 22:53:17 - [MESSAGE][PASSED] - Text '2.0C' is set on object 'Object Repository/RecAndPlayBk/Page-Vlink-CC-Credit/input_Message Version'

2023-02-15 22:53:17 - [TEST_STEP][PASSED] - genRemID = RandomStringUtils.random(12, true, true): null

2023-02-15 22:53:17 - [TEST_STEP][PASSED] - setText(findTestObject("Object Repository/RecAndPlayBk/Page-Vlink-CC-Credit/input_Remittance Id"), genRemID): Text 'tMAqoOwsC0Pz' is set on object 'Object Repository/RecAndPlayBk/Page-Vlink-CC-Credit/input_Remittance Id'

2023-02-15 22:53:18 - [MESSAGE][PASSED] - Text 'tMAqoOwsC0Pz' is set on object 'Object Repository/RecAndPlayBk/Page-Vlink-CC-Credit/input_Remittance Id'

2023-02-15 22:53:18 - [TEST_STEP][PASSED] - setText(findTestObject("Object Repository/RecAndPlayBk/Page-Vlink-CC-Credit/input_Application Id"), appID): Text '' is set on object 'Object Repository/RecAndPlayBk/Page-Vlink-CC-Credit/input_Application Id'

2023-02-15 22:53:18 - [MESSAGE][PASSED] - Text '' is set on object 'Object Repository/RecAndPlayBk/Page-Vlink-CC-Credit/input_Application Id'

2023-02-15 22:53:18 - [TEST_STEP][PASSED] - setText(findTestObject("Object Repository/RecAndPlayBk/Page-Vlink-CC-Credit/input_Username"), username): Text 'username' is set on object 'Object Repository/RecAndPlayBk/Page-Vlink-CC-Credit/input_Username'

2023-02-15 22:53:19 - [MESSAGE][PASSED] - Text 'username' is set on object 'Object Repository/RecAndPlayBk/Page-Vlink-CC-Credit/input_Username'

2023-02-15 22:53:19 - [TEST_STEP][PASSED] - setText(findTestObject("Object Repository/RecAndPlayBk/Page-Vlink-CC-Credit/input_Password"), password): Text 'password' is set on object 'Object Repository/RecAndPlayBk/Page-Vlink-CC-Credit/input_Password'

2023-02-15 22:53:19 - [MESSAGE][PASSED] - Text 'password' is set on object 'Object Repository/RecAndPlayBk/Page-Vlink-CC-Credit/input_Password'

2023-02-15 22:53:19 - [TEST_STEP][PASSED] - setText(findTestObject("Object Repository/RecAndPlayBk/Page-Vlink-CC-Credit/input_Transaction ID"), tranxID): Text '123456' is set on object 'Object Repository/RecAndPlayBk/Page-Vlink-CC-Credit/input_Transaction ID'

2023-02-15 22:53:20 - [MESSAGE][PASSED] - Text '123456' is set on object 'Object Repository/RecAndPlayBk/Page-Vlink-CC-Credit/input_Transaction ID'

2023-02-15 22:53:20 - [TEST_STEP][PASSED] - setText(findTestObject("Object Repository/RecAndPlayBk/Page-Vlink-CC-Credit/input_Response Format"), resFormat): Text 'fixed_width' is set on object 'Object Repository/RecAndPlayBk/Page-Vlink-CC-Credit/input_Response Format'

2023-02-15 22:53:21 - [MESSAGE][PASSED] - Text 'fixed_width' is set on object 'Object Repository/RecAndPlayBk/Page-Vlink-CC-Credit/input_Response Format'

2023-02-15 22:53:21 - [TEST_STEP][PASSED] - setText(findTestObject("Object Repository/RecAndPlayBk/Page-Vlink-CC-Credit/input_Amount"), amount): Text '1.50' is set on object 'Object Repository/RecAndPlayBk/Page-Vlink-CC-Credit/input_Amount'

2023-02-15 22:53:21 - [MESSAGE][PASSED] - Text '1.50' is set on object 'Object Repository/RecAndPlayBk/Page-Vlink-CC-Credit/input_Amount'

2023-02-15 22:53:21 - [TEST_STEP][PASSED] - setText(findTestObject("Object Repository/RecAndPlayBk/Page-Vlink-CC-Credit/input_Card number"), ""): Text '' is set on object 'Object Repository/RecAndPlayBk/Page-Vlink-CC-Credit/input_Card number'

2023-02-15 22:53:22 - [MESSAGE][PASSED] - Text '' is set on object 'Object Repository/RecAndPlayBk/Page-Vlink-CC-Credit/input_Card number'

2023-02-15 22:53:22 - [TEST_STEP][PASSED] - setText(findTestObject("Object Repository/RecAndPlayBk/Page-Vlink-CC-Credit/input_Card ex month"), ""): Text '' is set on object 'Object Repository/RecAndPlayBk/Page-Vlink-CC-Credit/input_Card ex month'

2023-02-15 22:53:22 - [MESSAGE][PASSED] - Text '' is set on object 'Object Repository/RecAndPlayBk/Page-Vlink-CC-Credit/input_Card ex month'

2023-02-15 22:53:22 - [TEST_STEP][PASSED] - setText(findTestObject("Object Repository/RecAndPlayBk/Page-Vlink-CC-Credit/input_Card ex year"), ""): Text '' is set on object 'Object Repository/RecAndPlayBk/Page-Vlink-CC-Credit/input_Card ex year'

2023-02-15 22:53:23 - [MESSAGE][PASSED] - Text '' is set on object 'Object Repository/RecAndPlayBk/Page-Vlink-CC-Credit/input_Card ex year'

2023-02-15 22:53:23 - [TEST_STEP][PASSED] - setText(findTestObject("Object Repository/RecAndPlayBk/Page-Vlink-CC-Credit/input_Track Data"), ""): Text '' is set on object 'Object Repository/RecAndPlayBk/Page-Vlink-CC-Credit/input_Track Data'

2023-02-15 22:53:24 - [MESSAGE][PASSED] - Text '' is set on object 'Object Repository/RecAndPlayBk/Page-Vlink-CC-Credit/input_Track Data'

2023-02-15 22:53:24 - [TEST_STEP][PASSED] - click(findTestObject("Object Repository/RecAndPlayBk/Page-Vlink-CC-Credit/input")): Object: 'Object Repository/RecAndPlayBk/Page-Vlink-CC-Credit/input' is clicked on

2023-02-15 22:53:24 - [MESSAGE][PASSED] - Object: 'Object Repository/RecAndPlayBk/Page-Vlink-CC-Credit/input' is clicked on

2023-02-15 22:53:24 - [TEST_STEP][PASSED] - if (verifyTextPresent(errorMsg, true)): null

2023-02-15 22:53:25 - [MESSAGE][PASSED] - Text 'Missing parameter: application_id' is present on page  using regular expression

2023-02-15 22:53:25 - [TEST_STEP][PASSED] - println("Error Message is present on the Confirmation page"): null

2023-02-15 22:53:25 - [TEST_STEP][PASSED] - out.println("Pass Record Number: " + row): null

2023-02-15 22:53:25 - [TEST_STEP][PASSED] - resText = "Pass": null

2023-02-15 22:53:25 - [TEST_STEP][PASSED] - pages.WriteExcel.demoKey(resText, datText, resColumn, datCloumn, fileLoc, nameSheet, row): pages.WriteExcel.demoKey is PASSED

2023-02-15 22:53:25 - [MESSAGE][PASSED] - pages.WriteExcel.demoKey is PASSED

2023-02-15 22:53:25 - [TEST_STEP][PASSED] - ExecuteTC = findTestData(dataFile).getValue("Execute", row): null

2023-02-15 22:53:25 - [TEST_STEP][PASSED] - out.println("Value of Execute is : " + ExecuteTC): null

2023-02-15 22:53:25 - [TEST_STEP][PASSED] - if (ExecuteTC.equalsIgnoreCase("Y")): null

2023-02-15 22:53:25 - [TEST_STEP][PASSED] - out.println("Begin Record Number: " + row): null

2023-02-15 22:53:25 - [TEST_STEP][PASSED] - today = new java.util.Date(): null

2023-02-15 22:53:25 - [TEST_STEP][PASSED] - println(today): null

2023-02-15 22:53:25 - [TEST_STEP][PASSED] - datText = today: null

2023-02-15 22:53:25 - [TEST_STEP][PASSED] - errorMsg = findTestData(dataFile).getValue("ErrorMsg", row): null

2023-02-15 22:53:25 - [TEST_STEP][PASSED] - appID = findTestData(dataFile).getValue("AppID", row): null

2023-02-15 22:53:25 - [TEST_STEP][PASSED] - username = findTestData(dataFile).getValue("Username", row): null

2023-02-15 22:53:25 - [TEST_STEP][PASSED] - password = findTestData(dataFile).getValue("Password", row): null

2023-02-15 22:53:25 - [TEST_STEP][PASSED] - tranType = findTestData(dataFile).getValue("TranType", row): null

2023-02-15 22:53:25 - [TEST_STEP][PASSED] - mv = findTestData(dataFile).getValue("MV", row): null

2023-02-15 22:53:25 - [TEST_STEP][PASSED] - resFormat = findTestData(dataFile).getValue("ResFormat", row): null

2023-02-15 22:53:25 - [TEST_STEP][PASSED] - tranxID = findTestData(dataFile).getValue("TranxID", row): null

2023-02-15 22:53:25 - [TEST_STEP][PASSED] - amount = findTestData(dataFile).getValue("Amount", row): null

2023-02-15 22:53:26 - [TEST_STEP][PASSED] - openBrowser(VLinkURL + "CC_credit.html"): Browser is opened with url: 'https://dev-algorithm.govolution.com/vlinktest/QA/version_2_0/CC_credit.html'

2023-02-15 22:53:26 - [MESSAGE][WARNING] - A browser is already opened. Closing browser and opening a new one

2023-02-15 22:53:26 - [MESSAGE][INFO] - Starting 'Chrome' driver

2023-02-15 22:53:26 - [MESSAGE][INFO] - User set preference: ['acceptInsecureCerts', 'true']

2023-02-15 22:53:26 - [MESSAGE][INFO] - Action delay is set to 0 milliseconds

2023-02-15 22:53:28 - [MESSAGE][PASSED] - Browser is opened with url: 'https://dev-algorithm.govolution.com/vlinktest/QA/version_2_0/CC_credit.html'

2023-02-15 22:53:28 - [TEST_STEP][PASSED] - maximizeWindow(): Current window maximized

2023-02-15 22:53:28 - [MESSAGE][PASSED] - Current window maximized

2023-02-15 22:53:28 - [TEST_STEP][PASSED] - maximizeWindow(): Current window maximized

2023-02-15 22:53:28 - [MESSAGE][PASSED] - Current window maximized

2023-02-15 22:53:28 - [TEST_STEP][PASSED] - setText(findTestObject("Object Repository/RecAndPlayBk/Page-Vlink-CC-Credit/input_Transaction Type"), tranType): Text '102' is set on object 'Object Repository/RecAndPlayBk/Page-Vlink-CC-Credit/input_Transaction Type'

2023-02-15 22:53:29 - [MESSAGE][PASSED] - Text '102' is set on object 'Object Repository/RecAndPlayBk/Page-Vlink-CC-Credit/input_Transaction Type'

2023-02-15 22:53:29 - [TEST_STEP][PASSED] - setText(findTestObject("Object Repository/RecAndPlayBk/Page-Vlink-CC-Credit/input_Message Version"), mv): Text '2.0C' is set on object 'Object Repository/RecAndPlayBk/Page-Vlink-CC-Credit/input_Message Version'

2023-02-15 22:53:30 - [MESSAGE][PASSED] - Text '2.0C' is set on object 'Object Repository/RecAndPlayBk/Page-Vlink-CC-Credit/input_Message Version'

2023-02-15 22:53:30 - [TEST_STEP][PASSED] - genRemID = RandomStringUtils.random(12, true, true): null

2023-02-15 22:53:30 - [TEST_STEP][PASSED] - setText(findTestObject("Object Repository/RecAndPlayBk/Page-Vlink-CC-Credit/input_Remittance Id"), genRemID): Text 'bXWew4h85v7r' is set on object 'Object Repository/RecAndPlayBk/Page-Vlink-CC-Credit/input_Remittance Id'

2023-02-15 22:53:30 - [MESSAGE][PASSED] - Text 'bXWew4h85v7r' is set on object 'Object Repository/RecAndPlayBk/Page-Vlink-CC-Credit/input_Remittance Id'

2023-02-15 22:53:30 - [TEST_STEP][PASSED] - setText(findTestObject("Object Repository/RecAndPlayBk/Page-Vlink-CC-Credit/input_Application Id"), appID): Text '234' is set on object 'Object Repository/RecAndPlayBk/Page-Vlink-CC-Credit/input_Application Id'

2023-02-15 22:53:31 - [MESSAGE][PASSED] - Text '234' is set on object 'Object Repository/RecAndPlayBk/Page-Vlink-CC-Credit/input_Application Id'

2023-02-15 22:53:31 - [TEST_STEP][PASSED] - setText(findTestObject("Object Repository/RecAndPlayBk/Page-Vlink-CC-Credit/input_Username"), username): Text 'username' is set on object 'Object Repository/RecAndPlayBk/Page-Vlink-CC-Credit/input_Username'

2023-02-15 22:53:32 - [MESSAGE][PASSED] - Text 'username' is set on object 'Object Repository/RecAndPlayBk/Page-Vlink-CC-Credit/input_Username'

2023-02-15 22:53:32 - [TEST_STEP][PASSED] - setText(findTestObject("Object Repository/RecAndPlayBk/Page-Vlink-CC-Credit/input_Password"), password): Text 'password' is set on object 'Object Repository/RecAndPlayBk/Page-Vlink-CC-Credit/input_Password'

2023-02-15 22:53:32 - [MESSAGE][PASSED] - Text 'password' is set on object 'Object Repository/RecAndPlayBk/Page-Vlink-CC-Credit/input_Password'

2023-02-15 22:53:32 - [TEST_STEP][PASSED] - setText(findTestObject("Object Repository/RecAndPlayBk/Page-Vlink-CC-Credit/input_Transaction ID"), tranxID): Text '123456' is set on object 'Object Repository/RecAndPlayBk/Page-Vlink-CC-Credit/input_Transaction ID'

2023-02-15 22:53:33 - [MESSAGE][PASSED] - Text '123456' is set on object 'Object Repository/RecAndPlayBk/Page-Vlink-CC-Credit/input_Transaction ID'

2023-02-15 22:53:33 - [TEST_STEP][PASSED] - setText(findTestObject("Object Repository/RecAndPlayBk/Page-Vlink-CC-Credit/input_Response Format"), resFormat): Text '' is set on object 'Object Repository/RecAndPlayBk/Page-Vlink-CC-Credit/input_Response Format'

2023-02-15 22:53:33 - [MESSAGE][PASSED] - Text '' is set on object 'Object Repository/RecAndPlayBk/Page-Vlink-CC-Credit/input_Response Format'

2023-02-15 22:53:33 - [TEST_STEP][PASSED] - setText(findTestObject("Object Repository/RecAndPlayBk/Page-Vlink-CC-Credit/input_Amount"), amount): Text '1.50' is set on object 'Object Repository/RecAndPlayBk/Page-Vlink-CC-Credit/input_Amount'

2023-02-15 22:53:34 - [MESSAGE][PASSED] - Text '1.50' is set on object 'Object Repository/RecAndPlayBk/Page-Vlink-CC-Credit/input_Amount'

2023-02-15 22:53:34 - [TEST_STEP][PASSED] - setText(findTestObject("Object Repository/RecAndPlayBk/Page-Vlink-CC-Credit/input_Card number"), ""): Text '' is set on object 'Object Repository/RecAndPlayBk/Page-Vlink-CC-Credit/input_Card number'

2023-02-15 22:53:35 - [MESSAGE][PASSED] - Text '' is set on object 'Object Repository/RecAndPlayBk/Page-Vlink-CC-Credit/input_Card number'

2023-02-15 22:53:35 - [TEST_STEP][PASSED] - setText(findTestObject("Object Repository/RecAndPlayBk/Page-Vlink-CC-Credit/input_Card ex month"), ""): Text '' is set on object 'Object Repository/RecAndPlayBk/Page-Vlink-CC-Credit/input_Card ex month'

2023-02-15 22:53:35 - [MESSAGE][PASSED] - Text '' is set on object 'Object Repository/RecAndPlayBk/Page-Vlink-CC-Credit/input_Card ex month'

2023-02-15 22:53:35 - [TEST_STEP][PASSED] - setText(findTestObject("Object Repository/RecAndPlayBk/Page-Vlink-CC-Credit/input_Card ex year"), ""): Text '' is set on object 'Object Repository/RecAndPlayBk/Page-Vlink-CC-Credit/input_Card ex year'

2023-02-15 22:53:36 - [MESSAGE][PASSED] - Text '' is set on object 'Object Repository/RecAndPlayBk/Page-Vlink-CC-Credit/input_Card ex year'

2023-02-15 22:53:36 - [TEST_STEP][PASSED] - setText(findTestObject("Object Repository/RecAndPlayBk/Page-Vlink-CC-Credit/input_Track Data"), ""): Text '' is set on object 'Object Repository/RecAndPlayBk/Page-Vlink-CC-Credit/input_Track Data'

2023-02-15 22:53:37 - [MESSAGE][PASSED] - Text '' is set on object 'Object Repository/RecAndPlayBk/Page-Vlink-CC-Credit/input_Track Data'

2023-02-15 22:53:37 - [TEST_STEP][PASSED] - click(findTestObject("Object Repository/RecAndPlayBk/Page-Vlink-CC-Credit/input")): Object: 'Object Repository/RecAndPlayBk/Page-Vlink-CC-Credit/input' is clicked on

2023-02-15 22:53:37 - [MESSAGE][PASSED] - Object: 'Object Repository/RecAndPlayBk/Page-Vlink-CC-Credit/input' is clicked on

2023-02-15 22:53:37 - [TEST_STEP][PASSED] - if (verifyTextPresent(errorMsg, true)): null

2023-02-15 22:53:37 - [MESSAGE][PASSED] - Text 'response_format' is present on page  using regular expression

2023-02-15 22:53:37 - [TEST_STEP][PASSED] - println("Error Message is present on the Confirmation page"): null

2023-02-15 22:53:37 - [TEST_STEP][PASSED] - out.println("Pass Record Number: " + row): null

2023-02-15 22:53:37 - [TEST_STEP][PASSED] - resText = "Pass": null

2023-02-15 22:53:37 - [TEST_STEP][PASSED] - pages.WriteExcel.demoKey(resText, datText, resColumn, datCloumn, fileLoc, nameSheet, row): pages.WriteExcel.demoKey is PASSED

2023-02-15 22:53:38 - [MESSAGE][PASSED] - pages.WriteExcel.demoKey is PASSED

2023-02-15 22:53:38 - [TEST_STEP][PASSED] - ExecuteTC = findTestData(dataFile).getValue("Execute", row): null

2023-02-15 22:53:38 - [TEST_STEP][PASSED] - out.println("Value of Execute is : " + ExecuteTC): null

2023-02-15 22:53:38 - [TEST_STEP][PASSED] - if (ExecuteTC.equalsIgnoreCase("Y")): null

2023-02-15 22:53:38 - [TEST_STEP][PASSED] - out.println("Begin Record Number: " + row): null

2023-02-15 22:53:38 - [TEST_STEP][PASSED] - today = new java.util.Date(): null

2023-02-15 22:53:38 - [TEST_STEP][PASSED] - println(today): null

2023-02-15 22:53:38 - [TEST_STEP][PASSED] - datText = today: null

2023-02-15 22:53:38 - [TEST_STEP][PASSED] - errorMsg = findTestData(dataFile).getValue("ErrorMsg", row): null

2023-02-15 22:53:38 - [TEST_STEP][PASSED] - appID = findTestData(dataFile).getValue("AppID", row): null

2023-02-15 22:53:38 - [TEST_STEP][PASSED] - username = findTestData(dataFile).getValue("Username", row): null

2023-02-15 22:53:38 - [TEST_STEP][PASSED] - password = findTestData(dataFile).getValue("Password", row): null

2023-02-15 22:53:38 - [TEST_STEP][PASSED] - tranType = findTestData(dataFile).getValue("TranType", row): null

2023-02-15 22:53:38 - [TEST_STEP][PASSED] - mv = findTestData(dataFile).getValue("MV", row): null

2023-02-15 22:53:38 - [TEST_STEP][PASSED] - resFormat = findTestData(dataFile).getValue("ResFormat", row): null

2023-02-15 22:53:38 - [TEST_STEP][PASSED] - tranxID = findTestData(dataFile).getValue("TranxID", row): null

2023-02-15 22:53:38 - [TEST_STEP][PASSED] - amount = findTestData(dataFile).getValue("Amount", row): null

2023-02-15 22:53:38 - [TEST_STEP][PASSED] - openBrowser(VLinkURL + "CC_credit.html"): Browser is opened with url: 'https://dev-algorithm.govolution.com/vlinktest/QA/version_2_0/CC_credit.html'

2023-02-15 22:53:38 - [MESSAGE][WARNING] - A browser is already opened. Closing browser and opening a new one

2023-02-15 22:53:39 - [MESSAGE][INFO] - Starting 'Chrome' driver

2023-02-15 22:53:39 - [MESSAGE][INFO] - User set preference: ['acceptInsecureCerts', 'true']

2023-02-15 22:53:39 - [MESSAGE][INFO] - Action delay is set to 0 milliseconds

2023-02-15 22:53:41 - [MESSAGE][PASSED] - Browser is opened with url: 'https://dev-algorithm.govolution.com/vlinktest/QA/version_2_0/CC_credit.html'

2023-02-15 22:53:41 - [TEST_STEP][PASSED] - maximizeWindow(): Current window maximized

2023-02-15 22:53:41 - [MESSAGE][PASSED] - Current window maximized

2023-02-15 22:53:41 - [TEST_STEP][PASSED] - maximizeWindow(): Current window maximized

2023-02-15 22:53:41 - [MESSAGE][PASSED] - Current window maximized

2023-02-15 22:53:41 - [TEST_STEP][PASSED] - setText(findTestObject("Object Repository/RecAndPlayBk/Page-Vlink-CC-Credit/input_Transaction Type"), tranType): Text '102' is set on object 'Object Repository/RecAndPlayBk/Page-Vlink-CC-Credit/input_Transaction Type'

2023-02-15 22:53:42 - [MESSAGE][PASSED] - Text '102' is set on object 'Object Repository/RecAndPlayBk/Page-Vlink-CC-Credit/input_Transaction Type'

2023-02-15 22:53:42 - [TEST_STEP][PASSED] - setText(findTestObject("Object Repository/RecAndPlayBk/Page-Vlink-CC-Credit/input_Message Version"), mv): Text '2.0C' is set on object 'Object Repository/RecAndPlayBk/Page-Vlink-CC-Credit/input_Message Version'

2023-02-15 22:53:43 - [MESSAGE][PASSED] - Text '2.0C' is set on object 'Object Repository/RecAndPlayBk/Page-Vlink-CC-Credit/input_Message Version'

2023-02-15 22:53:43 - [TEST_STEP][PASSED] - genRemID = RandomStringUtils.random(12, true, true): null

2023-02-15 22:53:43 - [TEST_STEP][PASSED] - setText(findTestObject("Object Repository/RecAndPlayBk/Page-Vlink-CC-Credit/input_Remittance Id"), genRemID): Text 'UVns8DVsAGpx' is set on object 'Object Repository/RecAndPlayBk/Page-Vlink-CC-Credit/input_Remittance Id'

2023-02-15 22:53:43 - [MESSAGE][PASSED] - Text 'UVns8DVsAGpx' is set on object 'Object Repository/RecAndPlayBk/Page-Vlink-CC-Credit/input_Remittance Id'

2023-02-15 22:53:43 - [TEST_STEP][PASSED] - setText(findTestObject("Object Repository/RecAndPlayBk/Page-Vlink-CC-Credit/input_Application Id"), appID): Text '234' is set on object 'Object Repository/RecAndPlayBk/Page-Vlink-CC-Credit/input_Application Id'

2023-02-15 22:53:44 - [MESSAGE][PASSED] - Text '234' is set on object 'Object Repository/RecAndPlayBk/Page-Vlink-CC-Credit/input_Application Id'

2023-02-15 22:53:44 - [TEST_STEP][PASSED] - setText(findTestObject("Object Repository/RecAndPlayBk/Page-Vlink-CC-Credit/input_Username"), username): Text 'username' is set on object 'Object Repository/RecAndPlayBk/Page-Vlink-CC-Credit/input_Username'

2023-02-15 22:53:44 - [MESSAGE][PASSED] - Text 'username' is set on object 'Object Repository/RecAndPlayBk/Page-Vlink-CC-Credit/input_Username'

2023-02-15 22:53:44 - [TEST_STEP][PASSED] - setText(findTestObject("Object Repository/RecAndPlayBk/Page-Vlink-CC-Credit/input_Password"), password): Text 'password' is set on object 'Object Repository/RecAndPlayBk/Page-Vlink-CC-Credit/input_Password'

2023-02-15 22:53:45 - [MESSAGE][PASSED] - Text 'password' is set on object 'Object Repository/RecAndPlayBk/Page-Vlink-CC-Credit/input_Password'

2023-02-15 22:53:45 - [TEST_STEP][PASSED] - setText(findTestObject("Object Repository/RecAndPlayBk/Page-Vlink-CC-Credit/input_Transaction ID"), tranxID): Text '123456' is set on object 'Object Repository/RecAndPlayBk/Page-Vlink-CC-Credit/input_Transaction ID'

2023-02-15 22:53:46 - [MESSAGE][PASSED] - Text '123456' is set on object 'Object Repository/RecAndPlayBk/Page-Vlink-CC-Credit/input_Transaction ID'

2023-02-15 22:53:46 - [TEST_STEP][PASSED] - setText(findTestObject("Object Repository/RecAndPlayBk/Page-Vlink-CC-Credit/input_Response Format"), resFormat): Text 'fixed_width' is set on object 'Object Repository/RecAndPlayBk/Page-Vlink-CC-Credit/input_Response Format'

2023-02-15 22:53:46 - [MESSAGE][PASSED] - Text 'fixed_width' is set on object 'Object Repository/RecAndPlayBk/Page-Vlink-CC-Credit/input_Response Format'

2023-02-15 22:53:46 - [TEST_STEP][PASSED] - setText(findTestObject("Object Repository/RecAndPlayBk/Page-Vlink-CC-Credit/input_Amount"), amount): Text '' is set on object 'Object Repository/RecAndPlayBk/Page-Vlink-CC-Credit/input_Amount'

2023-02-15 22:53:47 - [MESSAGE][PASSED] - Text '' is set on object 'Object Repository/RecAndPlayBk/Page-Vlink-CC-Credit/input_Amount'

2023-02-15 22:53:47 - [TEST_STEP][PASSED] - setText(findTestObject("Object Repository/RecAndPlayBk/Page-Vlink-CC-Credit/input_Card number"), ""): Text '' is set on object 'Object Repository/RecAndPlayBk/Page-Vlink-CC-Credit/input_Card number'

2023-02-15 22:53:47 - [MESSAGE][PASSED] - Text '' is set on object 'Object Repository/RecAndPlayBk/Page-Vlink-CC-Credit/input_Card number'

2023-02-15 22:53:47 - [TEST_STEP][PASSED] - setText(findTestObject("Object Repository/RecAndPlayBk/Page-Vlink-CC-Credit/input_Card ex month"), ""): Text '' is set on object 'Object Repository/RecAndPlayBk/Page-Vlink-CC-Credit/input_Card ex month'

2023-02-15 22:53:48 - [MESSAGE][PASSED] - Text '' is set on object 'Object Repository/RecAndPlayBk/Page-Vlink-CC-Credit/input_Card ex month'

2023-02-15 22:53:48 - [TEST_STEP][PASSED] - setText(findTestObject("Object Repository/RecAndPlayBk/Page-Vlink-CC-Credit/input_Card ex year"), ""): Text '' is set on object 'Object Repository/RecAndPlayBk/Page-Vlink-CC-Credit/input_Card ex year'

2023-02-15 22:53:49 - [MESSAGE][PASSED] - Text '' is set on object 'Object Repository/RecAndPlayBk/Page-Vlink-CC-Credit/input_Card ex year'

2023-02-15 22:53:49 - [TEST_STEP][PASSED] - setText(findTestObject("Object Repository/RecAndPlayBk/Page-Vlink-CC-Credit/input_Track Data"), ""): Text '' is set on object 'Object Repository/RecAndPlayBk/Page-Vlink-CC-Credit/input_Track Data'

2023-02-15 22:53:49 - [MESSAGE][PASSED] - Text '' is set on object 'Object Repository/RecAndPlayBk/Page-Vlink-CC-Credit/input_Track Data'

2023-02-15 22:53:49 - [TEST_STEP][PASSED] - click(findTestObject("Object Repository/RecAndPlayBk/Page-Vlink-CC-Credit/input")): Object: 'Object Repository/RecAndPlayBk/Page-Vlink-CC-Credit/input' is clicked on

2023-02-15 22:53:50 - [MESSAGE][PASSED] - Object: 'Object Repository/RecAndPlayBk/Page-Vlink-CC-Credit/input' is clicked on

2023-02-15 22:53:50 - [TEST_STEP][PASSED] - if (verifyTextPresent(errorMsg, true)): null

2023-02-15 22:53:50 - [MESSAGE][PASSED] - Text 'amount' is present on page  using regular expression

2023-02-15 22:53:50 - [TEST_STEP][PASSED] - println("Error Message is present on the Confirmation page"): null

2023-02-15 22:53:50 - [TEST_STEP][PASSED] - out.println("Pass Record Number: " + row): null

2023-02-15 22:53:50 - [TEST_STEP][PASSED] - resText = "Pass": null

2023-02-15 22:53:50 - [TEST_STEP][PASSED] - pages.WriteExcel.demoKey(resText, datText, resColumn, datCloumn, fileLoc, nameSheet, row): pages.WriteExcel.demoKey is PASSED

2023-02-15 22:53:50 - [MESSAGE][PASSED] - pages.WriteExcel.demoKey is PASSED

2023-02-15 22:53:50 - [TEST_STEP][PASSED] - ExecuteTC = findTestData(dataFile).getValue("Execute", row): null

2023-02-15 22:53:51 - [TEST_STEP][PASSED] - out.println("Value of Execute is : " + ExecuteTC): null

2023-02-15 22:53:51 - [TEST_STEP][PASSED] - if (ExecuteTC.equalsIgnoreCase("Y")): null

2023-02-15 22:53:51 - [TEST_STEP][PASSED] - out.println("Begin Record Number: " + row): null

2023-02-15 22:53:51 - [TEST_STEP][PASSED] - today = new java.util.Date(): null

2023-02-15 22:53:51 - [TEST_STEP][PASSED] - println(today): null

2023-02-15 22:53:51 - [TEST_STEP][PASSED] - datText = today: null

2023-02-15 22:53:51 - [TEST_STEP][PASSED] - errorMsg = findTestData(dataFile).getValue("ErrorMsg", row): null

2023-02-15 22:53:51 - [TEST_STEP][PASSED] - appID = findTestData(dataFile).getValue("AppID", row): null

2023-02-15 22:53:51 - [TEST_STEP][PASSED] - username = findTestData(dataFile).getValue("Username", row): null

2023-02-15 22:53:51 - [TEST_STEP][PASSED] - password = findTestData(dataFile).getValue("Password", row): null

2023-02-15 22:53:51 - [TEST_STEP][PASSED] - tranType = findTestData(dataFile).getValue("TranType", row): null

2023-02-15 22:53:51 - [TEST_STEP][PASSED] - mv = findTestData(dataFile).getValue("MV", row): null

2023-02-15 22:53:51 - [TEST_STEP][PASSED] - resFormat = findTestData(dataFile).getValue("ResFormat", row): null

2023-02-15 22:53:51 - [TEST_STEP][PASSED] - tranxID = findTestData(dataFile).getValue("TranxID", row): null

2023-02-15 22:53:51 - [TEST_STEP][PASSED] - amount = findTestData(dataFile).getValue("Amount", row): null

2023-02-15 22:53:51 - [TEST_STEP][PASSED] - openBrowser(VLinkURL + "CC_credit.html"): Browser is opened with url: 'https://dev-algorithm.govolution.com/vlinktest/QA/version_2_0/CC_credit.html'

2023-02-15 22:53:51 - [MESSAGE][WARNING] - A browser is already opened. Closing browser and opening a new one

2023-02-15 22:53:52 - [MESSAGE][INFO] - Starting 'Chrome' driver

2023-02-15 22:53:52 - [MESSAGE][INFO] - User set preference: ['acceptInsecureCerts', 'true']

2023-02-15 22:53:52 - [MESSAGE][INFO] - Action delay is set to 0 milliseconds

2023-02-15 22:53:54 - [MESSAGE][PASSED] - Browser is opened with url: 'https://dev-algorithm.govolution.com/vlinktest/QA/version_2_0/CC_credit.html'

2023-02-15 22:53:54 - [TEST_STEP][PASSED] - maximizeWindow(): Current window maximized

2023-02-15 22:53:54 - [MESSAGE][PASSED] - Current window maximized

2023-02-15 22:53:54 - [TEST_STEP][PASSED] - maximizeWindow(): Current window maximized

2023-02-15 22:53:54 - [MESSAGE][PASSED] - Current window maximized

2023-02-15 22:53:54 - [TEST_STEP][PASSED] - setText(findTestObject("Object Repository/RecAndPlayBk/Page-Vlink-CC-Credit/input_Transaction Type"), tranType): Text '102' is set on object 'Object Repository/RecAndPlayBk/Page-Vlink-CC-Credit/input_Transaction Type'

2023-02-15 22:53:55 - [MESSAGE][PASSED] - Text '102' is set on object 'Object Repository/RecAndPlayBk/Page-Vlink-CC-Credit/input_Transaction Type'

2023-02-15 22:53:55 - [TEST_STEP][PASSED] - setText(findTestObject("Object Repository/RecAndPlayBk/Page-Vlink-CC-Credit/input_Message Version"), mv): Text '2.0C' is set on object 'Object Repository/RecAndPlayBk/Page-Vlink-CC-Credit/input_Message Version'

2023-02-15 22:53:55 - [MESSAGE][PASSED] - Text '2.0C' is set on object 'Object Repository/RecAndPlayBk/Page-Vlink-CC-Credit/input_Message Version'

2023-02-15 22:53:55 - [TEST_STEP][PASSED] - genRemID = RandomStringUtils.random(12, true, true): null

2023-02-15 22:53:55 - [TEST_STEP][PASSED] - setText(findTestObject("Object Repository/RecAndPlayBk/Page-Vlink-CC-Credit/input_Remittance Id"), genRemID): Text '6p4PHebK0Zzm' is set on object 'Object Repository/RecAndPlayBk/Page-Vlink-CC-Credit/input_Remittance Id'

2023-02-15 22:53:56 - [MESSAGE][PASSED] - Text '6p4PHebK0Zzm' is set on object 'Object Repository/RecAndPlayBk/Page-Vlink-CC-Credit/input_Remittance Id'

2023-02-15 22:53:56 - [TEST_STEP][PASSED] - setText(findTestObject("Object Repository/RecAndPlayBk/Page-Vlink-CC-Credit/input_Application Id"), appID): Text '234' is set on object 'Object Repository/RecAndPlayBk/Page-Vlink-CC-Credit/input_Application Id'

2023-02-15 22:53:57 - [MESSAGE][PASSED] - Text '234' is set on object 'Object Repository/RecAndPlayBk/Page-Vlink-CC-Credit/input_Application Id'

2023-02-15 22:53:57 - [TEST_STEP][PASSED] - setText(findTestObject("Object Repository/RecAndPlayBk/Page-Vlink-CC-Credit/input_Username"), username): Text 'username' is set on object 'Object Repository/RecAndPlayBk/Page-Vlink-CC-Credit/input_Username'

2023-02-15 22:53:57 - [MESSAGE][PASSED] - Text 'username' is set on object 'Object Repository/RecAndPlayBk/Page-Vlink-CC-Credit/input_Username'

2023-02-15 22:53:57 - [TEST_STEP][PASSED] - setText(findTestObject("Object Repository/RecAndPlayBk/Page-Vlink-CC-Credit/input_Password"), password): Text 'password' is set on object 'Object Repository/RecAndPlayBk/Page-Vlink-CC-Credit/input_Password'

2023-02-15 22:53:58 - [MESSAGE][PASSED] - Text 'password' is set on object 'Object Repository/RecAndPlayBk/Page-Vlink-CC-Credit/input_Password'

2023-02-15 22:53:58 - [TEST_STEP][PASSED] - setText(findTestObject("Object Repository/RecAndPlayBk/Page-Vlink-CC-Credit/input_Transaction ID"), tranxID): Text '' is set on object 'Object Repository/RecAndPlayBk/Page-Vlink-CC-Credit/input_Transaction ID'

2023-02-15 22:53:59 - [MESSAGE][PASSED] - Text '' is set on object 'Object Repository/RecAndPlayBk/Page-Vlink-CC-Credit/input_Transaction ID'

2023-02-15 22:53:59 - [TEST_STEP][PASSED] - setText(findTestObject("Object Repository/RecAndPlayBk/Page-Vlink-CC-Credit/input_Response Format"), resFormat): Text 'fixed_width' is set on object 'Object Repository/RecAndPlayBk/Page-Vlink-CC-Credit/input_Response Format'

2023-02-15 22:53:59 - [MESSAGE][PASSED] - Text 'fixed_width' is set on object 'Object Repository/RecAndPlayBk/Page-Vlink-CC-Credit/input_Response Format'

2023-02-15 22:53:59 - [TEST_STEP][PASSED] - setText(findTestObject("Object Repository/RecAndPlayBk/Page-Vlink-CC-Credit/input_Amount"), amount): Text '1.50' is set on object 'Object Repository/RecAndPlayBk/Page-Vlink-CC-Credit/input_Amount'

2023-02-15 22:54:00 - [MESSAGE][PASSED] - Text '1.50' is set on object 'Object Repository/RecAndPlayBk/Page-Vlink-CC-Credit/input_Amount'

2023-02-15 22:54:00 - [TEST_STEP][PASSED] - setText(findTestObject("Object Repository/RecAndPlayBk/Page-Vlink-CC-Credit/input_Card number"), ""): Text '' is set on object 'Object Repository/RecAndPlayBk/Page-Vlink-CC-Credit/input_Card number'

2023-02-15 22:54:00 - [MESSAGE][PASSED] - Text '' is set on object 'Object Repository/RecAndPlayBk/Page-Vlink-CC-Credit/input_Card number'

2023-02-15 22:54:00 - [TEST_STEP][PASSED] - setText(findTestObject("Object Repository/RecAndPlayBk/Page-Vlink-CC-Credit/input_Card ex month"), ""): Text '' is set on object 'Object Repository/RecAndPlayBk/Page-Vlink-CC-Credit/input_Card ex month'

2023-02-15 22:54:01 - [MESSAGE][PASSED] - Text '' is set on object 'Object Repository/RecAndPlayBk/Page-Vlink-CC-Credit/input_Card ex month'

2023-02-15 22:54:01 - [TEST_STEP][PASSED] - setText(findTestObject("Object Repository/RecAndPlayBk/Page-Vlink-CC-Credit/input_Card ex year"), ""): Text '' is set on object 'Object Repository/RecAndPlayBk/Page-Vlink-CC-Credit/input_Card ex year'

2023-02-15 22:54:02 - [MESSAGE][PASSED] - Text '' is set on object 'Object Repository/RecAndPlayBk/Page-Vlink-CC-Credit/input_Card ex year'

2023-02-15 22:54:02 - [TEST_STEP][PASSED] - setText(findTestObject("Object Repository/RecAndPlayBk/Page-Vlink-CC-Credit/input_Track Data"), ""): Text '' is set on object 'Object Repository/RecAndPlayBk/Page-Vlink-CC-Credit/input_Track Data'

2023-02-15 22:54:02 - [MESSAGE][PASSED] - Text '' is set on object 'Object Repository/RecAndPlayBk/Page-Vlink-CC-Credit/input_Track Data'

2023-02-15 22:54:02 - [TEST_STEP][PASSED] - click(findTestObject("Object Repository/RecAndPlayBk/Page-Vlink-CC-Credit/input")): Object: 'Object Repository/RecAndPlayBk/Page-Vlink-CC-Credit/input' is clicked on

2023-02-15 22:54:03 - [MESSAGE][PASSED] - Object: 'Object Repository/RecAndPlayBk/Page-Vlink-CC-Credit/input' is clicked on

2023-02-15 22:54:03 - [TEST_STEP][PASSED] - if (verifyTextPresent(errorMsg, true)): null

2023-02-15 22:54:03 - [MESSAGE][PASSED] - Text 'transaction_id' is present on page  using regular expression

2023-02-15 22:54:03 - [TEST_STEP][PASSED] - println("Error Message is present on the Confirmation page"): null

2023-02-15 22:54:03 - [TEST_STEP][PASSED] - out.println("Pass Record Number: " + row): null

2023-02-15 22:54:03 - [TEST_STEP][PASSED] - resText = "Pass": null

2023-02-15 22:54:03 - [TEST_STEP][PASSED] - pages.WriteExcel.demoKey(resText, datText, resColumn, datCloumn, fileLoc, nameSheet, row): pages.WriteExcel.demoKey is PASSED

2023-02-15 22:54:03 - [MESSAGE][PASSED] - pages.WriteExcel.demoKey is PASSED

2023-02-15 22:54:03 - [TEST_STEP][PASSED] - ExecuteTC = findTestData(dataFile).getValue("Execute", row): null

2023-02-15 22:54:03 - [TEST_STEP][PASSED] - out.println("Value of Execute is : " + ExecuteTC): null

2023-02-15 22:54:03 - [TEST_STEP][PASSED] - if (ExecuteTC.equalsIgnoreCase("Y")): null

2023-02-15 22:54:03 - [TEST_STEP][PASSED] - out.println("Begin Record Number: " + row): null

2023-02-15 22:54:03 - [TEST_STEP][PASSED] - today = new java.util.Date(): null

2023-02-15 22:54:03 - [TEST_STEP][PASSED] - println(today): null

2023-02-15 22:54:03 - [TEST_STEP][PASSED] - datText = today: null

2023-02-15 22:54:03 - [TEST_STEP][PASSED] - errorMsg = findTestData(dataFile).getValue("ErrorMsg", row): null

2023-02-15 22:54:03 - [TEST_STEP][PASSED] - appID = findTestData(dataFile).getValue("AppID", row): null

2023-02-15 22:54:04 - [TEST_STEP][PASSED] - username = findTestData(dataFile).getValue("Username", row): null

2023-02-15 22:54:04 - [TEST_STEP][PASSED] - password = findTestData(dataFile).getValue("Password", row): null

2023-02-15 22:54:04 - [TEST_STEP][PASSED] - tranType = findTestData(dataFile).getValue("TranType", row): null

2023-02-15 22:54:04 - [TEST_STEP][PASSED] - mv = findTestData(dataFile).getValue("MV", row): null

2023-02-15 22:54:04 - [TEST_STEP][PASSED] - resFormat = findTestData(dataFile).getValue("ResFormat", row): null

2023-02-15 22:54:04 - [TEST_STEP][PASSED] - tranxID = findTestData(dataFile).getValue("TranxID", row): null

2023-02-15 22:54:04 - [TEST_STEP][PASSED] - amount = findTestData(dataFile).getValue("Amount", row): null

2023-02-15 22:54:04 - [TEST_STEP][PASSED] - openBrowser(VLinkURL + "CC_credit.html"): Browser is opened with url: 'https://dev-algorithm.govolution.com/vlinktest/QA/version_2_0/CC_credit.html'

2023-02-15 22:54:04 - [MESSAGE][WARNING] - A browser is already opened. Closing browser and opening a new one

2023-02-15 22:54:05 - [MESSAGE][INFO] - Starting 'Chrome' driver

2023-02-15 22:54:05 - [MESSAGE][INFO] - User set preference: ['acceptInsecureCerts', 'true']

2023-02-15 22:54:05 - [MESSAGE][INFO] - Action delay is set to 0 milliseconds

2023-02-15 22:54:07 - [MESSAGE][PASSED] - Browser is opened with url: 'https://dev-algorithm.govolution.com/vlinktest/QA/version_2_0/CC_credit.html'

2023-02-15 22:54:07 - [TEST_STEP][PASSED] - maximizeWindow(): Current window maximized

2023-02-15 22:54:07 - [MESSAGE][PASSED] - Current window maximized

2023-02-15 22:54:07 - [TEST_STEP][PASSED] - maximizeWindow(): Current window maximized

2023-02-15 22:54:07 - [MESSAGE][PASSED] - Current window maximized

2023-02-15 22:54:07 - [TEST_STEP][PASSED] - setText(findTestObject("Object Repository/RecAndPlayBk/Page-Vlink-CC-Credit/input_Transaction Type"), tranType): Text '102' is set on object 'Object Repository/RecAndPlayBk/Page-Vlink-CC-Credit/input_Transaction Type'

2023-02-15 22:54:08 - [MESSAGE][PASSED] - Text '102' is set on object 'Object Repository/RecAndPlayBk/Page-Vlink-CC-Credit/input_Transaction Type'

2023-02-15 22:54:08 - [TEST_STEP][PASSED] - setText(findTestObject("Object Repository/RecAndPlayBk/Page-Vlink-CC-Credit/input_Message Version"), mv): Text '2.0C' is set on object 'Object Repository/RecAndPlayBk/Page-Vlink-CC-Credit/input_Message Version'

2023-02-15 22:54:08 - [MESSAGE][PASSED] - Text '2.0C' is set on object 'Object Repository/RecAndPlayBk/Page-Vlink-CC-Credit/input_Message Version'

2023-02-15 22:54:08 - [TEST_STEP][PASSED] - genRemID = RandomStringUtils.random(12, true, true): null

2023-02-15 22:54:08 - [TEST_STEP][PASSED] - setText(findTestObject("Object Repository/RecAndPlayBk/Page-Vlink-CC-Credit/input_Remittance Id"), genRemID): Text 'ArQ1h70AjLBt' is set on object 'Object Repository/RecAndPlayBk/Page-Vlink-CC-Credit/input_Remittance Id'

2023-02-15 22:54:09 - [MESSAGE][PASSED] - Text 'ArQ1h70AjLBt' is set on object 'Object Repository/RecAndPlayBk/Page-Vlink-CC-Credit/input_Remittance Id'

2023-02-15 22:54:09 - [TEST_STEP][PASSED] - setText(findTestObject("Object Repository/RecAndPlayBk/Page-Vlink-CC-Credit/input_Application Id"), appID): Text '234' is set on object 'Object Repository/RecAndPlayBk/Page-Vlink-CC-Credit/input_Application Id'

2023-02-15 22:54:10 - [MESSAGE][PASSED] - Text '234' is set on object 'Object Repository/RecAndPlayBk/Page-Vlink-CC-Credit/input_Application Id'

2023-02-15 22:54:10 - [TEST_STEP][PASSED] - setText(findTestObject("Object Repository/RecAndPlayBk/Page-Vlink-CC-Credit/input_Username"), username): Text '' is set on object 'Object Repository/RecAndPlayBk/Page-Vlink-CC-Credit/input_Username'

2023-02-15 22:54:10 - [MESSAGE][PASSED] - Text '' is set on object 'Object Repository/RecAndPlayBk/Page-Vlink-CC-Credit/input_Username'

2023-02-15 22:54:10 - [TEST_STEP][PASSED] - setText(findTestObject("Object Repository/RecAndPlayBk/Page-Vlink-CC-Credit/input_Password"), password): Text 'password' is set on object 'Object Repository/RecAndPlayBk/Page-Vlink-CC-Credit/input_Password'

2023-02-15 22:54:11 - [MESSAGE][PASSED] - Text 'password' is set on object 'Object Repository/RecAndPlayBk/Page-Vlink-CC-Credit/input_Password'

2023-02-15 22:54:11 - [TEST_STEP][PASSED] - setText(findTestObject("Object Repository/RecAndPlayBk/Page-Vlink-CC-Credit/input_Transaction ID"), tranxID): Text '123456' is set on object 'Object Repository/RecAndPlayBk/Page-Vlink-CC-Credit/input_Transaction ID'

2023-02-15 22:54:11 - [MESSAGE][PASSED] - Text '123456' is set on object 'Object Repository/RecAndPlayBk/Page-Vlink-CC-Credit/input_Transaction ID'

2023-02-15 22:54:11 - [TEST_STEP][PASSED] - setText(findTestObject("Object Repository/RecAndPlayBk/Page-Vlink-CC-Credit/input_Response Format"), resFormat): Text 'fixed_width' is set on object 'Object Repository/RecAndPlayBk/Page-Vlink-CC-Credit/input_Response Format'

2023-02-15 22:54:12 - [MESSAGE][PASSED] - Text 'fixed_width' is set on object 'Object Repository/RecAndPlayBk/Page-Vlink-CC-Credit/input_Response Format'

2023-02-15 22:54:12 - [TEST_STEP][PASSED] - setText(findTestObject("Object Repository/RecAndPlayBk/Page-Vlink-CC-Credit/input_Amount"), amount): Text '1.50' is set on object 'Object Repository/RecAndPlayBk/Page-Vlink-CC-Credit/input_Amount'

2023-02-15 22:54:13 - [MESSAGE][PASSED] - Text '1.50' is set on object 'Object Repository/RecAndPlayBk/Page-Vlink-CC-Credit/input_Amount'

2023-02-15 22:54:13 - [TEST_STEP][PASSED] - setText(findTestObject("Object Repository/RecAndPlayBk/Page-Vlink-CC-Credit/input_Card number"), ""): Text '' is set on object 'Object Repository/RecAndPlayBk/Page-Vlink-CC-Credit/input_Card number'

2023-02-15 22:54:13 - [MESSAGE][PASSED] - Text '' is set on object 'Object Repository/RecAndPlayBk/Page-Vlink-CC-Credit/input_Card number'

2023-02-15 22:54:13 - [TEST_STEP][PASSED] - setText(findTestObject("Object Repository/RecAndPlayBk/Page-Vlink-CC-Credit/input_Card ex month"), ""): Text '' is set on object 'Object Repository/RecAndPlayBk/Page-Vlink-CC-Credit/input_Card ex month'

2023-02-15 22:54:14 - [MESSAGE][PASSED] - Text '' is set on object 'Object Repository/RecAndPlayBk/Page-Vlink-CC-Credit/input_Card ex month'

2023-02-15 22:54:14 - [TEST_STEP][PASSED] - setText(findTestObject("Object Repository/RecAndPlayBk/Page-Vlink-CC-Credit/input_Card ex year"), ""): Text '' is set on object 'Object Repository/RecAndPlayBk/Page-Vlink-CC-Credit/input_Card ex year'

2023-02-15 22:54:14 - [MESSAGE][PASSED] - Text '' is set on object 'Object Repository/RecAndPlayBk/Page-Vlink-CC-Credit/input_Card ex year'

2023-02-15 22:54:14 - [TEST_STEP][PASSED] - setText(findTestObject("Object Repository/RecAndPlayBk/Page-Vlink-CC-Credit/input_Track Data"), ""): Text '' is set on object 'Object Repository/RecAndPlayBk/Page-Vlink-CC-Credit/input_Track Data'

2023-02-15 22:54:15 - [MESSAGE][PASSED] - Text '' is set on object 'Object Repository/RecAndPlayBk/Page-Vlink-CC-Credit/input_Track Data'

2023-02-15 22:54:15 - [TEST_STEP][PASSED] - click(findTestObject("Object Repository/RecAndPlayBk/Page-Vlink-CC-Credit/input")): Object: 'Object Repository/RecAndPlayBk/Page-Vlink-CC-Credit/input' is clicked on

2023-02-15 22:54:16 - [MESSAGE][PASSED] - Object: 'Object Repository/RecAndPlayBk/Page-Vlink-CC-Credit/input' is clicked on

2023-02-15 22:54:16 - [TEST_STEP][PASSED] - if (verifyTextPresent(errorMsg, true)): null

2023-02-15 22:54:16 - [MESSAGE][PASSED] - Text 'Signon authentication error' is present on page  using regular expression

2023-02-15 22:54:16 - [TEST_STEP][PASSED] - println("Error Message is present on the Confirmation page"): null

2023-02-15 22:54:16 - [TEST_STEP][PASSED] - out.println("Pass Record Number: " + row): null

2023-02-15 22:54:16 - [TEST_STEP][PASSED] - resText = "Pass": null

2023-02-15 22:54:16 - [TEST_STEP][PASSED] - pages.WriteExcel.demoKey(resText, datText, resColumn, datCloumn, fileLoc, nameSheet, row): pages.WriteExcel.demoKey is PASSED

2023-02-15 22:54:16 - [MESSAGE][PASSED] - pages.WriteExcel.demoKey is PASSED

2023-02-15 22:54:16 - [TEST_STEP][PASSED] - ExecuteTC = findTestData(dataFile).getValue("Execute", row): null

2023-02-15 22:54:16 - [TEST_STEP][PASSED] - out.println("Value of Execute is : " + ExecuteTC): null

2023-02-15 22:54:16 - [TEST_STEP][PASSED] - if (ExecuteTC.equalsIgnoreCase("Y")): null

2023-02-15 22:54:16 - [TEST_STEP][PASSED] - out.println("Begin Record Number: " + row): null

2023-02-15 22:54:16 - [TEST_STEP][PASSED] - today = new java.util.Date(): null

2023-02-15 22:54:16 - [TEST_STEP][PASSED] - println(today): null

2023-02-15 22:54:16 - [TEST_STEP][PASSED] - datText = today: null

2023-02-15 22:54:16 - [TEST_STEP][PASSED] - errorMsg = findTestData(dataFile).getValue("ErrorMsg", row): null

2023-02-15 22:54:16 - [TEST_STEP][PASSED] - appID = findTestData(dataFile).getValue("AppID", row): null

2023-02-15 22:54:16 - [TEST_STEP][PASSED] - username = findTestData(dataFile).getValue("Username", row): null

2023-02-15 22:54:16 - [TEST_STEP][PASSED] - password = findTestData(dataFile).getValue("Password", row): null

2023-02-15 22:54:17 - [TEST_STEP][PASSED] - tranType = findTestData(dataFile).getValue("TranType", row): null

2023-02-15 22:54:17 - [TEST_STEP][PASSED] - mv = findTestData(dataFile).getValue("MV", row): null

2023-02-15 22:54:17 - [TEST_STEP][PASSED] - resFormat = findTestData(dataFile).getValue("ResFormat", row): null

2023-02-15 22:54:17 - [TEST_STEP][PASSED] - tranxID = findTestData(dataFile).getValue("TranxID", row): null

2023-02-15 22:54:17 - [TEST_STEP][PASSED] - amount = findTestData(dataFile).getValue("Amount", row): null

2023-02-15 22:54:17 - [TEST_STEP][PASSED] - openBrowser(VLinkURL + "CC_credit.html"): Browser is opened with url: 'https://dev-algorithm.govolution.com/vlinktest/QA/version_2_0/CC_credit.html'

2023-02-15 22:54:17 - [MESSAGE][WARNING] - A browser is already opened. Closing browser and opening a new one

2023-02-15 22:54:18 - [MESSAGE][INFO] - Starting 'Chrome' driver

2023-02-15 22:54:18 - [MESSAGE][INFO] - User set preference: ['acceptInsecureCerts', 'true']

2023-02-15 22:54:18 - [MESSAGE][INFO] - Action delay is set to 0 milliseconds

2023-02-15 22:54:20 - [MESSAGE][PASSED] - Browser is opened with url: 'https://dev-algorithm.govolution.com/vlinktest/QA/version_2_0/CC_credit.html'

2023-02-15 22:54:20 - [TEST_STEP][PASSED] - maximizeWindow(): Current window maximized

2023-02-15 22:54:20 - [MESSAGE][PASSED] - Current window maximized

2023-02-15 22:54:20 - [TEST_STEP][PASSED] - maximizeWindow(): Current window maximized

2023-02-15 22:54:20 - [MESSAGE][PASSED] - Current window maximized

2023-02-15 22:54:20 - [TEST_STEP][PASSED] - setText(findTestObject("Object Repository/RecAndPlayBk/Page-Vlink-CC-Credit/input_Transaction Type"), tranType): Text '102' is set on object 'Object Repository/RecAndPlayBk/Page-Vlink-CC-Credit/input_Transaction Type'

2023-02-15 22:54:21 - [MESSAGE][PASSED] - Text '102' is set on object 'Object Repository/RecAndPlayBk/Page-Vlink-CC-Credit/input_Transaction Type'

2023-02-15 22:54:21 - [TEST_STEP][PASSED] - setText(findTestObject("Object Repository/RecAndPlayBk/Page-Vlink-CC-Credit/input_Message Version"), mv): Text '2.0C' is set on object 'Object Repository/RecAndPlayBk/Page-Vlink-CC-Credit/input_Message Version'

2023-02-15 22:54:21 - [MESSAGE][PASSED] - Text '2.0C' is set on object 'Object Repository/RecAndPlayBk/Page-Vlink-CC-Credit/input_Message Version'

2023-02-15 22:54:21 - [TEST_STEP][PASSED] - genRemID = RandomStringUtils.random(12, true, true): null

2023-02-15 22:54:21 - [TEST_STEP][PASSED] - setText(findTestObject("Object Repository/RecAndPlayBk/Page-Vlink-CC-Credit/input_Remittance Id"), genRemID): Text 'C3xhfO2gNc1P' is set on object 'Object Repository/RecAndPlayBk/Page-Vlink-CC-Credit/input_Remittance Id'

2023-02-15 22:54:22 - [MESSAGE][PASSED] - Text 'C3xhfO2gNc1P' is set on object 'Object Repository/RecAndPlayBk/Page-Vlink-CC-Credit/input_Remittance Id'

2023-02-15 22:54:22 - [TEST_STEP][PASSED] - setText(findTestObject("Object Repository/RecAndPlayBk/Page-Vlink-CC-Credit/input_Application Id"), appID): Text '234' is set on object 'Object Repository/RecAndPlayBk/Page-Vlink-CC-Credit/input_Application Id'

2023-02-15 22:54:23 - [MESSAGE][PASSED] - Text '234' is set on object 'Object Repository/RecAndPlayBk/Page-Vlink-CC-Credit/input_Application Id'

2023-02-15 22:54:23 - [TEST_STEP][PASSED] - setText(findTestObject("Object Repository/RecAndPlayBk/Page-Vlink-CC-Credit/input_Username"), username): Text 'username' is set on object 'Object Repository/RecAndPlayBk/Page-Vlink-CC-Credit/input_Username'

2023-02-15 22:54:23 - [MESSAGE][PASSED] - Text 'username' is set on object 'Object Repository/RecAndPlayBk/Page-Vlink-CC-Credit/input_Username'

2023-02-15 22:54:23 - [TEST_STEP][PASSED] - setText(findTestObject("Object Repository/RecAndPlayBk/Page-Vlink-CC-Credit/input_Password"), password): Text '' is set on object 'Object Repository/RecAndPlayBk/Page-Vlink-CC-Credit/input_Password'

2023-02-15 22:54:24 - [MESSAGE][PASSED] - Text '' is set on object 'Object Repository/RecAndPlayBk/Page-Vlink-CC-Credit/input_Password'

2023-02-15 22:54:24 - [TEST_STEP][PASSED] - setText(findTestObject("Object Repository/RecAndPlayBk/Page-Vlink-CC-Credit/input_Transaction ID"), tranxID): Text '123456' is set on object 'Object Repository/RecAndPlayBk/Page-Vlink-CC-Credit/input_Transaction ID'

2023-02-15 22:54:24 - [MESSAGE][PASSED] - Text '123456' is set on object 'Object Repository/RecAndPlayBk/Page-Vlink-CC-Credit/input_Transaction ID'

2023-02-15 22:54:24 - [TEST_STEP][PASSED] - setText(findTestObject("Object Repository/RecAndPlayBk/Page-Vlink-CC-Credit/input_Response Format"), resFormat): Text 'fixed_width' is set on object 'Object Repository/RecAndPlayBk/Page-Vlink-CC-Credit/input_Response Format'

2023-02-15 22:54:25 - [MESSAGE][PASSED] - Text 'fixed_width' is set on object 'Object Repository/RecAndPlayBk/Page-Vlink-CC-Credit/input_Response Format'

2023-02-15 22:54:25 - [TEST_STEP][PASSED] - setText(findTestObject("Object Repository/RecAndPlayBk/Page-Vlink-CC-Credit/input_Amount"), amount): Text '1.50' is set on object 'Object Repository/RecAndPlayBk/Page-Vlink-CC-Credit/input_Amount'

2023-02-15 22:54:26 - [MESSAGE][PASSED] - Text '1.50' is set on object 'Object Repository/RecAndPlayBk/Page-Vlink-CC-Credit/input_Amount'

2023-02-15 22:54:26 - [TEST_STEP][PASSED] - setText(findTestObject("Object Repository/RecAndPlayBk/Page-Vlink-CC-Credit/input_Card number"), ""): Text '' is set on object 'Object Repository/RecAndPlayBk/Page-Vlink-CC-Credit/input_Card number'

2023-02-15 22:54:26 - [MESSAGE][PASSED] - Text '' is set on object 'Object Repository/RecAndPlayBk/Page-Vlink-CC-Credit/input_Card number'

2023-02-15 22:54:26 - [TEST_STEP][PASSED] - setText(findTestObject("Object Repository/RecAndPlayBk/Page-Vlink-CC-Credit/input_Card ex month"), ""): Text '' is set on object 'Object Repository/RecAndPlayBk/Page-Vlink-CC-Credit/input_Card ex month'

2023-02-15 22:54:27 - [MESSAGE][PASSED] - Text '' is set on object 'Object Repository/RecAndPlayBk/Page-Vlink-CC-Credit/input_Card ex month'

2023-02-15 22:54:27 - [TEST_STEP][PASSED] - setText(findTestObject("Object Repository/RecAndPlayBk/Page-Vlink-CC-Credit/input_Card ex year"), ""): Text '' is set on object 'Object Repository/RecAndPlayBk/Page-Vlink-CC-Credit/input_Card ex year'

2023-02-15 22:54:27 - [MESSAGE][PASSED] - Text '' is set on object 'Object Repository/RecAndPlayBk/Page-Vlink-CC-Credit/input_Card ex year'

2023-02-15 22:54:27 - [TEST_STEP][PASSED] - setText(findTestObject("Object Repository/RecAndPlayBk/Page-Vlink-CC-Credit/input_Track Data"), ""): Text '' is set on object 'Object Repository/RecAndPlayBk/Page-Vlink-CC-Credit/input_Track Data'

2023-02-15 22:54:28 - [MESSAGE][PASSED] - Text '' is set on object 'Object Repository/RecAndPlayBk/Page-Vlink-CC-Credit/input_Track Data'

2023-02-15 22:54:28 - [TEST_STEP][PASSED] - click(findTestObject("Object Repository/RecAndPlayBk/Page-Vlink-CC-Credit/input")): Object: 'Object Repository/RecAndPlayBk/Page-Vlink-CC-Credit/input' is clicked on

2023-02-15 22:54:29 - [MESSAGE][PASSED] - Object: 'Object Repository/RecAndPlayBk/Page-Vlink-CC-Credit/input' is clicked on

2023-02-15 22:54:29 - [TEST_STEP][PASSED] - if (verifyTextPresent(errorMsg, true)): null

2023-02-15 22:54:29 - [MESSAGE][PASSED] - Text 'Signon authentication error' is present on page  using regular expression

2023-02-15 22:54:29 - [TEST_STEP][PASSED] - println("Error Message is present on the Confirmation page"): null

2023-02-15 22:54:29 - [TEST_STEP][PASSED] - out.println("Pass Record Number: " + row): null

2023-02-15 22:54:29 - [TEST_STEP][PASSED] - resText = "Pass": null

2023-02-15 22:54:29 - [TEST_STEP][PASSED] - pages.WriteExcel.demoKey(resText, datText, resColumn, datCloumn, fileLoc, nameSheet, row): pages.WriteExcel.demoKey is PASSED

2023-02-15 22:54:29 - [MESSAGE][PASSED] - pages.WriteExcel.demoKey is PASSED

2023-02-15 22:54:29 - [TEST_STEP][PASSED] - ExecuteTC = findTestData(dataFile).getValue("Execute", row): null

2023-02-15 22:54:29 - [TEST_STEP][PASSED] - out.println("Value of Execute is : " + ExecuteTC): null

2023-02-15 22:54:29 - [TEST_STEP][PASSED] - if (ExecuteTC.equalsIgnoreCase("Y")): null]]></system-out>
         <system-err><![CDATA[]]></system-err>
      </testcase>
      <testcase name="Test Cases/RecAndPlayBk/VLink/Debit" time="100.78" classname="Test Cases/RecAndPlayBk/VLink/Debit" status="PASSED">
         <system-out><![CDATA[2023-02-15 22:54:29 - [TEST_CASE][PASSED] - Test Cases/RecAndPlayBk/VLink/Debit: Test Cases/RecAndPlayBk/VLink/Debit

2023-02-15 22:54:30 - [TEST_STEP][PASSED] - executionProfile = getExecutionProfile(): null

2023-02-15 22:54:30 - [TEST_STEP][PASSED] - out.println("executionProfile : " + executionProfile): null

2023-02-15 22:54:30 - [TEST_STEP][PASSED] - appName = <not implemented yet for class: org.codehaus.groovy.ast.expr.EmptyExpression>: null

2023-02-15 22:54:30 - [TEST_STEP][PASSED] - appID = <not implemented yet for class: org.codehaus.groovy.ast.expr.EmptyExpression>: null

2023-02-15 22:54:30 - [TEST_STEP][PASSED] - username = <not implemented yet for class: org.codehaus.groovy.ast.expr.EmptyExpression>: null

2023-02-15 22:54:30 - [TEST_STEP][PASSED] - password = <not implemented yet for class: org.codehaus.groovy.ast.expr.EmptyExpression>: null

2023-02-15 22:54:30 - [TEST_STEP][PASSED] - cardNameV = <not implemented yet for class: org.codehaus.groovy.ast.expr.EmptyExpression>: null

2023-02-15 22:54:30 - [TEST_STEP][PASSED] - al1V = <not implemented yet for class: org.codehaus.groovy.ast.expr.EmptyExpression>: null

2023-02-15 22:54:30 - [TEST_STEP][PASSED] - al2V = <not implemented yet for class: org.codehaus.groovy.ast.expr.EmptyExpression>: null

2023-02-15 22:54:30 - [TEST_STEP][PASSED] - zipV = <not implemented yet for class: org.codehaus.groovy.ast.expr.EmptyExpression>: null

2023-02-15 22:54:30 - [TEST_STEP][PASSED] - cardTypeV = <not implemented yet for class: org.codehaus.groovy.ast.expr.EmptyExpression>: null

2023-02-15 22:54:30 - [TEST_STEP][PASSED] - last4V = <not implemented yet for class: org.codehaus.groovy.ast.expr.EmptyExpression>: null

2023-02-15 22:54:30 - [TEST_STEP][PASSED] - resText = "Fail": null

2023-02-15 22:54:30 - [TEST_STEP][PASSED] - resColumn = "Result": null

2023-02-15 22:54:30 - [TEST_STEP][PASSED] - datCloumn = "Date": null

2023-02-15 22:54:30 - [TEST_STEP][PASSED] - fileLoc = "KatalonData/VLinkSmokeDataACH.xlsx": null

2023-02-15 22:54:30 - [TEST_STEP][PASSED] - numOfRows = <not implemented yet for class: org.codehaus.groovy.ast.expr.EmptyExpression>: null

2023-02-15 22:54:30 - [TEST_STEP][PASSED] - dataFile = <not implemented yet for class: org.codehaus.groovy.ast.expr.EmptyExpression>: null

2023-02-15 22:54:30 - [TEST_STEP][PASSED] - nameSheet = <not implemented yet for class: org.codehaus.groovy.ast.expr.EmptyExpression>: null

2023-02-15 22:54:30 - [TEST_STEP][PASSED] - nameSheet = "Debit": null

2023-02-15 22:54:30 - [TEST_STEP][PASSED] - numOfRows = findTestData("QA/VLinkTestData/VLinkDebitData").getRowNumbers(): null

2023-02-15 22:54:30 - [TEST_STEP][PASSED] - println("Number of Records: " + numOfRows): null

2023-02-15 22:54:30 - [TEST_STEP][PASSED] - dataFile = "QA/VLinkTestData/VLinkDebitData": null

2023-02-15 22:54:30 - [TEST_STEP][PASSED] - for ([row = 1, row <= numOfRows, (row++)]): null

2023-02-15 22:54:30 - [TEST_STEP][PASSED] - ExecuteTC = findTestData(dataFile).getValue("Execute", row): null

2023-02-15 22:54:30 - [TEST_STEP][PASSED] - out.println("Value of Execute is : " + ExecuteTC): null

2023-02-15 22:54:30 - [TEST_STEP][PASSED] - switch (executionProfile): null

2023-02-15 22:54:30 - [TEST_STEP][PASSED] - case "QAProfile":: null

2023-02-15 22:54:30 - [TEST_STEP][PASSED] - appID = findTestData(dataFile).getValue("AppIDQA", row): null

2023-02-15 22:54:30 - [TEST_STEP][PASSED] - username = findTestData(dataFile).getValue("UsernameQA", row): null

2023-02-15 22:54:30 - [TEST_STEP][PASSED] - password = findTestData(dataFile).getValue("PasswordQA", row): null

2023-02-15 22:54:30 - [TEST_STEP][PASSED] - break: null

2023-02-15 22:54:30 - [TEST_STEP][PASSED] - if (ExecuteTC.equalsIgnoreCase("Y")): null

2023-02-15 22:54:30 - [TEST_STEP][PASSED] - out.println("Begin Record Number: " + row): null

2023-02-15 22:54:30 - [TEST_STEP][PASSED] - today = new java.util.Date(): null

2023-02-15 22:54:30 - [TEST_STEP][PASSED] - println(today): null

2023-02-15 22:54:30 - [TEST_STEP][PASSED] - datText = today: null

2023-02-15 22:54:30 - [TEST_STEP][PASSED] - checkType = findTestData(dataFile).getValue("CheckType", row): null

2023-02-15 22:54:30 - [TEST_STEP][PASSED] - acNumber = findTestData(dataFile).getValue("AcNumber", row): null

2023-02-15 22:54:30 - [TEST_STEP][PASSED] - company = findTestData(dataFile).getValue("Company", row): null

2023-02-15 22:54:30 - [TEST_STEP][PASSED] - acType = findTestData(dataFile).getValue("AcType", row): null

2023-02-15 22:54:30 - [TEST_STEP][PASSED] - rtn = findTestData(dataFile).getValue("RTN", row): null

2023-02-15 22:54:30 - [TEST_STEP][PASSED] - amount = findTestData(dataFile).getValue("Amount", row): null

2023-02-15 22:54:30 - [TEST_STEP][PASSED] - sec = findTestData(dataFile).getValue("SEC", row): null

2023-02-15 22:54:30 - [TEST_STEP][PASSED] - openBrowser(VLinkURL + "debit.html"): Browser is opened with url: 'https://dev-algorithm.govolution.com/vlinktest/QA/version_2_0/debit.html'

2023-02-15 22:54:30 - [MESSAGE][WARNING] - A browser is already opened. Closing browser and opening a new one

2023-02-15 22:54:31 - [MESSAGE][INFO] - Starting 'Chrome' driver

2023-02-15 22:54:31 - [MESSAGE][INFO] - User set preference: ['acceptInsecureCerts', 'true']

2023-02-15 22:54:31 - [MESSAGE][INFO] - Action delay is set to 0 milliseconds

2023-02-15 22:54:33 - [MESSAGE][PASSED] - Browser is opened with url: 'https://dev-algorithm.govolution.com/vlinktest/QA/version_2_0/debit.html'

2023-02-15 22:54:33 - [TEST_STEP][PASSED] - maximizeWindow(): Current window maximized

2023-02-15 22:54:33 - [MESSAGE][PASSED] - Current window maximized

2023-02-15 22:54:33 - [TEST_STEP][PASSED] - genRemID = RandomStringUtils.random(12, true, true): null

2023-02-15 22:54:33 - [TEST_STEP][PASSED] - setText(findTestObject("RecAndPlayBk/Page-Vlink-Debit/input_Remittance Id"), genRemID): Text 'V1Yth7AUF1nu' is set on object 'Object Repository/RecAndPlayBk/Page-Vlink-Debit/input_Remittance Id'

2023-02-15 22:54:34 - [MESSAGE][PASSED] - Text 'V1Yth7AUF1nu' is set on object 'Object Repository/RecAndPlayBk/Page-Vlink-Debit/input_Remittance Id'

2023-02-15 22:54:34 - [TEST_STEP][PASSED] - setText(findTestObject("RecAndPlayBk/Page-Vlink-Debit/input_Application Id"), appID): Text '234' is set on object 'Object Repository/RecAndPlayBk/Page-Vlink-Debit/input_Application Id'

2023-02-15 22:54:35 - [MESSAGE][PASSED] - Text '234' is set on object 'Object Repository/RecAndPlayBk/Page-Vlink-Debit/input_Application Id'

2023-02-15 22:54:35 - [TEST_STEP][PASSED] - setText(findTestObject("RecAndPlayBk/Page-Vlink-Debit/input_Username"), username): Text 'username' is set on object 'Object Repository/RecAndPlayBk/Page-Vlink-Debit/input_Username'

2023-02-15 22:54:35 - [MESSAGE][PASSED] - Text 'username' is set on object 'Object Repository/RecAndPlayBk/Page-Vlink-Debit/input_Username'

2023-02-15 22:54:35 - [TEST_STEP][PASSED] - setText(findTestObject("RecAndPlayBk/Page-Vlink-Debit/input_Password"), password): Text 'password' is set on object 'Object Repository/RecAndPlayBk/Page-Vlink-Debit/input_Password'

2023-02-15 22:54:36 - [MESSAGE][PASSED] - Text 'password' is set on object 'Object Repository/RecAndPlayBk/Page-Vlink-Debit/input_Password'

2023-02-15 22:54:36 - [TEST_STEP][PASSED] - setText(findTestObject("RecAndPlayBk/Page-Vlink-Debit/input_Check Type"), checkType): Text 'P' is set on object 'Object Repository/RecAndPlayBk/Page-Vlink-Debit/input_Check Type'

2023-02-15 22:54:36 - [MESSAGE][PASSED] - Text 'P' is set on object 'Object Repository/RecAndPlayBk/Page-Vlink-Debit/input_Check Type'

2023-02-15 22:54:36 - [TEST_STEP][PASSED] - setText(findTestObject("RecAndPlayBk/Page-Vlink-Debit/input_Account_check"), acNumber): Text '58963214' is set on object 'Object Repository/RecAndPlayBk/Page-Vlink-Debit/input_Account_check'

2023-02-15 22:54:37 - [MESSAGE][PASSED] - Text '58963214' is set on object 'Object Repository/RecAndPlayBk/Page-Vlink-Debit/input_Account_check'

2023-02-15 22:54:37 - [TEST_STEP][PASSED] - setText(findTestObject("RecAndPlayBk/Page-Vlink-Debit/input_Company_check"), company): Text '' is set on object 'Object Repository/RecAndPlayBk/Page-Vlink-Debit/input_Company_check'

2023-02-15 22:54:38 - [MESSAGE][PASSED] - Text '' is set on object 'Object Repository/RecAndPlayBk/Page-Vlink-Debit/input_Company_check'

2023-02-15 22:54:38 - [TEST_STEP][PASSED] - setText(findTestObject("RecAndPlayBk/Page-Vlink-Debit/input_Account Type"), acType): Text '1' is set on object 'Object Repository/RecAndPlayBk/Page-Vlink-Debit/input_Account Type'

2023-02-15 22:54:38 - [MESSAGE][PASSED] - Text '1' is set on object 'Object Repository/RecAndPlayBk/Page-Vlink-Debit/input_Account Type'

2023-02-15 22:54:38 - [TEST_STEP][PASSED] - setText(findTestObject("RecAndPlayBk/Page-Vlink-Debit/input_Routing Number"), rtn): Text '256072691' is set on object 'Object Repository/RecAndPlayBk/Page-Vlink-Debit/input_Routing Number'

2023-02-15 22:54:39 - [MESSAGE][PASSED] - Text '256072691' is set on object 'Object Repository/RecAndPlayBk/Page-Vlink-Debit/input_Routing Number'

2023-02-15 22:54:39 - [TEST_STEP][PASSED] - setText(findTestObject("RecAndPlayBk/Page-Vlink-Debit/input_Amount"), amount): Text '12.50' is set on object 'Object Repository/RecAndPlayBk/Page-Vlink-Debit/input_Amount'

2023-02-15 22:54:40 - [MESSAGE][PASSED] - Text '12.50' is set on object 'Object Repository/RecAndPlayBk/Page-Vlink-Debit/input_Amount'

2023-02-15 22:54:40 - [TEST_STEP][PASSED] - setText(findTestObject("RecAndPlayBk/Page-Vlink-Debit/input_Check Email"), ""): Text '' is set on object 'Object Repository/RecAndPlayBk/Page-Vlink-Debit/input_Check Email'

2023-02-15 22:54:40 - [MESSAGE][PASSED] - Text '' is set on object 'Object Repository/RecAndPlayBk/Page-Vlink-Debit/input_Check Email'

2023-02-15 22:54:40 - [TEST_STEP][PASSED] - setText(findTestObject("Object Repository/RecAndPlayBk/Page-Vlink-Debit/input_concat(CheckWriter, , s SSN)_check_ssn"), ""): Text '' is set on object 'Object Repository/RecAndPlayBk/Page-Vlink-Debit/input_concat(CheckWriter, , s SSN)_check_ssn'

2023-02-15 22:54:41 - [MESSAGE][PASSED] - Text '' is set on object 'Object Repository/RecAndPlayBk/Page-Vlink-Debit/input_concat(CheckWriter, , s SSN)_check_ssn'

2023-02-15 22:54:41 - [TEST_STEP][PASSED] - setText(findTestObject("Object Repository/RecAndPlayBk/Page-Vlink-Debit/input_concat(CheckWriter, , s License Numbe_020fef"), ""): Text '' is set on object 'Object Repository/RecAndPlayBk/Page-Vlink-Debit/input_concat(CheckWriter, , s License Numbe_020fef'

2023-02-15 22:54:41 - [MESSAGE][PASSED] - Text '' is set on object 'Object Repository/RecAndPlayBk/Page-Vlink-Debit/input_concat(CheckWriter, , s License Numbe_020fef'

2023-02-15 22:54:41 - [TEST_STEP][PASSED] - setText(findTestObject("Object Repository/RecAndPlayBk/Page-Vlink-Debit/input_concat(CheckWriter, , s License State_21e3e7"), ""): Text '' is set on object 'Object Repository/RecAndPlayBk/Page-Vlink-Debit/input_concat(CheckWriter, , s License State_21e3e7'

2023-02-15 22:54:42 - [MESSAGE][PASSED] - Text '' is set on object 'Object Repository/RecAndPlayBk/Page-Vlink-Debit/input_concat(CheckWriter, , s License State_21e3e7'

2023-02-15 22:54:42 - [TEST_STEP][PASSED] - setText(findTestObject("RecAndPlayBk/Page-Vlink-Debit/input_Standard Entry Class"), sec): Text 'WEB' is set on object 'Object Repository/RecAndPlayBk/Page-Vlink-Debit/input_Standard Entry Class'

2023-02-15 22:54:43 - [MESSAGE][PASSED] - Text 'WEB' is set on object 'Object Repository/RecAndPlayBk/Page-Vlink-Debit/input_Standard Entry Class'

2023-02-15 22:54:43 - [TEST_STEP][PASSED] - click(findTestObject("Object Repository/RecAndPlayBk/Page-Vlink-Debit/input")): Object: 'Object Repository/RecAndPlayBk/Page-Vlink-Debit/input' is clicked on

2023-02-15 22:54:44 - [MESSAGE][PASSED] - Object: 'Object Repository/RecAndPlayBk/Page-Vlink-Debit/input' is clicked on

2023-02-15 22:54:44 - [TEST_STEP][PASSED] - if (verifyTextPresent("Transaction approved, no errors", true)): null

2023-02-15 22:54:44 - [MESSAGE][PASSED] - Text 'Transaction approved, no errors' is present on page  using regular expression

2023-02-15 22:54:44 - [TEST_STEP][PASSED] - println("Transaction Approved, no errors text is present on the Confirmation page"): null

2023-02-15 22:54:44 - [TEST_STEP][PASSED] - out.println("Pass Record Number: " + row): null

2023-02-15 22:54:44 - [TEST_STEP][PASSED] - resText = "Pass": null

2023-02-15 22:54:44 - [TEST_STEP][PASSED] - pages.WriteExcel.demoKey(resText, datText, resColumn, datCloumn, fileLoc, nameSheet, row): pages.WriteExcel.demoKey is PASSED

2023-02-15 22:54:44 - [MESSAGE][PASSED] - pages.WriteExcel.demoKey is PASSED

2023-02-15 22:54:44 - [TEST_STEP][PASSED] - ExecuteTC = findTestData(dataFile).getValue("Execute", row): null

2023-02-15 22:54:44 - [TEST_STEP][PASSED] - out.println("Value of Execute is : " + ExecuteTC): null

2023-02-15 22:54:44 - [TEST_STEP][PASSED] - switch (executionProfile): null

2023-02-15 22:54:44 - [TEST_STEP][PASSED] - case "QAProfile":: null

2023-02-15 22:54:44 - [TEST_STEP][PASSED] - appID = findTestData(dataFile).getValue("AppIDQA", row): null

2023-02-15 22:54:44 - [TEST_STEP][PASSED] - username = findTestData(dataFile).getValue("UsernameQA", row): null

2023-02-15 22:54:44 - [TEST_STEP][PASSED] - password = findTestData(dataFile).getValue("PasswordQA", row): null

2023-02-15 22:54:44 - [TEST_STEP][PASSED] - break: null

2023-02-15 22:54:44 - [TEST_STEP][PASSED] - if (ExecuteTC.equalsIgnoreCase("Y")): null

2023-02-15 22:54:44 - [TEST_STEP][PASSED] - out.println("Begin Record Number: " + row): null

2023-02-15 22:54:44 - [TEST_STEP][PASSED] - today = new java.util.Date(): null

2023-02-15 22:54:44 - [TEST_STEP][PASSED] - println(today): null

2023-02-15 22:54:44 - [TEST_STEP][PASSED] - datText = today: null

2023-02-15 22:54:44 - [TEST_STEP][PASSED] - checkType = findTestData(dataFile).getValue("CheckType", row): null

2023-02-15 22:54:44 - [TEST_STEP][PASSED] - acNumber = findTestData(dataFile).getValue("AcNumber", row): null

2023-02-15 22:54:44 - [TEST_STEP][PASSED] - company = findTestData(dataFile).getValue("Company", row): null

2023-02-15 22:54:44 - [TEST_STEP][PASSED] - acType = findTestData(dataFile).getValue("AcType", row): null

2023-02-15 22:54:45 - [TEST_STEP][PASSED] - rtn = findTestData(dataFile).getValue("RTN", row): null

2023-02-15 22:54:45 - [TEST_STEP][PASSED] - amount = findTestData(dataFile).getValue("Amount", row): null

2023-02-15 22:54:45 - [TEST_STEP][PASSED] - sec = findTestData(dataFile).getValue("SEC", row): null

2023-02-15 22:54:45 - [TEST_STEP][PASSED] - openBrowser(VLinkURL + "debit.html"): Browser is opened with url: 'https://dev-algorithm.govolution.com/vlinktest/QA/version_2_0/debit.html'

2023-02-15 22:54:45 - [MESSAGE][WARNING] - A browser is already opened. Closing browser and opening a new one

2023-02-15 22:54:46 - [MESSAGE][INFO] - Starting 'Chrome' driver

2023-02-15 22:54:46 - [MESSAGE][INFO] - User set preference: ['acceptInsecureCerts', 'true']

2023-02-15 22:54:46 - [MESSAGE][INFO] - Action delay is set to 0 milliseconds

2023-02-15 22:54:47 - [MESSAGE][PASSED] - Browser is opened with url: 'https://dev-algorithm.govolution.com/vlinktest/QA/version_2_0/debit.html'

2023-02-15 22:54:47 - [TEST_STEP][PASSED] - maximizeWindow(): Current window maximized

2023-02-15 22:54:48 - [MESSAGE][PASSED] - Current window maximized

2023-02-15 22:54:48 - [TEST_STEP][PASSED] - genRemID = RandomStringUtils.random(12, true, true): null

2023-02-15 22:54:48 - [TEST_STEP][PASSED] - setText(findTestObject("RecAndPlayBk/Page-Vlink-Debit/input_Remittance Id"), genRemID): Text 'lovBEc2Hyt9a' is set on object 'Object Repository/RecAndPlayBk/Page-Vlink-Debit/input_Remittance Id'

2023-02-15 22:54:48 - [MESSAGE][PASSED] - Text 'lovBEc2Hyt9a' is set on object 'Object Repository/RecAndPlayBk/Page-Vlink-Debit/input_Remittance Id'

2023-02-15 22:54:48 - [TEST_STEP][PASSED] - setText(findTestObject("RecAndPlayBk/Page-Vlink-Debit/input_Application Id"), appID): Text '234' is set on object 'Object Repository/RecAndPlayBk/Page-Vlink-Debit/input_Application Id'

2023-02-15 22:54:49 - [MESSAGE][PASSED] - Text '234' is set on object 'Object Repository/RecAndPlayBk/Page-Vlink-Debit/input_Application Id'

2023-02-15 22:54:49 - [TEST_STEP][PASSED] - setText(findTestObject("RecAndPlayBk/Page-Vlink-Debit/input_Username"), username): Text 'username' is set on object 'Object Repository/RecAndPlayBk/Page-Vlink-Debit/input_Username'

2023-02-15 22:54:50 - [MESSAGE][PASSED] - Text 'username' is set on object 'Object Repository/RecAndPlayBk/Page-Vlink-Debit/input_Username'

2023-02-15 22:54:50 - [TEST_STEP][PASSED] - setText(findTestObject("RecAndPlayBk/Page-Vlink-Debit/input_Password"), password): Text 'password' is set on object 'Object Repository/RecAndPlayBk/Page-Vlink-Debit/input_Password'

2023-02-15 22:54:50 - [MESSAGE][PASSED] - Text 'password' is set on object 'Object Repository/RecAndPlayBk/Page-Vlink-Debit/input_Password'

2023-02-15 22:54:50 - [TEST_STEP][PASSED] - setText(findTestObject("RecAndPlayBk/Page-Vlink-Debit/input_Check Type"), checkType): Text 'P' is set on object 'Object Repository/RecAndPlayBk/Page-Vlink-Debit/input_Check Type'

2023-02-15 22:54:51 - [MESSAGE][PASSED] - Text 'P' is set on object 'Object Repository/RecAndPlayBk/Page-Vlink-Debit/input_Check Type'

2023-02-15 22:54:51 - [TEST_STEP][PASSED] - setText(findTestObject("RecAndPlayBk/Page-Vlink-Debit/input_Account_check"), acNumber): Text '58963214' is set on object 'Object Repository/RecAndPlayBk/Page-Vlink-Debit/input_Account_check'

2023-02-15 22:54:51 - [MESSAGE][PASSED] - Text '58963214' is set on object 'Object Repository/RecAndPlayBk/Page-Vlink-Debit/input_Account_check'

2023-02-15 22:54:51 - [TEST_STEP][PASSED] - setText(findTestObject("RecAndPlayBk/Page-Vlink-Debit/input_Company_check"), company): Text '' is set on object 'Object Repository/RecAndPlayBk/Page-Vlink-Debit/input_Company_check'

2023-02-15 22:54:52 - [MESSAGE][PASSED] - Text '' is set on object 'Object Repository/RecAndPlayBk/Page-Vlink-Debit/input_Company_check'

2023-02-15 22:54:52 - [TEST_STEP][PASSED] - setText(findTestObject("RecAndPlayBk/Page-Vlink-Debit/input_Account Type"), acType): Text '1' is set on object 'Object Repository/RecAndPlayBk/Page-Vlink-Debit/input_Account Type'

2023-02-15 22:54:53 - [MESSAGE][PASSED] - Text '1' is set on object 'Object Repository/RecAndPlayBk/Page-Vlink-Debit/input_Account Type'

2023-02-15 22:54:53 - [TEST_STEP][PASSED] - setText(findTestObject("RecAndPlayBk/Page-Vlink-Debit/input_Routing Number"), rtn): Text '256072691' is set on object 'Object Repository/RecAndPlayBk/Page-Vlink-Debit/input_Routing Number'

2023-02-15 22:54:53 - [MESSAGE][PASSED] - Text '256072691' is set on object 'Object Repository/RecAndPlayBk/Page-Vlink-Debit/input_Routing Number'

2023-02-15 22:54:53 - [TEST_STEP][PASSED] - setText(findTestObject("RecAndPlayBk/Page-Vlink-Debit/input_Amount"), amount): Text '12.50' is set on object 'Object Repository/RecAndPlayBk/Page-Vlink-Debit/input_Amount'

2023-02-15 22:54:54 - [MESSAGE][PASSED] - Text '12.50' is set on object 'Object Repository/RecAndPlayBk/Page-Vlink-Debit/input_Amount'

2023-02-15 22:54:54 - [TEST_STEP][PASSED] - setText(findTestObject("RecAndPlayBk/Page-Vlink-Debit/input_Check Email"), ""): Text '' is set on object 'Object Repository/RecAndPlayBk/Page-Vlink-Debit/input_Check Email'

2023-02-15 22:54:54 - [MESSAGE][PASSED] - Text '' is set on object 'Object Repository/RecAndPlayBk/Page-Vlink-Debit/input_Check Email'

2023-02-15 22:54:54 - [TEST_STEP][PASSED] - setText(findTestObject("Object Repository/RecAndPlayBk/Page-Vlink-Debit/input_concat(CheckWriter, , s SSN)_check_ssn"), ""): Text '' is set on object 'Object Repository/RecAndPlayBk/Page-Vlink-Debit/input_concat(CheckWriter, , s SSN)_check_ssn'

2023-02-15 22:54:55 - [MESSAGE][PASSED] - Text '' is set on object 'Object Repository/RecAndPlayBk/Page-Vlink-Debit/input_concat(CheckWriter, , s SSN)_check_ssn'

2023-02-15 22:54:55 - [TEST_STEP][PASSED] - setText(findTestObject("Object Repository/RecAndPlayBk/Page-Vlink-Debit/input_concat(CheckWriter, , s License Numbe_020fef"), ""): Text '' is set on object 'Object Repository/RecAndPlayBk/Page-Vlink-Debit/input_concat(CheckWriter, , s License Numbe_020fef'

2023-02-15 22:54:56 - [MESSAGE][PASSED] - Text '' is set on object 'Object Repository/RecAndPlayBk/Page-Vlink-Debit/input_concat(CheckWriter, , s License Numbe_020fef'

2023-02-15 22:54:56 - [TEST_STEP][PASSED] - setText(findTestObject("Object Repository/RecAndPlayBk/Page-Vlink-Debit/input_concat(CheckWriter, , s License State_21e3e7"), ""): Text '' is set on object 'Object Repository/RecAndPlayBk/Page-Vlink-Debit/input_concat(CheckWriter, , s License State_21e3e7'

2023-02-15 22:54:56 - [MESSAGE][PASSED] - Text '' is set on object 'Object Repository/RecAndPlayBk/Page-Vlink-Debit/input_concat(CheckWriter, , s License State_21e3e7'

2023-02-15 22:54:56 - [TEST_STEP][PASSED] - setText(findTestObject("RecAndPlayBk/Page-Vlink-Debit/input_Standard Entry Class"), sec): Text 'TEL' is set on object 'Object Repository/RecAndPlayBk/Page-Vlink-Debit/input_Standard Entry Class'

2023-02-15 22:54:57 - [MESSAGE][PASSED] - Text 'TEL' is set on object 'Object Repository/RecAndPlayBk/Page-Vlink-Debit/input_Standard Entry Class'

2023-02-15 22:54:57 - [TEST_STEP][PASSED] - click(findTestObject("Object Repository/RecAndPlayBk/Page-Vlink-Debit/input")): Object: 'Object Repository/RecAndPlayBk/Page-Vlink-Debit/input' is clicked on

2023-02-15 22:54:58 - [MESSAGE][PASSED] - Object: 'Object Repository/RecAndPlayBk/Page-Vlink-Debit/input' is clicked on

2023-02-15 22:54:58 - [TEST_STEP][PASSED] - if (verifyTextPresent("Transaction approved, no errors", true)): null

2023-02-15 22:54:58 - [MESSAGE][PASSED] - Text 'Transaction approved, no errors' is present on page  using regular expression

2023-02-15 22:54:58 - [TEST_STEP][PASSED] - println("Transaction Approved, no errors text is present on the Confirmation page"): null

2023-02-15 22:54:58 - [TEST_STEP][PASSED] - out.println("Pass Record Number: " + row): null

2023-02-15 22:54:58 - [TEST_STEP][PASSED] - resText = "Pass": null

2023-02-15 22:54:58 - [TEST_STEP][PASSED] - pages.WriteExcel.demoKey(resText, datText, resColumn, datCloumn, fileLoc, nameSheet, row): pages.WriteExcel.demoKey is PASSED

2023-02-15 22:54:58 - [MESSAGE][PASSED] - pages.WriteExcel.demoKey is PASSED

2023-02-15 22:54:58 - [TEST_STEP][PASSED] - ExecuteTC = findTestData(dataFile).getValue("Execute", row): null

2023-02-15 22:54:58 - [TEST_STEP][PASSED] - out.println("Value of Execute is : " + ExecuteTC): null

2023-02-15 22:54:58 - [TEST_STEP][PASSED] - switch (executionProfile): null

2023-02-15 22:54:58 - [TEST_STEP][PASSED] - case "QAProfile":: null

2023-02-15 22:54:58 - [TEST_STEP][PASSED] - appID = findTestData(dataFile).getValue("AppIDQA", row): null

2023-02-15 22:54:58 - [TEST_STEP][PASSED] - username = findTestData(dataFile).getValue("UsernameQA", row): null

2023-02-15 22:54:59 - [TEST_STEP][PASSED] - password = findTestData(dataFile).getValue("PasswordQA", row): null

2023-02-15 22:54:59 - [TEST_STEP][PASSED] - break: null

2023-02-15 22:54:59 - [TEST_STEP][PASSED] - if (ExecuteTC.equalsIgnoreCase("Y")): null

2023-02-15 22:54:59 - [TEST_STEP][PASSED] - out.println("Begin Record Number: " + row): null

2023-02-15 22:54:59 - [TEST_STEP][PASSED] - today = new java.util.Date(): null

2023-02-15 22:54:59 - [TEST_STEP][PASSED] - println(today): null

2023-02-15 22:54:59 - [TEST_STEP][PASSED] - datText = today: null

2023-02-15 22:54:59 - [TEST_STEP][PASSED] - checkType = findTestData(dataFile).getValue("CheckType", row): null

2023-02-15 22:54:59 - [TEST_STEP][PASSED] - acNumber = findTestData(dataFile).getValue("AcNumber", row): null

2023-02-15 22:54:59 - [TEST_STEP][PASSED] - company = findTestData(dataFile).getValue("Company", row): null

2023-02-15 22:54:59 - [TEST_STEP][PASSED] - acType = findTestData(dataFile).getValue("AcType", row): null

2023-02-15 22:54:59 - [TEST_STEP][PASSED] - rtn = findTestData(dataFile).getValue("RTN", row): null

2023-02-15 22:54:59 - [TEST_STEP][PASSED] - amount = findTestData(dataFile).getValue("Amount", row): null

2023-02-15 22:54:59 - [TEST_STEP][PASSED] - sec = findTestData(dataFile).getValue("SEC", row): null

2023-02-15 22:54:59 - [TEST_STEP][PASSED] - openBrowser(VLinkURL + "debit.html"): Browser is opened with url: 'https://dev-algorithm.govolution.com/vlinktest/QA/version_2_0/debit.html'

2023-02-15 22:54:59 - [MESSAGE][WARNING] - A browser is already opened. Closing browser and opening a new one

2023-02-15 22:55:00 - [MESSAGE][INFO] - Starting 'Chrome' driver

2023-02-15 22:55:00 - [MESSAGE][INFO] - User set preference: ['acceptInsecureCerts', 'true']

2023-02-15 22:55:00 - [MESSAGE][INFO] - Action delay is set to 0 milliseconds

2023-02-15 22:55:02 - [MESSAGE][PASSED] - Browser is opened with url: 'https://dev-algorithm.govolution.com/vlinktest/QA/version_2_0/debit.html'

2023-02-15 22:55:02 - [TEST_STEP][PASSED] - maximizeWindow(): Current window maximized

2023-02-15 22:55:02 - [MESSAGE][PASSED] - Current window maximized

2023-02-15 22:55:02 - [TEST_STEP][PASSED] - genRemID = RandomStringUtils.random(12, true, true): null

2023-02-15 22:55:02 - [TEST_STEP][PASSED] - setText(findTestObject("RecAndPlayBk/Page-Vlink-Debit/input_Remittance Id"), genRemID): Text 'IVxpbwTU1ua9' is set on object 'Object Repository/RecAndPlayBk/Page-Vlink-Debit/input_Remittance Id'

2023-02-15 22:55:03 - [MESSAGE][PASSED] - Text 'IVxpbwTU1ua9' is set on object 'Object Repository/RecAndPlayBk/Page-Vlink-Debit/input_Remittance Id'

2023-02-15 22:55:03 - [TEST_STEP][PASSED] - setText(findTestObject("RecAndPlayBk/Page-Vlink-Debit/input_Application Id"), appID): Text '234' is set on object 'Object Repository/RecAndPlayBk/Page-Vlink-Debit/input_Application Id'

2023-02-15 22:55:03 - [MESSAGE][PASSED] - Text '234' is set on object 'Object Repository/RecAndPlayBk/Page-Vlink-Debit/input_Application Id'

2023-02-15 22:55:03 - [TEST_STEP][PASSED] - setText(findTestObject("RecAndPlayBk/Page-Vlink-Debit/input_Username"), username): Text 'username' is set on object 'Object Repository/RecAndPlayBk/Page-Vlink-Debit/input_Username'

2023-02-15 22:55:04 - [MESSAGE][PASSED] - Text 'username' is set on object 'Object Repository/RecAndPlayBk/Page-Vlink-Debit/input_Username'

2023-02-15 22:55:04 - [TEST_STEP][PASSED] - setText(findTestObject("RecAndPlayBk/Page-Vlink-Debit/input_Password"), password): Text 'password' is set on object 'Object Repository/RecAndPlayBk/Page-Vlink-Debit/input_Password'

2023-02-15 22:55:05 - [MESSAGE][PASSED] - Text 'password' is set on object 'Object Repository/RecAndPlayBk/Page-Vlink-Debit/input_Password'

2023-02-15 22:55:05 - [TEST_STEP][PASSED] - setText(findTestObject("RecAndPlayBk/Page-Vlink-Debit/input_Check Type"), checkType): Text 'P' is set on object 'Object Repository/RecAndPlayBk/Page-Vlink-Debit/input_Check Type'

2023-02-15 22:55:05 - [MESSAGE][PASSED] - Text 'P' is set on object 'Object Repository/RecAndPlayBk/Page-Vlink-Debit/input_Check Type'

2023-02-15 22:55:05 - [TEST_STEP][PASSED] - setText(findTestObject("RecAndPlayBk/Page-Vlink-Debit/input_Account_check"), acNumber): Text '58963214' is set on object 'Object Repository/RecAndPlayBk/Page-Vlink-Debit/input_Account_check'

2023-02-15 22:55:06 - [MESSAGE][PASSED] - Text '58963214' is set on object 'Object Repository/RecAndPlayBk/Page-Vlink-Debit/input_Account_check'

2023-02-15 22:55:06 - [TEST_STEP][PASSED] - setText(findTestObject("RecAndPlayBk/Page-Vlink-Debit/input_Company_check"), company): Text '' is set on object 'Object Repository/RecAndPlayBk/Page-Vlink-Debit/input_Company_check'

2023-02-15 22:55:06 - [MESSAGE][PASSED] - Text '' is set on object 'Object Repository/RecAndPlayBk/Page-Vlink-Debit/input_Company_check'

2023-02-15 22:55:06 - [TEST_STEP][PASSED] - setText(findTestObject("RecAndPlayBk/Page-Vlink-Debit/input_Account Type"), acType): Text '1' is set on object 'Object Repository/RecAndPlayBk/Page-Vlink-Debit/input_Account Type'

2023-02-15 22:55:07 - [MESSAGE][PASSED] - Text '1' is set on object 'Object Repository/RecAndPlayBk/Page-Vlink-Debit/input_Account Type'

2023-02-15 22:55:07 - [TEST_STEP][PASSED] - setText(findTestObject("RecAndPlayBk/Page-Vlink-Debit/input_Routing Number"), rtn): Text '256072691' is set on object 'Object Repository/RecAndPlayBk/Page-Vlink-Debit/input_Routing Number'

2023-02-15 22:55:08 - [MESSAGE][PASSED] - Text '256072691' is set on object 'Object Repository/RecAndPlayBk/Page-Vlink-Debit/input_Routing Number'

2023-02-15 22:55:08 - [TEST_STEP][PASSED] - setText(findTestObject("RecAndPlayBk/Page-Vlink-Debit/input_Amount"), amount): Text '12.50' is set on object 'Object Repository/RecAndPlayBk/Page-Vlink-Debit/input_Amount'

2023-02-15 22:55:08 - [MESSAGE][PASSED] - Text '12.50' is set on object 'Object Repository/RecAndPlayBk/Page-Vlink-Debit/input_Amount'

2023-02-15 22:55:08 - [TEST_STEP][PASSED] - setText(findTestObject("RecAndPlayBk/Page-Vlink-Debit/input_Check Email"), ""): Text '' is set on object 'Object Repository/RecAndPlayBk/Page-Vlink-Debit/input_Check Email'

2023-02-15 22:55:09 - [MESSAGE][PASSED] - Text '' is set on object 'Object Repository/RecAndPlayBk/Page-Vlink-Debit/input_Check Email'

2023-02-15 22:55:09 - [TEST_STEP][PASSED] - setText(findTestObject("Object Repository/RecAndPlayBk/Page-Vlink-Debit/input_concat(CheckWriter, , s SSN)_check_ssn"), ""): Text '' is set on object 'Object Repository/RecAndPlayBk/Page-Vlink-Debit/input_concat(CheckWriter, , s SSN)_check_ssn'

2023-02-15 22:55:10 - [MESSAGE][PASSED] - Text '' is set on object 'Object Repository/RecAndPlayBk/Page-Vlink-Debit/input_concat(CheckWriter, , s SSN)_check_ssn'

2023-02-15 22:55:10 - [TEST_STEP][PASSED] - setText(findTestObject("Object Repository/RecAndPlayBk/Page-Vlink-Debit/input_concat(CheckWriter, , s License Numbe_020fef"), ""): Text '' is set on object 'Object Repository/RecAndPlayBk/Page-Vlink-Debit/input_concat(CheckWriter, , s License Numbe_020fef'

2023-02-15 22:55:10 - [MESSAGE][PASSED] - Text '' is set on object 'Object Repository/RecAndPlayBk/Page-Vlink-Debit/input_concat(CheckWriter, , s License Numbe_020fef'

2023-02-15 22:55:10 - [TEST_STEP][PASSED] - setText(findTestObject("Object Repository/RecAndPlayBk/Page-Vlink-Debit/input_concat(CheckWriter, , s License State_21e3e7"), ""): Text '' is set on object 'Object Repository/RecAndPlayBk/Page-Vlink-Debit/input_concat(CheckWriter, , s License State_21e3e7'

2023-02-15 22:55:11 - [MESSAGE][PASSED] - Text '' is set on object 'Object Repository/RecAndPlayBk/Page-Vlink-Debit/input_concat(CheckWriter, , s License State_21e3e7'

2023-02-15 22:55:11 - [TEST_STEP][PASSED] - setText(findTestObject("RecAndPlayBk/Page-Vlink-Debit/input_Standard Entry Class"), sec): Text 'PPD' is set on object 'Object Repository/RecAndPlayBk/Page-Vlink-Debit/input_Standard Entry Class'

2023-02-15 22:55:11 - [MESSAGE][PASSED] - Text 'PPD' is set on object 'Object Repository/RecAndPlayBk/Page-Vlink-Debit/input_Standard Entry Class'

2023-02-15 22:55:11 - [TEST_STEP][PASSED] - click(findTestObject("Object Repository/RecAndPlayBk/Page-Vlink-Debit/input")): Object: 'Object Repository/RecAndPlayBk/Page-Vlink-Debit/input' is clicked on

2023-02-15 22:55:12 - [MESSAGE][PASSED] - Object: 'Object Repository/RecAndPlayBk/Page-Vlink-Debit/input' is clicked on

2023-02-15 22:55:12 - [TEST_STEP][PASSED] - if (verifyTextPresent("Transaction approved, no errors", true)): null

2023-02-15 22:55:13 - [MESSAGE][PASSED] - Text 'Transaction approved, no errors' is present on page  using regular expression

2023-02-15 22:55:13 - [TEST_STEP][PASSED] - println("Transaction Approved, no errors text is present on the Confirmation page"): null

2023-02-15 22:55:13 - [TEST_STEP][PASSED] - out.println("Pass Record Number: " + row): null

2023-02-15 22:55:13 - [TEST_STEP][PASSED] - resText = "Pass": null

2023-02-15 22:55:13 - [TEST_STEP][PASSED] - pages.WriteExcel.demoKey(resText, datText, resColumn, datCloumn, fileLoc, nameSheet, row): pages.WriteExcel.demoKey is PASSED

2023-02-15 22:55:13 - [MESSAGE][PASSED] - pages.WriteExcel.demoKey is PASSED

2023-02-15 22:55:13 - [TEST_STEP][PASSED] - ExecuteTC = findTestData(dataFile).getValue("Execute", row): null

2023-02-15 22:55:13 - [TEST_STEP][PASSED] - out.println("Value of Execute is : " + ExecuteTC): null

2023-02-15 22:55:13 - [TEST_STEP][PASSED] - switch (executionProfile): null

2023-02-15 22:55:13 - [TEST_STEP][PASSED] - case "QAProfile":: null

2023-02-15 22:55:13 - [TEST_STEP][PASSED] - appID = findTestData(dataFile).getValue("AppIDQA", row): null

2023-02-15 22:55:13 - [TEST_STEP][PASSED] - username = findTestData(dataFile).getValue("UsernameQA", row): null

2023-02-15 22:55:13 - [TEST_STEP][PASSED] - password = findTestData(dataFile).getValue("PasswordQA", row): null

2023-02-15 22:55:13 - [TEST_STEP][PASSED] - break: null

2023-02-15 22:55:13 - [TEST_STEP][PASSED] - if (ExecuteTC.equalsIgnoreCase("Y")): null

2023-02-15 22:55:13 - [TEST_STEP][PASSED] - out.println("Begin Record Number: " + row): null

2023-02-15 22:55:13 - [TEST_STEP][PASSED] - today = new java.util.Date(): null

2023-02-15 22:55:13 - [TEST_STEP][PASSED] - println(today): null

2023-02-15 22:55:13 - [TEST_STEP][PASSED] - datText = today: null

2023-02-15 22:55:13 - [TEST_STEP][PASSED] - checkType = findTestData(dataFile).getValue("CheckType", row): null

2023-02-15 22:55:13 - [TEST_STEP][PASSED] - acNumber = findTestData(dataFile).getValue("AcNumber", row): null

2023-02-15 22:55:13 - [TEST_STEP][PASSED] - company = findTestData(dataFile).getValue("Company", row): null

2023-02-15 22:55:13 - [TEST_STEP][PASSED] - acType = findTestData(dataFile).getValue("AcType", row): null

2023-02-15 22:55:13 - [TEST_STEP][PASSED] - rtn = findTestData(dataFile).getValue("RTN", row): null

2023-02-15 22:55:13 - [TEST_STEP][PASSED] - amount = findTestData(dataFile).getValue("Amount", row): null

2023-02-15 22:55:13 - [TEST_STEP][PASSED] - sec = findTestData(dataFile).getValue("SEC", row): null

2023-02-15 22:55:13 - [TEST_STEP][PASSED] - openBrowser(VLinkURL + "debit.html"): Browser is opened with url: 'https://dev-algorithm.govolution.com/vlinktest/QA/version_2_0/debit.html'

2023-02-15 22:55:13 - [MESSAGE][WARNING] - A browser is already opened. Closing browser and opening a new one

2023-02-15 22:55:14 - [MESSAGE][INFO] - Starting 'Chrome' driver

2023-02-15 22:55:14 - [MESSAGE][INFO] - User set preference: ['acceptInsecureCerts', 'true']

2023-02-15 22:55:14 - [MESSAGE][INFO] - Action delay is set to 0 milliseconds

2023-02-15 22:55:16 - [MESSAGE][PASSED] - Browser is opened with url: 'https://dev-algorithm.govolution.com/vlinktest/QA/version_2_0/debit.html'

2023-02-15 22:55:16 - [TEST_STEP][PASSED] - maximizeWindow(): Current window maximized

2023-02-15 22:55:16 - [MESSAGE][PASSED] - Current window maximized

2023-02-15 22:55:16 - [TEST_STEP][PASSED] - genRemID = RandomStringUtils.random(12, true, true): null

2023-02-15 22:55:16 - [TEST_STEP][PASSED] - setText(findTestObject("RecAndPlayBk/Page-Vlink-Debit/input_Remittance Id"), genRemID): Text 'UZNJLecOusQe' is set on object 'Object Repository/RecAndPlayBk/Page-Vlink-Debit/input_Remittance Id'

2023-02-15 22:55:17 - [MESSAGE][PASSED] - Text 'UZNJLecOusQe' is set on object 'Object Repository/RecAndPlayBk/Page-Vlink-Debit/input_Remittance Id'

2023-02-15 22:55:17 - [TEST_STEP][PASSED] - setText(findTestObject("RecAndPlayBk/Page-Vlink-Debit/input_Application Id"), appID): Text '234' is set on object 'Object Repository/RecAndPlayBk/Page-Vlink-Debit/input_Application Id'

2023-02-15 22:55:18 - [MESSAGE][PASSED] - Text '234' is set on object 'Object Repository/RecAndPlayBk/Page-Vlink-Debit/input_Application Id'

2023-02-15 22:55:18 - [TEST_STEP][PASSED] - setText(findTestObject("RecAndPlayBk/Page-Vlink-Debit/input_Username"), username): Text 'username' is set on object 'Object Repository/RecAndPlayBk/Page-Vlink-Debit/input_Username'

2023-02-15 22:55:18 - [MESSAGE][PASSED] - Text 'username' is set on object 'Object Repository/RecAndPlayBk/Page-Vlink-Debit/input_Username'

2023-02-15 22:55:18 - [TEST_STEP][PASSED] - setText(findTestObject("RecAndPlayBk/Page-Vlink-Debit/input_Password"), password): Text 'password' is set on object 'Object Repository/RecAndPlayBk/Page-Vlink-Debit/input_Password'

2023-02-15 22:55:19 - [MESSAGE][PASSED] - Text 'password' is set on object 'Object Repository/RecAndPlayBk/Page-Vlink-Debit/input_Password'

2023-02-15 22:55:19 - [TEST_STEP][PASSED] - setText(findTestObject("RecAndPlayBk/Page-Vlink-Debit/input_Check Type"), checkType): Text 'P' is set on object 'Object Repository/RecAndPlayBk/Page-Vlink-Debit/input_Check Type'

2023-02-15 22:55:19 - [MESSAGE][PASSED] - Text 'P' is set on object 'Object Repository/RecAndPlayBk/Page-Vlink-Debit/input_Check Type'

2023-02-15 22:55:19 - [TEST_STEP][PASSED] - setText(findTestObject("RecAndPlayBk/Page-Vlink-Debit/input_Account_check"), acNumber): Text '58963214' is set on object 'Object Repository/RecAndPlayBk/Page-Vlink-Debit/input_Account_check'

2023-02-15 22:55:20 - [MESSAGE][PASSED] - Text '58963214' is set on object 'Object Repository/RecAndPlayBk/Page-Vlink-Debit/input_Account_check'

2023-02-15 22:55:20 - [TEST_STEP][PASSED] - setText(findTestObject("RecAndPlayBk/Page-Vlink-Debit/input_Company_check"), company): Text '' is set on object 'Object Repository/RecAndPlayBk/Page-Vlink-Debit/input_Company_check'

2023-02-15 22:55:21 - [MESSAGE][PASSED] - Text '' is set on object 'Object Repository/RecAndPlayBk/Page-Vlink-Debit/input_Company_check'

2023-02-15 22:55:21 - [TEST_STEP][PASSED] - setText(findTestObject("RecAndPlayBk/Page-Vlink-Debit/input_Account Type"), acType): Text '2' is set on object 'Object Repository/RecAndPlayBk/Page-Vlink-Debit/input_Account Type'

2023-02-15 22:55:21 - [MESSAGE][PASSED] - Text '2' is set on object 'Object Repository/RecAndPlayBk/Page-Vlink-Debit/input_Account Type'

2023-02-15 22:55:21 - [TEST_STEP][PASSED] - setText(findTestObject("RecAndPlayBk/Page-Vlink-Debit/input_Routing Number"), rtn): Text '256072691' is set on object 'Object Repository/RecAndPlayBk/Page-Vlink-Debit/input_Routing Number'

2023-02-15 22:55:22 - [MESSAGE][PASSED] - Text '256072691' is set on object 'Object Repository/RecAndPlayBk/Page-Vlink-Debit/input_Routing Number'

2023-02-15 22:55:22 - [TEST_STEP][PASSED] - setText(findTestObject("RecAndPlayBk/Page-Vlink-Debit/input_Amount"), amount): Text '12.50' is set on object 'Object Repository/RecAndPlayBk/Page-Vlink-Debit/input_Amount'

2023-02-15 22:55:23 - [MESSAGE][PASSED] - Text '12.50' is set on object 'Object Repository/RecAndPlayBk/Page-Vlink-Debit/input_Amount'

2023-02-15 22:55:23 - [TEST_STEP][PASSED] - setText(findTestObject("RecAndPlayBk/Page-Vlink-Debit/input_Check Email"), ""): Text '' is set on object 'Object Repository/RecAndPlayBk/Page-Vlink-Debit/input_Check Email'

2023-02-15 22:55:23 - [MESSAGE][PASSED] - Text '' is set on object 'Object Repository/RecAndPlayBk/Page-Vlink-Debit/input_Check Email'

2023-02-15 22:55:23 - [TEST_STEP][PASSED] - setText(findTestObject("Object Repository/RecAndPlayBk/Page-Vlink-Debit/input_concat(CheckWriter, , s SSN)_check_ssn"), ""): Text '' is set on object 'Object Repository/RecAndPlayBk/Page-Vlink-Debit/input_concat(CheckWriter, , s SSN)_check_ssn'

2023-02-15 22:55:24 - [MESSAGE][PASSED] - Text '' is set on object 'Object Repository/RecAndPlayBk/Page-Vlink-Debit/input_concat(CheckWriter, , s SSN)_check_ssn'

2023-02-15 22:55:24 - [TEST_STEP][PASSED] - setText(findTestObject("Object Repository/RecAndPlayBk/Page-Vlink-Debit/input_concat(CheckWriter, , s License Numbe_020fef"), ""): Text '' is set on object 'Object Repository/RecAndPlayBk/Page-Vlink-Debit/input_concat(CheckWriter, , s License Numbe_020fef'

2023-02-15 22:55:24 - [MESSAGE][PASSED] - Text '' is set on object 'Object Repository/RecAndPlayBk/Page-Vlink-Debit/input_concat(CheckWriter, , s License Numbe_020fef'

2023-02-15 22:55:24 - [TEST_STEP][PASSED] - setText(findTestObject("Object Repository/RecAndPlayBk/Page-Vlink-Debit/input_concat(CheckWriter, , s License State_21e3e7"), ""): Text '' is set on object 'Object Repository/RecAndPlayBk/Page-Vlink-Debit/input_concat(CheckWriter, , s License State_21e3e7'

2023-02-15 22:55:25 - [MESSAGE][PASSED] - Text '' is set on object 'Object Repository/RecAndPlayBk/Page-Vlink-Debit/input_concat(CheckWriter, , s License State_21e3e7'

2023-02-15 22:55:25 - [TEST_STEP][PASSED] - setText(findTestObject("RecAndPlayBk/Page-Vlink-Debit/input_Standard Entry Class"), sec): Text 'WEB' is set on object 'Object Repository/RecAndPlayBk/Page-Vlink-Debit/input_Standard Entry Class'

2023-02-15 22:55:26 - [MESSAGE][PASSED] - Text 'WEB' is set on object 'Object Repository/RecAndPlayBk/Page-Vlink-Debit/input_Standard Entry Class'

2023-02-15 22:55:26 - [TEST_STEP][PASSED] - click(findTestObject("Object Repository/RecAndPlayBk/Page-Vlink-Debit/input")): Object: 'Object Repository/RecAndPlayBk/Page-Vlink-Debit/input' is clicked on

2023-02-15 22:55:26 - [MESSAGE][PASSED] - Object: 'Object Repository/RecAndPlayBk/Page-Vlink-Debit/input' is clicked on

2023-02-15 22:55:26 - [TEST_STEP][PASSED] - if (verifyTextPresent("Transaction approved, no errors", true)): null

2023-02-15 22:55:27 - [MESSAGE][PASSED] - Text 'Transaction approved, no errors' is present on page  using regular expression

2023-02-15 22:55:27 - [TEST_STEP][PASSED] - println("Transaction Approved, no errors text is present on the Confirmation page"): null

2023-02-15 22:55:27 - [TEST_STEP][PASSED] - out.println("Pass Record Number: " + row): null

2023-02-15 22:55:27 - [TEST_STEP][PASSED] - resText = "Pass": null

2023-02-15 22:55:27 - [TEST_STEP][PASSED] - pages.WriteExcel.demoKey(resText, datText, resColumn, datCloumn, fileLoc, nameSheet, row): pages.WriteExcel.demoKey is PASSED

2023-02-15 22:55:27 - [MESSAGE][PASSED] - pages.WriteExcel.demoKey is PASSED

2023-02-15 22:55:27 - [TEST_STEP][PASSED] - ExecuteTC = findTestData(dataFile).getValue("Execute", row): null

2023-02-15 22:55:27 - [TEST_STEP][PASSED] - out.println("Value of Execute is : " + ExecuteTC): null

2023-02-15 22:55:27 - [TEST_STEP][PASSED] - switch (executionProfile): null

2023-02-15 22:55:27 - [TEST_STEP][PASSED] - case "QAProfile":: null

2023-02-15 22:55:27 - [TEST_STEP][PASSED] - appID = findTestData(dataFile).getValue("AppIDQA", row): null

2023-02-15 22:55:27 - [TEST_STEP][PASSED] - username = findTestData(dataFile).getValue("UsernameQA", row): null

2023-02-15 22:55:27 - [TEST_STEP][PASSED] - password = findTestData(dataFile).getValue("PasswordQA", row): null

2023-02-15 22:55:27 - [TEST_STEP][PASSED] - break: null

2023-02-15 22:55:27 - [TEST_STEP][PASSED] - if (ExecuteTC.equalsIgnoreCase("Y")): null

2023-02-15 22:55:27 - [TEST_STEP][PASSED] - out.println("Begin Record Number: " + row): null

2023-02-15 22:55:27 - [TEST_STEP][PASSED] - today = new java.util.Date(): null

2023-02-15 22:55:27 - [TEST_STEP][PASSED] - println(today): null

2023-02-15 22:55:27 - [TEST_STEP][PASSED] - datText = today: null

2023-02-15 22:55:27 - [TEST_STEP][PASSED] - checkType = findTestData(dataFile).getValue("CheckType", row): null

2023-02-15 22:55:27 - [TEST_STEP][PASSED] - acNumber = findTestData(dataFile).getValue("AcNumber", row): null

2023-02-15 22:55:27 - [TEST_STEP][PASSED] - company = findTestData(dataFile).getValue("Company", row): null

2023-02-15 22:55:27 - [TEST_STEP][PASSED] - acType = findTestData(dataFile).getValue("AcType", row): null

2023-02-15 22:55:27 - [TEST_STEP][PASSED] - rtn = findTestData(dataFile).getValue("RTN", row): null

2023-02-15 22:55:27 - [TEST_STEP][PASSED] - amount = findTestData(dataFile).getValue("Amount", row): null

2023-02-15 22:55:27 - [TEST_STEP][PASSED] - sec = findTestData(dataFile).getValue("SEC", row): null

2023-02-15 22:55:28 - [TEST_STEP][PASSED] - openBrowser(VLinkURL + "debit.html"): Browser is opened with url: 'https://dev-algorithm.govolution.com/vlinktest/QA/version_2_0/debit.html'

2023-02-15 22:55:28 - [MESSAGE][WARNING] - A browser is already opened. Closing browser and opening a new one

2023-02-15 22:55:29 - [MESSAGE][INFO] - Starting 'Chrome' driver

2023-02-15 22:55:29 - [MESSAGE][INFO] - User set preference: ['acceptInsecureCerts', 'true']

2023-02-15 22:55:29 - [MESSAGE][INFO] - Action delay is set to 0 milliseconds

2023-02-15 22:55:30 - [MESSAGE][PASSED] - Browser is opened with url: 'https://dev-algorithm.govolution.com/vlinktest/QA/version_2_0/debit.html'

2023-02-15 22:55:30 - [TEST_STEP][PASSED] - maximizeWindow(): Current window maximized

2023-02-15 22:55:30 - [MESSAGE][PASSED] - Current window maximized

2023-02-15 22:55:30 - [TEST_STEP][PASSED] - genRemID = RandomStringUtils.random(12, true, true): null

2023-02-15 22:55:30 - [TEST_STEP][PASSED] - setText(findTestObject("RecAndPlayBk/Page-Vlink-Debit/input_Remittance Id"), genRemID): Text 'TtTSGCrmXx64' is set on object 'Object Repository/RecAndPlayBk/Page-Vlink-Debit/input_Remittance Id'

2023-02-15 22:55:31 - [MESSAGE][PASSED] - Text 'TtTSGCrmXx64' is set on object 'Object Repository/RecAndPlayBk/Page-Vlink-Debit/input_Remittance Id'

2023-02-15 22:55:31 - [TEST_STEP][PASSED] - setText(findTestObject("RecAndPlayBk/Page-Vlink-Debit/input_Application Id"), appID): Text '234' is set on object 'Object Repository/RecAndPlayBk/Page-Vlink-Debit/input_Application Id'

2023-02-15 22:55:32 - [MESSAGE][PASSED] - Text '234' is set on object 'Object Repository/RecAndPlayBk/Page-Vlink-Debit/input_Application Id'

2023-02-15 22:55:32 - [TEST_STEP][PASSED] - setText(findTestObject("RecAndPlayBk/Page-Vlink-Debit/input_Username"), username): Text 'username' is set on object 'Object Repository/RecAndPlayBk/Page-Vlink-Debit/input_Username'

2023-02-15 22:55:33 - [MESSAGE][PASSED] - Text 'username' is set on object 'Object Repository/RecAndPlayBk/Page-Vlink-Debit/input_Username'

2023-02-15 22:55:33 - [TEST_STEP][PASSED] - setText(findTestObject("RecAndPlayBk/Page-Vlink-Debit/input_Password"), password): Text 'password' is set on object 'Object Repository/RecAndPlayBk/Page-Vlink-Debit/input_Password'

2023-02-15 22:55:33 - [MESSAGE][PASSED] - Text 'password' is set on object 'Object Repository/RecAndPlayBk/Page-Vlink-Debit/input_Password'

2023-02-15 22:55:33 - [TEST_STEP][PASSED] - setText(findTestObject("RecAndPlayBk/Page-Vlink-Debit/input_Check Type"), checkType): Text 'P' is set on object 'Object Repository/RecAndPlayBk/Page-Vlink-Debit/input_Check Type'

2023-02-15 22:55:34 - [MESSAGE][PASSED] - Text 'P' is set on object 'Object Repository/RecAndPlayBk/Page-Vlink-Debit/input_Check Type'

2023-02-15 22:55:34 - [TEST_STEP][PASSED] - setText(findTestObject("RecAndPlayBk/Page-Vlink-Debit/input_Account_check"), acNumber): Text '58963214' is set on object 'Object Repository/RecAndPlayBk/Page-Vlink-Debit/input_Account_check'

2023-02-15 22:55:35 - [MESSAGE][PASSED] - Text '58963214' is set on object 'Object Repository/RecAndPlayBk/Page-Vlink-Debit/input_Account_check'

2023-02-15 22:55:35 - [TEST_STEP][PASSED] - setText(findTestObject("RecAndPlayBk/Page-Vlink-Debit/input_Company_check"), company): Text '' is set on object 'Object Repository/RecAndPlayBk/Page-Vlink-Debit/input_Company_check'

2023-02-15 22:55:35 - [MESSAGE][PASSED] - Text '' is set on object 'Object Repository/RecAndPlayBk/Page-Vlink-Debit/input_Company_check'

2023-02-15 22:55:35 - [TEST_STEP][PASSED] - setText(findTestObject("RecAndPlayBk/Page-Vlink-Debit/input_Account Type"), acType): Text '2' is set on object 'Object Repository/RecAndPlayBk/Page-Vlink-Debit/input_Account Type'

2023-02-15 22:55:36 - [MESSAGE][PASSED] - Text '2' is set on object 'Object Repository/RecAndPlayBk/Page-Vlink-Debit/input_Account Type'

2023-02-15 22:55:36 - [TEST_STEP][PASSED] - setText(findTestObject("RecAndPlayBk/Page-Vlink-Debit/input_Routing Number"), rtn): Text '256072691' is set on object 'Object Repository/RecAndPlayBk/Page-Vlink-Debit/input_Routing Number'

2023-02-15 22:55:36 - [MESSAGE][PASSED] - Text '256072691' is set on object 'Object Repository/RecAndPlayBk/Page-Vlink-Debit/input_Routing Number'

2023-02-15 22:55:36 - [TEST_STEP][PASSED] - setText(findTestObject("RecAndPlayBk/Page-Vlink-Debit/input_Amount"), amount): Text '12.50' is set on object 'Object Repository/RecAndPlayBk/Page-Vlink-Debit/input_Amount'

2023-02-15 22:55:37 - [MESSAGE][PASSED] - Text '12.50' is set on object 'Object Repository/RecAndPlayBk/Page-Vlink-Debit/input_Amount'

2023-02-15 22:55:37 - [TEST_STEP][PASSED] - setText(findTestObject("RecAndPlayBk/Page-Vlink-Debit/input_Check Email"), ""): Text '' is set on object 'Object Repository/RecAndPlayBk/Page-Vlink-Debit/input_Check Email'

2023-02-15 22:55:38 - [MESSAGE][PASSED] - Text '' is set on object 'Object Repository/RecAndPlayBk/Page-Vlink-Debit/input_Check Email'

2023-02-15 22:55:38 - [TEST_STEP][PASSED] - setText(findTestObject("Object Repository/RecAndPlayBk/Page-Vlink-Debit/input_concat(CheckWriter, , s SSN)_check_ssn"), ""): Text '' is set on object 'Object Repository/RecAndPlayBk/Page-Vlink-Debit/input_concat(CheckWriter, , s SSN)_check_ssn'

2023-02-15 22:55:38 - [MESSAGE][PASSED] - Text '' is set on object 'Object Repository/RecAndPlayBk/Page-Vlink-Debit/input_concat(CheckWriter, , s SSN)_check_ssn'

2023-02-15 22:55:38 - [TEST_STEP][PASSED] - setText(findTestObject("Object Repository/RecAndPlayBk/Page-Vlink-Debit/input_concat(CheckWriter, , s License Numbe_020fef"), ""): Text '' is set on object 'Object Repository/RecAndPlayBk/Page-Vlink-Debit/input_concat(CheckWriter, , s License Numbe_020fef'

2023-02-15 22:55:39 - [MESSAGE][PASSED] - Text '' is set on object 'Object Repository/RecAndPlayBk/Page-Vlink-Debit/input_concat(CheckWriter, , s License Numbe_020fef'

2023-02-15 22:55:39 - [TEST_STEP][PASSED] - setText(findTestObject("Object Repository/RecAndPlayBk/Page-Vlink-Debit/input_concat(CheckWriter, , s License State_21e3e7"), ""): Text '' is set on object 'Object Repository/RecAndPlayBk/Page-Vlink-Debit/input_concat(CheckWriter, , s License State_21e3e7'

2023-02-15 22:55:39 - [MESSAGE][PASSED] - Text '' is set on object 'Object Repository/RecAndPlayBk/Page-Vlink-Debit/input_concat(CheckWriter, , s License State_21e3e7'

2023-02-15 22:55:39 - [TEST_STEP][PASSED] - setText(findTestObject("RecAndPlayBk/Page-Vlink-Debit/input_Standard Entry Class"), sec): Text 'TEL' is set on object 'Object Repository/RecAndPlayBk/Page-Vlink-Debit/input_Standard Entry Class'

2023-02-15 22:55:40 - [MESSAGE][PASSED] - Text 'TEL' is set on object 'Object Repository/RecAndPlayBk/Page-Vlink-Debit/input_Standard Entry Class'

2023-02-15 22:55:40 - [TEST_STEP][PASSED] - click(findTestObject("Object Repository/RecAndPlayBk/Page-Vlink-Debit/input")): Object: 'Object Repository/RecAndPlayBk/Page-Vlink-Debit/input' is clicked on

2023-02-15 22:55:41 - [MESSAGE][PASSED] - Object: 'Object Repository/RecAndPlayBk/Page-Vlink-Debit/input' is clicked on

2023-02-15 22:55:41 - [TEST_STEP][PASSED] - if (verifyTextPresent("Transaction approved, no errors", true)): null

2023-02-15 22:55:41 - [MESSAGE][PASSED] - Text 'Transaction approved, no errors' is present on page  using regular expression

2023-02-15 22:55:41 - [TEST_STEP][PASSED] - println("Transaction Approved, no errors text is present on the Confirmation page"): null

2023-02-15 22:55:41 - [TEST_STEP][PASSED] - out.println("Pass Record Number: " + row): null

2023-02-15 22:55:41 - [TEST_STEP][PASSED] - resText = "Pass": null

2023-02-15 22:55:41 - [TEST_STEP][PASSED] - pages.WriteExcel.demoKey(resText, datText, resColumn, datCloumn, fileLoc, nameSheet, row): pages.WriteExcel.demoKey is PASSED

2023-02-15 22:55:41 - [MESSAGE][PASSED] - pages.WriteExcel.demoKey is PASSED

2023-02-15 22:55:41 - [TEST_STEP][PASSED] - ExecuteTC = findTestData(dataFile).getValue("Execute", row): null

2023-02-15 22:55:41 - [TEST_STEP][PASSED] - out.println("Value of Execute is : " + ExecuteTC): null

2023-02-15 22:55:41 - [TEST_STEP][PASSED] - switch (executionProfile): null

2023-02-15 22:55:41 - [TEST_STEP][PASSED] - case "QAProfile":: null

2023-02-15 22:55:41 - [TEST_STEP][PASSED] - appID = findTestData(dataFile).getValue("AppIDQA", row): null

2023-02-15 22:55:41 - [TEST_STEP][PASSED] - username = findTestData(dataFile).getValue("UsernameQA", row): null

2023-02-15 22:55:42 - [TEST_STEP][PASSED] - password = findTestData(dataFile).getValue("PasswordQA", row): null

2023-02-15 22:55:42 - [TEST_STEP][PASSED] - break: null

2023-02-15 22:55:42 - [TEST_STEP][PASSED] - if (ExecuteTC.equalsIgnoreCase("Y")): null

2023-02-15 22:55:42 - [TEST_STEP][PASSED] - out.println("Begin Record Number: " + row): null

2023-02-15 22:55:42 - [TEST_STEP][PASSED] - today = new java.util.Date(): null

2023-02-15 22:55:42 - [TEST_STEP][PASSED] - println(today): null

2023-02-15 22:55:42 - [TEST_STEP][PASSED] - datText = today: null

2023-02-15 22:55:42 - [TEST_STEP][PASSED] - checkType = findTestData(dataFile).getValue("CheckType", row): null

2023-02-15 22:55:42 - [TEST_STEP][PASSED] - acNumber = findTestData(dataFile).getValue("AcNumber", row): null

2023-02-15 22:55:42 - [TEST_STEP][PASSED] - company = findTestData(dataFile).getValue("Company", row): null

2023-02-15 22:55:42 - [TEST_STEP][PASSED] - acType = findTestData(dataFile).getValue("AcType", row): null

2023-02-15 22:55:42 - [TEST_STEP][PASSED] - rtn = findTestData(dataFile).getValue("RTN", row): null

2023-02-15 22:55:42 - [TEST_STEP][PASSED] - amount = findTestData(dataFile).getValue("Amount", row): null

2023-02-15 22:55:42 - [TEST_STEP][PASSED] - sec = findTestData(dataFile).getValue("SEC", row): null

2023-02-15 22:55:42 - [TEST_STEP][PASSED] - openBrowser(VLinkURL + "debit.html"): Browser is opened with url: 'https://dev-algorithm.govolution.com/vlinktest/QA/version_2_0/debit.html'

2023-02-15 22:55:42 - [MESSAGE][WARNING] - A browser is already opened. Closing browser and opening a new one

2023-02-15 22:55:43 - [MESSAGE][INFO] - Starting 'Chrome' driver

2023-02-15 22:55:43 - [MESSAGE][INFO] - User set preference: ['acceptInsecureCerts', 'true']

2023-02-15 22:55:43 - [MESSAGE][INFO] - Action delay is set to 0 milliseconds

2023-02-15 22:55:45 - [MESSAGE][PASSED] - Browser is opened with url: 'https://dev-algorithm.govolution.com/vlinktest/QA/version_2_0/debit.html'

2023-02-15 22:55:45 - [TEST_STEP][PASSED] - maximizeWindow(): Current window maximized

2023-02-15 22:55:45 - [MESSAGE][PASSED] - Current window maximized

2023-02-15 22:55:45 - [TEST_STEP][PASSED] - genRemID = RandomStringUtils.random(12, true, true): null

2023-02-15 22:55:45 - [TEST_STEP][PASSED] - setText(findTestObject("RecAndPlayBk/Page-Vlink-Debit/input_Remittance Id"), genRemID): Text 'whmK2WJhy2BE' is set on object 'Object Repository/RecAndPlayBk/Page-Vlink-Debit/input_Remittance Id'

2023-02-15 22:55:46 - [MESSAGE][PASSED] - Text 'whmK2WJhy2BE' is set on object 'Object Repository/RecAndPlayBk/Page-Vlink-Debit/input_Remittance Id'

2023-02-15 22:55:46 - [TEST_STEP][PASSED] - setText(findTestObject("RecAndPlayBk/Page-Vlink-Debit/input_Application Id"), appID): Text '234' is set on object 'Object Repository/RecAndPlayBk/Page-Vlink-Debit/input_Application Id'

2023-02-15 22:55:46 - [MESSAGE][PASSED] - Text '234' is set on object 'Object Repository/RecAndPlayBk/Page-Vlink-Debit/input_Application Id'

2023-02-15 22:55:46 - [TEST_STEP][PASSED] - setText(findTestObject("RecAndPlayBk/Page-Vlink-Debit/input_Username"), username): Text 'username' is set on object 'Object Repository/RecAndPlayBk/Page-Vlink-Debit/input_Username'

2023-02-15 22:55:47 - [MESSAGE][PASSED] - Text 'username' is set on object 'Object Repository/RecAndPlayBk/Page-Vlink-Debit/input_Username'

2023-02-15 22:55:47 - [TEST_STEP][PASSED] - setText(findTestObject("RecAndPlayBk/Page-Vlink-Debit/input_Password"), password): Text 'password' is set on object 'Object Repository/RecAndPlayBk/Page-Vlink-Debit/input_Password'

2023-02-15 22:55:48 - [MESSAGE][PASSED] - Text 'password' is set on object 'Object Repository/RecAndPlayBk/Page-Vlink-Debit/input_Password'

2023-02-15 22:55:48 - [TEST_STEP][PASSED] - setText(findTestObject("RecAndPlayBk/Page-Vlink-Debit/input_Check Type"), checkType): Text 'P' is set on object 'Object Repository/RecAndPlayBk/Page-Vlink-Debit/input_Check Type'

2023-02-15 22:55:48 - [MESSAGE][PASSED] - Text 'P' is set on object 'Object Repository/RecAndPlayBk/Page-Vlink-Debit/input_Check Type'

2023-02-15 22:55:48 - [TEST_STEP][PASSED] - setText(findTestObject("RecAndPlayBk/Page-Vlink-Debit/input_Account_check"), acNumber): Text '58963214' is set on object 'Object Repository/RecAndPlayBk/Page-Vlink-Debit/input_Account_check'

2023-02-15 22:55:49 - [MESSAGE][PASSED] - Text '58963214' is set on object 'Object Repository/RecAndPlayBk/Page-Vlink-Debit/input_Account_check'

2023-02-15 22:55:49 - [TEST_STEP][PASSED] - setText(findTestObject("RecAndPlayBk/Page-Vlink-Debit/input_Company_check"), company): Text '' is set on object 'Object Repository/RecAndPlayBk/Page-Vlink-Debit/input_Company_check'

2023-02-15 22:55:50 - [MESSAGE][PASSED] - Text '' is set on object 'Object Repository/RecAndPlayBk/Page-Vlink-Debit/input_Company_check'

2023-02-15 22:55:50 - [TEST_STEP][PASSED] - setText(findTestObject("RecAndPlayBk/Page-Vlink-Debit/input_Account Type"), acType): Text '2' is set on object 'Object Repository/RecAndPlayBk/Page-Vlink-Debit/input_Account Type'

2023-02-15 22:55:50 - [MESSAGE][PASSED] - Text '2' is set on object 'Object Repository/RecAndPlayBk/Page-Vlink-Debit/input_Account Type'

2023-02-15 22:55:50 - [TEST_STEP][PASSED] - setText(findTestObject("RecAndPlayBk/Page-Vlink-Debit/input_Routing Number"), rtn): Text '256072691' is set on object 'Object Repository/RecAndPlayBk/Page-Vlink-Debit/input_Routing Number'

2023-02-15 22:55:51 - [MESSAGE][PASSED] - Text '256072691' is set on object 'Object Repository/RecAndPlayBk/Page-Vlink-Debit/input_Routing Number'

2023-02-15 22:55:51 - [TEST_STEP][PASSED] - setText(findTestObject("RecAndPlayBk/Page-Vlink-Debit/input_Amount"), amount): Text '12.50' is set on object 'Object Repository/RecAndPlayBk/Page-Vlink-Debit/input_Amount'

2023-02-15 22:55:51 - [MESSAGE][PASSED] - Text '12.50' is set on object 'Object Repository/RecAndPlayBk/Page-Vlink-Debit/input_Amount'

2023-02-15 22:55:51 - [TEST_STEP][PASSED] - setText(findTestObject("RecAndPlayBk/Page-Vlink-Debit/input_Check Email"), ""): Text '' is set on object 'Object Repository/RecAndPlayBk/Page-Vlink-Debit/input_Check Email'

2023-02-15 22:55:52 - [MESSAGE][PASSED] - Text '' is set on object 'Object Repository/RecAndPlayBk/Page-Vlink-Debit/input_Check Email'

2023-02-15 22:55:52 - [TEST_STEP][PASSED] - setText(findTestObject("Object Repository/RecAndPlayBk/Page-Vlink-Debit/input_concat(CheckWriter, , s SSN)_check_ssn"), ""): Text '' is set on object 'Object Repository/RecAndPlayBk/Page-Vlink-Debit/input_concat(CheckWriter, , s SSN)_check_ssn'

2023-02-15 22:55:53 - [MESSAGE][PASSED] - Text '' is set on object 'Object Repository/RecAndPlayBk/Page-Vlink-Debit/input_concat(CheckWriter, , s SSN)_check_ssn'

2023-02-15 22:55:53 - [TEST_STEP][PASSED] - setText(findTestObject("Object Repository/RecAndPlayBk/Page-Vlink-Debit/input_concat(CheckWriter, , s License Numbe_020fef"), ""): Text '' is set on object 'Object Repository/RecAndPlayBk/Page-Vlink-Debit/input_concat(CheckWriter, , s License Numbe_020fef'

2023-02-15 22:55:53 - [MESSAGE][PASSED] - Text '' is set on object 'Object Repository/RecAndPlayBk/Page-Vlink-Debit/input_concat(CheckWriter, , s License Numbe_020fef'

2023-02-15 22:55:53 - [TEST_STEP][PASSED] - setText(findTestObject("Object Repository/RecAndPlayBk/Page-Vlink-Debit/input_concat(CheckWriter, , s License State_21e3e7"), ""): Text '' is set on object 'Object Repository/RecAndPlayBk/Page-Vlink-Debit/input_concat(CheckWriter, , s License State_21e3e7'

2023-02-15 22:55:54 - [MESSAGE][PASSED] - Text '' is set on object 'Object Repository/RecAndPlayBk/Page-Vlink-Debit/input_concat(CheckWriter, , s License State_21e3e7'

2023-02-15 22:55:54 - [TEST_STEP][PASSED] - setText(findTestObject("RecAndPlayBk/Page-Vlink-Debit/input_Standard Entry Class"), sec): Text 'PPD' is set on object 'Object Repository/RecAndPlayBk/Page-Vlink-Debit/input_Standard Entry Class'

2023-02-15 22:55:55 - [MESSAGE][PASSED] - Text 'PPD' is set on object 'Object Repository/RecAndPlayBk/Page-Vlink-Debit/input_Standard Entry Class'

2023-02-15 22:55:55 - [TEST_STEP][PASSED] - click(findTestObject("Object Repository/RecAndPlayBk/Page-Vlink-Debit/input")): Object: 'Object Repository/RecAndPlayBk/Page-Vlink-Debit/input' is clicked on

2023-02-15 22:55:55 - [MESSAGE][PASSED] - Object: 'Object Repository/RecAndPlayBk/Page-Vlink-Debit/input' is clicked on

2023-02-15 22:55:55 - [TEST_STEP][PASSED] - if (verifyTextPresent("Transaction approved, no errors", true)): null

2023-02-15 22:55:56 - [MESSAGE][PASSED] - Text 'Transaction approved, no errors' is present on page  using regular expression

2023-02-15 22:55:56 - [TEST_STEP][PASSED] - println("Transaction Approved, no errors text is present on the Confirmation page"): null

2023-02-15 22:55:56 - [TEST_STEP][PASSED] - out.println("Pass Record Number: " + row): null

2023-02-15 22:55:56 - [TEST_STEP][PASSED] - resText = "Pass": null

2023-02-15 22:55:56 - [TEST_STEP][PASSED] - pages.WriteExcel.demoKey(resText, datText, resColumn, datCloumn, fileLoc, nameSheet, row): pages.WriteExcel.demoKey is PASSED

2023-02-15 22:55:56 - [MESSAGE][PASSED] - pages.WriteExcel.demoKey is PASSED

2023-02-15 22:55:56 - [TEST_STEP][PASSED] - ExecuteTC = findTestData(dataFile).getValue("Execute", row): null

2023-02-15 22:55:56 - [TEST_STEP][PASSED] - out.println("Value of Execute is : " + ExecuteTC): null

2023-02-15 22:55:56 - [TEST_STEP][PASSED] - switch (executionProfile): null

2023-02-15 22:55:56 - [TEST_STEP][PASSED] - case "QAProfile":: null

2023-02-15 22:55:56 - [TEST_STEP][PASSED] - appID = findTestData(dataFile).getValue("AppIDQA", row): null

2023-02-15 22:55:56 - [TEST_STEP][PASSED] - username = findTestData(dataFile).getValue("UsernameQA", row): null

2023-02-15 22:55:56 - [TEST_STEP][PASSED] - password = findTestData(dataFile).getValue("PasswordQA", row): null

2023-02-15 22:55:56 - [TEST_STEP][PASSED] - break: null

2023-02-15 22:55:56 - [TEST_STEP][PASSED] - if (ExecuteTC.equalsIgnoreCase("Y")): null

2023-02-15 22:55:56 - [TEST_STEP][PASSED] - out.println("Begin Record Number: " + row): null

2023-02-15 22:55:56 - [TEST_STEP][PASSED] - today = new java.util.Date(): null

2023-02-15 22:55:56 - [TEST_STEP][PASSED] - println(today): null

2023-02-15 22:55:56 - [TEST_STEP][PASSED] - datText = today: null

2023-02-15 22:55:56 - [TEST_STEP][PASSED] - checkType = findTestData(dataFile).getValue("CheckType", row): null

2023-02-15 22:55:56 - [TEST_STEP][PASSED] - acNumber = findTestData(dataFile).getValue("AcNumber", row): null

2023-02-15 22:55:56 - [TEST_STEP][PASSED] - company = findTestData(dataFile).getValue("Company", row): null

2023-02-15 22:55:56 - [TEST_STEP][PASSED] - acType = findTestData(dataFile).getValue("AcType", row): null

2023-02-15 22:55:56 - [TEST_STEP][PASSED] - rtn = findTestData(dataFile).getValue("RTN", row): null

2023-02-15 22:55:56 - [TEST_STEP][PASSED] - amount = findTestData(dataFile).getValue("Amount", row): null

2023-02-15 22:55:56 - [TEST_STEP][PASSED] - sec = findTestData(dataFile).getValue("SEC", row): null

2023-02-15 22:55:56 - [TEST_STEP][PASSED] - openBrowser(VLinkURL + "debit.html"): Browser is opened with url: 'https://dev-algorithm.govolution.com/vlinktest/QA/version_2_0/debit.html'

2023-02-15 22:55:56 - [MESSAGE][WARNING] - A browser is already opened. Closing browser and opening a new one

2023-02-15 22:55:57 - [MESSAGE][INFO] - Starting 'Chrome' driver

2023-02-15 22:55:57 - [MESSAGE][INFO] - User set preference: ['acceptInsecureCerts', 'true']

2023-02-15 22:55:57 - [MESSAGE][INFO] - Action delay is set to 0 milliseconds

2023-02-15 22:55:59 - [MESSAGE][PASSED] - Browser is opened with url: 'https://dev-algorithm.govolution.com/vlinktest/QA/version_2_0/debit.html'

2023-02-15 22:55:59 - [TEST_STEP][PASSED] - maximizeWindow(): Current window maximized

2023-02-15 22:55:59 - [MESSAGE][PASSED] - Current window maximized

2023-02-15 22:55:59 - [TEST_STEP][PASSED] - genRemID = RandomStringUtils.random(12, true, true): null

2023-02-15 22:55:59 - [TEST_STEP][PASSED] - setText(findTestObject("RecAndPlayBk/Page-Vlink-Debit/input_Remittance Id"), genRemID): Text 'PoM6vjUlD7p5' is set on object 'Object Repository/RecAndPlayBk/Page-Vlink-Debit/input_Remittance Id'

2023-02-15 22:56:00 - [MESSAGE][PASSED] - Text 'PoM6vjUlD7p5' is set on object 'Object Repository/RecAndPlayBk/Page-Vlink-Debit/input_Remittance Id'

2023-02-15 22:56:00 - [TEST_STEP][PASSED] - setText(findTestObject("RecAndPlayBk/Page-Vlink-Debit/input_Application Id"), appID): Text '234' is set on object 'Object Repository/RecAndPlayBk/Page-Vlink-Debit/input_Application Id'

2023-02-15 22:56:01 - [MESSAGE][PASSED] - Text '234' is set on object 'Object Repository/RecAndPlayBk/Page-Vlink-Debit/input_Application Id'

2023-02-15 22:56:01 - [TEST_STEP][PASSED] - setText(findTestObject("RecAndPlayBk/Page-Vlink-Debit/input_Username"), username): Text 'username' is set on object 'Object Repository/RecAndPlayBk/Page-Vlink-Debit/input_Username'

2023-02-15 22:56:01 - [MESSAGE][PASSED] - Text 'username' is set on object 'Object Repository/RecAndPlayBk/Page-Vlink-Debit/input_Username'

2023-02-15 22:56:01 - [TEST_STEP][PASSED] - setText(findTestObject("RecAndPlayBk/Page-Vlink-Debit/input_Password"), password): Text 'password' is set on object 'Object Repository/RecAndPlayBk/Page-Vlink-Debit/input_Password'

2023-02-15 22:56:02 - [MESSAGE][PASSED] - Text 'password' is set on object 'Object Repository/RecAndPlayBk/Page-Vlink-Debit/input_Password'

2023-02-15 22:56:02 - [TEST_STEP][PASSED] - setText(findTestObject("RecAndPlayBk/Page-Vlink-Debit/input_Check Type"), checkType): Text 'C' is set on object 'Object Repository/RecAndPlayBk/Page-Vlink-Debit/input_Check Type'

2023-02-15 22:56:02 - [MESSAGE][PASSED] - Text 'C' is set on object 'Object Repository/RecAndPlayBk/Page-Vlink-Debit/input_Check Type'

2023-02-15 22:56:02 - [TEST_STEP][PASSED] - setText(findTestObject("RecAndPlayBk/Page-Vlink-Debit/input_Account_check"), acNumber): Text '58963214' is set on object 'Object Repository/RecAndPlayBk/Page-Vlink-Debit/input_Account_check'

2023-02-15 22:56:03 - [MESSAGE][PASSED] - Text '58963214' is set on object 'Object Repository/RecAndPlayBk/Page-Vlink-Debit/input_Account_check'

2023-02-15 22:56:03 - [TEST_STEP][PASSED] - setText(findTestObject("RecAndPlayBk/Page-Vlink-Debit/input_Company_check"), company): Text 'My Company' is set on object 'Object Repository/RecAndPlayBk/Page-Vlink-Debit/input_Company_check'

2023-02-15 22:56:04 - [MESSAGE][PASSED] - Text 'My Company' is set on object 'Object Repository/RecAndPlayBk/Page-Vlink-Debit/input_Company_check'

2023-02-15 22:56:04 - [TEST_STEP][PASSED] - setText(findTestObject("RecAndPlayBk/Page-Vlink-Debit/input_Account Type"), acType): Text '' is set on object 'Object Repository/RecAndPlayBk/Page-Vlink-Debit/input_Account Type'

2023-02-15 22:56:04 - [MESSAGE][PASSED] - Text '' is set on object 'Object Repository/RecAndPlayBk/Page-Vlink-Debit/input_Account Type'

2023-02-15 22:56:04 - [TEST_STEP][PASSED] - setText(findTestObject("RecAndPlayBk/Page-Vlink-Debit/input_Routing Number"), rtn): Text '256072691' is set on object 'Object Repository/RecAndPlayBk/Page-Vlink-Debit/input_Routing Number'

2023-02-15 22:56:05 - [MESSAGE][PASSED] - Text '256072691' is set on object 'Object Repository/RecAndPlayBk/Page-Vlink-Debit/input_Routing Number'

2023-02-15 22:56:05 - [TEST_STEP][PASSED] - setText(findTestObject("RecAndPlayBk/Page-Vlink-Debit/input_Amount"), amount): Text '12.50' is set on object 'Object Repository/RecAndPlayBk/Page-Vlink-Debit/input_Amount'

2023-02-15 22:56:06 - [MESSAGE][PASSED] - Text '12.50' is set on object 'Object Repository/RecAndPlayBk/Page-Vlink-Debit/input_Amount'

2023-02-15 22:56:06 - [TEST_STEP][PASSED] - setText(findTestObject("RecAndPlayBk/Page-Vlink-Debit/input_Check Email"), ""): Text '' is set on object 'Object Repository/RecAndPlayBk/Page-Vlink-Debit/input_Check Email'

2023-02-15 22:56:06 - [MESSAGE][PASSED] - Text '' is set on object 'Object Repository/RecAndPlayBk/Page-Vlink-Debit/input_Check Email'

2023-02-15 22:56:06 - [TEST_STEP][PASSED] - setText(findTestObject("Object Repository/RecAndPlayBk/Page-Vlink-Debit/input_concat(CheckWriter, , s SSN)_check_ssn"), ""): Text '' is set on object 'Object Repository/RecAndPlayBk/Page-Vlink-Debit/input_concat(CheckWriter, , s SSN)_check_ssn'

2023-02-15 22:56:07 - [MESSAGE][PASSED] - Text '' is set on object 'Object Repository/RecAndPlayBk/Page-Vlink-Debit/input_concat(CheckWriter, , s SSN)_check_ssn'

2023-02-15 22:56:07 - [TEST_STEP][PASSED] - setText(findTestObject("Object Repository/RecAndPlayBk/Page-Vlink-Debit/input_concat(CheckWriter, , s License Numbe_020fef"), ""): Text '' is set on object 'Object Repository/RecAndPlayBk/Page-Vlink-Debit/input_concat(CheckWriter, , s License Numbe_020fef'

2023-02-15 22:56:07 - [MESSAGE][PASSED] - Text '' is set on object 'Object Repository/RecAndPlayBk/Page-Vlink-Debit/input_concat(CheckWriter, , s License Numbe_020fef'

2023-02-15 22:56:07 - [TEST_STEP][PASSED] - setText(findTestObject("Object Repository/RecAndPlayBk/Page-Vlink-Debit/input_concat(CheckWriter, , s License State_21e3e7"), ""): Text '' is set on object 'Object Repository/RecAndPlayBk/Page-Vlink-Debit/input_concat(CheckWriter, , s License State_21e3e7'

2023-02-15 22:56:08 - [MESSAGE][PASSED] - Text '' is set on object 'Object Repository/RecAndPlayBk/Page-Vlink-Debit/input_concat(CheckWriter, , s License State_21e3e7'

2023-02-15 22:56:08 - [TEST_STEP][PASSED] - setText(findTestObject("RecAndPlayBk/Page-Vlink-Debit/input_Standard Entry Class"), sec): Text 'CCD' is set on object 'Object Repository/RecAndPlayBk/Page-Vlink-Debit/input_Standard Entry Class'

2023-02-15 22:56:09 - [MESSAGE][PASSED] - Text 'CCD' is set on object 'Object Repository/RecAndPlayBk/Page-Vlink-Debit/input_Standard Entry Class'

2023-02-15 22:56:09 - [TEST_STEP][PASSED] - click(findTestObject("Object Repository/RecAndPlayBk/Page-Vlink-Debit/input")): Object: 'Object Repository/RecAndPlayBk/Page-Vlink-Debit/input' is clicked on

2023-02-15 22:56:10 - [MESSAGE][PASSED] - Object: 'Object Repository/RecAndPlayBk/Page-Vlink-Debit/input' is clicked on

2023-02-15 22:56:10 - [TEST_STEP][PASSED] - if (verifyTextPresent("Transaction approved, no errors", true)): null

2023-02-15 22:56:10 - [MESSAGE][PASSED] - Text 'Transaction approved, no errors' is present on page  using regular expression

2023-02-15 22:56:10 - [TEST_STEP][PASSED] - println("Transaction Approved, no errors text is present on the Confirmation page"): null

2023-02-15 22:56:10 - [TEST_STEP][PASSED] - out.println("Pass Record Number: " + row): null

2023-02-15 22:56:10 - [TEST_STEP][PASSED] - resText = "Pass": null

2023-02-15 22:56:10 - [TEST_STEP][PASSED] - pages.WriteExcel.demoKey(resText, datText, resColumn, datCloumn, fileLoc, nameSheet, row): pages.WriteExcel.demoKey is PASSED

2023-02-15 22:56:10 - [MESSAGE][PASSED] - pages.WriteExcel.demoKey is PASSED]]></system-out>
         <system-err><![CDATA[]]></system-err>
      </testcase>
      <testcase name="Test Cases/RecAndPlayBk/VLink/Debit-ZeroDollar-Error" time="99.216" classname="Test Cases/RecAndPlayBk/VLink/Debit-ZeroDollar-Error" status="PASSED">
         <system-out><![CDATA[2023-02-15 22:56:10 - [TEST_CASE][PASSED] - Test Cases/RecAndPlayBk/VLink/Debit-ZeroDollar-Error: Test Cases/RecAndPlayBk/VLink/Debit-ZeroDollar-Error

2023-02-15 22:56:10 - [TEST_STEP][PASSED] - executionProfile = getExecutionProfile(): null

2023-02-15 22:56:10 - [TEST_STEP][PASSED] - out.println("executionProfile : " + executionProfile): null

2023-02-15 22:56:10 - [TEST_STEP][PASSED] - appName = <not implemented yet for class: org.codehaus.groovy.ast.expr.EmptyExpression>: null

2023-02-15 22:56:10 - [TEST_STEP][PASSED] - appID = <not implemented yet for class: org.codehaus.groovy.ast.expr.EmptyExpression>: null

2023-02-15 22:56:10 - [TEST_STEP][PASSED] - username = <not implemented yet for class: org.codehaus.groovy.ast.expr.EmptyExpression>: null

2023-02-15 22:56:10 - [TEST_STEP][PASSED] - password = <not implemented yet for class: org.codehaus.groovy.ast.expr.EmptyExpression>: null

2023-02-15 22:56:10 - [TEST_STEP][PASSED] - cardNameV = <not implemented yet for class: org.codehaus.groovy.ast.expr.EmptyExpression>: null

2023-02-15 22:56:10 - [TEST_STEP][PASSED] - al1V = <not implemented yet for class: org.codehaus.groovy.ast.expr.EmptyExpression>: null

2023-02-15 22:56:10 - [TEST_STEP][PASSED] - al2V = <not implemented yet for class: org.codehaus.groovy.ast.expr.EmptyExpression>: null

2023-02-15 22:56:10 - [TEST_STEP][PASSED] - zipV = <not implemented yet for class: org.codehaus.groovy.ast.expr.EmptyExpression>: null

2023-02-15 22:56:10 - [TEST_STEP][PASSED] - cardTypeV = <not implemented yet for class: org.codehaus.groovy.ast.expr.EmptyExpression>: null

2023-02-15 22:56:10 - [TEST_STEP][PASSED] - last4V = <not implemented yet for class: org.codehaus.groovy.ast.expr.EmptyExpression>: null

2023-02-15 22:56:10 - [TEST_STEP][PASSED] - resText = "Fail": null

2023-02-15 22:56:10 - [TEST_STEP][PASSED] - resColumn = "Result": null

2023-02-15 22:56:10 - [TEST_STEP][PASSED] - datCloumn = "Date": null

2023-02-15 22:56:10 - [TEST_STEP][PASSED] - fileLoc = "KatalonData/VLinkSmokeDataACH.xlsx": null

2023-02-15 22:56:10 - [TEST_STEP][PASSED] - numOfRows = <not implemented yet for class: org.codehaus.groovy.ast.expr.EmptyExpression>: null

2023-02-15 22:56:10 - [TEST_STEP][PASSED] - dataFile = <not implemented yet for class: org.codehaus.groovy.ast.expr.EmptyExpression>: null

2023-02-15 22:56:10 - [TEST_STEP][PASSED] - nameSheet = <not implemented yet for class: org.codehaus.groovy.ast.expr.EmptyExpression>: null

2023-02-15 22:56:10 - [TEST_STEP][PASSED] - nameSheet = "Debit-ZeroDollar": null

2023-02-15 22:56:10 - [TEST_STEP][PASSED] - numOfRows = findTestData("QA/VLinkTestData/VLinkDebitZeroDollar").getRowNumbers(): null

2023-02-15 22:56:10 - [TEST_STEP][PASSED] - println("Number of Records: " + numOfRows): null

2023-02-15 22:56:10 - [TEST_STEP][PASSED] - dataFile = "QA/VLinkTestData/VLinkDebitZeroDollar": null

2023-02-15 22:56:10 - [TEST_STEP][PASSED] - for ([row = 1, row <= numOfRows, (row++)]): null

2023-02-15 22:56:10 - [TEST_STEP][PASSED] - ExecuteTC = findTestData(dataFile).getValue("Execute", row): null

2023-02-15 22:56:11 - [TEST_STEP][PASSED] - out.println("Value of Execute is : " + ExecuteTC): null

2023-02-15 22:56:11 - [TEST_STEP][PASSED] - switch (executionProfile): null

2023-02-15 22:56:11 - [TEST_STEP][PASSED] - case "QAProfile":: null

2023-02-15 22:56:11 - [TEST_STEP][PASSED] - appID = findTestData(dataFile).getValue("AppIDQA", row): null

2023-02-15 22:56:11 - [TEST_STEP][PASSED] - username = findTestData(dataFile).getValue("UsernameQA", row): null

2023-02-15 22:56:11 - [TEST_STEP][PASSED] - password = findTestData(dataFile).getValue("PasswordQA", row): null

2023-02-15 22:56:11 - [TEST_STEP][PASSED] - break: null

2023-02-15 22:56:11 - [TEST_STEP][PASSED] - if (ExecuteTC.equalsIgnoreCase("Y")): null

2023-02-15 22:56:11 - [TEST_STEP][PASSED] - out.println("Begin Record Number: " + row): null

2023-02-15 22:56:11 - [TEST_STEP][PASSED] - today = new java.util.Date(): null

2023-02-15 22:56:11 - [TEST_STEP][PASSED] - println(today): null

2023-02-15 22:56:11 - [TEST_STEP][PASSED] - datText = today: null

2023-02-15 22:56:11 - [TEST_STEP][PASSED] - checkType = findTestData(dataFile).getValue("CheckType", row): null

2023-02-15 22:56:11 - [TEST_STEP][PASSED] - acNumber = findTestData(dataFile).getValue("AcNumber", row): null

2023-02-15 22:56:11 - [TEST_STEP][PASSED] - company = findTestData(dataFile).getValue("Company", row): null

2023-02-15 22:56:11 - [TEST_STEP][PASSED] - acType = findTestData(dataFile).getValue("AcType", row): null

2023-02-15 22:56:11 - [TEST_STEP][PASSED] - rtn = findTestData(dataFile).getValue("RTN", row): null

2023-02-15 22:56:11 - [TEST_STEP][PASSED] - amount = findTestData(dataFile).getValue("Amount", row): null

2023-02-15 22:56:11 - [TEST_STEP][PASSED] - sec = findTestData(dataFile).getValue("SEC", row): null

2023-02-15 22:56:11 - [TEST_STEP][PASSED] - openBrowser(VLinkURL + "debit.html"): Browser is opened with url: 'https://dev-algorithm.govolution.com/vlinktest/QA/version_2_0/debit.html'

2023-02-15 22:56:11 - [MESSAGE][WARNING] - A browser is already opened. Closing browser and opening a new one

2023-02-15 22:56:12 - [MESSAGE][INFO] - Starting 'Chrome' driver

2023-02-15 22:56:12 - [MESSAGE][INFO] - User set preference: ['acceptInsecureCerts', 'true']

2023-02-15 22:56:12 - [MESSAGE][INFO] - Action delay is set to 0 milliseconds

2023-02-15 22:56:14 - [MESSAGE][PASSED] - Browser is opened with url: 'https://dev-algorithm.govolution.com/vlinktest/QA/version_2_0/debit.html'

2023-02-15 22:56:14 - [TEST_STEP][PASSED] - maximizeWindow(): Current window maximized

2023-02-15 22:56:14 - [MESSAGE][PASSED] - Current window maximized

2023-02-15 22:56:14 - [TEST_STEP][PASSED] - genRemID = RandomStringUtils.random(12, true, true): null

2023-02-15 22:56:14 - [TEST_STEP][PASSED] - setText(findTestObject("RecAndPlayBk/Page-Vlink-Debit/input_Remittance Id"), genRemID): Text 'EXWoHJIregNn' is set on object 'Object Repository/RecAndPlayBk/Page-Vlink-Debit/input_Remittance Id'

2023-02-15 22:56:15 - [MESSAGE][PASSED] - Text 'EXWoHJIregNn' is set on object 'Object Repository/RecAndPlayBk/Page-Vlink-Debit/input_Remittance Id'

2023-02-15 22:56:15 - [TEST_STEP][PASSED] - setText(findTestObject("RecAndPlayBk/Page-Vlink-Debit/input_Application Id"), appID): Text '234' is set on object 'Object Repository/RecAndPlayBk/Page-Vlink-Debit/input_Application Id'

2023-02-15 22:56:15 - [MESSAGE][PASSED] - Text '234' is set on object 'Object Repository/RecAndPlayBk/Page-Vlink-Debit/input_Application Id'

2023-02-15 22:56:15 - [TEST_STEP][PASSED] - setText(findTestObject("RecAndPlayBk/Page-Vlink-Debit/input_Username"), username): Text 'username' is set on object 'Object Repository/RecAndPlayBk/Page-Vlink-Debit/input_Username'

2023-02-15 22:56:16 - [MESSAGE][PASSED] - Text 'username' is set on object 'Object Repository/RecAndPlayBk/Page-Vlink-Debit/input_Username'

2023-02-15 22:56:16 - [TEST_STEP][PASSED] - setText(findTestObject("RecAndPlayBk/Page-Vlink-Debit/input_Password"), password): Text 'password' is set on object 'Object Repository/RecAndPlayBk/Page-Vlink-Debit/input_Password'

2023-02-15 22:56:17 - [MESSAGE][PASSED] - Text 'password' is set on object 'Object Repository/RecAndPlayBk/Page-Vlink-Debit/input_Password'

2023-02-15 22:56:17 - [TEST_STEP][PASSED] - setText(findTestObject("RecAndPlayBk/Page-Vlink-Debit/input_Check Type"), checkType): Text 'P' is set on object 'Object Repository/RecAndPlayBk/Page-Vlink-Debit/input_Check Type'

2023-02-15 22:56:17 - [MESSAGE][PASSED] - Text 'P' is set on object 'Object Repository/RecAndPlayBk/Page-Vlink-Debit/input_Check Type'

2023-02-15 22:56:17 - [TEST_STEP][PASSED] - setText(findTestObject("RecAndPlayBk/Page-Vlink-Debit/input_Account_check"), acNumber): Text '58963214' is set on object 'Object Repository/RecAndPlayBk/Page-Vlink-Debit/input_Account_check'

2023-02-15 22:56:18 - [MESSAGE][PASSED] - Text '58963214' is set on object 'Object Repository/RecAndPlayBk/Page-Vlink-Debit/input_Account_check'

2023-02-15 22:56:18 - [TEST_STEP][PASSED] - setText(findTestObject("RecAndPlayBk/Page-Vlink-Debit/input_Company_check"), company): Text '' is set on object 'Object Repository/RecAndPlayBk/Page-Vlink-Debit/input_Company_check'

2023-02-15 22:56:18 - [MESSAGE][PASSED] - Text '' is set on object 'Object Repository/RecAndPlayBk/Page-Vlink-Debit/input_Company_check'

2023-02-15 22:56:18 - [TEST_STEP][PASSED] - setText(findTestObject("RecAndPlayBk/Page-Vlink-Debit/input_Account Type"), acType): Text '1' is set on object 'Object Repository/RecAndPlayBk/Page-Vlink-Debit/input_Account Type'

2023-02-15 22:56:19 - [MESSAGE][PASSED] - Text '1' is set on object 'Object Repository/RecAndPlayBk/Page-Vlink-Debit/input_Account Type'

2023-02-15 22:56:19 - [TEST_STEP][PASSED] - setText(findTestObject("RecAndPlayBk/Page-Vlink-Debit/input_Routing Number"), rtn): Text '256072691' is set on object 'Object Repository/RecAndPlayBk/Page-Vlink-Debit/input_Routing Number'

2023-02-15 22:56:20 - [MESSAGE][PASSED] - Text '256072691' is set on object 'Object Repository/RecAndPlayBk/Page-Vlink-Debit/input_Routing Number'

2023-02-15 22:56:20 - [TEST_STEP][PASSED] - setText(findTestObject("RecAndPlayBk/Page-Vlink-Debit/input_Amount"), amount): Text '0' is set on object 'Object Repository/RecAndPlayBk/Page-Vlink-Debit/input_Amount'

2023-02-15 22:56:20 - [MESSAGE][PASSED] - Text '0' is set on object 'Object Repository/RecAndPlayBk/Page-Vlink-Debit/input_Amount'

2023-02-15 22:56:20 - [TEST_STEP][PASSED] - setText(findTestObject("RecAndPlayBk/Page-Vlink-Debit/input_Check Email"), ""): Text '' is set on object 'Object Repository/RecAndPlayBk/Page-Vlink-Debit/input_Check Email'

2023-02-15 22:56:21 - [MESSAGE][PASSED] - Text '' is set on object 'Object Repository/RecAndPlayBk/Page-Vlink-Debit/input_Check Email'

2023-02-15 22:56:21 - [TEST_STEP][PASSED] - setText(findTestObject("Object Repository/RecAndPlayBk/Page-Vlink-Debit/input_concat(CheckWriter, , s SSN)_check_ssn"), ""): Text '' is set on object 'Object Repository/RecAndPlayBk/Page-Vlink-Debit/input_concat(CheckWriter, , s SSN)_check_ssn'

2023-02-15 22:56:22 - [MESSAGE][PASSED] - Text '' is set on object 'Object Repository/RecAndPlayBk/Page-Vlink-Debit/input_concat(CheckWriter, , s SSN)_check_ssn'

2023-02-15 22:56:22 - [TEST_STEP][PASSED] - setText(findTestObject("Object Repository/RecAndPlayBk/Page-Vlink-Debit/input_concat(CheckWriter, , s License Numbe_020fef"), ""): Text '' is set on object 'Object Repository/RecAndPlayBk/Page-Vlink-Debit/input_concat(CheckWriter, , s License Numbe_020fef'

2023-02-15 22:56:22 - [MESSAGE][PASSED] - Text '' is set on object 'Object Repository/RecAndPlayBk/Page-Vlink-Debit/input_concat(CheckWriter, , s License Numbe_020fef'

2023-02-15 22:56:22 - [TEST_STEP][PASSED] - setText(findTestObject("Object Repository/RecAndPlayBk/Page-Vlink-Debit/input_concat(CheckWriter, , s License State_21e3e7"), ""): Text '' is set on object 'Object Repository/RecAndPlayBk/Page-Vlink-Debit/input_concat(CheckWriter, , s License State_21e3e7'

2023-02-15 22:56:23 - [MESSAGE][PASSED] - Text '' is set on object 'Object Repository/RecAndPlayBk/Page-Vlink-Debit/input_concat(CheckWriter, , s License State_21e3e7'

2023-02-15 22:56:23 - [TEST_STEP][PASSED] - setText(findTestObject("RecAndPlayBk/Page-Vlink-Debit/input_Standard Entry Class"), sec): Text 'WEB' is set on object 'Object Repository/RecAndPlayBk/Page-Vlink-Debit/input_Standard Entry Class'

2023-02-15 22:56:23 - [MESSAGE][PASSED] - Text 'WEB' is set on object 'Object Repository/RecAndPlayBk/Page-Vlink-Debit/input_Standard Entry Class'

2023-02-15 22:56:23 - [TEST_STEP][PASSED] - click(findTestObject("Object Repository/RecAndPlayBk/Page-Vlink-Debit/input")): Object: 'Object Repository/RecAndPlayBk/Page-Vlink-Debit/input' is clicked on

2023-02-15 22:56:24 - [MESSAGE][PASSED] - Object: 'Object Repository/RecAndPlayBk/Page-Vlink-Debit/input' is clicked on

2023-02-15 22:56:24 - [TEST_STEP][PASSED] - if (verifyTextPresent("invalid: amount", true)): null

2023-02-15 22:56:24 - [MESSAGE][PASSED] - Text 'invalid: amount' is present on page  using regular expression

2023-02-15 22:56:24 - [TEST_STEP][PASSED] - println("invalid: amount text is present on the Confirmation page"): null

2023-02-15 22:56:24 - [TEST_STEP][PASSED] - out.println("Pass Record Number: " + row): null

2023-02-15 22:56:24 - [TEST_STEP][PASSED] - resText = "Pass": null

2023-02-15 22:56:24 - [TEST_STEP][PASSED] - pages.WriteExcel.demoKey(resText, datText, resColumn, datCloumn, fileLoc, nameSheet, row): pages.WriteExcel.demoKey is PASSED

2023-02-15 22:56:25 - [MESSAGE][PASSED] - pages.WriteExcel.demoKey is PASSED

2023-02-15 22:56:25 - [TEST_STEP][PASSED] - ExecuteTC = findTestData(dataFile).getValue("Execute", row): null

2023-02-15 22:56:25 - [TEST_STEP][PASSED] - out.println("Value of Execute is : " + ExecuteTC): null

2023-02-15 22:56:25 - [TEST_STEP][PASSED] - switch (executionProfile): null

2023-02-15 22:56:25 - [TEST_STEP][PASSED] - case "QAProfile":: null

2023-02-15 22:56:25 - [TEST_STEP][PASSED] - appID = findTestData(dataFile).getValue("AppIDQA", row): null

2023-02-15 22:56:25 - [TEST_STEP][PASSED] - username = findTestData(dataFile).getValue("UsernameQA", row): null

2023-02-15 22:56:25 - [TEST_STEP][PASSED] - password = findTestData(dataFile).getValue("PasswordQA", row): null

2023-02-15 22:56:25 - [TEST_STEP][PASSED] - break: null

2023-02-15 22:56:25 - [TEST_STEP][PASSED] - if (ExecuteTC.equalsIgnoreCase("Y")): null

2023-02-15 22:56:25 - [TEST_STEP][PASSED] - out.println("Begin Record Number: " + row): null

2023-02-15 22:56:25 - [TEST_STEP][PASSED] - today = new java.util.Date(): null

2023-02-15 22:56:25 - [TEST_STEP][PASSED] - println(today): null

2023-02-15 22:56:25 - [TEST_STEP][PASSED] - datText = today: null

2023-02-15 22:56:25 - [TEST_STEP][PASSED] - checkType = findTestData(dataFile).getValue("CheckType", row): null

2023-02-15 22:56:25 - [TEST_STEP][PASSED] - acNumber = findTestData(dataFile).getValue("AcNumber", row): null

2023-02-15 22:56:25 - [TEST_STEP][PASSED] - company = findTestData(dataFile).getValue("Company", row): null

2023-02-15 22:56:25 - [TEST_STEP][PASSED] - acType = findTestData(dataFile).getValue("AcType", row): null

2023-02-15 22:56:25 - [TEST_STEP][PASSED] - rtn = findTestData(dataFile).getValue("RTN", row): null

2023-02-15 22:56:25 - [TEST_STEP][PASSED] - amount = findTestData(dataFile).getValue("Amount", row): null

2023-02-15 22:56:25 - [TEST_STEP][PASSED] - sec = findTestData(dataFile).getValue("SEC", row): null

2023-02-15 22:56:25 - [TEST_STEP][PASSED] - openBrowser(VLinkURL + "debit.html"): Browser is opened with url: 'https://dev-algorithm.govolution.com/vlinktest/QA/version_2_0/debit.html'

2023-02-15 22:56:25 - [MESSAGE][WARNING] - A browser is already opened. Closing browser and opening a new one

2023-02-15 22:56:26 - [MESSAGE][INFO] - Starting 'Chrome' driver

2023-02-15 22:56:26 - [MESSAGE][INFO] - User set preference: ['acceptInsecureCerts', 'true']

2023-02-15 22:56:26 - [MESSAGE][INFO] - Action delay is set to 0 milliseconds

2023-02-15 22:56:28 - [MESSAGE][PASSED] - Browser is opened with url: 'https://dev-algorithm.govolution.com/vlinktest/QA/version_2_0/debit.html'

2023-02-15 22:56:28 - [TEST_STEP][PASSED] - maximizeWindow(): Current window maximized

2023-02-15 22:56:28 - [MESSAGE][PASSED] - Current window maximized

2023-02-15 22:56:28 - [TEST_STEP][PASSED] - genRemID = RandomStringUtils.random(12, true, true): null

2023-02-15 22:56:28 - [TEST_STEP][PASSED] - setText(findTestObject("RecAndPlayBk/Page-Vlink-Debit/input_Remittance Id"), genRemID): Text 'KFPxyHMTYQnV' is set on object 'Object Repository/RecAndPlayBk/Page-Vlink-Debit/input_Remittance Id'

2023-02-15 22:56:29 - [MESSAGE][PASSED] - Text 'KFPxyHMTYQnV' is set on object 'Object Repository/RecAndPlayBk/Page-Vlink-Debit/input_Remittance Id'

2023-02-15 22:56:29 - [TEST_STEP][PASSED] - setText(findTestObject("RecAndPlayBk/Page-Vlink-Debit/input_Application Id"), appID): Text '234' is set on object 'Object Repository/RecAndPlayBk/Page-Vlink-Debit/input_Application Id'

2023-02-15 22:56:30 - [MESSAGE][PASSED] - Text '234' is set on object 'Object Repository/RecAndPlayBk/Page-Vlink-Debit/input_Application Id'

2023-02-15 22:56:30 - [TEST_STEP][PASSED] - setText(findTestObject("RecAndPlayBk/Page-Vlink-Debit/input_Username"), username): Text 'username' is set on object 'Object Repository/RecAndPlayBk/Page-Vlink-Debit/input_Username'

2023-02-15 22:56:30 - [MESSAGE][PASSED] - Text 'username' is set on object 'Object Repository/RecAndPlayBk/Page-Vlink-Debit/input_Username'

2023-02-15 22:56:30 - [TEST_STEP][PASSED] - setText(findTestObject("RecAndPlayBk/Page-Vlink-Debit/input_Password"), password): Text 'password' is set on object 'Object Repository/RecAndPlayBk/Page-Vlink-Debit/input_Password'

2023-02-15 22:56:31 - [MESSAGE][PASSED] - Text 'password' is set on object 'Object Repository/RecAndPlayBk/Page-Vlink-Debit/input_Password'

2023-02-15 22:56:31 - [TEST_STEP][PASSED] - setText(findTestObject("RecAndPlayBk/Page-Vlink-Debit/input_Check Type"), checkType): Text 'P' is set on object 'Object Repository/RecAndPlayBk/Page-Vlink-Debit/input_Check Type'

2023-02-15 22:56:31 - [MESSAGE][PASSED] - Text 'P' is set on object 'Object Repository/RecAndPlayBk/Page-Vlink-Debit/input_Check Type'

2023-02-15 22:56:31 - [TEST_STEP][PASSED] - setText(findTestObject("RecAndPlayBk/Page-Vlink-Debit/input_Account_check"), acNumber): Text '58963214' is set on object 'Object Repository/RecAndPlayBk/Page-Vlink-Debit/input_Account_check'

2023-02-15 22:56:32 - [MESSAGE][PASSED] - Text '58963214' is set on object 'Object Repository/RecAndPlayBk/Page-Vlink-Debit/input_Account_check'

2023-02-15 22:56:32 - [TEST_STEP][PASSED] - setText(findTestObject("RecAndPlayBk/Page-Vlink-Debit/input_Company_check"), company): Text '' is set on object 'Object Repository/RecAndPlayBk/Page-Vlink-Debit/input_Company_check'

2023-02-15 22:56:33 - [MESSAGE][PASSED] - Text '' is set on object 'Object Repository/RecAndPlayBk/Page-Vlink-Debit/input_Company_check'

2023-02-15 22:56:33 - [TEST_STEP][PASSED] - setText(findTestObject("RecAndPlayBk/Page-Vlink-Debit/input_Account Type"), acType): Text '1' is set on object 'Object Repository/RecAndPlayBk/Page-Vlink-Debit/input_Account Type'

2023-02-15 22:56:33 - [MESSAGE][PASSED] - Text '1' is set on object 'Object Repository/RecAndPlayBk/Page-Vlink-Debit/input_Account Type'

2023-02-15 22:56:33 - [TEST_STEP][PASSED] - setText(findTestObject("RecAndPlayBk/Page-Vlink-Debit/input_Routing Number"), rtn): Text '256072691' is set on object 'Object Repository/RecAndPlayBk/Page-Vlink-Debit/input_Routing Number'

2023-02-15 22:56:34 - [MESSAGE][PASSED] - Text '256072691' is set on object 'Object Repository/RecAndPlayBk/Page-Vlink-Debit/input_Routing Number'

2023-02-15 22:56:34 - [TEST_STEP][PASSED] - setText(findTestObject("RecAndPlayBk/Page-Vlink-Debit/input_Amount"), amount): Text '0' is set on object 'Object Repository/RecAndPlayBk/Page-Vlink-Debit/input_Amount'

2023-02-15 22:56:34 - [MESSAGE][PASSED] - Text '0' is set on object 'Object Repository/RecAndPlayBk/Page-Vlink-Debit/input_Amount'

2023-02-15 22:56:34 - [TEST_STEP][PASSED] - setText(findTestObject("RecAndPlayBk/Page-Vlink-Debit/input_Check Email"), ""): Text '' is set on object 'Object Repository/RecAndPlayBk/Page-Vlink-Debit/input_Check Email'

2023-02-15 22:56:35 - [MESSAGE][PASSED] - Text '' is set on object 'Object Repository/RecAndPlayBk/Page-Vlink-Debit/input_Check Email'

2023-02-15 22:56:35 - [TEST_STEP][PASSED] - setText(findTestObject("Object Repository/RecAndPlayBk/Page-Vlink-Debit/input_concat(CheckWriter, , s SSN)_check_ssn"), ""): Text '' is set on object 'Object Repository/RecAndPlayBk/Page-Vlink-Debit/input_concat(CheckWriter, , s SSN)_check_ssn'

2023-02-15 22:56:36 - [MESSAGE][PASSED] - Text '' is set on object 'Object Repository/RecAndPlayBk/Page-Vlink-Debit/input_concat(CheckWriter, , s SSN)_check_ssn'

2023-02-15 22:56:36 - [TEST_STEP][PASSED] - setText(findTestObject("Object Repository/RecAndPlayBk/Page-Vlink-Debit/input_concat(CheckWriter, , s License Numbe_020fef"), ""): Text '' is set on object 'Object Repository/RecAndPlayBk/Page-Vlink-Debit/input_concat(CheckWriter, , s License Numbe_020fef'

2023-02-15 22:56:36 - [MESSAGE][PASSED] - Text '' is set on object 'Object Repository/RecAndPlayBk/Page-Vlink-Debit/input_concat(CheckWriter, , s License Numbe_020fef'

2023-02-15 22:56:36 - [TEST_STEP][PASSED] - setText(findTestObject("Object Repository/RecAndPlayBk/Page-Vlink-Debit/input_concat(CheckWriter, , s License State_21e3e7"), ""): Text '' is set on object 'Object Repository/RecAndPlayBk/Page-Vlink-Debit/input_concat(CheckWriter, , s License State_21e3e7'

2023-02-15 22:56:37 - [MESSAGE][PASSED] - Text '' is set on object 'Object Repository/RecAndPlayBk/Page-Vlink-Debit/input_concat(CheckWriter, , s License State_21e3e7'

2023-02-15 22:56:37 - [TEST_STEP][PASSED] - setText(findTestObject("RecAndPlayBk/Page-Vlink-Debit/input_Standard Entry Class"), sec): Text 'TEL' is set on object 'Object Repository/RecAndPlayBk/Page-Vlink-Debit/input_Standard Entry Class'

2023-02-15 22:56:38 - [MESSAGE][PASSED] - Text 'TEL' is set on object 'Object Repository/RecAndPlayBk/Page-Vlink-Debit/input_Standard Entry Class'

2023-02-15 22:56:38 - [TEST_STEP][PASSED] - click(findTestObject("Object Repository/RecAndPlayBk/Page-Vlink-Debit/input")): Object: 'Object Repository/RecAndPlayBk/Page-Vlink-Debit/input' is clicked on

2023-02-15 22:56:38 - [MESSAGE][PASSED] - Object: 'Object Repository/RecAndPlayBk/Page-Vlink-Debit/input' is clicked on

2023-02-15 22:56:38 - [TEST_STEP][PASSED] - if (verifyTextPresent("invalid: amount", true)): null

2023-02-15 22:56:39 - [MESSAGE][PASSED] - Text 'invalid: amount' is present on page  using regular expression

2023-02-15 22:56:39 - [TEST_STEP][PASSED] - println("invalid: amount text is present on the Confirmation page"): null

2023-02-15 22:56:39 - [TEST_STEP][PASSED] - out.println("Pass Record Number: " + row): null

2023-02-15 22:56:39 - [TEST_STEP][PASSED] - resText = "Pass": null

2023-02-15 22:56:39 - [TEST_STEP][PASSED] - pages.WriteExcel.demoKey(resText, datText, resColumn, datCloumn, fileLoc, nameSheet, row): pages.WriteExcel.demoKey is PASSED

2023-02-15 22:56:39 - [MESSAGE][PASSED] - pages.WriteExcel.demoKey is PASSED

2023-02-15 22:56:39 - [TEST_STEP][PASSED] - ExecuteTC = findTestData(dataFile).getValue("Execute", row): null

2023-02-15 22:56:39 - [TEST_STEP][PASSED] - out.println("Value of Execute is : " + ExecuteTC): null

2023-02-15 22:56:39 - [TEST_STEP][PASSED] - switch (executionProfile): null

2023-02-15 22:56:39 - [TEST_STEP][PASSED] - case "QAProfile":: null

2023-02-15 22:56:39 - [TEST_STEP][PASSED] - appID = findTestData(dataFile).getValue("AppIDQA", row): null

2023-02-15 22:56:39 - [TEST_STEP][PASSED] - username = findTestData(dataFile).getValue("UsernameQA", row): null

2023-02-15 22:56:39 - [TEST_STEP][PASSED] - password = findTestData(dataFile).getValue("PasswordQA", row): null

2023-02-15 22:56:39 - [TEST_STEP][PASSED] - break: null

2023-02-15 22:56:39 - [TEST_STEP][PASSED] - if (ExecuteTC.equalsIgnoreCase("Y")): null

2023-02-15 22:56:39 - [TEST_STEP][PASSED] - out.println("Begin Record Number: " + row): null

2023-02-15 22:56:39 - [TEST_STEP][PASSED] - today = new java.util.Date(): null

2023-02-15 22:56:39 - [TEST_STEP][PASSED] - println(today): null

2023-02-15 22:56:39 - [TEST_STEP][PASSED] - datText = today: null

2023-02-15 22:56:39 - [TEST_STEP][PASSED] - checkType = findTestData(dataFile).getValue("CheckType", row): null

2023-02-15 22:56:39 - [TEST_STEP][PASSED] - acNumber = findTestData(dataFile).getValue("AcNumber", row): null

2023-02-15 22:56:39 - [TEST_STEP][PASSED] - company = findTestData(dataFile).getValue("Company", row): null

2023-02-15 22:56:39 - [TEST_STEP][PASSED] - acType = findTestData(dataFile).getValue("AcType", row): null

2023-02-15 22:56:39 - [TEST_STEP][PASSED] - rtn = findTestData(dataFile).getValue("RTN", row): null

2023-02-15 22:56:39 - [TEST_STEP][PASSED] - amount = findTestData(dataFile).getValue("Amount", row): null

2023-02-15 22:56:39 - [TEST_STEP][PASSED] - sec = findTestData(dataFile).getValue("SEC", row): null

2023-02-15 22:56:39 - [TEST_STEP][PASSED] - openBrowser(VLinkURL + "debit.html"): Browser is opened with url: 'https://dev-algorithm.govolution.com/vlinktest/QA/version_2_0/debit.html'

2023-02-15 22:56:39 - [MESSAGE][WARNING] - A browser is already opened. Closing browser and opening a new one

2023-02-15 22:56:40 - [MESSAGE][INFO] - Starting 'Chrome' driver

2023-02-15 22:56:40 - [MESSAGE][INFO] - User set preference: ['acceptInsecureCerts', 'true']

2023-02-15 22:56:40 - [MESSAGE][INFO] - Action delay is set to 0 milliseconds

2023-02-15 22:56:42 - [MESSAGE][PASSED] - Browser is opened with url: 'https://dev-algorithm.govolution.com/vlinktest/QA/version_2_0/debit.html'

2023-02-15 22:56:42 - [TEST_STEP][PASSED] - maximizeWindow(): Current window maximized

2023-02-15 22:56:42 - [MESSAGE][PASSED] - Current window maximized

2023-02-15 22:56:42 - [TEST_STEP][PASSED] - genRemID = RandomStringUtils.random(12, true, true): null

2023-02-15 22:56:42 - [TEST_STEP][PASSED] - setText(findTestObject("RecAndPlayBk/Page-Vlink-Debit/input_Remittance Id"), genRemID): Text 'nLDLBDpmjusi' is set on object 'Object Repository/RecAndPlayBk/Page-Vlink-Debit/input_Remittance Id'

2023-02-15 22:56:43 - [MESSAGE][PASSED] - Text 'nLDLBDpmjusi' is set on object 'Object Repository/RecAndPlayBk/Page-Vlink-Debit/input_Remittance Id'

2023-02-15 22:56:43 - [TEST_STEP][PASSED] - setText(findTestObject("RecAndPlayBk/Page-Vlink-Debit/input_Application Id"), appID): Text '234' is set on object 'Object Repository/RecAndPlayBk/Page-Vlink-Debit/input_Application Id'

2023-02-15 22:56:44 - [MESSAGE][PASSED] - Text '234' is set on object 'Object Repository/RecAndPlayBk/Page-Vlink-Debit/input_Application Id'

2023-02-15 22:56:44 - [TEST_STEP][PASSED] - setText(findTestObject("RecAndPlayBk/Page-Vlink-Debit/input_Username"), username): Text 'username' is set on object 'Object Repository/RecAndPlayBk/Page-Vlink-Debit/input_Username'

2023-02-15 22:56:44 - [MESSAGE][PASSED] - Text 'username' is set on object 'Object Repository/RecAndPlayBk/Page-Vlink-Debit/input_Username'

2023-02-15 22:56:44 - [TEST_STEP][PASSED] - setText(findTestObject("RecAndPlayBk/Page-Vlink-Debit/input_Password"), password): Text 'password' is set on object 'Object Repository/RecAndPlayBk/Page-Vlink-Debit/input_Password'

2023-02-15 22:56:45 - [MESSAGE][PASSED] - Text 'password' is set on object 'Object Repository/RecAndPlayBk/Page-Vlink-Debit/input_Password'

2023-02-15 22:56:45 - [TEST_STEP][PASSED] - setText(findTestObject("RecAndPlayBk/Page-Vlink-Debit/input_Check Type"), checkType): Text 'P' is set on object 'Object Repository/RecAndPlayBk/Page-Vlink-Debit/input_Check Type'

2023-02-15 22:56:46 - [MESSAGE][PASSED] - Text 'P' is set on object 'Object Repository/RecAndPlayBk/Page-Vlink-Debit/input_Check Type'

2023-02-15 22:56:46 - [TEST_STEP][PASSED] - setText(findTestObject("RecAndPlayBk/Page-Vlink-Debit/input_Account_check"), acNumber): Text '58963214' is set on object 'Object Repository/RecAndPlayBk/Page-Vlink-Debit/input_Account_check'

2023-02-15 22:56:46 - [MESSAGE][PASSED] - Text '58963214' is set on object 'Object Repository/RecAndPlayBk/Page-Vlink-Debit/input_Account_check'

2023-02-15 22:56:46 - [TEST_STEP][PASSED] - setText(findTestObject("RecAndPlayBk/Page-Vlink-Debit/input_Company_check"), company): Text '' is set on object 'Object Repository/RecAndPlayBk/Page-Vlink-Debit/input_Company_check'

2023-02-15 22:56:47 - [MESSAGE][PASSED] - Text '' is set on object 'Object Repository/RecAndPlayBk/Page-Vlink-Debit/input_Company_check'

2023-02-15 22:56:47 - [TEST_STEP][PASSED] - setText(findTestObject("RecAndPlayBk/Page-Vlink-Debit/input_Account Type"), acType): Text '1' is set on object 'Object Repository/RecAndPlayBk/Page-Vlink-Debit/input_Account Type'

2023-02-15 22:56:47 - [MESSAGE][PASSED] - Text '1' is set on object 'Object Repository/RecAndPlayBk/Page-Vlink-Debit/input_Account Type'

2023-02-15 22:56:47 - [TEST_STEP][PASSED] - setText(findTestObject("RecAndPlayBk/Page-Vlink-Debit/input_Routing Number"), rtn): Text '256072691' is set on object 'Object Repository/RecAndPlayBk/Page-Vlink-Debit/input_Routing Number'

2023-02-15 22:56:48 - [MESSAGE][PASSED] - Text '256072691' is set on object 'Object Repository/RecAndPlayBk/Page-Vlink-Debit/input_Routing Number'

2023-02-15 22:56:48 - [TEST_STEP][PASSED] - setText(findTestObject("RecAndPlayBk/Page-Vlink-Debit/input_Amount"), amount): Text '0' is set on object 'Object Repository/RecAndPlayBk/Page-Vlink-Debit/input_Amount'

2023-02-15 22:56:49 - [MESSAGE][PASSED] - Text '0' is set on object 'Object Repository/RecAndPlayBk/Page-Vlink-Debit/input_Amount'

2023-02-15 22:56:49 - [TEST_STEP][PASSED] - setText(findTestObject("RecAndPlayBk/Page-Vlink-Debit/input_Check Email"), ""): Text '' is set on object 'Object Repository/RecAndPlayBk/Page-Vlink-Debit/input_Check Email'

2023-02-15 22:56:49 - [MESSAGE][PASSED] - Text '' is set on object 'Object Repository/RecAndPlayBk/Page-Vlink-Debit/input_Check Email'

2023-02-15 22:56:49 - [TEST_STEP][PASSED] - setText(findTestObject("Object Repository/RecAndPlayBk/Page-Vlink-Debit/input_concat(CheckWriter, , s SSN)_check_ssn"), ""): Text '' is set on object 'Object Repository/RecAndPlayBk/Page-Vlink-Debit/input_concat(CheckWriter, , s SSN)_check_ssn'

2023-02-15 22:56:50 - [MESSAGE][PASSED] - Text '' is set on object 'Object Repository/RecAndPlayBk/Page-Vlink-Debit/input_concat(CheckWriter, , s SSN)_check_ssn'

2023-02-15 22:56:50 - [TEST_STEP][PASSED] - setText(findTestObject("Object Repository/RecAndPlayBk/Page-Vlink-Debit/input_concat(CheckWriter, , s License Numbe_020fef"), ""): Text '' is set on object 'Object Repository/RecAndPlayBk/Page-Vlink-Debit/input_concat(CheckWriter, , s License Numbe_020fef'

2023-02-15 22:56:50 - [MESSAGE][PASSED] - Text '' is set on object 'Object Repository/RecAndPlayBk/Page-Vlink-Debit/input_concat(CheckWriter, , s License Numbe_020fef'

2023-02-15 22:56:50 - [TEST_STEP][PASSED] - setText(findTestObject("Object Repository/RecAndPlayBk/Page-Vlink-Debit/input_concat(CheckWriter, , s License State_21e3e7"), ""): Text '' is set on object 'Object Repository/RecAndPlayBk/Page-Vlink-Debit/input_concat(CheckWriter, , s License State_21e3e7'

2023-02-15 22:56:51 - [MESSAGE][PASSED] - Text '' is set on object 'Object Repository/RecAndPlayBk/Page-Vlink-Debit/input_concat(CheckWriter, , s License State_21e3e7'

2023-02-15 22:56:51 - [TEST_STEP][PASSED] - setText(findTestObject("RecAndPlayBk/Page-Vlink-Debit/input_Standard Entry Class"), sec): Text 'PPD' is set on object 'Object Repository/RecAndPlayBk/Page-Vlink-Debit/input_Standard Entry Class'

2023-02-15 22:56:52 - [MESSAGE][PASSED] - Text 'PPD' is set on object 'Object Repository/RecAndPlayBk/Page-Vlink-Debit/input_Standard Entry Class'

2023-02-15 22:56:52 - [TEST_STEP][PASSED] - click(findTestObject("Object Repository/RecAndPlayBk/Page-Vlink-Debit/input")): Object: 'Object Repository/RecAndPlayBk/Page-Vlink-Debit/input' is clicked on

2023-02-15 22:56:52 - [MESSAGE][PASSED] - Object: 'Object Repository/RecAndPlayBk/Page-Vlink-Debit/input' is clicked on

2023-02-15 22:56:52 - [TEST_STEP][PASSED] - if (verifyTextPresent("invalid: amount", true)): null

2023-02-15 22:56:53 - [MESSAGE][PASSED] - Text 'invalid: amount' is present on page  using regular expression

2023-02-15 22:56:53 - [TEST_STEP][PASSED] - println("invalid: amount text is present on the Confirmation page"): null

2023-02-15 22:56:53 - [TEST_STEP][PASSED] - out.println("Pass Record Number: " + row): null

2023-02-15 22:56:53 - [TEST_STEP][PASSED] - resText = "Pass": null

2023-02-15 22:56:53 - [TEST_STEP][PASSED] - pages.WriteExcel.demoKey(resText, datText, resColumn, datCloumn, fileLoc, nameSheet, row): pages.WriteExcel.demoKey is PASSED

2023-02-15 22:56:53 - [MESSAGE][PASSED] - pages.WriteExcel.demoKey is PASSED

2023-02-15 22:56:53 - [TEST_STEP][PASSED] - ExecuteTC = findTestData(dataFile).getValue("Execute", row): null

2023-02-15 22:56:53 - [TEST_STEP][PASSED] - out.println("Value of Execute is : " + ExecuteTC): null

2023-02-15 22:56:53 - [TEST_STEP][PASSED] - switch (executionProfile): null

2023-02-15 22:56:53 - [TEST_STEP][PASSED] - case "QAProfile":: null

2023-02-15 22:56:53 - [TEST_STEP][PASSED] - appID = findTestData(dataFile).getValue("AppIDQA", row): null

2023-02-15 22:56:53 - [TEST_STEP][PASSED] - username = findTestData(dataFile).getValue("UsernameQA", row): null

2023-02-15 22:56:53 - [TEST_STEP][PASSED] - password = findTestData(dataFile).getValue("PasswordQA", row): null

2023-02-15 22:56:53 - [TEST_STEP][PASSED] - break: null

2023-02-15 22:56:53 - [TEST_STEP][PASSED] - if (ExecuteTC.equalsIgnoreCase("Y")): null

2023-02-15 22:56:53 - [TEST_STEP][PASSED] - out.println("Begin Record Number: " + row): null

2023-02-15 22:56:53 - [TEST_STEP][PASSED] - today = new java.util.Date(): null

2023-02-15 22:56:53 - [TEST_STEP][PASSED] - println(today): null

2023-02-15 22:56:53 - [TEST_STEP][PASSED] - datText = today: null

2023-02-15 22:56:53 - [TEST_STEP][PASSED] - checkType = findTestData(dataFile).getValue("CheckType", row): null

2023-02-15 22:56:53 - [TEST_STEP][PASSED] - acNumber = findTestData(dataFile).getValue("AcNumber", row): null

2023-02-15 22:56:53 - [TEST_STEP][PASSED] - company = findTestData(dataFile).getValue("Company", row): null

2023-02-15 22:56:53 - [TEST_STEP][PASSED] - acType = findTestData(dataFile).getValue("AcType", row): null

2023-02-15 22:56:53 - [TEST_STEP][PASSED] - rtn = findTestData(dataFile).getValue("RTN", row): null

2023-02-15 22:56:53 - [TEST_STEP][PASSED] - amount = findTestData(dataFile).getValue("Amount", row): null

2023-02-15 22:56:53 - [TEST_STEP][PASSED] - sec = findTestData(dataFile).getValue("SEC", row): null

2023-02-15 22:56:53 - [TEST_STEP][PASSED] - openBrowser(VLinkURL + "debit.html"): Browser is opened with url: 'https://dev-algorithm.govolution.com/vlinktest/QA/version_2_0/debit.html'

2023-02-15 22:56:53 - [MESSAGE][WARNING] - A browser is already opened. Closing browser and opening a new one

2023-02-15 22:56:54 - [MESSAGE][INFO] - Starting 'Chrome' driver

2023-02-15 22:56:54 - [MESSAGE][INFO] - User set preference: ['acceptInsecureCerts', 'true']

2023-02-15 22:56:54 - [MESSAGE][INFO] - Action delay is set to 0 milliseconds

2023-02-15 22:56:56 - [MESSAGE][PASSED] - Browser is opened with url: 'https://dev-algorithm.govolution.com/vlinktest/QA/version_2_0/debit.html'

2023-02-15 22:56:56 - [TEST_STEP][PASSED] - maximizeWindow(): Current window maximized

2023-02-15 22:56:56 - [MESSAGE][PASSED] - Current window maximized

2023-02-15 22:56:56 - [TEST_STEP][PASSED] - genRemID = RandomStringUtils.random(12, true, true): null

2023-02-15 22:56:56 - [TEST_STEP][PASSED] - setText(findTestObject("RecAndPlayBk/Page-Vlink-Debit/input_Remittance Id"), genRemID): Text 'mnvopXn2KGLz' is set on object 'Object Repository/RecAndPlayBk/Page-Vlink-Debit/input_Remittance Id'

2023-02-15 22:56:57 - [MESSAGE][PASSED] - Text 'mnvopXn2KGLz' is set on object 'Object Repository/RecAndPlayBk/Page-Vlink-Debit/input_Remittance Id'

2023-02-15 22:56:57 - [TEST_STEP][PASSED] - setText(findTestObject("RecAndPlayBk/Page-Vlink-Debit/input_Application Id"), appID): Text '234' is set on object 'Object Repository/RecAndPlayBk/Page-Vlink-Debit/input_Application Id'

2023-02-15 22:56:58 - [MESSAGE][PASSED] - Text '234' is set on object 'Object Repository/RecAndPlayBk/Page-Vlink-Debit/input_Application Id'

2023-02-15 22:56:58 - [TEST_STEP][PASSED] - setText(findTestObject("RecAndPlayBk/Page-Vlink-Debit/input_Username"), username): Text 'username' is set on object 'Object Repository/RecAndPlayBk/Page-Vlink-Debit/input_Username'

2023-02-15 22:56:58 - [MESSAGE][PASSED] - Text 'username' is set on object 'Object Repository/RecAndPlayBk/Page-Vlink-Debit/input_Username'

2023-02-15 22:56:58 - [TEST_STEP][PASSED] - setText(findTestObject("RecAndPlayBk/Page-Vlink-Debit/input_Password"), password): Text 'password' is set on object 'Object Repository/RecAndPlayBk/Page-Vlink-Debit/input_Password'

2023-02-15 22:56:59 - [MESSAGE][PASSED] - Text 'password' is set on object 'Object Repository/RecAndPlayBk/Page-Vlink-Debit/input_Password'

2023-02-15 22:56:59 - [TEST_STEP][PASSED] - setText(findTestObject("RecAndPlayBk/Page-Vlink-Debit/input_Check Type"), checkType): Text 'P' is set on object 'Object Repository/RecAndPlayBk/Page-Vlink-Debit/input_Check Type'

2023-02-15 22:57:00 - [MESSAGE][PASSED] - Text 'P' is set on object 'Object Repository/RecAndPlayBk/Page-Vlink-Debit/input_Check Type'

2023-02-15 22:57:00 - [TEST_STEP][PASSED] - setText(findTestObject("RecAndPlayBk/Page-Vlink-Debit/input_Account_check"), acNumber): Text '58963214' is set on object 'Object Repository/RecAndPlayBk/Page-Vlink-Debit/input_Account_check'

2023-02-15 22:57:00 - [MESSAGE][PASSED] - Text '58963214' is set on object 'Object Repository/RecAndPlayBk/Page-Vlink-Debit/input_Account_check'

2023-02-15 22:57:00 - [TEST_STEP][PASSED] - setText(findTestObject("RecAndPlayBk/Page-Vlink-Debit/input_Company_check"), company): Text '' is set on object 'Object Repository/RecAndPlayBk/Page-Vlink-Debit/input_Company_check'

2023-02-15 22:57:01 - [MESSAGE][PASSED] - Text '' is set on object 'Object Repository/RecAndPlayBk/Page-Vlink-Debit/input_Company_check'

2023-02-15 22:57:01 - [TEST_STEP][PASSED] - setText(findTestObject("RecAndPlayBk/Page-Vlink-Debit/input_Account Type"), acType): Text '2' is set on object 'Object Repository/RecAndPlayBk/Page-Vlink-Debit/input_Account Type'

2023-02-15 22:57:01 - [MESSAGE][PASSED] - Text '2' is set on object 'Object Repository/RecAndPlayBk/Page-Vlink-Debit/input_Account Type'

2023-02-15 22:57:01 - [TEST_STEP][PASSED] - setText(findTestObject("RecAndPlayBk/Page-Vlink-Debit/input_Routing Number"), rtn): Text '256072691' is set on object 'Object Repository/RecAndPlayBk/Page-Vlink-Debit/input_Routing Number'

2023-02-15 22:57:02 - [MESSAGE][PASSED] - Text '256072691' is set on object 'Object Repository/RecAndPlayBk/Page-Vlink-Debit/input_Routing Number'

2023-02-15 22:57:02 - [TEST_STEP][PASSED] - setText(findTestObject("RecAndPlayBk/Page-Vlink-Debit/input_Amount"), amount): Text '0' is set on object 'Object Repository/RecAndPlayBk/Page-Vlink-Debit/input_Amount'

2023-02-15 22:57:03 - [MESSAGE][PASSED] - Text '0' is set on object 'Object Repository/RecAndPlayBk/Page-Vlink-Debit/input_Amount'

2023-02-15 22:57:03 - [TEST_STEP][PASSED] - setText(findTestObject("RecAndPlayBk/Page-Vlink-Debit/input_Check Email"), ""): Text '' is set on object 'Object Repository/RecAndPlayBk/Page-Vlink-Debit/input_Check Email'

2023-02-15 22:57:03 - [MESSAGE][PASSED] - Text '' is set on object 'Object Repository/RecAndPlayBk/Page-Vlink-Debit/input_Check Email'

2023-02-15 22:57:03 - [TEST_STEP][PASSED] - setText(findTestObject("Object Repository/RecAndPlayBk/Page-Vlink-Debit/input_concat(CheckWriter, , s SSN)_check_ssn"), ""): Text '' is set on object 'Object Repository/RecAndPlayBk/Page-Vlink-Debit/input_concat(CheckWriter, , s SSN)_check_ssn'

2023-02-15 22:57:04 - [MESSAGE][PASSED] - Text '' is set on object 'Object Repository/RecAndPlayBk/Page-Vlink-Debit/input_concat(CheckWriter, , s SSN)_check_ssn'

2023-02-15 22:57:04 - [TEST_STEP][PASSED] - setText(findTestObject("Object Repository/RecAndPlayBk/Page-Vlink-Debit/input_concat(CheckWriter, , s License Numbe_020fef"), ""): Text '' is set on object 'Object Repository/RecAndPlayBk/Page-Vlink-Debit/input_concat(CheckWriter, , s License Numbe_020fef'

2023-02-15 22:57:04 - [MESSAGE][PASSED] - Text '' is set on object 'Object Repository/RecAndPlayBk/Page-Vlink-Debit/input_concat(CheckWriter, , s License Numbe_020fef'

2023-02-15 22:57:04 - [TEST_STEP][PASSED] - setText(findTestObject("Object Repository/RecAndPlayBk/Page-Vlink-Debit/input_concat(CheckWriter, , s License State_21e3e7"), ""): Text '' is set on object 'Object Repository/RecAndPlayBk/Page-Vlink-Debit/input_concat(CheckWriter, , s License State_21e3e7'

2023-02-15 22:57:05 - [MESSAGE][PASSED] - Text '' is set on object 'Object Repository/RecAndPlayBk/Page-Vlink-Debit/input_concat(CheckWriter, , s License State_21e3e7'

2023-02-15 22:57:05 - [TEST_STEP][PASSED] - setText(findTestObject("RecAndPlayBk/Page-Vlink-Debit/input_Standard Entry Class"), sec): Text 'WEB' is set on object 'Object Repository/RecAndPlayBk/Page-Vlink-Debit/input_Standard Entry Class'

2023-02-15 22:57:06 - [MESSAGE][PASSED] - Text 'WEB' is set on object 'Object Repository/RecAndPlayBk/Page-Vlink-Debit/input_Standard Entry Class'

2023-02-15 22:57:06 - [TEST_STEP][PASSED] - click(findTestObject("Object Repository/RecAndPlayBk/Page-Vlink-Debit/input")): Object: 'Object Repository/RecAndPlayBk/Page-Vlink-Debit/input' is clicked on

2023-02-15 22:57:06 - [MESSAGE][PASSED] - Object: 'Object Repository/RecAndPlayBk/Page-Vlink-Debit/input' is clicked on

2023-02-15 22:57:06 - [TEST_STEP][PASSED] - if (verifyTextPresent("invalid: amount", true)): null

2023-02-15 22:57:07 - [MESSAGE][PASSED] - Text 'invalid: amount' is present on page  using regular expression

2023-02-15 22:57:07 - [TEST_STEP][PASSED] - println("invalid: amount text is present on the Confirmation page"): null

2023-02-15 22:57:07 - [TEST_STEP][PASSED] - out.println("Pass Record Number: " + row): null

2023-02-15 22:57:07 - [TEST_STEP][PASSED] - resText = "Pass": null

2023-02-15 22:57:07 - [TEST_STEP][PASSED] - pages.WriteExcel.demoKey(resText, datText, resColumn, datCloumn, fileLoc, nameSheet, row): pages.WriteExcel.demoKey is PASSED

2023-02-15 22:57:07 - [MESSAGE][PASSED] - pages.WriteExcel.demoKey is PASSED

2023-02-15 22:57:07 - [TEST_STEP][PASSED] - ExecuteTC = findTestData(dataFile).getValue("Execute", row): null

2023-02-15 22:57:07 - [TEST_STEP][PASSED] - out.println("Value of Execute is : " + ExecuteTC): null

2023-02-15 22:57:07 - [TEST_STEP][PASSED] - switch (executionProfile): null

2023-02-15 22:57:07 - [TEST_STEP][PASSED] - case "QAProfile":: null

2023-02-15 22:57:07 - [TEST_STEP][PASSED] - appID = findTestData(dataFile).getValue("AppIDQA", row): null

2023-02-15 22:57:07 - [TEST_STEP][PASSED] - username = findTestData(dataFile).getValue("UsernameQA", row): null

2023-02-15 22:57:07 - [TEST_STEP][PASSED] - password = findTestData(dataFile).getValue("PasswordQA", row): null

2023-02-15 22:57:07 - [TEST_STEP][PASSED] - break: null

2023-02-15 22:57:07 - [TEST_STEP][PASSED] - if (ExecuteTC.equalsIgnoreCase("Y")): null

2023-02-15 22:57:07 - [TEST_STEP][PASSED] - out.println("Begin Record Number: " + row): null

2023-02-15 22:57:07 - [TEST_STEP][PASSED] - today = new java.util.Date(): null

2023-02-15 22:57:07 - [TEST_STEP][PASSED] - println(today): null

2023-02-15 22:57:07 - [TEST_STEP][PASSED] - datText = today: null

2023-02-15 22:57:07 - [TEST_STEP][PASSED] - checkType = findTestData(dataFile).getValue("CheckType", row): null

2023-02-15 22:57:07 - [TEST_STEP][PASSED] - acNumber = findTestData(dataFile).getValue("AcNumber", row): null

2023-02-15 22:57:07 - [TEST_STEP][PASSED] - company = findTestData(dataFile).getValue("Company", row): null

2023-02-15 22:57:07 - [TEST_STEP][PASSED] - acType = findTestData(dataFile).getValue("AcType", row): null

2023-02-15 22:57:07 - [TEST_STEP][PASSED] - rtn = findTestData(dataFile).getValue("RTN", row): null

2023-02-15 22:57:07 - [TEST_STEP][PASSED] - amount = findTestData(dataFile).getValue("Amount", row): null

2023-02-15 22:57:07 - [TEST_STEP][PASSED] - sec = findTestData(dataFile).getValue("SEC", row): null

2023-02-15 22:57:07 - [TEST_STEP][PASSED] - openBrowser(VLinkURL + "debit.html"): Browser is opened with url: 'https://dev-algorithm.govolution.com/vlinktest/QA/version_2_0/debit.html'

2023-02-15 22:57:07 - [MESSAGE][WARNING] - A browser is already opened. Closing browser and opening a new one

2023-02-15 22:57:08 - [MESSAGE][INFO] - Starting 'Chrome' driver

2023-02-15 22:57:08 - [MESSAGE][INFO] - User set preference: ['acceptInsecureCerts', 'true']

2023-02-15 22:57:08 - [MESSAGE][INFO] - Action delay is set to 0 milliseconds

2023-02-15 22:57:10 - [MESSAGE][PASSED] - Browser is opened with url: 'https://dev-algorithm.govolution.com/vlinktest/QA/version_2_0/debit.html'

2023-02-15 22:57:10 - [TEST_STEP][PASSED] - maximizeWindow(): Current window maximized

2023-02-15 22:57:10 - [MESSAGE][PASSED] - Current window maximized

2023-02-15 22:57:10 - [TEST_STEP][PASSED] - genRemID = RandomStringUtils.random(12, true, true): null

2023-02-15 22:57:10 - [TEST_STEP][PASSED] - setText(findTestObject("RecAndPlayBk/Page-Vlink-Debit/input_Remittance Id"), genRemID): Text 'PDSE1gJxZ7rf' is set on object 'Object Repository/RecAndPlayBk/Page-Vlink-Debit/input_Remittance Id'

2023-02-15 22:57:11 - [MESSAGE][PASSED] - Text 'PDSE1gJxZ7rf' is set on object 'Object Repository/RecAndPlayBk/Page-Vlink-Debit/input_Remittance Id'

2023-02-15 22:57:11 - [TEST_STEP][PASSED] - setText(findTestObject("RecAndPlayBk/Page-Vlink-Debit/input_Application Id"), appID): Text '234' is set on object 'Object Repository/RecAndPlayBk/Page-Vlink-Debit/input_Application Id'

2023-02-15 22:57:12 - [MESSAGE][PASSED] - Text '234' is set on object 'Object Repository/RecAndPlayBk/Page-Vlink-Debit/input_Application Id'

2023-02-15 22:57:12 - [TEST_STEP][PASSED] - setText(findTestObject("RecAndPlayBk/Page-Vlink-Debit/input_Username"), username): Text 'username' is set on object 'Object Repository/RecAndPlayBk/Page-Vlink-Debit/input_Username'

2023-02-15 22:57:12 - [MESSAGE][PASSED] - Text 'username' is set on object 'Object Repository/RecAndPlayBk/Page-Vlink-Debit/input_Username'

2023-02-15 22:57:12 - [TEST_STEP][PASSED] - setText(findTestObject("RecAndPlayBk/Page-Vlink-Debit/input_Password"), password): Text 'password' is set on object 'Object Repository/RecAndPlayBk/Page-Vlink-Debit/input_Password'

2023-02-15 22:57:13 - [MESSAGE][PASSED] - Text 'password' is set on object 'Object Repository/RecAndPlayBk/Page-Vlink-Debit/input_Password'

2023-02-15 22:57:13 - [TEST_STEP][PASSED] - setText(findTestObject("RecAndPlayBk/Page-Vlink-Debit/input_Check Type"), checkType): Text 'P' is set on object 'Object Repository/RecAndPlayBk/Page-Vlink-Debit/input_Check Type'

2023-02-15 22:57:14 - [MESSAGE][PASSED] - Text 'P' is set on object 'Object Repository/RecAndPlayBk/Page-Vlink-Debit/input_Check Type'

2023-02-15 22:57:14 - [TEST_STEP][PASSED] - setText(findTestObject("RecAndPlayBk/Page-Vlink-Debit/input_Account_check"), acNumber): Text '58963214' is set on object 'Object Repository/RecAndPlayBk/Page-Vlink-Debit/input_Account_check'

2023-02-15 22:57:14 - [MESSAGE][PASSED] - Text '58963214' is set on object 'Object Repository/RecAndPlayBk/Page-Vlink-Debit/input_Account_check'

2023-02-15 22:57:14 - [TEST_STEP][PASSED] - setText(findTestObject("RecAndPlayBk/Page-Vlink-Debit/input_Company_check"), company): Text '' is set on object 'Object Repository/RecAndPlayBk/Page-Vlink-Debit/input_Company_check'

2023-02-15 22:57:15 - [MESSAGE][PASSED] - Text '' is set on object 'Object Repository/RecAndPlayBk/Page-Vlink-Debit/input_Company_check'

2023-02-15 22:57:15 - [TEST_STEP][PASSED] - setText(findTestObject("RecAndPlayBk/Page-Vlink-Debit/input_Account Type"), acType): Text '2' is set on object 'Object Repository/RecAndPlayBk/Page-Vlink-Debit/input_Account Type'

2023-02-15 22:57:15 - [MESSAGE][PASSED] - Text '2' is set on object 'Object Repository/RecAndPlayBk/Page-Vlink-Debit/input_Account Type'

2023-02-15 22:57:15 - [TEST_STEP][PASSED] - setText(findTestObject("RecAndPlayBk/Page-Vlink-Debit/input_Routing Number"), rtn): Text '256072691' is set on object 'Object Repository/RecAndPlayBk/Page-Vlink-Debit/input_Routing Number'

2023-02-15 22:57:16 - [MESSAGE][PASSED] - Text '256072691' is set on object 'Object Repository/RecAndPlayBk/Page-Vlink-Debit/input_Routing Number'

2023-02-15 22:57:16 - [TEST_STEP][PASSED] - setText(findTestObject("RecAndPlayBk/Page-Vlink-Debit/input_Amount"), amount): Text '0' is set on object 'Object Repository/RecAndPlayBk/Page-Vlink-Debit/input_Amount'

2023-02-15 22:57:17 - [MESSAGE][PASSED] - Text '0' is set on object 'Object Repository/RecAndPlayBk/Page-Vlink-Debit/input_Amount'

2023-02-15 22:57:17 - [TEST_STEP][PASSED] - setText(findTestObject("RecAndPlayBk/Page-Vlink-Debit/input_Check Email"), ""): Text '' is set on object 'Object Repository/RecAndPlayBk/Page-Vlink-Debit/input_Check Email'

2023-02-15 22:57:17 - [MESSAGE][PASSED] - Text '' is set on object 'Object Repository/RecAndPlayBk/Page-Vlink-Debit/input_Check Email'

2023-02-15 22:57:17 - [TEST_STEP][PASSED] - setText(findTestObject("Object Repository/RecAndPlayBk/Page-Vlink-Debit/input_concat(CheckWriter, , s SSN)_check_ssn"), ""): Text '' is set on object 'Object Repository/RecAndPlayBk/Page-Vlink-Debit/input_concat(CheckWriter, , s SSN)_check_ssn'

2023-02-15 22:57:18 - [MESSAGE][PASSED] - Text '' is set on object 'Object Repository/RecAndPlayBk/Page-Vlink-Debit/input_concat(CheckWriter, , s SSN)_check_ssn'

2023-02-15 22:57:18 - [TEST_STEP][PASSED] - setText(findTestObject("Object Repository/RecAndPlayBk/Page-Vlink-Debit/input_concat(CheckWriter, , s License Numbe_020fef"), ""): Text '' is set on object 'Object Repository/RecAndPlayBk/Page-Vlink-Debit/input_concat(CheckWriter, , s License Numbe_020fef'

2023-02-15 22:57:19 - [MESSAGE][PASSED] - Text '' is set on object 'Object Repository/RecAndPlayBk/Page-Vlink-Debit/input_concat(CheckWriter, , s License Numbe_020fef'

2023-02-15 22:57:19 - [TEST_STEP][PASSED] - setText(findTestObject("Object Repository/RecAndPlayBk/Page-Vlink-Debit/input_concat(CheckWriter, , s License State_21e3e7"), ""): Text '' is set on object 'Object Repository/RecAndPlayBk/Page-Vlink-Debit/input_concat(CheckWriter, , s License State_21e3e7'

2023-02-15 22:57:19 - [MESSAGE][PASSED] - Text '' is set on object 'Object Repository/RecAndPlayBk/Page-Vlink-Debit/input_concat(CheckWriter, , s License State_21e3e7'

2023-02-15 22:57:19 - [TEST_STEP][PASSED] - setText(findTestObject("RecAndPlayBk/Page-Vlink-Debit/input_Standard Entry Class"), sec): Text 'TEL' is set on object 'Object Repository/RecAndPlayBk/Page-Vlink-Debit/input_Standard Entry Class'

2023-02-15 22:57:20 - [MESSAGE][PASSED] - Text 'TEL' is set on object 'Object Repository/RecAndPlayBk/Page-Vlink-Debit/input_Standard Entry Class'

2023-02-15 22:57:20 - [TEST_STEP][PASSED] - click(findTestObject("Object Repository/RecAndPlayBk/Page-Vlink-Debit/input")): Object: 'Object Repository/RecAndPlayBk/Page-Vlink-Debit/input' is clicked on

2023-02-15 22:57:21 - [MESSAGE][PASSED] - Object: 'Object Repository/RecAndPlayBk/Page-Vlink-Debit/input' is clicked on

2023-02-15 22:57:21 - [TEST_STEP][PASSED] - if (verifyTextPresent("invalid: amount", true)): null

2023-02-15 22:57:21 - [MESSAGE][PASSED] - Text 'invalid: amount' is present on page  using regular expression

2023-02-15 22:57:21 - [TEST_STEP][PASSED] - println("invalid: amount text is present on the Confirmation page"): null

2023-02-15 22:57:21 - [TEST_STEP][PASSED] - out.println("Pass Record Number: " + row): null

2023-02-15 22:57:21 - [TEST_STEP][PASSED] - resText = "Pass": null

2023-02-15 22:57:21 - [TEST_STEP][PASSED] - pages.WriteExcel.demoKey(resText, datText, resColumn, datCloumn, fileLoc, nameSheet, row): pages.WriteExcel.demoKey is PASSED

2023-02-15 22:57:21 - [MESSAGE][PASSED] - pages.WriteExcel.demoKey is PASSED

2023-02-15 22:57:21 - [TEST_STEP][PASSED] - ExecuteTC = findTestData(dataFile).getValue("Execute", row): null

2023-02-15 22:57:21 - [TEST_STEP][PASSED] - out.println("Value of Execute is : " + ExecuteTC): null

2023-02-15 22:57:21 - [TEST_STEP][PASSED] - switch (executionProfile): null

2023-02-15 22:57:21 - [TEST_STEP][PASSED] - case "QAProfile":: null

2023-02-15 22:57:21 - [TEST_STEP][PASSED] - appID = findTestData(dataFile).getValue("AppIDQA", row): null

2023-02-15 22:57:21 - [TEST_STEP][PASSED] - username = findTestData(dataFile).getValue("UsernameQA", row): null

2023-02-15 22:57:21 - [TEST_STEP][PASSED] - password = findTestData(dataFile).getValue("PasswordQA", row): null

2023-02-15 22:57:21 - [TEST_STEP][PASSED] - break: null

2023-02-15 22:57:21 - [TEST_STEP][PASSED] - if (ExecuteTC.equalsIgnoreCase("Y")): null

2023-02-15 22:57:21 - [TEST_STEP][PASSED] - out.println("Begin Record Number: " + row): null

2023-02-15 22:57:21 - [TEST_STEP][PASSED] - today = new java.util.Date(): null

2023-02-15 22:57:21 - [TEST_STEP][PASSED] - println(today): null

2023-02-15 22:57:21 - [TEST_STEP][PASSED] - datText = today: null

2023-02-15 22:57:21 - [TEST_STEP][PASSED] - checkType = findTestData(dataFile).getValue("CheckType", row): null

2023-02-15 22:57:21 - [TEST_STEP][PASSED] - acNumber = findTestData(dataFile).getValue("AcNumber", row): null

2023-02-15 22:57:21 - [TEST_STEP][PASSED] - company = findTestData(dataFile).getValue("Company", row): null

2023-02-15 22:57:21 - [TEST_STEP][PASSED] - acType = findTestData(dataFile).getValue("AcType", row): null

2023-02-15 22:57:21 - [TEST_STEP][PASSED] - rtn = findTestData(dataFile).getValue("RTN", row): null

2023-02-15 22:57:22 - [TEST_STEP][PASSED] - amount = findTestData(dataFile).getValue("Amount", row): null

2023-02-15 22:57:22 - [TEST_STEP][PASSED] - sec = findTestData(dataFile).getValue("SEC", row): null

2023-02-15 22:57:22 - [TEST_STEP][PASSED] - openBrowser(VLinkURL + "debit.html"): Browser is opened with url: 'https://dev-algorithm.govolution.com/vlinktest/QA/version_2_0/debit.html'

2023-02-15 22:57:22 - [MESSAGE][WARNING] - A browser is already opened. Closing browser and opening a new one

2023-02-15 22:57:22 - [MESSAGE][INFO] - Starting 'Chrome' driver

2023-02-15 22:57:22 - [MESSAGE][INFO] - User set preference: ['acceptInsecureCerts', 'true']

2023-02-15 22:57:22 - [MESSAGE][INFO] - Action delay is set to 0 milliseconds

2023-02-15 22:57:24 - [MESSAGE][PASSED] - Browser is opened with url: 'https://dev-algorithm.govolution.com/vlinktest/QA/version_2_0/debit.html'

2023-02-15 22:57:24 - [TEST_STEP][PASSED] - maximizeWindow(): Current window maximized

2023-02-15 22:57:24 - [MESSAGE][PASSED] - Current window maximized

2023-02-15 22:57:24 - [TEST_STEP][PASSED] - genRemID = RandomStringUtils.random(12, true, true): null

2023-02-15 22:57:24 - [TEST_STEP][PASSED] - setText(findTestObject("RecAndPlayBk/Page-Vlink-Debit/input_Remittance Id"), genRemID): Text '3xEhKQGfNBpt' is set on object 'Object Repository/RecAndPlayBk/Page-Vlink-Debit/input_Remittance Id'

2023-02-15 22:57:25 - [MESSAGE][PASSED] - Text '3xEhKQGfNBpt' is set on object 'Object Repository/RecAndPlayBk/Page-Vlink-Debit/input_Remittance Id'

2023-02-15 22:57:25 - [TEST_STEP][PASSED] - setText(findTestObject("RecAndPlayBk/Page-Vlink-Debit/input_Application Id"), appID): Text '234' is set on object 'Object Repository/RecAndPlayBk/Page-Vlink-Debit/input_Application Id'

2023-02-15 22:57:26 - [MESSAGE][PASSED] - Text '234' is set on object 'Object Repository/RecAndPlayBk/Page-Vlink-Debit/input_Application Id'

2023-02-15 22:57:26 - [TEST_STEP][PASSED] - setText(findTestObject("RecAndPlayBk/Page-Vlink-Debit/input_Username"), username): Text 'username' is set on object 'Object Repository/RecAndPlayBk/Page-Vlink-Debit/input_Username'

2023-02-15 22:57:27 - [MESSAGE][PASSED] - Text 'username' is set on object 'Object Repository/RecAndPlayBk/Page-Vlink-Debit/input_Username'

2023-02-15 22:57:27 - [TEST_STEP][PASSED] - setText(findTestObject("RecAndPlayBk/Page-Vlink-Debit/input_Password"), password): Text 'password' is set on object 'Object Repository/RecAndPlayBk/Page-Vlink-Debit/input_Password'

2023-02-15 22:57:27 - [MESSAGE][PASSED] - Text 'password' is set on object 'Object Repository/RecAndPlayBk/Page-Vlink-Debit/input_Password'

2023-02-15 22:57:27 - [TEST_STEP][PASSED] - setText(findTestObject("RecAndPlayBk/Page-Vlink-Debit/input_Check Type"), checkType): Text 'P' is set on object 'Object Repository/RecAndPlayBk/Page-Vlink-Debit/input_Check Type'

2023-02-15 22:57:28 - [MESSAGE][PASSED] - Text 'P' is set on object 'Object Repository/RecAndPlayBk/Page-Vlink-Debit/input_Check Type'

2023-02-15 22:57:28 - [TEST_STEP][PASSED] - setText(findTestObject("RecAndPlayBk/Page-Vlink-Debit/input_Account_check"), acNumber): Text '58963214' is set on object 'Object Repository/RecAndPlayBk/Page-Vlink-Debit/input_Account_check'

2023-02-15 22:57:28 - [MESSAGE][PASSED] - Text '58963214' is set on object 'Object Repository/RecAndPlayBk/Page-Vlink-Debit/input_Account_check'

2023-02-15 22:57:28 - [TEST_STEP][PASSED] - setText(findTestObject("RecAndPlayBk/Page-Vlink-Debit/input_Company_check"), company): Text '' is set on object 'Object Repository/RecAndPlayBk/Page-Vlink-Debit/input_Company_check'

2023-02-15 22:57:29 - [MESSAGE][PASSED] - Text '' is set on object 'Object Repository/RecAndPlayBk/Page-Vlink-Debit/input_Company_check'

2023-02-15 22:57:29 - [TEST_STEP][PASSED] - setText(findTestObject("RecAndPlayBk/Page-Vlink-Debit/input_Account Type"), acType): Text '2' is set on object 'Object Repository/RecAndPlayBk/Page-Vlink-Debit/input_Account Type'

2023-02-15 22:57:30 - [MESSAGE][PASSED] - Text '2' is set on object 'Object Repository/RecAndPlayBk/Page-Vlink-Debit/input_Account Type'

2023-02-15 22:57:30 - [TEST_STEP][PASSED] - setText(findTestObject("RecAndPlayBk/Page-Vlink-Debit/input_Routing Number"), rtn): Text '256072691' is set on object 'Object Repository/RecAndPlayBk/Page-Vlink-Debit/input_Routing Number'

2023-02-15 22:57:30 - [MESSAGE][PASSED] - Text '256072691' is set on object 'Object Repository/RecAndPlayBk/Page-Vlink-Debit/input_Routing Number'

2023-02-15 22:57:30 - [TEST_STEP][PASSED] - setText(findTestObject("RecAndPlayBk/Page-Vlink-Debit/input_Amount"), amount): Text '0' is set on object 'Object Repository/RecAndPlayBk/Page-Vlink-Debit/input_Amount'

2023-02-15 22:57:31 - [MESSAGE][PASSED] - Text '0' is set on object 'Object Repository/RecAndPlayBk/Page-Vlink-Debit/input_Amount'

2023-02-15 22:57:31 - [TEST_STEP][PASSED] - setText(findTestObject("RecAndPlayBk/Page-Vlink-Debit/input_Check Email"), ""): Text '' is set on object 'Object Repository/RecAndPlayBk/Page-Vlink-Debit/input_Check Email'

2023-02-15 22:57:31 - [MESSAGE][PASSED] - Text '' is set on object 'Object Repository/RecAndPlayBk/Page-Vlink-Debit/input_Check Email'

2023-02-15 22:57:31 - [TEST_STEP][PASSED] - setText(findTestObject("Object Repository/RecAndPlayBk/Page-Vlink-Debit/input_concat(CheckWriter, , s SSN)_check_ssn"), ""): Text '' is set on object 'Object Repository/RecAndPlayBk/Page-Vlink-Debit/input_concat(CheckWriter, , s SSN)_check_ssn'

2023-02-15 22:57:32 - [MESSAGE][PASSED] - Text '' is set on object 'Object Repository/RecAndPlayBk/Page-Vlink-Debit/input_concat(CheckWriter, , s SSN)_check_ssn'

2023-02-15 22:57:32 - [TEST_STEP][PASSED] - setText(findTestObject("Object Repository/RecAndPlayBk/Page-Vlink-Debit/input_concat(CheckWriter, , s License Numbe_020fef"), ""): Text '' is set on object 'Object Repository/RecAndPlayBk/Page-Vlink-Debit/input_concat(CheckWriter, , s License Numbe_020fef'

2023-02-15 22:57:33 - [MESSAGE][PASSED] - Text '' is set on object 'Object Repository/RecAndPlayBk/Page-Vlink-Debit/input_concat(CheckWriter, , s License Numbe_020fef'

2023-02-15 22:57:33 - [TEST_STEP][PASSED] - setText(findTestObject("Object Repository/RecAndPlayBk/Page-Vlink-Debit/input_concat(CheckWriter, , s License State_21e3e7"), ""): Text '' is set on object 'Object Repository/RecAndPlayBk/Page-Vlink-Debit/input_concat(CheckWriter, , s License State_21e3e7'

2023-02-15 22:57:33 - [MESSAGE][PASSED] - Text '' is set on object 'Object Repository/RecAndPlayBk/Page-Vlink-Debit/input_concat(CheckWriter, , s License State_21e3e7'

2023-02-15 22:57:33 - [TEST_STEP][PASSED] - setText(findTestObject("RecAndPlayBk/Page-Vlink-Debit/input_Standard Entry Class"), sec): Text 'PPD' is set on object 'Object Repository/RecAndPlayBk/Page-Vlink-Debit/input_Standard Entry Class'

2023-02-15 22:57:34 - [MESSAGE][PASSED] - Text 'PPD' is set on object 'Object Repository/RecAndPlayBk/Page-Vlink-Debit/input_Standard Entry Class'

2023-02-15 22:57:34 - [TEST_STEP][PASSED] - click(findTestObject("Object Repository/RecAndPlayBk/Page-Vlink-Debit/input")): Object: 'Object Repository/RecAndPlayBk/Page-Vlink-Debit/input' is clicked on

2023-02-15 22:57:35 - [MESSAGE][PASSED] - Object: 'Object Repository/RecAndPlayBk/Page-Vlink-Debit/input' is clicked on

2023-02-15 22:57:35 - [TEST_STEP][PASSED] - if (verifyTextPresent("invalid: amount", true)): null

2023-02-15 22:57:35 - [MESSAGE][PASSED] - Text 'invalid: amount' is present on page  using regular expression

2023-02-15 22:57:35 - [TEST_STEP][PASSED] - println("invalid: amount text is present on the Confirmation page"): null

2023-02-15 22:57:35 - [TEST_STEP][PASSED] - out.println("Pass Record Number: " + row): null

2023-02-15 22:57:35 - [TEST_STEP][PASSED] - resText = "Pass": null

2023-02-15 22:57:35 - [TEST_STEP][PASSED] - pages.WriteExcel.demoKey(resText, datText, resColumn, datCloumn, fileLoc, nameSheet, row): pages.WriteExcel.demoKey is PASSED

2023-02-15 22:57:35 - [MESSAGE][PASSED] - pages.WriteExcel.demoKey is PASSED

2023-02-15 22:57:35 - [TEST_STEP][PASSED] - ExecuteTC = findTestData(dataFile).getValue("Execute", row): null

2023-02-15 22:57:35 - [TEST_STEP][PASSED] - out.println("Value of Execute is : " + ExecuteTC): null

2023-02-15 22:57:35 - [TEST_STEP][PASSED] - switch (executionProfile): null

2023-02-15 22:57:35 - [TEST_STEP][PASSED] - case "QAProfile":: null

2023-02-15 22:57:35 - [TEST_STEP][PASSED] - appID = findTestData(dataFile).getValue("AppIDQA", row): null

2023-02-15 22:57:35 - [TEST_STEP][PASSED] - username = findTestData(dataFile).getValue("UsernameQA", row): null

2023-02-15 22:57:35 - [TEST_STEP][PASSED] - password = findTestData(dataFile).getValue("PasswordQA", row): null

2023-02-15 22:57:35 - [TEST_STEP][PASSED] - break: null

2023-02-15 22:57:35 - [TEST_STEP][PASSED] - if (ExecuteTC.equalsIgnoreCase("Y")): null

2023-02-15 22:57:35 - [TEST_STEP][PASSED] - out.println("Begin Record Number: " + row): null

2023-02-15 22:57:35 - [TEST_STEP][PASSED] - today = new java.util.Date(): null

2023-02-15 22:57:35 - [TEST_STEP][PASSED] - println(today): null

2023-02-15 22:57:35 - [TEST_STEP][PASSED] - datText = today: null

2023-02-15 22:57:35 - [TEST_STEP][PASSED] - checkType = findTestData(dataFile).getValue("CheckType", row): null

2023-02-15 22:57:35 - [TEST_STEP][PASSED] - acNumber = findTestData(dataFile).getValue("AcNumber", row): null

2023-02-15 22:57:35 - [TEST_STEP][PASSED] - company = findTestData(dataFile).getValue("Company", row): null

2023-02-15 22:57:35 - [TEST_STEP][PASSED] - acType = findTestData(dataFile).getValue("AcType", row): null

2023-02-15 22:57:35 - [TEST_STEP][PASSED] - rtn = findTestData(dataFile).getValue("RTN", row): null

2023-02-15 22:57:36 - [TEST_STEP][PASSED] - amount = findTestData(dataFile).getValue("Amount", row): null

2023-02-15 22:57:36 - [TEST_STEP][PASSED] - sec = findTestData(dataFile).getValue("SEC", row): null

2023-02-15 22:57:36 - [TEST_STEP][PASSED] - openBrowser(VLinkURL + "debit.html"): Browser is opened with url: 'https://dev-algorithm.govolution.com/vlinktest/QA/version_2_0/debit.html'

2023-02-15 22:57:36 - [MESSAGE][WARNING] - A browser is already opened. Closing browser and opening a new one

2023-02-15 22:57:37 - [MESSAGE][INFO] - Starting 'Chrome' driver

2023-02-15 22:57:37 - [MESSAGE][INFO] - User set preference: ['acceptInsecureCerts', 'true']

2023-02-15 22:57:37 - [MESSAGE][INFO] - Action delay is set to 0 milliseconds

2023-02-15 22:57:38 - [MESSAGE][PASSED] - Browser is opened with url: 'https://dev-algorithm.govolution.com/vlinktest/QA/version_2_0/debit.html'

2023-02-15 22:57:38 - [TEST_STEP][PASSED] - maximizeWindow(): Current window maximized

2023-02-15 22:57:39 - [MESSAGE][PASSED] - Current window maximized

2023-02-15 22:57:39 - [TEST_STEP][PASSED] - genRemID = RandomStringUtils.random(12, true, true): null

2023-02-15 22:57:39 - [TEST_STEP][PASSED] - setText(findTestObject("RecAndPlayBk/Page-Vlink-Debit/input_Remittance Id"), genRemID): Text '3AqrXTuK9PvB' is set on object 'Object Repository/RecAndPlayBk/Page-Vlink-Debit/input_Remittance Id'

2023-02-15 22:57:39 - [MESSAGE][PASSED] - Text '3AqrXTuK9PvB' is set on object 'Object Repository/RecAndPlayBk/Page-Vlink-Debit/input_Remittance Id'

2023-02-15 22:57:39 - [TEST_STEP][PASSED] - setText(findTestObject("RecAndPlayBk/Page-Vlink-Debit/input_Application Id"), appID): Text '234' is set on object 'Object Repository/RecAndPlayBk/Page-Vlink-Debit/input_Application Id'

2023-02-15 22:57:40 - [MESSAGE][PASSED] - Text '234' is set on object 'Object Repository/RecAndPlayBk/Page-Vlink-Debit/input_Application Id'

2023-02-15 22:57:40 - [TEST_STEP][PASSED] - setText(findTestObject("RecAndPlayBk/Page-Vlink-Debit/input_Username"), username): Text 'username' is set on object 'Object Repository/RecAndPlayBk/Page-Vlink-Debit/input_Username'

2023-02-15 22:57:41 - [MESSAGE][PASSED] - Text 'username' is set on object 'Object Repository/RecAndPlayBk/Page-Vlink-Debit/input_Username'

2023-02-15 22:57:41 - [TEST_STEP][PASSED] - setText(findTestObject("RecAndPlayBk/Page-Vlink-Debit/input_Password"), password): Text 'password' is set on object 'Object Repository/RecAndPlayBk/Page-Vlink-Debit/input_Password'

2023-02-15 22:57:41 - [MESSAGE][PASSED] - Text 'password' is set on object 'Object Repository/RecAndPlayBk/Page-Vlink-Debit/input_Password'

2023-02-15 22:57:41 - [TEST_STEP][PASSED] - setText(findTestObject("RecAndPlayBk/Page-Vlink-Debit/input_Check Type"), checkType): Text 'C' is set on object 'Object Repository/RecAndPlayBk/Page-Vlink-Debit/input_Check Type'

2023-02-15 22:57:42 - [MESSAGE][PASSED] - Text 'C' is set on object 'Object Repository/RecAndPlayBk/Page-Vlink-Debit/input_Check Type'

2023-02-15 22:57:42 - [TEST_STEP][PASSED] - setText(findTestObject("RecAndPlayBk/Page-Vlink-Debit/input_Account_check"), acNumber): Text '58963214' is set on object 'Object Repository/RecAndPlayBk/Page-Vlink-Debit/input_Account_check'

2023-02-15 22:57:42 - [MESSAGE][PASSED] - Text '58963214' is set on object 'Object Repository/RecAndPlayBk/Page-Vlink-Debit/input_Account_check'

2023-02-15 22:57:42 - [TEST_STEP][PASSED] - setText(findTestObject("RecAndPlayBk/Page-Vlink-Debit/input_Company_check"), company): Text 'My Company' is set on object 'Object Repository/RecAndPlayBk/Page-Vlink-Debit/input_Company_check'

2023-02-15 22:57:43 - [MESSAGE][PASSED] - Text 'My Company' is set on object 'Object Repository/RecAndPlayBk/Page-Vlink-Debit/input_Company_check'

2023-02-15 22:57:43 - [TEST_STEP][PASSED] - setText(findTestObject("RecAndPlayBk/Page-Vlink-Debit/input_Account Type"), acType): Text '' is set on object 'Object Repository/RecAndPlayBk/Page-Vlink-Debit/input_Account Type'

2023-02-15 22:57:44 - [MESSAGE][PASSED] - Text '' is set on object 'Object Repository/RecAndPlayBk/Page-Vlink-Debit/input_Account Type'

2023-02-15 22:57:44 - [TEST_STEP][PASSED] - setText(findTestObject("RecAndPlayBk/Page-Vlink-Debit/input_Routing Number"), rtn): Text '256072691' is set on object 'Object Repository/RecAndPlayBk/Page-Vlink-Debit/input_Routing Number'

2023-02-15 22:57:44 - [MESSAGE][PASSED] - Text '256072691' is set on object 'Object Repository/RecAndPlayBk/Page-Vlink-Debit/input_Routing Number'

2023-02-15 22:57:44 - [TEST_STEP][PASSED] - setText(findTestObject("RecAndPlayBk/Page-Vlink-Debit/input_Amount"), amount): Text '0' is set on object 'Object Repository/RecAndPlayBk/Page-Vlink-Debit/input_Amount'

2023-02-15 22:57:45 - [MESSAGE][PASSED] - Text '0' is set on object 'Object Repository/RecAndPlayBk/Page-Vlink-Debit/input_Amount'

2023-02-15 22:57:45 - [TEST_STEP][PASSED] - setText(findTestObject("RecAndPlayBk/Page-Vlink-Debit/input_Check Email"), ""): Text '' is set on object 'Object Repository/RecAndPlayBk/Page-Vlink-Debit/input_Check Email'

2023-02-15 22:57:45 - [MESSAGE][PASSED] - Text '' is set on object 'Object Repository/RecAndPlayBk/Page-Vlink-Debit/input_Check Email'

2023-02-15 22:57:45 - [TEST_STEP][PASSED] - setText(findTestObject("Object Repository/RecAndPlayBk/Page-Vlink-Debit/input_concat(CheckWriter, , s SSN)_check_ssn"), ""): Text '' is set on object 'Object Repository/RecAndPlayBk/Page-Vlink-Debit/input_concat(CheckWriter, , s SSN)_check_ssn'

2023-02-15 22:57:46 - [MESSAGE][PASSED] - Text '' is set on object 'Object Repository/RecAndPlayBk/Page-Vlink-Debit/input_concat(CheckWriter, , s SSN)_check_ssn'

2023-02-15 22:57:46 - [TEST_STEP][PASSED] - setText(findTestObject("Object Repository/RecAndPlayBk/Page-Vlink-Debit/input_concat(CheckWriter, , s License Numbe_020fef"), ""): Text '' is set on object 'Object Repository/RecAndPlayBk/Page-Vlink-Debit/input_concat(CheckWriter, , s License Numbe_020fef'

2023-02-15 22:57:47 - [MESSAGE][PASSED] - Text '' is set on object 'Object Repository/RecAndPlayBk/Page-Vlink-Debit/input_concat(CheckWriter, , s License Numbe_020fef'

2023-02-15 22:57:47 - [TEST_STEP][PASSED] - setText(findTestObject("Object Repository/RecAndPlayBk/Page-Vlink-Debit/input_concat(CheckWriter, , s License State_21e3e7"), ""): Text '' is set on object 'Object Repository/RecAndPlayBk/Page-Vlink-Debit/input_concat(CheckWriter, , s License State_21e3e7'

2023-02-15 22:57:47 - [MESSAGE][PASSED] - Text '' is set on object 'Object Repository/RecAndPlayBk/Page-Vlink-Debit/input_concat(CheckWriter, , s License State_21e3e7'

2023-02-15 22:57:47 - [TEST_STEP][PASSED] - setText(findTestObject("RecAndPlayBk/Page-Vlink-Debit/input_Standard Entry Class"), sec): Text 'CCD' is set on object 'Object Repository/RecAndPlayBk/Page-Vlink-Debit/input_Standard Entry Class'

2023-02-15 22:57:48 - [MESSAGE][PASSED] - Text 'CCD' is set on object 'Object Repository/RecAndPlayBk/Page-Vlink-Debit/input_Standard Entry Class'

2023-02-15 22:57:48 - [TEST_STEP][PASSED] - click(findTestObject("Object Repository/RecAndPlayBk/Page-Vlink-Debit/input")): Object: 'Object Repository/RecAndPlayBk/Page-Vlink-Debit/input' is clicked on

2023-02-15 22:57:49 - [MESSAGE][PASSED] - Object: 'Object Repository/RecAndPlayBk/Page-Vlink-Debit/input' is clicked on

2023-02-15 22:57:49 - [TEST_STEP][PASSED] - if (verifyTextPresent("invalid: amount", true)): null

2023-02-15 22:57:49 - [MESSAGE][PASSED] - Text 'invalid: amount' is present on page  using regular expression

2023-02-15 22:57:49 - [TEST_STEP][PASSED] - println("invalid: amount text is present on the Confirmation page"): null

2023-02-15 22:57:49 - [TEST_STEP][PASSED] - out.println("Pass Record Number: " + row): null

2023-02-15 22:57:49 - [TEST_STEP][PASSED] - resText = "Pass": null

2023-02-15 22:57:49 - [TEST_STEP][PASSED] - pages.WriteExcel.demoKey(resText, datText, resColumn, datCloumn, fileLoc, nameSheet, row): pages.WriteExcel.demoKey is PASSED

2023-02-15 22:57:49 - [MESSAGE][PASSED] - pages.WriteExcel.demoKey is PASSED]]></system-out>
         <system-err><![CDATA[]]></system-err>
      </testcase>
      <testcase name="Test Cases/RecAndPlayBk/VLink/Debit-Void" time="166.545" classname="Test Cases/RecAndPlayBk/VLink/Debit-Void" status="PASSED">
         <system-out><![CDATA[2023-02-15 22:57:49 - [TEST_CASE][PASSED] - Test Cases/RecAndPlayBk/VLink/Debit-Void: Test Cases/RecAndPlayBk/VLink/Debit-Void

2023-02-15 22:57:50 - [TEST_STEP][PASSED] - executionProfile = getExecutionProfile(): null

2023-02-15 22:57:50 - [TEST_STEP][PASSED] - out.println("executionProfile : " + executionProfile): null

2023-02-15 22:57:50 - [TEST_STEP][PASSED] - appName = <not implemented yet for class: org.codehaus.groovy.ast.expr.EmptyExpression>: null

2023-02-15 22:57:50 - [TEST_STEP][PASSED] - appID = <not implemented yet for class: org.codehaus.groovy.ast.expr.EmptyExpression>: null

2023-02-15 22:57:50 - [TEST_STEP][PASSED] - username = <not implemented yet for class: org.codehaus.groovy.ast.expr.EmptyExpression>: null

2023-02-15 22:57:50 - [TEST_STEP][PASSED] - password = <not implemented yet for class: org.codehaus.groovy.ast.expr.EmptyExpression>: null

2023-02-15 22:57:50 - [TEST_STEP][PASSED] - cardNameV = <not implemented yet for class: org.codehaus.groovy.ast.expr.EmptyExpression>: null

2023-02-15 22:57:50 - [TEST_STEP][PASSED] - al1V = <not implemented yet for class: org.codehaus.groovy.ast.expr.EmptyExpression>: null

2023-02-15 22:57:50 - [TEST_STEP][PASSED] - al2V = <not implemented yet for class: org.codehaus.groovy.ast.expr.EmptyExpression>: null

2023-02-15 22:57:50 - [TEST_STEP][PASSED] - zipV = <not implemented yet for class: org.codehaus.groovy.ast.expr.EmptyExpression>: null

2023-02-15 22:57:50 - [TEST_STEP][PASSED] - cardTypeV = <not implemented yet for class: org.codehaus.groovy.ast.expr.EmptyExpression>: null

2023-02-15 22:57:50 - [TEST_STEP][PASSED] - last4V = <not implemented yet for class: org.codehaus.groovy.ast.expr.EmptyExpression>: null

2023-02-15 22:57:50 - [TEST_STEP][PASSED] - resText = "Fail": null

2023-02-15 22:57:50 - [TEST_STEP][PASSED] - resColumn = "Result": null

2023-02-15 22:57:50 - [TEST_STEP][PASSED] - datCloumn = "Date": null

2023-02-15 22:57:50 - [TEST_STEP][PASSED] - fileLoc = "KatalonData/VLinkSmokeDataACH.xlsx": null

2023-02-15 22:57:50 - [TEST_STEP][PASSED] - numOfRows = <not implemented yet for class: org.codehaus.groovy.ast.expr.EmptyExpression>: null

2023-02-15 22:57:50 - [TEST_STEP][PASSED] - dataFile = <not implemented yet for class: org.codehaus.groovy.ast.expr.EmptyExpression>: null

2023-02-15 22:57:50 - [TEST_STEP][PASSED] - nameSheet = <not implemented yet for class: org.codehaus.groovy.ast.expr.EmptyExpression>: null

2023-02-15 22:57:50 - [TEST_STEP][PASSED] - nameSheet = "Debit-Void": null

2023-02-15 22:57:50 - [TEST_STEP][PASSED] - numOfRows = findTestData("QA/VLinkTestData/VLinkDebitVoidData").getRowNumbers(): null

2023-02-15 22:57:50 - [TEST_STEP][PASSED] - println("Number of Records: " + numOfRows): null

2023-02-15 22:57:50 - [TEST_STEP][PASSED] - dataFile = "QA/VLinkTestData/VLinkDebitVoidData": null

2023-02-15 22:57:50 - [TEST_STEP][PASSED] - for ([row = 1, row <= numOfRows, (row++)]): null

2023-02-15 22:57:50 - [TEST_STEP][PASSED] - ExecuteTC = findTestData(dataFile).getValue("Execute", row): null

2023-02-15 22:57:50 - [TEST_STEP][PASSED] - out.println("Value of Execute is : " + ExecuteTC): null

2023-02-15 22:57:50 - [TEST_STEP][PASSED] - switch (executionProfile): null

2023-02-15 22:57:50 - [TEST_STEP][PASSED] - case "QAProfile":: null

2023-02-15 22:57:50 - [TEST_STEP][PASSED] - appID = findTestData(dataFile).getValue("AppIDQA", row): null

2023-02-15 22:57:50 - [TEST_STEP][PASSED] - username = findTestData(dataFile).getValue("UsernameQA", row): null

2023-02-15 22:57:50 - [TEST_STEP][PASSED] - password = findTestData(dataFile).getValue("PasswordQA", row): null

2023-02-15 22:57:50 - [TEST_STEP][PASSED] - break: null

2023-02-15 22:57:50 - [TEST_STEP][PASSED] - if (ExecuteTC.equalsIgnoreCase("Y")): null

2023-02-15 22:57:50 - [TEST_STEP][PASSED] - out.println("Begin Record Number: " + row): null

2023-02-15 22:57:50 - [TEST_STEP][PASSED] - today = new java.util.Date(): null

2023-02-15 22:57:50 - [TEST_STEP][PASSED] - println(today): null

2023-02-15 22:57:50 - [TEST_STEP][PASSED] - datText = today: null

2023-02-15 22:57:50 - [TEST_STEP][PASSED] - checkType = findTestData(dataFile).getValue("CheckType", row): null

2023-02-15 22:57:50 - [TEST_STEP][PASSED] - acNumber = findTestData(dataFile).getValue("AcNumber", row): null

2023-02-15 22:57:50 - [TEST_STEP][PASSED] - company = findTestData(dataFile).getValue("Company", row): null

2023-02-15 22:57:50 - [TEST_STEP][PASSED] - acType = findTestData(dataFile).getValue("AcType", row): null

2023-02-15 22:57:50 - [TEST_STEP][PASSED] - rtn = findTestData(dataFile).getValue("RTN", row): null

2023-02-15 22:57:50 - [TEST_STEP][PASSED] - amount = findTestData(dataFile).getValue("Amount", row): null

2023-02-15 22:57:50 - [TEST_STEP][PASSED] - sec = findTestData(dataFile).getValue("SEC", row): null

2023-02-15 22:57:50 - [TEST_STEP][PASSED] - openBrowser(VLinkURL + "debit.html"): Browser is opened with url: 'https://dev-algorithm.govolution.com/vlinktest/QA/version_2_0/debit.html'

2023-02-15 22:57:50 - [MESSAGE][WARNING] - A browser is already opened. Closing browser and opening a new one

2023-02-15 22:57:51 - [MESSAGE][INFO] - Starting 'Chrome' driver

2023-02-15 22:57:51 - [MESSAGE][INFO] - User set preference: ['acceptInsecureCerts', 'true']

2023-02-15 22:57:51 - [MESSAGE][INFO] - Action delay is set to 0 milliseconds

2023-02-15 22:57:53 - [MESSAGE][PASSED] - Browser is opened with url: 'https://dev-algorithm.govolution.com/vlinktest/QA/version_2_0/debit.html'

2023-02-15 22:57:53 - [TEST_STEP][PASSED] - maximizeWindow(): Current window maximized

2023-02-15 22:57:53 - [MESSAGE][PASSED] - Current window maximized

2023-02-15 22:57:53 - [TEST_STEP][PASSED] - genRemID = RandomStringUtils.random(12, true, true): null

2023-02-15 22:57:53 - [TEST_STEP][PASSED] - setText(findTestObject("RecAndPlayBk/Page-Vlink-Debit/input_Remittance Id"), genRemID): Text '3bfU8dczTQuu' is set on object 'Object Repository/RecAndPlayBk/Page-Vlink-Debit/input_Remittance Id'

2023-02-15 22:57:54 - [MESSAGE][PASSED] - Text '3bfU8dczTQuu' is set on object 'Object Repository/RecAndPlayBk/Page-Vlink-Debit/input_Remittance Id'

2023-02-15 22:57:54 - [TEST_STEP][PASSED] - setText(findTestObject("RecAndPlayBk/Page-Vlink-Debit/input_Application Id"), appID): Text '234' is set on object 'Object Repository/RecAndPlayBk/Page-Vlink-Debit/input_Application Id'

2023-02-15 22:57:54 - [MESSAGE][PASSED] - Text '234' is set on object 'Object Repository/RecAndPlayBk/Page-Vlink-Debit/input_Application Id'

2023-02-15 22:57:54 - [TEST_STEP][PASSED] - setText(findTestObject("RecAndPlayBk/Page-Vlink-Debit/input_Username"), username): Text 'username' is set on object 'Object Repository/RecAndPlayBk/Page-Vlink-Debit/input_Username'

2023-02-15 22:57:55 - [MESSAGE][PASSED] - Text 'username' is set on object 'Object Repository/RecAndPlayBk/Page-Vlink-Debit/input_Username'

2023-02-15 22:57:55 - [TEST_STEP][PASSED] - setText(findTestObject("RecAndPlayBk/Page-Vlink-Debit/input_Password"), password): Text 'password' is set on object 'Object Repository/RecAndPlayBk/Page-Vlink-Debit/input_Password'

2023-02-15 22:57:56 - [MESSAGE][PASSED] - Text 'password' is set on object 'Object Repository/RecAndPlayBk/Page-Vlink-Debit/input_Password'

2023-02-15 22:57:56 - [TEST_STEP][PASSED] - setText(findTestObject("RecAndPlayBk/Page-Vlink-Debit/input_Check Type"), checkType): Text 'P' is set on object 'Object Repository/RecAndPlayBk/Page-Vlink-Debit/input_Check Type'

2023-02-15 22:57:56 - [MESSAGE][PASSED] - Text 'P' is set on object 'Object Repository/RecAndPlayBk/Page-Vlink-Debit/input_Check Type'

2023-02-15 22:57:56 - [TEST_STEP][PASSED] - setText(findTestObject("RecAndPlayBk/Page-Vlink-Debit/input_Account_check"), acNumber): Text '58963214' is set on object 'Object Repository/RecAndPlayBk/Page-Vlink-Debit/input_Account_check'

2023-02-15 22:57:57 - [MESSAGE][PASSED] - Text '58963214' is set on object 'Object Repository/RecAndPlayBk/Page-Vlink-Debit/input_Account_check'

2023-02-15 22:57:57 - [TEST_STEP][PASSED] - setText(findTestObject("RecAndPlayBk/Page-Vlink-Debit/input_Company_check"), company): Text '' is set on object 'Object Repository/RecAndPlayBk/Page-Vlink-Debit/input_Company_check'

2023-02-15 22:57:58 - [MESSAGE][PASSED] - Text '' is set on object 'Object Repository/RecAndPlayBk/Page-Vlink-Debit/input_Company_check'

2023-02-15 22:57:58 - [TEST_STEP][PASSED] - setText(findTestObject("RecAndPlayBk/Page-Vlink-Debit/input_Account Type"), acType): Text '1' is set on object 'Object Repository/RecAndPlayBk/Page-Vlink-Debit/input_Account Type'

2023-02-15 22:57:58 - [MESSAGE][PASSED] - Text '1' is set on object 'Object Repository/RecAndPlayBk/Page-Vlink-Debit/input_Account Type'

2023-02-15 22:57:58 - [TEST_STEP][PASSED] - setText(findTestObject("RecAndPlayBk/Page-Vlink-Debit/input_Routing Number"), rtn): Text '256072691' is set on object 'Object Repository/RecAndPlayBk/Page-Vlink-Debit/input_Routing Number'

2023-02-15 22:57:59 - [MESSAGE][PASSED] - Text '256072691' is set on object 'Object Repository/RecAndPlayBk/Page-Vlink-Debit/input_Routing Number'

2023-02-15 22:57:59 - [TEST_STEP][PASSED] - setText(findTestObject("RecAndPlayBk/Page-Vlink-Debit/input_Amount"), amount): Text '12.50' is set on object 'Object Repository/RecAndPlayBk/Page-Vlink-Debit/input_Amount'

2023-02-15 22:57:59 - [MESSAGE][PASSED] - Text '12.50' is set on object 'Object Repository/RecAndPlayBk/Page-Vlink-Debit/input_Amount'

2023-02-15 22:57:59 - [TEST_STEP][PASSED] - setText(findTestObject("RecAndPlayBk/Page-Vlink-Debit/input_Check Email"), ""): Text '' is set on object 'Object Repository/RecAndPlayBk/Page-Vlink-Debit/input_Check Email'

2023-02-15 22:58:00 - [MESSAGE][PASSED] - Text '' is set on object 'Object Repository/RecAndPlayBk/Page-Vlink-Debit/input_Check Email'

2023-02-15 22:58:00 - [TEST_STEP][PASSED] - setText(findTestObject("Object Repository/RecAndPlayBk/Page-Vlink-Debit/input_concat(CheckWriter, , s SSN)_check_ssn"), ""): Text '' is set on object 'Object Repository/RecAndPlayBk/Page-Vlink-Debit/input_concat(CheckWriter, , s SSN)_check_ssn'

2023-02-15 22:58:01 - [MESSAGE][PASSED] - Text '' is set on object 'Object Repository/RecAndPlayBk/Page-Vlink-Debit/input_concat(CheckWriter, , s SSN)_check_ssn'

2023-02-15 22:58:01 - [TEST_STEP][PASSED] - setText(findTestObject("Object Repository/RecAndPlayBk/Page-Vlink-Debit/input_concat(CheckWriter, , s License Numbe_020fef"), ""): Text '' is set on object 'Object Repository/RecAndPlayBk/Page-Vlink-Debit/input_concat(CheckWriter, , s License Numbe_020fef'

2023-02-15 22:58:01 - [MESSAGE][PASSED] - Text '' is set on object 'Object Repository/RecAndPlayBk/Page-Vlink-Debit/input_concat(CheckWriter, , s License Numbe_020fef'

2023-02-15 22:58:01 - [TEST_STEP][PASSED] - setText(findTestObject("Object Repository/RecAndPlayBk/Page-Vlink-Debit/input_concat(CheckWriter, , s License State_21e3e7"), ""): Text '' is set on object 'Object Repository/RecAndPlayBk/Page-Vlink-Debit/input_concat(CheckWriter, , s License State_21e3e7'

2023-02-15 22:58:02 - [MESSAGE][PASSED] - Text '' is set on object 'Object Repository/RecAndPlayBk/Page-Vlink-Debit/input_concat(CheckWriter, , s License State_21e3e7'

2023-02-15 22:58:02 - [TEST_STEP][PASSED] - setText(findTestObject("RecAndPlayBk/Page-Vlink-Debit/input_Standard Entry Class"), sec): Text 'WEB' is set on object 'Object Repository/RecAndPlayBk/Page-Vlink-Debit/input_Standard Entry Class'

2023-02-15 22:58:03 - [MESSAGE][PASSED] - Text 'WEB' is set on object 'Object Repository/RecAndPlayBk/Page-Vlink-Debit/input_Standard Entry Class'

2023-02-15 22:58:03 - [TEST_STEP][PASSED] - click(findTestObject("Object Repository/RecAndPlayBk/Page-Vlink-Debit/input")): Object: 'Object Repository/RecAndPlayBk/Page-Vlink-Debit/input' is clicked on

2023-02-15 22:58:03 - [MESSAGE][PASSED] - Object: 'Object Repository/RecAndPlayBk/Page-Vlink-Debit/input' is clicked on

2023-02-15 22:58:03 - [TEST_STEP][PASSED] - if (verifyTextPresent("Transaction approved, no errors", true)): null

2023-02-15 22:58:04 - [MESSAGE][PASSED] - Text 'Transaction approved, no errors' is present on page  using regular expression

2023-02-15 22:58:04 - [TEST_STEP][PASSED] - println("Transaction Approved, no errors text is present on the Confirmation page"): null

2023-02-15 22:58:04 - [TEST_STEP][PASSED] - sdfo = getText(findTestObject("Object Repository/Page_VLinkReceipt/pre_STX")): Text of object 'Object Repository/Page_VLinkReceipt/pre_STX' is: '<STX>3bfU8dczTQuu                  12126698            0  Transaction approved, no errors                   0                                                                                                              <ETX>'

2023-02-15 22:58:04 - [MESSAGE][PASSED] - Text of object 'Object Repository/Page_VLinkReceipt/pre_STX' is: '<STX>3bfU8dczTQuu                  12126698            0  Transaction approved, no errors                   0                                                                                                              <ETX>'

2023-02-15 22:58:04 - [TEST_STEP][PASSED] - out.println("sdfo: " + sdfo): null

2023-02-15 22:58:04 - [TEST_STEP][PASSED] - remID = substring(5, 35).trim(): null

2023-02-15 22:58:04 - [TEST_STEP][PASSED] - out.println("remID: " + remID): null

2023-02-15 22:58:04 - [TEST_STEP][PASSED] - traxID = substring(35, 55).trim(): null

2023-02-15 22:58:04 - [TEST_STEP][PASSED] - out.println("traxID: " + traxID): null

2023-02-15 22:58:04 - [TEST_STEP][PASSED] - VLinkSaleRemID = remID: null

2023-02-15 22:58:04 - [TEST_STEP][PASSED] - VLinkSaleTranxID = traxID: null

2023-02-15 22:58:04 - [TEST_STEP][PASSED] - openBrowser(VLinkURL + "ACH_void.html"): Browser is opened with url: 'https://dev-algorithm.govolution.com/vlinktest/QA/version_2_0/ACH_void.html'

2023-02-15 22:58:04 - [MESSAGE][WARNING] - A browser is already opened. Closing browser and opening a new one

2023-02-15 22:58:05 - [MESSAGE][INFO] - Starting 'Chrome' driver

2023-02-15 22:58:05 - [MESSAGE][INFO] - User set preference: ['acceptInsecureCerts', 'true']

2023-02-15 22:58:05 - [MESSAGE][INFO] - Action delay is set to 0 milliseconds

2023-02-15 22:58:07 - [MESSAGE][PASSED] - Browser is opened with url: 'https://dev-algorithm.govolution.com/vlinktest/QA/version_2_0/ACH_void.html'

2023-02-15 22:58:07 - [TEST_STEP][PASSED] - maximizeWindow(): Current window maximized

2023-02-15 22:58:07 - [MESSAGE][PASSED] - Current window maximized

2023-02-15 22:58:07 - [TEST_STEP][PASSED] - setText(findTestObject("Object Repository/RecAndPlayBk/Page-Vlink-ACH-Void/input_Remittance Id"), VLinkSaleRemID): Text '3bfU8dczTQuu' is set on object 'Object Repository/RecAndPlayBk/Page-Vlink-ACH-Void/input_Remittance Id'

2023-02-15 22:58:08 - [MESSAGE][PASSED] - Text '3bfU8dczTQuu' is set on object 'Object Repository/RecAndPlayBk/Page-Vlink-ACH-Void/input_Remittance Id'

2023-02-15 22:58:08 - [TEST_STEP][PASSED] - setText(findTestObject("Object Repository/RecAndPlayBk/Page-Vlink-ACH-Void/input_Application Id"), appID): Text '234' is set on object 'Object Repository/RecAndPlayBk/Page-Vlink-ACH-Void/input_Application Id'

2023-02-15 22:58:08 - [MESSAGE][PASSED] - Text '234' is set on object 'Object Repository/RecAndPlayBk/Page-Vlink-ACH-Void/input_Application Id'

2023-02-15 22:58:08 - [TEST_STEP][PASSED] - setText(findTestObject("Object Repository/RecAndPlayBk/Page-Vlink-ACH-Void/input_Username"), username): Text 'username' is set on object 'Object Repository/RecAndPlayBk/Page-Vlink-ACH-Void/input_Username'

2023-02-15 22:58:09 - [MESSAGE][PASSED] - Text 'username' is set on object 'Object Repository/RecAndPlayBk/Page-Vlink-ACH-Void/input_Username'

2023-02-15 22:58:09 - [TEST_STEP][PASSED] - setText(findTestObject("Object Repository/RecAndPlayBk/Page-Vlink-ACH-Void/input_Password"), password): Text 'password' is set on object 'Object Repository/RecAndPlayBk/Page-Vlink-ACH-Void/input_Password'

2023-02-15 22:58:09 - [MESSAGE][PASSED] - Text 'password' is set on object 'Object Repository/RecAndPlayBk/Page-Vlink-ACH-Void/input_Password'

2023-02-15 22:58:09 - [TEST_STEP][PASSED] - setText(findTestObject("Object Repository/RecAndPlayBk/Page-Vlink-ACH-Void/input_Check Type"), checkType): Text 'P' is set on object 'Object Repository/RecAndPlayBk/Page-Vlink-ACH-Void/input_Check Type'

2023-02-15 22:58:10 - [MESSAGE][PASSED] - Text 'P' is set on object 'Object Repository/RecAndPlayBk/Page-Vlink-ACH-Void/input_Check Type'

2023-02-15 22:58:10 - [TEST_STEP][PASSED] - setText(findTestObject("Object Repository/RecAndPlayBk/Page-Vlink-ACH-Void/input_Standard Entry Class"), sec): Text 'WEB' is set on object 'Object Repository/RecAndPlayBk/Page-Vlink-ACH-Void/input_Standard Entry Class'

2023-02-15 22:58:11 - [MESSAGE][PASSED] - Text 'WEB' is set on object 'Object Repository/RecAndPlayBk/Page-Vlink-ACH-Void/input_Standard Entry Class'

2023-02-15 22:58:11 - [TEST_STEP][PASSED] - setText(findTestObject("Object Repository/RecAndPlayBk/Page-Vlink-ACH-Void/input_Transaction ID"), VLinkSaleTranxID): Text '12126698' is set on object 'Object Repository/RecAndPlayBk/Page-Vlink-ACH-Void/input_Transaction ID'

2023-02-15 22:58:11 - [MESSAGE][PASSED] - Text '12126698' is set on object 'Object Repository/RecAndPlayBk/Page-Vlink-ACH-Void/input_Transaction ID'

2023-02-15 22:58:11 - [TEST_STEP][PASSED] - setText(findTestObject("Object Repository/RecAndPlayBk/Page-Vlink-ACH-Void/input_Original Transaction Type"), "200"): Text '200' is set on object 'Object Repository/RecAndPlayBk/Page-Vlink-ACH-Void/input_Original Transaction Type'

2023-02-15 22:58:12 - [MESSAGE][PASSED] - Text '200' is set on object 'Object Repository/RecAndPlayBk/Page-Vlink-ACH-Void/input_Original Transaction Type'

2023-02-15 22:58:12 - [TEST_STEP][PASSED] - click(findTestObject("Object Repository/RecAndPlayBk/Page-Vlink-ACH-Void/input")): Object: 'Object Repository/RecAndPlayBk/Page-Vlink-ACH-Void/input' is clicked on

2023-02-15 22:58:13 - [MESSAGE][PASSED] - Object: 'Object Repository/RecAndPlayBk/Page-Vlink-ACH-Void/input' is clicked on

2023-02-15 22:58:13 - [TEST_STEP][PASSED] - if (verifyTextPresent("Transaction approved, no errors", true)): null

2023-02-15 22:58:13 - [MESSAGE][PASSED] - Text 'Transaction approved, no errors' is present on page  using regular expression

2023-02-15 22:58:13 - [TEST_STEP][PASSED] - println("Transaction Approved, no errors text is present on the Confirmation page"): null

2023-02-15 22:58:13 - [TEST_STEP][PASSED] - out.println("Pass Record Number: " + row): null

2023-02-15 22:58:13 - [TEST_STEP][PASSED] - resText = "Pass": null

2023-02-15 22:58:13 - [TEST_STEP][PASSED] - pages.WriteExcel.demoKey(resText, datText, resColumn, datCloumn, fileLoc, nameSheet, row): pages.WriteExcel.demoKey is PASSED

2023-02-15 22:58:13 - [MESSAGE][PASSED] - pages.WriteExcel.demoKey is PASSED

2023-02-15 22:58:13 - [TEST_STEP][PASSED] - ExecuteTC = findTestData(dataFile).getValue("Execute", row): null

2023-02-15 22:58:13 - [TEST_STEP][PASSED] - out.println("Value of Execute is : " + ExecuteTC): null

2023-02-15 22:58:13 - [TEST_STEP][PASSED] - switch (executionProfile): null

2023-02-15 22:58:13 - [TEST_STEP][PASSED] - case "QAProfile":: null

2023-02-15 22:58:13 - [TEST_STEP][PASSED] - appID = findTestData(dataFile).getValue("AppIDQA", row): null

2023-02-15 22:58:13 - [TEST_STEP][PASSED] - username = findTestData(dataFile).getValue("UsernameQA", row): null

2023-02-15 22:58:13 - [TEST_STEP][PASSED] - password = findTestData(dataFile).getValue("PasswordQA", row): null

2023-02-15 22:58:13 - [TEST_STEP][PASSED] - break: null

2023-02-15 22:58:13 - [TEST_STEP][PASSED] - if (ExecuteTC.equalsIgnoreCase("Y")): null

2023-02-15 22:58:13 - [TEST_STEP][PASSED] - out.println("Begin Record Number: " + row): null

2023-02-15 22:58:13 - [TEST_STEP][PASSED] - today = new java.util.Date(): null

2023-02-15 22:58:13 - [TEST_STEP][PASSED] - println(today): null

2023-02-15 22:58:13 - [TEST_STEP][PASSED] - datText = today: null

2023-02-15 22:58:13 - [TEST_STEP][PASSED] - checkType = findTestData(dataFile).getValue("CheckType", row): null

2023-02-15 22:58:13 - [TEST_STEP][PASSED] - acNumber = findTestData(dataFile).getValue("AcNumber", row): null

2023-02-15 22:58:13 - [TEST_STEP][PASSED] - company = findTestData(dataFile).getValue("Company", row): null

2023-02-15 22:58:14 - [TEST_STEP][PASSED] - acType = findTestData(dataFile).getValue("AcType", row): null

2023-02-15 22:58:14 - [TEST_STEP][PASSED] - rtn = findTestData(dataFile).getValue("RTN", row): null

2023-02-15 22:58:14 - [TEST_STEP][PASSED] - amount = findTestData(dataFile).getValue("Amount", row): null

2023-02-15 22:58:14 - [TEST_STEP][PASSED] - sec = findTestData(dataFile).getValue("SEC", row): null

2023-02-15 22:58:14 - [TEST_STEP][PASSED] - openBrowser(VLinkURL + "debit.html"): Browser is opened with url: 'https://dev-algorithm.govolution.com/vlinktest/QA/version_2_0/debit.html'

2023-02-15 22:58:14 - [MESSAGE][WARNING] - A browser is already opened. Closing browser and opening a new one

2023-02-15 22:58:15 - [MESSAGE][INFO] - Starting 'Chrome' driver

2023-02-15 22:58:15 - [MESSAGE][INFO] - User set preference: ['acceptInsecureCerts', 'true']

2023-02-15 22:58:15 - [MESSAGE][INFO] - Action delay is set to 0 milliseconds

2023-02-15 22:58:16 - [MESSAGE][PASSED] - Browser is opened with url: 'https://dev-algorithm.govolution.com/vlinktest/QA/version_2_0/debit.html'

2023-02-15 22:58:16 - [TEST_STEP][PASSED] - maximizeWindow(): Current window maximized

2023-02-15 22:58:17 - [MESSAGE][PASSED] - Current window maximized

2023-02-15 22:58:17 - [TEST_STEP][PASSED] - genRemID = RandomStringUtils.random(12, true, true): null

2023-02-15 22:58:17 - [TEST_STEP][PASSED] - setText(findTestObject("RecAndPlayBk/Page-Vlink-Debit/input_Remittance Id"), genRemID): Text 'GZ68ifn74agA' is set on object 'Object Repository/RecAndPlayBk/Page-Vlink-Debit/input_Remittance Id'

2023-02-15 22:58:17 - [MESSAGE][PASSED] - Text 'GZ68ifn74agA' is set on object 'Object Repository/RecAndPlayBk/Page-Vlink-Debit/input_Remittance Id'

2023-02-15 22:58:17 - [TEST_STEP][PASSED] - setText(findTestObject("RecAndPlayBk/Page-Vlink-Debit/input_Application Id"), appID): Text '234' is set on object 'Object Repository/RecAndPlayBk/Page-Vlink-Debit/input_Application Id'

2023-02-15 22:58:18 - [MESSAGE][PASSED] - Text '234' is set on object 'Object Repository/RecAndPlayBk/Page-Vlink-Debit/input_Application Id'

2023-02-15 22:58:18 - [TEST_STEP][PASSED] - setText(findTestObject("RecAndPlayBk/Page-Vlink-Debit/input_Username"), username): Text 'username' is set on object 'Object Repository/RecAndPlayBk/Page-Vlink-Debit/input_Username'

2023-02-15 22:58:19 - [MESSAGE][PASSED] - Text 'username' is set on object 'Object Repository/RecAndPlayBk/Page-Vlink-Debit/input_Username'

2023-02-15 22:58:19 - [TEST_STEP][PASSED] - setText(findTestObject("RecAndPlayBk/Page-Vlink-Debit/input_Password"), password): Text 'password' is set on object 'Object Repository/RecAndPlayBk/Page-Vlink-Debit/input_Password'

2023-02-15 22:58:19 - [MESSAGE][PASSED] - Text 'password' is set on object 'Object Repository/RecAndPlayBk/Page-Vlink-Debit/input_Password'

2023-02-15 22:58:19 - [TEST_STEP][PASSED] - setText(findTestObject("RecAndPlayBk/Page-Vlink-Debit/input_Check Type"), checkType): Text 'P' is set on object 'Object Repository/RecAndPlayBk/Page-Vlink-Debit/input_Check Type'

2023-02-15 22:58:20 - [MESSAGE][PASSED] - Text 'P' is set on object 'Object Repository/RecAndPlayBk/Page-Vlink-Debit/input_Check Type'

2023-02-15 22:58:20 - [TEST_STEP][PASSED] - setText(findTestObject("RecAndPlayBk/Page-Vlink-Debit/input_Account_check"), acNumber): Text '58963214' is set on object 'Object Repository/RecAndPlayBk/Page-Vlink-Debit/input_Account_check'

2023-02-15 22:58:21 - [MESSAGE][PASSED] - Text '58963214' is set on object 'Object Repository/RecAndPlayBk/Page-Vlink-Debit/input_Account_check'

2023-02-15 22:58:21 - [TEST_STEP][PASSED] - setText(findTestObject("RecAndPlayBk/Page-Vlink-Debit/input_Company_check"), company): Text '' is set on object 'Object Repository/RecAndPlayBk/Page-Vlink-Debit/input_Company_check'

2023-02-15 22:58:21 - [MESSAGE][PASSED] - Text '' is set on object 'Object Repository/RecAndPlayBk/Page-Vlink-Debit/input_Company_check'

2023-02-15 22:58:21 - [TEST_STEP][PASSED] - setText(findTestObject("RecAndPlayBk/Page-Vlink-Debit/input_Account Type"), acType): Text '1' is set on object 'Object Repository/RecAndPlayBk/Page-Vlink-Debit/input_Account Type'

2023-02-15 22:58:22 - [MESSAGE][PASSED] - Text '1' is set on object 'Object Repository/RecAndPlayBk/Page-Vlink-Debit/input_Account Type'

2023-02-15 22:58:22 - [TEST_STEP][PASSED] - setText(findTestObject("RecAndPlayBk/Page-Vlink-Debit/input_Routing Number"), rtn): Text '256072691' is set on object 'Object Repository/RecAndPlayBk/Page-Vlink-Debit/input_Routing Number'

2023-02-15 22:58:22 - [MESSAGE][PASSED] - Text '256072691' is set on object 'Object Repository/RecAndPlayBk/Page-Vlink-Debit/input_Routing Number'

2023-02-15 22:58:22 - [TEST_STEP][PASSED] - setText(findTestObject("RecAndPlayBk/Page-Vlink-Debit/input_Amount"), amount): Text '12.50' is set on object 'Object Repository/RecAndPlayBk/Page-Vlink-Debit/input_Amount'

2023-02-15 22:58:23 - [MESSAGE][PASSED] - Text '12.50' is set on object 'Object Repository/RecAndPlayBk/Page-Vlink-Debit/input_Amount'

2023-02-15 22:58:23 - [TEST_STEP][PASSED] - setText(findTestObject("RecAndPlayBk/Page-Vlink-Debit/input_Check Email"), ""): Text '' is set on object 'Object Repository/RecAndPlayBk/Page-Vlink-Debit/input_Check Email'

2023-02-15 22:58:24 - [MESSAGE][PASSED] - Text '' is set on object 'Object Repository/RecAndPlayBk/Page-Vlink-Debit/input_Check Email'

2023-02-15 22:58:24 - [TEST_STEP][PASSED] - setText(findTestObject("Object Repository/RecAndPlayBk/Page-Vlink-Debit/input_concat(CheckWriter, , s SSN)_check_ssn"), ""): Text '' is set on object 'Object Repository/RecAndPlayBk/Page-Vlink-Debit/input_concat(CheckWriter, , s SSN)_check_ssn'

2023-02-15 22:58:24 - [MESSAGE][PASSED] - Text '' is set on object 'Object Repository/RecAndPlayBk/Page-Vlink-Debit/input_concat(CheckWriter, , s SSN)_check_ssn'

2023-02-15 22:58:24 - [TEST_STEP][PASSED] - setText(findTestObject("Object Repository/RecAndPlayBk/Page-Vlink-Debit/input_concat(CheckWriter, , s License Numbe_020fef"), ""): Text '' is set on object 'Object Repository/RecAndPlayBk/Page-Vlink-Debit/input_concat(CheckWriter, , s License Numbe_020fef'

2023-02-15 22:58:25 - [MESSAGE][PASSED] - Text '' is set on object 'Object Repository/RecAndPlayBk/Page-Vlink-Debit/input_concat(CheckWriter, , s License Numbe_020fef'

2023-02-15 22:58:25 - [TEST_STEP][PASSED] - setText(findTestObject("Object Repository/RecAndPlayBk/Page-Vlink-Debit/input_concat(CheckWriter, , s License State_21e3e7"), ""): Text '' is set on object 'Object Repository/RecAndPlayBk/Page-Vlink-Debit/input_concat(CheckWriter, , s License State_21e3e7'

2023-02-15 22:58:26 - [MESSAGE][PASSED] - Text '' is set on object 'Object Repository/RecAndPlayBk/Page-Vlink-Debit/input_concat(CheckWriter, , s License State_21e3e7'

2023-02-15 22:58:26 - [TEST_STEP][PASSED] - setText(findTestObject("RecAndPlayBk/Page-Vlink-Debit/input_Standard Entry Class"), sec): Text 'TEL' is set on object 'Object Repository/RecAndPlayBk/Page-Vlink-Debit/input_Standard Entry Class'

2023-02-15 22:58:26 - [MESSAGE][PASSED] - Text 'TEL' is set on object 'Object Repository/RecAndPlayBk/Page-Vlink-Debit/input_Standard Entry Class'

2023-02-15 22:58:26 - [TEST_STEP][PASSED] - click(findTestObject("Object Repository/RecAndPlayBk/Page-Vlink-Debit/input")): Object: 'Object Repository/RecAndPlayBk/Page-Vlink-Debit/input' is clicked on

2023-02-15 22:58:27 - [MESSAGE][PASSED] - Object: 'Object Repository/RecAndPlayBk/Page-Vlink-Debit/input' is clicked on

2023-02-15 22:58:27 - [TEST_STEP][PASSED] - if (verifyTextPresent("Transaction approved, no errors", true)): null

2023-02-15 22:58:27 - [MESSAGE][PASSED] - Text 'Transaction approved, no errors' is present on page  using regular expression

2023-02-15 22:58:27 - [TEST_STEP][PASSED] - println("Transaction Approved, no errors text is present on the Confirmation page"): null

2023-02-15 22:58:27 - [TEST_STEP][PASSED] - sdfo = getText(findTestObject("Object Repository/Page_VLinkReceipt/pre_STX")): Text of object 'Object Repository/Page_VLinkReceipt/pre_STX' is: '<STX>GZ68ifn74agA                  12126700            0  Transaction approved, no errors                   0                                                                                                              <ETX>'

2023-02-15 22:58:28 - [MESSAGE][PASSED] - Text of object 'Object Repository/Page_VLinkReceipt/pre_STX' is: '<STX>GZ68ifn74agA                  12126700            0  Transaction approved, no errors                   0                                                                                                              <ETX>'

2023-02-15 22:58:28 - [TEST_STEP][PASSED] - out.println("sdfo: " + sdfo): null

2023-02-15 22:58:28 - [TEST_STEP][PASSED] - remID = substring(5, 35).trim(): null

2023-02-15 22:58:28 - [TEST_STEP][PASSED] - out.println("remID: " + remID): null

2023-02-15 22:58:28 - [TEST_STEP][PASSED] - traxID = substring(35, 55).trim(): null

2023-02-15 22:58:28 - [TEST_STEP][PASSED] - out.println("traxID: " + traxID): null

2023-02-15 22:58:28 - [TEST_STEP][PASSED] - VLinkSaleRemID = remID: null

2023-02-15 22:58:28 - [TEST_STEP][PASSED] - VLinkSaleTranxID = traxID: null

2023-02-15 22:58:28 - [TEST_STEP][PASSED] - openBrowser(VLinkURL + "ACH_void.html"): Browser is opened with url: 'https://dev-algorithm.govolution.com/vlinktest/QA/version_2_0/ACH_void.html'

2023-02-15 22:58:28 - [MESSAGE][WARNING] - A browser is already opened. Closing browser and opening a new one

2023-02-15 22:58:29 - [MESSAGE][INFO] - Starting 'Chrome' driver

2023-02-15 22:58:29 - [MESSAGE][INFO] - User set preference: ['acceptInsecureCerts', 'true']

2023-02-15 22:58:29 - [MESSAGE][INFO] - Action delay is set to 0 milliseconds

2023-02-15 22:58:30 - [MESSAGE][PASSED] - Browser is opened with url: 'https://dev-algorithm.govolution.com/vlinktest/QA/version_2_0/ACH_void.html'

2023-02-15 22:58:30 - [TEST_STEP][PASSED] - maximizeWindow(): Current window maximized

2023-02-15 22:58:31 - [MESSAGE][PASSED] - Current window maximized

2023-02-15 22:58:31 - [TEST_STEP][PASSED] - setText(findTestObject("Object Repository/RecAndPlayBk/Page-Vlink-ACH-Void/input_Remittance Id"), VLinkSaleRemID): Text 'GZ68ifn74agA' is set on object 'Object Repository/RecAndPlayBk/Page-Vlink-ACH-Void/input_Remittance Id'

2023-02-15 22:58:31 - [MESSAGE][PASSED] - Text 'GZ68ifn74agA' is set on object 'Object Repository/RecAndPlayBk/Page-Vlink-ACH-Void/input_Remittance Id'

2023-02-15 22:58:31 - [TEST_STEP][PASSED] - setText(findTestObject("Object Repository/RecAndPlayBk/Page-Vlink-ACH-Void/input_Application Id"), appID): Text '234' is set on object 'Object Repository/RecAndPlayBk/Page-Vlink-ACH-Void/input_Application Id'

2023-02-15 22:58:32 - [MESSAGE][PASSED] - Text '234' is set on object 'Object Repository/RecAndPlayBk/Page-Vlink-ACH-Void/input_Application Id'

2023-02-15 22:58:32 - [TEST_STEP][PASSED] - setText(findTestObject("Object Repository/RecAndPlayBk/Page-Vlink-ACH-Void/input_Username"), username): Text 'username' is set on object 'Object Repository/RecAndPlayBk/Page-Vlink-ACH-Void/input_Username'

2023-02-15 22:58:33 - [MESSAGE][PASSED] - Text 'username' is set on object 'Object Repository/RecAndPlayBk/Page-Vlink-ACH-Void/input_Username'

2023-02-15 22:58:33 - [TEST_STEP][PASSED] - setText(findTestObject("Object Repository/RecAndPlayBk/Page-Vlink-ACH-Void/input_Password"), password): Text 'password' is set on object 'Object Repository/RecAndPlayBk/Page-Vlink-ACH-Void/input_Password'

2023-02-15 22:58:33 - [MESSAGE][PASSED] - Text 'password' is set on object 'Object Repository/RecAndPlayBk/Page-Vlink-ACH-Void/input_Password'

2023-02-15 22:58:33 - [TEST_STEP][PASSED] - setText(findTestObject("Object Repository/RecAndPlayBk/Page-Vlink-ACH-Void/input_Check Type"), checkType): Text 'P' is set on object 'Object Repository/RecAndPlayBk/Page-Vlink-ACH-Void/input_Check Type'

2023-02-15 22:58:34 - [MESSAGE][PASSED] - Text 'P' is set on object 'Object Repository/RecAndPlayBk/Page-Vlink-ACH-Void/input_Check Type'

2023-02-15 22:58:34 - [TEST_STEP][PASSED] - setText(findTestObject("Object Repository/RecAndPlayBk/Page-Vlink-ACH-Void/input_Standard Entry Class"), sec): Text 'TEL' is set on object 'Object Repository/RecAndPlayBk/Page-Vlink-ACH-Void/input_Standard Entry Class'

2023-02-15 22:58:34 - [MESSAGE][PASSED] - Text 'TEL' is set on object 'Object Repository/RecAndPlayBk/Page-Vlink-ACH-Void/input_Standard Entry Class'

2023-02-15 22:58:34 - [TEST_STEP][PASSED] - setText(findTestObject("Object Repository/RecAndPlayBk/Page-Vlink-ACH-Void/input_Transaction ID"), VLinkSaleTranxID): Text '12126700' is set on object 'Object Repository/RecAndPlayBk/Page-Vlink-ACH-Void/input_Transaction ID'

2023-02-15 22:58:35 - [MESSAGE][PASSED] - Text '12126700' is set on object 'Object Repository/RecAndPlayBk/Page-Vlink-ACH-Void/input_Transaction ID'

2023-02-15 22:58:35 - [TEST_STEP][PASSED] - setText(findTestObject("Object Repository/RecAndPlayBk/Page-Vlink-ACH-Void/input_Original Transaction Type"), "200"): Text '200' is set on object 'Object Repository/RecAndPlayBk/Page-Vlink-ACH-Void/input_Original Transaction Type'

2023-02-15 22:58:36 - [MESSAGE][PASSED] - Text '200' is set on object 'Object Repository/RecAndPlayBk/Page-Vlink-ACH-Void/input_Original Transaction Type'

2023-02-15 22:58:36 - [TEST_STEP][PASSED] - click(findTestObject("Object Repository/RecAndPlayBk/Page-Vlink-ACH-Void/input")): Object: 'Object Repository/RecAndPlayBk/Page-Vlink-ACH-Void/input' is clicked on

2023-02-15 22:58:36 - [MESSAGE][PASSED] - Object: 'Object Repository/RecAndPlayBk/Page-Vlink-ACH-Void/input' is clicked on

2023-02-15 22:58:36 - [TEST_STEP][PASSED] - if (verifyTextPresent("Transaction approved, no errors", true)): null

2023-02-15 22:58:37 - [MESSAGE][PASSED] - Text 'Transaction approved, no errors' is present on page  using regular expression

2023-02-15 22:58:37 - [TEST_STEP][PASSED] - println("Transaction Approved, no errors text is present on the Confirmation page"): null

2023-02-15 22:58:37 - [TEST_STEP][PASSED] - out.println("Pass Record Number: " + row): null

2023-02-15 22:58:37 - [TEST_STEP][PASSED] - resText = "Pass": null

2023-02-15 22:58:37 - [TEST_STEP][PASSED] - pages.WriteExcel.demoKey(resText, datText, resColumn, datCloumn, fileLoc, nameSheet, row): pages.WriteExcel.demoKey is PASSED

2023-02-15 22:58:37 - [MESSAGE][PASSED] - pages.WriteExcel.demoKey is PASSED

2023-02-15 22:58:37 - [TEST_STEP][PASSED] - ExecuteTC = findTestData(dataFile).getValue("Execute", row): null

2023-02-15 22:58:37 - [TEST_STEP][PASSED] - out.println("Value of Execute is : " + ExecuteTC): null

2023-02-15 22:58:37 - [TEST_STEP][PASSED] - switch (executionProfile): null

2023-02-15 22:58:37 - [TEST_STEP][PASSED] - case "QAProfile":: null

2023-02-15 22:58:37 - [TEST_STEP][PASSED] - appID = findTestData(dataFile).getValue("AppIDQA", row): null

2023-02-15 22:58:37 - [TEST_STEP][PASSED] - username = findTestData(dataFile).getValue("UsernameQA", row): null

2023-02-15 22:58:37 - [TEST_STEP][PASSED] - password = findTestData(dataFile).getValue("PasswordQA", row): null

2023-02-15 22:58:37 - [TEST_STEP][PASSED] - break: null

2023-02-15 22:58:37 - [TEST_STEP][PASSED] - if (ExecuteTC.equalsIgnoreCase("Y")): null

2023-02-15 22:58:37 - [TEST_STEP][PASSED] - out.println("Begin Record Number: " + row): null

2023-02-15 22:58:37 - [TEST_STEP][PASSED] - today = new java.util.Date(): null

2023-02-15 22:58:37 - [TEST_STEP][PASSED] - println(today): null

2023-02-15 22:58:37 - [TEST_STEP][PASSED] - datText = today: null

2023-02-15 22:58:37 - [TEST_STEP][PASSED] - checkType = findTestData(dataFile).getValue("CheckType", row): null

2023-02-15 22:58:37 - [TEST_STEP][PASSED] - acNumber = findTestData(dataFile).getValue("AcNumber", row): null

2023-02-15 22:58:37 - [TEST_STEP][PASSED] - company = findTestData(dataFile).getValue("Company", row): null

2023-02-15 22:58:37 - [TEST_STEP][PASSED] - acType = findTestData(dataFile).getValue("AcType", row): null

2023-02-15 22:58:37 - [TEST_STEP][PASSED] - rtn = findTestData(dataFile).getValue("RTN", row): null

2023-02-15 22:58:37 - [TEST_STEP][PASSED] - amount = findTestData(dataFile).getValue("Amount", row): null

2023-02-15 22:58:37 - [TEST_STEP][PASSED] - sec = findTestData(dataFile).getValue("SEC", row): null

2023-02-15 22:58:37 - [TEST_STEP][PASSED] - openBrowser(VLinkURL + "debit.html"): Browser is opened with url: 'https://dev-algorithm.govolution.com/vlinktest/QA/version_2_0/debit.html'

2023-02-15 22:58:37 - [MESSAGE][WARNING] - A browser is already opened. Closing browser and opening a new one

2023-02-15 22:58:38 - [MESSAGE][INFO] - Starting 'Chrome' driver

2023-02-15 22:58:38 - [MESSAGE][INFO] - User set preference: ['acceptInsecureCerts', 'true']

2023-02-15 22:58:38 - [MESSAGE][INFO] - Action delay is set to 0 milliseconds

2023-02-15 22:58:40 - [MESSAGE][PASSED] - Browser is opened with url: 'https://dev-algorithm.govolution.com/vlinktest/QA/version_2_0/debit.html'

2023-02-15 22:58:40 - [TEST_STEP][PASSED] - maximizeWindow(): Current window maximized

2023-02-15 22:58:40 - [MESSAGE][PASSED] - Current window maximized

2023-02-15 22:58:40 - [TEST_STEP][PASSED] - genRemID = RandomStringUtils.random(12, true, true): null

2023-02-15 22:58:40 - [TEST_STEP][PASSED] - setText(findTestObject("RecAndPlayBk/Page-Vlink-Debit/input_Remittance Id"), genRemID): Text 'WnpE377mvHLf' is set on object 'Object Repository/RecAndPlayBk/Page-Vlink-Debit/input_Remittance Id'

2023-02-15 22:58:41 - [MESSAGE][PASSED] - Text 'WnpE377mvHLf' is set on object 'Object Repository/RecAndPlayBk/Page-Vlink-Debit/input_Remittance Id'

2023-02-15 22:58:41 - [TEST_STEP][PASSED] - setText(findTestObject("RecAndPlayBk/Page-Vlink-Debit/input_Application Id"), appID): Text '234' is set on object 'Object Repository/RecAndPlayBk/Page-Vlink-Debit/input_Application Id'

2023-02-15 22:58:42 - [MESSAGE][PASSED] - Text '234' is set on object 'Object Repository/RecAndPlayBk/Page-Vlink-Debit/input_Application Id'

2023-02-15 22:58:42 - [TEST_STEP][PASSED] - setText(findTestObject("RecAndPlayBk/Page-Vlink-Debit/input_Username"), username): Text 'username' is set on object 'Object Repository/RecAndPlayBk/Page-Vlink-Debit/input_Username'

2023-02-15 22:58:42 - [MESSAGE][PASSED] - Text 'username' is set on object 'Object Repository/RecAndPlayBk/Page-Vlink-Debit/input_Username'

2023-02-15 22:58:42 - [TEST_STEP][PASSED] - setText(findTestObject("RecAndPlayBk/Page-Vlink-Debit/input_Password"), password): Text 'password' is set on object 'Object Repository/RecAndPlayBk/Page-Vlink-Debit/input_Password'

2023-02-15 22:58:43 - [MESSAGE][PASSED] - Text 'password' is set on object 'Object Repository/RecAndPlayBk/Page-Vlink-Debit/input_Password'

2023-02-15 22:58:43 - [TEST_STEP][PASSED] - setText(findTestObject("RecAndPlayBk/Page-Vlink-Debit/input_Check Type"), checkType): Text 'P' is set on object 'Object Repository/RecAndPlayBk/Page-Vlink-Debit/input_Check Type'

2023-02-15 22:58:44 - [MESSAGE][PASSED] - Text 'P' is set on object 'Object Repository/RecAndPlayBk/Page-Vlink-Debit/input_Check Type'

2023-02-15 22:58:44 - [TEST_STEP][PASSED] - setText(findTestObject("RecAndPlayBk/Page-Vlink-Debit/input_Account_check"), acNumber): Text '58963214' is set on object 'Object Repository/RecAndPlayBk/Page-Vlink-Debit/input_Account_check'

2023-02-15 22:58:44 - [MESSAGE][PASSED] - Text '58963214' is set on object 'Object Repository/RecAndPlayBk/Page-Vlink-Debit/input_Account_check'

2023-02-15 22:58:44 - [TEST_STEP][PASSED] - setText(findTestObject("RecAndPlayBk/Page-Vlink-Debit/input_Company_check"), company): Text '' is set on object 'Object Repository/RecAndPlayBk/Page-Vlink-Debit/input_Company_check'

2023-02-15 22:58:45 - [MESSAGE][PASSED] - Text '' is set on object 'Object Repository/RecAndPlayBk/Page-Vlink-Debit/input_Company_check'

2023-02-15 22:58:45 - [TEST_STEP][PASSED] - setText(findTestObject("RecAndPlayBk/Page-Vlink-Debit/input_Account Type"), acType): Text '1' is set on object 'Object Repository/RecAndPlayBk/Page-Vlink-Debit/input_Account Type'

2023-02-15 22:58:45 - [MESSAGE][PASSED] - Text '1' is set on object 'Object Repository/RecAndPlayBk/Page-Vlink-Debit/input_Account Type'

2023-02-15 22:58:45 - [TEST_STEP][PASSED] - setText(findTestObject("RecAndPlayBk/Page-Vlink-Debit/input_Routing Number"), rtn): Text '256072691' is set on object 'Object Repository/RecAndPlayBk/Page-Vlink-Debit/input_Routing Number'

2023-02-15 22:58:46 - [MESSAGE][PASSED] - Text '256072691' is set on object 'Object Repository/RecAndPlayBk/Page-Vlink-Debit/input_Routing Number'

2023-02-15 22:58:46 - [TEST_STEP][PASSED] - setText(findTestObject("RecAndPlayBk/Page-Vlink-Debit/input_Amount"), amount): Text '12.50' is set on object 'Object Repository/RecAndPlayBk/Page-Vlink-Debit/input_Amount'

2023-02-15 22:58:47 - [MESSAGE][PASSED] - Text '12.50' is set on object 'Object Repository/RecAndPlayBk/Page-Vlink-Debit/input_Amount'

2023-02-15 22:58:47 - [TEST_STEP][PASSED] - setText(findTestObject("RecAndPlayBk/Page-Vlink-Debit/input_Check Email"), ""): Text '' is set on object 'Object Repository/RecAndPlayBk/Page-Vlink-Debit/input_Check Email'

2023-02-15 22:58:47 - [MESSAGE][PASSED] - Text '' is set on object 'Object Repository/RecAndPlayBk/Page-Vlink-Debit/input_Check Email'

2023-02-15 22:58:47 - [TEST_STEP][PASSED] - setText(findTestObject("Object Repository/RecAndPlayBk/Page-Vlink-Debit/input_concat(CheckWriter, , s SSN)_check_ssn"), ""): Text '' is set on object 'Object Repository/RecAndPlayBk/Page-Vlink-Debit/input_concat(CheckWriter, , s SSN)_check_ssn'

2023-02-15 22:58:48 - [MESSAGE][PASSED] - Text '' is set on object 'Object Repository/RecAndPlayBk/Page-Vlink-Debit/input_concat(CheckWriter, , s SSN)_check_ssn'

2023-02-15 22:58:48 - [TEST_STEP][PASSED] - setText(findTestObject("Object Repository/RecAndPlayBk/Page-Vlink-Debit/input_concat(CheckWriter, , s License Numbe_020fef"), ""): Text '' is set on object 'Object Repository/RecAndPlayBk/Page-Vlink-Debit/input_concat(CheckWriter, , s License Numbe_020fef'

2023-02-15 22:58:49 - [MESSAGE][PASSED] - Text '' is set on object 'Object Repository/RecAndPlayBk/Page-Vlink-Debit/input_concat(CheckWriter, , s License Numbe_020fef'

2023-02-15 22:58:49 - [TEST_STEP][PASSED] - setText(findTestObject("Object Repository/RecAndPlayBk/Page-Vlink-Debit/input_concat(CheckWriter, , s License State_21e3e7"), ""): Text '' is set on object 'Object Repository/RecAndPlayBk/Page-Vlink-Debit/input_concat(CheckWriter, , s License State_21e3e7'

2023-02-15 22:58:49 - [MESSAGE][PASSED] - Text '' is set on object 'Object Repository/RecAndPlayBk/Page-Vlink-Debit/input_concat(CheckWriter, , s License State_21e3e7'

2023-02-15 22:58:49 - [TEST_STEP][PASSED] - setText(findTestObject("RecAndPlayBk/Page-Vlink-Debit/input_Standard Entry Class"), sec): Text 'PPD' is set on object 'Object Repository/RecAndPlayBk/Page-Vlink-Debit/input_Standard Entry Class'

2023-02-15 22:58:50 - [MESSAGE][PASSED] - Text 'PPD' is set on object 'Object Repository/RecAndPlayBk/Page-Vlink-Debit/input_Standard Entry Class'

2023-02-15 22:58:50 - [TEST_STEP][PASSED] - click(findTestObject("Object Repository/RecAndPlayBk/Page-Vlink-Debit/input")): Object: 'Object Repository/RecAndPlayBk/Page-Vlink-Debit/input' is clicked on

2023-02-15 22:58:51 - [MESSAGE][PASSED] - Object: 'Object Repository/RecAndPlayBk/Page-Vlink-Debit/input' is clicked on

2023-02-15 22:58:51 - [TEST_STEP][PASSED] - if (verifyTextPresent("Transaction approved, no errors", true)): null

2023-02-15 22:58:51 - [MESSAGE][PASSED] - Text 'Transaction approved, no errors' is present on page  using regular expression

2023-02-15 22:58:51 - [TEST_STEP][PASSED] - println("Transaction Approved, no errors text is present on the Confirmation page"): null

2023-02-15 22:58:51 - [TEST_STEP][PASSED] - sdfo = getText(findTestObject("Object Repository/Page_VLinkReceipt/pre_STX")): Text of object 'Object Repository/Page_VLinkReceipt/pre_STX' is: '<STX>WnpE377mvHLf                  12126702            0  Transaction approved, no errors                   0                                                                                                              <ETX>'

2023-02-15 22:58:51 - [MESSAGE][PASSED] - Text of object 'Object Repository/Page_VLinkReceipt/pre_STX' is: '<STX>WnpE377mvHLf                  12126702            0  Transaction approved, no errors                   0                                                                                                              <ETX>'

2023-02-15 22:58:51 - [TEST_STEP][PASSED] - out.println("sdfo: " + sdfo): null

2023-02-15 22:58:51 - [TEST_STEP][PASSED] - remID = substring(5, 35).trim(): null

2023-02-15 22:58:51 - [TEST_STEP][PASSED] - out.println("remID: " + remID): null

2023-02-15 22:58:51 - [TEST_STEP][PASSED] - traxID = substring(35, 55).trim(): null

2023-02-15 22:58:51 - [TEST_STEP][PASSED] - out.println("traxID: " + traxID): null

2023-02-15 22:58:51 - [TEST_STEP][PASSED] - VLinkSaleRemID = remID: null

2023-02-15 22:58:51 - [TEST_STEP][PASSED] - VLinkSaleTranxID = traxID: null

2023-02-15 22:58:51 - [TEST_STEP][PASSED] - openBrowser(VLinkURL + "ACH_void.html"): Browser is opened with url: 'https://dev-algorithm.govolution.com/vlinktest/QA/version_2_0/ACH_void.html'

2023-02-15 22:58:51 - [MESSAGE][WARNING] - A browser is already opened. Closing browser and opening a new one

2023-02-15 22:58:52 - [MESSAGE][INFO] - Starting 'Chrome' driver

2023-02-15 22:58:52 - [MESSAGE][INFO] - User set preference: ['acceptInsecureCerts', 'true']

2023-02-15 22:58:52 - [MESSAGE][INFO] - Action delay is set to 0 milliseconds

2023-02-15 22:58:54 - [MESSAGE][PASSED] - Browser is opened with url: 'https://dev-algorithm.govolution.com/vlinktest/QA/version_2_0/ACH_void.html'

2023-02-15 22:58:54 - [TEST_STEP][PASSED] - maximizeWindow(): Current window maximized

2023-02-15 22:58:54 - [MESSAGE][PASSED] - Current window maximized

2023-02-15 22:58:54 - [TEST_STEP][PASSED] - setText(findTestObject("Object Repository/RecAndPlayBk/Page-Vlink-ACH-Void/input_Remittance Id"), VLinkSaleRemID): Text 'WnpE377mvHLf' is set on object 'Object Repository/RecAndPlayBk/Page-Vlink-ACH-Void/input_Remittance Id'

2023-02-15 22:58:55 - [MESSAGE][PASSED] - Text 'WnpE377mvHLf' is set on object 'Object Repository/RecAndPlayBk/Page-Vlink-ACH-Void/input_Remittance Id'

2023-02-15 22:58:55 - [TEST_STEP][PASSED] - setText(findTestObject("Object Repository/RecAndPlayBk/Page-Vlink-ACH-Void/input_Application Id"), appID): Text '234' is set on object 'Object Repository/RecAndPlayBk/Page-Vlink-ACH-Void/input_Application Id'

2023-02-15 22:58:55 - [MESSAGE][PASSED] - Text '234' is set on object 'Object Repository/RecAndPlayBk/Page-Vlink-ACH-Void/input_Application Id'

2023-02-15 22:58:55 - [TEST_STEP][PASSED] - setText(findTestObject("Object Repository/RecAndPlayBk/Page-Vlink-ACH-Void/input_Username"), username): Text 'username' is set on object 'Object Repository/RecAndPlayBk/Page-Vlink-ACH-Void/input_Username'

2023-02-15 22:58:56 - [MESSAGE][PASSED] - Text 'username' is set on object 'Object Repository/RecAndPlayBk/Page-Vlink-ACH-Void/input_Username'

2023-02-15 22:58:56 - [TEST_STEP][PASSED] - setText(findTestObject("Object Repository/RecAndPlayBk/Page-Vlink-ACH-Void/input_Password"), password): Text 'password' is set on object 'Object Repository/RecAndPlayBk/Page-Vlink-ACH-Void/input_Password'

2023-02-15 22:58:57 - [MESSAGE][PASSED] - Text 'password' is set on object 'Object Repository/RecAndPlayBk/Page-Vlink-ACH-Void/input_Password'

2023-02-15 22:58:57 - [TEST_STEP][PASSED] - setText(findTestObject("Object Repository/RecAndPlayBk/Page-Vlink-ACH-Void/input_Check Type"), checkType): Text 'P' is set on object 'Object Repository/RecAndPlayBk/Page-Vlink-ACH-Void/input_Check Type'

2023-02-15 22:58:57 - [MESSAGE][PASSED] - Text 'P' is set on object 'Object Repository/RecAndPlayBk/Page-Vlink-ACH-Void/input_Check Type'

2023-02-15 22:58:57 - [TEST_STEP][PASSED] - setText(findTestObject("Object Repository/RecAndPlayBk/Page-Vlink-ACH-Void/input_Standard Entry Class"), sec): Text 'PPD' is set on object 'Object Repository/RecAndPlayBk/Page-Vlink-ACH-Void/input_Standard Entry Class'

2023-02-15 22:58:58 - [MESSAGE][PASSED] - Text 'PPD' is set on object 'Object Repository/RecAndPlayBk/Page-Vlink-ACH-Void/input_Standard Entry Class'

2023-02-15 22:58:58 - [TEST_STEP][PASSED] - setText(findTestObject("Object Repository/RecAndPlayBk/Page-Vlink-ACH-Void/input_Transaction ID"), VLinkSaleTranxID): Text '12126702' is set on object 'Object Repository/RecAndPlayBk/Page-Vlink-ACH-Void/input_Transaction ID'

2023-02-15 22:58:59 - [MESSAGE][PASSED] - Text '12126702' is set on object 'Object Repository/RecAndPlayBk/Page-Vlink-ACH-Void/input_Transaction ID'

2023-02-15 22:58:59 - [TEST_STEP][PASSED] - setText(findTestObject("Object Repository/RecAndPlayBk/Page-Vlink-ACH-Void/input_Original Transaction Type"), "200"): Text '200' is set on object 'Object Repository/RecAndPlayBk/Page-Vlink-ACH-Void/input_Original Transaction Type'

2023-02-15 22:58:59 - [MESSAGE][PASSED] - Text '200' is set on object 'Object Repository/RecAndPlayBk/Page-Vlink-ACH-Void/input_Original Transaction Type'

2023-02-15 22:58:59 - [TEST_STEP][PASSED] - click(findTestObject("Object Repository/RecAndPlayBk/Page-Vlink-ACH-Void/input")): Object: 'Object Repository/RecAndPlayBk/Page-Vlink-ACH-Void/input' is clicked on

2023-02-15 22:59:00 - [MESSAGE][PASSED] - Object: 'Object Repository/RecAndPlayBk/Page-Vlink-ACH-Void/input' is clicked on

2023-02-15 22:59:00 - [TEST_STEP][PASSED] - if (verifyTextPresent("Transaction approved, no errors", true)): null

2023-02-15 22:59:00 - [MESSAGE][PASSED] - Text 'Transaction approved, no errors' is present on page  using regular expression

2023-02-15 22:59:00 - [TEST_STEP][PASSED] - println("Transaction Approved, no errors text is present on the Confirmation page"): null

2023-02-15 22:59:00 - [TEST_STEP][PASSED] - out.println("Pass Record Number: " + row): null

2023-02-15 22:59:00 - [TEST_STEP][PASSED] - resText = "Pass": null

2023-02-15 22:59:00 - [TEST_STEP][PASSED] - pages.WriteExcel.demoKey(resText, datText, resColumn, datCloumn, fileLoc, nameSheet, row): pages.WriteExcel.demoKey is PASSED

2023-02-15 22:59:00 - [MESSAGE][PASSED] - pages.WriteExcel.demoKey is PASSED

2023-02-15 22:59:00 - [TEST_STEP][PASSED] - ExecuteTC = findTestData(dataFile).getValue("Execute", row): null

2023-02-15 22:59:00 - [TEST_STEP][PASSED] - out.println("Value of Execute is : " + ExecuteTC): null

2023-02-15 22:59:00 - [TEST_STEP][PASSED] - switch (executionProfile): null

2023-02-15 22:59:00 - [TEST_STEP][PASSED] - case "QAProfile":: null

2023-02-15 22:59:00 - [TEST_STEP][PASSED] - appID = findTestData(dataFile).getValue("AppIDQA", row): null

2023-02-15 22:59:00 - [TEST_STEP][PASSED] - username = findTestData(dataFile).getValue("UsernameQA", row): null

2023-02-15 22:59:00 - [TEST_STEP][PASSED] - password = findTestData(dataFile).getValue("PasswordQA", row): null

2023-02-15 22:59:01 - [TEST_STEP][PASSED] - break: null

2023-02-15 22:59:01 - [TEST_STEP][PASSED] - if (ExecuteTC.equalsIgnoreCase("Y")): null

2023-02-15 22:59:01 - [TEST_STEP][PASSED] - out.println("Begin Record Number: " + row): null

2023-02-15 22:59:01 - [TEST_STEP][PASSED] - today = new java.util.Date(): null

2023-02-15 22:59:01 - [TEST_STEP][PASSED] - println(today): null

2023-02-15 22:59:01 - [TEST_STEP][PASSED] - datText = today: null

2023-02-15 22:59:01 - [TEST_STEP][PASSED] - checkType = findTestData(dataFile).getValue("CheckType", row): null

2023-02-15 22:59:01 - [TEST_STEP][PASSED] - acNumber = findTestData(dataFile).getValue("AcNumber", row): null

2023-02-15 22:59:01 - [TEST_STEP][PASSED] - company = findTestData(dataFile).getValue("Company", row): null

2023-02-15 22:59:01 - [TEST_STEP][PASSED] - acType = findTestData(dataFile).getValue("AcType", row): null

2023-02-15 22:59:01 - [TEST_STEP][PASSED] - rtn = findTestData(dataFile).getValue("RTN", row): null

2023-02-15 22:59:01 - [TEST_STEP][PASSED] - amount = findTestData(dataFile).getValue("Amount", row): null

2023-02-15 22:59:01 - [TEST_STEP][PASSED] - sec = findTestData(dataFile).getValue("SEC", row): null

2023-02-15 22:59:01 - [TEST_STEP][PASSED] - openBrowser(VLinkURL + "debit.html"): Browser is opened with url: 'https://dev-algorithm.govolution.com/vlinktest/QA/version_2_0/debit.html'

2023-02-15 22:59:01 - [MESSAGE][WARNING] - A browser is already opened. Closing browser and opening a new one

2023-02-15 22:59:02 - [MESSAGE][INFO] - Starting 'Chrome' driver

2023-02-15 22:59:02 - [MESSAGE][INFO] - User set preference: ['acceptInsecureCerts', 'true']

2023-02-15 22:59:02 - [MESSAGE][INFO] - Action delay is set to 0 milliseconds

2023-02-15 22:59:04 - [MESSAGE][PASSED] - Browser is opened with url: 'https://dev-algorithm.govolution.com/vlinktest/QA/version_2_0/debit.html'

2023-02-15 22:59:04 - [TEST_STEP][PASSED] - maximizeWindow(): Current window maximized

2023-02-15 22:59:04 - [MESSAGE][PASSED] - Current window maximized

2023-02-15 22:59:04 - [TEST_STEP][PASSED] - genRemID = RandomStringUtils.random(12, true, true): null

2023-02-15 22:59:04 - [TEST_STEP][PASSED] - setText(findTestObject("RecAndPlayBk/Page-Vlink-Debit/input_Remittance Id"), genRemID): Text 'uIdRwZ0DuoD1' is set on object 'Object Repository/RecAndPlayBk/Page-Vlink-Debit/input_Remittance Id'

2023-02-15 22:59:05 - [MESSAGE][PASSED] - Text 'uIdRwZ0DuoD1' is set on object 'Object Repository/RecAndPlayBk/Page-Vlink-Debit/input_Remittance Id'

2023-02-15 22:59:05 - [TEST_STEP][PASSED] - setText(findTestObject("RecAndPlayBk/Page-Vlink-Debit/input_Application Id"), appID): Text '234' is set on object 'Object Repository/RecAndPlayBk/Page-Vlink-Debit/input_Application Id'

2023-02-15 22:59:05 - [MESSAGE][PASSED] - Text '234' is set on object 'Object Repository/RecAndPlayBk/Page-Vlink-Debit/input_Application Id'

2023-02-15 22:59:05 - [TEST_STEP][PASSED] - setText(findTestObject("RecAndPlayBk/Page-Vlink-Debit/input_Username"), username): Text 'username' is set on object 'Object Repository/RecAndPlayBk/Page-Vlink-Debit/input_Username'

2023-02-15 22:59:06 - [MESSAGE][PASSED] - Text 'username' is set on object 'Object Repository/RecAndPlayBk/Page-Vlink-Debit/input_Username'

2023-02-15 22:59:06 - [TEST_STEP][PASSED] - setText(findTestObject("RecAndPlayBk/Page-Vlink-Debit/input_Password"), password): Text 'password' is set on object 'Object Repository/RecAndPlayBk/Page-Vlink-Debit/input_Password'

2023-02-15 22:59:07 - [MESSAGE][PASSED] - Text 'password' is set on object 'Object Repository/RecAndPlayBk/Page-Vlink-Debit/input_Password'

2023-02-15 22:59:07 - [TEST_STEP][PASSED] - setText(findTestObject("RecAndPlayBk/Page-Vlink-Debit/input_Check Type"), checkType): Text 'P' is set on object 'Object Repository/RecAndPlayBk/Page-Vlink-Debit/input_Check Type'

2023-02-15 22:59:07 - [MESSAGE][PASSED] - Text 'P' is set on object 'Object Repository/RecAndPlayBk/Page-Vlink-Debit/input_Check Type'

2023-02-15 22:59:07 - [TEST_STEP][PASSED] - setText(findTestObject("RecAndPlayBk/Page-Vlink-Debit/input_Account_check"), acNumber): Text '58963214' is set on object 'Object Repository/RecAndPlayBk/Page-Vlink-Debit/input_Account_check'

2023-02-15 22:59:08 - [MESSAGE][PASSED] - Text '58963214' is set on object 'Object Repository/RecAndPlayBk/Page-Vlink-Debit/input_Account_check'

2023-02-15 22:59:08 - [TEST_STEP][PASSED] - setText(findTestObject("RecAndPlayBk/Page-Vlink-Debit/input_Company_check"), company): Text '' is set on object 'Object Repository/RecAndPlayBk/Page-Vlink-Debit/input_Company_check'

2023-02-15 22:59:08 - [MESSAGE][PASSED] - Text '' is set on object 'Object Repository/RecAndPlayBk/Page-Vlink-Debit/input_Company_check'

2023-02-15 22:59:08 - [TEST_STEP][PASSED] - setText(findTestObject("RecAndPlayBk/Page-Vlink-Debit/input_Account Type"), acType): Text '2' is set on object 'Object Repository/RecAndPlayBk/Page-Vlink-Debit/input_Account Type'

2023-02-15 22:59:09 - [MESSAGE][PASSED] - Text '2' is set on object 'Object Repository/RecAndPlayBk/Page-Vlink-Debit/input_Account Type'

2023-02-15 22:59:09 - [TEST_STEP][PASSED] - setText(findTestObject("RecAndPlayBk/Page-Vlink-Debit/input_Routing Number"), rtn): Text '256072691' is set on object 'Object Repository/RecAndPlayBk/Page-Vlink-Debit/input_Routing Number'

2023-02-15 22:59:10 - [MESSAGE][PASSED] - Text '256072691' is set on object 'Object Repository/RecAndPlayBk/Page-Vlink-Debit/input_Routing Number'

2023-02-15 22:59:10 - [TEST_STEP][PASSED] - setText(findTestObject("RecAndPlayBk/Page-Vlink-Debit/input_Amount"), amount): Text '12.50' is set on object 'Object Repository/RecAndPlayBk/Page-Vlink-Debit/input_Amount'

2023-02-15 22:59:10 - [MESSAGE][PASSED] - Text '12.50' is set on object 'Object Repository/RecAndPlayBk/Page-Vlink-Debit/input_Amount'

2023-02-15 22:59:10 - [TEST_STEP][PASSED] - setText(findTestObject("RecAndPlayBk/Page-Vlink-Debit/input_Check Email"), ""): Text '' is set on object 'Object Repository/RecAndPlayBk/Page-Vlink-Debit/input_Check Email'

2023-02-15 22:59:11 - [MESSAGE][PASSED] - Text '' is set on object 'Object Repository/RecAndPlayBk/Page-Vlink-Debit/input_Check Email'

2023-02-15 22:59:11 - [TEST_STEP][PASSED] - setText(findTestObject("Object Repository/RecAndPlayBk/Page-Vlink-Debit/input_concat(CheckWriter, , s SSN)_check_ssn"), ""): Text '' is set on object 'Object Repository/RecAndPlayBk/Page-Vlink-Debit/input_concat(CheckWriter, , s SSN)_check_ssn'

2023-02-15 22:59:11 - [MESSAGE][PASSED] - Text '' is set on object 'Object Repository/RecAndPlayBk/Page-Vlink-Debit/input_concat(CheckWriter, , s SSN)_check_ssn'

2023-02-15 22:59:11 - [TEST_STEP][PASSED] - setText(findTestObject("Object Repository/RecAndPlayBk/Page-Vlink-Debit/input_concat(CheckWriter, , s License Numbe_020fef"), ""): Text '' is set on object 'Object Repository/RecAndPlayBk/Page-Vlink-Debit/input_concat(CheckWriter, , s License Numbe_020fef'

2023-02-15 22:59:12 - [MESSAGE][PASSED] - Text '' is set on object 'Object Repository/RecAndPlayBk/Page-Vlink-Debit/input_concat(CheckWriter, , s License Numbe_020fef'

2023-02-15 22:59:12 - [TEST_STEP][PASSED] - setText(findTestObject("Object Repository/RecAndPlayBk/Page-Vlink-Debit/input_concat(CheckWriter, , s License State_21e3e7"), ""): Text '' is set on object 'Object Repository/RecAndPlayBk/Page-Vlink-Debit/input_concat(CheckWriter, , s License State_21e3e7'

2023-02-15 22:59:13 - [MESSAGE][PASSED] - Text '' is set on object 'Object Repository/RecAndPlayBk/Page-Vlink-Debit/input_concat(CheckWriter, , s License State_21e3e7'

2023-02-15 22:59:13 - [TEST_STEP][PASSED] - setText(findTestObject("RecAndPlayBk/Page-Vlink-Debit/input_Standard Entry Class"), sec): Text 'WEB' is set on object 'Object Repository/RecAndPlayBk/Page-Vlink-Debit/input_Standard Entry Class'

2023-02-15 22:59:13 - [MESSAGE][PASSED] - Text 'WEB' is set on object 'Object Repository/RecAndPlayBk/Page-Vlink-Debit/input_Standard Entry Class'

2023-02-15 22:59:13 - [TEST_STEP][PASSED] - click(findTestObject("Object Repository/RecAndPlayBk/Page-Vlink-Debit/input")): Object: 'Object Repository/RecAndPlayBk/Page-Vlink-Debit/input' is clicked on

2023-02-15 22:59:14 - [MESSAGE][PASSED] - Object: 'Object Repository/RecAndPlayBk/Page-Vlink-Debit/input' is clicked on

2023-02-15 22:59:14 - [TEST_STEP][PASSED] - if (verifyTextPresent("Transaction approved, no errors", true)): null

2023-02-15 22:59:15 - [MESSAGE][PASSED] - Text 'Transaction approved, no errors' is present on page  using regular expression

2023-02-15 22:59:15 - [TEST_STEP][PASSED] - println("Transaction Approved, no errors text is present on the Confirmation page"): null

2023-02-15 22:59:15 - [TEST_STEP][PASSED] - sdfo = getText(findTestObject("Object Repository/Page_VLinkReceipt/pre_STX")): Text of object 'Object Repository/Page_VLinkReceipt/pre_STX' is: '<STX>uIdRwZ0DuoD1                  12126704            0  Transaction approved, no errors                   0                                                                                                              <ETX>'

2023-02-15 22:59:15 - [MESSAGE][PASSED] - Text of object 'Object Repository/Page_VLinkReceipt/pre_STX' is: '<STX>uIdRwZ0DuoD1                  12126704            0  Transaction approved, no errors                   0                                                                                                              <ETX>'

2023-02-15 22:59:15 - [TEST_STEP][PASSED] - out.println("sdfo: " + sdfo): null

2023-02-15 22:59:15 - [TEST_STEP][PASSED] - remID = substring(5, 35).trim(): null

2023-02-15 22:59:15 - [TEST_STEP][PASSED] - out.println("remID: " + remID): null

2023-02-15 22:59:15 - [TEST_STEP][PASSED] - traxID = substring(35, 55).trim(): null

2023-02-15 22:59:15 - [TEST_STEP][PASSED] - out.println("traxID: " + traxID): null

2023-02-15 22:59:15 - [TEST_STEP][PASSED] - VLinkSaleRemID = remID: null

2023-02-15 22:59:15 - [TEST_STEP][PASSED] - VLinkSaleTranxID = traxID: null

2023-02-15 22:59:15 - [TEST_STEP][PASSED] - openBrowser(VLinkURL + "ACH_void.html"): Browser is opened with url: 'https://dev-algorithm.govolution.com/vlinktest/QA/version_2_0/ACH_void.html'

2023-02-15 22:59:15 - [MESSAGE][WARNING] - A browser is already opened. Closing browser and opening a new one

2023-02-15 22:59:16 - [MESSAGE][INFO] - Starting 'Chrome' driver

2023-02-15 22:59:16 - [MESSAGE][INFO] - User set preference: ['acceptInsecureCerts', 'true']

2023-02-15 22:59:16 - [MESSAGE][INFO] - Action delay is set to 0 milliseconds

2023-02-15 22:59:17 - [MESSAGE][PASSED] - Browser is opened with url: 'https://dev-algorithm.govolution.com/vlinktest/QA/version_2_0/ACH_void.html'

2023-02-15 22:59:17 - [TEST_STEP][PASSED] - maximizeWindow(): Current window maximized

2023-02-15 22:59:18 - [MESSAGE][PASSED] - Current window maximized

2023-02-15 22:59:18 - [TEST_STEP][PASSED] - setText(findTestObject("Object Repository/RecAndPlayBk/Page-Vlink-ACH-Void/input_Remittance Id"), VLinkSaleRemID): Text 'uIdRwZ0DuoD1' is set on object 'Object Repository/RecAndPlayBk/Page-Vlink-ACH-Void/input_Remittance Id'

2023-02-15 22:59:18 - [MESSAGE][PASSED] - Text 'uIdRwZ0DuoD1' is set on object 'Object Repository/RecAndPlayBk/Page-Vlink-ACH-Void/input_Remittance Id'

2023-02-15 22:59:18 - [TEST_STEP][PASSED] - setText(findTestObject("Object Repository/RecAndPlayBk/Page-Vlink-ACH-Void/input_Application Id"), appID): Text '234' is set on object 'Object Repository/RecAndPlayBk/Page-Vlink-ACH-Void/input_Application Id'

2023-02-15 22:59:19 - [MESSAGE][PASSED] - Text '234' is set on object 'Object Repository/RecAndPlayBk/Page-Vlink-ACH-Void/input_Application Id'

2023-02-15 22:59:19 - [TEST_STEP][PASSED] - setText(findTestObject("Object Repository/RecAndPlayBk/Page-Vlink-ACH-Void/input_Username"), username): Text 'username' is set on object 'Object Repository/RecAndPlayBk/Page-Vlink-ACH-Void/input_Username'

2023-02-15 22:59:20 - [MESSAGE][PASSED] - Text 'username' is set on object 'Object Repository/RecAndPlayBk/Page-Vlink-ACH-Void/input_Username'

2023-02-15 22:59:20 - [TEST_STEP][PASSED] - setText(findTestObject("Object Repository/RecAndPlayBk/Page-Vlink-ACH-Void/input_Password"), password): Text 'password' is set on object 'Object Repository/RecAndPlayBk/Page-Vlink-ACH-Void/input_Password'

2023-02-15 22:59:20 - [MESSAGE][PASSED] - Text 'password' is set on object 'Object Repository/RecAndPlayBk/Page-Vlink-ACH-Void/input_Password'

2023-02-15 22:59:20 - [TEST_STEP][PASSED] - setText(findTestObject("Object Repository/RecAndPlayBk/Page-Vlink-ACH-Void/input_Check Type"), checkType): Text 'P' is set on object 'Object Repository/RecAndPlayBk/Page-Vlink-ACH-Void/input_Check Type'

2023-02-15 22:59:21 - [MESSAGE][PASSED] - Text 'P' is set on object 'Object Repository/RecAndPlayBk/Page-Vlink-ACH-Void/input_Check Type'

2023-02-15 22:59:21 - [TEST_STEP][PASSED] - setText(findTestObject("Object Repository/RecAndPlayBk/Page-Vlink-ACH-Void/input_Standard Entry Class"), sec): Text 'WEB' is set on object 'Object Repository/RecAndPlayBk/Page-Vlink-ACH-Void/input_Standard Entry Class'

2023-02-15 22:59:21 - [MESSAGE][PASSED] - Text 'WEB' is set on object 'Object Repository/RecAndPlayBk/Page-Vlink-ACH-Void/input_Standard Entry Class'

2023-02-15 22:59:21 - [TEST_STEP][PASSED] - setText(findTestObject("Object Repository/RecAndPlayBk/Page-Vlink-ACH-Void/input_Transaction ID"), VLinkSaleTranxID): Text '12126704' is set on object 'Object Repository/RecAndPlayBk/Page-Vlink-ACH-Void/input_Transaction ID'

2023-02-15 22:59:22 - [MESSAGE][PASSED] - Text '12126704' is set on object 'Object Repository/RecAndPlayBk/Page-Vlink-ACH-Void/input_Transaction ID'

2023-02-15 22:59:22 - [TEST_STEP][PASSED] - setText(findTestObject("Object Repository/RecAndPlayBk/Page-Vlink-ACH-Void/input_Original Transaction Type"), "200"): Text '200' is set on object 'Object Repository/RecAndPlayBk/Page-Vlink-ACH-Void/input_Original Transaction Type'

2023-02-15 22:59:23 - [MESSAGE][PASSED] - Text '200' is set on object 'Object Repository/RecAndPlayBk/Page-Vlink-ACH-Void/input_Original Transaction Type'

2023-02-15 22:59:23 - [TEST_STEP][PASSED] - click(findTestObject("Object Repository/RecAndPlayBk/Page-Vlink-ACH-Void/input")): Object: 'Object Repository/RecAndPlayBk/Page-Vlink-ACH-Void/input' is clicked on

2023-02-15 22:59:23 - [MESSAGE][PASSED] - Object: 'Object Repository/RecAndPlayBk/Page-Vlink-ACH-Void/input' is clicked on

2023-02-15 22:59:23 - [TEST_STEP][PASSED] - if (verifyTextPresent("Transaction approved, no errors", true)): null

2023-02-15 22:59:24 - [MESSAGE][PASSED] - Text 'Transaction approved, no errors' is present on page  using regular expression

2023-02-15 22:59:24 - [TEST_STEP][PASSED] - println("Transaction Approved, no errors text is present on the Confirmation page"): null

2023-02-15 22:59:24 - [TEST_STEP][PASSED] - out.println("Pass Record Number: " + row): null

2023-02-15 22:59:24 - [TEST_STEP][PASSED] - resText = "Pass": null

2023-02-15 22:59:24 - [TEST_STEP][PASSED] - pages.WriteExcel.demoKey(resText, datText, resColumn, datCloumn, fileLoc, nameSheet, row): pages.WriteExcel.demoKey is PASSED

2023-02-15 22:59:24 - [MESSAGE][PASSED] - pages.WriteExcel.demoKey is PASSED

2023-02-15 22:59:24 - [TEST_STEP][PASSED] - ExecuteTC = findTestData(dataFile).getValue("Execute", row): null

2023-02-15 22:59:24 - [TEST_STEP][PASSED] - out.println("Value of Execute is : " + ExecuteTC): null

2023-02-15 22:59:24 - [TEST_STEP][PASSED] - switch (executionProfile): null

2023-02-15 22:59:24 - [TEST_STEP][PASSED] - case "QAProfile":: null

2023-02-15 22:59:24 - [TEST_STEP][PASSED] - appID = findTestData(dataFile).getValue("AppIDQA", row): null

2023-02-15 22:59:24 - [TEST_STEP][PASSED] - username = findTestData(dataFile).getValue("UsernameQA", row): null

2023-02-15 22:59:24 - [TEST_STEP][PASSED] - password = findTestData(dataFile).getValue("PasswordQA", row): null

2023-02-15 22:59:24 - [TEST_STEP][PASSED] - break: null

2023-02-15 22:59:24 - [TEST_STEP][PASSED] - if (ExecuteTC.equalsIgnoreCase("Y")): null

2023-02-15 22:59:24 - [TEST_STEP][PASSED] - out.println("Begin Record Number: " + row): null

2023-02-15 22:59:24 - [TEST_STEP][PASSED] - today = new java.util.Date(): null

2023-02-15 22:59:24 - [TEST_STEP][PASSED] - println(today): null

2023-02-15 22:59:24 - [TEST_STEP][PASSED] - datText = today: null

2023-02-15 22:59:24 - [TEST_STEP][PASSED] - checkType = findTestData(dataFile).getValue("CheckType", row): null

2023-02-15 22:59:24 - [TEST_STEP][PASSED] - acNumber = findTestData(dataFile).getValue("AcNumber", row): null

2023-02-15 22:59:24 - [TEST_STEP][PASSED] - company = findTestData(dataFile).getValue("Company", row): null

2023-02-15 22:59:24 - [TEST_STEP][PASSED] - acType = findTestData(dataFile).getValue("AcType", row): null

2023-02-15 22:59:24 - [TEST_STEP][PASSED] - rtn = findTestData(dataFile).getValue("RTN", row): null

2023-02-15 22:59:24 - [TEST_STEP][PASSED] - amount = findTestData(dataFile).getValue("Amount", row): null

2023-02-15 22:59:24 - [TEST_STEP][PASSED] - sec = findTestData(dataFile).getValue("SEC", row): null

2023-02-15 22:59:24 - [TEST_STEP][PASSED] - openBrowser(VLinkURL + "debit.html"): Browser is opened with url: 'https://dev-algorithm.govolution.com/vlinktest/QA/version_2_0/debit.html'

2023-02-15 22:59:25 - [MESSAGE][WARNING] - A browser is already opened. Closing browser and opening a new one

2023-02-15 22:59:25 - [MESSAGE][INFO] - Starting 'Chrome' driver

2023-02-15 22:59:25 - [MESSAGE][INFO] - User set preference: ['acceptInsecureCerts', 'true']

2023-02-15 22:59:25 - [MESSAGE][INFO] - Action delay is set to 0 milliseconds

2023-02-15 22:59:27 - [MESSAGE][PASSED] - Browser is opened with url: 'https://dev-algorithm.govolution.com/vlinktest/QA/version_2_0/debit.html'

2023-02-15 22:59:27 - [TEST_STEP][PASSED] - maximizeWindow(): Current window maximized

2023-02-15 22:59:27 - [MESSAGE][PASSED] - Current window maximized

2023-02-15 22:59:27 - [TEST_STEP][PASSED] - genRemID = RandomStringUtils.random(12, true, true): null

2023-02-15 22:59:27 - [TEST_STEP][PASSED] - setText(findTestObject("RecAndPlayBk/Page-Vlink-Debit/input_Remittance Id"), genRemID): Text 'fvS5N6zO5T4X' is set on object 'Object Repository/RecAndPlayBk/Page-Vlink-Debit/input_Remittance Id'

2023-02-15 22:59:28 - [MESSAGE][PASSED] - Text 'fvS5N6zO5T4X' is set on object 'Object Repository/RecAndPlayBk/Page-Vlink-Debit/input_Remittance Id'

2023-02-15 22:59:28 - [TEST_STEP][PASSED] - setText(findTestObject("RecAndPlayBk/Page-Vlink-Debit/input_Application Id"), appID): Text '234' is set on object 'Object Repository/RecAndPlayBk/Page-Vlink-Debit/input_Application Id'

2023-02-15 22:59:29 - [MESSAGE][PASSED] - Text '234' is set on object 'Object Repository/RecAndPlayBk/Page-Vlink-Debit/input_Application Id'

2023-02-15 22:59:29 - [TEST_STEP][PASSED] - setText(findTestObject("RecAndPlayBk/Page-Vlink-Debit/input_Username"), username): Text 'username' is set on object 'Object Repository/RecAndPlayBk/Page-Vlink-Debit/input_Username'

2023-02-15 22:59:29 - [MESSAGE][PASSED] - Text 'username' is set on object 'Object Repository/RecAndPlayBk/Page-Vlink-Debit/input_Username'

2023-02-15 22:59:29 - [TEST_STEP][PASSED] - setText(findTestObject("RecAndPlayBk/Page-Vlink-Debit/input_Password"), password): Text 'password' is set on object 'Object Repository/RecAndPlayBk/Page-Vlink-Debit/input_Password'

2023-02-15 22:59:30 - [MESSAGE][PASSED] - Text 'password' is set on object 'Object Repository/RecAndPlayBk/Page-Vlink-Debit/input_Password'

2023-02-15 22:59:30 - [TEST_STEP][PASSED] - setText(findTestObject("RecAndPlayBk/Page-Vlink-Debit/input_Check Type"), checkType): Text 'P' is set on object 'Object Repository/RecAndPlayBk/Page-Vlink-Debit/input_Check Type'

2023-02-15 22:59:31 - [MESSAGE][PASSED] - Text 'P' is set on object 'Object Repository/RecAndPlayBk/Page-Vlink-Debit/input_Check Type'

2023-02-15 22:59:31 - [TEST_STEP][PASSED] - setText(findTestObject("RecAndPlayBk/Page-Vlink-Debit/input_Account_check"), acNumber): Text '58963214' is set on object 'Object Repository/RecAndPlayBk/Page-Vlink-Debit/input_Account_check'

2023-02-15 22:59:31 - [MESSAGE][PASSED] - Text '58963214' is set on object 'Object Repository/RecAndPlayBk/Page-Vlink-Debit/input_Account_check'

2023-02-15 22:59:31 - [TEST_STEP][PASSED] - setText(findTestObject("RecAndPlayBk/Page-Vlink-Debit/input_Company_check"), company): Text '' is set on object 'Object Repository/RecAndPlayBk/Page-Vlink-Debit/input_Company_check'

2023-02-15 22:59:32 - [MESSAGE][PASSED] - Text '' is set on object 'Object Repository/RecAndPlayBk/Page-Vlink-Debit/input_Company_check'

2023-02-15 22:59:32 - [TEST_STEP][PASSED] - setText(findTestObject("RecAndPlayBk/Page-Vlink-Debit/input_Account Type"), acType): Text '2' is set on object 'Object Repository/RecAndPlayBk/Page-Vlink-Debit/input_Account Type'

2023-02-15 22:59:32 - [MESSAGE][PASSED] - Text '2' is set on object 'Object Repository/RecAndPlayBk/Page-Vlink-Debit/input_Account Type'

2023-02-15 22:59:32 - [TEST_STEP][PASSED] - setText(findTestObject("RecAndPlayBk/Page-Vlink-Debit/input_Routing Number"), rtn): Text '256072691' is set on object 'Object Repository/RecAndPlayBk/Page-Vlink-Debit/input_Routing Number'

2023-02-15 22:59:33 - [MESSAGE][PASSED] - Text '256072691' is set on object 'Object Repository/RecAndPlayBk/Page-Vlink-Debit/input_Routing Number'

2023-02-15 22:59:33 - [TEST_STEP][PASSED] - setText(findTestObject("RecAndPlayBk/Page-Vlink-Debit/input_Amount"), amount): Text '12.50' is set on object 'Object Repository/RecAndPlayBk/Page-Vlink-Debit/input_Amount'

2023-02-15 22:59:34 - [MESSAGE][PASSED] - Text '12.50' is set on object 'Object Repository/RecAndPlayBk/Page-Vlink-Debit/input_Amount'

2023-02-15 22:59:34 - [TEST_STEP][PASSED] - setText(findTestObject("RecAndPlayBk/Page-Vlink-Debit/input_Check Email"), ""): Text '' is set on object 'Object Repository/RecAndPlayBk/Page-Vlink-Debit/input_Check Email'

2023-02-15 22:59:34 - [MESSAGE][PASSED] - Text '' is set on object 'Object Repository/RecAndPlayBk/Page-Vlink-Debit/input_Check Email'

2023-02-15 22:59:34 - [TEST_STEP][PASSED] - setText(findTestObject("Object Repository/RecAndPlayBk/Page-Vlink-Debit/input_concat(CheckWriter, , s SSN)_check_ssn"), ""): Text '' is set on object 'Object Repository/RecAndPlayBk/Page-Vlink-Debit/input_concat(CheckWriter, , s SSN)_check_ssn'

2023-02-15 22:59:35 - [MESSAGE][PASSED] - Text '' is set on object 'Object Repository/RecAndPlayBk/Page-Vlink-Debit/input_concat(CheckWriter, , s SSN)_check_ssn'

2023-02-15 22:59:35 - [TEST_STEP][PASSED] - setText(findTestObject("Object Repository/RecAndPlayBk/Page-Vlink-Debit/input_concat(CheckWriter, , s License Numbe_020fef"), ""): Text '' is set on object 'Object Repository/RecAndPlayBk/Page-Vlink-Debit/input_concat(CheckWriter, , s License Numbe_020fef'

2023-02-15 22:59:35 - [MESSAGE][PASSED] - Text '' is set on object 'Object Repository/RecAndPlayBk/Page-Vlink-Debit/input_concat(CheckWriter, , s License Numbe_020fef'

2023-02-15 22:59:35 - [TEST_STEP][PASSED] - setText(findTestObject("Object Repository/RecAndPlayBk/Page-Vlink-Debit/input_concat(CheckWriter, , s License State_21e3e7"), ""): Text '' is set on object 'Object Repository/RecAndPlayBk/Page-Vlink-Debit/input_concat(CheckWriter, , s License State_21e3e7'

2023-02-15 22:59:36 - [MESSAGE][PASSED] - Text '' is set on object 'Object Repository/RecAndPlayBk/Page-Vlink-Debit/input_concat(CheckWriter, , s License State_21e3e7'

2023-02-15 22:59:36 - [TEST_STEP][PASSED] - setText(findTestObject("RecAndPlayBk/Page-Vlink-Debit/input_Standard Entry Class"), sec): Text 'TEL' is set on object 'Object Repository/RecAndPlayBk/Page-Vlink-Debit/input_Standard Entry Class'

2023-02-15 22:59:37 - [MESSAGE][PASSED] - Text 'TEL' is set on object 'Object Repository/RecAndPlayBk/Page-Vlink-Debit/input_Standard Entry Class'

2023-02-15 22:59:37 - [TEST_STEP][PASSED] - click(findTestObject("Object Repository/RecAndPlayBk/Page-Vlink-Debit/input")): Object: 'Object Repository/RecAndPlayBk/Page-Vlink-Debit/input' is clicked on

2023-02-15 22:59:38 - [MESSAGE][PASSED] - Object: 'Object Repository/RecAndPlayBk/Page-Vlink-Debit/input' is clicked on

2023-02-15 22:59:38 - [TEST_STEP][PASSED] - if (verifyTextPresent("Transaction approved, no errors", true)): null

2023-02-15 22:59:38 - [MESSAGE][PASSED] - Text 'Transaction approved, no errors' is present on page  using regular expression

2023-02-15 22:59:38 - [TEST_STEP][PASSED] - println("Transaction Approved, no errors text is present on the Confirmation page"): null

2023-02-15 22:59:38 - [TEST_STEP][PASSED] - sdfo = getText(findTestObject("Object Repository/Page_VLinkReceipt/pre_STX")): Text of object 'Object Repository/Page_VLinkReceipt/pre_STX' is: '<STX>fvS5N6zO5T4X                  12126706            0  Transaction approved, no errors                   0                                                                                                              <ETX>'

2023-02-15 22:59:38 - [MESSAGE][PASSED] - Text of object 'Object Repository/Page_VLinkReceipt/pre_STX' is: '<STX>fvS5N6zO5T4X                  12126706            0  Transaction approved, no errors                   0                                                                                                              <ETX>'

2023-02-15 22:59:38 - [TEST_STEP][PASSED] - out.println("sdfo: " + sdfo): null

2023-02-15 22:59:38 - [TEST_STEP][PASSED] - remID = substring(5, 35).trim(): null

2023-02-15 22:59:38 - [TEST_STEP][PASSED] - out.println("remID: " + remID): null

2023-02-15 22:59:38 - [TEST_STEP][PASSED] - traxID = substring(35, 55).trim(): null

2023-02-15 22:59:38 - [TEST_STEP][PASSED] - out.println("traxID: " + traxID): null

2023-02-15 22:59:38 - [TEST_STEP][PASSED] - VLinkSaleRemID = remID: null

2023-02-15 22:59:38 - [TEST_STEP][PASSED] - VLinkSaleTranxID = traxID: null

2023-02-15 22:59:38 - [TEST_STEP][PASSED] - openBrowser(VLinkURL + "ACH_void.html"): Browser is opened with url: 'https://dev-algorithm.govolution.com/vlinktest/QA/version_2_0/ACH_void.html'

2023-02-15 22:59:38 - [MESSAGE][WARNING] - A browser is already opened. Closing browser and opening a new one

2023-02-15 22:59:39 - [MESSAGE][INFO] - Starting 'Chrome' driver

2023-02-15 22:59:39 - [MESSAGE][INFO] - User set preference: ['acceptInsecureCerts', 'true']

2023-02-15 22:59:39 - [MESSAGE][INFO] - Action delay is set to 0 milliseconds

2023-02-15 22:59:41 - [MESSAGE][PASSED] - Browser is opened with url: 'https://dev-algorithm.govolution.com/vlinktest/QA/version_2_0/ACH_void.html'

2023-02-15 22:59:41 - [TEST_STEP][PASSED] - maximizeWindow(): Current window maximized

2023-02-15 22:59:41 - [MESSAGE][PASSED] - Current window maximized

2023-02-15 22:59:41 - [TEST_STEP][PASSED] - setText(findTestObject("Object Repository/RecAndPlayBk/Page-Vlink-ACH-Void/input_Remittance Id"), VLinkSaleRemID): Text 'fvS5N6zO5T4X' is set on object 'Object Repository/RecAndPlayBk/Page-Vlink-ACH-Void/input_Remittance Id'

2023-02-15 22:59:42 - [MESSAGE][PASSED] - Text 'fvS5N6zO5T4X' is set on object 'Object Repository/RecAndPlayBk/Page-Vlink-ACH-Void/input_Remittance Id'

2023-02-15 22:59:42 - [TEST_STEP][PASSED] - setText(findTestObject("Object Repository/RecAndPlayBk/Page-Vlink-ACH-Void/input_Application Id"), appID): Text '234' is set on object 'Object Repository/RecAndPlayBk/Page-Vlink-ACH-Void/input_Application Id'

2023-02-15 22:59:42 - [MESSAGE][PASSED] - Text '234' is set on object 'Object Repository/RecAndPlayBk/Page-Vlink-ACH-Void/input_Application Id'

2023-02-15 22:59:42 - [TEST_STEP][PASSED] - setText(findTestObject("Object Repository/RecAndPlayBk/Page-Vlink-ACH-Void/input_Username"), username): Text 'username' is set on object 'Object Repository/RecAndPlayBk/Page-Vlink-ACH-Void/input_Username'

2023-02-15 22:59:43 - [MESSAGE][PASSED] - Text 'username' is set on object 'Object Repository/RecAndPlayBk/Page-Vlink-ACH-Void/input_Username'

2023-02-15 22:59:43 - [TEST_STEP][PASSED] - setText(findTestObject("Object Repository/RecAndPlayBk/Page-Vlink-ACH-Void/input_Password"), password): Text 'password' is set on object 'Object Repository/RecAndPlayBk/Page-Vlink-ACH-Void/input_Password'

2023-02-15 22:59:44 - [MESSAGE][PASSED] - Text 'password' is set on object 'Object Repository/RecAndPlayBk/Page-Vlink-ACH-Void/input_Password'

2023-02-15 22:59:44 - [TEST_STEP][PASSED] - setText(findTestObject("Object Repository/RecAndPlayBk/Page-Vlink-ACH-Void/input_Check Type"), checkType): Text 'P' is set on object 'Object Repository/RecAndPlayBk/Page-Vlink-ACH-Void/input_Check Type'

2023-02-15 22:59:44 - [MESSAGE][PASSED] - Text 'P' is set on object 'Object Repository/RecAndPlayBk/Page-Vlink-ACH-Void/input_Check Type'

2023-02-15 22:59:44 - [TEST_STEP][PASSED] - setText(findTestObject("Object Repository/RecAndPlayBk/Page-Vlink-ACH-Void/input_Standard Entry Class"), sec): Text 'TEL' is set on object 'Object Repository/RecAndPlayBk/Page-Vlink-ACH-Void/input_Standard Entry Class'

2023-02-15 22:59:45 - [MESSAGE][PASSED] - Text 'TEL' is set on object 'Object Repository/RecAndPlayBk/Page-Vlink-ACH-Void/input_Standard Entry Class'

2023-02-15 22:59:45 - [TEST_STEP][PASSED] - setText(findTestObject("Object Repository/RecAndPlayBk/Page-Vlink-ACH-Void/input_Transaction ID"), VLinkSaleTranxID): Text '12126706' is set on object 'Object Repository/RecAndPlayBk/Page-Vlink-ACH-Void/input_Transaction ID'

2023-02-15 22:59:46 - [MESSAGE][PASSED] - Text '12126706' is set on object 'Object Repository/RecAndPlayBk/Page-Vlink-ACH-Void/input_Transaction ID'

2023-02-15 22:59:46 - [TEST_STEP][PASSED] - setText(findTestObject("Object Repository/RecAndPlayBk/Page-Vlink-ACH-Void/input_Original Transaction Type"), "200"): Text '200' is set on object 'Object Repository/RecAndPlayBk/Page-Vlink-ACH-Void/input_Original Transaction Type'

2023-02-15 22:59:46 - [MESSAGE][PASSED] - Text '200' is set on object 'Object Repository/RecAndPlayBk/Page-Vlink-ACH-Void/input_Original Transaction Type'

2023-02-15 22:59:46 - [TEST_STEP][PASSED] - click(findTestObject("Object Repository/RecAndPlayBk/Page-Vlink-ACH-Void/input")): Object: 'Object Repository/RecAndPlayBk/Page-Vlink-ACH-Void/input' is clicked on

2023-02-15 22:59:47 - [MESSAGE][PASSED] - Object: 'Object Repository/RecAndPlayBk/Page-Vlink-ACH-Void/input' is clicked on

2023-02-15 22:59:47 - [TEST_STEP][PASSED] - if (verifyTextPresent("Transaction approved, no errors", true)): null

2023-02-15 22:59:47 - [MESSAGE][PASSED] - Text 'Transaction approved, no errors' is present on page  using regular expression

2023-02-15 22:59:47 - [TEST_STEP][PASSED] - println("Transaction Approved, no errors text is present on the Confirmation page"): null

2023-02-15 22:59:47 - [TEST_STEP][PASSED] - out.println("Pass Record Number: " + row): null

2023-02-15 22:59:47 - [TEST_STEP][PASSED] - resText = "Pass": null

2023-02-15 22:59:47 - [TEST_STEP][PASSED] - pages.WriteExcel.demoKey(resText, datText, resColumn, datCloumn, fileLoc, nameSheet, row): pages.WriteExcel.demoKey is PASSED

2023-02-15 22:59:47 - [MESSAGE][PASSED] - pages.WriteExcel.demoKey is PASSED

2023-02-15 22:59:47 - [TEST_STEP][PASSED] - ExecuteTC = findTestData(dataFile).getValue("Execute", row): null

2023-02-15 22:59:47 - [TEST_STEP][PASSED] - out.println("Value of Execute is : " + ExecuteTC): null

2023-02-15 22:59:47 - [TEST_STEP][PASSED] - switch (executionProfile): null

2023-02-15 22:59:47 - [TEST_STEP][PASSED] - case "QAProfile":: null

2023-02-15 22:59:47 - [TEST_STEP][PASSED] - appID = findTestData(dataFile).getValue("AppIDQA", row): null

2023-02-15 22:59:47 - [TEST_STEP][PASSED] - username = findTestData(dataFile).getValue("UsernameQA", row): null

2023-02-15 22:59:48 - [TEST_STEP][PASSED] - password = findTestData(dataFile).getValue("PasswordQA", row): null

2023-02-15 22:59:48 - [TEST_STEP][PASSED] - break: null

2023-02-15 22:59:48 - [TEST_STEP][PASSED] - if (ExecuteTC.equalsIgnoreCase("Y")): null

2023-02-15 22:59:48 - [TEST_STEP][PASSED] - out.println("Begin Record Number: " + row): null

2023-02-15 22:59:48 - [TEST_STEP][PASSED] - today = new java.util.Date(): null

2023-02-15 22:59:48 - [TEST_STEP][PASSED] - println(today): null

2023-02-15 22:59:48 - [TEST_STEP][PASSED] - datText = today: null

2023-02-15 22:59:48 - [TEST_STEP][PASSED] - checkType = findTestData(dataFile).getValue("CheckType", row): null

2023-02-15 22:59:48 - [TEST_STEP][PASSED] - acNumber = findTestData(dataFile).getValue("AcNumber", row): null

2023-02-15 22:59:48 - [TEST_STEP][PASSED] - company = findTestData(dataFile).getValue("Company", row): null

2023-02-15 22:59:48 - [TEST_STEP][PASSED] - acType = findTestData(dataFile).getValue("AcType", row): null

2023-02-15 22:59:48 - [TEST_STEP][PASSED] - rtn = findTestData(dataFile).getValue("RTN", row): null

2023-02-15 22:59:48 - [TEST_STEP][PASSED] - amount = findTestData(dataFile).getValue("Amount", row): null

2023-02-15 22:59:48 - [TEST_STEP][PASSED] - sec = findTestData(dataFile).getValue("SEC", row): null

2023-02-15 22:59:48 - [TEST_STEP][PASSED] - openBrowser(VLinkURL + "debit.html"): Browser is opened with url: 'https://dev-algorithm.govolution.com/vlinktest/QA/version_2_0/debit.html'

2023-02-15 22:59:48 - [MESSAGE][WARNING] - A browser is already opened. Closing browser and opening a new one

2023-02-15 22:59:49 - [MESSAGE][INFO] - Starting 'Chrome' driver

2023-02-15 22:59:49 - [MESSAGE][INFO] - User set preference: ['acceptInsecureCerts', 'true']

2023-02-15 22:59:49 - [MESSAGE][INFO] - Action delay is set to 0 milliseconds

2023-02-15 22:59:51 - [MESSAGE][PASSED] - Browser is opened with url: 'https://dev-algorithm.govolution.com/vlinktest/QA/version_2_0/debit.html'

2023-02-15 22:59:51 - [TEST_STEP][PASSED] - maximizeWindow(): Current window maximized

2023-02-15 22:59:51 - [MESSAGE][PASSED] - Current window maximized

2023-02-15 22:59:51 - [TEST_STEP][PASSED] - genRemID = RandomStringUtils.random(12, true, true): null

2023-02-15 22:59:51 - [TEST_STEP][PASSED] - setText(findTestObject("RecAndPlayBk/Page-Vlink-Debit/input_Remittance Id"), genRemID): Text 'a2amOFVG0hyA' is set on object 'Object Repository/RecAndPlayBk/Page-Vlink-Debit/input_Remittance Id'

2023-02-15 22:59:52 - [MESSAGE][PASSED] - Text 'a2amOFVG0hyA' is set on object 'Object Repository/RecAndPlayBk/Page-Vlink-Debit/input_Remittance Id'

2023-02-15 22:59:52 - [TEST_STEP][PASSED] - setText(findTestObject("RecAndPlayBk/Page-Vlink-Debit/input_Application Id"), appID): Text '234' is set on object 'Object Repository/RecAndPlayBk/Page-Vlink-Debit/input_Application Id'

2023-02-15 22:59:52 - [MESSAGE][PASSED] - Text '234' is set on object 'Object Repository/RecAndPlayBk/Page-Vlink-Debit/input_Application Id'

2023-02-15 22:59:52 - [TEST_STEP][PASSED] - setText(findTestObject("RecAndPlayBk/Page-Vlink-Debit/input_Username"), username): Text 'username' is set on object 'Object Repository/RecAndPlayBk/Page-Vlink-Debit/input_Username'

2023-02-15 22:59:53 - [MESSAGE][PASSED] - Text 'username' is set on object 'Object Repository/RecAndPlayBk/Page-Vlink-Debit/input_Username'

2023-02-15 22:59:53 - [TEST_STEP][PASSED] - setText(findTestObject("RecAndPlayBk/Page-Vlink-Debit/input_Password"), password): Text 'password' is set on object 'Object Repository/RecAndPlayBk/Page-Vlink-Debit/input_Password'

2023-02-15 22:59:54 - [MESSAGE][PASSED] - Text 'password' is set on object 'Object Repository/RecAndPlayBk/Page-Vlink-Debit/input_Password'

2023-02-15 22:59:54 - [TEST_STEP][PASSED] - setText(findTestObject("RecAndPlayBk/Page-Vlink-Debit/input_Check Type"), checkType): Text 'P' is set on object 'Object Repository/RecAndPlayBk/Page-Vlink-Debit/input_Check Type'

2023-02-15 22:59:55 - [MESSAGE][PASSED] - Text 'P' is set on object 'Object Repository/RecAndPlayBk/Page-Vlink-Debit/input_Check Type'

2023-02-15 22:59:55 - [TEST_STEP][PASSED] - setText(findTestObject("RecAndPlayBk/Page-Vlink-Debit/input_Account_check"), acNumber): Text '58963214' is set on object 'Object Repository/RecAndPlayBk/Page-Vlink-Debit/input_Account_check'

2023-02-15 22:59:55 - [MESSAGE][PASSED] - Text '58963214' is set on object 'Object Repository/RecAndPlayBk/Page-Vlink-Debit/input_Account_check'

2023-02-15 22:59:55 - [TEST_STEP][PASSED] - setText(findTestObject("RecAndPlayBk/Page-Vlink-Debit/input_Company_check"), company): Text '' is set on object 'Object Repository/RecAndPlayBk/Page-Vlink-Debit/input_Company_check'

2023-02-15 22:59:56 - [MESSAGE][PASSED] - Text '' is set on object 'Object Repository/RecAndPlayBk/Page-Vlink-Debit/input_Company_check'

2023-02-15 22:59:56 - [TEST_STEP][PASSED] - setText(findTestObject("RecAndPlayBk/Page-Vlink-Debit/input_Account Type"), acType): Text '2' is set on object 'Object Repository/RecAndPlayBk/Page-Vlink-Debit/input_Account Type'

2023-02-15 22:59:57 - [MESSAGE][PASSED] - Text '2' is set on object 'Object Repository/RecAndPlayBk/Page-Vlink-Debit/input_Account Type'

2023-02-15 22:59:57 - [TEST_STEP][PASSED] - setText(findTestObject("RecAndPlayBk/Page-Vlink-Debit/input_Routing Number"), rtn): Text '256072691' is set on object 'Object Repository/RecAndPlayBk/Page-Vlink-Debit/input_Routing Number'

2023-02-15 22:59:57 - [MESSAGE][PASSED] - Text '256072691' is set on object 'Object Repository/RecAndPlayBk/Page-Vlink-Debit/input_Routing Number'

2023-02-15 22:59:57 - [TEST_STEP][PASSED] - setText(findTestObject("RecAndPlayBk/Page-Vlink-Debit/input_Amount"), amount): Text '12.50' is set on object 'Object Repository/RecAndPlayBk/Page-Vlink-Debit/input_Amount'

2023-02-15 22:59:58 - [MESSAGE][PASSED] - Text '12.50' is set on object 'Object Repository/RecAndPlayBk/Page-Vlink-Debit/input_Amount'

2023-02-15 22:59:58 - [TEST_STEP][PASSED] - setText(findTestObject("RecAndPlayBk/Page-Vlink-Debit/input_Check Email"), ""): Text '' is set on object 'Object Repository/RecAndPlayBk/Page-Vlink-Debit/input_Check Email'

2023-02-15 22:59:59 - [MESSAGE][PASSED] - Text '' is set on object 'Object Repository/RecAndPlayBk/Page-Vlink-Debit/input_Check Email'

2023-02-15 22:59:59 - [TEST_STEP][PASSED] - setText(findTestObject("Object Repository/RecAndPlayBk/Page-Vlink-Debit/input_concat(CheckWriter, , s SSN)_check_ssn"), ""): Text '' is set on object 'Object Repository/RecAndPlayBk/Page-Vlink-Debit/input_concat(CheckWriter, , s SSN)_check_ssn'

2023-02-15 22:59:59 - [MESSAGE][PASSED] - Text '' is set on object 'Object Repository/RecAndPlayBk/Page-Vlink-Debit/input_concat(CheckWriter, , s SSN)_check_ssn'

2023-02-15 22:59:59 - [TEST_STEP][PASSED] - setText(findTestObject("Object Repository/RecAndPlayBk/Page-Vlink-Debit/input_concat(CheckWriter, , s License Numbe_020fef"), ""): Text '' is set on object 'Object Repository/RecAndPlayBk/Page-Vlink-Debit/input_concat(CheckWriter, , s License Numbe_020fef'

2023-02-15 23:00:00 - [MESSAGE][PASSED] - Text '' is set on object 'Object Repository/RecAndPlayBk/Page-Vlink-Debit/input_concat(CheckWriter, , s License Numbe_020fef'

2023-02-15 23:00:00 - [TEST_STEP][PASSED] - setText(findTestObject("Object Repository/RecAndPlayBk/Page-Vlink-Debit/input_concat(CheckWriter, , s License State_21e3e7"), ""): Text '' is set on object 'Object Repository/RecAndPlayBk/Page-Vlink-Debit/input_concat(CheckWriter, , s License State_21e3e7'

2023-02-15 23:00:01 - [MESSAGE][PASSED] - Text '' is set on object 'Object Repository/RecAndPlayBk/Page-Vlink-Debit/input_concat(CheckWriter, , s License State_21e3e7'

2023-02-15 23:00:01 - [TEST_STEP][PASSED] - setText(findTestObject("RecAndPlayBk/Page-Vlink-Debit/input_Standard Entry Class"), sec): Text 'PPD' is set on object 'Object Repository/RecAndPlayBk/Page-Vlink-Debit/input_Standard Entry Class'

2023-02-15 23:00:01 - [MESSAGE][PASSED] - Text 'PPD' is set on object 'Object Repository/RecAndPlayBk/Page-Vlink-Debit/input_Standard Entry Class'

2023-02-15 23:00:02 - [TEST_STEP][PASSED] - click(findTestObject("Object Repository/RecAndPlayBk/Page-Vlink-Debit/input")): Object: 'Object Repository/RecAndPlayBk/Page-Vlink-Debit/input' is clicked on

2023-02-15 23:00:02 - [MESSAGE][PASSED] - Object: 'Object Repository/RecAndPlayBk/Page-Vlink-Debit/input' is clicked on

2023-02-15 23:00:02 - [TEST_STEP][PASSED] - if (verifyTextPresent("Transaction approved, no errors", true)): null

2023-02-15 23:00:03 - [MESSAGE][PASSED] - Text 'Transaction approved, no errors' is present on page  using regular expression

2023-02-15 23:00:03 - [TEST_STEP][PASSED] - println("Transaction Approved, no errors text is present on the Confirmation page"): null

2023-02-15 23:00:03 - [TEST_STEP][PASSED] - sdfo = getText(findTestObject("Object Repository/Page_VLinkReceipt/pre_STX")): Text of object 'Object Repository/Page_VLinkReceipt/pre_STX' is: '<STX>a2amOFVG0hyA                  12126708            0  Transaction approved, no errors                   0                                                                                                              <ETX>'

2023-02-15 23:00:03 - [MESSAGE][PASSED] - Text of object 'Object Repository/Page_VLinkReceipt/pre_STX' is: '<STX>a2amOFVG0hyA                  12126708            0  Transaction approved, no errors                   0                                                                                                              <ETX>'

2023-02-15 23:00:03 - [TEST_STEP][PASSED] - out.println("sdfo: " + sdfo): null

2023-02-15 23:00:03 - [TEST_STEP][PASSED] - remID = substring(5, 35).trim(): null

2023-02-15 23:00:03 - [TEST_STEP][PASSED] - out.println("remID: " + remID): null

2023-02-15 23:00:03 - [TEST_STEP][PASSED] - traxID = substring(35, 55).trim(): null

2023-02-15 23:00:03 - [TEST_STEP][PASSED] - out.println("traxID: " + traxID): null

2023-02-15 23:00:03 - [TEST_STEP][PASSED] - VLinkSaleRemID = remID: null

2023-02-15 23:00:03 - [TEST_STEP][PASSED] - VLinkSaleTranxID = traxID: null

2023-02-15 23:00:03 - [TEST_STEP][PASSED] - openBrowser(VLinkURL + "ACH_void.html"): Browser is opened with url: 'https://dev-algorithm.govolution.com/vlinktest/QA/version_2_0/ACH_void.html'

2023-02-15 23:00:03 - [MESSAGE][WARNING] - A browser is already opened. Closing browser and opening a new one

2023-02-15 23:00:04 - [MESSAGE][INFO] - Starting 'Chrome' driver

2023-02-15 23:00:04 - [MESSAGE][INFO] - User set preference: ['acceptInsecureCerts', 'true']

2023-02-15 23:00:04 - [MESSAGE][INFO] - Action delay is set to 0 milliseconds

2023-02-15 23:00:06 - [MESSAGE][PASSED] - Browser is opened with url: 'https://dev-algorithm.govolution.com/vlinktest/QA/version_2_0/ACH_void.html'

2023-02-15 23:00:06 - [TEST_STEP][PASSED] - maximizeWindow(): Current window maximized

2023-02-15 23:00:06 - [MESSAGE][PASSED] - Current window maximized

2023-02-15 23:00:06 - [TEST_STEP][PASSED] - setText(findTestObject("Object Repository/RecAndPlayBk/Page-Vlink-ACH-Void/input_Remittance Id"), VLinkSaleRemID): Text 'a2amOFVG0hyA' is set on object 'Object Repository/RecAndPlayBk/Page-Vlink-ACH-Void/input_Remittance Id'

2023-02-15 23:00:07 - [MESSAGE][PASSED] - Text 'a2amOFVG0hyA' is set on object 'Object Repository/RecAndPlayBk/Page-Vlink-ACH-Void/input_Remittance Id'

2023-02-15 23:00:07 - [TEST_STEP][PASSED] - setText(findTestObject("Object Repository/RecAndPlayBk/Page-Vlink-ACH-Void/input_Application Id"), appID): Text '234' is set on object 'Object Repository/RecAndPlayBk/Page-Vlink-ACH-Void/input_Application Id'

2023-02-15 23:00:07 - [MESSAGE][PASSED] - Text '234' is set on object 'Object Repository/RecAndPlayBk/Page-Vlink-ACH-Void/input_Application Id'

2023-02-15 23:00:07 - [TEST_STEP][PASSED] - setText(findTestObject("Object Repository/RecAndPlayBk/Page-Vlink-ACH-Void/input_Username"), username): Text 'username' is set on object 'Object Repository/RecAndPlayBk/Page-Vlink-ACH-Void/input_Username'

2023-02-15 23:00:08 - [MESSAGE][PASSED] - Text 'username' is set on object 'Object Repository/RecAndPlayBk/Page-Vlink-ACH-Void/input_Username'

2023-02-15 23:00:08 - [TEST_STEP][PASSED] - setText(findTestObject("Object Repository/RecAndPlayBk/Page-Vlink-ACH-Void/input_Password"), password): Text 'password' is set on object 'Object Repository/RecAndPlayBk/Page-Vlink-ACH-Void/input_Password'

2023-02-15 23:00:08 - [MESSAGE][PASSED] - Text 'password' is set on object 'Object Repository/RecAndPlayBk/Page-Vlink-ACH-Void/input_Password'

2023-02-15 23:00:08 - [TEST_STEP][PASSED] - setText(findTestObject("Object Repository/RecAndPlayBk/Page-Vlink-ACH-Void/input_Check Type"), checkType): Text 'P' is set on object 'Object Repository/RecAndPlayBk/Page-Vlink-ACH-Void/input_Check Type'

2023-02-15 23:00:09 - [MESSAGE][PASSED] - Text 'P' is set on object 'Object Repository/RecAndPlayBk/Page-Vlink-ACH-Void/input_Check Type'

2023-02-15 23:00:09 - [TEST_STEP][PASSED] - setText(findTestObject("Object Repository/RecAndPlayBk/Page-Vlink-ACH-Void/input_Standard Entry Class"), sec): Text 'PPD' is set on object 'Object Repository/RecAndPlayBk/Page-Vlink-ACH-Void/input_Standard Entry Class'

2023-02-15 23:00:10 - [MESSAGE][PASSED] - Text 'PPD' is set on object 'Object Repository/RecAndPlayBk/Page-Vlink-ACH-Void/input_Standard Entry Class'

2023-02-15 23:00:10 - [TEST_STEP][PASSED] - setText(findTestObject("Object Repository/RecAndPlayBk/Page-Vlink-ACH-Void/input_Transaction ID"), VLinkSaleTranxID): Text '12126708' is set on object 'Object Repository/RecAndPlayBk/Page-Vlink-ACH-Void/input_Transaction ID'

2023-02-15 23:00:10 - [MESSAGE][PASSED] - Text '12126708' is set on object 'Object Repository/RecAndPlayBk/Page-Vlink-ACH-Void/input_Transaction ID'

2023-02-15 23:00:10 - [TEST_STEP][PASSED] - setText(findTestObject("Object Repository/RecAndPlayBk/Page-Vlink-ACH-Void/input_Original Transaction Type"), "200"): Text '200' is set on object 'Object Repository/RecAndPlayBk/Page-Vlink-ACH-Void/input_Original Transaction Type'

2023-02-15 23:00:11 - [MESSAGE][PASSED] - Text '200' is set on object 'Object Repository/RecAndPlayBk/Page-Vlink-ACH-Void/input_Original Transaction Type'

2023-02-15 23:00:11 - [TEST_STEP][PASSED] - click(findTestObject("Object Repository/RecAndPlayBk/Page-Vlink-ACH-Void/input")): Object: 'Object Repository/RecAndPlayBk/Page-Vlink-ACH-Void/input' is clicked on

2023-02-15 23:00:12 - [MESSAGE][PASSED] - Object: 'Object Repository/RecAndPlayBk/Page-Vlink-ACH-Void/input' is clicked on

2023-02-15 23:00:12 - [TEST_STEP][PASSED] - if (verifyTextPresent("Transaction approved, no errors", true)): null

2023-02-15 23:00:12 - [MESSAGE][PASSED] - Text 'Transaction approved, no errors' is present on page  using regular expression

2023-02-15 23:00:12 - [TEST_STEP][PASSED] - println("Transaction Approved, no errors text is present on the Confirmation page"): null

2023-02-15 23:00:12 - [TEST_STEP][PASSED] - out.println("Pass Record Number: " + row): null

2023-02-15 23:00:12 - [TEST_STEP][PASSED] - resText = "Pass": null

2023-02-15 23:00:12 - [TEST_STEP][PASSED] - pages.WriteExcel.demoKey(resText, datText, resColumn, datCloumn, fileLoc, nameSheet, row): pages.WriteExcel.demoKey is PASSED

2023-02-15 23:00:12 - [MESSAGE][PASSED] - pages.WriteExcel.demoKey is PASSED

2023-02-15 23:00:12 - [TEST_STEP][PASSED] - ExecuteTC = findTestData(dataFile).getValue("Execute", row): null

2023-02-15 23:00:12 - [TEST_STEP][PASSED] - out.println("Value of Execute is : " + ExecuteTC): null

2023-02-15 23:00:12 - [TEST_STEP][PASSED] - switch (executionProfile): null

2023-02-15 23:00:12 - [TEST_STEP][PASSED] - case "QAProfile":: null

2023-02-15 23:00:12 - [TEST_STEP][PASSED] - appID = findTestData(dataFile).getValue("AppIDQA", row): null

2023-02-15 23:00:12 - [TEST_STEP][PASSED] - username = findTestData(dataFile).getValue("UsernameQA", row): null

2023-02-15 23:00:12 - [TEST_STEP][PASSED] - password = findTestData(dataFile).getValue("PasswordQA", row): null

2023-02-15 23:00:12 - [TEST_STEP][PASSED] - break: null

2023-02-15 23:00:12 - [TEST_STEP][PASSED] - if (ExecuteTC.equalsIgnoreCase("Y")): null

2023-02-15 23:00:12 - [TEST_STEP][PASSED] - out.println("Begin Record Number: " + row): null

2023-02-15 23:00:12 - [TEST_STEP][PASSED] - today = new java.util.Date(): null

2023-02-15 23:00:12 - [TEST_STEP][PASSED] - println(today): null

2023-02-15 23:00:12 - [TEST_STEP][PASSED] - datText = today: null

2023-02-15 23:00:12 - [TEST_STEP][PASSED] - checkType = findTestData(dataFile).getValue("CheckType", row): null

2023-02-15 23:00:12 - [TEST_STEP][PASSED] - acNumber = findTestData(dataFile).getValue("AcNumber", row): null

2023-02-15 23:00:12 - [TEST_STEP][PASSED] - company = findTestData(dataFile).getValue("Company", row): null

2023-02-15 23:00:12 - [TEST_STEP][PASSED] - acType = findTestData(dataFile).getValue("AcType", row): null

2023-02-15 23:00:13 - [TEST_STEP][PASSED] - rtn = findTestData(dataFile).getValue("RTN", row): null

2023-02-15 23:00:13 - [TEST_STEP][PASSED] - amount = findTestData(dataFile).getValue("Amount", row): null

2023-02-15 23:00:13 - [TEST_STEP][PASSED] - sec = findTestData(dataFile).getValue("SEC", row): null

2023-02-15 23:00:13 - [TEST_STEP][PASSED] - openBrowser(VLinkURL + "debit.html"): Browser is opened with url: 'https://dev-algorithm.govolution.com/vlinktest/QA/version_2_0/debit.html'

2023-02-15 23:00:13 - [MESSAGE][WARNING] - A browser is already opened. Closing browser and opening a new one

2023-02-15 23:00:14 - [MESSAGE][INFO] - Starting 'Chrome' driver

2023-02-15 23:00:14 - [MESSAGE][INFO] - User set preference: ['acceptInsecureCerts', 'true']

2023-02-15 23:00:14 - [MESSAGE][INFO] - Action delay is set to 0 milliseconds

2023-02-15 23:00:15 - [MESSAGE][PASSED] - Browser is opened with url: 'https://dev-algorithm.govolution.com/vlinktest/QA/version_2_0/debit.html'

2023-02-15 23:00:15 - [TEST_STEP][PASSED] - maximizeWindow(): Current window maximized

2023-02-15 23:00:16 - [MESSAGE][PASSED] - Current window maximized

2023-02-15 23:00:16 - [TEST_STEP][PASSED] - genRemID = RandomStringUtils.random(12, true, true): null

2023-02-15 23:00:16 - [TEST_STEP][PASSED] - setText(findTestObject("RecAndPlayBk/Page-Vlink-Debit/input_Remittance Id"), genRemID): Text 'HpSGWmnk48hl' is set on object 'Object Repository/RecAndPlayBk/Page-Vlink-Debit/input_Remittance Id'

2023-02-15 23:00:16 - [MESSAGE][PASSED] - Text 'HpSGWmnk48hl' is set on object 'Object Repository/RecAndPlayBk/Page-Vlink-Debit/input_Remittance Id'

2023-02-15 23:00:16 - [TEST_STEP][PASSED] - setText(findTestObject("RecAndPlayBk/Page-Vlink-Debit/input_Application Id"), appID): Text '234' is set on object 'Object Repository/RecAndPlayBk/Page-Vlink-Debit/input_Application Id'

2023-02-15 23:00:17 - [MESSAGE][PASSED] - Text '234' is set on object 'Object Repository/RecAndPlayBk/Page-Vlink-Debit/input_Application Id'

2023-02-15 23:00:17 - [TEST_STEP][PASSED] - setText(findTestObject("RecAndPlayBk/Page-Vlink-Debit/input_Username"), username): Text 'username' is set on object 'Object Repository/RecAndPlayBk/Page-Vlink-Debit/input_Username'

2023-02-15 23:00:18 - [MESSAGE][PASSED] - Text 'username' is set on object 'Object Repository/RecAndPlayBk/Page-Vlink-Debit/input_Username'

2023-02-15 23:00:18 - [TEST_STEP][PASSED] - setText(findTestObject("RecAndPlayBk/Page-Vlink-Debit/input_Password"), password): Text 'password' is set on object 'Object Repository/RecAndPlayBk/Page-Vlink-Debit/input_Password'

2023-02-15 23:00:18 - [MESSAGE][PASSED] - Text 'password' is set on object 'Object Repository/RecAndPlayBk/Page-Vlink-Debit/input_Password'

2023-02-15 23:00:18 - [TEST_STEP][PASSED] - setText(findTestObject("RecAndPlayBk/Page-Vlink-Debit/input_Check Type"), checkType): Text 'C' is set on object 'Object Repository/RecAndPlayBk/Page-Vlink-Debit/input_Check Type'

2023-02-15 23:00:19 - [MESSAGE][PASSED] - Text 'C' is set on object 'Object Repository/RecAndPlayBk/Page-Vlink-Debit/input_Check Type'

2023-02-15 23:00:19 - [TEST_STEP][PASSED] - setText(findTestObject("RecAndPlayBk/Page-Vlink-Debit/input_Account_check"), acNumber): Text '58963214' is set on object 'Object Repository/RecAndPlayBk/Page-Vlink-Debit/input_Account_check'

2023-02-15 23:00:20 - [MESSAGE][PASSED] - Text '58963214' is set on object 'Object Repository/RecAndPlayBk/Page-Vlink-Debit/input_Account_check'

2023-02-15 23:00:20 - [TEST_STEP][PASSED] - setText(findTestObject("RecAndPlayBk/Page-Vlink-Debit/input_Company_check"), company): Text 'My Company' is set on object 'Object Repository/RecAndPlayBk/Page-Vlink-Debit/input_Company_check'

2023-02-15 23:00:20 - [MESSAGE][PASSED] - Text 'My Company' is set on object 'Object Repository/RecAndPlayBk/Page-Vlink-Debit/input_Company_check'

2023-02-15 23:00:20 - [TEST_STEP][PASSED] - setText(findTestObject("RecAndPlayBk/Page-Vlink-Debit/input_Account Type"), acType): Text '' is set on object 'Object Repository/RecAndPlayBk/Page-Vlink-Debit/input_Account Type'

2023-02-15 23:00:21 - [MESSAGE][PASSED] - Text '' is set on object 'Object Repository/RecAndPlayBk/Page-Vlink-Debit/input_Account Type'

2023-02-15 23:00:21 - [TEST_STEP][PASSED] - setText(findTestObject("RecAndPlayBk/Page-Vlink-Debit/input_Routing Number"), rtn): Text '256072691' is set on object 'Object Repository/RecAndPlayBk/Page-Vlink-Debit/input_Routing Number'

2023-02-15 23:00:21 - [MESSAGE][PASSED] - Text '256072691' is set on object 'Object Repository/RecAndPlayBk/Page-Vlink-Debit/input_Routing Number'

2023-02-15 23:00:21 - [TEST_STEP][PASSED] - setText(findTestObject("RecAndPlayBk/Page-Vlink-Debit/input_Amount"), amount): Text '12.50' is set on object 'Object Repository/RecAndPlayBk/Page-Vlink-Debit/input_Amount'

2023-02-15 23:00:22 - [MESSAGE][PASSED] - Text '12.50' is set on object 'Object Repository/RecAndPlayBk/Page-Vlink-Debit/input_Amount'

2023-02-15 23:00:22 - [TEST_STEP][PASSED] - setText(findTestObject("RecAndPlayBk/Page-Vlink-Debit/input_Check Email"), ""): Text '' is set on object 'Object Repository/RecAndPlayBk/Page-Vlink-Debit/input_Check Email'

2023-02-15 23:00:23 - [MESSAGE][PASSED] - Text '' is set on object 'Object Repository/RecAndPlayBk/Page-Vlink-Debit/input_Check Email'

2023-02-15 23:00:23 - [TEST_STEP][PASSED] - setText(findTestObject("Object Repository/RecAndPlayBk/Page-Vlink-Debit/input_concat(CheckWriter, , s SSN)_check_ssn"), ""): Text '' is set on object 'Object Repository/RecAndPlayBk/Page-Vlink-Debit/input_concat(CheckWriter, , s SSN)_check_ssn'

2023-02-15 23:00:23 - [MESSAGE][PASSED] - Text '' is set on object 'Object Repository/RecAndPlayBk/Page-Vlink-Debit/input_concat(CheckWriter, , s SSN)_check_ssn'

2023-02-15 23:00:23 - [TEST_STEP][PASSED] - setText(findTestObject("Object Repository/RecAndPlayBk/Page-Vlink-Debit/input_concat(CheckWriter, , s License Numbe_020fef"), ""): Text '' is set on object 'Object Repository/RecAndPlayBk/Page-Vlink-Debit/input_concat(CheckWriter, , s License Numbe_020fef'

2023-02-15 23:00:24 - [MESSAGE][PASSED] - Text '' is set on object 'Object Repository/RecAndPlayBk/Page-Vlink-Debit/input_concat(CheckWriter, , s License Numbe_020fef'

2023-02-15 23:00:24 - [TEST_STEP][PASSED] - setText(findTestObject("Object Repository/RecAndPlayBk/Page-Vlink-Debit/input_concat(CheckWriter, , s License State_21e3e7"), ""): Text '' is set on object 'Object Repository/RecAndPlayBk/Page-Vlink-Debit/input_concat(CheckWriter, , s License State_21e3e7'

2023-02-15 23:00:24 - [MESSAGE][PASSED] - Text '' is set on object 'Object Repository/RecAndPlayBk/Page-Vlink-Debit/input_concat(CheckWriter, , s License State_21e3e7'

2023-02-15 23:00:24 - [TEST_STEP][PASSED] - setText(findTestObject("RecAndPlayBk/Page-Vlink-Debit/input_Standard Entry Class"), sec): Text 'CCD' is set on object 'Object Repository/RecAndPlayBk/Page-Vlink-Debit/input_Standard Entry Class'

2023-02-15 23:00:25 - [MESSAGE][PASSED] - Text 'CCD' is set on object 'Object Repository/RecAndPlayBk/Page-Vlink-Debit/input_Standard Entry Class'

2023-02-15 23:00:25 - [TEST_STEP][PASSED] - click(findTestObject("Object Repository/RecAndPlayBk/Page-Vlink-Debit/input")): Object: 'Object Repository/RecAndPlayBk/Page-Vlink-Debit/input' is clicked on

2023-02-15 23:00:26 - [MESSAGE][PASSED] - Object: 'Object Repository/RecAndPlayBk/Page-Vlink-Debit/input' is clicked on

2023-02-15 23:00:26 - [TEST_STEP][PASSED] - if (verifyTextPresent("Transaction approved, no errors", true)): null

2023-02-15 23:00:26 - [MESSAGE][PASSED] - Text 'Transaction approved, no errors' is present on page  using regular expression

2023-02-15 23:00:26 - [TEST_STEP][PASSED] - println("Transaction Approved, no errors text is present on the Confirmation page"): null

2023-02-15 23:00:26 - [TEST_STEP][PASSED] - sdfo = getText(findTestObject("Object Repository/Page_VLinkReceipt/pre_STX")): Text of object 'Object Repository/Page_VLinkReceipt/pre_STX' is: '<STX>HpSGWmnk48hl                  12126710            0  Transaction approved, no errors                   0                                                                                                              <ETX>'

2023-02-15 23:00:27 - [MESSAGE][PASSED] - Text of object 'Object Repository/Page_VLinkReceipt/pre_STX' is: '<STX>HpSGWmnk48hl                  12126710            0  Transaction approved, no errors                   0                                                                                                              <ETX>'

2023-02-15 23:00:27 - [TEST_STEP][PASSED] - out.println("sdfo: " + sdfo): null

2023-02-15 23:00:27 - [TEST_STEP][PASSED] - remID = substring(5, 35).trim(): null

2023-02-15 23:00:27 - [TEST_STEP][PASSED] - out.println("remID: " + remID): null

2023-02-15 23:00:27 - [TEST_STEP][PASSED] - traxID = substring(35, 55).trim(): null

2023-02-15 23:00:27 - [TEST_STEP][PASSED] - out.println("traxID: " + traxID): null

2023-02-15 23:00:27 - [TEST_STEP][PASSED] - VLinkSaleRemID = remID: null

2023-02-15 23:00:27 - [TEST_STEP][PASSED] - VLinkSaleTranxID = traxID: null

2023-02-15 23:00:27 - [TEST_STEP][PASSED] - openBrowser(VLinkURL + "ACH_void.html"): Browser is opened with url: 'https://dev-algorithm.govolution.com/vlinktest/QA/version_2_0/ACH_void.html'

2023-02-15 23:00:27 - [MESSAGE][WARNING] - A browser is already opened. Closing browser and opening a new one

2023-02-15 23:00:27 - [MESSAGE][INFO] - Starting 'Chrome' driver

2023-02-15 23:00:27 - [MESSAGE][INFO] - User set preference: ['acceptInsecureCerts', 'true']

2023-02-15 23:00:27 - [MESSAGE][INFO] - Action delay is set to 0 milliseconds

2023-02-15 23:00:29 - [MESSAGE][PASSED] - Browser is opened with url: 'https://dev-algorithm.govolution.com/vlinktest/QA/version_2_0/ACH_void.html'

2023-02-15 23:00:29 - [TEST_STEP][PASSED] - maximizeWindow(): Current window maximized

2023-02-15 23:00:29 - [MESSAGE][PASSED] - Current window maximized

2023-02-15 23:00:29 - [TEST_STEP][PASSED] - setText(findTestObject("Object Repository/RecAndPlayBk/Page-Vlink-ACH-Void/input_Remittance Id"), VLinkSaleRemID): Text 'HpSGWmnk48hl' is set on object 'Object Repository/RecAndPlayBk/Page-Vlink-ACH-Void/input_Remittance Id'

2023-02-15 23:00:30 - [MESSAGE][PASSED] - Text 'HpSGWmnk48hl' is set on object 'Object Repository/RecAndPlayBk/Page-Vlink-ACH-Void/input_Remittance Id'

2023-02-15 23:00:30 - [TEST_STEP][PASSED] - setText(findTestObject("Object Repository/RecAndPlayBk/Page-Vlink-ACH-Void/input_Application Id"), appID): Text '234' is set on object 'Object Repository/RecAndPlayBk/Page-Vlink-ACH-Void/input_Application Id'

2023-02-15 23:00:31 - [MESSAGE][PASSED] - Text '234' is set on object 'Object Repository/RecAndPlayBk/Page-Vlink-ACH-Void/input_Application Id'

2023-02-15 23:00:31 - [TEST_STEP][PASSED] - setText(findTestObject("Object Repository/RecAndPlayBk/Page-Vlink-ACH-Void/input_Username"), username): Text 'username' is set on object 'Object Repository/RecAndPlayBk/Page-Vlink-ACH-Void/input_Username'

2023-02-15 23:00:31 - [MESSAGE][PASSED] - Text 'username' is set on object 'Object Repository/RecAndPlayBk/Page-Vlink-ACH-Void/input_Username'

2023-02-15 23:00:31 - [TEST_STEP][PASSED] - setText(findTestObject("Object Repository/RecAndPlayBk/Page-Vlink-ACH-Void/input_Password"), password): Text 'password' is set on object 'Object Repository/RecAndPlayBk/Page-Vlink-ACH-Void/input_Password'

2023-02-15 23:00:32 - [MESSAGE][PASSED] - Text 'password' is set on object 'Object Repository/RecAndPlayBk/Page-Vlink-ACH-Void/input_Password'

2023-02-15 23:00:32 - [TEST_STEP][PASSED] - setText(findTestObject("Object Repository/RecAndPlayBk/Page-Vlink-ACH-Void/input_Check Type"), checkType): Text 'C' is set on object 'Object Repository/RecAndPlayBk/Page-Vlink-ACH-Void/input_Check Type'

2023-02-15 23:00:33 - [MESSAGE][PASSED] - Text 'C' is set on object 'Object Repository/RecAndPlayBk/Page-Vlink-ACH-Void/input_Check Type'

2023-02-15 23:00:33 - [TEST_STEP][PASSED] - setText(findTestObject("Object Repository/RecAndPlayBk/Page-Vlink-ACH-Void/input_Standard Entry Class"), sec): Text 'CCD' is set on object 'Object Repository/RecAndPlayBk/Page-Vlink-ACH-Void/input_Standard Entry Class'

2023-02-15 23:00:33 - [MESSAGE][PASSED] - Text 'CCD' is set on object 'Object Repository/RecAndPlayBk/Page-Vlink-ACH-Void/input_Standard Entry Class'

2023-02-15 23:00:33 - [TEST_STEP][PASSED] - setText(findTestObject("Object Repository/RecAndPlayBk/Page-Vlink-ACH-Void/input_Transaction ID"), VLinkSaleTranxID): Text '12126710' is set on object 'Object Repository/RecAndPlayBk/Page-Vlink-ACH-Void/input_Transaction ID'

2023-02-15 23:00:34 - [MESSAGE][PASSED] - Text '12126710' is set on object 'Object Repository/RecAndPlayBk/Page-Vlink-ACH-Void/input_Transaction ID'

2023-02-15 23:00:34 - [TEST_STEP][PASSED] - setText(findTestObject("Object Repository/RecAndPlayBk/Page-Vlink-ACH-Void/input_Original Transaction Type"), "200"): Text '200' is set on object 'Object Repository/RecAndPlayBk/Page-Vlink-ACH-Void/input_Original Transaction Type'

2023-02-15 23:00:34 - [MESSAGE][PASSED] - Text '200' is set on object 'Object Repository/RecAndPlayBk/Page-Vlink-ACH-Void/input_Original Transaction Type'

2023-02-15 23:00:34 - [TEST_STEP][PASSED] - click(findTestObject("Object Repository/RecAndPlayBk/Page-Vlink-ACH-Void/input")): Object: 'Object Repository/RecAndPlayBk/Page-Vlink-ACH-Void/input' is clicked on

2023-02-15 23:00:35 - [MESSAGE][PASSED] - Object: 'Object Repository/RecAndPlayBk/Page-Vlink-ACH-Void/input' is clicked on

2023-02-15 23:00:35 - [TEST_STEP][PASSED] - if (verifyTextPresent("Transaction approved, no errors", true)): null

2023-02-15 23:00:36 - [MESSAGE][PASSED] - Text 'Transaction approved, no errors' is present on page  using regular expression

2023-02-15 23:00:36 - [TEST_STEP][PASSED] - println("Transaction Approved, no errors text is present on the Confirmation page"): null

2023-02-15 23:00:36 - [TEST_STEP][PASSED] - out.println("Pass Record Number: " + row): null

2023-02-15 23:00:36 - [TEST_STEP][PASSED] - resText = "Pass": null

2023-02-15 23:00:36 - [TEST_STEP][PASSED] - pages.WriteExcel.demoKey(resText, datText, resColumn, datCloumn, fileLoc, nameSheet, row): pages.WriteExcel.demoKey is PASSED

2023-02-15 23:00:36 - [MESSAGE][PASSED] - pages.WriteExcel.demoKey is PASSED]]></system-out>
         <system-err><![CDATA[]]></system-err>
      </testcase>
      <testcase name="Test Cases/RecAndPlayBk/VLink/Debit-Credit" time="174.893" classname="Test Cases/RecAndPlayBk/VLink/Debit-Credit" status="PASSED">
         <system-out><![CDATA[2023-02-15 23:00:36 - [TEST_CASE][PASSED] - Test Cases/RecAndPlayBk/VLink/Debit-Credit: Test Cases/RecAndPlayBk/VLink/Debit-Credit

2023-02-15 23:00:36 - [TEST_STEP][PASSED] - executionProfile = getExecutionProfile(): null

2023-02-15 23:00:36 - [TEST_STEP][PASSED] - out.println("executionProfile : " + executionProfile): null

2023-02-15 23:00:36 - [TEST_STEP][PASSED] - appName = <not implemented yet for class: org.codehaus.groovy.ast.expr.EmptyExpression>: null

2023-02-15 23:00:36 - [TEST_STEP][PASSED] - appID = <not implemented yet for class: org.codehaus.groovy.ast.expr.EmptyExpression>: null

2023-02-15 23:00:36 - [TEST_STEP][PASSED] - username = <not implemented yet for class: org.codehaus.groovy.ast.expr.EmptyExpression>: null

2023-02-15 23:00:36 - [TEST_STEP][PASSED] - password = <not implemented yet for class: org.codehaus.groovy.ast.expr.EmptyExpression>: null

2023-02-15 23:00:36 - [TEST_STEP][PASSED] - cardNameV = <not implemented yet for class: org.codehaus.groovy.ast.expr.EmptyExpression>: null

2023-02-15 23:00:36 - [TEST_STEP][PASSED] - al1V = <not implemented yet for class: org.codehaus.groovy.ast.expr.EmptyExpression>: null

2023-02-15 23:00:36 - [TEST_STEP][PASSED] - al2V = <not implemented yet for class: org.codehaus.groovy.ast.expr.EmptyExpression>: null

2023-02-15 23:00:36 - [TEST_STEP][PASSED] - zipV = <not implemented yet for class: org.codehaus.groovy.ast.expr.EmptyExpression>: null

2023-02-15 23:00:36 - [TEST_STEP][PASSED] - cardTypeV = <not implemented yet for class: org.codehaus.groovy.ast.expr.EmptyExpression>: null

2023-02-15 23:00:36 - [TEST_STEP][PASSED] - last4V = <not implemented yet for class: org.codehaus.groovy.ast.expr.EmptyExpression>: null

2023-02-15 23:00:36 - [TEST_STEP][PASSED] - resText = "Fail": null

2023-02-15 23:00:36 - [TEST_STEP][PASSED] - resColumn = "Result": null

2023-02-15 23:00:36 - [TEST_STEP][PASSED] - datCloumn = "Date": null

2023-02-15 23:00:36 - [TEST_STEP][PASSED] - fileLoc = "KatalonData/VLinkSmokeDataACH.xlsx": null

2023-02-15 23:00:36 - [TEST_STEP][PASSED] - numOfRows = <not implemented yet for class: org.codehaus.groovy.ast.expr.EmptyExpression>: null

2023-02-15 23:00:36 - [TEST_STEP][PASSED] - dataFile = <not implemented yet for class: org.codehaus.groovy.ast.expr.EmptyExpression>: null

2023-02-15 23:00:36 - [TEST_STEP][PASSED] - nameSheet = <not implemented yet for class: org.codehaus.groovy.ast.expr.EmptyExpression>: null

2023-02-15 23:00:36 - [TEST_STEP][PASSED] - nameSheet = "Debit-Credit": null

2023-02-15 23:00:36 - [TEST_STEP][PASSED] - numOfRows = findTestData("QA/VLinkTestData/VLinkDebitCreditData").getRowNumbers(): null

2023-02-15 23:00:36 - [TEST_STEP][PASSED] - println("Number of Records: " + numOfRows): null

2023-02-15 23:00:36 - [TEST_STEP][PASSED] - dataFile = "QA/VLinkTestData/VLinkDebitCreditData": null

2023-02-15 23:00:36 - [TEST_STEP][PASSED] - for ([row = 1, row <= numOfRows, (row++)]): null

2023-02-15 23:00:36 - [TEST_STEP][PASSED] - ExecuteTC = findTestData(dataFile).getValue("Execute", row): null

2023-02-15 23:00:36 - [TEST_STEP][PASSED] - out.println("Value of Execute is : " + ExecuteTC): null

2023-02-15 23:00:36 - [TEST_STEP][PASSED] - switch (executionProfile): null

2023-02-15 23:00:36 - [TEST_STEP][PASSED] - case "QAProfile":: null

2023-02-15 23:00:36 - [TEST_STEP][PASSED] - appID = findTestData(dataFile).getValue("AppIDQA", row): null

2023-02-15 23:00:36 - [TEST_STEP][PASSED] - username = findTestData(dataFile).getValue("UsernameQA", row): null

2023-02-15 23:00:37 - [TEST_STEP][PASSED] - password = findTestData(dataFile).getValue("PasswordQA", row): null

2023-02-15 23:00:37 - [TEST_STEP][PASSED] - break: null

2023-02-15 23:00:37 - [TEST_STEP][PASSED] - if (ExecuteTC.equalsIgnoreCase("Y")): null

2023-02-15 23:00:37 - [TEST_STEP][PASSED] - out.println("Begin Record Number: " + row): null

2023-02-15 23:00:37 - [TEST_STEP][PASSED] - today = new java.util.Date(): null

2023-02-15 23:00:37 - [TEST_STEP][PASSED] - println(today): null

2023-02-15 23:00:37 - [TEST_STEP][PASSED] - datText = today: null

2023-02-15 23:00:37 - [TEST_STEP][PASSED] - checkType = findTestData(dataFile).getValue("CheckType", row): null

2023-02-15 23:00:37 - [TEST_STEP][PASSED] - acNumber = findTestData(dataFile).getValue("AcNumber", row): null

2023-02-15 23:00:37 - [TEST_STEP][PASSED] - company = findTestData(dataFile).getValue("Company", row): null

2023-02-15 23:00:37 - [TEST_STEP][PASSED] - acType = findTestData(dataFile).getValue("AcType", row): null

2023-02-15 23:00:37 - [TEST_STEP][PASSED] - rtn = findTestData(dataFile).getValue("RTN", row): null

2023-02-15 23:00:37 - [TEST_STEP][PASSED] - amount = findTestData(dataFile).getValue("Amount", row): null

2023-02-15 23:00:37 - [TEST_STEP][PASSED] - sec = findTestData(dataFile).getValue("SEC", row): null

2023-02-15 23:00:37 - [TEST_STEP][PASSED] - openBrowser(VLinkURL + "debit.html"): Browser is opened with url: 'https://dev-algorithm.govolution.com/vlinktest/QA/version_2_0/debit.html'

2023-02-15 23:00:37 - [MESSAGE][WARNING] - A browser is already opened. Closing browser and opening a new one

2023-02-15 23:00:38 - [MESSAGE][INFO] - Starting 'Chrome' driver

2023-02-15 23:00:38 - [MESSAGE][INFO] - User set preference: ['acceptInsecureCerts', 'true']

2023-02-15 23:00:38 - [MESSAGE][INFO] - Action delay is set to 0 milliseconds

2023-02-15 23:00:40 - [MESSAGE][PASSED] - Browser is opened with url: 'https://dev-algorithm.govolution.com/vlinktest/QA/version_2_0/debit.html'

2023-02-15 23:00:40 - [TEST_STEP][PASSED] - maximizeWindow(): Current window maximized

2023-02-15 23:00:40 - [MESSAGE][PASSED] - Current window maximized

2023-02-15 23:00:40 - [TEST_STEP][PASSED] - genRemID = RandomStringUtils.random(12, true, true): null

2023-02-15 23:00:40 - [TEST_STEP][PASSED] - setText(findTestObject("RecAndPlayBk/Page-Vlink-Debit/input_Remittance Id"), genRemID): Text 'TCrHe6GlZ9x7' is set on object 'Object Repository/RecAndPlayBk/Page-Vlink-Debit/input_Remittance Id'

2023-02-15 23:00:41 - [MESSAGE][PASSED] - Text 'TCrHe6GlZ9x7' is set on object 'Object Repository/RecAndPlayBk/Page-Vlink-Debit/input_Remittance Id'

2023-02-15 23:00:41 - [TEST_STEP][PASSED] - setText(findTestObject("RecAndPlayBk/Page-Vlink-Debit/input_Application Id"), appID): Text '234' is set on object 'Object Repository/RecAndPlayBk/Page-Vlink-Debit/input_Application Id'

2023-02-15 23:00:41 - [MESSAGE][PASSED] - Text '234' is set on object 'Object Repository/RecAndPlayBk/Page-Vlink-Debit/input_Application Id'

2023-02-15 23:00:41 - [TEST_STEP][PASSED] - setText(findTestObject("RecAndPlayBk/Page-Vlink-Debit/input_Username"), username): Text 'username' is set on object 'Object Repository/RecAndPlayBk/Page-Vlink-Debit/input_Username'

2023-02-15 23:00:42 - [MESSAGE][PASSED] - Text 'username' is set on object 'Object Repository/RecAndPlayBk/Page-Vlink-Debit/input_Username'

2023-02-15 23:00:42 - [TEST_STEP][PASSED] - setText(findTestObject("RecAndPlayBk/Page-Vlink-Debit/input_Password"), password): Text 'password' is set on object 'Object Repository/RecAndPlayBk/Page-Vlink-Debit/input_Password'

2023-02-15 23:00:42 - [MESSAGE][PASSED] - Text 'password' is set on object 'Object Repository/RecAndPlayBk/Page-Vlink-Debit/input_Password'

2023-02-15 23:00:42 - [TEST_STEP][PASSED] - setText(findTestObject("RecAndPlayBk/Page-Vlink-Debit/input_Check Type"), checkType): Text 'P' is set on object 'Object Repository/RecAndPlayBk/Page-Vlink-Debit/input_Check Type'

2023-02-15 23:00:43 - [MESSAGE][PASSED] - Text 'P' is set on object 'Object Repository/RecAndPlayBk/Page-Vlink-Debit/input_Check Type'

2023-02-15 23:00:43 - [TEST_STEP][PASSED] - setText(findTestObject("RecAndPlayBk/Page-Vlink-Debit/input_Account_check"), acNumber): Text '58963214' is set on object 'Object Repository/RecAndPlayBk/Page-Vlink-Debit/input_Account_check'

2023-02-15 23:00:44 - [MESSAGE][PASSED] - Text '58963214' is set on object 'Object Repository/RecAndPlayBk/Page-Vlink-Debit/input_Account_check'

2023-02-15 23:00:44 - [TEST_STEP][PASSED] - setText(findTestObject("RecAndPlayBk/Page-Vlink-Debit/input_Company_check"), company): Text '' is set on object 'Object Repository/RecAndPlayBk/Page-Vlink-Debit/input_Company_check'

2023-02-15 23:00:44 - [MESSAGE][PASSED] - Text '' is set on object 'Object Repository/RecAndPlayBk/Page-Vlink-Debit/input_Company_check'

2023-02-15 23:00:44 - [TEST_STEP][PASSED] - setText(findTestObject("RecAndPlayBk/Page-Vlink-Debit/input_Account Type"), acType): Text '1' is set on object 'Object Repository/RecAndPlayBk/Page-Vlink-Debit/input_Account Type'

2023-02-15 23:00:45 - [MESSAGE][PASSED] - Text '1' is set on object 'Object Repository/RecAndPlayBk/Page-Vlink-Debit/input_Account Type'

2023-02-15 23:00:45 - [TEST_STEP][PASSED] - setText(findTestObject("RecAndPlayBk/Page-Vlink-Debit/input_Routing Number"), rtn): Text '256072691' is set on object 'Object Repository/RecAndPlayBk/Page-Vlink-Debit/input_Routing Number'

2023-02-15 23:00:46 - [MESSAGE][PASSED] - Text '256072691' is set on object 'Object Repository/RecAndPlayBk/Page-Vlink-Debit/input_Routing Number'

2023-02-15 23:00:46 - [TEST_STEP][PASSED] - setText(findTestObject("RecAndPlayBk/Page-Vlink-Debit/input_Amount"), amount): Text '12.50' is set on object 'Object Repository/RecAndPlayBk/Page-Vlink-Debit/input_Amount'

2023-02-15 23:00:46 - [MESSAGE][PASSED] - Text '12.50' is set on object 'Object Repository/RecAndPlayBk/Page-Vlink-Debit/input_Amount'

2023-02-15 23:00:46 - [TEST_STEP][PASSED] - setText(findTestObject("RecAndPlayBk/Page-Vlink-Debit/input_Check Email"), ""): Text '' is set on object 'Object Repository/RecAndPlayBk/Page-Vlink-Debit/input_Check Email'

2023-02-15 23:00:47 - [MESSAGE][PASSED] - Text '' is set on object 'Object Repository/RecAndPlayBk/Page-Vlink-Debit/input_Check Email'

2023-02-15 23:00:47 - [TEST_STEP][PASSED] - setText(findTestObject("Object Repository/RecAndPlayBk/Page-Vlink-Debit/input_concat(CheckWriter, , s SSN)_check_ssn"), ""): Text '' is set on object 'Object Repository/RecAndPlayBk/Page-Vlink-Debit/input_concat(CheckWriter, , s SSN)_check_ssn'

2023-02-15 23:00:47 - [MESSAGE][PASSED] - Text '' is set on object 'Object Repository/RecAndPlayBk/Page-Vlink-Debit/input_concat(CheckWriter, , s SSN)_check_ssn'

2023-02-15 23:00:47 - [TEST_STEP][PASSED] - setText(findTestObject("Object Repository/RecAndPlayBk/Page-Vlink-Debit/input_concat(CheckWriter, , s License Numbe_020fef"), ""): Text '' is set on object 'Object Repository/RecAndPlayBk/Page-Vlink-Debit/input_concat(CheckWriter, , s License Numbe_020fef'

2023-02-15 23:00:48 - [MESSAGE][PASSED] - Text '' is set on object 'Object Repository/RecAndPlayBk/Page-Vlink-Debit/input_concat(CheckWriter, , s License Numbe_020fef'

2023-02-15 23:00:48 - [TEST_STEP][PASSED] - setText(findTestObject("Object Repository/RecAndPlayBk/Page-Vlink-Debit/input_concat(CheckWriter, , s License State_21e3e7"), ""): Text '' is set on object 'Object Repository/RecAndPlayBk/Page-Vlink-Debit/input_concat(CheckWriter, , s License State_21e3e7'

2023-02-15 23:00:49 - [MESSAGE][PASSED] - Text '' is set on object 'Object Repository/RecAndPlayBk/Page-Vlink-Debit/input_concat(CheckWriter, , s License State_21e3e7'

2023-02-15 23:00:49 - [TEST_STEP][PASSED] - setText(findTestObject("RecAndPlayBk/Page-Vlink-Debit/input_Standard Entry Class"), sec): Text 'WEB' is set on object 'Object Repository/RecAndPlayBk/Page-Vlink-Debit/input_Standard Entry Class'

2023-02-15 23:00:49 - [MESSAGE][PASSED] - Text 'WEB' is set on object 'Object Repository/RecAndPlayBk/Page-Vlink-Debit/input_Standard Entry Class'

2023-02-15 23:00:49 - [TEST_STEP][PASSED] - click(findTestObject("Object Repository/RecAndPlayBk/Page-Vlink-Debit/input")): Object: 'Object Repository/RecAndPlayBk/Page-Vlink-Debit/input' is clicked on

2023-02-15 23:00:50 - [MESSAGE][PASSED] - Object: 'Object Repository/RecAndPlayBk/Page-Vlink-Debit/input' is clicked on

2023-02-15 23:00:50 - [TEST_STEP][PASSED] - if (verifyTextPresent("Transaction approved, no errors", true)): null

2023-02-15 23:00:50 - [MESSAGE][PASSED] - Text 'Transaction approved, no errors' is present on page  using regular expression

2023-02-15 23:00:50 - [TEST_STEP][PASSED] - println("Transaction Approved, no errors text is present on the Confirmation page"): null

2023-02-15 23:00:50 - [TEST_STEP][PASSED] - sdfo = getText(findTestObject("Object Repository/Page_VLinkReceipt/pre_STX")): Text of object 'Object Repository/Page_VLinkReceipt/pre_STX' is: '<STX>TCrHe6GlZ9x7                  12126712            0  Transaction approved, no errors                   0                                                                                                              <ETX>'

2023-02-15 23:00:51 - [MESSAGE][PASSED] - Text of object 'Object Repository/Page_VLinkReceipt/pre_STX' is: '<STX>TCrHe6GlZ9x7                  12126712            0  Transaction approved, no errors                   0                                                                                                              <ETX>'

2023-02-15 23:00:51 - [TEST_STEP][PASSED] - out.println("sdfo: " + sdfo): null

2023-02-15 23:00:51 - [TEST_STEP][PASSED] - remID = substring(5, 35).trim(): null

2023-02-15 23:00:51 - [TEST_STEP][PASSED] - out.println("remID: " + remID): null

2023-02-15 23:00:51 - [TEST_STEP][PASSED] - traxID = substring(35, 55).trim(): null

2023-02-15 23:00:51 - [TEST_STEP][PASSED] - out.println("traxID: " + traxID): null

2023-02-15 23:00:51 - [TEST_STEP][PASSED] - VLinkSaleRemID = remID: null

2023-02-15 23:00:51 - [TEST_STEP][PASSED] - VLinkSaleTranxID = traxID: null

2023-02-15 23:00:51 - [TEST_STEP][PASSED] - openBrowser(VLinkURL + "ACH_credit.html"): Browser is opened with url: 'https://dev-algorithm.govolution.com/vlinktest/QA/version_2_0/ACH_credit.html'

2023-02-15 23:00:51 - [MESSAGE][WARNING] - A browser is already opened. Closing browser and opening a new one

2023-02-15 23:00:52 - [MESSAGE][INFO] - Starting 'Chrome' driver

2023-02-15 23:00:52 - [MESSAGE][INFO] - User set preference: ['acceptInsecureCerts', 'true']

2023-02-15 23:00:52 - [MESSAGE][INFO] - Action delay is set to 0 milliseconds

2023-02-15 23:00:53 - [MESSAGE][PASSED] - Browser is opened with url: 'https://dev-algorithm.govolution.com/vlinktest/QA/version_2_0/ACH_credit.html'

2023-02-15 23:00:53 - [TEST_STEP][PASSED] - maximizeWindow(): Current window maximized

2023-02-15 23:00:54 - [MESSAGE][PASSED] - Current window maximized

2023-02-15 23:00:54 - [TEST_STEP][PASSED] - setText(findTestObject("Object Repository/RecAndPlayBk/Page-Vlink-ACH-Credit/input_Remittance Id"), VLinkSaleRemID): Text 'TCrHe6GlZ9x7' is set on object 'Object Repository/RecAndPlayBk/Page-Vlink-ACH-Credit/input_Remittance Id'

2023-02-15 23:00:54 - [MESSAGE][PASSED] - Text 'TCrHe6GlZ9x7' is set on object 'Object Repository/RecAndPlayBk/Page-Vlink-ACH-Credit/input_Remittance Id'

2023-02-15 23:00:54 - [TEST_STEP][PASSED] - setText(findTestObject("Object Repository/RecAndPlayBk/Page-Vlink-ACH-Credit/input_Application Id"), appID): Text '234' is set on object 'Object Repository/RecAndPlayBk/Page-Vlink-ACH-Credit/input_Application Id'

2023-02-15 23:00:55 - [MESSAGE][PASSED] - Text '234' is set on object 'Object Repository/RecAndPlayBk/Page-Vlink-ACH-Credit/input_Application Id'

2023-02-15 23:00:55 - [TEST_STEP][PASSED] - setText(findTestObject("Object Repository/RecAndPlayBk/Page-Vlink-ACH-Credit/input_Username"), username): Text 'username' is set on object 'Object Repository/RecAndPlayBk/Page-Vlink-ACH-Credit/input_Username'

2023-02-15 23:00:56 - [MESSAGE][PASSED] - Text 'username' is set on object 'Object Repository/RecAndPlayBk/Page-Vlink-ACH-Credit/input_Username'

2023-02-15 23:00:56 - [TEST_STEP][PASSED] - setText(findTestObject("Object Repository/RecAndPlayBk/Page-Vlink-ACH-Credit/input_Password"), password): Text 'password' is set on object 'Object Repository/RecAndPlayBk/Page-Vlink-ACH-Credit/input_Password'

2023-02-15 23:00:56 - [MESSAGE][PASSED] - Text 'password' is set on object 'Object Repository/RecAndPlayBk/Page-Vlink-ACH-Credit/input_Password'

2023-02-15 23:00:56 - [TEST_STEP][PASSED] - setText(findTestObject("Object Repository/RecAndPlayBk/Page-Vlink-ACH-Credit/input_Check Type"), checkType): Text 'P' is set on object 'Object Repository/RecAndPlayBk/Page-Vlink-ACH-Credit/input_Check Type'

2023-02-15 23:00:57 - [MESSAGE][PASSED] - Text 'P' is set on object 'Object Repository/RecAndPlayBk/Page-Vlink-ACH-Credit/input_Check Type'

2023-02-15 23:00:57 - [TEST_STEP][PASSED] - setText(findTestObject("Object Repository/RecAndPlayBk/Page-Vlink-ACH-Credit/input_Transaction ID"), VLinkSaleTranxID): Text '12126712' is set on object 'Object Repository/RecAndPlayBk/Page-Vlink-ACH-Credit/input_Transaction ID'

2023-02-15 23:00:57 - [MESSAGE][PASSED] - Text '12126712' is set on object 'Object Repository/RecAndPlayBk/Page-Vlink-ACH-Credit/input_Transaction ID'

2023-02-15 23:00:57 - [TEST_STEP][PASSED] - setText(findTestObject("Object Repository/RecAndPlayBk/Page-Vlink-ACH-Credit/input_Amount"), amount): Text '12.50' is set on object 'Object Repository/RecAndPlayBk/Page-Vlink-ACH-Credit/input_Amount'

2023-02-15 23:00:58 - [MESSAGE][PASSED] - Text '12.50' is set on object 'Object Repository/RecAndPlayBk/Page-Vlink-ACH-Credit/input_Amount'

2023-02-15 23:00:58 - [TEST_STEP][PASSED] - setText(findTestObject("Object Repository/RecAndPlayBk/Page-Vlink-ACH-Credit/input_Standard Entry Class"), sec): Text 'WEB' is set on object 'Object Repository/RecAndPlayBk/Page-Vlink-ACH-Credit/input_Standard Entry Class'

2023-02-15 23:00:59 - [MESSAGE][PASSED] - Text 'WEB' is set on object 'Object Repository/RecAndPlayBk/Page-Vlink-ACH-Credit/input_Standard Entry Class'

2023-02-15 23:00:59 - [TEST_STEP][PASSED] - setText(findTestObject("Object Repository/RecAndPlayBk/Page-Vlink-ACH-Credit/input_Account Number"), acNumber): Text '58963214' is set on object 'Object Repository/RecAndPlayBk/Page-Vlink-ACH-Credit/input_Account Number'

2023-02-15 23:00:59 - [MESSAGE][PASSED] - Text '58963214' is set on object 'Object Repository/RecAndPlayBk/Page-Vlink-ACH-Credit/input_Account Number'

2023-02-15 23:00:59 - [TEST_STEP][PASSED] - setText(findTestObject("Object Repository/RecAndPlayBk/Page-Vlink-ACH-Credit/input_Routing Number"), rtn): Text '256072691' is set on object 'Object Repository/RecAndPlayBk/Page-Vlink-ACH-Credit/input_Routing Number'

2023-02-15 23:01:00 - [MESSAGE][PASSED] - Text '256072691' is set on object 'Object Repository/RecAndPlayBk/Page-Vlink-ACH-Credit/input_Routing Number'

2023-02-15 23:01:00 - [TEST_STEP][PASSED] - click(findTestObject("Object Repository/RecAndPlayBk/Page-Vlink-ACH-Credit/input")): Object: 'Object Repository/RecAndPlayBk/Page-Vlink-ACH-Credit/input' is clicked on

2023-02-15 23:01:01 - [MESSAGE][PASSED] - Object: 'Object Repository/RecAndPlayBk/Page-Vlink-ACH-Credit/input' is clicked on

2023-02-15 23:01:01 - [TEST_STEP][PASSED] - if (verifyTextPresent("Transaction approved, no errors", true)): null

2023-02-15 23:01:01 - [MESSAGE][PASSED] - Text 'Transaction approved, no errors' is present on page  using regular expression

2023-02-15 23:01:01 - [TEST_STEP][PASSED] - println("Transaction Approved, no errors text is present on the Confirmation page"): null

2023-02-15 23:01:01 - [TEST_STEP][PASSED] - out.println("Pass Record Number: " + row): null

2023-02-15 23:01:01 - [TEST_STEP][PASSED] - resText = "Pass": null

2023-02-15 23:01:01 - [TEST_STEP][PASSED] - pages.WriteExcel.demoKey(resText, datText, resColumn, datCloumn, fileLoc, nameSheet, row): pages.WriteExcel.demoKey is PASSED

2023-02-15 23:01:01 - [MESSAGE][PASSED] - pages.WriteExcel.demoKey is PASSED

2023-02-15 23:01:01 - [TEST_STEP][PASSED] - ExecuteTC = findTestData(dataFile).getValue("Execute", row): null

2023-02-15 23:01:01 - [TEST_STEP][PASSED] - out.println("Value of Execute is : " + ExecuteTC): null

2023-02-15 23:01:01 - [TEST_STEP][PASSED] - switch (executionProfile): null

2023-02-15 23:01:01 - [TEST_STEP][PASSED] - case "QAProfile":: null

2023-02-15 23:01:01 - [TEST_STEP][PASSED] - appID = findTestData(dataFile).getValue("AppIDQA", row): null

2023-02-15 23:01:01 - [TEST_STEP][PASSED] - username = findTestData(dataFile).getValue("UsernameQA", row): null

2023-02-15 23:01:01 - [TEST_STEP][PASSED] - password = findTestData(dataFile).getValue("PasswordQA", row): null

2023-02-15 23:01:01 - [TEST_STEP][PASSED] - break: null

2023-02-15 23:01:01 - [TEST_STEP][PASSED] - if (ExecuteTC.equalsIgnoreCase("Y")): null

2023-02-15 23:01:01 - [TEST_STEP][PASSED] - out.println("Begin Record Number: " + row): null

2023-02-15 23:01:01 - [TEST_STEP][PASSED] - today = new java.util.Date(): null

2023-02-15 23:01:01 - [TEST_STEP][PASSED] - println(today): null

2023-02-15 23:01:01 - [TEST_STEP][PASSED] - datText = today: null

2023-02-15 23:01:01 - [TEST_STEP][PASSED] - checkType = findTestData(dataFile).getValue("CheckType", row): null

2023-02-15 23:01:01 - [TEST_STEP][PASSED] - acNumber = findTestData(dataFile).getValue("AcNumber", row): null

2023-02-15 23:01:01 - [TEST_STEP][PASSED] - company = findTestData(dataFile).getValue("Company", row): null

2023-02-15 23:01:01 - [TEST_STEP][PASSED] - acType = findTestData(dataFile).getValue("AcType", row): null

2023-02-15 23:01:02 - [TEST_STEP][PASSED] - rtn = findTestData(dataFile).getValue("RTN", row): null

2023-02-15 23:01:02 - [TEST_STEP][PASSED] - amount = findTestData(dataFile).getValue("Amount", row): null

2023-02-15 23:01:02 - [TEST_STEP][PASSED] - sec = findTestData(dataFile).getValue("SEC", row): null

2023-02-15 23:01:02 - [TEST_STEP][PASSED] - openBrowser(VLinkURL + "debit.html"): Browser is opened with url: 'https://dev-algorithm.govolution.com/vlinktest/QA/version_2_0/debit.html'

2023-02-15 23:01:02 - [MESSAGE][WARNING] - A browser is already opened. Closing browser and opening a new one

2023-02-15 23:01:03 - [MESSAGE][INFO] - Starting 'Chrome' driver

2023-02-15 23:01:03 - [MESSAGE][INFO] - User set preference: ['acceptInsecureCerts', 'true']

2023-02-15 23:01:03 - [MESSAGE][INFO] - Action delay is set to 0 milliseconds

2023-02-15 23:01:04 - [MESSAGE][PASSED] - Browser is opened with url: 'https://dev-algorithm.govolution.com/vlinktest/QA/version_2_0/debit.html'

2023-02-15 23:01:04 - [TEST_STEP][PASSED] - maximizeWindow(): Current window maximized

2023-02-15 23:01:04 - [MESSAGE][PASSED] - Current window maximized

2023-02-15 23:01:04 - [TEST_STEP][PASSED] - genRemID = RandomStringUtils.random(12, true, true): null

2023-02-15 23:01:04 - [TEST_STEP][PASSED] - setText(findTestObject("RecAndPlayBk/Page-Vlink-Debit/input_Remittance Id"), genRemID): Text 'goVxcecXd3c9' is set on object 'Object Repository/RecAndPlayBk/Page-Vlink-Debit/input_Remittance Id'

2023-02-15 23:01:05 - [MESSAGE][PASSED] - Text 'goVxcecXd3c9' is set on object 'Object Repository/RecAndPlayBk/Page-Vlink-Debit/input_Remittance Id'

2023-02-15 23:01:05 - [TEST_STEP][PASSED] - setText(findTestObject("RecAndPlayBk/Page-Vlink-Debit/input_Application Id"), appID): Text '234' is set on object 'Object Repository/RecAndPlayBk/Page-Vlink-Debit/input_Application Id'

2023-02-15 23:01:06 - [MESSAGE][PASSED] - Text '234' is set on object 'Object Repository/RecAndPlayBk/Page-Vlink-Debit/input_Application Id'

2023-02-15 23:01:06 - [TEST_STEP][PASSED] - setText(findTestObject("RecAndPlayBk/Page-Vlink-Debit/input_Username"), username): Text 'username' is set on object 'Object Repository/RecAndPlayBk/Page-Vlink-Debit/input_Username'

2023-02-15 23:01:07 - [MESSAGE][PASSED] - Text 'username' is set on object 'Object Repository/RecAndPlayBk/Page-Vlink-Debit/input_Username'

2023-02-15 23:01:07 - [TEST_STEP][PASSED] - setText(findTestObject("RecAndPlayBk/Page-Vlink-Debit/input_Password"), password): Text 'password' is set on object 'Object Repository/RecAndPlayBk/Page-Vlink-Debit/input_Password'

2023-02-15 23:01:07 - [MESSAGE][PASSED] - Text 'password' is set on object 'Object Repository/RecAndPlayBk/Page-Vlink-Debit/input_Password'

2023-02-15 23:01:07 - [TEST_STEP][PASSED] - setText(findTestObject("RecAndPlayBk/Page-Vlink-Debit/input_Check Type"), checkType): Text 'P' is set on object 'Object Repository/RecAndPlayBk/Page-Vlink-Debit/input_Check Type'

2023-02-15 23:01:08 - [MESSAGE][PASSED] - Text 'P' is set on object 'Object Repository/RecAndPlayBk/Page-Vlink-Debit/input_Check Type'

2023-02-15 23:01:08 - [TEST_STEP][PASSED] - setText(findTestObject("RecAndPlayBk/Page-Vlink-Debit/input_Account_check"), acNumber): Text '58963214' is set on object 'Object Repository/RecAndPlayBk/Page-Vlink-Debit/input_Account_check'

2023-02-15 23:01:08 - [MESSAGE][PASSED] - Text '58963214' is set on object 'Object Repository/RecAndPlayBk/Page-Vlink-Debit/input_Account_check'

2023-02-15 23:01:08 - [TEST_STEP][PASSED] - setText(findTestObject("RecAndPlayBk/Page-Vlink-Debit/input_Company_check"), company): Text '' is set on object 'Object Repository/RecAndPlayBk/Page-Vlink-Debit/input_Company_check'

2023-02-15 23:01:09 - [MESSAGE][PASSED] - Text '' is set on object 'Object Repository/RecAndPlayBk/Page-Vlink-Debit/input_Company_check'

2023-02-15 23:01:09 - [TEST_STEP][PASSED] - setText(findTestObject("RecAndPlayBk/Page-Vlink-Debit/input_Account Type"), acType): Text '1' is set on object 'Object Repository/RecAndPlayBk/Page-Vlink-Debit/input_Account Type'

2023-02-15 23:01:10 - [MESSAGE][PASSED] - Text '1' is set on object 'Object Repository/RecAndPlayBk/Page-Vlink-Debit/input_Account Type'

2023-02-15 23:01:10 - [TEST_STEP][PASSED] - setText(findTestObject("RecAndPlayBk/Page-Vlink-Debit/input_Routing Number"), rtn): Text '256072691' is set on object 'Object Repository/RecAndPlayBk/Page-Vlink-Debit/input_Routing Number'

2023-02-15 23:01:10 - [MESSAGE][PASSED] - Text '256072691' is set on object 'Object Repository/RecAndPlayBk/Page-Vlink-Debit/input_Routing Number'

2023-02-15 23:01:10 - [TEST_STEP][PASSED] - setText(findTestObject("RecAndPlayBk/Page-Vlink-Debit/input_Amount"), amount): Text '12.50' is set on object 'Object Repository/RecAndPlayBk/Page-Vlink-Debit/input_Amount'

2023-02-15 23:01:11 - [MESSAGE][PASSED] - Text '12.50' is set on object 'Object Repository/RecAndPlayBk/Page-Vlink-Debit/input_Amount'

2023-02-15 23:01:11 - [TEST_STEP][PASSED] - setText(findTestObject("RecAndPlayBk/Page-Vlink-Debit/input_Check Email"), ""): Text '' is set on object 'Object Repository/RecAndPlayBk/Page-Vlink-Debit/input_Check Email'

2023-02-15 23:01:12 - [MESSAGE][PASSED] - Text '' is set on object 'Object Repository/RecAndPlayBk/Page-Vlink-Debit/input_Check Email'

2023-02-15 23:01:12 - [TEST_STEP][PASSED] - setText(findTestObject("Object Repository/RecAndPlayBk/Page-Vlink-Debit/input_concat(CheckWriter, , s SSN)_check_ssn"), ""): Text '' is set on object 'Object Repository/RecAndPlayBk/Page-Vlink-Debit/input_concat(CheckWriter, , s SSN)_check_ssn'

2023-02-15 23:01:12 - [MESSAGE][PASSED] - Text '' is set on object 'Object Repository/RecAndPlayBk/Page-Vlink-Debit/input_concat(CheckWriter, , s SSN)_check_ssn'

2023-02-15 23:01:12 - [TEST_STEP][PASSED] - setText(findTestObject("Object Repository/RecAndPlayBk/Page-Vlink-Debit/input_concat(CheckWriter, , s License Numbe_020fef"), ""): Text '' is set on object 'Object Repository/RecAndPlayBk/Page-Vlink-Debit/input_concat(CheckWriter, , s License Numbe_020fef'

2023-02-15 23:01:13 - [MESSAGE][PASSED] - Text '' is set on object 'Object Repository/RecAndPlayBk/Page-Vlink-Debit/input_concat(CheckWriter, , s License Numbe_020fef'

2023-02-15 23:01:13 - [TEST_STEP][PASSED] - setText(findTestObject("Object Repository/RecAndPlayBk/Page-Vlink-Debit/input_concat(CheckWriter, , s License State_21e3e7"), ""): Text '' is set on object 'Object Repository/RecAndPlayBk/Page-Vlink-Debit/input_concat(CheckWriter, , s License State_21e3e7'

2023-02-15 23:01:13 - [MESSAGE][PASSED] - Text '' is set on object 'Object Repository/RecAndPlayBk/Page-Vlink-Debit/input_concat(CheckWriter, , s License State_21e3e7'

2023-02-15 23:01:13 - [TEST_STEP][PASSED] - setText(findTestObject("RecAndPlayBk/Page-Vlink-Debit/input_Standard Entry Class"), sec): Text 'TEL' is set on object 'Object Repository/RecAndPlayBk/Page-Vlink-Debit/input_Standard Entry Class'

2023-02-15 23:01:14 - [MESSAGE][PASSED] - Text 'TEL' is set on object 'Object Repository/RecAndPlayBk/Page-Vlink-Debit/input_Standard Entry Class'

2023-02-15 23:01:14 - [TEST_STEP][PASSED] - click(findTestObject("Object Repository/RecAndPlayBk/Page-Vlink-Debit/input")): Object: 'Object Repository/RecAndPlayBk/Page-Vlink-Debit/input' is clicked on

2023-02-15 23:01:15 - [MESSAGE][PASSED] - Object: 'Object Repository/RecAndPlayBk/Page-Vlink-Debit/input' is clicked on

2023-02-15 23:01:15 - [TEST_STEP][PASSED] - if (verifyTextPresent("Transaction approved, no errors", true)): null

2023-02-15 23:01:15 - [MESSAGE][PASSED] - Text 'Transaction approved, no errors' is present on page  using regular expression

2023-02-15 23:01:15 - [TEST_STEP][PASSED] - println("Transaction Approved, no errors text is present on the Confirmation page"): null

2023-02-15 23:01:15 - [TEST_STEP][PASSED] - sdfo = getText(findTestObject("Object Repository/Page_VLinkReceipt/pre_STX")): Text of object 'Object Repository/Page_VLinkReceipt/pre_STX' is: '<STX>goVxcecXd3c9                  12126714            0  Transaction approved, no errors                   0                                                                                                              <ETX>'

2023-02-15 23:01:15 - [MESSAGE][PASSED] - Text of object 'Object Repository/Page_VLinkReceipt/pre_STX' is: '<STX>goVxcecXd3c9                  12126714            0  Transaction approved, no errors                   0                                                                                                              <ETX>'

2023-02-15 23:01:15 - [TEST_STEP][PASSED] - out.println("sdfo: " + sdfo): null

2023-02-15 23:01:15 - [TEST_STEP][PASSED] - remID = substring(5, 35).trim(): null

2023-02-15 23:01:15 - [TEST_STEP][PASSED] - out.println("remID: " + remID): null

2023-02-15 23:01:15 - [TEST_STEP][PASSED] - traxID = substring(35, 55).trim(): null

2023-02-15 23:01:15 - [TEST_STEP][PASSED] - out.println("traxID: " + traxID): null

2023-02-15 23:01:15 - [TEST_STEP][PASSED] - VLinkSaleRemID = remID: null

2023-02-15 23:01:15 - [TEST_STEP][PASSED] - VLinkSaleTranxID = traxID: null

2023-02-15 23:01:15 - [TEST_STEP][PASSED] - openBrowser(VLinkURL + "ACH_credit.html"): Browser is opened with url: 'https://dev-algorithm.govolution.com/vlinktest/QA/version_2_0/ACH_credit.html'

2023-02-15 23:01:15 - [MESSAGE][WARNING] - A browser is already opened. Closing browser and opening a new one

2023-02-15 23:01:16 - [MESSAGE][INFO] - Starting 'Chrome' driver

2023-02-15 23:01:16 - [MESSAGE][INFO] - User set preference: ['acceptInsecureCerts', 'true']

2023-02-15 23:01:16 - [MESSAGE][INFO] - Action delay is set to 0 milliseconds

2023-02-15 23:01:18 - [MESSAGE][PASSED] - Browser is opened with url: 'https://dev-algorithm.govolution.com/vlinktest/QA/version_2_0/ACH_credit.html'

2023-02-15 23:01:18 - [TEST_STEP][PASSED] - maximizeWindow(): Current window maximized

2023-02-15 23:01:18 - [MESSAGE][PASSED] - Current window maximized

2023-02-15 23:01:18 - [TEST_STEP][PASSED] - setText(findTestObject("Object Repository/RecAndPlayBk/Page-Vlink-ACH-Credit/input_Remittance Id"), VLinkSaleRemID): Text 'goVxcecXd3c9' is set on object 'Object Repository/RecAndPlayBk/Page-Vlink-ACH-Credit/input_Remittance Id'

2023-02-15 23:01:19 - [MESSAGE][PASSED] - Text 'goVxcecXd3c9' is set on object 'Object Repository/RecAndPlayBk/Page-Vlink-ACH-Credit/input_Remittance Id'

2023-02-15 23:01:19 - [TEST_STEP][PASSED] - setText(findTestObject("Object Repository/RecAndPlayBk/Page-Vlink-ACH-Credit/input_Application Id"), appID): Text '234' is set on object 'Object Repository/RecAndPlayBk/Page-Vlink-ACH-Credit/input_Application Id'

2023-02-15 23:01:20 - [MESSAGE][PASSED] - Text '234' is set on object 'Object Repository/RecAndPlayBk/Page-Vlink-ACH-Credit/input_Application Id'

2023-02-15 23:01:20 - [TEST_STEP][PASSED] - setText(findTestObject("Object Repository/RecAndPlayBk/Page-Vlink-ACH-Credit/input_Username"), username): Text 'username' is set on object 'Object Repository/RecAndPlayBk/Page-Vlink-ACH-Credit/input_Username'

2023-02-15 23:01:20 - [MESSAGE][PASSED] - Text 'username' is set on object 'Object Repository/RecAndPlayBk/Page-Vlink-ACH-Credit/input_Username'

2023-02-15 23:01:20 - [TEST_STEP][PASSED] - setText(findTestObject("Object Repository/RecAndPlayBk/Page-Vlink-ACH-Credit/input_Password"), password): Text 'password' is set on object 'Object Repository/RecAndPlayBk/Page-Vlink-ACH-Credit/input_Password'

2023-02-15 23:01:21 - [MESSAGE][PASSED] - Text 'password' is set on object 'Object Repository/RecAndPlayBk/Page-Vlink-ACH-Credit/input_Password'

2023-02-15 23:01:21 - [TEST_STEP][PASSED] - setText(findTestObject("Object Repository/RecAndPlayBk/Page-Vlink-ACH-Credit/input_Check Type"), checkType): Text 'P' is set on object 'Object Repository/RecAndPlayBk/Page-Vlink-ACH-Credit/input_Check Type'

2023-02-15 23:01:22 - [MESSAGE][PASSED] - Text 'P' is set on object 'Object Repository/RecAndPlayBk/Page-Vlink-ACH-Credit/input_Check Type'

2023-02-15 23:01:22 - [TEST_STEP][PASSED] - setText(findTestObject("Object Repository/RecAndPlayBk/Page-Vlink-ACH-Credit/input_Transaction ID"), VLinkSaleTranxID): Text '12126714' is set on object 'Object Repository/RecAndPlayBk/Page-Vlink-ACH-Credit/input_Transaction ID'

2023-02-15 23:01:22 - [MESSAGE][PASSED] - Text '12126714' is set on object 'Object Repository/RecAndPlayBk/Page-Vlink-ACH-Credit/input_Transaction ID'

2023-02-15 23:01:22 - [TEST_STEP][PASSED] - setText(findTestObject("Object Repository/RecAndPlayBk/Page-Vlink-ACH-Credit/input_Amount"), amount): Text '12.50' is set on object 'Object Repository/RecAndPlayBk/Page-Vlink-ACH-Credit/input_Amount'

2023-02-15 23:01:23 - [MESSAGE][PASSED] - Text '12.50' is set on object 'Object Repository/RecAndPlayBk/Page-Vlink-ACH-Credit/input_Amount'

2023-02-15 23:01:23 - [TEST_STEP][PASSED] - setText(findTestObject("Object Repository/RecAndPlayBk/Page-Vlink-ACH-Credit/input_Standard Entry Class"), sec): Text 'TEL' is set on object 'Object Repository/RecAndPlayBk/Page-Vlink-ACH-Credit/input_Standard Entry Class'

2023-02-15 23:01:23 - [MESSAGE][PASSED] - Text 'TEL' is set on object 'Object Repository/RecAndPlayBk/Page-Vlink-ACH-Credit/input_Standard Entry Class'

2023-02-15 23:01:23 - [TEST_STEP][PASSED] - setText(findTestObject("Object Repository/RecAndPlayBk/Page-Vlink-ACH-Credit/input_Account Number"), acNumber): Text '58963214' is set on object 'Object Repository/RecAndPlayBk/Page-Vlink-ACH-Credit/input_Account Number'

2023-02-15 23:01:24 - [MESSAGE][PASSED] - Text '58963214' is set on object 'Object Repository/RecAndPlayBk/Page-Vlink-ACH-Credit/input_Account Number'

2023-02-15 23:01:24 - [TEST_STEP][PASSED] - setText(findTestObject("Object Repository/RecAndPlayBk/Page-Vlink-ACH-Credit/input_Routing Number"), rtn): Text '256072691' is set on object 'Object Repository/RecAndPlayBk/Page-Vlink-ACH-Credit/input_Routing Number'

2023-02-15 23:01:25 - [MESSAGE][PASSED] - Text '256072691' is set on object 'Object Repository/RecAndPlayBk/Page-Vlink-ACH-Credit/input_Routing Number'

2023-02-15 23:01:25 - [TEST_STEP][PASSED] - click(findTestObject("Object Repository/RecAndPlayBk/Page-Vlink-ACH-Credit/input")): Object: 'Object Repository/RecAndPlayBk/Page-Vlink-ACH-Credit/input' is clicked on

2023-02-15 23:01:25 - [MESSAGE][PASSED] - Object: 'Object Repository/RecAndPlayBk/Page-Vlink-ACH-Credit/input' is clicked on

2023-02-15 23:01:25 - [TEST_STEP][PASSED] - if (verifyTextPresent("Transaction approved, no errors", true)): null

2023-02-15 23:01:26 - [MESSAGE][PASSED] - Text 'Transaction approved, no errors' is present on page  using regular expression

2023-02-15 23:01:26 - [TEST_STEP][PASSED] - println("Transaction Approved, no errors text is present on the Confirmation page"): null

2023-02-15 23:01:26 - [TEST_STEP][PASSED] - out.println("Pass Record Number: " + row): null

2023-02-15 23:01:26 - [TEST_STEP][PASSED] - resText = "Pass": null

2023-02-15 23:01:26 - [TEST_STEP][PASSED] - pages.WriteExcel.demoKey(resText, datText, resColumn, datCloumn, fileLoc, nameSheet, row): pages.WriteExcel.demoKey is PASSED

2023-02-15 23:01:26 - [MESSAGE][PASSED] - pages.WriteExcel.demoKey is PASSED

2023-02-15 23:01:26 - [TEST_STEP][PASSED] - ExecuteTC = findTestData(dataFile).getValue("Execute", row): null

2023-02-15 23:01:26 - [TEST_STEP][PASSED] - out.println("Value of Execute is : " + ExecuteTC): null

2023-02-15 23:01:26 - [TEST_STEP][PASSED] - switch (executionProfile): null

2023-02-15 23:01:26 - [TEST_STEP][PASSED] - case "QAProfile":: null

2023-02-15 23:01:26 - [TEST_STEP][PASSED] - appID = findTestData(dataFile).getValue("AppIDQA", row): null

2023-02-15 23:01:26 - [TEST_STEP][PASSED] - username = findTestData(dataFile).getValue("UsernameQA", row): null

2023-02-15 23:01:26 - [TEST_STEP][PASSED] - password = findTestData(dataFile).getValue("PasswordQA", row): null

2023-02-15 23:01:26 - [TEST_STEP][PASSED] - break: null

2023-02-15 23:01:26 - [TEST_STEP][PASSED] - if (ExecuteTC.equalsIgnoreCase("Y")): null

2023-02-15 23:01:26 - [TEST_STEP][PASSED] - out.println("Begin Record Number: " + row): null

2023-02-15 23:01:26 - [TEST_STEP][PASSED] - today = new java.util.Date(): null

2023-02-15 23:01:26 - [TEST_STEP][PASSED] - println(today): null

2023-02-15 23:01:26 - [TEST_STEP][PASSED] - datText = today: null

2023-02-15 23:01:26 - [TEST_STEP][PASSED] - checkType = findTestData(dataFile).getValue("CheckType", row): null

2023-02-15 23:01:26 - [TEST_STEP][PASSED] - acNumber = findTestData(dataFile).getValue("AcNumber", row): null

2023-02-15 23:01:26 - [TEST_STEP][PASSED] - company = findTestData(dataFile).getValue("Company", row): null

2023-02-15 23:01:26 - [TEST_STEP][PASSED] - acType = findTestData(dataFile).getValue("AcType", row): null

2023-02-15 23:01:26 - [TEST_STEP][PASSED] - rtn = findTestData(dataFile).getValue("RTN", row): null

2023-02-15 23:01:26 - [TEST_STEP][PASSED] - amount = findTestData(dataFile).getValue("Amount", row): null

2023-02-15 23:01:26 - [TEST_STEP][PASSED] - sec = findTestData(dataFile).getValue("SEC", row): null

2023-02-15 23:01:26 - [TEST_STEP][PASSED] - openBrowser(VLinkURL + "debit.html"): Browser is opened with url: 'https://dev-algorithm.govolution.com/vlinktest/QA/version_2_0/debit.html'

2023-02-15 23:01:26 - [MESSAGE][WARNING] - A browser is already opened. Closing browser and opening a new one

2023-02-15 23:01:27 - [MESSAGE][INFO] - Starting 'Chrome' driver

2023-02-15 23:01:27 - [MESSAGE][INFO] - User set preference: ['acceptInsecureCerts', 'true']

2023-02-15 23:01:27 - [MESSAGE][INFO] - Action delay is set to 0 milliseconds

2023-02-15 23:01:29 - [MESSAGE][PASSED] - Browser is opened with url: 'https://dev-algorithm.govolution.com/vlinktest/QA/version_2_0/debit.html'

2023-02-15 23:01:29 - [TEST_STEP][PASSED] - maximizeWindow(): Current window maximized

2023-02-15 23:01:29 - [MESSAGE][PASSED] - Current window maximized

2023-02-15 23:01:29 - [TEST_STEP][PASSED] - genRemID = RandomStringUtils.random(12, true, true): null

2023-02-15 23:01:29 - [TEST_STEP][PASSED] - setText(findTestObject("RecAndPlayBk/Page-Vlink-Debit/input_Remittance Id"), genRemID): Text 'dm9XGF4Xh0rk' is set on object 'Object Repository/RecAndPlayBk/Page-Vlink-Debit/input_Remittance Id'

2023-02-15 23:01:30 - [MESSAGE][PASSED] - Text 'dm9XGF4Xh0rk' is set on object 'Object Repository/RecAndPlayBk/Page-Vlink-Debit/input_Remittance Id'

2023-02-15 23:01:30 - [TEST_STEP][PASSED] - setText(findTestObject("RecAndPlayBk/Page-Vlink-Debit/input_Application Id"), appID): Text '234' is set on object 'Object Repository/RecAndPlayBk/Page-Vlink-Debit/input_Application Id'

2023-02-15 23:01:31 - [MESSAGE][PASSED] - Text '234' is set on object 'Object Repository/RecAndPlayBk/Page-Vlink-Debit/input_Application Id'

2023-02-15 23:01:31 - [TEST_STEP][PASSED] - setText(findTestObject("RecAndPlayBk/Page-Vlink-Debit/input_Username"), username): Text 'username' is set on object 'Object Repository/RecAndPlayBk/Page-Vlink-Debit/input_Username'

2023-02-15 23:01:31 - [MESSAGE][PASSED] - Text 'username' is set on object 'Object Repository/RecAndPlayBk/Page-Vlink-Debit/input_Username'

2023-02-15 23:01:31 - [TEST_STEP][PASSED] - setText(findTestObject("RecAndPlayBk/Page-Vlink-Debit/input_Password"), password): Text 'password' is set on object 'Object Repository/RecAndPlayBk/Page-Vlink-Debit/input_Password'

2023-02-15 23:01:32 - [MESSAGE][PASSED] - Text 'password' is set on object 'Object Repository/RecAndPlayBk/Page-Vlink-Debit/input_Password'

2023-02-15 23:01:32 - [TEST_STEP][PASSED] - setText(findTestObject("RecAndPlayBk/Page-Vlink-Debit/input_Check Type"), checkType): Text 'P' is set on object 'Object Repository/RecAndPlayBk/Page-Vlink-Debit/input_Check Type'

2023-02-15 23:01:33 - [MESSAGE][PASSED] - Text 'P' is set on object 'Object Repository/RecAndPlayBk/Page-Vlink-Debit/input_Check Type'

2023-02-15 23:01:33 - [TEST_STEP][PASSED] - setText(findTestObject("RecAndPlayBk/Page-Vlink-Debit/input_Account_check"), acNumber): Text '58963214' is set on object 'Object Repository/RecAndPlayBk/Page-Vlink-Debit/input_Account_check'

2023-02-15 23:01:33 - [MESSAGE][PASSED] - Text '58963214' is set on object 'Object Repository/RecAndPlayBk/Page-Vlink-Debit/input_Account_check'

2023-02-15 23:01:33 - [TEST_STEP][PASSED] - setText(findTestObject("RecAndPlayBk/Page-Vlink-Debit/input_Company_check"), company): Text '' is set on object 'Object Repository/RecAndPlayBk/Page-Vlink-Debit/input_Company_check'

2023-02-15 23:01:34 - [MESSAGE][PASSED] - Text '' is set on object 'Object Repository/RecAndPlayBk/Page-Vlink-Debit/input_Company_check'

2023-02-15 23:01:34 - [TEST_STEP][PASSED] - setText(findTestObject("RecAndPlayBk/Page-Vlink-Debit/input_Account Type"), acType): Text '1' is set on object 'Object Repository/RecAndPlayBk/Page-Vlink-Debit/input_Account Type'

2023-02-15 23:01:34 - [MESSAGE][PASSED] - Text '1' is set on object 'Object Repository/RecAndPlayBk/Page-Vlink-Debit/input_Account Type'

2023-02-15 23:01:34 - [TEST_STEP][PASSED] - setText(findTestObject("RecAndPlayBk/Page-Vlink-Debit/input_Routing Number"), rtn): Text '256072691' is set on object 'Object Repository/RecAndPlayBk/Page-Vlink-Debit/input_Routing Number'

2023-02-15 23:01:35 - [MESSAGE][PASSED] - Text '256072691' is set on object 'Object Repository/RecAndPlayBk/Page-Vlink-Debit/input_Routing Number'

2023-02-15 23:01:35 - [TEST_STEP][PASSED] - setText(findTestObject("RecAndPlayBk/Page-Vlink-Debit/input_Amount"), amount): Text '12.50' is set on object 'Object Repository/RecAndPlayBk/Page-Vlink-Debit/input_Amount'

2023-02-15 23:01:36 - [MESSAGE][PASSED] - Text '12.50' is set on object 'Object Repository/RecAndPlayBk/Page-Vlink-Debit/input_Amount'

2023-02-15 23:01:36 - [TEST_STEP][PASSED] - setText(findTestObject("RecAndPlayBk/Page-Vlink-Debit/input_Check Email"), ""): Text '' is set on object 'Object Repository/RecAndPlayBk/Page-Vlink-Debit/input_Check Email'

2023-02-15 23:01:36 - [MESSAGE][PASSED] - Text '' is set on object 'Object Repository/RecAndPlayBk/Page-Vlink-Debit/input_Check Email'

2023-02-15 23:01:36 - [TEST_STEP][PASSED] - setText(findTestObject("Object Repository/RecAndPlayBk/Page-Vlink-Debit/input_concat(CheckWriter, , s SSN)_check_ssn"), ""): Text '' is set on object 'Object Repository/RecAndPlayBk/Page-Vlink-Debit/input_concat(CheckWriter, , s SSN)_check_ssn'

2023-02-15 23:01:37 - [MESSAGE][PASSED] - Text '' is set on object 'Object Repository/RecAndPlayBk/Page-Vlink-Debit/input_concat(CheckWriter, , s SSN)_check_ssn'

2023-02-15 23:01:37 - [TEST_STEP][PASSED] - setText(findTestObject("Object Repository/RecAndPlayBk/Page-Vlink-Debit/input_concat(CheckWriter, , s License Numbe_020fef"), ""): Text '' is set on object 'Object Repository/RecAndPlayBk/Page-Vlink-Debit/input_concat(CheckWriter, , s License Numbe_020fef'

2023-02-15 23:01:37 - [MESSAGE][PASSED] - Text '' is set on object 'Object Repository/RecAndPlayBk/Page-Vlink-Debit/input_concat(CheckWriter, , s License Numbe_020fef'

2023-02-15 23:01:37 - [TEST_STEP][PASSED] - setText(findTestObject("Object Repository/RecAndPlayBk/Page-Vlink-Debit/input_concat(CheckWriter, , s License State_21e3e7"), ""): Text '' is set on object 'Object Repository/RecAndPlayBk/Page-Vlink-Debit/input_concat(CheckWriter, , s License State_21e3e7'

2023-02-15 23:01:38 - [MESSAGE][PASSED] - Text '' is set on object 'Object Repository/RecAndPlayBk/Page-Vlink-Debit/input_concat(CheckWriter, , s License State_21e3e7'

2023-02-15 23:01:38 - [TEST_STEP][PASSED] - setText(findTestObject("RecAndPlayBk/Page-Vlink-Debit/input_Standard Entry Class"), sec): Text 'PPD' is set on object 'Object Repository/RecAndPlayBk/Page-Vlink-Debit/input_Standard Entry Class'

2023-02-15 23:01:39 - [MESSAGE][PASSED] - Text 'PPD' is set on object 'Object Repository/RecAndPlayBk/Page-Vlink-Debit/input_Standard Entry Class'

2023-02-15 23:01:39 - [TEST_STEP][PASSED] - click(findTestObject("Object Repository/RecAndPlayBk/Page-Vlink-Debit/input")): Object: 'Object Repository/RecAndPlayBk/Page-Vlink-Debit/input' is clicked on

2023-02-15 23:01:40 - [MESSAGE][PASSED] - Object: 'Object Repository/RecAndPlayBk/Page-Vlink-Debit/input' is clicked on

2023-02-15 23:01:40 - [TEST_STEP][PASSED] - if (verifyTextPresent("Transaction approved, no errors", true)): null

2023-02-15 23:01:40 - [MESSAGE][PASSED] - Text 'Transaction approved, no errors' is present on page  using regular expression

2023-02-15 23:01:40 - [TEST_STEP][PASSED] - println("Transaction Approved, no errors text is present on the Confirmation page"): null

2023-02-15 23:01:40 - [TEST_STEP][PASSED] - sdfo = getText(findTestObject("Object Repository/Page_VLinkReceipt/pre_STX")): Text of object 'Object Repository/Page_VLinkReceipt/pre_STX' is: '<STX>dm9XGF4Xh0rk                  12126716            0  Transaction approved, no errors                   0                                                                                                              <ETX>'

2023-02-15 23:01:40 - [MESSAGE][PASSED] - Text of object 'Object Repository/Page_VLinkReceipt/pre_STX' is: '<STX>dm9XGF4Xh0rk                  12126716            0  Transaction approved, no errors                   0                                                                                                              <ETX>'

2023-02-15 23:01:40 - [TEST_STEP][PASSED] - out.println("sdfo: " + sdfo): null

2023-02-15 23:01:40 - [TEST_STEP][PASSED] - remID = substring(5, 35).trim(): null

2023-02-15 23:01:40 - [TEST_STEP][PASSED] - out.println("remID: " + remID): null

2023-02-15 23:01:40 - [TEST_STEP][PASSED] - traxID = substring(35, 55).trim(): null

2023-02-15 23:01:40 - [TEST_STEP][PASSED] - out.println("traxID: " + traxID): null

2023-02-15 23:01:40 - [TEST_STEP][PASSED] - VLinkSaleRemID = remID: null

2023-02-15 23:01:40 - [TEST_STEP][PASSED] - VLinkSaleTranxID = traxID: null

2023-02-15 23:01:40 - [TEST_STEP][PASSED] - openBrowser(VLinkURL + "ACH_credit.html"): Browser is opened with url: 'https://dev-algorithm.govolution.com/vlinktest/QA/version_2_0/ACH_credit.html'

2023-02-15 23:01:40 - [MESSAGE][WARNING] - A browser is already opened. Closing browser and opening a new one

2023-02-15 23:01:41 - [MESSAGE][INFO] - Starting 'Chrome' driver

2023-02-15 23:01:41 - [MESSAGE][INFO] - User set preference: ['acceptInsecureCerts', 'true']

2023-02-15 23:01:41 - [MESSAGE][INFO] - Action delay is set to 0 milliseconds

2023-02-15 23:01:43 - [MESSAGE][PASSED] - Browser is opened with url: 'https://dev-algorithm.govolution.com/vlinktest/QA/version_2_0/ACH_credit.html'

2023-02-15 23:01:43 - [TEST_STEP][PASSED] - maximizeWindow(): Current window maximized

2023-02-15 23:01:43 - [MESSAGE][PASSED] - Current window maximized

2023-02-15 23:01:43 - [TEST_STEP][PASSED] - setText(findTestObject("Object Repository/RecAndPlayBk/Page-Vlink-ACH-Credit/input_Remittance Id"), VLinkSaleRemID): Text 'dm9XGF4Xh0rk' is set on object 'Object Repository/RecAndPlayBk/Page-Vlink-ACH-Credit/input_Remittance Id'

2023-02-15 23:01:44 - [MESSAGE][PASSED] - Text 'dm9XGF4Xh0rk' is set on object 'Object Repository/RecAndPlayBk/Page-Vlink-ACH-Credit/input_Remittance Id'

2023-02-15 23:01:44 - [TEST_STEP][PASSED] - setText(findTestObject("Object Repository/RecAndPlayBk/Page-Vlink-ACH-Credit/input_Application Id"), appID): Text '234' is set on object 'Object Repository/RecAndPlayBk/Page-Vlink-ACH-Credit/input_Application Id'

2023-02-15 23:01:44 - [MESSAGE][PASSED] - Text '234' is set on object 'Object Repository/RecAndPlayBk/Page-Vlink-ACH-Credit/input_Application Id'

2023-02-15 23:01:44 - [TEST_STEP][PASSED] - setText(findTestObject("Object Repository/RecAndPlayBk/Page-Vlink-ACH-Credit/input_Username"), username): Text 'username' is set on object 'Object Repository/RecAndPlayBk/Page-Vlink-ACH-Credit/input_Username'

2023-02-15 23:01:45 - [MESSAGE][PASSED] - Text 'username' is set on object 'Object Repository/RecAndPlayBk/Page-Vlink-ACH-Credit/input_Username'

2023-02-15 23:01:45 - [TEST_STEP][PASSED] - setText(findTestObject("Object Repository/RecAndPlayBk/Page-Vlink-ACH-Credit/input_Password"), password): Text 'password' is set on object 'Object Repository/RecAndPlayBk/Page-Vlink-ACH-Credit/input_Password'

2023-02-15 23:01:46 - [MESSAGE][PASSED] - Text 'password' is set on object 'Object Repository/RecAndPlayBk/Page-Vlink-ACH-Credit/input_Password'

2023-02-15 23:01:46 - [TEST_STEP][PASSED] - setText(findTestObject("Object Repository/RecAndPlayBk/Page-Vlink-ACH-Credit/input_Check Type"), checkType): Text 'P' is set on object 'Object Repository/RecAndPlayBk/Page-Vlink-ACH-Credit/input_Check Type'

2023-02-15 23:01:46 - [MESSAGE][PASSED] - Text 'P' is set on object 'Object Repository/RecAndPlayBk/Page-Vlink-ACH-Credit/input_Check Type'

2023-02-15 23:01:46 - [TEST_STEP][PASSED] - setText(findTestObject("Object Repository/RecAndPlayBk/Page-Vlink-ACH-Credit/input_Transaction ID"), VLinkSaleTranxID): Text '12126716' is set on object 'Object Repository/RecAndPlayBk/Page-Vlink-ACH-Credit/input_Transaction ID'

2023-02-15 23:01:47 - [MESSAGE][PASSED] - Text '12126716' is set on object 'Object Repository/RecAndPlayBk/Page-Vlink-ACH-Credit/input_Transaction ID'

2023-02-15 23:01:47 - [TEST_STEP][PASSED] - setText(findTestObject("Object Repository/RecAndPlayBk/Page-Vlink-ACH-Credit/input_Amount"), amount): Text '12.50' is set on object 'Object Repository/RecAndPlayBk/Page-Vlink-ACH-Credit/input_Amount'

2023-02-15 23:01:48 - [MESSAGE][PASSED] - Text '12.50' is set on object 'Object Repository/RecAndPlayBk/Page-Vlink-ACH-Credit/input_Amount'

2023-02-15 23:01:48 - [TEST_STEP][PASSED] - setText(findTestObject("Object Repository/RecAndPlayBk/Page-Vlink-ACH-Credit/input_Standard Entry Class"), sec): Text 'PPD' is set on object 'Object Repository/RecAndPlayBk/Page-Vlink-ACH-Credit/input_Standard Entry Class'

2023-02-15 23:01:48 - [MESSAGE][PASSED] - Text 'PPD' is set on object 'Object Repository/RecAndPlayBk/Page-Vlink-ACH-Credit/input_Standard Entry Class'

2023-02-15 23:01:48 - [TEST_STEP][PASSED] - setText(findTestObject("Object Repository/RecAndPlayBk/Page-Vlink-ACH-Credit/input_Account Number"), acNumber): Text '58963214' is set on object 'Object Repository/RecAndPlayBk/Page-Vlink-ACH-Credit/input_Account Number'

2023-02-15 23:01:49 - [MESSAGE][PASSED] - Text '58963214' is set on object 'Object Repository/RecAndPlayBk/Page-Vlink-ACH-Credit/input_Account Number'

2023-02-15 23:01:49 - [TEST_STEP][PASSED] - setText(findTestObject("Object Repository/RecAndPlayBk/Page-Vlink-ACH-Credit/input_Routing Number"), rtn): Text '256072691' is set on object 'Object Repository/RecAndPlayBk/Page-Vlink-ACH-Credit/input_Routing Number'

2023-02-15 23:01:49 - [MESSAGE][PASSED] - Text '256072691' is set on object 'Object Repository/RecAndPlayBk/Page-Vlink-ACH-Credit/input_Routing Number'

2023-02-15 23:01:49 - [TEST_STEP][PASSED] - click(findTestObject("Object Repository/RecAndPlayBk/Page-Vlink-ACH-Credit/input")): Object: 'Object Repository/RecAndPlayBk/Page-Vlink-ACH-Credit/input' is clicked on

2023-02-15 23:01:50 - [MESSAGE][PASSED] - Object: 'Object Repository/RecAndPlayBk/Page-Vlink-ACH-Credit/input' is clicked on

2023-02-15 23:01:50 - [TEST_STEP][PASSED] - if (verifyTextPresent("Transaction approved, no errors", true)): null

2023-02-15 23:01:50 - [MESSAGE][PASSED] - Text 'Transaction approved, no errors' is present on page  using regular expression

2023-02-15 23:01:50 - [TEST_STEP][PASSED] - println("Transaction Approved, no errors text is present on the Confirmation page"): null

2023-02-15 23:01:50 - [TEST_STEP][PASSED] - out.println("Pass Record Number: " + row): null

2023-02-15 23:01:50 - [TEST_STEP][PASSED] - resText = "Pass": null

2023-02-15 23:01:50 - [TEST_STEP][PASSED] - pages.WriteExcel.demoKey(resText, datText, resColumn, datCloumn, fileLoc, nameSheet, row): pages.WriteExcel.demoKey is PASSED

2023-02-15 23:01:51 - [MESSAGE][PASSED] - pages.WriteExcel.demoKey is PASSED

2023-02-15 23:01:51 - [TEST_STEP][PASSED] - ExecuteTC = findTestData(dataFile).getValue("Execute", row): null

2023-02-15 23:01:51 - [TEST_STEP][PASSED] - out.println("Value of Execute is : " + ExecuteTC): null

2023-02-15 23:01:51 - [TEST_STEP][PASSED] - switch (executionProfile): null

2023-02-15 23:01:51 - [TEST_STEP][PASSED] - case "QAProfile":: null

2023-02-15 23:01:51 - [TEST_STEP][PASSED] - appID = findTestData(dataFile).getValue("AppIDQA", row): null

2023-02-15 23:01:51 - [TEST_STEP][PASSED] - username = findTestData(dataFile).getValue("UsernameQA", row): null

2023-02-15 23:01:51 - [TEST_STEP][PASSED] - password = findTestData(dataFile).getValue("PasswordQA", row): null

2023-02-15 23:01:51 - [TEST_STEP][PASSED] - break: null

2023-02-15 23:01:51 - [TEST_STEP][PASSED] - if (ExecuteTC.equalsIgnoreCase("Y")): null

2023-02-15 23:01:51 - [TEST_STEP][PASSED] - out.println("Begin Record Number: " + row): null

2023-02-15 23:01:51 - [TEST_STEP][PASSED] - today = new java.util.Date(): null

2023-02-15 23:01:51 - [TEST_STEP][PASSED] - println(today): null

2023-02-15 23:01:51 - [TEST_STEP][PASSED] - datText = today: null

2023-02-15 23:01:51 - [TEST_STEP][PASSED] - checkType = findTestData(dataFile).getValue("CheckType", row): null

2023-02-15 23:01:51 - [TEST_STEP][PASSED] - acNumber = findTestData(dataFile).getValue("AcNumber", row): null

2023-02-15 23:01:51 - [TEST_STEP][PASSED] - company = findTestData(dataFile).getValue("Company", row): null

2023-02-15 23:01:51 - [TEST_STEP][PASSED] - acType = findTestData(dataFile).getValue("AcType", row): null

2023-02-15 23:01:51 - [TEST_STEP][PASSED] - rtn = findTestData(dataFile).getValue("RTN", row): null

2023-02-15 23:01:51 - [TEST_STEP][PASSED] - amount = findTestData(dataFile).getValue("Amount", row): null

2023-02-15 23:01:51 - [TEST_STEP][PASSED] - sec = findTestData(dataFile).getValue("SEC", row): null

2023-02-15 23:01:51 - [TEST_STEP][PASSED] - openBrowser(VLinkURL + "debit.html"): Browser is opened with url: 'https://dev-algorithm.govolution.com/vlinktest/QA/version_2_0/debit.html'

2023-02-15 23:01:51 - [MESSAGE][WARNING] - A browser is already opened. Closing browser and opening a new one

2023-02-15 23:01:52 - [MESSAGE][INFO] - Starting 'Chrome' driver

2023-02-15 23:01:52 - [MESSAGE][INFO] - User set preference: ['acceptInsecureCerts', 'true']

2023-02-15 23:01:52 - [MESSAGE][INFO] - Action delay is set to 0 milliseconds

2023-02-15 23:01:54 - [MESSAGE][PASSED] - Browser is opened with url: 'https://dev-algorithm.govolution.com/vlinktest/QA/version_2_0/debit.html'

2023-02-15 23:01:54 - [TEST_STEP][PASSED] - maximizeWindow(): Current window maximized

2023-02-15 23:01:54 - [MESSAGE][PASSED] - Current window maximized

2023-02-15 23:01:54 - [TEST_STEP][PASSED] - genRemID = RandomStringUtils.random(12, true, true): null

2023-02-15 23:01:54 - [TEST_STEP][PASSED] - setText(findTestObject("RecAndPlayBk/Page-Vlink-Debit/input_Remittance Id"), genRemID): Text 'DRvZwwZrV72z' is set on object 'Object Repository/RecAndPlayBk/Page-Vlink-Debit/input_Remittance Id'

2023-02-15 23:01:55 - [MESSAGE][PASSED] - Text 'DRvZwwZrV72z' is set on object 'Object Repository/RecAndPlayBk/Page-Vlink-Debit/input_Remittance Id'

2023-02-15 23:01:55 - [TEST_STEP][PASSED] - setText(findTestObject("RecAndPlayBk/Page-Vlink-Debit/input_Application Id"), appID): Text '234' is set on object 'Object Repository/RecAndPlayBk/Page-Vlink-Debit/input_Application Id'

2023-02-15 23:01:55 - [MESSAGE][PASSED] - Text '234' is set on object 'Object Repository/RecAndPlayBk/Page-Vlink-Debit/input_Application Id'

2023-02-15 23:01:55 - [TEST_STEP][PASSED] - setText(findTestObject("RecAndPlayBk/Page-Vlink-Debit/input_Username"), username): Text 'username' is set on object 'Object Repository/RecAndPlayBk/Page-Vlink-Debit/input_Username'

2023-02-15 23:01:56 - [MESSAGE][PASSED] - Text 'username' is set on object 'Object Repository/RecAndPlayBk/Page-Vlink-Debit/input_Username'

2023-02-15 23:01:56 - [TEST_STEP][PASSED] - setText(findTestObject("RecAndPlayBk/Page-Vlink-Debit/input_Password"), password): Text 'password' is set on object 'Object Repository/RecAndPlayBk/Page-Vlink-Debit/input_Password'

2023-02-15 23:01:57 - [MESSAGE][PASSED] - Text 'password' is set on object 'Object Repository/RecAndPlayBk/Page-Vlink-Debit/input_Password'

2023-02-15 23:01:57 - [TEST_STEP][PASSED] - setText(findTestObject("RecAndPlayBk/Page-Vlink-Debit/input_Check Type"), checkType): Text 'P' is set on object 'Object Repository/RecAndPlayBk/Page-Vlink-Debit/input_Check Type'

2023-02-15 23:01:57 - [MESSAGE][PASSED] - Text 'P' is set on object 'Object Repository/RecAndPlayBk/Page-Vlink-Debit/input_Check Type'

2023-02-15 23:01:57 - [TEST_STEP][PASSED] - setText(findTestObject("RecAndPlayBk/Page-Vlink-Debit/input_Account_check"), acNumber): Text '58963214' is set on object 'Object Repository/RecAndPlayBk/Page-Vlink-Debit/input_Account_check'

2023-02-15 23:01:58 - [MESSAGE][PASSED] - Text '58963214' is set on object 'Object Repository/RecAndPlayBk/Page-Vlink-Debit/input_Account_check'

2023-02-15 23:01:58 - [TEST_STEP][PASSED] - setText(findTestObject("RecAndPlayBk/Page-Vlink-Debit/input_Company_check"), company): Text '' is set on object 'Object Repository/RecAndPlayBk/Page-Vlink-Debit/input_Company_check'

2023-02-15 23:01:59 - [MESSAGE][PASSED] - Text '' is set on object 'Object Repository/RecAndPlayBk/Page-Vlink-Debit/input_Company_check'

2023-02-15 23:01:59 - [TEST_STEP][PASSED] - setText(findTestObject("RecAndPlayBk/Page-Vlink-Debit/input_Account Type"), acType): Text '2' is set on object 'Object Repository/RecAndPlayBk/Page-Vlink-Debit/input_Account Type'

2023-02-15 23:01:59 - [MESSAGE][PASSED] - Text '2' is set on object 'Object Repository/RecAndPlayBk/Page-Vlink-Debit/input_Account Type'

2023-02-15 23:01:59 - [TEST_STEP][PASSED] - setText(findTestObject("RecAndPlayBk/Page-Vlink-Debit/input_Routing Number"), rtn): Text '256072691' is set on object 'Object Repository/RecAndPlayBk/Page-Vlink-Debit/input_Routing Number'

2023-02-15 23:02:00 - [MESSAGE][PASSED] - Text '256072691' is set on object 'Object Repository/RecAndPlayBk/Page-Vlink-Debit/input_Routing Number'

2023-02-15 23:02:00 - [TEST_STEP][PASSED] - setText(findTestObject("RecAndPlayBk/Page-Vlink-Debit/input_Amount"), amount): Text '12.50' is set on object 'Object Repository/RecAndPlayBk/Page-Vlink-Debit/input_Amount'

2023-02-15 23:02:00 - [MESSAGE][PASSED] - Text '12.50' is set on object 'Object Repository/RecAndPlayBk/Page-Vlink-Debit/input_Amount'

2023-02-15 23:02:00 - [TEST_STEP][PASSED] - setText(findTestObject("RecAndPlayBk/Page-Vlink-Debit/input_Check Email"), ""): Text '' is set on object 'Object Repository/RecAndPlayBk/Page-Vlink-Debit/input_Check Email'

2023-02-15 23:02:01 - [MESSAGE][PASSED] - Text '' is set on object 'Object Repository/RecAndPlayBk/Page-Vlink-Debit/input_Check Email'

2023-02-15 23:02:01 - [TEST_STEP][PASSED] - setText(findTestObject("Object Repository/RecAndPlayBk/Page-Vlink-Debit/input_concat(CheckWriter, , s SSN)_check_ssn"), ""): Text '' is set on object 'Object Repository/RecAndPlayBk/Page-Vlink-Debit/input_concat(CheckWriter, , s SSN)_check_ssn'

2023-02-15 23:02:02 - [MESSAGE][PASSED] - Text '' is set on object 'Object Repository/RecAndPlayBk/Page-Vlink-Debit/input_concat(CheckWriter, , s SSN)_check_ssn'

2023-02-15 23:02:02 - [TEST_STEP][PASSED] - setText(findTestObject("Object Repository/RecAndPlayBk/Page-Vlink-Debit/input_concat(CheckWriter, , s License Numbe_020fef"), ""): Text '' is set on object 'Object Repository/RecAndPlayBk/Page-Vlink-Debit/input_concat(CheckWriter, , s License Numbe_020fef'

2023-02-15 23:02:02 - [MESSAGE][PASSED] - Text '' is set on object 'Object Repository/RecAndPlayBk/Page-Vlink-Debit/input_concat(CheckWriter, , s License Numbe_020fef'

2023-02-15 23:02:02 - [TEST_STEP][PASSED] - setText(findTestObject("Object Repository/RecAndPlayBk/Page-Vlink-Debit/input_concat(CheckWriter, , s License State_21e3e7"), ""): Text '' is set on object 'Object Repository/RecAndPlayBk/Page-Vlink-Debit/input_concat(CheckWriter, , s License State_21e3e7'

2023-02-15 23:02:03 - [MESSAGE][PASSED] - Text '' is set on object 'Object Repository/RecAndPlayBk/Page-Vlink-Debit/input_concat(CheckWriter, , s License State_21e3e7'

2023-02-15 23:02:03 - [TEST_STEP][PASSED] - setText(findTestObject("RecAndPlayBk/Page-Vlink-Debit/input_Standard Entry Class"), sec): Text 'WEB' is set on object 'Object Repository/RecAndPlayBk/Page-Vlink-Debit/input_Standard Entry Class'

2023-02-15 23:02:04 - [MESSAGE][PASSED] - Text 'WEB' is set on object 'Object Repository/RecAndPlayBk/Page-Vlink-Debit/input_Standard Entry Class'

2023-02-15 23:02:04 - [TEST_STEP][PASSED] - click(findTestObject("Object Repository/RecAndPlayBk/Page-Vlink-Debit/input")): Object: 'Object Repository/RecAndPlayBk/Page-Vlink-Debit/input' is clicked on

2023-02-15 23:02:04 - [MESSAGE][PASSED] - Object: 'Object Repository/RecAndPlayBk/Page-Vlink-Debit/input' is clicked on

2023-02-15 23:02:04 - [TEST_STEP][PASSED] - if (verifyTextPresent("Transaction approved, no errors", true)): null

2023-02-15 23:02:05 - [MESSAGE][PASSED] - Text 'Transaction approved, no errors' is present on page  using regular expression

2023-02-15 23:02:05 - [TEST_STEP][PASSED] - println("Transaction Approved, no errors text is present on the Confirmation page"): null

2023-02-15 23:02:05 - [TEST_STEP][PASSED] - sdfo = getText(findTestObject("Object Repository/Page_VLinkReceipt/pre_STX")): Text of object 'Object Repository/Page_VLinkReceipt/pre_STX' is: '<STX>DRvZwwZrV72z                  12126718            0  Transaction approved, no errors                   0                                                                                                              <ETX>'

2023-02-15 23:02:05 - [MESSAGE][PASSED] - Text of object 'Object Repository/Page_VLinkReceipt/pre_STX' is: '<STX>DRvZwwZrV72z                  12126718            0  Transaction approved, no errors                   0                                                                                                              <ETX>'

2023-02-15 23:02:05 - [TEST_STEP][PASSED] - out.println("sdfo: " + sdfo): null

2023-02-15 23:02:05 - [TEST_STEP][PASSED] - remID = substring(5, 35).trim(): null

2023-02-15 23:02:05 - [TEST_STEP][PASSED] - out.println("remID: " + remID): null

2023-02-15 23:02:05 - [TEST_STEP][PASSED] - traxID = substring(35, 55).trim(): null

2023-02-15 23:02:05 - [TEST_STEP][PASSED] - out.println("traxID: " + traxID): null

2023-02-15 23:02:05 - [TEST_STEP][PASSED] - VLinkSaleRemID = remID: null

2023-02-15 23:02:05 - [TEST_STEP][PASSED] - VLinkSaleTranxID = traxID: null

2023-02-15 23:02:05 - [TEST_STEP][PASSED] - openBrowser(VLinkURL + "ACH_credit.html"): Browser is opened with url: 'https://dev-algorithm.govolution.com/vlinktest/QA/version_2_0/ACH_credit.html'

2023-02-15 23:02:05 - [MESSAGE][WARNING] - A browser is already opened. Closing browser and opening a new one

2023-02-15 23:02:06 - [MESSAGE][INFO] - Starting 'Chrome' driver

2023-02-15 23:02:06 - [MESSAGE][INFO] - User set preference: ['acceptInsecureCerts', 'true']

2023-02-15 23:02:06 - [MESSAGE][INFO] - Action delay is set to 0 milliseconds

2023-02-15 23:02:08 - [MESSAGE][PASSED] - Browser is opened with url: 'https://dev-algorithm.govolution.com/vlinktest/QA/version_2_0/ACH_credit.html'

2023-02-15 23:02:08 - [TEST_STEP][PASSED] - maximizeWindow(): Current window maximized

2023-02-15 23:02:08 - [MESSAGE][PASSED] - Current window maximized

2023-02-15 23:02:08 - [TEST_STEP][PASSED] - setText(findTestObject("Object Repository/RecAndPlayBk/Page-Vlink-ACH-Credit/input_Remittance Id"), VLinkSaleRemID): Text 'DRvZwwZrV72z' is set on object 'Object Repository/RecAndPlayBk/Page-Vlink-ACH-Credit/input_Remittance Id'

2023-02-15 23:02:09 - [MESSAGE][PASSED] - Text 'DRvZwwZrV72z' is set on object 'Object Repository/RecAndPlayBk/Page-Vlink-ACH-Credit/input_Remittance Id'

2023-02-15 23:02:09 - [TEST_STEP][PASSED] - setText(findTestObject("Object Repository/RecAndPlayBk/Page-Vlink-ACH-Credit/input_Application Id"), appID): Text '234' is set on object 'Object Repository/RecAndPlayBk/Page-Vlink-ACH-Credit/input_Application Id'

2023-02-15 23:02:09 - [MESSAGE][PASSED] - Text '234' is set on object 'Object Repository/RecAndPlayBk/Page-Vlink-ACH-Credit/input_Application Id'

2023-02-15 23:02:09 - [TEST_STEP][PASSED] - setText(findTestObject("Object Repository/RecAndPlayBk/Page-Vlink-ACH-Credit/input_Username"), username): Text 'username' is set on object 'Object Repository/RecAndPlayBk/Page-Vlink-ACH-Credit/input_Username'

2023-02-15 23:02:10 - [MESSAGE][PASSED] - Text 'username' is set on object 'Object Repository/RecAndPlayBk/Page-Vlink-ACH-Credit/input_Username'

2023-02-15 23:02:10 - [TEST_STEP][PASSED] - setText(findTestObject("Object Repository/RecAndPlayBk/Page-Vlink-ACH-Credit/input_Password"), password): Text 'password' is set on object 'Object Repository/RecAndPlayBk/Page-Vlink-ACH-Credit/input_Password'

2023-02-15 23:02:10 - [MESSAGE][PASSED] - Text 'password' is set on object 'Object Repository/RecAndPlayBk/Page-Vlink-ACH-Credit/input_Password'

2023-02-15 23:02:10 - [TEST_STEP][PASSED] - setText(findTestObject("Object Repository/RecAndPlayBk/Page-Vlink-ACH-Credit/input_Check Type"), checkType): Text 'P' is set on object 'Object Repository/RecAndPlayBk/Page-Vlink-ACH-Credit/input_Check Type'

2023-02-15 23:02:11 - [MESSAGE][PASSED] - Text 'P' is set on object 'Object Repository/RecAndPlayBk/Page-Vlink-ACH-Credit/input_Check Type'

2023-02-15 23:02:11 - [TEST_STEP][PASSED] - setText(findTestObject("Object Repository/RecAndPlayBk/Page-Vlink-ACH-Credit/input_Transaction ID"), VLinkSaleTranxID): Text '12126718' is set on object 'Object Repository/RecAndPlayBk/Page-Vlink-ACH-Credit/input_Transaction ID'

2023-02-15 23:02:12 - [MESSAGE][PASSED] - Text '12126718' is set on object 'Object Repository/RecAndPlayBk/Page-Vlink-ACH-Credit/input_Transaction ID'

2023-02-15 23:02:12 - [TEST_STEP][PASSED] - setText(findTestObject("Object Repository/RecAndPlayBk/Page-Vlink-ACH-Credit/input_Amount"), amount): Text '12.50' is set on object 'Object Repository/RecAndPlayBk/Page-Vlink-ACH-Credit/input_Amount'

2023-02-15 23:02:12 - [MESSAGE][PASSED] - Text '12.50' is set on object 'Object Repository/RecAndPlayBk/Page-Vlink-ACH-Credit/input_Amount'

2023-02-15 23:02:12 - [TEST_STEP][PASSED] - setText(findTestObject("Object Repository/RecAndPlayBk/Page-Vlink-ACH-Credit/input_Standard Entry Class"), sec): Text 'WEB' is set on object 'Object Repository/RecAndPlayBk/Page-Vlink-ACH-Credit/input_Standard Entry Class'

2023-02-15 23:02:13 - [MESSAGE][PASSED] - Text 'WEB' is set on object 'Object Repository/RecAndPlayBk/Page-Vlink-ACH-Credit/input_Standard Entry Class'

2023-02-15 23:02:13 - [TEST_STEP][PASSED] - setText(findTestObject("Object Repository/RecAndPlayBk/Page-Vlink-ACH-Credit/input_Account Number"), acNumber): Text '58963214' is set on object 'Object Repository/RecAndPlayBk/Page-Vlink-ACH-Credit/input_Account Number'

2023-02-15 23:02:14 - [MESSAGE][PASSED] - Text '58963214' is set on object 'Object Repository/RecAndPlayBk/Page-Vlink-ACH-Credit/input_Account Number'

2023-02-15 23:02:14 - [TEST_STEP][PASSED] - setText(findTestObject("Object Repository/RecAndPlayBk/Page-Vlink-ACH-Credit/input_Routing Number"), rtn): Text '256072691' is set on object 'Object Repository/RecAndPlayBk/Page-Vlink-ACH-Credit/input_Routing Number'

2023-02-15 23:02:14 - [MESSAGE][PASSED] - Text '256072691' is set on object 'Object Repository/RecAndPlayBk/Page-Vlink-ACH-Credit/input_Routing Number'

2023-02-15 23:02:14 - [TEST_STEP][PASSED] - click(findTestObject("Object Repository/RecAndPlayBk/Page-Vlink-ACH-Credit/input")): Object: 'Object Repository/RecAndPlayBk/Page-Vlink-ACH-Credit/input' is clicked on

2023-02-15 23:02:15 - [MESSAGE][PASSED] - Object: 'Object Repository/RecAndPlayBk/Page-Vlink-ACH-Credit/input' is clicked on

2023-02-15 23:02:15 - [TEST_STEP][PASSED] - if (verifyTextPresent("Transaction approved, no errors", true)): null

2023-02-15 23:02:15 - [MESSAGE][PASSED] - Text 'Transaction approved, no errors' is present on page  using regular expression

2023-02-15 23:02:15 - [TEST_STEP][PASSED] - println("Transaction Approved, no errors text is present on the Confirmation page"): null

2023-02-15 23:02:15 - [TEST_STEP][PASSED] - out.println("Pass Record Number: " + row): null

2023-02-15 23:02:15 - [TEST_STEP][PASSED] - resText = "Pass": null

2023-02-15 23:02:15 - [TEST_STEP][PASSED] - pages.WriteExcel.demoKey(resText, datText, resColumn, datCloumn, fileLoc, nameSheet, row): pages.WriteExcel.demoKey is PASSED

2023-02-15 23:02:15 - [MESSAGE][PASSED] - pages.WriteExcel.demoKey is PASSED

2023-02-15 23:02:15 - [TEST_STEP][PASSED] - ExecuteTC = findTestData(dataFile).getValue("Execute", row): null

2023-02-15 23:02:15 - [TEST_STEP][PASSED] - out.println("Value of Execute is : " + ExecuteTC): null

2023-02-15 23:02:15 - [TEST_STEP][PASSED] - switch (executionProfile): null

2023-02-15 23:02:15 - [TEST_STEP][PASSED] - case "QAProfile":: null

2023-02-15 23:02:15 - [TEST_STEP][PASSED] - appID = findTestData(dataFile).getValue("AppIDQA", row): null

2023-02-15 23:02:15 - [TEST_STEP][PASSED] - username = findTestData(dataFile).getValue("UsernameQA", row): null

2023-02-15 23:02:15 - [TEST_STEP][PASSED] - password = findTestData(dataFile).getValue("PasswordQA", row): null

2023-02-15 23:02:16 - [TEST_STEP][PASSED] - break: null

2023-02-15 23:02:16 - [TEST_STEP][PASSED] - if (ExecuteTC.equalsIgnoreCase("Y")): null

2023-02-15 23:02:16 - [TEST_STEP][PASSED] - out.println("Begin Record Number: " + row): null

2023-02-15 23:02:16 - [TEST_STEP][PASSED] - today = new java.util.Date(): null

2023-02-15 23:02:16 - [TEST_STEP][PASSED] - println(today): null

2023-02-15 23:02:16 - [TEST_STEP][PASSED] - datText = today: null

2023-02-15 23:02:16 - [TEST_STEP][PASSED] - checkType = findTestData(dataFile).getValue("CheckType", row): null

2023-02-15 23:02:16 - [TEST_STEP][PASSED] - acNumber = findTestData(dataFile).getValue("AcNumber", row): null

2023-02-15 23:02:16 - [TEST_STEP][PASSED] - company = findTestData(dataFile).getValue("Company", row): null

2023-02-15 23:02:16 - [TEST_STEP][PASSED] - acType = findTestData(dataFile).getValue("AcType", row): null

2023-02-15 23:02:16 - [TEST_STEP][PASSED] - rtn = findTestData(dataFile).getValue("RTN", row): null

2023-02-15 23:02:16 - [TEST_STEP][PASSED] - amount = findTestData(dataFile).getValue("Amount", row): null

2023-02-15 23:02:16 - [TEST_STEP][PASSED] - sec = findTestData(dataFile).getValue("SEC", row): null

2023-02-15 23:02:16 - [TEST_STEP][PASSED] - openBrowser(VLinkURL + "debit.html"): Browser is opened with url: 'https://dev-algorithm.govolution.com/vlinktest/QA/version_2_0/debit.html'

2023-02-15 23:02:16 - [MESSAGE][WARNING] - A browser is already opened. Closing browser and opening a new one

2023-02-15 23:02:17 - [MESSAGE][INFO] - Starting 'Chrome' driver

2023-02-15 23:02:17 - [MESSAGE][INFO] - User set preference: ['acceptInsecureCerts', 'true']

2023-02-15 23:02:17 - [MESSAGE][INFO] - Action delay is set to 0 milliseconds

2023-02-15 23:02:19 - [MESSAGE][PASSED] - Browser is opened with url: 'https://dev-algorithm.govolution.com/vlinktest/QA/version_2_0/debit.html'

2023-02-15 23:02:19 - [TEST_STEP][PASSED] - maximizeWindow(): Current window maximized

2023-02-15 23:02:19 - [MESSAGE][PASSED] - Current window maximized

2023-02-15 23:02:19 - [TEST_STEP][PASSED] - genRemID = RandomStringUtils.random(12, true, true): null

2023-02-15 23:02:19 - [TEST_STEP][PASSED] - setText(findTestObject("RecAndPlayBk/Page-Vlink-Debit/input_Remittance Id"), genRemID): Text 'y251X3pZRRVD' is set on object 'Object Repository/RecAndPlayBk/Page-Vlink-Debit/input_Remittance Id'

2023-02-15 23:02:20 - [MESSAGE][PASSED] - Text 'y251X3pZRRVD' is set on object 'Object Repository/RecAndPlayBk/Page-Vlink-Debit/input_Remittance Id'

2023-02-15 23:02:20 - [TEST_STEP][PASSED] - setText(findTestObject("RecAndPlayBk/Page-Vlink-Debit/input_Application Id"), appID): Text '234' is set on object 'Object Repository/RecAndPlayBk/Page-Vlink-Debit/input_Application Id'

2023-02-15 23:02:20 - [MESSAGE][PASSED] - Text '234' is set on object 'Object Repository/RecAndPlayBk/Page-Vlink-Debit/input_Application Id'

2023-02-15 23:02:20 - [TEST_STEP][PASSED] - setText(findTestObject("RecAndPlayBk/Page-Vlink-Debit/input_Username"), username): Text 'username' is set on object 'Object Repository/RecAndPlayBk/Page-Vlink-Debit/input_Username'

2023-02-15 23:02:21 - [MESSAGE][PASSED] - Text 'username' is set on object 'Object Repository/RecAndPlayBk/Page-Vlink-Debit/input_Username'

2023-02-15 23:02:21 - [TEST_STEP][PASSED] - setText(findTestObject("RecAndPlayBk/Page-Vlink-Debit/input_Password"), password): Text 'password' is set on object 'Object Repository/RecAndPlayBk/Page-Vlink-Debit/input_Password'

2023-02-15 23:02:22 - [MESSAGE][PASSED] - Text 'password' is set on object 'Object Repository/RecAndPlayBk/Page-Vlink-Debit/input_Password'

2023-02-15 23:02:22 - [TEST_STEP][PASSED] - setText(findTestObject("RecAndPlayBk/Page-Vlink-Debit/input_Check Type"), checkType): Text 'P' is set on object 'Object Repository/RecAndPlayBk/Page-Vlink-Debit/input_Check Type'

2023-02-15 23:02:22 - [MESSAGE][PASSED] - Text 'P' is set on object 'Object Repository/RecAndPlayBk/Page-Vlink-Debit/input_Check Type'

2023-02-15 23:02:22 - [TEST_STEP][PASSED] - setText(findTestObject("RecAndPlayBk/Page-Vlink-Debit/input_Account_check"), acNumber): Text '58963214' is set on object 'Object Repository/RecAndPlayBk/Page-Vlink-Debit/input_Account_check'

2023-02-15 23:02:23 - [MESSAGE][PASSED] - Text '58963214' is set on object 'Object Repository/RecAndPlayBk/Page-Vlink-Debit/input_Account_check'

2023-02-15 23:02:23 - [TEST_STEP][PASSED] - setText(findTestObject("RecAndPlayBk/Page-Vlink-Debit/input_Company_check"), company): Text '' is set on object 'Object Repository/RecAndPlayBk/Page-Vlink-Debit/input_Company_check'

2023-02-15 23:02:24 - [MESSAGE][PASSED] - Text '' is set on object 'Object Repository/RecAndPlayBk/Page-Vlink-Debit/input_Company_check'

2023-02-15 23:02:24 - [TEST_STEP][PASSED] - setText(findTestObject("RecAndPlayBk/Page-Vlink-Debit/input_Account Type"), acType): Text '2' is set on object 'Object Repository/RecAndPlayBk/Page-Vlink-Debit/input_Account Type'

2023-02-15 23:02:24 - [MESSAGE][PASSED] - Text '2' is set on object 'Object Repository/RecAndPlayBk/Page-Vlink-Debit/input_Account Type'

2023-02-15 23:02:24 - [TEST_STEP][PASSED] - setText(findTestObject("RecAndPlayBk/Page-Vlink-Debit/input_Routing Number"), rtn): Text '256072691' is set on object 'Object Repository/RecAndPlayBk/Page-Vlink-Debit/input_Routing Number'

2023-02-15 23:02:25 - [MESSAGE][PASSED] - Text '256072691' is set on object 'Object Repository/RecAndPlayBk/Page-Vlink-Debit/input_Routing Number'

2023-02-15 23:02:25 - [TEST_STEP][PASSED] - setText(findTestObject("RecAndPlayBk/Page-Vlink-Debit/input_Amount"), amount): Text '12.50' is set on object 'Object Repository/RecAndPlayBk/Page-Vlink-Debit/input_Amount'

2023-02-15 23:02:25 - [MESSAGE][PASSED] - Text '12.50' is set on object 'Object Repository/RecAndPlayBk/Page-Vlink-Debit/input_Amount'

2023-02-15 23:02:25 - [TEST_STEP][PASSED] - setText(findTestObject("RecAndPlayBk/Page-Vlink-Debit/input_Check Email"), ""): Text '' is set on object 'Object Repository/RecAndPlayBk/Page-Vlink-Debit/input_Check Email'

2023-02-15 23:02:26 - [MESSAGE][PASSED] - Text '' is set on object 'Object Repository/RecAndPlayBk/Page-Vlink-Debit/input_Check Email'

2023-02-15 23:02:26 - [TEST_STEP][PASSED] - setText(findTestObject("Object Repository/RecAndPlayBk/Page-Vlink-Debit/input_concat(CheckWriter, , s SSN)_check_ssn"), ""): Text '' is set on object 'Object Repository/RecAndPlayBk/Page-Vlink-Debit/input_concat(CheckWriter, , s SSN)_check_ssn'

2023-02-15 23:02:27 - [MESSAGE][PASSED] - Text '' is set on object 'Object Repository/RecAndPlayBk/Page-Vlink-Debit/input_concat(CheckWriter, , s SSN)_check_ssn'

2023-02-15 23:02:27 - [TEST_STEP][PASSED] - setText(findTestObject("Object Repository/RecAndPlayBk/Page-Vlink-Debit/input_concat(CheckWriter, , s License Numbe_020fef"), ""): Text '' is set on object 'Object Repository/RecAndPlayBk/Page-Vlink-Debit/input_concat(CheckWriter, , s License Numbe_020fef'

2023-02-15 23:02:27 - [MESSAGE][PASSED] - Text '' is set on object 'Object Repository/RecAndPlayBk/Page-Vlink-Debit/input_concat(CheckWriter, , s License Numbe_020fef'

2023-02-15 23:02:27 - [TEST_STEP][PASSED] - setText(findTestObject("Object Repository/RecAndPlayBk/Page-Vlink-Debit/input_concat(CheckWriter, , s License State_21e3e7"), ""): Text '' is set on object 'Object Repository/RecAndPlayBk/Page-Vlink-Debit/input_concat(CheckWriter, , s License State_21e3e7'

2023-02-15 23:02:28 - [MESSAGE][PASSED] - Text '' is set on object 'Object Repository/RecAndPlayBk/Page-Vlink-Debit/input_concat(CheckWriter, , s License State_21e3e7'

2023-02-15 23:02:28 - [TEST_STEP][PASSED] - setText(findTestObject("RecAndPlayBk/Page-Vlink-Debit/input_Standard Entry Class"), sec): Text 'TEL' is set on object 'Object Repository/RecAndPlayBk/Page-Vlink-Debit/input_Standard Entry Class'

2023-02-15 23:02:29 - [MESSAGE][PASSED] - Text 'TEL' is set on object 'Object Repository/RecAndPlayBk/Page-Vlink-Debit/input_Standard Entry Class'

2023-02-15 23:02:29 - [TEST_STEP][PASSED] - click(findTestObject("Object Repository/RecAndPlayBk/Page-Vlink-Debit/input")): Object: 'Object Repository/RecAndPlayBk/Page-Vlink-Debit/input' is clicked on

2023-02-15 23:02:29 - [MESSAGE][PASSED] - Object: 'Object Repository/RecAndPlayBk/Page-Vlink-Debit/input' is clicked on

2023-02-15 23:02:29 - [TEST_STEP][PASSED] - if (verifyTextPresent("Transaction approved, no errors", true)): null

2023-02-15 23:02:30 - [MESSAGE][PASSED] - Text 'Transaction approved, no errors' is present on page  using regular expression

2023-02-15 23:02:30 - [TEST_STEP][PASSED] - println("Transaction Approved, no errors text is present on the Confirmation page"): null

2023-02-15 23:02:30 - [TEST_STEP][PASSED] - sdfo = getText(findTestObject("Object Repository/Page_VLinkReceipt/pre_STX")): Text of object 'Object Repository/Page_VLinkReceipt/pre_STX' is: '<STX>y251X3pZRRVD                  12126720            0  Transaction approved, no errors                   0                                                                                                              <ETX>'

2023-02-15 23:02:30 - [MESSAGE][PASSED] - Text of object 'Object Repository/Page_VLinkReceipt/pre_STX' is: '<STX>y251X3pZRRVD                  12126720            0  Transaction approved, no errors                   0                                                                                                              <ETX>'

2023-02-15 23:02:30 - [TEST_STEP][PASSED] - out.println("sdfo: " + sdfo): null

2023-02-15 23:02:30 - [TEST_STEP][PASSED] - remID = substring(5, 35).trim(): null

2023-02-15 23:02:30 - [TEST_STEP][PASSED] - out.println("remID: " + remID): null

2023-02-15 23:02:30 - [TEST_STEP][PASSED] - traxID = substring(35, 55).trim(): null

2023-02-15 23:02:30 - [TEST_STEP][PASSED] - out.println("traxID: " + traxID): null

2023-02-15 23:02:30 - [TEST_STEP][PASSED] - VLinkSaleRemID = remID: null

2023-02-15 23:02:30 - [TEST_STEP][PASSED] - VLinkSaleTranxID = traxID: null

2023-02-15 23:02:30 - [TEST_STEP][PASSED] - openBrowser(VLinkURL + "ACH_credit.html"): Browser is opened with url: 'https://dev-algorithm.govolution.com/vlinktest/QA/version_2_0/ACH_credit.html'

2023-02-15 23:02:30 - [MESSAGE][WARNING] - A browser is already opened. Closing browser and opening a new one

2023-02-15 23:02:31 - [MESSAGE][INFO] - Starting 'Chrome' driver

2023-02-15 23:02:31 - [MESSAGE][INFO] - User set preference: ['acceptInsecureCerts', 'true']

2023-02-15 23:02:31 - [MESSAGE][INFO] - Action delay is set to 0 milliseconds

2023-02-15 23:02:33 - [MESSAGE][PASSED] - Browser is opened with url: 'https://dev-algorithm.govolution.com/vlinktest/QA/version_2_0/ACH_credit.html'

2023-02-15 23:02:33 - [TEST_STEP][PASSED] - maximizeWindow(): Current window maximized

2023-02-15 23:02:33 - [MESSAGE][PASSED] - Current window maximized

2023-02-15 23:02:33 - [TEST_STEP][PASSED] - setText(findTestObject("Object Repository/RecAndPlayBk/Page-Vlink-ACH-Credit/input_Remittance Id"), VLinkSaleRemID): Text 'y251X3pZRRVD' is set on object 'Object Repository/RecAndPlayBk/Page-Vlink-ACH-Credit/input_Remittance Id'

2023-02-15 23:02:34 - [MESSAGE][PASSED] - Text 'y251X3pZRRVD' is set on object 'Object Repository/RecAndPlayBk/Page-Vlink-ACH-Credit/input_Remittance Id'

2023-02-15 23:02:34 - [TEST_STEP][PASSED] - setText(findTestObject("Object Repository/RecAndPlayBk/Page-Vlink-ACH-Credit/input_Application Id"), appID): Text '234' is set on object 'Object Repository/RecAndPlayBk/Page-Vlink-ACH-Credit/input_Application Id'

2023-02-15 23:02:34 - [MESSAGE][PASSED] - Text '234' is set on object 'Object Repository/RecAndPlayBk/Page-Vlink-ACH-Credit/input_Application Id'

2023-02-15 23:02:34 - [TEST_STEP][PASSED] - setText(findTestObject("Object Repository/RecAndPlayBk/Page-Vlink-ACH-Credit/input_Username"), username): Text 'username' is set on object 'Object Repository/RecAndPlayBk/Page-Vlink-ACH-Credit/input_Username'

2023-02-15 23:02:35 - [MESSAGE][PASSED] - Text 'username' is set on object 'Object Repository/RecAndPlayBk/Page-Vlink-ACH-Credit/input_Username'

2023-02-15 23:02:35 - [TEST_STEP][PASSED] - setText(findTestObject("Object Repository/RecAndPlayBk/Page-Vlink-ACH-Credit/input_Password"), password): Text 'password' is set on object 'Object Repository/RecAndPlayBk/Page-Vlink-ACH-Credit/input_Password'

2023-02-15 23:02:35 - [MESSAGE][PASSED] - Text 'password' is set on object 'Object Repository/RecAndPlayBk/Page-Vlink-ACH-Credit/input_Password'

2023-02-15 23:02:35 - [TEST_STEP][PASSED] - setText(findTestObject("Object Repository/RecAndPlayBk/Page-Vlink-ACH-Credit/input_Check Type"), checkType): Text 'P' is set on object 'Object Repository/RecAndPlayBk/Page-Vlink-ACH-Credit/input_Check Type'

2023-02-15 23:02:36 - [MESSAGE][PASSED] - Text 'P' is set on object 'Object Repository/RecAndPlayBk/Page-Vlink-ACH-Credit/input_Check Type'

2023-02-15 23:02:36 - [TEST_STEP][PASSED] - setText(findTestObject("Object Repository/RecAndPlayBk/Page-Vlink-ACH-Credit/input_Transaction ID"), VLinkSaleTranxID): Text '12126720' is set on object 'Object Repository/RecAndPlayBk/Page-Vlink-ACH-Credit/input_Transaction ID'

2023-02-15 23:02:37 - [MESSAGE][PASSED] - Text '12126720' is set on object 'Object Repository/RecAndPlayBk/Page-Vlink-ACH-Credit/input_Transaction ID'

2023-02-15 23:02:37 - [TEST_STEP][PASSED] - setText(findTestObject("Object Repository/RecAndPlayBk/Page-Vlink-ACH-Credit/input_Amount"), amount): Text '12.50' is set on object 'Object Repository/RecAndPlayBk/Page-Vlink-ACH-Credit/input_Amount'

2023-02-15 23:02:37 - [MESSAGE][PASSED] - Text '12.50' is set on object 'Object Repository/RecAndPlayBk/Page-Vlink-ACH-Credit/input_Amount'

2023-02-15 23:02:37 - [TEST_STEP][PASSED] - setText(findTestObject("Object Repository/RecAndPlayBk/Page-Vlink-ACH-Credit/input_Standard Entry Class"), sec): Text 'TEL' is set on object 'Object Repository/RecAndPlayBk/Page-Vlink-ACH-Credit/input_Standard Entry Class'

2023-02-15 23:02:38 - [MESSAGE][PASSED] - Text 'TEL' is set on object 'Object Repository/RecAndPlayBk/Page-Vlink-ACH-Credit/input_Standard Entry Class'

2023-02-15 23:02:38 - [TEST_STEP][PASSED] - setText(findTestObject("Object Repository/RecAndPlayBk/Page-Vlink-ACH-Credit/input_Account Number"), acNumber): Text '58963214' is set on object 'Object Repository/RecAndPlayBk/Page-Vlink-ACH-Credit/input_Account Number'

2023-02-15 23:02:39 - [MESSAGE][PASSED] - Text '58963214' is set on object 'Object Repository/RecAndPlayBk/Page-Vlink-ACH-Credit/input_Account Number'

2023-02-15 23:02:39 - [TEST_STEP][PASSED] - setText(findTestObject("Object Repository/RecAndPlayBk/Page-Vlink-ACH-Credit/input_Routing Number"), rtn): Text '256072691' is set on object 'Object Repository/RecAndPlayBk/Page-Vlink-ACH-Credit/input_Routing Number'

2023-02-15 23:02:39 - [MESSAGE][PASSED] - Text '256072691' is set on object 'Object Repository/RecAndPlayBk/Page-Vlink-ACH-Credit/input_Routing Number'

2023-02-15 23:02:39 - [TEST_STEP][PASSED] - click(findTestObject("Object Repository/RecAndPlayBk/Page-Vlink-ACH-Credit/input")): Object: 'Object Repository/RecAndPlayBk/Page-Vlink-ACH-Credit/input' is clicked on

2023-02-15 23:02:40 - [MESSAGE][PASSED] - Object: 'Object Repository/RecAndPlayBk/Page-Vlink-ACH-Credit/input' is clicked on

2023-02-15 23:02:40 - [TEST_STEP][PASSED] - if (verifyTextPresent("Transaction approved, no errors", true)): null

2023-02-15 23:02:40 - [MESSAGE][PASSED] - Text 'Transaction approved, no errors' is present on page  using regular expression

2023-02-15 23:02:40 - [TEST_STEP][PASSED] - println("Transaction Approved, no errors text is present on the Confirmation page"): null

2023-02-15 23:02:40 - [TEST_STEP][PASSED] - out.println("Pass Record Number: " + row): null

2023-02-15 23:02:40 - [TEST_STEP][PASSED] - resText = "Pass": null

2023-02-15 23:02:40 - [TEST_STEP][PASSED] - pages.WriteExcel.demoKey(resText, datText, resColumn, datCloumn, fileLoc, nameSheet, row): pages.WriteExcel.demoKey is PASSED

2023-02-15 23:02:40 - [MESSAGE][PASSED] - pages.WriteExcel.demoKey is PASSED

2023-02-15 23:02:40 - [TEST_STEP][PASSED] - ExecuteTC = findTestData(dataFile).getValue("Execute", row): null

2023-02-15 23:02:40 - [TEST_STEP][PASSED] - out.println("Value of Execute is : " + ExecuteTC): null

2023-02-15 23:02:40 - [TEST_STEP][PASSED] - switch (executionProfile): null

2023-02-15 23:02:40 - [TEST_STEP][PASSED] - case "QAProfile":: null

2023-02-15 23:02:40 - [TEST_STEP][PASSED] - appID = findTestData(dataFile).getValue("AppIDQA", row): null

2023-02-15 23:02:40 - [TEST_STEP][PASSED] - username = findTestData(dataFile).getValue("UsernameQA", row): null

2023-02-15 23:02:40 - [TEST_STEP][PASSED] - password = findTestData(dataFile).getValue("PasswordQA", row): null

2023-02-15 23:02:41 - [TEST_STEP][PASSED] - break: null

2023-02-15 23:02:41 - [TEST_STEP][PASSED] - if (ExecuteTC.equalsIgnoreCase("Y")): null

2023-02-15 23:02:41 - [TEST_STEP][PASSED] - out.println("Begin Record Number: " + row): null

2023-02-15 23:02:41 - [TEST_STEP][PASSED] - today = new java.util.Date(): null

2023-02-15 23:02:41 - [TEST_STEP][PASSED] - println(today): null

2023-02-15 23:02:41 - [TEST_STEP][PASSED] - datText = today: null

2023-02-15 23:02:41 - [TEST_STEP][PASSED] - checkType = findTestData(dataFile).getValue("CheckType", row): null

2023-02-15 23:02:41 - [TEST_STEP][PASSED] - acNumber = findTestData(dataFile).getValue("AcNumber", row): null

2023-02-15 23:02:41 - [TEST_STEP][PASSED] - company = findTestData(dataFile).getValue("Company", row): null

2023-02-15 23:02:41 - [TEST_STEP][PASSED] - acType = findTestData(dataFile).getValue("AcType", row): null

2023-02-15 23:02:41 - [TEST_STEP][PASSED] - rtn = findTestData(dataFile).getValue("RTN", row): null

2023-02-15 23:02:41 - [TEST_STEP][PASSED] - amount = findTestData(dataFile).getValue("Amount", row): null

2023-02-15 23:02:41 - [TEST_STEP][PASSED] - sec = findTestData(dataFile).getValue("SEC", row): null

2023-02-15 23:02:41 - [TEST_STEP][PASSED] - openBrowser(VLinkURL + "debit.html"): Browser is opened with url: 'https://dev-algorithm.govolution.com/vlinktest/QA/version_2_0/debit.html'

2023-02-15 23:02:41 - [MESSAGE][WARNING] - A browser is already opened. Closing browser and opening a new one

2023-02-15 23:02:42 - [MESSAGE][INFO] - Starting 'Chrome' driver

2023-02-15 23:02:42 - [MESSAGE][INFO] - User set preference: ['acceptInsecureCerts', 'true']

2023-02-15 23:02:42 - [MESSAGE][INFO] - Action delay is set to 0 milliseconds

2023-02-15 23:02:44 - [MESSAGE][PASSED] - Browser is opened with url: 'https://dev-algorithm.govolution.com/vlinktest/QA/version_2_0/debit.html'

2023-02-15 23:02:44 - [TEST_STEP][PASSED] - maximizeWindow(): Current window maximized

2023-02-15 23:02:44 - [MESSAGE][PASSED] - Current window maximized

2023-02-15 23:02:44 - [TEST_STEP][PASSED] - genRemID = RandomStringUtils.random(12, true, true): null

2023-02-15 23:02:44 - [TEST_STEP][PASSED] - setText(findTestObject("RecAndPlayBk/Page-Vlink-Debit/input_Remittance Id"), genRemID): Text 'bJ6B9XtS35HS' is set on object 'Object Repository/RecAndPlayBk/Page-Vlink-Debit/input_Remittance Id'

2023-02-15 23:02:45 - [MESSAGE][PASSED] - Text 'bJ6B9XtS35HS' is set on object 'Object Repository/RecAndPlayBk/Page-Vlink-Debit/input_Remittance Id'

2023-02-15 23:02:45 - [TEST_STEP][PASSED] - setText(findTestObject("RecAndPlayBk/Page-Vlink-Debit/input_Application Id"), appID): Text '234' is set on object 'Object Repository/RecAndPlayBk/Page-Vlink-Debit/input_Application Id'

2023-02-15 23:02:45 - [MESSAGE][PASSED] - Text '234' is set on object 'Object Repository/RecAndPlayBk/Page-Vlink-Debit/input_Application Id'

2023-02-15 23:02:45 - [TEST_STEP][PASSED] - setText(findTestObject("RecAndPlayBk/Page-Vlink-Debit/input_Username"), username): Text 'username' is set on object 'Object Repository/RecAndPlayBk/Page-Vlink-Debit/input_Username'

2023-02-15 23:02:46 - [MESSAGE][PASSED] - Text 'username' is set on object 'Object Repository/RecAndPlayBk/Page-Vlink-Debit/input_Username'

2023-02-15 23:02:46 - [TEST_STEP][PASSED] - setText(findTestObject("RecAndPlayBk/Page-Vlink-Debit/input_Password"), password): Text 'password' is set on object 'Object Repository/RecAndPlayBk/Page-Vlink-Debit/input_Password'

2023-02-15 23:02:47 - [MESSAGE][PASSED] - Text 'password' is set on object 'Object Repository/RecAndPlayBk/Page-Vlink-Debit/input_Password'

2023-02-15 23:02:47 - [TEST_STEP][PASSED] - setText(findTestObject("RecAndPlayBk/Page-Vlink-Debit/input_Check Type"), checkType): Text 'P' is set on object 'Object Repository/RecAndPlayBk/Page-Vlink-Debit/input_Check Type'

2023-02-15 23:02:47 - [MESSAGE][PASSED] - Text 'P' is set on object 'Object Repository/RecAndPlayBk/Page-Vlink-Debit/input_Check Type'

2023-02-15 23:02:47 - [TEST_STEP][PASSED] - setText(findTestObject("RecAndPlayBk/Page-Vlink-Debit/input_Account_check"), acNumber): Text '58963214' is set on object 'Object Repository/RecAndPlayBk/Page-Vlink-Debit/input_Account_check'

2023-02-15 23:02:48 - [MESSAGE][PASSED] - Text '58963214' is set on object 'Object Repository/RecAndPlayBk/Page-Vlink-Debit/input_Account_check'

2023-02-15 23:02:48 - [TEST_STEP][PASSED] - setText(findTestObject("RecAndPlayBk/Page-Vlink-Debit/input_Company_check"), company): Text '' is set on object 'Object Repository/RecAndPlayBk/Page-Vlink-Debit/input_Company_check'

2023-02-15 23:02:49 - [MESSAGE][PASSED] - Text '' is set on object 'Object Repository/RecAndPlayBk/Page-Vlink-Debit/input_Company_check'

2023-02-15 23:02:49 - [TEST_STEP][PASSED] - setText(findTestObject("RecAndPlayBk/Page-Vlink-Debit/input_Account Type"), acType): Text '2' is set on object 'Object Repository/RecAndPlayBk/Page-Vlink-Debit/input_Account Type'

2023-02-15 23:02:49 - [MESSAGE][PASSED] - Text '2' is set on object 'Object Repository/RecAndPlayBk/Page-Vlink-Debit/input_Account Type'

2023-02-15 23:02:49 - [TEST_STEP][PASSED] - setText(findTestObject("RecAndPlayBk/Page-Vlink-Debit/input_Routing Number"), rtn): Text '256072691' is set on object 'Object Repository/RecAndPlayBk/Page-Vlink-Debit/input_Routing Number'

2023-02-15 23:02:50 - [MESSAGE][PASSED] - Text '256072691' is set on object 'Object Repository/RecAndPlayBk/Page-Vlink-Debit/input_Routing Number'

2023-02-15 23:02:50 - [TEST_STEP][PASSED] - setText(findTestObject("RecAndPlayBk/Page-Vlink-Debit/input_Amount"), amount): Text '12.50' is set on object 'Object Repository/RecAndPlayBk/Page-Vlink-Debit/input_Amount'

2023-02-15 23:02:51 - [MESSAGE][PASSED] - Text '12.50' is set on object 'Object Repository/RecAndPlayBk/Page-Vlink-Debit/input_Amount'

2023-02-15 23:02:51 - [TEST_STEP][PASSED] - setText(findTestObject("RecAndPlayBk/Page-Vlink-Debit/input_Check Email"), ""): Text '' is set on object 'Object Repository/RecAndPlayBk/Page-Vlink-Debit/input_Check Email'

2023-02-15 23:02:52 - [MESSAGE][PASSED] - Text '' is set on object 'Object Repository/RecAndPlayBk/Page-Vlink-Debit/input_Check Email'

2023-02-15 23:02:52 - [TEST_STEP][PASSED] - setText(findTestObject("Object Repository/RecAndPlayBk/Page-Vlink-Debit/input_concat(CheckWriter, , s SSN)_check_ssn"), ""): Text '' is set on object 'Object Repository/RecAndPlayBk/Page-Vlink-Debit/input_concat(CheckWriter, , s SSN)_check_ssn'

2023-02-15 23:02:52 - [MESSAGE][PASSED] - Text '' is set on object 'Object Repository/RecAndPlayBk/Page-Vlink-Debit/input_concat(CheckWriter, , s SSN)_check_ssn'

2023-02-15 23:02:52 - [TEST_STEP][PASSED] - setText(findTestObject("Object Repository/RecAndPlayBk/Page-Vlink-Debit/input_concat(CheckWriter, , s License Numbe_020fef"), ""): Text '' is set on object 'Object Repository/RecAndPlayBk/Page-Vlink-Debit/input_concat(CheckWriter, , s License Numbe_020fef'

2023-02-15 23:02:53 - [MESSAGE][PASSED] - Text '' is set on object 'Object Repository/RecAndPlayBk/Page-Vlink-Debit/input_concat(CheckWriter, , s License Numbe_020fef'

2023-02-15 23:02:53 - [TEST_STEP][PASSED] - setText(findTestObject("Object Repository/RecAndPlayBk/Page-Vlink-Debit/input_concat(CheckWriter, , s License State_21e3e7"), ""): Text '' is set on object 'Object Repository/RecAndPlayBk/Page-Vlink-Debit/input_concat(CheckWriter, , s License State_21e3e7'

2023-02-15 23:02:53 - [MESSAGE][PASSED] - Text '' is set on object 'Object Repository/RecAndPlayBk/Page-Vlink-Debit/input_concat(CheckWriter, , s License State_21e3e7'

2023-02-15 23:02:53 - [TEST_STEP][PASSED] - setText(findTestObject("RecAndPlayBk/Page-Vlink-Debit/input_Standard Entry Class"), sec): Text 'PPD' is set on object 'Object Repository/RecAndPlayBk/Page-Vlink-Debit/input_Standard Entry Class'

2023-02-15 23:02:54 - [MESSAGE][PASSED] - Text 'PPD' is set on object 'Object Repository/RecAndPlayBk/Page-Vlink-Debit/input_Standard Entry Class'

2023-02-15 23:02:54 - [TEST_STEP][PASSED] - click(findTestObject("Object Repository/RecAndPlayBk/Page-Vlink-Debit/input")): Object: 'Object Repository/RecAndPlayBk/Page-Vlink-Debit/input' is clicked on

2023-02-15 23:02:55 - [MESSAGE][PASSED] - Object: 'Object Repository/RecAndPlayBk/Page-Vlink-Debit/input' is clicked on

2023-02-15 23:02:55 - [TEST_STEP][PASSED] - if (verifyTextPresent("Transaction approved, no errors", true)): null

2023-02-15 23:02:55 - [MESSAGE][PASSED] - Text 'Transaction approved, no errors' is present on page  using regular expression

2023-02-15 23:02:55 - [TEST_STEP][PASSED] - println("Transaction Approved, no errors text is present on the Confirmation page"): null

2023-02-15 23:02:55 - [TEST_STEP][PASSED] - sdfo = getText(findTestObject("Object Repository/Page_VLinkReceipt/pre_STX")): Text of object 'Object Repository/Page_VLinkReceipt/pre_STX' is: '<STX>bJ6B9XtS35HS                  12126722            0  Transaction approved, no errors                   0                                                                                                              <ETX>'

2023-02-15 23:02:55 - [MESSAGE][PASSED] - Text of object 'Object Repository/Page_VLinkReceipt/pre_STX' is: '<STX>bJ6B9XtS35HS                  12126722            0  Transaction approved, no errors                   0                                                                                                              <ETX>'

2023-02-15 23:02:55 - [TEST_STEP][PASSED] - out.println("sdfo: " + sdfo): null

2023-02-15 23:02:55 - [TEST_STEP][PASSED] - remID = substring(5, 35).trim(): null

2023-02-15 23:02:55 - [TEST_STEP][PASSED] - out.println("remID: " + remID): null

2023-02-15 23:02:55 - [TEST_STEP][PASSED] - traxID = substring(35, 55).trim(): null

2023-02-15 23:02:55 - [TEST_STEP][PASSED] - out.println("traxID: " + traxID): null

2023-02-15 23:02:55 - [TEST_STEP][PASSED] - VLinkSaleRemID = remID: null

2023-02-15 23:02:55 - [TEST_STEP][PASSED] - VLinkSaleTranxID = traxID: null

2023-02-15 23:02:55 - [TEST_STEP][PASSED] - openBrowser(VLinkURL + "ACH_credit.html"): Browser is opened with url: 'https://dev-algorithm.govolution.com/vlinktest/QA/version_2_0/ACH_credit.html'

2023-02-15 23:02:55 - [MESSAGE][WARNING] - A browser is already opened. Closing browser and opening a new one

2023-02-15 23:02:56 - [MESSAGE][INFO] - Starting 'Chrome' driver

2023-02-15 23:02:56 - [MESSAGE][INFO] - User set preference: ['acceptInsecureCerts', 'true']

2023-02-15 23:02:56 - [MESSAGE][INFO] - Action delay is set to 0 milliseconds

2023-02-15 23:02:58 - [MESSAGE][PASSED] - Browser is opened with url: 'https://dev-algorithm.govolution.com/vlinktest/QA/version_2_0/ACH_credit.html'

2023-02-15 23:02:58 - [TEST_STEP][PASSED] - maximizeWindow(): Current window maximized

2023-02-15 23:02:58 - [MESSAGE][PASSED] - Current window maximized

2023-02-15 23:02:58 - [TEST_STEP][PASSED] - setText(findTestObject("Object Repository/RecAndPlayBk/Page-Vlink-ACH-Credit/input_Remittance Id"), VLinkSaleRemID): Text 'bJ6B9XtS35HS' is set on object 'Object Repository/RecAndPlayBk/Page-Vlink-ACH-Credit/input_Remittance Id'

2023-02-15 23:02:59 - [MESSAGE][PASSED] - Text 'bJ6B9XtS35HS' is set on object 'Object Repository/RecAndPlayBk/Page-Vlink-ACH-Credit/input_Remittance Id'

2023-02-15 23:02:59 - [TEST_STEP][PASSED] - setText(findTestObject("Object Repository/RecAndPlayBk/Page-Vlink-ACH-Credit/input_Application Id"), appID): Text '234' is set on object 'Object Repository/RecAndPlayBk/Page-Vlink-ACH-Credit/input_Application Id'

2023-02-15 23:03:00 - [MESSAGE][PASSED] - Text '234' is set on object 'Object Repository/RecAndPlayBk/Page-Vlink-ACH-Credit/input_Application Id'

2023-02-15 23:03:00 - [TEST_STEP][PASSED] - setText(findTestObject("Object Repository/RecAndPlayBk/Page-Vlink-ACH-Credit/input_Username"), username): Text 'username' is set on object 'Object Repository/RecAndPlayBk/Page-Vlink-ACH-Credit/input_Username'

2023-02-15 23:03:00 - [MESSAGE][PASSED] - Text 'username' is set on object 'Object Repository/RecAndPlayBk/Page-Vlink-ACH-Credit/input_Username'

2023-02-15 23:03:00 - [TEST_STEP][PASSED] - setText(findTestObject("Object Repository/RecAndPlayBk/Page-Vlink-ACH-Credit/input_Password"), password): Text 'password' is set on object 'Object Repository/RecAndPlayBk/Page-Vlink-ACH-Credit/input_Password'

2023-02-15 23:03:01 - [MESSAGE][PASSED] - Text 'password' is set on object 'Object Repository/RecAndPlayBk/Page-Vlink-ACH-Credit/input_Password'

2023-02-15 23:03:01 - [TEST_STEP][PASSED] - setText(findTestObject("Object Repository/RecAndPlayBk/Page-Vlink-ACH-Credit/input_Check Type"), checkType): Text 'P' is set on object 'Object Repository/RecAndPlayBk/Page-Vlink-ACH-Credit/input_Check Type'

2023-02-15 23:03:01 - [MESSAGE][PASSED] - Text 'P' is set on object 'Object Repository/RecAndPlayBk/Page-Vlink-ACH-Credit/input_Check Type'

2023-02-15 23:03:01 - [TEST_STEP][PASSED] - setText(findTestObject("Object Repository/RecAndPlayBk/Page-Vlink-ACH-Credit/input_Transaction ID"), VLinkSaleTranxID): Text '12126722' is set on object 'Object Repository/RecAndPlayBk/Page-Vlink-ACH-Credit/input_Transaction ID'

2023-02-15 23:03:02 - [MESSAGE][PASSED] - Text '12126722' is set on object 'Object Repository/RecAndPlayBk/Page-Vlink-ACH-Credit/input_Transaction ID'

2023-02-15 23:03:02 - [TEST_STEP][PASSED] - setText(findTestObject("Object Repository/RecAndPlayBk/Page-Vlink-ACH-Credit/input_Amount"), amount): Text '12.50' is set on object 'Object Repository/RecAndPlayBk/Page-Vlink-ACH-Credit/input_Amount'

2023-02-15 23:03:03 - [MESSAGE][PASSED] - Text '12.50' is set on object 'Object Repository/RecAndPlayBk/Page-Vlink-ACH-Credit/input_Amount'

2023-02-15 23:03:03 - [TEST_STEP][PASSED] - setText(findTestObject("Object Repository/RecAndPlayBk/Page-Vlink-ACH-Credit/input_Standard Entry Class"), sec): Text 'PPD' is set on object 'Object Repository/RecAndPlayBk/Page-Vlink-ACH-Credit/input_Standard Entry Class'

2023-02-15 23:03:03 - [MESSAGE][PASSED] - Text 'PPD' is set on object 'Object Repository/RecAndPlayBk/Page-Vlink-ACH-Credit/input_Standard Entry Class'

2023-02-15 23:03:03 - [TEST_STEP][PASSED] - setText(findTestObject("Object Repository/RecAndPlayBk/Page-Vlink-ACH-Credit/input_Account Number"), acNumber): Text '58963214' is set on object 'Object Repository/RecAndPlayBk/Page-Vlink-ACH-Credit/input_Account Number'

2023-02-15 23:03:04 - [MESSAGE][PASSED] - Text '58963214' is set on object 'Object Repository/RecAndPlayBk/Page-Vlink-ACH-Credit/input_Account Number'

2023-02-15 23:03:04 - [TEST_STEP][PASSED] - setText(findTestObject("Object Repository/RecAndPlayBk/Page-Vlink-ACH-Credit/input_Routing Number"), rtn): Text '256072691' is set on object 'Object Repository/RecAndPlayBk/Page-Vlink-ACH-Credit/input_Routing Number'

2023-02-15 23:03:04 - [MESSAGE][PASSED] - Text '256072691' is set on object 'Object Repository/RecAndPlayBk/Page-Vlink-ACH-Credit/input_Routing Number'

2023-02-15 23:03:04 - [TEST_STEP][PASSED] - click(findTestObject("Object Repository/RecAndPlayBk/Page-Vlink-ACH-Credit/input")): Object: 'Object Repository/RecAndPlayBk/Page-Vlink-ACH-Credit/input' is clicked on

2023-02-15 23:03:05 - [MESSAGE][PASSED] - Object: 'Object Repository/RecAndPlayBk/Page-Vlink-ACH-Credit/input' is clicked on

2023-02-15 23:03:05 - [TEST_STEP][PASSED] - if (verifyTextPresent("Transaction approved, no errors", true)): null

2023-02-15 23:03:06 - [MESSAGE][PASSED] - Text 'Transaction approved, no errors' is present on page  using regular expression

2023-02-15 23:03:06 - [TEST_STEP][PASSED] - println("Transaction Approved, no errors text is present on the Confirmation page"): null

2023-02-15 23:03:06 - [TEST_STEP][PASSED] - out.println("Pass Record Number: " + row): null

2023-02-15 23:03:06 - [TEST_STEP][PASSED] - resText = "Pass": null

2023-02-15 23:03:06 - [TEST_STEP][PASSED] - pages.WriteExcel.demoKey(resText, datText, resColumn, datCloumn, fileLoc, nameSheet, row): pages.WriteExcel.demoKey is PASSED

2023-02-15 23:03:06 - [MESSAGE][PASSED] - pages.WriteExcel.demoKey is PASSED

2023-02-15 23:03:06 - [TEST_STEP][PASSED] - ExecuteTC = findTestData(dataFile).getValue("Execute", row): null

2023-02-15 23:03:06 - [TEST_STEP][PASSED] - out.println("Value of Execute is : " + ExecuteTC): null

2023-02-15 23:03:06 - [TEST_STEP][PASSED] - switch (executionProfile): null

2023-02-15 23:03:06 - [TEST_STEP][PASSED] - case "QAProfile":: null

2023-02-15 23:03:06 - [TEST_STEP][PASSED] - appID = findTestData(dataFile).getValue("AppIDQA", row): null

2023-02-15 23:03:06 - [TEST_STEP][PASSED] - username = findTestData(dataFile).getValue("UsernameQA", row): null

2023-02-15 23:03:06 - [TEST_STEP][PASSED] - password = findTestData(dataFile).getValue("PasswordQA", row): null

2023-02-15 23:03:06 - [TEST_STEP][PASSED] - break: null

2023-02-15 23:03:06 - [TEST_STEP][PASSED] - if (ExecuteTC.equalsIgnoreCase("Y")): null

2023-02-15 23:03:06 - [TEST_STEP][PASSED] - out.println("Begin Record Number: " + row): null

2023-02-15 23:03:06 - [TEST_STEP][PASSED] - today = new java.util.Date(): null

2023-02-15 23:03:06 - [TEST_STEP][PASSED] - println(today): null

2023-02-15 23:03:06 - [TEST_STEP][PASSED] - datText = today: null

2023-02-15 23:03:06 - [TEST_STEP][PASSED] - checkType = findTestData(dataFile).getValue("CheckType", row): null

2023-02-15 23:03:06 - [TEST_STEP][PASSED] - acNumber = findTestData(dataFile).getValue("AcNumber", row): null

2023-02-15 23:03:06 - [TEST_STEP][PASSED] - company = findTestData(dataFile).getValue("Company", row): null

2023-02-15 23:03:06 - [TEST_STEP][PASSED] - acType = findTestData(dataFile).getValue("AcType", row): null

2023-02-15 23:03:06 - [TEST_STEP][PASSED] - rtn = findTestData(dataFile).getValue("RTN", row): null

2023-02-15 23:03:06 - [TEST_STEP][PASSED] - amount = findTestData(dataFile).getValue("Amount", row): null

2023-02-15 23:03:06 - [TEST_STEP][PASSED] - sec = findTestData(dataFile).getValue("SEC", row): null

2023-02-15 23:03:06 - [TEST_STEP][PASSED] - openBrowser(VLinkURL + "debit.html"): Browser is opened with url: 'https://dev-algorithm.govolution.com/vlinktest/QA/version_2_0/debit.html'

2023-02-15 23:03:06 - [MESSAGE][WARNING] - A browser is already opened. Closing browser and opening a new one

2023-02-15 23:03:07 - [MESSAGE][INFO] - Starting 'Chrome' driver

2023-02-15 23:03:07 - [MESSAGE][INFO] - User set preference: ['acceptInsecureCerts', 'true']

2023-02-15 23:03:07 - [MESSAGE][INFO] - Action delay is set to 0 milliseconds

2023-02-15 23:03:09 - [MESSAGE][PASSED] - Browser is opened with url: 'https://dev-algorithm.govolution.com/vlinktest/QA/version_2_0/debit.html'

2023-02-15 23:03:09 - [TEST_STEP][PASSED] - maximizeWindow(): Current window maximized

2023-02-15 23:03:09 - [MESSAGE][PASSED] - Current window maximized

2023-02-15 23:03:09 - [TEST_STEP][PASSED] - genRemID = RandomStringUtils.random(12, true, true): null

2023-02-15 23:03:09 - [TEST_STEP][PASSED] - setText(findTestObject("RecAndPlayBk/Page-Vlink-Debit/input_Remittance Id"), genRemID): Text 'dAu2a1WEVQXA' is set on object 'Object Repository/RecAndPlayBk/Page-Vlink-Debit/input_Remittance Id'

2023-02-15 23:03:10 - [MESSAGE][PASSED] - Text 'dAu2a1WEVQXA' is set on object 'Object Repository/RecAndPlayBk/Page-Vlink-Debit/input_Remittance Id'

2023-02-15 23:03:10 - [TEST_STEP][PASSED] - setText(findTestObject("RecAndPlayBk/Page-Vlink-Debit/input_Application Id"), appID): Text '234' is set on object 'Object Repository/RecAndPlayBk/Page-Vlink-Debit/input_Application Id'

2023-02-15 23:03:11 - [MESSAGE][PASSED] - Text '234' is set on object 'Object Repository/RecAndPlayBk/Page-Vlink-Debit/input_Application Id'

2023-02-15 23:03:11 - [TEST_STEP][PASSED] - setText(findTestObject("RecAndPlayBk/Page-Vlink-Debit/input_Username"), username): Text 'username' is set on object 'Object Repository/RecAndPlayBk/Page-Vlink-Debit/input_Username'

2023-02-15 23:03:11 - [MESSAGE][PASSED] - Text 'username' is set on object 'Object Repository/RecAndPlayBk/Page-Vlink-Debit/input_Username'

2023-02-15 23:03:11 - [TEST_STEP][PASSED] - setText(findTestObject("RecAndPlayBk/Page-Vlink-Debit/input_Password"), password): Text 'password' is set on object 'Object Repository/RecAndPlayBk/Page-Vlink-Debit/input_Password'

2023-02-15 23:03:12 - [MESSAGE][PASSED] - Text 'password' is set on object 'Object Repository/RecAndPlayBk/Page-Vlink-Debit/input_Password'

2023-02-15 23:03:12 - [TEST_STEP][PASSED] - setText(findTestObject("RecAndPlayBk/Page-Vlink-Debit/input_Check Type"), checkType): Text 'C' is set on object 'Object Repository/RecAndPlayBk/Page-Vlink-Debit/input_Check Type'

2023-02-15 23:03:13 - [MESSAGE][PASSED] - Text 'C' is set on object 'Object Repository/RecAndPlayBk/Page-Vlink-Debit/input_Check Type'

2023-02-15 23:03:13 - [TEST_STEP][PASSED] - setText(findTestObject("RecAndPlayBk/Page-Vlink-Debit/input_Account_check"), acNumber): Text '58963214' is set on object 'Object Repository/RecAndPlayBk/Page-Vlink-Debit/input_Account_check'

2023-02-15 23:03:13 - [MESSAGE][PASSED] - Text '58963214' is set on object 'Object Repository/RecAndPlayBk/Page-Vlink-Debit/input_Account_check'

2023-02-15 23:03:13 - [TEST_STEP][PASSED] - setText(findTestObject("RecAndPlayBk/Page-Vlink-Debit/input_Company_check"), company): Text 'My Company' is set on object 'Object Repository/RecAndPlayBk/Page-Vlink-Debit/input_Company_check'

2023-02-15 23:03:14 - [MESSAGE][PASSED] - Text 'My Company' is set on object 'Object Repository/RecAndPlayBk/Page-Vlink-Debit/input_Company_check'

2023-02-15 23:03:14 - [TEST_STEP][PASSED] - setText(findTestObject("RecAndPlayBk/Page-Vlink-Debit/input_Account Type"), acType): Text '' is set on object 'Object Repository/RecAndPlayBk/Page-Vlink-Debit/input_Account Type'

2023-02-15 23:03:14 - [MESSAGE][PASSED] - Text '' is set on object 'Object Repository/RecAndPlayBk/Page-Vlink-Debit/input_Account Type'

2023-02-15 23:03:14 - [TEST_STEP][PASSED] - setText(findTestObject("RecAndPlayBk/Page-Vlink-Debit/input_Routing Number"), rtn): Text '256072691' is set on object 'Object Repository/RecAndPlayBk/Page-Vlink-Debit/input_Routing Number'

2023-02-15 23:03:15 - [MESSAGE][PASSED] - Text '256072691' is set on object 'Object Repository/RecAndPlayBk/Page-Vlink-Debit/input_Routing Number'

2023-02-15 23:03:15 - [TEST_STEP][PASSED] - setText(findTestObject("RecAndPlayBk/Page-Vlink-Debit/input_Amount"), amount): Text '12.50' is set on object 'Object Repository/RecAndPlayBk/Page-Vlink-Debit/input_Amount'

2023-02-15 23:03:16 - [MESSAGE][PASSED] - Text '12.50' is set on object 'Object Repository/RecAndPlayBk/Page-Vlink-Debit/input_Amount'

2023-02-15 23:03:16 - [TEST_STEP][PASSED] - setText(findTestObject("RecAndPlayBk/Page-Vlink-Debit/input_Check Email"), ""): Text '' is set on object 'Object Repository/RecAndPlayBk/Page-Vlink-Debit/input_Check Email'

2023-02-15 23:03:16 - [MESSAGE][PASSED] - Text '' is set on object 'Object Repository/RecAndPlayBk/Page-Vlink-Debit/input_Check Email'

2023-02-15 23:03:16 - [TEST_STEP][PASSED] - setText(findTestObject("Object Repository/RecAndPlayBk/Page-Vlink-Debit/input_concat(CheckWriter, , s SSN)_check_ssn"), ""): Text '' is set on object 'Object Repository/RecAndPlayBk/Page-Vlink-Debit/input_concat(CheckWriter, , s SSN)_check_ssn'

2023-02-15 23:03:17 - [MESSAGE][PASSED] - Text '' is set on object 'Object Repository/RecAndPlayBk/Page-Vlink-Debit/input_concat(CheckWriter, , s SSN)_check_ssn'

2023-02-15 23:03:17 - [TEST_STEP][PASSED] - setText(findTestObject("Object Repository/RecAndPlayBk/Page-Vlink-Debit/input_concat(CheckWriter, , s License Numbe_020fef"), ""): Text '' is set on object 'Object Repository/RecAndPlayBk/Page-Vlink-Debit/input_concat(CheckWriter, , s License Numbe_020fef'

2023-02-15 23:03:18 - [MESSAGE][PASSED] - Text '' is set on object 'Object Repository/RecAndPlayBk/Page-Vlink-Debit/input_concat(CheckWriter, , s License Numbe_020fef'

2023-02-15 23:03:18 - [TEST_STEP][PASSED] - setText(findTestObject("Object Repository/RecAndPlayBk/Page-Vlink-Debit/input_concat(CheckWriter, , s License State_21e3e7"), ""): Text '' is set on object 'Object Repository/RecAndPlayBk/Page-Vlink-Debit/input_concat(CheckWriter, , s License State_21e3e7'

2023-02-15 23:03:18 - [MESSAGE][PASSED] - Text '' is set on object 'Object Repository/RecAndPlayBk/Page-Vlink-Debit/input_concat(CheckWriter, , s License State_21e3e7'

2023-02-15 23:03:18 - [TEST_STEP][PASSED] - setText(findTestObject("RecAndPlayBk/Page-Vlink-Debit/input_Standard Entry Class"), sec): Text 'CCD' is set on object 'Object Repository/RecAndPlayBk/Page-Vlink-Debit/input_Standard Entry Class'

2023-02-15 23:03:19 - [MESSAGE][PASSED] - Text 'CCD' is set on object 'Object Repository/RecAndPlayBk/Page-Vlink-Debit/input_Standard Entry Class'

2023-02-15 23:03:19 - [TEST_STEP][PASSED] - click(findTestObject("Object Repository/RecAndPlayBk/Page-Vlink-Debit/input")): Object: 'Object Repository/RecAndPlayBk/Page-Vlink-Debit/input' is clicked on

2023-02-15 23:03:20 - [MESSAGE][PASSED] - Object: 'Object Repository/RecAndPlayBk/Page-Vlink-Debit/input' is clicked on

2023-02-15 23:03:20 - [TEST_STEP][PASSED] - if (verifyTextPresent("Transaction approved, no errors", true)): null

2023-02-15 23:03:20 - [MESSAGE][PASSED] - Text 'Transaction approved, no errors' is present on page  using regular expression

2023-02-15 23:03:20 - [TEST_STEP][PASSED] - println("Transaction Approved, no errors text is present on the Confirmation page"): null

2023-02-15 23:03:20 - [TEST_STEP][PASSED] - sdfo = getText(findTestObject("Object Repository/Page_VLinkReceipt/pre_STX")): Text of object 'Object Repository/Page_VLinkReceipt/pre_STX' is: '<STX>dAu2a1WEVQXA                  12126724            0  Transaction approved, no errors                   0                                                                                                              <ETX>'

2023-02-15 23:03:20 - [MESSAGE][PASSED] - Text of object 'Object Repository/Page_VLinkReceipt/pre_STX' is: '<STX>dAu2a1WEVQXA                  12126724            0  Transaction approved, no errors                   0                                                                                                              <ETX>'

2023-02-15 23:03:20 - [TEST_STEP][PASSED] - out.println("sdfo: " + sdfo): null

2023-02-15 23:03:20 - [TEST_STEP][PASSED] - remID = substring(5, 35).trim(): null

2023-02-15 23:03:20 - [TEST_STEP][PASSED] - out.println("remID: " + remID): null

2023-02-15 23:03:20 - [TEST_STEP][PASSED] - traxID = substring(35, 55).trim(): null

2023-02-15 23:03:20 - [TEST_STEP][PASSED] - out.println("traxID: " + traxID): null

2023-02-15 23:03:20 - [TEST_STEP][PASSED] - VLinkSaleRemID = remID: null

2023-02-15 23:03:20 - [TEST_STEP][PASSED] - VLinkSaleTranxID = traxID: null

2023-02-15 23:03:20 - [TEST_STEP][PASSED] - openBrowser(VLinkURL + "ACH_credit.html"): Browser is opened with url: 'https://dev-algorithm.govolution.com/vlinktest/QA/version_2_0/ACH_credit.html'

2023-02-15 23:03:20 - [MESSAGE][WARNING] - A browser is already opened. Closing browser and opening a new one

2023-02-15 23:03:21 - [MESSAGE][INFO] - Starting 'Chrome' driver

2023-02-15 23:03:21 - [MESSAGE][INFO] - User set preference: ['acceptInsecureCerts', 'true']

2023-02-15 23:03:21 - [MESSAGE][INFO] - Action delay is set to 0 milliseconds

2023-02-15 23:03:23 - [MESSAGE][PASSED] - Browser is opened with url: 'https://dev-algorithm.govolution.com/vlinktest/QA/version_2_0/ACH_credit.html'

2023-02-15 23:03:23 - [TEST_STEP][PASSED] - maximizeWindow(): Current window maximized

2023-02-15 23:03:23 - [MESSAGE][PASSED] - Current window maximized

2023-02-15 23:03:23 - [TEST_STEP][PASSED] - setText(findTestObject("Object Repository/RecAndPlayBk/Page-Vlink-ACH-Credit/input_Remittance Id"), VLinkSaleRemID): Text 'dAu2a1WEVQXA' is set on object 'Object Repository/RecAndPlayBk/Page-Vlink-ACH-Credit/input_Remittance Id'

2023-02-15 23:03:24 - [MESSAGE][PASSED] - Text 'dAu2a1WEVQXA' is set on object 'Object Repository/RecAndPlayBk/Page-Vlink-ACH-Credit/input_Remittance Id'

2023-02-15 23:03:24 - [TEST_STEP][PASSED] - setText(findTestObject("Object Repository/RecAndPlayBk/Page-Vlink-ACH-Credit/input_Application Id"), appID): Text '234' is set on object 'Object Repository/RecAndPlayBk/Page-Vlink-ACH-Credit/input_Application Id'

2023-02-15 23:03:25 - [MESSAGE][PASSED] - Text '234' is set on object 'Object Repository/RecAndPlayBk/Page-Vlink-ACH-Credit/input_Application Id'

2023-02-15 23:03:25 - [TEST_STEP][PASSED] - setText(findTestObject("Object Repository/RecAndPlayBk/Page-Vlink-ACH-Credit/input_Username"), username): Text 'username' is set on object 'Object Repository/RecAndPlayBk/Page-Vlink-ACH-Credit/input_Username'

2023-02-15 23:03:25 - [MESSAGE][PASSED] - Text 'username' is set on object 'Object Repository/RecAndPlayBk/Page-Vlink-ACH-Credit/input_Username'

2023-02-15 23:03:25 - [TEST_STEP][PASSED] - setText(findTestObject("Object Repository/RecAndPlayBk/Page-Vlink-ACH-Credit/input_Password"), password): Text 'password' is set on object 'Object Repository/RecAndPlayBk/Page-Vlink-ACH-Credit/input_Password'

2023-02-15 23:03:26 - [MESSAGE][PASSED] - Text 'password' is set on object 'Object Repository/RecAndPlayBk/Page-Vlink-ACH-Credit/input_Password'

2023-02-15 23:03:26 - [TEST_STEP][PASSED] - setText(findTestObject("Object Repository/RecAndPlayBk/Page-Vlink-ACH-Credit/input_Check Type"), checkType): Text 'C' is set on object 'Object Repository/RecAndPlayBk/Page-Vlink-ACH-Credit/input_Check Type'

2023-02-15 23:03:26 - [MESSAGE][PASSED] - Text 'C' is set on object 'Object Repository/RecAndPlayBk/Page-Vlink-ACH-Credit/input_Check Type'

2023-02-15 23:03:26 - [TEST_STEP][PASSED] - setText(findTestObject("Object Repository/RecAndPlayBk/Page-Vlink-ACH-Credit/input_Transaction ID"), VLinkSaleTranxID): Text '12126724' is set on object 'Object Repository/RecAndPlayBk/Page-Vlink-ACH-Credit/input_Transaction ID'

2023-02-15 23:03:27 - [MESSAGE][PASSED] - Text '12126724' is set on object 'Object Repository/RecAndPlayBk/Page-Vlink-ACH-Credit/input_Transaction ID'

2023-02-15 23:03:27 - [TEST_STEP][PASSED] - setText(findTestObject("Object Repository/RecAndPlayBk/Page-Vlink-ACH-Credit/input_Amount"), amount): Text '12.50' is set on object 'Object Repository/RecAndPlayBk/Page-Vlink-ACH-Credit/input_Amount'

2023-02-15 23:03:28 - [MESSAGE][PASSED] - Text '12.50' is set on object 'Object Repository/RecAndPlayBk/Page-Vlink-ACH-Credit/input_Amount'

2023-02-15 23:03:28 - [TEST_STEP][PASSED] - setText(findTestObject("Object Repository/RecAndPlayBk/Page-Vlink-ACH-Credit/input_Standard Entry Class"), sec): Text 'CCD' is set on object 'Object Repository/RecAndPlayBk/Page-Vlink-ACH-Credit/input_Standard Entry Class'

2023-02-15 23:03:28 - [MESSAGE][PASSED] - Text 'CCD' is set on object 'Object Repository/RecAndPlayBk/Page-Vlink-ACH-Credit/input_Standard Entry Class'

2023-02-15 23:03:28 - [TEST_STEP][PASSED] - setText(findTestObject("Object Repository/RecAndPlayBk/Page-Vlink-ACH-Credit/input_Account Number"), acNumber): Text '58963214' is set on object 'Object Repository/RecAndPlayBk/Page-Vlink-ACH-Credit/input_Account Number'

2023-02-15 23:03:29 - [MESSAGE][PASSED] - Text '58963214' is set on object 'Object Repository/RecAndPlayBk/Page-Vlink-ACH-Credit/input_Account Number'

2023-02-15 23:03:29 - [TEST_STEP][PASSED] - setText(findTestObject("Object Repository/RecAndPlayBk/Page-Vlink-ACH-Credit/input_Routing Number"), rtn): Text '256072691' is set on object 'Object Repository/RecAndPlayBk/Page-Vlink-ACH-Credit/input_Routing Number'

2023-02-15 23:03:29 - [MESSAGE][PASSED] - Text '256072691' is set on object 'Object Repository/RecAndPlayBk/Page-Vlink-ACH-Credit/input_Routing Number'

2023-02-15 23:03:29 - [TEST_STEP][PASSED] - click(findTestObject("Object Repository/RecAndPlayBk/Page-Vlink-ACH-Credit/input")): Object: 'Object Repository/RecAndPlayBk/Page-Vlink-ACH-Credit/input' is clicked on

2023-02-15 23:03:30 - [MESSAGE][PASSED] - Object: 'Object Repository/RecAndPlayBk/Page-Vlink-ACH-Credit/input' is clicked on

2023-02-15 23:03:30 - [TEST_STEP][PASSED] - if (verifyTextPresent("Transaction approved, no errors", true)): null

2023-02-15 23:03:30 - [MESSAGE][PASSED] - Text 'Transaction approved, no errors' is present on page  using regular expression

2023-02-15 23:03:30 - [TEST_STEP][PASSED] - println("Transaction Approved, no errors text is present on the Confirmation page"): null

2023-02-15 23:03:30 - [TEST_STEP][PASSED] - out.println("Pass Record Number: " + row): null

2023-02-15 23:03:30 - [TEST_STEP][PASSED] - resText = "Pass": null

2023-02-15 23:03:30 - [TEST_STEP][PASSED] - pages.WriteExcel.demoKey(resText, datText, resColumn, datCloumn, fileLoc, nameSheet, row): pages.WriteExcel.demoKey is PASSED

2023-02-15 23:03:31 - [MESSAGE][PASSED] - pages.WriteExcel.demoKey is PASSED]]></system-out>
         <system-err><![CDATA[]]></system-err>
      </testcase>
      <testcase name="Test Cases/RecAndPlayBk/VLink/Debit-Credit-Void" time="240.341" classname="Test Cases/RecAndPlayBk/VLink/Debit-Credit-Void" status="PASSED">
         <system-out><![CDATA[2023-02-15 23:03:31 - [TEST_CASE][PASSED] - Test Cases/RecAndPlayBk/VLink/Debit-Credit-Void: Test Cases/RecAndPlayBk/VLink/Debit-Credit-Void

2023-02-15 23:03:31 - [TEST_STEP][PASSED] - executionProfile = getExecutionProfile(): null

2023-02-15 23:03:31 - [TEST_STEP][PASSED] - out.println("executionProfile : " + executionProfile): null

2023-02-15 23:03:31 - [TEST_STEP][PASSED] - appName = <not implemented yet for class: org.codehaus.groovy.ast.expr.EmptyExpression>: null

2023-02-15 23:03:31 - [TEST_STEP][PASSED] - appID = <not implemented yet for class: org.codehaus.groovy.ast.expr.EmptyExpression>: null

2023-02-15 23:03:31 - [TEST_STEP][PASSED] - username = <not implemented yet for class: org.codehaus.groovy.ast.expr.EmptyExpression>: null

2023-02-15 23:03:31 - [TEST_STEP][PASSED] - password = <not implemented yet for class: org.codehaus.groovy.ast.expr.EmptyExpression>: null

2023-02-15 23:03:31 - [TEST_STEP][PASSED] - cardNameV = <not implemented yet for class: org.codehaus.groovy.ast.expr.EmptyExpression>: null

2023-02-15 23:03:31 - [TEST_STEP][PASSED] - al1V = <not implemented yet for class: org.codehaus.groovy.ast.expr.EmptyExpression>: null

2023-02-15 23:03:31 - [TEST_STEP][PASSED] - al2V = <not implemented yet for class: org.codehaus.groovy.ast.expr.EmptyExpression>: null

2023-02-15 23:03:31 - [TEST_STEP][PASSED] - zipV = <not implemented yet for class: org.codehaus.groovy.ast.expr.EmptyExpression>: null

2023-02-15 23:03:31 - [TEST_STEP][PASSED] - cardTypeV = <not implemented yet for class: org.codehaus.groovy.ast.expr.EmptyExpression>: null

2023-02-15 23:03:31 - [TEST_STEP][PASSED] - last4V = <not implemented yet for class: org.codehaus.groovy.ast.expr.EmptyExpression>: null

2023-02-15 23:03:31 - [TEST_STEP][PASSED] - resText = "Fail": null

2023-02-15 23:03:31 - [TEST_STEP][PASSED] - resColumn = "Result": null

2023-02-15 23:03:31 - [TEST_STEP][PASSED] - datCloumn = "Date": null

2023-02-15 23:03:31 - [TEST_STEP][PASSED] - fileLoc = "KatalonData/VLinkSmokeDataACH.xlsx": null

2023-02-15 23:03:31 - [TEST_STEP][PASSED] - numOfRows = <not implemented yet for class: org.codehaus.groovy.ast.expr.EmptyExpression>: null

2023-02-15 23:03:31 - [TEST_STEP][PASSED] - dataFile = <not implemented yet for class: org.codehaus.groovy.ast.expr.EmptyExpression>: null

2023-02-15 23:03:31 - [TEST_STEP][PASSED] - nameSheet = <not implemented yet for class: org.codehaus.groovy.ast.expr.EmptyExpression>: null

2023-02-15 23:03:31 - [TEST_STEP][PASSED] - nameSheet = "Debit-Credit-Void": null

2023-02-15 23:03:31 - [TEST_STEP][PASSED] - numOfRows = findTestData("QA/VLinkTestData/DebitCreditVoidData").getRowNumbers(): null

2023-02-15 23:03:31 - [TEST_STEP][PASSED] - println("Number of Records: " + numOfRows): null

2023-02-15 23:03:31 - [TEST_STEP][PASSED] - dataFile = "QA/VLinkTestData/DebitCreditVoidData": null

2023-02-15 23:03:31 - [TEST_STEP][PASSED] - for ([row = 1, row <= numOfRows, (row++)]): null

2023-02-15 23:03:31 - [TEST_STEP][PASSED] - ExecuteTC = findTestData(dataFile).getValue("Execute", row): null

2023-02-15 23:03:31 - [TEST_STEP][PASSED] - out.println("Value of Execute is : " + ExecuteTC): null

2023-02-15 23:03:31 - [TEST_STEP][PASSED] - switch (executionProfile): null

2023-02-15 23:03:31 - [TEST_STEP][PASSED] - case "QAProfile":: null

2023-02-15 23:03:31 - [TEST_STEP][PASSED] - appID = findTestData(dataFile).getValue("AppIDQA", row): null

2023-02-15 23:03:31 - [TEST_STEP][PASSED] - username = findTestData(dataFile).getValue("UsernameQA", row): null

2023-02-15 23:03:31 - [TEST_STEP][PASSED] - password = findTestData(dataFile).getValue("PasswordQA", row): null

2023-02-15 23:03:31 - [TEST_STEP][PASSED] - break: null

2023-02-15 23:03:31 - [TEST_STEP][PASSED] - if (ExecuteTC.equalsIgnoreCase("Y")): null

2023-02-15 23:03:31 - [TEST_STEP][PASSED] - out.println("Begin Record Number: " + row): null

2023-02-15 23:03:31 - [TEST_STEP][PASSED] - today = new java.util.Date(): null

2023-02-15 23:03:31 - [TEST_STEP][PASSED] - println(today): null

2023-02-15 23:03:31 - [TEST_STEP][PASSED] - datText = today: null

2023-02-15 23:03:31 - [TEST_STEP][PASSED] - checkType = findTestData(dataFile).getValue("CheckType", row): null

2023-02-15 23:03:31 - [TEST_STEP][PASSED] - acNumber = findTestData(dataFile).getValue("AcNumber", row): null

2023-02-15 23:03:32 - [TEST_STEP][PASSED] - company = findTestData(dataFile).getValue("Company", row): null

2023-02-15 23:03:32 - [TEST_STEP][PASSED] - acType = findTestData(dataFile).getValue("AcType", row): null

2023-02-15 23:03:32 - [TEST_STEP][PASSED] - rtn = findTestData(dataFile).getValue("RTN", row): null

2023-02-15 23:03:32 - [TEST_STEP][PASSED] - amount = findTestData(dataFile).getValue("Amount", row): null

2023-02-15 23:03:32 - [TEST_STEP][PASSED] - sec = findTestData(dataFile).getValue("SEC", row): null

2023-02-15 23:03:32 - [TEST_STEP][PASSED] - openBrowser(VLinkURL + "debit.html"): Browser is opened with url: 'https://dev-algorithm.govolution.com/vlinktest/QA/version_2_0/debit.html'

2023-02-15 23:03:32 - [MESSAGE][WARNING] - A browser is already opened. Closing browser and opening a new one

2023-02-15 23:03:33 - [MESSAGE][INFO] - Starting 'Chrome' driver

2023-02-15 23:03:33 - [MESSAGE][INFO] - User set preference: ['acceptInsecureCerts', 'true']

2023-02-15 23:03:33 - [MESSAGE][INFO] - Action delay is set to 0 milliseconds

2023-02-15 23:03:34 - [MESSAGE][PASSED] - Browser is opened with url: 'https://dev-algorithm.govolution.com/vlinktest/QA/version_2_0/debit.html'

2023-02-15 23:03:34 - [TEST_STEP][PASSED] - maximizeWindow(): Current window maximized

2023-02-15 23:03:35 - [MESSAGE][PASSED] - Current window maximized

2023-02-15 23:03:35 - [TEST_STEP][PASSED] - genRemID = RandomStringUtils.random(12, true, true): null

2023-02-15 23:03:35 - [TEST_STEP][PASSED] - setText(findTestObject("RecAndPlayBk/Page-Vlink-Debit/input_Remittance Id"), genRemID): Text 'PzrZBAZaXoyD' is set on object 'Object Repository/RecAndPlayBk/Page-Vlink-Debit/input_Remittance Id'

2023-02-15 23:03:35 - [MESSAGE][PASSED] - Text 'PzrZBAZaXoyD' is set on object 'Object Repository/RecAndPlayBk/Page-Vlink-Debit/input_Remittance Id'

2023-02-15 23:03:35 - [TEST_STEP][PASSED] - setText(findTestObject("RecAndPlayBk/Page-Vlink-Debit/input_Application Id"), appID): Text '234' is set on object 'Object Repository/RecAndPlayBk/Page-Vlink-Debit/input_Application Id'

2023-02-15 23:03:36 - [MESSAGE][PASSED] - Text '234' is set on object 'Object Repository/RecAndPlayBk/Page-Vlink-Debit/input_Application Id'

2023-02-15 23:03:36 - [TEST_STEP][PASSED] - setText(findTestObject("RecAndPlayBk/Page-Vlink-Debit/input_Username"), username): Text 'username' is set on object 'Object Repository/RecAndPlayBk/Page-Vlink-Debit/input_Username'

2023-02-15 23:03:37 - [MESSAGE][PASSED] - Text 'username' is set on object 'Object Repository/RecAndPlayBk/Page-Vlink-Debit/input_Username'

2023-02-15 23:03:37 - [TEST_STEP][PASSED] - setText(findTestObject("RecAndPlayBk/Page-Vlink-Debit/input_Password"), password): Text 'password' is set on object 'Object Repository/RecAndPlayBk/Page-Vlink-Debit/input_Password'

2023-02-15 23:03:37 - [MESSAGE][PASSED] - Text 'password' is set on object 'Object Repository/RecAndPlayBk/Page-Vlink-Debit/input_Password'

2023-02-15 23:03:37 - [TEST_STEP][PASSED] - setText(findTestObject("RecAndPlayBk/Page-Vlink-Debit/input_Check Type"), checkType): Text 'P' is set on object 'Object Repository/RecAndPlayBk/Page-Vlink-Debit/input_Check Type'

2023-02-15 23:03:38 - [MESSAGE][PASSED] - Text 'P' is set on object 'Object Repository/RecAndPlayBk/Page-Vlink-Debit/input_Check Type'

2023-02-15 23:03:38 - [TEST_STEP][PASSED] - setText(findTestObject("RecAndPlayBk/Page-Vlink-Debit/input_Account_check"), acNumber): Text '58963214' is set on object 'Object Repository/RecAndPlayBk/Page-Vlink-Debit/input_Account_check'

2023-02-15 23:03:38 - [MESSAGE][PASSED] - Text '58963214' is set on object 'Object Repository/RecAndPlayBk/Page-Vlink-Debit/input_Account_check'

2023-02-15 23:03:39 - [TEST_STEP][PASSED] - setText(findTestObject("RecAndPlayBk/Page-Vlink-Debit/input_Company_check"), company): Text '' is set on object 'Object Repository/RecAndPlayBk/Page-Vlink-Debit/input_Company_check'

2023-02-15 23:03:39 - [MESSAGE][PASSED] - Text '' is set on object 'Object Repository/RecAndPlayBk/Page-Vlink-Debit/input_Company_check'

2023-02-15 23:03:39 - [TEST_STEP][PASSED] - setText(findTestObject("RecAndPlayBk/Page-Vlink-Debit/input_Account Type"), acType): Text '1' is set on object 'Object Repository/RecAndPlayBk/Page-Vlink-Debit/input_Account Type'

2023-02-15 23:03:40 - [MESSAGE][PASSED] - Text '1' is set on object 'Object Repository/RecAndPlayBk/Page-Vlink-Debit/input_Account Type'

2023-02-15 23:03:40 - [TEST_STEP][PASSED] - setText(findTestObject("RecAndPlayBk/Page-Vlink-Debit/input_Routing Number"), rtn): Text '256072691' is set on object 'Object Repository/RecAndPlayBk/Page-Vlink-Debit/input_Routing Number'

2023-02-15 23:03:40 - [MESSAGE][PASSED] - Text '256072691' is set on object 'Object Repository/RecAndPlayBk/Page-Vlink-Debit/input_Routing Number'

2023-02-15 23:03:40 - [TEST_STEP][PASSED] - setText(findTestObject("RecAndPlayBk/Page-Vlink-Debit/input_Amount"), amount): Text '12.50' is set on object 'Object Repository/RecAndPlayBk/Page-Vlink-Debit/input_Amount'

2023-02-15 23:03:41 - [MESSAGE][PASSED] - Text '12.50' is set on object 'Object Repository/RecAndPlayBk/Page-Vlink-Debit/input_Amount'

2023-02-15 23:03:41 - [TEST_STEP][PASSED] - setText(findTestObject("RecAndPlayBk/Page-Vlink-Debit/input_Check Email"), ""): Text '' is set on object 'Object Repository/RecAndPlayBk/Page-Vlink-Debit/input_Check Email'

2023-02-15 23:03:42 - [MESSAGE][PASSED] - Text '' is set on object 'Object Repository/RecAndPlayBk/Page-Vlink-Debit/input_Check Email'

2023-02-15 23:03:42 - [TEST_STEP][PASSED] - setText(findTestObject("Object Repository/RecAndPlayBk/Page-Vlink-Debit/input_concat(CheckWriter, , s SSN)_check_ssn"), ""): Text '' is set on object 'Object Repository/RecAndPlayBk/Page-Vlink-Debit/input_concat(CheckWriter, , s SSN)_check_ssn'

2023-02-15 23:03:42 - [MESSAGE][PASSED] - Text '' is set on object 'Object Repository/RecAndPlayBk/Page-Vlink-Debit/input_concat(CheckWriter, , s SSN)_check_ssn'

2023-02-15 23:03:42 - [TEST_STEP][PASSED] - setText(findTestObject("Object Repository/RecAndPlayBk/Page-Vlink-Debit/input_concat(CheckWriter, , s License Numbe_020fef"), ""): Text '' is set on object 'Object Repository/RecAndPlayBk/Page-Vlink-Debit/input_concat(CheckWriter, , s License Numbe_020fef'

2023-02-15 23:03:43 - [MESSAGE][PASSED] - Text '' is set on object 'Object Repository/RecAndPlayBk/Page-Vlink-Debit/input_concat(CheckWriter, , s License Numbe_020fef'

2023-02-15 23:03:43 - [TEST_STEP][PASSED] - setText(findTestObject("Object Repository/RecAndPlayBk/Page-Vlink-Debit/input_concat(CheckWriter, , s License State_21e3e7"), ""): Text '' is set on object 'Object Repository/RecAndPlayBk/Page-Vlink-Debit/input_concat(CheckWriter, , s License State_21e3e7'

2023-02-15 23:03:43 - [MESSAGE][PASSED] - Text '' is set on object 'Object Repository/RecAndPlayBk/Page-Vlink-Debit/input_concat(CheckWriter, , s License State_21e3e7'

2023-02-15 23:03:43 - [TEST_STEP][PASSED] - setText(findTestObject("RecAndPlayBk/Page-Vlink-Debit/input_Standard Entry Class"), sec): Text 'WEB' is set on object 'Object Repository/RecAndPlayBk/Page-Vlink-Debit/input_Standard Entry Class'

2023-02-15 23:03:44 - [MESSAGE][PASSED] - Text 'WEB' is set on object 'Object Repository/RecAndPlayBk/Page-Vlink-Debit/input_Standard Entry Class'

2023-02-15 23:03:44 - [TEST_STEP][PASSED] - click(findTestObject("Object Repository/RecAndPlayBk/Page-Vlink-Debit/input")): Object: 'Object Repository/RecAndPlayBk/Page-Vlink-Debit/input' is clicked on

2023-02-15 23:03:45 - [MESSAGE][PASSED] - Object: 'Object Repository/RecAndPlayBk/Page-Vlink-Debit/input' is clicked on

2023-02-15 23:03:45 - [TEST_STEP][PASSED] - if (verifyTextPresent("Transaction approved, no errors", true)): null

2023-02-15 23:03:45 - [MESSAGE][PASSED] - Text 'Transaction approved, no errors' is present on page  using regular expression

2023-02-15 23:03:45 - [TEST_STEP][PASSED] - println("Transaction Approved, no errors text is present on the Confirmation page"): null

2023-02-15 23:03:45 - [TEST_STEP][PASSED] - sdfo = getText(findTestObject("Object Repository/Page_VLinkReceipt/pre_STX")): Text of object 'Object Repository/Page_VLinkReceipt/pre_STX' is: '<STX>PzrZBAZaXoyD                  12126726            0  Transaction approved, no errors                   0                                                                                                              <ETX>'

2023-02-15 23:03:46 - [MESSAGE][PASSED] - Text of object 'Object Repository/Page_VLinkReceipt/pre_STX' is: '<STX>PzrZBAZaXoyD                  12126726            0  Transaction approved, no errors                   0                                                                                                              <ETX>'

2023-02-15 23:03:46 - [TEST_STEP][PASSED] - out.println("sdfo: " + sdfo): null

2023-02-15 23:03:46 - [TEST_STEP][PASSED] - remID = substring(5, 35).trim(): null

2023-02-15 23:03:46 - [TEST_STEP][PASSED] - out.println("remID: " + remID): null

2023-02-15 23:03:46 - [TEST_STEP][PASSED] - traxID = substring(35, 55).trim(): null

2023-02-15 23:03:46 - [TEST_STEP][PASSED] - out.println("traxID: " + traxID): null

2023-02-15 23:03:46 - [TEST_STEP][PASSED] - VLinkSaleRemID = remID: null

2023-02-15 23:03:46 - [TEST_STEP][PASSED] - VLinkSaleTranxID = traxID: null

2023-02-15 23:03:46 - [TEST_STEP][PASSED] - openBrowser(VLinkURL + "ACH_credit.html"): Browser is opened with url: 'https://dev-algorithm.govolution.com/vlinktest/QA/version_2_0/ACH_credit.html'

2023-02-15 23:03:46 - [MESSAGE][WARNING] - A browser is already opened. Closing browser and opening a new one

2023-02-15 23:03:46 - [MESSAGE][INFO] - Starting 'Chrome' driver

2023-02-15 23:03:46 - [MESSAGE][INFO] - User set preference: ['acceptInsecureCerts', 'true']

2023-02-15 23:03:46 - [MESSAGE][INFO] - Action delay is set to 0 milliseconds

2023-02-15 23:03:48 - [MESSAGE][PASSED] - Browser is opened with url: 'https://dev-algorithm.govolution.com/vlinktest/QA/version_2_0/ACH_credit.html'

2023-02-15 23:03:48 - [TEST_STEP][PASSED] - maximizeWindow(): Current window maximized

2023-02-15 23:03:48 - [MESSAGE][PASSED] - Current window maximized

2023-02-15 23:03:48 - [TEST_STEP][PASSED] - setText(findTestObject("Object Repository/RecAndPlayBk/Page-Vlink-ACH-Credit/input_Remittance Id"), VLinkSaleRemID): Text 'PzrZBAZaXoyD' is set on object 'Object Repository/RecAndPlayBk/Page-Vlink-ACH-Credit/input_Remittance Id'

2023-02-15 23:03:49 - [MESSAGE][PASSED] - Text 'PzrZBAZaXoyD' is set on object 'Object Repository/RecAndPlayBk/Page-Vlink-ACH-Credit/input_Remittance Id'

2023-02-15 23:03:49 - [TEST_STEP][PASSED] - setText(findTestObject("Object Repository/RecAndPlayBk/Page-Vlink-ACH-Credit/input_Application Id"), appID): Text '234' is set on object 'Object Repository/RecAndPlayBk/Page-Vlink-ACH-Credit/input_Application Id'

2023-02-15 23:03:50 - [MESSAGE][PASSED] - Text '234' is set on object 'Object Repository/RecAndPlayBk/Page-Vlink-ACH-Credit/input_Application Id'

2023-02-15 23:03:50 - [TEST_STEP][PASSED] - setText(findTestObject("Object Repository/RecAndPlayBk/Page-Vlink-ACH-Credit/input_Username"), username): Text 'username' is set on object 'Object Repository/RecAndPlayBk/Page-Vlink-ACH-Credit/input_Username'

2023-02-15 23:03:50 - [MESSAGE][PASSED] - Text 'username' is set on object 'Object Repository/RecAndPlayBk/Page-Vlink-ACH-Credit/input_Username'

2023-02-15 23:03:50 - [TEST_STEP][PASSED] - setText(findTestObject("Object Repository/RecAndPlayBk/Page-Vlink-ACH-Credit/input_Password"), password): Text 'password' is set on object 'Object Repository/RecAndPlayBk/Page-Vlink-ACH-Credit/input_Password'

2023-02-15 23:03:51 - [MESSAGE][PASSED] - Text 'password' is set on object 'Object Repository/RecAndPlayBk/Page-Vlink-ACH-Credit/input_Password'

2023-02-15 23:03:51 - [TEST_STEP][PASSED] - setText(findTestObject("Object Repository/RecAndPlayBk/Page-Vlink-ACH-Credit/input_Check Type"), checkType): Text 'P' is set on object 'Object Repository/RecAndPlayBk/Page-Vlink-ACH-Credit/input_Check Type'

2023-02-15 23:03:52 - [MESSAGE][PASSED] - Text 'P' is set on object 'Object Repository/RecAndPlayBk/Page-Vlink-ACH-Credit/input_Check Type'

2023-02-15 23:03:52 - [TEST_STEP][PASSED] - setText(findTestObject("Object Repository/RecAndPlayBk/Page-Vlink-ACH-Credit/input_Transaction ID"), VLinkSaleTranxID): Text '12126726' is set on object 'Object Repository/RecAndPlayBk/Page-Vlink-ACH-Credit/input_Transaction ID'

2023-02-15 23:03:52 - [MESSAGE][PASSED] - Text '12126726' is set on object 'Object Repository/RecAndPlayBk/Page-Vlink-ACH-Credit/input_Transaction ID'

2023-02-15 23:03:52 - [TEST_STEP][PASSED] - setText(findTestObject("Object Repository/RecAndPlayBk/Page-Vlink-ACH-Credit/input_Amount"), amount): Text '12.50' is set on object 'Object Repository/RecAndPlayBk/Page-Vlink-ACH-Credit/input_Amount'

2023-02-15 23:03:53 - [MESSAGE][PASSED] - Text '12.50' is set on object 'Object Repository/RecAndPlayBk/Page-Vlink-ACH-Credit/input_Amount'

2023-02-15 23:03:53 - [TEST_STEP][PASSED] - setText(findTestObject("Object Repository/RecAndPlayBk/Page-Vlink-ACH-Credit/input_Standard Entry Class"), sec): Text 'WEB' is set on object 'Object Repository/RecAndPlayBk/Page-Vlink-ACH-Credit/input_Standard Entry Class'

2023-02-15 23:03:53 - [MESSAGE][PASSED] - Text 'WEB' is set on object 'Object Repository/RecAndPlayBk/Page-Vlink-ACH-Credit/input_Standard Entry Class'

2023-02-15 23:03:53 - [TEST_STEP][PASSED] - setText(findTestObject("Object Repository/RecAndPlayBk/Page-Vlink-ACH-Credit/input_Account Number"), acNumber): Text '58963214' is set on object 'Object Repository/RecAndPlayBk/Page-Vlink-ACH-Credit/input_Account Number'

2023-02-15 23:03:54 - [MESSAGE][PASSED] - Text '58963214' is set on object 'Object Repository/RecAndPlayBk/Page-Vlink-ACH-Credit/input_Account Number'

2023-02-15 23:03:54 - [TEST_STEP][PASSED] - setText(findTestObject("Object Repository/RecAndPlayBk/Page-Vlink-ACH-Credit/input_Routing Number"), rtn): Text '256072691' is set on object 'Object Repository/RecAndPlayBk/Page-Vlink-ACH-Credit/input_Routing Number'

2023-02-15 23:03:55 - [MESSAGE][PASSED] - Text '256072691' is set on object 'Object Repository/RecAndPlayBk/Page-Vlink-ACH-Credit/input_Routing Number'

2023-02-15 23:03:55 - [TEST_STEP][PASSED] - click(findTestObject("Object Repository/RecAndPlayBk/Page-Vlink-ACH-Credit/input")): Object: 'Object Repository/RecAndPlayBk/Page-Vlink-ACH-Credit/input' is clicked on

2023-02-15 23:03:56 - [MESSAGE][PASSED] - Object: 'Object Repository/RecAndPlayBk/Page-Vlink-ACH-Credit/input' is clicked on

2023-02-15 23:03:56 - [TEST_STEP][PASSED] - if (verifyTextPresent("Transaction approved, no errors", true)): null

2023-02-15 23:03:56 - [MESSAGE][PASSED] - Text 'Transaction approved, no errors' is present on page  using regular expression

2023-02-15 23:03:56 - [TEST_STEP][PASSED] - println("Transaction Approved, no errors text is present on the Confirmation page"): null

2023-02-15 23:03:56 - [TEST_STEP][PASSED] - sdfo = getText(findTestObject("Object Repository/Page_VLinkReceipt/pre_STX")): Text of object 'Object Repository/Page_VLinkReceipt/pre_STX' is: '<STX>PzrZBAZaXoyD                  12126727            0  Transaction approved, no errors                   0                                                                                                              <ETX>'

2023-02-15 23:03:56 - [MESSAGE][PASSED] - Text of object 'Object Repository/Page_VLinkReceipt/pre_STX' is: '<STX>PzrZBAZaXoyD                  12126727            0  Transaction approved, no errors                   0                                                                                                              <ETX>'

2023-02-15 23:03:56 - [TEST_STEP][PASSED] - out.println("sdfo: " + sdfo): null

2023-02-15 23:03:56 - [TEST_STEP][PASSED] - remID = substring(5, 35).trim(): null

2023-02-15 23:03:56 - [TEST_STEP][PASSED] - out.println("remID: " + remID): null

2023-02-15 23:03:56 - [TEST_STEP][PASSED] - traxID = substring(35, 55).trim(): null

2023-02-15 23:03:56 - [TEST_STEP][PASSED] - out.println("traxID: " + traxID): null

2023-02-15 23:03:56 - [TEST_STEP][PASSED] - VLinkSaleRemID = remID: null

2023-02-15 23:03:56 - [TEST_STEP][PASSED] - VLinkSaleTranxID = traxID: null

2023-02-15 23:03:56 - [TEST_STEP][PASSED] - openBrowser(VLinkURL + "ACH_void.html"): Browser is opened with url: 'https://dev-algorithm.govolution.com/vlinktest/QA/version_2_0/ACH_void.html'

2023-02-15 23:03:56 - [MESSAGE][WARNING] - A browser is already opened. Closing browser and opening a new one

2023-02-15 23:03:57 - [MESSAGE][INFO] - Starting 'Chrome' driver

2023-02-15 23:03:57 - [MESSAGE][INFO] - User set preference: ['acceptInsecureCerts', 'true']

2023-02-15 23:03:57 - [MESSAGE][INFO] - Action delay is set to 0 milliseconds

2023-02-15 23:03:59 - [MESSAGE][PASSED] - Browser is opened with url: 'https://dev-algorithm.govolution.com/vlinktest/QA/version_2_0/ACH_void.html'

2023-02-15 23:03:59 - [TEST_STEP][PASSED] - maximizeWindow(): Current window maximized

2023-02-15 23:03:59 - [MESSAGE][PASSED] - Current window maximized

2023-02-15 23:03:59 - [TEST_STEP][PASSED] - setText(findTestObject("Object Repository/RecAndPlayBk/Page-Vlink-ACH-Void/input_Remittance Id"), VLinkSaleRemID): Text 'PzrZBAZaXoyD' is set on object 'Object Repository/RecAndPlayBk/Page-Vlink-ACH-Void/input_Remittance Id'

2023-02-15 23:03:59 - [MESSAGE][PASSED] - Text 'PzrZBAZaXoyD' is set on object 'Object Repository/RecAndPlayBk/Page-Vlink-ACH-Void/input_Remittance Id'

2023-02-15 23:03:59 - [TEST_STEP][PASSED] - setText(findTestObject("Object Repository/RecAndPlayBk/Page-Vlink-ACH-Void/input_Application Id"), appID): Text '234' is set on object 'Object Repository/RecAndPlayBk/Page-Vlink-ACH-Void/input_Application Id'

2023-02-15 23:04:00 - [MESSAGE][PASSED] - Text '234' is set on object 'Object Repository/RecAndPlayBk/Page-Vlink-ACH-Void/input_Application Id'

2023-02-15 23:04:00 - [TEST_STEP][PASSED] - setText(findTestObject("Object Repository/RecAndPlayBk/Page-Vlink-ACH-Void/input_Username"), username): Text 'username' is set on object 'Object Repository/RecAndPlayBk/Page-Vlink-ACH-Void/input_Username'

2023-02-15 23:04:01 - [MESSAGE][PASSED] - Text 'username' is set on object 'Object Repository/RecAndPlayBk/Page-Vlink-ACH-Void/input_Username'

2023-02-15 23:04:01 - [TEST_STEP][PASSED] - setText(findTestObject("Object Repository/RecAndPlayBk/Page-Vlink-ACH-Void/input_Password"), password): Text 'password' is set on object 'Object Repository/RecAndPlayBk/Page-Vlink-ACH-Void/input_Password'

2023-02-15 23:04:01 - [MESSAGE][PASSED] - Text 'password' is set on object 'Object Repository/RecAndPlayBk/Page-Vlink-ACH-Void/input_Password'

2023-02-15 23:04:01 - [TEST_STEP][PASSED] - setText(findTestObject("Object Repository/RecAndPlayBk/Page-Vlink-ACH-Void/input_Check Type"), checkType): Text 'P' is set on object 'Object Repository/RecAndPlayBk/Page-Vlink-ACH-Void/input_Check Type'

2023-02-15 23:04:02 - [MESSAGE][PASSED] - Text 'P' is set on object 'Object Repository/RecAndPlayBk/Page-Vlink-ACH-Void/input_Check Type'

2023-02-15 23:04:02 - [TEST_STEP][PASSED] - setText(findTestObject("Object Repository/RecAndPlayBk/Page-Vlink-ACH-Void/input_Standard Entry Class"), sec): Text 'WEB' is set on object 'Object Repository/RecAndPlayBk/Page-Vlink-ACH-Void/input_Standard Entry Class'

2023-02-15 23:04:03 - [MESSAGE][PASSED] - Text 'WEB' is set on object 'Object Repository/RecAndPlayBk/Page-Vlink-ACH-Void/input_Standard Entry Class'

2023-02-15 23:04:03 - [TEST_STEP][PASSED] - setText(findTestObject("Object Repository/RecAndPlayBk/Page-Vlink-ACH-Void/input_Transaction ID"), VLinkSaleTranxID): Text '12126727' is set on object 'Object Repository/RecAndPlayBk/Page-Vlink-ACH-Void/input_Transaction ID'

2023-02-15 23:04:03 - [MESSAGE][PASSED] - Text '12126727' is set on object 'Object Repository/RecAndPlayBk/Page-Vlink-ACH-Void/input_Transaction ID'

2023-02-15 23:04:03 - [TEST_STEP][PASSED] - setText(findTestObject("Object Repository/RecAndPlayBk/Page-Vlink-ACH-Void/input_Original Transaction Type"), "201"): Text '201' is set on object 'Object Repository/RecAndPlayBk/Page-Vlink-ACH-Void/input_Original Transaction Type'

2023-02-15 23:04:04 - [MESSAGE][PASSED] - Text '201' is set on object 'Object Repository/RecAndPlayBk/Page-Vlink-ACH-Void/input_Original Transaction Type'

2023-02-15 23:04:04 - [TEST_STEP][PASSED] - click(findTestObject("Object Repository/RecAndPlayBk/Page-Vlink-ACH-Void/input")): Object: 'Object Repository/RecAndPlayBk/Page-Vlink-ACH-Void/input' is clicked on

2023-02-15 23:04:05 - [MESSAGE][PASSED] - Object: 'Object Repository/RecAndPlayBk/Page-Vlink-ACH-Void/input' is clicked on

2023-02-15 23:04:05 - [TEST_STEP][PASSED] - if (verifyTextPresent("Transaction approved, no errors", true)): null

2023-02-15 23:04:05 - [MESSAGE][PASSED] - Text 'Transaction approved, no errors' is present on page  using regular expression

2023-02-15 23:04:05 - [TEST_STEP][PASSED] - println("Transaction Approved, no errors text is present on the Confirmation page"): null

2023-02-15 23:04:05 - [TEST_STEP][PASSED] - out.println("Pass Record Number: " + row): null

2023-02-15 23:04:05 - [TEST_STEP][PASSED] - resText = "Pass": null

2023-02-15 23:04:05 - [TEST_STEP][PASSED] - pages.WriteExcel.demoKey(resText, datText, resColumn, datCloumn, fileLoc, nameSheet, row): pages.WriteExcel.demoKey is PASSED

2023-02-15 23:04:05 - [MESSAGE][PASSED] - pages.WriteExcel.demoKey is PASSED

2023-02-15 23:04:05 - [TEST_STEP][PASSED] - ExecuteTC = findTestData(dataFile).getValue("Execute", row): null

2023-02-15 23:04:05 - [TEST_STEP][PASSED] - out.println("Value of Execute is : " + ExecuteTC): null

2023-02-15 23:04:05 - [TEST_STEP][PASSED] - switch (executionProfile): null

2023-02-15 23:04:05 - [TEST_STEP][PASSED] - case "QAProfile":: null

2023-02-15 23:04:05 - [TEST_STEP][PASSED] - appID = findTestData(dataFile).getValue("AppIDQA", row): null

2023-02-15 23:04:05 - [TEST_STEP][PASSED] - username = findTestData(dataFile).getValue("UsernameQA", row): null

2023-02-15 23:04:05 - [TEST_STEP][PASSED] - password = findTestData(dataFile).getValue("PasswordQA", row): null

2023-02-15 23:04:05 - [TEST_STEP][PASSED] - break: null

2023-02-15 23:04:05 - [TEST_STEP][PASSED] - if (ExecuteTC.equalsIgnoreCase("Y")): null

2023-02-15 23:04:05 - [TEST_STEP][PASSED] - out.println("Begin Record Number: " + row): null

2023-02-15 23:04:05 - [TEST_STEP][PASSED] - today = new java.util.Date(): null

2023-02-15 23:04:05 - [TEST_STEP][PASSED] - println(today): null

2023-02-15 23:04:05 - [TEST_STEP][PASSED] - datText = today: null

2023-02-15 23:04:05 - [TEST_STEP][PASSED] - checkType = findTestData(dataFile).getValue("CheckType", row): null

2023-02-15 23:04:05 - [TEST_STEP][PASSED] - acNumber = findTestData(dataFile).getValue("AcNumber", row): null

2023-02-15 23:04:05 - [TEST_STEP][PASSED] - company = findTestData(dataFile).getValue("Company", row): null

2023-02-15 23:04:06 - [TEST_STEP][PASSED] - acType = findTestData(dataFile).getValue("AcType", row): null

2023-02-15 23:04:06 - [TEST_STEP][PASSED] - rtn = findTestData(dataFile).getValue("RTN", row): null

2023-02-15 23:04:06 - [TEST_STEP][PASSED] - amount = findTestData(dataFile).getValue("Amount", row): null

2023-02-15 23:04:06 - [TEST_STEP][PASSED] - sec = findTestData(dataFile).getValue("SEC", row): null

2023-02-15 23:04:06 - [TEST_STEP][PASSED] - openBrowser(VLinkURL + "debit.html"): Browser is opened with url: 'https://dev-algorithm.govolution.com/vlinktest/QA/version_2_0/debit.html'

2023-02-15 23:04:06 - [MESSAGE][WARNING] - A browser is already opened. Closing browser and opening a new one

2023-02-15 23:04:07 - [MESSAGE][INFO] - Starting 'Chrome' driver

2023-02-15 23:04:07 - [MESSAGE][INFO] - User set preference: ['acceptInsecureCerts', 'true']

2023-02-15 23:04:07 - [MESSAGE][INFO] - Action delay is set to 0 milliseconds

2023-02-15 23:04:08 - [MESSAGE][PASSED] - Browser is opened with url: 'https://dev-algorithm.govolution.com/vlinktest/QA/version_2_0/debit.html'

2023-02-15 23:04:08 - [TEST_STEP][PASSED] - maximizeWindow(): Current window maximized

2023-02-15 23:04:09 - [MESSAGE][PASSED] - Current window maximized

2023-02-15 23:04:09 - [TEST_STEP][PASSED] - genRemID = RandomStringUtils.random(12, true, true): null

2023-02-15 23:04:09 - [TEST_STEP][PASSED] - setText(findTestObject("RecAndPlayBk/Page-Vlink-Debit/input_Remittance Id"), genRemID): Text '5GyD7Day0Asq' is set on object 'Object Repository/RecAndPlayBk/Page-Vlink-Debit/input_Remittance Id'

2023-02-15 23:04:09 - [MESSAGE][PASSED] - Text '5GyD7Day0Asq' is set on object 'Object Repository/RecAndPlayBk/Page-Vlink-Debit/input_Remittance Id'

2023-02-15 23:04:09 - [TEST_STEP][PASSED] - setText(findTestObject("RecAndPlayBk/Page-Vlink-Debit/input_Application Id"), appID): Text '234' is set on object 'Object Repository/RecAndPlayBk/Page-Vlink-Debit/input_Application Id'

2023-02-15 23:04:10 - [MESSAGE][PASSED] - Text '234' is set on object 'Object Repository/RecAndPlayBk/Page-Vlink-Debit/input_Application Id'

2023-02-15 23:04:10 - [TEST_STEP][PASSED] - setText(findTestObject("RecAndPlayBk/Page-Vlink-Debit/input_Username"), username): Text 'username' is set on object 'Object Repository/RecAndPlayBk/Page-Vlink-Debit/input_Username'

2023-02-15 23:04:11 - [MESSAGE][PASSED] - Text 'username' is set on object 'Object Repository/RecAndPlayBk/Page-Vlink-Debit/input_Username'

2023-02-15 23:04:11 - [TEST_STEP][PASSED] - setText(findTestObject("RecAndPlayBk/Page-Vlink-Debit/input_Password"), password): Text 'password' is set on object 'Object Repository/RecAndPlayBk/Page-Vlink-Debit/input_Password'

2023-02-15 23:04:11 - [MESSAGE][PASSED] - Text 'password' is set on object 'Object Repository/RecAndPlayBk/Page-Vlink-Debit/input_Password'

2023-02-15 23:04:11 - [TEST_STEP][PASSED] - setText(findTestObject("RecAndPlayBk/Page-Vlink-Debit/input_Check Type"), checkType): Text 'P' is set on object 'Object Repository/RecAndPlayBk/Page-Vlink-Debit/input_Check Type'

2023-02-15 23:04:12 - [MESSAGE][PASSED] - Text 'P' is set on object 'Object Repository/RecAndPlayBk/Page-Vlink-Debit/input_Check Type'

2023-02-15 23:04:12 - [TEST_STEP][PASSED] - setText(findTestObject("RecAndPlayBk/Page-Vlink-Debit/input_Account_check"), acNumber): Text '58963214' is set on object 'Object Repository/RecAndPlayBk/Page-Vlink-Debit/input_Account_check'

2023-02-15 23:04:13 - [MESSAGE][PASSED] - Text '58963214' is set on object 'Object Repository/RecAndPlayBk/Page-Vlink-Debit/input_Account_check'

2023-02-15 23:04:13 - [TEST_STEP][PASSED] - setText(findTestObject("RecAndPlayBk/Page-Vlink-Debit/input_Company_check"), company): Text '' is set on object 'Object Repository/RecAndPlayBk/Page-Vlink-Debit/input_Company_check'

2023-02-15 23:04:13 - [MESSAGE][PASSED] - Text '' is set on object 'Object Repository/RecAndPlayBk/Page-Vlink-Debit/input_Company_check'

2023-02-15 23:04:13 - [TEST_STEP][PASSED] - setText(findTestObject("RecAndPlayBk/Page-Vlink-Debit/input_Account Type"), acType): Text '1' is set on object 'Object Repository/RecAndPlayBk/Page-Vlink-Debit/input_Account Type'

2023-02-15 23:04:14 - [MESSAGE][PASSED] - Text '1' is set on object 'Object Repository/RecAndPlayBk/Page-Vlink-Debit/input_Account Type'

2023-02-15 23:04:14 - [TEST_STEP][PASSED] - setText(findTestObject("RecAndPlayBk/Page-Vlink-Debit/input_Routing Number"), rtn): Text '256072691' is set on object 'Object Repository/RecAndPlayBk/Page-Vlink-Debit/input_Routing Number'

2023-02-15 23:04:14 - [MESSAGE][PASSED] - Text '256072691' is set on object 'Object Repository/RecAndPlayBk/Page-Vlink-Debit/input_Routing Number'

2023-02-15 23:04:14 - [TEST_STEP][PASSED] - setText(findTestObject("RecAndPlayBk/Page-Vlink-Debit/input_Amount"), amount): Text '12.50' is set on object 'Object Repository/RecAndPlayBk/Page-Vlink-Debit/input_Amount'

2023-02-15 23:04:15 - [MESSAGE][PASSED] - Text '12.50' is set on object 'Object Repository/RecAndPlayBk/Page-Vlink-Debit/input_Amount'

2023-02-15 23:04:15 - [TEST_STEP][PASSED] - setText(findTestObject("RecAndPlayBk/Page-Vlink-Debit/input_Check Email"), ""): Text '' is set on object 'Object Repository/RecAndPlayBk/Page-Vlink-Debit/input_Check Email'

2023-02-15 23:04:16 - [MESSAGE][PASSED] - Text '' is set on object 'Object Repository/RecAndPlayBk/Page-Vlink-Debit/input_Check Email'

2023-02-15 23:04:16 - [TEST_STEP][PASSED] - setText(findTestObject("Object Repository/RecAndPlayBk/Page-Vlink-Debit/input_concat(CheckWriter, , s SSN)_check_ssn"), ""): Text '' is set on object 'Object Repository/RecAndPlayBk/Page-Vlink-Debit/input_concat(CheckWriter, , s SSN)_check_ssn'

2023-02-15 23:04:16 - [MESSAGE][PASSED] - Text '' is set on object 'Object Repository/RecAndPlayBk/Page-Vlink-Debit/input_concat(CheckWriter, , s SSN)_check_ssn'

2023-02-15 23:04:16 - [TEST_STEP][PASSED] - setText(findTestObject("Object Repository/RecAndPlayBk/Page-Vlink-Debit/input_concat(CheckWriter, , s License Numbe_020fef"), ""): Text '' is set on object 'Object Repository/RecAndPlayBk/Page-Vlink-Debit/input_concat(CheckWriter, , s License Numbe_020fef'

2023-02-15 23:04:17 - [MESSAGE][PASSED] - Text '' is set on object 'Object Repository/RecAndPlayBk/Page-Vlink-Debit/input_concat(CheckWriter, , s License Numbe_020fef'

2023-02-15 23:04:17 - [TEST_STEP][PASSED] - setText(findTestObject("Object Repository/RecAndPlayBk/Page-Vlink-Debit/input_concat(CheckWriter, , s License State_21e3e7"), ""): Text '' is set on object 'Object Repository/RecAndPlayBk/Page-Vlink-Debit/input_concat(CheckWriter, , s License State_21e3e7'

2023-02-15 23:04:18 - [MESSAGE][PASSED] - Text '' is set on object 'Object Repository/RecAndPlayBk/Page-Vlink-Debit/input_concat(CheckWriter, , s License State_21e3e7'

2023-02-15 23:04:18 - [TEST_STEP][PASSED] - setText(findTestObject("RecAndPlayBk/Page-Vlink-Debit/input_Standard Entry Class"), sec): Text 'TEL' is set on object 'Object Repository/RecAndPlayBk/Page-Vlink-Debit/input_Standard Entry Class'

2023-02-15 23:04:18 - [MESSAGE][PASSED] - Text 'TEL' is set on object 'Object Repository/RecAndPlayBk/Page-Vlink-Debit/input_Standard Entry Class'

2023-02-15 23:04:18 - [TEST_STEP][PASSED] - click(findTestObject("Object Repository/RecAndPlayBk/Page-Vlink-Debit/input")): Object: 'Object Repository/RecAndPlayBk/Page-Vlink-Debit/input' is clicked on

2023-02-15 23:04:19 - [MESSAGE][PASSED] - Object: 'Object Repository/RecAndPlayBk/Page-Vlink-Debit/input' is clicked on

2023-02-15 23:04:19 - [TEST_STEP][PASSED] - if (verifyTextPresent("Transaction approved, no errors", true)): null

2023-02-15 23:04:19 - [MESSAGE][PASSED] - Text 'Transaction approved, no errors' is present on page  using regular expression

2023-02-15 23:04:19 - [TEST_STEP][PASSED] - println("Transaction Approved, no errors text is present on the Confirmation page"): null

2023-02-15 23:04:19 - [TEST_STEP][PASSED] - sdfo = getText(findTestObject("Object Repository/Page_VLinkReceipt/pre_STX")): Text of object 'Object Repository/Page_VLinkReceipt/pre_STX' is: '<STX>5GyD7Day0Asq                  12126729            0  Transaction approved, no errors                   0                                                                                                              <ETX>'

2023-02-15 23:04:20 - [MESSAGE][PASSED] - Text of object 'Object Repository/Page_VLinkReceipt/pre_STX' is: '<STX>5GyD7Day0Asq                  12126729            0  Transaction approved, no errors                   0                                                                                                              <ETX>'

2023-02-15 23:04:20 - [TEST_STEP][PASSED] - out.println("sdfo: " + sdfo): null

2023-02-15 23:04:20 - [TEST_STEP][PASSED] - remID = substring(5, 35).trim(): null

2023-02-15 23:04:20 - [TEST_STEP][PASSED] - out.println("remID: " + remID): null

2023-02-15 23:04:20 - [TEST_STEP][PASSED] - traxID = substring(35, 55).trim(): null

2023-02-15 23:04:20 - [TEST_STEP][PASSED] - out.println("traxID: " + traxID): null

2023-02-15 23:04:20 - [TEST_STEP][PASSED] - VLinkSaleRemID = remID: null

2023-02-15 23:04:20 - [TEST_STEP][PASSED] - VLinkSaleTranxID = traxID: null

2023-02-15 23:04:20 - [TEST_STEP][PASSED] - openBrowser(VLinkURL + "ACH_credit.html"): Browser is opened with url: 'https://dev-algorithm.govolution.com/vlinktest/QA/version_2_0/ACH_credit.html'

2023-02-15 23:04:20 - [MESSAGE][WARNING] - A browser is already opened. Closing browser and opening a new one

2023-02-15 23:04:21 - [MESSAGE][INFO] - Starting 'Chrome' driver

2023-02-15 23:04:21 - [MESSAGE][INFO] - User set preference: ['acceptInsecureCerts', 'true']

2023-02-15 23:04:21 - [MESSAGE][INFO] - Action delay is set to 0 milliseconds

2023-02-15 23:04:22 - [MESSAGE][PASSED] - Browser is opened with url: 'https://dev-algorithm.govolution.com/vlinktest/QA/version_2_0/ACH_credit.html'

2023-02-15 23:04:22 - [TEST_STEP][PASSED] - maximizeWindow(): Current window maximized

2023-02-15 23:04:23 - [MESSAGE][PASSED] - Current window maximized

2023-02-15 23:04:23 - [TEST_STEP][PASSED] - setText(findTestObject("Object Repository/RecAndPlayBk/Page-Vlink-ACH-Credit/input_Remittance Id"), VLinkSaleRemID): Text '5GyD7Day0Asq' is set on object 'Object Repository/RecAndPlayBk/Page-Vlink-ACH-Credit/input_Remittance Id'

2023-02-15 23:04:23 - [MESSAGE][PASSED] - Text '5GyD7Day0Asq' is set on object 'Object Repository/RecAndPlayBk/Page-Vlink-ACH-Credit/input_Remittance Id'

2023-02-15 23:04:23 - [TEST_STEP][PASSED] - setText(findTestObject("Object Repository/RecAndPlayBk/Page-Vlink-ACH-Credit/input_Application Id"), appID): Text '234' is set on object 'Object Repository/RecAndPlayBk/Page-Vlink-ACH-Credit/input_Application Id'

2023-02-15 23:04:24 - [MESSAGE][PASSED] - Text '234' is set on object 'Object Repository/RecAndPlayBk/Page-Vlink-ACH-Credit/input_Application Id'

2023-02-15 23:04:24 - [TEST_STEP][PASSED] - setText(findTestObject("Object Repository/RecAndPlayBk/Page-Vlink-ACH-Credit/input_Username"), username): Text 'username' is set on object 'Object Repository/RecAndPlayBk/Page-Vlink-ACH-Credit/input_Username'

2023-02-15 23:04:25 - [MESSAGE][PASSED] - Text 'username' is set on object 'Object Repository/RecAndPlayBk/Page-Vlink-ACH-Credit/input_Username'

2023-02-15 23:04:25 - [TEST_STEP][PASSED] - setText(findTestObject("Object Repository/RecAndPlayBk/Page-Vlink-ACH-Credit/input_Password"), password): Text 'password' is set on object 'Object Repository/RecAndPlayBk/Page-Vlink-ACH-Credit/input_Password'

2023-02-15 23:04:25 - [MESSAGE][PASSED] - Text 'password' is set on object 'Object Repository/RecAndPlayBk/Page-Vlink-ACH-Credit/input_Password'

2023-02-15 23:04:25 - [TEST_STEP][PASSED] - setText(findTestObject("Object Repository/RecAndPlayBk/Page-Vlink-ACH-Credit/input_Check Type"), checkType): Text 'P' is set on object 'Object Repository/RecAndPlayBk/Page-Vlink-ACH-Credit/input_Check Type'

2023-02-15 23:04:26 - [MESSAGE][PASSED] - Text 'P' is set on object 'Object Repository/RecAndPlayBk/Page-Vlink-ACH-Credit/input_Check Type'

2023-02-15 23:04:26 - [TEST_STEP][PASSED] - setText(findTestObject("Object Repository/RecAndPlayBk/Page-Vlink-ACH-Credit/input_Transaction ID"), VLinkSaleTranxID): Text '12126729' is set on object 'Object Repository/RecAndPlayBk/Page-Vlink-ACH-Credit/input_Transaction ID'

2023-02-15 23:04:26 - [MESSAGE][PASSED] - Text '12126729' is set on object 'Object Repository/RecAndPlayBk/Page-Vlink-ACH-Credit/input_Transaction ID'

2023-02-15 23:04:26 - [TEST_STEP][PASSED] - setText(findTestObject("Object Repository/RecAndPlayBk/Page-Vlink-ACH-Credit/input_Amount"), amount): Text '12.50' is set on object 'Object Repository/RecAndPlayBk/Page-Vlink-ACH-Credit/input_Amount'

2023-02-15 23:04:27 - [MESSAGE][PASSED] - Text '12.50' is set on object 'Object Repository/RecAndPlayBk/Page-Vlink-ACH-Credit/input_Amount'

2023-02-15 23:04:27 - [TEST_STEP][PASSED] - setText(findTestObject("Object Repository/RecAndPlayBk/Page-Vlink-ACH-Credit/input_Standard Entry Class"), sec): Text 'TEL' is set on object 'Object Repository/RecAndPlayBk/Page-Vlink-ACH-Credit/input_Standard Entry Class'

2023-02-15 23:04:28 - [MESSAGE][PASSED] - Text 'TEL' is set on object 'Object Repository/RecAndPlayBk/Page-Vlink-ACH-Credit/input_Standard Entry Class'

2023-02-15 23:04:28 - [TEST_STEP][PASSED] - setText(findTestObject("Object Repository/RecAndPlayBk/Page-Vlink-ACH-Credit/input_Account Number"), acNumber): Text '58963214' is set on object 'Object Repository/RecAndPlayBk/Page-Vlink-ACH-Credit/input_Account Number'

2023-02-15 23:04:28 - [MESSAGE][PASSED] - Text '58963214' is set on object 'Object Repository/RecAndPlayBk/Page-Vlink-ACH-Credit/input_Account Number'

2023-02-15 23:04:28 - [TEST_STEP][PASSED] - setText(findTestObject("Object Repository/RecAndPlayBk/Page-Vlink-ACH-Credit/input_Routing Number"), rtn): Text '256072691' is set on object 'Object Repository/RecAndPlayBk/Page-Vlink-ACH-Credit/input_Routing Number'

2023-02-15 23:04:29 - [MESSAGE][PASSED] - Text '256072691' is set on object 'Object Repository/RecAndPlayBk/Page-Vlink-ACH-Credit/input_Routing Number'

2023-02-15 23:04:29 - [TEST_STEP][PASSED] - click(findTestObject("Object Repository/RecAndPlayBk/Page-Vlink-ACH-Credit/input")): Object: 'Object Repository/RecAndPlayBk/Page-Vlink-ACH-Credit/input' is clicked on

2023-02-15 23:04:30 - [MESSAGE][PASSED] - Object: 'Object Repository/RecAndPlayBk/Page-Vlink-ACH-Credit/input' is clicked on

2023-02-15 23:04:30 - [TEST_STEP][PASSED] - if (verifyTextPresent("Transaction approved, no errors", true)): null

2023-02-15 23:04:30 - [MESSAGE][PASSED] - Text 'Transaction approved, no errors' is present on page  using regular expression

2023-02-15 23:04:30 - [TEST_STEP][PASSED] - println("Transaction Approved, no errors text is present on the Confirmation page"): null

2023-02-15 23:04:30 - [TEST_STEP][PASSED] - sdfo = getText(findTestObject("Object Repository/Page_VLinkReceipt/pre_STX")): Text of object 'Object Repository/Page_VLinkReceipt/pre_STX' is: '<STX>5GyD7Day0Asq                  12126730            0  Transaction approved, no errors                   0                                                                                                              <ETX>'

2023-02-15 23:04:30 - [MESSAGE][PASSED] - Text of object 'Object Repository/Page_VLinkReceipt/pre_STX' is: '<STX>5GyD7Day0Asq                  12126730            0  Transaction approved, no errors                   0                                                                                                              <ETX>'

2023-02-15 23:04:30 - [TEST_STEP][PASSED] - out.println("sdfo: " + sdfo): null

2023-02-15 23:04:30 - [TEST_STEP][PASSED] - remID = substring(5, 35).trim(): null

2023-02-15 23:04:30 - [TEST_STEP][PASSED] - out.println("remID: " + remID): null

2023-02-15 23:04:30 - [TEST_STEP][PASSED] - traxID = substring(35, 55).trim(): null

2023-02-15 23:04:30 - [TEST_STEP][PASSED] - out.println("traxID: " + traxID): null

2023-02-15 23:04:30 - [TEST_STEP][PASSED] - VLinkSaleRemID = remID: null

2023-02-15 23:04:30 - [TEST_STEP][PASSED] - VLinkSaleTranxID = traxID: null

2023-02-15 23:04:30 - [TEST_STEP][PASSED] - openBrowser(VLinkURL + "ACH_void.html"): Browser is opened with url: 'https://dev-algorithm.govolution.com/vlinktest/QA/version_2_0/ACH_void.html'

2023-02-15 23:04:30 - [MESSAGE][WARNING] - A browser is already opened. Closing browser and opening a new one

2023-02-15 23:04:31 - [MESSAGE][INFO] - Starting 'Chrome' driver

2023-02-15 23:04:31 - [MESSAGE][INFO] - User set preference: ['acceptInsecureCerts', 'true']

2023-02-15 23:04:31 - [MESSAGE][INFO] - Action delay is set to 0 milliseconds

2023-02-15 23:04:33 - [MESSAGE][PASSED] - Browser is opened with url: 'https://dev-algorithm.govolution.com/vlinktest/QA/version_2_0/ACH_void.html'

2023-02-15 23:04:33 - [TEST_STEP][PASSED] - maximizeWindow(): Current window maximized

2023-02-15 23:04:33 - [MESSAGE][PASSED] - Current window maximized

2023-02-15 23:04:33 - [TEST_STEP][PASSED] - setText(findTestObject("Object Repository/RecAndPlayBk/Page-Vlink-ACH-Void/input_Remittance Id"), VLinkSaleRemID): Text '5GyD7Day0Asq' is set on object 'Object Repository/RecAndPlayBk/Page-Vlink-ACH-Void/input_Remittance Id'

2023-02-15 23:04:34 - [MESSAGE][PASSED] - Text '5GyD7Day0Asq' is set on object 'Object Repository/RecAndPlayBk/Page-Vlink-ACH-Void/input_Remittance Id'

2023-02-15 23:04:34 - [TEST_STEP][PASSED] - setText(findTestObject("Object Repository/RecAndPlayBk/Page-Vlink-ACH-Void/input_Application Id"), appID): Text '234' is set on object 'Object Repository/RecAndPlayBk/Page-Vlink-ACH-Void/input_Application Id'

2023-02-15 23:04:34 - [MESSAGE][PASSED] - Text '234' is set on object 'Object Repository/RecAndPlayBk/Page-Vlink-ACH-Void/input_Application Id'

2023-02-15 23:04:34 - [TEST_STEP][PASSED] - setText(findTestObject("Object Repository/RecAndPlayBk/Page-Vlink-ACH-Void/input_Username"), username): Text 'username' is set on object 'Object Repository/RecAndPlayBk/Page-Vlink-ACH-Void/input_Username'

2023-02-15 23:04:35 - [MESSAGE][PASSED] - Text 'username' is set on object 'Object Repository/RecAndPlayBk/Page-Vlink-ACH-Void/input_Username'

2023-02-15 23:04:35 - [TEST_STEP][PASSED] - setText(findTestObject("Object Repository/RecAndPlayBk/Page-Vlink-ACH-Void/input_Password"), password): Text 'password' is set on object 'Object Repository/RecAndPlayBk/Page-Vlink-ACH-Void/input_Password'

2023-02-15 23:04:36 - [MESSAGE][PASSED] - Text 'password' is set on object 'Object Repository/RecAndPlayBk/Page-Vlink-ACH-Void/input_Password'

2023-02-15 23:04:36 - [TEST_STEP][PASSED] - setText(findTestObject("Object Repository/RecAndPlayBk/Page-Vlink-ACH-Void/input_Check Type"), checkType): Text 'P' is set on object 'Object Repository/RecAndPlayBk/Page-Vlink-ACH-Void/input_Check Type'

2023-02-15 23:04:36 - [MESSAGE][PASSED] - Text 'P' is set on object 'Object Repository/RecAndPlayBk/Page-Vlink-ACH-Void/input_Check Type'

2023-02-15 23:04:36 - [TEST_STEP][PASSED] - setText(findTestObject("Object Repository/RecAndPlayBk/Page-Vlink-ACH-Void/input_Standard Entry Class"), sec): Text 'TEL' is set on object 'Object Repository/RecAndPlayBk/Page-Vlink-ACH-Void/input_Standard Entry Class'

2023-02-15 23:04:37 - [MESSAGE][PASSED] - Text 'TEL' is set on object 'Object Repository/RecAndPlayBk/Page-Vlink-ACH-Void/input_Standard Entry Class'

2023-02-15 23:04:37 - [TEST_STEP][PASSED] - setText(findTestObject("Object Repository/RecAndPlayBk/Page-Vlink-ACH-Void/input_Transaction ID"), VLinkSaleTranxID): Text '12126730' is set on object 'Object Repository/RecAndPlayBk/Page-Vlink-ACH-Void/input_Transaction ID'

2023-02-15 23:04:38 - [MESSAGE][PASSED] - Text '12126730' is set on object 'Object Repository/RecAndPlayBk/Page-Vlink-ACH-Void/input_Transaction ID'

2023-02-15 23:04:38 - [TEST_STEP][PASSED] - setText(findTestObject("Object Repository/RecAndPlayBk/Page-Vlink-ACH-Void/input_Original Transaction Type"), "201"): Text '201' is set on object 'Object Repository/RecAndPlayBk/Page-Vlink-ACH-Void/input_Original Transaction Type'

2023-02-15 23:04:38 - [MESSAGE][PASSED] - Text '201' is set on object 'Object Repository/RecAndPlayBk/Page-Vlink-ACH-Void/input_Original Transaction Type'

2023-02-15 23:04:38 - [TEST_STEP][PASSED] - click(findTestObject("Object Repository/RecAndPlayBk/Page-Vlink-ACH-Void/input")): Object: 'Object Repository/RecAndPlayBk/Page-Vlink-ACH-Void/input' is clicked on

2023-02-15 23:04:39 - [MESSAGE][PASSED] - Object: 'Object Repository/RecAndPlayBk/Page-Vlink-ACH-Void/input' is clicked on

2023-02-15 23:04:39 - [TEST_STEP][PASSED] - if (verifyTextPresent("Transaction approved, no errors", true)): null

2023-02-15 23:04:39 - [MESSAGE][PASSED] - Text 'Transaction approved, no errors' is present on page  using regular expression

2023-02-15 23:04:39 - [TEST_STEP][PASSED] - println("Transaction Approved, no errors text is present on the Confirmation page"): null

2023-02-15 23:04:39 - [TEST_STEP][PASSED] - out.println("Pass Record Number: " + row): null

2023-02-15 23:04:39 - [TEST_STEP][PASSED] - resText = "Pass": null

2023-02-15 23:04:39 - [TEST_STEP][PASSED] - pages.WriteExcel.demoKey(resText, datText, resColumn, datCloumn, fileLoc, nameSheet, row): pages.WriteExcel.demoKey is PASSED

2023-02-15 23:04:39 - [MESSAGE][PASSED] - pages.WriteExcel.demoKey is PASSED

2023-02-15 23:04:39 - [TEST_STEP][PASSED] - ExecuteTC = findTestData(dataFile).getValue("Execute", row): null

2023-02-15 23:04:39 - [TEST_STEP][PASSED] - out.println("Value of Execute is : " + ExecuteTC): null

2023-02-15 23:04:39 - [TEST_STEP][PASSED] - switch (executionProfile): null

2023-02-15 23:04:39 - [TEST_STEP][PASSED] - case "QAProfile":: null

2023-02-15 23:04:39 - [TEST_STEP][PASSED] - appID = findTestData(dataFile).getValue("AppIDQA", row): null

2023-02-15 23:04:40 - [TEST_STEP][PASSED] - username = findTestData(dataFile).getValue("UsernameQA", row): null

2023-02-15 23:04:40 - [TEST_STEP][PASSED] - password = findTestData(dataFile).getValue("PasswordQA", row): null

2023-02-15 23:04:40 - [TEST_STEP][PASSED] - break: null

2023-02-15 23:04:40 - [TEST_STEP][PASSED] - if (ExecuteTC.equalsIgnoreCase("Y")): null

2023-02-15 23:04:40 - [TEST_STEP][PASSED] - out.println("Begin Record Number: " + row): null

2023-02-15 23:04:40 - [TEST_STEP][PASSED] - today = new java.util.Date(): null

2023-02-15 23:04:40 - [TEST_STEP][PASSED] - println(today): null

2023-02-15 23:04:40 - [TEST_STEP][PASSED] - datText = today: null

2023-02-15 23:04:40 - [TEST_STEP][PASSED] - checkType = findTestData(dataFile).getValue("CheckType", row): null

2023-02-15 23:04:40 - [TEST_STEP][PASSED] - acNumber = findTestData(dataFile).getValue("AcNumber", row): null

2023-02-15 23:04:40 - [TEST_STEP][PASSED] - company = findTestData(dataFile).getValue("Company", row): null

2023-02-15 23:04:40 - [TEST_STEP][PASSED] - acType = findTestData(dataFile).getValue("AcType", row): null

2023-02-15 23:04:40 - [TEST_STEP][PASSED] - rtn = findTestData(dataFile).getValue("RTN", row): null

2023-02-15 23:04:40 - [TEST_STEP][PASSED] - amount = findTestData(dataFile).getValue("Amount", row): null

2023-02-15 23:04:40 - [TEST_STEP][PASSED] - sec = findTestData(dataFile).getValue("SEC", row): null

2023-02-15 23:04:40 - [TEST_STEP][PASSED] - openBrowser(VLinkURL + "debit.html"): Browser is opened with url: 'https://dev-algorithm.govolution.com/vlinktest/QA/version_2_0/debit.html'

2023-02-15 23:04:40 - [MESSAGE][WARNING] - A browser is already opened. Closing browser and opening a new one

2023-02-15 23:04:41 - [MESSAGE][INFO] - Starting 'Chrome' driver

2023-02-15 23:04:41 - [MESSAGE][INFO] - User set preference: ['acceptInsecureCerts', 'true']

2023-02-15 23:04:41 - [MESSAGE][INFO] - Action delay is set to 0 milliseconds

2023-02-15 23:04:43 - [MESSAGE][PASSED] - Browser is opened with url: 'https://dev-algorithm.govolution.com/vlinktest/QA/version_2_0/debit.html'

2023-02-15 23:04:43 - [TEST_STEP][PASSED] - maximizeWindow(): Current window maximized

2023-02-15 23:04:43 - [MESSAGE][PASSED] - Current window maximized

2023-02-15 23:04:43 - [TEST_STEP][PASSED] - genRemID = RandomStringUtils.random(12, true, true): null

2023-02-15 23:04:43 - [TEST_STEP][PASSED] - setText(findTestObject("RecAndPlayBk/Page-Vlink-Debit/input_Remittance Id"), genRemID): Text 'DsAou7Xo9nK3' is set on object 'Object Repository/RecAndPlayBk/Page-Vlink-Debit/input_Remittance Id'

2023-02-15 23:04:44 - [MESSAGE][PASSED] - Text 'DsAou7Xo9nK3' is set on object 'Object Repository/RecAndPlayBk/Page-Vlink-Debit/input_Remittance Id'

2023-02-15 23:04:44 - [TEST_STEP][PASSED] - setText(findTestObject("RecAndPlayBk/Page-Vlink-Debit/input_Application Id"), appID): Text '234' is set on object 'Object Repository/RecAndPlayBk/Page-Vlink-Debit/input_Application Id'

2023-02-15 23:04:45 - [MESSAGE][PASSED] - Text '234' is set on object 'Object Repository/RecAndPlayBk/Page-Vlink-Debit/input_Application Id'

2023-02-15 23:04:45 - [TEST_STEP][PASSED] - setText(findTestObject("RecAndPlayBk/Page-Vlink-Debit/input_Username"), username): Text 'username' is set on object 'Object Repository/RecAndPlayBk/Page-Vlink-Debit/input_Username'

2023-02-15 23:04:45 - [MESSAGE][PASSED] - Text 'username' is set on object 'Object Repository/RecAndPlayBk/Page-Vlink-Debit/input_Username'

2023-02-15 23:04:45 - [TEST_STEP][PASSED] - setText(findTestObject("RecAndPlayBk/Page-Vlink-Debit/input_Password"), password): Text 'password' is set on object 'Object Repository/RecAndPlayBk/Page-Vlink-Debit/input_Password'

2023-02-15 23:04:46 - [MESSAGE][PASSED] - Text 'password' is set on object 'Object Repository/RecAndPlayBk/Page-Vlink-Debit/input_Password'

2023-02-15 23:04:46 - [TEST_STEP][PASSED] - setText(findTestObject("RecAndPlayBk/Page-Vlink-Debit/input_Check Type"), checkType): Text 'P' is set on object 'Object Repository/RecAndPlayBk/Page-Vlink-Debit/input_Check Type'

2023-02-15 23:04:46 - [MESSAGE][PASSED] - Text 'P' is set on object 'Object Repository/RecAndPlayBk/Page-Vlink-Debit/input_Check Type'

2023-02-15 23:04:46 - [TEST_STEP][PASSED] - setText(findTestObject("RecAndPlayBk/Page-Vlink-Debit/input_Account_check"), acNumber): Text '58963214' is set on object 'Object Repository/RecAndPlayBk/Page-Vlink-Debit/input_Account_check'

2023-02-15 23:04:47 - [MESSAGE][PASSED] - Text '58963214' is set on object 'Object Repository/RecAndPlayBk/Page-Vlink-Debit/input_Account_check'

2023-02-15 23:04:47 - [TEST_STEP][PASSED] - setText(findTestObject("RecAndPlayBk/Page-Vlink-Debit/input_Company_check"), company): Text '' is set on object 'Object Repository/RecAndPlayBk/Page-Vlink-Debit/input_Company_check'

2023-02-15 23:04:48 - [MESSAGE][PASSED] - Text '' is set on object 'Object Repository/RecAndPlayBk/Page-Vlink-Debit/input_Company_check'

2023-02-15 23:04:48 - [TEST_STEP][PASSED] - setText(findTestObject("RecAndPlayBk/Page-Vlink-Debit/input_Account Type"), acType): Text '1' is set on object 'Object Repository/RecAndPlayBk/Page-Vlink-Debit/input_Account Type'

2023-02-15 23:04:48 - [MESSAGE][PASSED] - Text '1' is set on object 'Object Repository/RecAndPlayBk/Page-Vlink-Debit/input_Account Type'

2023-02-15 23:04:48 - [TEST_STEP][PASSED] - setText(findTestObject("RecAndPlayBk/Page-Vlink-Debit/input_Routing Number"), rtn): Text '256072691' is set on object 'Object Repository/RecAndPlayBk/Page-Vlink-Debit/input_Routing Number'

2023-02-15 23:04:49 - [MESSAGE][PASSED] - Text '256072691' is set on object 'Object Repository/RecAndPlayBk/Page-Vlink-Debit/input_Routing Number'

2023-02-15 23:04:49 - [TEST_STEP][PASSED] - setText(findTestObject("RecAndPlayBk/Page-Vlink-Debit/input_Amount"), amount): Text '12.50' is set on object 'Object Repository/RecAndPlayBk/Page-Vlink-Debit/input_Amount'

2023-02-15 23:04:50 - [MESSAGE][PASSED] - Text '12.50' is set on object 'Object Repository/RecAndPlayBk/Page-Vlink-Debit/input_Amount'

2023-02-15 23:04:50 - [TEST_STEP][PASSED] - setText(findTestObject("RecAndPlayBk/Page-Vlink-Debit/input_Check Email"), ""): Text '' is set on object 'Object Repository/RecAndPlayBk/Page-Vlink-Debit/input_Check Email'

2023-02-15 23:04:50 - [MESSAGE][PASSED] - Text '' is set on object 'Object Repository/RecAndPlayBk/Page-Vlink-Debit/input_Check Email'

2023-02-15 23:04:50 - [TEST_STEP][PASSED] - setText(findTestObject("Object Repository/RecAndPlayBk/Page-Vlink-Debit/input_concat(CheckWriter, , s SSN)_check_ssn"), ""): Text '' is set on object 'Object Repository/RecAndPlayBk/Page-Vlink-Debit/input_concat(CheckWriter, , s SSN)_check_ssn'

2023-02-15 23:04:51 - [MESSAGE][PASSED] - Text '' is set on object 'Object Repository/RecAndPlayBk/Page-Vlink-Debit/input_concat(CheckWriter, , s SSN)_check_ssn'

2023-02-15 23:04:51 - [TEST_STEP][PASSED] - setText(findTestObject("Object Repository/RecAndPlayBk/Page-Vlink-Debit/input_concat(CheckWriter, , s License Numbe_020fef"), ""): Text '' is set on object 'Object Repository/RecAndPlayBk/Page-Vlink-Debit/input_concat(CheckWriter, , s License Numbe_020fef'

2023-02-15 23:04:51 - [MESSAGE][PASSED] - Text '' is set on object 'Object Repository/RecAndPlayBk/Page-Vlink-Debit/input_concat(CheckWriter, , s License Numbe_020fef'

2023-02-15 23:04:51 - [TEST_STEP][PASSED] - setText(findTestObject("Object Repository/RecAndPlayBk/Page-Vlink-Debit/input_concat(CheckWriter, , s License State_21e3e7"), ""): Text '' is set on object 'Object Repository/RecAndPlayBk/Page-Vlink-Debit/input_concat(CheckWriter, , s License State_21e3e7'

2023-02-15 23:04:52 - [MESSAGE][PASSED] - Text '' is set on object 'Object Repository/RecAndPlayBk/Page-Vlink-Debit/input_concat(CheckWriter, , s License State_21e3e7'

2023-02-15 23:04:52 - [TEST_STEP][PASSED] - setText(findTestObject("RecAndPlayBk/Page-Vlink-Debit/input_Standard Entry Class"), sec): Text 'PPD' is set on object 'Object Repository/RecAndPlayBk/Page-Vlink-Debit/input_Standard Entry Class'

2023-02-15 23:04:53 - [MESSAGE][PASSED] - Text 'PPD' is set on object 'Object Repository/RecAndPlayBk/Page-Vlink-Debit/input_Standard Entry Class'

2023-02-15 23:04:53 - [TEST_STEP][PASSED] - click(findTestObject("Object Repository/RecAndPlayBk/Page-Vlink-Debit/input")): Object: 'Object Repository/RecAndPlayBk/Page-Vlink-Debit/input' is clicked on

2023-02-15 23:04:54 - [MESSAGE][PASSED] - Object: 'Object Repository/RecAndPlayBk/Page-Vlink-Debit/input' is clicked on

2023-02-15 23:04:54 - [TEST_STEP][PASSED] - if (verifyTextPresent("Transaction approved, no errors", true)): null

2023-02-15 23:04:54 - [MESSAGE][PASSED] - Text 'Transaction approved, no errors' is present on page  using regular expression

2023-02-15 23:04:54 - [TEST_STEP][PASSED] - println("Transaction Approved, no errors text is present on the Confirmation page"): null

2023-02-15 23:04:54 - [TEST_STEP][PASSED] - sdfo = getText(findTestObject("Object Repository/Page_VLinkReceipt/pre_STX")): Text of object 'Object Repository/Page_VLinkReceipt/pre_STX' is: '<STX>DsAou7Xo9nK3                  12126732            0  Transaction approved, no errors                   0                                                                                                              <ETX>'

2023-02-15 23:04:54 - [MESSAGE][PASSED] - Text of object 'Object Repository/Page_VLinkReceipt/pre_STX' is: '<STX>DsAou7Xo9nK3                  12126732            0  Transaction approved, no errors                   0                                                                                                              <ETX>'

2023-02-15 23:04:54 - [TEST_STEP][PASSED] - out.println("sdfo: " + sdfo): null

2023-02-15 23:04:54 - [TEST_STEP][PASSED] - remID = substring(5, 35).trim(): null

2023-02-15 23:04:54 - [TEST_STEP][PASSED] - out.println("remID: " + remID): null

2023-02-15 23:04:54 - [TEST_STEP][PASSED] - traxID = substring(35, 55).trim(): null

2023-02-15 23:04:54 - [TEST_STEP][PASSED] - out.println("traxID: " + traxID): null

2023-02-15 23:04:54 - [TEST_STEP][PASSED] - VLinkSaleRemID = remID: null

2023-02-15 23:04:54 - [TEST_STEP][PASSED] - VLinkSaleTranxID = traxID: null

2023-02-15 23:04:54 - [TEST_STEP][PASSED] - openBrowser(VLinkURL + "ACH_credit.html"): Browser is opened with url: 'https://dev-algorithm.govolution.com/vlinktest/QA/version_2_0/ACH_credit.html'

2023-02-15 23:04:54 - [MESSAGE][WARNING] - A browser is already opened. Closing browser and opening a new one

2023-02-15 23:04:55 - [MESSAGE][INFO] - Starting 'Chrome' driver

2023-02-15 23:04:55 - [MESSAGE][INFO] - User set preference: ['acceptInsecureCerts', 'true']

2023-02-15 23:04:55 - [MESSAGE][INFO] - Action delay is set to 0 milliseconds

2023-02-15 23:04:57 - [MESSAGE][PASSED] - Browser is opened with url: 'https://dev-algorithm.govolution.com/vlinktest/QA/version_2_0/ACH_credit.html'

2023-02-15 23:04:57 - [TEST_STEP][PASSED] - maximizeWindow(): Current window maximized

2023-02-15 23:04:57 - [MESSAGE][PASSED] - Current window maximized

2023-02-15 23:04:57 - [TEST_STEP][PASSED] - setText(findTestObject("Object Repository/RecAndPlayBk/Page-Vlink-ACH-Credit/input_Remittance Id"), VLinkSaleRemID): Text 'DsAou7Xo9nK3' is set on object 'Object Repository/RecAndPlayBk/Page-Vlink-ACH-Credit/input_Remittance Id'

2023-02-15 23:04:58 - [MESSAGE][PASSED] - Text 'DsAou7Xo9nK3' is set on object 'Object Repository/RecAndPlayBk/Page-Vlink-ACH-Credit/input_Remittance Id'

2023-02-15 23:04:58 - [TEST_STEP][PASSED] - setText(findTestObject("Object Repository/RecAndPlayBk/Page-Vlink-ACH-Credit/input_Application Id"), appID): Text '234' is set on object 'Object Repository/RecAndPlayBk/Page-Vlink-ACH-Credit/input_Application Id'

2023-02-15 23:04:58 - [MESSAGE][PASSED] - Text '234' is set on object 'Object Repository/RecAndPlayBk/Page-Vlink-ACH-Credit/input_Application Id'

2023-02-15 23:04:58 - [TEST_STEP][PASSED] - setText(findTestObject("Object Repository/RecAndPlayBk/Page-Vlink-ACH-Credit/input_Username"), username): Text 'username' is set on object 'Object Repository/RecAndPlayBk/Page-Vlink-ACH-Credit/input_Username'

2023-02-15 23:04:59 - [MESSAGE][PASSED] - Text 'username' is set on object 'Object Repository/RecAndPlayBk/Page-Vlink-ACH-Credit/input_Username'

2023-02-15 23:04:59 - [TEST_STEP][PASSED] - setText(findTestObject("Object Repository/RecAndPlayBk/Page-Vlink-ACH-Credit/input_Password"), password): Text 'password' is set on object 'Object Repository/RecAndPlayBk/Page-Vlink-ACH-Credit/input_Password'

2023-02-15 23:05:00 - [MESSAGE][PASSED] - Text 'password' is set on object 'Object Repository/RecAndPlayBk/Page-Vlink-ACH-Credit/input_Password'

2023-02-15 23:05:00 - [TEST_STEP][PASSED] - setText(findTestObject("Object Repository/RecAndPlayBk/Page-Vlink-ACH-Credit/input_Check Type"), checkType): Text 'P' is set on object 'Object Repository/RecAndPlayBk/Page-Vlink-ACH-Credit/input_Check Type'

2023-02-15 23:05:00 - [MESSAGE][PASSED] - Text 'P' is set on object 'Object Repository/RecAndPlayBk/Page-Vlink-ACH-Credit/input_Check Type'

2023-02-15 23:05:00 - [TEST_STEP][PASSED] - setText(findTestObject("Object Repository/RecAndPlayBk/Page-Vlink-ACH-Credit/input_Transaction ID"), VLinkSaleTranxID): Text '12126732' is set on object 'Object Repository/RecAndPlayBk/Page-Vlink-ACH-Credit/input_Transaction ID'

2023-02-15 23:05:01 - [MESSAGE][PASSED] - Text '12126732' is set on object 'Object Repository/RecAndPlayBk/Page-Vlink-ACH-Credit/input_Transaction ID'

2023-02-15 23:05:01 - [TEST_STEP][PASSED] - setText(findTestObject("Object Repository/RecAndPlayBk/Page-Vlink-ACH-Credit/input_Amount"), amount): Text '12.50' is set on object 'Object Repository/RecAndPlayBk/Page-Vlink-ACH-Credit/input_Amount'

2023-02-15 23:05:01 - [MESSAGE][PASSED] - Text '12.50' is set on object 'Object Repository/RecAndPlayBk/Page-Vlink-ACH-Credit/input_Amount'

2023-02-15 23:05:01 - [TEST_STEP][PASSED] - setText(findTestObject("Object Repository/RecAndPlayBk/Page-Vlink-ACH-Credit/input_Standard Entry Class"), sec): Text 'PPD' is set on object 'Object Repository/RecAndPlayBk/Page-Vlink-ACH-Credit/input_Standard Entry Class'

2023-02-15 23:05:02 - [MESSAGE][PASSED] - Text 'PPD' is set on object 'Object Repository/RecAndPlayBk/Page-Vlink-ACH-Credit/input_Standard Entry Class'

2023-02-15 23:05:02 - [TEST_STEP][PASSED] - setText(findTestObject("Object Repository/RecAndPlayBk/Page-Vlink-ACH-Credit/input_Account Number"), acNumber): Text '58963214' is set on object 'Object Repository/RecAndPlayBk/Page-Vlink-ACH-Credit/input_Account Number'

2023-02-15 23:05:03 - [MESSAGE][PASSED] - Text '58963214' is set on object 'Object Repository/RecAndPlayBk/Page-Vlink-ACH-Credit/input_Account Number'

2023-02-15 23:05:03 - [TEST_STEP][PASSED] - setText(findTestObject("Object Repository/RecAndPlayBk/Page-Vlink-ACH-Credit/input_Routing Number"), rtn): Text '256072691' is set on object 'Object Repository/RecAndPlayBk/Page-Vlink-ACH-Credit/input_Routing Number'

2023-02-15 23:05:03 - [MESSAGE][PASSED] - Text '256072691' is set on object 'Object Repository/RecAndPlayBk/Page-Vlink-ACH-Credit/input_Routing Number'

2023-02-15 23:05:03 - [TEST_STEP][PASSED] - click(findTestObject("Object Repository/RecAndPlayBk/Page-Vlink-ACH-Credit/input")): Object: 'Object Repository/RecAndPlayBk/Page-Vlink-ACH-Credit/input' is clicked on

2023-02-15 23:05:04 - [MESSAGE][PASSED] - Object: 'Object Repository/RecAndPlayBk/Page-Vlink-ACH-Credit/input' is clicked on

2023-02-15 23:05:04 - [TEST_STEP][PASSED] - if (verifyTextPresent("Transaction approved, no errors", true)): null

2023-02-15 23:05:04 - [MESSAGE][PASSED] - Text 'Transaction approved, no errors' is present on page  using regular expression

2023-02-15 23:05:04 - [TEST_STEP][PASSED] - println("Transaction Approved, no errors text is present on the Confirmation page"): null

2023-02-15 23:05:04 - [TEST_STEP][PASSED] - sdfo = getText(findTestObject("Object Repository/Page_VLinkReceipt/pre_STX")): Text of object 'Object Repository/Page_VLinkReceipt/pre_STX' is: '<STX>DsAou7Xo9nK3                  12126733            0  Transaction approved, no errors                   0                                                                                                              <ETX>'

2023-02-15 23:05:05 - [MESSAGE][PASSED] - Text of object 'Object Repository/Page_VLinkReceipt/pre_STX' is: '<STX>DsAou7Xo9nK3                  12126733            0  Transaction approved, no errors                   0                                                                                                              <ETX>'

2023-02-15 23:05:05 - [TEST_STEP][PASSED] - out.println("sdfo: " + sdfo): null

2023-02-15 23:05:05 - [TEST_STEP][PASSED] - remID = substring(5, 35).trim(): null

2023-02-15 23:05:05 - [TEST_STEP][PASSED] - out.println("remID: " + remID): null

2023-02-15 23:05:05 - [TEST_STEP][PASSED] - traxID = substring(35, 55).trim(): null

2023-02-15 23:05:05 - [TEST_STEP][PASSED] - out.println("traxID: " + traxID): null

2023-02-15 23:05:05 - [TEST_STEP][PASSED] - VLinkSaleRemID = remID: null

2023-02-15 23:05:05 - [TEST_STEP][PASSED] - VLinkSaleTranxID = traxID: null

2023-02-15 23:05:05 - [TEST_STEP][PASSED] - openBrowser(VLinkURL + "ACH_void.html"): Browser is opened with url: 'https://dev-algorithm.govolution.com/vlinktest/QA/version_2_0/ACH_void.html'

2023-02-15 23:05:05 - [MESSAGE][WARNING] - A browser is already opened. Closing browser and opening a new one

2023-02-15 23:05:05 - [MESSAGE][INFO] - Starting 'Chrome' driver

2023-02-15 23:05:05 - [MESSAGE][INFO] - User set preference: ['acceptInsecureCerts', 'true']

2023-02-15 23:05:05 - [MESSAGE][INFO] - Action delay is set to 0 milliseconds

2023-02-15 23:05:07 - [MESSAGE][PASSED] - Browser is opened with url: 'https://dev-algorithm.govolution.com/vlinktest/QA/version_2_0/ACH_void.html'

2023-02-15 23:05:07 - [TEST_STEP][PASSED] - maximizeWindow(): Current window maximized

2023-02-15 23:05:07 - [MESSAGE][PASSED] - Current window maximized

2023-02-15 23:05:07 - [TEST_STEP][PASSED] - setText(findTestObject("Object Repository/RecAndPlayBk/Page-Vlink-ACH-Void/input_Remittance Id"), VLinkSaleRemID): Text 'DsAou7Xo9nK3' is set on object 'Object Repository/RecAndPlayBk/Page-Vlink-ACH-Void/input_Remittance Id'

2023-02-15 23:05:08 - [MESSAGE][PASSED] - Text 'DsAou7Xo9nK3' is set on object 'Object Repository/RecAndPlayBk/Page-Vlink-ACH-Void/input_Remittance Id'

2023-02-15 23:05:08 - [TEST_STEP][PASSED] - setText(findTestObject("Object Repository/RecAndPlayBk/Page-Vlink-ACH-Void/input_Application Id"), appID): Text '234' is set on object 'Object Repository/RecAndPlayBk/Page-Vlink-ACH-Void/input_Application Id'

2023-02-15 23:05:09 - [MESSAGE][PASSED] - Text '234' is set on object 'Object Repository/RecAndPlayBk/Page-Vlink-ACH-Void/input_Application Id'

2023-02-15 23:05:09 - [TEST_STEP][PASSED] - setText(findTestObject("Object Repository/RecAndPlayBk/Page-Vlink-ACH-Void/input_Username"), username): Text 'username' is set on object 'Object Repository/RecAndPlayBk/Page-Vlink-ACH-Void/input_Username'

2023-02-15 23:05:09 - [MESSAGE][PASSED] - Text 'username' is set on object 'Object Repository/RecAndPlayBk/Page-Vlink-ACH-Void/input_Username'

2023-02-15 23:05:09 - [TEST_STEP][PASSED] - setText(findTestObject("Object Repository/RecAndPlayBk/Page-Vlink-ACH-Void/input_Password"), password): Text 'password' is set on object 'Object Repository/RecAndPlayBk/Page-Vlink-ACH-Void/input_Password'

2023-02-15 23:05:10 - [MESSAGE][PASSED] - Text 'password' is set on object 'Object Repository/RecAndPlayBk/Page-Vlink-ACH-Void/input_Password'

2023-02-15 23:05:10 - [TEST_STEP][PASSED] - setText(findTestObject("Object Repository/RecAndPlayBk/Page-Vlink-ACH-Void/input_Check Type"), checkType): Text 'P' is set on object 'Object Repository/RecAndPlayBk/Page-Vlink-ACH-Void/input_Check Type'

2023-02-15 23:05:11 - [MESSAGE][PASSED] - Text 'P' is set on object 'Object Repository/RecAndPlayBk/Page-Vlink-ACH-Void/input_Check Type'

2023-02-15 23:05:11 - [TEST_STEP][PASSED] - setText(findTestObject("Object Repository/RecAndPlayBk/Page-Vlink-ACH-Void/input_Standard Entry Class"), sec): Text 'PPD' is set on object 'Object Repository/RecAndPlayBk/Page-Vlink-ACH-Void/input_Standard Entry Class'

2023-02-15 23:05:11 - [MESSAGE][PASSED] - Text 'PPD' is set on object 'Object Repository/RecAndPlayBk/Page-Vlink-ACH-Void/input_Standard Entry Class'

2023-02-15 23:05:11 - [TEST_STEP][PASSED] - setText(findTestObject("Object Repository/RecAndPlayBk/Page-Vlink-ACH-Void/input_Transaction ID"), VLinkSaleTranxID): Text '12126733' is set on object 'Object Repository/RecAndPlayBk/Page-Vlink-ACH-Void/input_Transaction ID'

2023-02-15 23:05:12 - [MESSAGE][PASSED] - Text '12126733' is set on object 'Object Repository/RecAndPlayBk/Page-Vlink-ACH-Void/input_Transaction ID'

2023-02-15 23:05:12 - [TEST_STEP][PASSED] - setText(findTestObject("Object Repository/RecAndPlayBk/Page-Vlink-ACH-Void/input_Original Transaction Type"), "201"): Text '201' is set on object 'Object Repository/RecAndPlayBk/Page-Vlink-ACH-Void/input_Original Transaction Type'

2023-02-15 23:05:12 - [MESSAGE][PASSED] - Text '201' is set on object 'Object Repository/RecAndPlayBk/Page-Vlink-ACH-Void/input_Original Transaction Type'

2023-02-15 23:05:12 - [TEST_STEP][PASSED] - click(findTestObject("Object Repository/RecAndPlayBk/Page-Vlink-ACH-Void/input")): Object: 'Object Repository/RecAndPlayBk/Page-Vlink-ACH-Void/input' is clicked on

2023-02-15 23:05:13 - [MESSAGE][PASSED] - Object: 'Object Repository/RecAndPlayBk/Page-Vlink-ACH-Void/input' is clicked on

2023-02-15 23:05:13 - [TEST_STEP][PASSED] - if (verifyTextPresent("Transaction approved, no errors", true)): null

2023-02-15 23:05:14 - [MESSAGE][PASSED] - Text 'Transaction approved, no errors' is present on page  using regular expression

2023-02-15 23:05:14 - [TEST_STEP][PASSED] - println("Transaction Approved, no errors text is present on the Confirmation page"): null

2023-02-15 23:05:14 - [TEST_STEP][PASSED] - out.println("Pass Record Number: " + row): null

2023-02-15 23:05:14 - [TEST_STEP][PASSED] - resText = "Pass": null

2023-02-15 23:05:14 - [TEST_STEP][PASSED] - pages.WriteExcel.demoKey(resText, datText, resColumn, datCloumn, fileLoc, nameSheet, row): pages.WriteExcel.demoKey is PASSED

2023-02-15 23:05:14 - [MESSAGE][PASSED] - pages.WriteExcel.demoKey is PASSED

2023-02-15 23:05:14 - [TEST_STEP][PASSED] - ExecuteTC = findTestData(dataFile).getValue("Execute", row): null

2023-02-15 23:05:14 - [TEST_STEP][PASSED] - out.println("Value of Execute is : " + ExecuteTC): null

2023-02-15 23:05:14 - [TEST_STEP][PASSED] - switch (executionProfile): null

2023-02-15 23:05:14 - [TEST_STEP][PASSED] - case "QAProfile":: null

2023-02-15 23:05:14 - [TEST_STEP][PASSED] - appID = findTestData(dataFile).getValue("AppIDQA", row): null

2023-02-15 23:05:14 - [TEST_STEP][PASSED] - username = findTestData(dataFile).getValue("UsernameQA", row): null

2023-02-15 23:05:14 - [TEST_STEP][PASSED] - password = findTestData(dataFile).getValue("PasswordQA", row): null

2023-02-15 23:05:14 - [TEST_STEP][PASSED] - break: null

2023-02-15 23:05:14 - [TEST_STEP][PASSED] - if (ExecuteTC.equalsIgnoreCase("Y")): null

2023-02-15 23:05:14 - [TEST_STEP][PASSED] - out.println("Begin Record Number: " + row): null

2023-02-15 23:05:14 - [TEST_STEP][PASSED] - today = new java.util.Date(): null

2023-02-15 23:05:14 - [TEST_STEP][PASSED] - println(today): null

2023-02-15 23:05:14 - [TEST_STEP][PASSED] - datText = today: null

2023-02-15 23:05:14 - [TEST_STEP][PASSED] - checkType = findTestData(dataFile).getValue("CheckType", row): null

2023-02-15 23:05:14 - [TEST_STEP][PASSED] - acNumber = findTestData(dataFile).getValue("AcNumber", row): null

2023-02-15 23:05:14 - [TEST_STEP][PASSED] - company = findTestData(dataFile).getValue("Company", row): null

2023-02-15 23:05:14 - [TEST_STEP][PASSED] - acType = findTestData(dataFile).getValue("AcType", row): null

2023-02-15 23:05:14 - [TEST_STEP][PASSED] - rtn = findTestData(dataFile).getValue("RTN", row): null

2023-02-15 23:05:14 - [TEST_STEP][PASSED] - amount = findTestData(dataFile).getValue("Amount", row): null

2023-02-15 23:05:14 - [TEST_STEP][PASSED] - sec = findTestData(dataFile).getValue("SEC", row): null

2023-02-15 23:05:14 - [TEST_STEP][PASSED] - openBrowser(VLinkURL + "debit.html"): Browser is opened with url: 'https://dev-algorithm.govolution.com/vlinktest/QA/version_2_0/debit.html'

2023-02-15 23:05:14 - [MESSAGE][WARNING] - A browser is already opened. Closing browser and opening a new one

2023-02-15 23:05:15 - [MESSAGE][INFO] - Starting 'Chrome' driver

2023-02-15 23:05:15 - [MESSAGE][INFO] - User set preference: ['acceptInsecureCerts', 'true']

2023-02-15 23:05:15 - [MESSAGE][INFO] - Action delay is set to 0 milliseconds

2023-02-15 23:05:17 - [MESSAGE][PASSED] - Browser is opened with url: 'https://dev-algorithm.govolution.com/vlinktest/QA/version_2_0/debit.html'

2023-02-15 23:05:17 - [TEST_STEP][PASSED] - maximizeWindow(): Current window maximized

2023-02-15 23:05:17 - [MESSAGE][PASSED] - Current window maximized

2023-02-15 23:05:17 - [TEST_STEP][PASSED] - genRemID = RandomStringUtils.random(12, true, true): null

2023-02-15 23:05:17 - [TEST_STEP][PASSED] - setText(findTestObject("RecAndPlayBk/Page-Vlink-Debit/input_Remittance Id"), genRemID): Text 'DqggrhN9fdpQ' is set on object 'Object Repository/RecAndPlayBk/Page-Vlink-Debit/input_Remittance Id'

2023-02-15 23:05:18 - [MESSAGE][PASSED] - Text 'DqggrhN9fdpQ' is set on object 'Object Repository/RecAndPlayBk/Page-Vlink-Debit/input_Remittance Id'

2023-02-15 23:05:18 - [TEST_STEP][PASSED] - setText(findTestObject("RecAndPlayBk/Page-Vlink-Debit/input_Application Id"), appID): Text '234' is set on object 'Object Repository/RecAndPlayBk/Page-Vlink-Debit/input_Application Id'

2023-02-15 23:05:19 - [MESSAGE][PASSED] - Text '234' is set on object 'Object Repository/RecAndPlayBk/Page-Vlink-Debit/input_Application Id'

2023-02-15 23:05:19 - [TEST_STEP][PASSED] - setText(findTestObject("RecAndPlayBk/Page-Vlink-Debit/input_Username"), username): Text 'username' is set on object 'Object Repository/RecAndPlayBk/Page-Vlink-Debit/input_Username'

2023-02-15 23:05:19 - [MESSAGE][PASSED] - Text 'username' is set on object 'Object Repository/RecAndPlayBk/Page-Vlink-Debit/input_Username'

2023-02-15 23:05:19 - [TEST_STEP][PASSED] - setText(findTestObject("RecAndPlayBk/Page-Vlink-Debit/input_Password"), password): Text 'password' is set on object 'Object Repository/RecAndPlayBk/Page-Vlink-Debit/input_Password'

2023-02-15 23:05:20 - [MESSAGE][PASSED] - Text 'password' is set on object 'Object Repository/RecAndPlayBk/Page-Vlink-Debit/input_Password'

2023-02-15 23:05:20 - [TEST_STEP][PASSED] - setText(findTestObject("RecAndPlayBk/Page-Vlink-Debit/input_Check Type"), checkType): Text 'P' is set on object 'Object Repository/RecAndPlayBk/Page-Vlink-Debit/input_Check Type'

2023-02-15 23:05:21 - [MESSAGE][PASSED] - Text 'P' is set on object 'Object Repository/RecAndPlayBk/Page-Vlink-Debit/input_Check Type'

2023-02-15 23:05:21 - [TEST_STEP][PASSED] - setText(findTestObject("RecAndPlayBk/Page-Vlink-Debit/input_Account_check"), acNumber): Text '58963214' is set on object 'Object Repository/RecAndPlayBk/Page-Vlink-Debit/input_Account_check'

2023-02-15 23:05:21 - [MESSAGE][PASSED] - Text '58963214' is set on object 'Object Repository/RecAndPlayBk/Page-Vlink-Debit/input_Account_check'

2023-02-15 23:05:21 - [TEST_STEP][PASSED] - setText(findTestObject("RecAndPlayBk/Page-Vlink-Debit/input_Company_check"), company): Text '' is set on object 'Object Repository/RecAndPlayBk/Page-Vlink-Debit/input_Company_check'

2023-02-15 23:05:22 - [MESSAGE][PASSED] - Text '' is set on object 'Object Repository/RecAndPlayBk/Page-Vlink-Debit/input_Company_check'

2023-02-15 23:05:22 - [TEST_STEP][PASSED] - setText(findTestObject("RecAndPlayBk/Page-Vlink-Debit/input_Account Type"), acType): Text '2' is set on object 'Object Repository/RecAndPlayBk/Page-Vlink-Debit/input_Account Type'

2023-02-15 23:05:22 - [MESSAGE][PASSED] - Text '2' is set on object 'Object Repository/RecAndPlayBk/Page-Vlink-Debit/input_Account Type'

2023-02-15 23:05:22 - [TEST_STEP][PASSED] - setText(findTestObject("RecAndPlayBk/Page-Vlink-Debit/input_Routing Number"), rtn): Text '256072691' is set on object 'Object Repository/RecAndPlayBk/Page-Vlink-Debit/input_Routing Number'

2023-02-15 23:05:23 - [MESSAGE][PASSED] - Text '256072691' is set on object 'Object Repository/RecAndPlayBk/Page-Vlink-Debit/input_Routing Number'

2023-02-15 23:05:23 - [TEST_STEP][PASSED] - setText(findTestObject("RecAndPlayBk/Page-Vlink-Debit/input_Amount"), amount): Text '12.50' is set on object 'Object Repository/RecAndPlayBk/Page-Vlink-Debit/input_Amount'

2023-02-15 23:05:24 - [MESSAGE][PASSED] - Text '12.50' is set on object 'Object Repository/RecAndPlayBk/Page-Vlink-Debit/input_Amount'

2023-02-15 23:05:24 - [TEST_STEP][PASSED] - setText(findTestObject("RecAndPlayBk/Page-Vlink-Debit/input_Check Email"), ""): Text '' is set on object 'Object Repository/RecAndPlayBk/Page-Vlink-Debit/input_Check Email'

2023-02-15 23:05:24 - [MESSAGE][PASSED] - Text '' is set on object 'Object Repository/RecAndPlayBk/Page-Vlink-Debit/input_Check Email'

2023-02-15 23:05:24 - [TEST_STEP][PASSED] - setText(findTestObject("Object Repository/RecAndPlayBk/Page-Vlink-Debit/input_concat(CheckWriter, , s SSN)_check_ssn"), ""): Text '' is set on object 'Object Repository/RecAndPlayBk/Page-Vlink-Debit/input_concat(CheckWriter, , s SSN)_check_ssn'

2023-02-15 23:05:25 - [MESSAGE][PASSED] - Text '' is set on object 'Object Repository/RecAndPlayBk/Page-Vlink-Debit/input_concat(CheckWriter, , s SSN)_check_ssn'

2023-02-15 23:05:25 - [TEST_STEP][PASSED] - setText(findTestObject("Object Repository/RecAndPlayBk/Page-Vlink-Debit/input_concat(CheckWriter, , s License Numbe_020fef"), ""): Text '' is set on object 'Object Repository/RecAndPlayBk/Page-Vlink-Debit/input_concat(CheckWriter, , s License Numbe_020fef'

2023-02-15 23:05:25 - [MESSAGE][PASSED] - Text '' is set on object 'Object Repository/RecAndPlayBk/Page-Vlink-Debit/input_concat(CheckWriter, , s License Numbe_020fef'

2023-02-15 23:05:25 - [TEST_STEP][PASSED] - setText(findTestObject("Object Repository/RecAndPlayBk/Page-Vlink-Debit/input_concat(CheckWriter, , s License State_21e3e7"), ""): Text '' is set on object 'Object Repository/RecAndPlayBk/Page-Vlink-Debit/input_concat(CheckWriter, , s License State_21e3e7'

2023-02-15 23:05:26 - [MESSAGE][PASSED] - Text '' is set on object 'Object Repository/RecAndPlayBk/Page-Vlink-Debit/input_concat(CheckWriter, , s License State_21e3e7'

2023-02-15 23:05:26 - [TEST_STEP][PASSED] - setText(findTestObject("RecAndPlayBk/Page-Vlink-Debit/input_Standard Entry Class"), sec): Text 'WEB' is set on object 'Object Repository/RecAndPlayBk/Page-Vlink-Debit/input_Standard Entry Class'

2023-02-15 23:05:27 - [MESSAGE][PASSED] - Text 'WEB' is set on object 'Object Repository/RecAndPlayBk/Page-Vlink-Debit/input_Standard Entry Class'

2023-02-15 23:05:27 - [TEST_STEP][PASSED] - click(findTestObject("Object Repository/RecAndPlayBk/Page-Vlink-Debit/input")): Object: 'Object Repository/RecAndPlayBk/Page-Vlink-Debit/input' is clicked on

2023-02-15 23:05:28 - [MESSAGE][PASSED] - Object: 'Object Repository/RecAndPlayBk/Page-Vlink-Debit/input' is clicked on

2023-02-15 23:05:28 - [TEST_STEP][PASSED] - if (verifyTextPresent("Transaction approved, no errors", true)): null

2023-02-15 23:05:28 - [MESSAGE][PASSED] - Text 'Transaction approved, no errors' is present on page  using regular expression

2023-02-15 23:05:28 - [TEST_STEP][PASSED] - println("Transaction Approved, no errors text is present on the Confirmation page"): null

2023-02-15 23:05:28 - [TEST_STEP][PASSED] - sdfo = getText(findTestObject("Object Repository/Page_VLinkReceipt/pre_STX")): Text of object 'Object Repository/Page_VLinkReceipt/pre_STX' is: '<STX>DqggrhN9fdpQ                  12126735            0  Transaction approved, no errors                   0                                                                                                              <ETX>'

2023-02-15 23:05:28 - [MESSAGE][PASSED] - Text of object 'Object Repository/Page_VLinkReceipt/pre_STX' is: '<STX>DqggrhN9fdpQ                  12126735            0  Transaction approved, no errors                   0                                                                                                              <ETX>'

2023-02-15 23:05:28 - [TEST_STEP][PASSED] - out.println("sdfo: " + sdfo): null

2023-02-15 23:05:28 - [TEST_STEP][PASSED] - remID = substring(5, 35).trim(): null

2023-02-15 23:05:28 - [TEST_STEP][PASSED] - out.println("remID: " + remID): null

2023-02-15 23:05:28 - [TEST_STEP][PASSED] - traxID = substring(35, 55).trim(): null

2023-02-15 23:05:28 - [TEST_STEP][PASSED] - out.println("traxID: " + traxID): null

2023-02-15 23:05:28 - [TEST_STEP][PASSED] - VLinkSaleRemID = remID: null

2023-02-15 23:05:28 - [TEST_STEP][PASSED] - VLinkSaleTranxID = traxID: null

2023-02-15 23:05:28 - [TEST_STEP][PASSED] - openBrowser(VLinkURL + "ACH_credit.html"): Browser is opened with url: 'https://dev-algorithm.govolution.com/vlinktest/QA/version_2_0/ACH_credit.html'

2023-02-15 23:05:28 - [MESSAGE][WARNING] - A browser is already opened. Closing browser and opening a new one

2023-02-15 23:05:29 - [MESSAGE][INFO] - Starting 'Chrome' driver

2023-02-15 23:05:29 - [MESSAGE][INFO] - User set preference: ['acceptInsecureCerts', 'true']

2023-02-15 23:05:29 - [MESSAGE][INFO] - Action delay is set to 0 milliseconds

2023-02-15 23:05:31 - [MESSAGE][PASSED] - Browser is opened with url: 'https://dev-algorithm.govolution.com/vlinktest/QA/version_2_0/ACH_credit.html'

2023-02-15 23:05:31 - [TEST_STEP][PASSED] - maximizeWindow(): Current window maximized

2023-02-15 23:05:31 - [MESSAGE][PASSED] - Current window maximized

2023-02-15 23:05:31 - [TEST_STEP][PASSED] - setText(findTestObject("Object Repository/RecAndPlayBk/Page-Vlink-ACH-Credit/input_Remittance Id"), VLinkSaleRemID): Text 'DqggrhN9fdpQ' is set on object 'Object Repository/RecAndPlayBk/Page-Vlink-ACH-Credit/input_Remittance Id'

2023-02-15 23:05:32 - [MESSAGE][PASSED] - Text 'DqggrhN9fdpQ' is set on object 'Object Repository/RecAndPlayBk/Page-Vlink-ACH-Credit/input_Remittance Id'

2023-02-15 23:05:32 - [TEST_STEP][PASSED] - setText(findTestObject("Object Repository/RecAndPlayBk/Page-Vlink-ACH-Credit/input_Application Id"), appID): Text '234' is set on object 'Object Repository/RecAndPlayBk/Page-Vlink-ACH-Credit/input_Application Id'

2023-02-15 23:05:32 - [MESSAGE][PASSED] - Text '234' is set on object 'Object Repository/RecAndPlayBk/Page-Vlink-ACH-Credit/input_Application Id'

2023-02-15 23:05:32 - [TEST_STEP][PASSED] - setText(findTestObject("Object Repository/RecAndPlayBk/Page-Vlink-ACH-Credit/input_Username"), username): Text 'username' is set on object 'Object Repository/RecAndPlayBk/Page-Vlink-ACH-Credit/input_Username'

2023-02-15 23:05:33 - [MESSAGE][PASSED] - Text 'username' is set on object 'Object Repository/RecAndPlayBk/Page-Vlink-ACH-Credit/input_Username'

2023-02-15 23:05:33 - [TEST_STEP][PASSED] - setText(findTestObject("Object Repository/RecAndPlayBk/Page-Vlink-ACH-Credit/input_Password"), password): Text 'password' is set on object 'Object Repository/RecAndPlayBk/Page-Vlink-ACH-Credit/input_Password'

2023-02-15 23:05:34 - [MESSAGE][PASSED] - Text 'password' is set on object 'Object Repository/RecAndPlayBk/Page-Vlink-ACH-Credit/input_Password'

2023-02-15 23:05:34 - [TEST_STEP][PASSED] - setText(findTestObject("Object Repository/RecAndPlayBk/Page-Vlink-ACH-Credit/input_Check Type"), checkType): Text 'P' is set on object 'Object Repository/RecAndPlayBk/Page-Vlink-ACH-Credit/input_Check Type'

2023-02-15 23:05:34 - [MESSAGE][PASSED] - Text 'P' is set on object 'Object Repository/RecAndPlayBk/Page-Vlink-ACH-Credit/input_Check Type'

2023-02-15 23:05:34 - [TEST_STEP][PASSED] - setText(findTestObject("Object Repository/RecAndPlayBk/Page-Vlink-ACH-Credit/input_Transaction ID"), VLinkSaleTranxID): Text '12126735' is set on object 'Object Repository/RecAndPlayBk/Page-Vlink-ACH-Credit/input_Transaction ID'

2023-02-15 23:05:35 - [MESSAGE][PASSED] - Text '12126735' is set on object 'Object Repository/RecAndPlayBk/Page-Vlink-ACH-Credit/input_Transaction ID'

2023-02-15 23:05:35 - [TEST_STEP][PASSED] - setText(findTestObject("Object Repository/RecAndPlayBk/Page-Vlink-ACH-Credit/input_Amount"), amount): Text '12.50' is set on object 'Object Repository/RecAndPlayBk/Page-Vlink-ACH-Credit/input_Amount'

2023-02-15 23:05:35 - [MESSAGE][PASSED] - Text '12.50' is set on object 'Object Repository/RecAndPlayBk/Page-Vlink-ACH-Credit/input_Amount'

2023-02-15 23:05:35 - [TEST_STEP][PASSED] - setText(findTestObject("Object Repository/RecAndPlayBk/Page-Vlink-ACH-Credit/input_Standard Entry Class"), sec): Text 'WEB' is set on object 'Object Repository/RecAndPlayBk/Page-Vlink-ACH-Credit/input_Standard Entry Class'

2023-02-15 23:05:36 - [MESSAGE][PASSED] - Text 'WEB' is set on object 'Object Repository/RecAndPlayBk/Page-Vlink-ACH-Credit/input_Standard Entry Class'

2023-02-15 23:05:36 - [TEST_STEP][PASSED] - setText(findTestObject("Object Repository/RecAndPlayBk/Page-Vlink-ACH-Credit/input_Account Number"), acNumber): Text '58963214' is set on object 'Object Repository/RecAndPlayBk/Page-Vlink-ACH-Credit/input_Account Number'

2023-02-15 23:05:37 - [MESSAGE][PASSED] - Text '58963214' is set on object 'Object Repository/RecAndPlayBk/Page-Vlink-ACH-Credit/input_Account Number'

2023-02-15 23:05:37 - [TEST_STEP][PASSED] - setText(findTestObject("Object Repository/RecAndPlayBk/Page-Vlink-ACH-Credit/input_Routing Number"), rtn): Text '256072691' is set on object 'Object Repository/RecAndPlayBk/Page-Vlink-ACH-Credit/input_Routing Number'

2023-02-15 23:05:37 - [MESSAGE][PASSED] - Text '256072691' is set on object 'Object Repository/RecAndPlayBk/Page-Vlink-ACH-Credit/input_Routing Number'

2023-02-15 23:05:37 - [TEST_STEP][PASSED] - click(findTestObject("Object Repository/RecAndPlayBk/Page-Vlink-ACH-Credit/input")): Object: 'Object Repository/RecAndPlayBk/Page-Vlink-ACH-Credit/input' is clicked on

2023-02-15 23:05:38 - [MESSAGE][PASSED] - Object: 'Object Repository/RecAndPlayBk/Page-Vlink-ACH-Credit/input' is clicked on

2023-02-15 23:05:38 - [TEST_STEP][PASSED] - if (verifyTextPresent("Transaction approved, no errors", true)): null

2023-02-15 23:05:38 - [MESSAGE][PASSED] - Text 'Transaction approved, no errors' is present on page  using regular expression

2023-02-15 23:05:38 - [TEST_STEP][PASSED] - println("Transaction Approved, no errors text is present on the Confirmation page"): null

2023-02-15 23:05:38 - [TEST_STEP][PASSED] - sdfo = getText(findTestObject("Object Repository/Page_VLinkReceipt/pre_STX")): Text of object 'Object Repository/Page_VLinkReceipt/pre_STX' is: '<STX>DqggrhN9fdpQ                  12126736            0  Transaction approved, no errors                   0                                                                                                              <ETX>'

2023-02-15 23:05:39 - [MESSAGE][PASSED] - Text of object 'Object Repository/Page_VLinkReceipt/pre_STX' is: '<STX>DqggrhN9fdpQ                  12126736            0  Transaction approved, no errors                   0                                                                                                              <ETX>'

2023-02-15 23:05:39 - [TEST_STEP][PASSED] - out.println("sdfo: " + sdfo): null

2023-02-15 23:05:39 - [TEST_STEP][PASSED] - remID = substring(5, 35).trim(): null

2023-02-15 23:05:39 - [TEST_STEP][PASSED] - out.println("remID: " + remID): null

2023-02-15 23:05:39 - [TEST_STEP][PASSED] - traxID = substring(35, 55).trim(): null

2023-02-15 23:05:39 - [TEST_STEP][PASSED] - out.println("traxID: " + traxID): null

2023-02-15 23:05:39 - [TEST_STEP][PASSED] - VLinkSaleRemID = remID: null

2023-02-15 23:05:39 - [TEST_STEP][PASSED] - VLinkSaleTranxID = traxID: null

2023-02-15 23:05:39 - [TEST_STEP][PASSED] - openBrowser(VLinkURL + "ACH_void.html"): Browser is opened with url: 'https://dev-algorithm.govolution.com/vlinktest/QA/version_2_0/ACH_void.html'

2023-02-15 23:05:39 - [MESSAGE][WARNING] - A browser is already opened. Closing browser and opening a new one

2023-02-15 23:05:40 - [MESSAGE][INFO] - Starting 'Chrome' driver

2023-02-15 23:05:40 - [MESSAGE][INFO] - User set preference: ['acceptInsecureCerts', 'true']

2023-02-15 23:05:40 - [MESSAGE][INFO] - Action delay is set to 0 milliseconds

2023-02-15 23:05:41 - [MESSAGE][PASSED] - Browser is opened with url: 'https://dev-algorithm.govolution.com/vlinktest/QA/version_2_0/ACH_void.html'

2023-02-15 23:05:41 - [TEST_STEP][PASSED] - maximizeWindow(): Current window maximized

2023-02-15 23:05:41 - [MESSAGE][PASSED] - Current window maximized

2023-02-15 23:05:41 - [TEST_STEP][PASSED] - setText(findTestObject("Object Repository/RecAndPlayBk/Page-Vlink-ACH-Void/input_Remittance Id"), VLinkSaleRemID): Text 'DqggrhN9fdpQ' is set on object 'Object Repository/RecAndPlayBk/Page-Vlink-ACH-Void/input_Remittance Id'

2023-02-15 23:05:42 - [MESSAGE][PASSED] - Text 'DqggrhN9fdpQ' is set on object 'Object Repository/RecAndPlayBk/Page-Vlink-ACH-Void/input_Remittance Id'

2023-02-15 23:05:42 - [TEST_STEP][PASSED] - setText(findTestObject("Object Repository/RecAndPlayBk/Page-Vlink-ACH-Void/input_Application Id"), appID): Text '234' is set on object 'Object Repository/RecAndPlayBk/Page-Vlink-ACH-Void/input_Application Id'

2023-02-15 23:05:43 - [MESSAGE][PASSED] - Text '234' is set on object 'Object Repository/RecAndPlayBk/Page-Vlink-ACH-Void/input_Application Id'

2023-02-15 23:05:43 - [TEST_STEP][PASSED] - setText(findTestObject("Object Repository/RecAndPlayBk/Page-Vlink-ACH-Void/input_Username"), username): Text 'username' is set on object 'Object Repository/RecAndPlayBk/Page-Vlink-ACH-Void/input_Username'

2023-02-15 23:05:43 - [MESSAGE][PASSED] - Text 'username' is set on object 'Object Repository/RecAndPlayBk/Page-Vlink-ACH-Void/input_Username'

2023-02-15 23:05:43 - [TEST_STEP][PASSED] - setText(findTestObject("Object Repository/RecAndPlayBk/Page-Vlink-ACH-Void/input_Password"), password): Text 'password' is set on object 'Object Repository/RecAndPlayBk/Page-Vlink-ACH-Void/input_Password'

2023-02-15 23:05:44 - [MESSAGE][PASSED] - Text 'password' is set on object 'Object Repository/RecAndPlayBk/Page-Vlink-ACH-Void/input_Password'

2023-02-15 23:05:44 - [TEST_STEP][PASSED] - setText(findTestObject("Object Repository/RecAndPlayBk/Page-Vlink-ACH-Void/input_Check Type"), checkType): Text 'P' is set on object 'Object Repository/RecAndPlayBk/Page-Vlink-ACH-Void/input_Check Type'

2023-02-15 23:05:45 - [MESSAGE][PASSED] - Text 'P' is set on object 'Object Repository/RecAndPlayBk/Page-Vlink-ACH-Void/input_Check Type'

2023-02-15 23:05:45 - [TEST_STEP][PASSED] - setText(findTestObject("Object Repository/RecAndPlayBk/Page-Vlink-ACH-Void/input_Standard Entry Class"), sec): Text 'WEB' is set on object 'Object Repository/RecAndPlayBk/Page-Vlink-ACH-Void/input_Standard Entry Class'

2023-02-15 23:05:45 - [MESSAGE][PASSED] - Text 'WEB' is set on object 'Object Repository/RecAndPlayBk/Page-Vlink-ACH-Void/input_Standard Entry Class'

2023-02-15 23:05:45 - [TEST_STEP][PASSED] - setText(findTestObject("Object Repository/RecAndPlayBk/Page-Vlink-ACH-Void/input_Transaction ID"), VLinkSaleTranxID): Text '12126736' is set on object 'Object Repository/RecAndPlayBk/Page-Vlink-ACH-Void/input_Transaction ID'

2023-02-15 23:05:46 - [MESSAGE][PASSED] - Text '12126736' is set on object 'Object Repository/RecAndPlayBk/Page-Vlink-ACH-Void/input_Transaction ID'

2023-02-15 23:05:46 - [TEST_STEP][PASSED] - setText(findTestObject("Object Repository/RecAndPlayBk/Page-Vlink-ACH-Void/input_Original Transaction Type"), "201"): Text '201' is set on object 'Object Repository/RecAndPlayBk/Page-Vlink-ACH-Void/input_Original Transaction Type'

2023-02-15 23:05:46 - [MESSAGE][PASSED] - Text '201' is set on object 'Object Repository/RecAndPlayBk/Page-Vlink-ACH-Void/input_Original Transaction Type'

2023-02-15 23:05:46 - [TEST_STEP][PASSED] - click(findTestObject("Object Repository/RecAndPlayBk/Page-Vlink-ACH-Void/input")): Object: 'Object Repository/RecAndPlayBk/Page-Vlink-ACH-Void/input' is clicked on

2023-02-15 23:05:47 - [MESSAGE][PASSED] - Object: 'Object Repository/RecAndPlayBk/Page-Vlink-ACH-Void/input' is clicked on

2023-02-15 23:05:47 - [TEST_STEP][PASSED] - if (verifyTextPresent("Transaction approved, no errors", true)): null

2023-02-15 23:05:48 - [MESSAGE][PASSED] - Text 'Transaction approved, no errors' is present on page  using regular expression

2023-02-15 23:05:48 - [TEST_STEP][PASSED] - println("Transaction Approved, no errors text is present on the Confirmation page"): null

2023-02-15 23:05:48 - [TEST_STEP][PASSED] - out.println("Pass Record Number: " + row): null

2023-02-15 23:05:48 - [TEST_STEP][PASSED] - resText = "Pass": null

2023-02-15 23:05:48 - [TEST_STEP][PASSED] - pages.WriteExcel.demoKey(resText, datText, resColumn, datCloumn, fileLoc, nameSheet, row): pages.WriteExcel.demoKey is PASSED

2023-02-15 23:05:48 - [MESSAGE][PASSED] - pages.WriteExcel.demoKey is PASSED

2023-02-15 23:05:48 - [TEST_STEP][PASSED] - ExecuteTC = findTestData(dataFile).getValue("Execute", row): null

2023-02-15 23:05:48 - [TEST_STEP][PASSED] - out.println("Value of Execute is : " + ExecuteTC): null

2023-02-15 23:05:48 - [TEST_STEP][PASSED] - switch (executionProfile): null

2023-02-15 23:05:48 - [TEST_STEP][PASSED] - case "QAProfile":: null

2023-02-15 23:05:48 - [TEST_STEP][PASSED] - appID = findTestData(dataFile).getValue("AppIDQA", row): null

2023-02-15 23:05:48 - [TEST_STEP][PASSED] - username = findTestData(dataFile).getValue("UsernameQA", row): null

2023-02-15 23:05:48 - [TEST_STEP][PASSED] - password = findTestData(dataFile).getValue("PasswordQA", row): null

2023-02-15 23:05:48 - [TEST_STEP][PASSED] - break: null

2023-02-15 23:05:48 - [TEST_STEP][PASSED] - if (ExecuteTC.equalsIgnoreCase("Y")): null

2023-02-15 23:05:48 - [TEST_STEP][PASSED] - out.println("Begin Record Number: " + row): null

2023-02-15 23:05:48 - [TEST_STEP][PASSED] - today = new java.util.Date(): null

2023-02-15 23:05:48 - [TEST_STEP][PASSED] - println(today): null

2023-02-15 23:05:48 - [TEST_STEP][PASSED] - datText = today: null

2023-02-15 23:05:48 - [TEST_STEP][PASSED] - checkType = findTestData(dataFile).getValue("CheckType", row): null

2023-02-15 23:05:48 - [TEST_STEP][PASSED] - acNumber = findTestData(dataFile).getValue("AcNumber", row): null

2023-02-15 23:05:48 - [TEST_STEP][PASSED] - company = findTestData(dataFile).getValue("Company", row): null

2023-02-15 23:05:48 - [TEST_STEP][PASSED] - acType = findTestData(dataFile).getValue("AcType", row): null

2023-02-15 23:05:48 - [TEST_STEP][PASSED] - rtn = findTestData(dataFile).getValue("RTN", row): null

2023-02-15 23:05:48 - [TEST_STEP][PASSED] - amount = findTestData(dataFile).getValue("Amount", row): null

2023-02-15 23:05:48 - [TEST_STEP][PASSED] - sec = findTestData(dataFile).getValue("SEC", row): null

2023-02-15 23:05:48 - [TEST_STEP][PASSED] - openBrowser(VLinkURL + "debit.html"): Browser is opened with url: 'https://dev-algorithm.govolution.com/vlinktest/QA/version_2_0/debit.html'

2023-02-15 23:05:48 - [MESSAGE][WARNING] - A browser is already opened. Closing browser and opening a new one

2023-02-15 23:05:49 - [MESSAGE][INFO] - Starting 'Chrome' driver

2023-02-15 23:05:49 - [MESSAGE][INFO] - User set preference: ['acceptInsecureCerts', 'true']

2023-02-15 23:05:49 - [MESSAGE][INFO] - Action delay is set to 0 milliseconds

2023-02-15 23:05:51 - [MESSAGE][PASSED] - Browser is opened with url: 'https://dev-algorithm.govolution.com/vlinktest/QA/version_2_0/debit.html'

2023-02-15 23:05:51 - [TEST_STEP][PASSED] - maximizeWindow(): Current window maximized

2023-02-15 23:05:51 - [MESSAGE][PASSED] - Current window maximized

2023-02-15 23:05:51 - [TEST_STEP][PASSED] - genRemID = RandomStringUtils.random(12, true, true): null

2023-02-15 23:05:51 - [TEST_STEP][PASSED] - setText(findTestObject("RecAndPlayBk/Page-Vlink-Debit/input_Remittance Id"), genRemID): Text 'NecovuXUlFXk' is set on object 'Object Repository/RecAndPlayBk/Page-Vlink-Debit/input_Remittance Id'

2023-02-15 23:05:52 - [MESSAGE][PASSED] - Text 'NecovuXUlFXk' is set on object 'Object Repository/RecAndPlayBk/Page-Vlink-Debit/input_Remittance Id'

2023-02-15 23:05:52 - [TEST_STEP][PASSED] - setText(findTestObject("RecAndPlayBk/Page-Vlink-Debit/input_Application Id"), appID): Text '234' is set on object 'Object Repository/RecAndPlayBk/Page-Vlink-Debit/input_Application Id'

2023-02-15 23:05:53 - [MESSAGE][PASSED] - Text '234' is set on object 'Object Repository/RecAndPlayBk/Page-Vlink-Debit/input_Application Id'

2023-02-15 23:05:53 - [TEST_STEP][PASSED] - setText(findTestObject("RecAndPlayBk/Page-Vlink-Debit/input_Username"), username): Text 'username' is set on object 'Object Repository/RecAndPlayBk/Page-Vlink-Debit/input_Username'

2023-02-15 23:05:53 - [MESSAGE][PASSED] - Text 'username' is set on object 'Object Repository/RecAndPlayBk/Page-Vlink-Debit/input_Username'

2023-02-15 23:05:53 - [TEST_STEP][PASSED] - setText(findTestObject("RecAndPlayBk/Page-Vlink-Debit/input_Password"), password): Text 'password' is set on object 'Object Repository/RecAndPlayBk/Page-Vlink-Debit/input_Password'

2023-02-15 23:05:54 - [MESSAGE][PASSED] - Text 'password' is set on object 'Object Repository/RecAndPlayBk/Page-Vlink-Debit/input_Password'

2023-02-15 23:05:54 - [TEST_STEP][PASSED] - setText(findTestObject("RecAndPlayBk/Page-Vlink-Debit/input_Check Type"), checkType): Text 'P' is set on object 'Object Repository/RecAndPlayBk/Page-Vlink-Debit/input_Check Type'

2023-02-15 23:05:55 - [MESSAGE][PASSED] - Text 'P' is set on object 'Object Repository/RecAndPlayBk/Page-Vlink-Debit/input_Check Type'

2023-02-15 23:05:55 - [TEST_STEP][PASSED] - setText(findTestObject("RecAndPlayBk/Page-Vlink-Debit/input_Account_check"), acNumber): Text '58963214' is set on object 'Object Repository/RecAndPlayBk/Page-Vlink-Debit/input_Account_check'

2023-02-15 23:05:55 - [MESSAGE][PASSED] - Text '58963214' is set on object 'Object Repository/RecAndPlayBk/Page-Vlink-Debit/input_Account_check'

2023-02-15 23:05:55 - [TEST_STEP][PASSED] - setText(findTestObject("RecAndPlayBk/Page-Vlink-Debit/input_Company_check"), company): Text '' is set on object 'Object Repository/RecAndPlayBk/Page-Vlink-Debit/input_Company_check'

2023-02-15 23:05:56 - [MESSAGE][PASSED] - Text '' is set on object 'Object Repository/RecAndPlayBk/Page-Vlink-Debit/input_Company_check'

2023-02-15 23:05:56 - [TEST_STEP][PASSED] - setText(findTestObject("RecAndPlayBk/Page-Vlink-Debit/input_Account Type"), acType): Text '2' is set on object 'Object Repository/RecAndPlayBk/Page-Vlink-Debit/input_Account Type'

2023-02-15 23:05:56 - [MESSAGE][PASSED] - Text '2' is set on object 'Object Repository/RecAndPlayBk/Page-Vlink-Debit/input_Account Type'

2023-02-15 23:05:56 - [TEST_STEP][PASSED] - setText(findTestObject("RecAndPlayBk/Page-Vlink-Debit/input_Routing Number"), rtn): Text '256072691' is set on object 'Object Repository/RecAndPlayBk/Page-Vlink-Debit/input_Routing Number'

2023-02-15 23:05:57 - [MESSAGE][PASSED] - Text '256072691' is set on object 'Object Repository/RecAndPlayBk/Page-Vlink-Debit/input_Routing Number'

2023-02-15 23:05:57 - [TEST_STEP][PASSED] - setText(findTestObject("RecAndPlayBk/Page-Vlink-Debit/input_Amount"), amount): Text '12.50' is set on object 'Object Repository/RecAndPlayBk/Page-Vlink-Debit/input_Amount'

2023-02-15 23:05:58 - [MESSAGE][PASSED] - Text '12.50' is set on object 'Object Repository/RecAndPlayBk/Page-Vlink-Debit/input_Amount'

2023-02-15 23:05:58 - [TEST_STEP][PASSED] - setText(findTestObject("RecAndPlayBk/Page-Vlink-Debit/input_Check Email"), ""): Text '' is set on object 'Object Repository/RecAndPlayBk/Page-Vlink-Debit/input_Check Email'

2023-02-15 23:05:58 - [MESSAGE][PASSED] - Text '' is set on object 'Object Repository/RecAndPlayBk/Page-Vlink-Debit/input_Check Email'

2023-02-15 23:05:58 - [TEST_STEP][PASSED] - setText(findTestObject("Object Repository/RecAndPlayBk/Page-Vlink-Debit/input_concat(CheckWriter, , s SSN)_check_ssn"), ""): Text '' is set on object 'Object Repository/RecAndPlayBk/Page-Vlink-Debit/input_concat(CheckWriter, , s SSN)_check_ssn'

2023-02-15 23:05:59 - [MESSAGE][PASSED] - Text '' is set on object 'Object Repository/RecAndPlayBk/Page-Vlink-Debit/input_concat(CheckWriter, , s SSN)_check_ssn'

2023-02-15 23:05:59 - [TEST_STEP][PASSED] - setText(findTestObject("Object Repository/RecAndPlayBk/Page-Vlink-Debit/input_concat(CheckWriter, , s License Numbe_020fef"), ""): Text '' is set on object 'Object Repository/RecAndPlayBk/Page-Vlink-Debit/input_concat(CheckWriter, , s License Numbe_020fef'

2023-02-15 23:05:59 - [MESSAGE][PASSED] - Text '' is set on object 'Object Repository/RecAndPlayBk/Page-Vlink-Debit/input_concat(CheckWriter, , s License Numbe_020fef'

2023-02-15 23:05:59 - [TEST_STEP][PASSED] - setText(findTestObject("Object Repository/RecAndPlayBk/Page-Vlink-Debit/input_concat(CheckWriter, , s License State_21e3e7"), ""): Text '' is set on object 'Object Repository/RecAndPlayBk/Page-Vlink-Debit/input_concat(CheckWriter, , s License State_21e3e7'

2023-02-15 23:06:00 - [MESSAGE][PASSED] - Text '' is set on object 'Object Repository/RecAndPlayBk/Page-Vlink-Debit/input_concat(CheckWriter, , s License State_21e3e7'

2023-02-15 23:06:00 - [TEST_STEP][PASSED] - setText(findTestObject("RecAndPlayBk/Page-Vlink-Debit/input_Standard Entry Class"), sec): Text 'TEL' is set on object 'Object Repository/RecAndPlayBk/Page-Vlink-Debit/input_Standard Entry Class'

2023-02-15 23:06:01 - [MESSAGE][PASSED] - Text 'TEL' is set on object 'Object Repository/RecAndPlayBk/Page-Vlink-Debit/input_Standard Entry Class'

2023-02-15 23:06:01 - [TEST_STEP][PASSED] - click(findTestObject("Object Repository/RecAndPlayBk/Page-Vlink-Debit/input")): Object: 'Object Repository/RecAndPlayBk/Page-Vlink-Debit/input' is clicked on

2023-02-15 23:06:02 - [MESSAGE][PASSED] - Object: 'Object Repository/RecAndPlayBk/Page-Vlink-Debit/input' is clicked on

2023-02-15 23:06:02 - [TEST_STEP][PASSED] - if (verifyTextPresent("Transaction approved, no errors", true)): null

2023-02-15 23:06:02 - [MESSAGE][PASSED] - Text 'Transaction approved, no errors' is present on page  using regular expression

2023-02-15 23:06:02 - [TEST_STEP][PASSED] - println("Transaction Approved, no errors text is present on the Confirmation page"): null

2023-02-15 23:06:02 - [TEST_STEP][PASSED] - sdfo = getText(findTestObject("Object Repository/Page_VLinkReceipt/pre_STX")): Text of object 'Object Repository/Page_VLinkReceipt/pre_STX' is: '<STX>NecovuXUlFXk                  12126738            0  Transaction approved, no errors                   0                                                                                                              <ETX>'

2023-02-15 23:06:02 - [MESSAGE][PASSED] - Text of object 'Object Repository/Page_VLinkReceipt/pre_STX' is: '<STX>NecovuXUlFXk                  12126738            0  Transaction approved, no errors                   0                                                                                                              <ETX>'

2023-02-15 23:06:02 - [TEST_STEP][PASSED] - out.println("sdfo: " + sdfo): null

2023-02-15 23:06:02 - [TEST_STEP][PASSED] - remID = substring(5, 35).trim(): null

2023-02-15 23:06:02 - [TEST_STEP][PASSED] - out.println("remID: " + remID): null

2023-02-15 23:06:02 - [TEST_STEP][PASSED] - traxID = substring(35, 55).trim(): null

2023-02-15 23:06:02 - [TEST_STEP][PASSED] - out.println("traxID: " + traxID): null

2023-02-15 23:06:02 - [TEST_STEP][PASSED] - VLinkSaleRemID = remID: null

2023-02-15 23:06:02 - [TEST_STEP][PASSED] - VLinkSaleTranxID = traxID: null

2023-02-15 23:06:02 - [TEST_STEP][PASSED] - openBrowser(VLinkURL + "ACH_credit.html"): Browser is opened with url: 'https://dev-algorithm.govolution.com/vlinktest/QA/version_2_0/ACH_credit.html'

2023-02-15 23:06:02 - [MESSAGE][WARNING] - A browser is already opened. Closing browser and opening a new one

2023-02-15 23:06:03 - [MESSAGE][INFO] - Starting 'Chrome' driver

2023-02-15 23:06:03 - [MESSAGE][INFO] - User set preference: ['acceptInsecureCerts', 'true']

2023-02-15 23:06:03 - [MESSAGE][INFO] - Action delay is set to 0 milliseconds

2023-02-15 23:06:05 - [MESSAGE][PASSED] - Browser is opened with url: 'https://dev-algorithm.govolution.com/vlinktest/QA/version_2_0/ACH_credit.html'

2023-02-15 23:06:05 - [TEST_STEP][PASSED] - maximizeWindow(): Current window maximized

2023-02-15 23:06:05 - [MESSAGE][PASSED] - Current window maximized

2023-02-15 23:06:05 - [TEST_STEP][PASSED] - setText(findTestObject("Object Repository/RecAndPlayBk/Page-Vlink-ACH-Credit/input_Remittance Id"), VLinkSaleRemID): Text 'NecovuXUlFXk' is set on object 'Object Repository/RecAndPlayBk/Page-Vlink-ACH-Credit/input_Remittance Id'

2023-02-15 23:06:06 - [MESSAGE][PASSED] - Text 'NecovuXUlFXk' is set on object 'Object Repository/RecAndPlayBk/Page-Vlink-ACH-Credit/input_Remittance Id'

2023-02-15 23:06:06 - [TEST_STEP][PASSED] - setText(findTestObject("Object Repository/RecAndPlayBk/Page-Vlink-ACH-Credit/input_Application Id"), appID): Text '234' is set on object 'Object Repository/RecAndPlayBk/Page-Vlink-ACH-Credit/input_Application Id'

2023-02-15 23:06:07 - [MESSAGE][PASSED] - Text '234' is set on object 'Object Repository/RecAndPlayBk/Page-Vlink-ACH-Credit/input_Application Id'

2023-02-15 23:06:07 - [TEST_STEP][PASSED] - setText(findTestObject("Object Repository/RecAndPlayBk/Page-Vlink-ACH-Credit/input_Username"), username): Text 'username' is set on object 'Object Repository/RecAndPlayBk/Page-Vlink-ACH-Credit/input_Username'

2023-02-15 23:06:07 - [MESSAGE][PASSED] - Text 'username' is set on object 'Object Repository/RecAndPlayBk/Page-Vlink-ACH-Credit/input_Username'

2023-02-15 23:06:07 - [TEST_STEP][PASSED] - setText(findTestObject("Object Repository/RecAndPlayBk/Page-Vlink-ACH-Credit/input_Password"), password): Text 'password' is set on object 'Object Repository/RecAndPlayBk/Page-Vlink-ACH-Credit/input_Password'

2023-02-15 23:06:08 - [MESSAGE][PASSED] - Text 'password' is set on object 'Object Repository/RecAndPlayBk/Page-Vlink-ACH-Credit/input_Password'

2023-02-15 23:06:08 - [TEST_STEP][PASSED] - setText(findTestObject("Object Repository/RecAndPlayBk/Page-Vlink-ACH-Credit/input_Check Type"), checkType): Text 'P' is set on object 'Object Repository/RecAndPlayBk/Page-Vlink-ACH-Credit/input_Check Type'

2023-02-15 23:06:09 - [MESSAGE][PASSED] - Text 'P' is set on object 'Object Repository/RecAndPlayBk/Page-Vlink-ACH-Credit/input_Check Type'

2023-02-15 23:06:09 - [TEST_STEP][PASSED] - setText(findTestObject("Object Repository/RecAndPlayBk/Page-Vlink-ACH-Credit/input_Transaction ID"), VLinkSaleTranxID): Text '12126738' is set on object 'Object Repository/RecAndPlayBk/Page-Vlink-ACH-Credit/input_Transaction ID'

2023-02-15 23:06:09 - [MESSAGE][PASSED] - Text '12126738' is set on object 'Object Repository/RecAndPlayBk/Page-Vlink-ACH-Credit/input_Transaction ID'

2023-02-15 23:06:09 - [TEST_STEP][PASSED] - setText(findTestObject("Object Repository/RecAndPlayBk/Page-Vlink-ACH-Credit/input_Amount"), amount): Text '12.50' is set on object 'Object Repository/RecAndPlayBk/Page-Vlink-ACH-Credit/input_Amount'

2023-02-15 23:06:10 - [MESSAGE][PASSED] - Text '12.50' is set on object 'Object Repository/RecAndPlayBk/Page-Vlink-ACH-Credit/input_Amount'

2023-02-15 23:06:10 - [TEST_STEP][PASSED] - setText(findTestObject("Object Repository/RecAndPlayBk/Page-Vlink-ACH-Credit/input_Standard Entry Class"), sec): Text 'TEL' is set on object 'Object Repository/RecAndPlayBk/Page-Vlink-ACH-Credit/input_Standard Entry Class'

2023-02-15 23:06:11 - [MESSAGE][PASSED] - Text 'TEL' is set on object 'Object Repository/RecAndPlayBk/Page-Vlink-ACH-Credit/input_Standard Entry Class'

2023-02-15 23:06:11 - [TEST_STEP][PASSED] - setText(findTestObject("Object Repository/RecAndPlayBk/Page-Vlink-ACH-Credit/input_Account Number"), acNumber): Text '58963214' is set on object 'Object Repository/RecAndPlayBk/Page-Vlink-ACH-Credit/input_Account Number'

2023-02-15 23:06:11 - [MESSAGE][PASSED] - Text '58963214' is set on object 'Object Repository/RecAndPlayBk/Page-Vlink-ACH-Credit/input_Account Number'

2023-02-15 23:06:11 - [TEST_STEP][PASSED] - setText(findTestObject("Object Repository/RecAndPlayBk/Page-Vlink-ACH-Credit/input_Routing Number"), rtn): Text '256072691' is set on object 'Object Repository/RecAndPlayBk/Page-Vlink-ACH-Credit/input_Routing Number'

2023-02-15 23:06:12 - [MESSAGE][PASSED] - Text '256072691' is set on object 'Object Repository/RecAndPlayBk/Page-Vlink-ACH-Credit/input_Routing Number'

2023-02-15 23:06:12 - [TEST_STEP][PASSED] - click(findTestObject("Object Repository/RecAndPlayBk/Page-Vlink-ACH-Credit/input")): Object: 'Object Repository/RecAndPlayBk/Page-Vlink-ACH-Credit/input' is clicked on

2023-02-15 23:06:13 - [MESSAGE][PASSED] - Object: 'Object Repository/RecAndPlayBk/Page-Vlink-ACH-Credit/input' is clicked on

2023-02-15 23:06:13 - [TEST_STEP][PASSED] - if (verifyTextPresent("Transaction approved, no errors", true)): null

2023-02-15 23:06:13 - [MESSAGE][PASSED] - Text 'Transaction approved, no errors' is present on page  using regular expression

2023-02-15 23:06:13 - [TEST_STEP][PASSED] - println("Transaction Approved, no errors text is present on the Confirmation page"): null

2023-02-15 23:06:13 - [TEST_STEP][PASSED] - sdfo = getText(findTestObject("Object Repository/Page_VLinkReceipt/pre_STX")): Text of object 'Object Repository/Page_VLinkReceipt/pre_STX' is: '<STX>NecovuXUlFXk                  12126739            0  Transaction approved, no errors                   0                                                                                                              <ETX>'

2023-02-15 23:06:13 - [MESSAGE][PASSED] - Text of object 'Object Repository/Page_VLinkReceipt/pre_STX' is: '<STX>NecovuXUlFXk                  12126739            0  Transaction approved, no errors                   0                                                                                                              <ETX>'

2023-02-15 23:06:13 - [TEST_STEP][PASSED] - out.println("sdfo: " + sdfo): null

2023-02-15 23:06:13 - [TEST_STEP][PASSED] - remID = substring(5, 35).trim(): null

2023-02-15 23:06:13 - [TEST_STEP][PASSED] - out.println("remID: " + remID): null

2023-02-15 23:06:13 - [TEST_STEP][PASSED] - traxID = substring(35, 55).trim(): null

2023-02-15 23:06:13 - [TEST_STEP][PASSED] - out.println("traxID: " + traxID): null

2023-02-15 23:06:13 - [TEST_STEP][PASSED] - VLinkSaleRemID = remID: null

2023-02-15 23:06:13 - [TEST_STEP][PASSED] - VLinkSaleTranxID = traxID: null

2023-02-15 23:06:13 - [TEST_STEP][PASSED] - openBrowser(VLinkURL + "ACH_void.html"): Browser is opened with url: 'https://dev-algorithm.govolution.com/vlinktest/QA/version_2_0/ACH_void.html'

2023-02-15 23:06:13 - [MESSAGE][WARNING] - A browser is already opened. Closing browser and opening a new one

2023-02-15 23:06:14 - [MESSAGE][INFO] - Starting 'Chrome' driver

2023-02-15 23:06:14 - [MESSAGE][INFO] - User set preference: ['acceptInsecureCerts', 'true']

2023-02-15 23:06:14 - [MESSAGE][INFO] - Action delay is set to 0 milliseconds

2023-02-15 23:06:16 - [MESSAGE][PASSED] - Browser is opened with url: 'https://dev-algorithm.govolution.com/vlinktest/QA/version_2_0/ACH_void.html'

2023-02-15 23:06:16 - [TEST_STEP][PASSED] - maximizeWindow(): Current window maximized

2023-02-15 23:06:16 - [MESSAGE][PASSED] - Current window maximized

2023-02-15 23:06:16 - [TEST_STEP][PASSED] - setText(findTestObject("Object Repository/RecAndPlayBk/Page-Vlink-ACH-Void/input_Remittance Id"), VLinkSaleRemID): Text 'NecovuXUlFXk' is set on object 'Object Repository/RecAndPlayBk/Page-Vlink-ACH-Void/input_Remittance Id'

2023-02-15 23:06:17 - [MESSAGE][PASSED] - Text 'NecovuXUlFXk' is set on object 'Object Repository/RecAndPlayBk/Page-Vlink-ACH-Void/input_Remittance Id'

2023-02-15 23:06:17 - [TEST_STEP][PASSED] - setText(findTestObject("Object Repository/RecAndPlayBk/Page-Vlink-ACH-Void/input_Application Id"), appID): Text '234' is set on object 'Object Repository/RecAndPlayBk/Page-Vlink-ACH-Void/input_Application Id'

2023-02-15 23:06:18 - [MESSAGE][PASSED] - Text '234' is set on object 'Object Repository/RecAndPlayBk/Page-Vlink-ACH-Void/input_Application Id'

2023-02-15 23:06:18 - [TEST_STEP][PASSED] - setText(findTestObject("Object Repository/RecAndPlayBk/Page-Vlink-ACH-Void/input_Username"), username): Text 'username' is set on object 'Object Repository/RecAndPlayBk/Page-Vlink-ACH-Void/input_Username'

2023-02-15 23:06:18 - [MESSAGE][PASSED] - Text 'username' is set on object 'Object Repository/RecAndPlayBk/Page-Vlink-ACH-Void/input_Username'

2023-02-15 23:06:18 - [TEST_STEP][PASSED] - setText(findTestObject("Object Repository/RecAndPlayBk/Page-Vlink-ACH-Void/input_Password"), password): Text 'password' is set on object 'Object Repository/RecAndPlayBk/Page-Vlink-ACH-Void/input_Password'

2023-02-15 23:06:19 - [MESSAGE][PASSED] - Text 'password' is set on object 'Object Repository/RecAndPlayBk/Page-Vlink-ACH-Void/input_Password'

2023-02-15 23:06:19 - [TEST_STEP][PASSED] - setText(findTestObject("Object Repository/RecAndPlayBk/Page-Vlink-ACH-Void/input_Check Type"), checkType): Text 'P' is set on object 'Object Repository/RecAndPlayBk/Page-Vlink-ACH-Void/input_Check Type'

2023-02-15 23:06:20 - [MESSAGE][PASSED] - Text 'P' is set on object 'Object Repository/RecAndPlayBk/Page-Vlink-ACH-Void/input_Check Type'

2023-02-15 23:06:20 - [TEST_STEP][PASSED] - setText(findTestObject("Object Repository/RecAndPlayBk/Page-Vlink-ACH-Void/input_Standard Entry Class"), sec): Text 'TEL' is set on object 'Object Repository/RecAndPlayBk/Page-Vlink-ACH-Void/input_Standard Entry Class'

2023-02-15 23:06:20 - [MESSAGE][PASSED] - Text 'TEL' is set on object 'Object Repository/RecAndPlayBk/Page-Vlink-ACH-Void/input_Standard Entry Class'

2023-02-15 23:06:20 - [TEST_STEP][PASSED] - setText(findTestObject("Object Repository/RecAndPlayBk/Page-Vlink-ACH-Void/input_Transaction ID"), VLinkSaleTranxID): Text '12126739' is set on object 'Object Repository/RecAndPlayBk/Page-Vlink-ACH-Void/input_Transaction ID'

2023-02-15 23:06:21 - [MESSAGE][PASSED] - Text '12126739' is set on object 'Object Repository/RecAndPlayBk/Page-Vlink-ACH-Void/input_Transaction ID'

2023-02-15 23:06:21 - [TEST_STEP][PASSED] - setText(findTestObject("Object Repository/RecAndPlayBk/Page-Vlink-ACH-Void/input_Original Transaction Type"), "201"): Text '201' is set on object 'Object Repository/RecAndPlayBk/Page-Vlink-ACH-Void/input_Original Transaction Type'

2023-02-15 23:06:21 - [MESSAGE][PASSED] - Text '201' is set on object 'Object Repository/RecAndPlayBk/Page-Vlink-ACH-Void/input_Original Transaction Type'

2023-02-15 23:06:21 - [TEST_STEP][PASSED] - click(findTestObject("Object Repository/RecAndPlayBk/Page-Vlink-ACH-Void/input")): Object: 'Object Repository/RecAndPlayBk/Page-Vlink-ACH-Void/input' is clicked on

2023-02-15 23:06:22 - [MESSAGE][PASSED] - Object: 'Object Repository/RecAndPlayBk/Page-Vlink-ACH-Void/input' is clicked on

2023-02-15 23:06:22 - [TEST_STEP][PASSED] - if (verifyTextPresent("Transaction approved, no errors", true)): null

2023-02-15 23:06:23 - [MESSAGE][PASSED] - Text 'Transaction approved, no errors' is present on page  using regular expression

2023-02-15 23:06:23 - [TEST_STEP][PASSED] - println("Transaction Approved, no errors text is present on the Confirmation page"): null

2023-02-15 23:06:23 - [TEST_STEP][PASSED] - out.println("Pass Record Number: " + row): null

2023-02-15 23:06:23 - [TEST_STEP][PASSED] - resText = "Pass": null

2023-02-15 23:06:23 - [TEST_STEP][PASSED] - pages.WriteExcel.demoKey(resText, datText, resColumn, datCloumn, fileLoc, nameSheet, row): pages.WriteExcel.demoKey is PASSED

2023-02-15 23:06:23 - [MESSAGE][PASSED] - pages.WriteExcel.demoKey is PASSED

2023-02-15 23:06:23 - [TEST_STEP][PASSED] - ExecuteTC = findTestData(dataFile).getValue("Execute", row): null

2023-02-15 23:06:23 - [TEST_STEP][PASSED] - out.println("Value of Execute is : " + ExecuteTC): null

2023-02-15 23:06:23 - [TEST_STEP][PASSED] - switch (executionProfile): null

2023-02-15 23:06:23 - [TEST_STEP][PASSED] - case "QAProfile":: null

2023-02-15 23:06:23 - [TEST_STEP][PASSED] - appID = findTestData(dataFile).getValue("AppIDQA", row): null

2023-02-15 23:06:23 - [TEST_STEP][PASSED] - username = findTestData(dataFile).getValue("UsernameQA", row): null

2023-02-15 23:06:23 - [TEST_STEP][PASSED] - password = findTestData(dataFile).getValue("PasswordQA", row): null

2023-02-15 23:06:23 - [TEST_STEP][PASSED] - break: null

2023-02-15 23:06:23 - [TEST_STEP][PASSED] - if (ExecuteTC.equalsIgnoreCase("Y")): null

2023-02-15 23:06:23 - [TEST_STEP][PASSED] - out.println("Begin Record Number: " + row): null

2023-02-15 23:06:23 - [TEST_STEP][PASSED] - today = new java.util.Date(): null

2023-02-15 23:06:23 - [TEST_STEP][PASSED] - println(today): null

2023-02-15 23:06:23 - [TEST_STEP][PASSED] - datText = today: null

2023-02-15 23:06:23 - [TEST_STEP][PASSED] - checkType = findTestData(dataFile).getValue("CheckType", row): null

2023-02-15 23:06:23 - [TEST_STEP][PASSED] - acNumber = findTestData(dataFile).getValue("AcNumber", row): null

2023-02-15 23:06:23 - [TEST_STEP][PASSED] - company = findTestData(dataFile).getValue("Company", row): null

2023-02-15 23:06:23 - [TEST_STEP][PASSED] - acType = findTestData(dataFile).getValue("AcType", row): null

2023-02-15 23:06:23 - [TEST_STEP][PASSED] - rtn = findTestData(dataFile).getValue("RTN", row): null

2023-02-15 23:06:23 - [TEST_STEP][PASSED] - amount = findTestData(dataFile).getValue("Amount", row): null

2023-02-15 23:06:23 - [TEST_STEP][PASSED] - sec = findTestData(dataFile).getValue("SEC", row): null

2023-02-15 23:06:23 - [TEST_STEP][PASSED] - openBrowser(VLinkURL + "debit.html"): Browser is opened with url: 'https://dev-algorithm.govolution.com/vlinktest/QA/version_2_0/debit.html'

2023-02-15 23:06:23 - [MESSAGE][WARNING] - A browser is already opened. Closing browser and opening a new one

2023-02-15 23:06:24 - [MESSAGE][INFO] - Starting 'Chrome' driver

2023-02-15 23:06:24 - [MESSAGE][INFO] - User set preference: ['acceptInsecureCerts', 'true']

2023-02-15 23:06:24 - [MESSAGE][INFO] - Action delay is set to 0 milliseconds

2023-02-15 23:06:26 - [MESSAGE][PASSED] - Browser is opened with url: 'https://dev-algorithm.govolution.com/vlinktest/QA/version_2_0/debit.html'

2023-02-15 23:06:26 - [TEST_STEP][PASSED] - maximizeWindow(): Current window maximized

2023-02-15 23:06:26 - [MESSAGE][PASSED] - Current window maximized

2023-02-15 23:06:26 - [TEST_STEP][PASSED] - genRemID = RandomStringUtils.random(12, true, true): null

2023-02-15 23:06:26 - [TEST_STEP][PASSED] - setText(findTestObject("RecAndPlayBk/Page-Vlink-Debit/input_Remittance Id"), genRemID): Text 'NwgMz27bdDkS' is set on object 'Object Repository/RecAndPlayBk/Page-Vlink-Debit/input_Remittance Id'

2023-02-15 23:06:27 - [MESSAGE][PASSED] - Text 'NwgMz27bdDkS' is set on object 'Object Repository/RecAndPlayBk/Page-Vlink-Debit/input_Remittance Id'

2023-02-15 23:06:27 - [TEST_STEP][PASSED] - setText(findTestObject("RecAndPlayBk/Page-Vlink-Debit/input_Application Id"), appID): Text '234' is set on object 'Object Repository/RecAndPlayBk/Page-Vlink-Debit/input_Application Id'

2023-02-15 23:06:28 - [MESSAGE][PASSED] - Text '234' is set on object 'Object Repository/RecAndPlayBk/Page-Vlink-Debit/input_Application Id'

2023-02-15 23:06:28 - [TEST_STEP][PASSED] - setText(findTestObject("RecAndPlayBk/Page-Vlink-Debit/input_Username"), username): Text 'username' is set on object 'Object Repository/RecAndPlayBk/Page-Vlink-Debit/input_Username'

2023-02-15 23:06:28 - [MESSAGE][PASSED] - Text 'username' is set on object 'Object Repository/RecAndPlayBk/Page-Vlink-Debit/input_Username'

2023-02-15 23:06:28 - [TEST_STEP][PASSED] - setText(findTestObject("RecAndPlayBk/Page-Vlink-Debit/input_Password"), password): Text 'password' is set on object 'Object Repository/RecAndPlayBk/Page-Vlink-Debit/input_Password'

2023-02-15 23:06:29 - [MESSAGE][PASSED] - Text 'password' is set on object 'Object Repository/RecAndPlayBk/Page-Vlink-Debit/input_Password'

2023-02-15 23:06:29 - [TEST_STEP][PASSED] - setText(findTestObject("RecAndPlayBk/Page-Vlink-Debit/input_Check Type"), checkType): Text 'P' is set on object 'Object Repository/RecAndPlayBk/Page-Vlink-Debit/input_Check Type'

2023-02-15 23:06:30 - [MESSAGE][PASSED] - Text 'P' is set on object 'Object Repository/RecAndPlayBk/Page-Vlink-Debit/input_Check Type'

2023-02-15 23:06:30 - [TEST_STEP][PASSED] - setText(findTestObject("RecAndPlayBk/Page-Vlink-Debit/input_Account_check"), acNumber): Text '58963214' is set on object 'Object Repository/RecAndPlayBk/Page-Vlink-Debit/input_Account_check'

2023-02-15 23:06:30 - [MESSAGE][PASSED] - Text '58963214' is set on object 'Object Repository/RecAndPlayBk/Page-Vlink-Debit/input_Account_check'

2023-02-15 23:06:30 - [TEST_STEP][PASSED] - setText(findTestObject("RecAndPlayBk/Page-Vlink-Debit/input_Company_check"), company): Text '' is set on object 'Object Repository/RecAndPlayBk/Page-Vlink-Debit/input_Company_check'

2023-02-15 23:06:31 - [MESSAGE][PASSED] - Text '' is set on object 'Object Repository/RecAndPlayBk/Page-Vlink-Debit/input_Company_check'

2023-02-15 23:06:31 - [TEST_STEP][PASSED] - setText(findTestObject("RecAndPlayBk/Page-Vlink-Debit/input_Account Type"), acType): Text '2' is set on object 'Object Repository/RecAndPlayBk/Page-Vlink-Debit/input_Account Type'

2023-02-15 23:06:31 - [MESSAGE][PASSED] - Text '2' is set on object 'Object Repository/RecAndPlayBk/Page-Vlink-Debit/input_Account Type'

2023-02-15 23:06:31 - [TEST_STEP][PASSED] - setText(findTestObject("RecAndPlayBk/Page-Vlink-Debit/input_Routing Number"), rtn): Text '256072691' is set on object 'Object Repository/RecAndPlayBk/Page-Vlink-Debit/input_Routing Number'

2023-02-15 23:06:32 - [MESSAGE][PASSED] - Text '256072691' is set on object 'Object Repository/RecAndPlayBk/Page-Vlink-Debit/input_Routing Number'

2023-02-15 23:06:32 - [TEST_STEP][PASSED] - setText(findTestObject("RecAndPlayBk/Page-Vlink-Debit/input_Amount"), amount): Text '12.50' is set on object 'Object Repository/RecAndPlayBk/Page-Vlink-Debit/input_Amount'

2023-02-15 23:06:33 - [MESSAGE][PASSED] - Text '12.50' is set on object 'Object Repository/RecAndPlayBk/Page-Vlink-Debit/input_Amount'

2023-02-15 23:06:33 - [TEST_STEP][PASSED] - setText(findTestObject("RecAndPlayBk/Page-Vlink-Debit/input_Check Email"), ""): Text '' is set on object 'Object Repository/RecAndPlayBk/Page-Vlink-Debit/input_Check Email'

2023-02-15 23:06:33 - [MESSAGE][PASSED] - Text '' is set on object 'Object Repository/RecAndPlayBk/Page-Vlink-Debit/input_Check Email'

2023-02-15 23:06:33 - [TEST_STEP][PASSED] - setText(findTestObject("Object Repository/RecAndPlayBk/Page-Vlink-Debit/input_concat(CheckWriter, , s SSN)_check_ssn"), ""): Text '' is set on object 'Object Repository/RecAndPlayBk/Page-Vlink-Debit/input_concat(CheckWriter, , s SSN)_check_ssn'

2023-02-15 23:06:34 - [MESSAGE][PASSED] - Text '' is set on object 'Object Repository/RecAndPlayBk/Page-Vlink-Debit/input_concat(CheckWriter, , s SSN)_check_ssn'

2023-02-15 23:06:34 - [TEST_STEP][PASSED] - setText(findTestObject("Object Repository/RecAndPlayBk/Page-Vlink-Debit/input_concat(CheckWriter, , s License Numbe_020fef"), ""): Text '' is set on object 'Object Repository/RecAndPlayBk/Page-Vlink-Debit/input_concat(CheckWriter, , s License Numbe_020fef'

2023-02-15 23:06:34 - [MESSAGE][PASSED] - Text '' is set on object 'Object Repository/RecAndPlayBk/Page-Vlink-Debit/input_concat(CheckWriter, , s License Numbe_020fef'

2023-02-15 23:06:34 - [TEST_STEP][PASSED] - setText(findTestObject("Object Repository/RecAndPlayBk/Page-Vlink-Debit/input_concat(CheckWriter, , s License State_21e3e7"), ""): Text '' is set on object 'Object Repository/RecAndPlayBk/Page-Vlink-Debit/input_concat(CheckWriter, , s License State_21e3e7'

2023-02-15 23:06:35 - [MESSAGE][PASSED] - Text '' is set on object 'Object Repository/RecAndPlayBk/Page-Vlink-Debit/input_concat(CheckWriter, , s License State_21e3e7'

2023-02-15 23:06:35 - [TEST_STEP][PASSED] - setText(findTestObject("RecAndPlayBk/Page-Vlink-Debit/input_Standard Entry Class"), sec): Text 'PPD' is set on object 'Object Repository/RecAndPlayBk/Page-Vlink-Debit/input_Standard Entry Class'

2023-02-15 23:06:36 - [MESSAGE][PASSED] - Text 'PPD' is set on object 'Object Repository/RecAndPlayBk/Page-Vlink-Debit/input_Standard Entry Class'

2023-02-15 23:06:36 - [TEST_STEP][PASSED] - click(findTestObject("Object Repository/RecAndPlayBk/Page-Vlink-Debit/input")): Object: 'Object Repository/RecAndPlayBk/Page-Vlink-Debit/input' is clicked on

2023-02-15 23:06:37 - [MESSAGE][PASSED] - Object: 'Object Repository/RecAndPlayBk/Page-Vlink-Debit/input' is clicked on

2023-02-15 23:06:37 - [TEST_STEP][PASSED] - if (verifyTextPresent("Transaction approved, no errors", true)): null

2023-02-15 23:06:37 - [MESSAGE][PASSED] - Text 'Transaction approved, no errors' is present on page  using regular expression

2023-02-15 23:06:37 - [TEST_STEP][PASSED] - println("Transaction Approved, no errors text is present on the Confirmation page"): null

2023-02-15 23:06:37 - [TEST_STEP][PASSED] - sdfo = getText(findTestObject("Object Repository/Page_VLinkReceipt/pre_STX")): Text of object 'Object Repository/Page_VLinkReceipt/pre_STX' is: '<STX>NwgMz27bdDkS                  12126741            0  Transaction approved, no errors                   0                                                                                                              <ETX>'

2023-02-15 23:06:37 - [MESSAGE][PASSED] - Text of object 'Object Repository/Page_VLinkReceipt/pre_STX' is: '<STX>NwgMz27bdDkS                  12126741            0  Transaction approved, no errors                   0                                                                                                              <ETX>'

2023-02-15 23:06:37 - [TEST_STEP][PASSED] - out.println("sdfo: " + sdfo): null

2023-02-15 23:06:37 - [TEST_STEP][PASSED] - remID = substring(5, 35).trim(): null

2023-02-15 23:06:37 - [TEST_STEP][PASSED] - out.println("remID: " + remID): null

2023-02-15 23:06:37 - [TEST_STEP][PASSED] - traxID = substring(35, 55).trim(): null

2023-02-15 23:06:37 - [TEST_STEP][PASSED] - out.println("traxID: " + traxID): null

2023-02-15 23:06:37 - [TEST_STEP][PASSED] - VLinkSaleRemID = remID: null

2023-02-15 23:06:37 - [TEST_STEP][PASSED] - VLinkSaleTranxID = traxID: null

2023-02-15 23:06:37 - [TEST_STEP][PASSED] - openBrowser(VLinkURL + "ACH_credit.html"): Browser is opened with url: 'https://dev-algorithm.govolution.com/vlinktest/QA/version_2_0/ACH_credit.html'

2023-02-15 23:06:37 - [MESSAGE][WARNING] - A browser is already opened. Closing browser and opening a new one

2023-02-15 23:06:38 - [MESSAGE][INFO] - Starting 'Chrome' driver

2023-02-15 23:06:38 - [MESSAGE][INFO] - User set preference: ['acceptInsecureCerts', 'true']

2023-02-15 23:06:38 - [MESSAGE][INFO] - Action delay is set to 0 milliseconds

2023-02-15 23:06:40 - [MESSAGE][PASSED] - Browser is opened with url: 'https://dev-algorithm.govolution.com/vlinktest/QA/version_2_0/ACH_credit.html'

2023-02-15 23:06:40 - [TEST_STEP][PASSED] - maximizeWindow(): Current window maximized

2023-02-15 23:06:40 - [MESSAGE][PASSED] - Current window maximized

2023-02-15 23:06:40 - [TEST_STEP][PASSED] - setText(findTestObject("Object Repository/RecAndPlayBk/Page-Vlink-ACH-Credit/input_Remittance Id"), VLinkSaleRemID): Text 'NwgMz27bdDkS' is set on object 'Object Repository/RecAndPlayBk/Page-Vlink-ACH-Credit/input_Remittance Id'

2023-02-15 23:06:41 - [MESSAGE][PASSED] - Text 'NwgMz27bdDkS' is set on object 'Object Repository/RecAndPlayBk/Page-Vlink-ACH-Credit/input_Remittance Id'

2023-02-15 23:06:41 - [TEST_STEP][PASSED] - setText(findTestObject("Object Repository/RecAndPlayBk/Page-Vlink-ACH-Credit/input_Application Id"), appID): Text '234' is set on object 'Object Repository/RecAndPlayBk/Page-Vlink-ACH-Credit/input_Application Id'

2023-02-15 23:06:41 - [MESSAGE][PASSED] - Text '234' is set on object 'Object Repository/RecAndPlayBk/Page-Vlink-ACH-Credit/input_Application Id'

2023-02-15 23:06:41 - [TEST_STEP][PASSED] - setText(findTestObject("Object Repository/RecAndPlayBk/Page-Vlink-ACH-Credit/input_Username"), username): Text 'username' is set on object 'Object Repository/RecAndPlayBk/Page-Vlink-ACH-Credit/input_Username'

2023-02-15 23:06:42 - [MESSAGE][PASSED] - Text 'username' is set on object 'Object Repository/RecAndPlayBk/Page-Vlink-ACH-Credit/input_Username'

2023-02-15 23:06:42 - [TEST_STEP][PASSED] - setText(findTestObject("Object Repository/RecAndPlayBk/Page-Vlink-ACH-Credit/input_Password"), password): Text 'password' is set on object 'Object Repository/RecAndPlayBk/Page-Vlink-ACH-Credit/input_Password'

2023-02-15 23:06:43 - [MESSAGE][PASSED] - Text 'password' is set on object 'Object Repository/RecAndPlayBk/Page-Vlink-ACH-Credit/input_Password'

2023-02-15 23:06:43 - [TEST_STEP][PASSED] - setText(findTestObject("Object Repository/RecAndPlayBk/Page-Vlink-ACH-Credit/input_Check Type"), checkType): Text 'P' is set on object 'Object Repository/RecAndPlayBk/Page-Vlink-ACH-Credit/input_Check Type'

2023-02-15 23:06:43 - [MESSAGE][PASSED] - Text 'P' is set on object 'Object Repository/RecAndPlayBk/Page-Vlink-ACH-Credit/input_Check Type'

2023-02-15 23:06:43 - [TEST_STEP][PASSED] - setText(findTestObject("Object Repository/RecAndPlayBk/Page-Vlink-ACH-Credit/input_Transaction ID"), VLinkSaleTranxID): Text '12126741' is set on object 'Object Repository/RecAndPlayBk/Page-Vlink-ACH-Credit/input_Transaction ID'

2023-02-15 23:06:44 - [MESSAGE][PASSED] - Text '12126741' is set on object 'Object Repository/RecAndPlayBk/Page-Vlink-ACH-Credit/input_Transaction ID'

2023-02-15 23:06:44 - [TEST_STEP][PASSED] - setText(findTestObject("Object Repository/RecAndPlayBk/Page-Vlink-ACH-Credit/input_Amount"), amount): Text '12.50' is set on object 'Object Repository/RecAndPlayBk/Page-Vlink-ACH-Credit/input_Amount'

2023-02-15 23:06:44 - [MESSAGE][PASSED] - Text '12.50' is set on object 'Object Repository/RecAndPlayBk/Page-Vlink-ACH-Credit/input_Amount'

2023-02-15 23:06:44 - [TEST_STEP][PASSED] - setText(findTestObject("Object Repository/RecAndPlayBk/Page-Vlink-ACH-Credit/input_Standard Entry Class"), sec): Text 'PPD' is set on object 'Object Repository/RecAndPlayBk/Page-Vlink-ACH-Credit/input_Standard Entry Class'

2023-02-15 23:06:45 - [MESSAGE][PASSED] - Text 'PPD' is set on object 'Object Repository/RecAndPlayBk/Page-Vlink-ACH-Credit/input_Standard Entry Class'

2023-02-15 23:06:45 - [TEST_STEP][PASSED] - setText(findTestObject("Object Repository/RecAndPlayBk/Page-Vlink-ACH-Credit/input_Account Number"), acNumber): Text '58963214' is set on object 'Object Repository/RecAndPlayBk/Page-Vlink-ACH-Credit/input_Account Number'

2023-02-15 23:06:46 - [MESSAGE][PASSED] - Text '58963214' is set on object 'Object Repository/RecAndPlayBk/Page-Vlink-ACH-Credit/input_Account Number'

2023-02-15 23:06:46 - [TEST_STEP][PASSED] - setText(findTestObject("Object Repository/RecAndPlayBk/Page-Vlink-ACH-Credit/input_Routing Number"), rtn): Text '256072691' is set on object 'Object Repository/RecAndPlayBk/Page-Vlink-ACH-Credit/input_Routing Number'

2023-02-15 23:06:46 - [MESSAGE][PASSED] - Text '256072691' is set on object 'Object Repository/RecAndPlayBk/Page-Vlink-ACH-Credit/input_Routing Number'

2023-02-15 23:06:46 - [TEST_STEP][PASSED] - click(findTestObject("Object Repository/RecAndPlayBk/Page-Vlink-ACH-Credit/input")): Object: 'Object Repository/RecAndPlayBk/Page-Vlink-ACH-Credit/input' is clicked on

2023-02-15 23:06:47 - [MESSAGE][PASSED] - Object: 'Object Repository/RecAndPlayBk/Page-Vlink-ACH-Credit/input' is clicked on

2023-02-15 23:06:47 - [TEST_STEP][PASSED] - if (verifyTextPresent("Transaction approved, no errors", true)): null

2023-02-15 23:06:47 - [MESSAGE][PASSED] - Text 'Transaction approved, no errors' is present on page  using regular expression

2023-02-15 23:06:47 - [TEST_STEP][PASSED] - println("Transaction Approved, no errors text is present on the Confirmation page"): null

2023-02-15 23:06:47 - [TEST_STEP][PASSED] - sdfo = getText(findTestObject("Object Repository/Page_VLinkReceipt/pre_STX")): Text of object 'Object Repository/Page_VLinkReceipt/pre_STX' is: '<STX>NwgMz27bdDkS                  12126742            0  Transaction approved, no errors                   0                                                                                                              <ETX>'

2023-02-15 23:06:48 - [MESSAGE][PASSED] - Text of object 'Object Repository/Page_VLinkReceipt/pre_STX' is: '<STX>NwgMz27bdDkS                  12126742            0  Transaction approved, no errors                   0                                                                                                              <ETX>'

2023-02-15 23:06:48 - [TEST_STEP][PASSED] - out.println("sdfo: " + sdfo): null

2023-02-15 23:06:48 - [TEST_STEP][PASSED] - remID = substring(5, 35).trim(): null

2023-02-15 23:06:48 - [TEST_STEP][PASSED] - out.println("remID: " + remID): null

2023-02-15 23:06:48 - [TEST_STEP][PASSED] - traxID = substring(35, 55).trim(): null

2023-02-15 23:06:48 - [TEST_STEP][PASSED] - out.println("traxID: " + traxID): null

2023-02-15 23:06:48 - [TEST_STEP][PASSED] - VLinkSaleRemID = remID: null

2023-02-15 23:06:48 - [TEST_STEP][PASSED] - VLinkSaleTranxID = traxID: null

2023-02-15 23:06:48 - [TEST_STEP][PASSED] - openBrowser(VLinkURL + "ACH_void.html"): Browser is opened with url: 'https://dev-algorithm.govolution.com/vlinktest/QA/version_2_0/ACH_void.html'

2023-02-15 23:06:48 - [MESSAGE][WARNING] - A browser is already opened. Closing browser and opening a new one

2023-02-15 23:06:48 - [MESSAGE][INFO] - Starting 'Chrome' driver

2023-02-15 23:06:48 - [MESSAGE][INFO] - User set preference: ['acceptInsecureCerts', 'true']

2023-02-15 23:06:48 - [MESSAGE][INFO] - Action delay is set to 0 milliseconds

2023-02-15 23:06:50 - [MESSAGE][PASSED] - Browser is opened with url: 'https://dev-algorithm.govolution.com/vlinktest/QA/version_2_0/ACH_void.html'

2023-02-15 23:06:50 - [TEST_STEP][PASSED] - maximizeWindow(): Current window maximized

2023-02-15 23:06:50 - [MESSAGE][PASSED] - Current window maximized

2023-02-15 23:06:50 - [TEST_STEP][PASSED] - setText(findTestObject("Object Repository/RecAndPlayBk/Page-Vlink-ACH-Void/input_Remittance Id"), VLinkSaleRemID): Text 'NwgMz27bdDkS' is set on object 'Object Repository/RecAndPlayBk/Page-Vlink-ACH-Void/input_Remittance Id'

2023-02-15 23:06:51 - [MESSAGE][PASSED] - Text 'NwgMz27bdDkS' is set on object 'Object Repository/RecAndPlayBk/Page-Vlink-ACH-Void/input_Remittance Id'

2023-02-15 23:06:51 - [TEST_STEP][PASSED] - setText(findTestObject("Object Repository/RecAndPlayBk/Page-Vlink-ACH-Void/input_Application Id"), appID): Text '234' is set on object 'Object Repository/RecAndPlayBk/Page-Vlink-ACH-Void/input_Application Id'

2023-02-15 23:06:52 - [MESSAGE][PASSED] - Text '234' is set on object 'Object Repository/RecAndPlayBk/Page-Vlink-ACH-Void/input_Application Id'

2023-02-15 23:06:52 - [TEST_STEP][PASSED] - setText(findTestObject("Object Repository/RecAndPlayBk/Page-Vlink-ACH-Void/input_Username"), username): Text 'username' is set on object 'Object Repository/RecAndPlayBk/Page-Vlink-ACH-Void/input_Username'

2023-02-15 23:06:52 - [MESSAGE][PASSED] - Text 'username' is set on object 'Object Repository/RecAndPlayBk/Page-Vlink-ACH-Void/input_Username'

2023-02-15 23:06:52 - [TEST_STEP][PASSED] - setText(findTestObject("Object Repository/RecAndPlayBk/Page-Vlink-ACH-Void/input_Password"), password): Text 'password' is set on object 'Object Repository/RecAndPlayBk/Page-Vlink-ACH-Void/input_Password'

2023-02-15 23:06:53 - [MESSAGE][PASSED] - Text 'password' is set on object 'Object Repository/RecAndPlayBk/Page-Vlink-ACH-Void/input_Password'

2023-02-15 23:06:53 - [TEST_STEP][PASSED] - setText(findTestObject("Object Repository/RecAndPlayBk/Page-Vlink-ACH-Void/input_Check Type"), checkType): Text 'P' is set on object 'Object Repository/RecAndPlayBk/Page-Vlink-ACH-Void/input_Check Type'

2023-02-15 23:06:54 - [MESSAGE][PASSED] - Text 'P' is set on object 'Object Repository/RecAndPlayBk/Page-Vlink-ACH-Void/input_Check Type'

2023-02-15 23:06:54 - [TEST_STEP][PASSED] - setText(findTestObject("Object Repository/RecAndPlayBk/Page-Vlink-ACH-Void/input_Standard Entry Class"), sec): Text 'PPD' is set on object 'Object Repository/RecAndPlayBk/Page-Vlink-ACH-Void/input_Standard Entry Class'

2023-02-15 23:06:54 - [MESSAGE][PASSED] - Text 'PPD' is set on object 'Object Repository/RecAndPlayBk/Page-Vlink-ACH-Void/input_Standard Entry Class'

2023-02-15 23:06:54 - [TEST_STEP][PASSED] - setText(findTestObject("Object Repository/RecAndPlayBk/Page-Vlink-ACH-Void/input_Transaction ID"), VLinkSaleTranxID): Text '12126742' is set on object 'Object Repository/RecAndPlayBk/Page-Vlink-ACH-Void/input_Transaction ID'

2023-02-15 23:06:55 - [MESSAGE][PASSED] - Text '12126742' is set on object 'Object Repository/RecAndPlayBk/Page-Vlink-ACH-Void/input_Transaction ID'

2023-02-15 23:06:55 - [TEST_STEP][PASSED] - setText(findTestObject("Object Repository/RecAndPlayBk/Page-Vlink-ACH-Void/input_Original Transaction Type"), "201"): Text '201' is set on object 'Object Repository/RecAndPlayBk/Page-Vlink-ACH-Void/input_Original Transaction Type'

2023-02-15 23:06:55 - [MESSAGE][PASSED] - Text '201' is set on object 'Object Repository/RecAndPlayBk/Page-Vlink-ACH-Void/input_Original Transaction Type'

2023-02-15 23:06:55 - [TEST_STEP][PASSED] - click(findTestObject("Object Repository/RecAndPlayBk/Page-Vlink-ACH-Void/input")): Object: 'Object Repository/RecAndPlayBk/Page-Vlink-ACH-Void/input' is clicked on

2023-02-15 23:06:56 - [MESSAGE][PASSED] - Object: 'Object Repository/RecAndPlayBk/Page-Vlink-ACH-Void/input' is clicked on

2023-02-15 23:06:56 - [TEST_STEP][PASSED] - if (verifyTextPresent("Transaction approved, no errors", true)): null

2023-02-15 23:06:57 - [MESSAGE][PASSED] - Text 'Transaction approved, no errors' is present on page  using regular expression

2023-02-15 23:06:57 - [TEST_STEP][PASSED] - println("Transaction Approved, no errors text is present on the Confirmation page"): null

2023-02-15 23:06:57 - [TEST_STEP][PASSED] - out.println("Pass Record Number: " + row): null

2023-02-15 23:06:57 - [TEST_STEP][PASSED] - resText = "Pass": null

2023-02-15 23:06:57 - [TEST_STEP][PASSED] - pages.WriteExcel.demoKey(resText, datText, resColumn, datCloumn, fileLoc, nameSheet, row): pages.WriteExcel.demoKey is PASSED

2023-02-15 23:06:57 - [MESSAGE][PASSED] - pages.WriteExcel.demoKey is PASSED

2023-02-15 23:06:57 - [TEST_STEP][PASSED] - ExecuteTC = findTestData(dataFile).getValue("Execute", row): null

2023-02-15 23:06:57 - [TEST_STEP][PASSED] - out.println("Value of Execute is : " + ExecuteTC): null

2023-02-15 23:06:57 - [TEST_STEP][PASSED] - switch (executionProfile): null

2023-02-15 23:06:57 - [TEST_STEP][PASSED] - case "QAProfile":: null

2023-02-15 23:06:57 - [TEST_STEP][PASSED] - appID = findTestData(dataFile).getValue("AppIDQA", row): null

2023-02-15 23:06:57 - [TEST_STEP][PASSED] - username = findTestData(dataFile).getValue("UsernameQA", row): null

2023-02-15 23:06:57 - [TEST_STEP][PASSED] - password = findTestData(dataFile).getValue("PasswordQA", row): null

2023-02-15 23:06:57 - [TEST_STEP][PASSED] - break: null

2023-02-15 23:06:57 - [TEST_STEP][PASSED] - if (ExecuteTC.equalsIgnoreCase("Y")): null

2023-02-15 23:06:57 - [TEST_STEP][PASSED] - out.println("Begin Record Number: " + row): null

2023-02-15 23:06:57 - [TEST_STEP][PASSED] - today = new java.util.Date(): null

2023-02-15 23:06:57 - [TEST_STEP][PASSED] - println(today): null

2023-02-15 23:06:57 - [TEST_STEP][PASSED] - datText = today: null

2023-02-15 23:06:57 - [TEST_STEP][PASSED] - checkType = findTestData(dataFile).getValue("CheckType", row): null

2023-02-15 23:06:57 - [TEST_STEP][PASSED] - acNumber = findTestData(dataFile).getValue("AcNumber", row): null

2023-02-15 23:06:57 - [TEST_STEP][PASSED] - company = findTestData(dataFile).getValue("Company", row): null

2023-02-15 23:06:57 - [TEST_STEP][PASSED] - acType = findTestData(dataFile).getValue("AcType", row): null

2023-02-15 23:06:57 - [TEST_STEP][PASSED] - rtn = findTestData(dataFile).getValue("RTN", row): null

2023-02-15 23:06:57 - [TEST_STEP][PASSED] - amount = findTestData(dataFile).getValue("Amount", row): null

2023-02-15 23:06:57 - [TEST_STEP][PASSED] - sec = findTestData(dataFile).getValue("SEC", row): null

2023-02-15 23:06:57 - [TEST_STEP][PASSED] - openBrowser(VLinkURL + "debit.html"): Browser is opened with url: 'https://dev-algorithm.govolution.com/vlinktest/QA/version_2_0/debit.html'

2023-02-15 23:06:57 - [MESSAGE][WARNING] - A browser is already opened. Closing browser and opening a new one

2023-02-15 23:06:58 - [MESSAGE][INFO] - Starting 'Chrome' driver

2023-02-15 23:06:58 - [MESSAGE][INFO] - User set preference: ['acceptInsecureCerts', 'true']

2023-02-15 23:06:58 - [MESSAGE][INFO] - Action delay is set to 0 milliseconds

2023-02-15 23:07:00 - [MESSAGE][PASSED] - Browser is opened with url: 'https://dev-algorithm.govolution.com/vlinktest/QA/version_2_0/debit.html'

2023-02-15 23:07:00 - [TEST_STEP][PASSED] - maximizeWindow(): Current window maximized

2023-02-15 23:07:00 - [MESSAGE][PASSED] - Current window maximized

2023-02-15 23:07:00 - [TEST_STEP][PASSED] - genRemID = RandomStringUtils.random(12, true, true): null

2023-02-15 23:07:00 - [TEST_STEP][PASSED] - setText(findTestObject("RecAndPlayBk/Page-Vlink-Debit/input_Remittance Id"), genRemID): Text 'wMkvooGfHvEX' is set on object 'Object Repository/RecAndPlayBk/Page-Vlink-Debit/input_Remittance Id'

2023-02-15 23:07:01 - [MESSAGE][PASSED] - Text 'wMkvooGfHvEX' is set on object 'Object Repository/RecAndPlayBk/Page-Vlink-Debit/input_Remittance Id'

2023-02-15 23:07:01 - [TEST_STEP][PASSED] - setText(findTestObject("RecAndPlayBk/Page-Vlink-Debit/input_Application Id"), appID): Text '234' is set on object 'Object Repository/RecAndPlayBk/Page-Vlink-Debit/input_Application Id'

2023-02-15 23:07:02 - [MESSAGE][PASSED] - Text '234' is set on object 'Object Repository/RecAndPlayBk/Page-Vlink-Debit/input_Application Id'

2023-02-15 23:07:02 - [TEST_STEP][PASSED] - setText(findTestObject("RecAndPlayBk/Page-Vlink-Debit/input_Username"), username): Text 'username' is set on object 'Object Repository/RecAndPlayBk/Page-Vlink-Debit/input_Username'

2023-02-15 23:07:02 - [MESSAGE][PASSED] - Text 'username' is set on object 'Object Repository/RecAndPlayBk/Page-Vlink-Debit/input_Username'

2023-02-15 23:07:02 - [TEST_STEP][PASSED] - setText(findTestObject("RecAndPlayBk/Page-Vlink-Debit/input_Password"), password): Text 'password' is set on object 'Object Repository/RecAndPlayBk/Page-Vlink-Debit/input_Password'

2023-02-15 23:07:03 - [MESSAGE][PASSED] - Text 'password' is set on object 'Object Repository/RecAndPlayBk/Page-Vlink-Debit/input_Password'

2023-02-15 23:07:03 - [TEST_STEP][PASSED] - setText(findTestObject("RecAndPlayBk/Page-Vlink-Debit/input_Check Type"), checkType): Text 'C' is set on object 'Object Repository/RecAndPlayBk/Page-Vlink-Debit/input_Check Type'

2023-02-15 23:07:04 - [MESSAGE][PASSED] - Text 'C' is set on object 'Object Repository/RecAndPlayBk/Page-Vlink-Debit/input_Check Type'

2023-02-15 23:07:04 - [TEST_STEP][PASSED] - setText(findTestObject("RecAndPlayBk/Page-Vlink-Debit/input_Account_check"), acNumber): Text '58963214' is set on object 'Object Repository/RecAndPlayBk/Page-Vlink-Debit/input_Account_check'

2023-02-15 23:07:04 - [MESSAGE][PASSED] - Text '58963214' is set on object 'Object Repository/RecAndPlayBk/Page-Vlink-Debit/input_Account_check'

2023-02-15 23:07:04 - [TEST_STEP][PASSED] - setText(findTestObject("RecAndPlayBk/Page-Vlink-Debit/input_Company_check"), company): Text 'My Company' is set on object 'Object Repository/RecAndPlayBk/Page-Vlink-Debit/input_Company_check'

2023-02-15 23:07:05 - [MESSAGE][PASSED] - Text 'My Company' is set on object 'Object Repository/RecAndPlayBk/Page-Vlink-Debit/input_Company_check'

2023-02-15 23:07:05 - [TEST_STEP][PASSED] - setText(findTestObject("RecAndPlayBk/Page-Vlink-Debit/input_Account Type"), acType): Text '' is set on object 'Object Repository/RecAndPlayBk/Page-Vlink-Debit/input_Account Type'

2023-02-15 23:07:05 - [MESSAGE][PASSED] - Text '' is set on object 'Object Repository/RecAndPlayBk/Page-Vlink-Debit/input_Account Type'

2023-02-15 23:07:05 - [TEST_STEP][PASSED] - setText(findTestObject("RecAndPlayBk/Page-Vlink-Debit/input_Routing Number"), rtn): Text '256072691' is set on object 'Object Repository/RecAndPlayBk/Page-Vlink-Debit/input_Routing Number'

2023-02-15 23:07:06 - [MESSAGE][PASSED] - Text '256072691' is set on object 'Object Repository/RecAndPlayBk/Page-Vlink-Debit/input_Routing Number'

2023-02-15 23:07:06 - [TEST_STEP][PASSED] - setText(findTestObject("RecAndPlayBk/Page-Vlink-Debit/input_Amount"), amount): Text '12.50' is set on object 'Object Repository/RecAndPlayBk/Page-Vlink-Debit/input_Amount'

2023-02-15 23:07:07 - [MESSAGE][PASSED] - Text '12.50' is set on object 'Object Repository/RecAndPlayBk/Page-Vlink-Debit/input_Amount'

2023-02-15 23:07:07 - [TEST_STEP][PASSED] - setText(findTestObject("RecAndPlayBk/Page-Vlink-Debit/input_Check Email"), ""): Text '' is set on object 'Object Repository/RecAndPlayBk/Page-Vlink-Debit/input_Check Email'

2023-02-15 23:07:07 - [MESSAGE][PASSED] - Text '' is set on object 'Object Repository/RecAndPlayBk/Page-Vlink-Debit/input_Check Email'

2023-02-15 23:07:07 - [TEST_STEP][PASSED] - setText(findTestObject("Object Repository/RecAndPlayBk/Page-Vlink-Debit/input_concat(CheckWriter, , s SSN)_check_ssn"), ""): Text '' is set on object 'Object Repository/RecAndPlayBk/Page-Vlink-Debit/input_concat(CheckWriter, , s SSN)_check_ssn'

2023-02-15 23:07:08 - [MESSAGE][PASSED] - Text '' is set on object 'Object Repository/RecAndPlayBk/Page-Vlink-Debit/input_concat(CheckWriter, , s SSN)_check_ssn'

2023-02-15 23:07:08 - [TEST_STEP][PASSED] - setText(findTestObject("Object Repository/RecAndPlayBk/Page-Vlink-Debit/input_concat(CheckWriter, , s License Numbe_020fef"), ""): Text '' is set on object 'Object Repository/RecAndPlayBk/Page-Vlink-Debit/input_concat(CheckWriter, , s License Numbe_020fef'

2023-02-15 23:07:09 - [MESSAGE][PASSED] - Text '' is set on object 'Object Repository/RecAndPlayBk/Page-Vlink-Debit/input_concat(CheckWriter, , s License Numbe_020fef'

2023-02-15 23:07:09 - [TEST_STEP][PASSED] - setText(findTestObject("Object Repository/RecAndPlayBk/Page-Vlink-Debit/input_concat(CheckWriter, , s License State_21e3e7"), ""): Text '' is set on object 'Object Repository/RecAndPlayBk/Page-Vlink-Debit/input_concat(CheckWriter, , s License State_21e3e7'

2023-02-15 23:07:09 - [MESSAGE][PASSED] - Text '' is set on object 'Object Repository/RecAndPlayBk/Page-Vlink-Debit/input_concat(CheckWriter, , s License State_21e3e7'

2023-02-15 23:07:09 - [TEST_STEP][PASSED] - setText(findTestObject("RecAndPlayBk/Page-Vlink-Debit/input_Standard Entry Class"), sec): Text 'CCD' is set on object 'Object Repository/RecAndPlayBk/Page-Vlink-Debit/input_Standard Entry Class'

2023-02-15 23:07:10 - [MESSAGE][PASSED] - Text 'CCD' is set on object 'Object Repository/RecAndPlayBk/Page-Vlink-Debit/input_Standard Entry Class'

2023-02-15 23:07:10 - [TEST_STEP][PASSED] - click(findTestObject("Object Repository/RecAndPlayBk/Page-Vlink-Debit/input")): Object: 'Object Repository/RecAndPlayBk/Page-Vlink-Debit/input' is clicked on

2023-02-15 23:07:11 - [MESSAGE][PASSED] - Object: 'Object Repository/RecAndPlayBk/Page-Vlink-Debit/input' is clicked on

2023-02-15 23:07:11 - [TEST_STEP][PASSED] - if (verifyTextPresent("Transaction approved, no errors", true)): null

2023-02-15 23:07:11 - [MESSAGE][PASSED] - Text 'Transaction approved, no errors' is present on page  using regular expression

2023-02-15 23:07:11 - [TEST_STEP][PASSED] - println("Transaction Approved, no errors text is present on the Confirmation page"): null

2023-02-15 23:07:11 - [TEST_STEP][PASSED] - sdfo = getText(findTestObject("Object Repository/Page_VLinkReceipt/pre_STX")): Text of object 'Object Repository/Page_VLinkReceipt/pre_STX' is: '<STX>wMkvooGfHvEX                  12126744            0  Transaction approved, no errors                   0                                                                                                              <ETX>'

2023-02-15 23:07:11 - [MESSAGE][PASSED] - Text of object 'Object Repository/Page_VLinkReceipt/pre_STX' is: '<STX>wMkvooGfHvEX                  12126744            0  Transaction approved, no errors                   0                                                                                                              <ETX>'

2023-02-15 23:07:11 - [TEST_STEP][PASSED] - out.println("sdfo: " + sdfo): null

2023-02-15 23:07:11 - [TEST_STEP][PASSED] - remID = substring(5, 35).trim(): null

2023-02-15 23:07:11 - [TEST_STEP][PASSED] - out.println("remID: " + remID): null

2023-02-15 23:07:11 - [TEST_STEP][PASSED] - traxID = substring(35, 55).trim(): null

2023-02-15 23:07:11 - [TEST_STEP][PASSED] - out.println("traxID: " + traxID): null

2023-02-15 23:07:11 - [TEST_STEP][PASSED] - VLinkSaleRemID = remID: null

2023-02-15 23:07:11 - [TEST_STEP][PASSED] - VLinkSaleTranxID = traxID: null

2023-02-15 23:07:11 - [TEST_STEP][PASSED] - openBrowser(VLinkURL + "ACH_credit.html"): Browser is opened with url: 'https://dev-algorithm.govolution.com/vlinktest/QA/version_2_0/ACH_credit.html'

2023-02-15 23:07:11 - [MESSAGE][WARNING] - A browser is already opened. Closing browser and opening a new one

2023-02-15 23:07:12 - [MESSAGE][INFO] - Starting 'Chrome' driver

2023-02-15 23:07:12 - [MESSAGE][INFO] - User set preference: ['acceptInsecureCerts', 'true']

2023-02-15 23:07:12 - [MESSAGE][INFO] - Action delay is set to 0 milliseconds

2023-02-15 23:07:14 - [MESSAGE][PASSED] - Browser is opened with url: 'https://dev-algorithm.govolution.com/vlinktest/QA/version_2_0/ACH_credit.html'

2023-02-15 23:07:14 - [TEST_STEP][PASSED] - maximizeWindow(): Current window maximized

2023-02-15 23:07:14 - [MESSAGE][PASSED] - Current window maximized

2023-02-15 23:07:14 - [TEST_STEP][PASSED] - setText(findTestObject("Object Repository/RecAndPlayBk/Page-Vlink-ACH-Credit/input_Remittance Id"), VLinkSaleRemID): Text 'wMkvooGfHvEX' is set on object 'Object Repository/RecAndPlayBk/Page-Vlink-ACH-Credit/input_Remittance Id'

2023-02-15 23:07:15 - [MESSAGE][PASSED] - Text 'wMkvooGfHvEX' is set on object 'Object Repository/RecAndPlayBk/Page-Vlink-ACH-Credit/input_Remittance Id'

2023-02-15 23:07:15 - [TEST_STEP][PASSED] - setText(findTestObject("Object Repository/RecAndPlayBk/Page-Vlink-ACH-Credit/input_Application Id"), appID): Text '234' is set on object 'Object Repository/RecAndPlayBk/Page-Vlink-ACH-Credit/input_Application Id'

2023-02-15 23:07:16 - [MESSAGE][PASSED] - Text '234' is set on object 'Object Repository/RecAndPlayBk/Page-Vlink-ACH-Credit/input_Application Id'

2023-02-15 23:07:16 - [TEST_STEP][PASSED] - setText(findTestObject("Object Repository/RecAndPlayBk/Page-Vlink-ACH-Credit/input_Username"), username): Text 'username' is set on object 'Object Repository/RecAndPlayBk/Page-Vlink-ACH-Credit/input_Username'

2023-02-15 23:07:16 - [MESSAGE][PASSED] - Text 'username' is set on object 'Object Repository/RecAndPlayBk/Page-Vlink-ACH-Credit/input_Username'

2023-02-15 23:07:16 - [TEST_STEP][PASSED] - setText(findTestObject("Object Repository/RecAndPlayBk/Page-Vlink-ACH-Credit/input_Password"), password): Text 'password' is set on object 'Object Repository/RecAndPlayBk/Page-Vlink-ACH-Credit/input_Password'

2023-02-15 23:07:17 - [MESSAGE][PASSED] - Text 'password' is set on object 'Object Repository/RecAndPlayBk/Page-Vlink-ACH-Credit/input_Password'

2023-02-15 23:07:17 - [TEST_STEP][PASSED] - setText(findTestObject("Object Repository/RecAndPlayBk/Page-Vlink-ACH-Credit/input_Check Type"), checkType): Text 'C' is set on object 'Object Repository/RecAndPlayBk/Page-Vlink-ACH-Credit/input_Check Type'

2023-02-15 23:07:17 - [MESSAGE][PASSED] - Text 'C' is set on object 'Object Repository/RecAndPlayBk/Page-Vlink-ACH-Credit/input_Check Type'

2023-02-15 23:07:17 - [TEST_STEP][PASSED] - setText(findTestObject("Object Repository/RecAndPlayBk/Page-Vlink-ACH-Credit/input_Transaction ID"), VLinkSaleTranxID): Text '12126744' is set on object 'Object Repository/RecAndPlayBk/Page-Vlink-ACH-Credit/input_Transaction ID'

2023-02-15 23:07:18 - [MESSAGE][PASSED] - Text '12126744' is set on object 'Object Repository/RecAndPlayBk/Page-Vlink-ACH-Credit/input_Transaction ID'

2023-02-15 23:07:18 - [TEST_STEP][PASSED] - setText(findTestObject("Object Repository/RecAndPlayBk/Page-Vlink-ACH-Credit/input_Amount"), amount): Text '12.50' is set on object 'Object Repository/RecAndPlayBk/Page-Vlink-ACH-Credit/input_Amount'

2023-02-15 23:07:19 - [MESSAGE][PASSED] - Text '12.50' is set on object 'Object Repository/RecAndPlayBk/Page-Vlink-ACH-Credit/input_Amount'

2023-02-15 23:07:19 - [TEST_STEP][PASSED] - setText(findTestObject("Object Repository/RecAndPlayBk/Page-Vlink-ACH-Credit/input_Standard Entry Class"), sec): Text 'CCD' is set on object 'Object Repository/RecAndPlayBk/Page-Vlink-ACH-Credit/input_Standard Entry Class'

2023-02-15 23:07:19 - [MESSAGE][PASSED] - Text 'CCD' is set on object 'Object Repository/RecAndPlayBk/Page-Vlink-ACH-Credit/input_Standard Entry Class'

2023-02-15 23:07:19 - [TEST_STEP][PASSED] - setText(findTestObject("Object Repository/RecAndPlayBk/Page-Vlink-ACH-Credit/input_Account Number"), acNumber): Text '58963214' is set on object 'Object Repository/RecAndPlayBk/Page-Vlink-ACH-Credit/input_Account Number'

2023-02-15 23:07:20 - [MESSAGE][PASSED] - Text '58963214' is set on object 'Object Repository/RecAndPlayBk/Page-Vlink-ACH-Credit/input_Account Number'

2023-02-15 23:07:20 - [TEST_STEP][PASSED] - setText(findTestObject("Object Repository/RecAndPlayBk/Page-Vlink-ACH-Credit/input_Routing Number"), rtn): Text '256072691' is set on object 'Object Repository/RecAndPlayBk/Page-Vlink-ACH-Credit/input_Routing Number'

2023-02-15 23:07:20 - [MESSAGE][PASSED] - Text '256072691' is set on object 'Object Repository/RecAndPlayBk/Page-Vlink-ACH-Credit/input_Routing Number'

2023-02-15 23:07:20 - [TEST_STEP][PASSED] - click(findTestObject("Object Repository/RecAndPlayBk/Page-Vlink-ACH-Credit/input")): Object: 'Object Repository/RecAndPlayBk/Page-Vlink-ACH-Credit/input' is clicked on

2023-02-15 23:07:21 - [MESSAGE][PASSED] - Object: 'Object Repository/RecAndPlayBk/Page-Vlink-ACH-Credit/input' is clicked on

2023-02-15 23:07:21 - [TEST_STEP][PASSED] - if (verifyTextPresent("Transaction approved, no errors", true)): null

2023-02-15 23:07:22 - [MESSAGE][PASSED] - Text 'Transaction approved, no errors' is present on page  using regular expression

2023-02-15 23:07:22 - [TEST_STEP][PASSED] - println("Transaction Approved, no errors text is present on the Confirmation page"): null

2023-02-15 23:07:22 - [TEST_STEP][PASSED] - sdfo = getText(findTestObject("Object Repository/Page_VLinkReceipt/pre_STX")): Text of object 'Object Repository/Page_VLinkReceipt/pre_STX' is: '<STX>wMkvooGfHvEX                  12126745            0  Transaction approved, no errors                   0                                                                                                              <ETX>'

2023-02-15 23:07:22 - [MESSAGE][PASSED] - Text of object 'Object Repository/Page_VLinkReceipt/pre_STX' is: '<STX>wMkvooGfHvEX                  12126745            0  Transaction approved, no errors                   0                                                                                                              <ETX>'

2023-02-15 23:07:22 - [TEST_STEP][PASSED] - out.println("sdfo: " + sdfo): null

2023-02-15 23:07:22 - [TEST_STEP][PASSED] - remID = substring(5, 35).trim(): null

2023-02-15 23:07:22 - [TEST_STEP][PASSED] - out.println("remID: " + remID): null

2023-02-15 23:07:22 - [TEST_STEP][PASSED] - traxID = substring(35, 55).trim(): null

2023-02-15 23:07:22 - [TEST_STEP][PASSED] - out.println("traxID: " + traxID): null

2023-02-15 23:07:22 - [TEST_STEP][PASSED] - VLinkSaleRemID = remID: null

2023-02-15 23:07:22 - [TEST_STEP][PASSED] - VLinkSaleTranxID = traxID: null

2023-02-15 23:07:22 - [TEST_STEP][PASSED] - openBrowser(VLinkURL + "ACH_void.html"): Browser is opened with url: 'https://dev-algorithm.govolution.com/vlinktest/QA/version_2_0/ACH_void.html'

2023-02-15 23:07:22 - [MESSAGE][WARNING] - A browser is already opened. Closing browser and opening a new one

2023-02-15 23:07:23 - [MESSAGE][INFO] - Starting 'Chrome' driver

2023-02-15 23:07:23 - [MESSAGE][INFO] - User set preference: ['acceptInsecureCerts', 'true']

2023-02-15 23:07:23 - [MESSAGE][INFO] - Action delay is set to 0 milliseconds

2023-02-15 23:07:24 - [MESSAGE][PASSED] - Browser is opened with url: 'https://dev-algorithm.govolution.com/vlinktest/QA/version_2_0/ACH_void.html'

2023-02-15 23:07:24 - [TEST_STEP][PASSED] - maximizeWindow(): Current window maximized

2023-02-15 23:07:24 - [MESSAGE][PASSED] - Current window maximized

2023-02-15 23:07:24 - [TEST_STEP][PASSED] - setText(findTestObject("Object Repository/RecAndPlayBk/Page-Vlink-ACH-Void/input_Remittance Id"), VLinkSaleRemID): Text 'wMkvooGfHvEX' is set on object 'Object Repository/RecAndPlayBk/Page-Vlink-ACH-Void/input_Remittance Id'

2023-02-15 23:07:25 - [MESSAGE][PASSED] - Text 'wMkvooGfHvEX' is set on object 'Object Repository/RecAndPlayBk/Page-Vlink-ACH-Void/input_Remittance Id'

2023-02-15 23:07:25 - [TEST_STEP][PASSED] - setText(findTestObject("Object Repository/RecAndPlayBk/Page-Vlink-ACH-Void/input_Application Id"), appID): Text '234' is set on object 'Object Repository/RecAndPlayBk/Page-Vlink-ACH-Void/input_Application Id'

2023-02-15 23:07:26 - [MESSAGE][PASSED] - Text '234' is set on object 'Object Repository/RecAndPlayBk/Page-Vlink-ACH-Void/input_Application Id'

2023-02-15 23:07:26 - [TEST_STEP][PASSED] - setText(findTestObject("Object Repository/RecAndPlayBk/Page-Vlink-ACH-Void/input_Username"), username): Text 'username' is set on object 'Object Repository/RecAndPlayBk/Page-Vlink-ACH-Void/input_Username'

2023-02-15 23:07:27 - [MESSAGE][PASSED] - Text 'username' is set on object 'Object Repository/RecAndPlayBk/Page-Vlink-ACH-Void/input_Username'

2023-02-15 23:07:27 - [TEST_STEP][PASSED] - setText(findTestObject("Object Repository/RecAndPlayBk/Page-Vlink-ACH-Void/input_Password"), password): Text 'password' is set on object 'Object Repository/RecAndPlayBk/Page-Vlink-ACH-Void/input_Password'

2023-02-15 23:07:27 - [MESSAGE][PASSED] - Text 'password' is set on object 'Object Repository/RecAndPlayBk/Page-Vlink-ACH-Void/input_Password'

2023-02-15 23:07:27 - [TEST_STEP][PASSED] - setText(findTestObject("Object Repository/RecAndPlayBk/Page-Vlink-ACH-Void/input_Check Type"), checkType): Text 'C' is set on object 'Object Repository/RecAndPlayBk/Page-Vlink-ACH-Void/input_Check Type'

2023-02-15 23:07:28 - [MESSAGE][PASSED] - Text 'C' is set on object 'Object Repository/RecAndPlayBk/Page-Vlink-ACH-Void/input_Check Type'

2023-02-15 23:07:28 - [TEST_STEP][PASSED] - setText(findTestObject("Object Repository/RecAndPlayBk/Page-Vlink-ACH-Void/input_Standard Entry Class"), sec): Text 'CCD' is set on object 'Object Repository/RecAndPlayBk/Page-Vlink-ACH-Void/input_Standard Entry Class'

2023-02-15 23:07:28 - [MESSAGE][PASSED] - Text 'CCD' is set on object 'Object Repository/RecAndPlayBk/Page-Vlink-ACH-Void/input_Standard Entry Class'

2023-02-15 23:07:28 - [TEST_STEP][PASSED] - setText(findTestObject("Object Repository/RecAndPlayBk/Page-Vlink-ACH-Void/input_Transaction ID"), VLinkSaleTranxID): Text '12126745' is set on object 'Object Repository/RecAndPlayBk/Page-Vlink-ACH-Void/input_Transaction ID'

2023-02-15 23:07:29 - [MESSAGE][PASSED] - Text '12126745' is set on object 'Object Repository/RecAndPlayBk/Page-Vlink-ACH-Void/input_Transaction ID'

2023-02-15 23:07:29 - [TEST_STEP][PASSED] - setText(findTestObject("Object Repository/RecAndPlayBk/Page-Vlink-ACH-Void/input_Original Transaction Type"), "201"): Text '201' is set on object 'Object Repository/RecAndPlayBk/Page-Vlink-ACH-Void/input_Original Transaction Type'

2023-02-15 23:07:30 - [MESSAGE][PASSED] - Text '201' is set on object 'Object Repository/RecAndPlayBk/Page-Vlink-ACH-Void/input_Original Transaction Type'

2023-02-15 23:07:30 - [TEST_STEP][PASSED] - click(findTestObject("Object Repository/RecAndPlayBk/Page-Vlink-ACH-Void/input")): Object: 'Object Repository/RecAndPlayBk/Page-Vlink-ACH-Void/input' is clicked on

2023-02-15 23:07:31 - [MESSAGE][PASSED] - Object: 'Object Repository/RecAndPlayBk/Page-Vlink-ACH-Void/input' is clicked on

2023-02-15 23:07:31 - [TEST_STEP][PASSED] - if (verifyTextPresent("Transaction approved, no errors", true)): null

2023-02-15 23:07:31 - [MESSAGE][PASSED] - Text 'Transaction approved, no errors' is present on page  using regular expression

2023-02-15 23:07:31 - [TEST_STEP][PASSED] - println("Transaction Approved, no errors text is present on the Confirmation page"): null

2023-02-15 23:07:31 - [TEST_STEP][PASSED] - out.println("Pass Record Number: " + row): null

2023-02-15 23:07:31 - [TEST_STEP][PASSED] - resText = "Pass": null

2023-02-15 23:07:31 - [TEST_STEP][PASSED] - pages.WriteExcel.demoKey(resText, datText, resColumn, datCloumn, fileLoc, nameSheet, row): pages.WriteExcel.demoKey is PASSED

2023-02-15 23:07:31 - [MESSAGE][PASSED] - pages.WriteExcel.demoKey is PASSED]]></system-out>
         <system-err><![CDATA[]]></system-err>
      </testcase>
      <testcase name="Test Cases/RecAndPlayBk/VLink/Debit-MRF" time="398.401" classname="Test Cases/RecAndPlayBk/VLink/Debit-MRF" status="PASSED">
         <system-out><![CDATA[2023-02-15 23:07:31 - [TEST_CASE][PASSED] - Test Cases/RecAndPlayBk/VLink/Debit-MRF: Test Cases/RecAndPlayBk/VLink/Debit-MRF

2023-02-15 23:07:31 - [TEST_STEP][PASSED] - executionProfile = getExecutionProfile(): null

2023-02-15 23:07:31 - [TEST_STEP][PASSED] - out.println("executionProfile : " + executionProfile): null

2023-02-15 23:07:31 - [TEST_STEP][PASSED] - resText = "Fail": null

2023-02-15 23:07:31 - [TEST_STEP][PASSED] - resColumn = "Result": null

2023-02-15 23:07:31 - [TEST_STEP][PASSED] - datCloumn = "Date": null

2023-02-15 23:07:31 - [TEST_STEP][PASSED] - fileLoc = "KatalonData/VLinkSmokeDataACH.xlsx": null

2023-02-15 23:07:31 - [TEST_STEP][PASSED] - numOfRows = <not implemented yet for class: org.codehaus.groovy.ast.expr.EmptyExpression>: null

2023-02-15 23:07:31 - [TEST_STEP][PASSED] - dataFile = <not implemented yet for class: org.codehaus.groovy.ast.expr.EmptyExpression>: null

2023-02-15 23:07:31 - [TEST_STEP][PASSED] - nameSheet = <not implemented yet for class: org.codehaus.groovy.ast.expr.EmptyExpression>: null

2023-02-15 23:07:31 - [TEST_STEP][PASSED] - nameSheet = "Debit-MRF": null

2023-02-15 23:07:31 - [TEST_STEP][PASSED] - numOfRows = findTestData("QA/VLinkTestData/VLinkDebitMRFData").getRowNumbers(): null

2023-02-15 23:07:32 - [TEST_STEP][PASSED] - println("Number of Records: " + numOfRows): null

2023-02-15 23:07:32 - [TEST_STEP][PASSED] - dataFile = "QA/VLinkTestData/VLinkDebitMRFData": null

2023-02-15 23:07:32 - [TEST_STEP][PASSED] - for ([row = 1, row <= numOfRows, (row++)]): null

2023-02-15 23:07:32 - [TEST_STEP][PASSED] - ExecuteTC = findTestData(dataFile).getValue("Execute", row): null

2023-02-15 23:07:32 - [TEST_STEP][PASSED] - out.println("Value of Execute is : " + ExecuteTC): null

2023-02-15 23:07:32 - [TEST_STEP][PASSED] - if (ExecuteTC.equalsIgnoreCase("Y")): null

2023-02-15 23:07:32 - [TEST_STEP][PASSED] - out.println("Begin Record Number: " + row): null

2023-02-15 23:07:32 - [TEST_STEP][PASSED] - today = new java.util.Date(): null

2023-02-15 23:07:32 - [TEST_STEP][PASSED] - println(today): null

2023-02-15 23:07:32 - [TEST_STEP][PASSED] - datText = today: null

2023-02-15 23:07:32 - [TEST_STEP][PASSED] - appID = findTestData(dataFile).getValue("AppID", row): null

2023-02-15 23:07:32 - [TEST_STEP][PASSED] - username = findTestData(dataFile).getValue("Username", row): null

2023-02-15 23:07:32 - [TEST_STEP][PASSED] - password = findTestData(dataFile).getValue("Password", row): null

2023-02-15 23:07:32 - [TEST_STEP][PASSED] - errorMsg = findTestData(dataFile).getValue("ErrorMsg", row): null

2023-02-15 23:07:32 - [TEST_STEP][PASSED] - tranType = findTestData(dataFile).getValue("TranType", row): null

2023-02-15 23:07:32 - [TEST_STEP][PASSED] - mv = findTestData(dataFile).getValue("MV", row): null

2023-02-15 23:07:32 - [TEST_STEP][PASSED] - resFormat = findTestData(dataFile).getValue("ResFormat", row): null

2023-02-15 23:07:32 - [TEST_STEP][PASSED] - fName = findTestData(dataFile).getValue("Fname", row): null

2023-02-15 23:07:32 - [TEST_STEP][PASSED] - lName = findTestData(dataFile).getValue("Lname", row): null

2023-02-15 23:07:32 - [TEST_STEP][PASSED] - al1 = findTestData(dataFile).getValue("AL1", row): null

2023-02-15 23:07:32 - [TEST_STEP][PASSED] - city = findTestData(dataFile).getValue("City", row): null

2023-02-15 23:07:32 - [TEST_STEP][PASSED] - state = findTestData(dataFile).getValue("State", row): null

2023-02-15 23:07:32 - [TEST_STEP][PASSED] - zip = findTestData(dataFile).getValue("ZIP", row): null

2023-02-15 23:07:32 - [TEST_STEP][PASSED] - checkType = findTestData(dataFile).getValue("CheckType", row): null

2023-02-15 23:07:33 - [TEST_STEP][PASSED] - acNumber = findTestData(dataFile).getValue("AcNumber", row): null

2023-02-15 23:07:33 - [TEST_STEP][PASSED] - company = findTestData(dataFile).getValue("Company", row): null

2023-02-15 23:07:33 - [TEST_STEP][PASSED] - acType = findTestData(dataFile).getValue("AcType", row): null

2023-02-15 23:07:33 - [TEST_STEP][PASSED] - rtn = findTestData(dataFile).getValue("RTN", row): null

2023-02-15 23:07:33 - [TEST_STEP][PASSED] - amount = findTestData(dataFile).getValue("Amount", row): null

2023-02-15 23:07:33 - [TEST_STEP][PASSED] - sec = findTestData(dataFile).getValue("SEC", row): null

2023-02-15 23:07:33 - [TEST_STEP][PASSED] - openBrowser(VLinkURL + "debit.html"): Browser is opened with url: 'https://dev-algorithm.govolution.com/vlinktest/QA/version_2_0/debit.html'

2023-02-15 23:07:33 - [MESSAGE][WARNING] - A browser is already opened. Closing browser and opening a new one

2023-02-15 23:07:34 - [MESSAGE][INFO] - Starting 'Chrome' driver

2023-02-15 23:07:34 - [MESSAGE][INFO] - User set preference: ['acceptInsecureCerts', 'true']

2023-02-15 23:07:34 - [MESSAGE][INFO] - Action delay is set to 0 milliseconds

2023-02-15 23:07:36 - [MESSAGE][PASSED] - Browser is opened with url: 'https://dev-algorithm.govolution.com/vlinktest/QA/version_2_0/debit.html'

2023-02-15 23:07:36 - [TEST_STEP][PASSED] - maximizeWindow(): Current window maximized

2023-02-15 23:07:36 - [MESSAGE][PASSED] - Current window maximized

2023-02-15 23:07:36 - [TEST_STEP][PASSED] - setText(findTestObject("Object Repository/RecAndPlayBk/Page-Vlink-Debit/input_Transaction Type"), tranType): Text '' is set on object 'Object Repository/RecAndPlayBk/Page-Vlink-Debit/input_Transaction Type'

2023-02-15 23:07:36 - [MESSAGE][PASSED] - Text '' is set on object 'Object Repository/RecAndPlayBk/Page-Vlink-Debit/input_Transaction Type'

2023-02-15 23:07:36 - [TEST_STEP][PASSED] - setText(findTestObject("Object Repository/RecAndPlayBk/Page-Vlink-Debit/input_Message Version"), mv): Text '2.0A' is set on object 'Object Repository/RecAndPlayBk/Page-Vlink-Debit/input_Message Version'

2023-02-15 23:07:37 - [MESSAGE][PASSED] - Text '2.0A' is set on object 'Object Repository/RecAndPlayBk/Page-Vlink-Debit/input_Message Version'

2023-02-15 23:07:37 - [TEST_STEP][PASSED] - genRemID = RandomStringUtils.random(12, true, true): null

2023-02-15 23:07:37 - [TEST_STEP][PASSED] - setText(findTestObject("RecAndPlayBk/Page-Vlink-Debit/input_Remittance Id"), genRemID): Text '1P8XBEF050WZ' is set on object 'Object Repository/RecAndPlayBk/Page-Vlink-Debit/input_Remittance Id'

2023-02-15 23:07:38 - [MESSAGE][PASSED] - Text '1P8XBEF050WZ' is set on object 'Object Repository/RecAndPlayBk/Page-Vlink-Debit/input_Remittance Id'

2023-02-15 23:07:38 - [TEST_STEP][PASSED] - setText(findTestObject("RecAndPlayBk/Page-Vlink-Debit/input_Application Id"), appID): Text '234' is set on object 'Object Repository/RecAndPlayBk/Page-Vlink-Debit/input_Application Id'

2023-02-15 23:07:38 - [MESSAGE][PASSED] - Text '234' is set on object 'Object Repository/RecAndPlayBk/Page-Vlink-Debit/input_Application Id'

2023-02-15 23:07:38 - [TEST_STEP][PASSED] - setText(findTestObject("RecAndPlayBk/Page-Vlink-Debit/input_Username"), username): Text 'username' is set on object 'Object Repository/RecAndPlayBk/Page-Vlink-Debit/input_Username'

2023-02-15 23:07:39 - [MESSAGE][PASSED] - Text 'username' is set on object 'Object Repository/RecAndPlayBk/Page-Vlink-Debit/input_Username'

2023-02-15 23:07:39 - [TEST_STEP][PASSED] - setText(findTestObject("RecAndPlayBk/Page-Vlink-Debit/input_Password"), password): Text 'password' is set on object 'Object Repository/RecAndPlayBk/Page-Vlink-Debit/input_Password'

2023-02-15 23:07:40 - [MESSAGE][PASSED] - Text 'password' is set on object 'Object Repository/RecAndPlayBk/Page-Vlink-Debit/input_Password'

2023-02-15 23:07:40 - [TEST_STEP][PASSED] - setText(findTestObject("Object Repository/RecAndPlayBk/Page-Vlink-Debit/input_Response Format"), resFormat): Text 'fixed_width' is set on object 'Object Repository/RecAndPlayBk/Page-Vlink-Debit/input_Response Format'

2023-02-15 23:07:40 - [MESSAGE][PASSED] - Text 'fixed_width' is set on object 'Object Repository/RecAndPlayBk/Page-Vlink-Debit/input_Response Format'

2023-02-15 23:07:40 - [TEST_STEP][PASSED] - setText(findTestObject("RecAndPlayBk/Page-Vlink-Debit/input_Check Type"), checkType): Text 'P' is set on object 'Object Repository/RecAndPlayBk/Page-Vlink-Debit/input_Check Type'

2023-02-15 23:07:41 - [MESSAGE][PASSED] - Text 'P' is set on object 'Object Repository/RecAndPlayBk/Page-Vlink-Debit/input_Check Type'

2023-02-15 23:07:41 - [TEST_STEP][PASSED] - setText(findTestObject("Object Repository/RecAndPlayBk/Page-Vlink-Debit/input_First Name"), fName): Text 'Andy' is set on object 'Object Repository/RecAndPlayBk/Page-Vlink-Debit/input_First Name'

2023-02-15 23:07:41 - [MESSAGE][PASSED] - Text 'Andy' is set on object 'Object Repository/RecAndPlayBk/Page-Vlink-Debit/input_First Name'

2023-02-15 23:07:41 - [TEST_STEP][PASSED] - setText(findTestObject("Object Repository/RecAndPlayBk/Page-Vlink-Debit/input_Last Name"), lName): Text 'Roberts' is set on object 'Object Repository/RecAndPlayBk/Page-Vlink-Debit/input_Last Name'

2023-02-15 23:07:42 - [MESSAGE][PASSED] - Text 'Roberts' is set on object 'Object Repository/RecAndPlayBk/Page-Vlink-Debit/input_Last Name'

2023-02-15 23:07:42 - [TEST_STEP][PASSED] - setText(findTestObject("Object Repository/RecAndPlayBk/Page-Vlink-Debit/input_Address"), al1): Text '145 Main Street' is set on object 'Object Repository/RecAndPlayBk/Page-Vlink-Debit/input_Address'

2023-02-15 23:07:43 - [MESSAGE][PASSED] - Text '145 Main Street' is set on object 'Object Repository/RecAndPlayBk/Page-Vlink-Debit/input_Address'

2023-02-15 23:07:43 - [TEST_STEP][PASSED] - setText(findTestObject("Object Repository/RecAndPlayBk/Page-Vlink-Debit/input_City"), city): Text 'Arlington' is set on object 'Object Repository/RecAndPlayBk/Page-Vlink-Debit/input_City'

2023-02-15 23:07:43 - [MESSAGE][PASSED] - Text 'Arlington' is set on object 'Object Repository/RecAndPlayBk/Page-Vlink-Debit/input_City'

2023-02-15 23:07:43 - [TEST_STEP][PASSED] - setText(findTestObject("Object Repository/RecAndPlayBk/Page-Vlink-Debit/input_State"), state): Text 'VA' is set on object 'Object Repository/RecAndPlayBk/Page-Vlink-Debit/input_State'

2023-02-15 23:07:44 - [MESSAGE][PASSED] - Text 'VA' is set on object 'Object Repository/RecAndPlayBk/Page-Vlink-Debit/input_State'

2023-02-15 23:07:44 - [TEST_STEP][PASSED] - setText(findTestObject("Object Repository/RecAndPlayBk/Page-Vlink-Debit/input_Zip"), zip): Text '22201' is set on object 'Object Repository/RecAndPlayBk/Page-Vlink-Debit/input_Zip'

2023-02-15 23:07:45 - [MESSAGE][PASSED] - Text '22201' is set on object 'Object Repository/RecAndPlayBk/Page-Vlink-Debit/input_Zip'

2023-02-15 23:07:45 - [TEST_STEP][PASSED] - setText(findTestObject("RecAndPlayBk/Page-Vlink-Debit/input_Account_check"), acNumber): Text '58963214' is set on object 'Object Repository/RecAndPlayBk/Page-Vlink-Debit/input_Account_check'

2023-02-15 23:07:45 - [MESSAGE][PASSED] - Text '58963214' is set on object 'Object Repository/RecAndPlayBk/Page-Vlink-Debit/input_Account_check'

2023-02-15 23:07:45 - [TEST_STEP][PASSED] - setText(findTestObject("RecAndPlayBk/Page-Vlink-Debit/input_Company_check"), company): Text '' is set on object 'Object Repository/RecAndPlayBk/Page-Vlink-Debit/input_Company_check'

2023-02-15 23:07:46 - [MESSAGE][PASSED] - Text '' is set on object 'Object Repository/RecAndPlayBk/Page-Vlink-Debit/input_Company_check'

2023-02-15 23:07:46 - [TEST_STEP][PASSED] - setText(findTestObject("RecAndPlayBk/Page-Vlink-Debit/input_Account Type"), acType): Text '1' is set on object 'Object Repository/RecAndPlayBk/Page-Vlink-Debit/input_Account Type'

2023-02-15 23:07:47 - [MESSAGE][PASSED] - Text '1' is set on object 'Object Repository/RecAndPlayBk/Page-Vlink-Debit/input_Account Type'

2023-02-15 23:07:47 - [TEST_STEP][PASSED] - setText(findTestObject("RecAndPlayBk/Page-Vlink-Debit/input_Routing Number"), rtn): Text '256072691' is set on object 'Object Repository/RecAndPlayBk/Page-Vlink-Debit/input_Routing Number'

2023-02-15 23:07:47 - [MESSAGE][PASSED] - Text '256072691' is set on object 'Object Repository/RecAndPlayBk/Page-Vlink-Debit/input_Routing Number'

2023-02-15 23:07:47 - [TEST_STEP][PASSED] - setText(findTestObject("RecAndPlayBk/Page-Vlink-Debit/input_Amount"), amount): Text '12.50' is set on object 'Object Repository/RecAndPlayBk/Page-Vlink-Debit/input_Amount'

2023-02-15 23:07:48 - [MESSAGE][PASSED] - Text '12.50' is set on object 'Object Repository/RecAndPlayBk/Page-Vlink-Debit/input_Amount'

2023-02-15 23:07:48 - [TEST_STEP][PASSED] - setText(findTestObject("RecAndPlayBk/Page-Vlink-Debit/input_Check Email"), ""): Text '' is set on object 'Object Repository/RecAndPlayBk/Page-Vlink-Debit/input_Check Email'

2023-02-15 23:07:49 - [MESSAGE][PASSED] - Text '' is set on object 'Object Repository/RecAndPlayBk/Page-Vlink-Debit/input_Check Email'

2023-02-15 23:07:49 - [TEST_STEP][PASSED] - setText(findTestObject("Object Repository/RecAndPlayBk/Page-Vlink-Debit/input_concat(CheckWriter, , s SSN)_check_ssn"), ""): Text '' is set on object 'Object Repository/RecAndPlayBk/Page-Vlink-Debit/input_concat(CheckWriter, , s SSN)_check_ssn'

2023-02-15 23:07:49 - [MESSAGE][PASSED] - Text '' is set on object 'Object Repository/RecAndPlayBk/Page-Vlink-Debit/input_concat(CheckWriter, , s SSN)_check_ssn'

2023-02-15 23:07:49 - [TEST_STEP][PASSED] - setText(findTestObject("Object Repository/RecAndPlayBk/Page-Vlink-Debit/input_concat(CheckWriter, , s License Numbe_020fef"), ""): Text '' is set on object 'Object Repository/RecAndPlayBk/Page-Vlink-Debit/input_concat(CheckWriter, , s License Numbe_020fef'

2023-02-15 23:07:50 - [MESSAGE][PASSED] - Text '' is set on object 'Object Repository/RecAndPlayBk/Page-Vlink-Debit/input_concat(CheckWriter, , s License Numbe_020fef'

2023-02-15 23:07:50 - [TEST_STEP][PASSED] - setText(findTestObject("Object Repository/RecAndPlayBk/Page-Vlink-Debit/input_concat(CheckWriter, , s License State_21e3e7"), ""): Text '' is set on object 'Object Repository/RecAndPlayBk/Page-Vlink-Debit/input_concat(CheckWriter, , s License State_21e3e7'

2023-02-15 23:07:51 - [MESSAGE][PASSED] - Text '' is set on object 'Object Repository/RecAndPlayBk/Page-Vlink-Debit/input_concat(CheckWriter, , s License State_21e3e7'

2023-02-15 23:07:51 - [TEST_STEP][PASSED] - setText(findTestObject("RecAndPlayBk/Page-Vlink-Debit/input_Standard Entry Class"), sec): Text 'WEB' is set on object 'Object Repository/RecAndPlayBk/Page-Vlink-Debit/input_Standard Entry Class'

2023-02-15 23:07:51 - [MESSAGE][PASSED] - Text 'WEB' is set on object 'Object Repository/RecAndPlayBk/Page-Vlink-Debit/input_Standard Entry Class'

2023-02-15 23:07:51 - [TEST_STEP][PASSED] - click(findTestObject("Object Repository/RecAndPlayBk/Page-Vlink-Debit/input")): Object: 'Object Repository/RecAndPlayBk/Page-Vlink-Debit/input' is clicked on

2023-02-15 23:07:52 - [MESSAGE][PASSED] - Object: 'Object Repository/RecAndPlayBk/Page-Vlink-Debit/input' is clicked on

2023-02-15 23:07:52 - [TEST_STEP][PASSED] - if (verifyTextPresent(errorMsg, true)): null

2023-02-15 23:07:52 - [MESSAGE][PASSED] - Text 'Invalid transaction type' is present on page  using regular expression

2023-02-15 23:07:52 - [TEST_STEP][PASSED] - println("Error Message is present on the Confirmation page"): null

2023-02-15 23:07:52 - [TEST_STEP][PASSED] - out.println("Pass Record Number: " + row): null

2023-02-15 23:07:52 - [TEST_STEP][PASSED] - resText = "Pass": null

2023-02-15 23:07:52 - [TEST_STEP][PASSED] - pages.WriteExcel.demoKey(resText, datText, resColumn, datCloumn, fileLoc, nameSheet, row): pages.WriteExcel.demoKey is PASSED

2023-02-15 23:07:52 - [MESSAGE][PASSED] - pages.WriteExcel.demoKey is PASSED

2023-02-15 23:07:52 - [TEST_STEP][PASSED] - ExecuteTC = findTestData(dataFile).getValue("Execute", row): null

2023-02-15 23:07:52 - [TEST_STEP][PASSED] - out.println("Value of Execute is : " + ExecuteTC): null

2023-02-15 23:07:52 - [TEST_STEP][PASSED] - if (ExecuteTC.equalsIgnoreCase("Y")): null

2023-02-15 23:07:52 - [TEST_STEP][PASSED] - out.println("Begin Record Number: " + row): null

2023-02-15 23:07:52 - [TEST_STEP][PASSED] - today = new java.util.Date(): null

2023-02-15 23:07:52 - [TEST_STEP][PASSED] - println(today): null

2023-02-15 23:07:52 - [TEST_STEP][PASSED] - datText = today: null

2023-02-15 23:07:52 - [TEST_STEP][PASSED] - appID = findTestData(dataFile).getValue("AppID", row): null

2023-02-15 23:07:52 - [TEST_STEP][PASSED] - username = findTestData(dataFile).getValue("Username", row): null

2023-02-15 23:07:52 - [TEST_STEP][PASSED] - password = findTestData(dataFile).getValue("Password", row): null

2023-02-15 23:07:53 - [TEST_STEP][PASSED] - errorMsg = findTestData(dataFile).getValue("ErrorMsg", row): null

2023-02-15 23:07:53 - [TEST_STEP][PASSED] - tranType = findTestData(dataFile).getValue("TranType", row): null

2023-02-15 23:07:53 - [TEST_STEP][PASSED] - mv = findTestData(dataFile).getValue("MV", row): null

2023-02-15 23:07:53 - [TEST_STEP][PASSED] - resFormat = findTestData(dataFile).getValue("ResFormat", row): null

2023-02-15 23:07:53 - [TEST_STEP][PASSED] - fName = findTestData(dataFile).getValue("Fname", row): null

2023-02-15 23:07:53 - [TEST_STEP][PASSED] - lName = findTestData(dataFile).getValue("Lname", row): null

2023-02-15 23:07:53 - [TEST_STEP][PASSED] - al1 = findTestData(dataFile).getValue("AL1", row): null

2023-02-15 23:07:53 - [TEST_STEP][PASSED] - city = findTestData(dataFile).getValue("City", row): null

2023-02-15 23:07:53 - [TEST_STEP][PASSED] - state = findTestData(dataFile).getValue("State", row): null

2023-02-15 23:07:53 - [TEST_STEP][PASSED] - zip = findTestData(dataFile).getValue("ZIP", row): null

2023-02-15 23:07:53 - [TEST_STEP][PASSED] - checkType = findTestData(dataFile).getValue("CheckType", row): null

2023-02-15 23:07:53 - [TEST_STEP][PASSED] - acNumber = findTestData(dataFile).getValue("AcNumber", row): null

2023-02-15 23:07:53 - [TEST_STEP][PASSED] - company = findTestData(dataFile).getValue("Company", row): null

2023-02-15 23:07:53 - [TEST_STEP][PASSED] - acType = findTestData(dataFile).getValue("AcType", row): null

2023-02-15 23:07:53 - [TEST_STEP][PASSED] - rtn = findTestData(dataFile).getValue("RTN", row): null

2023-02-15 23:07:53 - [TEST_STEP][PASSED] - amount = findTestData(dataFile).getValue("Amount", row): null

2023-02-15 23:07:54 - [TEST_STEP][PASSED] - sec = findTestData(dataFile).getValue("SEC", row): null

2023-02-15 23:07:54 - [TEST_STEP][PASSED] - openBrowser(VLinkURL + "debit.html"): Browser is opened with url: 'https://dev-algorithm.govolution.com/vlinktest/QA/version_2_0/debit.html'

2023-02-15 23:07:54 - [MESSAGE][WARNING] - A browser is already opened. Closing browser and opening a new one

2023-02-15 23:07:54 - [MESSAGE][INFO] - Starting 'Chrome' driver

2023-02-15 23:07:54 - [MESSAGE][INFO] - User set preference: ['acceptInsecureCerts', 'true']

2023-02-15 23:07:54 - [MESSAGE][INFO] - Action delay is set to 0 milliseconds

2023-02-15 23:07:56 - [MESSAGE][PASSED] - Browser is opened with url: 'https://dev-algorithm.govolution.com/vlinktest/QA/version_2_0/debit.html'

2023-02-15 23:07:56 - [TEST_STEP][PASSED] - maximizeWindow(): Current window maximized

2023-02-15 23:07:56 - [MESSAGE][PASSED] - Current window maximized

2023-02-15 23:07:56 - [TEST_STEP][PASSED] - setText(findTestObject("Object Repository/RecAndPlayBk/Page-Vlink-Debit/input_Transaction Type"), tranType): Text '200' is set on object 'Object Repository/RecAndPlayBk/Page-Vlink-Debit/input_Transaction Type'

2023-02-15 23:07:57 - [MESSAGE][PASSED] - Text '200' is set on object 'Object Repository/RecAndPlayBk/Page-Vlink-Debit/input_Transaction Type'

2023-02-15 23:07:57 - [TEST_STEP][PASSED] - setText(findTestObject("Object Repository/RecAndPlayBk/Page-Vlink-Debit/input_Message Version"), mv): Text '' is set on object 'Object Repository/RecAndPlayBk/Page-Vlink-Debit/input_Message Version'

2023-02-15 23:07:58 - [MESSAGE][PASSED] - Text '' is set on object 'Object Repository/RecAndPlayBk/Page-Vlink-Debit/input_Message Version'

2023-02-15 23:07:58 - [TEST_STEP][PASSED] - genRemID = RandomStringUtils.random(12, true, true): null

2023-02-15 23:07:58 - [TEST_STEP][PASSED] - setText(findTestObject("RecAndPlayBk/Page-Vlink-Debit/input_Remittance Id"), genRemID): Text 'Tifvjsmcb6Jl' is set on object 'Object Repository/RecAndPlayBk/Page-Vlink-Debit/input_Remittance Id'

2023-02-15 23:07:58 - [MESSAGE][PASSED] - Text 'Tifvjsmcb6Jl' is set on object 'Object Repository/RecAndPlayBk/Page-Vlink-Debit/input_Remittance Id'

2023-02-15 23:07:58 - [TEST_STEP][PASSED] - setText(findTestObject("RecAndPlayBk/Page-Vlink-Debit/input_Application Id"), appID): Text '234' is set on object 'Object Repository/RecAndPlayBk/Page-Vlink-Debit/input_Application Id'

2023-02-15 23:07:59 - [MESSAGE][PASSED] - Text '234' is set on object 'Object Repository/RecAndPlayBk/Page-Vlink-Debit/input_Application Id'

2023-02-15 23:07:59 - [TEST_STEP][PASSED] - setText(findTestObject("RecAndPlayBk/Page-Vlink-Debit/input_Username"), username): Text 'username' is set on object 'Object Repository/RecAndPlayBk/Page-Vlink-Debit/input_Username'

2023-02-15 23:08:00 - [MESSAGE][PASSED] - Text 'username' is set on object 'Object Repository/RecAndPlayBk/Page-Vlink-Debit/input_Username'

2023-02-15 23:08:00 - [TEST_STEP][PASSED] - setText(findTestObject("RecAndPlayBk/Page-Vlink-Debit/input_Password"), password): Text 'password' is set on object 'Object Repository/RecAndPlayBk/Page-Vlink-Debit/input_Password'

2023-02-15 23:08:00 - [MESSAGE][PASSED] - Text 'password' is set on object 'Object Repository/RecAndPlayBk/Page-Vlink-Debit/input_Password'

2023-02-15 23:08:00 - [TEST_STEP][PASSED] - setText(findTestObject("Object Repository/RecAndPlayBk/Page-Vlink-Debit/input_Response Format"), resFormat): Text 'fixed_width' is set on object 'Object Repository/RecAndPlayBk/Page-Vlink-Debit/input_Response Format'

2023-02-15 23:08:01 - [MESSAGE][PASSED] - Text 'fixed_width' is set on object 'Object Repository/RecAndPlayBk/Page-Vlink-Debit/input_Response Format'

2023-02-15 23:08:01 - [TEST_STEP][PASSED] - setText(findTestObject("RecAndPlayBk/Page-Vlink-Debit/input_Check Type"), checkType): Text 'P' is set on object 'Object Repository/RecAndPlayBk/Page-Vlink-Debit/input_Check Type'

2023-02-15 23:08:02 - [MESSAGE][PASSED] - Text 'P' is set on object 'Object Repository/RecAndPlayBk/Page-Vlink-Debit/input_Check Type'

2023-02-15 23:08:02 - [TEST_STEP][PASSED] - setText(findTestObject("Object Repository/RecAndPlayBk/Page-Vlink-Debit/input_First Name"), fName): Text 'Andy' is set on object 'Object Repository/RecAndPlayBk/Page-Vlink-Debit/input_First Name'

2023-02-15 23:08:02 - [MESSAGE][PASSED] - Text 'Andy' is set on object 'Object Repository/RecAndPlayBk/Page-Vlink-Debit/input_First Name'

2023-02-15 23:08:02 - [TEST_STEP][PASSED] - setText(findTestObject("Object Repository/RecAndPlayBk/Page-Vlink-Debit/input_Last Name"), lName): Text 'Roberts' is set on object 'Object Repository/RecAndPlayBk/Page-Vlink-Debit/input_Last Name'

2023-02-15 23:08:03 - [MESSAGE][PASSED] - Text 'Roberts' is set on object 'Object Repository/RecAndPlayBk/Page-Vlink-Debit/input_Last Name'

2023-02-15 23:08:03 - [TEST_STEP][PASSED] - setText(findTestObject("Object Repository/RecAndPlayBk/Page-Vlink-Debit/input_Address"), al1): Text '145 Main Street' is set on object 'Object Repository/RecAndPlayBk/Page-Vlink-Debit/input_Address'

2023-02-15 23:08:03 - [MESSAGE][PASSED] - Text '145 Main Street' is set on object 'Object Repository/RecAndPlayBk/Page-Vlink-Debit/input_Address'

2023-02-15 23:08:03 - [TEST_STEP][PASSED] - setText(findTestObject("Object Repository/RecAndPlayBk/Page-Vlink-Debit/input_City"), city): Text 'Arlington' is set on object 'Object Repository/RecAndPlayBk/Page-Vlink-Debit/input_City'

2023-02-15 23:08:04 - [MESSAGE][PASSED] - Text 'Arlington' is set on object 'Object Repository/RecAndPlayBk/Page-Vlink-Debit/input_City'

2023-02-15 23:08:04 - [TEST_STEP][PASSED] - setText(findTestObject("Object Repository/RecAndPlayBk/Page-Vlink-Debit/input_State"), state): Text 'VA' is set on object 'Object Repository/RecAndPlayBk/Page-Vlink-Debit/input_State'

2023-02-15 23:08:05 - [MESSAGE][PASSED] - Text 'VA' is set on object 'Object Repository/RecAndPlayBk/Page-Vlink-Debit/input_State'

2023-02-15 23:08:05 - [TEST_STEP][PASSED] - setText(findTestObject("Object Repository/RecAndPlayBk/Page-Vlink-Debit/input_Zip"), zip): Text '22201' is set on object 'Object Repository/RecAndPlayBk/Page-Vlink-Debit/input_Zip'

2023-02-15 23:08:05 - [MESSAGE][PASSED] - Text '22201' is set on object 'Object Repository/RecAndPlayBk/Page-Vlink-Debit/input_Zip'

2023-02-15 23:08:05 - [TEST_STEP][PASSED] - setText(findTestObject("RecAndPlayBk/Page-Vlink-Debit/input_Account_check"), acNumber): Text '58963214' is set on object 'Object Repository/RecAndPlayBk/Page-Vlink-Debit/input_Account_check'

2023-02-15 23:08:06 - [MESSAGE][PASSED] - Text '58963214' is set on object 'Object Repository/RecAndPlayBk/Page-Vlink-Debit/input_Account_check'

2023-02-15 23:08:06 - [TEST_STEP][PASSED] - setText(findTestObject("RecAndPlayBk/Page-Vlink-Debit/input_Company_check"), company): Text '' is set on object 'Object Repository/RecAndPlayBk/Page-Vlink-Debit/input_Company_check'

2023-02-15 23:08:07 - [MESSAGE][PASSED] - Text '' is set on object 'Object Repository/RecAndPlayBk/Page-Vlink-Debit/input_Company_check'

2023-02-15 23:08:07 - [TEST_STEP][PASSED] - setText(findTestObject("RecAndPlayBk/Page-Vlink-Debit/input_Account Type"), acType): Text '1' is set on object 'Object Repository/RecAndPlayBk/Page-Vlink-Debit/input_Account Type'

2023-02-15 23:08:07 - [MESSAGE][PASSED] - Text '1' is set on object 'Object Repository/RecAndPlayBk/Page-Vlink-Debit/input_Account Type'

2023-02-15 23:08:07 - [TEST_STEP][PASSED] - setText(findTestObject("RecAndPlayBk/Page-Vlink-Debit/input_Routing Number"), rtn): Text '256072691' is set on object 'Object Repository/RecAndPlayBk/Page-Vlink-Debit/input_Routing Number'

2023-02-15 23:08:08 - [MESSAGE][PASSED] - Text '256072691' is set on object 'Object Repository/RecAndPlayBk/Page-Vlink-Debit/input_Routing Number'

2023-02-15 23:08:08 - [TEST_STEP][PASSED] - setText(findTestObject("RecAndPlayBk/Page-Vlink-Debit/input_Amount"), amount): Text '12.50' is set on object 'Object Repository/RecAndPlayBk/Page-Vlink-Debit/input_Amount'

2023-02-15 23:08:09 - [MESSAGE][PASSED] - Text '12.50' is set on object 'Object Repository/RecAndPlayBk/Page-Vlink-Debit/input_Amount'

2023-02-15 23:08:09 - [TEST_STEP][PASSED] - setText(findTestObject("RecAndPlayBk/Page-Vlink-Debit/input_Check Email"), ""): Text '' is set on object 'Object Repository/RecAndPlayBk/Page-Vlink-Debit/input_Check Email'

2023-02-15 23:08:09 - [MESSAGE][PASSED] - Text '' is set on object 'Object Repository/RecAndPlayBk/Page-Vlink-Debit/input_Check Email'

2023-02-15 23:08:09 - [TEST_STEP][PASSED] - setText(findTestObject("Object Repository/RecAndPlayBk/Page-Vlink-Debit/input_concat(CheckWriter, , s SSN)_check_ssn"), ""): Text '' is set on object 'Object Repository/RecAndPlayBk/Page-Vlink-Debit/input_concat(CheckWriter, , s SSN)_check_ssn'

2023-02-15 23:08:10 - [MESSAGE][PASSED] - Text '' is set on object 'Object Repository/RecAndPlayBk/Page-Vlink-Debit/input_concat(CheckWriter, , s SSN)_check_ssn'

2023-02-15 23:08:10 - [TEST_STEP][PASSED] - setText(findTestObject("Object Repository/RecAndPlayBk/Page-Vlink-Debit/input_concat(CheckWriter, , s License Numbe_020fef"), ""): Text '' is set on object 'Object Repository/RecAndPlayBk/Page-Vlink-Debit/input_concat(CheckWriter, , s License Numbe_020fef'

2023-02-15 23:08:11 - [MESSAGE][PASSED] - Text '' is set on object 'Object Repository/RecAndPlayBk/Page-Vlink-Debit/input_concat(CheckWriter, , s License Numbe_020fef'

2023-02-15 23:08:11 - [TEST_STEP][PASSED] - setText(findTestObject("Object Repository/RecAndPlayBk/Page-Vlink-Debit/input_concat(CheckWriter, , s License State_21e3e7"), ""): Text '' is set on object 'Object Repository/RecAndPlayBk/Page-Vlink-Debit/input_concat(CheckWriter, , s License State_21e3e7'

2023-02-15 23:08:11 - [MESSAGE][PASSED] - Text '' is set on object 'Object Repository/RecAndPlayBk/Page-Vlink-Debit/input_concat(CheckWriter, , s License State_21e3e7'

2023-02-15 23:08:11 - [TEST_STEP][PASSED] - setText(findTestObject("RecAndPlayBk/Page-Vlink-Debit/input_Standard Entry Class"), sec): Text 'TEL' is set on object 'Object Repository/RecAndPlayBk/Page-Vlink-Debit/input_Standard Entry Class'

2023-02-15 23:08:12 - [MESSAGE][PASSED] - Text 'TEL' is set on object 'Object Repository/RecAndPlayBk/Page-Vlink-Debit/input_Standard Entry Class'

2023-02-15 23:08:12 - [TEST_STEP][PASSED] - click(findTestObject("Object Repository/RecAndPlayBk/Page-Vlink-Debit/input")): Object: 'Object Repository/RecAndPlayBk/Page-Vlink-Debit/input' is clicked on

2023-02-15 23:08:13 - [MESSAGE][PASSED] - Object: 'Object Repository/RecAndPlayBk/Page-Vlink-Debit/input' is clicked on

2023-02-15 23:08:13 - [TEST_STEP][PASSED] - if (verifyTextPresent(errorMsg, true)): null

2023-02-15 23:08:13 - [MESSAGE][PASSED] - Text 'Missing parameter: message_version' is present on page  using regular expression

2023-02-15 23:08:13 - [TEST_STEP][PASSED] - println("Error Message is present on the Confirmation page"): null

2023-02-15 23:08:13 - [TEST_STEP][PASSED] - out.println("Pass Record Number: " + row): null

2023-02-15 23:08:13 - [TEST_STEP][PASSED] - resText = "Pass": null

2023-02-15 23:08:13 - [TEST_STEP][PASSED] - pages.WriteExcel.demoKey(resText, datText, resColumn, datCloumn, fileLoc, nameSheet, row): pages.WriteExcel.demoKey is PASSED

2023-02-15 23:08:13 - [MESSAGE][PASSED] - pages.WriteExcel.demoKey is PASSED

2023-02-15 23:08:13 - [TEST_STEP][PASSED] - ExecuteTC = findTestData(dataFile).getValue("Execute", row): null

2023-02-15 23:08:13 - [TEST_STEP][PASSED] - out.println("Value of Execute is : " + ExecuteTC): null

2023-02-15 23:08:13 - [TEST_STEP][PASSED] - if (ExecuteTC.equalsIgnoreCase("Y")): null

2023-02-15 23:08:13 - [TEST_STEP][PASSED] - out.println("Begin Record Number: " + row): null

2023-02-15 23:08:13 - [TEST_STEP][PASSED] - today = new java.util.Date(): null

2023-02-15 23:08:13 - [TEST_STEP][PASSED] - println(today): null

2023-02-15 23:08:13 - [TEST_STEP][PASSED] - datText = today: null

2023-02-15 23:08:13 - [TEST_STEP][PASSED] - appID = findTestData(dataFile).getValue("AppID", row): null

2023-02-15 23:08:13 - [TEST_STEP][PASSED] - username = findTestData(dataFile).getValue("Username", row): null

2023-02-15 23:08:13 - [TEST_STEP][PASSED] - password = findTestData(dataFile).getValue("Password", row): null

2023-02-15 23:08:13 - [TEST_STEP][PASSED] - errorMsg = findTestData(dataFile).getValue("ErrorMsg", row): null

2023-02-15 23:08:13 - [TEST_STEP][PASSED] - tranType = findTestData(dataFile).getValue("TranType", row): null

2023-02-15 23:08:13 - [TEST_STEP][PASSED] - mv = findTestData(dataFile).getValue("MV", row): null

2023-02-15 23:08:13 - [TEST_STEP][PASSED] - resFormat = findTestData(dataFile).getValue("ResFormat", row): null

2023-02-15 23:08:13 - [TEST_STEP][PASSED] - fName = findTestData(dataFile).getValue("Fname", row): null

2023-02-15 23:08:14 - [TEST_STEP][PASSED] - lName = findTestData(dataFile).getValue("Lname", row): null

2023-02-15 23:08:14 - [TEST_STEP][PASSED] - al1 = findTestData(dataFile).getValue("AL1", row): null

2023-02-15 23:08:14 - [TEST_STEP][PASSED] - city = findTestData(dataFile).getValue("City", row): null

2023-02-15 23:08:14 - [TEST_STEP][PASSED] - state = findTestData(dataFile).getValue("State", row): null

2023-02-15 23:08:14 - [TEST_STEP][PASSED] - zip = findTestData(dataFile).getValue("ZIP", row): null

2023-02-15 23:08:14 - [TEST_STEP][PASSED] - checkType = findTestData(dataFile).getValue("CheckType", row): null

2023-02-15 23:08:14 - [TEST_STEP][PASSED] - acNumber = findTestData(dataFile).getValue("AcNumber", row): null

2023-02-15 23:08:14 - [TEST_STEP][PASSED] - company = findTestData(dataFile).getValue("Company", row): null

2023-02-15 23:08:14 - [TEST_STEP][PASSED] - acType = findTestData(dataFile).getValue("AcType", row): null

2023-02-15 23:08:14 - [TEST_STEP][PASSED] - rtn = findTestData(dataFile).getValue("RTN", row): null

2023-02-15 23:08:14 - [TEST_STEP][PASSED] - amount = findTestData(dataFile).getValue("Amount", row): null

2023-02-15 23:08:14 - [TEST_STEP][PASSED] - sec = findTestData(dataFile).getValue("SEC", row): null

2023-02-15 23:08:14 - [TEST_STEP][PASSED] - openBrowser(VLinkURL + "debit.html"): Browser is opened with url: 'https://dev-algorithm.govolution.com/vlinktest/QA/version_2_0/debit.html'

2023-02-15 23:08:14 - [MESSAGE][WARNING] - A browser is already opened. Closing browser and opening a new one

2023-02-15 23:08:15 - [MESSAGE][INFO] - Starting 'Chrome' driver

2023-02-15 23:08:15 - [MESSAGE][INFO] - User set preference: ['acceptInsecureCerts', 'true']

2023-02-15 23:08:15 - [MESSAGE][INFO] - Action delay is set to 0 milliseconds

2023-02-15 23:08:17 - [MESSAGE][PASSED] - Browser is opened with url: 'https://dev-algorithm.govolution.com/vlinktest/QA/version_2_0/debit.html'

2023-02-15 23:08:17 - [TEST_STEP][PASSED] - maximizeWindow(): Current window maximized

2023-02-15 23:08:17 - [MESSAGE][PASSED] - Current window maximized

2023-02-15 23:08:17 - [TEST_STEP][PASSED] - setText(findTestObject("Object Repository/RecAndPlayBk/Page-Vlink-Debit/input_Transaction Type"), tranType): Text '200' is set on object 'Object Repository/RecAndPlayBk/Page-Vlink-Debit/input_Transaction Type'

2023-02-15 23:08:18 - [MESSAGE][PASSED] - Text '200' is set on object 'Object Repository/RecAndPlayBk/Page-Vlink-Debit/input_Transaction Type'

2023-02-15 23:08:18 - [TEST_STEP][PASSED] - setText(findTestObject("Object Repository/RecAndPlayBk/Page-Vlink-Debit/input_Message Version"), mv): Text '2.0A' is set on object 'Object Repository/RecAndPlayBk/Page-Vlink-Debit/input_Message Version'

2023-02-15 23:08:19 - [MESSAGE][PASSED] - Text '2.0A' is set on object 'Object Repository/RecAndPlayBk/Page-Vlink-Debit/input_Message Version'

2023-02-15 23:08:19 - [TEST_STEP][PASSED] - genRemID = RandomStringUtils.random(12, true, true): null

2023-02-15 23:08:19 - [TEST_STEP][PASSED] - setText(findTestObject("RecAndPlayBk/Page-Vlink-Debit/input_Remittance Id"), genRemID): Text 'fYNNRsYenMDr' is set on object 'Object Repository/RecAndPlayBk/Page-Vlink-Debit/input_Remittance Id'

2023-02-15 23:08:19 - [MESSAGE][PASSED] - Text 'fYNNRsYenMDr' is set on object 'Object Repository/RecAndPlayBk/Page-Vlink-Debit/input_Remittance Id'

2023-02-15 23:08:19 - [TEST_STEP][PASSED] - setText(findTestObject("RecAndPlayBk/Page-Vlink-Debit/input_Application Id"), appID): Text '' is set on object 'Object Repository/RecAndPlayBk/Page-Vlink-Debit/input_Application Id'

2023-02-15 23:08:20 - [MESSAGE][PASSED] - Text '' is set on object 'Object Repository/RecAndPlayBk/Page-Vlink-Debit/input_Application Id'

2023-02-15 23:08:20 - [TEST_STEP][PASSED] - setText(findTestObject("RecAndPlayBk/Page-Vlink-Debit/input_Username"), username): Text 'username' is set on object 'Object Repository/RecAndPlayBk/Page-Vlink-Debit/input_Username'

2023-02-15 23:08:20 - [MESSAGE][PASSED] - Text 'username' is set on object 'Object Repository/RecAndPlayBk/Page-Vlink-Debit/input_Username'

2023-02-15 23:08:20 - [TEST_STEP][PASSED] - setText(findTestObject("RecAndPlayBk/Page-Vlink-Debit/input_Password"), password): Text 'password' is set on object 'Object Repository/RecAndPlayBk/Page-Vlink-Debit/input_Password'

2023-02-15 23:08:21 - [MESSAGE][PASSED] - Text 'password' is set on object 'Object Repository/RecAndPlayBk/Page-Vlink-Debit/input_Password'

2023-02-15 23:08:21 - [TEST_STEP][PASSED] - setText(findTestObject("Object Repository/RecAndPlayBk/Page-Vlink-Debit/input_Response Format"), resFormat): Text 'fixed_width' is set on object 'Object Repository/RecAndPlayBk/Page-Vlink-Debit/input_Response Format'

2023-02-15 23:08:22 - [MESSAGE][PASSED] - Text 'fixed_width' is set on object 'Object Repository/RecAndPlayBk/Page-Vlink-Debit/input_Response Format'

2023-02-15 23:08:22 - [TEST_STEP][PASSED] - setText(findTestObject("RecAndPlayBk/Page-Vlink-Debit/input_Check Type"), checkType): Text 'P' is set on object 'Object Repository/RecAndPlayBk/Page-Vlink-Debit/input_Check Type'

2023-02-15 23:08:22 - [MESSAGE][PASSED] - Text 'P' is set on object 'Object Repository/RecAndPlayBk/Page-Vlink-Debit/input_Check Type'

2023-02-15 23:08:22 - [TEST_STEP][PASSED] - setText(findTestObject("Object Repository/RecAndPlayBk/Page-Vlink-Debit/input_First Name"), fName): Text 'Andy' is set on object 'Object Repository/RecAndPlayBk/Page-Vlink-Debit/input_First Name'

2023-02-15 23:08:23 - [MESSAGE][PASSED] - Text 'Andy' is set on object 'Object Repository/RecAndPlayBk/Page-Vlink-Debit/input_First Name'

2023-02-15 23:08:23 - [TEST_STEP][PASSED] - setText(findTestObject("Object Repository/RecAndPlayBk/Page-Vlink-Debit/input_Last Name"), lName): Text 'Roberts' is set on object 'Object Repository/RecAndPlayBk/Page-Vlink-Debit/input_Last Name'

2023-02-15 23:08:24 - [MESSAGE][PASSED] - Text 'Roberts' is set on object 'Object Repository/RecAndPlayBk/Page-Vlink-Debit/input_Last Name'

2023-02-15 23:08:24 - [TEST_STEP][PASSED] - setText(findTestObject("Object Repository/RecAndPlayBk/Page-Vlink-Debit/input_Address"), al1): Text '145 Main Street' is set on object 'Object Repository/RecAndPlayBk/Page-Vlink-Debit/input_Address'

2023-02-15 23:08:24 - [MESSAGE][PASSED] - Text '145 Main Street' is set on object 'Object Repository/RecAndPlayBk/Page-Vlink-Debit/input_Address'

2023-02-15 23:08:24 - [TEST_STEP][PASSED] - setText(findTestObject("Object Repository/RecAndPlayBk/Page-Vlink-Debit/input_City"), city): Text 'Arlington' is set on object 'Object Repository/RecAndPlayBk/Page-Vlink-Debit/input_City'

2023-02-15 23:08:25 - [MESSAGE][PASSED] - Text 'Arlington' is set on object 'Object Repository/RecAndPlayBk/Page-Vlink-Debit/input_City'

2023-02-15 23:08:25 - [TEST_STEP][PASSED] - setText(findTestObject("Object Repository/RecAndPlayBk/Page-Vlink-Debit/input_State"), state): Text 'VA' is set on object 'Object Repository/RecAndPlayBk/Page-Vlink-Debit/input_State'

2023-02-15 23:08:25 - [MESSAGE][PASSED] - Text 'VA' is set on object 'Object Repository/RecAndPlayBk/Page-Vlink-Debit/input_State'

2023-02-15 23:08:25 - [TEST_STEP][PASSED] - setText(findTestObject("Object Repository/RecAndPlayBk/Page-Vlink-Debit/input_Zip"), zip): Text '22201' is set on object 'Object Repository/RecAndPlayBk/Page-Vlink-Debit/input_Zip'

2023-02-15 23:08:26 - [MESSAGE][PASSED] - Text '22201' is set on object 'Object Repository/RecAndPlayBk/Page-Vlink-Debit/input_Zip'

2023-02-15 23:08:26 - [TEST_STEP][PASSED] - setText(findTestObject("RecAndPlayBk/Page-Vlink-Debit/input_Account_check"), acNumber): Text '58963214' is set on object 'Object Repository/RecAndPlayBk/Page-Vlink-Debit/input_Account_check'

2023-02-15 23:08:27 - [MESSAGE][PASSED] - Text '58963214' is set on object 'Object Repository/RecAndPlayBk/Page-Vlink-Debit/input_Account_check'

2023-02-15 23:08:27 - [TEST_STEP][PASSED] - setText(findTestObject("RecAndPlayBk/Page-Vlink-Debit/input_Company_check"), company): Text '' is set on object 'Object Repository/RecAndPlayBk/Page-Vlink-Debit/input_Company_check'

2023-02-15 23:08:28 - [MESSAGE][PASSED] - Text '' is set on object 'Object Repository/RecAndPlayBk/Page-Vlink-Debit/input_Company_check'

2023-02-15 23:08:28 - [TEST_STEP][PASSED] - setText(findTestObject("RecAndPlayBk/Page-Vlink-Debit/input_Account Type"), acType): Text '1' is set on object 'Object Repository/RecAndPlayBk/Page-Vlink-Debit/input_Account Type'

2023-02-15 23:08:28 - [MESSAGE][PASSED] - Text '1' is set on object 'Object Repository/RecAndPlayBk/Page-Vlink-Debit/input_Account Type'

2023-02-15 23:08:28 - [TEST_STEP][PASSED] - setText(findTestObject("RecAndPlayBk/Page-Vlink-Debit/input_Routing Number"), rtn): Text '256072691' is set on object 'Object Repository/RecAndPlayBk/Page-Vlink-Debit/input_Routing Number'

2023-02-15 23:08:29 - [MESSAGE][PASSED] - Text '256072691' is set on object 'Object Repository/RecAndPlayBk/Page-Vlink-Debit/input_Routing Number'

2023-02-15 23:08:29 - [TEST_STEP][PASSED] - setText(findTestObject("RecAndPlayBk/Page-Vlink-Debit/input_Amount"), amount): Text '12.50' is set on object 'Object Repository/RecAndPlayBk/Page-Vlink-Debit/input_Amount'

2023-02-15 23:08:30 - [MESSAGE][PASSED] - Text '12.50' is set on object 'Object Repository/RecAndPlayBk/Page-Vlink-Debit/input_Amount'

2023-02-15 23:08:30 - [TEST_STEP][PASSED] - setText(findTestObject("RecAndPlayBk/Page-Vlink-Debit/input_Check Email"), ""): Text '' is set on object 'Object Repository/RecAndPlayBk/Page-Vlink-Debit/input_Check Email'

2023-02-15 23:08:30 - [MESSAGE][PASSED] - Text '' is set on object 'Object Repository/RecAndPlayBk/Page-Vlink-Debit/input_Check Email'

2023-02-15 23:08:30 - [TEST_STEP][PASSED] - setText(findTestObject("Object Repository/RecAndPlayBk/Page-Vlink-Debit/input_concat(CheckWriter, , s SSN)_check_ssn"), ""): Text '' is set on object 'Object Repository/RecAndPlayBk/Page-Vlink-Debit/input_concat(CheckWriter, , s SSN)_check_ssn'

2023-02-15 23:08:31 - [MESSAGE][PASSED] - Text '' is set on object 'Object Repository/RecAndPlayBk/Page-Vlink-Debit/input_concat(CheckWriter, , s SSN)_check_ssn'

2023-02-15 23:08:31 - [TEST_STEP][PASSED] - setText(findTestObject("Object Repository/RecAndPlayBk/Page-Vlink-Debit/input_concat(CheckWriter, , s License Numbe_020fef"), ""): Text '' is set on object 'Object Repository/RecAndPlayBk/Page-Vlink-Debit/input_concat(CheckWriter, , s License Numbe_020fef'

2023-02-15 23:08:32 - [MESSAGE][PASSED] - Text '' is set on object 'Object Repository/RecAndPlayBk/Page-Vlink-Debit/input_concat(CheckWriter, , s License Numbe_020fef'

2023-02-15 23:08:32 - [TEST_STEP][PASSED] - setText(findTestObject("Object Repository/RecAndPlayBk/Page-Vlink-Debit/input_concat(CheckWriter, , s License State_21e3e7"), ""): Text '' is set on object 'Object Repository/RecAndPlayBk/Page-Vlink-Debit/input_concat(CheckWriter, , s License State_21e3e7'

2023-02-15 23:08:32 - [MESSAGE][PASSED] - Text '' is set on object 'Object Repository/RecAndPlayBk/Page-Vlink-Debit/input_concat(CheckWriter, , s License State_21e3e7'

2023-02-15 23:08:32 - [TEST_STEP][PASSED] - setText(findTestObject("RecAndPlayBk/Page-Vlink-Debit/input_Standard Entry Class"), sec): Text 'PPD' is set on object 'Object Repository/RecAndPlayBk/Page-Vlink-Debit/input_Standard Entry Class'

2023-02-15 23:08:33 - [MESSAGE][PASSED] - Text 'PPD' is set on object 'Object Repository/RecAndPlayBk/Page-Vlink-Debit/input_Standard Entry Class'

2023-02-15 23:08:33 - [TEST_STEP][PASSED] - click(findTestObject("Object Repository/RecAndPlayBk/Page-Vlink-Debit/input")): Object: 'Object Repository/RecAndPlayBk/Page-Vlink-Debit/input' is clicked on

2023-02-15 23:08:34 - [MESSAGE][PASSED] - Object: 'Object Repository/RecAndPlayBk/Page-Vlink-Debit/input' is clicked on

2023-02-15 23:08:34 - [TEST_STEP][PASSED] - if (verifyTextPresent(errorMsg, true)): null

2023-02-15 23:08:34 - [MESSAGE][PASSED] - Text 'Missing parameter: application_id' is present on page  using regular expression

2023-02-15 23:08:34 - [TEST_STEP][PASSED] - println("Error Message is present on the Confirmation page"): null

2023-02-15 23:08:34 - [TEST_STEP][PASSED] - out.println("Pass Record Number: " + row): null

2023-02-15 23:08:34 - [TEST_STEP][PASSED] - resText = "Pass": null

2023-02-15 23:08:34 - [TEST_STEP][PASSED] - pages.WriteExcel.demoKey(resText, datText, resColumn, datCloumn, fileLoc, nameSheet, row): pages.WriteExcel.demoKey is PASSED

2023-02-15 23:08:34 - [MESSAGE][PASSED] - pages.WriteExcel.demoKey is PASSED

2023-02-15 23:08:34 - [TEST_STEP][PASSED] - ExecuteTC = findTestData(dataFile).getValue("Execute", row): null

2023-02-15 23:08:34 - [TEST_STEP][PASSED] - out.println("Value of Execute is : " + ExecuteTC): null

2023-02-15 23:08:34 - [TEST_STEP][PASSED] - if (ExecuteTC.equalsIgnoreCase("Y")): null

2023-02-15 23:08:34 - [TEST_STEP][PASSED] - out.println("Begin Record Number: " + row): null

2023-02-15 23:08:34 - [TEST_STEP][PASSED] - today = new java.util.Date(): null

2023-02-15 23:08:34 - [TEST_STEP][PASSED] - println(today): null

2023-02-15 23:08:34 - [TEST_STEP][PASSED] - datText = today: null

2023-02-15 23:08:34 - [TEST_STEP][PASSED] - appID = findTestData(dataFile).getValue("AppID", row): null

2023-02-15 23:08:34 - [TEST_STEP][PASSED] - username = findTestData(dataFile).getValue("Username", row): null

2023-02-15 23:08:34 - [TEST_STEP][PASSED] - password = findTestData(dataFile).getValue("Password", row): null

2023-02-15 23:08:34 - [TEST_STEP][PASSED] - errorMsg = findTestData(dataFile).getValue("ErrorMsg", row): null

2023-02-15 23:08:34 - [TEST_STEP][PASSED] - tranType = findTestData(dataFile).getValue("TranType", row): null

2023-02-15 23:08:34 - [TEST_STEP][PASSED] - mv = findTestData(dataFile).getValue("MV", row): null

2023-02-15 23:08:34 - [TEST_STEP][PASSED] - resFormat = findTestData(dataFile).getValue("ResFormat", row): null

2023-02-15 23:08:34 - [TEST_STEP][PASSED] - fName = findTestData(dataFile).getValue("Fname", row): null

2023-02-15 23:08:34 - [TEST_STEP][PASSED] - lName = findTestData(dataFile).getValue("Lname", row): null

2023-02-15 23:08:35 - [TEST_STEP][PASSED] - al1 = findTestData(dataFile).getValue("AL1", row): null

2023-02-15 23:08:35 - [TEST_STEP][PASSED] - city = findTestData(dataFile).getValue("City", row): null

2023-02-15 23:08:35 - [TEST_STEP][PASSED] - state = findTestData(dataFile).getValue("State", row): null

2023-02-15 23:08:35 - [TEST_STEP][PASSED] - zip = findTestData(dataFile).getValue("ZIP", row): null

2023-02-15 23:08:35 - [TEST_STEP][PASSED] - checkType = findTestData(dataFile).getValue("CheckType", row): null

2023-02-15 23:08:35 - [TEST_STEP][PASSED] - acNumber = findTestData(dataFile).getValue("AcNumber", row): null

2023-02-15 23:08:35 - [TEST_STEP][PASSED] - company = findTestData(dataFile).getValue("Company", row): null

2023-02-15 23:08:35 - [TEST_STEP][PASSED] - acType = findTestData(dataFile).getValue("AcType", row): null

2023-02-15 23:08:35 - [TEST_STEP][PASSED] - rtn = findTestData(dataFile).getValue("RTN", row): null

2023-02-15 23:08:35 - [TEST_STEP][PASSED] - amount = findTestData(dataFile).getValue("Amount", row): null

2023-02-15 23:08:35 - [TEST_STEP][PASSED] - sec = findTestData(dataFile).getValue("SEC", row): null

2023-02-15 23:08:35 - [TEST_STEP][PASSED] - openBrowser(VLinkURL + "debit.html"): Browser is opened with url: 'https://dev-algorithm.govolution.com/vlinktest/QA/version_2_0/debit.html'

2023-02-15 23:08:35 - [MESSAGE][WARNING] - A browser is already opened. Closing browser and opening a new one

2023-02-15 23:08:36 - [MESSAGE][INFO] - Starting 'Chrome' driver

2023-02-15 23:08:36 - [MESSAGE][INFO] - User set preference: ['acceptInsecureCerts', 'true']

2023-02-15 23:08:36 - [MESSAGE][INFO] - Action delay is set to 0 milliseconds

2023-02-15 23:08:38 - [MESSAGE][PASSED] - Browser is opened with url: 'https://dev-algorithm.govolution.com/vlinktest/QA/version_2_0/debit.html'

2023-02-15 23:08:38 - [TEST_STEP][PASSED] - maximizeWindow(): Current window maximized

2023-02-15 23:08:38 - [MESSAGE][PASSED] - Current window maximized

2023-02-15 23:08:38 - [TEST_STEP][PASSED] - setText(findTestObject("Object Repository/RecAndPlayBk/Page-Vlink-Debit/input_Transaction Type"), tranType): Text '200' is set on object 'Object Repository/RecAndPlayBk/Page-Vlink-Debit/input_Transaction Type'

2023-02-15 23:08:39 - [MESSAGE][PASSED] - Text '200' is set on object 'Object Repository/RecAndPlayBk/Page-Vlink-Debit/input_Transaction Type'

2023-02-15 23:08:39 - [TEST_STEP][PASSED] - setText(findTestObject("Object Repository/RecAndPlayBk/Page-Vlink-Debit/input_Message Version"), mv): Text '2.0A' is set on object 'Object Repository/RecAndPlayBk/Page-Vlink-Debit/input_Message Version'

2023-02-15 23:08:40 - [MESSAGE][PASSED] - Text '2.0A' is set on object 'Object Repository/RecAndPlayBk/Page-Vlink-Debit/input_Message Version'

2023-02-15 23:08:40 - [TEST_STEP][PASSED] - genRemID = RandomStringUtils.random(12, true, true): null

2023-02-15 23:08:40 - [TEST_STEP][PASSED] - setText(findTestObject("RecAndPlayBk/Page-Vlink-Debit/input_Remittance Id"), genRemID): Text 'yZzLrlC4DZhR' is set on object 'Object Repository/RecAndPlayBk/Page-Vlink-Debit/input_Remittance Id'

2023-02-15 23:08:40 - [MESSAGE][PASSED] - Text 'yZzLrlC4DZhR' is set on object 'Object Repository/RecAndPlayBk/Page-Vlink-Debit/input_Remittance Id'

2023-02-15 23:08:40 - [TEST_STEP][PASSED] - setText(findTestObject("RecAndPlayBk/Page-Vlink-Debit/input_Application Id"), appID): Text '234' is set on object 'Object Repository/RecAndPlayBk/Page-Vlink-Debit/input_Application Id'

2023-02-15 23:08:41 - [MESSAGE][PASSED] - Text '234' is set on object 'Object Repository/RecAndPlayBk/Page-Vlink-Debit/input_Application Id'

2023-02-15 23:08:41 - [TEST_STEP][PASSED] - setText(findTestObject("RecAndPlayBk/Page-Vlink-Debit/input_Username"), username): Text '' is set on object 'Object Repository/RecAndPlayBk/Page-Vlink-Debit/input_Username'

2023-02-15 23:08:42 - [MESSAGE][PASSED] - Text '' is set on object 'Object Repository/RecAndPlayBk/Page-Vlink-Debit/input_Username'

2023-02-15 23:08:42 - [TEST_STEP][PASSED] - setText(findTestObject("RecAndPlayBk/Page-Vlink-Debit/input_Password"), password): Text 'password' is set on object 'Object Repository/RecAndPlayBk/Page-Vlink-Debit/input_Password'

2023-02-15 23:08:42 - [MESSAGE][PASSED] - Text 'password' is set on object 'Object Repository/RecAndPlayBk/Page-Vlink-Debit/input_Password'

2023-02-15 23:08:42 - [TEST_STEP][PASSED] - setText(findTestObject("Object Repository/RecAndPlayBk/Page-Vlink-Debit/input_Response Format"), resFormat): Text 'fixed_width' is set on object 'Object Repository/RecAndPlayBk/Page-Vlink-Debit/input_Response Format'

2023-02-15 23:08:43 - [MESSAGE][PASSED] - Text 'fixed_width' is set on object 'Object Repository/RecAndPlayBk/Page-Vlink-Debit/input_Response Format'

2023-02-15 23:08:43 - [TEST_STEP][PASSED] - setText(findTestObject("RecAndPlayBk/Page-Vlink-Debit/input_Check Type"), checkType): Text 'P' is set on object 'Object Repository/RecAndPlayBk/Page-Vlink-Debit/input_Check Type'

2023-02-15 23:08:43 - [MESSAGE][PASSED] - Text 'P' is set on object 'Object Repository/RecAndPlayBk/Page-Vlink-Debit/input_Check Type'

2023-02-15 23:08:43 - [TEST_STEP][PASSED] - setText(findTestObject("Object Repository/RecAndPlayBk/Page-Vlink-Debit/input_First Name"), fName): Text 'Andy' is set on object 'Object Repository/RecAndPlayBk/Page-Vlink-Debit/input_First Name'

2023-02-15 23:08:44 - [MESSAGE][PASSED] - Text 'Andy' is set on object 'Object Repository/RecAndPlayBk/Page-Vlink-Debit/input_First Name'

2023-02-15 23:08:44 - [TEST_STEP][PASSED] - setText(findTestObject("Object Repository/RecAndPlayBk/Page-Vlink-Debit/input_Last Name"), lName): Text 'Roberts' is set on object 'Object Repository/RecAndPlayBk/Page-Vlink-Debit/input_Last Name'

2023-02-15 23:08:45 - [MESSAGE][PASSED] - Text 'Roberts' is set on object 'Object Repository/RecAndPlayBk/Page-Vlink-Debit/input_Last Name'

2023-02-15 23:08:45 - [TEST_STEP][PASSED] - setText(findTestObject("Object Repository/RecAndPlayBk/Page-Vlink-Debit/input_Address"), al1): Text '145 Main Street' is set on object 'Object Repository/RecAndPlayBk/Page-Vlink-Debit/input_Address'

2023-02-15 23:08:45 - [MESSAGE][PASSED] - Text '145 Main Street' is set on object 'Object Repository/RecAndPlayBk/Page-Vlink-Debit/input_Address'

2023-02-15 23:08:45 - [TEST_STEP][PASSED] - setText(findTestObject("Object Repository/RecAndPlayBk/Page-Vlink-Debit/input_City"), city): Text 'Arlington' is set on object 'Object Repository/RecAndPlayBk/Page-Vlink-Debit/input_City'

2023-02-15 23:08:46 - [MESSAGE][PASSED] - Text 'Arlington' is set on object 'Object Repository/RecAndPlayBk/Page-Vlink-Debit/input_City'

2023-02-15 23:08:46 - [TEST_STEP][PASSED] - setText(findTestObject("Object Repository/RecAndPlayBk/Page-Vlink-Debit/input_State"), state): Text 'VA' is set on object 'Object Repository/RecAndPlayBk/Page-Vlink-Debit/input_State'

2023-02-15 23:08:47 - [MESSAGE][PASSED] - Text 'VA' is set on object 'Object Repository/RecAndPlayBk/Page-Vlink-Debit/input_State'

2023-02-15 23:08:47 - [TEST_STEP][PASSED] - setText(findTestObject("Object Repository/RecAndPlayBk/Page-Vlink-Debit/input_Zip"), zip): Text '22201' is set on object 'Object Repository/RecAndPlayBk/Page-Vlink-Debit/input_Zip'

2023-02-15 23:08:47 - [MESSAGE][PASSED] - Text '22201' is set on object 'Object Repository/RecAndPlayBk/Page-Vlink-Debit/input_Zip'

2023-02-15 23:08:47 - [TEST_STEP][PASSED] - setText(findTestObject("RecAndPlayBk/Page-Vlink-Debit/input_Account_check"), acNumber): Text '58963214' is set on object 'Object Repository/RecAndPlayBk/Page-Vlink-Debit/input_Account_check'

2023-02-15 23:08:48 - [MESSAGE][PASSED] - Text '58963214' is set on object 'Object Repository/RecAndPlayBk/Page-Vlink-Debit/input_Account_check'

2023-02-15 23:08:48 - [TEST_STEP][PASSED] - setText(findTestObject("RecAndPlayBk/Page-Vlink-Debit/input_Company_check"), company): Text '' is set on object 'Object Repository/RecAndPlayBk/Page-Vlink-Debit/input_Company_check'

2023-02-15 23:08:49 - [MESSAGE][PASSED] - Text '' is set on object 'Object Repository/RecAndPlayBk/Page-Vlink-Debit/input_Company_check'

2023-02-15 23:08:49 - [TEST_STEP][PASSED] - setText(findTestObject("RecAndPlayBk/Page-Vlink-Debit/input_Account Type"), acType): Text '2' is set on object 'Object Repository/RecAndPlayBk/Page-Vlink-Debit/input_Account Type'

2023-02-15 23:08:49 - [MESSAGE][PASSED] - Text '2' is set on object 'Object Repository/RecAndPlayBk/Page-Vlink-Debit/input_Account Type'

2023-02-15 23:08:49 - [TEST_STEP][PASSED] - setText(findTestObject("RecAndPlayBk/Page-Vlink-Debit/input_Routing Number"), rtn): Text '256072691' is set on object 'Object Repository/RecAndPlayBk/Page-Vlink-Debit/input_Routing Number'

2023-02-15 23:08:50 - [MESSAGE][PASSED] - Text '256072691' is set on object 'Object Repository/RecAndPlayBk/Page-Vlink-Debit/input_Routing Number'

2023-02-15 23:08:50 - [TEST_STEP][PASSED] - setText(findTestObject("RecAndPlayBk/Page-Vlink-Debit/input_Amount"), amount): Text '12.50' is set on object 'Object Repository/RecAndPlayBk/Page-Vlink-Debit/input_Amount'

2023-02-15 23:08:51 - [MESSAGE][PASSED] - Text '12.50' is set on object 'Object Repository/RecAndPlayBk/Page-Vlink-Debit/input_Amount'

2023-02-15 23:08:51 - [TEST_STEP][PASSED] - setText(findTestObject("RecAndPlayBk/Page-Vlink-Debit/input_Check Email"), ""): Text '' is set on object 'Object Repository/RecAndPlayBk/Page-Vlink-Debit/input_Check Email'

2023-02-15 23:08:52 - [MESSAGE][PASSED] - Text '' is set on object 'Object Repository/RecAndPlayBk/Page-Vlink-Debit/input_Check Email'

2023-02-15 23:08:52 - [TEST_STEP][PASSED] - setText(findTestObject("Object Repository/RecAndPlayBk/Page-Vlink-Debit/input_concat(CheckWriter, , s SSN)_check_ssn"), ""): Text '' is set on object 'Object Repository/RecAndPlayBk/Page-Vlink-Debit/input_concat(CheckWriter, , s SSN)_check_ssn'

2023-02-15 23:08:52 - [MESSAGE][PASSED] - Text '' is set on object 'Object Repository/RecAndPlayBk/Page-Vlink-Debit/input_concat(CheckWriter, , s SSN)_check_ssn'

2023-02-15 23:08:52 - [TEST_STEP][PASSED] - setText(findTestObject("Object Repository/RecAndPlayBk/Page-Vlink-Debit/input_concat(CheckWriter, , s License Numbe_020fef"), ""): Text '' is set on object 'Object Repository/RecAndPlayBk/Page-Vlink-Debit/input_concat(CheckWriter, , s License Numbe_020fef'

2023-02-15 23:08:53 - [MESSAGE][PASSED] - Text '' is set on object 'Object Repository/RecAndPlayBk/Page-Vlink-Debit/input_concat(CheckWriter, , s License Numbe_020fef'

2023-02-15 23:08:53 - [TEST_STEP][PASSED] - setText(findTestObject("Object Repository/RecAndPlayBk/Page-Vlink-Debit/input_concat(CheckWriter, , s License State_21e3e7"), ""): Text '' is set on object 'Object Repository/RecAndPlayBk/Page-Vlink-Debit/input_concat(CheckWriter, , s License State_21e3e7'

2023-02-15 23:08:54 - [MESSAGE][PASSED] - Text '' is set on object 'Object Repository/RecAndPlayBk/Page-Vlink-Debit/input_concat(CheckWriter, , s License State_21e3e7'

2023-02-15 23:08:54 - [TEST_STEP][PASSED] - setText(findTestObject("RecAndPlayBk/Page-Vlink-Debit/input_Standard Entry Class"), sec): Text 'WEB' is set on object 'Object Repository/RecAndPlayBk/Page-Vlink-Debit/input_Standard Entry Class'

2023-02-15 23:08:54 - [MESSAGE][PASSED] - Text 'WEB' is set on object 'Object Repository/RecAndPlayBk/Page-Vlink-Debit/input_Standard Entry Class'

2023-02-15 23:08:54 - [TEST_STEP][PASSED] - click(findTestObject("Object Repository/RecAndPlayBk/Page-Vlink-Debit/input")): Object: 'Object Repository/RecAndPlayBk/Page-Vlink-Debit/input' is clicked on

2023-02-15 23:08:55 - [MESSAGE][PASSED] - Object: 'Object Repository/RecAndPlayBk/Page-Vlink-Debit/input' is clicked on

2023-02-15 23:08:55 - [TEST_STEP][PASSED] - if (verifyTextPresent(errorMsg, true)): null

2023-02-15 23:08:55 - [MESSAGE][PASSED] - Text 'Signon authentication error' is present on page  using regular expression

2023-02-15 23:08:55 - [TEST_STEP][PASSED] - println("Error Message is present on the Confirmation page"): null

2023-02-15 23:08:55 - [TEST_STEP][PASSED] - out.println("Pass Record Number: " + row): null

2023-02-15 23:08:55 - [TEST_STEP][PASSED] - resText = "Pass": null

2023-02-15 23:08:55 - [TEST_STEP][PASSED] - pages.WriteExcel.demoKey(resText, datText, resColumn, datCloumn, fileLoc, nameSheet, row): pages.WriteExcel.demoKey is PASSED

2023-02-15 23:08:55 - [MESSAGE][PASSED] - pages.WriteExcel.demoKey is PASSED

2023-02-15 23:08:55 - [TEST_STEP][PASSED] - ExecuteTC = findTestData(dataFile).getValue("Execute", row): null

2023-02-15 23:08:55 - [TEST_STEP][PASSED] - out.println("Value of Execute is : " + ExecuteTC): null

2023-02-15 23:08:55 - [TEST_STEP][PASSED] - if (ExecuteTC.equalsIgnoreCase("Y")): null

2023-02-15 23:08:55 - [TEST_STEP][PASSED] - out.println("Begin Record Number: " + row): null

2023-02-15 23:08:55 - [TEST_STEP][PASSED] - today = new java.util.Date(): null

2023-02-15 23:08:55 - [TEST_STEP][PASSED] - println(today): null

2023-02-15 23:08:55 - [TEST_STEP][PASSED] - datText = today: null

2023-02-15 23:08:55 - [TEST_STEP][PASSED] - appID = findTestData(dataFile).getValue("AppID", row): null

2023-02-15 23:08:56 - [TEST_STEP][PASSED] - username = findTestData(dataFile).getValue("Username", row): null

2023-02-15 23:08:56 - [TEST_STEP][PASSED] - password = findTestData(dataFile).getValue("Password", row): null

2023-02-15 23:08:56 - [TEST_STEP][PASSED] - errorMsg = findTestData(dataFile).getValue("ErrorMsg", row): null

2023-02-15 23:08:56 - [TEST_STEP][PASSED] - tranType = findTestData(dataFile).getValue("TranType", row): null

2023-02-15 23:08:56 - [TEST_STEP][PASSED] - mv = findTestData(dataFile).getValue("MV", row): null

2023-02-15 23:08:56 - [TEST_STEP][PASSED] - resFormat = findTestData(dataFile).getValue("ResFormat", row): null

2023-02-15 23:08:56 - [TEST_STEP][PASSED] - fName = findTestData(dataFile).getValue("Fname", row): null

2023-02-15 23:08:56 - [TEST_STEP][PASSED] - lName = findTestData(dataFile).getValue("Lname", row): null

2023-02-15 23:08:56 - [TEST_STEP][PASSED] - al1 = findTestData(dataFile).getValue("AL1", row): null

2023-02-15 23:08:56 - [TEST_STEP][PASSED] - city = findTestData(dataFile).getValue("City", row): null

2023-02-15 23:08:56 - [TEST_STEP][PASSED] - state = findTestData(dataFile).getValue("State", row): null

2023-02-15 23:08:56 - [TEST_STEP][PASSED] - zip = findTestData(dataFile).getValue("ZIP", row): null

2023-02-15 23:08:56 - [TEST_STEP][PASSED] - checkType = findTestData(dataFile).getValue("CheckType", row): null

2023-02-15 23:08:56 - [TEST_STEP][PASSED] - acNumber = findTestData(dataFile).getValue("AcNumber", row): null

2023-02-15 23:08:56 - [TEST_STEP][PASSED] - company = findTestData(dataFile).getValue("Company", row): null

2023-02-15 23:08:56 - [TEST_STEP][PASSED] - acType = findTestData(dataFile).getValue("AcType", row): null

2023-02-15 23:08:56 - [TEST_STEP][PASSED] - rtn = findTestData(dataFile).getValue("RTN", row): null

2023-02-15 23:08:57 - [TEST_STEP][PASSED] - amount = findTestData(dataFile).getValue("Amount", row): null

2023-02-15 23:08:57 - [TEST_STEP][PASSED] - sec = findTestData(dataFile).getValue("SEC", row): null

2023-02-15 23:08:57 - [TEST_STEP][PASSED] - openBrowser(VLinkURL + "debit.html"): Browser is opened with url: 'https://dev-algorithm.govolution.com/vlinktest/QA/version_2_0/debit.html'

2023-02-15 23:08:57 - [MESSAGE][WARNING] - A browser is already opened. Closing browser and opening a new one

2023-02-15 23:08:58 - [MESSAGE][INFO] - Starting 'Chrome' driver

2023-02-15 23:08:58 - [MESSAGE][INFO] - User set preference: ['acceptInsecureCerts', 'true']

2023-02-15 23:08:58 - [MESSAGE][INFO] - Action delay is set to 0 milliseconds

2023-02-15 23:08:59 - [MESSAGE][PASSED] - Browser is opened with url: 'https://dev-algorithm.govolution.com/vlinktest/QA/version_2_0/debit.html'

2023-02-15 23:08:59 - [TEST_STEP][PASSED] - maximizeWindow(): Current window maximized

2023-02-15 23:09:00 - [MESSAGE][PASSED] - Current window maximized

2023-02-15 23:09:00 - [TEST_STEP][PASSED] - setText(findTestObject("Object Repository/RecAndPlayBk/Page-Vlink-Debit/input_Transaction Type"), tranType): Text '200' is set on object 'Object Repository/RecAndPlayBk/Page-Vlink-Debit/input_Transaction Type'

2023-02-15 23:09:00 - [MESSAGE][PASSED] - Text '200' is set on object 'Object Repository/RecAndPlayBk/Page-Vlink-Debit/input_Transaction Type'

2023-02-15 23:09:00 - [TEST_STEP][PASSED] - setText(findTestObject("Object Repository/RecAndPlayBk/Page-Vlink-Debit/input_Message Version"), mv): Text '2.0A' is set on object 'Object Repository/RecAndPlayBk/Page-Vlink-Debit/input_Message Version'

2023-02-15 23:09:01 - [MESSAGE][PASSED] - Text '2.0A' is set on object 'Object Repository/RecAndPlayBk/Page-Vlink-Debit/input_Message Version'

2023-02-15 23:09:01 - [TEST_STEP][PASSED] - genRemID = RandomStringUtils.random(12, true, true): null

2023-02-15 23:09:01 - [TEST_STEP][PASSED] - setText(findTestObject("RecAndPlayBk/Page-Vlink-Debit/input_Remittance Id"), genRemID): Text 'HbpU1XlJy6zP' is set on object 'Object Repository/RecAndPlayBk/Page-Vlink-Debit/input_Remittance Id'

2023-02-15 23:09:02 - [MESSAGE][PASSED] - Text 'HbpU1XlJy6zP' is set on object 'Object Repository/RecAndPlayBk/Page-Vlink-Debit/input_Remittance Id'

2023-02-15 23:09:02 - [TEST_STEP][PASSED] - setText(findTestObject("RecAndPlayBk/Page-Vlink-Debit/input_Application Id"), appID): Text '234' is set on object 'Object Repository/RecAndPlayBk/Page-Vlink-Debit/input_Application Id'

2023-02-15 23:09:02 - [MESSAGE][PASSED] - Text '234' is set on object 'Object Repository/RecAndPlayBk/Page-Vlink-Debit/input_Application Id'

2023-02-15 23:09:02 - [TEST_STEP][PASSED] - setText(findTestObject("RecAndPlayBk/Page-Vlink-Debit/input_Username"), username): Text 'username' is set on object 'Object Repository/RecAndPlayBk/Page-Vlink-Debit/input_Username'

2023-02-15 23:09:03 - [MESSAGE][PASSED] - Text 'username' is set on object 'Object Repository/RecAndPlayBk/Page-Vlink-Debit/input_Username'

2023-02-15 23:09:03 - [TEST_STEP][PASSED] - setText(findTestObject("RecAndPlayBk/Page-Vlink-Debit/input_Password"), password): Text '' is set on object 'Object Repository/RecAndPlayBk/Page-Vlink-Debit/input_Password'

2023-02-15 23:09:04 - [MESSAGE][PASSED] - Text '' is set on object 'Object Repository/RecAndPlayBk/Page-Vlink-Debit/input_Password'

2023-02-15 23:09:04 - [TEST_STEP][PASSED] - setText(findTestObject("Object Repository/RecAndPlayBk/Page-Vlink-Debit/input_Response Format"), resFormat): Text 'fixed_width' is set on object 'Object Repository/RecAndPlayBk/Page-Vlink-Debit/input_Response Format'

2023-02-15 23:09:04 - [MESSAGE][PASSED] - Text 'fixed_width' is set on object 'Object Repository/RecAndPlayBk/Page-Vlink-Debit/input_Response Format'

2023-02-15 23:09:04 - [TEST_STEP][PASSED] - setText(findTestObject("RecAndPlayBk/Page-Vlink-Debit/input_Check Type"), checkType): Text 'P' is set on object 'Object Repository/RecAndPlayBk/Page-Vlink-Debit/input_Check Type'

2023-02-15 23:09:05 - [MESSAGE][PASSED] - Text 'P' is set on object 'Object Repository/RecAndPlayBk/Page-Vlink-Debit/input_Check Type'

2023-02-15 23:09:05 - [TEST_STEP][PASSED] - setText(findTestObject("Object Repository/RecAndPlayBk/Page-Vlink-Debit/input_First Name"), fName): Text 'Andy' is set on object 'Object Repository/RecAndPlayBk/Page-Vlink-Debit/input_First Name'

2023-02-15 23:09:05 - [MESSAGE][PASSED] - Text 'Andy' is set on object 'Object Repository/RecAndPlayBk/Page-Vlink-Debit/input_First Name'

2023-02-15 23:09:05 - [TEST_STEP][PASSED] - setText(findTestObject("Object Repository/RecAndPlayBk/Page-Vlink-Debit/input_Last Name"), lName): Text 'Roberts' is set on object 'Object Repository/RecAndPlayBk/Page-Vlink-Debit/input_Last Name'

2023-02-15 23:09:06 - [MESSAGE][PASSED] - Text 'Roberts' is set on object 'Object Repository/RecAndPlayBk/Page-Vlink-Debit/input_Last Name'

2023-02-15 23:09:06 - [TEST_STEP][PASSED] - setText(findTestObject("Object Repository/RecAndPlayBk/Page-Vlink-Debit/input_Address"), al1): Text '145 Main Street' is set on object 'Object Repository/RecAndPlayBk/Page-Vlink-Debit/input_Address'

2023-02-15 23:09:07 - [MESSAGE][PASSED] - Text '145 Main Street' is set on object 'Object Repository/RecAndPlayBk/Page-Vlink-Debit/input_Address'

2023-02-15 23:09:07 - [TEST_STEP][PASSED] - setText(findTestObject("Object Repository/RecAndPlayBk/Page-Vlink-Debit/input_City"), city): Text 'Arlington' is set on object 'Object Repository/RecAndPlayBk/Page-Vlink-Debit/input_City'

2023-02-15 23:09:07 - [MESSAGE][PASSED] - Text 'Arlington' is set on object 'Object Repository/RecAndPlayBk/Page-Vlink-Debit/input_City'

2023-02-15 23:09:07 - [TEST_STEP][PASSED] - setText(findTestObject("Object Repository/RecAndPlayBk/Page-Vlink-Debit/input_State"), state): Text 'VA' is set on object 'Object Repository/RecAndPlayBk/Page-Vlink-Debit/input_State'

2023-02-15 23:09:08 - [MESSAGE][PASSED] - Text 'VA' is set on object 'Object Repository/RecAndPlayBk/Page-Vlink-Debit/input_State'

2023-02-15 23:09:08 - [TEST_STEP][PASSED] - setText(findTestObject("Object Repository/RecAndPlayBk/Page-Vlink-Debit/input_Zip"), zip): Text '22201' is set on object 'Object Repository/RecAndPlayBk/Page-Vlink-Debit/input_Zip'

2023-02-15 23:09:09 - [MESSAGE][PASSED] - Text '22201' is set on object 'Object Repository/RecAndPlayBk/Page-Vlink-Debit/input_Zip'

2023-02-15 23:09:09 - [TEST_STEP][PASSED] - setText(findTestObject("RecAndPlayBk/Page-Vlink-Debit/input_Account_check"), acNumber): Text '58963214' is set on object 'Object Repository/RecAndPlayBk/Page-Vlink-Debit/input_Account_check'

2023-02-15 23:09:09 - [MESSAGE][PASSED] - Text '58963214' is set on object 'Object Repository/RecAndPlayBk/Page-Vlink-Debit/input_Account_check'

2023-02-15 23:09:09 - [TEST_STEP][PASSED] - setText(findTestObject("RecAndPlayBk/Page-Vlink-Debit/input_Company_check"), company): Text '' is set on object 'Object Repository/RecAndPlayBk/Page-Vlink-Debit/input_Company_check'

2023-02-15 23:09:10 - [MESSAGE][PASSED] - Text '' is set on object 'Object Repository/RecAndPlayBk/Page-Vlink-Debit/input_Company_check'

2023-02-15 23:09:10 - [TEST_STEP][PASSED] - setText(findTestObject("RecAndPlayBk/Page-Vlink-Debit/input_Account Type"), acType): Text '2' is set on object 'Object Repository/RecAndPlayBk/Page-Vlink-Debit/input_Account Type'

2023-02-15 23:09:11 - [MESSAGE][PASSED] - Text '2' is set on object 'Object Repository/RecAndPlayBk/Page-Vlink-Debit/input_Account Type'

2023-02-15 23:09:11 - [TEST_STEP][PASSED] - setText(findTestObject("RecAndPlayBk/Page-Vlink-Debit/input_Routing Number"), rtn): Text '256072691' is set on object 'Object Repository/RecAndPlayBk/Page-Vlink-Debit/input_Routing Number'

2023-02-15 23:09:11 - [MESSAGE][PASSED] - Text '256072691' is set on object 'Object Repository/RecAndPlayBk/Page-Vlink-Debit/input_Routing Number'

2023-02-15 23:09:11 - [TEST_STEP][PASSED] - setText(findTestObject("RecAndPlayBk/Page-Vlink-Debit/input_Amount"), amount): Text '12.50' is set on object 'Object Repository/RecAndPlayBk/Page-Vlink-Debit/input_Amount'

2023-02-15 23:09:12 - [MESSAGE][PASSED] - Text '12.50' is set on object 'Object Repository/RecAndPlayBk/Page-Vlink-Debit/input_Amount'

2023-02-15 23:09:12 - [TEST_STEP][PASSED] - setText(findTestObject("RecAndPlayBk/Page-Vlink-Debit/input_Check Email"), ""): Text '' is set on object 'Object Repository/RecAndPlayBk/Page-Vlink-Debit/input_Check Email'

2023-02-15 23:09:13 - [MESSAGE][PASSED] - Text '' is set on object 'Object Repository/RecAndPlayBk/Page-Vlink-Debit/input_Check Email'

2023-02-15 23:09:13 - [TEST_STEP][PASSED] - setText(findTestObject("Object Repository/RecAndPlayBk/Page-Vlink-Debit/input_concat(CheckWriter, , s SSN)_check_ssn"), ""): Text '' is set on object 'Object Repository/RecAndPlayBk/Page-Vlink-Debit/input_concat(CheckWriter, , s SSN)_check_ssn'

2023-02-15 23:09:13 - [MESSAGE][PASSED] - Text '' is set on object 'Object Repository/RecAndPlayBk/Page-Vlink-Debit/input_concat(CheckWriter, , s SSN)_check_ssn'

2023-02-15 23:09:13 - [TEST_STEP][PASSED] - setText(findTestObject("Object Repository/RecAndPlayBk/Page-Vlink-Debit/input_concat(CheckWriter, , s License Numbe_020fef"), ""): Text '' is set on object 'Object Repository/RecAndPlayBk/Page-Vlink-Debit/input_concat(CheckWriter, , s License Numbe_020fef'

2023-02-15 23:09:14 - [MESSAGE][PASSED] - Text '' is set on object 'Object Repository/RecAndPlayBk/Page-Vlink-Debit/input_concat(CheckWriter, , s License Numbe_020fef'

2023-02-15 23:09:14 - [TEST_STEP][PASSED] - setText(findTestObject("Object Repository/RecAndPlayBk/Page-Vlink-Debit/input_concat(CheckWriter, , s License State_21e3e7"), ""): Text '' is set on object 'Object Repository/RecAndPlayBk/Page-Vlink-Debit/input_concat(CheckWriter, , s License State_21e3e7'

2023-02-15 23:09:15 - [MESSAGE][PASSED] - Text '' is set on object 'Object Repository/RecAndPlayBk/Page-Vlink-Debit/input_concat(CheckWriter, , s License State_21e3e7'

2023-02-15 23:09:15 - [TEST_STEP][PASSED] - setText(findTestObject("RecAndPlayBk/Page-Vlink-Debit/input_Standard Entry Class"), sec): Text 'TEL' is set on object 'Object Repository/RecAndPlayBk/Page-Vlink-Debit/input_Standard Entry Class'

2023-02-15 23:09:15 - [MESSAGE][PASSED] - Text 'TEL' is set on object 'Object Repository/RecAndPlayBk/Page-Vlink-Debit/input_Standard Entry Class'

2023-02-15 23:09:15 - [TEST_STEP][PASSED] - click(findTestObject("Object Repository/RecAndPlayBk/Page-Vlink-Debit/input")): Object: 'Object Repository/RecAndPlayBk/Page-Vlink-Debit/input' is clicked on

2023-02-15 23:09:16 - [MESSAGE][PASSED] - Object: 'Object Repository/RecAndPlayBk/Page-Vlink-Debit/input' is clicked on

2023-02-15 23:09:16 - [TEST_STEP][PASSED] - if (verifyTextPresent(errorMsg, true)): null

2023-02-15 23:09:16 - [MESSAGE][PASSED] - Text 'Signon authentication error' is present on page  using regular expression

2023-02-15 23:09:16 - [TEST_STEP][PASSED] - println("Error Message is present on the Confirmation page"): null

2023-02-15 23:09:16 - [TEST_STEP][PASSED] - out.println("Pass Record Number: " + row): null

2023-02-15 23:09:16 - [TEST_STEP][PASSED] - resText = "Pass": null

2023-02-15 23:09:16 - [TEST_STEP][PASSED] - pages.WriteExcel.demoKey(resText, datText, resColumn, datCloumn, fileLoc, nameSheet, row): pages.WriteExcel.demoKey is PASSED

2023-02-15 23:09:16 - [MESSAGE][PASSED] - pages.WriteExcel.demoKey is PASSED

2023-02-15 23:09:16 - [TEST_STEP][PASSED] - ExecuteTC = findTestData(dataFile).getValue("Execute", row): null

2023-02-15 23:09:16 - [TEST_STEP][PASSED] - out.println("Value of Execute is : " + ExecuteTC): null

2023-02-15 23:09:16 - [TEST_STEP][PASSED] - if (ExecuteTC.equalsIgnoreCase("Y")): null

2023-02-15 23:09:16 - [TEST_STEP][PASSED] - out.println("Begin Record Number: " + row): null

2023-02-15 23:09:16 - [TEST_STEP][PASSED] - today = new java.util.Date(): null

2023-02-15 23:09:16 - [TEST_STEP][PASSED] - println(today): null

2023-02-15 23:09:16 - [TEST_STEP][PASSED] - datText = today: null

2023-02-15 23:09:16 - [TEST_STEP][PASSED] - appID = findTestData(dataFile).getValue("AppID", row): null

2023-02-15 23:09:16 - [TEST_STEP][PASSED] - username = findTestData(dataFile).getValue("Username", row): null

2023-02-15 23:09:17 - [TEST_STEP][PASSED] - password = findTestData(dataFile).getValue("Password", row): null

2023-02-15 23:09:17 - [TEST_STEP][PASSED] - errorMsg = findTestData(dataFile).getValue("ErrorMsg", row): null

2023-02-15 23:09:17 - [TEST_STEP][PASSED] - tranType = findTestData(dataFile).getValue("TranType", row): null

2023-02-15 23:09:17 - [TEST_STEP][PASSED] - mv = findTestData(dataFile).getValue("MV", row): null

2023-02-15 23:09:17 - [TEST_STEP][PASSED] - resFormat = findTestData(dataFile).getValue("ResFormat", row): null

2023-02-15 23:09:17 - [TEST_STEP][PASSED] - fName = findTestData(dataFile).getValue("Fname", row): null

2023-02-15 23:09:17 - [TEST_STEP][PASSED] - lName = findTestData(dataFile).getValue("Lname", row): null

2023-02-15 23:09:17 - [TEST_STEP][PASSED] - al1 = findTestData(dataFile).getValue("AL1", row): null

2023-02-15 23:09:17 - [TEST_STEP][PASSED] - city = findTestData(dataFile).getValue("City", row): null

2023-02-15 23:09:17 - [TEST_STEP][PASSED] - state = findTestData(dataFile).getValue("State", row): null

2023-02-15 23:09:17 - [TEST_STEP][PASSED] - zip = findTestData(dataFile).getValue("ZIP", row): null

2023-02-15 23:09:17 - [TEST_STEP][PASSED] - checkType = findTestData(dataFile).getValue("CheckType", row): null

2023-02-15 23:09:17 - [TEST_STEP][PASSED] - acNumber = findTestData(dataFile).getValue("AcNumber", row): null

2023-02-15 23:09:17 - [TEST_STEP][PASSED] - company = findTestData(dataFile).getValue("Company", row): null

2023-02-15 23:09:17 - [TEST_STEP][PASSED] - acType = findTestData(dataFile).getValue("AcType", row): null

2023-02-15 23:09:17 - [TEST_STEP][PASSED] - rtn = findTestData(dataFile).getValue("RTN", row): null

2023-02-15 23:09:17 - [TEST_STEP][PASSED] - amount = findTestData(dataFile).getValue("Amount", row): null

2023-02-15 23:09:18 - [TEST_STEP][PASSED] - sec = findTestData(dataFile).getValue("SEC", row): null

2023-02-15 23:09:18 - [TEST_STEP][PASSED] - openBrowser(VLinkURL + "debit.html"): Browser is opened with url: 'https://dev-algorithm.govolution.com/vlinktest/QA/version_2_0/debit.html'

2023-02-15 23:09:18 - [MESSAGE][WARNING] - A browser is already opened. Closing browser and opening a new one

2023-02-15 23:09:19 - [MESSAGE][INFO] - Starting 'Chrome' driver

2023-02-15 23:09:19 - [MESSAGE][INFO] - User set preference: ['acceptInsecureCerts', 'true']

2023-02-15 23:09:19 - [MESSAGE][INFO] - Action delay is set to 0 milliseconds

2023-02-15 23:09:20 - [MESSAGE][PASSED] - Browser is opened with url: 'https://dev-algorithm.govolution.com/vlinktest/QA/version_2_0/debit.html'

2023-02-15 23:09:20 - [TEST_STEP][PASSED] - maximizeWindow(): Current window maximized

2023-02-15 23:09:20 - [MESSAGE][PASSED] - Current window maximized

2023-02-15 23:09:20 - [TEST_STEP][PASSED] - setText(findTestObject("Object Repository/RecAndPlayBk/Page-Vlink-Debit/input_Transaction Type"), tranType): Text '200' is set on object 'Object Repository/RecAndPlayBk/Page-Vlink-Debit/input_Transaction Type'

2023-02-15 23:09:21 - [MESSAGE][PASSED] - Text '200' is set on object 'Object Repository/RecAndPlayBk/Page-Vlink-Debit/input_Transaction Type'

2023-02-15 23:09:21 - [TEST_STEP][PASSED] - setText(findTestObject("Object Repository/RecAndPlayBk/Page-Vlink-Debit/input_Message Version"), mv): Text '2.0A' is set on object 'Object Repository/RecAndPlayBk/Page-Vlink-Debit/input_Message Version'

2023-02-15 23:09:22 - [MESSAGE][PASSED] - Text '2.0A' is set on object 'Object Repository/RecAndPlayBk/Page-Vlink-Debit/input_Message Version'

2023-02-15 23:09:22 - [TEST_STEP][PASSED] - genRemID = RandomStringUtils.random(12, true, true): null

2023-02-15 23:09:22 - [TEST_STEP][PASSED] - setText(findTestObject("RecAndPlayBk/Page-Vlink-Debit/input_Remittance Id"), genRemID): Text 'jMeCrNfOcQP5' is set on object 'Object Repository/RecAndPlayBk/Page-Vlink-Debit/input_Remittance Id'

2023-02-15 23:09:23 - [MESSAGE][PASSED] - Text 'jMeCrNfOcQP5' is set on object 'Object Repository/RecAndPlayBk/Page-Vlink-Debit/input_Remittance Id'

2023-02-15 23:09:23 - [TEST_STEP][PASSED] - setText(findTestObject("RecAndPlayBk/Page-Vlink-Debit/input_Application Id"), appID): Text '234' is set on object 'Object Repository/RecAndPlayBk/Page-Vlink-Debit/input_Application Id'

2023-02-15 23:09:23 - [MESSAGE][PASSED] - Text '234' is set on object 'Object Repository/RecAndPlayBk/Page-Vlink-Debit/input_Application Id'

2023-02-15 23:09:23 - [TEST_STEP][PASSED] - setText(findTestObject("RecAndPlayBk/Page-Vlink-Debit/input_Username"), username): Text 'username' is set on object 'Object Repository/RecAndPlayBk/Page-Vlink-Debit/input_Username'

2023-02-15 23:09:24 - [MESSAGE][PASSED] - Text 'username' is set on object 'Object Repository/RecAndPlayBk/Page-Vlink-Debit/input_Username'

2023-02-15 23:09:24 - [TEST_STEP][PASSED] - setText(findTestObject("RecAndPlayBk/Page-Vlink-Debit/input_Password"), password): Text 'password' is set on object 'Object Repository/RecAndPlayBk/Page-Vlink-Debit/input_Password'

2023-02-15 23:09:24 - [MESSAGE][PASSED] - Text 'password' is set on object 'Object Repository/RecAndPlayBk/Page-Vlink-Debit/input_Password'

2023-02-15 23:09:24 - [TEST_STEP][PASSED] - setText(findTestObject("Object Repository/RecAndPlayBk/Page-Vlink-Debit/input_Response Format"), resFormat): Text '' is set on object 'Object Repository/RecAndPlayBk/Page-Vlink-Debit/input_Response Format'

2023-02-15 23:09:25 - [MESSAGE][PASSED] - Text '' is set on object 'Object Repository/RecAndPlayBk/Page-Vlink-Debit/input_Response Format'

2023-02-15 23:09:25 - [TEST_STEP][PASSED] - setText(findTestObject("RecAndPlayBk/Page-Vlink-Debit/input_Check Type"), checkType): Text 'P' is set on object 'Object Repository/RecAndPlayBk/Page-Vlink-Debit/input_Check Type'

2023-02-15 23:09:26 - [MESSAGE][PASSED] - Text 'P' is set on object 'Object Repository/RecAndPlayBk/Page-Vlink-Debit/input_Check Type'

2023-02-15 23:09:26 - [TEST_STEP][PASSED] - setText(findTestObject("Object Repository/RecAndPlayBk/Page-Vlink-Debit/input_First Name"), fName): Text 'Andy' is set on object 'Object Repository/RecAndPlayBk/Page-Vlink-Debit/input_First Name'

2023-02-15 23:09:26 - [MESSAGE][PASSED] - Text 'Andy' is set on object 'Object Repository/RecAndPlayBk/Page-Vlink-Debit/input_First Name'

2023-02-15 23:09:26 - [TEST_STEP][PASSED] - setText(findTestObject("Object Repository/RecAndPlayBk/Page-Vlink-Debit/input_Last Name"), lName): Text 'Roberts' is set on object 'Object Repository/RecAndPlayBk/Page-Vlink-Debit/input_Last Name'

2023-02-15 23:09:27 - [MESSAGE][PASSED] - Text 'Roberts' is set on object 'Object Repository/RecAndPlayBk/Page-Vlink-Debit/input_Last Name'

2023-02-15 23:09:27 - [TEST_STEP][PASSED] - setText(findTestObject("Object Repository/RecAndPlayBk/Page-Vlink-Debit/input_Address"), al1): Text '145 Main Street' is set on object 'Object Repository/RecAndPlayBk/Page-Vlink-Debit/input_Address'

2023-02-15 23:09:27 - [MESSAGE][PASSED] - Text '145 Main Street' is set on object 'Object Repository/RecAndPlayBk/Page-Vlink-Debit/input_Address'

2023-02-15 23:09:27 - [TEST_STEP][PASSED] - setText(findTestObject("Object Repository/RecAndPlayBk/Page-Vlink-Debit/input_City"), city): Text 'Arlington' is set on object 'Object Repository/RecAndPlayBk/Page-Vlink-Debit/input_City'

2023-02-15 23:09:28 - [MESSAGE][PASSED] - Text 'Arlington' is set on object 'Object Repository/RecAndPlayBk/Page-Vlink-Debit/input_City'

2023-02-15 23:09:28 - [TEST_STEP][PASSED] - setText(findTestObject("Object Repository/RecAndPlayBk/Page-Vlink-Debit/input_State"), state): Text 'VA' is set on object 'Object Repository/RecAndPlayBk/Page-Vlink-Debit/input_State'

2023-02-15 23:09:29 - [MESSAGE][PASSED] - Text 'VA' is set on object 'Object Repository/RecAndPlayBk/Page-Vlink-Debit/input_State'

2023-02-15 23:09:29 - [TEST_STEP][PASSED] - setText(findTestObject("Object Repository/RecAndPlayBk/Page-Vlink-Debit/input_Zip"), zip): Text '22201' is set on object 'Object Repository/RecAndPlayBk/Page-Vlink-Debit/input_Zip'

2023-02-15 23:09:29 - [MESSAGE][PASSED] - Text '22201' is set on object 'Object Repository/RecAndPlayBk/Page-Vlink-Debit/input_Zip'

2023-02-15 23:09:29 - [TEST_STEP][PASSED] - setText(findTestObject("RecAndPlayBk/Page-Vlink-Debit/input_Account_check"), acNumber): Text '58963214' is set on object 'Object Repository/RecAndPlayBk/Page-Vlink-Debit/input_Account_check'

2023-02-15 23:09:30 - [MESSAGE][PASSED] - Text '58963214' is set on object 'Object Repository/RecAndPlayBk/Page-Vlink-Debit/input_Account_check'

2023-02-15 23:09:30 - [TEST_STEP][PASSED] - setText(findTestObject("RecAndPlayBk/Page-Vlink-Debit/input_Company_check"), company): Text '' is set on object 'Object Repository/RecAndPlayBk/Page-Vlink-Debit/input_Company_check'

2023-02-15 23:09:31 - [MESSAGE][PASSED] - Text '' is set on object 'Object Repository/RecAndPlayBk/Page-Vlink-Debit/input_Company_check'

2023-02-15 23:09:31 - [TEST_STEP][PASSED] - setText(findTestObject("RecAndPlayBk/Page-Vlink-Debit/input_Account Type"), acType): Text '2' is set on object 'Object Repository/RecAndPlayBk/Page-Vlink-Debit/input_Account Type'

2023-02-15 23:09:31 - [MESSAGE][PASSED] - Text '2' is set on object 'Object Repository/RecAndPlayBk/Page-Vlink-Debit/input_Account Type'

2023-02-15 23:09:31 - [TEST_STEP][PASSED] - setText(findTestObject("RecAndPlayBk/Page-Vlink-Debit/input_Routing Number"), rtn): Text '256072691' is set on object 'Object Repository/RecAndPlayBk/Page-Vlink-Debit/input_Routing Number'

2023-02-15 23:09:32 - [MESSAGE][PASSED] - Text '256072691' is set on object 'Object Repository/RecAndPlayBk/Page-Vlink-Debit/input_Routing Number'

2023-02-15 23:09:32 - [TEST_STEP][PASSED] - setText(findTestObject("RecAndPlayBk/Page-Vlink-Debit/input_Amount"), amount): Text '12.50' is set on object 'Object Repository/RecAndPlayBk/Page-Vlink-Debit/input_Amount'

2023-02-15 23:09:33 - [MESSAGE][PASSED] - Text '12.50' is set on object 'Object Repository/RecAndPlayBk/Page-Vlink-Debit/input_Amount'

2023-02-15 23:09:33 - [TEST_STEP][PASSED] - setText(findTestObject("RecAndPlayBk/Page-Vlink-Debit/input_Check Email"), ""): Text '' is set on object 'Object Repository/RecAndPlayBk/Page-Vlink-Debit/input_Check Email'

2023-02-15 23:09:33 - [MESSAGE][PASSED] - Text '' is set on object 'Object Repository/RecAndPlayBk/Page-Vlink-Debit/input_Check Email'

2023-02-15 23:09:33 - [TEST_STEP][PASSED] - setText(findTestObject("Object Repository/RecAndPlayBk/Page-Vlink-Debit/input_concat(CheckWriter, , s SSN)_check_ssn"), ""): Text '' is set on object 'Object Repository/RecAndPlayBk/Page-Vlink-Debit/input_concat(CheckWriter, , s SSN)_check_ssn'

2023-02-15 23:09:34 - [MESSAGE][PASSED] - Text '' is set on object 'Object Repository/RecAndPlayBk/Page-Vlink-Debit/input_concat(CheckWriter, , s SSN)_check_ssn'

2023-02-15 23:09:34 - [TEST_STEP][PASSED] - setText(findTestObject("Object Repository/RecAndPlayBk/Page-Vlink-Debit/input_concat(CheckWriter, , s License Numbe_020fef"), ""): Text '' is set on object 'Object Repository/RecAndPlayBk/Page-Vlink-Debit/input_concat(CheckWriter, , s License Numbe_020fef'

2023-02-15 23:09:35 - [MESSAGE][PASSED] - Text '' is set on object 'Object Repository/RecAndPlayBk/Page-Vlink-Debit/input_concat(CheckWriter, , s License Numbe_020fef'

2023-02-15 23:09:35 - [TEST_STEP][PASSED] - setText(findTestObject("Object Repository/RecAndPlayBk/Page-Vlink-Debit/input_concat(CheckWriter, , s License State_21e3e7"), ""): Text '' is set on object 'Object Repository/RecAndPlayBk/Page-Vlink-Debit/input_concat(CheckWriter, , s License State_21e3e7'

2023-02-15 23:09:35 - [MESSAGE][PASSED] - Text '' is set on object 'Object Repository/RecAndPlayBk/Page-Vlink-Debit/input_concat(CheckWriter, , s License State_21e3e7'

2023-02-15 23:09:35 - [TEST_STEP][PASSED] - setText(findTestObject("RecAndPlayBk/Page-Vlink-Debit/input_Standard Entry Class"), sec): Text 'PPD' is set on object 'Object Repository/RecAndPlayBk/Page-Vlink-Debit/input_Standard Entry Class'

2023-02-15 23:09:36 - [MESSAGE][PASSED] - Text 'PPD' is set on object 'Object Repository/RecAndPlayBk/Page-Vlink-Debit/input_Standard Entry Class'

2023-02-15 23:09:36 - [TEST_STEP][PASSED] - click(findTestObject("Object Repository/RecAndPlayBk/Page-Vlink-Debit/input")): Object: 'Object Repository/RecAndPlayBk/Page-Vlink-Debit/input' is clicked on

2023-02-15 23:09:37 - [MESSAGE][PASSED] - Object: 'Object Repository/RecAndPlayBk/Page-Vlink-Debit/input' is clicked on

2023-02-15 23:09:37 - [TEST_STEP][PASSED] - if (verifyTextPresent(errorMsg, true)): null

2023-02-15 23:09:37 - [MESSAGE][PASSED] - Text 'response_format' is present on page  using regular expression

2023-02-15 23:09:37 - [TEST_STEP][PASSED] - println("Error Message is present on the Confirmation page"): null

2023-02-15 23:09:37 - [TEST_STEP][PASSED] - out.println("Pass Record Number: " + row): null

2023-02-15 23:09:37 - [TEST_STEP][PASSED] - resText = "Pass": null

2023-02-15 23:09:37 - [TEST_STEP][PASSED] - pages.WriteExcel.demoKey(resText, datText, resColumn, datCloumn, fileLoc, nameSheet, row): pages.WriteExcel.demoKey is PASSED

2023-02-15 23:09:37 - [MESSAGE][PASSED] - pages.WriteExcel.demoKey is PASSED

2023-02-15 23:09:37 - [TEST_STEP][PASSED] - ExecuteTC = findTestData(dataFile).getValue("Execute", row): null

2023-02-15 23:09:37 - [TEST_STEP][PASSED] - out.println("Value of Execute is : " + ExecuteTC): null

2023-02-15 23:09:37 - [TEST_STEP][PASSED] - if (ExecuteTC.equalsIgnoreCase("Y")): null

2023-02-15 23:09:37 - [TEST_STEP][PASSED] - out.println("Begin Record Number: " + row): null

2023-02-15 23:09:37 - [TEST_STEP][PASSED] - today = new java.util.Date(): null

2023-02-15 23:09:37 - [TEST_STEP][PASSED] - println(today): null

2023-02-15 23:09:37 - [TEST_STEP][PASSED] - datText = today: null

2023-02-15 23:09:37 - [TEST_STEP][PASSED] - appID = findTestData(dataFile).getValue("AppID", row): null

2023-02-15 23:09:37 - [TEST_STEP][PASSED] - username = findTestData(dataFile).getValue("Username", row): null

2023-02-15 23:09:37 - [TEST_STEP][PASSED] - password = findTestData(dataFile).getValue("Password", row): null

2023-02-15 23:09:37 - [TEST_STEP][PASSED] - errorMsg = findTestData(dataFile).getValue("ErrorMsg", row): null

2023-02-15 23:09:38 - [TEST_STEP][PASSED] - tranType = findTestData(dataFile).getValue("TranType", row): null

2023-02-15 23:09:38 - [TEST_STEP][PASSED] - mv = findTestData(dataFile).getValue("MV", row): null

2023-02-15 23:09:38 - [TEST_STEP][PASSED] - resFormat = findTestData(dataFile).getValue("ResFormat", row): null

2023-02-15 23:09:38 - [TEST_STEP][PASSED] - fName = findTestData(dataFile).getValue("Fname", row): null

2023-02-15 23:09:38 - [TEST_STEP][PASSED] - lName = findTestData(dataFile).getValue("Lname", row): null

2023-02-15 23:09:38 - [TEST_STEP][PASSED] - al1 = findTestData(dataFile).getValue("AL1", row): null

2023-02-15 23:09:38 - [TEST_STEP][PASSED] - city = findTestData(dataFile).getValue("City", row): null

2023-02-15 23:09:38 - [TEST_STEP][PASSED] - state = findTestData(dataFile).getValue("State", row): null

2023-02-15 23:09:38 - [TEST_STEP][PASSED] - zip = findTestData(dataFile).getValue("ZIP", row): null

2023-02-15 23:09:38 - [TEST_STEP][PASSED] - checkType = findTestData(dataFile).getValue("CheckType", row): null

2023-02-15 23:09:38 - [TEST_STEP][PASSED] - acNumber = findTestData(dataFile).getValue("AcNumber", row): null

2023-02-15 23:09:38 - [TEST_STEP][PASSED] - company = findTestData(dataFile).getValue("Company", row): null

2023-02-15 23:09:38 - [TEST_STEP][PASSED] - acType = findTestData(dataFile).getValue("AcType", row): null

2023-02-15 23:09:38 - [TEST_STEP][PASSED] - rtn = findTestData(dataFile).getValue("RTN", row): null

2023-02-15 23:09:38 - [TEST_STEP][PASSED] - amount = findTestData(dataFile).getValue("Amount", row): null

2023-02-15 23:09:38 - [TEST_STEP][PASSED] - sec = findTestData(dataFile).getValue("SEC", row): null

2023-02-15 23:09:38 - [TEST_STEP][PASSED] - openBrowser(VLinkURL + "debit.html"): Browser is opened with url: 'https://dev-algorithm.govolution.com/vlinktest/QA/version_2_0/debit.html'

2023-02-15 23:09:38 - [MESSAGE][WARNING] - A browser is already opened. Closing browser and opening a new one

2023-02-15 23:09:39 - [MESSAGE][INFO] - Starting 'Chrome' driver

2023-02-15 23:09:39 - [MESSAGE][INFO] - User set preference: ['acceptInsecureCerts', 'true']

2023-02-15 23:09:39 - [MESSAGE][INFO] - Action delay is set to 0 milliseconds

2023-02-15 23:09:41 - [MESSAGE][PASSED] - Browser is opened with url: 'https://dev-algorithm.govolution.com/vlinktest/QA/version_2_0/debit.html'

2023-02-15 23:09:41 - [TEST_STEP][PASSED] - maximizeWindow(): Current window maximized

2023-02-15 23:09:41 - [MESSAGE][PASSED] - Current window maximized

2023-02-15 23:09:41 - [TEST_STEP][PASSED] - setText(findTestObject("Object Repository/RecAndPlayBk/Page-Vlink-Debit/input_Transaction Type"), tranType): Text '200' is set on object 'Object Repository/RecAndPlayBk/Page-Vlink-Debit/input_Transaction Type'

2023-02-15 23:09:42 - [MESSAGE][PASSED] - Text '200' is set on object 'Object Repository/RecAndPlayBk/Page-Vlink-Debit/input_Transaction Type'

2023-02-15 23:09:42 - [TEST_STEP][PASSED] - setText(findTestObject("Object Repository/RecAndPlayBk/Page-Vlink-Debit/input_Message Version"), mv): Text '2.0A' is set on object 'Object Repository/RecAndPlayBk/Page-Vlink-Debit/input_Message Version'

2023-02-15 23:09:43 - [MESSAGE][PASSED] - Text '2.0A' is set on object 'Object Repository/RecAndPlayBk/Page-Vlink-Debit/input_Message Version'

2023-02-15 23:09:43 - [TEST_STEP][PASSED] - genRemID = RandomStringUtils.random(12, true, true): null

2023-02-15 23:09:43 - [TEST_STEP][PASSED] - setText(findTestObject("RecAndPlayBk/Page-Vlink-Debit/input_Remittance Id"), genRemID): Text 'OTan3HVlf9HQ' is set on object 'Object Repository/RecAndPlayBk/Page-Vlink-Debit/input_Remittance Id'

2023-02-15 23:09:43 - [MESSAGE][PASSED] - Text 'OTan3HVlf9HQ' is set on object 'Object Repository/RecAndPlayBk/Page-Vlink-Debit/input_Remittance Id'

2023-02-15 23:09:43 - [TEST_STEP][PASSED] - setText(findTestObject("RecAndPlayBk/Page-Vlink-Debit/input_Application Id"), appID): Text '234' is set on object 'Object Repository/RecAndPlayBk/Page-Vlink-Debit/input_Application Id'

2023-02-15 23:09:44 - [MESSAGE][PASSED] - Text '234' is set on object 'Object Repository/RecAndPlayBk/Page-Vlink-Debit/input_Application Id'

2023-02-15 23:09:44 - [TEST_STEP][PASSED] - setText(findTestObject("RecAndPlayBk/Page-Vlink-Debit/input_Username"), username): Text 'username' is set on object 'Object Repository/RecAndPlayBk/Page-Vlink-Debit/input_Username'

2023-02-15 23:09:45 - [MESSAGE][PASSED] - Text 'username' is set on object 'Object Repository/RecAndPlayBk/Page-Vlink-Debit/input_Username'

2023-02-15 23:09:45 - [TEST_STEP][PASSED] - setText(findTestObject("RecAndPlayBk/Page-Vlink-Debit/input_Password"), password): Text 'password' is set on object 'Object Repository/RecAndPlayBk/Page-Vlink-Debit/input_Password'

2023-02-15 23:09:45 - [MESSAGE][PASSED] - Text 'password' is set on object 'Object Repository/RecAndPlayBk/Page-Vlink-Debit/input_Password'

2023-02-15 23:09:45 - [TEST_STEP][PASSED] - setText(findTestObject("Object Repository/RecAndPlayBk/Page-Vlink-Debit/input_Response Format"), resFormat): Text 'fixed_width' is set on object 'Object Repository/RecAndPlayBk/Page-Vlink-Debit/input_Response Format'

2023-02-15 23:09:46 - [MESSAGE][PASSED] - Text 'fixed_width' is set on object 'Object Repository/RecAndPlayBk/Page-Vlink-Debit/input_Response Format'

2023-02-15 23:09:46 - [TEST_STEP][PASSED] - setText(findTestObject("RecAndPlayBk/Page-Vlink-Debit/input_Check Type"), checkType): Text '' is set on object 'Object Repository/RecAndPlayBk/Page-Vlink-Debit/input_Check Type'

2023-02-15 23:09:46 - [MESSAGE][PASSED] - Text '' is set on object 'Object Repository/RecAndPlayBk/Page-Vlink-Debit/input_Check Type'

2023-02-15 23:09:46 - [TEST_STEP][PASSED] - setText(findTestObject("Object Repository/RecAndPlayBk/Page-Vlink-Debit/input_First Name"), fName): Text 'Andy' is set on object 'Object Repository/RecAndPlayBk/Page-Vlink-Debit/input_First Name'

2023-02-15 23:09:47 - [MESSAGE][PASSED] - Text 'Andy' is set on object 'Object Repository/RecAndPlayBk/Page-Vlink-Debit/input_First Name'

2023-02-15 23:09:47 - [TEST_STEP][PASSED] - setText(findTestObject("Object Repository/RecAndPlayBk/Page-Vlink-Debit/input_Last Name"), lName): Text 'Roberts' is set on object 'Object Repository/RecAndPlayBk/Page-Vlink-Debit/input_Last Name'

2023-02-15 23:09:48 - [MESSAGE][PASSED] - Text 'Roberts' is set on object 'Object Repository/RecAndPlayBk/Page-Vlink-Debit/input_Last Name'

2023-02-15 23:09:48 - [TEST_STEP][PASSED] - setText(findTestObject("Object Repository/RecAndPlayBk/Page-Vlink-Debit/input_Address"), al1): Text '145 Main Street' is set on object 'Object Repository/RecAndPlayBk/Page-Vlink-Debit/input_Address'

2023-02-15 23:09:48 - [MESSAGE][PASSED] - Text '145 Main Street' is set on object 'Object Repository/RecAndPlayBk/Page-Vlink-Debit/input_Address'

2023-02-15 23:09:48 - [TEST_STEP][PASSED] - setText(findTestObject("Object Repository/RecAndPlayBk/Page-Vlink-Debit/input_City"), city): Text 'Arlington' is set on object 'Object Repository/RecAndPlayBk/Page-Vlink-Debit/input_City'

2023-02-15 23:09:49 - [MESSAGE][PASSED] - Text 'Arlington' is set on object 'Object Repository/RecAndPlayBk/Page-Vlink-Debit/input_City'

2023-02-15 23:09:49 - [TEST_STEP][PASSED] - setText(findTestObject("Object Repository/RecAndPlayBk/Page-Vlink-Debit/input_State"), state): Text 'VA' is set on object 'Object Repository/RecAndPlayBk/Page-Vlink-Debit/input_State'

2023-02-15 23:09:50 - [MESSAGE][PASSED] - Text 'VA' is set on object 'Object Repository/RecAndPlayBk/Page-Vlink-Debit/input_State'

2023-02-15 23:09:50 - [TEST_STEP][PASSED] - setText(findTestObject("Object Repository/RecAndPlayBk/Page-Vlink-Debit/input_Zip"), zip): Text '22201' is set on object 'Object Repository/RecAndPlayBk/Page-Vlink-Debit/input_Zip'

2023-02-15 23:09:50 - [MESSAGE][PASSED] - Text '22201' is set on object 'Object Repository/RecAndPlayBk/Page-Vlink-Debit/input_Zip'

2023-02-15 23:09:50 - [TEST_STEP][PASSED] - setText(findTestObject("RecAndPlayBk/Page-Vlink-Debit/input_Account_check"), acNumber): Text '58963214' is set on object 'Object Repository/RecAndPlayBk/Page-Vlink-Debit/input_Account_check'

2023-02-15 23:09:51 - [MESSAGE][PASSED] - Text '58963214' is set on object 'Object Repository/RecAndPlayBk/Page-Vlink-Debit/input_Account_check'

2023-02-15 23:09:51 - [TEST_STEP][PASSED] - setText(findTestObject("RecAndPlayBk/Page-Vlink-Debit/input_Company_check"), company): Text '' is set on object 'Object Repository/RecAndPlayBk/Page-Vlink-Debit/input_Company_check'

2023-02-15 23:09:52 - [MESSAGE][PASSED] - Text '' is set on object 'Object Repository/RecAndPlayBk/Page-Vlink-Debit/input_Company_check'

2023-02-15 23:09:52 - [TEST_STEP][PASSED] - setText(findTestObject("RecAndPlayBk/Page-Vlink-Debit/input_Account Type"), acType): Text '1' is set on object 'Object Repository/RecAndPlayBk/Page-Vlink-Debit/input_Account Type'

2023-02-15 23:09:52 - [MESSAGE][PASSED] - Text '1' is set on object 'Object Repository/RecAndPlayBk/Page-Vlink-Debit/input_Account Type'

2023-02-15 23:09:52 - [TEST_STEP][PASSED] - setText(findTestObject("RecAndPlayBk/Page-Vlink-Debit/input_Routing Number"), rtn): Text '256072691' is set on object 'Object Repository/RecAndPlayBk/Page-Vlink-Debit/input_Routing Number'

2023-02-15 23:09:53 - [MESSAGE][PASSED] - Text '256072691' is set on object 'Object Repository/RecAndPlayBk/Page-Vlink-Debit/input_Routing Number'

2023-02-15 23:09:53 - [TEST_STEP][PASSED] - setText(findTestObject("RecAndPlayBk/Page-Vlink-Debit/input_Amount"), amount): Text '12.50' is set on object 'Object Repository/RecAndPlayBk/Page-Vlink-Debit/input_Amount'

2023-02-15 23:09:54 - [MESSAGE][PASSED] - Text '12.50' is set on object 'Object Repository/RecAndPlayBk/Page-Vlink-Debit/input_Amount'

2023-02-15 23:09:54 - [TEST_STEP][PASSED] - setText(findTestObject("RecAndPlayBk/Page-Vlink-Debit/input_Check Email"), ""): Text '' is set on object 'Object Repository/RecAndPlayBk/Page-Vlink-Debit/input_Check Email'

2023-02-15 23:09:54 - [MESSAGE][PASSED] - Text '' is set on object 'Object Repository/RecAndPlayBk/Page-Vlink-Debit/input_Check Email'

2023-02-15 23:09:54 - [TEST_STEP][PASSED] - setText(findTestObject("Object Repository/RecAndPlayBk/Page-Vlink-Debit/input_concat(CheckWriter, , s SSN)_check_ssn"), ""): Text '' is set on object 'Object Repository/RecAndPlayBk/Page-Vlink-Debit/input_concat(CheckWriter, , s SSN)_check_ssn'

2023-02-15 23:09:55 - [MESSAGE][PASSED] - Text '' is set on object 'Object Repository/RecAndPlayBk/Page-Vlink-Debit/input_concat(CheckWriter, , s SSN)_check_ssn'

2023-02-15 23:09:55 - [TEST_STEP][PASSED] - setText(findTestObject("Object Repository/RecAndPlayBk/Page-Vlink-Debit/input_concat(CheckWriter, , s License Numbe_020fef"), ""): Text '' is set on object 'Object Repository/RecAndPlayBk/Page-Vlink-Debit/input_concat(CheckWriter, , s License Numbe_020fef'

2023-02-15 23:09:56 - [MESSAGE][PASSED] - Text '' is set on object 'Object Repository/RecAndPlayBk/Page-Vlink-Debit/input_concat(CheckWriter, , s License Numbe_020fef'

2023-02-15 23:09:56 - [TEST_STEP][PASSED] - setText(findTestObject("Object Repository/RecAndPlayBk/Page-Vlink-Debit/input_concat(CheckWriter, , s License State_21e3e7"), ""): Text '' is set on object 'Object Repository/RecAndPlayBk/Page-Vlink-Debit/input_concat(CheckWriter, , s License State_21e3e7'

2023-02-15 23:09:56 - [MESSAGE][PASSED] - Text '' is set on object 'Object Repository/RecAndPlayBk/Page-Vlink-Debit/input_concat(CheckWriter, , s License State_21e3e7'

2023-02-15 23:09:56 - [TEST_STEP][PASSED] - setText(findTestObject("RecAndPlayBk/Page-Vlink-Debit/input_Standard Entry Class"), sec): Text 'WEB' is set on object 'Object Repository/RecAndPlayBk/Page-Vlink-Debit/input_Standard Entry Class'

2023-02-15 23:09:57 - [MESSAGE][PASSED] - Text 'WEB' is set on object 'Object Repository/RecAndPlayBk/Page-Vlink-Debit/input_Standard Entry Class'

2023-02-15 23:09:57 - [TEST_STEP][PASSED] - click(findTestObject("Object Repository/RecAndPlayBk/Page-Vlink-Debit/input")): Object: 'Object Repository/RecAndPlayBk/Page-Vlink-Debit/input' is clicked on

2023-02-15 23:09:58 - [MESSAGE][PASSED] - Object: 'Object Repository/RecAndPlayBk/Page-Vlink-Debit/input' is clicked on

2023-02-15 23:09:58 - [TEST_STEP][PASSED] - if (verifyTextPresent(errorMsg, true)): null

2023-02-15 23:09:58 - [MESSAGE][PASSED] - Text 'Bank Account type not valid' is present on page  using regular expression

2023-02-15 23:09:58 - [TEST_STEP][PASSED] - println("Error Message is present on the Confirmation page"): null

2023-02-15 23:09:58 - [TEST_STEP][PASSED] - out.println("Pass Record Number: " + row): null

2023-02-15 23:09:58 - [TEST_STEP][PASSED] - resText = "Pass": null

2023-02-15 23:09:58 - [TEST_STEP][PASSED] - pages.WriteExcel.demoKey(resText, datText, resColumn, datCloumn, fileLoc, nameSheet, row): pages.WriteExcel.demoKey is PASSED

2023-02-15 23:09:58 - [MESSAGE][PASSED] - pages.WriteExcel.demoKey is PASSED

2023-02-15 23:09:58 - [TEST_STEP][PASSED] - ExecuteTC = findTestData(dataFile).getValue("Execute", row): null

2023-02-15 23:09:58 - [TEST_STEP][PASSED] - out.println("Value of Execute is : " + ExecuteTC): null

2023-02-15 23:09:58 - [TEST_STEP][PASSED] - if (ExecuteTC.equalsIgnoreCase("Y")): null

2023-02-15 23:09:58 - [TEST_STEP][PASSED] - out.println("Begin Record Number: " + row): null

2023-02-15 23:09:58 - [TEST_STEP][PASSED] - today = new java.util.Date(): null

2023-02-15 23:09:58 - [TEST_STEP][PASSED] - println(today): null

2023-02-15 23:09:58 - [TEST_STEP][PASSED] - datText = today: null

2023-02-15 23:09:58 - [TEST_STEP][PASSED] - appID = findTestData(dataFile).getValue("AppID", row): null

2023-02-15 23:09:58 - [TEST_STEP][PASSED] - username = findTestData(dataFile).getValue("Username", row): null

2023-02-15 23:09:58 - [TEST_STEP][PASSED] - password = findTestData(dataFile).getValue("Password", row): null

2023-02-15 23:09:58 - [TEST_STEP][PASSED] - errorMsg = findTestData(dataFile).getValue("ErrorMsg", row): null

2023-02-15 23:09:58 - [TEST_STEP][PASSED] - tranType = findTestData(dataFile).getValue("TranType", row): null

2023-02-15 23:09:58 - [TEST_STEP][PASSED] - mv = findTestData(dataFile).getValue("MV", row): null

2023-02-15 23:09:59 - [TEST_STEP][PASSED] - resFormat = findTestData(dataFile).getValue("ResFormat", row): null

2023-02-15 23:09:59 - [TEST_STEP][PASSED] - fName = findTestData(dataFile).getValue("Fname", row): null

2023-02-15 23:09:59 - [TEST_STEP][PASSED] - lName = findTestData(dataFile).getValue("Lname", row): null

2023-02-15 23:09:59 - [TEST_STEP][PASSED] - al1 = findTestData(dataFile).getValue("AL1", row): null

2023-02-15 23:09:59 - [TEST_STEP][PASSED] - city = findTestData(dataFile).getValue("City", row): null

2023-02-15 23:09:59 - [TEST_STEP][PASSED] - state = findTestData(dataFile).getValue("State", row): null

2023-02-15 23:09:59 - [TEST_STEP][PASSED] - zip = findTestData(dataFile).getValue("ZIP", row): null

2023-02-15 23:09:59 - [TEST_STEP][PASSED] - checkType = findTestData(dataFile).getValue("CheckType", row): null

2023-02-15 23:09:59 - [TEST_STEP][PASSED] - acNumber = findTestData(dataFile).getValue("AcNumber", row): null

2023-02-15 23:09:59 - [TEST_STEP][PASSED] - company = findTestData(dataFile).getValue("Company", row): null

2023-02-15 23:09:59 - [TEST_STEP][PASSED] - acType = findTestData(dataFile).getValue("AcType", row): null

2023-02-15 23:09:59 - [TEST_STEP][PASSED] - rtn = findTestData(dataFile).getValue("RTN", row): null

2023-02-15 23:09:59 - [TEST_STEP][PASSED] - amount = findTestData(dataFile).getValue("Amount", row): null

2023-02-15 23:09:59 - [TEST_STEP][PASSED] - sec = findTestData(dataFile).getValue("SEC", row): null

2023-02-15 23:09:59 - [TEST_STEP][PASSED] - openBrowser(VLinkURL + "debit.html"): Browser is opened with url: 'https://dev-algorithm.govolution.com/vlinktest/QA/version_2_0/debit.html'

2023-02-15 23:09:59 - [MESSAGE][WARNING] - A browser is already opened. Closing browser and opening a new one

2023-02-15 23:10:00 - [MESSAGE][INFO] - Starting 'Chrome' driver

2023-02-15 23:10:00 - [MESSAGE][INFO] - User set preference: ['acceptInsecureCerts', 'true']

2023-02-15 23:10:00 - [MESSAGE][INFO] - Action delay is set to 0 milliseconds

2023-02-15 23:10:02 - [MESSAGE][PASSED] - Browser is opened with url: 'https://dev-algorithm.govolution.com/vlinktest/QA/version_2_0/debit.html'

2023-02-15 23:10:02 - [TEST_STEP][PASSED] - maximizeWindow(): Current window maximized

2023-02-15 23:10:02 - [MESSAGE][PASSED] - Current window maximized

2023-02-15 23:10:02 - [TEST_STEP][PASSED] - setText(findTestObject("Object Repository/RecAndPlayBk/Page-Vlink-Debit/input_Transaction Type"), tranType): Text '200' is set on object 'Object Repository/RecAndPlayBk/Page-Vlink-Debit/input_Transaction Type'

2023-02-15 23:10:03 - [MESSAGE][PASSED] - Text '200' is set on object 'Object Repository/RecAndPlayBk/Page-Vlink-Debit/input_Transaction Type'

2023-02-15 23:10:03 - [TEST_STEP][PASSED] - setText(findTestObject("Object Repository/RecAndPlayBk/Page-Vlink-Debit/input_Message Version"), mv): Text '2.0A' is set on object 'Object Repository/RecAndPlayBk/Page-Vlink-Debit/input_Message Version'

2023-02-15 23:10:04 - [MESSAGE][PASSED] - Text '2.0A' is set on object 'Object Repository/RecAndPlayBk/Page-Vlink-Debit/input_Message Version'

2023-02-15 23:10:04 - [TEST_STEP][PASSED] - genRemID = RandomStringUtils.random(12, true, true): null

2023-02-15 23:10:04 - [TEST_STEP][PASSED] - setText(findTestObject("RecAndPlayBk/Page-Vlink-Debit/input_Remittance Id"), genRemID): Text 'yA47JNedmRmL' is set on object 'Object Repository/RecAndPlayBk/Page-Vlink-Debit/input_Remittance Id'

2023-02-15 23:10:04 - [MESSAGE][PASSED] - Text 'yA47JNedmRmL' is set on object 'Object Repository/RecAndPlayBk/Page-Vlink-Debit/input_Remittance Id'

2023-02-15 23:10:04 - [TEST_STEP][PASSED] - setText(findTestObject("RecAndPlayBk/Page-Vlink-Debit/input_Application Id"), appID): Text '234' is set on object 'Object Repository/RecAndPlayBk/Page-Vlink-Debit/input_Application Id'

2023-02-15 23:10:05 - [MESSAGE][PASSED] - Text '234' is set on object 'Object Repository/RecAndPlayBk/Page-Vlink-Debit/input_Application Id'

2023-02-15 23:10:05 - [TEST_STEP][PASSED] - setText(findTestObject("RecAndPlayBk/Page-Vlink-Debit/input_Username"), username): Text 'username' is set on object 'Object Repository/RecAndPlayBk/Page-Vlink-Debit/input_Username'

2023-02-15 23:10:06 - [MESSAGE][PASSED] - Text 'username' is set on object 'Object Repository/RecAndPlayBk/Page-Vlink-Debit/input_Username'

2023-02-15 23:10:06 - [TEST_STEP][PASSED] - setText(findTestObject("RecAndPlayBk/Page-Vlink-Debit/input_Password"), password): Text 'password' is set on object 'Object Repository/RecAndPlayBk/Page-Vlink-Debit/input_Password'

2023-02-15 23:10:06 - [MESSAGE][PASSED] - Text 'password' is set on object 'Object Repository/RecAndPlayBk/Page-Vlink-Debit/input_Password'

2023-02-15 23:10:06 - [TEST_STEP][PASSED] - setText(findTestObject("Object Repository/RecAndPlayBk/Page-Vlink-Debit/input_Response Format"), resFormat): Text 'fixed_width' is set on object 'Object Repository/RecAndPlayBk/Page-Vlink-Debit/input_Response Format'

2023-02-15 23:10:07 - [MESSAGE][PASSED] - Text 'fixed_width' is set on object 'Object Repository/RecAndPlayBk/Page-Vlink-Debit/input_Response Format'

2023-02-15 23:10:07 - [TEST_STEP][PASSED] - setText(findTestObject("RecAndPlayBk/Page-Vlink-Debit/input_Check Type"), checkType): Text 'P' is set on object 'Object Repository/RecAndPlayBk/Page-Vlink-Debit/input_Check Type'

2023-02-15 23:10:07 - [MESSAGE][PASSED] - Text 'P' is set on object 'Object Repository/RecAndPlayBk/Page-Vlink-Debit/input_Check Type'

2023-02-15 23:10:07 - [TEST_STEP][PASSED] - setText(findTestObject("Object Repository/RecAndPlayBk/Page-Vlink-Debit/input_First Name"), fName): Text '' is set on object 'Object Repository/RecAndPlayBk/Page-Vlink-Debit/input_First Name'

2023-02-15 23:10:08 - [MESSAGE][PASSED] - Text '' is set on object 'Object Repository/RecAndPlayBk/Page-Vlink-Debit/input_First Name'

2023-02-15 23:10:08 - [TEST_STEP][PASSED] - setText(findTestObject("Object Repository/RecAndPlayBk/Page-Vlink-Debit/input_Last Name"), lName): Text 'Roberts' is set on object 'Object Repository/RecAndPlayBk/Page-Vlink-Debit/input_Last Name'

2023-02-15 23:10:09 - [MESSAGE][PASSED] - Text 'Roberts' is set on object 'Object Repository/RecAndPlayBk/Page-Vlink-Debit/input_Last Name'

2023-02-15 23:10:09 - [TEST_STEP][PASSED] - setText(findTestObject("Object Repository/RecAndPlayBk/Page-Vlink-Debit/input_Address"), al1): Text '145 Main Street' is set on object 'Object Repository/RecAndPlayBk/Page-Vlink-Debit/input_Address'

2023-02-15 23:10:09 - [MESSAGE][PASSED] - Text '145 Main Street' is set on object 'Object Repository/RecAndPlayBk/Page-Vlink-Debit/input_Address'

2023-02-15 23:10:09 - [TEST_STEP][PASSED] - setText(findTestObject("Object Repository/RecAndPlayBk/Page-Vlink-Debit/input_City"), city): Text 'Arlington' is set on object 'Object Repository/RecAndPlayBk/Page-Vlink-Debit/input_City'

2023-02-15 23:10:10 - [MESSAGE][PASSED] - Text 'Arlington' is set on object 'Object Repository/RecAndPlayBk/Page-Vlink-Debit/input_City'

2023-02-15 23:10:10 - [TEST_STEP][PASSED] - setText(findTestObject("Object Repository/RecAndPlayBk/Page-Vlink-Debit/input_State"), state): Text 'VA' is set on object 'Object Repository/RecAndPlayBk/Page-Vlink-Debit/input_State'

2023-02-15 23:10:11 - [MESSAGE][PASSED] - Text 'VA' is set on object 'Object Repository/RecAndPlayBk/Page-Vlink-Debit/input_State'

2023-02-15 23:10:11 - [TEST_STEP][PASSED] - setText(findTestObject("Object Repository/RecAndPlayBk/Page-Vlink-Debit/input_Zip"), zip): Text '22201' is set on object 'Object Repository/RecAndPlayBk/Page-Vlink-Debit/input_Zip'

2023-02-15 23:10:11 - [MESSAGE][PASSED] - Text '22201' is set on object 'Object Repository/RecAndPlayBk/Page-Vlink-Debit/input_Zip'

2023-02-15 23:10:11 - [TEST_STEP][PASSED] - setText(findTestObject("RecAndPlayBk/Page-Vlink-Debit/input_Account_check"), acNumber): Text '58963214' is set on object 'Object Repository/RecAndPlayBk/Page-Vlink-Debit/input_Account_check'

2023-02-15 23:10:12 - [MESSAGE][PASSED] - Text '58963214' is set on object 'Object Repository/RecAndPlayBk/Page-Vlink-Debit/input_Account_check'

2023-02-15 23:10:12 - [TEST_STEP][PASSED] - setText(findTestObject("RecAndPlayBk/Page-Vlink-Debit/input_Company_check"), company): Text '' is set on object 'Object Repository/RecAndPlayBk/Page-Vlink-Debit/input_Company_check'

2023-02-15 23:10:13 - [MESSAGE][PASSED] - Text '' is set on object 'Object Repository/RecAndPlayBk/Page-Vlink-Debit/input_Company_check'

2023-02-15 23:10:13 - [TEST_STEP][PASSED] - setText(findTestObject("RecAndPlayBk/Page-Vlink-Debit/input_Account Type"), acType): Text '1' is set on object 'Object Repository/RecAndPlayBk/Page-Vlink-Debit/input_Account Type'

2023-02-15 23:10:13 - [MESSAGE][PASSED] - Text '1' is set on object 'Object Repository/RecAndPlayBk/Page-Vlink-Debit/input_Account Type'

2023-02-15 23:10:13 - [TEST_STEP][PASSED] - setText(findTestObject("RecAndPlayBk/Page-Vlink-Debit/input_Routing Number"), rtn): Text '256072691' is set on object 'Object Repository/RecAndPlayBk/Page-Vlink-Debit/input_Routing Number'

2023-02-15 23:10:14 - [MESSAGE][PASSED] - Text '256072691' is set on object 'Object Repository/RecAndPlayBk/Page-Vlink-Debit/input_Routing Number'

2023-02-15 23:10:14 - [TEST_STEP][PASSED] - setText(findTestObject("RecAndPlayBk/Page-Vlink-Debit/input_Amount"), amount): Text '12.50' is set on object 'Object Repository/RecAndPlayBk/Page-Vlink-Debit/input_Amount'

2023-02-15 23:10:15 - [MESSAGE][PASSED] - Text '12.50' is set on object 'Object Repository/RecAndPlayBk/Page-Vlink-Debit/input_Amount'

2023-02-15 23:10:15 - [TEST_STEP][PASSED] - setText(findTestObject("RecAndPlayBk/Page-Vlink-Debit/input_Check Email"), ""): Text '' is set on object 'Object Repository/RecAndPlayBk/Page-Vlink-Debit/input_Check Email'

2023-02-15 23:10:15 - [MESSAGE][PASSED] - Text '' is set on object 'Object Repository/RecAndPlayBk/Page-Vlink-Debit/input_Check Email'

2023-02-15 23:10:15 - [TEST_STEP][PASSED] - setText(findTestObject("Object Repository/RecAndPlayBk/Page-Vlink-Debit/input_concat(CheckWriter, , s SSN)_check_ssn"), ""): Text '' is set on object 'Object Repository/RecAndPlayBk/Page-Vlink-Debit/input_concat(CheckWriter, , s SSN)_check_ssn'

2023-02-15 23:10:16 - [MESSAGE][PASSED] - Text '' is set on object 'Object Repository/RecAndPlayBk/Page-Vlink-Debit/input_concat(CheckWriter, , s SSN)_check_ssn'

2023-02-15 23:10:16 - [TEST_STEP][PASSED] - setText(findTestObject("Object Repository/RecAndPlayBk/Page-Vlink-Debit/input_concat(CheckWriter, , s License Numbe_020fef"), ""): Text '' is set on object 'Object Repository/RecAndPlayBk/Page-Vlink-Debit/input_concat(CheckWriter, , s License Numbe_020fef'

2023-02-15 23:10:17 - [MESSAGE][PASSED] - Text '' is set on object 'Object Repository/RecAndPlayBk/Page-Vlink-Debit/input_concat(CheckWriter, , s License Numbe_020fef'

2023-02-15 23:10:17 - [TEST_STEP][PASSED] - setText(findTestObject("Object Repository/RecAndPlayBk/Page-Vlink-Debit/input_concat(CheckWriter, , s License State_21e3e7"), ""): Text '' is set on object 'Object Repository/RecAndPlayBk/Page-Vlink-Debit/input_concat(CheckWriter, , s License State_21e3e7'

2023-02-15 23:10:17 - [MESSAGE][PASSED] - Text '' is set on object 'Object Repository/RecAndPlayBk/Page-Vlink-Debit/input_concat(CheckWriter, , s License State_21e3e7'

2023-02-15 23:10:17 - [TEST_STEP][PASSED] - setText(findTestObject("RecAndPlayBk/Page-Vlink-Debit/input_Standard Entry Class"), sec): Text 'WEB' is set on object 'Object Repository/RecAndPlayBk/Page-Vlink-Debit/input_Standard Entry Class'

2023-02-15 23:10:18 - [MESSAGE][PASSED] - Text 'WEB' is set on object 'Object Repository/RecAndPlayBk/Page-Vlink-Debit/input_Standard Entry Class'

2023-02-15 23:10:18 - [TEST_STEP][PASSED] - click(findTestObject("Object Repository/RecAndPlayBk/Page-Vlink-Debit/input")): Object: 'Object Repository/RecAndPlayBk/Page-Vlink-Debit/input' is clicked on

2023-02-15 23:10:19 - [MESSAGE][PASSED] - Object: 'Object Repository/RecAndPlayBk/Page-Vlink-Debit/input' is clicked on

2023-02-15 23:10:19 - [TEST_STEP][PASSED] - if (verifyTextPresent(errorMsg, true)): null

2023-02-15 23:10:19 - [MESSAGE][PASSED] - Text 'check_first_name' is present on page  using regular expression

2023-02-15 23:10:19 - [TEST_STEP][PASSED] - println("Error Message is present on the Confirmation page"): null

2023-02-15 23:10:19 - [TEST_STEP][PASSED] - out.println("Pass Record Number: " + row): null

2023-02-15 23:10:19 - [TEST_STEP][PASSED] - resText = "Pass": null

2023-02-15 23:10:19 - [TEST_STEP][PASSED] - pages.WriteExcel.demoKey(resText, datText, resColumn, datCloumn, fileLoc, nameSheet, row): pages.WriteExcel.demoKey is PASSED

2023-02-15 23:10:19 - [MESSAGE][PASSED] - pages.WriteExcel.demoKey is PASSED

2023-02-15 23:10:19 - [TEST_STEP][PASSED] - ExecuteTC = findTestData(dataFile).getValue("Execute", row): null

2023-02-15 23:10:19 - [TEST_STEP][PASSED] - out.println("Value of Execute is : " + ExecuteTC): null

2023-02-15 23:10:19 - [TEST_STEP][PASSED] - if (ExecuteTC.equalsIgnoreCase("Y")): null

2023-02-15 23:10:19 - [TEST_STEP][PASSED] - out.println("Begin Record Number: " + row): null

2023-02-15 23:10:19 - [TEST_STEP][PASSED] - today = new java.util.Date(): null

2023-02-15 23:10:19 - [TEST_STEP][PASSED] - println(today): null

2023-02-15 23:10:19 - [TEST_STEP][PASSED] - datText = today: null

2023-02-15 23:10:19 - [TEST_STEP][PASSED] - appID = findTestData(dataFile).getValue("AppID", row): null

2023-02-15 23:10:19 - [TEST_STEP][PASSED] - username = findTestData(dataFile).getValue("Username", row): null

2023-02-15 23:10:19 - [TEST_STEP][PASSED] - password = findTestData(dataFile).getValue("Password", row): null

2023-02-15 23:10:19 - [TEST_STEP][PASSED] - errorMsg = findTestData(dataFile).getValue("ErrorMsg", row): null

2023-02-15 23:10:19 - [TEST_STEP][PASSED] - tranType = findTestData(dataFile).getValue("TranType", row): null

2023-02-15 23:10:19 - [TEST_STEP][PASSED] - mv = findTestData(dataFile).getValue("MV", row): null

2023-02-15 23:10:19 - [TEST_STEP][PASSED] - resFormat = findTestData(dataFile).getValue("ResFormat", row): null

2023-02-15 23:10:19 - [TEST_STEP][PASSED] - fName = findTestData(dataFile).getValue("Fname", row): null

2023-02-15 23:10:20 - [TEST_STEP][PASSED] - lName = findTestData(dataFile).getValue("Lname", row): null

2023-02-15 23:10:20 - [TEST_STEP][PASSED] - al1 = findTestData(dataFile).getValue("AL1", row): null

2023-02-15 23:10:20 - [TEST_STEP][PASSED] - city = findTestData(dataFile).getValue("City", row): null

2023-02-15 23:10:20 - [TEST_STEP][PASSED] - state = findTestData(dataFile).getValue("State", row): null

2023-02-15 23:10:20 - [TEST_STEP][PASSED] - zip = findTestData(dataFile).getValue("ZIP", row): null

2023-02-15 23:10:20 - [TEST_STEP][PASSED] - checkType = findTestData(dataFile).getValue("CheckType", row): null

2023-02-15 23:10:20 - [TEST_STEP][PASSED] - acNumber = findTestData(dataFile).getValue("AcNumber", row): null

2023-02-15 23:10:20 - [TEST_STEP][PASSED] - company = findTestData(dataFile).getValue("Company", row): null

2023-02-15 23:10:20 - [TEST_STEP][PASSED] - acType = findTestData(dataFile).getValue("AcType", row): null

2023-02-15 23:10:20 - [TEST_STEP][PASSED] - rtn = findTestData(dataFile).getValue("RTN", row): null

2023-02-15 23:10:20 - [TEST_STEP][PASSED] - amount = findTestData(dataFile).getValue("Amount", row): null

2023-02-15 23:10:20 - [TEST_STEP][PASSED] - sec = findTestData(dataFile).getValue("SEC", row): null

2023-02-15 23:10:20 - [TEST_STEP][PASSED] - openBrowser(VLinkURL + "debit.html"): Browser is opened with url: 'https://dev-algorithm.govolution.com/vlinktest/QA/version_2_0/debit.html'

2023-02-15 23:10:20 - [MESSAGE][WARNING] - A browser is already opened. Closing browser and opening a new one

2023-02-15 23:10:21 - [MESSAGE][INFO] - Starting 'Chrome' driver

2023-02-15 23:10:21 - [MESSAGE][INFO] - User set preference: ['acceptInsecureCerts', 'true']

2023-02-15 23:10:21 - [MESSAGE][INFO] - Action delay is set to 0 milliseconds

2023-02-15 23:10:23 - [MESSAGE][PASSED] - Browser is opened with url: 'https://dev-algorithm.govolution.com/vlinktest/QA/version_2_0/debit.html'

2023-02-15 23:10:23 - [TEST_STEP][PASSED] - maximizeWindow(): Current window maximized

2023-02-15 23:10:23 - [MESSAGE][PASSED] - Current window maximized

2023-02-15 23:10:23 - [TEST_STEP][PASSED] - setText(findTestObject("Object Repository/RecAndPlayBk/Page-Vlink-Debit/input_Transaction Type"), tranType): Text '200' is set on object 'Object Repository/RecAndPlayBk/Page-Vlink-Debit/input_Transaction Type'

2023-02-15 23:10:24 - [MESSAGE][PASSED] - Text '200' is set on object 'Object Repository/RecAndPlayBk/Page-Vlink-Debit/input_Transaction Type'

2023-02-15 23:10:24 - [TEST_STEP][PASSED] - setText(findTestObject("Object Repository/RecAndPlayBk/Page-Vlink-Debit/input_Message Version"), mv): Text '2.0A' is set on object 'Object Repository/RecAndPlayBk/Page-Vlink-Debit/input_Message Version'

2023-02-15 23:10:24 - [MESSAGE][PASSED] - Text '2.0A' is set on object 'Object Repository/RecAndPlayBk/Page-Vlink-Debit/input_Message Version'

2023-02-15 23:10:24 - [TEST_STEP][PASSED] - genRemID = RandomStringUtils.random(12, true, true): null

2023-02-15 23:10:24 - [TEST_STEP][PASSED] - setText(findTestObject("RecAndPlayBk/Page-Vlink-Debit/input_Remittance Id"), genRemID): Text '4J0ubYf5so1s' is set on object 'Object Repository/RecAndPlayBk/Page-Vlink-Debit/input_Remittance Id'

2023-02-15 23:10:25 - [MESSAGE][PASSED] - Text '4J0ubYf5so1s' is set on object 'Object Repository/RecAndPlayBk/Page-Vlink-Debit/input_Remittance Id'

2023-02-15 23:10:25 - [TEST_STEP][PASSED] - setText(findTestObject("RecAndPlayBk/Page-Vlink-Debit/input_Application Id"), appID): Text '234' is set on object 'Object Repository/RecAndPlayBk/Page-Vlink-Debit/input_Application Id'

2023-02-15 23:10:26 - [MESSAGE][PASSED] - Text '234' is set on object 'Object Repository/RecAndPlayBk/Page-Vlink-Debit/input_Application Id'

2023-02-15 23:10:26 - [TEST_STEP][PASSED] - setText(findTestObject("RecAndPlayBk/Page-Vlink-Debit/input_Username"), username): Text 'username' is set on object 'Object Repository/RecAndPlayBk/Page-Vlink-Debit/input_Username'

2023-02-15 23:10:26 - [MESSAGE][PASSED] - Text 'username' is set on object 'Object Repository/RecAndPlayBk/Page-Vlink-Debit/input_Username'

2023-02-15 23:10:26 - [TEST_STEP][PASSED] - setText(findTestObject("RecAndPlayBk/Page-Vlink-Debit/input_Password"), password): Text 'password' is set on object 'Object Repository/RecAndPlayBk/Page-Vlink-Debit/input_Password'

2023-02-15 23:10:27 - [MESSAGE][PASSED] - Text 'password' is set on object 'Object Repository/RecAndPlayBk/Page-Vlink-Debit/input_Password'

2023-02-15 23:10:27 - [TEST_STEP][PASSED] - setText(findTestObject("Object Repository/RecAndPlayBk/Page-Vlink-Debit/input_Response Format"), resFormat): Text 'fixed_width' is set on object 'Object Repository/RecAndPlayBk/Page-Vlink-Debit/input_Response Format'

2023-02-15 23:10:28 - [MESSAGE][PASSED] - Text 'fixed_width' is set on object 'Object Repository/RecAndPlayBk/Page-Vlink-Debit/input_Response Format'

2023-02-15 23:10:28 - [TEST_STEP][PASSED] - setText(findTestObject("RecAndPlayBk/Page-Vlink-Debit/input_Check Type"), checkType): Text 'P' is set on object 'Object Repository/RecAndPlayBk/Page-Vlink-Debit/input_Check Type'

2023-02-15 23:10:28 - [MESSAGE][PASSED] - Text 'P' is set on object 'Object Repository/RecAndPlayBk/Page-Vlink-Debit/input_Check Type'

2023-02-15 23:10:28 - [TEST_STEP][PASSED] - setText(findTestObject("Object Repository/RecAndPlayBk/Page-Vlink-Debit/input_First Name"), fName): Text 'Andy' is set on object 'Object Repository/RecAndPlayBk/Page-Vlink-Debit/input_First Name'

2023-02-15 23:10:29 - [MESSAGE][PASSED] - Text 'Andy' is set on object 'Object Repository/RecAndPlayBk/Page-Vlink-Debit/input_First Name'

2023-02-15 23:10:29 - [TEST_STEP][PASSED] - setText(findTestObject("Object Repository/RecAndPlayBk/Page-Vlink-Debit/input_Last Name"), lName): Text '' is set on object 'Object Repository/RecAndPlayBk/Page-Vlink-Debit/input_Last Name'

2023-02-15 23:10:29 - [MESSAGE][PASSED] - Text '' is set on object 'Object Repository/RecAndPlayBk/Page-Vlink-Debit/input_Last Name'

2023-02-15 23:10:29 - [TEST_STEP][PASSED] - setText(findTestObject("Object Repository/RecAndPlayBk/Page-Vlink-Debit/input_Address"), al1): Text '145 Main Street' is set on object 'Object Repository/RecAndPlayBk/Page-Vlink-Debit/input_Address'

2023-02-15 23:10:30 - [MESSAGE][PASSED] - Text '145 Main Street' is set on object 'Object Repository/RecAndPlayBk/Page-Vlink-Debit/input_Address'

2023-02-15 23:10:30 - [TEST_STEP][PASSED] - setText(findTestObject("Object Repository/RecAndPlayBk/Page-Vlink-Debit/input_City"), city): Text 'Arlington' is set on object 'Object Repository/RecAndPlayBk/Page-Vlink-Debit/input_City'

2023-02-15 23:10:31 - [MESSAGE][PASSED] - Text 'Arlington' is set on object 'Object Repository/RecAndPlayBk/Page-Vlink-Debit/input_City'

2023-02-15 23:10:31 - [TEST_STEP][PASSED] - setText(findTestObject("Object Repository/RecAndPlayBk/Page-Vlink-Debit/input_State"), state): Text 'VA' is set on object 'Object Repository/RecAndPlayBk/Page-Vlink-Debit/input_State'

2023-02-15 23:10:31 - [MESSAGE][PASSED] - Text 'VA' is set on object 'Object Repository/RecAndPlayBk/Page-Vlink-Debit/input_State'

2023-02-15 23:10:31 - [TEST_STEP][PASSED] - setText(findTestObject("Object Repository/RecAndPlayBk/Page-Vlink-Debit/input_Zip"), zip): Text '22201' is set on object 'Object Repository/RecAndPlayBk/Page-Vlink-Debit/input_Zip'

2023-02-15 23:10:32 - [MESSAGE][PASSED] - Text '22201' is set on object 'Object Repository/RecAndPlayBk/Page-Vlink-Debit/input_Zip'

2023-02-15 23:10:32 - [TEST_STEP][PASSED] - setText(findTestObject("RecAndPlayBk/Page-Vlink-Debit/input_Account_check"), acNumber): Text '58963214' is set on object 'Object Repository/RecAndPlayBk/Page-Vlink-Debit/input_Account_check'

2023-02-15 23:10:33 - [MESSAGE][PASSED] - Text '58963214' is set on object 'Object Repository/RecAndPlayBk/Page-Vlink-Debit/input_Account_check'

2023-02-15 23:10:33 - [TEST_STEP][PASSED] - setText(findTestObject("RecAndPlayBk/Page-Vlink-Debit/input_Company_check"), company): Text '' is set on object 'Object Repository/RecAndPlayBk/Page-Vlink-Debit/input_Company_check'

2023-02-15 23:10:33 - [MESSAGE][PASSED] - Text '' is set on object 'Object Repository/RecAndPlayBk/Page-Vlink-Debit/input_Company_check'

2023-02-15 23:10:33 - [TEST_STEP][PASSED] - setText(findTestObject("RecAndPlayBk/Page-Vlink-Debit/input_Account Type"), acType): Text '1' is set on object 'Object Repository/RecAndPlayBk/Page-Vlink-Debit/input_Account Type'

2023-02-15 23:10:34 - [MESSAGE][PASSED] - Text '1' is set on object 'Object Repository/RecAndPlayBk/Page-Vlink-Debit/input_Account Type'

2023-02-15 23:10:34 - [TEST_STEP][PASSED] - setText(findTestObject("RecAndPlayBk/Page-Vlink-Debit/input_Routing Number"), rtn): Text '256072691' is set on object 'Object Repository/RecAndPlayBk/Page-Vlink-Debit/input_Routing Number'

2023-02-15 23:10:35 - [MESSAGE][PASSED] - Text '256072691' is set on object 'Object Repository/RecAndPlayBk/Page-Vlink-Debit/input_Routing Number'

2023-02-15 23:10:35 - [TEST_STEP][PASSED] - setText(findTestObject("RecAndPlayBk/Page-Vlink-Debit/input_Amount"), amount): Text '12.50' is set on object 'Object Repository/RecAndPlayBk/Page-Vlink-Debit/input_Amount'

2023-02-15 23:10:35 - [MESSAGE][PASSED] - Text '12.50' is set on object 'Object Repository/RecAndPlayBk/Page-Vlink-Debit/input_Amount'

2023-02-15 23:10:35 - [TEST_STEP][PASSED] - setText(findTestObject("RecAndPlayBk/Page-Vlink-Debit/input_Check Email"), ""): Text '' is set on object 'Object Repository/RecAndPlayBk/Page-Vlink-Debit/input_Check Email'

2023-02-15 23:10:36 - [MESSAGE][PASSED] - Text '' is set on object 'Object Repository/RecAndPlayBk/Page-Vlink-Debit/input_Check Email'

2023-02-15 23:10:36 - [TEST_STEP][PASSED] - setText(findTestObject("Object Repository/RecAndPlayBk/Page-Vlink-Debit/input_concat(CheckWriter, , s SSN)_check_ssn"), ""): Text '' is set on object 'Object Repository/RecAndPlayBk/Page-Vlink-Debit/input_concat(CheckWriter, , s SSN)_check_ssn'

2023-02-15 23:10:37 - [MESSAGE][PASSED] - Text '' is set on object 'Object Repository/RecAndPlayBk/Page-Vlink-Debit/input_concat(CheckWriter, , s SSN)_check_ssn'

2023-02-15 23:10:37 - [TEST_STEP][PASSED] - setText(findTestObject("Object Repository/RecAndPlayBk/Page-Vlink-Debit/input_concat(CheckWriter, , s License Numbe_020fef"), ""): Text '' is set on object 'Object Repository/RecAndPlayBk/Page-Vlink-Debit/input_concat(CheckWriter, , s License Numbe_020fef'

2023-02-15 23:10:37 - [MESSAGE][PASSED] - Text '' is set on object 'Object Repository/RecAndPlayBk/Page-Vlink-Debit/input_concat(CheckWriter, , s License Numbe_020fef'

2023-02-15 23:10:37 - [TEST_STEP][PASSED] - setText(findTestObject("Object Repository/RecAndPlayBk/Page-Vlink-Debit/input_concat(CheckWriter, , s License State_21e3e7"), ""): Text '' is set on object 'Object Repository/RecAndPlayBk/Page-Vlink-Debit/input_concat(CheckWriter, , s License State_21e3e7'

2023-02-15 23:10:38 - [MESSAGE][PASSED] - Text '' is set on object 'Object Repository/RecAndPlayBk/Page-Vlink-Debit/input_concat(CheckWriter, , s License State_21e3e7'

2023-02-15 23:10:38 - [TEST_STEP][PASSED] - setText(findTestObject("RecAndPlayBk/Page-Vlink-Debit/input_Standard Entry Class"), sec): Text 'WEB' is set on object 'Object Repository/RecAndPlayBk/Page-Vlink-Debit/input_Standard Entry Class'

2023-02-15 23:10:39 - [MESSAGE][PASSED] - Text 'WEB' is set on object 'Object Repository/RecAndPlayBk/Page-Vlink-Debit/input_Standard Entry Class'

2023-02-15 23:10:39 - [TEST_STEP][PASSED] - click(findTestObject("Object Repository/RecAndPlayBk/Page-Vlink-Debit/input")): Object: 'Object Repository/RecAndPlayBk/Page-Vlink-Debit/input' is clicked on

2023-02-15 23:10:39 - [MESSAGE][PASSED] - Object: 'Object Repository/RecAndPlayBk/Page-Vlink-Debit/input' is clicked on

2023-02-15 23:10:39 - [TEST_STEP][PASSED] - if (verifyTextPresent(errorMsg, true)): null

2023-02-15 23:10:40 - [MESSAGE][PASSED] - Text 'check_last_name' is present on page  using regular expression

2023-02-15 23:10:40 - [TEST_STEP][PASSED] - println("Error Message is present on the Confirmation page"): null

2023-02-15 23:10:40 - [TEST_STEP][PASSED] - out.println("Pass Record Number: " + row): null

2023-02-15 23:10:40 - [TEST_STEP][PASSED] - resText = "Pass": null

2023-02-15 23:10:40 - [TEST_STEP][PASSED] - pages.WriteExcel.demoKey(resText, datText, resColumn, datCloumn, fileLoc, nameSheet, row): pages.WriteExcel.demoKey is PASSED

2023-02-15 23:10:40 - [MESSAGE][PASSED] - pages.WriteExcel.demoKey is PASSED

2023-02-15 23:10:40 - [TEST_STEP][PASSED] - ExecuteTC = findTestData(dataFile).getValue("Execute", row): null

2023-02-15 23:10:40 - [TEST_STEP][PASSED] - out.println("Value of Execute is : " + ExecuteTC): null

2023-02-15 23:10:40 - [TEST_STEP][PASSED] - if (ExecuteTC.equalsIgnoreCase("Y")): null

2023-02-15 23:10:40 - [TEST_STEP][PASSED] - out.println("Begin Record Number: " + row): null

2023-02-15 23:10:40 - [TEST_STEP][PASSED] - today = new java.util.Date(): null

2023-02-15 23:10:40 - [TEST_STEP][PASSED] - println(today): null

2023-02-15 23:10:40 - [TEST_STEP][PASSED] - datText = today: null

2023-02-15 23:10:40 - [TEST_STEP][PASSED] - appID = findTestData(dataFile).getValue("AppID", row): null

2023-02-15 23:10:40 - [TEST_STEP][PASSED] - username = findTestData(dataFile).getValue("Username", row): null

2023-02-15 23:10:40 - [TEST_STEP][PASSED] - password = findTestData(dataFile).getValue("Password", row): null

2023-02-15 23:10:40 - [TEST_STEP][PASSED] - errorMsg = findTestData(dataFile).getValue("ErrorMsg", row): null

2023-02-15 23:10:40 - [TEST_STEP][PASSED] - tranType = findTestData(dataFile).getValue("TranType", row): null

2023-02-15 23:10:40 - [TEST_STEP][PASSED] - mv = findTestData(dataFile).getValue("MV", row): null

2023-02-15 23:10:40 - [TEST_STEP][PASSED] - resFormat = findTestData(dataFile).getValue("ResFormat", row): null

2023-02-15 23:10:40 - [TEST_STEP][PASSED] - fName = findTestData(dataFile).getValue("Fname", row): null

2023-02-15 23:10:40 - [TEST_STEP][PASSED] - lName = findTestData(dataFile).getValue("Lname", row): null

2023-02-15 23:10:40 - [TEST_STEP][PASSED] - al1 = findTestData(dataFile).getValue("AL1", row): null

2023-02-15 23:10:40 - [TEST_STEP][PASSED] - city = findTestData(dataFile).getValue("City", row): null

2023-02-15 23:10:40 - [TEST_STEP][PASSED] - state = findTestData(dataFile).getValue("State", row): null

2023-02-15 23:10:41 - [TEST_STEP][PASSED] - zip = findTestData(dataFile).getValue("ZIP", row): null

2023-02-15 23:10:41 - [TEST_STEP][PASSED] - checkType = findTestData(dataFile).getValue("CheckType", row): null

2023-02-15 23:10:41 - [TEST_STEP][PASSED] - acNumber = findTestData(dataFile).getValue("AcNumber", row): null

2023-02-15 23:10:41 - [TEST_STEP][PASSED] - company = findTestData(dataFile).getValue("Company", row): null

2023-02-15 23:10:41 - [TEST_STEP][PASSED] - acType = findTestData(dataFile).getValue("AcType", row): null

2023-02-15 23:10:41 - [TEST_STEP][PASSED] - rtn = findTestData(dataFile).getValue("RTN", row): null

2023-02-15 23:10:41 - [TEST_STEP][PASSED] - amount = findTestData(dataFile).getValue("Amount", row): null

2023-02-15 23:10:41 - [TEST_STEP][PASSED] - sec = findTestData(dataFile).getValue("SEC", row): null

2023-02-15 23:10:41 - [TEST_STEP][PASSED] - openBrowser(VLinkURL + "debit.html"): Browser is opened with url: 'https://dev-algorithm.govolution.com/vlinktest/QA/version_2_0/debit.html'

2023-02-15 23:10:41 - [MESSAGE][WARNING] - A browser is already opened. Closing browser and opening a new one

2023-02-15 23:10:42 - [MESSAGE][INFO] - Starting 'Chrome' driver

2023-02-15 23:10:42 - [MESSAGE][INFO] - User set preference: ['acceptInsecureCerts', 'true']

2023-02-15 23:10:42 - [MESSAGE][INFO] - Action delay is set to 0 milliseconds

2023-02-15 23:10:44 - [MESSAGE][PASSED] - Browser is opened with url: 'https://dev-algorithm.govolution.com/vlinktest/QA/version_2_0/debit.html'

2023-02-15 23:10:44 - [TEST_STEP][PASSED] - maximizeWindow(): Current window maximized

2023-02-15 23:10:44 - [MESSAGE][PASSED] - Current window maximized

2023-02-15 23:10:44 - [TEST_STEP][PASSED] - setText(findTestObject("Object Repository/RecAndPlayBk/Page-Vlink-Debit/input_Transaction Type"), tranType): Text '200' is set on object 'Object Repository/RecAndPlayBk/Page-Vlink-Debit/input_Transaction Type'

2023-02-15 23:10:45 - [MESSAGE][PASSED] - Text '200' is set on object 'Object Repository/RecAndPlayBk/Page-Vlink-Debit/input_Transaction Type'

2023-02-15 23:10:45 - [TEST_STEP][PASSED] - setText(findTestObject("Object Repository/RecAndPlayBk/Page-Vlink-Debit/input_Message Version"), mv): Text '2.0A' is set on object 'Object Repository/RecAndPlayBk/Page-Vlink-Debit/input_Message Version'

2023-02-15 23:10:45 - [MESSAGE][PASSED] - Text '2.0A' is set on object 'Object Repository/RecAndPlayBk/Page-Vlink-Debit/input_Message Version'

2023-02-15 23:10:45 - [TEST_STEP][PASSED] - genRemID = RandomStringUtils.random(12, true, true): null

2023-02-15 23:10:45 - [TEST_STEP][PASSED] - setText(findTestObject("RecAndPlayBk/Page-Vlink-Debit/input_Remittance Id"), genRemID): Text 'Hb3v8VS1E7CT' is set on object 'Object Repository/RecAndPlayBk/Page-Vlink-Debit/input_Remittance Id'

2023-02-15 23:10:46 - [MESSAGE][PASSED] - Text 'Hb3v8VS1E7CT' is set on object 'Object Repository/RecAndPlayBk/Page-Vlink-Debit/input_Remittance Id'

2023-02-15 23:10:46 - [TEST_STEP][PASSED] - setText(findTestObject("RecAndPlayBk/Page-Vlink-Debit/input_Application Id"), appID): Text '234' is set on object 'Object Repository/RecAndPlayBk/Page-Vlink-Debit/input_Application Id'

2023-02-15 23:10:47 - [MESSAGE][PASSED] - Text '234' is set on object 'Object Repository/RecAndPlayBk/Page-Vlink-Debit/input_Application Id'

2023-02-15 23:10:47 - [TEST_STEP][PASSED] - setText(findTestObject("RecAndPlayBk/Page-Vlink-Debit/input_Username"), username): Text 'username' is set on object 'Object Repository/RecAndPlayBk/Page-Vlink-Debit/input_Username'

2023-02-15 23:10:47 - [MESSAGE][PASSED] - Text 'username' is set on object 'Object Repository/RecAndPlayBk/Page-Vlink-Debit/input_Username'

2023-02-15 23:10:47 - [TEST_STEP][PASSED] - setText(findTestObject("RecAndPlayBk/Page-Vlink-Debit/input_Password"), password): Text 'password' is set on object 'Object Repository/RecAndPlayBk/Page-Vlink-Debit/input_Password'

2023-02-15 23:10:48 - [MESSAGE][PASSED] - Text 'password' is set on object 'Object Repository/RecAndPlayBk/Page-Vlink-Debit/input_Password'

2023-02-15 23:10:48 - [TEST_STEP][PASSED] - setText(findTestObject("Object Repository/RecAndPlayBk/Page-Vlink-Debit/input_Response Format"), resFormat): Text 'fixed_width' is set on object 'Object Repository/RecAndPlayBk/Page-Vlink-Debit/input_Response Format'

2023-02-15 23:10:48 - [MESSAGE][PASSED] - Text 'fixed_width' is set on object 'Object Repository/RecAndPlayBk/Page-Vlink-Debit/input_Response Format'

2023-02-15 23:10:48 - [TEST_STEP][PASSED] - setText(findTestObject("RecAndPlayBk/Page-Vlink-Debit/input_Check Type"), checkType): Text 'P' is set on object 'Object Repository/RecAndPlayBk/Page-Vlink-Debit/input_Check Type'

2023-02-15 23:10:49 - [MESSAGE][PASSED] - Text 'P' is set on object 'Object Repository/RecAndPlayBk/Page-Vlink-Debit/input_Check Type'

2023-02-15 23:10:49 - [TEST_STEP][PASSED] - setText(findTestObject("Object Repository/RecAndPlayBk/Page-Vlink-Debit/input_First Name"), fName): Text 'Andy' is set on object 'Object Repository/RecAndPlayBk/Page-Vlink-Debit/input_First Name'

2023-02-15 23:10:50 - [MESSAGE][PASSED] - Text 'Andy' is set on object 'Object Repository/RecAndPlayBk/Page-Vlink-Debit/input_First Name'

2023-02-15 23:10:50 - [TEST_STEP][PASSED] - setText(findTestObject("Object Repository/RecAndPlayBk/Page-Vlink-Debit/input_Last Name"), lName): Text 'Roberts' is set on object 'Object Repository/RecAndPlayBk/Page-Vlink-Debit/input_Last Name'

2023-02-15 23:10:50 - [MESSAGE][PASSED] - Text 'Roberts' is set on object 'Object Repository/RecAndPlayBk/Page-Vlink-Debit/input_Last Name'

2023-02-15 23:10:50 - [TEST_STEP][PASSED] - setText(findTestObject("Object Repository/RecAndPlayBk/Page-Vlink-Debit/input_Address"), al1): Text '' is set on object 'Object Repository/RecAndPlayBk/Page-Vlink-Debit/input_Address'

2023-02-15 23:10:51 - [MESSAGE][PASSED] - Text '' is set on object 'Object Repository/RecAndPlayBk/Page-Vlink-Debit/input_Address'

2023-02-15 23:10:51 - [TEST_STEP][PASSED] - setText(findTestObject("Object Repository/RecAndPlayBk/Page-Vlink-Debit/input_City"), city): Text 'Arlington' is set on object 'Object Repository/RecAndPlayBk/Page-Vlink-Debit/input_City'

2023-02-15 23:10:51 - [MESSAGE][PASSED] - Text 'Arlington' is set on object 'Object Repository/RecAndPlayBk/Page-Vlink-Debit/input_City'

2023-02-15 23:10:51 - [TEST_STEP][PASSED] - setText(findTestObject("Object Repository/RecAndPlayBk/Page-Vlink-Debit/input_State"), state): Text 'VA' is set on object 'Object Repository/RecAndPlayBk/Page-Vlink-Debit/input_State'

2023-02-15 23:10:52 - [MESSAGE][PASSED] - Text 'VA' is set on object 'Object Repository/RecAndPlayBk/Page-Vlink-Debit/input_State'

2023-02-15 23:10:52 - [TEST_STEP][PASSED] - setText(findTestObject("Object Repository/RecAndPlayBk/Page-Vlink-Debit/input_Zip"), zip): Text '22201' is set on object 'Object Repository/RecAndPlayBk/Page-Vlink-Debit/input_Zip'

2023-02-15 23:10:53 - [MESSAGE][PASSED] - Text '22201' is set on object 'Object Repository/RecAndPlayBk/Page-Vlink-Debit/input_Zip'

2023-02-15 23:10:53 - [TEST_STEP][PASSED] - setText(findTestObject("RecAndPlayBk/Page-Vlink-Debit/input_Account_check"), acNumber): Text '58963214' is set on object 'Object Repository/RecAndPlayBk/Page-Vlink-Debit/input_Account_check'

2023-02-15 23:10:54 - [MESSAGE][PASSED] - Text '58963214' is set on object 'Object Repository/RecAndPlayBk/Page-Vlink-Debit/input_Account_check'

2023-02-15 23:10:54 - [TEST_STEP][PASSED] - setText(findTestObject("RecAndPlayBk/Page-Vlink-Debit/input_Company_check"), company): Text '' is set on object 'Object Repository/RecAndPlayBk/Page-Vlink-Debit/input_Company_check'

2023-02-15 23:10:54 - [MESSAGE][PASSED] - Text '' is set on object 'Object Repository/RecAndPlayBk/Page-Vlink-Debit/input_Company_check'

2023-02-15 23:10:54 - [TEST_STEP][PASSED] - setText(findTestObject("RecAndPlayBk/Page-Vlink-Debit/input_Account Type"), acType): Text '1' is set on object 'Object Repository/RecAndPlayBk/Page-Vlink-Debit/input_Account Type'

2023-02-15 23:10:55 - [MESSAGE][PASSED] - Text '1' is set on object 'Object Repository/RecAndPlayBk/Page-Vlink-Debit/input_Account Type'

2023-02-15 23:10:55 - [TEST_STEP][PASSED] - setText(findTestObject("RecAndPlayBk/Page-Vlink-Debit/input_Routing Number"), rtn): Text '256072691' is set on object 'Object Repository/RecAndPlayBk/Page-Vlink-Debit/input_Routing Number'

2023-02-15 23:10:56 - [MESSAGE][PASSED] - Text '256072691' is set on object 'Object Repository/RecAndPlayBk/Page-Vlink-Debit/input_Routing Number'

2023-02-15 23:10:56 - [TEST_STEP][PASSED] - setText(findTestObject("RecAndPlayBk/Page-Vlink-Debit/input_Amount"), amount): Text '12.50' is set on object 'Object Repository/RecAndPlayBk/Page-Vlink-Debit/input_Amount'

2023-02-15 23:10:56 - [MESSAGE][PASSED] - Text '12.50' is set on object 'Object Repository/RecAndPlayBk/Page-Vlink-Debit/input_Amount'

2023-02-15 23:10:56 - [TEST_STEP][PASSED] - setText(findTestObject("RecAndPlayBk/Page-Vlink-Debit/input_Check Email"), ""): Text '' is set on object 'Object Repository/RecAndPlayBk/Page-Vlink-Debit/input_Check Email'

2023-02-15 23:10:57 - [MESSAGE][PASSED] - Text '' is set on object 'Object Repository/RecAndPlayBk/Page-Vlink-Debit/input_Check Email'

2023-02-15 23:10:57 - [TEST_STEP][PASSED] - setText(findTestObject("Object Repository/RecAndPlayBk/Page-Vlink-Debit/input_concat(CheckWriter, , s SSN)_check_ssn"), ""): Text '' is set on object 'Object Repository/RecAndPlayBk/Page-Vlink-Debit/input_concat(CheckWriter, , s SSN)_check_ssn'

2023-02-15 23:10:58 - [MESSAGE][PASSED] - Text '' is set on object 'Object Repository/RecAndPlayBk/Page-Vlink-Debit/input_concat(CheckWriter, , s SSN)_check_ssn'

2023-02-15 23:10:58 - [TEST_STEP][PASSED] - setText(findTestObject("Object Repository/RecAndPlayBk/Page-Vlink-Debit/input_concat(CheckWriter, , s License Numbe_020fef"), ""): Text '' is set on object 'Object Repository/RecAndPlayBk/Page-Vlink-Debit/input_concat(CheckWriter, , s License Numbe_020fef'

2023-02-15 23:10:58 - [MESSAGE][PASSED] - Text '' is set on object 'Object Repository/RecAndPlayBk/Page-Vlink-Debit/input_concat(CheckWriter, , s License Numbe_020fef'

2023-02-15 23:10:58 - [TEST_STEP][PASSED] - setText(findTestObject("Object Repository/RecAndPlayBk/Page-Vlink-Debit/input_concat(CheckWriter, , s License State_21e3e7"), ""): Text '' is set on object 'Object Repository/RecAndPlayBk/Page-Vlink-Debit/input_concat(CheckWriter, , s License State_21e3e7'

2023-02-15 23:10:59 - [MESSAGE][PASSED] - Text '' is set on object 'Object Repository/RecAndPlayBk/Page-Vlink-Debit/input_concat(CheckWriter, , s License State_21e3e7'

2023-02-15 23:10:59 - [TEST_STEP][PASSED] - setText(findTestObject("RecAndPlayBk/Page-Vlink-Debit/input_Standard Entry Class"), sec): Text 'WEB' is set on object 'Object Repository/RecAndPlayBk/Page-Vlink-Debit/input_Standard Entry Class'

2023-02-15 23:11:00 - [MESSAGE][PASSED] - Text 'WEB' is set on object 'Object Repository/RecAndPlayBk/Page-Vlink-Debit/input_Standard Entry Class'

2023-02-15 23:11:00 - [TEST_STEP][PASSED] - click(findTestObject("Object Repository/RecAndPlayBk/Page-Vlink-Debit/input")): Object: 'Object Repository/RecAndPlayBk/Page-Vlink-Debit/input' is clicked on

2023-02-15 23:11:00 - [MESSAGE][PASSED] - Object: 'Object Repository/RecAndPlayBk/Page-Vlink-Debit/input' is clicked on

2023-02-15 23:11:00 - [TEST_STEP][PASSED] - if (verifyTextPresent(errorMsg, true)): null

2023-02-15 23:11:01 - [MESSAGE][PASSED] - Text 'check_address' is present on page  using regular expression

2023-02-15 23:11:01 - [TEST_STEP][PASSED] - println("Error Message is present on the Confirmation page"): null

2023-02-15 23:11:01 - [TEST_STEP][PASSED] - out.println("Pass Record Number: " + row): null

2023-02-15 23:11:01 - [TEST_STEP][PASSED] - resText = "Pass": null

2023-02-15 23:11:01 - [TEST_STEP][PASSED] - pages.WriteExcel.demoKey(resText, datText, resColumn, datCloumn, fileLoc, nameSheet, row): pages.WriteExcel.demoKey is PASSED

2023-02-15 23:11:01 - [MESSAGE][PASSED] - pages.WriteExcel.demoKey is PASSED

2023-02-15 23:11:01 - [TEST_STEP][PASSED] - ExecuteTC = findTestData(dataFile).getValue("Execute", row): null

2023-02-15 23:11:01 - [TEST_STEP][PASSED] - out.println("Value of Execute is : " + ExecuteTC): null

2023-02-15 23:11:01 - [TEST_STEP][PASSED] - if (ExecuteTC.equalsIgnoreCase("Y")): null

2023-02-15 23:11:01 - [TEST_STEP][PASSED] - out.println("Begin Record Number: " + row): null

2023-02-15 23:11:01 - [TEST_STEP][PASSED] - today = new java.util.Date(): null

2023-02-15 23:11:01 - [TEST_STEP][PASSED] - println(today): null

2023-02-15 23:11:01 - [TEST_STEP][PASSED] - datText = today: null

2023-02-15 23:11:01 - [TEST_STEP][PASSED] - appID = findTestData(dataFile).getValue("AppID", row): null

2023-02-15 23:11:01 - [TEST_STEP][PASSED] - username = findTestData(dataFile).getValue("Username", row): null

2023-02-15 23:11:01 - [TEST_STEP][PASSED] - password = findTestData(dataFile).getValue("Password", row): null

2023-02-15 23:11:01 - [TEST_STEP][PASSED] - errorMsg = findTestData(dataFile).getValue("ErrorMsg", row): null

2023-02-15 23:11:01 - [TEST_STEP][PASSED] - tranType = findTestData(dataFile).getValue("TranType", row): null

2023-02-15 23:11:01 - [TEST_STEP][PASSED] - mv = findTestData(dataFile).getValue("MV", row): null

2023-02-15 23:11:01 - [TEST_STEP][PASSED] - resFormat = findTestData(dataFile).getValue("ResFormat", row): null

2023-02-15 23:11:01 - [TEST_STEP][PASSED] - fName = findTestData(dataFile).getValue("Fname", row): null

2023-02-15 23:11:01 - [TEST_STEP][PASSED] - lName = findTestData(dataFile).getValue("Lname", row): null

2023-02-15 23:11:01 - [TEST_STEP][PASSED] - al1 = findTestData(dataFile).getValue("AL1", row): null

2023-02-15 23:11:01 - [TEST_STEP][PASSED] - city = findTestData(dataFile).getValue("City", row): null

2023-02-15 23:11:01 - [TEST_STEP][PASSED] - state = findTestData(dataFile).getValue("State", row): null

2023-02-15 23:11:01 - [TEST_STEP][PASSED] - zip = findTestData(dataFile).getValue("ZIP", row): null

2023-02-15 23:11:01 - [TEST_STEP][PASSED] - checkType = findTestData(dataFile).getValue("CheckType", row): null

2023-02-15 23:11:02 - [TEST_STEP][PASSED] - acNumber = findTestData(dataFile).getValue("AcNumber", row): null

2023-02-15 23:11:02 - [TEST_STEP][PASSED] - company = findTestData(dataFile).getValue("Company", row): null

2023-02-15 23:11:02 - [TEST_STEP][PASSED] - acType = findTestData(dataFile).getValue("AcType", row): null

2023-02-15 23:11:02 - [TEST_STEP][PASSED] - rtn = findTestData(dataFile).getValue("RTN", row): null

2023-02-15 23:11:02 - [TEST_STEP][PASSED] - amount = findTestData(dataFile).getValue("Amount", row): null

2023-02-15 23:11:02 - [TEST_STEP][PASSED] - sec = findTestData(dataFile).getValue("SEC", row): null

2023-02-15 23:11:02 - [TEST_STEP][PASSED] - openBrowser(VLinkURL + "debit.html"): Browser is opened with url: 'https://dev-algorithm.govolution.com/vlinktest/QA/version_2_0/debit.html'

2023-02-15 23:11:02 - [MESSAGE][WARNING] - A browser is already opened. Closing browser and opening a new one

2023-02-15 23:11:03 - [MESSAGE][INFO] - Starting 'Chrome' driver

2023-02-15 23:11:03 - [MESSAGE][INFO] - User set preference: ['acceptInsecureCerts', 'true']

2023-02-15 23:11:03 - [MESSAGE][INFO] - Action delay is set to 0 milliseconds

2023-02-15 23:11:05 - [MESSAGE][PASSED] - Browser is opened with url: 'https://dev-algorithm.govolution.com/vlinktest/QA/version_2_0/debit.html'

2023-02-15 23:11:05 - [TEST_STEP][PASSED] - maximizeWindow(): Current window maximized

2023-02-15 23:11:05 - [MESSAGE][PASSED] - Current window maximized

2023-02-15 23:11:05 - [TEST_STEP][PASSED] - setText(findTestObject("Object Repository/RecAndPlayBk/Page-Vlink-Debit/input_Transaction Type"), tranType): Text '200' is set on object 'Object Repository/RecAndPlayBk/Page-Vlink-Debit/input_Transaction Type'

2023-02-15 23:11:05 - [MESSAGE][PASSED] - Text '200' is set on object 'Object Repository/RecAndPlayBk/Page-Vlink-Debit/input_Transaction Type'

2023-02-15 23:11:05 - [TEST_STEP][PASSED] - setText(findTestObject("Object Repository/RecAndPlayBk/Page-Vlink-Debit/input_Message Version"), mv): Text '2.0A' is set on object 'Object Repository/RecAndPlayBk/Page-Vlink-Debit/input_Message Version'

2023-02-15 23:11:06 - [MESSAGE][PASSED] - Text '2.0A' is set on object 'Object Repository/RecAndPlayBk/Page-Vlink-Debit/input_Message Version'

2023-02-15 23:11:06 - [TEST_STEP][PASSED] - genRemID = RandomStringUtils.random(12, true, true): null

2023-02-15 23:11:06 - [TEST_STEP][PASSED] - setText(findTestObject("RecAndPlayBk/Page-Vlink-Debit/input_Remittance Id"), genRemID): Text 'ocb9kO1IB1ZE' is set on object 'Object Repository/RecAndPlayBk/Page-Vlink-Debit/input_Remittance Id'

2023-02-15 23:11:07 - [MESSAGE][PASSED] - Text 'ocb9kO1IB1ZE' is set on object 'Object Repository/RecAndPlayBk/Page-Vlink-Debit/input_Remittance Id'

2023-02-15 23:11:07 - [TEST_STEP][PASSED] - setText(findTestObject("RecAndPlayBk/Page-Vlink-Debit/input_Application Id"), appID): Text '234' is set on object 'Object Repository/RecAndPlayBk/Page-Vlink-Debit/input_Application Id'

2023-02-15 23:11:07 - [MESSAGE][PASSED] - Text '234' is set on object 'Object Repository/RecAndPlayBk/Page-Vlink-Debit/input_Application Id'

2023-02-15 23:11:07 - [TEST_STEP][PASSED] - setText(findTestObject("RecAndPlayBk/Page-Vlink-Debit/input_Username"), username): Text 'username' is set on object 'Object Repository/RecAndPlayBk/Page-Vlink-Debit/input_Username'

2023-02-15 23:11:08 - [MESSAGE][PASSED] - Text 'username' is set on object 'Object Repository/RecAndPlayBk/Page-Vlink-Debit/input_Username'

2023-02-15 23:11:08 - [TEST_STEP][PASSED] - setText(findTestObject("RecAndPlayBk/Page-Vlink-Debit/input_Password"), password): Text 'password' is set on object 'Object Repository/RecAndPlayBk/Page-Vlink-Debit/input_Password'

2023-02-15 23:11:09 - [MESSAGE][PASSED] - Text 'password' is set on object 'Object Repository/RecAndPlayBk/Page-Vlink-Debit/input_Password'

2023-02-15 23:11:09 - [TEST_STEP][PASSED] - setText(findTestObject("Object Repository/RecAndPlayBk/Page-Vlink-Debit/input_Response Format"), resFormat): Text 'fixed_width' is set on object 'Object Repository/RecAndPlayBk/Page-Vlink-Debit/input_Response Format'

2023-02-15 23:11:09 - [MESSAGE][PASSED] - Text 'fixed_width' is set on object 'Object Repository/RecAndPlayBk/Page-Vlink-Debit/input_Response Format'

2023-02-15 23:11:09 - [TEST_STEP][PASSED] - setText(findTestObject("RecAndPlayBk/Page-Vlink-Debit/input_Check Type"), checkType): Text 'P' is set on object 'Object Repository/RecAndPlayBk/Page-Vlink-Debit/input_Check Type'

2023-02-15 23:11:10 - [MESSAGE][PASSED] - Text 'P' is set on object 'Object Repository/RecAndPlayBk/Page-Vlink-Debit/input_Check Type'

2023-02-15 23:11:10 - [TEST_STEP][PASSED] - setText(findTestObject("Object Repository/RecAndPlayBk/Page-Vlink-Debit/input_First Name"), fName): Text 'Andy' is set on object 'Object Repository/RecAndPlayBk/Page-Vlink-Debit/input_First Name'

2023-02-15 23:11:10 - [MESSAGE][PASSED] - Text 'Andy' is set on object 'Object Repository/RecAndPlayBk/Page-Vlink-Debit/input_First Name'

2023-02-15 23:11:10 - [TEST_STEP][PASSED] - setText(findTestObject("Object Repository/RecAndPlayBk/Page-Vlink-Debit/input_Last Name"), lName): Text 'Roberts' is set on object 'Object Repository/RecAndPlayBk/Page-Vlink-Debit/input_Last Name'

2023-02-15 23:11:11 - [MESSAGE][PASSED] - Text 'Roberts' is set on object 'Object Repository/RecAndPlayBk/Page-Vlink-Debit/input_Last Name'

2023-02-15 23:11:11 - [TEST_STEP][PASSED] - setText(findTestObject("Object Repository/RecAndPlayBk/Page-Vlink-Debit/input_Address"), al1): Text '145 Main Street' is set on object 'Object Repository/RecAndPlayBk/Page-Vlink-Debit/input_Address'

2023-02-15 23:11:12 - [MESSAGE][PASSED] - Text '145 Main Street' is set on object 'Object Repository/RecAndPlayBk/Page-Vlink-Debit/input_Address'

2023-02-15 23:11:12 - [TEST_STEP][PASSED] - setText(findTestObject("Object Repository/RecAndPlayBk/Page-Vlink-Debit/input_City"), city): Text '' is set on object 'Object Repository/RecAndPlayBk/Page-Vlink-Debit/input_City'

2023-02-15 23:11:12 - [MESSAGE][PASSED] - Text '' is set on object 'Object Repository/RecAndPlayBk/Page-Vlink-Debit/input_City'

2023-02-15 23:11:12 - [TEST_STEP][PASSED] - setText(findTestObject("Object Repository/RecAndPlayBk/Page-Vlink-Debit/input_State"), state): Text 'VA' is set on object 'Object Repository/RecAndPlayBk/Page-Vlink-Debit/input_State'

2023-02-15 23:11:13 - [MESSAGE][PASSED] - Text 'VA' is set on object 'Object Repository/RecAndPlayBk/Page-Vlink-Debit/input_State'

2023-02-15 23:11:13 - [TEST_STEP][PASSED] - setText(findTestObject("Object Repository/RecAndPlayBk/Page-Vlink-Debit/input_Zip"), zip): Text '22201' is set on object 'Object Repository/RecAndPlayBk/Page-Vlink-Debit/input_Zip'

2023-02-15 23:11:14 - [MESSAGE][PASSED] - Text '22201' is set on object 'Object Repository/RecAndPlayBk/Page-Vlink-Debit/input_Zip'

2023-02-15 23:11:14 - [TEST_STEP][PASSED] - setText(findTestObject("RecAndPlayBk/Page-Vlink-Debit/input_Account_check"), acNumber): Text '58963214' is set on object 'Object Repository/RecAndPlayBk/Page-Vlink-Debit/input_Account_check'

2023-02-15 23:11:14 - [MESSAGE][PASSED] - Text '58963214' is set on object 'Object Repository/RecAndPlayBk/Page-Vlink-Debit/input_Account_check'

2023-02-15 23:11:14 - [TEST_STEP][PASSED] - setText(findTestObject("RecAndPlayBk/Page-Vlink-Debit/input_Company_check"), company): Text '' is set on object 'Object Repository/RecAndPlayBk/Page-Vlink-Debit/input_Company_check'

2023-02-15 23:11:15 - [MESSAGE][PASSED] - Text '' is set on object 'Object Repository/RecAndPlayBk/Page-Vlink-Debit/input_Company_check'

2023-02-15 23:11:15 - [TEST_STEP][PASSED] - setText(findTestObject("RecAndPlayBk/Page-Vlink-Debit/input_Account Type"), acType): Text '1' is set on object 'Object Repository/RecAndPlayBk/Page-Vlink-Debit/input_Account Type'

2023-02-15 23:11:16 - [MESSAGE][PASSED] - Text '1' is set on object 'Object Repository/RecAndPlayBk/Page-Vlink-Debit/input_Account Type'

2023-02-15 23:11:16 - [TEST_STEP][PASSED] - setText(findTestObject("RecAndPlayBk/Page-Vlink-Debit/input_Routing Number"), rtn): Text '256072691' is set on object 'Object Repository/RecAndPlayBk/Page-Vlink-Debit/input_Routing Number'

2023-02-15 23:11:16 - [MESSAGE][PASSED] - Text '256072691' is set on object 'Object Repository/RecAndPlayBk/Page-Vlink-Debit/input_Routing Number'

2023-02-15 23:11:16 - [TEST_STEP][PASSED] - setText(findTestObject("RecAndPlayBk/Page-Vlink-Debit/input_Amount"), amount): Text '12.50' is set on object 'Object Repository/RecAndPlayBk/Page-Vlink-Debit/input_Amount'

2023-02-15 23:11:17 - [MESSAGE][PASSED] - Text '12.50' is set on object 'Object Repository/RecAndPlayBk/Page-Vlink-Debit/input_Amount'

2023-02-15 23:11:17 - [TEST_STEP][PASSED] - setText(findTestObject("RecAndPlayBk/Page-Vlink-Debit/input_Check Email"), ""): Text '' is set on object 'Object Repository/RecAndPlayBk/Page-Vlink-Debit/input_Check Email'

2023-02-15 23:11:18 - [MESSAGE][PASSED] - Text '' is set on object 'Object Repository/RecAndPlayBk/Page-Vlink-Debit/input_Check Email'

2023-02-15 23:11:18 - [TEST_STEP][PASSED] - setText(findTestObject("Object Repository/RecAndPlayBk/Page-Vlink-Debit/input_concat(CheckWriter, , s SSN)_check_ssn"), ""): Text '' is set on object 'Object Repository/RecAndPlayBk/Page-Vlink-Debit/input_concat(CheckWriter, , s SSN)_check_ssn'

2023-02-15 23:11:18 - [MESSAGE][PASSED] - Text '' is set on object 'Object Repository/RecAndPlayBk/Page-Vlink-Debit/input_concat(CheckWriter, , s SSN)_check_ssn'

2023-02-15 23:11:18 - [TEST_STEP][PASSED] - setText(findTestObject("Object Repository/RecAndPlayBk/Page-Vlink-Debit/input_concat(CheckWriter, , s License Numbe_020fef"), ""): Text '' is set on object 'Object Repository/RecAndPlayBk/Page-Vlink-Debit/input_concat(CheckWriter, , s License Numbe_020fef'

2023-02-15 23:11:19 - [MESSAGE][PASSED] - Text '' is set on object 'Object Repository/RecAndPlayBk/Page-Vlink-Debit/input_concat(CheckWriter, , s License Numbe_020fef'

2023-02-15 23:11:19 - [TEST_STEP][PASSED] - setText(findTestObject("Object Repository/RecAndPlayBk/Page-Vlink-Debit/input_concat(CheckWriter, , s License State_21e3e7"), ""): Text '' is set on object 'Object Repository/RecAndPlayBk/Page-Vlink-Debit/input_concat(CheckWriter, , s License State_21e3e7'

2023-02-15 23:11:20 - [MESSAGE][PASSED] - Text '' is set on object 'Object Repository/RecAndPlayBk/Page-Vlink-Debit/input_concat(CheckWriter, , s License State_21e3e7'

2023-02-15 23:11:20 - [TEST_STEP][PASSED] - setText(findTestObject("RecAndPlayBk/Page-Vlink-Debit/input_Standard Entry Class"), sec): Text 'WEB' is set on object 'Object Repository/RecAndPlayBk/Page-Vlink-Debit/input_Standard Entry Class'

2023-02-15 23:11:20 - [MESSAGE][PASSED] - Text 'WEB' is set on object 'Object Repository/RecAndPlayBk/Page-Vlink-Debit/input_Standard Entry Class'

2023-02-15 23:11:20 - [TEST_STEP][PASSED] - click(findTestObject("Object Repository/RecAndPlayBk/Page-Vlink-Debit/input")): Object: 'Object Repository/RecAndPlayBk/Page-Vlink-Debit/input' is clicked on

2023-02-15 23:11:21 - [MESSAGE][PASSED] - Object: 'Object Repository/RecAndPlayBk/Page-Vlink-Debit/input' is clicked on

2023-02-15 23:11:21 - [TEST_STEP][PASSED] - if (verifyTextPresent(errorMsg, true)): null

2023-02-15 23:11:21 - [MESSAGE][PASSED] - Text 'check_city' is present on page  using regular expression

2023-02-15 23:11:21 - [TEST_STEP][PASSED] - println("Error Message is present on the Confirmation page"): null

2023-02-15 23:11:21 - [TEST_STEP][PASSED] - out.println("Pass Record Number: " + row): null

2023-02-15 23:11:21 - [TEST_STEP][PASSED] - resText = "Pass": null

2023-02-15 23:11:21 - [TEST_STEP][PASSED] - pages.WriteExcel.demoKey(resText, datText, resColumn, datCloumn, fileLoc, nameSheet, row): pages.WriteExcel.demoKey is PASSED

2023-02-15 23:11:22 - [MESSAGE][PASSED] - pages.WriteExcel.demoKey is PASSED

2023-02-15 23:11:22 - [TEST_STEP][PASSED] - ExecuteTC = findTestData(dataFile).getValue("Execute", row): null

2023-02-15 23:11:22 - [TEST_STEP][PASSED] - out.println("Value of Execute is : " + ExecuteTC): null

2023-02-15 23:11:22 - [TEST_STEP][PASSED] - if (ExecuteTC.equalsIgnoreCase("Y")): null

2023-02-15 23:11:22 - [TEST_STEP][PASSED] - out.println("Begin Record Number: " + row): null

2023-02-15 23:11:22 - [TEST_STEP][PASSED] - today = new java.util.Date(): null

2023-02-15 23:11:22 - [TEST_STEP][PASSED] - println(today): null

2023-02-15 23:11:22 - [TEST_STEP][PASSED] - datText = today: null

2023-02-15 23:11:22 - [TEST_STEP][PASSED] - appID = findTestData(dataFile).getValue("AppID", row): null

2023-02-15 23:11:22 - [TEST_STEP][PASSED] - username = findTestData(dataFile).getValue("Username", row): null

2023-02-15 23:11:22 - [TEST_STEP][PASSED] - password = findTestData(dataFile).getValue("Password", row): null

2023-02-15 23:11:22 - [TEST_STEP][PASSED] - errorMsg = findTestData(dataFile).getValue("ErrorMsg", row): null

2023-02-15 23:11:22 - [TEST_STEP][PASSED] - tranType = findTestData(dataFile).getValue("TranType", row): null

2023-02-15 23:11:22 - [TEST_STEP][PASSED] - mv = findTestData(dataFile).getValue("MV", row): null

2023-02-15 23:11:22 - [TEST_STEP][PASSED] - resFormat = findTestData(dataFile).getValue("ResFormat", row): null

2023-02-15 23:11:22 - [TEST_STEP][PASSED] - fName = findTestData(dataFile).getValue("Fname", row): null

2023-02-15 23:11:22 - [TEST_STEP][PASSED] - lName = findTestData(dataFile).getValue("Lname", row): null

2023-02-15 23:11:22 - [TEST_STEP][PASSED] - al1 = findTestData(dataFile).getValue("AL1", row): null

2023-02-15 23:11:22 - [TEST_STEP][PASSED] - city = findTestData(dataFile).getValue("City", row): null

2023-02-15 23:11:22 - [TEST_STEP][PASSED] - state = findTestData(dataFile).getValue("State", row): null

2023-02-15 23:11:22 - [TEST_STEP][PASSED] - zip = findTestData(dataFile).getValue("ZIP", row): null

2023-02-15 23:11:22 - [TEST_STEP][PASSED] - checkType = findTestData(dataFile).getValue("CheckType", row): null

2023-02-15 23:11:22 - [TEST_STEP][PASSED] - acNumber = findTestData(dataFile).getValue("AcNumber", row): null

2023-02-15 23:11:22 - [TEST_STEP][PASSED] - company = findTestData(dataFile).getValue("Company", row): null

2023-02-15 23:11:23 - [TEST_STEP][PASSED] - acType = findTestData(dataFile).getValue("AcType", row): null

2023-02-15 23:11:23 - [TEST_STEP][PASSED] - rtn = findTestData(dataFile).getValue("RTN", row): null

2023-02-15 23:11:23 - [TEST_STEP][PASSED] - amount = findTestData(dataFile).getValue("Amount", row): null

2023-02-15 23:11:23 - [TEST_STEP][PASSED] - sec = findTestData(dataFile).getValue("SEC", row): null

2023-02-15 23:11:23 - [TEST_STEP][PASSED] - openBrowser(VLinkURL + "debit.html"): Browser is opened with url: 'https://dev-algorithm.govolution.com/vlinktest/QA/version_2_0/debit.html'

2023-02-15 23:11:23 - [MESSAGE][WARNING] - A browser is already opened. Closing browser and opening a new one

2023-02-15 23:11:24 - [MESSAGE][INFO] - Starting 'Chrome' driver

2023-02-15 23:11:24 - [MESSAGE][INFO] - User set preference: ['acceptInsecureCerts', 'true']

2023-02-15 23:11:24 - [MESSAGE][INFO] - Action delay is set to 0 milliseconds

2023-02-15 23:11:26 - [MESSAGE][PASSED] - Browser is opened with url: 'https://dev-algorithm.govolution.com/vlinktest/QA/version_2_0/debit.html'

2023-02-15 23:11:26 - [TEST_STEP][PASSED] - maximizeWindow(): Current window maximized

2023-02-15 23:11:26 - [MESSAGE][PASSED] - Current window maximized

2023-02-15 23:11:26 - [TEST_STEP][PASSED] - setText(findTestObject("Object Repository/RecAndPlayBk/Page-Vlink-Debit/input_Transaction Type"), tranType): Text '200' is set on object 'Object Repository/RecAndPlayBk/Page-Vlink-Debit/input_Transaction Type'

2023-02-15 23:11:26 - [MESSAGE][PASSED] - Text '200' is set on object 'Object Repository/RecAndPlayBk/Page-Vlink-Debit/input_Transaction Type'

2023-02-15 23:11:26 - [TEST_STEP][PASSED] - setText(findTestObject("Object Repository/RecAndPlayBk/Page-Vlink-Debit/input_Message Version"), mv): Text '2.0A' is set on object 'Object Repository/RecAndPlayBk/Page-Vlink-Debit/input_Message Version'

2023-02-15 23:11:27 - [MESSAGE][PASSED] - Text '2.0A' is set on object 'Object Repository/RecAndPlayBk/Page-Vlink-Debit/input_Message Version'

2023-02-15 23:11:27 - [TEST_STEP][PASSED] - genRemID = RandomStringUtils.random(12, true, true): null

2023-02-15 23:11:27 - [TEST_STEP][PASSED] - setText(findTestObject("RecAndPlayBk/Page-Vlink-Debit/input_Remittance Id"), genRemID): Text 'Ei7EDMVo5UQs' is set on object 'Object Repository/RecAndPlayBk/Page-Vlink-Debit/input_Remittance Id'

2023-02-15 23:11:28 - [MESSAGE][PASSED] - Text 'Ei7EDMVo5UQs' is set on object 'Object Repository/RecAndPlayBk/Page-Vlink-Debit/input_Remittance Id'

2023-02-15 23:11:28 - [TEST_STEP][PASSED] - setText(findTestObject("RecAndPlayBk/Page-Vlink-Debit/input_Application Id"), appID): Text '234' is set on object 'Object Repository/RecAndPlayBk/Page-Vlink-Debit/input_Application Id'

2023-02-15 23:11:28 - [MESSAGE][PASSED] - Text '234' is set on object 'Object Repository/RecAndPlayBk/Page-Vlink-Debit/input_Application Id'

2023-02-15 23:11:28 - [TEST_STEP][PASSED] - setText(findTestObject("RecAndPlayBk/Page-Vlink-Debit/input_Username"), username): Text 'username' is set on object 'Object Repository/RecAndPlayBk/Page-Vlink-Debit/input_Username'

2023-02-15 23:11:29 - [MESSAGE][PASSED] - Text 'username' is set on object 'Object Repository/RecAndPlayBk/Page-Vlink-Debit/input_Username'

2023-02-15 23:11:29 - [TEST_STEP][PASSED] - setText(findTestObject("RecAndPlayBk/Page-Vlink-Debit/input_Password"), password): Text 'password' is set on object 'Object Repository/RecAndPlayBk/Page-Vlink-Debit/input_Password'

2023-02-15 23:11:30 - [MESSAGE][PASSED] - Text 'password' is set on object 'Object Repository/RecAndPlayBk/Page-Vlink-Debit/input_Password'

2023-02-15 23:11:30 - [TEST_STEP][PASSED] - setText(findTestObject("Object Repository/RecAndPlayBk/Page-Vlink-Debit/input_Response Format"), resFormat): Text 'fixed_width' is set on object 'Object Repository/RecAndPlayBk/Page-Vlink-Debit/input_Response Format'

2023-02-15 23:11:30 - [MESSAGE][PASSED] - Text 'fixed_width' is set on object 'Object Repository/RecAndPlayBk/Page-Vlink-Debit/input_Response Format'

2023-02-15 23:11:30 - [TEST_STEP][PASSED] - setText(findTestObject("RecAndPlayBk/Page-Vlink-Debit/input_Check Type"), checkType): Text 'P' is set on object 'Object Repository/RecAndPlayBk/Page-Vlink-Debit/input_Check Type'

2023-02-15 23:11:31 - [MESSAGE][PASSED] - Text 'P' is set on object 'Object Repository/RecAndPlayBk/Page-Vlink-Debit/input_Check Type'

2023-02-15 23:11:31 - [TEST_STEP][PASSED] - setText(findTestObject("Object Repository/RecAndPlayBk/Page-Vlink-Debit/input_First Name"), fName): Text 'Andy' is set on object 'Object Repository/RecAndPlayBk/Page-Vlink-Debit/input_First Name'

2023-02-15 23:11:31 - [MESSAGE][PASSED] - Text 'Andy' is set on object 'Object Repository/RecAndPlayBk/Page-Vlink-Debit/input_First Name'

2023-02-15 23:11:31 - [TEST_STEP][PASSED] - setText(findTestObject("Object Repository/RecAndPlayBk/Page-Vlink-Debit/input_Last Name"), lName): Text 'Roberts' is set on object 'Object Repository/RecAndPlayBk/Page-Vlink-Debit/input_Last Name'

2023-02-15 23:11:32 - [MESSAGE][PASSED] - Text 'Roberts' is set on object 'Object Repository/RecAndPlayBk/Page-Vlink-Debit/input_Last Name'

2023-02-15 23:11:32 - [TEST_STEP][PASSED] - setText(findTestObject("Object Repository/RecAndPlayBk/Page-Vlink-Debit/input_Address"), al1): Text '145 Main Street' is set on object 'Object Repository/RecAndPlayBk/Page-Vlink-Debit/input_Address'

2023-02-15 23:11:33 - [MESSAGE][PASSED] - Text '145 Main Street' is set on object 'Object Repository/RecAndPlayBk/Page-Vlink-Debit/input_Address'

2023-02-15 23:11:33 - [TEST_STEP][PASSED] - setText(findTestObject("Object Repository/RecAndPlayBk/Page-Vlink-Debit/input_City"), city): Text 'Arlington' is set on object 'Object Repository/RecAndPlayBk/Page-Vlink-Debit/input_City'

2023-02-15 23:11:33 - [MESSAGE][PASSED] - Text 'Arlington' is set on object 'Object Repository/RecAndPlayBk/Page-Vlink-Debit/input_City'

2023-02-15 23:11:33 - [TEST_STEP][PASSED] - setText(findTestObject("Object Repository/RecAndPlayBk/Page-Vlink-Debit/input_State"), state): Text '' is set on object 'Object Repository/RecAndPlayBk/Page-Vlink-Debit/input_State'

2023-02-15 23:11:34 - [MESSAGE][PASSED] - Text '' is set on object 'Object Repository/RecAndPlayBk/Page-Vlink-Debit/input_State'

2023-02-15 23:11:34 - [TEST_STEP][PASSED] - setText(findTestObject("Object Repository/RecAndPlayBk/Page-Vlink-Debit/input_Zip"), zip): Text '22201' is set on object 'Object Repository/RecAndPlayBk/Page-Vlink-Debit/input_Zip'

2023-02-15 23:11:35 - [MESSAGE][PASSED] - Text '22201' is set on object 'Object Repository/RecAndPlayBk/Page-Vlink-Debit/input_Zip'

2023-02-15 23:11:35 - [TEST_STEP][PASSED] - setText(findTestObject("RecAndPlayBk/Page-Vlink-Debit/input_Account_check"), acNumber): Text '58963214' is set on object 'Object Repository/RecAndPlayBk/Page-Vlink-Debit/input_Account_check'

2023-02-15 23:11:35 - [MESSAGE][PASSED] - Text '58963214' is set on object 'Object Repository/RecAndPlayBk/Page-Vlink-Debit/input_Account_check'

2023-02-15 23:11:35 - [TEST_STEP][PASSED] - setText(findTestObject("RecAndPlayBk/Page-Vlink-Debit/input_Company_check"), company): Text '' is set on object 'Object Repository/RecAndPlayBk/Page-Vlink-Debit/input_Company_check'

2023-02-15 23:11:36 - [MESSAGE][PASSED] - Text '' is set on object 'Object Repository/RecAndPlayBk/Page-Vlink-Debit/input_Company_check'

2023-02-15 23:11:36 - [TEST_STEP][PASSED] - setText(findTestObject("RecAndPlayBk/Page-Vlink-Debit/input_Account Type"), acType): Text '1' is set on object 'Object Repository/RecAndPlayBk/Page-Vlink-Debit/input_Account Type'

2023-02-15 23:11:37 - [MESSAGE][PASSED] - Text '1' is set on object 'Object Repository/RecAndPlayBk/Page-Vlink-Debit/input_Account Type'

2023-02-15 23:11:37 - [TEST_STEP][PASSED] - setText(findTestObject("RecAndPlayBk/Page-Vlink-Debit/input_Routing Number"), rtn): Text '256072691' is set on object 'Object Repository/RecAndPlayBk/Page-Vlink-Debit/input_Routing Number'

2023-02-15 23:11:37 - [MESSAGE][PASSED] - Text '256072691' is set on object 'Object Repository/RecAndPlayBk/Page-Vlink-Debit/input_Routing Number'

2023-02-15 23:11:37 - [TEST_STEP][PASSED] - setText(findTestObject("RecAndPlayBk/Page-Vlink-Debit/input_Amount"), amount): Text '12.50' is set on object 'Object Repository/RecAndPlayBk/Page-Vlink-Debit/input_Amount'

2023-02-15 23:11:38 - [MESSAGE][PASSED] - Text '12.50' is set on object 'Object Repository/RecAndPlayBk/Page-Vlink-Debit/input_Amount'

2023-02-15 23:11:38 - [TEST_STEP][PASSED] - setText(findTestObject("RecAndPlayBk/Page-Vlink-Debit/input_Check Email"), ""): Text '' is set on object 'Object Repository/RecAndPlayBk/Page-Vlink-Debit/input_Check Email'

2023-02-15 23:11:39 - [MESSAGE][PASSED] - Text '' is set on object 'Object Repository/RecAndPlayBk/Page-Vlink-Debit/input_Check Email'

2023-02-15 23:11:39 - [TEST_STEP][PASSED] - setText(findTestObject("Object Repository/RecAndPlayBk/Page-Vlink-Debit/input_concat(CheckWriter, , s SSN)_check_ssn"), ""): Text '' is set on object 'Object Repository/RecAndPlayBk/Page-Vlink-Debit/input_concat(CheckWriter, , s SSN)_check_ssn'

2023-02-15 23:11:39 - [MESSAGE][PASSED] - Text '' is set on object 'Object Repository/RecAndPlayBk/Page-Vlink-Debit/input_concat(CheckWriter, , s SSN)_check_ssn'

2023-02-15 23:11:39 - [TEST_STEP][PASSED] - setText(findTestObject("Object Repository/RecAndPlayBk/Page-Vlink-Debit/input_concat(CheckWriter, , s License Numbe_020fef"), ""): Text '' is set on object 'Object Repository/RecAndPlayBk/Page-Vlink-Debit/input_concat(CheckWriter, , s License Numbe_020fef'

2023-02-15 23:11:40 - [MESSAGE][PASSED] - Text '' is set on object 'Object Repository/RecAndPlayBk/Page-Vlink-Debit/input_concat(CheckWriter, , s License Numbe_020fef'

2023-02-15 23:11:40 - [TEST_STEP][PASSED] - setText(findTestObject("Object Repository/RecAndPlayBk/Page-Vlink-Debit/input_concat(CheckWriter, , s License State_21e3e7"), ""): Text '' is set on object 'Object Repository/RecAndPlayBk/Page-Vlink-Debit/input_concat(CheckWriter, , s License State_21e3e7'

2023-02-15 23:11:41 - [MESSAGE][PASSED] - Text '' is set on object 'Object Repository/RecAndPlayBk/Page-Vlink-Debit/input_concat(CheckWriter, , s License State_21e3e7'

2023-02-15 23:11:41 - [TEST_STEP][PASSED] - setText(findTestObject("RecAndPlayBk/Page-Vlink-Debit/input_Standard Entry Class"), sec): Text 'WEB' is set on object 'Object Repository/RecAndPlayBk/Page-Vlink-Debit/input_Standard Entry Class'

2023-02-15 23:11:41 - [MESSAGE][PASSED] - Text 'WEB' is set on object 'Object Repository/RecAndPlayBk/Page-Vlink-Debit/input_Standard Entry Class'

2023-02-15 23:11:41 - [TEST_STEP][PASSED] - click(findTestObject("Object Repository/RecAndPlayBk/Page-Vlink-Debit/input")): Object: 'Object Repository/RecAndPlayBk/Page-Vlink-Debit/input' is clicked on

2023-02-15 23:11:42 - [MESSAGE][PASSED] - Object: 'Object Repository/RecAndPlayBk/Page-Vlink-Debit/input' is clicked on

2023-02-15 23:11:42 - [TEST_STEP][PASSED] - if (verifyTextPresent(errorMsg, true)): null

2023-02-15 23:11:42 - [MESSAGE][PASSED] - Text 'check_state' is present on page  using regular expression

2023-02-15 23:11:42 - [TEST_STEP][PASSED] - println("Error Message is present on the Confirmation page"): null

2023-02-15 23:11:42 - [TEST_STEP][PASSED] - out.println("Pass Record Number: " + row): null

2023-02-15 23:11:42 - [TEST_STEP][PASSED] - resText = "Pass": null

2023-02-15 23:11:42 - [TEST_STEP][PASSED] - pages.WriteExcel.demoKey(resText, datText, resColumn, datCloumn, fileLoc, nameSheet, row): pages.WriteExcel.demoKey is PASSED

2023-02-15 23:11:42 - [MESSAGE][PASSED] - pages.WriteExcel.demoKey is PASSED

2023-02-15 23:11:42 - [TEST_STEP][PASSED] - ExecuteTC = findTestData(dataFile).getValue("Execute", row): null

2023-02-15 23:11:42 - [TEST_STEP][PASSED] - out.println("Value of Execute is : " + ExecuteTC): null

2023-02-15 23:11:42 - [TEST_STEP][PASSED] - if (ExecuteTC.equalsIgnoreCase("Y")): null

2023-02-15 23:11:42 - [TEST_STEP][PASSED] - out.println("Begin Record Number: " + row): null

2023-02-15 23:11:42 - [TEST_STEP][PASSED] - today = new java.util.Date(): null

2023-02-15 23:11:42 - [TEST_STEP][PASSED] - println(today): null

2023-02-15 23:11:42 - [TEST_STEP][PASSED] - datText = today: null

2023-02-15 23:11:42 - [TEST_STEP][PASSED] - appID = findTestData(dataFile).getValue("AppID", row): null

2023-02-15 23:11:43 - [TEST_STEP][PASSED] - username = findTestData(dataFile).getValue("Username", row): null

2023-02-15 23:11:43 - [TEST_STEP][PASSED] - password = findTestData(dataFile).getValue("Password", row): null

2023-02-15 23:11:43 - [TEST_STEP][PASSED] - errorMsg = findTestData(dataFile).getValue("ErrorMsg", row): null

2023-02-15 23:11:43 - [TEST_STEP][PASSED] - tranType = findTestData(dataFile).getValue("TranType", row): null

2023-02-15 23:11:43 - [TEST_STEP][PASSED] - mv = findTestData(dataFile).getValue("MV", row): null

2023-02-15 23:11:43 - [TEST_STEP][PASSED] - resFormat = findTestData(dataFile).getValue("ResFormat", row): null

2023-02-15 23:11:43 - [TEST_STEP][PASSED] - fName = findTestData(dataFile).getValue("Fname", row): null

2023-02-15 23:11:43 - [TEST_STEP][PASSED] - lName = findTestData(dataFile).getValue("Lname", row): null

2023-02-15 23:11:43 - [TEST_STEP][PASSED] - al1 = findTestData(dataFile).getValue("AL1", row): null

2023-02-15 23:11:43 - [TEST_STEP][PASSED] - city = findTestData(dataFile).getValue("City", row): null

2023-02-15 23:11:43 - [TEST_STEP][PASSED] - state = findTestData(dataFile).getValue("State", row): null

2023-02-15 23:11:43 - [TEST_STEP][PASSED] - zip = findTestData(dataFile).getValue("ZIP", row): null

2023-02-15 23:11:43 - [TEST_STEP][PASSED] - checkType = findTestData(dataFile).getValue("CheckType", row): null

2023-02-15 23:11:43 - [TEST_STEP][PASSED] - acNumber = findTestData(dataFile).getValue("AcNumber", row): null

2023-02-15 23:11:43 - [TEST_STEP][PASSED] - company = findTestData(dataFile).getValue("Company", row): null

2023-02-15 23:11:43 - [TEST_STEP][PASSED] - acType = findTestData(dataFile).getValue("AcType", row): null

2023-02-15 23:11:44 - [TEST_STEP][PASSED] - rtn = findTestData(dataFile).getValue("RTN", row): null

2023-02-15 23:11:44 - [TEST_STEP][PASSED] - amount = findTestData(dataFile).getValue("Amount", row): null

2023-02-15 23:11:44 - [TEST_STEP][PASSED] - sec = findTestData(dataFile).getValue("SEC", row): null

2023-02-15 23:11:44 - [TEST_STEP][PASSED] - openBrowser(VLinkURL + "debit.html"): Browser is opened with url: 'https://dev-algorithm.govolution.com/vlinktest/QA/version_2_0/debit.html'

2023-02-15 23:11:44 - [MESSAGE][WARNING] - A browser is already opened. Closing browser and opening a new one

2023-02-15 23:11:45 - [MESSAGE][INFO] - Starting 'Chrome' driver

2023-02-15 23:11:45 - [MESSAGE][INFO] - User set preference: ['acceptInsecureCerts', 'true']

2023-02-15 23:11:45 - [MESSAGE][INFO] - Action delay is set to 0 milliseconds

2023-02-15 23:11:46 - [MESSAGE][PASSED] - Browser is opened with url: 'https://dev-algorithm.govolution.com/vlinktest/QA/version_2_0/debit.html'

2023-02-15 23:11:46 - [TEST_STEP][PASSED] - maximizeWindow(): Current window maximized

2023-02-15 23:11:47 - [MESSAGE][PASSED] - Current window maximized

2023-02-15 23:11:47 - [TEST_STEP][PASSED] - setText(findTestObject("Object Repository/RecAndPlayBk/Page-Vlink-Debit/input_Transaction Type"), tranType): Text '200' is set on object 'Object Repository/RecAndPlayBk/Page-Vlink-Debit/input_Transaction Type'

2023-02-15 23:11:47 - [MESSAGE][PASSED] - Text '200' is set on object 'Object Repository/RecAndPlayBk/Page-Vlink-Debit/input_Transaction Type'

2023-02-15 23:11:47 - [TEST_STEP][PASSED] - setText(findTestObject("Object Repository/RecAndPlayBk/Page-Vlink-Debit/input_Message Version"), mv): Text '2.0A' is set on object 'Object Repository/RecAndPlayBk/Page-Vlink-Debit/input_Message Version'

2023-02-15 23:11:48 - [MESSAGE][PASSED] - Text '2.0A' is set on object 'Object Repository/RecAndPlayBk/Page-Vlink-Debit/input_Message Version'

2023-02-15 23:11:48 - [TEST_STEP][PASSED] - genRemID = RandomStringUtils.random(12, true, true): null

2023-02-15 23:11:48 - [TEST_STEP][PASSED] - setText(findTestObject("RecAndPlayBk/Page-Vlink-Debit/input_Remittance Id"), genRemID): Text 'gUJ5qb0oPoTL' is set on object 'Object Repository/RecAndPlayBk/Page-Vlink-Debit/input_Remittance Id'

2023-02-15 23:11:49 - [MESSAGE][PASSED] - Text 'gUJ5qb0oPoTL' is set on object 'Object Repository/RecAndPlayBk/Page-Vlink-Debit/input_Remittance Id'

2023-02-15 23:11:49 - [TEST_STEP][PASSED] - setText(findTestObject("RecAndPlayBk/Page-Vlink-Debit/input_Application Id"), appID): Text '234' is set on object 'Object Repository/RecAndPlayBk/Page-Vlink-Debit/input_Application Id'

2023-02-15 23:11:49 - [MESSAGE][PASSED] - Text '234' is set on object 'Object Repository/RecAndPlayBk/Page-Vlink-Debit/input_Application Id'

2023-02-15 23:11:49 - [TEST_STEP][PASSED] - setText(findTestObject("RecAndPlayBk/Page-Vlink-Debit/input_Username"), username): Text 'username' is set on object 'Object Repository/RecAndPlayBk/Page-Vlink-Debit/input_Username'

2023-02-15 23:11:50 - [MESSAGE][PASSED] - Text 'username' is set on object 'Object Repository/RecAndPlayBk/Page-Vlink-Debit/input_Username'

2023-02-15 23:11:50 - [TEST_STEP][PASSED] - setText(findTestObject("RecAndPlayBk/Page-Vlink-Debit/input_Password"), password): Text 'password' is set on object 'Object Repository/RecAndPlayBk/Page-Vlink-Debit/input_Password'

2023-02-15 23:11:51 - [MESSAGE][PASSED] - Text 'password' is set on object 'Object Repository/RecAndPlayBk/Page-Vlink-Debit/input_Password'

2023-02-15 23:11:51 - [TEST_STEP][PASSED] - setText(findTestObject("Object Repository/RecAndPlayBk/Page-Vlink-Debit/input_Response Format"), resFormat): Text 'fixed_width' is set on object 'Object Repository/RecAndPlayBk/Page-Vlink-Debit/input_Response Format'

2023-02-15 23:11:51 - [MESSAGE][PASSED] - Text 'fixed_width' is set on object 'Object Repository/RecAndPlayBk/Page-Vlink-Debit/input_Response Format'

2023-02-15 23:11:51 - [TEST_STEP][PASSED] - setText(findTestObject("RecAndPlayBk/Page-Vlink-Debit/input_Check Type"), checkType): Text 'P' is set on object 'Object Repository/RecAndPlayBk/Page-Vlink-Debit/input_Check Type'

2023-02-15 23:11:52 - [MESSAGE][PASSED] - Text 'P' is set on object 'Object Repository/RecAndPlayBk/Page-Vlink-Debit/input_Check Type'

2023-02-15 23:11:52 - [TEST_STEP][PASSED] - setText(findTestObject("Object Repository/RecAndPlayBk/Page-Vlink-Debit/input_First Name"), fName): Text 'Andy' is set on object 'Object Repository/RecAndPlayBk/Page-Vlink-Debit/input_First Name'

2023-02-15 23:11:53 - [MESSAGE][PASSED] - Text 'Andy' is set on object 'Object Repository/RecAndPlayBk/Page-Vlink-Debit/input_First Name'

2023-02-15 23:11:53 - [TEST_STEP][PASSED] - setText(findTestObject("Object Repository/RecAndPlayBk/Page-Vlink-Debit/input_Last Name"), lName): Text 'Roberts' is set on object 'Object Repository/RecAndPlayBk/Page-Vlink-Debit/input_Last Name'

2023-02-15 23:11:54 - [MESSAGE][PASSED] - Text 'Roberts' is set on object 'Object Repository/RecAndPlayBk/Page-Vlink-Debit/input_Last Name'

2023-02-15 23:11:54 - [TEST_STEP][PASSED] - setText(findTestObject("Object Repository/RecAndPlayBk/Page-Vlink-Debit/input_Address"), al1): Text '145 Main Street' is set on object 'Object Repository/RecAndPlayBk/Page-Vlink-Debit/input_Address'

2023-02-15 23:11:54 - [MESSAGE][PASSED] - Text '145 Main Street' is set on object 'Object Repository/RecAndPlayBk/Page-Vlink-Debit/input_Address'

2023-02-15 23:11:54 - [TEST_STEP][PASSED] - setText(findTestObject("Object Repository/RecAndPlayBk/Page-Vlink-Debit/input_City"), city): Text 'Arlington' is set on object 'Object Repository/RecAndPlayBk/Page-Vlink-Debit/input_City'

2023-02-15 23:11:55 - [MESSAGE][PASSED] - Text 'Arlington' is set on object 'Object Repository/RecAndPlayBk/Page-Vlink-Debit/input_City'

2023-02-15 23:11:55 - [TEST_STEP][PASSED] - setText(findTestObject("Object Repository/RecAndPlayBk/Page-Vlink-Debit/input_State"), state): Text 'VA' is set on object 'Object Repository/RecAndPlayBk/Page-Vlink-Debit/input_State'

2023-02-15 23:11:56 - [MESSAGE][PASSED] - Text 'VA' is set on object 'Object Repository/RecAndPlayBk/Page-Vlink-Debit/input_State'

2023-02-15 23:11:56 - [TEST_STEP][PASSED] - setText(findTestObject("Object Repository/RecAndPlayBk/Page-Vlink-Debit/input_Zip"), zip): Text '' is set on object 'Object Repository/RecAndPlayBk/Page-Vlink-Debit/input_Zip'

2023-02-15 23:11:56 - [MESSAGE][PASSED] - Text '' is set on object 'Object Repository/RecAndPlayBk/Page-Vlink-Debit/input_Zip'

2023-02-15 23:11:56 - [TEST_STEP][PASSED] - setText(findTestObject("RecAndPlayBk/Page-Vlink-Debit/input_Account_check"), acNumber): Text '58963214' is set on object 'Object Repository/RecAndPlayBk/Page-Vlink-Debit/input_Account_check'

2023-02-15 23:11:57 - [MESSAGE][PASSED] - Text '58963214' is set on object 'Object Repository/RecAndPlayBk/Page-Vlink-Debit/input_Account_check'

2023-02-15 23:11:57 - [TEST_STEP][PASSED] - setText(findTestObject("RecAndPlayBk/Page-Vlink-Debit/input_Company_check"), company): Text '' is set on object 'Object Repository/RecAndPlayBk/Page-Vlink-Debit/input_Company_check'

2023-02-15 23:11:58 - [MESSAGE][PASSED] - Text '' is set on object 'Object Repository/RecAndPlayBk/Page-Vlink-Debit/input_Company_check'

2023-02-15 23:11:58 - [TEST_STEP][PASSED] - setText(findTestObject("RecAndPlayBk/Page-Vlink-Debit/input_Account Type"), acType): Text '1' is set on object 'Object Repository/RecAndPlayBk/Page-Vlink-Debit/input_Account Type'

2023-02-15 23:11:58 - [MESSAGE][PASSED] - Text '1' is set on object 'Object Repository/RecAndPlayBk/Page-Vlink-Debit/input_Account Type'

2023-02-15 23:11:58 - [TEST_STEP][PASSED] - setText(findTestObject("RecAndPlayBk/Page-Vlink-Debit/input_Routing Number"), rtn): Text '256072691' is set on object 'Object Repository/RecAndPlayBk/Page-Vlink-Debit/input_Routing Number'

2023-02-15 23:11:59 - [MESSAGE][PASSED] - Text '256072691' is set on object 'Object Repository/RecAndPlayBk/Page-Vlink-Debit/input_Routing Number'

2023-02-15 23:11:59 - [TEST_STEP][PASSED] - setText(findTestObject("RecAndPlayBk/Page-Vlink-Debit/input_Amount"), amount): Text '12.50' is set on object 'Object Repository/RecAndPlayBk/Page-Vlink-Debit/input_Amount'

2023-02-15 23:12:00 - [MESSAGE][PASSED] - Text '12.50' is set on object 'Object Repository/RecAndPlayBk/Page-Vlink-Debit/input_Amount'

2023-02-15 23:12:00 - [TEST_STEP][PASSED] - setText(findTestObject("RecAndPlayBk/Page-Vlink-Debit/input_Check Email"), ""): Text '' is set on object 'Object Repository/RecAndPlayBk/Page-Vlink-Debit/input_Check Email'

2023-02-15 23:12:00 - [MESSAGE][PASSED] - Text '' is set on object 'Object Repository/RecAndPlayBk/Page-Vlink-Debit/input_Check Email'

2023-02-15 23:12:00 - [TEST_STEP][PASSED] - setText(findTestObject("Object Repository/RecAndPlayBk/Page-Vlink-Debit/input_concat(CheckWriter, , s SSN)_check_ssn"), ""): Text '' is set on object 'Object Repository/RecAndPlayBk/Page-Vlink-Debit/input_concat(CheckWriter, , s SSN)_check_ssn'

2023-02-15 23:12:01 - [MESSAGE][PASSED] - Text '' is set on object 'Object Repository/RecAndPlayBk/Page-Vlink-Debit/input_concat(CheckWriter, , s SSN)_check_ssn'

2023-02-15 23:12:01 - [TEST_STEP][PASSED] - setText(findTestObject("Object Repository/RecAndPlayBk/Page-Vlink-Debit/input_concat(CheckWriter, , s License Numbe_020fef"), ""): Text '' is set on object 'Object Repository/RecAndPlayBk/Page-Vlink-Debit/input_concat(CheckWriter, , s License Numbe_020fef'

2023-02-15 23:12:02 - [MESSAGE][PASSED] - Text '' is set on object 'Object Repository/RecAndPlayBk/Page-Vlink-Debit/input_concat(CheckWriter, , s License Numbe_020fef'

2023-02-15 23:12:02 - [TEST_STEP][PASSED] - setText(findTestObject("Object Repository/RecAndPlayBk/Page-Vlink-Debit/input_concat(CheckWriter, , s License State_21e3e7"), ""): Text '' is set on object 'Object Repository/RecAndPlayBk/Page-Vlink-Debit/input_concat(CheckWriter, , s License State_21e3e7'

2023-02-15 23:12:02 - [MESSAGE][PASSED] - Text '' is set on object 'Object Repository/RecAndPlayBk/Page-Vlink-Debit/input_concat(CheckWriter, , s License State_21e3e7'

2023-02-15 23:12:02 - [TEST_STEP][PASSED] - setText(findTestObject("RecAndPlayBk/Page-Vlink-Debit/input_Standard Entry Class"), sec): Text 'WEB' is set on object 'Object Repository/RecAndPlayBk/Page-Vlink-Debit/input_Standard Entry Class'

2023-02-15 23:12:03 - [MESSAGE][PASSED] - Text 'WEB' is set on object 'Object Repository/RecAndPlayBk/Page-Vlink-Debit/input_Standard Entry Class'

2023-02-15 23:12:03 - [TEST_STEP][PASSED] - click(findTestObject("Object Repository/RecAndPlayBk/Page-Vlink-Debit/input")): Object: 'Object Repository/RecAndPlayBk/Page-Vlink-Debit/input' is clicked on

2023-02-15 23:12:04 - [MESSAGE][PASSED] - Object: 'Object Repository/RecAndPlayBk/Page-Vlink-Debit/input' is clicked on

2023-02-15 23:12:04 - [TEST_STEP][PASSED] - if (verifyTextPresent(errorMsg, true)): null

2023-02-15 23:12:04 - [MESSAGE][PASSED] - Text 'check_zip' is present on page  using regular expression

2023-02-15 23:12:04 - [TEST_STEP][PASSED] - println("Error Message is present on the Confirmation page"): null

2023-02-15 23:12:04 - [TEST_STEP][PASSED] - out.println("Pass Record Number: " + row): null

2023-02-15 23:12:04 - [TEST_STEP][PASSED] - resText = "Pass": null

2023-02-15 23:12:04 - [TEST_STEP][PASSED] - pages.WriteExcel.demoKey(resText, datText, resColumn, datCloumn, fileLoc, nameSheet, row): pages.WriteExcel.demoKey is PASSED

2023-02-15 23:12:04 - [MESSAGE][PASSED] - pages.WriteExcel.demoKey is PASSED

2023-02-15 23:12:04 - [TEST_STEP][PASSED] - ExecuteTC = findTestData(dataFile).getValue("Execute", row): null

2023-02-15 23:12:04 - [TEST_STEP][PASSED] - out.println("Value of Execute is : " + ExecuteTC): null

2023-02-15 23:12:04 - [TEST_STEP][PASSED] - if (ExecuteTC.equalsIgnoreCase("Y")): null

2023-02-15 23:12:04 - [TEST_STEP][PASSED] - out.println("Begin Record Number: " + row): null

2023-02-15 23:12:04 - [TEST_STEP][PASSED] - today = new java.util.Date(): null

2023-02-15 23:12:04 - [TEST_STEP][PASSED] - println(today): null

2023-02-15 23:12:04 - [TEST_STEP][PASSED] - datText = today: null

2023-02-15 23:12:04 - [TEST_STEP][PASSED] - appID = findTestData(dataFile).getValue("AppID", row): null

2023-02-15 23:12:04 - [TEST_STEP][PASSED] - username = findTestData(dataFile).getValue("Username", row): null

2023-02-15 23:12:04 - [TEST_STEP][PASSED] - password = findTestData(dataFile).getValue("Password", row): null

2023-02-15 23:12:04 - [TEST_STEP][PASSED] - errorMsg = findTestData(dataFile).getValue("ErrorMsg", row): null

2023-02-15 23:12:04 - [TEST_STEP][PASSED] - tranType = findTestData(dataFile).getValue("TranType", row): null

2023-02-15 23:12:04 - [TEST_STEP][PASSED] - mv = findTestData(dataFile).getValue("MV", row): null

2023-02-15 23:12:04 - [TEST_STEP][PASSED] - resFormat = findTestData(dataFile).getValue("ResFormat", row): null

2023-02-15 23:12:05 - [TEST_STEP][PASSED] - fName = findTestData(dataFile).getValue("Fname", row): null

2023-02-15 23:12:05 - [TEST_STEP][PASSED] - lName = findTestData(dataFile).getValue("Lname", row): null

2023-02-15 23:12:05 - [TEST_STEP][PASSED] - al1 = findTestData(dataFile).getValue("AL1", row): null

2023-02-15 23:12:05 - [TEST_STEP][PASSED] - city = findTestData(dataFile).getValue("City", row): null

2023-02-15 23:12:05 - [TEST_STEP][PASSED] - state = findTestData(dataFile).getValue("State", row): null

2023-02-15 23:12:05 - [TEST_STEP][PASSED] - zip = findTestData(dataFile).getValue("ZIP", row): null

2023-02-15 23:12:05 - [TEST_STEP][PASSED] - checkType = findTestData(dataFile).getValue("CheckType", row): null

2023-02-15 23:12:05 - [TEST_STEP][PASSED] - acNumber = findTestData(dataFile).getValue("AcNumber", row): null

2023-02-15 23:12:05 - [TEST_STEP][PASSED] - company = findTestData(dataFile).getValue("Company", row): null

2023-02-15 23:12:05 - [TEST_STEP][PASSED] - acType = findTestData(dataFile).getValue("AcType", row): null

2023-02-15 23:12:05 - [TEST_STEP][PASSED] - rtn = findTestData(dataFile).getValue("RTN", row): null

2023-02-15 23:12:05 - [TEST_STEP][PASSED] - amount = findTestData(dataFile).getValue("Amount", row): null

2023-02-15 23:12:05 - [TEST_STEP][PASSED] - sec = findTestData(dataFile).getValue("SEC", row): null

2023-02-15 23:12:05 - [TEST_STEP][PASSED] - openBrowser(VLinkURL + "debit.html"): Browser is opened with url: 'https://dev-algorithm.govolution.com/vlinktest/QA/version_2_0/debit.html'

2023-02-15 23:12:05 - [MESSAGE][WARNING] - A browser is already opened. Closing browser and opening a new one

2023-02-15 23:12:06 - [MESSAGE][INFO] - Starting 'Chrome' driver

2023-02-15 23:12:06 - [MESSAGE][INFO] - User set preference: ['acceptInsecureCerts', 'true']

2023-02-15 23:12:06 - [MESSAGE][INFO] - Action delay is set to 0 milliseconds

2023-02-15 23:12:08 - [MESSAGE][PASSED] - Browser is opened with url: 'https://dev-algorithm.govolution.com/vlinktest/QA/version_2_0/debit.html'

2023-02-15 23:12:08 - [TEST_STEP][PASSED] - maximizeWindow(): Current window maximized

2023-02-15 23:12:08 - [MESSAGE][PASSED] - Current window maximized

2023-02-15 23:12:08 - [TEST_STEP][PASSED] - setText(findTestObject("Object Repository/RecAndPlayBk/Page-Vlink-Debit/input_Transaction Type"), tranType): Text '200' is set on object 'Object Repository/RecAndPlayBk/Page-Vlink-Debit/input_Transaction Type'

2023-02-15 23:12:09 - [MESSAGE][PASSED] - Text '200' is set on object 'Object Repository/RecAndPlayBk/Page-Vlink-Debit/input_Transaction Type'

2023-02-15 23:12:09 - [TEST_STEP][PASSED] - setText(findTestObject("Object Repository/RecAndPlayBk/Page-Vlink-Debit/input_Message Version"), mv): Text '2.0A' is set on object 'Object Repository/RecAndPlayBk/Page-Vlink-Debit/input_Message Version'

2023-02-15 23:12:10 - [MESSAGE][PASSED] - Text '2.0A' is set on object 'Object Repository/RecAndPlayBk/Page-Vlink-Debit/input_Message Version'

2023-02-15 23:12:10 - [TEST_STEP][PASSED] - genRemID = RandomStringUtils.random(12, true, true): null

2023-02-15 23:12:10 - [TEST_STEP][PASSED] - setText(findTestObject("RecAndPlayBk/Page-Vlink-Debit/input_Remittance Id"), genRemID): Text 'MI7xikMPiS56' is set on object 'Object Repository/RecAndPlayBk/Page-Vlink-Debit/input_Remittance Id'

2023-02-15 23:12:10 - [MESSAGE][PASSED] - Text 'MI7xikMPiS56' is set on object 'Object Repository/RecAndPlayBk/Page-Vlink-Debit/input_Remittance Id'

2023-02-15 23:12:10 - [TEST_STEP][PASSED] - setText(findTestObject("RecAndPlayBk/Page-Vlink-Debit/input_Application Id"), appID): Text '234' is set on object 'Object Repository/RecAndPlayBk/Page-Vlink-Debit/input_Application Id'

2023-02-15 23:12:11 - [MESSAGE][PASSED] - Text '234' is set on object 'Object Repository/RecAndPlayBk/Page-Vlink-Debit/input_Application Id'

2023-02-15 23:12:11 - [TEST_STEP][PASSED] - setText(findTestObject("RecAndPlayBk/Page-Vlink-Debit/input_Username"), username): Text 'username' is set on object 'Object Repository/RecAndPlayBk/Page-Vlink-Debit/input_Username'

2023-02-15 23:12:12 - [MESSAGE][PASSED] - Text 'username' is set on object 'Object Repository/RecAndPlayBk/Page-Vlink-Debit/input_Username'

2023-02-15 23:12:12 - [TEST_STEP][PASSED] - setText(findTestObject("RecAndPlayBk/Page-Vlink-Debit/input_Password"), password): Text 'password' is set on object 'Object Repository/RecAndPlayBk/Page-Vlink-Debit/input_Password'

2023-02-15 23:12:12 - [MESSAGE][PASSED] - Text 'password' is set on object 'Object Repository/RecAndPlayBk/Page-Vlink-Debit/input_Password'

2023-02-15 23:12:12 - [TEST_STEP][PASSED] - setText(findTestObject("Object Repository/RecAndPlayBk/Page-Vlink-Debit/input_Response Format"), resFormat): Text 'fixed_width' is set on object 'Object Repository/RecAndPlayBk/Page-Vlink-Debit/input_Response Format'

2023-02-15 23:12:13 - [MESSAGE][PASSED] - Text 'fixed_width' is set on object 'Object Repository/RecAndPlayBk/Page-Vlink-Debit/input_Response Format'

2023-02-15 23:12:13 - [TEST_STEP][PASSED] - setText(findTestObject("RecAndPlayBk/Page-Vlink-Debit/input_Check Type"), checkType): Text 'P' is set on object 'Object Repository/RecAndPlayBk/Page-Vlink-Debit/input_Check Type'

2023-02-15 23:12:13 - [MESSAGE][PASSED] - Text 'P' is set on object 'Object Repository/RecAndPlayBk/Page-Vlink-Debit/input_Check Type'

2023-02-15 23:12:13 - [TEST_STEP][PASSED] - setText(findTestObject("Object Repository/RecAndPlayBk/Page-Vlink-Debit/input_First Name"), fName): Text 'Andy' is set on object 'Object Repository/RecAndPlayBk/Page-Vlink-Debit/input_First Name'

2023-02-15 23:12:14 - [MESSAGE][PASSED] - Text 'Andy' is set on object 'Object Repository/RecAndPlayBk/Page-Vlink-Debit/input_First Name'

2023-02-15 23:12:14 - [TEST_STEP][PASSED] - setText(findTestObject("Object Repository/RecAndPlayBk/Page-Vlink-Debit/input_Last Name"), lName): Text 'Roberts' is set on object 'Object Repository/RecAndPlayBk/Page-Vlink-Debit/input_Last Name'

2023-02-15 23:12:15 - [MESSAGE][PASSED] - Text 'Roberts' is set on object 'Object Repository/RecAndPlayBk/Page-Vlink-Debit/input_Last Name'

2023-02-15 23:12:15 - [TEST_STEP][PASSED] - setText(findTestObject("Object Repository/RecAndPlayBk/Page-Vlink-Debit/input_Address"), al1): Text '145 Main Street' is set on object 'Object Repository/RecAndPlayBk/Page-Vlink-Debit/input_Address'

2023-02-15 23:12:15 - [MESSAGE][PASSED] - Text '145 Main Street' is set on object 'Object Repository/RecAndPlayBk/Page-Vlink-Debit/input_Address'

2023-02-15 23:12:15 - [TEST_STEP][PASSED] - setText(findTestObject("Object Repository/RecAndPlayBk/Page-Vlink-Debit/input_City"), city): Text 'Arlington' is set on object 'Object Repository/RecAndPlayBk/Page-Vlink-Debit/input_City'

2023-02-15 23:12:16 - [MESSAGE][PASSED] - Text 'Arlington' is set on object 'Object Repository/RecAndPlayBk/Page-Vlink-Debit/input_City'

2023-02-15 23:12:16 - [TEST_STEP][PASSED] - setText(findTestObject("Object Repository/RecAndPlayBk/Page-Vlink-Debit/input_State"), state): Text 'VA' is set on object 'Object Repository/RecAndPlayBk/Page-Vlink-Debit/input_State'

2023-02-15 23:12:17 - [MESSAGE][PASSED] - Text 'VA' is set on object 'Object Repository/RecAndPlayBk/Page-Vlink-Debit/input_State'

2023-02-15 23:12:17 - [TEST_STEP][PASSED] - setText(findTestObject("Object Repository/RecAndPlayBk/Page-Vlink-Debit/input_Zip"), zip): Text '22201' is set on object 'Object Repository/RecAndPlayBk/Page-Vlink-Debit/input_Zip'

2023-02-15 23:12:17 - [MESSAGE][PASSED] - Text '22201' is set on object 'Object Repository/RecAndPlayBk/Page-Vlink-Debit/input_Zip'

2023-02-15 23:12:17 - [TEST_STEP][PASSED] - setText(findTestObject("RecAndPlayBk/Page-Vlink-Debit/input_Account_check"), acNumber): Text '' is set on object 'Object Repository/RecAndPlayBk/Page-Vlink-Debit/input_Account_check'

2023-02-15 23:12:18 - [MESSAGE][PASSED] - Text '' is set on object 'Object Repository/RecAndPlayBk/Page-Vlink-Debit/input_Account_check'

2023-02-15 23:12:18 - [TEST_STEP][PASSED] - setText(findTestObject("RecAndPlayBk/Page-Vlink-Debit/input_Company_check"), company): Text '' is set on object 'Object Repository/RecAndPlayBk/Page-Vlink-Debit/input_Company_check'

2023-02-15 23:12:18 - [MESSAGE][PASSED] - Text '' is set on object 'Object Repository/RecAndPlayBk/Page-Vlink-Debit/input_Company_check'

2023-02-15 23:12:18 - [TEST_STEP][PASSED] - setText(findTestObject("RecAndPlayBk/Page-Vlink-Debit/input_Account Type"), acType): Text '1' is set on object 'Object Repository/RecAndPlayBk/Page-Vlink-Debit/input_Account Type'

2023-02-15 23:12:19 - [MESSAGE][PASSED] - Text '1' is set on object 'Object Repository/RecAndPlayBk/Page-Vlink-Debit/input_Account Type'

2023-02-15 23:12:19 - [TEST_STEP][PASSED] - setText(findTestObject("RecAndPlayBk/Page-Vlink-Debit/input_Routing Number"), rtn): Text '256072691' is set on object 'Object Repository/RecAndPlayBk/Page-Vlink-Debit/input_Routing Number'

2023-02-15 23:12:20 - [MESSAGE][PASSED] - Text '256072691' is set on object 'Object Repository/RecAndPlayBk/Page-Vlink-Debit/input_Routing Number'

2023-02-15 23:12:20 - [TEST_STEP][PASSED] - setText(findTestObject("RecAndPlayBk/Page-Vlink-Debit/input_Amount"), amount): Text '12.50' is set on object 'Object Repository/RecAndPlayBk/Page-Vlink-Debit/input_Amount'

2023-02-15 23:12:20 - [MESSAGE][PASSED] - Text '12.50' is set on object 'Object Repository/RecAndPlayBk/Page-Vlink-Debit/input_Amount'

2023-02-15 23:12:20 - [TEST_STEP][PASSED] - setText(findTestObject("RecAndPlayBk/Page-Vlink-Debit/input_Check Email"), ""): Text '' is set on object 'Object Repository/RecAndPlayBk/Page-Vlink-Debit/input_Check Email'

2023-02-15 23:12:21 - [MESSAGE][PASSED] - Text '' is set on object 'Object Repository/RecAndPlayBk/Page-Vlink-Debit/input_Check Email'

2023-02-15 23:12:21 - [TEST_STEP][PASSED] - setText(findTestObject("Object Repository/RecAndPlayBk/Page-Vlink-Debit/input_concat(CheckWriter, , s SSN)_check_ssn"), ""): Text '' is set on object 'Object Repository/RecAndPlayBk/Page-Vlink-Debit/input_concat(CheckWriter, , s SSN)_check_ssn'

2023-02-15 23:12:22 - [MESSAGE][PASSED] - Text '' is set on object 'Object Repository/RecAndPlayBk/Page-Vlink-Debit/input_concat(CheckWriter, , s SSN)_check_ssn'

2023-02-15 23:12:22 - [TEST_STEP][PASSED] - setText(findTestObject("Object Repository/RecAndPlayBk/Page-Vlink-Debit/input_concat(CheckWriter, , s License Numbe_020fef"), ""): Text '' is set on object 'Object Repository/RecAndPlayBk/Page-Vlink-Debit/input_concat(CheckWriter, , s License Numbe_020fef'

2023-02-15 23:12:22 - [MESSAGE][PASSED] - Text '' is set on object 'Object Repository/RecAndPlayBk/Page-Vlink-Debit/input_concat(CheckWriter, , s License Numbe_020fef'

2023-02-15 23:12:22 - [TEST_STEP][PASSED] - setText(findTestObject("Object Repository/RecAndPlayBk/Page-Vlink-Debit/input_concat(CheckWriter, , s License State_21e3e7"), ""): Text '' is set on object 'Object Repository/RecAndPlayBk/Page-Vlink-Debit/input_concat(CheckWriter, , s License State_21e3e7'

2023-02-15 23:12:23 - [MESSAGE][PASSED] - Text '' is set on object 'Object Repository/RecAndPlayBk/Page-Vlink-Debit/input_concat(CheckWriter, , s License State_21e3e7'

2023-02-15 23:12:23 - [TEST_STEP][PASSED] - setText(findTestObject("RecAndPlayBk/Page-Vlink-Debit/input_Standard Entry Class"), sec): Text 'WEB' is set on object 'Object Repository/RecAndPlayBk/Page-Vlink-Debit/input_Standard Entry Class'

2023-02-15 23:12:24 - [MESSAGE][PASSED] - Text 'WEB' is set on object 'Object Repository/RecAndPlayBk/Page-Vlink-Debit/input_Standard Entry Class'

2023-02-15 23:12:24 - [TEST_STEP][PASSED] - click(findTestObject("Object Repository/RecAndPlayBk/Page-Vlink-Debit/input")): Object: 'Object Repository/RecAndPlayBk/Page-Vlink-Debit/input' is clicked on

2023-02-15 23:12:25 - [MESSAGE][PASSED] - Object: 'Object Repository/RecAndPlayBk/Page-Vlink-Debit/input' is clicked on

2023-02-15 23:12:25 - [TEST_STEP][PASSED] - if (verifyTextPresent(errorMsg, true)): null

2023-02-15 23:12:25 - [MESSAGE][PASSED] - Text 'check_account' is present on page  using regular expression

2023-02-15 23:12:25 - [TEST_STEP][PASSED] - println("Error Message is present on the Confirmation page"): null

2023-02-15 23:12:25 - [TEST_STEP][PASSED] - out.println("Pass Record Number: " + row): null

2023-02-15 23:12:25 - [TEST_STEP][PASSED] - resText = "Pass": null

2023-02-15 23:12:25 - [TEST_STEP][PASSED] - pages.WriteExcel.demoKey(resText, datText, resColumn, datCloumn, fileLoc, nameSheet, row): pages.WriteExcel.demoKey is PASSED

2023-02-15 23:12:25 - [MESSAGE][PASSED] - pages.WriteExcel.demoKey is PASSED

2023-02-15 23:12:25 - [TEST_STEP][PASSED] - ExecuteTC = findTestData(dataFile).getValue("Execute", row): null

2023-02-15 23:12:25 - [TEST_STEP][PASSED] - out.println("Value of Execute is : " + ExecuteTC): null

2023-02-15 23:12:25 - [TEST_STEP][PASSED] - if (ExecuteTC.equalsIgnoreCase("Y")): null

2023-02-15 23:12:25 - [TEST_STEP][PASSED] - out.println("Begin Record Number: " + row): null

2023-02-15 23:12:25 - [TEST_STEP][PASSED] - today = new java.util.Date(): null

2023-02-15 23:12:25 - [TEST_STEP][PASSED] - println(today): null

2023-02-15 23:12:25 - [TEST_STEP][PASSED] - datText = today: null

2023-02-15 23:12:25 - [TEST_STEP][PASSED] - appID = findTestData(dataFile).getValue("AppID", row): null

2023-02-15 23:12:25 - [TEST_STEP][PASSED] - username = findTestData(dataFile).getValue("Username", row): null

2023-02-15 23:12:25 - [TEST_STEP][PASSED] - password = findTestData(dataFile).getValue("Password", row): null

2023-02-15 23:12:25 - [TEST_STEP][PASSED] - errorMsg = findTestData(dataFile).getValue("ErrorMsg", row): null

2023-02-15 23:12:25 - [TEST_STEP][PASSED] - tranType = findTestData(dataFile).getValue("TranType", row): null

2023-02-15 23:12:25 - [TEST_STEP][PASSED] - mv = findTestData(dataFile).getValue("MV", row): null

2023-02-15 23:12:25 - [TEST_STEP][PASSED] - resFormat = findTestData(dataFile).getValue("ResFormat", row): null

2023-02-15 23:12:25 - [TEST_STEP][PASSED] - fName = findTestData(dataFile).getValue("Fname", row): null

2023-02-15 23:12:25 - [TEST_STEP][PASSED] - lName = findTestData(dataFile).getValue("Lname", row): null

2023-02-15 23:12:25 - [TEST_STEP][PASSED] - al1 = findTestData(dataFile).getValue("AL1", row): null

2023-02-15 23:12:26 - [TEST_STEP][PASSED] - city = findTestData(dataFile).getValue("City", row): null

2023-02-15 23:12:26 - [TEST_STEP][PASSED] - state = findTestData(dataFile).getValue("State", row): null

2023-02-15 23:12:26 - [TEST_STEP][PASSED] - zip = findTestData(dataFile).getValue("ZIP", row): null

2023-02-15 23:12:26 - [TEST_STEP][PASSED] - checkType = findTestData(dataFile).getValue("CheckType", row): null

2023-02-15 23:12:26 - [TEST_STEP][PASSED] - acNumber = findTestData(dataFile).getValue("AcNumber", row): null

2023-02-15 23:12:26 - [TEST_STEP][PASSED] - company = findTestData(dataFile).getValue("Company", row): null

2023-02-15 23:12:26 - [TEST_STEP][PASSED] - acType = findTestData(dataFile).getValue("AcType", row): null

2023-02-15 23:12:26 - [TEST_STEP][PASSED] - rtn = findTestData(dataFile).getValue("RTN", row): null

2023-02-15 23:12:26 - [TEST_STEP][PASSED] - amount = findTestData(dataFile).getValue("Amount", row): null

2023-02-15 23:12:26 - [TEST_STEP][PASSED] - sec = findTestData(dataFile).getValue("SEC", row): null

2023-02-15 23:12:26 - [TEST_STEP][PASSED] - openBrowser(VLinkURL + "debit.html"): Browser is opened with url: 'https://dev-algorithm.govolution.com/vlinktest/QA/version_2_0/debit.html'

2023-02-15 23:12:26 - [MESSAGE][WARNING] - A browser is already opened. Closing browser and opening a new one

2023-02-15 23:12:27 - [MESSAGE][INFO] - Starting 'Chrome' driver

2023-02-15 23:12:27 - [MESSAGE][INFO] - User set preference: ['acceptInsecureCerts', 'true']

2023-02-15 23:12:27 - [MESSAGE][INFO] - Action delay is set to 0 milliseconds

2023-02-15 23:12:29 - [MESSAGE][PASSED] - Browser is opened with url: 'https://dev-algorithm.govolution.com/vlinktest/QA/version_2_0/debit.html'

2023-02-15 23:12:29 - [TEST_STEP][PASSED] - maximizeWindow(): Current window maximized

2023-02-15 23:12:29 - [MESSAGE][PASSED] - Current window maximized

2023-02-15 23:12:29 - [TEST_STEP][PASSED] - setText(findTestObject("Object Repository/RecAndPlayBk/Page-Vlink-Debit/input_Transaction Type"), tranType): Text '200' is set on object 'Object Repository/RecAndPlayBk/Page-Vlink-Debit/input_Transaction Type'

2023-02-15 23:12:30 - [MESSAGE][PASSED] - Text '200' is set on object 'Object Repository/RecAndPlayBk/Page-Vlink-Debit/input_Transaction Type'

2023-02-15 23:12:30 - [TEST_STEP][PASSED] - setText(findTestObject("Object Repository/RecAndPlayBk/Page-Vlink-Debit/input_Message Version"), mv): Text '2.0A' is set on object 'Object Repository/RecAndPlayBk/Page-Vlink-Debit/input_Message Version'

2023-02-15 23:12:30 - [MESSAGE][PASSED] - Text '2.0A' is set on object 'Object Repository/RecAndPlayBk/Page-Vlink-Debit/input_Message Version'

2023-02-15 23:12:30 - [TEST_STEP][PASSED] - genRemID = RandomStringUtils.random(12, true, true): null

2023-02-15 23:12:30 - [TEST_STEP][PASSED] - setText(findTestObject("RecAndPlayBk/Page-Vlink-Debit/input_Remittance Id"), genRemID): Text 'u6ZeZ0iGZoBq' is set on object 'Object Repository/RecAndPlayBk/Page-Vlink-Debit/input_Remittance Id'

2023-02-15 23:12:31 - [MESSAGE][PASSED] - Text 'u6ZeZ0iGZoBq' is set on object 'Object Repository/RecAndPlayBk/Page-Vlink-Debit/input_Remittance Id'

2023-02-15 23:12:31 - [TEST_STEP][PASSED] - setText(findTestObject("RecAndPlayBk/Page-Vlink-Debit/input_Application Id"), appID): Text '234' is set on object 'Object Repository/RecAndPlayBk/Page-Vlink-Debit/input_Application Id'

2023-02-15 23:12:32 - [MESSAGE][PASSED] - Text '234' is set on object 'Object Repository/RecAndPlayBk/Page-Vlink-Debit/input_Application Id'

2023-02-15 23:12:32 - [TEST_STEP][PASSED] - setText(findTestObject("RecAndPlayBk/Page-Vlink-Debit/input_Username"), username): Text 'username' is set on object 'Object Repository/RecAndPlayBk/Page-Vlink-Debit/input_Username'

2023-02-15 23:12:32 - [MESSAGE][PASSED] - Text 'username' is set on object 'Object Repository/RecAndPlayBk/Page-Vlink-Debit/input_Username'

2023-02-15 23:12:32 - [TEST_STEP][PASSED] - setText(findTestObject("RecAndPlayBk/Page-Vlink-Debit/input_Password"), password): Text 'password' is set on object 'Object Repository/RecAndPlayBk/Page-Vlink-Debit/input_Password'

2023-02-15 23:12:33 - [MESSAGE][PASSED] - Text 'password' is set on object 'Object Repository/RecAndPlayBk/Page-Vlink-Debit/input_Password'

2023-02-15 23:12:33 - [TEST_STEP][PASSED] - setText(findTestObject("Object Repository/RecAndPlayBk/Page-Vlink-Debit/input_Response Format"), resFormat): Text 'fixed_width' is set on object 'Object Repository/RecAndPlayBk/Page-Vlink-Debit/input_Response Format'

2023-02-15 23:12:34 - [MESSAGE][PASSED] - Text 'fixed_width' is set on object 'Object Repository/RecAndPlayBk/Page-Vlink-Debit/input_Response Format'

2023-02-15 23:12:34 - [TEST_STEP][PASSED] - setText(findTestObject("RecAndPlayBk/Page-Vlink-Debit/input_Check Type"), checkType): Text 'P' is set on object 'Object Repository/RecAndPlayBk/Page-Vlink-Debit/input_Check Type'

2023-02-15 23:12:34 - [MESSAGE][PASSED] - Text 'P' is set on object 'Object Repository/RecAndPlayBk/Page-Vlink-Debit/input_Check Type'

2023-02-15 23:12:34 - [TEST_STEP][PASSED] - setText(findTestObject("Object Repository/RecAndPlayBk/Page-Vlink-Debit/input_First Name"), fName): Text 'Andy' is set on object 'Object Repository/RecAndPlayBk/Page-Vlink-Debit/input_First Name'

2023-02-15 23:12:35 - [MESSAGE][PASSED] - Text 'Andy' is set on object 'Object Repository/RecAndPlayBk/Page-Vlink-Debit/input_First Name'

2023-02-15 23:12:35 - [TEST_STEP][PASSED] - setText(findTestObject("Object Repository/RecAndPlayBk/Page-Vlink-Debit/input_Last Name"), lName): Text 'Roberts' is set on object 'Object Repository/RecAndPlayBk/Page-Vlink-Debit/input_Last Name'

2023-02-15 23:12:35 - [MESSAGE][PASSED] - Text 'Roberts' is set on object 'Object Repository/RecAndPlayBk/Page-Vlink-Debit/input_Last Name'

2023-02-15 23:12:35 - [TEST_STEP][PASSED] - setText(findTestObject("Object Repository/RecAndPlayBk/Page-Vlink-Debit/input_Address"), al1): Text '145 Main Street' is set on object 'Object Repository/RecAndPlayBk/Page-Vlink-Debit/input_Address'

2023-02-15 23:12:36 - [MESSAGE][PASSED] - Text '145 Main Street' is set on object 'Object Repository/RecAndPlayBk/Page-Vlink-Debit/input_Address'

2023-02-15 23:12:36 - [TEST_STEP][PASSED] - setText(findTestObject("Object Repository/RecAndPlayBk/Page-Vlink-Debit/input_City"), city): Text 'Arlington' is set on object 'Object Repository/RecAndPlayBk/Page-Vlink-Debit/input_City'

2023-02-15 23:12:37 - [MESSAGE][PASSED] - Text 'Arlington' is set on object 'Object Repository/RecAndPlayBk/Page-Vlink-Debit/input_City'

2023-02-15 23:12:37 - [TEST_STEP][PASSED] - setText(findTestObject("Object Repository/RecAndPlayBk/Page-Vlink-Debit/input_State"), state): Text 'VA' is set on object 'Object Repository/RecAndPlayBk/Page-Vlink-Debit/input_State'

2023-02-15 23:12:37 - [MESSAGE][PASSED] - Text 'VA' is set on object 'Object Repository/RecAndPlayBk/Page-Vlink-Debit/input_State'

2023-02-15 23:12:37 - [TEST_STEP][PASSED] - setText(findTestObject("Object Repository/RecAndPlayBk/Page-Vlink-Debit/input_Zip"), zip): Text '22201' is set on object 'Object Repository/RecAndPlayBk/Page-Vlink-Debit/input_Zip'

2023-02-15 23:12:38 - [MESSAGE][PASSED] - Text '22201' is set on object 'Object Repository/RecAndPlayBk/Page-Vlink-Debit/input_Zip'

2023-02-15 23:12:38 - [TEST_STEP][PASSED] - setText(findTestObject("RecAndPlayBk/Page-Vlink-Debit/input_Account_check"), acNumber): Text '58963214' is set on object 'Object Repository/RecAndPlayBk/Page-Vlink-Debit/input_Account_check'

2023-02-15 23:12:39 - [MESSAGE][PASSED] - Text '58963214' is set on object 'Object Repository/RecAndPlayBk/Page-Vlink-Debit/input_Account_check'

2023-02-15 23:12:39 - [TEST_STEP][PASSED] - setText(findTestObject("RecAndPlayBk/Page-Vlink-Debit/input_Company_check"), company): Text '' is set on object 'Object Repository/RecAndPlayBk/Page-Vlink-Debit/input_Company_check'

2023-02-15 23:12:39 - [MESSAGE][PASSED] - Text '' is set on object 'Object Repository/RecAndPlayBk/Page-Vlink-Debit/input_Company_check'

2023-02-15 23:12:39 - [TEST_STEP][PASSED] - setText(findTestObject("RecAndPlayBk/Page-Vlink-Debit/input_Account Type"), acType): Text '' is set on object 'Object Repository/RecAndPlayBk/Page-Vlink-Debit/input_Account Type'

2023-02-15 23:12:40 - [MESSAGE][PASSED] - Text '' is set on object 'Object Repository/RecAndPlayBk/Page-Vlink-Debit/input_Account Type'

2023-02-15 23:12:40 - [TEST_STEP][PASSED] - setText(findTestObject("RecAndPlayBk/Page-Vlink-Debit/input_Routing Number"), rtn): Text '256072691' is set on object 'Object Repository/RecAndPlayBk/Page-Vlink-Debit/input_Routing Number'

2023-02-15 23:12:41 - [MESSAGE][PASSED] - Text '256072691' is set on object 'Object Repository/RecAndPlayBk/Page-Vlink-Debit/input_Routing Number'

2023-02-15 23:12:41 - [TEST_STEP][PASSED] - setText(findTestObject("RecAndPlayBk/Page-Vlink-Debit/input_Amount"), amount): Text '12.50' is set on object 'Object Repository/RecAndPlayBk/Page-Vlink-Debit/input_Amount'

2023-02-15 23:12:41 - [MESSAGE][PASSED] - Text '12.50' is set on object 'Object Repository/RecAndPlayBk/Page-Vlink-Debit/input_Amount'

2023-02-15 23:12:41 - [TEST_STEP][PASSED] - setText(findTestObject("RecAndPlayBk/Page-Vlink-Debit/input_Check Email"), ""): Text '' is set on object 'Object Repository/RecAndPlayBk/Page-Vlink-Debit/input_Check Email'

2023-02-15 23:12:42 - [MESSAGE][PASSED] - Text '' is set on object 'Object Repository/RecAndPlayBk/Page-Vlink-Debit/input_Check Email'

2023-02-15 23:12:42 - [TEST_STEP][PASSED] - setText(findTestObject("Object Repository/RecAndPlayBk/Page-Vlink-Debit/input_concat(CheckWriter, , s SSN)_check_ssn"), ""): Text '' is set on object 'Object Repository/RecAndPlayBk/Page-Vlink-Debit/input_concat(CheckWriter, , s SSN)_check_ssn'

2023-02-15 23:12:43 - [MESSAGE][PASSED] - Text '' is set on object 'Object Repository/RecAndPlayBk/Page-Vlink-Debit/input_concat(CheckWriter, , s SSN)_check_ssn'

2023-02-15 23:12:43 - [TEST_STEP][PASSED] - setText(findTestObject("Object Repository/RecAndPlayBk/Page-Vlink-Debit/input_concat(CheckWriter, , s License Numbe_020fef"), ""): Text '' is set on object 'Object Repository/RecAndPlayBk/Page-Vlink-Debit/input_concat(CheckWriter, , s License Numbe_020fef'

2023-02-15 23:12:43 - [MESSAGE][PASSED] - Text '' is set on object 'Object Repository/RecAndPlayBk/Page-Vlink-Debit/input_concat(CheckWriter, , s License Numbe_020fef'

2023-02-15 23:12:43 - [TEST_STEP][PASSED] - setText(findTestObject("Object Repository/RecAndPlayBk/Page-Vlink-Debit/input_concat(CheckWriter, , s License State_21e3e7"), ""): Text '' is set on object 'Object Repository/RecAndPlayBk/Page-Vlink-Debit/input_concat(CheckWriter, , s License State_21e3e7'

2023-02-15 23:12:44 - [MESSAGE][PASSED] - Text '' is set on object 'Object Repository/RecAndPlayBk/Page-Vlink-Debit/input_concat(CheckWriter, , s License State_21e3e7'

2023-02-15 23:12:44 - [TEST_STEP][PASSED] - setText(findTestObject("RecAndPlayBk/Page-Vlink-Debit/input_Standard Entry Class"), sec): Text 'WEB' is set on object 'Object Repository/RecAndPlayBk/Page-Vlink-Debit/input_Standard Entry Class'

2023-02-15 23:12:44 - [MESSAGE][PASSED] - Text 'WEB' is set on object 'Object Repository/RecAndPlayBk/Page-Vlink-Debit/input_Standard Entry Class'

2023-02-15 23:12:44 - [TEST_STEP][PASSED] - click(findTestObject("Object Repository/RecAndPlayBk/Page-Vlink-Debit/input")): Object: 'Object Repository/RecAndPlayBk/Page-Vlink-Debit/input' is clicked on

2023-02-15 23:12:45 - [MESSAGE][PASSED] - Object: 'Object Repository/RecAndPlayBk/Page-Vlink-Debit/input' is clicked on

2023-02-15 23:12:45 - [TEST_STEP][PASSED] - if (verifyTextPresent(errorMsg, true)): null

2023-02-15 23:12:45 - [MESSAGE][PASSED] - Text 'account_type' is present on page  using regular expression

2023-02-15 23:12:45 - [TEST_STEP][PASSED] - println("Error Message is present on the Confirmation page"): null

2023-02-15 23:12:45 - [TEST_STEP][PASSED] - out.println("Pass Record Number: " + row): null

2023-02-15 23:12:45 - [TEST_STEP][PASSED] - resText = "Pass": null

2023-02-15 23:12:45 - [TEST_STEP][PASSED] - pages.WriteExcel.demoKey(resText, datText, resColumn, datCloumn, fileLoc, nameSheet, row): pages.WriteExcel.demoKey is PASSED

2023-02-15 23:12:45 - [MESSAGE][PASSED] - pages.WriteExcel.demoKey is PASSED

2023-02-15 23:12:45 - [TEST_STEP][PASSED] - ExecuteTC = findTestData(dataFile).getValue("Execute", row): null

2023-02-15 23:12:46 - [TEST_STEP][PASSED] - out.println("Value of Execute is : " + ExecuteTC): null

2023-02-15 23:12:46 - [TEST_STEP][PASSED] - if (ExecuteTC.equalsIgnoreCase("Y")): null

2023-02-15 23:12:46 - [TEST_STEP][PASSED] - out.println("Begin Record Number: " + row): null

2023-02-15 23:12:46 - [TEST_STEP][PASSED] - today = new java.util.Date(): null

2023-02-15 23:12:46 - [TEST_STEP][PASSED] - println(today): null

2023-02-15 23:12:46 - [TEST_STEP][PASSED] - datText = today: null

2023-02-15 23:12:46 - [TEST_STEP][PASSED] - appID = findTestData(dataFile).getValue("AppID", row): null

2023-02-15 23:12:46 - [TEST_STEP][PASSED] - username = findTestData(dataFile).getValue("Username", row): null

2023-02-15 23:12:46 - [TEST_STEP][PASSED] - password = findTestData(dataFile).getValue("Password", row): null

2023-02-15 23:12:46 - [TEST_STEP][PASSED] - errorMsg = findTestData(dataFile).getValue("ErrorMsg", row): null

2023-02-15 23:12:46 - [TEST_STEP][PASSED] - tranType = findTestData(dataFile).getValue("TranType", row): null

2023-02-15 23:12:46 - [TEST_STEP][PASSED] - mv = findTestData(dataFile).getValue("MV", row): null

2023-02-15 23:12:46 - [TEST_STEP][PASSED] - resFormat = findTestData(dataFile).getValue("ResFormat", row): null

2023-02-15 23:12:46 - [TEST_STEP][PASSED] - fName = findTestData(dataFile).getValue("Fname", row): null

2023-02-15 23:12:46 - [TEST_STEP][PASSED] - lName = findTestData(dataFile).getValue("Lname", row): null

2023-02-15 23:12:46 - [TEST_STEP][PASSED] - al1 = findTestData(dataFile).getValue("AL1", row): null

2023-02-15 23:12:46 - [TEST_STEP][PASSED] - city = findTestData(dataFile).getValue("City", row): null

2023-02-15 23:12:46 - [TEST_STEP][PASSED] - state = findTestData(dataFile).getValue("State", row): null

2023-02-15 23:12:46 - [TEST_STEP][PASSED] - zip = findTestData(dataFile).getValue("ZIP", row): null

2023-02-15 23:12:46 - [TEST_STEP][PASSED] - checkType = findTestData(dataFile).getValue("CheckType", row): null

2023-02-15 23:12:46 - [TEST_STEP][PASSED] - acNumber = findTestData(dataFile).getValue("AcNumber", row): null

2023-02-15 23:12:46 - [TEST_STEP][PASSED] - company = findTestData(dataFile).getValue("Company", row): null

2023-02-15 23:12:47 - [TEST_STEP][PASSED] - acType = findTestData(dataFile).getValue("AcType", row): null

2023-02-15 23:12:47 - [TEST_STEP][PASSED] - rtn = findTestData(dataFile).getValue("RTN", row): null

2023-02-15 23:12:47 - [TEST_STEP][PASSED] - amount = findTestData(dataFile).getValue("Amount", row): null

2023-02-15 23:12:47 - [TEST_STEP][PASSED] - sec = findTestData(dataFile).getValue("SEC", row): null

2023-02-15 23:12:47 - [TEST_STEP][PASSED] - openBrowser(VLinkURL + "debit.html"): Browser is opened with url: 'https://dev-algorithm.govolution.com/vlinktest/QA/version_2_0/debit.html'

2023-02-15 23:12:47 - [MESSAGE][WARNING] - A browser is already opened. Closing browser and opening a new one

2023-02-15 23:12:48 - [MESSAGE][INFO] - Starting 'Chrome' driver

2023-02-15 23:12:48 - [MESSAGE][INFO] - User set preference: ['acceptInsecureCerts', 'true']

2023-02-15 23:12:48 - [MESSAGE][INFO] - Action delay is set to 0 milliseconds

2023-02-15 23:12:49 - [MESSAGE][PASSED] - Browser is opened with url: 'https://dev-algorithm.govolution.com/vlinktest/QA/version_2_0/debit.html'

2023-02-15 23:12:49 - [TEST_STEP][PASSED] - maximizeWindow(): Current window maximized

2023-02-15 23:12:50 - [MESSAGE][PASSED] - Current window maximized

2023-02-15 23:12:50 - [TEST_STEP][PASSED] - setText(findTestObject("Object Repository/RecAndPlayBk/Page-Vlink-Debit/input_Transaction Type"), tranType): Text '200' is set on object 'Object Repository/RecAndPlayBk/Page-Vlink-Debit/input_Transaction Type'

2023-02-15 23:12:50 - [MESSAGE][PASSED] - Text '200' is set on object 'Object Repository/RecAndPlayBk/Page-Vlink-Debit/input_Transaction Type'

2023-02-15 23:12:50 - [TEST_STEP][PASSED] - setText(findTestObject("Object Repository/RecAndPlayBk/Page-Vlink-Debit/input_Message Version"), mv): Text '2.0A' is set on object 'Object Repository/RecAndPlayBk/Page-Vlink-Debit/input_Message Version'

2023-02-15 23:12:51 - [MESSAGE][PASSED] - Text '2.0A' is set on object 'Object Repository/RecAndPlayBk/Page-Vlink-Debit/input_Message Version'

2023-02-15 23:12:51 - [TEST_STEP][PASSED] - genRemID = RandomStringUtils.random(12, true, true): null

2023-02-15 23:12:51 - [TEST_STEP][PASSED] - setText(findTestObject("RecAndPlayBk/Page-Vlink-Debit/input_Remittance Id"), genRemID): Text 'rSVBbmF9ihKz' is set on object 'Object Repository/RecAndPlayBk/Page-Vlink-Debit/input_Remittance Id'

2023-02-15 23:12:52 - [MESSAGE][PASSED] - Text 'rSVBbmF9ihKz' is set on object 'Object Repository/RecAndPlayBk/Page-Vlink-Debit/input_Remittance Id'

2023-02-15 23:12:52 - [TEST_STEP][PASSED] - setText(findTestObject("RecAndPlayBk/Page-Vlink-Debit/input_Application Id"), appID): Text '234' is set on object 'Object Repository/RecAndPlayBk/Page-Vlink-Debit/input_Application Id'

2023-02-15 23:12:52 - [MESSAGE][PASSED] - Text '234' is set on object 'Object Repository/RecAndPlayBk/Page-Vlink-Debit/input_Application Id'

2023-02-15 23:12:52 - [TEST_STEP][PASSED] - setText(findTestObject("RecAndPlayBk/Page-Vlink-Debit/input_Username"), username): Text 'username' is set on object 'Object Repository/RecAndPlayBk/Page-Vlink-Debit/input_Username'

2023-02-15 23:12:53 - [MESSAGE][PASSED] - Text 'username' is set on object 'Object Repository/RecAndPlayBk/Page-Vlink-Debit/input_Username'

2023-02-15 23:12:53 - [TEST_STEP][PASSED] - setText(findTestObject("RecAndPlayBk/Page-Vlink-Debit/input_Password"), password): Text 'password' is set on object 'Object Repository/RecAndPlayBk/Page-Vlink-Debit/input_Password'

2023-02-15 23:12:54 - [MESSAGE][PASSED] - Text 'password' is set on object 'Object Repository/RecAndPlayBk/Page-Vlink-Debit/input_Password'

2023-02-15 23:12:54 - [TEST_STEP][PASSED] - setText(findTestObject("Object Repository/RecAndPlayBk/Page-Vlink-Debit/input_Response Format"), resFormat): Text 'fixed_width' is set on object 'Object Repository/RecAndPlayBk/Page-Vlink-Debit/input_Response Format'

2023-02-15 23:12:54 - [MESSAGE][PASSED] - Text 'fixed_width' is set on object 'Object Repository/RecAndPlayBk/Page-Vlink-Debit/input_Response Format'

2023-02-15 23:12:54 - [TEST_STEP][PASSED] - setText(findTestObject("RecAndPlayBk/Page-Vlink-Debit/input_Check Type"), checkType): Text 'P' is set on object 'Object Repository/RecAndPlayBk/Page-Vlink-Debit/input_Check Type'

2023-02-15 23:12:55 - [MESSAGE][PASSED] - Text 'P' is set on object 'Object Repository/RecAndPlayBk/Page-Vlink-Debit/input_Check Type'

2023-02-15 23:12:55 - [TEST_STEP][PASSED] - setText(findTestObject("Object Repository/RecAndPlayBk/Page-Vlink-Debit/input_First Name"), fName): Text 'Andy' is set on object 'Object Repository/RecAndPlayBk/Page-Vlink-Debit/input_First Name'

2023-02-15 23:12:55 - [MESSAGE][PASSED] - Text 'Andy' is set on object 'Object Repository/RecAndPlayBk/Page-Vlink-Debit/input_First Name'

2023-02-15 23:12:55 - [TEST_STEP][PASSED] - setText(findTestObject("Object Repository/RecAndPlayBk/Page-Vlink-Debit/input_Last Name"), lName): Text 'Roberts' is set on object 'Object Repository/RecAndPlayBk/Page-Vlink-Debit/input_Last Name'

2023-02-15 23:12:56 - [MESSAGE][PASSED] - Text 'Roberts' is set on object 'Object Repository/RecAndPlayBk/Page-Vlink-Debit/input_Last Name'

2023-02-15 23:12:56 - [TEST_STEP][PASSED] - setText(findTestObject("Object Repository/RecAndPlayBk/Page-Vlink-Debit/input_Address"), al1): Text '145 Main Street' is set on object 'Object Repository/RecAndPlayBk/Page-Vlink-Debit/input_Address'

2023-02-15 23:12:57 - [MESSAGE][PASSED] - Text '145 Main Street' is set on object 'Object Repository/RecAndPlayBk/Page-Vlink-Debit/input_Address'

2023-02-15 23:12:57 - [TEST_STEP][PASSED] - setText(findTestObject("Object Repository/RecAndPlayBk/Page-Vlink-Debit/input_City"), city): Text 'Arlington' is set on object 'Object Repository/RecAndPlayBk/Page-Vlink-Debit/input_City'

2023-02-15 23:12:57 - [MESSAGE][PASSED] - Text 'Arlington' is set on object 'Object Repository/RecAndPlayBk/Page-Vlink-Debit/input_City'

2023-02-15 23:12:57 - [TEST_STEP][PASSED] - setText(findTestObject("Object Repository/RecAndPlayBk/Page-Vlink-Debit/input_State"), state): Text 'VA' is set on object 'Object Repository/RecAndPlayBk/Page-Vlink-Debit/input_State'

2023-02-15 23:12:58 - [MESSAGE][PASSED] - Text 'VA' is set on object 'Object Repository/RecAndPlayBk/Page-Vlink-Debit/input_State'

2023-02-15 23:12:58 - [TEST_STEP][PASSED] - setText(findTestObject("Object Repository/RecAndPlayBk/Page-Vlink-Debit/input_Zip"), zip): Text '22201' is set on object 'Object Repository/RecAndPlayBk/Page-Vlink-Debit/input_Zip'

2023-02-15 23:12:59 - [MESSAGE][PASSED] - Text '22201' is set on object 'Object Repository/RecAndPlayBk/Page-Vlink-Debit/input_Zip'

2023-02-15 23:12:59 - [TEST_STEP][PASSED] - setText(findTestObject("RecAndPlayBk/Page-Vlink-Debit/input_Account_check"), acNumber): Text '58963214' is set on object 'Object Repository/RecAndPlayBk/Page-Vlink-Debit/input_Account_check'

2023-02-15 23:12:59 - [MESSAGE][PASSED] - Text '58963214' is set on object 'Object Repository/RecAndPlayBk/Page-Vlink-Debit/input_Account_check'

2023-02-15 23:12:59 - [TEST_STEP][PASSED] - setText(findTestObject("RecAndPlayBk/Page-Vlink-Debit/input_Company_check"), company): Text '' is set on object 'Object Repository/RecAndPlayBk/Page-Vlink-Debit/input_Company_check'

2023-02-15 23:13:00 - [MESSAGE][PASSED] - Text '' is set on object 'Object Repository/RecAndPlayBk/Page-Vlink-Debit/input_Company_check'

2023-02-15 23:13:00 - [TEST_STEP][PASSED] - setText(findTestObject("RecAndPlayBk/Page-Vlink-Debit/input_Account Type"), acType): Text '1' is set on object 'Object Repository/RecAndPlayBk/Page-Vlink-Debit/input_Account Type'

2023-02-15 23:13:01 - [MESSAGE][PASSED] - Text '1' is set on object 'Object Repository/RecAndPlayBk/Page-Vlink-Debit/input_Account Type'

2023-02-15 23:13:01 - [TEST_STEP][PASSED] - setText(findTestObject("RecAndPlayBk/Page-Vlink-Debit/input_Routing Number"), rtn): Text '' is set on object 'Object Repository/RecAndPlayBk/Page-Vlink-Debit/input_Routing Number'

2023-02-15 23:13:01 - [MESSAGE][PASSED] - Text '' is set on object 'Object Repository/RecAndPlayBk/Page-Vlink-Debit/input_Routing Number'

2023-02-15 23:13:01 - [TEST_STEP][PASSED] - setText(findTestObject("RecAndPlayBk/Page-Vlink-Debit/input_Amount"), amount): Text '12.50' is set on object 'Object Repository/RecAndPlayBk/Page-Vlink-Debit/input_Amount'

2023-02-15 23:13:02 - [MESSAGE][PASSED] - Text '12.50' is set on object 'Object Repository/RecAndPlayBk/Page-Vlink-Debit/input_Amount'

2023-02-15 23:13:02 - [TEST_STEP][PASSED] - setText(findTestObject("RecAndPlayBk/Page-Vlink-Debit/input_Check Email"), ""): Text '' is set on object 'Object Repository/RecAndPlayBk/Page-Vlink-Debit/input_Check Email'

2023-02-15 23:13:03 - [MESSAGE][PASSED] - Text '' is set on object 'Object Repository/RecAndPlayBk/Page-Vlink-Debit/input_Check Email'

2023-02-15 23:13:03 - [TEST_STEP][PASSED] - setText(findTestObject("Object Repository/RecAndPlayBk/Page-Vlink-Debit/input_concat(CheckWriter, , s SSN)_check_ssn"), ""): Text '' is set on object 'Object Repository/RecAndPlayBk/Page-Vlink-Debit/input_concat(CheckWriter, , s SSN)_check_ssn'

2023-02-15 23:13:03 - [MESSAGE][PASSED] - Text '' is set on object 'Object Repository/RecAndPlayBk/Page-Vlink-Debit/input_concat(CheckWriter, , s SSN)_check_ssn'

2023-02-15 23:13:03 - [TEST_STEP][PASSED] - setText(findTestObject("Object Repository/RecAndPlayBk/Page-Vlink-Debit/input_concat(CheckWriter, , s License Numbe_020fef"), ""): Text '' is set on object 'Object Repository/RecAndPlayBk/Page-Vlink-Debit/input_concat(CheckWriter, , s License Numbe_020fef'

2023-02-15 23:13:04 - [MESSAGE][PASSED] - Text '' is set on object 'Object Repository/RecAndPlayBk/Page-Vlink-Debit/input_concat(CheckWriter, , s License Numbe_020fef'

2023-02-15 23:13:04 - [TEST_STEP][PASSED] - setText(findTestObject("Object Repository/RecAndPlayBk/Page-Vlink-Debit/input_concat(CheckWriter, , s License State_21e3e7"), ""): Text '' is set on object 'Object Repository/RecAndPlayBk/Page-Vlink-Debit/input_concat(CheckWriter, , s License State_21e3e7'

2023-02-15 23:13:05 - [MESSAGE][PASSED] - Text '' is set on object 'Object Repository/RecAndPlayBk/Page-Vlink-Debit/input_concat(CheckWriter, , s License State_21e3e7'

2023-02-15 23:13:05 - [TEST_STEP][PASSED] - setText(findTestObject("RecAndPlayBk/Page-Vlink-Debit/input_Standard Entry Class"), sec): Text 'WEB' is set on object 'Object Repository/RecAndPlayBk/Page-Vlink-Debit/input_Standard Entry Class'

2023-02-15 23:13:05 - [MESSAGE][PASSED] - Text 'WEB' is set on object 'Object Repository/RecAndPlayBk/Page-Vlink-Debit/input_Standard Entry Class'

2023-02-15 23:13:05 - [TEST_STEP][PASSED] - click(findTestObject("Object Repository/RecAndPlayBk/Page-Vlink-Debit/input")): Object: 'Object Repository/RecAndPlayBk/Page-Vlink-Debit/input' is clicked on

2023-02-15 23:13:06 - [MESSAGE][PASSED] - Object: 'Object Repository/RecAndPlayBk/Page-Vlink-Debit/input' is clicked on

2023-02-15 23:13:06 - [TEST_STEP][PASSED] - if (verifyTextPresent(errorMsg, true)): null

2023-02-15 23:13:06 - [MESSAGE][PASSED] - Text 'routing_number' is present on page  using regular expression

2023-02-15 23:13:06 - [TEST_STEP][PASSED] - println("Error Message is present on the Confirmation page"): null

2023-02-15 23:13:06 - [TEST_STEP][PASSED] - out.println("Pass Record Number: " + row): null

2023-02-15 23:13:06 - [TEST_STEP][PASSED] - resText = "Pass": null

2023-02-15 23:13:06 - [TEST_STEP][PASSED] - pages.WriteExcel.demoKey(resText, datText, resColumn, datCloumn, fileLoc, nameSheet, row): pages.WriteExcel.demoKey is PASSED

2023-02-15 23:13:06 - [MESSAGE][PASSED] - pages.WriteExcel.demoKey is PASSED

2023-02-15 23:13:06 - [TEST_STEP][PASSED] - ExecuteTC = findTestData(dataFile).getValue("Execute", row): null

2023-02-15 23:13:07 - [TEST_STEP][PASSED] - out.println("Value of Execute is : " + ExecuteTC): null

2023-02-15 23:13:07 - [TEST_STEP][PASSED] - if (ExecuteTC.equalsIgnoreCase("Y")): null

2023-02-15 23:13:07 - [TEST_STEP][PASSED] - out.println("Begin Record Number: " + row): null

2023-02-15 23:13:07 - [TEST_STEP][PASSED] - today = new java.util.Date(): null

2023-02-15 23:13:07 - [TEST_STEP][PASSED] - println(today): null

2023-02-15 23:13:07 - [TEST_STEP][PASSED] - datText = today: null

2023-02-15 23:13:07 - [TEST_STEP][PASSED] - appID = findTestData(dataFile).getValue("AppID", row): null

2023-02-15 23:13:07 - [TEST_STEP][PASSED] - username = findTestData(dataFile).getValue("Username", row): null

2023-02-15 23:13:07 - [TEST_STEP][PASSED] - password = findTestData(dataFile).getValue("Password", row): null

2023-02-15 23:13:07 - [TEST_STEP][PASSED] - errorMsg = findTestData(dataFile).getValue("ErrorMsg", row): null

2023-02-15 23:13:07 - [TEST_STEP][PASSED] - tranType = findTestData(dataFile).getValue("TranType", row): null

2023-02-15 23:13:07 - [TEST_STEP][PASSED] - mv = findTestData(dataFile).getValue("MV", row): null

2023-02-15 23:13:07 - [TEST_STEP][PASSED] - resFormat = findTestData(dataFile).getValue("ResFormat", row): null

2023-02-15 23:13:07 - [TEST_STEP][PASSED] - fName = findTestData(dataFile).getValue("Fname", row): null

2023-02-15 23:13:07 - [TEST_STEP][PASSED] - lName = findTestData(dataFile).getValue("Lname", row): null

2023-02-15 23:13:07 - [TEST_STEP][PASSED] - al1 = findTestData(dataFile).getValue("AL1", row): null

2023-02-15 23:13:07 - [TEST_STEP][PASSED] - city = findTestData(dataFile).getValue("City", row): null

2023-02-15 23:13:07 - [TEST_STEP][PASSED] - state = findTestData(dataFile).getValue("State", row): null

2023-02-15 23:13:07 - [TEST_STEP][PASSED] - zip = findTestData(dataFile).getValue("ZIP", row): null

2023-02-15 23:13:07 - [TEST_STEP][PASSED] - checkType = findTestData(dataFile).getValue("CheckType", row): null

2023-02-15 23:13:07 - [TEST_STEP][PASSED] - acNumber = findTestData(dataFile).getValue("AcNumber", row): null

2023-02-15 23:13:07 - [TEST_STEP][PASSED] - company = findTestData(dataFile).getValue("Company", row): null

2023-02-15 23:13:07 - [TEST_STEP][PASSED] - acType = findTestData(dataFile).getValue("AcType", row): null

2023-02-15 23:13:08 - [TEST_STEP][PASSED] - rtn = findTestData(dataFile).getValue("RTN", row): null

2023-02-15 23:13:08 - [TEST_STEP][PASSED] - amount = findTestData(dataFile).getValue("Amount", row): null

2023-02-15 23:13:08 - [TEST_STEP][PASSED] - sec = findTestData(dataFile).getValue("SEC", row): null

2023-02-15 23:13:08 - [TEST_STEP][PASSED] - openBrowser(VLinkURL + "debit.html"): Browser is opened with url: 'https://dev-algorithm.govolution.com/vlinktest/QA/version_2_0/debit.html'

2023-02-15 23:13:08 - [MESSAGE][WARNING] - A browser is already opened. Closing browser and opening a new one

2023-02-15 23:13:09 - [MESSAGE][INFO] - Starting 'Chrome' driver

2023-02-15 23:13:09 - [MESSAGE][INFO] - User set preference: ['acceptInsecureCerts', 'true']

2023-02-15 23:13:09 - [MESSAGE][INFO] - Action delay is set to 0 milliseconds

2023-02-15 23:13:10 - [MESSAGE][PASSED] - Browser is opened with url: 'https://dev-algorithm.govolution.com/vlinktest/QA/version_2_0/debit.html'

2023-02-15 23:13:10 - [TEST_STEP][PASSED] - maximizeWindow(): Current window maximized

2023-02-15 23:13:11 - [MESSAGE][PASSED] - Current window maximized

2023-02-15 23:13:11 - [TEST_STEP][PASSED] - setText(findTestObject("Object Repository/RecAndPlayBk/Page-Vlink-Debit/input_Transaction Type"), tranType): Text '200' is set on object 'Object Repository/RecAndPlayBk/Page-Vlink-Debit/input_Transaction Type'

2023-02-15 23:13:11 - [MESSAGE][PASSED] - Text '200' is set on object 'Object Repository/RecAndPlayBk/Page-Vlink-Debit/input_Transaction Type'

2023-02-15 23:13:11 - [TEST_STEP][PASSED] - setText(findTestObject("Object Repository/RecAndPlayBk/Page-Vlink-Debit/input_Message Version"), mv): Text '2.0A' is set on object 'Object Repository/RecAndPlayBk/Page-Vlink-Debit/input_Message Version'

2023-02-15 23:13:12 - [MESSAGE][PASSED] - Text '2.0A' is set on object 'Object Repository/RecAndPlayBk/Page-Vlink-Debit/input_Message Version'

2023-02-15 23:13:12 - [TEST_STEP][PASSED] - genRemID = RandomStringUtils.random(12, true, true): null

2023-02-15 23:13:12 - [TEST_STEP][PASSED] - setText(findTestObject("RecAndPlayBk/Page-Vlink-Debit/input_Remittance Id"), genRemID): Text 'JEGi2vM5gGC8' is set on object 'Object Repository/RecAndPlayBk/Page-Vlink-Debit/input_Remittance Id'

2023-02-15 23:13:13 - [MESSAGE][PASSED] - Text 'JEGi2vM5gGC8' is set on object 'Object Repository/RecAndPlayBk/Page-Vlink-Debit/input_Remittance Id'

2023-02-15 23:13:13 - [TEST_STEP][PASSED] - setText(findTestObject("RecAndPlayBk/Page-Vlink-Debit/input_Application Id"), appID): Text '234' is set on object 'Object Repository/RecAndPlayBk/Page-Vlink-Debit/input_Application Id'

2023-02-15 23:13:13 - [MESSAGE][PASSED] - Text '234' is set on object 'Object Repository/RecAndPlayBk/Page-Vlink-Debit/input_Application Id'

2023-02-15 23:13:13 - [TEST_STEP][PASSED] - setText(findTestObject("RecAndPlayBk/Page-Vlink-Debit/input_Username"), username): Text 'username' is set on object 'Object Repository/RecAndPlayBk/Page-Vlink-Debit/input_Username'

2023-02-15 23:13:14 - [MESSAGE][PASSED] - Text 'username' is set on object 'Object Repository/RecAndPlayBk/Page-Vlink-Debit/input_Username'

2023-02-15 23:13:14 - [TEST_STEP][PASSED] - setText(findTestObject("RecAndPlayBk/Page-Vlink-Debit/input_Password"), password): Text 'password' is set on object 'Object Repository/RecAndPlayBk/Page-Vlink-Debit/input_Password'

2023-02-15 23:13:15 - [MESSAGE][PASSED] - Text 'password' is set on object 'Object Repository/RecAndPlayBk/Page-Vlink-Debit/input_Password'

2023-02-15 23:13:15 - [TEST_STEP][PASSED] - setText(findTestObject("Object Repository/RecAndPlayBk/Page-Vlink-Debit/input_Response Format"), resFormat): Text 'fixed_width' is set on object 'Object Repository/RecAndPlayBk/Page-Vlink-Debit/input_Response Format'

2023-02-15 23:13:15 - [MESSAGE][PASSED] - Text 'fixed_width' is set on object 'Object Repository/RecAndPlayBk/Page-Vlink-Debit/input_Response Format'

2023-02-15 23:13:15 - [TEST_STEP][PASSED] - setText(findTestObject("RecAndPlayBk/Page-Vlink-Debit/input_Check Type"), checkType): Text 'P' is set on object 'Object Repository/RecAndPlayBk/Page-Vlink-Debit/input_Check Type'

2023-02-15 23:13:16 - [MESSAGE][PASSED] - Text 'P' is set on object 'Object Repository/RecAndPlayBk/Page-Vlink-Debit/input_Check Type'

2023-02-15 23:13:16 - [TEST_STEP][PASSED] - setText(findTestObject("Object Repository/RecAndPlayBk/Page-Vlink-Debit/input_First Name"), fName): Text 'Andy' is set on object 'Object Repository/RecAndPlayBk/Page-Vlink-Debit/input_First Name'

2023-02-15 23:13:16 - [MESSAGE][PASSED] - Text 'Andy' is set on object 'Object Repository/RecAndPlayBk/Page-Vlink-Debit/input_First Name'

2023-02-15 23:13:16 - [TEST_STEP][PASSED] - setText(findTestObject("Object Repository/RecAndPlayBk/Page-Vlink-Debit/input_Last Name"), lName): Text 'Roberts' is set on object 'Object Repository/RecAndPlayBk/Page-Vlink-Debit/input_Last Name'

2023-02-15 23:13:17 - [MESSAGE][PASSED] - Text 'Roberts' is set on object 'Object Repository/RecAndPlayBk/Page-Vlink-Debit/input_Last Name'

2023-02-15 23:13:17 - [TEST_STEP][PASSED] - setText(findTestObject("Object Repository/RecAndPlayBk/Page-Vlink-Debit/input_Address"), al1): Text '145 Main Street' is set on object 'Object Repository/RecAndPlayBk/Page-Vlink-Debit/input_Address'

2023-02-15 23:13:18 - [MESSAGE][PASSED] - Text '145 Main Street' is set on object 'Object Repository/RecAndPlayBk/Page-Vlink-Debit/input_Address'

2023-02-15 23:13:18 - [TEST_STEP][PASSED] - setText(findTestObject("Object Repository/RecAndPlayBk/Page-Vlink-Debit/input_City"), city): Text 'Arlington' is set on object 'Object Repository/RecAndPlayBk/Page-Vlink-Debit/input_City'

2023-02-15 23:13:18 - [MESSAGE][PASSED] - Text 'Arlington' is set on object 'Object Repository/RecAndPlayBk/Page-Vlink-Debit/input_City'

2023-02-15 23:13:18 - [TEST_STEP][PASSED] - setText(findTestObject("Object Repository/RecAndPlayBk/Page-Vlink-Debit/input_State"), state): Text 'VA' is set on object 'Object Repository/RecAndPlayBk/Page-Vlink-Debit/input_State'

2023-02-15 23:13:19 - [MESSAGE][PASSED] - Text 'VA' is set on object 'Object Repository/RecAndPlayBk/Page-Vlink-Debit/input_State'

2023-02-15 23:13:19 - [TEST_STEP][PASSED] - setText(findTestObject("Object Repository/RecAndPlayBk/Page-Vlink-Debit/input_Zip"), zip): Text '22201' is set on object 'Object Repository/RecAndPlayBk/Page-Vlink-Debit/input_Zip'

2023-02-15 23:13:20 - [MESSAGE][PASSED] - Text '22201' is set on object 'Object Repository/RecAndPlayBk/Page-Vlink-Debit/input_Zip'

2023-02-15 23:13:20 - [TEST_STEP][PASSED] - setText(findTestObject("RecAndPlayBk/Page-Vlink-Debit/input_Account_check"), acNumber): Text '58963214' is set on object 'Object Repository/RecAndPlayBk/Page-Vlink-Debit/input_Account_check'

2023-02-15 23:13:20 - [MESSAGE][PASSED] - Text '58963214' is set on object 'Object Repository/RecAndPlayBk/Page-Vlink-Debit/input_Account_check'

2023-02-15 23:13:20 - [TEST_STEP][PASSED] - setText(findTestObject("RecAndPlayBk/Page-Vlink-Debit/input_Company_check"), company): Text '' is set on object 'Object Repository/RecAndPlayBk/Page-Vlink-Debit/input_Company_check'

2023-02-15 23:13:21 - [MESSAGE][PASSED] - Text '' is set on object 'Object Repository/RecAndPlayBk/Page-Vlink-Debit/input_Company_check'

2023-02-15 23:13:21 - [TEST_STEP][PASSED] - setText(findTestObject("RecAndPlayBk/Page-Vlink-Debit/input_Account Type"), acType): Text '1' is set on object 'Object Repository/RecAndPlayBk/Page-Vlink-Debit/input_Account Type'

2023-02-15 23:13:22 - [MESSAGE][PASSED] - Text '1' is set on object 'Object Repository/RecAndPlayBk/Page-Vlink-Debit/input_Account Type'

2023-02-15 23:13:22 - [TEST_STEP][PASSED] - setText(findTestObject("RecAndPlayBk/Page-Vlink-Debit/input_Routing Number"), rtn): Text '256072691' is set on object 'Object Repository/RecAndPlayBk/Page-Vlink-Debit/input_Routing Number'

2023-02-15 23:13:22 - [MESSAGE][PASSED] - Text '256072691' is set on object 'Object Repository/RecAndPlayBk/Page-Vlink-Debit/input_Routing Number'

2023-02-15 23:13:22 - [TEST_STEP][PASSED] - setText(findTestObject("RecAndPlayBk/Page-Vlink-Debit/input_Amount"), amount): Text '' is set on object 'Object Repository/RecAndPlayBk/Page-Vlink-Debit/input_Amount'

2023-02-15 23:13:23 - [MESSAGE][PASSED] - Text '' is set on object 'Object Repository/RecAndPlayBk/Page-Vlink-Debit/input_Amount'

2023-02-15 23:13:23 - [TEST_STEP][PASSED] - setText(findTestObject("RecAndPlayBk/Page-Vlink-Debit/input_Check Email"), ""): Text '' is set on object 'Object Repository/RecAndPlayBk/Page-Vlink-Debit/input_Check Email'

2023-02-15 23:13:24 - [MESSAGE][PASSED] - Text '' is set on object 'Object Repository/RecAndPlayBk/Page-Vlink-Debit/input_Check Email'

2023-02-15 23:13:24 - [TEST_STEP][PASSED] - setText(findTestObject("Object Repository/RecAndPlayBk/Page-Vlink-Debit/input_concat(CheckWriter, , s SSN)_check_ssn"), ""): Text '' is set on object 'Object Repository/RecAndPlayBk/Page-Vlink-Debit/input_concat(CheckWriter, , s SSN)_check_ssn'

2023-02-15 23:13:24 - [MESSAGE][PASSED] - Text '' is set on object 'Object Repository/RecAndPlayBk/Page-Vlink-Debit/input_concat(CheckWriter, , s SSN)_check_ssn'

2023-02-15 23:13:24 - [TEST_STEP][PASSED] - setText(findTestObject("Object Repository/RecAndPlayBk/Page-Vlink-Debit/input_concat(CheckWriter, , s License Numbe_020fef"), ""): Text '' is set on object 'Object Repository/RecAndPlayBk/Page-Vlink-Debit/input_concat(CheckWriter, , s License Numbe_020fef'

2023-02-15 23:13:25 - [MESSAGE][PASSED] - Text '' is set on object 'Object Repository/RecAndPlayBk/Page-Vlink-Debit/input_concat(CheckWriter, , s License Numbe_020fef'

2023-02-15 23:13:25 - [TEST_STEP][PASSED] - setText(findTestObject("Object Repository/RecAndPlayBk/Page-Vlink-Debit/input_concat(CheckWriter, , s License State_21e3e7"), ""): Text '' is set on object 'Object Repository/RecAndPlayBk/Page-Vlink-Debit/input_concat(CheckWriter, , s License State_21e3e7'

2023-02-15 23:13:26 - [MESSAGE][PASSED] - Text '' is set on object 'Object Repository/RecAndPlayBk/Page-Vlink-Debit/input_concat(CheckWriter, , s License State_21e3e7'

2023-02-15 23:13:26 - [TEST_STEP][PASSED] - setText(findTestObject("RecAndPlayBk/Page-Vlink-Debit/input_Standard Entry Class"), sec): Text 'WEB' is set on object 'Object Repository/RecAndPlayBk/Page-Vlink-Debit/input_Standard Entry Class'

2023-02-15 23:13:26 - [MESSAGE][PASSED] - Text 'WEB' is set on object 'Object Repository/RecAndPlayBk/Page-Vlink-Debit/input_Standard Entry Class'

2023-02-15 23:13:26 - [TEST_STEP][PASSED] - click(findTestObject("Object Repository/RecAndPlayBk/Page-Vlink-Debit/input")): Object: 'Object Repository/RecAndPlayBk/Page-Vlink-Debit/input' is clicked on

2023-02-15 23:13:27 - [MESSAGE][PASSED] - Object: 'Object Repository/RecAndPlayBk/Page-Vlink-Debit/input' is clicked on

2023-02-15 23:13:27 - [TEST_STEP][PASSED] - if (verifyTextPresent(errorMsg, true)): null

2023-02-15 23:13:27 - [MESSAGE][PASSED] - Text 'amount' is present on page  using regular expression

2023-02-15 23:13:27 - [TEST_STEP][PASSED] - println("Error Message is present on the Confirmation page"): null

2023-02-15 23:13:27 - [TEST_STEP][PASSED] - out.println("Pass Record Number: " + row): null

2023-02-15 23:13:27 - [TEST_STEP][PASSED] - resText = "Pass": null

2023-02-15 23:13:27 - [TEST_STEP][PASSED] - pages.WriteExcel.demoKey(resText, datText, resColumn, datCloumn, fileLoc, nameSheet, row): pages.WriteExcel.demoKey is PASSED

2023-02-15 23:13:27 - [MESSAGE][PASSED] - pages.WriteExcel.demoKey is PASSED

2023-02-15 23:13:27 - [TEST_STEP][PASSED] - ExecuteTC = findTestData(dataFile).getValue("Execute", row): null

2023-02-15 23:13:27 - [TEST_STEP][PASSED] - out.println("Value of Execute is : " + ExecuteTC): null

2023-02-15 23:13:27 - [TEST_STEP][PASSED] - if (ExecuteTC.equalsIgnoreCase("Y")): null

2023-02-15 23:13:27 - [TEST_STEP][PASSED] - out.println("Begin Record Number: " + row): null

2023-02-15 23:13:27 - [TEST_STEP][PASSED] - today = new java.util.Date(): null

2023-02-15 23:13:27 - [TEST_STEP][PASSED] - println(today): null

2023-02-15 23:13:27 - [TEST_STEP][PASSED] - datText = today: null

2023-02-15 23:13:27 - [TEST_STEP][PASSED] - appID = findTestData(dataFile).getValue("AppID", row): null

2023-02-15 23:13:27 - [TEST_STEP][PASSED] - username = findTestData(dataFile).getValue("Username", row): null

2023-02-15 23:13:28 - [TEST_STEP][PASSED] - password = findTestData(dataFile).getValue("Password", row): null

2023-02-15 23:13:28 - [TEST_STEP][PASSED] - errorMsg = findTestData(dataFile).getValue("ErrorMsg", row): null

2023-02-15 23:13:28 - [TEST_STEP][PASSED] - tranType = findTestData(dataFile).getValue("TranType", row): null

2023-02-15 23:13:28 - [TEST_STEP][PASSED] - mv = findTestData(dataFile).getValue("MV", row): null

2023-02-15 23:13:28 - [TEST_STEP][PASSED] - resFormat = findTestData(dataFile).getValue("ResFormat", row): null

2023-02-15 23:13:28 - [TEST_STEP][PASSED] - fName = findTestData(dataFile).getValue("Fname", row): null

2023-02-15 23:13:28 - [TEST_STEP][PASSED] - lName = findTestData(dataFile).getValue("Lname", row): null

2023-02-15 23:13:28 - [TEST_STEP][PASSED] - al1 = findTestData(dataFile).getValue("AL1", row): null

2023-02-15 23:13:28 - [TEST_STEP][PASSED] - city = findTestData(dataFile).getValue("City", row): null

2023-02-15 23:13:28 - [TEST_STEP][PASSED] - state = findTestData(dataFile).getValue("State", row): null

2023-02-15 23:13:28 - [TEST_STEP][PASSED] - zip = findTestData(dataFile).getValue("ZIP", row): null

2023-02-15 23:13:28 - [TEST_STEP][PASSED] - checkType = findTestData(dataFile).getValue("CheckType", row): null

2023-02-15 23:13:28 - [TEST_STEP][PASSED] - acNumber = findTestData(dataFile).getValue("AcNumber", row): null

2023-02-15 23:13:28 - [TEST_STEP][PASSED] - company = findTestData(dataFile).getValue("Company", row): null

2023-02-15 23:13:28 - [TEST_STEP][PASSED] - acType = findTestData(dataFile).getValue("AcType", row): null

2023-02-15 23:13:28 - [TEST_STEP][PASSED] - rtn = findTestData(dataFile).getValue("RTN", row): null

2023-02-15 23:13:29 - [TEST_STEP][PASSED] - amount = findTestData(dataFile).getValue("Amount", row): null

2023-02-15 23:13:29 - [TEST_STEP][PASSED] - sec = findTestData(dataFile).getValue("SEC", row): null

2023-02-15 23:13:29 - [TEST_STEP][PASSED] - openBrowser(VLinkURL + "debit.html"): Browser is opened with url: 'https://dev-algorithm.govolution.com/vlinktest/QA/version_2_0/debit.html'

2023-02-15 23:13:29 - [MESSAGE][WARNING] - A browser is already opened. Closing browser and opening a new one

2023-02-15 23:13:30 - [MESSAGE][INFO] - Starting 'Chrome' driver

2023-02-15 23:13:30 - [MESSAGE][INFO] - User set preference: ['acceptInsecureCerts', 'true']

2023-02-15 23:13:30 - [MESSAGE][INFO] - Action delay is set to 0 milliseconds

2023-02-15 23:13:31 - [MESSAGE][PASSED] - Browser is opened with url: 'https://dev-algorithm.govolution.com/vlinktest/QA/version_2_0/debit.html'

2023-02-15 23:13:31 - [TEST_STEP][PASSED] - maximizeWindow(): Current window maximized

2023-02-15 23:13:32 - [MESSAGE][PASSED] - Current window maximized

2023-02-15 23:13:32 - [TEST_STEP][PASSED] - setText(findTestObject("Object Repository/RecAndPlayBk/Page-Vlink-Debit/input_Transaction Type"), tranType): Text '200' is set on object 'Object Repository/RecAndPlayBk/Page-Vlink-Debit/input_Transaction Type'

2023-02-15 23:13:32 - [MESSAGE][PASSED] - Text '200' is set on object 'Object Repository/RecAndPlayBk/Page-Vlink-Debit/input_Transaction Type'

2023-02-15 23:13:32 - [TEST_STEP][PASSED] - setText(findTestObject("Object Repository/RecAndPlayBk/Page-Vlink-Debit/input_Message Version"), mv): Text '2.0A' is set on object 'Object Repository/RecAndPlayBk/Page-Vlink-Debit/input_Message Version'

2023-02-15 23:13:33 - [MESSAGE][PASSED] - Text '2.0A' is set on object 'Object Repository/RecAndPlayBk/Page-Vlink-Debit/input_Message Version'

2023-02-15 23:13:33 - [TEST_STEP][PASSED] - genRemID = RandomStringUtils.random(12, true, true): null

2023-02-15 23:13:33 - [TEST_STEP][PASSED] - setText(findTestObject("RecAndPlayBk/Page-Vlink-Debit/input_Remittance Id"), genRemID): Text 'CWJaMDwYO5RC' is set on object 'Object Repository/RecAndPlayBk/Page-Vlink-Debit/input_Remittance Id'

2023-02-15 23:13:34 - [MESSAGE][PASSED] - Text 'CWJaMDwYO5RC' is set on object 'Object Repository/RecAndPlayBk/Page-Vlink-Debit/input_Remittance Id'

2023-02-15 23:13:34 - [TEST_STEP][PASSED] - setText(findTestObject("RecAndPlayBk/Page-Vlink-Debit/input_Application Id"), appID): Text '234' is set on object 'Object Repository/RecAndPlayBk/Page-Vlink-Debit/input_Application Id'

2023-02-15 23:13:34 - [MESSAGE][PASSED] - Text '234' is set on object 'Object Repository/RecAndPlayBk/Page-Vlink-Debit/input_Application Id'

2023-02-15 23:13:34 - [TEST_STEP][PASSED] - setText(findTestObject("RecAndPlayBk/Page-Vlink-Debit/input_Username"), username): Text 'username' is set on object 'Object Repository/RecAndPlayBk/Page-Vlink-Debit/input_Username'

2023-02-15 23:13:35 - [MESSAGE][PASSED] - Text 'username' is set on object 'Object Repository/RecAndPlayBk/Page-Vlink-Debit/input_Username'

2023-02-15 23:13:35 - [TEST_STEP][PASSED] - setText(findTestObject("RecAndPlayBk/Page-Vlink-Debit/input_Password"), password): Text 'password' is set on object 'Object Repository/RecAndPlayBk/Page-Vlink-Debit/input_Password'

2023-02-15 23:13:35 - [MESSAGE][PASSED] - Text 'password' is set on object 'Object Repository/RecAndPlayBk/Page-Vlink-Debit/input_Password'

2023-02-15 23:13:35 - [TEST_STEP][PASSED] - setText(findTestObject("Object Repository/RecAndPlayBk/Page-Vlink-Debit/input_Response Format"), resFormat): Text 'fixed_width' is set on object 'Object Repository/RecAndPlayBk/Page-Vlink-Debit/input_Response Format'

2023-02-15 23:13:36 - [MESSAGE][PASSED] - Text 'fixed_width' is set on object 'Object Repository/RecAndPlayBk/Page-Vlink-Debit/input_Response Format'

2023-02-15 23:13:36 - [TEST_STEP][PASSED] - setText(findTestObject("RecAndPlayBk/Page-Vlink-Debit/input_Check Type"), checkType): Text 'P' is set on object 'Object Repository/RecAndPlayBk/Page-Vlink-Debit/input_Check Type'

2023-02-15 23:13:37 - [MESSAGE][PASSED] - Text 'P' is set on object 'Object Repository/RecAndPlayBk/Page-Vlink-Debit/input_Check Type'

2023-02-15 23:13:37 - [TEST_STEP][PASSED] - setText(findTestObject("Object Repository/RecAndPlayBk/Page-Vlink-Debit/input_First Name"), fName): Text 'Andy' is set on object 'Object Repository/RecAndPlayBk/Page-Vlink-Debit/input_First Name'

2023-02-15 23:13:37 - [MESSAGE][PASSED] - Text 'Andy' is set on object 'Object Repository/RecAndPlayBk/Page-Vlink-Debit/input_First Name'

2023-02-15 23:13:37 - [TEST_STEP][PASSED] - setText(findTestObject("Object Repository/RecAndPlayBk/Page-Vlink-Debit/input_Last Name"), lName): Text 'Roberts' is set on object 'Object Repository/RecAndPlayBk/Page-Vlink-Debit/input_Last Name'

2023-02-15 23:13:38 - [MESSAGE][PASSED] - Text 'Roberts' is set on object 'Object Repository/RecAndPlayBk/Page-Vlink-Debit/input_Last Name'

2023-02-15 23:13:38 - [TEST_STEP][PASSED] - setText(findTestObject("Object Repository/RecAndPlayBk/Page-Vlink-Debit/input_Address"), al1): Text '145 Main Street' is set on object 'Object Repository/RecAndPlayBk/Page-Vlink-Debit/input_Address'

2023-02-15 23:13:39 - [MESSAGE][PASSED] - Text '145 Main Street' is set on object 'Object Repository/RecAndPlayBk/Page-Vlink-Debit/input_Address'

2023-02-15 23:13:39 - [TEST_STEP][PASSED] - setText(findTestObject("Object Repository/RecAndPlayBk/Page-Vlink-Debit/input_City"), city): Text 'Arlington' is set on object 'Object Repository/RecAndPlayBk/Page-Vlink-Debit/input_City'

2023-02-15 23:13:39 - [MESSAGE][PASSED] - Text 'Arlington' is set on object 'Object Repository/RecAndPlayBk/Page-Vlink-Debit/input_City'

2023-02-15 23:13:39 - [TEST_STEP][PASSED] - setText(findTestObject("Object Repository/RecAndPlayBk/Page-Vlink-Debit/input_State"), state): Text 'VA' is set on object 'Object Repository/RecAndPlayBk/Page-Vlink-Debit/input_State'

2023-02-15 23:13:40 - [MESSAGE][PASSED] - Text 'VA' is set on object 'Object Repository/RecAndPlayBk/Page-Vlink-Debit/input_State'

2023-02-15 23:13:40 - [TEST_STEP][PASSED] - setText(findTestObject("Object Repository/RecAndPlayBk/Page-Vlink-Debit/input_Zip"), zip): Text '22201' is set on object 'Object Repository/RecAndPlayBk/Page-Vlink-Debit/input_Zip'

2023-02-15 23:13:41 - [MESSAGE][PASSED] - Text '22201' is set on object 'Object Repository/RecAndPlayBk/Page-Vlink-Debit/input_Zip'

2023-02-15 23:13:41 - [TEST_STEP][PASSED] - setText(findTestObject("RecAndPlayBk/Page-Vlink-Debit/input_Account_check"), acNumber): Text '58963214' is set on object 'Object Repository/RecAndPlayBk/Page-Vlink-Debit/input_Account_check'

2023-02-15 23:13:41 - [MESSAGE][PASSED] - Text '58963214' is set on object 'Object Repository/RecAndPlayBk/Page-Vlink-Debit/input_Account_check'

2023-02-15 23:13:41 - [TEST_STEP][PASSED] - setText(findTestObject("RecAndPlayBk/Page-Vlink-Debit/input_Company_check"), company): Text '' is set on object 'Object Repository/RecAndPlayBk/Page-Vlink-Debit/input_Company_check'

2023-02-15 23:13:42 - [MESSAGE][PASSED] - Text '' is set on object 'Object Repository/RecAndPlayBk/Page-Vlink-Debit/input_Company_check'

2023-02-15 23:13:42 - [TEST_STEP][PASSED] - setText(findTestObject("RecAndPlayBk/Page-Vlink-Debit/input_Account Type"), acType): Text '1' is set on object 'Object Repository/RecAndPlayBk/Page-Vlink-Debit/input_Account Type'

2023-02-15 23:13:43 - [MESSAGE][PASSED] - Text '1' is set on object 'Object Repository/RecAndPlayBk/Page-Vlink-Debit/input_Account Type'

2023-02-15 23:13:43 - [TEST_STEP][PASSED] - setText(findTestObject("RecAndPlayBk/Page-Vlink-Debit/input_Routing Number"), rtn): Text '256072691' is set on object 'Object Repository/RecAndPlayBk/Page-Vlink-Debit/input_Routing Number'

2023-02-15 23:13:43 - [MESSAGE][PASSED] - Text '256072691' is set on object 'Object Repository/RecAndPlayBk/Page-Vlink-Debit/input_Routing Number'

2023-02-15 23:13:43 - [TEST_STEP][PASSED] - setText(findTestObject("RecAndPlayBk/Page-Vlink-Debit/input_Amount"), amount): Text '12.50' is set on object 'Object Repository/RecAndPlayBk/Page-Vlink-Debit/input_Amount'

2023-02-15 23:13:44 - [MESSAGE][PASSED] - Text '12.50' is set on object 'Object Repository/RecAndPlayBk/Page-Vlink-Debit/input_Amount'

2023-02-15 23:13:44 - [TEST_STEP][PASSED] - setText(findTestObject("RecAndPlayBk/Page-Vlink-Debit/input_Check Email"), ""): Text '' is set on object 'Object Repository/RecAndPlayBk/Page-Vlink-Debit/input_Check Email'

2023-02-15 23:13:45 - [MESSAGE][PASSED] - Text '' is set on object 'Object Repository/RecAndPlayBk/Page-Vlink-Debit/input_Check Email'

2023-02-15 23:13:45 - [TEST_STEP][PASSED] - setText(findTestObject("Object Repository/RecAndPlayBk/Page-Vlink-Debit/input_concat(CheckWriter, , s SSN)_check_ssn"), ""): Text '' is set on object 'Object Repository/RecAndPlayBk/Page-Vlink-Debit/input_concat(CheckWriter, , s SSN)_check_ssn'

2023-02-15 23:13:45 - [MESSAGE][PASSED] - Text '' is set on object 'Object Repository/RecAndPlayBk/Page-Vlink-Debit/input_concat(CheckWriter, , s SSN)_check_ssn'

2023-02-15 23:13:45 - [TEST_STEP][PASSED] - setText(findTestObject("Object Repository/RecAndPlayBk/Page-Vlink-Debit/input_concat(CheckWriter, , s License Numbe_020fef"), ""): Text '' is set on object 'Object Repository/RecAndPlayBk/Page-Vlink-Debit/input_concat(CheckWriter, , s License Numbe_020fef'

2023-02-15 23:13:46 - [MESSAGE][PASSED] - Text '' is set on object 'Object Repository/RecAndPlayBk/Page-Vlink-Debit/input_concat(CheckWriter, , s License Numbe_020fef'

2023-02-15 23:13:46 - [TEST_STEP][PASSED] - setText(findTestObject("Object Repository/RecAndPlayBk/Page-Vlink-Debit/input_concat(CheckWriter, , s License State_21e3e7"), ""): Text '' is set on object 'Object Repository/RecAndPlayBk/Page-Vlink-Debit/input_concat(CheckWriter, , s License State_21e3e7'

2023-02-15 23:13:47 - [MESSAGE][PASSED] - Text '' is set on object 'Object Repository/RecAndPlayBk/Page-Vlink-Debit/input_concat(CheckWriter, , s License State_21e3e7'

2023-02-15 23:13:47 - [TEST_STEP][PASSED] - setText(findTestObject("RecAndPlayBk/Page-Vlink-Debit/input_Standard Entry Class"), sec): Text '' is set on object 'Object Repository/RecAndPlayBk/Page-Vlink-Debit/input_Standard Entry Class'

2023-02-15 23:13:47 - [MESSAGE][PASSED] - Text '' is set on object 'Object Repository/RecAndPlayBk/Page-Vlink-Debit/input_Standard Entry Class'

2023-02-15 23:13:47 - [TEST_STEP][PASSED] - click(findTestObject("Object Repository/RecAndPlayBk/Page-Vlink-Debit/input")): Object: 'Object Repository/RecAndPlayBk/Page-Vlink-Debit/input' is clicked on

2023-02-15 23:13:48 - [MESSAGE][PASSED] - Object: 'Object Repository/RecAndPlayBk/Page-Vlink-Debit/input' is clicked on

2023-02-15 23:13:48 - [TEST_STEP][PASSED] - if (verifyTextPresent(errorMsg, true)): null

2023-02-15 23:13:48 - [MESSAGE][PASSED] - Text 'standard_entry_class' is present on page  using regular expression

2023-02-15 23:13:48 - [TEST_STEP][PASSED] - println("Error Message is present on the Confirmation page"): null

2023-02-15 23:13:48 - [TEST_STEP][PASSED] - out.println("Pass Record Number: " + row): null

2023-02-15 23:13:48 - [TEST_STEP][PASSED] - resText = "Pass": null

2023-02-15 23:13:48 - [TEST_STEP][PASSED] - pages.WriteExcel.demoKey(resText, datText, resColumn, datCloumn, fileLoc, nameSheet, row): pages.WriteExcel.demoKey is PASSED

2023-02-15 23:13:48 - [MESSAGE][PASSED] - pages.WriteExcel.demoKey is PASSED

2023-02-15 23:13:48 - [TEST_STEP][PASSED] - ExecuteTC = findTestData(dataFile).getValue("Execute", row): null

2023-02-15 23:13:48 - [TEST_STEP][PASSED] - out.println("Value of Execute is : " + ExecuteTC): null

2023-02-15 23:13:48 - [TEST_STEP][PASSED] - if (ExecuteTC.equalsIgnoreCase("Y")): null

2023-02-15 23:13:48 - [TEST_STEP][PASSED] - out.println("Begin Record Number: " + row): null

2023-02-15 23:13:48 - [TEST_STEP][PASSED] - today = new java.util.Date(): null

2023-02-15 23:13:48 - [TEST_STEP][PASSED] - println(today): null

2023-02-15 23:13:48 - [TEST_STEP][PASSED] - datText = today: null

2023-02-15 23:13:48 - [TEST_STEP][PASSED] - appID = findTestData(dataFile).getValue("AppID", row): null

2023-02-15 23:13:48 - [TEST_STEP][PASSED] - username = findTestData(dataFile).getValue("Username", row): null

2023-02-15 23:13:48 - [TEST_STEP][PASSED] - password = findTestData(dataFile).getValue("Password", row): null

2023-02-15 23:13:48 - [TEST_STEP][PASSED] - errorMsg = findTestData(dataFile).getValue("ErrorMsg", row): null

2023-02-15 23:13:49 - [TEST_STEP][PASSED] - tranType = findTestData(dataFile).getValue("TranType", row): null

2023-02-15 23:13:49 - [TEST_STEP][PASSED] - mv = findTestData(dataFile).getValue("MV", row): null

2023-02-15 23:13:49 - [TEST_STEP][PASSED] - resFormat = findTestData(dataFile).getValue("ResFormat", row): null

2023-02-15 23:13:49 - [TEST_STEP][PASSED] - fName = findTestData(dataFile).getValue("Fname", row): null

2023-02-15 23:13:49 - [TEST_STEP][PASSED] - lName = findTestData(dataFile).getValue("Lname", row): null

2023-02-15 23:13:49 - [TEST_STEP][PASSED] - al1 = findTestData(dataFile).getValue("AL1", row): null

2023-02-15 23:13:49 - [TEST_STEP][PASSED] - city = findTestData(dataFile).getValue("City", row): null

2023-02-15 23:13:49 - [TEST_STEP][PASSED] - state = findTestData(dataFile).getValue("State", row): null

2023-02-15 23:13:49 - [TEST_STEP][PASSED] - zip = findTestData(dataFile).getValue("ZIP", row): null

2023-02-15 23:13:49 - [TEST_STEP][PASSED] - checkType = findTestData(dataFile).getValue("CheckType", row): null

2023-02-15 23:13:49 - [TEST_STEP][PASSED] - acNumber = findTestData(dataFile).getValue("AcNumber", row): null

2023-02-15 23:13:49 - [TEST_STEP][PASSED] - company = findTestData(dataFile).getValue("Company", row): null

2023-02-15 23:13:49 - [TEST_STEP][PASSED] - acType = findTestData(dataFile).getValue("AcType", row): null

2023-02-15 23:13:49 - [TEST_STEP][PASSED] - rtn = findTestData(dataFile).getValue("RTN", row): null

2023-02-15 23:13:49 - [TEST_STEP][PASSED] - amount = findTestData(dataFile).getValue("Amount", row): null

2023-02-15 23:13:49 - [TEST_STEP][PASSED] - sec = findTestData(dataFile).getValue("SEC", row): null

2023-02-15 23:13:49 - [TEST_STEP][PASSED] - openBrowser(VLinkURL + "debit.html"): Browser is opened with url: 'https://dev-algorithm.govolution.com/vlinktest/QA/version_2_0/debit.html'

2023-02-15 23:13:49 - [MESSAGE][WARNING] - A browser is already opened. Closing browser and opening a new one

2023-02-15 23:13:50 - [MESSAGE][INFO] - Starting 'Chrome' driver

2023-02-15 23:13:50 - [MESSAGE][INFO] - User set preference: ['acceptInsecureCerts', 'true']

2023-02-15 23:13:50 - [MESSAGE][INFO] - Action delay is set to 0 milliseconds

2023-02-15 23:13:52 - [MESSAGE][PASSED] - Browser is opened with url: 'https://dev-algorithm.govolution.com/vlinktest/QA/version_2_0/debit.html'

2023-02-15 23:13:52 - [TEST_STEP][PASSED] - maximizeWindow(): Current window maximized

2023-02-15 23:13:53 - [MESSAGE][PASSED] - Current window maximized

2023-02-15 23:13:53 - [TEST_STEP][PASSED] - setText(findTestObject("Object Repository/RecAndPlayBk/Page-Vlink-Debit/input_Transaction Type"), tranType): Text '200' is set on object 'Object Repository/RecAndPlayBk/Page-Vlink-Debit/input_Transaction Type'

2023-02-15 23:13:53 - [MESSAGE][PASSED] - Text '200' is set on object 'Object Repository/RecAndPlayBk/Page-Vlink-Debit/input_Transaction Type'

2023-02-15 23:13:53 - [TEST_STEP][PASSED] - setText(findTestObject("Object Repository/RecAndPlayBk/Page-Vlink-Debit/input_Message Version"), mv): Text '2.0A' is set on object 'Object Repository/RecAndPlayBk/Page-Vlink-Debit/input_Message Version'

2023-02-15 23:13:54 - [MESSAGE][PASSED] - Text '2.0A' is set on object 'Object Repository/RecAndPlayBk/Page-Vlink-Debit/input_Message Version'

2023-02-15 23:13:54 - [TEST_STEP][PASSED] - genRemID = RandomStringUtils.random(12, true, true): null

2023-02-15 23:13:54 - [TEST_STEP][PASSED] - setText(findTestObject("RecAndPlayBk/Page-Vlink-Debit/input_Remittance Id"), genRemID): Text 'YIB6O88PSydT' is set on object 'Object Repository/RecAndPlayBk/Page-Vlink-Debit/input_Remittance Id'

2023-02-15 23:13:55 - [MESSAGE][PASSED] - Text 'YIB6O88PSydT' is set on object 'Object Repository/RecAndPlayBk/Page-Vlink-Debit/input_Remittance Id'

2023-02-15 23:13:55 - [TEST_STEP][PASSED] - setText(findTestObject("RecAndPlayBk/Page-Vlink-Debit/input_Application Id"), appID): Text '234' is set on object 'Object Repository/RecAndPlayBk/Page-Vlink-Debit/input_Application Id'

2023-02-15 23:13:55 - [MESSAGE][PASSED] - Text '234' is set on object 'Object Repository/RecAndPlayBk/Page-Vlink-Debit/input_Application Id'

2023-02-15 23:13:55 - [TEST_STEP][PASSED] - setText(findTestObject("RecAndPlayBk/Page-Vlink-Debit/input_Username"), username): Text 'username' is set on object 'Object Repository/RecAndPlayBk/Page-Vlink-Debit/input_Username'

2023-02-15 23:13:56 - [MESSAGE][PASSED] - Text 'username' is set on object 'Object Repository/RecAndPlayBk/Page-Vlink-Debit/input_Username'

2023-02-15 23:13:56 - [TEST_STEP][PASSED] - setText(findTestObject("RecAndPlayBk/Page-Vlink-Debit/input_Password"), password): Text 'password' is set on object 'Object Repository/RecAndPlayBk/Page-Vlink-Debit/input_Password'

2023-02-15 23:13:56 - [MESSAGE][PASSED] - Text 'password' is set on object 'Object Repository/RecAndPlayBk/Page-Vlink-Debit/input_Password'

2023-02-15 23:13:57 - [TEST_STEP][PASSED] - setText(findTestObject("Object Repository/RecAndPlayBk/Page-Vlink-Debit/input_Response Format"), resFormat): Text 'fixed_width' is set on object 'Object Repository/RecAndPlayBk/Page-Vlink-Debit/input_Response Format'

2023-02-15 23:13:57 - [MESSAGE][PASSED] - Text 'fixed_width' is set on object 'Object Repository/RecAndPlayBk/Page-Vlink-Debit/input_Response Format'

2023-02-15 23:13:57 - [TEST_STEP][PASSED] - setText(findTestObject("RecAndPlayBk/Page-Vlink-Debit/input_Check Type"), checkType): Text 'C' is set on object 'Object Repository/RecAndPlayBk/Page-Vlink-Debit/input_Check Type'

2023-02-15 23:13:58 - [MESSAGE][PASSED] - Text 'C' is set on object 'Object Repository/RecAndPlayBk/Page-Vlink-Debit/input_Check Type'

2023-02-15 23:13:58 - [TEST_STEP][PASSED] - setText(findTestObject("Object Repository/RecAndPlayBk/Page-Vlink-Debit/input_First Name"), fName): Text 'Andy' is set on object 'Object Repository/RecAndPlayBk/Page-Vlink-Debit/input_First Name'

2023-02-15 23:13:58 - [MESSAGE][PASSED] - Text 'Andy' is set on object 'Object Repository/RecAndPlayBk/Page-Vlink-Debit/input_First Name'

2023-02-15 23:13:58 - [TEST_STEP][PASSED] - setText(findTestObject("Object Repository/RecAndPlayBk/Page-Vlink-Debit/input_Last Name"), lName): Text 'Roberts' is set on object 'Object Repository/RecAndPlayBk/Page-Vlink-Debit/input_Last Name'

2023-02-15 23:13:59 - [MESSAGE][PASSED] - Text 'Roberts' is set on object 'Object Repository/RecAndPlayBk/Page-Vlink-Debit/input_Last Name'

2023-02-15 23:13:59 - [TEST_STEP][PASSED] - setText(findTestObject("Object Repository/RecAndPlayBk/Page-Vlink-Debit/input_Address"), al1): Text '145 Main Street' is set on object 'Object Repository/RecAndPlayBk/Page-Vlink-Debit/input_Address'

2023-02-15 23:14:00 - [MESSAGE][PASSED] - Text '145 Main Street' is set on object 'Object Repository/RecAndPlayBk/Page-Vlink-Debit/input_Address'

2023-02-15 23:14:00 - [TEST_STEP][PASSED] - setText(findTestObject("Object Repository/RecAndPlayBk/Page-Vlink-Debit/input_City"), city): Text 'Arlington' is set on object 'Object Repository/RecAndPlayBk/Page-Vlink-Debit/input_City'

2023-02-15 23:14:00 - [MESSAGE][PASSED] - Text 'Arlington' is set on object 'Object Repository/RecAndPlayBk/Page-Vlink-Debit/input_City'

2023-02-15 23:14:00 - [TEST_STEP][PASSED] - setText(findTestObject("Object Repository/RecAndPlayBk/Page-Vlink-Debit/input_State"), state): Text 'VA' is set on object 'Object Repository/RecAndPlayBk/Page-Vlink-Debit/input_State'

2023-02-15 23:14:01 - [MESSAGE][PASSED] - Text 'VA' is set on object 'Object Repository/RecAndPlayBk/Page-Vlink-Debit/input_State'

2023-02-15 23:14:01 - [TEST_STEP][PASSED] - setText(findTestObject("Object Repository/RecAndPlayBk/Page-Vlink-Debit/input_Zip"), zip): Text '22201' is set on object 'Object Repository/RecAndPlayBk/Page-Vlink-Debit/input_Zip'

2023-02-15 23:14:02 - [MESSAGE][PASSED] - Text '22201' is set on object 'Object Repository/RecAndPlayBk/Page-Vlink-Debit/input_Zip'

2023-02-15 23:14:02 - [TEST_STEP][PASSED] - setText(findTestObject("RecAndPlayBk/Page-Vlink-Debit/input_Account_check"), acNumber): Text '58963214' is set on object 'Object Repository/RecAndPlayBk/Page-Vlink-Debit/input_Account_check'

2023-02-15 23:14:02 - [MESSAGE][PASSED] - Text '58963214' is set on object 'Object Repository/RecAndPlayBk/Page-Vlink-Debit/input_Account_check'

2023-02-15 23:14:02 - [TEST_STEP][PASSED] - setText(findTestObject("RecAndPlayBk/Page-Vlink-Debit/input_Company_check"), company): Text '' is set on object 'Object Repository/RecAndPlayBk/Page-Vlink-Debit/input_Company_check'

2023-02-15 23:14:03 - [MESSAGE][PASSED] - Text '' is set on object 'Object Repository/RecAndPlayBk/Page-Vlink-Debit/input_Company_check'

2023-02-15 23:14:03 - [TEST_STEP][PASSED] - setText(findTestObject("RecAndPlayBk/Page-Vlink-Debit/input_Account Type"), acType): Text '' is set on object 'Object Repository/RecAndPlayBk/Page-Vlink-Debit/input_Account Type'

2023-02-15 23:14:04 - [MESSAGE][PASSED] - Text '' is set on object 'Object Repository/RecAndPlayBk/Page-Vlink-Debit/input_Account Type'

2023-02-15 23:14:04 - [TEST_STEP][PASSED] - setText(findTestObject("RecAndPlayBk/Page-Vlink-Debit/input_Routing Number"), rtn): Text '256072691' is set on object 'Object Repository/RecAndPlayBk/Page-Vlink-Debit/input_Routing Number'

2023-02-15 23:14:04 - [MESSAGE][PASSED] - Text '256072691' is set on object 'Object Repository/RecAndPlayBk/Page-Vlink-Debit/input_Routing Number'

2023-02-15 23:14:04 - [TEST_STEP][PASSED] - setText(findTestObject("RecAndPlayBk/Page-Vlink-Debit/input_Amount"), amount): Text '12.50' is set on object 'Object Repository/RecAndPlayBk/Page-Vlink-Debit/input_Amount'

2023-02-15 23:14:05 - [MESSAGE][PASSED] - Text '12.50' is set on object 'Object Repository/RecAndPlayBk/Page-Vlink-Debit/input_Amount'

2023-02-15 23:14:05 - [TEST_STEP][PASSED] - setText(findTestObject("RecAndPlayBk/Page-Vlink-Debit/input_Check Email"), ""): Text '' is set on object 'Object Repository/RecAndPlayBk/Page-Vlink-Debit/input_Check Email'

2023-02-15 23:14:06 - [MESSAGE][PASSED] - Text '' is set on object 'Object Repository/RecAndPlayBk/Page-Vlink-Debit/input_Check Email'

2023-02-15 23:14:06 - [TEST_STEP][PASSED] - setText(findTestObject("Object Repository/RecAndPlayBk/Page-Vlink-Debit/input_concat(CheckWriter, , s SSN)_check_ssn"), ""): Text '' is set on object 'Object Repository/RecAndPlayBk/Page-Vlink-Debit/input_concat(CheckWriter, , s SSN)_check_ssn'

2023-02-15 23:14:06 - [MESSAGE][PASSED] - Text '' is set on object 'Object Repository/RecAndPlayBk/Page-Vlink-Debit/input_concat(CheckWriter, , s SSN)_check_ssn'

2023-02-15 23:14:06 - [TEST_STEP][PASSED] - setText(findTestObject("Object Repository/RecAndPlayBk/Page-Vlink-Debit/input_concat(CheckWriter, , s License Numbe_020fef"), ""): Text '' is set on object 'Object Repository/RecAndPlayBk/Page-Vlink-Debit/input_concat(CheckWriter, , s License Numbe_020fef'

2023-02-15 23:14:07 - [MESSAGE][PASSED] - Text '' is set on object 'Object Repository/RecAndPlayBk/Page-Vlink-Debit/input_concat(CheckWriter, , s License Numbe_020fef'

2023-02-15 23:14:07 - [TEST_STEP][PASSED] - setText(findTestObject("Object Repository/RecAndPlayBk/Page-Vlink-Debit/input_concat(CheckWriter, , s License State_21e3e7"), ""): Text '' is set on object 'Object Repository/RecAndPlayBk/Page-Vlink-Debit/input_concat(CheckWriter, , s License State_21e3e7'

2023-02-15 23:14:08 - [MESSAGE][PASSED] - Text '' is set on object 'Object Repository/RecAndPlayBk/Page-Vlink-Debit/input_concat(CheckWriter, , s License State_21e3e7'

2023-02-15 23:14:08 - [TEST_STEP][PASSED] - setText(findTestObject("RecAndPlayBk/Page-Vlink-Debit/input_Standard Entry Class"), sec): Text 'CCD' is set on object 'Object Repository/RecAndPlayBk/Page-Vlink-Debit/input_Standard Entry Class'

2023-02-15 23:14:08 - [MESSAGE][PASSED] - Text 'CCD' is set on object 'Object Repository/RecAndPlayBk/Page-Vlink-Debit/input_Standard Entry Class'

2023-02-15 23:14:08 - [TEST_STEP][PASSED] - click(findTestObject("Object Repository/RecAndPlayBk/Page-Vlink-Debit/input")): Object: 'Object Repository/RecAndPlayBk/Page-Vlink-Debit/input' is clicked on

2023-02-15 23:14:09 - [MESSAGE][PASSED] - Object: 'Object Repository/RecAndPlayBk/Page-Vlink-Debit/input' is clicked on

2023-02-15 23:14:09 - [TEST_STEP][PASSED] - if (verifyTextPresent(errorMsg, true)): null

2023-02-15 23:14:09 - [MESSAGE][PASSED] - Text 'check_company, check_company' is present on page  using regular expression

2023-02-15 23:14:09 - [TEST_STEP][PASSED] - println("Error Message is present on the Confirmation page"): null

2023-02-15 23:14:09 - [TEST_STEP][PASSED] - out.println("Pass Record Number: " + row): null

2023-02-15 23:14:09 - [TEST_STEP][PASSED] - resText = "Pass": null

2023-02-15 23:14:09 - [TEST_STEP][PASSED] - pages.WriteExcel.demoKey(resText, datText, resColumn, datCloumn, fileLoc, nameSheet, row): pages.WriteExcel.demoKey is PASSED

2023-02-15 23:14:09 - [MESSAGE][PASSED] - pages.WriteExcel.demoKey is PASSED]]></system-out>
         <system-err><![CDATA[]]></system-err>
      </testcase>
      <testcase name="Test Cases/RecAndPlayBk/VLink/ACH-Void-MRF" time="115.223" classname="Test Cases/RecAndPlayBk/VLink/ACH-Void-MRF" status="FAILED">
         <failure type="FAILED" message="Test Cases/RecAndPlayBk/VLink/ACH-Void-MRF FAILED.
Reason:
com.kms.katalon.core.exception.StepFailedException: Text 'check_first_name, check_last_name, check_address, check_city, check_state, che' is not present on page  using regular expression (Root cause: com.kms.katalon.core.exception.StepFailedException: Text 'check_first_name, check_last_name, check_address, check_city, check_state, che' is not present on page  using regular expression
	at com.kms.katalon.core.webui.keyword.internal.WebUIKeywordMain.stepFailed(WebUIKeywordMain.groovy:64)
	at com.kms.katalon.core.webui.keyword.builtin.VerifyTextPresentKeyword$_verifyTextPresent_closure1.doCall(VerifyTextPresentKeyword.groovy:79)
	at com.kms.katalon.core.webui.keyword.builtin.VerifyTextPresentKeyword$_verifyTextPresent_closure1.call(VerifyTextPresentKeyword.groovy)
	at com.kms.katalon.core.webui.keyword.internal.WebUIKeywordMain.runKeyword(WebUIKeywordMain.groovy:20)
	at com.kms.katalon.core.webui.keyword.builtin.VerifyTextPresentKeyword.verifyTextPresent(VerifyTextPresentKeyword.groovy:83)
	at com.kms.katalon.core.webui.keyword.builtin.VerifyTextPresentKeyword.execute(VerifyTextPresentKeyword.groovy:68)
	at com.kms.katalon.core.keyword.internal.KeywordExecutor.executeKeywordForPlatform(KeywordExecutor.groovy:74)
	at com.kms.katalon.core.webui.keyword.WebUiBuiltInKeywords.verifyTextPresent(WebUiBuiltInKeywords.groovy:1723)
	at com.kms.katalon.core.webui.keyword.WebUiBuiltInKeywords$verifyTextPresent$4.call(Unknown Source)
	at ACH-Void-MRF.run(ACH-Void-MRF:105)
	at com.kms.katalon.core.main.ScriptEngine.run(ScriptEngine.java:194)
	at com.kms.katalon.core.main.ScriptEngine.runScriptAsRawText(ScriptEngine.java:119)
	at com.kms.katalon.core.main.TestCaseExecutor.runScript(TestCaseExecutor.java:442)
	at com.kms.katalon.core.main.TestCaseExecutor.doExecute(TestCaseExecutor.java:433)
	at com.kms.katalon.core.main.TestCaseExecutor.processExecutionPhase(TestCaseExecutor.java:412)
	at com.kms.katalon.core.main.TestCaseExecutor.accessMainPhase(TestCaseExecutor.java:404)
	at com.kms.katalon.core.main.TestCaseExecutor.execute(TestCaseExecutor.java:281)
	at com.kms.katalon.core.main.TestSuiteExecutor.accessTestCaseMainPhase(TestSuiteExecutor.java:202)
	at com.kms.katalon.core.main.TestSuiteExecutor.accessTestSuiteMainPhase(TestSuiteExecutor.java:164)
	at com.kms.katalon.core.main.TestSuiteExecutor.execute(TestSuiteExecutor.java:105)
	at com.kms.katalon.core.main.TestCaseMain.startTestSuite(TestCaseMain.java:185)
	at com.kms.katalon.core.main.TestCaseMain$startTestSuite$0.call(Unknown Source)
	at TempTestSuite1676515943031.run(TempTestSuite1676515943031.groovy:36)
)
	at com.kms.katalon.core.keyword.internal.KeywordMain.stepFailed(KeywordMain.groovy:39)
	at com.kms.katalon.core.webui.keyword.internal.WebUIKeywordMain.stepFailed(WebUIKeywordMain.groovy:64)
	at com.kms.katalon.core.webui.keyword.builtin.VerifyTextPresentKeyword$_verifyTextPresent_closure1.doCall(VerifyTextPresentKeyword.groovy:79)
	at com.kms.katalon.core.webui.keyword.builtin.VerifyTextPresentKeyword$_verifyTextPresent_closure1.call(VerifyTextPresentKeyword.groovy)
	at com.kms.katalon.core.webui.keyword.internal.WebUIKeywordMain.runKeyword(WebUIKeywordMain.groovy:20)
	at com.kms.katalon.core.webui.keyword.builtin.VerifyTextPresentKeyword.verifyTextPresent(VerifyTextPresentKeyword.groovy:83)
	at com.kms.katalon.core.webui.keyword.builtin.VerifyTextPresentKeyword.execute(VerifyTextPresentKeyword.groovy:68)
	at com.kms.katalon.core.keyword.internal.KeywordExecutor.executeKeywordForPlatform(KeywordExecutor.groovy:74)
	at com.kms.katalon.core.webui.keyword.WebUiBuiltInKeywords.verifyTextPresent(WebUiBuiltInKeywords.groovy:1723)
	at com.kms.katalon.core.webui.keyword.WebUiBuiltInKeywords$verifyTextPresent$4.call(Unknown Source)
	at ACH-Void-MRF.run(ACH-Void-MRF:105)
	at com.kms.katalon.core.main.ScriptEngine.run(ScriptEngine.java:194)
	at com.kms.katalon.core.main.ScriptEngine.runScriptAsRawText(ScriptEngine.java:119)
	at com.kms.katalon.core.main.TestCaseExecutor.runScript(TestCaseExecutor.java:442)
	at com.kms.katalon.core.main.TestCaseExecutor.doExecute(TestCaseExecutor.java:433)
	at com.kms.katalon.core.main.TestCaseExecutor.processExecutionPhase(TestCaseExecutor.java:412)
	at com.kms.katalon.core.main.TestCaseExecutor.accessMainPhase(TestCaseExecutor.java:404)
	at com.kms.katalon.core.main.TestCaseExecutor.execute(TestCaseExecutor.java:281)
	at com.kms.katalon.core.main.TestSuiteExecutor.accessTestCaseMainPhase(TestSuiteExecutor.java:202)
	at com.kms.katalon.core.main.TestSuiteExecutor.accessTestSuiteMainPhase(TestSuiteExecutor.java:164)
	at com.kms.katalon.core.main.TestSuiteExecutor.execute(TestSuiteExecutor.java:105)
	at com.kms.katalon.core.main.TestCaseMain.startTestSuite(TestCaseMain.java:185)
	at com.kms.katalon.core.main.TestCaseMain$startTestSuite$0.call(Unknown Source)
	at TempTestSuite1676515943031.run(TempTestSuite1676515943031.groovy:36)
Caused by: com.kms.katalon.core.exception.StepFailedException: Text 'check_first_name, check_last_name, check_address, check_city, check_state, che' is not present on page  using regular expression
	... 23 more
"/>
         <system-out><![CDATA[2023-02-15 23:14:09 - [TEST_CASE][FAILED] - Test Cases/RecAndPlayBk/VLink/ACH-Void-MRF: Test Cases/RecAndPlayBk/VLink/ACH-Void-MRF FAILED.
Reason:
com.kms.katalon.core.exception.StepFailedException: Text 'check_first_name, check_last_name, check_address, check_city, check_state, che' is not present on page  using regular expression (Root cause: com.kms.katalon.core.exception.StepFailedException: Text 'check_first_name, check_last_name, check_address, check_city, check_state, che' is not present on page  using regular expression
	at com.kms.katalon.core.webui.keyword.internal.WebUIKeywordMain.stepFailed(WebUIKeywordMain.groovy:64)
	at com.kms.katalon.core.webui.keyword.builtin.VerifyTextPresentKeyword$_verifyTextPresent_closure1.doCall(VerifyTextPresentKeyword.groovy:79)
	at com.kms.katalon.core.webui.keyword.builtin.VerifyTextPresentKeyword$_verifyTextPresent_closure1.call(VerifyTextPresentKeyword.groovy)
	at com.kms.katalon.core.webui.keyword.internal.WebUIKeywordMain.runKeyword(WebUIKeywordMain.groovy:20)
	at com.kms.katalon.core.webui.keyword.builtin.VerifyTextPresentKeyword.verifyTextPresent(VerifyTextPresentKeyword.groovy:83)
	at com.kms.katalon.core.webui.keyword.builtin.VerifyTextPresentKeyword.execute(VerifyTextPresentKeyword.groovy:68)
	at com.kms.katalon.core.keyword.internal.KeywordExecutor.executeKeywordForPlatform(KeywordExecutor.groovy:74)
	at com.kms.katalon.core.webui.keyword.WebUiBuiltInKeywords.verifyTextPresent(WebUiBuiltInKeywords.groovy:1723)
	at com.kms.katalon.core.webui.keyword.WebUiBuiltInKeywords$verifyTextPresent$4.call(Unknown Source)
	at ACH-Void-MRF.run(ACH-Void-MRF:105)
	at com.kms.katalon.core.main.ScriptEngine.run(ScriptEngine.java:194)
	at com.kms.katalon.core.main.ScriptEngine.runScriptAsRawText(ScriptEngine.java:119)
	at com.kms.katalon.core.main.TestCaseExecutor.runScript(TestCaseExecutor.java:442)
	at com.kms.katalon.core.main.TestCaseExecutor.doExecute(TestCaseExecutor.java:433)
	at com.kms.katalon.core.main.TestCaseExecutor.processExecutionPhase(TestCaseExecutor.java:412)
	at com.kms.katalon.core.main.TestCaseExecutor.accessMainPhase(TestCaseExecutor.java:404)
	at com.kms.katalon.core.main.TestCaseExecutor.execute(TestCaseExecutor.java:281)
	at com.kms.katalon.core.main.TestSuiteExecutor.accessTestCaseMainPhase(TestSuiteExecutor.java:202)
	at com.kms.katalon.core.main.TestSuiteExecutor.accessTestSuiteMainPhase(TestSuiteExecutor.java:164)
	at com.kms.katalon.core.main.TestSuiteExecutor.execute(TestSuiteExecutor.java:105)
	at com.kms.katalon.core.main.TestCaseMain.startTestSuite(TestCaseMain.java:185)
	at com.kms.katalon.core.main.TestCaseMain$startTestSuite$0.call(Unknown Source)
	at TempTestSuite1676515943031.run(TempTestSuite1676515943031.groovy:36)
)
	at com.kms.katalon.core.keyword.internal.KeywordMain.stepFailed(KeywordMain.groovy:39)
	at com.kms.katalon.core.webui.keyword.internal.WebUIKeywordMain.stepFailed(WebUIKeywordMain.groovy:64)
	at com.kms.katalon.core.webui.keyword.builtin.VerifyTextPresentKeyword$_verifyTextPresent_closure1.doCall(VerifyTextPresentKeyword.groovy:79)
	at com.kms.katalon.core.webui.keyword.builtin.VerifyTextPresentKeyword$_verifyTextPresent_closure1.call(VerifyTextPresentKeyword.groovy)
	at com.kms.katalon.core.webui.keyword.internal.WebUIKeywordMain.runKeyword(WebUIKeywordMain.groovy:20)
	at com.kms.katalon.core.webui.keyword.builtin.VerifyTextPresentKeyword.verifyTextPresent(VerifyTextPresentKeyword.groovy:83)
	at com.kms.katalon.core.webui.keyword.builtin.VerifyTextPresentKeyword.execute(VerifyTextPresentKeyword.groovy:68)
	at com.kms.katalon.core.keyword.internal.KeywordExecutor.executeKeywordForPlatform(KeywordExecutor.groovy:74)
	at com.kms.katalon.core.webui.keyword.WebUiBuiltInKeywords.verifyTextPresent(WebUiBuiltInKeywords.groovy:1723)
	at com.kms.katalon.core.webui.keyword.WebUiBuiltInKeywords$verifyTextPresent$4.call(Unknown Source)
	at ACH-Void-MRF.run(ACH-Void-MRF:105)
	at com.kms.katalon.core.main.ScriptEngine.run(ScriptEngine.java:194)
	at com.kms.katalon.core.main.ScriptEngine.runScriptAsRawText(ScriptEngine.java:119)
	at com.kms.katalon.core.main.TestCaseExecutor.runScript(TestCaseExecutor.java:442)
	at com.kms.katalon.core.main.TestCaseExecutor.doExecute(TestCaseExecutor.java:433)
	at com.kms.katalon.core.main.TestCaseExecutor.processExecutionPhase(TestCaseExecutor.java:412)
	at com.kms.katalon.core.main.TestCaseExecutor.accessMainPhase(TestCaseExecutor.java:404)
	at com.kms.katalon.core.main.TestCaseExecutor.execute(TestCaseExecutor.java:281)
	at com.kms.katalon.core.main.TestSuiteExecutor.accessTestCaseMainPhase(TestSuiteExecutor.java:202)
	at com.kms.katalon.core.main.TestSuiteExecutor.accessTestSuiteMainPhase(TestSuiteExecutor.java:164)
	at com.kms.katalon.core.main.TestSuiteExecutor.execute(TestSuiteExecutor.java:105)
	at com.kms.katalon.core.main.TestCaseMain.startTestSuite(TestCaseMain.java:185)
	at com.kms.katalon.core.main.TestCaseMain$startTestSuite$0.call(Unknown Source)
	at TempTestSuite1676515943031.run(TempTestSuite1676515943031.groovy:36)
Caused by: com.kms.katalon.core.exception.StepFailedException: Text 'check_first_name, check_last_name, check_address, check_city, check_state, che' is not present on page  using regular expression
	... 23 more


2023-02-15 23:14:10 - [TEST_STEP][PASSED] - executionProfile = getExecutionProfile(): null

2023-02-15 23:14:10 - [TEST_STEP][PASSED] - out.println("executionProfile : " + executionProfile): null

2023-02-15 23:14:10 - [TEST_STEP][PASSED] - resText = "Fail": null

2023-02-15 23:14:10 - [TEST_STEP][PASSED] - resColumn = "Result": null

2023-02-15 23:14:10 - [TEST_STEP][PASSED] - datCloumn = "Date": null

2023-02-15 23:14:10 - [TEST_STEP][PASSED] - fileLoc = "KatalonData/VLinkSmokeDataACH.xlsx": null

2023-02-15 23:14:10 - [TEST_STEP][PASSED] - numOfRows = <not implemented yet for class: org.codehaus.groovy.ast.expr.EmptyExpression>: null

2023-02-15 23:14:10 - [TEST_STEP][PASSED] - dataFile = <not implemented yet for class: org.codehaus.groovy.ast.expr.EmptyExpression>: null

2023-02-15 23:14:10 - [TEST_STEP][PASSED] - nameSheet = <not implemented yet for class: org.codehaus.groovy.ast.expr.EmptyExpression>: null

2023-02-15 23:14:10 - [TEST_STEP][PASSED] - nameSheet = "Void-MRF": null

2023-02-15 23:14:10 - [TEST_STEP][PASSED] - numOfRows = findTestData("QA/VLinkTestData/VLinkACHVoidMRFData").getRowNumbers(): null

2023-02-15 23:14:10 - [TEST_STEP][PASSED] - println("Number of Records: " + numOfRows): null

2023-02-15 23:14:10 - [TEST_STEP][PASSED] - dataFile = "QA/VLinkTestData/VLinkACHVoidMRFData": null

2023-02-15 23:14:10 - [TEST_STEP][FAILED] - for ([row = 1, row <= numOfRows, (row++)]): null

2023-02-15 23:14:10 - [TEST_STEP][PASSED] - ExecuteTC = findTestData(dataFile).getValue("Execute", row): null

2023-02-15 23:14:10 - [TEST_STEP][PASSED] - out.println("Value of Execute is : " + ExecuteTC): null

2023-02-15 23:14:10 - [TEST_STEP][PASSED] - if (ExecuteTC.equalsIgnoreCase("Y")): null

2023-02-15 23:14:10 - [TEST_STEP][PASSED] - out.println("Begin Record Number: " + row): null

2023-02-15 23:14:10 - [TEST_STEP][PASSED] - today = new java.util.Date(): null

2023-02-15 23:14:10 - [TEST_STEP][PASSED] - println(today): null

2023-02-15 23:14:10 - [TEST_STEP][PASSED] - datText = today: null

2023-02-15 23:14:10 - [TEST_STEP][PASSED] - appID = findTestData(dataFile).getValue("AppID", row): null

2023-02-15 23:14:10 - [TEST_STEP][PASSED] - username = findTestData(dataFile).getValue("Username", row): null

2023-02-15 23:14:10 - [TEST_STEP][PASSED] - password = findTestData(dataFile).getValue("Password", row): null

2023-02-15 23:14:10 - [TEST_STEP][PASSED] - errorMsg = findTestData(dataFile).getValue("ErrorMsg", row): null

2023-02-15 23:14:10 - [TEST_STEP][PASSED] - tranType = findTestData(dataFile).getValue("TranType", row): null

2023-02-15 23:14:10 - [TEST_STEP][PASSED] - mv = findTestData(dataFile).getValue("MV", row): null

2023-02-15 23:14:10 - [TEST_STEP][PASSED] - resFormat = findTestData(dataFile).getValue("ResFormat", row): null

2023-02-15 23:14:10 - [TEST_STEP][PASSED] - checkType = findTestData(dataFile).getValue("CheckType", row): null

2023-02-15 23:14:10 - [TEST_STEP][PASSED] - sec = findTestData(dataFile).getValue("SEC", row): null

2023-02-15 23:14:11 - [TEST_STEP][PASSED] - tranID = findTestData(dataFile).getValue("TranxID", row): null

2023-02-15 23:14:11 - [TEST_STEP][PASSED] - origTranType = findTestData(dataFile).getValue("OriginalTranType", row): null

2023-02-15 23:14:11 - [TEST_STEP][PASSED] - openBrowser(VLinkURL + "ACH_void.html"): Browser is opened with url: 'https://dev-algorithm.govolution.com/vlinktest/QA/version_2_0/ACH_void.html'

2023-02-15 23:14:11 - [MESSAGE][WARNING] - A browser is already opened. Closing browser and opening a new one

2023-02-15 23:14:12 - [MESSAGE][INFO] - Starting 'Chrome' driver

2023-02-15 23:14:12 - [MESSAGE][INFO] - User set preference: ['acceptInsecureCerts', 'true']

2023-02-15 23:14:12 - [MESSAGE][INFO] - Action delay is set to 0 milliseconds

2023-02-15 23:14:13 - [MESSAGE][PASSED] - Browser is opened with url: 'https://dev-algorithm.govolution.com/vlinktest/QA/version_2_0/ACH_void.html'

2023-02-15 23:14:13 - [TEST_STEP][PASSED] - maximizeWindow(): Current window maximized

2023-02-15 23:14:13 - [MESSAGE][PASSED] - Current window maximized

2023-02-15 23:14:13 - [TEST_STEP][PASSED] - setText(findTestObject("Object Repository/RecAndPlayBk/Page-Vlink-ACH-Void/input_Transaction Type"), tranType): Text '' is set on object 'Object Repository/RecAndPlayBk/Page-Vlink-ACH-Void/input_Transaction Type'

2023-02-15 23:14:14 - [MESSAGE][PASSED] - Text '' is set on object 'Object Repository/RecAndPlayBk/Page-Vlink-ACH-Void/input_Transaction Type'

2023-02-15 23:14:14 - [TEST_STEP][PASSED] - setText(findTestObject("Object Repository/RecAndPlayBk/Page-Vlink-ACH-Void/input_Message Version"), mv): Text '2.0A' is set on object 'Object Repository/RecAndPlayBk/Page-Vlink-ACH-Void/input_Message Version'

2023-02-15 23:14:15 - [MESSAGE][PASSED] - Text '2.0A' is set on object 'Object Repository/RecAndPlayBk/Page-Vlink-ACH-Void/input_Message Version'

2023-02-15 23:14:15 - [TEST_STEP][PASSED] - genRemID = RandomStringUtils.random(12, true, true): null

2023-02-15 23:14:15 - [TEST_STEP][PASSED] - setText(findTestObject("Object Repository/RecAndPlayBk/Page-Vlink-ACH-Void/input_Remittance Id"), genRemID): Text 'uegeMtWpkdlf' is set on object 'Object Repository/RecAndPlayBk/Page-Vlink-ACH-Void/input_Remittance Id'

2023-02-15 23:14:15 - [MESSAGE][PASSED] - Text 'uegeMtWpkdlf' is set on object 'Object Repository/RecAndPlayBk/Page-Vlink-ACH-Void/input_Remittance Id'

2023-02-15 23:14:15 - [TEST_STEP][PASSED] - setText(findTestObject("Object Repository/RecAndPlayBk/Page-Vlink-ACH-Void/input_Application Id"), appID): Text '234' is set on object 'Object Repository/RecAndPlayBk/Page-Vlink-ACH-Void/input_Application Id'

2023-02-15 23:14:16 - [MESSAGE][PASSED] - Text '234' is set on object 'Object Repository/RecAndPlayBk/Page-Vlink-ACH-Void/input_Application Id'

2023-02-15 23:14:16 - [TEST_STEP][PASSED] - setText(findTestObject("Object Repository/RecAndPlayBk/Page-Vlink-ACH-Void/input_Username"), username): Text 'username' is set on object 'Object Repository/RecAndPlayBk/Page-Vlink-ACH-Void/input_Username'

2023-02-15 23:14:17 - [MESSAGE][PASSED] - Text 'username' is set on object 'Object Repository/RecAndPlayBk/Page-Vlink-ACH-Void/input_Username'

2023-02-15 23:14:17 - [TEST_STEP][PASSED] - setText(findTestObject("Object Repository/RecAndPlayBk/Page-Vlink-ACH-Void/input_Password"), password): Text 'password' is set on object 'Object Repository/RecAndPlayBk/Page-Vlink-ACH-Void/input_Password'

2023-02-15 23:14:17 - [MESSAGE][PASSED] - Text 'password' is set on object 'Object Repository/RecAndPlayBk/Page-Vlink-ACH-Void/input_Password'

2023-02-15 23:14:17 - [TEST_STEP][PASSED] - setText(findTestObject("Object Repository/RecAndPlayBk/Page-Vlink-ACH-Void/input_Response Format"), resFormat): Text 'fixed_width' is set on object 'Object Repository/RecAndPlayBk/Page-Vlink-ACH-Void/input_Response Format'

2023-02-15 23:14:18 - [MESSAGE][PASSED] - Text 'fixed_width' is set on object 'Object Repository/RecAndPlayBk/Page-Vlink-ACH-Void/input_Response Format'

2023-02-15 23:14:18 - [TEST_STEP][PASSED] - setText(findTestObject("Object Repository/RecAndPlayBk/Page-Vlink-ACH-Void/input_Check Type"), checkType): Text 'P' is set on object 'Object Repository/RecAndPlayBk/Page-Vlink-ACH-Void/input_Check Type'

2023-02-15 23:14:18 - [MESSAGE][PASSED] - Text 'P' is set on object 'Object Repository/RecAndPlayBk/Page-Vlink-ACH-Void/input_Check Type'

2023-02-15 23:14:18 - [TEST_STEP][PASSED] - setText(findTestObject("Object Repository/RecAndPlayBk/Page-Vlink-ACH-Void/input_Standard Entry Class"), sec): Text 'WEB' is set on object 'Object Repository/RecAndPlayBk/Page-Vlink-ACH-Void/input_Standard Entry Class'

2023-02-15 23:14:19 - [MESSAGE][PASSED] - Text 'WEB' is set on object 'Object Repository/RecAndPlayBk/Page-Vlink-ACH-Void/input_Standard Entry Class'

2023-02-15 23:14:19 - [TEST_STEP][PASSED] - setText(findTestObject("Object Repository/RecAndPlayBk/Page-Vlink-ACH-Void/input_Transaction ID"), tranID): Text '12124566' is set on object 'Object Repository/RecAndPlayBk/Page-Vlink-ACH-Void/input_Transaction ID'

2023-02-15 23:14:20 - [MESSAGE][PASSED] - Text '12124566' is set on object 'Object Repository/RecAndPlayBk/Page-Vlink-ACH-Void/input_Transaction ID'

2023-02-15 23:14:20 - [TEST_STEP][PASSED] - setText(findTestObject("Object Repository/RecAndPlayBk/Page-Vlink-ACH-Void/input_Original Transaction Type"), origTranType): Text '200' is set on object 'Object Repository/RecAndPlayBk/Page-Vlink-ACH-Void/input_Original Transaction Type'

2023-02-15 23:14:20 - [MESSAGE][PASSED] - Text '200' is set on object 'Object Repository/RecAndPlayBk/Page-Vlink-ACH-Void/input_Original Transaction Type'

2023-02-15 23:14:20 - [TEST_STEP][PASSED] - click(findTestObject("Object Repository/RecAndPlayBk/Page-Vlink-ACH-Void/input")): Object: 'Object Repository/RecAndPlayBk/Page-Vlink-ACH-Void/input' is clicked on

2023-02-15 23:14:21 - [MESSAGE][PASSED] - Object: 'Object Repository/RecAndPlayBk/Page-Vlink-ACH-Void/input' is clicked on

2023-02-15 23:14:21 - [TEST_STEP][PASSED] - if (verifyTextPresent(errorMsg, true)): null

2023-02-15 23:14:21 - [MESSAGE][PASSED] - Text 'Invalid transaction type' is present on page  using regular expression

2023-02-15 23:14:21 - [TEST_STEP][PASSED] - println("Error Message is present on the Confirmation page"): null

2023-02-15 23:14:21 - [TEST_STEP][PASSED] - out.println("Pass Record Number: " + row): null

2023-02-15 23:14:21 - [TEST_STEP][PASSED] - resText = "Pass": null

2023-02-15 23:14:21 - [TEST_STEP][PASSED] - pages.WriteExcel.demoKey(resText, datText, resColumn, datCloumn, fileLoc, nameSheet, row): pages.WriteExcel.demoKey is PASSED

2023-02-15 23:14:21 - [MESSAGE][PASSED] - pages.WriteExcel.demoKey is PASSED

2023-02-15 23:14:21 - [TEST_STEP][PASSED] - ExecuteTC = findTestData(dataFile).getValue("Execute", row): null

2023-02-15 23:14:21 - [TEST_STEP][PASSED] - out.println("Value of Execute is : " + ExecuteTC): null

2023-02-15 23:14:21 - [TEST_STEP][PASSED] - if (ExecuteTC.equalsIgnoreCase("Y")): null

2023-02-15 23:14:21 - [TEST_STEP][PASSED] - out.println("Begin Record Number: " + row): null

2023-02-15 23:14:21 - [TEST_STEP][PASSED] - today = new java.util.Date(): null

2023-02-15 23:14:21 - [TEST_STEP][PASSED] - println(today): null

2023-02-15 23:14:21 - [TEST_STEP][PASSED] - datText = today: null

2023-02-15 23:14:21 - [TEST_STEP][PASSED] - appID = findTestData(dataFile).getValue("AppID", row): null

2023-02-15 23:14:21 - [TEST_STEP][PASSED] - username = findTestData(dataFile).getValue("Username", row): null

2023-02-15 23:14:22 - [TEST_STEP][PASSED] - password = findTestData(dataFile).getValue("Password", row): null

2023-02-15 23:14:22 - [TEST_STEP][PASSED] - errorMsg = findTestData(dataFile).getValue("ErrorMsg", row): null

2023-02-15 23:14:22 - [TEST_STEP][PASSED] - tranType = findTestData(dataFile).getValue("TranType", row): null

2023-02-15 23:14:22 - [TEST_STEP][PASSED] - mv = findTestData(dataFile).getValue("MV", row): null

2023-02-15 23:14:22 - [TEST_STEP][PASSED] - resFormat = findTestData(dataFile).getValue("ResFormat", row): null

2023-02-15 23:14:22 - [TEST_STEP][PASSED] - checkType = findTestData(dataFile).getValue("CheckType", row): null

2023-02-15 23:14:22 - [TEST_STEP][PASSED] - sec = findTestData(dataFile).getValue("SEC", row): null

2023-02-15 23:14:22 - [TEST_STEP][PASSED] - tranID = findTestData(dataFile).getValue("TranxID", row): null

2023-02-15 23:14:22 - [TEST_STEP][PASSED] - origTranType = findTestData(dataFile).getValue("OriginalTranType", row): null

2023-02-15 23:14:22 - [TEST_STEP][PASSED] - openBrowser(VLinkURL + "ACH_void.html"): Browser is opened with url: 'https://dev-algorithm.govolution.com/vlinktest/QA/version_2_0/ACH_void.html'

2023-02-15 23:14:22 - [MESSAGE][WARNING] - A browser is already opened. Closing browser and opening a new one

2023-02-15 23:14:23 - [MESSAGE][INFO] - Starting 'Chrome' driver

2023-02-15 23:14:23 - [MESSAGE][INFO] - User set preference: ['acceptInsecureCerts', 'true']

2023-02-15 23:14:23 - [MESSAGE][INFO] - Action delay is set to 0 milliseconds

2023-02-15 23:14:25 - [MESSAGE][PASSED] - Browser is opened with url: 'https://dev-algorithm.govolution.com/vlinktest/QA/version_2_0/ACH_void.html'

2023-02-15 23:14:25 - [TEST_STEP][PASSED] - maximizeWindow(): Current window maximized

2023-02-15 23:14:25 - [MESSAGE][PASSED] - Current window maximized

2023-02-15 23:14:25 - [TEST_STEP][PASSED] - setText(findTestObject("Object Repository/RecAndPlayBk/Page-Vlink-ACH-Void/input_Transaction Type"), tranType): Text '200' is set on object 'Object Repository/RecAndPlayBk/Page-Vlink-ACH-Void/input_Transaction Type'

2023-02-15 23:14:26 - [MESSAGE][PASSED] - Text '200' is set on object 'Object Repository/RecAndPlayBk/Page-Vlink-ACH-Void/input_Transaction Type'

2023-02-15 23:14:26 - [TEST_STEP][PASSED] - setText(findTestObject("Object Repository/RecAndPlayBk/Page-Vlink-ACH-Void/input_Message Version"), mv): Text '' is set on object 'Object Repository/RecAndPlayBk/Page-Vlink-ACH-Void/input_Message Version'

2023-02-15 23:14:26 - [MESSAGE][PASSED] - Text '' is set on object 'Object Repository/RecAndPlayBk/Page-Vlink-ACH-Void/input_Message Version'

2023-02-15 23:14:26 - [TEST_STEP][PASSED] - genRemID = RandomStringUtils.random(12, true, true): null

2023-02-15 23:14:26 - [TEST_STEP][PASSED] - setText(findTestObject("Object Repository/RecAndPlayBk/Page-Vlink-ACH-Void/input_Remittance Id"), genRemID): Text 'x8vl5w90G9v6' is set on object 'Object Repository/RecAndPlayBk/Page-Vlink-ACH-Void/input_Remittance Id'

2023-02-15 23:14:27 - [MESSAGE][PASSED] - Text 'x8vl5w90G9v6' is set on object 'Object Repository/RecAndPlayBk/Page-Vlink-ACH-Void/input_Remittance Id'

2023-02-15 23:14:27 - [TEST_STEP][PASSED] - setText(findTestObject("Object Repository/RecAndPlayBk/Page-Vlink-ACH-Void/input_Application Id"), appID): Text '234' is set on object 'Object Repository/RecAndPlayBk/Page-Vlink-ACH-Void/input_Application Id'

2023-02-15 23:14:28 - [MESSAGE][PASSED] - Text '234' is set on object 'Object Repository/RecAndPlayBk/Page-Vlink-ACH-Void/input_Application Id'

2023-02-15 23:14:28 - [TEST_STEP][PASSED] - setText(findTestObject("Object Repository/RecAndPlayBk/Page-Vlink-ACH-Void/input_Username"), username): Text 'username' is set on object 'Object Repository/RecAndPlayBk/Page-Vlink-ACH-Void/input_Username'

2023-02-15 23:14:28 - [MESSAGE][PASSED] - Text 'username' is set on object 'Object Repository/RecAndPlayBk/Page-Vlink-ACH-Void/input_Username'

2023-02-15 23:14:28 - [TEST_STEP][PASSED] - setText(findTestObject("Object Repository/RecAndPlayBk/Page-Vlink-ACH-Void/input_Password"), password): Text 'password' is set on object 'Object Repository/RecAndPlayBk/Page-Vlink-ACH-Void/input_Password'

2023-02-15 23:14:29 - [MESSAGE][PASSED] - Text 'password' is set on object 'Object Repository/RecAndPlayBk/Page-Vlink-ACH-Void/input_Password'

2023-02-15 23:14:29 - [TEST_STEP][PASSED] - setText(findTestObject("Object Repository/RecAndPlayBk/Page-Vlink-ACH-Void/input_Response Format"), resFormat): Text 'fixed_width' is set on object 'Object Repository/RecAndPlayBk/Page-Vlink-ACH-Void/input_Response Format'

2023-02-15 23:14:29 - [MESSAGE][PASSED] - Text 'fixed_width' is set on object 'Object Repository/RecAndPlayBk/Page-Vlink-ACH-Void/input_Response Format'

2023-02-15 23:14:29 - [TEST_STEP][PASSED] - setText(findTestObject("Object Repository/RecAndPlayBk/Page-Vlink-ACH-Void/input_Check Type"), checkType): Text 'P' is set on object 'Object Repository/RecAndPlayBk/Page-Vlink-ACH-Void/input_Check Type'

2023-02-15 23:14:30 - [MESSAGE][PASSED] - Text 'P' is set on object 'Object Repository/RecAndPlayBk/Page-Vlink-ACH-Void/input_Check Type'

2023-02-15 23:14:30 - [TEST_STEP][PASSED] - setText(findTestObject("Object Repository/RecAndPlayBk/Page-Vlink-ACH-Void/input_Standard Entry Class"), sec): Text 'TEL' is set on object 'Object Repository/RecAndPlayBk/Page-Vlink-ACH-Void/input_Standard Entry Class'

2023-02-15 23:14:31 - [MESSAGE][PASSED] - Text 'TEL' is set on object 'Object Repository/RecAndPlayBk/Page-Vlink-ACH-Void/input_Standard Entry Class'

2023-02-15 23:14:31 - [TEST_STEP][PASSED] - setText(findTestObject("Object Repository/RecAndPlayBk/Page-Vlink-ACH-Void/input_Transaction ID"), tranID): Text '12124566' is set on object 'Object Repository/RecAndPlayBk/Page-Vlink-ACH-Void/input_Transaction ID'

2023-02-15 23:14:31 - [MESSAGE][PASSED] - Text '12124566' is set on object 'Object Repository/RecAndPlayBk/Page-Vlink-ACH-Void/input_Transaction ID'

2023-02-15 23:14:31 - [TEST_STEP][PASSED] - setText(findTestObject("Object Repository/RecAndPlayBk/Page-Vlink-ACH-Void/input_Original Transaction Type"), origTranType): Text '200' is set on object 'Object Repository/RecAndPlayBk/Page-Vlink-ACH-Void/input_Original Transaction Type'

2023-02-15 23:14:32 - [MESSAGE][PASSED] - Text '200' is set on object 'Object Repository/RecAndPlayBk/Page-Vlink-ACH-Void/input_Original Transaction Type'

2023-02-15 23:14:32 - [TEST_STEP][PASSED] - click(findTestObject("Object Repository/RecAndPlayBk/Page-Vlink-ACH-Void/input")): Object: 'Object Repository/RecAndPlayBk/Page-Vlink-ACH-Void/input' is clicked on

2023-02-15 23:14:32 - [MESSAGE][PASSED] - Object: 'Object Repository/RecAndPlayBk/Page-Vlink-ACH-Void/input' is clicked on

2023-02-15 23:14:32 - [TEST_STEP][PASSED] - if (verifyTextPresent(errorMsg, true)): null

2023-02-15 23:14:33 - [MESSAGE][PASSED] - Text 'Missing parameter: message_version' is present on page  using regular expression

2023-02-15 23:14:33 - [TEST_STEP][PASSED] - println("Error Message is present on the Confirmation page"): null

2023-02-15 23:14:33 - [TEST_STEP][PASSED] - out.println("Pass Record Number: " + row): null

2023-02-15 23:14:33 - [TEST_STEP][PASSED] - resText = "Pass": null

2023-02-15 23:14:33 - [TEST_STEP][PASSED] - pages.WriteExcel.demoKey(resText, datText, resColumn, datCloumn, fileLoc, nameSheet, row): pages.WriteExcel.demoKey is PASSED

2023-02-15 23:14:33 - [MESSAGE][PASSED] - pages.WriteExcel.demoKey is PASSED

2023-02-15 23:14:33 - [TEST_STEP][PASSED] - ExecuteTC = findTestData(dataFile).getValue("Execute", row): null

2023-02-15 23:14:33 - [TEST_STEP][PASSED] - out.println("Value of Execute is : " + ExecuteTC): null

2023-02-15 23:14:33 - [TEST_STEP][PASSED] - if (ExecuteTC.equalsIgnoreCase("Y")): null

2023-02-15 23:14:33 - [TEST_STEP][PASSED] - out.println("Begin Record Number: " + row): null

2023-02-15 23:14:33 - [TEST_STEP][PASSED] - today = new java.util.Date(): null

2023-02-15 23:14:33 - [TEST_STEP][PASSED] - println(today): null

2023-02-15 23:14:33 - [TEST_STEP][PASSED] - datText = today: null

2023-02-15 23:14:33 - [TEST_STEP][PASSED] - appID = findTestData(dataFile).getValue("AppID", row): null

2023-02-15 23:14:33 - [TEST_STEP][PASSED] - username = findTestData(dataFile).getValue("Username", row): null

2023-02-15 23:14:33 - [TEST_STEP][PASSED] - password = findTestData(dataFile).getValue("Password", row): null

2023-02-15 23:14:33 - [TEST_STEP][PASSED] - errorMsg = findTestData(dataFile).getValue("ErrorMsg", row): null

2023-02-15 23:14:33 - [TEST_STEP][PASSED] - tranType = findTestData(dataFile).getValue("TranType", row): null

2023-02-15 23:14:33 - [TEST_STEP][PASSED] - mv = findTestData(dataFile).getValue("MV", row): null

2023-02-15 23:14:33 - [TEST_STEP][PASSED] - resFormat = findTestData(dataFile).getValue("ResFormat", row): null

2023-02-15 23:14:33 - [TEST_STEP][PASSED] - checkType = findTestData(dataFile).getValue("CheckType", row): null

2023-02-15 23:14:33 - [TEST_STEP][PASSED] - sec = findTestData(dataFile).getValue("SEC", row): null

2023-02-15 23:14:33 - [TEST_STEP][PASSED] - tranID = findTestData(dataFile).getValue("TranxID", row): null

2023-02-15 23:14:34 - [TEST_STEP][PASSED] - origTranType = findTestData(dataFile).getValue("OriginalTranType", row): null

2023-02-15 23:14:34 - [TEST_STEP][PASSED] - openBrowser(VLinkURL + "ACH_void.html"): Browser is opened with url: 'https://dev-algorithm.govolution.com/vlinktest/QA/version_2_0/ACH_void.html'

2023-02-15 23:14:34 - [MESSAGE][WARNING] - A browser is already opened. Closing browser and opening a new one

2023-02-15 23:14:34 - [MESSAGE][INFO] - Starting 'Chrome' driver

2023-02-15 23:14:34 - [MESSAGE][INFO] - User set preference: ['acceptInsecureCerts', 'true']

2023-02-15 23:14:34 - [MESSAGE][INFO] - Action delay is set to 0 milliseconds

2023-02-15 23:14:36 - [MESSAGE][PASSED] - Browser is opened with url: 'https://dev-algorithm.govolution.com/vlinktest/QA/version_2_0/ACH_void.html'

2023-02-15 23:14:36 - [TEST_STEP][PASSED] - maximizeWindow(): Current window maximized

2023-02-15 23:14:36 - [MESSAGE][PASSED] - Current window maximized

2023-02-15 23:14:36 - [TEST_STEP][PASSED] - setText(findTestObject("Object Repository/RecAndPlayBk/Page-Vlink-ACH-Void/input_Transaction Type"), tranType): Text '200' is set on object 'Object Repository/RecAndPlayBk/Page-Vlink-ACH-Void/input_Transaction Type'

2023-02-15 23:14:37 - [MESSAGE][PASSED] - Text '200' is set on object 'Object Repository/RecAndPlayBk/Page-Vlink-ACH-Void/input_Transaction Type'

2023-02-15 23:14:37 - [TEST_STEP][PASSED] - setText(findTestObject("Object Repository/RecAndPlayBk/Page-Vlink-ACH-Void/input_Message Version"), mv): Text '2.0A' is set on object 'Object Repository/RecAndPlayBk/Page-Vlink-ACH-Void/input_Message Version'

2023-02-15 23:14:38 - [MESSAGE][PASSED] - Text '2.0A' is set on object 'Object Repository/RecAndPlayBk/Page-Vlink-ACH-Void/input_Message Version'

2023-02-15 23:14:38 - [TEST_STEP][PASSED] - genRemID = RandomStringUtils.random(12, true, true): null

2023-02-15 23:14:38 - [TEST_STEP][PASSED] - setText(findTestObject("Object Repository/RecAndPlayBk/Page-Vlink-ACH-Void/input_Remittance Id"), genRemID): Text 'NbNP8okdEcGk' is set on object 'Object Repository/RecAndPlayBk/Page-Vlink-ACH-Void/input_Remittance Id'

2023-02-15 23:14:38 - [MESSAGE][PASSED] - Text 'NbNP8okdEcGk' is set on object 'Object Repository/RecAndPlayBk/Page-Vlink-ACH-Void/input_Remittance Id'

2023-02-15 23:14:38 - [TEST_STEP][PASSED] - setText(findTestObject("Object Repository/RecAndPlayBk/Page-Vlink-ACH-Void/input_Application Id"), appID): Text '' is set on object 'Object Repository/RecAndPlayBk/Page-Vlink-ACH-Void/input_Application Id'

2023-02-15 23:14:39 - [MESSAGE][PASSED] - Text '' is set on object 'Object Repository/RecAndPlayBk/Page-Vlink-ACH-Void/input_Application Id'

2023-02-15 23:14:39 - [TEST_STEP][PASSED] - setText(findTestObject("Object Repository/RecAndPlayBk/Page-Vlink-ACH-Void/input_Username"), username): Text 'username' is set on object 'Object Repository/RecAndPlayBk/Page-Vlink-ACH-Void/input_Username'

2023-02-15 23:14:40 - [MESSAGE][PASSED] - Text 'username' is set on object 'Object Repository/RecAndPlayBk/Page-Vlink-ACH-Void/input_Username'

2023-02-15 23:14:40 - [TEST_STEP][PASSED] - setText(findTestObject("Object Repository/RecAndPlayBk/Page-Vlink-ACH-Void/input_Password"), password): Text 'password' is set on object 'Object Repository/RecAndPlayBk/Page-Vlink-ACH-Void/input_Password'

2023-02-15 23:14:40 - [MESSAGE][PASSED] - Text 'password' is set on object 'Object Repository/RecAndPlayBk/Page-Vlink-ACH-Void/input_Password'

2023-02-15 23:14:40 - [TEST_STEP][PASSED] - setText(findTestObject("Object Repository/RecAndPlayBk/Page-Vlink-ACH-Void/input_Response Format"), resFormat): Text 'fixed_width' is set on object 'Object Repository/RecAndPlayBk/Page-Vlink-ACH-Void/input_Response Format'

2023-02-15 23:14:41 - [MESSAGE][PASSED] - Text 'fixed_width' is set on object 'Object Repository/RecAndPlayBk/Page-Vlink-ACH-Void/input_Response Format'

2023-02-15 23:14:41 - [TEST_STEP][PASSED] - setText(findTestObject("Object Repository/RecAndPlayBk/Page-Vlink-ACH-Void/input_Check Type"), checkType): Text 'P' is set on object 'Object Repository/RecAndPlayBk/Page-Vlink-ACH-Void/input_Check Type'

2023-02-15 23:14:42 - [MESSAGE][PASSED] - Text 'P' is set on object 'Object Repository/RecAndPlayBk/Page-Vlink-ACH-Void/input_Check Type'

2023-02-15 23:14:42 - [TEST_STEP][PASSED] - setText(findTestObject("Object Repository/RecAndPlayBk/Page-Vlink-ACH-Void/input_Standard Entry Class"), sec): Text 'PPD' is set on object 'Object Repository/RecAndPlayBk/Page-Vlink-ACH-Void/input_Standard Entry Class'

2023-02-15 23:14:42 - [MESSAGE][PASSED] - Text 'PPD' is set on object 'Object Repository/RecAndPlayBk/Page-Vlink-ACH-Void/input_Standard Entry Class'

2023-02-15 23:14:42 - [TEST_STEP][PASSED] - setText(findTestObject("Object Repository/RecAndPlayBk/Page-Vlink-ACH-Void/input_Transaction ID"), tranID): Text '12124566' is set on object 'Object Repository/RecAndPlayBk/Page-Vlink-ACH-Void/input_Transaction ID'

2023-02-15 23:14:43 - [MESSAGE][PASSED] - Text '12124566' is set on object 'Object Repository/RecAndPlayBk/Page-Vlink-ACH-Void/input_Transaction ID'

2023-02-15 23:14:43 - [TEST_STEP][PASSED] - setText(findTestObject("Object Repository/RecAndPlayBk/Page-Vlink-ACH-Void/input_Original Transaction Type"), origTranType): Text '200' is set on object 'Object Repository/RecAndPlayBk/Page-Vlink-ACH-Void/input_Original Transaction Type'

2023-02-15 23:14:43 - [MESSAGE][PASSED] - Text '200' is set on object 'Object Repository/RecAndPlayBk/Page-Vlink-ACH-Void/input_Original Transaction Type'

2023-02-15 23:14:43 - [TEST_STEP][PASSED] - click(findTestObject("Object Repository/RecAndPlayBk/Page-Vlink-ACH-Void/input")): Object: 'Object Repository/RecAndPlayBk/Page-Vlink-ACH-Void/input' is clicked on

2023-02-15 23:14:44 - [MESSAGE][PASSED] - Object: 'Object Repository/RecAndPlayBk/Page-Vlink-ACH-Void/input' is clicked on

2023-02-15 23:14:44 - [TEST_STEP][PASSED] - if (verifyTextPresent(errorMsg, true)): null

2023-02-15 23:14:44 - [MESSAGE][PASSED] - Text 'Missing parameter: application_id' is present on page  using regular expression

2023-02-15 23:14:44 - [TEST_STEP][PASSED] - println("Error Message is present on the Confirmation page"): null

2023-02-15 23:14:44 - [TEST_STEP][PASSED] - out.println("Pass Record Number: " + row): null

2023-02-15 23:14:44 - [TEST_STEP][PASSED] - resText = "Pass": null

2023-02-15 23:14:44 - [TEST_STEP][PASSED] - pages.WriteExcel.demoKey(resText, datText, resColumn, datCloumn, fileLoc, nameSheet, row): pages.WriteExcel.demoKey is PASSED

2023-02-15 23:14:44 - [MESSAGE][PASSED] - pages.WriteExcel.demoKey is PASSED

2023-02-15 23:14:44 - [TEST_STEP][PASSED] - ExecuteTC = findTestData(dataFile).getValue("Execute", row): null

2023-02-15 23:14:44 - [TEST_STEP][PASSED] - out.println("Value of Execute is : " + ExecuteTC): null

2023-02-15 23:14:44 - [TEST_STEP][PASSED] - if (ExecuteTC.equalsIgnoreCase("Y")): null

2023-02-15 23:14:44 - [TEST_STEP][PASSED] - out.println("Begin Record Number: " + row): null

2023-02-15 23:14:44 - [TEST_STEP][PASSED] - today = new java.util.Date(): null

2023-02-15 23:14:44 - [TEST_STEP][PASSED] - println(today): null

2023-02-15 23:14:44 - [TEST_STEP][PASSED] - datText = today: null

2023-02-15 23:14:44 - [TEST_STEP][PASSED] - appID = findTestData(dataFile).getValue("AppID", row): null

2023-02-15 23:14:44 - [TEST_STEP][PASSED] - username = findTestData(dataFile).getValue("Username", row): null

2023-02-15 23:14:45 - [TEST_STEP][PASSED] - password = findTestData(dataFile).getValue("Password", row): null

2023-02-15 23:14:45 - [TEST_STEP][PASSED] - errorMsg = findTestData(dataFile).getValue("ErrorMsg", row): null

2023-02-15 23:14:45 - [TEST_STEP][PASSED] - tranType = findTestData(dataFile).getValue("TranType", row): null

2023-02-15 23:14:45 - [TEST_STEP][PASSED] - mv = findTestData(dataFile).getValue("MV", row): null

2023-02-15 23:14:45 - [TEST_STEP][PASSED] - resFormat = findTestData(dataFile).getValue("ResFormat", row): null

2023-02-15 23:14:45 - [TEST_STEP][PASSED] - checkType = findTestData(dataFile).getValue("CheckType", row): null

2023-02-15 23:14:45 - [TEST_STEP][PASSED] - sec = findTestData(dataFile).getValue("SEC", row): null

2023-02-15 23:14:45 - [TEST_STEP][PASSED] - tranID = findTestData(dataFile).getValue("TranxID", row): null

2023-02-15 23:14:45 - [TEST_STEP][PASSED] - origTranType = findTestData(dataFile).getValue("OriginalTranType", row): null

2023-02-15 23:14:45 - [TEST_STEP][PASSED] - openBrowser(VLinkURL + "ACH_void.html"): Browser is opened with url: 'https://dev-algorithm.govolution.com/vlinktest/QA/version_2_0/ACH_void.html'

2023-02-15 23:14:45 - [MESSAGE][WARNING] - A browser is already opened. Closing browser and opening a new one

2023-02-15 23:14:46 - [MESSAGE][INFO] - Starting 'Chrome' driver

2023-02-15 23:14:46 - [MESSAGE][INFO] - User set preference: ['acceptInsecureCerts', 'true']

2023-02-15 23:14:46 - [MESSAGE][INFO] - Action delay is set to 0 milliseconds

2023-02-15 23:14:48 - [MESSAGE][PASSED] - Browser is opened with url: 'https://dev-algorithm.govolution.com/vlinktest/QA/version_2_0/ACH_void.html'

2023-02-15 23:14:48 - [TEST_STEP][PASSED] - maximizeWindow(): Current window maximized

2023-02-15 23:14:48 - [MESSAGE][PASSED] - Current window maximized

2023-02-15 23:14:48 - [TEST_STEP][PASSED] - setText(findTestObject("Object Repository/RecAndPlayBk/Page-Vlink-ACH-Void/input_Transaction Type"), tranType): Text '200' is set on object 'Object Repository/RecAndPlayBk/Page-Vlink-ACH-Void/input_Transaction Type'

2023-02-15 23:14:49 - [MESSAGE][PASSED] - Text '200' is set on object 'Object Repository/RecAndPlayBk/Page-Vlink-ACH-Void/input_Transaction Type'

2023-02-15 23:14:49 - [TEST_STEP][PASSED] - setText(findTestObject("Object Repository/RecAndPlayBk/Page-Vlink-ACH-Void/input_Message Version"), mv): Text '2.0A' is set on object 'Object Repository/RecAndPlayBk/Page-Vlink-ACH-Void/input_Message Version'

2023-02-15 23:14:49 - [MESSAGE][PASSED] - Text '2.0A' is set on object 'Object Repository/RecAndPlayBk/Page-Vlink-ACH-Void/input_Message Version'

2023-02-15 23:14:49 - [TEST_STEP][PASSED] - genRemID = RandomStringUtils.random(12, true, true): null

2023-02-15 23:14:49 - [TEST_STEP][PASSED] - setText(findTestObject("Object Repository/RecAndPlayBk/Page-Vlink-ACH-Void/input_Remittance Id"), genRemID): Text 'tR3JmV0rfICY' is set on object 'Object Repository/RecAndPlayBk/Page-Vlink-ACH-Void/input_Remittance Id'

2023-02-15 23:14:50 - [MESSAGE][PASSED] - Text 'tR3JmV0rfICY' is set on object 'Object Repository/RecAndPlayBk/Page-Vlink-ACH-Void/input_Remittance Id'

2023-02-15 23:14:50 - [TEST_STEP][PASSED] - setText(findTestObject("Object Repository/RecAndPlayBk/Page-Vlink-ACH-Void/input_Application Id"), appID): Text '234' is set on object 'Object Repository/RecAndPlayBk/Page-Vlink-ACH-Void/input_Application Id'

2023-02-15 23:14:51 - [MESSAGE][PASSED] - Text '234' is set on object 'Object Repository/RecAndPlayBk/Page-Vlink-ACH-Void/input_Application Id'

2023-02-15 23:14:51 - [TEST_STEP][PASSED] - setText(findTestObject("Object Repository/RecAndPlayBk/Page-Vlink-ACH-Void/input_Username"), username): Text '' is set on object 'Object Repository/RecAndPlayBk/Page-Vlink-ACH-Void/input_Username'

2023-02-15 23:14:51 - [MESSAGE][PASSED] - Text '' is set on object 'Object Repository/RecAndPlayBk/Page-Vlink-ACH-Void/input_Username'

2023-02-15 23:14:51 - [TEST_STEP][PASSED] - setText(findTestObject("Object Repository/RecAndPlayBk/Page-Vlink-ACH-Void/input_Password"), password): Text 'password' is set on object 'Object Repository/RecAndPlayBk/Page-Vlink-ACH-Void/input_Password'

2023-02-15 23:14:52 - [MESSAGE][PASSED] - Text 'password' is set on object 'Object Repository/RecAndPlayBk/Page-Vlink-ACH-Void/input_Password'

2023-02-15 23:14:52 - [TEST_STEP][PASSED] - setText(findTestObject("Object Repository/RecAndPlayBk/Page-Vlink-ACH-Void/input_Response Format"), resFormat): Text 'fixed_width' is set on object 'Object Repository/RecAndPlayBk/Page-Vlink-ACH-Void/input_Response Format'

2023-02-15 23:14:52 - [MESSAGE][PASSED] - Text 'fixed_width' is set on object 'Object Repository/RecAndPlayBk/Page-Vlink-ACH-Void/input_Response Format'

2023-02-15 23:14:52 - [TEST_STEP][PASSED] - setText(findTestObject("Object Repository/RecAndPlayBk/Page-Vlink-ACH-Void/input_Check Type"), checkType): Text 'P' is set on object 'Object Repository/RecAndPlayBk/Page-Vlink-ACH-Void/input_Check Type'

2023-02-15 23:14:53 - [MESSAGE][PASSED] - Text 'P' is set on object 'Object Repository/RecAndPlayBk/Page-Vlink-ACH-Void/input_Check Type'

2023-02-15 23:14:53 - [TEST_STEP][PASSED] - setText(findTestObject("Object Repository/RecAndPlayBk/Page-Vlink-ACH-Void/input_Standard Entry Class"), sec): Text 'WEB' is set on object 'Object Repository/RecAndPlayBk/Page-Vlink-ACH-Void/input_Standard Entry Class'

2023-02-15 23:14:54 - [MESSAGE][PASSED] - Text 'WEB' is set on object 'Object Repository/RecAndPlayBk/Page-Vlink-ACH-Void/input_Standard Entry Class'

2023-02-15 23:14:54 - [TEST_STEP][PASSED] - setText(findTestObject("Object Repository/RecAndPlayBk/Page-Vlink-ACH-Void/input_Transaction ID"), tranID): Text '12124566' is set on object 'Object Repository/RecAndPlayBk/Page-Vlink-ACH-Void/input_Transaction ID'

2023-02-15 23:14:54 - [MESSAGE][PASSED] - Text '12124566' is set on object 'Object Repository/RecAndPlayBk/Page-Vlink-ACH-Void/input_Transaction ID'

2023-02-15 23:14:54 - [TEST_STEP][PASSED] - setText(findTestObject("Object Repository/RecAndPlayBk/Page-Vlink-ACH-Void/input_Original Transaction Type"), origTranType): Text '200' is set on object 'Object Repository/RecAndPlayBk/Page-Vlink-ACH-Void/input_Original Transaction Type'

2023-02-15 23:14:55 - [MESSAGE][PASSED] - Text '200' is set on object 'Object Repository/RecAndPlayBk/Page-Vlink-ACH-Void/input_Original Transaction Type'

2023-02-15 23:14:55 - [TEST_STEP][PASSED] - click(findTestObject("Object Repository/RecAndPlayBk/Page-Vlink-ACH-Void/input")): Object: 'Object Repository/RecAndPlayBk/Page-Vlink-ACH-Void/input' is clicked on

2023-02-15 23:14:55 - [MESSAGE][PASSED] - Object: 'Object Repository/RecAndPlayBk/Page-Vlink-ACH-Void/input' is clicked on

2023-02-15 23:14:55 - [TEST_STEP][PASSED] - if (verifyTextPresent(errorMsg, true)): null

2023-02-15 23:14:56 - [MESSAGE][PASSED] - Text 'Signon authentication error' is present on page  using regular expression

2023-02-15 23:14:56 - [TEST_STEP][PASSED] - println("Error Message is present on the Confirmation page"): null

2023-02-15 23:14:56 - [TEST_STEP][PASSED] - out.println("Pass Record Number: " + row): null

2023-02-15 23:14:56 - [TEST_STEP][PASSED] - resText = "Pass": null

2023-02-15 23:14:56 - [TEST_STEP][PASSED] - pages.WriteExcel.demoKey(resText, datText, resColumn, datCloumn, fileLoc, nameSheet, row): pages.WriteExcel.demoKey is PASSED

2023-02-15 23:14:56 - [MESSAGE][PASSED] - pages.WriteExcel.demoKey is PASSED

2023-02-15 23:14:56 - [TEST_STEP][PASSED] - ExecuteTC = findTestData(dataFile).getValue("Execute", row): null

2023-02-15 23:14:56 - [TEST_STEP][PASSED] - out.println("Value of Execute is : " + ExecuteTC): null

2023-02-15 23:14:56 - [TEST_STEP][PASSED] - if (ExecuteTC.equalsIgnoreCase("Y")): null

2023-02-15 23:14:56 - [TEST_STEP][PASSED] - out.println("Begin Record Number: " + row): null

2023-02-15 23:14:56 - [TEST_STEP][PASSED] - today = new java.util.Date(): null

2023-02-15 23:14:56 - [TEST_STEP][PASSED] - println(today): null

2023-02-15 23:14:56 - [TEST_STEP][PASSED] - datText = today: null

2023-02-15 23:14:56 - [TEST_STEP][PASSED] - appID = findTestData(dataFile).getValue("AppID", row): null

2023-02-15 23:14:56 - [TEST_STEP][PASSED] - username = findTestData(dataFile).getValue("Username", row): null

2023-02-15 23:14:56 - [TEST_STEP][PASSED] - password = findTestData(dataFile).getValue("Password", row): null

2023-02-15 23:14:56 - [TEST_STEP][PASSED] - errorMsg = findTestData(dataFile).getValue("ErrorMsg", row): null

2023-02-15 23:14:56 - [TEST_STEP][PASSED] - tranType = findTestData(dataFile).getValue("TranType", row): null

2023-02-15 23:14:56 - [TEST_STEP][PASSED] - mv = findTestData(dataFile).getValue("MV", row): null

2023-02-15 23:14:56 - [TEST_STEP][PASSED] - resFormat = findTestData(dataFile).getValue("ResFormat", row): null

2023-02-15 23:14:56 - [TEST_STEP][PASSED] - checkType = findTestData(dataFile).getValue("CheckType", row): null

2023-02-15 23:14:56 - [TEST_STEP][PASSED] - sec = findTestData(dataFile).getValue("SEC", row): null

2023-02-15 23:14:56 - [TEST_STEP][PASSED] - tranID = findTestData(dataFile).getValue("TranxID", row): null

2023-02-15 23:14:56 - [TEST_STEP][PASSED] - origTranType = findTestData(dataFile).getValue("OriginalTranType", row): null

2023-02-15 23:14:57 - [TEST_STEP][PASSED] - openBrowser(VLinkURL + "ACH_void.html"): Browser is opened with url: 'https://dev-algorithm.govolution.com/vlinktest/QA/version_2_0/ACH_void.html'

2023-02-15 23:14:57 - [MESSAGE][WARNING] - A browser is already opened. Closing browser and opening a new one

2023-02-15 23:14:57 - [MESSAGE][INFO] - Starting 'Chrome' driver

2023-02-15 23:14:57 - [MESSAGE][INFO] - User set preference: ['acceptInsecureCerts', 'true']

2023-02-15 23:14:57 - [MESSAGE][INFO] - Action delay is set to 0 milliseconds

2023-02-15 23:14:59 - [MESSAGE][PASSED] - Browser is opened with url: 'https://dev-algorithm.govolution.com/vlinktest/QA/version_2_0/ACH_void.html'

2023-02-15 23:14:59 - [TEST_STEP][PASSED] - maximizeWindow(): Current window maximized

2023-02-15 23:14:59 - [MESSAGE][PASSED] - Current window maximized

2023-02-15 23:14:59 - [TEST_STEP][PASSED] - setText(findTestObject("Object Repository/RecAndPlayBk/Page-Vlink-ACH-Void/input_Transaction Type"), tranType): Text '200' is set on object 'Object Repository/RecAndPlayBk/Page-Vlink-ACH-Void/input_Transaction Type'

2023-02-15 23:15:00 - [MESSAGE][PASSED] - Text '200' is set on object 'Object Repository/RecAndPlayBk/Page-Vlink-ACH-Void/input_Transaction Type'

2023-02-15 23:15:00 - [TEST_STEP][PASSED] - setText(findTestObject("Object Repository/RecAndPlayBk/Page-Vlink-ACH-Void/input_Message Version"), mv): Text '2.0A' is set on object 'Object Repository/RecAndPlayBk/Page-Vlink-ACH-Void/input_Message Version'

2023-02-15 23:15:01 - [MESSAGE][PASSED] - Text '2.0A' is set on object 'Object Repository/RecAndPlayBk/Page-Vlink-ACH-Void/input_Message Version'

2023-02-15 23:15:01 - [TEST_STEP][PASSED] - genRemID = RandomStringUtils.random(12, true, true): null

2023-02-15 23:15:01 - [TEST_STEP][PASSED] - setText(findTestObject("Object Repository/RecAndPlayBk/Page-Vlink-ACH-Void/input_Remittance Id"), genRemID): Text 'S4LGGnPK3cRE' is set on object 'Object Repository/RecAndPlayBk/Page-Vlink-ACH-Void/input_Remittance Id'

2023-02-15 23:15:01 - [MESSAGE][PASSED] - Text 'S4LGGnPK3cRE' is set on object 'Object Repository/RecAndPlayBk/Page-Vlink-ACH-Void/input_Remittance Id'

2023-02-15 23:15:01 - [TEST_STEP][PASSED] - setText(findTestObject("Object Repository/RecAndPlayBk/Page-Vlink-ACH-Void/input_Application Id"), appID): Text '234' is set on object 'Object Repository/RecAndPlayBk/Page-Vlink-ACH-Void/input_Application Id'

2023-02-15 23:15:02 - [MESSAGE][PASSED] - Text '234' is set on object 'Object Repository/RecAndPlayBk/Page-Vlink-ACH-Void/input_Application Id'

2023-02-15 23:15:02 - [TEST_STEP][PASSED] - setText(findTestObject("Object Repository/RecAndPlayBk/Page-Vlink-ACH-Void/input_Username"), username): Text 'username' is set on object 'Object Repository/RecAndPlayBk/Page-Vlink-ACH-Void/input_Username'

2023-02-15 23:15:03 - [MESSAGE][PASSED] - Text 'username' is set on object 'Object Repository/RecAndPlayBk/Page-Vlink-ACH-Void/input_Username'

2023-02-15 23:15:03 - [TEST_STEP][PASSED] - setText(findTestObject("Object Repository/RecAndPlayBk/Page-Vlink-ACH-Void/input_Password"), password): Text '' is set on object 'Object Repository/RecAndPlayBk/Page-Vlink-ACH-Void/input_Password'

2023-02-15 23:15:03 - [MESSAGE][PASSED] - Text '' is set on object 'Object Repository/RecAndPlayBk/Page-Vlink-ACH-Void/input_Password'

2023-02-15 23:15:03 - [TEST_STEP][PASSED] - setText(findTestObject("Object Repository/RecAndPlayBk/Page-Vlink-ACH-Void/input_Response Format"), resFormat): Text 'fixed_width' is set on object 'Object Repository/RecAndPlayBk/Page-Vlink-ACH-Void/input_Response Format'

2023-02-15 23:15:04 - [MESSAGE][PASSED] - Text 'fixed_width' is set on object 'Object Repository/RecAndPlayBk/Page-Vlink-ACH-Void/input_Response Format'

2023-02-15 23:15:04 - [TEST_STEP][PASSED] - setText(findTestObject("Object Repository/RecAndPlayBk/Page-Vlink-ACH-Void/input_Check Type"), checkType): Text 'P' is set on object 'Object Repository/RecAndPlayBk/Page-Vlink-ACH-Void/input_Check Type'

2023-02-15 23:15:05 - [MESSAGE][PASSED] - Text 'P' is set on object 'Object Repository/RecAndPlayBk/Page-Vlink-ACH-Void/input_Check Type'

2023-02-15 23:15:05 - [TEST_STEP][PASSED] - setText(findTestObject("Object Repository/RecAndPlayBk/Page-Vlink-ACH-Void/input_Standard Entry Class"), sec): Text 'TEL' is set on object 'Object Repository/RecAndPlayBk/Page-Vlink-ACH-Void/input_Standard Entry Class'

2023-02-15 23:15:05 - [MESSAGE][PASSED] - Text 'TEL' is set on object 'Object Repository/RecAndPlayBk/Page-Vlink-ACH-Void/input_Standard Entry Class'

2023-02-15 23:15:05 - [TEST_STEP][PASSED] - setText(findTestObject("Object Repository/RecAndPlayBk/Page-Vlink-ACH-Void/input_Transaction ID"), tranID): Text '12124566' is set on object 'Object Repository/RecAndPlayBk/Page-Vlink-ACH-Void/input_Transaction ID'

2023-02-15 23:15:06 - [MESSAGE][PASSED] - Text '12124566' is set on object 'Object Repository/RecAndPlayBk/Page-Vlink-ACH-Void/input_Transaction ID'

2023-02-15 23:15:06 - [TEST_STEP][PASSED] - setText(findTestObject("Object Repository/RecAndPlayBk/Page-Vlink-ACH-Void/input_Original Transaction Type"), origTranType): Text '200' is set on object 'Object Repository/RecAndPlayBk/Page-Vlink-ACH-Void/input_Original Transaction Type'

2023-02-15 23:15:06 - [MESSAGE][PASSED] - Text '200' is set on object 'Object Repository/RecAndPlayBk/Page-Vlink-ACH-Void/input_Original Transaction Type'

2023-02-15 23:15:06 - [TEST_STEP][PASSED] - click(findTestObject("Object Repository/RecAndPlayBk/Page-Vlink-ACH-Void/input")): Object: 'Object Repository/RecAndPlayBk/Page-Vlink-ACH-Void/input' is clicked on

2023-02-15 23:15:07 - [MESSAGE][PASSED] - Object: 'Object Repository/RecAndPlayBk/Page-Vlink-ACH-Void/input' is clicked on

2023-02-15 23:15:07 - [TEST_STEP][PASSED] - if (verifyTextPresent(errorMsg, true)): null

2023-02-15 23:15:07 - [MESSAGE][PASSED] - Text 'Signon authentication error' is present on page  using regular expression

2023-02-15 23:15:07 - [TEST_STEP][PASSED] - println("Error Message is present on the Confirmation page"): null

2023-02-15 23:15:07 - [TEST_STEP][PASSED] - out.println("Pass Record Number: " + row): null

2023-02-15 23:15:07 - [TEST_STEP][PASSED] - resText = "Pass": null

2023-02-15 23:15:07 - [TEST_STEP][PASSED] - pages.WriteExcel.demoKey(resText, datText, resColumn, datCloumn, fileLoc, nameSheet, row): pages.WriteExcel.demoKey is PASSED

2023-02-15 23:15:07 - [MESSAGE][PASSED] - pages.WriteExcel.demoKey is PASSED

2023-02-15 23:15:07 - [TEST_STEP][PASSED] - ExecuteTC = findTestData(dataFile).getValue("Execute", row): null

2023-02-15 23:15:07 - [TEST_STEP][PASSED] - out.println("Value of Execute is : " + ExecuteTC): null

2023-02-15 23:15:07 - [TEST_STEP][FAILED] - if (ExecuteTC.equalsIgnoreCase("Y")): null

2023-02-15 23:15:07 - [TEST_STEP][PASSED] - out.println("Begin Record Number: " + row): null

2023-02-15 23:15:07 - [TEST_STEP][PASSED] - today = new java.util.Date(): null

2023-02-15 23:15:07 - [TEST_STEP][PASSED] - println(today): null

2023-02-15 23:15:07 - [TEST_STEP][PASSED] - datText = today: null

2023-02-15 23:15:07 - [TEST_STEP][PASSED] - appID = findTestData(dataFile).getValue("AppID", row): null

2023-02-15 23:15:07 - [TEST_STEP][PASSED] - username = findTestData(dataFile).getValue("Username", row): null

2023-02-15 23:15:08 - [TEST_STEP][PASSED] - password = findTestData(dataFile).getValue("Password", row): null

2023-02-15 23:15:08 - [TEST_STEP][PASSED] - errorMsg = findTestData(dataFile).getValue("ErrorMsg", row): null

2023-02-15 23:15:08 - [TEST_STEP][PASSED] - tranType = findTestData(dataFile).getValue("TranType", row): null

2023-02-15 23:15:08 - [TEST_STEP][PASSED] - mv = findTestData(dataFile).getValue("MV", row): null

2023-02-15 23:15:08 - [TEST_STEP][PASSED] - resFormat = findTestData(dataFile).getValue("ResFormat", row): null

2023-02-15 23:15:08 - [TEST_STEP][PASSED] - checkType = findTestData(dataFile).getValue("CheckType", row): null

2023-02-15 23:15:08 - [TEST_STEP][PASSED] - sec = findTestData(dataFile).getValue("SEC", row): null

2023-02-15 23:15:08 - [TEST_STEP][PASSED] - tranID = findTestData(dataFile).getValue("TranxID", row): null

2023-02-15 23:15:08 - [TEST_STEP][PASSED] - origTranType = findTestData(dataFile).getValue("OriginalTranType", row): null

2023-02-15 23:15:08 - [TEST_STEP][PASSED] - openBrowser(VLinkURL + "ACH_void.html"): Browser is opened with url: 'https://dev-algorithm.govolution.com/vlinktest/QA/version_2_0/ACH_void.html'

2023-02-15 23:15:08 - [MESSAGE][WARNING] - A browser is already opened. Closing browser and opening a new one

2023-02-15 23:15:09 - [MESSAGE][INFO] - Starting 'Chrome' driver

2023-02-15 23:15:09 - [MESSAGE][INFO] - User set preference: ['acceptInsecureCerts', 'true']

2023-02-15 23:15:09 - [MESSAGE][INFO] - Action delay is set to 0 milliseconds

2023-02-15 23:15:11 - [MESSAGE][PASSED] - Browser is opened with url: 'https://dev-algorithm.govolution.com/vlinktest/QA/version_2_0/ACH_void.html'

2023-02-15 23:15:11 - [TEST_STEP][PASSED] - maximizeWindow(): Current window maximized

2023-02-15 23:15:11 - [MESSAGE][PASSED] - Current window maximized

2023-02-15 23:15:11 - [TEST_STEP][PASSED] - setText(findTestObject("Object Repository/RecAndPlayBk/Page-Vlink-ACH-Void/input_Transaction Type"), tranType): Text '200' is set on object 'Object Repository/RecAndPlayBk/Page-Vlink-ACH-Void/input_Transaction Type'

2023-02-15 23:15:12 - [MESSAGE][PASSED] - Text '200' is set on object 'Object Repository/RecAndPlayBk/Page-Vlink-ACH-Void/input_Transaction Type'

2023-02-15 23:15:12 - [TEST_STEP][PASSED] - setText(findTestObject("Object Repository/RecAndPlayBk/Page-Vlink-ACH-Void/input_Message Version"), mv): Text '2.0A' is set on object 'Object Repository/RecAndPlayBk/Page-Vlink-ACH-Void/input_Message Version'

2023-02-15 23:15:12 - [MESSAGE][PASSED] - Text '2.0A' is set on object 'Object Repository/RecAndPlayBk/Page-Vlink-ACH-Void/input_Message Version'

2023-02-15 23:15:12 - [TEST_STEP][PASSED] - genRemID = RandomStringUtils.random(12, true, true): null

2023-02-15 23:15:12 - [TEST_STEP][PASSED] - setText(findTestObject("Object Repository/RecAndPlayBk/Page-Vlink-ACH-Void/input_Remittance Id"), genRemID): Text 'uV4SXb50E1l1' is set on object 'Object Repository/RecAndPlayBk/Page-Vlink-ACH-Void/input_Remittance Id'

2023-02-15 23:15:13 - [MESSAGE][PASSED] - Text 'uV4SXb50E1l1' is set on object 'Object Repository/RecAndPlayBk/Page-Vlink-ACH-Void/input_Remittance Id'

2023-02-15 23:15:13 - [TEST_STEP][PASSED] - setText(findTestObject("Object Repository/RecAndPlayBk/Page-Vlink-ACH-Void/input_Application Id"), appID): Text '234' is set on object 'Object Repository/RecAndPlayBk/Page-Vlink-ACH-Void/input_Application Id'

2023-02-15 23:15:14 - [MESSAGE][PASSED] - Text '234' is set on object 'Object Repository/RecAndPlayBk/Page-Vlink-ACH-Void/input_Application Id'

2023-02-15 23:15:14 - [TEST_STEP][PASSED] - setText(findTestObject("Object Repository/RecAndPlayBk/Page-Vlink-ACH-Void/input_Username"), username): Text 'username' is set on object 'Object Repository/RecAndPlayBk/Page-Vlink-ACH-Void/input_Username'

2023-02-15 23:15:14 - [MESSAGE][PASSED] - Text 'username' is set on object 'Object Repository/RecAndPlayBk/Page-Vlink-ACH-Void/input_Username'

2023-02-15 23:15:14 - [TEST_STEP][PASSED] - setText(findTestObject("Object Repository/RecAndPlayBk/Page-Vlink-ACH-Void/input_Password"), password): Text 'password' is set on object 'Object Repository/RecAndPlayBk/Page-Vlink-ACH-Void/input_Password'

2023-02-15 23:15:15 - [MESSAGE][PASSED] - Text 'password' is set on object 'Object Repository/RecAndPlayBk/Page-Vlink-ACH-Void/input_Password'

2023-02-15 23:15:15 - [TEST_STEP][PASSED] - setText(findTestObject("Object Repository/RecAndPlayBk/Page-Vlink-ACH-Void/input_Response Format"), resFormat): Text '' is set on object 'Object Repository/RecAndPlayBk/Page-Vlink-ACH-Void/input_Response Format'

2023-02-15 23:15:15 - [MESSAGE][PASSED] - Text '' is set on object 'Object Repository/RecAndPlayBk/Page-Vlink-ACH-Void/input_Response Format'

2023-02-15 23:15:15 - [TEST_STEP][PASSED] - setText(findTestObject("Object Repository/RecAndPlayBk/Page-Vlink-ACH-Void/input_Check Type"), checkType): Text 'P' is set on object 'Object Repository/RecAndPlayBk/Page-Vlink-ACH-Void/input_Check Type'

2023-02-15 23:15:16 - [MESSAGE][PASSED] - Text 'P' is set on object 'Object Repository/RecAndPlayBk/Page-Vlink-ACH-Void/input_Check Type'

2023-02-15 23:15:16 - [TEST_STEP][PASSED] - setText(findTestObject("Object Repository/RecAndPlayBk/Page-Vlink-ACH-Void/input_Standard Entry Class"), sec): Text 'PPD' is set on object 'Object Repository/RecAndPlayBk/Page-Vlink-ACH-Void/input_Standard Entry Class'

2023-02-15 23:15:17 - [MESSAGE][PASSED] - Text 'PPD' is set on object 'Object Repository/RecAndPlayBk/Page-Vlink-ACH-Void/input_Standard Entry Class'

2023-02-15 23:15:17 - [TEST_STEP][PASSED] - setText(findTestObject("Object Repository/RecAndPlayBk/Page-Vlink-ACH-Void/input_Transaction ID"), tranID): Text '12124566' is set on object 'Object Repository/RecAndPlayBk/Page-Vlink-ACH-Void/input_Transaction ID'

2023-02-15 23:15:17 - [MESSAGE][PASSED] - Text '12124566' is set on object 'Object Repository/RecAndPlayBk/Page-Vlink-ACH-Void/input_Transaction ID'

2023-02-15 23:15:17 - [TEST_STEP][PASSED] - setText(findTestObject("Object Repository/RecAndPlayBk/Page-Vlink-ACH-Void/input_Original Transaction Type"), origTranType): Text '200' is set on object 'Object Repository/RecAndPlayBk/Page-Vlink-ACH-Void/input_Original Transaction Type'

2023-02-15 23:15:18 - [MESSAGE][PASSED] - Text '200' is set on object 'Object Repository/RecAndPlayBk/Page-Vlink-ACH-Void/input_Original Transaction Type'

2023-02-15 23:15:18 - [TEST_STEP][PASSED] - click(findTestObject("Object Repository/RecAndPlayBk/Page-Vlink-ACH-Void/input")): Object: 'Object Repository/RecAndPlayBk/Page-Vlink-ACH-Void/input' is clicked on

2023-02-15 23:15:18 - [MESSAGE][PASSED] - Object: 'Object Repository/RecAndPlayBk/Page-Vlink-ACH-Void/input' is clicked on

2023-02-15 23:15:18 - [TEST_STEP][FAILED] - if (verifyTextPresent(errorMsg, true)): Text 'check_first_name, check_last_name, check_address, check_city, check_state, che' is not present on page  using regular expression (Root cause: com.kms.katalon.core.exception.StepFailedException: Text 'check_first_name, check_last_name, check_address, check_city, check_state, che' is not present on page  using regular expression
	at com.kms.katalon.core.webui.keyword.internal.WebUIKeywordMain.stepFailed(WebUIKeywordMain.groovy:64)
	at com.kms.katalon.core.webui.keyword.builtin.VerifyTextPresentKeyword$_verifyTextPresent_closure1.doCall(VerifyTextPresentKeyword.groovy:79)
	at com.kms.katalon.core.webui.keyword.builtin.VerifyTextPresentKeyword$_verifyTextPresent_closure1.call(VerifyTextPresentKeyword.groovy)
	at com.kms.katalon.core.webui.keyword.internal.WebUIKeywordMain.runKeyword(WebUIKeywordMain.groovy:20)
	at com.kms.katalon.core.webui.keyword.builtin.VerifyTextPresentKeyword.verifyTextPresent(VerifyTextPresentKeyword.groovy:83)
	at com.kms.katalon.core.webui.keyword.builtin.VerifyTextPresentKeyword.execute(VerifyTextPresentKeyword.groovy:68)
	at com.kms.katalon.core.keyword.internal.KeywordExecutor.executeKeywordForPlatform(KeywordExecutor.groovy:74)
	at com.kms.katalon.core.webui.keyword.WebUiBuiltInKeywords.verifyTextPresent(WebUiBuiltInKeywords.groovy:1723)
	at com.kms.katalon.core.webui.keyword.WebUiBuiltInKeywords$verifyTextPresent$4.call(Unknown Source)
	at ACH-Void-MRF.run(ACH-Void-MRF:105)
	at com.kms.katalon.core.main.ScriptEngine.run(ScriptEngine.java:194)
	at com.kms.katalon.core.main.ScriptEngine.runScriptAsRawText(ScriptEngine.java:119)
	at com.kms.katalon.core.main.TestCaseExecutor.runScript(TestCaseExecutor.java:442)
	at com.kms.katalon.core.main.TestCaseExecutor.doExecute(TestCaseExecutor.java:433)
	at com.kms.katalon.core.main.TestCaseExecutor.processExecutionPhase(TestCaseExecutor.java:412)
	at com.kms.katalon.core.main.TestCaseExecutor.accessMainPhase(TestCaseExecutor.java:404)
	at com.kms.katalon.core.main.TestCaseExecutor.execute(TestCaseExecutor.java:281)
	at com.kms.katalon.core.main.TestSuiteExecutor.accessTestCaseMainPhase(TestSuiteExecutor.java:202)
	at com.kms.katalon.core.main.TestSuiteExecutor.accessTestSuiteMainPhase(TestSuiteExecutor.java:164)
	at com.kms.katalon.core.main.TestSuiteExecutor.execute(TestSuiteExecutor.java:105)
	at com.kms.katalon.core.main.TestCaseMain.startTestSuite(TestCaseMain.java:185)
	at com.kms.katalon.core.main.TestCaseMain$startTestSuite$0.call(Unknown Source)
	at TempTestSuite1676515943031.run(TempTestSuite1676515943031.groovy:36)
)

2023-02-15 23:15:19 - [MESSAGE][FAILED] - Text 'check_first_name, check_last_name, check_address, check_city, check_state, che' is not present on page  using regular expression (Root cause: com.kms.katalon.core.exception.StepFailedException: Text 'check_first_name, check_last_name, check_address, check_city, check_state, che' is not present on page  using regular expression
	at com.kms.katalon.core.webui.keyword.internal.WebUIKeywordMain.stepFailed(WebUIKeywordMain.groovy:64)
	at com.kms.katalon.core.webui.keyword.builtin.VerifyTextPresentKeyword$_verifyTextPresent_closure1.doCall(VerifyTextPresentKeyword.groovy:79)
	at com.kms.katalon.core.webui.keyword.builtin.VerifyTextPresentKeyword$_verifyTextPresent_closure1.call(VerifyTextPresentKeyword.groovy)
	at com.kms.katalon.core.webui.keyword.internal.WebUIKeywordMain.runKeyword(WebUIKeywordMain.groovy:20)
	at com.kms.katalon.core.webui.keyword.builtin.VerifyTextPresentKeyword.verifyTextPresent(VerifyTextPresentKeyword.groovy:83)
	at com.kms.katalon.core.webui.keyword.builtin.VerifyTextPresentKeyword.execute(VerifyTextPresentKeyword.groovy:68)
	at com.kms.katalon.core.keyword.internal.KeywordExecutor.executeKeywordForPlatform(KeywordExecutor.groovy:74)
	at com.kms.katalon.core.webui.keyword.WebUiBuiltInKeywords.verifyTextPresent(WebUiBuiltInKeywords.groovy:1723)
	at com.kms.katalon.core.webui.keyword.WebUiBuiltInKeywords$verifyTextPresent$4.call(Unknown Source)
	at ACH-Void-MRF.run(ACH-Void-MRF:105)
	at com.kms.katalon.core.main.ScriptEngine.run(ScriptEngine.java:194)
	at com.kms.katalon.core.main.ScriptEngine.runScriptAsRawText(ScriptEngine.java:119)
	at com.kms.katalon.core.main.TestCaseExecutor.runScript(TestCaseExecutor.java:442)
	at com.kms.katalon.core.main.TestCaseExecutor.doExecute(TestCaseExecutor.java:433)
	at com.kms.katalon.core.main.TestCaseExecutor.processExecutionPhase(TestCaseExecutor.java:412)
	at com.kms.katalon.core.main.TestCaseExecutor.accessMainPhase(TestCaseExecutor.java:404)
	at com.kms.katalon.core.main.TestCaseExecutor.execute(TestCaseExecutor.java:281)
	at com.kms.katalon.core.main.TestSuiteExecutor.accessTestCaseMainPhase(TestSuiteExecutor.java:202)
	at com.kms.katalon.core.main.TestSuiteExecutor.accessTestSuiteMainPhase(TestSuiteExecutor.java:164)
	at com.kms.katalon.core.main.TestSuiteExecutor.execute(TestSuiteExecutor.java:105)
	at com.kms.katalon.core.main.TestCaseMain.startTestSuite(TestCaseMain.java:185)
	at com.kms.katalon.core.main.TestCaseMain$startTestSuite$0.call(Unknown Source)
	at TempTestSuite1676515943031.run(TempTestSuite1676515943031.groovy:36)
)

2023-02-15 23:15:19 - [TEST_STEP][PASSED] - else: pages.WriteExcel.demoKey is PASSED

2023-02-15 23:15:19 - [TEST_STEP][PASSED] - println("Error Message is not present on the Confirmation page"): null

2023-02-15 23:15:19 - [TEST_STEP][PASSED] - out.println("Fail Record Number: " + row): null

2023-02-15 23:15:19 - [TEST_STEP][PASSED] - resText = "Fail": null

2023-02-15 23:15:19 - [TEST_STEP][PASSED] - pages.WriteExcel.demoKey(resText, datText, resColumn, datCloumn, fileLoc, nameSheet, row): pages.WriteExcel.demoKey is PASSED

2023-02-15 23:15:19 - [MESSAGE][PASSED] - pages.WriteExcel.demoKey is PASSED

2023-02-15 23:15:19 - [TEST_STEP][PASSED] - ExecuteTC = findTestData(dataFile).getValue("Execute", row): null

2023-02-15 23:15:19 - [TEST_STEP][PASSED] - out.println("Value of Execute is : " + ExecuteTC): null

2023-02-15 23:15:19 - [TEST_STEP][PASSED] - if (ExecuteTC.equalsIgnoreCase("Y")): null

2023-02-15 23:15:19 - [TEST_STEP][PASSED] - out.println("Begin Record Number: " + row): null

2023-02-15 23:15:19 - [TEST_STEP][PASSED] - today = new java.util.Date(): null

2023-02-15 23:15:19 - [TEST_STEP][PASSED] - println(today): null

2023-02-15 23:15:19 - [TEST_STEP][PASSED] - datText = today: null

2023-02-15 23:15:19 - [TEST_STEP][PASSED] - appID = findTestData(dataFile).getValue("AppID", row): null

2023-02-15 23:15:19 - [TEST_STEP][PASSED] - username = findTestData(dataFile).getValue("Username", row): null

2023-02-15 23:15:19 - [TEST_STEP][PASSED] - password = findTestData(dataFile).getValue("Password", row): null

2023-02-15 23:15:19 - [TEST_STEP][PASSED] - errorMsg = findTestData(dataFile).getValue("ErrorMsg", row): null

2023-02-15 23:15:19 - [TEST_STEP][PASSED] - tranType = findTestData(dataFile).getValue("TranType", row): null

2023-02-15 23:15:19 - [TEST_STEP][PASSED] - mv = findTestData(dataFile).getValue("MV", row): null

2023-02-15 23:15:19 - [TEST_STEP][PASSED] - resFormat = findTestData(dataFile).getValue("ResFormat", row): null

2023-02-15 23:15:19 - [TEST_STEP][PASSED] - checkType = findTestData(dataFile).getValue("CheckType", row): null

2023-02-15 23:15:19 - [TEST_STEP][PASSED] - sec = findTestData(dataFile).getValue("SEC", row): null

2023-02-15 23:15:19 - [TEST_STEP][PASSED] - tranID = findTestData(dataFile).getValue("TranxID", row): null

2023-02-15 23:15:20 - [TEST_STEP][PASSED] - origTranType = findTestData(dataFile).getValue("OriginalTranType", row): null

2023-02-15 23:15:20 - [TEST_STEP][PASSED] - openBrowser(VLinkURL + "ACH_void.html"): Browser is opened with url: 'https://dev-algorithm.govolution.com/vlinktest/QA/version_2_0/ACH_void.html'

2023-02-15 23:15:20 - [MESSAGE][WARNING] - A browser is already opened. Closing browser and opening a new one

2023-02-15 23:15:20 - [MESSAGE][INFO] - Starting 'Chrome' driver

2023-02-15 23:15:20 - [MESSAGE][INFO] - User set preference: ['acceptInsecureCerts', 'true']

2023-02-15 23:15:20 - [MESSAGE][INFO] - Action delay is set to 0 milliseconds

2023-02-15 23:15:22 - [MESSAGE][PASSED] - Browser is opened with url: 'https://dev-algorithm.govolution.com/vlinktest/QA/version_2_0/ACH_void.html'

2023-02-15 23:15:22 - [TEST_STEP][PASSED] - maximizeWindow(): Current window maximized

2023-02-15 23:15:22 - [MESSAGE][PASSED] - Current window maximized

2023-02-15 23:15:22 - [TEST_STEP][PASSED] - setText(findTestObject("Object Repository/RecAndPlayBk/Page-Vlink-ACH-Void/input_Transaction Type"), tranType): Text '200' is set on object 'Object Repository/RecAndPlayBk/Page-Vlink-ACH-Void/input_Transaction Type'

2023-02-15 23:15:23 - [MESSAGE][PASSED] - Text '200' is set on object 'Object Repository/RecAndPlayBk/Page-Vlink-ACH-Void/input_Transaction Type'

2023-02-15 23:15:23 - [TEST_STEP][PASSED] - setText(findTestObject("Object Repository/RecAndPlayBk/Page-Vlink-ACH-Void/input_Message Version"), mv): Text '2.0A' is set on object 'Object Repository/RecAndPlayBk/Page-Vlink-ACH-Void/input_Message Version'

2023-02-15 23:15:24 - [MESSAGE][PASSED] - Text '2.0A' is set on object 'Object Repository/RecAndPlayBk/Page-Vlink-ACH-Void/input_Message Version'

2023-02-15 23:15:24 - [TEST_STEP][PASSED] - genRemID = RandomStringUtils.random(12, true, true): null

2023-02-15 23:15:24 - [TEST_STEP][PASSED] - setText(findTestObject("Object Repository/RecAndPlayBk/Page-Vlink-ACH-Void/input_Remittance Id"), genRemID): Text 'LoXjAAOb7xCR' is set on object 'Object Repository/RecAndPlayBk/Page-Vlink-ACH-Void/input_Remittance Id'

2023-02-15 23:15:24 - [MESSAGE][PASSED] - Text 'LoXjAAOb7xCR' is set on object 'Object Repository/RecAndPlayBk/Page-Vlink-ACH-Void/input_Remittance Id'

2023-02-15 23:15:24 - [TEST_STEP][PASSED] - setText(findTestObject("Object Repository/RecAndPlayBk/Page-Vlink-ACH-Void/input_Application Id"), appID): Text '234' is set on object 'Object Repository/RecAndPlayBk/Page-Vlink-ACH-Void/input_Application Id'

2023-02-15 23:15:25 - [MESSAGE][PASSED] - Text '234' is set on object 'Object Repository/RecAndPlayBk/Page-Vlink-ACH-Void/input_Application Id'

2023-02-15 23:15:25 - [TEST_STEP][PASSED] - setText(findTestObject("Object Repository/RecAndPlayBk/Page-Vlink-ACH-Void/input_Username"), username): Text 'username' is set on object 'Object Repository/RecAndPlayBk/Page-Vlink-ACH-Void/input_Username'

2023-02-15 23:15:26 - [MESSAGE][PASSED] - Text 'username' is set on object 'Object Repository/RecAndPlayBk/Page-Vlink-ACH-Void/input_Username'

2023-02-15 23:15:26 - [TEST_STEP][PASSED] - setText(findTestObject("Object Repository/RecAndPlayBk/Page-Vlink-ACH-Void/input_Password"), password): Text 'password' is set on object 'Object Repository/RecAndPlayBk/Page-Vlink-ACH-Void/input_Password'

2023-02-15 23:15:26 - [MESSAGE][PASSED] - Text 'password' is set on object 'Object Repository/RecAndPlayBk/Page-Vlink-ACH-Void/input_Password'

2023-02-15 23:15:26 - [TEST_STEP][PASSED] - setText(findTestObject("Object Repository/RecAndPlayBk/Page-Vlink-ACH-Void/input_Response Format"), resFormat): Text 'fixed_width' is set on object 'Object Repository/RecAndPlayBk/Page-Vlink-ACH-Void/input_Response Format'

2023-02-15 23:15:27 - [MESSAGE][PASSED] - Text 'fixed_width' is set on object 'Object Repository/RecAndPlayBk/Page-Vlink-ACH-Void/input_Response Format'

2023-02-15 23:15:27 - [TEST_STEP][PASSED] - setText(findTestObject("Object Repository/RecAndPlayBk/Page-Vlink-ACH-Void/input_Check Type"), checkType): Text '' is set on object 'Object Repository/RecAndPlayBk/Page-Vlink-ACH-Void/input_Check Type'

2023-02-15 23:15:27 - [MESSAGE][PASSED] - Text '' is set on object 'Object Repository/RecAndPlayBk/Page-Vlink-ACH-Void/input_Check Type'

2023-02-15 23:15:27 - [TEST_STEP][PASSED] - setText(findTestObject("Object Repository/RecAndPlayBk/Page-Vlink-ACH-Void/input_Standard Entry Class"), sec): Text 'WEB' is set on object 'Object Repository/RecAndPlayBk/Page-Vlink-ACH-Void/input_Standard Entry Class'

2023-02-15 23:15:28 - [MESSAGE][PASSED] - Text 'WEB' is set on object 'Object Repository/RecAndPlayBk/Page-Vlink-ACH-Void/input_Standard Entry Class'

2023-02-15 23:15:28 - [TEST_STEP][PASSED] - setText(findTestObject("Object Repository/RecAndPlayBk/Page-Vlink-ACH-Void/input_Transaction ID"), tranID): Text '12124566' is set on object 'Object Repository/RecAndPlayBk/Page-Vlink-ACH-Void/input_Transaction ID'

2023-02-15 23:15:29 - [MESSAGE][PASSED] - Text '12124566' is set on object 'Object Repository/RecAndPlayBk/Page-Vlink-ACH-Void/input_Transaction ID'

2023-02-15 23:15:29 - [TEST_STEP][PASSED] - setText(findTestObject("Object Repository/RecAndPlayBk/Page-Vlink-ACH-Void/input_Original Transaction Type"), origTranType): Text '200' is set on object 'Object Repository/RecAndPlayBk/Page-Vlink-ACH-Void/input_Original Transaction Type'

2023-02-15 23:15:29 - [MESSAGE][PASSED] - Text '200' is set on object 'Object Repository/RecAndPlayBk/Page-Vlink-ACH-Void/input_Original Transaction Type'

2023-02-15 23:15:29 - [TEST_STEP][PASSED] - click(findTestObject("Object Repository/RecAndPlayBk/Page-Vlink-ACH-Void/input")): Object: 'Object Repository/RecAndPlayBk/Page-Vlink-ACH-Void/input' is clicked on

2023-02-15 23:15:30 - [MESSAGE][PASSED] - Object: 'Object Repository/RecAndPlayBk/Page-Vlink-ACH-Void/input' is clicked on

2023-02-15 23:15:30 - [TEST_STEP][PASSED] - if (verifyTextPresent(errorMsg, true)): null

2023-02-15 23:15:30 - [MESSAGE][PASSED] - Text 'Bank Account type not valid' is present on page  using regular expression

2023-02-15 23:15:30 - [TEST_STEP][PASSED] - println("Error Message is present on the Confirmation page"): null

2023-02-15 23:15:30 - [TEST_STEP][PASSED] - out.println("Pass Record Number: " + row): null

2023-02-15 23:15:30 - [TEST_STEP][PASSED] - resText = "Pass": null

2023-02-15 23:15:30 - [TEST_STEP][PASSED] - pages.WriteExcel.demoKey(resText, datText, resColumn, datCloumn, fileLoc, nameSheet, row): pages.WriteExcel.demoKey is PASSED

2023-02-15 23:15:30 - [MESSAGE][PASSED] - pages.WriteExcel.demoKey is PASSED

2023-02-15 23:15:30 - [TEST_STEP][PASSED] - ExecuteTC = findTestData(dataFile).getValue("Execute", row): null

2023-02-15 23:15:30 - [TEST_STEP][PASSED] - out.println("Value of Execute is : " + ExecuteTC): null

2023-02-15 23:15:30 - [TEST_STEP][PASSED] - if (ExecuteTC.equalsIgnoreCase("Y")): null

2023-02-15 23:15:30 - [TEST_STEP][PASSED] - out.println("Begin Record Number: " + row): null

2023-02-15 23:15:30 - [TEST_STEP][PASSED] - today = new java.util.Date(): null

2023-02-15 23:15:30 - [TEST_STEP][PASSED] - println(today): null

2023-02-15 23:15:30 - [TEST_STEP][PASSED] - datText = today: null

2023-02-15 23:15:30 - [TEST_STEP][PASSED] - appID = findTestData(dataFile).getValue("AppID", row): null

2023-02-15 23:15:30 - [TEST_STEP][PASSED] - username = findTestData(dataFile).getValue("Username", row): null

2023-02-15 23:15:30 - [TEST_STEP][PASSED] - password = findTestData(dataFile).getValue("Password", row): null

2023-02-15 23:15:31 - [TEST_STEP][PASSED] - errorMsg = findTestData(dataFile).getValue("ErrorMsg", row): null

2023-02-15 23:15:31 - [TEST_STEP][PASSED] - tranType = findTestData(dataFile).getValue("TranType", row): null

2023-02-15 23:15:31 - [TEST_STEP][PASSED] - mv = findTestData(dataFile).getValue("MV", row): null

2023-02-15 23:15:31 - [TEST_STEP][PASSED] - resFormat = findTestData(dataFile).getValue("ResFormat", row): null

2023-02-15 23:15:31 - [TEST_STEP][PASSED] - checkType = findTestData(dataFile).getValue("CheckType", row): null

2023-02-15 23:15:31 - [TEST_STEP][PASSED] - sec = findTestData(dataFile).getValue("SEC", row): null

2023-02-15 23:15:31 - [TEST_STEP][PASSED] - tranID = findTestData(dataFile).getValue("TranxID", row): null

2023-02-15 23:15:31 - [TEST_STEP][PASSED] - origTranType = findTestData(dataFile).getValue("OriginalTranType", row): null

2023-02-15 23:15:31 - [TEST_STEP][PASSED] - openBrowser(VLinkURL + "ACH_void.html"): Browser is opened with url: 'https://dev-algorithm.govolution.com/vlinktest/QA/version_2_0/ACH_void.html'

2023-02-15 23:15:31 - [MESSAGE][WARNING] - A browser is already opened. Closing browser and opening a new one

2023-02-15 23:15:32 - [MESSAGE][INFO] - Starting 'Chrome' driver

2023-02-15 23:15:32 - [MESSAGE][INFO] - User set preference: ['acceptInsecureCerts', 'true']

2023-02-15 23:15:32 - [MESSAGE][INFO] - Action delay is set to 0 milliseconds

2023-02-15 23:15:34 - [MESSAGE][PASSED] - Browser is opened with url: 'https://dev-algorithm.govolution.com/vlinktest/QA/version_2_0/ACH_void.html'

2023-02-15 23:15:34 - [TEST_STEP][PASSED] - maximizeWindow(): Current window maximized

2023-02-15 23:15:34 - [MESSAGE][PASSED] - Current window maximized

2023-02-15 23:15:34 - [TEST_STEP][PASSED] - setText(findTestObject("Object Repository/RecAndPlayBk/Page-Vlink-ACH-Void/input_Transaction Type"), tranType): Text '200' is set on object 'Object Repository/RecAndPlayBk/Page-Vlink-ACH-Void/input_Transaction Type'

2023-02-15 23:15:35 - [MESSAGE][PASSED] - Text '200' is set on object 'Object Repository/RecAndPlayBk/Page-Vlink-ACH-Void/input_Transaction Type'

2023-02-15 23:15:35 - [TEST_STEP][PASSED] - setText(findTestObject("Object Repository/RecAndPlayBk/Page-Vlink-ACH-Void/input_Message Version"), mv): Text '2.0A' is set on object 'Object Repository/RecAndPlayBk/Page-Vlink-ACH-Void/input_Message Version'

2023-02-15 23:15:35 - [MESSAGE][PASSED] - Text '2.0A' is set on object 'Object Repository/RecAndPlayBk/Page-Vlink-ACH-Void/input_Message Version'

2023-02-15 23:15:35 - [TEST_STEP][PASSED] - genRemID = RandomStringUtils.random(12, true, true): null

2023-02-15 23:15:35 - [TEST_STEP][PASSED] - setText(findTestObject("Object Repository/RecAndPlayBk/Page-Vlink-ACH-Void/input_Remittance Id"), genRemID): Text 'HBithFVNREgM' is set on object 'Object Repository/RecAndPlayBk/Page-Vlink-ACH-Void/input_Remittance Id'

2023-02-15 23:15:36 - [MESSAGE][PASSED] - Text 'HBithFVNREgM' is set on object 'Object Repository/RecAndPlayBk/Page-Vlink-ACH-Void/input_Remittance Id'

2023-02-15 23:15:36 - [TEST_STEP][PASSED] - setText(findTestObject("Object Repository/RecAndPlayBk/Page-Vlink-ACH-Void/input_Application Id"), appID): Text '234' is set on object 'Object Repository/RecAndPlayBk/Page-Vlink-ACH-Void/input_Application Id'

2023-02-15 23:15:36 - [MESSAGE][PASSED] - Text '234' is set on object 'Object Repository/RecAndPlayBk/Page-Vlink-ACH-Void/input_Application Id'

2023-02-15 23:15:36 - [TEST_STEP][PASSED] - setText(findTestObject("Object Repository/RecAndPlayBk/Page-Vlink-ACH-Void/input_Username"), username): Text 'username' is set on object 'Object Repository/RecAndPlayBk/Page-Vlink-ACH-Void/input_Username'

2023-02-15 23:15:37 - [MESSAGE][PASSED] - Text 'username' is set on object 'Object Repository/RecAndPlayBk/Page-Vlink-ACH-Void/input_Username'

2023-02-15 23:15:37 - [TEST_STEP][PASSED] - setText(findTestObject("Object Repository/RecAndPlayBk/Page-Vlink-ACH-Void/input_Password"), password): Text 'password' is set on object 'Object Repository/RecAndPlayBk/Page-Vlink-ACH-Void/input_Password'

2023-02-15 23:15:38 - [MESSAGE][PASSED] - Text 'password' is set on object 'Object Repository/RecAndPlayBk/Page-Vlink-ACH-Void/input_Password'

2023-02-15 23:15:38 - [TEST_STEP][PASSED] - setText(findTestObject("Object Repository/RecAndPlayBk/Page-Vlink-ACH-Void/input_Response Format"), resFormat): Text 'fixed_width' is set on object 'Object Repository/RecAndPlayBk/Page-Vlink-ACH-Void/input_Response Format'

2023-02-15 23:15:38 - [MESSAGE][PASSED] - Text 'fixed_width' is set on object 'Object Repository/RecAndPlayBk/Page-Vlink-ACH-Void/input_Response Format'

2023-02-15 23:15:38 - [TEST_STEP][PASSED] - setText(findTestObject("Object Repository/RecAndPlayBk/Page-Vlink-ACH-Void/input_Check Type"), checkType): Text 'P' is set on object 'Object Repository/RecAndPlayBk/Page-Vlink-ACH-Void/input_Check Type'

2023-02-15 23:15:39 - [MESSAGE][PASSED] - Text 'P' is set on object 'Object Repository/RecAndPlayBk/Page-Vlink-ACH-Void/input_Check Type'

2023-02-15 23:15:39 - [TEST_STEP][PASSED] - setText(findTestObject("Object Repository/RecAndPlayBk/Page-Vlink-ACH-Void/input_Standard Entry Class"), sec): Text '' is set on object 'Object Repository/RecAndPlayBk/Page-Vlink-ACH-Void/input_Standard Entry Class'

2023-02-15 23:15:40 - [MESSAGE][PASSED] - Text '' is set on object 'Object Repository/RecAndPlayBk/Page-Vlink-ACH-Void/input_Standard Entry Class'

2023-02-15 23:15:40 - [TEST_STEP][PASSED] - setText(findTestObject("Object Repository/RecAndPlayBk/Page-Vlink-ACH-Void/input_Transaction ID"), tranID): Text '12124566' is set on object 'Object Repository/RecAndPlayBk/Page-Vlink-ACH-Void/input_Transaction ID'

2023-02-15 23:15:40 - [MESSAGE][PASSED] - Text '12124566' is set on object 'Object Repository/RecAndPlayBk/Page-Vlink-ACH-Void/input_Transaction ID'

2023-02-15 23:15:40 - [TEST_STEP][PASSED] - setText(findTestObject("Object Repository/RecAndPlayBk/Page-Vlink-ACH-Void/input_Original Transaction Type"), origTranType): Text '200' is set on object 'Object Repository/RecAndPlayBk/Page-Vlink-ACH-Void/input_Original Transaction Type'

2023-02-15 23:15:41 - [MESSAGE][PASSED] - Text '200' is set on object 'Object Repository/RecAndPlayBk/Page-Vlink-ACH-Void/input_Original Transaction Type'

2023-02-15 23:15:41 - [TEST_STEP][PASSED] - click(findTestObject("Object Repository/RecAndPlayBk/Page-Vlink-ACH-Void/input")): Object: 'Object Repository/RecAndPlayBk/Page-Vlink-ACH-Void/input' is clicked on

2023-02-15 23:15:41 - [MESSAGE][PASSED] - Object: 'Object Repository/RecAndPlayBk/Page-Vlink-ACH-Void/input' is clicked on

2023-02-15 23:15:41 - [TEST_STEP][PASSED] - if (verifyTextPresent(errorMsg, true)): null

2023-02-15 23:15:42 - [MESSAGE][PASSED] - Text 'check_first_name, check_last_name, check_address, check_city, check_state, che' is present on page  using regular expression

2023-02-15 23:15:42 - [TEST_STEP][PASSED] - println("Error Message is present on the Confirmation page"): null

2023-02-15 23:15:42 - [TEST_STEP][PASSED] - out.println("Pass Record Number: " + row): null

2023-02-15 23:15:42 - [TEST_STEP][PASSED] - resText = "Pass": null

2023-02-15 23:15:42 - [TEST_STEP][PASSED] - pages.WriteExcel.demoKey(resText, datText, resColumn, datCloumn, fileLoc, nameSheet, row): pages.WriteExcel.demoKey is PASSED

2023-02-15 23:15:42 - [MESSAGE][PASSED] - pages.WriteExcel.demoKey is PASSED

2023-02-15 23:15:42 - [TEST_STEP][PASSED] - ExecuteTC = findTestData(dataFile).getValue("Execute", row): null

2023-02-15 23:15:42 - [TEST_STEP][PASSED] - out.println("Value of Execute is : " + ExecuteTC): null

2023-02-15 23:15:42 - [TEST_STEP][PASSED] - if (ExecuteTC.equalsIgnoreCase("Y")): null

2023-02-15 23:15:42 - [TEST_STEP][PASSED] - out.println("Begin Record Number: " + row): null

2023-02-15 23:15:42 - [TEST_STEP][PASSED] - today = new java.util.Date(): null

2023-02-15 23:15:42 - [TEST_STEP][PASSED] - println(today): null

2023-02-15 23:15:42 - [TEST_STEP][PASSED] - datText = today: null

2023-02-15 23:15:42 - [TEST_STEP][PASSED] - appID = findTestData(dataFile).getValue("AppID", row): null

2023-02-15 23:15:42 - [TEST_STEP][PASSED] - username = findTestData(dataFile).getValue("Username", row): null

2023-02-15 23:15:42 - [TEST_STEP][PASSED] - password = findTestData(dataFile).getValue("Password", row): null

2023-02-15 23:15:42 - [TEST_STEP][PASSED] - errorMsg = findTestData(dataFile).getValue("ErrorMsg", row): null

2023-02-15 23:15:42 - [TEST_STEP][PASSED] - tranType = findTestData(dataFile).getValue("TranType", row): null

2023-02-15 23:15:42 - [TEST_STEP][PASSED] - mv = findTestData(dataFile).getValue("MV", row): null

2023-02-15 23:15:42 - [TEST_STEP][PASSED] - resFormat = findTestData(dataFile).getValue("ResFormat", row): null

2023-02-15 23:15:42 - [TEST_STEP][PASSED] - checkType = findTestData(dataFile).getValue("CheckType", row): null

2023-02-15 23:15:42 - [TEST_STEP][PASSED] - sec = findTestData(dataFile).getValue("SEC", row): null

2023-02-15 23:15:42 - [TEST_STEP][PASSED] - tranID = findTestData(dataFile).getValue("TranxID", row): null

2023-02-15 23:15:42 - [TEST_STEP][PASSED] - origTranType = findTestData(dataFile).getValue("OriginalTranType", row): null

2023-02-15 23:15:42 - [TEST_STEP][PASSED] - openBrowser(VLinkURL + "ACH_void.html"): Browser is opened with url: 'https://dev-algorithm.govolution.com/vlinktest/QA/version_2_0/ACH_void.html'

2023-02-15 23:15:42 - [MESSAGE][WARNING] - A browser is already opened. Closing browser and opening a new one

2023-02-15 23:15:43 - [MESSAGE][INFO] - Starting 'Chrome' driver

2023-02-15 23:15:43 - [MESSAGE][INFO] - User set preference: ['acceptInsecureCerts', 'true']

2023-02-15 23:15:43 - [MESSAGE][INFO] - Action delay is set to 0 milliseconds

2023-02-15 23:15:45 - [MESSAGE][PASSED] - Browser is opened with url: 'https://dev-algorithm.govolution.com/vlinktest/QA/version_2_0/ACH_void.html'

2023-02-15 23:15:45 - [TEST_STEP][PASSED] - maximizeWindow(): Current window maximized

2023-02-15 23:15:45 - [MESSAGE][PASSED] - Current window maximized

2023-02-15 23:15:45 - [TEST_STEP][PASSED] - setText(findTestObject("Object Repository/RecAndPlayBk/Page-Vlink-ACH-Void/input_Transaction Type"), tranType): Text '200' is set on object 'Object Repository/RecAndPlayBk/Page-Vlink-ACH-Void/input_Transaction Type'

2023-02-15 23:15:46 - [MESSAGE][PASSED] - Text '200' is set on object 'Object Repository/RecAndPlayBk/Page-Vlink-ACH-Void/input_Transaction Type'

2023-02-15 23:15:46 - [TEST_STEP][PASSED] - setText(findTestObject("Object Repository/RecAndPlayBk/Page-Vlink-ACH-Void/input_Message Version"), mv): Text '2.0A' is set on object 'Object Repository/RecAndPlayBk/Page-Vlink-ACH-Void/input_Message Version'

2023-02-15 23:15:47 - [MESSAGE][PASSED] - Text '2.0A' is set on object 'Object Repository/RecAndPlayBk/Page-Vlink-ACH-Void/input_Message Version'

2023-02-15 23:15:47 - [TEST_STEP][PASSED] - genRemID = RandomStringUtils.random(12, true, true): null

2023-02-15 23:15:47 - [TEST_STEP][PASSED] - setText(findTestObject("Object Repository/RecAndPlayBk/Page-Vlink-ACH-Void/input_Remittance Id"), genRemID): Text 'wP7BaJXDub6P' is set on object 'Object Repository/RecAndPlayBk/Page-Vlink-ACH-Void/input_Remittance Id'

2023-02-15 23:15:47 - [MESSAGE][PASSED] - Text 'wP7BaJXDub6P' is set on object 'Object Repository/RecAndPlayBk/Page-Vlink-ACH-Void/input_Remittance Id'

2023-02-15 23:15:47 - [TEST_STEP][PASSED] - setText(findTestObject("Object Repository/RecAndPlayBk/Page-Vlink-ACH-Void/input_Application Id"), appID): Text '234' is set on object 'Object Repository/RecAndPlayBk/Page-Vlink-ACH-Void/input_Application Id'

2023-02-15 23:15:48 - [MESSAGE][PASSED] - Text '234' is set on object 'Object Repository/RecAndPlayBk/Page-Vlink-ACH-Void/input_Application Id'

2023-02-15 23:15:48 - [TEST_STEP][PASSED] - setText(findTestObject("Object Repository/RecAndPlayBk/Page-Vlink-ACH-Void/input_Username"), username): Text 'username' is set on object 'Object Repository/RecAndPlayBk/Page-Vlink-ACH-Void/input_Username'

2023-02-15 23:15:48 - [MESSAGE][PASSED] - Text 'username' is set on object 'Object Repository/RecAndPlayBk/Page-Vlink-ACH-Void/input_Username'

2023-02-15 23:15:48 - [TEST_STEP][PASSED] - setText(findTestObject("Object Repository/RecAndPlayBk/Page-Vlink-ACH-Void/input_Password"), password): Text 'password' is set on object 'Object Repository/RecAndPlayBk/Page-Vlink-ACH-Void/input_Password'

2023-02-15 23:15:49 - [MESSAGE][PASSED] - Text 'password' is set on object 'Object Repository/RecAndPlayBk/Page-Vlink-ACH-Void/input_Password'

2023-02-15 23:15:49 - [TEST_STEP][PASSED] - setText(findTestObject("Object Repository/RecAndPlayBk/Page-Vlink-ACH-Void/input_Response Format"), resFormat): Text 'fixed_width' is set on object 'Object Repository/RecAndPlayBk/Page-Vlink-ACH-Void/input_Response Format'

2023-02-15 23:15:50 - [MESSAGE][PASSED] - Text 'fixed_width' is set on object 'Object Repository/RecAndPlayBk/Page-Vlink-ACH-Void/input_Response Format'

2023-02-15 23:15:50 - [TEST_STEP][PASSED] - setText(findTestObject("Object Repository/RecAndPlayBk/Page-Vlink-ACH-Void/input_Check Type"), checkType): Text 'P' is set on object 'Object Repository/RecAndPlayBk/Page-Vlink-ACH-Void/input_Check Type'

2023-02-15 23:15:50 - [MESSAGE][PASSED] - Text 'P' is set on object 'Object Repository/RecAndPlayBk/Page-Vlink-ACH-Void/input_Check Type'

2023-02-15 23:15:50 - [TEST_STEP][PASSED] - setText(findTestObject("Object Repository/RecAndPlayBk/Page-Vlink-ACH-Void/input_Standard Entry Class"), sec): Text 'WEB' is set on object 'Object Repository/RecAndPlayBk/Page-Vlink-ACH-Void/input_Standard Entry Class'

2023-02-15 23:15:51 - [MESSAGE][PASSED] - Text 'WEB' is set on object 'Object Repository/RecAndPlayBk/Page-Vlink-ACH-Void/input_Standard Entry Class'

2023-02-15 23:15:51 - [TEST_STEP][PASSED] - setText(findTestObject("Object Repository/RecAndPlayBk/Page-Vlink-ACH-Void/input_Transaction ID"), tranID): Text '12124566' is set on object 'Object Repository/RecAndPlayBk/Page-Vlink-ACH-Void/input_Transaction ID'

2023-02-15 23:15:52 - [MESSAGE][PASSED] - Text '12124566' is set on object 'Object Repository/RecAndPlayBk/Page-Vlink-ACH-Void/input_Transaction ID'

2023-02-15 23:15:52 - [TEST_STEP][PASSED] - setText(findTestObject("Object Repository/RecAndPlayBk/Page-Vlink-ACH-Void/input_Original Transaction Type"), origTranType): Text '' is set on object 'Object Repository/RecAndPlayBk/Page-Vlink-ACH-Void/input_Original Transaction Type'

2023-02-15 23:15:52 - [MESSAGE][PASSED] - Text '' is set on object 'Object Repository/RecAndPlayBk/Page-Vlink-ACH-Void/input_Original Transaction Type'

2023-02-15 23:15:52 - [TEST_STEP][PASSED] - click(findTestObject("Object Repository/RecAndPlayBk/Page-Vlink-ACH-Void/input")): Object: 'Object Repository/RecAndPlayBk/Page-Vlink-ACH-Void/input' is clicked on

2023-02-15 23:15:53 - [MESSAGE][PASSED] - Object: 'Object Repository/RecAndPlayBk/Page-Vlink-ACH-Void/input' is clicked on

2023-02-15 23:15:53 - [TEST_STEP][PASSED] - if (verifyTextPresent(errorMsg, true)): null

2023-02-15 23:15:53 - [MESSAGE][PASSED] - Text 'check_first_name, check_last_name, check_address, check_city, check_state, che' is present on page  using regular expression

2023-02-15 23:15:53 - [TEST_STEP][PASSED] - println("Error Message is present on the Confirmation page"): null

2023-02-15 23:15:53 - [TEST_STEP][PASSED] - out.println("Pass Record Number: " + row): null

2023-02-15 23:15:53 - [TEST_STEP][PASSED] - resText = "Pass": null

2023-02-15 23:15:53 - [TEST_STEP][PASSED] - pages.WriteExcel.demoKey(resText, datText, resColumn, datCloumn, fileLoc, nameSheet, row): pages.WriteExcel.demoKey is PASSED

2023-02-15 23:15:53 - [MESSAGE][PASSED] - pages.WriteExcel.demoKey is PASSED

2023-02-15 23:15:53 - [TEST_STEP][PASSED] - ExecuteTC = findTestData(dataFile).getValue("Execute", row): null

2023-02-15 23:15:53 - [TEST_STEP][PASSED] - out.println("Value of Execute is : " + ExecuteTC): null

2023-02-15 23:15:53 - [TEST_STEP][PASSED] - if (ExecuteTC.equalsIgnoreCase("Y")): null

2023-02-15 23:15:53 - [TEST_STEP][PASSED] - out.println("Begin Record Number: " + row): null

2023-02-15 23:15:53 - [TEST_STEP][PASSED] - today = new java.util.Date(): null

2023-02-15 23:15:53 - [TEST_STEP][PASSED] - println(today): null

2023-02-15 23:15:53 - [TEST_STEP][PASSED] - datText = today: null

2023-02-15 23:15:53 - [TEST_STEP][PASSED] - appID = findTestData(dataFile).getValue("AppID", row): null

2023-02-15 23:15:53 - [TEST_STEP][PASSED] - username = findTestData(dataFile).getValue("Username", row): null

2023-02-15 23:15:53 - [TEST_STEP][PASSED] - password = findTestData(dataFile).getValue("Password", row): null

2023-02-15 23:15:53 - [TEST_STEP][PASSED] - errorMsg = findTestData(dataFile).getValue("ErrorMsg", row): null

2023-02-15 23:15:53 - [TEST_STEP][PASSED] - tranType = findTestData(dataFile).getValue("TranType", row): null

2023-02-15 23:15:53 - [TEST_STEP][PASSED] - mv = findTestData(dataFile).getValue("MV", row): null

2023-02-15 23:15:54 - [TEST_STEP][PASSED] - resFormat = findTestData(dataFile).getValue("ResFormat", row): null

2023-02-15 23:15:54 - [TEST_STEP][PASSED] - checkType = findTestData(dataFile).getValue("CheckType", row): null

2023-02-15 23:15:54 - [TEST_STEP][PASSED] - sec = findTestData(dataFile).getValue("SEC", row): null

2023-02-15 23:15:54 - [TEST_STEP][PASSED] - tranID = findTestData(dataFile).getValue("TranxID", row): null

2023-02-15 23:15:54 - [TEST_STEP][PASSED] - origTranType = findTestData(dataFile).getValue("OriginalTranType", row): null

2023-02-15 23:15:54 - [TEST_STEP][PASSED] - openBrowser(VLinkURL + "ACH_void.html"): Browser is opened with url: 'https://dev-algorithm.govolution.com/vlinktest/QA/version_2_0/ACH_void.html'

2023-02-15 23:15:54 - [MESSAGE][WARNING] - A browser is already opened. Closing browser and opening a new one

2023-02-15 23:15:55 - [MESSAGE][INFO] - Starting 'Chrome' driver

2023-02-15 23:15:55 - [MESSAGE][INFO] - User set preference: ['acceptInsecureCerts', 'true']

2023-02-15 23:15:55 - [MESSAGE][INFO] - Action delay is set to 0 milliseconds

2023-02-15 23:15:56 - [MESSAGE][PASSED] - Browser is opened with url: 'https://dev-algorithm.govolution.com/vlinktest/QA/version_2_0/ACH_void.html'

2023-02-15 23:15:56 - [TEST_STEP][PASSED] - maximizeWindow(): Current window maximized

2023-02-15 23:15:57 - [MESSAGE][PASSED] - Current window maximized

2023-02-15 23:15:57 - [TEST_STEP][PASSED] - setText(findTestObject("Object Repository/RecAndPlayBk/Page-Vlink-ACH-Void/input_Transaction Type"), tranType): Text '200' is set on object 'Object Repository/RecAndPlayBk/Page-Vlink-ACH-Void/input_Transaction Type'

2023-02-15 23:15:57 - [MESSAGE][PASSED] - Text '200' is set on object 'Object Repository/RecAndPlayBk/Page-Vlink-ACH-Void/input_Transaction Type'

2023-02-15 23:15:57 - [TEST_STEP][PASSED] - setText(findTestObject("Object Repository/RecAndPlayBk/Page-Vlink-ACH-Void/input_Message Version"), mv): Text '2.0A' is set on object 'Object Repository/RecAndPlayBk/Page-Vlink-ACH-Void/input_Message Version'

2023-02-15 23:15:58 - [MESSAGE][PASSED] - Text '2.0A' is set on object 'Object Repository/RecAndPlayBk/Page-Vlink-ACH-Void/input_Message Version'

2023-02-15 23:15:58 - [TEST_STEP][PASSED] - genRemID = RandomStringUtils.random(12, true, true): null

2023-02-15 23:15:58 - [TEST_STEP][PASSED] - setText(findTestObject("Object Repository/RecAndPlayBk/Page-Vlink-ACH-Void/input_Remittance Id"), genRemID): Text '8VWDnCXRrXeX' is set on object 'Object Repository/RecAndPlayBk/Page-Vlink-ACH-Void/input_Remittance Id'

2023-02-15 23:15:59 - [MESSAGE][PASSED] - Text '8VWDnCXRrXeX' is set on object 'Object Repository/RecAndPlayBk/Page-Vlink-ACH-Void/input_Remittance Id'

2023-02-15 23:15:59 - [TEST_STEP][PASSED] - setText(findTestObject("Object Repository/RecAndPlayBk/Page-Vlink-ACH-Void/input_Application Id"), appID): Text '234' is set on object 'Object Repository/RecAndPlayBk/Page-Vlink-ACH-Void/input_Application Id'

2023-02-15 23:15:59 - [MESSAGE][PASSED] - Text '234' is set on object 'Object Repository/RecAndPlayBk/Page-Vlink-ACH-Void/input_Application Id'

2023-02-15 23:15:59 - [TEST_STEP][PASSED] - setText(findTestObject("Object Repository/RecAndPlayBk/Page-Vlink-ACH-Void/input_Username"), username): Text 'username' is set on object 'Object Repository/RecAndPlayBk/Page-Vlink-ACH-Void/input_Username'

2023-02-15 23:16:00 - [MESSAGE][PASSED] - Text 'username' is set on object 'Object Repository/RecAndPlayBk/Page-Vlink-ACH-Void/input_Username'

2023-02-15 23:16:00 - [TEST_STEP][PASSED] - setText(findTestObject("Object Repository/RecAndPlayBk/Page-Vlink-ACH-Void/input_Password"), password): Text 'password' is set on object 'Object Repository/RecAndPlayBk/Page-Vlink-ACH-Void/input_Password'

2023-02-15 23:16:01 - [MESSAGE][PASSED] - Text 'password' is set on object 'Object Repository/RecAndPlayBk/Page-Vlink-ACH-Void/input_Password'

2023-02-15 23:16:01 - [TEST_STEP][PASSED] - setText(findTestObject("Object Repository/RecAndPlayBk/Page-Vlink-ACH-Void/input_Response Format"), resFormat): Text 'fixed_width' is set on object 'Object Repository/RecAndPlayBk/Page-Vlink-ACH-Void/input_Response Format'

2023-02-15 23:16:01 - [MESSAGE][PASSED] - Text 'fixed_width' is set on object 'Object Repository/RecAndPlayBk/Page-Vlink-ACH-Void/input_Response Format'

2023-02-15 23:16:01 - [TEST_STEP][PASSED] - setText(findTestObject("Object Repository/RecAndPlayBk/Page-Vlink-ACH-Void/input_Check Type"), checkType): Text 'P' is set on object 'Object Repository/RecAndPlayBk/Page-Vlink-ACH-Void/input_Check Type'

2023-02-15 23:16:02 - [MESSAGE][PASSED] - Text 'P' is set on object 'Object Repository/RecAndPlayBk/Page-Vlink-ACH-Void/input_Check Type'

2023-02-15 23:16:02 - [TEST_STEP][PASSED] - setText(findTestObject("Object Repository/RecAndPlayBk/Page-Vlink-ACH-Void/input_Standard Entry Class"), sec): Text 'WEB' is set on object 'Object Repository/RecAndPlayBk/Page-Vlink-ACH-Void/input_Standard Entry Class'

2023-02-15 23:16:02 - [MESSAGE][PASSED] - Text 'WEB' is set on object 'Object Repository/RecAndPlayBk/Page-Vlink-ACH-Void/input_Standard Entry Class'

2023-02-15 23:16:02 - [TEST_STEP][PASSED] - setText(findTestObject("Object Repository/RecAndPlayBk/Page-Vlink-ACH-Void/input_Transaction ID"), tranID): Text '' is set on object 'Object Repository/RecAndPlayBk/Page-Vlink-ACH-Void/input_Transaction ID'

2023-02-15 23:16:03 - [MESSAGE][PASSED] - Text '' is set on object 'Object Repository/RecAndPlayBk/Page-Vlink-ACH-Void/input_Transaction ID'

2023-02-15 23:16:03 - [TEST_STEP][PASSED] - setText(findTestObject("Object Repository/RecAndPlayBk/Page-Vlink-ACH-Void/input_Original Transaction Type"), origTranType): Text '200' is set on object 'Object Repository/RecAndPlayBk/Page-Vlink-ACH-Void/input_Original Transaction Type'

2023-02-15 23:16:04 - [MESSAGE][PASSED] - Text '200' is set on object 'Object Repository/RecAndPlayBk/Page-Vlink-ACH-Void/input_Original Transaction Type'

2023-02-15 23:16:04 - [TEST_STEP][PASSED] - click(findTestObject("Object Repository/RecAndPlayBk/Page-Vlink-ACH-Void/input")): Object: 'Object Repository/RecAndPlayBk/Page-Vlink-ACH-Void/input' is clicked on

2023-02-15 23:16:04 - [MESSAGE][PASSED] - Object: 'Object Repository/RecAndPlayBk/Page-Vlink-ACH-Void/input' is clicked on

2023-02-15 23:16:04 - [TEST_STEP][PASSED] - if (verifyTextPresent(errorMsg, true)): null

2023-02-15 23:16:04 - [MESSAGE][PASSED] - Text 'check_first_name, check_last_name, check_address, check_city, check_state, che' is present on page  using regular expression

2023-02-15 23:16:04 - [TEST_STEP][PASSED] - println("Error Message is present on the Confirmation page"): null

2023-02-15 23:16:04 - [TEST_STEP][PASSED] - out.println("Pass Record Number: " + row): null

2023-02-15 23:16:04 - [TEST_STEP][PASSED] - resText = "Pass": null

2023-02-15 23:16:04 - [TEST_STEP][PASSED] - pages.WriteExcel.demoKey(resText, datText, resColumn, datCloumn, fileLoc, nameSheet, row): pages.WriteExcel.demoKey is PASSED

2023-02-15 23:16:05 - [MESSAGE][PASSED] - pages.WriteExcel.demoKey is PASSED]]></system-out>
         <system-err><![CDATA[2023-02-15 23:14:09 - [TEST_CASE][FAILED] - Test Cases/RecAndPlayBk/VLink/ACH-Void-MRF: Test Cases/RecAndPlayBk/VLink/ACH-Void-MRF FAILED.
Reason:
com.kms.katalon.core.exception.StepFailedException: Text 'check_first_name, check_last_name, check_address, check_city, check_state, che' is not present on page  using regular expression (Root cause: com.kms.katalon.core.exception.StepFailedException: Text 'check_first_name, check_last_name, check_address, check_city, check_state, che' is not present on page  using regular expression
	at com.kms.katalon.core.webui.keyword.internal.WebUIKeywordMain.stepFailed(WebUIKeywordMain.groovy:64)
	at com.kms.katalon.core.webui.keyword.builtin.VerifyTextPresentKeyword$_verifyTextPresent_closure1.doCall(VerifyTextPresentKeyword.groovy:79)
	at com.kms.katalon.core.webui.keyword.builtin.VerifyTextPresentKeyword$_verifyTextPresent_closure1.call(VerifyTextPresentKeyword.groovy)
	at com.kms.katalon.core.webui.keyword.internal.WebUIKeywordMain.runKeyword(WebUIKeywordMain.groovy:20)
	at com.kms.katalon.core.webui.keyword.builtin.VerifyTextPresentKeyword.verifyTextPresent(VerifyTextPresentKeyword.groovy:83)
	at com.kms.katalon.core.webui.keyword.builtin.VerifyTextPresentKeyword.execute(VerifyTextPresentKeyword.groovy:68)
	at com.kms.katalon.core.keyword.internal.KeywordExecutor.executeKeywordForPlatform(KeywordExecutor.groovy:74)
	at com.kms.katalon.core.webui.keyword.WebUiBuiltInKeywords.verifyTextPresent(WebUiBuiltInKeywords.groovy:1723)
	at com.kms.katalon.core.webui.keyword.WebUiBuiltInKeywords$verifyTextPresent$4.call(Unknown Source)
	at ACH-Void-MRF.run(ACH-Void-MRF:105)
	at com.kms.katalon.core.main.ScriptEngine.run(ScriptEngine.java:194)
	at com.kms.katalon.core.main.ScriptEngine.runScriptAsRawText(ScriptEngine.java:119)
	at com.kms.katalon.core.main.TestCaseExecutor.runScript(TestCaseExecutor.java:442)
	at com.kms.katalon.core.main.TestCaseExecutor.doExecute(TestCaseExecutor.java:433)
	at com.kms.katalon.core.main.TestCaseExecutor.processExecutionPhase(TestCaseExecutor.java:412)
	at com.kms.katalon.core.main.TestCaseExecutor.accessMainPhase(TestCaseExecutor.java:404)
	at com.kms.katalon.core.main.TestCaseExecutor.execute(TestCaseExecutor.java:281)
	at com.kms.katalon.core.main.TestSuiteExecutor.accessTestCaseMainPhase(TestSuiteExecutor.java:202)
	at com.kms.katalon.core.main.TestSuiteExecutor.accessTestSuiteMainPhase(TestSuiteExecutor.java:164)
	at com.kms.katalon.core.main.TestSuiteExecutor.execute(TestSuiteExecutor.java:105)
	at com.kms.katalon.core.main.TestCaseMain.startTestSuite(TestCaseMain.java:185)
	at com.kms.katalon.core.main.TestCaseMain$startTestSuite$0.call(Unknown Source)
	at TempTestSuite1676515943031.run(TempTestSuite1676515943031.groovy:36)
)
	at com.kms.katalon.core.keyword.internal.KeywordMain.stepFailed(KeywordMain.groovy:39)
	at com.kms.katalon.core.webui.keyword.internal.WebUIKeywordMain.stepFailed(WebUIKeywordMain.groovy:64)
	at com.kms.katalon.core.webui.keyword.builtin.VerifyTextPresentKeyword$_verifyTextPresent_closure1.doCall(VerifyTextPresentKeyword.groovy:79)
	at com.kms.katalon.core.webui.keyword.builtin.VerifyTextPresentKeyword$_verifyTextPresent_closure1.call(VerifyTextPresentKeyword.groovy)
	at com.kms.katalon.core.webui.keyword.internal.WebUIKeywordMain.runKeyword(WebUIKeywordMain.groovy:20)
	at com.kms.katalon.core.webui.keyword.builtin.VerifyTextPresentKeyword.verifyTextPresent(VerifyTextPresentKeyword.groovy:83)
	at com.kms.katalon.core.webui.keyword.builtin.VerifyTextPresentKeyword.execute(VerifyTextPresentKeyword.groovy:68)
	at com.kms.katalon.core.keyword.internal.KeywordExecutor.executeKeywordForPlatform(KeywordExecutor.groovy:74)
	at com.kms.katalon.core.webui.keyword.WebUiBuiltInKeywords.verifyTextPresent(WebUiBuiltInKeywords.groovy:1723)
	at com.kms.katalon.core.webui.keyword.WebUiBuiltInKeywords$verifyTextPresent$4.call(Unknown Source)
	at ACH-Void-MRF.run(ACH-Void-MRF:105)
	at com.kms.katalon.core.main.ScriptEngine.run(ScriptEngine.java:194)
	at com.kms.katalon.core.main.ScriptEngine.runScriptAsRawText(ScriptEngine.java:119)
	at com.kms.katalon.core.main.TestCaseExecutor.runScript(TestCaseExecutor.java:442)
	at com.kms.katalon.core.main.TestCaseExecutor.doExecute(TestCaseExecutor.java:433)
	at com.kms.katalon.core.main.TestCaseExecutor.processExecutionPhase(TestCaseExecutor.java:412)
	at com.kms.katalon.core.main.TestCaseExecutor.accessMainPhase(TestCaseExecutor.java:404)
	at com.kms.katalon.core.main.TestCaseExecutor.execute(TestCaseExecutor.java:281)
	at com.kms.katalon.core.main.TestSuiteExecutor.accessTestCaseMainPhase(TestSuiteExecutor.java:202)
	at com.kms.katalon.core.main.TestSuiteExecutor.accessTestSuiteMainPhase(TestSuiteExecutor.java:164)
	at com.kms.katalon.core.main.TestSuiteExecutor.execute(TestSuiteExecutor.java:105)
	at com.kms.katalon.core.main.TestCaseMain.startTestSuite(TestCaseMain.java:185)
	at com.kms.katalon.core.main.TestCaseMain$startTestSuite$0.call(Unknown Source)
	at TempTestSuite1676515943031.run(TempTestSuite1676515943031.groovy:36)
Caused by: com.kms.katalon.core.exception.StepFailedException: Text 'check_first_name, check_last_name, check_address, check_city, check_state, che' is not present on page  using regular expression
	... 23 more]]></system-err>
      </testcase>
      <testcase name="Test Cases/RecAndPlayBk/VLink/ACH-Credit-MRF" time="155.478" classname="Test Cases/RecAndPlayBk/VLink/ACH-Credit-MRF" status="PASSED">
         <system-out><![CDATA[2023-02-15 23:16:05 - [TEST_CASE][PASSED] - Test Cases/RecAndPlayBk/VLink/ACH-Credit-MRF: Test Cases/RecAndPlayBk/VLink/ACH-Credit-MRF

2023-02-15 23:16:05 - [TEST_STEP][PASSED] - executionProfile = getExecutionProfile(): null

2023-02-15 23:16:05 - [TEST_STEP][PASSED] - out.println("executionProfile : " + executionProfile): null

2023-02-15 23:16:05 - [TEST_STEP][PASSED] - resText = "Fail": null

2023-02-15 23:16:05 - [TEST_STEP][PASSED] - resColumn = "Result": null

2023-02-15 23:16:05 - [TEST_STEP][PASSED] - datCloumn = "Date": null

2023-02-15 23:16:05 - [TEST_STEP][PASSED] - fileLoc = "KatalonData/VLinkSmokeDataACH.xlsx": null

2023-02-15 23:16:05 - [TEST_STEP][PASSED] - numOfRows = <not implemented yet for class: org.codehaus.groovy.ast.expr.EmptyExpression>: null

2023-02-15 23:16:05 - [TEST_STEP][PASSED] - dataFile = <not implemented yet for class: org.codehaus.groovy.ast.expr.EmptyExpression>: null

2023-02-15 23:16:05 - [TEST_STEP][PASSED] - nameSheet = <not implemented yet for class: org.codehaus.groovy.ast.expr.EmptyExpression>: null

2023-02-15 23:16:05 - [TEST_STEP][PASSED] - nameSheet = "Credit-MRF": null

2023-02-15 23:16:05 - [TEST_STEP][PASSED] - numOfRows = findTestData("QA/VLinkTestData/VLinkACHCreditMRFData").getRowNumbers(): null

2023-02-15 23:16:05 - [TEST_STEP][PASSED] - println("Number of Records: " + numOfRows): null

2023-02-15 23:16:05 - [TEST_STEP][PASSED] - dataFile = "QA/VLinkTestData/VLinkACHCreditMRFData": null

2023-02-15 23:16:05 - [TEST_STEP][PASSED] - for ([row = 1, row <= numOfRows, (row++)]): null

2023-02-15 23:16:05 - [TEST_STEP][PASSED] - ExecuteTC = findTestData(dataFile).getValue("Execute", row): null

2023-02-15 23:16:05 - [TEST_STEP][PASSED] - out.println("Value of Execute is : " + ExecuteTC): null

2023-02-15 23:16:05 - [TEST_STEP][PASSED] - if (ExecuteTC.equalsIgnoreCase("Y")): null

2023-02-15 23:16:05 - [TEST_STEP][PASSED] - out.println("Begin Record Number: " + row): null

2023-02-15 23:16:05 - [TEST_STEP][PASSED] - today = new java.util.Date(): null

2023-02-15 23:16:05 - [TEST_STEP][PASSED] - println(today): null

2023-02-15 23:16:05 - [TEST_STEP][PASSED] - datText = today: null

2023-02-15 23:16:05 - [TEST_STEP][PASSED] - appID = findTestData(dataFile).getValue("AppID", row): null

2023-02-15 23:16:05 - [TEST_STEP][PASSED] - username = findTestData(dataFile).getValue("Username", row): null

2023-02-15 23:16:05 - [TEST_STEP][PASSED] - password = findTestData(dataFile).getValue("Password", row): null

2023-02-15 23:16:05 - [TEST_STEP][PASSED] - errorMsg = findTestData(dataFile).getValue("ErrorMsg", row): null

2023-02-15 23:16:05 - [TEST_STEP][PASSED] - tranType = findTestData(dataFile).getValue("TranType", row): null

2023-02-15 23:16:06 - [TEST_STEP][PASSED] - mv = findTestData(dataFile).getValue("MV", row): null

2023-02-15 23:16:06 - [TEST_STEP][PASSED] - resFormat = findTestData(dataFile).getValue("ResFormat", row): null

2023-02-15 23:16:06 - [TEST_STEP][PASSED] - checkType = findTestData(dataFile).getValue("CheckType", row): null

2023-02-15 23:16:06 - [TEST_STEP][PASSED] - sec = findTestData(dataFile).getValue("SEC", row): null

2023-02-15 23:16:06 - [TEST_STEP][PASSED] - tranID = findTestData(dataFile).getValue("TranxID", row): null

2023-02-15 23:16:06 - [TEST_STEP][PASSED] - amount = findTestData(dataFile).getValue("Amount", row): null

2023-02-15 23:16:06 - [TEST_STEP][PASSED] - acNumber = findTestData(dataFile).getValue("AcNumber", row): null

2023-02-15 23:16:06 - [TEST_STEP][PASSED] - rtn = findTestData(dataFile).getValue("RTN", row): null

2023-02-15 23:16:06 - [TEST_STEP][PASSED] - openBrowser(VLinkURL + "ACH_credit.html"): Browser is opened with url: 'https://dev-algorithm.govolution.com/vlinktest/QA/version_2_0/ACH_credit.html'

2023-02-15 23:16:06 - [MESSAGE][WARNING] - A browser is already opened. Closing browser and opening a new one

2023-02-15 23:16:07 - [MESSAGE][INFO] - Starting 'Chrome' driver

2023-02-15 23:16:07 - [MESSAGE][INFO] - User set preference: ['acceptInsecureCerts', 'true']

2023-02-15 23:16:07 - [MESSAGE][INFO] - Action delay is set to 0 milliseconds

2023-02-15 23:16:09 - [MESSAGE][PASSED] - Browser is opened with url: 'https://dev-algorithm.govolution.com/vlinktest/QA/version_2_0/ACH_credit.html'

2023-02-15 23:16:09 - [TEST_STEP][PASSED] - maximizeWindow(): Current window maximized

2023-02-15 23:16:09 - [MESSAGE][PASSED] - Current window maximized

2023-02-15 23:16:09 - [TEST_STEP][PASSED] - setText(findTestObject("Object Repository/RecAndPlayBk/Page-Vlink-ACH-Credit/input_Transaction Type"), tranType): Text '' is set on object 'Object Repository/RecAndPlayBk/Page-Vlink-ACH-Credit/input_Transaction Type'

2023-02-15 23:16:09 - [MESSAGE][PASSED] - Text '' is set on object 'Object Repository/RecAndPlayBk/Page-Vlink-ACH-Credit/input_Transaction Type'

2023-02-15 23:16:09 - [TEST_STEP][PASSED] - setText(findTestObject("Object Repository/RecAndPlayBk/Page-Vlink-ACH-Credit/input_Message Version"), mv): Text '2.0A' is set on object 'Object Repository/RecAndPlayBk/Page-Vlink-ACH-Credit/input_Message Version'

2023-02-15 23:16:10 - [MESSAGE][PASSED] - Text '2.0A' is set on object 'Object Repository/RecAndPlayBk/Page-Vlink-ACH-Credit/input_Message Version'

2023-02-15 23:16:10 - [TEST_STEP][PASSED] - genRemID = RandomStringUtils.random(12, true, true): null

2023-02-15 23:16:10 - [TEST_STEP][PASSED] - setText(findTestObject("Object Repository/RecAndPlayBk/Page-Vlink-ACH-Credit/input_Remittance Id"), genRemID): Text 'yh9pBP2OF6GS' is set on object 'Object Repository/RecAndPlayBk/Page-Vlink-ACH-Credit/input_Remittance Id'

2023-02-15 23:16:11 - [MESSAGE][PASSED] - Text 'yh9pBP2OF6GS' is set on object 'Object Repository/RecAndPlayBk/Page-Vlink-ACH-Credit/input_Remittance Id'

2023-02-15 23:16:11 - [TEST_STEP][PASSED] - setText(findTestObject("Object Repository/RecAndPlayBk/Page-Vlink-ACH-Credit/input_Application Id"), appID): Text '234' is set on object 'Object Repository/RecAndPlayBk/Page-Vlink-ACH-Credit/input_Application Id'

2023-02-15 23:16:11 - [MESSAGE][PASSED] - Text '234' is set on object 'Object Repository/RecAndPlayBk/Page-Vlink-ACH-Credit/input_Application Id'

2023-02-15 23:16:11 - [TEST_STEP][PASSED] - setText(findTestObject("Object Repository/RecAndPlayBk/Page-Vlink-ACH-Credit/input_Username"), username): Text 'username' is set on object 'Object Repository/RecAndPlayBk/Page-Vlink-ACH-Credit/input_Username'

2023-02-15 23:16:12 - [MESSAGE][PASSED] - Text 'username' is set on object 'Object Repository/RecAndPlayBk/Page-Vlink-ACH-Credit/input_Username'

2023-02-15 23:16:12 - [TEST_STEP][PASSED] - setText(findTestObject("Object Repository/RecAndPlayBk/Page-Vlink-ACH-Credit/input_Password"), password): Text 'password' is set on object 'Object Repository/RecAndPlayBk/Page-Vlink-ACH-Credit/input_Password'

2023-02-15 23:16:13 - [MESSAGE][PASSED] - Text 'password' is set on object 'Object Repository/RecAndPlayBk/Page-Vlink-ACH-Credit/input_Password'

2023-02-15 23:16:13 - [TEST_STEP][PASSED] - setText(findTestObject("Object Repository/RecAndPlayBk/Page-Vlink-ACH-Credit/input_Response Format"), resFormat): Text 'fixed_width' is set on object 'Object Repository/RecAndPlayBk/Page-Vlink-ACH-Credit/input_Response Format'

2023-02-15 23:16:13 - [MESSAGE][PASSED] - Text 'fixed_width' is set on object 'Object Repository/RecAndPlayBk/Page-Vlink-ACH-Credit/input_Response Format'

2023-02-15 23:16:13 - [TEST_STEP][PASSED] - setText(findTestObject("Object Repository/RecAndPlayBk/Page-Vlink-ACH-Credit/input_Check Type"), checkType): Text 'P' is set on object 'Object Repository/RecAndPlayBk/Page-Vlink-ACH-Credit/input_Check Type'

2023-02-15 23:16:14 - [MESSAGE][PASSED] - Text 'P' is set on object 'Object Repository/RecAndPlayBk/Page-Vlink-ACH-Credit/input_Check Type'

2023-02-15 23:16:14 - [TEST_STEP][PASSED] - setText(findTestObject("Object Repository/RecAndPlayBk/Page-Vlink-ACH-Credit/input_Transaction ID"), tranID): Text '12124566' is set on object 'Object Repository/RecAndPlayBk/Page-Vlink-ACH-Credit/input_Transaction ID'

2023-02-15 23:16:14 - [MESSAGE][PASSED] - Text '12124566' is set on object 'Object Repository/RecAndPlayBk/Page-Vlink-ACH-Credit/input_Transaction ID'

2023-02-15 23:16:14 - [TEST_STEP][PASSED] - setText(findTestObject("Object Repository/RecAndPlayBk/Page-Vlink-ACH-Credit/input_Amount"), amount): Text '12.50' is set on object 'Object Repository/RecAndPlayBk/Page-Vlink-ACH-Credit/input_Amount'

2023-02-15 23:16:15 - [MESSAGE][PASSED] - Text '12.50' is set on object 'Object Repository/RecAndPlayBk/Page-Vlink-ACH-Credit/input_Amount'

2023-02-15 23:16:15 - [TEST_STEP][PASSED] - setText(findTestObject("Object Repository/RecAndPlayBk/Page-Vlink-ACH-Credit/input_Standard Entry Class"), sec): Text 'WEB' is set on object 'Object Repository/RecAndPlayBk/Page-Vlink-ACH-Credit/input_Standard Entry Class'

2023-02-15 23:16:16 - [MESSAGE][PASSED] - Text 'WEB' is set on object 'Object Repository/RecAndPlayBk/Page-Vlink-ACH-Credit/input_Standard Entry Class'

2023-02-15 23:16:16 - [TEST_STEP][PASSED] - setText(findTestObject("Object Repository/RecAndPlayBk/Page-Vlink-ACH-Credit/input_Account Number"), acNumber): Text '12345678' is set on object 'Object Repository/RecAndPlayBk/Page-Vlink-ACH-Credit/input_Account Number'

2023-02-15 23:16:16 - [MESSAGE][PASSED] - Text '12345678' is set on object 'Object Repository/RecAndPlayBk/Page-Vlink-ACH-Credit/input_Account Number'

2023-02-15 23:16:16 - [TEST_STEP][PASSED] - setText(findTestObject("Object Repository/RecAndPlayBk/Page-Vlink-ACH-Credit/input_Routing Number"), rtn): Text '256072691' is set on object 'Object Repository/RecAndPlayBk/Page-Vlink-ACH-Credit/input_Routing Number'

2023-02-15 23:16:17 - [MESSAGE][PASSED] - Text '256072691' is set on object 'Object Repository/RecAndPlayBk/Page-Vlink-ACH-Credit/input_Routing Number'

2023-02-15 23:16:17 - [TEST_STEP][PASSED] - click(findTestObject("Object Repository/RecAndPlayBk/Page-Vlink-ACH-Credit/input")): Object: 'Object Repository/RecAndPlayBk/Page-Vlink-ACH-Credit/input' is clicked on

2023-02-15 23:16:17 - [MESSAGE][PASSED] - Object: 'Object Repository/RecAndPlayBk/Page-Vlink-ACH-Credit/input' is clicked on

2023-02-15 23:16:17 - [TEST_STEP][PASSED] - if (verifyTextPresent(errorMsg, true)): null

2023-02-15 23:16:18 - [MESSAGE][PASSED] - Text 'Invalid transaction type' is present on page  using regular expression

2023-02-15 23:16:18 - [TEST_STEP][PASSED] - println("Error Message is present on the Confirmation page"): null

2023-02-15 23:16:18 - [TEST_STEP][PASSED] - out.println("Pass Record Number: " + row): null

2023-02-15 23:16:18 - [TEST_STEP][PASSED] - resText = "Pass": null

2023-02-15 23:16:18 - [TEST_STEP][PASSED] - pages.WriteExcel.demoKey(resText, datText, resColumn, datCloumn, fileLoc, nameSheet, row): pages.WriteExcel.demoKey is PASSED

2023-02-15 23:16:18 - [MESSAGE][PASSED] - pages.WriteExcel.demoKey is PASSED

2023-02-15 23:16:18 - [TEST_STEP][PASSED] - ExecuteTC = findTestData(dataFile).getValue("Execute", row): null

2023-02-15 23:16:18 - [TEST_STEP][PASSED] - out.println("Value of Execute is : " + ExecuteTC): null

2023-02-15 23:16:18 - [TEST_STEP][PASSED] - if (ExecuteTC.equalsIgnoreCase("Y")): null

2023-02-15 23:16:18 - [TEST_STEP][PASSED] - out.println("Begin Record Number: " + row): null

2023-02-15 23:16:18 - [TEST_STEP][PASSED] - today = new java.util.Date(): null

2023-02-15 23:16:18 - [TEST_STEP][PASSED] - println(today): null

2023-02-15 23:16:18 - [TEST_STEP][PASSED] - datText = today: null

2023-02-15 23:16:18 - [TEST_STEP][PASSED] - appID = findTestData(dataFile).getValue("AppID", row): null

2023-02-15 23:16:18 - [TEST_STEP][PASSED] - username = findTestData(dataFile).getValue("Username", row): null

2023-02-15 23:16:18 - [TEST_STEP][PASSED] - password = findTestData(dataFile).getValue("Password", row): null

2023-02-15 23:16:18 - [TEST_STEP][PASSED] - errorMsg = findTestData(dataFile).getValue("ErrorMsg", row): null

2023-02-15 23:16:18 - [TEST_STEP][PASSED] - tranType = findTestData(dataFile).getValue("TranType", row): null

2023-02-15 23:16:18 - [TEST_STEP][PASSED] - mv = findTestData(dataFile).getValue("MV", row): null

2023-02-15 23:16:18 - [TEST_STEP][PASSED] - resFormat = findTestData(dataFile).getValue("ResFormat", row): null

2023-02-15 23:16:18 - [TEST_STEP][PASSED] - checkType = findTestData(dataFile).getValue("CheckType", row): null

2023-02-15 23:16:18 - [TEST_STEP][PASSED] - sec = findTestData(dataFile).getValue("SEC", row): null

2023-02-15 23:16:18 - [TEST_STEP][PASSED] - tranID = findTestData(dataFile).getValue("TranxID", row): null

2023-02-15 23:16:18 - [TEST_STEP][PASSED] - amount = findTestData(dataFile).getValue("Amount", row): null

2023-02-15 23:16:19 - [TEST_STEP][PASSED] - acNumber = findTestData(dataFile).getValue("AcNumber", row): null

2023-02-15 23:16:19 - [TEST_STEP][PASSED] - rtn = findTestData(dataFile).getValue("RTN", row): null

2023-02-15 23:16:19 - [TEST_STEP][PASSED] - openBrowser(VLinkURL + "ACH_credit.html"): Browser is opened with url: 'https://dev-algorithm.govolution.com/vlinktest/QA/version_2_0/ACH_credit.html'

2023-02-15 23:16:19 - [MESSAGE][WARNING] - A browser is already opened. Closing browser and opening a new one

2023-02-15 23:16:20 - [MESSAGE][INFO] - Starting 'Chrome' driver

2023-02-15 23:16:20 - [MESSAGE][INFO] - User set preference: ['acceptInsecureCerts', 'true']

2023-02-15 23:16:20 - [MESSAGE][INFO] - Action delay is set to 0 milliseconds

2023-02-15 23:16:21 - [MESSAGE][PASSED] - Browser is opened with url: 'https://dev-algorithm.govolution.com/vlinktest/QA/version_2_0/ACH_credit.html'

2023-02-15 23:16:21 - [TEST_STEP][PASSED] - maximizeWindow(): Current window maximized

2023-02-15 23:16:21 - [MESSAGE][PASSED] - Current window maximized

2023-02-15 23:16:21 - [TEST_STEP][PASSED] - setText(findTestObject("Object Repository/RecAndPlayBk/Page-Vlink-ACH-Credit/input_Transaction Type"), tranType): Text '200' is set on object 'Object Repository/RecAndPlayBk/Page-Vlink-ACH-Credit/input_Transaction Type'

2023-02-15 23:16:22 - [MESSAGE][PASSED] - Text '200' is set on object 'Object Repository/RecAndPlayBk/Page-Vlink-ACH-Credit/input_Transaction Type'

2023-02-15 23:16:22 - [TEST_STEP][PASSED] - setText(findTestObject("Object Repository/RecAndPlayBk/Page-Vlink-ACH-Credit/input_Message Version"), mv): Text '' is set on object 'Object Repository/RecAndPlayBk/Page-Vlink-ACH-Credit/input_Message Version'

2023-02-15 23:16:23 - [MESSAGE][PASSED] - Text '' is set on object 'Object Repository/RecAndPlayBk/Page-Vlink-ACH-Credit/input_Message Version'

2023-02-15 23:16:23 - [TEST_STEP][PASSED] - genRemID = RandomStringUtils.random(12, true, true): null

2023-02-15 23:16:23 - [TEST_STEP][PASSED] - setText(findTestObject("Object Repository/RecAndPlayBk/Page-Vlink-ACH-Credit/input_Remittance Id"), genRemID): Text 'hlu8xczMDkvz' is set on object 'Object Repository/RecAndPlayBk/Page-Vlink-ACH-Credit/input_Remittance Id'

2023-02-15 23:16:24 - [MESSAGE][PASSED] - Text 'hlu8xczMDkvz' is set on object 'Object Repository/RecAndPlayBk/Page-Vlink-ACH-Credit/input_Remittance Id'

2023-02-15 23:16:24 - [TEST_STEP][PASSED] - setText(findTestObject("Object Repository/RecAndPlayBk/Page-Vlink-ACH-Credit/input_Application Id"), appID): Text '234' is set on object 'Object Repository/RecAndPlayBk/Page-Vlink-ACH-Credit/input_Application Id'

2023-02-15 23:16:24 - [MESSAGE][PASSED] - Text '234' is set on object 'Object Repository/RecAndPlayBk/Page-Vlink-ACH-Credit/input_Application Id'

2023-02-15 23:16:24 - [TEST_STEP][PASSED] - setText(findTestObject("Object Repository/RecAndPlayBk/Page-Vlink-ACH-Credit/input_Username"), username): Text 'username' is set on object 'Object Repository/RecAndPlayBk/Page-Vlink-ACH-Credit/input_Username'

2023-02-15 23:16:25 - [MESSAGE][PASSED] - Text 'username' is set on object 'Object Repository/RecAndPlayBk/Page-Vlink-ACH-Credit/input_Username'

2023-02-15 23:16:25 - [TEST_STEP][PASSED] - setText(findTestObject("Object Repository/RecAndPlayBk/Page-Vlink-ACH-Credit/input_Password"), password): Text 'password' is set on object 'Object Repository/RecAndPlayBk/Page-Vlink-ACH-Credit/input_Password'

2023-02-15 23:16:25 - [MESSAGE][PASSED] - Text 'password' is set on object 'Object Repository/RecAndPlayBk/Page-Vlink-ACH-Credit/input_Password'

2023-02-15 23:16:25 - [TEST_STEP][PASSED] - setText(findTestObject("Object Repository/RecAndPlayBk/Page-Vlink-ACH-Credit/input_Response Format"), resFormat): Text 'fixed_width' is set on object 'Object Repository/RecAndPlayBk/Page-Vlink-ACH-Credit/input_Response Format'

2023-02-15 23:16:26 - [MESSAGE][PASSED] - Text 'fixed_width' is set on object 'Object Repository/RecAndPlayBk/Page-Vlink-ACH-Credit/input_Response Format'

2023-02-15 23:16:26 - [TEST_STEP][PASSED] - setText(findTestObject("Object Repository/RecAndPlayBk/Page-Vlink-ACH-Credit/input_Check Type"), checkType): Text 'P' is set on object 'Object Repository/RecAndPlayBk/Page-Vlink-ACH-Credit/input_Check Type'

2023-02-15 23:16:27 - [MESSAGE][PASSED] - Text 'P' is set on object 'Object Repository/RecAndPlayBk/Page-Vlink-ACH-Credit/input_Check Type'

2023-02-15 23:16:27 - [TEST_STEP][PASSED] - setText(findTestObject("Object Repository/RecAndPlayBk/Page-Vlink-ACH-Credit/input_Transaction ID"), tranID): Text '12124566' is set on object 'Object Repository/RecAndPlayBk/Page-Vlink-ACH-Credit/input_Transaction ID'

2023-02-15 23:16:27 - [MESSAGE][PASSED] - Text '12124566' is set on object 'Object Repository/RecAndPlayBk/Page-Vlink-ACH-Credit/input_Transaction ID'

2023-02-15 23:16:27 - [TEST_STEP][PASSED] - setText(findTestObject("Object Repository/RecAndPlayBk/Page-Vlink-ACH-Credit/input_Amount"), amount): Text '12.50' is set on object 'Object Repository/RecAndPlayBk/Page-Vlink-ACH-Credit/input_Amount'

2023-02-15 23:16:28 - [MESSAGE][PASSED] - Text '12.50' is set on object 'Object Repository/RecAndPlayBk/Page-Vlink-ACH-Credit/input_Amount'

2023-02-15 23:16:28 - [TEST_STEP][PASSED] - setText(findTestObject("Object Repository/RecAndPlayBk/Page-Vlink-ACH-Credit/input_Standard Entry Class"), sec): Text 'TEL' is set on object 'Object Repository/RecAndPlayBk/Page-Vlink-ACH-Credit/input_Standard Entry Class'

2023-02-15 23:16:28 - [MESSAGE][PASSED] - Text 'TEL' is set on object 'Object Repository/RecAndPlayBk/Page-Vlink-ACH-Credit/input_Standard Entry Class'

2023-02-15 23:16:28 - [TEST_STEP][PASSED] - setText(findTestObject("Object Repository/RecAndPlayBk/Page-Vlink-ACH-Credit/input_Account Number"), acNumber): Text '12345678' is set on object 'Object Repository/RecAndPlayBk/Page-Vlink-ACH-Credit/input_Account Number'

2023-02-15 23:16:29 - [MESSAGE][PASSED] - Text '12345678' is set on object 'Object Repository/RecAndPlayBk/Page-Vlink-ACH-Credit/input_Account Number'

2023-02-15 23:16:29 - [TEST_STEP][PASSED] - setText(findTestObject("Object Repository/RecAndPlayBk/Page-Vlink-ACH-Credit/input_Routing Number"), rtn): Text '256072691' is set on object 'Object Repository/RecAndPlayBk/Page-Vlink-ACH-Credit/input_Routing Number'

2023-02-15 23:16:30 - [MESSAGE][PASSED] - Text '256072691' is set on object 'Object Repository/RecAndPlayBk/Page-Vlink-ACH-Credit/input_Routing Number'

2023-02-15 23:16:30 - [TEST_STEP][PASSED] - click(findTestObject("Object Repository/RecAndPlayBk/Page-Vlink-ACH-Credit/input")): Object: 'Object Repository/RecAndPlayBk/Page-Vlink-ACH-Credit/input' is clicked on

2023-02-15 23:16:30 - [MESSAGE][PASSED] - Object: 'Object Repository/RecAndPlayBk/Page-Vlink-ACH-Credit/input' is clicked on

2023-02-15 23:16:30 - [TEST_STEP][PASSED] - if (verifyTextPresent(errorMsg, true)): null

2023-02-15 23:16:31 - [MESSAGE][PASSED] - Text 'Missing parameter: message_version' is present on page  using regular expression

2023-02-15 23:16:31 - [TEST_STEP][PASSED] - println("Error Message is present on the Confirmation page"): null

2023-02-15 23:16:31 - [TEST_STEP][PASSED] - out.println("Pass Record Number: " + row): null

2023-02-15 23:16:31 - [TEST_STEP][PASSED] - resText = "Pass": null

2023-02-15 23:16:31 - [TEST_STEP][PASSED] - pages.WriteExcel.demoKey(resText, datText, resColumn, datCloumn, fileLoc, nameSheet, row): pages.WriteExcel.demoKey is PASSED

2023-02-15 23:16:31 - [MESSAGE][PASSED] - pages.WriteExcel.demoKey is PASSED

2023-02-15 23:16:31 - [TEST_STEP][PASSED] - ExecuteTC = findTestData(dataFile).getValue("Execute", row): null

2023-02-15 23:16:31 - [TEST_STEP][PASSED] - out.println("Value of Execute is : " + ExecuteTC): null

2023-02-15 23:16:31 - [TEST_STEP][PASSED] - if (ExecuteTC.equalsIgnoreCase("Y")): null

2023-02-15 23:16:31 - [TEST_STEP][PASSED] - out.println("Begin Record Number: " + row): null

2023-02-15 23:16:31 - [TEST_STEP][PASSED] - today = new java.util.Date(): null

2023-02-15 23:16:31 - [TEST_STEP][PASSED] - println(today): null

2023-02-15 23:16:31 - [TEST_STEP][PASSED] - datText = today: null

2023-02-15 23:16:31 - [TEST_STEP][PASSED] - appID = findTestData(dataFile).getValue("AppID", row): null

2023-02-15 23:16:31 - [TEST_STEP][PASSED] - username = findTestData(dataFile).getValue("Username", row): null

2023-02-15 23:16:31 - [TEST_STEP][PASSED] - password = findTestData(dataFile).getValue("Password", row): null

2023-02-15 23:16:31 - [TEST_STEP][PASSED] - errorMsg = findTestData(dataFile).getValue("ErrorMsg", row): null

2023-02-15 23:16:31 - [TEST_STEP][PASSED] - tranType = findTestData(dataFile).getValue("TranType", row): null

2023-02-15 23:16:31 - [TEST_STEP][PASSED] - mv = findTestData(dataFile).getValue("MV", row): null

2023-02-15 23:16:31 - [TEST_STEP][PASSED] - resFormat = findTestData(dataFile).getValue("ResFormat", row): null

2023-02-15 23:16:31 - [TEST_STEP][PASSED] - checkType = findTestData(dataFile).getValue("CheckType", row): null

2023-02-15 23:16:31 - [TEST_STEP][PASSED] - sec = findTestData(dataFile).getValue("SEC", row): null

2023-02-15 23:16:31 - [TEST_STEP][PASSED] - tranID = findTestData(dataFile).getValue("TranxID", row): null

2023-02-15 23:16:31 - [TEST_STEP][PASSED] - amount = findTestData(dataFile).getValue("Amount", row): null

2023-02-15 23:16:31 - [TEST_STEP][PASSED] - acNumber = findTestData(dataFile).getValue("AcNumber", row): null

2023-02-15 23:16:31 - [TEST_STEP][PASSED] - rtn = findTestData(dataFile).getValue("RTN", row): null

2023-02-15 23:16:32 - [TEST_STEP][PASSED] - openBrowser(VLinkURL + "ACH_credit.html"): Browser is opened with url: 'https://dev-algorithm.govolution.com/vlinktest/QA/version_2_0/ACH_credit.html'

2023-02-15 23:16:32 - [MESSAGE][WARNING] - A browser is already opened. Closing browser and opening a new one

2023-02-15 23:16:32 - [MESSAGE][INFO] - Starting 'Chrome' driver

2023-02-15 23:16:32 - [MESSAGE][INFO] - User set preference: ['acceptInsecureCerts', 'true']

2023-02-15 23:16:32 - [MESSAGE][INFO] - Action delay is set to 0 milliseconds

2023-02-15 23:16:34 - [MESSAGE][PASSED] - Browser is opened with url: 'https://dev-algorithm.govolution.com/vlinktest/QA/version_2_0/ACH_credit.html'

2023-02-15 23:16:34 - [TEST_STEP][PASSED] - maximizeWindow(): Current window maximized

2023-02-15 23:16:34 - [MESSAGE][PASSED] - Current window maximized

2023-02-15 23:16:34 - [TEST_STEP][PASSED] - setText(findTestObject("Object Repository/RecAndPlayBk/Page-Vlink-ACH-Credit/input_Transaction Type"), tranType): Text '200' is set on object 'Object Repository/RecAndPlayBk/Page-Vlink-ACH-Credit/input_Transaction Type'

2023-02-15 23:16:35 - [MESSAGE][PASSED] - Text '200' is set on object 'Object Repository/RecAndPlayBk/Page-Vlink-ACH-Credit/input_Transaction Type'

2023-02-15 23:16:35 - [TEST_STEP][PASSED] - setText(findTestObject("Object Repository/RecAndPlayBk/Page-Vlink-ACH-Credit/input_Message Version"), mv): Text '2.0A' is set on object 'Object Repository/RecAndPlayBk/Page-Vlink-ACH-Credit/input_Message Version'

2023-02-15 23:16:36 - [MESSAGE][PASSED] - Text '2.0A' is set on object 'Object Repository/RecAndPlayBk/Page-Vlink-ACH-Credit/input_Message Version'

2023-02-15 23:16:36 - [TEST_STEP][PASSED] - genRemID = RandomStringUtils.random(12, true, true): null

2023-02-15 23:16:36 - [TEST_STEP][PASSED] - setText(findTestObject("Object Repository/RecAndPlayBk/Page-Vlink-ACH-Credit/input_Remittance Id"), genRemID): Text 'loksjiD11PhB' is set on object 'Object Repository/RecAndPlayBk/Page-Vlink-ACH-Credit/input_Remittance Id'

2023-02-15 23:16:36 - [MESSAGE][PASSED] - Text 'loksjiD11PhB' is set on object 'Object Repository/RecAndPlayBk/Page-Vlink-ACH-Credit/input_Remittance Id'

2023-02-15 23:16:36 - [TEST_STEP][PASSED] - setText(findTestObject("Object Repository/RecAndPlayBk/Page-Vlink-ACH-Credit/input_Application Id"), appID): Text '' is set on object 'Object Repository/RecAndPlayBk/Page-Vlink-ACH-Credit/input_Application Id'

2023-02-15 23:16:37 - [MESSAGE][PASSED] - Text '' is set on object 'Object Repository/RecAndPlayBk/Page-Vlink-ACH-Credit/input_Application Id'

2023-02-15 23:16:37 - [TEST_STEP][PASSED] - setText(findTestObject("Object Repository/RecAndPlayBk/Page-Vlink-ACH-Credit/input_Username"), username): Text 'username' is set on object 'Object Repository/RecAndPlayBk/Page-Vlink-ACH-Credit/input_Username'

2023-02-15 23:16:38 - [MESSAGE][PASSED] - Text 'username' is set on object 'Object Repository/RecAndPlayBk/Page-Vlink-ACH-Credit/input_Username'

2023-02-15 23:16:38 - [TEST_STEP][PASSED] - setText(findTestObject("Object Repository/RecAndPlayBk/Page-Vlink-ACH-Credit/input_Password"), password): Text 'password' is set on object 'Object Repository/RecAndPlayBk/Page-Vlink-ACH-Credit/input_Password'

2023-02-15 23:16:39 - [MESSAGE][PASSED] - Text 'password' is set on object 'Object Repository/RecAndPlayBk/Page-Vlink-ACH-Credit/input_Password'

2023-02-15 23:16:39 - [TEST_STEP][PASSED] - setText(findTestObject("Object Repository/RecAndPlayBk/Page-Vlink-ACH-Credit/input_Response Format"), resFormat): Text 'fixed_width' is set on object 'Object Repository/RecAndPlayBk/Page-Vlink-ACH-Credit/input_Response Format'

2023-02-15 23:16:39 - [MESSAGE][PASSED] - Text 'fixed_width' is set on object 'Object Repository/RecAndPlayBk/Page-Vlink-ACH-Credit/input_Response Format'

2023-02-15 23:16:39 - [TEST_STEP][PASSED] - setText(findTestObject("Object Repository/RecAndPlayBk/Page-Vlink-ACH-Credit/input_Check Type"), checkType): Text 'P' is set on object 'Object Repository/RecAndPlayBk/Page-Vlink-ACH-Credit/input_Check Type'

2023-02-15 23:16:40 - [MESSAGE][PASSED] - Text 'P' is set on object 'Object Repository/RecAndPlayBk/Page-Vlink-ACH-Credit/input_Check Type'

2023-02-15 23:16:40 - [TEST_STEP][PASSED] - setText(findTestObject("Object Repository/RecAndPlayBk/Page-Vlink-ACH-Credit/input_Transaction ID"), tranID): Text '12124566' is set on object 'Object Repository/RecAndPlayBk/Page-Vlink-ACH-Credit/input_Transaction ID'

2023-02-15 23:16:40 - [MESSAGE][PASSED] - Text '12124566' is set on object 'Object Repository/RecAndPlayBk/Page-Vlink-ACH-Credit/input_Transaction ID'

2023-02-15 23:16:40 - [TEST_STEP][PASSED] - setText(findTestObject("Object Repository/RecAndPlayBk/Page-Vlink-ACH-Credit/input_Amount"), amount): Text '12.50' is set on object 'Object Repository/RecAndPlayBk/Page-Vlink-ACH-Credit/input_Amount'

2023-02-15 23:16:41 - [MESSAGE][PASSED] - Text '12.50' is set on object 'Object Repository/RecAndPlayBk/Page-Vlink-ACH-Credit/input_Amount'

2023-02-15 23:16:41 - [TEST_STEP][PASSED] - setText(findTestObject("Object Repository/RecAndPlayBk/Page-Vlink-ACH-Credit/input_Standard Entry Class"), sec): Text 'PPD' is set on object 'Object Repository/RecAndPlayBk/Page-Vlink-ACH-Credit/input_Standard Entry Class'

2023-02-15 23:16:42 - [MESSAGE][PASSED] - Text 'PPD' is set on object 'Object Repository/RecAndPlayBk/Page-Vlink-ACH-Credit/input_Standard Entry Class'

2023-02-15 23:16:42 - [TEST_STEP][PASSED] - setText(findTestObject("Object Repository/RecAndPlayBk/Page-Vlink-ACH-Credit/input_Account Number"), acNumber): Text '12345678' is set on object 'Object Repository/RecAndPlayBk/Page-Vlink-ACH-Credit/input_Account Number'

2023-02-15 23:16:42 - [MESSAGE][PASSED] - Text '12345678' is set on object 'Object Repository/RecAndPlayBk/Page-Vlink-ACH-Credit/input_Account Number'

2023-02-15 23:16:42 - [TEST_STEP][PASSED] - setText(findTestObject("Object Repository/RecAndPlayBk/Page-Vlink-ACH-Credit/input_Routing Number"), rtn): Text '256072691' is set on object 'Object Repository/RecAndPlayBk/Page-Vlink-ACH-Credit/input_Routing Number'

2023-02-15 23:16:43 - [MESSAGE][PASSED] - Text '256072691' is set on object 'Object Repository/RecAndPlayBk/Page-Vlink-ACH-Credit/input_Routing Number'

2023-02-15 23:16:43 - [TEST_STEP][PASSED] - click(findTestObject("Object Repository/RecAndPlayBk/Page-Vlink-ACH-Credit/input")): Object: 'Object Repository/RecAndPlayBk/Page-Vlink-ACH-Credit/input' is clicked on

2023-02-15 23:16:44 - [MESSAGE][PASSED] - Object: 'Object Repository/RecAndPlayBk/Page-Vlink-ACH-Credit/input' is clicked on

2023-02-15 23:16:44 - [TEST_STEP][PASSED] - if (verifyTextPresent(errorMsg, true)): null

2023-02-15 23:16:44 - [MESSAGE][PASSED] - Text 'Missing parameter: application_id' is present on page  using regular expression

2023-02-15 23:16:44 - [TEST_STEP][PASSED] - println("Error Message is present on the Confirmation page"): null

2023-02-15 23:16:44 - [TEST_STEP][PASSED] - out.println("Pass Record Number: " + row): null

2023-02-15 23:16:44 - [TEST_STEP][PASSED] - resText = "Pass": null

2023-02-15 23:16:44 - [TEST_STEP][PASSED] - pages.WriteExcel.demoKey(resText, datText, resColumn, datCloumn, fileLoc, nameSheet, row): pages.WriteExcel.demoKey is PASSED

2023-02-15 23:16:44 - [MESSAGE][PASSED] - pages.WriteExcel.demoKey is PASSED

2023-02-15 23:16:44 - [TEST_STEP][PASSED] - ExecuteTC = findTestData(dataFile).getValue("Execute", row): null

2023-02-15 23:16:44 - [TEST_STEP][PASSED] - out.println("Value of Execute is : " + ExecuteTC): null

2023-02-15 23:16:44 - [TEST_STEP][PASSED] - if (ExecuteTC.equalsIgnoreCase("Y")): null

2023-02-15 23:16:44 - [TEST_STEP][PASSED] - out.println("Begin Record Number: " + row): null

2023-02-15 23:16:44 - [TEST_STEP][PASSED] - today = new java.util.Date(): null

2023-02-15 23:16:44 - [TEST_STEP][PASSED] - println(today): null

2023-02-15 23:16:44 - [TEST_STEP][PASSED] - datText = today: null

2023-02-15 23:16:44 - [TEST_STEP][PASSED] - appID = findTestData(dataFile).getValue("AppID", row): null

2023-02-15 23:16:44 - [TEST_STEP][PASSED] - username = findTestData(dataFile).getValue("Username", row): null

2023-02-15 23:16:44 - [TEST_STEP][PASSED] - password = findTestData(dataFile).getValue("Password", row): null

2023-02-15 23:16:44 - [TEST_STEP][PASSED] - errorMsg = findTestData(dataFile).getValue("ErrorMsg", row): null

2023-02-15 23:16:44 - [TEST_STEP][PASSED] - tranType = findTestData(dataFile).getValue("TranType", row): null

2023-02-15 23:16:44 - [TEST_STEP][PASSED] - mv = findTestData(dataFile).getValue("MV", row): null

2023-02-15 23:16:44 - [TEST_STEP][PASSED] - resFormat = findTestData(dataFile).getValue("ResFormat", row): null

2023-02-15 23:16:44 - [TEST_STEP][PASSED] - checkType = findTestData(dataFile).getValue("CheckType", row): null

2023-02-15 23:16:44 - [TEST_STEP][PASSED] - sec = findTestData(dataFile).getValue("SEC", row): null

2023-02-15 23:16:45 - [TEST_STEP][PASSED] - tranID = findTestData(dataFile).getValue("TranxID", row): null

2023-02-15 23:16:45 - [TEST_STEP][PASSED] - amount = findTestData(dataFile).getValue("Amount", row): null

2023-02-15 23:16:45 - [TEST_STEP][PASSED] - acNumber = findTestData(dataFile).getValue("AcNumber", row): null

2023-02-15 23:16:45 - [TEST_STEP][PASSED] - rtn = findTestData(dataFile).getValue("RTN", row): null

2023-02-15 23:16:45 - [TEST_STEP][PASSED] - openBrowser(VLinkURL + "ACH_credit.html"): Browser is opened with url: 'https://dev-algorithm.govolution.com/vlinktest/QA/version_2_0/ACH_credit.html'

2023-02-15 23:16:45 - [MESSAGE][WARNING] - A browser is already opened. Closing browser and opening a new one

2023-02-15 23:16:46 - [MESSAGE][INFO] - Starting 'Chrome' driver

2023-02-15 23:16:46 - [MESSAGE][INFO] - User set preference: ['acceptInsecureCerts', 'true']

2023-02-15 23:16:46 - [MESSAGE][INFO] - Action delay is set to 0 milliseconds

2023-02-15 23:16:47 - [MESSAGE][PASSED] - Browser is opened with url: 'https://dev-algorithm.govolution.com/vlinktest/QA/version_2_0/ACH_credit.html'

2023-02-15 23:16:47 - [TEST_STEP][PASSED] - maximizeWindow(): Current window maximized

2023-02-15 23:16:48 - [MESSAGE][PASSED] - Current window maximized

2023-02-15 23:16:48 - [TEST_STEP][PASSED] - setText(findTestObject("Object Repository/RecAndPlayBk/Page-Vlink-ACH-Credit/input_Transaction Type"), tranType): Text '200' is set on object 'Object Repository/RecAndPlayBk/Page-Vlink-ACH-Credit/input_Transaction Type'

2023-02-15 23:16:48 - [MESSAGE][PASSED] - Text '200' is set on object 'Object Repository/RecAndPlayBk/Page-Vlink-ACH-Credit/input_Transaction Type'

2023-02-15 23:16:48 - [TEST_STEP][PASSED] - setText(findTestObject("Object Repository/RecAndPlayBk/Page-Vlink-ACH-Credit/input_Message Version"), mv): Text '2.0A' is set on object 'Object Repository/RecAndPlayBk/Page-Vlink-ACH-Credit/input_Message Version'

2023-02-15 23:16:49 - [MESSAGE][PASSED] - Text '2.0A' is set on object 'Object Repository/RecAndPlayBk/Page-Vlink-ACH-Credit/input_Message Version'

2023-02-15 23:16:49 - [TEST_STEP][PASSED] - genRemID = RandomStringUtils.random(12, true, true): null

2023-02-15 23:16:49 - [TEST_STEP][PASSED] - setText(findTestObject("Object Repository/RecAndPlayBk/Page-Vlink-ACH-Credit/input_Remittance Id"), genRemID): Text 'aix8IRjJxBhN' is set on object 'Object Repository/RecAndPlayBk/Page-Vlink-ACH-Credit/input_Remittance Id'

2023-02-15 23:16:50 - [MESSAGE][PASSED] - Text 'aix8IRjJxBhN' is set on object 'Object Repository/RecAndPlayBk/Page-Vlink-ACH-Credit/input_Remittance Id'

2023-02-15 23:16:50 - [TEST_STEP][PASSED] - setText(findTestObject("Object Repository/RecAndPlayBk/Page-Vlink-ACH-Credit/input_Application Id"), appID): Text '234' is set on object 'Object Repository/RecAndPlayBk/Page-Vlink-ACH-Credit/input_Application Id'

2023-02-15 23:16:50 - [MESSAGE][PASSED] - Text '234' is set on object 'Object Repository/RecAndPlayBk/Page-Vlink-ACH-Credit/input_Application Id'

2023-02-15 23:16:50 - [TEST_STEP][PASSED] - setText(findTestObject("Object Repository/RecAndPlayBk/Page-Vlink-ACH-Credit/input_Username"), username): Text '' is set on object 'Object Repository/RecAndPlayBk/Page-Vlink-ACH-Credit/input_Username'

2023-02-15 23:16:51 - [MESSAGE][PASSED] - Text '' is set on object 'Object Repository/RecAndPlayBk/Page-Vlink-ACH-Credit/input_Username'

2023-02-15 23:16:51 - [TEST_STEP][PASSED] - setText(findTestObject("Object Repository/RecAndPlayBk/Page-Vlink-ACH-Credit/input_Password"), password): Text 'password' is set on object 'Object Repository/RecAndPlayBk/Page-Vlink-ACH-Credit/input_Password'

2023-02-15 23:16:51 - [MESSAGE][PASSED] - Text 'password' is set on object 'Object Repository/RecAndPlayBk/Page-Vlink-ACH-Credit/input_Password'

2023-02-15 23:16:51 - [TEST_STEP][PASSED] - setText(findTestObject("Object Repository/RecAndPlayBk/Page-Vlink-ACH-Credit/input_Response Format"), resFormat): Text 'fixed_width' is set on object 'Object Repository/RecAndPlayBk/Page-Vlink-ACH-Credit/input_Response Format'

2023-02-15 23:16:52 - [MESSAGE][PASSED] - Text 'fixed_width' is set on object 'Object Repository/RecAndPlayBk/Page-Vlink-ACH-Credit/input_Response Format'

2023-02-15 23:16:52 - [TEST_STEP][PASSED] - setText(findTestObject("Object Repository/RecAndPlayBk/Page-Vlink-ACH-Credit/input_Check Type"), checkType): Text 'P' is set on object 'Object Repository/RecAndPlayBk/Page-Vlink-ACH-Credit/input_Check Type'

2023-02-15 23:16:53 - [MESSAGE][PASSED] - Text 'P' is set on object 'Object Repository/RecAndPlayBk/Page-Vlink-ACH-Credit/input_Check Type'

2023-02-15 23:16:53 - [TEST_STEP][PASSED] - setText(findTestObject("Object Repository/RecAndPlayBk/Page-Vlink-ACH-Credit/input_Transaction ID"), tranID): Text '12124566' is set on object 'Object Repository/RecAndPlayBk/Page-Vlink-ACH-Credit/input_Transaction ID'

2023-02-15 23:16:53 - [MESSAGE][PASSED] - Text '12124566' is set on object 'Object Repository/RecAndPlayBk/Page-Vlink-ACH-Credit/input_Transaction ID'

2023-02-15 23:16:53 - [TEST_STEP][PASSED] - setText(findTestObject("Object Repository/RecAndPlayBk/Page-Vlink-ACH-Credit/input_Amount"), amount): Text '12.50' is set on object 'Object Repository/RecAndPlayBk/Page-Vlink-ACH-Credit/input_Amount'

2023-02-15 23:16:54 - [MESSAGE][PASSED] - Text '12.50' is set on object 'Object Repository/RecAndPlayBk/Page-Vlink-ACH-Credit/input_Amount'

2023-02-15 23:16:54 - [TEST_STEP][PASSED] - setText(findTestObject("Object Repository/RecAndPlayBk/Page-Vlink-ACH-Credit/input_Standard Entry Class"), sec): Text 'WEB' is set on object 'Object Repository/RecAndPlayBk/Page-Vlink-ACH-Credit/input_Standard Entry Class'

2023-02-15 23:16:54 - [MESSAGE][PASSED] - Text 'WEB' is set on object 'Object Repository/RecAndPlayBk/Page-Vlink-ACH-Credit/input_Standard Entry Class'

2023-02-15 23:16:54 - [TEST_STEP][PASSED] - setText(findTestObject("Object Repository/RecAndPlayBk/Page-Vlink-ACH-Credit/input_Account Number"), acNumber): Text '12345678' is set on object 'Object Repository/RecAndPlayBk/Page-Vlink-ACH-Credit/input_Account Number'

2023-02-15 23:16:55 - [MESSAGE][PASSED] - Text '12345678' is set on object 'Object Repository/RecAndPlayBk/Page-Vlink-ACH-Credit/input_Account Number'

2023-02-15 23:16:55 - [TEST_STEP][PASSED] - setText(findTestObject("Object Repository/RecAndPlayBk/Page-Vlink-ACH-Credit/input_Routing Number"), rtn): Text '256072691' is set on object 'Object Repository/RecAndPlayBk/Page-Vlink-ACH-Credit/input_Routing Number'

2023-02-15 23:16:56 - [MESSAGE][PASSED] - Text '256072691' is set on object 'Object Repository/RecAndPlayBk/Page-Vlink-ACH-Credit/input_Routing Number'

2023-02-15 23:16:56 - [TEST_STEP][PASSED] - click(findTestObject("Object Repository/RecAndPlayBk/Page-Vlink-ACH-Credit/input")): Object: 'Object Repository/RecAndPlayBk/Page-Vlink-ACH-Credit/input' is clicked on

2023-02-15 23:16:56 - [MESSAGE][PASSED] - Object: 'Object Repository/RecAndPlayBk/Page-Vlink-ACH-Credit/input' is clicked on

2023-02-15 23:16:56 - [TEST_STEP][PASSED] - if (verifyTextPresent(errorMsg, true)): null

2023-02-15 23:16:57 - [MESSAGE][PASSED] - Text 'Signon authentication error' is present on page  using regular expression

2023-02-15 23:16:57 - [TEST_STEP][PASSED] - println("Error Message is present on the Confirmation page"): null

2023-02-15 23:16:57 - [TEST_STEP][PASSED] - out.println("Pass Record Number: " + row): null

2023-02-15 23:16:57 - [TEST_STEP][PASSED] - resText = "Pass": null

2023-02-15 23:16:57 - [TEST_STEP][PASSED] - pages.WriteExcel.demoKey(resText, datText, resColumn, datCloumn, fileLoc, nameSheet, row): pages.WriteExcel.demoKey is PASSED

2023-02-15 23:16:57 - [MESSAGE][PASSED] - pages.WriteExcel.demoKey is PASSED

2023-02-15 23:16:57 - [TEST_STEP][PASSED] - ExecuteTC = findTestData(dataFile).getValue("Execute", row): null

2023-02-15 23:16:57 - [TEST_STEP][PASSED] - out.println("Value of Execute is : " + ExecuteTC): null

2023-02-15 23:16:57 - [TEST_STEP][PASSED] - if (ExecuteTC.equalsIgnoreCase("Y")): null

2023-02-15 23:16:57 - [TEST_STEP][PASSED] - out.println("Begin Record Number: " + row): null

2023-02-15 23:16:57 - [TEST_STEP][PASSED] - today = new java.util.Date(): null

2023-02-15 23:16:57 - [TEST_STEP][PASSED] - println(today): null

2023-02-15 23:16:57 - [TEST_STEP][PASSED] - datText = today: null

2023-02-15 23:16:57 - [TEST_STEP][PASSED] - appID = findTestData(dataFile).getValue("AppID", row): null

2023-02-15 23:16:57 - [TEST_STEP][PASSED] - username = findTestData(dataFile).getValue("Username", row): null

2023-02-15 23:16:57 - [TEST_STEP][PASSED] - password = findTestData(dataFile).getValue("Password", row): null

2023-02-15 23:16:57 - [TEST_STEP][PASSED] - errorMsg = findTestData(dataFile).getValue("ErrorMsg", row): null

2023-02-15 23:16:57 - [TEST_STEP][PASSED] - tranType = findTestData(dataFile).getValue("TranType", row): null

2023-02-15 23:16:57 - [TEST_STEP][PASSED] - mv = findTestData(dataFile).getValue("MV", row): null

2023-02-15 23:16:57 - [TEST_STEP][PASSED] - resFormat = findTestData(dataFile).getValue("ResFormat", row): null

2023-02-15 23:16:57 - [TEST_STEP][PASSED] - checkType = findTestData(dataFile).getValue("CheckType", row): null

2023-02-15 23:16:57 - [TEST_STEP][PASSED] - sec = findTestData(dataFile).getValue("SEC", row): null

2023-02-15 23:16:57 - [TEST_STEP][PASSED] - tranID = findTestData(dataFile).getValue("TranxID", row): null

2023-02-15 23:16:57 - [TEST_STEP][PASSED] - amount = findTestData(dataFile).getValue("Amount", row): null

2023-02-15 23:16:57 - [TEST_STEP][PASSED] - acNumber = findTestData(dataFile).getValue("AcNumber", row): null

2023-02-15 23:16:57 - [TEST_STEP][PASSED] - rtn = findTestData(dataFile).getValue("RTN", row): null

2023-02-15 23:16:58 - [TEST_STEP][PASSED] - openBrowser(VLinkURL + "ACH_credit.html"): Browser is opened with url: 'https://dev-algorithm.govolution.com/vlinktest/QA/version_2_0/ACH_credit.html'

2023-02-15 23:16:58 - [MESSAGE][WARNING] - A browser is already opened. Closing browser and opening a new one

2023-02-15 23:16:58 - [MESSAGE][INFO] - Starting 'Chrome' driver

2023-02-15 23:16:58 - [MESSAGE][INFO] - User set preference: ['acceptInsecureCerts', 'true']

2023-02-15 23:16:58 - [MESSAGE][INFO] - Action delay is set to 0 milliseconds

2023-02-15 23:17:00 - [MESSAGE][PASSED] - Browser is opened with url: 'https://dev-algorithm.govolution.com/vlinktest/QA/version_2_0/ACH_credit.html'

2023-02-15 23:17:00 - [TEST_STEP][PASSED] - maximizeWindow(): Current window maximized

2023-02-15 23:17:00 - [MESSAGE][PASSED] - Current window maximized

2023-02-15 23:17:00 - [TEST_STEP][PASSED] - setText(findTestObject("Object Repository/RecAndPlayBk/Page-Vlink-ACH-Credit/input_Transaction Type"), tranType): Text '200' is set on object 'Object Repository/RecAndPlayBk/Page-Vlink-ACH-Credit/input_Transaction Type'

2023-02-15 23:17:01 - [MESSAGE][PASSED] - Text '200' is set on object 'Object Repository/RecAndPlayBk/Page-Vlink-ACH-Credit/input_Transaction Type'

2023-02-15 23:17:01 - [TEST_STEP][PASSED] - setText(findTestObject("Object Repository/RecAndPlayBk/Page-Vlink-ACH-Credit/input_Message Version"), mv): Text '2.0A' is set on object 'Object Repository/RecAndPlayBk/Page-Vlink-ACH-Credit/input_Message Version'

2023-02-15 23:17:02 - [MESSAGE][PASSED] - Text '2.0A' is set on object 'Object Repository/RecAndPlayBk/Page-Vlink-ACH-Credit/input_Message Version'

2023-02-15 23:17:02 - [TEST_STEP][PASSED] - genRemID = RandomStringUtils.random(12, true, true): null

2023-02-15 23:17:02 - [TEST_STEP][PASSED] - setText(findTestObject("Object Repository/RecAndPlayBk/Page-Vlink-ACH-Credit/input_Remittance Id"), genRemID): Text 'Is3yfcdO2o8T' is set on object 'Object Repository/RecAndPlayBk/Page-Vlink-ACH-Credit/input_Remittance Id'

2023-02-15 23:17:02 - [MESSAGE][PASSED] - Text 'Is3yfcdO2o8T' is set on object 'Object Repository/RecAndPlayBk/Page-Vlink-ACH-Credit/input_Remittance Id'

2023-02-15 23:17:02 - [TEST_STEP][PASSED] - setText(findTestObject("Object Repository/RecAndPlayBk/Page-Vlink-ACH-Credit/input_Application Id"), appID): Text '234' is set on object 'Object Repository/RecAndPlayBk/Page-Vlink-ACH-Credit/input_Application Id'

2023-02-15 23:17:03 - [MESSAGE][PASSED] - Text '234' is set on object 'Object Repository/RecAndPlayBk/Page-Vlink-ACH-Credit/input_Application Id'

2023-02-15 23:17:03 - [TEST_STEP][PASSED] - setText(findTestObject("Object Repository/RecAndPlayBk/Page-Vlink-ACH-Credit/input_Username"), username): Text 'username' is set on object 'Object Repository/RecAndPlayBk/Page-Vlink-ACH-Credit/input_Username'

2023-02-15 23:17:04 - [MESSAGE][PASSED] - Text 'username' is set on object 'Object Repository/RecAndPlayBk/Page-Vlink-ACH-Credit/input_Username'

2023-02-15 23:17:04 - [TEST_STEP][PASSED] - setText(findTestObject("Object Repository/RecAndPlayBk/Page-Vlink-ACH-Credit/input_Password"), password): Text '' is set on object 'Object Repository/RecAndPlayBk/Page-Vlink-ACH-Credit/input_Password'

2023-02-15 23:17:04 - [MESSAGE][PASSED] - Text '' is set on object 'Object Repository/RecAndPlayBk/Page-Vlink-ACH-Credit/input_Password'

2023-02-15 23:17:04 - [TEST_STEP][PASSED] - setText(findTestObject("Object Repository/RecAndPlayBk/Page-Vlink-ACH-Credit/input_Response Format"), resFormat): Text 'fixed_width' is set on object 'Object Repository/RecAndPlayBk/Page-Vlink-ACH-Credit/input_Response Format'

2023-02-15 23:17:05 - [MESSAGE][PASSED] - Text 'fixed_width' is set on object 'Object Repository/RecAndPlayBk/Page-Vlink-ACH-Credit/input_Response Format'

2023-02-15 23:17:05 - [TEST_STEP][PASSED] - setText(findTestObject("Object Repository/RecAndPlayBk/Page-Vlink-ACH-Credit/input_Check Type"), checkType): Text 'P' is set on object 'Object Repository/RecAndPlayBk/Page-Vlink-ACH-Credit/input_Check Type'

2023-02-15 23:17:05 - [MESSAGE][PASSED] - Text 'P' is set on object 'Object Repository/RecAndPlayBk/Page-Vlink-ACH-Credit/input_Check Type'

2023-02-15 23:17:05 - [TEST_STEP][PASSED] - setText(findTestObject("Object Repository/RecAndPlayBk/Page-Vlink-ACH-Credit/input_Transaction ID"), tranID): Text '12124566' is set on object 'Object Repository/RecAndPlayBk/Page-Vlink-ACH-Credit/input_Transaction ID'

2023-02-15 23:17:06 - [MESSAGE][PASSED] - Text '12124566' is set on object 'Object Repository/RecAndPlayBk/Page-Vlink-ACH-Credit/input_Transaction ID'

2023-02-15 23:17:06 - [TEST_STEP][PASSED] - setText(findTestObject("Object Repository/RecAndPlayBk/Page-Vlink-ACH-Credit/input_Amount"), amount): Text '12.50' is set on object 'Object Repository/RecAndPlayBk/Page-Vlink-ACH-Credit/input_Amount'

2023-02-15 23:17:07 - [MESSAGE][PASSED] - Text '12.50' is set on object 'Object Repository/RecAndPlayBk/Page-Vlink-ACH-Credit/input_Amount'

2023-02-15 23:17:07 - [TEST_STEP][PASSED] - setText(findTestObject("Object Repository/RecAndPlayBk/Page-Vlink-ACH-Credit/input_Standard Entry Class"), sec): Text 'TEL' is set on object 'Object Repository/RecAndPlayBk/Page-Vlink-ACH-Credit/input_Standard Entry Class'

2023-02-15 23:17:07 - [MESSAGE][PASSED] - Text 'TEL' is set on object 'Object Repository/RecAndPlayBk/Page-Vlink-ACH-Credit/input_Standard Entry Class'

2023-02-15 23:17:07 - [TEST_STEP][PASSED] - setText(findTestObject("Object Repository/RecAndPlayBk/Page-Vlink-ACH-Credit/input_Account Number"), acNumber): Text '12345678' is set on object 'Object Repository/RecAndPlayBk/Page-Vlink-ACH-Credit/input_Account Number'

2023-02-15 23:17:08 - [MESSAGE][PASSED] - Text '12345678' is set on object 'Object Repository/RecAndPlayBk/Page-Vlink-ACH-Credit/input_Account Number'

2023-02-15 23:17:08 - [TEST_STEP][PASSED] - setText(findTestObject("Object Repository/RecAndPlayBk/Page-Vlink-ACH-Credit/input_Routing Number"), rtn): Text '256072691' is set on object 'Object Repository/RecAndPlayBk/Page-Vlink-ACH-Credit/input_Routing Number'

2023-02-15 23:17:08 - [MESSAGE][PASSED] - Text '256072691' is set on object 'Object Repository/RecAndPlayBk/Page-Vlink-ACH-Credit/input_Routing Number'

2023-02-15 23:17:08 - [TEST_STEP][PASSED] - click(findTestObject("Object Repository/RecAndPlayBk/Page-Vlink-ACH-Credit/input")): Object: 'Object Repository/RecAndPlayBk/Page-Vlink-ACH-Credit/input' is clicked on

2023-02-15 23:17:09 - [MESSAGE][PASSED] - Object: 'Object Repository/RecAndPlayBk/Page-Vlink-ACH-Credit/input' is clicked on

2023-02-15 23:17:09 - [TEST_STEP][PASSED] - if (verifyTextPresent(errorMsg, true)): null

2023-02-15 23:17:09 - [MESSAGE][PASSED] - Text 'Signon authentication error' is present on page  using regular expression

2023-02-15 23:17:09 - [TEST_STEP][PASSED] - println("Error Message is present on the Confirmation page"): null

2023-02-15 23:17:09 - [TEST_STEP][PASSED] - out.println("Pass Record Number: " + row): null

2023-02-15 23:17:09 - [TEST_STEP][PASSED] - resText = "Pass": null

2023-02-15 23:17:09 - [TEST_STEP][PASSED] - pages.WriteExcel.demoKey(resText, datText, resColumn, datCloumn, fileLoc, nameSheet, row): pages.WriteExcel.demoKey is PASSED

2023-02-15 23:17:09 - [MESSAGE][PASSED] - pages.WriteExcel.demoKey is PASSED

2023-02-15 23:17:09 - [TEST_STEP][PASSED] - ExecuteTC = findTestData(dataFile).getValue("Execute", row): null

2023-02-15 23:17:10 - [TEST_STEP][PASSED] - out.println("Value of Execute is : " + ExecuteTC): null

2023-02-15 23:17:10 - [TEST_STEP][PASSED] - if (ExecuteTC.equalsIgnoreCase("Y")): null

2023-02-15 23:17:10 - [TEST_STEP][PASSED] - out.println("Begin Record Number: " + row): null

2023-02-15 23:17:10 - [TEST_STEP][PASSED] - today = new java.util.Date(): null

2023-02-15 23:17:10 - [TEST_STEP][PASSED] - println(today): null

2023-02-15 23:17:10 - [TEST_STEP][PASSED] - datText = today: null

2023-02-15 23:17:10 - [TEST_STEP][PASSED] - appID = findTestData(dataFile).getValue("AppID", row): null

2023-02-15 23:17:10 - [TEST_STEP][PASSED] - username = findTestData(dataFile).getValue("Username", row): null

2023-02-15 23:17:10 - [TEST_STEP][PASSED] - password = findTestData(dataFile).getValue("Password", row): null

2023-02-15 23:17:10 - [TEST_STEP][PASSED] - errorMsg = findTestData(dataFile).getValue("ErrorMsg", row): null

2023-02-15 23:17:10 - [TEST_STEP][PASSED] - tranType = findTestData(dataFile).getValue("TranType", row): null

2023-02-15 23:17:10 - [TEST_STEP][PASSED] - mv = findTestData(dataFile).getValue("MV", row): null

2023-02-15 23:17:10 - [TEST_STEP][PASSED] - resFormat = findTestData(dataFile).getValue("ResFormat", row): null

2023-02-15 23:17:10 - [TEST_STEP][PASSED] - checkType = findTestData(dataFile).getValue("CheckType", row): null

2023-02-15 23:17:10 - [TEST_STEP][PASSED] - sec = findTestData(dataFile).getValue("SEC", row): null

2023-02-15 23:17:10 - [TEST_STEP][PASSED] - tranID = findTestData(dataFile).getValue("TranxID", row): null

2023-02-15 23:17:10 - [TEST_STEP][PASSED] - amount = findTestData(dataFile).getValue("Amount", row): null

2023-02-15 23:17:10 - [TEST_STEP][PASSED] - acNumber = findTestData(dataFile).getValue("AcNumber", row): null

2023-02-15 23:17:10 - [TEST_STEP][PASSED] - rtn = findTestData(dataFile).getValue("RTN", row): null

2023-02-15 23:17:10 - [TEST_STEP][PASSED] - openBrowser(VLinkURL + "ACH_credit.html"): Browser is opened with url: 'https://dev-algorithm.govolution.com/vlinktest/QA/version_2_0/ACH_credit.html'

2023-02-15 23:17:10 - [MESSAGE][WARNING] - A browser is already opened. Closing browser and opening a new one

2023-02-15 23:17:11 - [MESSAGE][INFO] - Starting 'Chrome' driver

2023-02-15 23:17:11 - [MESSAGE][INFO] - User set preference: ['acceptInsecureCerts', 'true']

2023-02-15 23:17:11 - [MESSAGE][INFO] - Action delay is set to 0 milliseconds

2023-02-15 23:17:13 - [MESSAGE][PASSED] - Browser is opened with url: 'https://dev-algorithm.govolution.com/vlinktest/QA/version_2_0/ACH_credit.html'

2023-02-15 23:17:13 - [TEST_STEP][PASSED] - maximizeWindow(): Current window maximized

2023-02-15 23:17:13 - [MESSAGE][PASSED] - Current window maximized

2023-02-15 23:17:13 - [TEST_STEP][PASSED] - setText(findTestObject("Object Repository/RecAndPlayBk/Page-Vlink-ACH-Credit/input_Transaction Type"), tranType): Text '200' is set on object 'Object Repository/RecAndPlayBk/Page-Vlink-ACH-Credit/input_Transaction Type'

2023-02-15 23:17:14 - [MESSAGE][PASSED] - Text '200' is set on object 'Object Repository/RecAndPlayBk/Page-Vlink-ACH-Credit/input_Transaction Type'

2023-02-15 23:17:14 - [TEST_STEP][PASSED] - setText(findTestObject("Object Repository/RecAndPlayBk/Page-Vlink-ACH-Credit/input_Message Version"), mv): Text '2.0A' is set on object 'Object Repository/RecAndPlayBk/Page-Vlink-ACH-Credit/input_Message Version'

2023-02-15 23:17:15 - [MESSAGE][PASSED] - Text '2.0A' is set on object 'Object Repository/RecAndPlayBk/Page-Vlink-ACH-Credit/input_Message Version'

2023-02-15 23:17:15 - [TEST_STEP][PASSED] - genRemID = RandomStringUtils.random(12, true, true): null

2023-02-15 23:17:15 - [TEST_STEP][PASSED] - setText(findTestObject("Object Repository/RecAndPlayBk/Page-Vlink-ACH-Credit/input_Remittance Id"), genRemID): Text 'ghd1RLUjUoc3' is set on object 'Object Repository/RecAndPlayBk/Page-Vlink-ACH-Credit/input_Remittance Id'

2023-02-15 23:17:15 - [MESSAGE][PASSED] - Text 'ghd1RLUjUoc3' is set on object 'Object Repository/RecAndPlayBk/Page-Vlink-ACH-Credit/input_Remittance Id'

2023-02-15 23:17:15 - [TEST_STEP][PASSED] - setText(findTestObject("Object Repository/RecAndPlayBk/Page-Vlink-ACH-Credit/input_Application Id"), appID): Text '234' is set on object 'Object Repository/RecAndPlayBk/Page-Vlink-ACH-Credit/input_Application Id'

2023-02-15 23:17:16 - [MESSAGE][PASSED] - Text '234' is set on object 'Object Repository/RecAndPlayBk/Page-Vlink-ACH-Credit/input_Application Id'

2023-02-15 23:17:16 - [TEST_STEP][PASSED] - setText(findTestObject("Object Repository/RecAndPlayBk/Page-Vlink-ACH-Credit/input_Username"), username): Text 'username' is set on object 'Object Repository/RecAndPlayBk/Page-Vlink-ACH-Credit/input_Username'

2023-02-15 23:17:16 - [MESSAGE][PASSED] - Text 'username' is set on object 'Object Repository/RecAndPlayBk/Page-Vlink-ACH-Credit/input_Username'

2023-02-15 23:17:16 - [TEST_STEP][PASSED] - setText(findTestObject("Object Repository/RecAndPlayBk/Page-Vlink-ACH-Credit/input_Password"), password): Text 'password' is set on object 'Object Repository/RecAndPlayBk/Page-Vlink-ACH-Credit/input_Password'

2023-02-15 23:17:17 - [MESSAGE][PASSED] - Text 'password' is set on object 'Object Repository/RecAndPlayBk/Page-Vlink-ACH-Credit/input_Password'

2023-02-15 23:17:17 - [TEST_STEP][PASSED] - setText(findTestObject("Object Repository/RecAndPlayBk/Page-Vlink-ACH-Credit/input_Response Format"), resFormat): Text '' is set on object 'Object Repository/RecAndPlayBk/Page-Vlink-ACH-Credit/input_Response Format'

2023-02-15 23:17:18 - [MESSAGE][PASSED] - Text '' is set on object 'Object Repository/RecAndPlayBk/Page-Vlink-ACH-Credit/input_Response Format'

2023-02-15 23:17:18 - [TEST_STEP][PASSED] - setText(findTestObject("Object Repository/RecAndPlayBk/Page-Vlink-ACH-Credit/input_Check Type"), checkType): Text 'P' is set on object 'Object Repository/RecAndPlayBk/Page-Vlink-ACH-Credit/input_Check Type'

2023-02-15 23:17:18 - [MESSAGE][PASSED] - Text 'P' is set on object 'Object Repository/RecAndPlayBk/Page-Vlink-ACH-Credit/input_Check Type'

2023-02-15 23:17:18 - [TEST_STEP][PASSED] - setText(findTestObject("Object Repository/RecAndPlayBk/Page-Vlink-ACH-Credit/input_Transaction ID"), tranID): Text '12124566' is set on object 'Object Repository/RecAndPlayBk/Page-Vlink-ACH-Credit/input_Transaction ID'

2023-02-15 23:17:19 - [MESSAGE][PASSED] - Text '12124566' is set on object 'Object Repository/RecAndPlayBk/Page-Vlink-ACH-Credit/input_Transaction ID'

2023-02-15 23:17:19 - [TEST_STEP][PASSED] - setText(findTestObject("Object Repository/RecAndPlayBk/Page-Vlink-ACH-Credit/input_Amount"), amount): Text '12.50' is set on object 'Object Repository/RecAndPlayBk/Page-Vlink-ACH-Credit/input_Amount'

2023-02-15 23:17:19 - [MESSAGE][PASSED] - Text '12.50' is set on object 'Object Repository/RecAndPlayBk/Page-Vlink-ACH-Credit/input_Amount'

2023-02-15 23:17:19 - [TEST_STEP][PASSED] - setText(findTestObject("Object Repository/RecAndPlayBk/Page-Vlink-ACH-Credit/input_Standard Entry Class"), sec): Text 'PPD' is set on object 'Object Repository/RecAndPlayBk/Page-Vlink-ACH-Credit/input_Standard Entry Class'

2023-02-15 23:17:20 - [MESSAGE][PASSED] - Text 'PPD' is set on object 'Object Repository/RecAndPlayBk/Page-Vlink-ACH-Credit/input_Standard Entry Class'

2023-02-15 23:17:20 - [TEST_STEP][PASSED] - setText(findTestObject("Object Repository/RecAndPlayBk/Page-Vlink-ACH-Credit/input_Account Number"), acNumber): Text '12345678' is set on object 'Object Repository/RecAndPlayBk/Page-Vlink-ACH-Credit/input_Account Number'

2023-02-15 23:17:21 - [MESSAGE][PASSED] - Text '12345678' is set on object 'Object Repository/RecAndPlayBk/Page-Vlink-ACH-Credit/input_Account Number'

2023-02-15 23:17:21 - [TEST_STEP][PASSED] - setText(findTestObject("Object Repository/RecAndPlayBk/Page-Vlink-ACH-Credit/input_Routing Number"), rtn): Text '256072691' is set on object 'Object Repository/RecAndPlayBk/Page-Vlink-ACH-Credit/input_Routing Number'

2023-02-15 23:17:21 - [MESSAGE][PASSED] - Text '256072691' is set on object 'Object Repository/RecAndPlayBk/Page-Vlink-ACH-Credit/input_Routing Number'

2023-02-15 23:17:21 - [TEST_STEP][PASSED] - click(findTestObject("Object Repository/RecAndPlayBk/Page-Vlink-ACH-Credit/input")): Object: 'Object Repository/RecAndPlayBk/Page-Vlink-ACH-Credit/input' is clicked on

2023-02-15 23:17:22 - [MESSAGE][PASSED] - Object: 'Object Repository/RecAndPlayBk/Page-Vlink-ACH-Credit/input' is clicked on

2023-02-15 23:17:22 - [TEST_STEP][PASSED] - if (verifyTextPresent(errorMsg, true)): null

2023-02-15 23:17:22 - [MESSAGE][PASSED] - Text 'response_format, check_first_name, check_last_name, check_address, check_city' is present on page  using regular expression

2023-02-15 23:17:22 - [TEST_STEP][PASSED] - println("Error Message is present on the Confirmation page"): null

2023-02-15 23:17:22 - [TEST_STEP][PASSED] - out.println("Pass Record Number: " + row): null

2023-02-15 23:17:22 - [TEST_STEP][PASSED] - resText = "Pass": null

2023-02-15 23:17:22 - [TEST_STEP][PASSED] - pages.WriteExcel.demoKey(resText, datText, resColumn, datCloumn, fileLoc, nameSheet, row): pages.WriteExcel.demoKey is PASSED

2023-02-15 23:17:22 - [MESSAGE][PASSED] - pages.WriteExcel.demoKey is PASSED

2023-02-15 23:17:22 - [TEST_STEP][PASSED] - ExecuteTC = findTestData(dataFile).getValue("Execute", row): null

2023-02-15 23:17:22 - [TEST_STEP][PASSED] - out.println("Value of Execute is : " + ExecuteTC): null

2023-02-15 23:17:22 - [TEST_STEP][PASSED] - if (ExecuteTC.equalsIgnoreCase("Y")): null

2023-02-15 23:17:22 - [TEST_STEP][PASSED] - out.println("Begin Record Number: " + row): null

2023-02-15 23:17:22 - [TEST_STEP][PASSED] - today = new java.util.Date(): null

2023-02-15 23:17:22 - [TEST_STEP][PASSED] - println(today): null

2023-02-15 23:17:22 - [TEST_STEP][PASSED] - datText = today: null

2023-02-15 23:17:22 - [TEST_STEP][PASSED] - appID = findTestData(dataFile).getValue("AppID", row): null

2023-02-15 23:17:22 - [TEST_STEP][PASSED] - username = findTestData(dataFile).getValue("Username", row): null

2023-02-15 23:17:23 - [TEST_STEP][PASSED] - password = findTestData(dataFile).getValue("Password", row): null

2023-02-15 23:17:23 - [TEST_STEP][PASSED] - errorMsg = findTestData(dataFile).getValue("ErrorMsg", row): null

2023-02-15 23:17:23 - [TEST_STEP][PASSED] - tranType = findTestData(dataFile).getValue("TranType", row): null

2023-02-15 23:17:23 - [TEST_STEP][PASSED] - mv = findTestData(dataFile).getValue("MV", row): null

2023-02-15 23:17:23 - [TEST_STEP][PASSED] - resFormat = findTestData(dataFile).getValue("ResFormat", row): null

2023-02-15 23:17:23 - [TEST_STEP][PASSED] - checkType = findTestData(dataFile).getValue("CheckType", row): null

2023-02-15 23:17:23 - [TEST_STEP][PASSED] - sec = findTestData(dataFile).getValue("SEC", row): null

2023-02-15 23:17:23 - [TEST_STEP][PASSED] - tranID = findTestData(dataFile).getValue("TranxID", row): null

2023-02-15 23:17:23 - [TEST_STEP][PASSED] - amount = findTestData(dataFile).getValue("Amount", row): null

2023-02-15 23:17:23 - [TEST_STEP][PASSED] - acNumber = findTestData(dataFile).getValue("AcNumber", row): null

2023-02-15 23:17:23 - [TEST_STEP][PASSED] - rtn = findTestData(dataFile).getValue("RTN", row): null

2023-02-15 23:17:23 - [TEST_STEP][PASSED] - openBrowser(VLinkURL + "ACH_credit.html"): Browser is opened with url: 'https://dev-algorithm.govolution.com/vlinktest/QA/version_2_0/ACH_credit.html'

2023-02-15 23:17:23 - [MESSAGE][WARNING] - A browser is already opened. Closing browser and opening a new one

2023-02-15 23:17:24 - [MESSAGE][INFO] - Starting 'Chrome' driver

2023-02-15 23:17:24 - [MESSAGE][INFO] - User set preference: ['acceptInsecureCerts', 'true']

2023-02-15 23:17:24 - [MESSAGE][INFO] - Action delay is set to 0 milliseconds

2023-02-15 23:17:26 - [MESSAGE][PASSED] - Browser is opened with url: 'https://dev-algorithm.govolution.com/vlinktest/QA/version_2_0/ACH_credit.html'

2023-02-15 23:17:26 - [TEST_STEP][PASSED] - maximizeWindow(): Current window maximized

2023-02-15 23:17:26 - [MESSAGE][PASSED] - Current window maximized

2023-02-15 23:17:26 - [TEST_STEP][PASSED] - setText(findTestObject("Object Repository/RecAndPlayBk/Page-Vlink-ACH-Credit/input_Transaction Type"), tranType): Text '200' is set on object 'Object Repository/RecAndPlayBk/Page-Vlink-ACH-Credit/input_Transaction Type'

2023-02-15 23:17:27 - [MESSAGE][PASSED] - Text '200' is set on object 'Object Repository/RecAndPlayBk/Page-Vlink-ACH-Credit/input_Transaction Type'

2023-02-15 23:17:27 - [TEST_STEP][PASSED] - setText(findTestObject("Object Repository/RecAndPlayBk/Page-Vlink-ACH-Credit/input_Message Version"), mv): Text '2.0A' is set on object 'Object Repository/RecAndPlayBk/Page-Vlink-ACH-Credit/input_Message Version'

2023-02-15 23:17:27 - [MESSAGE][PASSED] - Text '2.0A' is set on object 'Object Repository/RecAndPlayBk/Page-Vlink-ACH-Credit/input_Message Version'

2023-02-15 23:17:27 - [TEST_STEP][PASSED] - genRemID = RandomStringUtils.random(12, true, true): null

2023-02-15 23:17:27 - [TEST_STEP][PASSED] - setText(findTestObject("Object Repository/RecAndPlayBk/Page-Vlink-ACH-Credit/input_Remittance Id"), genRemID): Text '2quNkU5goHTE' is set on object 'Object Repository/RecAndPlayBk/Page-Vlink-ACH-Credit/input_Remittance Id'

2023-02-15 23:17:28 - [MESSAGE][PASSED] - Text '2quNkU5goHTE' is set on object 'Object Repository/RecAndPlayBk/Page-Vlink-ACH-Credit/input_Remittance Id'

2023-02-15 23:17:28 - [TEST_STEP][PASSED] - setText(findTestObject("Object Repository/RecAndPlayBk/Page-Vlink-ACH-Credit/input_Application Id"), appID): Text '234' is set on object 'Object Repository/RecAndPlayBk/Page-Vlink-ACH-Credit/input_Application Id'

2023-02-15 23:17:29 - [MESSAGE][PASSED] - Text '234' is set on object 'Object Repository/RecAndPlayBk/Page-Vlink-ACH-Credit/input_Application Id'

2023-02-15 23:17:29 - [TEST_STEP][PASSED] - setText(findTestObject("Object Repository/RecAndPlayBk/Page-Vlink-ACH-Credit/input_Username"), username): Text 'username' is set on object 'Object Repository/RecAndPlayBk/Page-Vlink-ACH-Credit/input_Username'

2023-02-15 23:17:29 - [MESSAGE][PASSED] - Text 'username' is set on object 'Object Repository/RecAndPlayBk/Page-Vlink-ACH-Credit/input_Username'

2023-02-15 23:17:29 - [TEST_STEP][PASSED] - setText(findTestObject("Object Repository/RecAndPlayBk/Page-Vlink-ACH-Credit/input_Password"), password): Text 'password' is set on object 'Object Repository/RecAndPlayBk/Page-Vlink-ACH-Credit/input_Password'

2023-02-15 23:17:30 - [MESSAGE][PASSED] - Text 'password' is set on object 'Object Repository/RecAndPlayBk/Page-Vlink-ACH-Credit/input_Password'

2023-02-15 23:17:30 - [TEST_STEP][PASSED] - setText(findTestObject("Object Repository/RecAndPlayBk/Page-Vlink-ACH-Credit/input_Response Format"), resFormat): Text 'fixed_width' is set on object 'Object Repository/RecAndPlayBk/Page-Vlink-ACH-Credit/input_Response Format'

2023-02-15 23:17:30 - [MESSAGE][PASSED] - Text 'fixed_width' is set on object 'Object Repository/RecAndPlayBk/Page-Vlink-ACH-Credit/input_Response Format'

2023-02-15 23:17:30 - [TEST_STEP][PASSED] - setText(findTestObject("Object Repository/RecAndPlayBk/Page-Vlink-ACH-Credit/input_Check Type"), checkType): Text '' is set on object 'Object Repository/RecAndPlayBk/Page-Vlink-ACH-Credit/input_Check Type'

2023-02-15 23:17:31 - [MESSAGE][PASSED] - Text '' is set on object 'Object Repository/RecAndPlayBk/Page-Vlink-ACH-Credit/input_Check Type'

2023-02-15 23:17:31 - [TEST_STEP][PASSED] - setText(findTestObject("Object Repository/RecAndPlayBk/Page-Vlink-ACH-Credit/input_Transaction ID"), tranID): Text '12124566' is set on object 'Object Repository/RecAndPlayBk/Page-Vlink-ACH-Credit/input_Transaction ID'

2023-02-15 23:17:32 - [MESSAGE][PASSED] - Text '12124566' is set on object 'Object Repository/RecAndPlayBk/Page-Vlink-ACH-Credit/input_Transaction ID'

2023-02-15 23:17:32 - [TEST_STEP][PASSED] - setText(findTestObject("Object Repository/RecAndPlayBk/Page-Vlink-ACH-Credit/input_Amount"), amount): Text '12.50' is set on object 'Object Repository/RecAndPlayBk/Page-Vlink-ACH-Credit/input_Amount'

2023-02-15 23:17:32 - [MESSAGE][PASSED] - Text '12.50' is set on object 'Object Repository/RecAndPlayBk/Page-Vlink-ACH-Credit/input_Amount'

2023-02-15 23:17:32 - [TEST_STEP][PASSED] - setText(findTestObject("Object Repository/RecAndPlayBk/Page-Vlink-ACH-Credit/input_Standard Entry Class"), sec): Text 'WEB' is set on object 'Object Repository/RecAndPlayBk/Page-Vlink-ACH-Credit/input_Standard Entry Class'

2023-02-15 23:17:33 - [MESSAGE][PASSED] - Text 'WEB' is set on object 'Object Repository/RecAndPlayBk/Page-Vlink-ACH-Credit/input_Standard Entry Class'

2023-02-15 23:17:33 - [TEST_STEP][PASSED] - setText(findTestObject("Object Repository/RecAndPlayBk/Page-Vlink-ACH-Credit/input_Account Number"), acNumber): Text '12345678' is set on object 'Object Repository/RecAndPlayBk/Page-Vlink-ACH-Credit/input_Account Number'

2023-02-15 23:17:34 - [MESSAGE][PASSED] - Text '12345678' is set on object 'Object Repository/RecAndPlayBk/Page-Vlink-ACH-Credit/input_Account Number'

2023-02-15 23:17:34 - [TEST_STEP][PASSED] - setText(findTestObject("Object Repository/RecAndPlayBk/Page-Vlink-ACH-Credit/input_Routing Number"), rtn): Text '256072691' is set on object 'Object Repository/RecAndPlayBk/Page-Vlink-ACH-Credit/input_Routing Number'

2023-02-15 23:17:34 - [MESSAGE][PASSED] - Text '256072691' is set on object 'Object Repository/RecAndPlayBk/Page-Vlink-ACH-Credit/input_Routing Number'

2023-02-15 23:17:34 - [TEST_STEP][PASSED] - click(findTestObject("Object Repository/RecAndPlayBk/Page-Vlink-ACH-Credit/input")): Object: 'Object Repository/RecAndPlayBk/Page-Vlink-ACH-Credit/input' is clicked on

2023-02-15 23:17:35 - [MESSAGE][PASSED] - Object: 'Object Repository/RecAndPlayBk/Page-Vlink-ACH-Credit/input' is clicked on

2023-02-15 23:17:35 - [TEST_STEP][PASSED] - if (verifyTextPresent(errorMsg, true)): null

2023-02-15 23:17:35 - [MESSAGE][PASSED] - Text 'Bank Account type not valid' is present on page  using regular expression

2023-02-15 23:17:35 - [TEST_STEP][PASSED] - println("Error Message is present on the Confirmation page"): null

2023-02-15 23:17:35 - [TEST_STEP][PASSED] - out.println("Pass Record Number: " + row): null

2023-02-15 23:17:35 - [TEST_STEP][PASSED] - resText = "Pass": null

2023-02-15 23:17:35 - [TEST_STEP][PASSED] - pages.WriteExcel.demoKey(resText, datText, resColumn, datCloumn, fileLoc, nameSheet, row): pages.WriteExcel.demoKey is PASSED

2023-02-15 23:17:35 - [MESSAGE][PASSED] - pages.WriteExcel.demoKey is PASSED

2023-02-15 23:17:35 - [TEST_STEP][PASSED] - ExecuteTC = findTestData(dataFile).getValue("Execute", row): null

2023-02-15 23:17:35 - [TEST_STEP][PASSED] - out.println("Value of Execute is : " + ExecuteTC): null

2023-02-15 23:17:35 - [TEST_STEP][PASSED] - if (ExecuteTC.equalsIgnoreCase("Y")): null

2023-02-15 23:17:35 - [TEST_STEP][PASSED] - out.println("Begin Record Number: " + row): null

2023-02-15 23:17:35 - [TEST_STEP][PASSED] - today = new java.util.Date(): null

2023-02-15 23:17:35 - [TEST_STEP][PASSED] - println(today): null

2023-02-15 23:17:35 - [TEST_STEP][PASSED] - datText = today: null

2023-02-15 23:17:35 - [TEST_STEP][PASSED] - appID = findTestData(dataFile).getValue("AppID", row): null

2023-02-15 23:17:35 - [TEST_STEP][PASSED] - username = findTestData(dataFile).getValue("Username", row): null

2023-02-15 23:17:35 - [TEST_STEP][PASSED] - password = findTestData(dataFile).getValue("Password", row): null

2023-02-15 23:17:35 - [TEST_STEP][PASSED] - errorMsg = findTestData(dataFile).getValue("ErrorMsg", row): null

2023-02-15 23:17:36 - [TEST_STEP][PASSED] - tranType = findTestData(dataFile).getValue("TranType", row): null

2023-02-15 23:17:36 - [TEST_STEP][PASSED] - mv = findTestData(dataFile).getValue("MV", row): null

2023-02-15 23:17:36 - [TEST_STEP][PASSED] - resFormat = findTestData(dataFile).getValue("ResFormat", row): null

2023-02-15 23:17:36 - [TEST_STEP][PASSED] - checkType = findTestData(dataFile).getValue("CheckType", row): null

2023-02-15 23:17:36 - [TEST_STEP][PASSED] - sec = findTestData(dataFile).getValue("SEC", row): null

2023-02-15 23:17:36 - [TEST_STEP][PASSED] - tranID = findTestData(dataFile).getValue("TranxID", row): null

2023-02-15 23:17:36 - [TEST_STEP][PASSED] - amount = findTestData(dataFile).getValue("Amount", row): null

2023-02-15 23:17:36 - [TEST_STEP][PASSED] - acNumber = findTestData(dataFile).getValue("AcNumber", row): null

2023-02-15 23:17:36 - [TEST_STEP][PASSED] - rtn = findTestData(dataFile).getValue("RTN", row): null

2023-02-15 23:17:36 - [TEST_STEP][PASSED] - openBrowser(VLinkURL + "ACH_credit.html"): Browser is opened with url: 'https://dev-algorithm.govolution.com/vlinktest/QA/version_2_0/ACH_credit.html'

2023-02-15 23:17:36 - [MESSAGE][WARNING] - A browser is already opened. Closing browser and opening a new one

2023-02-15 23:17:37 - [MESSAGE][INFO] - Starting 'Chrome' driver

2023-02-15 23:17:37 - [MESSAGE][INFO] - User set preference: ['acceptInsecureCerts', 'true']

2023-02-15 23:17:37 - [MESSAGE][INFO] - Action delay is set to 0 milliseconds

2023-02-15 23:17:39 - [MESSAGE][PASSED] - Browser is opened with url: 'https://dev-algorithm.govolution.com/vlinktest/QA/version_2_0/ACH_credit.html'

2023-02-15 23:17:39 - [TEST_STEP][PASSED] - maximizeWindow(): Current window maximized

2023-02-15 23:17:39 - [MESSAGE][PASSED] - Current window maximized

2023-02-15 23:17:39 - [TEST_STEP][PASSED] - setText(findTestObject("Object Repository/RecAndPlayBk/Page-Vlink-ACH-Credit/input_Transaction Type"), tranType): Text '200' is set on object 'Object Repository/RecAndPlayBk/Page-Vlink-ACH-Credit/input_Transaction Type'

2023-02-15 23:17:40 - [MESSAGE][PASSED] - Text '200' is set on object 'Object Repository/RecAndPlayBk/Page-Vlink-ACH-Credit/input_Transaction Type'

2023-02-15 23:17:40 - [TEST_STEP][PASSED] - setText(findTestObject("Object Repository/RecAndPlayBk/Page-Vlink-ACH-Credit/input_Message Version"), mv): Text '2.0A' is set on object 'Object Repository/RecAndPlayBk/Page-Vlink-ACH-Credit/input_Message Version'

2023-02-15 23:17:40 - [MESSAGE][PASSED] - Text '2.0A' is set on object 'Object Repository/RecAndPlayBk/Page-Vlink-ACH-Credit/input_Message Version'

2023-02-15 23:17:40 - [TEST_STEP][PASSED] - genRemID = RandomStringUtils.random(12, true, true): null

2023-02-15 23:17:40 - [TEST_STEP][PASSED] - setText(findTestObject("Object Repository/RecAndPlayBk/Page-Vlink-ACH-Credit/input_Remittance Id"), genRemID): Text 'x38TJBIVTPuA' is set on object 'Object Repository/RecAndPlayBk/Page-Vlink-ACH-Credit/input_Remittance Id'

2023-02-15 23:17:41 - [MESSAGE][PASSED] - Text 'x38TJBIVTPuA' is set on object 'Object Repository/RecAndPlayBk/Page-Vlink-ACH-Credit/input_Remittance Id'

2023-02-15 23:17:41 - [TEST_STEP][PASSED] - setText(findTestObject("Object Repository/RecAndPlayBk/Page-Vlink-ACH-Credit/input_Application Id"), appID): Text '234' is set on object 'Object Repository/RecAndPlayBk/Page-Vlink-ACH-Credit/input_Application Id'

2023-02-15 23:17:42 - [MESSAGE][PASSED] - Text '234' is set on object 'Object Repository/RecAndPlayBk/Page-Vlink-ACH-Credit/input_Application Id'

2023-02-15 23:17:42 - [TEST_STEP][PASSED] - setText(findTestObject("Object Repository/RecAndPlayBk/Page-Vlink-ACH-Credit/input_Username"), username): Text 'username' is set on object 'Object Repository/RecAndPlayBk/Page-Vlink-ACH-Credit/input_Username'

2023-02-15 23:17:42 - [MESSAGE][PASSED] - Text 'username' is set on object 'Object Repository/RecAndPlayBk/Page-Vlink-ACH-Credit/input_Username'

2023-02-15 23:17:42 - [TEST_STEP][PASSED] - setText(findTestObject("Object Repository/RecAndPlayBk/Page-Vlink-ACH-Credit/input_Password"), password): Text 'password' is set on object 'Object Repository/RecAndPlayBk/Page-Vlink-ACH-Credit/input_Password'

2023-02-15 23:17:43 - [MESSAGE][PASSED] - Text 'password' is set on object 'Object Repository/RecAndPlayBk/Page-Vlink-ACH-Credit/input_Password'

2023-02-15 23:17:43 - [TEST_STEP][PASSED] - setText(findTestObject("Object Repository/RecAndPlayBk/Page-Vlink-ACH-Credit/input_Response Format"), resFormat): Text 'fixed_width' is set on object 'Object Repository/RecAndPlayBk/Page-Vlink-ACH-Credit/input_Response Format'

2023-02-15 23:17:43 - [MESSAGE][PASSED] - Text 'fixed_width' is set on object 'Object Repository/RecAndPlayBk/Page-Vlink-ACH-Credit/input_Response Format'

2023-02-15 23:17:43 - [TEST_STEP][PASSED] - setText(findTestObject("Object Repository/RecAndPlayBk/Page-Vlink-ACH-Credit/input_Check Type"), checkType): Text 'P' is set on object 'Object Repository/RecAndPlayBk/Page-Vlink-ACH-Credit/input_Check Type'

2023-02-15 23:17:44 - [MESSAGE][PASSED] - Text 'P' is set on object 'Object Repository/RecAndPlayBk/Page-Vlink-ACH-Credit/input_Check Type'

2023-02-15 23:17:44 - [TEST_STEP][PASSED] - setText(findTestObject("Object Repository/RecAndPlayBk/Page-Vlink-ACH-Credit/input_Transaction ID"), tranID): Text '12124566' is set on object 'Object Repository/RecAndPlayBk/Page-Vlink-ACH-Credit/input_Transaction ID'

2023-02-15 23:17:45 - [MESSAGE][PASSED] - Text '12124566' is set on object 'Object Repository/RecAndPlayBk/Page-Vlink-ACH-Credit/input_Transaction ID'

2023-02-15 23:17:45 - [TEST_STEP][PASSED] - setText(findTestObject("Object Repository/RecAndPlayBk/Page-Vlink-ACH-Credit/input_Amount"), amount): Text '12.50' is set on object 'Object Repository/RecAndPlayBk/Page-Vlink-ACH-Credit/input_Amount'

2023-02-15 23:17:45 - [MESSAGE][PASSED] - Text '12.50' is set on object 'Object Repository/RecAndPlayBk/Page-Vlink-ACH-Credit/input_Amount'

2023-02-15 23:17:45 - [TEST_STEP][PASSED] - setText(findTestObject("Object Repository/RecAndPlayBk/Page-Vlink-ACH-Credit/input_Standard Entry Class"), sec): Text '' is set on object 'Object Repository/RecAndPlayBk/Page-Vlink-ACH-Credit/input_Standard Entry Class'

2023-02-15 23:17:46 - [MESSAGE][PASSED] - Text '' is set on object 'Object Repository/RecAndPlayBk/Page-Vlink-ACH-Credit/input_Standard Entry Class'

2023-02-15 23:17:46 - [TEST_STEP][PASSED] - setText(findTestObject("Object Repository/RecAndPlayBk/Page-Vlink-ACH-Credit/input_Account Number"), acNumber): Text '12345678' is set on object 'Object Repository/RecAndPlayBk/Page-Vlink-ACH-Credit/input_Account Number'

2023-02-15 23:17:46 - [MESSAGE][PASSED] - Text '12345678' is set on object 'Object Repository/RecAndPlayBk/Page-Vlink-ACH-Credit/input_Account Number'

2023-02-15 23:17:46 - [TEST_STEP][PASSED] - setText(findTestObject("Object Repository/RecAndPlayBk/Page-Vlink-ACH-Credit/input_Routing Number"), rtn): Text '256072691' is set on object 'Object Repository/RecAndPlayBk/Page-Vlink-ACH-Credit/input_Routing Number'

2023-02-15 23:17:47 - [MESSAGE][PASSED] - Text '256072691' is set on object 'Object Repository/RecAndPlayBk/Page-Vlink-ACH-Credit/input_Routing Number'

2023-02-15 23:17:47 - [TEST_STEP][PASSED] - click(findTestObject("Object Repository/RecAndPlayBk/Page-Vlink-ACH-Credit/input")): Object: 'Object Repository/RecAndPlayBk/Page-Vlink-ACH-Credit/input' is clicked on

2023-02-15 23:17:48 - [MESSAGE][PASSED] - Object: 'Object Repository/RecAndPlayBk/Page-Vlink-ACH-Credit/input' is clicked on

2023-02-15 23:17:48 - [TEST_STEP][PASSED] - if (verifyTextPresent(errorMsg, true)): null

2023-02-15 23:17:48 - [MESSAGE][PASSED] - Text 'check_first_name, check_last_name, check_address, check_city, check_state, che' is present on page  using regular expression

2023-02-15 23:17:48 - [TEST_STEP][PASSED] - println("Error Message is present on the Confirmation page"): null

2023-02-15 23:17:48 - [TEST_STEP][PASSED] - out.println("Pass Record Number: " + row): null

2023-02-15 23:17:48 - [TEST_STEP][PASSED] - resText = "Pass": null

2023-02-15 23:17:48 - [TEST_STEP][PASSED] - pages.WriteExcel.demoKey(resText, datText, resColumn, datCloumn, fileLoc, nameSheet, row): pages.WriteExcel.demoKey is PASSED

2023-02-15 23:17:48 - [MESSAGE][PASSED] - pages.WriteExcel.demoKey is PASSED

2023-02-15 23:17:48 - [TEST_STEP][PASSED] - ExecuteTC = findTestData(dataFile).getValue("Execute", row): null

2023-02-15 23:17:48 - [TEST_STEP][PASSED] - out.println("Value of Execute is : " + ExecuteTC): null

2023-02-15 23:17:48 - [TEST_STEP][PASSED] - if (ExecuteTC.equalsIgnoreCase("Y")): null

2023-02-15 23:17:48 - [TEST_STEP][PASSED] - out.println("Begin Record Number: " + row): null

2023-02-15 23:17:48 - [TEST_STEP][PASSED] - today = new java.util.Date(): null

2023-02-15 23:17:48 - [TEST_STEP][PASSED] - println(today): null

2023-02-15 23:17:48 - [TEST_STEP][PASSED] - datText = today: null

2023-02-15 23:17:48 - [TEST_STEP][PASSED] - appID = findTestData(dataFile).getValue("AppID", row): null

2023-02-15 23:17:48 - [TEST_STEP][PASSED] - username = findTestData(dataFile).getValue("Username", row): null

2023-02-15 23:17:48 - [TEST_STEP][PASSED] - password = findTestData(dataFile).getValue("Password", row): null

2023-02-15 23:17:48 - [TEST_STEP][PASSED] - errorMsg = findTestData(dataFile).getValue("ErrorMsg", row): null

2023-02-15 23:17:48 - [TEST_STEP][PASSED] - tranType = findTestData(dataFile).getValue("TranType", row): null

2023-02-15 23:17:48 - [TEST_STEP][PASSED] - mv = findTestData(dataFile).getValue("MV", row): null

2023-02-15 23:17:48 - [TEST_STEP][PASSED] - resFormat = findTestData(dataFile).getValue("ResFormat", row): null

2023-02-15 23:17:49 - [TEST_STEP][PASSED] - checkType = findTestData(dataFile).getValue("CheckType", row): null

2023-02-15 23:17:49 - [TEST_STEP][PASSED] - sec = findTestData(dataFile).getValue("SEC", row): null

2023-02-15 23:17:49 - [TEST_STEP][PASSED] - tranID = findTestData(dataFile).getValue("TranxID", row): null

2023-02-15 23:17:49 - [TEST_STEP][PASSED] - amount = findTestData(dataFile).getValue("Amount", row): null

2023-02-15 23:17:49 - [TEST_STEP][PASSED] - acNumber = findTestData(dataFile).getValue("AcNumber", row): null

2023-02-15 23:17:49 - [TEST_STEP][PASSED] - rtn = findTestData(dataFile).getValue("RTN", row): null

2023-02-15 23:17:49 - [TEST_STEP][PASSED] - openBrowser(VLinkURL + "ACH_credit.html"): Browser is opened with url: 'https://dev-algorithm.govolution.com/vlinktest/QA/version_2_0/ACH_credit.html'

2023-02-15 23:17:49 - [MESSAGE][WARNING] - A browser is already opened. Closing browser and opening a new one

2023-02-15 23:17:50 - [MESSAGE][INFO] - Starting 'Chrome' driver

2023-02-15 23:17:50 - [MESSAGE][INFO] - User set preference: ['acceptInsecureCerts', 'true']

2023-02-15 23:17:50 - [MESSAGE][INFO] - Action delay is set to 0 milliseconds

2023-02-15 23:17:52 - [MESSAGE][PASSED] - Browser is opened with url: 'https://dev-algorithm.govolution.com/vlinktest/QA/version_2_0/ACH_credit.html'

2023-02-15 23:17:52 - [TEST_STEP][PASSED] - maximizeWindow(): Current window maximized

2023-02-15 23:17:52 - [MESSAGE][PASSED] - Current window maximized

2023-02-15 23:17:52 - [TEST_STEP][PASSED] - setText(findTestObject("Object Repository/RecAndPlayBk/Page-Vlink-ACH-Credit/input_Transaction Type"), tranType): Text '200' is set on object 'Object Repository/RecAndPlayBk/Page-Vlink-ACH-Credit/input_Transaction Type'

2023-02-15 23:17:52 - [MESSAGE][PASSED] - Text '200' is set on object 'Object Repository/RecAndPlayBk/Page-Vlink-ACH-Credit/input_Transaction Type'

2023-02-15 23:17:52 - [TEST_STEP][PASSED] - setText(findTestObject("Object Repository/RecAndPlayBk/Page-Vlink-ACH-Credit/input_Message Version"), mv): Text '2.0A' is set on object 'Object Repository/RecAndPlayBk/Page-Vlink-ACH-Credit/input_Message Version'

2023-02-15 23:17:53 - [MESSAGE][PASSED] - Text '2.0A' is set on object 'Object Repository/RecAndPlayBk/Page-Vlink-ACH-Credit/input_Message Version'

2023-02-15 23:17:53 - [TEST_STEP][PASSED] - genRemID = RandomStringUtils.random(12, true, true): null

2023-02-15 23:17:53 - [TEST_STEP][PASSED] - setText(findTestObject("Object Repository/RecAndPlayBk/Page-Vlink-ACH-Credit/input_Remittance Id"), genRemID): Text 'LToqcTNQnuZw' is set on object 'Object Repository/RecAndPlayBk/Page-Vlink-ACH-Credit/input_Remittance Id'

2023-02-15 23:17:54 - [MESSAGE][PASSED] - Text 'LToqcTNQnuZw' is set on object 'Object Repository/RecAndPlayBk/Page-Vlink-ACH-Credit/input_Remittance Id'

2023-02-15 23:17:54 - [TEST_STEP][PASSED] - setText(findTestObject("Object Repository/RecAndPlayBk/Page-Vlink-ACH-Credit/input_Application Id"), appID): Text '234' is set on object 'Object Repository/RecAndPlayBk/Page-Vlink-ACH-Credit/input_Application Id'

2023-02-15 23:17:55 - [MESSAGE][PASSED] - Text '234' is set on object 'Object Repository/RecAndPlayBk/Page-Vlink-ACH-Credit/input_Application Id'

2023-02-15 23:17:55 - [TEST_STEP][PASSED] - setText(findTestObject("Object Repository/RecAndPlayBk/Page-Vlink-ACH-Credit/input_Username"), username): Text 'username' is set on object 'Object Repository/RecAndPlayBk/Page-Vlink-ACH-Credit/input_Username'

2023-02-15 23:17:55 - [MESSAGE][PASSED] - Text 'username' is set on object 'Object Repository/RecAndPlayBk/Page-Vlink-ACH-Credit/input_Username'

2023-02-15 23:17:55 - [TEST_STEP][PASSED] - setText(findTestObject("Object Repository/RecAndPlayBk/Page-Vlink-ACH-Credit/input_Password"), password): Text 'password' is set on object 'Object Repository/RecAndPlayBk/Page-Vlink-ACH-Credit/input_Password'

2023-02-15 23:17:56 - [MESSAGE][PASSED] - Text 'password' is set on object 'Object Repository/RecAndPlayBk/Page-Vlink-ACH-Credit/input_Password'

2023-02-15 23:17:56 - [TEST_STEP][PASSED] - setText(findTestObject("Object Repository/RecAndPlayBk/Page-Vlink-ACH-Credit/input_Response Format"), resFormat): Text 'fixed_width' is set on object 'Object Repository/RecAndPlayBk/Page-Vlink-ACH-Credit/input_Response Format'

2023-02-15 23:17:57 - [MESSAGE][PASSED] - Text 'fixed_width' is set on object 'Object Repository/RecAndPlayBk/Page-Vlink-ACH-Credit/input_Response Format'

2023-02-15 23:17:57 - [TEST_STEP][PASSED] - setText(findTestObject("Object Repository/RecAndPlayBk/Page-Vlink-ACH-Credit/input_Check Type"), checkType): Text 'P' is set on object 'Object Repository/RecAndPlayBk/Page-Vlink-ACH-Credit/input_Check Type'

2023-02-15 23:17:57 - [MESSAGE][PASSED] - Text 'P' is set on object 'Object Repository/RecAndPlayBk/Page-Vlink-ACH-Credit/input_Check Type'

2023-02-15 23:17:57 - [TEST_STEP][PASSED] - setText(findTestObject("Object Repository/RecAndPlayBk/Page-Vlink-ACH-Credit/input_Transaction ID"), tranID): Text '12124566' is set on object 'Object Repository/RecAndPlayBk/Page-Vlink-ACH-Credit/input_Transaction ID'

2023-02-15 23:17:58 - [MESSAGE][PASSED] - Text '12124566' is set on object 'Object Repository/RecAndPlayBk/Page-Vlink-ACH-Credit/input_Transaction ID'

2023-02-15 23:17:58 - [TEST_STEP][PASSED] - setText(findTestObject("Object Repository/RecAndPlayBk/Page-Vlink-ACH-Credit/input_Amount"), amount): Text '' is set on object 'Object Repository/RecAndPlayBk/Page-Vlink-ACH-Credit/input_Amount'

2023-02-15 23:17:59 - [MESSAGE][PASSED] - Text '' is set on object 'Object Repository/RecAndPlayBk/Page-Vlink-ACH-Credit/input_Amount'

2023-02-15 23:17:59 - [TEST_STEP][PASSED] - setText(findTestObject("Object Repository/RecAndPlayBk/Page-Vlink-ACH-Credit/input_Standard Entry Class"), sec): Text 'WEB' is set on object 'Object Repository/RecAndPlayBk/Page-Vlink-ACH-Credit/input_Standard Entry Class'

2023-02-15 23:17:59 - [MESSAGE][PASSED] - Text 'WEB' is set on object 'Object Repository/RecAndPlayBk/Page-Vlink-ACH-Credit/input_Standard Entry Class'

2023-02-15 23:17:59 - [TEST_STEP][PASSED] - setText(findTestObject("Object Repository/RecAndPlayBk/Page-Vlink-ACH-Credit/input_Account Number"), acNumber): Text '12345678' is set on object 'Object Repository/RecAndPlayBk/Page-Vlink-ACH-Credit/input_Account Number'

2023-02-15 23:18:00 - [MESSAGE][PASSED] - Text '12345678' is set on object 'Object Repository/RecAndPlayBk/Page-Vlink-ACH-Credit/input_Account Number'

2023-02-15 23:18:00 - [TEST_STEP][PASSED] - setText(findTestObject("Object Repository/RecAndPlayBk/Page-Vlink-ACH-Credit/input_Routing Number"), rtn): Text '256072691' is set on object 'Object Repository/RecAndPlayBk/Page-Vlink-ACH-Credit/input_Routing Number'

2023-02-15 23:18:01 - [MESSAGE][PASSED] - Text '256072691' is set on object 'Object Repository/RecAndPlayBk/Page-Vlink-ACH-Credit/input_Routing Number'

2023-02-15 23:18:01 - [TEST_STEP][PASSED] - click(findTestObject("Object Repository/RecAndPlayBk/Page-Vlink-ACH-Credit/input")): Object: 'Object Repository/RecAndPlayBk/Page-Vlink-ACH-Credit/input' is clicked on

2023-02-15 23:18:01 - [MESSAGE][PASSED] - Object: 'Object Repository/RecAndPlayBk/Page-Vlink-ACH-Credit/input' is clicked on

2023-02-15 23:18:01 - [TEST_STEP][PASSED] - if (verifyTextPresent(errorMsg, true)): null

2023-02-15 23:18:02 - [MESSAGE][PASSED] - Text 'check_first_name, check_last_name, check_address, check_city, check_state, che' is present on page  using regular expression

2023-02-15 23:18:02 - [TEST_STEP][PASSED] - println("Error Message is present on the Confirmation page"): null

2023-02-15 23:18:02 - [TEST_STEP][PASSED] - out.println("Pass Record Number: " + row): null

2023-02-15 23:18:02 - [TEST_STEP][PASSED] - resText = "Pass": null

2023-02-15 23:18:02 - [TEST_STEP][PASSED] - pages.WriteExcel.demoKey(resText, datText, resColumn, datCloumn, fileLoc, nameSheet, row): pages.WriteExcel.demoKey is PASSED

2023-02-15 23:18:02 - [MESSAGE][PASSED] - pages.WriteExcel.demoKey is PASSED

2023-02-15 23:18:02 - [TEST_STEP][PASSED] - ExecuteTC = findTestData(dataFile).getValue("Execute", row): null

2023-02-15 23:18:02 - [TEST_STEP][PASSED] - out.println("Value of Execute is : " + ExecuteTC): null

2023-02-15 23:18:02 - [TEST_STEP][PASSED] - if (ExecuteTC.equalsIgnoreCase("Y")): null

2023-02-15 23:18:02 - [TEST_STEP][PASSED] - out.println("Begin Record Number: " + row): null

2023-02-15 23:18:02 - [TEST_STEP][PASSED] - today = new java.util.Date(): null

2023-02-15 23:18:02 - [TEST_STEP][PASSED] - println(today): null

2023-02-15 23:18:02 - [TEST_STEP][PASSED] - datText = today: null

2023-02-15 23:18:02 - [TEST_STEP][PASSED] - appID = findTestData(dataFile).getValue("AppID", row): null

2023-02-15 23:18:02 - [TEST_STEP][PASSED] - username = findTestData(dataFile).getValue("Username", row): null

2023-02-15 23:18:02 - [TEST_STEP][PASSED] - password = findTestData(dataFile).getValue("Password", row): null

2023-02-15 23:18:02 - [TEST_STEP][PASSED] - errorMsg = findTestData(dataFile).getValue("ErrorMsg", row): null

2023-02-15 23:18:02 - [TEST_STEP][PASSED] - tranType = findTestData(dataFile).getValue("TranType", row): null

2023-02-15 23:18:02 - [TEST_STEP][PASSED] - mv = findTestData(dataFile).getValue("MV", row): null

2023-02-15 23:18:02 - [TEST_STEP][PASSED] - resFormat = findTestData(dataFile).getValue("ResFormat", row): null

2023-02-15 23:18:02 - [TEST_STEP][PASSED] - checkType = findTestData(dataFile).getValue("CheckType", row): null

2023-02-15 23:18:02 - [TEST_STEP][PASSED] - sec = findTestData(dataFile).getValue("SEC", row): null

2023-02-15 23:18:02 - [TEST_STEP][PASSED] - tranID = findTestData(dataFile).getValue("TranxID", row): null

2023-02-15 23:18:02 - [TEST_STEP][PASSED] - amount = findTestData(dataFile).getValue("Amount", row): null

2023-02-15 23:18:02 - [TEST_STEP][PASSED] - acNumber = findTestData(dataFile).getValue("AcNumber", row): null

2023-02-15 23:18:02 - [TEST_STEP][PASSED] - rtn = findTestData(dataFile).getValue("RTN", row): null

2023-02-15 23:18:02 - [TEST_STEP][PASSED] - openBrowser(VLinkURL + "ACH_credit.html"): Browser is opened with url: 'https://dev-algorithm.govolution.com/vlinktest/QA/version_2_0/ACH_credit.html'

2023-02-15 23:18:02 - [MESSAGE][WARNING] - A browser is already opened. Closing browser and opening a new one

2023-02-15 23:18:03 - [MESSAGE][INFO] - Starting 'Chrome' driver

2023-02-15 23:18:03 - [MESSAGE][INFO] - User set preference: ['acceptInsecureCerts', 'true']

2023-02-15 23:18:03 - [MESSAGE][INFO] - Action delay is set to 0 milliseconds

2023-02-15 23:18:05 - [MESSAGE][PASSED] - Browser is opened with url: 'https://dev-algorithm.govolution.com/vlinktest/QA/version_2_0/ACH_credit.html'

2023-02-15 23:18:05 - [TEST_STEP][PASSED] - maximizeWindow(): Current window maximized

2023-02-15 23:18:05 - [MESSAGE][PASSED] - Current window maximized

2023-02-15 23:18:05 - [TEST_STEP][PASSED] - setText(findTestObject("Object Repository/RecAndPlayBk/Page-Vlink-ACH-Credit/input_Transaction Type"), tranType): Text '200' is set on object 'Object Repository/RecAndPlayBk/Page-Vlink-ACH-Credit/input_Transaction Type'

2023-02-15 23:18:06 - [MESSAGE][PASSED] - Text '200' is set on object 'Object Repository/RecAndPlayBk/Page-Vlink-ACH-Credit/input_Transaction Type'

2023-02-15 23:18:06 - [TEST_STEP][PASSED] - setText(findTestObject("Object Repository/RecAndPlayBk/Page-Vlink-ACH-Credit/input_Message Version"), mv): Text '2.0A' is set on object 'Object Repository/RecAndPlayBk/Page-Vlink-ACH-Credit/input_Message Version'

2023-02-15 23:18:07 - [MESSAGE][PASSED] - Text '2.0A' is set on object 'Object Repository/RecAndPlayBk/Page-Vlink-ACH-Credit/input_Message Version'

2023-02-15 23:18:07 - [TEST_STEP][PASSED] - genRemID = RandomStringUtils.random(12, true, true): null

2023-02-15 23:18:07 - [TEST_STEP][PASSED] - setText(findTestObject("Object Repository/RecAndPlayBk/Page-Vlink-ACH-Credit/input_Remittance Id"), genRemID): Text 'g9sYiSFrTckX' is set on object 'Object Repository/RecAndPlayBk/Page-Vlink-ACH-Credit/input_Remittance Id'

2023-02-15 23:18:07 - [MESSAGE][PASSED] - Text 'g9sYiSFrTckX' is set on object 'Object Repository/RecAndPlayBk/Page-Vlink-ACH-Credit/input_Remittance Id'

2023-02-15 23:18:07 - [TEST_STEP][PASSED] - setText(findTestObject("Object Repository/RecAndPlayBk/Page-Vlink-ACH-Credit/input_Application Id"), appID): Text '234' is set on object 'Object Repository/RecAndPlayBk/Page-Vlink-ACH-Credit/input_Application Id'

2023-02-15 23:18:08 - [MESSAGE][PASSED] - Text '234' is set on object 'Object Repository/RecAndPlayBk/Page-Vlink-ACH-Credit/input_Application Id'

2023-02-15 23:18:08 - [TEST_STEP][PASSED] - setText(findTestObject("Object Repository/RecAndPlayBk/Page-Vlink-ACH-Credit/input_Username"), username): Text 'username' is set on object 'Object Repository/RecAndPlayBk/Page-Vlink-ACH-Credit/input_Username'

2023-02-15 23:18:09 - [MESSAGE][PASSED] - Text 'username' is set on object 'Object Repository/RecAndPlayBk/Page-Vlink-ACH-Credit/input_Username'

2023-02-15 23:18:09 - [TEST_STEP][PASSED] - setText(findTestObject("Object Repository/RecAndPlayBk/Page-Vlink-ACH-Credit/input_Password"), password): Text 'password' is set on object 'Object Repository/RecAndPlayBk/Page-Vlink-ACH-Credit/input_Password'

2023-02-15 23:18:09 - [MESSAGE][PASSED] - Text 'password' is set on object 'Object Repository/RecAndPlayBk/Page-Vlink-ACH-Credit/input_Password'

2023-02-15 23:18:09 - [TEST_STEP][PASSED] - setText(findTestObject("Object Repository/RecAndPlayBk/Page-Vlink-ACH-Credit/input_Response Format"), resFormat): Text 'fixed_width' is set on object 'Object Repository/RecAndPlayBk/Page-Vlink-ACH-Credit/input_Response Format'

2023-02-15 23:18:10 - [MESSAGE][PASSED] - Text 'fixed_width' is set on object 'Object Repository/RecAndPlayBk/Page-Vlink-ACH-Credit/input_Response Format'

2023-02-15 23:18:10 - [TEST_STEP][PASSED] - setText(findTestObject("Object Repository/RecAndPlayBk/Page-Vlink-ACH-Credit/input_Check Type"), checkType): Text 'P' is set on object 'Object Repository/RecAndPlayBk/Page-Vlink-ACH-Credit/input_Check Type'

2023-02-15 23:18:10 - [MESSAGE][PASSED] - Text 'P' is set on object 'Object Repository/RecAndPlayBk/Page-Vlink-ACH-Credit/input_Check Type'

2023-02-15 23:18:10 - [TEST_STEP][PASSED] - setText(findTestObject("Object Repository/RecAndPlayBk/Page-Vlink-ACH-Credit/input_Transaction ID"), tranID): Text '' is set on object 'Object Repository/RecAndPlayBk/Page-Vlink-ACH-Credit/input_Transaction ID'

2023-02-15 23:18:11 - [MESSAGE][PASSED] - Text '' is set on object 'Object Repository/RecAndPlayBk/Page-Vlink-ACH-Credit/input_Transaction ID'

2023-02-15 23:18:11 - [TEST_STEP][PASSED] - setText(findTestObject("Object Repository/RecAndPlayBk/Page-Vlink-ACH-Credit/input_Amount"), amount): Text '12.50' is set on object 'Object Repository/RecAndPlayBk/Page-Vlink-ACH-Credit/input_Amount'

2023-02-15 23:18:12 - [MESSAGE][PASSED] - Text '12.50' is set on object 'Object Repository/RecAndPlayBk/Page-Vlink-ACH-Credit/input_Amount'

2023-02-15 23:18:12 - [TEST_STEP][PASSED] - setText(findTestObject("Object Repository/RecAndPlayBk/Page-Vlink-ACH-Credit/input_Standard Entry Class"), sec): Text 'WEB' is set on object 'Object Repository/RecAndPlayBk/Page-Vlink-ACH-Credit/input_Standard Entry Class'

2023-02-15 23:18:12 - [MESSAGE][PASSED] - Text 'WEB' is set on object 'Object Repository/RecAndPlayBk/Page-Vlink-ACH-Credit/input_Standard Entry Class'

2023-02-15 23:18:12 - [TEST_STEP][PASSED] - setText(findTestObject("Object Repository/RecAndPlayBk/Page-Vlink-ACH-Credit/input_Account Number"), acNumber): Text '12345678' is set on object 'Object Repository/RecAndPlayBk/Page-Vlink-ACH-Credit/input_Account Number'

2023-02-15 23:18:13 - [MESSAGE][PASSED] - Text '12345678' is set on object 'Object Repository/RecAndPlayBk/Page-Vlink-ACH-Credit/input_Account Number'

2023-02-15 23:18:13 - [TEST_STEP][PASSED] - setText(findTestObject("Object Repository/RecAndPlayBk/Page-Vlink-ACH-Credit/input_Routing Number"), rtn): Text '256072691' is set on object 'Object Repository/RecAndPlayBk/Page-Vlink-ACH-Credit/input_Routing Number'

2023-02-15 23:18:13 - [MESSAGE][PASSED] - Text '256072691' is set on object 'Object Repository/RecAndPlayBk/Page-Vlink-ACH-Credit/input_Routing Number'

2023-02-15 23:18:13 - [TEST_STEP][PASSED] - click(findTestObject("Object Repository/RecAndPlayBk/Page-Vlink-ACH-Credit/input")): Object: 'Object Repository/RecAndPlayBk/Page-Vlink-ACH-Credit/input' is clicked on

2023-02-15 23:18:14 - [MESSAGE][PASSED] - Object: 'Object Repository/RecAndPlayBk/Page-Vlink-ACH-Credit/input' is clicked on

2023-02-15 23:18:14 - [TEST_STEP][PASSED] - if (verifyTextPresent(errorMsg, true)): null

2023-02-15 23:18:14 - [MESSAGE][PASSED] - Text 'check_first_name, check_last_name, check_address, check_city, check_state, che' is present on page  using regular expression

2023-02-15 23:18:14 - [TEST_STEP][PASSED] - println("Error Message is present on the Confirmation page"): null

2023-02-15 23:18:14 - [TEST_STEP][PASSED] - out.println("Pass Record Number: " + row): null

2023-02-15 23:18:14 - [TEST_STEP][PASSED] - resText = "Pass": null

2023-02-15 23:18:14 - [TEST_STEP][PASSED] - pages.WriteExcel.demoKey(resText, datText, resColumn, datCloumn, fileLoc, nameSheet, row): pages.WriteExcel.demoKey is PASSED

2023-02-15 23:18:14 - [MESSAGE][PASSED] - pages.WriteExcel.demoKey is PASSED

2023-02-15 23:18:14 - [TEST_STEP][PASSED] - ExecuteTC = findTestData(dataFile).getValue("Execute", row): null

2023-02-15 23:18:14 - [TEST_STEP][PASSED] - out.println("Value of Execute is : " + ExecuteTC): null

2023-02-15 23:18:14 - [TEST_STEP][PASSED] - if (ExecuteTC.equalsIgnoreCase("Y")): null

2023-02-15 23:18:14 - [TEST_STEP][PASSED] - out.println("Begin Record Number: " + row): null

2023-02-15 23:18:14 - [TEST_STEP][PASSED] - today = new java.util.Date(): null

2023-02-15 23:18:14 - [TEST_STEP][PASSED] - println(today): null

2023-02-15 23:18:14 - [TEST_STEP][PASSED] - datText = today: null

2023-02-15 23:18:14 - [TEST_STEP][PASSED] - appID = findTestData(dataFile).getValue("AppID", row): null

2023-02-15 23:18:15 - [TEST_STEP][PASSED] - username = findTestData(dataFile).getValue("Username", row): null

2023-02-15 23:18:15 - [TEST_STEP][PASSED] - password = findTestData(dataFile).getValue("Password", row): null

2023-02-15 23:18:15 - [TEST_STEP][PASSED] - errorMsg = findTestData(dataFile).getValue("ErrorMsg", row): null

2023-02-15 23:18:15 - [TEST_STEP][PASSED] - tranType = findTestData(dataFile).getValue("TranType", row): null

2023-02-15 23:18:15 - [TEST_STEP][PASSED] - mv = findTestData(dataFile).getValue("MV", row): null

2023-02-15 23:18:15 - [TEST_STEP][PASSED] - resFormat = findTestData(dataFile).getValue("ResFormat", row): null

2023-02-15 23:18:15 - [TEST_STEP][PASSED] - checkType = findTestData(dataFile).getValue("CheckType", row): null

2023-02-15 23:18:15 - [TEST_STEP][PASSED] - sec = findTestData(dataFile).getValue("SEC", row): null

2023-02-15 23:18:15 - [TEST_STEP][PASSED] - tranID = findTestData(dataFile).getValue("TranxID", row): null

2023-02-15 23:18:15 - [TEST_STEP][PASSED] - amount = findTestData(dataFile).getValue("Amount", row): null

2023-02-15 23:18:15 - [TEST_STEP][PASSED] - acNumber = findTestData(dataFile).getValue("AcNumber", row): null

2023-02-15 23:18:15 - [TEST_STEP][PASSED] - rtn = findTestData(dataFile).getValue("RTN", row): null

2023-02-15 23:18:15 - [TEST_STEP][PASSED] - openBrowser(VLinkURL + "ACH_credit.html"): Browser is opened with url: 'https://dev-algorithm.govolution.com/vlinktest/QA/version_2_0/ACH_credit.html'

2023-02-15 23:18:15 - [MESSAGE][WARNING] - A browser is already opened. Closing browser and opening a new one

2023-02-15 23:18:16 - [MESSAGE][INFO] - Starting 'Chrome' driver

2023-02-15 23:18:16 - [MESSAGE][INFO] - User set preference: ['acceptInsecureCerts', 'true']

2023-02-15 23:18:16 - [MESSAGE][INFO] - Action delay is set to 0 milliseconds

2023-02-15 23:18:18 - [MESSAGE][PASSED] - Browser is opened with url: 'https://dev-algorithm.govolution.com/vlinktest/QA/version_2_0/ACH_credit.html'

2023-02-15 23:18:18 - [TEST_STEP][PASSED] - maximizeWindow(): Current window maximized

2023-02-15 23:18:18 - [MESSAGE][PASSED] - Current window maximized

2023-02-15 23:18:18 - [TEST_STEP][PASSED] - setText(findTestObject("Object Repository/RecAndPlayBk/Page-Vlink-ACH-Credit/input_Transaction Type"), tranType): Text '200' is set on object 'Object Repository/RecAndPlayBk/Page-Vlink-ACH-Credit/input_Transaction Type'

2023-02-15 23:18:19 - [MESSAGE][PASSED] - Text '200' is set on object 'Object Repository/RecAndPlayBk/Page-Vlink-ACH-Credit/input_Transaction Type'

2023-02-15 23:18:19 - [TEST_STEP][PASSED] - setText(findTestObject("Object Repository/RecAndPlayBk/Page-Vlink-ACH-Credit/input_Message Version"), mv): Text '2.0A' is set on object 'Object Repository/RecAndPlayBk/Page-Vlink-ACH-Credit/input_Message Version'

2023-02-15 23:18:19 - [MESSAGE][PASSED] - Text '2.0A' is set on object 'Object Repository/RecAndPlayBk/Page-Vlink-ACH-Credit/input_Message Version'

2023-02-15 23:18:19 - [TEST_STEP][PASSED] - genRemID = RandomStringUtils.random(12, true, true): null

2023-02-15 23:18:19 - [TEST_STEP][PASSED] - setText(findTestObject("Object Repository/RecAndPlayBk/Page-Vlink-ACH-Credit/input_Remittance Id"), genRemID): Text 'uWKEBvcLhz4J' is set on object 'Object Repository/RecAndPlayBk/Page-Vlink-ACH-Credit/input_Remittance Id'

2023-02-15 23:18:20 - [MESSAGE][PASSED] - Text 'uWKEBvcLhz4J' is set on object 'Object Repository/RecAndPlayBk/Page-Vlink-ACH-Credit/input_Remittance Id'

2023-02-15 23:18:20 - [TEST_STEP][PASSED] - setText(findTestObject("Object Repository/RecAndPlayBk/Page-Vlink-ACH-Credit/input_Application Id"), appID): Text '234' is set on object 'Object Repository/RecAndPlayBk/Page-Vlink-ACH-Credit/input_Application Id'

2023-02-15 23:18:21 - [MESSAGE][PASSED] - Text '234' is set on object 'Object Repository/RecAndPlayBk/Page-Vlink-ACH-Credit/input_Application Id'

2023-02-15 23:18:21 - [TEST_STEP][PASSED] - setText(findTestObject("Object Repository/RecAndPlayBk/Page-Vlink-ACH-Credit/input_Username"), username): Text 'username' is set on object 'Object Repository/RecAndPlayBk/Page-Vlink-ACH-Credit/input_Username'

2023-02-15 23:18:21 - [MESSAGE][PASSED] - Text 'username' is set on object 'Object Repository/RecAndPlayBk/Page-Vlink-ACH-Credit/input_Username'

2023-02-15 23:18:21 - [TEST_STEP][PASSED] - setText(findTestObject("Object Repository/RecAndPlayBk/Page-Vlink-ACH-Credit/input_Password"), password): Text 'password' is set on object 'Object Repository/RecAndPlayBk/Page-Vlink-ACH-Credit/input_Password'

2023-02-15 23:18:22 - [MESSAGE][PASSED] - Text 'password' is set on object 'Object Repository/RecAndPlayBk/Page-Vlink-ACH-Credit/input_Password'

2023-02-15 23:18:22 - [TEST_STEP][PASSED] - setText(findTestObject("Object Repository/RecAndPlayBk/Page-Vlink-ACH-Credit/input_Response Format"), resFormat): Text 'fixed_width' is set on object 'Object Repository/RecAndPlayBk/Page-Vlink-ACH-Credit/input_Response Format'

2023-02-15 23:18:23 - [MESSAGE][PASSED] - Text 'fixed_width' is set on object 'Object Repository/RecAndPlayBk/Page-Vlink-ACH-Credit/input_Response Format'

2023-02-15 23:18:23 - [TEST_STEP][PASSED] - setText(findTestObject("Object Repository/RecAndPlayBk/Page-Vlink-ACH-Credit/input_Check Type"), checkType): Text 'P' is set on object 'Object Repository/RecAndPlayBk/Page-Vlink-ACH-Credit/input_Check Type'

2023-02-15 23:18:23 - [MESSAGE][PASSED] - Text 'P' is set on object 'Object Repository/RecAndPlayBk/Page-Vlink-ACH-Credit/input_Check Type'

2023-02-15 23:18:23 - [TEST_STEP][PASSED] - setText(findTestObject("Object Repository/RecAndPlayBk/Page-Vlink-ACH-Credit/input_Transaction ID"), tranID): Text '12124566' is set on object 'Object Repository/RecAndPlayBk/Page-Vlink-ACH-Credit/input_Transaction ID'

2023-02-15 23:18:24 - [MESSAGE][PASSED] - Text '12124566' is set on object 'Object Repository/RecAndPlayBk/Page-Vlink-ACH-Credit/input_Transaction ID'

2023-02-15 23:18:24 - [TEST_STEP][PASSED] - setText(findTestObject("Object Repository/RecAndPlayBk/Page-Vlink-ACH-Credit/input_Amount"), amount): Text '12.50' is set on object 'Object Repository/RecAndPlayBk/Page-Vlink-ACH-Credit/input_Amount'

2023-02-15 23:18:24 - [MESSAGE][PASSED] - Text '12.50' is set on object 'Object Repository/RecAndPlayBk/Page-Vlink-ACH-Credit/input_Amount'

2023-02-15 23:18:24 - [TEST_STEP][PASSED] - setText(findTestObject("Object Repository/RecAndPlayBk/Page-Vlink-ACH-Credit/input_Standard Entry Class"), sec): Text 'WEB' is set on object 'Object Repository/RecAndPlayBk/Page-Vlink-ACH-Credit/input_Standard Entry Class'

2023-02-15 23:18:25 - [MESSAGE][PASSED] - Text 'WEB' is set on object 'Object Repository/RecAndPlayBk/Page-Vlink-ACH-Credit/input_Standard Entry Class'

2023-02-15 23:18:25 - [TEST_STEP][PASSED] - setText(findTestObject("Object Repository/RecAndPlayBk/Page-Vlink-ACH-Credit/input_Account Number"), acNumber): Text '' is set on object 'Object Repository/RecAndPlayBk/Page-Vlink-ACH-Credit/input_Account Number'

2023-02-15 23:18:26 - [MESSAGE][PASSED] - Text '' is set on object 'Object Repository/RecAndPlayBk/Page-Vlink-ACH-Credit/input_Account Number'

2023-02-15 23:18:26 - [TEST_STEP][PASSED] - setText(findTestObject("Object Repository/RecAndPlayBk/Page-Vlink-ACH-Credit/input_Routing Number"), rtn): Text '256072691' is set on object 'Object Repository/RecAndPlayBk/Page-Vlink-ACH-Credit/input_Routing Number'

2023-02-15 23:18:26 - [MESSAGE][PASSED] - Text '256072691' is set on object 'Object Repository/RecAndPlayBk/Page-Vlink-ACH-Credit/input_Routing Number'

2023-02-15 23:18:26 - [TEST_STEP][PASSED] - click(findTestObject("Object Repository/RecAndPlayBk/Page-Vlink-ACH-Credit/input")): Object: 'Object Repository/RecAndPlayBk/Page-Vlink-ACH-Credit/input' is clicked on

2023-02-15 23:18:27 - [MESSAGE][PASSED] - Object: 'Object Repository/RecAndPlayBk/Page-Vlink-ACH-Credit/input' is clicked on

2023-02-15 23:18:27 - [TEST_STEP][PASSED] - if (verifyTextPresent(errorMsg, true)): null

2023-02-15 23:18:27 - [MESSAGE][PASSED] - Text 'check_first_name, check_last_name, check_address, check_city, check_state, che' is present on page  using regular expression

2023-02-15 23:18:27 - [TEST_STEP][PASSED] - println("Error Message is present on the Confirmation page"): null

2023-02-15 23:18:27 - [TEST_STEP][PASSED] - out.println("Pass Record Number: " + row): null

2023-02-15 23:18:27 - [TEST_STEP][PASSED] - resText = "Pass": null

2023-02-15 23:18:27 - [TEST_STEP][PASSED] - pages.WriteExcel.demoKey(resText, datText, resColumn, datCloumn, fileLoc, nameSheet, row): pages.WriteExcel.demoKey is PASSED

2023-02-15 23:18:27 - [MESSAGE][PASSED] - pages.WriteExcel.demoKey is PASSED

2023-02-15 23:18:27 - [TEST_STEP][PASSED] - ExecuteTC = findTestData(dataFile).getValue("Execute", row): null

2023-02-15 23:18:27 - [TEST_STEP][PASSED] - out.println("Value of Execute is : " + ExecuteTC): null

2023-02-15 23:18:27 - [TEST_STEP][PASSED] - if (ExecuteTC.equalsIgnoreCase("Y")): null

2023-02-15 23:18:27 - [TEST_STEP][PASSED] - out.println("Begin Record Number: " + row): null

2023-02-15 23:18:27 - [TEST_STEP][PASSED] - today = new java.util.Date(): null

2023-02-15 23:18:27 - [TEST_STEP][PASSED] - println(today): null

2023-02-15 23:18:27 - [TEST_STEP][PASSED] - datText = today: null

2023-02-15 23:18:27 - [TEST_STEP][PASSED] - appID = findTestData(dataFile).getValue("AppID", row): null

2023-02-15 23:18:27 - [TEST_STEP][PASSED] - username = findTestData(dataFile).getValue("Username", row): null

2023-02-15 23:18:27 - [TEST_STEP][PASSED] - password = findTestData(dataFile).getValue("Password", row): null

2023-02-15 23:18:27 - [TEST_STEP][PASSED] - errorMsg = findTestData(dataFile).getValue("ErrorMsg", row): null

2023-02-15 23:18:28 - [TEST_STEP][PASSED] - tranType = findTestData(dataFile).getValue("TranType", row): null

2023-02-15 23:18:28 - [TEST_STEP][PASSED] - mv = findTestData(dataFile).getValue("MV", row): null

2023-02-15 23:18:28 - [TEST_STEP][PASSED] - resFormat = findTestData(dataFile).getValue("ResFormat", row): null

2023-02-15 23:18:28 - [TEST_STEP][PASSED] - checkType = findTestData(dataFile).getValue("CheckType", row): null

2023-02-15 23:18:28 - [TEST_STEP][PASSED] - sec = findTestData(dataFile).getValue("SEC", row): null

2023-02-15 23:18:28 - [TEST_STEP][PASSED] - tranID = findTestData(dataFile).getValue("TranxID", row): null

2023-02-15 23:18:28 - [TEST_STEP][PASSED] - amount = findTestData(dataFile).getValue("Amount", row): null

2023-02-15 23:18:28 - [TEST_STEP][PASSED] - acNumber = findTestData(dataFile).getValue("AcNumber", row): null

2023-02-15 23:18:28 - [TEST_STEP][PASSED] - rtn = findTestData(dataFile).getValue("RTN", row): null

2023-02-15 23:18:28 - [TEST_STEP][PASSED] - openBrowser(VLinkURL + "ACH_credit.html"): Browser is opened with url: 'https://dev-algorithm.govolution.com/vlinktest/QA/version_2_0/ACH_credit.html'

2023-02-15 23:18:28 - [MESSAGE][WARNING] - A browser is already opened. Closing browser and opening a new one

2023-02-15 23:18:29 - [MESSAGE][INFO] - Starting 'Chrome' driver

2023-02-15 23:18:29 - [MESSAGE][INFO] - User set preference: ['acceptInsecureCerts', 'true']

2023-02-15 23:18:29 - [MESSAGE][INFO] - Action delay is set to 0 milliseconds

2023-02-15 23:18:31 - [MESSAGE][PASSED] - Browser is opened with url: 'https://dev-algorithm.govolution.com/vlinktest/QA/version_2_0/ACH_credit.html'

2023-02-15 23:18:31 - [TEST_STEP][PASSED] - maximizeWindow(): Current window maximized

2023-02-15 23:18:31 - [MESSAGE][PASSED] - Current window maximized

2023-02-15 23:18:31 - [TEST_STEP][PASSED] - setText(findTestObject("Object Repository/RecAndPlayBk/Page-Vlink-ACH-Credit/input_Transaction Type"), tranType): Text '200' is set on object 'Object Repository/RecAndPlayBk/Page-Vlink-ACH-Credit/input_Transaction Type'

2023-02-15 23:18:32 - [MESSAGE][PASSED] - Text '200' is set on object 'Object Repository/RecAndPlayBk/Page-Vlink-ACH-Credit/input_Transaction Type'

2023-02-15 23:18:32 - [TEST_STEP][PASSED] - setText(findTestObject("Object Repository/RecAndPlayBk/Page-Vlink-ACH-Credit/input_Message Version"), mv): Text '2.0A' is set on object 'Object Repository/RecAndPlayBk/Page-Vlink-ACH-Credit/input_Message Version'

2023-02-15 23:18:32 - [MESSAGE][PASSED] - Text '2.0A' is set on object 'Object Repository/RecAndPlayBk/Page-Vlink-ACH-Credit/input_Message Version'

2023-02-15 23:18:32 - [TEST_STEP][PASSED] - genRemID = RandomStringUtils.random(12, true, true): null

2023-02-15 23:18:32 - [TEST_STEP][PASSED] - setText(findTestObject("Object Repository/RecAndPlayBk/Page-Vlink-ACH-Credit/input_Remittance Id"), genRemID): Text 'PDEJVe9nGUG4' is set on object 'Object Repository/RecAndPlayBk/Page-Vlink-ACH-Credit/input_Remittance Id'

2023-02-15 23:18:33 - [MESSAGE][PASSED] - Text 'PDEJVe9nGUG4' is set on object 'Object Repository/RecAndPlayBk/Page-Vlink-ACH-Credit/input_Remittance Id'

2023-02-15 23:18:33 - [TEST_STEP][PASSED] - setText(findTestObject("Object Repository/RecAndPlayBk/Page-Vlink-ACH-Credit/input_Application Id"), appID): Text '234' is set on object 'Object Repository/RecAndPlayBk/Page-Vlink-ACH-Credit/input_Application Id'

2023-02-15 23:18:34 - [MESSAGE][PASSED] - Text '234' is set on object 'Object Repository/RecAndPlayBk/Page-Vlink-ACH-Credit/input_Application Id'

2023-02-15 23:18:34 - [TEST_STEP][PASSED] - setText(findTestObject("Object Repository/RecAndPlayBk/Page-Vlink-ACH-Credit/input_Username"), username): Text 'username' is set on object 'Object Repository/RecAndPlayBk/Page-Vlink-ACH-Credit/input_Username'

2023-02-15 23:18:34 - [MESSAGE][PASSED] - Text 'username' is set on object 'Object Repository/RecAndPlayBk/Page-Vlink-ACH-Credit/input_Username'

2023-02-15 23:18:34 - [TEST_STEP][PASSED] - setText(findTestObject("Object Repository/RecAndPlayBk/Page-Vlink-ACH-Credit/input_Password"), password): Text 'password' is set on object 'Object Repository/RecAndPlayBk/Page-Vlink-ACH-Credit/input_Password'

2023-02-15 23:18:35 - [MESSAGE][PASSED] - Text 'password' is set on object 'Object Repository/RecAndPlayBk/Page-Vlink-ACH-Credit/input_Password'

2023-02-15 23:18:35 - [TEST_STEP][PASSED] - setText(findTestObject("Object Repository/RecAndPlayBk/Page-Vlink-ACH-Credit/input_Response Format"), resFormat): Text 'fixed_width' is set on object 'Object Repository/RecAndPlayBk/Page-Vlink-ACH-Credit/input_Response Format'

2023-02-15 23:18:35 - [MESSAGE][PASSED] - Text 'fixed_width' is set on object 'Object Repository/RecAndPlayBk/Page-Vlink-ACH-Credit/input_Response Format'

2023-02-15 23:18:35 - [TEST_STEP][PASSED] - setText(findTestObject("Object Repository/RecAndPlayBk/Page-Vlink-ACH-Credit/input_Check Type"), checkType): Text 'P' is set on object 'Object Repository/RecAndPlayBk/Page-Vlink-ACH-Credit/input_Check Type'

2023-02-15 23:18:36 - [MESSAGE][PASSED] - Text 'P' is set on object 'Object Repository/RecAndPlayBk/Page-Vlink-ACH-Credit/input_Check Type'

2023-02-15 23:18:36 - [TEST_STEP][PASSED] - setText(findTestObject("Object Repository/RecAndPlayBk/Page-Vlink-ACH-Credit/input_Transaction ID"), tranID): Text '12124566' is set on object 'Object Repository/RecAndPlayBk/Page-Vlink-ACH-Credit/input_Transaction ID'

2023-02-15 23:18:37 - [MESSAGE][PASSED] - Text '12124566' is set on object 'Object Repository/RecAndPlayBk/Page-Vlink-ACH-Credit/input_Transaction ID'

2023-02-15 23:18:37 - [TEST_STEP][PASSED] - setText(findTestObject("Object Repository/RecAndPlayBk/Page-Vlink-ACH-Credit/input_Amount"), amount): Text '12.50' is set on object 'Object Repository/RecAndPlayBk/Page-Vlink-ACH-Credit/input_Amount'

2023-02-15 23:18:37 - [MESSAGE][PASSED] - Text '12.50' is set on object 'Object Repository/RecAndPlayBk/Page-Vlink-ACH-Credit/input_Amount'

2023-02-15 23:18:37 - [TEST_STEP][PASSED] - setText(findTestObject("Object Repository/RecAndPlayBk/Page-Vlink-ACH-Credit/input_Standard Entry Class"), sec): Text 'WEB' is set on object 'Object Repository/RecAndPlayBk/Page-Vlink-ACH-Credit/input_Standard Entry Class'

2023-02-15 23:18:38 - [MESSAGE][PASSED] - Text 'WEB' is set on object 'Object Repository/RecAndPlayBk/Page-Vlink-ACH-Credit/input_Standard Entry Class'

2023-02-15 23:18:38 - [TEST_STEP][PASSED] - setText(findTestObject("Object Repository/RecAndPlayBk/Page-Vlink-ACH-Credit/input_Account Number"), acNumber): Text '12345678' is set on object 'Object Repository/RecAndPlayBk/Page-Vlink-ACH-Credit/input_Account Number'

2023-02-15 23:18:38 - [MESSAGE][PASSED] - Text '12345678' is set on object 'Object Repository/RecAndPlayBk/Page-Vlink-ACH-Credit/input_Account Number'

2023-02-15 23:18:38 - [TEST_STEP][PASSED] - setText(findTestObject("Object Repository/RecAndPlayBk/Page-Vlink-ACH-Credit/input_Routing Number"), rtn): Text '' is set on object 'Object Repository/RecAndPlayBk/Page-Vlink-ACH-Credit/input_Routing Number'

2023-02-15 23:18:39 - [MESSAGE][PASSED] - Text '' is set on object 'Object Repository/RecAndPlayBk/Page-Vlink-ACH-Credit/input_Routing Number'

2023-02-15 23:18:39 - [TEST_STEP][PASSED] - click(findTestObject("Object Repository/RecAndPlayBk/Page-Vlink-ACH-Credit/input")): Object: 'Object Repository/RecAndPlayBk/Page-Vlink-ACH-Credit/input' is clicked on

2023-02-15 23:18:40 - [MESSAGE][PASSED] - Object: 'Object Repository/RecAndPlayBk/Page-Vlink-ACH-Credit/input' is clicked on

2023-02-15 23:18:40 - [TEST_STEP][PASSED] - if (verifyTextPresent(errorMsg, true)): null

2023-02-15 23:18:40 - [MESSAGE][PASSED] - Text 'check_first_name, check_last_name, check_address, check_city, check_state, che' is present on page  using regular expression

2023-02-15 23:18:40 - [TEST_STEP][PASSED] - println("Error Message is present on the Confirmation page"): null

2023-02-15 23:18:40 - [TEST_STEP][PASSED] - out.println("Pass Record Number: " + row): null

2023-02-15 23:18:40 - [TEST_STEP][PASSED] - resText = "Pass": null

2023-02-15 23:18:40 - [TEST_STEP][PASSED] - pages.WriteExcel.demoKey(resText, datText, resColumn, datCloumn, fileLoc, nameSheet, row): pages.WriteExcel.demoKey is PASSED

2023-02-15 23:18:40 - [MESSAGE][PASSED] - pages.WriteExcel.demoKey is PASSED]]></system-out>
         <system-err><![CDATA[]]></system-err>
      </testcase>
      <testcase name="Test Cases/RecAndPlayBk/VLink/Debit-Credit-RemID-Pipe" time="173.549" classname="Test Cases/RecAndPlayBk/VLink/Debit-Credit-RemID-Pipe" status="PASSED">
         <system-out><![CDATA[2023-02-15 23:18:40 - [TEST_CASE][PASSED] - Test Cases/RecAndPlayBk/VLink/Debit-Credit-RemID-Pipe: Test Cases/RecAndPlayBk/VLink/Debit-Credit-RemID-Pipe

2023-02-15 23:18:41 - [TEST_STEP][PASSED] - executionProfile = getExecutionProfile(): null

2023-02-15 23:18:41 - [TEST_STEP][PASSED] - out.println("executionProfile : " + executionProfile): null

2023-02-15 23:18:41 - [TEST_STEP][PASSED] - resText = "Fail": null

2023-02-15 23:18:41 - [TEST_STEP][PASSED] - resColumn = "Result": null

2023-02-15 23:18:41 - [TEST_STEP][PASSED] - datCloumn = "Date": null

2023-02-15 23:18:41 - [TEST_STEP][PASSED] - fileLoc = "KatalonData/VLinkSmokeDataACH.xlsx": null

2023-02-15 23:18:41 - [TEST_STEP][PASSED] - numOfRows = <not implemented yet for class: org.codehaus.groovy.ast.expr.EmptyExpression>: null

2023-02-15 23:18:41 - [TEST_STEP][PASSED] - dataFile = <not implemented yet for class: org.codehaus.groovy.ast.expr.EmptyExpression>: null

2023-02-15 23:18:41 - [TEST_STEP][PASSED] - nameSheet = <not implemented yet for class: org.codehaus.groovy.ast.expr.EmptyExpression>: null

2023-02-15 23:18:41 - [TEST_STEP][PASSED] - nameSheet = "DebitCredit-RemID-Pipe": null

2023-02-15 23:18:41 - [TEST_STEP][PASSED] - numOfRows = findTestData("QA/VLinkTestData/VLinkDebitCreditRemIDPipeData").getRowNumbers(): null

2023-02-15 23:18:41 - [TEST_STEP][PASSED] - println("Number of Records: " + numOfRows): null

2023-02-15 23:18:41 - [TEST_STEP][PASSED] - dataFile = "QA/VLinkTestData/VLinkDebitCreditRemIDPipeData": null

2023-02-15 23:18:41 - [TEST_STEP][PASSED] - for ([row = 1, row <= numOfRows, (row++)]): null

2023-02-15 23:18:41 - [TEST_STEP][PASSED] - ExecuteTC = findTestData(dataFile).getValue("Execute", row): null

2023-02-15 23:18:41 - [TEST_STEP][PASSED] - out.println("Value of Execute is : " + ExecuteTC): null

2023-02-15 23:18:41 - [TEST_STEP][PASSED] - switch (executionProfile): null

2023-02-15 23:18:41 - [TEST_STEP][PASSED] - case "QAProfile":: null

2023-02-15 23:18:41 - [TEST_STEP][PASSED] - appID = findTestData(dataFile).getValue("AppIDQA", row): null

2023-02-15 23:18:41 - [TEST_STEP][PASSED] - username = findTestData(dataFile).getValue("UsernameQA", row): null

2023-02-15 23:18:41 - [TEST_STEP][PASSED] - password = findTestData(dataFile).getValue("PasswordQA", row): null

2023-02-15 23:18:41 - [TEST_STEP][PASSED] - break: null

2023-02-15 23:18:41 - [TEST_STEP][PASSED] - if (ExecuteTC.equalsIgnoreCase("Y")): null

2023-02-15 23:18:41 - [TEST_STEP][PASSED] - out.println("Begin Record Number: " + row): null

2023-02-15 23:18:41 - [TEST_STEP][PASSED] - today = new java.util.Date(): null

2023-02-15 23:18:41 - [TEST_STEP][PASSED] - println(today): null

2023-02-15 23:18:41 - [TEST_STEP][PASSED] - datText = today: null

2023-02-15 23:18:41 - [TEST_STEP][PASSED] - checkType = findTestData(dataFile).getValue("CheckType", row): null

2023-02-15 23:18:41 - [TEST_STEP][PASSED] - acNumber = findTestData(dataFile).getValue("AcNumber", row): null

2023-02-15 23:18:41 - [TEST_STEP][PASSED] - company = findTestData(dataFile).getValue("Company", row): null

2023-02-15 23:18:41 - [TEST_STEP][PASSED] - acType = findTestData(dataFile).getValue("AcType", row): null

2023-02-15 23:18:41 - [TEST_STEP][PASSED] - rtn = findTestData(dataFile).getValue("RTN", row): null

2023-02-15 23:18:41 - [TEST_STEP][PASSED] - amount = findTestData(dataFile).getValue("Amount", row): null

2023-02-15 23:18:41 - [TEST_STEP][PASSED] - sec = findTestData(dataFile).getValue("SEC", row): null

2023-02-15 23:18:41 - [TEST_STEP][PASSED] - openBrowser(VLinkURL + "debit.html"): Browser is opened with url: 'https://dev-algorithm.govolution.com/vlinktest/QA/version_2_0/debit.html'

2023-02-15 23:18:41 - [MESSAGE][WARNING] - A browser is already opened. Closing browser and opening a new one

2023-02-15 23:18:42 - [MESSAGE][INFO] - Starting 'Chrome' driver

2023-02-15 23:18:42 - [MESSAGE][INFO] - User set preference: ['acceptInsecureCerts', 'true']

2023-02-15 23:18:42 - [MESSAGE][INFO] - Action delay is set to 0 milliseconds

2023-02-15 23:18:44 - [MESSAGE][PASSED] - Browser is opened with url: 'https://dev-algorithm.govolution.com/vlinktest/QA/version_2_0/debit.html'

2023-02-15 23:18:44 - [TEST_STEP][PASSED] - maximizeWindow(): Current window maximized

2023-02-15 23:18:44 - [MESSAGE][PASSED] - Current window maximized

2023-02-15 23:18:44 - [TEST_STEP][PASSED] - genRemID1 = random() * 99999).toInteger(): null

2023-02-15 23:18:44 - [TEST_STEP][PASSED] - genRemID2 = random() * 99999).toInteger(): null

2023-02-15 23:18:44 - [TEST_STEP][PASSED] - genRemID3 = random() * 99999).toInteger(): null

2023-02-15 23:18:44 - [TEST_STEP][PASSED] - println(genRemID1): null

2023-02-15 23:18:44 - [TEST_STEP][PASSED] - println(genRemID2): null

2023-02-15 23:18:44 - [TEST_STEP][PASSED] - println(genRemID3): null

2023-02-15 23:18:44 - [TEST_STEP][PASSED] - genRemID = genRemID1 + "|" + genRemID2 + "|" + genRemID3: null

2023-02-15 23:18:44 - [TEST_STEP][PASSED] - println(genRemID): null

2023-02-15 23:18:44 - [TEST_STEP][PASSED] - setText(findTestObject("RecAndPlayBk/Page-Vlink-Debit/input_Remittance Id"), genRemID): Text '85580|53619|73816' is set on object 'Object Repository/RecAndPlayBk/Page-Vlink-Debit/input_Remittance Id'

2023-02-15 23:18:45 - [MESSAGE][PASSED] - Text '85580|53619|73816' is set on object 'Object Repository/RecAndPlayBk/Page-Vlink-Debit/input_Remittance Id'

2023-02-15 23:18:45 - [TEST_STEP][PASSED] - setText(findTestObject("RecAndPlayBk/Page-Vlink-Debit/input_Application Id"), appID): Text '234' is set on object 'Object Repository/RecAndPlayBk/Page-Vlink-Debit/input_Application Id'

2023-02-15 23:18:45 - [MESSAGE][PASSED] - Text '234' is set on object 'Object Repository/RecAndPlayBk/Page-Vlink-Debit/input_Application Id'

2023-02-15 23:18:45 - [TEST_STEP][PASSED] - setText(findTestObject("RecAndPlayBk/Page-Vlink-Debit/input_Username"), username): Text 'username' is set on object 'Object Repository/RecAndPlayBk/Page-Vlink-Debit/input_Username'

2023-02-15 23:18:46 - [MESSAGE][PASSED] - Text 'username' is set on object 'Object Repository/RecAndPlayBk/Page-Vlink-Debit/input_Username'

2023-02-15 23:18:46 - [TEST_STEP][PASSED] - setText(findTestObject("RecAndPlayBk/Page-Vlink-Debit/input_Password"), password): Text 'password' is set on object 'Object Repository/RecAndPlayBk/Page-Vlink-Debit/input_Password'

2023-02-15 23:18:47 - [MESSAGE][PASSED] - Text 'password' is set on object 'Object Repository/RecAndPlayBk/Page-Vlink-Debit/input_Password'

2023-02-15 23:18:47 - [TEST_STEP][PASSED] - setText(findTestObject("RecAndPlayBk/Page-Vlink-Debit/input_Check Type"), checkType): Text 'P' is set on object 'Object Repository/RecAndPlayBk/Page-Vlink-Debit/input_Check Type'

2023-02-15 23:18:47 - [MESSAGE][PASSED] - Text 'P' is set on object 'Object Repository/RecAndPlayBk/Page-Vlink-Debit/input_Check Type'

2023-02-15 23:18:47 - [TEST_STEP][PASSED] - setText(findTestObject("RecAndPlayBk/Page-Vlink-Debit/input_Account_check"), acNumber): Text '58963214' is set on object 'Object Repository/RecAndPlayBk/Page-Vlink-Debit/input_Account_check'

2023-02-15 23:18:48 - [MESSAGE][PASSED] - Text '58963214' is set on object 'Object Repository/RecAndPlayBk/Page-Vlink-Debit/input_Account_check'

2023-02-15 23:18:48 - [TEST_STEP][PASSED] - setText(findTestObject("RecAndPlayBk/Page-Vlink-Debit/input_Company_check"), company): Text '' is set on object 'Object Repository/RecAndPlayBk/Page-Vlink-Debit/input_Company_check'

2023-02-15 23:18:49 - [MESSAGE][PASSED] - Text '' is set on object 'Object Repository/RecAndPlayBk/Page-Vlink-Debit/input_Company_check'

2023-02-15 23:18:49 - [TEST_STEP][PASSED] - setText(findTestObject("RecAndPlayBk/Page-Vlink-Debit/input_Account Type"), acType): Text '1' is set on object 'Object Repository/RecAndPlayBk/Page-Vlink-Debit/input_Account Type'

2023-02-15 23:18:49 - [MESSAGE][PASSED] - Text '1' is set on object 'Object Repository/RecAndPlayBk/Page-Vlink-Debit/input_Account Type'

2023-02-15 23:18:49 - [TEST_STEP][PASSED] - setText(findTestObject("RecAndPlayBk/Page-Vlink-Debit/input_Routing Number"), rtn): Text '256072691' is set on object 'Object Repository/RecAndPlayBk/Page-Vlink-Debit/input_Routing Number'

2023-02-15 23:18:50 - [MESSAGE][PASSED] - Text '256072691' is set on object 'Object Repository/RecAndPlayBk/Page-Vlink-Debit/input_Routing Number'

2023-02-15 23:18:50 - [TEST_STEP][PASSED] - setText(findTestObject("RecAndPlayBk/Page-Vlink-Debit/input_Amount"), amount): Text '12.50' is set on object 'Object Repository/RecAndPlayBk/Page-Vlink-Debit/input_Amount'

2023-02-15 23:18:50 - [MESSAGE][PASSED] - Text '12.50' is set on object 'Object Repository/RecAndPlayBk/Page-Vlink-Debit/input_Amount'

2023-02-15 23:18:50 - [TEST_STEP][PASSED] - setText(findTestObject("RecAndPlayBk/Page-Vlink-Debit/input_Check Email"), ""): Text '' is set on object 'Object Repository/RecAndPlayBk/Page-Vlink-Debit/input_Check Email'

2023-02-15 23:18:51 - [MESSAGE][PASSED] - Text '' is set on object 'Object Repository/RecAndPlayBk/Page-Vlink-Debit/input_Check Email'

2023-02-15 23:18:51 - [TEST_STEP][PASSED] - setText(findTestObject("Object Repository/RecAndPlayBk/Page-Vlink-Debit/input_concat(CheckWriter, , s SSN)_check_ssn"), ""): Text '' is set on object 'Object Repository/RecAndPlayBk/Page-Vlink-Debit/input_concat(CheckWriter, , s SSN)_check_ssn'

2023-02-15 23:18:52 - [MESSAGE][PASSED] - Text '' is set on object 'Object Repository/RecAndPlayBk/Page-Vlink-Debit/input_concat(CheckWriter, , s SSN)_check_ssn'

2023-02-15 23:18:52 - [TEST_STEP][PASSED] - setText(findTestObject("Object Repository/RecAndPlayBk/Page-Vlink-Debit/input_concat(CheckWriter, , s License Numbe_020fef"), ""): Text '' is set on object 'Object Repository/RecAndPlayBk/Page-Vlink-Debit/input_concat(CheckWriter, , s License Numbe_020fef'

2023-02-15 23:18:52 - [MESSAGE][PASSED] - Text '' is set on object 'Object Repository/RecAndPlayBk/Page-Vlink-Debit/input_concat(CheckWriter, , s License Numbe_020fef'

2023-02-15 23:18:52 - [TEST_STEP][PASSED] - setText(findTestObject("Object Repository/RecAndPlayBk/Page-Vlink-Debit/input_concat(CheckWriter, , s License State_21e3e7"), ""): Text '' is set on object 'Object Repository/RecAndPlayBk/Page-Vlink-Debit/input_concat(CheckWriter, , s License State_21e3e7'

2023-02-15 23:18:53 - [MESSAGE][PASSED] - Text '' is set on object 'Object Repository/RecAndPlayBk/Page-Vlink-Debit/input_concat(CheckWriter, , s License State_21e3e7'

2023-02-15 23:18:53 - [TEST_STEP][PASSED] - setText(findTestObject("RecAndPlayBk/Page-Vlink-Debit/input_Standard Entry Class"), sec): Text 'WEB' is set on object 'Object Repository/RecAndPlayBk/Page-Vlink-Debit/input_Standard Entry Class'

2023-02-15 23:18:54 - [MESSAGE][PASSED] - Text 'WEB' is set on object 'Object Repository/RecAndPlayBk/Page-Vlink-Debit/input_Standard Entry Class'

2023-02-15 23:18:54 - [TEST_STEP][PASSED] - click(findTestObject("Object Repository/RecAndPlayBk/Page-Vlink-Debit/input")): Object: 'Object Repository/RecAndPlayBk/Page-Vlink-Debit/input' is clicked on

2023-02-15 23:18:54 - [MESSAGE][PASSED] - Object: 'Object Repository/RecAndPlayBk/Page-Vlink-Debit/input' is clicked on

2023-02-15 23:18:54 - [TEST_STEP][PASSED] - if (verifyTextPresent("Transaction approved, no errors", true)): null

2023-02-15 23:18:55 - [MESSAGE][PASSED] - Text 'Transaction approved, no errors' is present on page  using regular expression

2023-02-15 23:18:55 - [TEST_STEP][PASSED] - println("Transaction Approved, no errors text is present on the Confirmation page"): null

2023-02-15 23:18:55 - [TEST_STEP][PASSED] - sdfo = getText(findTestObject("Object Repository/Page_VLinkReceipt/pre_STX")): Text of object 'Object Repository/Page_VLinkReceipt/pre_STX' is: '<STX>85580|53619|73816             12126747            0  Transaction approved, no errors                   0                                                                                                              <ETX>'

2023-02-15 23:18:55 - [MESSAGE][PASSED] - Text of object 'Object Repository/Page_VLinkReceipt/pre_STX' is: '<STX>85580|53619|73816             12126747            0  Transaction approved, no errors                   0                                                                                                              <ETX>'

2023-02-15 23:18:55 - [TEST_STEP][PASSED] - out.println("sdfo: " + sdfo): null

2023-02-15 23:18:55 - [TEST_STEP][PASSED] - remID = substring(5, 35).trim(): null

2023-02-15 23:18:55 - [TEST_STEP][PASSED] - out.println("remID: " + remID): null

2023-02-15 23:18:55 - [TEST_STEP][PASSED] - traxID = substring(35, 55).trim(): null

2023-02-15 23:18:55 - [TEST_STEP][PASSED] - out.println("traxID: " + traxID): null

2023-02-15 23:18:55 - [TEST_STEP][PASSED] - VLinkSaleRemID = remID: null

2023-02-15 23:18:55 - [TEST_STEP][PASSED] - VLinkSaleTranxID = traxID: null

2023-02-15 23:18:55 - [TEST_STEP][PASSED] - openBrowser(VLinkURL + "ACH_credit.html"): Browser is opened with url: 'https://dev-algorithm.govolution.com/vlinktest/QA/version_2_0/ACH_credit.html'

2023-02-15 23:18:55 - [MESSAGE][WARNING] - A browser is already opened. Closing browser and opening a new one

2023-02-15 23:18:56 - [MESSAGE][INFO] - Starting 'Chrome' driver

2023-02-15 23:18:56 - [MESSAGE][INFO] - User set preference: ['acceptInsecureCerts', 'true']

2023-02-15 23:18:56 - [MESSAGE][INFO] - Action delay is set to 0 milliseconds

2023-02-15 23:18:58 - [MESSAGE][PASSED] - Browser is opened with url: 'https://dev-algorithm.govolution.com/vlinktest/QA/version_2_0/ACH_credit.html'

2023-02-15 23:18:58 - [TEST_STEP][PASSED] - maximizeWindow(): Current window maximized

2023-02-15 23:18:58 - [MESSAGE][PASSED] - Current window maximized

2023-02-15 23:18:58 - [TEST_STEP][PASSED] - setText(findTestObject("Object Repository/RecAndPlayBk/Page-Vlink-ACH-Credit/input_Remittance Id"), VLinkSaleRemID): Text '85580|53619|73816' is set on object 'Object Repository/RecAndPlayBk/Page-Vlink-ACH-Credit/input_Remittance Id'

2023-02-15 23:18:59 - [MESSAGE][PASSED] - Text '85580|53619|73816' is set on object 'Object Repository/RecAndPlayBk/Page-Vlink-ACH-Credit/input_Remittance Id'

2023-02-15 23:18:59 - [TEST_STEP][PASSED] - setText(findTestObject("Object Repository/RecAndPlayBk/Page-Vlink-ACH-Credit/input_Application Id"), appID): Text '234' is set on object 'Object Repository/RecAndPlayBk/Page-Vlink-ACH-Credit/input_Application Id'

2023-02-15 23:18:59 - [MESSAGE][PASSED] - Text '234' is set on object 'Object Repository/RecAndPlayBk/Page-Vlink-ACH-Credit/input_Application Id'

2023-02-15 23:18:59 - [TEST_STEP][PASSED] - setText(findTestObject("Object Repository/RecAndPlayBk/Page-Vlink-ACH-Credit/input_Username"), username): Text 'username' is set on object 'Object Repository/RecAndPlayBk/Page-Vlink-ACH-Credit/input_Username'

2023-02-15 23:19:00 - [MESSAGE][PASSED] - Text 'username' is set on object 'Object Repository/RecAndPlayBk/Page-Vlink-ACH-Credit/input_Username'

2023-02-15 23:19:00 - [TEST_STEP][PASSED] - setText(findTestObject("Object Repository/RecAndPlayBk/Page-Vlink-ACH-Credit/input_Password"), password): Text 'password' is set on object 'Object Repository/RecAndPlayBk/Page-Vlink-ACH-Credit/input_Password'

2023-02-15 23:19:00 - [MESSAGE][PASSED] - Text 'password' is set on object 'Object Repository/RecAndPlayBk/Page-Vlink-ACH-Credit/input_Password'

2023-02-15 23:19:00 - [TEST_STEP][PASSED] - setText(findTestObject("Object Repository/RecAndPlayBk/Page-Vlink-ACH-Credit/input_Check Type"), checkType): Text 'P' is set on object 'Object Repository/RecAndPlayBk/Page-Vlink-ACH-Credit/input_Check Type'

2023-02-15 23:19:01 - [MESSAGE][PASSED] - Text 'P' is set on object 'Object Repository/RecAndPlayBk/Page-Vlink-ACH-Credit/input_Check Type'

2023-02-15 23:19:01 - [TEST_STEP][PASSED] - setText(findTestObject("Object Repository/RecAndPlayBk/Page-Vlink-ACH-Credit/input_Transaction ID"), VLinkSaleTranxID): Text '12126747' is set on object 'Object Repository/RecAndPlayBk/Page-Vlink-ACH-Credit/input_Transaction ID'

2023-02-15 23:19:02 - [MESSAGE][PASSED] - Text '12126747' is set on object 'Object Repository/RecAndPlayBk/Page-Vlink-ACH-Credit/input_Transaction ID'

2023-02-15 23:19:02 - [TEST_STEP][PASSED] - setText(findTestObject("Object Repository/RecAndPlayBk/Page-Vlink-ACH-Credit/input_Amount"), amount): Text '12.50' is set on object 'Object Repository/RecAndPlayBk/Page-Vlink-ACH-Credit/input_Amount'

2023-02-15 23:19:02 - [MESSAGE][PASSED] - Text '12.50' is set on object 'Object Repository/RecAndPlayBk/Page-Vlink-ACH-Credit/input_Amount'

2023-02-15 23:19:02 - [TEST_STEP][PASSED] - setText(findTestObject("Object Repository/RecAndPlayBk/Page-Vlink-ACH-Credit/input_Standard Entry Class"), sec): Text 'WEB' is set on object 'Object Repository/RecAndPlayBk/Page-Vlink-ACH-Credit/input_Standard Entry Class'

2023-02-15 23:19:03 - [MESSAGE][PASSED] - Text 'WEB' is set on object 'Object Repository/RecAndPlayBk/Page-Vlink-ACH-Credit/input_Standard Entry Class'

2023-02-15 23:19:03 - [TEST_STEP][PASSED] - setText(findTestObject("Object Repository/RecAndPlayBk/Page-Vlink-ACH-Credit/input_Account Number"), acNumber): Text '58963214' is set on object 'Object Repository/RecAndPlayBk/Page-Vlink-ACH-Credit/input_Account Number'

2023-02-15 23:19:03 - [MESSAGE][PASSED] - Text '58963214' is set on object 'Object Repository/RecAndPlayBk/Page-Vlink-ACH-Credit/input_Account Number'

2023-02-15 23:19:03 - [TEST_STEP][PASSED] - setText(findTestObject("Object Repository/RecAndPlayBk/Page-Vlink-ACH-Credit/input_Routing Number"), rtn): Text '256072691' is set on object 'Object Repository/RecAndPlayBk/Page-Vlink-ACH-Credit/input_Routing Number'

2023-02-15 23:19:04 - [MESSAGE][PASSED] - Text '256072691' is set on object 'Object Repository/RecAndPlayBk/Page-Vlink-ACH-Credit/input_Routing Number'

2023-02-15 23:19:04 - [TEST_STEP][PASSED] - click(findTestObject("Object Repository/RecAndPlayBk/Page-Vlink-ACH-Credit/input")): Object: 'Object Repository/RecAndPlayBk/Page-Vlink-ACH-Credit/input' is clicked on

2023-02-15 23:19:05 - [MESSAGE][PASSED] - Object: 'Object Repository/RecAndPlayBk/Page-Vlink-ACH-Credit/input' is clicked on

2023-02-15 23:19:05 - [TEST_STEP][PASSED] - if (verifyTextPresent("Transaction approved, no errors", true)): null

2023-02-15 23:19:05 - [MESSAGE][PASSED] - Text 'Transaction approved, no errors' is present on page  using regular expression

2023-02-15 23:19:05 - [TEST_STEP][PASSED] - println("Transaction Approved, no errors text is present on the Confirmation page"): null

2023-02-15 23:19:05 - [TEST_STEP][PASSED] - out.println("Pass Record Number: " + row): null

2023-02-15 23:19:05 - [TEST_STEP][PASSED] - resText = "Pass": null

2023-02-15 23:19:05 - [TEST_STEP][PASSED] - pages.WriteExcel.demoKey(resText, datText, resColumn, datCloumn, fileLoc, nameSheet, row): pages.WriteExcel.demoKey is PASSED

2023-02-15 23:19:05 - [MESSAGE][PASSED] - pages.WriteExcel.demoKey is PASSED

2023-02-15 23:19:05 - [TEST_STEP][PASSED] - ExecuteTC = findTestData(dataFile).getValue("Execute", row): null

2023-02-15 23:19:05 - [TEST_STEP][PASSED] - out.println("Value of Execute is : " + ExecuteTC): null

2023-02-15 23:19:05 - [TEST_STEP][PASSED] - switch (executionProfile): null

2023-02-15 23:19:05 - [TEST_STEP][PASSED] - case "QAProfile":: null

2023-02-15 23:19:05 - [TEST_STEP][PASSED] - appID = findTestData(dataFile).getValue("AppIDQA", row): null

2023-02-15 23:19:06 - [TEST_STEP][PASSED] - username = findTestData(dataFile).getValue("UsernameQA", row): null

2023-02-15 23:19:06 - [TEST_STEP][PASSED] - password = findTestData(dataFile).getValue("PasswordQA", row): null

2023-02-15 23:19:06 - [TEST_STEP][PASSED] - break: null

2023-02-15 23:19:06 - [TEST_STEP][PASSED] - if (ExecuteTC.equalsIgnoreCase("Y")): null

2023-02-15 23:19:06 - [TEST_STEP][PASSED] - out.println("Begin Record Number: " + row): null

2023-02-15 23:19:06 - [TEST_STEP][PASSED] - today = new java.util.Date(): null

2023-02-15 23:19:06 - [TEST_STEP][PASSED] - println(today): null

2023-02-15 23:19:06 - [TEST_STEP][PASSED] - datText = today: null

2023-02-15 23:19:06 - [TEST_STEP][PASSED] - checkType = findTestData(dataFile).getValue("CheckType", row): null

2023-02-15 23:19:06 - [TEST_STEP][PASSED] - acNumber = findTestData(dataFile).getValue("AcNumber", row): null

2023-02-15 23:19:06 - [TEST_STEP][PASSED] - company = findTestData(dataFile).getValue("Company", row): null

2023-02-15 23:19:06 - [TEST_STEP][PASSED] - acType = findTestData(dataFile).getValue("AcType", row): null

2023-02-15 23:19:06 - [TEST_STEP][PASSED] - rtn = findTestData(dataFile).getValue("RTN", row): null

2023-02-15 23:19:06 - [TEST_STEP][PASSED] - amount = findTestData(dataFile).getValue("Amount", row): null

2023-02-15 23:19:06 - [TEST_STEP][PASSED] - sec = findTestData(dataFile).getValue("SEC", row): null

2023-02-15 23:19:06 - [TEST_STEP][PASSED] - openBrowser(VLinkURL + "debit.html"): Browser is opened with url: 'https://dev-algorithm.govolution.com/vlinktest/QA/version_2_0/debit.html'

2023-02-15 23:19:06 - [MESSAGE][WARNING] - A browser is already opened. Closing browser and opening a new one

2023-02-15 23:19:07 - [MESSAGE][INFO] - Starting 'Chrome' driver

2023-02-15 23:19:07 - [MESSAGE][INFO] - User set preference: ['acceptInsecureCerts', 'true']

2023-02-15 23:19:07 - [MESSAGE][INFO] - Action delay is set to 0 milliseconds

2023-02-15 23:19:09 - [MESSAGE][PASSED] - Browser is opened with url: 'https://dev-algorithm.govolution.com/vlinktest/QA/version_2_0/debit.html'

2023-02-15 23:19:09 - [TEST_STEP][PASSED] - maximizeWindow(): Current window maximized

2023-02-15 23:19:09 - [MESSAGE][PASSED] - Current window maximized

2023-02-15 23:19:09 - [TEST_STEP][PASSED] - genRemID1 = random() * 99999).toInteger(): null

2023-02-15 23:19:09 - [TEST_STEP][PASSED] - genRemID2 = random() * 99999).toInteger(): null

2023-02-15 23:19:09 - [TEST_STEP][PASSED] - genRemID3 = random() * 99999).toInteger(): null

2023-02-15 23:19:09 - [TEST_STEP][PASSED] - println(genRemID1): null

2023-02-15 23:19:09 - [TEST_STEP][PASSED] - println(genRemID2): null

2023-02-15 23:19:09 - [TEST_STEP][PASSED] - println(genRemID3): null

2023-02-15 23:19:09 - [TEST_STEP][PASSED] - genRemID = genRemID1 + "|" + genRemID2 + "|" + genRemID3: null

2023-02-15 23:19:09 - [TEST_STEP][PASSED] - println(genRemID): null

2023-02-15 23:19:09 - [TEST_STEP][PASSED] - setText(findTestObject("RecAndPlayBk/Page-Vlink-Debit/input_Remittance Id"), genRemID): Text '62812|63938|16032' is set on object 'Object Repository/RecAndPlayBk/Page-Vlink-Debit/input_Remittance Id'

2023-02-15 23:19:10 - [MESSAGE][PASSED] - Text '62812|63938|16032' is set on object 'Object Repository/RecAndPlayBk/Page-Vlink-Debit/input_Remittance Id'

2023-02-15 23:19:10 - [TEST_STEP][PASSED] - setText(findTestObject("RecAndPlayBk/Page-Vlink-Debit/input_Application Id"), appID): Text '234' is set on object 'Object Repository/RecAndPlayBk/Page-Vlink-Debit/input_Application Id'

2023-02-15 23:19:10 - [MESSAGE][PASSED] - Text '234' is set on object 'Object Repository/RecAndPlayBk/Page-Vlink-Debit/input_Application Id'

2023-02-15 23:19:10 - [TEST_STEP][PASSED] - setText(findTestObject("RecAndPlayBk/Page-Vlink-Debit/input_Username"), username): Text 'username' is set on object 'Object Repository/RecAndPlayBk/Page-Vlink-Debit/input_Username'

2023-02-15 23:19:11 - [MESSAGE][PASSED] - Text 'username' is set on object 'Object Repository/RecAndPlayBk/Page-Vlink-Debit/input_Username'

2023-02-15 23:19:11 - [TEST_STEP][PASSED] - setText(findTestObject("RecAndPlayBk/Page-Vlink-Debit/input_Password"), password): Text 'password' is set on object 'Object Repository/RecAndPlayBk/Page-Vlink-Debit/input_Password'

2023-02-15 23:19:12 - [MESSAGE][PASSED] - Text 'password' is set on object 'Object Repository/RecAndPlayBk/Page-Vlink-Debit/input_Password'

2023-02-15 23:19:12 - [TEST_STEP][PASSED] - setText(findTestObject("RecAndPlayBk/Page-Vlink-Debit/input_Check Type"), checkType): Text 'P' is set on object 'Object Repository/RecAndPlayBk/Page-Vlink-Debit/input_Check Type'

2023-02-15 23:19:12 - [MESSAGE][PASSED] - Text 'P' is set on object 'Object Repository/RecAndPlayBk/Page-Vlink-Debit/input_Check Type'

2023-02-15 23:19:12 - [TEST_STEP][PASSED] - setText(findTestObject("RecAndPlayBk/Page-Vlink-Debit/input_Account_check"), acNumber): Text '58963214' is set on object 'Object Repository/RecAndPlayBk/Page-Vlink-Debit/input_Account_check'

2023-02-15 23:19:13 - [MESSAGE][PASSED] - Text '58963214' is set on object 'Object Repository/RecAndPlayBk/Page-Vlink-Debit/input_Account_check'

2023-02-15 23:19:13 - [TEST_STEP][PASSED] - setText(findTestObject("RecAndPlayBk/Page-Vlink-Debit/input_Company_check"), company): Text '' is set on object 'Object Repository/RecAndPlayBk/Page-Vlink-Debit/input_Company_check'

2023-02-15 23:19:13 - [MESSAGE][PASSED] - Text '' is set on object 'Object Repository/RecAndPlayBk/Page-Vlink-Debit/input_Company_check'

2023-02-15 23:19:13 - [TEST_STEP][PASSED] - setText(findTestObject("RecAndPlayBk/Page-Vlink-Debit/input_Account Type"), acType): Text '1' is set on object 'Object Repository/RecAndPlayBk/Page-Vlink-Debit/input_Account Type'

2023-02-15 23:19:14 - [MESSAGE][PASSED] - Text '1' is set on object 'Object Repository/RecAndPlayBk/Page-Vlink-Debit/input_Account Type'

2023-02-15 23:19:14 - [TEST_STEP][PASSED] - setText(findTestObject("RecAndPlayBk/Page-Vlink-Debit/input_Routing Number"), rtn): Text '256072691' is set on object 'Object Repository/RecAndPlayBk/Page-Vlink-Debit/input_Routing Number'

2023-02-15 23:19:15 - [MESSAGE][PASSED] - Text '256072691' is set on object 'Object Repository/RecAndPlayBk/Page-Vlink-Debit/input_Routing Number'

2023-02-15 23:19:15 - [TEST_STEP][PASSED] - setText(findTestObject("RecAndPlayBk/Page-Vlink-Debit/input_Amount"), amount): Text '12.50' is set on object 'Object Repository/RecAndPlayBk/Page-Vlink-Debit/input_Amount'

2023-02-15 23:19:15 - [MESSAGE][PASSED] - Text '12.50' is set on object 'Object Repository/RecAndPlayBk/Page-Vlink-Debit/input_Amount'

2023-02-15 23:19:15 - [TEST_STEP][PASSED] - setText(findTestObject("RecAndPlayBk/Page-Vlink-Debit/input_Check Email"), ""): Text '' is set on object 'Object Repository/RecAndPlayBk/Page-Vlink-Debit/input_Check Email'

2023-02-15 23:19:16 - [MESSAGE][PASSED] - Text '' is set on object 'Object Repository/RecAndPlayBk/Page-Vlink-Debit/input_Check Email'

2023-02-15 23:19:16 - [TEST_STEP][PASSED] - setText(findTestObject("Object Repository/RecAndPlayBk/Page-Vlink-Debit/input_concat(CheckWriter, , s SSN)_check_ssn"), ""): Text '' is set on object 'Object Repository/RecAndPlayBk/Page-Vlink-Debit/input_concat(CheckWriter, , s SSN)_check_ssn'

2023-02-15 23:19:17 - [MESSAGE][PASSED] - Text '' is set on object 'Object Repository/RecAndPlayBk/Page-Vlink-Debit/input_concat(CheckWriter, , s SSN)_check_ssn'

2023-02-15 23:19:17 - [TEST_STEP][PASSED] - setText(findTestObject("Object Repository/RecAndPlayBk/Page-Vlink-Debit/input_concat(CheckWriter, , s License Numbe_020fef"), ""): Text '' is set on object 'Object Repository/RecAndPlayBk/Page-Vlink-Debit/input_concat(CheckWriter, , s License Numbe_020fef'

2023-02-15 23:19:17 - [MESSAGE][PASSED] - Text '' is set on object 'Object Repository/RecAndPlayBk/Page-Vlink-Debit/input_concat(CheckWriter, , s License Numbe_020fef'

2023-02-15 23:19:17 - [TEST_STEP][PASSED] - setText(findTestObject("Object Repository/RecAndPlayBk/Page-Vlink-Debit/input_concat(CheckWriter, , s License State_21e3e7"), ""): Text '' is set on object 'Object Repository/RecAndPlayBk/Page-Vlink-Debit/input_concat(CheckWriter, , s License State_21e3e7'

2023-02-15 23:19:18 - [MESSAGE][PASSED] - Text '' is set on object 'Object Repository/RecAndPlayBk/Page-Vlink-Debit/input_concat(CheckWriter, , s License State_21e3e7'

2023-02-15 23:19:18 - [TEST_STEP][PASSED] - setText(findTestObject("RecAndPlayBk/Page-Vlink-Debit/input_Standard Entry Class"), sec): Text 'TEL' is set on object 'Object Repository/RecAndPlayBk/Page-Vlink-Debit/input_Standard Entry Class'

2023-02-15 23:19:18 - [MESSAGE][PASSED] - Text 'TEL' is set on object 'Object Repository/RecAndPlayBk/Page-Vlink-Debit/input_Standard Entry Class'

2023-02-15 23:19:18 - [TEST_STEP][PASSED] - click(findTestObject("Object Repository/RecAndPlayBk/Page-Vlink-Debit/input")): Object: 'Object Repository/RecAndPlayBk/Page-Vlink-Debit/input' is clicked on

2023-02-15 23:19:19 - [MESSAGE][PASSED] - Object: 'Object Repository/RecAndPlayBk/Page-Vlink-Debit/input' is clicked on

2023-02-15 23:19:19 - [TEST_STEP][PASSED] - if (verifyTextPresent("Transaction approved, no errors", true)): null

2023-02-15 23:19:20 - [MESSAGE][PASSED] - Text 'Transaction approved, no errors' is present on page  using regular expression

2023-02-15 23:19:20 - [TEST_STEP][PASSED] - println("Transaction Approved, no errors text is present on the Confirmation page"): null

2023-02-15 23:19:20 - [TEST_STEP][PASSED] - sdfo = getText(findTestObject("Object Repository/Page_VLinkReceipt/pre_STX")): Text of object 'Object Repository/Page_VLinkReceipt/pre_STX' is: '<STX>62812|63938|16032             12126749            0  Transaction approved, no errors                   0                                                                                                              <ETX>'

2023-02-15 23:19:20 - [MESSAGE][PASSED] - Text of object 'Object Repository/Page_VLinkReceipt/pre_STX' is: '<STX>62812|63938|16032             12126749            0  Transaction approved, no errors                   0                                                                                                              <ETX>'

2023-02-15 23:19:20 - [TEST_STEP][PASSED] - out.println("sdfo: " + sdfo): null

2023-02-15 23:19:20 - [TEST_STEP][PASSED] - remID = substring(5, 35).trim(): null

2023-02-15 23:19:20 - [TEST_STEP][PASSED] - out.println("remID: " + remID): null

2023-02-15 23:19:20 - [TEST_STEP][PASSED] - traxID = substring(35, 55).trim(): null

2023-02-15 23:19:20 - [TEST_STEP][PASSED] - out.println("traxID: " + traxID): null

2023-02-15 23:19:20 - [TEST_STEP][PASSED] - VLinkSaleRemID = remID: null

2023-02-15 23:19:20 - [TEST_STEP][PASSED] - VLinkSaleTranxID = traxID: null

2023-02-15 23:19:20 - [TEST_STEP][PASSED] - openBrowser(VLinkURL + "ACH_credit.html"): Browser is opened with url: 'https://dev-algorithm.govolution.com/vlinktest/QA/version_2_0/ACH_credit.html'

2023-02-15 23:19:20 - [MESSAGE][WARNING] - A browser is already opened. Closing browser and opening a new one

2023-02-15 23:19:21 - [MESSAGE][INFO] - Starting 'Chrome' driver

2023-02-15 23:19:21 - [MESSAGE][INFO] - User set preference: ['acceptInsecureCerts', 'true']

2023-02-15 23:19:21 - [MESSAGE][INFO] - Action delay is set to 0 milliseconds

2023-02-15 23:19:22 - [MESSAGE][PASSED] - Browser is opened with url: 'https://dev-algorithm.govolution.com/vlinktest/QA/version_2_0/ACH_credit.html'

2023-02-15 23:19:22 - [TEST_STEP][PASSED] - maximizeWindow(): Current window maximized

2023-02-15 23:19:23 - [MESSAGE][PASSED] - Current window maximized

2023-02-15 23:19:23 - [TEST_STEP][PASSED] - setText(findTestObject("Object Repository/RecAndPlayBk/Page-Vlink-ACH-Credit/input_Remittance Id"), VLinkSaleRemID): Text '62812|63938|16032' is set on object 'Object Repository/RecAndPlayBk/Page-Vlink-ACH-Credit/input_Remittance Id'

2023-02-15 23:19:23 - [MESSAGE][PASSED] - Text '62812|63938|16032' is set on object 'Object Repository/RecAndPlayBk/Page-Vlink-ACH-Credit/input_Remittance Id'

2023-02-15 23:19:23 - [TEST_STEP][PASSED] - setText(findTestObject("Object Repository/RecAndPlayBk/Page-Vlink-ACH-Credit/input_Application Id"), appID): Text '234' is set on object 'Object Repository/RecAndPlayBk/Page-Vlink-ACH-Credit/input_Application Id'

2023-02-15 23:19:24 - [MESSAGE][PASSED] - Text '234' is set on object 'Object Repository/RecAndPlayBk/Page-Vlink-ACH-Credit/input_Application Id'

2023-02-15 23:19:24 - [TEST_STEP][PASSED] - setText(findTestObject("Object Repository/RecAndPlayBk/Page-Vlink-ACH-Credit/input_Username"), username): Text 'username' is set on object 'Object Repository/RecAndPlayBk/Page-Vlink-ACH-Credit/input_Username'

2023-02-15 23:19:25 - [MESSAGE][PASSED] - Text 'username' is set on object 'Object Repository/RecAndPlayBk/Page-Vlink-ACH-Credit/input_Username'

2023-02-15 23:19:25 - [TEST_STEP][PASSED] - setText(findTestObject("Object Repository/RecAndPlayBk/Page-Vlink-ACH-Credit/input_Password"), password): Text 'password' is set on object 'Object Repository/RecAndPlayBk/Page-Vlink-ACH-Credit/input_Password'

2023-02-15 23:19:25 - [MESSAGE][PASSED] - Text 'password' is set on object 'Object Repository/RecAndPlayBk/Page-Vlink-ACH-Credit/input_Password'

2023-02-15 23:19:25 - [TEST_STEP][PASSED] - setText(findTestObject("Object Repository/RecAndPlayBk/Page-Vlink-ACH-Credit/input_Check Type"), checkType): Text 'P' is set on object 'Object Repository/RecAndPlayBk/Page-Vlink-ACH-Credit/input_Check Type'

2023-02-15 23:19:26 - [MESSAGE][PASSED] - Text 'P' is set on object 'Object Repository/RecAndPlayBk/Page-Vlink-ACH-Credit/input_Check Type'

2023-02-15 23:19:26 - [TEST_STEP][PASSED] - setText(findTestObject("Object Repository/RecAndPlayBk/Page-Vlink-ACH-Credit/input_Transaction ID"), VLinkSaleTranxID): Text '12126749' is set on object 'Object Repository/RecAndPlayBk/Page-Vlink-ACH-Credit/input_Transaction ID'

2023-02-15 23:19:27 - [MESSAGE][PASSED] - Text '12126749' is set on object 'Object Repository/RecAndPlayBk/Page-Vlink-ACH-Credit/input_Transaction ID'

2023-02-15 23:19:27 - [TEST_STEP][PASSED] - setText(findTestObject("Object Repository/RecAndPlayBk/Page-Vlink-ACH-Credit/input_Amount"), amount): Text '12.50' is set on object 'Object Repository/RecAndPlayBk/Page-Vlink-ACH-Credit/input_Amount'

2023-02-15 23:19:27 - [MESSAGE][PASSED] - Text '12.50' is set on object 'Object Repository/RecAndPlayBk/Page-Vlink-ACH-Credit/input_Amount'

2023-02-15 23:19:27 - [TEST_STEP][PASSED] - setText(findTestObject("Object Repository/RecAndPlayBk/Page-Vlink-ACH-Credit/input_Standard Entry Class"), sec): Text 'TEL' is set on object 'Object Repository/RecAndPlayBk/Page-Vlink-ACH-Credit/input_Standard Entry Class'

2023-02-15 23:19:28 - [MESSAGE][PASSED] - Text 'TEL' is set on object 'Object Repository/RecAndPlayBk/Page-Vlink-ACH-Credit/input_Standard Entry Class'

2023-02-15 23:19:28 - [TEST_STEP][PASSED] - setText(findTestObject("Object Repository/RecAndPlayBk/Page-Vlink-ACH-Credit/input_Account Number"), acNumber): Text '58963214' is set on object 'Object Repository/RecAndPlayBk/Page-Vlink-ACH-Credit/input_Account Number'

2023-02-15 23:19:28 - [MESSAGE][PASSED] - Text '58963214' is set on object 'Object Repository/RecAndPlayBk/Page-Vlink-ACH-Credit/input_Account Number'

2023-02-15 23:19:28 - [TEST_STEP][PASSED] - setText(findTestObject("Object Repository/RecAndPlayBk/Page-Vlink-ACH-Credit/input_Routing Number"), rtn): Text '256072691' is set on object 'Object Repository/RecAndPlayBk/Page-Vlink-ACH-Credit/input_Routing Number'

2023-02-15 23:19:29 - [MESSAGE][PASSED] - Text '256072691' is set on object 'Object Repository/RecAndPlayBk/Page-Vlink-ACH-Credit/input_Routing Number'

2023-02-15 23:19:29 - [TEST_STEP][PASSED] - click(findTestObject("Object Repository/RecAndPlayBk/Page-Vlink-ACH-Credit/input")): Object: 'Object Repository/RecAndPlayBk/Page-Vlink-ACH-Credit/input' is clicked on

2023-02-15 23:19:30 - [MESSAGE][PASSED] - Object: 'Object Repository/RecAndPlayBk/Page-Vlink-ACH-Credit/input' is clicked on

2023-02-15 23:19:30 - [TEST_STEP][PASSED] - if (verifyTextPresent("Transaction approved, no errors", true)): null

2023-02-15 23:19:30 - [MESSAGE][PASSED] - Text 'Transaction approved, no errors' is present on page  using regular expression

2023-02-15 23:19:30 - [TEST_STEP][PASSED] - println("Transaction Approved, no errors text is present on the Confirmation page"): null

2023-02-15 23:19:30 - [TEST_STEP][PASSED] - out.println("Pass Record Number: " + row): null

2023-02-15 23:19:30 - [TEST_STEP][PASSED] - resText = "Pass": null

2023-02-15 23:19:30 - [TEST_STEP][PASSED] - pages.WriteExcel.demoKey(resText, datText, resColumn, datCloumn, fileLoc, nameSheet, row): pages.WriteExcel.demoKey is PASSED

2023-02-15 23:19:30 - [MESSAGE][PASSED] - pages.WriteExcel.demoKey is PASSED

2023-02-15 23:19:30 - [TEST_STEP][PASSED] - ExecuteTC = findTestData(dataFile).getValue("Execute", row): null

2023-02-15 23:19:30 - [TEST_STEP][PASSED] - out.println("Value of Execute is : " + ExecuteTC): null

2023-02-15 23:19:30 - [TEST_STEP][PASSED] - switch (executionProfile): null

2023-02-15 23:19:30 - [TEST_STEP][PASSED] - case "QAProfile":: null

2023-02-15 23:19:30 - [TEST_STEP][PASSED] - appID = findTestData(dataFile).getValue("AppIDQA", row): null

2023-02-15 23:19:30 - [TEST_STEP][PASSED] - username = findTestData(dataFile).getValue("UsernameQA", row): null

2023-02-15 23:19:30 - [TEST_STEP][PASSED] - password = findTestData(dataFile).getValue("PasswordQA", row): null

2023-02-15 23:19:30 - [TEST_STEP][PASSED] - break: null

2023-02-15 23:19:30 - [TEST_STEP][PASSED] - if (ExecuteTC.equalsIgnoreCase("Y")): null

2023-02-15 23:19:30 - [TEST_STEP][PASSED] - out.println("Begin Record Number: " + row): null

2023-02-15 23:19:30 - [TEST_STEP][PASSED] - today = new java.util.Date(): null

2023-02-15 23:19:30 - [TEST_STEP][PASSED] - println(today): null

2023-02-15 23:19:30 - [TEST_STEP][PASSED] - datText = today: null

2023-02-15 23:19:30 - [TEST_STEP][PASSED] - checkType = findTestData(dataFile).getValue("CheckType", row): null

2023-02-15 23:19:30 - [TEST_STEP][PASSED] - acNumber = findTestData(dataFile).getValue("AcNumber", row): null

2023-02-15 23:19:31 - [TEST_STEP][PASSED] - company = findTestData(dataFile).getValue("Company", row): null

2023-02-15 23:19:31 - [TEST_STEP][PASSED] - acType = findTestData(dataFile).getValue("AcType", row): null

2023-02-15 23:19:31 - [TEST_STEP][PASSED] - rtn = findTestData(dataFile).getValue("RTN", row): null

2023-02-15 23:19:31 - [TEST_STEP][PASSED] - amount = findTestData(dataFile).getValue("Amount", row): null

2023-02-15 23:19:31 - [TEST_STEP][PASSED] - sec = findTestData(dataFile).getValue("SEC", row): null

2023-02-15 23:19:31 - [TEST_STEP][PASSED] - openBrowser(VLinkURL + "debit.html"): Browser is opened with url: 'https://dev-algorithm.govolution.com/vlinktest/QA/version_2_0/debit.html'

2023-02-15 23:19:31 - [MESSAGE][WARNING] - A browser is already opened. Closing browser and opening a new one

2023-02-15 23:19:32 - [MESSAGE][INFO] - Starting 'Chrome' driver

2023-02-15 23:19:32 - [MESSAGE][INFO] - User set preference: ['acceptInsecureCerts', 'true']

2023-02-15 23:19:32 - [MESSAGE][INFO] - Action delay is set to 0 milliseconds

2023-02-15 23:19:34 - [MESSAGE][PASSED] - Browser is opened with url: 'https://dev-algorithm.govolution.com/vlinktest/QA/version_2_0/debit.html'

2023-02-15 23:19:34 - [TEST_STEP][PASSED] - maximizeWindow(): Current window maximized

2023-02-15 23:19:34 - [MESSAGE][PASSED] - Current window maximized

2023-02-15 23:19:34 - [TEST_STEP][PASSED] - genRemID1 = random() * 99999).toInteger(): null

2023-02-15 23:19:34 - [TEST_STEP][PASSED] - genRemID2 = random() * 99999).toInteger(): null

2023-02-15 23:19:34 - [TEST_STEP][PASSED] - genRemID3 = random() * 99999).toInteger(): null

2023-02-15 23:19:34 - [TEST_STEP][PASSED] - println(genRemID1): null

2023-02-15 23:19:34 - [TEST_STEP][PASSED] - println(genRemID2): null

2023-02-15 23:19:34 - [TEST_STEP][PASSED] - println(genRemID3): null

2023-02-15 23:19:34 - [TEST_STEP][PASSED] - genRemID = genRemID1 + "|" + genRemID2 + "|" + genRemID3: null

2023-02-15 23:19:34 - [TEST_STEP][PASSED] - println(genRemID): null

2023-02-15 23:19:34 - [TEST_STEP][PASSED] - setText(findTestObject("RecAndPlayBk/Page-Vlink-Debit/input_Remittance Id"), genRemID): Text '21443|70706|7455' is set on object 'Object Repository/RecAndPlayBk/Page-Vlink-Debit/input_Remittance Id'

2023-02-15 23:19:34 - [MESSAGE][PASSED] - Text '21443|70706|7455' is set on object 'Object Repository/RecAndPlayBk/Page-Vlink-Debit/input_Remittance Id'

2023-02-15 23:19:34 - [TEST_STEP][PASSED] - setText(findTestObject("RecAndPlayBk/Page-Vlink-Debit/input_Application Id"), appID): Text '234' is set on object 'Object Repository/RecAndPlayBk/Page-Vlink-Debit/input_Application Id'

2023-02-15 23:19:35 - [MESSAGE][PASSED] - Text '234' is set on object 'Object Repository/RecAndPlayBk/Page-Vlink-Debit/input_Application Id'

2023-02-15 23:19:35 - [TEST_STEP][PASSED] - setText(findTestObject("RecAndPlayBk/Page-Vlink-Debit/input_Username"), username): Text 'username' is set on object 'Object Repository/RecAndPlayBk/Page-Vlink-Debit/input_Username'

2023-02-15 23:19:36 - [MESSAGE][PASSED] - Text 'username' is set on object 'Object Repository/RecAndPlayBk/Page-Vlink-Debit/input_Username'

2023-02-15 23:19:36 - [TEST_STEP][PASSED] - setText(findTestObject("RecAndPlayBk/Page-Vlink-Debit/input_Password"), password): Text 'password' is set on object 'Object Repository/RecAndPlayBk/Page-Vlink-Debit/input_Password'

2023-02-15 23:19:36 - [MESSAGE][PASSED] - Text 'password' is set on object 'Object Repository/RecAndPlayBk/Page-Vlink-Debit/input_Password'

2023-02-15 23:19:36 - [TEST_STEP][PASSED] - setText(findTestObject("RecAndPlayBk/Page-Vlink-Debit/input_Check Type"), checkType): Text 'P' is set on object 'Object Repository/RecAndPlayBk/Page-Vlink-Debit/input_Check Type'

2023-02-15 23:19:37 - [MESSAGE][PASSED] - Text 'P' is set on object 'Object Repository/RecAndPlayBk/Page-Vlink-Debit/input_Check Type'

2023-02-15 23:19:37 - [TEST_STEP][PASSED] - setText(findTestObject("RecAndPlayBk/Page-Vlink-Debit/input_Account_check"), acNumber): Text '58963214' is set on object 'Object Repository/RecAndPlayBk/Page-Vlink-Debit/input_Account_check'

2023-02-15 23:19:38 - [MESSAGE][PASSED] - Text '58963214' is set on object 'Object Repository/RecAndPlayBk/Page-Vlink-Debit/input_Account_check'

2023-02-15 23:19:38 - [TEST_STEP][PASSED] - setText(findTestObject("RecAndPlayBk/Page-Vlink-Debit/input_Company_check"), company): Text '' is set on object 'Object Repository/RecAndPlayBk/Page-Vlink-Debit/input_Company_check'

2023-02-15 23:19:38 - [MESSAGE][PASSED] - Text '' is set on object 'Object Repository/RecAndPlayBk/Page-Vlink-Debit/input_Company_check'

2023-02-15 23:19:38 - [TEST_STEP][PASSED] - setText(findTestObject("RecAndPlayBk/Page-Vlink-Debit/input_Account Type"), acType): Text '1' is set on object 'Object Repository/RecAndPlayBk/Page-Vlink-Debit/input_Account Type'

2023-02-15 23:19:39 - [MESSAGE][PASSED] - Text '1' is set on object 'Object Repository/RecAndPlayBk/Page-Vlink-Debit/input_Account Type'

2023-02-15 23:19:39 - [TEST_STEP][PASSED] - setText(findTestObject("RecAndPlayBk/Page-Vlink-Debit/input_Routing Number"), rtn): Text '256072691' is set on object 'Object Repository/RecAndPlayBk/Page-Vlink-Debit/input_Routing Number'

2023-02-15 23:19:39 - [MESSAGE][PASSED] - Text '256072691' is set on object 'Object Repository/RecAndPlayBk/Page-Vlink-Debit/input_Routing Number'

2023-02-15 23:19:39 - [TEST_STEP][PASSED] - setText(findTestObject("RecAndPlayBk/Page-Vlink-Debit/input_Amount"), amount): Text '12.50' is set on object 'Object Repository/RecAndPlayBk/Page-Vlink-Debit/input_Amount'

2023-02-15 23:19:40 - [MESSAGE][PASSED] - Text '12.50' is set on object 'Object Repository/RecAndPlayBk/Page-Vlink-Debit/input_Amount'

2023-02-15 23:19:40 - [TEST_STEP][PASSED] - setText(findTestObject("RecAndPlayBk/Page-Vlink-Debit/input_Check Email"), ""): Text '' is set on object 'Object Repository/RecAndPlayBk/Page-Vlink-Debit/input_Check Email'

2023-02-15 23:19:41 - [MESSAGE][PASSED] - Text '' is set on object 'Object Repository/RecAndPlayBk/Page-Vlink-Debit/input_Check Email'

2023-02-15 23:19:41 - [TEST_STEP][PASSED] - setText(findTestObject("Object Repository/RecAndPlayBk/Page-Vlink-Debit/input_concat(CheckWriter, , s SSN)_check_ssn"), ""): Text '' is set on object 'Object Repository/RecAndPlayBk/Page-Vlink-Debit/input_concat(CheckWriter, , s SSN)_check_ssn'

2023-02-15 23:19:41 - [MESSAGE][PASSED] - Text '' is set on object 'Object Repository/RecAndPlayBk/Page-Vlink-Debit/input_concat(CheckWriter, , s SSN)_check_ssn'

2023-02-15 23:19:41 - [TEST_STEP][PASSED] - setText(findTestObject("Object Repository/RecAndPlayBk/Page-Vlink-Debit/input_concat(CheckWriter, , s License Numbe_020fef"), ""): Text '' is set on object 'Object Repository/RecAndPlayBk/Page-Vlink-Debit/input_concat(CheckWriter, , s License Numbe_020fef'

2023-02-15 23:19:42 - [MESSAGE][PASSED] - Text '' is set on object 'Object Repository/RecAndPlayBk/Page-Vlink-Debit/input_concat(CheckWriter, , s License Numbe_020fef'

2023-02-15 23:19:42 - [TEST_STEP][PASSED] - setText(findTestObject("Object Repository/RecAndPlayBk/Page-Vlink-Debit/input_concat(CheckWriter, , s License State_21e3e7"), ""): Text '' is set on object 'Object Repository/RecAndPlayBk/Page-Vlink-Debit/input_concat(CheckWriter, , s License State_21e3e7'

2023-02-15 23:19:43 - [MESSAGE][PASSED] - Text '' is set on object 'Object Repository/RecAndPlayBk/Page-Vlink-Debit/input_concat(CheckWriter, , s License State_21e3e7'

2023-02-15 23:19:43 - [TEST_STEP][PASSED] - setText(findTestObject("RecAndPlayBk/Page-Vlink-Debit/input_Standard Entry Class"), sec): Text 'PPD' is set on object 'Object Repository/RecAndPlayBk/Page-Vlink-Debit/input_Standard Entry Class'

2023-02-15 23:19:43 - [MESSAGE][PASSED] - Text 'PPD' is set on object 'Object Repository/RecAndPlayBk/Page-Vlink-Debit/input_Standard Entry Class'

2023-02-15 23:19:43 - [TEST_STEP][PASSED] - click(findTestObject("Object Repository/RecAndPlayBk/Page-Vlink-Debit/input")): Object: 'Object Repository/RecAndPlayBk/Page-Vlink-Debit/input' is clicked on

2023-02-15 23:19:44 - [MESSAGE][PASSED] - Object: 'Object Repository/RecAndPlayBk/Page-Vlink-Debit/input' is clicked on

2023-02-15 23:19:44 - [TEST_STEP][PASSED] - if (verifyTextPresent("Transaction approved, no errors", true)): null

2023-02-15 23:19:44 - [MESSAGE][PASSED] - Text 'Transaction approved, no errors' is present on page  using regular expression

2023-02-15 23:19:44 - [TEST_STEP][PASSED] - println("Transaction Approved, no errors text is present on the Confirmation page"): null

2023-02-15 23:19:44 - [TEST_STEP][PASSED] - sdfo = getText(findTestObject("Object Repository/Page_VLinkReceipt/pre_STX")): Text of object 'Object Repository/Page_VLinkReceipt/pre_STX' is: '<STX>21443|70706|7455              12126751            0  Transaction approved, no errors                   0                                                                                                              <ETX>'

2023-02-15 23:19:45 - [MESSAGE][PASSED] - Text of object 'Object Repository/Page_VLinkReceipt/pre_STX' is: '<STX>21443|70706|7455              12126751            0  Transaction approved, no errors                   0                                                                                                              <ETX>'

2023-02-15 23:19:45 - [TEST_STEP][PASSED] - out.println("sdfo: " + sdfo): null

2023-02-15 23:19:45 - [TEST_STEP][PASSED] - remID = substring(5, 35).trim(): null

2023-02-15 23:19:45 - [TEST_STEP][PASSED] - out.println("remID: " + remID): null

2023-02-15 23:19:45 - [TEST_STEP][PASSED] - traxID = substring(35, 55).trim(): null

2023-02-15 23:19:45 - [TEST_STEP][PASSED] - out.println("traxID: " + traxID): null

2023-02-15 23:19:45 - [TEST_STEP][PASSED] - VLinkSaleRemID = remID: null

2023-02-15 23:19:45 - [TEST_STEP][PASSED] - VLinkSaleTranxID = traxID: null

2023-02-15 23:19:45 - [TEST_STEP][PASSED] - openBrowser(VLinkURL + "ACH_credit.html"): Browser is opened with url: 'https://dev-algorithm.govolution.com/vlinktest/QA/version_2_0/ACH_credit.html'

2023-02-15 23:19:45 - [MESSAGE][WARNING] - A browser is already opened. Closing browser and opening a new one

2023-02-15 23:19:46 - [MESSAGE][INFO] - Starting 'Chrome' driver

2023-02-15 23:19:46 - [MESSAGE][INFO] - User set preference: ['acceptInsecureCerts', 'true']

2023-02-15 23:19:46 - [MESSAGE][INFO] - Action delay is set to 0 milliseconds

2023-02-15 23:19:47 - [MESSAGE][PASSED] - Browser is opened with url: 'https://dev-algorithm.govolution.com/vlinktest/QA/version_2_0/ACH_credit.html'

2023-02-15 23:19:47 - [TEST_STEP][PASSED] - maximizeWindow(): Current window maximized

2023-02-15 23:19:47 - [MESSAGE][PASSED] - Current window maximized

2023-02-15 23:19:47 - [TEST_STEP][PASSED] - setText(findTestObject("Object Repository/RecAndPlayBk/Page-Vlink-ACH-Credit/input_Remittance Id"), VLinkSaleRemID): Text '21443|70706|7455' is set on object 'Object Repository/RecAndPlayBk/Page-Vlink-ACH-Credit/input_Remittance Id'

2023-02-15 23:19:48 - [MESSAGE][PASSED] - Text '21443|70706|7455' is set on object 'Object Repository/RecAndPlayBk/Page-Vlink-ACH-Credit/input_Remittance Id'

2023-02-15 23:19:48 - [TEST_STEP][PASSED] - setText(findTestObject("Object Repository/RecAndPlayBk/Page-Vlink-ACH-Credit/input_Application Id"), appID): Text '234' is set on object 'Object Repository/RecAndPlayBk/Page-Vlink-ACH-Credit/input_Application Id'

2023-02-15 23:19:49 - [MESSAGE][PASSED] - Text '234' is set on object 'Object Repository/RecAndPlayBk/Page-Vlink-ACH-Credit/input_Application Id'

2023-02-15 23:19:49 - [TEST_STEP][PASSED] - setText(findTestObject("Object Repository/RecAndPlayBk/Page-Vlink-ACH-Credit/input_Username"), username): Text 'username' is set on object 'Object Repository/RecAndPlayBk/Page-Vlink-ACH-Credit/input_Username'

2023-02-15 23:19:49 - [MESSAGE][PASSED] - Text 'username' is set on object 'Object Repository/RecAndPlayBk/Page-Vlink-ACH-Credit/input_Username'

2023-02-15 23:19:49 - [TEST_STEP][PASSED] - setText(findTestObject("Object Repository/RecAndPlayBk/Page-Vlink-ACH-Credit/input_Password"), password): Text 'password' is set on object 'Object Repository/RecAndPlayBk/Page-Vlink-ACH-Credit/input_Password'

2023-02-15 23:19:50 - [MESSAGE][PASSED] - Text 'password' is set on object 'Object Repository/RecAndPlayBk/Page-Vlink-ACH-Credit/input_Password'

2023-02-15 23:19:50 - [TEST_STEP][PASSED] - setText(findTestObject("Object Repository/RecAndPlayBk/Page-Vlink-ACH-Credit/input_Check Type"), checkType): Text 'P' is set on object 'Object Repository/RecAndPlayBk/Page-Vlink-ACH-Credit/input_Check Type'

2023-02-15 23:19:51 - [MESSAGE][PASSED] - Text 'P' is set on object 'Object Repository/RecAndPlayBk/Page-Vlink-ACH-Credit/input_Check Type'

2023-02-15 23:19:51 - [TEST_STEP][PASSED] - setText(findTestObject("Object Repository/RecAndPlayBk/Page-Vlink-ACH-Credit/input_Transaction ID"), VLinkSaleTranxID): Text '12126751' is set on object 'Object Repository/RecAndPlayBk/Page-Vlink-ACH-Credit/input_Transaction ID'

2023-02-15 23:19:51 - [MESSAGE][PASSED] - Text '12126751' is set on object 'Object Repository/RecAndPlayBk/Page-Vlink-ACH-Credit/input_Transaction ID'

2023-02-15 23:19:51 - [TEST_STEP][PASSED] - setText(findTestObject("Object Repository/RecAndPlayBk/Page-Vlink-ACH-Credit/input_Amount"), amount): Text '12.50' is set on object 'Object Repository/RecAndPlayBk/Page-Vlink-ACH-Credit/input_Amount'

2023-02-15 23:19:52 - [MESSAGE][PASSED] - Text '12.50' is set on object 'Object Repository/RecAndPlayBk/Page-Vlink-ACH-Credit/input_Amount'

2023-02-15 23:19:52 - [TEST_STEP][PASSED] - setText(findTestObject("Object Repository/RecAndPlayBk/Page-Vlink-ACH-Credit/input_Standard Entry Class"), sec): Text 'PPD' is set on object 'Object Repository/RecAndPlayBk/Page-Vlink-ACH-Credit/input_Standard Entry Class'

2023-02-15 23:19:52 - [MESSAGE][PASSED] - Text 'PPD' is set on object 'Object Repository/RecAndPlayBk/Page-Vlink-ACH-Credit/input_Standard Entry Class'

2023-02-15 23:19:52 - [TEST_STEP][PASSED] - setText(findTestObject("Object Repository/RecAndPlayBk/Page-Vlink-ACH-Credit/input_Account Number"), acNumber): Text '58963214' is set on object 'Object Repository/RecAndPlayBk/Page-Vlink-ACH-Credit/input_Account Number'

2023-02-15 23:19:53 - [MESSAGE][PASSED] - Text '58963214' is set on object 'Object Repository/RecAndPlayBk/Page-Vlink-ACH-Credit/input_Account Number'

2023-02-15 23:19:53 - [TEST_STEP][PASSED] - setText(findTestObject("Object Repository/RecAndPlayBk/Page-Vlink-ACH-Credit/input_Routing Number"), rtn): Text '256072691' is set on object 'Object Repository/RecAndPlayBk/Page-Vlink-ACH-Credit/input_Routing Number'

2023-02-15 23:19:54 - [MESSAGE][PASSED] - Text '256072691' is set on object 'Object Repository/RecAndPlayBk/Page-Vlink-ACH-Credit/input_Routing Number'

2023-02-15 23:19:54 - [TEST_STEP][PASSED] - click(findTestObject("Object Repository/RecAndPlayBk/Page-Vlink-ACH-Credit/input")): Object: 'Object Repository/RecAndPlayBk/Page-Vlink-ACH-Credit/input' is clicked on

2023-02-15 23:19:54 - [MESSAGE][PASSED] - Object: 'Object Repository/RecAndPlayBk/Page-Vlink-ACH-Credit/input' is clicked on

2023-02-15 23:19:54 - [TEST_STEP][PASSED] - if (verifyTextPresent("Transaction approved, no errors", true)): null

2023-02-15 23:19:55 - [MESSAGE][PASSED] - Text 'Transaction approved, no errors' is present on page  using regular expression

2023-02-15 23:19:55 - [TEST_STEP][PASSED] - println("Transaction Approved, no errors text is present on the Confirmation page"): null

2023-02-15 23:19:55 - [TEST_STEP][PASSED] - out.println("Pass Record Number: " + row): null

2023-02-15 23:19:55 - [TEST_STEP][PASSED] - resText = "Pass": null

2023-02-15 23:19:55 - [TEST_STEP][PASSED] - pages.WriteExcel.demoKey(resText, datText, resColumn, datCloumn, fileLoc, nameSheet, row): pages.WriteExcel.demoKey is PASSED

2023-02-15 23:19:55 - [MESSAGE][PASSED] - pages.WriteExcel.demoKey is PASSED

2023-02-15 23:19:55 - [TEST_STEP][PASSED] - ExecuteTC = findTestData(dataFile).getValue("Execute", row): null

2023-02-15 23:19:55 - [TEST_STEP][PASSED] - out.println("Value of Execute is : " + ExecuteTC): null

2023-02-15 23:19:55 - [TEST_STEP][PASSED] - switch (executionProfile): null

2023-02-15 23:19:55 - [TEST_STEP][PASSED] - case "QAProfile":: null

2023-02-15 23:19:55 - [TEST_STEP][PASSED] - appID = findTestData(dataFile).getValue("AppIDQA", row): null

2023-02-15 23:19:55 - [TEST_STEP][PASSED] - username = findTestData(dataFile).getValue("UsernameQA", row): null

2023-02-15 23:19:55 - [TEST_STEP][PASSED] - password = findTestData(dataFile).getValue("PasswordQA", row): null

2023-02-15 23:19:55 - [TEST_STEP][PASSED] - break: null

2023-02-15 23:19:55 - [TEST_STEP][PASSED] - if (ExecuteTC.equalsIgnoreCase("Y")): null

2023-02-15 23:19:55 - [TEST_STEP][PASSED] - out.println("Begin Record Number: " + row): null

2023-02-15 23:19:55 - [TEST_STEP][PASSED] - today = new java.util.Date(): null

2023-02-15 23:19:55 - [TEST_STEP][PASSED] - println(today): null

2023-02-15 23:19:55 - [TEST_STEP][PASSED] - datText = today: null

2023-02-15 23:19:55 - [TEST_STEP][PASSED] - checkType = findTestData(dataFile).getValue("CheckType", row): null

2023-02-15 23:19:55 - [TEST_STEP][PASSED] - acNumber = findTestData(dataFile).getValue("AcNumber", row): null

2023-02-15 23:19:55 - [TEST_STEP][PASSED] - company = findTestData(dataFile).getValue("Company", row): null

2023-02-15 23:19:55 - [TEST_STEP][PASSED] - acType = findTestData(dataFile).getValue("AcType", row): null

2023-02-15 23:19:55 - [TEST_STEP][PASSED] - rtn = findTestData(dataFile).getValue("RTN", row): null

2023-02-15 23:19:55 - [TEST_STEP][PASSED] - amount = findTestData(dataFile).getValue("Amount", row): null

2023-02-15 23:19:55 - [TEST_STEP][PASSED] - sec = findTestData(dataFile).getValue("SEC", row): null

2023-02-15 23:19:55 - [TEST_STEP][PASSED] - openBrowser(VLinkURL + "debit.html"): Browser is opened with url: 'https://dev-algorithm.govolution.com/vlinktest/QA/version_2_0/debit.html'

2023-02-15 23:19:55 - [MESSAGE][WARNING] - A browser is already opened. Closing browser and opening a new one

2023-02-15 23:19:56 - [MESSAGE][INFO] - Starting 'Chrome' driver

2023-02-15 23:19:56 - [MESSAGE][INFO] - User set preference: ['acceptInsecureCerts', 'true']

2023-02-15 23:19:56 - [MESSAGE][INFO] - Action delay is set to 0 milliseconds

2023-02-15 23:19:58 - [MESSAGE][PASSED] - Browser is opened with url: 'https://dev-algorithm.govolution.com/vlinktest/QA/version_2_0/debit.html'

2023-02-15 23:19:58 - [TEST_STEP][PASSED] - maximizeWindow(): Current window maximized

2023-02-15 23:19:58 - [MESSAGE][PASSED] - Current window maximized

2023-02-15 23:19:58 - [TEST_STEP][PASSED] - genRemID1 = random() * 99999).toInteger(): null

2023-02-15 23:19:58 - [TEST_STEP][PASSED] - genRemID2 = random() * 99999).toInteger(): null

2023-02-15 23:19:58 - [TEST_STEP][PASSED] - genRemID3 = random() * 99999).toInteger(): null

2023-02-15 23:19:58 - [TEST_STEP][PASSED] - println(genRemID1): null

2023-02-15 23:19:58 - [TEST_STEP][PASSED] - println(genRemID2): null

2023-02-15 23:19:58 - [TEST_STEP][PASSED] - println(genRemID3): null

2023-02-15 23:19:58 - [TEST_STEP][PASSED] - genRemID = genRemID1 + "|" + genRemID2 + "|" + genRemID3: null

2023-02-15 23:19:58 - [TEST_STEP][PASSED] - println(genRemID): null

2023-02-15 23:19:58 - [TEST_STEP][PASSED] - setText(findTestObject("RecAndPlayBk/Page-Vlink-Debit/input_Remittance Id"), genRemID): Text '34791|49551|69888' is set on object 'Object Repository/RecAndPlayBk/Page-Vlink-Debit/input_Remittance Id'

2023-02-15 23:19:59 - [MESSAGE][PASSED] - Text '34791|49551|69888' is set on object 'Object Repository/RecAndPlayBk/Page-Vlink-Debit/input_Remittance Id'

2023-02-15 23:19:59 - [TEST_STEP][PASSED] - setText(findTestObject("RecAndPlayBk/Page-Vlink-Debit/input_Application Id"), appID): Text '234' is set on object 'Object Repository/RecAndPlayBk/Page-Vlink-Debit/input_Application Id'

2023-02-15 23:20:00 - [MESSAGE][PASSED] - Text '234' is set on object 'Object Repository/RecAndPlayBk/Page-Vlink-Debit/input_Application Id'

2023-02-15 23:20:00 - [TEST_STEP][PASSED] - setText(findTestObject("RecAndPlayBk/Page-Vlink-Debit/input_Username"), username): Text 'username' is set on object 'Object Repository/RecAndPlayBk/Page-Vlink-Debit/input_Username'

2023-02-15 23:20:00 - [MESSAGE][PASSED] - Text 'username' is set on object 'Object Repository/RecAndPlayBk/Page-Vlink-Debit/input_Username'

2023-02-15 23:20:00 - [TEST_STEP][PASSED] - setText(findTestObject("RecAndPlayBk/Page-Vlink-Debit/input_Password"), password): Text 'password' is set on object 'Object Repository/RecAndPlayBk/Page-Vlink-Debit/input_Password'

2023-02-15 23:20:01 - [MESSAGE][PASSED] - Text 'password' is set on object 'Object Repository/RecAndPlayBk/Page-Vlink-Debit/input_Password'

2023-02-15 23:20:01 - [TEST_STEP][PASSED] - setText(findTestObject("RecAndPlayBk/Page-Vlink-Debit/input_Check Type"), checkType): Text 'P' is set on object 'Object Repository/RecAndPlayBk/Page-Vlink-Debit/input_Check Type'

2023-02-15 23:20:02 - [MESSAGE][PASSED] - Text 'P' is set on object 'Object Repository/RecAndPlayBk/Page-Vlink-Debit/input_Check Type'

2023-02-15 23:20:02 - [TEST_STEP][PASSED] - setText(findTestObject("RecAndPlayBk/Page-Vlink-Debit/input_Account_check"), acNumber): Text '58963214' is set on object 'Object Repository/RecAndPlayBk/Page-Vlink-Debit/input_Account_check'

2023-02-15 23:20:02 - [MESSAGE][PASSED] - Text '58963214' is set on object 'Object Repository/RecAndPlayBk/Page-Vlink-Debit/input_Account_check'

2023-02-15 23:20:02 - [TEST_STEP][PASSED] - setText(findTestObject("RecAndPlayBk/Page-Vlink-Debit/input_Company_check"), company): Text '' is set on object 'Object Repository/RecAndPlayBk/Page-Vlink-Debit/input_Company_check'

2023-02-15 23:20:03 - [MESSAGE][PASSED] - Text '' is set on object 'Object Repository/RecAndPlayBk/Page-Vlink-Debit/input_Company_check'

2023-02-15 23:20:03 - [TEST_STEP][PASSED] - setText(findTestObject("RecAndPlayBk/Page-Vlink-Debit/input_Account Type"), acType): Text '2' is set on object 'Object Repository/RecAndPlayBk/Page-Vlink-Debit/input_Account Type'

2023-02-15 23:20:03 - [MESSAGE][PASSED] - Text '2' is set on object 'Object Repository/RecAndPlayBk/Page-Vlink-Debit/input_Account Type'

2023-02-15 23:20:03 - [TEST_STEP][PASSED] - setText(findTestObject("RecAndPlayBk/Page-Vlink-Debit/input_Routing Number"), rtn): Text '256072691' is set on object 'Object Repository/RecAndPlayBk/Page-Vlink-Debit/input_Routing Number'

2023-02-15 23:20:04 - [MESSAGE][PASSED] - Text '256072691' is set on object 'Object Repository/RecAndPlayBk/Page-Vlink-Debit/input_Routing Number'

2023-02-15 23:20:04 - [TEST_STEP][PASSED] - setText(findTestObject("RecAndPlayBk/Page-Vlink-Debit/input_Amount"), amount): Text '12.50' is set on object 'Object Repository/RecAndPlayBk/Page-Vlink-Debit/input_Amount'

2023-02-15 23:20:05 - [MESSAGE][PASSED] - Text '12.50' is set on object 'Object Repository/RecAndPlayBk/Page-Vlink-Debit/input_Amount'

2023-02-15 23:20:05 - [TEST_STEP][PASSED] - setText(findTestObject("RecAndPlayBk/Page-Vlink-Debit/input_Check Email"), ""): Text '' is set on object 'Object Repository/RecAndPlayBk/Page-Vlink-Debit/input_Check Email'

2023-02-15 23:20:05 - [MESSAGE][PASSED] - Text '' is set on object 'Object Repository/RecAndPlayBk/Page-Vlink-Debit/input_Check Email'

2023-02-15 23:20:05 - [TEST_STEP][PASSED] - setText(findTestObject("Object Repository/RecAndPlayBk/Page-Vlink-Debit/input_concat(CheckWriter, , s SSN)_check_ssn"), ""): Text '' is set on object 'Object Repository/RecAndPlayBk/Page-Vlink-Debit/input_concat(CheckWriter, , s SSN)_check_ssn'

2023-02-15 23:20:06 - [MESSAGE][PASSED] - Text '' is set on object 'Object Repository/RecAndPlayBk/Page-Vlink-Debit/input_concat(CheckWriter, , s SSN)_check_ssn'

2023-02-15 23:20:06 - [TEST_STEP][PASSED] - setText(findTestObject("Object Repository/RecAndPlayBk/Page-Vlink-Debit/input_concat(CheckWriter, , s License Numbe_020fef"), ""): Text '' is set on object 'Object Repository/RecAndPlayBk/Page-Vlink-Debit/input_concat(CheckWriter, , s License Numbe_020fef'

2023-02-15 23:20:07 - [MESSAGE][PASSED] - Text '' is set on object 'Object Repository/RecAndPlayBk/Page-Vlink-Debit/input_concat(CheckWriter, , s License Numbe_020fef'

2023-02-15 23:20:07 - [TEST_STEP][PASSED] - setText(findTestObject("Object Repository/RecAndPlayBk/Page-Vlink-Debit/input_concat(CheckWriter, , s License State_21e3e7"), ""): Text '' is set on object 'Object Repository/RecAndPlayBk/Page-Vlink-Debit/input_concat(CheckWriter, , s License State_21e3e7'

2023-02-15 23:20:07 - [MESSAGE][PASSED] - Text '' is set on object 'Object Repository/RecAndPlayBk/Page-Vlink-Debit/input_concat(CheckWriter, , s License State_21e3e7'

2023-02-15 23:20:07 - [TEST_STEP][PASSED] - setText(findTestObject("RecAndPlayBk/Page-Vlink-Debit/input_Standard Entry Class"), sec): Text 'WEB' is set on object 'Object Repository/RecAndPlayBk/Page-Vlink-Debit/input_Standard Entry Class'

2023-02-15 23:20:08 - [MESSAGE][PASSED] - Text 'WEB' is set on object 'Object Repository/RecAndPlayBk/Page-Vlink-Debit/input_Standard Entry Class'

2023-02-15 23:20:08 - [TEST_STEP][PASSED] - click(findTestObject("Object Repository/RecAndPlayBk/Page-Vlink-Debit/input")): Object: 'Object Repository/RecAndPlayBk/Page-Vlink-Debit/input' is clicked on

2023-02-15 23:20:09 - [MESSAGE][PASSED] - Object: 'Object Repository/RecAndPlayBk/Page-Vlink-Debit/input' is clicked on

2023-02-15 23:20:09 - [TEST_STEP][PASSED] - if (verifyTextPresent("Transaction approved, no errors", true)): null

2023-02-15 23:20:09 - [MESSAGE][PASSED] - Text 'Transaction approved, no errors' is present on page  using regular expression

2023-02-15 23:20:09 - [TEST_STEP][PASSED] - println("Transaction Approved, no errors text is present on the Confirmation page"): null

2023-02-15 23:20:09 - [TEST_STEP][PASSED] - sdfo = getText(findTestObject("Object Repository/Page_VLinkReceipt/pre_STX")): Text of object 'Object Repository/Page_VLinkReceipt/pre_STX' is: '<STX>34791|49551|69888             12126753            0  Transaction approved, no errors                   0                                                                                                              <ETX>'

2023-02-15 23:20:09 - [MESSAGE][PASSED] - Text of object 'Object Repository/Page_VLinkReceipt/pre_STX' is: '<STX>34791|49551|69888             12126753            0  Transaction approved, no errors                   0                                                                                                              <ETX>'

2023-02-15 23:20:09 - [TEST_STEP][PASSED] - out.println("sdfo: " + sdfo): null

2023-02-15 23:20:09 - [TEST_STEP][PASSED] - remID = substring(5, 35).trim(): null

2023-02-15 23:20:09 - [TEST_STEP][PASSED] - out.println("remID: " + remID): null

2023-02-15 23:20:09 - [TEST_STEP][PASSED] - traxID = substring(35, 55).trim(): null

2023-02-15 23:20:09 - [TEST_STEP][PASSED] - out.println("traxID: " + traxID): null

2023-02-15 23:20:09 - [TEST_STEP][PASSED] - VLinkSaleRemID = remID: null

2023-02-15 23:20:09 - [TEST_STEP][PASSED] - VLinkSaleTranxID = traxID: null

2023-02-15 23:20:09 - [TEST_STEP][PASSED] - openBrowser(VLinkURL + "ACH_credit.html"): Browser is opened with url: 'https://dev-algorithm.govolution.com/vlinktest/QA/version_2_0/ACH_credit.html'

2023-02-15 23:20:09 - [MESSAGE][WARNING] - A browser is already opened. Closing browser and opening a new one

2023-02-15 23:20:10 - [MESSAGE][INFO] - Starting 'Chrome' driver

2023-02-15 23:20:10 - [MESSAGE][INFO] - User set preference: ['acceptInsecureCerts', 'true']

2023-02-15 23:20:10 - [MESSAGE][INFO] - Action delay is set to 0 milliseconds

2023-02-15 23:20:12 - [MESSAGE][PASSED] - Browser is opened with url: 'https://dev-algorithm.govolution.com/vlinktest/QA/version_2_0/ACH_credit.html'

2023-02-15 23:20:12 - [TEST_STEP][PASSED] - maximizeWindow(): Current window maximized

2023-02-15 23:20:12 - [MESSAGE][PASSED] - Current window maximized

2023-02-15 23:20:12 - [TEST_STEP][PASSED] - setText(findTestObject("Object Repository/RecAndPlayBk/Page-Vlink-ACH-Credit/input_Remittance Id"), VLinkSaleRemID): Text '34791|49551|69888' is set on object 'Object Repository/RecAndPlayBk/Page-Vlink-ACH-Credit/input_Remittance Id'

2023-02-15 23:20:13 - [MESSAGE][PASSED] - Text '34791|49551|69888' is set on object 'Object Repository/RecAndPlayBk/Page-Vlink-ACH-Credit/input_Remittance Id'

2023-02-15 23:20:13 - [TEST_STEP][PASSED] - setText(findTestObject("Object Repository/RecAndPlayBk/Page-Vlink-ACH-Credit/input_Application Id"), appID): Text '234' is set on object 'Object Repository/RecAndPlayBk/Page-Vlink-ACH-Credit/input_Application Id'

2023-02-15 23:20:14 - [MESSAGE][PASSED] - Text '234' is set on object 'Object Repository/RecAndPlayBk/Page-Vlink-ACH-Credit/input_Application Id'

2023-02-15 23:20:14 - [TEST_STEP][PASSED] - setText(findTestObject("Object Repository/RecAndPlayBk/Page-Vlink-ACH-Credit/input_Username"), username): Text 'username' is set on object 'Object Repository/RecAndPlayBk/Page-Vlink-ACH-Credit/input_Username'

2023-02-15 23:20:14 - [MESSAGE][PASSED] - Text 'username' is set on object 'Object Repository/RecAndPlayBk/Page-Vlink-ACH-Credit/input_Username'

2023-02-15 23:20:14 - [TEST_STEP][PASSED] - setText(findTestObject("Object Repository/RecAndPlayBk/Page-Vlink-ACH-Credit/input_Password"), password): Text 'password' is set on object 'Object Repository/RecAndPlayBk/Page-Vlink-ACH-Credit/input_Password'

2023-02-15 23:20:15 - [MESSAGE][PASSED] - Text 'password' is set on object 'Object Repository/RecAndPlayBk/Page-Vlink-ACH-Credit/input_Password'

2023-02-15 23:20:15 - [TEST_STEP][PASSED] - setText(findTestObject("Object Repository/RecAndPlayBk/Page-Vlink-ACH-Credit/input_Check Type"), checkType): Text 'P' is set on object 'Object Repository/RecAndPlayBk/Page-Vlink-ACH-Credit/input_Check Type'

2023-02-15 23:20:15 - [MESSAGE][PASSED] - Text 'P' is set on object 'Object Repository/RecAndPlayBk/Page-Vlink-ACH-Credit/input_Check Type'

2023-02-15 23:20:15 - [TEST_STEP][PASSED] - setText(findTestObject("Object Repository/RecAndPlayBk/Page-Vlink-ACH-Credit/input_Transaction ID"), VLinkSaleTranxID): Text '12126753' is set on object 'Object Repository/RecAndPlayBk/Page-Vlink-ACH-Credit/input_Transaction ID'

2023-02-15 23:20:16 - [MESSAGE][PASSED] - Text '12126753' is set on object 'Object Repository/RecAndPlayBk/Page-Vlink-ACH-Credit/input_Transaction ID'

2023-02-15 23:20:16 - [TEST_STEP][PASSED] - setText(findTestObject("Object Repository/RecAndPlayBk/Page-Vlink-ACH-Credit/input_Amount"), amount): Text '12.50' is set on object 'Object Repository/RecAndPlayBk/Page-Vlink-ACH-Credit/input_Amount'

2023-02-15 23:20:17 - [MESSAGE][PASSED] - Text '12.50' is set on object 'Object Repository/RecAndPlayBk/Page-Vlink-ACH-Credit/input_Amount'

2023-02-15 23:20:17 - [TEST_STEP][PASSED] - setText(findTestObject("Object Repository/RecAndPlayBk/Page-Vlink-ACH-Credit/input_Standard Entry Class"), sec): Text 'WEB' is set on object 'Object Repository/RecAndPlayBk/Page-Vlink-ACH-Credit/input_Standard Entry Class'

2023-02-15 23:20:17 - [MESSAGE][PASSED] - Text 'WEB' is set on object 'Object Repository/RecAndPlayBk/Page-Vlink-ACH-Credit/input_Standard Entry Class'

2023-02-15 23:20:17 - [TEST_STEP][PASSED] - setText(findTestObject("Object Repository/RecAndPlayBk/Page-Vlink-ACH-Credit/input_Account Number"), acNumber): Text '58963214' is set on object 'Object Repository/RecAndPlayBk/Page-Vlink-ACH-Credit/input_Account Number'

2023-02-15 23:20:18 - [MESSAGE][PASSED] - Text '58963214' is set on object 'Object Repository/RecAndPlayBk/Page-Vlink-ACH-Credit/input_Account Number'

2023-02-15 23:20:18 - [TEST_STEP][PASSED] - setText(findTestObject("Object Repository/RecAndPlayBk/Page-Vlink-ACH-Credit/input_Routing Number"), rtn): Text '256072691' is set on object 'Object Repository/RecAndPlayBk/Page-Vlink-ACH-Credit/input_Routing Number'

2023-02-15 23:20:18 - [MESSAGE][PASSED] - Text '256072691' is set on object 'Object Repository/RecAndPlayBk/Page-Vlink-ACH-Credit/input_Routing Number'

2023-02-15 23:20:18 - [TEST_STEP][PASSED] - click(findTestObject("Object Repository/RecAndPlayBk/Page-Vlink-ACH-Credit/input")): Object: 'Object Repository/RecAndPlayBk/Page-Vlink-ACH-Credit/input' is clicked on

2023-02-15 23:20:19 - [MESSAGE][PASSED] - Object: 'Object Repository/RecAndPlayBk/Page-Vlink-ACH-Credit/input' is clicked on

2023-02-15 23:20:19 - [TEST_STEP][PASSED] - if (verifyTextPresent("Transaction approved, no errors", true)): null

2023-02-15 23:20:19 - [MESSAGE][PASSED] - Text 'Transaction approved, no errors' is present on page  using regular expression

2023-02-15 23:20:19 - [TEST_STEP][PASSED] - println("Transaction Approved, no errors text is present on the Confirmation page"): null

2023-02-15 23:20:19 - [TEST_STEP][PASSED] - out.println("Pass Record Number: " + row): null

2023-02-15 23:20:19 - [TEST_STEP][PASSED] - resText = "Pass": null

2023-02-15 23:20:19 - [TEST_STEP][PASSED] - pages.WriteExcel.demoKey(resText, datText, resColumn, datCloumn, fileLoc, nameSheet, row): pages.WriteExcel.demoKey is PASSED

2023-02-15 23:20:20 - [MESSAGE][PASSED] - pages.WriteExcel.demoKey is PASSED

2023-02-15 23:20:20 - [TEST_STEP][PASSED] - ExecuteTC = findTestData(dataFile).getValue("Execute", row): null

2023-02-15 23:20:20 - [TEST_STEP][PASSED] - out.println("Value of Execute is : " + ExecuteTC): null

2023-02-15 23:20:20 - [TEST_STEP][PASSED] - switch (executionProfile): null

2023-02-15 23:20:20 - [TEST_STEP][PASSED] - case "QAProfile":: null

2023-02-15 23:20:20 - [TEST_STEP][PASSED] - appID = findTestData(dataFile).getValue("AppIDQA", row): null

2023-02-15 23:20:20 - [TEST_STEP][PASSED] - username = findTestData(dataFile).getValue("UsernameQA", row): null

2023-02-15 23:20:20 - [TEST_STEP][PASSED] - password = findTestData(dataFile).getValue("PasswordQA", row): null

2023-02-15 23:20:20 - [TEST_STEP][PASSED] - break: null

2023-02-15 23:20:20 - [TEST_STEP][PASSED] - if (ExecuteTC.equalsIgnoreCase("Y")): null

2023-02-15 23:20:20 - [TEST_STEP][PASSED] - out.println("Begin Record Number: " + row): null

2023-02-15 23:20:20 - [TEST_STEP][PASSED] - today = new java.util.Date(): null

2023-02-15 23:20:20 - [TEST_STEP][PASSED] - println(today): null

2023-02-15 23:20:20 - [TEST_STEP][PASSED] - datText = today: null

2023-02-15 23:20:20 - [TEST_STEP][PASSED] - checkType = findTestData(dataFile).getValue("CheckType", row): null

2023-02-15 23:20:20 - [TEST_STEP][PASSED] - acNumber = findTestData(dataFile).getValue("AcNumber", row): null

2023-02-15 23:20:20 - [TEST_STEP][PASSED] - company = findTestData(dataFile).getValue("Company", row): null

2023-02-15 23:20:20 - [TEST_STEP][PASSED] - acType = findTestData(dataFile).getValue("AcType", row): null

2023-02-15 23:20:20 - [TEST_STEP][PASSED] - rtn = findTestData(dataFile).getValue("RTN", row): null

2023-02-15 23:20:20 - [TEST_STEP][PASSED] - amount = findTestData(dataFile).getValue("Amount", row): null

2023-02-15 23:20:20 - [TEST_STEP][PASSED] - sec = findTestData(dataFile).getValue("SEC", row): null

2023-02-15 23:20:20 - [TEST_STEP][PASSED] - openBrowser(VLinkURL + "debit.html"): Browser is opened with url: 'https://dev-algorithm.govolution.com/vlinktest/QA/version_2_0/debit.html'

2023-02-15 23:20:20 - [MESSAGE][WARNING] - A browser is already opened. Closing browser and opening a new one

2023-02-15 23:20:21 - [MESSAGE][INFO] - Starting 'Chrome' driver

2023-02-15 23:20:21 - [MESSAGE][INFO] - User set preference: ['acceptInsecureCerts', 'true']

2023-02-15 23:20:21 - [MESSAGE][INFO] - Action delay is set to 0 milliseconds

2023-02-15 23:20:23 - [MESSAGE][PASSED] - Browser is opened with url: 'https://dev-algorithm.govolution.com/vlinktest/QA/version_2_0/debit.html'

2023-02-15 23:20:23 - [TEST_STEP][PASSED] - maximizeWindow(): Current window maximized

2023-02-15 23:20:23 - [MESSAGE][PASSED] - Current window maximized

2023-02-15 23:20:23 - [TEST_STEP][PASSED] - genRemID1 = random() * 99999).toInteger(): null

2023-02-15 23:20:23 - [TEST_STEP][PASSED] - genRemID2 = random() * 99999).toInteger(): null

2023-02-15 23:20:23 - [TEST_STEP][PASSED] - genRemID3 = random() * 99999).toInteger(): null

2023-02-15 23:20:23 - [TEST_STEP][PASSED] - println(genRemID1): null

2023-02-15 23:20:23 - [TEST_STEP][PASSED] - println(genRemID2): null

2023-02-15 23:20:23 - [TEST_STEP][PASSED] - println(genRemID3): null

2023-02-15 23:20:23 - [TEST_STEP][PASSED] - genRemID = genRemID1 + "|" + genRemID2 + "|" + genRemID3: null

2023-02-15 23:20:23 - [TEST_STEP][PASSED] - println(genRemID): null

2023-02-15 23:20:23 - [TEST_STEP][PASSED] - setText(findTestObject("RecAndPlayBk/Page-Vlink-Debit/input_Remittance Id"), genRemID): Text '7425|15347|88820' is set on object 'Object Repository/RecAndPlayBk/Page-Vlink-Debit/input_Remittance Id'

2023-02-15 23:20:24 - [MESSAGE][PASSED] - Text '7425|15347|88820' is set on object 'Object Repository/RecAndPlayBk/Page-Vlink-Debit/input_Remittance Id'

2023-02-15 23:20:24 - [TEST_STEP][PASSED] - setText(findTestObject("RecAndPlayBk/Page-Vlink-Debit/input_Application Id"), appID): Text '234' is set on object 'Object Repository/RecAndPlayBk/Page-Vlink-Debit/input_Application Id'

2023-02-15 23:20:24 - [MESSAGE][PASSED] - Text '234' is set on object 'Object Repository/RecAndPlayBk/Page-Vlink-Debit/input_Application Id'

2023-02-15 23:20:24 - [TEST_STEP][PASSED] - setText(findTestObject("RecAndPlayBk/Page-Vlink-Debit/input_Username"), username): Text 'username' is set on object 'Object Repository/RecAndPlayBk/Page-Vlink-Debit/input_Username'

2023-02-15 23:20:25 - [MESSAGE][PASSED] - Text 'username' is set on object 'Object Repository/RecAndPlayBk/Page-Vlink-Debit/input_Username'

2023-02-15 23:20:25 - [TEST_STEP][PASSED] - setText(findTestObject("RecAndPlayBk/Page-Vlink-Debit/input_Password"), password): Text 'password' is set on object 'Object Repository/RecAndPlayBk/Page-Vlink-Debit/input_Password'

2023-02-15 23:20:26 - [MESSAGE][PASSED] - Text 'password' is set on object 'Object Repository/RecAndPlayBk/Page-Vlink-Debit/input_Password'

2023-02-15 23:20:26 - [TEST_STEP][PASSED] - setText(findTestObject("RecAndPlayBk/Page-Vlink-Debit/input_Check Type"), checkType): Text 'P' is set on object 'Object Repository/RecAndPlayBk/Page-Vlink-Debit/input_Check Type'

2023-02-15 23:20:26 - [MESSAGE][PASSED] - Text 'P' is set on object 'Object Repository/RecAndPlayBk/Page-Vlink-Debit/input_Check Type'

2023-02-15 23:20:26 - [TEST_STEP][PASSED] - setText(findTestObject("RecAndPlayBk/Page-Vlink-Debit/input_Account_check"), acNumber): Text '58963214' is set on object 'Object Repository/RecAndPlayBk/Page-Vlink-Debit/input_Account_check'

2023-02-15 23:20:27 - [MESSAGE][PASSED] - Text '58963214' is set on object 'Object Repository/RecAndPlayBk/Page-Vlink-Debit/input_Account_check'

2023-02-15 23:20:27 - [TEST_STEP][PASSED] - setText(findTestObject("RecAndPlayBk/Page-Vlink-Debit/input_Company_check"), company): Text '' is set on object 'Object Repository/RecAndPlayBk/Page-Vlink-Debit/input_Company_check'

2023-02-15 23:20:28 - [MESSAGE][PASSED] - Text '' is set on object 'Object Repository/RecAndPlayBk/Page-Vlink-Debit/input_Company_check'

2023-02-15 23:20:28 - [TEST_STEP][PASSED] - setText(findTestObject("RecAndPlayBk/Page-Vlink-Debit/input_Account Type"), acType): Text '2' is set on object 'Object Repository/RecAndPlayBk/Page-Vlink-Debit/input_Account Type'

2023-02-15 23:20:28 - [MESSAGE][PASSED] - Text '2' is set on object 'Object Repository/RecAndPlayBk/Page-Vlink-Debit/input_Account Type'

2023-02-15 23:20:28 - [TEST_STEP][PASSED] - setText(findTestObject("RecAndPlayBk/Page-Vlink-Debit/input_Routing Number"), rtn): Text '256072691' is set on object 'Object Repository/RecAndPlayBk/Page-Vlink-Debit/input_Routing Number'

2023-02-15 23:20:29 - [MESSAGE][PASSED] - Text '256072691' is set on object 'Object Repository/RecAndPlayBk/Page-Vlink-Debit/input_Routing Number'

2023-02-15 23:20:29 - [TEST_STEP][PASSED] - setText(findTestObject("RecAndPlayBk/Page-Vlink-Debit/input_Amount"), amount): Text '12.50' is set on object 'Object Repository/RecAndPlayBk/Page-Vlink-Debit/input_Amount'

2023-02-15 23:20:29 - [MESSAGE][PASSED] - Text '12.50' is set on object 'Object Repository/RecAndPlayBk/Page-Vlink-Debit/input_Amount'

2023-02-15 23:20:29 - [TEST_STEP][PASSED] - setText(findTestObject("RecAndPlayBk/Page-Vlink-Debit/input_Check Email"), ""): Text '' is set on object 'Object Repository/RecAndPlayBk/Page-Vlink-Debit/input_Check Email'

2023-02-15 23:20:30 - [MESSAGE][PASSED] - Text '' is set on object 'Object Repository/RecAndPlayBk/Page-Vlink-Debit/input_Check Email'

2023-02-15 23:20:30 - [TEST_STEP][PASSED] - setText(findTestObject("Object Repository/RecAndPlayBk/Page-Vlink-Debit/input_concat(CheckWriter, , s SSN)_check_ssn"), ""): Text '' is set on object 'Object Repository/RecAndPlayBk/Page-Vlink-Debit/input_concat(CheckWriter, , s SSN)_check_ssn'

2023-02-15 23:20:31 - [MESSAGE][PASSED] - Text '' is set on object 'Object Repository/RecAndPlayBk/Page-Vlink-Debit/input_concat(CheckWriter, , s SSN)_check_ssn'

2023-02-15 23:20:31 - [TEST_STEP][PASSED] - setText(findTestObject("Object Repository/RecAndPlayBk/Page-Vlink-Debit/input_concat(CheckWriter, , s License Numbe_020fef"), ""): Text '' is set on object 'Object Repository/RecAndPlayBk/Page-Vlink-Debit/input_concat(CheckWriter, , s License Numbe_020fef'

2023-02-15 23:20:31 - [MESSAGE][PASSED] - Text '' is set on object 'Object Repository/RecAndPlayBk/Page-Vlink-Debit/input_concat(CheckWriter, , s License Numbe_020fef'

2023-02-15 23:20:31 - [TEST_STEP][PASSED] - setText(findTestObject("Object Repository/RecAndPlayBk/Page-Vlink-Debit/input_concat(CheckWriter, , s License State_21e3e7"), ""): Text '' is set on object 'Object Repository/RecAndPlayBk/Page-Vlink-Debit/input_concat(CheckWriter, , s License State_21e3e7'

2023-02-15 23:20:32 - [MESSAGE][PASSED] - Text '' is set on object 'Object Repository/RecAndPlayBk/Page-Vlink-Debit/input_concat(CheckWriter, , s License State_21e3e7'

2023-02-15 23:20:32 - [TEST_STEP][PASSED] - setText(findTestObject("RecAndPlayBk/Page-Vlink-Debit/input_Standard Entry Class"), sec): Text 'TEL' is set on object 'Object Repository/RecAndPlayBk/Page-Vlink-Debit/input_Standard Entry Class'

2023-02-15 23:20:33 - [MESSAGE][PASSED] - Text 'TEL' is set on object 'Object Repository/RecAndPlayBk/Page-Vlink-Debit/input_Standard Entry Class'

2023-02-15 23:20:33 - [TEST_STEP][PASSED] - click(findTestObject("Object Repository/RecAndPlayBk/Page-Vlink-Debit/input")): Object: 'Object Repository/RecAndPlayBk/Page-Vlink-Debit/input' is clicked on

2023-02-15 23:20:33 - [MESSAGE][PASSED] - Object: 'Object Repository/RecAndPlayBk/Page-Vlink-Debit/input' is clicked on

2023-02-15 23:20:33 - [TEST_STEP][PASSED] - if (verifyTextPresent("Transaction approved, no errors", true)): null

2023-02-15 23:20:34 - [MESSAGE][PASSED] - Text 'Transaction approved, no errors' is present on page  using regular expression

2023-02-15 23:20:34 - [TEST_STEP][PASSED] - println("Transaction Approved, no errors text is present on the Confirmation page"): null

2023-02-15 23:20:34 - [TEST_STEP][PASSED] - sdfo = getText(findTestObject("Object Repository/Page_VLinkReceipt/pre_STX")): Text of object 'Object Repository/Page_VLinkReceipt/pre_STX' is: '<STX>7425|15347|88820              12126755            0  Transaction approved, no errors                   0                                                                                                              <ETX>'

2023-02-15 23:20:34 - [MESSAGE][PASSED] - Text of object 'Object Repository/Page_VLinkReceipt/pre_STX' is: '<STX>7425|15347|88820              12126755            0  Transaction approved, no errors                   0                                                                                                              <ETX>'

2023-02-15 23:20:34 - [TEST_STEP][PASSED] - out.println("sdfo: " + sdfo): null

2023-02-15 23:20:34 - [TEST_STEP][PASSED] - remID = substring(5, 35).trim(): null

2023-02-15 23:20:34 - [TEST_STEP][PASSED] - out.println("remID: " + remID): null

2023-02-15 23:20:34 - [TEST_STEP][PASSED] - traxID = substring(35, 55).trim(): null

2023-02-15 23:20:34 - [TEST_STEP][PASSED] - out.println("traxID: " + traxID): null

2023-02-15 23:20:34 - [TEST_STEP][PASSED] - VLinkSaleRemID = remID: null

2023-02-15 23:20:34 - [TEST_STEP][PASSED] - VLinkSaleTranxID = traxID: null

2023-02-15 23:20:34 - [TEST_STEP][PASSED] - openBrowser(VLinkURL + "ACH_credit.html"): Browser is opened with url: 'https://dev-algorithm.govolution.com/vlinktest/QA/version_2_0/ACH_credit.html'

2023-02-15 23:20:34 - [MESSAGE][WARNING] - A browser is already opened. Closing browser and opening a new one

2023-02-15 23:20:35 - [MESSAGE][INFO] - Starting 'Chrome' driver

2023-02-15 23:20:35 - [MESSAGE][INFO] - User set preference: ['acceptInsecureCerts', 'true']

2023-02-15 23:20:35 - [MESSAGE][INFO] - Action delay is set to 0 milliseconds

2023-02-15 23:20:37 - [MESSAGE][PASSED] - Browser is opened with url: 'https://dev-algorithm.govolution.com/vlinktest/QA/version_2_0/ACH_credit.html'

2023-02-15 23:20:37 - [TEST_STEP][PASSED] - maximizeWindow(): Current window maximized

2023-02-15 23:20:37 - [MESSAGE][PASSED] - Current window maximized

2023-02-15 23:20:37 - [TEST_STEP][PASSED] - setText(findTestObject("Object Repository/RecAndPlayBk/Page-Vlink-ACH-Credit/input_Remittance Id"), VLinkSaleRemID): Text '7425|15347|88820' is set on object 'Object Repository/RecAndPlayBk/Page-Vlink-ACH-Credit/input_Remittance Id'

2023-02-15 23:20:37 - [MESSAGE][PASSED] - Text '7425|15347|88820' is set on object 'Object Repository/RecAndPlayBk/Page-Vlink-ACH-Credit/input_Remittance Id'

2023-02-15 23:20:37 - [TEST_STEP][PASSED] - setText(findTestObject("Object Repository/RecAndPlayBk/Page-Vlink-ACH-Credit/input_Application Id"), appID): Text '234' is set on object 'Object Repository/RecAndPlayBk/Page-Vlink-ACH-Credit/input_Application Id'

2023-02-15 23:20:38 - [MESSAGE][PASSED] - Text '234' is set on object 'Object Repository/RecAndPlayBk/Page-Vlink-ACH-Credit/input_Application Id'

2023-02-15 23:20:38 - [TEST_STEP][PASSED] - setText(findTestObject("Object Repository/RecAndPlayBk/Page-Vlink-ACH-Credit/input_Username"), username): Text 'username' is set on object 'Object Repository/RecAndPlayBk/Page-Vlink-ACH-Credit/input_Username'

2023-02-15 23:20:39 - [MESSAGE][PASSED] - Text 'username' is set on object 'Object Repository/RecAndPlayBk/Page-Vlink-ACH-Credit/input_Username'

2023-02-15 23:20:39 - [TEST_STEP][PASSED] - setText(findTestObject("Object Repository/RecAndPlayBk/Page-Vlink-ACH-Credit/input_Password"), password): Text 'password' is set on object 'Object Repository/RecAndPlayBk/Page-Vlink-ACH-Credit/input_Password'

2023-02-15 23:20:39 - [MESSAGE][PASSED] - Text 'password' is set on object 'Object Repository/RecAndPlayBk/Page-Vlink-ACH-Credit/input_Password'

2023-02-15 23:20:39 - [TEST_STEP][PASSED] - setText(findTestObject("Object Repository/RecAndPlayBk/Page-Vlink-ACH-Credit/input_Check Type"), checkType): Text 'P' is set on object 'Object Repository/RecAndPlayBk/Page-Vlink-ACH-Credit/input_Check Type'

2023-02-15 23:20:40 - [MESSAGE][PASSED] - Text 'P' is set on object 'Object Repository/RecAndPlayBk/Page-Vlink-ACH-Credit/input_Check Type'

2023-02-15 23:20:40 - [TEST_STEP][PASSED] - setText(findTestObject("Object Repository/RecAndPlayBk/Page-Vlink-ACH-Credit/input_Transaction ID"), VLinkSaleTranxID): Text '12126755' is set on object 'Object Repository/RecAndPlayBk/Page-Vlink-ACH-Credit/input_Transaction ID'

2023-02-15 23:20:41 - [MESSAGE][PASSED] - Text '12126755' is set on object 'Object Repository/RecAndPlayBk/Page-Vlink-ACH-Credit/input_Transaction ID'

2023-02-15 23:20:41 - [TEST_STEP][PASSED] - setText(findTestObject("Object Repository/RecAndPlayBk/Page-Vlink-ACH-Credit/input_Amount"), amount): Text '12.50' is set on object 'Object Repository/RecAndPlayBk/Page-Vlink-ACH-Credit/input_Amount'

2023-02-15 23:20:41 - [MESSAGE][PASSED] - Text '12.50' is set on object 'Object Repository/RecAndPlayBk/Page-Vlink-ACH-Credit/input_Amount'

2023-02-15 23:20:41 - [TEST_STEP][PASSED] - setText(findTestObject("Object Repository/RecAndPlayBk/Page-Vlink-ACH-Credit/input_Standard Entry Class"), sec): Text 'TEL' is set on object 'Object Repository/RecAndPlayBk/Page-Vlink-ACH-Credit/input_Standard Entry Class'

2023-02-15 23:20:42 - [MESSAGE][PASSED] - Text 'TEL' is set on object 'Object Repository/RecAndPlayBk/Page-Vlink-ACH-Credit/input_Standard Entry Class'

2023-02-15 23:20:42 - [TEST_STEP][PASSED] - setText(findTestObject("Object Repository/RecAndPlayBk/Page-Vlink-ACH-Credit/input_Account Number"), acNumber): Text '58963214' is set on object 'Object Repository/RecAndPlayBk/Page-Vlink-ACH-Credit/input_Account Number'

2023-02-15 23:20:42 - [MESSAGE][PASSED] - Text '58963214' is set on object 'Object Repository/RecAndPlayBk/Page-Vlink-ACH-Credit/input_Account Number'

2023-02-15 23:20:42 - [TEST_STEP][PASSED] - setText(findTestObject("Object Repository/RecAndPlayBk/Page-Vlink-ACH-Credit/input_Routing Number"), rtn): Text '256072691' is set on object 'Object Repository/RecAndPlayBk/Page-Vlink-ACH-Credit/input_Routing Number'

2023-02-15 23:20:43 - [MESSAGE][PASSED] - Text '256072691' is set on object 'Object Repository/RecAndPlayBk/Page-Vlink-ACH-Credit/input_Routing Number'

2023-02-15 23:20:43 - [TEST_STEP][PASSED] - click(findTestObject("Object Repository/RecAndPlayBk/Page-Vlink-ACH-Credit/input")): Object: 'Object Repository/RecAndPlayBk/Page-Vlink-ACH-Credit/input' is clicked on

2023-02-15 23:20:44 - [MESSAGE][PASSED] - Object: 'Object Repository/RecAndPlayBk/Page-Vlink-ACH-Credit/input' is clicked on

2023-02-15 23:20:44 - [TEST_STEP][PASSED] - if (verifyTextPresent("Transaction approved, no errors", true)): null

2023-02-15 23:20:44 - [MESSAGE][PASSED] - Text 'Transaction approved, no errors' is present on page  using regular expression

2023-02-15 23:20:44 - [TEST_STEP][PASSED] - println("Transaction Approved, no errors text is present on the Confirmation page"): null

2023-02-15 23:20:44 - [TEST_STEP][PASSED] - out.println("Pass Record Number: " + row): null

2023-02-15 23:20:44 - [TEST_STEP][PASSED] - resText = "Pass": null

2023-02-15 23:20:44 - [TEST_STEP][PASSED] - pages.WriteExcel.demoKey(resText, datText, resColumn, datCloumn, fileLoc, nameSheet, row): pages.WriteExcel.demoKey is PASSED

2023-02-15 23:20:44 - [MESSAGE][PASSED] - pages.WriteExcel.demoKey is PASSED

2023-02-15 23:20:44 - [TEST_STEP][PASSED] - ExecuteTC = findTestData(dataFile).getValue("Execute", row): null

2023-02-15 23:20:44 - [TEST_STEP][PASSED] - out.println("Value of Execute is : " + ExecuteTC): null

2023-02-15 23:20:44 - [TEST_STEP][PASSED] - switch (executionProfile): null

2023-02-15 23:20:44 - [TEST_STEP][PASSED] - case "QAProfile":: null

2023-02-15 23:20:44 - [TEST_STEP][PASSED] - appID = findTestData(dataFile).getValue("AppIDQA", row): null

2023-02-15 23:20:44 - [TEST_STEP][PASSED] - username = findTestData(dataFile).getValue("UsernameQA", row): null

2023-02-15 23:20:44 - [TEST_STEP][PASSED] - password = findTestData(dataFile).getValue("PasswordQA", row): null

2023-02-15 23:20:44 - [TEST_STEP][PASSED] - break: null

2023-02-15 23:20:44 - [TEST_STEP][PASSED] - if (ExecuteTC.equalsIgnoreCase("Y")): null

2023-02-15 23:20:44 - [TEST_STEP][PASSED] - out.println("Begin Record Number: " + row): null

2023-02-15 23:20:44 - [TEST_STEP][PASSED] - today = new java.util.Date(): null

2023-02-15 23:20:44 - [TEST_STEP][PASSED] - println(today): null

2023-02-15 23:20:44 - [TEST_STEP][PASSED] - datText = today: null

2023-02-15 23:20:44 - [TEST_STEP][PASSED] - checkType = findTestData(dataFile).getValue("CheckType", row): null

2023-02-15 23:20:45 - [TEST_STEP][PASSED] - acNumber = findTestData(dataFile).getValue("AcNumber", row): null

2023-02-15 23:20:45 - [TEST_STEP][PASSED] - company = findTestData(dataFile).getValue("Company", row): null

2023-02-15 23:20:45 - [TEST_STEP][PASSED] - acType = findTestData(dataFile).getValue("AcType", row): null

2023-02-15 23:20:45 - [TEST_STEP][PASSED] - rtn = findTestData(dataFile).getValue("RTN", row): null

2023-02-15 23:20:45 - [TEST_STEP][PASSED] - amount = findTestData(dataFile).getValue("Amount", row): null

2023-02-15 23:20:45 - [TEST_STEP][PASSED] - sec = findTestData(dataFile).getValue("SEC", row): null

2023-02-15 23:20:45 - [TEST_STEP][PASSED] - openBrowser(VLinkURL + "debit.html"): Browser is opened with url: 'https://dev-algorithm.govolution.com/vlinktest/QA/version_2_0/debit.html'

2023-02-15 23:20:45 - [MESSAGE][WARNING] - A browser is already opened. Closing browser and opening a new one

2023-02-15 23:20:46 - [MESSAGE][INFO] - Starting 'Chrome' driver

2023-02-15 23:20:46 - [MESSAGE][INFO] - User set preference: ['acceptInsecureCerts', 'true']

2023-02-15 23:20:46 - [MESSAGE][INFO] - Action delay is set to 0 milliseconds

2023-02-15 23:20:48 - [MESSAGE][PASSED] - Browser is opened with url: 'https://dev-algorithm.govolution.com/vlinktest/QA/version_2_0/debit.html'

2023-02-15 23:20:48 - [TEST_STEP][PASSED] - maximizeWindow(): Current window maximized

2023-02-15 23:20:48 - [MESSAGE][PASSED] - Current window maximized

2023-02-15 23:20:48 - [TEST_STEP][PASSED] - genRemID1 = random() * 99999).toInteger(): null

2023-02-15 23:20:48 - [TEST_STEP][PASSED] - genRemID2 = random() * 99999).toInteger(): null

2023-02-15 23:20:48 - [TEST_STEP][PASSED] - genRemID3 = random() * 99999).toInteger(): null

2023-02-15 23:20:48 - [TEST_STEP][PASSED] - println(genRemID1): null

2023-02-15 23:20:48 - [TEST_STEP][PASSED] - println(genRemID2): null

2023-02-15 23:20:48 - [TEST_STEP][PASSED] - println(genRemID3): null

2023-02-15 23:20:48 - [TEST_STEP][PASSED] - genRemID = genRemID1 + "|" + genRemID2 + "|" + genRemID3: null

2023-02-15 23:20:48 - [TEST_STEP][PASSED] - println(genRemID): null

2023-02-15 23:20:48 - [TEST_STEP][PASSED] - setText(findTestObject("RecAndPlayBk/Page-Vlink-Debit/input_Remittance Id"), genRemID): Text '10781|68760|50141' is set on object 'Object Repository/RecAndPlayBk/Page-Vlink-Debit/input_Remittance Id'

2023-02-15 23:20:49 - [MESSAGE][PASSED] - Text '10781|68760|50141' is set on object 'Object Repository/RecAndPlayBk/Page-Vlink-Debit/input_Remittance Id'

2023-02-15 23:20:49 - [TEST_STEP][PASSED] - setText(findTestObject("RecAndPlayBk/Page-Vlink-Debit/input_Application Id"), appID): Text '234' is set on object 'Object Repository/RecAndPlayBk/Page-Vlink-Debit/input_Application Id'

2023-02-15 23:20:49 - [MESSAGE][PASSED] - Text '234' is set on object 'Object Repository/RecAndPlayBk/Page-Vlink-Debit/input_Application Id'

2023-02-15 23:20:49 - [TEST_STEP][PASSED] - setText(findTestObject("RecAndPlayBk/Page-Vlink-Debit/input_Username"), username): Text 'username' is set on object 'Object Repository/RecAndPlayBk/Page-Vlink-Debit/input_Username'

2023-02-15 23:20:50 - [MESSAGE][PASSED] - Text 'username' is set on object 'Object Repository/RecAndPlayBk/Page-Vlink-Debit/input_Username'

2023-02-15 23:20:50 - [TEST_STEP][PASSED] - setText(findTestObject("RecAndPlayBk/Page-Vlink-Debit/input_Password"), password): Text 'password' is set on object 'Object Repository/RecAndPlayBk/Page-Vlink-Debit/input_Password'

2023-02-15 23:20:50 - [MESSAGE][PASSED] - Text 'password' is set on object 'Object Repository/RecAndPlayBk/Page-Vlink-Debit/input_Password'

2023-02-15 23:20:50 - [TEST_STEP][PASSED] - setText(findTestObject("RecAndPlayBk/Page-Vlink-Debit/input_Check Type"), checkType): Text 'P' is set on object 'Object Repository/RecAndPlayBk/Page-Vlink-Debit/input_Check Type'

2023-02-15 23:20:51 - [MESSAGE][PASSED] - Text 'P' is set on object 'Object Repository/RecAndPlayBk/Page-Vlink-Debit/input_Check Type'

2023-02-15 23:20:51 - [TEST_STEP][PASSED] - setText(findTestObject("RecAndPlayBk/Page-Vlink-Debit/input_Account_check"), acNumber): Text '58963214' is set on object 'Object Repository/RecAndPlayBk/Page-Vlink-Debit/input_Account_check'

2023-02-15 23:20:52 - [MESSAGE][PASSED] - Text '58963214' is set on object 'Object Repository/RecAndPlayBk/Page-Vlink-Debit/input_Account_check'

2023-02-15 23:20:52 - [TEST_STEP][PASSED] - setText(findTestObject("RecAndPlayBk/Page-Vlink-Debit/input_Company_check"), company): Text '' is set on object 'Object Repository/RecAndPlayBk/Page-Vlink-Debit/input_Company_check'

2023-02-15 23:20:52 - [MESSAGE][PASSED] - Text '' is set on object 'Object Repository/RecAndPlayBk/Page-Vlink-Debit/input_Company_check'

2023-02-15 23:20:52 - [TEST_STEP][PASSED] - setText(findTestObject("RecAndPlayBk/Page-Vlink-Debit/input_Account Type"), acType): Text '2' is set on object 'Object Repository/RecAndPlayBk/Page-Vlink-Debit/input_Account Type'

2023-02-15 23:20:53 - [MESSAGE][PASSED] - Text '2' is set on object 'Object Repository/RecAndPlayBk/Page-Vlink-Debit/input_Account Type'

2023-02-15 23:20:53 - [TEST_STEP][PASSED] - setText(findTestObject("RecAndPlayBk/Page-Vlink-Debit/input_Routing Number"), rtn): Text '256072691' is set on object 'Object Repository/RecAndPlayBk/Page-Vlink-Debit/input_Routing Number'

2023-02-15 23:20:53 - [MESSAGE][PASSED] - Text '256072691' is set on object 'Object Repository/RecAndPlayBk/Page-Vlink-Debit/input_Routing Number'

2023-02-15 23:20:53 - [TEST_STEP][PASSED] - setText(findTestObject("RecAndPlayBk/Page-Vlink-Debit/input_Amount"), amount): Text '12.50' is set on object 'Object Repository/RecAndPlayBk/Page-Vlink-Debit/input_Amount'

2023-02-15 23:20:54 - [MESSAGE][PASSED] - Text '12.50' is set on object 'Object Repository/RecAndPlayBk/Page-Vlink-Debit/input_Amount'

2023-02-15 23:20:54 - [TEST_STEP][PASSED] - setText(findTestObject("RecAndPlayBk/Page-Vlink-Debit/input_Check Email"), ""): Text '' is set on object 'Object Repository/RecAndPlayBk/Page-Vlink-Debit/input_Check Email'

2023-02-15 23:20:55 - [MESSAGE][PASSED] - Text '' is set on object 'Object Repository/RecAndPlayBk/Page-Vlink-Debit/input_Check Email'

2023-02-15 23:20:55 - [TEST_STEP][PASSED] - setText(findTestObject("Object Repository/RecAndPlayBk/Page-Vlink-Debit/input_concat(CheckWriter, , s SSN)_check_ssn"), ""): Text '' is set on object 'Object Repository/RecAndPlayBk/Page-Vlink-Debit/input_concat(CheckWriter, , s SSN)_check_ssn'

2023-02-15 23:20:55 - [MESSAGE][PASSED] - Text '' is set on object 'Object Repository/RecAndPlayBk/Page-Vlink-Debit/input_concat(CheckWriter, , s SSN)_check_ssn'

2023-02-15 23:20:55 - [TEST_STEP][PASSED] - setText(findTestObject("Object Repository/RecAndPlayBk/Page-Vlink-Debit/input_concat(CheckWriter, , s License Numbe_020fef"), ""): Text '' is set on object 'Object Repository/RecAndPlayBk/Page-Vlink-Debit/input_concat(CheckWriter, , s License Numbe_020fef'

2023-02-15 23:20:56 - [MESSAGE][PASSED] - Text '' is set on object 'Object Repository/RecAndPlayBk/Page-Vlink-Debit/input_concat(CheckWriter, , s License Numbe_020fef'

2023-02-15 23:20:56 - [TEST_STEP][PASSED] - setText(findTestObject("Object Repository/RecAndPlayBk/Page-Vlink-Debit/input_concat(CheckWriter, , s License State_21e3e7"), ""): Text '' is set on object 'Object Repository/RecAndPlayBk/Page-Vlink-Debit/input_concat(CheckWriter, , s License State_21e3e7'

2023-02-15 23:20:57 - [MESSAGE][PASSED] - Text '' is set on object 'Object Repository/RecAndPlayBk/Page-Vlink-Debit/input_concat(CheckWriter, , s License State_21e3e7'

2023-02-15 23:20:57 - [TEST_STEP][PASSED] - setText(findTestObject("RecAndPlayBk/Page-Vlink-Debit/input_Standard Entry Class"), sec): Text 'PPD' is set on object 'Object Repository/RecAndPlayBk/Page-Vlink-Debit/input_Standard Entry Class'

2023-02-15 23:20:57 - [MESSAGE][PASSED] - Text 'PPD' is set on object 'Object Repository/RecAndPlayBk/Page-Vlink-Debit/input_Standard Entry Class'

2023-02-15 23:20:57 - [TEST_STEP][PASSED] - click(findTestObject("Object Repository/RecAndPlayBk/Page-Vlink-Debit/input")): Object: 'Object Repository/RecAndPlayBk/Page-Vlink-Debit/input' is clicked on

2023-02-15 23:20:58 - [MESSAGE][PASSED] - Object: 'Object Repository/RecAndPlayBk/Page-Vlink-Debit/input' is clicked on

2023-02-15 23:20:58 - [TEST_STEP][PASSED] - if (verifyTextPresent("Transaction approved, no errors", true)): null

2023-02-15 23:20:58 - [MESSAGE][PASSED] - Text 'Transaction approved, no errors' is present on page  using regular expression

2023-02-15 23:20:58 - [TEST_STEP][PASSED] - println("Transaction Approved, no errors text is present on the Confirmation page"): null

2023-02-15 23:20:58 - [TEST_STEP][PASSED] - sdfo = getText(findTestObject("Object Repository/Page_VLinkReceipt/pre_STX")): Text of object 'Object Repository/Page_VLinkReceipt/pre_STX' is: '<STX>10781|68760|50141             12126757            0  Transaction approved, no errors                   0                                                                                                              <ETX>'

2023-02-15 23:20:59 - [MESSAGE][PASSED] - Text of object 'Object Repository/Page_VLinkReceipt/pre_STX' is: '<STX>10781|68760|50141             12126757            0  Transaction approved, no errors                   0                                                                                                              <ETX>'

2023-02-15 23:20:59 - [TEST_STEP][PASSED] - out.println("sdfo: " + sdfo): null

2023-02-15 23:20:59 - [TEST_STEP][PASSED] - remID = substring(5, 35).trim(): null

2023-02-15 23:20:59 - [TEST_STEP][PASSED] - out.println("remID: " + remID): null

2023-02-15 23:20:59 - [TEST_STEP][PASSED] - traxID = substring(35, 55).trim(): null

2023-02-15 23:20:59 - [TEST_STEP][PASSED] - out.println("traxID: " + traxID): null

2023-02-15 23:20:59 - [TEST_STEP][PASSED] - VLinkSaleRemID = remID: null

2023-02-15 23:20:59 - [TEST_STEP][PASSED] - VLinkSaleTranxID = traxID: null

2023-02-15 23:20:59 - [TEST_STEP][PASSED] - openBrowser(VLinkURL + "ACH_credit.html"): Browser is opened with url: 'https://dev-algorithm.govolution.com/vlinktest/QA/version_2_0/ACH_credit.html'

2023-02-15 23:20:59 - [MESSAGE][WARNING] - A browser is already opened. Closing browser and opening a new one

2023-02-15 23:21:00 - [MESSAGE][INFO] - Starting 'Chrome' driver

2023-02-15 23:21:00 - [MESSAGE][INFO] - User set preference: ['acceptInsecureCerts', 'true']

2023-02-15 23:21:00 - [MESSAGE][INFO] - Action delay is set to 0 milliseconds

2023-02-15 23:21:01 - [MESSAGE][PASSED] - Browser is opened with url: 'https://dev-algorithm.govolution.com/vlinktest/QA/version_2_0/ACH_credit.html'

2023-02-15 23:21:01 - [TEST_STEP][PASSED] - maximizeWindow(): Current window maximized

2023-02-15 23:21:02 - [MESSAGE][PASSED] - Current window maximized

2023-02-15 23:21:02 - [TEST_STEP][PASSED] - setText(findTestObject("Object Repository/RecAndPlayBk/Page-Vlink-ACH-Credit/input_Remittance Id"), VLinkSaleRemID): Text '10781|68760|50141' is set on object 'Object Repository/RecAndPlayBk/Page-Vlink-ACH-Credit/input_Remittance Id'

2023-02-15 23:21:02 - [MESSAGE][PASSED] - Text '10781|68760|50141' is set on object 'Object Repository/RecAndPlayBk/Page-Vlink-ACH-Credit/input_Remittance Id'

2023-02-15 23:21:02 - [TEST_STEP][PASSED] - setText(findTestObject("Object Repository/RecAndPlayBk/Page-Vlink-ACH-Credit/input_Application Id"), appID): Text '234' is set on object 'Object Repository/RecAndPlayBk/Page-Vlink-ACH-Credit/input_Application Id'

2023-02-15 23:21:03 - [MESSAGE][PASSED] - Text '234' is set on object 'Object Repository/RecAndPlayBk/Page-Vlink-ACH-Credit/input_Application Id'

2023-02-15 23:21:03 - [TEST_STEP][PASSED] - setText(findTestObject("Object Repository/RecAndPlayBk/Page-Vlink-ACH-Credit/input_Username"), username): Text 'username' is set on object 'Object Repository/RecAndPlayBk/Page-Vlink-ACH-Credit/input_Username'

2023-02-15 23:21:04 - [MESSAGE][PASSED] - Text 'username' is set on object 'Object Repository/RecAndPlayBk/Page-Vlink-ACH-Credit/input_Username'

2023-02-15 23:21:04 - [TEST_STEP][PASSED] - setText(findTestObject("Object Repository/RecAndPlayBk/Page-Vlink-ACH-Credit/input_Password"), password): Text 'password' is set on object 'Object Repository/RecAndPlayBk/Page-Vlink-ACH-Credit/input_Password'

2023-02-15 23:21:04 - [MESSAGE][PASSED] - Text 'password' is set on object 'Object Repository/RecAndPlayBk/Page-Vlink-ACH-Credit/input_Password'

2023-02-15 23:21:04 - [TEST_STEP][PASSED] - setText(findTestObject("Object Repository/RecAndPlayBk/Page-Vlink-ACH-Credit/input_Check Type"), checkType): Text 'P' is set on object 'Object Repository/RecAndPlayBk/Page-Vlink-ACH-Credit/input_Check Type'

2023-02-15 23:21:05 - [MESSAGE][PASSED] - Text 'P' is set on object 'Object Repository/RecAndPlayBk/Page-Vlink-ACH-Credit/input_Check Type'

2023-02-15 23:21:05 - [TEST_STEP][PASSED] - setText(findTestObject("Object Repository/RecAndPlayBk/Page-Vlink-ACH-Credit/input_Transaction ID"), VLinkSaleTranxID): Text '12126757' is set on object 'Object Repository/RecAndPlayBk/Page-Vlink-ACH-Credit/input_Transaction ID'

2023-02-15 23:21:05 - [MESSAGE][PASSED] - Text '12126757' is set on object 'Object Repository/RecAndPlayBk/Page-Vlink-ACH-Credit/input_Transaction ID'

2023-02-15 23:21:05 - [TEST_STEP][PASSED] - setText(findTestObject("Object Repository/RecAndPlayBk/Page-Vlink-ACH-Credit/input_Amount"), amount): Text '12.50' is set on object 'Object Repository/RecAndPlayBk/Page-Vlink-ACH-Credit/input_Amount'

2023-02-15 23:21:06 - [MESSAGE][PASSED] - Text '12.50' is set on object 'Object Repository/RecAndPlayBk/Page-Vlink-ACH-Credit/input_Amount'

2023-02-15 23:21:06 - [TEST_STEP][PASSED] - setText(findTestObject("Object Repository/RecAndPlayBk/Page-Vlink-ACH-Credit/input_Standard Entry Class"), sec): Text 'PPD' is set on object 'Object Repository/RecAndPlayBk/Page-Vlink-ACH-Credit/input_Standard Entry Class'

2023-02-15 23:21:07 - [MESSAGE][PASSED] - Text 'PPD' is set on object 'Object Repository/RecAndPlayBk/Page-Vlink-ACH-Credit/input_Standard Entry Class'

2023-02-15 23:21:07 - [TEST_STEP][PASSED] - setText(findTestObject("Object Repository/RecAndPlayBk/Page-Vlink-ACH-Credit/input_Account Number"), acNumber): Text '58963214' is set on object 'Object Repository/RecAndPlayBk/Page-Vlink-ACH-Credit/input_Account Number'

2023-02-15 23:21:07 - [MESSAGE][PASSED] - Text '58963214' is set on object 'Object Repository/RecAndPlayBk/Page-Vlink-ACH-Credit/input_Account Number'

2023-02-15 23:21:07 - [TEST_STEP][PASSED] - setText(findTestObject("Object Repository/RecAndPlayBk/Page-Vlink-ACH-Credit/input_Routing Number"), rtn): Text '256072691' is set on object 'Object Repository/RecAndPlayBk/Page-Vlink-ACH-Credit/input_Routing Number'

2023-02-15 23:21:08 - [MESSAGE][PASSED] - Text '256072691' is set on object 'Object Repository/RecAndPlayBk/Page-Vlink-ACH-Credit/input_Routing Number'

2023-02-15 23:21:08 - [TEST_STEP][PASSED] - click(findTestObject("Object Repository/RecAndPlayBk/Page-Vlink-ACH-Credit/input")): Object: 'Object Repository/RecAndPlayBk/Page-Vlink-ACH-Credit/input' is clicked on

2023-02-15 23:21:09 - [MESSAGE][PASSED] - Object: 'Object Repository/RecAndPlayBk/Page-Vlink-ACH-Credit/input' is clicked on

2023-02-15 23:21:09 - [TEST_STEP][PASSED] - if (verifyTextPresent("Transaction approved, no errors", true)): null

2023-02-15 23:21:09 - [MESSAGE][PASSED] - Text 'Transaction approved, no errors' is present on page  using regular expression

2023-02-15 23:21:09 - [TEST_STEP][PASSED] - println("Transaction Approved, no errors text is present on the Confirmation page"): null

2023-02-15 23:21:09 - [TEST_STEP][PASSED] - out.println("Pass Record Number: " + row): null

2023-02-15 23:21:09 - [TEST_STEP][PASSED] - resText = "Pass": null

2023-02-15 23:21:09 - [TEST_STEP][PASSED] - pages.WriteExcel.demoKey(resText, datText, resColumn, datCloumn, fileLoc, nameSheet, row): pages.WriteExcel.demoKey is PASSED

2023-02-15 23:21:09 - [MESSAGE][PASSED] - pages.WriteExcel.demoKey is PASSED

2023-02-15 23:21:09 - [TEST_STEP][PASSED] - ExecuteTC = findTestData(dataFile).getValue("Execute", row): null

2023-02-15 23:21:09 - [TEST_STEP][PASSED] - out.println("Value of Execute is : " + ExecuteTC): null

2023-02-15 23:21:09 - [TEST_STEP][PASSED] - switch (executionProfile): null

2023-02-15 23:21:09 - [TEST_STEP][PASSED] - case "QAProfile":: null

2023-02-15 23:21:09 - [TEST_STEP][PASSED] - appID = findTestData(dataFile).getValue("AppIDQA", row): null

2023-02-15 23:21:09 - [TEST_STEP][PASSED] - username = findTestData(dataFile).getValue("UsernameQA", row): null

2023-02-15 23:21:09 - [TEST_STEP][PASSED] - password = findTestData(dataFile).getValue("PasswordQA", row): null

2023-02-15 23:21:09 - [TEST_STEP][PASSED] - break: null

2023-02-15 23:21:09 - [TEST_STEP][PASSED] - if (ExecuteTC.equalsIgnoreCase("Y")): null

2023-02-15 23:21:09 - [TEST_STEP][PASSED] - out.println("Begin Record Number: " + row): null

2023-02-15 23:21:09 - [TEST_STEP][PASSED] - today = new java.util.Date(): null

2023-02-15 23:21:09 - [TEST_STEP][PASSED] - println(today): null

2023-02-15 23:21:09 - [TEST_STEP][PASSED] - datText = today: null

2023-02-15 23:21:09 - [TEST_STEP][PASSED] - checkType = findTestData(dataFile).getValue("CheckType", row): null

2023-02-15 23:21:09 - [TEST_STEP][PASSED] - acNumber = findTestData(dataFile).getValue("AcNumber", row): null

2023-02-15 23:21:09 - [TEST_STEP][PASSED] - company = findTestData(dataFile).getValue("Company", row): null

2023-02-15 23:21:09 - [TEST_STEP][PASSED] - acType = findTestData(dataFile).getValue("AcType", row): null

2023-02-15 23:21:09 - [TEST_STEP][PASSED] - rtn = findTestData(dataFile).getValue("RTN", row): null

2023-02-15 23:21:10 - [TEST_STEP][PASSED] - amount = findTestData(dataFile).getValue("Amount", row): null

2023-02-15 23:21:10 - [TEST_STEP][PASSED] - sec = findTestData(dataFile).getValue("SEC", row): null

2023-02-15 23:21:10 - [TEST_STEP][PASSED] - openBrowser(VLinkURL + "debit.html"): Browser is opened with url: 'https://dev-algorithm.govolution.com/vlinktest/QA/version_2_0/debit.html'

2023-02-15 23:21:10 - [MESSAGE][WARNING] - A browser is already opened. Closing browser and opening a new one

2023-02-15 23:21:11 - [MESSAGE][INFO] - Starting 'Chrome' driver

2023-02-15 23:21:11 - [MESSAGE][INFO] - User set preference: ['acceptInsecureCerts', 'true']

2023-02-15 23:21:11 - [MESSAGE][INFO] - Action delay is set to 0 milliseconds

2023-02-15 23:21:12 - [MESSAGE][PASSED] - Browser is opened with url: 'https://dev-algorithm.govolution.com/vlinktest/QA/version_2_0/debit.html'

2023-02-15 23:21:12 - [TEST_STEP][PASSED] - maximizeWindow(): Current window maximized

2023-02-15 23:21:13 - [MESSAGE][PASSED] - Current window maximized

2023-02-15 23:21:13 - [TEST_STEP][PASSED] - genRemID1 = random() * 99999).toInteger(): null

2023-02-15 23:21:13 - [TEST_STEP][PASSED] - genRemID2 = random() * 99999).toInteger(): null

2023-02-15 23:21:13 - [TEST_STEP][PASSED] - genRemID3 = random() * 99999).toInteger(): null

2023-02-15 23:21:13 - [TEST_STEP][PASSED] - println(genRemID1): null

2023-02-15 23:21:13 - [TEST_STEP][PASSED] - println(genRemID2): null

2023-02-15 23:21:13 - [TEST_STEP][PASSED] - println(genRemID3): null

2023-02-15 23:21:13 - [TEST_STEP][PASSED] - genRemID = genRemID1 + "|" + genRemID2 + "|" + genRemID3: null

2023-02-15 23:21:13 - [TEST_STEP][PASSED] - println(genRemID): null

2023-02-15 23:21:13 - [TEST_STEP][PASSED] - setText(findTestObject("RecAndPlayBk/Page-Vlink-Debit/input_Remittance Id"), genRemID): Text '14877|43140|39051' is set on object 'Object Repository/RecAndPlayBk/Page-Vlink-Debit/input_Remittance Id'

2023-02-15 23:21:13 - [MESSAGE][PASSED] - Text '14877|43140|39051' is set on object 'Object Repository/RecAndPlayBk/Page-Vlink-Debit/input_Remittance Id'

2023-02-15 23:21:13 - [TEST_STEP][PASSED] - setText(findTestObject("RecAndPlayBk/Page-Vlink-Debit/input_Application Id"), appID): Text '234' is set on object 'Object Repository/RecAndPlayBk/Page-Vlink-Debit/input_Application Id'

2023-02-15 23:21:14 - [MESSAGE][PASSED] - Text '234' is set on object 'Object Repository/RecAndPlayBk/Page-Vlink-Debit/input_Application Id'

2023-02-15 23:21:14 - [TEST_STEP][PASSED] - setText(findTestObject("RecAndPlayBk/Page-Vlink-Debit/input_Username"), username): Text 'username' is set on object 'Object Repository/RecAndPlayBk/Page-Vlink-Debit/input_Username'

2023-02-15 23:21:15 - [MESSAGE][PASSED] - Text 'username' is set on object 'Object Repository/RecAndPlayBk/Page-Vlink-Debit/input_Username'

2023-02-15 23:21:15 - [TEST_STEP][PASSED] - setText(findTestObject("RecAndPlayBk/Page-Vlink-Debit/input_Password"), password): Text 'password' is set on object 'Object Repository/RecAndPlayBk/Page-Vlink-Debit/input_Password'

2023-02-15 23:21:15 - [MESSAGE][PASSED] - Text 'password' is set on object 'Object Repository/RecAndPlayBk/Page-Vlink-Debit/input_Password'

2023-02-15 23:21:15 - [TEST_STEP][PASSED] - setText(findTestObject("RecAndPlayBk/Page-Vlink-Debit/input_Check Type"), checkType): Text 'C' is set on object 'Object Repository/RecAndPlayBk/Page-Vlink-Debit/input_Check Type'

2023-02-15 23:21:16 - [MESSAGE][PASSED] - Text 'C' is set on object 'Object Repository/RecAndPlayBk/Page-Vlink-Debit/input_Check Type'

2023-02-15 23:21:16 - [TEST_STEP][PASSED] - setText(findTestObject("RecAndPlayBk/Page-Vlink-Debit/input_Account_check"), acNumber): Text '58963214' is set on object 'Object Repository/RecAndPlayBk/Page-Vlink-Debit/input_Account_check'

2023-02-15 23:21:16 - [MESSAGE][PASSED] - Text '58963214' is set on object 'Object Repository/RecAndPlayBk/Page-Vlink-Debit/input_Account_check'

2023-02-15 23:21:16 - [TEST_STEP][PASSED] - setText(findTestObject("RecAndPlayBk/Page-Vlink-Debit/input_Company_check"), company): Text 'My Company' is set on object 'Object Repository/RecAndPlayBk/Page-Vlink-Debit/input_Company_check'

2023-02-15 23:21:17 - [MESSAGE][PASSED] - Text 'My Company' is set on object 'Object Repository/RecAndPlayBk/Page-Vlink-Debit/input_Company_check'

2023-02-15 23:21:17 - [TEST_STEP][PASSED] - setText(findTestObject("RecAndPlayBk/Page-Vlink-Debit/input_Account Type"), acType): Text '' is set on object 'Object Repository/RecAndPlayBk/Page-Vlink-Debit/input_Account Type'

2023-02-15 23:21:18 - [MESSAGE][PASSED] - Text '' is set on object 'Object Repository/RecAndPlayBk/Page-Vlink-Debit/input_Account Type'

2023-02-15 23:21:18 - [TEST_STEP][PASSED] - setText(findTestObject("RecAndPlayBk/Page-Vlink-Debit/input_Routing Number"), rtn): Text '256072691' is set on object 'Object Repository/RecAndPlayBk/Page-Vlink-Debit/input_Routing Number'

2023-02-15 23:21:18 - [MESSAGE][PASSED] - Text '256072691' is set on object 'Object Repository/RecAndPlayBk/Page-Vlink-Debit/input_Routing Number'

2023-02-15 23:21:18 - [TEST_STEP][PASSED] - setText(findTestObject("RecAndPlayBk/Page-Vlink-Debit/input_Amount"), amount): Text '12.50' is set on object 'Object Repository/RecAndPlayBk/Page-Vlink-Debit/input_Amount'

2023-02-15 23:21:19 - [MESSAGE][PASSED] - Text '12.50' is set on object 'Object Repository/RecAndPlayBk/Page-Vlink-Debit/input_Amount'

2023-02-15 23:21:19 - [TEST_STEP][PASSED] - setText(findTestObject("RecAndPlayBk/Page-Vlink-Debit/input_Check Email"), ""): Text '' is set on object 'Object Repository/RecAndPlayBk/Page-Vlink-Debit/input_Check Email'

2023-02-15 23:21:20 - [MESSAGE][PASSED] - Text '' is set on object 'Object Repository/RecAndPlayBk/Page-Vlink-Debit/input_Check Email'

2023-02-15 23:21:20 - [TEST_STEP][PASSED] - setText(findTestObject("Object Repository/RecAndPlayBk/Page-Vlink-Debit/input_concat(CheckWriter, , s SSN)_check_ssn"), ""): Text '' is set on object 'Object Repository/RecAndPlayBk/Page-Vlink-Debit/input_concat(CheckWriter, , s SSN)_check_ssn'

2023-02-15 23:21:20 - [MESSAGE][PASSED] - Text '' is set on object 'Object Repository/RecAndPlayBk/Page-Vlink-Debit/input_concat(CheckWriter, , s SSN)_check_ssn'

2023-02-15 23:21:20 - [TEST_STEP][PASSED] - setText(findTestObject("Object Repository/RecAndPlayBk/Page-Vlink-Debit/input_concat(CheckWriter, , s License Numbe_020fef"), ""): Text '' is set on object 'Object Repository/RecAndPlayBk/Page-Vlink-Debit/input_concat(CheckWriter, , s License Numbe_020fef'

2023-02-15 23:21:21 - [MESSAGE][PASSED] - Text '' is set on object 'Object Repository/RecAndPlayBk/Page-Vlink-Debit/input_concat(CheckWriter, , s License Numbe_020fef'

2023-02-15 23:21:21 - [TEST_STEP][PASSED] - setText(findTestObject("Object Repository/RecAndPlayBk/Page-Vlink-Debit/input_concat(CheckWriter, , s License State_21e3e7"), ""): Text '' is set on object 'Object Repository/RecAndPlayBk/Page-Vlink-Debit/input_concat(CheckWriter, , s License State_21e3e7'

2023-02-15 23:21:21 - [MESSAGE][PASSED] - Text '' is set on object 'Object Repository/RecAndPlayBk/Page-Vlink-Debit/input_concat(CheckWriter, , s License State_21e3e7'

2023-02-15 23:21:21 - [TEST_STEP][PASSED] - setText(findTestObject("RecAndPlayBk/Page-Vlink-Debit/input_Standard Entry Class"), sec): Text 'CCD' is set on object 'Object Repository/RecAndPlayBk/Page-Vlink-Debit/input_Standard Entry Class'

2023-02-15 23:21:22 - [MESSAGE][PASSED] - Text 'CCD' is set on object 'Object Repository/RecAndPlayBk/Page-Vlink-Debit/input_Standard Entry Class'

2023-02-15 23:21:22 - [TEST_STEP][PASSED] - click(findTestObject("Object Repository/RecAndPlayBk/Page-Vlink-Debit/input")): Object: 'Object Repository/RecAndPlayBk/Page-Vlink-Debit/input' is clicked on

2023-02-15 23:21:23 - [MESSAGE][PASSED] - Object: 'Object Repository/RecAndPlayBk/Page-Vlink-Debit/input' is clicked on

2023-02-15 23:21:23 - [TEST_STEP][PASSED] - if (verifyTextPresent("Transaction approved, no errors", true)): null

2023-02-15 23:21:23 - [MESSAGE][PASSED] - Text 'Transaction approved, no errors' is present on page  using regular expression

2023-02-15 23:21:23 - [TEST_STEP][PASSED] - println("Transaction Approved, no errors text is present on the Confirmation page"): null

2023-02-15 23:21:23 - [TEST_STEP][PASSED] - sdfo = getText(findTestObject("Object Repository/Page_VLinkReceipt/pre_STX")): Text of object 'Object Repository/Page_VLinkReceipt/pre_STX' is: '<STX>14877|43140|39051             12126759            0  Transaction approved, no errors                   0                                                                                                              <ETX>'

2023-02-15 23:21:24 - [MESSAGE][PASSED] - Text of object 'Object Repository/Page_VLinkReceipt/pre_STX' is: '<STX>14877|43140|39051             12126759            0  Transaction approved, no errors                   0                                                                                                              <ETX>'

2023-02-15 23:21:24 - [TEST_STEP][PASSED] - out.println("sdfo: " + sdfo): null

2023-02-15 23:21:24 - [TEST_STEP][PASSED] - remID = substring(5, 35).trim(): null

2023-02-15 23:21:24 - [TEST_STEP][PASSED] - out.println("remID: " + remID): null

2023-02-15 23:21:24 - [TEST_STEP][PASSED] - traxID = substring(35, 55).trim(): null

2023-02-15 23:21:24 - [TEST_STEP][PASSED] - out.println("traxID: " + traxID): null

2023-02-15 23:21:24 - [TEST_STEP][PASSED] - VLinkSaleRemID = remID: null

2023-02-15 23:21:24 - [TEST_STEP][PASSED] - VLinkSaleTranxID = traxID: null

2023-02-15 23:21:24 - [TEST_STEP][PASSED] - openBrowser(VLinkURL + "ACH_credit.html"): Browser is opened with url: 'https://dev-algorithm.govolution.com/vlinktest/QA/version_2_0/ACH_credit.html'

2023-02-15 23:21:24 - [MESSAGE][WARNING] - A browser is already opened. Closing browser and opening a new one

2023-02-15 23:21:24 - [MESSAGE][INFO] - Starting 'Chrome' driver

2023-02-15 23:21:24 - [MESSAGE][INFO] - User set preference: ['acceptInsecureCerts', 'true']

2023-02-15 23:21:24 - [MESSAGE][INFO] - Action delay is set to 0 milliseconds

2023-02-15 23:21:26 - [MESSAGE][PASSED] - Browser is opened with url: 'https://dev-algorithm.govolution.com/vlinktest/QA/version_2_0/ACH_credit.html'

2023-02-15 23:21:26 - [TEST_STEP][PASSED] - maximizeWindow(): Current window maximized

2023-02-15 23:21:26 - [MESSAGE][PASSED] - Current window maximized

2023-02-15 23:21:26 - [TEST_STEP][PASSED] - setText(findTestObject("Object Repository/RecAndPlayBk/Page-Vlink-ACH-Credit/input_Remittance Id"), VLinkSaleRemID): Text '14877|43140|39051' is set on object 'Object Repository/RecAndPlayBk/Page-Vlink-ACH-Credit/input_Remittance Id'

2023-02-15 23:21:27 - [MESSAGE][PASSED] - Text '14877|43140|39051' is set on object 'Object Repository/RecAndPlayBk/Page-Vlink-ACH-Credit/input_Remittance Id'

2023-02-15 23:21:27 - [TEST_STEP][PASSED] - setText(findTestObject("Object Repository/RecAndPlayBk/Page-Vlink-ACH-Credit/input_Application Id"), appID): Text '234' is set on object 'Object Repository/RecAndPlayBk/Page-Vlink-ACH-Credit/input_Application Id'

2023-02-15 23:21:28 - [MESSAGE][PASSED] - Text '234' is set on object 'Object Repository/RecAndPlayBk/Page-Vlink-ACH-Credit/input_Application Id'

2023-02-15 23:21:28 - [TEST_STEP][PASSED] - setText(findTestObject("Object Repository/RecAndPlayBk/Page-Vlink-ACH-Credit/input_Username"), username): Text 'username' is set on object 'Object Repository/RecAndPlayBk/Page-Vlink-ACH-Credit/input_Username'

2023-02-15 23:21:28 - [MESSAGE][PASSED] - Text 'username' is set on object 'Object Repository/RecAndPlayBk/Page-Vlink-ACH-Credit/input_Username'

2023-02-15 23:21:28 - [TEST_STEP][PASSED] - setText(findTestObject("Object Repository/RecAndPlayBk/Page-Vlink-ACH-Credit/input_Password"), password): Text 'password' is set on object 'Object Repository/RecAndPlayBk/Page-Vlink-ACH-Credit/input_Password'

2023-02-15 23:21:29 - [MESSAGE][PASSED] - Text 'password' is set on object 'Object Repository/RecAndPlayBk/Page-Vlink-ACH-Credit/input_Password'

2023-02-15 23:21:29 - [TEST_STEP][PASSED] - setText(findTestObject("Object Repository/RecAndPlayBk/Page-Vlink-ACH-Credit/input_Check Type"), checkType): Text 'C' is set on object 'Object Repository/RecAndPlayBk/Page-Vlink-ACH-Credit/input_Check Type'

2023-02-15 23:21:29 - [MESSAGE][PASSED] - Text 'C' is set on object 'Object Repository/RecAndPlayBk/Page-Vlink-ACH-Credit/input_Check Type'

2023-02-15 23:21:29 - [TEST_STEP][PASSED] - setText(findTestObject("Object Repository/RecAndPlayBk/Page-Vlink-ACH-Credit/input_Transaction ID"), VLinkSaleTranxID): Text '12126759' is set on object 'Object Repository/RecAndPlayBk/Page-Vlink-ACH-Credit/input_Transaction ID'

2023-02-15 23:21:30 - [MESSAGE][PASSED] - Text '12126759' is set on object 'Object Repository/RecAndPlayBk/Page-Vlink-ACH-Credit/input_Transaction ID'

2023-02-15 23:21:30 - [TEST_STEP][PASSED] - setText(findTestObject("Object Repository/RecAndPlayBk/Page-Vlink-ACH-Credit/input_Amount"), amount): Text '12.50' is set on object 'Object Repository/RecAndPlayBk/Page-Vlink-ACH-Credit/input_Amount'

2023-02-15 23:21:31 - [MESSAGE][PASSED] - Text '12.50' is set on object 'Object Repository/RecAndPlayBk/Page-Vlink-ACH-Credit/input_Amount'

2023-02-15 23:21:31 - [TEST_STEP][PASSED] - setText(findTestObject("Object Repository/RecAndPlayBk/Page-Vlink-ACH-Credit/input_Standard Entry Class"), sec): Text 'CCD' is set on object 'Object Repository/RecAndPlayBk/Page-Vlink-ACH-Credit/input_Standard Entry Class'

2023-02-15 23:21:31 - [MESSAGE][PASSED] - Text 'CCD' is set on object 'Object Repository/RecAndPlayBk/Page-Vlink-ACH-Credit/input_Standard Entry Class'

2023-02-15 23:21:31 - [TEST_STEP][PASSED] - setText(findTestObject("Object Repository/RecAndPlayBk/Page-Vlink-ACH-Credit/input_Account Number"), acNumber): Text '58963214' is set on object 'Object Repository/RecAndPlayBk/Page-Vlink-ACH-Credit/input_Account Number'

2023-02-15 23:21:32 - [MESSAGE][PASSED] - Text '58963214' is set on object 'Object Repository/RecAndPlayBk/Page-Vlink-ACH-Credit/input_Account Number'

2023-02-15 23:21:32 - [TEST_STEP][PASSED] - setText(findTestObject("Object Repository/RecAndPlayBk/Page-Vlink-ACH-Credit/input_Routing Number"), rtn): Text '256072691' is set on object 'Object Repository/RecAndPlayBk/Page-Vlink-ACH-Credit/input_Routing Number'

2023-02-15 23:21:32 - [MESSAGE][PASSED] - Text '256072691' is set on object 'Object Repository/RecAndPlayBk/Page-Vlink-ACH-Credit/input_Routing Number'

2023-02-15 23:21:32 - [TEST_STEP][PASSED] - click(findTestObject("Object Repository/RecAndPlayBk/Page-Vlink-ACH-Credit/input")): Object: 'Object Repository/RecAndPlayBk/Page-Vlink-ACH-Credit/input' is clicked on

2023-02-15 23:21:33 - [MESSAGE][PASSED] - Object: 'Object Repository/RecAndPlayBk/Page-Vlink-ACH-Credit/input' is clicked on

2023-02-15 23:21:33 - [TEST_STEP][PASSED] - if (verifyTextPresent("Transaction approved, no errors", true)): null

2023-02-15 23:21:34 - [MESSAGE][PASSED] - Text 'Transaction approved, no errors' is present on page  using regular expression

2023-02-15 23:21:34 - [TEST_STEP][PASSED] - println("Transaction Approved, no errors text is present on the Confirmation page"): null

2023-02-15 23:21:34 - [TEST_STEP][PASSED] - out.println("Pass Record Number: " + row): null

2023-02-15 23:21:34 - [TEST_STEP][PASSED] - resText = "Pass": null

2023-02-15 23:21:34 - [TEST_STEP][PASSED] - pages.WriteExcel.demoKey(resText, datText, resColumn, datCloumn, fileLoc, nameSheet, row): pages.WriteExcel.demoKey is PASSED

2023-02-15 23:21:34 - [MESSAGE][PASSED] - pages.WriteExcel.demoKey is PASSED]]></system-out>
         <system-err><![CDATA[]]></system-err>
      </testcase>
      <testcase name="Test Cases/RecAndPlayBk/VLink/Debit-RemID-Pipe" time="100.083" classname="Test Cases/RecAndPlayBk/VLink/Debit-RemID-Pipe" status="PASSED">
         <system-out><![CDATA[2023-02-15 23:21:34 - [TEST_CASE][PASSED] - Test Cases/RecAndPlayBk/VLink/Debit-RemID-Pipe: Test Cases/RecAndPlayBk/VLink/Debit-RemID-Pipe

2023-02-15 23:21:34 - [TEST_STEP][PASSED] - executionProfile = getExecutionProfile(): null

2023-02-15 23:21:34 - [TEST_STEP][PASSED] - out.println("executionProfile : " + executionProfile): null

2023-02-15 23:21:34 - [TEST_STEP][PASSED] - resText = "Fail": null

2023-02-15 23:21:34 - [TEST_STEP][PASSED] - resColumn = "Result": null

2023-02-15 23:21:34 - [TEST_STEP][PASSED] - datCloumn = "Date": null

2023-02-15 23:21:34 - [TEST_STEP][PASSED] - fileLoc = "KatalonData/VLinkSmokeDataACH.xlsx": null

2023-02-15 23:21:34 - [TEST_STEP][PASSED] - numOfRows = <not implemented yet for class: org.codehaus.groovy.ast.expr.EmptyExpression>: null

2023-02-15 23:21:34 - [TEST_STEP][PASSED] - dataFile = <not implemented yet for class: org.codehaus.groovy.ast.expr.EmptyExpression>: null

2023-02-15 23:21:34 - [TEST_STEP][PASSED] - nameSheet = <not implemented yet for class: org.codehaus.groovy.ast.expr.EmptyExpression>: null

2023-02-15 23:21:34 - [TEST_STEP][PASSED] - nameSheet = "Debit-RemID-Pipe": null

2023-02-15 23:21:34 - [TEST_STEP][PASSED] - numOfRows = findTestData("QA/VLinkTestData/VLinkDebitRemIDPipeData").getRowNumbers(): null

2023-02-15 23:21:34 - [TEST_STEP][PASSED] - println("Number of Records: " + numOfRows): null

2023-02-15 23:21:34 - [TEST_STEP][PASSED] - dataFile = "QA/VLinkTestData/VLinkDebitRemIDPipeData": null

2023-02-15 23:21:34 - [TEST_STEP][PASSED] - for ([row = 1, row <= numOfRows, (row++)]): null

2023-02-15 23:21:34 - [TEST_STEP][PASSED] - ExecuteTC = findTestData(dataFile).getValue("Execute", row): null

2023-02-15 23:21:34 - [TEST_STEP][PASSED] - out.println("Value of Execute is : " + ExecuteTC): null

2023-02-15 23:21:34 - [TEST_STEP][PASSED] - switch (executionProfile): null

2023-02-15 23:21:34 - [TEST_STEP][PASSED] - case "QAProfile":: null

2023-02-15 23:21:34 - [TEST_STEP][PASSED] - appID = findTestData(dataFile).getValue("AppIDQA", row): null

2023-02-15 23:21:34 - [TEST_STEP][PASSED] - username = findTestData(dataFile).getValue("UsernameQA", row): null

2023-02-15 23:21:34 - [TEST_STEP][PASSED] - password = findTestData(dataFile).getValue("PasswordQA", row): null

2023-02-15 23:21:34 - [TEST_STEP][PASSED] - break: null

2023-02-15 23:21:34 - [TEST_STEP][PASSED] - if (ExecuteTC.equalsIgnoreCase("Y")): null

2023-02-15 23:21:34 - [TEST_STEP][PASSED] - out.println("Begin Record Number: " + row): null

2023-02-15 23:21:34 - [TEST_STEP][PASSED] - today = new java.util.Date(): null

2023-02-15 23:21:34 - [TEST_STEP][PASSED] - println(today): null

2023-02-15 23:21:34 - [TEST_STEP][PASSED] - datText = today: null

2023-02-15 23:21:34 - [TEST_STEP][PASSED] - checkType = findTestData(dataFile).getValue("CheckType", row): null

2023-02-15 23:21:35 - [TEST_STEP][PASSED] - acNumber = findTestData(dataFile).getValue("AcNumber", row): null

2023-02-15 23:21:35 - [TEST_STEP][PASSED] - company = findTestData(dataFile).getValue("Company", row): null

2023-02-15 23:21:35 - [TEST_STEP][PASSED] - acType = findTestData(dataFile).getValue("AcType", row): null

2023-02-15 23:21:35 - [TEST_STEP][PASSED] - rtn = findTestData(dataFile).getValue("RTN", row): null

2023-02-15 23:21:35 - [TEST_STEP][PASSED] - amount = findTestData(dataFile).getValue("Amount", row): null

2023-02-15 23:21:35 - [TEST_STEP][PASSED] - sec = findTestData(dataFile).getValue("SEC", row): null

2023-02-15 23:21:35 - [TEST_STEP][PASSED] - openBrowser(VLinkURL + "debit.html"): Browser is opened with url: 'https://dev-algorithm.govolution.com/vlinktest/QA/version_2_0/debit.html'

2023-02-15 23:21:35 - [MESSAGE][WARNING] - A browser is already opened. Closing browser and opening a new one

2023-02-15 23:21:36 - [MESSAGE][INFO] - Starting 'Chrome' driver

2023-02-15 23:21:36 - [MESSAGE][INFO] - User set preference: ['acceptInsecureCerts', 'true']

2023-02-15 23:21:36 - [MESSAGE][INFO] - Action delay is set to 0 milliseconds

2023-02-15 23:21:38 - [MESSAGE][PASSED] - Browser is opened with url: 'https://dev-algorithm.govolution.com/vlinktest/QA/version_2_0/debit.html'

2023-02-15 23:21:38 - [TEST_STEP][PASSED] - maximizeWindow(): Current window maximized

2023-02-15 23:21:38 - [MESSAGE][PASSED] - Current window maximized

2023-02-15 23:21:38 - [TEST_STEP][PASSED] - genRemID1 = random() * 99999).toInteger(): null

2023-02-15 23:21:38 - [TEST_STEP][PASSED] - genRemID2 = random() * 99999).toInteger(): null

2023-02-15 23:21:38 - [TEST_STEP][PASSED] - genRemID3 = random() * 99999).toInteger(): null

2023-02-15 23:21:38 - [TEST_STEP][PASSED] - println(genRemID1): null

2023-02-15 23:21:38 - [TEST_STEP][PASSED] - println(genRemID2): null

2023-02-15 23:21:38 - [TEST_STEP][PASSED] - println(genRemID3): null

2023-02-15 23:21:38 - [TEST_STEP][PASSED] - genRemID = genRemID1 + "|" + genRemID2 + "|" + genRemID3: null

2023-02-15 23:21:38 - [TEST_STEP][PASSED] - println(genRemID): null

2023-02-15 23:21:38 - [TEST_STEP][PASSED] - setText(findTestObject("RecAndPlayBk/Page-Vlink-Debit/input_Remittance Id"), genRemID): Text '49494|16123|80586' is set on object 'Object Repository/RecAndPlayBk/Page-Vlink-Debit/input_Remittance Id'

2023-02-15 23:21:39 - [MESSAGE][PASSED] - Text '49494|16123|80586' is set on object 'Object Repository/RecAndPlayBk/Page-Vlink-Debit/input_Remittance Id'

2023-02-15 23:21:39 - [TEST_STEP][PASSED] - setText(findTestObject("RecAndPlayBk/Page-Vlink-Debit/input_Application Id"), appID): Text '234' is set on object 'Object Repository/RecAndPlayBk/Page-Vlink-Debit/input_Application Id'

2023-02-15 23:21:39 - [MESSAGE][PASSED] - Text '234' is set on object 'Object Repository/RecAndPlayBk/Page-Vlink-Debit/input_Application Id'

2023-02-15 23:21:39 - [TEST_STEP][PASSED] - setText(findTestObject("RecAndPlayBk/Page-Vlink-Debit/input_Username"), username): Text 'username' is set on object 'Object Repository/RecAndPlayBk/Page-Vlink-Debit/input_Username'

2023-02-15 23:21:40 - [MESSAGE][PASSED] - Text 'username' is set on object 'Object Repository/RecAndPlayBk/Page-Vlink-Debit/input_Username'

2023-02-15 23:21:40 - [TEST_STEP][PASSED] - setText(findTestObject("RecAndPlayBk/Page-Vlink-Debit/input_Password"), password): Text 'password' is set on object 'Object Repository/RecAndPlayBk/Page-Vlink-Debit/input_Password'

2023-02-15 23:21:40 - [MESSAGE][PASSED] - Text 'password' is set on object 'Object Repository/RecAndPlayBk/Page-Vlink-Debit/input_Password'

2023-02-15 23:21:40 - [TEST_STEP][PASSED] - setText(findTestObject("RecAndPlayBk/Page-Vlink-Debit/input_Check Type"), checkType): Text 'P' is set on object 'Object Repository/RecAndPlayBk/Page-Vlink-Debit/input_Check Type'

2023-02-15 23:21:41 - [MESSAGE][PASSED] - Text 'P' is set on object 'Object Repository/RecAndPlayBk/Page-Vlink-Debit/input_Check Type'

2023-02-15 23:21:41 - [TEST_STEP][PASSED] - setText(findTestObject("RecAndPlayBk/Page-Vlink-Debit/input_Account_check"), acNumber): Text '58963214' is set on object 'Object Repository/RecAndPlayBk/Page-Vlink-Debit/input_Account_check'

2023-02-15 23:21:42 - [MESSAGE][PASSED] - Text '58963214' is set on object 'Object Repository/RecAndPlayBk/Page-Vlink-Debit/input_Account_check'

2023-02-15 23:21:42 - [TEST_STEP][PASSED] - setText(findTestObject("RecAndPlayBk/Page-Vlink-Debit/input_Company_check"), company): Text '' is set on object 'Object Repository/RecAndPlayBk/Page-Vlink-Debit/input_Company_check'

2023-02-15 23:21:42 - [MESSAGE][PASSED] - Text '' is set on object 'Object Repository/RecAndPlayBk/Page-Vlink-Debit/input_Company_check'

2023-02-15 23:21:42 - [TEST_STEP][PASSED] - setText(findTestObject("RecAndPlayBk/Page-Vlink-Debit/input_Account Type"), acType): Text '1' is set on object 'Object Repository/RecAndPlayBk/Page-Vlink-Debit/input_Account Type'

2023-02-15 23:21:43 - [MESSAGE][PASSED] - Text '1' is set on object 'Object Repository/RecAndPlayBk/Page-Vlink-Debit/input_Account Type'

2023-02-15 23:21:43 - [TEST_STEP][PASSED] - setText(findTestObject("RecAndPlayBk/Page-Vlink-Debit/input_Routing Number"), rtn): Text '256072691' is set on object 'Object Repository/RecAndPlayBk/Page-Vlink-Debit/input_Routing Number'

2023-02-15 23:21:44 - [MESSAGE][PASSED] - Text '256072691' is set on object 'Object Repository/RecAndPlayBk/Page-Vlink-Debit/input_Routing Number'

2023-02-15 23:21:44 - [TEST_STEP][PASSED] - setText(findTestObject("RecAndPlayBk/Page-Vlink-Debit/input_Amount"), amount): Text '12.50' is set on object 'Object Repository/RecAndPlayBk/Page-Vlink-Debit/input_Amount'

2023-02-15 23:21:44 - [MESSAGE][PASSED] - Text '12.50' is set on object 'Object Repository/RecAndPlayBk/Page-Vlink-Debit/input_Amount'

2023-02-15 23:21:44 - [TEST_STEP][PASSED] - setText(findTestObject("RecAndPlayBk/Page-Vlink-Debit/input_Check Email"), ""): Text '' is set on object 'Object Repository/RecAndPlayBk/Page-Vlink-Debit/input_Check Email'

2023-02-15 23:21:45 - [MESSAGE][PASSED] - Text '' is set on object 'Object Repository/RecAndPlayBk/Page-Vlink-Debit/input_Check Email'

2023-02-15 23:21:45 - [TEST_STEP][PASSED] - setText(findTestObject("Object Repository/RecAndPlayBk/Page-Vlink-Debit/input_concat(CheckWriter, , s SSN)_check_ssn"), ""): Text '' is set on object 'Object Repository/RecAndPlayBk/Page-Vlink-Debit/input_concat(CheckWriter, , s SSN)_check_ssn'

2023-02-15 23:21:45 - [MESSAGE][PASSED] - Text '' is set on object 'Object Repository/RecAndPlayBk/Page-Vlink-Debit/input_concat(CheckWriter, , s SSN)_check_ssn'

2023-02-15 23:21:45 - [TEST_STEP][PASSED] - setText(findTestObject("Object Repository/RecAndPlayBk/Page-Vlink-Debit/input_concat(CheckWriter, , s License Numbe_020fef"), ""): Text '' is set on object 'Object Repository/RecAndPlayBk/Page-Vlink-Debit/input_concat(CheckWriter, , s License Numbe_020fef'

2023-02-15 23:21:46 - [MESSAGE][PASSED] - Text '' is set on object 'Object Repository/RecAndPlayBk/Page-Vlink-Debit/input_concat(CheckWriter, , s License Numbe_020fef'

2023-02-15 23:21:46 - [TEST_STEP][PASSED] - setText(findTestObject("Object Repository/RecAndPlayBk/Page-Vlink-Debit/input_concat(CheckWriter, , s License State_21e3e7"), ""): Text '' is set on object 'Object Repository/RecAndPlayBk/Page-Vlink-Debit/input_concat(CheckWriter, , s License State_21e3e7'

2023-02-15 23:21:47 - [MESSAGE][PASSED] - Text '' is set on object 'Object Repository/RecAndPlayBk/Page-Vlink-Debit/input_concat(CheckWriter, , s License State_21e3e7'

2023-02-15 23:21:47 - [TEST_STEP][PASSED] - setText(findTestObject("RecAndPlayBk/Page-Vlink-Debit/input_Standard Entry Class"), sec): Text 'WEB' is set on object 'Object Repository/RecAndPlayBk/Page-Vlink-Debit/input_Standard Entry Class'

2023-02-15 23:21:47 - [MESSAGE][PASSED] - Text 'WEB' is set on object 'Object Repository/RecAndPlayBk/Page-Vlink-Debit/input_Standard Entry Class'

2023-02-15 23:21:47 - [TEST_STEP][PASSED] - click(findTestObject("Object Repository/RecAndPlayBk/Page-Vlink-Debit/input")): Object: 'Object Repository/RecAndPlayBk/Page-Vlink-Debit/input' is clicked on

2023-02-15 23:21:48 - [MESSAGE][PASSED] - Object: 'Object Repository/RecAndPlayBk/Page-Vlink-Debit/input' is clicked on

2023-02-15 23:21:48 - [TEST_STEP][PASSED] - if (verifyTextPresent("Transaction approved, no errors", true)): null

2023-02-15 23:21:48 - [MESSAGE][PASSED] - Text 'Transaction approved, no errors' is present on page  using regular expression

2023-02-15 23:21:48 - [TEST_STEP][PASSED] - println("Transaction Approved, no errors text is present on the Confirmation page"): null

2023-02-15 23:21:48 - [TEST_STEP][PASSED] - out.println("Pass Record Number: " + row): null

2023-02-15 23:21:48 - [TEST_STEP][PASSED] - resText = "Pass": null

2023-02-15 23:21:48 - [TEST_STEP][PASSED] - pages.WriteExcel.demoKey(resText, datText, resColumn, datCloumn, fileLoc, nameSheet, row): pages.WriteExcel.demoKey is PASSED

2023-02-15 23:21:49 - [MESSAGE][PASSED] - pages.WriteExcel.demoKey is PASSED

2023-02-15 23:21:49 - [TEST_STEP][PASSED] - ExecuteTC = findTestData(dataFile).getValue("Execute", row): null

2023-02-15 23:21:49 - [TEST_STEP][PASSED] - out.println("Value of Execute is : " + ExecuteTC): null

2023-02-15 23:21:49 - [TEST_STEP][PASSED] - switch (executionProfile): null

2023-02-15 23:21:49 - [TEST_STEP][PASSED] - case "QAProfile":: null

2023-02-15 23:21:49 - [TEST_STEP][PASSED] - appID = findTestData(dataFile).getValue("AppIDQA", row): null

2023-02-15 23:21:49 - [TEST_STEP][PASSED] - username = findTestData(dataFile).getValue("UsernameQA", row): null

2023-02-15 23:21:49 - [TEST_STEP][PASSED] - password = findTestData(dataFile).getValue("PasswordQA", row): null

2023-02-15 23:21:49 - [TEST_STEP][PASSED] - break: null

2023-02-15 23:21:49 - [TEST_STEP][PASSED] - if (ExecuteTC.equalsIgnoreCase("Y")): null

2023-02-15 23:21:49 - [TEST_STEP][PASSED] - out.println("Begin Record Number: " + row): null

2023-02-15 23:21:49 - [TEST_STEP][PASSED] - today = new java.util.Date(): null

2023-02-15 23:21:49 - [TEST_STEP][PASSED] - println(today): null

2023-02-15 23:21:49 - [TEST_STEP][PASSED] - datText = today: null

2023-02-15 23:21:49 - [TEST_STEP][PASSED] - checkType = findTestData(dataFile).getValue("CheckType", row): null

2023-02-15 23:21:49 - [TEST_STEP][PASSED] - acNumber = findTestData(dataFile).getValue("AcNumber", row): null

2023-02-15 23:21:49 - [TEST_STEP][PASSED] - company = findTestData(dataFile).getValue("Company", row): null

2023-02-15 23:21:49 - [TEST_STEP][PASSED] - acType = findTestData(dataFile).getValue("AcType", row): null

2023-02-15 23:21:49 - [TEST_STEP][PASSED] - rtn = findTestData(dataFile).getValue("RTN", row): null

2023-02-15 23:21:49 - [TEST_STEP][PASSED] - amount = findTestData(dataFile).getValue("Amount", row): null

2023-02-15 23:21:49 - [TEST_STEP][PASSED] - sec = findTestData(dataFile).getValue("SEC", row): null

2023-02-15 23:21:49 - [TEST_STEP][PASSED] - openBrowser(VLinkURL + "debit.html"): Browser is opened with url: 'https://dev-algorithm.govolution.com/vlinktest/QA/version_2_0/debit.html'

2023-02-15 23:21:49 - [MESSAGE][WARNING] - A browser is already opened. Closing browser and opening a new one

2023-02-15 23:21:50 - [MESSAGE][INFO] - Starting 'Chrome' driver

2023-02-15 23:21:50 - [MESSAGE][INFO] - User set preference: ['acceptInsecureCerts', 'true']

2023-02-15 23:21:50 - [MESSAGE][INFO] - Action delay is set to 0 milliseconds

2023-02-15 23:21:52 - [MESSAGE][PASSED] - Browser is opened with url: 'https://dev-algorithm.govolution.com/vlinktest/QA/version_2_0/debit.html'

2023-02-15 23:21:52 - [TEST_STEP][PASSED] - maximizeWindow(): Current window maximized

2023-02-15 23:21:52 - [MESSAGE][PASSED] - Current window maximized

2023-02-15 23:21:52 - [TEST_STEP][PASSED] - genRemID1 = random() * 99999).toInteger(): null

2023-02-15 23:21:52 - [TEST_STEP][PASSED] - genRemID2 = random() * 99999).toInteger(): null

2023-02-15 23:21:52 - [TEST_STEP][PASSED] - genRemID3 = random() * 99999).toInteger(): null

2023-02-15 23:21:52 - [TEST_STEP][PASSED] - println(genRemID1): null

2023-02-15 23:21:52 - [TEST_STEP][PASSED] - println(genRemID2): null

2023-02-15 23:21:52 - [TEST_STEP][PASSED] - println(genRemID3): null

2023-02-15 23:21:52 - [TEST_STEP][PASSED] - genRemID = genRemID1 + "|" + genRemID2 + "|" + genRemID3: null

2023-02-15 23:21:52 - [TEST_STEP][PASSED] - println(genRemID): null

2023-02-15 23:21:52 - [TEST_STEP][PASSED] - setText(findTestObject("RecAndPlayBk/Page-Vlink-Debit/input_Remittance Id"), genRemID): Text '15178|82471|29069' is set on object 'Object Repository/RecAndPlayBk/Page-Vlink-Debit/input_Remittance Id'

2023-02-15 23:21:53 - [MESSAGE][PASSED] - Text '15178|82471|29069' is set on object 'Object Repository/RecAndPlayBk/Page-Vlink-Debit/input_Remittance Id'

2023-02-15 23:21:53 - [TEST_STEP][PASSED] - setText(findTestObject("RecAndPlayBk/Page-Vlink-Debit/input_Application Id"), appID): Text '234' is set on object 'Object Repository/RecAndPlayBk/Page-Vlink-Debit/input_Application Id'

2023-02-15 23:21:53 - [MESSAGE][PASSED] - Text '234' is set on object 'Object Repository/RecAndPlayBk/Page-Vlink-Debit/input_Application Id'

2023-02-15 23:21:53 - [TEST_STEP][PASSED] - setText(findTestObject("RecAndPlayBk/Page-Vlink-Debit/input_Username"), username): Text 'username' is set on object 'Object Repository/RecAndPlayBk/Page-Vlink-Debit/input_Username'

2023-02-15 23:21:54 - [MESSAGE][PASSED] - Text 'username' is set on object 'Object Repository/RecAndPlayBk/Page-Vlink-Debit/input_Username'

2023-02-15 23:21:54 - [TEST_STEP][PASSED] - setText(findTestObject("RecAndPlayBk/Page-Vlink-Debit/input_Password"), password): Text 'password' is set on object 'Object Repository/RecAndPlayBk/Page-Vlink-Debit/input_Password'

2023-02-15 23:21:55 - [MESSAGE][PASSED] - Text 'password' is set on object 'Object Repository/RecAndPlayBk/Page-Vlink-Debit/input_Password'

2023-02-15 23:21:55 - [TEST_STEP][PASSED] - setText(findTestObject("RecAndPlayBk/Page-Vlink-Debit/input_Check Type"), checkType): Text 'P' is set on object 'Object Repository/RecAndPlayBk/Page-Vlink-Debit/input_Check Type'

2023-02-15 23:21:55 - [MESSAGE][PASSED] - Text 'P' is set on object 'Object Repository/RecAndPlayBk/Page-Vlink-Debit/input_Check Type'

2023-02-15 23:21:55 - [TEST_STEP][PASSED] - setText(findTestObject("RecAndPlayBk/Page-Vlink-Debit/input_Account_check"), acNumber): Text '58963214' is set on object 'Object Repository/RecAndPlayBk/Page-Vlink-Debit/input_Account_check'

2023-02-15 23:21:56 - [MESSAGE][PASSED] - Text '58963214' is set on object 'Object Repository/RecAndPlayBk/Page-Vlink-Debit/input_Account_check'

2023-02-15 23:21:56 - [TEST_STEP][PASSED] - setText(findTestObject("RecAndPlayBk/Page-Vlink-Debit/input_Company_check"), company): Text '' is set on object 'Object Repository/RecAndPlayBk/Page-Vlink-Debit/input_Company_check'

2023-02-15 23:21:57 - [MESSAGE][PASSED] - Text '' is set on object 'Object Repository/RecAndPlayBk/Page-Vlink-Debit/input_Company_check'

2023-02-15 23:21:57 - [TEST_STEP][PASSED] - setText(findTestObject("RecAndPlayBk/Page-Vlink-Debit/input_Account Type"), acType): Text '1' is set on object 'Object Repository/RecAndPlayBk/Page-Vlink-Debit/input_Account Type'

2023-02-15 23:21:57 - [MESSAGE][PASSED] - Text '1' is set on object 'Object Repository/RecAndPlayBk/Page-Vlink-Debit/input_Account Type'

2023-02-15 23:21:57 - [TEST_STEP][PASSED] - setText(findTestObject("RecAndPlayBk/Page-Vlink-Debit/input_Routing Number"), rtn): Text '256072691' is set on object 'Object Repository/RecAndPlayBk/Page-Vlink-Debit/input_Routing Number'

2023-02-15 23:21:58 - [MESSAGE][PASSED] - Text '256072691' is set on object 'Object Repository/RecAndPlayBk/Page-Vlink-Debit/input_Routing Number'

2023-02-15 23:21:58 - [TEST_STEP][PASSED] - setText(findTestObject("RecAndPlayBk/Page-Vlink-Debit/input_Amount"), amount): Text '12.50' is set on object 'Object Repository/RecAndPlayBk/Page-Vlink-Debit/input_Amount'

2023-02-15 23:21:58 - [MESSAGE][PASSED] - Text '12.50' is set on object 'Object Repository/RecAndPlayBk/Page-Vlink-Debit/input_Amount'

2023-02-15 23:21:58 - [TEST_STEP][PASSED] - setText(findTestObject("RecAndPlayBk/Page-Vlink-Debit/input_Check Email"), ""): Text '' is set on object 'Object Repository/RecAndPlayBk/Page-Vlink-Debit/input_Check Email'

2023-02-15 23:21:59 - [MESSAGE][PASSED] - Text '' is set on object 'Object Repository/RecAndPlayBk/Page-Vlink-Debit/input_Check Email'

2023-02-15 23:21:59 - [TEST_STEP][PASSED] - setText(findTestObject("Object Repository/RecAndPlayBk/Page-Vlink-Debit/input_concat(CheckWriter, , s SSN)_check_ssn"), ""): Text '' is set on object 'Object Repository/RecAndPlayBk/Page-Vlink-Debit/input_concat(CheckWriter, , s SSN)_check_ssn'

2023-02-15 23:22:00 - [MESSAGE][PASSED] - Text '' is set on object 'Object Repository/RecAndPlayBk/Page-Vlink-Debit/input_concat(CheckWriter, , s SSN)_check_ssn'

2023-02-15 23:22:00 - [TEST_STEP][PASSED] - setText(findTestObject("Object Repository/RecAndPlayBk/Page-Vlink-Debit/input_concat(CheckWriter, , s License Numbe_020fef"), ""): Text '' is set on object 'Object Repository/RecAndPlayBk/Page-Vlink-Debit/input_concat(CheckWriter, , s License Numbe_020fef'

2023-02-15 23:22:00 - [MESSAGE][PASSED] - Text '' is set on object 'Object Repository/RecAndPlayBk/Page-Vlink-Debit/input_concat(CheckWriter, , s License Numbe_020fef'

2023-02-15 23:22:00 - [TEST_STEP][PASSED] - setText(findTestObject("Object Repository/RecAndPlayBk/Page-Vlink-Debit/input_concat(CheckWriter, , s License State_21e3e7"), ""): Text '' is set on object 'Object Repository/RecAndPlayBk/Page-Vlink-Debit/input_concat(CheckWriter, , s License State_21e3e7'

2023-02-15 23:22:01 - [MESSAGE][PASSED] - Text '' is set on object 'Object Repository/RecAndPlayBk/Page-Vlink-Debit/input_concat(CheckWriter, , s License State_21e3e7'

2023-02-15 23:22:01 - [TEST_STEP][PASSED] - setText(findTestObject("RecAndPlayBk/Page-Vlink-Debit/input_Standard Entry Class"), sec): Text 'TEL' is set on object 'Object Repository/RecAndPlayBk/Page-Vlink-Debit/input_Standard Entry Class'

2023-02-15 23:22:02 - [MESSAGE][PASSED] - Text 'TEL' is set on object 'Object Repository/RecAndPlayBk/Page-Vlink-Debit/input_Standard Entry Class'

2023-02-15 23:22:02 - [TEST_STEP][PASSED] - click(findTestObject("Object Repository/RecAndPlayBk/Page-Vlink-Debit/input")): Object: 'Object Repository/RecAndPlayBk/Page-Vlink-Debit/input' is clicked on

2023-02-15 23:22:02 - [MESSAGE][PASSED] - Object: 'Object Repository/RecAndPlayBk/Page-Vlink-Debit/input' is clicked on

2023-02-15 23:22:02 - [TEST_STEP][PASSED] - if (verifyTextPresent("Transaction approved, no errors", true)): null

2023-02-15 23:22:03 - [MESSAGE][PASSED] - Text 'Transaction approved, no errors' is present on page  using regular expression

2023-02-15 23:22:03 - [TEST_STEP][PASSED] - println("Transaction Approved, no errors text is present on the Confirmation page"): null

2023-02-15 23:22:03 - [TEST_STEP][PASSED] - out.println("Pass Record Number: " + row): null

2023-02-15 23:22:03 - [TEST_STEP][PASSED] - resText = "Pass": null

2023-02-15 23:22:03 - [TEST_STEP][PASSED] - pages.WriteExcel.demoKey(resText, datText, resColumn, datCloumn, fileLoc, nameSheet, row): pages.WriteExcel.demoKey is PASSED

2023-02-15 23:22:03 - [MESSAGE][PASSED] - pages.WriteExcel.demoKey is PASSED

2023-02-15 23:22:03 - [TEST_STEP][PASSED] - ExecuteTC = findTestData(dataFile).getValue("Execute", row): null

2023-02-15 23:22:03 - [TEST_STEP][PASSED] - out.println("Value of Execute is : " + ExecuteTC): null

2023-02-15 23:22:03 - [TEST_STEP][PASSED] - switch (executionProfile): null

2023-02-15 23:22:03 - [TEST_STEP][PASSED] - case "QAProfile":: null

2023-02-15 23:22:03 - [TEST_STEP][PASSED] - appID = findTestData(dataFile).getValue("AppIDQA", row): null

2023-02-15 23:22:03 - [TEST_STEP][PASSED] - username = findTestData(dataFile).getValue("UsernameQA", row): null

2023-02-15 23:22:03 - [TEST_STEP][PASSED] - password = findTestData(dataFile).getValue("PasswordQA", row): null

2023-02-15 23:22:03 - [TEST_STEP][PASSED] - break: null

2023-02-15 23:22:03 - [TEST_STEP][PASSED] - if (ExecuteTC.equalsIgnoreCase("Y")): null

2023-02-15 23:22:03 - [TEST_STEP][PASSED] - out.println("Begin Record Number: " + row): null

2023-02-15 23:22:03 - [TEST_STEP][PASSED] - today = new java.util.Date(): null

2023-02-15 23:22:03 - [TEST_STEP][PASSED] - println(today): null

2023-02-15 23:22:03 - [TEST_STEP][PASSED] - datText = today: null

2023-02-15 23:22:03 - [TEST_STEP][PASSED] - checkType = findTestData(dataFile).getValue("CheckType", row): null

2023-02-15 23:22:03 - [TEST_STEP][PASSED] - acNumber = findTestData(dataFile).getValue("AcNumber", row): null

2023-02-15 23:22:03 - [TEST_STEP][PASSED] - company = findTestData(dataFile).getValue("Company", row): null

2023-02-15 23:22:03 - [TEST_STEP][PASSED] - acType = findTestData(dataFile).getValue("AcType", row): null

2023-02-15 23:22:03 - [TEST_STEP][PASSED] - rtn = findTestData(dataFile).getValue("RTN", row): null

2023-02-15 23:22:03 - [TEST_STEP][PASSED] - amount = findTestData(dataFile).getValue("Amount", row): null

2023-02-15 23:22:03 - [TEST_STEP][PASSED] - sec = findTestData(dataFile).getValue("SEC", row): null

2023-02-15 23:22:03 - [TEST_STEP][PASSED] - openBrowser(VLinkURL + "debit.html"): Browser is opened with url: 'https://dev-algorithm.govolution.com/vlinktest/QA/version_2_0/debit.html'

2023-02-15 23:22:04 - [MESSAGE][WARNING] - A browser is already opened. Closing browser and opening a new one

2023-02-15 23:22:04 - [MESSAGE][INFO] - Starting 'Chrome' driver

2023-02-15 23:22:04 - [MESSAGE][INFO] - User set preference: ['acceptInsecureCerts', 'true']

2023-02-15 23:22:04 - [MESSAGE][INFO] - Action delay is set to 0 milliseconds

2023-02-15 23:22:06 - [MESSAGE][PASSED] - Browser is opened with url: 'https://dev-algorithm.govolution.com/vlinktest/QA/version_2_0/debit.html'

2023-02-15 23:22:06 - [TEST_STEP][PASSED] - maximizeWindow(): Current window maximized

2023-02-15 23:22:06 - [MESSAGE][PASSED] - Current window maximized

2023-02-15 23:22:06 - [TEST_STEP][PASSED] - genRemID1 = random() * 99999).toInteger(): null

2023-02-15 23:22:06 - [TEST_STEP][PASSED] - genRemID2 = random() * 99999).toInteger(): null

2023-02-15 23:22:06 - [TEST_STEP][PASSED] - genRemID3 = random() * 99999).toInteger(): null

2023-02-15 23:22:06 - [TEST_STEP][PASSED] - println(genRemID1): null

2023-02-15 23:22:06 - [TEST_STEP][PASSED] - println(genRemID2): null

2023-02-15 23:22:06 - [TEST_STEP][PASSED] - println(genRemID3): null

2023-02-15 23:22:06 - [TEST_STEP][PASSED] - genRemID = genRemID1 + "|" + genRemID2 + "|" + genRemID3: null

2023-02-15 23:22:06 - [TEST_STEP][PASSED] - println(genRemID): null

2023-02-15 23:22:06 - [TEST_STEP][PASSED] - setText(findTestObject("RecAndPlayBk/Page-Vlink-Debit/input_Remittance Id"), genRemID): Text '56744|10040|82919' is set on object 'Object Repository/RecAndPlayBk/Page-Vlink-Debit/input_Remittance Id'

2023-02-15 23:22:07 - [MESSAGE][PASSED] - Text '56744|10040|82919' is set on object 'Object Repository/RecAndPlayBk/Page-Vlink-Debit/input_Remittance Id'

2023-02-15 23:22:07 - [TEST_STEP][PASSED] - setText(findTestObject("RecAndPlayBk/Page-Vlink-Debit/input_Application Id"), appID): Text '234' is set on object 'Object Repository/RecAndPlayBk/Page-Vlink-Debit/input_Application Id'

2023-02-15 23:22:08 - [MESSAGE][PASSED] - Text '234' is set on object 'Object Repository/RecAndPlayBk/Page-Vlink-Debit/input_Application Id'

2023-02-15 23:22:08 - [TEST_STEP][PASSED] - setText(findTestObject("RecAndPlayBk/Page-Vlink-Debit/input_Username"), username): Text 'username' is set on object 'Object Repository/RecAndPlayBk/Page-Vlink-Debit/input_Username'

2023-02-15 23:22:08 - [MESSAGE][PASSED] - Text 'username' is set on object 'Object Repository/RecAndPlayBk/Page-Vlink-Debit/input_Username'

2023-02-15 23:22:08 - [TEST_STEP][PASSED] - setText(findTestObject("RecAndPlayBk/Page-Vlink-Debit/input_Password"), password): Text 'password' is set on object 'Object Repository/RecAndPlayBk/Page-Vlink-Debit/input_Password'

2023-02-15 23:22:09 - [MESSAGE][PASSED] - Text 'password' is set on object 'Object Repository/RecAndPlayBk/Page-Vlink-Debit/input_Password'

2023-02-15 23:22:09 - [TEST_STEP][PASSED] - setText(findTestObject("RecAndPlayBk/Page-Vlink-Debit/input_Check Type"), checkType): Text 'P' is set on object 'Object Repository/RecAndPlayBk/Page-Vlink-Debit/input_Check Type'

2023-02-15 23:22:10 - [MESSAGE][PASSED] - Text 'P' is set on object 'Object Repository/RecAndPlayBk/Page-Vlink-Debit/input_Check Type'

2023-02-15 23:22:10 - [TEST_STEP][PASSED] - setText(findTestObject("RecAndPlayBk/Page-Vlink-Debit/input_Account_check"), acNumber): Text '58963214' is set on object 'Object Repository/RecAndPlayBk/Page-Vlink-Debit/input_Account_check'

2023-02-15 23:22:10 - [MESSAGE][PASSED] - Text '58963214' is set on object 'Object Repository/RecAndPlayBk/Page-Vlink-Debit/input_Account_check'

2023-02-15 23:22:10 - [TEST_STEP][PASSED] - setText(findTestObject("RecAndPlayBk/Page-Vlink-Debit/input_Company_check"), company): Text '' is set on object 'Object Repository/RecAndPlayBk/Page-Vlink-Debit/input_Company_check'

2023-02-15 23:22:11 - [MESSAGE][PASSED] - Text '' is set on object 'Object Repository/RecAndPlayBk/Page-Vlink-Debit/input_Company_check'

2023-02-15 23:22:11 - [TEST_STEP][PASSED] - setText(findTestObject("RecAndPlayBk/Page-Vlink-Debit/input_Account Type"), acType): Text '1' is set on object 'Object Repository/RecAndPlayBk/Page-Vlink-Debit/input_Account Type'

2023-02-15 23:22:11 - [MESSAGE][PASSED] - Text '1' is set on object 'Object Repository/RecAndPlayBk/Page-Vlink-Debit/input_Account Type'

2023-02-15 23:22:11 - [TEST_STEP][PASSED] - setText(findTestObject("RecAndPlayBk/Page-Vlink-Debit/input_Routing Number"), rtn): Text '256072691' is set on object 'Object Repository/RecAndPlayBk/Page-Vlink-Debit/input_Routing Number'

2023-02-15 23:22:12 - [MESSAGE][PASSED] - Text '256072691' is set on object 'Object Repository/RecAndPlayBk/Page-Vlink-Debit/input_Routing Number'

2023-02-15 23:22:12 - [TEST_STEP][PASSED] - setText(findTestObject("RecAndPlayBk/Page-Vlink-Debit/input_Amount"), amount): Text '12.50' is set on object 'Object Repository/RecAndPlayBk/Page-Vlink-Debit/input_Amount'

2023-02-15 23:22:13 - [MESSAGE][PASSED] - Text '12.50' is set on object 'Object Repository/RecAndPlayBk/Page-Vlink-Debit/input_Amount'

2023-02-15 23:22:13 - [TEST_STEP][PASSED] - setText(findTestObject("RecAndPlayBk/Page-Vlink-Debit/input_Check Email"), ""): Text '' is set on object 'Object Repository/RecAndPlayBk/Page-Vlink-Debit/input_Check Email'

2023-02-15 23:22:13 - [MESSAGE][PASSED] - Text '' is set on object 'Object Repository/RecAndPlayBk/Page-Vlink-Debit/input_Check Email'

2023-02-15 23:22:13 - [TEST_STEP][PASSED] - setText(findTestObject("Object Repository/RecAndPlayBk/Page-Vlink-Debit/input_concat(CheckWriter, , s SSN)_check_ssn"), ""): Text '' is set on object 'Object Repository/RecAndPlayBk/Page-Vlink-Debit/input_concat(CheckWriter, , s SSN)_check_ssn'

2023-02-15 23:22:14 - [MESSAGE][PASSED] - Text '' is set on object 'Object Repository/RecAndPlayBk/Page-Vlink-Debit/input_concat(CheckWriter, , s SSN)_check_ssn'

2023-02-15 23:22:14 - [TEST_STEP][PASSED] - setText(findTestObject("Object Repository/RecAndPlayBk/Page-Vlink-Debit/input_concat(CheckWriter, , s License Numbe_020fef"), ""): Text '' is set on object 'Object Repository/RecAndPlayBk/Page-Vlink-Debit/input_concat(CheckWriter, , s License Numbe_020fef'

2023-02-15 23:22:14 - [MESSAGE][PASSED] - Text '' is set on object 'Object Repository/RecAndPlayBk/Page-Vlink-Debit/input_concat(CheckWriter, , s License Numbe_020fef'

2023-02-15 23:22:14 - [TEST_STEP][PASSED] - setText(findTestObject("Object Repository/RecAndPlayBk/Page-Vlink-Debit/input_concat(CheckWriter, , s License State_21e3e7"), ""): Text '' is set on object 'Object Repository/RecAndPlayBk/Page-Vlink-Debit/input_concat(CheckWriter, , s License State_21e3e7'

2023-02-15 23:22:15 - [MESSAGE][PASSED] - Text '' is set on object 'Object Repository/RecAndPlayBk/Page-Vlink-Debit/input_concat(CheckWriter, , s License State_21e3e7'

2023-02-15 23:22:15 - [TEST_STEP][PASSED] - setText(findTestObject("RecAndPlayBk/Page-Vlink-Debit/input_Standard Entry Class"), sec): Text 'PPD' is set on object 'Object Repository/RecAndPlayBk/Page-Vlink-Debit/input_Standard Entry Class'

2023-02-15 23:22:16 - [MESSAGE][PASSED] - Text 'PPD' is set on object 'Object Repository/RecAndPlayBk/Page-Vlink-Debit/input_Standard Entry Class'

2023-02-15 23:22:16 - [TEST_STEP][PASSED] - click(findTestObject("Object Repository/RecAndPlayBk/Page-Vlink-Debit/input")): Object: 'Object Repository/RecAndPlayBk/Page-Vlink-Debit/input' is clicked on

2023-02-15 23:22:17 - [MESSAGE][PASSED] - Object: 'Object Repository/RecAndPlayBk/Page-Vlink-Debit/input' is clicked on

2023-02-15 23:22:17 - [TEST_STEP][PASSED] - if (verifyTextPresent("Transaction approved, no errors", true)): null

2023-02-15 23:22:17 - [MESSAGE][PASSED] - Text 'Transaction approved, no errors' is present on page  using regular expression

2023-02-15 23:22:17 - [TEST_STEP][PASSED] - println("Transaction Approved, no errors text is present on the Confirmation page"): null

2023-02-15 23:22:17 - [TEST_STEP][PASSED] - out.println("Pass Record Number: " + row): null

2023-02-15 23:22:17 - [TEST_STEP][PASSED] - resText = "Pass": null

2023-02-15 23:22:17 - [TEST_STEP][PASSED] - pages.WriteExcel.demoKey(resText, datText, resColumn, datCloumn, fileLoc, nameSheet, row): pages.WriteExcel.demoKey is PASSED

2023-02-15 23:22:17 - [MESSAGE][PASSED] - pages.WriteExcel.demoKey is PASSED

2023-02-15 23:22:17 - [TEST_STEP][PASSED] - ExecuteTC = findTestData(dataFile).getValue("Execute", row): null

2023-02-15 23:22:17 - [TEST_STEP][PASSED] - out.println("Value of Execute is : " + ExecuteTC): null

2023-02-15 23:22:17 - [TEST_STEP][PASSED] - switch (executionProfile): null

2023-02-15 23:22:17 - [TEST_STEP][PASSED] - case "QAProfile":: null

2023-02-15 23:22:17 - [TEST_STEP][PASSED] - appID = findTestData(dataFile).getValue("AppIDQA", row): null

2023-02-15 23:22:17 - [TEST_STEP][PASSED] - username = findTestData(dataFile).getValue("UsernameQA", row): null

2023-02-15 23:22:17 - [TEST_STEP][PASSED] - password = findTestData(dataFile).getValue("PasswordQA", row): null

2023-02-15 23:22:17 - [TEST_STEP][PASSED] - break: null

2023-02-15 23:22:17 - [TEST_STEP][PASSED] - if (ExecuteTC.equalsIgnoreCase("Y")): null

2023-02-15 23:22:17 - [TEST_STEP][PASSED] - out.println("Begin Record Number: " + row): null

2023-02-15 23:22:17 - [TEST_STEP][PASSED] - today = new java.util.Date(): null

2023-02-15 23:22:17 - [TEST_STEP][PASSED] - println(today): null

2023-02-15 23:22:17 - [TEST_STEP][PASSED] - datText = today: null

2023-02-15 23:22:17 - [TEST_STEP][PASSED] - checkType = findTestData(dataFile).getValue("CheckType", row): null

2023-02-15 23:22:17 - [TEST_STEP][PASSED] - acNumber = findTestData(dataFile).getValue("AcNumber", row): null

2023-02-15 23:22:17 - [TEST_STEP][PASSED] - company = findTestData(dataFile).getValue("Company", row): null

2023-02-15 23:22:17 - [TEST_STEP][PASSED] - acType = findTestData(dataFile).getValue("AcType", row): null

2023-02-15 23:22:17 - [TEST_STEP][PASSED] - rtn = findTestData(dataFile).getValue("RTN", row): null

2023-02-15 23:22:18 - [TEST_STEP][PASSED] - amount = findTestData(dataFile).getValue("Amount", row): null

2023-02-15 23:22:18 - [TEST_STEP][PASSED] - sec = findTestData(dataFile).getValue("SEC", row): null

2023-02-15 23:22:18 - [TEST_STEP][PASSED] - openBrowser(VLinkURL + "debit.html"): Browser is opened with url: 'https://dev-algorithm.govolution.com/vlinktest/QA/version_2_0/debit.html'

2023-02-15 23:22:18 - [MESSAGE][WARNING] - A browser is already opened. Closing browser and opening a new one

2023-02-15 23:22:19 - [MESSAGE][INFO] - Starting 'Chrome' driver

2023-02-15 23:22:19 - [MESSAGE][INFO] - User set preference: ['acceptInsecureCerts', 'true']

2023-02-15 23:22:19 - [MESSAGE][INFO] - Action delay is set to 0 milliseconds

2023-02-15 23:22:20 - [MESSAGE][PASSED] - Browser is opened with url: 'https://dev-algorithm.govolution.com/vlinktest/QA/version_2_0/debit.html'

2023-02-15 23:22:20 - [TEST_STEP][PASSED] - maximizeWindow(): Current window maximized

2023-02-15 23:22:20 - [MESSAGE][PASSED] - Current window maximized

2023-02-15 23:22:20 - [TEST_STEP][PASSED] - genRemID1 = random() * 99999).toInteger(): null

2023-02-15 23:22:20 - [TEST_STEP][PASSED] - genRemID2 = random() * 99999).toInteger(): null

2023-02-15 23:22:20 - [TEST_STEP][PASSED] - genRemID3 = random() * 99999).toInteger(): null

2023-02-15 23:22:20 - [TEST_STEP][PASSED] - println(genRemID1): null

2023-02-15 23:22:20 - [TEST_STEP][PASSED] - println(genRemID2): null

2023-02-15 23:22:20 - [TEST_STEP][PASSED] - println(genRemID3): null

2023-02-15 23:22:20 - [TEST_STEP][PASSED] - genRemID = genRemID1 + "|" + genRemID2 + "|" + genRemID3: null

2023-02-15 23:22:20 - [TEST_STEP][PASSED] - println(genRemID): null

2023-02-15 23:22:20 - [TEST_STEP][PASSED] - setText(findTestObject("RecAndPlayBk/Page-Vlink-Debit/input_Remittance Id"), genRemID): Text '90358|51512|99118' is set on object 'Object Repository/RecAndPlayBk/Page-Vlink-Debit/input_Remittance Id'

2023-02-15 23:22:21 - [MESSAGE][PASSED] - Text '90358|51512|99118' is set on object 'Object Repository/RecAndPlayBk/Page-Vlink-Debit/input_Remittance Id'

2023-02-15 23:22:21 - [TEST_STEP][PASSED] - setText(findTestObject("RecAndPlayBk/Page-Vlink-Debit/input_Application Id"), appID): Text '234' is set on object 'Object Repository/RecAndPlayBk/Page-Vlink-Debit/input_Application Id'

2023-02-15 23:22:22 - [MESSAGE][PASSED] - Text '234' is set on object 'Object Repository/RecAndPlayBk/Page-Vlink-Debit/input_Application Id'

2023-02-15 23:22:22 - [TEST_STEP][PASSED] - setText(findTestObject("RecAndPlayBk/Page-Vlink-Debit/input_Username"), username): Text 'username' is set on object 'Object Repository/RecAndPlayBk/Page-Vlink-Debit/input_Username'

2023-02-15 23:22:22 - [MESSAGE][PASSED] - Text 'username' is set on object 'Object Repository/RecAndPlayBk/Page-Vlink-Debit/input_Username'

2023-02-15 23:22:22 - [TEST_STEP][PASSED] - setText(findTestObject("RecAndPlayBk/Page-Vlink-Debit/input_Password"), password): Text 'password' is set on object 'Object Repository/RecAndPlayBk/Page-Vlink-Debit/input_Password'

2023-02-15 23:22:23 - [MESSAGE][PASSED] - Text 'password' is set on object 'Object Repository/RecAndPlayBk/Page-Vlink-Debit/input_Password'

2023-02-15 23:22:23 - [TEST_STEP][PASSED] - setText(findTestObject("RecAndPlayBk/Page-Vlink-Debit/input_Check Type"), checkType): Text 'P' is set on object 'Object Repository/RecAndPlayBk/Page-Vlink-Debit/input_Check Type'

2023-02-15 23:22:24 - [MESSAGE][PASSED] - Text 'P' is set on object 'Object Repository/RecAndPlayBk/Page-Vlink-Debit/input_Check Type'

2023-02-15 23:22:24 - [TEST_STEP][PASSED] - setText(findTestObject("RecAndPlayBk/Page-Vlink-Debit/input_Account_check"), acNumber): Text '58963214' is set on object 'Object Repository/RecAndPlayBk/Page-Vlink-Debit/input_Account_check'

2023-02-15 23:22:24 - [MESSAGE][PASSED] - Text '58963214' is set on object 'Object Repository/RecAndPlayBk/Page-Vlink-Debit/input_Account_check'

2023-02-15 23:22:24 - [TEST_STEP][PASSED] - setText(findTestObject("RecAndPlayBk/Page-Vlink-Debit/input_Company_check"), company): Text '' is set on object 'Object Repository/RecAndPlayBk/Page-Vlink-Debit/input_Company_check'

2023-02-15 23:22:25 - [MESSAGE][PASSED] - Text '' is set on object 'Object Repository/RecAndPlayBk/Page-Vlink-Debit/input_Company_check'

2023-02-15 23:22:25 - [TEST_STEP][PASSED] - setText(findTestObject("RecAndPlayBk/Page-Vlink-Debit/input_Account Type"), acType): Text '2' is set on object 'Object Repository/RecAndPlayBk/Page-Vlink-Debit/input_Account Type'

2023-02-15 23:22:26 - [MESSAGE][PASSED] - Text '2' is set on object 'Object Repository/RecAndPlayBk/Page-Vlink-Debit/input_Account Type'

2023-02-15 23:22:26 - [TEST_STEP][PASSED] - setText(findTestObject("RecAndPlayBk/Page-Vlink-Debit/input_Routing Number"), rtn): Text '256072691' is set on object 'Object Repository/RecAndPlayBk/Page-Vlink-Debit/input_Routing Number'

2023-02-15 23:22:26 - [MESSAGE][PASSED] - Text '256072691' is set on object 'Object Repository/RecAndPlayBk/Page-Vlink-Debit/input_Routing Number'

2023-02-15 23:22:26 - [TEST_STEP][PASSED] - setText(findTestObject("RecAndPlayBk/Page-Vlink-Debit/input_Amount"), amount): Text '12.50' is set on object 'Object Repository/RecAndPlayBk/Page-Vlink-Debit/input_Amount'

2023-02-15 23:22:27 - [MESSAGE][PASSED] - Text '12.50' is set on object 'Object Repository/RecAndPlayBk/Page-Vlink-Debit/input_Amount'

2023-02-15 23:22:27 - [TEST_STEP][PASSED] - setText(findTestObject("RecAndPlayBk/Page-Vlink-Debit/input_Check Email"), ""): Text '' is set on object 'Object Repository/RecAndPlayBk/Page-Vlink-Debit/input_Check Email'

2023-02-15 23:22:27 - [MESSAGE][PASSED] - Text '' is set on object 'Object Repository/RecAndPlayBk/Page-Vlink-Debit/input_Check Email'

2023-02-15 23:22:27 - [TEST_STEP][PASSED] - setText(findTestObject("Object Repository/RecAndPlayBk/Page-Vlink-Debit/input_concat(CheckWriter, , s SSN)_check_ssn"), ""): Text '' is set on object 'Object Repository/RecAndPlayBk/Page-Vlink-Debit/input_concat(CheckWriter, , s SSN)_check_ssn'

2023-02-15 23:22:28 - [MESSAGE][PASSED] - Text '' is set on object 'Object Repository/RecAndPlayBk/Page-Vlink-Debit/input_concat(CheckWriter, , s SSN)_check_ssn'

2023-02-15 23:22:28 - [TEST_STEP][PASSED] - setText(findTestObject("Object Repository/RecAndPlayBk/Page-Vlink-Debit/input_concat(CheckWriter, , s License Numbe_020fef"), ""): Text '' is set on object 'Object Repository/RecAndPlayBk/Page-Vlink-Debit/input_concat(CheckWriter, , s License Numbe_020fef'

2023-02-15 23:22:29 - [MESSAGE][PASSED] - Text '' is set on object 'Object Repository/RecAndPlayBk/Page-Vlink-Debit/input_concat(CheckWriter, , s License Numbe_020fef'

2023-02-15 23:22:29 - [TEST_STEP][PASSED] - setText(findTestObject("Object Repository/RecAndPlayBk/Page-Vlink-Debit/input_concat(CheckWriter, , s License State_21e3e7"), ""): Text '' is set on object 'Object Repository/RecAndPlayBk/Page-Vlink-Debit/input_concat(CheckWriter, , s License State_21e3e7'

2023-02-15 23:22:29 - [MESSAGE][PASSED] - Text '' is set on object 'Object Repository/RecAndPlayBk/Page-Vlink-Debit/input_concat(CheckWriter, , s License State_21e3e7'

2023-02-15 23:22:29 - [TEST_STEP][PASSED] - setText(findTestObject("RecAndPlayBk/Page-Vlink-Debit/input_Standard Entry Class"), sec): Text 'WEB' is set on object 'Object Repository/RecAndPlayBk/Page-Vlink-Debit/input_Standard Entry Class'

2023-02-15 23:22:30 - [MESSAGE][PASSED] - Text 'WEB' is set on object 'Object Repository/RecAndPlayBk/Page-Vlink-Debit/input_Standard Entry Class'

2023-02-15 23:22:30 - [TEST_STEP][PASSED] - click(findTestObject("Object Repository/RecAndPlayBk/Page-Vlink-Debit/input")): Object: 'Object Repository/RecAndPlayBk/Page-Vlink-Debit/input' is clicked on

2023-02-15 23:22:31 - [MESSAGE][PASSED] - Object: 'Object Repository/RecAndPlayBk/Page-Vlink-Debit/input' is clicked on

2023-02-15 23:22:31 - [TEST_STEP][PASSED] - if (verifyTextPresent("Transaction approved, no errors", true)): null

2023-02-15 23:22:31 - [MESSAGE][PASSED] - Text 'Transaction approved, no errors' is present on page  using regular expression

2023-02-15 23:22:31 - [TEST_STEP][PASSED] - println("Transaction Approved, no errors text is present on the Confirmation page"): null

2023-02-15 23:22:31 - [TEST_STEP][PASSED] - out.println("Pass Record Number: " + row): null

2023-02-15 23:22:31 - [TEST_STEP][PASSED] - resText = "Pass": null

2023-02-15 23:22:31 - [TEST_STEP][PASSED] - pages.WriteExcel.demoKey(resText, datText, resColumn, datCloumn, fileLoc, nameSheet, row): pages.WriteExcel.demoKey is PASSED

2023-02-15 23:22:31 - [MESSAGE][PASSED] - pages.WriteExcel.demoKey is PASSED

2023-02-15 23:22:31 - [TEST_STEP][PASSED] - ExecuteTC = findTestData(dataFile).getValue("Execute", row): null

2023-02-15 23:22:31 - [TEST_STEP][PASSED] - out.println("Value of Execute is : " + ExecuteTC): null

2023-02-15 23:22:31 - [TEST_STEP][PASSED] - switch (executionProfile): null

2023-02-15 23:22:31 - [TEST_STEP][PASSED] - case "QAProfile":: null

2023-02-15 23:22:31 - [TEST_STEP][PASSED] - appID = findTestData(dataFile).getValue("AppIDQA", row): null

2023-02-15 23:22:31 - [TEST_STEP][PASSED] - username = findTestData(dataFile).getValue("UsernameQA", row): null

2023-02-15 23:22:31 - [TEST_STEP][PASSED] - password = findTestData(dataFile).getValue("PasswordQA", row): null

2023-02-15 23:22:31 - [TEST_STEP][PASSED] - break: null

2023-02-15 23:22:31 - [TEST_STEP][PASSED] - if (ExecuteTC.equalsIgnoreCase("Y")): null

2023-02-15 23:22:31 - [TEST_STEP][PASSED] - out.println("Begin Record Number: " + row): null

2023-02-15 23:22:31 - [TEST_STEP][PASSED] - today = new java.util.Date(): null

2023-02-15 23:22:31 - [TEST_STEP][PASSED] - println(today): null

2023-02-15 23:22:31 - [TEST_STEP][PASSED] - datText = today: null

2023-02-15 23:22:31 - [TEST_STEP][PASSED] - checkType = findTestData(dataFile).getValue("CheckType", row): null

2023-02-15 23:22:31 - [TEST_STEP][PASSED] - acNumber = findTestData(dataFile).getValue("AcNumber", row): null

2023-02-15 23:22:32 - [TEST_STEP][PASSED] - company = findTestData(dataFile).getValue("Company", row): null

2023-02-15 23:22:32 - [TEST_STEP][PASSED] - acType = findTestData(dataFile).getValue("AcType", row): null

2023-02-15 23:22:32 - [TEST_STEP][PASSED] - rtn = findTestData(dataFile).getValue("RTN", row): null

2023-02-15 23:22:32 - [TEST_STEP][PASSED] - amount = findTestData(dataFile).getValue("Amount", row): null

2023-02-15 23:22:32 - [TEST_STEP][PASSED] - sec = findTestData(dataFile).getValue("SEC", row): null

2023-02-15 23:22:32 - [TEST_STEP][PASSED] - openBrowser(VLinkURL + "debit.html"): Browser is opened with url: 'https://dev-algorithm.govolution.com/vlinktest/QA/version_2_0/debit.html'

2023-02-15 23:22:32 - [MESSAGE][WARNING] - A browser is already opened. Closing browser and opening a new one

2023-02-15 23:22:33 - [MESSAGE][INFO] - Starting 'Chrome' driver

2023-02-15 23:22:33 - [MESSAGE][INFO] - User set preference: ['acceptInsecureCerts', 'true']

2023-02-15 23:22:33 - [MESSAGE][INFO] - Action delay is set to 0 milliseconds

2023-02-15 23:22:34 - [MESSAGE][PASSED] - Browser is opened with url: 'https://dev-algorithm.govolution.com/vlinktest/QA/version_2_0/debit.html'

2023-02-15 23:22:34 - [TEST_STEP][PASSED] - maximizeWindow(): Current window maximized

2023-02-15 23:22:35 - [MESSAGE][PASSED] - Current window maximized

2023-02-15 23:22:35 - [TEST_STEP][PASSED] - genRemID1 = random() * 99999).toInteger(): null

2023-02-15 23:22:35 - [TEST_STEP][PASSED] - genRemID2 = random() * 99999).toInteger(): null

2023-02-15 23:22:35 - [TEST_STEP][PASSED] - genRemID3 = random() * 99999).toInteger(): null

2023-02-15 23:22:35 - [TEST_STEP][PASSED] - println(genRemID1): null

2023-02-15 23:22:35 - [TEST_STEP][PASSED] - println(genRemID2): null

2023-02-15 23:22:35 - [TEST_STEP][PASSED] - println(genRemID3): null

2023-02-15 23:22:35 - [TEST_STEP][PASSED] - genRemID = genRemID1 + "|" + genRemID2 + "|" + genRemID3: null

2023-02-15 23:22:35 - [TEST_STEP][PASSED] - println(genRemID): null

2023-02-15 23:22:35 - [TEST_STEP][PASSED] - setText(findTestObject("RecAndPlayBk/Page-Vlink-Debit/input_Remittance Id"), genRemID): Text '32657|62171|5513' is set on object 'Object Repository/RecAndPlayBk/Page-Vlink-Debit/input_Remittance Id'

2023-02-15 23:22:35 - [MESSAGE][PASSED] - Text '32657|62171|5513' is set on object 'Object Repository/RecAndPlayBk/Page-Vlink-Debit/input_Remittance Id'

2023-02-15 23:22:35 - [TEST_STEP][PASSED] - setText(findTestObject("RecAndPlayBk/Page-Vlink-Debit/input_Application Id"), appID): Text '234' is set on object 'Object Repository/RecAndPlayBk/Page-Vlink-Debit/input_Application Id'

2023-02-15 23:22:36 - [MESSAGE][PASSED] - Text '234' is set on object 'Object Repository/RecAndPlayBk/Page-Vlink-Debit/input_Application Id'

2023-02-15 23:22:36 - [TEST_STEP][PASSED] - setText(findTestObject("RecAndPlayBk/Page-Vlink-Debit/input_Username"), username): Text 'username' is set on object 'Object Repository/RecAndPlayBk/Page-Vlink-Debit/input_Username'

2023-02-15 23:22:37 - [MESSAGE][PASSED] - Text 'username' is set on object 'Object Repository/RecAndPlayBk/Page-Vlink-Debit/input_Username'

2023-02-15 23:22:37 - [TEST_STEP][PASSED] - setText(findTestObject("RecAndPlayBk/Page-Vlink-Debit/input_Password"), password): Text 'password' is set on object 'Object Repository/RecAndPlayBk/Page-Vlink-Debit/input_Password'

2023-02-15 23:22:37 - [MESSAGE][PASSED] - Text 'password' is set on object 'Object Repository/RecAndPlayBk/Page-Vlink-Debit/input_Password'

2023-02-15 23:22:37 - [TEST_STEP][PASSED] - setText(findTestObject("RecAndPlayBk/Page-Vlink-Debit/input_Check Type"), checkType): Text 'P' is set on object 'Object Repository/RecAndPlayBk/Page-Vlink-Debit/input_Check Type'

2023-02-15 23:22:38 - [MESSAGE][PASSED] - Text 'P' is set on object 'Object Repository/RecAndPlayBk/Page-Vlink-Debit/input_Check Type'

2023-02-15 23:22:38 - [TEST_STEP][PASSED] - setText(findTestObject("RecAndPlayBk/Page-Vlink-Debit/input_Account_check"), acNumber): Text '58963214' is set on object 'Object Repository/RecAndPlayBk/Page-Vlink-Debit/input_Account_check'

2023-02-15 23:22:38 - [MESSAGE][PASSED] - Text '58963214' is set on object 'Object Repository/RecAndPlayBk/Page-Vlink-Debit/input_Account_check'

2023-02-15 23:22:38 - [TEST_STEP][PASSED] - setText(findTestObject("RecAndPlayBk/Page-Vlink-Debit/input_Company_check"), company): Text '' is set on object 'Object Repository/RecAndPlayBk/Page-Vlink-Debit/input_Company_check'

2023-02-15 23:22:39 - [MESSAGE][PASSED] - Text '' is set on object 'Object Repository/RecAndPlayBk/Page-Vlink-Debit/input_Company_check'

2023-02-15 23:22:39 - [TEST_STEP][PASSED] - setText(findTestObject("RecAndPlayBk/Page-Vlink-Debit/input_Account Type"), acType): Text '2' is set on object 'Object Repository/RecAndPlayBk/Page-Vlink-Debit/input_Account Type'

2023-02-15 23:22:40 - [MESSAGE][PASSED] - Text '2' is set on object 'Object Repository/RecAndPlayBk/Page-Vlink-Debit/input_Account Type'

2023-02-15 23:22:40 - [TEST_STEP][PASSED] - setText(findTestObject("RecAndPlayBk/Page-Vlink-Debit/input_Routing Number"), rtn): Text '256072691' is set on object 'Object Repository/RecAndPlayBk/Page-Vlink-Debit/input_Routing Number'

2023-02-15 23:22:40 - [MESSAGE][PASSED] - Text '256072691' is set on object 'Object Repository/RecAndPlayBk/Page-Vlink-Debit/input_Routing Number'

2023-02-15 23:22:40 - [TEST_STEP][PASSED] - setText(findTestObject("RecAndPlayBk/Page-Vlink-Debit/input_Amount"), amount): Text '12.50' is set on object 'Object Repository/RecAndPlayBk/Page-Vlink-Debit/input_Amount'

2023-02-15 23:22:41 - [MESSAGE][PASSED] - Text '12.50' is set on object 'Object Repository/RecAndPlayBk/Page-Vlink-Debit/input_Amount'

2023-02-15 23:22:41 - [TEST_STEP][PASSED] - setText(findTestObject("RecAndPlayBk/Page-Vlink-Debit/input_Check Email"), ""): Text '' is set on object 'Object Repository/RecAndPlayBk/Page-Vlink-Debit/input_Check Email'

2023-02-15 23:22:42 - [MESSAGE][PASSED] - Text '' is set on object 'Object Repository/RecAndPlayBk/Page-Vlink-Debit/input_Check Email'

2023-02-15 23:22:42 - [TEST_STEP][PASSED] - setText(findTestObject("Object Repository/RecAndPlayBk/Page-Vlink-Debit/input_concat(CheckWriter, , s SSN)_check_ssn"), ""): Text '' is set on object 'Object Repository/RecAndPlayBk/Page-Vlink-Debit/input_concat(CheckWriter, , s SSN)_check_ssn'

2023-02-15 23:22:42 - [MESSAGE][PASSED] - Text '' is set on object 'Object Repository/RecAndPlayBk/Page-Vlink-Debit/input_concat(CheckWriter, , s SSN)_check_ssn'

2023-02-15 23:22:42 - [TEST_STEP][PASSED] - setText(findTestObject("Object Repository/RecAndPlayBk/Page-Vlink-Debit/input_concat(CheckWriter, , s License Numbe_020fef"), ""): Text '' is set on object 'Object Repository/RecAndPlayBk/Page-Vlink-Debit/input_concat(CheckWriter, , s License Numbe_020fef'

2023-02-15 23:22:43 - [MESSAGE][PASSED] - Text '' is set on object 'Object Repository/RecAndPlayBk/Page-Vlink-Debit/input_concat(CheckWriter, , s License Numbe_020fef'

2023-02-15 23:22:43 - [TEST_STEP][PASSED] - setText(findTestObject("Object Repository/RecAndPlayBk/Page-Vlink-Debit/input_concat(CheckWriter, , s License State_21e3e7"), ""): Text '' is set on object 'Object Repository/RecAndPlayBk/Page-Vlink-Debit/input_concat(CheckWriter, , s License State_21e3e7'

2023-02-15 23:22:43 - [MESSAGE][PASSED] - Text '' is set on object 'Object Repository/RecAndPlayBk/Page-Vlink-Debit/input_concat(CheckWriter, , s License State_21e3e7'

2023-02-15 23:22:43 - [TEST_STEP][PASSED] - setText(findTestObject("RecAndPlayBk/Page-Vlink-Debit/input_Standard Entry Class"), sec): Text 'TEL' is set on object 'Object Repository/RecAndPlayBk/Page-Vlink-Debit/input_Standard Entry Class'

2023-02-15 23:22:44 - [MESSAGE][PASSED] - Text 'TEL' is set on object 'Object Repository/RecAndPlayBk/Page-Vlink-Debit/input_Standard Entry Class'

2023-02-15 23:22:44 - [TEST_STEP][PASSED] - click(findTestObject("Object Repository/RecAndPlayBk/Page-Vlink-Debit/input")): Object: 'Object Repository/RecAndPlayBk/Page-Vlink-Debit/input' is clicked on

2023-02-15 23:22:45 - [MESSAGE][PASSED] - Object: 'Object Repository/RecAndPlayBk/Page-Vlink-Debit/input' is clicked on

2023-02-15 23:22:45 - [TEST_STEP][PASSED] - if (verifyTextPresent("Transaction approved, no errors", true)): null

2023-02-15 23:22:45 - [MESSAGE][PASSED] - Text 'Transaction approved, no errors' is present on page  using regular expression

2023-02-15 23:22:45 - [TEST_STEP][PASSED] - println("Transaction Approved, no errors text is present on the Confirmation page"): null

2023-02-15 23:22:45 - [TEST_STEP][PASSED] - out.println("Pass Record Number: " + row): null

2023-02-15 23:22:45 - [TEST_STEP][PASSED] - resText = "Pass": null

2023-02-15 23:22:45 - [TEST_STEP][PASSED] - pages.WriteExcel.demoKey(resText, datText, resColumn, datCloumn, fileLoc, nameSheet, row): pages.WriteExcel.demoKey is PASSED

2023-02-15 23:22:45 - [MESSAGE][PASSED] - pages.WriteExcel.demoKey is PASSED

2023-02-15 23:22:45 - [TEST_STEP][PASSED] - ExecuteTC = findTestData(dataFile).getValue("Execute", row): null

2023-02-15 23:22:45 - [TEST_STEP][PASSED] - out.println("Value of Execute is : " + ExecuteTC): null

2023-02-15 23:22:45 - [TEST_STEP][PASSED] - switch (executionProfile): null

2023-02-15 23:22:45 - [TEST_STEP][PASSED] - case "QAProfile":: null

2023-02-15 23:22:45 - [TEST_STEP][PASSED] - appID = findTestData(dataFile).getValue("AppIDQA", row): null

2023-02-15 23:22:45 - [TEST_STEP][PASSED] - username = findTestData(dataFile).getValue("UsernameQA", row): null

2023-02-15 23:22:46 - [TEST_STEP][PASSED] - password = findTestData(dataFile).getValue("PasswordQA", row): null

2023-02-15 23:22:46 - [TEST_STEP][PASSED] - break: null

2023-02-15 23:22:46 - [TEST_STEP][PASSED] - if (ExecuteTC.equalsIgnoreCase("Y")): null

2023-02-15 23:22:46 - [TEST_STEP][PASSED] - out.println("Begin Record Number: " + row): null

2023-02-15 23:22:46 - [TEST_STEP][PASSED] - today = new java.util.Date(): null

2023-02-15 23:22:46 - [TEST_STEP][PASSED] - println(today): null

2023-02-15 23:22:46 - [TEST_STEP][PASSED] - datText = today: null

2023-02-15 23:22:46 - [TEST_STEP][PASSED] - checkType = findTestData(dataFile).getValue("CheckType", row): null

2023-02-15 23:22:46 - [TEST_STEP][PASSED] - acNumber = findTestData(dataFile).getValue("AcNumber", row): null

2023-02-15 23:22:46 - [TEST_STEP][PASSED] - company = findTestData(dataFile).getValue("Company", row): null

2023-02-15 23:22:46 - [TEST_STEP][PASSED] - acType = findTestData(dataFile).getValue("AcType", row): null

2023-02-15 23:22:46 - [TEST_STEP][PASSED] - rtn = findTestData(dataFile).getValue("RTN", row): null

2023-02-15 23:22:46 - [TEST_STEP][PASSED] - amount = findTestData(dataFile).getValue("Amount", row): null

2023-02-15 23:22:46 - [TEST_STEP][PASSED] - sec = findTestData(dataFile).getValue("SEC", row): null

2023-02-15 23:22:46 - [TEST_STEP][PASSED] - openBrowser(VLinkURL + "debit.html"): Browser is opened with url: 'https://dev-algorithm.govolution.com/vlinktest/QA/version_2_0/debit.html'

2023-02-15 23:22:46 - [MESSAGE][WARNING] - A browser is already opened. Closing browser and opening a new one

2023-02-15 23:22:47 - [MESSAGE][INFO] - Starting 'Chrome' driver

2023-02-15 23:22:47 - [MESSAGE][INFO] - User set preference: ['acceptInsecureCerts', 'true']

2023-02-15 23:22:47 - [MESSAGE][INFO] - Action delay is set to 0 milliseconds

2023-02-15 23:22:49 - [MESSAGE][PASSED] - Browser is opened with url: 'https://dev-algorithm.govolution.com/vlinktest/QA/version_2_0/debit.html'

2023-02-15 23:22:49 - [TEST_STEP][PASSED] - maximizeWindow(): Current window maximized

2023-02-15 23:22:49 - [MESSAGE][PASSED] - Current window maximized

2023-02-15 23:22:49 - [TEST_STEP][PASSED] - genRemID1 = random() * 99999).toInteger(): null

2023-02-15 23:22:49 - [TEST_STEP][PASSED] - genRemID2 = random() * 99999).toInteger(): null

2023-02-15 23:22:49 - [TEST_STEP][PASSED] - genRemID3 = random() * 99999).toInteger(): null

2023-02-15 23:22:49 - [TEST_STEP][PASSED] - println(genRemID1): null

2023-02-15 23:22:49 - [TEST_STEP][PASSED] - println(genRemID2): null

2023-02-15 23:22:49 - [TEST_STEP][PASSED] - println(genRemID3): null

2023-02-15 23:22:49 - [TEST_STEP][PASSED] - genRemID = genRemID1 + "|" + genRemID2 + "|" + genRemID3: null

2023-02-15 23:22:49 - [TEST_STEP][PASSED] - println(genRemID): null

2023-02-15 23:22:49 - [TEST_STEP][PASSED] - setText(findTestObject("RecAndPlayBk/Page-Vlink-Debit/input_Remittance Id"), genRemID): Text '69449|81105|10882' is set on object 'Object Repository/RecAndPlayBk/Page-Vlink-Debit/input_Remittance Id'

2023-02-15 23:22:50 - [MESSAGE][PASSED] - Text '69449|81105|10882' is set on object 'Object Repository/RecAndPlayBk/Page-Vlink-Debit/input_Remittance Id'

2023-02-15 23:22:50 - [TEST_STEP][PASSED] - setText(findTestObject("RecAndPlayBk/Page-Vlink-Debit/input_Application Id"), appID): Text '234' is set on object 'Object Repository/RecAndPlayBk/Page-Vlink-Debit/input_Application Id'

2023-02-15 23:22:50 - [MESSAGE][PASSED] - Text '234' is set on object 'Object Repository/RecAndPlayBk/Page-Vlink-Debit/input_Application Id'

2023-02-15 23:22:50 - [TEST_STEP][PASSED] - setText(findTestObject("RecAndPlayBk/Page-Vlink-Debit/input_Username"), username): Text 'username' is set on object 'Object Repository/RecAndPlayBk/Page-Vlink-Debit/input_Username'

2023-02-15 23:22:51 - [MESSAGE][PASSED] - Text 'username' is set on object 'Object Repository/RecAndPlayBk/Page-Vlink-Debit/input_Username'

2023-02-15 23:22:51 - [TEST_STEP][PASSED] - setText(findTestObject("RecAndPlayBk/Page-Vlink-Debit/input_Password"), password): Text 'password' is set on object 'Object Repository/RecAndPlayBk/Page-Vlink-Debit/input_Password'

2023-02-15 23:22:51 - [MESSAGE][PASSED] - Text 'password' is set on object 'Object Repository/RecAndPlayBk/Page-Vlink-Debit/input_Password'

2023-02-15 23:22:51 - [TEST_STEP][PASSED] - setText(findTestObject("RecAndPlayBk/Page-Vlink-Debit/input_Check Type"), checkType): Text 'P' is set on object 'Object Repository/RecAndPlayBk/Page-Vlink-Debit/input_Check Type'

2023-02-15 23:22:52 - [MESSAGE][PASSED] - Text 'P' is set on object 'Object Repository/RecAndPlayBk/Page-Vlink-Debit/input_Check Type'

2023-02-15 23:22:52 - [TEST_STEP][PASSED] - setText(findTestObject("RecAndPlayBk/Page-Vlink-Debit/input_Account_check"), acNumber): Text '58963214' is set on object 'Object Repository/RecAndPlayBk/Page-Vlink-Debit/input_Account_check'

2023-02-15 23:22:53 - [MESSAGE][PASSED] - Text '58963214' is set on object 'Object Repository/RecAndPlayBk/Page-Vlink-Debit/input_Account_check'

2023-02-15 23:22:53 - [TEST_STEP][PASSED] - setText(findTestObject("RecAndPlayBk/Page-Vlink-Debit/input_Company_check"), company): Text '' is set on object 'Object Repository/RecAndPlayBk/Page-Vlink-Debit/input_Company_check'

2023-02-15 23:22:53 - [MESSAGE][PASSED] - Text '' is set on object 'Object Repository/RecAndPlayBk/Page-Vlink-Debit/input_Company_check'

2023-02-15 23:22:53 - [TEST_STEP][PASSED] - setText(findTestObject("RecAndPlayBk/Page-Vlink-Debit/input_Account Type"), acType): Text '2' is set on object 'Object Repository/RecAndPlayBk/Page-Vlink-Debit/input_Account Type'

2023-02-15 23:22:54 - [MESSAGE][PASSED] - Text '2' is set on object 'Object Repository/RecAndPlayBk/Page-Vlink-Debit/input_Account Type'

2023-02-15 23:22:54 - [TEST_STEP][PASSED] - setText(findTestObject("RecAndPlayBk/Page-Vlink-Debit/input_Routing Number"), rtn): Text '256072691' is set on object 'Object Repository/RecAndPlayBk/Page-Vlink-Debit/input_Routing Number'

2023-02-15 23:22:55 - [MESSAGE][PASSED] - Text '256072691' is set on object 'Object Repository/RecAndPlayBk/Page-Vlink-Debit/input_Routing Number'

2023-02-15 23:22:55 - [TEST_STEP][PASSED] - setText(findTestObject("RecAndPlayBk/Page-Vlink-Debit/input_Amount"), amount): Text '12.50' is set on object 'Object Repository/RecAndPlayBk/Page-Vlink-Debit/input_Amount'

2023-02-15 23:22:55 - [MESSAGE][PASSED] - Text '12.50' is set on object 'Object Repository/RecAndPlayBk/Page-Vlink-Debit/input_Amount'

2023-02-15 23:22:55 - [TEST_STEP][PASSED] - setText(findTestObject("RecAndPlayBk/Page-Vlink-Debit/input_Check Email"), ""): Text '' is set on object 'Object Repository/RecAndPlayBk/Page-Vlink-Debit/input_Check Email'

2023-02-15 23:22:56 - [MESSAGE][PASSED] - Text '' is set on object 'Object Repository/RecAndPlayBk/Page-Vlink-Debit/input_Check Email'

2023-02-15 23:22:56 - [TEST_STEP][PASSED] - setText(findTestObject("Object Repository/RecAndPlayBk/Page-Vlink-Debit/input_concat(CheckWriter, , s SSN)_check_ssn"), ""): Text '' is set on object 'Object Repository/RecAndPlayBk/Page-Vlink-Debit/input_concat(CheckWriter, , s SSN)_check_ssn'

2023-02-15 23:22:56 - [MESSAGE][PASSED] - Text '' is set on object 'Object Repository/RecAndPlayBk/Page-Vlink-Debit/input_concat(CheckWriter, , s SSN)_check_ssn'

2023-02-15 23:22:56 - [TEST_STEP][PASSED] - setText(findTestObject("Object Repository/RecAndPlayBk/Page-Vlink-Debit/input_concat(CheckWriter, , s License Numbe_020fef"), ""): Text '' is set on object 'Object Repository/RecAndPlayBk/Page-Vlink-Debit/input_concat(CheckWriter, , s License Numbe_020fef'

2023-02-15 23:22:57 - [MESSAGE][PASSED] - Text '' is set on object 'Object Repository/RecAndPlayBk/Page-Vlink-Debit/input_concat(CheckWriter, , s License Numbe_020fef'

2023-02-15 23:22:57 - [TEST_STEP][PASSED] - setText(findTestObject("Object Repository/RecAndPlayBk/Page-Vlink-Debit/input_concat(CheckWriter, , s License State_21e3e7"), ""): Text '' is set on object 'Object Repository/RecAndPlayBk/Page-Vlink-Debit/input_concat(CheckWriter, , s License State_21e3e7'

2023-02-15 23:22:58 - [MESSAGE][PASSED] - Text '' is set on object 'Object Repository/RecAndPlayBk/Page-Vlink-Debit/input_concat(CheckWriter, , s License State_21e3e7'

2023-02-15 23:22:58 - [TEST_STEP][PASSED] - setText(findTestObject("RecAndPlayBk/Page-Vlink-Debit/input_Standard Entry Class"), sec): Text 'PPD' is set on object 'Object Repository/RecAndPlayBk/Page-Vlink-Debit/input_Standard Entry Class'

2023-02-15 23:22:58 - [MESSAGE][PASSED] - Text 'PPD' is set on object 'Object Repository/RecAndPlayBk/Page-Vlink-Debit/input_Standard Entry Class'

2023-02-15 23:22:58 - [TEST_STEP][PASSED] - click(findTestObject("Object Repository/RecAndPlayBk/Page-Vlink-Debit/input")): Object: 'Object Repository/RecAndPlayBk/Page-Vlink-Debit/input' is clicked on

2023-02-15 23:22:59 - [MESSAGE][PASSED] - Object: 'Object Repository/RecAndPlayBk/Page-Vlink-Debit/input' is clicked on

2023-02-15 23:22:59 - [TEST_STEP][PASSED] - if (verifyTextPresent("Transaction approved, no errors", true)): null

2023-02-15 23:22:59 - [MESSAGE][PASSED] - Text 'Transaction approved, no errors' is present on page  using regular expression

2023-02-15 23:22:59 - [TEST_STEP][PASSED] - println("Transaction Approved, no errors text is present on the Confirmation page"): null

2023-02-15 23:22:59 - [TEST_STEP][PASSED] - out.println("Pass Record Number: " + row): null

2023-02-15 23:22:59 - [TEST_STEP][PASSED] - resText = "Pass": null

2023-02-15 23:22:59 - [TEST_STEP][PASSED] - pages.WriteExcel.demoKey(resText, datText, resColumn, datCloumn, fileLoc, nameSheet, row): pages.WriteExcel.demoKey is PASSED

2023-02-15 23:23:00 - [MESSAGE][PASSED] - pages.WriteExcel.demoKey is PASSED

2023-02-15 23:23:00 - [TEST_STEP][PASSED] - ExecuteTC = findTestData(dataFile).getValue("Execute", row): null

2023-02-15 23:23:00 - [TEST_STEP][PASSED] - out.println("Value of Execute is : " + ExecuteTC): null

2023-02-15 23:23:00 - [TEST_STEP][PASSED] - switch (executionProfile): null

2023-02-15 23:23:00 - [TEST_STEP][PASSED] - case "QAProfile":: null

2023-02-15 23:23:00 - [TEST_STEP][PASSED] - appID = findTestData(dataFile).getValue("AppIDQA", row): null

2023-02-15 23:23:00 - [TEST_STEP][PASSED] - username = findTestData(dataFile).getValue("UsernameQA", row): null

2023-02-15 23:23:00 - [TEST_STEP][PASSED] - password = findTestData(dataFile).getValue("PasswordQA", row): null

2023-02-15 23:23:00 - [TEST_STEP][PASSED] - break: null

2023-02-15 23:23:00 - [TEST_STEP][PASSED] - if (ExecuteTC.equalsIgnoreCase("Y")): null

2023-02-15 23:23:00 - [TEST_STEP][PASSED] - out.println("Begin Record Number: " + row): null

2023-02-15 23:23:00 - [TEST_STEP][PASSED] - today = new java.util.Date(): null

2023-02-15 23:23:00 - [TEST_STEP][PASSED] - println(today): null

2023-02-15 23:23:00 - [TEST_STEP][PASSED] - datText = today: null

2023-02-15 23:23:00 - [TEST_STEP][PASSED] - checkType = findTestData(dataFile).getValue("CheckType", row): null

2023-02-15 23:23:00 - [TEST_STEP][PASSED] - acNumber = findTestData(dataFile).getValue("AcNumber", row): null

2023-02-15 23:23:00 - [TEST_STEP][PASSED] - company = findTestData(dataFile).getValue("Company", row): null

2023-02-15 23:23:00 - [TEST_STEP][PASSED] - acType = findTestData(dataFile).getValue("AcType", row): null

2023-02-15 23:23:00 - [TEST_STEP][PASSED] - rtn = findTestData(dataFile).getValue("RTN", row): null

2023-02-15 23:23:00 - [TEST_STEP][PASSED] - amount = findTestData(dataFile).getValue("Amount", row): null

2023-02-15 23:23:00 - [TEST_STEP][PASSED] - sec = findTestData(dataFile).getValue("SEC", row): null

2023-02-15 23:23:00 - [TEST_STEP][PASSED] - openBrowser(VLinkURL + "debit.html"): Browser is opened with url: 'https://dev-algorithm.govolution.com/vlinktest/QA/version_2_0/debit.html'

2023-02-15 23:23:00 - [MESSAGE][WARNING] - A browser is already opened. Closing browser and opening a new one

2023-02-15 23:23:01 - [MESSAGE][INFO] - Starting 'Chrome' driver

2023-02-15 23:23:01 - [MESSAGE][INFO] - User set preference: ['acceptInsecureCerts', 'true']

2023-02-15 23:23:01 - [MESSAGE][INFO] - Action delay is set to 0 milliseconds

2023-02-15 23:23:03 - [MESSAGE][PASSED] - Browser is opened with url: 'https://dev-algorithm.govolution.com/vlinktest/QA/version_2_0/debit.html'

2023-02-15 23:23:03 - [TEST_STEP][PASSED] - maximizeWindow(): Current window maximized

2023-02-15 23:23:03 - [MESSAGE][PASSED] - Current window maximized

2023-02-15 23:23:03 - [TEST_STEP][PASSED] - genRemID1 = random() * 99999).toInteger(): null

2023-02-15 23:23:03 - [TEST_STEP][PASSED] - genRemID2 = random() * 99999).toInteger(): null

2023-02-15 23:23:03 - [TEST_STEP][PASSED] - genRemID3 = random() * 99999).toInteger(): null

2023-02-15 23:23:03 - [TEST_STEP][PASSED] - println(genRemID1): null

2023-02-15 23:23:03 - [TEST_STEP][PASSED] - println(genRemID2): null

2023-02-15 23:23:03 - [TEST_STEP][PASSED] - println(genRemID3): null

2023-02-15 23:23:03 - [TEST_STEP][PASSED] - genRemID = genRemID1 + "|" + genRemID2 + "|" + genRemID3: null

2023-02-15 23:23:03 - [TEST_STEP][PASSED] - println(genRemID): null

2023-02-15 23:23:03 - [TEST_STEP][PASSED] - setText(findTestObject("RecAndPlayBk/Page-Vlink-Debit/input_Remittance Id"), genRemID): Text '20951|62050|98693' is set on object 'Object Repository/RecAndPlayBk/Page-Vlink-Debit/input_Remittance Id'

2023-02-15 23:23:04 - [MESSAGE][PASSED] - Text '20951|62050|98693' is set on object 'Object Repository/RecAndPlayBk/Page-Vlink-Debit/input_Remittance Id'

2023-02-15 23:23:04 - [TEST_STEP][PASSED] - setText(findTestObject("RecAndPlayBk/Page-Vlink-Debit/input_Application Id"), appID): Text '234' is set on object 'Object Repository/RecAndPlayBk/Page-Vlink-Debit/input_Application Id'

2023-02-15 23:23:04 - [MESSAGE][PASSED] - Text '234' is set on object 'Object Repository/RecAndPlayBk/Page-Vlink-Debit/input_Application Id'

2023-02-15 23:23:04 - [TEST_STEP][PASSED] - setText(findTestObject("RecAndPlayBk/Page-Vlink-Debit/input_Username"), username): Text 'username' is set on object 'Object Repository/RecAndPlayBk/Page-Vlink-Debit/input_Username'

2023-02-15 23:23:05 - [MESSAGE][PASSED] - Text 'username' is set on object 'Object Repository/RecAndPlayBk/Page-Vlink-Debit/input_Username'

2023-02-15 23:23:05 - [TEST_STEP][PASSED] - setText(findTestObject("RecAndPlayBk/Page-Vlink-Debit/input_Password"), password): Text 'password' is set on object 'Object Repository/RecAndPlayBk/Page-Vlink-Debit/input_Password'

2023-02-15 23:23:06 - [MESSAGE][PASSED] - Text 'password' is set on object 'Object Repository/RecAndPlayBk/Page-Vlink-Debit/input_Password'

2023-02-15 23:23:06 - [TEST_STEP][PASSED] - setText(findTestObject("RecAndPlayBk/Page-Vlink-Debit/input_Check Type"), checkType): Text 'C' is set on object 'Object Repository/RecAndPlayBk/Page-Vlink-Debit/input_Check Type'

2023-02-15 23:23:06 - [MESSAGE][PASSED] - Text 'C' is set on object 'Object Repository/RecAndPlayBk/Page-Vlink-Debit/input_Check Type'

2023-02-15 23:23:06 - [TEST_STEP][PASSED] - setText(findTestObject("RecAndPlayBk/Page-Vlink-Debit/input_Account_check"), acNumber): Text '58963214' is set on object 'Object Repository/RecAndPlayBk/Page-Vlink-Debit/input_Account_check'

2023-02-15 23:23:07 - [MESSAGE][PASSED] - Text '58963214' is set on object 'Object Repository/RecAndPlayBk/Page-Vlink-Debit/input_Account_check'

2023-02-15 23:23:07 - [TEST_STEP][PASSED] - setText(findTestObject("RecAndPlayBk/Page-Vlink-Debit/input_Company_check"), company): Text 'My Company' is set on object 'Object Repository/RecAndPlayBk/Page-Vlink-Debit/input_Company_check'

2023-02-15 23:23:07 - [MESSAGE][PASSED] - Text 'My Company' is set on object 'Object Repository/RecAndPlayBk/Page-Vlink-Debit/input_Company_check'

2023-02-15 23:23:07 - [TEST_STEP][PASSED] - setText(findTestObject("RecAndPlayBk/Page-Vlink-Debit/input_Account Type"), acType): Text '' is set on object 'Object Repository/RecAndPlayBk/Page-Vlink-Debit/input_Account Type'

2023-02-15 23:23:08 - [MESSAGE][PASSED] - Text '' is set on object 'Object Repository/RecAndPlayBk/Page-Vlink-Debit/input_Account Type'

2023-02-15 23:23:08 - [TEST_STEP][PASSED] - setText(findTestObject("RecAndPlayBk/Page-Vlink-Debit/input_Routing Number"), rtn): Text '256072691' is set on object 'Object Repository/RecAndPlayBk/Page-Vlink-Debit/input_Routing Number'

2023-02-15 23:23:09 - [MESSAGE][PASSED] - Text '256072691' is set on object 'Object Repository/RecAndPlayBk/Page-Vlink-Debit/input_Routing Number'

2023-02-15 23:23:09 - [TEST_STEP][PASSED] - setText(findTestObject("RecAndPlayBk/Page-Vlink-Debit/input_Amount"), amount): Text '12.50' is set on object 'Object Repository/RecAndPlayBk/Page-Vlink-Debit/input_Amount'

2023-02-15 23:23:09 - [MESSAGE][PASSED] - Text '12.50' is set on object 'Object Repository/RecAndPlayBk/Page-Vlink-Debit/input_Amount'

2023-02-15 23:23:09 - [TEST_STEP][PASSED] - setText(findTestObject("RecAndPlayBk/Page-Vlink-Debit/input_Check Email"), ""): Text '' is set on object 'Object Repository/RecAndPlayBk/Page-Vlink-Debit/input_Check Email'

2023-02-15 23:23:10 - [MESSAGE][PASSED] - Text '' is set on object 'Object Repository/RecAndPlayBk/Page-Vlink-Debit/input_Check Email'

2023-02-15 23:23:10 - [TEST_STEP][PASSED] - setText(findTestObject("Object Repository/RecAndPlayBk/Page-Vlink-Debit/input_concat(CheckWriter, , s SSN)_check_ssn"), ""): Text '' is set on object 'Object Repository/RecAndPlayBk/Page-Vlink-Debit/input_concat(CheckWriter, , s SSN)_check_ssn'

2023-02-15 23:23:11 - [MESSAGE][PASSED] - Text '' is set on object 'Object Repository/RecAndPlayBk/Page-Vlink-Debit/input_concat(CheckWriter, , s SSN)_check_ssn'

2023-02-15 23:23:11 - [TEST_STEP][PASSED] - setText(findTestObject("Object Repository/RecAndPlayBk/Page-Vlink-Debit/input_concat(CheckWriter, , s License Numbe_020fef"), ""): Text '' is set on object 'Object Repository/RecAndPlayBk/Page-Vlink-Debit/input_concat(CheckWriter, , s License Numbe_020fef'

2023-02-15 23:23:11 - [MESSAGE][PASSED] - Text '' is set on object 'Object Repository/RecAndPlayBk/Page-Vlink-Debit/input_concat(CheckWriter, , s License Numbe_020fef'

2023-02-15 23:23:11 - [TEST_STEP][PASSED] - setText(findTestObject("Object Repository/RecAndPlayBk/Page-Vlink-Debit/input_concat(CheckWriter, , s License State_21e3e7"), ""): Text '' is set on object 'Object Repository/RecAndPlayBk/Page-Vlink-Debit/input_concat(CheckWriter, , s License State_21e3e7'

2023-02-15 23:23:12 - [MESSAGE][PASSED] - Text '' is set on object 'Object Repository/RecAndPlayBk/Page-Vlink-Debit/input_concat(CheckWriter, , s License State_21e3e7'

2023-02-15 23:23:12 - [TEST_STEP][PASSED] - setText(findTestObject("RecAndPlayBk/Page-Vlink-Debit/input_Standard Entry Class"), sec): Text 'CCD' is set on object 'Object Repository/RecAndPlayBk/Page-Vlink-Debit/input_Standard Entry Class'

2023-02-15 23:23:12 - [MESSAGE][PASSED] - Text 'CCD' is set on object 'Object Repository/RecAndPlayBk/Page-Vlink-Debit/input_Standard Entry Class'

2023-02-15 23:23:12 - [TEST_STEP][PASSED] - click(findTestObject("Object Repository/RecAndPlayBk/Page-Vlink-Debit/input")): Object: 'Object Repository/RecAndPlayBk/Page-Vlink-Debit/input' is clicked on

2023-02-15 23:23:13 - [MESSAGE][PASSED] - Object: 'Object Repository/RecAndPlayBk/Page-Vlink-Debit/input' is clicked on

2023-02-15 23:23:13 - [TEST_STEP][PASSED] - if (verifyTextPresent("Transaction approved, no errors", true)): null

2023-02-15 23:23:14 - [MESSAGE][PASSED] - Text 'Transaction approved, no errors' is present on page  using regular expression

2023-02-15 23:23:14 - [TEST_STEP][PASSED] - println("Transaction Approved, no errors text is present on the Confirmation page"): null

2023-02-15 23:23:14 - [TEST_STEP][PASSED] - out.println("Pass Record Number: " + row): null

2023-02-15 23:23:14 - [TEST_STEP][PASSED] - resText = "Pass": null

2023-02-15 23:23:14 - [TEST_STEP][PASSED] - pages.WriteExcel.demoKey(resText, datText, resColumn, datCloumn, fileLoc, nameSheet, row): pages.WriteExcel.demoKey is PASSED

2023-02-15 23:23:14 - [MESSAGE][PASSED] - pages.WriteExcel.demoKey is PASSED]]></system-out>
         <system-err><![CDATA[]]></system-err>
      </testcase>
      <testcase name="Test Cases/RecAndPlayBk/VLink/Debit-Void-RemID-Pipe" time="166.87" classname="Test Cases/RecAndPlayBk/VLink/Debit-Void-RemID-Pipe" status="PASSED">
         <system-out><![CDATA[2023-02-15 23:23:14 - [TEST_CASE][PASSED] - Test Cases/RecAndPlayBk/VLink/Debit-Void-RemID-Pipe: Test Cases/RecAndPlayBk/VLink/Debit-Void-RemID-Pipe

2023-02-15 23:23:14 - [TEST_STEP][PASSED] - executionProfile = getExecutionProfile(): null

2023-02-15 23:23:14 - [TEST_STEP][PASSED] - out.println("executionProfile : " + executionProfile): null

2023-02-15 23:23:14 - [TEST_STEP][PASSED] - resText = "Fail": null

2023-02-15 23:23:14 - [TEST_STEP][PASSED] - resColumn = "Result": null

2023-02-15 23:23:14 - [TEST_STEP][PASSED] - datCloumn = "Date": null

2023-02-15 23:23:14 - [TEST_STEP][PASSED] - fileLoc = "KatalonData/VLinkSmokeDataACH.xlsx": null

2023-02-15 23:23:14 - [TEST_STEP][PASSED] - numOfRows = <not implemented yet for class: org.codehaus.groovy.ast.expr.EmptyExpression>: null

2023-02-15 23:23:14 - [TEST_STEP][PASSED] - dataFile = <not implemented yet for class: org.codehaus.groovy.ast.expr.EmptyExpression>: null

2023-02-15 23:23:14 - [TEST_STEP][PASSED] - nameSheet = <not implemented yet for class: org.codehaus.groovy.ast.expr.EmptyExpression>: null

2023-02-15 23:23:14 - [TEST_STEP][PASSED] - nameSheet = "DebitVoid-RemID-Pipe": null

2023-02-15 23:23:14 - [TEST_STEP][PASSED] - numOfRows = findTestData("QA/VLinkTestData/VLinkDebitVoidRemIDPipeData").getRowNumbers(): null

2023-02-15 23:23:14 - [TEST_STEP][PASSED] - println("Number of Records: " + numOfRows): null

2023-02-15 23:23:14 - [TEST_STEP][PASSED] - dataFile = "QA/VLinkTestData/VLinkDebitVoidRemIDPipeData": null

2023-02-15 23:23:14 - [TEST_STEP][PASSED] - for ([row = 1, row <= numOfRows, (row++)]): null

2023-02-15 23:23:14 - [TEST_STEP][PASSED] - ExecuteTC = findTestData(dataFile).getValue("Execute", row): null

2023-02-15 23:23:14 - [TEST_STEP][PASSED] - out.println("Value of Execute is : " + ExecuteTC): null

2023-02-15 23:23:14 - [TEST_STEP][PASSED] - switch (executionProfile): null

2023-02-15 23:23:14 - [TEST_STEP][PASSED] - case "QAProfile":: null

2023-02-15 23:23:14 - [TEST_STEP][PASSED] - appID = findTestData(dataFile).getValue("AppIDQA", row): null

2023-02-15 23:23:14 - [TEST_STEP][PASSED] - username = findTestData(dataFile).getValue("UsernameQA", row): null

2023-02-15 23:23:14 - [TEST_STEP][PASSED] - password = findTestData(dataFile).getValue("PasswordQA", row): null

2023-02-15 23:23:14 - [TEST_STEP][PASSED] - break: null

2023-02-15 23:23:14 - [TEST_STEP][PASSED] - if (ExecuteTC.equalsIgnoreCase("Y")): null

2023-02-15 23:23:14 - [TEST_STEP][PASSED] - out.println("Begin Record Number: " + row): null

2023-02-15 23:23:14 - [TEST_STEP][PASSED] - today = new java.util.Date(): null

2023-02-15 23:23:14 - [TEST_STEP][PASSED] - println(today): null

2023-02-15 23:23:14 - [TEST_STEP][PASSED] - datText = today: null

2023-02-15 23:23:14 - [TEST_STEP][PASSED] - checkType = findTestData(dataFile).getValue("CheckType", row): null

2023-02-15 23:23:15 - [TEST_STEP][PASSED] - acNumber = findTestData(dataFile).getValue("AcNumber", row): null

2023-02-15 23:23:15 - [TEST_STEP][PASSED] - company = findTestData(dataFile).getValue("Company", row): null

2023-02-15 23:23:15 - [TEST_STEP][PASSED] - acType = findTestData(dataFile).getValue("AcType", row): null

2023-02-15 23:23:15 - [TEST_STEP][PASSED] - rtn = findTestData(dataFile).getValue("RTN", row): null

2023-02-15 23:23:15 - [TEST_STEP][PASSED] - amount = findTestData(dataFile).getValue("Amount", row): null

2023-02-15 23:23:15 - [TEST_STEP][PASSED] - sec = findTestData(dataFile).getValue("SEC", row): null

2023-02-15 23:23:15 - [TEST_STEP][PASSED] - openBrowser(VLinkURL + "debit.html"): Browser is opened with url: 'https://dev-algorithm.govolution.com/vlinktest/QA/version_2_0/debit.html'

2023-02-15 23:23:15 - [MESSAGE][WARNING] - A browser is already opened. Closing browser and opening a new one

2023-02-15 23:23:16 - [MESSAGE][INFO] - Starting 'Chrome' driver

2023-02-15 23:23:16 - [MESSAGE][INFO] - User set preference: ['acceptInsecureCerts', 'true']

2023-02-15 23:23:16 - [MESSAGE][INFO] - Action delay is set to 0 milliseconds

2023-02-15 23:23:18 - [MESSAGE][PASSED] - Browser is opened with url: 'https://dev-algorithm.govolution.com/vlinktest/QA/version_2_0/debit.html'

2023-02-15 23:23:18 - [TEST_STEP][PASSED] - maximizeWindow(): Current window maximized

2023-02-15 23:23:18 - [MESSAGE][PASSED] - Current window maximized

2023-02-15 23:23:18 - [TEST_STEP][PASSED] - genRemID1 = random() * 99999).toInteger(): null

2023-02-15 23:23:18 - [TEST_STEP][PASSED] - genRemID2 = random() * 99999).toInteger(): null

2023-02-15 23:23:18 - [TEST_STEP][PASSED] - genRemID3 = random() * 99999).toInteger(): null

2023-02-15 23:23:18 - [TEST_STEP][PASSED] - println(genRemID1): null

2023-02-15 23:23:18 - [TEST_STEP][PASSED] - println(genRemID2): null

2023-02-15 23:23:18 - [TEST_STEP][PASSED] - println(genRemID3): null

2023-02-15 23:23:18 - [TEST_STEP][PASSED] - genRemID = genRemID1 + "|" + genRemID2 + "|" + genRemID3: null

2023-02-15 23:23:18 - [TEST_STEP][PASSED] - println(genRemID): null

2023-02-15 23:23:18 - [TEST_STEP][PASSED] - setText(findTestObject("RecAndPlayBk/Page-Vlink-Debit/input_Remittance Id"), genRemID): Text '57568|67928|32904' is set on object 'Object Repository/RecAndPlayBk/Page-Vlink-Debit/input_Remittance Id'

2023-02-15 23:23:18 - [MESSAGE][PASSED] - Text '57568|67928|32904' is set on object 'Object Repository/RecAndPlayBk/Page-Vlink-Debit/input_Remittance Id'

2023-02-15 23:23:18 - [TEST_STEP][PASSED] - setText(findTestObject("RecAndPlayBk/Page-Vlink-Debit/input_Application Id"), appID): Text '234' is set on object 'Object Repository/RecAndPlayBk/Page-Vlink-Debit/input_Application Id'

2023-02-15 23:23:19 - [MESSAGE][PASSED] - Text '234' is set on object 'Object Repository/RecAndPlayBk/Page-Vlink-Debit/input_Application Id'

2023-02-15 23:23:19 - [TEST_STEP][PASSED] - setText(findTestObject("RecAndPlayBk/Page-Vlink-Debit/input_Username"), username): Text 'username' is set on object 'Object Repository/RecAndPlayBk/Page-Vlink-Debit/input_Username'

2023-02-15 23:23:20 - [MESSAGE][PASSED] - Text 'username' is set on object 'Object Repository/RecAndPlayBk/Page-Vlink-Debit/input_Username'

2023-02-15 23:23:20 - [TEST_STEP][PASSED] - setText(findTestObject("RecAndPlayBk/Page-Vlink-Debit/input_Password"), password): Text 'password' is set on object 'Object Repository/RecAndPlayBk/Page-Vlink-Debit/input_Password'

2023-02-15 23:23:20 - [MESSAGE][PASSED] - Text 'password' is set on object 'Object Repository/RecAndPlayBk/Page-Vlink-Debit/input_Password'

2023-02-15 23:23:20 - [TEST_STEP][PASSED] - setText(findTestObject("RecAndPlayBk/Page-Vlink-Debit/input_Check Type"), checkType): Text 'P' is set on object 'Object Repository/RecAndPlayBk/Page-Vlink-Debit/input_Check Type'

2023-02-15 23:23:21 - [MESSAGE][PASSED] - Text 'P' is set on object 'Object Repository/RecAndPlayBk/Page-Vlink-Debit/input_Check Type'

2023-02-15 23:23:21 - [TEST_STEP][PASSED] - setText(findTestObject("RecAndPlayBk/Page-Vlink-Debit/input_Account_check"), acNumber): Text '58963214' is set on object 'Object Repository/RecAndPlayBk/Page-Vlink-Debit/input_Account_check'

2023-02-15 23:23:22 - [MESSAGE][PASSED] - Text '58963214' is set on object 'Object Repository/RecAndPlayBk/Page-Vlink-Debit/input_Account_check'

2023-02-15 23:23:22 - [TEST_STEP][PASSED] - setText(findTestObject("RecAndPlayBk/Page-Vlink-Debit/input_Company_check"), company): Text '' is set on object 'Object Repository/RecAndPlayBk/Page-Vlink-Debit/input_Company_check'

2023-02-15 23:23:22 - [MESSAGE][PASSED] - Text '' is set on object 'Object Repository/RecAndPlayBk/Page-Vlink-Debit/input_Company_check'

2023-02-15 23:23:22 - [TEST_STEP][PASSED] - setText(findTestObject("RecAndPlayBk/Page-Vlink-Debit/input_Account Type"), acType): Text '1' is set on object 'Object Repository/RecAndPlayBk/Page-Vlink-Debit/input_Account Type'

2023-02-15 23:23:23 - [MESSAGE][PASSED] - Text '1' is set on object 'Object Repository/RecAndPlayBk/Page-Vlink-Debit/input_Account Type'

2023-02-15 23:23:23 - [TEST_STEP][PASSED] - setText(findTestObject("RecAndPlayBk/Page-Vlink-Debit/input_Routing Number"), rtn): Text '256072691' is set on object 'Object Repository/RecAndPlayBk/Page-Vlink-Debit/input_Routing Number'

2023-02-15 23:23:23 - [MESSAGE][PASSED] - Text '256072691' is set on object 'Object Repository/RecAndPlayBk/Page-Vlink-Debit/input_Routing Number'

2023-02-15 23:23:23 - [TEST_STEP][PASSED] - setText(findTestObject("RecAndPlayBk/Page-Vlink-Debit/input_Amount"), amount): Text '12.50' is set on object 'Object Repository/RecAndPlayBk/Page-Vlink-Debit/input_Amount'

2023-02-15 23:23:24 - [MESSAGE][PASSED] - Text '12.50' is set on object 'Object Repository/RecAndPlayBk/Page-Vlink-Debit/input_Amount'

2023-02-15 23:23:24 - [TEST_STEP][PASSED] - setText(findTestObject("RecAndPlayBk/Page-Vlink-Debit/input_Check Email"), ""): Text '' is set on object 'Object Repository/RecAndPlayBk/Page-Vlink-Debit/input_Check Email'

2023-02-15 23:23:25 - [MESSAGE][PASSED] - Text '' is set on object 'Object Repository/RecAndPlayBk/Page-Vlink-Debit/input_Check Email'

2023-02-15 23:23:25 - [TEST_STEP][PASSED] - setText(findTestObject("Object Repository/RecAndPlayBk/Page-Vlink-Debit/input_concat(CheckWriter, , s SSN)_check_ssn"), ""): Text '' is set on object 'Object Repository/RecAndPlayBk/Page-Vlink-Debit/input_concat(CheckWriter, , s SSN)_check_ssn'

2023-02-15 23:23:25 - [MESSAGE][PASSED] - Text '' is set on object 'Object Repository/RecAndPlayBk/Page-Vlink-Debit/input_concat(CheckWriter, , s SSN)_check_ssn'

2023-02-15 23:23:25 - [TEST_STEP][PASSED] - setText(findTestObject("Object Repository/RecAndPlayBk/Page-Vlink-Debit/input_concat(CheckWriter, , s License Numbe_020fef"), ""): Text '' is set on object 'Object Repository/RecAndPlayBk/Page-Vlink-Debit/input_concat(CheckWriter, , s License Numbe_020fef'

2023-02-15 23:23:26 - [MESSAGE][PASSED] - Text '' is set on object 'Object Repository/RecAndPlayBk/Page-Vlink-Debit/input_concat(CheckWriter, , s License Numbe_020fef'

2023-02-15 23:23:26 - [TEST_STEP][PASSED] - setText(findTestObject("Object Repository/RecAndPlayBk/Page-Vlink-Debit/input_concat(CheckWriter, , s License State_21e3e7"), ""): Text '' is set on object 'Object Repository/RecAndPlayBk/Page-Vlink-Debit/input_concat(CheckWriter, , s License State_21e3e7'

2023-02-15 23:23:27 - [MESSAGE][PASSED] - Text '' is set on object 'Object Repository/RecAndPlayBk/Page-Vlink-Debit/input_concat(CheckWriter, , s License State_21e3e7'

2023-02-15 23:23:27 - [TEST_STEP][PASSED] - setText(findTestObject("RecAndPlayBk/Page-Vlink-Debit/input_Standard Entry Class"), sec): Text 'WEB' is set on object 'Object Repository/RecAndPlayBk/Page-Vlink-Debit/input_Standard Entry Class'

2023-02-15 23:23:27 - [MESSAGE][PASSED] - Text 'WEB' is set on object 'Object Repository/RecAndPlayBk/Page-Vlink-Debit/input_Standard Entry Class'

2023-02-15 23:23:27 - [TEST_STEP][PASSED] - click(findTestObject("Object Repository/RecAndPlayBk/Page-Vlink-Debit/input")): Object: 'Object Repository/RecAndPlayBk/Page-Vlink-Debit/input' is clicked on

2023-02-15 23:23:28 - [MESSAGE][PASSED] - Object: 'Object Repository/RecAndPlayBk/Page-Vlink-Debit/input' is clicked on

2023-02-15 23:23:28 - [TEST_STEP][PASSED] - if (verifyTextPresent("Transaction approved, no errors", true)): null

2023-02-15 23:23:28 - [MESSAGE][PASSED] - Text 'Transaction approved, no errors' is present on page  using regular expression

2023-02-15 23:23:28 - [TEST_STEP][PASSED] - println("Transaction Approved, no errors text is present on the Confirmation page"): null

2023-02-15 23:23:28 - [TEST_STEP][PASSED] - sdfo = getText(findTestObject("Object Repository/Page_VLinkReceipt/pre_STX")): Text of object 'Object Repository/Page_VLinkReceipt/pre_STX' is: '<STX>57568|67928|32904             12126768            0  Transaction approved, no errors                   0                                                                                                              <ETX>'

2023-02-15 23:23:29 - [MESSAGE][PASSED] - Text of object 'Object Repository/Page_VLinkReceipt/pre_STX' is: '<STX>57568|67928|32904             12126768            0  Transaction approved, no errors                   0                                                                                                              <ETX>'

2023-02-15 23:23:29 - [TEST_STEP][PASSED] - out.println("sdfo: " + sdfo): null

2023-02-15 23:23:29 - [TEST_STEP][PASSED] - remID = substring(5, 35).trim(): null

2023-02-15 23:23:29 - [TEST_STEP][PASSED] - out.println("remID: " + remID): null

2023-02-15 23:23:29 - [TEST_STEP][PASSED] - traxID = substring(35, 55).trim(): null

2023-02-15 23:23:29 - [TEST_STEP][PASSED] - out.println("traxID: " + traxID): null

2023-02-15 23:23:29 - [TEST_STEP][PASSED] - VLinkSaleRemID = remID: null

2023-02-15 23:23:29 - [TEST_STEP][PASSED] - VLinkSaleTranxID = traxID: null

2023-02-15 23:23:29 - [TEST_STEP][PASSED] - openBrowser(VLinkURL + "ACH_void.html"): Browser is opened with url: 'https://dev-algorithm.govolution.com/vlinktest/QA/version_2_0/ACH_void.html'

2023-02-15 23:23:29 - [MESSAGE][WARNING] - A browser is already opened. Closing browser and opening a new one

2023-02-15 23:23:30 - [MESSAGE][INFO] - Starting 'Chrome' driver

2023-02-15 23:23:30 - [MESSAGE][INFO] - User set preference: ['acceptInsecureCerts', 'true']

2023-02-15 23:23:30 - [MESSAGE][INFO] - Action delay is set to 0 milliseconds

2023-02-15 23:23:31 - [MESSAGE][PASSED] - Browser is opened with url: 'https://dev-algorithm.govolution.com/vlinktest/QA/version_2_0/ACH_void.html'

2023-02-15 23:23:31 - [TEST_STEP][PASSED] - maximizeWindow(): Current window maximized

2023-02-15 23:23:31 - [MESSAGE][PASSED] - Current window maximized

2023-02-15 23:23:31 - [TEST_STEP][PASSED] - setText(findTestObject("Object Repository/RecAndPlayBk/Page-Vlink-ACH-Void/input_Remittance Id"), VLinkSaleRemID): Text '57568|67928|32904' is set on object 'Object Repository/RecAndPlayBk/Page-Vlink-ACH-Void/input_Remittance Id'

2023-02-15 23:23:32 - [MESSAGE][PASSED] - Text '57568|67928|32904' is set on object 'Object Repository/RecAndPlayBk/Page-Vlink-ACH-Void/input_Remittance Id'

2023-02-15 23:23:32 - [TEST_STEP][PASSED] - setText(findTestObject("Object Repository/RecAndPlayBk/Page-Vlink-ACH-Void/input_Application Id"), appID): Text '234' is set on object 'Object Repository/RecAndPlayBk/Page-Vlink-ACH-Void/input_Application Id'

2023-02-15 23:23:33 - [MESSAGE][PASSED] - Text '234' is set on object 'Object Repository/RecAndPlayBk/Page-Vlink-ACH-Void/input_Application Id'

2023-02-15 23:23:33 - [TEST_STEP][PASSED] - setText(findTestObject("Object Repository/RecAndPlayBk/Page-Vlink-ACH-Void/input_Username"), username): Text 'username' is set on object 'Object Repository/RecAndPlayBk/Page-Vlink-ACH-Void/input_Username'

2023-02-15 23:23:34 - [MESSAGE][PASSED] - Text 'username' is set on object 'Object Repository/RecAndPlayBk/Page-Vlink-ACH-Void/input_Username'

2023-02-15 23:23:34 - [TEST_STEP][PASSED] - setText(findTestObject("Object Repository/RecAndPlayBk/Page-Vlink-ACH-Void/input_Password"), password): Text 'password' is set on object 'Object Repository/RecAndPlayBk/Page-Vlink-ACH-Void/input_Password'

2023-02-15 23:23:34 - [MESSAGE][PASSED] - Text 'password' is set on object 'Object Repository/RecAndPlayBk/Page-Vlink-ACH-Void/input_Password'

2023-02-15 23:23:34 - [TEST_STEP][PASSED] - setText(findTestObject("Object Repository/RecAndPlayBk/Page-Vlink-ACH-Void/input_Check Type"), checkType): Text 'P' is set on object 'Object Repository/RecAndPlayBk/Page-Vlink-ACH-Void/input_Check Type'

2023-02-15 23:23:35 - [MESSAGE][PASSED] - Text 'P' is set on object 'Object Repository/RecAndPlayBk/Page-Vlink-ACH-Void/input_Check Type'

2023-02-15 23:23:35 - [TEST_STEP][PASSED] - setText(findTestObject("Object Repository/RecAndPlayBk/Page-Vlink-ACH-Void/input_Standard Entry Class"), sec): Text 'WEB' is set on object 'Object Repository/RecAndPlayBk/Page-Vlink-ACH-Void/input_Standard Entry Class'

2023-02-15 23:23:35 - [MESSAGE][PASSED] - Text 'WEB' is set on object 'Object Repository/RecAndPlayBk/Page-Vlink-ACH-Void/input_Standard Entry Class'

2023-02-15 23:23:35 - [TEST_STEP][PASSED] - setText(findTestObject("Object Repository/RecAndPlayBk/Page-Vlink-ACH-Void/input_Transaction ID"), VLinkSaleTranxID): Text '12126768' is set on object 'Object Repository/RecAndPlayBk/Page-Vlink-ACH-Void/input_Transaction ID'

2023-02-15 23:23:36 - [MESSAGE][PASSED] - Text '12126768' is set on object 'Object Repository/RecAndPlayBk/Page-Vlink-ACH-Void/input_Transaction ID'

2023-02-15 23:23:36 - [TEST_STEP][PASSED] - setText(findTestObject("Object Repository/RecAndPlayBk/Page-Vlink-ACH-Void/input_Original Transaction Type"), "200"): Text '200' is set on object 'Object Repository/RecAndPlayBk/Page-Vlink-ACH-Void/input_Original Transaction Type'

2023-02-15 23:23:37 - [MESSAGE][PASSED] - Text '200' is set on object 'Object Repository/RecAndPlayBk/Page-Vlink-ACH-Void/input_Original Transaction Type'

2023-02-15 23:23:37 - [TEST_STEP][PASSED] - click(findTestObject("Object Repository/RecAndPlayBk/Page-Vlink-ACH-Void/input")): Object: 'Object Repository/RecAndPlayBk/Page-Vlink-ACH-Void/input' is clicked on

2023-02-15 23:23:37 - [MESSAGE][PASSED] - Object: 'Object Repository/RecAndPlayBk/Page-Vlink-ACH-Void/input' is clicked on

2023-02-15 23:23:37 - [TEST_STEP][PASSED] - if (verifyTextPresent("Transaction approved, no errors", true)): null

2023-02-15 23:23:38 - [MESSAGE][PASSED] - Text 'Transaction approved, no errors' is present on page  using regular expression

2023-02-15 23:23:38 - [TEST_STEP][PASSED] - println("Transaction Approved, no errors text is present on the Confirmation page"): null

2023-02-15 23:23:38 - [TEST_STEP][PASSED] - out.println("Pass Record Number: " + row): null

2023-02-15 23:23:38 - [TEST_STEP][PASSED] - resText = "Pass": null

2023-02-15 23:23:38 - [TEST_STEP][PASSED] - pages.WriteExcel.demoKey(resText, datText, resColumn, datCloumn, fileLoc, nameSheet, row): pages.WriteExcel.demoKey is PASSED

2023-02-15 23:23:38 - [MESSAGE][PASSED] - pages.WriteExcel.demoKey is PASSED

2023-02-15 23:23:38 - [TEST_STEP][PASSED] - ExecuteTC = findTestData(dataFile).getValue("Execute", row): null

2023-02-15 23:23:38 - [TEST_STEP][PASSED] - out.println("Value of Execute is : " + ExecuteTC): null

2023-02-15 23:23:38 - [TEST_STEP][PASSED] - switch (executionProfile): null

2023-02-15 23:23:38 - [TEST_STEP][PASSED] - case "QAProfile":: null

2023-02-15 23:23:38 - [TEST_STEP][PASSED] - appID = findTestData(dataFile).getValue("AppIDQA", row): null

2023-02-15 23:23:38 - [TEST_STEP][PASSED] - username = findTestData(dataFile).getValue("UsernameQA", row): null

2023-02-15 23:23:38 - [TEST_STEP][PASSED] - password = findTestData(dataFile).getValue("PasswordQA", row): null

2023-02-15 23:23:38 - [TEST_STEP][PASSED] - break: null

2023-02-15 23:23:38 - [TEST_STEP][PASSED] - if (ExecuteTC.equalsIgnoreCase("Y")): null

2023-02-15 23:23:38 - [TEST_STEP][PASSED] - out.println("Begin Record Number: " + row): null

2023-02-15 23:23:38 - [TEST_STEP][PASSED] - today = new java.util.Date(): null

2023-02-15 23:23:38 - [TEST_STEP][PASSED] - println(today): null

2023-02-15 23:23:38 - [TEST_STEP][PASSED] - datText = today: null

2023-02-15 23:23:38 - [TEST_STEP][PASSED] - checkType = findTestData(dataFile).getValue("CheckType", row): null

2023-02-15 23:23:38 - [TEST_STEP][PASSED] - acNumber = findTestData(dataFile).getValue("AcNumber", row): null

2023-02-15 23:23:38 - [TEST_STEP][PASSED] - company = findTestData(dataFile).getValue("Company", row): null

2023-02-15 23:23:38 - [TEST_STEP][PASSED] - acType = findTestData(dataFile).getValue("AcType", row): null

2023-02-15 23:23:38 - [TEST_STEP][PASSED] - rtn = findTestData(dataFile).getValue("RTN", row): null

2023-02-15 23:23:38 - [TEST_STEP][PASSED] - amount = findTestData(dataFile).getValue("Amount", row): null

2023-02-15 23:23:38 - [TEST_STEP][PASSED] - sec = findTestData(dataFile).getValue("SEC", row): null

2023-02-15 23:23:39 - [TEST_STEP][PASSED] - openBrowser(VLinkURL + "debit.html"): Browser is opened with url: 'https://dev-algorithm.govolution.com/vlinktest/QA/version_2_0/debit.html'

2023-02-15 23:23:39 - [MESSAGE][WARNING] - A browser is already opened. Closing browser and opening a new one

2023-02-15 23:23:39 - [MESSAGE][INFO] - Starting 'Chrome' driver

2023-02-15 23:23:39 - [MESSAGE][INFO] - User set preference: ['acceptInsecureCerts', 'true']

2023-02-15 23:23:39 - [MESSAGE][INFO] - Action delay is set to 0 milliseconds

2023-02-15 23:23:41 - [MESSAGE][PASSED] - Browser is opened with url: 'https://dev-algorithm.govolution.com/vlinktest/QA/version_2_0/debit.html'

2023-02-15 23:23:41 - [TEST_STEP][PASSED] - maximizeWindow(): Current window maximized

2023-02-15 23:23:41 - [MESSAGE][PASSED] - Current window maximized

2023-02-15 23:23:41 - [TEST_STEP][PASSED] - genRemID1 = random() * 99999).toInteger(): null

2023-02-15 23:23:41 - [TEST_STEP][PASSED] - genRemID2 = random() * 99999).toInteger(): null

2023-02-15 23:23:41 - [TEST_STEP][PASSED] - genRemID3 = random() * 99999).toInteger(): null

2023-02-15 23:23:41 - [TEST_STEP][PASSED] - println(genRemID1): null

2023-02-15 23:23:41 - [TEST_STEP][PASSED] - println(genRemID2): null

2023-02-15 23:23:41 - [TEST_STEP][PASSED] - println(genRemID3): null

2023-02-15 23:23:41 - [TEST_STEP][PASSED] - genRemID = genRemID1 + "|" + genRemID2 + "|" + genRemID3: null

2023-02-15 23:23:41 - [TEST_STEP][PASSED] - println(genRemID): null

2023-02-15 23:23:41 - [TEST_STEP][PASSED] - setText(findTestObject("RecAndPlayBk/Page-Vlink-Debit/input_Remittance Id"), genRemID): Text '89929|73396|76656' is set on object 'Object Repository/RecAndPlayBk/Page-Vlink-Debit/input_Remittance Id'

2023-02-15 23:23:42 - [MESSAGE][PASSED] - Text '89929|73396|76656' is set on object 'Object Repository/RecAndPlayBk/Page-Vlink-Debit/input_Remittance Id'

2023-02-15 23:23:42 - [TEST_STEP][PASSED] - setText(findTestObject("RecAndPlayBk/Page-Vlink-Debit/input_Application Id"), appID): Text '234' is set on object 'Object Repository/RecAndPlayBk/Page-Vlink-Debit/input_Application Id'

2023-02-15 23:23:43 - [MESSAGE][PASSED] - Text '234' is set on object 'Object Repository/RecAndPlayBk/Page-Vlink-Debit/input_Application Id'

2023-02-15 23:23:43 - [TEST_STEP][PASSED] - setText(findTestObject("RecAndPlayBk/Page-Vlink-Debit/input_Username"), username): Text 'username' is set on object 'Object Repository/RecAndPlayBk/Page-Vlink-Debit/input_Username'

2023-02-15 23:23:43 - [MESSAGE][PASSED] - Text 'username' is set on object 'Object Repository/RecAndPlayBk/Page-Vlink-Debit/input_Username'

2023-02-15 23:23:43 - [TEST_STEP][PASSED] - setText(findTestObject("RecAndPlayBk/Page-Vlink-Debit/input_Password"), password): Text 'password' is set on object 'Object Repository/RecAndPlayBk/Page-Vlink-Debit/input_Password'

2023-02-15 23:23:44 - [MESSAGE][PASSED] - Text 'password' is set on object 'Object Repository/RecAndPlayBk/Page-Vlink-Debit/input_Password'

2023-02-15 23:23:44 - [TEST_STEP][PASSED] - setText(findTestObject("RecAndPlayBk/Page-Vlink-Debit/input_Check Type"), checkType): Text 'P' is set on object 'Object Repository/RecAndPlayBk/Page-Vlink-Debit/input_Check Type'

2023-02-15 23:23:45 - [MESSAGE][PASSED] - Text 'P' is set on object 'Object Repository/RecAndPlayBk/Page-Vlink-Debit/input_Check Type'

2023-02-15 23:23:45 - [TEST_STEP][PASSED] - setText(findTestObject("RecAndPlayBk/Page-Vlink-Debit/input_Account_check"), acNumber): Text '58963214' is set on object 'Object Repository/RecAndPlayBk/Page-Vlink-Debit/input_Account_check'

2023-02-15 23:23:45 - [MESSAGE][PASSED] - Text '58963214' is set on object 'Object Repository/RecAndPlayBk/Page-Vlink-Debit/input_Account_check'

2023-02-15 23:23:45 - [TEST_STEP][PASSED] - setText(findTestObject("RecAndPlayBk/Page-Vlink-Debit/input_Company_check"), company): Text '' is set on object 'Object Repository/RecAndPlayBk/Page-Vlink-Debit/input_Company_check'

2023-02-15 23:23:46 - [MESSAGE][PASSED] - Text '' is set on object 'Object Repository/RecAndPlayBk/Page-Vlink-Debit/input_Company_check'

2023-02-15 23:23:46 - [TEST_STEP][PASSED] - setText(findTestObject("RecAndPlayBk/Page-Vlink-Debit/input_Account Type"), acType): Text '1' is set on object 'Object Repository/RecAndPlayBk/Page-Vlink-Debit/input_Account Type'

2023-02-15 23:23:46 - [MESSAGE][PASSED] - Text '1' is set on object 'Object Repository/RecAndPlayBk/Page-Vlink-Debit/input_Account Type'

2023-02-15 23:23:46 - [TEST_STEP][PASSED] - setText(findTestObject("RecAndPlayBk/Page-Vlink-Debit/input_Routing Number"), rtn): Text '256072691' is set on object 'Object Repository/RecAndPlayBk/Page-Vlink-Debit/input_Routing Number'

2023-02-15 23:23:47 - [MESSAGE][PASSED] - Text '256072691' is set on object 'Object Repository/RecAndPlayBk/Page-Vlink-Debit/input_Routing Number'

2023-02-15 23:23:47 - [TEST_STEP][PASSED] - setText(findTestObject("RecAndPlayBk/Page-Vlink-Debit/input_Amount"), amount): Text '12.50' is set on object 'Object Repository/RecAndPlayBk/Page-Vlink-Debit/input_Amount'

2023-02-15 23:23:48 - [MESSAGE][PASSED] - Text '12.50' is set on object 'Object Repository/RecAndPlayBk/Page-Vlink-Debit/input_Amount'

2023-02-15 23:23:48 - [TEST_STEP][PASSED] - setText(findTestObject("RecAndPlayBk/Page-Vlink-Debit/input_Check Email"), ""): Text '' is set on object 'Object Repository/RecAndPlayBk/Page-Vlink-Debit/input_Check Email'

2023-02-15 23:23:48 - [MESSAGE][PASSED] - Text '' is set on object 'Object Repository/RecAndPlayBk/Page-Vlink-Debit/input_Check Email'

2023-02-15 23:23:48 - [TEST_STEP][PASSED] - setText(findTestObject("Object Repository/RecAndPlayBk/Page-Vlink-Debit/input_concat(CheckWriter, , s SSN)_check_ssn"), ""): Text '' is set on object 'Object Repository/RecAndPlayBk/Page-Vlink-Debit/input_concat(CheckWriter, , s SSN)_check_ssn'

2023-02-15 23:23:49 - [MESSAGE][PASSED] - Text '' is set on object 'Object Repository/RecAndPlayBk/Page-Vlink-Debit/input_concat(CheckWriter, , s SSN)_check_ssn'

2023-02-15 23:23:49 - [TEST_STEP][PASSED] - setText(findTestObject("Object Repository/RecAndPlayBk/Page-Vlink-Debit/input_concat(CheckWriter, , s License Numbe_020fef"), ""): Text '' is set on object 'Object Repository/RecAndPlayBk/Page-Vlink-Debit/input_concat(CheckWriter, , s License Numbe_020fef'

2023-02-15 23:23:49 - [MESSAGE][PASSED] - Text '' is set on object 'Object Repository/RecAndPlayBk/Page-Vlink-Debit/input_concat(CheckWriter, , s License Numbe_020fef'

2023-02-15 23:23:49 - [TEST_STEP][PASSED] - setText(findTestObject("Object Repository/RecAndPlayBk/Page-Vlink-Debit/input_concat(CheckWriter, , s License State_21e3e7"), ""): Text '' is set on object 'Object Repository/RecAndPlayBk/Page-Vlink-Debit/input_concat(CheckWriter, , s License State_21e3e7'

2023-02-15 23:23:50 - [MESSAGE][PASSED] - Text '' is set on object 'Object Repository/RecAndPlayBk/Page-Vlink-Debit/input_concat(CheckWriter, , s License State_21e3e7'

2023-02-15 23:23:50 - [TEST_STEP][PASSED] - setText(findTestObject("RecAndPlayBk/Page-Vlink-Debit/input_Standard Entry Class"), sec): Text 'TEL' is set on object 'Object Repository/RecAndPlayBk/Page-Vlink-Debit/input_Standard Entry Class'

2023-02-15 23:23:51 - [MESSAGE][PASSED] - Text 'TEL' is set on object 'Object Repository/RecAndPlayBk/Page-Vlink-Debit/input_Standard Entry Class'

2023-02-15 23:23:51 - [TEST_STEP][PASSED] - click(findTestObject("Object Repository/RecAndPlayBk/Page-Vlink-Debit/input")): Object: 'Object Repository/RecAndPlayBk/Page-Vlink-Debit/input' is clicked on

2023-02-15 23:23:52 - [MESSAGE][PASSED] - Object: 'Object Repository/RecAndPlayBk/Page-Vlink-Debit/input' is clicked on

2023-02-15 23:23:52 - [TEST_STEP][PASSED] - if (verifyTextPresent("Transaction approved, no errors", true)): null

2023-02-15 23:23:52 - [MESSAGE][PASSED] - Text 'Transaction approved, no errors' is present on page  using regular expression

2023-02-15 23:23:52 - [TEST_STEP][PASSED] - println("Transaction Approved, no errors text is present on the Confirmation page"): null

2023-02-15 23:23:52 - [TEST_STEP][PASSED] - sdfo = getText(findTestObject("Object Repository/Page_VLinkReceipt/pre_STX")): Text of object 'Object Repository/Page_VLinkReceipt/pre_STX' is: '<STX>89929|73396|76656             12126770            0  Transaction approved, no errors                   0                                                                                                              <ETX>'

2023-02-15 23:23:52 - [MESSAGE][PASSED] - Text of object 'Object Repository/Page_VLinkReceipt/pre_STX' is: '<STX>89929|73396|76656             12126770            0  Transaction approved, no errors                   0                                                                                                              <ETX>'

2023-02-15 23:23:52 - [TEST_STEP][PASSED] - out.println("sdfo: " + sdfo): null

2023-02-15 23:23:52 - [TEST_STEP][PASSED] - remID = substring(5, 35).trim(): null

2023-02-15 23:23:52 - [TEST_STEP][PASSED] - out.println("remID: " + remID): null

2023-02-15 23:23:52 - [TEST_STEP][PASSED] - traxID = substring(35, 55).trim(): null

2023-02-15 23:23:52 - [TEST_STEP][PASSED] - out.println("traxID: " + traxID): null

2023-02-15 23:23:52 - [TEST_STEP][PASSED] - VLinkSaleRemID = remID: null

2023-02-15 23:23:52 - [TEST_STEP][PASSED] - VLinkSaleTranxID = traxID: null

2023-02-15 23:23:52 - [TEST_STEP][PASSED] - openBrowser(VLinkURL + "ACH_void.html"): Browser is opened with url: 'https://dev-algorithm.govolution.com/vlinktest/QA/version_2_0/ACH_void.html'

2023-02-15 23:23:52 - [MESSAGE][WARNING] - A browser is already opened. Closing browser and opening a new one

2023-02-15 23:23:53 - [MESSAGE][INFO] - Starting 'Chrome' driver

2023-02-15 23:23:53 - [MESSAGE][INFO] - User set preference: ['acceptInsecureCerts', 'true']

2023-02-15 23:23:53 - [MESSAGE][INFO] - Action delay is set to 0 milliseconds

2023-02-15 23:23:55 - [MESSAGE][PASSED] - Browser is opened with url: 'https://dev-algorithm.govolution.com/vlinktest/QA/version_2_0/ACH_void.html'

2023-02-15 23:23:55 - [TEST_STEP][PASSED] - maximizeWindow(): Current window maximized

2023-02-15 23:23:55 - [MESSAGE][PASSED] - Current window maximized

2023-02-15 23:23:55 - [TEST_STEP][PASSED] - setText(findTestObject("Object Repository/RecAndPlayBk/Page-Vlink-ACH-Void/input_Remittance Id"), VLinkSaleRemID): Text '89929|73396|76656' is set on object 'Object Repository/RecAndPlayBk/Page-Vlink-ACH-Void/input_Remittance Id'

2023-02-15 23:23:56 - [MESSAGE][PASSED] - Text '89929|73396|76656' is set on object 'Object Repository/RecAndPlayBk/Page-Vlink-ACH-Void/input_Remittance Id'

2023-02-15 23:23:56 - [TEST_STEP][PASSED] - setText(findTestObject("Object Repository/RecAndPlayBk/Page-Vlink-ACH-Void/input_Application Id"), appID): Text '234' is set on object 'Object Repository/RecAndPlayBk/Page-Vlink-ACH-Void/input_Application Id'

2023-02-15 23:23:56 - [MESSAGE][PASSED] - Text '234' is set on object 'Object Repository/RecAndPlayBk/Page-Vlink-ACH-Void/input_Application Id'

2023-02-15 23:23:56 - [TEST_STEP][PASSED] - setText(findTestObject("Object Repository/RecAndPlayBk/Page-Vlink-ACH-Void/input_Username"), username): Text 'username' is set on object 'Object Repository/RecAndPlayBk/Page-Vlink-ACH-Void/input_Username'

2023-02-15 23:23:57 - [MESSAGE][PASSED] - Text 'username' is set on object 'Object Repository/RecAndPlayBk/Page-Vlink-ACH-Void/input_Username'

2023-02-15 23:23:57 - [TEST_STEP][PASSED] - setText(findTestObject("Object Repository/RecAndPlayBk/Page-Vlink-ACH-Void/input_Password"), password): Text 'password' is set on object 'Object Repository/RecAndPlayBk/Page-Vlink-ACH-Void/input_Password'

2023-02-15 23:23:58 - [MESSAGE][PASSED] - Text 'password' is set on object 'Object Repository/RecAndPlayBk/Page-Vlink-ACH-Void/input_Password'

2023-02-15 23:23:58 - [TEST_STEP][PASSED] - setText(findTestObject("Object Repository/RecAndPlayBk/Page-Vlink-ACH-Void/input_Check Type"), checkType): Text 'P' is set on object 'Object Repository/RecAndPlayBk/Page-Vlink-ACH-Void/input_Check Type'

2023-02-15 23:23:58 - [MESSAGE][PASSED] - Text 'P' is set on object 'Object Repository/RecAndPlayBk/Page-Vlink-ACH-Void/input_Check Type'

2023-02-15 23:23:58 - [TEST_STEP][PASSED] - setText(findTestObject("Object Repository/RecAndPlayBk/Page-Vlink-ACH-Void/input_Standard Entry Class"), sec): Text 'TEL' is set on object 'Object Repository/RecAndPlayBk/Page-Vlink-ACH-Void/input_Standard Entry Class'

2023-02-15 23:23:59 - [MESSAGE][PASSED] - Text 'TEL' is set on object 'Object Repository/RecAndPlayBk/Page-Vlink-ACH-Void/input_Standard Entry Class'

2023-02-15 23:23:59 - [TEST_STEP][PASSED] - setText(findTestObject("Object Repository/RecAndPlayBk/Page-Vlink-ACH-Void/input_Transaction ID"), VLinkSaleTranxID): Text '12126770' is set on object 'Object Repository/RecAndPlayBk/Page-Vlink-ACH-Void/input_Transaction ID'

2023-02-15 23:23:59 - [MESSAGE][PASSED] - Text '12126770' is set on object 'Object Repository/RecAndPlayBk/Page-Vlink-ACH-Void/input_Transaction ID'

2023-02-15 23:23:59 - [TEST_STEP][PASSED] - setText(findTestObject("Object Repository/RecAndPlayBk/Page-Vlink-ACH-Void/input_Original Transaction Type"), "200"): Text '200' is set on object 'Object Repository/RecAndPlayBk/Page-Vlink-ACH-Void/input_Original Transaction Type'

2023-02-15 23:24:00 - [MESSAGE][PASSED] - Text '200' is set on object 'Object Repository/RecAndPlayBk/Page-Vlink-ACH-Void/input_Original Transaction Type'

2023-02-15 23:24:00 - [TEST_STEP][PASSED] - click(findTestObject("Object Repository/RecAndPlayBk/Page-Vlink-ACH-Void/input")): Object: 'Object Repository/RecAndPlayBk/Page-Vlink-ACH-Void/input' is clicked on

2023-02-15 23:24:01 - [MESSAGE][PASSED] - Object: 'Object Repository/RecAndPlayBk/Page-Vlink-ACH-Void/input' is clicked on

2023-02-15 23:24:01 - [TEST_STEP][PASSED] - if (verifyTextPresent("Transaction approved, no errors", true)): null

2023-02-15 23:24:01 - [MESSAGE][PASSED] - Text 'Transaction approved, no errors' is present on page  using regular expression

2023-02-15 23:24:01 - [TEST_STEP][PASSED] - println("Transaction Approved, no errors text is present on the Confirmation page"): null

2023-02-15 23:24:01 - [TEST_STEP][PASSED] - out.println("Pass Record Number: " + row): null

2023-02-15 23:24:01 - [TEST_STEP][PASSED] - resText = "Pass": null

2023-02-15 23:24:01 - [TEST_STEP][PASSED] - pages.WriteExcel.demoKey(resText, datText, resColumn, datCloumn, fileLoc, nameSheet, row): pages.WriteExcel.demoKey is PASSED

2023-02-15 23:24:01 - [MESSAGE][PASSED] - pages.WriteExcel.demoKey is PASSED

2023-02-15 23:24:01 - [TEST_STEP][PASSED] - ExecuteTC = findTestData(dataFile).getValue("Execute", row): null

2023-02-15 23:24:01 - [TEST_STEP][PASSED] - out.println("Value of Execute is : " + ExecuteTC): null

2023-02-15 23:24:01 - [TEST_STEP][PASSED] - switch (executionProfile): null

2023-02-15 23:24:01 - [TEST_STEP][PASSED] - case "QAProfile":: null

2023-02-15 23:24:01 - [TEST_STEP][PASSED] - appID = findTestData(dataFile).getValue("AppIDQA", row): null

2023-02-15 23:24:01 - [TEST_STEP][PASSED] - username = findTestData(dataFile).getValue("UsernameQA", row): null

2023-02-15 23:24:01 - [TEST_STEP][PASSED] - password = findTestData(dataFile).getValue("PasswordQA", row): null

2023-02-15 23:24:01 - [TEST_STEP][PASSED] - break: null

2023-02-15 23:24:01 - [TEST_STEP][PASSED] - if (ExecuteTC.equalsIgnoreCase("Y")): null

2023-02-15 23:24:01 - [TEST_STEP][PASSED] - out.println("Begin Record Number: " + row): null

2023-02-15 23:24:01 - [TEST_STEP][PASSED] - today = new java.util.Date(): null

2023-02-15 23:24:01 - [TEST_STEP][PASSED] - println(today): null

2023-02-15 23:24:01 - [TEST_STEP][PASSED] - datText = today: null

2023-02-15 23:24:01 - [TEST_STEP][PASSED] - checkType = findTestData(dataFile).getValue("CheckType", row): null

2023-02-15 23:24:02 - [TEST_STEP][PASSED] - acNumber = findTestData(dataFile).getValue("AcNumber", row): null

2023-02-15 23:24:02 - [TEST_STEP][PASSED] - company = findTestData(dataFile).getValue("Company", row): null

2023-02-15 23:24:02 - [TEST_STEP][PASSED] - acType = findTestData(dataFile).getValue("AcType", row): null

2023-02-15 23:24:02 - [TEST_STEP][PASSED] - rtn = findTestData(dataFile).getValue("RTN", row): null

2023-02-15 23:24:02 - [TEST_STEP][PASSED] - amount = findTestData(dataFile).getValue("Amount", row): null

2023-02-15 23:24:02 - [TEST_STEP][PASSED] - sec = findTestData(dataFile).getValue("SEC", row): null

2023-02-15 23:24:02 - [TEST_STEP][PASSED] - openBrowser(VLinkURL + "debit.html"): Browser is opened with url: 'https://dev-algorithm.govolution.com/vlinktest/QA/version_2_0/debit.html'

2023-02-15 23:24:02 - [MESSAGE][WARNING] - A browser is already opened. Closing browser and opening a new one

2023-02-15 23:24:03 - [MESSAGE][INFO] - Starting 'Chrome' driver

2023-02-15 23:24:03 - [MESSAGE][INFO] - User set preference: ['acceptInsecureCerts', 'true']

2023-02-15 23:24:03 - [MESSAGE][INFO] - Action delay is set to 0 milliseconds

2023-02-15 23:24:05 - [MESSAGE][PASSED] - Browser is opened with url: 'https://dev-algorithm.govolution.com/vlinktest/QA/version_2_0/debit.html'

2023-02-15 23:24:05 - [TEST_STEP][PASSED] - maximizeWindow(): Current window maximized

2023-02-15 23:24:05 - [MESSAGE][PASSED] - Current window maximized

2023-02-15 23:24:05 - [TEST_STEP][PASSED] - genRemID1 = random() * 99999).toInteger(): null

2023-02-15 23:24:05 - [TEST_STEP][PASSED] - genRemID2 = random() * 99999).toInteger(): null

2023-02-15 23:24:05 - [TEST_STEP][PASSED] - genRemID3 = random() * 99999).toInteger(): null

2023-02-15 23:24:05 - [TEST_STEP][PASSED] - println(genRemID1): null

2023-02-15 23:24:05 - [TEST_STEP][PASSED] - println(genRemID2): null

2023-02-15 23:24:05 - [TEST_STEP][PASSED] - println(genRemID3): null

2023-02-15 23:24:05 - [TEST_STEP][PASSED] - genRemID = genRemID1 + "|" + genRemID2 + "|" + genRemID3: null

2023-02-15 23:24:05 - [TEST_STEP][PASSED] - println(genRemID): null

2023-02-15 23:24:05 - [TEST_STEP][PASSED] - setText(findTestObject("RecAndPlayBk/Page-Vlink-Debit/input_Remittance Id"), genRemID): Text '57318|11319|62909' is set on object 'Object Repository/RecAndPlayBk/Page-Vlink-Debit/input_Remittance Id'

2023-02-15 23:24:06 - [MESSAGE][PASSED] - Text '57318|11319|62909' is set on object 'Object Repository/RecAndPlayBk/Page-Vlink-Debit/input_Remittance Id'

2023-02-15 23:24:06 - [TEST_STEP][PASSED] - setText(findTestObject("RecAndPlayBk/Page-Vlink-Debit/input_Application Id"), appID): Text '234' is set on object 'Object Repository/RecAndPlayBk/Page-Vlink-Debit/input_Application Id'

2023-02-15 23:24:06 - [MESSAGE][PASSED] - Text '234' is set on object 'Object Repository/RecAndPlayBk/Page-Vlink-Debit/input_Application Id'

2023-02-15 23:24:06 - [TEST_STEP][PASSED] - setText(findTestObject("RecAndPlayBk/Page-Vlink-Debit/input_Username"), username): Text 'username' is set on object 'Object Repository/RecAndPlayBk/Page-Vlink-Debit/input_Username'

2023-02-15 23:24:07 - [MESSAGE][PASSED] - Text 'username' is set on object 'Object Repository/RecAndPlayBk/Page-Vlink-Debit/input_Username'

2023-02-15 23:24:07 - [TEST_STEP][PASSED] - setText(findTestObject("RecAndPlayBk/Page-Vlink-Debit/input_Password"), password): Text 'password' is set on object 'Object Repository/RecAndPlayBk/Page-Vlink-Debit/input_Password'

2023-02-15 23:24:08 - [MESSAGE][PASSED] - Text 'password' is set on object 'Object Repository/RecAndPlayBk/Page-Vlink-Debit/input_Password'

2023-02-15 23:24:08 - [TEST_STEP][PASSED] - setText(findTestObject("RecAndPlayBk/Page-Vlink-Debit/input_Check Type"), checkType): Text 'P' is set on object 'Object Repository/RecAndPlayBk/Page-Vlink-Debit/input_Check Type'

2023-02-15 23:24:08 - [MESSAGE][PASSED] - Text 'P' is set on object 'Object Repository/RecAndPlayBk/Page-Vlink-Debit/input_Check Type'

2023-02-15 23:24:08 - [TEST_STEP][PASSED] - setText(findTestObject("RecAndPlayBk/Page-Vlink-Debit/input_Account_check"), acNumber): Text '58963214' is set on object 'Object Repository/RecAndPlayBk/Page-Vlink-Debit/input_Account_check'

2023-02-15 23:24:09 - [MESSAGE][PASSED] - Text '58963214' is set on object 'Object Repository/RecAndPlayBk/Page-Vlink-Debit/input_Account_check'

2023-02-15 23:24:09 - [TEST_STEP][PASSED] - setText(findTestObject("RecAndPlayBk/Page-Vlink-Debit/input_Company_check"), company): Text '' is set on object 'Object Repository/RecAndPlayBk/Page-Vlink-Debit/input_Company_check'

2023-02-15 23:24:09 - [MESSAGE][PASSED] - Text '' is set on object 'Object Repository/RecAndPlayBk/Page-Vlink-Debit/input_Company_check'

2023-02-15 23:24:09 - [TEST_STEP][PASSED] - setText(findTestObject("RecAndPlayBk/Page-Vlink-Debit/input_Account Type"), acType): Text '1' is set on object 'Object Repository/RecAndPlayBk/Page-Vlink-Debit/input_Account Type'

2023-02-15 23:24:10 - [MESSAGE][PASSED] - Text '1' is set on object 'Object Repository/RecAndPlayBk/Page-Vlink-Debit/input_Account Type'

2023-02-15 23:24:10 - [TEST_STEP][PASSED] - setText(findTestObject("RecAndPlayBk/Page-Vlink-Debit/input_Routing Number"), rtn): Text '256072691' is set on object 'Object Repository/RecAndPlayBk/Page-Vlink-Debit/input_Routing Number'

2023-02-15 23:24:11 - [MESSAGE][PASSED] - Text '256072691' is set on object 'Object Repository/RecAndPlayBk/Page-Vlink-Debit/input_Routing Number'

2023-02-15 23:24:11 - [TEST_STEP][PASSED] - setText(findTestObject("RecAndPlayBk/Page-Vlink-Debit/input_Amount"), amount): Text '12.50' is set on object 'Object Repository/RecAndPlayBk/Page-Vlink-Debit/input_Amount'

2023-02-15 23:24:11 - [MESSAGE][PASSED] - Text '12.50' is set on object 'Object Repository/RecAndPlayBk/Page-Vlink-Debit/input_Amount'

2023-02-15 23:24:11 - [TEST_STEP][PASSED] - setText(findTestObject("RecAndPlayBk/Page-Vlink-Debit/input_Check Email"), ""): Text '' is set on object 'Object Repository/RecAndPlayBk/Page-Vlink-Debit/input_Check Email'

2023-02-15 23:24:12 - [MESSAGE][PASSED] - Text '' is set on object 'Object Repository/RecAndPlayBk/Page-Vlink-Debit/input_Check Email'

2023-02-15 23:24:12 - [TEST_STEP][PASSED] - setText(findTestObject("Object Repository/RecAndPlayBk/Page-Vlink-Debit/input_concat(CheckWriter, , s SSN)_check_ssn"), ""): Text '' is set on object 'Object Repository/RecAndPlayBk/Page-Vlink-Debit/input_concat(CheckWriter, , s SSN)_check_ssn'

2023-02-15 23:24:12 - [MESSAGE][PASSED] - Text '' is set on object 'Object Repository/RecAndPlayBk/Page-Vlink-Debit/input_concat(CheckWriter, , s SSN)_check_ssn'

2023-02-15 23:24:12 - [TEST_STEP][PASSED] - setText(findTestObject("Object Repository/RecAndPlayBk/Page-Vlink-Debit/input_concat(CheckWriter, , s License Numbe_020fef"), ""): Text '' is set on object 'Object Repository/RecAndPlayBk/Page-Vlink-Debit/input_concat(CheckWriter, , s License Numbe_020fef'

2023-02-15 23:24:13 - [MESSAGE][PASSED] - Text '' is set on object 'Object Repository/RecAndPlayBk/Page-Vlink-Debit/input_concat(CheckWriter, , s License Numbe_020fef'

2023-02-15 23:24:13 - [TEST_STEP][PASSED] - setText(findTestObject("Object Repository/RecAndPlayBk/Page-Vlink-Debit/input_concat(CheckWriter, , s License State_21e3e7"), ""): Text '' is set on object 'Object Repository/RecAndPlayBk/Page-Vlink-Debit/input_concat(CheckWriter, , s License State_21e3e7'

2023-02-15 23:24:14 - [MESSAGE][PASSED] - Text '' is set on object 'Object Repository/RecAndPlayBk/Page-Vlink-Debit/input_concat(CheckWriter, , s License State_21e3e7'

2023-02-15 23:24:14 - [TEST_STEP][PASSED] - setText(findTestObject("RecAndPlayBk/Page-Vlink-Debit/input_Standard Entry Class"), sec): Text 'PPD' is set on object 'Object Repository/RecAndPlayBk/Page-Vlink-Debit/input_Standard Entry Class'

2023-02-15 23:24:14 - [MESSAGE][PASSED] - Text 'PPD' is set on object 'Object Repository/RecAndPlayBk/Page-Vlink-Debit/input_Standard Entry Class'

2023-02-15 23:24:14 - [TEST_STEP][PASSED] - click(findTestObject("Object Repository/RecAndPlayBk/Page-Vlink-Debit/input")): Object: 'Object Repository/RecAndPlayBk/Page-Vlink-Debit/input' is clicked on

2023-02-15 23:24:15 - [MESSAGE][PASSED] - Object: 'Object Repository/RecAndPlayBk/Page-Vlink-Debit/input' is clicked on

2023-02-15 23:24:15 - [TEST_STEP][PASSED] - if (verifyTextPresent("Transaction approved, no errors", true)): null

2023-02-15 23:24:16 - [MESSAGE][PASSED] - Text 'Transaction approved, no errors' is present on page  using regular expression

2023-02-15 23:24:16 - [TEST_STEP][PASSED] - println("Transaction Approved, no errors text is present on the Confirmation page"): null

2023-02-15 23:24:16 - [TEST_STEP][PASSED] - sdfo = getText(findTestObject("Object Repository/Page_VLinkReceipt/pre_STX")): Text of object 'Object Repository/Page_VLinkReceipt/pre_STX' is: '<STX>57318|11319|62909             12126772            0  Transaction approved, no errors                   0                                                                                                              <ETX>'

2023-02-15 23:24:16 - [MESSAGE][PASSED] - Text of object 'Object Repository/Page_VLinkReceipt/pre_STX' is: '<STX>57318|11319|62909             12126772            0  Transaction approved, no errors                   0                                                                                                              <ETX>'

2023-02-15 23:24:16 - [TEST_STEP][PASSED] - out.println("sdfo: " + sdfo): null

2023-02-15 23:24:16 - [TEST_STEP][PASSED] - remID = substring(5, 35).trim(): null

2023-02-15 23:24:16 - [TEST_STEP][PASSED] - out.println("remID: " + remID): null

2023-02-15 23:24:16 - [TEST_STEP][PASSED] - traxID = substring(35, 55).trim(): null

2023-02-15 23:24:16 - [TEST_STEP][PASSED] - out.println("traxID: " + traxID): null

2023-02-15 23:24:16 - [TEST_STEP][PASSED] - VLinkSaleRemID = remID: null

2023-02-15 23:24:16 - [TEST_STEP][PASSED] - VLinkSaleTranxID = traxID: null

2023-02-15 23:24:16 - [TEST_STEP][PASSED] - openBrowser(VLinkURL + "ACH_void.html"): Browser is opened with url: 'https://dev-algorithm.govolution.com/vlinktest/QA/version_2_0/ACH_void.html'

2023-02-15 23:24:16 - [MESSAGE][WARNING] - A browser is already opened. Closing browser and opening a new one

2023-02-15 23:24:17 - [MESSAGE][INFO] - Starting 'Chrome' driver

2023-02-15 23:24:17 - [MESSAGE][INFO] - User set preference: ['acceptInsecureCerts', 'true']

2023-02-15 23:24:17 - [MESSAGE][INFO] - Action delay is set to 0 milliseconds

2023-02-15 23:24:19 - [MESSAGE][PASSED] - Browser is opened with url: 'https://dev-algorithm.govolution.com/vlinktest/QA/version_2_0/ACH_void.html'

2023-02-15 23:24:19 - [TEST_STEP][PASSED] - maximizeWindow(): Current window maximized

2023-02-15 23:24:19 - [MESSAGE][PASSED] - Current window maximized

2023-02-15 23:24:19 - [TEST_STEP][PASSED] - setText(findTestObject("Object Repository/RecAndPlayBk/Page-Vlink-ACH-Void/input_Remittance Id"), VLinkSaleRemID): Text '57318|11319|62909' is set on object 'Object Repository/RecAndPlayBk/Page-Vlink-ACH-Void/input_Remittance Id'

2023-02-15 23:24:19 - [MESSAGE][PASSED] - Text '57318|11319|62909' is set on object 'Object Repository/RecAndPlayBk/Page-Vlink-ACH-Void/input_Remittance Id'

2023-02-15 23:24:19 - [TEST_STEP][PASSED] - setText(findTestObject("Object Repository/RecAndPlayBk/Page-Vlink-ACH-Void/input_Application Id"), appID): Text '234' is set on object 'Object Repository/RecAndPlayBk/Page-Vlink-ACH-Void/input_Application Id'

2023-02-15 23:24:20 - [MESSAGE][PASSED] - Text '234' is set on object 'Object Repository/RecAndPlayBk/Page-Vlink-ACH-Void/input_Application Id'

2023-02-15 23:24:20 - [TEST_STEP][PASSED] - setText(findTestObject("Object Repository/RecAndPlayBk/Page-Vlink-ACH-Void/input_Username"), username): Text 'username' is set on object 'Object Repository/RecAndPlayBk/Page-Vlink-ACH-Void/input_Username'

2023-02-15 23:24:21 - [MESSAGE][PASSED] - Text 'username' is set on object 'Object Repository/RecAndPlayBk/Page-Vlink-ACH-Void/input_Username'

2023-02-15 23:24:21 - [TEST_STEP][PASSED] - setText(findTestObject("Object Repository/RecAndPlayBk/Page-Vlink-ACH-Void/input_Password"), password): Text 'password' is set on object 'Object Repository/RecAndPlayBk/Page-Vlink-ACH-Void/input_Password'

2023-02-15 23:24:21 - [MESSAGE][PASSED] - Text 'password' is set on object 'Object Repository/RecAndPlayBk/Page-Vlink-ACH-Void/input_Password'

2023-02-15 23:24:21 - [TEST_STEP][PASSED] - setText(findTestObject("Object Repository/RecAndPlayBk/Page-Vlink-ACH-Void/input_Check Type"), checkType): Text 'P' is set on object 'Object Repository/RecAndPlayBk/Page-Vlink-ACH-Void/input_Check Type'

2023-02-15 23:24:22 - [MESSAGE][PASSED] - Text 'P' is set on object 'Object Repository/RecAndPlayBk/Page-Vlink-ACH-Void/input_Check Type'

2023-02-15 23:24:22 - [TEST_STEP][PASSED] - setText(findTestObject("Object Repository/RecAndPlayBk/Page-Vlink-ACH-Void/input_Standard Entry Class"), sec): Text 'PPD' is set on object 'Object Repository/RecAndPlayBk/Page-Vlink-ACH-Void/input_Standard Entry Class'

2023-02-15 23:24:23 - [MESSAGE][PASSED] - Text 'PPD' is set on object 'Object Repository/RecAndPlayBk/Page-Vlink-ACH-Void/input_Standard Entry Class'

2023-02-15 23:24:23 - [TEST_STEP][PASSED] - setText(findTestObject("Object Repository/RecAndPlayBk/Page-Vlink-ACH-Void/input_Transaction ID"), VLinkSaleTranxID): Text '12126772' is set on object 'Object Repository/RecAndPlayBk/Page-Vlink-ACH-Void/input_Transaction ID'

2023-02-15 23:24:23 - [MESSAGE][PASSED] - Text '12126772' is set on object 'Object Repository/RecAndPlayBk/Page-Vlink-ACH-Void/input_Transaction ID'

2023-02-15 23:24:23 - [TEST_STEP][PASSED] - setText(findTestObject("Object Repository/RecAndPlayBk/Page-Vlink-ACH-Void/input_Original Transaction Type"), "200"): Text '200' is set on object 'Object Repository/RecAndPlayBk/Page-Vlink-ACH-Void/input_Original Transaction Type'

2023-02-15 23:24:24 - [MESSAGE][PASSED] - Text '200' is set on object 'Object Repository/RecAndPlayBk/Page-Vlink-ACH-Void/input_Original Transaction Type'

2023-02-15 23:24:24 - [TEST_STEP][PASSED] - click(findTestObject("Object Repository/RecAndPlayBk/Page-Vlink-ACH-Void/input")): Object: 'Object Repository/RecAndPlayBk/Page-Vlink-ACH-Void/input' is clicked on

2023-02-15 23:24:25 - [MESSAGE][PASSED] - Object: 'Object Repository/RecAndPlayBk/Page-Vlink-ACH-Void/input' is clicked on

2023-02-15 23:24:25 - [TEST_STEP][PASSED] - if (verifyTextPresent("Transaction approved, no errors", true)): null

2023-02-15 23:24:25 - [MESSAGE][PASSED] - Text 'Transaction approved, no errors' is present on page  using regular expression

2023-02-15 23:24:25 - [TEST_STEP][PASSED] - println("Transaction Approved, no errors text is present on the Confirmation page"): null

2023-02-15 23:24:25 - [TEST_STEP][PASSED] - out.println("Pass Record Number: " + row): null

2023-02-15 23:24:25 - [TEST_STEP][PASSED] - resText = "Pass": null

2023-02-15 23:24:25 - [TEST_STEP][PASSED] - pages.WriteExcel.demoKey(resText, datText, resColumn, datCloumn, fileLoc, nameSheet, row): pages.WriteExcel.demoKey is PASSED

2023-02-15 23:24:25 - [MESSAGE][PASSED] - pages.WriteExcel.demoKey is PASSED

2023-02-15 23:24:25 - [TEST_STEP][PASSED] - ExecuteTC = findTestData(dataFile).getValue("Execute", row): null

2023-02-15 23:24:25 - [TEST_STEP][PASSED] - out.println("Value of Execute is : " + ExecuteTC): null

2023-02-15 23:24:25 - [TEST_STEP][PASSED] - switch (executionProfile): null

2023-02-15 23:24:25 - [TEST_STEP][PASSED] - case "QAProfile":: null

2023-02-15 23:24:25 - [TEST_STEP][PASSED] - appID = findTestData(dataFile).getValue("AppIDQA", row): null

2023-02-15 23:24:25 - [TEST_STEP][PASSED] - username = findTestData(dataFile).getValue("UsernameQA", row): null

2023-02-15 23:24:25 - [TEST_STEP][PASSED] - password = findTestData(dataFile).getValue("PasswordQA", row): null

2023-02-15 23:24:25 - [TEST_STEP][PASSED] - break: null

2023-02-15 23:24:25 - [TEST_STEP][PASSED] - if (ExecuteTC.equalsIgnoreCase("Y")): null

2023-02-15 23:24:25 - [TEST_STEP][PASSED] - out.println("Begin Record Number: " + row): null

2023-02-15 23:24:25 - [TEST_STEP][PASSED] - today = new java.util.Date(): null

2023-02-15 23:24:25 - [TEST_STEP][PASSED] - println(today): null

2023-02-15 23:24:25 - [TEST_STEP][PASSED] - datText = today: null

2023-02-15 23:24:25 - [TEST_STEP][PASSED] - checkType = findTestData(dataFile).getValue("CheckType", row): null

2023-02-15 23:24:25 - [TEST_STEP][PASSED] - acNumber = findTestData(dataFile).getValue("AcNumber", row): null

2023-02-15 23:24:25 - [TEST_STEP][PASSED] - company = findTestData(dataFile).getValue("Company", row): null

2023-02-15 23:24:25 - [TEST_STEP][PASSED] - acType = findTestData(dataFile).getValue("AcType", row): null

2023-02-15 23:24:26 - [TEST_STEP][PASSED] - rtn = findTestData(dataFile).getValue("RTN", row): null

2023-02-15 23:24:26 - [TEST_STEP][PASSED] - amount = findTestData(dataFile).getValue("Amount", row): null

2023-02-15 23:24:26 - [TEST_STEP][PASSED] - sec = findTestData(dataFile).getValue("SEC", row): null

2023-02-15 23:24:26 - [TEST_STEP][PASSED] - openBrowser(VLinkURL + "debit.html"): Browser is opened with url: 'https://dev-algorithm.govolution.com/vlinktest/QA/version_2_0/debit.html'

2023-02-15 23:24:26 - [MESSAGE][WARNING] - A browser is already opened. Closing browser and opening a new one

2023-02-15 23:24:27 - [MESSAGE][INFO] - Starting 'Chrome' driver

2023-02-15 23:24:27 - [MESSAGE][INFO] - User set preference: ['acceptInsecureCerts', 'true']

2023-02-15 23:24:27 - [MESSAGE][INFO] - Action delay is set to 0 milliseconds

2023-02-15 23:24:28 - [MESSAGE][PASSED] - Browser is opened with url: 'https://dev-algorithm.govolution.com/vlinktest/QA/version_2_0/debit.html'

2023-02-15 23:24:28 - [TEST_STEP][PASSED] - maximizeWindow(): Current window maximized

2023-02-15 23:24:29 - [MESSAGE][PASSED] - Current window maximized

2023-02-15 23:24:29 - [TEST_STEP][PASSED] - genRemID1 = random() * 99999).toInteger(): null

2023-02-15 23:24:29 - [TEST_STEP][PASSED] - genRemID2 = random() * 99999).toInteger(): null

2023-02-15 23:24:29 - [TEST_STEP][PASSED] - genRemID3 = random() * 99999).toInteger(): null

2023-02-15 23:24:29 - [TEST_STEP][PASSED] - println(genRemID1): null

2023-02-15 23:24:29 - [TEST_STEP][PASSED] - println(genRemID2): null

2023-02-15 23:24:29 - [TEST_STEP][PASSED] - println(genRemID3): null

2023-02-15 23:24:29 - [TEST_STEP][PASSED] - genRemID = genRemID1 + "|" + genRemID2 + "|" + genRemID3: null

2023-02-15 23:24:29 - [TEST_STEP][PASSED] - println(genRemID): null

2023-02-15 23:24:29 - [TEST_STEP][PASSED] - setText(findTestObject("RecAndPlayBk/Page-Vlink-Debit/input_Remittance Id"), genRemID): Text '98099|67821|49130' is set on object 'Object Repository/RecAndPlayBk/Page-Vlink-Debit/input_Remittance Id'

2023-02-15 23:24:29 - [MESSAGE][PASSED] - Text '98099|67821|49130' is set on object 'Object Repository/RecAndPlayBk/Page-Vlink-Debit/input_Remittance Id'

2023-02-15 23:24:29 - [TEST_STEP][PASSED] - setText(findTestObject("RecAndPlayBk/Page-Vlink-Debit/input_Application Id"), appID): Text '234' is set on object 'Object Repository/RecAndPlayBk/Page-Vlink-Debit/input_Application Id'

2023-02-15 23:24:30 - [MESSAGE][PASSED] - Text '234' is set on object 'Object Repository/RecAndPlayBk/Page-Vlink-Debit/input_Application Id'

2023-02-15 23:24:30 - [TEST_STEP][PASSED] - setText(findTestObject("RecAndPlayBk/Page-Vlink-Debit/input_Username"), username): Text 'username' is set on object 'Object Repository/RecAndPlayBk/Page-Vlink-Debit/input_Username'

2023-02-15 23:24:31 - [MESSAGE][PASSED] - Text 'username' is set on object 'Object Repository/RecAndPlayBk/Page-Vlink-Debit/input_Username'

2023-02-15 23:24:31 - [TEST_STEP][PASSED] - setText(findTestObject("RecAndPlayBk/Page-Vlink-Debit/input_Password"), password): Text 'password' is set on object 'Object Repository/RecAndPlayBk/Page-Vlink-Debit/input_Password'

2023-02-15 23:24:31 - [MESSAGE][PASSED] - Text 'password' is set on object 'Object Repository/RecAndPlayBk/Page-Vlink-Debit/input_Password'

2023-02-15 23:24:31 - [TEST_STEP][PASSED] - setText(findTestObject("RecAndPlayBk/Page-Vlink-Debit/input_Check Type"), checkType): Text 'P' is set on object 'Object Repository/RecAndPlayBk/Page-Vlink-Debit/input_Check Type'

2023-02-15 23:24:32 - [MESSAGE][PASSED] - Text 'P' is set on object 'Object Repository/RecAndPlayBk/Page-Vlink-Debit/input_Check Type'

2023-02-15 23:24:32 - [TEST_STEP][PASSED] - setText(findTestObject("RecAndPlayBk/Page-Vlink-Debit/input_Account_check"), acNumber): Text '58963214' is set on object 'Object Repository/RecAndPlayBk/Page-Vlink-Debit/input_Account_check'

2023-02-15 23:24:33 - [MESSAGE][PASSED] - Text '58963214' is set on object 'Object Repository/RecAndPlayBk/Page-Vlink-Debit/input_Account_check'

2023-02-15 23:24:33 - [TEST_STEP][PASSED] - setText(findTestObject("RecAndPlayBk/Page-Vlink-Debit/input_Company_check"), company): Text '' is set on object 'Object Repository/RecAndPlayBk/Page-Vlink-Debit/input_Company_check'

2023-02-15 23:24:33 - [MESSAGE][PASSED] - Text '' is set on object 'Object Repository/RecAndPlayBk/Page-Vlink-Debit/input_Company_check'

2023-02-15 23:24:33 - [TEST_STEP][PASSED] - setText(findTestObject("RecAndPlayBk/Page-Vlink-Debit/input_Account Type"), acType): Text '2' is set on object 'Object Repository/RecAndPlayBk/Page-Vlink-Debit/input_Account Type'

2023-02-15 23:24:34 - [MESSAGE][PASSED] - Text '2' is set on object 'Object Repository/RecAndPlayBk/Page-Vlink-Debit/input_Account Type'

2023-02-15 23:24:34 - [TEST_STEP][PASSED] - setText(findTestObject("RecAndPlayBk/Page-Vlink-Debit/input_Routing Number"), rtn): Text '256072691' is set on object 'Object Repository/RecAndPlayBk/Page-Vlink-Debit/input_Routing Number'

2023-02-15 23:24:34 - [MESSAGE][PASSED] - Text '256072691' is set on object 'Object Repository/RecAndPlayBk/Page-Vlink-Debit/input_Routing Number'

2023-02-15 23:24:34 - [TEST_STEP][PASSED] - setText(findTestObject("RecAndPlayBk/Page-Vlink-Debit/input_Amount"), amount): Text '12.50' is set on object 'Object Repository/RecAndPlayBk/Page-Vlink-Debit/input_Amount'

2023-02-15 23:24:35 - [MESSAGE][PASSED] - Text '12.50' is set on object 'Object Repository/RecAndPlayBk/Page-Vlink-Debit/input_Amount'

2023-02-15 23:24:35 - [TEST_STEP][PASSED] - setText(findTestObject("RecAndPlayBk/Page-Vlink-Debit/input_Check Email"), ""): Text '' is set on object 'Object Repository/RecAndPlayBk/Page-Vlink-Debit/input_Check Email'

2023-02-15 23:24:36 - [MESSAGE][PASSED] - Text '' is set on object 'Object Repository/RecAndPlayBk/Page-Vlink-Debit/input_Check Email'

2023-02-15 23:24:36 - [TEST_STEP][PASSED] - setText(findTestObject("Object Repository/RecAndPlayBk/Page-Vlink-Debit/input_concat(CheckWriter, , s SSN)_check_ssn"), ""): Text '' is set on object 'Object Repository/RecAndPlayBk/Page-Vlink-Debit/input_concat(CheckWriter, , s SSN)_check_ssn'

2023-02-15 23:24:36 - [MESSAGE][PASSED] - Text '' is set on object 'Object Repository/RecAndPlayBk/Page-Vlink-Debit/input_concat(CheckWriter, , s SSN)_check_ssn'

2023-02-15 23:24:36 - [TEST_STEP][PASSED] - setText(findTestObject("Object Repository/RecAndPlayBk/Page-Vlink-Debit/input_concat(CheckWriter, , s License Numbe_020fef"), ""): Text '' is set on object 'Object Repository/RecAndPlayBk/Page-Vlink-Debit/input_concat(CheckWriter, , s License Numbe_020fef'

2023-02-15 23:24:37 - [MESSAGE][PASSED] - Text '' is set on object 'Object Repository/RecAndPlayBk/Page-Vlink-Debit/input_concat(CheckWriter, , s License Numbe_020fef'

2023-02-15 23:24:37 - [TEST_STEP][PASSED] - setText(findTestObject("Object Repository/RecAndPlayBk/Page-Vlink-Debit/input_concat(CheckWriter, , s License State_21e3e7"), ""): Text '' is set on object 'Object Repository/RecAndPlayBk/Page-Vlink-Debit/input_concat(CheckWriter, , s License State_21e3e7'

2023-02-15 23:24:38 - [MESSAGE][PASSED] - Text '' is set on object 'Object Repository/RecAndPlayBk/Page-Vlink-Debit/input_concat(CheckWriter, , s License State_21e3e7'

2023-02-15 23:24:38 - [TEST_STEP][PASSED] - setText(findTestObject("RecAndPlayBk/Page-Vlink-Debit/input_Standard Entry Class"), sec): Text 'WEB' is set on object 'Object Repository/RecAndPlayBk/Page-Vlink-Debit/input_Standard Entry Class'

2023-02-15 23:24:38 - [MESSAGE][PASSED] - Text 'WEB' is set on object 'Object Repository/RecAndPlayBk/Page-Vlink-Debit/input_Standard Entry Class'

2023-02-15 23:24:38 - [TEST_STEP][PASSED] - click(findTestObject("Object Repository/RecAndPlayBk/Page-Vlink-Debit/input")): Object: 'Object Repository/RecAndPlayBk/Page-Vlink-Debit/input' is clicked on

2023-02-15 23:24:39 - [MESSAGE][PASSED] - Object: 'Object Repository/RecAndPlayBk/Page-Vlink-Debit/input' is clicked on

2023-02-15 23:24:39 - [TEST_STEP][PASSED] - if (verifyTextPresent("Transaction approved, no errors", true)): null

2023-02-15 23:24:39 - [MESSAGE][PASSED] - Text 'Transaction approved, no errors' is present on page  using regular expression

2023-02-15 23:24:39 - [TEST_STEP][PASSED] - println("Transaction Approved, no errors text is present on the Confirmation page"): null

2023-02-15 23:24:39 - [TEST_STEP][PASSED] - sdfo = getText(findTestObject("Object Repository/Page_VLinkReceipt/pre_STX")): Text of object 'Object Repository/Page_VLinkReceipt/pre_STX' is: '<STX>98099|67821|49130             12126774            0  Transaction approved, no errors                   0                                                                                                              <ETX>'

2023-02-15 23:24:40 - [MESSAGE][PASSED] - Text of object 'Object Repository/Page_VLinkReceipt/pre_STX' is: '<STX>98099|67821|49130             12126774            0  Transaction approved, no errors                   0                                                                                                              <ETX>'

2023-02-15 23:24:40 - [TEST_STEP][PASSED] - out.println("sdfo: " + sdfo): null

2023-02-15 23:24:40 - [TEST_STEP][PASSED] - remID = substring(5, 35).trim(): null

2023-02-15 23:24:40 - [TEST_STEP][PASSED] - out.println("remID: " + remID): null

2023-02-15 23:24:40 - [TEST_STEP][PASSED] - traxID = substring(35, 55).trim(): null

2023-02-15 23:24:40 - [TEST_STEP][PASSED] - out.println("traxID: " + traxID): null

2023-02-15 23:24:40 - [TEST_STEP][PASSED] - VLinkSaleRemID = remID: null

2023-02-15 23:24:40 - [TEST_STEP][PASSED] - VLinkSaleTranxID = traxID: null

2023-02-15 23:24:40 - [TEST_STEP][PASSED] - openBrowser(VLinkURL + "ACH_void.html"): Browser is opened with url: 'https://dev-algorithm.govolution.com/vlinktest/QA/version_2_0/ACH_void.html'

2023-02-15 23:24:40 - [MESSAGE][WARNING] - A browser is already opened. Closing browser and opening a new one

2023-02-15 23:24:41 - [MESSAGE][INFO] - Starting 'Chrome' driver

2023-02-15 23:24:41 - [MESSAGE][INFO] - User set preference: ['acceptInsecureCerts', 'true']

2023-02-15 23:24:41 - [MESSAGE][INFO] - Action delay is set to 0 milliseconds

2023-02-15 23:24:42 - [MESSAGE][PASSED] - Browser is opened with url: 'https://dev-algorithm.govolution.com/vlinktest/QA/version_2_0/ACH_void.html'

2023-02-15 23:24:42 - [TEST_STEP][PASSED] - maximizeWindow(): Current window maximized

2023-02-15 23:24:42 - [MESSAGE][PASSED] - Current window maximized

2023-02-15 23:24:42 - [TEST_STEP][PASSED] - setText(findTestObject("Object Repository/RecAndPlayBk/Page-Vlink-ACH-Void/input_Remittance Id"), VLinkSaleRemID): Text '98099|67821|49130' is set on object 'Object Repository/RecAndPlayBk/Page-Vlink-ACH-Void/input_Remittance Id'

2023-02-15 23:24:43 - [MESSAGE][PASSED] - Text '98099|67821|49130' is set on object 'Object Repository/RecAndPlayBk/Page-Vlink-ACH-Void/input_Remittance Id'

2023-02-15 23:24:43 - [TEST_STEP][PASSED] - setText(findTestObject("Object Repository/RecAndPlayBk/Page-Vlink-ACH-Void/input_Application Id"), appID): Text '234' is set on object 'Object Repository/RecAndPlayBk/Page-Vlink-ACH-Void/input_Application Id'

2023-02-15 23:24:44 - [MESSAGE][PASSED] - Text '234' is set on object 'Object Repository/RecAndPlayBk/Page-Vlink-ACH-Void/input_Application Id'

2023-02-15 23:24:44 - [TEST_STEP][PASSED] - setText(findTestObject("Object Repository/RecAndPlayBk/Page-Vlink-ACH-Void/input_Username"), username): Text 'username' is set on object 'Object Repository/RecAndPlayBk/Page-Vlink-ACH-Void/input_Username'

2023-02-15 23:24:44 - [MESSAGE][PASSED] - Text 'username' is set on object 'Object Repository/RecAndPlayBk/Page-Vlink-ACH-Void/input_Username'

2023-02-15 23:24:44 - [TEST_STEP][PASSED] - setText(findTestObject("Object Repository/RecAndPlayBk/Page-Vlink-ACH-Void/input_Password"), password): Text 'password' is set on object 'Object Repository/RecAndPlayBk/Page-Vlink-ACH-Void/input_Password'

2023-02-15 23:24:45 - [MESSAGE][PASSED] - Text 'password' is set on object 'Object Repository/RecAndPlayBk/Page-Vlink-ACH-Void/input_Password'

2023-02-15 23:24:45 - [TEST_STEP][PASSED] - setText(findTestObject("Object Repository/RecAndPlayBk/Page-Vlink-ACH-Void/input_Check Type"), checkType): Text 'P' is set on object 'Object Repository/RecAndPlayBk/Page-Vlink-ACH-Void/input_Check Type'

2023-02-15 23:24:46 - [MESSAGE][PASSED] - Text 'P' is set on object 'Object Repository/RecAndPlayBk/Page-Vlink-ACH-Void/input_Check Type'

2023-02-15 23:24:46 - [TEST_STEP][PASSED] - setText(findTestObject("Object Repository/RecAndPlayBk/Page-Vlink-ACH-Void/input_Standard Entry Class"), sec): Text 'WEB' is set on object 'Object Repository/RecAndPlayBk/Page-Vlink-ACH-Void/input_Standard Entry Class'

2023-02-15 23:24:46 - [MESSAGE][PASSED] - Text 'WEB' is set on object 'Object Repository/RecAndPlayBk/Page-Vlink-ACH-Void/input_Standard Entry Class'

2023-02-15 23:24:46 - [TEST_STEP][PASSED] - setText(findTestObject("Object Repository/RecAndPlayBk/Page-Vlink-ACH-Void/input_Transaction ID"), VLinkSaleTranxID): Text '12126774' is set on object 'Object Repository/RecAndPlayBk/Page-Vlink-ACH-Void/input_Transaction ID'

2023-02-15 23:24:47 - [MESSAGE][PASSED] - Text '12126774' is set on object 'Object Repository/RecAndPlayBk/Page-Vlink-ACH-Void/input_Transaction ID'

2023-02-15 23:24:47 - [TEST_STEP][PASSED] - setText(findTestObject("Object Repository/RecAndPlayBk/Page-Vlink-ACH-Void/input_Original Transaction Type"), "200"): Text '200' is set on object 'Object Repository/RecAndPlayBk/Page-Vlink-ACH-Void/input_Original Transaction Type'

2023-02-15 23:24:47 - [MESSAGE][PASSED] - Text '200' is set on object 'Object Repository/RecAndPlayBk/Page-Vlink-ACH-Void/input_Original Transaction Type'

2023-02-15 23:24:47 - [TEST_STEP][PASSED] - click(findTestObject("Object Repository/RecAndPlayBk/Page-Vlink-ACH-Void/input")): Object: 'Object Repository/RecAndPlayBk/Page-Vlink-ACH-Void/input' is clicked on

2023-02-15 23:24:48 - [MESSAGE][PASSED] - Object: 'Object Repository/RecAndPlayBk/Page-Vlink-ACH-Void/input' is clicked on

2023-02-15 23:24:48 - [TEST_STEP][PASSED] - if (verifyTextPresent("Transaction approved, no errors", true)): null

2023-02-15 23:24:49 - [MESSAGE][PASSED] - Text 'Transaction approved, no errors' is present on page  using regular expression

2023-02-15 23:24:49 - [TEST_STEP][PASSED] - println("Transaction Approved, no errors text is present on the Confirmation page"): null

2023-02-15 23:24:49 - [TEST_STEP][PASSED] - out.println("Pass Record Number: " + row): null

2023-02-15 23:24:49 - [TEST_STEP][PASSED] - resText = "Pass": null

2023-02-15 23:24:49 - [TEST_STEP][PASSED] - pages.WriteExcel.demoKey(resText, datText, resColumn, datCloumn, fileLoc, nameSheet, row): pages.WriteExcel.demoKey is PASSED

2023-02-15 23:24:49 - [MESSAGE][PASSED] - pages.WriteExcel.demoKey is PASSED

2023-02-15 23:24:49 - [TEST_STEP][PASSED] - ExecuteTC = findTestData(dataFile).getValue("Execute", row): null

2023-02-15 23:24:49 - [TEST_STEP][PASSED] - out.println("Value of Execute is : " + ExecuteTC): null

2023-02-15 23:24:49 - [TEST_STEP][PASSED] - switch (executionProfile): null

2023-02-15 23:24:49 - [TEST_STEP][PASSED] - case "QAProfile":: null

2023-02-15 23:24:49 - [TEST_STEP][PASSED] - appID = findTestData(dataFile).getValue("AppIDQA", row): null

2023-02-15 23:24:49 - [TEST_STEP][PASSED] - username = findTestData(dataFile).getValue("UsernameQA", row): null

2023-02-15 23:24:49 - [TEST_STEP][PASSED] - password = findTestData(dataFile).getValue("PasswordQA", row): null

2023-02-15 23:24:49 - [TEST_STEP][PASSED] - break: null

2023-02-15 23:24:49 - [TEST_STEP][PASSED] - if (ExecuteTC.equalsIgnoreCase("Y")): null

2023-02-15 23:24:49 - [TEST_STEP][PASSED] - out.println("Begin Record Number: " + row): null

2023-02-15 23:24:49 - [TEST_STEP][PASSED] - today = new java.util.Date(): null

2023-02-15 23:24:49 - [TEST_STEP][PASSED] - println(today): null

2023-02-15 23:24:49 - [TEST_STEP][PASSED] - datText = today: null

2023-02-15 23:24:49 - [TEST_STEP][PASSED] - checkType = findTestData(dataFile).getValue("CheckType", row): null

2023-02-15 23:24:49 - [TEST_STEP][PASSED] - acNumber = findTestData(dataFile).getValue("AcNumber", row): null

2023-02-15 23:24:49 - [TEST_STEP][PASSED] - company = findTestData(dataFile).getValue("Company", row): null

2023-02-15 23:24:49 - [TEST_STEP][PASSED] - acType = findTestData(dataFile).getValue("AcType", row): null

2023-02-15 23:24:49 - [TEST_STEP][PASSED] - rtn = findTestData(dataFile).getValue("RTN", row): null

2023-02-15 23:24:49 - [TEST_STEP][PASSED] - amount = findTestData(dataFile).getValue("Amount", row): null

2023-02-15 23:24:49 - [TEST_STEP][PASSED] - sec = findTestData(dataFile).getValue("SEC", row): null

2023-02-15 23:24:49 - [TEST_STEP][PASSED] - openBrowser(VLinkURL + "debit.html"): Browser is opened with url: 'https://dev-algorithm.govolution.com/vlinktest/QA/version_2_0/debit.html'

2023-02-15 23:24:49 - [MESSAGE][WARNING] - A browser is already opened. Closing browser and opening a new one

2023-02-15 23:24:50 - [MESSAGE][INFO] - Starting 'Chrome' driver

2023-02-15 23:24:50 - [MESSAGE][INFO] - User set preference: ['acceptInsecureCerts', 'true']

2023-02-15 23:24:50 - [MESSAGE][INFO] - Action delay is set to 0 milliseconds

2023-02-15 23:24:52 - [MESSAGE][PASSED] - Browser is opened with url: 'https://dev-algorithm.govolution.com/vlinktest/QA/version_2_0/debit.html'

2023-02-15 23:24:52 - [TEST_STEP][PASSED] - maximizeWindow(): Current window maximized

2023-02-15 23:24:52 - [MESSAGE][PASSED] - Current window maximized

2023-02-15 23:24:52 - [TEST_STEP][PASSED] - genRemID1 = random() * 99999).toInteger(): null

2023-02-15 23:24:52 - [TEST_STEP][PASSED] - genRemID2 = random() * 99999).toInteger(): null

2023-02-15 23:24:52 - [TEST_STEP][PASSED] - genRemID3 = random() * 99999).toInteger(): null

2023-02-15 23:24:52 - [TEST_STEP][PASSED] - println(genRemID1): null

2023-02-15 23:24:52 - [TEST_STEP][PASSED] - println(genRemID2): null

2023-02-15 23:24:52 - [TEST_STEP][PASSED] - println(genRemID3): null

2023-02-15 23:24:52 - [TEST_STEP][PASSED] - genRemID = genRemID1 + "|" + genRemID2 + "|" + genRemID3: null

2023-02-15 23:24:52 - [TEST_STEP][PASSED] - println(genRemID): null

2023-02-15 23:24:52 - [TEST_STEP][PASSED] - setText(findTestObject("RecAndPlayBk/Page-Vlink-Debit/input_Remittance Id"), genRemID): Text '63899|58206|46691' is set on object 'Object Repository/RecAndPlayBk/Page-Vlink-Debit/input_Remittance Id'

2023-02-15 23:24:53 - [MESSAGE][PASSED] - Text '63899|58206|46691' is set on object 'Object Repository/RecAndPlayBk/Page-Vlink-Debit/input_Remittance Id'

2023-02-15 23:24:53 - [TEST_STEP][PASSED] - setText(findTestObject("RecAndPlayBk/Page-Vlink-Debit/input_Application Id"), appID): Text '234' is set on object 'Object Repository/RecAndPlayBk/Page-Vlink-Debit/input_Application Id'

2023-02-15 23:24:54 - [MESSAGE][PASSED] - Text '234' is set on object 'Object Repository/RecAndPlayBk/Page-Vlink-Debit/input_Application Id'

2023-02-15 23:24:54 - [TEST_STEP][PASSED] - setText(findTestObject("RecAndPlayBk/Page-Vlink-Debit/input_Username"), username): Text 'username' is set on object 'Object Repository/RecAndPlayBk/Page-Vlink-Debit/input_Username'

2023-02-15 23:24:54 - [MESSAGE][PASSED] - Text 'username' is set on object 'Object Repository/RecAndPlayBk/Page-Vlink-Debit/input_Username'

2023-02-15 23:24:54 - [TEST_STEP][PASSED] - setText(findTestObject("RecAndPlayBk/Page-Vlink-Debit/input_Password"), password): Text 'password' is set on object 'Object Repository/RecAndPlayBk/Page-Vlink-Debit/input_Password'

2023-02-15 23:24:55 - [MESSAGE][PASSED] - Text 'password' is set on object 'Object Repository/RecAndPlayBk/Page-Vlink-Debit/input_Password'

2023-02-15 23:24:55 - [TEST_STEP][PASSED] - setText(findTestObject("RecAndPlayBk/Page-Vlink-Debit/input_Check Type"), checkType): Text 'P' is set on object 'Object Repository/RecAndPlayBk/Page-Vlink-Debit/input_Check Type'

2023-02-15 23:24:55 - [MESSAGE][PASSED] - Text 'P' is set on object 'Object Repository/RecAndPlayBk/Page-Vlink-Debit/input_Check Type'

2023-02-15 23:24:55 - [TEST_STEP][PASSED] - setText(findTestObject("RecAndPlayBk/Page-Vlink-Debit/input_Account_check"), acNumber): Text '58963214' is set on object 'Object Repository/RecAndPlayBk/Page-Vlink-Debit/input_Account_check'

2023-02-15 23:24:56 - [MESSAGE][PASSED] - Text '58963214' is set on object 'Object Repository/RecAndPlayBk/Page-Vlink-Debit/input_Account_check'

2023-02-15 23:24:56 - [TEST_STEP][PASSED] - setText(findTestObject("RecAndPlayBk/Page-Vlink-Debit/input_Company_check"), company): Text '' is set on object 'Object Repository/RecAndPlayBk/Page-Vlink-Debit/input_Company_check'

2023-02-15 23:24:57 - [MESSAGE][PASSED] - Text '' is set on object 'Object Repository/RecAndPlayBk/Page-Vlink-Debit/input_Company_check'

2023-02-15 23:24:57 - [TEST_STEP][PASSED] - setText(findTestObject("RecAndPlayBk/Page-Vlink-Debit/input_Account Type"), acType): Text '2' is set on object 'Object Repository/RecAndPlayBk/Page-Vlink-Debit/input_Account Type'

2023-02-15 23:24:57 - [MESSAGE][PASSED] - Text '2' is set on object 'Object Repository/RecAndPlayBk/Page-Vlink-Debit/input_Account Type'

2023-02-15 23:24:57 - [TEST_STEP][PASSED] - setText(findTestObject("RecAndPlayBk/Page-Vlink-Debit/input_Routing Number"), rtn): Text '256072691' is set on object 'Object Repository/RecAndPlayBk/Page-Vlink-Debit/input_Routing Number'

2023-02-15 23:24:58 - [MESSAGE][PASSED] - Text '256072691' is set on object 'Object Repository/RecAndPlayBk/Page-Vlink-Debit/input_Routing Number'

2023-02-15 23:24:58 - [TEST_STEP][PASSED] - setText(findTestObject("RecAndPlayBk/Page-Vlink-Debit/input_Amount"), amount): Text '12.50' is set on object 'Object Repository/RecAndPlayBk/Page-Vlink-Debit/input_Amount'

2023-02-15 23:24:59 - [MESSAGE][PASSED] - Text '12.50' is set on object 'Object Repository/RecAndPlayBk/Page-Vlink-Debit/input_Amount'

2023-02-15 23:24:59 - [TEST_STEP][PASSED] - setText(findTestObject("RecAndPlayBk/Page-Vlink-Debit/input_Check Email"), ""): Text '' is set on object 'Object Repository/RecAndPlayBk/Page-Vlink-Debit/input_Check Email'

2023-02-15 23:24:59 - [MESSAGE][PASSED] - Text '' is set on object 'Object Repository/RecAndPlayBk/Page-Vlink-Debit/input_Check Email'

2023-02-15 23:24:59 - [TEST_STEP][PASSED] - setText(findTestObject("Object Repository/RecAndPlayBk/Page-Vlink-Debit/input_concat(CheckWriter, , s SSN)_check_ssn"), ""): Text '' is set on object 'Object Repository/RecAndPlayBk/Page-Vlink-Debit/input_concat(CheckWriter, , s SSN)_check_ssn'

2023-02-15 23:25:00 - [MESSAGE][PASSED] - Text '' is set on object 'Object Repository/RecAndPlayBk/Page-Vlink-Debit/input_concat(CheckWriter, , s SSN)_check_ssn'

2023-02-15 23:25:00 - [TEST_STEP][PASSED] - setText(findTestObject("Object Repository/RecAndPlayBk/Page-Vlink-Debit/input_concat(CheckWriter, , s License Numbe_020fef"), ""): Text '' is set on object 'Object Repository/RecAndPlayBk/Page-Vlink-Debit/input_concat(CheckWriter, , s License Numbe_020fef'

2023-02-15 23:25:00 - [MESSAGE][PASSED] - Text '' is set on object 'Object Repository/RecAndPlayBk/Page-Vlink-Debit/input_concat(CheckWriter, , s License Numbe_020fef'

2023-02-15 23:25:00 - [TEST_STEP][PASSED] - setText(findTestObject("Object Repository/RecAndPlayBk/Page-Vlink-Debit/input_concat(CheckWriter, , s License State_21e3e7"), ""): Text '' is set on object 'Object Repository/RecAndPlayBk/Page-Vlink-Debit/input_concat(CheckWriter, , s License State_21e3e7'

2023-02-15 23:25:01 - [MESSAGE][PASSED] - Text '' is set on object 'Object Repository/RecAndPlayBk/Page-Vlink-Debit/input_concat(CheckWriter, , s License State_21e3e7'

2023-02-15 23:25:01 - [TEST_STEP][PASSED] - setText(findTestObject("RecAndPlayBk/Page-Vlink-Debit/input_Standard Entry Class"), sec): Text 'TEL' is set on object 'Object Repository/RecAndPlayBk/Page-Vlink-Debit/input_Standard Entry Class'

2023-02-15 23:25:02 - [MESSAGE][PASSED] - Text 'TEL' is set on object 'Object Repository/RecAndPlayBk/Page-Vlink-Debit/input_Standard Entry Class'

2023-02-15 23:25:02 - [TEST_STEP][PASSED] - click(findTestObject("Object Repository/RecAndPlayBk/Page-Vlink-Debit/input")): Object: 'Object Repository/RecAndPlayBk/Page-Vlink-Debit/input' is clicked on

2023-02-15 23:25:03 - [MESSAGE][PASSED] - Object: 'Object Repository/RecAndPlayBk/Page-Vlink-Debit/input' is clicked on

2023-02-15 23:25:03 - [TEST_STEP][PASSED] - if (verifyTextPresent("Transaction approved, no errors", true)): null

2023-02-15 23:25:03 - [MESSAGE][PASSED] - Text 'Transaction approved, no errors' is present on page  using regular expression

2023-02-15 23:25:03 - [TEST_STEP][PASSED] - println("Transaction Approved, no errors text is present on the Confirmation page"): null

2023-02-15 23:25:03 - [TEST_STEP][PASSED] - sdfo = getText(findTestObject("Object Repository/Page_VLinkReceipt/pre_STX")): Text of object 'Object Repository/Page_VLinkReceipt/pre_STX' is: '<STX>63899|58206|46691             12126776            0  Transaction approved, no errors                   0                                                                                                              <ETX>'

2023-02-15 23:25:03 - [MESSAGE][PASSED] - Text of object 'Object Repository/Page_VLinkReceipt/pre_STX' is: '<STX>63899|58206|46691             12126776            0  Transaction approved, no errors                   0                                                                                                              <ETX>'

2023-02-15 23:25:03 - [TEST_STEP][PASSED] - out.println("sdfo: " + sdfo): null

2023-02-15 23:25:03 - [TEST_STEP][PASSED] - remID = substring(5, 35).trim(): null

2023-02-15 23:25:03 - [TEST_STEP][PASSED] - out.println("remID: " + remID): null

2023-02-15 23:25:03 - [TEST_STEP][PASSED] - traxID = substring(35, 55).trim(): null

2023-02-15 23:25:03 - [TEST_STEP][PASSED] - out.println("traxID: " + traxID): null

2023-02-15 23:25:03 - [TEST_STEP][PASSED] - VLinkSaleRemID = remID: null

2023-02-15 23:25:03 - [TEST_STEP][PASSED] - VLinkSaleTranxID = traxID: null

2023-02-15 23:25:03 - [TEST_STEP][PASSED] - openBrowser(VLinkURL + "ACH_void.html"): Browser is opened with url: 'https://dev-algorithm.govolution.com/vlinktest/QA/version_2_0/ACH_void.html'

2023-02-15 23:25:03 - [MESSAGE][WARNING] - A browser is already opened. Closing browser and opening a new one

2023-02-15 23:25:04 - [MESSAGE][INFO] - Starting 'Chrome' driver

2023-02-15 23:25:04 - [MESSAGE][INFO] - User set preference: ['acceptInsecureCerts', 'true']

2023-02-15 23:25:04 - [MESSAGE][INFO] - Action delay is set to 0 milliseconds

2023-02-15 23:25:06 - [MESSAGE][PASSED] - Browser is opened with url: 'https://dev-algorithm.govolution.com/vlinktest/QA/version_2_0/ACH_void.html'

2023-02-15 23:25:06 - [TEST_STEP][PASSED] - maximizeWindow(): Current window maximized

2023-02-15 23:25:06 - [MESSAGE][PASSED] - Current window maximized

2023-02-15 23:25:06 - [TEST_STEP][PASSED] - setText(findTestObject("Object Repository/RecAndPlayBk/Page-Vlink-ACH-Void/input_Remittance Id"), VLinkSaleRemID): Text '63899|58206|46691' is set on object 'Object Repository/RecAndPlayBk/Page-Vlink-ACH-Void/input_Remittance Id'

2023-02-15 23:25:07 - [MESSAGE][PASSED] - Text '63899|58206|46691' is set on object 'Object Repository/RecAndPlayBk/Page-Vlink-ACH-Void/input_Remittance Id'

2023-02-15 23:25:07 - [TEST_STEP][PASSED] - setText(findTestObject("Object Repository/RecAndPlayBk/Page-Vlink-ACH-Void/input_Application Id"), appID): Text '234' is set on object 'Object Repository/RecAndPlayBk/Page-Vlink-ACH-Void/input_Application Id'

2023-02-15 23:25:08 - [MESSAGE][PASSED] - Text '234' is set on object 'Object Repository/RecAndPlayBk/Page-Vlink-ACH-Void/input_Application Id'

2023-02-15 23:25:08 - [TEST_STEP][PASSED] - setText(findTestObject("Object Repository/RecAndPlayBk/Page-Vlink-ACH-Void/input_Username"), username): Text 'username' is set on object 'Object Repository/RecAndPlayBk/Page-Vlink-ACH-Void/input_Username'

2023-02-15 23:25:09 - [MESSAGE][PASSED] - Text 'username' is set on object 'Object Repository/RecAndPlayBk/Page-Vlink-ACH-Void/input_Username'

2023-02-15 23:25:09 - [TEST_STEP][PASSED] - setText(findTestObject("Object Repository/RecAndPlayBk/Page-Vlink-ACH-Void/input_Password"), password): Text 'password' is set on object 'Object Repository/RecAndPlayBk/Page-Vlink-ACH-Void/input_Password'

2023-02-15 23:25:09 - [MESSAGE][PASSED] - Text 'password' is set on object 'Object Repository/RecAndPlayBk/Page-Vlink-ACH-Void/input_Password'

2023-02-15 23:25:09 - [TEST_STEP][PASSED] - setText(findTestObject("Object Repository/RecAndPlayBk/Page-Vlink-ACH-Void/input_Check Type"), checkType): Text 'P' is set on object 'Object Repository/RecAndPlayBk/Page-Vlink-ACH-Void/input_Check Type'

2023-02-15 23:25:10 - [MESSAGE][PASSED] - Text 'P' is set on object 'Object Repository/RecAndPlayBk/Page-Vlink-ACH-Void/input_Check Type'

2023-02-15 23:25:10 - [TEST_STEP][PASSED] - setText(findTestObject("Object Repository/RecAndPlayBk/Page-Vlink-ACH-Void/input_Standard Entry Class"), sec): Text 'TEL' is set on object 'Object Repository/RecAndPlayBk/Page-Vlink-ACH-Void/input_Standard Entry Class'

2023-02-15 23:25:11 - [MESSAGE][PASSED] - Text 'TEL' is set on object 'Object Repository/RecAndPlayBk/Page-Vlink-ACH-Void/input_Standard Entry Class'

2023-02-15 23:25:11 - [TEST_STEP][PASSED] - setText(findTestObject("Object Repository/RecAndPlayBk/Page-Vlink-ACH-Void/input_Transaction ID"), VLinkSaleTranxID): Text '12126776' is set on object 'Object Repository/RecAndPlayBk/Page-Vlink-ACH-Void/input_Transaction ID'

2023-02-15 23:25:11 - [MESSAGE][PASSED] - Text '12126776' is set on object 'Object Repository/RecAndPlayBk/Page-Vlink-ACH-Void/input_Transaction ID'

2023-02-15 23:25:11 - [TEST_STEP][PASSED] - setText(findTestObject("Object Repository/RecAndPlayBk/Page-Vlink-ACH-Void/input_Original Transaction Type"), "200"): Text '200' is set on object 'Object Repository/RecAndPlayBk/Page-Vlink-ACH-Void/input_Original Transaction Type'

2023-02-15 23:25:12 - [MESSAGE][PASSED] - Text '200' is set on object 'Object Repository/RecAndPlayBk/Page-Vlink-ACH-Void/input_Original Transaction Type'

2023-02-15 23:25:12 - [TEST_STEP][PASSED] - click(findTestObject("Object Repository/RecAndPlayBk/Page-Vlink-ACH-Void/input")): Object: 'Object Repository/RecAndPlayBk/Page-Vlink-ACH-Void/input' is clicked on

2023-02-15 23:25:13 - [MESSAGE][PASSED] - Object: 'Object Repository/RecAndPlayBk/Page-Vlink-ACH-Void/input' is clicked on

2023-02-15 23:25:13 - [TEST_STEP][PASSED] - if (verifyTextPresent("Transaction approved, no errors", true)): null

2023-02-15 23:25:13 - [MESSAGE][PASSED] - Text 'Transaction approved, no errors' is present on page  using regular expression

2023-02-15 23:25:13 - [TEST_STEP][PASSED] - println("Transaction Approved, no errors text is present on the Confirmation page"): null

2023-02-15 23:25:13 - [TEST_STEP][PASSED] - out.println("Pass Record Number: " + row): null

2023-02-15 23:25:13 - [TEST_STEP][PASSED] - resText = "Pass": null

2023-02-15 23:25:13 - [TEST_STEP][PASSED] - pages.WriteExcel.demoKey(resText, datText, resColumn, datCloumn, fileLoc, nameSheet, row): pages.WriteExcel.demoKey is PASSED

2023-02-15 23:25:13 - [MESSAGE][PASSED] - pages.WriteExcel.demoKey is PASSED

2023-02-15 23:25:13 - [TEST_STEP][PASSED] - ExecuteTC = findTestData(dataFile).getValue("Execute", row): null

2023-02-15 23:25:13 - [TEST_STEP][PASSED] - out.println("Value of Execute is : " + ExecuteTC): null

2023-02-15 23:25:13 - [TEST_STEP][PASSED] - switch (executionProfile): null

2023-02-15 23:25:13 - [TEST_STEP][PASSED] - case "QAProfile":: null

2023-02-15 23:25:13 - [TEST_STEP][PASSED] - appID = findTestData(dataFile).getValue("AppIDQA", row): null

2023-02-15 23:25:13 - [TEST_STEP][PASSED] - username = findTestData(dataFile).getValue("UsernameQA", row): null

2023-02-15 23:25:13 - [TEST_STEP][PASSED] - password = findTestData(dataFile).getValue("PasswordQA", row): null

2023-02-15 23:25:13 - [TEST_STEP][PASSED] - break: null

2023-02-15 23:25:13 - [TEST_STEP][PASSED] - if (ExecuteTC.equalsIgnoreCase("Y")): null

2023-02-15 23:25:13 - [TEST_STEP][PASSED] - out.println("Begin Record Number: " + row): null

2023-02-15 23:25:13 - [TEST_STEP][PASSED] - today = new java.util.Date(): null

2023-02-15 23:25:13 - [TEST_STEP][PASSED] - println(today): null

2023-02-15 23:25:13 - [TEST_STEP][PASSED] - datText = today: null

2023-02-15 23:25:13 - [TEST_STEP][PASSED] - checkType = findTestData(dataFile).getValue("CheckType", row): null

2023-02-15 23:25:13 - [TEST_STEP][PASSED] - acNumber = findTestData(dataFile).getValue("AcNumber", row): null

2023-02-15 23:25:14 - [TEST_STEP][PASSED] - company = findTestData(dataFile).getValue("Company", row): null

2023-02-15 23:25:14 - [TEST_STEP][PASSED] - acType = findTestData(dataFile).getValue("AcType", row): null

2023-02-15 23:25:14 - [TEST_STEP][PASSED] - rtn = findTestData(dataFile).getValue("RTN", row): null

2023-02-15 23:25:14 - [TEST_STEP][PASSED] - amount = findTestData(dataFile).getValue("Amount", row): null

2023-02-15 23:25:14 - [TEST_STEP][PASSED] - sec = findTestData(dataFile).getValue("SEC", row): null

2023-02-15 23:25:14 - [TEST_STEP][PASSED] - openBrowser(VLinkURL + "debit.html"): Browser is opened with url: 'https://dev-algorithm.govolution.com/vlinktest/QA/version_2_0/debit.html'

2023-02-15 23:25:14 - [MESSAGE][WARNING] - A browser is already opened. Closing browser and opening a new one

2023-02-15 23:25:15 - [MESSAGE][INFO] - Starting 'Chrome' driver

2023-02-15 23:25:15 - [MESSAGE][INFO] - User set preference: ['acceptInsecureCerts', 'true']

2023-02-15 23:25:15 - [MESSAGE][INFO] - Action delay is set to 0 milliseconds

2023-02-15 23:25:17 - [MESSAGE][PASSED] - Browser is opened with url: 'https://dev-algorithm.govolution.com/vlinktest/QA/version_2_0/debit.html'

2023-02-15 23:25:17 - [TEST_STEP][PASSED] - maximizeWindow(): Current window maximized

2023-02-15 23:25:17 - [MESSAGE][PASSED] - Current window maximized

2023-02-15 23:25:17 - [TEST_STEP][PASSED] - genRemID1 = random() * 99999).toInteger(): null

2023-02-15 23:25:17 - [TEST_STEP][PASSED] - genRemID2 = random() * 99999).toInteger(): null

2023-02-15 23:25:17 - [TEST_STEP][PASSED] - genRemID3 = random() * 99999).toInteger(): null

2023-02-15 23:25:17 - [TEST_STEP][PASSED] - println(genRemID1): null

2023-02-15 23:25:17 - [TEST_STEP][PASSED] - println(genRemID2): null

2023-02-15 23:25:17 - [TEST_STEP][PASSED] - println(genRemID3): null

2023-02-15 23:25:17 - [TEST_STEP][PASSED] - genRemID = genRemID1 + "|" + genRemID2 + "|" + genRemID3: null

2023-02-15 23:25:17 - [TEST_STEP][PASSED] - println(genRemID): null

2023-02-15 23:25:17 - [TEST_STEP][PASSED] - setText(findTestObject("RecAndPlayBk/Page-Vlink-Debit/input_Remittance Id"), genRemID): Text '12534|93811|14248' is set on object 'Object Repository/RecAndPlayBk/Page-Vlink-Debit/input_Remittance Id'

2023-02-15 23:25:18 - [MESSAGE][PASSED] - Text '12534|93811|14248' is set on object 'Object Repository/RecAndPlayBk/Page-Vlink-Debit/input_Remittance Id'

2023-02-15 23:25:18 - [TEST_STEP][PASSED] - setText(findTestObject("RecAndPlayBk/Page-Vlink-Debit/input_Application Id"), appID): Text '234' is set on object 'Object Repository/RecAndPlayBk/Page-Vlink-Debit/input_Application Id'

2023-02-15 23:25:18 - [MESSAGE][PASSED] - Text '234' is set on object 'Object Repository/RecAndPlayBk/Page-Vlink-Debit/input_Application Id'

2023-02-15 23:25:18 - [TEST_STEP][PASSED] - setText(findTestObject("RecAndPlayBk/Page-Vlink-Debit/input_Username"), username): Text 'username' is set on object 'Object Repository/RecAndPlayBk/Page-Vlink-Debit/input_Username'

2023-02-15 23:25:19 - [MESSAGE][PASSED] - Text 'username' is set on object 'Object Repository/RecAndPlayBk/Page-Vlink-Debit/input_Username'

2023-02-15 23:25:19 - [TEST_STEP][PASSED] - setText(findTestObject("RecAndPlayBk/Page-Vlink-Debit/input_Password"), password): Text 'password' is set on object 'Object Repository/RecAndPlayBk/Page-Vlink-Debit/input_Password'

2023-02-15 23:25:20 - [MESSAGE][PASSED] - Text 'password' is set on object 'Object Repository/RecAndPlayBk/Page-Vlink-Debit/input_Password'

2023-02-15 23:25:20 - [TEST_STEP][PASSED] - setText(findTestObject("RecAndPlayBk/Page-Vlink-Debit/input_Check Type"), checkType): Text 'P' is set on object 'Object Repository/RecAndPlayBk/Page-Vlink-Debit/input_Check Type'

2023-02-15 23:25:20 - [MESSAGE][PASSED] - Text 'P' is set on object 'Object Repository/RecAndPlayBk/Page-Vlink-Debit/input_Check Type'

2023-02-15 23:25:20 - [TEST_STEP][PASSED] - setText(findTestObject("RecAndPlayBk/Page-Vlink-Debit/input_Account_check"), acNumber): Text '58963214' is set on object 'Object Repository/RecAndPlayBk/Page-Vlink-Debit/input_Account_check'

2023-02-15 23:25:21 - [MESSAGE][PASSED] - Text '58963214' is set on object 'Object Repository/RecAndPlayBk/Page-Vlink-Debit/input_Account_check'

2023-02-15 23:25:21 - [TEST_STEP][PASSED] - setText(findTestObject("RecAndPlayBk/Page-Vlink-Debit/input_Company_check"), company): Text '' is set on object 'Object Repository/RecAndPlayBk/Page-Vlink-Debit/input_Company_check'

2023-02-15 23:25:21 - [MESSAGE][PASSED] - Text '' is set on object 'Object Repository/RecAndPlayBk/Page-Vlink-Debit/input_Company_check'

2023-02-15 23:25:21 - [TEST_STEP][PASSED] - setText(findTestObject("RecAndPlayBk/Page-Vlink-Debit/input_Account Type"), acType): Text '2' is set on object 'Object Repository/RecAndPlayBk/Page-Vlink-Debit/input_Account Type'

2023-02-15 23:25:22 - [MESSAGE][PASSED] - Text '2' is set on object 'Object Repository/RecAndPlayBk/Page-Vlink-Debit/input_Account Type'

2023-02-15 23:25:22 - [TEST_STEP][PASSED] - setText(findTestObject("RecAndPlayBk/Page-Vlink-Debit/input_Routing Number"), rtn): Text '256072691' is set on object 'Object Repository/RecAndPlayBk/Page-Vlink-Debit/input_Routing Number'

2023-02-15 23:25:23 - [MESSAGE][PASSED] - Text '256072691' is set on object 'Object Repository/RecAndPlayBk/Page-Vlink-Debit/input_Routing Number'

2023-02-15 23:25:23 - [TEST_STEP][PASSED] - setText(findTestObject("RecAndPlayBk/Page-Vlink-Debit/input_Amount"), amount): Text '12.50' is set on object 'Object Repository/RecAndPlayBk/Page-Vlink-Debit/input_Amount'

2023-02-15 23:25:23 - [MESSAGE][PASSED] - Text '12.50' is set on object 'Object Repository/RecAndPlayBk/Page-Vlink-Debit/input_Amount'

2023-02-15 23:25:23 - [TEST_STEP][PASSED] - setText(findTestObject("RecAndPlayBk/Page-Vlink-Debit/input_Check Email"), ""): Text '' is set on object 'Object Repository/RecAndPlayBk/Page-Vlink-Debit/input_Check Email'

2023-02-15 23:25:24 - [MESSAGE][PASSED] - Text '' is set on object 'Object Repository/RecAndPlayBk/Page-Vlink-Debit/input_Check Email'

2023-02-15 23:25:24 - [TEST_STEP][PASSED] - setText(findTestObject("Object Repository/RecAndPlayBk/Page-Vlink-Debit/input_concat(CheckWriter, , s SSN)_check_ssn"), ""): Text '' is set on object 'Object Repository/RecAndPlayBk/Page-Vlink-Debit/input_concat(CheckWriter, , s SSN)_check_ssn'

2023-02-15 23:25:25 - [MESSAGE][PASSED] - Text '' is set on object 'Object Repository/RecAndPlayBk/Page-Vlink-Debit/input_concat(CheckWriter, , s SSN)_check_ssn'

2023-02-15 23:25:25 - [TEST_STEP][PASSED] - setText(findTestObject("Object Repository/RecAndPlayBk/Page-Vlink-Debit/input_concat(CheckWriter, , s License Numbe_020fef"), ""): Text '' is set on object 'Object Repository/RecAndPlayBk/Page-Vlink-Debit/input_concat(CheckWriter, , s License Numbe_020fef'

2023-02-15 23:25:25 - [MESSAGE][PASSED] - Text '' is set on object 'Object Repository/RecAndPlayBk/Page-Vlink-Debit/input_concat(CheckWriter, , s License Numbe_020fef'

2023-02-15 23:25:25 - [TEST_STEP][PASSED] - setText(findTestObject("Object Repository/RecAndPlayBk/Page-Vlink-Debit/input_concat(CheckWriter, , s License State_21e3e7"), ""): Text '' is set on object 'Object Repository/RecAndPlayBk/Page-Vlink-Debit/input_concat(CheckWriter, , s License State_21e3e7'

2023-02-15 23:25:26 - [MESSAGE][PASSED] - Text '' is set on object 'Object Repository/RecAndPlayBk/Page-Vlink-Debit/input_concat(CheckWriter, , s License State_21e3e7'

2023-02-15 23:25:26 - [TEST_STEP][PASSED] - setText(findTestObject("RecAndPlayBk/Page-Vlink-Debit/input_Standard Entry Class"), sec): Text 'PPD' is set on object 'Object Repository/RecAndPlayBk/Page-Vlink-Debit/input_Standard Entry Class'

2023-02-15 23:25:26 - [MESSAGE][PASSED] - Text 'PPD' is set on object 'Object Repository/RecAndPlayBk/Page-Vlink-Debit/input_Standard Entry Class'

2023-02-15 23:25:26 - [TEST_STEP][PASSED] - click(findTestObject("Object Repository/RecAndPlayBk/Page-Vlink-Debit/input")): Object: 'Object Repository/RecAndPlayBk/Page-Vlink-Debit/input' is clicked on

2023-02-15 23:25:27 - [MESSAGE][PASSED] - Object: 'Object Repository/RecAndPlayBk/Page-Vlink-Debit/input' is clicked on

2023-02-15 23:25:27 - [TEST_STEP][PASSED] - if (verifyTextPresent("Transaction approved, no errors", true)): null

2023-02-15 23:25:28 - [MESSAGE][PASSED] - Text 'Transaction approved, no errors' is present on page  using regular expression

2023-02-15 23:25:28 - [TEST_STEP][PASSED] - println("Transaction Approved, no errors text is present on the Confirmation page"): null

2023-02-15 23:25:28 - [TEST_STEP][PASSED] - sdfo = getText(findTestObject("Object Repository/Page_VLinkReceipt/pre_STX")): Text of object 'Object Repository/Page_VLinkReceipt/pre_STX' is: '<STX>12534|93811|14248             12126778            0  Transaction approved, no errors                   0                                                                                                              <ETX>'

2023-02-15 23:25:28 - [MESSAGE][PASSED] - Text of object 'Object Repository/Page_VLinkReceipt/pre_STX' is: '<STX>12534|93811|14248             12126778            0  Transaction approved, no errors                   0                                                                                                              <ETX>'

2023-02-15 23:25:28 - [TEST_STEP][PASSED] - out.println("sdfo: " + sdfo): null

2023-02-15 23:25:28 - [TEST_STEP][PASSED] - remID = substring(5, 35).trim(): null

2023-02-15 23:25:28 - [TEST_STEP][PASSED] - out.println("remID: " + remID): null

2023-02-15 23:25:28 - [TEST_STEP][PASSED] - traxID = substring(35, 55).trim(): null

2023-02-15 23:25:28 - [TEST_STEP][PASSED] - out.println("traxID: " + traxID): null

2023-02-15 23:25:28 - [TEST_STEP][PASSED] - VLinkSaleRemID = remID: null

2023-02-15 23:25:28 - [TEST_STEP][PASSED] - VLinkSaleTranxID = traxID: null

2023-02-15 23:25:28 - [TEST_STEP][PASSED] - openBrowser(VLinkURL + "ACH_void.html"): Browser is opened with url: 'https://dev-algorithm.govolution.com/vlinktest/QA/version_2_0/ACH_void.html'

2023-02-15 23:25:28 - [MESSAGE][WARNING] - A browser is already opened. Closing browser and opening a new one

2023-02-15 23:25:29 - [MESSAGE][INFO] - Starting 'Chrome' driver

2023-02-15 23:25:29 - [MESSAGE][INFO] - User set preference: ['acceptInsecureCerts', 'true']

2023-02-15 23:25:29 - [MESSAGE][INFO] - Action delay is set to 0 milliseconds

2023-02-15 23:25:30 - [MESSAGE][PASSED] - Browser is opened with url: 'https://dev-algorithm.govolution.com/vlinktest/QA/version_2_0/ACH_void.html'

2023-02-15 23:25:30 - [TEST_STEP][PASSED] - maximizeWindow(): Current window maximized

2023-02-15 23:25:31 - [MESSAGE][PASSED] - Current window maximized

2023-02-15 23:25:31 - [TEST_STEP][PASSED] - setText(findTestObject("Object Repository/RecAndPlayBk/Page-Vlink-ACH-Void/input_Remittance Id"), VLinkSaleRemID): Text '12534|93811|14248' is set on object 'Object Repository/RecAndPlayBk/Page-Vlink-ACH-Void/input_Remittance Id'

2023-02-15 23:25:31 - [MESSAGE][PASSED] - Text '12534|93811|14248' is set on object 'Object Repository/RecAndPlayBk/Page-Vlink-ACH-Void/input_Remittance Id'

2023-02-15 23:25:31 - [TEST_STEP][PASSED] - setText(findTestObject("Object Repository/RecAndPlayBk/Page-Vlink-ACH-Void/input_Application Id"), appID): Text '234' is set on object 'Object Repository/RecAndPlayBk/Page-Vlink-ACH-Void/input_Application Id'

2023-02-15 23:25:32 - [MESSAGE][PASSED] - Text '234' is set on object 'Object Repository/RecAndPlayBk/Page-Vlink-ACH-Void/input_Application Id'

2023-02-15 23:25:32 - [TEST_STEP][PASSED] - setText(findTestObject("Object Repository/RecAndPlayBk/Page-Vlink-ACH-Void/input_Username"), username): Text 'username' is set on object 'Object Repository/RecAndPlayBk/Page-Vlink-ACH-Void/input_Username'

2023-02-15 23:25:33 - [MESSAGE][PASSED] - Text 'username' is set on object 'Object Repository/RecAndPlayBk/Page-Vlink-ACH-Void/input_Username'

2023-02-15 23:25:33 - [TEST_STEP][PASSED] - setText(findTestObject("Object Repository/RecAndPlayBk/Page-Vlink-ACH-Void/input_Password"), password): Text 'password' is set on object 'Object Repository/RecAndPlayBk/Page-Vlink-ACH-Void/input_Password'

2023-02-15 23:25:33 - [MESSAGE][PASSED] - Text 'password' is set on object 'Object Repository/RecAndPlayBk/Page-Vlink-ACH-Void/input_Password'

2023-02-15 23:25:33 - [TEST_STEP][PASSED] - setText(findTestObject("Object Repository/RecAndPlayBk/Page-Vlink-ACH-Void/input_Check Type"), checkType): Text 'P' is set on object 'Object Repository/RecAndPlayBk/Page-Vlink-ACH-Void/input_Check Type'

2023-02-15 23:25:34 - [MESSAGE][PASSED] - Text 'P' is set on object 'Object Repository/RecAndPlayBk/Page-Vlink-ACH-Void/input_Check Type'

2023-02-15 23:25:34 - [TEST_STEP][PASSED] - setText(findTestObject("Object Repository/RecAndPlayBk/Page-Vlink-ACH-Void/input_Standard Entry Class"), sec): Text 'PPD' is set on object 'Object Repository/RecAndPlayBk/Page-Vlink-ACH-Void/input_Standard Entry Class'

2023-02-15 23:25:35 - [MESSAGE][PASSED] - Text 'PPD' is set on object 'Object Repository/RecAndPlayBk/Page-Vlink-ACH-Void/input_Standard Entry Class'

2023-02-15 23:25:35 - [TEST_STEP][PASSED] - setText(findTestObject("Object Repository/RecAndPlayBk/Page-Vlink-ACH-Void/input_Transaction ID"), VLinkSaleTranxID): Text '12126778' is set on object 'Object Repository/RecAndPlayBk/Page-Vlink-ACH-Void/input_Transaction ID'

2023-02-15 23:25:35 - [MESSAGE][PASSED] - Text '12126778' is set on object 'Object Repository/RecAndPlayBk/Page-Vlink-ACH-Void/input_Transaction ID'

2023-02-15 23:25:35 - [TEST_STEP][PASSED] - setText(findTestObject("Object Repository/RecAndPlayBk/Page-Vlink-ACH-Void/input_Original Transaction Type"), "200"): Text '200' is set on object 'Object Repository/RecAndPlayBk/Page-Vlink-ACH-Void/input_Original Transaction Type'

2023-02-15 23:25:36 - [MESSAGE][PASSED] - Text '200' is set on object 'Object Repository/RecAndPlayBk/Page-Vlink-ACH-Void/input_Original Transaction Type'

2023-02-15 23:25:36 - [TEST_STEP][PASSED] - click(findTestObject("Object Repository/RecAndPlayBk/Page-Vlink-ACH-Void/input")): Object: 'Object Repository/RecAndPlayBk/Page-Vlink-ACH-Void/input' is clicked on

2023-02-15 23:25:37 - [MESSAGE][PASSED] - Object: 'Object Repository/RecAndPlayBk/Page-Vlink-ACH-Void/input' is clicked on

2023-02-15 23:25:37 - [TEST_STEP][PASSED] - if (verifyTextPresent("Transaction approved, no errors", true)): null

2023-02-15 23:25:37 - [MESSAGE][PASSED] - Text 'Transaction approved, no errors' is present on page  using regular expression

2023-02-15 23:25:37 - [TEST_STEP][PASSED] - println("Transaction Approved, no errors text is present on the Confirmation page"): null

2023-02-15 23:25:37 - [TEST_STEP][PASSED] - out.println("Pass Record Number: " + row): null

2023-02-15 23:25:37 - [TEST_STEP][PASSED] - resText = "Pass": null

2023-02-15 23:25:37 - [TEST_STEP][PASSED] - pages.WriteExcel.demoKey(resText, datText, resColumn, datCloumn, fileLoc, nameSheet, row): pages.WriteExcel.demoKey is PASSED

2023-02-15 23:25:37 - [MESSAGE][PASSED] - pages.WriteExcel.demoKey is PASSED

2023-02-15 23:25:37 - [TEST_STEP][PASSED] - ExecuteTC = findTestData(dataFile).getValue("Execute", row): null

2023-02-15 23:25:37 - [TEST_STEP][PASSED] - out.println("Value of Execute is : " + ExecuteTC): null

2023-02-15 23:25:37 - [TEST_STEP][PASSED] - switch (executionProfile): null

2023-02-15 23:25:37 - [TEST_STEP][PASSED] - case "QAProfile":: null

2023-02-15 23:25:37 - [TEST_STEP][PASSED] - appID = findTestData(dataFile).getValue("AppIDQA", row): null

2023-02-15 23:25:37 - [TEST_STEP][PASSED] - username = findTestData(dataFile).getValue("UsernameQA", row): null

2023-02-15 23:25:37 - [TEST_STEP][PASSED] - password = findTestData(dataFile).getValue("PasswordQA", row): null

2023-02-15 23:25:37 - [TEST_STEP][PASSED] - break: null

2023-02-15 23:25:37 - [TEST_STEP][PASSED] - if (ExecuteTC.equalsIgnoreCase("Y")): null

2023-02-15 23:25:37 - [TEST_STEP][PASSED] - out.println("Begin Record Number: " + row): null

2023-02-15 23:25:37 - [TEST_STEP][PASSED] - today = new java.util.Date(): null

2023-02-15 23:25:37 - [TEST_STEP][PASSED] - println(today): null

2023-02-15 23:25:37 - [TEST_STEP][PASSED] - datText = today: null

2023-02-15 23:25:37 - [TEST_STEP][PASSED] - checkType = findTestData(dataFile).getValue("CheckType", row): null

2023-02-15 23:25:37 - [TEST_STEP][PASSED] - acNumber = findTestData(dataFile).getValue("AcNumber", row): null

2023-02-15 23:25:37 - [TEST_STEP][PASSED] - company = findTestData(dataFile).getValue("Company", row): null

2023-02-15 23:25:37 - [TEST_STEP][PASSED] - acType = findTestData(dataFile).getValue("AcType", row): null

2023-02-15 23:25:37 - [TEST_STEP][PASSED] - rtn = findTestData(dataFile).getValue("RTN", row): null

2023-02-15 23:25:37 - [TEST_STEP][PASSED] - amount = findTestData(dataFile).getValue("Amount", row): null

2023-02-15 23:25:38 - [TEST_STEP][PASSED] - sec = findTestData(dataFile).getValue("SEC", row): null

2023-02-15 23:25:38 - [TEST_STEP][PASSED] - openBrowser(VLinkURL + "debit.html"): Browser is opened with url: 'https://dev-algorithm.govolution.com/vlinktest/QA/version_2_0/debit.html'

2023-02-15 23:25:38 - [MESSAGE][WARNING] - A browser is already opened. Closing browser and opening a new one

2023-02-15 23:25:38 - [MESSAGE][INFO] - Starting 'Chrome' driver

2023-02-15 23:25:38 - [MESSAGE][INFO] - User set preference: ['acceptInsecureCerts', 'true']

2023-02-15 23:25:38 - [MESSAGE][INFO] - Action delay is set to 0 milliseconds

2023-02-15 23:25:40 - [MESSAGE][PASSED] - Browser is opened with url: 'https://dev-algorithm.govolution.com/vlinktest/QA/version_2_0/debit.html'

2023-02-15 23:25:40 - [TEST_STEP][PASSED] - maximizeWindow(): Current window maximized

2023-02-15 23:25:40 - [MESSAGE][PASSED] - Current window maximized

2023-02-15 23:25:40 - [TEST_STEP][PASSED] - genRemID1 = random() * 99999).toInteger(): null

2023-02-15 23:25:40 - [TEST_STEP][PASSED] - genRemID2 = random() * 99999).toInteger(): null

2023-02-15 23:25:40 - [TEST_STEP][PASSED] - genRemID3 = random() * 99999).toInteger(): null

2023-02-15 23:25:40 - [TEST_STEP][PASSED] - println(genRemID1): null

2023-02-15 23:25:40 - [TEST_STEP][PASSED] - println(genRemID2): null

2023-02-15 23:25:40 - [TEST_STEP][PASSED] - println(genRemID3): null

2023-02-15 23:25:40 - [TEST_STEP][PASSED] - genRemID = genRemID1 + "|" + genRemID2 + "|" + genRemID3: null

2023-02-15 23:25:40 - [TEST_STEP][PASSED] - println(genRemID): null

2023-02-15 23:25:40 - [TEST_STEP][PASSED] - setText(findTestObject("RecAndPlayBk/Page-Vlink-Debit/input_Remittance Id"), genRemID): Text '90819|88718|89518' is set on object 'Object Repository/RecAndPlayBk/Page-Vlink-Debit/input_Remittance Id'

2023-02-15 23:25:41 - [MESSAGE][PASSED] - Text '90819|88718|89518' is set on object 'Object Repository/RecAndPlayBk/Page-Vlink-Debit/input_Remittance Id'

2023-02-15 23:25:41 - [TEST_STEP][PASSED] - setText(findTestObject("RecAndPlayBk/Page-Vlink-Debit/input_Application Id"), appID): Text '234' is set on object 'Object Repository/RecAndPlayBk/Page-Vlink-Debit/input_Application Id'

2023-02-15 23:25:42 - [MESSAGE][PASSED] - Text '234' is set on object 'Object Repository/RecAndPlayBk/Page-Vlink-Debit/input_Application Id'

2023-02-15 23:25:42 - [TEST_STEP][PASSED] - setText(findTestObject("RecAndPlayBk/Page-Vlink-Debit/input_Username"), username): Text 'username' is set on object 'Object Repository/RecAndPlayBk/Page-Vlink-Debit/input_Username'

2023-02-15 23:25:42 - [MESSAGE][PASSED] - Text 'username' is set on object 'Object Repository/RecAndPlayBk/Page-Vlink-Debit/input_Username'

2023-02-15 23:25:42 - [TEST_STEP][PASSED] - setText(findTestObject("RecAndPlayBk/Page-Vlink-Debit/input_Password"), password): Text 'password' is set on object 'Object Repository/RecAndPlayBk/Page-Vlink-Debit/input_Password'

2023-02-15 23:25:43 - [MESSAGE][PASSED] - Text 'password' is set on object 'Object Repository/RecAndPlayBk/Page-Vlink-Debit/input_Password'

2023-02-15 23:25:43 - [TEST_STEP][PASSED] - setText(findTestObject("RecAndPlayBk/Page-Vlink-Debit/input_Check Type"), checkType): Text 'C' is set on object 'Object Repository/RecAndPlayBk/Page-Vlink-Debit/input_Check Type'

2023-02-15 23:25:44 - [MESSAGE][PASSED] - Text 'C' is set on object 'Object Repository/RecAndPlayBk/Page-Vlink-Debit/input_Check Type'

2023-02-15 23:25:44 - [TEST_STEP][PASSED] - setText(findTestObject("RecAndPlayBk/Page-Vlink-Debit/input_Account_check"), acNumber): Text '58963214' is set on object 'Object Repository/RecAndPlayBk/Page-Vlink-Debit/input_Account_check'

2023-02-15 23:25:44 - [MESSAGE][PASSED] - Text '58963214' is set on object 'Object Repository/RecAndPlayBk/Page-Vlink-Debit/input_Account_check'

2023-02-15 23:25:44 - [TEST_STEP][PASSED] - setText(findTestObject("RecAndPlayBk/Page-Vlink-Debit/input_Company_check"), company): Text 'My Company' is set on object 'Object Repository/RecAndPlayBk/Page-Vlink-Debit/input_Company_check'

2023-02-15 23:25:45 - [MESSAGE][PASSED] - Text 'My Company' is set on object 'Object Repository/RecAndPlayBk/Page-Vlink-Debit/input_Company_check'

2023-02-15 23:25:45 - [TEST_STEP][PASSED] - setText(findTestObject("RecAndPlayBk/Page-Vlink-Debit/input_Account Type"), acType): Text '' is set on object 'Object Repository/RecAndPlayBk/Page-Vlink-Debit/input_Account Type'

2023-02-15 23:25:46 - [MESSAGE][PASSED] - Text '' is set on object 'Object Repository/RecAndPlayBk/Page-Vlink-Debit/input_Account Type'

2023-02-15 23:25:46 - [TEST_STEP][PASSED] - setText(findTestObject("RecAndPlayBk/Page-Vlink-Debit/input_Routing Number"), rtn): Text '256072691' is set on object 'Object Repository/RecAndPlayBk/Page-Vlink-Debit/input_Routing Number'

2023-02-15 23:25:46 - [MESSAGE][PASSED] - Text '256072691' is set on object 'Object Repository/RecAndPlayBk/Page-Vlink-Debit/input_Routing Number'

2023-02-15 23:25:46 - [TEST_STEP][PASSED] - setText(findTestObject("RecAndPlayBk/Page-Vlink-Debit/input_Amount"), amount): Text '12.50' is set on object 'Object Repository/RecAndPlayBk/Page-Vlink-Debit/input_Amount'

2023-02-15 23:25:47 - [MESSAGE][PASSED] - Text '12.50' is set on object 'Object Repository/RecAndPlayBk/Page-Vlink-Debit/input_Amount'

2023-02-15 23:25:47 - [TEST_STEP][PASSED] - setText(findTestObject("RecAndPlayBk/Page-Vlink-Debit/input_Check Email"), ""): Text '' is set on object 'Object Repository/RecAndPlayBk/Page-Vlink-Debit/input_Check Email'

2023-02-15 23:25:47 - [MESSAGE][PASSED] - Text '' is set on object 'Object Repository/RecAndPlayBk/Page-Vlink-Debit/input_Check Email'

2023-02-15 23:25:47 - [TEST_STEP][PASSED] - setText(findTestObject("Object Repository/RecAndPlayBk/Page-Vlink-Debit/input_concat(CheckWriter, , s SSN)_check_ssn"), ""): Text '' is set on object 'Object Repository/RecAndPlayBk/Page-Vlink-Debit/input_concat(CheckWriter, , s SSN)_check_ssn'

2023-02-15 23:25:48 - [MESSAGE][PASSED] - Text '' is set on object 'Object Repository/RecAndPlayBk/Page-Vlink-Debit/input_concat(CheckWriter, , s SSN)_check_ssn'

2023-02-15 23:25:48 - [TEST_STEP][PASSED] - setText(findTestObject("Object Repository/RecAndPlayBk/Page-Vlink-Debit/input_concat(CheckWriter, , s License Numbe_020fef"), ""): Text '' is set on object 'Object Repository/RecAndPlayBk/Page-Vlink-Debit/input_concat(CheckWriter, , s License Numbe_020fef'

2023-02-15 23:25:49 - [MESSAGE][PASSED] - Text '' is set on object 'Object Repository/RecAndPlayBk/Page-Vlink-Debit/input_concat(CheckWriter, , s License Numbe_020fef'

2023-02-15 23:25:49 - [TEST_STEP][PASSED] - setText(findTestObject("Object Repository/RecAndPlayBk/Page-Vlink-Debit/input_concat(CheckWriter, , s License State_21e3e7"), ""): Text '' is set on object 'Object Repository/RecAndPlayBk/Page-Vlink-Debit/input_concat(CheckWriter, , s License State_21e3e7'

2023-02-15 23:25:49 - [MESSAGE][PASSED] - Text '' is set on object 'Object Repository/RecAndPlayBk/Page-Vlink-Debit/input_concat(CheckWriter, , s License State_21e3e7'

2023-02-15 23:25:49 - [TEST_STEP][PASSED] - setText(findTestObject("RecAndPlayBk/Page-Vlink-Debit/input_Standard Entry Class"), sec): Text 'CCD' is set on object 'Object Repository/RecAndPlayBk/Page-Vlink-Debit/input_Standard Entry Class'

2023-02-15 23:25:50 - [MESSAGE][PASSED] - Text 'CCD' is set on object 'Object Repository/RecAndPlayBk/Page-Vlink-Debit/input_Standard Entry Class'

2023-02-15 23:25:50 - [TEST_STEP][PASSED] - click(findTestObject("Object Repository/RecAndPlayBk/Page-Vlink-Debit/input")): Object: 'Object Repository/RecAndPlayBk/Page-Vlink-Debit/input' is clicked on

2023-02-15 23:25:51 - [MESSAGE][PASSED] - Object: 'Object Repository/RecAndPlayBk/Page-Vlink-Debit/input' is clicked on

2023-02-15 23:25:51 - [TEST_STEP][PASSED] - if (verifyTextPresent("Transaction approved, no errors", true)): null

2023-02-15 23:25:51 - [MESSAGE][PASSED] - Text 'Transaction approved, no errors' is present on page  using regular expression

2023-02-15 23:25:51 - [TEST_STEP][PASSED] - println("Transaction Approved, no errors text is present on the Confirmation page"): null

2023-02-15 23:25:51 - [TEST_STEP][PASSED] - sdfo = getText(findTestObject("Object Repository/Page_VLinkReceipt/pre_STX")): Text of object 'Object Repository/Page_VLinkReceipt/pre_STX' is: '<STX>90819|88718|89518             12126780            0  Transaction approved, no errors                   0                                                                                                              <ETX>'

2023-02-15 23:25:51 - [MESSAGE][PASSED] - Text of object 'Object Repository/Page_VLinkReceipt/pre_STX' is: '<STX>90819|88718|89518             12126780            0  Transaction approved, no errors                   0                                                                                                              <ETX>'

2023-02-15 23:25:51 - [TEST_STEP][PASSED] - out.println("sdfo: " + sdfo): null

2023-02-15 23:25:51 - [TEST_STEP][PASSED] - remID = substring(5, 35).trim(): null

2023-02-15 23:25:51 - [TEST_STEP][PASSED] - out.println("remID: " + remID): null

2023-02-15 23:25:51 - [TEST_STEP][PASSED] - traxID = substring(35, 55).trim(): null

2023-02-15 23:25:51 - [TEST_STEP][PASSED] - out.println("traxID: " + traxID): null

2023-02-15 23:25:51 - [TEST_STEP][PASSED] - VLinkSaleRemID = remID: null

2023-02-15 23:25:51 - [TEST_STEP][PASSED] - VLinkSaleTranxID = traxID: null

2023-02-15 23:25:51 - [TEST_STEP][PASSED] - openBrowser(VLinkURL + "ACH_void.html"): Browser is opened with url: 'https://dev-algorithm.govolution.com/vlinktest/QA/version_2_0/ACH_void.html'

2023-02-15 23:25:51 - [MESSAGE][WARNING] - A browser is already opened. Closing browser and opening a new one

2023-02-15 23:25:52 - [MESSAGE][INFO] - Starting 'Chrome' driver

2023-02-15 23:25:52 - [MESSAGE][INFO] - User set preference: ['acceptInsecureCerts', 'true']

2023-02-15 23:25:52 - [MESSAGE][INFO] - Action delay is set to 0 milliseconds

2023-02-15 23:25:54 - [MESSAGE][PASSED] - Browser is opened with url: 'https://dev-algorithm.govolution.com/vlinktest/QA/version_2_0/ACH_void.html'

2023-02-15 23:25:54 - [TEST_STEP][PASSED] - maximizeWindow(): Current window maximized

2023-02-15 23:25:54 - [MESSAGE][PASSED] - Current window maximized

2023-02-15 23:25:54 - [TEST_STEP][PASSED] - setText(findTestObject("Object Repository/RecAndPlayBk/Page-Vlink-ACH-Void/input_Remittance Id"), VLinkSaleRemID): Text '90819|88718|89518' is set on object 'Object Repository/RecAndPlayBk/Page-Vlink-ACH-Void/input_Remittance Id'

2023-02-15 23:25:55 - [MESSAGE][PASSED] - Text '90819|88718|89518' is set on object 'Object Repository/RecAndPlayBk/Page-Vlink-ACH-Void/input_Remittance Id'

2023-02-15 23:25:55 - [TEST_STEP][PASSED] - setText(findTestObject("Object Repository/RecAndPlayBk/Page-Vlink-ACH-Void/input_Application Id"), appID): Text '234' is set on object 'Object Repository/RecAndPlayBk/Page-Vlink-ACH-Void/input_Application Id'

2023-02-15 23:25:56 - [MESSAGE][PASSED] - Text '234' is set on object 'Object Repository/RecAndPlayBk/Page-Vlink-ACH-Void/input_Application Id'

2023-02-15 23:25:56 - [TEST_STEP][PASSED] - setText(findTestObject("Object Repository/RecAndPlayBk/Page-Vlink-ACH-Void/input_Username"), username): Text 'username' is set on object 'Object Repository/RecAndPlayBk/Page-Vlink-ACH-Void/input_Username'

2023-02-15 23:25:56 - [MESSAGE][PASSED] - Text 'username' is set on object 'Object Repository/RecAndPlayBk/Page-Vlink-ACH-Void/input_Username'

2023-02-15 23:25:56 - [TEST_STEP][PASSED] - setText(findTestObject("Object Repository/RecAndPlayBk/Page-Vlink-ACH-Void/input_Password"), password): Text 'password' is set on object 'Object Repository/RecAndPlayBk/Page-Vlink-ACH-Void/input_Password'

2023-02-15 23:25:57 - [MESSAGE][PASSED] - Text 'password' is set on object 'Object Repository/RecAndPlayBk/Page-Vlink-ACH-Void/input_Password'

2023-02-15 23:25:57 - [TEST_STEP][PASSED] - setText(findTestObject("Object Repository/RecAndPlayBk/Page-Vlink-ACH-Void/input_Check Type"), checkType): Text 'C' is set on object 'Object Repository/RecAndPlayBk/Page-Vlink-ACH-Void/input_Check Type'

2023-02-15 23:25:58 - [MESSAGE][PASSED] - Text 'C' is set on object 'Object Repository/RecAndPlayBk/Page-Vlink-ACH-Void/input_Check Type'

2023-02-15 23:25:58 - [TEST_STEP][PASSED] - setText(findTestObject("Object Repository/RecAndPlayBk/Page-Vlink-ACH-Void/input_Standard Entry Class"), sec): Text 'CCD' is set on object 'Object Repository/RecAndPlayBk/Page-Vlink-ACH-Void/input_Standard Entry Class'

2023-02-15 23:25:58 - [MESSAGE][PASSED] - Text 'CCD' is set on object 'Object Repository/RecAndPlayBk/Page-Vlink-ACH-Void/input_Standard Entry Class'

2023-02-15 23:25:58 - [TEST_STEP][PASSED] - setText(findTestObject("Object Repository/RecAndPlayBk/Page-Vlink-ACH-Void/input_Transaction ID"), VLinkSaleTranxID): Text '12126780' is set on object 'Object Repository/RecAndPlayBk/Page-Vlink-ACH-Void/input_Transaction ID'

2023-02-15 23:25:59 - [MESSAGE][PASSED] - Text '12126780' is set on object 'Object Repository/RecAndPlayBk/Page-Vlink-ACH-Void/input_Transaction ID'

2023-02-15 23:25:59 - [TEST_STEP][PASSED] - setText(findTestObject("Object Repository/RecAndPlayBk/Page-Vlink-ACH-Void/input_Original Transaction Type"), "200"): Text '200' is set on object 'Object Repository/RecAndPlayBk/Page-Vlink-ACH-Void/input_Original Transaction Type'

2023-02-15 23:25:59 - [MESSAGE][PASSED] - Text '200' is set on object 'Object Repository/RecAndPlayBk/Page-Vlink-ACH-Void/input_Original Transaction Type'

2023-02-15 23:25:59 - [TEST_STEP][PASSED] - click(findTestObject("Object Repository/RecAndPlayBk/Page-Vlink-ACH-Void/input")): Object: 'Object Repository/RecAndPlayBk/Page-Vlink-ACH-Void/input' is clicked on

2023-02-15 23:26:00 - [MESSAGE][PASSED] - Object: 'Object Repository/RecAndPlayBk/Page-Vlink-ACH-Void/input' is clicked on

2023-02-15 23:26:00 - [TEST_STEP][PASSED] - if (verifyTextPresent("Transaction approved, no errors", true)): null

2023-02-15 23:26:00 - [MESSAGE][PASSED] - Text 'Transaction approved, no errors' is present on page  using regular expression

2023-02-15 23:26:00 - [TEST_STEP][PASSED] - println("Transaction Approved, no errors text is present on the Confirmation page"): null

2023-02-15 23:26:00 - [TEST_STEP][PASSED] - out.println("Pass Record Number: " + row): null

2023-02-15 23:26:00 - [TEST_STEP][PASSED] - resText = "Pass": null

2023-02-15 23:26:00 - [TEST_STEP][PASSED] - pages.WriteExcel.demoKey(resText, datText, resColumn, datCloumn, fileLoc, nameSheet, row): pages.WriteExcel.demoKey is PASSED

2023-02-15 23:26:01 - [MESSAGE][PASSED] - pages.WriteExcel.demoKey is PASSED]]></system-out>
         <system-err><![CDATA[]]></system-err>
      </testcase>
      <testcase name="Test Cases/RecAndPlayBk/VLink/Auth-CardNotAccepted-Error" time="52.474" classname="Test Cases/RecAndPlayBk/VLink/Auth-CardNotAccepted-Error" status="PASSED">
         <system-out><![CDATA[2023-02-15 23:26:01 - [TEST_CASE][PASSED] - Test Cases/RecAndPlayBk/VLink/Auth-CardNotAccepted-Error: Test Cases/RecAndPlayBk/VLink/Auth-CardNotAccepted-Error

2023-02-15 23:26:01 - [TEST_STEP][PASSED] - executionProfile = getExecutionProfile(): null

2023-02-15 23:26:01 - [TEST_STEP][PASSED] - out.println("executionProfile : " + executionProfile): null

2023-02-15 23:26:01 - [TEST_STEP][PASSED] - appName = <not implemented yet for class: org.codehaus.groovy.ast.expr.EmptyExpression>: null

2023-02-15 23:26:01 - [TEST_STEP][PASSED] - appID = <not implemented yet for class: org.codehaus.groovy.ast.expr.EmptyExpression>: null

2023-02-15 23:26:01 - [TEST_STEP][PASSED] - username = <not implemented yet for class: org.codehaus.groovy.ast.expr.EmptyExpression>: null

2023-02-15 23:26:01 - [TEST_STEP][PASSED] - password = <not implemented yet for class: org.codehaus.groovy.ast.expr.EmptyExpression>: null

2023-02-15 23:26:01 - [TEST_STEP][PASSED] - cardNameV = <not implemented yet for class: org.codehaus.groovy.ast.expr.EmptyExpression>: null

2023-02-15 23:26:01 - [TEST_STEP][PASSED] - al1V = <not implemented yet for class: org.codehaus.groovy.ast.expr.EmptyExpression>: null

2023-02-15 23:26:01 - [TEST_STEP][PASSED] - al2V = <not implemented yet for class: org.codehaus.groovy.ast.expr.EmptyExpression>: null

2023-02-15 23:26:01 - [TEST_STEP][PASSED] - zipV = <not implemented yet for class: org.codehaus.groovy.ast.expr.EmptyExpression>: null

2023-02-15 23:26:01 - [TEST_STEP][PASSED] - cardTypeV = <not implemented yet for class: org.codehaus.groovy.ast.expr.EmptyExpression>: null

2023-02-15 23:26:01 - [TEST_STEP][PASSED] - last4V = <not implemented yet for class: org.codehaus.groovy.ast.expr.EmptyExpression>: null

2023-02-15 23:26:01 - [TEST_STEP][PASSED] - resText = "Fail": null

2023-02-15 23:26:01 - [TEST_STEP][PASSED] - resColumn = "Result": null

2023-02-15 23:26:01 - [TEST_STEP][PASSED] - datCloumn = "Date": null

2023-02-15 23:26:01 - [TEST_STEP][PASSED] - fileLoc = "KatalonData/VLinkSmokeData.xlsx": null

2023-02-15 23:26:01 - [TEST_STEP][PASSED] - numOfRows = <not implemented yet for class: org.codehaus.groovy.ast.expr.EmptyExpression>: null

2023-02-15 23:26:01 - [TEST_STEP][PASSED] - dataFile = <not implemented yet for class: org.codehaus.groovy.ast.expr.EmptyExpression>: null

2023-02-15 23:26:01 - [TEST_STEP][PASSED] - nameSheet = <not implemented yet for class: org.codehaus.groovy.ast.expr.EmptyExpression>: null

2023-02-15 23:26:01 - [TEST_STEP][PASSED] - nameSheet = "Auth-CardNotAccepted": null

2023-02-15 23:26:01 - [TEST_STEP][PASSED] - numOfRows = findTestData("QA/VLinkTestData/VLinkAuthCardNotAcceptedData").getRowNumbers(): null

2023-02-15 23:26:01 - [TEST_STEP][PASSED] - println("Number of Records: " + numOfRows): null

2023-02-15 23:26:01 - [TEST_STEP][PASSED] - dataFile = "QA/VLinkTestData/VLinkAuthCardNotAcceptedData": null

2023-02-15 23:26:01 - [TEST_STEP][PASSED] - for ([row = 1, row <= numOfRows, (row++)]): null

2023-02-15 23:26:01 - [TEST_STEP][PASSED] - ExecuteTC = findTestData(dataFile).getValue("Execute", row): null

2023-02-15 23:26:01 - [TEST_STEP][PASSED] - out.println("Value of Execute is : " + ExecuteTC): null

2023-02-15 23:26:01 - [TEST_STEP][PASSED] - switch (executionProfile): null

2023-02-15 23:26:01 - [TEST_STEP][PASSED] - case "QAProfile":: null

2023-02-15 23:26:01 - [TEST_STEP][PASSED] - appID = findTestData(dataFile).getValue("AppIDQA", row): null

2023-02-15 23:26:01 - [TEST_STEP][PASSED] - username = findTestData(dataFile).getValue("UsernameQA", row): null

2023-02-15 23:26:02 - [TEST_STEP][PASSED] - password = findTestData(dataFile).getValue("PasswordQA", row): null

2023-02-15 23:26:02 - [TEST_STEP][PASSED] - break: null

2023-02-15 23:26:02 - [TEST_STEP][PASSED] - if (ExecuteTC.equalsIgnoreCase("Y")): null

2023-02-15 23:26:02 - [TEST_STEP][PASSED] - out.println("Begin Record Number: " + row): null

2023-02-15 23:26:02 - [TEST_STEP][PASSED] - today = new java.util.Date(): null

2023-02-15 23:26:02 - [TEST_STEP][PASSED] - println(today): null

2023-02-15 23:26:02 - [TEST_STEP][PASSED] - datText = today: null

2023-02-15 23:26:02 - [TEST_STEP][PASSED] - category = findTestData(dataFile).getValue("Category", row): null

2023-02-15 23:26:02 - [TEST_STEP][PASSED] - amount = findTestData(dataFile).getValue("Amount", row): null

2023-02-15 23:26:02 - [TEST_STEP][PASSED] - cardNumber = findTestData(dataFile).getValue("CardNumber", row): null

2023-02-15 23:26:02 - [TEST_STEP][PASSED] - exM = findTestData(dataFile).getValue("ExM", row): null

2023-02-15 23:26:02 - [TEST_STEP][PASSED] - exY = findTestData(dataFile).getValue("ExY", row): null

2023-02-15 23:26:02 - [TEST_STEP][PASSED] - openBrowser(VLinkURL + "auth.html"): Browser is opened with url: 'https://dev-algorithm.govolution.com/vlinktest/QA/version_2_0/auth.html'

2023-02-15 23:26:02 - [MESSAGE][WARNING] - A browser is already opened. Closing browser and opening a new one

2023-02-15 23:26:03 - [MESSAGE][INFO] - Starting 'Chrome' driver

2023-02-15 23:26:03 - [MESSAGE][INFO] - User set preference: ['acceptInsecureCerts', 'true']

2023-02-15 23:26:03 - [MESSAGE][INFO] - Action delay is set to 0 milliseconds

2023-02-15 23:26:05 - [MESSAGE][PASSED] - Browser is opened with url: 'https://dev-algorithm.govolution.com/vlinktest/QA/version_2_0/auth.html'

2023-02-15 23:26:05 - [TEST_STEP][PASSED] - maximizeWindow(): Current window maximized

2023-02-15 23:26:05 - [MESSAGE][PASSED] - Current window maximized

2023-02-15 23:26:05 - [TEST_STEP][PASSED] - maximizeWindow(): Current window maximized

2023-02-15 23:26:05 - [MESSAGE][PASSED] - Current window maximized

2023-02-15 23:26:05 - [TEST_STEP][PASSED] - genRemID = RandomStringUtils.random(12, true, true): null

2023-02-15 23:26:05 - [TEST_STEP][PASSED] - setText(findTestObject("Object Repository/VLink/Page_CCSale/txt_RemID"), genRemID): Text 'uQW9Qb29AnSo' is set on object 'Object Repository/VLink/Page_CCSale/txt_RemID'

2023-02-15 23:26:06 - [MESSAGE][PASSED] - Text 'uQW9Qb29AnSo' is set on object 'Object Repository/VLink/Page_CCSale/txt_RemID'

2023-02-15 23:26:06 - [TEST_STEP][PASSED] - setText(findTestObject("Object Repository/RecAndPlayBk/Page-Vlink-AuthOnly/input_Remittance Id_remittance_id"), genRemID): Text 'uQW9Qb29AnSo' is set on object 'Object Repository/RecAndPlayBk/Page-Vlink-AuthOnly/input_Remittance Id_remittance_id'

2023-02-15 23:26:06 - [MESSAGE][PASSED] - Text 'uQW9Qb29AnSo' is set on object 'Object Repository/RecAndPlayBk/Page-Vlink-AuthOnly/input_Remittance Id_remittance_id'

2023-02-15 23:26:06 - [TEST_STEP][PASSED] - setText(findTestObject("Object Repository/RecAndPlayBk/Page-Vlink-AuthOnly/input_Application Id_application_id"), appID): Text '656' is set on object 'Object Repository/RecAndPlayBk/Page-Vlink-AuthOnly/input_Application Id_application_id'

2023-02-15 23:26:07 - [MESSAGE][PASSED] - Text '656' is set on object 'Object Repository/RecAndPlayBk/Page-Vlink-AuthOnly/input_Application Id_application_id'

2023-02-15 23:26:07 - [TEST_STEP][PASSED] - setText(findTestObject("Object Repository/RecAndPlayBk/Page-Vlink-AuthOnly/input_Username_username"), username): Text 'username' is set on object 'Object Repository/RecAndPlayBk/Page-Vlink-AuthOnly/input_Username_username'

2023-02-15 23:26:08 - [MESSAGE][PASSED] - Text 'username' is set on object 'Object Repository/RecAndPlayBk/Page-Vlink-AuthOnly/input_Username_username'

2023-02-15 23:26:08 - [TEST_STEP][PASSED] - setText(findTestObject("Object Repository/RecAndPlayBk/Page-Vlink-AuthOnly/input_Password_password"), password): Text 'password' is set on object 'Object Repository/RecAndPlayBk/Page-Vlink-AuthOnly/input_Password_password'

2023-02-15 23:26:08 - [MESSAGE][PASSED] - Text 'password' is set on object 'Object Repository/RecAndPlayBk/Page-Vlink-AuthOnly/input_Password_password'

2023-02-15 23:26:08 - [TEST_STEP][PASSED] - setText(findTestObject("Object Repository/RecAndPlayBk/Page-Vlink-AuthOnly/input_Category_category"), category): Text 'ECOM' is set on object 'Object Repository/RecAndPlayBk/Page-Vlink-AuthOnly/input_Category_category'

2023-02-15 23:26:09 - [MESSAGE][PASSED] - Text 'ECOM' is set on object 'Object Repository/RecAndPlayBk/Page-Vlink-AuthOnly/input_Category_category'

2023-02-15 23:26:09 - [TEST_STEP][PASSED] - setText(findTestObject("Object Repository/RecAndPlayBk/Page-Vlink-AuthOnly/input_Amount_amount"), amount): Text '10.5' is set on object 'Object Repository/RecAndPlayBk/Page-Vlink-AuthOnly/input_Amount_amount'

2023-02-15 23:26:09 - [MESSAGE][PASSED] - Text '10.5' is set on object 'Object Repository/RecAndPlayBk/Page-Vlink-AuthOnly/input_Amount_amount'

2023-02-15 23:26:09 - [TEST_STEP][PASSED] - doubleClick(findTestObject("Object Repository/RecAndPlayBk/Page-Vlink-AuthOnly/input_Card number_card_number")): Object: 'Object Repository/RecAndPlayBk/Page-Vlink-AuthOnly/input_Card number_card_number' is double clicked on

2023-02-15 23:26:10 - [MESSAGE][PASSED] - Object: 'Object Repository/RecAndPlayBk/Page-Vlink-AuthOnly/input_Card number_card_number' is double clicked on

2023-02-15 23:26:10 - [TEST_STEP][PASSED] - setText(findTestObject("Object Repository/RecAndPlayBk/Page-Vlink-AuthOnly/input_Card number_card_number"), cardNumber): Text '374245002771003' is set on object 'Object Repository/RecAndPlayBk/Page-Vlink-AuthOnly/input_Card number_card_number'

2023-02-15 23:26:11 - [MESSAGE][PASSED] - Text '374245002771003' is set on object 'Object Repository/RecAndPlayBk/Page-Vlink-AuthOnly/input_Card number_card_number'

2023-02-15 23:26:11 - [TEST_STEP][PASSED] - setText(findTestObject("Object Repository/RecAndPlayBk/Page-Vlink-AuthOnly/input_Card ex month_card_exmo"), exM): Text '12' is set on object 'Object Repository/RecAndPlayBk/Page-Vlink-AuthOnly/input_Card ex month_card_exmo'

2023-02-15 23:26:11 - [MESSAGE][PASSED] - Text '12' is set on object 'Object Repository/RecAndPlayBk/Page-Vlink-AuthOnly/input_Card ex month_card_exmo'

2023-02-15 23:26:11 - [TEST_STEP][PASSED] - setText(findTestObject("Object Repository/RecAndPlayBk/Page-Vlink-AuthOnly/input_Card ex year_card_exyr"), exY): Text '2029' is set on object 'Object Repository/RecAndPlayBk/Page-Vlink-AuthOnly/input_Card ex year_card_exyr'

2023-02-15 23:26:12 - [MESSAGE][PASSED] - Text '2029' is set on object 'Object Repository/RecAndPlayBk/Page-Vlink-AuthOnly/input_Card ex year_card_exyr'

2023-02-15 23:26:12 - [TEST_STEP][PASSED] - click(findTestObject("Object Repository/RecAndPlayBk/Page-Vlink-AuthOnly/input_Track Data_track_data")): Object: 'Object Repository/RecAndPlayBk/Page-Vlink-AuthOnly/input_Track Data_track_data' is clicked on

2023-02-15 23:26:12 - [MESSAGE][PASSED] - Object: 'Object Repository/RecAndPlayBk/Page-Vlink-AuthOnly/input_Track Data_track_data' is clicked on

2023-02-15 23:26:12 - [TEST_STEP][PASSED] - click(findTestObject("Object Repository/RecAndPlayBk/Page-Vlink-AuthOnly/input_CVV state_cvv_state")): Object: 'Object Repository/RecAndPlayBk/Page-Vlink-AuthOnly/input_CVV state_cvv_state' is clicked on

2023-02-15 23:26:12 - [MESSAGE][PASSED] - Object: 'Object Repository/RecAndPlayBk/Page-Vlink-AuthOnly/input_CVV state_cvv_state' is clicked on

2023-02-15 23:26:12 - [TEST_STEP][PASSED] - setText(findTestObject("Object Repository/RecAndPlayBk/Page-Vlink-AuthOnly/input_Track Data_track_data"), ""): Text '' is set on object 'Object Repository/RecAndPlayBk/Page-Vlink-AuthOnly/input_Track Data_track_data'

2023-02-15 23:26:13 - [MESSAGE][PASSED] - Text '' is set on object 'Object Repository/RecAndPlayBk/Page-Vlink-AuthOnly/input_Track Data_track_data'

2023-02-15 23:26:13 - [TEST_STEP][PASSED] - setText(findTestObject("Object Repository/RecAndPlayBk/Page-Vlink-AuthOnly/input_concat(Cardholder, , s email)_email"), ""): Text '' is set on object 'Object Repository/RecAndPlayBk/Page-Vlink-AuthOnly/input_concat(Cardholder, , s email)_email'

2023-02-15 23:26:14 - [MESSAGE][PASSED] - Text '' is set on object 'Object Repository/RecAndPlayBk/Page-Vlink-AuthOnly/input_concat(Cardholder, , s email)_email'

2023-02-15 23:26:14 - [TEST_STEP][PASSED] - click(findTestObject("Object Repository/RecAndPlayBk/Page-Vlink-AuthOnly/input_user_defined10_user_defined10")): Object: 'Object Repository/RecAndPlayBk/Page-Vlink-AuthOnly/input_user_defined10_user_defined10' is clicked on

2023-02-15 23:26:14 - [MESSAGE][PASSED] - Object: 'Object Repository/RecAndPlayBk/Page-Vlink-AuthOnly/input_user_defined10_user_defined10' is clicked on

2023-02-15 23:26:14 - [TEST_STEP][PASSED] - if (executionProfile.equalsIgnoreCase("QAProfile")): Text '' is set on object 'Object Repository/RecAndPlayBk/Page-Vlink-AuthOnly/input_COF Transaction Initiated by_cof_tran_6cded5'

2023-02-15 23:26:14 - [TEST_STEP][PASSED] - setText(findTestObject("Object Repository/RecAndPlayBk/Page-Vlink-AuthOnly/input_Card on File Indicator_card_on_file_i_157dae"), ""): Text '' is set on object 'Object Repository/RecAndPlayBk/Page-Vlink-AuthOnly/input_Card on File Indicator_card_on_file_i_157dae'

2023-02-15 23:26:15 - [MESSAGE][PASSED] - Text '' is set on object 'Object Repository/RecAndPlayBk/Page-Vlink-AuthOnly/input_Card on File Indicator_card_on_file_i_157dae'

2023-02-15 23:26:15 - [TEST_STEP][PASSED] - setText(findTestObject("Object Repository/RecAndPlayBk/Page-Vlink-AuthOnly/input_Stored Credential Indicator_stored_cr_4ae73c"), ""): Text '' is set on object 'Object Repository/RecAndPlayBk/Page-Vlink-AuthOnly/input_Stored Credential Indicator_stored_cr_4ae73c'

2023-02-15 23:26:15 - [MESSAGE][PASSED] - Text '' is set on object 'Object Repository/RecAndPlayBk/Page-Vlink-AuthOnly/input_Stored Credential Indicator_stored_cr_4ae73c'

2023-02-15 23:26:15 - [TEST_STEP][PASSED] - setText(findTestObject("Object Repository/RecAndPlayBk/Page-Vlink-AuthOnly/input_COF Scheduled indicator_cof_scheduled_8df7d8"), ""): Text '' is set on object 'Object Repository/RecAndPlayBk/Page-Vlink-AuthOnly/input_COF Scheduled indicator_cof_scheduled_8df7d8'

2023-02-15 23:26:16 - [MESSAGE][PASSED] - Text '' is set on object 'Object Repository/RecAndPlayBk/Page-Vlink-AuthOnly/input_COF Scheduled indicator_cof_scheduled_8df7d8'

2023-02-15 23:26:16 - [TEST_STEP][PASSED] - setText(findTestObject("Object Repository/RecAndPlayBk/Page-Vlink-AuthOnly/input_COF Transaction Initiated by_cof_tran_6cded5"), ""): Text '' is set on object 'Object Repository/RecAndPlayBk/Page-Vlink-AuthOnly/input_COF Transaction Initiated by_cof_tran_6cded5'

2023-02-15 23:26:17 - [MESSAGE][PASSED] - Text '' is set on object 'Object Repository/RecAndPlayBk/Page-Vlink-AuthOnly/input_COF Transaction Initiated by_cof_tran_6cded5'

2023-02-15 23:26:17 - [TEST_STEP][PASSED] - click(findTestObject("Object Repository/RecAndPlayBk/Page-Vlink-AuthOnly/input")): Object: 'Object Repository/RecAndPlayBk/Page-Vlink-AuthOnly/input' is clicked on

2023-02-15 23:26:19 - [MESSAGE][PASSED] - Object: 'Object Repository/RecAndPlayBk/Page-Vlink-AuthOnly/input' is clicked on

2023-02-15 23:26:19 - [TEST_STEP][PASSED] - if (verifyTextPresent("Card type not valid", true)): null

2023-02-15 23:26:19 - [MESSAGE][PASSED] - Text 'Card type not valid' is present on page  using regular expression

2023-02-15 23:26:19 - [TEST_STEP][PASSED] - println("Card type not valid text is present on the Confirmation page"): null

2023-02-15 23:26:19 - [TEST_STEP][PASSED] - out.println("Pass Record Number: " + row): null

2023-02-15 23:26:19 - [TEST_STEP][PASSED] - resText = "Pass": null

2023-02-15 23:26:19 - [TEST_STEP][PASSED] - pages.WriteExcel.demoKey(resText, datText, resColumn, datCloumn, fileLoc, nameSheet, row): pages.WriteExcel.demoKey is PASSED

2023-02-15 23:26:19 - [MESSAGE][PASSED] - pages.WriteExcel.demoKey is PASSED

2023-02-15 23:26:19 - [TEST_STEP][PASSED] - ExecuteTC = findTestData(dataFile).getValue("Execute", row): null

2023-02-15 23:26:19 - [TEST_STEP][PASSED] - out.println("Value of Execute is : " + ExecuteTC): null

2023-02-15 23:26:19 - [TEST_STEP][PASSED] - switch (executionProfile): null

2023-02-15 23:26:19 - [TEST_STEP][PASSED] - case "QAProfile":: null

2023-02-15 23:26:19 - [TEST_STEP][PASSED] - appID = findTestData(dataFile).getValue("AppIDQA", row): null

2023-02-15 23:26:19 - [TEST_STEP][PASSED] - username = findTestData(dataFile).getValue("UsernameQA", row): null

2023-02-15 23:26:19 - [TEST_STEP][PASSED] - password = findTestData(dataFile).getValue("PasswordQA", row): null

2023-02-15 23:26:19 - [TEST_STEP][PASSED] - break: null

2023-02-15 23:26:19 - [TEST_STEP][PASSED] - if (ExecuteTC.equalsIgnoreCase("Y")): null

2023-02-15 23:26:19 - [TEST_STEP][PASSED] - out.println("Begin Record Number: " + row): null

2023-02-15 23:26:19 - [TEST_STEP][PASSED] - today = new java.util.Date(): null

2023-02-15 23:26:19 - [TEST_STEP][PASSED] - println(today): null

2023-02-15 23:26:19 - [TEST_STEP][PASSED] - datText = today: null

2023-02-15 23:26:19 - [TEST_STEP][PASSED] - category = findTestData(dataFile).getValue("Category", row): null

2023-02-15 23:26:19 - [TEST_STEP][PASSED] - amount = findTestData(dataFile).getValue("Amount", row): null

2023-02-15 23:26:19 - [TEST_STEP][PASSED] - cardNumber = findTestData(dataFile).getValue("CardNumber", row): null

2023-02-15 23:26:20 - [TEST_STEP][PASSED] - exM = findTestData(dataFile).getValue("ExM", row): null

2023-02-15 23:26:20 - [TEST_STEP][PASSED] - exY = findTestData(dataFile).getValue("ExY", row): null

2023-02-15 23:26:20 - [TEST_STEP][PASSED] - openBrowser(VLinkURL + "auth.html"): Browser is opened with url: 'https://dev-algorithm.govolution.com/vlinktest/QA/version_2_0/auth.html'

2023-02-15 23:26:20 - [MESSAGE][WARNING] - A browser is already opened. Closing browser and opening a new one

2023-02-15 23:26:21 - [MESSAGE][INFO] - Starting 'Chrome' driver

2023-02-15 23:26:21 - [MESSAGE][INFO] - User set preference: ['acceptInsecureCerts', 'true']

2023-02-15 23:26:21 - [MESSAGE][INFO] - Action delay is set to 0 milliseconds

2023-02-15 23:26:22 - [MESSAGE][PASSED] - Browser is opened with url: 'https://dev-algorithm.govolution.com/vlinktest/QA/version_2_0/auth.html'

2023-02-15 23:26:22 - [TEST_STEP][PASSED] - maximizeWindow(): Current window maximized

2023-02-15 23:26:23 - [MESSAGE][PASSED] - Current window maximized

2023-02-15 23:26:23 - [TEST_STEP][PASSED] - maximizeWindow(): Current window maximized

2023-02-15 23:26:23 - [MESSAGE][PASSED] - Current window maximized

2023-02-15 23:26:23 - [TEST_STEP][PASSED] - genRemID = RandomStringUtils.random(12, true, true): null

2023-02-15 23:26:23 - [TEST_STEP][PASSED] - setText(findTestObject("Object Repository/VLink/Page_CCSale/txt_RemID"), genRemID): Text 'Nb2k6TD02SOI' is set on object 'Object Repository/VLink/Page_CCSale/txt_RemID'

2023-02-15 23:26:23 - [MESSAGE][PASSED] - Text 'Nb2k6TD02SOI' is set on object 'Object Repository/VLink/Page_CCSale/txt_RemID'

2023-02-15 23:26:23 - [TEST_STEP][PASSED] - setText(findTestObject("Object Repository/RecAndPlayBk/Page-Vlink-AuthOnly/input_Remittance Id_remittance_id"), genRemID): Text 'Nb2k6TD02SOI' is set on object 'Object Repository/RecAndPlayBk/Page-Vlink-AuthOnly/input_Remittance Id_remittance_id'

2023-02-15 23:26:24 - [MESSAGE][PASSED] - Text 'Nb2k6TD02SOI' is set on object 'Object Repository/RecAndPlayBk/Page-Vlink-AuthOnly/input_Remittance Id_remittance_id'

2023-02-15 23:26:24 - [TEST_STEP][PASSED] - setText(findTestObject("Object Repository/RecAndPlayBk/Page-Vlink-AuthOnly/input_Application Id_application_id"), appID): Text '656' is set on object 'Object Repository/RecAndPlayBk/Page-Vlink-AuthOnly/input_Application Id_application_id'

2023-02-15 23:26:25 - [MESSAGE][PASSED] - Text '656' is set on object 'Object Repository/RecAndPlayBk/Page-Vlink-AuthOnly/input_Application Id_application_id'

2023-02-15 23:26:25 - [TEST_STEP][PASSED] - setText(findTestObject("Object Repository/RecAndPlayBk/Page-Vlink-AuthOnly/input_Username_username"), username): Text 'username' is set on object 'Object Repository/RecAndPlayBk/Page-Vlink-AuthOnly/input_Username_username'

2023-02-15 23:26:25 - [MESSAGE][PASSED] - Text 'username' is set on object 'Object Repository/RecAndPlayBk/Page-Vlink-AuthOnly/input_Username_username'

2023-02-15 23:26:25 - [TEST_STEP][PASSED] - setText(findTestObject("Object Repository/RecAndPlayBk/Page-Vlink-AuthOnly/input_Password_password"), password): Text 'password' is set on object 'Object Repository/RecAndPlayBk/Page-Vlink-AuthOnly/input_Password_password'

2023-02-15 23:26:26 - [MESSAGE][PASSED] - Text 'password' is set on object 'Object Repository/RecAndPlayBk/Page-Vlink-AuthOnly/input_Password_password'

2023-02-15 23:26:26 - [TEST_STEP][PASSED] - setText(findTestObject("Object Repository/RecAndPlayBk/Page-Vlink-AuthOnly/input_Category_category"), category): Text 'MOTO' is set on object 'Object Repository/RecAndPlayBk/Page-Vlink-AuthOnly/input_Category_category'

2023-02-15 23:26:27 - [MESSAGE][PASSED] - Text 'MOTO' is set on object 'Object Repository/RecAndPlayBk/Page-Vlink-AuthOnly/input_Category_category'

2023-02-15 23:26:27 - [TEST_STEP][PASSED] - setText(findTestObject("Object Repository/RecAndPlayBk/Page-Vlink-AuthOnly/input_Amount_amount"), amount): Text '10.5' is set on object 'Object Repository/RecAndPlayBk/Page-Vlink-AuthOnly/input_Amount_amount'

2023-02-15 23:26:27 - [MESSAGE][PASSED] - Text '10.5' is set on object 'Object Repository/RecAndPlayBk/Page-Vlink-AuthOnly/input_Amount_amount'

2023-02-15 23:26:27 - [TEST_STEP][PASSED] - doubleClick(findTestObject("Object Repository/RecAndPlayBk/Page-Vlink-AuthOnly/input_Card number_card_number")): Object: 'Object Repository/RecAndPlayBk/Page-Vlink-AuthOnly/input_Card number_card_number' is double clicked on

2023-02-15 23:26:28 - [MESSAGE][PASSED] - Object: 'Object Repository/RecAndPlayBk/Page-Vlink-AuthOnly/input_Card number_card_number' is double clicked on

2023-02-15 23:26:28 - [TEST_STEP][PASSED] - setText(findTestObject("Object Repository/RecAndPlayBk/Page-Vlink-AuthOnly/input_Card number_card_number"), cardNumber): Text '374245002771003' is set on object 'Object Repository/RecAndPlayBk/Page-Vlink-AuthOnly/input_Card number_card_number'

2023-02-15 23:26:28 - [MESSAGE][PASSED] - Text '374245002771003' is set on object 'Object Repository/RecAndPlayBk/Page-Vlink-AuthOnly/input_Card number_card_number'

2023-02-15 23:26:28 - [TEST_STEP][PASSED] - setText(findTestObject("Object Repository/RecAndPlayBk/Page-Vlink-AuthOnly/input_Card ex month_card_exmo"), exM): Text '12' is set on object 'Object Repository/RecAndPlayBk/Page-Vlink-AuthOnly/input_Card ex month_card_exmo'

2023-02-15 23:26:29 - [MESSAGE][PASSED] - Text '12' is set on object 'Object Repository/RecAndPlayBk/Page-Vlink-AuthOnly/input_Card ex month_card_exmo'

2023-02-15 23:26:29 - [TEST_STEP][PASSED] - setText(findTestObject("Object Repository/RecAndPlayBk/Page-Vlink-AuthOnly/input_Card ex year_card_exyr"), exY): Text '2029' is set on object 'Object Repository/RecAndPlayBk/Page-Vlink-AuthOnly/input_Card ex year_card_exyr'

2023-02-15 23:26:29 - [MESSAGE][PASSED] - Text '2029' is set on object 'Object Repository/RecAndPlayBk/Page-Vlink-AuthOnly/input_Card ex year_card_exyr'

2023-02-15 23:26:29 - [TEST_STEP][PASSED] - click(findTestObject("Object Repository/RecAndPlayBk/Page-Vlink-AuthOnly/input_Track Data_track_data")): Object: 'Object Repository/RecAndPlayBk/Page-Vlink-AuthOnly/input_Track Data_track_data' is clicked on

2023-02-15 23:26:30 - [MESSAGE][PASSED] - Object: 'Object Repository/RecAndPlayBk/Page-Vlink-AuthOnly/input_Track Data_track_data' is clicked on

2023-02-15 23:26:30 - [TEST_STEP][PASSED] - click(findTestObject("Object Repository/RecAndPlayBk/Page-Vlink-AuthOnly/input_CVV state_cvv_state")): Object: 'Object Repository/RecAndPlayBk/Page-Vlink-AuthOnly/input_CVV state_cvv_state' is clicked on

2023-02-15 23:26:30 - [MESSAGE][PASSED] - Object: 'Object Repository/RecAndPlayBk/Page-Vlink-AuthOnly/input_CVV state_cvv_state' is clicked on

2023-02-15 23:26:30 - [TEST_STEP][PASSED] - setText(findTestObject("Object Repository/RecAndPlayBk/Page-Vlink-AuthOnly/input_Track Data_track_data"), ""): Text '' is set on object 'Object Repository/RecAndPlayBk/Page-Vlink-AuthOnly/input_Track Data_track_data'

2023-02-15 23:26:31 - [MESSAGE][PASSED] - Text '' is set on object 'Object Repository/RecAndPlayBk/Page-Vlink-AuthOnly/input_Track Data_track_data'

2023-02-15 23:26:31 - [TEST_STEP][PASSED] - setText(findTestObject("Object Repository/RecAndPlayBk/Page-Vlink-AuthOnly/input_concat(Cardholder, , s email)_email"), ""): Text '' is set on object 'Object Repository/RecAndPlayBk/Page-Vlink-AuthOnly/input_concat(Cardholder, , s email)_email'

2023-02-15 23:26:31 - [MESSAGE][PASSED] - Text '' is set on object 'Object Repository/RecAndPlayBk/Page-Vlink-AuthOnly/input_concat(Cardholder, , s email)_email'

2023-02-15 23:26:31 - [TEST_STEP][PASSED] - click(findTestObject("Object Repository/RecAndPlayBk/Page-Vlink-AuthOnly/input_user_defined10_user_defined10")): Object: 'Object Repository/RecAndPlayBk/Page-Vlink-AuthOnly/input_user_defined10_user_defined10' is clicked on

2023-02-15 23:26:32 - [MESSAGE][PASSED] - Object: 'Object Repository/RecAndPlayBk/Page-Vlink-AuthOnly/input_user_defined10_user_defined10' is clicked on

2023-02-15 23:26:32 - [TEST_STEP][PASSED] - if (executionProfile.equalsIgnoreCase("QAProfile")): Text '' is set on object 'Object Repository/RecAndPlayBk/Page-Vlink-AuthOnly/input_COF Transaction Initiated by_cof_tran_6cded5'

2023-02-15 23:26:32 - [TEST_STEP][PASSED] - setText(findTestObject("Object Repository/RecAndPlayBk/Page-Vlink-AuthOnly/input_Card on File Indicator_card_on_file_i_157dae"), ""): Text '' is set on object 'Object Repository/RecAndPlayBk/Page-Vlink-AuthOnly/input_Card on File Indicator_card_on_file_i_157dae'

2023-02-15 23:26:32 - [MESSAGE][PASSED] - Text '' is set on object 'Object Repository/RecAndPlayBk/Page-Vlink-AuthOnly/input_Card on File Indicator_card_on_file_i_157dae'

2023-02-15 23:26:32 - [TEST_STEP][PASSED] - setText(findTestObject("Object Repository/RecAndPlayBk/Page-Vlink-AuthOnly/input_Stored Credential Indicator_stored_cr_4ae73c"), ""): Text '' is set on object 'Object Repository/RecAndPlayBk/Page-Vlink-AuthOnly/input_Stored Credential Indicator_stored_cr_4ae73c'

2023-02-15 23:26:33 - [MESSAGE][PASSED] - Text '' is set on object 'Object Repository/RecAndPlayBk/Page-Vlink-AuthOnly/input_Stored Credential Indicator_stored_cr_4ae73c'

2023-02-15 23:26:33 - [TEST_STEP][PASSED] - setText(findTestObject("Object Repository/RecAndPlayBk/Page-Vlink-AuthOnly/input_COF Scheduled indicator_cof_scheduled_8df7d8"), ""): Text '' is set on object 'Object Repository/RecAndPlayBk/Page-Vlink-AuthOnly/input_COF Scheduled indicator_cof_scheduled_8df7d8'

2023-02-15 23:26:34 - [MESSAGE][PASSED] - Text '' is set on object 'Object Repository/RecAndPlayBk/Page-Vlink-AuthOnly/input_COF Scheduled indicator_cof_scheduled_8df7d8'

2023-02-15 23:26:34 - [TEST_STEP][PASSED] - setText(findTestObject("Object Repository/RecAndPlayBk/Page-Vlink-AuthOnly/input_COF Transaction Initiated by_cof_tran_6cded5"), ""): Text '' is set on object 'Object Repository/RecAndPlayBk/Page-Vlink-AuthOnly/input_COF Transaction Initiated by_cof_tran_6cded5'

2023-02-15 23:26:34 - [MESSAGE][PASSED] - Text '' is set on object 'Object Repository/RecAndPlayBk/Page-Vlink-AuthOnly/input_COF Transaction Initiated by_cof_tran_6cded5'

2023-02-15 23:26:34 - [TEST_STEP][PASSED] - click(findTestObject("Object Repository/RecAndPlayBk/Page-Vlink-AuthOnly/input")): Object: 'Object Repository/RecAndPlayBk/Page-Vlink-AuthOnly/input' is clicked on

2023-02-15 23:26:35 - [MESSAGE][PASSED] - Object: 'Object Repository/RecAndPlayBk/Page-Vlink-AuthOnly/input' is clicked on

2023-02-15 23:26:35 - [TEST_STEP][PASSED] - if (verifyTextPresent("Card type not valid", true)): null

2023-02-15 23:26:36 - [MESSAGE][PASSED] - Text 'Card type not valid' is present on page  using regular expression

2023-02-15 23:26:36 - [TEST_STEP][PASSED] - println("Card type not valid text is present on the Confirmation page"): null

2023-02-15 23:26:36 - [TEST_STEP][PASSED] - out.println("Pass Record Number: " + row): null

2023-02-15 23:26:36 - [TEST_STEP][PASSED] - resText = "Pass": null

2023-02-15 23:26:36 - [TEST_STEP][PASSED] - pages.WriteExcel.demoKey(resText, datText, resColumn, datCloumn, fileLoc, nameSheet, row): pages.WriteExcel.demoKey is PASSED

2023-02-15 23:26:36 - [MESSAGE][PASSED] - pages.WriteExcel.demoKey is PASSED

2023-02-15 23:26:36 - [TEST_STEP][PASSED] - ExecuteTC = findTestData(dataFile).getValue("Execute", row): null

2023-02-15 23:26:36 - [TEST_STEP][PASSED] - out.println("Value of Execute is : " + ExecuteTC): null

2023-02-15 23:26:36 - [TEST_STEP][PASSED] - switch (executionProfile): null

2023-02-15 23:26:36 - [TEST_STEP][PASSED] - case "QAProfile":: null

2023-02-15 23:26:36 - [TEST_STEP][PASSED] - appID = findTestData(dataFile).getValue("AppIDQA", row): null

2023-02-15 23:26:36 - [TEST_STEP][PASSED] - username = findTestData(dataFile).getValue("UsernameQA", row): null

2023-02-15 23:26:36 - [TEST_STEP][PASSED] - password = findTestData(dataFile).getValue("PasswordQA", row): null

2023-02-15 23:26:36 - [TEST_STEP][PASSED] - break: null

2023-02-15 23:26:36 - [TEST_STEP][PASSED] - if (ExecuteTC.equalsIgnoreCase("Y")): null

2023-02-15 23:26:36 - [TEST_STEP][PASSED] - out.println("Begin Record Number: " + row): null

2023-02-15 23:26:36 - [TEST_STEP][PASSED] - today = new java.util.Date(): null

2023-02-15 23:26:36 - [TEST_STEP][PASSED] - println(today): null

2023-02-15 23:26:36 - [TEST_STEP][PASSED] - datText = today: null

2023-02-15 23:26:36 - [TEST_STEP][PASSED] - category = findTestData(dataFile).getValue("Category", row): null

2023-02-15 23:26:36 - [TEST_STEP][PASSED] - amount = findTestData(dataFile).getValue("Amount", row): null

2023-02-15 23:26:36 - [TEST_STEP][PASSED] - cardNumber = findTestData(dataFile).getValue("CardNumber", row): null

2023-02-15 23:26:37 - [TEST_STEP][PASSED] - exM = findTestData(dataFile).getValue("ExM", row): null

2023-02-15 23:26:37 - [TEST_STEP][PASSED] - exY = findTestData(dataFile).getValue("ExY", row): null

2023-02-15 23:26:37 - [TEST_STEP][PASSED] - openBrowser(VLinkURL + "auth.html"): Browser is opened with url: 'https://dev-algorithm.govolution.com/vlinktest/QA/version_2_0/auth.html'

2023-02-15 23:26:37 - [MESSAGE][WARNING] - A browser is already opened. Closing browser and opening a new one

2023-02-15 23:26:38 - [MESSAGE][INFO] - Starting 'Chrome' driver

2023-02-15 23:26:38 - [MESSAGE][INFO] - User set preference: ['acceptInsecureCerts', 'true']

2023-02-15 23:26:38 - [MESSAGE][INFO] - Action delay is set to 0 milliseconds

2023-02-15 23:26:40 - [MESSAGE][PASSED] - Browser is opened with url: 'https://dev-algorithm.govolution.com/vlinktest/QA/version_2_0/auth.html'

2023-02-15 23:26:40 - [TEST_STEP][PASSED] - maximizeWindow(): Current window maximized

2023-02-15 23:26:40 - [MESSAGE][PASSED] - Current window maximized

2023-02-15 23:26:40 - [TEST_STEP][PASSED] - maximizeWindow(): Current window maximized

2023-02-15 23:26:40 - [MESSAGE][PASSED] - Current window maximized

2023-02-15 23:26:40 - [TEST_STEP][PASSED] - genRemID = RandomStringUtils.random(12, true, true): null

2023-02-15 23:26:40 - [TEST_STEP][PASSED] - setText(findTestObject("Object Repository/VLink/Page_CCSale/txt_RemID"), genRemID): Text 'qighCXxR3ln7' is set on object 'Object Repository/VLink/Page_CCSale/txt_RemID'

2023-02-15 23:26:41 - [MESSAGE][PASSED] - Text 'qighCXxR3ln7' is set on object 'Object Repository/VLink/Page_CCSale/txt_RemID'

2023-02-15 23:26:41 - [TEST_STEP][PASSED] - setText(findTestObject("Object Repository/RecAndPlayBk/Page-Vlink-AuthOnly/input_Remittance Id_remittance_id"), genRemID): Text 'qighCXxR3ln7' is set on object 'Object Repository/RecAndPlayBk/Page-Vlink-AuthOnly/input_Remittance Id_remittance_id'

2023-02-15 23:26:41 - [MESSAGE][PASSED] - Text 'qighCXxR3ln7' is set on object 'Object Repository/RecAndPlayBk/Page-Vlink-AuthOnly/input_Remittance Id_remittance_id'

2023-02-15 23:26:41 - [TEST_STEP][PASSED] - setText(findTestObject("Object Repository/RecAndPlayBk/Page-Vlink-AuthOnly/input_Application Id_application_id"), appID): Text '656' is set on object 'Object Repository/RecAndPlayBk/Page-Vlink-AuthOnly/input_Application Id_application_id'

2023-02-15 23:26:42 - [MESSAGE][PASSED] - Text '656' is set on object 'Object Repository/RecAndPlayBk/Page-Vlink-AuthOnly/input_Application Id_application_id'

2023-02-15 23:26:42 - [TEST_STEP][PASSED] - setText(findTestObject("Object Repository/RecAndPlayBk/Page-Vlink-AuthOnly/input_Username_username"), username): Text 'username' is set on object 'Object Repository/RecAndPlayBk/Page-Vlink-AuthOnly/input_Username_username'

2023-02-15 23:26:43 - [MESSAGE][PASSED] - Text 'username' is set on object 'Object Repository/RecAndPlayBk/Page-Vlink-AuthOnly/input_Username_username'

2023-02-15 23:26:43 - [TEST_STEP][PASSED] - setText(findTestObject("Object Repository/RecAndPlayBk/Page-Vlink-AuthOnly/input_Password_password"), password): Text 'password' is set on object 'Object Repository/RecAndPlayBk/Page-Vlink-AuthOnly/input_Password_password'

2023-02-15 23:26:43 - [MESSAGE][PASSED] - Text 'password' is set on object 'Object Repository/RecAndPlayBk/Page-Vlink-AuthOnly/input_Password_password'

2023-02-15 23:26:43 - [TEST_STEP][PASSED] - setText(findTestObject("Object Repository/RecAndPlayBk/Page-Vlink-AuthOnly/input_Category_category"), category): Text 'RETL' is set on object 'Object Repository/RecAndPlayBk/Page-Vlink-AuthOnly/input_Category_category'

2023-02-15 23:26:44 - [MESSAGE][PASSED] - Text 'RETL' is set on object 'Object Repository/RecAndPlayBk/Page-Vlink-AuthOnly/input_Category_category'

2023-02-15 23:26:44 - [TEST_STEP][PASSED] - setText(findTestObject("Object Repository/RecAndPlayBk/Page-Vlink-AuthOnly/input_Amount_amount"), amount): Text '10.5' is set on object 'Object Repository/RecAndPlayBk/Page-Vlink-AuthOnly/input_Amount_amount'

2023-02-15 23:26:44 - [MESSAGE][PASSED] - Text '10.5' is set on object 'Object Repository/RecAndPlayBk/Page-Vlink-AuthOnly/input_Amount_amount'

2023-02-15 23:26:44 - [TEST_STEP][PASSED] - doubleClick(findTestObject("Object Repository/RecAndPlayBk/Page-Vlink-AuthOnly/input_Card number_card_number")): Object: 'Object Repository/RecAndPlayBk/Page-Vlink-AuthOnly/input_Card number_card_number' is double clicked on

2023-02-15 23:26:45 - [MESSAGE][PASSED] - Object: 'Object Repository/RecAndPlayBk/Page-Vlink-AuthOnly/input_Card number_card_number' is double clicked on

2023-02-15 23:26:45 - [TEST_STEP][PASSED] - setText(findTestObject("Object Repository/RecAndPlayBk/Page-Vlink-AuthOnly/input_Card number_card_number"), cardNumber): Text '374245002771003' is set on object 'Object Repository/RecAndPlayBk/Page-Vlink-AuthOnly/input_Card number_card_number'

2023-02-15 23:26:45 - [MESSAGE][PASSED] - Text '374245002771003' is set on object 'Object Repository/RecAndPlayBk/Page-Vlink-AuthOnly/input_Card number_card_number'

2023-02-15 23:26:45 - [TEST_STEP][PASSED] - setText(findTestObject("Object Repository/RecAndPlayBk/Page-Vlink-AuthOnly/input_Card ex month_card_exmo"), exM): Text '12' is set on object 'Object Repository/RecAndPlayBk/Page-Vlink-AuthOnly/input_Card ex month_card_exmo'

2023-02-15 23:26:46 - [MESSAGE][PASSED] - Text '12' is set on object 'Object Repository/RecAndPlayBk/Page-Vlink-AuthOnly/input_Card ex month_card_exmo'

2023-02-15 23:26:46 - [TEST_STEP][PASSED] - setText(findTestObject("Object Repository/RecAndPlayBk/Page-Vlink-AuthOnly/input_Card ex year_card_exyr"), exY): Text '2029' is set on object 'Object Repository/RecAndPlayBk/Page-Vlink-AuthOnly/input_Card ex year_card_exyr'

2023-02-15 23:26:47 - [MESSAGE][PASSED] - Text '2029' is set on object 'Object Repository/RecAndPlayBk/Page-Vlink-AuthOnly/input_Card ex year_card_exyr'

2023-02-15 23:26:47 - [TEST_STEP][PASSED] - click(findTestObject("Object Repository/RecAndPlayBk/Page-Vlink-AuthOnly/input_Track Data_track_data")): Object: 'Object Repository/RecAndPlayBk/Page-Vlink-AuthOnly/input_Track Data_track_data' is clicked on

2023-02-15 23:26:47 - [MESSAGE][PASSED] - Object: 'Object Repository/RecAndPlayBk/Page-Vlink-AuthOnly/input_Track Data_track_data' is clicked on

2023-02-15 23:26:47 - [TEST_STEP][PASSED] - click(findTestObject("Object Repository/RecAndPlayBk/Page-Vlink-AuthOnly/input_CVV state_cvv_state")): Object: 'Object Repository/RecAndPlayBk/Page-Vlink-AuthOnly/input_CVV state_cvv_state' is clicked on

2023-02-15 23:26:47 - [MESSAGE][PASSED] - Object: 'Object Repository/RecAndPlayBk/Page-Vlink-AuthOnly/input_CVV state_cvv_state' is clicked on

2023-02-15 23:26:47 - [TEST_STEP][PASSED] - setText(findTestObject("Object Repository/RecAndPlayBk/Page-Vlink-AuthOnly/input_Track Data_track_data"), ""): Text '' is set on object 'Object Repository/RecAndPlayBk/Page-Vlink-AuthOnly/input_Track Data_track_data'

2023-02-15 23:26:48 - [MESSAGE][PASSED] - Text '' is set on object 'Object Repository/RecAndPlayBk/Page-Vlink-AuthOnly/input_Track Data_track_data'

2023-02-15 23:26:48 - [TEST_STEP][PASSED] - setText(findTestObject("Object Repository/RecAndPlayBk/Page-Vlink-AuthOnly/input_concat(Cardholder, , s email)_email"), ""): Text '' is set on object 'Object Repository/RecAndPlayBk/Page-Vlink-AuthOnly/input_concat(Cardholder, , s email)_email'

2023-02-15 23:26:49 - [MESSAGE][PASSED] - Text '' is set on object 'Object Repository/RecAndPlayBk/Page-Vlink-AuthOnly/input_concat(Cardholder, , s email)_email'

2023-02-15 23:26:49 - [TEST_STEP][PASSED] - click(findTestObject("Object Repository/RecAndPlayBk/Page-Vlink-AuthOnly/input_user_defined10_user_defined10")): Object: 'Object Repository/RecAndPlayBk/Page-Vlink-AuthOnly/input_user_defined10_user_defined10' is clicked on

2023-02-15 23:26:49 - [MESSAGE][PASSED] - Object: 'Object Repository/RecAndPlayBk/Page-Vlink-AuthOnly/input_user_defined10_user_defined10' is clicked on

2023-02-15 23:26:49 - [TEST_STEP][PASSED] - if (executionProfile.equalsIgnoreCase("QAProfile")): Text '' is set on object 'Object Repository/RecAndPlayBk/Page-Vlink-AuthOnly/input_COF Transaction Initiated by_cof_tran_6cded5'

2023-02-15 23:26:49 - [TEST_STEP][PASSED] - setText(findTestObject("Object Repository/RecAndPlayBk/Page-Vlink-AuthOnly/input_Card on File Indicator_card_on_file_i_157dae"), ""): Text '' is set on object 'Object Repository/RecAndPlayBk/Page-Vlink-AuthOnly/input_Card on File Indicator_card_on_file_i_157dae'

2023-02-15 23:26:50 - [MESSAGE][PASSED] - Text '' is set on object 'Object Repository/RecAndPlayBk/Page-Vlink-AuthOnly/input_Card on File Indicator_card_on_file_i_157dae'

2023-02-15 23:26:50 - [TEST_STEP][PASSED] - setText(findTestObject("Object Repository/RecAndPlayBk/Page-Vlink-AuthOnly/input_Stored Credential Indicator_stored_cr_4ae73c"), ""): Text '' is set on object 'Object Repository/RecAndPlayBk/Page-Vlink-AuthOnly/input_Stored Credential Indicator_stored_cr_4ae73c'

2023-02-15 23:26:50 - [MESSAGE][PASSED] - Text '' is set on object 'Object Repository/RecAndPlayBk/Page-Vlink-AuthOnly/input_Stored Credential Indicator_stored_cr_4ae73c'

2023-02-15 23:26:50 - [TEST_STEP][PASSED] - setText(findTestObject("Object Repository/RecAndPlayBk/Page-Vlink-AuthOnly/input_COF Scheduled indicator_cof_scheduled_8df7d8"), ""): Text '' is set on object 'Object Repository/RecAndPlayBk/Page-Vlink-AuthOnly/input_COF Scheduled indicator_cof_scheduled_8df7d8'

2023-02-15 23:26:51 - [MESSAGE][PASSED] - Text '' is set on object 'Object Repository/RecAndPlayBk/Page-Vlink-AuthOnly/input_COF Scheduled indicator_cof_scheduled_8df7d8'

2023-02-15 23:26:51 - [TEST_STEP][PASSED] - setText(findTestObject("Object Repository/RecAndPlayBk/Page-Vlink-AuthOnly/input_COF Transaction Initiated by_cof_tran_6cded5"), ""): Text '' is set on object 'Object Repository/RecAndPlayBk/Page-Vlink-AuthOnly/input_COF Transaction Initiated by_cof_tran_6cded5'

2023-02-15 23:26:52 - [MESSAGE][PASSED] - Text '' is set on object 'Object Repository/RecAndPlayBk/Page-Vlink-AuthOnly/input_COF Transaction Initiated by_cof_tran_6cded5'

2023-02-15 23:26:52 - [TEST_STEP][PASSED] - click(findTestObject("Object Repository/RecAndPlayBk/Page-Vlink-AuthOnly/input")): Object: 'Object Repository/RecAndPlayBk/Page-Vlink-AuthOnly/input' is clicked on

2023-02-15 23:26:53 - [MESSAGE][PASSED] - Object: 'Object Repository/RecAndPlayBk/Page-Vlink-AuthOnly/input' is clicked on

2023-02-15 23:26:53 - [TEST_STEP][PASSED] - if (verifyTextPresent("Card type not valid", true)): null

2023-02-15 23:26:53 - [MESSAGE][PASSED] - Text 'Card type not valid' is present on page  using regular expression

2023-02-15 23:26:53 - [TEST_STEP][PASSED] - println("Card type not valid text is present on the Confirmation page"): null

2023-02-15 23:26:53 - [TEST_STEP][PASSED] - out.println("Pass Record Number: " + row): null

2023-02-15 23:26:53 - [TEST_STEP][PASSED] - resText = "Pass": null

2023-02-15 23:26:53 - [TEST_STEP][PASSED] - pages.WriteExcel.demoKey(resText, datText, resColumn, datCloumn, fileLoc, nameSheet, row): pages.WriteExcel.demoKey is PASSED

2023-02-15 23:26:53 - [MESSAGE][PASSED] - pages.WriteExcel.demoKey is PASSED]]></system-out>
         <system-err><![CDATA[]]></system-err>
      </testcase>
      <testcase name="Test Cases/RecAndPlayBk/VLink/Sale-CardNotAccepted-Error" time="51.302" classname="Test Cases/RecAndPlayBk/VLink/Sale-CardNotAccepted-Error" status="PASSED">
         <system-out><![CDATA[2023-02-15 23:26:53 - [TEST_CASE][PASSED] - Test Cases/RecAndPlayBk/VLink/Sale-CardNotAccepted-Error: Test Cases/RecAndPlayBk/VLink/Sale-CardNotAccepted-Error

2023-02-15 23:26:54 - [TEST_STEP][PASSED] - executionProfile = getExecutionProfile(): null

2023-02-15 23:26:54 - [TEST_STEP][PASSED] - out.println("executionProfile : " + executionProfile): null

2023-02-15 23:26:54 - [TEST_STEP][PASSED] - appName = <not implemented yet for class: org.codehaus.groovy.ast.expr.EmptyExpression>: null

2023-02-15 23:26:54 - [TEST_STEP][PASSED] - appID = <not implemented yet for class: org.codehaus.groovy.ast.expr.EmptyExpression>: null

2023-02-15 23:26:54 - [TEST_STEP][PASSED] - username = <not implemented yet for class: org.codehaus.groovy.ast.expr.EmptyExpression>: null

2023-02-15 23:26:54 - [TEST_STEP][PASSED] - password = <not implemented yet for class: org.codehaus.groovy.ast.expr.EmptyExpression>: null

2023-02-15 23:26:54 - [TEST_STEP][PASSED] - cardNameV = <not implemented yet for class: org.codehaus.groovy.ast.expr.EmptyExpression>: null

2023-02-15 23:26:54 - [TEST_STEP][PASSED] - al1V = <not implemented yet for class: org.codehaus.groovy.ast.expr.EmptyExpression>: null

2023-02-15 23:26:54 - [TEST_STEP][PASSED] - al2V = <not implemented yet for class: org.codehaus.groovy.ast.expr.EmptyExpression>: null

2023-02-15 23:26:54 - [TEST_STEP][PASSED] - zipV = <not implemented yet for class: org.codehaus.groovy.ast.expr.EmptyExpression>: null

2023-02-15 23:26:54 - [TEST_STEP][PASSED] - cardTypeV = <not implemented yet for class: org.codehaus.groovy.ast.expr.EmptyExpression>: null

2023-02-15 23:26:54 - [TEST_STEP][PASSED] - last4V = <not implemented yet for class: org.codehaus.groovy.ast.expr.EmptyExpression>: null

2023-02-15 23:26:54 - [TEST_STEP][PASSED] - resText = "Fail": null

2023-02-15 23:26:54 - [TEST_STEP][PASSED] - resColumn = "Result": null

2023-02-15 23:26:54 - [TEST_STEP][PASSED] - datCloumn = "Date": null

2023-02-15 23:26:54 - [TEST_STEP][PASSED] - fileLoc = "KatalonData/VLinkSmokeData.xlsx": null

2023-02-15 23:26:54 - [TEST_STEP][PASSED] - numOfRows = <not implemented yet for class: org.codehaus.groovy.ast.expr.EmptyExpression>: null

2023-02-15 23:26:54 - [TEST_STEP][PASSED] - dataFile = <not implemented yet for class: org.codehaus.groovy.ast.expr.EmptyExpression>: null

2023-02-15 23:26:54 - [TEST_STEP][PASSED] - nameSheet = <not implemented yet for class: org.codehaus.groovy.ast.expr.EmptyExpression>: null

2023-02-15 23:26:54 - [TEST_STEP][PASSED] - nameSheet = "Sale-CardNotAccepted": null

2023-02-15 23:26:54 - [TEST_STEP][PASSED] - numOfRows = findTestData("QA/VLinkTestData/VLinkSaleCardNotAcceptedData").getRowNumbers(): null

2023-02-15 23:26:54 - [TEST_STEP][PASSED] - println("Number of Records: " + numOfRows): null

2023-02-15 23:26:54 - [TEST_STEP][PASSED] - dataFile = "QA/VLinkTestData/VLinkSaleCardNotAcceptedData": null

2023-02-15 23:26:54 - [TEST_STEP][PASSED] - for ([row = 1, row <= numOfRows, (row++)]): null

2023-02-15 23:26:54 - [TEST_STEP][PASSED] - ExecuteTC = findTestData(dataFile).getValue("Execute", row): null

2023-02-15 23:26:54 - [TEST_STEP][PASSED] - out.println("Value of Execute is : " + ExecuteTC): null

2023-02-15 23:26:54 - [TEST_STEP][PASSED] - switch (executionProfile): null

2023-02-15 23:26:54 - [TEST_STEP][PASSED] - case "QAProfile":: null

2023-02-15 23:26:54 - [TEST_STEP][PASSED] - appID = findTestData(dataFile).getValue("AppIDQA", row): null

2023-02-15 23:26:54 - [TEST_STEP][PASSED] - username = findTestData(dataFile).getValue("UsernameQA", row): null

2023-02-15 23:26:54 - [TEST_STEP][PASSED] - password = findTestData(dataFile).getValue("PasswordQA", row): null

2023-02-15 23:26:54 - [TEST_STEP][PASSED] - break: null

2023-02-15 23:26:54 - [TEST_STEP][PASSED] - if (ExecuteTC.equalsIgnoreCase("Y")): null

2023-02-15 23:26:54 - [TEST_STEP][PASSED] - out.println("Begin Record Number: " + row): null

2023-02-15 23:26:54 - [TEST_STEP][PASSED] - today = new java.util.Date(): null

2023-02-15 23:26:54 - [TEST_STEP][PASSED] - println(today): null

2023-02-15 23:26:54 - [TEST_STEP][PASSED] - datText = today: null

2023-02-15 23:26:54 - [TEST_STEP][PASSED] - category = findTestData(dataFile).getValue("Category", row): null

2023-02-15 23:26:54 - [TEST_STEP][PASSED] - amount = findTestData(dataFile).getValue("Amount", row): null

2023-02-15 23:26:54 - [TEST_STEP][PASSED] - cardNumber = findTestData(dataFile).getValue("CardNumber", row): null

2023-02-15 23:26:54 - [TEST_STEP][PASSED] - exM = findTestData(dataFile).getValue("ExM", row): null

2023-02-15 23:26:54 - [TEST_STEP][PASSED] - exY = findTestData(dataFile).getValue("ExY", row): null

2023-02-15 23:26:55 - [TEST_STEP][PASSED] - openBrowser(VLinkURL + "authcap.html"): Browser is opened with url: 'https://dev-algorithm.govolution.com/vlinktest/QA/version_2_0/authcap.html'

2023-02-15 23:26:55 - [MESSAGE][WARNING] - A browser is already opened. Closing browser and opening a new one

2023-02-15 23:26:55 - [MESSAGE][INFO] - Starting 'Chrome' driver

2023-02-15 23:26:55 - [MESSAGE][INFO] - User set preference: ['acceptInsecureCerts', 'true']

2023-02-15 23:26:55 - [MESSAGE][INFO] - Action delay is set to 0 milliseconds

2023-02-15 23:26:57 - [MESSAGE][PASSED] - Browser is opened with url: 'https://dev-algorithm.govolution.com/vlinktest/QA/version_2_0/authcap.html'

2023-02-15 23:26:57 - [TEST_STEP][PASSED] - maximizeWindow(): Current window maximized

2023-02-15 23:26:57 - [MESSAGE][PASSED] - Current window maximized

2023-02-15 23:26:57 - [TEST_STEP][PASSED] - maximizeWindow(): Current window maximized

2023-02-15 23:26:57 - [MESSAGE][PASSED] - Current window maximized

2023-02-15 23:26:57 - [TEST_STEP][PASSED] - genRemID = RandomStringUtils.random(12, true, true): null

2023-02-15 23:26:57 - [TEST_STEP][PASSED] - setText(findTestObject("Object Repository/RecAndPlayBk/Page-Vlink-Sale/input_Remittance Id_remittance_id"), genRemID): Text '2H5dziTFw7vg' is set on object 'Object Repository/RecAndPlayBk/Page-Vlink-Sale/input_Remittance Id_remittance_id'

2023-02-15 23:26:58 - [MESSAGE][PASSED] - Text '2H5dziTFw7vg' is set on object 'Object Repository/RecAndPlayBk/Page-Vlink-Sale/input_Remittance Id_remittance_id'

2023-02-15 23:26:58 - [TEST_STEP][PASSED] - setText(findTestObject("Object Repository/RecAndPlayBk/Page-Vlink-Sale/input_Application Id_application_id"), appID): Text '656' is set on object 'Object Repository/RecAndPlayBk/Page-Vlink-Sale/input_Application Id_application_id'

2023-02-15 23:26:59 - [MESSAGE][PASSED] - Text '656' is set on object 'Object Repository/RecAndPlayBk/Page-Vlink-Sale/input_Application Id_application_id'

2023-02-15 23:26:59 - [TEST_STEP][PASSED] - setText(findTestObject("Object Repository/RecAndPlayBk/Page-Vlink-Sale/input_Username_username"), username): Text 'username' is set on object 'Object Repository/RecAndPlayBk/Page-Vlink-Sale/input_Username_username'

2023-02-15 23:27:00 - [MESSAGE][PASSED] - Text 'username' is set on object 'Object Repository/RecAndPlayBk/Page-Vlink-Sale/input_Username_username'

2023-02-15 23:27:00 - [TEST_STEP][PASSED] - setText(findTestObject("Object Repository/RecAndPlayBk/Page-Vlink-Sale/input_Password_password"), password): Text 'password' is set on object 'Object Repository/RecAndPlayBk/Page-Vlink-Sale/input_Password_password'

2023-02-15 23:27:00 - [MESSAGE][PASSED] - Text 'password' is set on object 'Object Repository/RecAndPlayBk/Page-Vlink-Sale/input_Password_password'

2023-02-15 23:27:00 - [TEST_STEP][PASSED] - setText(findTestObject("Object Repository/RecAndPlayBk/Page-Vlink-Sale/input_Category_category"), category): Text 'ECOM' is set on object 'Object Repository/RecAndPlayBk/Page-Vlink-Sale/input_Category_category'

2023-02-15 23:27:01 - [MESSAGE][PASSED] - Text 'ECOM' is set on object 'Object Repository/RecAndPlayBk/Page-Vlink-Sale/input_Category_category'

2023-02-15 23:27:01 - [TEST_STEP][PASSED] - setText(findTestObject("Object Repository/RecAndPlayBk/Page-Vlink-Sale/input_Amount_amount"), amount): Text '10.5' is set on object 'Object Repository/RecAndPlayBk/Page-Vlink-Sale/input_Amount_amount'

2023-02-15 23:27:02 - [MESSAGE][PASSED] - Text '10.5' is set on object 'Object Repository/RecAndPlayBk/Page-Vlink-Sale/input_Amount_amount'

2023-02-15 23:27:02 - [TEST_STEP][PASSED] - doubleClick(findTestObject("Object Repository/RecAndPlayBk/Page-Vlink-Sale/input_Card number_card_number")): Object: 'Object Repository/RecAndPlayBk/Page-Vlink-Sale/input_Card number_card_number' is double clicked on

2023-02-15 23:27:02 - [MESSAGE][PASSED] - Object: 'Object Repository/RecAndPlayBk/Page-Vlink-Sale/input_Card number_card_number' is double clicked on

2023-02-15 23:27:02 - [TEST_STEP][PASSED] - setText(findTestObject("Object Repository/RecAndPlayBk/Page-Vlink-Sale/input_Card number_card_number"), cardNumber): Text '374245002771003' is set on object 'Object Repository/RecAndPlayBk/Page-Vlink-Sale/input_Card number_card_number'

2023-02-15 23:27:03 - [MESSAGE][PASSED] - Text '374245002771003' is set on object 'Object Repository/RecAndPlayBk/Page-Vlink-Sale/input_Card number_card_number'

2023-02-15 23:27:03 - [TEST_STEP][PASSED] - setText(findTestObject("Object Repository/RecAndPlayBk/Page-Vlink-Sale/input_Card ex month_card_exmo"), exM): Text '12' is set on object 'Object Repository/RecAndPlayBk/Page-Vlink-Sale/input_Card ex month_card_exmo'

2023-02-15 23:27:04 - [MESSAGE][PASSED] - Text '12' is set on object 'Object Repository/RecAndPlayBk/Page-Vlink-Sale/input_Card ex month_card_exmo'

2023-02-15 23:27:04 - [TEST_STEP][PASSED] - setText(findTestObject("Object Repository/RecAndPlayBk/Page-Vlink-Sale/input_Card ex year_card_exyr"), exY): Text '2029' is set on object 'Object Repository/RecAndPlayBk/Page-Vlink-Sale/input_Card ex year_card_exyr'

2023-02-15 23:27:04 - [MESSAGE][PASSED] - Text '2029' is set on object 'Object Repository/RecAndPlayBk/Page-Vlink-Sale/input_Card ex year_card_exyr'

2023-02-15 23:27:04 - [TEST_STEP][PASSED] - click(findTestObject("Object Repository/RecAndPlayBk/Page-Vlink-Sale/input_Track Data_track_data")): Object: 'Object Repository/RecAndPlayBk/Page-Vlink-Sale/input_Track Data_track_data' is clicked on

2023-02-15 23:27:05 - [MESSAGE][PASSED] - Object: 'Object Repository/RecAndPlayBk/Page-Vlink-Sale/input_Track Data_track_data' is clicked on

2023-02-15 23:27:05 - [TEST_STEP][PASSED] - click(findTestObject("Object Repository/RecAndPlayBk/Page-Vlink-Sale/input_CVV state_cvv_state")): Object: 'Object Repository/RecAndPlayBk/Page-Vlink-Sale/input_CVV state_cvv_state' is clicked on

2023-02-15 23:27:05 - [MESSAGE][PASSED] - Object: 'Object Repository/RecAndPlayBk/Page-Vlink-Sale/input_CVV state_cvv_state' is clicked on

2023-02-15 23:27:05 - [TEST_STEP][PASSED] - setText(findTestObject("Object Repository/RecAndPlayBk/Page-Vlink-Sale/input_Track Data_track_data"), ""): Text '' is set on object 'Object Repository/RecAndPlayBk/Page-Vlink-Sale/input_Track Data_track_data'

2023-02-15 23:27:06 - [MESSAGE][PASSED] - Text '' is set on object 'Object Repository/RecAndPlayBk/Page-Vlink-Sale/input_Track Data_track_data'

2023-02-15 23:27:06 - [TEST_STEP][PASSED] - setText(findTestObject("Object Repository/RecAndPlayBk/Page-Vlink-Sale/input_concat(Cardholder, , s email)_email"), ""): Text '' is set on object 'Object Repository/RecAndPlayBk/Page-Vlink-Sale/input_concat(Cardholder, , s email)_email'

2023-02-15 23:27:06 - [MESSAGE][PASSED] - Text '' is set on object 'Object Repository/RecAndPlayBk/Page-Vlink-Sale/input_concat(Cardholder, , s email)_email'

2023-02-15 23:27:06 - [TEST_STEP][PASSED] - click(findTestObject("Object Repository/RecAndPlayBk/Page-Vlink-Sale/input_user_defined10_user_defined10")): Object: 'Object Repository/RecAndPlayBk/Page-Vlink-Sale/input_user_defined10_user_defined10' is clicked on

2023-02-15 23:27:07 - [MESSAGE][PASSED] - Object: 'Object Repository/RecAndPlayBk/Page-Vlink-Sale/input_user_defined10_user_defined10' is clicked on

2023-02-15 23:27:07 - [TEST_STEP][PASSED] - if (executionProfile.equalsIgnoreCase("QAProfile") || executionProfile.equalsIgnoreCase("DemoProfile")): Text '' is set on object 'Object Repository/RecAndPlayBk/Page-Vlink-Sale/input_COF Transaction Initiated by_cof_tran_6cded5'

2023-02-15 23:27:07 - [TEST_STEP][PASSED] - setText(findTestObject("Object Repository/RecAndPlayBk/Page-Vlink-Sale/input_Card on File Indicator_card_on_file_i_157dae"), ""): Text '' is set on object 'Object Repository/RecAndPlayBk/Page-Vlink-Sale/input_Card on File Indicator_card_on_file_i_157dae'

2023-02-15 23:27:07 - [MESSAGE][PASSED] - Text '' is set on object 'Object Repository/RecAndPlayBk/Page-Vlink-Sale/input_Card on File Indicator_card_on_file_i_157dae'

2023-02-15 23:27:07 - [TEST_STEP][PASSED] - setText(findTestObject("Object Repository/RecAndPlayBk/Page-Vlink-Sale/input_Stored Credential Indicator_stored_cr_4ae73c"), ""): Text '' is set on object 'Object Repository/RecAndPlayBk/Page-Vlink-Sale/input_Stored Credential Indicator_stored_cr_4ae73c'

2023-02-15 23:27:08 - [MESSAGE][PASSED] - Text '' is set on object 'Object Repository/RecAndPlayBk/Page-Vlink-Sale/input_Stored Credential Indicator_stored_cr_4ae73c'

2023-02-15 23:27:08 - [TEST_STEP][PASSED] - setText(findTestObject("Object Repository/RecAndPlayBk/Page-Vlink-Sale/input_COF Scheduled indicator_cof_scheduled_8df7d8"), ""): Text '' is set on object 'Object Repository/RecAndPlayBk/Page-Vlink-Sale/input_COF Scheduled indicator_cof_scheduled_8df7d8'

2023-02-15 23:27:09 - [MESSAGE][PASSED] - Text '' is set on object 'Object Repository/RecAndPlayBk/Page-Vlink-Sale/input_COF Scheduled indicator_cof_scheduled_8df7d8'

2023-02-15 23:27:09 - [TEST_STEP][PASSED] - setText(findTestObject("Object Repository/RecAndPlayBk/Page-Vlink-Sale/input_COF Transaction Initiated by_cof_tran_6cded5"), ""): Text '' is set on object 'Object Repository/RecAndPlayBk/Page-Vlink-Sale/input_COF Transaction Initiated by_cof_tran_6cded5'

2023-02-15 23:27:09 - [MESSAGE][PASSED] - Text '' is set on object 'Object Repository/RecAndPlayBk/Page-Vlink-Sale/input_COF Transaction Initiated by_cof_tran_6cded5'

2023-02-15 23:27:09 - [TEST_STEP][PASSED] - click(findTestObject("Object Repository/RecAndPlayBk/Page-Vlink-Sale/input")): Object: 'Object Repository/RecAndPlayBk/Page-Vlink-Sale/input' is clicked on

2023-02-15 23:27:10 - [MESSAGE][PASSED] - Object: 'Object Repository/RecAndPlayBk/Page-Vlink-Sale/input' is clicked on

2023-02-15 23:27:10 - [TEST_STEP][PASSED] - if (verifyTextPresent("Card type not valid", true)): null

2023-02-15 23:27:11 - [MESSAGE][PASSED] - Text 'Card type not valid' is present on page  using regular expression

2023-02-15 23:27:11 - [TEST_STEP][PASSED] - println("Card type not valid text is present on the Confirmation page"): null

2023-02-15 23:27:11 - [TEST_STEP][PASSED] - out.println("Pass Record Number: " + row): null

2023-02-15 23:27:11 - [TEST_STEP][PASSED] - resText = "Pass": null

2023-02-15 23:27:11 - [TEST_STEP][PASSED] - pages.WriteExcel.demoKey(resText, datText, resColumn, datCloumn, fileLoc, nameSheet, row): pages.WriteExcel.demoKey is PASSED

2023-02-15 23:27:11 - [MESSAGE][PASSED] - pages.WriteExcel.demoKey is PASSED

2023-02-15 23:27:11 - [TEST_STEP][PASSED] - ExecuteTC = findTestData(dataFile).getValue("Execute", row): null

2023-02-15 23:27:11 - [TEST_STEP][PASSED] - out.println("Value of Execute is : " + ExecuteTC): null

2023-02-15 23:27:11 - [TEST_STEP][PASSED] - switch (executionProfile): null

2023-02-15 23:27:11 - [TEST_STEP][PASSED] - case "QAProfile":: null

2023-02-15 23:27:11 - [TEST_STEP][PASSED] - appID = findTestData(dataFile).getValue("AppIDQA", row): null

2023-02-15 23:27:11 - [TEST_STEP][PASSED] - username = findTestData(dataFile).getValue("UsernameQA", row): null

2023-02-15 23:27:12 - [TEST_STEP][PASSED] - password = findTestData(dataFile).getValue("PasswordQA", row): null

2023-02-15 23:27:12 - [TEST_STEP][PASSED] - break: null

2023-02-15 23:27:12 - [TEST_STEP][PASSED] - if (ExecuteTC.equalsIgnoreCase("Y")): null

2023-02-15 23:27:12 - [TEST_STEP][PASSED] - out.println("Begin Record Number: " + row): null

2023-02-15 23:27:12 - [TEST_STEP][PASSED] - today = new java.util.Date(): null

2023-02-15 23:27:12 - [TEST_STEP][PASSED] - println(today): null

2023-02-15 23:27:12 - [TEST_STEP][PASSED] - datText = today: null

2023-02-15 23:27:12 - [TEST_STEP][PASSED] - category = findTestData(dataFile).getValue("Category", row): null

2023-02-15 23:27:12 - [TEST_STEP][PASSED] - amount = findTestData(dataFile).getValue("Amount", row): null

2023-02-15 23:27:12 - [TEST_STEP][PASSED] - cardNumber = findTestData(dataFile).getValue("CardNumber", row): null

2023-02-15 23:27:12 - [TEST_STEP][PASSED] - exM = findTestData(dataFile).getValue("ExM", row): null

2023-02-15 23:27:12 - [TEST_STEP][PASSED] - exY = findTestData(dataFile).getValue("ExY", row): null

2023-02-15 23:27:12 - [TEST_STEP][PASSED] - openBrowser(VLinkURL + "authcap.html"): Browser is opened with url: 'https://dev-algorithm.govolution.com/vlinktest/QA/version_2_0/authcap.html'

2023-02-15 23:27:12 - [MESSAGE][WARNING] - A browser is already opened. Closing browser and opening a new one

2023-02-15 23:27:13 - [MESSAGE][INFO] - Starting 'Chrome' driver

2023-02-15 23:27:13 - [MESSAGE][INFO] - User set preference: ['acceptInsecureCerts', 'true']

2023-02-15 23:27:13 - [MESSAGE][INFO] - Action delay is set to 0 milliseconds

2023-02-15 23:27:15 - [MESSAGE][PASSED] - Browser is opened with url: 'https://dev-algorithm.govolution.com/vlinktest/QA/version_2_0/authcap.html'

2023-02-15 23:27:15 - [TEST_STEP][PASSED] - maximizeWindow(): Current window maximized

2023-02-15 23:27:15 - [MESSAGE][PASSED] - Current window maximized

2023-02-15 23:27:15 - [TEST_STEP][PASSED] - maximizeWindow(): Current window maximized

2023-02-15 23:27:15 - [MESSAGE][PASSED] - Current window maximized

2023-02-15 23:27:15 - [TEST_STEP][PASSED] - genRemID = RandomStringUtils.random(12, true, true): null

2023-02-15 23:27:15 - [TEST_STEP][PASSED] - setText(findTestObject("Object Repository/RecAndPlayBk/Page-Vlink-Sale/input_Remittance Id_remittance_id"), genRemID): Text 'AapWQr3tpBq4' is set on object 'Object Repository/RecAndPlayBk/Page-Vlink-Sale/input_Remittance Id_remittance_id'

2023-02-15 23:27:16 - [MESSAGE][PASSED] - Text 'AapWQr3tpBq4' is set on object 'Object Repository/RecAndPlayBk/Page-Vlink-Sale/input_Remittance Id_remittance_id'

2023-02-15 23:27:16 - [TEST_STEP][PASSED] - setText(findTestObject("Object Repository/RecAndPlayBk/Page-Vlink-Sale/input_Application Id_application_id"), appID): Text '656' is set on object 'Object Repository/RecAndPlayBk/Page-Vlink-Sale/input_Application Id_application_id'

2023-02-15 23:27:17 - [MESSAGE][PASSED] - Text '656' is set on object 'Object Repository/RecAndPlayBk/Page-Vlink-Sale/input_Application Id_application_id'

2023-02-15 23:27:17 - [TEST_STEP][PASSED] - setText(findTestObject("Object Repository/RecAndPlayBk/Page-Vlink-Sale/input_Username_username"), username): Text 'username' is set on object 'Object Repository/RecAndPlayBk/Page-Vlink-Sale/input_Username_username'

2023-02-15 23:27:17 - [MESSAGE][PASSED] - Text 'username' is set on object 'Object Repository/RecAndPlayBk/Page-Vlink-Sale/input_Username_username'

2023-02-15 23:27:17 - [TEST_STEP][PASSED] - setText(findTestObject("Object Repository/RecAndPlayBk/Page-Vlink-Sale/input_Password_password"), password): Text 'password' is set on object 'Object Repository/RecAndPlayBk/Page-Vlink-Sale/input_Password_password'

2023-02-15 23:27:18 - [MESSAGE][PASSED] - Text 'password' is set on object 'Object Repository/RecAndPlayBk/Page-Vlink-Sale/input_Password_password'

2023-02-15 23:27:18 - [TEST_STEP][PASSED] - setText(findTestObject("Object Repository/RecAndPlayBk/Page-Vlink-Sale/input_Category_category"), category): Text 'MOTO' is set on object 'Object Repository/RecAndPlayBk/Page-Vlink-Sale/input_Category_category'

2023-02-15 23:27:18 - [MESSAGE][PASSED] - Text 'MOTO' is set on object 'Object Repository/RecAndPlayBk/Page-Vlink-Sale/input_Category_category'

2023-02-15 23:27:18 - [TEST_STEP][PASSED] - setText(findTestObject("Object Repository/RecAndPlayBk/Page-Vlink-Sale/input_Amount_amount"), amount): Text '10.5' is set on object 'Object Repository/RecAndPlayBk/Page-Vlink-Sale/input_Amount_amount'

2023-02-15 23:27:19 - [MESSAGE][PASSED] - Text '10.5' is set on object 'Object Repository/RecAndPlayBk/Page-Vlink-Sale/input_Amount_amount'

2023-02-15 23:27:19 - [TEST_STEP][PASSED] - doubleClick(findTestObject("Object Repository/RecAndPlayBk/Page-Vlink-Sale/input_Card number_card_number")): Object: 'Object Repository/RecAndPlayBk/Page-Vlink-Sale/input_Card number_card_number' is double clicked on

2023-02-15 23:27:19 - [MESSAGE][PASSED] - Object: 'Object Repository/RecAndPlayBk/Page-Vlink-Sale/input_Card number_card_number' is double clicked on

2023-02-15 23:27:19 - [TEST_STEP][PASSED] - setText(findTestObject("Object Repository/RecAndPlayBk/Page-Vlink-Sale/input_Card number_card_number"), cardNumber): Text '374245002771003' is set on object 'Object Repository/RecAndPlayBk/Page-Vlink-Sale/input_Card number_card_number'

2023-02-15 23:27:20 - [MESSAGE][PASSED] - Text '374245002771003' is set on object 'Object Repository/RecAndPlayBk/Page-Vlink-Sale/input_Card number_card_number'

2023-02-15 23:27:20 - [TEST_STEP][PASSED] - setText(findTestObject("Object Repository/RecAndPlayBk/Page-Vlink-Sale/input_Card ex month_card_exmo"), exM): Text '12' is set on object 'Object Repository/RecAndPlayBk/Page-Vlink-Sale/input_Card ex month_card_exmo'

2023-02-15 23:27:21 - [MESSAGE][PASSED] - Text '12' is set on object 'Object Repository/RecAndPlayBk/Page-Vlink-Sale/input_Card ex month_card_exmo'

2023-02-15 23:27:21 - [TEST_STEP][PASSED] - setText(findTestObject("Object Repository/RecAndPlayBk/Page-Vlink-Sale/input_Card ex year_card_exyr"), exY): Text '2029' is set on object 'Object Repository/RecAndPlayBk/Page-Vlink-Sale/input_Card ex year_card_exyr'

2023-02-15 23:27:21 - [MESSAGE][PASSED] - Text '2029' is set on object 'Object Repository/RecAndPlayBk/Page-Vlink-Sale/input_Card ex year_card_exyr'

2023-02-15 23:27:21 - [TEST_STEP][PASSED] - click(findTestObject("Object Repository/RecAndPlayBk/Page-Vlink-Sale/input_Track Data_track_data")): Object: 'Object Repository/RecAndPlayBk/Page-Vlink-Sale/input_Track Data_track_data' is clicked on

2023-02-15 23:27:22 - [MESSAGE][PASSED] - Object: 'Object Repository/RecAndPlayBk/Page-Vlink-Sale/input_Track Data_track_data' is clicked on

2023-02-15 23:27:22 - [TEST_STEP][PASSED] - click(findTestObject("Object Repository/RecAndPlayBk/Page-Vlink-Sale/input_CVV state_cvv_state")): Object: 'Object Repository/RecAndPlayBk/Page-Vlink-Sale/input_CVV state_cvv_state' is clicked on

2023-02-15 23:27:22 - [MESSAGE][PASSED] - Object: 'Object Repository/RecAndPlayBk/Page-Vlink-Sale/input_CVV state_cvv_state' is clicked on

2023-02-15 23:27:22 - [TEST_STEP][PASSED] - setText(findTestObject("Object Repository/RecAndPlayBk/Page-Vlink-Sale/input_Track Data_track_data"), ""): Text '' is set on object 'Object Repository/RecAndPlayBk/Page-Vlink-Sale/input_Track Data_track_data'

2023-02-15 23:27:23 - [MESSAGE][PASSED] - Text '' is set on object 'Object Repository/RecAndPlayBk/Page-Vlink-Sale/input_Track Data_track_data'

2023-02-15 23:27:23 - [TEST_STEP][PASSED] - setText(findTestObject("Object Repository/RecAndPlayBk/Page-Vlink-Sale/input_concat(Cardholder, , s email)_email"), ""): Text '' is set on object 'Object Repository/RecAndPlayBk/Page-Vlink-Sale/input_concat(Cardholder, , s email)_email'

2023-02-15 23:27:23 - [MESSAGE][PASSED] - Text '' is set on object 'Object Repository/RecAndPlayBk/Page-Vlink-Sale/input_concat(Cardholder, , s email)_email'

2023-02-15 23:27:23 - [TEST_STEP][PASSED] - click(findTestObject("Object Repository/RecAndPlayBk/Page-Vlink-Sale/input_user_defined10_user_defined10")): Object: 'Object Repository/RecAndPlayBk/Page-Vlink-Sale/input_user_defined10_user_defined10' is clicked on

2023-02-15 23:27:24 - [MESSAGE][PASSED] - Object: 'Object Repository/RecAndPlayBk/Page-Vlink-Sale/input_user_defined10_user_defined10' is clicked on

2023-02-15 23:27:24 - [TEST_STEP][PASSED] - if (executionProfile.equalsIgnoreCase("QAProfile") || executionProfile.equalsIgnoreCase("DemoProfile")): Text '' is set on object 'Object Repository/RecAndPlayBk/Page-Vlink-Sale/input_COF Transaction Initiated by_cof_tran_6cded5'

2023-02-15 23:27:24 - [TEST_STEP][PASSED] - setText(findTestObject("Object Repository/RecAndPlayBk/Page-Vlink-Sale/input_Card on File Indicator_card_on_file_i_157dae"), ""): Text '' is set on object 'Object Repository/RecAndPlayBk/Page-Vlink-Sale/input_Card on File Indicator_card_on_file_i_157dae'

2023-02-15 23:27:24 - [MESSAGE][PASSED] - Text '' is set on object 'Object Repository/RecAndPlayBk/Page-Vlink-Sale/input_Card on File Indicator_card_on_file_i_157dae'

2023-02-15 23:27:24 - [TEST_STEP][PASSED] - setText(findTestObject("Object Repository/RecAndPlayBk/Page-Vlink-Sale/input_Stored Credential Indicator_stored_cr_4ae73c"), ""): Text '' is set on object 'Object Repository/RecAndPlayBk/Page-Vlink-Sale/input_Stored Credential Indicator_stored_cr_4ae73c'

2023-02-15 23:27:25 - [MESSAGE][PASSED] - Text '' is set on object 'Object Repository/RecAndPlayBk/Page-Vlink-Sale/input_Stored Credential Indicator_stored_cr_4ae73c'

2023-02-15 23:27:25 - [TEST_STEP][PASSED] - setText(findTestObject("Object Repository/RecAndPlayBk/Page-Vlink-Sale/input_COF Scheduled indicator_cof_scheduled_8df7d8"), ""): Text '' is set on object 'Object Repository/RecAndPlayBk/Page-Vlink-Sale/input_COF Scheduled indicator_cof_scheduled_8df7d8'

2023-02-15 23:27:26 - [MESSAGE][PASSED] - Text '' is set on object 'Object Repository/RecAndPlayBk/Page-Vlink-Sale/input_COF Scheduled indicator_cof_scheduled_8df7d8'

2023-02-15 23:27:26 - [TEST_STEP][PASSED] - setText(findTestObject("Object Repository/RecAndPlayBk/Page-Vlink-Sale/input_COF Transaction Initiated by_cof_tran_6cded5"), ""): Text '' is set on object 'Object Repository/RecAndPlayBk/Page-Vlink-Sale/input_COF Transaction Initiated by_cof_tran_6cded5'

2023-02-15 23:27:26 - [MESSAGE][PASSED] - Text '' is set on object 'Object Repository/RecAndPlayBk/Page-Vlink-Sale/input_COF Transaction Initiated by_cof_tran_6cded5'

2023-02-15 23:27:26 - [TEST_STEP][PASSED] - click(findTestObject("Object Repository/RecAndPlayBk/Page-Vlink-Sale/input")): Object: 'Object Repository/RecAndPlayBk/Page-Vlink-Sale/input' is clicked on

2023-02-15 23:27:27 - [MESSAGE][PASSED] - Object: 'Object Repository/RecAndPlayBk/Page-Vlink-Sale/input' is clicked on

2023-02-15 23:27:27 - [TEST_STEP][PASSED] - if (verifyTextPresent("Card type not valid", true)): null

2023-02-15 23:27:27 - [MESSAGE][PASSED] - Text 'Card type not valid' is present on page  using regular expression

2023-02-15 23:27:27 - [TEST_STEP][PASSED] - println("Card type not valid text is present on the Confirmation page"): null

2023-02-15 23:27:27 - [TEST_STEP][PASSED] - out.println("Pass Record Number: " + row): null

2023-02-15 23:27:27 - [TEST_STEP][PASSED] - resText = "Pass": null

2023-02-15 23:27:27 - [TEST_STEP][PASSED] - pages.WriteExcel.demoKey(resText, datText, resColumn, datCloumn, fileLoc, nameSheet, row): pages.WriteExcel.demoKey is PASSED

2023-02-15 23:27:28 - [MESSAGE][PASSED] - pages.WriteExcel.demoKey is PASSED

2023-02-15 23:27:28 - [TEST_STEP][PASSED] - ExecuteTC = findTestData(dataFile).getValue("Execute", row): null

2023-02-15 23:27:28 - [TEST_STEP][PASSED] - out.println("Value of Execute is : " + ExecuteTC): null

2023-02-15 23:27:28 - [TEST_STEP][PASSED] - switch (executionProfile): null

2023-02-15 23:27:28 - [TEST_STEP][PASSED] - case "QAProfile":: null

2023-02-15 23:27:28 - [TEST_STEP][PASSED] - appID = findTestData(dataFile).getValue("AppIDQA", row): null

2023-02-15 23:27:28 - [TEST_STEP][PASSED] - username = findTestData(dataFile).getValue("UsernameQA", row): null

2023-02-15 23:27:28 - [TEST_STEP][PASSED] - password = findTestData(dataFile).getValue("PasswordQA", row): null

2023-02-15 23:27:29 - [TEST_STEP][PASSED] - break: null

2023-02-15 23:27:29 - [TEST_STEP][PASSED] - if (ExecuteTC.equalsIgnoreCase("Y")): null

2023-02-15 23:27:29 - [TEST_STEP][PASSED] - out.println("Begin Record Number: " + row): null

2023-02-15 23:27:29 - [TEST_STEP][PASSED] - today = new java.util.Date(): null

2023-02-15 23:27:29 - [TEST_STEP][PASSED] - println(today): null

2023-02-15 23:27:29 - [TEST_STEP][PASSED] - datText = today: null

2023-02-15 23:27:29 - [TEST_STEP][PASSED] - category = findTestData(dataFile).getValue("Category", row): null

2023-02-15 23:27:29 - [TEST_STEP][PASSED] - amount = findTestData(dataFile).getValue("Amount", row): null

2023-02-15 23:27:29 - [TEST_STEP][PASSED] - cardNumber = findTestData(dataFile).getValue("CardNumber", row): null

2023-02-15 23:27:29 - [TEST_STEP][PASSED] - exM = findTestData(dataFile).getValue("ExM", row): null

2023-02-15 23:27:29 - [TEST_STEP][PASSED] - exY = findTestData(dataFile).getValue("ExY", row): null

2023-02-15 23:27:29 - [TEST_STEP][PASSED] - openBrowser(VLinkURL + "authcap.html"): Browser is opened with url: 'https://dev-algorithm.govolution.com/vlinktest/QA/version_2_0/authcap.html'

2023-02-15 23:27:29 - [MESSAGE][WARNING] - A browser is already opened. Closing browser and opening a new one

2023-02-15 23:27:30 - [MESSAGE][INFO] - Starting 'Chrome' driver

2023-02-15 23:27:30 - [MESSAGE][INFO] - User set preference: ['acceptInsecureCerts', 'true']

2023-02-15 23:27:30 - [MESSAGE][INFO] - Action delay is set to 0 milliseconds

2023-02-15 23:27:32 - [MESSAGE][PASSED] - Browser is opened with url: 'https://dev-algorithm.govolution.com/vlinktest/QA/version_2_0/authcap.html'

2023-02-15 23:27:32 - [TEST_STEP][PASSED] - maximizeWindow(): Current window maximized

2023-02-15 23:27:32 - [MESSAGE][PASSED] - Current window maximized

2023-02-15 23:27:32 - [TEST_STEP][PASSED] - maximizeWindow(): Current window maximized

2023-02-15 23:27:32 - [MESSAGE][PASSED] - Current window maximized

2023-02-15 23:27:32 - [TEST_STEP][PASSED] - genRemID = RandomStringUtils.random(12, true, true): null

2023-02-15 23:27:32 - [TEST_STEP][PASSED] - setText(findTestObject("Object Repository/RecAndPlayBk/Page-Vlink-Sale/input_Remittance Id_remittance_id"), genRemID): Text 'IjMj50BmXj3s' is set on object 'Object Repository/RecAndPlayBk/Page-Vlink-Sale/input_Remittance Id_remittance_id'

2023-02-15 23:27:33 - [MESSAGE][PASSED] - Text 'IjMj50BmXj3s' is set on object 'Object Repository/RecAndPlayBk/Page-Vlink-Sale/input_Remittance Id_remittance_id'

2023-02-15 23:27:33 - [TEST_STEP][PASSED] - setText(findTestObject("Object Repository/RecAndPlayBk/Page-Vlink-Sale/input_Application Id_application_id"), appID): Text '656' is set on object 'Object Repository/RecAndPlayBk/Page-Vlink-Sale/input_Application Id_application_id'

2023-02-15 23:27:33 - [MESSAGE][PASSED] - Text '656' is set on object 'Object Repository/RecAndPlayBk/Page-Vlink-Sale/input_Application Id_application_id'

2023-02-15 23:27:33 - [TEST_STEP][PASSED] - setText(findTestObject("Object Repository/RecAndPlayBk/Page-Vlink-Sale/input_Username_username"), username): Text 'username' is set on object 'Object Repository/RecAndPlayBk/Page-Vlink-Sale/input_Username_username'

2023-02-15 23:27:34 - [MESSAGE][PASSED] - Text 'username' is set on object 'Object Repository/RecAndPlayBk/Page-Vlink-Sale/input_Username_username'

2023-02-15 23:27:34 - [TEST_STEP][PASSED] - setText(findTestObject("Object Repository/RecAndPlayBk/Page-Vlink-Sale/input_Password_password"), password): Text 'password' is set on object 'Object Repository/RecAndPlayBk/Page-Vlink-Sale/input_Password_password'

2023-02-15 23:27:35 - [MESSAGE][PASSED] - Text 'password' is set on object 'Object Repository/RecAndPlayBk/Page-Vlink-Sale/input_Password_password'

2023-02-15 23:27:35 - [TEST_STEP][PASSED] - setText(findTestObject("Object Repository/RecAndPlayBk/Page-Vlink-Sale/input_Category_category"), category): Text 'RETL' is set on object 'Object Repository/RecAndPlayBk/Page-Vlink-Sale/input_Category_category'

2023-02-15 23:27:35 - [MESSAGE][PASSED] - Text 'RETL' is set on object 'Object Repository/RecAndPlayBk/Page-Vlink-Sale/input_Category_category'

2023-02-15 23:27:35 - [TEST_STEP][PASSED] - setText(findTestObject("Object Repository/RecAndPlayBk/Page-Vlink-Sale/input_Amount_amount"), amount): Text '10.5' is set on object 'Object Repository/RecAndPlayBk/Page-Vlink-Sale/input_Amount_amount'

2023-02-15 23:27:36 - [MESSAGE][PASSED] - Text '10.5' is set on object 'Object Repository/RecAndPlayBk/Page-Vlink-Sale/input_Amount_amount'

2023-02-15 23:27:36 - [TEST_STEP][PASSED] - doubleClick(findTestObject("Object Repository/RecAndPlayBk/Page-Vlink-Sale/input_Card number_card_number")): Object: 'Object Repository/RecAndPlayBk/Page-Vlink-Sale/input_Card number_card_number' is double clicked on

2023-02-15 23:27:36 - [MESSAGE][PASSED] - Object: 'Object Repository/RecAndPlayBk/Page-Vlink-Sale/input_Card number_card_number' is double clicked on

2023-02-15 23:27:36 - [TEST_STEP][PASSED] - setText(findTestObject("Object Repository/RecAndPlayBk/Page-Vlink-Sale/input_Card number_card_number"), cardNumber): Text '374245002771003' is set on object 'Object Repository/RecAndPlayBk/Page-Vlink-Sale/input_Card number_card_number'

2023-02-15 23:27:37 - [MESSAGE][PASSED] - Text '374245002771003' is set on object 'Object Repository/RecAndPlayBk/Page-Vlink-Sale/input_Card number_card_number'

2023-02-15 23:27:37 - [TEST_STEP][PASSED] - setText(findTestObject("Object Repository/RecAndPlayBk/Page-Vlink-Sale/input_Card ex month_card_exmo"), exM): Text '12' is set on object 'Object Repository/RecAndPlayBk/Page-Vlink-Sale/input_Card ex month_card_exmo'

2023-02-15 23:27:38 - [MESSAGE][PASSED] - Text '12' is set on object 'Object Repository/RecAndPlayBk/Page-Vlink-Sale/input_Card ex month_card_exmo'

2023-02-15 23:27:38 - [TEST_STEP][PASSED] - setText(findTestObject("Object Repository/RecAndPlayBk/Page-Vlink-Sale/input_Card ex year_card_exyr"), exY): Text '2029' is set on object 'Object Repository/RecAndPlayBk/Page-Vlink-Sale/input_Card ex year_card_exyr'

2023-02-15 23:27:38 - [MESSAGE][PASSED] - Text '2029' is set on object 'Object Repository/RecAndPlayBk/Page-Vlink-Sale/input_Card ex year_card_exyr'

2023-02-15 23:27:38 - [TEST_STEP][PASSED] - click(findTestObject("Object Repository/RecAndPlayBk/Page-Vlink-Sale/input_Track Data_track_data")): Object: 'Object Repository/RecAndPlayBk/Page-Vlink-Sale/input_Track Data_track_data' is clicked on

2023-02-15 23:27:38 - [MESSAGE][PASSED] - Object: 'Object Repository/RecAndPlayBk/Page-Vlink-Sale/input_Track Data_track_data' is clicked on

2023-02-15 23:27:38 - [TEST_STEP][PASSED] - click(findTestObject("Object Repository/RecAndPlayBk/Page-Vlink-Sale/input_CVV state_cvv_state")): Object: 'Object Repository/RecAndPlayBk/Page-Vlink-Sale/input_CVV state_cvv_state' is clicked on

2023-02-15 23:27:39 - [MESSAGE][PASSED] - Object: 'Object Repository/RecAndPlayBk/Page-Vlink-Sale/input_CVV state_cvv_state' is clicked on

2023-02-15 23:27:39 - [TEST_STEP][PASSED] - setText(findTestObject("Object Repository/RecAndPlayBk/Page-Vlink-Sale/input_Track Data_track_data"), ""): Text '' is set on object 'Object Repository/RecAndPlayBk/Page-Vlink-Sale/input_Track Data_track_data'

2023-02-15 23:27:39 - [MESSAGE][PASSED] - Text '' is set on object 'Object Repository/RecAndPlayBk/Page-Vlink-Sale/input_Track Data_track_data'

2023-02-15 23:27:39 - [TEST_STEP][PASSED] - setText(findTestObject("Object Repository/RecAndPlayBk/Page-Vlink-Sale/input_concat(Cardholder, , s email)_email"), ""): Text '' is set on object 'Object Repository/RecAndPlayBk/Page-Vlink-Sale/input_concat(Cardholder, , s email)_email'

2023-02-15 23:27:40 - [MESSAGE][PASSED] - Text '' is set on object 'Object Repository/RecAndPlayBk/Page-Vlink-Sale/input_concat(Cardholder, , s email)_email'

2023-02-15 23:27:40 - [TEST_STEP][PASSED] - click(findTestObject("Object Repository/RecAndPlayBk/Page-Vlink-Sale/input_user_defined10_user_defined10")): Object: 'Object Repository/RecAndPlayBk/Page-Vlink-Sale/input_user_defined10_user_defined10' is clicked on

2023-02-15 23:27:40 - [MESSAGE][PASSED] - Object: 'Object Repository/RecAndPlayBk/Page-Vlink-Sale/input_user_defined10_user_defined10' is clicked on

2023-02-15 23:27:40 - [TEST_STEP][PASSED] - if (executionProfile.equalsIgnoreCase("QAProfile") || executionProfile.equalsIgnoreCase("DemoProfile")): Text '' is set on object 'Object Repository/RecAndPlayBk/Page-Vlink-Sale/input_COF Transaction Initiated by_cof_tran_6cded5'

2023-02-15 23:27:40 - [TEST_STEP][PASSED] - setText(findTestObject("Object Repository/RecAndPlayBk/Page-Vlink-Sale/input_Card on File Indicator_card_on_file_i_157dae"), ""): Text '' is set on object 'Object Repository/RecAndPlayBk/Page-Vlink-Sale/input_Card on File Indicator_card_on_file_i_157dae'

2023-02-15 23:27:41 - [MESSAGE][PASSED] - Text '' is set on object 'Object Repository/RecAndPlayBk/Page-Vlink-Sale/input_Card on File Indicator_card_on_file_i_157dae'

2023-02-15 23:27:41 - [TEST_STEP][PASSED] - setText(findTestObject("Object Repository/RecAndPlayBk/Page-Vlink-Sale/input_Stored Credential Indicator_stored_cr_4ae73c"), ""): Text '' is set on object 'Object Repository/RecAndPlayBk/Page-Vlink-Sale/input_Stored Credential Indicator_stored_cr_4ae73c'

2023-02-15 23:27:42 - [MESSAGE][PASSED] - Text '' is set on object 'Object Repository/RecAndPlayBk/Page-Vlink-Sale/input_Stored Credential Indicator_stored_cr_4ae73c'

2023-02-15 23:27:42 - [TEST_STEP][PASSED] - setText(findTestObject("Object Repository/RecAndPlayBk/Page-Vlink-Sale/input_COF Scheduled indicator_cof_scheduled_8df7d8"), ""): Text '' is set on object 'Object Repository/RecAndPlayBk/Page-Vlink-Sale/input_COF Scheduled indicator_cof_scheduled_8df7d8'

2023-02-15 23:27:42 - [MESSAGE][PASSED] - Text '' is set on object 'Object Repository/RecAndPlayBk/Page-Vlink-Sale/input_COF Scheduled indicator_cof_scheduled_8df7d8'

2023-02-15 23:27:42 - [TEST_STEP][PASSED] - setText(findTestObject("Object Repository/RecAndPlayBk/Page-Vlink-Sale/input_COF Transaction Initiated by_cof_tran_6cded5"), ""): Text '' is set on object 'Object Repository/RecAndPlayBk/Page-Vlink-Sale/input_COF Transaction Initiated by_cof_tran_6cded5'

2023-02-15 23:27:43 - [MESSAGE][PASSED] - Text '' is set on object 'Object Repository/RecAndPlayBk/Page-Vlink-Sale/input_COF Transaction Initiated by_cof_tran_6cded5'

2023-02-15 23:27:43 - [TEST_STEP][PASSED] - click(findTestObject("Object Repository/RecAndPlayBk/Page-Vlink-Sale/input")): Object: 'Object Repository/RecAndPlayBk/Page-Vlink-Sale/input' is clicked on

2023-02-15 23:27:44 - [MESSAGE][PASSED] - Object: 'Object Repository/RecAndPlayBk/Page-Vlink-Sale/input' is clicked on

2023-02-15 23:27:44 - [TEST_STEP][PASSED] - if (verifyTextPresent("Card type not valid", true)): null

2023-02-15 23:27:44 - [MESSAGE][PASSED] - Text 'Card type not valid' is present on page  using regular expression

2023-02-15 23:27:44 - [TEST_STEP][PASSED] - println("Card type not valid text is present on the Confirmation page"): null

2023-02-15 23:27:44 - [TEST_STEP][PASSED] - out.println("Pass Record Number: " + row): null

2023-02-15 23:27:44 - [TEST_STEP][PASSED] - resText = "Pass": null

2023-02-15 23:27:44 - [TEST_STEP][PASSED] - pages.WriteExcel.demoKey(resText, datText, resColumn, datCloumn, fileLoc, nameSheet, row): pages.WriteExcel.demoKey is PASSED

2023-02-15 23:27:44 - [MESSAGE][PASSED] - pages.WriteExcel.demoKey is PASSED]]></system-out>
         <system-err><![CDATA[]]></system-err>
      </testcase>
      <system-out><![CDATA[2023-02-15 21:52:29 - [TEST_SUITE][FAILED] - QA_Smoke_Test: Test Cases/RecAndPlayBk/VLink/AuthOnly FAILED.
Reason:
com.kms.katalon.core.exception.StepFailedException: Text 'Transaction approved, no errors' is not present on page  using regular expression (Root cause: com.kms.katalon.core.exception.StepFailedException: Text 'Transaction approved, no errors' is not present on page  using regular expression
	at com.kms.katalon.core.webui.keyword.internal.WebUIKeywordMain.stepFailed(WebUIKeywordMain.groovy:64)
	at com.kms.katalon.core.webui.keyword.builtin.VerifyTextPresentKeyword$_verifyTextPresent_closure1.doCall(VerifyTextPresentKeyword.groovy:79)
	at com.kms.katalon.core.webui.keyword.builtin.VerifyTextPresentKeyword$_verifyTextPresent_closure1.call(VerifyTextPresentKeyword.groovy)
	at com.kms.katalon.core.webui.keyword.internal.WebUIKeywordMain.runKeyword(WebUIKeywordMain.groovy:20)
	at com.kms.katalon.core.webui.keyword.builtin.VerifyTextPresentKeyword.verifyTextPresent(VerifyTextPresentKeyword.groovy:83)
	at com.kms.katalon.core.webui.keyword.builtin.VerifyTextPresentKeyword.execute(VerifyTextPresentKeyword.groovy:68)
	at com.kms.katalon.core.keyword.internal.KeywordExecutor.executeKeywordForPlatform(KeywordExecutor.groovy:74)
	at com.kms.katalon.core.webui.keyword.WebUiBuiltInKeywords.verifyTextPresent(WebUiBuiltInKeywords.groovy:1723)
	at com.kms.katalon.core.webui.keyword.WebUiBuiltInKeywords$verifyTextPresent$4.call(Unknown Source)
	at AuthOnly.run(AuthOnly:157)
	at com.kms.katalon.core.main.ScriptEngine.run(ScriptEngine.java:194)
	at com.kms.katalon.core.main.ScriptEngine.runScriptAsRawText(ScriptEngine.java:119)
	at com.kms.katalon.core.main.TestCaseExecutor.runScript(TestCaseExecutor.java:442)
	at com.kms.katalon.core.main.TestCaseExecutor.doExecute(TestCaseExecutor.java:433)
	at com.kms.katalon.core.main.TestCaseExecutor.processExecutionPhase(TestCaseExecutor.java:412)
	at com.kms.katalon.core.main.TestCaseExecutor.accessMainPhase(TestCaseExecutor.java:404)
	at com.kms.katalon.core.main.TestCaseExecutor.execute(TestCaseExecutor.java:281)
	at com.kms.katalon.core.main.TestSuiteExecutor.accessTestCaseMainPhase(TestSuiteExecutor.java:202)
	at com.kms.katalon.core.main.TestSuiteExecutor.accessTestSuiteMainPhase(TestSuiteExecutor.java:164)
	at com.kms.katalon.core.main.TestSuiteExecutor.execute(TestSuiteExecutor.java:105)
	at com.kms.katalon.core.main.TestCaseMain.startTestSuite(TestCaseMain.java:185)
	at com.kms.katalon.core.main.TestCaseMain$startTestSuite$0.call(Unknown Source)
	at TempTestSuite1676515943031.run(TempTestSuite1676515943031.groovy:36)
)
	at com.kms.katalon.core.keyword.internal.KeywordMain.stepFailed(KeywordMain.groovy:39)
	at com.kms.katalon.core.webui.keyword.internal.WebUIKeywordMain.stepFailed(WebUIKeywordMain.groovy:64)
	at com.kms.katalon.core.webui.keyword.builtin.VerifyTextPresentKeyword$_verifyTextPresent_closure1.doCall(VerifyTextPresentKeyword.groovy:79)
	at com.kms.katalon.core.webui.keyword.builtin.VerifyTextPresentKeyword$_verifyTextPresent_closure1.call(VerifyTextPresentKeyword.groovy)
	at com.kms.katalon.core.webui.keyword.internal.WebUIKeywordMain.runKeyword(WebUIKeywordMain.groovy:20)
	at com.kms.katalon.core.webui.keyword.builtin.VerifyTextPresentKeyword.verifyTextPresent(VerifyTextPresentKeyword.groovy:83)
	at com.kms.katalon.core.webui.keyword.builtin.VerifyTextPresentKeyword.execute(VerifyTextPresentKeyword.groovy:68)
	at com.kms.katalon.core.keyword.internal.KeywordExecutor.executeKeywordForPlatform(KeywordExecutor.groovy:74)
	at com.kms.katalon.core.webui.keyword.WebUiBuiltInKeywords.verifyTextPresent(WebUiBuiltInKeywords.groovy:1723)
	at com.kms.katalon.core.webui.keyword.WebUiBuiltInKeywords$verifyTextPresent$4.call(Unknown Source)
	at AuthOnly.run(AuthOnly:157)
	at com.kms.katalon.core.main.ScriptEngine.run(ScriptEngine.java:194)
	at com.kms.katalon.core.main.ScriptEngine.runScriptAsRawText(ScriptEngine.java:119)
	at com.kms.katalon.core.main.TestCaseExecutor.runScript(TestCaseExecutor.java:442)
	at com.kms.katalon.core.main.TestCaseExecutor.doExecute(TestCaseExecutor.java:433)
	at com.kms.katalon.core.main.TestCaseExecutor.processExecutionPhase(TestCaseExecutor.java:412)
	at com.kms.katalon.core.main.TestCaseExecutor.accessMainPhase(TestCaseExecutor.java:404)
	at com.kms.katalon.core.main.TestCaseExecutor.execute(TestCaseExecutor.java:281)
	at com.kms.katalon.core.main.TestSuiteExecutor.accessTestCaseMainPhase(TestSuiteExecutor.java:202)
	at com.kms.katalon.core.main.TestSuiteExecutor.accessTestSuiteMainPhase(TestSuiteExecutor.java:164)
	at com.kms.katalon.core.main.TestSuiteExecutor.execute(TestSuiteExecutor.java:105)
	at com.kms.katalon.core.main.TestCaseMain.startTestSuite(TestCaseMain.java:185)
	at com.kms.katalon.core.main.TestCaseMain$startTestSuite$0.call(Unknown Source)
	at TempTestSuite1676515943031.run(TempTestSuite1676515943031.groovy:36)
Caused by: com.kms.katalon.core.exception.StepFailedException: Text 'Transaction approved, no errors' is not present on page  using regular expression
	... 23 more]]></system-out>
      <system-err><![CDATA[2023-02-15 21:52:29 - [TEST_SUITE][FAILED] - QA_Smoke_Test: Test Cases/RecAndPlayBk/VLink/AuthOnly FAILED.
Reason:
com.kms.katalon.core.exception.StepFailedException: Text 'Transaction approved, no errors' is not present on page  using regular expression (Root cause: com.kms.katalon.core.exception.StepFailedException: Text 'Transaction approved, no errors' is not present on page  using regular expression
	at com.kms.katalon.core.webui.keyword.internal.WebUIKeywordMain.stepFailed(WebUIKeywordMain.groovy:64)
	at com.kms.katalon.core.webui.keyword.builtin.VerifyTextPresentKeyword$_verifyTextPresent_closure1.doCall(VerifyTextPresentKeyword.groovy:79)
	at com.kms.katalon.core.webui.keyword.builtin.VerifyTextPresentKeyword$_verifyTextPresent_closure1.call(VerifyTextPresentKeyword.groovy)
	at com.kms.katalon.core.webui.keyword.internal.WebUIKeywordMain.runKeyword(WebUIKeywordMain.groovy:20)
	at com.kms.katalon.core.webui.keyword.builtin.VerifyTextPresentKeyword.verifyTextPresent(VerifyTextPresentKeyword.groovy:83)
	at com.kms.katalon.core.webui.keyword.builtin.VerifyTextPresentKeyword.execute(VerifyTextPresentKeyword.groovy:68)
	at com.kms.katalon.core.keyword.internal.KeywordExecutor.executeKeywordForPlatform(KeywordExecutor.groovy:74)
	at com.kms.katalon.core.webui.keyword.WebUiBuiltInKeywords.verifyTextPresent(WebUiBuiltInKeywords.groovy:1723)
	at com.kms.katalon.core.webui.keyword.WebUiBuiltInKeywords$verifyTextPresent$4.call(Unknown Source)
	at AuthOnly.run(AuthOnly:157)
	at com.kms.katalon.core.main.ScriptEngine.run(ScriptEngine.java:194)
	at com.kms.katalon.core.main.ScriptEngine.runScriptAsRawText(ScriptEngine.java:119)
	at com.kms.katalon.core.main.TestCaseExecutor.runScript(TestCaseExecutor.java:442)
	at com.kms.katalon.core.main.TestCaseExecutor.doExecute(TestCaseExecutor.java:433)
	at com.kms.katalon.core.main.TestCaseExecutor.processExecutionPhase(TestCaseExecutor.java:412)
	at com.kms.katalon.core.main.TestCaseExecutor.accessMainPhase(TestCaseExecutor.java:404)
	at com.kms.katalon.core.main.TestCaseExecutor.execute(TestCaseExecutor.java:281)
	at com.kms.katalon.core.main.TestSuiteExecutor.accessTestCaseMainPhase(TestSuiteExecutor.java:202)
	at com.kms.katalon.core.main.TestSuiteExecutor.accessTestSuiteMainPhase(TestSuiteExecutor.java:164)
	at com.kms.katalon.core.main.TestSuiteExecutor.execute(TestSuiteExecutor.java:105)
	at com.kms.katalon.core.main.TestCaseMain.startTestSuite(TestCaseMain.java:185)
	at com.kms.katalon.core.main.TestCaseMain$startTestSuite$0.call(Unknown Source)
	at TempTestSuite1676515943031.run(TempTestSuite1676515943031.groovy:36)
)
	at com.kms.katalon.core.keyword.internal.KeywordMain.stepFailed(KeywordMain.groovy:39)
	at com.kms.katalon.core.webui.keyword.internal.WebUIKeywordMain.stepFailed(WebUIKeywordMain.groovy:64)
	at com.kms.katalon.core.webui.keyword.builtin.VerifyTextPresentKeyword$_verifyTextPresent_closure1.doCall(VerifyTextPresentKeyword.groovy:79)
	at com.kms.katalon.core.webui.keyword.builtin.VerifyTextPresentKeyword$_verifyTextPresent_closure1.call(VerifyTextPresentKeyword.groovy)
	at com.kms.katalon.core.webui.keyword.internal.WebUIKeywordMain.runKeyword(WebUIKeywordMain.groovy:20)
	at com.kms.katalon.core.webui.keyword.builtin.VerifyTextPresentKeyword.verifyTextPresent(VerifyTextPresentKeyword.groovy:83)
	at com.kms.katalon.core.webui.keyword.builtin.VerifyTextPresentKeyword.execute(VerifyTextPresentKeyword.groovy:68)
	at com.kms.katalon.core.keyword.internal.KeywordExecutor.executeKeywordForPlatform(KeywordExecutor.groovy:74)
	at com.kms.katalon.core.webui.keyword.WebUiBuiltInKeywords.verifyTextPresent(WebUiBuiltInKeywords.groovy:1723)
	at com.kms.katalon.core.webui.keyword.WebUiBuiltInKeywords$verifyTextPresent$4.call(Unknown Source)
	at AuthOnly.run(AuthOnly:157)
	at com.kms.katalon.core.main.ScriptEngine.run(ScriptEngine.java:194)
	at com.kms.katalon.core.main.ScriptEngine.runScriptAsRawText(ScriptEngine.java:119)
	at com.kms.katalon.core.main.TestCaseExecutor.runScript(TestCaseExecutor.java:442)
	at com.kms.katalon.core.main.TestCaseExecutor.doExecute(TestCaseExecutor.java:433)
	at com.kms.katalon.core.main.TestCaseExecutor.processExecutionPhase(TestCaseExecutor.java:412)
	at com.kms.katalon.core.main.TestCaseExecutor.accessMainPhase(TestCaseExecutor.java:404)
	at com.kms.katalon.core.main.TestCaseExecutor.execute(TestCaseExecutor.java:281)
	at com.kms.katalon.core.main.TestSuiteExecutor.accessTestCaseMainPhase(TestSuiteExecutor.java:202)
	at com.kms.katalon.core.main.TestSuiteExecutor.accessTestSuiteMainPhase(TestSuiteExecutor.java:164)
	at com.kms.katalon.core.main.TestSuiteExecutor.execute(TestSuiteExecutor.java:105)
	at com.kms.katalon.core.main.TestCaseMain.startTestSuite(TestCaseMain.java:185)
	at com.kms.katalon.core.main.TestCaseMain$startTestSuite$0.call(Unknown Source)
	at TempTestSuite1676515943031.run(TempTestSuite1676515943031.groovy:36)
Caused by: com.kms.katalon.core.exception.StepFailedException: Text 'Transaction approved, no errors' is not present on page  using regular expression
	... 23 more]]></system-err>
   </testsuite>
</testsuites>
