<?xml version="1.0" encoding="UTF-8"?>
<testsuites name="QA_IWP2.5_Regression" time="1986.379" tests="18" failures="0" errors="0">
   <testsuite name="QA_IWP2.5_Regression" tests="18" failures="0" errors="0" time="1986.379" skipped="0" timestamp="26-08-2024T23:00:53" hostname="t476046 - TXD87096.deluxe.com" id="Test Suites/QA/IWP2.5/QA_IWP2.5_Regression">
      <properties>
         <property name="deviceName" value=""/>
         <property name="devicePlatform"/>
         <property name="logFolder" value="C:\\Users\\t476046\\Documents\\katalon\\VPS-Katalon\\Reports\\20240826_230036\\QA\\IWP2.5\\QA_IWP2.5_Regression\\20240826_230036"/>
         <property name="logFiles" value="C:\\Users\\t476046\\Documents\\katalon\\VPS-Katalon\\Reports\\20240826_230036\\QA\\IWP2.5\\QA_IWP2.5_Regression\\20240826_230036\\execution0.log"/>
         <property name="attachments" value=""/>
         <property name="hostName" value="t476046 - TXD87096.deluxe.com"/>
         <property name="os" value="Windows 10 64bit"/>
         <property name="katalonVersion" value="9.6.0.217"/>
         <property name="browser" value="Edge Chromium 128"/>
         <property name="hostAddress" value="10.203.40.166"/>
         <property name="sessionId" value="f4d372b22afed63590628313454ba0ab"/>
         <property name="seleniumVersion" value="3.141.59"/>
         <property name="proxyInformation" value="ProxyInformation { proxyOption=NO_PROXY, proxyServerType=HTTP, username=, password=********, proxyServerAddress=, proxyServerPort=0, executionList=&quot;&quot;, isApplyToDesiredCapabilities=true }"/>
         <property name="platform" value="Windows 10"/>
      </properties>
      <testcase name="Test Cases/IntegratedWeb/IWP25/Error/MaxAmountErrorCorp" time="83.181" classname="Test Cases/IntegratedWeb/IWP25/Error/MaxAmountErrorCorp" status="PASSED">
         <system-out><![CDATA[26-08-2024T23:00:54 - [TEST_CASE][PASSED] - Test Cases/IntegratedWeb/IWP25/Error/MaxAmountErrorCorp: Test Cases/IntegratedWeb/IWP25/Error/MaxAmountErrorCorp

26-08-2024T23:00:55 - [TEST_STEP][PASSED] - resText = "Fail": null

26-08-2024T23:00:55 - [TEST_STEP][PASSED] - resColumn = "Result": null

26-08-2024T23:00:55 - [TEST_STEP][PASSED] - datCloumn = "Date": null

26-08-2024T23:00:55 - [TEST_STEP][PASSED] - fileLoc = "KatalonData/IWPTestData/VRelay25Payments.xlsx": null

26-08-2024T23:00:55 - [TEST_STEP][PASSED] - numOfRows = <not implemented yet for class: org.codehaus.groovy.ast.expr.EmptyExpression>: null

26-08-2024T23:00:55 - [TEST_STEP][PASSED] - dataFile = <not implemented yet for class: org.codehaus.groovy.ast.expr.EmptyExpression>: null

26-08-2024T23:00:55 - [TEST_STEP][PASSED] - nameSheet = <not implemented yet for class: org.codehaus.groovy.ast.expr.EmptyExpression>: null

26-08-2024T23:00:55 - [TEST_STEP][PASSED] - dataFileEmulator = <not implemented yet for class: org.codehaus.groovy.ast.expr.EmptyExpression>: null

26-08-2024T23:00:55 - [TEST_STEP][PASSED] - nameSheet = "MaxAmountErrorCorp": null

26-08-2024T23:00:55 - [TEST_STEP][PASSED] - dataFile = "IWPTestData/IWP25MaxAmountErrorCorp": null

26-08-2024T23:00:55 - [TEST_STEP][PASSED] - dataFileEmulator = "IWPTestData/EmulatorData": null

26-08-2024T23:00:55 - [TEST_STEP][PASSED] - numOfRows = findTestData(dataFile).getRowNumbers(): null

26-08-2024T23:00:56 - [TEST_STEP][PASSED] - println("Number of Records: " + numOfRows): null

26-08-2024T23:00:56 - [TEST_STEP][PASSED] - for ([row = 1, row <= numOfRows, (row++)]): Browser is closed

26-08-2024T23:00:56 - [TEST_STEP][PASSED] - ExecuteTC = findTestData(dataFile).getValue("Execute", row): null

26-08-2024T23:00:56 - [TEST_STEP][PASSED] - out.println("Value of Execute is : " + ExecuteTC): null

26-08-2024T23:00:56 - [TEST_STEP][PASSED] - if (ExecuteTC.equalsIgnoreCase("Y")): null

26-08-2024T23:00:56 - [TEST_STEP][PASSED] - out.println("Begin Record Number: " + row): null

26-08-2024T23:00:56 - [TEST_STEP][PASSED] - today = new java.util.Date(): null

26-08-2024T23:00:56 - [TEST_STEP][PASSED] - println(today): null

26-08-2024T23:00:56 - [TEST_STEP][PASSED] - datText = today: null

26-08-2024T23:00:56 - [TEST_STEP][PASSED] - EmulatorDataKey = findTestData(dataFile).getValue("EmulatorData", row): null

26-08-2024T23:00:56 - [TEST_STEP][PASSED] - out.println("Value of Emulator Key is : " + EmulatorDataKey): null

26-08-2024T23:00:56 - [TEST_STEP][PASSED] - iwpPages.emulatorIWP30.setDataEmulator_DD(EmulatorDataKey): iwpPages.emulatorIWP30.setDataEmulator_DD is PASSED

26-08-2024T23:00:59 - [MESSAGE][INFO] - Starting 'Edge Chromium' driver

26-08-2024T23:00:59 - [MESSAGE][INFO] - User set preference: ['acceptInsecureCerts', 'true']

26-08-2024T23:01:01 - [MESSAGE][INFO] - Action delay is set to 0 milliseconds

26-08-2024T23:01:06 - [MESSAGE][PASSED] - Browser is opened with url: 'https://qa2.velocitypayment.com/agency/config.do?action=editor&message_version=2_5'

26-08-2024T23:01:06 - [MESSAGE][PASSED] - Current window maximized

26-08-2024T23:01:08 - [MESSAGE][PASSED] - All options with value '2.5' are selected in object 'Object Repository/IWP30/Page_VRelay30Emulator/MV'  using regular expression

26-08-2024T23:01:09 - [MESSAGE][PASSED] - Text '10.50' is set on object 'Object Repository/IWP30/Page_VRelay30Emulator/Amount'

26-08-2024T23:01:09 - [MESSAGE][PASSED] - Text '26413414' is set on object 'Object Repository/IWP30/Page_VRelay30Emulator/CAN'

26-08-2024T23:01:10 - [MESSAGE][PASSED] - Text 'PayNow' is set on object 'Object Repository/IWP30/Page_VRelay30Emulator/Action'

26-08-2024T23:01:11 - [MESSAGE][PASSED] - Text 'en_US' is set on object 'Object Repository/IWP30/Page_VRelay30Emulator/Lang'

26-08-2024T23:01:11 - [MESSAGE][PASSED] - Text '' is set on object 'Object Repository/IWP30/Page_VRelay30Emulator/Fname'

26-08-2024T23:01:12 - [MESSAGE][PASSED] - Text '' is set on object 'Object Repository/IWP30/Page_VRelay30Emulator/Lname'

26-08-2024T23:01:13 - [MESSAGE][PASSED] - Text '' is set on object 'Object Repository/IWP30/Page_VRelay30Emulator/AL1'

26-08-2024T23:01:13 - [MESSAGE][PASSED] - Text '' is set on object 'Object Repository/IWP30/Page_VRelay30Emulator/AL2'

26-08-2024T23:01:14 - [MESSAGE][PASSED] - Text '' is set on object 'Object Repository/IWP30/Page_VRelay30Emulator/Country'

26-08-2024T23:01:15 - [MESSAGE][PASSED] - Text '' is set on object 'Object Repository/IWP30/Page_VRelay30Emulator/City'

26-08-2024T23:01:15 - [MESSAGE][PASSED] - Text '' is set on object 'Object Repository/IWP30/Page_VRelay30Emulator/State'

26-08-2024T23:01:16 - [MESSAGE][PASSED] - Text '' is set on object 'Object Repository/IWP30/Page_VRelay30Emulator/ZIP'

26-08-2024T23:01:17 - [MESSAGE][PASSED] - Text '' is set on object 'Object Repository/IWP30/Page_VRelay30Emulator/Order'

26-08-2024T23:01:17 - [MESSAGE][PASSED] - Text '' is set on object 'Object Repository/IWP30/Page_VRelay30Emulator/Company'

26-08-2024T23:01:18 - [MESSAGE][PASSED] - Text '' is set on object 'Object Repository/IWP30/Page_VRelay30Emulator/Email'

26-08-2024T23:01:19 - [MESSAGE][PASSED] - Text '' is set on object 'Object Repository/IWP30/Page_VRelay30Emulator/UDF1'

26-08-2024T23:01:19 - [MESSAGE][PASSED] - Text '' is set on object 'Object Repository/IWP30/Page_VRelay30Emulator/UDF2'

26-08-2024T23:01:20 - [MESSAGE][PASSED] - Text '' is set on object 'Object Repository/IWP30/Page_VRelay30Emulator/UDF3'

26-08-2024T23:01:21 - [MESSAGE][PASSED] - Text 'udf data 4' is set on object 'Object Repository/IWP30/Page_VRelay30Emulator/UDF4'

26-08-2024T23:01:21 - [MESSAGE][PASSED] - Text 'udf data 5' is set on object 'Object Repository/IWP30/Page_VRelay30Emulator/UDF5'

26-08-2024T23:01:22 - [MESSAGE][PASSED] - Text '' is set on object 'Object Repository/IWP30/Page_VRelay30Emulator/UDF6'

26-08-2024T23:01:22 - [MESSAGE][PASSED] - Text '' is set on object 'Object Repository/IWP30/Page_VRelay30Emulator/UDF7'

26-08-2024T23:01:23 - [MESSAGE][PASSED] - Text '' is set on object 'Object Repository/IWP30/Page_VRelay30Emulator/UDF8'

26-08-2024T23:01:24 - [MESSAGE][PASSED] - Text 'udf data 9' is set on object 'Object Repository/IWP30/Page_VRelay30Emulator/UDF9'

26-08-2024T23:01:24 - [MESSAGE][PASSED] - Text 'udf data 10' is set on object 'Object Repository/IWP30/Page_VRelay30Emulator/UDF10'

26-08-2024T23:01:25 - [MESSAGE][PASSED] - Object: 'Object Repository/IWP30/Page_VRelay30Emulator/Submit' is clicked on

26-08-2024T23:01:30 - [MESSAGE][PASSED] - Browser is closed

26-08-2024T23:01:34 - [MESSAGE][PASSED] - iwpPages.emulatorIWP30.setDataEmulator_DD is PASSED

26-08-2024T23:01:34 - [TEST_STEP][PASSED] - testHarnessURL = urlTestHarness: null

26-08-2024T23:01:34 - [TEST_STEP][PASSED] - openBrowser(testHarnessURL): Browser is opened with url: 'https://dev-algorithm.govolution.com/vrelaytest/QA2/version_2_2/vrelaytest.html'

26-08-2024T23:01:34 - [MESSAGE][INFO] - Starting 'Edge Chromium' driver

26-08-2024T23:01:34 - [MESSAGE][INFO] - User set preference: ['acceptInsecureCerts', 'true']

26-08-2024T23:01:36 - [MESSAGE][INFO] - Action delay is set to 0 milliseconds

26-08-2024T23:01:40 - [MESSAGE][PASSED] - Browser is opened with url: 'https://dev-algorithm.govolution.com/vrelaytest/QA2/version_2_2/vrelaytest.html'

26-08-2024T23:01:40 - [TEST_STEP][PASSED] - maximizeWindow(): Current window maximized

26-08-2024T23:01:40 - [MESSAGE][PASSED] - Current window maximized

26-08-2024T23:01:40 - [TEST_STEP][PASSED] - iwpPages.TestHarnessPage.setDataMethod(row, dataFile): iwpPages.TestHarnessPage.setDataMethod is PASSED

26-08-2024T23:01:41 - [MESSAGE][PASSED] - Object 'Object Repository/IWP30/Page_QATestHarness/RemittanceID' is present

26-08-2024T23:01:41 - [MESSAGE][PASSED] - Text '638' is set on object 'Object Repository/IWP30/Page_QATestHarness/ApplicationID'

26-08-2024T23:01:42 - [MESSAGE][PASSED] - Text '2.5' is set on object 'Object Repository/IWP30/Page_QATestHarness/MessageVersion'

26-08-2024T23:01:43 - [MESSAGE][PASSED] - Text '5Nbsln9AMlxD' is set on object 'Object Repository/IWP30/Page_QATestHarness/RemittanceID'

26-08-2024T23:01:46 - [MESSAGE][PASSED] - Object: 'Object Repository/IWP30/Page_QATestHarness/SubmitButton' is clicked on

26-08-2024T23:01:46 - [MESSAGE][PASSED] - iwpPages.TestHarnessPage.setDataMethod is PASSED

26-08-2024T23:01:46 - [TEST_STEP][PASSED] - click(findTestObject("Object Repository/IWP30/Page_SelectPaymentMethod/PayByCorporateCheck")): Object: 'Object Repository/IWP30/Page_SelectPaymentMethod/PayByCorporateCheck' is clicked on

26-08-2024T23:01:47 - [MESSAGE][PASSED] - Object: 'Object Repository/IWP30/Page_SelectPaymentMethod/PayByCorporateCheck' is clicked on

26-08-2024T23:01:47 - [TEST_STEP][PASSED] - click(findTestObject("Object Repository/IWP30/Page_SelectPaymentMethod/MakePaymentButton")): Object: 'Object Repository/IWP30/Page_SelectPaymentMethod/MakePaymentButton' is clicked on

26-08-2024T23:01:50 - [MESSAGE][PASSED] - Object: 'Object Repository/IWP30/Page_SelectPaymentMethod/MakePaymentButton' is clicked on

26-08-2024T23:01:50 - [TEST_STEP][PASSED] - iwpPages.achCorporatePaymentEntryPage.setDataCorporate(row, dataFile): iwpPages.achCorporatePaymentEntryPage.setDataCorporate is PASSED

26-08-2024T23:01:51 - [MESSAGE][PASSED] - Object 'Object Repository/IWP30/Page_ACHCorporatePaymentEntry/txt_accountNumber' is present

26-08-2024T23:01:52 - [MESSAGE][PASSED] - Object 'Object Repository/IWP30/Page_ACHCorporatePaymentEntry/input_CompanyName' is present

26-08-2024T23:01:52 - [MESSAGE][PASSED] - Text 'My Company' is set on object 'Object Repository/IWP30/Page_ACHCorporatePaymentEntry/input_CompanyName'

26-08-2024T23:01:52 - [MESSAGE][PASSED] - Object 'Object Repository/IWP30/Page_ACHCorporatePaymentEntry/input_EIN' is present

26-08-2024T23:01:53 - [MESSAGE][PASSED] - Text '123456789' is set on object 'Object Repository/IWP30/Page_ACHCorporatePaymentEntry/input_EIN'

26-08-2024T23:01:54 - [MESSAGE][PASSED] - Text '200.50' is set on object 'Object Repository/IWP30/Page_ACHCorporatePaymentEntry/txt_Amount'

26-08-2024T23:01:54 - [MESSAGE][PASSED] - Text 'udf data 2' is set on object 'Object Repository/IWP30/Page_ACHCorporatePaymentEntry/txt_UDF2'

26-08-2024T23:01:55 - [MESSAGE][PASSED] - Text 'udf data 3' is set on object 'Object Repository/IWP30/Page_ACHCorporatePaymentEntry/txt_UDF3'

26-08-2024T23:01:56 - [MESSAGE][PASSED] - All options with label 'Orange' are selected in object 'Object Repository/IWP30/Page_ACHCorporatePaymentEntry/dd_UDF7' 

26-08-2024T23:01:56 - [MESSAGE][PASSED] - All options with label 'Soccer' are selected in object 'Object Repository/IWP30/Page_ACHCorporatePaymentEntry/dd_UDF8' 

26-08-2024T23:01:56 - [MESSAGE][PASSED] - Object 'Object Repository/IWP30/Page_ACHCorporatePaymentEntry/txt_routingNumber' is present

26-08-2024T23:01:57 - [MESSAGE][PASSED] - Text '256072691' is set on object 'Object Repository/IWP30/Page_ACHCorporatePaymentEntry/txt_routingNumber'

26-08-2024T23:01:57 - [MESSAGE][PASSED] - Object 'Object Repository/IWP30/Page_ACHCorporatePaymentEntry/txt_accountNumber' is present

26-08-2024T23:01:58 - [MESSAGE][PASSED] - Text '12344444' is set on object 'Object Repository/IWP30/Page_ACHCorporatePaymentEntry/txt_accountNumber'

26-08-2024T23:01:59 - [MESSAGE][PASSED] - Object 'Object Repository/IWP30/Page_ACHCorporatePaymentEntry/txt_confirmAccountNumber' is present

26-08-2024T23:01:59 - [MESSAGE][PASSED] - Text '12344444' is set on object 'Object Repository/IWP30/Page_ACHCorporatePaymentEntry/txt_confirmAccountNumber'

26-08-2024T23:02:00 - [MESSAGE][PASSED] - Text '365 Main Avenue' is set on object 'Object Repository/IWP30/Page_ACHCorporatePaymentEntry/txt_AL1'

26-08-2024T23:02:00 - [MESSAGE][PASSED] - Text '22201' is set on object 'Object Repository/IWP30/Page_ACHCorporatePaymentEntry/txt_ZIP'

26-08-2024T23:02:01 - [MESSAGE][PASSED] - Object 'Object Repository/IWP30/Page_ACHCorporatePaymentEntry/txt_Email' is present

26-08-2024T23:02:02 - [MESSAGE][PASSED] - Text 'iahmed@govolution.com' is set on object 'Object Repository/IWP30/Page_ACHCorporatePaymentEntry/txt_Email'

26-08-2024T23:02:02 - [MESSAGE][PASSED] - Object 'Object Repository/IWP30/Page_ACHCorporatePaymentEntry/cb_TermsAndCond' is present

26-08-2024T23:02:02 - [MESSAGE][PASSED] - Object: 'Object Repository/IWP30/Page_ACHCorporatePaymentEntry/cb_TermsAndCond' is clicked on

26-08-2024T23:02:03 - [MESSAGE][PASSED] - Object 'Object Repository/IWP30/Page_ACHCorporatePaymentEntry/btn_Continue' is present

26-08-2024T23:02:05 - [MESSAGE][PASSED] - Object: 'Object Repository/IWP30/Page_ACHCorporatePaymentEntry/btn_Continue' is clicked on

26-08-2024T23:02:05 - [MESSAGE][PASSED] - iwpPages.achCorporatePaymentEntryPage.setDataCorporate is PASSED

26-08-2024T23:02:05 - [TEST_STEP][PASSED] - Thread.sleep(10000): null

26-08-2024T23:02:15 - [TEST_STEP][PASSED] - if (verifyTextPresent("Amount is greater than maximum", false)): null

26-08-2024T23:02:15 - [MESSAGE][PASSED] - Text 'Amount is greater than maximum' is present on page 

26-08-2024T23:02:15 - [TEST_STEP][PASSED] - println("Max Amount Error message shown"): null

26-08-2024T23:02:15 - [TEST_STEP][PASSED] - markPassed("Max Amount Error message shown"): Max Amount Error message shown

26-08-2024T23:02:15 - [MESSAGE][PASSED] - Max Amount Error message shown

26-08-2024T23:02:15 - [TEST_STEP][PASSED] - resText = "Pass": null

26-08-2024T23:02:15 - [TEST_STEP][PASSED] - pages.WriteExcel.demoKey(resText, datText, resColumn, datCloumn, fileLoc, nameSheet, row): pages.WriteExcel.demoKey is PASSED

26-08-2024T23:02:16 - [MESSAGE][PASSED] - pages.WriteExcel.demoKey is PASSED

26-08-2024T23:02:16 - [TEST_STEP][PASSED] - closeBrowser(): Browser is closed

26-08-2024T23:02:17 - [MESSAGE][PASSED] - Browser is closed]]></system-out>
         <system-err><![CDATA[]]></system-err>
      </testcase>
      <testcase name="Test Cases/IntegratedWeb/IWP25/Error/MaxAmountErrorPC" time="73.6" classname="Test Cases/IntegratedWeb/IWP25/Error/MaxAmountErrorPC" status="PASSED">
         <system-out><![CDATA[26-08-2024T23:02:17 - [TEST_CASE][PASSED] - Test Cases/IntegratedWeb/IWP25/Error/MaxAmountErrorPC: Test Cases/IntegratedWeb/IWP25/Error/MaxAmountErrorPC

26-08-2024T23:02:17 - [TEST_STEP][PASSED] - resText = "Fail": null

26-08-2024T23:02:17 - [TEST_STEP][PASSED] - resColumn = "Result": null

26-08-2024T23:02:17 - [TEST_STEP][PASSED] - datCloumn = "Date": null

26-08-2024T23:02:17 - [TEST_STEP][PASSED] - fileLoc = "KatalonData/IWPTestData/VRelay25Payments.xlsx": null

26-08-2024T23:02:17 - [TEST_STEP][PASSED] - numOfRows = <not implemented yet for class: org.codehaus.groovy.ast.expr.EmptyExpression>: null

26-08-2024T23:02:17 - [TEST_STEP][PASSED] - dataFile = <not implemented yet for class: org.codehaus.groovy.ast.expr.EmptyExpression>: null

26-08-2024T23:02:17 - [TEST_STEP][PASSED] - nameSheet = <not implemented yet for class: org.codehaus.groovy.ast.expr.EmptyExpression>: null

26-08-2024T23:02:17 - [TEST_STEP][PASSED] - dataFileEmulator = <not implemented yet for class: org.codehaus.groovy.ast.expr.EmptyExpression>: null

26-08-2024T23:02:17 - [TEST_STEP][PASSED] - nameSheet = "MaxAmountErrorPC": null

26-08-2024T23:02:17 - [TEST_STEP][PASSED] - dataFile = "IWPTestData/IWP25MaxAmountErrorPC": null

26-08-2024T23:02:17 - [TEST_STEP][PASSED] - dataFileEmulator = "IWPTestData/EmulatorData": null

26-08-2024T23:02:17 - [TEST_STEP][PASSED] - numOfRows = findTestData(dataFile).getRowNumbers(): null

26-08-2024T23:02:18 - [TEST_STEP][PASSED] - println("Number of Records: " + numOfRows): null

26-08-2024T23:02:18 - [TEST_STEP][PASSED] - for ([row = 1, row <= numOfRows, (row++)]): Browser is closed

26-08-2024T23:02:18 - [TEST_STEP][PASSED] - ExecuteTC = findTestData(dataFile).getValue("Execute", row): null

26-08-2024T23:02:18 - [TEST_STEP][PASSED] - out.println("Value of Execute is : " + ExecuteTC): null

26-08-2024T23:02:18 - [TEST_STEP][PASSED] - if (ExecuteTC.equalsIgnoreCase("Y")): null

26-08-2024T23:02:18 - [TEST_STEP][PASSED] - out.println("Begin Record Number: " + row): null

26-08-2024T23:02:18 - [TEST_STEP][PASSED] - today = new java.util.Date(): null

26-08-2024T23:02:18 - [TEST_STEP][PASSED] - println(today): null

26-08-2024T23:02:18 - [TEST_STEP][PASSED] - datText = today: null

26-08-2024T23:02:18 - [TEST_STEP][PASSED] - EmulatorDataKey = findTestData(dataFile).getValue("EmulatorData", row): null

26-08-2024T23:02:18 - [TEST_STEP][PASSED] - out.println("Value of Emulator Key is : " + EmulatorDataKey): null

26-08-2024T23:02:18 - [TEST_STEP][PASSED] - iwpPages.emulatorIWP30.setDataEmulator_DD(EmulatorDataKey): iwpPages.emulatorIWP30.setDataEmulator_DD is PASSED

26-08-2024T23:02:18 - [MESSAGE][INFO] - Starting 'Edge Chromium' driver

26-08-2024T23:02:18 - [MESSAGE][INFO] - User set preference: ['acceptInsecureCerts', 'true']

26-08-2024T23:02:20 - [MESSAGE][INFO] - Action delay is set to 0 milliseconds

26-08-2024T23:02:24 - [MESSAGE][PASSED] - Browser is opened with url: 'https://qa2.velocitypayment.com/agency/config.do?action=editor&message_version=2_5'

26-08-2024T23:02:24 - [MESSAGE][PASSED] - Current window maximized

26-08-2024T23:02:25 - [MESSAGE][PASSED] - All options with value '2.5' are selected in object 'Object Repository/IWP30/Page_VRelay30Emulator/MV'  using regular expression

26-08-2024T23:02:25 - [MESSAGE][PASSED] - Text '10.50' is set on object 'Object Repository/IWP30/Page_VRelay30Emulator/Amount'

26-08-2024T23:02:26 - [MESSAGE][PASSED] - Text '26413414' is set on object 'Object Repository/IWP30/Page_VRelay30Emulator/CAN'

26-08-2024T23:02:27 - [MESSAGE][PASSED] - Text 'PayNow' is set on object 'Object Repository/IWP30/Page_VRelay30Emulator/Action'

26-08-2024T23:02:27 - [MESSAGE][PASSED] - Text 'en_US' is set on object 'Object Repository/IWP30/Page_VRelay30Emulator/Lang'

26-08-2024T23:02:28 - [MESSAGE][PASSED] - Text '' is set on object 'Object Repository/IWP30/Page_VRelay30Emulator/Fname'

26-08-2024T23:02:29 - [MESSAGE][PASSED] - Text '' is set on object 'Object Repository/IWP30/Page_VRelay30Emulator/Lname'

26-08-2024T23:02:29 - [MESSAGE][PASSED] - Text '' is set on object 'Object Repository/IWP30/Page_VRelay30Emulator/AL1'

26-08-2024T23:02:30 - [MESSAGE][PASSED] - Text '' is set on object 'Object Repository/IWP30/Page_VRelay30Emulator/AL2'

26-08-2024T23:02:30 - [MESSAGE][PASSED] - Text '' is set on object 'Object Repository/IWP30/Page_VRelay30Emulator/Country'

26-08-2024T23:02:31 - [MESSAGE][PASSED] - Text '' is set on object 'Object Repository/IWP30/Page_VRelay30Emulator/City'

26-08-2024T23:02:32 - [MESSAGE][PASSED] - Text '' is set on object 'Object Repository/IWP30/Page_VRelay30Emulator/State'

26-08-2024T23:02:32 - [MESSAGE][PASSED] - Text '' is set on object 'Object Repository/IWP30/Page_VRelay30Emulator/ZIP'

26-08-2024T23:02:33 - [MESSAGE][PASSED] - Text '' is set on object 'Object Repository/IWP30/Page_VRelay30Emulator/Order'

26-08-2024T23:02:33 - [MESSAGE][PASSED] - Text '' is set on object 'Object Repository/IWP30/Page_VRelay30Emulator/Company'

26-08-2024T23:02:34 - [MESSAGE][PASSED] - Text '' is set on object 'Object Repository/IWP30/Page_VRelay30Emulator/Email'

26-08-2024T23:02:35 - [MESSAGE][PASSED] - Text '' is set on object 'Object Repository/IWP30/Page_VRelay30Emulator/UDF1'

26-08-2024T23:02:35 - [MESSAGE][PASSED] - Text '' is set on object 'Object Repository/IWP30/Page_VRelay30Emulator/UDF2'

26-08-2024T23:02:36 - [MESSAGE][PASSED] - Text '' is set on object 'Object Repository/IWP30/Page_VRelay30Emulator/UDF3'

26-08-2024T23:02:36 - [MESSAGE][PASSED] - Text 'udf data 4' is set on object 'Object Repository/IWP30/Page_VRelay30Emulator/UDF4'

26-08-2024T23:02:37 - [MESSAGE][PASSED] - Text 'udf data 5' is set on object 'Object Repository/IWP30/Page_VRelay30Emulator/UDF5'

26-08-2024T23:02:38 - [MESSAGE][PASSED] - Text '' is set on object 'Object Repository/IWP30/Page_VRelay30Emulator/UDF6'

26-08-2024T23:02:38 - [MESSAGE][PASSED] - Text '' is set on object 'Object Repository/IWP30/Page_VRelay30Emulator/UDF7'

26-08-2024T23:02:39 - [MESSAGE][PASSED] - Text '' is set on object 'Object Repository/IWP30/Page_VRelay30Emulator/UDF8'

26-08-2024T23:02:39 - [MESSAGE][PASSED] - Text 'udf data 9' is set on object 'Object Repository/IWP30/Page_VRelay30Emulator/UDF9'

26-08-2024T23:02:40 - [MESSAGE][PASSED] - Text 'udf data 10' is set on object 'Object Repository/IWP30/Page_VRelay30Emulator/UDF10'

26-08-2024T23:02:41 - [MESSAGE][PASSED] - Object: 'Object Repository/IWP30/Page_VRelay30Emulator/Submit' is clicked on

26-08-2024T23:02:45 - [MESSAGE][PASSED] - Browser is closed

26-08-2024T23:02:49 - [MESSAGE][PASSED] - iwpPages.emulatorIWP30.setDataEmulator_DD is PASSED

26-08-2024T23:02:49 - [TEST_STEP][PASSED] - testHarnessURL = urlTestHarness: null

26-08-2024T23:02:49 - [TEST_STEP][PASSED] - openBrowser(testHarnessURL): Browser is opened with url: 'https://dev-algorithm.govolution.com/vrelaytest/QA2/version_2_2/vrelaytest.html'

26-08-2024T23:02:49 - [MESSAGE][INFO] - Starting 'Edge Chromium' driver

26-08-2024T23:02:49 - [MESSAGE][INFO] - User set preference: ['acceptInsecureCerts', 'true']

26-08-2024T23:02:51 - [MESSAGE][INFO] - Action delay is set to 0 milliseconds

26-08-2024T23:02:55 - [MESSAGE][PASSED] - Browser is opened with url: 'https://dev-algorithm.govolution.com/vrelaytest/QA2/version_2_2/vrelaytest.html'

26-08-2024T23:02:55 - [TEST_STEP][PASSED] - maximizeWindow(): Current window maximized

26-08-2024T23:02:55 - [MESSAGE][PASSED] - Current window maximized

26-08-2024T23:02:55 - [TEST_STEP][PASSED] - iwpPages.TestHarnessPage.setDataMethod(row, dataFile): iwpPages.TestHarnessPage.setDataMethod is PASSED

26-08-2024T23:02:56 - [MESSAGE][PASSED] - Object 'Object Repository/IWP30/Page_QATestHarness/RemittanceID' is present

26-08-2024T23:02:56 - [MESSAGE][PASSED] - Text '638' is set on object 'Object Repository/IWP30/Page_QATestHarness/ApplicationID'

26-08-2024T23:02:57 - [MESSAGE][PASSED] - Text '2.5' is set on object 'Object Repository/IWP30/Page_QATestHarness/MessageVersion'

26-08-2024T23:02:58 - [MESSAGE][PASSED] - Text 'iRijwUPlQ9iB' is set on object 'Object Repository/IWP30/Page_QATestHarness/RemittanceID'

26-08-2024T23:03:01 - [MESSAGE][PASSED] - Object: 'Object Repository/IWP30/Page_QATestHarness/SubmitButton' is clicked on

26-08-2024T23:03:01 - [MESSAGE][PASSED] - iwpPages.TestHarnessPage.setDataMethod is PASSED

26-08-2024T23:03:01 - [TEST_STEP][PASSED] - click(findTestObject("Object Repository/IWP30/Page_SelectPaymentMethod/PayByPersonalCheck")): Object: 'Object Repository/IWP30/Page_SelectPaymentMethod/PayByPersonalCheck' is clicked on

26-08-2024T23:03:01 - [MESSAGE][PASSED] - Object: 'Object Repository/IWP30/Page_SelectPaymentMethod/PayByPersonalCheck' is clicked on

26-08-2024T23:03:01 - [TEST_STEP][PASSED] - click(findTestObject("Object Repository/IWP30/Page_SelectPaymentMethod/MakePaymentButton")): Object: 'Object Repository/IWP30/Page_SelectPaymentMethod/MakePaymentButton' is clicked on

26-08-2024T23:03:04 - [MESSAGE][PASSED] - Object: 'Object Repository/IWP30/Page_SelectPaymentMethod/MakePaymentButton' is clicked on

26-08-2024T23:03:04 - [TEST_STEP][PASSED] - iwpPages.achPersonalPaymentEntryPage.setDataACHPPM(row, dataFile): iwpPages.achPersonalPaymentEntryPage.setDataACHPPM is PASSED

26-08-2024T23:03:05 - [MESSAGE][PASSED] - Object 'Object Repository/IWP30/Page_ACHPersonalPaymentEntry/txt_accountNumber' is present

26-08-2024T23:03:05 - [MESSAGE][PASSED] - Text '200.50' is set on object 'Object Repository/IWP30/Page_ACHPersonalPaymentEntry/txt_Amount'

26-08-2024T23:03:06 - [MESSAGE][PASSED] - Object 'Object Repository/IWP30/Page_ACHPersonalPaymentEntry/txt_UDF2' is present

26-08-2024T23:03:06 - [MESSAGE][PASSED] - Text 'udf data 2' is set on object 'Object Repository/IWP30/Page_ACHPersonalPaymentEntry/txt_UDF2'

26-08-2024T23:03:07 - [MESSAGE][PASSED] - Text 'udf data 3' is set on object 'Object Repository/IWP30/Page_ACHPersonalPaymentEntry/txt_UDF3'

26-08-2024T23:03:07 - [MESSAGE][PASSED] - All options with label 'Orange' are selected in object 'Object Repository/IWP30/Page_ACHPersonalPaymentEntry/dd_UDF7' 

26-08-2024T23:03:08 - [MESSAGE][PASSED] - All options with label 'Soccer' are selected in object 'Object Repository/IWP30/Page_ACHPersonalPaymentEntry/dd_UDF8' 

26-08-2024T23:03:08 - [MESSAGE][PASSED] - Object 'Object Repository/IWP30/Page_ACHPersonalPaymentEntry/txt_Firstname' is present

26-08-2024T23:03:09 - [MESSAGE][PASSED] - Text 'Elizath' is set on object 'Object Repository/IWP30/Page_ACHPersonalPaymentEntry/txt_Firstname'

26-08-2024T23:03:09 - [MESSAGE][PASSED] - Object 'Object Repository/IWP30/Page_ACHPersonalPaymentEntry/txt_Lastname' is present

26-08-2024T23:03:10 - [MESSAGE][PASSED] - Text 'Christine' is set on object 'Object Repository/IWP30/Page_ACHPersonalPaymentEntry/txt_Lastname'

26-08-2024T23:03:10 - [MESSAGE][PASSED] - Object 'Object Repository/IWP30/Page_ACHPersonalPaymentEntry/txt_routingNumber' is present

26-08-2024T23:03:11 - [MESSAGE][PASSED] - Text '256072691' is set on object 'Object Repository/IWP30/Page_ACHPersonalPaymentEntry/txt_routingNumber'

26-08-2024T23:03:11 - [MESSAGE][PASSED] - Object 'Object Repository/IWP30/Page_ACHPersonalPaymentEntry/txt_accountNumber' is present

26-08-2024T23:03:12 - [MESSAGE][PASSED] - Text '12344444' is set on object 'Object Repository/IWP30/Page_ACHPersonalPaymentEntry/txt_accountNumber'

26-08-2024T23:03:12 - [MESSAGE][PASSED] - Object 'Object Repository/IWP30/Page_ACHPersonalPaymentEntry/txt_confirmAccountNumber' is present

26-08-2024T23:03:13 - [MESSAGE][PASSED] - Text '12344444' is set on object 'Object Repository/IWP30/Page_ACHPersonalPaymentEntry/txt_confirmAccountNumber'

26-08-2024T23:03:13 - [MESSAGE][PASSED] - Object 'Object Repository/IWP30/Page_ACHPersonalPaymentEntry/rd_accountType' is present

26-08-2024T23:03:13 - [MESSAGE][PASSED] - Modify property of object successfully

26-08-2024T23:03:13 - [MESSAGE][PASSED] - Object: 'Object Repository/IWP30/Page_ACHPersonalPaymentEntry/rd_accountType' is clicked on

26-08-2024T23:03:14 - [MESSAGE][PASSED] - Text '365 Main Avenue' is set on object 'Object Repository/IWP30/Page_ACHPersonalPaymentEntry/txt_AL1'

26-08-2024T23:03:15 - [MESSAGE][PASSED] - Text '22201' is set on object 'Object Repository/IWP30/Page_ACHPersonalPaymentEntry/txt_ZIP'

26-08-2024T23:03:15 - [MESSAGE][PASSED] - Object 'Object Repository/IWP30/Page_ACHPersonalPaymentEntry/txt_Email' is present

26-08-2024T23:03:16 - [MESSAGE][PASSED] - Text 'iahmed@govolution.com' is set on object 'Object Repository/IWP30/Page_ACHPersonalPaymentEntry/txt_Email'

26-08-2024T23:03:16 - [MESSAGE][PASSED] - Object 'Object Repository/IWP30/Page_ACHPersonalPaymentEntry/cb_TermsAndCond' is present

26-08-2024T23:03:17 - [MESSAGE][PASSED] - Object: 'Object Repository/IWP30/Page_ACHPersonalPaymentEntry/cb_TermsAndCond' is clicked on

26-08-2024T23:03:17 - [MESSAGE][PASSED] - Object 'Object Repository/IWP30/Page_ACHPersonalPaymentEntry/btn_Continue' is present

26-08-2024T23:03:20 - [MESSAGE][PASSED] - Object: 'Object Repository/IWP30/Page_ACHPersonalPaymentEntry/btn_Continue' is clicked on

26-08-2024T23:03:20 - [MESSAGE][PASSED] - iwpPages.achPersonalPaymentEntryPage.setDataACHPPM is PASSED

26-08-2024T23:03:20 - [TEST_STEP][PASSED] - Thread.sleep(10000): null

26-08-2024T23:03:30 - [TEST_STEP][PASSED] - if (verifyTextPresent("Amount is greater than maximum", false)): null

26-08-2024T23:03:30 - [MESSAGE][PASSED] - Text 'Amount is greater than maximum' is present on page 

26-08-2024T23:03:30 - [TEST_STEP][PASSED] - println("Max Amount Error message shown"): null

26-08-2024T23:03:30 - [TEST_STEP][PASSED] - markPassed("Max Amount Error message shown"): Max Amount Error message shown

26-08-2024T23:03:30 - [MESSAGE][PASSED] - Max Amount Error message shown

26-08-2024T23:03:30 - [TEST_STEP][PASSED] - resText = "Pass": null

26-08-2024T23:03:30 - [TEST_STEP][PASSED] - pages.WriteExcel.demoKey(resText, datText, resColumn, datCloumn, fileLoc, nameSheet, row): pages.WriteExcel.demoKey is PASSED

26-08-2024T23:03:30 - [MESSAGE][PASSED] - pages.WriteExcel.demoKey is PASSED

26-08-2024T23:03:30 - [TEST_STEP][PASSED] - closeBrowser(): Browser is closed

26-08-2024T23:03:31 - [MESSAGE][PASSED] - Browser is closed]]></system-out>
         <system-err><![CDATA[]]></system-err>
      </testcase>
      <testcase name="Test Cases/IntegratedWeb/IWP25/Error/MinAmountErrorCorp" time="72.466" classname="Test Cases/IntegratedWeb/IWP25/Error/MinAmountErrorCorp" status="PASSED">
         <system-out><![CDATA[26-08-2024T23:03:31 - [TEST_CASE][PASSED] - Test Cases/IntegratedWeb/IWP25/Error/MinAmountErrorCorp: Test Cases/IntegratedWeb/IWP25/Error/MinAmountErrorCorp

26-08-2024T23:03:31 - [TEST_STEP][PASSED] - resText = "Fail": null

26-08-2024T23:03:31 - [TEST_STEP][PASSED] - resColumn = "Result": null

26-08-2024T23:03:31 - [TEST_STEP][PASSED] - datCloumn = "Date": null

26-08-2024T23:03:31 - [TEST_STEP][PASSED] - fileLoc = "KatalonData/IWPTestData/VRelay25Payments.xlsx": null

26-08-2024T23:03:31 - [TEST_STEP][PASSED] - numOfRows = <not implemented yet for class: org.codehaus.groovy.ast.expr.EmptyExpression>: null

26-08-2024T23:03:31 - [TEST_STEP][PASSED] - dataFile = <not implemented yet for class: org.codehaus.groovy.ast.expr.EmptyExpression>: null

26-08-2024T23:03:31 - [TEST_STEP][PASSED] - nameSheet = <not implemented yet for class: org.codehaus.groovy.ast.expr.EmptyExpression>: null

26-08-2024T23:03:31 - [TEST_STEP][PASSED] - dataFileEmulator = <not implemented yet for class: org.codehaus.groovy.ast.expr.EmptyExpression>: null

26-08-2024T23:03:31 - [TEST_STEP][PASSED] - nameSheet = "MinAmountErrorCorp": null

26-08-2024T23:03:31 - [TEST_STEP][PASSED] - dataFile = "IWPTestData/IWP25MinAmountErrorCorp": null

26-08-2024T23:03:31 - [TEST_STEP][PASSED] - dataFileEmulator = "IWPTestData/EmulatorData": null

26-08-2024T23:03:31 - [TEST_STEP][PASSED] - numOfRows = findTestData(dataFile).getRowNumbers(): null

26-08-2024T23:03:31 - [TEST_STEP][PASSED] - println("Number of Records: " + numOfRows): null

26-08-2024T23:03:31 - [TEST_STEP][PASSED] - for ([row = 1, row <= numOfRows, (row++)]): Browser is closed

26-08-2024T23:03:31 - [TEST_STEP][PASSED] - ExecuteTC = findTestData(dataFile).getValue("Execute", row): null

26-08-2024T23:03:31 - [TEST_STEP][PASSED] - out.println("Value of Execute is : " + ExecuteTC): null

26-08-2024T23:03:31 - [TEST_STEP][PASSED] - if (ExecuteTC.equalsIgnoreCase("Y")): null

26-08-2024T23:03:31 - [TEST_STEP][PASSED] - out.println("Begin Record Number: " + row): null

26-08-2024T23:03:31 - [TEST_STEP][PASSED] - today = new java.util.Date(): null

26-08-2024T23:03:31 - [TEST_STEP][PASSED] - println(today): null

26-08-2024T23:03:31 - [TEST_STEP][PASSED] - datText = today: null

26-08-2024T23:03:31 - [TEST_STEP][PASSED] - EmulatorDataKey = findTestData(dataFile).getValue("EmulatorData", row): null

26-08-2024T23:03:31 - [TEST_STEP][PASSED] - out.println("Value of Emulator Key is : " + EmulatorDataKey): null

26-08-2024T23:03:31 - [TEST_STEP][PASSED] - iwpPages.emulatorIWP30.setDataEmulator_DD(EmulatorDataKey): iwpPages.emulatorIWP30.setDataEmulator_DD is PASSED

26-08-2024T23:03:32 - [MESSAGE][INFO] - Starting 'Edge Chromium' driver

26-08-2024T23:03:32 - [MESSAGE][INFO] - User set preference: ['acceptInsecureCerts', 'true']

26-08-2024T23:03:34 - [MESSAGE][INFO] - Action delay is set to 0 milliseconds

26-08-2024T23:03:37 - [MESSAGE][PASSED] - Browser is opened with url: 'https://qa2.velocitypayment.com/agency/config.do?action=editor&message_version=2_5'

26-08-2024T23:03:37 - [MESSAGE][PASSED] - Current window maximized

26-08-2024T23:03:38 - [MESSAGE][PASSED] - All options with value '2.5' are selected in object 'Object Repository/IWP30/Page_VRelay30Emulator/MV'  using regular expression

26-08-2024T23:03:39 - [MESSAGE][PASSED] - Text '10.50' is set on object 'Object Repository/IWP30/Page_VRelay30Emulator/Amount'

26-08-2024T23:03:40 - [MESSAGE][PASSED] - Text '26413414' is set on object 'Object Repository/IWP30/Page_VRelay30Emulator/CAN'

26-08-2024T23:03:40 - [MESSAGE][PASSED] - Text 'PayNow' is set on object 'Object Repository/IWP30/Page_VRelay30Emulator/Action'

26-08-2024T23:03:41 - [MESSAGE][PASSED] - Text 'en_US' is set on object 'Object Repository/IWP30/Page_VRelay30Emulator/Lang'

26-08-2024T23:03:42 - [MESSAGE][PASSED] - Text '' is set on object 'Object Repository/IWP30/Page_VRelay30Emulator/Fname'

26-08-2024T23:03:42 - [MESSAGE][PASSED] - Text '' is set on object 'Object Repository/IWP30/Page_VRelay30Emulator/Lname'

26-08-2024T23:03:43 - [MESSAGE][PASSED] - Text '' is set on object 'Object Repository/IWP30/Page_VRelay30Emulator/AL1'

26-08-2024T23:03:43 - [MESSAGE][PASSED] - Text '' is set on object 'Object Repository/IWP30/Page_VRelay30Emulator/AL2'

26-08-2024T23:03:44 - [MESSAGE][PASSED] - Text '' is set on object 'Object Repository/IWP30/Page_VRelay30Emulator/Country'

26-08-2024T23:03:45 - [MESSAGE][PASSED] - Text '' is set on object 'Object Repository/IWP30/Page_VRelay30Emulator/City'

26-08-2024T23:03:45 - [MESSAGE][PASSED] - Text '' is set on object 'Object Repository/IWP30/Page_VRelay30Emulator/State'

26-08-2024T23:03:46 - [MESSAGE][PASSED] - Text '' is set on object 'Object Repository/IWP30/Page_VRelay30Emulator/ZIP'

26-08-2024T23:03:46 - [MESSAGE][PASSED] - Text '' is set on object 'Object Repository/IWP30/Page_VRelay30Emulator/Order'

26-08-2024T23:03:47 - [MESSAGE][PASSED] - Text '' is set on object 'Object Repository/IWP30/Page_VRelay30Emulator/Company'

26-08-2024T23:03:48 - [MESSAGE][PASSED] - Text '' is set on object 'Object Repository/IWP30/Page_VRelay30Emulator/Email'

26-08-2024T23:03:48 - [MESSAGE][PASSED] - Text '' is set on object 'Object Repository/IWP30/Page_VRelay30Emulator/UDF1'

26-08-2024T23:03:49 - [MESSAGE][PASSED] - Text '' is set on object 'Object Repository/IWP30/Page_VRelay30Emulator/UDF2'

26-08-2024T23:03:50 - [MESSAGE][PASSED] - Text '' is set on object 'Object Repository/IWP30/Page_VRelay30Emulator/UDF3'

26-08-2024T23:03:50 - [MESSAGE][PASSED] - Text 'udf data 4' is set on object 'Object Repository/IWP30/Page_VRelay30Emulator/UDF4'

26-08-2024T23:03:51 - [MESSAGE][PASSED] - Text 'udf data 5' is set on object 'Object Repository/IWP30/Page_VRelay30Emulator/UDF5'

26-08-2024T23:03:51 - [MESSAGE][PASSED] - Text '' is set on object 'Object Repository/IWP30/Page_VRelay30Emulator/UDF6'

26-08-2024T23:03:52 - [MESSAGE][PASSED] - Text '' is set on object 'Object Repository/IWP30/Page_VRelay30Emulator/UDF7'

26-08-2024T23:03:53 - [MESSAGE][PASSED] - Text '' is set on object 'Object Repository/IWP30/Page_VRelay30Emulator/UDF8'

26-08-2024T23:03:53 - [MESSAGE][PASSED] - Text 'udf data 9' is set on object 'Object Repository/IWP30/Page_VRelay30Emulator/UDF9'

26-08-2024T23:03:54 - [MESSAGE][PASSED] - Text 'udf data 10' is set on object 'Object Repository/IWP30/Page_VRelay30Emulator/UDF10'

26-08-2024T23:03:55 - [MESSAGE][PASSED] - Object: 'Object Repository/IWP30/Page_VRelay30Emulator/Submit' is clicked on

26-08-2024T23:03:59 - [MESSAGE][PASSED] - Browser is closed

26-08-2024T23:04:04 - [MESSAGE][PASSED] - iwpPages.emulatorIWP30.setDataEmulator_DD is PASSED

26-08-2024T23:04:04 - [TEST_STEP][PASSED] - testHarnessURL = urlTestHarness: null

26-08-2024T23:04:04 - [TEST_STEP][PASSED] - openBrowser(testHarnessURL): Browser is opened with url: 'https://dev-algorithm.govolution.com/vrelaytest/QA2/version_2_2/vrelaytest.html'

26-08-2024T23:04:04 - [MESSAGE][INFO] - Starting 'Edge Chromium' driver

26-08-2024T23:04:04 - [MESSAGE][INFO] - User set preference: ['acceptInsecureCerts', 'true']

26-08-2024T23:04:06 - [MESSAGE][INFO] - Action delay is set to 0 milliseconds

26-08-2024T23:04:09 - [MESSAGE][PASSED] - Browser is opened with url: 'https://dev-algorithm.govolution.com/vrelaytest/QA2/version_2_2/vrelaytest.html'

26-08-2024T23:04:09 - [TEST_STEP][PASSED] - maximizeWindow(): Current window maximized

26-08-2024T23:04:09 - [MESSAGE][PASSED] - Current window maximized

26-08-2024T23:04:09 - [TEST_STEP][PASSED] - iwpPages.TestHarnessPage.setDataMethod(row, dataFile): iwpPages.TestHarnessPage.setDataMethod is PASSED

26-08-2024T23:04:09 - [MESSAGE][PASSED] - Object 'Object Repository/IWP30/Page_QATestHarness/RemittanceID' is present

26-08-2024T23:04:10 - [MESSAGE][PASSED] - Text '638' is set on object 'Object Repository/IWP30/Page_QATestHarness/ApplicationID'

26-08-2024T23:04:11 - [MESSAGE][PASSED] - Text '2.5' is set on object 'Object Repository/IWP30/Page_QATestHarness/MessageVersion'

26-08-2024T23:04:11 - [MESSAGE][PASSED] - Text '7BJOqFIc6etu' is set on object 'Object Repository/IWP30/Page_QATestHarness/RemittanceID'

26-08-2024T23:04:15 - [MESSAGE][PASSED] - Object: 'Object Repository/IWP30/Page_QATestHarness/SubmitButton' is clicked on

26-08-2024T23:04:15 - [MESSAGE][PASSED] - iwpPages.TestHarnessPage.setDataMethod is PASSED

26-08-2024T23:04:15 - [TEST_STEP][PASSED] - click(findTestObject("Object Repository/IWP30/Page_SelectPaymentMethod/PayByCorporateCheck")): Object: 'Object Repository/IWP30/Page_SelectPaymentMethod/PayByCorporateCheck' is clicked on

26-08-2024T23:04:16 - [MESSAGE][PASSED] - Object: 'Object Repository/IWP30/Page_SelectPaymentMethod/PayByCorporateCheck' is clicked on

26-08-2024T23:04:16 - [TEST_STEP][PASSED] - click(findTestObject("Object Repository/IWP30/Page_SelectPaymentMethod/MakePaymentButton")): Object: 'Object Repository/IWP30/Page_SelectPaymentMethod/MakePaymentButton' is clicked on

26-08-2024T23:04:18 - [MESSAGE][PASSED] - Object: 'Object Repository/IWP30/Page_SelectPaymentMethod/MakePaymentButton' is clicked on

26-08-2024T23:04:18 - [TEST_STEP][PASSED] - iwpPages.achCorporatePaymentEntryPage.setDataCorporate(row, dataFile): iwpPages.achCorporatePaymentEntryPage.setDataCorporate is PASSED

26-08-2024T23:04:19 - [MESSAGE][PASSED] - Object 'Object Repository/IWP30/Page_ACHCorporatePaymentEntry/txt_accountNumber' is present

26-08-2024T23:04:19 - [MESSAGE][PASSED] - Object 'Object Repository/IWP30/Page_ACHCorporatePaymentEntry/input_CompanyName' is present

26-08-2024T23:04:20 - [MESSAGE][PASSED] - Text 'My Company' is set on object 'Object Repository/IWP30/Page_ACHCorporatePaymentEntry/input_CompanyName'

26-08-2024T23:04:20 - [MESSAGE][PASSED] - Object 'Object Repository/IWP30/Page_ACHCorporatePaymentEntry/input_EIN' is present

26-08-2024T23:04:21 - [MESSAGE][PASSED] - Text '123456789' is set on object 'Object Repository/IWP30/Page_ACHCorporatePaymentEntry/input_EIN'

26-08-2024T23:04:21 - [MESSAGE][PASSED] - Text '1.50' is set on object 'Object Repository/IWP30/Page_ACHCorporatePaymentEntry/txt_Amount'

26-08-2024T23:04:22 - [MESSAGE][PASSED] - Text 'udf data 2' is set on object 'Object Repository/IWP30/Page_ACHCorporatePaymentEntry/txt_UDF2'

26-08-2024T23:04:23 - [MESSAGE][PASSED] - Text 'udf data 3' is set on object 'Object Repository/IWP30/Page_ACHCorporatePaymentEntry/txt_UDF3'

26-08-2024T23:04:23 - [MESSAGE][PASSED] - All options with label 'Orange' are selected in object 'Object Repository/IWP30/Page_ACHCorporatePaymentEntry/dd_UDF7' 

26-08-2024T23:04:24 - [MESSAGE][PASSED] - All options with label 'Soccer' are selected in object 'Object Repository/IWP30/Page_ACHCorporatePaymentEntry/dd_UDF8' 

26-08-2024T23:04:24 - [MESSAGE][PASSED] - Object 'Object Repository/IWP30/Page_ACHCorporatePaymentEntry/txt_routingNumber' is present

26-08-2024T23:04:25 - [MESSAGE][PASSED] - Text '256072691' is set on object 'Object Repository/IWP30/Page_ACHCorporatePaymentEntry/txt_routingNumber'

26-08-2024T23:04:25 - [MESSAGE][PASSED] - Object 'Object Repository/IWP30/Page_ACHCorporatePaymentEntry/txt_accountNumber' is present

26-08-2024T23:04:26 - [MESSAGE][PASSED] - Text '12344444' is set on object 'Object Repository/IWP30/Page_ACHCorporatePaymentEntry/txt_accountNumber'

26-08-2024T23:04:26 - [MESSAGE][PASSED] - Object 'Object Repository/IWP30/Page_ACHCorporatePaymentEntry/txt_confirmAccountNumber' is present

26-08-2024T23:04:27 - [MESSAGE][PASSED] - Text '12344444' is set on object 'Object Repository/IWP30/Page_ACHCorporatePaymentEntry/txt_confirmAccountNumber'

26-08-2024T23:04:27 - [MESSAGE][PASSED] - Text '365 Main Avenue' is set on object 'Object Repository/IWP30/Page_ACHCorporatePaymentEntry/txt_AL1'

26-08-2024T23:04:28 - [MESSAGE][PASSED] - Text '22201' is set on object 'Object Repository/IWP30/Page_ACHCorporatePaymentEntry/txt_ZIP'

26-08-2024T23:04:28 - [MESSAGE][PASSED] - Object 'Object Repository/IWP30/Page_ACHCorporatePaymentEntry/txt_Email' is present

26-08-2024T23:04:29 - [MESSAGE][PASSED] - Text 'iahmed@govolution.com' is set on object 'Object Repository/IWP30/Page_ACHCorporatePaymentEntry/txt_Email'

26-08-2024T23:04:29 - [MESSAGE][PASSED] - Object 'Object Repository/IWP30/Page_ACHCorporatePaymentEntry/cb_TermsAndCond' is present

26-08-2024T23:04:30 - [MESSAGE][PASSED] - Object: 'Object Repository/IWP30/Page_ACHCorporatePaymentEntry/cb_TermsAndCond' is clicked on

26-08-2024T23:04:30 - [MESSAGE][PASSED] - Object 'Object Repository/IWP30/Page_ACHCorporatePaymentEntry/btn_Continue' is present

26-08-2024T23:04:32 - [MESSAGE][PASSED] - Object: 'Object Repository/IWP30/Page_ACHCorporatePaymentEntry/btn_Continue' is clicked on

26-08-2024T23:04:32 - [MESSAGE][PASSED] - iwpPages.achCorporatePaymentEntryPage.setDataCorporate is PASSED

26-08-2024T23:04:32 - [TEST_STEP][PASSED] - Thread.sleep(10000): null

26-08-2024T23:04:42 - [TEST_STEP][PASSED] - if (verifyTextPresent("Amount is less than minimum", false)): null

26-08-2024T23:04:43 - [MESSAGE][PASSED] - Text 'Amount is less than minimum' is present on page 

26-08-2024T23:04:43 - [TEST_STEP][PASSED] - println("Min Amount Error message shown"): null

26-08-2024T23:04:43 - [TEST_STEP][PASSED] - markPassed("Min Amount Error message shown"): Min Amount Error message shown

26-08-2024T23:04:43 - [MESSAGE][PASSED] - Min Amount Error message shown

26-08-2024T23:04:43 - [TEST_STEP][PASSED] - resText = "Pass": null

26-08-2024T23:04:43 - [TEST_STEP][PASSED] - pages.WriteExcel.demoKey(resText, datText, resColumn, datCloumn, fileLoc, nameSheet, row): pages.WriteExcel.demoKey is PASSED

26-08-2024T23:04:43 - [MESSAGE][PASSED] - pages.WriteExcel.demoKey is PASSED

26-08-2024T23:04:43 - [TEST_STEP][PASSED] - closeBrowser(): Browser is closed

26-08-2024T23:04:43 - [MESSAGE][PASSED] - Browser is closed]]></system-out>
         <system-err><![CDATA[]]></system-err>
      </testcase>
      <testcase name="Test Cases/IntegratedWeb/IWP25/Error/MinAmountErrorPC" time="74.077" classname="Test Cases/IntegratedWeb/IWP25/Error/MinAmountErrorPC" status="PASSED">
         <system-out><![CDATA[26-08-2024T23:04:43 - [TEST_CASE][PASSED] - Test Cases/IntegratedWeb/IWP25/Error/MinAmountErrorPC: Test Cases/IntegratedWeb/IWP25/Error/MinAmountErrorPC

26-08-2024T23:04:43 - [TEST_STEP][PASSED] - resText = "Fail": null

26-08-2024T23:04:43 - [TEST_STEP][PASSED] - resColumn = "Result": null

26-08-2024T23:04:43 - [TEST_STEP][PASSED] - datCloumn = "Date": null

26-08-2024T23:04:43 - [TEST_STEP][PASSED] - fileLoc = "KatalonData/IWPTestData/VRelay25Payments.xlsx": null

26-08-2024T23:04:43 - [TEST_STEP][PASSED] - numOfRows = <not implemented yet for class: org.codehaus.groovy.ast.expr.EmptyExpression>: null

26-08-2024T23:04:43 - [TEST_STEP][PASSED] - dataFile = <not implemented yet for class: org.codehaus.groovy.ast.expr.EmptyExpression>: null

26-08-2024T23:04:43 - [TEST_STEP][PASSED] - nameSheet = <not implemented yet for class: org.codehaus.groovy.ast.expr.EmptyExpression>: null

26-08-2024T23:04:43 - [TEST_STEP][PASSED] - dataFileEmulator = <not implemented yet for class: org.codehaus.groovy.ast.expr.EmptyExpression>: null

26-08-2024T23:04:43 - [TEST_STEP][PASSED] - nameSheet = "MinAmountErrorPC": null

26-08-2024T23:04:43 - [TEST_STEP][PASSED] - dataFile = "IWPTestData/IWP25MinAmountErrorPC": null

26-08-2024T23:04:43 - [TEST_STEP][PASSED] - dataFileEmulator = "IWPTestData/EmulatorData": null

26-08-2024T23:04:43 - [TEST_STEP][PASSED] - numOfRows = findTestData(dataFile).getRowNumbers(): null

26-08-2024T23:04:44 - [TEST_STEP][PASSED] - println("Number of Records: " + numOfRows): null

26-08-2024T23:04:44 - [TEST_STEP][PASSED] - for ([row = 1, row <= numOfRows, (row++)]): Browser is closed

26-08-2024T23:04:44 - [TEST_STEP][PASSED] - ExecuteTC = findTestData(dataFile).getValue("Execute", row): null

26-08-2024T23:04:44 - [TEST_STEP][PASSED] - out.println("Value of Execute is : " + ExecuteTC): null

26-08-2024T23:04:44 - [TEST_STEP][PASSED] - if (ExecuteTC.equalsIgnoreCase("Y")): null

26-08-2024T23:04:44 - [TEST_STEP][PASSED] - out.println("Begin Record Number: " + row): null

26-08-2024T23:04:44 - [TEST_STEP][PASSED] - today = new java.util.Date(): null

26-08-2024T23:04:44 - [TEST_STEP][PASSED] - println(today): null

26-08-2024T23:04:44 - [TEST_STEP][PASSED] - datText = today: null

26-08-2024T23:04:44 - [TEST_STEP][PASSED] - EmulatorDataKey = findTestData(dataFile).getValue("EmulatorData", row): null

26-08-2024T23:04:44 - [TEST_STEP][PASSED] - out.println("Value of Emulator Key is : " + EmulatorDataKey): null

26-08-2024T23:04:44 - [TEST_STEP][PASSED] - iwpPages.emulatorIWP30.setDataEmulator_DD(EmulatorDataKey): iwpPages.emulatorIWP30.setDataEmulator_DD is PASSED

26-08-2024T23:04:44 - [MESSAGE][INFO] - Starting 'Edge Chromium' driver

26-08-2024T23:04:44 - [MESSAGE][INFO] - User set preference: ['acceptInsecureCerts', 'true']

26-08-2024T23:04:46 - [MESSAGE][INFO] - Action delay is set to 0 milliseconds

26-08-2024T23:04:50 - [MESSAGE][PASSED] - Browser is opened with url: 'https://qa2.velocitypayment.com/agency/config.do?action=editor&message_version=2_5'

26-08-2024T23:04:50 - [MESSAGE][PASSED] - Current window maximized

26-08-2024T23:04:51 - [MESSAGE][PASSED] - All options with value '2.5' are selected in object 'Object Repository/IWP30/Page_VRelay30Emulator/MV'  using regular expression

26-08-2024T23:04:51 - [MESSAGE][PASSED] - Text '10.50' is set on object 'Object Repository/IWP30/Page_VRelay30Emulator/Amount'

26-08-2024T23:04:52 - [MESSAGE][PASSED] - Text '26413414' is set on object 'Object Repository/IWP30/Page_VRelay30Emulator/CAN'

26-08-2024T23:04:53 - [MESSAGE][PASSED] - Text 'PayNow' is set on object 'Object Repository/IWP30/Page_VRelay30Emulator/Action'

26-08-2024T23:04:53 - [MESSAGE][PASSED] - Text 'en_US' is set on object 'Object Repository/IWP30/Page_VRelay30Emulator/Lang'

26-08-2024T23:04:54 - [MESSAGE][PASSED] - Text '' is set on object 'Object Repository/IWP30/Page_VRelay30Emulator/Fname'

26-08-2024T23:04:55 - [MESSAGE][PASSED] - Text '' is set on object 'Object Repository/IWP30/Page_VRelay30Emulator/Lname'

26-08-2024T23:04:55 - [MESSAGE][PASSED] - Text '' is set on object 'Object Repository/IWP30/Page_VRelay30Emulator/AL1'

26-08-2024T23:04:56 - [MESSAGE][PASSED] - Text '' is set on object 'Object Repository/IWP30/Page_VRelay30Emulator/AL2'

26-08-2024T23:04:56 - [MESSAGE][PASSED] - Text '' is set on object 'Object Repository/IWP30/Page_VRelay30Emulator/Country'

26-08-2024T23:04:57 - [MESSAGE][PASSED] - Text '' is set on object 'Object Repository/IWP30/Page_VRelay30Emulator/City'

26-08-2024T23:04:57 - [MESSAGE][PASSED] - Text '' is set on object 'Object Repository/IWP30/Page_VRelay30Emulator/State'

26-08-2024T23:04:58 - [MESSAGE][PASSED] - Text '' is set on object 'Object Repository/IWP30/Page_VRelay30Emulator/ZIP'

26-08-2024T23:04:59 - [MESSAGE][PASSED] - Text '' is set on object 'Object Repository/IWP30/Page_VRelay30Emulator/Order'

26-08-2024T23:04:59 - [MESSAGE][PASSED] - Text '' is set on object 'Object Repository/IWP30/Page_VRelay30Emulator/Company'

26-08-2024T23:05:00 - [MESSAGE][PASSED] - Text '' is set on object 'Object Repository/IWP30/Page_VRelay30Emulator/Email'

26-08-2024T23:05:00 - [MESSAGE][PASSED] - Text '' is set on object 'Object Repository/IWP30/Page_VRelay30Emulator/UDF1'

26-08-2024T23:05:01 - [MESSAGE][PASSED] - Text '' is set on object 'Object Repository/IWP30/Page_VRelay30Emulator/UDF2'

26-08-2024T23:05:01 - [MESSAGE][PASSED] - Text '' is set on object 'Object Repository/IWP30/Page_VRelay30Emulator/UDF3'

26-08-2024T23:05:02 - [MESSAGE][PASSED] - Text 'udf data 4' is set on object 'Object Repository/IWP30/Page_VRelay30Emulator/UDF4'

26-08-2024T23:05:03 - [MESSAGE][PASSED] - Text 'udf data 5' is set on object 'Object Repository/IWP30/Page_VRelay30Emulator/UDF5'

26-08-2024T23:05:03 - [MESSAGE][PASSED] - Text '' is set on object 'Object Repository/IWP30/Page_VRelay30Emulator/UDF6'

26-08-2024T23:05:04 - [MESSAGE][PASSED] - Text '' is set on object 'Object Repository/IWP30/Page_VRelay30Emulator/UDF7'

26-08-2024T23:05:04 - [MESSAGE][PASSED] - Text '' is set on object 'Object Repository/IWP30/Page_VRelay30Emulator/UDF8'

26-08-2024T23:05:05 - [MESSAGE][PASSED] - Text 'udf data 9' is set on object 'Object Repository/IWP30/Page_VRelay30Emulator/UDF9'

26-08-2024T23:05:06 - [MESSAGE][PASSED] - Text 'udf data 10' is set on object 'Object Repository/IWP30/Page_VRelay30Emulator/UDF10'

26-08-2024T23:05:07 - [MESSAGE][PASSED] - Object: 'Object Repository/IWP30/Page_VRelay30Emulator/Submit' is clicked on

26-08-2024T23:05:11 - [MESSAGE][PASSED] - Browser is closed

26-08-2024T23:05:15 - [MESSAGE][PASSED] - iwpPages.emulatorIWP30.setDataEmulator_DD is PASSED

26-08-2024T23:05:15 - [TEST_STEP][PASSED] - testHarnessURL = urlTestHarness: null

26-08-2024T23:05:15 - [TEST_STEP][PASSED] - openBrowser(testHarnessURL): Browser is opened with url: 'https://dev-algorithm.govolution.com/vrelaytest/QA2/version_2_2/vrelaytest.html'

26-08-2024T23:05:15 - [MESSAGE][INFO] - Starting 'Edge Chromium' driver

26-08-2024T23:05:15 - [MESSAGE][INFO] - User set preference: ['acceptInsecureCerts', 'true']

26-08-2024T23:05:17 - [MESSAGE][INFO] - Action delay is set to 0 milliseconds

26-08-2024T23:05:21 - [MESSAGE][PASSED] - Browser is opened with url: 'https://dev-algorithm.govolution.com/vrelaytest/QA2/version_2_2/vrelaytest.html'

26-08-2024T23:05:21 - [TEST_STEP][PASSED] - maximizeWindow(): Current window maximized

26-08-2024T23:05:21 - [MESSAGE][PASSED] - Current window maximized

26-08-2024T23:05:21 - [TEST_STEP][PASSED] - iwpPages.TestHarnessPage.setDataMethod(row, dataFile): iwpPages.TestHarnessPage.setDataMethod is PASSED

26-08-2024T23:05:21 - [MESSAGE][PASSED] - Object 'Object Repository/IWP30/Page_QATestHarness/RemittanceID' is present

26-08-2024T23:05:22 - [MESSAGE][PASSED] - Text '638' is set on object 'Object Repository/IWP30/Page_QATestHarness/ApplicationID'

26-08-2024T23:05:22 - [MESSAGE][PASSED] - Text '2.5' is set on object 'Object Repository/IWP30/Page_QATestHarness/MessageVersion'

26-08-2024T23:05:23 - [MESSAGE][PASSED] - Text 't4wb2NLSkuHB' is set on object 'Object Repository/IWP30/Page_QATestHarness/RemittanceID'

26-08-2024T23:05:27 - [MESSAGE][PASSED] - Object: 'Object Repository/IWP30/Page_QATestHarness/SubmitButton' is clicked on

26-08-2024T23:05:27 - [MESSAGE][PASSED] - iwpPages.TestHarnessPage.setDataMethod is PASSED

26-08-2024T23:05:27 - [TEST_STEP][PASSED] - click(findTestObject("Object Repository/IWP30/Page_SelectPaymentMethod/PayByPersonalCheck")): Object: 'Object Repository/IWP30/Page_SelectPaymentMethod/PayByPersonalCheck' is clicked on

26-08-2024T23:05:28 - [MESSAGE][PASSED] - Object: 'Object Repository/IWP30/Page_SelectPaymentMethod/PayByPersonalCheck' is clicked on

26-08-2024T23:05:28 - [TEST_STEP][PASSED] - click(findTestObject("Object Repository/IWP30/Page_SelectPaymentMethod/MakePaymentButton")): Object: 'Object Repository/IWP30/Page_SelectPaymentMethod/MakePaymentButton' is clicked on

26-08-2024T23:05:31 - [MESSAGE][PASSED] - Object: 'Object Repository/IWP30/Page_SelectPaymentMethod/MakePaymentButton' is clicked on

26-08-2024T23:05:31 - [TEST_STEP][PASSED] - iwpPages.achPersonalPaymentEntryPage.setDataACHPPM(row, dataFile): iwpPages.achPersonalPaymentEntryPage.setDataACHPPM is PASSED

26-08-2024T23:05:32 - [MESSAGE][PASSED] - Object 'Object Repository/IWP30/Page_ACHPersonalPaymentEntry/txt_accountNumber' is present

26-08-2024T23:05:32 - [MESSAGE][PASSED] - Text '1.50' is set on object 'Object Repository/IWP30/Page_ACHPersonalPaymentEntry/txt_Amount'

26-08-2024T23:05:33 - [MESSAGE][PASSED] - Object 'Object Repository/IWP30/Page_ACHPersonalPaymentEntry/txt_UDF2' is present

26-08-2024T23:05:33 - [MESSAGE][PASSED] - Text 'udf data 2' is set on object 'Object Repository/IWP30/Page_ACHPersonalPaymentEntry/txt_UDF2'

26-08-2024T23:05:34 - [MESSAGE][PASSED] - Text 'udf data 3' is set on object 'Object Repository/IWP30/Page_ACHPersonalPaymentEntry/txt_UDF3'

26-08-2024T23:05:34 - [MESSAGE][PASSED] - All options with label 'Orange' are selected in object 'Object Repository/IWP30/Page_ACHPersonalPaymentEntry/dd_UDF7' 

26-08-2024T23:05:35 - [MESSAGE][PASSED] - All options with label 'Soccer' are selected in object 'Object Repository/IWP30/Page_ACHPersonalPaymentEntry/dd_UDF8' 

26-08-2024T23:05:35 - [MESSAGE][PASSED] - Object 'Object Repository/IWP30/Page_ACHPersonalPaymentEntry/txt_Firstname' is present

26-08-2024T23:05:36 - [MESSAGE][PASSED] - Text 'Elizath' is set on object 'Object Repository/IWP30/Page_ACHPersonalPaymentEntry/txt_Firstname'

26-08-2024T23:05:36 - [MESSAGE][PASSED] - Object 'Object Repository/IWP30/Page_ACHPersonalPaymentEntry/txt_Lastname' is present

26-08-2024T23:05:37 - [MESSAGE][PASSED] - Text 'Christine' is set on object 'Object Repository/IWP30/Page_ACHPersonalPaymentEntry/txt_Lastname'

26-08-2024T23:05:37 - [MESSAGE][PASSED] - Object 'Object Repository/IWP30/Page_ACHPersonalPaymentEntry/txt_routingNumber' is present

26-08-2024T23:05:38 - [MESSAGE][PASSED] - Text '256072691' is set on object 'Object Repository/IWP30/Page_ACHPersonalPaymentEntry/txt_routingNumber'

26-08-2024T23:05:38 - [MESSAGE][PASSED] - Object 'Object Repository/IWP30/Page_ACHPersonalPaymentEntry/txt_accountNumber' is present

26-08-2024T23:05:39 - [MESSAGE][PASSED] - Text '12344444' is set on object 'Object Repository/IWP30/Page_ACHPersonalPaymentEntry/txt_accountNumber'

26-08-2024T23:05:39 - [MESSAGE][PASSED] - Object 'Object Repository/IWP30/Page_ACHPersonalPaymentEntry/txt_confirmAccountNumber' is present

26-08-2024T23:05:40 - [MESSAGE][PASSED] - Text '12344444' is set on object 'Object Repository/IWP30/Page_ACHPersonalPaymentEntry/txt_confirmAccountNumber'

26-08-2024T23:05:40 - [MESSAGE][PASSED] - Object 'Object Repository/IWP30/Page_ACHPersonalPaymentEntry/rd_accountType' is present

26-08-2024T23:05:40 - [MESSAGE][PASSED] - Modify property of object successfully

26-08-2024T23:05:40 - [MESSAGE][PASSED] - Object: 'Object Repository/IWP30/Page_ACHPersonalPaymentEntry/rd_accountType' is clicked on

26-08-2024T23:05:41 - [MESSAGE][PASSED] - Text '365 Main Avenue' is set on object 'Object Repository/IWP30/Page_ACHPersonalPaymentEntry/txt_AL1'

26-08-2024T23:05:42 - [MESSAGE][PASSED] - Text '22201' is set on object 'Object Repository/IWP30/Page_ACHPersonalPaymentEntry/txt_ZIP'

26-08-2024T23:05:42 - [MESSAGE][PASSED] - Object 'Object Repository/IWP30/Page_ACHPersonalPaymentEntry/txt_Email' is present

26-08-2024T23:05:43 - [MESSAGE][PASSED] - Text 'iahmed@govolution.com' is set on object 'Object Repository/IWP30/Page_ACHPersonalPaymentEntry/txt_Email'

26-08-2024T23:05:43 - [MESSAGE][PASSED] - Object 'Object Repository/IWP30/Page_ACHPersonalPaymentEntry/cb_TermsAndCond' is present

26-08-2024T23:05:44 - [MESSAGE][PASSED] - Object: 'Object Repository/IWP30/Page_ACHPersonalPaymentEntry/cb_TermsAndCond' is clicked on

26-08-2024T23:05:44 - [MESSAGE][PASSED] - Object 'Object Repository/IWP30/Page_ACHPersonalPaymentEntry/btn_Continue' is present

26-08-2024T23:05:46 - [MESSAGE][PASSED] - Object: 'Object Repository/IWP30/Page_ACHPersonalPaymentEntry/btn_Continue' is clicked on

26-08-2024T23:05:46 - [MESSAGE][PASSED] - iwpPages.achPersonalPaymentEntryPage.setDataACHPPM is PASSED

26-08-2024T23:05:46 - [TEST_STEP][PASSED] - Thread.sleep(10000): null

26-08-2024T23:05:56 - [TEST_STEP][PASSED] - if (verifyTextPresent("Amount is less than minimum", false)): null

26-08-2024T23:05:56 - [MESSAGE][PASSED] - Text 'Amount is less than minimum' is present on page 

26-08-2024T23:05:56 - [TEST_STEP][PASSED] - println("Min Amount Error message shown"): null

26-08-2024T23:05:56 - [TEST_STEP][PASSED] - markPassed("Min Amount Error message shown"): Min Amount Error message shown

26-08-2024T23:05:56 - [MESSAGE][PASSED] - Min Amount Error message shown

26-08-2024T23:05:56 - [TEST_STEP][PASSED] - resText = "Pass": null

26-08-2024T23:05:56 - [TEST_STEP][PASSED] - pages.WriteExcel.demoKey(resText, datText, resColumn, datCloumn, fileLoc, nameSheet, row): pages.WriteExcel.demoKey is PASSED

26-08-2024T23:05:56 - [MESSAGE][PASSED] - pages.WriteExcel.demoKey is PASSED

26-08-2024T23:05:56 - [TEST_STEP][PASSED] - closeBrowser(): Browser is closed

26-08-2024T23:05:57 - [MESSAGE][PASSED] - Browser is closed]]></system-out>
         <system-err><![CDATA[]]></system-err>
      </testcase>
      <testcase name="Test Cases/IntegratedWeb/IWP25/Error/MRFCorporate" time="57.26" classname="Test Cases/IntegratedWeb/IWP25/Error/MRFCorporate" status="PASSED">
         <system-out><![CDATA[26-08-2024T23:05:57 - [TEST_CASE][PASSED] - Test Cases/IntegratedWeb/IWP25/Error/MRFCorporate: Test Cases/IntegratedWeb/IWP25/Error/MRFCorporate

26-08-2024T23:05:58 - [TEST_STEP][PASSED] - resText = "Fail": null

26-08-2024T23:05:58 - [TEST_STEP][PASSED] - resColumn = "Result": null

26-08-2024T23:05:58 - [TEST_STEP][PASSED] - datCloumn = "Date": null

26-08-2024T23:05:58 - [TEST_STEP][PASSED] - fileLoc = "KatalonData/IWPTestData/VRelay25Payments.xlsx": null

26-08-2024T23:05:58 - [TEST_STEP][PASSED] - numOfRows = <not implemented yet for class: org.codehaus.groovy.ast.expr.EmptyExpression>: null

26-08-2024T23:05:58 - [TEST_STEP][PASSED] - dataFile = <not implemented yet for class: org.codehaus.groovy.ast.expr.EmptyExpression>: null

26-08-2024T23:05:58 - [TEST_STEP][PASSED] - nameSheet = <not implemented yet for class: org.codehaus.groovy.ast.expr.EmptyExpression>: null

26-08-2024T23:05:58 - [TEST_STEP][PASSED] - dataFileEmulator = <not implemented yet for class: org.codehaus.groovy.ast.expr.EmptyExpression>: null

26-08-2024T23:05:58 - [TEST_STEP][PASSED] - isRequiredTextPresent = false: null

26-08-2024T23:05:58 - [TEST_STEP][PASSED] - nameSheet = "MRFCorp": null

26-08-2024T23:05:58 - [TEST_STEP][PASSED] - dataFile = "IWPTestData/IWP25MRFCorp": null

26-08-2024T23:05:58 - [TEST_STEP][PASSED] - dataFileEmulator = "IWPTestData/EmulatorData": null

26-08-2024T23:05:58 - [TEST_STEP][PASSED] - numOfRows = findTestData(dataFile).getRowNumbers(): null

26-08-2024T23:05:58 - [TEST_STEP][PASSED] - println("Number of Records: " + numOfRows): null

26-08-2024T23:05:58 - [TEST_STEP][PASSED] - for ([row = 1, row <= numOfRows, (row++)]): Browser is closed

26-08-2024T23:05:58 - [TEST_STEP][PASSED] - ExecuteTC = findTestData(dataFile).getValue("Execute", row): null

26-08-2024T23:05:58 - [TEST_STEP][PASSED] - out.println("Value of Execute is : " + ExecuteTC): null

26-08-2024T23:05:58 - [TEST_STEP][PASSED] - if (ExecuteTC.equalsIgnoreCase("Y")): pages.WriteExcel.demoKey is PASSED

26-08-2024T23:05:58 - [TEST_STEP][PASSED] - out.println("Begin Record Number: " + row): null

26-08-2024T23:05:58 - [TEST_STEP][PASSED] - today = new java.util.Date(): null

26-08-2024T23:05:58 - [TEST_STEP][PASSED] - println(today): null

26-08-2024T23:05:58 - [TEST_STEP][PASSED] - datText = today: null

26-08-2024T23:05:58 - [TEST_STEP][PASSED] - EmulatorDataKey = findTestData(dataFile).getValue("EmulatorData", row): null

26-08-2024T23:05:58 - [TEST_STEP][PASSED] - out.println("Value of Emulator Key is : " + EmulatorDataKey): null

26-08-2024T23:05:58 - [TEST_STEP][PASSED] - iwpPages.emulatorIWP30.setDataEmulator_DD(EmulatorDataKey): iwpPages.emulatorIWP30.setDataEmulator_DD is PASSED

26-08-2024T23:05:58 - [MESSAGE][INFO] - Starting 'Edge Chromium' driver

26-08-2024T23:05:58 - [MESSAGE][INFO] - User set preference: ['acceptInsecureCerts', 'true']

26-08-2024T23:06:00 - [MESSAGE][INFO] - Action delay is set to 0 milliseconds

26-08-2024T23:06:04 - [MESSAGE][PASSED] - Browser is opened with url: 'https://qa2.velocitypayment.com/agency/config.do?action=editor&message_version=2_5'

26-08-2024T23:06:04 - [MESSAGE][PASSED] - Current window maximized

26-08-2024T23:06:05 - [MESSAGE][PASSED] - All options with value '2.5' are selected in object 'Object Repository/IWP30/Page_VRelay30Emulator/MV'  using regular expression

26-08-2024T23:06:06 - [MESSAGE][PASSED] - Text '10.50' is set on object 'Object Repository/IWP30/Page_VRelay30Emulator/Amount'

26-08-2024T23:06:06 - [MESSAGE][PASSED] - Text '26413414' is set on object 'Object Repository/IWP30/Page_VRelay30Emulator/CAN'

26-08-2024T23:06:07 - [MESSAGE][PASSED] - Text 'PayNow' is set on object 'Object Repository/IWP30/Page_VRelay30Emulator/Action'

26-08-2024T23:06:08 - [MESSAGE][PASSED] - Text 'en_US' is set on object 'Object Repository/IWP30/Page_VRelay30Emulator/Lang'

26-08-2024T23:06:08 - [MESSAGE][PASSED] - Text '' is set on object 'Object Repository/IWP30/Page_VRelay30Emulator/Fname'

26-08-2024T23:06:09 - [MESSAGE][PASSED] - Text '' is set on object 'Object Repository/IWP30/Page_VRelay30Emulator/Lname'

26-08-2024T23:06:09 - [MESSAGE][PASSED] - Text '' is set on object 'Object Repository/IWP30/Page_VRelay30Emulator/AL1'

26-08-2024T23:06:10 - [MESSAGE][PASSED] - Text '' is set on object 'Object Repository/IWP30/Page_VRelay30Emulator/AL2'

26-08-2024T23:06:11 - [MESSAGE][PASSED] - Text '' is set on object 'Object Repository/IWP30/Page_VRelay30Emulator/Country'

26-08-2024T23:06:11 - [MESSAGE][PASSED] - Text '' is set on object 'Object Repository/IWP30/Page_VRelay30Emulator/City'

26-08-2024T23:06:12 - [MESSAGE][PASSED] - Text '' is set on object 'Object Repository/IWP30/Page_VRelay30Emulator/State'

26-08-2024T23:06:12 - [MESSAGE][PASSED] - Text '' is set on object 'Object Repository/IWP30/Page_VRelay30Emulator/ZIP'

26-08-2024T23:06:13 - [MESSAGE][PASSED] - Text '' is set on object 'Object Repository/IWP30/Page_VRelay30Emulator/Order'

26-08-2024T23:06:13 - [MESSAGE][PASSED] - Text '' is set on object 'Object Repository/IWP30/Page_VRelay30Emulator/Company'

26-08-2024T23:06:14 - [MESSAGE][PASSED] - Text '' is set on object 'Object Repository/IWP30/Page_VRelay30Emulator/Email'

26-08-2024T23:06:15 - [MESSAGE][PASSED] - Text '' is set on object 'Object Repository/IWP30/Page_VRelay30Emulator/UDF1'

26-08-2024T23:06:15 - [MESSAGE][PASSED] - Text '' is set on object 'Object Repository/IWP30/Page_VRelay30Emulator/UDF2'

26-08-2024T23:06:16 - [MESSAGE][PASSED] - Text '' is set on object 'Object Repository/IWP30/Page_VRelay30Emulator/UDF3'

26-08-2024T23:06:16 - [MESSAGE][PASSED] - Text 'udf data 4' is set on object 'Object Repository/IWP30/Page_VRelay30Emulator/UDF4'

26-08-2024T23:06:17 - [MESSAGE][PASSED] - Text 'udf data 5' is set on object 'Object Repository/IWP30/Page_VRelay30Emulator/UDF5'

26-08-2024T23:06:18 - [MESSAGE][PASSED] - Text '' is set on object 'Object Repository/IWP30/Page_VRelay30Emulator/UDF6'

26-08-2024T23:06:18 - [MESSAGE][PASSED] - Text '' is set on object 'Object Repository/IWP30/Page_VRelay30Emulator/UDF7'

26-08-2024T23:06:19 - [MESSAGE][PASSED] - Text '' is set on object 'Object Repository/IWP30/Page_VRelay30Emulator/UDF8'

26-08-2024T23:06:19 - [MESSAGE][PASSED] - Text 'udf data 9' is set on object 'Object Repository/IWP30/Page_VRelay30Emulator/UDF9'

26-08-2024T23:06:20 - [MESSAGE][PASSED] - Text 'udf data 10' is set on object 'Object Repository/IWP30/Page_VRelay30Emulator/UDF10'

26-08-2024T23:06:21 - [MESSAGE][PASSED] - Object: 'Object Repository/IWP30/Page_VRelay30Emulator/Submit' is clicked on

26-08-2024T23:06:25 - [MESSAGE][PASSED] - Browser is closed

26-08-2024T23:06:29 - [MESSAGE][PASSED] - iwpPages.emulatorIWP30.setDataEmulator_DD is PASSED

26-08-2024T23:06:29 - [TEST_STEP][PASSED] - testHarnessURL = urlTestHarness: null

26-08-2024T23:06:29 - [TEST_STEP][PASSED] - openBrowser(testHarnessURL): Browser is opened with url: 'https://dev-algorithm.govolution.com/vrelaytest/QA2/version_2_2/vrelaytest.html'

26-08-2024T23:06:29 - [MESSAGE][INFO] - Starting 'Edge Chromium' driver

26-08-2024T23:06:29 - [MESSAGE][INFO] - User set preference: ['acceptInsecureCerts', 'true']

26-08-2024T23:06:31 - [MESSAGE][INFO] - Action delay is set to 0 milliseconds

26-08-2024T23:06:35 - [MESSAGE][PASSED] - Browser is opened with url: 'https://dev-algorithm.govolution.com/vrelaytest/QA2/version_2_2/vrelaytest.html'

26-08-2024T23:06:35 - [TEST_STEP][PASSED] - maximizeWindow(): Current window maximized

26-08-2024T23:06:35 - [MESSAGE][PASSED] - Current window maximized

26-08-2024T23:06:35 - [TEST_STEP][PASSED] - iwpPages.TestHarnessPage.setDataMethod(row, dataFile): iwpPages.TestHarnessPage.setDataMethod is PASSED

26-08-2024T23:06:35 - [MESSAGE][PASSED] - Object 'Object Repository/IWP30/Page_QATestHarness/RemittanceID' is present

26-08-2024T23:06:36 - [MESSAGE][PASSED] - Text '638' is set on object 'Object Repository/IWP30/Page_QATestHarness/ApplicationID'

26-08-2024T23:06:37 - [MESSAGE][PASSED] - Text '2.5' is set on object 'Object Repository/IWP30/Page_QATestHarness/MessageVersion'

26-08-2024T23:06:37 - [MESSAGE][PASSED] - Text 'YWOf7YIWG7iX' is set on object 'Object Repository/IWP30/Page_QATestHarness/RemittanceID'

26-08-2024T23:06:40 - [MESSAGE][PASSED] - Object: 'Object Repository/IWP30/Page_QATestHarness/SubmitButton' is clicked on

26-08-2024T23:06:40 - [MESSAGE][PASSED] - iwpPages.TestHarnessPage.setDataMethod is PASSED

26-08-2024T23:06:40 - [TEST_STEP][PASSED] - click(findTestObject("Object Repository/IWP30/Page_SelectPaymentMethod/PayByCorporateCheck")): Object: 'Object Repository/IWP30/Page_SelectPaymentMethod/PayByCorporateCheck' is clicked on

26-08-2024T23:06:41 - [MESSAGE][PASSED] - Object: 'Object Repository/IWP30/Page_SelectPaymentMethod/PayByCorporateCheck' is clicked on

26-08-2024T23:06:41 - [TEST_STEP][PASSED] - click(findTestObject("Object Repository/IWP30/Page_SelectPaymentMethod/MakePaymentButton")): Object: 'Object Repository/IWP30/Page_SelectPaymentMethod/MakePaymentButton' is clicked on

26-08-2024T23:06:43 - [MESSAGE][PASSED] - Object: 'Object Repository/IWP30/Page_SelectPaymentMethod/MakePaymentButton' is clicked on

26-08-2024T23:06:43 - [TEST_STEP][PASSED] - click(findTestObject("Object Repository/IWP30/Page_ACHCorporatePaymentEntry/btn_Continue")): Object: 'Object Repository/IWP30/Page_ACHCorporatePaymentEntry/btn_Continue' is clicked on

26-08-2024T23:06:45 - [MESSAGE][PASSED] - Object: 'Object Repository/IWP30/Page_ACHCorporatePaymentEntry/btn_Continue' is clicked on

26-08-2024T23:06:45 - [TEST_STEP][PASSED] - Thread.sleep(5000): null

26-08-2024T23:06:50 - [TEST_STEP][PASSED] - if (verifyTextPresent("UDF3 Label is required", false)): null

26-08-2024T23:06:50 - [MESSAGE][PASSED] - Text 'UDF3 Label is required' is present on page 

26-08-2024T23:06:50 - [TEST_STEP][PASSED] - isRequiredTextPresent = true: null

26-08-2024T23:06:50 - [TEST_STEP][PASSED] - if (isRequiredTextPresent): null

26-08-2024T23:06:50 - [TEST_STEP][PASSED] - if (verifyTextPresent("UDF8 Label is required", false)): null

26-08-2024T23:06:51 - [MESSAGE][PASSED] - Text 'UDF8 Label is required' is present on page 

26-08-2024T23:06:51 - [TEST_STEP][PASSED] - isRequiredTextPresent = true: null

26-08-2024T23:06:51 - [TEST_STEP][PASSED] - if (isRequiredTextPresent): null

26-08-2024T23:06:51 - [TEST_STEP][PASSED] - if (verifyTextPresent("Company Name is required", false)): null

26-08-2024T23:06:51 - [MESSAGE][PASSED] - Text 'Company Name is required' is present on page 

26-08-2024T23:06:51 - [TEST_STEP][PASSED] - isRequiredTextPresent = true: null

26-08-2024T23:06:51 - [TEST_STEP][PASSED] - if (isRequiredTextPresent): null

26-08-2024T23:06:51 - [TEST_STEP][PASSED] - if (verifyTextPresent("Routing number is required", false)): null

26-08-2024T23:06:51 - [MESSAGE][PASSED] - Text 'Routing number is required' is present on page 

26-08-2024T23:06:51 - [TEST_STEP][PASSED] - isRequiredTextPresent = true: null

26-08-2024T23:06:51 - [TEST_STEP][PASSED] - if (isRequiredTextPresent): null

26-08-2024T23:06:51 - [TEST_STEP][PASSED] - if (verifyTextPresent("Account number is required", false)): null

26-08-2024T23:06:52 - [MESSAGE][PASSED] - Text 'Account number is required' is present on page 

26-08-2024T23:06:52 - [TEST_STEP][PASSED] - isRequiredTextPresent = true: null

26-08-2024T23:06:52 - [TEST_STEP][PASSED] - if (isRequiredTextPresent): null

26-08-2024T23:06:52 - [TEST_STEP][PASSED] - if (verifyTextPresent("The Confirm Account Number field is a required field.", false)): null

26-08-2024T23:06:52 - [MESSAGE][PASSED] - Text 'The Confirm Account Number field is a required field.' is present on page 

26-08-2024T23:06:52 - [TEST_STEP][PASSED] - isRequiredTextPresent = true: null

26-08-2024T23:06:52 - [TEST_STEP][PASSED] - if (isRequiredTextPresent): null

26-08-2024T23:06:52 - [TEST_STEP][PASSED] - if (verifyTextPresent("Address Line 1 is required", false)): null

26-08-2024T23:06:52 - [MESSAGE][PASSED] - Text 'Address Line 1 is required' is present on page 

26-08-2024T23:06:52 - [TEST_STEP][PASSED] - isRequiredTextPresent = true: null

26-08-2024T23:06:52 - [TEST_STEP][PASSED] - if (isRequiredTextPresent): null

26-08-2024T23:06:52 - [TEST_STEP][PASSED] - if (verifyTextPresent("ZIP Code is required", false)): null

26-08-2024T23:06:53 - [MESSAGE][PASSED] - Text 'ZIP Code is required' is present on page 

26-08-2024T23:06:53 - [TEST_STEP][PASSED] - isRequiredTextPresent = true: null

26-08-2024T23:06:53 - [TEST_STEP][PASSED] - if (isRequiredTextPresent): null

26-08-2024T23:06:53 - [TEST_STEP][PASSED] - if (verifyTextPresent("City is required", false)): null

26-08-2024T23:06:53 - [MESSAGE][PASSED] - Text 'City is required' is present on page 

26-08-2024T23:06:53 - [TEST_STEP][PASSED] - isRequiredTextPresent = true: null

26-08-2024T23:06:53 - [TEST_STEP][PASSED] - if (isRequiredTextPresent): null

26-08-2024T23:06:53 - [TEST_STEP][PASSED] - if (verifyTextPresent("State is required", false)): null

26-08-2024T23:06:53 - [MESSAGE][PASSED] - Text 'State is required' is present on page 

26-08-2024T23:06:53 - [TEST_STEP][PASSED] - isRequiredTextPresent = true: null

26-08-2024T23:06:53 - [TEST_STEP][PASSED] - if (isRequiredTextPresent): null

26-08-2024T23:06:53 - [TEST_STEP][PASSED] - if (verifyTextPresent("Email address is required.", false)): null

26-08-2024T23:06:54 - [MESSAGE][PASSED] - Text 'Email address is required.' is present on page 

26-08-2024T23:06:54 - [TEST_STEP][PASSED] - isRequiredTextPresent = true: null

26-08-2024T23:06:54 - [TEST_STEP][PASSED] - if (isRequiredTextPresent): null

26-08-2024T23:06:54 - [TEST_STEP][PASSED] - if (verifyTextPresent("You must review and accept the ACH terms and conditions in order to process an electronic debit transaction.", false)): null

26-08-2024T23:06:54 - [MESSAGE][PASSED] - Text 'You must review and accept the ACH terms and conditions in order to process an electronic debit transaction.' is present on page 

26-08-2024T23:06:54 - [TEST_STEP][PASSED] - isRequiredTextPresent = true: null

26-08-2024T23:06:54 - [TEST_STEP][PASSED] - if (isRequiredTextPresent): pages.WriteExcel.demoKey is PASSED

26-08-2024T23:06:54 - [TEST_STEP][PASSED] - println("All the missing required fields error messages are present"): null

26-08-2024T23:06:54 - [TEST_STEP][PASSED] - markPassed("All the missing required fields error messages are present"): All the missing required fields error messages are present

26-08-2024T23:06:54 - [MESSAGE][PASSED] - All the missing required fields error messages are present

26-08-2024T23:06:54 - [TEST_STEP][PASSED] - resText = "Pass": null

26-08-2024T23:06:54 - [TEST_STEP][PASSED] - pages.WriteExcel.demoKey(resText, datText, resColumn, datCloumn, fileLoc, nameSheet, row): pages.WriteExcel.demoKey is PASSED

26-08-2024T23:06:54 - [MESSAGE][PASSED] - pages.WriteExcel.demoKey is PASSED

26-08-2024T23:06:54 - [TEST_STEP][PASSED] - closeBrowser(): Browser is closed

26-08-2024T23:06:54 - [MESSAGE][PASSED] - Browser is closed]]></system-out>
         <system-err><![CDATA[]]></system-err>
      </testcase>
      <testcase name="Test Cases/IntegratedWeb/IWP25/Error/NoOverPayErrorCorp" time="67.352" classname="Test Cases/IntegratedWeb/IWP25/Error/NoOverPayErrorCorp" status="PASSED">
         <system-out><![CDATA[26-08-2024T23:06:54 - [TEST_CASE][PASSED] - Test Cases/IntegratedWeb/IWP25/Error/NoOverPayErrorCorp: Test Cases/IntegratedWeb/IWP25/Error/NoOverPayErrorCorp

26-08-2024T23:06:55 - [TEST_STEP][PASSED] - resText = "Fail": null

26-08-2024T23:06:55 - [TEST_STEP][PASSED] - resColumn = "Result": null

26-08-2024T23:06:55 - [TEST_STEP][PASSED] - datCloumn = "Date": null

26-08-2024T23:06:55 - [TEST_STEP][PASSED] - fileLoc = "KatalonData/IWPTestData/VRelay25Payments.xlsx": null

26-08-2024T23:06:55 - [TEST_STEP][PASSED] - numOfRows = <not implemented yet for class: org.codehaus.groovy.ast.expr.EmptyExpression>: null

26-08-2024T23:06:55 - [TEST_STEP][PASSED] - dataFile = <not implemented yet for class: org.codehaus.groovy.ast.expr.EmptyExpression>: null

26-08-2024T23:06:55 - [TEST_STEP][PASSED] - nameSheet = <not implemented yet for class: org.codehaus.groovy.ast.expr.EmptyExpression>: null

26-08-2024T23:06:55 - [TEST_STEP][PASSED] - dataFileEmulator = <not implemented yet for class: org.codehaus.groovy.ast.expr.EmptyExpression>: null

26-08-2024T23:06:55 - [TEST_STEP][PASSED] - nameSheet = "NoOverPayErrorCorp": null

26-08-2024T23:06:55 - [TEST_STEP][PASSED] - dataFile = "IWPTestData/IWP25NoOverPayErrorCorp": null

26-08-2024T23:06:55 - [TEST_STEP][PASSED] - dataFileEmulator = "IWPTestData/EmulatorData": null

26-08-2024T23:06:55 - [TEST_STEP][PASSED] - numOfRows = findTestData(dataFile).getRowNumbers(): null

26-08-2024T23:06:55 - [TEST_STEP][PASSED] - println("Number of Records: " + numOfRows): null

26-08-2024T23:06:55 - [TEST_STEP][PASSED] - for ([row = 1, row <= numOfRows, (row++)]): Browser is closed

26-08-2024T23:06:55 - [TEST_STEP][PASSED] - ExecuteTC = findTestData(dataFile).getValue("Execute", row): null

26-08-2024T23:06:55 - [TEST_STEP][PASSED] - out.println("Value of Execute is : " + ExecuteTC): null

26-08-2024T23:06:55 - [TEST_STEP][PASSED] - if (ExecuteTC.equalsIgnoreCase("Y")): null

26-08-2024T23:06:55 - [TEST_STEP][PASSED] - out.println("Begin Record Number: " + row): null

26-08-2024T23:06:55 - [TEST_STEP][PASSED] - today = new java.util.Date(): null

26-08-2024T23:06:55 - [TEST_STEP][PASSED] - println(today): null

26-08-2024T23:06:55 - [TEST_STEP][PASSED] - datText = today: null

26-08-2024T23:06:55 - [TEST_STEP][PASSED] - EmulatorDataKey = findTestData(dataFile).getValue("EmulatorData", row): null

26-08-2024T23:06:55 - [TEST_STEP][PASSED] - out.println("Value of Emulator Key is : " + EmulatorDataKey): null

26-08-2024T23:06:55 - [TEST_STEP][PASSED] - iwpPages.emulatorIWP30.setDataEmulator_DD(EmulatorDataKey): iwpPages.emulatorIWP30.setDataEmulator_DD is PASSED

26-08-2024T23:06:56 - [MESSAGE][INFO] - Starting 'Edge Chromium' driver

26-08-2024T23:06:56 - [MESSAGE][INFO] - User set preference: ['acceptInsecureCerts', 'true']

26-08-2024T23:06:58 - [MESSAGE][INFO] - Action delay is set to 0 milliseconds

26-08-2024T23:07:01 - [MESSAGE][PASSED] - Browser is opened with url: 'https://qa2.velocitypayment.com/agency/config.do?action=editor&message_version=2_5'

26-08-2024T23:07:01 - [MESSAGE][PASSED] - Current window maximized

26-08-2024T23:07:02 - [MESSAGE][PASSED] - All options with value '2.5' are selected in object 'Object Repository/IWP30/Page_VRelay30Emulator/MV'  using regular expression

26-08-2024T23:07:03 - [MESSAGE][PASSED] - Text '10.50' is set on object 'Object Repository/IWP30/Page_VRelay30Emulator/Amount'

26-08-2024T23:07:04 - [MESSAGE][PASSED] - Text '26413414' is set on object 'Object Repository/IWP30/Page_VRelay30Emulator/CAN'

26-08-2024T23:07:04 - [MESSAGE][PASSED] - Text 'PayNow' is set on object 'Object Repository/IWP30/Page_VRelay30Emulator/Action'

26-08-2024T23:07:05 - [MESSAGE][PASSED] - Text 'en_US' is set on object 'Object Repository/IWP30/Page_VRelay30Emulator/Lang'

26-08-2024T23:07:06 - [MESSAGE][PASSED] - Text 'Curlonty' is set on object 'Object Repository/IWP30/Page_VRelay30Emulator/Fname'

26-08-2024T23:07:06 - [MESSAGE][PASSED] - Text 'Lachuga' is set on object 'Object Repository/IWP30/Page_VRelay30Emulator/Lname'

26-08-2024T23:07:07 - [MESSAGE][PASSED] - Text '258 Underwood rd' is set on object 'Object Repository/IWP30/Page_VRelay30Emulator/AL1'

26-08-2024T23:07:07 - [MESSAGE][PASSED] - Text 'Suite 600' is set on object 'Object Repository/IWP30/Page_VRelay30Emulator/AL2'

26-08-2024T23:07:08 - [MESSAGE][PASSED] - Text '840' is set on object 'Object Repository/IWP30/Page_VRelay30Emulator/Country'

26-08-2024T23:07:09 - [MESSAGE][PASSED] - Text 'Arlington' is set on object 'Object Repository/IWP30/Page_VRelay30Emulator/City'

26-08-2024T23:07:09 - [MESSAGE][PASSED] - Text 'VA' is set on object 'Object Repository/IWP30/Page_VRelay30Emulator/State'

26-08-2024T23:07:10 - [MESSAGE][PASSED] - Text '22201' is set on object 'Object Repository/IWP30/Page_VRelay30Emulator/ZIP'

26-08-2024T23:07:10 - [MESSAGE][PASSED] - Text '' is set on object 'Object Repository/IWP30/Page_VRelay30Emulator/Order'

26-08-2024T23:07:11 - [MESSAGE][PASSED] - Text '' is set on object 'Object Repository/IWP30/Page_VRelay30Emulator/Company'

26-08-2024T23:07:12 - [MESSAGE][PASSED] - Text '' is set on object 'Object Repository/IWP30/Page_VRelay30Emulator/Email'

26-08-2024T23:07:12 - [MESSAGE][PASSED] - Text 'udf data 1' is set on object 'Object Repository/IWP30/Page_VRelay30Emulator/UDF1'

26-08-2024T23:07:13 - [MESSAGE][PASSED] - Text 'udf data 2' is set on object 'Object Repository/IWP30/Page_VRelay30Emulator/UDF2'

26-08-2024T23:07:13 - [MESSAGE][PASSED] - Text '' is set on object 'Object Repository/IWP30/Page_VRelay30Emulator/UDF3'

26-08-2024T23:07:14 - [MESSAGE][PASSED] - Text '' is set on object 'Object Repository/IWP30/Page_VRelay30Emulator/UDF4'

26-08-2024T23:07:15 - [MESSAGE][PASSED] - Text '' is set on object 'Object Repository/IWP30/Page_VRelay30Emulator/UDF5'

26-08-2024T23:07:15 - [MESSAGE][PASSED] - Text '' is set on object 'Object Repository/IWP30/Page_VRelay30Emulator/UDF6'

26-08-2024T23:07:16 - [MESSAGE][PASSED] - Text '' is set on object 'Object Repository/IWP30/Page_VRelay30Emulator/UDF7'

26-08-2024T23:07:16 - [MESSAGE][PASSED] - Text '' is set on object 'Object Repository/IWP30/Page_VRelay30Emulator/UDF8'

26-08-2024T23:07:17 - [MESSAGE][PASSED] - Text '' is set on object 'Object Repository/IWP30/Page_VRelay30Emulator/UDF9'

26-08-2024T23:07:17 - [MESSAGE][PASSED] - Text '' is set on object 'Object Repository/IWP30/Page_VRelay30Emulator/UDF10'

26-08-2024T23:07:18 - [MESSAGE][PASSED] - Object: 'Object Repository/IWP30/Page_VRelay30Emulator/Submit' is clicked on

26-08-2024T23:07:23 - [MESSAGE][PASSED] - Browser is closed

26-08-2024T23:07:27 - [MESSAGE][PASSED] - iwpPages.emulatorIWP30.setDataEmulator_DD is PASSED

26-08-2024T23:07:27 - [TEST_STEP][PASSED] - testHarnessURL = urlTestHarness: null

26-08-2024T23:07:27 - [TEST_STEP][PASSED] - openBrowser(testHarnessURL): Browser is opened with url: 'https://dev-algorithm.govolution.com/vrelaytest/QA2/version_2_2/vrelaytest.html'

26-08-2024T23:07:27 - [MESSAGE][INFO] - Starting 'Edge Chromium' driver

26-08-2024T23:07:27 - [MESSAGE][INFO] - User set preference: ['acceptInsecureCerts', 'true']

26-08-2024T23:07:29 - [MESSAGE][INFO] - Action delay is set to 0 milliseconds

26-08-2024T23:07:32 - [MESSAGE][PASSED] - Browser is opened with url: 'https://dev-algorithm.govolution.com/vrelaytest/QA2/version_2_2/vrelaytest.html'

26-08-2024T23:07:32 - [TEST_STEP][PASSED] - maximizeWindow(): Current window maximized

26-08-2024T23:07:32 - [MESSAGE][PASSED] - Current window maximized

26-08-2024T23:07:32 - [TEST_STEP][PASSED] - iwpPages.TestHarnessPage.setDataMethod(row, dataFile): iwpPages.TestHarnessPage.setDataMethod is PASSED

26-08-2024T23:07:33 - [MESSAGE][PASSED] - Object 'Object Repository/IWP30/Page_QATestHarness/RemittanceID' is present

26-08-2024T23:07:33 - [MESSAGE][PASSED] - Text '652' is set on object 'Object Repository/IWP30/Page_QATestHarness/ApplicationID'

26-08-2024T23:07:34 - [MESSAGE][PASSED] - Text '2.5' is set on object 'Object Repository/IWP30/Page_QATestHarness/MessageVersion'

26-08-2024T23:07:35 - [MESSAGE][PASSED] - Text 'c7j4r2hJOqoi' is set on object 'Object Repository/IWP30/Page_QATestHarness/RemittanceID'

26-08-2024T23:07:38 - [MESSAGE][PASSED] - Object: 'Object Repository/IWP30/Page_QATestHarness/SubmitButton' is clicked on

26-08-2024T23:07:38 - [MESSAGE][PASSED] - iwpPages.TestHarnessPage.setDataMethod is PASSED

26-08-2024T23:07:38 - [TEST_STEP][PASSED] - click(findTestObject("Object Repository/IWP30/Page_SelectPaymentMethod/PayByCorporateCheck")): Object: 'Object Repository/IWP30/Page_SelectPaymentMethod/PayByCorporateCheck' is clicked on

26-08-2024T23:07:39 - [MESSAGE][PASSED] - Object: 'Object Repository/IWP30/Page_SelectPaymentMethod/PayByCorporateCheck' is clicked on

26-08-2024T23:07:39 - [TEST_STEP][PASSED] - click(findTestObject("Object Repository/IWP30/Page_SelectPaymentMethod/MakePaymentButton")): Object: 'Object Repository/IWP30/Page_SelectPaymentMethod/MakePaymentButton' is clicked on

26-08-2024T23:07:41 - [MESSAGE][PASSED] - Object: 'Object Repository/IWP30/Page_SelectPaymentMethod/MakePaymentButton' is clicked on

26-08-2024T23:07:41 - [TEST_STEP][PASSED] - iwpPages.achCorporatePaymentEntryPage.setDataCorporate(row, dataFile): iwpPages.achCorporatePaymentEntryPage.setDataCorporate is PASSED

26-08-2024T23:07:42 - [MESSAGE][PASSED] - Object 'Object Repository/IWP30/Page_ACHCorporatePaymentEntry/txt_accountNumber' is present

26-08-2024T23:07:42 - [MESSAGE][PASSED] - Object 'Object Repository/IWP30/Page_ACHCorporatePaymentEntry/input_CompanyName' is present

26-08-2024T23:07:43 - [MESSAGE][PASSED] - Text 'My Company' is set on object 'Object Repository/IWP30/Page_ACHCorporatePaymentEntry/input_CompanyName'

26-08-2024T23:07:43 - [MESSAGE][PASSED] - Object 'Object Repository/IWP30/Page_ACHCorporatePaymentEntry/input_EIN' is present

26-08-2024T23:07:44 - [MESSAGE][PASSED] - Text '123456789' is set on object 'Object Repository/IWP30/Page_ACHCorporatePaymentEntry/input_EIN'

26-08-2024T23:07:44 - [MESSAGE][PASSED] - Text '11.50' is set on object 'Object Repository/IWP30/Page_ACHCorporatePaymentEntry/txt_Amount'

26-08-2024T23:07:44 - [MESSAGE][PASSED] - Object 'Object Repository/IWP30/Page_ACHCorporatePaymentEntry/txt_routingNumber' is present

26-08-2024T23:07:45 - [MESSAGE][PASSED] - Text '256072691' is set on object 'Object Repository/IWP30/Page_ACHCorporatePaymentEntry/txt_routingNumber'

26-08-2024T23:07:45 - [MESSAGE][PASSED] - Object 'Object Repository/IWP30/Page_ACHCorporatePaymentEntry/txt_accountNumber' is present

26-08-2024T23:07:46 - [MESSAGE][PASSED] - Text '12344444' is set on object 'Object Repository/IWP30/Page_ACHCorporatePaymentEntry/txt_accountNumber'

26-08-2024T23:07:47 - [MESSAGE][PASSED] - Object 'Object Repository/IWP30/Page_ACHCorporatePaymentEntry/txt_confirmAccountNumber' is present

26-08-2024T23:07:47 - [MESSAGE][PASSED] - Text '12344444' is set on object 'Object Repository/IWP30/Page_ACHCorporatePaymentEntry/txt_confirmAccountNumber'

26-08-2024T23:07:47 - [MESSAGE][PASSED] - Object 'Object Repository/IWP30/Page_ACHCorporatePaymentEntry/txt_Email' is present

26-08-2024T23:07:48 - [MESSAGE][PASSED] - Text 'iahmed@govolution.com' is set on object 'Object Repository/IWP30/Page_ACHCorporatePaymentEntry/txt_Email'

26-08-2024T23:07:48 - [MESSAGE][PASSED] - Object 'Object Repository/IWP30/Page_ACHCorporatePaymentEntry/cb_TermsAndCond' is present

26-08-2024T23:07:49 - [MESSAGE][PASSED] - Object: 'Object Repository/IWP30/Page_ACHCorporatePaymentEntry/cb_TermsAndCond' is clicked on

26-08-2024T23:07:49 - [MESSAGE][PASSED] - Object 'Object Repository/IWP30/Page_ACHCorporatePaymentEntry/btn_Continue' is present

26-08-2024T23:07:51 - [MESSAGE][PASSED] - Object: 'Object Repository/IWP30/Page_ACHCorporatePaymentEntry/btn_Continue' is clicked on

26-08-2024T23:07:51 - [MESSAGE][PASSED] - iwpPages.achCorporatePaymentEntryPage.setDataCorporate is PASSED

26-08-2024T23:07:51 - [TEST_STEP][PASSED] - Thread.sleep(10000): null

26-08-2024T23:08:01 - [TEST_STEP][PASSED] - if (verifyTextPresent("Payment amounts more than 10.50 are not accepted", false)): null

26-08-2024T23:08:01 - [MESSAGE][PASSED] - Text 'Payment amounts more than 10.50 are not accepted' is present on page 

26-08-2024T23:08:01 - [TEST_STEP][PASSED] - println("Over Pay Error message shown"): null

26-08-2024T23:08:01 - [TEST_STEP][PASSED] - markPassed("Over Pay Error message shown"): Over Pay Error message shown

26-08-2024T23:08:01 - [MESSAGE][PASSED] - Over Pay Error message shown

26-08-2024T23:08:01 - [TEST_STEP][PASSED] - resText = "Pass": null

26-08-2024T23:08:01 - [TEST_STEP][PASSED] - pages.WriteExcel.demoKey(resText, datText, resColumn, datCloumn, fileLoc, nameSheet, row): pages.WriteExcel.demoKey is PASSED

26-08-2024T23:08:01 - [MESSAGE][PASSED] - pages.WriteExcel.demoKey is PASSED

26-08-2024T23:08:01 - [TEST_STEP][PASSED] - closeBrowser(): Browser is closed

26-08-2024T23:08:02 - [MESSAGE][PASSED] - Browser is closed]]></system-out>
         <system-err><![CDATA[]]></system-err>
      </testcase>
      <testcase name="Test Cases/IntegratedWeb/IWP25/Error/NoOverPayErrorPC" time="68.137" classname="Test Cases/IntegratedWeb/IWP25/Error/NoOverPayErrorPC" status="PASSED">
         <system-out><![CDATA[26-08-2024T23:08:02 - [TEST_CASE][PASSED] - Test Cases/IntegratedWeb/IWP25/Error/NoOverPayErrorPC: Test Cases/IntegratedWeb/IWP25/Error/NoOverPayErrorPC

26-08-2024T23:08:02 - [TEST_STEP][PASSED] - resText = "Fail": null

26-08-2024T23:08:02 - [TEST_STEP][PASSED] - resColumn = "Result": null

26-08-2024T23:08:02 - [TEST_STEP][PASSED] - datCloumn = "Date": null

26-08-2024T23:08:02 - [TEST_STEP][PASSED] - fileLoc = "KatalonData/IWPTestData/VRelay25Payments.xlsx": null

26-08-2024T23:08:02 - [TEST_STEP][PASSED] - numOfRows = <not implemented yet for class: org.codehaus.groovy.ast.expr.EmptyExpression>: null

26-08-2024T23:08:02 - [TEST_STEP][PASSED] - dataFile = <not implemented yet for class: org.codehaus.groovy.ast.expr.EmptyExpression>: null

26-08-2024T23:08:02 - [TEST_STEP][PASSED] - nameSheet = <not implemented yet for class: org.codehaus.groovy.ast.expr.EmptyExpression>: null

26-08-2024T23:08:02 - [TEST_STEP][PASSED] - dataFileEmulator = <not implemented yet for class: org.codehaus.groovy.ast.expr.EmptyExpression>: null

26-08-2024T23:08:02 - [TEST_STEP][PASSED] - nameSheet = "NoOverPayErrorPC": null

26-08-2024T23:08:02 - [TEST_STEP][PASSED] - dataFile = "IWPTestData/IWP25NoOverPayErrorPC": null

26-08-2024T23:08:02 - [TEST_STEP][PASSED] - dataFileEmulator = "IWPTestData/EmulatorData": null

26-08-2024T23:08:02 - [TEST_STEP][PASSED] - numOfRows = findTestData(dataFile).getRowNumbers(): null

26-08-2024T23:08:02 - [TEST_STEP][PASSED] - println("Number of Records: " + numOfRows): null

26-08-2024T23:08:02 - [TEST_STEP][PASSED] - for ([row = 1, row <= numOfRows, (row++)]): Browser is closed

26-08-2024T23:08:02 - [TEST_STEP][PASSED] - ExecuteTC = findTestData(dataFile).getValue("Execute", row): null

26-08-2024T23:08:02 - [TEST_STEP][PASSED] - out.println("Value of Execute is : " + ExecuteTC): null

26-08-2024T23:08:02 - [TEST_STEP][PASSED] - if (ExecuteTC.equalsIgnoreCase("Y")): null

26-08-2024T23:08:02 - [TEST_STEP][PASSED] - out.println("Begin Record Number: " + row): null

26-08-2024T23:08:02 - [TEST_STEP][PASSED] - today = new java.util.Date(): null

26-08-2024T23:08:02 - [TEST_STEP][PASSED] - println(today): null

26-08-2024T23:08:02 - [TEST_STEP][PASSED] - datText = today: null

26-08-2024T23:08:02 - [TEST_STEP][PASSED] - EmulatorDataKey = findTestData(dataFile).getValue("EmulatorData", row): null

26-08-2024T23:08:02 - [TEST_STEP][PASSED] - out.println("Value of Emulator Key is : " + EmulatorDataKey): null

26-08-2024T23:08:02 - [TEST_STEP][PASSED] - iwpPages.emulatorIWP30.setDataEmulator_DD(EmulatorDataKey): iwpPages.emulatorIWP30.setDataEmulator_DD is PASSED

26-08-2024T23:08:03 - [MESSAGE][INFO] - Starting 'Edge Chromium' driver

26-08-2024T23:08:03 - [MESSAGE][INFO] - User set preference: ['acceptInsecureCerts', 'true']

26-08-2024T23:08:05 - [MESSAGE][INFO] - Action delay is set to 0 milliseconds

26-08-2024T23:08:08 - [MESSAGE][PASSED] - Browser is opened with url: 'https://qa2.velocitypayment.com/agency/config.do?action=editor&message_version=2_5'

26-08-2024T23:08:09 - [MESSAGE][PASSED] - Current window maximized

26-08-2024T23:08:09 - [MESSAGE][PASSED] - All options with value '2.5' are selected in object 'Object Repository/IWP30/Page_VRelay30Emulator/MV'  using regular expression

26-08-2024T23:08:10 - [MESSAGE][PASSED] - Text '10.50' is set on object 'Object Repository/IWP30/Page_VRelay30Emulator/Amount'

26-08-2024T23:08:11 - [MESSAGE][PASSED] - Text '26413414' is set on object 'Object Repository/IWP30/Page_VRelay30Emulator/CAN'

26-08-2024T23:08:11 - [MESSAGE][PASSED] - Text 'PayNow' is set on object 'Object Repository/IWP30/Page_VRelay30Emulator/Action'

26-08-2024T23:08:12 - [MESSAGE][PASSED] - Text 'en_US' is set on object 'Object Repository/IWP30/Page_VRelay30Emulator/Lang'

26-08-2024T23:08:13 - [MESSAGE][PASSED] - Text 'Curlonty' is set on object 'Object Repository/IWP30/Page_VRelay30Emulator/Fname'

26-08-2024T23:08:13 - [MESSAGE][PASSED] - Text 'Lachuga' is set on object 'Object Repository/IWP30/Page_VRelay30Emulator/Lname'

26-08-2024T23:08:14 - [MESSAGE][PASSED] - Text '258 Underwood rd' is set on object 'Object Repository/IWP30/Page_VRelay30Emulator/AL1'

26-08-2024T23:08:14 - [MESSAGE][PASSED] - Text 'Suite 600' is set on object 'Object Repository/IWP30/Page_VRelay30Emulator/AL2'

26-08-2024T23:08:15 - [MESSAGE][PASSED] - Text '840' is set on object 'Object Repository/IWP30/Page_VRelay30Emulator/Country'

26-08-2024T23:08:16 - [MESSAGE][PASSED] - Text 'Arlington' is set on object 'Object Repository/IWP30/Page_VRelay30Emulator/City'

26-08-2024T23:08:16 - [MESSAGE][PASSED] - Text 'VA' is set on object 'Object Repository/IWP30/Page_VRelay30Emulator/State'

26-08-2024T23:08:17 - [MESSAGE][PASSED] - Text '22201' is set on object 'Object Repository/IWP30/Page_VRelay30Emulator/ZIP'

26-08-2024T23:08:17 - [MESSAGE][PASSED] - Text '' is set on object 'Object Repository/IWP30/Page_VRelay30Emulator/Order'

26-08-2024T23:08:18 - [MESSAGE][PASSED] - Text '' is set on object 'Object Repository/IWP30/Page_VRelay30Emulator/Company'

26-08-2024T23:08:19 - [MESSAGE][PASSED] - Text '' is set on object 'Object Repository/IWP30/Page_VRelay30Emulator/Email'

26-08-2024T23:08:19 - [MESSAGE][PASSED] - Text 'udf data 1' is set on object 'Object Repository/IWP30/Page_VRelay30Emulator/UDF1'

26-08-2024T23:08:20 - [MESSAGE][PASSED] - Text 'udf data 2' is set on object 'Object Repository/IWP30/Page_VRelay30Emulator/UDF2'

26-08-2024T23:08:20 - [MESSAGE][PASSED] - Text '' is set on object 'Object Repository/IWP30/Page_VRelay30Emulator/UDF3'

26-08-2024T23:08:21 - [MESSAGE][PASSED] - Text '' is set on object 'Object Repository/IWP30/Page_VRelay30Emulator/UDF4'

26-08-2024T23:08:22 - [MESSAGE][PASSED] - Text '' is set on object 'Object Repository/IWP30/Page_VRelay30Emulator/UDF5'

26-08-2024T23:08:22 - [MESSAGE][PASSED] - Text '' is set on object 'Object Repository/IWP30/Page_VRelay30Emulator/UDF6'

26-08-2024T23:08:23 - [MESSAGE][PASSED] - Text '' is set on object 'Object Repository/IWP30/Page_VRelay30Emulator/UDF7'

26-08-2024T23:08:23 - [MESSAGE][PASSED] - Text '' is set on object 'Object Repository/IWP30/Page_VRelay30Emulator/UDF8'

26-08-2024T23:08:24 - [MESSAGE][PASSED] - Text '' is set on object 'Object Repository/IWP30/Page_VRelay30Emulator/UDF9'

26-08-2024T23:08:24 - [MESSAGE][PASSED] - Text '' is set on object 'Object Repository/IWP30/Page_VRelay30Emulator/UDF10'

26-08-2024T23:08:25 - [MESSAGE][PASSED] - Object: 'Object Repository/IWP30/Page_VRelay30Emulator/Submit' is clicked on

26-08-2024T23:08:30 - [MESSAGE][PASSED] - Browser is closed

26-08-2024T23:08:34 - [MESSAGE][PASSED] - iwpPages.emulatorIWP30.setDataEmulator_DD is PASSED

26-08-2024T23:08:34 - [TEST_STEP][PASSED] - testHarnessURL = urlTestHarness: null

26-08-2024T23:08:34 - [TEST_STEP][PASSED] - openBrowser(testHarnessURL): Browser is opened with url: 'https://dev-algorithm.govolution.com/vrelaytest/QA2/version_2_2/vrelaytest.html'

26-08-2024T23:08:34 - [MESSAGE][INFO] - Starting 'Edge Chromium' driver

26-08-2024T23:08:34 - [MESSAGE][INFO] - User set preference: ['acceptInsecureCerts', 'true']

26-08-2024T23:08:36 - [MESSAGE][INFO] - Action delay is set to 0 milliseconds

26-08-2024T23:08:39 - [MESSAGE][PASSED] - Browser is opened with url: 'https://dev-algorithm.govolution.com/vrelaytest/QA2/version_2_2/vrelaytest.html'

26-08-2024T23:08:39 - [TEST_STEP][PASSED] - maximizeWindow(): Current window maximized

26-08-2024T23:08:39 - [MESSAGE][PASSED] - Current window maximized

26-08-2024T23:08:39 - [TEST_STEP][PASSED] - iwpPages.TestHarnessPage.setDataMethod(row, dataFile): iwpPages.TestHarnessPage.setDataMethod is PASSED

26-08-2024T23:08:40 - [MESSAGE][PASSED] - Object 'Object Repository/IWP30/Page_QATestHarness/RemittanceID' is present

26-08-2024T23:08:40 - [MESSAGE][PASSED] - Text '652' is set on object 'Object Repository/IWP30/Page_QATestHarness/ApplicationID'

26-08-2024T23:08:41 - [MESSAGE][PASSED] - Text '2.5' is set on object 'Object Repository/IWP30/Page_QATestHarness/MessageVersion'

26-08-2024T23:08:42 - [MESSAGE][PASSED] - Text 'HfBuII2AaNHG' is set on object 'Object Repository/IWP30/Page_QATestHarness/RemittanceID'

26-08-2024T23:08:45 - [MESSAGE][PASSED] - Object: 'Object Repository/IWP30/Page_QATestHarness/SubmitButton' is clicked on

26-08-2024T23:08:45 - [MESSAGE][PASSED] - iwpPages.TestHarnessPage.setDataMethod is PASSED

26-08-2024T23:08:45 - [TEST_STEP][PASSED] - click(findTestObject("Object Repository/IWP30/Page_SelectPaymentMethod/PayByPersonalCheck")): Object: 'Object Repository/IWP30/Page_SelectPaymentMethod/PayByPersonalCheck' is clicked on

26-08-2024T23:08:45 - [MESSAGE][PASSED] - Object: 'Object Repository/IWP30/Page_SelectPaymentMethod/PayByPersonalCheck' is clicked on

26-08-2024T23:08:45 - [TEST_STEP][PASSED] - click(findTestObject("Object Repository/IWP30/Page_SelectPaymentMethod/MakePaymentButton")): Object: 'Object Repository/IWP30/Page_SelectPaymentMethod/MakePaymentButton' is clicked on

26-08-2024T23:08:48 - [MESSAGE][PASSED] - Object: 'Object Repository/IWP30/Page_SelectPaymentMethod/MakePaymentButton' is clicked on

26-08-2024T23:08:48 - [TEST_STEP][PASSED] - iwpPages.achPersonalPaymentEntryPage.setDataACHPPM(row, dataFile): iwpPages.achPersonalPaymentEntryPage.setDataACHPPM is PASSED

26-08-2024T23:08:49 - [MESSAGE][PASSED] - Object 'Object Repository/IWP30/Page_ACHPersonalPaymentEntry/txt_accountNumber' is present

26-08-2024T23:08:49 - [MESSAGE][PASSED] - Text '11.50' is set on object 'Object Repository/IWP30/Page_ACHPersonalPaymentEntry/txt_Amount'

26-08-2024T23:08:50 - [MESSAGE][PASSED] - Object 'Object Repository/IWP30/Page_ACHPersonalPaymentEntry/txt_UDF2' is present

26-08-2024T23:08:50 - [MESSAGE][PASSED] - Object 'Object Repository/IWP30/Page_ACHPersonalPaymentEntry/txt_Firstname' is present

26-08-2024T23:08:50 - [MESSAGE][PASSED] - Text 'Elizath' is set on object 'Object Repository/IWP30/Page_ACHPersonalPaymentEntry/txt_Firstname'

26-08-2024T23:08:51 - [MESSAGE][PASSED] - Object 'Object Repository/IWP30/Page_ACHPersonalPaymentEntry/txt_Lastname' is present

26-08-2024T23:08:51 - [MESSAGE][PASSED] - Text 'Christine' is set on object 'Object Repository/IWP30/Page_ACHPersonalPaymentEntry/txt_Lastname'

26-08-2024T23:08:52 - [MESSAGE][PASSED] - Object 'Object Repository/IWP30/Page_ACHPersonalPaymentEntry/txt_routingNumber' is present

26-08-2024T23:08:52 - [MESSAGE][PASSED] - Text '256072691' is set on object 'Object Repository/IWP30/Page_ACHPersonalPaymentEntry/txt_routingNumber'

26-08-2024T23:08:52 - [MESSAGE][PASSED] - Object 'Object Repository/IWP30/Page_ACHPersonalPaymentEntry/txt_accountNumber' is present

26-08-2024T23:08:53 - [MESSAGE][PASSED] - Text '12344444' is set on object 'Object Repository/IWP30/Page_ACHPersonalPaymentEntry/txt_accountNumber'

26-08-2024T23:08:54 - [MESSAGE][PASSED] - Object 'Object Repository/IWP30/Page_ACHPersonalPaymentEntry/txt_confirmAccountNumber' is present

26-08-2024T23:08:54 - [MESSAGE][PASSED] - Text '12344444' is set on object 'Object Repository/IWP30/Page_ACHPersonalPaymentEntry/txt_confirmAccountNumber'

26-08-2024T23:08:55 - [MESSAGE][PASSED] - Object 'Object Repository/IWP30/Page_ACHPersonalPaymentEntry/rd_accountType' is present

26-08-2024T23:08:55 - [MESSAGE][PASSED] - Modify property of object successfully

26-08-2024T23:08:55 - [MESSAGE][PASSED] - Object: 'Object Repository/IWP30/Page_ACHPersonalPaymentEntry/rd_accountType' is clicked on

26-08-2024T23:08:55 - [MESSAGE][PASSED] - Object 'Object Repository/IWP30/Page_ACHPersonalPaymentEntry/txt_Email' is present

26-08-2024T23:08:56 - [MESSAGE][PASSED] - Text 'iahmed@govolution.com' is set on object 'Object Repository/IWP30/Page_ACHPersonalPaymentEntry/txt_Email'

26-08-2024T23:08:56 - [MESSAGE][PASSED] - Object 'Object Repository/IWP30/Page_ACHPersonalPaymentEntry/cb_TermsAndCond' is present

26-08-2024T23:08:56 - [MESSAGE][PASSED] - Object: 'Object Repository/IWP30/Page_ACHPersonalPaymentEntry/cb_TermsAndCond' is clicked on

26-08-2024T23:08:57 - [MESSAGE][PASSED] - Object 'Object Repository/IWP30/Page_ACHPersonalPaymentEntry/btn_Continue' is present

26-08-2024T23:08:59 - [MESSAGE][PASSED] - Object: 'Object Repository/IWP30/Page_ACHPersonalPaymentEntry/btn_Continue' is clicked on

26-08-2024T23:08:59 - [MESSAGE][PASSED] - iwpPages.achPersonalPaymentEntryPage.setDataACHPPM is PASSED

26-08-2024T23:08:59 - [TEST_STEP][PASSED] - Thread.sleep(10000): null

26-08-2024T23:09:09 - [TEST_STEP][PASSED] - if (verifyTextPresent("Payment amounts more than 10.50 are not accepted", false)): null

26-08-2024T23:09:09 - [MESSAGE][PASSED] - Text 'Payment amounts more than 10.50 are not accepted' is present on page 

26-08-2024T23:09:09 - [TEST_STEP][PASSED] - println("Over Pay Error message shown"): null

26-08-2024T23:09:09 - [TEST_STEP][PASSED] - markPassed("Over Pay Error message shown"): Over Pay Error message shown

26-08-2024T23:09:09 - [MESSAGE][PASSED] - Over Pay Error message shown

26-08-2024T23:09:09 - [TEST_STEP][PASSED] - resText = "Pass": null

26-08-2024T23:09:09 - [TEST_STEP][PASSED] - pages.WriteExcel.demoKey(resText, datText, resColumn, datCloumn, fileLoc, nameSheet, row): pages.WriteExcel.demoKey is PASSED

26-08-2024T23:09:10 - [MESSAGE][PASSED] - pages.WriteExcel.demoKey is PASSED

26-08-2024T23:09:10 - [TEST_STEP][PASSED] - closeBrowser(): Browser is closed

26-08-2024T23:09:10 - [MESSAGE][PASSED] - Browser is closed]]></system-out>
         <system-err><![CDATA[]]></system-err>
      </testcase>
      <testcase name="Test Cases/IntegratedWeb/IWP25/Error/NoUnderPayErrorCorp" time="66.943" classname="Test Cases/IntegratedWeb/IWP25/Error/NoUnderPayErrorCorp" status="PASSED">
         <system-out><![CDATA[26-08-2024T23:09:10 - [TEST_CASE][PASSED] - Test Cases/IntegratedWeb/IWP25/Error/NoUnderPayErrorCorp: Test Cases/IntegratedWeb/IWP25/Error/NoUnderPayErrorCorp

26-08-2024T23:09:10 - [TEST_STEP][PASSED] - resText = "Fail": null

26-08-2024T23:09:10 - [TEST_STEP][PASSED] - resColumn = "Result": null

26-08-2024T23:09:10 - [TEST_STEP][PASSED] - datCloumn = "Date": null

26-08-2024T23:09:10 - [TEST_STEP][PASSED] - fileLoc = "KatalonData/IWPTestData/VRelay25Payments.xlsx": null

26-08-2024T23:09:10 - [TEST_STEP][PASSED] - numOfRows = <not implemented yet for class: org.codehaus.groovy.ast.expr.EmptyExpression>: null

26-08-2024T23:09:10 - [TEST_STEP][PASSED] - dataFile = <not implemented yet for class: org.codehaus.groovy.ast.expr.EmptyExpression>: null

26-08-2024T23:09:10 - [TEST_STEP][PASSED] - nameSheet = <not implemented yet for class: org.codehaus.groovy.ast.expr.EmptyExpression>: null

26-08-2024T23:09:10 - [TEST_STEP][PASSED] - dataFileEmulator = <not implemented yet for class: org.codehaus.groovy.ast.expr.EmptyExpression>: null

26-08-2024T23:09:10 - [TEST_STEP][PASSED] - nameSheet = "NoUnderPayErrorCorp": null

26-08-2024T23:09:10 - [TEST_STEP][PASSED] - dataFile = "IWPTestData/IWP25NoUnderPayErrorCorp": null

26-08-2024T23:09:10 - [TEST_STEP][PASSED] - dataFileEmulator = "IWPTestData/EmulatorData": null

26-08-2024T23:09:10 - [TEST_STEP][PASSED] - numOfRows = findTestData(dataFile).getRowNumbers(): null

26-08-2024T23:09:10 - [TEST_STEP][PASSED] - println("Number of Records: " + numOfRows): null

26-08-2024T23:09:10 - [TEST_STEP][PASSED] - for ([row = 1, row <= numOfRows, (row++)]): Browser is closed

26-08-2024T23:09:10 - [TEST_STEP][PASSED] - ExecuteTC = findTestData(dataFile).getValue("Execute", row): null

26-08-2024T23:09:10 - [TEST_STEP][PASSED] - out.println("Value of Execute is : " + ExecuteTC): null

26-08-2024T23:09:10 - [TEST_STEP][PASSED] - if (ExecuteTC.equalsIgnoreCase("Y")): null

26-08-2024T23:09:10 - [TEST_STEP][PASSED] - out.println("Begin Record Number: " + row): null

26-08-2024T23:09:10 - [TEST_STEP][PASSED] - today = new java.util.Date(): null

26-08-2024T23:09:10 - [TEST_STEP][PASSED] - println(today): null

26-08-2024T23:09:10 - [TEST_STEP][PASSED] - datText = today: null

26-08-2024T23:09:10 - [TEST_STEP][PASSED] - EmulatorDataKey = findTestData(dataFile).getValue("EmulatorData", row): null

26-08-2024T23:09:10 - [TEST_STEP][PASSED] - out.println("Value of Emulator Key is : " + EmulatorDataKey): null

26-08-2024T23:09:10 - [TEST_STEP][PASSED] - iwpPages.emulatorIWP30.setDataEmulator_DD(EmulatorDataKey): iwpPages.emulatorIWP30.setDataEmulator_DD is PASSED

26-08-2024T23:09:11 - [MESSAGE][INFO] - Starting 'Edge Chromium' driver

26-08-2024T23:09:11 - [MESSAGE][INFO] - User set preference: ['acceptInsecureCerts', 'true']

26-08-2024T23:09:13 - [MESSAGE][INFO] - Action delay is set to 0 milliseconds

26-08-2024T23:09:16 - [MESSAGE][PASSED] - Browser is opened with url: 'https://qa2.velocitypayment.com/agency/config.do?action=editor&message_version=2_5'

26-08-2024T23:09:16 - [MESSAGE][PASSED] - Current window maximized

26-08-2024T23:09:17 - [MESSAGE][PASSED] - All options with value '2.5' are selected in object 'Object Repository/IWP30/Page_VRelay30Emulator/MV'  using regular expression

26-08-2024T23:09:18 - [MESSAGE][PASSED] - Text '10.50' is set on object 'Object Repository/IWP30/Page_VRelay30Emulator/Amount'

26-08-2024T23:09:19 - [MESSAGE][PASSED] - Text '26413414' is set on object 'Object Repository/IWP30/Page_VRelay30Emulator/CAN'

26-08-2024T23:09:19 - [MESSAGE][PASSED] - Text 'PayNow' is set on object 'Object Repository/IWP30/Page_VRelay30Emulator/Action'

26-08-2024T23:09:20 - [MESSAGE][PASSED] - Text 'en_US' is set on object 'Object Repository/IWP30/Page_VRelay30Emulator/Lang'

26-08-2024T23:09:20 - [MESSAGE][PASSED] - Text 'Curlonty' is set on object 'Object Repository/IWP30/Page_VRelay30Emulator/Fname'

26-08-2024T23:09:21 - [MESSAGE][PASSED] - Text 'Lachuga' is set on object 'Object Repository/IWP30/Page_VRelay30Emulator/Lname'

26-08-2024T23:09:22 - [MESSAGE][PASSED] - Text '258 Underwood rd' is set on object 'Object Repository/IWP30/Page_VRelay30Emulator/AL1'

26-08-2024T23:09:22 - [MESSAGE][PASSED] - Text 'Suite 600' is set on object 'Object Repository/IWP30/Page_VRelay30Emulator/AL2'

26-08-2024T23:09:23 - [MESSAGE][PASSED] - Text '840' is set on object 'Object Repository/IWP30/Page_VRelay30Emulator/Country'

26-08-2024T23:09:23 - [MESSAGE][PASSED] - Text 'Arlington' is set on object 'Object Repository/IWP30/Page_VRelay30Emulator/City'

26-08-2024T23:09:24 - [MESSAGE][PASSED] - Text 'VA' is set on object 'Object Repository/IWP30/Page_VRelay30Emulator/State'

26-08-2024T23:09:25 - [MESSAGE][PASSED] - Text '22201' is set on object 'Object Repository/IWP30/Page_VRelay30Emulator/ZIP'

26-08-2024T23:09:25 - [MESSAGE][PASSED] - Text '' is set on object 'Object Repository/IWP30/Page_VRelay30Emulator/Order'

26-08-2024T23:09:26 - [MESSAGE][PASSED] - Text '' is set on object 'Object Repository/IWP30/Page_VRelay30Emulator/Company'

26-08-2024T23:09:26 - [MESSAGE][PASSED] - Text '' is set on object 'Object Repository/IWP30/Page_VRelay30Emulator/Email'

26-08-2024T23:09:27 - [MESSAGE][PASSED] - Text 'udf data 1' is set on object 'Object Repository/IWP30/Page_VRelay30Emulator/UDF1'

26-08-2024T23:09:28 - [MESSAGE][PASSED] - Text 'udf data 2' is set on object 'Object Repository/IWP30/Page_VRelay30Emulator/UDF2'

26-08-2024T23:09:28 - [MESSAGE][PASSED] - Text '' is set on object 'Object Repository/IWP30/Page_VRelay30Emulator/UDF3'

26-08-2024T23:09:29 - [MESSAGE][PASSED] - Text '' is set on object 'Object Repository/IWP30/Page_VRelay30Emulator/UDF4'

26-08-2024T23:09:29 - [MESSAGE][PASSED] - Text '' is set on object 'Object Repository/IWP30/Page_VRelay30Emulator/UDF5'

26-08-2024T23:09:30 - [MESSAGE][PASSED] - Text '' is set on object 'Object Repository/IWP30/Page_VRelay30Emulator/UDF6'

26-08-2024T23:09:31 - [MESSAGE][PASSED] - Text '' is set on object 'Object Repository/IWP30/Page_VRelay30Emulator/UDF7'

26-08-2024T23:09:31 - [MESSAGE][PASSED] - Text '' is set on object 'Object Repository/IWP30/Page_VRelay30Emulator/UDF8'

26-08-2024T23:09:32 - [MESSAGE][PASSED] - Text '' is set on object 'Object Repository/IWP30/Page_VRelay30Emulator/UDF9'

26-08-2024T23:09:32 - [MESSAGE][PASSED] - Text '' is set on object 'Object Repository/IWP30/Page_VRelay30Emulator/UDF10'

26-08-2024T23:09:34 - [MESSAGE][PASSED] - Object: 'Object Repository/IWP30/Page_VRelay30Emulator/Submit' is clicked on

26-08-2024T23:09:38 - [MESSAGE][PASSED] - Browser is closed

26-08-2024T23:09:42 - [MESSAGE][PASSED] - iwpPages.emulatorIWP30.setDataEmulator_DD is PASSED

26-08-2024T23:09:42 - [TEST_STEP][PASSED] - testHarnessURL = urlTestHarness: null

26-08-2024T23:09:42 - [TEST_STEP][PASSED] - openBrowser(testHarnessURL): Browser is opened with url: 'https://dev-algorithm.govolution.com/vrelaytest/QA2/version_2_2/vrelaytest.html'

26-08-2024T23:09:42 - [MESSAGE][INFO] - Starting 'Edge Chromium' driver

26-08-2024T23:09:42 - [MESSAGE][INFO] - User set preference: ['acceptInsecureCerts', 'true']

26-08-2024T23:09:44 - [MESSAGE][INFO] - Action delay is set to 0 milliseconds

26-08-2024T23:09:48 - [MESSAGE][PASSED] - Browser is opened with url: 'https://dev-algorithm.govolution.com/vrelaytest/QA2/version_2_2/vrelaytest.html'

26-08-2024T23:09:48 - [TEST_STEP][PASSED] - maximizeWindow(): Current window maximized

26-08-2024T23:09:48 - [MESSAGE][PASSED] - Current window maximized

26-08-2024T23:09:48 - [TEST_STEP][PASSED] - iwpPages.TestHarnessPage.setDataMethod(row, dataFile): iwpPages.TestHarnessPage.setDataMethod is PASSED

26-08-2024T23:09:48 - [MESSAGE][PASSED] - Object 'Object Repository/IWP30/Page_QATestHarness/RemittanceID' is present

26-08-2024T23:09:49 - [MESSAGE][PASSED] - Text '653' is set on object 'Object Repository/IWP30/Page_QATestHarness/ApplicationID'

26-08-2024T23:09:49 - [MESSAGE][PASSED] - Text '2.5' is set on object 'Object Repository/IWP30/Page_QATestHarness/MessageVersion'

26-08-2024T23:09:50 - [MESSAGE][PASSED] - Text 'C71ELVqia7x2' is set on object 'Object Repository/IWP30/Page_QATestHarness/RemittanceID'

26-08-2024T23:09:53 - [MESSAGE][PASSED] - Object: 'Object Repository/IWP30/Page_QATestHarness/SubmitButton' is clicked on

26-08-2024T23:09:53 - [MESSAGE][PASSED] - iwpPages.TestHarnessPage.setDataMethod is PASSED

26-08-2024T23:09:53 - [TEST_STEP][PASSED] - click(findTestObject("Object Repository/IWP30/Page_SelectPaymentMethod/PayByCorporateCheck")): Object: 'Object Repository/IWP30/Page_SelectPaymentMethod/PayByCorporateCheck' is clicked on

26-08-2024T23:09:54 - [MESSAGE][PASSED] - Object: 'Object Repository/IWP30/Page_SelectPaymentMethod/PayByCorporateCheck' is clicked on

26-08-2024T23:09:54 - [TEST_STEP][PASSED] - click(findTestObject("Object Repository/IWP30/Page_SelectPaymentMethod/MakePaymentButton")): Object: 'Object Repository/IWP30/Page_SelectPaymentMethod/MakePaymentButton' is clicked on

26-08-2024T23:09:56 - [MESSAGE][PASSED] - Object: 'Object Repository/IWP30/Page_SelectPaymentMethod/MakePaymentButton' is clicked on

26-08-2024T23:09:56 - [TEST_STEP][PASSED] - iwpPages.achCorporatePaymentEntryPage.setDataCorporate(row, dataFile): iwpPages.achCorporatePaymentEntryPage.setDataCorporate is PASSED

26-08-2024T23:09:57 - [MESSAGE][PASSED] - Object 'Object Repository/IWP30/Page_ACHCorporatePaymentEntry/txt_accountNumber' is present

26-08-2024T23:09:57 - [MESSAGE][PASSED] - Object 'Object Repository/IWP30/Page_ACHCorporatePaymentEntry/input_CompanyName' is present

26-08-2024T23:09:58 - [MESSAGE][PASSED] - Text 'My Company' is set on object 'Object Repository/IWP30/Page_ACHCorporatePaymentEntry/input_CompanyName'

26-08-2024T23:09:58 - [MESSAGE][PASSED] - Object 'Object Repository/IWP30/Page_ACHCorporatePaymentEntry/input_EIN' is present

26-08-2024T23:09:59 - [MESSAGE][PASSED] - Text '123456789' is set on object 'Object Repository/IWP30/Page_ACHCorporatePaymentEntry/input_EIN'

26-08-2024T23:09:59 - [MESSAGE][PASSED] - Text '9.50' is set on object 'Object Repository/IWP30/Page_ACHCorporatePaymentEntry/txt_Amount'

26-08-2024T23:09:59 - [MESSAGE][PASSED] - Object 'Object Repository/IWP30/Page_ACHCorporatePaymentEntry/txt_routingNumber' is present

26-08-2024T23:10:00 - [MESSAGE][PASSED] - Text '256072691' is set on object 'Object Repository/IWP30/Page_ACHCorporatePaymentEntry/txt_routingNumber'

26-08-2024T23:10:00 - [MESSAGE][PASSED] - Object 'Object Repository/IWP30/Page_ACHCorporatePaymentEntry/txt_accountNumber' is present

26-08-2024T23:10:01 - [MESSAGE][PASSED] - Text '12344444' is set on object 'Object Repository/IWP30/Page_ACHCorporatePaymentEntry/txt_accountNumber'

26-08-2024T23:10:02 - [MESSAGE][PASSED] - Object 'Object Repository/IWP30/Page_ACHCorporatePaymentEntry/txt_confirmAccountNumber' is present

26-08-2024T23:10:02 - [MESSAGE][PASSED] - Text '12344444' is set on object 'Object Repository/IWP30/Page_ACHCorporatePaymentEntry/txt_confirmAccountNumber'

26-08-2024T23:10:03 - [MESSAGE][PASSED] - Object 'Object Repository/IWP30/Page_ACHCorporatePaymentEntry/txt_Email' is present

26-08-2024T23:10:03 - [MESSAGE][PASSED] - Text 'iahmed@govolution.com' is set on object 'Object Repository/IWP30/Page_ACHCorporatePaymentEntry/txt_Email'

26-08-2024T23:10:03 - [MESSAGE][PASSED] - Object 'Object Repository/IWP30/Page_ACHCorporatePaymentEntry/cb_TermsAndCond' is present

26-08-2024T23:10:04 - [MESSAGE][PASSED] - Object: 'Object Repository/IWP30/Page_ACHCorporatePaymentEntry/cb_TermsAndCond' is clicked on

26-08-2024T23:10:04 - [MESSAGE][PASSED] - Object 'Object Repository/IWP30/Page_ACHCorporatePaymentEntry/btn_Continue' is present

26-08-2024T23:10:06 - [MESSAGE][PASSED] - Object: 'Object Repository/IWP30/Page_ACHCorporatePaymentEntry/btn_Continue' is clicked on

26-08-2024T23:10:06 - [MESSAGE][PASSED] - iwpPages.achCorporatePaymentEntryPage.setDataCorporate is PASSED

26-08-2024T23:10:06 - [TEST_STEP][PASSED] - Thread.sleep(10000): null

26-08-2024T23:10:16 - [TEST_STEP][PASSED] - if (verifyTextPresent("Payment amounts less than 10.50 are not accepted", false)): null

26-08-2024T23:10:16 - [MESSAGE][PASSED] - Text 'Payment amounts less than 10.50 are not accepted' is present on page 

26-08-2024T23:10:16 - [TEST_STEP][PASSED] - println("UnderPay Error message shown"): null

26-08-2024T23:10:16 - [TEST_STEP][PASSED] - markPassed("Under Pay Error message shown"): Under Pay Error message shown

26-08-2024T23:10:16 - [MESSAGE][PASSED] - Under Pay Error message shown

26-08-2024T23:10:16 - [TEST_STEP][PASSED] - resText = "Pass": null

26-08-2024T23:10:16 - [TEST_STEP][PASSED] - pages.WriteExcel.demoKey(resText, datText, resColumn, datCloumn, fileLoc, nameSheet, row): pages.WriteExcel.demoKey is PASSED

26-08-2024T23:10:16 - [MESSAGE][PASSED] - pages.WriteExcel.demoKey is PASSED

26-08-2024T23:10:16 - [TEST_STEP][PASSED] - closeBrowser(): Browser is closed

26-08-2024T23:10:17 - [MESSAGE][PASSED] - Browser is closed]]></system-out>
         <system-err><![CDATA[]]></system-err>
      </testcase>
      <testcase name="Test Cases/IntegratedWeb/IWP25/Error/NoUnderPayErrorPC" time="69.587" classname="Test Cases/IntegratedWeb/IWP25/Error/NoUnderPayErrorPC" status="PASSED">
         <system-out><![CDATA[26-08-2024T23:10:17 - [TEST_CASE][PASSED] - Test Cases/IntegratedWeb/IWP25/Error/NoUnderPayErrorPC: Test Cases/IntegratedWeb/IWP25/Error/NoUnderPayErrorPC

26-08-2024T23:10:17 - [TEST_STEP][PASSED] - resText = "Fail": null

26-08-2024T23:10:17 - [TEST_STEP][PASSED] - resColumn = "Result": null

26-08-2024T23:10:17 - [TEST_STEP][PASSED] - datCloumn = "Date": null

26-08-2024T23:10:17 - [TEST_STEP][PASSED] - fileLoc = "KatalonData/IWPTestData/VRelay25Payments.xlsx": null

26-08-2024T23:10:17 - [TEST_STEP][PASSED] - numOfRows = <not implemented yet for class: org.codehaus.groovy.ast.expr.EmptyExpression>: null

26-08-2024T23:10:17 - [TEST_STEP][PASSED] - dataFile = <not implemented yet for class: org.codehaus.groovy.ast.expr.EmptyExpression>: null

26-08-2024T23:10:17 - [TEST_STEP][PASSED] - nameSheet = <not implemented yet for class: org.codehaus.groovy.ast.expr.EmptyExpression>: null

26-08-2024T23:10:17 - [TEST_STEP][PASSED] - dataFileEmulator = <not implemented yet for class: org.codehaus.groovy.ast.expr.EmptyExpression>: null

26-08-2024T23:10:17 - [TEST_STEP][PASSED] - nameSheet = "NoUnderPayErrorPC": null

26-08-2024T23:10:17 - [TEST_STEP][PASSED] - dataFile = "IWPTestData/IWP25NoUnderPayErrorPC": null

26-08-2024T23:10:17 - [TEST_STEP][PASSED] - dataFileEmulator = "IWPTestData/EmulatorData": null

26-08-2024T23:10:17 - [TEST_STEP][PASSED] - numOfRows = findTestData(dataFile).getRowNumbers(): null

26-08-2024T23:10:17 - [TEST_STEP][PASSED] - println("Number of Records: " + numOfRows): null

26-08-2024T23:10:17 - [TEST_STEP][PASSED] - for ([row = 1, row <= numOfRows, (row++)]): Browser is closed

26-08-2024T23:10:17 - [TEST_STEP][PASSED] - ExecuteTC = findTestData(dataFile).getValue("Execute", row): null

26-08-2024T23:10:17 - [TEST_STEP][PASSED] - out.println("Value of Execute is : " + ExecuteTC): null

26-08-2024T23:10:17 - [TEST_STEP][PASSED] - if (ExecuteTC.equalsIgnoreCase("Y")): null

26-08-2024T23:10:17 - [TEST_STEP][PASSED] - out.println("Begin Record Number: " + row): null

26-08-2024T23:10:17 - [TEST_STEP][PASSED] - today = new java.util.Date(): null

26-08-2024T23:10:17 - [TEST_STEP][PASSED] - println(today): null

26-08-2024T23:10:17 - [TEST_STEP][PASSED] - datText = today: null

26-08-2024T23:10:17 - [TEST_STEP][PASSED] - EmulatorDataKey = findTestData(dataFile).getValue("EmulatorData", row): null

26-08-2024T23:10:17 - [TEST_STEP][PASSED] - out.println("Value of Emulator Key is : " + EmulatorDataKey): null

26-08-2024T23:10:17 - [TEST_STEP][PASSED] - iwpPages.emulatorIWP30.setDataEmulator_DD(EmulatorDataKey): iwpPages.emulatorIWP30.setDataEmulator_DD is PASSED

26-08-2024T23:10:18 - [MESSAGE][INFO] - Starting 'Edge Chromium' driver

26-08-2024T23:10:18 - [MESSAGE][INFO] - User set preference: ['acceptInsecureCerts', 'true']

26-08-2024T23:10:20 - [MESSAGE][INFO] - Action delay is set to 0 milliseconds

26-08-2024T23:10:23 - [MESSAGE][PASSED] - Browser is opened with url: 'https://qa2.velocitypayment.com/agency/config.do?action=editor&message_version=2_5'

26-08-2024T23:10:23 - [MESSAGE][PASSED] - Current window maximized

26-08-2024T23:10:24 - [MESSAGE][PASSED] - All options with value '2.5' are selected in object 'Object Repository/IWP30/Page_VRelay30Emulator/MV'  using regular expression

26-08-2024T23:10:25 - [MESSAGE][PASSED] - Text '10.50' is set on object 'Object Repository/IWP30/Page_VRelay30Emulator/Amount'

26-08-2024T23:10:26 - [MESSAGE][PASSED] - Text '26413414' is set on object 'Object Repository/IWP30/Page_VRelay30Emulator/CAN'

26-08-2024T23:10:26 - [MESSAGE][PASSED] - Text 'PayNow' is set on object 'Object Repository/IWP30/Page_VRelay30Emulator/Action'

26-08-2024T23:10:27 - [MESSAGE][PASSED] - Text 'en_US' is set on object 'Object Repository/IWP30/Page_VRelay30Emulator/Lang'

26-08-2024T23:10:28 - [MESSAGE][PASSED] - Text 'Curlonty' is set on object 'Object Repository/IWP30/Page_VRelay30Emulator/Fname'

26-08-2024T23:10:28 - [MESSAGE][PASSED] - Text 'Lachuga' is set on object 'Object Repository/IWP30/Page_VRelay30Emulator/Lname'

26-08-2024T23:10:29 - [MESSAGE][PASSED] - Text '258 Underwood rd' is set on object 'Object Repository/IWP30/Page_VRelay30Emulator/AL1'

26-08-2024T23:10:29 - [MESSAGE][PASSED] - Text 'Suite 600' is set on object 'Object Repository/IWP30/Page_VRelay30Emulator/AL2'

26-08-2024T23:10:30 - [MESSAGE][PASSED] - Text '840' is set on object 'Object Repository/IWP30/Page_VRelay30Emulator/Country'

26-08-2024T23:10:31 - [MESSAGE][PASSED] - Text 'Arlington' is set on object 'Object Repository/IWP30/Page_VRelay30Emulator/City'

26-08-2024T23:10:31 - [MESSAGE][PASSED] - Text 'VA' is set on object 'Object Repository/IWP30/Page_VRelay30Emulator/State'

26-08-2024T23:10:32 - [MESSAGE][PASSED] - Text '22201' is set on object 'Object Repository/IWP30/Page_VRelay30Emulator/ZIP'

26-08-2024T23:10:33 - [MESSAGE][PASSED] - Text '' is set on object 'Object Repository/IWP30/Page_VRelay30Emulator/Order'

26-08-2024T23:10:33 - [MESSAGE][PASSED] - Text '' is set on object 'Object Repository/IWP30/Page_VRelay30Emulator/Company'

26-08-2024T23:10:34 - [MESSAGE][PASSED] - Text '' is set on object 'Object Repository/IWP30/Page_VRelay30Emulator/Email'

26-08-2024T23:10:34 - [MESSAGE][PASSED] - Text 'udf data 1' is set on object 'Object Repository/IWP30/Page_VRelay30Emulator/UDF1'

26-08-2024T23:10:35 - [MESSAGE][PASSED] - Text 'udf data 2' is set on object 'Object Repository/IWP30/Page_VRelay30Emulator/UDF2'

26-08-2024T23:10:35 - [MESSAGE][PASSED] - Text '' is set on object 'Object Repository/IWP30/Page_VRelay30Emulator/UDF3'

26-08-2024T23:10:36 - [MESSAGE][PASSED] - Text '' is set on object 'Object Repository/IWP30/Page_VRelay30Emulator/UDF4'

26-08-2024T23:10:37 - [MESSAGE][PASSED] - Text '' is set on object 'Object Repository/IWP30/Page_VRelay30Emulator/UDF5'

26-08-2024T23:10:37 - [MESSAGE][PASSED] - Text '' is set on object 'Object Repository/IWP30/Page_VRelay30Emulator/UDF6'

26-08-2024T23:10:38 - [MESSAGE][PASSED] - Text '' is set on object 'Object Repository/IWP30/Page_VRelay30Emulator/UDF7'

26-08-2024T23:10:38 - [MESSAGE][PASSED] - Text '' is set on object 'Object Repository/IWP30/Page_VRelay30Emulator/UDF8'

26-08-2024T23:10:39 - [MESSAGE][PASSED] - Text '' is set on object 'Object Repository/IWP30/Page_VRelay30Emulator/UDF9'

26-08-2024T23:10:40 - [MESSAGE][PASSED] - Text '' is set on object 'Object Repository/IWP30/Page_VRelay30Emulator/UDF10'

26-08-2024T23:10:41 - [MESSAGE][PASSED] - Object: 'Object Repository/IWP30/Page_VRelay30Emulator/Submit' is clicked on

26-08-2024T23:10:45 - [MESSAGE][PASSED] - Browser is closed

26-08-2024T23:10:49 - [MESSAGE][PASSED] - iwpPages.emulatorIWP30.setDataEmulator_DD is PASSED

26-08-2024T23:10:49 - [TEST_STEP][PASSED] - testHarnessURL = urlTestHarness: null

26-08-2024T23:10:49 - [TEST_STEP][PASSED] - openBrowser(testHarnessURL): Browser is opened with url: 'https://dev-algorithm.govolution.com/vrelaytest/QA2/version_2_2/vrelaytest.html'

26-08-2024T23:10:49 - [MESSAGE][INFO] - Starting 'Edge Chromium' driver

26-08-2024T23:10:49 - [MESSAGE][INFO] - User set preference: ['acceptInsecureCerts', 'true']

26-08-2024T23:10:51 - [MESSAGE][INFO] - Action delay is set to 0 milliseconds

26-08-2024T23:10:55 - [MESSAGE][PASSED] - Browser is opened with url: 'https://dev-algorithm.govolution.com/vrelaytest/QA2/version_2_2/vrelaytest.html'

26-08-2024T23:10:55 - [TEST_STEP][PASSED] - maximizeWindow(): Current window maximized

26-08-2024T23:10:55 - [MESSAGE][PASSED] - Current window maximized

26-08-2024T23:10:55 - [TEST_STEP][PASSED] - iwpPages.TestHarnessPage.setDataMethod(row, dataFile): iwpPages.TestHarnessPage.setDataMethod is PASSED

26-08-2024T23:10:55 - [MESSAGE][PASSED] - Object 'Object Repository/IWP30/Page_QATestHarness/RemittanceID' is present

26-08-2024T23:10:56 - [MESSAGE][PASSED] - Text '653' is set on object 'Object Repository/IWP30/Page_QATestHarness/ApplicationID'

26-08-2024T23:10:57 - [MESSAGE][PASSED] - Text '2.5' is set on object 'Object Repository/IWP30/Page_QATestHarness/MessageVersion'

26-08-2024T23:10:57 - [MESSAGE][PASSED] - Text 'Gc5WcQA1cJxY' is set on object 'Object Repository/IWP30/Page_QATestHarness/RemittanceID'

26-08-2024T23:11:02 - [MESSAGE][PASSED] - Object: 'Object Repository/IWP30/Page_QATestHarness/SubmitButton' is clicked on

26-08-2024T23:11:02 - [MESSAGE][PASSED] - iwpPages.TestHarnessPage.setDataMethod is PASSED

26-08-2024T23:11:02 - [TEST_STEP][PASSED] - click(findTestObject("Object Repository/IWP30/Page_SelectPaymentMethod/PayByPersonalCheck")): Object: 'Object Repository/IWP30/Page_SelectPaymentMethod/PayByPersonalCheck' is clicked on

26-08-2024T23:11:02 - [MESSAGE][PASSED] - Object: 'Object Repository/IWP30/Page_SelectPaymentMethod/PayByPersonalCheck' is clicked on

26-08-2024T23:11:02 - [TEST_STEP][PASSED] - click(findTestObject("Object Repository/IWP30/Page_SelectPaymentMethod/MakePaymentButton")): Object: 'Object Repository/IWP30/Page_SelectPaymentMethod/MakePaymentButton' is clicked on

26-08-2024T23:11:05 - [MESSAGE][PASSED] - Object: 'Object Repository/IWP30/Page_SelectPaymentMethod/MakePaymentButton' is clicked on

26-08-2024T23:11:05 - [TEST_STEP][PASSED] - iwpPages.achPersonalPaymentEntryPage.setDataACHPPM(row, dataFile): iwpPages.achPersonalPaymentEntryPage.setDataACHPPM is PASSED

26-08-2024T23:11:06 - [MESSAGE][PASSED] - Object 'Object Repository/IWP30/Page_ACHPersonalPaymentEntry/txt_accountNumber' is present

26-08-2024T23:11:06 - [MESSAGE][PASSED] - Text '9.50' is set on object 'Object Repository/IWP30/Page_ACHPersonalPaymentEntry/txt_Amount'

26-08-2024T23:11:07 - [MESSAGE][PASSED] - Object 'Object Repository/IWP30/Page_ACHPersonalPaymentEntry/txt_UDF2' is present

26-08-2024T23:11:07 - [MESSAGE][PASSED] - Object 'Object Repository/IWP30/Page_ACHPersonalPaymentEntry/txt_Firstname' is present

26-08-2024T23:11:08 - [MESSAGE][PASSED] - Text 'Elizath' is set on object 'Object Repository/IWP30/Page_ACHPersonalPaymentEntry/txt_Firstname'

26-08-2024T23:11:08 - [MESSAGE][PASSED] - Object 'Object Repository/IWP30/Page_ACHPersonalPaymentEntry/txt_Lastname' is present

26-08-2024T23:11:08 - [MESSAGE][PASSED] - Text 'Christine' is set on object 'Object Repository/IWP30/Page_ACHPersonalPaymentEntry/txt_Lastname'

26-08-2024T23:11:09 - [MESSAGE][PASSED] - Object 'Object Repository/IWP30/Page_ACHPersonalPaymentEntry/txt_routingNumber' is present

26-08-2024T23:11:09 - [MESSAGE][PASSED] - Text '256072691' is set on object 'Object Repository/IWP30/Page_ACHPersonalPaymentEntry/txt_routingNumber'

26-08-2024T23:11:10 - [MESSAGE][PASSED] - Object 'Object Repository/IWP30/Page_ACHPersonalPaymentEntry/txt_accountNumber' is present

26-08-2024T23:11:10 - [MESSAGE][PASSED] - Text '12344444' is set on object 'Object Repository/IWP30/Page_ACHPersonalPaymentEntry/txt_accountNumber'

26-08-2024T23:11:11 - [MESSAGE][PASSED] - Object 'Object Repository/IWP30/Page_ACHPersonalPaymentEntry/txt_confirmAccountNumber' is present

26-08-2024T23:11:11 - [MESSAGE][PASSED] - Text '12344444' is set on object 'Object Repository/IWP30/Page_ACHPersonalPaymentEntry/txt_confirmAccountNumber'

26-08-2024T23:11:12 - [MESSAGE][PASSED] - Object 'Object Repository/IWP30/Page_ACHPersonalPaymentEntry/rd_accountType' is present

26-08-2024T23:11:12 - [MESSAGE][PASSED] - Modify property of object successfully

26-08-2024T23:11:12 - [MESSAGE][PASSED] - Object: 'Object Repository/IWP30/Page_ACHPersonalPaymentEntry/rd_accountType' is clicked on

26-08-2024T23:11:12 - [MESSAGE][PASSED] - Object 'Object Repository/IWP30/Page_ACHPersonalPaymentEntry/txt_Email' is present

26-08-2024T23:11:13 - [MESSAGE][PASSED] - Text 'iahmed@govolution.com' is set on object 'Object Repository/IWP30/Page_ACHPersonalPaymentEntry/txt_Email'

26-08-2024T23:11:13 - [MESSAGE][PASSED] - Object 'Object Repository/IWP30/Page_ACHPersonalPaymentEntry/cb_TermsAndCond' is present

26-08-2024T23:11:13 - [MESSAGE][PASSED] - Object: 'Object Repository/IWP30/Page_ACHPersonalPaymentEntry/cb_TermsAndCond' is clicked on

26-08-2024T23:11:14 - [MESSAGE][PASSED] - Object 'Object Repository/IWP30/Page_ACHPersonalPaymentEntry/btn_Continue' is present

26-08-2024T23:11:16 - [MESSAGE][PASSED] - Object: 'Object Repository/IWP30/Page_ACHPersonalPaymentEntry/btn_Continue' is clicked on

26-08-2024T23:11:16 - [MESSAGE][PASSED] - iwpPages.achPersonalPaymentEntryPage.setDataACHPPM is PASSED

26-08-2024T23:11:16 - [TEST_STEP][PASSED] - Thread.sleep(10000): null

26-08-2024T23:11:26 - [TEST_STEP][PASSED] - if (verifyTextPresent("Payment amounts less than 10.50 are not accepted", false)): null

26-08-2024T23:11:26 - [MESSAGE][PASSED] - Text 'Payment amounts less than 10.50 are not accepted' is present on page 

26-08-2024T23:11:26 - [TEST_STEP][PASSED] - println("UnderPay Error message shown"): null

26-08-2024T23:11:26 - [TEST_STEP][PASSED] - markPassed("Under Pay Error message shown"): Under Pay Error message shown

26-08-2024T23:11:26 - [MESSAGE][PASSED] - Under Pay Error message shown

26-08-2024T23:11:26 - [TEST_STEP][PASSED] - resText = "Pass": null

26-08-2024T23:11:26 - [TEST_STEP][PASSED] - pages.WriteExcel.demoKey(resText, datText, resColumn, datCloumn, fileLoc, nameSheet, row): pages.WriteExcel.demoKey is PASSED

26-08-2024T23:11:26 - [MESSAGE][PASSED] - pages.WriteExcel.demoKey is PASSED

26-08-2024T23:11:26 - [TEST_STEP][PASSED] - closeBrowser(): Browser is closed

26-08-2024T23:11:27 - [MESSAGE][PASSED] - Browser is closed]]></system-out>
         <system-err><![CDATA[]]></system-err>
      </testcase>
      <testcase name="Test Cases/IntegratedWeb/IWP25/Payments/NoModifyAmountCorp" time="68.368" classname="Test Cases/IntegratedWeb/IWP25/Payments/NoModifyAmountCorp" status="PASSED">
         <system-out><![CDATA[26-08-2024T23:11:27 - [TEST_CASE][PASSED] - Test Cases/IntegratedWeb/IWP25/Payments/NoModifyAmountCorp: Test Cases/IntegratedWeb/IWP25/Payments/NoModifyAmountCorp

26-08-2024T23:11:27 - [TEST_STEP][PASSED] - resText = "Fail": null

26-08-2024T23:11:27 - [TEST_STEP][PASSED] - resColumn = "Result": null

26-08-2024T23:11:27 - [TEST_STEP][PASSED] - datCloumn = "Date": null

26-08-2024T23:11:27 - [TEST_STEP][PASSED] - fileLoc = "KatalonData/IWPTestData/VRelay25Payments.xlsx": null

26-08-2024T23:11:27 - [TEST_STEP][PASSED] - numOfRows = <not implemented yet for class: org.codehaus.groovy.ast.expr.EmptyExpression>: null

26-08-2024T23:11:27 - [TEST_STEP][PASSED] - dataFile = <not implemented yet for class: org.codehaus.groovy.ast.expr.EmptyExpression>: null

26-08-2024T23:11:27 - [TEST_STEP][PASSED] - nameSheet = <not implemented yet for class: org.codehaus.groovy.ast.expr.EmptyExpression>: null

26-08-2024T23:11:27 - [TEST_STEP][PASSED] - dataFileEmulator = <not implemented yet for class: org.codehaus.groovy.ast.expr.EmptyExpression>: null

26-08-2024T23:11:27 - [TEST_STEP][PASSED] - isRequiredTextPresent = false: null

26-08-2024T23:11:27 - [TEST_STEP][PASSED] - nameSheet = "NoModifyAmountCorp": null

26-08-2024T23:11:27 - [TEST_STEP][PASSED] - dataFile = "IWPTestData/IWP25NoModifyAmountCorp": null

26-08-2024T23:11:27 - [TEST_STEP][PASSED] - dataFileEmulator = "IWPTestData/EmulatorData": null

26-08-2024T23:11:27 - [TEST_STEP][PASSED] - numOfRows = findTestData(dataFile).getRowNumbers(): null

26-08-2024T23:11:27 - [TEST_STEP][PASSED] - println("Number of Records: " + numOfRows): null

26-08-2024T23:11:27 - [TEST_STEP][PASSED] - for ([row = 1, row <= numOfRows, (row++)]): Browser is closed

26-08-2024T23:11:27 - [TEST_STEP][PASSED] - ExecuteTC = findTestData(dataFile).getValue("Execute", row): null

26-08-2024T23:11:27 - [TEST_STEP][PASSED] - out.println("Value of Execute is : " + ExecuteTC): null

26-08-2024T23:11:27 - [TEST_STEP][PASSED] - if (ExecuteTC.equalsIgnoreCase("Y")): null

26-08-2024T23:11:27 - [TEST_STEP][PASSED] - out.println("Begin Record Number: " + row): null

26-08-2024T23:11:27 - [TEST_STEP][PASSED] - today = new java.util.Date(): null

26-08-2024T23:11:27 - [TEST_STEP][PASSED] - println(today): null

26-08-2024T23:11:27 - [TEST_STEP][PASSED] - datText = today: null

26-08-2024T23:11:27 - [TEST_STEP][PASSED] - EmulatorDataKey = findTestData(dataFile).getValue("EmulatorData", row): null

26-08-2024T23:11:27 - [TEST_STEP][PASSED] - out.println("Value of Emulator Key is : " + EmulatorDataKey): null

26-08-2024T23:11:27 - [TEST_STEP][PASSED] - iwpPages.emulatorIWP30.setDataEmulator_DD(EmulatorDataKey): iwpPages.emulatorIWP30.setDataEmulator_DD is PASSED

26-08-2024T23:11:28 - [MESSAGE][INFO] - Starting 'Edge Chromium' driver

26-08-2024T23:11:28 - [MESSAGE][INFO] - User set preference: ['acceptInsecureCerts', 'true']

26-08-2024T23:11:30 - [MESSAGE][INFO] - Action delay is set to 0 milliseconds

26-08-2024T23:11:34 - [MESSAGE][PASSED] - Browser is opened with url: 'https://qa2.velocitypayment.com/agency/config.do?action=editor&message_version=2_5'

26-08-2024T23:11:34 - [MESSAGE][PASSED] - Current window maximized

26-08-2024T23:11:35 - [MESSAGE][PASSED] - All options with value '2.5' are selected in object 'Object Repository/IWP30/Page_VRelay30Emulator/MV'  using regular expression

26-08-2024T23:11:36 - [MESSAGE][PASSED] - Text '10.50' is set on object 'Object Repository/IWP30/Page_VRelay30Emulator/Amount'

26-08-2024T23:11:37 - [MESSAGE][PASSED] - Text '26413255' is set on object 'Object Repository/IWP30/Page_VRelay30Emulator/CAN'

26-08-2024T23:11:37 - [MESSAGE][PASSED] - Text 'PayNow' is set on object 'Object Repository/IWP30/Page_VRelay30Emulator/Action'

26-08-2024T23:11:38 - [MESSAGE][PASSED] - Text 'en_US' is set on object 'Object Repository/IWP30/Page_VRelay30Emulator/Lang'

26-08-2024T23:11:38 - [MESSAGE][PASSED] - Text 'Jasmine' is set on object 'Object Repository/IWP30/Page_VRelay30Emulator/Fname'

26-08-2024T23:11:39 - [MESSAGE][PASSED] - Text 'Patrinol' is set on object 'Object Repository/IWP30/Page_VRelay30Emulator/Lname'

26-08-2024T23:11:40 - [MESSAGE][PASSED] - Text '258 Underwood rd' is set on object 'Object Repository/IWP30/Page_VRelay30Emulator/AL1'

26-08-2024T23:11:40 - [MESSAGE][PASSED] - Text 'Suite 600' is set on object 'Object Repository/IWP30/Page_VRelay30Emulator/AL2'

26-08-2024T23:11:41 - [MESSAGE][PASSED] - Text '840' is set on object 'Object Repository/IWP30/Page_VRelay30Emulator/Country'

26-08-2024T23:11:41 - [MESSAGE][PASSED] - Text 'Arlington' is set on object 'Object Repository/IWP30/Page_VRelay30Emulator/City'

26-08-2024T23:11:42 - [MESSAGE][PASSED] - Text 'VA' is set on object 'Object Repository/IWP30/Page_VRelay30Emulator/State'

26-08-2024T23:11:43 - [MESSAGE][PASSED] - Text '22201' is set on object 'Object Repository/IWP30/Page_VRelay30Emulator/ZIP'

26-08-2024T23:11:43 - [MESSAGE][PASSED] - Text '' is set on object 'Object Repository/IWP30/Page_VRelay30Emulator/Order'

26-08-2024T23:11:44 - [MESSAGE][PASSED] - Text 'Some Company' is set on object 'Object Repository/IWP30/Page_VRelay30Emulator/Company'

26-08-2024T23:11:45 - [MESSAGE][PASSED] - Text 'iahmed@govolution.com' is set on object 'Object Repository/IWP30/Page_VRelay30Emulator/Email'

26-08-2024T23:11:45 - [MESSAGE][PASSED] - Text 'udf data 1' is set on object 'Object Repository/IWP30/Page_VRelay30Emulator/UDF1'

26-08-2024T23:11:46 - [MESSAGE][PASSED] - Text 'udf data 2' is set on object 'Object Repository/IWP30/Page_VRelay30Emulator/UDF2'

26-08-2024T23:11:46 - [MESSAGE][PASSED] - Text 'udf data 3' is set on object 'Object Repository/IWP30/Page_VRelay30Emulator/UDF3'

26-08-2024T23:11:47 - [MESSAGE][PASSED] - Text 'udf data 4' is set on object 'Object Repository/IWP30/Page_VRelay30Emulator/UDF4'

26-08-2024T23:11:48 - [MESSAGE][PASSED] - Text 'udf data 5' is set on object 'Object Repository/IWP30/Page_VRelay30Emulator/UDF5'

26-08-2024T23:11:48 - [MESSAGE][PASSED] - Text 'udf data 6' is set on object 'Object Repository/IWP30/Page_VRelay30Emulator/UDF6'

26-08-2024T23:11:49 - [MESSAGE][PASSED] - Text 'Orange' is set on object 'Object Repository/IWP30/Page_VRelay30Emulator/UDF7'

26-08-2024T23:11:49 - [MESSAGE][PASSED] - Text 'Soccer' is set on object 'Object Repository/IWP30/Page_VRelay30Emulator/UDF8'

26-08-2024T23:11:50 - [MESSAGE][PASSED] - Text 'udf data 9' is set on object 'Object Repository/IWP30/Page_VRelay30Emulator/UDF9'

26-08-2024T23:11:51 - [MESSAGE][PASSED] - Text 'udf data 10' is set on object 'Object Repository/IWP30/Page_VRelay30Emulator/UDF10'

26-08-2024T23:11:51 - [MESSAGE][PASSED] - Object: 'Object Repository/IWP30/Page_VRelay30Emulator/Submit' is clicked on

26-08-2024T23:11:56 - [MESSAGE][PASSED] - Browser is closed

26-08-2024T23:12:00 - [MESSAGE][PASSED] - iwpPages.emulatorIWP30.setDataEmulator_DD is PASSED

26-08-2024T23:12:00 - [TEST_STEP][PASSED] - testHarnessURL = urlTestHarness: null

26-08-2024T23:12:00 - [TEST_STEP][PASSED] - openBrowser(testHarnessURL): Browser is opened with url: 'https://dev-algorithm.govolution.com/vrelaytest/QA2/version_2_2/vrelaytest.html'

26-08-2024T23:12:00 - [MESSAGE][INFO] - Starting 'Edge Chromium' driver

26-08-2024T23:12:00 - [MESSAGE][INFO] - User set preference: ['acceptInsecureCerts', 'true']

26-08-2024T23:12:03 - [MESSAGE][INFO] - Action delay is set to 0 milliseconds

26-08-2024T23:12:06 - [MESSAGE][PASSED] - Browser is opened with url: 'https://dev-algorithm.govolution.com/vrelaytest/QA2/version_2_2/vrelaytest.html'

26-08-2024T23:12:06 - [TEST_STEP][PASSED] - maximizeWindow(): Current window maximized

26-08-2024T23:12:06 - [MESSAGE][PASSED] - Current window maximized

26-08-2024T23:12:06 - [TEST_STEP][PASSED] - iwpPages.TestHarnessPage.setDataMethod(row, dataFile): iwpPages.TestHarnessPage.setDataMethod is PASSED

26-08-2024T23:12:07 - [MESSAGE][PASSED] - Object 'Object Repository/IWP30/Page_QATestHarness/RemittanceID' is present

26-08-2024T23:12:07 - [MESSAGE][PASSED] - Text '654' is set on object 'Object Repository/IWP30/Page_QATestHarness/ApplicationID'

26-08-2024T23:12:08 - [MESSAGE][PASSED] - Text '2.5' is set on object 'Object Repository/IWP30/Page_QATestHarness/MessageVersion'

26-08-2024T23:12:08 - [MESSAGE][PASSED] - Text '0RgbVBdst643' is set on object 'Object Repository/IWP30/Page_QATestHarness/RemittanceID'

26-08-2024T23:12:12 - [MESSAGE][PASSED] - Object: 'Object Repository/IWP30/Page_QATestHarness/SubmitButton' is clicked on

26-08-2024T23:12:12 - [MESSAGE][PASSED] - iwpPages.TestHarnessPage.setDataMethod is PASSED

26-08-2024T23:12:12 - [TEST_STEP][PASSED] - click(findTestObject("Object Repository/IWP30/Page_SelectPaymentMethod/PayByCorporateCheck")): Object: 'Object Repository/IWP30/Page_SelectPaymentMethod/PayByCorporateCheck' is clicked on

26-08-2024T23:12:12 - [MESSAGE][PASSED] - Object: 'Object Repository/IWP30/Page_SelectPaymentMethod/PayByCorporateCheck' is clicked on

26-08-2024T23:12:12 - [TEST_STEP][PASSED] - click(findTestObject("Object Repository/IWP30/Page_SelectPaymentMethod/MakePaymentButton")): Object: 'Object Repository/IWP30/Page_SelectPaymentMethod/MakePaymentButton' is clicked on

26-08-2024T23:12:15 - [MESSAGE][PASSED] - Object: 'Object Repository/IWP30/Page_SelectPaymentMethod/MakePaymentButton' is clicked on

26-08-2024T23:12:15 - [TEST_STEP][PASSED] - if (verifyElementNotPresent(findTestObject("Object Repository/IWP30/Page_ACHCorporatePaymentEntry/txt_Amount"), 30) && verifyTextPresent("$ 10.50", false)): null

26-08-2024T23:12:15 - [MESSAGE][PASSED] - Web element with id: 'Object Repository/IWP30/Page_ACHCorporatePaymentEntry/txt_Amount' located by 'By.xpath: //*[@type = 'text' and @name = 'amount' and @alt = 'Amount']' is not present after '30' second(s)

26-08-2024T23:12:15 - [MESSAGE][PASSED] - Text '$ 10.50' is present on page 

26-08-2024T23:12:15 - [TEST_STEP][PASSED] - iwpPages.achCorporatePaymentEntryPage.setDataCorporate(row, dataFile): iwpPages.achCorporatePaymentEntryPage.setDataCorporate is PASSED

26-08-2024T23:12:16 - [MESSAGE][PASSED] - Object 'Object Repository/IWP30/Page_ACHCorporatePaymentEntry/txt_accountNumber' is present

26-08-2024T23:12:16 - [MESSAGE][PASSED] - Object 'Object Repository/IWP30/Page_ACHCorporatePaymentEntry/input_CompanyName' is present

26-08-2024T23:12:17 - [MESSAGE][PASSED] - Object 'Object Repository/IWP30/Page_ACHCorporatePaymentEntry/input_EIN' is present

26-08-2024T23:12:17 - [MESSAGE][PASSED] - Text '123456789' is set on object 'Object Repository/IWP30/Page_ACHCorporatePaymentEntry/input_EIN'

26-08-2024T23:12:18 - [MESSAGE][PASSED] - Object 'Object Repository/IWP30/Page_ACHCorporatePaymentEntry/txt_routingNumber' is present

26-08-2024T23:12:18 - [MESSAGE][PASSED] - Text '256072691' is set on object 'Object Repository/IWP30/Page_ACHCorporatePaymentEntry/txt_routingNumber'

26-08-2024T23:12:18 - [MESSAGE][PASSED] - Object 'Object Repository/IWP30/Page_ACHCorporatePaymentEntry/txt_accountNumber' is present

26-08-2024T23:12:19 - [MESSAGE][PASSED] - Text '12344444' is set on object 'Object Repository/IWP30/Page_ACHCorporatePaymentEntry/txt_accountNumber'

26-08-2024T23:12:20 - [MESSAGE][PASSED] - Object 'Object Repository/IWP30/Page_ACHCorporatePaymentEntry/txt_confirmAccountNumber' is present

26-08-2024T23:12:20 - [MESSAGE][PASSED] - Text '12344444' is set on object 'Object Repository/IWP30/Page_ACHCorporatePaymentEntry/txt_confirmAccountNumber'

26-08-2024T23:12:21 - [MESSAGE][PASSED] - Object 'Object Repository/IWP30/Page_ACHCorporatePaymentEntry/txt_Email' is present

26-08-2024T23:12:21 - [MESSAGE][PASSED] - Object 'Object Repository/IWP30/Page_ACHCorporatePaymentEntry/cb_TermsAndCond' is present

26-08-2024T23:12:21 - [MESSAGE][PASSED] - Object: 'Object Repository/IWP30/Page_ACHCorporatePaymentEntry/cb_TermsAndCond' is clicked on

26-08-2024T23:12:21 - [MESSAGE][PASSED] - Object 'Object Repository/IWP30/Page_ACHCorporatePaymentEntry/btn_Continue' is present

26-08-2024T23:12:22 - [MESSAGE][PASSED] - Object: 'Object Repository/IWP30/Page_ACHCorporatePaymentEntry/btn_Continue' is clicked on

26-08-2024T23:12:23 - [MESSAGE][PASSED] - iwpPages.achCorporatePaymentEntryPage.setDataCorporate is PASSED

26-08-2024T23:12:23 - [TEST_STEP][PASSED] - click(findTestObject("Object Repository/IWP30/Page_Confirmation/ConfirmButton")): Object: 'Object Repository/IWP30/Page_Confirmation/ConfirmButton' is clicked on

26-08-2024T23:12:24 - [MESSAGE][PASSED] - Object: 'Object Repository/IWP30/Page_Confirmation/ConfirmButton' is clicked on

26-08-2024T23:12:24 - [TEST_STEP][PASSED] - Thread.sleep(10000): null

26-08-2024T23:12:34 - [TEST_STEP][PASSED] - if (verifyTextPresent("Successful Payment Receipt", false)): null

26-08-2024T23:12:34 - [MESSAGE][PASSED] - Text 'Successful Payment Receipt' is present on page 

26-08-2024T23:12:34 - [TEST_STEP][PASSED] - println("Successful Payment Receipt text is present on the Receipt page"): null

26-08-2024T23:12:34 - [TEST_STEP][PASSED] - markPassed("Successful Payment Receipt text is present on the Receipt page"): Successful Payment Receipt text is present on the Receipt page

26-08-2024T23:12:34 - [MESSAGE][PASSED] - Successful Payment Receipt text is present on the Receipt page

26-08-2024T23:12:34 - [TEST_STEP][PASSED] - resText = "Pass": null

26-08-2024T23:12:34 - [TEST_STEP][PASSED] - pages.WriteExcel.demoKey(resText, datText, resColumn, datCloumn, fileLoc, nameSheet, row): pages.WriteExcel.demoKey is PASSED

26-08-2024T23:12:34 - [MESSAGE][PASSED] - pages.WriteExcel.demoKey is PASSED

26-08-2024T23:12:34 - [TEST_STEP][PASSED] - closeBrowser(): Browser is closed

26-08-2024T23:12:35 - [MESSAGE][PASSED] - Browser is closed]]></system-out>
         <system-err><![CDATA[]]></system-err>
      </testcase>
      <testcase name="Test Cases/IntegratedWeb/IWP25/Payments/NoModifyAmountPC" time="68.909" classname="Test Cases/IntegratedWeb/IWP25/Payments/NoModifyAmountPC" status="PASSED">
         <system-out><![CDATA[26-08-2024T23:12:35 - [TEST_CASE][PASSED] - Test Cases/IntegratedWeb/IWP25/Payments/NoModifyAmountPC: Test Cases/IntegratedWeb/IWP25/Payments/NoModifyAmountPC

26-08-2024T23:12:35 - [TEST_STEP][PASSED] - resText = "Fail": null

26-08-2024T23:12:35 - [TEST_STEP][PASSED] - resColumn = "Result": null

26-08-2024T23:12:35 - [TEST_STEP][PASSED] - datCloumn = "Date": null

26-08-2024T23:12:35 - [TEST_STEP][PASSED] - fileLoc = "KatalonData/IWPTestData/VRelay25Payments.xlsx": null

26-08-2024T23:12:35 - [TEST_STEP][PASSED] - numOfRows = <not implemented yet for class: org.codehaus.groovy.ast.expr.EmptyExpression>: null

26-08-2024T23:12:36 - [TEST_STEP][PASSED] - dataFile = <not implemented yet for class: org.codehaus.groovy.ast.expr.EmptyExpression>: null

26-08-2024T23:12:36 - [TEST_STEP][PASSED] - nameSheet = <not implemented yet for class: org.codehaus.groovy.ast.expr.EmptyExpression>: null

26-08-2024T23:12:36 - [TEST_STEP][PASSED] - dataFileEmulator = <not implemented yet for class: org.codehaus.groovy.ast.expr.EmptyExpression>: null

26-08-2024T23:12:36 - [TEST_STEP][PASSED] - isRequiredTextPresent = false: null

26-08-2024T23:12:36 - [TEST_STEP][PASSED] - nameSheet = "NoModifyAmountPC": null

26-08-2024T23:12:36 - [TEST_STEP][PASSED] - dataFile = "IWPTestData/IWP25NoModifyAmountPC": null

26-08-2024T23:12:36 - [TEST_STEP][PASSED] - dataFileEmulator = "IWPTestData/EmulatorData": null

26-08-2024T23:12:36 - [TEST_STEP][PASSED] - numOfRows = findTestData(dataFile).getRowNumbers(): null

26-08-2024T23:12:36 - [TEST_STEP][PASSED] - println("Number of Records: " + numOfRows): null

26-08-2024T23:12:36 - [TEST_STEP][PASSED] - for ([row = 1, row <= numOfRows, (row++)]): Browser is closed

26-08-2024T23:12:36 - [TEST_STEP][PASSED] - ExecuteTC = findTestData(dataFile).getValue("Execute", row): null

26-08-2024T23:12:36 - [TEST_STEP][PASSED] - out.println("Value of Execute is : " + ExecuteTC): null

26-08-2024T23:12:36 - [TEST_STEP][PASSED] - if (ExecuteTC.equalsIgnoreCase("Y")): null

26-08-2024T23:12:36 - [TEST_STEP][PASSED] - out.println("Begin Record Number: " + row): null

26-08-2024T23:12:36 - [TEST_STEP][PASSED] - today = new java.util.Date(): null

26-08-2024T23:12:36 - [TEST_STEP][PASSED] - println(today): null

26-08-2024T23:12:36 - [TEST_STEP][PASSED] - datText = today: null

26-08-2024T23:12:36 - [TEST_STEP][PASSED] - EmulatorDataKey = findTestData(dataFile).getValue("EmulatorData", row): null

26-08-2024T23:12:36 - [TEST_STEP][PASSED] - out.println("Value of Emulator Key is : " + EmulatorDataKey): null

26-08-2024T23:12:36 - [TEST_STEP][PASSED] - iwpPages.emulatorIWP30.setDataEmulator_DD(EmulatorDataKey): iwpPages.emulatorIWP30.setDataEmulator_DD is PASSED

26-08-2024T23:12:36 - [MESSAGE][INFO] - Starting 'Edge Chromium' driver

26-08-2024T23:12:36 - [MESSAGE][INFO] - User set preference: ['acceptInsecureCerts', 'true']

26-08-2024T23:12:38 - [MESSAGE][INFO] - Action delay is set to 0 milliseconds

26-08-2024T23:12:42 - [MESSAGE][PASSED] - Browser is opened with url: 'https://qa2.velocitypayment.com/agency/config.do?action=editor&message_version=2_5'

26-08-2024T23:12:42 - [MESSAGE][PASSED] - Current window maximized

26-08-2024T23:12:43 - [MESSAGE][PASSED] - All options with value '2.5' are selected in object 'Object Repository/IWP30/Page_VRelay30Emulator/MV'  using regular expression

26-08-2024T23:12:44 - [MESSAGE][PASSED] - Text '10.50' is set on object 'Object Repository/IWP30/Page_VRelay30Emulator/Amount'

26-08-2024T23:12:45 - [MESSAGE][PASSED] - Text '26413255' is set on object 'Object Repository/IWP30/Page_VRelay30Emulator/CAN'

26-08-2024T23:12:45 - [MESSAGE][PASSED] - Text 'PayNow' is set on object 'Object Repository/IWP30/Page_VRelay30Emulator/Action'

26-08-2024T23:12:46 - [MESSAGE][PASSED] - Text 'en_US' is set on object 'Object Repository/IWP30/Page_VRelay30Emulator/Lang'

26-08-2024T23:12:47 - [MESSAGE][PASSED] - Text 'Jasmine' is set on object 'Object Repository/IWP30/Page_VRelay30Emulator/Fname'

26-08-2024T23:12:47 - [MESSAGE][PASSED] - Text 'Patrinol' is set on object 'Object Repository/IWP30/Page_VRelay30Emulator/Lname'

26-08-2024T23:12:48 - [MESSAGE][PASSED] - Text '258 Underwood rd' is set on object 'Object Repository/IWP30/Page_VRelay30Emulator/AL1'

26-08-2024T23:12:49 - [MESSAGE][PASSED] - Text 'Suite 600' is set on object 'Object Repository/IWP30/Page_VRelay30Emulator/AL2'

26-08-2024T23:12:49 - [MESSAGE][PASSED] - Text '840' is set on object 'Object Repository/IWP30/Page_VRelay30Emulator/Country'

26-08-2024T23:12:50 - [MESSAGE][PASSED] - Text 'Arlington' is set on object 'Object Repository/IWP30/Page_VRelay30Emulator/City'

26-08-2024T23:12:51 - [MESSAGE][PASSED] - Text 'VA' is set on object 'Object Repository/IWP30/Page_VRelay30Emulator/State'

26-08-2024T23:12:51 - [MESSAGE][PASSED] - Text '22201' is set on object 'Object Repository/IWP30/Page_VRelay30Emulator/ZIP'

26-08-2024T23:12:52 - [MESSAGE][PASSED] - Text '' is set on object 'Object Repository/IWP30/Page_VRelay30Emulator/Order'

26-08-2024T23:12:52 - [MESSAGE][PASSED] - Text 'Some Company' is set on object 'Object Repository/IWP30/Page_VRelay30Emulator/Company'

26-08-2024T23:12:53 - [MESSAGE][PASSED] - Text 'iahmed@govolution.com' is set on object 'Object Repository/IWP30/Page_VRelay30Emulator/Email'

26-08-2024T23:12:54 - [MESSAGE][PASSED] - Text 'udf data 1' is set on object 'Object Repository/IWP30/Page_VRelay30Emulator/UDF1'

26-08-2024T23:12:54 - [MESSAGE][PASSED] - Text 'udf data 2' is set on object 'Object Repository/IWP30/Page_VRelay30Emulator/UDF2'

26-08-2024T23:12:55 - [MESSAGE][PASSED] - Text 'udf data 3' is set on object 'Object Repository/IWP30/Page_VRelay30Emulator/UDF3'

26-08-2024T23:12:55 - [MESSAGE][PASSED] - Text 'udf data 4' is set on object 'Object Repository/IWP30/Page_VRelay30Emulator/UDF4'

26-08-2024T23:12:56 - [MESSAGE][PASSED] - Text 'udf data 5' is set on object 'Object Repository/IWP30/Page_VRelay30Emulator/UDF5'

26-08-2024T23:12:57 - [MESSAGE][PASSED] - Text 'udf data 6' is set on object 'Object Repository/IWP30/Page_VRelay30Emulator/UDF6'

26-08-2024T23:12:57 - [MESSAGE][PASSED] - Text 'Orange' is set on object 'Object Repository/IWP30/Page_VRelay30Emulator/UDF7'

26-08-2024T23:12:58 - [MESSAGE][PASSED] - Text 'Soccer' is set on object 'Object Repository/IWP30/Page_VRelay30Emulator/UDF8'

26-08-2024T23:12:58 - [MESSAGE][PASSED] - Text 'udf data 9' is set on object 'Object Repository/IWP30/Page_VRelay30Emulator/UDF9'

26-08-2024T23:12:59 - [MESSAGE][PASSED] - Text 'udf data 10' is set on object 'Object Repository/IWP30/Page_VRelay30Emulator/UDF10'

26-08-2024T23:13:00 - [MESSAGE][PASSED] - Object: 'Object Repository/IWP30/Page_VRelay30Emulator/Submit' is clicked on

26-08-2024T23:13:05 - [MESSAGE][PASSED] - Browser is closed

26-08-2024T23:13:09 - [MESSAGE][PASSED] - iwpPages.emulatorIWP30.setDataEmulator_DD is PASSED

26-08-2024T23:13:09 - [TEST_STEP][PASSED] - testHarnessURL = urlTestHarness: null

26-08-2024T23:13:09 - [TEST_STEP][PASSED] - openBrowser(testHarnessURL): Browser is opened with url: 'https://dev-algorithm.govolution.com/vrelaytest/QA2/version_2_2/vrelaytest.html'

26-08-2024T23:13:09 - [MESSAGE][INFO] - Starting 'Edge Chromium' driver

26-08-2024T23:13:09 - [MESSAGE][INFO] - User set preference: ['acceptInsecureCerts', 'true']

26-08-2024T23:13:11 - [MESSAGE][INFO] - Action delay is set to 0 milliseconds

26-08-2024T23:13:14 - [MESSAGE][PASSED] - Browser is opened with url: 'https://dev-algorithm.govolution.com/vrelaytest/QA2/version_2_2/vrelaytest.html'

26-08-2024T23:13:14 - [TEST_STEP][PASSED] - maximizeWindow(): Current window maximized

26-08-2024T23:13:14 - [MESSAGE][PASSED] - Current window maximized

26-08-2024T23:13:14 - [TEST_STEP][PASSED] - iwpPages.TestHarnessPage.setDataMethod(row, dataFile): iwpPages.TestHarnessPage.setDataMethod is PASSED

26-08-2024T23:13:15 - [MESSAGE][PASSED] - Object 'Object Repository/IWP30/Page_QATestHarness/RemittanceID' is present

26-08-2024T23:13:15 - [MESSAGE][PASSED] - Text '654' is set on object 'Object Repository/IWP30/Page_QATestHarness/ApplicationID'

26-08-2024T23:13:16 - [MESSAGE][PASSED] - Text '2.5' is set on object 'Object Repository/IWP30/Page_QATestHarness/MessageVersion'

26-08-2024T23:13:17 - [MESSAGE][PASSED] - Text '1l9RhddAA1ms' is set on object 'Object Repository/IWP30/Page_QATestHarness/RemittanceID'

26-08-2024T23:13:20 - [MESSAGE][PASSED] - Object: 'Object Repository/IWP30/Page_QATestHarness/SubmitButton' is clicked on

26-08-2024T23:13:20 - [MESSAGE][PASSED] - iwpPages.TestHarnessPage.setDataMethod is PASSED

26-08-2024T23:13:20 - [TEST_STEP][PASSED] - click(findTestObject("Object Repository/IWP30/Page_SelectPaymentMethod/PayByPersonalCheck")): Object: 'Object Repository/IWP30/Page_SelectPaymentMethod/PayByPersonalCheck' is clicked on

26-08-2024T23:13:20 - [MESSAGE][PASSED] - Object: 'Object Repository/IWP30/Page_SelectPaymentMethod/PayByPersonalCheck' is clicked on

26-08-2024T23:13:20 - [TEST_STEP][PASSED] - click(findTestObject("Object Repository/IWP30/Page_SelectPaymentMethod/MakePaymentButton")): Object: 'Object Repository/IWP30/Page_SelectPaymentMethod/MakePaymentButton' is clicked on

26-08-2024T23:13:23 - [MESSAGE][PASSED] - Object: 'Object Repository/IWP30/Page_SelectPaymentMethod/MakePaymentButton' is clicked on

26-08-2024T23:13:23 - [TEST_STEP][PASSED] - if (verifyElementNotPresent(findTestObject("Object Repository/IWP30/Page_ACHPersonalPaymentEntry/txt_Amount"), 30) && verifyTextPresent("$ 10.50", false)): null

26-08-2024T23:13:23 - [MESSAGE][PASSED] - Web element with id: 'Object Repository/IWP30/Page_ACHPersonalPaymentEntry/txt_Amount' located by 'By.xpath: //*[@type = 'text' and @name = 'amount']' is not present after '30' second(s)

26-08-2024T23:13:23 - [MESSAGE][PASSED] - Text '$ 10.50' is present on page 

26-08-2024T23:13:23 - [TEST_STEP][PASSED] - iwpPages.achPersonalPaymentEntryPage.setDataACHPPM(row, dataFile): iwpPages.achPersonalPaymentEntryPage.setDataACHPPM is PASSED

26-08-2024T23:13:24 - [MESSAGE][PASSED] - Object 'Object Repository/IWP30/Page_ACHPersonalPaymentEntry/txt_accountNumber' is present

26-08-2024T23:13:24 - [MESSAGE][PASSED] - Object 'Object Repository/IWP30/Page_ACHPersonalPaymentEntry/txt_UDF2' is present

26-08-2024T23:13:24 - [MESSAGE][PASSED] - Object 'Object Repository/IWP30/Page_ACHPersonalPaymentEntry/txt_Firstname' is present

26-08-2024T23:13:25 - [MESSAGE][PASSED] - Text 'Elizath' is set on object 'Object Repository/IWP30/Page_ACHPersonalPaymentEntry/txt_Firstname'

26-08-2024T23:13:25 - [MESSAGE][PASSED] - Object 'Object Repository/IWP30/Page_ACHPersonalPaymentEntry/txt_Lastname' is present

26-08-2024T23:13:26 - [MESSAGE][PASSED] - Text 'Christine' is set on object 'Object Repository/IWP30/Page_ACHPersonalPaymentEntry/txt_Lastname'

26-08-2024T23:13:26 - [MESSAGE][PASSED] - Object 'Object Repository/IWP30/Page_ACHPersonalPaymentEntry/txt_routingNumber' is present

26-08-2024T23:13:27 - [MESSAGE][PASSED] - Text '256072691' is set on object 'Object Repository/IWP30/Page_ACHPersonalPaymentEntry/txt_routingNumber'

26-08-2024T23:13:27 - [MESSAGE][PASSED] - Object 'Object Repository/IWP30/Page_ACHPersonalPaymentEntry/txt_accountNumber' is present

26-08-2024T23:13:28 - [MESSAGE][PASSED] - Text '12344444' is set on object 'Object Repository/IWP30/Page_ACHPersonalPaymentEntry/txt_accountNumber'

26-08-2024T23:13:28 - [MESSAGE][PASSED] - Object 'Object Repository/IWP30/Page_ACHPersonalPaymentEntry/txt_confirmAccountNumber' is present

26-08-2024T23:13:29 - [MESSAGE][PASSED] - Text '12344444' is set on object 'Object Repository/IWP30/Page_ACHPersonalPaymentEntry/txt_confirmAccountNumber'

26-08-2024T23:13:29 - [MESSAGE][PASSED] - Object 'Object Repository/IWP30/Page_ACHPersonalPaymentEntry/rd_accountType' is present

26-08-2024T23:13:29 - [MESSAGE][PASSED] - Modify property of object successfully

26-08-2024T23:13:29 - [MESSAGE][PASSED] - Object: 'Object Repository/IWP30/Page_ACHPersonalPaymentEntry/rd_accountType' is clicked on

26-08-2024T23:13:30 - [MESSAGE][PASSED] - Object 'Object Repository/IWP30/Page_ACHPersonalPaymentEntry/txt_Email' is present

26-08-2024T23:13:30 - [MESSAGE][PASSED] - Object 'Object Repository/IWP30/Page_ACHPersonalPaymentEntry/cb_TermsAndCond' is present

26-08-2024T23:13:30 - [MESSAGE][PASSED] - Object: 'Object Repository/IWP30/Page_ACHPersonalPaymentEntry/cb_TermsAndCond' is clicked on

26-08-2024T23:13:30 - [MESSAGE][PASSED] - Object 'Object Repository/IWP30/Page_ACHPersonalPaymentEntry/btn_Continue' is present

26-08-2024T23:13:32 - [MESSAGE][PASSED] - Object: 'Object Repository/IWP30/Page_ACHPersonalPaymentEntry/btn_Continue' is clicked on

26-08-2024T23:13:32 - [MESSAGE][PASSED] - iwpPages.achPersonalPaymentEntryPage.setDataACHPPM is PASSED

26-08-2024T23:13:32 - [TEST_STEP][PASSED] - click(findTestObject("Object Repository/IWP30/Page_Confirmation/ConfirmButton")): Object: 'Object Repository/IWP30/Page_Confirmation/ConfirmButton' is clicked on

26-08-2024T23:13:33 - [MESSAGE][PASSED] - Object: 'Object Repository/IWP30/Page_Confirmation/ConfirmButton' is clicked on

26-08-2024T23:13:33 - [TEST_STEP][PASSED] - Thread.sleep(10000): null

26-08-2024T23:13:43 - [TEST_STEP][PASSED] - if (verifyTextPresent("Successful Payment Receipt", false)): null

26-08-2024T23:13:43 - [MESSAGE][PASSED] - Text 'Successful Payment Receipt' is present on page 

26-08-2024T23:13:43 - [TEST_STEP][PASSED] - println("Successful Payment Receipt text is present on the Receipt page"): null

26-08-2024T23:13:43 - [TEST_STEP][PASSED] - markPassed("Successful Payment Receipt text is present on the Receipt page"): Successful Payment Receipt text is present on the Receipt page

26-08-2024T23:13:43 - [MESSAGE][PASSED] - Successful Payment Receipt text is present on the Receipt page

26-08-2024T23:13:43 - [TEST_STEP][PASSED] - resText = "Pass": null

26-08-2024T23:13:43 - [TEST_STEP][PASSED] - pages.WriteExcel.demoKey(resText, datText, resColumn, datCloumn, fileLoc, nameSheet, row): pages.WriteExcel.demoKey is PASSED

26-08-2024T23:13:43 - [MESSAGE][PASSED] - pages.WriteExcel.demoKey is PASSED

26-08-2024T23:13:43 - [TEST_STEP][PASSED] - closeBrowser(): Browser is closed

26-08-2024T23:13:44 - [MESSAGE][PASSED] - Browser is closed]]></system-out>
         <system-err><![CDATA[]]></system-err>
      </testcase>
      <testcase name="Test Cases/IntegratedWeb/IWP25/Payments/OverAndUnderPayCorp" time="141.075" classname="Test Cases/IntegratedWeb/IWP25/Payments/OverAndUnderPayCorp" status="PASSED">
         <system-out><![CDATA[26-08-2024T23:13:44 - [TEST_CASE][PASSED] - Test Cases/IntegratedWeb/IWP25/Payments/OverAndUnderPayCorp: Test Cases/IntegratedWeb/IWP25/Payments/OverAndUnderPayCorp

26-08-2024T23:13:44 - [TEST_STEP][PASSED] - resText = "Fail": null

26-08-2024T23:13:44 - [TEST_STEP][PASSED] - resColumn = "Result": null

26-08-2024T23:13:44 - [TEST_STEP][PASSED] - datCloumn = "Date": null

26-08-2024T23:13:44 - [TEST_STEP][PASSED] - fileLoc = "KatalonData/IWPTestData/VRelay25Payments.xlsx": null

26-08-2024T23:13:44 - [TEST_STEP][PASSED] - numOfRows = <not implemented yet for class: org.codehaus.groovy.ast.expr.EmptyExpression>: null

26-08-2024T23:13:44 - [TEST_STEP][PASSED] - dataFile = <not implemented yet for class: org.codehaus.groovy.ast.expr.EmptyExpression>: null

26-08-2024T23:13:44 - [TEST_STEP][PASSED] - nameSheet = <not implemented yet for class: org.codehaus.groovy.ast.expr.EmptyExpression>: null

26-08-2024T23:13:44 - [TEST_STEP][PASSED] - dataFileEmulator = <not implemented yet for class: org.codehaus.groovy.ast.expr.EmptyExpression>: null

26-08-2024T23:13:44 - [TEST_STEP][PASSED] - isRequiredTextPresent = false: null

26-08-2024T23:13:44 - [TEST_STEP][PASSED] - nameSheet = "OverAndUnderPayCorp": null

26-08-2024T23:13:44 - [TEST_STEP][PASSED] - dataFile = "IWPTestData/IWP25OverAndUnderPayCorp": null

26-08-2024T23:13:44 - [TEST_STEP][PASSED] - dataFileEmulator = "IWPTestData/EmulatorData": null

26-08-2024T23:13:44 - [TEST_STEP][PASSED] - numOfRows = findTestData(dataFile).getRowNumbers(): null

26-08-2024T23:13:44 - [TEST_STEP][PASSED] - println("Number of Records: " + numOfRows): null

26-08-2024T23:13:44 - [TEST_STEP][PASSED] - for ([row = 1, row <= numOfRows, (row++)]): Browser is closed

26-08-2024T23:13:44 - [TEST_STEP][PASSED] - ExecuteTC = findTestData(dataFile).getValue("Execute", row): null

26-08-2024T23:13:44 - [TEST_STEP][PASSED] - out.println("Value of Execute is : " + ExecuteTC): null

26-08-2024T23:13:44 - [TEST_STEP][PASSED] - if (ExecuteTC.equalsIgnoreCase("Y")): null

26-08-2024T23:13:44 - [TEST_STEP][PASSED] - out.println("Begin Record Number: " + row): null

26-08-2024T23:13:44 - [TEST_STEP][PASSED] - today = new java.util.Date(): null

26-08-2024T23:13:44 - [TEST_STEP][PASSED] - println(today): null

26-08-2024T23:13:44 - [TEST_STEP][PASSED] - datText = today: null

26-08-2024T23:13:44 - [TEST_STEP][PASSED] - EmulatorDataKey = findTestData(dataFile).getValue("EmulatorData", row): null

26-08-2024T23:13:44 - [TEST_STEP][PASSED] - out.println("Value of Emulator Key is : " + EmulatorDataKey): null

26-08-2024T23:13:44 - [TEST_STEP][PASSED] - iwpPages.emulatorIWP30.setDataEmulator_DD(EmulatorDataKey): iwpPages.emulatorIWP30.setDataEmulator_DD is PASSED

26-08-2024T23:13:45 - [MESSAGE][INFO] - Starting 'Edge Chromium' driver

26-08-2024T23:13:45 - [MESSAGE][INFO] - User set preference: ['acceptInsecureCerts', 'true']

26-08-2024T23:13:47 - [MESSAGE][INFO] - Action delay is set to 0 milliseconds

26-08-2024T23:13:50 - [MESSAGE][PASSED] - Browser is opened with url: 'https://qa2.velocitypayment.com/agency/config.do?action=editor&message_version=2_5'

26-08-2024T23:13:50 - [MESSAGE][PASSED] - Current window maximized

26-08-2024T23:13:51 - [MESSAGE][PASSED] - All options with value '2.5' are selected in object 'Object Repository/IWP30/Page_VRelay30Emulator/MV'  using regular expression

26-08-2024T23:13:52 - [MESSAGE][PASSED] - Text '10.50' is set on object 'Object Repository/IWP30/Page_VRelay30Emulator/Amount'

26-08-2024T23:13:53 - [MESSAGE][PASSED] - Text '26413255' is set on object 'Object Repository/IWP30/Page_VRelay30Emulator/CAN'

26-08-2024T23:13:53 - [MESSAGE][PASSED] - Text 'PayNow' is set on object 'Object Repository/IWP30/Page_VRelay30Emulator/Action'

26-08-2024T23:13:54 - [MESSAGE][PASSED] - Text 'en_US' is set on object 'Object Repository/IWP30/Page_VRelay30Emulator/Lang'

26-08-2024T23:13:55 - [MESSAGE][PASSED] - Text 'Jasmine' is set on object 'Object Repository/IWP30/Page_VRelay30Emulator/Fname'

26-08-2024T23:13:55 - [MESSAGE][PASSED] - Text 'Patrinol' is set on object 'Object Repository/IWP30/Page_VRelay30Emulator/Lname'

26-08-2024T23:13:56 - [MESSAGE][PASSED] - Text '258 Underwood rd' is set on object 'Object Repository/IWP30/Page_VRelay30Emulator/AL1'

26-08-2024T23:13:56 - [MESSAGE][PASSED] - Text 'Suite 600' is set on object 'Object Repository/IWP30/Page_VRelay30Emulator/AL2'

26-08-2024T23:13:57 - [MESSAGE][PASSED] - Text '840' is set on object 'Object Repository/IWP30/Page_VRelay30Emulator/Country'

26-08-2024T23:13:58 - [MESSAGE][PASSED] - Text 'Arlington' is set on object 'Object Repository/IWP30/Page_VRelay30Emulator/City'

26-08-2024T23:13:58 - [MESSAGE][PASSED] - Text 'VA' is set on object 'Object Repository/IWP30/Page_VRelay30Emulator/State'

26-08-2024T23:13:59 - [MESSAGE][PASSED] - Text '22201' is set on object 'Object Repository/IWP30/Page_VRelay30Emulator/ZIP'

26-08-2024T23:13:59 - [MESSAGE][PASSED] - Text '' is set on object 'Object Repository/IWP30/Page_VRelay30Emulator/Order'

26-08-2024T23:14:00 - [MESSAGE][PASSED] - Text 'Some Company' is set on object 'Object Repository/IWP30/Page_VRelay30Emulator/Company'

26-08-2024T23:14:01 - [MESSAGE][PASSED] - Text 'iahmed@govolution.com' is set on object 'Object Repository/IWP30/Page_VRelay30Emulator/Email'

26-08-2024T23:14:01 - [MESSAGE][PASSED] - Text 'udf data 1' is set on object 'Object Repository/IWP30/Page_VRelay30Emulator/UDF1'

26-08-2024T23:14:02 - [MESSAGE][PASSED] - Text 'udf data 2' is set on object 'Object Repository/IWP30/Page_VRelay30Emulator/UDF2'

26-08-2024T23:14:02 - [MESSAGE][PASSED] - Text 'udf data 3' is set on object 'Object Repository/IWP30/Page_VRelay30Emulator/UDF3'

26-08-2024T23:14:03 - [MESSAGE][PASSED] - Text 'udf data 4' is set on object 'Object Repository/IWP30/Page_VRelay30Emulator/UDF4'

26-08-2024T23:14:04 - [MESSAGE][PASSED] - Text 'udf data 5' is set on object 'Object Repository/IWP30/Page_VRelay30Emulator/UDF5'

26-08-2024T23:14:04 - [MESSAGE][PASSED] - Text 'udf data 6' is set on object 'Object Repository/IWP30/Page_VRelay30Emulator/UDF6'

26-08-2024T23:14:05 - [MESSAGE][PASSED] - Text 'Orange' is set on object 'Object Repository/IWP30/Page_VRelay30Emulator/UDF7'

26-08-2024T23:14:05 - [MESSAGE][PASSED] - Text 'Soccer' is set on object 'Object Repository/IWP30/Page_VRelay30Emulator/UDF8'

26-08-2024T23:14:06 - [MESSAGE][PASSED] - Text 'udf data 9' is set on object 'Object Repository/IWP30/Page_VRelay30Emulator/UDF9'

26-08-2024T23:14:07 - [MESSAGE][PASSED] - Text 'udf data 10' is set on object 'Object Repository/IWP30/Page_VRelay30Emulator/UDF10'

26-08-2024T23:14:08 - [MESSAGE][PASSED] - Object: 'Object Repository/IWP30/Page_VRelay30Emulator/Submit' is clicked on

26-08-2024T23:14:12 - [MESSAGE][PASSED] - Browser is closed

26-08-2024T23:14:16 - [MESSAGE][PASSED] - iwpPages.emulatorIWP30.setDataEmulator_DD is PASSED

26-08-2024T23:14:16 - [TEST_STEP][PASSED] - testHarnessURL = urlTestHarness: null

26-08-2024T23:14:16 - [TEST_STEP][PASSED] - openBrowser(testHarnessURL): Browser is opened with url: 'https://dev-algorithm.govolution.com/vrelaytest/QA2/version_2_2/vrelaytest.html'

26-08-2024T23:14:16 - [MESSAGE][INFO] - Starting 'Edge Chromium' driver

26-08-2024T23:14:16 - [MESSAGE][INFO] - User set preference: ['acceptInsecureCerts', 'true']

26-08-2024T23:14:18 - [MESSAGE][INFO] - Action delay is set to 0 milliseconds

26-08-2024T23:14:22 - [MESSAGE][PASSED] - Browser is opened with url: 'https://dev-algorithm.govolution.com/vrelaytest/QA2/version_2_2/vrelaytest.html'

26-08-2024T23:14:22 - [TEST_STEP][PASSED] - maximizeWindow(): Current window maximized

26-08-2024T23:14:22 - [MESSAGE][PASSED] - Current window maximized

26-08-2024T23:14:22 - [TEST_STEP][PASSED] - iwpPages.TestHarnessPage.setDataMethod(row, dataFile): iwpPages.TestHarnessPage.setDataMethod is PASSED

26-08-2024T23:14:22 - [MESSAGE][PASSED] - Object 'Object Repository/IWP30/Page_QATestHarness/RemittanceID' is present

26-08-2024T23:14:23 - [MESSAGE][PASSED] - Text '638' is set on object 'Object Repository/IWP30/Page_QATestHarness/ApplicationID'

26-08-2024T23:14:24 - [MESSAGE][PASSED] - Text '2.5' is set on object 'Object Repository/IWP30/Page_QATestHarness/MessageVersion'

26-08-2024T23:14:24 - [MESSAGE][PASSED] - Text 'jdm8dId2KYfX' is set on object 'Object Repository/IWP30/Page_QATestHarness/RemittanceID'

26-08-2024T23:14:28 - [MESSAGE][PASSED] - Object: 'Object Repository/IWP30/Page_QATestHarness/SubmitButton' is clicked on

26-08-2024T23:14:28 - [MESSAGE][PASSED] - iwpPages.TestHarnessPage.setDataMethod is PASSED

26-08-2024T23:14:28 - [TEST_STEP][PASSED] - click(findTestObject("Object Repository/IWP30/Page_SelectPaymentMethod/PayByCorporateCheck")): Object: 'Object Repository/IWP30/Page_SelectPaymentMethod/PayByCorporateCheck' is clicked on

26-08-2024T23:14:29 - [MESSAGE][PASSED] - Object: 'Object Repository/IWP30/Page_SelectPaymentMethod/PayByCorporateCheck' is clicked on

26-08-2024T23:14:29 - [TEST_STEP][PASSED] - click(findTestObject("Object Repository/IWP30/Page_SelectPaymentMethod/MakePaymentButton")): Object: 'Object Repository/IWP30/Page_SelectPaymentMethod/MakePaymentButton' is clicked on

26-08-2024T23:14:32 - [MESSAGE][PASSED] - Object: 'Object Repository/IWP30/Page_SelectPaymentMethod/MakePaymentButton' is clicked on

26-08-2024T23:14:32 - [TEST_STEP][PASSED] - iwpPages.achCorporatePaymentEntryPage.setDataCorporate(row, dataFile): iwpPages.achCorporatePaymentEntryPage.setDataCorporate is PASSED

26-08-2024T23:14:33 - [MESSAGE][PASSED] - Object 'Object Repository/IWP30/Page_ACHCorporatePaymentEntry/txt_accountNumber' is present

26-08-2024T23:14:33 - [MESSAGE][PASSED] - Object 'Object Repository/IWP30/Page_ACHCorporatePaymentEntry/input_CompanyName' is present

26-08-2024T23:14:34 - [MESSAGE][PASSED] - Text 'My Company' is set on object 'Object Repository/IWP30/Page_ACHCorporatePaymentEntry/input_CompanyName'

26-08-2024T23:14:34 - [MESSAGE][PASSED] - Object 'Object Repository/IWP30/Page_ACHCorporatePaymentEntry/input_EIN' is present

26-08-2024T23:14:35 - [MESSAGE][PASSED] - Text '123456789' is set on object 'Object Repository/IWP30/Page_ACHCorporatePaymentEntry/input_EIN'

26-08-2024T23:14:35 - [MESSAGE][PASSED] - Text '11.50' is set on object 'Object Repository/IWP30/Page_ACHCorporatePaymentEntry/txt_Amount'

26-08-2024T23:14:36 - [MESSAGE][PASSED] - All options with label 'Soccer' are selected in object 'Object Repository/IWP30/Page_ACHCorporatePaymentEntry/dd_UDF8' 

26-08-2024T23:14:36 - [MESSAGE][PASSED] - Object 'Object Repository/IWP30/Page_ACHCorporatePaymentEntry/txt_routingNumber' is present

26-08-2024T23:14:37 - [MESSAGE][PASSED] - Text '256072691' is set on object 'Object Repository/IWP30/Page_ACHCorporatePaymentEntry/txt_routingNumber'

26-08-2024T23:14:37 - [MESSAGE][PASSED] - Object 'Object Repository/IWP30/Page_ACHCorporatePaymentEntry/txt_accountNumber' is present

26-08-2024T23:14:39 - [MESSAGE][PASSED] - Text '12344444' is set on object 'Object Repository/IWP30/Page_ACHCorporatePaymentEntry/txt_accountNumber'

26-08-2024T23:14:39 - [MESSAGE][PASSED] - Object 'Object Repository/IWP30/Page_ACHCorporatePaymentEntry/txt_confirmAccountNumber' is present

26-08-2024T23:14:40 - [MESSAGE][PASSED] - Text '12344444' is set on object 'Object Repository/IWP30/Page_ACHCorporatePaymentEntry/txt_confirmAccountNumber'

26-08-2024T23:14:40 - [MESSAGE][PASSED] - Object 'Object Repository/IWP30/Page_ACHCorporatePaymentEntry/txt_Email' is present

26-08-2024T23:14:40 - [MESSAGE][PASSED] - Object 'Object Repository/IWP30/Page_ACHCorporatePaymentEntry/cb_TermsAndCond' is present

26-08-2024T23:14:40 - [MESSAGE][PASSED] - Object: 'Object Repository/IWP30/Page_ACHCorporatePaymentEntry/cb_TermsAndCond' is clicked on

26-08-2024T23:14:41 - [MESSAGE][PASSED] - Object 'Object Repository/IWP30/Page_ACHCorporatePaymentEntry/btn_Continue' is present

26-08-2024T23:14:42 - [MESSAGE][PASSED] - Object: 'Object Repository/IWP30/Page_ACHCorporatePaymentEntry/btn_Continue' is clicked on

26-08-2024T23:14:42 - [MESSAGE][PASSED] - iwpPages.achCorporatePaymentEntryPage.setDataCorporate is PASSED

26-08-2024T23:14:42 - [TEST_STEP][PASSED] - click(findTestObject("Object Repository/IWP30/Page_Confirmation/ConfirmButton")): Object: 'Object Repository/IWP30/Page_Confirmation/ConfirmButton' is clicked on

26-08-2024T23:14:44 - [MESSAGE][PASSED] - Object: 'Object Repository/IWP30/Page_Confirmation/ConfirmButton' is clicked on

26-08-2024T23:14:44 - [TEST_STEP][PASSED] - Thread.sleep(10000): null

26-08-2024T23:14:54 - [TEST_STEP][PASSED] - if (verifyTextPresent("Successful Payment Receipt", false)): null

26-08-2024T23:14:54 - [MESSAGE][PASSED] - Text 'Successful Payment Receipt' is present on page 

26-08-2024T23:14:54 - [TEST_STEP][PASSED] - println("Successful Payment Receipt text is present on the Receipt page"): null

26-08-2024T23:14:54 - [TEST_STEP][PASSED] - markPassed("Successful Payment Receipt text is present on the Receipt page"): Successful Payment Receipt text is present on the Receipt page

26-08-2024T23:14:54 - [MESSAGE][PASSED] - Successful Payment Receipt text is present on the Receipt page

26-08-2024T23:14:54 - [TEST_STEP][PASSED] - resText = "Pass": null

26-08-2024T23:14:54 - [TEST_STEP][PASSED] - pages.WriteExcel.demoKey(resText, datText, resColumn, datCloumn, fileLoc, nameSheet, row): pages.WriteExcel.demoKey is PASSED

26-08-2024T23:14:54 - [MESSAGE][PASSED] - pages.WriteExcel.demoKey is PASSED

26-08-2024T23:14:55 - [TEST_STEP][PASSED] - closeBrowser(): Browser is closed

26-08-2024T23:14:55 - [MESSAGE][PASSED] - Browser is closed

26-08-2024T23:14:55 - [TEST_STEP][PASSED] - ExecuteTC = findTestData(dataFile).getValue("Execute", row): null

26-08-2024T23:14:55 - [TEST_STEP][PASSED] - out.println("Value of Execute is : " + ExecuteTC): null

26-08-2024T23:14:55 - [TEST_STEP][PASSED] - if (ExecuteTC.equalsIgnoreCase("Y")): null

26-08-2024T23:14:55 - [TEST_STEP][PASSED] - out.println("Begin Record Number: " + row): null

26-08-2024T23:14:55 - [TEST_STEP][PASSED] - today = new java.util.Date(): null

26-08-2024T23:14:55 - [TEST_STEP][PASSED] - println(today): null

26-08-2024T23:14:55 - [TEST_STEP][PASSED] - datText = today: null

26-08-2024T23:14:55 - [TEST_STEP][PASSED] - EmulatorDataKey = findTestData(dataFile).getValue("EmulatorData", row): null

26-08-2024T23:14:55 - [TEST_STEP][PASSED] - out.println("Value of Emulator Key is : " + EmulatorDataKey): null

26-08-2024T23:14:55 - [TEST_STEP][PASSED] - iwpPages.emulatorIWP30.setDataEmulator_DD(EmulatorDataKey): iwpPages.emulatorIWP30.setDataEmulator_DD is PASSED

26-08-2024T23:14:55 - [MESSAGE][INFO] - Starting 'Edge Chromium' driver

26-08-2024T23:14:55 - [MESSAGE][INFO] - User set preference: ['acceptInsecureCerts', 'true']

26-08-2024T23:14:57 - [MESSAGE][INFO] - Action delay is set to 0 milliseconds

26-08-2024T23:15:01 - [MESSAGE][PASSED] - Browser is opened with url: 'https://qa2.velocitypayment.com/agency/config.do?action=editor&message_version=2_5'

26-08-2024T23:15:01 - [MESSAGE][PASSED] - Current window maximized

26-08-2024T23:15:02 - [MESSAGE][PASSED] - All options with value '2.5' are selected in object 'Object Repository/IWP30/Page_VRelay30Emulator/MV'  using regular expression

26-08-2024T23:15:03 - [MESSAGE][PASSED] - Text '10.50' is set on object 'Object Repository/IWP30/Page_VRelay30Emulator/Amount'

26-08-2024T23:15:03 - [MESSAGE][PASSED] - Text '26413255' is set on object 'Object Repository/IWP30/Page_VRelay30Emulator/CAN'

26-08-2024T23:15:04 - [MESSAGE][PASSED] - Text 'PayNow' is set on object 'Object Repository/IWP30/Page_VRelay30Emulator/Action'

26-08-2024T23:15:05 - [MESSAGE][PASSED] - Text 'en_US' is set on object 'Object Repository/IWP30/Page_VRelay30Emulator/Lang'

26-08-2024T23:15:05 - [MESSAGE][PASSED] - Text 'Jasmine' is set on object 'Object Repository/IWP30/Page_VRelay30Emulator/Fname'

26-08-2024T23:15:06 - [MESSAGE][PASSED] - Text 'Patrinol' is set on object 'Object Repository/IWP30/Page_VRelay30Emulator/Lname'

26-08-2024T23:15:07 - [MESSAGE][PASSED] - Text '258 Underwood rd' is set on object 'Object Repository/IWP30/Page_VRelay30Emulator/AL1'

26-08-2024T23:15:07 - [MESSAGE][PASSED] - Text 'Suite 600' is set on object 'Object Repository/IWP30/Page_VRelay30Emulator/AL2'

26-08-2024T23:15:08 - [MESSAGE][PASSED] - Text '840' is set on object 'Object Repository/IWP30/Page_VRelay30Emulator/Country'

26-08-2024T23:15:08 - [MESSAGE][PASSED] - Text 'Arlington' is set on object 'Object Repository/IWP30/Page_VRelay30Emulator/City'

26-08-2024T23:15:09 - [MESSAGE][PASSED] - Text 'VA' is set on object 'Object Repository/IWP30/Page_VRelay30Emulator/State'

26-08-2024T23:15:10 - [MESSAGE][PASSED] - Text '22201' is set on object 'Object Repository/IWP30/Page_VRelay30Emulator/ZIP'

26-08-2024T23:15:10 - [MESSAGE][PASSED] - Text '' is set on object 'Object Repository/IWP30/Page_VRelay30Emulator/Order'

26-08-2024T23:15:11 - [MESSAGE][PASSED] - Text 'Some Company' is set on object 'Object Repository/IWP30/Page_VRelay30Emulator/Company'

26-08-2024T23:15:12 - [MESSAGE][PASSED] - Text 'iahmed@govolution.com' is set on object 'Object Repository/IWP30/Page_VRelay30Emulator/Email'

26-08-2024T23:15:12 - [MESSAGE][PASSED] - Text 'udf data 1' is set on object 'Object Repository/IWP30/Page_VRelay30Emulator/UDF1'

26-08-2024T23:15:13 - [MESSAGE][PASSED] - Text 'udf data 2' is set on object 'Object Repository/IWP30/Page_VRelay30Emulator/UDF2'

26-08-2024T23:15:13 - [MESSAGE][PASSED] - Text 'udf data 3' is set on object 'Object Repository/IWP30/Page_VRelay30Emulator/UDF3'

26-08-2024T23:15:14 - [MESSAGE][PASSED] - Text 'udf data 4' is set on object 'Object Repository/IWP30/Page_VRelay30Emulator/UDF4'

26-08-2024T23:15:15 - [MESSAGE][PASSED] - Text 'udf data 5' is set on object 'Object Repository/IWP30/Page_VRelay30Emulator/UDF5'

26-08-2024T23:15:15 - [MESSAGE][PASSED] - Text 'udf data 6' is set on object 'Object Repository/IWP30/Page_VRelay30Emulator/UDF6'

26-08-2024T23:15:16 - [MESSAGE][PASSED] - Text 'Orange' is set on object 'Object Repository/IWP30/Page_VRelay30Emulator/UDF7'

26-08-2024T23:15:16 - [MESSAGE][PASSED] - Text 'Soccer' is set on object 'Object Repository/IWP30/Page_VRelay30Emulator/UDF8'

26-08-2024T23:15:17 - [MESSAGE][PASSED] - Text 'udf data 9' is set on object 'Object Repository/IWP30/Page_VRelay30Emulator/UDF9'

26-08-2024T23:15:18 - [MESSAGE][PASSED] - Text 'udf data 10' is set on object 'Object Repository/IWP30/Page_VRelay30Emulator/UDF10'

26-08-2024T23:15:19 - [MESSAGE][PASSED] - Object: 'Object Repository/IWP30/Page_VRelay30Emulator/Submit' is clicked on

26-08-2024T23:15:23 - [MESSAGE][PASSED] - Browser is closed

26-08-2024T23:15:27 - [MESSAGE][PASSED] - iwpPages.emulatorIWP30.setDataEmulator_DD is PASSED

26-08-2024T23:15:27 - [TEST_STEP][PASSED] - testHarnessURL = urlTestHarness: null

26-08-2024T23:15:27 - [TEST_STEP][PASSED] - openBrowser(testHarnessURL): Browser is opened with url: 'https://dev-algorithm.govolution.com/vrelaytest/QA2/version_2_2/vrelaytest.html'

26-08-2024T23:15:27 - [MESSAGE][INFO] - Starting 'Edge Chromium' driver

26-08-2024T23:15:27 - [MESSAGE][INFO] - User set preference: ['acceptInsecureCerts', 'true']

26-08-2024T23:15:29 - [MESSAGE][INFO] - Action delay is set to 0 milliseconds

26-08-2024T23:15:33 - [MESSAGE][PASSED] - Browser is opened with url: 'https://dev-algorithm.govolution.com/vrelaytest/QA2/version_2_2/vrelaytest.html'

26-08-2024T23:15:33 - [TEST_STEP][PASSED] - maximizeWindow(): Current window maximized

26-08-2024T23:15:33 - [MESSAGE][PASSED] - Current window maximized

26-08-2024T23:15:33 - [TEST_STEP][PASSED] - iwpPages.TestHarnessPage.setDataMethod(row, dataFile): iwpPages.TestHarnessPage.setDataMethod is PASSED

26-08-2024T23:15:33 - [MESSAGE][PASSED] - Object 'Object Repository/IWP30/Page_QATestHarness/RemittanceID' is present

26-08-2024T23:15:34 - [MESSAGE][PASSED] - Text '638' is set on object 'Object Repository/IWP30/Page_QATestHarness/ApplicationID'

26-08-2024T23:15:35 - [MESSAGE][PASSED] - Text '2.5' is set on object 'Object Repository/IWP30/Page_QATestHarness/MessageVersion'

26-08-2024T23:15:35 - [MESSAGE][PASSED] - Text 'pTJjTihXf5c3' is set on object 'Object Repository/IWP30/Page_QATestHarness/RemittanceID'

26-08-2024T23:15:39 - [MESSAGE][PASSED] - Object: 'Object Repository/IWP30/Page_QATestHarness/SubmitButton' is clicked on

26-08-2024T23:15:39 - [MESSAGE][PASSED] - iwpPages.TestHarnessPage.setDataMethod is PASSED

26-08-2024T23:15:39 - [TEST_STEP][PASSED] - click(findTestObject("Object Repository/IWP30/Page_SelectPaymentMethod/PayByCorporateCheck")): Object: 'Object Repository/IWP30/Page_SelectPaymentMethod/PayByCorporateCheck' is clicked on

26-08-2024T23:15:40 - [MESSAGE][PASSED] - Object: 'Object Repository/IWP30/Page_SelectPaymentMethod/PayByCorporateCheck' is clicked on

26-08-2024T23:15:40 - [TEST_STEP][PASSED] - click(findTestObject("Object Repository/IWP30/Page_SelectPaymentMethod/MakePaymentButton")): Object: 'Object Repository/IWP30/Page_SelectPaymentMethod/MakePaymentButton' is clicked on

26-08-2024T23:15:42 - [MESSAGE][PASSED] - Object: 'Object Repository/IWP30/Page_SelectPaymentMethod/MakePaymentButton' is clicked on

26-08-2024T23:15:42 - [TEST_STEP][PASSED] - iwpPages.achCorporatePaymentEntryPage.setDataCorporate(row, dataFile): iwpPages.achCorporatePaymentEntryPage.setDataCorporate is PASSED

26-08-2024T23:15:43 - [MESSAGE][PASSED] - Object 'Object Repository/IWP30/Page_ACHCorporatePaymentEntry/txt_accountNumber' is present

26-08-2024T23:15:43 - [MESSAGE][PASSED] - Object 'Object Repository/IWP30/Page_ACHCorporatePaymentEntry/input_CompanyName' is present

26-08-2024T23:15:44 - [MESSAGE][PASSED] - Text 'My Company' is set on object 'Object Repository/IWP30/Page_ACHCorporatePaymentEntry/input_CompanyName'

26-08-2024T23:15:44 - [MESSAGE][PASSED] - Object 'Object Repository/IWP30/Page_ACHCorporatePaymentEntry/input_EIN' is present

26-08-2024T23:15:45 - [MESSAGE][PASSED] - Text '123456789' is set on object 'Object Repository/IWP30/Page_ACHCorporatePaymentEntry/input_EIN'

26-08-2024T23:15:45 - [MESSAGE][PASSED] - Text '9.50' is set on object 'Object Repository/IWP30/Page_ACHCorporatePaymentEntry/txt_Amount'

26-08-2024T23:15:46 - [MESSAGE][PASSED] - All options with label 'Soccer' are selected in object 'Object Repository/IWP30/Page_ACHCorporatePaymentEntry/dd_UDF8' 

26-08-2024T23:15:46 - [MESSAGE][PASSED] - Object 'Object Repository/IWP30/Page_ACHCorporatePaymentEntry/txt_routingNumber' is present

26-08-2024T23:15:47 - [MESSAGE][PASSED] - Text '256072691' is set on object 'Object Repository/IWP30/Page_ACHCorporatePaymentEntry/txt_routingNumber'

26-08-2024T23:15:47 - [MESSAGE][PASSED] - Object 'Object Repository/IWP30/Page_ACHCorporatePaymentEntry/txt_accountNumber' is present

26-08-2024T23:15:48 - [MESSAGE][PASSED] - Text '12344444' is set on object 'Object Repository/IWP30/Page_ACHCorporatePaymentEntry/txt_accountNumber'

26-08-2024T23:15:49 - [MESSAGE][PASSED] - Object 'Object Repository/IWP30/Page_ACHCorporatePaymentEntry/txt_confirmAccountNumber' is present

26-08-2024T23:15:50 - [MESSAGE][PASSED] - Text '12344444' is set on object 'Object Repository/IWP30/Page_ACHCorporatePaymentEntry/txt_confirmAccountNumber'

26-08-2024T23:15:50 - [MESSAGE][PASSED] - Object 'Object Repository/IWP30/Page_ACHCorporatePaymentEntry/txt_Email' is present

26-08-2024T23:15:50 - [MESSAGE][PASSED] - Object 'Object Repository/IWP30/Page_ACHCorporatePaymentEntry/cb_TermsAndCond' is present

26-08-2024T23:15:50 - [MESSAGE][PASSED] - Object: 'Object Repository/IWP30/Page_ACHCorporatePaymentEntry/cb_TermsAndCond' is clicked on

26-08-2024T23:15:51 - [MESSAGE][PASSED] - Object 'Object Repository/IWP30/Page_ACHCorporatePaymentEntry/btn_Continue' is present

26-08-2024T23:15:52 - [MESSAGE][PASSED] - Object: 'Object Repository/IWP30/Page_ACHCorporatePaymentEntry/btn_Continue' is clicked on

26-08-2024T23:15:52 - [MESSAGE][PASSED] - iwpPages.achCorporatePaymentEntryPage.setDataCorporate is PASSED

26-08-2024T23:15:52 - [TEST_STEP][PASSED] - click(findTestObject("Object Repository/IWP30/Page_Confirmation/ConfirmButton")): Object: 'Object Repository/IWP30/Page_Confirmation/ConfirmButton' is clicked on

26-08-2024T23:15:54 - [MESSAGE][PASSED] - Object: 'Object Repository/IWP30/Page_Confirmation/ConfirmButton' is clicked on

26-08-2024T23:15:54 - [TEST_STEP][PASSED] - Thread.sleep(10000): null

26-08-2024T23:16:04 - [TEST_STEP][PASSED] - if (verifyTextPresent("Successful Payment Receipt", false)): null

26-08-2024T23:16:04 - [MESSAGE][PASSED] - Text 'Successful Payment Receipt' is present on page 

26-08-2024T23:16:04 - [TEST_STEP][PASSED] - println("Successful Payment Receipt text is present on the Receipt page"): null

26-08-2024T23:16:04 - [TEST_STEP][PASSED] - markPassed("Successful Payment Receipt text is present on the Receipt page"): Successful Payment Receipt text is present on the Receipt page

26-08-2024T23:16:04 - [MESSAGE][PASSED] - Successful Payment Receipt text is present on the Receipt page

26-08-2024T23:16:04 - [TEST_STEP][PASSED] - resText = "Pass": null

26-08-2024T23:16:04 - [TEST_STEP][PASSED] - pages.WriteExcel.demoKey(resText, datText, resColumn, datCloumn, fileLoc, nameSheet, row): pages.WriteExcel.demoKey is PASSED

26-08-2024T23:16:04 - [MESSAGE][PASSED] - pages.WriteExcel.demoKey is PASSED

26-08-2024T23:16:04 - [TEST_STEP][PASSED] - closeBrowser(): Browser is closed

26-08-2024T23:16:05 - [MESSAGE][PASSED] - Browser is closed]]></system-out>
         <system-err><![CDATA[]]></system-err>
      </testcase>
      <testcase name="Test Cases/IntegratedWeb/IWP25/Payments/OverAndUnderPayPC" time="143.29" classname="Test Cases/IntegratedWeb/IWP25/Payments/OverAndUnderPayPC" status="PASSED">
         <system-out><![CDATA[26-08-2024T23:16:05 - [TEST_CASE][PASSED] - Test Cases/IntegratedWeb/IWP25/Payments/OverAndUnderPayPC: Test Cases/IntegratedWeb/IWP25/Payments/OverAndUnderPayPC

26-08-2024T23:16:05 - [TEST_STEP][PASSED] - resText = "Fail": null

26-08-2024T23:16:05 - [TEST_STEP][PASSED] - resColumn = "Result": null

26-08-2024T23:16:05 - [TEST_STEP][PASSED] - datCloumn = "Date": null

26-08-2024T23:16:05 - [TEST_STEP][PASSED] - fileLoc = "KatalonData/IWPTestData/VRelay25Payments.xlsx": null

26-08-2024T23:16:05 - [TEST_STEP][PASSED] - numOfRows = <not implemented yet for class: org.codehaus.groovy.ast.expr.EmptyExpression>: null

26-08-2024T23:16:05 - [TEST_STEP][PASSED] - dataFile = <not implemented yet for class: org.codehaus.groovy.ast.expr.EmptyExpression>: null

26-08-2024T23:16:05 - [TEST_STEP][PASSED] - nameSheet = <not implemented yet for class: org.codehaus.groovy.ast.expr.EmptyExpression>: null

26-08-2024T23:16:05 - [TEST_STEP][PASSED] - dataFileEmulator = <not implemented yet for class: org.codehaus.groovy.ast.expr.EmptyExpression>: null

26-08-2024T23:16:05 - [TEST_STEP][PASSED] - isRequiredTextPresent = false: null

26-08-2024T23:16:05 - [TEST_STEP][PASSED] - nameSheet = "OverAndUnderPayPC": null

26-08-2024T23:16:05 - [TEST_STEP][PASSED] - dataFile = "IWPTestData/IWP25OverAndUnderPayPC": null

26-08-2024T23:16:05 - [TEST_STEP][PASSED] - dataFileEmulator = "IWPTestData/EmulatorData": null

26-08-2024T23:16:05 - [TEST_STEP][PASSED] - numOfRows = findTestData(dataFile).getRowNumbers(): null

26-08-2024T23:16:06 - [TEST_STEP][PASSED] - println("Number of Records: " + numOfRows): null

26-08-2024T23:16:06 - [TEST_STEP][PASSED] - for ([row = 1, row <= numOfRows, (row++)]): Browser is closed

26-08-2024T23:16:06 - [TEST_STEP][PASSED] - ExecuteTC = findTestData(dataFile).getValue("Execute", row): null

26-08-2024T23:16:06 - [TEST_STEP][PASSED] - out.println("Value of Execute is : " + ExecuteTC): null

26-08-2024T23:16:06 - [TEST_STEP][PASSED] - if (ExecuteTC.equalsIgnoreCase("Y")): null

26-08-2024T23:16:06 - [TEST_STEP][PASSED] - out.println("Begin Record Number: " + row): null

26-08-2024T23:16:06 - [TEST_STEP][PASSED] - today = new java.util.Date(): null

26-08-2024T23:16:06 - [TEST_STEP][PASSED] - println(today): null

26-08-2024T23:16:06 - [TEST_STEP][PASSED] - datText = today: null

26-08-2024T23:16:06 - [TEST_STEP][PASSED] - EmulatorDataKey = findTestData(dataFile).getValue("EmulatorData", row): null

26-08-2024T23:16:06 - [TEST_STEP][PASSED] - out.println("Value of Emulator Key is : " + EmulatorDataKey): null

26-08-2024T23:16:06 - [TEST_STEP][PASSED] - iwpPages.emulatorIWP30.setDataEmulator_DD(EmulatorDataKey): iwpPages.emulatorIWP30.setDataEmulator_DD is PASSED

26-08-2024T23:16:06 - [MESSAGE][INFO] - Starting 'Edge Chromium' driver

26-08-2024T23:16:06 - [MESSAGE][INFO] - User set preference: ['acceptInsecureCerts', 'true']

26-08-2024T23:16:08 - [MESSAGE][INFO] - Action delay is set to 0 milliseconds

26-08-2024T23:16:13 - [MESSAGE][PASSED] - Browser is opened with url: 'https://qa2.velocitypayment.com/agency/config.do?action=editor&message_version=2_5'

26-08-2024T23:16:13 - [MESSAGE][PASSED] - Current window maximized

26-08-2024T23:16:14 - [MESSAGE][PASSED] - All options with value '2.5' are selected in object 'Object Repository/IWP30/Page_VRelay30Emulator/MV'  using regular expression

26-08-2024T23:16:14 - [MESSAGE][PASSED] - Text '10.50' is set on object 'Object Repository/IWP30/Page_VRelay30Emulator/Amount'

26-08-2024T23:16:15 - [MESSAGE][PASSED] - Text '26413255' is set on object 'Object Repository/IWP30/Page_VRelay30Emulator/CAN'

26-08-2024T23:16:16 - [MESSAGE][PASSED] - Text 'PayNow' is set on object 'Object Repository/IWP30/Page_VRelay30Emulator/Action'

26-08-2024T23:16:16 - [MESSAGE][PASSED] - Text 'en_US' is set on object 'Object Repository/IWP30/Page_VRelay30Emulator/Lang'

26-08-2024T23:16:17 - [MESSAGE][PASSED] - Text 'Jasmine' is set on object 'Object Repository/IWP30/Page_VRelay30Emulator/Fname'

26-08-2024T23:16:18 - [MESSAGE][PASSED] - Text 'Patrinol' is set on object 'Object Repository/IWP30/Page_VRelay30Emulator/Lname'

26-08-2024T23:16:18 - [MESSAGE][PASSED] - Text '258 Underwood rd' is set on object 'Object Repository/IWP30/Page_VRelay30Emulator/AL1'

26-08-2024T23:16:19 - [MESSAGE][PASSED] - Text 'Suite 600' is set on object 'Object Repository/IWP30/Page_VRelay30Emulator/AL2'

26-08-2024T23:16:20 - [MESSAGE][PASSED] - Text '840' is set on object 'Object Repository/IWP30/Page_VRelay30Emulator/Country'

26-08-2024T23:16:20 - [MESSAGE][PASSED] - Text 'Arlington' is set on object 'Object Repository/IWP30/Page_VRelay30Emulator/City'

26-08-2024T23:16:21 - [MESSAGE][PASSED] - Text 'VA' is set on object 'Object Repository/IWP30/Page_VRelay30Emulator/State'

26-08-2024T23:16:21 - [MESSAGE][PASSED] - Text '22201' is set on object 'Object Repository/IWP30/Page_VRelay30Emulator/ZIP'

26-08-2024T23:16:22 - [MESSAGE][PASSED] - Text '' is set on object 'Object Repository/IWP30/Page_VRelay30Emulator/Order'

26-08-2024T23:16:23 - [MESSAGE][PASSED] - Text 'Some Company' is set on object 'Object Repository/IWP30/Page_VRelay30Emulator/Company'

26-08-2024T23:16:23 - [MESSAGE][PASSED] - Text 'iahmed@govolution.com' is set on object 'Object Repository/IWP30/Page_VRelay30Emulator/Email'

26-08-2024T23:16:24 - [MESSAGE][PASSED] - Text 'udf data 1' is set on object 'Object Repository/IWP30/Page_VRelay30Emulator/UDF1'

26-08-2024T23:16:24 - [MESSAGE][PASSED] - Text 'udf data 2' is set on object 'Object Repository/IWP30/Page_VRelay30Emulator/UDF2'

26-08-2024T23:16:25 - [MESSAGE][PASSED] - Text 'udf data 3' is set on object 'Object Repository/IWP30/Page_VRelay30Emulator/UDF3'

26-08-2024T23:16:26 - [MESSAGE][PASSED] - Text 'udf data 4' is set on object 'Object Repository/IWP30/Page_VRelay30Emulator/UDF4'

26-08-2024T23:16:26 - [MESSAGE][PASSED] - Text 'udf data 5' is set on object 'Object Repository/IWP30/Page_VRelay30Emulator/UDF5'

26-08-2024T23:16:27 - [MESSAGE][PASSED] - Text 'udf data 6' is set on object 'Object Repository/IWP30/Page_VRelay30Emulator/UDF6'

26-08-2024T23:16:27 - [MESSAGE][PASSED] - Text 'Orange' is set on object 'Object Repository/IWP30/Page_VRelay30Emulator/UDF7'

26-08-2024T23:16:28 - [MESSAGE][PASSED] - Text 'Soccer' is set on object 'Object Repository/IWP30/Page_VRelay30Emulator/UDF8'

26-08-2024T23:16:29 - [MESSAGE][PASSED] - Text 'udf data 9' is set on object 'Object Repository/IWP30/Page_VRelay30Emulator/UDF9'

26-08-2024T23:16:29 - [MESSAGE][PASSED] - Text 'udf data 10' is set on object 'Object Repository/IWP30/Page_VRelay30Emulator/UDF10'

26-08-2024T23:16:30 - [MESSAGE][PASSED] - Object: 'Object Repository/IWP30/Page_VRelay30Emulator/Submit' is clicked on

26-08-2024T23:16:34 - [MESSAGE][PASSED] - Browser is closed

26-08-2024T23:16:38 - [MESSAGE][PASSED] - iwpPages.emulatorIWP30.setDataEmulator_DD is PASSED

26-08-2024T23:16:38 - [TEST_STEP][PASSED] - testHarnessURL = urlTestHarness: null

26-08-2024T23:16:38 - [TEST_STEP][PASSED] - openBrowser(testHarnessURL): Browser is opened with url: 'https://dev-algorithm.govolution.com/vrelaytest/QA2/version_2_2/vrelaytest.html'

26-08-2024T23:16:38 - [MESSAGE][INFO] - Starting 'Edge Chromium' driver

26-08-2024T23:16:38 - [MESSAGE][INFO] - User set preference: ['acceptInsecureCerts', 'true']

26-08-2024T23:16:40 - [MESSAGE][INFO] - Action delay is set to 0 milliseconds

26-08-2024T23:16:44 - [MESSAGE][PASSED] - Browser is opened with url: 'https://dev-algorithm.govolution.com/vrelaytest/QA2/version_2_2/vrelaytest.html'

26-08-2024T23:16:44 - [TEST_STEP][PASSED] - maximizeWindow(): Current window maximized

26-08-2024T23:16:44 - [MESSAGE][PASSED] - Current window maximized

26-08-2024T23:16:44 - [TEST_STEP][PASSED] - iwpPages.TestHarnessPage.setDataMethod(row, dataFile): iwpPages.TestHarnessPage.setDataMethod is PASSED

26-08-2024T23:16:44 - [MESSAGE][PASSED] - Object 'Object Repository/IWP30/Page_QATestHarness/RemittanceID' is present

26-08-2024T23:16:45 - [MESSAGE][PASSED] - Text '638' is set on object 'Object Repository/IWP30/Page_QATestHarness/ApplicationID'

26-08-2024T23:16:46 - [MESSAGE][PASSED] - Text '2.5' is set on object 'Object Repository/IWP30/Page_QATestHarness/MessageVersion'

26-08-2024T23:16:46 - [MESSAGE][PASSED] - Text '3eyXqzCoTDvL' is set on object 'Object Repository/IWP30/Page_QATestHarness/RemittanceID'

26-08-2024T23:16:50 - [MESSAGE][PASSED] - Object: 'Object Repository/IWP30/Page_QATestHarness/SubmitButton' is clicked on

26-08-2024T23:16:50 - [MESSAGE][PASSED] - iwpPages.TestHarnessPage.setDataMethod is PASSED

26-08-2024T23:16:50 - [TEST_STEP][PASSED] - click(findTestObject("Object Repository/IWP30/Page_SelectPaymentMethod/PayByPersonalCheck")): Object: 'Object Repository/IWP30/Page_SelectPaymentMethod/PayByPersonalCheck' is clicked on

26-08-2024T23:16:50 - [MESSAGE][PASSED] - Object: 'Object Repository/IWP30/Page_SelectPaymentMethod/PayByPersonalCheck' is clicked on

26-08-2024T23:16:50 - [TEST_STEP][PASSED] - click(findTestObject("Object Repository/IWP30/Page_SelectPaymentMethod/MakePaymentButton")): Object: 'Object Repository/IWP30/Page_SelectPaymentMethod/MakePaymentButton' is clicked on

26-08-2024T23:16:53 - [MESSAGE][PASSED] - Object: 'Object Repository/IWP30/Page_SelectPaymentMethod/MakePaymentButton' is clicked on

26-08-2024T23:16:53 - [TEST_STEP][PASSED] - iwpPages.achPersonalPaymentEntryPage.setDataACHPPM(row, dataFile): iwpPages.achPersonalPaymentEntryPage.setDataACHPPM is PASSED

26-08-2024T23:16:54 - [MESSAGE][PASSED] - Object 'Object Repository/IWP30/Page_ACHPersonalPaymentEntry/txt_accountNumber' is present

26-08-2024T23:16:55 - [MESSAGE][PASSED] - Text '11.50' is set on object 'Object Repository/IWP30/Page_ACHPersonalPaymentEntry/txt_Amount'

26-08-2024T23:16:55 - [MESSAGE][PASSED] - Object 'Object Repository/IWP30/Page_ACHPersonalPaymentEntry/txt_UDF2' is present

26-08-2024T23:16:55 - [MESSAGE][PASSED] - All options with label 'Soccer' are selected in object 'Object Repository/IWP30/Page_ACHPersonalPaymentEntry/dd_UDF8' 

26-08-2024T23:16:56 - [MESSAGE][PASSED] - Object 'Object Repository/IWP30/Page_ACHPersonalPaymentEntry/txt_Firstname' is present

26-08-2024T23:16:56 - [MESSAGE][PASSED] - Text 'Elizath' is set on object 'Object Repository/IWP30/Page_ACHPersonalPaymentEntry/txt_Firstname'

26-08-2024T23:16:57 - [MESSAGE][PASSED] - Object 'Object Repository/IWP30/Page_ACHPersonalPaymentEntry/txt_Lastname' is present

26-08-2024T23:16:57 - [MESSAGE][PASSED] - Text 'Christine' is set on object 'Object Repository/IWP30/Page_ACHPersonalPaymentEntry/txt_Lastname'

26-08-2024T23:16:57 - [MESSAGE][PASSED] - Object 'Object Repository/IWP30/Page_ACHPersonalPaymentEntry/txt_routingNumber' is present

26-08-2024T23:16:58 - [MESSAGE][PASSED] - Text '256072691' is set on object 'Object Repository/IWP30/Page_ACHPersonalPaymentEntry/txt_routingNumber'

26-08-2024T23:16:58 - [MESSAGE][PASSED] - Object 'Object Repository/IWP30/Page_ACHPersonalPaymentEntry/txt_accountNumber' is present

26-08-2024T23:17:00 - [MESSAGE][PASSED] - Text '12344444' is set on object 'Object Repository/IWP30/Page_ACHPersonalPaymentEntry/txt_accountNumber'

26-08-2024T23:17:00 - [MESSAGE][PASSED] - Object 'Object Repository/IWP30/Page_ACHPersonalPaymentEntry/txt_confirmAccountNumber' is present

26-08-2024T23:17:01 - [MESSAGE][PASSED] - Text '12344444' is set on object 'Object Repository/IWP30/Page_ACHPersonalPaymentEntry/txt_confirmAccountNumber'

26-08-2024T23:17:01 - [MESSAGE][PASSED] - Object 'Object Repository/IWP30/Page_ACHPersonalPaymentEntry/rd_accountType' is present

26-08-2024T23:17:01 - [MESSAGE][PASSED] - Modify property of object successfully

26-08-2024T23:17:01 - [MESSAGE][PASSED] - Object: 'Object Repository/IWP30/Page_ACHPersonalPaymentEntry/rd_accountType' is clicked on

26-08-2024T23:17:02 - [MESSAGE][PASSED] - Object 'Object Repository/IWP30/Page_ACHPersonalPaymentEntry/txt_Email' is present

26-08-2024T23:17:02 - [MESSAGE][PASSED] - Object 'Object Repository/IWP30/Page_ACHPersonalPaymentEntry/cb_TermsAndCond' is present

26-08-2024T23:17:02 - [MESSAGE][PASSED] - Object: 'Object Repository/IWP30/Page_ACHPersonalPaymentEntry/cb_TermsAndCond' is clicked on

26-08-2024T23:17:02 - [MESSAGE][PASSED] - Object 'Object Repository/IWP30/Page_ACHPersonalPaymentEntry/btn_Continue' is present

26-08-2024T23:17:04 - [MESSAGE][PASSED] - Object: 'Object Repository/IWP30/Page_ACHPersonalPaymentEntry/btn_Continue' is clicked on

26-08-2024T23:17:04 - [MESSAGE][PASSED] - iwpPages.achPersonalPaymentEntryPage.setDataACHPPM is PASSED

26-08-2024T23:17:04 - [TEST_STEP][PASSED] - click(findTestObject("Object Repository/IWP30/Page_Confirmation/ConfirmButton")): Object: 'Object Repository/IWP30/Page_Confirmation/ConfirmButton' is clicked on

26-08-2024T23:17:06 - [MESSAGE][PASSED] - Object: 'Object Repository/IWP30/Page_Confirmation/ConfirmButton' is clicked on

26-08-2024T23:17:06 - [TEST_STEP][PASSED] - Thread.sleep(10000): null

26-08-2024T23:17:16 - [TEST_STEP][PASSED] - if (verifyTextPresent("Successful Payment Receipt", false)): null

26-08-2024T23:17:16 - [MESSAGE][PASSED] - Text 'Successful Payment Receipt' is present on page 

26-08-2024T23:17:16 - [TEST_STEP][PASSED] - println("Successful Payment Receipt text is present on the Receipt page"): null

26-08-2024T23:17:16 - [TEST_STEP][PASSED] - markPassed("Successful Payment Receipt text is present on the Receipt page"): Successful Payment Receipt text is present on the Receipt page

26-08-2024T23:17:16 - [MESSAGE][PASSED] - Successful Payment Receipt text is present on the Receipt page

26-08-2024T23:17:16 - [TEST_STEP][PASSED] - resText = "Pass": null

26-08-2024T23:17:16 - [TEST_STEP][PASSED] - pages.WriteExcel.demoKey(resText, datText, resColumn, datCloumn, fileLoc, nameSheet, row): pages.WriteExcel.demoKey is PASSED

26-08-2024T23:17:16 - [MESSAGE][PASSED] - pages.WriteExcel.demoKey is PASSED

26-08-2024T23:17:16 - [TEST_STEP][PASSED] - closeBrowser(): Browser is closed

26-08-2024T23:17:17 - [MESSAGE][PASSED] - Browser is closed

26-08-2024T23:17:17 - [TEST_STEP][PASSED] - ExecuteTC = findTestData(dataFile).getValue("Execute", row): null

26-08-2024T23:17:17 - [TEST_STEP][PASSED] - out.println("Value of Execute is : " + ExecuteTC): null

26-08-2024T23:17:17 - [TEST_STEP][PASSED] - if (ExecuteTC.equalsIgnoreCase("Y")): null

26-08-2024T23:17:17 - [TEST_STEP][PASSED] - out.println("Begin Record Number: " + row): null

26-08-2024T23:17:17 - [TEST_STEP][PASSED] - today = new java.util.Date(): null

26-08-2024T23:17:17 - [TEST_STEP][PASSED] - println(today): null

26-08-2024T23:17:17 - [TEST_STEP][PASSED] - datText = today: null

26-08-2024T23:17:17 - [TEST_STEP][PASSED] - EmulatorDataKey = findTestData(dataFile).getValue("EmulatorData", row): null

26-08-2024T23:17:17 - [TEST_STEP][PASSED] - out.println("Value of Emulator Key is : " + EmulatorDataKey): null

26-08-2024T23:17:17 - [TEST_STEP][PASSED] - iwpPages.emulatorIWP30.setDataEmulator_DD(EmulatorDataKey): iwpPages.emulatorIWP30.setDataEmulator_DD is PASSED

26-08-2024T23:17:17 - [MESSAGE][INFO] - Starting 'Edge Chromium' driver

26-08-2024T23:17:17 - [MESSAGE][INFO] - User set preference: ['acceptInsecureCerts', 'true']

26-08-2024T23:17:19 - [MESSAGE][INFO] - Action delay is set to 0 milliseconds

26-08-2024T23:17:23 - [MESSAGE][PASSED] - Browser is opened with url: 'https://qa2.velocitypayment.com/agency/config.do?action=editor&message_version=2_5'

26-08-2024T23:17:23 - [MESSAGE][PASSED] - Current window maximized

26-08-2024T23:17:24 - [MESSAGE][PASSED] - All options with value '2.5' are selected in object 'Object Repository/IWP30/Page_VRelay30Emulator/MV'  using regular expression

26-08-2024T23:17:24 - [MESSAGE][PASSED] - Text '10.50' is set on object 'Object Repository/IWP30/Page_VRelay30Emulator/Amount'

26-08-2024T23:17:25 - [MESSAGE][PASSED] - Text '26413255' is set on object 'Object Repository/IWP30/Page_VRelay30Emulator/CAN'

26-08-2024T23:17:26 - [MESSAGE][PASSED] - Text 'PayNow' is set on object 'Object Repository/IWP30/Page_VRelay30Emulator/Action'

26-08-2024T23:17:26 - [MESSAGE][PASSED] - Text 'en_US' is set on object 'Object Repository/IWP30/Page_VRelay30Emulator/Lang'

26-08-2024T23:17:27 - [MESSAGE][PASSED] - Text 'Jasmine' is set on object 'Object Repository/IWP30/Page_VRelay30Emulator/Fname'

26-08-2024T23:17:28 - [MESSAGE][PASSED] - Text 'Patrinol' is set on object 'Object Repository/IWP30/Page_VRelay30Emulator/Lname'

26-08-2024T23:17:28 - [MESSAGE][PASSED] - Text '258 Underwood rd' is set on object 'Object Repository/IWP30/Page_VRelay30Emulator/AL1'

26-08-2024T23:17:29 - [MESSAGE][PASSED] - Text 'Suite 600' is set on object 'Object Repository/IWP30/Page_VRelay30Emulator/AL2'

26-08-2024T23:17:30 - [MESSAGE][PASSED] - Text '840' is set on object 'Object Repository/IWP30/Page_VRelay30Emulator/Country'

26-08-2024T23:17:30 - [MESSAGE][PASSED] - Text 'Arlington' is set on object 'Object Repository/IWP30/Page_VRelay30Emulator/City'

26-08-2024T23:17:31 - [MESSAGE][PASSED] - Text 'VA' is set on object 'Object Repository/IWP30/Page_VRelay30Emulator/State'

26-08-2024T23:17:31 - [MESSAGE][PASSED] - Text '22201' is set on object 'Object Repository/IWP30/Page_VRelay30Emulator/ZIP'

26-08-2024T23:17:32 - [MESSAGE][PASSED] - Text '' is set on object 'Object Repository/IWP30/Page_VRelay30Emulator/Order'

26-08-2024T23:17:33 - [MESSAGE][PASSED] - Text 'Some Company' is set on object 'Object Repository/IWP30/Page_VRelay30Emulator/Company'

26-08-2024T23:17:33 - [MESSAGE][PASSED] - Text 'iahmed@govolution.com' is set on object 'Object Repository/IWP30/Page_VRelay30Emulator/Email'

26-08-2024T23:17:34 - [MESSAGE][PASSED] - Text 'udf data 1' is set on object 'Object Repository/IWP30/Page_VRelay30Emulator/UDF1'

26-08-2024T23:17:34 - [MESSAGE][PASSED] - Text 'udf data 2' is set on object 'Object Repository/IWP30/Page_VRelay30Emulator/UDF2'

26-08-2024T23:17:35 - [MESSAGE][PASSED] - Text 'udf data 3' is set on object 'Object Repository/IWP30/Page_VRelay30Emulator/UDF3'

26-08-2024T23:17:36 - [MESSAGE][PASSED] - Text 'udf data 4' is set on object 'Object Repository/IWP30/Page_VRelay30Emulator/UDF4'

26-08-2024T23:17:36 - [MESSAGE][PASSED] - Text 'udf data 5' is set on object 'Object Repository/IWP30/Page_VRelay30Emulator/UDF5'

26-08-2024T23:17:37 - [MESSAGE][PASSED] - Text 'udf data 6' is set on object 'Object Repository/IWP30/Page_VRelay30Emulator/UDF6'

26-08-2024T23:17:37 - [MESSAGE][PASSED] - Text 'Orange' is set on object 'Object Repository/IWP30/Page_VRelay30Emulator/UDF7'

26-08-2024T23:17:38 - [MESSAGE][PASSED] - Text 'Soccer' is set on object 'Object Repository/IWP30/Page_VRelay30Emulator/UDF8'

26-08-2024T23:17:39 - [MESSAGE][PASSED] - Text 'udf data 9' is set on object 'Object Repository/IWP30/Page_VRelay30Emulator/UDF9'

26-08-2024T23:17:40 - [MESSAGE][PASSED] - Text 'udf data 10' is set on object 'Object Repository/IWP30/Page_VRelay30Emulator/UDF10'

26-08-2024T23:17:41 - [MESSAGE][PASSED] - Object: 'Object Repository/IWP30/Page_VRelay30Emulator/Submit' is clicked on

26-08-2024T23:17:45 - [MESSAGE][PASSED] - Browser is closed

26-08-2024T23:17:49 - [MESSAGE][PASSED] - iwpPages.emulatorIWP30.setDataEmulator_DD is PASSED

26-08-2024T23:17:49 - [TEST_STEP][PASSED] - testHarnessURL = urlTestHarness: null

26-08-2024T23:17:49 - [TEST_STEP][PASSED] - openBrowser(testHarnessURL): Browser is opened with url: 'https://dev-algorithm.govolution.com/vrelaytest/QA2/version_2_2/vrelaytest.html'

26-08-2024T23:17:49 - [MESSAGE][INFO] - Starting 'Edge Chromium' driver

26-08-2024T23:17:49 - [MESSAGE][INFO] - User set preference: ['acceptInsecureCerts', 'true']

26-08-2024T23:17:52 - [MESSAGE][INFO] - Action delay is set to 0 milliseconds

26-08-2024T23:17:55 - [MESSAGE][PASSED] - Browser is opened with url: 'https://dev-algorithm.govolution.com/vrelaytest/QA2/version_2_2/vrelaytest.html'

26-08-2024T23:17:55 - [TEST_STEP][PASSED] - maximizeWindow(): Current window maximized

26-08-2024T23:17:55 - [MESSAGE][PASSED] - Current window maximized

26-08-2024T23:17:55 - [TEST_STEP][PASSED] - iwpPages.TestHarnessPage.setDataMethod(row, dataFile): iwpPages.TestHarnessPage.setDataMethod is PASSED

26-08-2024T23:17:56 - [MESSAGE][PASSED] - Object 'Object Repository/IWP30/Page_QATestHarness/RemittanceID' is present

26-08-2024T23:17:56 - [MESSAGE][PASSED] - Text '638' is set on object 'Object Repository/IWP30/Page_QATestHarness/ApplicationID'

26-08-2024T23:17:57 - [MESSAGE][PASSED] - Text '2.5' is set on object 'Object Repository/IWP30/Page_QATestHarness/MessageVersion'

26-08-2024T23:17:58 - [MESSAGE][PASSED] - Text 'uFUX9NfuGVER' is set on object 'Object Repository/IWP30/Page_QATestHarness/RemittanceID'

26-08-2024T23:18:01 - [MESSAGE][PASSED] - Object: 'Object Repository/IWP30/Page_QATestHarness/SubmitButton' is clicked on

26-08-2024T23:18:01 - [MESSAGE][PASSED] - iwpPages.TestHarnessPage.setDataMethod is PASSED

26-08-2024T23:18:01 - [TEST_STEP][PASSED] - click(findTestObject("Object Repository/IWP30/Page_SelectPaymentMethod/PayByPersonalCheck")): Object: 'Object Repository/IWP30/Page_SelectPaymentMethod/PayByPersonalCheck' is clicked on

26-08-2024T23:18:02 - [MESSAGE][PASSED] - Object: 'Object Repository/IWP30/Page_SelectPaymentMethod/PayByPersonalCheck' is clicked on

26-08-2024T23:18:02 - [TEST_STEP][PASSED] - click(findTestObject("Object Repository/IWP30/Page_SelectPaymentMethod/MakePaymentButton")): Object: 'Object Repository/IWP30/Page_SelectPaymentMethod/MakePaymentButton' is clicked on

26-08-2024T23:18:05 - [MESSAGE][PASSED] - Object: 'Object Repository/IWP30/Page_SelectPaymentMethod/MakePaymentButton' is clicked on

26-08-2024T23:18:05 - [TEST_STEP][PASSED] - iwpPages.achPersonalPaymentEntryPage.setDataACHPPM(row, dataFile): iwpPages.achPersonalPaymentEntryPage.setDataACHPPM is PASSED

26-08-2024T23:18:06 - [MESSAGE][PASSED] - Object 'Object Repository/IWP30/Page_ACHPersonalPaymentEntry/txt_accountNumber' is present

26-08-2024T23:18:06 - [MESSAGE][PASSED] - Text '9.50' is set on object 'Object Repository/IWP30/Page_ACHPersonalPaymentEntry/txt_Amount'

26-08-2024T23:18:06 - [MESSAGE][PASSED] - Object 'Object Repository/IWP30/Page_ACHPersonalPaymentEntry/txt_UDF2' is present

26-08-2024T23:18:07 - [MESSAGE][PASSED] - All options with label 'Soccer' are selected in object 'Object Repository/IWP30/Page_ACHPersonalPaymentEntry/dd_UDF8' 

26-08-2024T23:18:07 - [MESSAGE][PASSED] - Object 'Object Repository/IWP30/Page_ACHPersonalPaymentEntry/txt_Firstname' is present

26-08-2024T23:18:08 - [MESSAGE][PASSED] - Text 'Elizath' is set on object 'Object Repository/IWP30/Page_ACHPersonalPaymentEntry/txt_Firstname'

26-08-2024T23:18:08 - [MESSAGE][PASSED] - Object 'Object Repository/IWP30/Page_ACHPersonalPaymentEntry/txt_Lastname' is present

26-08-2024T23:18:09 - [MESSAGE][PASSED] - Text 'Christine' is set on object 'Object Repository/IWP30/Page_ACHPersonalPaymentEntry/txt_Lastname'

26-08-2024T23:18:09 - [MESSAGE][PASSED] - Object 'Object Repository/IWP30/Page_ACHPersonalPaymentEntry/txt_routingNumber' is present

26-08-2024T23:18:10 - [MESSAGE][PASSED] - Text '256072691' is set on object 'Object Repository/IWP30/Page_ACHPersonalPaymentEntry/txt_routingNumber'

26-08-2024T23:18:10 - [MESSAGE][PASSED] - Object 'Object Repository/IWP30/Page_ACHPersonalPaymentEntry/txt_accountNumber' is present

26-08-2024T23:18:11 - [MESSAGE][PASSED] - Text '12344444' is set on object 'Object Repository/IWP30/Page_ACHPersonalPaymentEntry/txt_accountNumber'

26-08-2024T23:18:12 - [MESSAGE][PASSED] - Object 'Object Repository/IWP30/Page_ACHPersonalPaymentEntry/txt_confirmAccountNumber' is present

26-08-2024T23:18:12 - [MESSAGE][PASSED] - Text '12344444' is set on object 'Object Repository/IWP30/Page_ACHPersonalPaymentEntry/txt_confirmAccountNumber'

26-08-2024T23:18:13 - [MESSAGE][PASSED] - Object 'Object Repository/IWP30/Page_ACHPersonalPaymentEntry/rd_accountType' is present

26-08-2024T23:18:13 - [MESSAGE][PASSED] - Modify property of object successfully

26-08-2024T23:18:13 - [MESSAGE][PASSED] - Object: 'Object Repository/IWP30/Page_ACHPersonalPaymentEntry/rd_accountType' is clicked on

26-08-2024T23:18:13 - [MESSAGE][PASSED] - Object 'Object Repository/IWP30/Page_ACHPersonalPaymentEntry/txt_Email' is present

26-08-2024T23:18:13 - [MESSAGE][PASSED] - Object 'Object Repository/IWP30/Page_ACHPersonalPaymentEntry/cb_TermsAndCond' is present

26-08-2024T23:18:14 - [MESSAGE][PASSED] - Object: 'Object Repository/IWP30/Page_ACHPersonalPaymentEntry/cb_TermsAndCond' is clicked on

26-08-2024T23:18:14 - [MESSAGE][PASSED] - Object 'Object Repository/IWP30/Page_ACHPersonalPaymentEntry/btn_Continue' is present

26-08-2024T23:18:16 - [MESSAGE][PASSED] - Object: 'Object Repository/IWP30/Page_ACHPersonalPaymentEntry/btn_Continue' is clicked on

26-08-2024T23:18:16 - [MESSAGE][PASSED] - iwpPages.achPersonalPaymentEntryPage.setDataACHPPM is PASSED

26-08-2024T23:18:16 - [TEST_STEP][PASSED] - click(findTestObject("Object Repository/IWP30/Page_Confirmation/ConfirmButton")): Object: 'Object Repository/IWP30/Page_Confirmation/ConfirmButton' is clicked on

26-08-2024T23:18:17 - [MESSAGE][PASSED] - Object: 'Object Repository/IWP30/Page_Confirmation/ConfirmButton' is clicked on

26-08-2024T23:18:17 - [TEST_STEP][PASSED] - Thread.sleep(10000): null

26-08-2024T23:18:27 - [TEST_STEP][PASSED] - if (verifyTextPresent("Successful Payment Receipt", false)): null

26-08-2024T23:18:28 - [MESSAGE][PASSED] - Text 'Successful Payment Receipt' is present on page 

26-08-2024T23:18:28 - [TEST_STEP][PASSED] - println("Successful Payment Receipt text is present on the Receipt page"): null

26-08-2024T23:18:28 - [TEST_STEP][PASSED] - markPassed("Successful Payment Receipt text is present on the Receipt page"): Successful Payment Receipt text is present on the Receipt page

26-08-2024T23:18:28 - [MESSAGE][PASSED] - Successful Payment Receipt text is present on the Receipt page

26-08-2024T23:18:28 - [TEST_STEP][PASSED] - resText = "Pass": null

26-08-2024T23:18:28 - [TEST_STEP][PASSED] - pages.WriteExcel.demoKey(resText, datText, resColumn, datCloumn, fileLoc, nameSheet, row): pages.WriteExcel.demoKey is PASSED

26-08-2024T23:18:28 - [MESSAGE][PASSED] - pages.WriteExcel.demoKey is PASSED

26-08-2024T23:18:28 - [TEST_STEP][PASSED] - closeBrowser(): Browser is closed

26-08-2024T23:18:28 - [MESSAGE][PASSED] - Browser is closed]]></system-out>
         <system-err><![CDATA[]]></system-err>
      </testcase>
      <testcase name="Test Cases/IntegratedWeb/IWP25/Payments/PayNowCorpDCF" time="177.959" classname="Test Cases/IntegratedWeb/IWP25/Payments/PayNowCorpDCF" status="PASSED">
         <system-out><![CDATA[26-08-2024T23:18:28 - [TEST_CASE][PASSED] - Test Cases/IntegratedWeb/IWP25/Payments/PayNowCorpDCF: Test Cases/IntegratedWeb/IWP25/Payments/PayNowCorpDCF

26-08-2024T23:18:29 - [TEST_STEP][PASSED] - resText = "Fail": null

26-08-2024T23:18:29 - [TEST_STEP][PASSED] - resColumn = "Result": null

26-08-2024T23:18:29 - [TEST_STEP][PASSED] - datCloumn = "Date": null

26-08-2024T23:18:29 - [TEST_STEP][PASSED] - fileLoc = "KatalonData/IWPTestData/VRelay25Payments.xlsx": null

26-08-2024T23:18:29 - [TEST_STEP][PASSED] - numOfRows = <not implemented yet for class: org.codehaus.groovy.ast.expr.EmptyExpression>: null

26-08-2024T23:18:29 - [TEST_STEP][PASSED] - dataFile = <not implemented yet for class: org.codehaus.groovy.ast.expr.EmptyExpression>: null

26-08-2024T23:18:29 - [TEST_STEP][PASSED] - nameSheet = <not implemented yet for class: org.codehaus.groovy.ast.expr.EmptyExpression>: null

26-08-2024T23:18:29 - [TEST_STEP][PASSED] - dataFileEmulator = <not implemented yet for class: org.codehaus.groovy.ast.expr.EmptyExpression>: null

26-08-2024T23:18:29 - [TEST_STEP][PASSED] - isRequiredTextPresent = false: null

26-08-2024T23:18:29 - [TEST_STEP][PASSED] - nameSheet = "PayNowCorpDCF": null

26-08-2024T23:18:29 - [TEST_STEP][PASSED] - dataFile = "IWPTestData/IWP25PayNowCorpDCF": null

26-08-2024T23:18:29 - [TEST_STEP][PASSED] - dataFileEmulator = "IWPTestData/EmulatorData": null

26-08-2024T23:18:29 - [TEST_STEP][PASSED] - numOfRows = findTestData(dataFile).getRowNumbers(): null

26-08-2024T23:18:29 - [TEST_STEP][PASSED] - println("Number of Records: " + numOfRows): null

26-08-2024T23:18:29 - [TEST_STEP][PASSED] - for ([row = 1, row <= numOfRows, (row++)]): Browser is closed

26-08-2024T23:18:29 - [TEST_STEP][PASSED] - ExecuteTC = findTestData(dataFile).getValue("Execute", row): null

26-08-2024T23:18:29 - [TEST_STEP][PASSED] - out.println("Value of Execute is : " + ExecuteTC): null

26-08-2024T23:18:29 - [TEST_STEP][PASSED] - if (ExecuteTC.equalsIgnoreCase("Y")): null

26-08-2024T23:18:29 - [TEST_STEP][PASSED] - out.println("Begin Record Number: " + row): null

26-08-2024T23:18:29 - [TEST_STEP][PASSED] - today = new java.util.Date(): null

26-08-2024T23:18:29 - [TEST_STEP][PASSED] - println(today): null

26-08-2024T23:18:29 - [TEST_STEP][PASSED] - datText = today: null

26-08-2024T23:18:29 - [TEST_STEP][PASSED] - EmulatorDataKey = findTestData(dataFile).getValue("EmulatorData", row): null

26-08-2024T23:18:29 - [TEST_STEP][PASSED] - out.println("Value of Emulator Key is : " + EmulatorDataKey): null

26-08-2024T23:18:29 - [TEST_STEP][PASSED] - iwpPages.emulatorIWP30.setDataEmulator_DD(EmulatorDataKey): iwpPages.emulatorIWP30.setDataEmulator_DD is PASSED

26-08-2024T23:18:29 - [MESSAGE][INFO] - Starting 'Edge Chromium' driver

26-08-2024T23:18:29 - [MESSAGE][INFO] - User set preference: ['acceptInsecureCerts', 'true']

26-08-2024T23:18:31 - [MESSAGE][INFO] - Action delay is set to 0 milliseconds

26-08-2024T23:18:35 - [MESSAGE][PASSED] - Browser is opened with url: 'https://qa2.velocitypayment.com/agency/config.do?action=editor&message_version=2_5'

26-08-2024T23:18:35 - [MESSAGE][PASSED] - Current window maximized

26-08-2024T23:18:35 - [MESSAGE][PASSED] - All options with value '2.5' are selected in object 'Object Repository/IWP30/Page_VRelay30Emulator/MV'  using regular expression

26-08-2024T23:18:36 - [MESSAGE][PASSED] - Text '10.50' is set on object 'Object Repository/IWP30/Page_VRelay30Emulator/Amount'

26-08-2024T23:18:37 - [MESSAGE][PASSED] - Text '26413414' is set on object 'Object Repository/IWP30/Page_VRelay30Emulator/CAN'

26-08-2024T23:18:37 - [MESSAGE][PASSED] - Text 'PayNow' is set on object 'Object Repository/IWP30/Page_VRelay30Emulator/Action'

26-08-2024T23:18:38 - [MESSAGE][PASSED] - Text 'en_US' is set on object 'Object Repository/IWP30/Page_VRelay30Emulator/Lang'

26-08-2024T23:18:39 - [MESSAGE][PASSED] - Text '' is set on object 'Object Repository/IWP30/Page_VRelay30Emulator/Fname'

26-08-2024T23:18:39 - [MESSAGE][PASSED] - Text '' is set on object 'Object Repository/IWP30/Page_VRelay30Emulator/Lname'

26-08-2024T23:18:40 - [MESSAGE][PASSED] - Text '' is set on object 'Object Repository/IWP30/Page_VRelay30Emulator/AL1'

26-08-2024T23:18:40 - [MESSAGE][PASSED] - Text '' is set on object 'Object Repository/IWP30/Page_VRelay30Emulator/AL2'

26-08-2024T23:18:41 - [MESSAGE][PASSED] - Text '' is set on object 'Object Repository/IWP30/Page_VRelay30Emulator/Country'

26-08-2024T23:18:42 - [MESSAGE][PASSED] - Text '' is set on object 'Object Repository/IWP30/Page_VRelay30Emulator/City'

26-08-2024T23:18:42 - [MESSAGE][PASSED] - Text '' is set on object 'Object Repository/IWP30/Page_VRelay30Emulator/State'

26-08-2024T23:18:43 - [MESSAGE][PASSED] - Text '' is set on object 'Object Repository/IWP30/Page_VRelay30Emulator/ZIP'

26-08-2024T23:18:44 - [MESSAGE][PASSED] - Text '' is set on object 'Object Repository/IWP30/Page_VRelay30Emulator/Order'

26-08-2024T23:18:44 - [MESSAGE][PASSED] - Text '' is set on object 'Object Repository/IWP30/Page_VRelay30Emulator/Company'

26-08-2024T23:18:45 - [MESSAGE][PASSED] - Text '' is set on object 'Object Repository/IWP30/Page_VRelay30Emulator/Email'

26-08-2024T23:18:45 - [MESSAGE][PASSED] - Text '' is set on object 'Object Repository/IWP30/Page_VRelay30Emulator/UDF1'

26-08-2024T23:18:46 - [MESSAGE][PASSED] - Text '' is set on object 'Object Repository/IWP30/Page_VRelay30Emulator/UDF2'

26-08-2024T23:18:46 - [MESSAGE][PASSED] - Text '' is set on object 'Object Repository/IWP30/Page_VRelay30Emulator/UDF3'

26-08-2024T23:18:47 - [MESSAGE][PASSED] - Text 'udf data 4' is set on object 'Object Repository/IWP30/Page_VRelay30Emulator/UDF4'

26-08-2024T23:18:48 - [MESSAGE][PASSED] - Text 'udf data 5' is set on object 'Object Repository/IWP30/Page_VRelay30Emulator/UDF5'

26-08-2024T23:18:48 - [MESSAGE][PASSED] - Text '' is set on object 'Object Repository/IWP30/Page_VRelay30Emulator/UDF6'

26-08-2024T23:18:49 - [MESSAGE][PASSED] - Text '' is set on object 'Object Repository/IWP30/Page_VRelay30Emulator/UDF7'

26-08-2024T23:18:49 - [MESSAGE][PASSED] - Text '' is set on object 'Object Repository/IWP30/Page_VRelay30Emulator/UDF8'

26-08-2024T23:18:50 - [MESSAGE][PASSED] - Text 'udf data 9' is set on object 'Object Repository/IWP30/Page_VRelay30Emulator/UDF9'

26-08-2024T23:18:51 - [MESSAGE][PASSED] - Text 'udf data 10' is set on object 'Object Repository/IWP30/Page_VRelay30Emulator/UDF10'

26-08-2024T23:18:52 - [MESSAGE][PASSED] - Object: 'Object Repository/IWP30/Page_VRelay30Emulator/Submit' is clicked on

26-08-2024T23:18:56 - [MESSAGE][PASSED] - Browser is closed

26-08-2024T23:19:00 - [MESSAGE][PASSED] - iwpPages.emulatorIWP30.setDataEmulator_DD is PASSED

26-08-2024T23:19:00 - [TEST_STEP][PASSED] - testHarnessURL = urlTestHarness: null

26-08-2024T23:19:00 - [TEST_STEP][PASSED] - openBrowser(testHarnessURL): Browser is opened with url: 'https://dev-algorithm.govolution.com/vrelaytest/QA2/version_2_2/vrelaytest.html'

26-08-2024T23:19:00 - [MESSAGE][INFO] - Starting 'Edge Chromium' driver

26-08-2024T23:19:00 - [MESSAGE][INFO] - User set preference: ['acceptInsecureCerts', 'true']

26-08-2024T23:19:02 - [MESSAGE][INFO] - Action delay is set to 0 milliseconds

26-08-2024T23:19:06 - [MESSAGE][PASSED] - Browser is opened with url: 'https://dev-algorithm.govolution.com/vrelaytest/QA2/version_2_2/vrelaytest.html'

26-08-2024T23:19:06 - [TEST_STEP][PASSED] - maximizeWindow(): Current window maximized

26-08-2024T23:19:06 - [MESSAGE][PASSED] - Current window maximized

26-08-2024T23:19:06 - [TEST_STEP][PASSED] - iwpPages.TestHarnessPage.setDataMethod(row, dataFile): iwpPages.TestHarnessPage.setDataMethod is PASSED

26-08-2024T23:19:06 - [MESSAGE][PASSED] - Object 'Object Repository/IWP30/Page_QATestHarness/RemittanceID' is present

26-08-2024T23:19:07 - [MESSAGE][PASSED] - Text '640' is set on object 'Object Repository/IWP30/Page_QATestHarness/ApplicationID'

26-08-2024T23:19:08 - [MESSAGE][PASSED] - Text '2.5' is set on object 'Object Repository/IWP30/Page_QATestHarness/MessageVersion'

26-08-2024T23:19:08 - [MESSAGE][PASSED] - Text 'zPkRQ6oMEHpm' is set on object 'Object Repository/IWP30/Page_QATestHarness/RemittanceID'

26-08-2024T23:19:11 - [MESSAGE][PASSED] - Object: 'Object Repository/IWP30/Page_QATestHarness/SubmitButton' is clicked on

26-08-2024T23:19:11 - [MESSAGE][PASSED] - iwpPages.TestHarnessPage.setDataMethod is PASSED

26-08-2024T23:19:11 - [TEST_STEP][PASSED] - click(findTestObject("Object Repository/IWP30/Page_SelectPaymentMethod/PayByCorporateCheck")): Object: 'Object Repository/IWP30/Page_SelectPaymentMethod/PayByCorporateCheck' is clicked on

26-08-2024T23:19:12 - [MESSAGE][PASSED] - Object: 'Object Repository/IWP30/Page_SelectPaymentMethod/PayByCorporateCheck' is clicked on

26-08-2024T23:19:12 - [TEST_STEP][PASSED] - click(findTestObject("Object Repository/IWP30/Page_SelectPaymentMethod/MakePaymentButton")): Object: 'Object Repository/IWP30/Page_SelectPaymentMethod/MakePaymentButton' is clicked on

26-08-2024T23:19:14 - [MESSAGE][PASSED] - Object: 'Object Repository/IWP30/Page_SelectPaymentMethod/MakePaymentButton' is clicked on

26-08-2024T23:19:14 - [TEST_STEP][PASSED] - iwpPages.achCorporatePaymentEntryPage.setDataCorporate(row, dataFile): iwpPages.achCorporatePaymentEntryPage.setDataCorporate is PASSED

26-08-2024T23:19:15 - [MESSAGE][PASSED] - Object 'Object Repository/IWP30/Page_ACHCorporatePaymentEntry/txt_accountNumber' is present

26-08-2024T23:19:15 - [MESSAGE][PASSED] - Object 'Object Repository/IWP30/Page_ACHCorporatePaymentEntry/input_CompanyName' is present

26-08-2024T23:19:16 - [MESSAGE][PASSED] - Text 'My Company' is set on object 'Object Repository/IWP30/Page_ACHCorporatePaymentEntry/input_CompanyName'

26-08-2024T23:19:16 - [MESSAGE][PASSED] - Object 'Object Repository/IWP30/Page_ACHCorporatePaymentEntry/input_EIN' is present

26-08-2024T23:19:17 - [MESSAGE][PASSED] - Text '123456789' is set on object 'Object Repository/IWP30/Page_ACHCorporatePaymentEntry/input_EIN'

26-08-2024T23:19:17 - [MESSAGE][PASSED] - Text '10.50' is set on object 'Object Repository/IWP30/Page_ACHCorporatePaymentEntry/txt_Amount'

26-08-2024T23:19:18 - [MESSAGE][PASSED] - Text 'udf data 2' is set on object 'Object Repository/IWP30/Page_ACHCorporatePaymentEntry/txt_UDF2'

26-08-2024T23:19:19 - [MESSAGE][PASSED] - Text 'udf data 3' is set on object 'Object Repository/IWP30/Page_ACHCorporatePaymentEntry/txt_UDF3'

26-08-2024T23:19:19 - [MESSAGE][PASSED] - All options with label 'Orange' are selected in object 'Object Repository/IWP30/Page_ACHCorporatePaymentEntry/dd_UDF7' 

26-08-2024T23:19:20 - [MESSAGE][PASSED] - All options with label 'Soccer' are selected in object 'Object Repository/IWP30/Page_ACHCorporatePaymentEntry/dd_UDF8' 

26-08-2024T23:19:20 - [MESSAGE][PASSED] - Object 'Object Repository/IWP30/Page_ACHCorporatePaymentEntry/txt_routingNumber' is present

26-08-2024T23:19:20 - [MESSAGE][PASSED] - Text '256072691' is set on object 'Object Repository/IWP30/Page_ACHCorporatePaymentEntry/txt_routingNumber'

26-08-2024T23:19:21 - [MESSAGE][PASSED] - Object 'Object Repository/IWP30/Page_ACHCorporatePaymentEntry/txt_accountNumber' is present

26-08-2024T23:19:22 - [MESSAGE][PASSED] - Text '12344444' is set on object 'Object Repository/IWP30/Page_ACHCorporatePaymentEntry/txt_accountNumber'

26-08-2024T23:19:22 - [MESSAGE][PASSED] - Object 'Object Repository/IWP30/Page_ACHCorporatePaymentEntry/txt_confirmAccountNumber' is present

26-08-2024T23:19:23 - [MESSAGE][PASSED] - Text '12344444' is set on object 'Object Repository/IWP30/Page_ACHCorporatePaymentEntry/txt_confirmAccountNumber'

26-08-2024T23:19:23 - [MESSAGE][PASSED] - Text '365 Main Avenue' is set on object 'Object Repository/IWP30/Page_ACHCorporatePaymentEntry/txt_AL1'

26-08-2024T23:19:24 - [MESSAGE][PASSED] - Text '22201' is set on object 'Object Repository/IWP30/Page_ACHCorporatePaymentEntry/txt_ZIP'

26-08-2024T23:19:24 - [MESSAGE][PASSED] - Object 'Object Repository/IWP30/Page_ACHCorporatePaymentEntry/txt_Email' is present

26-08-2024T23:19:25 - [MESSAGE][PASSED] - Text 'iahmed@govolution.com' is set on object 'Object Repository/IWP30/Page_ACHCorporatePaymentEntry/txt_Email'

26-08-2024T23:19:25 - [MESSAGE][PASSED] - Object 'Object Repository/IWP30/Page_ACHCorporatePaymentEntry/cb_TermsAndCond' is present

26-08-2024T23:19:26 - [MESSAGE][PASSED] - Object: 'Object Repository/IWP30/Page_ACHCorporatePaymentEntry/cb_TermsAndCond' is clicked on

26-08-2024T23:19:26 - [MESSAGE][PASSED] - Object 'Object Repository/IWP30/Page_ACHCorporatePaymentEntry/btn_Continue' is present

26-08-2024T23:19:27 - [MESSAGE][PASSED] - Object: 'Object Repository/IWP30/Page_ACHCorporatePaymentEntry/btn_Continue' is clicked on

26-08-2024T23:19:27 - [MESSAGE][PASSED] - iwpPages.achCorporatePaymentEntryPage.setDataCorporate is PASSED

26-08-2024T23:19:27 - [TEST_STEP][PASSED] - click(findTestObject("Object Repository/IWP30/Page_Confirmation/ConfirmButton")): Object: 'Object Repository/IWP30/Page_Confirmation/ConfirmButton' is clicked on

26-08-2024T23:19:29 - [MESSAGE][PASSED] - Object: 'Object Repository/IWP30/Page_Confirmation/ConfirmButton' is clicked on

26-08-2024T23:19:29 - [TEST_STEP][PASSED] - Thread.sleep(5000): null

26-08-2024T23:19:34 - [TEST_STEP][PASSED] - println("I am on real estate page"): null

26-08-2024T23:19:34 - [TEST_STEP][PASSED] - if (verifyTextPresent("Make a Real Estate Payment", false)): null

26-08-2024T23:19:34 - [MESSAGE][PASSED] - Text 'Make a Real Estate Payment' is present on page 

26-08-2024T23:19:34 - [TEST_STEP][PASSED] - isRequiredTextPresent = true: null

26-08-2024T23:19:34 - [TEST_STEP][PASSED] - println(isRequiredTextPresent): null

26-08-2024T23:19:34 - [TEST_STEP][PASSED] - if (isRequiredTextPresent): null

26-08-2024T23:19:34 - [TEST_STEP][PASSED] - if (verifyTextPresent("This transaction is subject to a Convenience Fees of $2.00.", false)): null

26-08-2024T23:19:34 - [MESSAGE][PASSED] - Text 'This transaction is subject to a Convenience Fees of $2.00.' is present on page 

26-08-2024T23:19:34 - [TEST_STEP][PASSED] - isRequiredTextPresent = true: null

26-08-2024T23:19:34 - [TEST_STEP][PASSED] - println(isRequiredTextPresent): null

26-08-2024T23:19:34 - [TEST_STEP][PASSED] - if (isRequiredTextPresent): null

26-08-2024T23:19:34 - [TEST_STEP][PASSED] - if (verifyTextPresent("Payment Amount:  $10.50", false)): null

26-08-2024T23:19:35 - [MESSAGE][PASSED] - Text 'Payment Amount:  $10.50' is present on page 

26-08-2024T23:19:35 - [TEST_STEP][PASSED] - isRequiredTextPresent = true: null

26-08-2024T23:19:35 - [TEST_STEP][PASSED] - if (isRequiredTextPresent): null

26-08-2024T23:19:35 - [TEST_STEP][PASSED] - if (verifyTextPresent("Convenience Fees:  $2.00", false)): null

26-08-2024T23:19:35 - [MESSAGE][PASSED] - Text 'Convenience Fees:  $2.00' is present on page 

26-08-2024T23:19:35 - [TEST_STEP][PASSED] - isRequiredTextPresent = true: null

26-08-2024T23:19:35 - [TEST_STEP][PASSED] - if (isRequiredTextPresent): null

26-08-2024T23:19:35 - [TEST_STEP][PASSED] - if (verifyTextPresent("Total Amount:  $12.50", false)): null

26-08-2024T23:19:35 - [MESSAGE][PASSED] - Text 'Total Amount:  $12.50' is present on page 

26-08-2024T23:19:35 - [TEST_STEP][PASSED] - isRequiredTextPresent = true: null

26-08-2024T23:19:35 - [TEST_STEP][PASSED] - if (isRequiredTextPresent): null

26-08-2024T23:19:35 - [TEST_STEP][PASSED] - if (verifyTextPresent("Two transactions will appear on your bank statement, one in the amount of $10.50 and one in the amount of $2.00.", false)): null

26-08-2024T23:19:35 - [MESSAGE][PASSED] - Text 'Two transactions will appear on your bank statement, one in the amount of $10.50 and one in the amount of $2.00.' is present on page 

26-08-2024T23:19:35 - [TEST_STEP][PASSED] - isRequiredTextPresent = true: null

26-08-2024T23:19:35 - [TEST_STEP][PASSED] - Thread.sleep(10000): null

26-08-2024T23:19:45 - [TEST_STEP][PASSED] - click(findTestObject("Object Repository/IWP30/Page_ConvenienceFees/btn_convFeeNotifyAction")): Object: 'Object Repository/IWP30/Page_ConvenienceFees/btn_convFeeNotifyAction' is clicked on

26-08-2024T23:19:47 - [MESSAGE][PASSED] - Object: 'Object Repository/IWP30/Page_ConvenienceFees/btn_convFeeNotifyAction' is clicked on

26-08-2024T23:19:47 - [TEST_STEP][PASSED] - Thread.sleep(10000): null

26-08-2024T23:19:57 - [TEST_STEP][PASSED] - if (verifyTextPresent("Successful Payment Receipt", false)): null

26-08-2024T23:19:58 - [MESSAGE][PASSED] - Text 'Successful Payment Receipt' is present on page 

26-08-2024T23:19:58 - [TEST_STEP][PASSED] - println("Successful Payment Receipt text is present on the Receipt page"): null

26-08-2024T23:19:58 - [TEST_STEP][PASSED] - markPassed("Successful Payment Receipt text is present on the Receipt page"): Successful Payment Receipt text is present on the Receipt page

26-08-2024T23:19:58 - [MESSAGE][PASSED] - Successful Payment Receipt text is present on the Receipt page

26-08-2024T23:19:58 - [TEST_STEP][PASSED] - resText = "Pass": null

26-08-2024T23:19:58 - [TEST_STEP][PASSED] - pages.WriteExcel.demoKey(resText, datText, resColumn, datCloumn, fileLoc, nameSheet, row): pages.WriteExcel.demoKey is PASSED

26-08-2024T23:19:58 - [MESSAGE][PASSED] - pages.WriteExcel.demoKey is PASSED

26-08-2024T23:19:58 - [TEST_STEP][PASSED] - closeBrowser(): Browser is closed

26-08-2024T23:19:58 - [MESSAGE][PASSED] - Browser is closed

26-08-2024T23:19:58 - [TEST_STEP][PASSED] - ExecuteTC = findTestData(dataFile).getValue("Execute", row): null

26-08-2024T23:19:58 - [TEST_STEP][PASSED] - out.println("Value of Execute is : " + ExecuteTC): null

26-08-2024T23:19:58 - [TEST_STEP][PASSED] - if (ExecuteTC.equalsIgnoreCase("Y")): null

26-08-2024T23:19:58 - [TEST_STEP][PASSED] - out.println("Begin Record Number: " + row): null

26-08-2024T23:19:58 - [TEST_STEP][PASSED] - today = new java.util.Date(): null

26-08-2024T23:19:58 - [TEST_STEP][PASSED] - println(today): null

26-08-2024T23:19:58 - [TEST_STEP][PASSED] - datText = today: null

26-08-2024T23:19:58 - [TEST_STEP][PASSED] - EmulatorDataKey = findTestData(dataFile).getValue("EmulatorData", row): null

26-08-2024T23:19:58 - [TEST_STEP][PASSED] - out.println("Value of Emulator Key is : " + EmulatorDataKey): null

26-08-2024T23:19:58 - [TEST_STEP][PASSED] - iwpPages.emulatorIWP30.setDataEmulator_DD(EmulatorDataKey): iwpPages.emulatorIWP30.setDataEmulator_DD is PASSED

26-08-2024T23:19:58 - [MESSAGE][INFO] - Starting 'Edge Chromium' driver

26-08-2024T23:19:58 - [MESSAGE][INFO] - User set preference: ['acceptInsecureCerts', 'true']

26-08-2024T23:20:01 - [MESSAGE][INFO] - Action delay is set to 0 milliseconds

26-08-2024T23:20:04 - [MESSAGE][PASSED] - Browser is opened with url: 'https://qa2.velocitypayment.com/agency/config.do?action=editor&message_version=2_5'

26-08-2024T23:20:04 - [MESSAGE][PASSED] - Current window maximized

26-08-2024T23:20:05 - [MESSAGE][PASSED] - All options with value '2.5' are selected in object 'Object Repository/IWP30/Page_VRelay30Emulator/MV'  using regular expression

26-08-2024T23:20:06 - [MESSAGE][PASSED] - Text '10.50' is set on object 'Object Repository/IWP30/Page_VRelay30Emulator/Amount'

26-08-2024T23:20:07 - [MESSAGE][PASSED] - Text '26413255' is set on object 'Object Repository/IWP30/Page_VRelay30Emulator/CAN'

26-08-2024T23:20:07 - [MESSAGE][PASSED] - Text 'PayNow' is set on object 'Object Repository/IWP30/Page_VRelay30Emulator/Action'

26-08-2024T23:20:08 - [MESSAGE][PASSED] - Text 'en_US' is set on object 'Object Repository/IWP30/Page_VRelay30Emulator/Lang'

26-08-2024T23:20:08 - [MESSAGE][PASSED] - Text 'Jasmine' is set on object 'Object Repository/IWP30/Page_VRelay30Emulator/Fname'

26-08-2024T23:20:09 - [MESSAGE][PASSED] - Text 'Patrinol' is set on object 'Object Repository/IWP30/Page_VRelay30Emulator/Lname'

26-08-2024T23:20:10 - [MESSAGE][PASSED] - Text '258 Underwood rd' is set on object 'Object Repository/IWP30/Page_VRelay30Emulator/AL1'

26-08-2024T23:20:10 - [MESSAGE][PASSED] - Text 'Suite 600' is set on object 'Object Repository/IWP30/Page_VRelay30Emulator/AL2'

26-08-2024T23:20:11 - [MESSAGE][PASSED] - Text '840' is set on object 'Object Repository/IWP30/Page_VRelay30Emulator/Country'

26-08-2024T23:20:12 - [MESSAGE][PASSED] - Text 'Arlington' is set on object 'Object Repository/IWP30/Page_VRelay30Emulator/City'

26-08-2024T23:20:12 - [MESSAGE][PASSED] - Text 'VA' is set on object 'Object Repository/IWP30/Page_VRelay30Emulator/State'

26-08-2024T23:20:13 - [MESSAGE][PASSED] - Text '22201' is set on object 'Object Repository/IWP30/Page_VRelay30Emulator/ZIP'

26-08-2024T23:20:13 - [MESSAGE][PASSED] - Text '' is set on object 'Object Repository/IWP30/Page_VRelay30Emulator/Order'

26-08-2024T23:20:14 - [MESSAGE][PASSED] - Text 'Some Company' is set on object 'Object Repository/IWP30/Page_VRelay30Emulator/Company'

26-08-2024T23:20:15 - [MESSAGE][PASSED] - Text 'iahmed@govolution.com' is set on object 'Object Repository/IWP30/Page_VRelay30Emulator/Email'

26-08-2024T23:20:15 - [MESSAGE][PASSED] - Text 'udf data 1' is set on object 'Object Repository/IWP30/Page_VRelay30Emulator/UDF1'

26-08-2024T23:20:16 - [MESSAGE][PASSED] - Text 'udf data 2' is set on object 'Object Repository/IWP30/Page_VRelay30Emulator/UDF2'

26-08-2024T23:20:16 - [MESSAGE][PASSED] - Text 'udf data 3' is set on object 'Object Repository/IWP30/Page_VRelay30Emulator/UDF3'

26-08-2024T23:20:17 - [MESSAGE][PASSED] - Text 'udf data 4' is set on object 'Object Repository/IWP30/Page_VRelay30Emulator/UDF4'

26-08-2024T23:20:18 - [MESSAGE][PASSED] - Text 'udf data 5' is set on object 'Object Repository/IWP30/Page_VRelay30Emulator/UDF5'

26-08-2024T23:20:18 - [MESSAGE][PASSED] - Text 'udf data 6' is set on object 'Object Repository/IWP30/Page_VRelay30Emulator/UDF6'

26-08-2024T23:20:19 - [MESSAGE][PASSED] - Text 'Orange' is set on object 'Object Repository/IWP30/Page_VRelay30Emulator/UDF7'

26-08-2024T23:20:20 - [MESSAGE][PASSED] - Text 'Soccer' is set on object 'Object Repository/IWP30/Page_VRelay30Emulator/UDF8'

26-08-2024T23:20:20 - [MESSAGE][PASSED] - Text 'udf data 9' is set on object 'Object Repository/IWP30/Page_VRelay30Emulator/UDF9'

26-08-2024T23:20:21 - [MESSAGE][PASSED] - Text 'udf data 10' is set on object 'Object Repository/IWP30/Page_VRelay30Emulator/UDF10'

26-08-2024T23:20:22 - [MESSAGE][PASSED] - Object: 'Object Repository/IWP30/Page_VRelay30Emulator/Submit' is clicked on

26-08-2024T23:20:26 - [MESSAGE][PASSED] - Browser is closed

26-08-2024T23:20:31 - [MESSAGE][PASSED] - iwpPages.emulatorIWP30.setDataEmulator_DD is PASSED

26-08-2024T23:20:31 - [TEST_STEP][PASSED] - testHarnessURL = urlTestHarness: null

26-08-2024T23:20:31 - [TEST_STEP][PASSED] - openBrowser(testHarnessURL): Browser is opened with url: 'https://dev-algorithm.govolution.com/vrelaytest/QA2/version_2_2/vrelaytest.html'

26-08-2024T23:20:31 - [MESSAGE][INFO] - Starting 'Edge Chromium' driver

26-08-2024T23:20:31 - [MESSAGE][INFO] - User set preference: ['acceptInsecureCerts', 'true']

26-08-2024T23:20:33 - [MESSAGE][INFO] - Action delay is set to 0 milliseconds

26-08-2024T23:20:36 - [MESSAGE][PASSED] - Browser is opened with url: 'https://dev-algorithm.govolution.com/vrelaytest/QA2/version_2_2/vrelaytest.html'

26-08-2024T23:20:36 - [TEST_STEP][PASSED] - maximizeWindow(): Current window maximized

26-08-2024T23:20:36 - [MESSAGE][PASSED] - Current window maximized

26-08-2024T23:20:36 - [TEST_STEP][PASSED] - iwpPages.TestHarnessPage.setDataMethod(row, dataFile): iwpPages.TestHarnessPage.setDataMethod is PASSED

26-08-2024T23:20:37 - [MESSAGE][PASSED] - Object 'Object Repository/IWP30/Page_QATestHarness/RemittanceID' is present

26-08-2024T23:20:37 - [MESSAGE][PASSED] - Text '640' is set on object 'Object Repository/IWP30/Page_QATestHarness/ApplicationID'

26-08-2024T23:20:38 - [MESSAGE][PASSED] - Text '2.5' is set on object 'Object Repository/IWP30/Page_QATestHarness/MessageVersion'

26-08-2024T23:20:39 - [MESSAGE][PASSED] - Text 'nWScOLrj15Z8' is set on object 'Object Repository/IWP30/Page_QATestHarness/RemittanceID'

26-08-2024T23:20:43 - [MESSAGE][PASSED] - Object: 'Object Repository/IWP30/Page_QATestHarness/SubmitButton' is clicked on

26-08-2024T23:20:43 - [MESSAGE][PASSED] - iwpPages.TestHarnessPage.setDataMethod is PASSED

26-08-2024T23:20:43 - [TEST_STEP][PASSED] - click(findTestObject("Object Repository/IWP30/Page_SelectPaymentMethod/PayByCorporateCheck")): Object: 'Object Repository/IWP30/Page_SelectPaymentMethod/PayByCorporateCheck' is clicked on

26-08-2024T23:20:43 - [MESSAGE][PASSED] - Object: 'Object Repository/IWP30/Page_SelectPaymentMethod/PayByCorporateCheck' is clicked on

26-08-2024T23:20:43 - [TEST_STEP][PASSED] - click(findTestObject("Object Repository/IWP30/Page_SelectPaymentMethod/MakePaymentButton")): Object: 'Object Repository/IWP30/Page_SelectPaymentMethod/MakePaymentButton' is clicked on

26-08-2024T23:20:46 - [MESSAGE][PASSED] - Object: 'Object Repository/IWP30/Page_SelectPaymentMethod/MakePaymentButton' is clicked on

26-08-2024T23:20:46 - [TEST_STEP][PASSED] - iwpPages.achCorporatePaymentEntryPage.setDataCorporate(row, dataFile): iwpPages.achCorporatePaymentEntryPage.setDataCorporate is PASSED

26-08-2024T23:20:47 - [MESSAGE][PASSED] - Object 'Object Repository/IWP30/Page_ACHCorporatePaymentEntry/txt_accountNumber' is present

26-08-2024T23:20:47 - [MESSAGE][PASSED] - Object 'Object Repository/IWP30/Page_ACHCorporatePaymentEntry/input_CompanyName' is present

26-08-2024T23:20:47 - [MESSAGE][PASSED] - Object 'Object Repository/IWP30/Page_ACHCorporatePaymentEntry/input_EIN' is present

26-08-2024T23:20:48 - [MESSAGE][PASSED] - Text '123456789' is set on object 'Object Repository/IWP30/Page_ACHCorporatePaymentEntry/input_EIN'

26-08-2024T23:20:49 - [MESSAGE][PASSED] - All options with label 'Soccer' are selected in object 'Object Repository/IWP30/Page_ACHCorporatePaymentEntry/dd_UDF8' 

26-08-2024T23:20:49 - [MESSAGE][PASSED] - Object 'Object Repository/IWP30/Page_ACHCorporatePaymentEntry/txt_routingNumber' is present

26-08-2024T23:20:50 - [MESSAGE][PASSED] - Text '256072691' is set on object 'Object Repository/IWP30/Page_ACHCorporatePaymentEntry/txt_routingNumber'

26-08-2024T23:20:50 - [MESSAGE][PASSED] - Object 'Object Repository/IWP30/Page_ACHCorporatePaymentEntry/txt_accountNumber' is present

26-08-2024T23:20:51 - [MESSAGE][PASSED] - Text '12344444' is set on object 'Object Repository/IWP30/Page_ACHCorporatePaymentEntry/txt_accountNumber'

26-08-2024T23:20:51 - [MESSAGE][PASSED] - Object 'Object Repository/IWP30/Page_ACHCorporatePaymentEntry/txt_confirmAccountNumber' is present

26-08-2024T23:20:52 - [MESSAGE][PASSED] - Text '12344444' is set on object 'Object Repository/IWP30/Page_ACHCorporatePaymentEntry/txt_confirmAccountNumber'

26-08-2024T23:20:52 - [MESSAGE][PASSED] - Object 'Object Repository/IWP30/Page_ACHCorporatePaymentEntry/txt_Email' is present

26-08-2024T23:20:52 - [MESSAGE][PASSED] - Object 'Object Repository/IWP30/Page_ACHCorporatePaymentEntry/cb_TermsAndCond' is present

26-08-2024T23:20:52 - [MESSAGE][PASSED] - Object: 'Object Repository/IWP30/Page_ACHCorporatePaymentEntry/cb_TermsAndCond' is clicked on

26-08-2024T23:20:53 - [MESSAGE][PASSED] - Object 'Object Repository/IWP30/Page_ACHCorporatePaymentEntry/btn_Continue' is present

26-08-2024T23:20:54 - [MESSAGE][PASSED] - Object: 'Object Repository/IWP30/Page_ACHCorporatePaymentEntry/btn_Continue' is clicked on

26-08-2024T23:20:54 - [MESSAGE][PASSED] - iwpPages.achCorporatePaymentEntryPage.setDataCorporate is PASSED

26-08-2024T23:20:54 - [TEST_STEP][PASSED] - click(findTestObject("Object Repository/IWP30/Page_Confirmation/ConfirmButton")): Object: 'Object Repository/IWP30/Page_Confirmation/ConfirmButton' is clicked on

26-08-2024T23:20:57 - [MESSAGE][PASSED] - Object: 'Object Repository/IWP30/Page_Confirmation/ConfirmButton' is clicked on

26-08-2024T23:20:57 - [TEST_STEP][PASSED] - Thread.sleep(5000): null

26-08-2024T23:21:02 - [TEST_STEP][PASSED] - println("I am on real estate page"): null

26-08-2024T23:21:02 - [TEST_STEP][PASSED] - if (verifyTextPresent("Make a Real Estate Payment", false)): null

26-08-2024T23:21:02 - [MESSAGE][PASSED] - Text 'Make a Real Estate Payment' is present on page 

26-08-2024T23:21:02 - [TEST_STEP][PASSED] - isRequiredTextPresent = true: null

26-08-2024T23:21:02 - [TEST_STEP][PASSED] - println(isRequiredTextPresent): null

26-08-2024T23:21:02 - [TEST_STEP][PASSED] - if (isRequiredTextPresent): null

26-08-2024T23:21:02 - [TEST_STEP][PASSED] - if (verifyTextPresent("This transaction is subject to a Convenience Fees of $2.00.", false)): null

26-08-2024T23:21:02 - [MESSAGE][PASSED] - Text 'This transaction is subject to a Convenience Fees of $2.00.' is present on page 

26-08-2024T23:21:02 - [TEST_STEP][PASSED] - isRequiredTextPresent = true: null

26-08-2024T23:21:02 - [TEST_STEP][PASSED] - println(isRequiredTextPresent): null

26-08-2024T23:21:02 - [TEST_STEP][PASSED] - if (isRequiredTextPresent): null

26-08-2024T23:21:02 - [TEST_STEP][PASSED] - if (verifyTextPresent("Payment Amount:  $10.50", false)): null

26-08-2024T23:21:02 - [MESSAGE][PASSED] - Text 'Payment Amount:  $10.50' is present on page 

26-08-2024T23:21:02 - [TEST_STEP][PASSED] - isRequiredTextPresent = true: null

26-08-2024T23:21:02 - [TEST_STEP][PASSED] - if (isRequiredTextPresent): null

26-08-2024T23:21:02 - [TEST_STEP][PASSED] - if (verifyTextPresent("Convenience Fees:  $2.00", false)): null

26-08-2024T23:21:03 - [MESSAGE][PASSED] - Text 'Convenience Fees:  $2.00' is present on page 

26-08-2024T23:21:03 - [TEST_STEP][PASSED] - isRequiredTextPresent = true: null

26-08-2024T23:21:03 - [TEST_STEP][PASSED] - if (isRequiredTextPresent): null

26-08-2024T23:21:03 - [TEST_STEP][PASSED] - if (verifyTextPresent("Total Amount:  $12.50", false)): null

26-08-2024T23:21:03 - [MESSAGE][PASSED] - Text 'Total Amount:  $12.50' is present on page 

26-08-2024T23:21:03 - [TEST_STEP][PASSED] - isRequiredTextPresent = true: null

26-08-2024T23:21:03 - [TEST_STEP][PASSED] - if (isRequiredTextPresent): null

26-08-2024T23:21:03 - [TEST_STEP][PASSED] - if (verifyTextPresent("Two transactions will appear on your bank statement, one in the amount of $10.50 and one in the amount of $2.00.", false)): null

26-08-2024T23:21:03 - [MESSAGE][PASSED] - Text 'Two transactions will appear on your bank statement, one in the amount of $10.50 and one in the amount of $2.00.' is present on page 

26-08-2024T23:21:03 - [TEST_STEP][PASSED] - isRequiredTextPresent = true: null

26-08-2024T23:21:03 - [TEST_STEP][PASSED] - Thread.sleep(10000): null

26-08-2024T23:21:13 - [TEST_STEP][PASSED] - click(findTestObject("Object Repository/IWP30/Page_ConvenienceFees/btn_convFeeNotifyAction")): Object: 'Object Repository/IWP30/Page_ConvenienceFees/btn_convFeeNotifyAction' is clicked on

26-08-2024T23:21:15 - [MESSAGE][PASSED] - Object: 'Object Repository/IWP30/Page_ConvenienceFees/btn_convFeeNotifyAction' is clicked on

26-08-2024T23:21:15 - [TEST_STEP][PASSED] - Thread.sleep(10000): null

26-08-2024T23:21:25 - [TEST_STEP][PASSED] - if (verifyTextPresent("Successful Payment Receipt", false)): null

26-08-2024T23:21:26 - [MESSAGE][PASSED] - Text 'Successful Payment Receipt' is present on page 

26-08-2024T23:21:26 - [TEST_STEP][PASSED] - println("Successful Payment Receipt text is present on the Receipt page"): null

26-08-2024T23:21:26 - [TEST_STEP][PASSED] - markPassed("Successful Payment Receipt text is present on the Receipt page"): Successful Payment Receipt text is present on the Receipt page

26-08-2024T23:21:26 - [MESSAGE][PASSED] - Successful Payment Receipt text is present on the Receipt page

26-08-2024T23:21:26 - [TEST_STEP][PASSED] - resText = "Pass": null

26-08-2024T23:21:26 - [TEST_STEP][PASSED] - pages.WriteExcel.demoKey(resText, datText, resColumn, datCloumn, fileLoc, nameSheet, row): pages.WriteExcel.demoKey is PASSED

26-08-2024T23:21:26 - [MESSAGE][PASSED] - pages.WriteExcel.demoKey is PASSED

26-08-2024T23:21:26 - [TEST_STEP][PASSED] - closeBrowser(): Browser is closed

26-08-2024T23:21:26 - [MESSAGE][PASSED] - Browser is closed]]></system-out>
         <system-err><![CDATA[]]></system-err>
      </testcase>
      <testcase name="Test Cases/IntegratedWeb/IWP25/Payments/PayNowCorporate" time="211.558" classname="Test Cases/IntegratedWeb/IWP25/Payments/PayNowCorporate" status="PASSED">
         <system-out><![CDATA[26-08-2024T23:21:26 - [TEST_CASE][PASSED] - Test Cases/IntegratedWeb/IWP25/Payments/PayNowCorporate: Test Cases/IntegratedWeb/IWP25/Payments/PayNowCorporate

26-08-2024T23:21:27 - [TEST_STEP][PASSED] - resText = "Fail": null

26-08-2024T23:21:27 - [TEST_STEP][PASSED] - resColumn = "Result": null

26-08-2024T23:21:27 - [TEST_STEP][PASSED] - datCloumn = "Date": null

26-08-2024T23:21:27 - [TEST_STEP][PASSED] - fileLoc = "KatalonData/IWPTestData/VRelay25Payments.xlsx": null

26-08-2024T23:21:27 - [TEST_STEP][PASSED] - numOfRows = <not implemented yet for class: org.codehaus.groovy.ast.expr.EmptyExpression>: null

26-08-2024T23:21:27 - [TEST_STEP][PASSED] - dataFile = <not implemented yet for class: org.codehaus.groovy.ast.expr.EmptyExpression>: null

26-08-2024T23:21:27 - [TEST_STEP][PASSED] - nameSheet = <not implemented yet for class: org.codehaus.groovy.ast.expr.EmptyExpression>: null

26-08-2024T23:21:27 - [TEST_STEP][PASSED] - dataFileEmulator = <not implemented yet for class: org.codehaus.groovy.ast.expr.EmptyExpression>: null

26-08-2024T23:21:27 - [TEST_STEP][PASSED] - nameSheet = "PayNowCorp": null

26-08-2024T23:21:27 - [TEST_STEP][PASSED] - dataFile = "IWPTestData/IWP25PayNowCorp": null

26-08-2024T23:21:27 - [TEST_STEP][PASSED] - dataFileEmulator = "IWPTestData/EmulatorData": null

26-08-2024T23:21:27 - [TEST_STEP][PASSED] - numOfRows = findTestData(dataFile).getRowNumbers(): null

26-08-2024T23:21:27 - [TEST_STEP][PASSED] - println("Number of Records: " + numOfRows): null

26-08-2024T23:21:27 - [TEST_STEP][PASSED] - for ([row = 1, row <= numOfRows, (row++)]): Browser is closed

26-08-2024T23:21:27 - [TEST_STEP][PASSED] - ExecuteTC = findTestData(dataFile).getValue("Execute", row): null

26-08-2024T23:21:27 - [TEST_STEP][PASSED] - out.println("Value of Execute is : " + ExecuteTC): null

26-08-2024T23:21:27 - [TEST_STEP][PASSED] - if (ExecuteTC.equalsIgnoreCase("Y")): null

26-08-2024T23:21:27 - [TEST_STEP][PASSED] - out.println("Begin Record Number: " + row): null

26-08-2024T23:21:27 - [TEST_STEP][PASSED] - today = new java.util.Date(): null

26-08-2024T23:21:27 - [TEST_STEP][PASSED] - println(today): null

26-08-2024T23:21:27 - [TEST_STEP][PASSED] - datText = today: null

26-08-2024T23:21:27 - [TEST_STEP][PASSED] - EmulatorDataKey = findTestData(dataFile).getValue("EmulatorData", row): null

26-08-2024T23:21:27 - [TEST_STEP][PASSED] - out.println("Value of Emulator Key is : " + EmulatorDataKey): null

26-08-2024T23:21:27 - [TEST_STEP][PASSED] - iwpPages.emulatorIWP30.setDataEmulator_DD(EmulatorDataKey): iwpPages.emulatorIWP30.setDataEmulator_DD is PASSED

26-08-2024T23:21:27 - [MESSAGE][INFO] - Starting 'Edge Chromium' driver

26-08-2024T23:21:27 - [MESSAGE][INFO] - User set preference: ['acceptInsecureCerts', 'true']

26-08-2024T23:21:29 - [MESSAGE][INFO] - Action delay is set to 0 milliseconds

26-08-2024T23:21:33 - [MESSAGE][PASSED] - Browser is opened with url: 'https://qa2.velocitypayment.com/agency/config.do?action=editor&message_version=2_5'

26-08-2024T23:21:33 - [MESSAGE][PASSED] - Current window maximized

26-08-2024T23:21:34 - [MESSAGE][PASSED] - All options with value '2.5' are selected in object 'Object Repository/IWP30/Page_VRelay30Emulator/MV'  using regular expression

26-08-2024T23:21:34 - [MESSAGE][PASSED] - Text '10.50' is set on object 'Object Repository/IWP30/Page_VRelay30Emulator/Amount'

26-08-2024T23:21:35 - [MESSAGE][PASSED] - Text '26413414' is set on object 'Object Repository/IWP30/Page_VRelay30Emulator/CAN'

26-08-2024T23:21:36 - [MESSAGE][PASSED] - Text 'PayNow' is set on object 'Object Repository/IWP30/Page_VRelay30Emulator/Action'

26-08-2024T23:21:36 - [MESSAGE][PASSED] - Text 'en_US' is set on object 'Object Repository/IWP30/Page_VRelay30Emulator/Lang'

26-08-2024T23:21:37 - [MESSAGE][PASSED] - Text '' is set on object 'Object Repository/IWP30/Page_VRelay30Emulator/Fname'

26-08-2024T23:21:37 - [MESSAGE][PASSED] - Text '' is set on object 'Object Repository/IWP30/Page_VRelay30Emulator/Lname'

26-08-2024T23:21:38 - [MESSAGE][PASSED] - Text '' is set on object 'Object Repository/IWP30/Page_VRelay30Emulator/AL1'

26-08-2024T23:21:39 - [MESSAGE][PASSED] - Text '' is set on object 'Object Repository/IWP30/Page_VRelay30Emulator/AL2'

26-08-2024T23:21:39 - [MESSAGE][PASSED] - Text '' is set on object 'Object Repository/IWP30/Page_VRelay30Emulator/Country'

26-08-2024T23:21:40 - [MESSAGE][PASSED] - Text '' is set on object 'Object Repository/IWP30/Page_VRelay30Emulator/City'

26-08-2024T23:21:40 - [MESSAGE][PASSED] - Text '' is set on object 'Object Repository/IWP30/Page_VRelay30Emulator/State'

26-08-2024T23:21:41 - [MESSAGE][PASSED] - Text '' is set on object 'Object Repository/IWP30/Page_VRelay30Emulator/ZIP'

26-08-2024T23:21:41 - [MESSAGE][PASSED] - Text '' is set on object 'Object Repository/IWP30/Page_VRelay30Emulator/Order'

26-08-2024T23:21:42 - [MESSAGE][PASSED] - Text '' is set on object 'Object Repository/IWP30/Page_VRelay30Emulator/Company'

26-08-2024T23:21:43 - [MESSAGE][PASSED] - Text '' is set on object 'Object Repository/IWP30/Page_VRelay30Emulator/Email'

26-08-2024T23:21:43 - [MESSAGE][PASSED] - Text '' is set on object 'Object Repository/IWP30/Page_VRelay30Emulator/UDF1'

26-08-2024T23:21:44 - [MESSAGE][PASSED] - Text '' is set on object 'Object Repository/IWP30/Page_VRelay30Emulator/UDF2'

26-08-2024T23:21:44 - [MESSAGE][PASSED] - Text '' is set on object 'Object Repository/IWP30/Page_VRelay30Emulator/UDF3'

26-08-2024T23:21:45 - [MESSAGE][PASSED] - Text 'udf data 4' is set on object 'Object Repository/IWP30/Page_VRelay30Emulator/UDF4'

26-08-2024T23:21:46 - [MESSAGE][PASSED] - Text 'udf data 5' is set on object 'Object Repository/IWP30/Page_VRelay30Emulator/UDF5'

26-08-2024T23:21:46 - [MESSAGE][PASSED] - Text '' is set on object 'Object Repository/IWP30/Page_VRelay30Emulator/UDF6'

26-08-2024T23:21:47 - [MESSAGE][PASSED] - Text '' is set on object 'Object Repository/IWP30/Page_VRelay30Emulator/UDF7'

26-08-2024T23:21:47 - [MESSAGE][PASSED] - Text '' is set on object 'Object Repository/IWP30/Page_VRelay30Emulator/UDF8'

26-08-2024T23:21:48 - [MESSAGE][PASSED] - Text 'udf data 9' is set on object 'Object Repository/IWP30/Page_VRelay30Emulator/UDF9'

26-08-2024T23:21:49 - [MESSAGE][PASSED] - Text 'udf data 10' is set on object 'Object Repository/IWP30/Page_VRelay30Emulator/UDF10'

26-08-2024T23:21:50 - [MESSAGE][PASSED] - Object: 'Object Repository/IWP30/Page_VRelay30Emulator/Submit' is clicked on

26-08-2024T23:21:54 - [MESSAGE][PASSED] - Browser is closed

26-08-2024T23:21:58 - [MESSAGE][PASSED] - iwpPages.emulatorIWP30.setDataEmulator_DD is PASSED

26-08-2024T23:21:58 - [TEST_STEP][PASSED] - testHarnessURL = urlTestHarness: null

26-08-2024T23:21:58 - [TEST_STEP][PASSED] - openBrowser(testHarnessURL): Browser is opened with url: 'https://dev-algorithm.govolution.com/vrelaytest/QA2/version_2_2/vrelaytest.html'

26-08-2024T23:21:58 - [MESSAGE][INFO] - Starting 'Edge Chromium' driver

26-08-2024T23:21:58 - [MESSAGE][INFO] - User set preference: ['acceptInsecureCerts', 'true']

26-08-2024T23:22:00 - [MESSAGE][INFO] - Action delay is set to 0 milliseconds

26-08-2024T23:22:04 - [MESSAGE][PASSED] - Browser is opened with url: 'https://dev-algorithm.govolution.com/vrelaytest/QA2/version_2_2/vrelaytest.html'

26-08-2024T23:22:04 - [TEST_STEP][PASSED] - maximizeWindow(): Current window maximized

26-08-2024T23:22:04 - [MESSAGE][PASSED] - Current window maximized

26-08-2024T23:22:04 - [TEST_STEP][PASSED] - iwpPages.TestHarnessPage.setDataMethod(row, dataFile): iwpPages.TestHarnessPage.setDataMethod is PASSED

26-08-2024T23:22:04 - [MESSAGE][PASSED] - Object 'Object Repository/IWP30/Page_QATestHarness/RemittanceID' is present

26-08-2024T23:22:05 - [MESSAGE][PASSED] - Text '638' is set on object 'Object Repository/IWP30/Page_QATestHarness/ApplicationID'

26-08-2024T23:22:06 - [MESSAGE][PASSED] - Text '2.5' is set on object 'Object Repository/IWP30/Page_QATestHarness/MessageVersion'

26-08-2024T23:22:06 - [MESSAGE][PASSED] - Text '6IOKmzZdV1pi' is set on object 'Object Repository/IWP30/Page_QATestHarness/RemittanceID'

26-08-2024T23:22:10 - [MESSAGE][PASSED] - Object: 'Object Repository/IWP30/Page_QATestHarness/SubmitButton' is clicked on

26-08-2024T23:22:10 - [MESSAGE][PASSED] - iwpPages.TestHarnessPage.setDataMethod is PASSED

26-08-2024T23:22:10 - [TEST_STEP][PASSED] - click(findTestObject("Object Repository/IWP30/Page_SelectPaymentMethod/PayByCorporateCheck")): Object: 'Object Repository/IWP30/Page_SelectPaymentMethod/PayByCorporateCheck' is clicked on

26-08-2024T23:22:10 - [MESSAGE][PASSED] - Object: 'Object Repository/IWP30/Page_SelectPaymentMethod/PayByCorporateCheck' is clicked on

26-08-2024T23:22:10 - [TEST_STEP][PASSED] - click(findTestObject("Object Repository/IWP30/Page_SelectPaymentMethod/MakePaymentButton")): Object: 'Object Repository/IWP30/Page_SelectPaymentMethod/MakePaymentButton' is clicked on

26-08-2024T23:22:13 - [MESSAGE][PASSED] - Object: 'Object Repository/IWP30/Page_SelectPaymentMethod/MakePaymentButton' is clicked on

26-08-2024T23:22:13 - [TEST_STEP][PASSED] - iwpPages.achCorporatePaymentEntryPage.setDataCorporate(row, dataFile): iwpPages.achCorporatePaymentEntryPage.setDataCorporate is PASSED

26-08-2024T23:22:14 - [MESSAGE][PASSED] - Object 'Object Repository/IWP30/Page_ACHCorporatePaymentEntry/txt_accountNumber' is present

26-08-2024T23:22:14 - [MESSAGE][PASSED] - Object 'Object Repository/IWP30/Page_ACHCorporatePaymentEntry/input_CompanyName' is present

26-08-2024T23:22:14 - [MESSAGE][PASSED] - Text 'My Company' is set on object 'Object Repository/IWP30/Page_ACHCorporatePaymentEntry/input_CompanyName'

26-08-2024T23:22:15 - [MESSAGE][PASSED] - Object 'Object Repository/IWP30/Page_ACHCorporatePaymentEntry/input_EIN' is present

26-08-2024T23:22:15 - [MESSAGE][PASSED] - Text '123456789' is set on object 'Object Repository/IWP30/Page_ACHCorporatePaymentEntry/input_EIN'

26-08-2024T23:22:16 - [MESSAGE][PASSED] - Text '10.50' is set on object 'Object Repository/IWP30/Page_ACHCorporatePaymentEntry/txt_Amount'

26-08-2024T23:22:17 - [MESSAGE][PASSED] - Text 'udf data 2' is set on object 'Object Repository/IWP30/Page_ACHCorporatePaymentEntry/txt_UDF2'

26-08-2024T23:22:17 - [MESSAGE][PASSED] - Text 'udf data 3' is set on object 'Object Repository/IWP30/Page_ACHCorporatePaymentEntry/txt_UDF3'

26-08-2024T23:22:18 - [MESSAGE][PASSED] - All options with label 'Orange' are selected in object 'Object Repository/IWP30/Page_ACHCorporatePaymentEntry/dd_UDF7' 

26-08-2024T23:22:18 - [MESSAGE][PASSED] - All options with label 'Soccer' are selected in object 'Object Repository/IWP30/Page_ACHCorporatePaymentEntry/dd_UDF8' 

26-08-2024T23:22:19 - [MESSAGE][PASSED] - Object 'Object Repository/IWP30/Page_ACHCorporatePaymentEntry/txt_routingNumber' is present

26-08-2024T23:22:19 - [MESSAGE][PASSED] - Text '256072691' is set on object 'Object Repository/IWP30/Page_ACHCorporatePaymentEntry/txt_routingNumber'

26-08-2024T23:22:19 - [MESSAGE][PASSED] - Object 'Object Repository/IWP30/Page_ACHCorporatePaymentEntry/txt_accountNumber' is present

26-08-2024T23:22:20 - [MESSAGE][PASSED] - Text '12344444' is set on object 'Object Repository/IWP30/Page_ACHCorporatePaymentEntry/txt_accountNumber'

26-08-2024T23:22:21 - [MESSAGE][PASSED] - Object 'Object Repository/IWP30/Page_ACHCorporatePaymentEntry/txt_confirmAccountNumber' is present

26-08-2024T23:22:21 - [MESSAGE][PASSED] - Text '12344444' is set on object 'Object Repository/IWP30/Page_ACHCorporatePaymentEntry/txt_confirmAccountNumber'

26-08-2024T23:22:22 - [MESSAGE][PASSED] - Text '365 Main Avenue' is set on object 'Object Repository/IWP30/Page_ACHCorporatePaymentEntry/txt_AL1'

26-08-2024T23:22:23 - [MESSAGE][PASSED] - Text '22201' is set on object 'Object Repository/IWP30/Page_ACHCorporatePaymentEntry/txt_ZIP'

26-08-2024T23:22:23 - [MESSAGE][PASSED] - Object 'Object Repository/IWP30/Page_ACHCorporatePaymentEntry/txt_Email' is present

26-08-2024T23:22:24 - [MESSAGE][PASSED] - Text 'iahmed@govolution.com' is set on object 'Object Repository/IWP30/Page_ACHCorporatePaymentEntry/txt_Email'

26-08-2024T23:22:24 - [MESSAGE][PASSED] - Object 'Object Repository/IWP30/Page_ACHCorporatePaymentEntry/cb_TermsAndCond' is present

26-08-2024T23:22:24 - [MESSAGE][PASSED] - Object: 'Object Repository/IWP30/Page_ACHCorporatePaymentEntry/cb_TermsAndCond' is clicked on

26-08-2024T23:22:25 - [MESSAGE][PASSED] - Object 'Object Repository/IWP30/Page_ACHCorporatePaymentEntry/btn_Continue' is present

26-08-2024T23:22:26 - [MESSAGE][PASSED] - Object: 'Object Repository/IWP30/Page_ACHCorporatePaymentEntry/btn_Continue' is clicked on

26-08-2024T23:22:26 - [MESSAGE][PASSED] - iwpPages.achCorporatePaymentEntryPage.setDataCorporate is PASSED

26-08-2024T23:22:26 - [TEST_STEP][PASSED] - click(findTestObject("Object Repository/IWP30/Page_Confirmation/ConfirmButton")): Object: 'Object Repository/IWP30/Page_Confirmation/ConfirmButton' is clicked on

26-08-2024T23:22:28 - [MESSAGE][PASSED] - Object: 'Object Repository/IWP30/Page_Confirmation/ConfirmButton' is clicked on

26-08-2024T23:22:28 - [TEST_STEP][PASSED] - Thread.sleep(10000): null

26-08-2024T23:22:38 - [TEST_STEP][PASSED] - if (verifyTextPresent("Successful Payment Receipt", false)): null

26-08-2024T23:22:38 - [MESSAGE][PASSED] - Text 'Successful Payment Receipt' is present on page 

26-08-2024T23:22:38 - [TEST_STEP][PASSED] - println("Successful Payment Receipt text is present on the Receipt page"): null

26-08-2024T23:22:38 - [TEST_STEP][PASSED] - markPassed("Successful Payment Receipt text is present on the Receipt page"): Successful Payment Receipt text is present on the Receipt page

26-08-2024T23:22:38 - [MESSAGE][PASSED] - Successful Payment Receipt text is present on the Receipt page

26-08-2024T23:22:38 - [TEST_STEP][PASSED] - resText = "Pass": null

26-08-2024T23:22:38 - [TEST_STEP][PASSED] - pages.WriteExcel.demoKey(resText, datText, resColumn, datCloumn, fileLoc, nameSheet, row): pages.WriteExcel.demoKey is PASSED

26-08-2024T23:22:38 - [MESSAGE][PASSED] - pages.WriteExcel.demoKey is PASSED

26-08-2024T23:22:38 - [TEST_STEP][PASSED] - closeBrowser(): Browser is closed

26-08-2024T23:22:38 - [MESSAGE][PASSED] - Browser is closed

26-08-2024T23:22:38 - [TEST_STEP][PASSED] - ExecuteTC = findTestData(dataFile).getValue("Execute", row): null

26-08-2024T23:22:38 - [TEST_STEP][PASSED] - out.println("Value of Execute is : " + ExecuteTC): null

26-08-2024T23:22:38 - [TEST_STEP][PASSED] - if (ExecuteTC.equalsIgnoreCase("Y")): null

26-08-2024T23:22:38 - [TEST_STEP][PASSED] - out.println("Begin Record Number: " + row): null

26-08-2024T23:22:38 - [TEST_STEP][PASSED] - today = new java.util.Date(): null

26-08-2024T23:22:38 - [TEST_STEP][PASSED] - println(today): null

26-08-2024T23:22:38 - [TEST_STEP][PASSED] - datText = today: null

26-08-2024T23:22:38 - [TEST_STEP][PASSED] - EmulatorDataKey = findTestData(dataFile).getValue("EmulatorData", row): null

26-08-2024T23:22:38 - [TEST_STEP][PASSED] - out.println("Value of Emulator Key is : " + EmulatorDataKey): null

26-08-2024T23:22:38 - [TEST_STEP][PASSED] - iwpPages.emulatorIWP30.setDataEmulator_DD(EmulatorDataKey): iwpPages.emulatorIWP30.setDataEmulator_DD is PASSED

26-08-2024T23:22:39 - [MESSAGE][INFO] - Starting 'Edge Chromium' driver

26-08-2024T23:22:39 - [MESSAGE][INFO] - User set preference: ['acceptInsecureCerts', 'true']

26-08-2024T23:22:41 - [MESSAGE][INFO] - Action delay is set to 0 milliseconds

26-08-2024T23:22:44 - [MESSAGE][PASSED] - Browser is opened with url: 'https://qa2.velocitypayment.com/agency/config.do?action=editor&message_version=2_5'

26-08-2024T23:22:44 - [MESSAGE][PASSED] - Current window maximized

26-08-2024T23:22:45 - [MESSAGE][PASSED] - All options with value '2.5' are selected in object 'Object Repository/IWP30/Page_VRelay30Emulator/MV'  using regular expression

26-08-2024T23:22:46 - [MESSAGE][PASSED] - Text '10.50' is set on object 'Object Repository/IWP30/Page_VRelay30Emulator/Amount'

26-08-2024T23:22:47 - [MESSAGE][PASSED] - Text '26413255' is set on object 'Object Repository/IWP30/Page_VRelay30Emulator/CAN'

26-08-2024T23:22:47 - [MESSAGE][PASSED] - Text 'PayNow' is set on object 'Object Repository/IWP30/Page_VRelay30Emulator/Action'

26-08-2024T23:22:48 - [MESSAGE][PASSED] - Text 'en_US' is set on object 'Object Repository/IWP30/Page_VRelay30Emulator/Lang'

26-08-2024T23:22:49 - [MESSAGE][PASSED] - Text 'Jasmine' is set on object 'Object Repository/IWP30/Page_VRelay30Emulator/Fname'

26-08-2024T23:22:49 - [MESSAGE][PASSED] - Text 'Patrinol' is set on object 'Object Repository/IWP30/Page_VRelay30Emulator/Lname'

26-08-2024T23:22:50 - [MESSAGE][PASSED] - Text '258 Underwood rd' is set on object 'Object Repository/IWP30/Page_VRelay30Emulator/AL1'

26-08-2024T23:22:50 - [MESSAGE][PASSED] - Text 'Suite 600' is set on object 'Object Repository/IWP30/Page_VRelay30Emulator/AL2'

26-08-2024T23:22:51 - [MESSAGE][PASSED] - Text '840' is set on object 'Object Repository/IWP30/Page_VRelay30Emulator/Country'

26-08-2024T23:22:52 - [MESSAGE][PASSED] - Text 'Arlington' is set on object 'Object Repository/IWP30/Page_VRelay30Emulator/City'

26-08-2024T23:22:52 - [MESSAGE][PASSED] - Text 'VA' is set on object 'Object Repository/IWP30/Page_VRelay30Emulator/State'

26-08-2024T23:22:53 - [MESSAGE][PASSED] - Text '22201' is set on object 'Object Repository/IWP30/Page_VRelay30Emulator/ZIP'

26-08-2024T23:22:53 - [MESSAGE][PASSED] - Text '' is set on object 'Object Repository/IWP30/Page_VRelay30Emulator/Order'

26-08-2024T23:22:54 - [MESSAGE][PASSED] - Text 'Some Company' is set on object 'Object Repository/IWP30/Page_VRelay30Emulator/Company'

26-08-2024T23:22:55 - [MESSAGE][PASSED] - Text 'iahmed@govolution.com' is set on object 'Object Repository/IWP30/Page_VRelay30Emulator/Email'

26-08-2024T23:22:55 - [MESSAGE][PASSED] - Text 'udf data 1' is set on object 'Object Repository/IWP30/Page_VRelay30Emulator/UDF1'

26-08-2024T23:22:56 - [MESSAGE][PASSED] - Text 'udf data 2' is set on object 'Object Repository/IWP30/Page_VRelay30Emulator/UDF2'

26-08-2024T23:22:57 - [MESSAGE][PASSED] - Text 'udf data 3' is set on object 'Object Repository/IWP30/Page_VRelay30Emulator/UDF3'

26-08-2024T23:22:57 - [MESSAGE][PASSED] - Text 'udf data 4' is set on object 'Object Repository/IWP30/Page_VRelay30Emulator/UDF4'

26-08-2024T23:22:58 - [MESSAGE][PASSED] - Text 'udf data 5' is set on object 'Object Repository/IWP30/Page_VRelay30Emulator/UDF5'

26-08-2024T23:22:58 - [MESSAGE][PASSED] - Text 'udf data 6' is set on object 'Object Repository/IWP30/Page_VRelay30Emulator/UDF6'

26-08-2024T23:22:59 - [MESSAGE][PASSED] - Text 'Orange' is set on object 'Object Repository/IWP30/Page_VRelay30Emulator/UDF7'

26-08-2024T23:23:00 - [MESSAGE][PASSED] - Text 'Soccer' is set on object 'Object Repository/IWP30/Page_VRelay30Emulator/UDF8'

26-08-2024T23:23:00 - [MESSAGE][PASSED] - Text 'udf data 9' is set on object 'Object Repository/IWP30/Page_VRelay30Emulator/UDF9'

26-08-2024T23:23:01 - [MESSAGE][PASSED] - Text 'udf data 10' is set on object 'Object Repository/IWP30/Page_VRelay30Emulator/UDF10'

26-08-2024T23:23:02 - [MESSAGE][PASSED] - Object: 'Object Repository/IWP30/Page_VRelay30Emulator/Submit' is clicked on

26-08-2024T23:23:06 - [MESSAGE][PASSED] - Browser is closed

26-08-2024T23:23:10 - [MESSAGE][PASSED] - iwpPages.emulatorIWP30.setDataEmulator_DD is PASSED

26-08-2024T23:23:10 - [TEST_STEP][PASSED] - testHarnessURL = urlTestHarness: null

26-08-2024T23:23:10 - [TEST_STEP][PASSED] - openBrowser(testHarnessURL): Browser is opened with url: 'https://dev-algorithm.govolution.com/vrelaytest/QA2/version_2_2/vrelaytest.html'

26-08-2024T23:23:10 - [MESSAGE][INFO] - Starting 'Edge Chromium' driver

26-08-2024T23:23:10 - [MESSAGE][INFO] - User set preference: ['acceptInsecureCerts', 'true']

26-08-2024T23:23:12 - [MESSAGE][INFO] - Action delay is set to 0 milliseconds

26-08-2024T23:23:16 - [MESSAGE][PASSED] - Browser is opened with url: 'https://dev-algorithm.govolution.com/vrelaytest/QA2/version_2_2/vrelaytest.html'

26-08-2024T23:23:16 - [TEST_STEP][PASSED] - maximizeWindow(): Current window maximized

26-08-2024T23:23:16 - [MESSAGE][PASSED] - Current window maximized

26-08-2024T23:23:16 - [TEST_STEP][PASSED] - iwpPages.TestHarnessPage.setDataMethod(row, dataFile): iwpPages.TestHarnessPage.setDataMethod is PASSED

26-08-2024T23:23:16 - [MESSAGE][PASSED] - Object 'Object Repository/IWP30/Page_QATestHarness/RemittanceID' is present

26-08-2024T23:23:17 - [MESSAGE][PASSED] - Text '638' is set on object 'Object Repository/IWP30/Page_QATestHarness/ApplicationID'

26-08-2024T23:23:18 - [MESSAGE][PASSED] - Text '2.5' is set on object 'Object Repository/IWP30/Page_QATestHarness/MessageVersion'

26-08-2024T23:23:18 - [MESSAGE][PASSED] - Text 'fYlCVod7tpuD' is set on object 'Object Repository/IWP30/Page_QATestHarness/RemittanceID'

26-08-2024T23:23:22 - [MESSAGE][PASSED] - Object: 'Object Repository/IWP30/Page_QATestHarness/SubmitButton' is clicked on

26-08-2024T23:23:22 - [MESSAGE][PASSED] - iwpPages.TestHarnessPage.setDataMethod is PASSED

26-08-2024T23:23:22 - [TEST_STEP][PASSED] - click(findTestObject("Object Repository/IWP30/Page_SelectPaymentMethod/PayByCorporateCheck")): Object: 'Object Repository/IWP30/Page_SelectPaymentMethod/PayByCorporateCheck' is clicked on

26-08-2024T23:23:22 - [MESSAGE][PASSED] - Object: 'Object Repository/IWP30/Page_SelectPaymentMethod/PayByCorporateCheck' is clicked on

26-08-2024T23:23:22 - [TEST_STEP][PASSED] - click(findTestObject("Object Repository/IWP30/Page_SelectPaymentMethod/MakePaymentButton")): Object: 'Object Repository/IWP30/Page_SelectPaymentMethod/MakePaymentButton' is clicked on

26-08-2024T23:23:25 - [MESSAGE][PASSED] - Object: 'Object Repository/IWP30/Page_SelectPaymentMethod/MakePaymentButton' is clicked on

26-08-2024T23:23:25 - [TEST_STEP][PASSED] - iwpPages.achCorporatePaymentEntryPage.setDataCorporate(row, dataFile): iwpPages.achCorporatePaymentEntryPage.setDataCorporate is PASSED

26-08-2024T23:23:26 - [MESSAGE][PASSED] - Object 'Object Repository/IWP30/Page_ACHCorporatePaymentEntry/txt_accountNumber' is present

26-08-2024T23:23:26 - [MESSAGE][PASSED] - Object 'Object Repository/IWP30/Page_ACHCorporatePaymentEntry/input_CompanyName' is present

26-08-2024T23:23:26 - [MESSAGE][PASSED] - Object 'Object Repository/IWP30/Page_ACHCorporatePaymentEntry/input_EIN' is present

26-08-2024T23:23:27 - [MESSAGE][PASSED] - Text '123456789' is set on object 'Object Repository/IWP30/Page_ACHCorporatePaymentEntry/input_EIN'

26-08-2024T23:23:28 - [MESSAGE][PASSED] - All options with label 'Soccer' are selected in object 'Object Repository/IWP30/Page_ACHCorporatePaymentEntry/dd_UDF8' 

26-08-2024T23:23:28 - [MESSAGE][PASSED] - Object 'Object Repository/IWP30/Page_ACHCorporatePaymentEntry/txt_routingNumber' is present

26-08-2024T23:23:28 - [MESSAGE][PASSED] - Text '256072691' is set on object 'Object Repository/IWP30/Page_ACHCorporatePaymentEntry/txt_routingNumber'

26-08-2024T23:23:29 - [MESSAGE][PASSED] - Object 'Object Repository/IWP30/Page_ACHCorporatePaymentEntry/txt_accountNumber' is present

26-08-2024T23:23:30 - [MESSAGE][PASSED] - Text '12344444' is set on object 'Object Repository/IWP30/Page_ACHCorporatePaymentEntry/txt_accountNumber'

26-08-2024T23:23:30 - [MESSAGE][PASSED] - Object 'Object Repository/IWP30/Page_ACHCorporatePaymentEntry/txt_confirmAccountNumber' is present

26-08-2024T23:23:31 - [MESSAGE][PASSED] - Text '12344444' is set on object 'Object Repository/IWP30/Page_ACHCorporatePaymentEntry/txt_confirmAccountNumber'

26-08-2024T23:23:31 - [MESSAGE][PASSED] - Object 'Object Repository/IWP30/Page_ACHCorporatePaymentEntry/txt_Email' is present

26-08-2024T23:23:31 - [MESSAGE][PASSED] - Object 'Object Repository/IWP30/Page_ACHCorporatePaymentEntry/cb_TermsAndCond' is present

26-08-2024T23:23:31 - [MESSAGE][PASSED] - Object: 'Object Repository/IWP30/Page_ACHCorporatePaymentEntry/cb_TermsAndCond' is clicked on

26-08-2024T23:23:32 - [MESSAGE][PASSED] - Object 'Object Repository/IWP30/Page_ACHCorporatePaymentEntry/btn_Continue' is present

26-08-2024T23:23:33 - [MESSAGE][PASSED] - Object: 'Object Repository/IWP30/Page_ACHCorporatePaymentEntry/btn_Continue' is clicked on

26-08-2024T23:23:33 - [MESSAGE][PASSED] - iwpPages.achCorporatePaymentEntryPage.setDataCorporate is PASSED

26-08-2024T23:23:33 - [TEST_STEP][PASSED] - click(findTestObject("Object Repository/IWP30/Page_Confirmation/ConfirmButton")): Object: 'Object Repository/IWP30/Page_Confirmation/ConfirmButton' is clicked on

26-08-2024T23:23:35 - [MESSAGE][PASSED] - Object: 'Object Repository/IWP30/Page_Confirmation/ConfirmButton' is clicked on

26-08-2024T23:23:35 - [TEST_STEP][PASSED] - Thread.sleep(10000): null

26-08-2024T23:23:45 - [TEST_STEP][PASSED] - if (verifyTextPresent("Successful Payment Receipt", false)): null

26-08-2024T23:23:46 - [MESSAGE][PASSED] - Text 'Successful Payment Receipt' is present on page 

26-08-2024T23:23:46 - [TEST_STEP][PASSED] - println("Successful Payment Receipt text is present on the Receipt page"): null

26-08-2024T23:23:46 - [TEST_STEP][PASSED] - markPassed("Successful Payment Receipt text is present on the Receipt page"): Successful Payment Receipt text is present on the Receipt page

26-08-2024T23:23:46 - [MESSAGE][PASSED] - Successful Payment Receipt text is present on the Receipt page

26-08-2024T23:23:46 - [TEST_STEP][PASSED] - resText = "Pass": null

26-08-2024T23:23:46 - [TEST_STEP][PASSED] - pages.WriteExcel.demoKey(resText, datText, resColumn, datCloumn, fileLoc, nameSheet, row): pages.WriteExcel.demoKey is PASSED

26-08-2024T23:23:46 - [MESSAGE][PASSED] - pages.WriteExcel.demoKey is PASSED

26-08-2024T23:23:46 - [TEST_STEP][PASSED] - closeBrowser(): Browser is closed

26-08-2024T23:23:46 - [MESSAGE][PASSED] - Browser is closed

26-08-2024T23:23:46 - [TEST_STEP][PASSED] - ExecuteTC = findTestData(dataFile).getValue("Execute", row): null

26-08-2024T23:23:46 - [TEST_STEP][PASSED] - out.println("Value of Execute is : " + ExecuteTC): null

26-08-2024T23:23:46 - [TEST_STEP][PASSED] - if (ExecuteTC.equalsIgnoreCase("Y")): null

26-08-2024T23:23:46 - [TEST_STEP][PASSED] - out.println("Begin Record Number: " + row): null

26-08-2024T23:23:46 - [TEST_STEP][PASSED] - today = new java.util.Date(): null

26-08-2024T23:23:46 - [TEST_STEP][PASSED] - println(today): null

26-08-2024T23:23:46 - [TEST_STEP][PASSED] - datText = today: null

26-08-2024T23:23:46 - [TEST_STEP][PASSED] - EmulatorDataKey = findTestData(dataFile).getValue("EmulatorData", row): null

26-08-2024T23:23:46 - [TEST_STEP][PASSED] - out.println("Value of Emulator Key is : " + EmulatorDataKey): null

26-08-2024T23:23:46 - [TEST_STEP][PASSED] - iwpPages.emulatorIWP30.setDataEmulator_DD(EmulatorDataKey): iwpPages.emulatorIWP30.setDataEmulator_DD is PASSED

26-08-2024T23:23:46 - [MESSAGE][INFO] - Starting 'Edge Chromium' driver

26-08-2024T23:23:46 - [MESSAGE][INFO] - User set preference: ['acceptInsecureCerts', 'true']

26-08-2024T23:23:49 - [MESSAGE][INFO] - Action delay is set to 0 milliseconds

26-08-2024T23:23:52 - [MESSAGE][PASSED] - Browser is opened with url: 'https://qa2.velocitypayment.com/agency/config.do?action=editor&message_version=2_5'

26-08-2024T23:23:52 - [MESSAGE][PASSED] - Current window maximized

26-08-2024T23:23:53 - [MESSAGE][PASSED] - All options with value '2.5' are selected in object 'Object Repository/IWP30/Page_VRelay30Emulator/MV'  using regular expression

26-08-2024T23:23:54 - [MESSAGE][PASSED] - Text '10.50' is set on object 'Object Repository/IWP30/Page_VRelay30Emulator/Amount'

26-08-2024T23:23:55 - [MESSAGE][PASSED] - Text '26413414' is set on object 'Object Repository/IWP30/Page_VRelay30Emulator/CAN'

26-08-2024T23:23:55 - [MESSAGE][PASSED] - Text 'PayNow' is set on object 'Object Repository/IWP30/Page_VRelay30Emulator/Action'

26-08-2024T23:23:56 - [MESSAGE][PASSED] - Text 'en_US' is set on object 'Object Repository/IWP30/Page_VRelay30Emulator/Lang'

26-08-2024T23:23:56 - [MESSAGE][PASSED] - Text '' is set on object 'Object Repository/IWP30/Page_VRelay30Emulator/Fname'

26-08-2024T23:23:57 - [MESSAGE][PASSED] - Text '' is set on object 'Object Repository/IWP30/Page_VRelay30Emulator/Lname'

26-08-2024T23:23:58 - [MESSAGE][PASSED] - Text '' is set on object 'Object Repository/IWP30/Page_VRelay30Emulator/AL1'

26-08-2024T23:23:58 - [MESSAGE][PASSED] - Text '' is set on object 'Object Repository/IWP30/Page_VRelay30Emulator/AL2'

26-08-2024T23:23:59 - [MESSAGE][PASSED] - Text '' is set on object 'Object Repository/IWP30/Page_VRelay30Emulator/Country'

26-08-2024T23:23:59 - [MESSAGE][PASSED] - Text '' is set on object 'Object Repository/IWP30/Page_VRelay30Emulator/City'

26-08-2024T23:24:00 - [MESSAGE][PASSED] - Text '' is set on object 'Object Repository/IWP30/Page_VRelay30Emulator/State'

26-08-2024T23:24:01 - [MESSAGE][PASSED] - Text '' is set on object 'Object Repository/IWP30/Page_VRelay30Emulator/ZIP'

26-08-2024T23:24:01 - [MESSAGE][PASSED] - Text '' is set on object 'Object Repository/IWP30/Page_VRelay30Emulator/Order'

26-08-2024T23:24:02 - [MESSAGE][PASSED] - Text '' is set on object 'Object Repository/IWP30/Page_VRelay30Emulator/Company'

26-08-2024T23:24:02 - [MESSAGE][PASSED] - Text '' is set on object 'Object Repository/IWP30/Page_VRelay30Emulator/Email'

26-08-2024T23:24:03 - [MESSAGE][PASSED] - Text '' is set on object 'Object Repository/IWP30/Page_VRelay30Emulator/UDF1'

26-08-2024T23:24:04 - [MESSAGE][PASSED] - Text '' is set on object 'Object Repository/IWP30/Page_VRelay30Emulator/UDF2'

26-08-2024T23:24:04 - [MESSAGE][PASSED] - Text '' is set on object 'Object Repository/IWP30/Page_VRelay30Emulator/UDF3'

26-08-2024T23:24:05 - [MESSAGE][PASSED] - Text 'udf data 4' is set on object 'Object Repository/IWP30/Page_VRelay30Emulator/UDF4'

26-08-2024T23:24:05 - [MESSAGE][PASSED] - Text 'udf data 5' is set on object 'Object Repository/IWP30/Page_VRelay30Emulator/UDF5'

26-08-2024T23:24:06 - [MESSAGE][PASSED] - Text '' is set on object 'Object Repository/IWP30/Page_VRelay30Emulator/UDF6'

26-08-2024T23:24:06 - [MESSAGE][PASSED] - Text '' is set on object 'Object Repository/IWP30/Page_VRelay30Emulator/UDF7'

26-08-2024T23:24:07 - [MESSAGE][PASSED] - Text '' is set on object 'Object Repository/IWP30/Page_VRelay30Emulator/UDF8'

26-08-2024T23:24:08 - [MESSAGE][PASSED] - Text 'udf data 9' is set on object 'Object Repository/IWP30/Page_VRelay30Emulator/UDF9'

26-08-2024T23:24:08 - [MESSAGE][PASSED] - Text 'udf data 10' is set on object 'Object Repository/IWP30/Page_VRelay30Emulator/UDF10'

26-08-2024T23:24:09 - [MESSAGE][PASSED] - Object: 'Object Repository/IWP30/Page_VRelay30Emulator/Submit' is clicked on

26-08-2024T23:24:14 - [MESSAGE][PASSED] - Browser is closed

26-08-2024T23:24:18 - [MESSAGE][PASSED] - iwpPages.emulatorIWP30.setDataEmulator_DD is PASSED

26-08-2024T23:24:18 - [TEST_STEP][PASSED] - testHarnessURL = urlTestHarness: null

26-08-2024T23:24:18 - [TEST_STEP][PASSED] - openBrowser(testHarnessURL): Browser is opened with url: 'https://dev-algorithm.govolution.com/vrelaytest/QA2/version_2_2/vrelaytest.html'

26-08-2024T23:24:18 - [MESSAGE][INFO] - Starting 'Edge Chromium' driver

26-08-2024T23:24:18 - [MESSAGE][INFO] - User set preference: ['acceptInsecureCerts', 'true']

26-08-2024T23:24:20 - [MESSAGE][INFO] - Action delay is set to 0 milliseconds

26-08-2024T23:24:24 - [MESSAGE][PASSED] - Browser is opened with url: 'https://dev-algorithm.govolution.com/vrelaytest/QA2/version_2_2/vrelaytest.html'

26-08-2024T23:24:24 - [TEST_STEP][PASSED] - maximizeWindow(): Current window maximized

26-08-2024T23:24:24 - [MESSAGE][PASSED] - Current window maximized

26-08-2024T23:24:24 - [TEST_STEP][PASSED] - iwpPages.TestHarnessPage.setDataMethod(row, dataFile): iwpPages.TestHarnessPage.setDataMethod is PASSED

26-08-2024T23:24:24 - [MESSAGE][PASSED] - Object 'Object Repository/IWP30/Page_QATestHarness/RemittanceID' is present

26-08-2024T23:24:25 - [MESSAGE][PASSED] - Text '638' is set on object 'Object Repository/IWP30/Page_QATestHarness/ApplicationID'

26-08-2024T23:24:26 - [MESSAGE][PASSED] - Text '2.5' is set on object 'Object Repository/IWP30/Page_QATestHarness/MessageVersion'

26-08-2024T23:24:27 - [MESSAGE][PASSED] - Text 'Z8FZDYQuJQ3J' is set on object 'Object Repository/IWP30/Page_QATestHarness/RemittanceID'

26-08-2024T23:24:30 - [MESSAGE][PASSED] - Object: 'Object Repository/IWP30/Page_QATestHarness/SubmitButton' is clicked on

26-08-2024T23:24:30 - [MESSAGE][PASSED] - iwpPages.TestHarnessPage.setDataMethod is PASSED

26-08-2024T23:24:30 - [TEST_STEP][PASSED] - click(findTestObject("Object Repository/IWP30/Page_SelectPaymentMethod/PayByCorporateCheck")): Object: 'Object Repository/IWP30/Page_SelectPaymentMethod/PayByCorporateCheck' is clicked on

26-08-2024T23:24:31 - [MESSAGE][PASSED] - Object: 'Object Repository/IWP30/Page_SelectPaymentMethod/PayByCorporateCheck' is clicked on

26-08-2024T23:24:31 - [TEST_STEP][PASSED] - click(findTestObject("Object Repository/IWP30/Page_SelectPaymentMethod/MakePaymentButton")): Object: 'Object Repository/IWP30/Page_SelectPaymentMethod/MakePaymentButton' is clicked on

26-08-2024T23:24:33 - [MESSAGE][PASSED] - Object: 'Object Repository/IWP30/Page_SelectPaymentMethod/MakePaymentButton' is clicked on

26-08-2024T23:24:33 - [TEST_STEP][PASSED] - iwpPages.achCorporatePaymentEntryPage.setDataCorporate(row, dataFile): iwpPages.achCorporatePaymentEntryPage.setDataCorporate is PASSED

26-08-2024T23:24:34 - [MESSAGE][PASSED] - Object 'Object Repository/IWP30/Page_ACHCorporatePaymentEntry/txt_accountNumber' is present

26-08-2024T23:24:34 - [MESSAGE][PASSED] - Object 'Object Repository/IWP30/Page_ACHCorporatePaymentEntry/input_CompanyName' is present

26-08-2024T23:24:35 - [MESSAGE][PASSED] - Text 'My Company' is set on object 'Object Repository/IWP30/Page_ACHCorporatePaymentEntry/input_CompanyName'

26-08-2024T23:24:35 - [MESSAGE][PASSED] - Object 'Object Repository/IWP30/Page_ACHCorporatePaymentEntry/input_EIN' is present

26-08-2024T23:24:36 - [MESSAGE][PASSED] - Text '10.50' is set on object 'Object Repository/IWP30/Page_ACHCorporatePaymentEntry/txt_Amount'

26-08-2024T23:24:36 - [MESSAGE][PASSED] - Text 'udf data 3' is set on object 'Object Repository/IWP30/Page_ACHCorporatePaymentEntry/txt_UDF3'

26-08-2024T23:24:37 - [MESSAGE][PASSED] - All options with label 'Soccer' are selected in object 'Object Repository/IWP30/Page_ACHCorporatePaymentEntry/dd_UDF8' 

26-08-2024T23:24:37 - [MESSAGE][PASSED] - Object 'Object Repository/IWP30/Page_ACHCorporatePaymentEntry/txt_routingNumber' is present

26-08-2024T23:24:38 - [MESSAGE][PASSED] - Text '256072691' is set on object 'Object Repository/IWP30/Page_ACHCorporatePaymentEntry/txt_routingNumber'

26-08-2024T23:24:38 - [MESSAGE][PASSED] - Object 'Object Repository/IWP30/Page_ACHCorporatePaymentEntry/txt_accountNumber' is present

26-08-2024T23:24:39 - [MESSAGE][PASSED] - Text '12344444' is set on object 'Object Repository/IWP30/Page_ACHCorporatePaymentEntry/txt_accountNumber'

26-08-2024T23:24:40 - [MESSAGE][PASSED] - Object 'Object Repository/IWP30/Page_ACHCorporatePaymentEntry/txt_confirmAccountNumber' is present

26-08-2024T23:24:40 - [MESSAGE][PASSED] - Text '12344444' is set on object 'Object Repository/IWP30/Page_ACHCorporatePaymentEntry/txt_confirmAccountNumber'

26-08-2024T23:24:41 - [MESSAGE][PASSED] - Text '365 Main Avenue' is set on object 'Object Repository/IWP30/Page_ACHCorporatePaymentEntry/txt_AL1'

26-08-2024T23:24:42 - [MESSAGE][PASSED] - Text '22201' is set on object 'Object Repository/IWP30/Page_ACHCorporatePaymentEntry/txt_ZIP'

26-08-2024T23:24:42 - [MESSAGE][PASSED] - Object 'Object Repository/IWP30/Page_ACHCorporatePaymentEntry/txt_Email' is present

26-08-2024T23:24:43 - [MESSAGE][PASSED] - Text 'iahmed@govolution.com' is set on object 'Object Repository/IWP30/Page_ACHCorporatePaymentEntry/txt_Email'

26-08-2024T23:24:43 - [MESSAGE][PASSED] - Object 'Object Repository/IWP30/Page_ACHCorporatePaymentEntry/cb_TermsAndCond' is present

26-08-2024T23:24:43 - [MESSAGE][PASSED] - Object: 'Object Repository/IWP30/Page_ACHCorporatePaymentEntry/cb_TermsAndCond' is clicked on

26-08-2024T23:24:44 - [MESSAGE][PASSED] - Object 'Object Repository/IWP30/Page_ACHCorporatePaymentEntry/btn_Continue' is present

26-08-2024T23:24:45 - [MESSAGE][PASSED] - Object: 'Object Repository/IWP30/Page_ACHCorporatePaymentEntry/btn_Continue' is clicked on

26-08-2024T23:24:45 - [MESSAGE][PASSED] - iwpPages.achCorporatePaymentEntryPage.setDataCorporate is PASSED

26-08-2024T23:24:45 - [TEST_STEP][PASSED] - click(findTestObject("Object Repository/IWP30/Page_Confirmation/ConfirmButton")): Object: 'Object Repository/IWP30/Page_Confirmation/ConfirmButton' is clicked on

26-08-2024T23:24:47 - [MESSAGE][PASSED] - Object: 'Object Repository/IWP30/Page_Confirmation/ConfirmButton' is clicked on

26-08-2024T23:24:47 - [TEST_STEP][PASSED] - Thread.sleep(10000): null

26-08-2024T23:24:57 - [TEST_STEP][PASSED] - if (verifyTextPresent("Successful Payment Receipt", false)): null

26-08-2024T23:24:57 - [MESSAGE][PASSED] - Text 'Successful Payment Receipt' is present on page 

26-08-2024T23:24:57 - [TEST_STEP][PASSED] - println("Successful Payment Receipt text is present on the Receipt page"): null

26-08-2024T23:24:57 - [TEST_STEP][PASSED] - markPassed("Successful Payment Receipt text is present on the Receipt page"): Successful Payment Receipt text is present on the Receipt page

26-08-2024T23:24:57 - [MESSAGE][PASSED] - Successful Payment Receipt text is present on the Receipt page

26-08-2024T23:24:57 - [TEST_STEP][PASSED] - resText = "Pass": null

26-08-2024T23:24:57 - [TEST_STEP][PASSED] - pages.WriteExcel.demoKey(resText, datText, resColumn, datCloumn, fileLoc, nameSheet, row): pages.WriteExcel.demoKey is PASSED

26-08-2024T23:24:57 - [MESSAGE][PASSED] - pages.WriteExcel.demoKey is PASSED

26-08-2024T23:24:57 - [TEST_STEP][PASSED] - closeBrowser(): Browser is closed

26-08-2024T23:24:58 - [MESSAGE][PASSED] - Browser is closed]]></system-out>
         <system-err><![CDATA[]]></system-err>
      </testcase>
      <testcase name="Test Cases/IntegratedWeb/IWP25/Payments/PayNowCorpSCF" time="178.634" classname="Test Cases/IntegratedWeb/IWP25/Payments/PayNowCorpSCF" status="PASSED">
         <system-out><![CDATA[26-08-2024T23:24:58 - [TEST_CASE][PASSED] - Test Cases/IntegratedWeb/IWP25/Payments/PayNowCorpSCF: Test Cases/IntegratedWeb/IWP25/Payments/PayNowCorpSCF

26-08-2024T23:24:58 - [TEST_STEP][PASSED] - resText = "Fail": null

26-08-2024T23:24:58 - [TEST_STEP][PASSED] - resColumn = "Result": null

26-08-2024T23:24:58 - [TEST_STEP][PASSED] - datCloumn = "Date": null

26-08-2024T23:24:58 - [TEST_STEP][PASSED] - fileLoc = "KatalonData/IWPTestData/VRelay25Payments.xlsx": null

26-08-2024T23:24:58 - [TEST_STEP][PASSED] - numOfRows = <not implemented yet for class: org.codehaus.groovy.ast.expr.EmptyExpression>: null

26-08-2024T23:24:58 - [TEST_STEP][PASSED] - dataFile = <not implemented yet for class: org.codehaus.groovy.ast.expr.EmptyExpression>: null

26-08-2024T23:24:58 - [TEST_STEP][PASSED] - nameSheet = <not implemented yet for class: org.codehaus.groovy.ast.expr.EmptyExpression>: null

26-08-2024T23:24:58 - [TEST_STEP][PASSED] - dataFileEmulator = <not implemented yet for class: org.codehaus.groovy.ast.expr.EmptyExpression>: null

26-08-2024T23:24:58 - [TEST_STEP][PASSED] - isRequiredTextPresent = false: null

26-08-2024T23:24:58 - [TEST_STEP][PASSED] - nameSheet = "PayNowCorpSCF": null

26-08-2024T23:24:58 - [TEST_STEP][PASSED] - dataFile = "IWPTestData/IWP25PayNowCorpSCF": null

26-08-2024T23:24:58 - [TEST_STEP][PASSED] - dataFileEmulator = "IWPTestData/EmulatorData": null

26-08-2024T23:24:58 - [TEST_STEP][PASSED] - numOfRows = findTestData(dataFile).getRowNumbers(): null

26-08-2024T23:24:58 - [TEST_STEP][PASSED] - println("Number of Records: " + numOfRows): null

26-08-2024T23:24:58 - [TEST_STEP][PASSED] - for ([row = 1, row <= numOfRows, (row++)]): Browser is closed

26-08-2024T23:24:58 - [TEST_STEP][PASSED] - ExecuteTC = findTestData(dataFile).getValue("Execute", row): null

26-08-2024T23:24:58 - [TEST_STEP][PASSED] - out.println("Value of Execute is : " + ExecuteTC): null

26-08-2024T23:24:58 - [TEST_STEP][PASSED] - if (ExecuteTC.equalsIgnoreCase("Y")): null

26-08-2024T23:24:58 - [TEST_STEP][PASSED] - out.println("Begin Record Number: " + row): null

26-08-2024T23:24:58 - [TEST_STEP][PASSED] - today = new java.util.Date(): null

26-08-2024T23:24:58 - [TEST_STEP][PASSED] - println(today): null

26-08-2024T23:24:58 - [TEST_STEP][PASSED] - datText = today: null

26-08-2024T23:24:58 - [TEST_STEP][PASSED] - EmulatorDataKey = findTestData(dataFile).getValue("EmulatorData", row): null

26-08-2024T23:24:58 - [TEST_STEP][PASSED] - out.println("Value of Emulator Key is : " + EmulatorDataKey): null

26-08-2024T23:24:58 - [TEST_STEP][PASSED] - iwpPages.emulatorIWP30.setDataEmulator_DD(EmulatorDataKey): iwpPages.emulatorIWP30.setDataEmulator_DD is PASSED

26-08-2024T23:24:59 - [MESSAGE][INFO] - Starting 'Edge Chromium' driver

26-08-2024T23:24:59 - [MESSAGE][INFO] - User set preference: ['acceptInsecureCerts', 'true']

26-08-2024T23:25:01 - [MESSAGE][INFO] - Action delay is set to 0 milliseconds

26-08-2024T23:25:04 - [MESSAGE][PASSED] - Browser is opened with url: 'https://qa2.velocitypayment.com/agency/config.do?action=editor&message_version=2_5'

26-08-2024T23:25:04 - [MESSAGE][PASSED] - Current window maximized

26-08-2024T23:25:05 - [MESSAGE][PASSED] - All options with value '2.5' are selected in object 'Object Repository/IWP30/Page_VRelay30Emulator/MV'  using regular expression

26-08-2024T23:25:06 - [MESSAGE][PASSED] - Text '10.50' is set on object 'Object Repository/IWP30/Page_VRelay30Emulator/Amount'

26-08-2024T23:25:07 - [MESSAGE][PASSED] - Text '26413414' is set on object 'Object Repository/IWP30/Page_VRelay30Emulator/CAN'

26-08-2024T23:25:07 - [MESSAGE][PASSED] - Text 'PayNow' is set on object 'Object Repository/IWP30/Page_VRelay30Emulator/Action'

26-08-2024T23:25:08 - [MESSAGE][PASSED] - Text 'en_US' is set on object 'Object Repository/IWP30/Page_VRelay30Emulator/Lang'

26-08-2024T23:25:09 - [MESSAGE][PASSED] - Text '' is set on object 'Object Repository/IWP30/Page_VRelay30Emulator/Fname'

26-08-2024T23:25:09 - [MESSAGE][PASSED] - Text '' is set on object 'Object Repository/IWP30/Page_VRelay30Emulator/Lname'

26-08-2024T23:25:10 - [MESSAGE][PASSED] - Text '' is set on object 'Object Repository/IWP30/Page_VRelay30Emulator/AL1'

26-08-2024T23:25:10 - [MESSAGE][PASSED] - Text '' is set on object 'Object Repository/IWP30/Page_VRelay30Emulator/AL2'

26-08-2024T23:25:11 - [MESSAGE][PASSED] - Text '' is set on object 'Object Repository/IWP30/Page_VRelay30Emulator/Country'

26-08-2024T23:25:11 - [MESSAGE][PASSED] - Text '' is set on object 'Object Repository/IWP30/Page_VRelay30Emulator/City'

26-08-2024T23:25:12 - [MESSAGE][PASSED] - Text '' is set on object 'Object Repository/IWP30/Page_VRelay30Emulator/State'

26-08-2024T23:25:13 - [MESSAGE][PASSED] - Text '' is set on object 'Object Repository/IWP30/Page_VRelay30Emulator/ZIP'

26-08-2024T23:25:13 - [MESSAGE][PASSED] - Text '' is set on object 'Object Repository/IWP30/Page_VRelay30Emulator/Order'

26-08-2024T23:25:14 - [MESSAGE][PASSED] - Text '' is set on object 'Object Repository/IWP30/Page_VRelay30Emulator/Company'

26-08-2024T23:25:14 - [MESSAGE][PASSED] - Text '' is set on object 'Object Repository/IWP30/Page_VRelay30Emulator/Email'

26-08-2024T23:25:15 - [MESSAGE][PASSED] - Text '' is set on object 'Object Repository/IWP30/Page_VRelay30Emulator/UDF1'

26-08-2024T23:25:16 - [MESSAGE][PASSED] - Text '' is set on object 'Object Repository/IWP30/Page_VRelay30Emulator/UDF2'

26-08-2024T23:25:16 - [MESSAGE][PASSED] - Text '' is set on object 'Object Repository/IWP30/Page_VRelay30Emulator/UDF3'

26-08-2024T23:25:17 - [MESSAGE][PASSED] - Text 'udf data 4' is set on object 'Object Repository/IWP30/Page_VRelay30Emulator/UDF4'

26-08-2024T23:25:17 - [MESSAGE][PASSED] - Text 'udf data 5' is set on object 'Object Repository/IWP30/Page_VRelay30Emulator/UDF5'

26-08-2024T23:25:18 - [MESSAGE][PASSED] - Text '' is set on object 'Object Repository/IWP30/Page_VRelay30Emulator/UDF6'

26-08-2024T23:25:19 - [MESSAGE][PASSED] - Text '' is set on object 'Object Repository/IWP30/Page_VRelay30Emulator/UDF7'

26-08-2024T23:25:19 - [MESSAGE][PASSED] - Text '' is set on object 'Object Repository/IWP30/Page_VRelay30Emulator/UDF8'

26-08-2024T23:25:20 - [MESSAGE][PASSED] - Text 'udf data 9' is set on object 'Object Repository/IWP30/Page_VRelay30Emulator/UDF9'

26-08-2024T23:25:20 - [MESSAGE][PASSED] - Text 'udf data 10' is set on object 'Object Repository/IWP30/Page_VRelay30Emulator/UDF10'

26-08-2024T23:25:21 - [MESSAGE][PASSED] - Object: 'Object Repository/IWP30/Page_VRelay30Emulator/Submit' is clicked on

26-08-2024T23:25:25 - [MESSAGE][PASSED] - Browser is closed

26-08-2024T23:25:29 - [MESSAGE][PASSED] - iwpPages.emulatorIWP30.setDataEmulator_DD is PASSED

26-08-2024T23:25:29 - [TEST_STEP][PASSED] - testHarnessURL = urlTestHarness: null

26-08-2024T23:25:29 - [TEST_STEP][PASSED] - openBrowser(testHarnessURL): Browser is opened with url: 'https://dev-algorithm.govolution.com/vrelaytest/QA2/version_2_2/vrelaytest.html'

26-08-2024T23:25:29 - [MESSAGE][INFO] - Starting 'Edge Chromium' driver

26-08-2024T23:25:29 - [MESSAGE][INFO] - User set preference: ['acceptInsecureCerts', 'true']

26-08-2024T23:25:32 - [MESSAGE][INFO] - Action delay is set to 0 milliseconds

26-08-2024T23:25:35 - [MESSAGE][PASSED] - Browser is opened with url: 'https://dev-algorithm.govolution.com/vrelaytest/QA2/version_2_2/vrelaytest.html'

26-08-2024T23:25:35 - [TEST_STEP][PASSED] - maximizeWindow(): Current window maximized

26-08-2024T23:25:35 - [MESSAGE][PASSED] - Current window maximized

26-08-2024T23:25:35 - [TEST_STEP][PASSED] - iwpPages.TestHarnessPage.setDataMethod(row, dataFile): iwpPages.TestHarnessPage.setDataMethod is PASSED

26-08-2024T23:25:35 - [MESSAGE][PASSED] - Object 'Object Repository/IWP30/Page_QATestHarness/RemittanceID' is present

26-08-2024T23:25:36 - [MESSAGE][PASSED] - Text '639' is set on object 'Object Repository/IWP30/Page_QATestHarness/ApplicationID'

26-08-2024T23:25:37 - [MESSAGE][PASSED] - Text '2.5' is set on object 'Object Repository/IWP30/Page_QATestHarness/MessageVersion'

26-08-2024T23:25:37 - [MESSAGE][PASSED] - Text 'Re3ILo3ndEjW' is set on object 'Object Repository/IWP30/Page_QATestHarness/RemittanceID'

26-08-2024T23:25:41 - [MESSAGE][PASSED] - Object: 'Object Repository/IWP30/Page_QATestHarness/SubmitButton' is clicked on

26-08-2024T23:25:41 - [MESSAGE][PASSED] - iwpPages.TestHarnessPage.setDataMethod is PASSED

26-08-2024T23:25:41 - [TEST_STEP][PASSED] - click(findTestObject("Object Repository/IWP30/Page_SelectPaymentMethod/PayByCorporateCheck")): Object: 'Object Repository/IWP30/Page_SelectPaymentMethod/PayByCorporateCheck' is clicked on

26-08-2024T23:25:41 - [MESSAGE][PASSED] - Object: 'Object Repository/IWP30/Page_SelectPaymentMethod/PayByCorporateCheck' is clicked on

26-08-2024T23:25:41 - [TEST_STEP][PASSED] - click(findTestObject("Object Repository/IWP30/Page_SelectPaymentMethod/MakePaymentButton")): Object: 'Object Repository/IWP30/Page_SelectPaymentMethod/MakePaymentButton' is clicked on

26-08-2024T23:25:44 - [MESSAGE][PASSED] - Object: 'Object Repository/IWP30/Page_SelectPaymentMethod/MakePaymentButton' is clicked on

26-08-2024T23:25:44 - [TEST_STEP][PASSED] - iwpPages.achCorporatePaymentEntryPage.setDataCorporate(row, dataFile): iwpPages.achCorporatePaymentEntryPage.setDataCorporate is PASSED

26-08-2024T23:25:45 - [MESSAGE][PASSED] - Object 'Object Repository/IWP30/Page_ACHCorporatePaymentEntry/txt_accountNumber' is present

26-08-2024T23:25:45 - [MESSAGE][PASSED] - Object 'Object Repository/IWP30/Page_ACHCorporatePaymentEntry/input_CompanyName' is present

26-08-2024T23:25:45 - [MESSAGE][PASSED] - Text 'My Company' is set on object 'Object Repository/IWP30/Page_ACHCorporatePaymentEntry/input_CompanyName'

26-08-2024T23:25:46 - [MESSAGE][PASSED] - Object 'Object Repository/IWP30/Page_ACHCorporatePaymentEntry/input_EIN' is present

26-08-2024T23:25:46 - [MESSAGE][PASSED] - Text '123456789' is set on object 'Object Repository/IWP30/Page_ACHCorporatePaymentEntry/input_EIN'

26-08-2024T23:25:47 - [MESSAGE][PASSED] - Text '10.50' is set on object 'Object Repository/IWP30/Page_ACHCorporatePaymentEntry/txt_Amount'

26-08-2024T23:25:48 - [MESSAGE][PASSED] - Text 'udf data 2' is set on object 'Object Repository/IWP30/Page_ACHCorporatePaymentEntry/txt_UDF2'

26-08-2024T23:25:48 - [MESSAGE][PASSED] - Text 'udf data 3' is set on object 'Object Repository/IWP30/Page_ACHCorporatePaymentEntry/txt_UDF3'

26-08-2024T23:25:49 - [MESSAGE][PASSED] - All options with label 'Orange' are selected in object 'Object Repository/IWP30/Page_ACHCorporatePaymentEntry/dd_UDF7' 

26-08-2024T23:25:49 - [MESSAGE][PASSED] - All options with label 'Soccer' are selected in object 'Object Repository/IWP30/Page_ACHCorporatePaymentEntry/dd_UDF8' 

26-08-2024T23:25:50 - [MESSAGE][PASSED] - Object 'Object Repository/IWP30/Page_ACHCorporatePaymentEntry/txt_routingNumber' is present

26-08-2024T23:25:50 - [MESSAGE][PASSED] - Text '256072691' is set on object 'Object Repository/IWP30/Page_ACHCorporatePaymentEntry/txt_routingNumber'

26-08-2024T23:25:50 - [MESSAGE][PASSED] - Object 'Object Repository/IWP30/Page_ACHCorporatePaymentEntry/txt_accountNumber' is present

26-08-2024T23:25:52 - [MESSAGE][PASSED] - Text '12344444' is set on object 'Object Repository/IWP30/Page_ACHCorporatePaymentEntry/txt_accountNumber'

26-08-2024T23:25:52 - [MESSAGE][PASSED] - Object 'Object Repository/IWP30/Page_ACHCorporatePaymentEntry/txt_confirmAccountNumber' is present

26-08-2024T23:25:53 - [MESSAGE][PASSED] - Text '12344444' is set on object 'Object Repository/IWP30/Page_ACHCorporatePaymentEntry/txt_confirmAccountNumber'

26-08-2024T23:25:53 - [MESSAGE][PASSED] - Text '365 Main Avenue' is set on object 'Object Repository/IWP30/Page_ACHCorporatePaymentEntry/txt_AL1'

26-08-2024T23:25:54 - [MESSAGE][PASSED] - Text '22201' is set on object 'Object Repository/IWP30/Page_ACHCorporatePaymentEntry/txt_ZIP'

26-08-2024T23:25:54 - [MESSAGE][PASSED] - Object 'Object Repository/IWP30/Page_ACHCorporatePaymentEntry/txt_Email' is present

26-08-2024T23:25:55 - [MESSAGE][PASSED] - Text 'iahmed@govolution.com' is set on object 'Object Repository/IWP30/Page_ACHCorporatePaymentEntry/txt_Email'

26-08-2024T23:25:56 - [MESSAGE][PASSED] - Object 'Object Repository/IWP30/Page_ACHCorporatePaymentEntry/cb_TermsAndCond' is present

26-08-2024T23:25:56 - [MESSAGE][PASSED] - Object: 'Object Repository/IWP30/Page_ACHCorporatePaymentEntry/cb_TermsAndCond' is clicked on

26-08-2024T23:25:56 - [MESSAGE][PASSED] - Object 'Object Repository/IWP30/Page_ACHCorporatePaymentEntry/btn_Continue' is present

26-08-2024T23:25:57 - [MESSAGE][PASSED] - Object: 'Object Repository/IWP30/Page_ACHCorporatePaymentEntry/btn_Continue' is clicked on

26-08-2024T23:25:57 - [MESSAGE][PASSED] - iwpPages.achCorporatePaymentEntryPage.setDataCorporate is PASSED

26-08-2024T23:25:57 - [TEST_STEP][PASSED] - click(findTestObject("Object Repository/IWP30/Page_Confirmation/ConfirmButton")): Object: 'Object Repository/IWP30/Page_Confirmation/ConfirmButton' is clicked on

26-08-2024T23:25:59 - [MESSAGE][PASSED] - Object: 'Object Repository/IWP30/Page_Confirmation/ConfirmButton' is clicked on

26-08-2024T23:25:59 - [TEST_STEP][PASSED] - Thread.sleep(5000): null

26-08-2024T23:26:04 - [TEST_STEP][PASSED] - if (verifyTextPresent("Make a Real Estate Payment", false)): null

26-08-2024T23:26:04 - [MESSAGE][PASSED] - Text 'Make a Real Estate Payment' is present on page 

26-08-2024T23:26:04 - [TEST_STEP][PASSED] - isRequiredTextPresent = true: null

26-08-2024T23:26:04 - [TEST_STEP][PASSED] - println(isRequiredTextPresent): null

26-08-2024T23:26:04 - [TEST_STEP][PASSED] - if (isRequiredTextPresent): null

26-08-2024T23:26:04 - [TEST_STEP][PASSED] - if (verifyTextPresent("This transaction is subject to a Convenience Fees of $2.00.", false)): null

26-08-2024T23:26:05 - [MESSAGE][PASSED] - Text 'This transaction is subject to a Convenience Fees of $2.00.' is present on page 

26-08-2024T23:26:05 - [TEST_STEP][PASSED] - isRequiredTextPresent = true: null

26-08-2024T23:26:05 - [TEST_STEP][PASSED] - println(isRequiredTextPresent): null

26-08-2024T23:26:05 - [TEST_STEP][PASSED] - if (isRequiredTextPresent): null

26-08-2024T23:26:05 - [TEST_STEP][PASSED] - if (verifyTextPresent("Payment Amount:  $10.50", false)): null

26-08-2024T23:26:05 - [MESSAGE][PASSED] - Text 'Payment Amount:  $10.50' is present on page 

26-08-2024T23:26:05 - [TEST_STEP][PASSED] - isRequiredTextPresent = true: null

26-08-2024T23:26:05 - [TEST_STEP][PASSED] - if (isRequiredTextPresent): null

26-08-2024T23:26:05 - [TEST_STEP][PASSED] - if (verifyTextPresent("Convenience Fees:  $2.00", false)): null

26-08-2024T23:26:05 - [MESSAGE][PASSED] - Text 'Convenience Fees:  $2.00' is present on page 

26-08-2024T23:26:05 - [TEST_STEP][PASSED] - isRequiredTextPresent = true: null

26-08-2024T23:26:05 - [TEST_STEP][PASSED] - if (isRequiredTextPresent): null

26-08-2024T23:26:05 - [TEST_STEP][PASSED] - if (verifyTextPresent("Total Amount:  $12.50", false)): null

26-08-2024T23:26:05 - [MESSAGE][PASSED] - Text 'Total Amount:  $12.50' is present on page 

26-08-2024T23:26:05 - [TEST_STEP][PASSED] - isRequiredTextPresent = true: null

26-08-2024T23:26:05 - [TEST_STEP][PASSED] - if (isRequiredTextPresent): null

26-08-2024T23:26:05 - [TEST_STEP][PASSED] - if (verifyTextPresent("One transaction in the amount of $12.50 will appear on your bank statement.", false)): null

26-08-2024T23:26:06 - [MESSAGE][PASSED] - Text 'One transaction in the amount of $12.50 will appear on your bank statement.' is present on page 

26-08-2024T23:26:06 - [TEST_STEP][PASSED] - isRequiredTextPresent = true: null

26-08-2024T23:26:06 - [TEST_STEP][PASSED] - Thread.sleep(10000): null

26-08-2024T23:26:16 - [TEST_STEP][PASSED] - click(findTestObject("Object Repository/IWP30/Page_ConvenienceFees/btn_convFeeNotifyAction")): Object: 'Object Repository/IWP30/Page_ConvenienceFees/btn_convFeeNotifyAction' is clicked on

26-08-2024T23:26:17 - [MESSAGE][PASSED] - Object: 'Object Repository/IWP30/Page_ConvenienceFees/btn_convFeeNotifyAction' is clicked on

26-08-2024T23:26:17 - [TEST_STEP][PASSED] - Thread.sleep(10000): null

26-08-2024T23:26:27 - [TEST_STEP][PASSED] - if (verifyTextPresent("Successful Payment Receipt", false)): null

26-08-2024T23:26:27 - [MESSAGE][PASSED] - Text 'Successful Payment Receipt' is present on page 

26-08-2024T23:26:27 - [TEST_STEP][PASSED] - println("Successful Payment Receipt text is present on the Receipt page"): null

26-08-2024T23:26:27 - [TEST_STEP][PASSED] - markPassed("Successful Payment Receipt text is present on the Receipt page"): Successful Payment Receipt text is present on the Receipt page

26-08-2024T23:26:27 - [MESSAGE][PASSED] - Successful Payment Receipt text is present on the Receipt page

26-08-2024T23:26:27 - [TEST_STEP][PASSED] - resText = "Pass": null

26-08-2024T23:26:27 - [TEST_STEP][PASSED] - pages.WriteExcel.demoKey(resText, datText, resColumn, datCloumn, fileLoc, nameSheet, row): pages.WriteExcel.demoKey is PASSED

26-08-2024T23:26:27 - [MESSAGE][PASSED] - pages.WriteExcel.demoKey is PASSED

26-08-2024T23:26:27 - [TEST_STEP][PASSED] - closeBrowser(): Browser is closed

26-08-2024T23:26:28 - [MESSAGE][PASSED] - Browser is closed

26-08-2024T23:26:28 - [TEST_STEP][PASSED] - ExecuteTC = findTestData(dataFile).getValue("Execute", row): null

26-08-2024T23:26:28 - [TEST_STEP][PASSED] - out.println("Value of Execute is : " + ExecuteTC): null

26-08-2024T23:26:28 - [TEST_STEP][PASSED] - if (ExecuteTC.equalsIgnoreCase("Y")): null

26-08-2024T23:26:28 - [TEST_STEP][PASSED] - out.println("Begin Record Number: " + row): null

26-08-2024T23:26:28 - [TEST_STEP][PASSED] - today = new java.util.Date(): null

26-08-2024T23:26:28 - [TEST_STEP][PASSED] - println(today): null

26-08-2024T23:26:28 - [TEST_STEP][PASSED] - datText = today: null

26-08-2024T23:26:28 - [TEST_STEP][PASSED] - EmulatorDataKey = findTestData(dataFile).getValue("EmulatorData", row): null

26-08-2024T23:26:28 - [TEST_STEP][PASSED] - out.println("Value of Emulator Key is : " + EmulatorDataKey): null

26-08-2024T23:26:28 - [TEST_STEP][PASSED] - iwpPages.emulatorIWP30.setDataEmulator_DD(EmulatorDataKey): iwpPages.emulatorIWP30.setDataEmulator_DD is PASSED

26-08-2024T23:26:28 - [MESSAGE][INFO] - Starting 'Edge Chromium' driver

26-08-2024T23:26:28 - [MESSAGE][INFO] - User set preference: ['acceptInsecureCerts', 'true']

26-08-2024T23:26:30 - [MESSAGE][INFO] - Action delay is set to 0 milliseconds

26-08-2024T23:26:34 - [MESSAGE][PASSED] - Browser is opened with url: 'https://qa2.velocitypayment.com/agency/config.do?action=editor&message_version=2_5'

26-08-2024T23:26:34 - [MESSAGE][PASSED] - Current window maximized

26-08-2024T23:26:35 - [MESSAGE][PASSED] - All options with value '2.5' are selected in object 'Object Repository/IWP30/Page_VRelay30Emulator/MV'  using regular expression

26-08-2024T23:26:35 - [MESSAGE][PASSED] - Text '10.50' is set on object 'Object Repository/IWP30/Page_VRelay30Emulator/Amount'

26-08-2024T23:26:36 - [MESSAGE][PASSED] - Text '26413255' is set on object 'Object Repository/IWP30/Page_VRelay30Emulator/CAN'

26-08-2024T23:26:37 - [MESSAGE][PASSED] - Text 'PayNow' is set on object 'Object Repository/IWP30/Page_VRelay30Emulator/Action'

26-08-2024T23:26:37 - [MESSAGE][PASSED] - Text 'en_US' is set on object 'Object Repository/IWP30/Page_VRelay30Emulator/Lang'

26-08-2024T23:26:38 - [MESSAGE][PASSED] - Text 'Jasmine' is set on object 'Object Repository/IWP30/Page_VRelay30Emulator/Fname'

26-08-2024T23:26:39 - [MESSAGE][PASSED] - Text 'Patrinol' is set on object 'Object Repository/IWP30/Page_VRelay30Emulator/Lname'

26-08-2024T23:26:39 - [MESSAGE][PASSED] - Text '258 Underwood rd' is set on object 'Object Repository/IWP30/Page_VRelay30Emulator/AL1'

26-08-2024T23:26:40 - [MESSAGE][PASSED] - Text 'Suite 600' is set on object 'Object Repository/IWP30/Page_VRelay30Emulator/AL2'

26-08-2024T23:26:40 - [MESSAGE][PASSED] - Text '840' is set on object 'Object Repository/IWP30/Page_VRelay30Emulator/Country'

26-08-2024T23:26:41 - [MESSAGE][PASSED] - Text 'Arlington' is set on object 'Object Repository/IWP30/Page_VRelay30Emulator/City'

26-08-2024T23:26:42 - [MESSAGE][PASSED] - Text 'VA' is set on object 'Object Repository/IWP30/Page_VRelay30Emulator/State'

26-08-2024T23:26:42 - [MESSAGE][PASSED] - Text '22201' is set on object 'Object Repository/IWP30/Page_VRelay30Emulator/ZIP'

26-08-2024T23:26:43 - [MESSAGE][PASSED] - Text '' is set on object 'Object Repository/IWP30/Page_VRelay30Emulator/Order'

26-08-2024T23:26:43 - [MESSAGE][PASSED] - Text 'Some Company' is set on object 'Object Repository/IWP30/Page_VRelay30Emulator/Company'

26-08-2024T23:26:44 - [MESSAGE][PASSED] - Text 'iahmed@govolution.com' is set on object 'Object Repository/IWP30/Page_VRelay30Emulator/Email'

26-08-2024T23:26:45 - [MESSAGE][PASSED] - Text 'udf data 1' is set on object 'Object Repository/IWP30/Page_VRelay30Emulator/UDF1'

26-08-2024T23:26:45 - [MESSAGE][PASSED] - Text 'udf data 2' is set on object 'Object Repository/IWP30/Page_VRelay30Emulator/UDF2'

26-08-2024T23:26:46 - [MESSAGE][PASSED] - Text 'udf data 3' is set on object 'Object Repository/IWP30/Page_VRelay30Emulator/UDF3'

26-08-2024T23:26:46 - [MESSAGE][PASSED] - Text 'udf data 4' is set on object 'Object Repository/IWP30/Page_VRelay30Emulator/UDF4'

26-08-2024T23:26:47 - [MESSAGE][PASSED] - Text 'udf data 5' is set on object 'Object Repository/IWP30/Page_VRelay30Emulator/UDF5'

26-08-2024T23:26:48 - [MESSAGE][PASSED] - Text 'udf data 6' is set on object 'Object Repository/IWP30/Page_VRelay30Emulator/UDF6'

26-08-2024T23:26:48 - [MESSAGE][PASSED] - Text 'Orange' is set on object 'Object Repository/IWP30/Page_VRelay30Emulator/UDF7'

26-08-2024T23:26:49 - [MESSAGE][PASSED] - Text 'Soccer' is set on object 'Object Repository/IWP30/Page_VRelay30Emulator/UDF8'

26-08-2024T23:26:49 - [MESSAGE][PASSED] - Text 'udf data 9' is set on object 'Object Repository/IWP30/Page_VRelay30Emulator/UDF9'

26-08-2024T23:26:50 - [MESSAGE][PASSED] - Text 'udf data 10' is set on object 'Object Repository/IWP30/Page_VRelay30Emulator/UDF10'

26-08-2024T23:26:51 - [MESSAGE][PASSED] - Object: 'Object Repository/IWP30/Page_VRelay30Emulator/Submit' is clicked on

26-08-2024T23:26:56 - [MESSAGE][PASSED] - Browser is closed

26-08-2024T23:27:00 - [MESSAGE][PASSED] - iwpPages.emulatorIWP30.setDataEmulator_DD is PASSED

26-08-2024T23:27:00 - [TEST_STEP][PASSED] - testHarnessURL = urlTestHarness: null

26-08-2024T23:27:00 - [TEST_STEP][PASSED] - openBrowser(testHarnessURL): Browser is opened with url: 'https://dev-algorithm.govolution.com/vrelaytest/QA2/version_2_2/vrelaytest.html'

26-08-2024T23:27:00 - [MESSAGE][INFO] - Starting 'Edge Chromium' driver

26-08-2024T23:27:00 - [MESSAGE][INFO] - User set preference: ['acceptInsecureCerts', 'true']

26-08-2024T23:27:02 - [MESSAGE][INFO] - Action delay is set to 0 milliseconds

26-08-2024T23:27:05 - [MESSAGE][PASSED] - Browser is opened with url: 'https://dev-algorithm.govolution.com/vrelaytest/QA2/version_2_2/vrelaytest.html'

26-08-2024T23:27:05 - [TEST_STEP][PASSED] - maximizeWindow(): Current window maximized

26-08-2024T23:27:06 - [MESSAGE][PASSED] - Current window maximized

26-08-2024T23:27:06 - [TEST_STEP][PASSED] - iwpPages.TestHarnessPage.setDataMethod(row, dataFile): iwpPages.TestHarnessPage.setDataMethod is PASSED

26-08-2024T23:27:06 - [MESSAGE][PASSED] - Object 'Object Repository/IWP30/Page_QATestHarness/RemittanceID' is present

26-08-2024T23:27:07 - [MESSAGE][PASSED] - Text '639' is set on object 'Object Repository/IWP30/Page_QATestHarness/ApplicationID'

26-08-2024T23:27:07 - [MESSAGE][PASSED] - Text '2.5' is set on object 'Object Repository/IWP30/Page_QATestHarness/MessageVersion'

26-08-2024T23:27:08 - [MESSAGE][PASSED] - Text 'dydBmgnXrIPV' is set on object 'Object Repository/IWP30/Page_QATestHarness/RemittanceID'

26-08-2024T23:27:13 - [MESSAGE][PASSED] - Object: 'Object Repository/IWP30/Page_QATestHarness/SubmitButton' is clicked on

26-08-2024T23:27:13 - [MESSAGE][PASSED] - iwpPages.TestHarnessPage.setDataMethod is PASSED

26-08-2024T23:27:13 - [TEST_STEP][PASSED] - click(findTestObject("Object Repository/IWP30/Page_SelectPaymentMethod/PayByCorporateCheck")): Object: 'Object Repository/IWP30/Page_SelectPaymentMethod/PayByCorporateCheck' is clicked on

26-08-2024T23:27:14 - [MESSAGE][PASSED] - Object: 'Object Repository/IWP30/Page_SelectPaymentMethod/PayByCorporateCheck' is clicked on

26-08-2024T23:27:14 - [TEST_STEP][PASSED] - click(findTestObject("Object Repository/IWP30/Page_SelectPaymentMethod/MakePaymentButton")): Object: 'Object Repository/IWP30/Page_SelectPaymentMethod/MakePaymentButton' is clicked on

26-08-2024T23:27:17 - [MESSAGE][PASSED] - Object: 'Object Repository/IWP30/Page_SelectPaymentMethod/MakePaymentButton' is clicked on

26-08-2024T23:27:17 - [TEST_STEP][PASSED] - iwpPages.achCorporatePaymentEntryPage.setDataCorporate(row, dataFile): iwpPages.achCorporatePaymentEntryPage.setDataCorporate is PASSED

26-08-2024T23:27:17 - [MESSAGE][PASSED] - Object 'Object Repository/IWP30/Page_ACHCorporatePaymentEntry/txt_accountNumber' is present

26-08-2024T23:27:18 - [MESSAGE][PASSED] - Object 'Object Repository/IWP30/Page_ACHCorporatePaymentEntry/input_CompanyName' is present

26-08-2024T23:27:18 - [MESSAGE][PASSED] - Object 'Object Repository/IWP30/Page_ACHCorporatePaymentEntry/input_EIN' is present

26-08-2024T23:27:18 - [MESSAGE][PASSED] - Text '123456789' is set on object 'Object Repository/IWP30/Page_ACHCorporatePaymentEntry/input_EIN'

26-08-2024T23:27:19 - [MESSAGE][PASSED] - All options with label 'Soccer' are selected in object 'Object Repository/IWP30/Page_ACHCorporatePaymentEntry/dd_UDF8' 

26-08-2024T23:27:19 - [MESSAGE][PASSED] - Object 'Object Repository/IWP30/Page_ACHCorporatePaymentEntry/txt_routingNumber' is present

26-08-2024T23:27:20 - [MESSAGE][PASSED] - Text '256072691' is set on object 'Object Repository/IWP30/Page_ACHCorporatePaymentEntry/txt_routingNumber'

26-08-2024T23:27:20 - [MESSAGE][PASSED] - Object 'Object Repository/IWP30/Page_ACHCorporatePaymentEntry/txt_accountNumber' is present

26-08-2024T23:27:21 - [MESSAGE][PASSED] - Text '12344444' is set on object 'Object Repository/IWP30/Page_ACHCorporatePaymentEntry/txt_accountNumber'

26-08-2024T23:27:21 - [MESSAGE][PASSED] - Object 'Object Repository/IWP30/Page_ACHCorporatePaymentEntry/txt_confirmAccountNumber' is present

26-08-2024T23:27:22 - [MESSAGE][PASSED] - Text '12344444' is set on object 'Object Repository/IWP30/Page_ACHCorporatePaymentEntry/txt_confirmAccountNumber'

26-08-2024T23:27:22 - [MESSAGE][PASSED] - Object 'Object Repository/IWP30/Page_ACHCorporatePaymentEntry/txt_Email' is present

26-08-2024T23:27:23 - [MESSAGE][PASSED] - Object 'Object Repository/IWP30/Page_ACHCorporatePaymentEntry/cb_TermsAndCond' is present

26-08-2024T23:27:23 - [MESSAGE][PASSED] - Object: 'Object Repository/IWP30/Page_ACHCorporatePaymentEntry/cb_TermsAndCond' is clicked on

26-08-2024T23:27:23 - [MESSAGE][PASSED] - Object 'Object Repository/IWP30/Page_ACHCorporatePaymentEntry/btn_Continue' is present

26-08-2024T23:27:25 - [MESSAGE][PASSED] - Object: 'Object Repository/IWP30/Page_ACHCorporatePaymentEntry/btn_Continue' is clicked on

26-08-2024T23:27:25 - [MESSAGE][PASSED] - iwpPages.achCorporatePaymentEntryPage.setDataCorporate is PASSED

26-08-2024T23:27:25 - [TEST_STEP][PASSED] - click(findTestObject("Object Repository/IWP30/Page_Confirmation/ConfirmButton")): Object: 'Object Repository/IWP30/Page_Confirmation/ConfirmButton' is clicked on

26-08-2024T23:27:27 - [MESSAGE][PASSED] - Object: 'Object Repository/IWP30/Page_Confirmation/ConfirmButton' is clicked on

26-08-2024T23:27:27 - [TEST_STEP][PASSED] - Thread.sleep(5000): null

26-08-2024T23:27:32 - [TEST_STEP][PASSED] - if (verifyTextPresent("Make a Real Estate Payment", false)): null

26-08-2024T23:27:32 - [MESSAGE][PASSED] - Text 'Make a Real Estate Payment' is present on page 

26-08-2024T23:27:32 - [TEST_STEP][PASSED] - isRequiredTextPresent = true: null

26-08-2024T23:27:32 - [TEST_STEP][PASSED] - println(isRequiredTextPresent): null

26-08-2024T23:27:32 - [TEST_STEP][PASSED] - if (isRequiredTextPresent): null

26-08-2024T23:27:32 - [TEST_STEP][PASSED] - if (verifyTextPresent("This transaction is subject to a Convenience Fees of $2.00.", false)): null

26-08-2024T23:27:32 - [MESSAGE][PASSED] - Text 'This transaction is subject to a Convenience Fees of $2.00.' is present on page 

26-08-2024T23:27:32 - [TEST_STEP][PASSED] - isRequiredTextPresent = true: null

26-08-2024T23:27:32 - [TEST_STEP][PASSED] - println(isRequiredTextPresent): null

26-08-2024T23:27:32 - [TEST_STEP][PASSED] - if (isRequiredTextPresent): null

26-08-2024T23:27:32 - [TEST_STEP][PASSED] - if (verifyTextPresent("Payment Amount:  $10.50", false)): null

26-08-2024T23:27:33 - [MESSAGE][PASSED] - Text 'Payment Amount:  $10.50' is present on page 

26-08-2024T23:27:33 - [TEST_STEP][PASSED] - isRequiredTextPresent = true: null

26-08-2024T23:27:33 - [TEST_STEP][PASSED] - if (isRequiredTextPresent): null

26-08-2024T23:27:33 - [TEST_STEP][PASSED] - if (verifyTextPresent("Convenience Fees:  $2.00", false)): null

26-08-2024T23:27:33 - [MESSAGE][PASSED] - Text 'Convenience Fees:  $2.00' is present on page 

26-08-2024T23:27:33 - [TEST_STEP][PASSED] - isRequiredTextPresent = true: null

26-08-2024T23:27:33 - [TEST_STEP][PASSED] - if (isRequiredTextPresent): null

26-08-2024T23:27:33 - [TEST_STEP][PASSED] - if (verifyTextPresent("Total Amount:  $12.50", false)): null

26-08-2024T23:27:33 - [MESSAGE][PASSED] - Text 'Total Amount:  $12.50' is present on page 

26-08-2024T23:27:33 - [TEST_STEP][PASSED] - isRequiredTextPresent = true: null

26-08-2024T23:27:33 - [TEST_STEP][PASSED] - if (isRequiredTextPresent): null

26-08-2024T23:27:33 - [TEST_STEP][PASSED] - if (verifyTextPresent("One transaction in the amount of $12.50 will appear on your bank statement.", false)): null

26-08-2024T23:27:33 - [MESSAGE][PASSED] - Text 'One transaction in the amount of $12.50 will appear on your bank statement.' is present on page 

26-08-2024T23:27:33 - [TEST_STEP][PASSED] - isRequiredTextPresent = true: null

26-08-2024T23:27:33 - [TEST_STEP][PASSED] - Thread.sleep(10000): null

26-08-2024T23:27:43 - [TEST_STEP][PASSED] - click(findTestObject("Object Repository/IWP30/Page_ConvenienceFees/btn_convFeeNotifyAction")): Object: 'Object Repository/IWP30/Page_ConvenienceFees/btn_convFeeNotifyAction' is clicked on

26-08-2024T23:27:46 - [MESSAGE][PASSED] - Object: 'Object Repository/IWP30/Page_ConvenienceFees/btn_convFeeNotifyAction' is clicked on

26-08-2024T23:27:46 - [TEST_STEP][PASSED] - Thread.sleep(10000): null

26-08-2024T23:27:56 - [TEST_STEP][PASSED] - if (verifyTextPresent("Successful Payment Receipt", false)): null

26-08-2024T23:27:56 - [MESSAGE][PASSED] - Text 'Successful Payment Receipt' is present on page 

26-08-2024T23:27:56 - [TEST_STEP][PASSED] - println("Successful Payment Receipt text is present on the Receipt page"): null

26-08-2024T23:27:56 - [TEST_STEP][PASSED] - markPassed("Successful Payment Receipt text is present on the Receipt page"): Successful Payment Receipt text is present on the Receipt page

26-08-2024T23:27:56 - [MESSAGE][PASSED] - Successful Payment Receipt text is present on the Receipt page

26-08-2024T23:27:56 - [TEST_STEP][PASSED] - resText = "Pass": null

26-08-2024T23:27:56 - [TEST_STEP][PASSED] - pages.WriteExcel.demoKey(resText, datText, resColumn, datCloumn, fileLoc, nameSheet, row): pages.WriteExcel.demoKey is PASSED

26-08-2024T23:27:56 - [MESSAGE][PASSED] - pages.WriteExcel.demoKey is PASSED

26-08-2024T23:27:56 - [TEST_STEP][PASSED] - closeBrowser(): Browser is closed

26-08-2024T23:27:56 - [MESSAGE][PASSED] - Browser is closed]]></system-out>
         <system-err><![CDATA[]]></system-err>
      </testcase>
      <testcase name="Test Cases/IntegratedWeb/IWP25/Payments/PayNowPersonalCheckDCF" time="181.642" classname="Test Cases/IntegratedWeb/IWP25/Payments/PayNowPersonalCheckDCF" status="PASSED">
         <system-out><![CDATA[26-08-2024T23:27:57 - [TEST_CASE][PASSED] - Test Cases/IntegratedWeb/IWP25/Payments/PayNowPersonalCheckDCF: Test Cases/IntegratedWeb/IWP25/Payments/PayNowPersonalCheckDCF

26-08-2024T23:27:57 - [TEST_STEP][PASSED] - resText = "Fail": null

26-08-2024T23:27:57 - [TEST_STEP][PASSED] - resColumn = "Result": null

26-08-2024T23:27:57 - [TEST_STEP][PASSED] - datCloumn = "Date": null

26-08-2024T23:27:57 - [TEST_STEP][PASSED] - fileLoc = "KatalonData/IWPTestData/VRelay25Payments.xlsx": null

26-08-2024T23:27:57 - [TEST_STEP][PASSED] - numOfRows = <not implemented yet for class: org.codehaus.groovy.ast.expr.EmptyExpression>: null

26-08-2024T23:27:57 - [TEST_STEP][PASSED] - dataFile = <not implemented yet for class: org.codehaus.groovy.ast.expr.EmptyExpression>: null

26-08-2024T23:27:57 - [TEST_STEP][PASSED] - nameSheet = <not implemented yet for class: org.codehaus.groovy.ast.expr.EmptyExpression>: null

26-08-2024T23:27:57 - [TEST_STEP][PASSED] - dataFileEmulator = <not implemented yet for class: org.codehaus.groovy.ast.expr.EmptyExpression>: null

26-08-2024T23:27:57 - [TEST_STEP][PASSED] - isRequiredTextPresent = false: null

26-08-2024T23:27:57 - [TEST_STEP][PASSED] - nameSheet = "PayNowPersonalCheckDCF": null

26-08-2024T23:27:57 - [TEST_STEP][PASSED] - dataFile = "IWPTestData/IWP25PayNowPersonalCheckDCF": null

26-08-2024T23:27:57 - [TEST_STEP][PASSED] - dataFileEmulator = "IWPTestData/EmulatorData": null

26-08-2024T23:27:57 - [TEST_STEP][PASSED] - numOfRows = findTestData(dataFile).getRowNumbers(): null

26-08-2024T23:27:57 - [TEST_STEP][PASSED] - println("Number of Records: " + numOfRows): null

26-08-2024T23:27:57 - [TEST_STEP][PASSED] - for ([row = 1, row <= numOfRows, (row++)]): Browser is closed

26-08-2024T23:27:57 - [TEST_STEP][PASSED] - ExecuteTC = findTestData(dataFile).getValue("Execute", row): null

26-08-2024T23:27:57 - [TEST_STEP][PASSED] - out.println("Value of Execute is : " + ExecuteTC): null

26-08-2024T23:27:57 - [TEST_STEP][PASSED] - if (ExecuteTC.equalsIgnoreCase("Y")): null

26-08-2024T23:27:57 - [TEST_STEP][PASSED] - out.println("Begin Record Number: " + row): null

26-08-2024T23:27:57 - [TEST_STEP][PASSED] - today = new java.util.Date(): null

26-08-2024T23:27:57 - [TEST_STEP][PASSED] - println(today): null

26-08-2024T23:27:57 - [TEST_STEP][PASSED] - datText = today: null

26-08-2024T23:27:57 - [TEST_STEP][PASSED] - EmulatorDataKey = findTestData(dataFile).getValue("EmulatorData", row): null

26-08-2024T23:27:57 - [TEST_STEP][PASSED] - out.println("Value of Emulator Key is : " + EmulatorDataKey): null

26-08-2024T23:27:57 - [TEST_STEP][PASSED] - iwpPages.emulatorIWP30.setDataEmulator_DD(EmulatorDataKey): iwpPages.emulatorIWP30.setDataEmulator_DD is PASSED

26-08-2024T23:27:57 - [MESSAGE][INFO] - Starting 'Edge Chromium' driver

26-08-2024T23:27:57 - [MESSAGE][INFO] - User set preference: ['acceptInsecureCerts', 'true']

26-08-2024T23:27:59 - [MESSAGE][INFO] - Action delay is set to 0 milliseconds

26-08-2024T23:28:03 - [MESSAGE][PASSED] - Browser is opened with url: 'https://qa2.velocitypayment.com/agency/config.do?action=editor&message_version=2_5'

26-08-2024T23:28:03 - [MESSAGE][PASSED] - Current window maximized

26-08-2024T23:28:04 - [MESSAGE][PASSED] - All options with value '2.5' are selected in object 'Object Repository/IWP30/Page_VRelay30Emulator/MV'  using regular expression

26-08-2024T23:28:05 - [MESSAGE][PASSED] - Text '10.50' is set on object 'Object Repository/IWP30/Page_VRelay30Emulator/Amount'

26-08-2024T23:28:05 - [MESSAGE][PASSED] - Text '26413414' is set on object 'Object Repository/IWP30/Page_VRelay30Emulator/CAN'

26-08-2024T23:28:06 - [MESSAGE][PASSED] - Text 'PayNow' is set on object 'Object Repository/IWP30/Page_VRelay30Emulator/Action'

26-08-2024T23:28:06 - [MESSAGE][PASSED] - Text 'en_US' is set on object 'Object Repository/IWP30/Page_VRelay30Emulator/Lang'

26-08-2024T23:28:07 - [MESSAGE][PASSED] - Text '' is set on object 'Object Repository/IWP30/Page_VRelay30Emulator/Fname'

26-08-2024T23:28:08 - [MESSAGE][PASSED] - Text '' is set on object 'Object Repository/IWP30/Page_VRelay30Emulator/Lname'

26-08-2024T23:28:08 - [MESSAGE][PASSED] - Text '' is set on object 'Object Repository/IWP30/Page_VRelay30Emulator/AL1'

26-08-2024T23:28:09 - [MESSAGE][PASSED] - Text '' is set on object 'Object Repository/IWP30/Page_VRelay30Emulator/AL2'

26-08-2024T23:28:09 - [MESSAGE][PASSED] - Text '' is set on object 'Object Repository/IWP30/Page_VRelay30Emulator/Country'

26-08-2024T23:28:10 - [MESSAGE][PASSED] - Text '' is set on object 'Object Repository/IWP30/Page_VRelay30Emulator/City'

26-08-2024T23:28:11 - [MESSAGE][PASSED] - Text '' is set on object 'Object Repository/IWP30/Page_VRelay30Emulator/State'

26-08-2024T23:28:11 - [MESSAGE][PASSED] - Text '' is set on object 'Object Repository/IWP30/Page_VRelay30Emulator/ZIP'

26-08-2024T23:28:12 - [MESSAGE][PASSED] - Text '' is set on object 'Object Repository/IWP30/Page_VRelay30Emulator/Order'

26-08-2024T23:28:12 - [MESSAGE][PASSED] - Text '' is set on object 'Object Repository/IWP30/Page_VRelay30Emulator/Company'

26-08-2024T23:28:13 - [MESSAGE][PASSED] - Text '' is set on object 'Object Repository/IWP30/Page_VRelay30Emulator/Email'

26-08-2024T23:28:14 - [MESSAGE][PASSED] - Text '' is set on object 'Object Repository/IWP30/Page_VRelay30Emulator/UDF1'

26-08-2024T23:28:14 - [MESSAGE][PASSED] - Text '' is set on object 'Object Repository/IWP30/Page_VRelay30Emulator/UDF2'

26-08-2024T23:28:15 - [MESSAGE][PASSED] - Text '' is set on object 'Object Repository/IWP30/Page_VRelay30Emulator/UDF3'

26-08-2024T23:28:15 - [MESSAGE][PASSED] - Text 'udf data 4' is set on object 'Object Repository/IWP30/Page_VRelay30Emulator/UDF4'

26-08-2024T23:28:16 - [MESSAGE][PASSED] - Text 'udf data 5' is set on object 'Object Repository/IWP30/Page_VRelay30Emulator/UDF5'

26-08-2024T23:28:17 - [MESSAGE][PASSED] - Text '' is set on object 'Object Repository/IWP30/Page_VRelay30Emulator/UDF6'

26-08-2024T23:28:17 - [MESSAGE][PASSED] - Text '' is set on object 'Object Repository/IWP30/Page_VRelay30Emulator/UDF7'

26-08-2024T23:28:18 - [MESSAGE][PASSED] - Text '' is set on object 'Object Repository/IWP30/Page_VRelay30Emulator/UDF8'

26-08-2024T23:28:18 - [MESSAGE][PASSED] - Text 'udf data 9' is set on object 'Object Repository/IWP30/Page_VRelay30Emulator/UDF9'

26-08-2024T23:28:19 - [MESSAGE][PASSED] - Text 'udf data 10' is set on object 'Object Repository/IWP30/Page_VRelay30Emulator/UDF10'

26-08-2024T23:28:20 - [MESSAGE][PASSED] - Object: 'Object Repository/IWP30/Page_VRelay30Emulator/Submit' is clicked on

26-08-2024T23:28:25 - [MESSAGE][PASSED] - Browser is closed

26-08-2024T23:28:29 - [MESSAGE][PASSED] - iwpPages.emulatorIWP30.setDataEmulator_DD is PASSED

26-08-2024T23:28:29 - [TEST_STEP][PASSED] - testHarnessURL = urlTestHarness: null

26-08-2024T23:28:29 - [TEST_STEP][PASSED] - openBrowser(testHarnessURL): Browser is opened with url: 'https://dev-algorithm.govolution.com/vrelaytest/QA2/version_2_2/vrelaytest.html'

26-08-2024T23:28:29 - [MESSAGE][INFO] - Starting 'Edge Chromium' driver

26-08-2024T23:28:29 - [MESSAGE][INFO] - User set preference: ['acceptInsecureCerts', 'true']

26-08-2024T23:28:31 - [MESSAGE][INFO] - Action delay is set to 0 milliseconds

26-08-2024T23:28:34 - [MESSAGE][PASSED] - Browser is opened with url: 'https://dev-algorithm.govolution.com/vrelaytest/QA2/version_2_2/vrelaytest.html'

26-08-2024T23:28:34 - [TEST_STEP][PASSED] - maximizeWindow(): Current window maximized

26-08-2024T23:28:34 - [MESSAGE][PASSED] - Current window maximized

26-08-2024T23:28:34 - [TEST_STEP][PASSED] - iwpPages.TestHarnessPage.setDataMethod(row, dataFile): iwpPages.TestHarnessPage.setDataMethod is PASSED

26-08-2024T23:28:35 - [MESSAGE][PASSED] - Object 'Object Repository/IWP30/Page_QATestHarness/RemittanceID' is present

26-08-2024T23:28:35 - [MESSAGE][PASSED] - Text '640' is set on object 'Object Repository/IWP30/Page_QATestHarness/ApplicationID'

26-08-2024T23:28:36 - [MESSAGE][PASSED] - Text '2.5' is set on object 'Object Repository/IWP30/Page_QATestHarness/MessageVersion'

26-08-2024T23:28:37 - [MESSAGE][PASSED] - Text 'bRV0yoVKrrpC' is set on object 'Object Repository/IWP30/Page_QATestHarness/RemittanceID'

26-08-2024T23:28:40 - [MESSAGE][PASSED] - Object: 'Object Repository/IWP30/Page_QATestHarness/SubmitButton' is clicked on

26-08-2024T23:28:40 - [MESSAGE][PASSED] - iwpPages.TestHarnessPage.setDataMethod is PASSED

26-08-2024T23:28:40 - [TEST_STEP][PASSED] - click(findTestObject("Object Repository/IWP30/Page_SelectPaymentMethod/PayByPersonalCheck")): Object: 'Object Repository/IWP30/Page_SelectPaymentMethod/PayByPersonalCheck' is clicked on

26-08-2024T23:28:40 - [MESSAGE][PASSED] - Object: 'Object Repository/IWP30/Page_SelectPaymentMethod/PayByPersonalCheck' is clicked on

26-08-2024T23:28:40 - [TEST_STEP][PASSED] - click(findTestObject("Object Repository/IWP30/Page_SelectPaymentMethod/MakePaymentButton")): Object: 'Object Repository/IWP30/Page_SelectPaymentMethod/MakePaymentButton' is clicked on

26-08-2024T23:28:43 - [MESSAGE][PASSED] - Object: 'Object Repository/IWP30/Page_SelectPaymentMethod/MakePaymentButton' is clicked on

26-08-2024T23:28:43 - [TEST_STEP][PASSED] - iwpPages.achPersonalPaymentEntryPage.setDataACHPPM(row, dataFile): iwpPages.achPersonalPaymentEntryPage.setDataACHPPM is PASSED

26-08-2024T23:28:44 - [MESSAGE][PASSED] - Object 'Object Repository/IWP30/Page_ACHPersonalPaymentEntry/txt_accountNumber' is present

26-08-2024T23:28:44 - [MESSAGE][PASSED] - Text '10.50' is set on object 'Object Repository/IWP30/Page_ACHPersonalPaymentEntry/txt_Amount'

26-08-2024T23:28:45 - [MESSAGE][PASSED] - Object 'Object Repository/IWP30/Page_ACHPersonalPaymentEntry/txt_UDF2' is present

26-08-2024T23:28:45 - [MESSAGE][PASSED] - Text 'udf data 2' is set on object 'Object Repository/IWP30/Page_ACHPersonalPaymentEntry/txt_UDF2'

26-08-2024T23:28:46 - [MESSAGE][PASSED] - Text 'udf data 3' is set on object 'Object Repository/IWP30/Page_ACHPersonalPaymentEntry/txt_UDF3'

26-08-2024T23:28:47 - [MESSAGE][PASSED] - All options with label 'Orange' are selected in object 'Object Repository/IWP30/Page_ACHPersonalPaymentEntry/dd_UDF7' 

26-08-2024T23:28:47 - [MESSAGE][PASSED] - All options with label 'Soccer' are selected in object 'Object Repository/IWP30/Page_ACHPersonalPaymentEntry/dd_UDF8' 

26-08-2024T23:28:47 - [MESSAGE][PASSED] - Object 'Object Repository/IWP30/Page_ACHPersonalPaymentEntry/txt_Firstname' is present

26-08-2024T23:28:48 - [MESSAGE][PASSED] - Text 'Elizath' is set on object 'Object Repository/IWP30/Page_ACHPersonalPaymentEntry/txt_Firstname'

26-08-2024T23:28:48 - [MESSAGE][PASSED] - Object 'Object Repository/IWP30/Page_ACHPersonalPaymentEntry/txt_Lastname' is present

26-08-2024T23:28:49 - [MESSAGE][PASSED] - Text 'Christine' is set on object 'Object Repository/IWP30/Page_ACHPersonalPaymentEntry/txt_Lastname'

26-08-2024T23:28:49 - [MESSAGE][PASSED] - Object 'Object Repository/IWP30/Page_ACHPersonalPaymentEntry/txt_routingNumber' is present

26-08-2024T23:28:50 - [MESSAGE][PASSED] - Text '256072691' is set on object 'Object Repository/IWP30/Page_ACHPersonalPaymentEntry/txt_routingNumber'

26-08-2024T23:28:50 - [MESSAGE][PASSED] - Object 'Object Repository/IWP30/Page_ACHPersonalPaymentEntry/txt_accountNumber' is present

26-08-2024T23:28:51 - [MESSAGE][PASSED] - Text '12344444' is set on object 'Object Repository/IWP30/Page_ACHPersonalPaymentEntry/txt_accountNumber'

26-08-2024T23:28:51 - [MESSAGE][PASSED] - Object 'Object Repository/IWP30/Page_ACHPersonalPaymentEntry/txt_confirmAccountNumber' is present

26-08-2024T23:28:52 - [MESSAGE][PASSED] - Text '12344444' is set on object 'Object Repository/IWP30/Page_ACHPersonalPaymentEntry/txt_confirmAccountNumber'

26-08-2024T23:28:52 - [MESSAGE][PASSED] - Object 'Object Repository/IWP30/Page_ACHPersonalPaymentEntry/rd_accountType' is present

26-08-2024T23:28:52 - [MESSAGE][PASSED] - Modify property of object successfully

26-08-2024T23:28:52 - [MESSAGE][PASSED] - Object: 'Object Repository/IWP30/Page_ACHPersonalPaymentEntry/rd_accountType' is clicked on

26-08-2024T23:28:53 - [MESSAGE][PASSED] - Text '365 Main Avenue' is set on object 'Object Repository/IWP30/Page_ACHPersonalPaymentEntry/txt_AL1'

26-08-2024T23:28:54 - [MESSAGE][PASSED] - Text '22201' is set on object 'Object Repository/IWP30/Page_ACHPersonalPaymentEntry/txt_ZIP'

26-08-2024T23:28:54 - [MESSAGE][PASSED] - Object 'Object Repository/IWP30/Page_ACHPersonalPaymentEntry/txt_Email' is present

26-08-2024T23:28:55 - [MESSAGE][PASSED] - Text 'iahmed@govolution.com' is set on object 'Object Repository/IWP30/Page_ACHPersonalPaymentEntry/txt_Email'

26-08-2024T23:28:55 - [MESSAGE][PASSED] - Object 'Object Repository/IWP30/Page_ACHPersonalPaymentEntry/cb_TermsAndCond' is present

26-08-2024T23:28:56 - [MESSAGE][PASSED] - Object: 'Object Repository/IWP30/Page_ACHPersonalPaymentEntry/cb_TermsAndCond' is clicked on

26-08-2024T23:28:56 - [MESSAGE][PASSED] - Object 'Object Repository/IWP30/Page_ACHPersonalPaymentEntry/btn_Continue' is present

26-08-2024T23:28:57 - [MESSAGE][PASSED] - Object: 'Object Repository/IWP30/Page_ACHPersonalPaymentEntry/btn_Continue' is clicked on

26-08-2024T23:28:57 - [MESSAGE][PASSED] - iwpPages.achPersonalPaymentEntryPage.setDataACHPPM is PASSED

26-08-2024T23:28:57 - [TEST_STEP][PASSED] - click(findTestObject("Object Repository/IWP30/Page_Confirmation/ConfirmButton")): Object: 'Object Repository/IWP30/Page_Confirmation/ConfirmButton' is clicked on

26-08-2024T23:28:59 - [MESSAGE][PASSED] - Object: 'Object Repository/IWP30/Page_Confirmation/ConfirmButton' is clicked on

26-08-2024T23:28:59 - [TEST_STEP][PASSED] - Thread.sleep(5000): null

26-08-2024T23:29:04 - [TEST_STEP][PASSED] - println("I am on real estate page"): null

26-08-2024T23:29:04 - [TEST_STEP][PASSED] - if (verifyTextPresent("Make a Real Estate Payment", false)): null

26-08-2024T23:29:04 - [MESSAGE][PASSED] - Text 'Make a Real Estate Payment' is present on page 

26-08-2024T23:29:04 - [TEST_STEP][PASSED] - isRequiredTextPresent = true: null

26-08-2024T23:29:04 - [TEST_STEP][PASSED] - println(isRequiredTextPresent): null

26-08-2024T23:29:04 - [TEST_STEP][PASSED] - if (isRequiredTextPresent): null

26-08-2024T23:29:04 - [TEST_STEP][PASSED] - if (verifyTextPresent("This transaction is subject to a Convenience Fees of $2.00.", false)): null

26-08-2024T23:29:04 - [MESSAGE][PASSED] - Text 'This transaction is subject to a Convenience Fees of $2.00.' is present on page 

26-08-2024T23:29:04 - [TEST_STEP][PASSED] - isRequiredTextPresent = true: null

26-08-2024T23:29:04 - [TEST_STEP][PASSED] - println(isRequiredTextPresent): null

26-08-2024T23:29:04 - [TEST_STEP][PASSED] - if (isRequiredTextPresent): null

26-08-2024T23:29:04 - [TEST_STEP][PASSED] - if (verifyTextPresent("Payment Amount:  $10.50", false)): null

26-08-2024T23:29:04 - [MESSAGE][PASSED] - Text 'Payment Amount:  $10.50' is present on page 

26-08-2024T23:29:04 - [TEST_STEP][PASSED] - isRequiredTextPresent = true: null

26-08-2024T23:29:04 - [TEST_STEP][PASSED] - if (isRequiredTextPresent): null

26-08-2024T23:29:04 - [TEST_STEP][PASSED] - if (verifyTextPresent("Convenience Fees:  $2.00", false)): null

26-08-2024T23:29:05 - [MESSAGE][PASSED] - Text 'Convenience Fees:  $2.00' is present on page 

26-08-2024T23:29:05 - [TEST_STEP][PASSED] - isRequiredTextPresent = true: null

26-08-2024T23:29:05 - [TEST_STEP][PASSED] - if (isRequiredTextPresent): null

26-08-2024T23:29:05 - [TEST_STEP][PASSED] - if (verifyTextPresent("Total Amount:  $12.50", false)): null

26-08-2024T23:29:05 - [MESSAGE][PASSED] - Text 'Total Amount:  $12.50' is present on page 

26-08-2024T23:29:05 - [TEST_STEP][PASSED] - isRequiredTextPresent = true: null

26-08-2024T23:29:05 - [TEST_STEP][PASSED] - if (isRequiredTextPresent): null

26-08-2024T23:29:05 - [TEST_STEP][PASSED] - if (verifyTextPresent("Two transactions will appear on your bank statement, one in the amount of $10.50 and one in the amount of $2.00.", false)): null

26-08-2024T23:29:05 - [MESSAGE][PASSED] - Text 'Two transactions will appear on your bank statement, one in the amount of $10.50 and one in the amount of $2.00.' is present on page 

26-08-2024T23:29:05 - [TEST_STEP][PASSED] - isRequiredTextPresent = true: null

26-08-2024T23:29:05 - [TEST_STEP][PASSED] - Thread.sleep(10000): null

26-08-2024T23:29:15 - [TEST_STEP][PASSED] - click(findTestObject("Object Repository/IWP30/Page_ConvenienceFees/btn_convFeeNotifyAction")): Object: 'Object Repository/IWP30/Page_ConvenienceFees/btn_convFeeNotifyAction' is clicked on

26-08-2024T23:29:17 - [MESSAGE][PASSED] - Object: 'Object Repository/IWP30/Page_ConvenienceFees/btn_convFeeNotifyAction' is clicked on

26-08-2024T23:29:17 - [TEST_STEP][PASSED] - Thread.sleep(10000): null

26-08-2024T23:29:27 - [TEST_STEP][PASSED] - if (verifyTextPresent("Successful Payment Receipt", false)): null

26-08-2024T23:29:27 - [MESSAGE][PASSED] - Text 'Successful Payment Receipt' is present on page 

26-08-2024T23:29:27 - [TEST_STEP][PASSED] - println("Successful Payment Receipt text is present on the Receipt page"): null

26-08-2024T23:29:27 - [TEST_STEP][PASSED] - markPassed("Successful Payment Receipt text is present on the Receipt page"): Successful Payment Receipt text is present on the Receipt page

26-08-2024T23:29:27 - [MESSAGE][PASSED] - Successful Payment Receipt text is present on the Receipt page

26-08-2024T23:29:27 - [TEST_STEP][PASSED] - resText = "Pass": null

26-08-2024T23:29:27 - [TEST_STEP][PASSED] - pages.WriteExcel.demoKey(resText, datText, resColumn, datCloumn, fileLoc, nameSheet, row): pages.WriteExcel.demoKey is PASSED

26-08-2024T23:29:28 - [MESSAGE][PASSED] - pages.WriteExcel.demoKey is PASSED

26-08-2024T23:29:28 - [TEST_STEP][PASSED] - closeBrowser(): Browser is closed

26-08-2024T23:29:28 - [MESSAGE][PASSED] - Browser is closed

26-08-2024T23:29:28 - [TEST_STEP][PASSED] - ExecuteTC = findTestData(dataFile).getValue("Execute", row): null

26-08-2024T23:29:28 - [TEST_STEP][PASSED] - out.println("Value of Execute is : " + ExecuteTC): null

26-08-2024T23:29:28 - [TEST_STEP][PASSED] - if (ExecuteTC.equalsIgnoreCase("Y")): null

26-08-2024T23:29:28 - [TEST_STEP][PASSED] - out.println("Begin Record Number: " + row): null

26-08-2024T23:29:28 - [TEST_STEP][PASSED] - today = new java.util.Date(): null

26-08-2024T23:29:28 - [TEST_STEP][PASSED] - println(today): null

26-08-2024T23:29:28 - [TEST_STEP][PASSED] - datText = today: null

26-08-2024T23:29:28 - [TEST_STEP][PASSED] - EmulatorDataKey = findTestData(dataFile).getValue("EmulatorData", row): null

26-08-2024T23:29:28 - [TEST_STEP][PASSED] - out.println("Value of Emulator Key is : " + EmulatorDataKey): null

26-08-2024T23:29:28 - [TEST_STEP][PASSED] - iwpPages.emulatorIWP30.setDataEmulator_DD(EmulatorDataKey): iwpPages.emulatorIWP30.setDataEmulator_DD is PASSED

26-08-2024T23:29:28 - [MESSAGE][INFO] - Starting 'Edge Chromium' driver

26-08-2024T23:29:28 - [MESSAGE][INFO] - User set preference: ['acceptInsecureCerts', 'true']

26-08-2024T23:29:30 - [MESSAGE][INFO] - Action delay is set to 0 milliseconds

26-08-2024T23:29:34 - [MESSAGE][PASSED] - Browser is opened with url: 'https://qa2.velocitypayment.com/agency/config.do?action=editor&message_version=2_5'

26-08-2024T23:29:34 - [MESSAGE][PASSED] - Current window maximized

26-08-2024T23:29:35 - [MESSAGE][PASSED] - All options with value '2.5' are selected in object 'Object Repository/IWP30/Page_VRelay30Emulator/MV'  using regular expression

26-08-2024T23:29:36 - [MESSAGE][PASSED] - Text '10.50' is set on object 'Object Repository/IWP30/Page_VRelay30Emulator/Amount'

26-08-2024T23:29:36 - [MESSAGE][PASSED] - Text '26413255' is set on object 'Object Repository/IWP30/Page_VRelay30Emulator/CAN'

26-08-2024T23:29:37 - [MESSAGE][PASSED] - Text 'PayNow' is set on object 'Object Repository/IWP30/Page_VRelay30Emulator/Action'

26-08-2024T23:29:38 - [MESSAGE][PASSED] - Text 'en_US' is set on object 'Object Repository/IWP30/Page_VRelay30Emulator/Lang'

26-08-2024T23:29:38 - [MESSAGE][PASSED] - Text 'Jasmine' is set on object 'Object Repository/IWP30/Page_VRelay30Emulator/Fname'

26-08-2024T23:29:39 - [MESSAGE][PASSED] - Text 'Patrinol' is set on object 'Object Repository/IWP30/Page_VRelay30Emulator/Lname'

26-08-2024T23:29:40 - [MESSAGE][PASSED] - Text '258 Underwood rd' is set on object 'Object Repository/IWP30/Page_VRelay30Emulator/AL1'

26-08-2024T23:29:40 - [MESSAGE][PASSED] - Text 'Suite 600' is set on object 'Object Repository/IWP30/Page_VRelay30Emulator/AL2'

26-08-2024T23:29:41 - [MESSAGE][PASSED] - Text '840' is set on object 'Object Repository/IWP30/Page_VRelay30Emulator/Country'

26-08-2024T23:29:41 - [MESSAGE][PASSED] - Text 'Arlington' is set on object 'Object Repository/IWP30/Page_VRelay30Emulator/City'

26-08-2024T23:29:42 - [MESSAGE][PASSED] - Text 'VA' is set on object 'Object Repository/IWP30/Page_VRelay30Emulator/State'

26-08-2024T23:29:43 - [MESSAGE][PASSED] - Text '22201' is set on object 'Object Repository/IWP30/Page_VRelay30Emulator/ZIP'

26-08-2024T23:29:43 - [MESSAGE][PASSED] - Text '' is set on object 'Object Repository/IWP30/Page_VRelay30Emulator/Order'

26-08-2024T23:29:44 - [MESSAGE][PASSED] - Text 'Some Company' is set on object 'Object Repository/IWP30/Page_VRelay30Emulator/Company'

26-08-2024T23:29:45 - [MESSAGE][PASSED] - Text 'iahmed@govolution.com' is set on object 'Object Repository/IWP30/Page_VRelay30Emulator/Email'

26-08-2024T23:29:45 - [MESSAGE][PASSED] - Text 'udf data 1' is set on object 'Object Repository/IWP30/Page_VRelay30Emulator/UDF1'

26-08-2024T23:29:46 - [MESSAGE][PASSED] - Text 'udf data 2' is set on object 'Object Repository/IWP30/Page_VRelay30Emulator/UDF2'

26-08-2024T23:29:46 - [MESSAGE][PASSED] - Text 'udf data 3' is set on object 'Object Repository/IWP30/Page_VRelay30Emulator/UDF3'

26-08-2024T23:29:47 - [MESSAGE][PASSED] - Text 'udf data 4' is set on object 'Object Repository/IWP30/Page_VRelay30Emulator/UDF4'

26-08-2024T23:29:48 - [MESSAGE][PASSED] - Text 'udf data 5' is set on object 'Object Repository/IWP30/Page_VRelay30Emulator/UDF5'

26-08-2024T23:29:48 - [MESSAGE][PASSED] - Text 'udf data 6' is set on object 'Object Repository/IWP30/Page_VRelay30Emulator/UDF6'

26-08-2024T23:29:49 - [MESSAGE][PASSED] - Text 'Orange' is set on object 'Object Repository/IWP30/Page_VRelay30Emulator/UDF7'

26-08-2024T23:29:49 - [MESSAGE][PASSED] - Text 'Soccer' is set on object 'Object Repository/IWP30/Page_VRelay30Emulator/UDF8'

26-08-2024T23:29:50 - [MESSAGE][PASSED] - Text 'udf data 9' is set on object 'Object Repository/IWP30/Page_VRelay30Emulator/UDF9'

26-08-2024T23:29:51 - [MESSAGE][PASSED] - Text 'udf data 10' is set on object 'Object Repository/IWP30/Page_VRelay30Emulator/UDF10'

26-08-2024T23:29:52 - [MESSAGE][PASSED] - Object: 'Object Repository/IWP30/Page_VRelay30Emulator/Submit' is clicked on

26-08-2024T23:29:56 - [MESSAGE][PASSED] - Browser is closed

26-08-2024T23:30:00 - [MESSAGE][PASSED] - iwpPages.emulatorIWP30.setDataEmulator_DD is PASSED

26-08-2024T23:30:00 - [TEST_STEP][PASSED] - testHarnessURL = urlTestHarness: null

26-08-2024T23:30:00 - [TEST_STEP][PASSED] - openBrowser(testHarnessURL): Browser is opened with url: 'https://dev-algorithm.govolution.com/vrelaytest/QA2/version_2_2/vrelaytest.html'

26-08-2024T23:30:00 - [MESSAGE][INFO] - Starting 'Edge Chromium' driver

26-08-2024T23:30:00 - [MESSAGE][INFO] - User set preference: ['acceptInsecureCerts', 'true']

26-08-2024T23:30:02 - [MESSAGE][INFO] - Action delay is set to 0 milliseconds

26-08-2024T23:30:06 - [MESSAGE][PASSED] - Browser is opened with url: 'https://dev-algorithm.govolution.com/vrelaytest/QA2/version_2_2/vrelaytest.html'

26-08-2024T23:30:06 - [TEST_STEP][PASSED] - maximizeWindow(): Current window maximized

26-08-2024T23:30:06 - [MESSAGE][PASSED] - Current window maximized

26-08-2024T23:30:06 - [TEST_STEP][PASSED] - iwpPages.TestHarnessPage.setDataMethod(row, dataFile): iwpPages.TestHarnessPage.setDataMethod is PASSED

26-08-2024T23:30:06 - [MESSAGE][PASSED] - Object 'Object Repository/IWP30/Page_QATestHarness/RemittanceID' is present

26-08-2024T23:30:07 - [MESSAGE][PASSED] - Text '640' is set on object 'Object Repository/IWP30/Page_QATestHarness/ApplicationID'

26-08-2024T23:30:08 - [MESSAGE][PASSED] - Text '2.5' is set on object 'Object Repository/IWP30/Page_QATestHarness/MessageVersion'

26-08-2024T23:30:08 - [MESSAGE][PASSED] - Text 'qdTVNng7BWJh' is set on object 'Object Repository/IWP30/Page_QATestHarness/RemittanceID'

26-08-2024T23:30:12 - [MESSAGE][PASSED] - Object: 'Object Repository/IWP30/Page_QATestHarness/SubmitButton' is clicked on

26-08-2024T23:30:12 - [MESSAGE][PASSED] - iwpPages.TestHarnessPage.setDataMethod is PASSED

26-08-2024T23:30:12 - [TEST_STEP][PASSED] - click(findTestObject("Object Repository/IWP30/Page_SelectPaymentMethod/PayByPersonalCheck")): Object: 'Object Repository/IWP30/Page_SelectPaymentMethod/PayByPersonalCheck' is clicked on

26-08-2024T23:30:13 - [MESSAGE][PASSED] - Object: 'Object Repository/IWP30/Page_SelectPaymentMethod/PayByPersonalCheck' is clicked on

26-08-2024T23:30:13 - [TEST_STEP][PASSED] - click(findTestObject("Object Repository/IWP30/Page_SelectPaymentMethod/MakePaymentButton")): Object: 'Object Repository/IWP30/Page_SelectPaymentMethod/MakePaymentButton' is clicked on

26-08-2024T23:30:16 - [MESSAGE][PASSED] - Object: 'Object Repository/IWP30/Page_SelectPaymentMethod/MakePaymentButton' is clicked on

26-08-2024T23:30:16 - [TEST_STEP][PASSED] - iwpPages.achPersonalPaymentEntryPage.setDataACHPPM(row, dataFile): iwpPages.achPersonalPaymentEntryPage.setDataACHPPM is PASSED

26-08-2024T23:30:17 - [MESSAGE][PASSED] - Object 'Object Repository/IWP30/Page_ACHPersonalPaymentEntry/txt_accountNumber' is present

26-08-2024T23:30:17 - [MESSAGE][PASSED] - Object 'Object Repository/IWP30/Page_ACHPersonalPaymentEntry/txt_UDF2' is present

26-08-2024T23:30:17 - [MESSAGE][PASSED] - All options with label 'Soccer' are selected in object 'Object Repository/IWP30/Page_ACHPersonalPaymentEntry/dd_UDF8' 

26-08-2024T23:30:18 - [MESSAGE][PASSED] - Object 'Object Repository/IWP30/Page_ACHPersonalPaymentEntry/txt_Firstname' is present

26-08-2024T23:30:18 - [MESSAGE][PASSED] - Text 'Elizath' is set on object 'Object Repository/IWP30/Page_ACHPersonalPaymentEntry/txt_Firstname'

26-08-2024T23:30:19 - [MESSAGE][PASSED] - Object 'Object Repository/IWP30/Page_ACHPersonalPaymentEntry/txt_Lastname' is present

26-08-2024T23:30:19 - [MESSAGE][PASSED] - Text 'Christine' is set on object 'Object Repository/IWP30/Page_ACHPersonalPaymentEntry/txt_Lastname'

26-08-2024T23:30:19 - [MESSAGE][PASSED] - Object 'Object Repository/IWP30/Page_ACHPersonalPaymentEntry/txt_routingNumber' is present

26-08-2024T23:30:20 - [MESSAGE][PASSED] - Text '256072691' is set on object 'Object Repository/IWP30/Page_ACHPersonalPaymentEntry/txt_routingNumber'

26-08-2024T23:30:20 - [MESSAGE][PASSED] - Object 'Object Repository/IWP30/Page_ACHPersonalPaymentEntry/txt_accountNumber' is present

26-08-2024T23:30:22 - [MESSAGE][PASSED] - Text '12344444' is set on object 'Object Repository/IWP30/Page_ACHPersonalPaymentEntry/txt_accountNumber'

26-08-2024T23:30:22 - [MESSAGE][PASSED] - Object 'Object Repository/IWP30/Page_ACHPersonalPaymentEntry/txt_confirmAccountNumber' is present

26-08-2024T23:30:23 - [MESSAGE][PASSED] - Text '12344444' is set on object 'Object Repository/IWP30/Page_ACHPersonalPaymentEntry/txt_confirmAccountNumber'

26-08-2024T23:30:23 - [MESSAGE][PASSED] - Object 'Object Repository/IWP30/Page_ACHPersonalPaymentEntry/rd_accountType' is present

26-08-2024T23:30:23 - [MESSAGE][PASSED] - Modify property of object successfully

26-08-2024T23:30:23 - [MESSAGE][PASSED] - Object: 'Object Repository/IWP30/Page_ACHPersonalPaymentEntry/rd_accountType' is clicked on

26-08-2024T23:30:24 - [MESSAGE][PASSED] - Object 'Object Repository/IWP30/Page_ACHPersonalPaymentEntry/txt_Email' is present

26-08-2024T23:30:24 - [MESSAGE][PASSED] - Object 'Object Repository/IWP30/Page_ACHPersonalPaymentEntry/cb_TermsAndCond' is present

26-08-2024T23:30:24 - [MESSAGE][PASSED] - Object: 'Object Repository/IWP30/Page_ACHPersonalPaymentEntry/cb_TermsAndCond' is clicked on

26-08-2024T23:30:24 - [MESSAGE][PASSED] - Object 'Object Repository/IWP30/Page_ACHPersonalPaymentEntry/btn_Continue' is present

26-08-2024T23:30:26 - [MESSAGE][PASSED] - Object: 'Object Repository/IWP30/Page_ACHPersonalPaymentEntry/btn_Continue' is clicked on

26-08-2024T23:30:26 - [MESSAGE][PASSED] - iwpPages.achPersonalPaymentEntryPage.setDataACHPPM is PASSED

26-08-2024T23:30:26 - [TEST_STEP][PASSED] - click(findTestObject("Object Repository/IWP30/Page_Confirmation/ConfirmButton")): Object: 'Object Repository/IWP30/Page_Confirmation/ConfirmButton' is clicked on

26-08-2024T23:30:29 - [MESSAGE][PASSED] - Object: 'Object Repository/IWP30/Page_Confirmation/ConfirmButton' is clicked on

26-08-2024T23:30:29 - [TEST_STEP][PASSED] - Thread.sleep(5000): null

26-08-2024T23:30:34 - [TEST_STEP][PASSED] - println("I am on real estate page"): null

26-08-2024T23:30:34 - [TEST_STEP][PASSED] - if (verifyTextPresent("Make a Real Estate Payment", false)): null

26-08-2024T23:30:34 - [MESSAGE][PASSED] - Text 'Make a Real Estate Payment' is present on page 

26-08-2024T23:30:34 - [TEST_STEP][PASSED] - isRequiredTextPresent = true: null

26-08-2024T23:30:34 - [TEST_STEP][PASSED] - println(isRequiredTextPresent): null

26-08-2024T23:30:34 - [TEST_STEP][PASSED] - if (isRequiredTextPresent): null

26-08-2024T23:30:34 - [TEST_STEP][PASSED] - if (verifyTextPresent("This transaction is subject to a Convenience Fees of $2.00.", false)): null

26-08-2024T23:30:34 - [MESSAGE][PASSED] - Text 'This transaction is subject to a Convenience Fees of $2.00.' is present on page 

26-08-2024T23:30:34 - [TEST_STEP][PASSED] - isRequiredTextPresent = true: null

26-08-2024T23:30:34 - [TEST_STEP][PASSED] - println(isRequiredTextPresent): null

26-08-2024T23:30:34 - [TEST_STEP][PASSED] - if (isRequiredTextPresent): null

26-08-2024T23:30:34 - [TEST_STEP][PASSED] - if (verifyTextPresent("Payment Amount:  $10.50", false)): null

26-08-2024T23:30:34 - [MESSAGE][PASSED] - Text 'Payment Amount:  $10.50' is present on page 

26-08-2024T23:30:34 - [TEST_STEP][PASSED] - isRequiredTextPresent = true: null

26-08-2024T23:30:34 - [TEST_STEP][PASSED] - if (isRequiredTextPresent): null

26-08-2024T23:30:34 - [TEST_STEP][PASSED] - if (verifyTextPresent("Convenience Fees:  $2.00", false)): null

26-08-2024T23:30:35 - [MESSAGE][PASSED] - Text 'Convenience Fees:  $2.00' is present on page 

26-08-2024T23:30:35 - [TEST_STEP][PASSED] - isRequiredTextPresent = true: null

26-08-2024T23:30:35 - [TEST_STEP][PASSED] - if (isRequiredTextPresent): null

26-08-2024T23:30:35 - [TEST_STEP][PASSED] - if (verifyTextPresent("Total Amount:  $12.50", false)): null

26-08-2024T23:30:35 - [MESSAGE][PASSED] - Text 'Total Amount:  $12.50' is present on page 

26-08-2024T23:30:35 - [TEST_STEP][PASSED] - isRequiredTextPresent = true: null

26-08-2024T23:30:35 - [TEST_STEP][PASSED] - if (isRequiredTextPresent): null

26-08-2024T23:30:35 - [TEST_STEP][PASSED] - if (verifyTextPresent("Two transactions will appear on your bank statement, one in the amount of $10.50 and one in the amount of $2.00.", false)): null

26-08-2024T23:30:35 - [MESSAGE][PASSED] - Text 'Two transactions will appear on your bank statement, one in the amount of $10.50 and one in the amount of $2.00.' is present on page 

26-08-2024T23:30:35 - [TEST_STEP][PASSED] - isRequiredTextPresent = true: null

26-08-2024T23:30:35 - [TEST_STEP][PASSED] - Thread.sleep(10000): null

26-08-2024T23:30:45 - [TEST_STEP][PASSED] - click(findTestObject("Object Repository/IWP30/Page_ConvenienceFees/btn_convFeeNotifyAction")): Object: 'Object Repository/IWP30/Page_ConvenienceFees/btn_convFeeNotifyAction' is clicked on

26-08-2024T23:30:47 - [MESSAGE][PASSED] - Object: 'Object Repository/IWP30/Page_ConvenienceFees/btn_convFeeNotifyAction' is clicked on

26-08-2024T23:30:47 - [TEST_STEP][PASSED] - Thread.sleep(10000): null

26-08-2024T23:30:57 - [TEST_STEP][PASSED] - if (verifyTextPresent("Successful Payment Receipt", false)): null

26-08-2024T23:30:58 - [MESSAGE][PASSED] - Text 'Successful Payment Receipt' is present on page 

26-08-2024T23:30:58 - [TEST_STEP][PASSED] - println("Successful Payment Receipt text is present on the Receipt page"): null

26-08-2024T23:30:58 - [TEST_STEP][PASSED] - markPassed("Successful Payment Receipt text is present on the Receipt page"): Successful Payment Receipt text is present on the Receipt page

26-08-2024T23:30:58 - [MESSAGE][PASSED] - Successful Payment Receipt text is present on the Receipt page

26-08-2024T23:30:58 - [TEST_STEP][PASSED] - resText = "Pass": null

26-08-2024T23:30:58 - [TEST_STEP][PASSED] - pages.WriteExcel.demoKey(resText, datText, resColumn, datCloumn, fileLoc, nameSheet, row): pages.WriteExcel.demoKey is PASSED

26-08-2024T23:30:58 - [MESSAGE][PASSED] - pages.WriteExcel.demoKey is PASSED

26-08-2024T23:30:58 - [TEST_STEP][PASSED] - closeBrowser(): Browser is closed

26-08-2024T23:30:58 - [MESSAGE][PASSED] - Browser is closed]]></system-out>
         <system-err><![CDATA[]]></system-err>
      </testcase>
      <testcase name="Test Cases/IntegratedWeb/IWP25/Payments/PayNowPersonalCheckSCF" time="181.655" classname="Test Cases/IntegratedWeb/IWP25/Payments/PayNowPersonalCheckSCF" status="PASSED">
         <system-out><![CDATA[26-08-2024T23:30:58 - [TEST_CASE][PASSED] - Test Cases/IntegratedWeb/IWP25/Payments/PayNowPersonalCheckSCF: Test Cases/IntegratedWeb/IWP25/Payments/PayNowPersonalCheckSCF

26-08-2024T23:30:58 - [TEST_STEP][PASSED] - resText = "Fail": null

26-08-2024T23:30:58 - [TEST_STEP][PASSED] - resColumn = "Result": null

26-08-2024T23:30:58 - [TEST_STEP][PASSED] - datCloumn = "Date": null

26-08-2024T23:30:58 - [TEST_STEP][PASSED] - fileLoc = "KatalonData/IWPTestData/VRelay25Payments.xlsx": null

26-08-2024T23:30:58 - [TEST_STEP][PASSED] - numOfRows = <not implemented yet for class: org.codehaus.groovy.ast.expr.EmptyExpression>: null

26-08-2024T23:30:58 - [TEST_STEP][PASSED] - dataFile = <not implemented yet for class: org.codehaus.groovy.ast.expr.EmptyExpression>: null

26-08-2024T23:30:58 - [TEST_STEP][PASSED] - nameSheet = <not implemented yet for class: org.codehaus.groovy.ast.expr.EmptyExpression>: null

26-08-2024T23:30:58 - [TEST_STEP][PASSED] - dataFileEmulator = <not implemented yet for class: org.codehaus.groovy.ast.expr.EmptyExpression>: null

26-08-2024T23:30:58 - [TEST_STEP][PASSED] - isRequiredTextPresent = false: null

26-08-2024T23:30:58 - [TEST_STEP][PASSED] - nameSheet = "PayNowPersonalCheckSCF": null

26-08-2024T23:30:58 - [TEST_STEP][PASSED] - dataFile = "IWPTestData/IWP25PayNowPersonalCheckSCF": null

26-08-2024T23:30:58 - [TEST_STEP][PASSED] - dataFileEmulator = "IWPTestData/EmulatorData": null

26-08-2024T23:30:58 - [TEST_STEP][PASSED] - numOfRows = findTestData(dataFile).getRowNumbers(): null

26-08-2024T23:30:59 - [TEST_STEP][PASSED] - println("Number of Records: " + numOfRows): null

26-08-2024T23:30:59 - [TEST_STEP][PASSED] - for ([row = 1, row <= numOfRows, (row++)]): Browser is closed

26-08-2024T23:30:59 - [TEST_STEP][PASSED] - ExecuteTC = findTestData(dataFile).getValue("Execute", row): null

26-08-2024T23:30:59 - [TEST_STEP][PASSED] - out.println("Value of Execute is : " + ExecuteTC): null

26-08-2024T23:30:59 - [TEST_STEP][PASSED] - if (ExecuteTC.equalsIgnoreCase("Y")): null

26-08-2024T23:30:59 - [TEST_STEP][PASSED] - out.println("Begin Record Number: " + row): null

26-08-2024T23:30:59 - [TEST_STEP][PASSED] - today = new java.util.Date(): null

26-08-2024T23:30:59 - [TEST_STEP][PASSED] - println(today): null

26-08-2024T23:30:59 - [TEST_STEP][PASSED] - datText = today: null

26-08-2024T23:30:59 - [TEST_STEP][PASSED] - EmulatorDataKey = findTestData(dataFile).getValue("EmulatorData", row): null

26-08-2024T23:30:59 - [TEST_STEP][PASSED] - out.println("Value of Emulator Key is : " + EmulatorDataKey): null

26-08-2024T23:30:59 - [TEST_STEP][PASSED] - iwpPages.emulatorIWP30.setDataEmulator_DD(EmulatorDataKey): iwpPages.emulatorIWP30.setDataEmulator_DD is PASSED

26-08-2024T23:30:59 - [MESSAGE][INFO] - Starting 'Edge Chromium' driver

26-08-2024T23:30:59 - [MESSAGE][INFO] - User set preference: ['acceptInsecureCerts', 'true']

26-08-2024T23:31:01 - [MESSAGE][INFO] - Action delay is set to 0 milliseconds

26-08-2024T23:31:04 - [MESSAGE][PASSED] - Browser is opened with url: 'https://qa2.velocitypayment.com/agency/config.do?action=editor&message_version=2_5'

26-08-2024T23:31:04 - [MESSAGE][PASSED] - Current window maximized

26-08-2024T23:31:05 - [MESSAGE][PASSED] - All options with value '2.5' are selected in object 'Object Repository/IWP30/Page_VRelay30Emulator/MV'  using regular expression

26-08-2024T23:31:06 - [MESSAGE][PASSED] - Text '10.50' is set on object 'Object Repository/IWP30/Page_VRelay30Emulator/Amount'

26-08-2024T23:31:07 - [MESSAGE][PASSED] - Text '26413414' is set on object 'Object Repository/IWP30/Page_VRelay30Emulator/CAN'

26-08-2024T23:31:07 - [MESSAGE][PASSED] - Text 'PayNow' is set on object 'Object Repository/IWP30/Page_VRelay30Emulator/Action'

26-08-2024T23:31:08 - [MESSAGE][PASSED] - Text 'en_US' is set on object 'Object Repository/IWP30/Page_VRelay30Emulator/Lang'

26-08-2024T23:31:08 - [MESSAGE][PASSED] - Text '' is set on object 'Object Repository/IWP30/Page_VRelay30Emulator/Fname'

26-08-2024T23:31:09 - [MESSAGE][PASSED] - Text '' is set on object 'Object Repository/IWP30/Page_VRelay30Emulator/Lname'

26-08-2024T23:31:10 - [MESSAGE][PASSED] - Text '' is set on object 'Object Repository/IWP30/Page_VRelay30Emulator/AL1'

26-08-2024T23:31:10 - [MESSAGE][PASSED] - Text '' is set on object 'Object Repository/IWP30/Page_VRelay30Emulator/AL2'

26-08-2024T23:31:11 - [MESSAGE][PASSED] - Text '' is set on object 'Object Repository/IWP30/Page_VRelay30Emulator/Country'

26-08-2024T23:31:11 - [MESSAGE][PASSED] - Text '' is set on object 'Object Repository/IWP30/Page_VRelay30Emulator/City'

26-08-2024T23:31:12 - [MESSAGE][PASSED] - Text '' is set on object 'Object Repository/IWP30/Page_VRelay30Emulator/State'

26-08-2024T23:31:13 - [MESSAGE][PASSED] - Text '' is set on object 'Object Repository/IWP30/Page_VRelay30Emulator/ZIP'

26-08-2024T23:31:13 - [MESSAGE][PASSED] - Text '' is set on object 'Object Repository/IWP30/Page_VRelay30Emulator/Order'

26-08-2024T23:31:14 - [MESSAGE][PASSED] - Text '' is set on object 'Object Repository/IWP30/Page_VRelay30Emulator/Company'

26-08-2024T23:31:14 - [MESSAGE][PASSED] - Text '' is set on object 'Object Repository/IWP30/Page_VRelay30Emulator/Email'

26-08-2024T23:31:15 - [MESSAGE][PASSED] - Text '' is set on object 'Object Repository/IWP30/Page_VRelay30Emulator/UDF1'

26-08-2024T23:31:16 - [MESSAGE][PASSED] - Text '' is set on object 'Object Repository/IWP30/Page_VRelay30Emulator/UDF2'

26-08-2024T23:31:16 - [MESSAGE][PASSED] - Text '' is set on object 'Object Repository/IWP30/Page_VRelay30Emulator/UDF3'

26-08-2024T23:31:17 - [MESSAGE][PASSED] - Text 'udf data 4' is set on object 'Object Repository/IWP30/Page_VRelay30Emulator/UDF4'

26-08-2024T23:31:17 - [MESSAGE][PASSED] - Text 'udf data 5' is set on object 'Object Repository/IWP30/Page_VRelay30Emulator/UDF5'

26-08-2024T23:31:18 - [MESSAGE][PASSED] - Text '' is set on object 'Object Repository/IWP30/Page_VRelay30Emulator/UDF6'

26-08-2024T23:31:19 - [MESSAGE][PASSED] - Text '' is set on object 'Object Repository/IWP30/Page_VRelay30Emulator/UDF7'

26-08-2024T23:31:19 - [MESSAGE][PASSED] - Text '' is set on object 'Object Repository/IWP30/Page_VRelay30Emulator/UDF8'

26-08-2024T23:31:20 - [MESSAGE][PASSED] - Text 'udf data 9' is set on object 'Object Repository/IWP30/Page_VRelay30Emulator/UDF9'

26-08-2024T23:31:20 - [MESSAGE][PASSED] - Text 'udf data 10' is set on object 'Object Repository/IWP30/Page_VRelay30Emulator/UDF10'

26-08-2024T23:31:22 - [MESSAGE][PASSED] - Object: 'Object Repository/IWP30/Page_VRelay30Emulator/Submit' is clicked on

26-08-2024T23:31:26 - [MESSAGE][PASSED] - Browser is closed

26-08-2024T23:31:30 - [MESSAGE][PASSED] - iwpPages.emulatorIWP30.setDataEmulator_DD is PASSED

26-08-2024T23:31:30 - [TEST_STEP][PASSED] - testHarnessURL = urlTestHarness: null

26-08-2024T23:31:30 - [TEST_STEP][PASSED] - openBrowser(testHarnessURL): Browser is opened with url: 'https://dev-algorithm.govolution.com/vrelaytest/QA2/version_2_2/vrelaytest.html'

26-08-2024T23:31:30 - [MESSAGE][INFO] - Starting 'Edge Chromium' driver

26-08-2024T23:31:30 - [MESSAGE][INFO] - User set preference: ['acceptInsecureCerts', 'true']

26-08-2024T23:31:32 - [MESSAGE][INFO] - Action delay is set to 0 milliseconds

26-08-2024T23:31:36 - [MESSAGE][PASSED] - Browser is opened with url: 'https://dev-algorithm.govolution.com/vrelaytest/QA2/version_2_2/vrelaytest.html'

26-08-2024T23:31:36 - [TEST_STEP][PASSED] - maximizeWindow(): Current window maximized

26-08-2024T23:31:36 - [MESSAGE][PASSED] - Current window maximized

26-08-2024T23:31:36 - [TEST_STEP][PASSED] - iwpPages.TestHarnessPage.setDataMethod(row, dataFile): iwpPages.TestHarnessPage.setDataMethod is PASSED

26-08-2024T23:31:36 - [MESSAGE][PASSED] - Object 'Object Repository/IWP30/Page_QATestHarness/RemittanceID' is present

26-08-2024T23:31:37 - [MESSAGE][PASSED] - Text '639' is set on object 'Object Repository/IWP30/Page_QATestHarness/ApplicationID'

26-08-2024T23:31:37 - [MESSAGE][PASSED] - Text '2.5' is set on object 'Object Repository/IWP30/Page_QATestHarness/MessageVersion'

26-08-2024T23:31:38 - [MESSAGE][PASSED] - Text 'lEmV2k4ZgOUb' is set on object 'Object Repository/IWP30/Page_QATestHarness/RemittanceID'

26-08-2024T23:31:41 - [MESSAGE][PASSED] - Object: 'Object Repository/IWP30/Page_QATestHarness/SubmitButton' is clicked on

26-08-2024T23:31:41 - [MESSAGE][PASSED] - iwpPages.TestHarnessPage.setDataMethod is PASSED

26-08-2024T23:31:41 - [TEST_STEP][PASSED] - click(findTestObject("Object Repository/IWP30/Page_SelectPaymentMethod/PayByPersonalCheck")): Object: 'Object Repository/IWP30/Page_SelectPaymentMethod/PayByPersonalCheck' is clicked on

26-08-2024T23:31:42 - [MESSAGE][PASSED] - Object: 'Object Repository/IWP30/Page_SelectPaymentMethod/PayByPersonalCheck' is clicked on

26-08-2024T23:31:42 - [TEST_STEP][PASSED] - click(findTestObject("Object Repository/IWP30/Page_SelectPaymentMethod/MakePaymentButton")): Object: 'Object Repository/IWP30/Page_SelectPaymentMethod/MakePaymentButton' is clicked on

26-08-2024T23:31:44 - [MESSAGE][PASSED] - Object: 'Object Repository/IWP30/Page_SelectPaymentMethod/MakePaymentButton' is clicked on

26-08-2024T23:31:44 - [TEST_STEP][PASSED] - iwpPages.achPersonalPaymentEntryPage.setDataACHPPM(row, dataFile): iwpPages.achPersonalPaymentEntryPage.setDataACHPPM is PASSED

26-08-2024T23:31:45 - [MESSAGE][PASSED] - Object 'Object Repository/IWP30/Page_ACHPersonalPaymentEntry/txt_accountNumber' is present

26-08-2024T23:31:46 - [MESSAGE][PASSED] - Text '10.50' is set on object 'Object Repository/IWP30/Page_ACHPersonalPaymentEntry/txt_Amount'

26-08-2024T23:31:46 - [MESSAGE][PASSED] - Object 'Object Repository/IWP30/Page_ACHPersonalPaymentEntry/txt_UDF2' is present

26-08-2024T23:31:46 - [MESSAGE][PASSED] - Text 'udf data 2' is set on object 'Object Repository/IWP30/Page_ACHPersonalPaymentEntry/txt_UDF2'

26-08-2024T23:31:47 - [MESSAGE][PASSED] - Text 'udf data 3' is set on object 'Object Repository/IWP30/Page_ACHPersonalPaymentEntry/txt_UDF3'

26-08-2024T23:31:48 - [MESSAGE][PASSED] - All options with label 'Orange' are selected in object 'Object Repository/IWP30/Page_ACHPersonalPaymentEntry/dd_UDF7' 

26-08-2024T23:31:48 - [MESSAGE][PASSED] - All options with label 'Soccer' are selected in object 'Object Repository/IWP30/Page_ACHPersonalPaymentEntry/dd_UDF8' 

26-08-2024T23:31:48 - [MESSAGE][PASSED] - Object 'Object Repository/IWP30/Page_ACHPersonalPaymentEntry/txt_Firstname' is present

26-08-2024T23:31:49 - [MESSAGE][PASSED] - Text 'Elizath' is set on object 'Object Repository/IWP30/Page_ACHPersonalPaymentEntry/txt_Firstname'

26-08-2024T23:31:49 - [MESSAGE][PASSED] - Object 'Object Repository/IWP30/Page_ACHPersonalPaymentEntry/txt_Lastname' is present

26-08-2024T23:31:50 - [MESSAGE][PASSED] - Text 'Christine' is set on object 'Object Repository/IWP30/Page_ACHPersonalPaymentEntry/txt_Lastname'

26-08-2024T23:31:50 - [MESSAGE][PASSED] - Object 'Object Repository/IWP30/Page_ACHPersonalPaymentEntry/txt_routingNumber' is present

26-08-2024T23:31:51 - [MESSAGE][PASSED] - Text '256072691' is set on object 'Object Repository/IWP30/Page_ACHPersonalPaymentEntry/txt_routingNumber'

26-08-2024T23:31:51 - [MESSAGE][PASSED] - Object 'Object Repository/IWP30/Page_ACHPersonalPaymentEntry/txt_accountNumber' is present

26-08-2024T23:31:52 - [MESSAGE][PASSED] - Text '12344444' is set on object 'Object Repository/IWP30/Page_ACHPersonalPaymentEntry/txt_accountNumber'

26-08-2024T23:31:52 - [MESSAGE][PASSED] - Object 'Object Repository/IWP30/Page_ACHPersonalPaymentEntry/txt_confirmAccountNumber' is present

26-08-2024T23:31:53 - [MESSAGE][PASSED] - Text '12344444' is set on object 'Object Repository/IWP30/Page_ACHPersonalPaymentEntry/txt_confirmAccountNumber'

26-08-2024T23:31:53 - [MESSAGE][PASSED] - Object 'Object Repository/IWP30/Page_ACHPersonalPaymentEntry/rd_accountType' is present

26-08-2024T23:31:53 - [MESSAGE][PASSED] - Modify property of object successfully

26-08-2024T23:31:53 - [MESSAGE][PASSED] - Object: 'Object Repository/IWP30/Page_ACHPersonalPaymentEntry/rd_accountType' is clicked on

26-08-2024T23:31:54 - [MESSAGE][PASSED] - Text '365 Main Avenue' is set on object 'Object Repository/IWP30/Page_ACHPersonalPaymentEntry/txt_AL1'

26-08-2024T23:31:55 - [MESSAGE][PASSED] - Text '22201' is set on object 'Object Repository/IWP30/Page_ACHPersonalPaymentEntry/txt_ZIP'

26-08-2024T23:31:55 - [MESSAGE][PASSED] - Object 'Object Repository/IWP30/Page_ACHPersonalPaymentEntry/txt_Email' is present

26-08-2024T23:31:56 - [MESSAGE][PASSED] - Text 'iahmed@govolution.com' is set on object 'Object Repository/IWP30/Page_ACHPersonalPaymentEntry/txt_Email'

26-08-2024T23:31:57 - [MESSAGE][PASSED] - Object 'Object Repository/IWP30/Page_ACHPersonalPaymentEntry/cb_TermsAndCond' is present

26-08-2024T23:31:57 - [MESSAGE][PASSED] - Object: 'Object Repository/IWP30/Page_ACHPersonalPaymentEntry/cb_TermsAndCond' is clicked on

26-08-2024T23:31:57 - [MESSAGE][PASSED] - Object 'Object Repository/IWP30/Page_ACHPersonalPaymentEntry/btn_Continue' is present

26-08-2024T23:31:58 - [MESSAGE][PASSED] - Object: 'Object Repository/IWP30/Page_ACHPersonalPaymentEntry/btn_Continue' is clicked on

26-08-2024T23:31:58 - [MESSAGE][PASSED] - iwpPages.achPersonalPaymentEntryPage.setDataACHPPM is PASSED

26-08-2024T23:31:58 - [TEST_STEP][PASSED] - click(findTestObject("Object Repository/IWP30/Page_Confirmation/ConfirmButton")): Object: 'Object Repository/IWP30/Page_Confirmation/ConfirmButton' is clicked on

26-08-2024T23:32:00 - [MESSAGE][PASSED] - Object: 'Object Repository/IWP30/Page_Confirmation/ConfirmButton' is clicked on

26-08-2024T23:32:00 - [TEST_STEP][PASSED] - Thread.sleep(5000): null

26-08-2024T23:32:05 - [TEST_STEP][PASSED] - if (verifyTextPresent("Make a Real Estate Payment", false)): null

26-08-2024T23:32:05 - [MESSAGE][PASSED] - Text 'Make a Real Estate Payment' is present on page 

26-08-2024T23:32:05 - [TEST_STEP][PASSED] - isRequiredTextPresent = true: null

26-08-2024T23:32:05 - [TEST_STEP][PASSED] - println(isRequiredTextPresent): null

26-08-2024T23:32:05 - [TEST_STEP][PASSED] - if (isRequiredTextPresent): null

26-08-2024T23:32:05 - [TEST_STEP][PASSED] - if (verifyTextPresent("This transaction is subject to a Convenience Fees of $2.00.", false)): null

26-08-2024T23:32:06 - [MESSAGE][PASSED] - Text 'This transaction is subject to a Convenience Fees of $2.00.' is present on page 

26-08-2024T23:32:06 - [TEST_STEP][PASSED] - isRequiredTextPresent = true: null

26-08-2024T23:32:06 - [TEST_STEP][PASSED] - println(isRequiredTextPresent): null

26-08-2024T23:32:06 - [TEST_STEP][PASSED] - if (isRequiredTextPresent): null

26-08-2024T23:32:06 - [TEST_STEP][PASSED] - if (verifyTextPresent("Payment Amount:  $10.50", false)): null

26-08-2024T23:32:06 - [MESSAGE][PASSED] - Text 'Payment Amount:  $10.50' is present on page 

26-08-2024T23:32:06 - [TEST_STEP][PASSED] - isRequiredTextPresent = true: null

26-08-2024T23:32:06 - [TEST_STEP][PASSED] - if (isRequiredTextPresent): null

26-08-2024T23:32:06 - [TEST_STEP][PASSED] - if (verifyTextPresent("Convenience Fees:  $2.00", false)): null

26-08-2024T23:32:06 - [MESSAGE][PASSED] - Text 'Convenience Fees:  $2.00' is present on page 

26-08-2024T23:32:06 - [TEST_STEP][PASSED] - isRequiredTextPresent = true: null

26-08-2024T23:32:06 - [TEST_STEP][PASSED] - if (isRequiredTextPresent): null

26-08-2024T23:32:06 - [TEST_STEP][PASSED] - if (verifyTextPresent("Total Amount:  $12.50", false)): null

26-08-2024T23:32:07 - [MESSAGE][PASSED] - Text 'Total Amount:  $12.50' is present on page 

26-08-2024T23:32:07 - [TEST_STEP][PASSED] - isRequiredTextPresent = true: null

26-08-2024T23:32:07 - [TEST_STEP][PASSED] - if (isRequiredTextPresent): null

26-08-2024T23:32:07 - [TEST_STEP][PASSED] - if (verifyTextPresent("One transaction in the amount of $12.50 will appear on your bank statement.", false)): null

26-08-2024T23:32:07 - [MESSAGE][PASSED] - Text 'One transaction in the amount of $12.50 will appear on your bank statement.' is present on page 

26-08-2024T23:32:07 - [TEST_STEP][PASSED] - isRequiredTextPresent = true: null

26-08-2024T23:32:07 - [TEST_STEP][PASSED] - Thread.sleep(10000): null

26-08-2024T23:32:17 - [TEST_STEP][PASSED] - click(findTestObject("Object Repository/IWP30/Page_ConvenienceFees/btn_convFeeNotifyAction")): Object: 'Object Repository/IWP30/Page_ConvenienceFees/btn_convFeeNotifyAction' is clicked on

26-08-2024T23:32:19 - [MESSAGE][PASSED] - Object: 'Object Repository/IWP30/Page_ConvenienceFees/btn_convFeeNotifyAction' is clicked on

26-08-2024T23:32:19 - [TEST_STEP][PASSED] - Thread.sleep(10000): null

26-08-2024T23:32:29 - [TEST_STEP][PASSED] - if (verifyTextPresent("Successful Payment Receipt", false)): null

26-08-2024T23:32:29 - [MESSAGE][PASSED] - Text 'Successful Payment Receipt' is present on page 

26-08-2024T23:32:29 - [TEST_STEP][PASSED] - println("Successful Payment Receipt text is present on the Receipt page"): null

26-08-2024T23:32:29 - [TEST_STEP][PASSED] - markPassed("Successful Payment Receipt text is present on the Receipt page"): Successful Payment Receipt text is present on the Receipt page

26-08-2024T23:32:29 - [MESSAGE][PASSED] - Successful Payment Receipt text is present on the Receipt page

26-08-2024T23:32:29 - [TEST_STEP][PASSED] - resText = "Pass": null

26-08-2024T23:32:29 - [TEST_STEP][PASSED] - pages.WriteExcel.demoKey(resText, datText, resColumn, datCloumn, fileLoc, nameSheet, row): pages.WriteExcel.demoKey is PASSED

26-08-2024T23:32:29 - [MESSAGE][PASSED] - pages.WriteExcel.demoKey is PASSED

26-08-2024T23:32:29 - [TEST_STEP][PASSED] - closeBrowser(): Browser is closed

26-08-2024T23:32:29 - [MESSAGE][PASSED] - Browser is closed

26-08-2024T23:32:29 - [TEST_STEP][PASSED] - ExecuteTC = findTestData(dataFile).getValue("Execute", row): null

26-08-2024T23:32:29 - [TEST_STEP][PASSED] - out.println("Value of Execute is : " + ExecuteTC): null

26-08-2024T23:32:29 - [TEST_STEP][PASSED] - if (ExecuteTC.equalsIgnoreCase("Y")): null

26-08-2024T23:32:29 - [TEST_STEP][PASSED] - out.println("Begin Record Number: " + row): null

26-08-2024T23:32:29 - [TEST_STEP][PASSED] - today = new java.util.Date(): null

26-08-2024T23:32:29 - [TEST_STEP][PASSED] - println(today): null

26-08-2024T23:32:29 - [TEST_STEP][PASSED] - datText = today: null

26-08-2024T23:32:29 - [TEST_STEP][PASSED] - EmulatorDataKey = findTestData(dataFile).getValue("EmulatorData", row): null

26-08-2024T23:32:29 - [TEST_STEP][PASSED] - out.println("Value of Emulator Key is : " + EmulatorDataKey): null

26-08-2024T23:32:29 - [TEST_STEP][PASSED] - iwpPages.emulatorIWP30.setDataEmulator_DD(EmulatorDataKey): iwpPages.emulatorIWP30.setDataEmulator_DD is PASSED

26-08-2024T23:32:30 - [MESSAGE][INFO] - Starting 'Edge Chromium' driver

26-08-2024T23:32:30 - [MESSAGE][INFO] - User set preference: ['acceptInsecureCerts', 'true']

26-08-2024T23:32:32 - [MESSAGE][INFO] - Action delay is set to 0 milliseconds

26-08-2024T23:32:36 - [MESSAGE][PASSED] - Browser is opened with url: 'https://qa2.velocitypayment.com/agency/config.do?action=editor&message_version=2_5'

26-08-2024T23:32:36 - [MESSAGE][PASSED] - Current window maximized

26-08-2024T23:32:37 - [MESSAGE][PASSED] - All options with value '2.5' are selected in object 'Object Repository/IWP30/Page_VRelay30Emulator/MV'  using regular expression

26-08-2024T23:32:37 - [MESSAGE][PASSED] - Text '10.50' is set on object 'Object Repository/IWP30/Page_VRelay30Emulator/Amount'

26-08-2024T23:32:38 - [MESSAGE][PASSED] - Text '26413255' is set on object 'Object Repository/IWP30/Page_VRelay30Emulator/CAN'

26-08-2024T23:32:39 - [MESSAGE][PASSED] - Text 'PayNow' is set on object 'Object Repository/IWP30/Page_VRelay30Emulator/Action'

26-08-2024T23:32:39 - [MESSAGE][PASSED] - Text 'en_US' is set on object 'Object Repository/IWP30/Page_VRelay30Emulator/Lang'

26-08-2024T23:32:40 - [MESSAGE][PASSED] - Text 'Jasmine' is set on object 'Object Repository/IWP30/Page_VRelay30Emulator/Fname'

26-08-2024T23:32:40 - [MESSAGE][PASSED] - Text 'Patrinol' is set on object 'Object Repository/IWP30/Page_VRelay30Emulator/Lname'

26-08-2024T23:32:41 - [MESSAGE][PASSED] - Text '258 Underwood rd' is set on object 'Object Repository/IWP30/Page_VRelay30Emulator/AL1'

26-08-2024T23:32:42 - [MESSAGE][PASSED] - Text 'Suite 600' is set on object 'Object Repository/IWP30/Page_VRelay30Emulator/AL2'

26-08-2024T23:32:42 - [MESSAGE][PASSED] - Text '840' is set on object 'Object Repository/IWP30/Page_VRelay30Emulator/Country'

26-08-2024T23:32:43 - [MESSAGE][PASSED] - Text 'Arlington' is set on object 'Object Repository/IWP30/Page_VRelay30Emulator/City'

26-08-2024T23:32:43 - [MESSAGE][PASSED] - Text 'VA' is set on object 'Object Repository/IWP30/Page_VRelay30Emulator/State'

26-08-2024T23:32:44 - [MESSAGE][PASSED] - Text '22201' is set on object 'Object Repository/IWP30/Page_VRelay30Emulator/ZIP'

26-08-2024T23:32:45 - [MESSAGE][PASSED] - Text '' is set on object 'Object Repository/IWP30/Page_VRelay30Emulator/Order'

26-08-2024T23:32:45 - [MESSAGE][PASSED] - Text 'Some Company' is set on object 'Object Repository/IWP30/Page_VRelay30Emulator/Company'

26-08-2024T23:32:46 - [MESSAGE][PASSED] - Text 'iahmed@govolution.com' is set on object 'Object Repository/IWP30/Page_VRelay30Emulator/Email'

26-08-2024T23:32:47 - [MESSAGE][PASSED] - Text 'udf data 1' is set on object 'Object Repository/IWP30/Page_VRelay30Emulator/UDF1'

26-08-2024T23:32:47 - [MESSAGE][PASSED] - Text 'udf data 2' is set on object 'Object Repository/IWP30/Page_VRelay30Emulator/UDF2'

26-08-2024T23:32:48 - [MESSAGE][PASSED] - Text 'udf data 3' is set on object 'Object Repository/IWP30/Page_VRelay30Emulator/UDF3'

26-08-2024T23:32:48 - [MESSAGE][PASSED] - Text 'udf data 4' is set on object 'Object Repository/IWP30/Page_VRelay30Emulator/UDF4'

26-08-2024T23:32:49 - [MESSAGE][PASSED] - Text 'udf data 5' is set on object 'Object Repository/IWP30/Page_VRelay30Emulator/UDF5'

26-08-2024T23:32:50 - [MESSAGE][PASSED] - Text 'udf data 6' is set on object 'Object Repository/IWP30/Page_VRelay30Emulator/UDF6'

26-08-2024T23:32:50 - [MESSAGE][PASSED] - Text 'Orange' is set on object 'Object Repository/IWP30/Page_VRelay30Emulator/UDF7'

26-08-2024T23:32:51 - [MESSAGE][PASSED] - Text 'Soccer' is set on object 'Object Repository/IWP30/Page_VRelay30Emulator/UDF8'

26-08-2024T23:32:51 - [MESSAGE][PASSED] - Text 'udf data 9' is set on object 'Object Repository/IWP30/Page_VRelay30Emulator/UDF9'

26-08-2024T23:32:52 - [MESSAGE][PASSED] - Text 'udf data 10' is set on object 'Object Repository/IWP30/Page_VRelay30Emulator/UDF10'

26-08-2024T23:32:53 - [MESSAGE][PASSED] - Object: 'Object Repository/IWP30/Page_VRelay30Emulator/Submit' is clicked on

26-08-2024T23:32:58 - [MESSAGE][PASSED] - Browser is closed

26-08-2024T23:33:02 - [MESSAGE][PASSED] - iwpPages.emulatorIWP30.setDataEmulator_DD is PASSED

26-08-2024T23:33:02 - [TEST_STEP][PASSED] - testHarnessURL = urlTestHarness: null

26-08-2024T23:33:02 - [TEST_STEP][PASSED] - openBrowser(testHarnessURL): Browser is opened with url: 'https://dev-algorithm.govolution.com/vrelaytest/QA2/version_2_2/vrelaytest.html'

26-08-2024T23:33:02 - [MESSAGE][INFO] - Starting 'Edge Chromium' driver

26-08-2024T23:33:02 - [MESSAGE][INFO] - User set preference: ['acceptInsecureCerts', 'true']

26-08-2024T23:33:04 - [MESSAGE][INFO] - Action delay is set to 0 milliseconds

26-08-2024T23:33:08 - [MESSAGE][PASSED] - Browser is opened with url: 'https://dev-algorithm.govolution.com/vrelaytest/QA2/version_2_2/vrelaytest.html'

26-08-2024T23:33:08 - [TEST_STEP][PASSED] - maximizeWindow(): Current window maximized

26-08-2024T23:33:08 - [MESSAGE][PASSED] - Current window maximized

26-08-2024T23:33:08 - [TEST_STEP][PASSED] - iwpPages.TestHarnessPage.setDataMethod(row, dataFile): iwpPages.TestHarnessPage.setDataMethod is PASSED

26-08-2024T23:33:09 - [MESSAGE][PASSED] - Object 'Object Repository/IWP30/Page_QATestHarness/RemittanceID' is present

26-08-2024T23:33:09 - [MESSAGE][PASSED] - Text '639' is set on object 'Object Repository/IWP30/Page_QATestHarness/ApplicationID'

26-08-2024T23:33:10 - [MESSAGE][PASSED] - Text '2.5' is set on object 'Object Repository/IWP30/Page_QATestHarness/MessageVersion'

26-08-2024T23:33:11 - [MESSAGE][PASSED] - Text 'b1UyZuCJz0vm' is set on object 'Object Repository/IWP30/Page_QATestHarness/RemittanceID'

26-08-2024T23:33:14 - [MESSAGE][PASSED] - Object: 'Object Repository/IWP30/Page_QATestHarness/SubmitButton' is clicked on

26-08-2024T23:33:14 - [MESSAGE][PASSED] - iwpPages.TestHarnessPage.setDataMethod is PASSED

26-08-2024T23:33:14 - [TEST_STEP][PASSED] - click(findTestObject("Object Repository/IWP30/Page_SelectPaymentMethod/PayByPersonalCheck")): Object: 'Object Repository/IWP30/Page_SelectPaymentMethod/PayByPersonalCheck' is clicked on

26-08-2024T23:33:15 - [MESSAGE][PASSED] - Object: 'Object Repository/IWP30/Page_SelectPaymentMethod/PayByPersonalCheck' is clicked on

26-08-2024T23:33:15 - [TEST_STEP][PASSED] - click(findTestObject("Object Repository/IWP30/Page_SelectPaymentMethod/MakePaymentButton")): Object: 'Object Repository/IWP30/Page_SelectPaymentMethod/MakePaymentButton' is clicked on

26-08-2024T23:33:18 - [MESSAGE][PASSED] - Object: 'Object Repository/IWP30/Page_SelectPaymentMethod/MakePaymentButton' is clicked on

26-08-2024T23:33:18 - [TEST_STEP][PASSED] - iwpPages.achPersonalPaymentEntryPage.setDataACHPPM(row, dataFile): iwpPages.achPersonalPaymentEntryPage.setDataACHPPM is PASSED

26-08-2024T23:33:19 - [MESSAGE][PASSED] - Object 'Object Repository/IWP30/Page_ACHPersonalPaymentEntry/txt_accountNumber' is present

26-08-2024T23:33:19 - [MESSAGE][PASSED] - Object 'Object Repository/IWP30/Page_ACHPersonalPaymentEntry/txt_UDF2' is present

26-08-2024T23:33:20 - [MESSAGE][PASSED] - All options with label 'Soccer' are selected in object 'Object Repository/IWP30/Page_ACHPersonalPaymentEntry/dd_UDF8' 

26-08-2024T23:33:20 - [MESSAGE][PASSED] - Object 'Object Repository/IWP30/Page_ACHPersonalPaymentEntry/txt_Firstname' is present

26-08-2024T23:33:20 - [MESSAGE][PASSED] - Text 'Elizath' is set on object 'Object Repository/IWP30/Page_ACHPersonalPaymentEntry/txt_Firstname'

26-08-2024T23:33:21 - [MESSAGE][PASSED] - Object 'Object Repository/IWP30/Page_ACHPersonalPaymentEntry/txt_Lastname' is present

26-08-2024T23:33:21 - [MESSAGE][PASSED] - Text 'Christine' is set on object 'Object Repository/IWP30/Page_ACHPersonalPaymentEntry/txt_Lastname'

26-08-2024T23:33:21 - [MESSAGE][PASSED] - Object 'Object Repository/IWP30/Page_ACHPersonalPaymentEntry/txt_routingNumber' is present

26-08-2024T23:33:22 - [MESSAGE][PASSED] - Text '256072691' is set on object 'Object Repository/IWP30/Page_ACHPersonalPaymentEntry/txt_routingNumber'

26-08-2024T23:33:22 - [MESSAGE][PASSED] - Object 'Object Repository/IWP30/Page_ACHPersonalPaymentEntry/txt_accountNumber' is present

26-08-2024T23:33:24 - [MESSAGE][PASSED] - Text '12344444' is set on object 'Object Repository/IWP30/Page_ACHPersonalPaymentEntry/txt_accountNumber'

26-08-2024T23:33:24 - [MESSAGE][PASSED] - Object 'Object Repository/IWP30/Page_ACHPersonalPaymentEntry/txt_confirmAccountNumber' is present

26-08-2024T23:33:25 - [MESSAGE][PASSED] - Text '12344444' is set on object 'Object Repository/IWP30/Page_ACHPersonalPaymentEntry/txt_confirmAccountNumber'

26-08-2024T23:33:25 - [MESSAGE][PASSED] - Object 'Object Repository/IWP30/Page_ACHPersonalPaymentEntry/rd_accountType' is present

26-08-2024T23:33:25 - [MESSAGE][PASSED] - Modify property of object successfully

26-08-2024T23:33:25 - [MESSAGE][PASSED] - Object: 'Object Repository/IWP30/Page_ACHPersonalPaymentEntry/rd_accountType' is clicked on

26-08-2024T23:33:26 - [MESSAGE][PASSED] - Object 'Object Repository/IWP30/Page_ACHPersonalPaymentEntry/txt_Email' is present

26-08-2024T23:33:26 - [MESSAGE][PASSED] - Object 'Object Repository/IWP30/Page_ACHPersonalPaymentEntry/cb_TermsAndCond' is present

26-08-2024T23:33:26 - [MESSAGE][PASSED] - Object: 'Object Repository/IWP30/Page_ACHPersonalPaymentEntry/cb_TermsAndCond' is clicked on

26-08-2024T23:33:26 - [MESSAGE][PASSED] - Object 'Object Repository/IWP30/Page_ACHPersonalPaymentEntry/btn_Continue' is present

26-08-2024T23:33:28 - [MESSAGE][PASSED] - Object: 'Object Repository/IWP30/Page_ACHPersonalPaymentEntry/btn_Continue' is clicked on

26-08-2024T23:33:28 - [MESSAGE][PASSED] - iwpPages.achPersonalPaymentEntryPage.setDataACHPPM is PASSED

26-08-2024T23:33:28 - [TEST_STEP][PASSED] - click(findTestObject("Object Repository/IWP30/Page_Confirmation/ConfirmButton")): Object: 'Object Repository/IWP30/Page_Confirmation/ConfirmButton' is clicked on

26-08-2024T23:33:30 - [MESSAGE][PASSED] - Object: 'Object Repository/IWP30/Page_Confirmation/ConfirmButton' is clicked on

26-08-2024T23:33:30 - [TEST_STEP][PASSED] - Thread.sleep(5000): null

26-08-2024T23:33:35 - [TEST_STEP][PASSED] - if (verifyTextPresent("Make a Real Estate Payment", false)): null

26-08-2024T23:33:35 - [MESSAGE][PASSED] - Text 'Make a Real Estate Payment' is present on page 

26-08-2024T23:33:35 - [TEST_STEP][PASSED] - isRequiredTextPresent = true: null

26-08-2024T23:33:35 - [TEST_STEP][PASSED] - println(isRequiredTextPresent): null

26-08-2024T23:33:35 - [TEST_STEP][PASSED] - if (isRequiredTextPresent): null

26-08-2024T23:33:35 - [TEST_STEP][PASSED] - if (verifyTextPresent("This transaction is subject to a Convenience Fees of $2.00.", false)): null

26-08-2024T23:33:36 - [MESSAGE][PASSED] - Text 'This transaction is subject to a Convenience Fees of $2.00.' is present on page 

26-08-2024T23:33:36 - [TEST_STEP][PASSED] - isRequiredTextPresent = true: null

26-08-2024T23:33:36 - [TEST_STEP][PASSED] - println(isRequiredTextPresent): null

26-08-2024T23:33:36 - [TEST_STEP][PASSED] - if (isRequiredTextPresent): null

26-08-2024T23:33:36 - [TEST_STEP][PASSED] - if (verifyTextPresent("Payment Amount:  $10.50", false)): null

26-08-2024T23:33:36 - [MESSAGE][PASSED] - Text 'Payment Amount:  $10.50' is present on page 

26-08-2024T23:33:36 - [TEST_STEP][PASSED] - isRequiredTextPresent = true: null

26-08-2024T23:33:36 - [TEST_STEP][PASSED] - if (isRequiredTextPresent): null

26-08-2024T23:33:36 - [TEST_STEP][PASSED] - if (verifyTextPresent("Convenience Fees:  $2.00", false)): null

26-08-2024T23:33:36 - [MESSAGE][PASSED] - Text 'Convenience Fees:  $2.00' is present on page 

26-08-2024T23:33:36 - [TEST_STEP][PASSED] - isRequiredTextPresent = true: null

26-08-2024T23:33:36 - [TEST_STEP][PASSED] - if (isRequiredTextPresent): null

26-08-2024T23:33:36 - [TEST_STEP][PASSED] - if (verifyTextPresent("Total Amount:  $12.50", false)): null

26-08-2024T23:33:36 - [MESSAGE][PASSED] - Text 'Total Amount:  $12.50' is present on page 

26-08-2024T23:33:36 - [TEST_STEP][PASSED] - isRequiredTextPresent = true: null

26-08-2024T23:33:36 - [TEST_STEP][PASSED] - if (isRequiredTextPresent): null

26-08-2024T23:33:36 - [TEST_STEP][PASSED] - if (verifyTextPresent("One transaction in the amount of $12.50 will appear on your bank statement.", false)): null

26-08-2024T23:33:37 - [MESSAGE][PASSED] - Text 'One transaction in the amount of $12.50 will appear on your bank statement.' is present on page 

26-08-2024T23:33:37 - [TEST_STEP][PASSED] - isRequiredTextPresent = true: null

26-08-2024T23:33:37 - [TEST_STEP][PASSED] - Thread.sleep(10000): null

26-08-2024T23:33:47 - [TEST_STEP][PASSED] - click(findTestObject("Object Repository/IWP30/Page_ConvenienceFees/btn_convFeeNotifyAction")): Object: 'Object Repository/IWP30/Page_ConvenienceFees/btn_convFeeNotifyAction' is clicked on

26-08-2024T23:33:49 - [MESSAGE][PASSED] - Object: 'Object Repository/IWP30/Page_ConvenienceFees/btn_convFeeNotifyAction' is clicked on

26-08-2024T23:33:49 - [TEST_STEP][PASSED] - Thread.sleep(10000): null

26-08-2024T23:33:59 - [TEST_STEP][PASSED] - if (verifyTextPresent("Successful Payment Receipt", false)): null

26-08-2024T23:33:59 - [MESSAGE][PASSED] - Text 'Successful Payment Receipt' is present on page 

26-08-2024T23:33:59 - [TEST_STEP][PASSED] - println("Successful Payment Receipt text is present on the Receipt page"): null

26-08-2024T23:33:59 - [TEST_STEP][PASSED] - markPassed("Successful Payment Receipt text is present on the Receipt page"): Successful Payment Receipt text is present on the Receipt page

26-08-2024T23:33:59 - [MESSAGE][PASSED] - Successful Payment Receipt text is present on the Receipt page

26-08-2024T23:33:59 - [TEST_STEP][PASSED] - resText = "Pass": null

26-08-2024T23:33:59 - [TEST_STEP][PASSED] - pages.WriteExcel.demoKey(resText, datText, resColumn, datCloumn, fileLoc, nameSheet, row): pages.WriteExcel.demoKey is PASSED

26-08-2024T23:33:59 - [MESSAGE][PASSED] - pages.WriteExcel.demoKey is PASSED

26-08-2024T23:33:59 - [TEST_STEP][PASSED] - closeBrowser(): Browser is closed

26-08-2024T23:34:00 - [MESSAGE][PASSED] - Browser is closed]]></system-out>
         <system-err><![CDATA[]]></system-err>
      </testcase>
      <system-out><![CDATA[26-08-2024T23:00:53 - [TEST_SUITE][PASSED] - QA_IWP2.5_Regression: Test Cases/IntegratedWeb/IWP25/Payments/PayNowPersonalCheckSCF]]></system-out>
      <system-err><![CDATA[]]></system-err>
   </testsuite>
</testsuites>
