<?xml version="1.0" encoding="UTF-8"?>
<testsuites name="QA_IWP2.3_Regression" time="1452.761" tests="55" failures="0" errors="0">
   <testsuite name="QA_IWP2.3_Regression" tests="55" failures="0" errors="0" time="1452.761" skipped="0" timestamp="2024-08-20 23:06:46" hostname="imtiaz - DESKTOP-B2QI6NS.govolution.com" id="Test Suites/QA/IWP2.3/QA_IWP2.3_Regression">
      <properties>
         <property name="deviceName" value=""/>
         <property name="devicePlatform" value=""/>
         <property name="logFolder" value="E:\\Cloned-Project-Katalon\\VPS-Katalon\\Reports\\20240820_230639\\QA\\IWP2.3\\QA_IWP2.3_Regression\\20240820_230639"/>
         <property name="logFiles" value="E:\\Cloned-Project-Katalon\\VPS-Katalon\\Reports\\20240820_230639\\QA\\IWP2.3\\QA_IWP2.3_Regression\\20240820_230639\\execution0.log"/>
         <property name="attachments" value=""/>
         <property name="hostName" value="imtiaz - DESKTOP-B2QI6NS.govolution.com"/>
         <property name="os" value="Windows 10 64bit"/>
         <property name="katalonVersion" value="8.6.9.208"/>
         <property name="browser" value="Chrome 127.0.0.0"/>
         <property name="hostAddress" value="172.31.253.185"/>
         <property name="sessionId" value="8b0f0f87bddf14e7ec5e268272e37c95"/>
         <property name="seleniumVersion" value="3.141.59"/>
         <property name="proxyInformation" value="ProxyInformation { proxyOption=NO_PROXY, proxyServerType=HTTP, username=, password=********, proxyServerAddress=, proxyServerPort=0, executionList=&quot;&quot;, isApplyToDesiredCapabilities=true }"/>
         <property name="platform" value="Windows 10"/>
      </properties>
      <testcase name="Test Cases/IntegratedWeb/IWP23-SelIDE/AmountInThousands1CC" time="32.076" classname="Test Cases/IntegratedWeb/IWP23-SelIDE/AmountInThousands1CC" status="PASSED">
         <system-out><![CDATA[2024-08-20 23:06:47 - [TEST_CASE][PASSED] - Test Cases/IntegratedWeb/IWP23-SelIDE/AmountInThousands1CC: Test Cases/IntegratedWeb/IWP23-SelIDE/AmountInThousands1CC

2024-08-20 23:06:48 - [TEST_STEP][PASSED] - softAssertion = new org.testng.asserts.SoftAssert(): null

2024-08-20 23:06:48 - [TEST_STEP][PASSED] - openBrowser("https://www.google.com/"): Browser is opened with url: 'https://www.google.com/'

2024-08-20 23:06:48 - [MESSAGE][INFO] - Starting 'Chrome' driver

2024-08-20 23:06:48 - [MESSAGE][INFO] - User set preference: ['acceptInsecureCerts', 'true']

2024-08-20 23:06:48 - [MESSAGE][INFO] - Action delay is set to 0 milliseconds

2024-08-20 23:06:53 - [MESSAGE][PASSED] - Browser is opened with url: 'https://www.google.com/'

2024-08-20 23:06:53 - [TEST_STEP][PASSED] - driver = getWebDriver(): null

2024-08-20 23:06:53 - [TEST_STEP][PASSED] - baseUrl = "https://www.google.com/": null

2024-08-20 23:06:53 - [TEST_STEP][PASSED] - selenium = new com.thoughtworks.selenium.webdriven.WebDriverBackedSelenium(driver, baseUrl): null

2024-08-20 23:06:53 - [TEST_STEP][PASSED] - emulatorURL = urlEmulator: null

2024-08-20 23:06:53 - [TEST_STEP][PASSED] - selenium.open(emulatorURL): null

2024-08-20 23:06:55 - [TEST_STEP][PASSED] - selenium.select("name=message_version", "label=2.3"): null

2024-08-20 23:06:55 - [TEST_STEP][PASSED] - selenium.waitForPageToLoad("30000"): null

2024-08-20 23:06:56 - [TEST_STEP][PASSED] - selenium.type("name=amount", 00".toString()): null

2024-08-20 23:06:56 - [TEST_STEP][PASSED] - selenium.type("name=client_account_number", "CAN12345"): null

2024-08-20 23:06:56 - [TEST_STEP][PASSED] - selenium.type("name=action_type", "PayNow"): null

2024-08-20 23:06:56 - [TEST_STEP][PASSED] - selenium.type("name=language", "en_US"): null

2024-08-20 23:06:56 - [TEST_STEP][PASSED] - selenium.type("name=billing_firstname", "Mandy"): null

2024-08-20 23:06:56 - [TEST_STEP][PASSED] - selenium.type("name=billing_lastname", "Iguera"): null

2024-08-20 23:06:56 - [TEST_STEP][PASSED] - selenium.type("name=billing_address", "56 World Center Drive".toString()): null

2024-08-20 23:06:56 - [TEST_STEP][PASSED] - selenium.type("name=billing_address2", "Suite 600".toString()): null

2024-08-20 23:06:56 - [TEST_STEP][PASSED] - selenium.type("name=billing_country_id", "840"): null

2024-08-20 23:06:56 - [TEST_STEP][PASSED] - selenium.type("name=billing_city", "Orlando"): null

2024-08-20 23:06:56 - [TEST_STEP][PASSED] - selenium.type("name=billing_state", "NH"): null

2024-08-20 23:06:56 - [TEST_STEP][PASSED] - selenium.type("name=billing_zip", "03106"): null

2024-08-20 23:06:56 - [TEST_STEP][PASSED] - selenium.type("name=order_number", "PPPPOOOO"): null

2024-08-20 23:06:56 - [TEST_STEP][PASSED] - selenium.type("name=user_defined1", "udf1"): null

2024-08-20 23:06:56 - [TEST_STEP][PASSED] - selenium.type("name=user_defined2", "udf2"): null

2024-08-20 23:06:56 - [TEST_STEP][PASSED] - selenium.type("name=user_defined3", "udf3"): null

2024-08-20 23:06:57 - [TEST_STEP][PASSED] - selenium.type("name=user_defined4", "Orange Label".toString()): null

2024-08-20 23:06:57 - [TEST_STEP][PASSED] - selenium.type("name=user_defined5", "Soccer Label".toString()): null

2024-08-20 23:06:57 - [TEST_STEP][PASSED] - selenium.click("name=submit"): null

2024-08-20 23:06:57 - [TEST_STEP][PASSED] - selenium.waitForPageToLoad("30000"): null

2024-08-20 23:06:58 - [TEST_STEP][PASSED] - testHarnessURL = urlTestHarness: null

2024-08-20 23:06:58 - [TEST_STEP][PASSED] - selenium.open(testHarnessURL): null

2024-08-20 23:06:58 - [TEST_STEP][PASSED] - Thread.sleep(2000): null

2024-08-20 23:07:00 - [TEST_STEP][PASSED] - selenium.type("name=application_id", "653"): null

2024-08-20 23:07:00 - [TEST_STEP][PASSED] - selenium.type("name=message_version", 3".toString()): null

2024-08-20 23:07:00 - [TEST_STEP][PASSED] - genRemID = RandomStringUtils.random(12, true, true): null

2024-08-20 23:07:00 - [TEST_STEP][PASSED] - selenium.type("name=remittance_id", genRemID): null

2024-08-20 23:07:00 - [TEST_STEP][PASSED] - selenium.click("css=input.formSubmit"): null

2024-08-20 23:07:03 - [TEST_STEP][PASSED] - selenium.waitForPageToLoad("30000"): null

2024-08-20 23:07:04 - [TEST_STEP][PASSED] - selenium.selectWindow("null"): null

2024-08-20 23:07:04 - [TEST_STEP][PASSED] - selenium.click("name=paymentMethod"): null

2024-08-20 23:07:04 - [TEST_STEP][PASSED] - selenium.click("css=input[type="submit"]"): null

2024-08-20 23:07:05 - [TEST_STEP][PASSED] - selenium.waitForPageToLoad("30000"): null

2024-08-20 23:07:06 - [TEST_STEP][PASSED] - selenium.type("name=amount", 00".toString()): null

2024-08-20 23:07:06 - [TEST_STEP][PASSED] - selenium.type("id=cardNumber", "4111111111111111"): null

2024-08-20 23:07:06 - [TEST_STEP][PASSED] - selenium.select("name=cardExpMonth", "label=04"): null

2024-08-20 23:07:06 - [TEST_STEP][PASSED] - selenium.select("name=cardExpYear", "label=2028"): null

2024-08-20 23:07:06 - [TEST_STEP][PASSED] - selenium.type("name=emailAddress", com".toString()): null

2024-08-20 23:07:06 - [TEST_STEP][PASSED] - selenium.click("id=checkedAcceptCondition"): null

2024-08-20 23:07:06 - [TEST_STEP][PASSED] - selenium.click("name=ccSubmit"): null

2024-08-20 23:07:08 - [TEST_STEP][PASSED] - selenium.waitForPageToLoad("30000"): null

2024-08-20 23:07:09 - [TEST_STEP][PASSED] - verifyTextPresent("Please verify the following information:", true): Text 'Please verify the following information:' is present on page  using regular expression

2024-08-20 23:07:09 - [MESSAGE][PASSED] - Text 'Please verify the following information:' is present on page  using regular expression

2024-08-20 23:07:09 - [TEST_STEP][PASSED] - verifyTextPresent("Is this information correct", true): Text 'Is this information correct' is present on page  using regular expression

2024-08-20 23:07:09 - [MESSAGE][PASSED] - Text 'Is this information correct' is present on page  using regular expression

2024-08-20 23:07:09 - [TEST_STEP][PASSED] - verifyTextPresent("$3,500.00", false): Text '$3,500.00' is present on page 

2024-08-20 23:07:09 - [MESSAGE][PASSED] - Text '$3,500.00' is present on page 

2024-08-20 23:07:09 - [TEST_STEP][PASSED] - selenium.click("name=confirmNotifyAction"): null

2024-08-20 23:07:10 - [TEST_STEP][PASSED] - selenium.waitForPageToLoad("30000"): null

2024-08-20 23:07:11 - [TEST_STEP][PASSED] - Thread.sleep(8000): null

2024-08-20 23:07:19 - [TEST_STEP][PASSED] - verifyTextPresent("Successful Payment Receipt", true): Text 'Successful Payment Receipt' is present on page  using regular expression

2024-08-20 23:07:19 - [MESSAGE][PASSED] - Text 'Successful Payment Receipt' is present on page  using regular expression

2024-08-20 23:07:19 - [TEST_STEP][PASSED] - verifyTextPresent("$3,500.00", false): Text '$3,500.00' is present on page 

2024-08-20 23:07:19 - [MESSAGE][PASSED] - Text '$3,500.00' is present on page]]></system-out>
         <system-err><![CDATA[]]></system-err>
      </testcase>
      <testcase name="Test Cases/IntegratedWeb/IWP23-SelIDE/AmountInThousands1PC" time="26.433" classname="Test Cases/IntegratedWeb/IWP23-SelIDE/AmountInThousands1PC" status="PASSED">
         <system-out><![CDATA[2024-08-20 23:07:19 - [TEST_CASE][PASSED] - Test Cases/IntegratedWeb/IWP23-SelIDE/AmountInThousands1PC: Test Cases/IntegratedWeb/IWP23-SelIDE/AmountInThousands1PC

2024-08-20 23:07:20 - [TEST_STEP][PASSED] - softAssertion = new org.testng.asserts.SoftAssert(): null

2024-08-20 23:07:20 - [TEST_STEP][PASSED] - openBrowser("https://www.google.com/"): Browser is opened with url: 'https://www.google.com/'

2024-08-20 23:07:20 - [MESSAGE][WARNING] - A browser is already opened. Closing browser and opening a new one

2024-08-20 23:07:21 - [MESSAGE][INFO] - Starting 'Chrome' driver

2024-08-20 23:07:21 - [MESSAGE][INFO] - User set preference: ['acceptInsecureCerts', 'true']

2024-08-20 23:07:21 - [MESSAGE][INFO] - Action delay is set to 0 milliseconds

2024-08-20 23:07:24 - [MESSAGE][PASSED] - Browser is opened with url: 'https://www.google.com/'

2024-08-20 23:07:24 - [TEST_STEP][PASSED] - driver = getWebDriver(): null

2024-08-20 23:07:24 - [TEST_STEP][PASSED] - baseUrl = "https://www.google.com/": null

2024-08-20 23:07:24 - [TEST_STEP][PASSED] - selenium = new com.thoughtworks.selenium.webdriven.WebDriverBackedSelenium(driver, baseUrl): null

2024-08-20 23:07:24 - [TEST_STEP][PASSED] - emulatorURL = urlEmulator: null

2024-08-20 23:07:24 - [TEST_STEP][PASSED] - selenium.open(emulatorURL): null

2024-08-20 23:07:25 - [TEST_STEP][PASSED] - selenium.select("name=message_version", "label=2.3"): null

2024-08-20 23:07:25 - [TEST_STEP][PASSED] - selenium.waitForPageToLoad("30000"): null

2024-08-20 23:07:25 - [TEST_STEP][PASSED] - selenium.type("name=amount", 00".toString()): null

2024-08-20 23:07:26 - [TEST_STEP][PASSED] - selenium.type("name=client_account_number", "58478CAN"): null

2024-08-20 23:07:26 - [TEST_STEP][PASSED] - selenium.type("name=action_type", "PayNow"): null

2024-08-20 23:07:26 - [TEST_STEP][PASSED] - selenium.type("name=language", "en_US"): null

2024-08-20 23:07:26 - [TEST_STEP][PASSED] - selenium.type("name=billing_firstname", "Ajudo"): null

2024-08-20 23:07:26 - [TEST_STEP][PASSED] - selenium.type("name=billing_lastname", "Larenca"): null

2024-08-20 23:07:26 - [TEST_STEP][PASSED] - selenium.type("name=billing_address", "125 Main Road".toString()): null

2024-08-20 23:07:26 - [TEST_STEP][PASSED] - selenium.type("name=billing_address2", "Suite 600".toString()): null

2024-08-20 23:07:26 - [TEST_STEP][PASSED] - selenium.type("name=billing_country_id", "840"): null

2024-08-20 23:07:26 - [TEST_STEP][PASSED] - selenium.type("name=billing_city", "Manchester"): null

2024-08-20 23:07:26 - [TEST_STEP][PASSED] - selenium.type("name=billing_state", "NH"): null

2024-08-20 23:07:26 - [TEST_STEP][PASSED] - selenium.type("name=billing_zip", "03106"): null

2024-08-20 23:07:26 - [TEST_STEP][PASSED] - selenium.type("name=order_number", "258741"): null

2024-08-20 23:07:26 - [TEST_STEP][PASSED] - selenium.type("name=user_defined1", "udf1"): null

2024-08-20 23:07:26 - [TEST_STEP][PASSED] - selenium.type("name=user_defined2", "udf2"): null

2024-08-20 23:07:26 - [TEST_STEP][PASSED] - selenium.type("name=user_defined3", "udf3"): null

2024-08-20 23:07:26 - [TEST_STEP][PASSED] - selenium.type("name=user_defined4", "Orange Label".toString()): null

2024-08-20 23:07:26 - [TEST_STEP][PASSED] - selenium.type("name=user_defined5", "Soccer Label".toString()): null

2024-08-20 23:07:26 - [TEST_STEP][PASSED] - selenium.click("name=submit"): null

2024-08-20 23:07:27 - [TEST_STEP][PASSED] - selenium.waitForPageToLoad("30000"): null

2024-08-20 23:07:27 - [TEST_STEP][PASSED] - Thread.sleep(2000): null

2024-08-20 23:07:29 - [TEST_STEP][PASSED] - testHarnessURL = urlTestHarness: null

2024-08-20 23:07:29 - [TEST_STEP][PASSED] - selenium.open(testHarnessURL): null

2024-08-20 23:07:30 - [TEST_STEP][PASSED] - selenium.type("name=application_id", "653"): null

2024-08-20 23:07:30 - [TEST_STEP][PASSED] - selenium.type("name=message_version", 3".toString()): null

2024-08-20 23:07:30 - [TEST_STEP][PASSED] - genRemIDVoid = RandomStringUtils.random(12, true, true): null

2024-08-20 23:07:30 - [TEST_STEP][PASSED] - selenium.type("name=remittance_id", genRemIDVoid): null

2024-08-20 23:07:30 - [TEST_STEP][PASSED] - selenium.click("css=input.formSubmit"): null

2024-08-20 23:07:30 - [TEST_STEP][PASSED] - selenium.waitForPageToLoad("30000"): null

2024-08-20 23:07:31 - [TEST_STEP][PASSED] - selenium.click("xpath=(//input[@name='paymentMethod'])[2]"): null

2024-08-20 23:07:31 - [TEST_STEP][PASSED] - selenium.click("css=input[type="submit"]"): null

2024-08-20 23:07:33 - [TEST_STEP][PASSED] - selenium.waitForPageToLoad("30000"): null

2024-08-20 23:07:33 - [TEST_STEP][PASSED] - selenium.type("name=amount", 00".toString()): null

2024-08-20 23:07:33 - [TEST_STEP][PASSED] - selenium.type("name=billingFirstname", "Mike"): null

2024-08-20 23:07:33 - [TEST_STEP][PASSED] - selenium.type("name=billingLastname", "Chingiti"): null

2024-08-20 23:07:33 - [TEST_STEP][PASSED] - selenium.type("id=routingNumber", "256072691"): null

2024-08-20 23:07:34 - [TEST_STEP][PASSED] - selenium.type("id=accountNumber", "11111111"): null

2024-08-20 23:07:34 - [TEST_STEP][PASSED] - selenium.type("id=confirmAccountNumber", "11111111"): null

2024-08-20 23:07:34 - [TEST_STEP][PASSED] - selenium.click("name=accountType"): null

2024-08-20 23:07:34 - [TEST_STEP][PASSED] - selenium.type("name=billingAddress", "104 main road".toString()): null

2024-08-20 23:07:34 - [TEST_STEP][PASSED] - selenium.type("name=billingAddress2", ""): null

2024-08-20 23:07:34 - [TEST_STEP][PASSED] - selenium.type("id=billing-zip-input", "22201"): null

2024-08-20 23:07:34 - [TEST_STEP][PASSED] - selenium.click("id=checkedAcceptCondition"): null

2024-08-20 23:07:34 - [TEST_STEP][PASSED] - selenium.click("name=achSubmit"): null

2024-08-20 23:07:35 - [TEST_STEP][PASSED] - selenium.waitForPageToLoad("30000"): null

2024-08-20 23:07:35 - [TEST_STEP][PASSED] - verifyTextPresent("Please verify the following information:", true): Text 'Please verify the following information:' is present on page  using regular expression

2024-08-20 23:07:36 - [MESSAGE][PASSED] - Text 'Please verify the following information:' is present on page  using regular expression

2024-08-20 23:07:36 - [TEST_STEP][PASSED] - verifyTextPresent("Is this information correct", true): Text 'Is this information correct' is present on page  using regular expression

2024-08-20 23:07:36 - [MESSAGE][PASSED] - Text 'Is this information correct' is present on page  using regular expression

2024-08-20 23:07:36 - [TEST_STEP][PASSED] - verifyTextPresent("$3,500.00", false): Text '$3,500.00' is present on page 

2024-08-20 23:07:36 - [MESSAGE][PASSED] - Text '$3,500.00' is present on page 

2024-08-20 23:07:36 - [TEST_STEP][PASSED] - selenium.click("name=confirmNotifyAction"): null

2024-08-20 23:07:37 - [TEST_STEP][PASSED] - selenium.waitForPageToLoad("30000"): null

2024-08-20 23:07:37 - [TEST_STEP][PASSED] - Thread.sleep(8000): null

2024-08-20 23:07:45 - [TEST_STEP][PASSED] - verifyTextPresent("Successful Payment Receipt", true): Text 'Successful Payment Receipt' is present on page  using regular expression

2024-08-20 23:07:45 - [MESSAGE][PASSED] - Text 'Successful Payment Receipt' is present on page  using regular expression

2024-08-20 23:07:45 - [TEST_STEP][PASSED] - verifyTextPresent("$3,500.00", false): Text '$3,500.00' is present on page 

2024-08-20 23:07:46 - [MESSAGE][PASSED] - Text '$3,500.00' is present on page 

2024-08-20 23:07:46 - [TEST_STEP][PASSED] - println("End Test: AmountInThousands1PC"): null]]></system-out>
         <system-err><![CDATA[]]></system-err>
      </testcase>
      <testcase name="Test Cases/IntegratedWeb/IWP23-SelIDE/AmountInThousands2CC" time="26.782" classname="Test Cases/IntegratedWeb/IWP23-SelIDE/AmountInThousands2CC" status="PASSED">
         <system-out><![CDATA[2024-08-20 23:07:46 - [TEST_CASE][PASSED] - Test Cases/IntegratedWeb/IWP23-SelIDE/AmountInThousands2CC: Test Cases/IntegratedWeb/IWP23-SelIDE/AmountInThousands2CC

2024-08-20 23:07:46 - [TEST_STEP][PASSED] - softAssertion = new org.testng.asserts.SoftAssert(): null

2024-08-20 23:07:46 - [TEST_STEP][PASSED] - openBrowser("https://www.google.com/"): Browser is opened with url: 'https://www.google.com/'

2024-08-20 23:07:46 - [MESSAGE][WARNING] - A browser is already opened. Closing browser and opening a new one

2024-08-20 23:07:48 - [MESSAGE][INFO] - Starting 'Chrome' driver

2024-08-20 23:07:48 - [MESSAGE][INFO] - User set preference: ['acceptInsecureCerts', 'true']

2024-08-20 23:07:48 - [MESSAGE][INFO] - Action delay is set to 0 milliseconds

2024-08-20 23:07:50 - [MESSAGE][PASSED] - Browser is opened with url: 'https://www.google.com/'

2024-08-20 23:07:50 - [TEST_STEP][PASSED] - driver = getWebDriver(): null

2024-08-20 23:07:50 - [TEST_STEP][PASSED] - baseUrl = "https://www.google.com/": null

2024-08-20 23:07:50 - [TEST_STEP][PASSED] - selenium = new com.thoughtworks.selenium.webdriven.WebDriverBackedSelenium(driver, baseUrl): null

2024-08-20 23:07:50 - [TEST_STEP][PASSED] - println("Begin Test: AmountInThousands2CC"): null

2024-08-20 23:07:50 - [TEST_STEP][PASSED] - emulatorURL = urlEmulator: null

2024-08-20 23:07:50 - [TEST_STEP][PASSED] - selenium.open(emulatorURL): null

2024-08-20 23:07:51 - [TEST_STEP][PASSED] - selenium.selectWindow("null"): null

2024-08-20 23:07:51 - [TEST_STEP][PASSED] - selenium.select("name=message_version", "label=2.3"): null

2024-08-20 23:07:51 - [TEST_STEP][PASSED] - selenium.waitForPageToLoad("30000"): null

2024-08-20 23:07:52 - [TEST_STEP][PASSED] - selenium.type("name=amount", 00".toString()): null

2024-08-20 23:07:52 - [TEST_STEP][PASSED] - selenium.type("name=client_account_number", "CAN12345"): null

2024-08-20 23:07:52 - [TEST_STEP][PASSED] - selenium.type("name=action_type", "PayNow"): null

2024-08-20 23:07:52 - [TEST_STEP][PASSED] - selenium.type("name=language", "en_US"): null

2024-08-20 23:07:52 - [TEST_STEP][PASSED] - selenium.type("name=billing_firstname", "Mandy"): null

2024-08-20 23:07:52 - [TEST_STEP][PASSED] - selenium.type("name=billing_lastname", "Iguera"): null

2024-08-20 23:07:52 - [TEST_STEP][PASSED] - selenium.type("name=billing_address", "56 World Center Drive".toString()): null

2024-08-20 23:07:52 - [TEST_STEP][PASSED] - selenium.type("name=billing_address2", "Suite 600".toString()): null

2024-08-20 23:07:52 - [TEST_STEP][PASSED] - selenium.type("name=billing_country_id", "840"): null

2024-08-20 23:07:52 - [TEST_STEP][PASSED] - selenium.type("name=billing_city", "Orlando"): null

2024-08-20 23:07:52 - [TEST_STEP][PASSED] - selenium.type("name=billing_state", "NH"): null

2024-08-20 23:07:52 - [TEST_STEP][PASSED] - selenium.type("name=billing_zip", "03106"): null

2024-08-20 23:07:52 - [TEST_STEP][PASSED] - selenium.type("name=order_number", "PPPPOOOO"): null

2024-08-20 23:07:52 - [TEST_STEP][PASSED] - selenium.type("name=user_defined1", "udf1"): null

2024-08-20 23:07:52 - [TEST_STEP][PASSED] - selenium.type("name=user_defined2", "udf2"): null

2024-08-20 23:07:53 - [TEST_STEP][PASSED] - selenium.type("name=user_defined3", "udf3"): null

2024-08-20 23:07:53 - [TEST_STEP][PASSED] - selenium.type("name=user_defined4", "Orange Label".toString()): null

2024-08-20 23:07:53 - [TEST_STEP][PASSED] - selenium.type("name=user_defined5", "Soccer Label".toString()): null

2024-08-20 23:07:53 - [TEST_STEP][PASSED] - selenium.click("name=submit"): null

2024-08-20 23:07:53 - [TEST_STEP][PASSED] - selenium.waitForPageToLoad("30000"): null

2024-08-20 23:07:53 - [TEST_STEP][PASSED] - testHarnessURL = urlTestHarness: null

2024-08-20 23:07:53 - [TEST_STEP][PASSED] - selenium.open(testHarnessURL): null

2024-08-20 23:07:54 - [TEST_STEP][PASSED] - Thread.sleep(2000): null

2024-08-20 23:07:56 - [TEST_STEP][PASSED] - selenium.type("name=application_id", "653"): null

2024-08-20 23:07:56 - [TEST_STEP][PASSED] - selenium.type("name=message_version", 3".toString()): null

2024-08-20 23:07:56 - [TEST_STEP][PASSED] - genRemIDVoid = RandomStringUtils.random(12, true, true): null

2024-08-20 23:07:56 - [TEST_STEP][PASSED] - selenium.type("name=remittance_id", genRemIDVoid): null

2024-08-20 23:07:56 - [TEST_STEP][PASSED] - selenium.click("css=input.formSubmit"): null

2024-08-20 23:07:57 - [TEST_STEP][PASSED] - selenium.waitForPageToLoad("30000"): null

2024-08-20 23:07:57 - [TEST_STEP][PASSED] - selenium.selectWindow("null"): null

2024-08-20 23:07:57 - [TEST_STEP][PASSED] - selenium.click("name=paymentMethod"): null

2024-08-20 23:07:57 - [TEST_STEP][PASSED] - selenium.click("css=input[type="submit"]"): null

2024-08-20 23:07:59 - [TEST_STEP][PASSED] - selenium.waitForPageToLoad("30000"): null

2024-08-20 23:08:00 - [TEST_STEP][PASSED] - selenium.type("name=amount", 00".toString()): null

2024-08-20 23:08:00 - [TEST_STEP][PASSED] - selenium.type("id=cardNumber", "4111111111111111"): null

2024-08-20 23:08:00 - [TEST_STEP][PASSED] - selenium.select("name=cardExpMonth", "label=04"): null

2024-08-20 23:08:00 - [TEST_STEP][PASSED] - selenium.select("name=cardExpYear", "label=2028"): null

2024-08-20 23:08:00 - [TEST_STEP][PASSED] - selenium.type("name=emailAddress", com".toString()): null

2024-08-20 23:08:00 - [TEST_STEP][PASSED] - selenium.click("id=checkedAcceptCondition"): null

2024-08-20 23:08:00 - [TEST_STEP][PASSED] - selenium.click("name=ccSubmit"): null

2024-08-20 23:08:01 - [TEST_STEP][PASSED] - selenium.waitForPageToLoad("30000"): null

2024-08-20 23:08:02 - [TEST_STEP][PASSED] - verifyTextPresent("Please verify the following information:", true): Text 'Please verify the following information:' is present on page  using regular expression

2024-08-20 23:08:02 - [MESSAGE][PASSED] - Text 'Please verify the following information:' is present on page  using regular expression

2024-08-20 23:08:02 - [TEST_STEP][PASSED] - verifyTextPresent("Is this information correct", true): Text 'Is this information correct' is present on page  using regular expression

2024-08-20 23:08:03 - [MESSAGE][PASSED] - Text 'Is this information correct' is present on page  using regular expression

2024-08-20 23:08:03 - [TEST_STEP][PASSED] - verifyTextPresent("$4,500.00", false): Text '$4,500.00' is present on page 

2024-08-20 23:08:03 - [MESSAGE][PASSED] - Text '$4,500.00' is present on page 

2024-08-20 23:08:03 - [TEST_STEP][PASSED] - selenium.click("name=confirmNotifyAction"): null

2024-08-20 23:08:03 - [TEST_STEP][PASSED] - selenium.waitForPageToLoad("30000"): null

2024-08-20 23:08:04 - [TEST_STEP][PASSED] - Thread.sleep(8000): null

2024-08-20 23:08:12 - [TEST_STEP][PASSED] - verifyTextPresent("Successful Payment Receipt", true): Text 'Successful Payment Receipt' is present on page  using regular expression

2024-08-20 23:08:12 - [MESSAGE][PASSED] - Text 'Successful Payment Receipt' is present on page  using regular expression

2024-08-20 23:08:12 - [TEST_STEP][PASSED] - verifyTextPresent("$4,500.00", false): Text '$4,500.00' is present on page 

2024-08-20 23:08:12 - [MESSAGE][PASSED] - Text '$4,500.00' is present on page 

2024-08-20 23:08:12 - [TEST_STEP][PASSED] - println("End Test: AmountInThousands2CC"): null]]></system-out>
         <system-err><![CDATA[]]></system-err>
      </testcase>
      <testcase name="Test Cases/IntegratedWeb/IWP23-SelIDE/AmountInThousands2PC" time="27.123" classname="Test Cases/IntegratedWeb/IWP23-SelIDE/AmountInThousands2PC" status="PASSED">
         <system-out><![CDATA[2024-08-20 23:08:12 - [TEST_CASE][PASSED] - Test Cases/IntegratedWeb/IWP23-SelIDE/AmountInThousands2PC: Test Cases/IntegratedWeb/IWP23-SelIDE/AmountInThousands2PC

2024-08-20 23:08:13 - [TEST_STEP][PASSED] - softAssertion = new org.testng.asserts.SoftAssert(): null

2024-08-20 23:08:13 - [TEST_STEP][PASSED] - openBrowser("https://www.google.com/"): Browser is opened with url: 'https://www.google.com/'

2024-08-20 23:08:13 - [MESSAGE][WARNING] - A browser is already opened. Closing browser and opening a new one

2024-08-20 23:08:14 - [MESSAGE][INFO] - Starting 'Chrome' driver

2024-08-20 23:08:14 - [MESSAGE][INFO] - User set preference: ['acceptInsecureCerts', 'true']

2024-08-20 23:08:14 - [MESSAGE][INFO] - Action delay is set to 0 milliseconds

2024-08-20 23:08:17 - [MESSAGE][PASSED] - Browser is opened with url: 'https://www.google.com/'

2024-08-20 23:08:17 - [TEST_STEP][PASSED] - driver = getWebDriver(): null

2024-08-20 23:08:17 - [TEST_STEP][PASSED] - baseUrl = "https://www.google.com/": null

2024-08-20 23:08:17 - [TEST_STEP][PASSED] - selenium = new com.thoughtworks.selenium.webdriven.WebDriverBackedSelenium(driver, baseUrl): null

2024-08-20 23:08:17 - [TEST_STEP][PASSED] - println("Begin Test: AmountInThousands2PC"): null

2024-08-20 23:08:17 - [TEST_STEP][PASSED] - emulatorURL = urlEmulator: null

2024-08-20 23:08:17 - [TEST_STEP][PASSED] - selenium.open(emulatorURL): null

2024-08-20 23:08:18 - [TEST_STEP][PASSED] - selenium.selectWindow("null"): null

2024-08-20 23:08:18 - [TEST_STEP][PASSED] - selenium.select("name=message_version", "label=2.3"): null

2024-08-20 23:08:18 - [TEST_STEP][PASSED] - selenium.waitForPageToLoad("30000"): null

2024-08-20 23:08:19 - [TEST_STEP][PASSED] - selenium.type("name=amount", 00".toString()): null

2024-08-20 23:08:19 - [TEST_STEP][PASSED] - selenium.type("name=client_account_number", "CAN12345"): null

2024-08-20 23:08:19 - [TEST_STEP][PASSED] - selenium.type("name=action_type", "PayNow"): null

2024-08-20 23:08:19 - [TEST_STEP][PASSED] - selenium.type("name=language", "en_US"): null

2024-08-20 23:08:19 - [TEST_STEP][PASSED] - selenium.type("name=billing_firstname", "Mandy"): null

2024-08-20 23:08:19 - [TEST_STEP][PASSED] - selenium.type("name=billing_lastname", "Iguera"): null

2024-08-20 23:08:19 - [TEST_STEP][PASSED] - selenium.type("name=billing_address", "56 World Center Drive".toString()): null

2024-08-20 23:08:19 - [TEST_STEP][PASSED] - selenium.type("name=billing_address2", "Suite 600".toString()): null

2024-08-20 23:08:19 - [TEST_STEP][PASSED] - selenium.type("name=billing_country_id", "840"): null

2024-08-20 23:08:19 - [TEST_STEP][PASSED] - selenium.type("name=billing_city", "Orlando"): null

2024-08-20 23:08:19 - [TEST_STEP][PASSED] - selenium.type("name=billing_state", "NH"): null

2024-08-20 23:08:19 - [TEST_STEP][PASSED] - selenium.type("name=billing_zip", "03106"): null

2024-08-20 23:08:19 - [TEST_STEP][PASSED] - selenium.type("name=order_number", "PPPPOOOO"): null

2024-08-20 23:08:19 - [TEST_STEP][PASSED] - selenium.type("name=user_defined1", "udf1"): null

2024-08-20 23:08:19 - [TEST_STEP][PASSED] - selenium.type("name=user_defined2", "udf2"): null

2024-08-20 23:08:19 - [TEST_STEP][PASSED] - selenium.type("name=user_defined3", "udf3"): null

2024-08-20 23:08:19 - [TEST_STEP][PASSED] - selenium.type("name=user_defined4", "Orange Label".toString()): null

2024-08-20 23:08:19 - [TEST_STEP][PASSED] - selenium.type("name=user_defined5", "Soccer Label".toString()): null

2024-08-20 23:08:20 - [TEST_STEP][PASSED] - selenium.click("name=submit"): null

2024-08-20 23:08:20 - [TEST_STEP][PASSED] - selenium.waitForPageToLoad("30000"): null

2024-08-20 23:08:20 - [TEST_STEP][PASSED] - Thread.sleep(2000): null

2024-08-20 23:08:22 - [TEST_STEP][PASSED] - testHarnessURL = urlTestHarness: null

2024-08-20 23:08:22 - [TEST_STEP][PASSED] - selenium.open(testHarnessURL): null

2024-08-20 23:08:23 - [TEST_STEP][PASSED] - selenium.type("name=application_id", "653"): null

2024-08-20 23:08:23 - [TEST_STEP][PASSED] - selenium.type("name=message_version", 3".toString()): null

2024-08-20 23:08:23 - [TEST_STEP][PASSED] - genRemIDVoid = RandomStringUtils.random(12, true, true): null

2024-08-20 23:08:23 - [TEST_STEP][PASSED] - selenium.type("name=remittance_id", genRemIDVoid): null

2024-08-20 23:08:23 - [TEST_STEP][PASSED] - selenium.click("css=input.formSubmit"): null

2024-08-20 23:08:24 - [TEST_STEP][PASSED] - selenium.waitForPageToLoad("30000"): null

2024-08-20 23:08:25 - [TEST_STEP][PASSED] - selenium.click("xpath=(//input[@name='paymentMethod'])[2]"): null

2024-08-20 23:08:25 - [TEST_STEP][PASSED] - selenium.click("css=input[type="submit"]"): null

2024-08-20 23:08:26 - [TEST_STEP][PASSED] - selenium.waitForPageToLoad("30000"): null

2024-08-20 23:08:27 - [TEST_STEP][PASSED] - selenium.type("name=amount", 00".toString()): null

2024-08-20 23:08:27 - [TEST_STEP][PASSED] - selenium.type("name=billingFirstname", "Mike"): null

2024-08-20 23:08:27 - [TEST_STEP][PASSED] - selenium.type("name=billingLastname", "Chingiti"): null

2024-08-20 23:08:27 - [TEST_STEP][PASSED] - selenium.type("id=routingNumber", "256072691"): null

2024-08-20 23:08:27 - [TEST_STEP][PASSED] - selenium.type("id=accountNumber", "11111111"): null

2024-08-20 23:08:27 - [TEST_STEP][PASSED] - selenium.type("id=confirmAccountNumber", "11111111"): null

2024-08-20 23:08:27 - [TEST_STEP][PASSED] - selenium.click("name=accountType"): null

2024-08-20 23:08:27 - [TEST_STEP][PASSED] - selenium.type("name=billingAddress", "104 main road".toString()): null

2024-08-20 23:08:27 - [TEST_STEP][PASSED] - selenium.type("name=billingAddress2", ""): null

2024-08-20 23:08:27 - [TEST_STEP][PASSED] - selenium.type("id=billing-zip-input", "22201"): null

2024-08-20 23:08:28 - [TEST_STEP][PASSED] - selenium.click("id=checkedAcceptCondition"): null

2024-08-20 23:08:28 - [TEST_STEP][PASSED] - selenium.click("name=achSubmit"): null

2024-08-20 23:08:28 - [TEST_STEP][PASSED] - selenium.waitForPageToLoad("30000"): null

2024-08-20 23:08:29 - [TEST_STEP][PASSED] - verifyTextPresent("Please verify the following information:", true): Text 'Please verify the following information:' is present on page  using regular expression

2024-08-20 23:08:29 - [MESSAGE][PASSED] - Text 'Please verify the following information:' is present on page  using regular expression

2024-08-20 23:08:29 - [TEST_STEP][PASSED] - verifyTextPresent("Is this information correct", true): Text 'Is this information correct' is present on page  using regular expression

2024-08-20 23:08:29 - [MESSAGE][PASSED] - Text 'Is this information correct' is present on page  using regular expression

2024-08-20 23:08:29 - [TEST_STEP][PASSED] - verifyTextPresent("$4,500.00", false): Text '$4,500.00' is present on page 

2024-08-20 23:08:30 - [MESSAGE][PASSED] - Text '$4,500.00' is present on page 

2024-08-20 23:08:30 - [TEST_STEP][PASSED] - selenium.click("name=confirmNotifyAction"): null

2024-08-20 23:08:30 - [TEST_STEP][PASSED] - selenium.waitForPageToLoad("30000"): null

2024-08-20 23:08:31 - [TEST_STEP][PASSED] - Thread.sleep(8000): null

2024-08-20 23:08:39 - [TEST_STEP][PASSED] - softAssertion.assertEquals("Successful Payment Receipt", selenium.getText("css=td > h2")): null

2024-08-20 23:08:39 - [TEST_STEP][PASSED] - softAssertion.assertEquals(Pattern.matches("selenium.getText("css=div.main_col")", "4,500.00.*"), true): null

2024-08-20 23:08:39 - [TEST_STEP][PASSED] - verifyTextPresent("Successful Payment Receipt", true): Text 'Successful Payment Receipt' is present on page  using regular expression

2024-08-20 23:08:39 - [MESSAGE][PASSED] - Text 'Successful Payment Receipt' is present on page  using regular expression

2024-08-20 23:08:39 - [TEST_STEP][PASSED] - verifyTextPresent("$4,500.00", false): Text '$4,500.00' is present on page 

2024-08-20 23:08:40 - [MESSAGE][PASSED] - Text '$4,500.00' is present on page 

2024-08-20 23:08:40 - [TEST_STEP][PASSED] - println("End Test: AmountInThousands2PC"): null]]></system-out>
         <system-err><![CDATA[]]></system-err>
      </testcase>
      <testcase name="Test Cases/IntegratedWeb/IWP23-SelIDE/AmpersandCC" time="46.335" classname="Test Cases/IntegratedWeb/IWP23-SelIDE/AmpersandCC" status="PASSED">
         <system-out><![CDATA[2024-08-20 23:08:40 - [TEST_CASE][PASSED] - Test Cases/IntegratedWeb/IWP23-SelIDE/AmpersandCC: Test Cases/IntegratedWeb/IWP23-SelIDE/AmpersandCC

2024-08-20 23:08:40 - [TEST_STEP][PASSED] - softAssertion = new org.testng.asserts.SoftAssert(): null

2024-08-20 23:08:40 - [TEST_STEP][PASSED] - openBrowser("https://www.google.com/"): Browser is opened with url: 'https://www.google.com/'

2024-08-20 23:08:40 - [MESSAGE][WARNING] - A browser is already opened. Closing browser and opening a new one

2024-08-20 23:08:41 - [MESSAGE][INFO] - Starting 'Chrome' driver

2024-08-20 23:08:41 - [MESSAGE][INFO] - User set preference: ['acceptInsecureCerts', 'true']

2024-08-20 23:08:41 - [MESSAGE][INFO] - Action delay is set to 0 milliseconds

2024-08-20 23:08:44 - [MESSAGE][PASSED] - Browser is opened with url: 'https://www.google.com/'

2024-08-20 23:08:44 - [TEST_STEP][PASSED] - driver = getWebDriver(): null

2024-08-20 23:08:44 - [TEST_STEP][PASSED] - baseUrl = "https://www.google.com/": null

2024-08-20 23:08:44 - [TEST_STEP][PASSED] - selenium = new com.thoughtworks.selenium.webdriven.WebDriverBackedSelenium(driver, baseUrl): null

2024-08-20 23:08:44 - [TEST_STEP][PASSED] - println("Begin Test: AmpersandCC"): null

2024-08-20 23:08:44 - [TEST_STEP][PASSED] - emulatorURL = urlEmulator: null

2024-08-20 23:08:44 - [TEST_STEP][PASSED] - selenium.open(emulatorURL): null

2024-08-20 23:08:45 - [TEST_STEP][PASSED] - selenium.selectWindow("null"): null

2024-08-20 23:08:45 - [TEST_STEP][PASSED] - selenium.select("name=message_version", "label=2.3"): null

2024-08-20 23:08:45 - [TEST_STEP][PASSED] - selenium.waitForPageToLoad("30000"): null

2024-08-20 23:08:45 - [TEST_STEP][PASSED] - selenium.type("name=amount", 00".toString()): null

2024-08-20 23:08:45 - [TEST_STEP][PASSED] - selenium.type("name=client_account_number", "CAN12345"): null

2024-08-20 23:08:46 - [TEST_STEP][PASSED] - selenium.type("name=action_type", "PayNow"): null

2024-08-20 23:08:46 - [TEST_STEP][PASSED] - selenium.type("name=language", "en_US"): null

2024-08-20 23:08:46 - [TEST_STEP][PASSED] - selenium.type("name=billing_firstname", "Mandy"): null

2024-08-20 23:08:46 - [TEST_STEP][PASSED] - selenium.type("name=billing_lastname", "Iguera"): null

2024-08-20 23:08:46 - [TEST_STEP][PASSED] - selenium.type("name=billing_address", "56 World Center Drive".toString()): null

2024-08-20 23:08:46 - [TEST_STEP][PASSED] - selenium.type("name=billing_address2", "Suite 600".toString()): null

2024-08-20 23:08:46 - [TEST_STEP][PASSED] - selenium.type("name=billing_country_id", "840"): null

2024-08-20 23:08:46 - [TEST_STEP][PASSED] - selenium.type("name=billing_city", "Orlando"): null

2024-08-20 23:08:46 - [TEST_STEP][PASSED] - selenium.type("name=billing_state", "NH"): null

2024-08-20 23:08:46 - [TEST_STEP][PASSED] - selenium.type("name=billing_zip", "03106"): null

2024-08-20 23:08:46 - [TEST_STEP][PASSED] - selenium.type("name=order_number", "PPPPOOOO"): null

2024-08-20 23:08:46 - [TEST_STEP][PASSED] - selenium.type("name=user_defined1", "udf1"): null

2024-08-20 23:08:46 - [TEST_STEP][PASSED] - selenium.type("name=user_defined2", "udf2"): null

2024-08-20 23:08:46 - [TEST_STEP][PASSED] - selenium.type("name=user_defined3", "udf3"): null

2024-08-20 23:08:46 - [TEST_STEP][PASSED] - selenium.type("name=user_defined4", "Orange Label".toString()): null

2024-08-20 23:08:46 - [TEST_STEP][PASSED] - selenium.type("name=user_defined5", "Soccer Label".toString()): null

2024-08-20 23:08:46 - [TEST_STEP][PASSED] - selenium.click("name=submit"): null

2024-08-20 23:08:47 - [TEST_STEP][PASSED] - selenium.waitForPageToLoad("30000"): null

2024-08-20 23:08:47 - [TEST_STEP][PASSED] - testHarnessURL = urlTestHarness: null

2024-08-20 23:08:47 - [TEST_STEP][PASSED] - selenium.open(testHarnessURL): null

2024-08-20 23:08:47 - [TEST_STEP][PASSED] - Thread.sleep(20000): null

2024-08-20 23:09:07 - [TEST_STEP][PASSED] - selenium.type("name=application_id", "635"): null

2024-08-20 23:09:08 - [TEST_STEP][PASSED] - selenium.type("name=message_version", 3".toString()): null

2024-08-20 23:09:08 - [TEST_STEP][PASSED] - genRemIDVoid = RandomStringUtils.random(12, true, true): null

2024-08-20 23:09:08 - [TEST_STEP][PASSED] - selenium.type("name=remittance_id", genRemIDVoid): null

2024-08-20 23:09:08 - [TEST_STEP][PASSED] - selenium.click("css=input.formSubmit"): null

2024-08-20 23:09:08 - [TEST_STEP][PASSED] - selenium.waitForPageToLoad("30000"): null

2024-08-20 23:09:09 - [TEST_STEP][PASSED] - selenium.selectWindow("null"): null

2024-08-20 23:09:09 - [TEST_STEP][PASSED] - selenium.click("name=paymentMethod"): null

2024-08-20 23:09:09 - [TEST_STEP][PASSED] - selenium.click("css=input[type="submit"]"): null

2024-08-20 23:09:10 - [TEST_STEP][PASSED] - selenium.waitForPageToLoad("30000"): null

2024-08-20 23:09:11 - [TEST_STEP][PASSED] - selenium.type("id=cardNumber", "4111111111111111"): null

2024-08-20 23:09:11 - [TEST_STEP][PASSED] - selenium.type("id=spc", "123"): null

2024-08-20 23:09:11 - [TEST_STEP][PASSED] - selenium.select("name=cardExpMonth", "label=04"): null

2024-08-20 23:09:11 - [TEST_STEP][PASSED] - selenium.select("name=cardExpYear", "label=2028"): null

2024-08-20 23:09:11 - [TEST_STEP][PASSED] - selenium.type("name=billingName", "CardName & Son Mai Johnson & Son Mai Johnson & S".toString()): null

2024-08-20 23:09:11 - [TEST_STEP][PASSED] - selenium.type("name=billingAddress", "AddLine1 & Son Mai Johnson & Son Mai Johnson & S".toString()): null

2024-08-20 23:09:11 - [TEST_STEP][PASSED] - selenium.type("name=billingAddress2", "AddLine2 & Son Mai Johnson & Son Mai Johnson & S".toString()): null

2024-08-20 23:09:11 - [TEST_STEP][PASSED] - selenium.type("name=emailAddress", com".toString()): null

2024-08-20 23:09:11 - [TEST_STEP][PASSED] - selenium.click("id=checkedAcceptCondition"): null

2024-08-20 23:09:11 - [TEST_STEP][PASSED] - selenium.click("name=ccSubmit"): null

2024-08-20 23:09:12 - [TEST_STEP][PASSED] - selenium.waitForPageToLoad("30000"): null

2024-08-20 23:09:12 - [TEST_STEP][PASSED] - verifyTextPresent("Please verify the following information:", true): Text 'Please verify the following information:' is present on page  using regular expression

2024-08-20 23:09:13 - [MESSAGE][PASSED] - Text 'Please verify the following information:' is present on page  using regular expression

2024-08-20 23:09:13 - [TEST_STEP][PASSED] - verifyTextPresent("CardName & Son Mai Johnson & Son Mai Johnson & S", true): Text 'CardName & Son Mai Johnson & Son Mai Johnson & S' is present on page  using regular expression

2024-08-20 23:09:13 - [MESSAGE][PASSED] - Text 'CardName & Son Mai Johnson & Son Mai Johnson & S' is present on page  using regular expression

2024-08-20 23:09:13 - [TEST_STEP][PASSED] - verifyTextPresent("AddLine1 & Son Mai Johnson & Son Mai Johnson & S", true): Text 'AddLine1 & Son Mai Johnson & Son Mai Johnson & S' is present on page  using regular expression

2024-08-20 23:09:13 - [MESSAGE][PASSED] - Text 'AddLine1 & Son Mai Johnson & Son Mai Johnson & S' is present on page  using regular expression

2024-08-20 23:09:13 - [TEST_STEP][PASSED] - verifyTextPresent("AddLine2 & Son Mai Johnson & Son Mai Johnson & S", true): Text 'AddLine2 & Son Mai Johnson & Son Mai Johnson & S' is present on page  using regular expression

2024-08-20 23:09:14 - [MESSAGE][PASSED] - Text 'AddLine2 & Son Mai Johnson & Son Mai Johnson & S' is present on page  using regular expression

2024-08-20 23:09:14 - [TEST_STEP][PASSED] - verifyTextPresent("Is this information correct", true): Text 'Is this information correct' is present on page  using regular expression

2024-08-20 23:09:14 - [MESSAGE][PASSED] - Text 'Is this information correct' is present on page  using regular expression

2024-08-20 23:09:14 - [TEST_STEP][PASSED] - selenium.click("name=confirmNotifyAction"): null

2024-08-20 23:09:14 - [TEST_STEP][PASSED] - selenium.waitForPageToLoad("30000"): null

2024-08-20 23:09:15 - [TEST_STEP][PASSED] - Thread.sleep(8000): null

2024-08-20 23:09:23 - [TEST_STEP][PASSED] - verifyTextPresent("Successful Payment Receipt", true): Text 'Successful Payment Receipt' is present on page  using regular expression

2024-08-20 23:09:23 - [MESSAGE][PASSED] - Text 'Successful Payment Receipt' is present on page  using regular expression

2024-08-20 23:09:23 - [TEST_STEP][PASSED] - verifyTextPresent("Please print this receipt for your records", true): Text 'Please print this receipt for your records' is present on page  using regular expression

2024-08-20 23:09:23 - [MESSAGE][PASSED] - Text 'Please print this receipt for your records' is present on page  using regular expression

2024-08-20 23:09:23 - [TEST_STEP][PASSED] - verifyTextPresent("$10.00", false): Text '$10.00' is present on page 

2024-08-20 23:09:24 - [MESSAGE][PASSED] - Text '$10.00' is present on page 

2024-08-20 23:09:24 - [TEST_STEP][PASSED] - verifyTextPresent("Authorization and Capture", true): Text 'Authorization and Capture' is present on page  using regular expression

2024-08-20 23:09:24 - [MESSAGE][PASSED] - Text 'Authorization and Capture' is present on page  using regular expression

2024-08-20 23:09:24 - [TEST_STEP][PASSED] - verifyTextPresent("CARDNAME & SON MAI JOHNSON & SON MAI JOHNSON & S", true): Text 'CARDNAME & SON MAI JOHNSON & SON MAI JOHNSON & S' is present on page  using regular expression

2024-08-20 23:09:24 - [MESSAGE][PASSED] - Text 'CARDNAME & SON MAI JOHNSON & SON MAI JOHNSON & S' is present on page  using regular expression

2024-08-20 23:09:24 - [TEST_STEP][PASSED] - verifyTextPresent("1111", true): Text '1111' is present on page  using regular expression

2024-08-20 23:09:24 - [MESSAGE][PASSED] - Text '1111' is present on page  using regular expression

2024-08-20 23:09:24 - [TEST_STEP][PASSED] - verifyTextPresent("AddLine1 & Son Mai Johnson & Son Mai Johnson & S", true): Text 'AddLine1 & Son Mai Johnson & Son Mai Johnson & S' is present on page  using regular expression

2024-08-20 23:09:25 - [MESSAGE][PASSED] - Text 'AddLine1 & Son Mai Johnson & Son Mai Johnson & S' is present on page  using regular expression

2024-08-20 23:09:25 - [TEST_STEP][PASSED] - verifyTextPresent("AddLine2 & Son Mai Johnson & Son Mai Johnson & S", true): Text 'AddLine2 & Son Mai Johnson & Son Mai Johnson & S' is present on page  using regular expression

2024-08-20 23:09:25 - [MESSAGE][PASSED] - Text 'AddLine2 & Son Mai Johnson & Son Mai Johnson & S' is present on page  using regular expression

2024-08-20 23:09:25 - [TEST_STEP][PASSED] - verifyTextPresent("United States", true): Text 'United States' is present on page  using regular expression

2024-08-20 23:09:25 - [MESSAGE][PASSED] - Text 'United States' is present on page  using regular expression

2024-08-20 23:09:25 - [TEST_STEP][PASSED] - verifyTextPresent("HOOKSETT", true): Text 'HOOKSETT' is present on page  using regular expression

2024-08-20 23:09:25 - [MESSAGE][PASSED] - Text 'HOOKSETT' is present on page  using regular expression

2024-08-20 23:09:25 - [TEST_STEP][PASSED] - verifyTextPresent("NH", true): Text 'NH' is present on page  using regular expression

2024-08-20 23:09:26 - [MESSAGE][PASSED] - Text 'NH' is present on page  using regular expression

2024-08-20 23:09:26 - [TEST_STEP][PASSED] - verifyTextPresent("03106", true): Text '03106' is present on page  using regular expression

2024-08-20 23:09:26 - [MESSAGE][PASSED] - Text '03106' is present on page  using regular expression

2024-08-20 23:09:26 - [TEST_STEP][PASSED] - println("End Test: AmpersandCC"): null]]></system-out>
         <system-err><![CDATA[]]></system-err>
      </testcase>
      <testcase name="Test Cases/IntegratedWeb/IWP23-SelIDE/AmpersandCorp" time="28.025" classname="Test Cases/IntegratedWeb/IWP23-SelIDE/AmpersandCorp" status="PASSED">
         <system-out><![CDATA[2024-08-20 23:09:26 - [TEST_CASE][PASSED] - Test Cases/IntegratedWeb/IWP23-SelIDE/AmpersandCorp: Test Cases/IntegratedWeb/IWP23-SelIDE/AmpersandCorp

2024-08-20 23:09:27 - [TEST_STEP][PASSED] - softAssertion = new org.testng.asserts.SoftAssert(): null

2024-08-20 23:09:27 - [TEST_STEP][PASSED] - openBrowser("https://www.google.com/"): Browser is opened with url: 'https://www.google.com/'

2024-08-20 23:09:27 - [MESSAGE][WARNING] - A browser is already opened. Closing browser and opening a new one

2024-08-20 23:09:28 - [MESSAGE][INFO] - Starting 'Chrome' driver

2024-08-20 23:09:28 - [MESSAGE][INFO] - User set preference: ['acceptInsecureCerts', 'true']

2024-08-20 23:09:28 - [MESSAGE][INFO] - Action delay is set to 0 milliseconds

2024-08-20 23:09:31 - [MESSAGE][PASSED] - Browser is opened with url: 'https://www.google.com/'

2024-08-20 23:09:31 - [TEST_STEP][PASSED] - driver = getWebDriver(): null

2024-08-20 23:09:31 - [TEST_STEP][PASSED] - baseUrl = "https://www.google.com/": null

2024-08-20 23:09:31 - [TEST_STEP][PASSED] - selenium = new com.thoughtworks.selenium.webdriven.WebDriverBackedSelenium(driver, baseUrl): null

2024-08-20 23:09:31 - [TEST_STEP][PASSED] - println("Begin Test: AmpersandCorp"): null

2024-08-20 23:09:31 - [TEST_STEP][PASSED] - emulatorURL = urlEmulator: null

2024-08-20 23:09:31 - [TEST_STEP][PASSED] - selenium.open(emulatorURL): null

2024-08-20 23:09:31 - [TEST_STEP][PASSED] - selenium.selectWindow("null"): null

2024-08-20 23:09:31 - [TEST_STEP][PASSED] - selenium.select("name=message_version", "label=2.3"): null

2024-08-20 23:09:31 - [TEST_STEP][PASSED] - selenium.waitForPageToLoad("30000"): null

2024-08-20 23:09:32 - [TEST_STEP][PASSED] - selenium.type("name=amount", 00".toString()): null

2024-08-20 23:09:32 - [TEST_STEP][PASSED] - selenium.type("name=client_account_number", "CAN12345"): null

2024-08-20 23:09:32 - [TEST_STEP][PASSED] - selenium.type("name=action_type", "PayNow"): null

2024-08-20 23:09:32 - [TEST_STEP][PASSED] - selenium.type("name=language", "en_US"): null

2024-08-20 23:09:32 - [TEST_STEP][PASSED] - selenium.type("name=billing_firstname", "Mandy"): null

2024-08-20 23:09:32 - [TEST_STEP][PASSED] - selenium.type("name=billing_lastname", "Iguera"): null

2024-08-20 23:09:32 - [TEST_STEP][PASSED] - selenium.type("name=billing_address", "56 World Center Drive".toString()): null

2024-08-20 23:09:32 - [TEST_STEP][PASSED] - selenium.type("name=billing_address2", "Suite 600".toString()): null

2024-08-20 23:09:32 - [TEST_STEP][PASSED] - selenium.type("name=billing_country_id", "840"): null

2024-08-20 23:09:32 - [TEST_STEP][PASSED] - selenium.type("name=billing_city", "Orlando"): null

2024-08-20 23:09:32 - [TEST_STEP][PASSED] - selenium.type("name=billing_state", "NH"): null

2024-08-20 23:09:32 - [TEST_STEP][PASSED] - selenium.type("name=billing_zip", "03106"): null

2024-08-20 23:09:32 - [TEST_STEP][PASSED] - selenium.type("name=order_number", "PPPPOOOO"): null

2024-08-20 23:09:33 - [TEST_STEP][PASSED] - selenium.type("name=user_defined1", "udf1"): null

2024-08-20 23:09:33 - [TEST_STEP][PASSED] - selenium.type("name=user_defined2", "udf2"): null

2024-08-20 23:09:33 - [TEST_STEP][PASSED] - selenium.type("name=user_defined3", "udf3"): null

2024-08-20 23:09:33 - [TEST_STEP][PASSED] - selenium.type("name=user_defined4", "Orange Label".toString()): null

2024-08-20 23:09:33 - [TEST_STEP][PASSED] - selenium.type("name=user_defined5", "Soccer Label".toString()): null

2024-08-20 23:09:33 - [TEST_STEP][PASSED] - selenium.click("name=submit"): null

2024-08-20 23:09:33 - [TEST_STEP][PASSED] - selenium.waitForPageToLoad("30000"): null

2024-08-20 23:09:33 - [TEST_STEP][PASSED] - Thread.sleep(2000): null

2024-08-20 23:09:35 - [TEST_STEP][PASSED] - testHarnessURL = urlTestHarness: null

2024-08-20 23:09:35 - [TEST_STEP][PASSED] - selenium.open(testHarnessURL): null

2024-08-20 23:09:36 - [TEST_STEP][PASSED] - selenium.type("name=application_id", "635"): null

2024-08-20 23:09:36 - [TEST_STEP][PASSED] - selenium.type("name=message_version", 3".toString()): null

2024-08-20 23:09:36 - [TEST_STEP][PASSED] - genRemIDVoid = RandomStringUtils.random(12, true, true): null

2024-08-20 23:09:36 - [TEST_STEP][PASSED] - selenium.type("name=remittance_id", genRemIDVoid): null

2024-08-20 23:09:36 - [TEST_STEP][PASSED] - selenium.click("css=input.formSubmit"): null

2024-08-20 23:09:37 - [TEST_STEP][PASSED] - selenium.waitForPageToLoad("30000"): null

2024-08-20 23:09:37 - [TEST_STEP][PASSED] - selenium.click("xpath=(//input[@name='paymentMethod'])[3]"): null

2024-08-20 23:09:37 - [TEST_STEP][PASSED] - selenium.click("css=input[type="submit"]"): null

2024-08-20 23:09:38 - [TEST_STEP][PASSED] - selenium.waitForPageToLoad("30000"): null

2024-08-20 23:09:39 - [TEST_STEP][PASSED] - selenium.type("name=amount", 50".toString()): null

2024-08-20 23:09:39 - [TEST_STEP][PASSED] - selenium.type("name=userDefined2", "udf2 data".toString()): null

2024-08-20 23:09:39 - [TEST_STEP][PASSED] - selenium.type("name=userDefined3", "udf3 data".toString()): null

2024-08-20 23:09:39 - [TEST_STEP][PASSED] - selenium.select("name=variableField4DropdownGroupItemID", "label=Purple"): null

2024-08-20 23:09:39 - [TEST_STEP][PASSED] - selenium.select("name=variableField5DropdownGroupItemID", "label=Tennis"): null

2024-08-20 23:09:39 - [TEST_STEP][PASSED] - selenium.type("name=billingCompanyname", "CompName & Son MaintenanceA".toString()): null

2024-08-20 23:09:39 - [TEST_STEP][PASSED] - selenium.type("id=routingNumber", "256072691"): null

2024-08-20 23:09:39 - [TEST_STEP][PASSED] - selenium.type("id=accountNumber", "33333333"): null

2024-08-20 23:09:39 - [TEST_STEP][PASSED] - selenium.type("id=confirmAccountNumber", "33333333"): null

2024-08-20 23:09:39 - [TEST_STEP][PASSED] - selenium.type("name=ein", "123456789"): null

2024-08-20 23:09:39 - [TEST_STEP][PASSED] - selenium.type("name=billingAddress", "AddLine1 & Son Mai Johnson & Son Mai Johnson & S".toString()): null

2024-08-20 23:09:40 - [TEST_STEP][PASSED] - selenium.type("name=billingAddress2", "AddLine2 & Son Mai Johnson & Son Mai Johnson & S".toString()): null

2024-08-20 23:09:40 - [TEST_STEP][PASSED] - selenium.type("id=billing-zip-input", "22201"): null

2024-08-20 23:09:40 - [TEST_STEP][PASSED] - selenium.type("name=emailAddress", com".toString()): null

2024-08-20 23:09:40 - [TEST_STEP][PASSED] - selenium.click("id=checkedAcceptCondition"): null

2024-08-20 23:09:40 - [TEST_STEP][PASSED] - selenium.click("name=achSubmit"): null

2024-08-20 23:09:41 - [TEST_STEP][PASSED] - selenium.waitForPageToLoad("30000"): null

2024-08-20 23:09:41 - [TEST_STEP][PASSED] - verifyTextPresent("Please verify the following information:", true): Text 'Please verify the following information:' is present on page  using regular expression

2024-08-20 23:09:41 - [MESSAGE][PASSED] - Text 'Please verify the following information:' is present on page  using regular expression

2024-08-20 23:09:41 - [TEST_STEP][PASSED] - verifyTextPresent("Is this information correct", true): Text 'Is this information correct' is present on page  using regular expression

2024-08-20 23:09:42 - [MESSAGE][PASSED] - Text 'Is this information correct' is present on page  using regular expression

2024-08-20 23:09:42 - [TEST_STEP][PASSED] - verifyTextPresent("$10.50", false): Text '$10.50' is present on page 

2024-08-20 23:09:42 - [MESSAGE][PASSED] - Text '$10.50' is present on page 

2024-08-20 23:09:42 - [TEST_STEP][PASSED] - verifyTextPresent("CompName & Son MaintenanceA", true): Text 'CompName & Son MaintenanceA' is present on page  using regular expression

2024-08-20 23:09:42 - [MESSAGE][PASSED] - Text 'CompName & Son MaintenanceA' is present on page  using regular expression

2024-08-20 23:09:42 - [TEST_STEP][PASSED] - verifyTextPresent("AddLine1 & Son Mai Johnson & Son Mai Johnson & S", true): Text 'AddLine1 & Son Mai Johnson & Son Mai Johnson & S' is present on page  using regular expression

2024-08-20 23:09:42 - [MESSAGE][PASSED] - Text 'AddLine1 & Son Mai Johnson & Son Mai Johnson & S' is present on page  using regular expression

2024-08-20 23:09:42 - [TEST_STEP][PASSED] - verifyTextPresent("AddLine2 & Son Mai Johnson & Son Mai Johnson & S", true): Text 'AddLine2 & Son Mai Johnson & Son Mai Johnson & S' is present on page  using regular expression

2024-08-20 23:09:43 - [MESSAGE][PASSED] - Text 'AddLine2 & Son Mai Johnson & Son Mai Johnson & S' is present on page  using regular expression

2024-08-20 23:09:43 - [TEST_STEP][PASSED] - selenium.click("name=confirmNotifyAction"): null

2024-08-20 23:09:43 - [TEST_STEP][PASSED] - selenium.waitForPageToLoad("30000"): null

2024-08-20 23:09:44 - [TEST_STEP][PASSED] - Thread.sleep(8000): null

2024-08-20 23:09:52 - [TEST_STEP][PASSED] - verifyTextPresent("Successful Payment Receipt", true): Text 'Successful Payment Receipt' is present on page  using regular expression

2024-08-20 23:09:52 - [MESSAGE][PASSED] - Text 'Successful Payment Receipt' is present on page  using regular expression

2024-08-20 23:09:52 - [TEST_STEP][PASSED] - verifyTextPresent("Please print this receipt for your records", true): Text 'Please print this receipt for your records' is present on page  using regular expression

2024-08-20 23:09:52 - [MESSAGE][PASSED] - Text 'Please print this receipt for your records' is present on page  using regular expression

2024-08-20 23:09:52 - [TEST_STEP][PASSED] - verifyTextPresent("$10.50", false): Text '$10.50' is present on page 

2024-08-20 23:09:52 - [MESSAGE][PASSED] - Text '$10.50' is present on page 

2024-08-20 23:09:52 - [TEST_STEP][PASSED] - verifyTextPresent("Debit", true): Text 'Debit' is present on page  using regular expression

2024-08-20 23:09:53 - [MESSAGE][PASSED] - Text 'Debit' is present on page  using regular expression

2024-08-20 23:09:53 - [TEST_STEP][PASSED] - verifyTextPresent("Corporate", true): Text 'Corporate' is present on page  using regular expression

2024-08-20 23:09:53 - [MESSAGE][PASSED] - Text 'Corporate' is present on page  using regular expression

2024-08-20 23:09:53 - [TEST_STEP][PASSED] - verifyTextPresent("Checking", true): Text 'Checking' is present on page  using regular expression

2024-08-20 23:09:53 - [MESSAGE][PASSED] - Text 'Checking' is present on page  using regular expression

2024-08-20 23:09:53 - [TEST_STEP][PASSED] - verifyTextPresent("CompName & Son MaintenanceA", true): Text 'CompName & Son MaintenanceA' is present on page  using regular expression

2024-08-20 23:09:53 - [MESSAGE][PASSED] - Text 'CompName & Son MaintenanceA' is present on page  using regular expression

2024-08-20 23:09:53 - [TEST_STEP][PASSED] - verifyTextPresent("AddLine1 & Son Mai Johnson & Son Mai Johnson & S", true): Text 'AddLine1 & Son Mai Johnson & Son Mai Johnson & S' is present on page  using regular expression

2024-08-20 23:09:54 - [MESSAGE][PASSED] - Text 'AddLine1 & Son Mai Johnson & Son Mai Johnson & S' is present on page  using regular expression

2024-08-20 23:09:54 - [TEST_STEP][PASSED] - verifyTextPresent("AddLine2 & Son Mai Johnson & Son Mai Johnson & S", true): Text 'AddLine2 & Son Mai Johnson & Son Mai Johnson & S' is present on page  using regular expression

2024-08-20 23:09:54 - [MESSAGE][PASSED] - Text 'AddLine2 & Son Mai Johnson & Son Mai Johnson & S' is present on page  using regular expression

2024-08-20 23:09:54 - [TEST_STEP][PASSED] - println("End Test: AmpersandCorp"): null]]></system-out>
         <system-err><![CDATA[]]></system-err>
      </testcase>
      <testcase name="Test Cases/IntegratedWeb/IWP23-SelIDE/AmpersandPC" time="28.244" classname="Test Cases/IntegratedWeb/IWP23-SelIDE/AmpersandPC" status="PASSED">
         <system-out><![CDATA[2024-08-20 23:09:54 - [TEST_CASE][PASSED] - Test Cases/IntegratedWeb/IWP23-SelIDE/AmpersandPC: Test Cases/IntegratedWeb/IWP23-SelIDE/AmpersandPC

2024-08-20 23:09:55 - [TEST_STEP][PASSED] - softAssertion = new org.testng.asserts.SoftAssert(): null

2024-08-20 23:09:55 - [TEST_STEP][PASSED] - openBrowser("https://www.google.com/"): Browser is opened with url: 'https://www.google.com/'

2024-08-20 23:09:55 - [MESSAGE][WARNING] - A browser is already opened. Closing browser and opening a new one

2024-08-20 23:09:56 - [MESSAGE][INFO] - Starting 'Chrome' driver

2024-08-20 23:09:56 - [MESSAGE][INFO] - User set preference: ['acceptInsecureCerts', 'true']

2024-08-20 23:09:56 - [MESSAGE][INFO] - Action delay is set to 0 milliseconds

2024-08-20 23:09:59 - [MESSAGE][PASSED] - Browser is opened with url: 'https://www.google.com/'

2024-08-20 23:09:59 - [TEST_STEP][PASSED] - driver = getWebDriver(): null

2024-08-20 23:09:59 - [TEST_STEP][PASSED] - baseUrl = "https://www.google.com/": null

2024-08-20 23:09:59 - [TEST_STEP][PASSED] - selenium = new com.thoughtworks.selenium.webdriven.WebDriverBackedSelenium(driver, baseUrl): null

2024-08-20 23:09:59 - [TEST_STEP][PASSED] - println("Begin Test: AmpersandPC"): null

2024-08-20 23:09:59 - [TEST_STEP][PASSED] - emulatorURL = urlEmulator: null

2024-08-20 23:09:59 - [TEST_STEP][PASSED] - selenium.open(emulatorURL): null

2024-08-20 23:09:59 - [TEST_STEP][PASSED] - selenium.selectWindow("null"): null

2024-08-20 23:09:59 - [TEST_STEP][PASSED] - selenium.select("name=message_version", "label=2.3"): null

2024-08-20 23:09:59 - [TEST_STEP][PASSED] - selenium.waitForPageToLoad("30000"): null

2024-08-20 23:10:00 - [TEST_STEP][PASSED] - selenium.type("name=amount", 00".toString()): null

2024-08-20 23:10:00 - [TEST_STEP][PASSED] - selenium.type("name=client_account_number", "CAN12345"): null

2024-08-20 23:10:00 - [TEST_STEP][PASSED] - selenium.type("name=action_type", "PayNow"): null

2024-08-20 23:10:00 - [TEST_STEP][PASSED] - selenium.type("name=language", "en_US"): null

2024-08-20 23:10:00 - [TEST_STEP][PASSED] - selenium.type("name=billing_firstname", "Mandy"): null

2024-08-20 23:10:00 - [TEST_STEP][PASSED] - selenium.type("name=billing_lastname", "Iguera"): null

2024-08-20 23:10:00 - [TEST_STEP][PASSED] - selenium.type("name=billing_address", "56 World Center Drive".toString()): null

2024-08-20 23:10:00 - [TEST_STEP][PASSED] - selenium.type("name=billing_address2", "Suite 600".toString()): null

2024-08-20 23:10:00 - [TEST_STEP][PASSED] - selenium.type("name=billing_country_id", "840"): null

2024-08-20 23:10:00 - [TEST_STEP][PASSED] - selenium.type("name=billing_city", "Orlando"): null

2024-08-20 23:10:00 - [TEST_STEP][PASSED] - selenium.type("name=billing_state", "NH"): null

2024-08-20 23:10:00 - [TEST_STEP][PASSED] - selenium.type("name=billing_zip", "03106"): null

2024-08-20 23:10:01 - [TEST_STEP][PASSED] - selenium.type("name=order_number", "PPPPOOOO"): null

2024-08-20 23:10:01 - [TEST_STEP][PASSED] - selenium.type("name=user_defined1", "udf1"): null

2024-08-20 23:10:01 - [TEST_STEP][PASSED] - selenium.type("name=user_defined2", "udf2"): null

2024-08-20 23:10:01 - [TEST_STEP][PASSED] - selenium.type("name=user_defined3", "udf3"): null

2024-08-20 23:10:01 - [TEST_STEP][PASSED] - selenium.type("name=user_defined4", "Orange Label".toString()): null

2024-08-20 23:10:01 - [TEST_STEP][PASSED] - selenium.type("name=user_defined5", "Soccer Label".toString()): null

2024-08-20 23:10:01 - [TEST_STEP][PASSED] - selenium.click("name=submit"): null

2024-08-20 23:10:01 - [TEST_STEP][PASSED] - selenium.waitForPageToLoad("30000"): null

2024-08-20 23:10:02 - [TEST_STEP][PASSED] - Thread.sleep(2000): null

2024-08-20 23:10:04 - [TEST_STEP][PASSED] - testHarnessURL = urlTestHarness: null

2024-08-20 23:10:04 - [TEST_STEP][PASSED] - selenium.open(testHarnessURL): null

2024-08-20 23:10:04 - [TEST_STEP][PASSED] - selenium.type("name=application_id", "635"): null

2024-08-20 23:10:04 - [TEST_STEP][PASSED] - selenium.type("name=message_version", 3".toString()): null

2024-08-20 23:10:04 - [TEST_STEP][PASSED] - genRemIDVoid = RandomStringUtils.random(12, true, true): null

2024-08-20 23:10:04 - [TEST_STEP][PASSED] - selenium.type("name=remittance_id", genRemIDVoid): null

2024-08-20 23:10:04 - [TEST_STEP][PASSED] - selenium.click("css=input.formSubmit"): null

2024-08-20 23:10:05 - [TEST_STEP][PASSED] - selenium.waitForPageToLoad("30000"): null

2024-08-20 23:10:05 - [TEST_STEP][PASSED] - selenium.click("xpath=(//input[@name='paymentMethod'])[2]"): null

2024-08-20 23:10:06 - [TEST_STEP][PASSED] - selenium.click("css=input[type="submit"]"): null

2024-08-20 23:10:06 - [TEST_STEP][PASSED] - selenium.waitForPageToLoad("30000"): null

2024-08-20 23:10:07 - [TEST_STEP][PASSED] - selenium.type("name=amount", 50".toString()): null

2024-08-20 23:10:07 - [TEST_STEP][PASSED] - selenium.type("name=userDefined2", "udf2 data".toString()): null

2024-08-20 23:10:07 - [TEST_STEP][PASSED] - selenium.type("name=userDefined3", "udf3 data".toString()): null

2024-08-20 23:10:07 - [TEST_STEP][PASSED] - selenium.select("name=variableField4DropdownGroupItemID", "label=Purple"): null

2024-08-20 23:10:07 - [TEST_STEP][PASSED] - selenium.select("name=variableField5DropdownGroupItemID", "label=Tennis"): null

2024-08-20 23:10:07 - [TEST_STEP][PASSED] - selenium.type("name=billingFirstname", "FirstName & Son M".toString()): null

2024-08-20 23:10:07 - [TEST_STEP][PASSED] - selenium.type("name=billingLastname", "LastName & Son MaintenanceA".toString()): null

2024-08-20 23:10:07 - [TEST_STEP][PASSED] - selenium.type("id=routingNumber", "256072691"): null

2024-08-20 23:10:07 - [TEST_STEP][PASSED] - selenium.type("id=accountNumber", "11111111"): null

2024-08-20 23:10:07 - [TEST_STEP][PASSED] - selenium.type("id=confirmAccountNumber", "11111111"): null

2024-08-20 23:10:07 - [TEST_STEP][PASSED] - selenium.click("name=accountType"): null

2024-08-20 23:10:08 - [TEST_STEP][PASSED] - selenium.type("name=billingAddress", "AddLine1 & Son Mai Johnson & Son Mai Johnson & S".toString()): null

2024-08-20 23:10:08 - [TEST_STEP][PASSED] - selenium.type("name=billingAddress2", "AddLine2 & Son Mai Johnson & Son Mai Johnson & S".toString()): null

2024-08-20 23:10:08 - [TEST_STEP][PASSED] - selenium.type("id=billing-zip-input", "22201"): null

2024-08-20 23:10:08 - [TEST_STEP][PASSED] - selenium.type("name=emailAddress", com".toString()): null

2024-08-20 23:10:08 - [TEST_STEP][PASSED] - selenium.click("id=checkedAcceptCondition"): null

2024-08-20 23:10:08 - [TEST_STEP][PASSED] - selenium.click("name=achSubmit"): null

2024-08-20 23:10:09 - [TEST_STEP][PASSED] - selenium.waitForPageToLoad("30000"): null

2024-08-20 23:10:09 - [TEST_STEP][PASSED] - verifyTextPresent("Please verify the following information:", true): Text 'Please verify the following information:' is present on page  using regular expression

2024-08-20 23:10:09 - [MESSAGE][PASSED] - Text 'Please verify the following information:' is present on page  using regular expression

2024-08-20 23:10:09 - [TEST_STEP][PASSED] - verifyTextPresent("Is this information correct", true): Text 'Is this information correct' is present on page  using regular expression

2024-08-20 23:10:10 - [MESSAGE][PASSED] - Text 'Is this information correct' is present on page  using regular expression

2024-08-20 23:10:10 - [TEST_STEP][PASSED] - verifyTextPresent("$10.50", false): Text '$10.50' is present on page 

2024-08-20 23:10:10 - [MESSAGE][PASSED] - Text '$10.50' is present on page 

2024-08-20 23:10:10 - [TEST_STEP][PASSED] - verifyTextPresent("FirstName & Son M", true): Text 'FirstName & Son M' is present on page  using regular expression

2024-08-20 23:10:10 - [MESSAGE][PASSED] - Text 'FirstName & Son M' is present on page  using regular expression

2024-08-20 23:10:10 - [TEST_STEP][PASSED] - verifyTextPresent("LastName & Son MaintenanceA", true): Text 'LastName & Son MaintenanceA' is present on page  using regular expression

2024-08-20 23:10:10 - [MESSAGE][PASSED] - Text 'LastName & Son MaintenanceA' is present on page  using regular expression

2024-08-20 23:10:10 - [TEST_STEP][PASSED] - verifyTextPresent("AddLine1 & Son Mai Johnson & Son Mai Johnson & S", true): Text 'AddLine1 & Son Mai Johnson & Son Mai Johnson & S' is present on page  using regular expression

2024-08-20 23:10:11 - [MESSAGE][PASSED] - Text 'AddLine1 & Son Mai Johnson & Son Mai Johnson & S' is present on page  using regular expression

2024-08-20 23:10:11 - [TEST_STEP][PASSED] - verifyTextPresent("AddLine2 & Son Mai Johnson & Son Mai Johnson & S", true): Text 'AddLine2 & Son Mai Johnson & Son Mai Johnson & S' is present on page  using regular expression

2024-08-20 23:10:11 - [MESSAGE][PASSED] - Text 'AddLine2 & Son Mai Johnson & Son Mai Johnson & S' is present on page  using regular expression

2024-08-20 23:10:11 - [TEST_STEP][PASSED] - selenium.click("name=confirmNotifyAction"): null

2024-08-20 23:10:11 - [TEST_STEP][PASSED] - selenium.waitForPageToLoad("30000"): null

2024-08-20 23:10:12 - [TEST_STEP][PASSED] - Thread.sleep(8000): null

2024-08-20 23:10:20 - [TEST_STEP][PASSED] - verifyTextPresent("Successful Payment Receipt", true): Text 'Successful Payment Receipt' is present on page  using regular expression

2024-08-20 23:10:20 - [MESSAGE][PASSED] - Text 'Successful Payment Receipt' is present on page  using regular expression

2024-08-20 23:10:20 - [TEST_STEP][PASSED] - verifyTextPresent("Please print this receipt for your records", true): Text 'Please print this receipt for your records' is present on page  using regular expression

2024-08-20 23:10:20 - [MESSAGE][PASSED] - Text 'Please print this receipt for your records' is present on page  using regular expression

2024-08-20 23:10:20 - [TEST_STEP][PASSED] - verifyTextPresent("$10.50", false): Text '$10.50' is present on page 

2024-08-20 23:10:21 - [MESSAGE][PASSED] - Text '$10.50' is present on page 

2024-08-20 23:10:21 - [TEST_STEP][PASSED] - verifyTextPresent("Debit", true): Text 'Debit' is present on page  using regular expression

2024-08-20 23:10:21 - [MESSAGE][PASSED] - Text 'Debit' is present on page  using regular expression

2024-08-20 23:10:21 - [TEST_STEP][PASSED] - verifyTextPresent("Personal", true): Text 'Personal' is present on page  using regular expression

2024-08-20 23:10:21 - [MESSAGE][PASSED] - Text 'Personal' is present on page  using regular expression

2024-08-20 23:10:21 - [TEST_STEP][PASSED] - verifyTextPresent("Checking", true): Text 'Checking' is present on page  using regular expression

2024-08-20 23:10:21 - [MESSAGE][PASSED] - Text 'Checking' is present on page  using regular expression

2024-08-20 23:10:21 - [TEST_STEP][PASSED] - verifyTextPresent("FIRSTNAME & SON M LASTNAME & SON MAINTENANCEA", true): Text 'FIRSTNAME & SON M LASTNAME & SON MAINTENANCEA' is present on page  using regular expression

2024-08-20 23:10:22 - [MESSAGE][PASSED] - Text 'FIRSTNAME & SON M LASTNAME & SON MAINTENANCEA' is present on page  using regular expression

2024-08-20 23:10:22 - [TEST_STEP][PASSED] - verifyTextPresent("AddLine1 & Son Mai Johnson & Son Mai Johnson & S", true): Text 'AddLine1 & Son Mai Johnson & Son Mai Johnson & S' is present on page  using regular expression

2024-08-20 23:10:22 - [MESSAGE][PASSED] - Text 'AddLine1 & Son Mai Johnson & Son Mai Johnson & S' is present on page  using regular expression

2024-08-20 23:10:22 - [TEST_STEP][PASSED] - verifyTextPresent("AddLine2 & Son Mai Johnson & Son Mai Johnson & S", true): Text 'AddLine2 & Son Mai Johnson & Son Mai Johnson & S' is present on page  using regular expression

2024-08-20 23:10:22 - [MESSAGE][PASSED] - Text 'AddLine2 & Son Mai Johnson & Son Mai Johnson & S' is present on page  using regular expression

2024-08-20 23:10:22 - [TEST_STEP][PASSED] - println("End Test: AmpersandPC"): null]]></system-out>
         <system-err><![CDATA[]]></system-err>
      </testcase>
      <testcase name="Test Cases/IntegratedWeb/IWP23-SelIDE/CardExpirationError" time="15.397" classname="Test Cases/IntegratedWeb/IWP23-SelIDE/CardExpirationError" status="PASSED">
         <system-out><![CDATA[2024-08-20 23:10:22 - [TEST_CASE][PASSED] - Test Cases/IntegratedWeb/IWP23-SelIDE/CardExpirationError: Test Cases/IntegratedWeb/IWP23-SelIDE/CardExpirationError

2024-08-20 23:10:23 - [TEST_STEP][PASSED] - softAssertion = new org.testng.asserts.SoftAssert(): null

2024-08-20 23:10:23 - [TEST_STEP][PASSED] - openBrowser("https://www.google.com/"): Browser is opened with url: 'https://www.google.com/'

2024-08-20 23:10:23 - [MESSAGE][WARNING] - A browser is already opened. Closing browser and opening a new one

2024-08-20 23:10:24 - [MESSAGE][INFO] - Starting 'Chrome' driver

2024-08-20 23:10:24 - [MESSAGE][INFO] - User set preference: ['acceptInsecureCerts', 'true']

2024-08-20 23:10:24 - [MESSAGE][INFO] - Action delay is set to 0 milliseconds

2024-08-20 23:10:27 - [MESSAGE][PASSED] - Browser is opened with url: 'https://www.google.com/'

2024-08-20 23:10:27 - [TEST_STEP][PASSED] - driver = getWebDriver(): null

2024-08-20 23:10:27 - [TEST_STEP][PASSED] - baseUrl = "https://www.google.com/": null

2024-08-20 23:10:27 - [TEST_STEP][PASSED] - selenium = new com.thoughtworks.selenium.webdriven.WebDriverBackedSelenium(driver, baseUrl): null

2024-08-20 23:10:27 - [TEST_STEP][PASSED] - println("Begin Test: CardExpirationError"): null

2024-08-20 23:10:27 - [TEST_STEP][PASSED] - emulatorURL = urlEmulator: null

2024-08-20 23:10:27 - [TEST_STEP][PASSED] - selenium.open(emulatorURL): null

2024-08-20 23:10:27 - [TEST_STEP][PASSED] - selenium.selectWindow("null"): null

2024-08-20 23:10:27 - [TEST_STEP][PASSED] - selenium.select("name=message_version", "label=2.3"): null

2024-08-20 23:10:27 - [TEST_STEP][PASSED] - selenium.waitForPageToLoad("30000"): null

2024-08-20 23:10:28 - [TEST_STEP][PASSED] - selenium.type("name=amount", 00".toString()): null

2024-08-20 23:10:28 - [TEST_STEP][PASSED] - selenium.type("name=client_account_number", "CAN12345"): null

2024-08-20 23:10:28 - [TEST_STEP][PASSED] - selenium.type("name=action_type", "PayNow"): null

2024-08-20 23:10:28 - [TEST_STEP][PASSED] - selenium.type("name=language", "en_US"): null

2024-08-20 23:10:28 - [TEST_STEP][PASSED] - selenium.type("name=billing_firstname", "Mandy"): null

2024-08-20 23:10:28 - [TEST_STEP][PASSED] - selenium.type("name=billing_lastname", "Iguera"): null

2024-08-20 23:10:28 - [TEST_STEP][PASSED] - selenium.type("name=billing_address", "56 World Center Drive".toString()): null

2024-08-20 23:10:28 - [TEST_STEP][PASSED] - selenium.type("name=billing_address2", "Suite 600".toString()): null

2024-08-20 23:10:28 - [TEST_STEP][PASSED] - selenium.type("name=billing_country_id", "840"): null

2024-08-20 23:10:28 - [TEST_STEP][PASSED] - selenium.type("name=billing_city", "Orlando"): null

2024-08-20 23:10:28 - [TEST_STEP][PASSED] - selenium.type("name=billing_state", "NH"): null

2024-08-20 23:10:29 - [TEST_STEP][PASSED] - selenium.type("name=billing_zip", "03106"): null

2024-08-20 23:10:29 - [TEST_STEP][PASSED] - selenium.type("name=order_number", "PPPPOOOO"): null

2024-08-20 23:10:29 - [TEST_STEP][PASSED] - selenium.type("name=user_defined1", "udf1"): null

2024-08-20 23:10:29 - [TEST_STEP][PASSED] - selenium.type("name=user_defined2", "udf2"): null

2024-08-20 23:10:29 - [TEST_STEP][PASSED] - selenium.type("name=user_defined3", "udf3"): null

2024-08-20 23:10:29 - [TEST_STEP][PASSED] - selenium.type("name=user_defined4", "Orange Label".toString()): null

2024-08-20 23:10:29 - [TEST_STEP][PASSED] - selenium.type("name=user_defined5", "Soccer Label".toString()): null

2024-08-20 23:10:29 - [TEST_STEP][PASSED] - selenium.click("name=submit"): null

2024-08-20 23:10:29 - [TEST_STEP][PASSED] - selenium.waitForPageToLoad("30000"): null

2024-08-20 23:10:30 - [TEST_STEP][PASSED] - Thread.sleep(2000): null

2024-08-20 23:10:32 - [TEST_STEP][PASSED] - testHarnessURL = urlTestHarness: null

2024-08-20 23:10:32 - [TEST_STEP][PASSED] - selenium.open(testHarnessURL): null

2024-08-20 23:10:32 - [TEST_STEP][PASSED] - selenium.type("name=application_id", "635"): null

2024-08-20 23:10:32 - [TEST_STEP][PASSED] - selenium.type("name=message_version", 3".toString()): null

2024-08-20 23:10:32 - [TEST_STEP][PASSED] - genRemIDVoid = RandomStringUtils.random(12, true, true): null

2024-08-20 23:10:32 - [TEST_STEP][PASSED] - selenium.type("name=remittance_id", genRemIDVoid): null

2024-08-20 23:10:32 - [TEST_STEP][PASSED] - selenium.click("css=input.formSubmit"): null

2024-08-20 23:10:33 - [TEST_STEP][PASSED] - selenium.waitForPageToLoad("30000"): null

2024-08-20 23:10:33 - [TEST_STEP][PASSED] - selenium.selectWindow("null"): null

2024-08-20 23:10:33 - [TEST_STEP][PASSED] - selenium.click("name=paymentMethod"): null

2024-08-20 23:10:33 - [TEST_STEP][PASSED] - selenium.click("css=input[type="submit"]"): null

2024-08-20 23:10:34 - [TEST_STEP][PASSED] - selenium.waitForPageToLoad("30000"): null

2024-08-20 23:10:35 - [TEST_STEP][PASSED] - selenium.type("name=amount", 00".toString()): null

2024-08-20 23:10:35 - [TEST_STEP][PASSED] - selenium.type("name=userDefined2", "udf2 new".toString()): null

2024-08-20 23:10:35 - [TEST_STEP][PASSED] - selenium.type("name=userDefined3", "udf3 new".toString()): null

2024-08-20 23:10:35 - [TEST_STEP][PASSED] - selenium.select("name=variableField4DropdownGroupItemID", "label=Purple"): null

2024-08-20 23:10:35 - [TEST_STEP][PASSED] - selenium.select("name=variableField5DropdownGroupItemID", "label=Soccer"): null

2024-08-20 23:10:35 - [TEST_STEP][PASSED] - selenium.type("name=billingName", "Rosa Eliver".toString()): null

2024-08-20 23:10:35 - [TEST_STEP][PASSED] - selenium.type("id=cardNumber", "4111111111111111"): null

2024-08-20 23:10:35 - [TEST_STEP][PASSED] - selenium.type("id=spc", "123"): null

2024-08-20 23:10:35 - [TEST_STEP][PASSED] - selenium.select("name=cardExpMonth", "label=01"): null

2024-08-20 23:10:35 - [TEST_STEP][PASSED] - selenium.select("name=cardExpYear", "label=2024"): null

2024-08-20 23:10:36 - [TEST_STEP][PASSED] - selenium.type("name=billingAddress", "55 Nolan Drive".toString()): null

2024-08-20 23:10:36 - [TEST_STEP][PASSED] - selenium.type("name=billingAddress2", "Unit 2".toString()): null

2024-08-20 23:10:36 - [TEST_STEP][PASSED] - selenium.type("id=billing-zip-input", "22201"): null

2024-08-20 23:10:36 - [TEST_STEP][PASSED] - selenium.type("name=emailAddress", com".toString()): null

2024-08-20 23:10:36 - [TEST_STEP][PASSED] - selenium.click("id=checkedAcceptCondition"): null

2024-08-20 23:10:36 - [TEST_STEP][PASSED] - selenium.click("name=ccSubmit"): null

2024-08-20 23:10:37 - [TEST_STEP][PASSED] - selenium.waitForPageToLoad("30000"): null

2024-08-20 23:10:37 - [TEST_STEP][PASSED] - verifyTextPresent("Invalid card expiration date", true): Text 'Invalid card expiration date' is present on page  using regular expression

2024-08-20 23:10:38 - [MESSAGE][PASSED] - Text 'Invalid card expiration date' is present on page  using regular expression

2024-08-20 23:10:38 - [TEST_STEP][PASSED] - println("End Test: CardExpirationError"): null]]></system-out>
         <system-err><![CDATA[]]></system-err>
      </testcase>
      <testcase name="Test Cases/IntegratedWeb/IWP23-SelIDE/CardNotAcceptedError" time="16.191" classname="Test Cases/IntegratedWeb/IWP23-SelIDE/CardNotAcceptedError" status="PASSED">
         <system-out><![CDATA[2024-08-20 23:10:38 - [TEST_CASE][PASSED] - Test Cases/IntegratedWeb/IWP23-SelIDE/CardNotAcceptedError: Test Cases/IntegratedWeb/IWP23-SelIDE/CardNotAcceptedError

2024-08-20 23:10:39 - [TEST_STEP][PASSED] - softAssertion = new org.testng.asserts.SoftAssert(): null

2024-08-20 23:10:39 - [TEST_STEP][PASSED] - openBrowser("https://www.google.com/"): Browser is opened with url: 'https://www.google.com/'

2024-08-20 23:10:39 - [MESSAGE][WARNING] - A browser is already opened. Closing browser and opening a new one

2024-08-20 23:10:40 - [MESSAGE][INFO] - Starting 'Chrome' driver

2024-08-20 23:10:40 - [MESSAGE][INFO] - User set preference: ['acceptInsecureCerts', 'true']

2024-08-20 23:10:40 - [MESSAGE][INFO] - Action delay is set to 0 milliseconds

2024-08-20 23:10:43 - [MESSAGE][PASSED] - Browser is opened with url: 'https://www.google.com/'

2024-08-20 23:10:43 - [TEST_STEP][PASSED] - driver = getWebDriver(): null

2024-08-20 23:10:43 - [TEST_STEP][PASSED] - baseUrl = "https://www.google.com/": null

2024-08-20 23:10:43 - [TEST_STEP][PASSED] - selenium = new com.thoughtworks.selenium.webdriven.WebDriverBackedSelenium(driver, baseUrl): null

2024-08-20 23:10:43 - [TEST_STEP][PASSED] - println("Begin Test: CardNotAcceptedError"): null

2024-08-20 23:10:43 - [TEST_STEP][PASSED] - emulatorURL = urlEmulator: null

2024-08-20 23:10:43 - [TEST_STEP][PASSED] - selenium.open(emulatorURL): null

2024-08-20 23:10:43 - [TEST_STEP][PASSED] - selenium.selectWindow("null"): null

2024-08-20 23:10:43 - [TEST_STEP][PASSED] - selenium.select("name=message_version", "label=2.3"): null

2024-08-20 23:10:43 - [TEST_STEP][PASSED] - selenium.waitForPageToLoad("30000"): null

2024-08-20 23:10:44 - [TEST_STEP][PASSED] - selenium.type("name=amount", 00".toString()): null

2024-08-20 23:10:44 - [TEST_STEP][PASSED] - selenium.type("name=client_account_number", "CAN12345"): null

2024-08-20 23:10:44 - [TEST_STEP][PASSED] - selenium.type("name=action_type", "PayNow"): null

2024-08-20 23:10:44 - [TEST_STEP][PASSED] - selenium.type("name=language", "en_US"): null

2024-08-20 23:10:44 - [TEST_STEP][PASSED] - selenium.type("name=billing_firstname", "Mandy"): null

2024-08-20 23:10:44 - [TEST_STEP][PASSED] - selenium.type("name=billing_lastname", "Iguera"): null

2024-08-20 23:10:44 - [TEST_STEP][PASSED] - selenium.type("name=billing_address", "56 World Center Drive".toString()): null

2024-08-20 23:10:44 - [TEST_STEP][PASSED] - selenium.type("name=billing_address2", "Suite 600".toString()): null

2024-08-20 23:10:44 - [TEST_STEP][PASSED] - selenium.type("name=billing_country_id", "840"): null

2024-08-20 23:10:44 - [TEST_STEP][PASSED] - selenium.type("name=billing_city", "Orlando"): null

2024-08-20 23:10:44 - [TEST_STEP][PASSED] - selenium.type("name=billing_state", "NH"): null

2024-08-20 23:10:44 - [TEST_STEP][PASSED] - selenium.type("name=billing_zip", "03106"): null

2024-08-20 23:10:44 - [TEST_STEP][PASSED] - selenium.type("name=order_number", "PPPPOOOO"): null

2024-08-20 23:10:44 - [TEST_STEP][PASSED] - selenium.type("name=user_defined1", "udf1"): null

2024-08-20 23:10:45 - [TEST_STEP][PASSED] - selenium.type("name=user_defined2", "udf2"): null

2024-08-20 23:10:45 - [TEST_STEP][PASSED] - selenium.type("name=user_defined3", "udf3"): null

2024-08-20 23:10:45 - [TEST_STEP][PASSED] - selenium.type("name=user_defined4", "Orange Label".toString()): null

2024-08-20 23:10:45 - [TEST_STEP][PASSED] - selenium.type("name=user_defined5", "Soccer Label".toString()): null

2024-08-20 23:10:45 - [TEST_STEP][PASSED] - selenium.click("name=submit"): null

2024-08-20 23:10:45 - [TEST_STEP][PASSED] - selenium.waitForPageToLoad("30000"): null

2024-08-20 23:10:45 - [TEST_STEP][PASSED] - Thread.sleep(2000): null

2024-08-20 23:10:47 - [TEST_STEP][PASSED] - testHarnessURL = urlTestHarness: null

2024-08-20 23:10:47 - [TEST_STEP][PASSED] - selenium.open(testHarnessURL): null

2024-08-20 23:10:48 - [TEST_STEP][PASSED] - selenium.type("name=application_id", "635"): null

2024-08-20 23:10:48 - [TEST_STEP][PASSED] - selenium.type("name=message_version", 3".toString()): null

2024-08-20 23:10:48 - [TEST_STEP][PASSED] - genRemIDVoid = RandomStringUtils.random(12, true, true): null

2024-08-20 23:10:48 - [TEST_STEP][PASSED] - selenium.type("name=remittance_id", genRemIDVoid): null

2024-08-20 23:10:48 - [TEST_STEP][PASSED] - selenium.click("css=input.formSubmit"): null

2024-08-20 23:10:49 - [TEST_STEP][PASSED] - selenium.waitForPageToLoad("30000"): null

2024-08-20 23:10:49 - [TEST_STEP][PASSED] - selenium.selectWindow("null"): null

2024-08-20 23:10:49 - [TEST_STEP][PASSED] - selenium.click("name=paymentMethod"): null

2024-08-20 23:10:49 - [TEST_STEP][PASSED] - selenium.click("css=input[type="submit"]"): null

2024-08-20 23:10:50 - [TEST_STEP][PASSED] - selenium.waitForPageToLoad("30000"): null

2024-08-20 23:10:51 - [TEST_STEP][PASSED] - selenium.type("name=amount", 00".toString()): null

2024-08-20 23:10:51 - [TEST_STEP][PASSED] - selenium.type("name=userDefined2", "udf2 new".toString()): null

2024-08-20 23:10:51 - [TEST_STEP][PASSED] - selenium.type("name=userDefined3", "udf3 new".toString()): null

2024-08-20 23:10:51 - [TEST_STEP][PASSED] - selenium.select("name=variableField4DropdownGroupItemID", "label=Purple"): null

2024-08-20 23:10:51 - [TEST_STEP][PASSED] - selenium.select("name=variableField5DropdownGroupItemID", "label=Soccer"): null

2024-08-20 23:10:51 - [TEST_STEP][PASSED] - selenium.type("name=billingName", "Rosa Eliver".toString()): null

2024-08-20 23:10:51 - [TEST_STEP][PASSED] - selenium.type("id=cardNumber", "6011000000000004"): null

2024-08-20 23:10:51 - [TEST_STEP][PASSED] - selenium.type("id=spc", "123"): null

2024-08-20 23:10:51 - [TEST_STEP][PASSED] - selenium.select("name=cardExpMonth", "label=02"): null

2024-08-20 23:10:51 - [TEST_STEP][PASSED] - selenium.select("name=cardExpYear", "label=2028"): null

2024-08-20 23:10:52 - [TEST_STEP][PASSED] - selenium.type("name=billingAddress", "55 Nolan Drive".toString()): null

2024-08-20 23:10:52 - [TEST_STEP][PASSED] - selenium.type("name=billingAddress2", "Unit 2".toString()): null

2024-08-20 23:10:52 - [TEST_STEP][PASSED] - selenium.type("id=billing-zip-input", "22201"): null

2024-08-20 23:10:52 - [TEST_STEP][PASSED] - selenium.type("name=emailAddress", com".toString()): null

2024-08-20 23:10:52 - [TEST_STEP][PASSED] - selenium.click("id=checkedAcceptCondition"): null

2024-08-20 23:10:52 - [TEST_STEP][PASSED] - selenium.click("name=ccSubmit"): null

2024-08-20 23:10:53 - [TEST_STEP][PASSED] - selenium.waitForPageToLoad("30000"): null

2024-08-20 23:10:53 - [TEST_STEP][PASSED] - verifyTextPresent("This card type is not accepted, please enter a different credit or debit card number", true): Text 'This card type is not accepted, please enter a different credit or debit card number' is present on page  using regular expression

2024-08-20 23:10:54 - [MESSAGE][PASSED] - Text 'This card type is not accepted, please enter a different credit or debit card number' is present on page  using regular expression

2024-08-20 23:10:54 - [TEST_STEP][PASSED] - println("End Test: CardNotAcceptedError"): null]]></system-out>
         <system-err><![CDATA[]]></system-err>
      </testcase>
      <testcase name="Test Cases/IntegratedWeb/IWP23-SelIDE/DCFAboveCeilingCC" time="25.935" classname="Test Cases/IntegratedWeb/IWP23-SelIDE/DCFAboveCeilingCC" status="PASSED">
         <system-out><![CDATA[2024-08-20 23:10:54 - [TEST_CASE][PASSED] - Test Cases/IntegratedWeb/IWP23-SelIDE/DCFAboveCeilingCC: Test Cases/IntegratedWeb/IWP23-SelIDE/DCFAboveCeilingCC

2024-08-20 23:10:54 - [TEST_STEP][PASSED] - softAssertion = new org.testng.asserts.SoftAssert(): null

2024-08-20 23:10:54 - [TEST_STEP][PASSED] - openBrowser("https://www.google.com/"): Browser is opened with url: 'https://www.google.com/'

2024-08-20 23:10:54 - [MESSAGE][WARNING] - A browser is already opened. Closing browser and opening a new one

2024-08-20 23:10:56 - [MESSAGE][INFO] - Starting 'Chrome' driver

2024-08-20 23:10:56 - [MESSAGE][INFO] - User set preference: ['acceptInsecureCerts', 'true']

2024-08-20 23:10:56 - [MESSAGE][INFO] - Action delay is set to 0 milliseconds

2024-08-20 23:10:59 - [MESSAGE][PASSED] - Browser is opened with url: 'https://www.google.com/'

2024-08-20 23:10:59 - [TEST_STEP][PASSED] - driver = getWebDriver(): null

2024-08-20 23:10:59 - [TEST_STEP][PASSED] - baseUrl = "https://www.google.com/": null

2024-08-20 23:10:59 - [TEST_STEP][PASSED] - selenium = new com.thoughtworks.selenium.webdriven.WebDriverBackedSelenium(driver, baseUrl): null

2024-08-20 23:10:59 - [TEST_STEP][PASSED] - println("Begin Test: DCFAboveCeilingCC"): null

2024-08-20 23:10:59 - [TEST_STEP][PASSED] - emulatorURL = urlEmulator: null

2024-08-20 23:10:59 - [TEST_STEP][PASSED] - selenium.open(emulatorURL): null

2024-08-20 23:10:59 - [TEST_STEP][PASSED] - selenium.selectWindow("null"): null

2024-08-20 23:10:59 - [TEST_STEP][PASSED] - selenium.select("name=message_version", "label=2.3"): null

2024-08-20 23:10:59 - [TEST_STEP][PASSED] - selenium.waitForPageToLoad("30000"): null

2024-08-20 23:11:00 - [TEST_STEP][PASSED] - selenium.type("name=amount", 00".toString()): null

2024-08-20 23:11:00 - [TEST_STEP][PASSED] - selenium.type("name=client_account_number", "CAN12345"): null

2024-08-20 23:11:00 - [TEST_STEP][PASSED] - selenium.type("name=action_type", "PayNow"): null

2024-08-20 23:11:00 - [TEST_STEP][PASSED] - selenium.type("name=language", "en_US"): null

2024-08-20 23:11:00 - [TEST_STEP][PASSED] - selenium.type("name=billing_firstname", "Mandy"): null

2024-08-20 23:11:00 - [TEST_STEP][PASSED] - selenium.type("name=billing_lastname", "Iguera"): null

2024-08-20 23:11:00 - [TEST_STEP][PASSED] - selenium.type("name=billing_address", "56 World Center Drive".toString()): null

2024-08-20 23:11:00 - [TEST_STEP][PASSED] - selenium.type("name=billing_address2", "Suite 600".toString()): null

2024-08-20 23:11:00 - [TEST_STEP][PASSED] - selenium.type("name=billing_country_id", "840"): null

2024-08-20 23:11:00 - [TEST_STEP][PASSED] - selenium.type("name=billing_city", "Orlando"): null

2024-08-20 23:11:00 - [TEST_STEP][PASSED] - selenium.type("name=billing_state", "NH"): null

2024-08-20 23:11:00 - [TEST_STEP][PASSED] - selenium.type("name=billing_zip", "03106"): null

2024-08-20 23:11:00 - [TEST_STEP][PASSED] - selenium.type("name=order_number", "PPPPOOOO"): null

2024-08-20 23:11:00 - [TEST_STEP][PASSED] - selenium.type("name=user_defined1", "udf1"): null

2024-08-20 23:11:00 - [TEST_STEP][PASSED] - selenium.type("name=user_defined2", "udf2"): null

2024-08-20 23:11:00 - [TEST_STEP][PASSED] - selenium.type("name=user_defined3", "udf3"): null

2024-08-20 23:11:00 - [TEST_STEP][PASSED] - selenium.type("name=user_defined4", "Orange Label".toString()): null

2024-08-20 23:11:00 - [TEST_STEP][PASSED] - selenium.type("name=user_defined5", "Soccer Label".toString()): null

2024-08-20 23:11:01 - [TEST_STEP][PASSED] - selenium.click("name=submit"): null

2024-08-20 23:11:01 - [TEST_STEP][PASSED] - selenium.waitForPageToLoad("30000"): null

2024-08-20 23:11:01 - [TEST_STEP][PASSED] - testHarnessURL = urlTestHarness: null

2024-08-20 23:11:01 - [TEST_STEP][PASSED] - selenium.open(testHarnessURL): null

2024-08-20 23:11:02 - [TEST_STEP][PASSED] - Thread.sleep(2000): null

2024-08-20 23:11:04 - [TEST_STEP][PASSED] - selenium.type("name=application_id", "637"): null

2024-08-20 23:11:04 - [TEST_STEP][PASSED] - selenium.type("name=message_version", 3".toString()): null

2024-08-20 23:11:04 - [TEST_STEP][PASSED] - genRemIDVoid = RandomStringUtils.random(12, true, true): null

2024-08-20 23:11:04 - [TEST_STEP][PASSED] - selenium.type("name=remittance_id", genRemIDVoid): null

2024-08-20 23:11:04 - [TEST_STEP][PASSED] - selenium.click("css=input.formSubmit"): null

2024-08-20 23:11:04 - [TEST_STEP][PASSED] - selenium.waitForPageToLoad("30000"): null

2024-08-20 23:11:05 - [TEST_STEP][PASSED] - selenium.selectWindow("null"): null

2024-08-20 23:11:05 - [TEST_STEP][PASSED] - selenium.click("name=paymentMethod"): null

2024-08-20 23:11:05 - [TEST_STEP][PASSED] - selenium.click("css=input[type="submit"]"): null

2024-08-20 23:11:06 - [TEST_STEP][PASSED] - selenium.waitForPageToLoad("30000"): null

2024-08-20 23:11:07 - [TEST_STEP][PASSED] - selenium.type("name=amount", 00".toString()): null

2024-08-20 23:11:07 - [TEST_STEP][PASSED] - selenium.type("name=billingName", "Leslie Howard".toString()): null

2024-08-20 23:11:07 - [TEST_STEP][PASSED] - selenium.type("id=cardNumber", "4111111111111111"): null

2024-08-20 23:11:07 - [TEST_STEP][PASSED] - selenium.type("id=spc", "568"): null

2024-08-20 23:11:07 - [TEST_STEP][PASSED] - selenium.select("name=cardExpMonth", "label=02"): null

2024-08-20 23:11:07 - [TEST_STEP][PASSED] - selenium.select("name=cardExpYear", "label=2028"): null

2024-08-20 23:11:07 - [TEST_STEP][PASSED] - selenium.type("name=billingAddress", "778 Main street".toString()): null

2024-08-20 23:11:07 - [TEST_STEP][PASSED] - selenium.type("name=billingAddress2", ""): null

2024-08-20 23:11:07 - [TEST_STEP][PASSED] - selenium.type("id=billing-zip-input", "22201"): null

2024-08-20 23:11:07 - [TEST_STEP][PASSED] - selenium.type("name=emailAddress", ""): null

2024-08-20 23:11:07 - [TEST_STEP][PASSED] - selenium.click("id=checkedAcceptCondition"): null

2024-08-20 23:11:07 - [TEST_STEP][PASSED] - selenium.click("name=ccSubmit"): null

2024-08-20 23:11:08 - [TEST_STEP][PASSED] - selenium.waitForPageToLoad("30000"): null

2024-08-20 23:11:08 - [TEST_STEP][PASSED] - verifyTextPresent("Please verify the following information:", true): Text 'Please verify the following information:' is present on page  using regular expression

2024-08-20 23:11:09 - [MESSAGE][PASSED] - Text 'Please verify the following information:' is present on page  using regular expression

2024-08-20 23:11:09 - [TEST_STEP][PASSED] - verifyTextPresent("Is this information correct", true): Text 'Is this information correct' is present on page  using regular expression

2024-08-20 23:11:09 - [MESSAGE][PASSED] - Text 'Is this information correct' is present on page  using regular expression

2024-08-20 23:11:09 - [TEST_STEP][PASSED] - selenium.click("name=confirmNotifyAction"): null

2024-08-20 23:11:09 - [TEST_STEP][PASSED] - selenium.waitForPageToLoad("30000"): null

2024-08-20 23:11:10 - [TEST_STEP][PASSED] - Thread.sleep(8000): null

2024-08-20 23:11:18 - [TEST_STEP][PASSED] - verifyTextPresent("Successful Payment Receipt", true): Text 'Successful Payment Receipt' is present on page  using regular expression

2024-08-20 23:11:18 - [MESSAGE][PASSED] - Text 'Successful Payment Receipt' is present on page  using regular expression

2024-08-20 23:11:18 - [TEST_STEP][PASSED] - verifyTextPresent("Please print this receipt for your records", true): Text 'Please print this receipt for your records' is present on page  using regular expression

2024-08-20 23:11:18 - [MESSAGE][PASSED] - Text 'Please print this receipt for your records' is present on page  using regular expression

2024-08-20 23:11:18 - [TEST_STEP][PASSED] - verifyTextPresent("$110.00", false): Text '$110.00' is present on page 

2024-08-20 23:11:19 - [MESSAGE][PASSED] - Text '$110.00' is present on page 

2024-08-20 23:11:19 - [TEST_STEP][PASSED] - verifyTextPresent("Authorization and Capture", true): Text 'Authorization and Capture' is present on page  using regular expression

2024-08-20 23:11:19 - [MESSAGE][PASSED] - Text 'Authorization and Capture' is present on page  using regular expression

2024-08-20 23:11:19 - [TEST_STEP][PASSED] - verifyTextPresent("Visa", true): Text 'Visa' is present on page  using regular expression

2024-08-20 23:11:19 - [MESSAGE][PASSED] - Text 'Visa' is present on page  using regular expression

2024-08-20 23:11:19 - [TEST_STEP][PASSED] - verifyTextPresent("LESLIE HOWARD", true): Text 'LESLIE HOWARD' is present on page  using regular expression

2024-08-20 23:11:19 - [MESSAGE][PASSED] - Text 'LESLIE HOWARD' is present on page  using regular expression

2024-08-20 23:11:19 - [TEST_STEP][PASSED] - verifyTextPresent("1111", true): Text '1111' is present on page  using regular expression

2024-08-20 23:11:20 - [MESSAGE][PASSED] - Text '1111' is present on page  using regular expression

2024-08-20 23:11:20 - [TEST_STEP][PASSED] - println("End Test: DCFAboveCeilingCC"): null]]></system-out>
         <system-err><![CDATA[]]></system-err>
      </testcase>
      <testcase name="Test Cases/IntegratedWeb/IWP23-SelIDE/DCFAboveCeilingPC" time="28.132" classname="Test Cases/IntegratedWeb/IWP23-SelIDE/DCFAboveCeilingPC" status="PASSED">
         <system-out><![CDATA[2024-08-20 23:11:20 - [TEST_CASE][PASSED] - Test Cases/IntegratedWeb/IWP23-SelIDE/DCFAboveCeilingPC: Test Cases/IntegratedWeb/IWP23-SelIDE/DCFAboveCeilingPC

2024-08-20 23:11:20 - [TEST_STEP][PASSED] - softAssertion = new org.testng.asserts.SoftAssert(): null

2024-08-20 23:11:20 - [TEST_STEP][PASSED] - openBrowser("https://www.google.com/"): Browser is opened with url: 'https://www.google.com/'

2024-08-20 23:11:20 - [MESSAGE][WARNING] - A browser is already opened. Closing browser and opening a new one

2024-08-20 23:11:22 - [MESSAGE][INFO] - Starting 'Chrome' driver

2024-08-20 23:11:22 - [MESSAGE][INFO] - User set preference: ['acceptInsecureCerts', 'true']

2024-08-20 23:11:22 - [MESSAGE][INFO] - Action delay is set to 0 milliseconds

2024-08-20 23:11:25 - [MESSAGE][PASSED] - Browser is opened with url: 'https://www.google.com/'

2024-08-20 23:11:25 - [TEST_STEP][PASSED] - driver = getWebDriver(): null

2024-08-20 23:11:25 - [TEST_STEP][PASSED] - baseUrl = "https://www.google.com/": null

2024-08-20 23:11:25 - [TEST_STEP][PASSED] - selenium = new com.thoughtworks.selenium.webdriven.WebDriverBackedSelenium(driver, baseUrl): null

2024-08-20 23:11:25 - [TEST_STEP][PASSED] - println("Begin Test: DCFAboveCeilingPC"): null

2024-08-20 23:11:25 - [TEST_STEP][PASSED] - emulatorURL = urlEmulator: null

2024-08-20 23:11:25 - [TEST_STEP][PASSED] - selenium.open(emulatorURL): null

2024-08-20 23:11:25 - [TEST_STEP][PASSED] - selenium.selectWindow("null"): null

2024-08-20 23:11:25 - [TEST_STEP][PASSED] - selenium.select("name=message_version", "label=2.3"): null

2024-08-20 23:11:25 - [TEST_STEP][PASSED] - selenium.waitForPageToLoad("30000"): null

2024-08-20 23:11:26 - [TEST_STEP][PASSED] - selenium.type("name=amount", 00".toString()): null

2024-08-20 23:11:26 - [TEST_STEP][PASSED] - selenium.type("name=client_account_number", "CAN12345"): null

2024-08-20 23:11:26 - [TEST_STEP][PASSED] - selenium.type("name=action_type", "PayNow"): null

2024-08-20 23:11:26 - [TEST_STEP][PASSED] - selenium.type("name=language", "en_US"): null

2024-08-20 23:11:26 - [TEST_STEP][PASSED] - selenium.type("name=billing_firstname", "Mandy"): null

2024-08-20 23:11:26 - [TEST_STEP][PASSED] - selenium.type("name=billing_lastname", "Iguera"): null

2024-08-20 23:11:26 - [TEST_STEP][PASSED] - selenium.type("name=billing_address", "56 World Center Drive".toString()): null

2024-08-20 23:11:26 - [TEST_STEP][PASSED] - selenium.type("name=billing_address2", "Suite 600".toString()): null

2024-08-20 23:11:26 - [TEST_STEP][PASSED] - selenium.type("name=billing_country_id", "840"): null

2024-08-20 23:11:26 - [TEST_STEP][PASSED] - selenium.type("name=billing_city", "Orlando"): null

2024-08-20 23:11:26 - [TEST_STEP][PASSED] - selenium.type("name=billing_state", "NH"): null

2024-08-20 23:11:26 - [TEST_STEP][PASSED] - selenium.type("name=billing_zip", "03106"): null

2024-08-20 23:11:27 - [TEST_STEP][PASSED] - selenium.type("name=order_number", "PPPPOOOO"): null

2024-08-20 23:11:27 - [TEST_STEP][PASSED] - selenium.type("name=user_defined1", "udf1"): null

2024-08-20 23:11:27 - [TEST_STEP][PASSED] - selenium.type("name=user_defined2", "udf2"): null

2024-08-20 23:11:27 - [TEST_STEP][PASSED] - selenium.type("name=user_defined3", "udf3"): null

2024-08-20 23:11:27 - [TEST_STEP][PASSED] - selenium.type("name=user_defined4", "Orange Label".toString()): null

2024-08-20 23:11:27 - [TEST_STEP][PASSED] - selenium.type("name=user_defined5", "Soccer Label".toString()): null

2024-08-20 23:11:27 - [TEST_STEP][PASSED] - selenium.click("name=submit"): null

2024-08-20 23:11:27 - [TEST_STEP][PASSED] - selenium.waitForPageToLoad("30000"): null

2024-08-20 23:11:28 - [TEST_STEP][PASSED] - Thread.sleep(2000): null

2024-08-20 23:11:30 - [TEST_STEP][PASSED] - testHarnessURL = urlTestHarness: null

2024-08-20 23:11:30 - [TEST_STEP][PASSED] - selenium.open(testHarnessURL): null

2024-08-20 23:11:30 - [TEST_STEP][PASSED] - selenium.type("name=application_id", "637"): null

2024-08-20 23:11:30 - [TEST_STEP][PASSED] - selenium.type("name=message_version", 3".toString()): null

2024-08-20 23:11:30 - [TEST_STEP][PASSED] - genRemIDVoid = RandomStringUtils.random(12, true, true): null

2024-08-20 23:11:30 - [TEST_STEP][PASSED] - selenium.type("name=remittance_id", genRemIDVoid): null

2024-08-20 23:11:30 - [TEST_STEP][PASSED] - selenium.click("css=input.formSubmit"): null

2024-08-20 23:11:31 - [TEST_STEP][PASSED] - selenium.waitForPageToLoad("30000"): null

2024-08-20 23:11:31 - [TEST_STEP][PASSED] - selenium.click("xpath=(//input[@name='paymentMethod'])[2]"): null

2024-08-20 23:11:31 - [TEST_STEP][PASSED] - selenium.click("css=input[type="submit"]"): null

2024-08-20 23:11:32 - [TEST_STEP][PASSED] - selenium.waitForPageToLoad("30000"): null

2024-08-20 23:11:33 - [TEST_STEP][PASSED] - selenium.type("name=amount", 00".toString()): null

2024-08-20 23:11:33 - [TEST_STEP][PASSED] - selenium.type("name=billingFirstname", "Mike"): null

2024-08-20 23:11:33 - [TEST_STEP][PASSED] - selenium.type("name=billingLastname", "Chingiti"): null

2024-08-20 23:11:33 - [TEST_STEP][PASSED] - selenium.type("id=routingNumber", "256072691"): null

2024-08-20 23:11:33 - [TEST_STEP][PASSED] - selenium.type("id=accountNumber", "11111111"): null

2024-08-20 23:11:33 - [TEST_STEP][PASSED] - selenium.type("id=confirmAccountNumber", "11111111"): null

2024-08-20 23:11:33 - [TEST_STEP][PASSED] - selenium.click("name=accountType"): null

2024-08-20 23:11:33 - [TEST_STEP][PASSED] - selenium.type("name=billingAddress", "104 main road".toString()): null

2024-08-20 23:11:33 - [TEST_STEP][PASSED] - selenium.type("name=billingAddress2", ""): null

2024-08-20 23:11:33 - [TEST_STEP][PASSED] - selenium.type("id=billing-zip-input", "22201"): null

2024-08-20 23:11:34 - [TEST_STEP][PASSED] - selenium.click("id=checkedAcceptCondition"): null

2024-08-20 23:11:34 - [TEST_STEP][PASSED] - selenium.click("name=achSubmit"): null

2024-08-20 23:11:34 - [TEST_STEP][PASSED] - selenium.waitForPageToLoad("30000"): null

2024-08-20 23:11:35 - [TEST_STEP][PASSED] - verifyTextPresent("Please verify the following information:", true): Text 'Please verify the following information:' is present on page  using regular expression

2024-08-20 23:11:35 - [MESSAGE][PASSED] - Text 'Please verify the following information:' is present on page  using regular expression

2024-08-20 23:11:35 - [TEST_STEP][PASSED] - verifyTextPresent("Is this information correct", true): Text 'Is this information correct' is present on page  using regular expression

2024-08-20 23:11:35 - [MESSAGE][PASSED] - Text 'Is this information correct' is present on page  using regular expression

2024-08-20 23:11:35 - [TEST_STEP][PASSED] - selenium.click("name=confirmNotifyAction"): null

2024-08-20 23:11:36 - [TEST_STEP][PASSED] - selenium.waitForPageToLoad("30000"): null

2024-08-20 23:11:36 - [TEST_STEP][PASSED] - Thread.sleep(8000): null

2024-08-20 23:11:44 - [TEST_STEP][PASSED] - verifyTextPresent("Successful Payment Receipt", true): Text 'Successful Payment Receipt' is present on page  using regular expression

2024-08-20 23:11:45 - [MESSAGE][PASSED] - Text 'Successful Payment Receipt' is present on page  using regular expression

2024-08-20 23:11:45 - [TEST_STEP][PASSED] - verifyTextPresent("Please print this receipt for your records", true): Text 'Please print this receipt for your records' is present on page  using regular expression

2024-08-20 23:11:45 - [MESSAGE][PASSED] - Text 'Please print this receipt for your records' is present on page  using regular expression

2024-08-20 23:11:45 - [TEST_STEP][PASSED] - verifyTextPresent("$110.00", false): Text '$110.00' is present on page 

2024-08-20 23:11:45 - [MESSAGE][PASSED] - Text '$110.00' is present on page 

2024-08-20 23:11:45 - [TEST_STEP][PASSED] - verifyTextPresent("Debit", true): Text 'Debit' is present on page  using regular expression

2024-08-20 23:11:45 - [MESSAGE][PASSED] - Text 'Debit' is present on page  using regular expression

2024-08-20 23:11:45 - [TEST_STEP][PASSED] - verifyTextPresent("Personal", true): Text 'Personal' is present on page  using regular expression

2024-08-20 23:11:46 - [MESSAGE][PASSED] - Text 'Personal' is present on page  using regular expression

2024-08-20 23:11:46 - [TEST_STEP][PASSED] - verifyTextPresent("Checking", true): Text 'Checking' is present on page  using regular expression

2024-08-20 23:11:46 - [MESSAGE][PASSED] - Text 'Checking' is present on page  using regular expression

2024-08-20 23:11:46 - [TEST_STEP][PASSED] - verifyTextPresent("1111", true): Text '1111' is present on page  using regular expression

2024-08-20 23:11:46 - [MESSAGE][PASSED] - Text '1111' is present on page  using regular expression

2024-08-20 23:11:46 - [TEST_STEP][PASSED] - verifyTextPresent("2691", true): Text '2691' is present on page  using regular expression

2024-08-20 23:11:46 - [MESSAGE][PASSED] - Text '2691' is present on page  using regular expression

2024-08-20 23:11:46 - [TEST_STEP][PASSED] - verifyTextPresent("MIKE CHINGITI", true): Text 'MIKE CHINGITI' is present on page  using regular expression

2024-08-20 23:11:47 - [MESSAGE][PASSED] - Text 'MIKE CHINGITI' is present on page  using regular expression

2024-08-20 23:11:47 - [TEST_STEP][PASSED] - verifyTextPresent("104 main road", true): Text '104 main road' is present on page  using regular expression

2024-08-20 23:11:47 - [MESSAGE][PASSED] - Text '104 main road' is present on page  using regular expression

2024-08-20 23:11:47 - [TEST_STEP][PASSED] - verifyTextPresent("United States", true): Text 'United States' is present on page  using regular expression

2024-08-20 23:11:47 - [MESSAGE][PASSED] - Text 'United States' is present on page  using regular expression

2024-08-20 23:11:47 - [TEST_STEP][PASSED] - verifyTextPresent("ARLINGTON", true): Text 'ARLINGTON' is present on page  using regular expression

2024-08-20 23:11:47 - [MESSAGE][PASSED] - Text 'ARLINGTON' is present on page  using regular expression

2024-08-20 23:11:47 - [TEST_STEP][PASSED] - verifyTextPresent("Virginia", true): Text 'Virginia' is present on page  using regular expression

2024-08-20 23:11:48 - [MESSAGE][PASSED] - Text 'Virginia' is present on page  using regular expression

2024-08-20 23:11:48 - [TEST_STEP][PASSED] - verifyTextPresent("22201", true): Text '22201' is present on page  using regular expression

2024-08-20 23:11:48 - [MESSAGE][PASSED] - Text '22201' is present on page  using regular expression

2024-08-20 23:11:48 - [TEST_STEP][PASSED] - println("End Test: DCFAboveCeilingPC"): null]]></system-out>
         <system-err><![CDATA[]]></system-err>
      </testcase>
      <testcase name="Test Cases/IntegratedWeb/IWP23-SelIDE/DCFBelowFloorCC" time="27.084" classname="Test Cases/IntegratedWeb/IWP23-SelIDE/DCFBelowFloorCC" status="PASSED">
         <system-out><![CDATA[2024-08-20 23:11:48 - [TEST_CASE][PASSED] - Test Cases/IntegratedWeb/IWP23-SelIDE/DCFBelowFloorCC: Test Cases/IntegratedWeb/IWP23-SelIDE/DCFBelowFloorCC

2024-08-20 23:11:48 - [TEST_STEP][PASSED] - softAssertion = new org.testng.asserts.SoftAssert(): null

2024-08-20 23:11:48 - [TEST_STEP][PASSED] - openBrowser("https://www.google.com/"): Browser is opened with url: 'https://www.google.com/'

2024-08-20 23:11:48 - [MESSAGE][WARNING] - A browser is already opened. Closing browser and opening a new one

2024-08-20 23:11:50 - [MESSAGE][INFO] - Starting 'Chrome' driver

2024-08-20 23:11:50 - [MESSAGE][INFO] - User set preference: ['acceptInsecureCerts', 'true']

2024-08-20 23:11:50 - [MESSAGE][INFO] - Action delay is set to 0 milliseconds

2024-08-20 23:11:53 - [MESSAGE][PASSED] - Browser is opened with url: 'https://www.google.com/'

2024-08-20 23:11:53 - [TEST_STEP][PASSED] - driver = getWebDriver(): null

2024-08-20 23:11:53 - [TEST_STEP][PASSED] - baseUrl = "https://www.google.com/": null

2024-08-20 23:11:53 - [TEST_STEP][PASSED] - selenium = new com.thoughtworks.selenium.webdriven.WebDriverBackedSelenium(driver, baseUrl): null

2024-08-20 23:11:53 - [TEST_STEP][PASSED] - println("Begin Test: DCFBelowFloorCC"): null

2024-08-20 23:11:53 - [TEST_STEP][PASSED] - emulatorURL = urlEmulator: null

2024-08-20 23:11:53 - [TEST_STEP][PASSED] - selenium.open(emulatorURL): null

2024-08-20 23:11:53 - [TEST_STEP][PASSED] - selenium.selectWindow("null"): null

2024-08-20 23:11:53 - [TEST_STEP][PASSED] - selenium.select("name=message_version", "label=2.3"): null

2024-08-20 23:11:53 - [TEST_STEP][PASSED] - selenium.waitForPageToLoad("30000"): null

2024-08-20 23:11:54 - [TEST_STEP][PASSED] - selenium.type("name=amount", 00".toString()): null

2024-08-20 23:11:54 - [TEST_STEP][PASSED] - selenium.type("name=client_account_number", "CAN12345"): null

2024-08-20 23:11:54 - [TEST_STEP][PASSED] - selenium.type("name=action_type", "PayNow"): null

2024-08-20 23:11:54 - [TEST_STEP][PASSED] - selenium.type("name=language", "en_US"): null

2024-08-20 23:11:54 - [TEST_STEP][PASSED] - selenium.type("name=billing_firstname", "Mandy"): null

2024-08-20 23:11:54 - [TEST_STEP][PASSED] - selenium.type("name=billing_lastname", "Iguera"): null

2024-08-20 23:11:54 - [TEST_STEP][PASSED] - selenium.type("name=billing_address", "56 World Center Drive".toString()): null

2024-08-20 23:11:54 - [TEST_STEP][PASSED] - selenium.type("name=billing_address2", "Suite 600".toString()): null

2024-08-20 23:11:54 - [TEST_STEP][PASSED] - selenium.type("name=billing_country_id", "840"): null

2024-08-20 23:11:54 - [TEST_STEP][PASSED] - selenium.type("name=billing_city", "Orlando"): null

2024-08-20 23:11:54 - [TEST_STEP][PASSED] - selenium.type("name=billing_state", "NH"): null

2024-08-20 23:11:54 - [TEST_STEP][PASSED] - selenium.type("name=billing_zip", "03106"): null

2024-08-20 23:11:54 - [TEST_STEP][PASSED] - selenium.type("name=order_number", "PPPPOOOO"): null

2024-08-20 23:11:54 - [TEST_STEP][PASSED] - selenium.type("name=user_defined1", "udf1"): null

2024-08-20 23:11:55 - [TEST_STEP][PASSED] - selenium.type("name=user_defined2", "udf2"): null

2024-08-20 23:11:55 - [TEST_STEP][PASSED] - selenium.type("name=user_defined3", "udf3"): null

2024-08-20 23:11:55 - [TEST_STEP][PASSED] - selenium.type("name=user_defined4", "Orange Label".toString()): null

2024-08-20 23:11:55 - [TEST_STEP][PASSED] - selenium.type("name=user_defined5", "Soccer Label".toString()): null

2024-08-20 23:11:55 - [TEST_STEP][PASSED] - selenium.click("name=submit"): null

2024-08-20 23:11:55 - [TEST_STEP][PASSED] - selenium.waitForPageToLoad("30000"): null

2024-08-20 23:11:55 - [TEST_STEP][PASSED] - testHarnessURL = urlTestHarness: null

2024-08-20 23:11:55 - [TEST_STEP][PASSED] - selenium.open(testHarnessURL): null

2024-08-20 23:11:56 - [TEST_STEP][PASSED] - Thread.sleep(2000): null

2024-08-20 23:11:58 - [TEST_STEP][PASSED] - selenium.type("name=application_id", "637"): null

2024-08-20 23:11:58 - [TEST_STEP][PASSED] - selenium.type("name=message_version", 3".toString()): null

2024-08-20 23:11:58 - [TEST_STEP][PASSED] - genRemIDVoid = RandomStringUtils.random(12, true, true): null

2024-08-20 23:11:58 - [TEST_STEP][PASSED] - selenium.type("name=remittance_id", genRemIDVoid): null

2024-08-20 23:11:58 - [TEST_STEP][PASSED] - selenium.click("css=input.formSubmit"): null

2024-08-20 23:11:59 - [TEST_STEP][PASSED] - selenium.waitForPageToLoad("30000"): null

2024-08-20 23:11:59 - [TEST_STEP][PASSED] - selenium.selectWindow("null"): null

2024-08-20 23:11:59 - [TEST_STEP][PASSED] - selenium.click("name=paymentMethod"): null

2024-08-20 23:11:59 - [TEST_STEP][PASSED] - selenium.click("css=input[type="submit"]"): null

2024-08-20 23:12:00 - [TEST_STEP][PASSED] - selenium.waitForPageToLoad("30000"): null

2024-08-20 23:12:01 - [TEST_STEP][PASSED] - selenium.type("name=amount", 00".toString()): null

2024-08-20 23:12:01 - [TEST_STEP][PASSED] - selenium.type("name=billingName", "Leslie Howard".toString()): null

2024-08-20 23:12:01 - [TEST_STEP][PASSED] - selenium.type("id=cardNumber", "4111111111111111"): null

2024-08-20 23:12:01 - [TEST_STEP][PASSED] - selenium.type("id=spc", "568"): null

2024-08-20 23:12:01 - [TEST_STEP][PASSED] - selenium.select("name=cardExpMonth", "label=02"): null

2024-08-20 23:12:01 - [TEST_STEP][PASSED] - selenium.select("name=cardExpYear", "label=2028"): null

2024-08-20 23:12:01 - [TEST_STEP][PASSED] - selenium.type("name=billingAddress", "778 Main street".toString()): null

2024-08-20 23:12:02 - [TEST_STEP][PASSED] - selenium.type("name=billingAddress2", ""): null

2024-08-20 23:12:02 - [TEST_STEP][PASSED] - selenium.type("id=billing-zip-input", "22201"): null

2024-08-20 23:12:02 - [TEST_STEP][PASSED] - selenium.type("name=emailAddress", ""): null

2024-08-20 23:12:02 - [TEST_STEP][PASSED] - selenium.click("id=checkedAcceptCondition"): null

2024-08-20 23:12:02 - [TEST_STEP][PASSED] - selenium.click("name=ccSubmit"): null

2024-08-20 23:12:03 - [TEST_STEP][PASSED] - selenium.waitForPageToLoad("30000"): null

2024-08-20 23:12:03 - [TEST_STEP][PASSED] - verifyTextPresent("Please verify the following information:", true): Text 'Please verify the following information:' is present on page  using regular expression

2024-08-20 23:12:04 - [MESSAGE][PASSED] - Text 'Please verify the following information:' is present on page  using regular expression

2024-08-20 23:12:04 - [TEST_STEP][PASSED] - verifyTextPresent("Is this information correct", true): Text 'Is this information correct' is present on page  using regular expression

2024-08-20 23:12:04 - [MESSAGE][PASSED] - Text 'Is this information correct' is present on page  using regular expression

2024-08-20 23:12:04 - [TEST_STEP][PASSED] - selenium.click("name=confirmNotifyAction"): null

2024-08-20 23:12:05 - [TEST_STEP][PASSED] - selenium.waitForPageToLoad("30000"): null

2024-08-20 23:12:05 - [TEST_STEP][PASSED] - Thread.sleep(8000): null

2024-08-20 23:12:13 - [TEST_STEP][PASSED] - verifyTextPresent("Successful Payment Receipt", true): Text 'Successful Payment Receipt' is present on page  using regular expression

2024-08-20 23:12:13 - [MESSAGE][PASSED] - Text 'Successful Payment Receipt' is present on page  using regular expression

2024-08-20 23:12:13 - [TEST_STEP][PASSED] - verifyTextPresent("Please print this receipt for your records", true): Text 'Please print this receipt for your records' is present on page  using regular expression

2024-08-20 23:12:14 - [MESSAGE][PASSED] - Text 'Please print this receipt for your records' is present on page  using regular expression

2024-08-20 23:12:14 - [TEST_STEP][PASSED] - verifyTextPresent("$1.00", false): Text '$1.00' is present on page 

2024-08-20 23:12:14 - [MESSAGE][PASSED] - Text '$1.00' is present on page 

2024-08-20 23:12:14 - [TEST_STEP][PASSED] - verifyTextPresent("Authorization and Capture", true): Text 'Authorization and Capture' is present on page  using regular expression

2024-08-20 23:12:14 - [MESSAGE][PASSED] - Text 'Authorization and Capture' is present on page  using regular expression

2024-08-20 23:12:14 - [TEST_STEP][PASSED] - verifyTextPresent("Visa", true): Text 'Visa' is present on page  using regular expression

2024-08-20 23:12:14 - [MESSAGE][PASSED] - Text 'Visa' is present on page  using regular expression

2024-08-20 23:12:14 - [TEST_STEP][PASSED] - verifyTextPresent("LESLIE HOWARD", true): Text 'LESLIE HOWARD' is present on page  using regular expression

2024-08-20 23:12:15 - [MESSAGE][PASSED] - Text 'LESLIE HOWARD' is present on page  using regular expression

2024-08-20 23:12:15 - [TEST_STEP][PASSED] - verifyTextPresent("1111", true): Text '1111' is present on page  using regular expression

2024-08-20 23:12:15 - [MESSAGE][PASSED] - Text '1111' is present on page  using regular expression

2024-08-20 23:12:15 - [TEST_STEP][PASSED] - println("End Test: DCFBelowFloorCC"): null]]></system-out>
         <system-err><![CDATA[]]></system-err>
      </testcase>
      <testcase name="Test Cases/IntegratedWeb/IWP23-SelIDE/DCFBelowFloorPC" time="29.076" classname="Test Cases/IntegratedWeb/IWP23-SelIDE/DCFBelowFloorPC" status="PASSED">
         <system-out><![CDATA[2024-08-20 23:12:15 - [TEST_CASE][PASSED] - Test Cases/IntegratedWeb/IWP23-SelIDE/DCFBelowFloorPC: Test Cases/IntegratedWeb/IWP23-SelIDE/DCFBelowFloorPC

2024-08-20 23:12:16 - [TEST_STEP][PASSED] - softAssertion = new org.testng.asserts.SoftAssert(): null

2024-08-20 23:12:16 - [TEST_STEP][PASSED] - openBrowser("https://www.google.com/"): Browser is opened with url: 'https://www.google.com/'

2024-08-20 23:12:16 - [MESSAGE][WARNING] - A browser is already opened. Closing browser and opening a new one

2024-08-20 23:12:17 - [MESSAGE][INFO] - Starting 'Chrome' driver

2024-08-20 23:12:17 - [MESSAGE][INFO] - User set preference: ['acceptInsecureCerts', 'true']

2024-08-20 23:12:17 - [MESSAGE][INFO] - Action delay is set to 0 milliseconds

2024-08-20 23:12:20 - [MESSAGE][PASSED] - Browser is opened with url: 'https://www.google.com/'

2024-08-20 23:12:20 - [TEST_STEP][PASSED] - driver = getWebDriver(): null

2024-08-20 23:12:20 - [TEST_STEP][PASSED] - baseUrl = "https://www.google.com/": null

2024-08-20 23:12:20 - [TEST_STEP][PASSED] - selenium = new com.thoughtworks.selenium.webdriven.WebDriverBackedSelenium(driver, baseUrl): null

2024-08-20 23:12:20 - [TEST_STEP][PASSED] - println("Begin Test: DCFBelowFloorPC"): null

2024-08-20 23:12:20 - [TEST_STEP][PASSED] - emulatorURL = urlEmulator: null

2024-08-20 23:12:20 - [TEST_STEP][PASSED] - selenium.open(emulatorURL): null

2024-08-20 23:12:20 - [TEST_STEP][PASSED] - selenium.selectWindow("null"): null

2024-08-20 23:12:20 - [TEST_STEP][PASSED] - selenium.select("name=message_version", "label=2.3"): null

2024-08-20 23:12:20 - [TEST_STEP][PASSED] - selenium.waitForPageToLoad("30000"): null

2024-08-20 23:12:21 - [TEST_STEP][PASSED] - selenium.type("name=amount", 00".toString()): null

2024-08-20 23:12:21 - [TEST_STEP][PASSED] - selenium.type("name=client_account_number", "CAN12345"): null

2024-08-20 23:12:21 - [TEST_STEP][PASSED] - selenium.type("name=action_type", "PayNow"): null

2024-08-20 23:12:21 - [TEST_STEP][PASSED] - selenium.type("name=language", "en_US"): null

2024-08-20 23:12:21 - [TEST_STEP][PASSED] - selenium.type("name=billing_firstname", "Mandy"): null

2024-08-20 23:12:21 - [TEST_STEP][PASSED] - selenium.type("name=billing_lastname", "Iguera"): null

2024-08-20 23:12:21 - [TEST_STEP][PASSED] - selenium.type("name=billing_address", "56 World Center Drive".toString()): null

2024-08-20 23:12:21 - [TEST_STEP][PASSED] - selenium.type("name=billing_address2", "Suite 600".toString()): null

2024-08-20 23:12:21 - [TEST_STEP][PASSED] - selenium.type("name=billing_country_id", "840"): null

2024-08-20 23:12:21 - [TEST_STEP][PASSED] - selenium.type("name=billing_city", "Orlando"): null

2024-08-20 23:12:21 - [TEST_STEP][PASSED] - selenium.type("name=billing_state", "NH"): null

2024-08-20 23:12:21 - [TEST_STEP][PASSED] - selenium.type("name=billing_zip", "03106"): null

2024-08-20 23:12:21 - [TEST_STEP][PASSED] - selenium.type("name=order_number", "PPPPOOOO"): null

2024-08-20 23:12:22 - [TEST_STEP][PASSED] - selenium.type("name=user_defined1", "udf1"): null

2024-08-20 23:12:22 - [TEST_STEP][PASSED] - selenium.type("name=user_defined2", "udf2"): null

2024-08-20 23:12:22 - [TEST_STEP][PASSED] - selenium.type("name=user_defined3", "udf3"): null

2024-08-20 23:12:22 - [TEST_STEP][PASSED] - selenium.type("name=user_defined4", "Orange Label".toString()): null

2024-08-20 23:12:22 - [TEST_STEP][PASSED] - selenium.type("name=user_defined5", "Soccer Label".toString()): null

2024-08-20 23:12:22 - [TEST_STEP][PASSED] - selenium.click("name=submit"): null

2024-08-20 23:12:22 - [TEST_STEP][PASSED] - selenium.waitForPageToLoad("30000"): null

2024-08-20 23:12:22 - [TEST_STEP][PASSED] - Thread.sleep(2000): null

2024-08-20 23:12:24 - [TEST_STEP][PASSED] - testHarnessURL = urlTestHarness: null

2024-08-20 23:12:24 - [TEST_STEP][PASSED] - selenium.open(testHarnessURL): null

2024-08-20 23:12:25 - [TEST_STEP][PASSED] - selenium.type("name=application_id", "637"): null

2024-08-20 23:12:25 - [TEST_STEP][PASSED] - selenium.type("name=message_version", 3".toString()): null

2024-08-20 23:12:25 - [TEST_STEP][PASSED] - genRemIDVoid = RandomStringUtils.random(12, true, true): null

2024-08-20 23:12:25 - [TEST_STEP][PASSED] - selenium.type("name=remittance_id", genRemIDVoid): null

2024-08-20 23:12:25 - [TEST_STEP][PASSED] - selenium.click("css=input.formSubmit"): null

2024-08-20 23:12:26 - [TEST_STEP][PASSED] - selenium.waitForPageToLoad("30000"): null

2024-08-20 23:12:27 - [TEST_STEP][PASSED] - selenium.click("xpath=(//input[@name='paymentMethod'])[2]"): null

2024-08-20 23:12:28 - [TEST_STEP][PASSED] - selenium.click("css=input[type="submit"]"): null

2024-08-20 23:12:28 - [TEST_STEP][PASSED] - selenium.waitForPageToLoad("30000"): null

2024-08-20 23:12:29 - [TEST_STEP][PASSED] - selenium.type("name=amount", 00".toString()): null

2024-08-20 23:12:29 - [TEST_STEP][PASSED] - selenium.type("name=billingFirstname", "Mike"): null

2024-08-20 23:12:29 - [TEST_STEP][PASSED] - selenium.type("name=billingLastname", "Chingiti"): null

2024-08-20 23:12:29 - [TEST_STEP][PASSED] - selenium.type("id=routingNumber", "256072691"): null

2024-08-20 23:12:29 - [TEST_STEP][PASSED] - selenium.type("id=accountNumber", "11111111"): null

2024-08-20 23:12:29 - [TEST_STEP][PASSED] - selenium.type("id=confirmAccountNumber", "11111111"): null

2024-08-20 23:12:29 - [TEST_STEP][PASSED] - selenium.click("name=accountType"): null

2024-08-20 23:12:30 - [TEST_STEP][PASSED] - selenium.type("name=billingAddress", "104 main road".toString()): null

2024-08-20 23:12:30 - [TEST_STEP][PASSED] - selenium.type("name=billingAddress2", ""): null

2024-08-20 23:12:30 - [TEST_STEP][PASSED] - selenium.type("id=billing-zip-input", "22201"): null

2024-08-20 23:12:30 - [TEST_STEP][PASSED] - selenium.click("id=checkedAcceptCondition"): null

2024-08-20 23:12:30 - [TEST_STEP][PASSED] - selenium.click("name=achSubmit"): null

2024-08-20 23:12:31 - [TEST_STEP][PASSED] - selenium.waitForPageToLoad("30000"): null

2024-08-20 23:12:31 - [TEST_STEP][PASSED] - verifyTextPresent("Please verify the following information:", true): Text 'Please verify the following information:' is present on page  using regular expression

2024-08-20 23:12:31 - [MESSAGE][PASSED] - Text 'Please verify the following information:' is present on page  using regular expression

2024-08-20 23:12:31 - [TEST_STEP][PASSED] - verifyTextPresent("Is this information correct", true): Text 'Is this information correct' is present on page  using regular expression

2024-08-20 23:12:32 - [MESSAGE][PASSED] - Text 'Is this information correct' is present on page  using regular expression

2024-08-20 23:12:32 - [TEST_STEP][PASSED] - selenium.click("name=confirmNotifyAction"): null

2024-08-20 23:12:32 - [TEST_STEP][PASSED] - selenium.waitForPageToLoad("30000"): null

2024-08-20 23:12:33 - [TEST_STEP][PASSED] - Thread.sleep(8000): null

2024-08-20 23:12:41 - [TEST_STEP][PASSED] - verifyTextPresent("Successful Payment Receipt", true): Text 'Successful Payment Receipt' is present on page  using regular expression

2024-08-20 23:12:41 - [MESSAGE][PASSED] - Text 'Successful Payment Receipt' is present on page  using regular expression

2024-08-20 23:12:41 - [TEST_STEP][PASSED] - verifyTextPresent("Please print this receipt for your records", true): Text 'Please print this receipt for your records' is present on page  using regular expression

2024-08-20 23:12:41 - [MESSAGE][PASSED] - Text 'Please print this receipt for your records' is present on page  using regular expression

2024-08-20 23:12:41 - [TEST_STEP][PASSED] - verifyTextPresent("$1.00", false): Text '$1.00' is present on page 

2024-08-20 23:12:41 - [MESSAGE][PASSED] - Text '$1.00' is present on page 

2024-08-20 23:12:41 - [TEST_STEP][PASSED] - verifyTextPresent("Debit", true): Text 'Debit' is present on page  using regular expression

2024-08-20 23:12:42 - [MESSAGE][PASSED] - Text 'Debit' is present on page  using regular expression

2024-08-20 23:12:42 - [TEST_STEP][PASSED] - verifyTextPresent("Personal", true): Text 'Personal' is present on page  using regular expression

2024-08-20 23:12:42 - [MESSAGE][PASSED] - Text 'Personal' is present on page  using regular expression

2024-08-20 23:12:42 - [TEST_STEP][PASSED] - verifyTextPresent("Checking", true): Text 'Checking' is present on page  using regular expression

2024-08-20 23:12:42 - [MESSAGE][PASSED] - Text 'Checking' is present on page  using regular expression

2024-08-20 23:12:42 - [TEST_STEP][PASSED] - verifyTextPresent("1111", true): Text '1111' is present on page  using regular expression

2024-08-20 23:12:42 - [MESSAGE][PASSED] - Text '1111' is present on page  using regular expression

2024-08-20 23:12:42 - [TEST_STEP][PASSED] - verifyTextPresent("2691", true): Text '2691' is present on page  using regular expression

2024-08-20 23:12:43 - [MESSAGE][PASSED] - Text '2691' is present on page  using regular expression

2024-08-20 23:12:43 - [TEST_STEP][PASSED] - verifyTextPresent("MIKE CHINGITI", true): Text 'MIKE CHINGITI' is present on page  using regular expression

2024-08-20 23:12:43 - [MESSAGE][PASSED] - Text 'MIKE CHINGITI' is present on page  using regular expression

2024-08-20 23:12:43 - [TEST_STEP][PASSED] - verifyTextPresent("104 main road", true): Text '104 main road' is present on page  using regular expression

2024-08-20 23:12:43 - [MESSAGE][PASSED] - Text '104 main road' is present on page  using regular expression

2024-08-20 23:12:43 - [TEST_STEP][PASSED] - verifyTextPresent("United States", true): Text 'United States' is present on page  using regular expression

2024-08-20 23:12:43 - [MESSAGE][PASSED] - Text 'United States' is present on page  using regular expression

2024-08-20 23:12:43 - [TEST_STEP][PASSED] - verifyTextPresent("ARLINGTON", true): Text 'ARLINGTON' is present on page  using regular expression

2024-08-20 23:12:44 - [MESSAGE][PASSED] - Text 'ARLINGTON' is present on page  using regular expression

2024-08-20 23:12:44 - [TEST_STEP][PASSED] - verifyTextPresent("Virginia", true): Text 'Virginia' is present on page  using regular expression

2024-08-20 23:12:44 - [MESSAGE][PASSED] - Text 'Virginia' is present on page  using regular expression

2024-08-20 23:12:44 - [TEST_STEP][PASSED] - verifyTextPresent("22201", true): Text '22201' is present on page  using regular expression

2024-08-20 23:12:44 - [MESSAGE][PASSED] - Text '22201' is present on page  using regular expression

2024-08-20 23:12:44 - [TEST_STEP][PASSED] - println("End Test: DCFBelowFloorPC"): null]]></system-out>
         <system-err><![CDATA[]]></system-err>
      </testcase>
      <testcase name="Test Cases/IntegratedWeb/IWP23-SelIDE/DCFcancelOnCFCC" time="25.953" classname="Test Cases/IntegratedWeb/IWP23-SelIDE/DCFcancelOnCFCC" status="PASSED">
         <system-out><![CDATA[2024-08-20 23:12:44 - [TEST_CASE][PASSED] - Test Cases/IntegratedWeb/IWP23-SelIDE/DCFcancelOnCFCC: Test Cases/IntegratedWeb/IWP23-SelIDE/DCFcancelOnCFCC

2024-08-20 23:12:45 - [TEST_STEP][PASSED] - softAssertion = new org.testng.asserts.SoftAssert(): null

2024-08-20 23:12:45 - [TEST_STEP][PASSED] - openBrowser("https://www.google.com/"): Browser is opened with url: 'https://www.google.com/'

2024-08-20 23:12:45 - [MESSAGE][WARNING] - A browser is already opened. Closing browser and opening a new one

2024-08-20 23:12:46 - [MESSAGE][INFO] - Starting 'Chrome' driver

2024-08-20 23:12:46 - [MESSAGE][INFO] - User set preference: ['acceptInsecureCerts', 'true']

2024-08-20 23:12:46 - [MESSAGE][INFO] - Action delay is set to 0 milliseconds

2024-08-20 23:12:49 - [MESSAGE][PASSED] - Browser is opened with url: 'https://www.google.com/'

2024-08-20 23:12:49 - [TEST_STEP][PASSED] - driver = getWebDriver(): null

2024-08-20 23:12:49 - [TEST_STEP][PASSED] - baseUrl = "https://www.google.com/": null

2024-08-20 23:12:49 - [TEST_STEP][PASSED] - selenium = new com.thoughtworks.selenium.webdriven.WebDriverBackedSelenium(driver, baseUrl): null

2024-08-20 23:12:49 - [TEST_STEP][PASSED] - println("Begin Test: DCFcancelOnCFCC"): null

2024-08-20 23:12:49 - [TEST_STEP][PASSED] - emulatorURL = urlEmulator: null

2024-08-20 23:12:49 - [TEST_STEP][PASSED] - selenium.open(emulatorURL): null

2024-08-20 23:12:49 - [TEST_STEP][PASSED] - selenium.selectWindow("null"): null

2024-08-20 23:12:49 - [TEST_STEP][PASSED] - selenium.select("name=message_version", "label=2.3"): null

2024-08-20 23:12:50 - [TEST_STEP][PASSED] - selenium.waitForPageToLoad("30000"): null

2024-08-20 23:12:50 - [TEST_STEP][PASSED] - selenium.type("name=amount", 00".toString()): null

2024-08-20 23:12:50 - [TEST_STEP][PASSED] - selenium.type("name=client_account_number", "CAN12345"): null

2024-08-20 23:12:50 - [TEST_STEP][PASSED] - selenium.type("name=action_type", "PayNow"): null

2024-08-20 23:12:50 - [TEST_STEP][PASSED] - selenium.type("name=language", "en_US"): null

2024-08-20 23:12:50 - [TEST_STEP][PASSED] - selenium.type("name=billing_firstname", "Mandy"): null

2024-08-20 23:12:50 - [TEST_STEP][PASSED] - selenium.type("name=billing_lastname", "Iguera"): null

2024-08-20 23:12:50 - [TEST_STEP][PASSED] - selenium.type("name=billing_address", "56 World Center Drive".toString()): null

2024-08-20 23:12:51 - [TEST_STEP][PASSED] - selenium.type("name=billing_address2", "Suite 600".toString()): null

2024-08-20 23:12:51 - [TEST_STEP][PASSED] - selenium.type("name=billing_country_id", "840"): null

2024-08-20 23:12:51 - [TEST_STEP][PASSED] - selenium.type("name=billing_city", "Orlando"): null

2024-08-20 23:12:51 - [TEST_STEP][PASSED] - selenium.type("name=billing_state", "NH"): null

2024-08-20 23:12:51 - [TEST_STEP][PASSED] - selenium.type("name=billing_zip", "03106"): null

2024-08-20 23:12:51 - [TEST_STEP][PASSED] - selenium.type("name=order_number", "PPPPOOOO"): null

2024-08-20 23:12:51 - [TEST_STEP][PASSED] - selenium.type("name=user_defined1", "udf1"): null

2024-08-20 23:12:51 - [TEST_STEP][PASSED] - selenium.type("name=user_defined2", "udf2"): null

2024-08-20 23:12:51 - [TEST_STEP][PASSED] - selenium.type("name=user_defined3", "udf3"): null

2024-08-20 23:12:51 - [TEST_STEP][PASSED] - selenium.type("name=user_defined4", "Orange Label".toString()): null

2024-08-20 23:12:51 - [TEST_STEP][PASSED] - selenium.type("name=user_defined5", "Soccer Label".toString()): null

2024-08-20 23:12:51 - [TEST_STEP][PASSED] - selenium.click("name=submit"): null

2024-08-20 23:12:51 - [TEST_STEP][PASSED] - selenium.waitForPageToLoad("30000"): null

2024-08-20 23:12:52 - [TEST_STEP][PASSED] - testHarnessURL = urlTestHarness: null

2024-08-20 23:12:52 - [TEST_STEP][PASSED] - selenium.open(testHarnessURL): null

2024-08-20 23:12:52 - [TEST_STEP][PASSED] - Thread.sleep(2000): null

2024-08-20 23:12:54 - [TEST_STEP][PASSED] - selenium.type("name=application_id", "637"): null

2024-08-20 23:12:54 - [TEST_STEP][PASSED] - selenium.type("name=message_version", 3".toString()): null

2024-08-20 23:12:54 - [TEST_STEP][PASSED] - remID = selenium.getEval("  " + "Date.now"): null

2024-08-20 23:12:54 - [TEST_STEP][PASSED] - selenium.type("name=remittance_id", remID.toString()): null

2024-08-20 23:12:54 - [TEST_STEP][PASSED] - genRemIDVoid = RandomStringUtils.random(12, true, true): null

2024-08-20 23:12:54 - [TEST_STEP][PASSED] - selenium.type("name=remittance_id", genRemIDVoid): null

2024-08-20 23:12:54 - [TEST_STEP][PASSED] - selenium.click("css=input.formSubmit"): null

2024-08-20 23:12:55 - [TEST_STEP][PASSED] - selenium.waitForPageToLoad("30000"): null

2024-08-20 23:12:55 - [TEST_STEP][PASSED] - selenium.selectWindow("null"): null

2024-08-20 23:12:55 - [TEST_STEP][PASSED] - selenium.click("name=paymentMethod"): null

2024-08-20 23:12:56 - [TEST_STEP][PASSED] - selenium.click("css=input[type="submit"]"): null

2024-08-20 23:12:57 - [TEST_STEP][PASSED] - selenium.waitForPageToLoad("30000"): null

2024-08-20 23:12:57 - [TEST_STEP][PASSED] - selenium.type("name=amount", 50".toString()): null

2024-08-20 23:12:57 - [TEST_STEP][PASSED] - selenium.type("name=billingName", "Leslie Howard".toString()): null

2024-08-20 23:12:57 - [TEST_STEP][PASSED] - selenium.type("id=cardNumber", "4111111111111111"): null

2024-08-20 23:12:57 - [TEST_STEP][PASSED] - selenium.type("id=spc", "568"): null

2024-08-20 23:12:57 - [TEST_STEP][PASSED] - selenium.select("name=cardExpMonth", "label=02"): null

2024-08-20 23:12:57 - [TEST_STEP][PASSED] - selenium.select("name=cardExpYear", "label=2028"): null

2024-08-20 23:12:57 - [TEST_STEP][PASSED] - selenium.type("name=billingAddress", "778 Main street".toString()): null

2024-08-20 23:12:58 - [TEST_STEP][PASSED] - selenium.type("name=billingAddress2", ""): null

2024-08-20 23:12:58 - [TEST_STEP][PASSED] - selenium.type("id=billing-zip-input", "22201"): null

2024-08-20 23:12:58 - [TEST_STEP][PASSED] - selenium.type("name=emailAddress", ""): null

2024-08-20 23:12:58 - [TEST_STEP][PASSED] - selenium.click("id=checkedAcceptCondition"): null

2024-08-20 23:12:58 - [TEST_STEP][PASSED] - selenium.click("name=ccSubmit"): null

2024-08-20 23:12:58 - [TEST_STEP][PASSED] - selenium.waitForPageToLoad("30000"): null

2024-08-20 23:12:59 - [TEST_STEP][PASSED] - verifyTextPresent("Please verify the following information:", true): Text 'Please verify the following information:' is present on page  using regular expression

2024-08-20 23:12:59 - [MESSAGE][PASSED] - Text 'Please verify the following information:' is present on page  using regular expression

2024-08-20 23:12:59 - [TEST_STEP][PASSED] - verifyTextPresent("Is this information correct", true): Text 'Is this information correct' is present on page  using regular expression

2024-08-20 23:12:59 - [MESSAGE][PASSED] - Text 'Is this information correct' is present on page  using regular expression

2024-08-20 23:12:59 - [TEST_STEP][PASSED] - selenium.click("name=confirmNotifyAction"): null

2024-08-20 23:13:00 - [TEST_STEP][PASSED] - selenium.waitForPageToLoad("30000"): null

2024-08-20 23:13:01 - [TEST_STEP][PASSED] - delay(2): Delayed 2 second(s)

2024-08-20 23:13:03 - [MESSAGE][PASSED] - Delayed 2 second(s)

2024-08-20 23:13:03 - [TEST_STEP][PASSED] - verifyTextPresent("This transaction is subject to a Convenience Fees of $2.00", false): Text 'This transaction is subject to a Convenience Fees of $2.00' is present on page 

2024-08-20 23:13:03 - [MESSAGE][PASSED] - Text 'This transaction is subject to a Convenience Fees of $2.00' is present on page 

2024-08-20 23:13:03 - [TEST_STEP][PASSED] - verifyTextPresent("Payment Amount:", true): Text 'Payment Amount:' is present on page  using regular expression

2024-08-20 23:13:03 - [MESSAGE][PASSED] - Text 'Payment Amount:' is present on page  using regular expression

2024-08-20 23:13:03 - [TEST_STEP][PASSED] - verifyTextPresent("$11.50", false): Text '$11.50' is present on page 

2024-08-20 23:13:03 - [MESSAGE][PASSED] - Text '$11.50' is present on page 

2024-08-20 23:13:03 - [TEST_STEP][PASSED] - verifyTextPresent("Convenience Fees:", true): Text 'Convenience Fees:' is present on page  using regular expression

2024-08-20 23:13:04 - [MESSAGE][PASSED] - Text 'Convenience Fees:' is present on page  using regular expression

2024-08-20 23:13:04 - [TEST_STEP][PASSED] - verifyTextPresent("$2.00", false): Text '$2.00' is present on page 

2024-08-20 23:13:04 - [MESSAGE][PASSED] - Text '$2.00' is present on page 

2024-08-20 23:13:04 - [TEST_STEP][PASSED] - verifyTextPresent("Total Amount:", true): Text 'Total Amount:' is present on page  using regular expression

2024-08-20 23:13:04 - [MESSAGE][PASSED] - Text 'Total Amount:' is present on page  using regular expression

2024-08-20 23:13:04 - [TEST_STEP][PASSED] - verifyTextPresent("$13.50", false): Text '$13.50' is present on page 

2024-08-20 23:13:04 - [MESSAGE][PASSED] - Text '$13.50' is present on page 

2024-08-20 23:13:04 - [TEST_STEP][PASSED] - verifyTextPresent("Two transactions will appear on your bank statement, one in the amount of $11.50 and one in the amount of $2.00", false): Text 'Two transactions will appear on your bank statement, one in the amount of $11.50 and one in the amount of $2.00' is present on page 

2024-08-20 23:13:05 - [MESSAGE][PASSED] - Text 'Two transactions will appear on your bank statement, one in the amount of $11.50 and one in the amount of $2.00' is present on page 

2024-08-20 23:13:05 - [TEST_STEP][PASSED] - selenium.click("document.process.convFeeNotifyAction[1]"): null

2024-08-20 23:13:05 - [TEST_STEP][PASSED] - selenium.waitForPageToLoad("30000"): null

2024-08-20 23:13:06 - [TEST_STEP][PASSED] - Thread.sleep(4000): null

2024-08-20 23:13:10 - [TEST_STEP][PASSED] - verifyTextPresent("Payment Canceled", true): Text 'Payment Canceled' is present on page  using regular expression

2024-08-20 23:13:10 - [MESSAGE][PASSED] - Text 'Payment Canceled' is present on page  using regular expression

2024-08-20 23:13:10 - [TEST_STEP][PASSED] - println("End Test: DCFcancelOnCFCC"): null]]></system-out>
         <system-err><![CDATA[]]></system-err>
      </testcase>
      <testcase name="Test Cases/IntegratedWeb/IWP23-SelIDE/DCFFlatSuccessfulCC" time="29.387" classname="Test Cases/IntegratedWeb/IWP23-SelIDE/DCFFlatSuccessfulCC" status="PASSED">
         <system-out><![CDATA[2024-08-20 23:13:10 - [TEST_CASE][PASSED] - Test Cases/IntegratedWeb/IWP23-SelIDE/DCFFlatSuccessfulCC: Test Cases/IntegratedWeb/IWP23-SelIDE/DCFFlatSuccessfulCC

2024-08-20 23:13:11 - [TEST_STEP][PASSED] - softAssertion = new org.testng.asserts.SoftAssert(): null

2024-08-20 23:13:11 - [TEST_STEP][PASSED] - openBrowser("https://www.google.com/"): Browser is opened with url: 'https://www.google.com/'

2024-08-20 23:13:11 - [MESSAGE][WARNING] - A browser is already opened. Closing browser and opening a new one

2024-08-20 23:13:12 - [MESSAGE][INFO] - Starting 'Chrome' driver

2024-08-20 23:13:12 - [MESSAGE][INFO] - User set preference: ['acceptInsecureCerts', 'true']

2024-08-20 23:13:12 - [MESSAGE][INFO] - Action delay is set to 0 milliseconds

2024-08-20 23:13:15 - [MESSAGE][PASSED] - Browser is opened with url: 'https://www.google.com/'

2024-08-20 23:13:15 - [TEST_STEP][PASSED] - driver = getWebDriver(): null

2024-08-20 23:13:15 - [TEST_STEP][PASSED] - baseUrl = "https://www.google.com/": null

2024-08-20 23:13:15 - [TEST_STEP][PASSED] - selenium = new com.thoughtworks.selenium.webdriven.WebDriverBackedSelenium(driver, baseUrl): null

2024-08-20 23:13:15 - [TEST_STEP][PASSED] - println("Begin Test: DCFFlatSuccessfulCC"): null

2024-08-20 23:13:15 - [TEST_STEP][PASSED] - emulatorURL = urlEmulator: null

2024-08-20 23:13:15 - [TEST_STEP][PASSED] - selenium.open(emulatorURL): null

2024-08-20 23:13:15 - [TEST_STEP][PASSED] - selenium.selectWindow("null"): null

2024-08-20 23:13:15 - [TEST_STEP][PASSED] - selenium.select("name=message_version", "label=2.3"): null

2024-08-20 23:13:15 - [TEST_STEP][PASSED] - selenium.waitForPageToLoad("30000"): null

2024-08-20 23:13:16 - [TEST_STEP][PASSED] - selenium.type("name=amount", 00".toString()): null

2024-08-20 23:13:16 - [TEST_STEP][PASSED] - selenium.type("name=client_account_number", "CAN12345"): null

2024-08-20 23:13:16 - [TEST_STEP][PASSED] - selenium.type("name=action_type", "PayNow"): null

2024-08-20 23:13:16 - [TEST_STEP][PASSED] - selenium.type("name=language", "en_US"): null

2024-08-20 23:13:16 - [TEST_STEP][PASSED] - selenium.type("name=billing_firstname", "Mandy"): null

2024-08-20 23:13:16 - [TEST_STEP][PASSED] - selenium.type("name=billing_lastname", "Iguera"): null

2024-08-20 23:13:16 - [TEST_STEP][PASSED] - selenium.type("name=billing_address", "56 World Center Drive".toString()): null

2024-08-20 23:13:16 - [TEST_STEP][PASSED] - selenium.type("name=billing_address2", "Suite 600".toString()): null

2024-08-20 23:13:16 - [TEST_STEP][PASSED] - selenium.type("name=billing_country_id", "840"): null

2024-08-20 23:13:16 - [TEST_STEP][PASSED] - selenium.type("name=billing_city", "Orlando"): null

2024-08-20 23:13:16 - [TEST_STEP][PASSED] - selenium.type("name=billing_state", "NH"): null

2024-08-20 23:13:16 - [TEST_STEP][PASSED] - selenium.type("name=billing_zip", "03106"): null

2024-08-20 23:13:16 - [TEST_STEP][PASSED] - selenium.type("name=order_number", "PPPPOOOO"): null

2024-08-20 23:13:16 - [TEST_STEP][PASSED] - selenium.type("name=user_defined1", "udf1"): null

2024-08-20 23:13:16 - [TEST_STEP][PASSED] - selenium.type("name=user_defined2", "udf2"): null

2024-08-20 23:13:17 - [TEST_STEP][PASSED] - selenium.type("name=user_defined3", "udf3"): null

2024-08-20 23:13:17 - [TEST_STEP][PASSED] - selenium.type("name=user_defined4", "Orange Label".toString()): null

2024-08-20 23:13:17 - [TEST_STEP][PASSED] - selenium.type("name=user_defined5", "Soccer Label".toString()): null

2024-08-20 23:13:17 - [TEST_STEP][PASSED] - selenium.click("name=submit"): null

2024-08-20 23:13:17 - [TEST_STEP][PASSED] - testHarnessURL = urlTestHarness: null

2024-08-20 23:13:17 - [TEST_STEP][PASSED] - selenium.open(testHarnessURL): null

2024-08-20 23:13:17 - [TEST_STEP][PASSED] - Thread.sleep(2000): null

2024-08-20 23:13:19 - [TEST_STEP][PASSED] - selenium.type("name=application_id", "637"): null

2024-08-20 23:13:19 - [TEST_STEP][PASSED] - selenium.type("name=message_version", 3".toString()): null

2024-08-20 23:13:19 - [TEST_STEP][PASSED] - genRemIDVoid = RandomStringUtils.random(12, true, true): null

2024-08-20 23:13:19 - [TEST_STEP][PASSED] - selenium.type("name=remittance_id", genRemIDVoid): null

2024-08-20 23:13:19 - [TEST_STEP][PASSED] - selenium.click("css=input.formSubmit"): null

2024-08-20 23:13:20 - [TEST_STEP][PASSED] - selenium.waitForPageToLoad("30000"): null

2024-08-20 23:13:21 - [TEST_STEP][PASSED] - selenium.selectWindow("null"): null

2024-08-20 23:13:21 - [TEST_STEP][PASSED] - selenium.click("name=paymentMethod"): null

2024-08-20 23:13:21 - [TEST_STEP][PASSED] - selenium.click("css=input[type="submit"]"): null

2024-08-20 23:13:22 - [TEST_STEP][PASSED] - selenium.waitForPageToLoad("30000"): null

2024-08-20 23:13:22 - [TEST_STEP][PASSED] - selenium.type("name=amount", 50".toString()): null

2024-08-20 23:13:22 - [TEST_STEP][PASSED] - selenium.type("name=billingName", "Leslie Howard".toString()): null

2024-08-20 23:13:23 - [TEST_STEP][PASSED] - selenium.type("id=cardNumber", "4111111111111111"): null

2024-08-20 23:13:23 - [TEST_STEP][PASSED] - selenium.type("id=spc", "568"): null

2024-08-20 23:13:23 - [TEST_STEP][PASSED] - selenium.select("name=cardExpMonth", "label=02"): null

2024-08-20 23:13:23 - [TEST_STEP][PASSED] - selenium.select("name=cardExpYear", "label=2028"): null

2024-08-20 23:13:23 - [TEST_STEP][PASSED] - selenium.type("name=billingAddress", "778 Main street".toString()): null

2024-08-20 23:13:23 - [TEST_STEP][PASSED] - selenium.type("name=billingAddress2", ""): null

2024-08-20 23:13:23 - [TEST_STEP][PASSED] - selenium.type("id=billing-zip-input", "22201"): null

2024-08-20 23:13:23 - [TEST_STEP][PASSED] - selenium.type("name=emailAddress", ""): null

2024-08-20 23:13:23 - [TEST_STEP][PASSED] - selenium.click("id=checkedAcceptCondition"): null

2024-08-20 23:13:23 - [TEST_STEP][PASSED] - selenium.click("name=ccSubmit"): null

2024-08-20 23:13:24 - [TEST_STEP][PASSED] - selenium.waitForPageToLoad("30000"): null

2024-08-20 23:13:24 - [TEST_STEP][PASSED] - verifyTextPresent("Please verify the following information:", true): Text 'Please verify the following information:' is present on page  using regular expression

2024-08-20 23:13:25 - [MESSAGE][PASSED] - Text 'Please verify the following information:' is present on page  using regular expression

2024-08-20 23:13:25 - [TEST_STEP][PASSED] - verifyTextPresent("Is this information correct", true): Text 'Is this information correct' is present on page  using regular expression

2024-08-20 23:13:25 - [MESSAGE][PASSED] - Text 'Is this information correct' is present on page  using regular expression

2024-08-20 23:13:25 - [TEST_STEP][PASSED] - selenium.click("name=confirmNotifyAction"): null

2024-08-20 23:13:26 - [TEST_STEP][PASSED] - selenium.waitForPageToLoad("30000"): null

2024-08-20 23:13:26 - [TEST_STEP][PASSED] - verifyTextPresent("This transaction is subject to a Convenience Fees of $2.00", false): Text 'This transaction is subject to a Convenience Fees of $2.00' is present on page 

2024-08-20 23:13:26 - [MESSAGE][PASSED] - Text 'This transaction is subject to a Convenience Fees of $2.00' is present on page 

2024-08-20 23:13:26 - [TEST_STEP][PASSED] - verifyTextPresent("Payment Amount:", true): Text 'Payment Amount:' is present on page  using regular expression

2024-08-20 23:13:27 - [MESSAGE][PASSED] - Text 'Payment Amount:' is present on page  using regular expression

2024-08-20 23:13:27 - [TEST_STEP][PASSED] - verifyTextPresent("$11.50", false): Text '$11.50' is present on page 

2024-08-20 23:13:27 - [MESSAGE][PASSED] - Text '$11.50' is present on page 

2024-08-20 23:13:27 - [TEST_STEP][PASSED] - verifyTextPresent("Convenience Fees:", true): Text 'Convenience Fees:' is present on page  using regular expression

2024-08-20 23:13:27 - [MESSAGE][PASSED] - Text 'Convenience Fees:' is present on page  using regular expression

2024-08-20 23:13:27 - [TEST_STEP][PASSED] - verifyTextPresent("$2.00", false): Text '$2.00' is present on page 

2024-08-20 23:13:27 - [MESSAGE][PASSED] - Text '$2.00' is present on page 

2024-08-20 23:13:27 - [TEST_STEP][PASSED] - verifyTextPresent("Total Amount:", true): Text 'Total Amount:' is present on page  using regular expression

2024-08-20 23:13:27 - [MESSAGE][PASSED] - Text 'Total Amount:' is present on page  using regular expression

2024-08-20 23:13:27 - [TEST_STEP][PASSED] - verifyTextPresent("$13.50", false): Text '$13.50' is present on page 

2024-08-20 23:13:28 - [MESSAGE][PASSED] - Text '$13.50' is present on page 

2024-08-20 23:13:28 - [TEST_STEP][PASSED] - verifyTextPresent("Two transactions will appear on your bank statement, one in the amount of $11.50 and one in the amount of $2.00", false): Text 'Two transactions will appear on your bank statement, one in the amount of $11.50 and one in the amount of $2.00' is present on page 

2024-08-20 23:13:28 - [MESSAGE][PASSED] - Text 'Two transactions will appear on your bank statement, one in the amount of $11.50 and one in the amount of $2.00' is present on page 

2024-08-20 23:13:28 - [TEST_STEP][PASSED] - selenium.click("name=convFeeNotifyAction"): null

2024-08-20 23:13:28 - [TEST_STEP][PASSED] - selenium.waitForPageToLoad("30000"): null

2024-08-20 23:13:29 - [TEST_STEP][PASSED] - Thread.sleep(8000): null

2024-08-20 23:13:37 - [TEST_STEP][PASSED] - verifyTextPresent("Successful Payment Receipt", true): Text 'Successful Payment Receipt' is present on page  using regular expression

2024-08-20 23:13:37 - [MESSAGE][PASSED] - Text 'Successful Payment Receipt' is present on page  using regular expression

2024-08-20 23:13:37 - [TEST_STEP][PASSED] - verifyTextPresent("Please print this receipt for your records", true): Text 'Please print this receipt for your records' is present on page  using regular expression

2024-08-20 23:13:37 - [MESSAGE][PASSED] - Text 'Please print this receipt for your records' is present on page  using regular expression

2024-08-20 23:13:37 - [TEST_STEP][PASSED] - verifyTextPresent("$11.50", false): Text '$11.50' is present on page 

2024-08-20 23:13:38 - [MESSAGE][PASSED] - Text '$11.50' is present on page 

2024-08-20 23:13:38 - [TEST_STEP][PASSED] - verifyTextPresent("$2.00", false): Text '$2.00' is present on page 

2024-08-20 23:13:38 - [MESSAGE][PASSED] - Text '$2.00' is present on page 

2024-08-20 23:13:38 - [TEST_STEP][PASSED] - verifyTextPresent("Dual Transaction", true): Text 'Dual Transaction' is present on page  using regular expression

2024-08-20 23:13:38 - [MESSAGE][PASSED] - Text 'Dual Transaction' is present on page  using regular expression

2024-08-20 23:13:38 - [TEST_STEP][PASSED] - verifyTextPresent("$13.50", false): Text '$13.50' is present on page 

2024-08-20 23:13:38 - [MESSAGE][PASSED] - Text '$13.50' is present on page 

2024-08-20 23:13:38 - [TEST_STEP][PASSED] - verifyTextPresent("Authorization and Capture", true): Text 'Authorization and Capture' is present on page  using regular expression

2024-08-20 23:13:39 - [MESSAGE][PASSED] - Text 'Authorization and Capture' is present on page  using regular expression

2024-08-20 23:13:39 - [TEST_STEP][PASSED] - verifyTextPresent("Visa", true): Text 'Visa' is present on page  using regular expression

2024-08-20 23:13:39 - [MESSAGE][PASSED] - Text 'Visa' is present on page  using regular expression

2024-08-20 23:13:39 - [TEST_STEP][PASSED] - verifyTextPresent("LESLIE HOWARD", true): Text 'LESLIE HOWARD' is present on page  using regular expression

2024-08-20 23:13:39 - [MESSAGE][PASSED] - Text 'LESLIE HOWARD' is present on page  using regular expression

2024-08-20 23:13:39 - [TEST_STEP][PASSED] - verifyTextPresent("1111", true): Text '1111' is present on page  using regular expression

2024-08-20 23:13:39 - [MESSAGE][PASSED] - Text '1111' is present on page  using regular expression

2024-08-20 23:13:39 - [TEST_STEP][PASSED] - println("End Test: DCFFlatSuccessfulCC"): null]]></system-out>
         <system-err><![CDATA[]]></system-err>
      </testcase>
      <testcase name="Test Cases/IntegratedWeb/IWP23-SelIDE/DCFFlatSuccessfulPC" time="31.758" classname="Test Cases/IntegratedWeb/IWP23-SelIDE/DCFFlatSuccessfulPC" status="PASSED">
         <system-out><![CDATA[2024-08-20 23:13:39 - [TEST_CASE][PASSED] - Test Cases/IntegratedWeb/IWP23-SelIDE/DCFFlatSuccessfulPC: Test Cases/IntegratedWeb/IWP23-SelIDE/DCFFlatSuccessfulPC

2024-08-20 23:13:40 - [TEST_STEP][PASSED] - softAssertion = new org.testng.asserts.SoftAssert(): null

2024-08-20 23:13:40 - [TEST_STEP][PASSED] - openBrowser("https://www.google.com/"): Browser is opened with url: 'https://www.google.com/'

2024-08-20 23:13:40 - [MESSAGE][WARNING] - A browser is already opened. Closing browser and opening a new one

2024-08-20 23:13:41 - [MESSAGE][INFO] - Starting 'Chrome' driver

2024-08-20 23:13:41 - [MESSAGE][INFO] - User set preference: ['acceptInsecureCerts', 'true']

2024-08-20 23:13:41 - [MESSAGE][INFO] - Action delay is set to 0 milliseconds

2024-08-20 23:13:44 - [MESSAGE][PASSED] - Browser is opened with url: 'https://www.google.com/'

2024-08-20 23:13:44 - [TEST_STEP][PASSED] - driver = getWebDriver(): null

2024-08-20 23:13:44 - [TEST_STEP][PASSED] - baseUrl = "https://www.google.com/": null

2024-08-20 23:13:44 - [TEST_STEP][PASSED] - selenium = new com.thoughtworks.selenium.webdriven.WebDriverBackedSelenium(driver, baseUrl): null

2024-08-20 23:13:44 - [TEST_STEP][PASSED] - println("Begin Test: DCFFlatSuccessfulPC"): null

2024-08-20 23:13:44 - [TEST_STEP][PASSED] - emulatorURL = urlEmulator: null

2024-08-20 23:13:44 - [TEST_STEP][PASSED] - selenium.open(emulatorURL): null

2024-08-20 23:13:45 - [TEST_STEP][PASSED] - selenium.selectWindow("null"): null

2024-08-20 23:13:45 - [TEST_STEP][PASSED] - selenium.select("name=message_version", "label=2.3"): null

2024-08-20 23:13:45 - [TEST_STEP][PASSED] - selenium.waitForPageToLoad("30000"): null

2024-08-20 23:13:45 - [TEST_STEP][PASSED] - selenium.type("name=amount", 00".toString()): null

2024-08-20 23:13:45 - [TEST_STEP][PASSED] - selenium.type("name=client_account_number", "CAN12345"): null

2024-08-20 23:13:46 - [TEST_STEP][PASSED] - selenium.type("name=action_type", "PayNow"): null

2024-08-20 23:13:46 - [TEST_STEP][PASSED] - selenium.type("name=language", "en_US"): null

2024-08-20 23:13:46 - [TEST_STEP][PASSED] - selenium.type("name=billing_firstname", "Mandy"): null

2024-08-20 23:13:46 - [TEST_STEP][PASSED] - selenium.type("name=billing_lastname", "Iguera"): null

2024-08-20 23:13:46 - [TEST_STEP][PASSED] - selenium.type("name=billing_address", "56 World Center Drive".toString()): null

2024-08-20 23:13:46 - [TEST_STEP][PASSED] - selenium.type("name=billing_address2", "Suite 600".toString()): null

2024-08-20 23:13:46 - [TEST_STEP][PASSED] - selenium.type("name=billing_country_id", "840"): null

2024-08-20 23:13:46 - [TEST_STEP][PASSED] - selenium.type("name=billing_city", "Orlando"): null

2024-08-20 23:13:46 - [TEST_STEP][PASSED] - selenium.type("name=billing_state", "NH"): null

2024-08-20 23:13:46 - [TEST_STEP][PASSED] - selenium.type("name=billing_zip", "03106"): null

2024-08-20 23:13:46 - [TEST_STEP][PASSED] - selenium.type("name=order_number", "PPPPOOOO"): null

2024-08-20 23:13:46 - [TEST_STEP][PASSED] - selenium.type("name=user_defined1", "udf1"): null

2024-08-20 23:13:46 - [TEST_STEP][PASSED] - selenium.type("name=user_defined2", "udf2"): null

2024-08-20 23:13:46 - [TEST_STEP][PASSED] - selenium.type("name=user_defined3", "udf3"): null

2024-08-20 23:13:46 - [TEST_STEP][PASSED] - selenium.type("name=user_defined4", "Orange Label".toString()): null

2024-08-20 23:13:46 - [TEST_STEP][PASSED] - selenium.type("name=user_defined5", "Soccer Label".toString()): null

2024-08-20 23:13:46 - [TEST_STEP][PASSED] - selenium.click("name=submit"): null

2024-08-20 23:13:46 - [TEST_STEP][PASSED] - selenium.waitForPageToLoad("30000"): null

2024-08-20 23:13:47 - [TEST_STEP][PASSED] - Thread.sleep(2000): null

2024-08-20 23:13:49 - [TEST_STEP][PASSED] - testHarnessURL = urlTestHarness: null

2024-08-20 23:13:49 - [TEST_STEP][PASSED] - selenium.open(testHarnessURL): null

2024-08-20 23:13:49 - [TEST_STEP][PASSED] - selenium.type("name=application_id", "637"): null

2024-08-20 23:13:49 - [TEST_STEP][PASSED] - selenium.type("name=message_version", 3".toString()): null

2024-08-20 23:13:49 - [TEST_STEP][PASSED] - genRemIDVoid = RandomStringUtils.random(12, true, true): null

2024-08-20 23:13:49 - [TEST_STEP][PASSED] - selenium.type("name=remittance_id", genRemIDVoid): null

2024-08-20 23:13:50 - [TEST_STEP][PASSED] - selenium.click("css=input.formSubmit"): null

2024-08-20 23:13:50 - [TEST_STEP][PASSED] - selenium.waitForPageToLoad("30000"): null

2024-08-20 23:13:51 - [TEST_STEP][PASSED] - selenium.click("xpath=(//input[@name='paymentMethod'])[2]"): null

2024-08-20 23:13:51 - [TEST_STEP][PASSED] - selenium.click("css=input[type="submit"]"): null

2024-08-20 23:13:52 - [TEST_STEP][PASSED] - selenium.waitForPageToLoad("30000"): null

2024-08-20 23:13:52 - [TEST_STEP][PASSED] - selenium.type("name=amount", 50".toString()): null

2024-08-20 23:13:52 - [TEST_STEP][PASSED] - selenium.type("name=billingFirstname", "Mike"): null

2024-08-20 23:13:53 - [TEST_STEP][PASSED] - selenium.type("name=billingLastname", "Chingiti"): null

2024-08-20 23:13:53 - [TEST_STEP][PASSED] - selenium.type("id=routingNumber", "256072691"): null

2024-08-20 23:13:53 - [TEST_STEP][PASSED] - selenium.type("id=accountNumber", "11111111"): null

2024-08-20 23:13:53 - [TEST_STEP][PASSED] - selenium.type("id=confirmAccountNumber", "11111111"): null

2024-08-20 23:13:53 - [TEST_STEP][PASSED] - selenium.click("name=accountType"): null

2024-08-20 23:13:53 - [TEST_STEP][PASSED] - selenium.type("name=billingAddress", "104 main road".toString()): null

2024-08-20 23:13:53 - [TEST_STEP][PASSED] - selenium.type("name=billingAddress2", ""): null

2024-08-20 23:13:53 - [TEST_STEP][PASSED] - selenium.type("id=billing-zip-input", "22201"): null

2024-08-20 23:13:53 - [TEST_STEP][PASSED] - selenium.click("id=checkedAcceptCondition"): null

2024-08-20 23:13:53 - [TEST_STEP][PASSED] - selenium.click("name=achSubmit"): null

2024-08-20 23:13:54 - [TEST_STEP][PASSED] - selenium.waitForPageToLoad("30000"): null

2024-08-20 23:13:54 - [TEST_STEP][PASSED] - verifyTextPresent("Please verify the following information:", true): Text 'Please verify the following information:' is present on page  using regular expression

2024-08-20 23:13:55 - [MESSAGE][PASSED] - Text 'Please verify the following information:' is present on page  using regular expression

2024-08-20 23:13:55 - [TEST_STEP][PASSED] - verifyTextPresent("Is this information correct", true): Text 'Is this information correct' is present on page  using regular expression

2024-08-20 23:13:55 - [MESSAGE][PASSED] - Text 'Is this information correct' is present on page  using regular expression

2024-08-20 23:13:55 - [TEST_STEP][PASSED] - selenium.click("name=confirmNotifyAction"): null

2024-08-20 23:13:55 - [TEST_STEP][PASSED] - selenium.waitForPageToLoad("30000"): null

2024-08-20 23:13:56 - [TEST_STEP][PASSED] - verifyTextPresent("This transaction is subject to a Convenience Fees of $2.00", false): Text 'This transaction is subject to a Convenience Fees of $2.00' is present on page 

2024-08-20 23:13:56 - [MESSAGE][PASSED] - Text 'This transaction is subject to a Convenience Fees of $2.00' is present on page 

2024-08-20 23:13:56 - [TEST_STEP][PASSED] - verifyTextPresent("Payment Amount:", true): Text 'Payment Amount:' is present on page  using regular expression

2024-08-20 23:13:56 - [MESSAGE][PASSED] - Text 'Payment Amount:' is present on page  using regular expression

2024-08-20 23:13:56 - [TEST_STEP][PASSED] - verifyTextPresent("$10.50", false): Text '$10.50' is present on page 

2024-08-20 23:13:57 - [MESSAGE][PASSED] - Text '$10.50' is present on page 

2024-08-20 23:13:57 - [TEST_STEP][PASSED] - verifyTextPresent("Convenience Fees:", true): Text 'Convenience Fees:' is present on page  using regular expression

2024-08-20 23:13:57 - [MESSAGE][PASSED] - Text 'Convenience Fees:' is present on page  using regular expression

2024-08-20 23:13:57 - [TEST_STEP][PASSED] - verifyTextPresent("$2.00", false): Text '$2.00' is present on page 

2024-08-20 23:13:57 - [MESSAGE][PASSED] - Text '$2.00' is present on page 

2024-08-20 23:13:57 - [TEST_STEP][PASSED] - verifyTextPresent("Total Amount:", true): Text 'Total Amount:' is present on page  using regular expression

2024-08-20 23:13:57 - [MESSAGE][PASSED] - Text 'Total Amount:' is present on page  using regular expression

2024-08-20 23:13:57 - [TEST_STEP][PASSED] - verifyTextPresent("$12.50", false): Text '$12.50' is present on page 

2024-08-20 23:13:58 - [MESSAGE][PASSED] - Text '$12.50' is present on page 

2024-08-20 23:13:58 - [TEST_STEP][PASSED] - verifyTextPresent("Two transactions will appear on your bank statement, one in the amount of $10.50 and one in the amount of $2.00", false): Text 'Two transactions will appear on your bank statement, one in the amount of $10.50 and one in the amount of $2.00' is present on page 

2024-08-20 23:13:58 - [MESSAGE][PASSED] - Text 'Two transactions will appear on your bank statement, one in the amount of $10.50 and one in the amount of $2.00' is present on page 

2024-08-20 23:13:58 - [TEST_STEP][PASSED] - selenium.click("name=convFeeNotifyAction"): null

2024-08-20 23:13:58 - [TEST_STEP][PASSED] - selenium.waitForPageToLoad("30000"): null

2024-08-20 23:13:59 - [TEST_STEP][PASSED] - Thread.sleep(8000): null

2024-08-20 23:14:07 - [TEST_STEP][PASSED] - verifyTextPresent("Successful Payment Receipt", true): Text 'Successful Payment Receipt' is present on page  using regular expression

2024-08-20 23:14:07 - [MESSAGE][PASSED] - Text 'Successful Payment Receipt' is present on page  using regular expression

2024-08-20 23:14:07 - [TEST_STEP][PASSED] - verifyTextPresent("Please print this receipt for your records", true): Text 'Please print this receipt for your records' is present on page  using regular expression

2024-08-20 23:14:07 - [MESSAGE][PASSED] - Text 'Please print this receipt for your records' is present on page  using regular expression

2024-08-20 23:14:07 - [TEST_STEP][PASSED] - verifyTextPresent("$10.50", false): Text '$10.50' is present on page 

2024-08-20 23:14:08 - [MESSAGE][PASSED] - Text '$10.50' is present on page 

2024-08-20 23:14:08 - [TEST_STEP][PASSED] - verifyTextPresent("$2.00", false): Text '$2.00' is present on page 

2024-08-20 23:14:08 - [MESSAGE][PASSED] - Text '$2.00' is present on page 

2024-08-20 23:14:08 - [TEST_STEP][PASSED] - verifyTextPresent("Dual Transaction", true): Text 'Dual Transaction' is present on page  using regular expression

2024-08-20 23:14:08 - [MESSAGE][PASSED] - Text 'Dual Transaction' is present on page  using regular expression

2024-08-20 23:14:08 - [TEST_STEP][PASSED] - verifyTextPresent("$12.50", false): Text '$12.50' is present on page 

2024-08-20 23:14:08 - [MESSAGE][PASSED] - Text '$12.50' is present on page 

2024-08-20 23:14:08 - [TEST_STEP][PASSED] - verifyTextPresent("1111", true): Text '1111' is present on page  using regular expression

2024-08-20 23:14:09 - [MESSAGE][PASSED] - Text '1111' is present on page  using regular expression

2024-08-20 23:14:09 - [TEST_STEP][PASSED] - verifyTextPresent("Debit", true): Text 'Debit' is present on page  using regular expression

2024-08-20 23:14:09 - [MESSAGE][PASSED] - Text 'Debit' is present on page  using regular expression

2024-08-20 23:14:09 - [TEST_STEP][PASSED] - verifyTextPresent("Personal", true): Text 'Personal' is present on page  using regular expression

2024-08-20 23:14:09 - [MESSAGE][PASSED] - Text 'Personal' is present on page  using regular expression

2024-08-20 23:14:09 - [TEST_STEP][PASSED] - verifyTextPresent("Checking", true): Text 'Checking' is present on page  using regular expression

2024-08-20 23:14:09 - [MESSAGE][PASSED] - Text 'Checking' is present on page  using regular expression

2024-08-20 23:14:09 - [TEST_STEP][PASSED] - verifyTextPresent("2691", true): Text '2691' is present on page  using regular expression

2024-08-20 23:14:10 - [MESSAGE][PASSED] - Text '2691' is present on page  using regular expression

2024-08-20 23:14:10 - [TEST_STEP][PASSED] - verifyTextPresent("MIKE CHINGITI", true): Text 'MIKE CHINGITI' is present on page  using regular expression

2024-08-20 23:14:10 - [MESSAGE][PASSED] - Text 'MIKE CHINGITI' is present on page  using regular expression

2024-08-20 23:14:10 - [TEST_STEP][PASSED] - verifyTextPresent("104 main road", true): Text '104 main road' is present on page  using regular expression

2024-08-20 23:14:10 - [MESSAGE][PASSED] - Text '104 main road' is present on page  using regular expression

2024-08-20 23:14:10 - [TEST_STEP][PASSED] - verifyTextPresent("United States", true): Text 'United States' is present on page  using regular expression

2024-08-20 23:14:10 - [MESSAGE][PASSED] - Text 'United States' is present on page  using regular expression

2024-08-20 23:14:10 - [TEST_STEP][PASSED] - verifyTextPresent("ARLINGTON", true): Text 'ARLINGTON' is present on page  using regular expression

2024-08-20 23:14:11 - [MESSAGE][PASSED] - Text 'ARLINGTON' is present on page  using regular expression

2024-08-20 23:14:11 - [TEST_STEP][PASSED] - verifyTextPresent("Virginia", true): Text 'Virginia' is present on page  using regular expression

2024-08-20 23:14:11 - [MESSAGE][PASSED] - Text 'Virginia' is present on page  using regular expression

2024-08-20 23:14:11 - [TEST_STEP][PASSED] - verifyTextPresent("22201", true): Text '22201' is present on page  using regular expression

2024-08-20 23:14:11 - [MESSAGE][PASSED] - Text '22201' is present on page  using regular expression

2024-08-20 23:14:11 - [TEST_STEP][PASSED] - println("End Test: DCFFlatSuccessfulPC"): null]]></system-out>
         <system-err><![CDATA[]]></system-err>
      </testcase>
      <testcase name="Test Cases/IntegratedWeb/IWP23-SelIDE/DCFModifyCC" time="35.402" classname="Test Cases/IntegratedWeb/IWP23-SelIDE/DCFModifyCC" status="PASSED">
         <system-out><![CDATA[2024-08-20 23:14:11 - [TEST_CASE][PASSED] - Test Cases/IntegratedWeb/IWP23-SelIDE/DCFModifyCC: Test Cases/IntegratedWeb/IWP23-SelIDE/DCFModifyCC

2024-08-20 23:14:12 - [TEST_STEP][PASSED] - softAssertion = new org.testng.asserts.SoftAssert(): null

2024-08-20 23:14:12 - [TEST_STEP][PASSED] - openBrowser("https://www.google.com/"): Browser is opened with url: 'https://www.google.com/'

2024-08-20 23:14:12 - [MESSAGE][WARNING] - A browser is already opened. Closing browser and opening a new one

2024-08-20 23:14:13 - [MESSAGE][INFO] - Starting 'Chrome' driver

2024-08-20 23:14:13 - [MESSAGE][INFO] - User set preference: ['acceptInsecureCerts', 'true']

2024-08-20 23:14:13 - [MESSAGE][INFO] - Action delay is set to 0 milliseconds

2024-08-20 23:14:16 - [MESSAGE][PASSED] - Browser is opened with url: 'https://www.google.com/'

2024-08-20 23:14:16 - [TEST_STEP][PASSED] - driver = getWebDriver(): null

2024-08-20 23:14:16 - [TEST_STEP][PASSED] - baseUrl = "https://www.google.com/": null

2024-08-20 23:14:16 - [TEST_STEP][PASSED] - selenium = new com.thoughtworks.selenium.webdriven.WebDriverBackedSelenium(driver, baseUrl): null

2024-08-20 23:14:16 - [TEST_STEP][PASSED] - println("Begin Test: DCFModifyCC"): null

2024-08-20 23:14:16 - [TEST_STEP][PASSED] - emulatorURL = urlEmulator: null

2024-08-20 23:14:16 - [TEST_STEP][PASSED] - selenium.open(emulatorURL): null

2024-08-20 23:14:16 - [TEST_STEP][PASSED] - selenium.selectWindow("null"): null

2024-08-20 23:14:16 - [TEST_STEP][PASSED] - selenium.select("name=message_version", "label=2.3"): null

2024-08-20 23:14:17 - [TEST_STEP][PASSED] - selenium.waitForPageToLoad("30000"): null

2024-08-20 23:14:17 - [TEST_STEP][PASSED] - selenium.type("name=amount", 00".toString()): null

2024-08-20 23:14:17 - [TEST_STEP][PASSED] - selenium.type("name=client_account_number", "CAN12345"): null

2024-08-20 23:14:17 - [TEST_STEP][PASSED] - selenium.type("name=action_type", "PayNow"): null

2024-08-20 23:14:17 - [TEST_STEP][PASSED] - selenium.type("name=language", "en_US"): null

2024-08-20 23:14:17 - [TEST_STEP][PASSED] - selenium.type("name=billing_firstname", "Mandy"): null

2024-08-20 23:14:18 - [TEST_STEP][PASSED] - selenium.type("name=billing_lastname", "Iguera"): null

2024-08-20 23:14:18 - [TEST_STEP][PASSED] - selenium.type("name=billing_address", "56 World Center Drive".toString()): null

2024-08-20 23:14:18 - [TEST_STEP][PASSED] - selenium.type("name=billing_address2", "Suite 600".toString()): null

2024-08-20 23:14:18 - [TEST_STEP][PASSED] - selenium.type("name=billing_country_id", "840"): null

2024-08-20 23:14:18 - [TEST_STEP][PASSED] - selenium.type("name=billing_city", "Orlando"): null

2024-08-20 23:14:18 - [TEST_STEP][PASSED] - selenium.type("name=billing_state", "NH"): null

2024-08-20 23:14:18 - [TEST_STEP][PASSED] - selenium.type("name=billing_zip", "03106"): null

2024-08-20 23:14:18 - [TEST_STEP][PASSED] - selenium.type("name=order_number", "PPPPOOOO"): null

2024-08-20 23:14:18 - [TEST_STEP][PASSED] - selenium.type("name=user_defined1", "udf1"): null

2024-08-20 23:14:18 - [TEST_STEP][PASSED] - selenium.type("name=user_defined2", "udf2"): null

2024-08-20 23:14:18 - [TEST_STEP][PASSED] - selenium.type("name=user_defined3", "udf3"): null

2024-08-20 23:14:18 - [TEST_STEP][PASSED] - selenium.type("name=user_defined4", "Orange Label".toString()): null

2024-08-20 23:14:18 - [TEST_STEP][PASSED] - selenium.type("name=user_defined5", "Soccer Label".toString()): null

2024-08-20 23:14:18 - [TEST_STEP][PASSED] - selenium.click("name=submit"): null

2024-08-20 23:14:18 - [TEST_STEP][PASSED] - selenium.waitForPageToLoad("30000"): null

2024-08-20 23:14:19 - [TEST_STEP][PASSED] - testHarnessURL = urlTestHarness: null

2024-08-20 23:14:19 - [TEST_STEP][PASSED] - selenium.open(testHarnessURL): null

2024-08-20 23:14:19 - [TEST_STEP][PASSED] - Thread.sleep(2000): null

2024-08-20 23:14:21 - [TEST_STEP][PASSED] - selenium.type("name=application_id", "637"): null

2024-08-20 23:14:21 - [TEST_STEP][PASSED] - selenium.type("name=message_version", 3".toString()): null

2024-08-20 23:14:21 - [TEST_STEP][PASSED] - genRemIDVoid = RandomStringUtils.random(12, true, true): null

2024-08-20 23:14:21 - [TEST_STEP][PASSED] - selenium.type("name=remittance_id", genRemIDVoid): null

2024-08-20 23:14:21 - [TEST_STEP][PASSED] - selenium.click("css=input.formSubmit"): null

2024-08-20 23:14:22 - [TEST_STEP][PASSED] - selenium.waitForPageToLoad("30000"): null

2024-08-20 23:14:23 - [TEST_STEP][PASSED] - selenium.selectWindow("null"): null

2024-08-20 23:14:23 - [TEST_STEP][PASSED] - selenium.click("name=paymentMethod"): null

2024-08-20 23:14:23 - [TEST_STEP][PASSED] - selenium.click("css=input[type="submit"]"): null

2024-08-20 23:14:24 - [TEST_STEP][PASSED] - selenium.waitForPageToLoad("30000"): null

2024-08-20 23:14:24 - [TEST_STEP][PASSED] - selenium.type("name=amount", 50".toString()): null

2024-08-20 23:14:24 - [TEST_STEP][PASSED] - selenium.type("name=billingName", "Leslie Howard".toString()): null

2024-08-20 23:14:24 - [TEST_STEP][PASSED] - selenium.type("id=cardNumber", "4111111111111111"): null

2024-08-20 23:14:24 - [TEST_STEP][PASSED] - selenium.type("id=spc", "568"): null

2024-08-20 23:14:24 - [TEST_STEP][PASSED] - selenium.select("name=cardExpMonth", "label=02"): null

2024-08-20 23:14:24 - [TEST_STEP][PASSED] - selenium.select("name=cardExpYear", "label=2028"): null

2024-08-20 23:14:25 - [TEST_STEP][PASSED] - selenium.type("name=billingAddress", "778 Main street".toString()): null

2024-08-20 23:14:25 - [TEST_STEP][PASSED] - selenium.type("name=billingAddress2", ""): null

2024-08-20 23:14:25 - [TEST_STEP][PASSED] - selenium.type("id=billing-zip-input", "22201"): null

2024-08-20 23:14:25 - [TEST_STEP][PASSED] - selenium.type("name=emailAddress", ""): null

2024-08-20 23:14:25 - [TEST_STEP][PASSED] - selenium.click("id=checkedAcceptCondition"): null

2024-08-20 23:14:25 - [TEST_STEP][PASSED] - selenium.click("name=ccSubmit"): null

2024-08-20 23:14:25 - [TEST_STEP][PASSED] - selenium.waitForPageToLoad("30000"): null

2024-08-20 23:14:26 - [TEST_STEP][PASSED] - verifyTextPresent("Please verify the following information:", true): Text 'Please verify the following information:' is present on page  using regular expression

2024-08-20 23:14:26 - [MESSAGE][PASSED] - Text 'Please verify the following information:' is present on page  using regular expression

2024-08-20 23:14:26 - [TEST_STEP][PASSED] - verifyTextPresent("Is this information correct", true): Text 'Is this information correct' is present on page  using regular expression

2024-08-20 23:14:27 - [MESSAGE][PASSED] - Text 'Is this information correct' is present on page  using regular expression

2024-08-20 23:14:27 - [TEST_STEP][PASSED] - verifyTextPresent("udf1", true): Text 'udf1' is present on page  using regular expression

2024-08-20 23:14:27 - [MESSAGE][PASSED] - Text 'udf1' is present on page  using regular expression

2024-08-20 23:14:27 - [TEST_STEP][PASSED] - verifyTextPresent("udf2", true): Text 'udf2' is present on page  using regular expression

2024-08-20 23:14:27 - [MESSAGE][PASSED] - Text 'udf2' is present on page  using regular expression

2024-08-20 23:14:27 - [TEST_STEP][PASSED] - verifyTextPresent("udf3", true): Text 'udf3' is present on page  using regular expression

2024-08-20 23:14:27 - [MESSAGE][PASSED] - Text 'udf3' is present on page  using regular expression

2024-08-20 23:14:27 - [TEST_STEP][PASSED] - verifyTextPresent("Orange Label", true): Text 'Orange Label' is present on page  using regular expression

2024-08-20 23:14:28 - [MESSAGE][PASSED] - Text 'Orange Label' is present on page  using regular expression

2024-08-20 23:14:28 - [TEST_STEP][PASSED] - verifyTextPresent("Leslie Howard", true): Text 'Leslie Howard' is present on page  using regular expression

2024-08-20 23:14:28 - [MESSAGE][PASSED] - Text 'Leslie Howard' is present on page  using regular expression

2024-08-20 23:14:28 - [TEST_STEP][PASSED] - verifyTextPresent("Visa", true): Text 'Visa' is present on page  using regular expression

2024-08-20 23:14:28 - [MESSAGE][PASSED] - Text 'Visa' is present on page  using regular expression

2024-08-20 23:14:28 - [TEST_STEP][PASSED] - verifyTextPresent("778 Main street", true): Text '778 Main street' is present on page  using regular expression

2024-08-20 23:14:28 - [MESSAGE][PASSED] - Text '778 Main street' is present on page  using regular expression

2024-08-20 23:14:28 - [TEST_STEP][PASSED] - verifyTextPresent("ARLINGTON", true): Text 'ARLINGTON' is present on page  using regular expression

2024-08-20 23:14:29 - [MESSAGE][PASSED] - Text 'ARLINGTON' is present on page  using regular expression

2024-08-20 23:14:29 - [TEST_STEP][PASSED] - verifyTextPresent("Virginia", true): Text 'Virginia' is present on page  using regular expression

2024-08-20 23:14:29 - [MESSAGE][PASSED] - Text 'Virginia' is present on page  using regular expression

2024-08-20 23:14:29 - [TEST_STEP][PASSED] - verifyTextPresent("22201", true): Text '22201' is present on page  using regular expression

2024-08-20 23:14:29 - [MESSAGE][PASSED] - Text '22201' is present on page  using regular expression

2024-08-20 23:14:29 - [TEST_STEP][PASSED] - verifyTextPresent("1111", true): Text '1111' is present on page  using regular expression

2024-08-20 23:14:29 - [MESSAGE][PASSED] - Text '1111' is present on page  using regular expression

2024-08-20 23:14:29 - [TEST_STEP][PASSED] - verifyTextPresent("2/2028", true): Text '2/2028' is present on page  using regular expression

2024-08-20 23:14:30 - [MESSAGE][PASSED] - Text '2/2028' is present on page  using regular expression

2024-08-20 23:14:30 - [TEST_STEP][PASSED] - selenium.click("document.process.confirmNotifyAction[1]"): null

2024-08-20 23:14:30 - [TEST_STEP][PASSED] - selenium.waitForPageToLoad("30000"): null

2024-08-20 23:14:31 - [TEST_STEP][PASSED] - selenium.type("name=amount", 50".toString()): null

2024-08-20 23:14:31 - [TEST_STEP][PASSED] - selenium.type("name=userDefined2", "udf2 modified".toString()): null

2024-08-20 23:14:31 - [TEST_STEP][PASSED] - selenium.type("name=userDefined3", "udf3 modified".toString()): null

2024-08-20 23:14:31 - [TEST_STEP][PASSED] - selenium.type("name=billingName", "Mashr Mortaza".toString()): null

2024-08-20 23:14:31 - [TEST_STEP][PASSED] - selenium.type("id=cardNumber", "5424000000000015"): null

2024-08-20 23:14:31 - [TEST_STEP][PASSED] - selenium.type("id=spc", "568"): null

2024-08-20 23:14:31 - [TEST_STEP][PASSED] - selenium.select("name=cardExpMonth", "label=06"): null

2024-08-20 23:14:31 - [TEST_STEP][PASSED] - selenium.select("name=cardExpYear", "label=2029"): null

2024-08-20 23:14:31 - [TEST_STEP][PASSED] - selenium.type("name=billingAddress", "1589 Left Turn".toString()): null

2024-08-20 23:14:31 - [TEST_STEP][PASSED] - selenium.type("name=billingAddress2", ""): null

2024-08-20 23:14:31 - [TEST_STEP][PASSED] - selenium.type("id=billing-zip-input", "21054"): null

2024-08-20 23:14:31 - [TEST_STEP][PASSED] - selenium.type("name=emailAddress", ""): null

2024-08-20 23:14:31 - [TEST_STEP][PASSED] - selenium.click("name=ccSubmit"): null

2024-08-20 23:14:32 - [TEST_STEP][PASSED] - selenium.waitForPageToLoad("30000"): null

2024-08-20 23:14:32 - [TEST_STEP][PASSED] - verifyTextPresent("Please verify the following information:", true): Text 'Please verify the following information:' is present on page  using regular expression

2024-08-20 23:14:33 - [MESSAGE][PASSED] - Text 'Please verify the following information:' is present on page  using regular expression

2024-08-20 23:14:33 - [TEST_STEP][PASSED] - verifyTextPresent("Is this information correct", true): Text 'Is this information correct' is present on page  using regular expression

2024-08-20 23:14:33 - [MESSAGE][PASSED] - Text 'Is this information correct' is present on page  using regular expression

2024-08-20 23:14:33 - [TEST_STEP][PASSED] - verifyTextPresent("udf1", true): Text 'udf1' is present on page  using regular expression

2024-08-20 23:14:33 - [MESSAGE][PASSED] - Text 'udf1' is present on page  using regular expression

2024-08-20 23:14:33 - [TEST_STEP][PASSED] - verifyTextPresent("udf2 modified", true): Text 'udf2 modified' is present on page  using regular expression

2024-08-20 23:14:33 - [MESSAGE][PASSED] - Text 'udf2 modified' is present on page  using regular expression

2024-08-20 23:14:33 - [TEST_STEP][PASSED] - verifyTextPresent("udf3 modified", true): Text 'udf3 modified' is present on page  using regular expression

2024-08-20 23:14:34 - [MESSAGE][PASSED] - Text 'udf3 modified' is present on page  using regular expression

2024-08-20 23:14:34 - [TEST_STEP][PASSED] - verifyTextPresent("Orange Label", true): Text 'Orange Label' is present on page  using regular expression

2024-08-20 23:14:34 - [MESSAGE][PASSED] - Text 'Orange Label' is present on page  using regular expression

2024-08-20 23:14:34 - [TEST_STEP][PASSED] - verifyTextPresent("Mashr Mortaza", true): Text 'Mashr Mortaza' is present on page  using regular expression

2024-08-20 23:14:34 - [MESSAGE][PASSED] - Text 'Mashr Mortaza' is present on page  using regular expression

2024-08-20 23:14:34 - [TEST_STEP][PASSED] - verifyTextPresent("MasterCard", true): Text 'MasterCard' is present on page  using regular expression

2024-08-20 23:14:34 - [MESSAGE][PASSED] - Text 'MasterCard' is present on page  using regular expression

2024-08-20 23:14:34 - [TEST_STEP][PASSED] - verifyTextPresent("1589 Left Turn", true): Text '1589 Left Turn' is present on page  using regular expression

2024-08-20 23:14:35 - [MESSAGE][PASSED] - Text '1589 Left Turn' is present on page  using regular expression

2024-08-20 23:14:35 - [TEST_STEP][PASSED] - verifyTextPresent("GAMBRILLS", true): Text 'GAMBRILLS' is present on page  using regular expression

2024-08-20 23:14:35 - [MESSAGE][PASSED] - Text 'GAMBRILLS' is present on page  using regular expression

2024-08-20 23:14:35 - [TEST_STEP][PASSED] - verifyTextPresent("Maryland", true): Text 'Maryland' is present on page  using regular expression

2024-08-20 23:14:35 - [MESSAGE][PASSED] - Text 'Maryland' is present on page  using regular expression

2024-08-20 23:14:35 - [TEST_STEP][PASSED] - verifyTextPresent("21054", true): Text '21054' is present on page  using regular expression

2024-08-20 23:14:35 - [MESSAGE][PASSED] - Text '21054' is present on page  using regular expression

2024-08-20 23:14:35 - [TEST_STEP][PASSED] - verifyTextPresent("0015", true): Text '0015' is present on page  using regular expression

2024-08-20 23:14:36 - [MESSAGE][PASSED] - Text '0015' is present on page  using regular expression

2024-08-20 23:14:36 - [TEST_STEP][PASSED] - verifyTextPresent("6/2029", true): Text '6/2029' is present on page  using regular expression

2024-08-20 23:14:36 - [MESSAGE][PASSED] - Text '6/2029' is present on page  using regular expression

2024-08-20 23:14:36 - [TEST_STEP][PASSED] - selenium.click("name=confirmNotifyAction"): null

2024-08-20 23:14:36 - [TEST_STEP][PASSED] - selenium.waitForPageToLoad("30000"): null

2024-08-20 23:14:37 - [TEST_STEP][PASSED] - Thread.sleep(8000): null

2024-08-20 23:14:45 - [TEST_STEP][PASSED] - verifyTextPresent("Successful Payment Receipt", true): Text 'Successful Payment Receipt' is present on page  using regular expression

2024-08-20 23:14:45 - [MESSAGE][PASSED] - Text 'Successful Payment Receipt' is present on page  using regular expression

2024-08-20 23:14:45 - [TEST_STEP][PASSED] - verifyTextPresent("Please print this receipt for your records", true): Text 'Please print this receipt for your records' is present on page  using regular expression

2024-08-20 23:14:45 - [MESSAGE][PASSED] - Text 'Please print this receipt for your records' is present on page  using regular expression

2024-08-20 23:14:45 - [TEST_STEP][PASSED] - verifyTextPresent("$25.50", false): Text '$25.50' is present on page 

2024-08-20 23:14:46 - [MESSAGE][PASSED] - Text '$25.50' is present on page 

2024-08-20 23:14:46 - [TEST_STEP][PASSED] - verifyTextPresent("Authorization and Capture", true): Text 'Authorization and Capture' is present on page  using regular expression

2024-08-20 23:14:46 - [MESSAGE][PASSED] - Text 'Authorization and Capture' is present on page  using regular expression

2024-08-20 23:14:46 - [TEST_STEP][PASSED] - verifyTextPresent("MasterCard", true): Text 'MasterCard' is present on page  using regular expression

2024-08-20 23:14:46 - [MESSAGE][PASSED] - Text 'MasterCard' is present on page  using regular expression

2024-08-20 23:14:46 - [TEST_STEP][PASSED] - verifyTextPresent("MASHR MORTAZA", true): Text 'MASHR MORTAZA' is present on page  using regular expression

2024-08-20 23:14:46 - [MESSAGE][PASSED] - Text 'MASHR MORTAZA' is present on page  using regular expression

2024-08-20 23:14:46 - [TEST_STEP][PASSED] - verifyTextPresent("0015", true): Text '0015' is present on page  using regular expression

2024-08-20 23:14:47 - [MESSAGE][PASSED] - Text '0015' is present on page  using regular expression

2024-08-20 23:14:47 - [TEST_STEP][PASSED] - println("End Test: DCFModifyCC"): null]]></system-out>
         <system-err><![CDATA[]]></system-err>
      </testcase>
      <testcase name="Test Cases/IntegratedWeb/IWP23-SelIDE/DCFPercentageSuccessfulCC" time="30.244" classname="Test Cases/IntegratedWeb/IWP23-SelIDE/DCFPercentageSuccessfulCC" status="PASSED">
         <system-out><![CDATA[2024-08-20 23:14:47 - [TEST_CASE][PASSED] - Test Cases/IntegratedWeb/IWP23-SelIDE/DCFPercentageSuccessfulCC: Test Cases/IntegratedWeb/IWP23-SelIDE/DCFPercentageSuccessfulCC

2024-08-20 23:14:47 - [TEST_STEP][PASSED] - softAssertion = new org.testng.asserts.SoftAssert(): null

2024-08-20 23:14:47 - [TEST_STEP][PASSED] - openBrowser("https://www.google.com/"): Browser is opened with url: 'https://www.google.com/'

2024-08-20 23:14:47 - [MESSAGE][WARNING] - A browser is already opened. Closing browser and opening a new one

2024-08-20 23:14:48 - [MESSAGE][INFO] - Starting 'Chrome' driver

2024-08-20 23:14:48 - [MESSAGE][INFO] - User set preference: ['acceptInsecureCerts', 'true']

2024-08-20 23:14:48 - [MESSAGE][INFO] - Action delay is set to 0 milliseconds

2024-08-20 23:14:51 - [MESSAGE][PASSED] - Browser is opened with url: 'https://www.google.com/'

2024-08-20 23:14:51 - [TEST_STEP][PASSED] - driver = getWebDriver(): null

2024-08-20 23:14:51 - [TEST_STEP][PASSED] - baseUrl = "https://www.google.com/": null

2024-08-20 23:14:51 - [TEST_STEP][PASSED] - selenium = new com.thoughtworks.selenium.webdriven.WebDriverBackedSelenium(driver, baseUrl): null

2024-08-20 23:14:51 - [TEST_STEP][PASSED] - println("Begin Test: DCFPercentageSuccessfulCC"): null

2024-08-20 23:14:51 - [TEST_STEP][PASSED] - emulatorURL = urlEmulator: null

2024-08-20 23:14:51 - [TEST_STEP][PASSED] - selenium.open(emulatorURL): null

2024-08-20 23:14:52 - [TEST_STEP][PASSED] - selenium.selectWindow("null"): null

2024-08-20 23:14:52 - [TEST_STEP][PASSED] - selenium.select("name=message_version", "label=2.3"): null

2024-08-20 23:14:52 - [TEST_STEP][PASSED] - selenium.waitForPageToLoad("30000"): null

2024-08-20 23:14:53 - [TEST_STEP][PASSED] - selenium.type("name=amount", 00".toString()): null

2024-08-20 23:14:53 - [TEST_STEP][PASSED] - selenium.type("name=client_account_number", "CAN12345"): null

2024-08-20 23:14:53 - [TEST_STEP][PASSED] - selenium.type("name=action_type", "PayNow"): null

2024-08-20 23:14:53 - [TEST_STEP][PASSED] - selenium.type("name=language", "en_US"): null

2024-08-20 23:14:53 - [TEST_STEP][PASSED] - selenium.type("name=billing_firstname", "Mandy"): null

2024-08-20 23:14:53 - [TEST_STEP][PASSED] - selenium.type("name=billing_lastname", "Iguera"): null

2024-08-20 23:14:53 - [TEST_STEP][PASSED] - selenium.type("name=billing_address", "56 World Center Drive".toString()): null

2024-08-20 23:14:53 - [TEST_STEP][PASSED] - selenium.type("name=billing_address2", "Suite 600".toString()): null

2024-08-20 23:14:53 - [TEST_STEP][PASSED] - selenium.type("name=billing_country_id", "840"): null

2024-08-20 23:14:53 - [TEST_STEP][PASSED] - selenium.type("name=billing_city", "Orlando"): null

2024-08-20 23:14:53 - [TEST_STEP][PASSED] - selenium.type("name=billing_state", "NH"): null

2024-08-20 23:14:53 - [TEST_STEP][PASSED] - selenium.type("name=billing_zip", "03106"): null

2024-08-20 23:14:53 - [TEST_STEP][PASSED] - selenium.type("name=order_number", "PPPPOOOO"): null

2024-08-20 23:14:53 - [TEST_STEP][PASSED] - selenium.type("name=user_defined1", "udf1"): null

2024-08-20 23:14:53 - [TEST_STEP][PASSED] - selenium.type("name=user_defined2", "udf2"): null

2024-08-20 23:14:53 - [TEST_STEP][PASSED] - selenium.type("name=user_defined3", "udf3"): null

2024-08-20 23:14:53 - [TEST_STEP][PASSED] - selenium.type("name=user_defined4", "Orange Label".toString()): null

2024-08-20 23:14:53 - [TEST_STEP][PASSED] - selenium.type("name=user_defined5", "Soccer Label".toString()): null

2024-08-20 23:14:53 - [TEST_STEP][PASSED] - selenium.click("name=submit"): null

2024-08-20 23:14:54 - [TEST_STEP][PASSED] - selenium.waitForPageToLoad("30000"): null

2024-08-20 23:14:54 - [TEST_STEP][PASSED] - testHarnessURL = urlTestHarness: null

2024-08-20 23:14:54 - [TEST_STEP][PASSED] - selenium.open(testHarnessURL): null

2024-08-20 23:14:54 - [TEST_STEP][PASSED] - Thread.sleep(2000): null

2024-08-20 23:14:56 - [TEST_STEP][PASSED] - selenium.type("name=application_id", "637"): null

2024-08-20 23:14:57 - [TEST_STEP][PASSED] - selenium.type("name=message_version", 3".toString()): null

2024-08-20 23:14:57 - [TEST_STEP][PASSED] - genRemIDVoid = RandomStringUtils.random(12, true, true): null

2024-08-20 23:14:57 - [TEST_STEP][PASSED] - selenium.type("name=remittance_id", genRemIDVoid): null

2024-08-20 23:14:57 - [TEST_STEP][PASSED] - selenium.click("css=input.formSubmit"): null

2024-08-20 23:14:57 - [TEST_STEP][PASSED] - selenium.waitForPageToLoad("30000"): null

2024-08-20 23:14:58 - [TEST_STEP][PASSED] - selenium.selectWindow("null"): null

2024-08-20 23:14:58 - [TEST_STEP][PASSED] - selenium.click("name=paymentMethod"): null

2024-08-20 23:14:58 - [TEST_STEP][PASSED] - selenium.click("css=input[type="submit"]"): null

2024-08-20 23:14:59 - [TEST_STEP][PASSED] - selenium.waitForPageToLoad("30000"): null

2024-08-20 23:15:00 - [TEST_STEP][PASSED] - selenium.type("name=amount", 00".toString()): null

2024-08-20 23:15:00 - [TEST_STEP][PASSED] - selenium.type("name=billingName", "Leslie Howard".toString()): null

2024-08-20 23:15:00 - [TEST_STEP][PASSED] - selenium.type("id=cardNumber", "4111111111111111"): null

2024-08-20 23:15:00 - [TEST_STEP][PASSED] - selenium.type("id=spc", "568"): null

2024-08-20 23:15:00 - [TEST_STEP][PASSED] - selenium.select("name=cardExpMonth", "label=02"): null

2024-08-20 23:15:00 - [TEST_STEP][PASSED] - selenium.select("name=cardExpYear", "label=2028"): null

2024-08-20 23:15:00 - [TEST_STEP][PASSED] - selenium.type("name=billingAddress", "778 Main street".toString()): null

2024-08-20 23:15:00 - [TEST_STEP][PASSED] - selenium.type("name=billingAddress2", ""): null

2024-08-20 23:15:00 - [TEST_STEP][PASSED] - selenium.type("id=billing-zip-input", "22201"): null

2024-08-20 23:15:01 - [TEST_STEP][PASSED] - selenium.type("name=emailAddress", ""): null

2024-08-20 23:15:01 - [TEST_STEP][PASSED] - selenium.click("id=checkedAcceptCondition"): null

2024-08-20 23:15:01 - [TEST_STEP][PASSED] - selenium.click("name=ccSubmit"): null

2024-08-20 23:15:01 - [TEST_STEP][PASSED] - selenium.waitForPageToLoad("30000"): null

2024-08-20 23:15:02 - [TEST_STEP][PASSED] - verifyTextPresent("Please verify the following information:", true): Text 'Please verify the following information:' is present on page  using regular expression

2024-08-20 23:15:02 - [MESSAGE][PASSED] - Text 'Please verify the following information:' is present on page  using regular expression

2024-08-20 23:15:02 - [TEST_STEP][PASSED] - verifyTextPresent("Is this information correct", true): Text 'Is this information correct' is present on page  using regular expression

2024-08-20 23:15:02 - [MESSAGE][PASSED] - Text 'Is this information correct' is present on page  using regular expression

2024-08-20 23:15:02 - [TEST_STEP][PASSED] - selenium.click("name=confirmNotifyAction"): null

2024-08-20 23:15:03 - [TEST_STEP][PASSED] - selenium.waitForPageToLoad("30000"): null

2024-08-20 23:15:03 - [TEST_STEP][PASSED] - verifyTextPresent("This transaction is subject to a Convenience Fees of $10.00", false): Text 'This transaction is subject to a Convenience Fees of $10.00' is present on page 

2024-08-20 23:15:04 - [MESSAGE][PASSED] - Text 'This transaction is subject to a Convenience Fees of $10.00' is present on page 

2024-08-20 23:15:04 - [TEST_STEP][PASSED] - verifyTextPresent("Payment Amount:", true): Text 'Payment Amount:' is present on page  using regular expression

2024-08-20 23:15:04 - [MESSAGE][PASSED] - Text 'Payment Amount:' is present on page  using regular expression

2024-08-20 23:15:04 - [TEST_STEP][PASSED] - verifyTextPresent("$100.00", false): Text '$100.00' is present on page 

2024-08-20 23:15:04 - [MESSAGE][PASSED] - Text '$100.00' is present on page 

2024-08-20 23:15:04 - [TEST_STEP][PASSED] - verifyTextPresent("Convenience Fees:", true): Text 'Convenience Fees:' is present on page  using regular expression

2024-08-20 23:15:04 - [MESSAGE][PASSED] - Text 'Convenience Fees:' is present on page  using regular expression

2024-08-20 23:15:04 - [TEST_STEP][PASSED] - verifyTextPresent("$10.00", false): Text '$10.00' is present on page 

2024-08-20 23:15:05 - [MESSAGE][PASSED] - Text '$10.00' is present on page 

2024-08-20 23:15:05 - [TEST_STEP][PASSED] - verifyTextPresent("Total Amount:", true): Text 'Total Amount:' is present on page  using regular expression

2024-08-20 23:15:05 - [MESSAGE][PASSED] - Text 'Total Amount:' is present on page  using regular expression

2024-08-20 23:15:05 - [TEST_STEP][PASSED] - verifyTextPresent("$110.00", false): Text '$110.00' is present on page 

2024-08-20 23:15:05 - [MESSAGE][PASSED] - Text '$110.00' is present on page 

2024-08-20 23:15:05 - [TEST_STEP][PASSED] - verifyTextPresent("Two transactions will appear on your bank statement, one in the amount of $100.00 and one in the amount of $10.00", false): Text 'Two transactions will appear on your bank statement, one in the amount of $100.00 and one in the amount of $10.00' is present on page 

2024-08-20 23:15:05 - [MESSAGE][PASSED] - Text 'Two transactions will appear on your bank statement, one in the amount of $100.00 and one in the amount of $10.00' is present on page 

2024-08-20 23:15:05 - [TEST_STEP][PASSED] - selenium.click("name=convFeeNotifyAction"): null

2024-08-20 23:15:06 - [TEST_STEP][PASSED] - selenium.waitForPageToLoad("30000"): null

2024-08-20 23:15:06 - [TEST_STEP][PASSED] - Thread.sleep(8000): null

2024-08-20 23:15:14 - [TEST_STEP][PASSED] - verifyTextPresent("Successful Payment Receipt", true): Text 'Successful Payment Receipt' is present on page  using regular expression

2024-08-20 23:15:15 - [MESSAGE][PASSED] - Text 'Successful Payment Receipt' is present on page  using regular expression

2024-08-20 23:15:15 - [TEST_STEP][PASSED] - verifyTextPresent("Please print this receipt for your records", true): Text 'Please print this receipt for your records' is present on page  using regular expression

2024-08-20 23:15:15 - [MESSAGE][PASSED] - Text 'Please print this receipt for your records' is present on page  using regular expression

2024-08-20 23:15:15 - [TEST_STEP][PASSED] - verifyTextPresent("$100.00", false): Text '$100.00' is present on page 

2024-08-20 23:15:15 - [MESSAGE][PASSED] - Text '$100.00' is present on page 

2024-08-20 23:15:15 - [TEST_STEP][PASSED] - verifyTextPresent("$10.00", false): Text '$10.00' is present on page 

2024-08-20 23:15:15 - [MESSAGE][PASSED] - Text '$10.00' is present on page 

2024-08-20 23:15:15 - [TEST_STEP][PASSED] - verifyTextPresent("Dual Transaction", true): Text 'Dual Transaction' is present on page  using regular expression

2024-08-20 23:15:16 - [MESSAGE][PASSED] - Text 'Dual Transaction' is present on page  using regular expression

2024-08-20 23:15:16 - [TEST_STEP][PASSED] - verifyTextPresent("$110.00", false): Text '$110.00' is present on page 

2024-08-20 23:15:16 - [MESSAGE][PASSED] - Text '$110.00' is present on page 

2024-08-20 23:15:16 - [TEST_STEP][PASSED] - verifyTextPresent("Authorization and Capture", true): Text 'Authorization and Capture' is present on page  using regular expression

2024-08-20 23:15:16 - [MESSAGE][PASSED] - Text 'Authorization and Capture' is present on page  using regular expression

2024-08-20 23:15:16 - [TEST_STEP][PASSED] - verifyTextPresent("Visa", true): Text 'Visa' is present on page  using regular expression

2024-08-20 23:15:16 - [MESSAGE][PASSED] - Text 'Visa' is present on page  using regular expression

2024-08-20 23:15:16 - [TEST_STEP][PASSED] - verifyTextPresent("LESLIE HOWARD", true): Text 'LESLIE HOWARD' is present on page  using regular expression

2024-08-20 23:15:17 - [MESSAGE][PASSED] - Text 'LESLIE HOWARD' is present on page  using regular expression

2024-08-20 23:15:17 - [TEST_STEP][PASSED] - verifyTextPresent("1111", true): Text '1111' is present on page  using regular expression

2024-08-20 23:15:17 - [MESSAGE][PASSED] - Text '1111' is present on page  using regular expression

2024-08-20 23:15:17 - [TEST_STEP][PASSED] - println("End Test: DCFPercentageSuccessfulCC"): null]]></system-out>
         <system-err><![CDATA[]]></system-err>
      </testcase>
      <testcase name="Test Cases/IntegratedWeb/IWP23-SelIDE/DCFPercentageSuccessfulPC" time="31.37" classname="Test Cases/IntegratedWeb/IWP23-SelIDE/DCFPercentageSuccessfulPC" status="PASSED">
         <system-out><![CDATA[2024-08-20 23:15:17 - [TEST_CASE][PASSED] - Test Cases/IntegratedWeb/IWP23-SelIDE/DCFPercentageSuccessfulPC: Test Cases/IntegratedWeb/IWP23-SelIDE/DCFPercentageSuccessfulPC

2024-08-20 23:15:17 - [TEST_STEP][PASSED] - softAssertion = new org.testng.asserts.SoftAssert(): null

2024-08-20 23:15:17 - [TEST_STEP][PASSED] - openBrowser("https://www.google.com/"): Browser is opened with url: 'https://www.google.com/'

2024-08-20 23:15:17 - [MESSAGE][WARNING] - A browser is already opened. Closing browser and opening a new one

2024-08-20 23:15:19 - [MESSAGE][INFO] - Starting 'Chrome' driver

2024-08-20 23:15:19 - [MESSAGE][INFO] - User set preference: ['acceptInsecureCerts', 'true']

2024-08-20 23:15:19 - [MESSAGE][INFO] - Action delay is set to 0 milliseconds

2024-08-20 23:15:22 - [MESSAGE][PASSED] - Browser is opened with url: 'https://www.google.com/'

2024-08-20 23:15:22 - [TEST_STEP][PASSED] - driver = getWebDriver(): null

2024-08-20 23:15:22 - [TEST_STEP][PASSED] - baseUrl = "https://www.google.com/": null

2024-08-20 23:15:22 - [TEST_STEP][PASSED] - selenium = new com.thoughtworks.selenium.webdriven.WebDriverBackedSelenium(driver, baseUrl): null

2024-08-20 23:15:22 - [TEST_STEP][PASSED] - println("Begin Test: DCFPercentageSuccessfulPC"): null

2024-08-20 23:15:22 - [TEST_STEP][PASSED] - emulatorURL = urlEmulator: null

2024-08-20 23:15:22 - [TEST_STEP][PASSED] - selenium.open(emulatorURL): null

2024-08-20 23:15:22 - [TEST_STEP][PASSED] - selenium.selectWindow("null"): null

2024-08-20 23:15:22 - [TEST_STEP][PASSED] - selenium.select("name=message_version", "label=2.3"): null

2024-08-20 23:15:22 - [TEST_STEP][PASSED] - selenium.waitForPageToLoad("30000"): null

2024-08-20 23:15:23 - [TEST_STEP][PASSED] - selenium.type("name=amount", 00".toString()): null

2024-08-20 23:15:23 - [TEST_STEP][PASSED] - selenium.type("name=client_account_number", "CAN12345"): null

2024-08-20 23:15:23 - [TEST_STEP][PASSED] - selenium.type("name=action_type", "PayNow"): null

2024-08-20 23:15:23 - [TEST_STEP][PASSED] - selenium.type("name=language", "en_US"): null

2024-08-20 23:15:23 - [TEST_STEP][PASSED] - selenium.type("name=billing_firstname", "Mandy"): null

2024-08-20 23:15:23 - [TEST_STEP][PASSED] - selenium.type("name=billing_lastname", "Iguera"): null

2024-08-20 23:15:23 - [TEST_STEP][PASSED] - selenium.type("name=billing_address", "56 World Center Drive".toString()): null

2024-08-20 23:15:23 - [TEST_STEP][PASSED] - selenium.type("name=billing_address2", "Suite 600".toString()): null

2024-08-20 23:15:23 - [TEST_STEP][PASSED] - selenium.type("name=billing_country_id", "840"): null

2024-08-20 23:15:23 - [TEST_STEP][PASSED] - selenium.type("name=billing_city", "Orlando"): null

2024-08-20 23:15:23 - [TEST_STEP][PASSED] - selenium.type("name=billing_state", "NH"): null

2024-08-20 23:15:23 - [TEST_STEP][PASSED] - selenium.type("name=billing_zip", "03106"): null

2024-08-20 23:15:23 - [TEST_STEP][PASSED] - selenium.type("name=order_number", "PPPPOOOO"): null

2024-08-20 23:15:23 - [TEST_STEP][PASSED] - selenium.type("name=user_defined1", "udf1"): null

2024-08-20 23:15:23 - [TEST_STEP][PASSED] - selenium.type("name=user_defined2", "udf2"): null

2024-08-20 23:15:23 - [TEST_STEP][PASSED] - selenium.type("name=user_defined3", "udf3"): null

2024-08-20 23:15:23 - [TEST_STEP][PASSED] - selenium.type("name=user_defined4", "Orange Label".toString()): null

2024-08-20 23:15:24 - [TEST_STEP][PASSED] - selenium.type("name=user_defined5", "Soccer Label".toString()): null

2024-08-20 23:15:24 - [TEST_STEP][PASSED] - selenium.click("name=submit"): null

2024-08-20 23:15:24 - [TEST_STEP][PASSED] - selenium.waitForPageToLoad("30000"): null

2024-08-20 23:15:24 - [TEST_STEP][PASSED] - Thread.sleep(2000): null

2024-08-20 23:15:26 - [TEST_STEP][PASSED] - testHarnessURL = urlTestHarness: null

2024-08-20 23:15:26 - [TEST_STEP][PASSED] - selenium.open(testHarnessURL): null

2024-08-20 23:15:27 - [TEST_STEP][PASSED] - selenium.type("name=application_id", "637"): null

2024-08-20 23:15:27 - [TEST_STEP][PASSED] - selenium.type("name=message_version", 3".toString()): null

2024-08-20 23:15:27 - [TEST_STEP][PASSED] - genRemIDVoid = RandomStringUtils.random(12, true, true): null

2024-08-20 23:15:27 - [TEST_STEP][PASSED] - selenium.type("name=remittance_id", genRemIDVoid): null

2024-08-20 23:15:27 - [TEST_STEP][PASSED] - selenium.click("css=input.formSubmit"): null

2024-08-20 23:15:27 - [TEST_STEP][PASSED] - selenium.waitForPageToLoad("30000"): null

2024-08-20 23:15:28 - [TEST_STEP][PASSED] - selenium.click("xpath=(//input[@name='paymentMethod'])[2]"): null

2024-08-20 23:15:28 - [TEST_STEP][PASSED] - selenium.click("css=input[type="submit"]"): null

2024-08-20 23:15:29 - [TEST_STEP][PASSED] - selenium.waitForPageToLoad("30000"): null

2024-08-20 23:15:29 - [TEST_STEP][PASSED] - selenium.type("name=amount", 00".toString()): null

2024-08-20 23:15:30 - [TEST_STEP][PASSED] - selenium.type("name=billingFirstname", "Mike"): null

2024-08-20 23:15:30 - [TEST_STEP][PASSED] - selenium.type("name=billingLastname", "Chingiti"): null

2024-08-20 23:15:30 - [TEST_STEP][PASSED] - selenium.type("id=routingNumber", "256072691"): null

2024-08-20 23:15:30 - [TEST_STEP][PASSED] - selenium.type("id=accountNumber", "11111111"): null

2024-08-20 23:15:30 - [TEST_STEP][PASSED] - selenium.type("id=confirmAccountNumber", "11111111"): null

2024-08-20 23:15:30 - [TEST_STEP][PASSED] - selenium.click("name=accountType"): null

2024-08-20 23:15:30 - [TEST_STEP][PASSED] - selenium.type("name=billingAddress", "104 main road".toString()): null

2024-08-20 23:15:30 - [TEST_STEP][PASSED] - selenium.type("name=billingAddress2", ""): null

2024-08-20 23:15:30 - [TEST_STEP][PASSED] - selenium.type("id=billing-zip-input", "22201"): null

2024-08-20 23:15:30 - [TEST_STEP][PASSED] - selenium.click("id=checkedAcceptCondition"): null

2024-08-20 23:15:30 - [TEST_STEP][PASSED] - selenium.click("name=achSubmit"): null

2024-08-20 23:15:31 - [TEST_STEP][PASSED] - selenium.waitForPageToLoad("30000"): null

2024-08-20 23:15:31 - [TEST_STEP][PASSED] - verifyTextPresent("Please verify the following information:", true): Text 'Please verify the following information:' is present on page  using regular expression

2024-08-20 23:15:32 - [MESSAGE][PASSED] - Text 'Please verify the following information:' is present on page  using regular expression

2024-08-20 23:15:32 - [TEST_STEP][PASSED] - verifyTextPresent("Is this information correct", true): Text 'Is this information correct' is present on page  using regular expression

2024-08-20 23:15:32 - [MESSAGE][PASSED] - Text 'Is this information correct' is present on page  using regular expression

2024-08-20 23:15:32 - [TEST_STEP][PASSED] - selenium.click("name=confirmNotifyAction"): null

2024-08-20 23:15:32 - [TEST_STEP][PASSED] - selenium.waitForPageToLoad("30000"): null

2024-08-20 23:15:33 - [TEST_STEP][PASSED] - verifyTextPresent("This transaction is subject to a Convenience Fees of $10.00", false): Text 'This transaction is subject to a Convenience Fees of $10.00' is present on page 

2024-08-20 23:15:33 - [MESSAGE][PASSED] - Text 'This transaction is subject to a Convenience Fees of $10.00' is present on page 

2024-08-20 23:15:33 - [TEST_STEP][PASSED] - verifyTextPresent("Payment Amount:", true): Text 'Payment Amount:' is present on page  using regular expression

2024-08-20 23:15:33 - [MESSAGE][PASSED] - Text 'Payment Amount:' is present on page  using regular expression

2024-08-20 23:15:33 - [TEST_STEP][PASSED] - verifyTextPresent("$100.00", false): Text '$100.00' is present on page 

2024-08-20 23:15:34 - [MESSAGE][PASSED] - Text '$100.00' is present on page 

2024-08-20 23:15:34 - [TEST_STEP][PASSED] - verifyTextPresent("Convenience Fees:", true): Text 'Convenience Fees:' is present on page  using regular expression

2024-08-20 23:15:34 - [MESSAGE][PASSED] - Text 'Convenience Fees:' is present on page  using regular expression

2024-08-20 23:15:34 - [TEST_STEP][PASSED] - verifyTextPresent("$10.00", false): Text '$10.00' is present on page 

2024-08-20 23:15:34 - [MESSAGE][PASSED] - Text '$10.00' is present on page 

2024-08-20 23:15:34 - [TEST_STEP][PASSED] - verifyTextPresent("Total Amount:", true): Text 'Total Amount:' is present on page  using regular expression

2024-08-20 23:15:34 - [MESSAGE][PASSED] - Text 'Total Amount:' is present on page  using regular expression

2024-08-20 23:15:34 - [TEST_STEP][PASSED] - verifyTextPresent("$110.00", false): Text '$110.00' is present on page 

2024-08-20 23:15:35 - [MESSAGE][PASSED] - Text '$110.00' is present on page 

2024-08-20 23:15:35 - [TEST_STEP][PASSED] - verifyTextPresent("Two transactions will appear on your bank statement, one in the amount of $100.00 and one in the amount of $10.00", false): Text 'Two transactions will appear on your bank statement, one in the amount of $100.00 and one in the amount of $10.00' is present on page 

2024-08-20 23:15:35 - [MESSAGE][PASSED] - Text 'Two transactions will appear on your bank statement, one in the amount of $100.00 and one in the amount of $10.00' is present on page 

2024-08-20 23:15:35 - [TEST_STEP][PASSED] - selenium.click("name=convFeeNotifyAction"): null

2024-08-20 23:15:35 - [TEST_STEP][PASSED] - selenium.waitForPageToLoad("30000"): null

2024-08-20 23:15:36 - [TEST_STEP][PASSED] - Thread.sleep(8000): null

2024-08-20 23:15:44 - [TEST_STEP][PASSED] - verifyTextPresent("Successful Payment Receipt", true): Text 'Successful Payment Receipt' is present on page  using regular expression

2024-08-20 23:15:44 - [MESSAGE][PASSED] - Text 'Successful Payment Receipt' is present on page  using regular expression

2024-08-20 23:15:44 - [TEST_STEP][PASSED] - verifyTextPresent("Please print this receipt for your records", true): Text 'Please print this receipt for your records' is present on page  using regular expression

2024-08-20 23:15:44 - [MESSAGE][PASSED] - Text 'Please print this receipt for your records' is present on page  using regular expression

2024-08-20 23:15:44 - [TEST_STEP][PASSED] - verifyTextPresent("$100.00", false): Text '$100.00' is present on page 

2024-08-20 23:15:45 - [MESSAGE][PASSED] - Text '$100.00' is present on page 

2024-08-20 23:15:45 - [TEST_STEP][PASSED] - verifyTextPresent("$10.00", false): Text '$10.00' is present on page 

2024-08-20 23:15:45 - [MESSAGE][PASSED] - Text '$10.00' is present on page 

2024-08-20 23:15:45 - [TEST_STEP][PASSED] - verifyTextPresent("Dual Transaction", true): Text 'Dual Transaction' is present on page  using regular expression

2024-08-20 23:15:45 - [MESSAGE][PASSED] - Text 'Dual Transaction' is present on page  using regular expression

2024-08-20 23:15:45 - [TEST_STEP][PASSED] - verifyTextPresent("$110.00", false): Text '$110.00' is present on page 

2024-08-20 23:15:45 - [MESSAGE][PASSED] - Text '$110.00' is present on page 

2024-08-20 23:15:45 - [TEST_STEP][PASSED] - verifyTextPresent("Debit", true): Text 'Debit' is present on page  using regular expression

2024-08-20 23:15:46 - [MESSAGE][PASSED] - Text 'Debit' is present on page  using regular expression

2024-08-20 23:15:46 - [TEST_STEP][PASSED] - verifyTextPresent("Personal", true): Text 'Personal' is present on page  using regular expression

2024-08-20 23:15:46 - [MESSAGE][PASSED] - Text 'Personal' is present on page  using regular expression

2024-08-20 23:15:46 - [TEST_STEP][PASSED] - verifyTextPresent("Checking", true): Text 'Checking' is present on page  using regular expression

2024-08-20 23:15:46 - [MESSAGE][PASSED] - Text 'Checking' is present on page  using regular expression

2024-08-20 23:15:46 - [TEST_STEP][PASSED] - verifyTextPresent("1111", true): Text '1111' is present on page  using regular expression

2024-08-20 23:15:46 - [MESSAGE][PASSED] - Text '1111' is present on page  using regular expression

2024-08-20 23:15:46 - [TEST_STEP][PASSED] - verifyTextPresent("2691", true): Text '2691' is present on page  using regular expression

2024-08-20 23:15:47 - [MESSAGE][PASSED] - Text '2691' is present on page  using regular expression

2024-08-20 23:15:47 - [TEST_STEP][PASSED] - verifyTextPresent("MIKE CHINGITI", true): Text 'MIKE CHINGITI' is present on page  using regular expression

2024-08-20 23:15:47 - [MESSAGE][PASSED] - Text 'MIKE CHINGITI' is present on page  using regular expression

2024-08-20 23:15:47 - [TEST_STEP][PASSED] - verifyTextPresent("104 main road", true): Text '104 main road' is present on page  using regular expression

2024-08-20 23:15:47 - [MESSAGE][PASSED] - Text '104 main road' is present on page  using regular expression

2024-08-20 23:15:47 - [TEST_STEP][PASSED] - verifyTextPresent("United States", true): Text 'United States' is present on page  using regular expression

2024-08-20 23:15:47 - [MESSAGE][PASSED] - Text 'United States' is present on page  using regular expression

2024-08-20 23:15:47 - [TEST_STEP][PASSED] - verifyTextPresent("ARLINGTON", true): Text 'ARLINGTON' is present on page  using regular expression

2024-08-20 23:15:48 - [MESSAGE][PASSED] - Text 'ARLINGTON' is present on page  using regular expression

2024-08-20 23:15:48 - [TEST_STEP][PASSED] - verifyTextPresent("Virginia", true): Text 'Virginia' is present on page  using regular expression

2024-08-20 23:15:48 - [MESSAGE][PASSED] - Text 'Virginia' is present on page  using regular expression

2024-08-20 23:15:48 - [TEST_STEP][PASSED] - verifyTextPresent("22201", true): Text '22201' is present on page  using regular expression

2024-08-20 23:15:48 - [MESSAGE][PASSED] - Text '22201' is present on page  using regular expression

2024-08-20 23:15:48 - [TEST_STEP][PASSED] - println("End Test: DCFPercentageSuccessfulPC"): null]]></system-out>
         <system-err><![CDATA[]]></system-err>
      </testcase>
      <testcase name="Test Cases/IntegratedWeb/IWP23-SelIDE/DuplicateTransaction" time="31.984" classname="Test Cases/IntegratedWeb/IWP23-SelIDE/DuplicateTransaction" status="PASSED">
         <system-out><![CDATA[2024-08-20 23:15:48 - [TEST_CASE][PASSED] - Test Cases/IntegratedWeb/IWP23-SelIDE/DuplicateTransaction: Test Cases/IntegratedWeb/IWP23-SelIDE/DuplicateTransaction

2024-08-20 23:15:49 - [TEST_STEP][PASSED] - softAssertion = new org.testng.asserts.SoftAssert(): null

2024-08-20 23:15:49 - [TEST_STEP][PASSED] - openBrowser("https://www.google.com/"): Browser is opened with url: 'https://www.google.com/'

2024-08-20 23:15:49 - [MESSAGE][WARNING] - A browser is already opened. Closing browser and opening a new one

2024-08-20 23:15:50 - [MESSAGE][INFO] - Starting 'Chrome' driver

2024-08-20 23:15:50 - [MESSAGE][INFO] - User set preference: ['acceptInsecureCerts', 'true']

2024-08-20 23:15:50 - [MESSAGE][INFO] - Action delay is set to 0 milliseconds

2024-08-20 23:15:53 - [MESSAGE][PASSED] - Browser is opened with url: 'https://www.google.com/'

2024-08-20 23:15:53 - [TEST_STEP][PASSED] - driver = getWebDriver(): null

2024-08-20 23:15:53 - [TEST_STEP][PASSED] - baseUrl = "https://www.google.com/": null

2024-08-20 23:15:53 - [TEST_STEP][PASSED] - selenium = new com.thoughtworks.selenium.webdriven.WebDriverBackedSelenium(driver, baseUrl): null

2024-08-20 23:15:53 - [TEST_STEP][PASSED] - println("Begin Test: SCFSuccessfulCC"): null

2024-08-20 23:15:53 - [TEST_STEP][PASSED] - emulatorURL = urlEmulator: null

2024-08-20 23:15:53 - [TEST_STEP][PASSED] - selenium.open(emulatorURL): null

2024-08-20 23:15:53 - [TEST_STEP][PASSED] - selenium.selectWindow("null"): null

2024-08-20 23:15:53 - [TEST_STEP][PASSED] - selenium.select("name=message_version", "label=2.3"): null

2024-08-20 23:15:53 - [TEST_STEP][PASSED] - selenium.waitForPageToLoad("30000"): null

2024-08-20 23:15:54 - [TEST_STEP][PASSED] - selenium.type("name=amount", 00".toString()): null

2024-08-20 23:15:54 - [TEST_STEP][PASSED] - selenium.type("name=client_account_number", "CAN12345"): null

2024-08-20 23:15:54 - [TEST_STEP][PASSED] - selenium.type("name=action_type", "PayNow"): null

2024-08-20 23:15:54 - [TEST_STEP][PASSED] - selenium.type("name=language", "en_US"): null

2024-08-20 23:15:54 - [TEST_STEP][PASSED] - selenium.type("name=billing_firstname", "Mandy"): null

2024-08-20 23:15:54 - [TEST_STEP][PASSED] - selenium.type("name=billing_lastname", "Iguera"): null

2024-08-20 23:15:54 - [TEST_STEP][PASSED] - selenium.type("name=billing_address", "56 World Center Drive".toString()): null

2024-08-20 23:15:54 - [TEST_STEP][PASSED] - selenium.type("name=billing_address2", "Suite 600".toString()): null

2024-08-20 23:15:54 - [TEST_STEP][PASSED] - selenium.type("name=billing_country_id", "840"): null

2024-08-20 23:15:54 - [TEST_STEP][PASSED] - selenium.type("name=billing_city", "Orlando"): null

2024-08-20 23:15:54 - [TEST_STEP][PASSED] - selenium.type("name=billing_state", "NH"): null

2024-08-20 23:15:54 - [TEST_STEP][PASSED] - selenium.type("name=billing_zip", "03106"): null

2024-08-20 23:15:55 - [TEST_STEP][PASSED] - selenium.type("name=order_number", "PPPPOOOO"): null

2024-08-20 23:15:55 - [TEST_STEP][PASSED] - selenium.type("name=user_defined1", "udf1"): null

2024-08-20 23:15:55 - [TEST_STEP][PASSED] - selenium.type("name=user_defined2", "udf2"): null

2024-08-20 23:15:55 - [TEST_STEP][PASSED] - selenium.type("name=user_defined3", "udf3"): null

2024-08-20 23:15:55 - [TEST_STEP][PASSED] - selenium.type("name=user_defined4", "Orange Label".toString()): null

2024-08-20 23:15:55 - [TEST_STEP][PASSED] - selenium.type("name=user_defined5", "Soccer Label".toString()): null

2024-08-20 23:15:55 - [TEST_STEP][PASSED] - selenium.click("name=submit"): null

2024-08-20 23:15:55 - [TEST_STEP][PASSED] - selenium.waitForPageToLoad("30000"): null

2024-08-20 23:15:56 - [TEST_STEP][PASSED] - testHarnessURL = urlTestHarness: null

2024-08-20 23:15:56 - [TEST_STEP][PASSED] - selenium.open(testHarnessURL): null

2024-08-20 23:15:56 - [TEST_STEP][PASSED] - Thread.sleep(2000): null

2024-08-20 23:15:58 - [TEST_STEP][PASSED] - selenium.type("name=application_id", "636"): null

2024-08-20 23:15:58 - [TEST_STEP][PASSED] - selenium.type("name=message_version", 3".toString()): null

2024-08-20 23:15:58 - [TEST_STEP][PASSED] - genRemIDVoid = RandomStringUtils.random(12, true, true): null

2024-08-20 23:15:58 - [TEST_STEP][PASSED] - selenium.type("name=remittance_id", genRemIDVoid): null

2024-08-20 23:15:58 - [TEST_STEP][PASSED] - println(genRemIDVoid): null

2024-08-20 23:15:58 - [TEST_STEP][PASSED] - selenium.click("css=input.formSubmit"): null

2024-08-20 23:15:59 - [TEST_STEP][PASSED] - selenium.waitForPageToLoad("30000"): null

2024-08-20 23:15:59 - [TEST_STEP][PASSED] - selenium.selectWindow("null"): null

2024-08-20 23:15:59 - [TEST_STEP][PASSED] - selenium.click("name=paymentMethod"): null

2024-08-20 23:15:59 - [TEST_STEP][PASSED] - selenium.click("css=input[type="submit"]"): null

2024-08-20 23:16:00 - [TEST_STEP][PASSED] - selenium.waitForPageToLoad("30000"): null

2024-08-20 23:16:01 - [TEST_STEP][PASSED] - selenium.type("name=amount", 50".toString()): null

2024-08-20 23:16:01 - [TEST_STEP][PASSED] - selenium.type("name=billingName", "Leslie Howard".toString()): null

2024-08-20 23:16:01 - [TEST_STEP][PASSED] - selenium.type("id=cardNumber", "4111111111111111"): null

2024-08-20 23:16:01 - [TEST_STEP][PASSED] - selenium.type("id=spc", "568"): null

2024-08-20 23:16:01 - [TEST_STEP][PASSED] - selenium.select("name=cardExpMonth", "label=02"): null

2024-08-20 23:16:01 - [TEST_STEP][PASSED] - selenium.select("name=cardExpYear", "label=2028"): null

2024-08-20 23:16:01 - [TEST_STEP][PASSED] - selenium.type("name=billingAddress", "778 Main street".toString()): null

2024-08-20 23:16:01 - [TEST_STEP][PASSED] - selenium.type("name=billingAddress2", ""): null

2024-08-20 23:16:01 - [TEST_STEP][PASSED] - selenium.type("id=billing-zip-input", "22201"): null

2024-08-20 23:16:01 - [TEST_STEP][PASSED] - selenium.type("name=emailAddress", ""): null

2024-08-20 23:16:02 - [TEST_STEP][PASSED] - selenium.click("id=checkedAcceptCondition"): null

2024-08-20 23:16:02 - [TEST_STEP][PASSED] - selenium.click("name=ccSubmit"): null

2024-08-20 23:16:02 - [TEST_STEP][PASSED] - selenium.waitForPageToLoad("30000"): null

2024-08-20 23:16:03 - [TEST_STEP][PASSED] - verifyTextPresent("Please verify the following information:", true): Text 'Please verify the following information:' is present on page  using regular expression

2024-08-20 23:16:03 - [MESSAGE][PASSED] - Text 'Please verify the following information:' is present on page  using regular expression

2024-08-20 23:16:03 - [TEST_STEP][PASSED] - verifyTextPresent("Is this information correct", true): Text 'Is this information correct' is present on page  using regular expression

2024-08-20 23:16:03 - [MESSAGE][PASSED] - Text 'Is this information correct' is present on page  using regular expression

2024-08-20 23:16:03 - [TEST_STEP][PASSED] - selenium.click("name=confirmNotifyAction"): null

2024-08-20 23:16:04 - [TEST_STEP][PASSED] - selenium.waitForPageToLoad("30000"): null

2024-08-20 23:16:04 - [TEST_STEP][PASSED] - verifyTextPresent("This transaction is subject to a Convenience Fees of $2.00", false): Text 'This transaction is subject to a Convenience Fees of $2.00' is present on page 

2024-08-20 23:16:05 - [MESSAGE][PASSED] - Text 'This transaction is subject to a Convenience Fees of $2.00' is present on page 

2024-08-20 23:16:05 - [TEST_STEP][PASSED] - verifyTextPresent("Payment Amount:", true): Text 'Payment Amount:' is present on page  using regular expression

2024-08-20 23:16:05 - [MESSAGE][PASSED] - Text 'Payment Amount:' is present on page  using regular expression

2024-08-20 23:16:05 - [TEST_STEP][PASSED] - verifyTextPresent("$11.50", false): Text '$11.50' is present on page 

2024-08-20 23:16:05 - [MESSAGE][PASSED] - Text '$11.50' is present on page 

2024-08-20 23:16:05 - [TEST_STEP][PASSED] - verifyTextPresent("Convenience Fees:", true): Text 'Convenience Fees:' is present on page  using regular expression

2024-08-20 23:16:05 - [MESSAGE][PASSED] - Text 'Convenience Fees:' is present on page  using regular expression

2024-08-20 23:16:05 - [TEST_STEP][PASSED] - verifyTextPresent("$2.00", false): Text '$2.00' is present on page 

2024-08-20 23:16:06 - [MESSAGE][PASSED] - Text '$2.00' is present on page 

2024-08-20 23:16:06 - [TEST_STEP][PASSED] - verifyTextPresent("Total Amount:", true): Text 'Total Amount:' is present on page  using regular expression

2024-08-20 23:16:06 - [MESSAGE][PASSED] - Text 'Total Amount:' is present on page  using regular expression

2024-08-20 23:16:06 - [TEST_STEP][PASSED] - verifyTextPresent("$13.50", false): Text '$13.50' is present on page 

2024-08-20 23:16:06 - [MESSAGE][PASSED] - Text '$13.50' is present on page 

2024-08-20 23:16:06 - [TEST_STEP][PASSED] - verifyTextPresent("One transaction in the amount of $13.50 will appear on your bank statement", false): Text 'One transaction in the amount of $13.50 will appear on your bank statement' is present on page 

2024-08-20 23:16:06 - [MESSAGE][PASSED] - Text 'One transaction in the amount of $13.50 will appear on your bank statement' is present on page 

2024-08-20 23:16:06 - [TEST_STEP][PASSED] - selenium.click("name=convFeeNotifyAction"): null

2024-08-20 23:16:07 - [TEST_STEP][PASSED] - selenium.waitForPageToLoad("30000"): null

2024-08-20 23:16:07 - [TEST_STEP][PASSED] - Thread.sleep(8000): null

2024-08-20 23:16:15 - [TEST_STEP][PASSED] - verifyTextPresent("Successful Payment Receipt", true): Text 'Successful Payment Receipt' is present on page  using regular expression

2024-08-20 23:16:16 - [MESSAGE][PASSED] - Text 'Successful Payment Receipt' is present on page  using regular expression

2024-08-20 23:16:16 - [TEST_STEP][PASSED] - println(genRemIDVoid): null

2024-08-20 23:16:16 - [TEST_STEP][PASSED] - testHarnessURL = urlTestHarness: null

2024-08-20 23:16:16 - [TEST_STEP][PASSED] - selenium.open(testHarnessURL): null

2024-08-20 23:16:16 - [TEST_STEP][PASSED] - Thread.sleep(2000): null

2024-08-20 23:16:18 - [TEST_STEP][PASSED] - selenium.type("name=application_id", "636"): null

2024-08-20 23:16:18 - [TEST_STEP][PASSED] - selenium.type("name=message_version", 3".toString()): null

2024-08-20 23:16:18 - [TEST_STEP][PASSED] - selenium.type("name=remittance_id", genRemIDVoid): null

2024-08-20 23:16:18 - [TEST_STEP][PASSED] - println(genRemIDVoid): null

2024-08-20 23:16:18 - [TEST_STEP][PASSED] - selenium.click("css=input.formSubmit"): null

2024-08-20 23:16:19 - [TEST_STEP][PASSED] - selenium.waitForPageToLoad("30000"): null

2024-08-20 23:16:19 - [TEST_STEP][PASSED] - verifyTextPresent("TestvRelay2325SCFAuto - Error", true): Text 'TestvRelay2325SCFAuto - Error' is present on page  using regular expression

2024-08-20 23:16:19 - [MESSAGE][PASSED] - Text 'TestvRelay2325SCFAuto - Error' is present on page  using regular expression

2024-08-20 23:16:19 - [TEST_STEP][PASSED] - verifyTextPresent("The following error occurred:", true): Text 'The following error occurred:' is present on page  using regular expression

2024-08-20 23:16:20 - [MESSAGE][PASSED] - Text 'The following error occurred:' is present on page  using regular expression

2024-08-20 23:16:20 - [TEST_STEP][PASSED] - verifyTextPresent("Transaction cannot be processed", true): Text 'Transaction cannot be processed' is present on page  using regular expression

2024-08-20 23:16:20 - [MESSAGE][PASSED] - Text 'Transaction cannot be processed' is present on page  using regular expression

2024-08-20 23:16:20 - [TEST_STEP][PASSED] - verifyTextPresent("duplicate transaction", true): Text 'duplicate transaction' is present on page  using regular expression

2024-08-20 23:16:20 - [MESSAGE][PASSED] - Text 'duplicate transaction' is present on page  using regular expression

2024-08-20 23:16:20 - [TEST_STEP][PASSED] - println("End Test: Duplicate Transaction"): null]]></system-out>
         <system-err><![CDATA[]]></system-err>
      </testcase>
      <testcase name="Test Cases/IntegratedWeb/IWP23-SelIDE/MaximumAmountErrorCC" time="15.977" classname="Test Cases/IntegratedWeb/IWP23-SelIDE/MaximumAmountErrorCC" status="PASSED">
         <system-out><![CDATA[2024-08-20 23:16:20 - [TEST_CASE][PASSED] - Test Cases/IntegratedWeb/IWP23-SelIDE/MaximumAmountErrorCC: Test Cases/IntegratedWeb/IWP23-SelIDE/MaximumAmountErrorCC

2024-08-20 23:16:21 - [TEST_STEP][PASSED] - softAssertion = new org.testng.asserts.SoftAssert(): null

2024-08-20 23:16:21 - [TEST_STEP][PASSED] - openBrowser("https://www.google.com/"): Browser is opened with url: 'https://www.google.com/'

2024-08-20 23:16:21 - [MESSAGE][WARNING] - A browser is already opened. Closing browser and opening a new one

2024-08-20 23:16:22 - [MESSAGE][INFO] - Starting 'Chrome' driver

2024-08-20 23:16:22 - [MESSAGE][INFO] - User set preference: ['acceptInsecureCerts', 'true']

2024-08-20 23:16:22 - [MESSAGE][INFO] - Action delay is set to 0 milliseconds

2024-08-20 23:16:25 - [MESSAGE][PASSED] - Browser is opened with url: 'https://www.google.com/'

2024-08-20 23:16:25 - [TEST_STEP][PASSED] - driver = getWebDriver(): null

2024-08-20 23:16:25 - [TEST_STEP][PASSED] - baseUrl = "https://www.google.com/": null

2024-08-20 23:16:25 - [TEST_STEP][PASSED] - selenium = new com.thoughtworks.selenium.webdriven.WebDriverBackedSelenium(driver, baseUrl): null

2024-08-20 23:16:25 - [TEST_STEP][PASSED] - println("Begin Test: MaximumAmountErrorCC"): null

2024-08-20 23:16:25 - [TEST_STEP][PASSED] - emulatorURL = urlEmulator: null

2024-08-20 23:16:25 - [TEST_STEP][PASSED] - selenium.open(emulatorURL): null

2024-08-20 23:16:25 - [TEST_STEP][PASSED] - selenium.selectWindow("null"): null

2024-08-20 23:16:25 - [TEST_STEP][PASSED] - selenium.select("name=message_version", "label=2.3"): null

2024-08-20 23:16:26 - [TEST_STEP][PASSED] - selenium.waitForPageToLoad("30000"): null

2024-08-20 23:16:26 - [TEST_STEP][PASSED] - selenium.type("name=amount", 00".toString()): null

2024-08-20 23:16:26 - [TEST_STEP][PASSED] - selenium.type("name=client_account_number", "CAN12345"): null

2024-08-20 23:16:26 - [TEST_STEP][PASSED] - selenium.type("name=action_type", "PayNow"): null

2024-08-20 23:16:26 - [TEST_STEP][PASSED] - selenium.type("name=language", "en_US"): null

2024-08-20 23:16:26 - [TEST_STEP][PASSED] - selenium.type("name=billing_firstname", "Mandy"): null

2024-08-20 23:16:26 - [TEST_STEP][PASSED] - selenium.type("name=billing_lastname", "Iguera"): null

2024-08-20 23:16:27 - [TEST_STEP][PASSED] - selenium.type("name=billing_address", "56 World Center Drive".toString()): null

2024-08-20 23:16:27 - [TEST_STEP][PASSED] - selenium.type("name=billing_address2", "Suite 600".toString()): null

2024-08-20 23:16:27 - [TEST_STEP][PASSED] - selenium.type("name=billing_country_id", "840"): null

2024-08-20 23:16:27 - [TEST_STEP][PASSED] - selenium.type("name=billing_city", "Orlando"): null

2024-08-20 23:16:27 - [TEST_STEP][PASSED] - selenium.type("name=billing_state", "NH"): null

2024-08-20 23:16:27 - [TEST_STEP][PASSED] - selenium.type("name=billing_zip", "03106"): null

2024-08-20 23:16:27 - [TEST_STEP][PASSED] - selenium.type("name=order_number", "PPPPOOOO"): null

2024-08-20 23:16:27 - [TEST_STEP][PASSED] - selenium.type("name=user_defined1", "udf1"): null

2024-08-20 23:16:27 - [TEST_STEP][PASSED] - selenium.type("name=user_defined2", "udf2"): null

2024-08-20 23:16:27 - [TEST_STEP][PASSED] - selenium.type("name=user_defined3", "udf3"): null

2024-08-20 23:16:27 - [TEST_STEP][PASSED] - selenium.type("name=user_defined4", "Orange Label".toString()): null

2024-08-20 23:16:27 - [TEST_STEP][PASSED] - selenium.type("name=user_defined5", "Soccer Label".toString()): null

2024-08-20 23:16:27 - [TEST_STEP][PASSED] - selenium.click("name=submit"): null

2024-08-20 23:16:27 - [TEST_STEP][PASSED] - selenium.waitForPageToLoad("30000"): null

2024-08-20 23:16:28 - [TEST_STEP][PASSED] - Thread.sleep(2000): null

2024-08-20 23:16:30 - [TEST_STEP][PASSED] - testHarnessURL = urlTestHarness: null

2024-08-20 23:16:30 - [TEST_STEP][PASSED] - selenium.open(testHarnessURL): null

2024-08-20 23:16:30 - [TEST_STEP][PASSED] - selenium.type("name=application_id", "635"): null

2024-08-20 23:16:30 - [TEST_STEP][PASSED] - selenium.type("name=message_version", 3".toString()): null

2024-08-20 23:16:30 - [TEST_STEP][PASSED] - genRemIDVoid = RandomStringUtils.random(12, true, true): null

2024-08-20 23:16:30 - [TEST_STEP][PASSED] - selenium.type("name=remittance_id", genRemIDVoid): null

2024-08-20 23:16:30 - [TEST_STEP][PASSED] - selenium.click("css=input.formSubmit"): null

2024-08-20 23:16:31 - [TEST_STEP][PASSED] - selenium.waitForPageToLoad("30000"): null

2024-08-20 23:16:32 - [TEST_STEP][PASSED] - selenium.selectWindow("null"): null

2024-08-20 23:16:32 - [TEST_STEP][PASSED] - selenium.click("name=paymentMethod"): null

2024-08-20 23:16:32 - [TEST_STEP][PASSED] - selenium.click("css=input[type="submit"]"): null

2024-08-20 23:16:33 - [TEST_STEP][PASSED] - selenium.waitForPageToLoad("30000"): null

2024-08-20 23:16:33 - [TEST_STEP][PASSED] - selenium.type("name=amount", 00".toString()): null

2024-08-20 23:16:33 - [TEST_STEP][PASSED] - selenium.type("name=userDefined2", "udf2 new".toString()): null

2024-08-20 23:16:33 - [TEST_STEP][PASSED] - selenium.type("name=userDefined3", "udf3 new".toString()): null

2024-08-20 23:16:33 - [TEST_STEP][PASSED] - selenium.select("name=variableField4DropdownGroupItemID", "label=Purple"): null

2024-08-20 23:16:34 - [TEST_STEP][PASSED] - selenium.select("name=variableField5DropdownGroupItemID", "label=Soccer"): null

2024-08-20 23:16:34 - [TEST_STEP][PASSED] - selenium.type("name=billingName", "Rosa Eliver".toString()): null

2024-08-20 23:16:34 - [TEST_STEP][PASSED] - selenium.type("id=cardNumber", "4111111111111111"): null

2024-08-20 23:16:34 - [TEST_STEP][PASSED] - selenium.type("id=spc", "123"): null

2024-08-20 23:16:34 - [TEST_STEP][PASSED] - selenium.select("name=cardExpMonth", "label=02"): null

2024-08-20 23:16:34 - [TEST_STEP][PASSED] - selenium.select("name=cardExpYear", "label=2028"): null

2024-08-20 23:16:34 - [TEST_STEP][PASSED] - selenium.type("name=billingAddress", "55 Nolan Drive".toString()): null

2024-08-20 23:16:34 - [TEST_STEP][PASSED] - selenium.type("name=billingAddress2", "Unit 2".toString()): null

2024-08-20 23:16:34 - [TEST_STEP][PASSED] - selenium.type("id=billing-zip-input", "22201"): null

2024-08-20 23:16:34 - [TEST_STEP][PASSED] - selenium.type("name=emailAddress", com".toString()): null

2024-08-20 23:16:34 - [TEST_STEP][PASSED] - selenium.click("id=checkedAcceptCondition"): null

2024-08-20 23:16:35 - [TEST_STEP][PASSED] - selenium.click("name=ccSubmit"): null

2024-08-20 23:16:35 - [TEST_STEP][PASSED] - selenium.waitForPageToLoad("30000"): null

2024-08-20 23:16:36 - [TEST_STEP][PASSED] - verifyTextPresent("Amount is greater than maximum", true): Text 'Amount is greater than maximum' is present on page  using regular expression

2024-08-20 23:16:36 - [MESSAGE][PASSED] - Text 'Amount is greater than maximum' is present on page  using regular expression

2024-08-20 23:16:36 - [TEST_STEP][PASSED] - println("End Test: MaximumAmountErrorCC"): null]]></system-out>
         <system-err><![CDATA[]]></system-err>
      </testcase>
      <testcase name="Test Cases/IntegratedWeb/IWP23-SelIDE/MaximumAmountErrorPC" time="15.64" classname="Test Cases/IntegratedWeb/IWP23-SelIDE/MaximumAmountErrorPC" status="PASSED">
         <system-out><![CDATA[2024-08-20 23:16:36 - [TEST_CASE][PASSED] - Test Cases/IntegratedWeb/IWP23-SelIDE/MaximumAmountErrorPC: Test Cases/IntegratedWeb/IWP23-SelIDE/MaximumAmountErrorPC

2024-08-20 23:16:37 - [TEST_STEP][PASSED] - softAssertion = new org.testng.asserts.SoftAssert(): null

2024-08-20 23:16:37 - [TEST_STEP][PASSED] - openBrowser("https://www.google.com/"): Browser is opened with url: 'https://www.google.com/'

2024-08-20 23:16:37 - [MESSAGE][WARNING] - A browser is already opened. Closing browser and opening a new one

2024-08-20 23:16:38 - [MESSAGE][INFO] - Starting 'Chrome' driver

2024-08-20 23:16:38 - [MESSAGE][INFO] - User set preference: ['acceptInsecureCerts', 'true']

2024-08-20 23:16:38 - [MESSAGE][INFO] - Action delay is set to 0 milliseconds

2024-08-20 23:16:41 - [MESSAGE][PASSED] - Browser is opened with url: 'https://www.google.com/'

2024-08-20 23:16:41 - [TEST_STEP][PASSED] - driver = getWebDriver(): null

2024-08-20 23:16:41 - [TEST_STEP][PASSED] - baseUrl = "https://www.google.com/": null

2024-08-20 23:16:41 - [TEST_STEP][PASSED] - selenium = new com.thoughtworks.selenium.webdriven.WebDriverBackedSelenium(driver, baseUrl): null

2024-08-20 23:16:41 - [TEST_STEP][PASSED] - println("Begin Test: MaximumAmountErrorPC"): null

2024-08-20 23:16:41 - [TEST_STEP][PASSED] - emulatorURL = urlEmulator: null

2024-08-20 23:16:41 - [TEST_STEP][PASSED] - selenium.open(emulatorURL): null

2024-08-20 23:16:41 - [TEST_STEP][PASSED] - selenium.selectWindow("null"): null

2024-08-20 23:16:41 - [TEST_STEP][PASSED] - selenium.select("name=message_version", "label=2.3"): null

2024-08-20 23:16:42 - [TEST_STEP][PASSED] - selenium.waitForPageToLoad("30000"): null

2024-08-20 23:16:42 - [TEST_STEP][PASSED] - selenium.type("name=amount", 00".toString()): null

2024-08-20 23:16:42 - [TEST_STEP][PASSED] - selenium.type("name=client_account_number", "CAN12345"): null

2024-08-20 23:16:42 - [TEST_STEP][PASSED] - selenium.type("name=action_type", "PayNow"): null

2024-08-20 23:16:42 - [TEST_STEP][PASSED] - selenium.type("name=language", "en_US"): null

2024-08-20 23:16:42 - [TEST_STEP][PASSED] - selenium.type("name=billing_firstname", "Mandy"): null

2024-08-20 23:16:43 - [TEST_STEP][PASSED] - selenium.type("name=billing_lastname", "Iguera"): null

2024-08-20 23:16:43 - [TEST_STEP][PASSED] - selenium.type("name=billing_address", "56 World Center Drive".toString()): null

2024-08-20 23:16:43 - [TEST_STEP][PASSED] - selenium.type("name=billing_address2", "Suite 600".toString()): null

2024-08-20 23:16:43 - [TEST_STEP][PASSED] - selenium.type("name=billing_country_id", "840"): null

2024-08-20 23:16:43 - [TEST_STEP][PASSED] - selenium.type("name=billing_city", "Orlando"): null

2024-08-20 23:16:43 - [TEST_STEP][PASSED] - selenium.type("name=billing_state", "NH"): null

2024-08-20 23:16:43 - [TEST_STEP][PASSED] - selenium.type("name=billing_zip", "03106"): null

2024-08-20 23:16:43 - [TEST_STEP][PASSED] - selenium.type("name=order_number", "PPPPOOOO"): null

2024-08-20 23:16:43 - [TEST_STEP][PASSED] - selenium.type("name=user_defined1", "udf1"): null

2024-08-20 23:16:43 - [TEST_STEP][PASSED] - selenium.type("name=user_defined2", "udf2"): null

2024-08-20 23:16:43 - [TEST_STEP][PASSED] - selenium.type("name=user_defined3", "udf3"): null

2024-08-20 23:16:43 - [TEST_STEP][PASSED] - selenium.type("name=user_defined4", "Orange Label".toString()): null

2024-08-20 23:16:43 - [TEST_STEP][PASSED] - selenium.type("name=user_defined5", "Soccer Label".toString()): null

2024-08-20 23:16:43 - [TEST_STEP][PASSED] - selenium.click("name=submit"): null

2024-08-20 23:16:43 - [TEST_STEP][PASSED] - selenium.waitForPageToLoad("30000"): null

2024-08-20 23:16:44 - [TEST_STEP][PASSED] - Thread.sleep(2000): null

2024-08-20 23:16:46 - [TEST_STEP][PASSED] - testHarnessURL = urlTestHarness: null

2024-08-20 23:16:46 - [TEST_STEP][PASSED] - selenium.open(testHarnessURL): null

2024-08-20 23:16:46 - [TEST_STEP][PASSED] - selenium.type("name=application_id", "635"): null

2024-08-20 23:16:46 - [TEST_STEP][PASSED] - selenium.type("name=message_version", 3".toString()): null

2024-08-20 23:16:46 - [TEST_STEP][PASSED] - genRemIDVoid = RandomStringUtils.random(12, true, true): null

2024-08-20 23:16:46 - [TEST_STEP][PASSED] - selenium.type("name=remittance_id", genRemIDVoid): null

2024-08-20 23:16:46 - [TEST_STEP][PASSED] - selenium.click("css=input.formSubmit"): null

2024-08-20 23:16:47 - [TEST_STEP][PASSED] - selenium.waitForPageToLoad("30000"): null

2024-08-20 23:16:48 - [TEST_STEP][PASSED] - selenium.click("xpath=(//input[@name='paymentMethod'])[2]"): null

2024-08-20 23:16:48 - [TEST_STEP][PASSED] - selenium.click("css=input[type="submit"]"): null

2024-08-20 23:16:49 - [TEST_STEP][PASSED] - selenium.waitForPageToLoad("30000"): null

2024-08-20 23:16:49 - [TEST_STEP][PASSED] - selenium.type("name=amount", 00".toString()): null

2024-08-20 23:16:49 - [TEST_STEP][PASSED] - selenium.type("name=userDefined2", ""): null

2024-08-20 23:16:49 - [TEST_STEP][PASSED] - selenium.type("name=userDefined3", "udf3 data".toString()): null

2024-08-20 23:16:49 - [TEST_STEP][PASSED] - selenium.select("name=variableField4DropdownGroupItemID", "--Select One--"): null

2024-08-20 23:16:50 - [TEST_STEP][PASSED] - selenium.select("name=variableField5DropdownGroupItemID", "label=Tennis"): null

2024-08-20 23:16:50 - [TEST_STEP][PASSED] - selenium.type("name=billingFirstname", "Mike"): null

2024-08-20 23:16:50 - [TEST_STEP][PASSED] - selenium.type("name=billingLastname", "Chingiti"): null

2024-08-20 23:16:50 - [TEST_STEP][PASSED] - selenium.type("id=routingNumber", "256072691"): null

2024-08-20 23:16:50 - [TEST_STEP][PASSED] - selenium.type("id=accountNumber", "11111111"): null

2024-08-20 23:16:50 - [TEST_STEP][PASSED] - selenium.type("id=confirmAccountNumber", "11111111"): null

2024-08-20 23:16:50 - [TEST_STEP][PASSED] - selenium.click("name=accountType"): null

2024-08-20 23:16:50 - [TEST_STEP][PASSED] - selenium.type("name=billingAddress", "104 main road".toString()): null

2024-08-20 23:16:50 - [TEST_STEP][PASSED] - selenium.type("name=billingAddress2", ""): null

2024-08-20 23:16:50 - [TEST_STEP][PASSED] - selenium.type("id=billing-zip-input", "22201"): null

2024-08-20 23:16:50 - [TEST_STEP][PASSED] - selenium.click("id=checkedAcceptCondition"): null

2024-08-20 23:16:50 - [TEST_STEP][PASSED] - selenium.click("name=achSubmit"): null

2024-08-20 23:16:51 - [TEST_STEP][PASSED] - selenium.waitForPageToLoad("30000"): null

2024-08-20 23:16:51 - [TEST_STEP][PASSED] - verifyTextPresent("Amount is greater than maximum", true): Text 'Amount is greater than maximum' is present on page  using regular expression

2024-08-20 23:16:52 - [MESSAGE][PASSED] - Text 'Amount is greater than maximum' is present on page  using regular expression

2024-08-20 23:16:52 - [TEST_STEP][PASSED] - println("End Test: MaximumAmountErrorPC"): null]]></system-out>
         <system-err><![CDATA[]]></system-err>
      </testcase>
      <testcase name="Test Cases/IntegratedWeb/IWP23-SelIDE/MinimumAmountErrorCC" time="15.516" classname="Test Cases/IntegratedWeb/IWP23-SelIDE/MinimumAmountErrorCC" status="PASSED">
         <system-out><![CDATA[2024-08-20 23:16:52 - [TEST_CASE][PASSED] - Test Cases/IntegratedWeb/IWP23-SelIDE/MinimumAmountErrorCC: Test Cases/IntegratedWeb/IWP23-SelIDE/MinimumAmountErrorCC

2024-08-20 23:16:53 - [TEST_STEP][PASSED] - softAssertion = new org.testng.asserts.SoftAssert(): null

2024-08-20 23:16:53 - [TEST_STEP][PASSED] - openBrowser("https://www.google.com/"): Browser is opened with url: 'https://www.google.com/'

2024-08-20 23:16:53 - [MESSAGE][WARNING] - A browser is already opened. Closing browser and opening a new one

2024-08-20 23:16:54 - [MESSAGE][INFO] - Starting 'Chrome' driver

2024-08-20 23:16:54 - [MESSAGE][INFO] - User set preference: ['acceptInsecureCerts', 'true']

2024-08-20 23:16:54 - [MESSAGE][INFO] - Action delay is set to 0 milliseconds

2024-08-20 23:16:57 - [MESSAGE][PASSED] - Browser is opened with url: 'https://www.google.com/'

2024-08-20 23:16:57 - [TEST_STEP][PASSED] - driver = getWebDriver(): null

2024-08-20 23:16:57 - [TEST_STEP][PASSED] - baseUrl = "https://www.google.com/": null

2024-08-20 23:16:57 - [TEST_STEP][PASSED] - selenium = new com.thoughtworks.selenium.webdriven.WebDriverBackedSelenium(driver, baseUrl): null

2024-08-20 23:16:57 - [TEST_STEP][PASSED] - println("Begin Test: MinimumAmountErrorCC"): null

2024-08-20 23:16:57 - [TEST_STEP][PASSED] - emulatorURL = urlEmulator: null

2024-08-20 23:16:57 - [TEST_STEP][PASSED] - selenium.open(emulatorURL): null

2024-08-20 23:16:57 - [TEST_STEP][PASSED] - selenium.selectWindow("null"): null

2024-08-20 23:16:57 - [TEST_STEP][PASSED] - selenium.select("name=message_version", "label=2.3"): null

2024-08-20 23:16:57 - [TEST_STEP][PASSED] - selenium.waitForPageToLoad("30000"): null

2024-08-20 23:16:58 - [TEST_STEP][PASSED] - selenium.type("name=amount", 00".toString()): null

2024-08-20 23:16:58 - [TEST_STEP][PASSED] - selenium.type("name=client_account_number", "CAN12345"): null

2024-08-20 23:16:58 - [TEST_STEP][PASSED] - selenium.type("name=action_type", "PayNow"): null

2024-08-20 23:16:58 - [TEST_STEP][PASSED] - selenium.type("name=language", "en_US"): null

2024-08-20 23:16:58 - [TEST_STEP][PASSED] - selenium.type("name=billing_firstname", "Mandy"): null

2024-08-20 23:16:58 - [TEST_STEP][PASSED] - selenium.type("name=billing_lastname", "Iguera"): null

2024-08-20 23:16:58 - [TEST_STEP][PASSED] - selenium.type("name=billing_address", "56 World Center Drive".toString()): null

2024-08-20 23:16:58 - [TEST_STEP][PASSED] - selenium.type("name=billing_address2", "Suite 600".toString()): null

2024-08-20 23:16:58 - [TEST_STEP][PASSED] - selenium.type("name=billing_country_id", "840"): null

2024-08-20 23:16:58 - [TEST_STEP][PASSED] - selenium.type("name=billing_city", "Orlando"): null

2024-08-20 23:16:58 - [TEST_STEP][PASSED] - selenium.type("name=billing_state", "NH"): null

2024-08-20 23:16:58 - [TEST_STEP][PASSED] - selenium.type("name=billing_zip", "03106"): null

2024-08-20 23:16:58 - [TEST_STEP][PASSED] - selenium.type("name=order_number", "PPPPOOOO"): null

2024-08-20 23:16:58 - [TEST_STEP][PASSED] - selenium.type("name=user_defined1", "udf1"): null

2024-08-20 23:16:58 - [TEST_STEP][PASSED] - selenium.type("name=user_defined2", "udf2"): null

2024-08-20 23:16:59 - [TEST_STEP][PASSED] - selenium.type("name=user_defined3", "udf3"): null

2024-08-20 23:16:59 - [TEST_STEP][PASSED] - selenium.type("name=user_defined4", "Orange Label".toString()): null

2024-08-20 23:16:59 - [TEST_STEP][PASSED] - selenium.type("name=user_defined5", "Soccer Label".toString()): null

2024-08-20 23:16:59 - [TEST_STEP][PASSED] - selenium.click("name=submit"): null

2024-08-20 23:16:59 - [TEST_STEP][PASSED] - selenium.waitForPageToLoad("30000"): null

2024-08-20 23:16:59 - [TEST_STEP][PASSED] - Thread.sleep(2000): null

2024-08-20 23:17:01 - [TEST_STEP][PASSED] - testHarnessURL = urlTestHarness: null

2024-08-20 23:17:01 - [TEST_STEP][PASSED] - selenium.open(testHarnessURL): null

2024-08-20 23:17:02 - [TEST_STEP][PASSED] - selenium.type("name=application_id", "635"): null

2024-08-20 23:17:02 - [TEST_STEP][PASSED] - selenium.type("name=message_version", 3".toString()): null

2024-08-20 23:17:02 - [TEST_STEP][PASSED] - genRemIDVoid = RandomStringUtils.random(12, true, true): null

2024-08-20 23:17:02 - [TEST_STEP][PASSED] - selenium.type("name=remittance_id", genRemIDVoid): null

2024-08-20 23:17:02 - [TEST_STEP][PASSED] - selenium.click("css=input.formSubmit"): null

2024-08-20 23:17:03 - [TEST_STEP][PASSED] - selenium.waitForPageToLoad("30000"): null

2024-08-20 23:17:03 - [TEST_STEP][PASSED] - selenium.selectWindow("null"): null

2024-08-20 23:17:03 - [TEST_STEP][PASSED] - selenium.click("name=paymentMethod"): null

2024-08-20 23:17:03 - [TEST_STEP][PASSED] - selenium.click("css=input[type="submit"]"): null

2024-08-20 23:17:04 - [TEST_STEP][PASSED] - selenium.waitForPageToLoad("30000"): null

2024-08-20 23:17:05 - [TEST_STEP][PASSED] - selenium.type("name=amount", 00".toString()): null

2024-08-20 23:17:05 - [TEST_STEP][PASSED] - selenium.type("name=userDefined2", "udf2 new".toString()): null

2024-08-20 23:17:05 - [TEST_STEP][PASSED] - selenium.type("name=userDefined3", "udf3 new".toString()): null

2024-08-20 23:17:05 - [TEST_STEP][PASSED] - selenium.select("name=variableField4DropdownGroupItemID", "label=Purple"): null

2024-08-20 23:17:05 - [TEST_STEP][PASSED] - selenium.select("name=variableField5DropdownGroupItemID", "label=Soccer"): null

2024-08-20 23:17:05 - [TEST_STEP][PASSED] - selenium.type("name=billingName", "Rosa Eliver".toString()): null

2024-08-20 23:17:05 - [TEST_STEP][PASSED] - selenium.type("id=cardNumber", "4111111111111111"): null

2024-08-20 23:17:05 - [TEST_STEP][PASSED] - selenium.type("id=spc", "123"): null

2024-08-20 23:17:05 - [TEST_STEP][PASSED] - selenium.select("name=cardExpMonth", "label=02"): null

2024-08-20 23:17:05 - [TEST_STEP][PASSED] - selenium.select("name=cardExpYear", "label=2028"): null

2024-08-20 23:17:05 - [TEST_STEP][PASSED] - selenium.type("name=billingAddress", "55 Nolan Drive".toString()): null

2024-08-20 23:17:05 - [TEST_STEP][PASSED] - selenium.type("name=billingAddress2", "Unit 2".toString()): null

2024-08-20 23:17:05 - [TEST_STEP][PASSED] - selenium.type("id=billing-zip-input", "22201"): null

2024-08-20 23:17:06 - [TEST_STEP][PASSED] - selenium.type("name=emailAddress", com".toString()): null

2024-08-20 23:17:06 - [TEST_STEP][PASSED] - selenium.click("id=checkedAcceptCondition"): null

2024-08-20 23:17:06 - [TEST_STEP][PASSED] - selenium.click("name=ccSubmit"): null

2024-08-20 23:17:06 - [TEST_STEP][PASSED] - selenium.waitForPageToLoad("30000"): null

2024-08-20 23:17:07 - [TEST_STEP][PASSED] - verifyTextPresent("Amount is less than minimum", true): Text 'Amount is less than minimum' is present on page  using regular expression

2024-08-20 23:17:07 - [MESSAGE][PASSED] - Text 'Amount is less than minimum' is present on page  using regular expression

2024-08-20 23:17:07 - [TEST_STEP][PASSED] - println("End Test: MinimumAmountErrorCC"): null]]></system-out>
         <system-err><![CDATA[]]></system-err>
      </testcase>
      <testcase name="Test Cases/IntegratedWeb/IWP23-SelIDE/MinimumAmountErrorPC" time="16.213" classname="Test Cases/IntegratedWeb/IWP23-SelIDE/MinimumAmountErrorPC" status="PASSED">
         <system-out><![CDATA[2024-08-20 23:17:07 - [TEST_CASE][PASSED] - Test Cases/IntegratedWeb/IWP23-SelIDE/MinimumAmountErrorPC: Test Cases/IntegratedWeb/IWP23-SelIDE/MinimumAmountErrorPC

2024-08-20 23:17:08 - [TEST_STEP][PASSED] - softAssertion = new org.testng.asserts.SoftAssert(): null

2024-08-20 23:17:08 - [TEST_STEP][PASSED] - openBrowser("https://www.google.com/"): Browser is opened with url: 'https://www.google.com/'

2024-08-20 23:17:08 - [MESSAGE][WARNING] - A browser is already opened. Closing browser and opening a new one

2024-08-20 23:17:09 - [MESSAGE][INFO] - Starting 'Chrome' driver

2024-08-20 23:17:09 - [MESSAGE][INFO] - User set preference: ['acceptInsecureCerts', 'true']

2024-08-20 23:17:09 - [MESSAGE][INFO] - Action delay is set to 0 milliseconds

2024-08-20 23:17:12 - [MESSAGE][PASSED] - Browser is opened with url: 'https://www.google.com/'

2024-08-20 23:17:12 - [TEST_STEP][PASSED] - driver = getWebDriver(): null

2024-08-20 23:17:12 - [TEST_STEP][PASSED] - baseUrl = "https://www.google.com/": null

2024-08-20 23:17:12 - [TEST_STEP][PASSED] - selenium = new com.thoughtworks.selenium.webdriven.WebDriverBackedSelenium(driver, baseUrl): null

2024-08-20 23:17:12 - [TEST_STEP][PASSED] - println("Begin Test: MinimumAmountErrorPC"): null

2024-08-20 23:17:12 - [TEST_STEP][PASSED] - emulatorURL = urlEmulator: null

2024-08-20 23:17:12 - [TEST_STEP][PASSED] - selenium.open(emulatorURL): null

2024-08-20 23:17:13 - [TEST_STEP][PASSED] - selenium.selectWindow("null"): null

2024-08-20 23:17:13 - [TEST_STEP][PASSED] - selenium.select("name=message_version", "label=2.3"): null

2024-08-20 23:17:13 - [TEST_STEP][PASSED] - selenium.waitForPageToLoad("30000"): null

2024-08-20 23:17:14 - [TEST_STEP][PASSED] - selenium.type("name=amount", 00".toString()): null

2024-08-20 23:17:14 - [TEST_STEP][PASSED] - selenium.type("name=client_account_number", "CAN12345"): null

2024-08-20 23:17:14 - [TEST_STEP][PASSED] - selenium.type("name=action_type", "PayNow"): null

2024-08-20 23:17:14 - [TEST_STEP][PASSED] - selenium.type("name=language", "en_US"): null

2024-08-20 23:17:14 - [TEST_STEP][PASSED] - selenium.type("name=billing_firstname", "Mandy"): null

2024-08-20 23:17:14 - [TEST_STEP][PASSED] - selenium.type("name=billing_lastname", "Iguera"): null

2024-08-20 23:17:14 - [TEST_STEP][PASSED] - selenium.type("name=billing_address", "56 World Center Drive".toString()): null

2024-08-20 23:17:14 - [TEST_STEP][PASSED] - selenium.type("name=billing_address2", "Suite 600".toString()): null

2024-08-20 23:17:14 - [TEST_STEP][PASSED] - selenium.type("name=billing_country_id", "840"): null

2024-08-20 23:17:14 - [TEST_STEP][PASSED] - selenium.type("name=billing_city", "Orlando"): null

2024-08-20 23:17:14 - [TEST_STEP][PASSED] - selenium.type("name=billing_state", "NH"): null

2024-08-20 23:17:14 - [TEST_STEP][PASSED] - selenium.type("name=billing_zip", "03106"): null

2024-08-20 23:17:14 - [TEST_STEP][PASSED] - selenium.type("name=order_number", "PPPPOOOO"): null

2024-08-20 23:17:14 - [TEST_STEP][PASSED] - selenium.type("name=user_defined1", "udf1"): null

2024-08-20 23:17:14 - [TEST_STEP][PASSED] - selenium.type("name=user_defined2", "udf2"): null

2024-08-20 23:17:14 - [TEST_STEP][PASSED] - selenium.type("name=user_defined3", "udf3"): null

2024-08-20 23:17:14 - [TEST_STEP][PASSED] - selenium.type("name=user_defined4", "Orange Label".toString()): null

2024-08-20 23:17:14 - [TEST_STEP][PASSED] - selenium.type("name=user_defined5", "Soccer Label".toString()): null

2024-08-20 23:17:14 - [TEST_STEP][PASSED] - selenium.click("name=submit"): null

2024-08-20 23:17:15 - [TEST_STEP][PASSED] - selenium.waitForPageToLoad("30000"): null

2024-08-20 23:17:15 - [TEST_STEP][PASSED] - Thread.sleep(2000): null

2024-08-20 23:17:17 - [TEST_STEP][PASSED] - testHarnessURL = urlTestHarness: null

2024-08-20 23:17:17 - [TEST_STEP][PASSED] - selenium.open(testHarnessURL): null

2024-08-20 23:17:17 - [TEST_STEP][PASSED] - selenium.type("name=application_id", "635"): null

2024-08-20 23:17:18 - [TEST_STEP][PASSED] - selenium.type("name=message_version", 3".toString()): null

2024-08-20 23:17:18 - [TEST_STEP][PASSED] - genRemIDVoid = RandomStringUtils.random(12, true, true): null

2024-08-20 23:17:18 - [TEST_STEP][PASSED] - selenium.type("name=remittance_id", genRemIDVoid): null

2024-08-20 23:17:18 - [TEST_STEP][PASSED] - selenium.click("css=input.formSubmit"): null

2024-08-20 23:17:18 - [TEST_STEP][PASSED] - selenium.waitForPageToLoad("30000"): null

2024-08-20 23:17:19 - [TEST_STEP][PASSED] - selenium.click("xpath=(//input[@name='paymentMethod'])[2]"): null

2024-08-20 23:17:19 - [TEST_STEP][PASSED] - selenium.click("css=input[type="submit"]"): null

2024-08-20 23:17:20 - [TEST_STEP][PASSED] - selenium.waitForPageToLoad("30000"): null

2024-08-20 23:17:21 - [TEST_STEP][PASSED] - selenium.type("name=amount", 00".toString()): null

2024-08-20 23:17:21 - [TEST_STEP][PASSED] - selenium.type("name=userDefined2", ""): null

2024-08-20 23:17:21 - [TEST_STEP][PASSED] - selenium.type("name=userDefined3", "udf3 data".toString()): null

2024-08-20 23:17:21 - [TEST_STEP][PASSED] - selenium.select("name=variableField4DropdownGroupItemID", "--Select One--"): null

2024-08-20 23:17:21 - [TEST_STEP][PASSED] - selenium.select("name=variableField5DropdownGroupItemID", "label=Tennis"): null

2024-08-20 23:17:21 - [TEST_STEP][PASSED] - selenium.type("name=billingFirstname", "Mike"): null

2024-08-20 23:17:21 - [TEST_STEP][PASSED] - selenium.type("name=billingLastname", "Chingiti"): null

2024-08-20 23:17:21 - [TEST_STEP][PASSED] - selenium.type("id=routingNumber", "256072691"): null

2024-08-20 23:17:21 - [TEST_STEP][PASSED] - selenium.type("id=accountNumber", "11111111"): null

2024-08-20 23:17:22 - [TEST_STEP][PASSED] - selenium.type("id=confirmAccountNumber", "11111111"): null

2024-08-20 23:17:22 - [TEST_STEP][PASSED] - selenium.click("name=accountType"): null

2024-08-20 23:17:22 - [TEST_STEP][PASSED] - selenium.type("name=billingAddress", "104 main road".toString()): null

2024-08-20 23:17:22 - [TEST_STEP][PASSED] - selenium.type("name=billingAddress2", ""): null

2024-08-20 23:17:22 - [TEST_STEP][PASSED] - selenium.type("id=billing-zip-input", "22201"): null

2024-08-20 23:17:22 - [TEST_STEP][PASSED] - selenium.click("id=checkedAcceptCondition"): null

2024-08-20 23:17:22 - [TEST_STEP][PASSED] - selenium.click("name=achSubmit"): null

2024-08-20 23:17:23 - [TEST_STEP][PASSED] - selenium.waitForPageToLoad("30000"): null

2024-08-20 23:17:23 - [TEST_STEP][PASSED] - verifyTextPresent("Amount is less than minimum", true): Text 'Amount is less than minimum' is present on page  using regular expression

2024-08-20 23:17:24 - [MESSAGE][PASSED] - Text 'Amount is less than minimum' is present on page  using regular expression

2024-08-20 23:17:24 - [TEST_STEP][PASSED] - println("End Test: MinimumAmountErrorPC"): null]]></system-out>
         <system-err><![CDATA[]]></system-err>
      </testcase>
      <testcase name="Test Cases/IntegratedWeb/IWP23-SelIDE/MissingReqFieldsPC" time="19.258" classname="Test Cases/IntegratedWeb/IWP23-SelIDE/MissingReqFieldsPC" status="PASSED">
         <system-out><![CDATA[2024-08-20 23:17:24 - [TEST_CASE][PASSED] - Test Cases/IntegratedWeb/IWP23-SelIDE/MissingReqFieldsPC: Test Cases/IntegratedWeb/IWP23-SelIDE/MissingReqFieldsPC

2024-08-20 23:17:24 - [TEST_STEP][PASSED] - softAssertion = new org.testng.asserts.SoftAssert(): null

2024-08-20 23:17:24 - [TEST_STEP][PASSED] - openBrowser("https://www.google.com/"): Browser is opened with url: 'https://www.google.com/'

2024-08-20 23:17:24 - [MESSAGE][WARNING] - A browser is already opened. Closing browser and opening a new one

2024-08-20 23:17:26 - [MESSAGE][INFO] - Starting 'Chrome' driver

2024-08-20 23:17:26 - [MESSAGE][INFO] - User set preference: ['acceptInsecureCerts', 'true']

2024-08-20 23:17:26 - [MESSAGE][INFO] - Action delay is set to 0 milliseconds

2024-08-20 23:17:29 - [MESSAGE][PASSED] - Browser is opened with url: 'https://www.google.com/'

2024-08-20 23:17:29 - [TEST_STEP][PASSED] - driver = getWebDriver(): null

2024-08-20 23:17:29 - [TEST_STEP][PASSED] - baseUrl = "https://www.google.com/": null

2024-08-20 23:17:29 - [TEST_STEP][PASSED] - selenium = new com.thoughtworks.selenium.webdriven.WebDriverBackedSelenium(driver, baseUrl): null

2024-08-20 23:17:29 - [TEST_STEP][PASSED] - println("Begin Test: MissingReqFieldsPC"): null

2024-08-20 23:17:29 - [TEST_STEP][PASSED] - emulatorURL = urlEmulator: null

2024-08-20 23:17:29 - [TEST_STEP][PASSED] - selenium.open(emulatorURL): null

2024-08-20 23:17:29 - [TEST_STEP][PASSED] - selenium.selectWindow("null"): null

2024-08-20 23:17:29 - [TEST_STEP][PASSED] - selenium.select("name=message_version", "label=2.3"): null

2024-08-20 23:17:30 - [TEST_STEP][PASSED] - selenium.waitForPageToLoad("30000"): null

2024-08-20 23:17:30 - [TEST_STEP][PASSED] - selenium.type("name=amount", 00".toString()): null

2024-08-20 23:17:30 - [TEST_STEP][PASSED] - selenium.type("name=client_account_number", "CAN12345"): null

2024-08-20 23:17:30 - [TEST_STEP][PASSED] - selenium.type("name=action_type", "PayNow"): null

2024-08-20 23:17:30 - [TEST_STEP][PASSED] - selenium.type("name=language", "en_US"): null

2024-08-20 23:17:30 - [TEST_STEP][PASSED] - selenium.type("name=billing_firstname", "Mandy"): null

2024-08-20 23:17:30 - [TEST_STEP][PASSED] - selenium.type("name=billing_lastname", "Iguera"): null

2024-08-20 23:17:30 - [TEST_STEP][PASSED] - selenium.type("name=billing_address", "56 World Center Drive".toString()): null

2024-08-20 23:17:30 - [TEST_STEP][PASSED] - selenium.type("name=billing_address2", "Suite 600".toString()): null

2024-08-20 23:17:30 - [TEST_STEP][PASSED] - selenium.type("name=billing_country_id", "840"): null

2024-08-20 23:17:31 - [TEST_STEP][PASSED] - selenium.type("name=billing_city", "Orlando"): null

2024-08-20 23:17:31 - [TEST_STEP][PASSED] - selenium.type("name=billing_state", "NH"): null

2024-08-20 23:17:31 - [TEST_STEP][PASSED] - selenium.type("name=billing_zip", "03106"): null

2024-08-20 23:17:31 - [TEST_STEP][PASSED] - selenium.type("name=order_number", "PPPPOOOO"): null

2024-08-20 23:17:31 - [TEST_STEP][PASSED] - selenium.type("name=user_defined1", "udf1"): null

2024-08-20 23:17:31 - [TEST_STEP][PASSED] - selenium.type("name=user_defined2", "udf2"): null

2024-08-20 23:17:31 - [TEST_STEP][PASSED] - selenium.type("name=user_defined3", "udf3"): null

2024-08-20 23:17:31 - [TEST_STEP][PASSED] - selenium.type("name=user_defined4", "Orange Label".toString()): null

2024-08-20 23:17:31 - [TEST_STEP][PASSED] - selenium.type("name=user_defined5", "Soccer Label".toString()): null

2024-08-20 23:17:31 - [TEST_STEP][PASSED] - selenium.click("name=submit"): null

2024-08-20 23:17:31 - [TEST_STEP][PASSED] - selenium.waitForPageToLoad("30000"): null

2024-08-20 23:17:32 - [TEST_STEP][PASSED] - Thread.sleep(2000): null

2024-08-20 23:17:34 - [TEST_STEP][PASSED] - testHarnessURL = urlTestHarness: null

2024-08-20 23:17:34 - [TEST_STEP][PASSED] - selenium.open(testHarnessURL): null

2024-08-20 23:17:34 - [TEST_STEP][PASSED] - selenium.type("name=application_id", "635"): null

2024-08-20 23:17:34 - [TEST_STEP][PASSED] - selenium.type("name=message_version", 3".toString()): null

2024-08-20 23:17:34 - [TEST_STEP][PASSED] - genRemIDVoid = RandomStringUtils.random(12, true, true): null

2024-08-20 23:17:34 - [TEST_STEP][PASSED] - selenium.type("name=remittance_id", genRemIDVoid): null

2024-08-20 23:17:34 - [TEST_STEP][PASSED] - selenium.click("css=input.formSubmit"): null

2024-08-20 23:17:35 - [TEST_STEP][PASSED] - selenium.waitForPageToLoad("30000"): null

2024-08-20 23:17:36 - [TEST_STEP][PASSED] - selenium.click("xpath=(//input[@name='paymentMethod'])[2]"): null

2024-08-20 23:17:36 - [TEST_STEP][PASSED] - selenium.click("css=input[type="submit"]"): null

2024-08-20 23:17:37 - [TEST_STEP][PASSED] - selenium.waitForPageToLoad("30000"): null

2024-08-20 23:17:37 - [TEST_STEP][PASSED] - selenium.type("name=amount", ""): null

2024-08-20 23:17:37 - [TEST_STEP][PASSED] - selenium.type("name=userDefined2", "udf2 data".toString()): null

2024-08-20 23:17:37 - [TEST_STEP][PASSED] - selenium.type("name=userDefined3", ""): null

2024-08-20 23:17:38 - [TEST_STEP][PASSED] - selenium.select("name=variableField4DropdownGroupItemID", "label=Purple"): null

2024-08-20 23:17:38 - [TEST_STEP][PASSED] - selenium.select("name=variableField5DropdownGroupItemID", "--Select One--"): null

2024-08-20 23:17:38 - [TEST_STEP][PASSED] - selenium.type("name=billingFirstname", ""): null

2024-08-20 23:17:38 - [TEST_STEP][PASSED] - selenium.type("name=billingLastname", ""): null

2024-08-20 23:17:38 - [TEST_STEP][PASSED] - selenium.type("id=routingNumber", ""): null

2024-08-20 23:17:38 - [TEST_STEP][PASSED] - selenium.type("id=accountNumber", ""): null

2024-08-20 23:17:38 - [TEST_STEP][PASSED] - selenium.type("id=confirmAccountNumber", ""): null

2024-08-20 23:17:38 - [TEST_STEP][PASSED] - selenium.type("name=billingAddress", ""): null

2024-08-20 23:17:38 - [TEST_STEP][PASSED] - selenium.type("name=billingAddress2", "Room 1".toString()): null

2024-08-20 23:17:38 - [TEST_STEP][PASSED] - selenium.type("id=billing-zip-input", ""): null

2024-08-20 23:17:38 - [TEST_STEP][PASSED] - selenium.type("name=emailAddress", com".toString()): null

2024-08-20 23:17:38 - [TEST_STEP][PASSED] - selenium.click("name=achSubmit"): null

2024-08-20 23:17:39 - [TEST_STEP][PASSED] - selenium.waitForPageToLoad("30000"): null

2024-08-20 23:17:39 - [TEST_STEP][PASSED] - verifyTextPresent("Required fields are highlighted with an asterisk", true): Text 'Required fields are highlighted with an asterisk' is present on page  using regular expression

2024-08-20 23:17:39 - [MESSAGE][PASSED] - Text 'Required fields are highlighted with an asterisk' is present on page  using regular expression

2024-08-20 23:17:39 - [TEST_STEP][PASSED] - verifyTextPresent("Amount is required", true): Text 'Amount is required' is present on page  using regular expression

2024-08-20 23:17:40 - [MESSAGE][PASSED] - Text 'Amount is required' is present on page  using regular expression

2024-08-20 23:17:40 - [TEST_STEP][PASSED] - verifyTextPresent("UDF3 Label is required", true): Text 'UDF3 Label is required' is present on page  using regular expression

2024-08-20 23:17:40 - [MESSAGE][PASSED] - Text 'UDF3 Label is required' is present on page  using regular expression

2024-08-20 23:17:40 - [TEST_STEP][PASSED] - verifyTextPresent("UDF5 Label is required", true): Text 'UDF5 Label is required' is present on page  using regular expression

2024-08-20 23:17:40 - [MESSAGE][PASSED] - Text 'UDF5 Label is required' is present on page  using regular expression

2024-08-20 23:17:40 - [TEST_STEP][PASSED] - verifyTextPresent("First name is required", true): Text 'First name is required' is present on page  using regular expression

2024-08-20 23:17:41 - [MESSAGE][PASSED] - Text 'First name is required' is present on page  using regular expression

2024-08-20 23:17:41 - [TEST_STEP][PASSED] - verifyTextPresent("Last name is required", true): Text 'Last name is required' is present on page  using regular expression

2024-08-20 23:17:41 - [MESSAGE][PASSED] - Text 'Last name is required' is present on page  using regular expression

2024-08-20 23:17:41 - [TEST_STEP][PASSED] - verifyTextPresent("Account number is required", true): Text 'Account number is required' is present on page  using regular expression

2024-08-20 23:17:41 - [MESSAGE][PASSED] - Text 'Account number is required' is present on page  using regular expression

2024-08-20 23:17:41 - [TEST_STEP][PASSED] - verifyTextPresent("The Confirm Account Number field is a required field", true): Text 'The Confirm Account Number field is a required field' is present on page  using regular expression

2024-08-20 23:17:42 - [MESSAGE][PASSED] - Text 'The Confirm Account Number field is a required field' is present on page  using regular expression

2024-08-20 23:17:42 - [TEST_STEP][PASSED] - verifyTextPresent("Account type is required", true): Text 'Account type is required' is present on page  using regular expression

2024-08-20 23:17:42 - [MESSAGE][PASSED] - Text 'Account type is required' is present on page  using regular expression

2024-08-20 23:17:42 - [TEST_STEP][PASSED] - verifyTextPresent("Address Line 1 is required", true): Text 'Address Line 1 is required' is present on page  using regular expression

2024-08-20 23:17:42 - [MESSAGE][PASSED] - Text 'Address Line 1 is required' is present on page  using regular expression

2024-08-20 23:17:42 - [TEST_STEP][PASSED] - verifyTextPresent("ZIP Code is required", true): Text 'ZIP Code is required' is present on page  using regular expression

2024-08-20 23:17:43 - [MESSAGE][PASSED] - Text 'ZIP Code is required' is present on page  using regular expression

2024-08-20 23:17:43 - [TEST_STEP][PASSED] - verifyTextPresent("You must review and accept the ACH terms and conditions in order to process an electronic debit transaction", true): Text 'You must review and accept the ACH terms and conditions in order to process an electronic debit transaction' is present on page  using regular expression

2024-08-20 23:17:43 - [MESSAGE][PASSED] - Text 'You must review and accept the ACH terms and conditions in order to process an electronic debit transaction' is present on page  using regular expression

2024-08-20 23:17:43 - [TEST_STEP][PASSED] - println("End Test: MissingReqFieldsPC"): null]]></system-out>
         <system-err><![CDATA[]]></system-err>
      </testcase>
      <testcase name="Test Cases/IntegratedWeb/IWP23-SelIDE/MissingRequiredFieldsCC" time="17.945" classname="Test Cases/IntegratedWeb/IWP23-SelIDE/MissingRequiredFieldsCC" status="PASSED">
         <system-out><![CDATA[2024-08-20 23:17:43 - [TEST_CASE][PASSED] - Test Cases/IntegratedWeb/IWP23-SelIDE/MissingRequiredFieldsCC: Test Cases/IntegratedWeb/IWP23-SelIDE/MissingRequiredFieldsCC

2024-08-20 23:17:43 - [TEST_STEP][PASSED] - softAssertion = new org.testng.asserts.SoftAssert(): null

2024-08-20 23:17:43 - [TEST_STEP][PASSED] - openBrowser("https://www.google.com/"): Browser is opened with url: 'https://www.google.com/'

2024-08-20 23:17:43 - [MESSAGE][WARNING] - A browser is already opened. Closing browser and opening a new one

2024-08-20 23:17:45 - [MESSAGE][INFO] - Starting 'Chrome' driver

2024-08-20 23:17:45 - [MESSAGE][INFO] - User set preference: ['acceptInsecureCerts', 'true']

2024-08-20 23:17:45 - [MESSAGE][INFO] - Action delay is set to 0 milliseconds

2024-08-20 23:17:47 - [MESSAGE][PASSED] - Browser is opened with url: 'https://www.google.com/'

2024-08-20 23:17:47 - [TEST_STEP][PASSED] - driver = getWebDriver(): null

2024-08-20 23:17:47 - [TEST_STEP][PASSED] - baseUrl = "https://www.google.com/": null

2024-08-20 23:17:47 - [TEST_STEP][PASSED] - selenium = new com.thoughtworks.selenium.webdriven.WebDriverBackedSelenium(driver, baseUrl): null

2024-08-20 23:17:47 - [TEST_STEP][PASSED] - println("Begin Test: MissingRequiredFieldsCC"): null

2024-08-20 23:17:47 - [TEST_STEP][PASSED] - emulatorURL = urlEmulator: null

2024-08-20 23:17:47 - [TEST_STEP][PASSED] - selenium.open(emulatorURL): null

2024-08-20 23:17:48 - [TEST_STEP][PASSED] - selenium.selectWindow("null"): null

2024-08-20 23:17:48 - [TEST_STEP][PASSED] - selenium.select("name=message_version", "label=2.3"): null

2024-08-20 23:17:48 - [TEST_STEP][PASSED] - selenium.waitForPageToLoad("30000"): null

2024-08-20 23:17:49 - [TEST_STEP][PASSED] - selenium.type("name=amount", 00".toString()): null

2024-08-20 23:17:49 - [TEST_STEP][PASSED] - selenium.type("name=client_account_number", "CAN12345"): null

2024-08-20 23:17:49 - [TEST_STEP][PASSED] - selenium.type("name=action_type", "PayNow"): null

2024-08-20 23:17:49 - [TEST_STEP][PASSED] - selenium.type("name=language", "en_US"): null

2024-08-20 23:17:49 - [TEST_STEP][PASSED] - selenium.type("name=billing_firstname", "Mandy"): null

2024-08-20 23:17:49 - [TEST_STEP][PASSED] - selenium.type("name=billing_lastname", "Iguera"): null

2024-08-20 23:17:49 - [TEST_STEP][PASSED] - selenium.type("name=billing_address", "56 World Center Drive".toString()): null

2024-08-20 23:17:49 - [TEST_STEP][PASSED] - selenium.type("name=billing_address2", "Suite 600".toString()): null

2024-08-20 23:17:49 - [TEST_STEP][PASSED] - selenium.type("name=billing_country_id", "840"): null

2024-08-20 23:17:49 - [TEST_STEP][PASSED] - selenium.type("name=billing_city", "Orlando"): null

2024-08-20 23:17:49 - [TEST_STEP][PASSED] - selenium.type("name=billing_state", "NH"): null

2024-08-20 23:17:49 - [TEST_STEP][PASSED] - selenium.type("name=billing_zip", "03106"): null

2024-08-20 23:17:49 - [TEST_STEP][PASSED] - selenium.type("name=order_number", "PPPPOOOO"): null

2024-08-20 23:17:49 - [TEST_STEP][PASSED] - selenium.type("name=user_defined1", "udf1"): null

2024-08-20 23:17:49 - [TEST_STEP][PASSED] - selenium.type("name=user_defined2", "udf2"): null

2024-08-20 23:17:49 - [TEST_STEP][PASSED] - selenium.type("name=user_defined3", "udf3"): null

2024-08-20 23:17:49 - [TEST_STEP][PASSED] - selenium.type("name=user_defined4", "Orange Label".toString()): null

2024-08-20 23:17:49 - [TEST_STEP][PASSED] - selenium.type("name=user_defined5", "Soccer Label".toString()): null

2024-08-20 23:17:50 - [TEST_STEP][PASSED] - selenium.click("name=submit"): null

2024-08-20 23:17:50 - [TEST_STEP][PASSED] - selenium.waitForPageToLoad("30000"): null

2024-08-20 23:17:50 - [TEST_STEP][PASSED] - Thread.sleep(2000): null

2024-08-20 23:17:52 - [TEST_STEP][PASSED] - testHarnessURL = urlTestHarness: null

2024-08-20 23:17:52 - [TEST_STEP][PASSED] - selenium.open(testHarnessURL): null

2024-08-20 23:17:53 - [TEST_STEP][PASSED] - selenium.type("name=application_id", "635"): null

2024-08-20 23:17:53 - [TEST_STEP][PASSED] - selenium.type("name=message_version", 3".toString()): null

2024-08-20 23:17:53 - [TEST_STEP][PASSED] - genRemIDVoid = RandomStringUtils.random(12, true, true): null

2024-08-20 23:17:53 - [TEST_STEP][PASSED] - selenium.type("name=remittance_id", genRemIDVoid): null

2024-08-20 23:17:53 - [TEST_STEP][PASSED] - selenium.click("css=input.formSubmit"): null

2024-08-20 23:17:53 - [TEST_STEP][PASSED] - selenium.waitForPageToLoad("30000"): null

2024-08-20 23:17:54 - [TEST_STEP][PASSED] - selenium.selectWindow("null"): null

2024-08-20 23:17:54 - [TEST_STEP][PASSED] - selenium.click("name=paymentMethod"): null

2024-08-20 23:17:54 - [TEST_STEP][PASSED] - selenium.click("css=input[type="submit"]"): null

2024-08-20 23:17:55 - [TEST_STEP][PASSED] - selenium.waitForPageToLoad("30000"): null

2024-08-20 23:17:56 - [TEST_STEP][PASSED] - selenium.type("name=amount", ""): null

2024-08-20 23:17:56 - [TEST_STEP][PASSED] - selenium.type("name=userDefined2", "udf2 new".toString()): null

2024-08-20 23:17:56 - [TEST_STEP][PASSED] - selenium.type("name=userDefined3", ""): null

2024-08-20 23:17:56 - [TEST_STEP][PASSED] - selenium.select("name=variableField4DropdownGroupItemID", "label=Purple"): null

2024-08-20 23:17:56 - [TEST_STEP][PASSED] - selenium.select("name=variableField5DropdownGroupItemID", "--Select One--"): null

2024-08-20 23:17:56 - [TEST_STEP][PASSED] - selenium.type("name=billingName", ""): null

2024-08-20 23:17:56 - [TEST_STEP][PASSED] - selenium.type("id=cardNumber", ""): null

2024-08-20 23:17:56 - [TEST_STEP][PASSED] - selenium.type("id=spc", ""): null

2024-08-20 23:17:56 - [TEST_STEP][PASSED] - selenium.select("name=cardExpMonth", "label=MM"): null

2024-08-20 23:17:56 - [TEST_STEP][PASSED] - selenium.select("name=cardExpYear", "label=YYYY"): null

2024-08-20 23:17:56 - [TEST_STEP][PASSED] - selenium.type("name=billingAddress", ""): null

2024-08-20 23:17:56 - [TEST_STEP][PASSED] - selenium.type("name=billingAddress2", "Unit 2".toString()): null

2024-08-20 23:17:56 - [TEST_STEP][PASSED] - selenium.type("id=billing-zip-input", ""): null

2024-08-20 23:17:56 - [TEST_STEP][PASSED] - selenium.type("name=emailAddress", com".toString()): null

2024-08-20 23:17:56 - [TEST_STEP][PASSED] - selenium.click("name=ccSubmit"): null

2024-08-20 23:17:57 - [TEST_STEP][PASSED] - selenium.waitForPageToLoad("30000"): null

2024-08-20 23:17:57 - [TEST_STEP][PASSED] - verifyTextPresent("Required fields are highlighted with an asterisk", true): Text 'Required fields are highlighted with an asterisk' is present on page  using regular expression

2024-08-20 23:17:58 - [MESSAGE][PASSED] - Text 'Required fields are highlighted with an asterisk' is present on page  using regular expression

2024-08-20 23:17:58 - [TEST_STEP][PASSED] - verifyTextPresent("Amount is required", true): Text 'Amount is required' is present on page  using regular expression

2024-08-20 23:17:58 - [MESSAGE][PASSED] - Text 'Amount is required' is present on page  using regular expression

2024-08-20 23:17:58 - [TEST_STEP][PASSED] - verifyTextPresent("UDF3 Label is required", true): Text 'UDF3 Label is required' is present on page  using regular expression

2024-08-20 23:17:58 - [MESSAGE][PASSED] - Text 'UDF3 Label is required' is present on page  using regular expression

2024-08-20 23:17:58 - [TEST_STEP][PASSED] - verifyTextPresent("UDF5 Label is required", true): Text 'UDF5 Label is required' is present on page  using regular expression

2024-08-20 23:17:59 - [MESSAGE][PASSED] - Text 'UDF5 Label is required' is present on page  using regular expression

2024-08-20 23:17:59 - [TEST_STEP][PASSED] - verifyTextPresent("Card name is required", true): Text 'Card name is required' is present on page  using regular expression

2024-08-20 23:17:59 - [MESSAGE][PASSED] - Text 'Card name is required' is present on page  using regular expression

2024-08-20 23:17:59 - [TEST_STEP][PASSED] - verifyTextPresent("Card number is required", true): Text 'Card number is required' is present on page  using regular expression

2024-08-20 23:17:59 - [MESSAGE][PASSED] - Text 'Card number is required' is present on page  using regular expression

2024-08-20 23:17:59 - [TEST_STEP][PASSED] - verifyTextPresent("Card Security Code is required", true): Text 'Card Security Code is required' is present on page  using regular expression

2024-08-20 23:18:00 - [MESSAGE][PASSED] - Text 'Card Security Code is required' is present on page  using regular expression

2024-08-20 23:18:00 - [TEST_STEP][PASSED] - verifyTextPresent("Card expiration date is required", true): Text 'Card expiration date is required' is present on page  using regular expression

2024-08-20 23:18:00 - [MESSAGE][PASSED] - Text 'Card expiration date is required' is present on page  using regular expression

2024-08-20 23:18:00 - [TEST_STEP][PASSED] - verifyTextPresent("Card address Line 1 is required", true): Text 'Card address Line 1 is required' is present on page  using regular expression

2024-08-20 23:18:00 - [MESSAGE][PASSED] - Text 'Card address Line 1 is required' is present on page  using regular expression

2024-08-20 23:18:00 - [TEST_STEP][PASSED] - verifyTextPresent("Card ZIP Code is required", true): Text 'Card ZIP Code is required' is present on page  using regular expression

2024-08-20 23:18:00 - [MESSAGE][PASSED] - Text 'Card ZIP Code is required' is present on page  using regular expression

2024-08-20 23:18:00 - [TEST_STEP][PASSED] - verifyTextPresent("You must review and accept the Credit Card terms and conditions in order to process a credit transaction", true): Text 'You must review and accept the Credit Card terms and conditions in order to process a credit transaction' is present on page  using regular expression

2024-08-20 23:18:01 - [MESSAGE][PASSED] - Text 'You must review and accept the Credit Card terms and conditions in order to process a credit transaction' is present on page  using regular expression

2024-08-20 23:18:01 - [TEST_STEP][PASSED] - println("End Test: MissingRequiredFieldsCC"): null]]></system-out>
         <system-err><![CDATA[]]></system-err>
      </testcase>
      <testcase name="Test Cases/IntegratedWeb/IWP23-SelIDE/NoCFModifyCC" time="37.808" classname="Test Cases/IntegratedWeb/IWP23-SelIDE/NoCFModifyCC" status="PASSED">
         <system-out><![CDATA[2024-08-20 23:18:01 - [TEST_CASE][PASSED] - Test Cases/IntegratedWeb/IWP23-SelIDE/NoCFModifyCC: Test Cases/IntegratedWeb/IWP23-SelIDE/NoCFModifyCC

2024-08-20 23:18:01 - [TEST_STEP][PASSED] - softAssertion = new org.testng.asserts.SoftAssert(): null

2024-08-20 23:18:01 - [TEST_STEP][PASSED] - openBrowser("https://www.google.com/"): Browser is opened with url: 'https://www.google.com/'

2024-08-20 23:18:01 - [MESSAGE][WARNING] - A browser is already opened. Closing browser and opening a new one

2024-08-20 23:18:03 - [MESSAGE][INFO] - Starting 'Chrome' driver

2024-08-20 23:18:03 - [MESSAGE][INFO] - User set preference: ['acceptInsecureCerts', 'true']

2024-08-20 23:18:03 - [MESSAGE][INFO] - Action delay is set to 0 milliseconds

2024-08-20 23:18:05 - [MESSAGE][PASSED] - Browser is opened with url: 'https://www.google.com/'

2024-08-20 23:18:05 - [TEST_STEP][PASSED] - driver = getWebDriver(): null

2024-08-20 23:18:05 - [TEST_STEP][PASSED] - baseUrl = "https://www.google.com/": null

2024-08-20 23:18:05 - [TEST_STEP][PASSED] - selenium = new com.thoughtworks.selenium.webdriven.WebDriverBackedSelenium(driver, baseUrl): null

2024-08-20 23:18:05 - [TEST_STEP][PASSED] - println("Begin Test: NoCFModifyCC"): null

2024-08-20 23:18:05 - [TEST_STEP][PASSED] - emulatorURL = urlEmulator: null

2024-08-20 23:18:05 - [TEST_STEP][PASSED] - selenium.open(emulatorURL): null

2024-08-20 23:18:06 - [TEST_STEP][PASSED] - selenium.selectWindow("null"): null

2024-08-20 23:18:06 - [TEST_STEP][PASSED] - selenium.select("name=message_version", "label=2.3"): null

2024-08-20 23:18:06 - [TEST_STEP][PASSED] - selenium.waitForPageToLoad("30000"): null

2024-08-20 23:18:07 - [TEST_STEP][PASSED] - selenium.type("name=amount", 00".toString()): null

2024-08-20 23:18:07 - [TEST_STEP][PASSED] - selenium.type("name=client_account_number", "CAN12345"): null

2024-08-20 23:18:07 - [TEST_STEP][PASSED] - selenium.type("name=action_type", "PayNow"): null

2024-08-20 23:18:07 - [TEST_STEP][PASSED] - selenium.type("name=language", "en_US"): null

2024-08-20 23:18:07 - [TEST_STEP][PASSED] - selenium.type("name=billing_firstname", "Mandy"): null

2024-08-20 23:18:07 - [TEST_STEP][PASSED] - selenium.type("name=billing_lastname", "Iguera"): null

2024-08-20 23:18:07 - [TEST_STEP][PASSED] - selenium.type("name=billing_address", "56 World Center Drive".toString()): null

2024-08-20 23:18:07 - [TEST_STEP][PASSED] - selenium.type("name=billing_address2", "Suite 600".toString()): null

2024-08-20 23:18:07 - [TEST_STEP][PASSED] - selenium.type("name=billing_country_id", "840"): null

2024-08-20 23:18:07 - [TEST_STEP][PASSED] - selenium.type("name=billing_city", "Orlando"): null

2024-08-20 23:18:07 - [TEST_STEP][PASSED] - selenium.type("name=billing_state", "NH"): null

2024-08-20 23:18:07 - [TEST_STEP][PASSED] - selenium.type("name=billing_zip", "03106"): null

2024-08-20 23:18:07 - [TEST_STEP][PASSED] - selenium.type("name=order_number", "PPPPOOOO"): null

2024-08-20 23:18:07 - [TEST_STEP][PASSED] - selenium.type("name=user_defined1", "udf1"): null

2024-08-20 23:18:07 - [TEST_STEP][PASSED] - selenium.type("name=user_defined2", "udf2"): null

2024-08-20 23:18:07 - [TEST_STEP][PASSED] - selenium.type("name=user_defined3", "udf3"): null

2024-08-20 23:18:07 - [TEST_STEP][PASSED] - selenium.type("name=user_defined4", "Orange Label".toString()): null

2024-08-20 23:18:07 - [TEST_STEP][PASSED] - selenium.type("name=user_defined5", "Soccer Label".toString()): null

2024-08-20 23:18:08 - [TEST_STEP][PASSED] - selenium.click("name=submit"): null

2024-08-20 23:18:08 - [TEST_STEP][PASSED] - selenium.waitForPageToLoad("30000"): null

2024-08-20 23:18:08 - [TEST_STEP][PASSED] - testHarnessURL = urlTestHarness: null

2024-08-20 23:18:08 - [TEST_STEP][PASSED] - selenium.open(testHarnessURL): null

2024-08-20 23:18:09 - [TEST_STEP][PASSED] - Thread.sleep(2000): null

2024-08-20 23:18:11 - [TEST_STEP][PASSED] - selenium.type("name=application_id", "635"): null

2024-08-20 23:18:11 - [TEST_STEP][PASSED] - selenium.type("name=message_version", 3".toString()): null

2024-08-20 23:18:11 - [TEST_STEP][PASSED] - genRemIDVoid = RandomStringUtils.random(12, true, true): null

2024-08-20 23:18:11 - [TEST_STEP][PASSED] - selenium.type("name=remittance_id", genRemIDVoid): null

2024-08-20 23:18:11 - [TEST_STEP][PASSED] - selenium.click("css=input.formSubmit"): null

2024-08-20 23:18:11 - [TEST_STEP][PASSED] - selenium.waitForPageToLoad("30000"): null

2024-08-20 23:18:12 - [TEST_STEP][PASSED] - selenium.selectWindow("null"): null

2024-08-20 23:18:12 - [TEST_STEP][PASSED] - selenium.click("name=paymentMethod"): null

2024-08-20 23:18:12 - [TEST_STEP][PASSED] - selenium.click("css=input[type="submit"]"): null

2024-08-20 23:18:13 - [TEST_STEP][PASSED] - selenium.waitForPageToLoad("30000"): null

2024-08-20 23:18:14 - [TEST_STEP][PASSED] - selenium.type("name=amount", 50".toString()): null

2024-08-20 23:18:14 - [TEST_STEP][PASSED] - selenium.type("name=userDefined2", ""): null

2024-08-20 23:18:14 - [TEST_STEP][PASSED] - selenium.type("name=userDefined3", "udf3 new".toString()): null

2024-08-20 23:18:14 - [TEST_STEP][PASSED] - selenium.select("name=variableField4DropdownGroupItemID", "--Select One--"): null

2024-08-20 23:18:14 - [TEST_STEP][PASSED] - selenium.select("name=variableField5DropdownGroupItemID", "label=Tennis"): null

2024-08-20 23:18:14 - [TEST_STEP][PASSED] - selenium.type("name=billingName", "Leslie Howard".toString()): null

2024-08-20 23:18:14 - [TEST_STEP][PASSED] - selenium.type("id=cardNumber", "4111111111111111"): null

2024-08-20 23:18:14 - [TEST_STEP][PASSED] - selenium.type("id=spc", "568"): null

2024-08-20 23:18:14 - [TEST_STEP][PASSED] - selenium.select("name=cardExpMonth", "label=02"): null

2024-08-20 23:18:14 - [TEST_STEP][PASSED] - selenium.select("name=cardExpYear", "label=2028"): null

2024-08-20 23:18:14 - [TEST_STEP][PASSED] - selenium.type("name=billingAddress", "778 Main street".toString()): null

2024-08-20 23:18:14 - [TEST_STEP][PASSED] - selenium.type("name=billingAddress2", ""): null

2024-08-20 23:18:14 - [TEST_STEP][PASSED] - selenium.type("id=billing-zip-input", "22201"): null

2024-08-20 23:18:15 - [TEST_STEP][PASSED] - selenium.type("name=emailAddress", ""): null

2024-08-20 23:18:15 - [TEST_STEP][PASSED] - selenium.click("id=checkedAcceptCondition"): null

2024-08-20 23:18:15 - [TEST_STEP][PASSED] - selenium.click("name=ccSubmit"): null

2024-08-20 23:18:15 - [TEST_STEP][PASSED] - selenium.waitForPageToLoad("30000"): null

2024-08-20 23:18:16 - [TEST_STEP][PASSED] - verifyTextPresent("Please verify the following information:", true): Text 'Please verify the following information:' is present on page  using regular expression

2024-08-20 23:18:16 - [MESSAGE][PASSED] - Text 'Please verify the following information:' is present on page  using regular expression

2024-08-20 23:18:16 - [TEST_STEP][PASSED] - verifyTextPresent("Is this information correct", true): Text 'Is this information correct' is present on page  using regular expression

2024-08-20 23:18:17 - [MESSAGE][PASSED] - Text 'Is this information correct' is present on page  using regular expression

2024-08-20 23:18:17 - [TEST_STEP][PASSED] - verifyTextPresent("udf1", true): Text 'udf1' is present on page  using regular expression

2024-08-20 23:18:17 - [MESSAGE][PASSED] - Text 'udf1' is present on page  using regular expression

2024-08-20 23:18:17 - [TEST_STEP][PASSED] - verifyTextPresent("udf3 new", true): Text 'udf3 new' is present on page  using regular expression

2024-08-20 23:18:17 - [MESSAGE][PASSED] - Text 'udf3 new' is present on page  using regular expression

2024-08-20 23:18:17 - [TEST_STEP][PASSED] - verifyTextPresent("Tennis", true): Text 'Tennis' is present on page  using regular expression

2024-08-20 23:18:17 - [MESSAGE][PASSED] - Text 'Tennis' is present on page  using regular expression

2024-08-20 23:18:17 - [TEST_STEP][PASSED] - verifyTextPresent("Leslie Howard", true): Text 'Leslie Howard' is present on page  using regular expression

2024-08-20 23:18:18 - [MESSAGE][PASSED] - Text 'Leslie Howard' is present on page  using regular expression

2024-08-20 23:18:18 - [TEST_STEP][PASSED] - verifyTextPresent("Visa", true): Text 'Visa' is present on page  using regular expression

2024-08-20 23:18:18 - [MESSAGE][PASSED] - Text 'Visa' is present on page  using regular expression

2024-08-20 23:18:18 - [TEST_STEP][PASSED] - verifyTextPresent("778 Main street", true): Text '778 Main street' is present on page  using regular expression

2024-08-20 23:18:18 - [MESSAGE][PASSED] - Text '778 Main street' is present on page  using regular expression

2024-08-20 23:18:18 - [TEST_STEP][PASSED] - verifyTextPresent("ARLINGTON", true): Text 'ARLINGTON' is present on page  using regular expression

2024-08-20 23:18:18 - [MESSAGE][PASSED] - Text 'ARLINGTON' is present on page  using regular expression

2024-08-20 23:18:18 - [TEST_STEP][PASSED] - verifyTextPresent("Virginia", true): Text 'Virginia' is present on page  using regular expression

2024-08-20 23:18:19 - [MESSAGE][PASSED] - Text 'Virginia' is present on page  using regular expression

2024-08-20 23:18:19 - [TEST_STEP][PASSED] - verifyTextPresent("22201", true): Text '22201' is present on page  using regular expression

2024-08-20 23:18:19 - [MESSAGE][PASSED] - Text '22201' is present on page  using regular expression

2024-08-20 23:18:19 - [TEST_STEP][PASSED] - verifyTextPresent("1111", true): Text '1111' is present on page  using regular expression

2024-08-20 23:18:19 - [MESSAGE][PASSED] - Text '1111' is present on page  using regular expression

2024-08-20 23:18:19 - [TEST_STEP][PASSED] - verifyTextPresent("2/2028", true): Text '2/2028' is present on page  using regular expression

2024-08-20 23:18:19 - [MESSAGE][PASSED] - Text '2/2028' is present on page  using regular expression

2024-08-20 23:18:19 - [TEST_STEP][PASSED] - selenium.click("document.process.confirmNotifyAction[1]"): null

2024-08-20 23:18:20 - [TEST_STEP][PASSED] - selenium.waitForPageToLoad("30000"): null

2024-08-20 23:18:21 - [TEST_STEP][PASSED] - selenium.type("name=amount", 50".toString()): null

2024-08-20 23:18:21 - [TEST_STEP][PASSED] - selenium.type("name=userDefined2", "udf2 modified".toString()): null

2024-08-20 23:18:21 - [TEST_STEP][PASSED] - selenium.type("name=userDefined3", "udf3 modified".toString()): null

2024-08-20 23:18:21 - [TEST_STEP][PASSED] - selenium.select("name=variableField4DropdownGroupItemID", "--Select One--"): null

2024-08-20 23:18:21 - [TEST_STEP][PASSED] - selenium.select("name=variableField5DropdownGroupItemID", "label=Soccer"): null

2024-08-20 23:18:21 - [TEST_STEP][PASSED] - selenium.type("name=billingName", "Mashr Mortaza".toString()): null

2024-08-20 23:18:21 - [TEST_STEP][PASSED] - selenium.type("id=cardNumber", "5424000000000015"): null

2024-08-20 23:18:21 - [TEST_STEP][PASSED] - selenium.type("id=spc", "568"): null

2024-08-20 23:18:21 - [TEST_STEP][PASSED] - selenium.select("name=cardExpMonth", "label=06"): null

2024-08-20 23:18:21 - [TEST_STEP][PASSED] - selenium.select("name=cardExpYear", "label=2029"): null

2024-08-20 23:18:21 - [TEST_STEP][PASSED] - selenium.type("name=billingAddress", "1589 Left Turn".toString()): null

2024-08-20 23:18:21 - [TEST_STEP][PASSED] - selenium.type("name=billingAddress2", ""): null

2024-08-20 23:18:21 - [TEST_STEP][PASSED] - selenium.type("id=billing-zip-input", "21054"): null

2024-08-20 23:18:21 - [TEST_STEP][PASSED] - selenium.type("name=emailAddress", ""): null

2024-08-20 23:18:21 - [TEST_STEP][PASSED] - selenium.click("name=ccSubmit"): null

2024-08-20 23:18:22 - [TEST_STEP][PASSED] - selenium.waitForPageToLoad("30000"): null

2024-08-20 23:18:22 - [TEST_STEP][PASSED] - verifyTextPresent("Please verify the following information:", true): Text 'Please verify the following information:' is present on page  using regular expression

2024-08-20 23:18:23 - [MESSAGE][PASSED] - Text 'Please verify the following information:' is present on page  using regular expression

2024-08-20 23:18:23 - [TEST_STEP][PASSED] - verifyTextPresent("Is this information correct", true): Text 'Is this information correct' is present on page  using regular expression

2024-08-20 23:18:23 - [MESSAGE][PASSED] - Text 'Is this information correct' is present on page  using regular expression

2024-08-20 23:18:23 - [TEST_STEP][PASSED] - verifyTextPresent("udf1", true): Text 'udf1' is present on page  using regular expression

2024-08-20 23:18:23 - [MESSAGE][PASSED] - Text 'udf1' is present on page  using regular expression

2024-08-20 23:18:23 - [TEST_STEP][PASSED] - verifyTextPresent("udf2 modified", true): Text 'udf2 modified' is present on page  using regular expression

2024-08-20 23:18:23 - [MESSAGE][PASSED] - Text 'udf2 modified' is present on page  using regular expression

2024-08-20 23:18:23 - [TEST_STEP][PASSED] - verifyTextPresent("udf3 modified", true): Text 'udf3 modified' is present on page  using regular expression

2024-08-20 23:18:24 - [MESSAGE][PASSED] - Text 'udf3 modified' is present on page  using regular expression

2024-08-20 23:18:24 - [TEST_STEP][PASSED] - verifyTextPresent("Soccer", true): Text 'Soccer' is present on page  using regular expression

2024-08-20 23:18:24 - [MESSAGE][PASSED] - Text 'Soccer' is present on page  using regular expression

2024-08-20 23:18:24 - [TEST_STEP][PASSED] - verifyTextPresent("Mashr Mortaza", true): Text 'Mashr Mortaza' is present on page  using regular expression

2024-08-20 23:18:24 - [MESSAGE][PASSED] - Text 'Mashr Mortaza' is present on page  using regular expression

2024-08-20 23:18:24 - [TEST_STEP][PASSED] - verifyTextPresent("MasterCard", true): Text 'MasterCard' is present on page  using regular expression

2024-08-20 23:18:24 - [MESSAGE][PASSED] - Text 'MasterCard' is present on page  using regular expression

2024-08-20 23:18:24 - [TEST_STEP][PASSED] - verifyTextPresent("1589 Left Turn", true): Text '1589 Left Turn' is present on page  using regular expression

2024-08-20 23:18:25 - [MESSAGE][PASSED] - Text '1589 Left Turn' is present on page  using regular expression

2024-08-20 23:18:25 - [TEST_STEP][PASSED] - verifyTextPresent("GAMBRILLS", true): Text 'GAMBRILLS' is present on page  using regular expression

2024-08-20 23:18:25 - [MESSAGE][PASSED] - Text 'GAMBRILLS' is present on page  using regular expression

2024-08-20 23:18:25 - [TEST_STEP][PASSED] - verifyTextPresent("Maryland", true): Text 'Maryland' is present on page  using regular expression

2024-08-20 23:18:25 - [MESSAGE][PASSED] - Text 'Maryland' is present on page  using regular expression

2024-08-20 23:18:25 - [TEST_STEP][PASSED] - verifyTextPresent("21054", true): Text '21054' is present on page  using regular expression

2024-08-20 23:18:25 - [MESSAGE][PASSED] - Text '21054' is present on page  using regular expression

2024-08-20 23:18:25 - [TEST_STEP][PASSED] - verifyTextPresent("0015", true): Text '0015' is present on page  using regular expression

2024-08-20 23:18:26 - [MESSAGE][PASSED] - Text '0015' is present on page  using regular expression

2024-08-20 23:18:26 - [TEST_STEP][PASSED] - verifyTextPresent("6/2029", true): Text '6/2029' is present on page  using regular expression

2024-08-20 23:18:26 - [MESSAGE][PASSED] - Text '6/2029' is present on page  using regular expression

2024-08-20 23:18:26 - [TEST_STEP][PASSED] - selenium.click("name=confirmNotifyAction"): null

2024-08-20 23:18:26 - [TEST_STEP][PASSED] - selenium.waitForPageToLoad("30000"): null

2024-08-20 23:18:27 - [TEST_STEP][PASSED] - Thread.sleep(8000): null

2024-08-20 23:18:35 - [TEST_STEP][PASSED] - verifyTextPresent("Successful Payment Receipt", true): Text 'Successful Payment Receipt' is present on page  using regular expression

2024-08-20 23:18:35 - [MESSAGE][PASSED] - Text 'Successful Payment Receipt' is present on page  using regular expression

2024-08-20 23:18:35 - [TEST_STEP][PASSED] - verifyTextPresent("Please print this receipt for your records", true): Text 'Please print this receipt for your records' is present on page  using regular expression

2024-08-20 23:18:35 - [MESSAGE][PASSED] - Text 'Please print this receipt for your records' is present on page  using regular expression

2024-08-20 23:18:35 - [TEST_STEP][PASSED] - verifyTextPresent("udf1", true): Text 'udf1' is present on page  using regular expression

2024-08-20 23:18:36 - [MESSAGE][PASSED] - Text 'udf1' is present on page  using regular expression

2024-08-20 23:18:36 - [TEST_STEP][PASSED] - verifyTextPresent("udf2 modified", true): Text 'udf2 modified' is present on page  using regular expression

2024-08-20 23:18:36 - [MESSAGE][PASSED] - Text 'udf2 modified' is present on page  using regular expression

2024-08-20 23:18:36 - [TEST_STEP][PASSED] - verifyTextPresent("udf3 modified", true): Text 'udf3 modified' is present on page  using regular expression

2024-08-20 23:18:36 - [MESSAGE][PASSED] - Text 'udf3 modified' is present on page  using regular expression

2024-08-20 23:18:36 - [TEST_STEP][PASSED] - verifyTextPresent("Soccer Label", true): Text 'Soccer Label' is present on page  using regular expression

2024-08-20 23:18:36 - [MESSAGE][PASSED] - Text 'Soccer Label' is present on page  using regular expression

2024-08-20 23:18:36 - [TEST_STEP][PASSED] - verifyTextPresent("$25.50", false): Text '$25.50' is present on page 

2024-08-20 23:18:37 - [MESSAGE][PASSED] - Text '$25.50' is present on page 

2024-08-20 23:18:37 - [TEST_STEP][PASSED] - verifyTextPresent("MASHR MORTAZA", true): Text 'MASHR MORTAZA' is present on page  using regular expression

2024-08-20 23:18:37 - [MESSAGE][PASSED] - Text 'MASHR MORTAZA' is present on page  using regular expression

2024-08-20 23:18:37 - [TEST_STEP][PASSED] - verifyTextPresent("MasterCard", true): Text 'MasterCard' is present on page  using regular expression

2024-08-20 23:18:37 - [MESSAGE][PASSED] - Text 'MasterCard' is present on page  using regular expression

2024-08-20 23:18:37 - [TEST_STEP][PASSED] - verifyTextPresent("1589 Left Turn", true): Text '1589 Left Turn' is present on page  using regular expression

2024-08-20 23:18:37 - [MESSAGE][PASSED] - Text '1589 Left Turn' is present on page  using regular expression

2024-08-20 23:18:37 - [TEST_STEP][PASSED] - verifyTextPresent("GAMBRILLS", true): Text 'GAMBRILLS' is present on page  using regular expression

2024-08-20 23:18:38 - [MESSAGE][PASSED] - Text 'GAMBRILLS' is present on page  using regular expression

2024-08-20 23:18:38 - [TEST_STEP][PASSED] - verifyTextPresent("MD", true): Text 'MD' is present on page  using regular expression

2024-08-20 23:18:38 - [MESSAGE][PASSED] - Text 'MD' is present on page  using regular expression

2024-08-20 23:18:38 - [TEST_STEP][PASSED] - verifyTextPresent("21054", true): Text '21054' is present on page  using regular expression

2024-08-20 23:18:38 - [MESSAGE][PASSED] - Text '21054' is present on page  using regular expression

2024-08-20 23:18:38 - [TEST_STEP][PASSED] - verifyTextPresent("Authorization and Capture", true): Text 'Authorization and Capture' is present on page  using regular expression

2024-08-20 23:18:38 - [MESSAGE][PASSED] - Text 'Authorization and Capture' is present on page  using regular expression

2024-08-20 23:18:38 - [TEST_STEP][PASSED] - verifyTextPresent("0015", true): Text '0015' is present on page  using regular expression

2024-08-20 23:18:39 - [MESSAGE][PASSED] - Text '0015' is present on page  using regular expression

2024-08-20 23:18:39 - [TEST_STEP][PASSED] - println("End Test: NoCFModifyCC"): null]]></system-out>
         <system-err><![CDATA[]]></system-err>
      </testcase>
      <testcase name="Test Cases/IntegratedWeb/IWP23-SelIDE/NoModifyAmountCC" time="23.708" classname="Test Cases/IntegratedWeb/IWP23-SelIDE/NoModifyAmountCC" status="PASSED">
         <system-out><![CDATA[2024-08-20 23:18:39 - [TEST_CASE][PASSED] - Test Cases/IntegratedWeb/IWP23-SelIDE/NoModifyAmountCC: Test Cases/IntegratedWeb/IWP23-SelIDE/NoModifyAmountCC

2024-08-20 23:18:39 - [TEST_STEP][PASSED] - softAssertion = new org.testng.asserts.SoftAssert(): null

2024-08-20 23:18:39 - [TEST_STEP][PASSED] - openBrowser("https://www.google.com/"): Browser is opened with url: 'https://www.google.com/'

2024-08-20 23:18:39 - [MESSAGE][WARNING] - A browser is already opened. Closing browser and opening a new one

2024-08-20 23:18:40 - [MESSAGE][INFO] - Starting 'Chrome' driver

2024-08-20 23:18:40 - [MESSAGE][INFO] - User set preference: ['acceptInsecureCerts', 'true']

2024-08-20 23:18:40 - [MESSAGE][INFO] - Action delay is set to 0 milliseconds

2024-08-20 23:18:43 - [MESSAGE][PASSED] - Browser is opened with url: 'https://www.google.com/'

2024-08-20 23:18:43 - [TEST_STEP][PASSED] - driver = getWebDriver(): null

2024-08-20 23:18:43 - [TEST_STEP][PASSED] - baseUrl = "https://www.google.com/": null

2024-08-20 23:18:43 - [TEST_STEP][PASSED] - selenium = new com.thoughtworks.selenium.webdriven.WebDriverBackedSelenium(driver, baseUrl): null

2024-08-20 23:18:43 - [TEST_STEP][PASSED] - println("Begin Test: NoModifyAmountCC"): null

2024-08-20 23:18:43 - [TEST_STEP][PASSED] - emulatorURL = urlEmulator: null

2024-08-20 23:18:43 - [TEST_STEP][PASSED] - selenium.open(emulatorURL): null

2024-08-20 23:18:44 - [TEST_STEP][PASSED] - selenium.selectWindow("null"): null

2024-08-20 23:18:44 - [TEST_STEP][PASSED] - selenium.select("name=message_version", "label=2.3"): null

2024-08-20 23:18:44 - [TEST_STEP][PASSED] - selenium.waitForPageToLoad("30000"): null

2024-08-20 23:18:44 - [TEST_STEP][PASSED] - selenium.type("name=amount", 00".toString()): null

2024-08-20 23:18:44 - [TEST_STEP][PASSED] - selenium.type("name=client_account_number", "CAN12345"): null

2024-08-20 23:18:44 - [TEST_STEP][PASSED] - selenium.type("name=action_type", "PayNow"): null

2024-08-20 23:18:45 - [TEST_STEP][PASSED] - selenium.type("name=language", "en_US"): null

2024-08-20 23:18:45 - [TEST_STEP][PASSED] - selenium.type("name=billing_firstname", "Mandy"): null

2024-08-20 23:18:45 - [TEST_STEP][PASSED] - selenium.type("name=billing_lastname", "Iguera"): null

2024-08-20 23:18:45 - [TEST_STEP][PASSED] - selenium.type("name=billing_address", "56 World Center Drive".toString()): null

2024-08-20 23:18:45 - [TEST_STEP][PASSED] - selenium.type("name=billing_address2", "Suite 600".toString()): null

2024-08-20 23:18:45 - [TEST_STEP][PASSED] - selenium.type("name=billing_country_id", "840"): null

2024-08-20 23:18:45 - [TEST_STEP][PASSED] - selenium.type("name=billing_city", "Orlando"): null

2024-08-20 23:18:45 - [TEST_STEP][PASSED] - selenium.type("name=billing_state", "NH"): null

2024-08-20 23:18:45 - [TEST_STEP][PASSED] - selenium.type("name=billing_zip", "03106"): null

2024-08-20 23:18:45 - [TEST_STEP][PASSED] - selenium.type("name=order_number", "PPPPOOOO"): null

2024-08-20 23:18:45 - [TEST_STEP][PASSED] - selenium.type("name=user_defined1", "udf1"): null

2024-08-20 23:18:45 - [TEST_STEP][PASSED] - selenium.type("name=user_defined2", "udf2"): null

2024-08-20 23:18:45 - [TEST_STEP][PASSED] - selenium.type("name=user_defined3", "udf3"): null

2024-08-20 23:18:45 - [TEST_STEP][PASSED] - selenium.type("name=user_defined4", "Orange Label".toString()): null

2024-08-20 23:18:45 - [TEST_STEP][PASSED] - selenium.type("name=user_defined5", "Soccer Label".toString()): null

2024-08-20 23:18:45 - [TEST_STEP][PASSED] - selenium.click("name=submit"): null

2024-08-20 23:18:45 - [TEST_STEP][PASSED] - selenium.waitForPageToLoad("30000"): null

2024-08-20 23:18:46 - [TEST_STEP][PASSED] - testHarnessURL = urlTestHarness: null

2024-08-20 23:18:46 - [TEST_STEP][PASSED] - selenium.open(testHarnessURL): null

2024-08-20 23:18:46 - [TEST_STEP][PASSED] - Thread.sleep(2000): null

2024-08-20 23:18:48 - [TEST_STEP][PASSED] - selenium.type("name=application_id", "654"): null

2024-08-20 23:18:48 - [TEST_STEP][PASSED] - selenium.type("name=message_version", 3".toString()): null

2024-08-20 23:18:48 - [TEST_STEP][PASSED] - genRemIDVoid = RandomStringUtils.random(12, true, true): null

2024-08-20 23:18:48 - [TEST_STEP][PASSED] - selenium.type("name=remittance_id", genRemIDVoid): null

2024-08-20 23:18:48 - [TEST_STEP][PASSED] - selenium.click("css=input.formSubmit"): null

2024-08-20 23:18:49 - [TEST_STEP][PASSED] - selenium.waitForPageToLoad("30000"): null

2024-08-20 23:18:50 - [TEST_STEP][PASSED] - selenium.selectWindow("null"): null

2024-08-20 23:18:50 - [TEST_STEP][PASSED] - selenium.click("name=paymentMethod"): null

2024-08-20 23:18:50 - [TEST_STEP][PASSED] - selenium.click("css=input[type="submit"]"): null

2024-08-20 23:18:51 - [TEST_STEP][PASSED] - selenium.waitForPageToLoad("30000"): null

2024-08-20 23:18:51 - [TEST_STEP][PASSED] - selenium.type("id=cardNumber", "4111111111111111"): null

2024-08-20 23:18:51 - [TEST_STEP][PASSED] - selenium.select("name=cardExpMonth", "label=04"): null

2024-08-20 23:18:51 - [TEST_STEP][PASSED] - selenium.select("name=cardExpYear", "label=2028"): null

2024-08-20 23:18:52 - [TEST_STEP][PASSED] - selenium.type("name=emailAddress", com".toString()): null

2024-08-20 23:18:52 - [TEST_STEP][PASSED] - selenium.click("id=checkedAcceptCondition"): null

2024-08-20 23:18:52 - [TEST_STEP][PASSED] - selenium.click("name=ccSubmit"): null

2024-08-20 23:18:52 - [TEST_STEP][PASSED] - selenium.waitForPageToLoad("30000"): null

2024-08-20 23:18:53 - [TEST_STEP][PASSED] - verifyTextPresent("$10.00", false): Text '$10.00' is present on page 

2024-08-20 23:18:53 - [MESSAGE][PASSED] - Text '$10.00' is present on page 

2024-08-20 23:18:53 - [TEST_STEP][PASSED] - selenium.click("name=confirmNotifyAction"): null

2024-08-20 23:18:54 - [TEST_STEP][PASSED] - selenium.waitForPageToLoad("30000"): null

2024-08-20 23:18:54 - [TEST_STEP][PASSED] - Thread.sleep(8000): null

2024-08-20 23:19:02 - [TEST_STEP][PASSED] - verifyTextPresent("$10.00", false): Text '$10.00' is present on page 

2024-08-20 23:19:02 - [MESSAGE][PASSED] - Text '$10.00' is present on page 

2024-08-20 23:19:02 - [TEST_STEP][PASSED] - println("End Test: NoModifyAmountCC"): null]]></system-out>
         <system-err><![CDATA[]]></system-err>
      </testcase>
      <testcase name="Test Cases/IntegratedWeb/IWP23-SelIDE/NoModifyAmountPC" time="27.621" classname="Test Cases/IntegratedWeb/IWP23-SelIDE/NoModifyAmountPC" status="PASSED">
         <system-out><![CDATA[2024-08-20 23:19:02 - [TEST_CASE][PASSED] - Test Cases/IntegratedWeb/IWP23-SelIDE/NoModifyAmountPC: Test Cases/IntegratedWeb/IWP23-SelIDE/NoModifyAmountPC

2024-08-20 23:19:03 - [TEST_STEP][PASSED] - softAssertion = new org.testng.asserts.SoftAssert(): null

2024-08-20 23:19:03 - [TEST_STEP][PASSED] - openBrowser("https://www.google.com/"): Browser is opened with url: 'https://www.google.com/'

2024-08-20 23:19:03 - [MESSAGE][WARNING] - A browser is already opened. Closing browser and opening a new one

2024-08-20 23:19:04 - [MESSAGE][INFO] - Starting 'Chrome' driver

2024-08-20 23:19:04 - [MESSAGE][INFO] - User set preference: ['acceptInsecureCerts', 'true']

2024-08-20 23:19:04 - [MESSAGE][INFO] - Action delay is set to 0 milliseconds

2024-08-20 23:19:07 - [MESSAGE][PASSED] - Browser is opened with url: 'https://www.google.com/'

2024-08-20 23:19:07 - [TEST_STEP][PASSED] - driver = getWebDriver(): null

2024-08-20 23:19:07 - [TEST_STEP][PASSED] - baseUrl = "https://www.google.com/": null

2024-08-20 23:19:07 - [TEST_STEP][PASSED] - selenium = new com.thoughtworks.selenium.webdriven.WebDriverBackedSelenium(driver, baseUrl): null

2024-08-20 23:19:07 - [TEST_STEP][PASSED] - println("Begin Test: NoModifyAmountPC"): null

2024-08-20 23:19:07 - [TEST_STEP][PASSED] - emulatorURL = urlEmulator: null

2024-08-20 23:19:07 - [TEST_STEP][PASSED] - selenium.open(emulatorURL): null

2024-08-20 23:19:07 - [TEST_STEP][PASSED] - selenium.selectWindow("null"): null

2024-08-20 23:19:07 - [TEST_STEP][PASSED] - selenium.select("name=message_version", "label=2.3"): null

2024-08-20 23:19:08 - [TEST_STEP][PASSED] - selenium.waitForPageToLoad("30000"): null

2024-08-20 23:19:08 - [TEST_STEP][PASSED] - selenium.type("name=amount", 00".toString()): null

2024-08-20 23:19:08 - [TEST_STEP][PASSED] - selenium.type("name=client_account_number", "CAN12345"): null

2024-08-20 23:19:08 - [TEST_STEP][PASSED] - selenium.type("name=action_type", "PayNow"): null

2024-08-20 23:19:08 - [TEST_STEP][PASSED] - selenium.type("name=language", "en_US"): null

2024-08-20 23:19:08 - [TEST_STEP][PASSED] - selenium.type("name=billing_firstname", "Mandy"): null

2024-08-20 23:19:08 - [TEST_STEP][PASSED] - selenium.type("name=billing_lastname", "Iguera"): null

2024-08-20 23:19:08 - [TEST_STEP][PASSED] - selenium.type("name=billing_address", "56 World Center Drive".toString()): null

2024-08-20 23:19:08 - [TEST_STEP][PASSED] - selenium.type("name=billing_address2", "Suite 600".toString()): null

2024-08-20 23:19:09 - [TEST_STEP][PASSED] - selenium.type("name=billing_country_id", "840"): null

2024-08-20 23:19:09 - [TEST_STEP][PASSED] - selenium.type("name=billing_city", "Orlando"): null

2024-08-20 23:19:09 - [TEST_STEP][PASSED] - selenium.type("name=billing_state", "NH"): null

2024-08-20 23:19:09 - [TEST_STEP][PASSED] - selenium.type("name=billing_zip", "03106"): null

2024-08-20 23:19:09 - [TEST_STEP][PASSED] - selenium.type("name=order_number", "PPPPOOOO"): null

2024-08-20 23:19:09 - [TEST_STEP][PASSED] - selenium.type("name=user_defined1", "udf1"): null

2024-08-20 23:19:09 - [TEST_STEP][PASSED] - selenium.type("name=user_defined2", "udf2"): null

2024-08-20 23:19:09 - [TEST_STEP][PASSED] - selenium.type("name=user_defined3", "udf3"): null

2024-08-20 23:19:09 - [TEST_STEP][PASSED] - selenium.type("name=user_defined4", "Orange Label".toString()): null

2024-08-20 23:19:09 - [TEST_STEP][PASSED] - selenium.type("name=user_defined5", "Soccer Label".toString()): null

2024-08-20 23:19:09 - [TEST_STEP][PASSED] - selenium.click("name=submit"): null

2024-08-20 23:19:09 - [TEST_STEP][PASSED] - selenium.waitForPageToLoad("30000"): null

2024-08-20 23:19:10 - [TEST_STEP][PASSED] - Thread.sleep(2000): null

2024-08-20 23:19:12 - [TEST_STEP][PASSED] - testHarnessURL = urlTestHarness: null

2024-08-20 23:19:12 - [TEST_STEP][PASSED] - selenium.open(testHarnessURL): null

2024-08-20 23:19:12 - [TEST_STEP][PASSED] - selenium.type("name=application_id", "654"): null

2024-08-20 23:19:12 - [TEST_STEP][PASSED] - selenium.type("name=message_version", 3".toString()): null

2024-08-20 23:19:12 - [TEST_STEP][PASSED] - genRemIDVoid = RandomStringUtils.random(12, true, true): null

2024-08-20 23:19:12 - [TEST_STEP][PASSED] - selenium.type("name=remittance_id", genRemIDVoid): null

2024-08-20 23:19:12 - [TEST_STEP][PASSED] - selenium.click("css=input.formSubmit"): null

2024-08-20 23:19:13 - [TEST_STEP][PASSED] - selenium.waitForPageToLoad("30000"): null

2024-08-20 23:19:13 - [TEST_STEP][PASSED] - selenium.click("xpath=(//input[@name='paymentMethod'])[2]"): null

2024-08-20 23:19:14 - [TEST_STEP][PASSED] - selenium.click("css=input[type="submit"]"): null

2024-08-20 23:19:15 - [TEST_STEP][PASSED] - selenium.waitForPageToLoad("30000"): null

2024-08-20 23:19:15 - [TEST_STEP][PASSED] - delay(3): Delayed 3 second(s)

2024-08-20 23:19:18 - [MESSAGE][PASSED] - Delayed 3 second(s)

2024-08-20 23:19:18 - [TEST_STEP][PASSED] - verifyTextPresent("$ 10.00", false): Text '$ 10.00' is present on page 

2024-08-20 23:19:18 - [MESSAGE][PASSED] - Text '$ 10.00' is present on page 

2024-08-20 23:19:18 - [TEST_STEP][PASSED] - selenium.type("name=billingFirstname", "Mike"): null

2024-08-20 23:19:18 - [TEST_STEP][PASSED] - selenium.type("name=billingLastname", "Chingiti"): null

2024-08-20 23:19:18 - [TEST_STEP][PASSED] - selenium.type("id=routingNumber", "256072691"): null

2024-08-20 23:19:19 - [TEST_STEP][PASSED] - selenium.type("id=accountNumber", "11111111"): null

2024-08-20 23:19:19 - [TEST_STEP][PASSED] - selenium.type("id=confirmAccountNumber", "11111111"): null

2024-08-20 23:19:19 - [TEST_STEP][PASSED] - selenium.click("name=accountType"): null

2024-08-20 23:19:19 - [TEST_STEP][PASSED] - selenium.type("name=billingAddress", "104 main road".toString()): null

2024-08-20 23:19:19 - [TEST_STEP][PASSED] - selenium.type("name=billingAddress2", ""): null

2024-08-20 23:19:19 - [TEST_STEP][PASSED] - selenium.type("id=billing-zip-input", "22201"): null

2024-08-20 23:19:19 - [TEST_STEP][PASSED] - selenium.click("id=checkedAcceptCondition"): null

2024-08-20 23:19:19 - [TEST_STEP][PASSED] - selenium.click("name=achSubmit"): null

2024-08-20 23:19:19 - [TEST_STEP][PASSED] - selenium.waitForPageToLoad("30000"): null

2024-08-20 23:19:20 - [TEST_STEP][PASSED] - verifyTextPresent("Please verify the following information:", true): Text 'Please verify the following information:' is present on page  using regular expression

2024-08-20 23:19:20 - [MESSAGE][PASSED] - Text 'Please verify the following information:' is present on page  using regular expression

2024-08-20 23:19:20 - [TEST_STEP][PASSED] - verifyTextPresent("Is this information correct", true): Text 'Is this information correct' is present on page  using regular expression

2024-08-20 23:19:20 - [MESSAGE][PASSED] - Text 'Is this information correct' is present on page  using regular expression

2024-08-20 23:19:20 - [TEST_STEP][PASSED] - verifyTextPresent("$10.00", false): Text '$10.00' is present on page 

2024-08-20 23:19:21 - [MESSAGE][PASSED] - Text '$10.00' is present on page 

2024-08-20 23:19:21 - [TEST_STEP][PASSED] - selenium.click("name=confirmNotifyAction"): null

2024-08-20 23:19:21 - [TEST_STEP][PASSED] - selenium.waitForPageToLoad("30000"): null

2024-08-20 23:19:22 - [TEST_STEP][PASSED] - Thread.sleep(8000): null

2024-08-20 23:19:30 - [TEST_STEP][PASSED] - verifyTextPresent("$10.00", false): Text '$10.00' is present on page 

2024-08-20 23:19:30 - [MESSAGE][PASSED] - Text '$10.00' is present on page 

2024-08-20 23:19:30 - [TEST_STEP][PASSED] - println("End Test: NoModifyAmountPC"): null]]></system-out>
         <system-err><![CDATA[]]></system-err>
      </testcase>
      <testcase name="Test Cases/IntegratedWeb/IWP23-SelIDE/NoOverPayButUnderPayCC" time="23.478" classname="Test Cases/IntegratedWeb/IWP23-SelIDE/NoOverPayButUnderPayCC" status="PASSED">
         <system-out><![CDATA[2024-08-20 23:19:30 - [TEST_CASE][PASSED] - Test Cases/IntegratedWeb/IWP23-SelIDE/NoOverPayButUnderPayCC: Test Cases/IntegratedWeb/IWP23-SelIDE/NoOverPayButUnderPayCC

2024-08-20 23:19:31 - [TEST_STEP][PASSED] - softAssertion = new org.testng.asserts.SoftAssert(): null

2024-08-20 23:19:31 - [TEST_STEP][PASSED] - openBrowser("https://www.google.com/"): Browser is opened with url: 'https://www.google.com/'

2024-08-20 23:19:31 - [MESSAGE][WARNING] - A browser is already opened. Closing browser and opening a new one

2024-08-20 23:19:32 - [MESSAGE][INFO] - Starting 'Chrome' driver

2024-08-20 23:19:32 - [MESSAGE][INFO] - User set preference: ['acceptInsecureCerts', 'true']

2024-08-20 23:19:32 - [MESSAGE][INFO] - Action delay is set to 0 milliseconds

2024-08-20 23:19:34 - [MESSAGE][PASSED] - Browser is opened with url: 'https://www.google.com/'

2024-08-20 23:19:34 - [TEST_STEP][PASSED] - driver = getWebDriver(): null

2024-08-20 23:19:34 - [TEST_STEP][PASSED] - baseUrl = "https://www.google.com/": null

2024-08-20 23:19:34 - [TEST_STEP][PASSED] - selenium = new com.thoughtworks.selenium.webdriven.WebDriverBackedSelenium(driver, baseUrl): null

2024-08-20 23:19:34 - [TEST_STEP][PASSED] - println("Begin Test: NoOverPayButUnderPayCC"): null

2024-08-20 23:19:34 - [TEST_STEP][PASSED] - emulatorURL = urlEmulator: null

2024-08-20 23:19:34 - [TEST_STEP][PASSED] - selenium.open(emulatorURL): null

2024-08-20 23:19:35 - [TEST_STEP][PASSED] - selenium.selectWindow("null"): null

2024-08-20 23:19:35 - [TEST_STEP][PASSED] - selenium.select("name=message_version", "label=2.3"): null

2024-08-20 23:19:35 - [TEST_STEP][PASSED] - selenium.waitForPageToLoad("30000"): null

2024-08-20 23:19:36 - [TEST_STEP][PASSED] - selenium.type("name=amount", 00".toString()): null

2024-08-20 23:19:36 - [TEST_STEP][PASSED] - selenium.type("name=client_account_number", "CAN12345"): null

2024-08-20 23:19:36 - [TEST_STEP][PASSED] - selenium.type("name=action_type", "PayNow"): null

2024-08-20 23:19:36 - [TEST_STEP][PASSED] - selenium.type("name=language", "en_US"): null

2024-08-20 23:19:36 - [TEST_STEP][PASSED] - selenium.type("name=billing_firstname", "Mandy"): null

2024-08-20 23:19:36 - [TEST_STEP][PASSED] - selenium.type("name=billing_lastname", "Iguera"): null

2024-08-20 23:19:36 - [TEST_STEP][PASSED] - selenium.type("name=billing_address", "56 World Center Drive".toString()): null

2024-08-20 23:19:36 - [TEST_STEP][PASSED] - selenium.type("name=billing_address2", "Suite 600".toString()): null

2024-08-20 23:19:36 - [TEST_STEP][PASSED] - selenium.type("name=billing_country_id", "840"): null

2024-08-20 23:19:36 - [TEST_STEP][PASSED] - selenium.type("name=billing_city", "Orlando"): null

2024-08-20 23:19:36 - [TEST_STEP][PASSED] - selenium.type("name=billing_state", "NH"): null

2024-08-20 23:19:36 - [TEST_STEP][PASSED] - selenium.type("name=billing_zip", "03106"): null

2024-08-20 23:19:36 - [TEST_STEP][PASSED] - selenium.type("name=order_number", "PPPPOOOO"): null

2024-08-20 23:19:36 - [TEST_STEP][PASSED] - selenium.type("name=user_defined1", "udf1"): null

2024-08-20 23:19:36 - [TEST_STEP][PASSED] - selenium.type("name=user_defined2", "udf2"): null

2024-08-20 23:19:36 - [TEST_STEP][PASSED] - selenium.type("name=user_defined3", "udf3"): null

2024-08-20 23:19:36 - [TEST_STEP][PASSED] - selenium.type("name=user_defined4", "Orange Label".toString()): null

2024-08-20 23:19:36 - [TEST_STEP][PASSED] - selenium.type("name=user_defined5", "Soccer Label".toString()): null

2024-08-20 23:19:37 - [TEST_STEP][PASSED] - selenium.click("name=submit"): null

2024-08-20 23:19:37 - [TEST_STEP][PASSED] - selenium.waitForPageToLoad("30000"): null

2024-08-20 23:19:37 - [TEST_STEP][PASSED] - testHarnessURL = urlTestHarness: null

2024-08-20 23:19:37 - [TEST_STEP][PASSED] - selenium.open(testHarnessURL): null

2024-08-20 23:19:38 - [TEST_STEP][PASSED] - Thread.sleep(2000): null

2024-08-20 23:19:40 - [TEST_STEP][PASSED] - selenium.type("name=application_id", "652"): null

2024-08-20 23:19:40 - [TEST_STEP][PASSED] - selenium.type("name=message_version", 3".toString()): null

2024-08-20 23:19:40 - [TEST_STEP][PASSED] - genRemIDVoid = RandomStringUtils.random(12, true, true): null

2024-08-20 23:19:40 - [TEST_STEP][PASSED] - selenium.type("name=remittance_id", genRemIDVoid): null

2024-08-20 23:19:40 - [TEST_STEP][PASSED] - selenium.click("css=input.formSubmit"): null

2024-08-20 23:19:40 - [TEST_STEP][PASSED] - selenium.waitForPageToLoad("30000"): null

2024-08-20 23:19:41 - [TEST_STEP][PASSED] - selenium.selectWindow("null"): null

2024-08-20 23:19:41 - [TEST_STEP][PASSED] - selenium.click("name=paymentMethod"): null

2024-08-20 23:19:41 - [TEST_STEP][PASSED] - selenium.click("css=input[type="submit"]"): null

2024-08-20 23:19:42 - [TEST_STEP][PASSED] - selenium.waitForPageToLoad("30000"): null

2024-08-20 23:19:42 - [TEST_STEP][PASSED] - selenium.type("name=amount", 00".toString()): null

2024-08-20 23:19:43 - [TEST_STEP][PASSED] - selenium.type("id=cardNumber", "4111111111111111"): null

2024-08-20 23:19:43 - [TEST_STEP][PASSED] - selenium.select("name=cardExpMonth", "label=04"): null

2024-08-20 23:19:43 - [TEST_STEP][PASSED] - selenium.select("name=cardExpYear", "label=2028"): null

2024-08-20 23:19:43 - [TEST_STEP][PASSED] - selenium.type("name=emailAddress", com".toString()): null

2024-08-20 23:19:43 - [TEST_STEP][PASSED] - selenium.click("id=checkedAcceptCondition"): null

2024-08-20 23:19:43 - [TEST_STEP][PASSED] - selenium.click("name=ccSubmit"): null

2024-08-20 23:19:43 - [TEST_STEP][PASSED] - selenium.waitForPageToLoad("30000"): null

2024-08-20 23:19:44 - [TEST_STEP][PASSED] - verifyTextPresent("$2.00", false): Text '$2.00' is present on page 

2024-08-20 23:19:44 - [MESSAGE][PASSED] - Text '$2.00' is present on page 

2024-08-20 23:19:44 - [TEST_STEP][PASSED] - selenium.click("name=confirmNotifyAction"): null

2024-08-20 23:19:45 - [TEST_STEP][PASSED] - selenium.waitForPageToLoad("30000"): null

2024-08-20 23:19:45 - [TEST_STEP][PASSED] - Thread.sleep(8000): null

2024-08-20 23:19:53 - [TEST_STEP][PASSED] - verifyTextPresent("$2.00", false): Text '$2.00' is present on page 

2024-08-20 23:19:53 - [MESSAGE][PASSED] - Text '$2.00' is present on page 

2024-08-20 23:19:53 - [TEST_STEP][PASSED] - println("End Test: NoOverPayButUnderPayCC"): null]]></system-out>
         <system-err><![CDATA[]]></system-err>
      </testcase>
      <testcase name="Test Cases/IntegratedWeb/IWP23-SelIDE/NoOverPayButUnderPayPC" time="25.087" classname="Test Cases/IntegratedWeb/IWP23-SelIDE/NoOverPayButUnderPayPC" status="PASSED">
         <system-out><![CDATA[2024-08-20 23:19:53 - [TEST_CASE][PASSED] - Test Cases/IntegratedWeb/IWP23-SelIDE/NoOverPayButUnderPayPC: Test Cases/IntegratedWeb/IWP23-SelIDE/NoOverPayButUnderPayPC

2024-08-20 23:19:54 - [TEST_STEP][PASSED] - softAssertion = new org.testng.asserts.SoftAssert(): null

2024-08-20 23:19:54 - [TEST_STEP][PASSED] - openBrowser("https://www.google.com/"): Browser is opened with url: 'https://www.google.com/'

2024-08-20 23:19:54 - [MESSAGE][WARNING] - A browser is already opened. Closing browser and opening a new one

2024-08-20 23:19:55 - [MESSAGE][INFO] - Starting 'Chrome' driver

2024-08-20 23:19:55 - [MESSAGE][INFO] - User set preference: ['acceptInsecureCerts', 'true']

2024-08-20 23:19:55 - [MESSAGE][INFO] - Action delay is set to 0 milliseconds

2024-08-20 23:19:58 - [MESSAGE][PASSED] - Browser is opened with url: 'https://www.google.com/'

2024-08-20 23:19:58 - [TEST_STEP][PASSED] - driver = getWebDriver(): null

2024-08-20 23:19:58 - [TEST_STEP][PASSED] - baseUrl = "https://www.google.com/": null

2024-08-20 23:19:58 - [TEST_STEP][PASSED] - selenium = new com.thoughtworks.selenium.webdriven.WebDriverBackedSelenium(driver, baseUrl): null

2024-08-20 23:19:58 - [TEST_STEP][PASSED] - println("Begin Test: NoOverPayButUnderPayPC"): null

2024-08-20 23:19:58 - [TEST_STEP][PASSED] - emulatorURL = urlEmulator: null

2024-08-20 23:19:58 - [TEST_STEP][PASSED] - selenium.open(emulatorURL): null

2024-08-20 23:19:58 - [TEST_STEP][PASSED] - selenium.selectWindow("null"): null

2024-08-20 23:19:58 - [TEST_STEP][PASSED] - selenium.select("name=message_version", "label=2.3"): null

2024-08-20 23:19:59 - [TEST_STEP][PASSED] - selenium.waitForPageToLoad("30000"): null

2024-08-20 23:19:59 - [TEST_STEP][PASSED] - selenium.type("name=amount", 00".toString()): null

2024-08-20 23:19:59 - [TEST_STEP][PASSED] - selenium.type("name=client_account_number", "CAN12345"): null

2024-08-20 23:19:59 - [TEST_STEP][PASSED] - selenium.type("name=action_type", "PayNow"): null

2024-08-20 23:19:59 - [TEST_STEP][PASSED] - selenium.type("name=language", "en_US"): null

2024-08-20 23:19:59 - [TEST_STEP][PASSED] - selenium.type("name=billing_firstname", "Mandy"): null

2024-08-20 23:19:59 - [TEST_STEP][PASSED] - selenium.type("name=billing_lastname", "Iguera"): null

2024-08-20 23:20:00 - [TEST_STEP][PASSED] - selenium.type("name=billing_address", "56 World Center Drive".toString()): null

2024-08-20 23:20:00 - [TEST_STEP][PASSED] - selenium.type("name=billing_address2", "Suite 600".toString()): null

2024-08-20 23:20:00 - [TEST_STEP][PASSED] - selenium.type("name=billing_country_id", "840"): null

2024-08-20 23:20:00 - [TEST_STEP][PASSED] - selenium.type("name=billing_city", "Orlando"): null

2024-08-20 23:20:00 - [TEST_STEP][PASSED] - selenium.type("name=billing_state", "NH"): null

2024-08-20 23:20:00 - [TEST_STEP][PASSED] - selenium.type("name=billing_zip", "03106"): null

2024-08-20 23:20:00 - [TEST_STEP][PASSED] - selenium.type("name=order_number", "PPPPOOOO"): null

2024-08-20 23:20:00 - [TEST_STEP][PASSED] - selenium.type("name=user_defined1", "udf1"): null

2024-08-20 23:20:00 - [TEST_STEP][PASSED] - selenium.type("name=user_defined2", "udf2"): null

2024-08-20 23:20:00 - [TEST_STEP][PASSED] - selenium.type("name=user_defined3", "udf3"): null

2024-08-20 23:20:00 - [TEST_STEP][PASSED] - selenium.type("name=user_defined4", "Orange Label".toString()): null

2024-08-20 23:20:00 - [TEST_STEP][PASSED] - selenium.type("name=user_defined5", "Soccer Label".toString()): null

2024-08-20 23:20:00 - [TEST_STEP][PASSED] - selenium.click("name=submit"): null

2024-08-20 23:20:00 - [TEST_STEP][PASSED] - selenium.waitForPageToLoad("30000"): null

2024-08-20 23:20:01 - [TEST_STEP][PASSED] - Thread.sleep(2000): null

2024-08-20 23:20:03 - [TEST_STEP][PASSED] - testHarnessURL = urlTestHarness: null

2024-08-20 23:20:03 - [TEST_STEP][PASSED] - selenium.open(testHarnessURL): null

2024-08-20 23:20:03 - [TEST_STEP][PASSED] - selenium.type("name=application_id", "652"): null

2024-08-20 23:20:03 - [TEST_STEP][PASSED] - selenium.type("name=message_version", 3".toString()): null

2024-08-20 23:20:03 - [TEST_STEP][PASSED] - genRemIDVoid = RandomStringUtils.random(12, true, true): null

2024-08-20 23:20:03 - [TEST_STEP][PASSED] - selenium.type("name=remittance_id", genRemIDVoid): null

2024-08-20 23:20:03 - [TEST_STEP][PASSED] - selenium.click("css=input.formSubmit"): null

2024-08-20 23:20:04 - [TEST_STEP][PASSED] - selenium.waitForPageToLoad("30000"): null

2024-08-20 23:20:05 - [TEST_STEP][PASSED] - selenium.click("xpath=(//input[@name='paymentMethod'])[2]"): null

2024-08-20 23:20:05 - [TEST_STEP][PASSED] - selenium.click("css=input[type="submit"]"): null

2024-08-20 23:20:06 - [TEST_STEP][PASSED] - selenium.waitForPageToLoad("30000"): null

2024-08-20 23:20:06 - [TEST_STEP][PASSED] - selenium.type("name=amount", 00".toString()): null

2024-08-20 23:20:06 - [TEST_STEP][PASSED] - selenium.type("name=userDefined1", "udf1 data".toString()): null

2024-08-20 23:20:06 - [TEST_STEP][PASSED] - selenium.type("name=userDefined2", "udf2 data".toString()): null

2024-08-20 23:20:06 - [TEST_STEP][PASSED] - selenium.type("name=billingFirstname", "Mike"): null

2024-08-20 23:20:06 - [TEST_STEP][PASSED] - selenium.type("name=billingLastname", "Chingiti"): null

2024-08-20 23:20:06 - [TEST_STEP][PASSED] - selenium.type("id=routingNumber", "256072691"): null

2024-08-20 23:20:07 - [TEST_STEP][PASSED] - selenium.type("id=accountNumber", "11111111"): null

2024-08-20 23:20:07 - [TEST_STEP][PASSED] - selenium.type("id=confirmAccountNumber", "11111111"): null

2024-08-20 23:20:07 - [TEST_STEP][PASSED] - selenium.click("name=accountType"): null

2024-08-20 23:20:07 - [TEST_STEP][PASSED] - selenium.type("name=billingAddress", "104 main road".toString()): null

2024-08-20 23:20:07 - [TEST_STEP][PASSED] - selenium.type("name=billingAddress2", ""): null

2024-08-20 23:20:07 - [TEST_STEP][PASSED] - selenium.type("id=billing-zip-input", "22201"): null

2024-08-20 23:20:07 - [TEST_STEP][PASSED] - selenium.click("id=checkedAcceptCondition"): null

2024-08-20 23:20:07 - [TEST_STEP][PASSED] - selenium.click("name=achSubmit"): null

2024-08-20 23:20:08 - [TEST_STEP][PASSED] - selenium.waitForPageToLoad("30000"): null

2024-08-20 23:20:08 - [TEST_STEP][PASSED] - verifyTextPresent("Please verify the following information:", true): Text 'Please verify the following information:' is present on page  using regular expression

2024-08-20 23:20:08 - [MESSAGE][PASSED] - Text 'Please verify the following information:' is present on page  using regular expression

2024-08-20 23:20:08 - [TEST_STEP][PASSED] - verifyTextPresent("Is this information correct", true): Text 'Is this information correct' is present on page  using regular expression

2024-08-20 23:20:09 - [MESSAGE][PASSED] - Text 'Is this information correct' is present on page  using regular expression

2024-08-20 23:20:09 - [TEST_STEP][PASSED] - verifyTextPresent("$2.00", false): Text '$2.00' is present on page 

2024-08-20 23:20:09 - [MESSAGE][PASSED] - Text '$2.00' is present on page 

2024-08-20 23:20:09 - [TEST_STEP][PASSED] - selenium.click("name=confirmNotifyAction"): null

2024-08-20 23:20:09 - [TEST_STEP][PASSED] - selenium.waitForPageToLoad("30000"): null

2024-08-20 23:20:10 - [TEST_STEP][PASSED] - Thread.sleep(8000): null

2024-08-20 23:20:18 - [TEST_STEP][PASSED] - verifyTextPresent("Successful Payment Receipt", true): Text 'Successful Payment Receipt' is present on page  using regular expression

2024-08-20 23:20:18 - [MESSAGE][PASSED] - Text 'Successful Payment Receipt' is present on page  using regular expression

2024-08-20 23:20:18 - [TEST_STEP][PASSED] - verifyTextPresent("$2.00", false): Text '$2.00' is present on page 

2024-08-20 23:20:18 - [MESSAGE][PASSED] - Text '$2.00' is present on page 

2024-08-20 23:20:18 - [TEST_STEP][PASSED] - println("End Test: NoOverPayButUnderPayPC"): null]]></system-out>
         <system-err><![CDATA[]]></system-err>
      </testcase>
      <testcase name="Test Cases/IntegratedWeb/IWP23-SelIDE/NoOverPayCC" time="15.023" classname="Test Cases/IntegratedWeb/IWP23-SelIDE/NoOverPayCC" status="PASSED">
         <system-out><![CDATA[2024-08-20 23:20:18 - [TEST_CASE][PASSED] - Test Cases/IntegratedWeb/IWP23-SelIDE/NoOverPayCC: Test Cases/IntegratedWeb/IWP23-SelIDE/NoOverPayCC

2024-08-20 23:20:19 - [TEST_STEP][PASSED] - softAssertion = new org.testng.asserts.SoftAssert(): null

2024-08-20 23:20:19 - [TEST_STEP][PASSED] - openBrowser("https://www.google.com/"): Browser is opened with url: 'https://www.google.com/'

2024-08-20 23:20:19 - [MESSAGE][WARNING] - A browser is already opened. Closing browser and opening a new one

2024-08-20 23:20:20 - [MESSAGE][INFO] - Starting 'Chrome' driver

2024-08-20 23:20:20 - [MESSAGE][INFO] - User set preference: ['acceptInsecureCerts', 'true']

2024-08-20 23:20:20 - [MESSAGE][INFO] - Action delay is set to 0 milliseconds

2024-08-20 23:20:23 - [MESSAGE][PASSED] - Browser is opened with url: 'https://www.google.com/'

2024-08-20 23:20:23 - [TEST_STEP][PASSED] - driver = getWebDriver(): null

2024-08-20 23:20:23 - [TEST_STEP][PASSED] - baseUrl = "https://www.google.com/": null

2024-08-20 23:20:23 - [TEST_STEP][PASSED] - selenium = new com.thoughtworks.selenium.webdriven.WebDriverBackedSelenium(driver, baseUrl): null

2024-08-20 23:20:23 - [TEST_STEP][PASSED] - println("Begin Test: NoOverPayCC"): null

2024-08-20 23:20:23 - [TEST_STEP][PASSED] - emulatorURL = urlEmulator: null

2024-08-20 23:20:23 - [TEST_STEP][PASSED] - selenium.open(emulatorURL): null

2024-08-20 23:20:23 - [TEST_STEP][PASSED] - selenium.selectWindow("null"): null

2024-08-20 23:20:23 - [TEST_STEP][PASSED] - selenium.select("name=message_version", "label=2.3"): null

2024-08-20 23:20:24 - [TEST_STEP][PASSED] - selenium.waitForPageToLoad("30000"): null

2024-08-20 23:20:24 - [TEST_STEP][PASSED] - selenium.type("name=amount", 00".toString()): null

2024-08-20 23:20:25 - [TEST_STEP][PASSED] - selenium.type("name=client_account_number", "CAN12345"): null

2024-08-20 23:20:25 - [TEST_STEP][PASSED] - selenium.type("name=action_type", "PayNow"): null

2024-08-20 23:20:25 - [TEST_STEP][PASSED] - selenium.type("name=language", "en_US"): null

2024-08-20 23:20:25 - [TEST_STEP][PASSED] - selenium.type("name=billing_firstname", "Mandy"): null

2024-08-20 23:20:25 - [TEST_STEP][PASSED] - selenium.type("name=billing_lastname", "Iguera"): null

2024-08-20 23:20:25 - [TEST_STEP][PASSED] - selenium.type("name=billing_address", "56 World Center Drive".toString()): null

2024-08-20 23:20:25 - [TEST_STEP][PASSED] - selenium.type("name=billing_address2", "Suite 600".toString()): null

2024-08-20 23:20:25 - [TEST_STEP][PASSED] - selenium.type("name=billing_country_id", "840"): null

2024-08-20 23:20:25 - [TEST_STEP][PASSED] - selenium.type("name=billing_city", "Orlando"): null

2024-08-20 23:20:25 - [TEST_STEP][PASSED] - selenium.type("name=billing_state", "NH"): null

2024-08-20 23:20:25 - [TEST_STEP][PASSED] - selenium.type("name=billing_zip", "03106"): null

2024-08-20 23:20:25 - [TEST_STEP][PASSED] - selenium.type("name=order_number", "PPPPOOOO"): null

2024-08-20 23:20:25 - [TEST_STEP][PASSED] - selenium.type("name=user_defined1", "udf1"): null

2024-08-20 23:20:25 - [TEST_STEP][PASSED] - selenium.type("name=user_defined2", "udf2"): null

2024-08-20 23:20:25 - [TEST_STEP][PASSED] - selenium.type("name=user_defined3", "udf3"): null

2024-08-20 23:20:25 - [TEST_STEP][PASSED] - selenium.type("name=user_defined4", "Orange Label".toString()): null

2024-08-20 23:20:25 - [TEST_STEP][PASSED] - selenium.type("name=user_defined5", "Soccer Label".toString()): null

2024-08-20 23:20:25 - [TEST_STEP][PASSED] - selenium.click("name=submit"): null

2024-08-20 23:20:26 - [TEST_STEP][PASSED] - selenium.waitForPageToLoad("30000"): null

2024-08-20 23:20:26 - [TEST_STEP][PASSED] - testHarnessURL = urlTestHarness: null

2024-08-20 23:20:26 - [TEST_STEP][PASSED] - selenium.open(testHarnessURL): null

2024-08-20 23:20:27 - [TEST_STEP][PASSED] - Thread.sleep(2000): null

2024-08-20 23:20:29 - [TEST_STEP][PASSED] - selenium.type("name=application_id", "652"): null

2024-08-20 23:20:29 - [TEST_STEP][PASSED] - selenium.type("name=message_version", 3".toString()): null

2024-08-20 23:20:29 - [TEST_STEP][PASSED] - genRemIDVoid = RandomStringUtils.random(12, true, true): null

2024-08-20 23:20:29 - [TEST_STEP][PASSED] - selenium.type("name=remittance_id", genRemIDVoid): null

2024-08-20 23:20:29 - [TEST_STEP][PASSED] - selenium.click("css=input.formSubmit"): null

2024-08-20 23:20:29 - [TEST_STEP][PASSED] - selenium.waitForPageToLoad("30000"): null

2024-08-20 23:20:30 - [TEST_STEP][PASSED] - selenium.selectWindow("null"): null

2024-08-20 23:20:30 - [TEST_STEP][PASSED] - selenium.click("name=paymentMethod"): null

2024-08-20 23:20:30 - [TEST_STEP][PASSED] - selenium.click("css=input[type="submit"]"): null

2024-08-20 23:20:31 - [TEST_STEP][PASSED] - selenium.waitForPageToLoad("30000"): null

2024-08-20 23:20:31 - [TEST_STEP][PASSED] - selenium.type("name=amount", 00".toString()): null

2024-08-20 23:20:31 - [TEST_STEP][PASSED] - selenium.type("id=cardNumber", "4111111111111111"): null

2024-08-20 23:20:31 - [TEST_STEP][PASSED] - selenium.select("name=cardExpMonth", "label=04"): null

2024-08-20 23:20:31 - [TEST_STEP][PASSED] - selenium.select("name=cardExpYear", "label=2028"): null

2024-08-20 23:20:32 - [TEST_STEP][PASSED] - selenium.type("name=emailAddress", com".toString()): null

2024-08-20 23:20:32 - [TEST_STEP][PASSED] - selenium.click("id=checkedAcceptCondition"): null

2024-08-20 23:20:32 - [TEST_STEP][PASSED] - selenium.click("name=ccSubmit"): null

2024-08-20 23:20:32 - [TEST_STEP][PASSED] - selenium.waitForPageToLoad("30000"): null

2024-08-20 23:20:33 - [TEST_STEP][PASSED] - verifyTextPresent("Payment amounts more than", true): Text 'Payment amounts more than' is present on page  using regular expression

2024-08-20 23:20:33 - [MESSAGE][PASSED] - Text 'Payment amounts more than' is present on page  using regular expression

2024-08-20 23:20:33 - [TEST_STEP][PASSED] - verifyTextPresent("are not accepted", true): Text 'are not accepted' is present on page  using regular expression

2024-08-20 23:20:34 - [MESSAGE][PASSED] - Text 'are not accepted' is present on page  using regular expression

2024-08-20 23:20:34 - [TEST_STEP][PASSED] - println("End Test: NoOverPayCC"): null]]></system-out>
         <system-err><![CDATA[]]></system-err>
      </testcase>
      <testcase name="Test Cases/IntegratedWeb/IWP23-SelIDE/NoOverPayPC" time="15.666" classname="Test Cases/IntegratedWeb/IWP23-SelIDE/NoOverPayPC" status="PASSED">
         <system-out><![CDATA[2024-08-20 23:20:34 - [TEST_CASE][PASSED] - Test Cases/IntegratedWeb/IWP23-SelIDE/NoOverPayPC: Test Cases/IntegratedWeb/IWP23-SelIDE/NoOverPayPC

2024-08-20 23:20:35 - [TEST_STEP][PASSED] - softAssertion = new org.testng.asserts.SoftAssert(): null

2024-08-20 23:20:35 - [TEST_STEP][PASSED] - openBrowser("https://www.google.com/"): Browser is opened with url: 'https://www.google.com/'

2024-08-20 23:20:35 - [MESSAGE][WARNING] - A browser is already opened. Closing browser and opening a new one

2024-08-20 23:20:36 - [MESSAGE][INFO] - Starting 'Chrome' driver

2024-08-20 23:20:36 - [MESSAGE][INFO] - User set preference: ['acceptInsecureCerts', 'true']

2024-08-20 23:20:36 - [MESSAGE][INFO] - Action delay is set to 0 milliseconds

2024-08-20 23:20:39 - [MESSAGE][PASSED] - Browser is opened with url: 'https://www.google.com/'

2024-08-20 23:20:39 - [TEST_STEP][PASSED] - driver = getWebDriver(): null

2024-08-20 23:20:39 - [TEST_STEP][PASSED] - baseUrl = "https://www.google.com/": null

2024-08-20 23:20:39 - [TEST_STEP][PASSED] - selenium = new com.thoughtworks.selenium.webdriven.WebDriverBackedSelenium(driver, baseUrl): null

2024-08-20 23:20:39 - [TEST_STEP][PASSED] - println("Begin Test: NoOverPayPC"): null

2024-08-20 23:20:39 - [TEST_STEP][PASSED] - emulatorURL = urlEmulator: null

2024-08-20 23:20:39 - [TEST_STEP][PASSED] - selenium.open(emulatorURL): null

2024-08-20 23:20:39 - [TEST_STEP][PASSED] - selenium.selectWindow("null"): null

2024-08-20 23:20:39 - [TEST_STEP][PASSED] - selenium.select("name=message_version", "label=2.3"): null

2024-08-20 23:20:39 - [TEST_STEP][PASSED] - selenium.waitForPageToLoad("30000"): null

2024-08-20 23:20:40 - [TEST_STEP][PASSED] - selenium.type("name=amount", 00".toString()): null

2024-08-20 23:20:40 - [TEST_STEP][PASSED] - selenium.type("name=client_account_number", "CAN12345"): null

2024-08-20 23:20:40 - [TEST_STEP][PASSED] - selenium.type("name=action_type", "PayNow"): null

2024-08-20 23:20:40 - [TEST_STEP][PASSED] - selenium.type("name=language", "en_US"): null

2024-08-20 23:20:40 - [TEST_STEP][PASSED] - selenium.type("name=billing_firstname", "Mandy"): null

2024-08-20 23:20:40 - [TEST_STEP][PASSED] - selenium.type("name=billing_lastname", "Iguera"): null

2024-08-20 23:20:40 - [TEST_STEP][PASSED] - selenium.type("name=billing_address", "56 World Center Drive".toString()): null

2024-08-20 23:20:40 - [TEST_STEP][PASSED] - selenium.type("name=billing_address2", "Suite 600".toString()): null

2024-08-20 23:20:40 - [TEST_STEP][PASSED] - selenium.type("name=billing_country_id", "840"): null

2024-08-20 23:20:40 - [TEST_STEP][PASSED] - selenium.type("name=billing_city", "Orlando"): null

2024-08-20 23:20:40 - [TEST_STEP][PASSED] - selenium.type("name=billing_state", "NH"): null

2024-08-20 23:20:40 - [TEST_STEP][PASSED] - selenium.type("name=billing_zip", "03106"): null

2024-08-20 23:20:40 - [TEST_STEP][PASSED] - selenium.type("name=order_number", "PPPPOOOO"): null

2024-08-20 23:20:40 - [TEST_STEP][PASSED] - selenium.type("name=user_defined1", "udf1"): null

2024-08-20 23:20:40 - [TEST_STEP][PASSED] - selenium.type("name=user_defined2", "udf2"): null

2024-08-20 23:20:41 - [TEST_STEP][PASSED] - selenium.type("name=user_defined3", "udf3"): null

2024-08-20 23:20:41 - [TEST_STEP][PASSED] - selenium.type("name=user_defined4", "Orange Label".toString()): null

2024-08-20 23:20:41 - [TEST_STEP][PASSED] - selenium.type("name=user_defined5", "Soccer Label".toString()): null

2024-08-20 23:20:41 - [TEST_STEP][PASSED] - selenium.click("name=submit"): null

2024-08-20 23:20:41 - [TEST_STEP][PASSED] - selenium.waitForPageToLoad("30000"): null

2024-08-20 23:20:41 - [TEST_STEP][PASSED] - Thread.sleep(2000): null

2024-08-20 23:20:43 - [TEST_STEP][PASSED] - testHarnessURL = urlTestHarness: null

2024-08-20 23:20:43 - [TEST_STEP][PASSED] - selenium.open(testHarnessURL): null

2024-08-20 23:20:44 - [TEST_STEP][PASSED] - selenium.type("name=application_id", "652"): null

2024-08-20 23:20:44 - [TEST_STEP][PASSED] - selenium.type("name=message_version", 3".toString()): null

2024-08-20 23:20:44 - [TEST_STEP][PASSED] - remID = selenium.getEval("  " + "Date.now"): null

2024-08-20 23:20:44 - [TEST_STEP][PASSED] - selenium.type("name=remittance_id", remID.toString()): null

2024-08-20 23:20:44 - [TEST_STEP][PASSED] - genRemIDVoid = RandomStringUtils.random(12, true, true): null

2024-08-20 23:20:44 - [TEST_STEP][PASSED] - selenium.type("name=remittance_id", genRemIDVoid): null

2024-08-20 23:20:44 - [TEST_STEP][PASSED] - selenium.click("css=input.formSubmit"): null

2024-08-20 23:20:45 - [TEST_STEP][PASSED] - selenium.waitForPageToLoad("30000"): null

2024-08-20 23:20:45 - [TEST_STEP][PASSED] - selenium.click("xpath=(//input[@name='paymentMethod'])[2]"): null

2024-08-20 23:20:45 - [TEST_STEP][PASSED] - selenium.click("css=input[type="submit"]"): null

2024-08-20 23:20:46 - [TEST_STEP][PASSED] - selenium.waitForPageToLoad("30000"): null

2024-08-20 23:20:47 - [TEST_STEP][PASSED] - selenium.type("name=amount", 00".toString()): null

2024-08-20 23:20:47 - [TEST_STEP][PASSED] - selenium.type("name=userDefined1", "udf1 data".toString()): null

2024-08-20 23:20:47 - [TEST_STEP][PASSED] - selenium.type("name=userDefined2", "udf2 data".toString()): null

2024-08-20 23:20:47 - [TEST_STEP][PASSED] - selenium.type("name=billingFirstname", "Mike"): null

2024-08-20 23:20:47 - [TEST_STEP][PASSED] - selenium.type("name=billingLastname", "Chingiti"): null

2024-08-20 23:20:47 - [TEST_STEP][PASSED] - selenium.type("id=routingNumber", "256072691"): null

2024-08-20 23:20:47 - [TEST_STEP][PASSED] - selenium.type("id=accountNumber", "11111111"): null

2024-08-20 23:20:47 - [TEST_STEP][PASSED] - selenium.type("id=confirmAccountNumber", "11111111"): null

2024-08-20 23:20:47 - [TEST_STEP][PASSED] - selenium.click("name=accountType"): null

2024-08-20 23:20:47 - [TEST_STEP][PASSED] - selenium.type("name=billingAddress", "104 main road".toString()): null

2024-08-20 23:20:47 - [TEST_STEP][PASSED] - selenium.type("name=billingAddress2", ""): null

2024-08-20 23:20:47 - [TEST_STEP][PASSED] - selenium.type("id=billing-zip-input", "22201"): null

2024-08-20 23:20:47 - [TEST_STEP][PASSED] - selenium.click("id=checkedAcceptCondition"): null

2024-08-20 23:20:47 - [TEST_STEP][PASSED] - selenium.click("name=achSubmit"): null

2024-08-20 23:20:48 - [TEST_STEP][PASSED] - selenium.waitForPageToLoad("30000"): null

2024-08-20 23:20:49 - [TEST_STEP][PASSED] - verifyTextPresent("Payment amounts more than", true): Text 'Payment amounts more than' is present on page  using regular expression

2024-08-20 23:20:49 - [MESSAGE][PASSED] - Text 'Payment amounts more than' is present on page  using regular expression

2024-08-20 23:20:49 - [TEST_STEP][PASSED] - verifyTextPresent("are not accepted", true): Text 'are not accepted' is present on page  using regular expression

2024-08-20 23:20:49 - [MESSAGE][PASSED] - Text 'are not accepted' is present on page  using regular expression

2024-08-20 23:20:49 - [TEST_STEP][PASSED] - println("End Test: NoOverPayPC"): null]]></system-out>
         <system-err><![CDATA[]]></system-err>
      </testcase>
      <testcase name="Test Cases/IntegratedWeb/IWP23-SelIDE/NoUnderPayButOverPay" time="23.899" classname="Test Cases/IntegratedWeb/IWP23-SelIDE/NoUnderPayButOverPay" status="PASSED">
         <system-out><![CDATA[2024-08-20 23:20:49 - [TEST_CASE][PASSED] - Test Cases/IntegratedWeb/IWP23-SelIDE/NoUnderPayButOverPay: Test Cases/IntegratedWeb/IWP23-SelIDE/NoUnderPayButOverPay

2024-08-20 23:20:50 - [TEST_STEP][PASSED] - softAssertion = new org.testng.asserts.SoftAssert(): null

2024-08-20 23:20:50 - [TEST_STEP][PASSED] - openBrowser("https://www.google.com/"): Browser is opened with url: 'https://www.google.com/'

2024-08-20 23:20:50 - [MESSAGE][WARNING] - A browser is already opened. Closing browser and opening a new one

2024-08-20 23:20:51 - [MESSAGE][INFO] - Starting 'Chrome' driver

2024-08-20 23:20:51 - [MESSAGE][INFO] - User set preference: ['acceptInsecureCerts', 'true']

2024-08-20 23:20:51 - [MESSAGE][INFO] - Action delay is set to 0 milliseconds

2024-08-20 23:20:54 - [MESSAGE][PASSED] - Browser is opened with url: 'https://www.google.com/'

2024-08-20 23:20:54 - [TEST_STEP][PASSED] - driver = getWebDriver(): null

2024-08-20 23:20:54 - [TEST_STEP][PASSED] - baseUrl = "https://www.google.com/": null

2024-08-20 23:20:54 - [TEST_STEP][PASSED] - selenium = new com.thoughtworks.selenium.webdriven.WebDriverBackedSelenium(driver, baseUrl): null

2024-08-20 23:20:54 - [TEST_STEP][PASSED] - println("Begin Test: NoUnderPayButOverPay"): null

2024-08-20 23:20:54 - [TEST_STEP][PASSED] - emulatorURL = urlEmulator: null

2024-08-20 23:20:54 - [TEST_STEP][PASSED] - selenium.open(emulatorURL): null

2024-08-20 23:20:54 - [TEST_STEP][PASSED] - selenium.selectWindow("null"): null

2024-08-20 23:20:54 - [TEST_STEP][PASSED] - selenium.select("name=message_version", "label=2.3"): null

2024-08-20 23:20:55 - [TEST_STEP][PASSED] - selenium.waitForPageToLoad("30000"): null

2024-08-20 23:20:55 - [TEST_STEP][PASSED] - selenium.type("name=amount", 00".toString()): null

2024-08-20 23:20:55 - [TEST_STEP][PASSED] - selenium.type("name=client_account_number", "CAN12345"): null

2024-08-20 23:20:55 - [TEST_STEP][PASSED] - selenium.type("name=action_type", "PayNow"): null

2024-08-20 23:20:55 - [TEST_STEP][PASSED] - selenium.type("name=language", "en_US"): null

2024-08-20 23:20:55 - [TEST_STEP][PASSED] - selenium.type("name=billing_firstname", "Mandy"): null

2024-08-20 23:20:55 - [TEST_STEP][PASSED] - selenium.type("name=billing_lastname", "Iguera"): null

2024-08-20 23:20:56 - [TEST_STEP][PASSED] - selenium.type("name=billing_address", "56 World Center Drive".toString()): null

2024-08-20 23:20:56 - [TEST_STEP][PASSED] - selenium.type("name=billing_address2", "Suite 600".toString()): null

2024-08-20 23:20:56 - [TEST_STEP][PASSED] - selenium.type("name=billing_country_id", "840"): null

2024-08-20 23:20:56 - [TEST_STEP][PASSED] - selenium.type("name=billing_city", "Orlando"): null

2024-08-20 23:20:56 - [TEST_STEP][PASSED] - selenium.type("name=billing_state", "NH"): null

2024-08-20 23:20:56 - [TEST_STEP][PASSED] - selenium.type("name=billing_zip", "03106"): null

2024-08-20 23:20:56 - [TEST_STEP][PASSED] - selenium.type("name=order_number", "PPPPOOOO"): null

2024-08-20 23:20:56 - [TEST_STEP][PASSED] - selenium.type("name=user_defined1", "udf1"): null

2024-08-20 23:20:56 - [TEST_STEP][PASSED] - selenium.type("name=user_defined2", "udf2"): null

2024-08-20 23:20:56 - [TEST_STEP][PASSED] - selenium.type("name=user_defined3", "udf3"): null

2024-08-20 23:20:56 - [TEST_STEP][PASSED] - selenium.type("name=user_defined4", "Orange Label".toString()): null

2024-08-20 23:20:56 - [TEST_STEP][PASSED] - selenium.type("name=user_defined5", "Soccer Label".toString()): null

2024-08-20 23:20:56 - [TEST_STEP][PASSED] - selenium.click("name=submit"): null

2024-08-20 23:20:56 - [TEST_STEP][PASSED] - selenium.waitForPageToLoad("30000"): null

2024-08-20 23:20:57 - [TEST_STEP][PASSED] - testHarnessURL = urlTestHarness: null

2024-08-20 23:20:57 - [TEST_STEP][PASSED] - selenium.open(testHarnessURL): null

2024-08-20 23:20:57 - [TEST_STEP][PASSED] - Thread.sleep(2000): null

2024-08-20 23:20:59 - [TEST_STEP][PASSED] - selenium.type("name=application_id", "653"): null

2024-08-20 23:20:59 - [TEST_STEP][PASSED] - selenium.type("name=message_version", 3".toString()): null

2024-08-20 23:20:59 - [TEST_STEP][PASSED] - genRemIDVoid = RandomStringUtils.random(12, true, true): null

2024-08-20 23:20:59 - [TEST_STEP][PASSED] - selenium.type("name=remittance_id", genRemIDVoid): null

2024-08-20 23:20:59 - [TEST_STEP][PASSED] - selenium.click("css=input.formSubmit"): null

2024-08-20 23:21:00 - [TEST_STEP][PASSED] - selenium.waitForPageToLoad("30000"): null

2024-08-20 23:21:01 - [TEST_STEP][PASSED] - selenium.selectWindow("null"): null

2024-08-20 23:21:01 - [TEST_STEP][PASSED] - selenium.click("name=paymentMethod"): null

2024-08-20 23:21:01 - [TEST_STEP][PASSED] - selenium.click("css=input[type="submit"]"): null

2024-08-20 23:21:01 - [TEST_STEP][PASSED] - selenium.waitForPageToLoad("30000"): null

2024-08-20 23:21:02 - [TEST_STEP][PASSED] - selenium.type("name=amount", 00".toString()): null

2024-08-20 23:21:02 - [TEST_STEP][PASSED] - selenium.type("id=cardNumber", "4111111111111111"): null

2024-08-20 23:21:02 - [TEST_STEP][PASSED] - selenium.select("name=cardExpMonth", "label=04"): null

2024-08-20 23:21:02 - [TEST_STEP][PASSED] - selenium.select("name=cardExpYear", "label=2028"): null

2024-08-20 23:21:02 - [TEST_STEP][PASSED] - selenium.type("name=emailAddress", com".toString()): null

2024-08-20 23:21:02 - [TEST_STEP][PASSED] - selenium.click("id=checkedAcceptCondition"): null

2024-08-20 23:21:03 - [TEST_STEP][PASSED] - selenium.click("name=ccSubmit"): null

2024-08-20 23:21:03 - [TEST_STEP][PASSED] - selenium.waitForPageToLoad("30000"): null

2024-08-20 23:21:04 - [TEST_STEP][PASSED] - verifyTextPresent("$695.00", false): Text '$695.00' is present on page 

2024-08-20 23:21:04 - [MESSAGE][PASSED] - Text '$695.00' is present on page 

2024-08-20 23:21:04 - [TEST_STEP][PASSED] - selenium.click("name=confirmNotifyAction"): null

2024-08-20 23:21:04 - [TEST_STEP][PASSED] - selenium.waitForPageToLoad("30000"): null

2024-08-20 23:21:05 - [TEST_STEP][PASSED] - Thread.sleep(8000): null

2024-08-20 23:21:13 - [TEST_STEP][PASSED] - verifyTextPresent("$695.00", false): Text '$695.00' is present on page 

2024-08-20 23:21:13 - [MESSAGE][PASSED] - Text '$695.00' is present on page 

2024-08-20 23:21:13 - [TEST_STEP][PASSED] - println("End Test: NoUnderPayButOverPay"): null]]></system-out>
         <system-err><![CDATA[]]></system-err>
      </testcase>
      <testcase name="Test Cases/IntegratedWeb/IWP23-SelIDE/NoUnderPaybutOverPayPC" time="24.956" classname="Test Cases/IntegratedWeb/IWP23-SelIDE/NoUnderPaybutOverPayPC" status="PASSED">
         <system-out><![CDATA[2024-08-20 23:21:13 - [TEST_CASE][PASSED] - Test Cases/IntegratedWeb/IWP23-SelIDE/NoUnderPaybutOverPayPC: Test Cases/IntegratedWeb/IWP23-SelIDE/NoUnderPaybutOverPayPC

2024-08-20 23:21:14 - [TEST_STEP][PASSED] - softAssertion = new org.testng.asserts.SoftAssert(): null

2024-08-20 23:21:14 - [TEST_STEP][PASSED] - openBrowser("https://www.google.com/"): Browser is opened with url: 'https://www.google.com/'

2024-08-20 23:21:14 - [MESSAGE][WARNING] - A browser is already opened. Closing browser and opening a new one

2024-08-20 23:21:15 - [MESSAGE][INFO] - Starting 'Chrome' driver

2024-08-20 23:21:15 - [MESSAGE][INFO] - User set preference: ['acceptInsecureCerts', 'true']

2024-08-20 23:21:15 - [MESSAGE][INFO] - Action delay is set to 0 milliseconds

2024-08-20 23:21:18 - [MESSAGE][PASSED] - Browser is opened with url: 'https://www.google.com/'

2024-08-20 23:21:18 - [TEST_STEP][PASSED] - driver = getWebDriver(): null

2024-08-20 23:21:18 - [TEST_STEP][PASSED] - baseUrl = "https://www.google.com/": null

2024-08-20 23:21:18 - [TEST_STEP][PASSED] - selenium = new com.thoughtworks.selenium.webdriven.WebDriverBackedSelenium(driver, baseUrl): null

2024-08-20 23:21:18 - [TEST_STEP][PASSED] - println("Begin Test: NoUnderPaybutOverPayPC"): null

2024-08-20 23:21:18 - [TEST_STEP][PASSED] - emulatorURL = urlEmulator: null

2024-08-20 23:21:18 - [TEST_STEP][PASSED] - selenium.open(emulatorURL): null

2024-08-20 23:21:18 - [TEST_STEP][PASSED] - selenium.selectWindow("null"): null

2024-08-20 23:21:18 - [TEST_STEP][PASSED] - selenium.select("name=message_version", "label=2.3"): null

2024-08-20 23:21:18 - [TEST_STEP][PASSED] - selenium.waitForPageToLoad("30000"): null

2024-08-20 23:21:19 - [TEST_STEP][PASSED] - selenium.type("name=amount", 00".toString()): null

2024-08-20 23:21:19 - [TEST_STEP][PASSED] - selenium.type("name=client_account_number", "CAN12345"): null

2024-08-20 23:21:19 - [TEST_STEP][PASSED] - selenium.type("name=action_type", "PayNow"): null

2024-08-20 23:21:19 - [TEST_STEP][PASSED] - selenium.type("name=language", "en_US"): null

2024-08-20 23:21:19 - [TEST_STEP][PASSED] - selenium.type("name=billing_firstname", "Mandy"): null

2024-08-20 23:21:19 - [TEST_STEP][PASSED] - selenium.type("name=billing_lastname", "Iguera"): null

2024-08-20 23:21:19 - [TEST_STEP][PASSED] - selenium.type("name=billing_address", "56 World Center Drive".toString()): null

2024-08-20 23:21:19 - [TEST_STEP][PASSED] - selenium.type("name=billing_address2", "Suite 600".toString()): null

2024-08-20 23:21:19 - [TEST_STEP][PASSED] - selenium.type("name=billing_country_id", "840"): null

2024-08-20 23:21:19 - [TEST_STEP][PASSED] - selenium.type("name=billing_city", "Orlando"): null

2024-08-20 23:21:19 - [TEST_STEP][PASSED] - selenium.type("name=billing_state", "NH"): null

2024-08-20 23:21:20 - [TEST_STEP][PASSED] - selenium.type("name=billing_zip", "03106"): null

2024-08-20 23:21:20 - [TEST_STEP][PASSED] - selenium.type("name=order_number", "PPPPOOOO"): null

2024-08-20 23:21:20 - [TEST_STEP][PASSED] - selenium.type("name=user_defined1", "udf1"): null

2024-08-20 23:21:20 - [TEST_STEP][PASSED] - selenium.type("name=user_defined2", "udf2"): null

2024-08-20 23:21:20 - [TEST_STEP][PASSED] - selenium.type("name=user_defined3", "udf3"): null

2024-08-20 23:21:20 - [TEST_STEP][PASSED] - selenium.type("name=user_defined4", "Orange Label".toString()): null

2024-08-20 23:21:20 - [TEST_STEP][PASSED] - selenium.type("name=user_defined5", "Soccer Label".toString()): null

2024-08-20 23:21:20 - [TEST_STEP][PASSED] - selenium.click("name=submit"): null

2024-08-20 23:21:20 - [TEST_STEP][PASSED] - selenium.waitForPageToLoad("30000"): null

2024-08-20 23:21:21 - [TEST_STEP][PASSED] - Thread.sleep(2000): null

2024-08-20 23:21:23 - [TEST_STEP][PASSED] - testHarnessURL = urlTestHarness: null

2024-08-20 23:21:23 - [TEST_STEP][PASSED] - selenium.open(testHarnessURL): null

2024-08-20 23:21:23 - [TEST_STEP][PASSED] - selenium.type("name=application_id", "653"): null

2024-08-20 23:21:23 - [TEST_STEP][PASSED] - selenium.type("name=message_version", 3".toString()): null

2024-08-20 23:21:23 - [TEST_STEP][PASSED] - genRemIDVoid = RandomStringUtils.random(12, true, true): null

2024-08-20 23:21:23 - [TEST_STEP][PASSED] - selenium.type("name=remittance_id", genRemIDVoid): null

2024-08-20 23:21:23 - [TEST_STEP][PASSED] - selenium.click("css=input.formSubmit"): null

2024-08-20 23:21:24 - [TEST_STEP][PASSED] - selenium.waitForPageToLoad("30000"): null

2024-08-20 23:21:24 - [TEST_STEP][PASSED] - selenium.click("xpath=(//input[@name='paymentMethod'])[2]"): null

2024-08-20 23:21:25 - [TEST_STEP][PASSED] - selenium.click("css=input[type="submit"]"): null

2024-08-20 23:21:25 - [TEST_STEP][PASSED] - selenium.waitForPageToLoad("30000"): null

2024-08-20 23:21:26 - [TEST_STEP][PASSED] - selenium.type("name=amount", 00".toString()): null

2024-08-20 23:21:26 - [TEST_STEP][PASSED] - selenium.type("name=billingFirstname", "Mike"): null

2024-08-20 23:21:26 - [TEST_STEP][PASSED] - selenium.type("name=billingLastname", "Chingiti"): null

2024-08-20 23:21:26 - [TEST_STEP][PASSED] - selenium.type("id=routingNumber", "256072691"): null

2024-08-20 23:21:26 - [TEST_STEP][PASSED] - selenium.type("id=accountNumber", "11111111"): null

2024-08-20 23:21:26 - [TEST_STEP][PASSED] - selenium.type("id=confirmAccountNumber", "11111111"): null

2024-08-20 23:21:26 - [TEST_STEP][PASSED] - selenium.click("name=accountType"): null

2024-08-20 23:21:26 - [TEST_STEP][PASSED] - selenium.type("name=billingAddress", "104 main road".toString()): null

2024-08-20 23:21:27 - [TEST_STEP][PASSED] - selenium.type("name=billingAddress2", ""): null

2024-08-20 23:21:27 - [TEST_STEP][PASSED] - selenium.type("id=billing-zip-input", "22201"): null

2024-08-20 23:21:27 - [TEST_STEP][PASSED] - selenium.click("id=checkedAcceptCondition"): null

2024-08-20 23:21:27 - [TEST_STEP][PASSED] - selenium.click("name=achSubmit"): null

2024-08-20 23:21:27 - [TEST_STEP][PASSED] - selenium.waitForPageToLoad("30000"): null

2024-08-20 23:21:28 - [TEST_STEP][PASSED] - verifyTextPresent("Please verify the following information:", true): Text 'Please verify the following information:' is present on page  using regular expression

2024-08-20 23:21:28 - [MESSAGE][PASSED] - Text 'Please verify the following information:' is present on page  using regular expression

2024-08-20 23:21:28 - [TEST_STEP][PASSED] - verifyTextPresent("Is this information correct", true): Text 'Is this information correct' is present on page  using regular expression

2024-08-20 23:21:28 - [MESSAGE][PASSED] - Text 'Is this information correct' is present on page  using regular expression

2024-08-20 23:21:28 - [TEST_STEP][PASSED] - verifyTextPresent("$695.00", false): Text '$695.00' is present on page 

2024-08-20 23:21:29 - [MESSAGE][PASSED] - Text '$695.00' is present on page 

2024-08-20 23:21:29 - [TEST_STEP][PASSED] - selenium.click("name=confirmNotifyAction"): null

2024-08-20 23:21:29 - [TEST_STEP][PASSED] - selenium.waitForPageToLoad("30000"): null

2024-08-20 23:21:30 - [TEST_STEP][PASSED] - Thread.sleep(8000): null

2024-08-20 23:21:38 - [TEST_STEP][PASSED] - verifyTextPresent("Successful Payment Receipt", true): Text 'Successful Payment Receipt' is present on page  using regular expression

2024-08-20 23:21:38 - [MESSAGE][PASSED] - Text 'Successful Payment Receipt' is present on page  using regular expression

2024-08-20 23:21:38 - [TEST_STEP][PASSED] - verifyTextPresent("$695.00", false): Text '$695.00' is present on page 

2024-08-20 23:21:38 - [MESSAGE][PASSED] - Text '$695.00' is present on page 

2024-08-20 23:21:38 - [TEST_STEP][PASSED] - println("End Test: NoUnderPaybutOverPayPC"): null]]></system-out>
         <system-err><![CDATA[]]></system-err>
      </testcase>
      <testcase name="Test Cases/IntegratedWeb/IWP23-SelIDE/NoUnderPayCC" time="15.006" classname="Test Cases/IntegratedWeb/IWP23-SelIDE/NoUnderPayCC" status="PASSED">
         <system-out><![CDATA[2024-08-20 23:21:38 - [TEST_CASE][PASSED] - Test Cases/IntegratedWeb/IWP23-SelIDE/NoUnderPayCC: Test Cases/IntegratedWeb/IWP23-SelIDE/NoUnderPayCC

2024-08-20 23:21:39 - [TEST_STEP][PASSED] - softAssertion = new org.testng.asserts.SoftAssert(): null

2024-08-20 23:21:39 - [TEST_STEP][PASSED] - openBrowser("https://www.google.com/"): Browser is opened with url: 'https://www.google.com/'

2024-08-20 23:21:39 - [MESSAGE][WARNING] - A browser is already opened. Closing browser and opening a new one

2024-08-20 23:21:40 - [MESSAGE][INFO] - Starting 'Chrome' driver

2024-08-20 23:21:40 - [MESSAGE][INFO] - User set preference: ['acceptInsecureCerts', 'true']

2024-08-20 23:21:40 - [MESSAGE][INFO] - Action delay is set to 0 milliseconds

2024-08-20 23:21:43 - [MESSAGE][PASSED] - Browser is opened with url: 'https://www.google.com/'

2024-08-20 23:21:43 - [TEST_STEP][PASSED] - driver = getWebDriver(): null

2024-08-20 23:21:43 - [TEST_STEP][PASSED] - baseUrl = "https://www.google.com/": null

2024-08-20 23:21:43 - [TEST_STEP][PASSED] - selenium = new com.thoughtworks.selenium.webdriven.WebDriverBackedSelenium(driver, baseUrl): null

2024-08-20 23:21:43 - [TEST_STEP][PASSED] - println("Begin Test: NoUnderPayCC"): null

2024-08-20 23:21:43 - [TEST_STEP][PASSED] - emulatorURL = urlEmulator: null

2024-08-20 23:21:43 - [TEST_STEP][PASSED] - selenium.open(emulatorURL): null

2024-08-20 23:21:43 - [TEST_STEP][PASSED] - selenium.selectWindow("null"): null

2024-08-20 23:21:43 - [TEST_STEP][PASSED] - selenium.select("name=message_version", "label=2.3"): null

2024-08-20 23:21:44 - [TEST_STEP][PASSED] - selenium.waitForPageToLoad("30000"): null

2024-08-20 23:21:44 - [TEST_STEP][PASSED] - selenium.type("name=amount", 00".toString()): null

2024-08-20 23:21:44 - [TEST_STEP][PASSED] - selenium.type("name=client_account_number", "CAN12345"): null

2024-08-20 23:21:44 - [TEST_STEP][PASSED] - selenium.type("name=action_type", "PayNow"): null

2024-08-20 23:21:44 - [TEST_STEP][PASSED] - selenium.type("name=language", "en_US"): null

2024-08-20 23:21:44 - [TEST_STEP][PASSED] - selenium.type("name=billing_firstname", "Mandy"): null

2024-08-20 23:21:44 - [TEST_STEP][PASSED] - selenium.type("name=billing_lastname", "Iguera"): null

2024-08-20 23:21:44 - [TEST_STEP][PASSED] - selenium.type("name=billing_address", "56 World Center Drive".toString()): null

2024-08-20 23:21:44 - [TEST_STEP][PASSED] - selenium.type("name=billing_address2", "Suite 600".toString()): null

2024-08-20 23:21:44 - [TEST_STEP][PASSED] - selenium.type("name=billing_country_id", "840"): null

2024-08-20 23:21:44 - [TEST_STEP][PASSED] - selenium.type("name=billing_city", "Orlando"): null

2024-08-20 23:21:45 - [TEST_STEP][PASSED] - selenium.type("name=billing_state", "NH"): null

2024-08-20 23:21:45 - [TEST_STEP][PASSED] - selenium.type("name=billing_zip", "03106"): null

2024-08-20 23:21:45 - [TEST_STEP][PASSED] - selenium.type("name=order_number", "PPPPOOOO"): null

2024-08-20 23:21:45 - [TEST_STEP][PASSED] - selenium.type("name=user_defined1", "udf1"): null

2024-08-20 23:21:45 - [TEST_STEP][PASSED] - selenium.type("name=user_defined2", "udf2"): null

2024-08-20 23:21:45 - [TEST_STEP][PASSED] - selenium.type("name=user_defined3", "udf3"): null

2024-08-20 23:21:45 - [TEST_STEP][PASSED] - selenium.type("name=user_defined4", "Orange Label".toString()): null

2024-08-20 23:21:45 - [TEST_STEP][PASSED] - selenium.type("name=user_defined5", "Soccer Label".toString()): null

2024-08-20 23:21:45 - [TEST_STEP][PASSED] - selenium.click("name=submit"): null

2024-08-20 23:21:45 - [TEST_STEP][PASSED] - selenium.waitForPageToLoad("30000"): null

2024-08-20 23:21:46 - [TEST_STEP][PASSED] - testHarnessURL = urlTestHarness: null

2024-08-20 23:21:46 - [TEST_STEP][PASSED] - selenium.open(testHarnessURL): null

2024-08-20 23:21:46 - [TEST_STEP][PASSED] - Thread.sleep(2000): null

2024-08-20 23:21:48 - [TEST_STEP][PASSED] - selenium.type("name=application_id", "653"): null

2024-08-20 23:21:48 - [TEST_STEP][PASSED] - selenium.type("name=message_version", 3".toString()): null

2024-08-20 23:21:48 - [TEST_STEP][PASSED] - genRemIDVoid = RandomStringUtils.random(12, true, true): null

2024-08-20 23:21:48 - [TEST_STEP][PASSED] - selenium.type("name=remittance_id", genRemIDVoid): null

2024-08-20 23:21:48 - [TEST_STEP][PASSED] - selenium.click("css=input.formSubmit"): null

2024-08-20 23:21:49 - [TEST_STEP][PASSED] - selenium.waitForPageToLoad("30000"): null

2024-08-20 23:21:49 - [TEST_STEP][PASSED] - selenium.selectWindow("null"): null

2024-08-20 23:21:49 - [TEST_STEP][PASSED] - selenium.click("name=paymentMethod"): null

2024-08-20 23:21:49 - [TEST_STEP][PASSED] - selenium.click("css=input[type="submit"]"): null

2024-08-20 23:21:50 - [TEST_STEP][PASSED] - selenium.waitForPageToLoad("30000"): null

2024-08-20 23:21:51 - [TEST_STEP][PASSED] - selenium.type("name=amount", 00".toString()): null

2024-08-20 23:21:51 - [TEST_STEP][PASSED] - selenium.type("id=cardNumber", "4111111111111111"): null

2024-08-20 23:21:51 - [TEST_STEP][PASSED] - selenium.select("name=cardExpMonth", "label=04"): null

2024-08-20 23:21:51 - [TEST_STEP][PASSED] - selenium.select("name=cardExpYear", "label=2028"): null

2024-08-20 23:21:51 - [TEST_STEP][PASSED] - selenium.type("name=emailAddress", com".toString()): null

2024-08-20 23:21:51 - [TEST_STEP][PASSED] - selenium.click("id=checkedAcceptCondition"): null

2024-08-20 23:21:51 - [TEST_STEP][PASSED] - selenium.click("name=ccSubmit"): null

2024-08-20 23:21:52 - [TEST_STEP][PASSED] - selenium.waitForPageToLoad("30000"): null

2024-08-20 23:21:52 - [TEST_STEP][PASSED] - verifyTextPresent("Payment amounts less than", true): Text 'Payment amounts less than' is present on page  using regular expression

2024-08-20 23:21:53 - [MESSAGE][PASSED] - Text 'Payment amounts less than' is present on page  using regular expression

2024-08-20 23:21:53 - [TEST_STEP][PASSED] - verifyTextPresent("are not accepted", true): Text 'are not accepted' is present on page  using regular expression

2024-08-20 23:21:53 - [MESSAGE][PASSED] - Text 'are not accepted' is present on page  using regular expression

2024-08-20 23:21:53 - [TEST_STEP][PASSED] - println("End Test: NoUnderPayCC"): null]]></system-out>
         <system-err><![CDATA[]]></system-err>
      </testcase>
      <testcase name="Test Cases/IntegratedWeb/IWP23-SelIDE/NoUnderPayPC" time="15.956" classname="Test Cases/IntegratedWeb/IWP23-SelIDE/NoUnderPayPC" status="PASSED">
         <system-out><![CDATA[2024-08-20 23:21:53 - [TEST_CASE][PASSED] - Test Cases/IntegratedWeb/IWP23-SelIDE/NoUnderPayPC: Test Cases/IntegratedWeb/IWP23-SelIDE/NoUnderPayPC

2024-08-20 23:21:54 - [TEST_STEP][PASSED] - softAssertion = new org.testng.asserts.SoftAssert(): null

2024-08-20 23:21:54 - [TEST_STEP][PASSED] - openBrowser("https://www.google.com/"): Browser is opened with url: 'https://www.google.com/'

2024-08-20 23:21:54 - [MESSAGE][WARNING] - A browser is already opened. Closing browser and opening a new one

2024-08-20 23:21:55 - [MESSAGE][INFO] - Starting 'Chrome' driver

2024-08-20 23:21:55 - [MESSAGE][INFO] - User set preference: ['acceptInsecureCerts', 'true']

2024-08-20 23:21:55 - [MESSAGE][INFO] - Action delay is set to 0 milliseconds

2024-08-20 23:21:58 - [MESSAGE][PASSED] - Browser is opened with url: 'https://www.google.com/'

2024-08-20 23:21:58 - [TEST_STEP][PASSED] - driver = getWebDriver(): null

2024-08-20 23:21:58 - [TEST_STEP][PASSED] - baseUrl = "https://www.google.com/": null

2024-08-20 23:21:58 - [TEST_STEP][PASSED] - selenium = new com.thoughtworks.selenium.webdriven.WebDriverBackedSelenium(driver, baseUrl): null

2024-08-20 23:21:58 - [TEST_STEP][PASSED] - println("Begin Test: NoUnderPayPC"): null

2024-08-20 23:21:58 - [TEST_STEP][PASSED] - emulatorURL = urlEmulator: null

2024-08-20 23:21:58 - [TEST_STEP][PASSED] - selenium.open(emulatorURL): null

2024-08-20 23:21:58 - [TEST_STEP][PASSED] - selenium.selectWindow("null"): null

2024-08-20 23:21:58 - [TEST_STEP][PASSED] - selenium.select("name=message_version", "label=2.3"): null

2024-08-20 23:21:59 - [TEST_STEP][PASSED] - selenium.waitForPageToLoad("30000"): null

2024-08-20 23:21:59 - [TEST_STEP][PASSED] - selenium.type("name=amount", 00".toString()): null

2024-08-20 23:21:59 - [TEST_STEP][PASSED] - selenium.type("name=client_account_number", "CAN12345"): null

2024-08-20 23:21:59 - [TEST_STEP][PASSED] - selenium.type("name=action_type", "PayNow"): null

2024-08-20 23:21:59 - [TEST_STEP][PASSED] - selenium.type("name=language", "en_US"): null

2024-08-20 23:21:59 - [TEST_STEP][PASSED] - selenium.type("name=billing_firstname", "Mandy"): null

2024-08-20 23:21:59 - [TEST_STEP][PASSED] - selenium.type("name=billing_lastname", "Iguera"): null

2024-08-20 23:22:00 - [TEST_STEP][PASSED] - selenium.type("name=billing_address", "56 World Center Drive".toString()): null

2024-08-20 23:22:00 - [TEST_STEP][PASSED] - selenium.type("name=billing_address2", "Suite 600".toString()): null

2024-08-20 23:22:00 - [TEST_STEP][PASSED] - selenium.type("name=billing_country_id", "840"): null

2024-08-20 23:22:00 - [TEST_STEP][PASSED] - selenium.type("name=billing_city", "Orlando"): null

2024-08-20 23:22:00 - [TEST_STEP][PASSED] - selenium.type("name=billing_state", "NH"): null

2024-08-20 23:22:00 - [TEST_STEP][PASSED] - selenium.type("name=billing_zip", "03106"): null

2024-08-20 23:22:00 - [TEST_STEP][PASSED] - selenium.type("name=order_number", "PPPPOOOO"): null

2024-08-20 23:22:00 - [TEST_STEP][PASSED] - selenium.type("name=user_defined1", "udf1"): null

2024-08-20 23:22:00 - [TEST_STEP][PASSED] - selenium.type("name=user_defined2", "udf2"): null

2024-08-20 23:22:00 - [TEST_STEP][PASSED] - selenium.type("name=user_defined3", "udf3"): null

2024-08-20 23:22:00 - [TEST_STEP][PASSED] - selenium.type("name=user_defined4", "Orange Label".toString()): null

2024-08-20 23:22:00 - [TEST_STEP][PASSED] - selenium.type("name=user_defined5", "Soccer Label".toString()): null

2024-08-20 23:22:00 - [TEST_STEP][PASSED] - selenium.click("name=submit"): null

2024-08-20 23:22:00 - [TEST_STEP][PASSED] - selenium.waitForPageToLoad("30000"): null

2024-08-20 23:22:01 - [TEST_STEP][PASSED] - Thread.sleep(2000): null

2024-08-20 23:22:03 - [TEST_STEP][PASSED] - testHarnessURL = urlTestHarness: null

2024-08-20 23:22:03 - [TEST_STEP][PASSED] - selenium.open(testHarnessURL): null

2024-08-20 23:22:03 - [TEST_STEP][PASSED] - selenium.type("name=application_id", "653"): null

2024-08-20 23:22:03 - [TEST_STEP][PASSED] - selenium.type("name=message_version", 3".toString()): null

2024-08-20 23:22:03 - [TEST_STEP][PASSED] - genRemIDVoid = RandomStringUtils.random(12, true, true): null

2024-08-20 23:22:03 - [TEST_STEP][PASSED] - selenium.type("name=remittance_id", genRemIDVoid): null

2024-08-20 23:22:03 - [TEST_STEP][PASSED] - selenium.click("css=input.formSubmit"): null

2024-08-20 23:22:04 - [TEST_STEP][PASSED] - selenium.waitForPageToLoad("30000"): null

2024-08-20 23:22:05 - [TEST_STEP][PASSED] - selenium.click("xpath=(//input[@name='paymentMethod'])[2]"): null

2024-08-20 23:22:05 - [TEST_STEP][PASSED] - selenium.click("css=input[type="submit"]"): null

2024-08-20 23:22:06 - [TEST_STEP][PASSED] - selenium.waitForPageToLoad("30000"): null

2024-08-20 23:22:06 - [TEST_STEP][PASSED] - selenium.type("name=amount", 00".toString()): null

2024-08-20 23:22:06 - [TEST_STEP][PASSED] - selenium.type("name=billingFirstname", "Mike"): null

2024-08-20 23:22:06 - [TEST_STEP][PASSED] - selenium.type("name=billingLastname", "Chingiti"): null

2024-08-20 23:22:06 - [TEST_STEP][PASSED] - selenium.type("id=routingNumber", "256072691"): null

2024-08-20 23:22:07 - [TEST_STEP][PASSED] - selenium.type("id=accountNumber", "11111111"): null

2024-08-20 23:22:07 - [TEST_STEP][PASSED] - selenium.type("id=confirmAccountNumber", "11111111"): null

2024-08-20 23:22:07 - [TEST_STEP][PASSED] - selenium.click("name=accountType"): null

2024-08-20 23:22:07 - [TEST_STEP][PASSED] - selenium.type("name=billingAddress", "104 main road".toString()): null

2024-08-20 23:22:07 - [TEST_STEP][PASSED] - selenium.type("name=billingAddress2", ""): null

2024-08-20 23:22:07 - [TEST_STEP][PASSED] - selenium.type("id=billing-zip-input", "22201"): null

2024-08-20 23:22:07 - [TEST_STEP][PASSED] - selenium.click("id=checkedAcceptCondition"): null

2024-08-20 23:22:07 - [TEST_STEP][PASSED] - selenium.click("name=achSubmit"): null

2024-08-20 23:22:08 - [TEST_STEP][PASSED] - selenium.waitForPageToLoad("30000"): null

2024-08-20 23:22:08 - [TEST_STEP][PASSED] - verifyTextPresent("Payment amounts less than", true): Text 'Payment amounts less than' is present on page  using regular expression

2024-08-20 23:22:09 - [MESSAGE][PASSED] - Text 'Payment amounts less than' is present on page  using regular expression

2024-08-20 23:22:09 - [TEST_STEP][PASSED] - verifyTextPresent("are not accepted", true): Text 'are not accepted' is present on page  using regular expression

2024-08-20 23:22:09 - [MESSAGE][PASSED] - Text 'are not accepted' is present on page  using regular expression

2024-08-20 23:22:09 - [TEST_STEP][PASSED] - println("End Test: NoUnderPayPC"): null]]></system-out>
         <system-err><![CDATA[]]></system-err>
      </testcase>
      <testcase name="Test Cases/IntegratedWeb/IWP23-SelIDE/SCFAboveCeilingCC" time="26.357" classname="Test Cases/IntegratedWeb/IWP23-SelIDE/SCFAboveCeilingCC" status="PASSED">
         <system-out><![CDATA[2024-08-20 23:22:09 - [TEST_CASE][PASSED] - Test Cases/IntegratedWeb/IWP23-SelIDE/SCFAboveCeilingCC: Test Cases/IntegratedWeb/IWP23-SelIDE/SCFAboveCeilingCC

2024-08-20 23:22:10 - [TEST_STEP][PASSED] - softAssertion = new org.testng.asserts.SoftAssert(): null

2024-08-20 23:22:10 - [TEST_STEP][PASSED] - openBrowser("https://www.google.com/"): Browser is opened with url: 'https://www.google.com/'

2024-08-20 23:22:10 - [MESSAGE][WARNING] - A browser is already opened. Closing browser and opening a new one

2024-08-20 23:22:11 - [MESSAGE][INFO] - Starting 'Chrome' driver

2024-08-20 23:22:11 - [MESSAGE][INFO] - User set preference: ['acceptInsecureCerts', 'true']

2024-08-20 23:22:11 - [MESSAGE][INFO] - Action delay is set to 0 milliseconds

2024-08-20 23:22:14 - [MESSAGE][PASSED] - Browser is opened with url: 'https://www.google.com/'

2024-08-20 23:22:14 - [TEST_STEP][PASSED] - driver = getWebDriver(): null

2024-08-20 23:22:14 - [TEST_STEP][PASSED] - baseUrl = "https://www.google.com/": null

2024-08-20 23:22:14 - [TEST_STEP][PASSED] - selenium = new com.thoughtworks.selenium.webdriven.WebDriverBackedSelenium(driver, baseUrl): null

2024-08-20 23:22:14 - [TEST_STEP][PASSED] - println("Begin Test: SCFAboveCeilingCC"): null

2024-08-20 23:22:14 - [TEST_STEP][PASSED] - emulatorURL = urlEmulator: null

2024-08-20 23:22:14 - [TEST_STEP][PASSED] - selenium.open(emulatorURL): null

2024-08-20 23:22:14 - [TEST_STEP][PASSED] - selenium.selectWindow("null"): null

2024-08-20 23:22:14 - [TEST_STEP][PASSED] - selenium.select("name=message_version", "label=2.3"): null

2024-08-20 23:22:15 - [TEST_STEP][PASSED] - selenium.waitForPageToLoad("30000"): null

2024-08-20 23:22:15 - [TEST_STEP][PASSED] - selenium.type("name=amount", 00".toString()): null

2024-08-20 23:22:15 - [TEST_STEP][PASSED] - selenium.type("name=client_account_number", "CAN12345"): null

2024-08-20 23:22:15 - [TEST_STEP][PASSED] - selenium.type("name=action_type", "PayNow"): null

2024-08-20 23:22:15 - [TEST_STEP][PASSED] - selenium.type("name=language", "en_US"): null

2024-08-20 23:22:15 - [TEST_STEP][PASSED] - selenium.type("name=billing_firstname", "Mandy"): null

2024-08-20 23:22:15 - [TEST_STEP][PASSED] - selenium.type("name=billing_lastname", "Iguera"): null

2024-08-20 23:22:16 - [TEST_STEP][PASSED] - selenium.type("name=billing_address", "56 World Center Drive".toString()): null

2024-08-20 23:22:16 - [TEST_STEP][PASSED] - selenium.type("name=billing_address2", "Suite 600".toString()): null

2024-08-20 23:22:16 - [TEST_STEP][PASSED] - selenium.type("name=billing_country_id", "840"): null

2024-08-20 23:22:16 - [TEST_STEP][PASSED] - selenium.type("name=billing_city", "Orlando"): null

2024-08-20 23:22:16 - [TEST_STEP][PASSED] - selenium.type("name=billing_state", "NH"): null

2024-08-20 23:22:16 - [TEST_STEP][PASSED] - selenium.type("name=billing_zip", "03106"): null

2024-08-20 23:22:16 - [TEST_STEP][PASSED] - selenium.type("name=order_number", "PPPPOOOO"): null

2024-08-20 23:22:16 - [TEST_STEP][PASSED] - selenium.type("name=user_defined1", "udf1"): null

2024-08-20 23:22:16 - [TEST_STEP][PASSED] - selenium.type("name=user_defined2", "udf2"): null

2024-08-20 23:22:16 - [TEST_STEP][PASSED] - selenium.type("name=user_defined3", "udf3"): null

2024-08-20 23:22:16 - [TEST_STEP][PASSED] - selenium.type("name=user_defined4", "Orange Label".toString()): null

2024-08-20 23:22:16 - [TEST_STEP][PASSED] - selenium.type("name=user_defined5", "Soccer Label".toString()): null

2024-08-20 23:22:16 - [TEST_STEP][PASSED] - selenium.click("name=submit"): null

2024-08-20 23:22:16 - [TEST_STEP][PASSED] - selenium.waitForPageToLoad("30000"): null

2024-08-20 23:22:17 - [TEST_STEP][PASSED] - testHarnessURL = urlTestHarness: null

2024-08-20 23:22:17 - [TEST_STEP][PASSED] - selenium.open(testHarnessURL): null

2024-08-20 23:22:17 - [TEST_STEP][PASSED] - Thread.sleep(2000): null

2024-08-20 23:22:19 - [TEST_STEP][PASSED] - selenium.type("name=application_id", "636"): null

2024-08-20 23:22:19 - [TEST_STEP][PASSED] - selenium.type("name=message_version", 3".toString()): null

2024-08-20 23:22:19 - [TEST_STEP][PASSED] - genRemIDVoid = RandomStringUtils.random(12, true, true): null

2024-08-20 23:22:19 - [TEST_STEP][PASSED] - selenium.type("name=remittance_id", genRemIDVoid): null

2024-08-20 23:22:19 - [TEST_STEP][PASSED] - selenium.click("css=input.formSubmit"): null

2024-08-20 23:22:20 - [TEST_STEP][PASSED] - selenium.waitForPageToLoad("30000"): null

2024-08-20 23:22:21 - [TEST_STEP][PASSED] - selenium.selectWindow("null"): null

2024-08-20 23:22:21 - [TEST_STEP][PASSED] - selenium.click("name=paymentMethod"): null

2024-08-20 23:22:21 - [TEST_STEP][PASSED] - selenium.click("css=input[type="submit"]"): null

2024-08-20 23:22:22 - [TEST_STEP][PASSED] - selenium.waitForPageToLoad("30000"): null

2024-08-20 23:22:22 - [TEST_STEP][PASSED] - selenium.type("name=amount", 00".toString()): null

2024-08-20 23:22:22 - [TEST_STEP][PASSED] - selenium.type("name=billingName", "Leslie Howard".toString()): null

2024-08-20 23:22:22 - [TEST_STEP][PASSED] - selenium.type("id=cardNumber", "4111111111111111"): null

2024-08-20 23:22:22 - [TEST_STEP][PASSED] - selenium.type("id=spc", "568"): null

2024-08-20 23:22:22 - [TEST_STEP][PASSED] - selenium.select("name=cardExpMonth", "label=02"): null

2024-08-20 23:22:22 - [TEST_STEP][PASSED] - selenium.select("name=cardExpYear", "label=2028"): null

2024-08-20 23:22:23 - [TEST_STEP][PASSED] - selenium.type("name=billingAddress", "778 Main street".toString()): null

2024-08-20 23:22:23 - [TEST_STEP][PASSED] - selenium.type("name=billingAddress2", ""): null

2024-08-20 23:22:23 - [TEST_STEP][PASSED] - selenium.type("id=billing-zip-input", "22201"): null

2024-08-20 23:22:23 - [TEST_STEP][PASSED] - selenium.type("name=emailAddress", ""): null

2024-08-20 23:22:23 - [TEST_STEP][PASSED] - selenium.click("id=checkedAcceptCondition"): null

2024-08-20 23:22:23 - [TEST_STEP][PASSED] - selenium.click("name=ccSubmit"): null

2024-08-20 23:22:24 - [TEST_STEP][PASSED] - selenium.waitForPageToLoad("30000"): null

2024-08-20 23:22:24 - [TEST_STEP][PASSED] - verifyTextPresent("Please verify the following information:", true): Text 'Please verify the following information:' is present on page  using regular expression

2024-08-20 23:22:24 - [MESSAGE][PASSED] - Text 'Please verify the following information:' is present on page  using regular expression

2024-08-20 23:22:24 - [TEST_STEP][PASSED] - verifyTextPresent("Is this information correct", true): Text 'Is this information correct' is present on page  using regular expression

2024-08-20 23:22:25 - [MESSAGE][PASSED] - Text 'Is this information correct' is present on page  using regular expression

2024-08-20 23:22:25 - [TEST_STEP][PASSED] - selenium.click("name=confirmNotifyAction"): null

2024-08-20 23:22:25 - [TEST_STEP][PASSED] - selenium.waitForPageToLoad("30000"): null

2024-08-20 23:22:26 - [TEST_STEP][PASSED] - Thread.sleep(8000): null

2024-08-20 23:22:34 - [TEST_STEP][PASSED] - verifyTextPresent("Successful Payment Receipt", true): Text 'Successful Payment Receipt' is present on page  using regular expression

2024-08-20 23:22:34 - [MESSAGE][PASSED] - Text 'Successful Payment Receipt' is present on page  using regular expression

2024-08-20 23:22:34 - [TEST_STEP][PASSED] - verifyTextPresent("Please print this receipt for your records", true): Text 'Please print this receipt for your records' is present on page  using regular expression

2024-08-20 23:22:34 - [MESSAGE][PASSED] - Text 'Please print this receipt for your records' is present on page  using regular expression

2024-08-20 23:22:34 - [TEST_STEP][PASSED] - verifyTextPresent("$110.00", false): Text '$110.00' is present on page 

2024-08-20 23:22:34 - [MESSAGE][PASSED] - Text '$110.00' is present on page 

2024-08-20 23:22:34 - [TEST_STEP][PASSED] - verifyTextPresent("Authorization and Capture", true): Text 'Authorization and Capture' is present on page  using regular expression

2024-08-20 23:22:35 - [MESSAGE][PASSED] - Text 'Authorization and Capture' is present on page  using regular expression

2024-08-20 23:22:35 - [TEST_STEP][PASSED] - verifyTextPresent("Visa", true): Text 'Visa' is present on page  using regular expression

2024-08-20 23:22:35 - [MESSAGE][PASSED] - Text 'Visa' is present on page  using regular expression

2024-08-20 23:22:35 - [TEST_STEP][PASSED] - verifyTextPresent("LESLIE HOWARD", true): Text 'LESLIE HOWARD' is present on page  using regular expression

2024-08-20 23:22:35 - [MESSAGE][PASSED] - Text 'LESLIE HOWARD' is present on page  using regular expression

2024-08-20 23:22:35 - [TEST_STEP][PASSED] - verifyTextPresent("1111", true): Text '1111' is present on page  using regular expression

2024-08-20 23:22:35 - [MESSAGE][PASSED] - Text '1111' is present on page  using regular expression

2024-08-20 23:22:35 - [TEST_STEP][PASSED] - println("End Test: SCFAboveCeilingCC"): null]]></system-out>
         <system-err><![CDATA[]]></system-err>
      </testcase>
      <testcase name="Test Cases/IntegratedWeb/IWP23-SelIDE/SCFAboveCeilingPC" time="27.257" classname="Test Cases/IntegratedWeb/IWP23-SelIDE/SCFAboveCeilingPC" status="PASSED">
         <system-out><![CDATA[2024-08-20 23:22:35 - [TEST_CASE][PASSED] - Test Cases/IntegratedWeb/IWP23-SelIDE/SCFAboveCeilingPC: Test Cases/IntegratedWeb/IWP23-SelIDE/SCFAboveCeilingPC

2024-08-20 23:22:36 - [TEST_STEP][PASSED] - softAssertion = new org.testng.asserts.SoftAssert(): null

2024-08-20 23:22:36 - [TEST_STEP][PASSED] - openBrowser("https://www.google.com/"): Browser is opened with url: 'https://www.google.com/'

2024-08-20 23:22:36 - [MESSAGE][WARNING] - A browser is already opened. Closing browser and opening a new one

2024-08-20 23:22:37 - [MESSAGE][INFO] - Starting 'Chrome' driver

2024-08-20 23:22:37 - [MESSAGE][INFO] - User set preference: ['acceptInsecureCerts', 'true']

2024-08-20 23:22:37 - [MESSAGE][INFO] - Action delay is set to 0 milliseconds

2024-08-20 23:22:40 - [MESSAGE][PASSED] - Browser is opened with url: 'https://www.google.com/'

2024-08-20 23:22:40 - [TEST_STEP][PASSED] - driver = getWebDriver(): null

2024-08-20 23:22:40 - [TEST_STEP][PASSED] - baseUrl = "https://www.google.com/": null

2024-08-20 23:22:40 - [TEST_STEP][PASSED] - selenium = new com.thoughtworks.selenium.webdriven.WebDriverBackedSelenium(driver, baseUrl): null

2024-08-20 23:22:40 - [TEST_STEP][PASSED] - println("Begin Test: SCFAboveCeilingPC"): null

2024-08-20 23:22:40 - [TEST_STEP][PASSED] - emulatorURL = urlEmulator: null

2024-08-20 23:22:40 - [TEST_STEP][PASSED] - selenium.open(emulatorURL): null

2024-08-20 23:22:41 - [TEST_STEP][PASSED] - selenium.selectWindow("null"): null

2024-08-20 23:22:41 - [TEST_STEP][PASSED] - selenium.select("name=message_version", "label=2.3"): null

2024-08-20 23:22:41 - [TEST_STEP][PASSED] - selenium.waitForPageToLoad("30000"): null

2024-08-20 23:22:41 - [TEST_STEP][PASSED] - selenium.type("name=amount", 00".toString()): null

2024-08-20 23:22:41 - [TEST_STEP][PASSED] - selenium.type("name=client_account_number", "CAN12345"): null

2024-08-20 23:22:41 - [TEST_STEP][PASSED] - selenium.type("name=action_type", "PayNow"): null

2024-08-20 23:22:42 - [TEST_STEP][PASSED] - selenium.type("name=language", "en_US"): null

2024-08-20 23:22:42 - [TEST_STEP][PASSED] - selenium.type("name=billing_firstname", "Mandy"): null

2024-08-20 23:22:42 - [TEST_STEP][PASSED] - selenium.type("name=billing_lastname", "Iguera"): null

2024-08-20 23:22:42 - [TEST_STEP][PASSED] - selenium.type("name=billing_address", "56 World Center Drive".toString()): null

2024-08-20 23:22:42 - [TEST_STEP][PASSED] - selenium.type("name=billing_address2", "Suite 600".toString()): null

2024-08-20 23:22:42 - [TEST_STEP][PASSED] - selenium.type("name=billing_country_id", "840"): null

2024-08-20 23:22:42 - [TEST_STEP][PASSED] - selenium.type("name=billing_city", "Orlando"): null

2024-08-20 23:22:42 - [TEST_STEP][PASSED] - selenium.type("name=billing_state", "NH"): null

2024-08-20 23:22:42 - [TEST_STEP][PASSED] - selenium.type("name=billing_zip", "03106"): null

2024-08-20 23:22:42 - [TEST_STEP][PASSED] - selenium.type("name=order_number", "PPPPOOOO"): null

2024-08-20 23:22:42 - [TEST_STEP][PASSED] - selenium.type("name=user_defined1", "udf1"): null

2024-08-20 23:22:42 - [TEST_STEP][PASSED] - selenium.type("name=user_defined2", "udf2"): null

2024-08-20 23:22:42 - [TEST_STEP][PASSED] - selenium.type("name=user_defined3", "udf3"): null

2024-08-20 23:22:42 - [TEST_STEP][PASSED] - selenium.type("name=user_defined4", "Orange Label".toString()): null

2024-08-20 23:22:42 - [TEST_STEP][PASSED] - selenium.type("name=user_defined5", "Soccer Label".toString()): null

2024-08-20 23:22:42 - [TEST_STEP][PASSED] - selenium.click("name=submit"): null

2024-08-20 23:22:42 - [TEST_STEP][PASSED] - selenium.waitForPageToLoad("30000"): null

2024-08-20 23:22:43 - [TEST_STEP][PASSED] - Thread.sleep(2000): null

2024-08-20 23:22:45 - [TEST_STEP][PASSED] - testHarnessURL = urlTestHarness: null

2024-08-20 23:22:45 - [TEST_STEP][PASSED] - selenium.open(testHarnessURL): null

2024-08-20 23:22:45 - [TEST_STEP][PASSED] - selenium.type("name=application_id", "636"): null

2024-08-20 23:22:45 - [TEST_STEP][PASSED] - selenium.type("name=message_version", 3".toString()): null

2024-08-20 23:22:45 - [TEST_STEP][PASSED] - genRemIDVoid = RandomStringUtils.random(12, true, true): null

2024-08-20 23:22:45 - [TEST_STEP][PASSED] - selenium.type("name=remittance_id", genRemIDVoid): null

2024-08-20 23:22:45 - [TEST_STEP][PASSED] - selenium.click("css=input.formSubmit"): null

2024-08-20 23:22:46 - [TEST_STEP][PASSED] - selenium.waitForPageToLoad("30000"): null

2024-08-20 23:22:47 - [TEST_STEP][PASSED] - selenium.click("xpath=(//input[@name='paymentMethod'])[2]"): null

2024-08-20 23:22:47 - [TEST_STEP][PASSED] - selenium.click("css=input[type="submit"]"): null

2024-08-20 23:22:48 - [TEST_STEP][PASSED] - selenium.waitForPageToLoad("30000"): null

2024-08-20 23:22:48 - [TEST_STEP][PASSED] - selenium.type("name=amount", 00".toString()): null

2024-08-20 23:22:48 - [TEST_STEP][PASSED] - selenium.type("name=billingFirstname", "Mike"): null

2024-08-20 23:22:48 - [TEST_STEP][PASSED] - selenium.type("name=billingLastname", "Chingiti"): null

2024-08-20 23:22:48 - [TEST_STEP][PASSED] - selenium.type("id=routingNumber", "256072691"): null

2024-08-20 23:22:48 - [TEST_STEP][PASSED] - selenium.type("id=accountNumber", "11111111"): null

2024-08-20 23:22:49 - [TEST_STEP][PASSED] - selenium.type("id=confirmAccountNumber", "11111111"): null

2024-08-20 23:22:49 - [TEST_STEP][PASSED] - selenium.click("name=accountType"): null

2024-08-20 23:22:49 - [TEST_STEP][PASSED] - selenium.type("name=billingAddress", "104 main road".toString()): null

2024-08-20 23:22:49 - [TEST_STEP][PASSED] - selenium.type("name=billingAddress2", ""): null

2024-08-20 23:22:49 - [TEST_STEP][PASSED] - selenium.type("id=billing-zip-input", "22201"): null

2024-08-20 23:22:49 - [TEST_STEP][PASSED] - selenium.click("id=checkedAcceptCondition"): null

2024-08-20 23:22:49 - [TEST_STEP][PASSED] - selenium.click("name=achSubmit"): null

2024-08-20 23:22:50 - [TEST_STEP][PASSED] - selenium.waitForPageToLoad("30000"): null

2024-08-20 23:22:50 - [TEST_STEP][PASSED] - verifyTextPresent("Please verify the following information:", true): Text 'Please verify the following information:' is present on page  using regular expression

2024-08-20 23:22:50 - [MESSAGE][PASSED] - Text 'Please verify the following information:' is present on page  using regular expression

2024-08-20 23:22:50 - [TEST_STEP][PASSED] - verifyTextPresent("Is this information correct", true): Text 'Is this information correct' is present on page  using regular expression

2024-08-20 23:22:51 - [MESSAGE][PASSED] - Text 'Is this information correct' is present on page  using regular expression

2024-08-20 23:22:51 - [TEST_STEP][PASSED] - selenium.click("name=confirmNotifyAction"): null

2024-08-20 23:22:51 - [TEST_STEP][PASSED] - selenium.waitForPageToLoad("30000"): null

2024-08-20 23:22:52 - [TEST_STEP][PASSED] - Thread.sleep(8000): null

2024-08-20 23:23:00 - [TEST_STEP][PASSED] - verifyTextPresent("Successful Payment Receipt", true): Text 'Successful Payment Receipt' is present on page  using regular expression

2024-08-20 23:23:00 - [MESSAGE][PASSED] - Text 'Successful Payment Receipt' is present on page  using regular expression

2024-08-20 23:23:00 - [TEST_STEP][PASSED] - verifyTextPresent("$110.00", false): Text '$110.00' is present on page 

2024-08-20 23:23:00 - [MESSAGE][PASSED] - Text '$110.00' is present on page 

2024-08-20 23:23:00 - [TEST_STEP][PASSED] - verifyTextPresent("Debit", true): Text 'Debit' is present on page  using regular expression

2024-08-20 23:23:00 - [MESSAGE][PASSED] - Text 'Debit' is present on page  using regular expression

2024-08-20 23:23:00 - [TEST_STEP][PASSED] - verifyTextPresent("Personal", true): Text 'Personal' is present on page  using regular expression

2024-08-20 23:23:00 - [MESSAGE][PASSED] - Text 'Personal' is present on page  using regular expression

2024-08-20 23:23:00 - [TEST_STEP][PASSED] - verifyTextPresent("Checking", true): Text 'Checking' is present on page  using regular expression

2024-08-20 23:23:01 - [MESSAGE][PASSED] - Text 'Checking' is present on page  using regular expression

2024-08-20 23:23:01 - [TEST_STEP][PASSED] - verifyTextPresent("1111", true): Text '1111' is present on page  using regular expression

2024-08-20 23:23:01 - [MESSAGE][PASSED] - Text '1111' is present on page  using regular expression

2024-08-20 23:23:01 - [TEST_STEP][PASSED] - verifyTextPresent("2691", true): Text '2691' is present on page  using regular expression

2024-08-20 23:23:01 - [MESSAGE][PASSED] - Text '2691' is present on page  using regular expression

2024-08-20 23:23:01 - [TEST_STEP][PASSED] - verifyTextPresent("MIKE CHINGITI", true): Text 'MIKE CHINGITI' is present on page  using regular expression

2024-08-20 23:23:01 - [MESSAGE][PASSED] - Text 'MIKE CHINGITI' is present on page  using regular expression

2024-08-20 23:23:01 - [TEST_STEP][PASSED] - verifyTextPresent("104 main road", true): Text '104 main road' is present on page  using regular expression

2024-08-20 23:23:02 - [MESSAGE][PASSED] - Text '104 main road' is present on page  using regular expression

2024-08-20 23:23:02 - [TEST_STEP][PASSED] - verifyTextPresent("United States", true): Text 'United States' is present on page  using regular expression

2024-08-20 23:23:02 - [MESSAGE][PASSED] - Text 'United States' is present on page  using regular expression

2024-08-20 23:23:02 - [TEST_STEP][PASSED] - verifyTextPresent("ARLINGTON", true): Text 'ARLINGTON' is present on page  using regular expression

2024-08-20 23:23:02 - [MESSAGE][PASSED] - Text 'ARLINGTON' is present on page  using regular expression

2024-08-20 23:23:02 - [TEST_STEP][PASSED] - verifyTextPresent("Virginia", true): Text 'Virginia' is present on page  using regular expression

2024-08-20 23:23:02 - [MESSAGE][PASSED] - Text 'Virginia' is present on page  using regular expression

2024-08-20 23:23:02 - [TEST_STEP][PASSED] - verifyTextPresent("22201", true): Text '22201' is present on page  using regular expression

2024-08-20 23:23:03 - [MESSAGE][PASSED] - Text '22201' is present on page  using regular expression

2024-08-20 23:23:03 - [TEST_STEP][PASSED] - println("End Test: SCFAboveCeilingPC"): null]]></system-out>
         <system-err><![CDATA[]]></system-err>
      </testcase>
      <testcase name="Test Cases/IntegratedWeb/IWP23-SelIDE/SCFBelowFloorCC" time="25.551" classname="Test Cases/IntegratedWeb/IWP23-SelIDE/SCFBelowFloorCC" status="PASSED">
         <system-out><![CDATA[2024-08-20 23:23:03 - [TEST_CASE][PASSED] - Test Cases/IntegratedWeb/IWP23-SelIDE/SCFBelowFloorCC: Test Cases/IntegratedWeb/IWP23-SelIDE/SCFBelowFloorCC

2024-08-20 23:23:03 - [TEST_STEP][PASSED] - softAssertion = new org.testng.asserts.SoftAssert(): null

2024-08-20 23:23:03 - [TEST_STEP][PASSED] - openBrowser("https://www.google.com/"): Browser is opened with url: 'https://www.google.com/'

2024-08-20 23:23:03 - [MESSAGE][WARNING] - A browser is already opened. Closing browser and opening a new one

2024-08-20 23:23:04 - [MESSAGE][INFO] - Starting 'Chrome' driver

2024-08-20 23:23:04 - [MESSAGE][INFO] - User set preference: ['acceptInsecureCerts', 'true']

2024-08-20 23:23:04 - [MESSAGE][INFO] - Action delay is set to 0 milliseconds

2024-08-20 23:23:07 - [MESSAGE][PASSED] - Browser is opened with url: 'https://www.google.com/'

2024-08-20 23:23:07 - [TEST_STEP][PASSED] - driver = getWebDriver(): null

2024-08-20 23:23:07 - [TEST_STEP][PASSED] - baseUrl = "https://www.google.com/": null

2024-08-20 23:23:07 - [TEST_STEP][PASSED] - selenium = new com.thoughtworks.selenium.webdriven.WebDriverBackedSelenium(driver, baseUrl): null

2024-08-20 23:23:07 - [TEST_STEP][PASSED] - println("Begin Test: SCFBelowFloorCC"): null

2024-08-20 23:23:07 - [TEST_STEP][PASSED] - emulatorURL = urlEmulator: null

2024-08-20 23:23:07 - [TEST_STEP][PASSED] - selenium.open(emulatorURL): null

2024-08-20 23:23:08 - [TEST_STEP][PASSED] - selenium.selectWindow("null"): null

2024-08-20 23:23:08 - [TEST_STEP][PASSED] - selenium.select("name=message_version", "label=2.3"): null

2024-08-20 23:23:08 - [TEST_STEP][PASSED] - selenium.waitForPageToLoad("30000"): null

2024-08-20 23:23:09 - [TEST_STEP][PASSED] - selenium.type("name=amount", 00".toString()): null

2024-08-20 23:23:09 - [TEST_STEP][PASSED] - selenium.type("name=client_account_number", "CAN12345"): null

2024-08-20 23:23:09 - [TEST_STEP][PASSED] - selenium.type("name=action_type", "PayNow"): null

2024-08-20 23:23:09 - [TEST_STEP][PASSED] - selenium.type("name=language", "en_US"): null

2024-08-20 23:23:09 - [TEST_STEP][PASSED] - selenium.type("name=billing_firstname", "Mandy"): null

2024-08-20 23:23:09 - [TEST_STEP][PASSED] - selenium.type("name=billing_lastname", "Iguera"): null

2024-08-20 23:23:09 - [TEST_STEP][PASSED] - selenium.type("name=billing_address", "56 World Center Drive".toString()): null

2024-08-20 23:23:09 - [TEST_STEP][PASSED] - selenium.type("name=billing_address2", "Suite 600".toString()): null

2024-08-20 23:23:09 - [TEST_STEP][PASSED] - selenium.type("name=billing_country_id", "840"): null

2024-08-20 23:23:09 - [TEST_STEP][PASSED] - selenium.type("name=billing_city", "Orlando"): null

2024-08-20 23:23:09 - [TEST_STEP][PASSED] - selenium.type("name=billing_state", "NH"): null

2024-08-20 23:23:09 - [TEST_STEP][PASSED] - selenium.type("name=billing_zip", "03106"): null

2024-08-20 23:23:09 - [TEST_STEP][PASSED] - selenium.type("name=order_number", "PPPPOOOO"): null

2024-08-20 23:23:09 - [TEST_STEP][PASSED] - selenium.type("name=user_defined1", "udf1"): null

2024-08-20 23:23:09 - [TEST_STEP][PASSED] - selenium.type("name=user_defined2", "udf2"): null

2024-08-20 23:23:09 - [TEST_STEP][PASSED] - selenium.type("name=user_defined3", "udf3"): null

2024-08-20 23:23:09 - [TEST_STEP][PASSED] - selenium.type("name=user_defined4", "Orange Label".toString()): null

2024-08-20 23:23:09 - [TEST_STEP][PASSED] - selenium.type("name=user_defined5", "Soccer Label".toString()): null

2024-08-20 23:23:09 - [TEST_STEP][PASSED] - selenium.click("name=submit"): null

2024-08-20 23:23:10 - [TEST_STEP][PASSED] - selenium.waitForPageToLoad("30000"): null

2024-08-20 23:23:10 - [TEST_STEP][PASSED] - testHarnessURL = urlTestHarness: null

2024-08-20 23:23:10 - [TEST_STEP][PASSED] - selenium.open(testHarnessURL): null

2024-08-20 23:23:10 - [TEST_STEP][PASSED] - Thread.sleep(2000): null

2024-08-20 23:23:12 - [TEST_STEP][PASSED] - selenium.type("name=application_id", "636"): null

2024-08-20 23:23:13 - [TEST_STEP][PASSED] - selenium.type("name=message_version", 3".toString()): null

2024-08-20 23:23:13 - [TEST_STEP][PASSED] - genRemIDVoid = RandomStringUtils.random(12, true, true): null

2024-08-20 23:23:13 - [TEST_STEP][PASSED] - selenium.type("name=remittance_id", genRemIDVoid): null

2024-08-20 23:23:13 - [TEST_STEP][PASSED] - selenium.click("css=input.formSubmit"): null

2024-08-20 23:23:13 - [TEST_STEP][PASSED] - selenium.waitForPageToLoad("30000"): null

2024-08-20 23:23:14 - [TEST_STEP][PASSED] - selenium.selectWindow("null"): null

2024-08-20 23:23:14 - [TEST_STEP][PASSED] - selenium.click("name=paymentMethod"): null

2024-08-20 23:23:14 - [TEST_STEP][PASSED] - selenium.click("css=input[type="submit"]"): null

2024-08-20 23:23:15 - [TEST_STEP][PASSED] - selenium.waitForPageToLoad("30000"): null

2024-08-20 23:23:15 - [TEST_STEP][PASSED] - selenium.type("name=amount", 00".toString()): null

2024-08-20 23:23:15 - [TEST_STEP][PASSED] - selenium.type("name=billingName", "Leslie Howard".toString()): null

2024-08-20 23:23:15 - [TEST_STEP][PASSED] - selenium.type("id=cardNumber", "4111111111111111"): null

2024-08-20 23:23:15 - [TEST_STEP][PASSED] - selenium.type("id=spc", "568"): null

2024-08-20 23:23:15 - [TEST_STEP][PASSED] - selenium.select("name=cardExpMonth", "label=02"): null

2024-08-20 23:23:16 - [TEST_STEP][PASSED] - selenium.select("name=cardExpYear", "label=2028"): null

2024-08-20 23:23:16 - [TEST_STEP][PASSED] - selenium.type("name=billingAddress", "778 Main street".toString()): null

2024-08-20 23:23:16 - [TEST_STEP][PASSED] - selenium.type("name=billingAddress2", ""): null

2024-08-20 23:23:16 - [TEST_STEP][PASSED] - selenium.type("id=billing-zip-input", "22201"): null

2024-08-20 23:23:16 - [TEST_STEP][PASSED] - selenium.type("name=emailAddress", ""): null

2024-08-20 23:23:16 - [TEST_STEP][PASSED] - selenium.click("id=checkedAcceptCondition"): null

2024-08-20 23:23:16 - [TEST_STEP][PASSED] - selenium.click("name=ccSubmit"): null

2024-08-20 23:23:17 - [TEST_STEP][PASSED] - selenium.waitForPageToLoad("30000"): null

2024-08-20 23:23:17 - [TEST_STEP][PASSED] - verifyTextPresent("Please verify the following information:", true): Text 'Please verify the following information:' is present on page  using regular expression

2024-08-20 23:23:17 - [MESSAGE][PASSED] - Text 'Please verify the following information:' is present on page  using regular expression

2024-08-20 23:23:17 - [TEST_STEP][PASSED] - verifyTextPresent("Is this information correct", true): Text 'Is this information correct' is present on page  using regular expression

2024-08-20 23:23:18 - [MESSAGE][PASSED] - Text 'Is this information correct' is present on page  using regular expression

2024-08-20 23:23:18 - [TEST_STEP][PASSED] - selenium.click("name=confirmNotifyAction"): null

2024-08-20 23:23:18 - [TEST_STEP][PASSED] - selenium.waitForPageToLoad("30000"): null

2024-08-20 23:23:19 - [TEST_STEP][PASSED] - Thread.sleep(8000): null

2024-08-20 23:23:27 - [TEST_STEP][PASSED] - verifyTextPresent("Successful Payment Receipt", true): Text 'Successful Payment Receipt' is present on page  using regular expression

2024-08-20 23:23:27 - [MESSAGE][PASSED] - Text 'Successful Payment Receipt' is present on page  using regular expression

2024-08-20 23:23:27 - [TEST_STEP][PASSED] - verifyTextPresent("Please print this receipt for your records", true): Text 'Please print this receipt for your records' is present on page  using regular expression

2024-08-20 23:23:27 - [MESSAGE][PASSED] - Text 'Please print this receipt for your records' is present on page  using regular expression

2024-08-20 23:23:27 - [TEST_STEP][PASSED] - verifyTextPresent("$1.00", false): Text '$1.00' is present on page 

2024-08-20 23:23:27 - [MESSAGE][PASSED] - Text '$1.00' is present on page 

2024-08-20 23:23:27 - [TEST_STEP][PASSED] - verifyTextPresent("Authorization and Capture", true): Text 'Authorization and Capture' is present on page  using regular expression

2024-08-20 23:23:27 - [MESSAGE][PASSED] - Text 'Authorization and Capture' is present on page  using regular expression

2024-08-20 23:23:27 - [TEST_STEP][PASSED] - verifyTextPresent("Visa", true): Text 'Visa' is present on page  using regular expression

2024-08-20 23:23:28 - [MESSAGE][PASSED] - Text 'Visa' is present on page  using regular expression

2024-08-20 23:23:28 - [TEST_STEP][PASSED] - verifyTextPresent("LESLIE HOWARD", true): Text 'LESLIE HOWARD' is present on page  using regular expression

2024-08-20 23:23:28 - [MESSAGE][PASSED] - Text 'LESLIE HOWARD' is present on page  using regular expression

2024-08-20 23:23:28 - [TEST_STEP][PASSED] - verifyTextPresent("1111", true): Text '1111' is present on page  using regular expression

2024-08-20 23:23:28 - [MESSAGE][PASSED] - Text '1111' is present on page  using regular expression

2024-08-20 23:23:28 - [TEST_STEP][PASSED] - println("End Test: SCFBelowFloorCC"): null]]></system-out>
         <system-err><![CDATA[]]></system-err>
      </testcase>
      <testcase name="Test Cases/IntegratedWeb/IWP23-SelIDE/SCFBelowFloorPC" time="27.458" classname="Test Cases/IntegratedWeb/IWP23-SelIDE/SCFBelowFloorPC" status="PASSED">
         <system-out><![CDATA[2024-08-20 23:23:28 - [TEST_CASE][PASSED] - Test Cases/IntegratedWeb/IWP23-SelIDE/SCFBelowFloorPC: Test Cases/IntegratedWeb/IWP23-SelIDE/SCFBelowFloorPC

2024-08-20 23:23:29 - [TEST_STEP][PASSED] - softAssertion = new org.testng.asserts.SoftAssert(): null

2024-08-20 23:23:29 - [TEST_STEP][PASSED] - openBrowser("https://www.google.com/"): Browser is opened with url: 'https://www.google.com/'

2024-08-20 23:23:29 - [MESSAGE][WARNING] - A browser is already opened. Closing browser and opening a new one

2024-08-20 23:23:30 - [MESSAGE][INFO] - Starting 'Chrome' driver

2024-08-20 23:23:30 - [MESSAGE][INFO] - User set preference: ['acceptInsecureCerts', 'true']

2024-08-20 23:23:30 - [MESSAGE][INFO] - Action delay is set to 0 milliseconds

2024-08-20 23:23:33 - [MESSAGE][PASSED] - Browser is opened with url: 'https://www.google.com/'

2024-08-20 23:23:33 - [TEST_STEP][PASSED] - driver = getWebDriver(): null

2024-08-20 23:23:33 - [TEST_STEP][PASSED] - baseUrl = "https://www.google.com/": null

2024-08-20 23:23:33 - [TEST_STEP][PASSED] - selenium = new com.thoughtworks.selenium.webdriven.WebDriverBackedSelenium(driver, baseUrl): null

2024-08-20 23:23:33 - [TEST_STEP][PASSED] - println("Begin Test: SCFBelowFloorPC"): null

2024-08-20 23:23:33 - [TEST_STEP][PASSED] - emulatorURL = urlEmulator: null

2024-08-20 23:23:33 - [TEST_STEP][PASSED] - selenium.open(emulatorURL): null

2024-08-20 23:23:33 - [TEST_STEP][PASSED] - selenium.selectWindow("null"): null

2024-08-20 23:23:33 - [TEST_STEP][PASSED] - selenium.select("name=message_version", "label=2.3"): null

2024-08-20 23:23:34 - [TEST_STEP][PASSED] - selenium.waitForPageToLoad("30000"): null

2024-08-20 23:23:34 - [TEST_STEP][PASSED] - selenium.type("name=amount", 00".toString()): null

2024-08-20 23:23:34 - [TEST_STEP][PASSED] - selenium.type("name=client_account_number", "CAN12345"): null

2024-08-20 23:23:34 - [TEST_STEP][PASSED] - selenium.type("name=action_type", "PayNow"): null

2024-08-20 23:23:34 - [TEST_STEP][PASSED] - selenium.type("name=language", "en_US"): null

2024-08-20 23:23:34 - [TEST_STEP][PASSED] - selenium.type("name=billing_firstname", "Mandy"): null

2024-08-20 23:23:34 - [TEST_STEP][PASSED] - selenium.type("name=billing_lastname", "Iguera"): null

2024-08-20 23:23:34 - [TEST_STEP][PASSED] - selenium.type("name=billing_address", "56 World Center Drive".toString()): null

2024-08-20 23:23:35 - [TEST_STEP][PASSED] - selenium.type("name=billing_address2", "Suite 600".toString()): null

2024-08-20 23:23:35 - [TEST_STEP][PASSED] - selenium.type("name=billing_country_id", "840"): null

2024-08-20 23:23:35 - [TEST_STEP][PASSED] - selenium.type("name=billing_city", "Orlando"): null

2024-08-20 23:23:35 - [TEST_STEP][PASSED] - selenium.type("name=billing_state", "NH"): null

2024-08-20 23:23:35 - [TEST_STEP][PASSED] - selenium.type("name=billing_zip", "03106"): null

2024-08-20 23:23:35 - [TEST_STEP][PASSED] - selenium.type("name=order_number", "PPPPOOOO"): null

2024-08-20 23:23:35 - [TEST_STEP][PASSED] - selenium.type("name=user_defined1", "udf1"): null

2024-08-20 23:23:35 - [TEST_STEP][PASSED] - selenium.type("name=user_defined2", "udf2"): null

2024-08-20 23:23:35 - [TEST_STEP][PASSED] - selenium.type("name=user_defined3", "udf3"): null

2024-08-20 23:23:35 - [TEST_STEP][PASSED] - selenium.type("name=user_defined4", "Orange Label".toString()): null

2024-08-20 23:23:35 - [TEST_STEP][PASSED] - selenium.type("name=user_defined5", "Soccer Label".toString()): null

2024-08-20 23:23:35 - [TEST_STEP][PASSED] - selenium.click("name=submit"): null

2024-08-20 23:23:35 - [TEST_STEP][PASSED] - selenium.waitForPageToLoad("30000"): null

2024-08-20 23:23:36 - [TEST_STEP][PASSED] - Thread.sleep(2000): null

2024-08-20 23:23:38 - [TEST_STEP][PASSED] - testHarnessURL = urlTestHarness: null

2024-08-20 23:23:38 - [TEST_STEP][PASSED] - selenium.open(testHarnessURL): null

2024-08-20 23:23:38 - [TEST_STEP][PASSED] - selenium.type("name=application_id", "636"): null

2024-08-20 23:23:38 - [TEST_STEP][PASSED] - selenium.type("name=message_version", 3".toString()): null

2024-08-20 23:23:38 - [TEST_STEP][PASSED] - genRemIDVoid = RandomStringUtils.random(12, true, true): null

2024-08-20 23:23:38 - [TEST_STEP][PASSED] - selenium.type("name=remittance_id", genRemIDVoid): null

2024-08-20 23:23:38 - [TEST_STEP][PASSED] - selenium.click("css=input.formSubmit"): null

2024-08-20 23:23:39 - [TEST_STEP][PASSED] - selenium.waitForPageToLoad("30000"): null

2024-08-20 23:23:39 - [TEST_STEP][PASSED] - selenium.click("xpath=(//input[@name='paymentMethod'])[2]"): null

2024-08-20 23:23:40 - [TEST_STEP][PASSED] - selenium.click("css=input[type="submit"]"): null

2024-08-20 23:23:40 - [TEST_STEP][PASSED] - selenium.waitForPageToLoad("30000"): null

2024-08-20 23:23:41 - [TEST_STEP][PASSED] - selenium.type("name=amount", 00".toString()): null

2024-08-20 23:23:41 - [TEST_STEP][PASSED] - selenium.type("name=billingFirstname", "Mike"): null

2024-08-20 23:23:41 - [TEST_STEP][PASSED] - selenium.type("name=billingLastname", "Chingiti"): null

2024-08-20 23:23:41 - [TEST_STEP][PASSED] - selenium.type("id=routingNumber", "256072691"): null

2024-08-20 23:23:41 - [TEST_STEP][PASSED] - selenium.type("id=accountNumber", "11111111"): null

2024-08-20 23:23:41 - [TEST_STEP][PASSED] - selenium.type("id=confirmAccountNumber", "11111111"): null

2024-08-20 23:23:41 - [TEST_STEP][PASSED] - selenium.click("name=accountType"): null

2024-08-20 23:23:41 - [TEST_STEP][PASSED] - selenium.type("name=billingAddress", "104 main road".toString()): null

2024-08-20 23:23:41 - [TEST_STEP][PASSED] - selenium.type("name=billingAddress2", ""): null

2024-08-20 23:23:41 - [TEST_STEP][PASSED] - selenium.type("id=billing-zip-input", "22201"): null

2024-08-20 23:23:42 - [TEST_STEP][PASSED] - selenium.click("id=checkedAcceptCondition"): null

2024-08-20 23:23:42 - [TEST_STEP][PASSED] - selenium.click("name=achSubmit"): null

2024-08-20 23:23:42 - [TEST_STEP][PASSED] - selenium.waitForPageToLoad("30000"): null

2024-08-20 23:23:43 - [TEST_STEP][PASSED] - verifyTextPresent("Please verify the following information:", true): Text 'Please verify the following information:' is present on page  using regular expression

2024-08-20 23:23:43 - [MESSAGE][PASSED] - Text 'Please verify the following information:' is present on page  using regular expression

2024-08-20 23:23:43 - [TEST_STEP][PASSED] - verifyTextPresent("Is this information correct", true): Text 'Is this information correct' is present on page  using regular expression

2024-08-20 23:23:44 - [MESSAGE][PASSED] - Text 'Is this information correct' is present on page  using regular expression

2024-08-20 23:23:44 - [TEST_STEP][PASSED] - selenium.click("name=confirmNotifyAction"): null

2024-08-20 23:23:44 - [TEST_STEP][PASSED] - selenium.waitForPageToLoad("30000"): null

2024-08-20 23:23:45 - [TEST_STEP][PASSED] - Thread.sleep(8000): null

2024-08-20 23:23:53 - [TEST_STEP][PASSED] - verifyTextPresent("Successful Payment Receipt", true): Text 'Successful Payment Receipt' is present on page  using regular expression

2024-08-20 23:23:53 - [MESSAGE][PASSED] - Text 'Successful Payment Receipt' is present on page  using regular expression

2024-08-20 23:23:53 - [TEST_STEP][PASSED] - verifyTextPresent("$1.00", false): Text '$1.00' is present on page 

2024-08-20 23:23:53 - [MESSAGE][PASSED] - Text '$1.00' is present on page 

2024-08-20 23:23:53 - [TEST_STEP][PASSED] - verifyTextPresent("Debit", true): Text 'Debit' is present on page  using regular expression

2024-08-20 23:23:53 - [MESSAGE][PASSED] - Text 'Debit' is present on page  using regular expression

2024-08-20 23:23:53 - [TEST_STEP][PASSED] - verifyTextPresent("Personal", true): Text 'Personal' is present on page  using regular expression

2024-08-20 23:23:54 - [MESSAGE][PASSED] - Text 'Personal' is present on page  using regular expression

2024-08-20 23:23:54 - [TEST_STEP][PASSED] - verifyTextPresent("Checking", true): Text 'Checking' is present on page  using regular expression

2024-08-20 23:23:54 - [MESSAGE][PASSED] - Text 'Checking' is present on page  using regular expression

2024-08-20 23:23:54 - [TEST_STEP][PASSED] - verifyTextPresent("1111", true): Text '1111' is present on page  using regular expression

2024-08-20 23:23:54 - [MESSAGE][PASSED] - Text '1111' is present on page  using regular expression

2024-08-20 23:23:54 - [TEST_STEP][PASSED] - verifyTextPresent("2691", true): Text '2691' is present on page  using regular expression

2024-08-20 23:23:54 - [MESSAGE][PASSED] - Text '2691' is present on page  using regular expression

2024-08-20 23:23:54 - [TEST_STEP][PASSED] - verifyTextPresent("MIKE CHINGITI", true): Text 'MIKE CHINGITI' is present on page  using regular expression

2024-08-20 23:23:54 - [MESSAGE][PASSED] - Text 'MIKE CHINGITI' is present on page  using regular expression

2024-08-20 23:23:54 - [TEST_STEP][PASSED] - verifyTextPresent("104 main road", true): Text '104 main road' is present on page  using regular expression

2024-08-20 23:23:55 - [MESSAGE][PASSED] - Text '104 main road' is present on page  using regular expression

2024-08-20 23:23:55 - [TEST_STEP][PASSED] - verifyTextPresent("United States", true): Text 'United States' is present on page  using regular expression

2024-08-20 23:23:55 - [MESSAGE][PASSED] - Text 'United States' is present on page  using regular expression

2024-08-20 23:23:55 - [TEST_STEP][PASSED] - verifyTextPresent("ARLINGTON", true): Text 'ARLINGTON' is present on page  using regular expression

2024-08-20 23:23:55 - [MESSAGE][PASSED] - Text 'ARLINGTON' is present on page  using regular expression

2024-08-20 23:23:55 - [TEST_STEP][PASSED] - verifyTextPresent("Virginia", true): Text 'Virginia' is present on page  using regular expression

2024-08-20 23:23:55 - [MESSAGE][PASSED] - Text 'Virginia' is present on page  using regular expression

2024-08-20 23:23:55 - [TEST_STEP][PASSED] - verifyTextPresent("22201", true): Text '22201' is present on page  using regular expression

2024-08-20 23:23:56 - [MESSAGE][PASSED] - Text '22201' is present on page  using regular expression

2024-08-20 23:23:56 - [TEST_STEP][PASSED] - println("End Test: SCFBelowFloorPC"): null]]></system-out>
         <system-err><![CDATA[]]></system-err>
      </testcase>
      <testcase name="Test Cases/IntegratedWeb/IWP23-SelIDE/SCFcancelOnCFCC" time="23.162" classname="Test Cases/IntegratedWeb/IWP23-SelIDE/SCFcancelOnCFCC" status="PASSED">
         <system-out><![CDATA[2024-08-20 23:23:56 - [TEST_CASE][PASSED] - Test Cases/IntegratedWeb/IWP23-SelIDE/SCFcancelOnCFCC: Test Cases/IntegratedWeb/IWP23-SelIDE/SCFcancelOnCFCC

2024-08-20 23:23:56 - [TEST_STEP][PASSED] - softAssertion = new org.testng.asserts.SoftAssert(): null

2024-08-20 23:23:56 - [TEST_STEP][PASSED] - openBrowser("https://www.google.com/"): Browser is opened with url: 'https://www.google.com/'

2024-08-20 23:23:56 - [MESSAGE][WARNING] - A browser is already opened. Closing browser and opening a new one

2024-08-20 23:23:58 - [MESSAGE][INFO] - Starting 'Chrome' driver

2024-08-20 23:23:58 - [MESSAGE][INFO] - User set preference: ['acceptInsecureCerts', 'true']

2024-08-20 23:23:58 - [MESSAGE][INFO] - Action delay is set to 0 milliseconds

2024-08-20 23:24:00 - [MESSAGE][PASSED] - Browser is opened with url: 'https://www.google.com/'

2024-08-20 23:24:00 - [TEST_STEP][PASSED] - driver = getWebDriver(): null

2024-08-20 23:24:00 - [TEST_STEP][PASSED] - baseUrl = "https://www.google.com/": null

2024-08-20 23:24:00 - [TEST_STEP][PASSED] - selenium = new com.thoughtworks.selenium.webdriven.WebDriverBackedSelenium(driver, baseUrl): null

2024-08-20 23:24:00 - [TEST_STEP][PASSED] - println("Begin Test: SCFcancelOnCFCC"): null

2024-08-20 23:24:00 - [TEST_STEP][PASSED] - emulatorURL = urlEmulator: null

2024-08-20 23:24:00 - [TEST_STEP][PASSED] - selenium.open(emulatorURL): null

2024-08-20 23:24:01 - [TEST_STEP][PASSED] - selenium.selectWindow("null"): null

2024-08-20 23:24:01 - [TEST_STEP][PASSED] - selenium.select("name=message_version", "label=2.3"): null

2024-08-20 23:24:01 - [TEST_STEP][PASSED] - selenium.waitForPageToLoad("30000"): null

2024-08-20 23:24:02 - [TEST_STEP][PASSED] - selenium.type("name=amount", 00".toString()): null

2024-08-20 23:24:02 - [TEST_STEP][PASSED] - selenium.type("name=client_account_number", "CAN12345"): null

2024-08-20 23:24:02 - [TEST_STEP][PASSED] - selenium.type("name=action_type", "PayNow"): null

2024-08-20 23:24:02 - [TEST_STEP][PASSED] - selenium.type("name=language", "en_US"): null

2024-08-20 23:24:02 - [TEST_STEP][PASSED] - selenium.type("name=billing_firstname", "Mandy"): null

2024-08-20 23:24:02 - [TEST_STEP][PASSED] - selenium.type("name=billing_lastname", "Iguera"): null

2024-08-20 23:24:02 - [TEST_STEP][PASSED] - selenium.type("name=billing_address", "56 World Center Drive".toString()): null

2024-08-20 23:24:02 - [TEST_STEP][PASSED] - selenium.type("name=billing_address2", "Suite 600".toString()): null

2024-08-20 23:24:02 - [TEST_STEP][PASSED] - selenium.type("name=billing_country_id", "840"): null

2024-08-20 23:24:02 - [TEST_STEP][PASSED] - selenium.type("name=billing_city", "Orlando"): null

2024-08-20 23:24:02 - [TEST_STEP][PASSED] - selenium.type("name=billing_state", "NH"): null

2024-08-20 23:24:02 - [TEST_STEP][PASSED] - selenium.type("name=billing_zip", "03106"): null

2024-08-20 23:24:02 - [TEST_STEP][PASSED] - selenium.type("name=order_number", "PPPPOOOO"): null

2024-08-20 23:24:02 - [TEST_STEP][PASSED] - selenium.type("name=user_defined1", "udf1"): null

2024-08-20 23:24:02 - [TEST_STEP][PASSED] - selenium.type("name=user_defined2", "udf2"): null

2024-08-20 23:24:02 - [TEST_STEP][PASSED] - selenium.type("name=user_defined3", "udf3"): null

2024-08-20 23:24:03 - [TEST_STEP][PASSED] - selenium.type("name=user_defined4", "Orange Label".toString()): null

2024-08-20 23:24:03 - [TEST_STEP][PASSED] - selenium.type("name=user_defined5", "Soccer Label".toString()): null

2024-08-20 23:24:03 - [TEST_STEP][PASSED] - selenium.click("name=submit"): null

2024-08-20 23:24:03 - [TEST_STEP][PASSED] - selenium.waitForPageToLoad("30000"): null

2024-08-20 23:24:03 - [TEST_STEP][PASSED] - testHarnessURL = urlTestHarness: null

2024-08-20 23:24:03 - [TEST_STEP][PASSED] - selenium.open(testHarnessURL): null

2024-08-20 23:24:04 - [TEST_STEP][PASSED] - Thread.sleep(2000): null

2024-08-20 23:24:06 - [TEST_STEP][PASSED] - selenium.type("name=application_id", "636"): null

2024-08-20 23:24:06 - [TEST_STEP][PASSED] - selenium.type("name=message_version", 3".toString()): null

2024-08-20 23:24:06 - [TEST_STEP][PASSED] - genRemIDVoid = RandomStringUtils.random(12, true, true): null

2024-08-20 23:24:06 - [TEST_STEP][PASSED] - selenium.type("name=remittance_id", genRemIDVoid): null

2024-08-20 23:24:06 - [TEST_STEP][PASSED] - selenium.click("css=input.formSubmit"): null

2024-08-20 23:24:06 - [TEST_STEP][PASSED] - selenium.waitForPageToLoad("30000"): null

2024-08-20 23:24:07 - [TEST_STEP][PASSED] - selenium.selectWindow("null"): null

2024-08-20 23:24:07 - [TEST_STEP][PASSED] - selenium.click("name=paymentMethod"): null

2024-08-20 23:24:07 - [TEST_STEP][PASSED] - selenium.click("css=input[type="submit"]"): null

2024-08-20 23:24:08 - [TEST_STEP][PASSED] - selenium.waitForPageToLoad("30000"): null

2024-08-20 23:24:08 - [TEST_STEP][PASSED] - selenium.type("name=amount", 50".toString()): null

2024-08-20 23:24:08 - [TEST_STEP][PASSED] - selenium.type("name=billingName", "Leslie Howard".toString()): null

2024-08-20 23:24:08 - [TEST_STEP][PASSED] - selenium.type("id=cardNumber", "4111111111111111"): null

2024-08-20 23:24:09 - [TEST_STEP][PASSED] - selenium.type("id=spc", "568"): null

2024-08-20 23:24:09 - [TEST_STEP][PASSED] - selenium.select("name=cardExpMonth", "label=02"): null

2024-08-20 23:24:09 - [TEST_STEP][PASSED] - selenium.select("name=cardExpYear", "label=2028"): null

2024-08-20 23:24:09 - [TEST_STEP][PASSED] - selenium.type("name=billingAddress", "778 Main street".toString()): null

2024-08-20 23:24:09 - [TEST_STEP][PASSED] - selenium.type("name=billingAddress2", ""): null

2024-08-20 23:24:09 - [TEST_STEP][PASSED] - selenium.type("id=billing-zip-input", "22201"): null

2024-08-20 23:24:09 - [TEST_STEP][PASSED] - selenium.type("name=emailAddress", ""): null

2024-08-20 23:24:09 - [TEST_STEP][PASSED] - selenium.click("id=checkedAcceptCondition"): null

2024-08-20 23:24:09 - [TEST_STEP][PASSED] - selenium.click("name=ccSubmit"): null

2024-08-20 23:24:10 - [TEST_STEP][PASSED] - selenium.waitForPageToLoad("30000"): null

2024-08-20 23:24:10 - [TEST_STEP][PASSED] - verifyTextPresent("Please verify the following information:", true): Text 'Please verify the following information:' is present on page  using regular expression

2024-08-20 23:24:10 - [MESSAGE][PASSED] - Text 'Please verify the following information:' is present on page  using regular expression

2024-08-20 23:24:10 - [TEST_STEP][PASSED] - verifyTextPresent("Is this information correct", true): Text 'Is this information correct' is present on page  using regular expression

2024-08-20 23:24:11 - [MESSAGE][PASSED] - Text 'Is this information correct' is present on page  using regular expression

2024-08-20 23:24:11 - [TEST_STEP][PASSED] - selenium.click("name=confirmNotifyAction"): null

2024-08-20 23:24:11 - [TEST_STEP][PASSED] - selenium.waitForPageToLoad("30000"): null

2024-08-20 23:24:12 - [TEST_STEP][PASSED] - verifyTextPresent("Payment Amount:", true): Text 'Payment Amount:' is present on page  using regular expression

2024-08-20 23:24:12 - [MESSAGE][PASSED] - Text 'Payment Amount:' is present on page  using regular expression

2024-08-20 23:24:12 - [TEST_STEP][PASSED] - verifyTextPresent("Convenience Fees:", true): Text 'Convenience Fees:' is present on page  using regular expression

2024-08-20 23:24:12 - [MESSAGE][PASSED] - Text 'Convenience Fees:' is present on page  using regular expression

2024-08-20 23:24:12 - [TEST_STEP][PASSED] - verifyTextPresent("Total Amount:", true): Text 'Total Amount:' is present on page  using regular expression

2024-08-20 23:24:12 - [MESSAGE][PASSED] - Text 'Total Amount:' is present on page  using regular expression

2024-08-20 23:24:12 - [TEST_STEP][PASSED] - verifyTextPresent("This transaction is subject to a Convenience Fees of $2.00", false): Text 'This transaction is subject to a Convenience Fees of $2.00' is present on page 

2024-08-20 23:24:13 - [MESSAGE][PASSED] - Text 'This transaction is subject to a Convenience Fees of $2.00' is present on page 

2024-08-20 23:24:13 - [TEST_STEP][PASSED] - verifyTextPresent("$11.50", false): Text '$11.50' is present on page 

2024-08-20 23:24:13 - [MESSAGE][PASSED] - Text '$11.50' is present on page 

2024-08-20 23:24:13 - [TEST_STEP][PASSED] - verifyTextPresent("$2.00", false): Text '$2.00' is present on page 

2024-08-20 23:24:13 - [MESSAGE][PASSED] - Text '$2.00' is present on page 

2024-08-20 23:24:13 - [TEST_STEP][PASSED] - verifyTextPresent("$13.50", false): Text '$13.50' is present on page 

2024-08-20 23:24:13 - [MESSAGE][PASSED] - Text '$13.50' is present on page 

2024-08-20 23:24:13 - [TEST_STEP][PASSED] - verifyTextPresent("One transaction in the amount of $13.50 will appear on your bank statement", false): Text 'One transaction in the amount of $13.50 will appear on your bank statement' is present on page 

2024-08-20 23:24:14 - [MESSAGE][PASSED] - Text 'One transaction in the amount of $13.50 will appear on your bank statement' is present on page 

2024-08-20 23:24:14 - [TEST_STEP][PASSED] - selenium.click("document.process.convFeeNotifyAction[1]"): null

2024-08-20 23:24:14 - [TEST_STEP][PASSED] - selenium.waitForPageToLoad("30000"): null

2024-08-20 23:24:15 - [TEST_STEP][PASSED] - Thread.sleep(4000): null

2024-08-20 23:24:19 - [TEST_STEP][PASSED] - verifyTextPresent("Payment Canceled", true): Text 'Payment Canceled' is present on page  using regular expression

2024-08-20 23:24:19 - [MESSAGE][PASSED] - Text 'Payment Canceled' is present on page  using regular expression

2024-08-20 23:24:19 - [TEST_STEP][PASSED] - println("End Test: SCFcancelOnCFCC"): null]]></system-out>
         <system-err><![CDATA[]]></system-err>
      </testcase>
      <testcase name="Test Cases/IntegratedWeb/IWP23-SelIDE/SCFFlatSuccessfulPC" time="30.992" classname="Test Cases/IntegratedWeb/IWP23-SelIDE/SCFFlatSuccessfulPC" status="PASSED">
         <system-out><![CDATA[2024-08-20 23:24:19 - [TEST_CASE][PASSED] - Test Cases/IntegratedWeb/IWP23-SelIDE/SCFFlatSuccessfulPC: Test Cases/IntegratedWeb/IWP23-SelIDE/SCFFlatSuccessfulPC

2024-08-20 23:24:20 - [TEST_STEP][PASSED] - softAssertion = new org.testng.asserts.SoftAssert(): null

2024-08-20 23:24:20 - [TEST_STEP][PASSED] - openBrowser("https://www.google.com/"): Browser is opened with url: 'https://www.google.com/'

2024-08-20 23:24:20 - [MESSAGE][WARNING] - A browser is already opened. Closing browser and opening a new one

2024-08-20 23:24:21 - [MESSAGE][INFO] - Starting 'Chrome' driver

2024-08-20 23:24:21 - [MESSAGE][INFO] - User set preference: ['acceptInsecureCerts', 'true']

2024-08-20 23:24:21 - [MESSAGE][INFO] - Action delay is set to 0 milliseconds

2024-08-20 23:24:24 - [MESSAGE][PASSED] - Browser is opened with url: 'https://www.google.com/'

2024-08-20 23:24:24 - [TEST_STEP][PASSED] - driver = getWebDriver(): null

2024-08-20 23:24:24 - [TEST_STEP][PASSED] - baseUrl = "https://www.google.com/": null

2024-08-20 23:24:24 - [TEST_STEP][PASSED] - selenium = new com.thoughtworks.selenium.webdriven.WebDriverBackedSelenium(driver, baseUrl): null

2024-08-20 23:24:24 - [TEST_STEP][PASSED] - println("Begin Test: SCFFlatSuccessfulPC"): null

2024-08-20 23:24:24 - [TEST_STEP][PASSED] - emulatorURL = urlEmulator: null

2024-08-20 23:24:24 - [TEST_STEP][PASSED] - selenium.open(emulatorURL): null

2024-08-20 23:24:24 - [TEST_STEP][PASSED] - selenium.selectWindow("null"): null

2024-08-20 23:24:24 - [TEST_STEP][PASSED] - selenium.select("name=message_version", "label=2.3"): null

2024-08-20 23:24:24 - [TEST_STEP][PASSED] - selenium.waitForPageToLoad("30000"): null

2024-08-20 23:24:25 - [TEST_STEP][PASSED] - selenium.type("name=amount", 00".toString()): null

2024-08-20 23:24:25 - [TEST_STEP][PASSED] - selenium.type("name=client_account_number", "CAN12345"): null

2024-08-20 23:24:25 - [TEST_STEP][PASSED] - selenium.type("name=action_type", "PayNow"): null

2024-08-20 23:24:25 - [TEST_STEP][PASSED] - selenium.type("name=language", "en_US"): null

2024-08-20 23:24:25 - [TEST_STEP][PASSED] - selenium.type("name=billing_firstname", "Mandy"): null

2024-08-20 23:24:25 - [TEST_STEP][PASSED] - selenium.type("name=billing_lastname", "Iguera"): null

2024-08-20 23:24:25 - [TEST_STEP][PASSED] - selenium.type("name=billing_address", "56 World Center Drive".toString()): null

2024-08-20 23:24:25 - [TEST_STEP][PASSED] - selenium.type("name=billing_address2", "Suite 600".toString()): null

2024-08-20 23:24:25 - [TEST_STEP][PASSED] - selenium.type("name=billing_country_id", "840"): null

2024-08-20 23:24:25 - [TEST_STEP][PASSED] - selenium.type("name=billing_city", "Orlando"): null

2024-08-20 23:24:25 - [TEST_STEP][PASSED] - selenium.type("name=billing_state", "NH"): null

2024-08-20 23:24:25 - [TEST_STEP][PASSED] - selenium.type("name=billing_zip", "03106"): null

2024-08-20 23:24:25 - [TEST_STEP][PASSED] - selenium.type("name=order_number", "PPPPOOOO"): null

2024-08-20 23:24:25 - [TEST_STEP][PASSED] - selenium.type("name=user_defined1", "udf1"): null

2024-08-20 23:24:25 - [TEST_STEP][PASSED] - selenium.type("name=user_defined2", "udf2"): null

2024-08-20 23:24:25 - [TEST_STEP][PASSED] - selenium.type("name=user_defined3", "udf3"): null

2024-08-20 23:24:25 - [TEST_STEP][PASSED] - selenium.type("name=user_defined4", "Orange Label".toString()): null

2024-08-20 23:24:26 - [TEST_STEP][PASSED] - selenium.type("name=user_defined5", "Soccer Label".toString()): null

2024-08-20 23:24:26 - [TEST_STEP][PASSED] - selenium.click("name=submit"): null

2024-08-20 23:24:26 - [TEST_STEP][PASSED] - selenium.waitForPageToLoad("30000"): null

2024-08-20 23:24:26 - [TEST_STEP][PASSED] - Thread.sleep(2000): null

2024-08-20 23:24:28 - [TEST_STEP][PASSED] - testHarnessURL = urlTestHarness: null

2024-08-20 23:24:28 - [TEST_STEP][PASSED] - selenium.open(testHarnessURL): null

2024-08-20 23:24:29 - [TEST_STEP][PASSED] - selenium.type("name=application_id", "636"): null

2024-08-20 23:24:29 - [TEST_STEP][PASSED] - selenium.type("name=message_version", 3".toString()): null

2024-08-20 23:24:29 - [TEST_STEP][PASSED] - genRemIDVoid = RandomStringUtils.random(12, true, true): null

2024-08-20 23:24:29 - [TEST_STEP][PASSED] - selenium.type("name=remittance_id", genRemIDVoid): null

2024-08-20 23:24:29 - [TEST_STEP][PASSED] - selenium.click("css=input.formSubmit"): null

2024-08-20 23:24:29 - [TEST_STEP][PASSED] - selenium.waitForPageToLoad("30000"): null

2024-08-20 23:24:30 - [TEST_STEP][PASSED] - selenium.click("xpath=(//input[@name='paymentMethod'])[2]"): null

2024-08-20 23:24:30 - [TEST_STEP][PASSED] - selenium.click("css=input[type="submit"]"): null

2024-08-20 23:24:31 - [TEST_STEP][PASSED] - selenium.waitForPageToLoad("30000"): null

2024-08-20 23:24:31 - [TEST_STEP][PASSED] - selenium.type("name=amount", 50".toString()): null

2024-08-20 23:24:31 - [TEST_STEP][PASSED] - selenium.type("name=billingFirstname", "Mike"): null

2024-08-20 23:24:32 - [TEST_STEP][PASSED] - selenium.type("name=billingLastname", "Chingiti"): null

2024-08-20 23:24:32 - [TEST_STEP][PASSED] - selenium.type("id=routingNumber", "256072691"): null

2024-08-20 23:24:32 - [TEST_STEP][PASSED] - selenium.type("id=accountNumber", "11111111"): null

2024-08-20 23:24:32 - [TEST_STEP][PASSED] - selenium.type("id=confirmAccountNumber", "11111111"): null

2024-08-20 23:24:32 - [TEST_STEP][PASSED] - selenium.click("name=accountType"): null

2024-08-20 23:24:32 - [TEST_STEP][PASSED] - selenium.type("name=billingAddress", "104 main road".toString()): null

2024-08-20 23:24:32 - [TEST_STEP][PASSED] - selenium.type("name=billingAddress2", ""): null

2024-08-20 23:24:32 - [TEST_STEP][PASSED] - selenium.type("id=billing-zip-input", "22201"): null

2024-08-20 23:24:32 - [TEST_STEP][PASSED] - selenium.click("id=checkedAcceptCondition"): null

2024-08-20 23:24:32 - [TEST_STEP][PASSED] - selenium.click("name=achSubmit"): null

2024-08-20 23:24:33 - [TEST_STEP][PASSED] - selenium.waitForPageToLoad("30000"): null

2024-08-20 23:24:33 - [TEST_STEP][PASSED] - verifyTextPresent("Please verify the following information:", true): Text 'Please verify the following information:' is present on page  using regular expression

2024-08-20 23:24:33 - [MESSAGE][PASSED] - Text 'Please verify the following information:' is present on page  using regular expression

2024-08-20 23:24:33 - [TEST_STEP][PASSED] - verifyTextPresent("Is this information correct", true): Text 'Is this information correct' is present on page  using regular expression

2024-08-20 23:24:34 - [MESSAGE][PASSED] - Text 'Is this information correct' is present on page  using regular expression

2024-08-20 23:24:34 - [TEST_STEP][PASSED] - selenium.click("name=confirmNotifyAction"): null

2024-08-20 23:24:34 - [TEST_STEP][PASSED] - selenium.waitForPageToLoad("30000"): null

2024-08-20 23:24:35 - [TEST_STEP][PASSED] - verifyTextPresent("This transaction is subject to a Convenience Fees of $2.00", false): Text 'This transaction is subject to a Convenience Fees of $2.00' is present on page 

2024-08-20 23:24:35 - [MESSAGE][PASSED] - Text 'This transaction is subject to a Convenience Fees of $2.00' is present on page 

2024-08-20 23:24:35 - [TEST_STEP][PASSED] - verifyTextPresent("Payment Amount:", true): Text 'Payment Amount:' is present on page  using regular expression

2024-08-20 23:24:35 - [MESSAGE][PASSED] - Text 'Payment Amount:' is present on page  using regular expression

2024-08-20 23:24:35 - [TEST_STEP][PASSED] - verifyTextPresent("$10.50", false): Text '$10.50' is present on page 

2024-08-20 23:24:35 - [MESSAGE][PASSED] - Text '$10.50' is present on page 

2024-08-20 23:24:35 - [TEST_STEP][PASSED] - verifyTextPresent("Convenience Fees:", true): Text 'Convenience Fees:' is present on page  using regular expression

2024-08-20 23:24:36 - [MESSAGE][PASSED] - Text 'Convenience Fees:' is present on page  using regular expression

2024-08-20 23:24:36 - [TEST_STEP][PASSED] - verifyTextPresent("$2.00", false): Text '$2.00' is present on page 

2024-08-20 23:24:36 - [MESSAGE][PASSED] - Text '$2.00' is present on page 

2024-08-20 23:24:36 - [TEST_STEP][PASSED] - verifyTextPresent("Total Amount:", true): Text 'Total Amount:' is present on page  using regular expression

2024-08-20 23:24:36 - [MESSAGE][PASSED] - Text 'Total Amount:' is present on page  using regular expression

2024-08-20 23:24:36 - [TEST_STEP][PASSED] - verifyTextPresent("$12.50", false): Text '$12.50' is present on page 

2024-08-20 23:24:36 - [MESSAGE][PASSED] - Text '$12.50' is present on page 

2024-08-20 23:24:36 - [TEST_STEP][PASSED] - verifyTextPresent("One transaction in the amount of $12.50 will appear on your bank statement", false): Text 'One transaction in the amount of $12.50 will appear on your bank statement' is present on page 

2024-08-20 23:24:37 - [MESSAGE][PASSED] - Text 'One transaction in the amount of $12.50 will appear on your bank statement' is present on page 

2024-08-20 23:24:37 - [TEST_STEP][PASSED] - selenium.click("name=convFeeNotifyAction"): null

2024-08-20 23:24:37 - [TEST_STEP][PASSED] - selenium.waitForPageToLoad("30000"): null

2024-08-20 23:24:38 - [TEST_STEP][PASSED] - Thread.sleep(8000): null

2024-08-20 23:24:46 - [TEST_STEP][PASSED] - verifyTextPresent("Successful Payment Receipt", true): Text 'Successful Payment Receipt' is present on page  using regular expression

2024-08-20 23:24:46 - [MESSAGE][PASSED] - Text 'Successful Payment Receipt' is present on page  using regular expression

2024-08-20 23:24:46 - [TEST_STEP][PASSED] - verifyTextPresent("Please print this receipt for your records", true): Text 'Please print this receipt for your records' is present on page  using regular expression

2024-08-20 23:24:46 - [MESSAGE][PASSED] - Text 'Please print this receipt for your records' is present on page  using regular expression

2024-08-20 23:24:46 - [TEST_STEP][PASSED] - verifyTextPresent("$10.50", false): Text '$10.50' is present on page 

2024-08-20 23:24:46 - [MESSAGE][PASSED] - Text '$10.50' is present on page 

2024-08-20 23:24:46 - [TEST_STEP][PASSED] - verifyTextPresent("$2.00", false): Text '$2.00' is present on page 

2024-08-20 23:24:47 - [MESSAGE][PASSED] - Text '$2.00' is present on page 

2024-08-20 23:24:47 - [TEST_STEP][PASSED] - verifyTextPresent("Single Transaction", true): Text 'Single Transaction' is present on page  using regular expression

2024-08-20 23:24:47 - [MESSAGE][PASSED] - Text 'Single Transaction' is present on page  using regular expression

2024-08-20 23:24:47 - [TEST_STEP][PASSED] - verifyTextPresent("$12.50", false): Text '$12.50' is present on page 

2024-08-20 23:24:47 - [MESSAGE][PASSED] - Text '$12.50' is present on page 

2024-08-20 23:24:47 - [TEST_STEP][PASSED] - verifyTextPresent("Debit", true): Text 'Debit' is present on page  using regular expression

2024-08-20 23:24:47 - [MESSAGE][PASSED] - Text 'Debit' is present on page  using regular expression

2024-08-20 23:24:47 - [TEST_STEP][PASSED] - verifyTextPresent("Personal", true): Text 'Personal' is present on page  using regular expression

2024-08-20 23:24:48 - [MESSAGE][PASSED] - Text 'Personal' is present on page  using regular expression

2024-08-20 23:24:48 - [TEST_STEP][PASSED] - verifyTextPresent("Checking", true): Text 'Checking' is present on page  using regular expression

2024-08-20 23:24:48 - [MESSAGE][PASSED] - Text 'Checking' is present on page  using regular expression

2024-08-20 23:24:48 - [TEST_STEP][PASSED] - verifyTextPresent("1111", true): Text '1111' is present on page  using regular expression

2024-08-20 23:24:48 - [MESSAGE][PASSED] - Text '1111' is present on page  using regular expression

2024-08-20 23:24:48 - [TEST_STEP][PASSED] - verifyTextPresent("2691", true): Text '2691' is present on page  using regular expression

2024-08-20 23:24:48 - [MESSAGE][PASSED] - Text '2691' is present on page  using regular expression

2024-08-20 23:24:48 - [TEST_STEP][PASSED] - verifyTextPresent("MIKE CHINGITI", true): Text 'MIKE CHINGITI' is present on page  using regular expression

2024-08-20 23:24:49 - [MESSAGE][PASSED] - Text 'MIKE CHINGITI' is present on page  using regular expression

2024-08-20 23:24:49 - [TEST_STEP][PASSED] - verifyTextPresent("104 main road", true): Text '104 main road' is present on page  using regular expression

2024-08-20 23:24:49 - [MESSAGE][PASSED] - Text '104 main road' is present on page  using regular expression

2024-08-20 23:24:49 - [TEST_STEP][PASSED] - verifyTextPresent("United States", true): Text 'United States' is present on page  using regular expression

2024-08-20 23:24:49 - [MESSAGE][PASSED] - Text 'United States' is present on page  using regular expression

2024-08-20 23:24:49 - [TEST_STEP][PASSED] - verifyTextPresent("ARLINGTON", true): Text 'ARLINGTON' is present on page  using regular expression

2024-08-20 23:24:49 - [MESSAGE][PASSED] - Text 'ARLINGTON' is present on page  using regular expression

2024-08-20 23:24:49 - [TEST_STEP][PASSED] - verifyTextPresent("Virginia", true): Text 'Virginia' is present on page  using regular expression

2024-08-20 23:24:50 - [MESSAGE][PASSED] - Text 'Virginia' is present on page  using regular expression

2024-08-20 23:24:50 - [TEST_STEP][PASSED] - verifyTextPresent("22201", true): Text '22201' is present on page  using regular expression

2024-08-20 23:24:50 - [MESSAGE][PASSED] - Text '22201' is present on page  using regular expression

2024-08-20 23:24:50 - [TEST_STEP][PASSED] - println("End Test: SCFFlatSuccessfulPC"): null]]></system-out>
         <system-err><![CDATA[]]></system-err>
      </testcase>
      <testcase name="Test Cases/IntegratedWeb/IWP23-SelIDE/SCFModifyCC" time="36.057" classname="Test Cases/IntegratedWeb/IWP23-SelIDE/SCFModifyCC" status="PASSED">
         <system-out><![CDATA[2024-08-20 23:24:50 - [TEST_CASE][PASSED] - Test Cases/IntegratedWeb/IWP23-SelIDE/SCFModifyCC: Test Cases/IntegratedWeb/IWP23-SelIDE/SCFModifyCC

2024-08-20 23:24:51 - [TEST_STEP][PASSED] - softAssertion = new org.testng.asserts.SoftAssert(): null

2024-08-20 23:24:51 - [TEST_STEP][PASSED] - openBrowser("https://www.google.com/"): Browser is opened with url: 'https://www.google.com/'

2024-08-20 23:24:51 - [MESSAGE][WARNING] - A browser is already opened. Closing browser and opening a new one

2024-08-20 23:24:52 - [MESSAGE][INFO] - Starting 'Chrome' driver

2024-08-20 23:24:52 - [MESSAGE][INFO] - User set preference: ['acceptInsecureCerts', 'true']

2024-08-20 23:24:52 - [MESSAGE][INFO] - Action delay is set to 0 milliseconds

2024-08-20 23:24:55 - [MESSAGE][PASSED] - Browser is opened with url: 'https://www.google.com/'

2024-08-20 23:24:55 - [TEST_STEP][PASSED] - driver = getWebDriver(): null

2024-08-20 23:24:55 - [TEST_STEP][PASSED] - baseUrl = "https://www.google.com/": null

2024-08-20 23:24:55 - [TEST_STEP][PASSED] - selenium = new com.thoughtworks.selenium.webdriven.WebDriverBackedSelenium(driver, baseUrl): null

2024-08-20 23:24:55 - [TEST_STEP][PASSED] - println("Begin Test: SCFModifyCC"): null

2024-08-20 23:24:55 - [TEST_STEP][PASSED] - emulatorURL = urlEmulator: null

2024-08-20 23:24:55 - [TEST_STEP][PASSED] - selenium.open(emulatorURL): null

2024-08-20 23:24:55 - [TEST_STEP][PASSED] - selenium.selectWindow("null"): null

2024-08-20 23:24:55 - [TEST_STEP][PASSED] - selenium.select("name=message_version", "label=2.3"): null

2024-08-20 23:24:55 - [TEST_STEP][PASSED] - selenium.waitForPageToLoad("30000"): null

2024-08-20 23:24:56 - [TEST_STEP][PASSED] - selenium.type("name=amount", 00".toString()): null

2024-08-20 23:24:56 - [TEST_STEP][PASSED] - selenium.type("name=client_account_number", "CAN12345"): null

2024-08-20 23:24:56 - [TEST_STEP][PASSED] - selenium.type("name=action_type", "PayNow"): null

2024-08-20 23:24:56 - [TEST_STEP][PASSED] - selenium.type("name=language", "en_US"): null

2024-08-20 23:24:56 - [TEST_STEP][PASSED] - selenium.type("name=billing_firstname", "Mandy"): null

2024-08-20 23:24:56 - [TEST_STEP][PASSED] - selenium.type("name=billing_lastname", "Iguera"): null

2024-08-20 23:24:56 - [TEST_STEP][PASSED] - selenium.type("name=billing_address", "56 World Center Drive".toString()): null

2024-08-20 23:24:56 - [TEST_STEP][PASSED] - selenium.type("name=billing_address2", "Suite 600".toString()): null

2024-08-20 23:24:56 - [TEST_STEP][PASSED] - selenium.type("name=billing_country_id", "840"): null

2024-08-20 23:24:56 - [TEST_STEP][PASSED] - selenium.type("name=billing_city", "Orlando"): null

2024-08-20 23:24:56 - [TEST_STEP][PASSED] - selenium.type("name=billing_state", "NH"): null

2024-08-20 23:24:56 - [TEST_STEP][PASSED] - selenium.type("name=billing_zip", "03106"): null

2024-08-20 23:24:56 - [TEST_STEP][PASSED] - selenium.type("name=order_number", "PPPPOOOO"): null

2024-08-20 23:24:56 - [TEST_STEP][PASSED] - selenium.type("name=user_defined1", "udf1"): null

2024-08-20 23:24:56 - [TEST_STEP][PASSED] - selenium.type("name=user_defined2", "udf2"): null

2024-08-20 23:24:56 - [TEST_STEP][PASSED] - selenium.type("name=user_defined3", "udf3"): null

2024-08-20 23:24:57 - [TEST_STEP][PASSED] - selenium.type("name=user_defined4", "Orange Label".toString()): null

2024-08-20 23:24:57 - [TEST_STEP][PASSED] - selenium.type("name=user_defined5", "Soccer Label".toString()): null

2024-08-20 23:24:57 - [TEST_STEP][PASSED] - selenium.click("name=submit"): null

2024-08-20 23:24:57 - [TEST_STEP][PASSED] - selenium.waitForPageToLoad("30000"): null

2024-08-20 23:24:57 - [TEST_STEP][PASSED] - testHarnessURL = urlTestHarness: null

2024-08-20 23:24:57 - [TEST_STEP][PASSED] - selenium.open(testHarnessURL): null

2024-08-20 23:24:58 - [TEST_STEP][PASSED] - Thread.sleep(2000): null

2024-08-20 23:25:00 - [TEST_STEP][PASSED] - selenium.type("name=application_id", "636"): null

2024-08-20 23:25:00 - [TEST_STEP][PASSED] - selenium.type("name=message_version", 3".toString()): null

2024-08-20 23:25:00 - [TEST_STEP][PASSED] - genRemIDVoid = RandomStringUtils.random(12, true, true): null

2024-08-20 23:25:00 - [TEST_STEP][PASSED] - selenium.type("name=remittance_id", genRemIDVoid): null

2024-08-20 23:25:00 - [TEST_STEP][PASSED] - selenium.click("css=input.formSubmit"): null

2024-08-20 23:25:00 - [TEST_STEP][PASSED] - selenium.waitForPageToLoad("30000"): null

2024-08-20 23:25:01 - [TEST_STEP][PASSED] - selenium.selectWindow("null"): null

2024-08-20 23:25:01 - [TEST_STEP][PASSED] - selenium.click("name=paymentMethod"): null

2024-08-20 23:25:01 - [TEST_STEP][PASSED] - selenium.click("css=input[type="submit"]"): null

2024-08-20 23:25:02 - [TEST_STEP][PASSED] - selenium.waitForPageToLoad("30000"): null

2024-08-20 23:25:03 - [TEST_STEP][PASSED] - selenium.type("name=amount", 50".toString()): null

2024-08-20 23:25:03 - [TEST_STEP][PASSED] - selenium.type("name=billingName", "Leslie Howard".toString()): null

2024-08-20 23:25:03 - [TEST_STEP][PASSED] - selenium.type("id=cardNumber", "4111111111111111"): null

2024-08-20 23:25:03 - [TEST_STEP][PASSED] - selenium.type("id=spc", "568"): null

2024-08-20 23:25:03 - [TEST_STEP][PASSED] - selenium.select("name=cardExpMonth", "label=02"): null

2024-08-20 23:25:03 - [TEST_STEP][PASSED] - selenium.select("name=cardExpYear", "label=2028"): null

2024-08-20 23:25:03 - [TEST_STEP][PASSED] - selenium.type("name=billingAddress", "778 Main street".toString()): null

2024-08-20 23:25:03 - [TEST_STEP][PASSED] - selenium.type("name=billingAddress2", ""): null

2024-08-20 23:25:03 - [TEST_STEP][PASSED] - selenium.type("id=billing-zip-input", "22201"): null

2024-08-20 23:25:03 - [TEST_STEP][PASSED] - selenium.type("name=emailAddress", ""): null

2024-08-20 23:25:03 - [TEST_STEP][PASSED] - selenium.click("id=checkedAcceptCondition"): null

2024-08-20 23:25:04 - [TEST_STEP][PASSED] - selenium.click("name=ccSubmit"): null

2024-08-20 23:25:04 - [TEST_STEP][PASSED] - selenium.waitForPageToLoad("30000"): null

2024-08-20 23:25:05 - [TEST_STEP][PASSED] - verifyTextPresent("Please verify the following information:", true): Text 'Please verify the following information:' is present on page  using regular expression

2024-08-20 23:25:05 - [MESSAGE][PASSED] - Text 'Please verify the following information:' is present on page  using regular expression

2024-08-20 23:25:05 - [TEST_STEP][PASSED] - verifyTextPresent("Is this information correct", true): Text 'Is this information correct' is present on page  using regular expression

2024-08-20 23:25:05 - [MESSAGE][PASSED] - Text 'Is this information correct' is present on page  using regular expression

2024-08-20 23:25:05 - [TEST_STEP][PASSED] - verifyTextPresent("udf1", true): Text 'udf1' is present on page  using regular expression

2024-08-20 23:25:05 - [MESSAGE][PASSED] - Text 'udf1' is present on page  using regular expression

2024-08-20 23:25:05 - [TEST_STEP][PASSED] - verifyTextPresent("udf2", true): Text 'udf2' is present on page  using regular expression

2024-08-20 23:25:06 - [MESSAGE][PASSED] - Text 'udf2' is present on page  using regular expression

2024-08-20 23:25:06 - [TEST_STEP][PASSED] - verifyTextPresent("udf3", true): Text 'udf3' is present on page  using regular expression

2024-08-20 23:25:06 - [MESSAGE][PASSED] - Text 'udf3' is present on page  using regular expression

2024-08-20 23:25:06 - [TEST_STEP][PASSED] - verifyTextPresent("Orange Label", true): Text 'Orange Label' is present on page  using regular expression

2024-08-20 23:25:06 - [MESSAGE][PASSED] - Text 'Orange Label' is present on page  using regular expression

2024-08-20 23:25:06 - [TEST_STEP][PASSED] - verifyTextPresent("Leslie Howard", true): Text 'Leslie Howard' is present on page  using regular expression

2024-08-20 23:25:07 - [MESSAGE][PASSED] - Text 'Leslie Howard' is present on page  using regular expression

2024-08-20 23:25:07 - [TEST_STEP][PASSED] - verifyTextPresent("Visa", true): Text 'Visa' is present on page  using regular expression

2024-08-20 23:25:07 - [MESSAGE][PASSED] - Text 'Visa' is present on page  using regular expression

2024-08-20 23:25:07 - [TEST_STEP][PASSED] - verifyTextPresent("778 Main street", true): Text '778 Main street' is present on page  using regular expression

2024-08-20 23:25:07 - [MESSAGE][PASSED] - Text '778 Main street' is present on page  using regular expression

2024-08-20 23:25:07 - [TEST_STEP][PASSED] - verifyTextPresent("ARLINGTON", true): Text 'ARLINGTON' is present on page  using regular expression

2024-08-20 23:25:07 - [MESSAGE][PASSED] - Text 'ARLINGTON' is present on page  using regular expression

2024-08-20 23:25:07 - [TEST_STEP][PASSED] - verifyTextPresent("Virginia", true): Text 'Virginia' is present on page  using regular expression

2024-08-20 23:25:08 - [MESSAGE][PASSED] - Text 'Virginia' is present on page  using regular expression

2024-08-20 23:25:08 - [TEST_STEP][PASSED] - verifyTextPresent("22201", true): Text '22201' is present on page  using regular expression

2024-08-20 23:25:08 - [MESSAGE][PASSED] - Text '22201' is present on page  using regular expression

2024-08-20 23:25:08 - [TEST_STEP][PASSED] - verifyTextPresent("1111", true): Text '1111' is present on page  using regular expression

2024-08-20 23:25:08 - [MESSAGE][PASSED] - Text '1111' is present on page  using regular expression

2024-08-20 23:25:08 - [TEST_STEP][PASSED] - verifyTextPresent("2/2028", true): Text '2/2028' is present on page  using regular expression

2024-08-20 23:25:08 - [MESSAGE][PASSED] - Text '2/2028' is present on page  using regular expression

2024-08-20 23:25:08 - [TEST_STEP][PASSED] - selenium.click("document.process.confirmNotifyAction[1]"): null

2024-08-20 23:25:09 - [TEST_STEP][PASSED] - selenium.waitForPageToLoad("30000"): null

2024-08-20 23:25:09 - [TEST_STEP][PASSED] - selenium.type("name=amount", 50".toString()): null

2024-08-20 23:25:10 - [TEST_STEP][PASSED] - selenium.type("name=userDefined2", "udf2 modified".toString()): null

2024-08-20 23:25:10 - [TEST_STEP][PASSED] - selenium.type("name=userDefined3", "udf3 modified".toString()): null

2024-08-20 23:25:10 - [TEST_STEP][PASSED] - selenium.type("name=billingName", "Mashr Mortaza".toString()): null

2024-08-20 23:25:10 - [TEST_STEP][PASSED] - selenium.type("id=cardNumber", "5424000000000015"): null

2024-08-20 23:25:10 - [TEST_STEP][PASSED] - selenium.type("id=spc", "568"): null

2024-08-20 23:25:10 - [TEST_STEP][PASSED] - selenium.select("name=cardExpMonth", "label=06"): null

2024-08-20 23:25:10 - [TEST_STEP][PASSED] - selenium.select("name=cardExpYear", "label=2029"): null

2024-08-20 23:25:10 - [TEST_STEP][PASSED] - selenium.type("name=billingAddress", "1589 Left Turn".toString()): null

2024-08-20 23:25:10 - [TEST_STEP][PASSED] - selenium.type("name=billingAddress2", ""): null

2024-08-20 23:25:10 - [TEST_STEP][PASSED] - selenium.type("id=billing-zip-input", "21054"): null

2024-08-20 23:25:10 - [TEST_STEP][PASSED] - selenium.type("name=emailAddress", ""): null

2024-08-20 23:25:10 - [TEST_STEP][PASSED] - selenium.click("name=ccSubmit"): null

2024-08-20 23:25:11 - [TEST_STEP][PASSED] - selenium.waitForPageToLoad("30000"): null

2024-08-20 23:25:11 - [TEST_STEP][PASSED] - verifyTextPresent("Please verify the following information:", true): Text 'Please verify the following information:' is present on page  using regular expression

2024-08-20 23:25:11 - [MESSAGE][PASSED] - Text 'Please verify the following information:' is present on page  using regular expression

2024-08-20 23:25:11 - [TEST_STEP][PASSED] - verifyTextPresent("Is this information correct", true): Text 'Is this information correct' is present on page  using regular expression

2024-08-20 23:25:12 - [MESSAGE][PASSED] - Text 'Is this information correct' is present on page  using regular expression

2024-08-20 23:25:12 - [TEST_STEP][PASSED] - verifyTextPresent("udf1", true): Text 'udf1' is present on page  using regular expression

2024-08-20 23:25:12 - [MESSAGE][PASSED] - Text 'udf1' is present on page  using regular expression

2024-08-20 23:25:12 - [TEST_STEP][PASSED] - verifyTextPresent("udf2 modified", true): Text 'udf2 modified' is present on page  using regular expression

2024-08-20 23:25:12 - [MESSAGE][PASSED] - Text 'udf2 modified' is present on page  using regular expression

2024-08-20 23:25:12 - [TEST_STEP][PASSED] - verifyTextPresent("udf3 modified", true): Text 'udf3 modified' is present on page  using regular expression

2024-08-20 23:25:12 - [MESSAGE][PASSED] - Text 'udf3 modified' is present on page  using regular expression

2024-08-20 23:25:12 - [TEST_STEP][PASSED] - verifyTextPresent("Orange Label", true): Text 'Orange Label' is present on page  using regular expression

2024-08-20 23:25:13 - [MESSAGE][PASSED] - Text 'Orange Label' is present on page  using regular expression

2024-08-20 23:25:13 - [TEST_STEP][PASSED] - verifyTextPresent("Mashr Mortaza", true): Text 'Mashr Mortaza' is present on page  using regular expression

2024-08-20 23:25:13 - [MESSAGE][PASSED] - Text 'Mashr Mortaza' is present on page  using regular expression

2024-08-20 23:25:13 - [TEST_STEP][PASSED] - verifyTextPresent("MasterCard", true): Text 'MasterCard' is present on page  using regular expression

2024-08-20 23:25:13 - [MESSAGE][PASSED] - Text 'MasterCard' is present on page  using regular expression

2024-08-20 23:25:13 - [TEST_STEP][PASSED] - verifyTextPresent("1589 Left Turn", true): Text '1589 Left Turn' is present on page  using regular expression

2024-08-20 23:25:14 - [MESSAGE][PASSED] - Text '1589 Left Turn' is present on page  using regular expression

2024-08-20 23:25:14 - [TEST_STEP][PASSED] - verifyTextPresent("GAMBRILLS", true): Text 'GAMBRILLS' is present on page  using regular expression

2024-08-20 23:25:14 - [MESSAGE][PASSED] - Text 'GAMBRILLS' is present on page  using regular expression

2024-08-20 23:25:14 - [TEST_STEP][PASSED] - verifyTextPresent("Maryland", true): Text 'Maryland' is present on page  using regular expression

2024-08-20 23:25:14 - [MESSAGE][PASSED] - Text 'Maryland' is present on page  using regular expression

2024-08-20 23:25:14 - [TEST_STEP][PASSED] - verifyTextPresent("21054", true): Text '21054' is present on page  using regular expression

2024-08-20 23:25:14 - [MESSAGE][PASSED] - Text '21054' is present on page  using regular expression

2024-08-20 23:25:14 - [TEST_STEP][PASSED] - verifyTextPresent("0015", true): Text '0015' is present on page  using regular expression

2024-08-20 23:25:15 - [MESSAGE][PASSED] - Text '0015' is present on page  using regular expression

2024-08-20 23:25:15 - [TEST_STEP][PASSED] - verifyTextPresent("6/2029", true): Text '6/2029' is present on page  using regular expression

2024-08-20 23:25:15 - [MESSAGE][PASSED] - Text '6/2029' is present on page  using regular expression

2024-08-20 23:25:15 - [TEST_STEP][PASSED] - selenium.click("name=confirmNotifyAction"): null

2024-08-20 23:25:15 - [TEST_STEP][PASSED] - selenium.waitForPageToLoad("30000"): null

2024-08-20 23:25:16 - [TEST_STEP][PASSED] - Thread.sleep(8000): null

2024-08-20 23:25:24 - [TEST_STEP][PASSED] - verifyTextPresent("Successful Payment Receipt", true): Text 'Successful Payment Receipt' is present on page  using regular expression

2024-08-20 23:25:24 - [MESSAGE][PASSED] - Text 'Successful Payment Receipt' is present on page  using regular expression

2024-08-20 23:25:24 - [TEST_STEP][PASSED] - verifyTextPresent("Please print this receipt for your records", true): Text 'Please print this receipt for your records' is present on page  using regular expression

2024-08-20 23:25:24 - [MESSAGE][PASSED] - Text 'Please print this receipt for your records' is present on page  using regular expression

2024-08-20 23:25:24 - [TEST_STEP][PASSED] - verifyTextPresent("udf1", true): Text 'udf1' is present on page  using regular expression

2024-08-20 23:25:24 - [MESSAGE][PASSED] - Text 'udf1' is present on page  using regular expression

2024-08-20 23:25:24 - [TEST_STEP][PASSED] - verifyTextPresent("Orange Label", true): Text 'Orange Label' is present on page  using regular expression

2024-08-20 23:25:25 - [MESSAGE][PASSED] - Text 'Orange Label' is present on page  using regular expression

2024-08-20 23:25:25 - [TEST_STEP][PASSED] - verifyTextPresent("25.50", true): Text '25.50' is present on page  using regular expression

2024-08-20 23:25:25 - [MESSAGE][PASSED] - Text '25.50' is present on page  using regular expression

2024-08-20 23:25:25 - [TEST_STEP][PASSED] - verifyTextPresent("Authorization and Capture", true): Text 'Authorization and Capture' is present on page  using regular expression

2024-08-20 23:25:25 - [MESSAGE][PASSED] - Text 'Authorization and Capture' is present on page  using regular expression

2024-08-20 23:25:25 - [TEST_STEP][PASSED] - verifyTextPresent("MasterCard", true): Text 'MasterCard' is present on page  using regular expression

2024-08-20 23:25:25 - [MESSAGE][PASSED] - Text 'MasterCard' is present on page  using regular expression

2024-08-20 23:25:25 - [TEST_STEP][PASSED] - verifyTextPresent("MASHR MORTAZA", true): Text 'MASHR MORTAZA' is present on page  using regular expression

2024-08-20 23:25:26 - [MESSAGE][PASSED] - Text 'MASHR MORTAZA' is present on page  using regular expression

2024-08-20 23:25:26 - [TEST_STEP][PASSED] - verifyTextPresent("0015", true): Text '0015' is present on page  using regular expression

2024-08-20 23:25:26 - [MESSAGE][PASSED] - Text '0015' is present on page  using regular expression

2024-08-20 23:25:26 - [TEST_STEP][PASSED] - println("End Test: SCFModifyCC"): null]]></system-out>
         <system-err><![CDATA[]]></system-err>
      </testcase>
      <testcase name="Test Cases/IntegratedWeb/IWP23-SelIDE/SCFPercentageSuccessfulCC" time="30.308" classname="Test Cases/IntegratedWeb/IWP23-SelIDE/SCFPercentageSuccessfulCC" status="PASSED">
         <system-out><![CDATA[2024-08-20 23:25:26 - [TEST_CASE][PASSED] - Test Cases/IntegratedWeb/IWP23-SelIDE/SCFPercentageSuccessfulCC: Test Cases/IntegratedWeb/IWP23-SelIDE/SCFPercentageSuccessfulCC

2024-08-20 23:25:27 - [TEST_STEP][PASSED] - softAssertion = new org.testng.asserts.SoftAssert(): null

2024-08-20 23:25:27 - [TEST_STEP][PASSED] - openBrowser("https://www.google.com/"): Browser is opened with url: 'https://www.google.com/'

2024-08-20 23:25:27 - [MESSAGE][WARNING] - A browser is already opened. Closing browser and opening a new one

2024-08-20 23:25:28 - [MESSAGE][INFO] - Starting 'Chrome' driver

2024-08-20 23:25:28 - [MESSAGE][INFO] - User set preference: ['acceptInsecureCerts', 'true']

2024-08-20 23:25:28 - [MESSAGE][INFO] - Action delay is set to 0 milliseconds

2024-08-20 23:25:31 - [MESSAGE][PASSED] - Browser is opened with url: 'https://www.google.com/'

2024-08-20 23:25:31 - [TEST_STEP][PASSED] - driver = getWebDriver(): null

2024-08-20 23:25:31 - [TEST_STEP][PASSED] - baseUrl = "https://www.google.com/": null

2024-08-20 23:25:31 - [TEST_STEP][PASSED] - selenium = new com.thoughtworks.selenium.webdriven.WebDriverBackedSelenium(driver, baseUrl): null

2024-08-20 23:25:31 - [TEST_STEP][PASSED] - println("Begin Test: SCFPercentageSuccessfulCC"): null

2024-08-20 23:25:31 - [TEST_STEP][PASSED] - emulatorURL = urlEmulator: null

2024-08-20 23:25:31 - [TEST_STEP][PASSED] - selenium.open(emulatorURL): null

2024-08-20 23:25:31 - [TEST_STEP][PASSED] - selenium.selectWindow("null"): null

2024-08-20 23:25:31 - [TEST_STEP][PASSED] - selenium.select("name=message_version", "label=2.3"): null

2024-08-20 23:25:31 - [TEST_STEP][PASSED] - selenium.waitForPageToLoad("30000"): null

2024-08-20 23:25:32 - [TEST_STEP][PASSED] - selenium.type("name=amount", 00".toString()): null

2024-08-20 23:25:32 - [TEST_STEP][PASSED] - selenium.type("name=client_account_number", "CAN12345"): null

2024-08-20 23:25:32 - [TEST_STEP][PASSED] - selenium.type("name=action_type", "PayNow"): null

2024-08-20 23:25:32 - [TEST_STEP][PASSED] - selenium.type("name=language", "en_US"): null

2024-08-20 23:25:32 - [TEST_STEP][PASSED] - selenium.type("name=billing_firstname", "Mandy"): null

2024-08-20 23:25:32 - [TEST_STEP][PASSED] - selenium.type("name=billing_lastname", "Iguera"): null

2024-08-20 23:25:32 - [TEST_STEP][PASSED] - selenium.type("name=billing_address", "56 World Center Drive".toString()): null

2024-08-20 23:25:32 - [TEST_STEP][PASSED] - selenium.type("name=billing_address2", "Suite 600".toString()): null

2024-08-20 23:25:32 - [TEST_STEP][PASSED] - selenium.type("name=billing_country_id", "840"): null

2024-08-20 23:25:32 - [TEST_STEP][PASSED] - selenium.type("name=billing_city", "Orlando"): null

2024-08-20 23:25:32 - [TEST_STEP][PASSED] - selenium.type("name=billing_state", "NH"): null

2024-08-20 23:25:32 - [TEST_STEP][PASSED] - selenium.type("name=billing_zip", "03106"): null

2024-08-20 23:25:33 - [TEST_STEP][PASSED] - selenium.type("name=order_number", "PPPPOOOO"): null

2024-08-20 23:25:33 - [TEST_STEP][PASSED] - selenium.type("name=user_defined1", "udf1"): null

2024-08-20 23:25:33 - [TEST_STEP][PASSED] - selenium.type("name=user_defined2", "udf2"): null

2024-08-20 23:25:33 - [TEST_STEP][PASSED] - selenium.type("name=user_defined3", "udf3"): null

2024-08-20 23:25:33 - [TEST_STEP][PASSED] - selenium.type("name=user_defined4", "Orange Label".toString()): null

2024-08-20 23:25:33 - [TEST_STEP][PASSED] - selenium.type("name=user_defined5", "Soccer Label".toString()): null

2024-08-20 23:25:33 - [TEST_STEP][PASSED] - selenium.click("name=submit"): null

2024-08-20 23:25:33 - [TEST_STEP][PASSED] - selenium.waitForPageToLoad("30000"): null

2024-08-20 23:25:34 - [TEST_STEP][PASSED] - testHarnessURL = urlTestHarness: null

2024-08-20 23:25:34 - [TEST_STEP][PASSED] - selenium.open(testHarnessURL): null

2024-08-20 23:25:34 - [TEST_STEP][PASSED] - Thread.sleep(2000): null

2024-08-20 23:25:36 - [TEST_STEP][PASSED] - selenium.type("name=application_id", "636"): null

2024-08-20 23:25:36 - [TEST_STEP][PASSED] - selenium.type("name=message_version", 3".toString()): null

2024-08-20 23:25:36 - [TEST_STEP][PASSED] - genRemIDVoid = RandomStringUtils.random(12, true, true): null

2024-08-20 23:25:36 - [TEST_STEP][PASSED] - selenium.type("name=remittance_id", genRemIDVoid): null

2024-08-20 23:25:36 - [TEST_STEP][PASSED] - selenium.click("css=input.formSubmit"): null

2024-08-20 23:25:37 - [TEST_STEP][PASSED] - selenium.waitForPageToLoad("30000"): null

2024-08-20 23:25:37 - [TEST_STEP][PASSED] - selenium.selectWindow("null"): null

2024-08-20 23:25:37 - [TEST_STEP][PASSED] - selenium.click("name=paymentMethod"): null

2024-08-20 23:25:37 - [TEST_STEP][PASSED] - selenium.click("css=input[type="submit"]"): null

2024-08-20 23:25:38 - [TEST_STEP][PASSED] - selenium.waitForPageToLoad("30000"): null

2024-08-20 23:25:39 - [TEST_STEP][PASSED] - selenium.type("name=amount", 00".toString()): null

2024-08-20 23:25:39 - [TEST_STEP][PASSED] - selenium.type("name=billingName", "Leslie Howard".toString()): null

2024-08-20 23:25:39 - [TEST_STEP][PASSED] - selenium.type("id=cardNumber", "4111111111111111"): null

2024-08-20 23:25:39 - [TEST_STEP][PASSED] - selenium.type("id=spc", "568"): null

2024-08-20 23:25:39 - [TEST_STEP][PASSED] - selenium.select("name=cardExpMonth", "label=02"): null

2024-08-20 23:25:39 - [TEST_STEP][PASSED] - selenium.select("name=cardExpYear", "label=2028"): null

2024-08-20 23:25:39 - [TEST_STEP][PASSED] - selenium.type("name=billingAddress", "778 Main street".toString()): null

2024-08-20 23:25:39 - [TEST_STEP][PASSED] - selenium.type("name=billingAddress2", ""): null

2024-08-20 23:25:39 - [TEST_STEP][PASSED] - selenium.type("id=billing-zip-input", "22201"): null

2024-08-20 23:25:39 - [TEST_STEP][PASSED] - selenium.type("name=emailAddress", ""): null

2024-08-20 23:25:39 - [TEST_STEP][PASSED] - selenium.click("id=checkedAcceptCondition"): null

2024-08-20 23:25:40 - [TEST_STEP][PASSED] - selenium.click("name=ccSubmit"): null

2024-08-20 23:25:40 - [TEST_STEP][PASSED] - selenium.waitForPageToLoad("30000"): null

2024-08-20 23:25:41 - [TEST_STEP][PASSED] - verifyTextPresent("Please verify the following information:", true): Text 'Please verify the following information:' is present on page  using regular expression

2024-08-20 23:25:41 - [MESSAGE][PASSED] - Text 'Please verify the following information:' is present on page  using regular expression

2024-08-20 23:25:41 - [TEST_STEP][PASSED] - verifyTextPresent("Is this information correct", true): Text 'Is this information correct' is present on page  using regular expression

2024-08-20 23:25:41 - [MESSAGE][PASSED] - Text 'Is this information correct' is present on page  using regular expression

2024-08-20 23:25:41 - [TEST_STEP][PASSED] - selenium.click("name=confirmNotifyAction"): null

2024-08-20 23:25:42 - [TEST_STEP][PASSED] - selenium.waitForPageToLoad("30000"): null

2024-08-20 23:25:42 - [TEST_STEP][PASSED] - verifyTextPresent("This transaction is subject to a Convenience Fees of $10.00", false): Text 'This transaction is subject to a Convenience Fees of $10.00' is present on page 

2024-08-20 23:25:42 - [MESSAGE][PASSED] - Text 'This transaction is subject to a Convenience Fees of $10.00' is present on page 

2024-08-20 23:25:42 - [TEST_STEP][PASSED] - verifyTextPresent("Payment Amount:", true): Text 'Payment Amount:' is present on page  using regular expression

2024-08-20 23:25:43 - [MESSAGE][PASSED] - Text 'Payment Amount:' is present on page  using regular expression

2024-08-20 23:25:43 - [TEST_STEP][PASSED] - verifyTextPresent("$100.00", false): Text '$100.00' is present on page 

2024-08-20 23:25:43 - [MESSAGE][PASSED] - Text '$100.00' is present on page 

2024-08-20 23:25:43 - [TEST_STEP][PASSED] - verifyTextPresent("Convenience Fees:", true): Text 'Convenience Fees:' is present on page  using regular expression

2024-08-20 23:25:43 - [MESSAGE][PASSED] - Text 'Convenience Fees:' is present on page  using regular expression

2024-08-20 23:25:43 - [TEST_STEP][PASSED] - verifyTextPresent("$10.00", false): Text '$10.00' is present on page 

2024-08-20 23:25:44 - [MESSAGE][PASSED] - Text '$10.00' is present on page 

2024-08-20 23:25:44 - [TEST_STEP][PASSED] - verifyTextPresent("Total Amount:", true): Text 'Total Amount:' is present on page  using regular expression

2024-08-20 23:25:44 - [MESSAGE][PASSED] - Text 'Total Amount:' is present on page  using regular expression

2024-08-20 23:25:44 - [TEST_STEP][PASSED] - verifyTextPresent("$110.00", false): Text '$110.00' is present on page 

2024-08-20 23:25:44 - [MESSAGE][PASSED] - Text '$110.00' is present on page 

2024-08-20 23:25:44 - [TEST_STEP][PASSED] - verifyTextPresent("One transaction in the amount of $110.00 will appear on your bank statement", false): Text 'One transaction in the amount of $110.00 will appear on your bank statement' is present on page 

2024-08-20 23:25:44 - [MESSAGE][PASSED] - Text 'One transaction in the amount of $110.00 will appear on your bank statement' is present on page 

2024-08-20 23:25:44 - [TEST_STEP][PASSED] - selenium.click("name=convFeeNotifyAction"): null

2024-08-20 23:25:45 - [TEST_STEP][PASSED] - selenium.waitForPageToLoad("30000"): null

2024-08-20 23:25:45 - [TEST_STEP][PASSED] - Thread.sleep(8000): null

2024-08-20 23:25:53 - [TEST_STEP][PASSED] - verifyTextPresent("Successful Payment Receipt", true): Text 'Successful Payment Receipt' is present on page  using regular expression

2024-08-20 23:25:54 - [MESSAGE][PASSED] - Text 'Successful Payment Receipt' is present on page  using regular expression

2024-08-20 23:25:54 - [TEST_STEP][PASSED] - verifyTextPresent("Please print this receipt for your records", true): Text 'Please print this receipt for your records' is present on page  using regular expression

2024-08-20 23:25:54 - [MESSAGE][PASSED] - Text 'Please print this receipt for your records' is present on page  using regular expression

2024-08-20 23:25:54 - [TEST_STEP][PASSED] - verifyTextPresent("udf1", true): Text 'udf1' is present on page  using regular expression

2024-08-20 23:25:54 - [MESSAGE][PASSED] - Text 'udf1' is present on page  using regular expression

2024-08-20 23:25:54 - [TEST_STEP][PASSED] - verifyTextPresent("Orange Label", true): Text 'Orange Label' is present on page  using regular expression

2024-08-20 23:25:54 - [MESSAGE][PASSED] - Text 'Orange Label' is present on page  using regular expression

2024-08-20 23:25:54 - [TEST_STEP][PASSED] - verifyTextPresent("$100.00", false): Text '$100.00' is present on page 

2024-08-20 23:25:55 - [MESSAGE][PASSED] - Text '$100.00' is present on page 

2024-08-20 23:25:55 - [TEST_STEP][PASSED] - verifyTextPresent("$10.00", false): Text '$10.00' is present on page 

2024-08-20 23:25:55 - [MESSAGE][PASSED] - Text '$10.00' is present on page 

2024-08-20 23:25:55 - [TEST_STEP][PASSED] - verifyTextPresent("Single Transaction", true): Text 'Single Transaction' is present on page  using regular expression

2024-08-20 23:25:55 - [MESSAGE][PASSED] - Text 'Single Transaction' is present on page  using regular expression

2024-08-20 23:25:55 - [TEST_STEP][PASSED] - verifyTextPresent("$110.00", false): Text '$110.00' is present on page 

2024-08-20 23:25:55 - [MESSAGE][PASSED] - Text '$110.00' is present on page 

2024-08-20 23:25:55 - [TEST_STEP][PASSED] - verifyTextPresent("Authorization and Capture", true): Text 'Authorization and Capture' is present on page  using regular expression

2024-08-20 23:25:56 - [MESSAGE][PASSED] - Text 'Authorization and Capture' is present on page  using regular expression

2024-08-20 23:25:56 - [TEST_STEP][PASSED] - verifyTextPresent("Visa", true): Text 'Visa' is present on page  using regular expression

2024-08-20 23:25:56 - [MESSAGE][PASSED] - Text 'Visa' is present on page  using regular expression

2024-08-20 23:25:56 - [TEST_STEP][PASSED] - verifyTextPresent("LESLIE HOWARD", true): Text 'LESLIE HOWARD' is present on page  using regular expression

2024-08-20 23:25:56 - [MESSAGE][PASSED] - Text 'LESLIE HOWARD' is present on page  using regular expression

2024-08-20 23:25:56 - [TEST_STEP][PASSED] - verifyTextPresent("1111", true): Text '1111' is present on page  using regular expression

2024-08-20 23:25:56 - [MESSAGE][PASSED] - Text '1111' is present on page  using regular expression

2024-08-20 23:25:56 - [TEST_STEP][PASSED] - println("End Test: SCFPercentageSuccessfulCC"): null]]></system-out>
         <system-err><![CDATA[]]></system-err>
      </testcase>
      <testcase name="Test Cases/IntegratedWeb/IWP23-SelIDE/SCFPercentageSuccessfulPC" time="31.779" classname="Test Cases/IntegratedWeb/IWP23-SelIDE/SCFPercentageSuccessfulPC" status="PASSED">
         <system-out><![CDATA[2024-08-20 23:25:56 - [TEST_CASE][PASSED] - Test Cases/IntegratedWeb/IWP23-SelIDE/SCFPercentageSuccessfulPC: Test Cases/IntegratedWeb/IWP23-SelIDE/SCFPercentageSuccessfulPC

2024-08-20 23:25:57 - [TEST_STEP][PASSED] - softAssertion = new org.testng.asserts.SoftAssert(): null

2024-08-20 23:25:57 - [TEST_STEP][PASSED] - openBrowser("https://www.google.com/"): Browser is opened with url: 'https://www.google.com/'

2024-08-20 23:25:57 - [MESSAGE][WARNING] - A browser is already opened. Closing browser and opening a new one

2024-08-20 23:25:58 - [MESSAGE][INFO] - Starting 'Chrome' driver

2024-08-20 23:25:58 - [MESSAGE][INFO] - User set preference: ['acceptInsecureCerts', 'true']

2024-08-20 23:25:58 - [MESSAGE][INFO] - Action delay is set to 0 milliseconds

2024-08-20 23:26:01 - [MESSAGE][PASSED] - Browser is opened with url: 'https://www.google.com/'

2024-08-20 23:26:01 - [TEST_STEP][PASSED] - driver = getWebDriver(): null

2024-08-20 23:26:01 - [TEST_STEP][PASSED] - baseUrl = "https://www.google.com/": null

2024-08-20 23:26:01 - [TEST_STEP][PASSED] - selenium = new com.thoughtworks.selenium.webdriven.WebDriverBackedSelenium(driver, baseUrl): null

2024-08-20 23:26:01 - [TEST_STEP][PASSED] - println("Begin Test: SCFPercentageSuccessfulPC"): null

2024-08-20 23:26:01 - [TEST_STEP][PASSED] - emulatorURL = urlEmulator: null

2024-08-20 23:26:01 - [TEST_STEP][PASSED] - selenium.open(emulatorURL): null

2024-08-20 23:26:01 - [TEST_STEP][PASSED] - selenium.selectWindow("null"): null

2024-08-20 23:26:01 - [TEST_STEP][PASSED] - selenium.select("name=message_version", "label=2.3"): null

2024-08-20 23:26:02 - [TEST_STEP][PASSED] - selenium.waitForPageToLoad("30000"): null

2024-08-20 23:26:02 - [TEST_STEP][PASSED] - selenium.type("name=amount", 00".toString()): null

2024-08-20 23:26:02 - [TEST_STEP][PASSED] - selenium.type("name=client_account_number", "CAN12345"): null

2024-08-20 23:26:02 - [TEST_STEP][PASSED] - selenium.type("name=action_type", "PayNow"): null

2024-08-20 23:26:02 - [TEST_STEP][PASSED] - selenium.type("name=language", "en_US"): null

2024-08-20 23:26:02 - [TEST_STEP][PASSED] - selenium.type("name=billing_firstname", "Mandy"): null

2024-08-20 23:26:02 - [TEST_STEP][PASSED] - selenium.type("name=billing_lastname", "Iguera"): null

2024-08-20 23:26:03 - [TEST_STEP][PASSED] - selenium.type("name=billing_address", "56 World Center Drive".toString()): null

2024-08-20 23:26:03 - [TEST_STEP][PASSED] - selenium.type("name=billing_address2", "Suite 600".toString()): null

2024-08-20 23:26:03 - [TEST_STEP][PASSED] - selenium.type("name=billing_country_id", "840"): null

2024-08-20 23:26:03 - [TEST_STEP][PASSED] - selenium.type("name=billing_city", "Orlando"): null

2024-08-20 23:26:03 - [TEST_STEP][PASSED] - selenium.type("name=billing_state", "NH"): null

2024-08-20 23:26:03 - [TEST_STEP][PASSED] - selenium.type("name=billing_zip", "03106"): null

2024-08-20 23:26:03 - [TEST_STEP][PASSED] - selenium.type("name=order_number", "PPPPOOOO"): null

2024-08-20 23:26:03 - [TEST_STEP][PASSED] - selenium.type("name=user_defined1", "udf1"): null

2024-08-20 23:26:03 - [TEST_STEP][PASSED] - selenium.type("name=user_defined2", "udf2"): null

2024-08-20 23:26:03 - [TEST_STEP][PASSED] - selenium.type("name=user_defined3", "udf3"): null

2024-08-20 23:26:03 - [TEST_STEP][PASSED] - selenium.type("name=user_defined4", "Orange Label".toString()): null

2024-08-20 23:26:03 - [TEST_STEP][PASSED] - selenium.type("name=user_defined5", "Soccer Label".toString()): null

2024-08-20 23:26:03 - [TEST_STEP][PASSED] - selenium.click("name=submit"): null

2024-08-20 23:26:03 - [TEST_STEP][PASSED] - selenium.waitForPageToLoad("30000"): null

2024-08-20 23:26:04 - [TEST_STEP][PASSED] - Thread.sleep(2000): null

2024-08-20 23:26:06 - [TEST_STEP][PASSED] - testHarnessURL = urlTestHarness: null

2024-08-20 23:26:06 - [TEST_STEP][PASSED] - selenium.open(testHarnessURL): null

2024-08-20 23:26:06 - [TEST_STEP][PASSED] - selenium.type("name=application_id", "636"): null

2024-08-20 23:26:06 - [TEST_STEP][PASSED] - selenium.type("name=message_version", 3".toString()): null

2024-08-20 23:26:06 - [TEST_STEP][PASSED] - genRemIDVoid = RandomStringUtils.random(12, true, true): null

2024-08-20 23:26:06 - [TEST_STEP][PASSED] - selenium.type("name=remittance_id", genRemIDVoid): null

2024-08-20 23:26:06 - [TEST_STEP][PASSED] - selenium.click("css=input.formSubmit"): null

2024-08-20 23:26:07 - [TEST_STEP][PASSED] - selenium.waitForPageToLoad("30000"): null

2024-08-20 23:26:08 - [TEST_STEP][PASSED] - selenium.click("xpath=(//input[@name='paymentMethod'])[2]"): null

2024-08-20 23:26:08 - [TEST_STEP][PASSED] - selenium.click("css=input[type="submit"]"): null

2024-08-20 23:26:09 - [TEST_STEP][PASSED] - selenium.waitForPageToLoad("30000"): null

2024-08-20 23:26:10 - [TEST_STEP][PASSED] - selenium.type("name=amount", 00".toString()): null

2024-08-20 23:26:10 - [TEST_STEP][PASSED] - selenium.type("name=billingFirstname", "Mike"): null

2024-08-20 23:26:10 - [TEST_STEP][PASSED] - selenium.type("name=billingLastname", "Chingiti"): null

2024-08-20 23:26:10 - [TEST_STEP][PASSED] - selenium.type("id=routingNumber", "256072691"): null

2024-08-20 23:26:10 - [TEST_STEP][PASSED] - selenium.type("id=accountNumber", "11111111"): null

2024-08-20 23:26:10 - [TEST_STEP][PASSED] - selenium.type("id=confirmAccountNumber", "11111111"): null

2024-08-20 23:26:10 - [TEST_STEP][PASSED] - selenium.click("name=accountType"): null

2024-08-20 23:26:10 - [TEST_STEP][PASSED] - selenium.type("name=billingAddress", "104 main road".toString()): null

2024-08-20 23:26:10 - [TEST_STEP][PASSED] - selenium.type("name=billingAddress2", ""): null

2024-08-20 23:26:10 - [TEST_STEP][PASSED] - selenium.type("id=billing-zip-input", "22201"): null

2024-08-20 23:26:10 - [TEST_STEP][PASSED] - selenium.click("id=checkedAcceptCondition"): null

2024-08-20 23:26:10 - [TEST_STEP][PASSED] - selenium.click("name=achSubmit"): null

2024-08-20 23:26:11 - [TEST_STEP][PASSED] - selenium.waitForPageToLoad("30000"): null

2024-08-20 23:26:11 - [TEST_STEP][PASSED] - verifyTextPresent("Please verify the following information:", true): Text 'Please verify the following information:' is present on page  using regular expression

2024-08-20 23:26:12 - [MESSAGE][PASSED] - Text 'Please verify the following information:' is present on page  using regular expression

2024-08-20 23:26:12 - [TEST_STEP][PASSED] - verifyTextPresent("Is this information correct", true): Text 'Is this information correct' is present on page  using regular expression

2024-08-20 23:26:12 - [MESSAGE][PASSED] - Text 'Is this information correct' is present on page  using regular expression

2024-08-20 23:26:12 - [TEST_STEP][PASSED] - selenium.click("name=confirmNotifyAction"): null

2024-08-20 23:26:13 - [TEST_STEP][PASSED] - selenium.waitForPageToLoad("30000"): null

2024-08-20 23:26:13 - [TEST_STEP][PASSED] - verifyTextPresent("This transaction is subject to a Convenience Fees of $10.00", false): Text 'This transaction is subject to a Convenience Fees of $10.00' is present on page 

2024-08-20 23:26:13 - [MESSAGE][PASSED] - Text 'This transaction is subject to a Convenience Fees of $10.00' is present on page 

2024-08-20 23:26:13 - [TEST_STEP][PASSED] - verifyTextPresent("Payment Amount:", true): Text 'Payment Amount:' is present on page  using regular expression

2024-08-20 23:26:14 - [MESSAGE][PASSED] - Text 'Payment Amount:' is present on page  using regular expression

2024-08-20 23:26:14 - [TEST_STEP][PASSED] - verifyTextPresent("$100.00", false): Text '$100.00' is present on page 

2024-08-20 23:26:14 - [MESSAGE][PASSED] - Text '$100.00' is present on page 

2024-08-20 23:26:14 - [TEST_STEP][PASSED] - verifyTextPresent("Convenience Fees:", true): Text 'Convenience Fees:' is present on page  using regular expression

2024-08-20 23:26:14 - [MESSAGE][PASSED] - Text 'Convenience Fees:' is present on page  using regular expression

2024-08-20 23:26:14 - [TEST_STEP][PASSED] - verifyTextPresent("$10.00", false): Text '$10.00' is present on page 

2024-08-20 23:26:14 - [MESSAGE][PASSED] - Text '$10.00' is present on page 

2024-08-20 23:26:14 - [TEST_STEP][PASSED] - verifyTextPresent("Total Amount:", true): Text 'Total Amount:' is present on page  using regular expression

2024-08-20 23:26:14 - [MESSAGE][PASSED] - Text 'Total Amount:' is present on page  using regular expression

2024-08-20 23:26:14 - [TEST_STEP][PASSED] - verifyTextPresent("$110.00", false): Text '$110.00' is present on page 

2024-08-20 23:26:15 - [MESSAGE][PASSED] - Text '$110.00' is present on page 

2024-08-20 23:26:15 - [TEST_STEP][PASSED] - verifyTextPresent("One transaction in the amount of $110.00 will appear on your bank statement", false): Text 'One transaction in the amount of $110.00 will appear on your bank statement' is present on page 

2024-08-20 23:26:15 - [MESSAGE][PASSED] - Text 'One transaction in the amount of $110.00 will appear on your bank statement' is present on page 

2024-08-20 23:26:15 - [TEST_STEP][PASSED] - selenium.click("name=convFeeNotifyAction"): null

2024-08-20 23:26:15 - [TEST_STEP][PASSED] - selenium.waitForPageToLoad("30000"): null

2024-08-20 23:26:16 - [TEST_STEP][PASSED] - Thread.sleep(8000): null

2024-08-20 23:26:24 - [TEST_STEP][PASSED] - verifyTextPresent("Successful Payment Receipt", true): Text 'Successful Payment Receipt' is present on page  using regular expression

2024-08-20 23:26:24 - [MESSAGE][PASSED] - Text 'Successful Payment Receipt' is present on page  using regular expression

2024-08-20 23:26:24 - [TEST_STEP][PASSED] - verifyTextPresent("Please print this receipt for your records", true): Text 'Please print this receipt for your records' is present on page  using regular expression

2024-08-20 23:26:24 - [MESSAGE][PASSED] - Text 'Please print this receipt for your records' is present on page  using regular expression

2024-08-20 23:26:24 - [TEST_STEP][PASSED] - verifyTextPresent("100.00", true): Text '100.00' is present on page  using regular expression

2024-08-20 23:26:25 - [MESSAGE][PASSED] - Text '100.00' is present on page  using regular expression

2024-08-20 23:26:25 - [TEST_STEP][PASSED] - verifyTextPresent("10.00", true): Text '10.00' is present on page  using regular expression

2024-08-20 23:26:25 - [MESSAGE][PASSED] - Text '10.00' is present on page  using regular expression

2024-08-20 23:26:25 - [TEST_STEP][PASSED] - verifyTextPresent("Single Transaction", true): Text 'Single Transaction' is present on page  using regular expression

2024-08-20 23:26:25 - [MESSAGE][PASSED] - Text 'Single Transaction' is present on page  using regular expression

2024-08-20 23:26:25 - [TEST_STEP][PASSED] - verifyTextPresent("110.00", true): Text '110.00' is present on page  using regular expression

2024-08-20 23:26:25 - [MESSAGE][PASSED] - Text '110.00' is present on page  using regular expression

2024-08-20 23:26:25 - [TEST_STEP][PASSED] - verifyTextPresent("Debit", true): Text 'Debit' is present on page  using regular expression

2024-08-20 23:26:26 - [MESSAGE][PASSED] - Text 'Debit' is present on page  using regular expression

2024-08-20 23:26:26 - [TEST_STEP][PASSED] - verifyTextPresent("Personal", true): Text 'Personal' is present on page  using regular expression

2024-08-20 23:26:26 - [MESSAGE][PASSED] - Text 'Personal' is present on page  using regular expression

2024-08-20 23:26:26 - [TEST_STEP][PASSED] - verifyTextPresent("Checking", true): Text 'Checking' is present on page  using regular expression

2024-08-20 23:26:26 - [MESSAGE][PASSED] - Text 'Checking' is present on page  using regular expression

2024-08-20 23:26:26 - [TEST_STEP][PASSED] - verifyTextPresent("1111", true): Text '1111' is present on page  using regular expression

2024-08-20 23:26:26 - [MESSAGE][PASSED] - Text '1111' is present on page  using regular expression

2024-08-20 23:26:26 - [TEST_STEP][PASSED] - verifyTextPresent("2691", true): Text '2691' is present on page  using regular expression

2024-08-20 23:26:27 - [MESSAGE][PASSED] - Text '2691' is present on page  using regular expression

2024-08-20 23:26:27 - [TEST_STEP][PASSED] - verifyTextPresent("MIKE CHINGITI", true): Text 'MIKE CHINGITI' is present on page  using regular expression

2024-08-20 23:26:27 - [MESSAGE][PASSED] - Text 'MIKE CHINGITI' is present on page  using regular expression

2024-08-20 23:26:27 - [TEST_STEP][PASSED] - verifyTextPresent("104 main road", true): Text '104 main road' is present on page  using regular expression

2024-08-20 23:26:27 - [MESSAGE][PASSED] - Text '104 main road' is present on page  using regular expression

2024-08-20 23:26:27 - [TEST_STEP][PASSED] - verifyTextPresent("United States", true): Text 'United States' is present on page  using regular expression

2024-08-20 23:26:27 - [MESSAGE][PASSED] - Text 'United States' is present on page  using regular expression

2024-08-20 23:26:27 - [TEST_STEP][PASSED] - verifyTextPresent("ARLINGTON", true): Text 'ARLINGTON' is present on page  using regular expression

2024-08-20 23:26:28 - [MESSAGE][PASSED] - Text 'ARLINGTON' is present on page  using regular expression

2024-08-20 23:26:28 - [TEST_STEP][PASSED] - verifyTextPresent("Virginia", true): Text 'Virginia' is present on page  using regular expression

2024-08-20 23:26:28 - [MESSAGE][PASSED] - Text 'Virginia' is present on page  using regular expression

2024-08-20 23:26:28 - [TEST_STEP][PASSED] - verifyTextPresent("22201", true): Text '22201' is present on page  using regular expression

2024-08-20 23:26:28 - [MESSAGE][PASSED] - Text '22201' is present on page  using regular expression

2024-08-20 23:26:28 - [TEST_STEP][PASSED] - println("End Test: SCFPercentageSuccessfulPC"): null]]></system-out>
         <system-err><![CDATA[]]></system-err>
      </testcase>
      <testcase name="Test Cases/IntegratedWeb/IWP23-SelIDE/SCFSuccessfulCC" time="30.25" classname="Test Cases/IntegratedWeb/IWP23-SelIDE/SCFSuccessfulCC" status="PASSED">
         <system-out><![CDATA[2024-08-20 23:26:28 - [TEST_CASE][PASSED] - Test Cases/IntegratedWeb/IWP23-SelIDE/SCFSuccessfulCC: Test Cases/IntegratedWeb/IWP23-SelIDE/SCFSuccessfulCC

2024-08-20 23:26:29 - [TEST_STEP][PASSED] - softAssertion = new org.testng.asserts.SoftAssert(): null

2024-08-20 23:26:29 - [TEST_STEP][PASSED] - openBrowser("https://www.google.com/"): Browser is opened with url: 'https://www.google.com/'

2024-08-20 23:26:29 - [MESSAGE][WARNING] - A browser is already opened. Closing browser and opening a new one

2024-08-20 23:26:30 - [MESSAGE][INFO] - Starting 'Chrome' driver

2024-08-20 23:26:30 - [MESSAGE][INFO] - User set preference: ['acceptInsecureCerts', 'true']

2024-08-20 23:26:30 - [MESSAGE][INFO] - Action delay is set to 0 milliseconds

2024-08-20 23:26:33 - [MESSAGE][PASSED] - Browser is opened with url: 'https://www.google.com/'

2024-08-20 23:26:33 - [TEST_STEP][PASSED] - driver = getWebDriver(): null

2024-08-20 23:26:33 - [TEST_STEP][PASSED] - baseUrl = "https://www.google.com/": null

2024-08-20 23:26:33 - [TEST_STEP][PASSED] - selenium = new com.thoughtworks.selenium.webdriven.WebDriverBackedSelenium(driver, baseUrl): null

2024-08-20 23:26:33 - [TEST_STEP][PASSED] - println("Begin Test: SCFSuccessfulCC"): null

2024-08-20 23:26:33 - [TEST_STEP][PASSED] - emulatorURL = urlEmulator: null

2024-08-20 23:26:33 - [TEST_STEP][PASSED] - selenium.open(emulatorURL): null

2024-08-20 23:26:33 - [TEST_STEP][PASSED] - selenium.selectWindow("null"): null

2024-08-20 23:26:33 - [TEST_STEP][PASSED] - selenium.select("name=message_version", "label=2.3"): null

2024-08-20 23:26:34 - [TEST_STEP][PASSED] - selenium.waitForPageToLoad("30000"): null

2024-08-20 23:26:34 - [TEST_STEP][PASSED] - selenium.type("name=amount", 00".toString()): null

2024-08-20 23:26:34 - [TEST_STEP][PASSED] - selenium.type("name=client_account_number", "CAN12345"): null

2024-08-20 23:26:34 - [TEST_STEP][PASSED] - selenium.type("name=action_type", "PayNow"): null

2024-08-20 23:26:34 - [TEST_STEP][PASSED] - selenium.type("name=language", "en_US"): null

2024-08-20 23:26:34 - [TEST_STEP][PASSED] - selenium.type("name=billing_firstname", "Mandy"): null

2024-08-20 23:26:35 - [TEST_STEP][PASSED] - selenium.type("name=billing_lastname", "Iguera"): null

2024-08-20 23:26:35 - [TEST_STEP][PASSED] - selenium.type("name=billing_address", "56 World Center Drive".toString()): null

2024-08-20 23:26:35 - [TEST_STEP][PASSED] - selenium.type("name=billing_address2", "Suite 600".toString()): null

2024-08-20 23:26:35 - [TEST_STEP][PASSED] - selenium.type("name=billing_country_id", "840"): null

2024-08-20 23:26:35 - [TEST_STEP][PASSED] - selenium.type("name=billing_city", "Orlando"): null

2024-08-20 23:26:35 - [TEST_STEP][PASSED] - selenium.type("name=billing_state", "NH"): null

2024-08-20 23:26:35 - [TEST_STEP][PASSED] - selenium.type("name=billing_zip", "03106"): null

2024-08-20 23:26:35 - [TEST_STEP][PASSED] - selenium.type("name=order_number", "PPPPOOOO"): null

2024-08-20 23:26:35 - [TEST_STEP][PASSED] - selenium.type("name=user_defined1", "udf1"): null

2024-08-20 23:26:35 - [TEST_STEP][PASSED] - selenium.type("name=user_defined2", "udf2"): null

2024-08-20 23:26:35 - [TEST_STEP][PASSED] - selenium.type("name=user_defined3", "udf3"): null

2024-08-20 23:26:35 - [TEST_STEP][PASSED] - selenium.type("name=user_defined4", "Orange Label".toString()): null

2024-08-20 23:26:35 - [TEST_STEP][PASSED] - selenium.type("name=user_defined5", "Soccer Label".toString()): null

2024-08-20 23:26:35 - [TEST_STEP][PASSED] - selenium.click("name=submit"): null

2024-08-20 23:26:35 - [TEST_STEP][PASSED] - selenium.waitForPageToLoad("30000"): null

2024-08-20 23:26:36 - [TEST_STEP][PASSED] - testHarnessURL = urlTestHarness: null

2024-08-20 23:26:36 - [TEST_STEP][PASSED] - selenium.open(testHarnessURL): null

2024-08-20 23:26:36 - [TEST_STEP][PASSED] - Thread.sleep(2000): null

2024-08-20 23:26:38 - [TEST_STEP][PASSED] - selenium.type("name=application_id", "636"): null

2024-08-20 23:26:38 - [TEST_STEP][PASSED] - selenium.type("name=message_version", 3".toString()): null

2024-08-20 23:26:38 - [TEST_STEP][PASSED] - genRemIDVoid = RandomStringUtils.random(12, true, true): null

2024-08-20 23:26:38 - [TEST_STEP][PASSED] - selenium.type("name=remittance_id", genRemIDVoid): null

2024-08-20 23:26:38 - [TEST_STEP][PASSED] - println(genRemIDVoid): null

2024-08-20 23:26:38 - [TEST_STEP][PASSED] - selenium.click("css=input.formSubmit"): null

2024-08-20 23:26:39 - [TEST_STEP][PASSED] - selenium.waitForPageToLoad("30000"): null

2024-08-20 23:26:39 - [TEST_STEP][PASSED] - selenium.selectWindow("null"): null

2024-08-20 23:26:39 - [TEST_STEP][PASSED] - selenium.click("name=paymentMethod"): null

2024-08-20 23:26:40 - [TEST_STEP][PASSED] - selenium.click("css=input[type="submit"]"): null

2024-08-20 23:26:40 - [TEST_STEP][PASSED] - selenium.waitForPageToLoad("30000"): null

2024-08-20 23:26:41 - [TEST_STEP][PASSED] - selenium.type("name=amount", 50".toString()): null

2024-08-20 23:26:41 - [TEST_STEP][PASSED] - selenium.type("name=billingName", "Leslie Howard".toString()): null

2024-08-20 23:26:41 - [TEST_STEP][PASSED] - selenium.type("id=cardNumber", "4111111111111111"): null

2024-08-20 23:26:41 - [TEST_STEP][PASSED] - selenium.type("id=spc", "568"): null

2024-08-20 23:26:41 - [TEST_STEP][PASSED] - selenium.select("name=cardExpMonth", "label=02"): null

2024-08-20 23:26:41 - [TEST_STEP][PASSED] - selenium.select("name=cardExpYear", "label=2028"): null

2024-08-20 23:26:41 - [TEST_STEP][PASSED] - selenium.type("name=billingAddress", "778 Main street".toString()): null

2024-08-20 23:26:41 - [TEST_STEP][PASSED] - selenium.type("name=billingAddress2", ""): null

2024-08-20 23:26:41 - [TEST_STEP][PASSED] - selenium.type("id=billing-zip-input", "22201"): null

2024-08-20 23:26:41 - [TEST_STEP][PASSED] - selenium.type("name=emailAddress", ""): null

2024-08-20 23:26:41 - [TEST_STEP][PASSED] - selenium.click("id=checkedAcceptCondition"): null

2024-08-20 23:26:42 - [TEST_STEP][PASSED] - selenium.click("name=ccSubmit"): null

2024-08-20 23:26:42 - [TEST_STEP][PASSED] - selenium.waitForPageToLoad("30000"): null

2024-08-20 23:26:43 - [TEST_STEP][PASSED] - verifyTextPresent("Please verify the following information:", true): Text 'Please verify the following information:' is present on page  using regular expression

2024-08-20 23:26:43 - [MESSAGE][PASSED] - Text 'Please verify the following information:' is present on page  using regular expression

2024-08-20 23:26:43 - [TEST_STEP][PASSED] - verifyTextPresent("Is this information correct", true): Text 'Is this information correct' is present on page  using regular expression

2024-08-20 23:26:43 - [MESSAGE][PASSED] - Text 'Is this information correct' is present on page  using regular expression

2024-08-20 23:26:43 - [TEST_STEP][PASSED] - selenium.click("name=confirmNotifyAction"): null

2024-08-20 23:26:44 - [TEST_STEP][PASSED] - selenium.waitForPageToLoad("30000"): null

2024-08-20 23:26:44 - [TEST_STEP][PASSED] - verifyTextPresent("This transaction is subject to a Convenience Fees of $2.00", false): Text 'This transaction is subject to a Convenience Fees of $2.00' is present on page 

2024-08-20 23:26:45 - [MESSAGE][PASSED] - Text 'This transaction is subject to a Convenience Fees of $2.00' is present on page 

2024-08-20 23:26:45 - [TEST_STEP][PASSED] - verifyTextPresent("Payment Amount:", true): Text 'Payment Amount:' is present on page  using regular expression

2024-08-20 23:26:45 - [MESSAGE][PASSED] - Text 'Payment Amount:' is present on page  using regular expression

2024-08-20 23:26:45 - [TEST_STEP][PASSED] - verifyTextPresent("$11.50", false): Text '$11.50' is present on page 

2024-08-20 23:26:45 - [MESSAGE][PASSED] - Text '$11.50' is present on page 

2024-08-20 23:26:45 - [TEST_STEP][PASSED] - verifyTextPresent("Convenience Fees:", true): Text 'Convenience Fees:' is present on page  using regular expression

2024-08-20 23:26:45 - [MESSAGE][PASSED] - Text 'Convenience Fees:' is present on page  using regular expression

2024-08-20 23:26:45 - [TEST_STEP][PASSED] - verifyTextPresent("$2.00", false): Text '$2.00' is present on page 

2024-08-20 23:26:46 - [MESSAGE][PASSED] - Text '$2.00' is present on page 

2024-08-20 23:26:46 - [TEST_STEP][PASSED] - verifyTextPresent("Total Amount:", true): Text 'Total Amount:' is present on page  using regular expression

2024-08-20 23:26:46 - [MESSAGE][PASSED] - Text 'Total Amount:' is present on page  using regular expression

2024-08-20 23:26:46 - [TEST_STEP][PASSED] - verifyTextPresent("$13.50", false): Text '$13.50' is present on page 

2024-08-20 23:26:46 - [MESSAGE][PASSED] - Text '$13.50' is present on page 

2024-08-20 23:26:46 - [TEST_STEP][PASSED] - verifyTextPresent("One transaction in the amount of $13.50 will appear on your bank statement", false): Text 'One transaction in the amount of $13.50 will appear on your bank statement' is present on page 

2024-08-20 23:26:46 - [MESSAGE][PASSED] - Text 'One transaction in the amount of $13.50 will appear on your bank statement' is present on page 

2024-08-20 23:26:46 - [TEST_STEP][PASSED] - selenium.click("name=convFeeNotifyAction"): null

2024-08-20 23:26:47 - [TEST_STEP][PASSED] - selenium.waitForPageToLoad("30000"): null

2024-08-20 23:26:47 - [TEST_STEP][PASSED] - Thread.sleep(8000): null

2024-08-20 23:26:55 - [TEST_STEP][PASSED] - verifyTextPresent("Successful Payment Receipt", true): Text 'Successful Payment Receipt' is present on page  using regular expression

2024-08-20 23:26:56 - [MESSAGE][PASSED] - Text 'Successful Payment Receipt' is present on page  using regular expression

2024-08-20 23:26:56 - [TEST_STEP][PASSED] - verifyTextPresent("Please print this receipt for your records", true): Text 'Please print this receipt for your records' is present on page  using regular expression

2024-08-20 23:26:56 - [MESSAGE][PASSED] - Text 'Please print this receipt for your records' is present on page  using regular expression

2024-08-20 23:26:56 - [TEST_STEP][PASSED] - verifyTextPresent("udf1", true): Text 'udf1' is present on page  using regular expression

2024-08-20 23:26:56 - [MESSAGE][PASSED] - Text 'udf1' is present on page  using regular expression

2024-08-20 23:26:56 - [TEST_STEP][PASSED] - verifyTextPresent("Orange Label", true): Text 'Orange Label' is present on page  using regular expression

2024-08-20 23:26:56 - [MESSAGE][PASSED] - Text 'Orange Label' is present on page  using regular expression

2024-08-20 23:26:56 - [TEST_STEP][PASSED] - verifyTextPresent("11.50", true): Text '11.50' is present on page  using regular expression

2024-08-20 23:26:57 - [MESSAGE][PASSED] - Text '11.50' is present on page  using regular expression

2024-08-20 23:26:57 - [TEST_STEP][PASSED] - verifyTextPresent("2.00", true): Text '2.00' is present on page  using regular expression

2024-08-20 23:26:57 - [MESSAGE][PASSED] - Text '2.00' is present on page  using regular expression

2024-08-20 23:26:57 - [TEST_STEP][PASSED] - verifyTextPresent("Single Transaction", true): Text 'Single Transaction' is present on page  using regular expression

2024-08-20 23:26:57 - [MESSAGE][PASSED] - Text 'Single Transaction' is present on page  using regular expression

2024-08-20 23:26:57 - [TEST_STEP][PASSED] - verifyTextPresent("13.50", true): Text '13.50' is present on page  using regular expression

2024-08-20 23:26:57 - [MESSAGE][PASSED] - Text '13.50' is present on page  using regular expression

2024-08-20 23:26:57 - [TEST_STEP][PASSED] - verifyTextPresent("Authorization and Capture", true): Text 'Authorization and Capture' is present on page  using regular expression

2024-08-20 23:26:58 - [MESSAGE][PASSED] - Text 'Authorization and Capture' is present on page  using regular expression

2024-08-20 23:26:58 - [TEST_STEP][PASSED] - verifyTextPresent("Visa", true): Text 'Visa' is present on page  using regular expression

2024-08-20 23:26:58 - [MESSAGE][PASSED] - Text 'Visa' is present on page  using regular expression

2024-08-20 23:26:58 - [TEST_STEP][PASSED] - verifyTextPresent("LESLIE HOWARD", true): Text 'LESLIE HOWARD' is present on page  using regular expression

2024-08-20 23:26:58 - [MESSAGE][PASSED] - Text 'LESLIE HOWARD' is present on page  using regular expression

2024-08-20 23:26:58 - [TEST_STEP][PASSED] - verifyTextPresent("1111", true): Text '1111' is present on page  using regular expression

2024-08-20 23:26:58 - [MESSAGE][PASSED] - Text '1111' is present on page  using regular expression

2024-08-20 23:26:58 - [TEST_STEP][PASSED] - println(genRemIDVoid): null

2024-08-20 23:26:58 - [TEST_STEP][PASSED] - println("End Test: SCFSuccessfulCC"): null]]></system-out>
         <system-err><![CDATA[]]></system-err>
      </testcase>
      <testcase name="Test Cases/IntegratedWeb/IWP23-SelIDE/SuccessfulCCAllFields" time="35.03" classname="Test Cases/IntegratedWeb/IWP23-SelIDE/SuccessfulCCAllFields" status="PASSED">
         <system-out><![CDATA[2024-08-20 23:26:58 - [TEST_CASE][PASSED] - Test Cases/IntegratedWeb/IWP23-SelIDE/SuccessfulCCAllFields: Test Cases/IntegratedWeb/IWP23-SelIDE/SuccessfulCCAllFields

2024-08-20 23:26:59 - [TEST_STEP][PASSED] - softAssertion = new org.testng.asserts.SoftAssert(): null

2024-08-20 23:26:59 - [TEST_STEP][PASSED] - openBrowser("https://www.google.com/"): Browser is opened with url: 'https://www.google.com/'

2024-08-20 23:26:59 - [MESSAGE][WARNING] - A browser is already opened. Closing browser and opening a new one

2024-08-20 23:27:00 - [MESSAGE][INFO] - Starting 'Chrome' driver

2024-08-20 23:27:00 - [MESSAGE][INFO] - User set preference: ['acceptInsecureCerts', 'true']

2024-08-20 23:27:00 - [MESSAGE][INFO] - Action delay is set to 0 milliseconds

2024-08-20 23:27:03 - [MESSAGE][PASSED] - Browser is opened with url: 'https://www.google.com/'

2024-08-20 23:27:03 - [TEST_STEP][PASSED] - driver = getWebDriver(): null

2024-08-20 23:27:03 - [TEST_STEP][PASSED] - baseUrl = "https://www.google.com/": null

2024-08-20 23:27:03 - [TEST_STEP][PASSED] - selenium = new com.thoughtworks.selenium.webdriven.WebDriverBackedSelenium(driver, baseUrl): null

2024-08-20 23:27:03 - [TEST_STEP][PASSED] - println("Begin Test: SuccessfulCCAllFields"): null

2024-08-20 23:27:03 - [TEST_STEP][PASSED] - emulatorURL = urlEmulator: null

2024-08-20 23:27:03 - [TEST_STEP][PASSED] - selenium.open(emulatorURL): null

2024-08-20 23:27:03 - [TEST_STEP][PASSED] - selenium.selectWindow("null"): null

2024-08-20 23:27:03 - [TEST_STEP][PASSED] - selenium.select("name=message_version", "label=2.3"): null

2024-08-20 23:27:04 - [TEST_STEP][PASSED] - selenium.waitForPageToLoad("30000"): null

2024-08-20 23:27:04 - [TEST_STEP][PASSED] - selenium.type("name=amount", 00".toString()): null

2024-08-20 23:27:04 - [TEST_STEP][PASSED] - selenium.type("name=client_account_number", "CAN12345"): null

2024-08-20 23:27:04 - [TEST_STEP][PASSED] - selenium.type("name=action_type", "PayNow"): null

2024-08-20 23:27:04 - [TEST_STEP][PASSED] - selenium.type("name=language", "en_US"): null

2024-08-20 23:27:05 - [TEST_STEP][PASSED] - selenium.type("name=billing_firstname", "Mandy"): null

2024-08-20 23:27:05 - [TEST_STEP][PASSED] - selenium.type("name=billing_lastname", "Iguera"): null

2024-08-20 23:27:05 - [TEST_STEP][PASSED] - selenium.type("name=billing_address", "56 World Center Drive".toString()): null

2024-08-20 23:27:05 - [TEST_STEP][PASSED] - selenium.type("name=billing_address2", "Suite 600".toString()): null

2024-08-20 23:27:05 - [TEST_STEP][PASSED] - selenium.type("name=billing_country_id", "840"): null

2024-08-20 23:27:05 - [TEST_STEP][PASSED] - selenium.type("name=billing_city", "Orlando"): null

2024-08-20 23:27:05 - [TEST_STEP][PASSED] - selenium.type("name=billing_state", "NH"): null

2024-08-20 23:27:05 - [TEST_STEP][PASSED] - selenium.type("name=billing_zip", "03106"): null

2024-08-20 23:27:05 - [TEST_STEP][PASSED] - selenium.type("name=order_number", "PPPPOOOO"): null

2024-08-20 23:27:05 - [TEST_STEP][PASSED] - selenium.type("name=user_defined1", "udf1"): null

2024-08-20 23:27:05 - [TEST_STEP][PASSED] - selenium.type("name=user_defined2", "udf2"): null

2024-08-20 23:27:05 - [TEST_STEP][PASSED] - selenium.type("name=user_defined3", "udf3"): null

2024-08-20 23:27:05 - [TEST_STEP][PASSED] - selenium.type("name=user_defined4", "Orange Label".toString()): null

2024-08-20 23:27:05 - [TEST_STEP][PASSED] - selenium.type("name=user_defined5", "Soccer Label".toString()): null

2024-08-20 23:27:05 - [TEST_STEP][PASSED] - selenium.click("name=submit"): null

2024-08-20 23:27:05 - [TEST_STEP][PASSED] - selenium.waitForPageToLoad("30000"): null

2024-08-20 23:27:06 - [TEST_STEP][PASSED] - testHarnessURL = urlTestHarness: null

2024-08-20 23:27:06 - [TEST_STEP][PASSED] - selenium.open(testHarnessURL): null

2024-08-20 23:27:06 - [TEST_STEP][PASSED] - Thread.sleep(8000): null

2024-08-20 23:27:14 - [TEST_STEP][PASSED] - selenium.type("name=application_id", "635"): null

2024-08-20 23:27:14 - [TEST_STEP][PASSED] - selenium.type("name=message_version", 3".toString()): null

2024-08-20 23:27:14 - [TEST_STEP][PASSED] - genRemIDVoid = RandomStringUtils.random(12, true, true): null

2024-08-20 23:27:14 - [TEST_STEP][PASSED] - selenium.type("name=remittance_id", genRemIDVoid): null

2024-08-20 23:27:14 - [TEST_STEP][PASSED] - selenium.click("css=input.formSubmit"): null

2024-08-20 23:27:15 - [TEST_STEP][PASSED] - selenium.waitForPageToLoad("30000"): null

2024-08-20 23:27:16 - [TEST_STEP][PASSED] - selenium.selectWindow("null"): null

2024-08-20 23:27:16 - [TEST_STEP][PASSED] - selenium.click("name=paymentMethod"): null

2024-08-20 23:27:16 - [TEST_STEP][PASSED] - selenium.click("css=input[type="submit"]"): null

2024-08-20 23:27:16 - [TEST_STEP][PASSED] - selenium.waitForPageToLoad("30000"): null

2024-08-20 23:27:17 - [TEST_STEP][PASSED] - selenium.type("id=cardNumber", "4111111111111111"): null

2024-08-20 23:27:17 - [TEST_STEP][PASSED] - selenium.type("id=spc", "123"): null

2024-08-20 23:27:17 - [TEST_STEP][PASSED] - selenium.select("name=cardExpMonth", "label=04"): null

2024-08-20 23:27:17 - [TEST_STEP][PASSED] - selenium.select("name=cardExpYear", "label=2028"): null

2024-08-20 23:27:17 - [TEST_STEP][PASSED] - selenium.type("name=emailAddress", com".toString()): null

2024-08-20 23:27:17 - [TEST_STEP][PASSED] - selenium.click("id=checkedAcceptCondition"): null

2024-08-20 23:27:17 - [TEST_STEP][PASSED] - selenium.click("name=ccSubmit"): null

2024-08-20 23:27:18 - [TEST_STEP][PASSED] - selenium.waitForPageToLoad("30000"): null

2024-08-20 23:27:18 - [TEST_STEP][PASSED] - verifyTextPresent("Please verify the following information:", true): Text 'Please verify the following information:' is present on page  using regular expression

2024-08-20 23:27:19 - [MESSAGE][PASSED] - Text 'Please verify the following information:' is present on page  using regular expression

2024-08-20 23:27:19 - [TEST_STEP][PASSED] - verifyTextPresent("Is this information correct", true): Text 'Is this information correct' is present on page  using regular expression

2024-08-20 23:27:19 - [MESSAGE][PASSED] - Text 'Is this information correct' is present on page  using regular expression

2024-08-20 23:27:19 - [TEST_STEP][PASSED] - verifyTextPresent("1111", true): Text '1111' is present on page  using regular expression

2024-08-20 23:27:19 - [MESSAGE][PASSED] - Text '1111' is present on page  using regular expression

2024-08-20 23:27:19 - [TEST_STEP][PASSED] - verifyTextPresent("4/2028", true): Text '4/2028' is present on page  using regular expression

2024-08-20 23:27:20 - [MESSAGE][PASSED] - Text '4/2028' is present on page  using regular expression

2024-08-20 23:27:20 - [TEST_STEP][PASSED] - verifyTextPresent("iahmed@govolution.com", true): Text 'iahmed@govolution.com' is present on page  using regular expression

2024-08-20 23:27:20 - [MESSAGE][PASSED] - Text 'iahmed@govolution.com' is present on page  using regular expression

2024-08-20 23:27:20 - [TEST_STEP][PASSED] - selenium.click("name=confirmNotifyAction"): null

2024-08-20 23:27:20 - [TEST_STEP][PASSED] - selenium.waitForPageToLoad("30000"): null

2024-08-20 23:27:21 - [TEST_STEP][PASSED] - Thread.sleep(8000): null

2024-08-20 23:27:29 - [TEST_STEP][PASSED] - verifyTextPresent("Successful Payment Receipt", true): Text 'Successful Payment Receipt' is present on page  using regular expression

2024-08-20 23:27:29 - [MESSAGE][PASSED] - Text 'Successful Payment Receipt' is present on page  using regular expression

2024-08-20 23:27:29 - [TEST_STEP][PASSED] - verifyTextPresent("Please print this receipt for your records", true): Text 'Please print this receipt for your records' is present on page  using regular expression

2024-08-20 23:27:29 - [MESSAGE][PASSED] - Text 'Please print this receipt for your records' is present on page  using regular expression

2024-08-20 23:27:29 - [TEST_STEP][PASSED] - verifyTextPresent("udf1", true): Text 'udf1' is present on page  using regular expression

2024-08-20 23:27:30 - [MESSAGE][PASSED] - Text 'udf1' is present on page  using regular expression

2024-08-20 23:27:30 - [TEST_STEP][PASSED] - verifyTextPresent("udf2", true): Text 'udf2' is present on page  using regular expression

2024-08-20 23:27:30 - [MESSAGE][PASSED] - Text 'udf2' is present on page  using regular expression

2024-08-20 23:27:30 - [TEST_STEP][PASSED] - verifyTextPresent("udf3", true): Text 'udf3' is present on page  using regular expression

2024-08-20 23:27:30 - [MESSAGE][PASSED] - Text 'udf3' is present on page  using regular expression

2024-08-20 23:27:30 - [TEST_STEP][PASSED] - verifyTextPresent("Orange Label", true): Text 'Orange Label' is present on page  using regular expression

2024-08-20 23:27:30 - [MESSAGE][PASSED] - Text 'Orange Label' is present on page  using regular expression

2024-08-20 23:27:30 - [TEST_STEP][PASSED] - verifyTextPresent("Soccer Label", true): Text 'Soccer Label' is present on page  using regular expression

2024-08-20 23:27:31 - [MESSAGE][PASSED] - Text 'Soccer Label' is present on page  using regular expression

2024-08-20 23:27:31 - [TEST_STEP][PASSED] - verifyTextPresent("10.00", true): Text '10.00' is present on page  using regular expression

2024-08-20 23:27:31 - [MESSAGE][PASSED] - Text '10.00' is present on page  using regular expression

2024-08-20 23:27:31 - [TEST_STEP][PASSED] - verifyTextPresent("Authorization and Capture", true): Text 'Authorization and Capture' is present on page  using regular expression

2024-08-20 23:27:31 - [MESSAGE][PASSED] - Text 'Authorization and Capture' is present on page  using regular expression

2024-08-20 23:27:31 - [TEST_STEP][PASSED] - verifyTextPresent("Visa", true): Text 'Visa' is present on page  using regular expression

2024-08-20 23:27:31 - [MESSAGE][PASSED] - Text 'Visa' is present on page  using regular expression

2024-08-20 23:27:31 - [TEST_STEP][PASSED] - verifyTextPresent("MANDY IGUERA", true): Text 'MANDY IGUERA' is present on page  using regular expression

2024-08-20 23:27:32 - [MESSAGE][PASSED] - Text 'MANDY IGUERA' is present on page  using regular expression

2024-08-20 23:27:32 - [TEST_STEP][PASSED] - verifyTextPresent("1111", true): Text '1111' is present on page  using regular expression

2024-08-20 23:27:32 - [MESSAGE][PASSED] - Text '1111' is present on page  using regular expression

2024-08-20 23:27:32 - [TEST_STEP][PASSED] - verifyTextPresent("56 World Center Drive", true): Text '56 World Center Drive' is present on page  using regular expression

2024-08-20 23:27:32 - [MESSAGE][PASSED] - Text '56 World Center Drive' is present on page  using regular expression

2024-08-20 23:27:32 - [TEST_STEP][PASSED] - verifyTextPresent("Suite 600", true): Text 'Suite 600' is present on page  using regular expression

2024-08-20 23:27:32 - [MESSAGE][PASSED] - Text 'Suite 600' is present on page  using regular expression

2024-08-20 23:27:32 - [TEST_STEP][PASSED] - verifyTextPresent("United States", true): Text 'United States' is present on page  using regular expression

2024-08-20 23:27:33 - [MESSAGE][PASSED] - Text 'United States' is present on page  using regular expression

2024-08-20 23:27:33 - [TEST_STEP][PASSED] - verifyTextPresent("HOOKSETT", true): Text 'HOOKSETT' is present on page  using regular expression

2024-08-20 23:27:33 - [MESSAGE][PASSED] - Text 'HOOKSETT' is present on page  using regular expression

2024-08-20 23:27:33 - [TEST_STEP][PASSED] - verifyTextPresent("NH", true): Text 'NH' is present on page  using regular expression

2024-08-20 23:27:33 - [MESSAGE][PASSED] - Text 'NH' is present on page  using regular expression

2024-08-20 23:27:33 - [TEST_STEP][PASSED] - verifyTextPresent("03106", true): Text '03106' is present on page  using regular expression

2024-08-20 23:27:33 - [MESSAGE][PASSED] - Text '03106' is present on page  using regular expression

2024-08-20 23:27:33 - [TEST_STEP][PASSED] - println("End Test: SuccessfulCCAllFields"): null]]></system-out>
         <system-err><![CDATA[]]></system-err>
      </testcase>
      <testcase name="Test Cases/IntegratedWeb/IWP23-SelIDE/SuccessfulCCAllFields2" time="29.159" classname="Test Cases/IntegratedWeb/IWP23-SelIDE/SuccessfulCCAllFields2" status="PASSED">
         <system-out><![CDATA[2024-08-20 23:27:33 - [TEST_CASE][PASSED] - Test Cases/IntegratedWeb/IWP23-SelIDE/SuccessfulCCAllFields2: Test Cases/IntegratedWeb/IWP23-SelIDE/SuccessfulCCAllFields2

2024-08-20 23:27:34 - [TEST_STEP][PASSED] - softAssertion = new org.testng.asserts.SoftAssert(): null

2024-08-20 23:27:34 - [TEST_STEP][PASSED] - openBrowser("https://www.google.com/"): Browser is opened with url: 'https://www.google.com/'

2024-08-20 23:27:34 - [MESSAGE][WARNING] - A browser is already opened. Closing browser and opening a new one

2024-08-20 23:27:35 - [MESSAGE][INFO] - Starting 'Chrome' driver

2024-08-20 23:27:35 - [MESSAGE][INFO] - User set preference: ['acceptInsecureCerts', 'true']

2024-08-20 23:27:35 - [MESSAGE][INFO] - Action delay is set to 0 milliseconds

2024-08-20 23:27:38 - [MESSAGE][PASSED] - Browser is opened with url: 'https://www.google.com/'

2024-08-20 23:27:38 - [TEST_STEP][PASSED] - driver = getWebDriver(): null

2024-08-20 23:27:38 - [TEST_STEP][PASSED] - baseUrl = "https://www.google.com/": null

2024-08-20 23:27:38 - [TEST_STEP][PASSED] - selenium = new com.thoughtworks.selenium.webdriven.WebDriverBackedSelenium(driver, baseUrl): null

2024-08-20 23:27:38 - [TEST_STEP][PASSED] - println("Begin Test: SuccessfulCCAllFields2"): null

2024-08-20 23:27:38 - [TEST_STEP][PASSED] - emulatorURL = urlEmulator: null

2024-08-20 23:27:38 - [TEST_STEP][PASSED] - selenium.open(emulatorURL): null

2024-08-20 23:27:38 - [TEST_STEP][PASSED] - selenium.selectWindow("null"): null

2024-08-20 23:27:38 - [TEST_STEP][PASSED] - selenium.select("name=message_version", "label=2.3"): null

2024-08-20 23:27:39 - [TEST_STEP][PASSED] - selenium.waitForPageToLoad("30000"): null

2024-08-20 23:27:39 - [TEST_STEP][PASSED] - selenium.type("name=amount", 00".toString()): null

2024-08-20 23:27:39 - [TEST_STEP][PASSED] - selenium.type("name=client_account_number", "CAN12345"): null

2024-08-20 23:27:39 - [TEST_STEP][PASSED] - selenium.type("name=action_type", "PayNow"): null

2024-08-20 23:27:39 - [TEST_STEP][PASSED] - selenium.type("name=language", "en_US"): null

2024-08-20 23:27:39 - [TEST_STEP][PASSED] - selenium.type("name=billing_firstname", "Mandy"): null

2024-08-20 23:27:39 - [TEST_STEP][PASSED] - selenium.type("name=billing_lastname", "Iguera"): null

2024-08-20 23:27:39 - [TEST_STEP][PASSED] - selenium.type("name=billing_address", "56 World Center Drive".toString()): null

2024-08-20 23:27:39 - [TEST_STEP][PASSED] - selenium.type("name=billing_address2", "Suite 600".toString()): null

2024-08-20 23:27:40 - [TEST_STEP][PASSED] - selenium.type("name=billing_country_id", "840"): null

2024-08-20 23:27:40 - [TEST_STEP][PASSED] - selenium.type("name=billing_city", "Orlando"): null

2024-08-20 23:27:40 - [TEST_STEP][PASSED] - selenium.type("name=billing_state", "NH"): null

2024-08-20 23:27:40 - [TEST_STEP][PASSED] - selenium.type("name=billing_zip", "03106"): null

2024-08-20 23:27:40 - [TEST_STEP][PASSED] - selenium.type("name=order_number", "PPPPOOOO"): null

2024-08-20 23:27:40 - [TEST_STEP][PASSED] - selenium.type("name=user_defined1", "udf1"): null

2024-08-20 23:27:40 - [TEST_STEP][PASSED] - selenium.type("name=user_defined2", "udf2"): null

2024-08-20 23:27:40 - [TEST_STEP][PASSED] - selenium.type("name=user_defined3", "udf3"): null

2024-08-20 23:27:40 - [TEST_STEP][PASSED] - selenium.type("name=user_defined4", "Orange Label".toString()): null

2024-08-20 23:27:40 - [TEST_STEP][PASSED] - selenium.type("name=user_defined5", "Soccer Label".toString()): null

2024-08-20 23:27:40 - [TEST_STEP][PASSED] - selenium.click("name=submit"): null

2024-08-20 23:27:40 - [TEST_STEP][PASSED] - selenium.waitForPageToLoad("30000"): null

2024-08-20 23:27:41 - [TEST_STEP][PASSED] - Thread.sleep(2000): null

2024-08-20 23:27:43 - [TEST_STEP][PASSED] - testHarnessURL = urlTestHarness: null

2024-08-20 23:27:43 - [TEST_STEP][PASSED] - selenium.open(testHarnessURL): null

2024-08-20 23:27:43 - [TEST_STEP][PASSED] - selenium.type("name=application_id", "635"): null

2024-08-20 23:27:43 - [TEST_STEP][PASSED] - selenium.type("name=message_version", 3".toString()): null

2024-08-20 23:27:43 - [TEST_STEP][PASSED] - genRemIDVoid = RandomStringUtils.random(12, true, true): null

2024-08-20 23:27:43 - [TEST_STEP][PASSED] - selenium.type("name=remittance_id", genRemIDVoid): null

2024-08-20 23:27:43 - [TEST_STEP][PASSED] - selenium.click("css=input.formSubmit"): null

2024-08-20 23:27:44 - [TEST_STEP][PASSED] - selenium.waitForPageToLoad("30000"): null

2024-08-20 23:27:44 - [TEST_STEP][PASSED] - selenium.selectWindow("null"): null

2024-08-20 23:27:44 - [TEST_STEP][PASSED] - selenium.click("name=paymentMethod"): null

2024-08-20 23:27:44 - [TEST_STEP][PASSED] - selenium.click("css=input[type="submit"]"): null

2024-08-20 23:27:45 - [TEST_STEP][PASSED] - selenium.waitForPageToLoad("30000"): null

2024-08-20 23:27:46 - [TEST_STEP][PASSED] - selenium.type("name=amount", 50".toString()): null

2024-08-20 23:27:46 - [TEST_STEP][PASSED] - selenium.type("name=userDefined2", "udf2 new".toString()): null

2024-08-20 23:27:46 - [TEST_STEP][PASSED] - selenium.type("name=userDefined3", "udf3 new".toString()): null

2024-08-20 23:27:46 - [TEST_STEP][PASSED] - selenium.select("name=variableField4DropdownGroupItemID", "label=Purple"): null

2024-08-20 23:27:46 - [TEST_STEP][PASSED] - selenium.select("name=variableField5DropdownGroupItemID", "label=Tennis"): null

2024-08-20 23:27:46 - [TEST_STEP][PASSED] - selenium.type("name=billingName", "Leslie Howard".toString()): null

2024-08-20 23:27:46 - [TEST_STEP][PASSED] - selenium.type("id=cardNumber", "5424000000000015"): null

2024-08-20 23:27:46 - [TEST_STEP][PASSED] - selenium.type("id=spc", "568"): null

2024-08-20 23:27:46 - [TEST_STEP][PASSED] - selenium.select("name=cardExpMonth", "label=02"): null

2024-08-20 23:27:46 - [TEST_STEP][PASSED] - selenium.select("name=cardExpYear", "label=2028"): null

2024-08-20 23:27:46 - [TEST_STEP][PASSED] - selenium.type("name=billingAddress", "778 Main street".toString()): null

2024-08-20 23:27:46 - [TEST_STEP][PASSED] - selenium.type("name=billingAddress2", "Unit 2".toString()): null

2024-08-20 23:27:46 - [TEST_STEP][PASSED] - selenium.type("id=billing-zip-input", "22201"): null

2024-08-20 23:27:47 - [TEST_STEP][PASSED] - selenium.type("name=emailAddress", com".toString()): null

2024-08-20 23:27:47 - [TEST_STEP][PASSED] - selenium.click("id=checkedAcceptCondition"): null

2024-08-20 23:27:47 - [TEST_STEP][PASSED] - selenium.click("name=ccSubmit"): null

2024-08-20 23:27:47 - [TEST_STEP][PASSED] - selenium.waitForPageToLoad("30000"): null

2024-08-20 23:27:48 - [TEST_STEP][PASSED] - verifyTextPresent("Please verify the following information:", true): Text 'Please verify the following information:' is present on page  using regular expression

2024-08-20 23:27:48 - [MESSAGE][PASSED] - Text 'Please verify the following information:' is present on page  using regular expression

2024-08-20 23:27:48 - [TEST_STEP][PASSED] - verifyTextPresent("Is this information correct", true): Text 'Is this information correct' is present on page  using regular expression

2024-08-20 23:27:48 - [MESSAGE][PASSED] - Text 'Is this information correct' is present on page  using regular expression

2024-08-20 23:27:48 - [TEST_STEP][PASSED] - verifyTextPresent("0015", true): Text '0015' is present on page  using regular expression

2024-08-20 23:27:49 - [MESSAGE][PASSED] - Text '0015' is present on page  using regular expression

2024-08-20 23:27:49 - [TEST_STEP][PASSED] - verifyTextPresent("2/2028", true): Text '2/2028' is present on page  using regular expression

2024-08-20 23:27:49 - [MESSAGE][PASSED] - Text '2/2028' is present on page  using regular expression

2024-08-20 23:27:49 - [TEST_STEP][PASSED] - verifyTextPresent("imtiazster@gmail.com", true): Text 'imtiazster@gmail.com' is present on page  using regular expression

2024-08-20 23:27:49 - [MESSAGE][PASSED] - Text 'imtiazster@gmail.com' is present on page  using regular expression

2024-08-20 23:27:49 - [TEST_STEP][PASSED] - selenium.click("name=confirmNotifyAction"): null

2024-08-20 23:27:50 - [TEST_STEP][PASSED] - selenium.waitForPageToLoad("30000"): null

2024-08-20 23:27:50 - [TEST_STEP][PASSED] - Thread.sleep(8000): null

2024-08-20 23:27:58 - [TEST_STEP][PASSED] - verifyTextPresent("Successful Payment Receipt", true): Text 'Successful Payment Receipt' is present on page  using regular expression

2024-08-20 23:27:58 - [MESSAGE][PASSED] - Text 'Successful Payment Receipt' is present on page  using regular expression

2024-08-20 23:27:58 - [TEST_STEP][PASSED] - verifyTextPresent("Please print this receipt for your records", true): Text 'Please print this receipt for your records' is present on page  using regular expression

2024-08-20 23:27:59 - [MESSAGE][PASSED] - Text 'Please print this receipt for your records' is present on page  using regular expression

2024-08-20 23:27:59 - [TEST_STEP][PASSED] - verifyTextPresent("udf1", true): Text 'udf1' is present on page  using regular expression

2024-08-20 23:27:59 - [MESSAGE][PASSED] - Text 'udf1' is present on page  using regular expression

2024-08-20 23:27:59 - [TEST_STEP][PASSED] - verifyTextPresent("udf2 new", true): Text 'udf2 new' is present on page  using regular expression

2024-08-20 23:27:59 - [MESSAGE][PASSED] - Text 'udf2 new' is present on page  using regular expression

2024-08-20 23:27:59 - [TEST_STEP][PASSED] - verifyTextPresent("udf3 new", true): Text 'udf3 new' is present on page  using regular expression

2024-08-20 23:27:59 - [MESSAGE][PASSED] - Text 'udf3 new' is present on page  using regular expression

2024-08-20 23:27:59 - [TEST_STEP][PASSED] - verifyTextPresent("Purple Label", true): Text 'Purple Label' is present on page  using regular expression

2024-08-20 23:28:00 - [MESSAGE][PASSED] - Text 'Purple Label' is present on page  using regular expression

2024-08-20 23:28:00 - [TEST_STEP][PASSED] - verifyTextPresent("Tennis Label", true): Text 'Tennis Label' is present on page  using regular expression

2024-08-20 23:28:00 - [MESSAGE][PASSED] - Text 'Tennis Label' is present on page  using regular expression

2024-08-20 23:28:00 - [TEST_STEP][PASSED] - verifyTextPresent("11.50", true): Text '11.50' is present on page  using regular expression

2024-08-20 23:28:00 - [MESSAGE][PASSED] - Text '11.50' is present on page  using regular expression

2024-08-20 23:28:00 - [TEST_STEP][PASSED] - verifyTextPresent("Authorization and Capture", true): Text 'Authorization and Capture' is present on page  using regular expression

2024-08-20 23:28:00 - [MESSAGE][PASSED] - Text 'Authorization and Capture' is present on page  using regular expression

2024-08-20 23:28:00 - [TEST_STEP][PASSED] - verifyTextPresent("MasterCard", true): Text 'MasterCard' is present on page  using regular expression

2024-08-20 23:28:01 - [MESSAGE][PASSED] - Text 'MasterCard' is present on page  using regular expression

2024-08-20 23:28:01 - [TEST_STEP][PASSED] - verifyTextPresent("LESLIE HOWARD", true): Text 'LESLIE HOWARD' is present on page  using regular expression

2024-08-20 23:28:01 - [MESSAGE][PASSED] - Text 'LESLIE HOWARD' is present on page  using regular expression

2024-08-20 23:28:01 - [TEST_STEP][PASSED] - verifyTextPresent("0015", true): Text '0015' is present on page  using regular expression

2024-08-20 23:28:01 - [MESSAGE][PASSED] - Text '0015' is present on page  using regular expression

2024-08-20 23:28:01 - [TEST_STEP][PASSED] - verifyTextPresent("778 Main street", true): Text '778 Main street' is present on page  using regular expression

2024-08-20 23:28:01 - [MESSAGE][PASSED] - Text '778 Main street' is present on page  using regular expression

2024-08-20 23:28:01 - [TEST_STEP][PASSED] - verifyTextPresent("Unit 2", true): Text 'Unit 2' is present on page  using regular expression

2024-08-20 23:28:02 - [MESSAGE][PASSED] - Text 'Unit 2' is present on page  using regular expression

2024-08-20 23:28:02 - [TEST_STEP][PASSED] - verifyTextPresent("United States", true): Text 'United States' is present on page  using regular expression

2024-08-20 23:28:02 - [MESSAGE][PASSED] - Text 'United States' is present on page  using regular expression

2024-08-20 23:28:02 - [TEST_STEP][PASSED] - verifyTextPresent("ARLINGTON", true): Text 'ARLINGTON' is present on page  using regular expression

2024-08-20 23:28:02 - [MESSAGE][PASSED] - Text 'ARLINGTON' is present on page  using regular expression

2024-08-20 23:28:02 - [TEST_STEP][PASSED] - verifyTextPresent("VA", true): Text 'VA' is present on page  using regular expression

2024-08-20 23:28:02 - [MESSAGE][PASSED] - Text 'VA' is present on page  using regular expression

2024-08-20 23:28:02 - [TEST_STEP][PASSED] - verifyTextPresent("22201", true): Text '22201' is present on page  using regular expression

2024-08-20 23:28:02 - [MESSAGE][PASSED] - Text '22201' is present on page  using regular expression

2024-08-20 23:28:02 - [TEST_STEP][PASSED] - println("End Test: SuccessfulCCAllFields2"): null]]></system-out>
         <system-err><![CDATA[]]></system-err>
      </testcase>
      <testcase name="Test Cases/IntegratedWeb/IWP23-SelIDE/SuccessfulCCAllFields3" time="29.542" classname="Test Cases/IntegratedWeb/IWP23-SelIDE/SuccessfulCCAllFields3" status="PASSED">
         <system-out><![CDATA[2024-08-20 23:28:03 - [TEST_CASE][PASSED] - Test Cases/IntegratedWeb/IWP23-SelIDE/SuccessfulCCAllFields3: Test Cases/IntegratedWeb/IWP23-SelIDE/SuccessfulCCAllFields3

2024-08-20 23:28:03 - [TEST_STEP][PASSED] - softAssertion = new org.testng.asserts.SoftAssert(): null

2024-08-20 23:28:03 - [TEST_STEP][PASSED] - openBrowser("https://www.google.com/"): Browser is opened with url: 'https://www.google.com/'

2024-08-20 23:28:03 - [MESSAGE][WARNING] - A browser is already opened. Closing browser and opening a new one

2024-08-20 23:28:04 - [MESSAGE][INFO] - Starting 'Chrome' driver

2024-08-20 23:28:04 - [MESSAGE][INFO] - User set preference: ['acceptInsecureCerts', 'true']

2024-08-20 23:28:04 - [MESSAGE][INFO] - Action delay is set to 0 milliseconds

2024-08-20 23:28:07 - [MESSAGE][PASSED] - Browser is opened with url: 'https://www.google.com/'

2024-08-20 23:28:07 - [TEST_STEP][PASSED] - driver = getWebDriver(): null

2024-08-20 23:28:07 - [TEST_STEP][PASSED] - baseUrl = "https://www.google.com/": null

2024-08-20 23:28:07 - [TEST_STEP][PASSED] - selenium = new com.thoughtworks.selenium.webdriven.WebDriverBackedSelenium(driver, baseUrl): null

2024-08-20 23:28:07 - [TEST_STEP][PASSED] - println("Begin Test: SuccessfulCCAllFields3"): null

2024-08-20 23:28:07 - [TEST_STEP][PASSED] - emulatorURL = urlEmulator: null

2024-08-20 23:28:07 - [TEST_STEP][PASSED] - selenium.open(emulatorURL): null

2024-08-20 23:28:08 - [TEST_STEP][PASSED] - selenium.selectWindow("null"): null

2024-08-20 23:28:08 - [TEST_STEP][PASSED] - selenium.select("name=message_version", "label=2.3"): null

2024-08-20 23:28:08 - [TEST_STEP][PASSED] - selenium.waitForPageToLoad("30000"): null

2024-08-20 23:28:08 - [TEST_STEP][PASSED] - selenium.type("name=amount", 00".toString()): null

2024-08-20 23:28:09 - [TEST_STEP][PASSED] - selenium.type("name=client_account_number", "CAN12345"): null

2024-08-20 23:28:09 - [TEST_STEP][PASSED] - selenium.type("name=action_type", "PayNow"): null

2024-08-20 23:28:09 - [TEST_STEP][PASSED] - selenium.type("name=language", "en_US"): null

2024-08-20 23:28:09 - [TEST_STEP][PASSED] - selenium.type("name=billing_firstname", ""): null

2024-08-20 23:28:09 - [TEST_STEP][PASSED] - selenium.type("name=billing_lastname", ""): null

2024-08-20 23:28:09 - [TEST_STEP][PASSED] - selenium.type("name=billing_address", ""): null

2024-08-20 23:28:09 - [TEST_STEP][PASSED] - selenium.type("name=billing_address2", ""): null

2024-08-20 23:28:09 - [TEST_STEP][PASSED] - selenium.type("name=billing_country_id", "840"): null

2024-08-20 23:28:09 - [TEST_STEP][PASSED] - selenium.type("name=billing_city", ""): null

2024-08-20 23:28:09 - [TEST_STEP][PASSED] - selenium.type("name=billing_state", ""): null

2024-08-20 23:28:09 - [TEST_STEP][PASSED] - selenium.type("name=billing_zip", ""): null

2024-08-20 23:28:09 - [TEST_STEP][PASSED] - selenium.type("name=order_number", "PPPPOOOO"): null

2024-08-20 23:28:09 - [TEST_STEP][PASSED] - selenium.type("name=user_defined1", ""): null

2024-08-20 23:28:09 - [TEST_STEP][PASSED] - selenium.type("name=user_defined2", ""): null

2024-08-20 23:28:09 - [TEST_STEP][PASSED] - selenium.type("name=user_defined3", ""): null

2024-08-20 23:28:09 - [TEST_STEP][PASSED] - selenium.type("name=user_defined4", ""): null

2024-08-20 23:28:09 - [TEST_STEP][PASSED] - selenium.type("name=user_defined5", ""): null

2024-08-20 23:28:09 - [TEST_STEP][PASSED] - selenium.click("name=submit"): null

2024-08-20 23:28:10 - [TEST_STEP][PASSED] - selenium.waitForPageToLoad("30000"): null

2024-08-20 23:28:10 - [TEST_STEP][PASSED] - Thread.sleep(2000): null

2024-08-20 23:28:12 - [TEST_STEP][PASSED] - testHarnessURL = urlTestHarness: null

2024-08-20 23:28:12 - [TEST_STEP][PASSED] - selenium.open(testHarnessURL): null

2024-08-20 23:28:12 - [TEST_STEP][PASSED] - selenium.type("name=application_id", "635"): null

2024-08-20 23:28:12 - [TEST_STEP][PASSED] - selenium.type("name=message_version", 3".toString()): null

2024-08-20 23:28:13 - [TEST_STEP][PASSED] - genRemIDVoid = RandomStringUtils.random(12, true, true): null

2024-08-20 23:28:13 - [TEST_STEP][PASSED] - selenium.type("name=remittance_id", genRemIDVoid): null

2024-08-20 23:28:13 - [TEST_STEP][PASSED] - selenium.click("css=input.formSubmit"): null

2024-08-20 23:28:13 - [TEST_STEP][PASSED] - selenium.waitForPageToLoad("30000"): null

2024-08-20 23:28:14 - [TEST_STEP][PASSED] - selenium.selectWindow("null"): null

2024-08-20 23:28:14 - [TEST_STEP][PASSED] - selenium.click("name=paymentMethod"): null

2024-08-20 23:28:14 - [TEST_STEP][PASSED] - selenium.click("css=input[type="submit"]"): null

2024-08-20 23:28:15 - [TEST_STEP][PASSED] - selenium.waitForPageToLoad("30000"): null

2024-08-20 23:28:15 - [TEST_STEP][PASSED] - selenium.type("name=amount", 50".toString()): null

2024-08-20 23:28:15 - [TEST_STEP][PASSED] - selenium.type("name=userDefined2", "udf2 new".toString()): null

2024-08-20 23:28:15 - [TEST_STEP][PASSED] - selenium.type("name=userDefined3", "udf3 new".toString()): null

2024-08-20 23:28:16 - [TEST_STEP][PASSED] - selenium.select("name=variableField4DropdownGroupItemID", "label=Purple"): null

2024-08-20 23:28:16 - [TEST_STEP][PASSED] - selenium.select("name=variableField5DropdownGroupItemID", "label=Tennis"): null

2024-08-20 23:28:16 - [TEST_STEP][PASSED] - selenium.type("name=billingName", "Leslie Howard".toString()): null

2024-08-20 23:28:16 - [TEST_STEP][PASSED] - selenium.type("id=cardNumber", "5424000000000015"): null

2024-08-20 23:28:16 - [TEST_STEP][PASSED] - selenium.type("id=spc", "568"): null

2024-08-20 23:28:16 - [TEST_STEP][PASSED] - selenium.select("name=cardExpMonth", "label=02"): null

2024-08-20 23:28:16 - [TEST_STEP][PASSED] - selenium.select("name=cardExpYear", "label=2028"): null

2024-08-20 23:28:16 - [TEST_STEP][PASSED] - selenium.type("name=billingAddress", "778 Main street".toString()): null

2024-08-20 23:28:16 - [TEST_STEP][PASSED] - selenium.type("name=billingAddress2", "Unit 2".toString()): null

2024-08-20 23:28:16 - [TEST_STEP][PASSED] - selenium.type("id=billing-zip-input", "22201"): null

2024-08-20 23:28:16 - [TEST_STEP][PASSED] - selenium.type("name=emailAddress", com".toString()): null

2024-08-20 23:28:16 - [TEST_STEP][PASSED] - selenium.click("id=checkedAcceptCondition"): null

2024-08-20 23:28:17 - [TEST_STEP][PASSED] - selenium.click("name=ccSubmit"): null

2024-08-20 23:28:17 - [TEST_STEP][PASSED] - selenium.waitForPageToLoad("30000"): null

2024-08-20 23:28:18 - [TEST_STEP][PASSED] - verifyTextPresent("Please verify the following information:", true): Text 'Please verify the following information:' is present on page  using regular expression

2024-08-20 23:28:18 - [MESSAGE][PASSED] - Text 'Please verify the following information:' is present on page  using regular expression

2024-08-20 23:28:18 - [TEST_STEP][PASSED] - verifyTextPresent("Is this information correct", true): Text 'Is this information correct' is present on page  using regular expression

2024-08-20 23:28:18 - [MESSAGE][PASSED] - Text 'Is this information correct' is present on page  using regular expression

2024-08-20 23:28:18 - [TEST_STEP][PASSED] - verifyTextPresent("0015", true): Text '0015' is present on page  using regular expression

2024-08-20 23:28:18 - [MESSAGE][PASSED] - Text '0015' is present on page  using regular expression

2024-08-20 23:28:18 - [TEST_STEP][PASSED] - verifyTextPresent("2/2028", true): Text '2/2028' is present on page  using regular expression

2024-08-20 23:28:19 - [MESSAGE][PASSED] - Text '2/2028' is present on page  using regular expression

2024-08-20 23:28:19 - [TEST_STEP][PASSED] - verifyTextPresent("imtiazster@gmail.com", true): Text 'imtiazster@gmail.com' is present on page  using regular expression

2024-08-20 23:28:19 - [MESSAGE][PASSED] - Text 'imtiazster@gmail.com' is present on page  using regular expression

2024-08-20 23:28:19 - [TEST_STEP][PASSED] - selenium.click("name=confirmNotifyAction"): null

2024-08-20 23:28:19 - [TEST_STEP][PASSED] - selenium.waitForPageToLoad("30000"): null

2024-08-20 23:28:20 - [TEST_STEP][PASSED] - Thread.sleep(8000): null

2024-08-20 23:28:28 - [TEST_STEP][PASSED] - verifyTextPresent("Successful Payment Receipt", true): Text 'Successful Payment Receipt' is present on page  using regular expression

2024-08-20 23:28:28 - [MESSAGE][PASSED] - Text 'Successful Payment Receipt' is present on page  using regular expression

2024-08-20 23:28:28 - [TEST_STEP][PASSED] - verifyTextPresent("Please print this receipt for your records", true): Text 'Please print this receipt for your records' is present on page  using regular expression

2024-08-20 23:28:28 - [MESSAGE][PASSED] - Text 'Please print this receipt for your records' is present on page  using regular expression

2024-08-20 23:28:28 - [TEST_STEP][PASSED] - verifyTextPresent("udf2 new", true): Text 'udf2 new' is present on page  using regular expression

2024-08-20 23:28:29 - [MESSAGE][PASSED] - Text 'udf2 new' is present on page  using regular expression

2024-08-20 23:28:29 - [TEST_STEP][PASSED] - verifyTextPresent("udf3 new", true): Text 'udf3 new' is present on page  using regular expression

2024-08-20 23:28:29 - [MESSAGE][PASSED] - Text 'udf3 new' is present on page  using regular expression

2024-08-20 23:28:29 - [TEST_STEP][PASSED] - verifyTextPresent("Purple Label", true): Text 'Purple Label' is present on page  using regular expression

2024-08-20 23:28:29 - [MESSAGE][PASSED] - Text 'Purple Label' is present on page  using regular expression

2024-08-20 23:28:29 - [TEST_STEP][PASSED] - verifyTextPresent("Tennis Label", true): Text 'Tennis Label' is present on page  using regular expression

2024-08-20 23:28:29 - [MESSAGE][PASSED] - Text 'Tennis Label' is present on page  using regular expression

2024-08-20 23:28:29 - [TEST_STEP][PASSED] - verifyTextPresent("$11.50", false): Text '$11.50' is present on page 

2024-08-20 23:28:30 - [MESSAGE][PASSED] - Text '$11.50' is present on page 

2024-08-20 23:28:30 - [TEST_STEP][PASSED] - verifyTextPresent("Authorization and Capture", true): Text 'Authorization and Capture' is present on page  using regular expression

2024-08-20 23:28:30 - [MESSAGE][PASSED] - Text 'Authorization and Capture' is present on page  using regular expression

2024-08-20 23:28:30 - [TEST_STEP][PASSED] - verifyTextPresent("MasterCard", true): Text 'MasterCard' is present on page  using regular expression

2024-08-20 23:28:30 - [MESSAGE][PASSED] - Text 'MasterCard' is present on page  using regular expression

2024-08-20 23:28:30 - [TEST_STEP][PASSED] - verifyTextPresent("LESLIE HOWARD", true): Text 'LESLIE HOWARD' is present on page  using regular expression

2024-08-20 23:28:30 - [MESSAGE][PASSED] - Text 'LESLIE HOWARD' is present on page  using regular expression

2024-08-20 23:28:30 - [TEST_STEP][PASSED] - verifyTextPresent("0015", true): Text '0015' is present on page  using regular expression

2024-08-20 23:28:31 - [MESSAGE][PASSED] - Text '0015' is present on page  using regular expression

2024-08-20 23:28:31 - [TEST_STEP][PASSED] - verifyTextPresent("778 Main street", true): Text '778 Main street' is present on page  using regular expression

2024-08-20 23:28:31 - [MESSAGE][PASSED] - Text '778 Main street' is present on page  using regular expression

2024-08-20 23:28:31 - [TEST_STEP][PASSED] - verifyTextPresent("Unit 2", true): Text 'Unit 2' is present on page  using regular expression

2024-08-20 23:28:31 - [MESSAGE][PASSED] - Text 'Unit 2' is present on page  using regular expression

2024-08-20 23:28:31 - [TEST_STEP][PASSED] - verifyTextPresent("United States", true): Text 'United States' is present on page  using regular expression

2024-08-20 23:28:31 - [MESSAGE][PASSED] - Text 'United States' is present on page  using regular expression

2024-08-20 23:28:31 - [TEST_STEP][PASSED] - verifyTextPresent("ARLINGTON", true): Text 'ARLINGTON' is present on page  using regular expression

2024-08-20 23:28:32 - [MESSAGE][PASSED] - Text 'ARLINGTON' is present on page  using regular expression

2024-08-20 23:28:32 - [TEST_STEP][PASSED] - verifyTextPresent("VA", true): Text 'VA' is present on page  using regular expression

2024-08-20 23:28:32 - [MESSAGE][PASSED] - Text 'VA' is present on page  using regular expression

2024-08-20 23:28:32 - [TEST_STEP][PASSED] - verifyTextPresent("22201", true): Text '22201' is present on page  using regular expression

2024-08-20 23:28:32 - [MESSAGE][PASSED] - Text '22201' is present on page  using regular expression

2024-08-20 23:28:32 - [TEST_STEP][PASSED] - println("End Test: SuccessfulCCAllFields3"): null]]></system-out>
         <system-err><![CDATA[]]></system-err>
      </testcase>
      <testcase name="Test Cases/IntegratedWeb/IWP23-SelIDE/SuccessfulCCReqFields" time="28.384" classname="Test Cases/IntegratedWeb/IWP23-SelIDE/SuccessfulCCReqFields" status="PASSED">
         <system-out><![CDATA[2024-08-20 23:28:32 - [TEST_CASE][PASSED] - Test Cases/IntegratedWeb/IWP23-SelIDE/SuccessfulCCReqFields: Test Cases/IntegratedWeb/IWP23-SelIDE/SuccessfulCCReqFields

2024-08-20 23:28:33 - [TEST_STEP][PASSED] - softAssertion = new org.testng.asserts.SoftAssert(): null

2024-08-20 23:28:33 - [TEST_STEP][PASSED] - openBrowser("https://www.google.com/"): Browser is opened with url: 'https://www.google.com/'

2024-08-20 23:28:33 - [MESSAGE][WARNING] - A browser is already opened. Closing browser and opening a new one

2024-08-20 23:28:34 - [MESSAGE][INFO] - Starting 'Chrome' driver

2024-08-20 23:28:34 - [MESSAGE][INFO] - User set preference: ['acceptInsecureCerts', 'true']

2024-08-20 23:28:34 - [MESSAGE][INFO] - Action delay is set to 0 milliseconds

2024-08-20 23:28:37 - [MESSAGE][PASSED] - Browser is opened with url: 'https://www.google.com/'

2024-08-20 23:28:37 - [TEST_STEP][PASSED] - driver = getWebDriver(): null

2024-08-20 23:28:37 - [TEST_STEP][PASSED] - baseUrl = "https://www.google.com/": null

2024-08-20 23:28:37 - [TEST_STEP][PASSED] - selenium = new com.thoughtworks.selenium.webdriven.WebDriverBackedSelenium(driver, baseUrl): null

2024-08-20 23:28:37 - [TEST_STEP][PASSED] - println("Begin Test: SuccessfulCCReqFields"): null

2024-08-20 23:28:37 - [TEST_STEP][PASSED] - emulatorURL = urlEmulator: null

2024-08-20 23:28:37 - [TEST_STEP][PASSED] - selenium.open(emulatorURL): null

2024-08-20 23:28:37 - [TEST_STEP][PASSED] - selenium.selectWindow("null"): null

2024-08-20 23:28:37 - [TEST_STEP][PASSED] - selenium.select("name=message_version", "label=2.3"): null

2024-08-20 23:28:37 - [TEST_STEP][PASSED] - selenium.waitForPageToLoad("30000"): null

2024-08-20 23:28:38 - [TEST_STEP][PASSED] - selenium.type("name=amount", 00".toString()): null

2024-08-20 23:28:38 - [TEST_STEP][PASSED] - selenium.type("name=client_account_number", "CAN12345"): null

2024-08-20 23:28:38 - [TEST_STEP][PASSED] - selenium.type("name=action_type", "PayNow"): null

2024-08-20 23:28:38 - [TEST_STEP][PASSED] - selenium.type("name=language", "en_US"): null

2024-08-20 23:28:38 - [TEST_STEP][PASSED] - selenium.type("name=billing_firstname", "Mandy"): null

2024-08-20 23:28:38 - [TEST_STEP][PASSED] - selenium.type("name=billing_lastname", "Iguera"): null

2024-08-20 23:28:38 - [TEST_STEP][PASSED] - selenium.type("name=billing_address", "56 World Center Drive".toString()): null

2024-08-20 23:28:38 - [TEST_STEP][PASSED] - selenium.type("name=billing_address2", "Suite 600".toString()): null

2024-08-20 23:28:38 - [TEST_STEP][PASSED] - selenium.type("name=billing_country_id", "840"): null

2024-08-20 23:28:38 - [TEST_STEP][PASSED] - selenium.type("name=billing_city", "Orlando"): null

2024-08-20 23:28:38 - [TEST_STEP][PASSED] - selenium.type("name=billing_state", "NH"): null

2024-08-20 23:28:39 - [TEST_STEP][PASSED] - selenium.type("name=billing_zip", "03106"): null

2024-08-20 23:28:39 - [TEST_STEP][PASSED] - selenium.type("name=order_number", "PPPPOOOO"): null

2024-08-20 23:28:39 - [TEST_STEP][PASSED] - selenium.type("name=user_defined1", "udf1"): null

2024-08-20 23:28:39 - [TEST_STEP][PASSED] - selenium.type("name=user_defined2", "udf2"): null

2024-08-20 23:28:39 - [TEST_STEP][PASSED] - selenium.type("name=user_defined3", "udf3"): null

2024-08-20 23:28:39 - [TEST_STEP][PASSED] - selenium.type("name=user_defined4", "Orange Label".toString()): null

2024-08-20 23:28:39 - [TEST_STEP][PASSED] - selenium.type("name=user_defined5", "Soccer Label".toString()): null

2024-08-20 23:28:39 - [TEST_STEP][PASSED] - selenium.click("name=submit"): null

2024-08-20 23:28:39 - [TEST_STEP][PASSED] - selenium.waitForPageToLoad("30000"): null

2024-08-20 23:28:40 - [TEST_STEP][PASSED] - testHarnessURL = urlTestHarness: null

2024-08-20 23:28:40 - [TEST_STEP][PASSED] - selenium.open(testHarnessURL): null

2024-08-20 23:28:40 - [TEST_STEP][PASSED] - Thread.sleep(2000): null

2024-08-20 23:28:42 - [TEST_STEP][PASSED] - selenium.type("name=application_id", "635"): null

2024-08-20 23:28:42 - [TEST_STEP][PASSED] - selenium.type("name=message_version", 3".toString()): null

2024-08-20 23:28:42 - [TEST_STEP][PASSED] - genRemIDVoid = RandomStringUtils.random(12, true, true): null

2024-08-20 23:28:42 - [TEST_STEP][PASSED] - selenium.type("name=remittance_id", genRemIDVoid): null

2024-08-20 23:28:42 - [TEST_STEP][PASSED] - selenium.click("css=input.formSubmit"): null

2024-08-20 23:28:43 - [TEST_STEP][PASSED] - selenium.waitForPageToLoad("30000"): null

2024-08-20 23:28:43 - [TEST_STEP][PASSED] - selenium.selectWindow("null"): null

2024-08-20 23:28:43 - [TEST_STEP][PASSED] - selenium.click("name=paymentMethod"): null

2024-08-20 23:28:43 - [TEST_STEP][PASSED] - selenium.click("css=input[type="submit"]"): null

2024-08-20 23:28:44 - [TEST_STEP][PASSED] - selenium.waitForPageToLoad("30000"): null

2024-08-20 23:28:45 - [TEST_STEP][PASSED] - selenium.type("name=amount", 50".toString()): null

2024-08-20 23:28:45 - [TEST_STEP][PASSED] - selenium.type("name=userDefined2", ""): null

2024-08-20 23:28:45 - [TEST_STEP][PASSED] - selenium.type("name=userDefined3", "udf3 new".toString()): null

2024-08-20 23:28:45 - [TEST_STEP][PASSED] - selenium.select("name=variableField4DropdownGroupItemID", "--Select One--"): null

2024-08-20 23:28:45 - [TEST_STEP][PASSED] - selenium.select("name=variableField5DropdownGroupItemID", "label=Tennis"): null

2024-08-20 23:28:45 - [TEST_STEP][PASSED] - selenium.type("name=billingName", "Leslie Howard".toString()): null

2024-08-20 23:28:45 - [TEST_STEP][PASSED] - selenium.type("id=cardNumber", "4111111111111111"): null

2024-08-20 23:28:45 - [TEST_STEP][PASSED] - selenium.type("id=spc", "568"): null

2024-08-20 23:28:45 - [TEST_STEP][PASSED] - selenium.select("name=cardExpMonth", "label=02"): null

2024-08-20 23:28:45 - [TEST_STEP][PASSED] - selenium.select("name=cardExpYear", "label=2028"): null

2024-08-20 23:28:45 - [TEST_STEP][PASSED] - selenium.type("name=billingAddress", "778 Main street".toString()): null

2024-08-20 23:28:45 - [TEST_STEP][PASSED] - selenium.type("name=billingAddress2", ""): null

2024-08-20 23:28:45 - [TEST_STEP][PASSED] - selenium.type("id=billing-zip-input", "22201"): null

2024-08-20 23:28:45 - [TEST_STEP][PASSED] - selenium.type("name=emailAddress", ""): null

2024-08-20 23:28:46 - [TEST_STEP][PASSED] - selenium.click("id=checkedAcceptCondition"): null

2024-08-20 23:28:46 - [TEST_STEP][PASSED] - selenium.click("name=ccSubmit"): null

2024-08-20 23:28:46 - [TEST_STEP][PASSED] - selenium.waitForPageToLoad("30000"): null

2024-08-20 23:28:47 - [TEST_STEP][PASSED] - verifyTextPresent("Please verify the following information:", true): Text 'Please verify the following information:' is present on page  using regular expression

2024-08-20 23:28:47 - [MESSAGE][PASSED] - Text 'Please verify the following information:' is present on page  using regular expression

2024-08-20 23:28:47 - [TEST_STEP][PASSED] - verifyTextPresent("Is this information correct", true): Text 'Is this information correct' is present on page  using regular expression

2024-08-20 23:28:47 - [MESSAGE][PASSED] - Text 'Is this information correct' is present on page  using regular expression

2024-08-20 23:28:47 - [TEST_STEP][PASSED] - verifyTextPresent("1111", true): Text '1111' is present on page  using regular expression

2024-08-20 23:28:48 - [MESSAGE][PASSED] - Text '1111' is present on page  using regular expression

2024-08-20 23:28:48 - [TEST_STEP][PASSED] - verifyTextPresent("2/2028", true): Text '2/2028' is present on page  using regular expression

2024-08-20 23:28:48 - [MESSAGE][PASSED] - Text '2/2028' is present on page  using regular expression

2024-08-20 23:28:48 - [TEST_STEP][PASSED] - selenium.click("name=confirmNotifyAction"): null

2024-08-20 23:28:48 - [TEST_STEP][PASSED] - selenium.waitForPageToLoad("30000"): null

2024-08-20 23:28:49 - [TEST_STEP][PASSED] - Thread.sleep(8000): null

2024-08-20 23:28:57 - [TEST_STEP][PASSED] - verifyTextPresent("Successful Payment Receipt", true): Text 'Successful Payment Receipt' is present on page  using regular expression

2024-08-20 23:28:57 - [MESSAGE][PASSED] - Text 'Successful Payment Receipt' is present on page  using regular expression

2024-08-20 23:28:57 - [TEST_STEP][PASSED] - verifyTextPresent("Please print this receipt for your records", true): Text 'Please print this receipt for your records' is present on page  using regular expression

2024-08-20 23:28:57 - [MESSAGE][PASSED] - Text 'Please print this receipt for your records' is present on page  using regular expression

2024-08-20 23:28:57 - [TEST_STEP][PASSED] - verifyTextPresent("udf1", true): Text 'udf1' is present on page  using regular expression

2024-08-20 23:28:58 - [MESSAGE][PASSED] - Text 'udf1' is present on page  using regular expression

2024-08-20 23:28:58 - [TEST_STEP][PASSED] - verifyTextPresent("udf3", true): Text 'udf3' is present on page  using regular expression

2024-08-20 23:28:58 - [MESSAGE][PASSED] - Text 'udf3' is present on page  using regular expression

2024-08-20 23:28:58 - [TEST_STEP][PASSED] - verifyTextPresent("Tennis Label", true): Text 'Tennis Label' is present on page  using regular expression

2024-08-20 23:28:58 - [MESSAGE][PASSED] - Text 'Tennis Label' is present on page  using regular expression

2024-08-20 23:28:58 - [TEST_STEP][PASSED] - verifyTextPresent("$11.50", false): Text '$11.50' is present on page 

2024-08-20 23:28:58 - [MESSAGE][PASSED] - Text '$11.50' is present on page 

2024-08-20 23:28:58 - [TEST_STEP][PASSED] - verifyTextPresent("Authorization and Capture", true): Text 'Authorization and Capture' is present on page  using regular expression

2024-08-20 23:28:58 - [MESSAGE][PASSED] - Text 'Authorization and Capture' is present on page  using regular expression

2024-08-20 23:28:58 - [TEST_STEP][PASSED] - verifyTextPresent("Visa", true): Text 'Visa' is present on page  using regular expression

2024-08-20 23:28:59 - [MESSAGE][PASSED] - Text 'Visa' is present on page  using regular expression

2024-08-20 23:28:59 - [TEST_STEP][PASSED] - verifyTextPresent("LESLIE HOWARD", true): Text 'LESLIE HOWARD' is present on page  using regular expression

2024-08-20 23:28:59 - [MESSAGE][PASSED] - Text 'LESLIE HOWARD' is present on page  using regular expression

2024-08-20 23:28:59 - [TEST_STEP][PASSED] - verifyTextPresent("1111", true): Text '1111' is present on page  using regular expression

2024-08-20 23:28:59 - [MESSAGE][PASSED] - Text '1111' is present on page  using regular expression

2024-08-20 23:28:59 - [TEST_STEP][PASSED] - verifyTextPresent("778 Main street", true): Text '778 Main street' is present on page  using regular expression

2024-08-20 23:28:59 - [MESSAGE][PASSED] - Text '778 Main street' is present on page  using regular expression

2024-08-20 23:28:59 - [TEST_STEP][PASSED] - verifyTextPresent("United States", true): Text 'United States' is present on page  using regular expression

2024-08-20 23:29:00 - [MESSAGE][PASSED] - Text 'United States' is present on page  using regular expression

2024-08-20 23:29:00 - [TEST_STEP][PASSED] - verifyTextPresent("ARLINGTON", true): Text 'ARLINGTON' is present on page  using regular expression

2024-08-20 23:29:00 - [MESSAGE][PASSED] - Text 'ARLINGTON' is present on page  using regular expression

2024-08-20 23:29:00 - [TEST_STEP][PASSED] - verifyTextPresent("VA", true): Text 'VA' is present on page  using regular expression

2024-08-20 23:29:00 - [MESSAGE][PASSED] - Text 'VA' is present on page  using regular expression

2024-08-20 23:29:00 - [TEST_STEP][PASSED] - verifyTextPresent("22201", true): Text '22201' is present on page  using regular expression

2024-08-20 23:29:00 - [MESSAGE][PASSED] - Text '22201' is present on page  using regular expression

2024-08-20 23:29:00 - [TEST_STEP][PASSED] - println("End Test: SuccessfulCCReqFields"): null]]></system-out>
         <system-err><![CDATA[]]></system-err>
      </testcase>
      <testcase name="Test Cases/IntegratedWeb/IWP23-SelIDE/SuccessfulPCAllFields" time="34.016" classname="Test Cases/IntegratedWeb/IWP23-SelIDE/SuccessfulPCAllFields" status="PASSED">
         <system-out><![CDATA[2024-08-20 23:29:00 - [TEST_CASE][PASSED] - Test Cases/IntegratedWeb/IWP23-SelIDE/SuccessfulPCAllFields: Test Cases/IntegratedWeb/IWP23-SelIDE/SuccessfulPCAllFields

2024-08-20 23:29:01 - [TEST_STEP][PASSED] - softAssertion = new org.testng.asserts.SoftAssert(): null

2024-08-20 23:29:01 - [TEST_STEP][PASSED] - openBrowser("https://www.google.com/"): Browser is opened with url: 'https://www.google.com/'

2024-08-20 23:29:01 - [MESSAGE][WARNING] - A browser is already opened. Closing browser and opening a new one

2024-08-20 23:29:02 - [MESSAGE][INFO] - Starting 'Chrome' driver

2024-08-20 23:29:02 - [MESSAGE][INFO] - User set preference: ['acceptInsecureCerts', 'true']

2024-08-20 23:29:02 - [MESSAGE][INFO] - Action delay is set to 0 milliseconds

2024-08-20 23:29:05 - [MESSAGE][PASSED] - Browser is opened with url: 'https://www.google.com/'

2024-08-20 23:29:05 - [TEST_STEP][PASSED] - driver = getWebDriver(): null

2024-08-20 23:29:05 - [TEST_STEP][PASSED] - baseUrl = "https://www.google.com/": null

2024-08-20 23:29:05 - [TEST_STEP][PASSED] - selenium = new com.thoughtworks.selenium.webdriven.WebDriverBackedSelenium(driver, baseUrl): null

2024-08-20 23:29:05 - [TEST_STEP][PASSED] - println("Begin Test: SuccessfulPCAllFields"): null

2024-08-20 23:29:05 - [TEST_STEP][PASSED] - emulatorURL = urlEmulator: null

2024-08-20 23:29:05 - [TEST_STEP][PASSED] - selenium.open(emulatorURL): null

2024-08-20 23:29:05 - [TEST_STEP][PASSED] - selenium.selectWindow("null"): null

2024-08-20 23:29:05 - [TEST_STEP][PASSED] - selenium.select("name=message_version", "label=2.3"): null

2024-08-20 23:29:06 - [TEST_STEP][PASSED] - selenium.waitForPageToLoad("30000"): null

2024-08-20 23:29:06 - [TEST_STEP][PASSED] - selenium.type("name=amount", 00".toString()): null

2024-08-20 23:29:06 - [TEST_STEP][PASSED] - selenium.type("name=client_account_number", "CAN12345"): null

2024-08-20 23:29:06 - [TEST_STEP][PASSED] - selenium.type("name=action_type", "PayNow"): null

2024-08-20 23:29:06 - [TEST_STEP][PASSED] - selenium.type("name=language", "en_US"): null

2024-08-20 23:29:06 - [TEST_STEP][PASSED] - selenium.type("name=billing_firstname", "Mandy"): null

2024-08-20 23:29:06 - [TEST_STEP][PASSED] - selenium.type("name=billing_lastname", "Iguera"): null

2024-08-20 23:29:07 - [TEST_STEP][PASSED] - selenium.type("name=billing_address", "56 World Center Drive".toString()): null

2024-08-20 23:29:07 - [TEST_STEP][PASSED] - selenium.type("name=billing_address2", "Suite 600".toString()): null

2024-08-20 23:29:07 - [TEST_STEP][PASSED] - selenium.type("name=billing_country_id", "840"): null

2024-08-20 23:29:07 - [TEST_STEP][PASSED] - selenium.type("name=billing_city", "Orlando"): null

2024-08-20 23:29:07 - [TEST_STEP][PASSED] - selenium.type("name=billing_state", "NH"): null

2024-08-20 23:29:07 - [TEST_STEP][PASSED] - selenium.type("name=billing_zip", "03106"): null

2024-08-20 23:29:07 - [TEST_STEP][PASSED] - selenium.type("name=order_number", "PPPPOOOO"): null

2024-08-20 23:29:07 - [TEST_STEP][PASSED] - selenium.type("name=user_defined1", "udf1"): null

2024-08-20 23:29:07 - [TEST_STEP][PASSED] - selenium.type("name=user_defined2", "udf2"): null

2024-08-20 23:29:07 - [TEST_STEP][PASSED] - selenium.type("name=user_defined3", "udf3"): null

2024-08-20 23:29:07 - [TEST_STEP][PASSED] - selenium.type("name=user_defined4", "Orange Label".toString()): null

2024-08-20 23:29:07 - [TEST_STEP][PASSED] - selenium.type("name=user_defined5", "Soccer Label".toString()): null

2024-08-20 23:29:07 - [TEST_STEP][PASSED] - selenium.click("name=submit"): null

2024-08-20 23:29:07 - [TEST_STEP][PASSED] - selenium.waitForPageToLoad("30000"): null

2024-08-20 23:29:08 - [TEST_STEP][PASSED] - Thread.sleep(2000): null

2024-08-20 23:29:10 - [TEST_STEP][PASSED] - testHarnessURL = urlTestHarness: null

2024-08-20 23:29:10 - [TEST_STEP][PASSED] - selenium.open(testHarnessURL): null

2024-08-20 23:29:10 - [TEST_STEP][PASSED] - selenium.type("name=application_id", "635"): null

2024-08-20 23:29:10 - [TEST_STEP][PASSED] - selenium.type("name=message_version", 3".toString()): null

2024-08-20 23:29:10 - [TEST_STEP][PASSED] - genRemIDVoid = RandomStringUtils.random(12, true, true): null

2024-08-20 23:29:10 - [TEST_STEP][PASSED] - selenium.type("name=remittance_id", genRemIDVoid): null

2024-08-20 23:29:10 - [TEST_STEP][PASSED] - selenium.click("css=input.formSubmit"): null

2024-08-20 23:29:11 - [TEST_STEP][PASSED] - selenium.waitForPageToLoad("30000"): null

2024-08-20 23:29:11 - [TEST_STEP][PASSED] - selenium.click("xpath=(//input[@name='paymentMethod'])[2]"): null

2024-08-20 23:29:12 - [TEST_STEP][PASSED] - selenium.click("css=input[type="submit"]"): null

2024-08-20 23:29:13 - [TEST_STEP][PASSED] - selenium.waitForPageToLoad("30000"): null

2024-08-20 23:29:13 - [TEST_STEP][PASSED] - selenium.type("name=amount", 50".toString()): null

2024-08-20 23:29:13 - [TEST_STEP][PASSED] - selenium.type("name=userDefined2", "udf2 data".toString()): null

2024-08-20 23:29:13 - [TEST_STEP][PASSED] - selenium.type("name=userDefined3", "udf3 data".toString()): null

2024-08-20 23:29:13 - [TEST_STEP][PASSED] - selenium.select("name=variableField4DropdownGroupItemID", "label=Purple"): null

2024-08-20 23:29:13 - [TEST_STEP][PASSED] - selenium.select("name=variableField5DropdownGroupItemID", "label=Tennis"): null

2024-08-20 23:29:14 - [TEST_STEP][PASSED] - selenium.type("name=billingFirstname", "Mike"): null

2024-08-20 23:29:14 - [TEST_STEP][PASSED] - selenium.type("name=billingLastname", "Chingiti"): null

2024-08-20 23:29:14 - [TEST_STEP][PASSED] - selenium.type("id=routingNumber", "256072691"): null

2024-08-20 23:29:14 - [TEST_STEP][PASSED] - selenium.type("id=accountNumber", "11111111"): null

2024-08-20 23:29:14 - [TEST_STEP][PASSED] - selenium.type("id=confirmAccountNumber", "11111111"): null

2024-08-20 23:29:14 - [TEST_STEP][PASSED] - selenium.click("name=accountType"): null

2024-08-20 23:29:14 - [TEST_STEP][PASSED] - selenium.type("name=billingAddress", "104 main road".toString()): null

2024-08-20 23:29:14 - [TEST_STEP][PASSED] - selenium.type("name=billingAddress2", "Room 1".toString()): null

2024-08-20 23:29:14 - [TEST_STEP][PASSED] - selenium.type("id=billing-zip-input", "22201"): null

2024-08-20 23:29:14 - [TEST_STEP][PASSED] - selenium.type("name=emailAddress", com".toString()): null

2024-08-20 23:29:14 - [TEST_STEP][PASSED] - selenium.click("id=checkedAcceptCondition"): null

2024-08-20 23:29:14 - [TEST_STEP][PASSED] - selenium.click("name=achSubmit"): null

2024-08-20 23:29:15 - [TEST_STEP][PASSED] - selenium.waitForPageToLoad("30000"): null

2024-08-20 23:29:15 - [TEST_STEP][PASSED] - verifyTextPresent("Please verify the following information:", true): Text 'Please verify the following information:' is present on page  using regular expression

2024-08-20 23:29:16 - [MESSAGE][PASSED] - Text 'Please verify the following information:' is present on page  using regular expression

2024-08-20 23:29:16 - [TEST_STEP][PASSED] - verifyTextPresent("Is this information correct", true): Text 'Is this information correct' is present on page  using regular expression

2024-08-20 23:29:16 - [MESSAGE][PASSED] - Text 'Is this information correct' is present on page  using regular expression

2024-08-20 23:29:16 - [TEST_STEP][PASSED] - verifyTextPresent("$10.50", false): Text '$10.50' is present on page 

2024-08-20 23:29:16 - [MESSAGE][PASSED] - Text '$10.50' is present on page 

2024-08-20 23:29:16 - [TEST_STEP][PASSED] - verifyTextPresent("udf2 data", true): Text 'udf2 data' is present on page  using regular expression

2024-08-20 23:29:16 - [MESSAGE][PASSED] - Text 'udf2 data' is present on page  using regular expression

2024-08-20 23:29:16 - [TEST_STEP][PASSED] - verifyTextPresent("udf3 data", true): Text 'udf3 data' is present on page  using regular expression

2024-08-20 23:29:17 - [MESSAGE][PASSED] - Text 'udf3 data' is present on page  using regular expression

2024-08-20 23:29:17 - [TEST_STEP][PASSED] - verifyTextPresent("udf1", true): Text 'udf1' is present on page  using regular expression

2024-08-20 23:29:17 - [MESSAGE][PASSED] - Text 'udf1' is present on page  using regular expression

2024-08-20 23:29:17 - [TEST_STEP][PASSED] - verifyTextPresent("Purple", true): Text 'Purple' is present on page  using regular expression

2024-08-20 23:29:17 - [MESSAGE][PASSED] - Text 'Purple' is present on page  using regular expression

2024-08-20 23:29:17 - [TEST_STEP][PASSED] - verifyTextPresent("Tennis", true): Text 'Tennis' is present on page  using regular expression

2024-08-20 23:29:18 - [MESSAGE][PASSED] - Text 'Tennis' is present on page  using regular expression

2024-08-20 23:29:18 - [TEST_STEP][PASSED] - verifyTextPresent("Mike", true): Text 'Mike' is present on page  using regular expression

2024-08-20 23:29:18 - [MESSAGE][PASSED] - Text 'Mike' is present on page  using regular expression

2024-08-20 23:29:18 - [TEST_STEP][PASSED] - verifyTextPresent("Chingiti", true): Text 'Chingiti' is present on page  using regular expression

2024-08-20 23:29:18 - [MESSAGE][PASSED] - Text 'Chingiti' is present on page  using regular expression

2024-08-20 23:29:18 - [TEST_STEP][PASSED] - verifyTextPresent("2691", true): Text '2691' is present on page  using regular expression

2024-08-20 23:29:18 - [MESSAGE][PASSED] - Text '2691' is present on page  using regular expression

2024-08-20 23:29:18 - [TEST_STEP][PASSED] - verifyTextPresent("1111", true): Text '1111' is present on page  using regular expression

2024-08-20 23:29:19 - [MESSAGE][PASSED] - Text '1111' is present on page  using regular expression

2024-08-20 23:29:19 - [TEST_STEP][PASSED] - verifyTextPresent("Personal Checking", true): Text 'Personal Checking' is present on page  using regular expression

2024-08-20 23:29:19 - [MESSAGE][PASSED] - Text 'Personal Checking' is present on page  using regular expression

2024-08-20 23:29:19 - [TEST_STEP][PASSED] - verifyTextPresent("104 main road", true): Text '104 main road' is present on page  using regular expression

2024-08-20 23:29:19 - [MESSAGE][PASSED] - Text '104 main road' is present on page  using regular expression

2024-08-20 23:29:19 - [TEST_STEP][PASSED] - verifyTextPresent("Room 1", true): Text 'Room 1' is present on page  using regular expression

2024-08-20 23:29:19 - [MESSAGE][PASSED] - Text 'Room 1' is present on page  using regular expression

2024-08-20 23:29:19 - [TEST_STEP][PASSED] - verifyTextPresent("United States", true): Text 'United States' is present on page  using regular expression

2024-08-20 23:29:20 - [MESSAGE][PASSED] - Text 'United States' is present on page  using regular expression

2024-08-20 23:29:20 - [TEST_STEP][PASSED] - verifyTextPresent("ARLINGTON", true): Text 'ARLINGTON' is present on page  using regular expression

2024-08-20 23:29:20 - [MESSAGE][PASSED] - Text 'ARLINGTON' is present on page  using regular expression

2024-08-20 23:29:20 - [TEST_STEP][PASSED] - verifyTextPresent("Virginia", true): Text 'Virginia' is present on page  using regular expression

2024-08-20 23:29:20 - [MESSAGE][PASSED] - Text 'Virginia' is present on page  using regular expression

2024-08-20 23:29:20 - [TEST_STEP][PASSED] - verifyTextPresent("22201", true): Text '22201' is present on page  using regular expression

2024-08-20 23:29:20 - [MESSAGE][PASSED] - Text '22201' is present on page  using regular expression

2024-08-20 23:29:20 - [TEST_STEP][PASSED] - verifyTextPresent("iahmed@govolution.com", true): Text 'iahmed@govolution.com' is present on page  using regular expression

2024-08-20 23:29:21 - [MESSAGE][PASSED] - Text 'iahmed@govolution.com' is present on page  using regular expression

2024-08-20 23:29:21 - [TEST_STEP][PASSED] - selenium.click("name=confirmNotifyAction"): null

2024-08-20 23:29:21 - [TEST_STEP][PASSED] - selenium.waitForPageToLoad("30000"): null

2024-08-20 23:29:22 - [TEST_STEP][PASSED] - Thread.sleep(8000): null

2024-08-20 23:29:30 - [TEST_STEP][PASSED] - verifyTextPresent("Successful Payment Receipt", true): Text 'Successful Payment Receipt' is present on page  using regular expression

2024-08-20 23:29:30 - [MESSAGE][PASSED] - Text 'Successful Payment Receipt' is present on page  using regular expression

2024-08-20 23:29:30 - [TEST_STEP][PASSED] - verifyTextPresent("Please print this receipt for your records", true): Text 'Please print this receipt for your records' is present on page  using regular expression

2024-08-20 23:29:30 - [MESSAGE][PASSED] - Text 'Please print this receipt for your records' is present on page  using regular expression

2024-08-20 23:29:30 - [TEST_STEP][PASSED] - verifyTextPresent("$10.50", false): Text '$10.50' is present on page 

2024-08-20 23:29:30 - [MESSAGE][PASSED] - Text '$10.50' is present on page 

2024-08-20 23:29:30 - [TEST_STEP][PASSED] - verifyTextPresent("udf2 data", true): Text 'udf2 data' is present on page  using regular expression

2024-08-20 23:29:31 - [MESSAGE][PASSED] - Text 'udf2 data' is present on page  using regular expression

2024-08-20 23:29:31 - [TEST_STEP][PASSED] - verifyTextPresent("udf3 data", true): Text 'udf3 data' is present on page  using regular expression

2024-08-20 23:29:31 - [MESSAGE][PASSED] - Text 'udf3 data' is present on page  using regular expression

2024-08-20 23:29:31 - [TEST_STEP][PASSED] - verifyTextPresent("udf1", true): Text 'udf1' is present on page  using regular expression

2024-08-20 23:29:31 - [MESSAGE][PASSED] - Text 'udf1' is present on page  using regular expression

2024-08-20 23:29:31 - [TEST_STEP][PASSED] - verifyTextPresent("Purple Label", true): Text 'Purple Label' is present on page  using regular expression

2024-08-20 23:29:31 - [MESSAGE][PASSED] - Text 'Purple Label' is present on page  using regular expression

2024-08-20 23:29:31 - [TEST_STEP][PASSED] - verifyTextPresent("Tennis Label", true): Text 'Tennis Label' is present on page  using regular expression

2024-08-20 23:29:32 - [MESSAGE][PASSED] - Text 'Tennis Label' is present on page  using regular expression

2024-08-20 23:29:32 - [TEST_STEP][PASSED] - verifyTextPresent("Debit", true): Text 'Debit' is present on page  using regular expression

2024-08-20 23:29:32 - [MESSAGE][PASSED] - Text 'Debit' is present on page  using regular expression

2024-08-20 23:29:32 - [TEST_STEP][PASSED] - verifyTextPresent("Personal", true): Text 'Personal' is present on page  using regular expression

2024-08-20 23:29:32 - [MESSAGE][PASSED] - Text 'Personal' is present on page  using regular expression

2024-08-20 23:29:32 - [TEST_STEP][PASSED] - verifyTextPresent("2691", true): Text '2691' is present on page  using regular expression

2024-08-20 23:29:32 - [MESSAGE][PASSED] - Text '2691' is present on page  using regular expression

2024-08-20 23:29:32 - [TEST_STEP][PASSED] - verifyTextPresent("1111", true): Text '1111' is present on page  using regular expression

2024-08-20 23:29:33 - [MESSAGE][PASSED] - Text '1111' is present on page  using regular expression

2024-08-20 23:29:33 - [TEST_STEP][PASSED] - verifyTextPresent("Checking", true): Text 'Checking' is present on page  using regular expression

2024-08-20 23:29:33 - [MESSAGE][PASSED] - Text 'Checking' is present on page  using regular expression

2024-08-20 23:29:33 - [TEST_STEP][PASSED] - verifyTextPresent("104 main road", true): Text '104 main road' is present on page  using regular expression

2024-08-20 23:29:33 - [MESSAGE][PASSED] - Text '104 main road' is present on page  using regular expression

2024-08-20 23:29:33 - [TEST_STEP][PASSED] - verifyTextPresent("Room 1", true): Text 'Room 1' is present on page  using regular expression

2024-08-20 23:29:33 - [MESSAGE][PASSED] - Text 'Room 1' is present on page  using regular expression

2024-08-20 23:29:33 - [TEST_STEP][PASSED] - verifyTextPresent("United States", true): Text 'United States' is present on page  using regular expression

2024-08-20 23:29:33 - [MESSAGE][PASSED] - Text 'United States' is present on page  using regular expression

2024-08-20 23:29:33 - [TEST_STEP][PASSED] - verifyTextPresent("ARLINGTON", true): Text 'ARLINGTON' is present on page  using regular expression

2024-08-20 23:29:34 - [MESSAGE][PASSED] - Text 'ARLINGTON' is present on page  using regular expression

2024-08-20 23:29:34 - [TEST_STEP][PASSED] - verifyTextPresent("Virginia", true): Text 'Virginia' is present on page  using regular expression

2024-08-20 23:29:34 - [MESSAGE][PASSED] - Text 'Virginia' is present on page  using regular expression

2024-08-20 23:29:34 - [TEST_STEP][PASSED] - verifyTextPresent("22201", true): Text '22201' is present on page  using regular expression

2024-08-20 23:29:34 - [MESSAGE][PASSED] - Text '22201' is present on page  using regular expression

2024-08-20 23:29:34 - [TEST_STEP][PASSED] - verifyTextPresent("MIKE CHINGITI", true): Text 'MIKE CHINGITI' is present on page  using regular expression

2024-08-20 23:29:34 - [MESSAGE][PASSED] - Text 'MIKE CHINGITI' is present on page  using regular expression

2024-08-20 23:29:34 - [TEST_STEP][PASSED] - println("End Test: SuccessfulPCAllFields"): null]]></system-out>
         <system-err><![CDATA[]]></system-err>
      </testcase>
      <testcase name="Test Cases/IntegratedWeb/IWP23-SelIDE/SuccessfulPCReqFields" time="32.286" classname="Test Cases/IntegratedWeb/IWP23-SelIDE/SuccessfulPCReqFields" status="PASSED">
         <system-out><![CDATA[2024-08-20 23:29:34 - [TEST_CASE][PASSED] - Test Cases/IntegratedWeb/IWP23-SelIDE/SuccessfulPCReqFields: Test Cases/IntegratedWeb/IWP23-SelIDE/SuccessfulPCReqFields

2024-08-20 23:29:35 - [TEST_STEP][PASSED] - softAssertion = new org.testng.asserts.SoftAssert(): null

2024-08-20 23:29:35 - [TEST_STEP][PASSED] - openBrowser("https://www.google.com/"): Browser is opened with url: 'https://www.google.com/'

2024-08-20 23:29:35 - [MESSAGE][WARNING] - A browser is already opened. Closing browser and opening a new one

2024-08-20 23:29:36 - [MESSAGE][INFO] - Starting 'Chrome' driver

2024-08-20 23:29:36 - [MESSAGE][INFO] - User set preference: ['acceptInsecureCerts', 'true']

2024-08-20 23:29:36 - [MESSAGE][INFO] - Action delay is set to 0 milliseconds

2024-08-20 23:29:39 - [MESSAGE][PASSED] - Browser is opened with url: 'https://www.google.com/'

2024-08-20 23:29:39 - [TEST_STEP][PASSED] - driver = getWebDriver(): null

2024-08-20 23:29:39 - [TEST_STEP][PASSED] - baseUrl = "https://www.google.com/": null

2024-08-20 23:29:39 - [TEST_STEP][PASSED] - selenium = new com.thoughtworks.selenium.webdriven.WebDriverBackedSelenium(driver, baseUrl): null

2024-08-20 23:29:39 - [TEST_STEP][PASSED] - println("Begin Test: SuccessfulPCReqFields"): null

2024-08-20 23:29:39 - [TEST_STEP][PASSED] - emulatorURL = urlEmulator: null

2024-08-20 23:29:39 - [TEST_STEP][PASSED] - selenium.open(emulatorURL): null

2024-08-20 23:29:39 - [TEST_STEP][PASSED] - selenium.selectWindow("null"): null

2024-08-20 23:29:39 - [TEST_STEP][PASSED] - selenium.select("name=message_version", "label=2.3"): null

2024-08-20 23:29:40 - [TEST_STEP][PASSED] - selenium.waitForPageToLoad("30000"): null

2024-08-20 23:29:40 - [TEST_STEP][PASSED] - selenium.type("name=amount", 00".toString()): null

2024-08-20 23:29:40 - [TEST_STEP][PASSED] - selenium.type("name=client_account_number", "CAN12345"): null

2024-08-20 23:29:40 - [TEST_STEP][PASSED] - selenium.type("name=action_type", "PayNow"): null

2024-08-20 23:29:41 - [TEST_STEP][PASSED] - selenium.type("name=language", "en_US"): null

2024-08-20 23:29:41 - [TEST_STEP][PASSED] - selenium.type("name=billing_firstname", "Mandy"): null

2024-08-20 23:29:41 - [TEST_STEP][PASSED] - selenium.type("name=billing_lastname", "Iguera"): null

2024-08-20 23:29:41 - [TEST_STEP][PASSED] - selenium.type("name=billing_address", "56 World Center Drive".toString()): null

2024-08-20 23:29:41 - [TEST_STEP][PASSED] - selenium.type("name=billing_address2", "Suite 600".toString()): null

2024-08-20 23:29:41 - [TEST_STEP][PASSED] - selenium.type("name=billing_country_id", "840"): null

2024-08-20 23:29:41 - [TEST_STEP][PASSED] - selenium.type("name=billing_city", "Orlando"): null

2024-08-20 23:29:41 - [TEST_STEP][PASSED] - selenium.type("name=billing_state", "NH"): null

2024-08-20 23:29:41 - [TEST_STEP][PASSED] - selenium.type("name=billing_zip", "03106"): null

2024-08-20 23:29:41 - [TEST_STEP][PASSED] - selenium.type("name=order_number", "PPPPOOOO"): null

2024-08-20 23:29:41 - [TEST_STEP][PASSED] - selenium.type("name=user_defined1", "udf1"): null

2024-08-20 23:29:41 - [TEST_STEP][PASSED] - selenium.type("name=user_defined2", "udf2"): null

2024-08-20 23:29:41 - [TEST_STEP][PASSED] - selenium.type("name=user_defined3", "udf3"): null

2024-08-20 23:29:41 - [TEST_STEP][PASSED] - selenium.type("name=user_defined4", "Orange Label".toString()): null

2024-08-20 23:29:41 - [TEST_STEP][PASSED] - selenium.type("name=user_defined5", "Soccer Label".toString()): null

2024-08-20 23:29:41 - [TEST_STEP][PASSED] - selenium.click("name=submit"): null

2024-08-20 23:29:41 - [TEST_STEP][PASSED] - selenium.waitForPageToLoad("30000"): null

2024-08-20 23:29:42 - [TEST_STEP][PASSED] - Thread.sleep(2000): null

2024-08-20 23:29:44 - [TEST_STEP][PASSED] - testHarnessURL = urlTestHarness: null

2024-08-20 23:29:44 - [TEST_STEP][PASSED] - selenium.open(testHarnessURL): null

2024-08-20 23:29:44 - [TEST_STEP][PASSED] - selenium.type("name=application_id", "635"): null

2024-08-20 23:29:44 - [TEST_STEP][PASSED] - selenium.type("name=message_version", 3".toString()): null

2024-08-20 23:29:44 - [TEST_STEP][PASSED] - genRemIDVoid = RandomStringUtils.random(12, true, true): null

2024-08-20 23:29:44 - [TEST_STEP][PASSED] - selenium.type("name=remittance_id", genRemIDVoid): null

2024-08-20 23:29:44 - [TEST_STEP][PASSED] - selenium.click("css=input.formSubmit"): null

2024-08-20 23:29:45 - [TEST_STEP][PASSED] - selenium.waitForPageToLoad("30000"): null

2024-08-20 23:29:46 - [TEST_STEP][PASSED] - selenium.click("xpath=(//input[@name='paymentMethod'])[2]"): null

2024-08-20 23:29:46 - [TEST_STEP][PASSED] - selenium.click("css=input[type="submit"]"): null

2024-08-20 23:29:47 - [TEST_STEP][PASSED] - selenium.waitForPageToLoad("30000"): null

2024-08-20 23:29:47 - [TEST_STEP][PASSED] - selenium.type("name=amount", 50".toString()): null

2024-08-20 23:29:47 - [TEST_STEP][PASSED] - selenium.type("name=userDefined2", ""): null

2024-08-20 23:29:48 - [TEST_STEP][PASSED] - selenium.type("name=userDefined3", "udf3 data".toString()): null

2024-08-20 23:29:48 - [TEST_STEP][PASSED] - selenium.select("name=variableField4DropdownGroupItemID", "--Select One--"): null

2024-08-20 23:29:48 - [TEST_STEP][PASSED] - selenium.select("name=variableField5DropdownGroupItemID", "label=Tennis"): null

2024-08-20 23:29:48 - [TEST_STEP][PASSED] - selenium.type("name=billingFirstname", "Mike"): null

2024-08-20 23:29:48 - [TEST_STEP][PASSED] - selenium.type("name=billingLastname", "Chingiti"): null

2024-08-20 23:29:48 - [TEST_STEP][PASSED] - selenium.type("id=routingNumber", "256072691"): null

2024-08-20 23:29:48 - [TEST_STEP][PASSED] - selenium.type("id=accountNumber", "11111111"): null

2024-08-20 23:29:48 - [TEST_STEP][PASSED] - selenium.type("id=confirmAccountNumber", "11111111"): null

2024-08-20 23:29:48 - [TEST_STEP][PASSED] - selenium.click("name=accountType"): null

2024-08-20 23:29:48 - [TEST_STEP][PASSED] - selenium.type("name=billingAddress", "104 main road".toString()): null

2024-08-20 23:29:48 - [TEST_STEP][PASSED] - selenium.type("name=billingAddress2", ""): null

2024-08-20 23:29:48 - [TEST_STEP][PASSED] - selenium.type("id=billing-zip-input", "22201"): null

2024-08-20 23:29:48 - [TEST_STEP][PASSED] - selenium.click("id=checkedAcceptCondition"): null

2024-08-20 23:29:48 - [TEST_STEP][PASSED] - selenium.click("name=achSubmit"): null

2024-08-20 23:29:49 - [TEST_STEP][PASSED] - selenium.waitForPageToLoad("30000"): null

2024-08-20 23:29:49 - [TEST_STEP][PASSED] - verifyTextPresent("Please verify the following information:", true): Text 'Please verify the following information:' is present on page  using regular expression

2024-08-20 23:29:50 - [MESSAGE][PASSED] - Text 'Please verify the following information:' is present on page  using regular expression

2024-08-20 23:29:50 - [TEST_STEP][PASSED] - verifyTextPresent("Is this information correct", true): Text 'Is this information correct' is present on page  using regular expression

2024-08-20 23:29:50 - [MESSAGE][PASSED] - Text 'Is this information correct' is present on page  using regular expression

2024-08-20 23:29:50 - [TEST_STEP][PASSED] - verifyTextPresent("$10.50", false): Text '$10.50' is present on page 

2024-08-20 23:29:50 - [MESSAGE][PASSED] - Text '$10.50' is present on page 

2024-08-20 23:29:50 - [TEST_STEP][PASSED] - verifyTextPresent("udf1", true): Text 'udf1' is present on page  using regular expression

2024-08-20 23:29:51 - [MESSAGE][PASSED] - Text 'udf1' is present on page  using regular expression

2024-08-20 23:29:51 - [TEST_STEP][PASSED] - verifyTextPresent("udf3 data", true): Text 'udf3 data' is present on page  using regular expression

2024-08-20 23:29:51 - [MESSAGE][PASSED] - Text 'udf3 data' is present on page  using regular expression

2024-08-20 23:29:51 - [TEST_STEP][PASSED] - verifyTextPresent("Tennis", true): Text 'Tennis' is present on page  using regular expression

2024-08-20 23:29:51 - [MESSAGE][PASSED] - Text 'Tennis' is present on page  using regular expression

2024-08-20 23:29:51 - [TEST_STEP][PASSED] - verifyTextPresent("Mike", true): Text 'Mike' is present on page  using regular expression

2024-08-20 23:29:51 - [MESSAGE][PASSED] - Text 'Mike' is present on page  using regular expression

2024-08-20 23:29:51 - [TEST_STEP][PASSED] - verifyTextPresent("Chingiti", true): Text 'Chingiti' is present on page  using regular expression

2024-08-20 23:29:52 - [MESSAGE][PASSED] - Text 'Chingiti' is present on page  using regular expression

2024-08-20 23:29:52 - [TEST_STEP][PASSED] - verifyTextPresent("2691", true): Text '2691' is present on page  using regular expression

2024-08-20 23:29:52 - [MESSAGE][PASSED] - Text '2691' is present on page  using regular expression

2024-08-20 23:29:52 - [TEST_STEP][PASSED] - verifyTextPresent("1111", true): Text '1111' is present on page  using regular expression

2024-08-20 23:29:52 - [MESSAGE][PASSED] - Text '1111' is present on page  using regular expression

2024-08-20 23:29:52 - [TEST_STEP][PASSED] - verifyTextPresent("Personal Checking", true): Text 'Personal Checking' is present on page  using regular expression

2024-08-20 23:29:52 - [MESSAGE][PASSED] - Text 'Personal Checking' is present on page  using regular expression

2024-08-20 23:29:52 - [TEST_STEP][PASSED] - verifyTextPresent("104 main road", true): Text '104 main road' is present on page  using regular expression

2024-08-20 23:29:53 - [MESSAGE][PASSED] - Text '104 main road' is present on page  using regular expression

2024-08-20 23:29:53 - [TEST_STEP][PASSED] - verifyTextPresent("United States", true): Text 'United States' is present on page  using regular expression

2024-08-20 23:29:53 - [MESSAGE][PASSED] - Text 'United States' is present on page  using regular expression

2024-08-20 23:29:53 - [TEST_STEP][PASSED] - verifyTextPresent("ARLINGTON", true): Text 'ARLINGTON' is present on page  using regular expression

2024-08-20 23:29:53 - [MESSAGE][PASSED] - Text 'ARLINGTON' is present on page  using regular expression

2024-08-20 23:29:53 - [TEST_STEP][PASSED] - verifyTextPresent("Virginia", true): Text 'Virginia' is present on page  using regular expression

2024-08-20 23:29:53 - [MESSAGE][PASSED] - Text 'Virginia' is present on page  using regular expression

2024-08-20 23:29:53 - [TEST_STEP][PASSED] - verifyTextPresent("22201", true): Text '22201' is present on page  using regular expression

2024-08-20 23:29:54 - [MESSAGE][PASSED] - Text '22201' is present on page  using regular expression

2024-08-20 23:29:54 - [TEST_STEP][PASSED] - selenium.click("name=confirmNotifyAction"): null

2024-08-20 23:29:54 - [TEST_STEP][PASSED] - selenium.waitForPageToLoad("30000"): null

2024-08-20 23:29:55 - [TEST_STEP][PASSED] - Thread.sleep(8000): null

2024-08-20 23:30:03 - [TEST_STEP][PASSED] - verifyTextPresent("Successful Payment Receipt", true): Text 'Successful Payment Receipt' is present on page  using regular expression

2024-08-20 23:30:03 - [MESSAGE][PASSED] - Text 'Successful Payment Receipt' is present on page  using regular expression

2024-08-20 23:30:03 - [TEST_STEP][PASSED] - verifyTextPresent("Please print this receipt for your records", true): Text 'Please print this receipt for your records' is present on page  using regular expression

2024-08-20 23:30:03 - [MESSAGE][PASSED] - Text 'Please print this receipt for your records' is present on page  using regular expression

2024-08-20 23:30:03 - [TEST_STEP][PASSED] - verifyTextPresent("udf1", true): Text 'udf1' is present on page  using regular expression

2024-08-20 23:30:03 - [MESSAGE][PASSED] - Text 'udf1' is present on page  using regular expression

2024-08-20 23:30:03 - [TEST_STEP][PASSED] - verifyTextPresent("udf3 data", true): Text 'udf3 data' is present on page  using regular expression

2024-08-20 23:30:04 - [MESSAGE][PASSED] - Text 'udf3 data' is present on page  using regular expression

2024-08-20 23:30:04 - [TEST_STEP][PASSED] - verifyTextPresent("Tennis Label", true): Text 'Tennis Label' is present on page  using regular expression

2024-08-20 23:30:04 - [MESSAGE][PASSED] - Text 'Tennis Label' is present on page  using regular expression

2024-08-20 23:30:04 - [TEST_STEP][PASSED] - verifyTextPresent("$10.50", false): Text '$10.50' is present on page 

2024-08-20 23:30:04 - [MESSAGE][PASSED] - Text '$10.50' is present on page 

2024-08-20 23:30:04 - [TEST_STEP][PASSED] - verifyTextPresent("Debit", true): Text 'Debit' is present on page  using regular expression

2024-08-20 23:30:04 - [MESSAGE][PASSED] - Text 'Debit' is present on page  using regular expression

2024-08-20 23:30:04 - [TEST_STEP][PASSED] - verifyTextPresent("Personal", true): Text 'Personal' is present on page  using regular expression

2024-08-20 23:30:05 - [MESSAGE][PASSED] - Text 'Personal' is present on page  using regular expression

2024-08-20 23:30:05 - [TEST_STEP][PASSED] - verifyTextPresent("Checking", true): Text 'Checking' is present on page  using regular expression

2024-08-20 23:30:05 - [MESSAGE][PASSED] - Text 'Checking' is present on page  using regular expression

2024-08-20 23:30:05 - [TEST_STEP][PASSED] - verifyTextPresent("1111", true): Text '1111' is present on page  using regular expression

2024-08-20 23:30:05 - [MESSAGE][PASSED] - Text '1111' is present on page  using regular expression

2024-08-20 23:30:05 - [TEST_STEP][PASSED] - verifyTextPresent("2691", true): Text '2691' is present on page  using regular expression

2024-08-20 23:30:05 - [MESSAGE][PASSED] - Text '2691' is present on page  using regular expression

2024-08-20 23:30:05 - [TEST_STEP][PASSED] - verifyTextPresent("MIKE CHINGITI", true): Text 'MIKE CHINGITI' is present on page  using regular expression

2024-08-20 23:30:06 - [MESSAGE][PASSED] - Text 'MIKE CHINGITI' is present on page  using regular expression

2024-08-20 23:30:06 - [TEST_STEP][PASSED] - verifyTextPresent("104 main road", true): Text '104 main road' is present on page  using regular expression

2024-08-20 23:30:06 - [MESSAGE][PASSED] - Text '104 main road' is present on page  using regular expression

2024-08-20 23:30:06 - [TEST_STEP][PASSED] - verifyTextPresent("United States", true): Text 'United States' is present on page  using regular expression

2024-08-20 23:30:06 - [MESSAGE][PASSED] - Text 'United States' is present on page  using regular expression

2024-08-20 23:30:06 - [TEST_STEP][PASSED] - verifyTextPresent("ARLINGTON", true): Text 'ARLINGTON' is present on page  using regular expression

2024-08-20 23:30:06 - [MESSAGE][PASSED] - Text 'ARLINGTON' is present on page  using regular expression

2024-08-20 23:30:06 - [TEST_STEP][PASSED] - verifyTextPresent("Virginia", true): Text 'Virginia' is present on page  using regular expression

2024-08-20 23:30:07 - [MESSAGE][PASSED] - Text 'Virginia' is present on page  using regular expression

2024-08-20 23:30:07 - [TEST_STEP][PASSED] - verifyTextPresent("22201", true): Text '22201' is present on page  using regular expression

2024-08-20 23:30:07 - [MESSAGE][PASSED] - Text '22201' is present on page  using regular expression

2024-08-20 23:30:07 - [TEST_STEP][PASSED] - println("End Test: SuccessfulPCReqFields"): null]]></system-out>
         <system-err><![CDATA[]]></system-err>
      </testcase>
      <testcase name="Test Cases/IntegratedWeb/IWP23-SelIDE/TermsAndConditionsCC" time="25.976" classname="Test Cases/IntegratedWeb/IWP23-SelIDE/TermsAndConditionsCC" status="PASSED">
         <system-out><![CDATA[2024-08-20 23:30:07 - [TEST_CASE][PASSED] - Test Cases/IntegratedWeb/IWP23-SelIDE/TermsAndConditionsCC: Test Cases/IntegratedWeb/IWP23-SelIDE/TermsAndConditionsCC

2024-08-20 23:30:07 - [TEST_STEP][PASSED] - softAssertion = new org.testng.asserts.SoftAssert(): null

2024-08-20 23:30:07 - [TEST_STEP][PASSED] - openBrowser("https://www.google.com/"): Browser is opened with url: 'https://www.google.com/'

2024-08-20 23:30:07 - [MESSAGE][WARNING] - A browser is already opened. Closing browser and opening a new one

2024-08-20 23:30:09 - [MESSAGE][INFO] - Starting 'Chrome' driver

2024-08-20 23:30:09 - [MESSAGE][INFO] - User set preference: ['acceptInsecureCerts', 'true']

2024-08-20 23:30:09 - [MESSAGE][INFO] - Action delay is set to 0 milliseconds

2024-08-20 23:30:11 - [MESSAGE][PASSED] - Browser is opened with url: 'https://www.google.com/'

2024-08-20 23:30:11 - [TEST_STEP][PASSED] - driver = getWebDriver(): null

2024-08-20 23:30:11 - [TEST_STEP][PASSED] - baseUrl = "https://www.google.com/": null

2024-08-20 23:30:11 - [TEST_STEP][PASSED] - selenium = new com.thoughtworks.selenium.webdriven.WebDriverBackedSelenium(driver, baseUrl): null

2024-08-20 23:30:12 - [TEST_STEP][PASSED] - println("Begin Test: TermsAndConditionsCC"): null

2024-08-20 23:30:12 - [TEST_STEP][PASSED] - emulatorURL = urlEmulator: null

2024-08-20 23:30:12 - [TEST_STEP][PASSED] - selenium.open(emulatorURL): null

2024-08-20 23:30:12 - [TEST_STEP][PASSED] - selenium.selectWindow("null"): null

2024-08-20 23:30:12 - [TEST_STEP][PASSED] - selenium.select("name=message_version", "label=2.3"): null

2024-08-20 23:30:12 - [TEST_STEP][PASSED] - selenium.waitForPageToLoad("30000"): null

2024-08-20 23:30:13 - [TEST_STEP][PASSED] - selenium.type("name=amount", 00".toString()): null

2024-08-20 23:30:13 - [TEST_STEP][PASSED] - selenium.type("name=client_account_number", "CAN12345"): null

2024-08-20 23:30:13 - [TEST_STEP][PASSED] - selenium.type("name=action_type", "PayNow"): null

2024-08-20 23:30:13 - [TEST_STEP][PASSED] - selenium.type("name=language", "en_US"): null

2024-08-20 23:30:13 - [TEST_STEP][PASSED] - selenium.type("name=billing_firstname", "Mandy"): null

2024-08-20 23:30:13 - [TEST_STEP][PASSED] - selenium.type("name=billing_lastname", "Iguera"): null

2024-08-20 23:30:13 - [TEST_STEP][PASSED] - selenium.type("name=billing_address", "56 World Center Drive".toString()): null

2024-08-20 23:30:13 - [TEST_STEP][PASSED] - selenium.type("name=billing_address2", "Suite 600".toString()): null

2024-08-20 23:30:13 - [TEST_STEP][PASSED] - selenium.type("name=billing_country_id", "840"): null

2024-08-20 23:30:13 - [TEST_STEP][PASSED] - selenium.type("name=billing_city", "Orlando"): null

2024-08-20 23:30:13 - [TEST_STEP][PASSED] - selenium.type("name=billing_state", "NH"): null

2024-08-20 23:30:13 - [TEST_STEP][PASSED] - selenium.type("name=billing_zip", "03106"): null

2024-08-20 23:30:13 - [TEST_STEP][PASSED] - selenium.type("name=order_number", "PPPPOOOO"): null

2024-08-20 23:30:13 - [TEST_STEP][PASSED] - selenium.type("name=user_defined1", "udf1"): null

2024-08-20 23:30:13 - [TEST_STEP][PASSED] - selenium.type("name=user_defined2", "udf2"): null

2024-08-20 23:30:14 - [TEST_STEP][PASSED] - selenium.type("name=user_defined3", "udf3"): null

2024-08-20 23:30:14 - [TEST_STEP][PASSED] - selenium.type("name=user_defined4", "Orange Label".toString()): null

2024-08-20 23:30:14 - [TEST_STEP][PASSED] - selenium.type("name=user_defined5", "Soccer Label".toString()): null

2024-08-20 23:30:14 - [TEST_STEP][PASSED] - selenium.click("name=submit"): null

2024-08-20 23:30:14 - [TEST_STEP][PASSED] - selenium.waitForPageToLoad("30000"): null

2024-08-20 23:30:14 - [TEST_STEP][PASSED] - testHarnessURL = urlTestHarness: null

2024-08-20 23:30:14 - [TEST_STEP][PASSED] - selenium.open(testHarnessURL): null

2024-08-20 23:30:15 - [TEST_STEP][PASSED] - Thread.sleep(2000): null

2024-08-20 23:30:17 - [TEST_STEP][PASSED] - selenium.type("name=application_id", "635"): null

2024-08-20 23:30:17 - [TEST_STEP][PASSED] - selenium.type("name=message_version", 3".toString()): null

2024-08-20 23:30:17 - [TEST_STEP][PASSED] - genRemIDVoid = RandomStringUtils.random(12, true, true): null

2024-08-20 23:30:17 - [TEST_STEP][PASSED] - selenium.type("name=remittance_id", genRemIDVoid): null

2024-08-20 23:30:17 - [TEST_STEP][PASSED] - selenium.click("css=input.formSubmit"): null

2024-08-20 23:30:18 - [TEST_STEP][PASSED] - selenium.waitForPageToLoad("30000"): null

2024-08-20 23:30:18 - [TEST_STEP][PASSED] - selenium.selectWindow("null"): null

2024-08-20 23:30:18 - [TEST_STEP][PASSED] - selenium.click("name=paymentMethod"): null

2024-08-20 23:30:18 - [TEST_STEP][PASSED] - selenium.click("css=input[type="submit"]"): null

2024-08-20 23:30:19 - [TEST_STEP][PASSED] - selenium.waitForPageToLoad("30000"): null

2024-08-20 23:30:19 - [TEST_STEP][PASSED] - selenium.type("id=cardNumber", "4111111111111111"): null

2024-08-20 23:30:20 - [TEST_STEP][PASSED] - selenium.type("id=spc", "123"): null

2024-08-20 23:30:20 - [TEST_STEP][PASSED] - selenium.select("name=cardExpMonth", "label=04"): null

2024-08-20 23:30:20 - [TEST_STEP][PASSED] - selenium.select("name=cardExpYear", "label=2028"): null

2024-08-20 23:30:20 - [TEST_STEP][PASSED] - selenium.type("name=emailAddress", com".toString()): null

2024-08-20 23:30:20 - [TEST_STEP][PASSED] - selenium.click("id=checkedAcceptCondition"): null

2024-08-20 23:30:20 - [TEST_STEP][PASSED] - selenium.selectWindow("null"): null

2024-08-20 23:30:20 - [TEST_STEP][PASSED] - verifyTextPresent("These are Customer CC Terms", true): Text 'These are Customer CC Terms' is present on page  using regular expression

2024-08-20 23:30:20 - [MESSAGE][PASSED] - Text 'These are Customer CC Terms' is present on page  using regular expression

2024-08-20 23:30:20 - [TEST_STEP][PASSED] - verifyTextPresent("These are CC Custom HTML", true): Text 'These are CC Custom HTML' is present on page  using regular expression

2024-08-20 23:30:20 - [MESSAGE][PASSED] - Text 'These are CC Custom HTML' is present on page  using regular expression

2024-08-20 23:30:20 - [TEST_STEP][PASSED] - selenium.click("name=ccSubmit"): null

2024-08-20 23:30:21 - [TEST_STEP][PASSED] - selenium.waitForPageToLoad("30000"): null

2024-08-20 23:30:22 - [TEST_STEP][PASSED] - verifyTextPresent("Please verify the following information:", true): Text 'Please verify the following information:' is present on page  using regular expression

2024-08-20 23:30:22 - [MESSAGE][PASSED] - Text 'Please verify the following information:' is present on page  using regular expression

2024-08-20 23:30:22 - [TEST_STEP][PASSED] - verifyTextPresent("Is this information correct", true): Text 'Is this information correct' is present on page  using regular expression

2024-08-20 23:30:22 - [MESSAGE][PASSED] - Text 'Is this information correct' is present on page  using regular expression

2024-08-20 23:30:22 - [TEST_STEP][PASSED] - verifyTextPresent("1111", true): Text '1111' is present on page  using regular expression

2024-08-20 23:30:22 - [MESSAGE][PASSED] - Text '1111' is present on page  using regular expression

2024-08-20 23:30:22 - [TEST_STEP][PASSED] - verifyTextPresent("4/2028", true): Text '4/2028' is present on page  using regular expression

2024-08-20 23:30:23 - [MESSAGE][PASSED] - Text '4/2028' is present on page  using regular expression

2024-08-20 23:30:23 - [TEST_STEP][PASSED] - verifyTextPresent("iahmed@govolution.com", true): Text 'iahmed@govolution.com' is present on page  using regular expression

2024-08-20 23:30:23 - [MESSAGE][PASSED] - Text 'iahmed@govolution.com' is present on page  using regular expression

2024-08-20 23:30:23 - [TEST_STEP][PASSED] - verifyTextPresent("These are CC Custom HTML", true): Text 'These are CC Custom HTML' is present on page  using regular expression

2024-08-20 23:30:23 - [MESSAGE][PASSED] - Text 'These are CC Custom HTML' is present on page  using regular expression

2024-08-20 23:30:23 - [TEST_STEP][PASSED] - selenium.click("name=confirmNotifyAction"): null

2024-08-20 23:30:24 - [TEST_STEP][PASSED] - selenium.waitForPageToLoad("30000"): null

2024-08-20 23:30:24 - [TEST_STEP][PASSED] - Thread.sleep(8000): null

2024-08-20 23:30:32 - [TEST_STEP][PASSED] - verifyTextPresent("Successful Payment Receipt", true): Text 'Successful Payment Receipt' is present on page  using regular expression

2024-08-20 23:30:32 - [MESSAGE][PASSED] - Text 'Successful Payment Receipt' is present on page  using regular expression

2024-08-20 23:30:32 - [TEST_STEP][PASSED] - verifyTextPresent("Please print this receipt for your records", true): Text 'Please print this receipt for your records' is present on page  using regular expression

2024-08-20 23:30:33 - [MESSAGE][PASSED] - Text 'Please print this receipt for your records' is present on page  using regular expression

2024-08-20 23:30:33 - [TEST_STEP][PASSED] - println("End Test: TermsAndConditionsCC"): null]]></system-out>
         <system-err><![CDATA[]]></system-err>
      </testcase>
      <testcase name="Test Cases/IntegratedWeb/IWP23-SelIDE/TermsAndConditionsPC" time="26.479" classname="Test Cases/IntegratedWeb/IWP23-SelIDE/TermsAndConditionsPC" status="PASSED">
         <system-out><![CDATA[2024-08-20 23:30:33 - [TEST_CASE][PASSED] - Test Cases/IntegratedWeb/IWP23-SelIDE/TermsAndConditionsPC: Test Cases/IntegratedWeb/IWP23-SelIDE/TermsAndConditionsPC

2024-08-20 23:30:33 - [TEST_STEP][PASSED] - softAssertion = new org.testng.asserts.SoftAssert(): null

2024-08-20 23:30:33 - [TEST_STEP][PASSED] - openBrowser("https://www.google.com/"): Browser is opened with url: 'https://www.google.com/'

2024-08-20 23:30:33 - [MESSAGE][WARNING] - A browser is already opened. Closing browser and opening a new one

2024-08-20 23:30:35 - [MESSAGE][INFO] - Starting 'Chrome' driver

2024-08-20 23:30:35 - [MESSAGE][INFO] - User set preference: ['acceptInsecureCerts', 'true']

2024-08-20 23:30:35 - [MESSAGE][INFO] - Action delay is set to 0 milliseconds

2024-08-20 23:30:38 - [MESSAGE][PASSED] - Browser is opened with url: 'https://www.google.com/'

2024-08-20 23:30:38 - [TEST_STEP][PASSED] - driver = getWebDriver(): null

2024-08-20 23:30:38 - [TEST_STEP][PASSED] - baseUrl = "https://www.google.com/": null

2024-08-20 23:30:38 - [TEST_STEP][PASSED] - selenium = new com.thoughtworks.selenium.webdriven.WebDriverBackedSelenium(driver, baseUrl): null

2024-08-20 23:30:38 - [TEST_STEP][PASSED] - println("Begin Test: TermsAndConditionsPC"): null

2024-08-20 23:30:38 - [TEST_STEP][PASSED] - emulatorURL = urlEmulator: null

2024-08-20 23:30:38 - [TEST_STEP][PASSED] - selenium.open(emulatorURL): null

2024-08-20 23:30:38 - [TEST_STEP][PASSED] - selenium.selectWindow("null"): null

2024-08-20 23:30:38 - [TEST_STEP][PASSED] - selenium.select("name=message_version", "label=2.3"): null

2024-08-20 23:30:38 - [TEST_STEP][PASSED] - selenium.waitForPageToLoad("30000"): null

2024-08-20 23:30:39 - [TEST_STEP][PASSED] - selenium.type("name=amount", 00".toString()): null

2024-08-20 23:30:39 - [TEST_STEP][PASSED] - selenium.type("name=client_account_number", "CAN12345"): null

2024-08-20 23:30:39 - [TEST_STEP][PASSED] - selenium.type("name=action_type", "PayNow"): null

2024-08-20 23:30:39 - [TEST_STEP][PASSED] - selenium.type("name=language", "en_US"): null

2024-08-20 23:30:39 - [TEST_STEP][PASSED] - selenium.type("name=billing_firstname", "Mandy"): null

2024-08-20 23:30:39 - [TEST_STEP][PASSED] - selenium.type("name=billing_lastname", "Iguera"): null

2024-08-20 23:30:39 - [TEST_STEP][PASSED] - selenium.type("name=billing_address", "56 World Center Drive".toString()): null

2024-08-20 23:30:39 - [TEST_STEP][PASSED] - selenium.type("name=billing_address2", "Suite 600".toString()): null

2024-08-20 23:30:39 - [TEST_STEP][PASSED] - selenium.type("name=billing_country_id", "840"): null

2024-08-20 23:30:39 - [TEST_STEP][PASSED] - selenium.type("name=billing_city", "Orlando"): null

2024-08-20 23:30:39 - [TEST_STEP][PASSED] - selenium.type("name=billing_state", "NH"): null

2024-08-20 23:30:39 - [TEST_STEP][PASSED] - selenium.type("name=billing_zip", "03106"): null

2024-08-20 23:30:39 - [TEST_STEP][PASSED] - selenium.type("name=order_number", "PPPPOOOO"): null

2024-08-20 23:30:39 - [TEST_STEP][PASSED] - selenium.type("name=user_defined1", "udf1"): null

2024-08-20 23:30:39 - [TEST_STEP][PASSED] - selenium.type("name=user_defined2", "udf2"): null

2024-08-20 23:30:39 - [TEST_STEP][PASSED] - selenium.type("name=user_defined3", "udf3"): null

2024-08-20 23:30:39 - [TEST_STEP][PASSED] - selenium.type("name=user_defined4", "Orange Label".toString()): null

2024-08-20 23:30:39 - [TEST_STEP][PASSED] - selenium.type("name=user_defined5", "Soccer Label".toString()): null

2024-08-20 23:30:40 - [TEST_STEP][PASSED] - selenium.click("name=submit"): null

2024-08-20 23:30:40 - [TEST_STEP][PASSED] - selenium.waitForPageToLoad("30000"): null

2024-08-20 23:30:40 - [TEST_STEP][PASSED] - Thread.sleep(2000): null

2024-08-20 23:30:42 - [TEST_STEP][PASSED] - testHarnessURL = urlTestHarness: null

2024-08-20 23:30:42 - [TEST_STEP][PASSED] - selenium.open(testHarnessURL): null

2024-08-20 23:30:43 - [TEST_STEP][PASSED] - selenium.type("name=application_id", "635"): null

2024-08-20 23:30:43 - [TEST_STEP][PASSED] - selenium.type("name=message_version", 3".toString()): null

2024-08-20 23:30:43 - [TEST_STEP][PASSED] - genRemIDVoid = RandomStringUtils.random(12, true, true): null

2024-08-20 23:30:43 - [TEST_STEP][PASSED] - selenium.type("name=remittance_id", genRemIDVoid): null

2024-08-20 23:30:43 - [TEST_STEP][PASSED] - selenium.click("css=input.formSubmit"): null

2024-08-20 23:30:43 - [TEST_STEP][PASSED] - selenium.waitForPageToLoad("30000"): null

2024-08-20 23:30:44 - [TEST_STEP][PASSED] - selenium.click("xpath=(//input[@name='paymentMethod'])[2]"): null

2024-08-20 23:30:44 - [TEST_STEP][PASSED] - selenium.click("css=input[type="submit"]"): null

2024-08-20 23:30:45 - [TEST_STEP][PASSED] - selenium.waitForPageToLoad("30000"): null

2024-08-20 23:30:46 - [TEST_STEP][PASSED] - selenium.type("name=amount", 50".toString()): null

2024-08-20 23:30:46 - [TEST_STEP][PASSED] - selenium.type("name=userDefined2", ""): null

2024-08-20 23:30:46 - [TEST_STEP][PASSED] - selenium.type("name=userDefined3", "udf3 data".toString()): null

2024-08-20 23:30:46 - [TEST_STEP][PASSED] - selenium.select("name=variableField4DropdownGroupItemID", "--Select One--"): null

2024-08-20 23:30:46 - [TEST_STEP][PASSED] - selenium.select("name=variableField5DropdownGroupItemID", "label=Tennis"): null

2024-08-20 23:30:46 - [TEST_STEP][PASSED] - selenium.type("name=billingFirstname", "Mike"): null

2024-08-20 23:30:46 - [TEST_STEP][PASSED] - selenium.type("name=billingLastname", "Chingiti"): null

2024-08-20 23:30:46 - [TEST_STEP][PASSED] - selenium.type("id=routingNumber", "256072691"): null

2024-08-20 23:30:46 - [TEST_STEP][PASSED] - selenium.type("id=accountNumber", "11111111"): null

2024-08-20 23:30:46 - [TEST_STEP][PASSED] - selenium.type("id=confirmAccountNumber", "11111111"): null

2024-08-20 23:30:46 - [TEST_STEP][PASSED] - selenium.click("name=accountType"): null

2024-08-20 23:30:46 - [TEST_STEP][PASSED] - selenium.type("name=billingAddress", "104 main road".toString()): null

2024-08-20 23:30:47 - [TEST_STEP][PASSED] - selenium.type("name=billingAddress2", ""): null

2024-08-20 23:30:47 - [TEST_STEP][PASSED] - selenium.type("id=billing-zip-input", "22201"): null

2024-08-20 23:30:47 - [TEST_STEP][PASSED] - selenium.click("id=checkedAcceptCondition"): null

2024-08-20 23:30:47 - [TEST_STEP][PASSED] - verifyTextPresent("By clicking on the provided checkbox, I authorize ABC Company to initiate an electronic debit to my bank account in the amount displayed above. This authorization is to remain in full force and effect unless I provide written notification to Fairfax Dept Tax Administration within an appropriate time frame to allow Fairfax Dept Tax Administration to act on it.", true): Text 'By clicking on the provided checkbox, I authorize ABC Company to initiate an electronic debit to my bank account in the amount displayed above. This authorization is to remain in full force and effect unless I provide written notification to Fairfax Dept Tax Administration within an appropriate time frame to allow Fairfax Dept Tax Administration to act on it.' is present on page  using regular expression

2024-08-20 23:30:47 - [MESSAGE][PASSED] - Text 'By clicking on the provided checkbox, I authorize ABC Company to initiate an electronic debit to my bank account in the amount displayed above. This authorization is to remain in full force and effect unless I provide written notification to Fairfax Dept Tax Administration within an appropriate time frame to allow Fairfax Dept Tax Administration to act on it.' is present on page  using regular expression

2024-08-20 23:30:47 - [TEST_STEP][PASSED] - verifyTextPresent("If my payment is returned unpaid, additional attempts may be made to process the payment, and I will be charged a returned item fee up to the maximum allowed by law. Call the County of Fairfax Department of Tax Administration with any questions regarding this authorization.", true): Text 'If my payment is returned unpaid, additional attempts may be made to process the payment, and I will be charged a returned item fee up to the maximum allowed by law. Call the County of Fairfax Department of Tax Administration with any questions regarding this authorization.' is present on page  using regular expression

2024-08-20 23:30:48 - [MESSAGE][PASSED] - Text 'If my payment is returned unpaid, additional attempts may be made to process the payment, and I will be charged a returned item fee up to the maximum allowed by law. Call the County of Fairfax Department of Tax Administration with any questions regarding this authorization.' is present on page  using regular expression

2024-08-20 23:30:48 - [TEST_STEP][PASSED] - verifyTextPresent("if you do not accept the terms above", true): Text 'if you do not accept the terms above' is present on page  using regular expression

2024-08-20 23:30:48 - [MESSAGE][PASSED] - Text 'if you do not accept the terms above' is present on page  using regular expression

2024-08-20 23:30:48 - [TEST_STEP][PASSED] - selenium.click("name=achSubmit"): null

2024-08-20 23:30:48 - [TEST_STEP][PASSED] - selenium.waitForPageToLoad("30000"): null

2024-08-20 23:30:49 - [TEST_STEP][PASSED] - verifyTextPresent("Please verify the following information:", true): Text 'Please verify the following information:' is present on page  using regular expression

2024-08-20 23:30:49 - [MESSAGE][PASSED] - Text 'Please verify the following information:' is present on page  using regular expression

2024-08-20 23:30:49 - [TEST_STEP][PASSED] - verifyTextPresent("Is this information correct", true): Text 'Is this information correct' is present on page  using regular expression

2024-08-20 23:30:49 - [MESSAGE][PASSED] - Text 'Is this information correct' is present on page  using regular expression

2024-08-20 23:30:49 - [TEST_STEP][PASSED] - verifyTextPresent("If my payment is returned unpaid, additional attempts may be made to process the payment, and I will be charged a returned item fee up to the maximum allowed by law. Call the County of Fairfax Department of Tax Administration with any questions regarding this authorization.", true): Text 'If my payment is returned unpaid, additional attempts may be made to process the payment, and I will be charged a returned item fee up to the maximum allowed by law. Call the County of Fairfax Department of Tax Administration with any questions regarding this authorization.' is present on page  using regular expression

2024-08-20 23:30:50 - [MESSAGE][PASSED] - Text 'If my payment is returned unpaid, additional attempts may be made to process the payment, and I will be charged a returned item fee up to the maximum allowed by law. Call the County of Fairfax Department of Tax Administration with any questions regarding this authorization.' is present on page  using regular expression

2024-08-20 23:30:50 - [TEST_STEP][PASSED] - verifyTextPresent("if you do not accept the terms above", true): Text 'if you do not accept the terms above' is present on page  using regular expression

2024-08-20 23:30:50 - [MESSAGE][PASSED] - Text 'if you do not accept the terms above' is present on page  using regular expression

2024-08-20 23:30:50 - [TEST_STEP][PASSED] - selenium.click("name=confirmNotifyAction"): null

2024-08-20 23:30:50 - [TEST_STEP][PASSED] - selenium.waitForPageToLoad("30000"): null

2024-08-20 23:30:51 - [TEST_STEP][PASSED] - Thread.sleep(8000): null

2024-08-20 23:30:59 - [TEST_STEP][PASSED] - verifyTextPresent("Successful Payment Receipt", true): Text 'Successful Payment Receipt' is present on page  using regular expression

2024-08-20 23:30:59 - [MESSAGE][PASSED] - Text 'Successful Payment Receipt' is present on page  using regular expression

2024-08-20 23:30:59 - [TEST_STEP][PASSED] - println("End Test: TermsAndConditionsPC"): null]]></system-out>
         <system-err><![CDATA[]]></system-err>
      </testcase>
      <system-out><![CDATA[2024-08-20 23:06:46 - [TEST_SUITE][PASSED] - QA_IWP2.3_Regression: Test Cases/IntegratedWeb/IWP23-SelIDE/TermsAndConditionsPC]]></system-out>
      <system-err><![CDATA[]]></system-err>
   </testsuite>
</testsuites>
