<?xml version="1.0" encoding="UTF-8"?>
<testsuites name="VSP-Errors-TestSuite" time="243.302" tests="4" failures="0" errors="0">
   <testsuite name="VSP-Errors-TestSuite" tests="4" failures="0" errors="0" time="243.302" skipped="0" timestamp="2022-05-16 12:14:28" hostname="imtiaz - DESKTOP-B2QI6NS.govolution.com" id="Test Suites/AdminSuiteBootstrap_TestSuite/VSP-Bootstrap/VSP-Errors-TestSuite">
      <properties>
         <property name="deviceName" value=""/>
         <property name="devicePlatform" value=""/>
         <property name="logFolder" value="E:\\Cloned-Project-Katalon\\VPS-Katalon\\Reports\\20220516_112345\\AdminSuiteBootstrap_TestSuite\\VSP-Bootstrap\\VSP-Errors-TestSuite\\20220516_112349"/>
         <property name="logFiles" value="E:\\Cloned-Project-Katalon\\VPS-Katalon\\Reports\\20220516_112345\\AdminSuiteBootstrap_TestSuite\\VSP-Bootstrap\\VSP-Errors-TestSuite\\20220516_112349\\execution0.log"/>
         <property name="attachments" value=""/>
         <property name="hostName" value="imtiaz - DESKTOP-B2QI6NS.govolution.com"/>
         <property name="os" value="Windows 10 64bit"/>
         <property name="katalonVersion" value="8.2.5.208"/>
         <property name="browser" value="Chrome 101.0.4951.54"/>
         <property name="hostAddress" value="192.168.1.87"/>
         <property name="sessionId" value="7f0b655f24aad170ab15344acf1bba5f"/>
         <property name="seleniumVersion" value="3.141.59"/>
         <property name="proxyInformation" value="ProxyInformation { proxyOption=NO_PROXY, proxyServerType=HTTP, username=, password=********, proxyServerAddress=, proxyServerPort=0, executionList=&quot;&quot;, isApplyToDesiredCapabilities=true }"/>
         <property name="platform" value="Windows 10"/>
      </properties>
      <testcase name="Test Cases/Admin Suite Bootstrap/VSP_Error_TestCases/CreateProfile_MRF_Generic_TC" time="30.709" classname="Test Cases/Admin Suite Bootstrap/VSP_Error_TestCases/CreateProfile_MRF_Generic_TC" status="PASSED">
         <system-out><![CDATA[2022-05-16 12:14:28 - [TEST_CASE][PASSED] - Test Cases/Admin Suite Bootstrap/VSP_Error_TestCases/CreateProfile_MRF_Generic_TC: Test Cases/Admin Suite Bootstrap/VSP_Error_TestCases/CreateProfile_MRF_Generic_TC

2022-05-16 12:14:29 - [TEST_STEP][PASSED] - path_Dashboard = "Object Repository/AdminSuiteBootstrap_Pages/Dashboard_Bootstrap/": null

2022-05-16 12:14:29 - [TEST_STEP][PASSED] - path_VT = "Object Repository/AdminSuiteBootstrap_Pages/VT_Bootstrap/IssueTransactions/": null

2022-05-16 12:14:29 - [TEST_STEP][PASSED] - path_CreateProfile = "Object Repository/AdminSuiteBootstrap_Pages/VSP_Bootstrap/CreateProfile/": null

2022-05-16 12:14:29 - [TEST_STEP][PASSED] - path_AddAccount = "Object Repository/AdminSuiteBootstrap_Pages/VSP_Bootstrap/AddAccount/": null

2022-05-16 12:14:29 - [TEST_STEP][PASSED] - path_Add_ACH = "Object Repository/AdminSuiteBootstrap_Pages/VSP_Bootstrap/AddACH/": null

2022-05-16 12:14:29 - [TEST_STEP][PASSED] - path_Add_CC = "Object Repository/AdminSuiteBootstrap_Pages/VSP_Bootstrap/AddCreditCard/": null

2022-05-16 12:14:29 - [TEST_STEP][PASSED] - path_App_Plan = "Object Repository/AdminSuiteBootstrap_Pages/VSP_Bootstrap/AddPaymentPlan/": null

2022-05-16 12:14:29 - [TEST_STEP][PASSED] - path_DeleteProfile = "Object Repository/AdminSuiteBootstrap_Pages/VSP_Bootstrap/DeleteProfile/": null

2022-05-16 12:14:29 - [TEST_STEP][PASSED] - path_ModifyProfile = "Object Repository/AdminSuiteBootstrap_Pages/VSP_Bootstrap/ModifyProfile/": null

2022-05-16 12:14:29 - [TEST_STEP][PASSED] - path_ViewProfile = "Object Repository/AdminSuiteBootstrap_Pages/VSP_Bootstrap/View Profile/": null

2022-05-16 12:14:29 - [TEST_STEP][PASSED] - path_VSPAuth = "Object Repository/AdminSuiteBootstrap_Pages/VSP_Bootstrap/VSP_Auth/": null

2022-05-16 12:14:29 - [TEST_STEP][PASSED] - path_VSPAuthCap = "Object Repository/AdminSuiteBootstrap_Pages/VSP_Bootstrap/VSP_Authcap/": null

2022-05-16 12:14:29 - [TEST_STEP][PASSED] - path_Debit = "Object Repository/AdminSuiteBootstrap_Pages/VSP_Bootstrap/VSP_Debit/": null

2022-05-16 12:14:29 - [TEST_STEP][PASSED] - executionProfile = getExecutionProfile(): null

2022-05-16 12:14:29 - [TEST_STEP][PASSED] - out.println("executionProfile : " + executionProfile): null

2022-05-16 12:14:29 - [TEST_STEP][PASSED] - appName = <not implemented yet for class: org.codehaus.groovy.ast.expr.EmptyExpression>: null

2022-05-16 12:14:29 - [TEST_STEP][PASSED] - appID = <not implemented yet for class: org.codehaus.groovy.ast.expr.EmptyExpression>: null

2022-05-16 12:14:29 - [TEST_STEP][PASSED] - cardNameV = <not implemented yet for class: org.codehaus.groovy.ast.expr.EmptyExpression>: null

2022-05-16 12:14:29 - [TEST_STEP][PASSED] - al1V = <not implemented yet for class: org.codehaus.groovy.ast.expr.EmptyExpression>: null

2022-05-16 12:14:29 - [TEST_STEP][PASSED] - al2V = <not implemented yet for class: org.codehaus.groovy.ast.expr.EmptyExpression>: null

2022-05-16 12:14:29 - [TEST_STEP][PASSED] - zipV = <not implemented yet for class: org.codehaus.groovy.ast.expr.EmptyExpression>: null

2022-05-16 12:14:29 - [TEST_STEP][PASSED] - cardTypeV = <not implemented yet for class: org.codehaus.groovy.ast.expr.EmptyExpression>: null

2022-05-16 12:14:29 - [TEST_STEP][PASSED] - last4V = <not implemented yet for class: org.codehaus.groovy.ast.expr.EmptyExpression>: null

2022-05-16 12:14:29 - [TEST_STEP][PASSED] - resText = "Fail": null

2022-05-16 12:14:29 - [TEST_STEP][PASSED] - switch (executionProfile): null

2022-05-16 12:14:29 - [TEST_STEP][PASSED] - case "DemoProfile":: null

2022-05-16 12:14:29 - [TEST_STEP][PASSED] - appName = "a_Access AutoNoCFtpDemo": null

2022-05-16 12:14:29 - [TEST_STEP][PASSED] - appID = "4249": null

2022-05-16 12:14:29 - [TEST_STEP][PASSED] - break: null

2022-05-16 12:14:29 - [TEST_STEP][PASSED] - adminSuiteBootstrap.loginFunctionality.login_AdminSuite(): adminSuiteBootstrap.loginFunctionality.login_AdminSuite is PASSED

2022-05-16 12:14:29 - [MESSAGE][INFO] - Starting 'Chrome' driver

2022-05-16 12:14:29 - [MESSAGE][INFO] - User set preference: ['acceptInsecureCerts', 'true']

2022-05-16 12:14:30 - [MESSAGE][INFO] - Action delay is set to 0 milliseconds

2022-05-16 12:14:33 - [MESSAGE][PASSED] - Browser is opened with url: 'https://demo.velocitypayment.com/admin/imtiazdemo'

2022-05-16 12:14:33 - [MESSAGE][PASSED] - Current window maximized

2022-05-16 12:14:34 - [MESSAGE][PASSED] - Object 'Object Repository/Login_Page/Login_Username' is present

2022-05-16 12:14:34 - [MESSAGE][PASSED] - Text 'iahmed' is set on object 'Object Repository/Login_Page/Login_Username'

2022-05-16 12:14:35 - [MESSAGE][PASSED] - Text 'hello2222' is set on object 'Object Repository/Login_Page/Login_Password'

2022-05-16 12:14:39 - [MESSAGE][PASSED] - Object: 'Object Repository/Login_Page/Login_Submit' is clicked on

2022-05-16 12:14:39 - [MESSAGE][PASSED] - adminSuiteBootstrap.loginFunctionality.login_AdminSuite is PASSED

2022-05-16 12:14:39 - [TEST_STEP][PASSED] - click(findTestObject(path_Dashboard + appName)): Object: 'Object Repository/AdminSuiteBootstrap_Pages/Dashboard_Bootstrap/a_Access AutoNoCFtpDemo' is clicked on

2022-05-16 12:14:43 - [MESSAGE][PASSED] - Object: 'Object Repository/AdminSuiteBootstrap_Pages/Dashboard_Bootstrap/a_Access AutoNoCFtpDemo' is clicked on

2022-05-16 12:14:43 - [TEST_STEP][PASSED] - click(findTestObject(path_VT + "a_Create")): Object: 'Object Repository/AdminSuiteBootstrap_Pages/VT_Bootstrap/IssueTransactions/a_Create' is clicked on

2022-05-16 12:14:47 - [MESSAGE][PASSED] - Object: 'Object Repository/AdminSuiteBootstrap_Pages/VT_Bootstrap/IssueTransactions/a_Create' is clicked on

2022-05-16 12:14:47 - [TEST_STEP][PASSED] - click(findTestObject(path_CreateProfile + "button_Save")): Object: 'Object Repository/AdminSuiteBootstrap_Pages/VSP_Bootstrap/CreateProfile/button_Save' is clicked on

2022-05-16 12:14:53 - [MESSAGE][PASSED] - Object: 'Object Repository/AdminSuiteBootstrap_Pages/VSP_Bootstrap/CreateProfile/button_Save' is clicked on

2022-05-16 12:14:53 - [TEST_STEP][PASSED] - verifyTextPresent("Please correct the error", true): Text 'Please correct the error' is present on page  using regular expression

2022-05-16 12:14:56 - [MESSAGE][PASSED] - Text 'Please correct the error' is present on page  using regular expression

2022-05-16 12:14:56 - [TEST_STEP][PASSED] - verifyTextPresent("profile name is required", true): Text 'profile name is required' is present on page  using regular expression

2022-05-16 12:14:56 - [MESSAGE][PASSED] - Text 'profile name is required' is present on page  using regular expression

2022-05-16 12:14:56 - [TEST_STEP][PASSED] - verifyTextPresent("Address is required", true): Text 'Address is required' is present on page  using regular expression

2022-05-16 12:14:57 - [MESSAGE][PASSED] - Text 'Address is required' is present on page  using regular expression

2022-05-16 12:14:57 - [TEST_STEP][PASSED] - verifyTextPresent("ZIP Code is required", true): Text 'ZIP Code is required' is present on page  using regular expression

2022-05-16 12:14:57 - [MESSAGE][PASSED] - Text 'ZIP Code is required' is present on page  using regular expression

2022-05-16 12:14:57 - [TEST_STEP][PASSED] - verifyTextPresent("City is required", true): Text 'City is required' is present on page  using regular expression

2022-05-16 12:14:57 - [MESSAGE][PASSED] - Text 'City is required' is present on page  using regular expression

2022-05-16 12:14:57 - [TEST_STEP][PASSED] - verifyTextPresent("State is required", true): Text 'State is required' is present on page  using regular expression

2022-05-16 12:14:58 - [MESSAGE][PASSED] - Text 'State is required' is present on page  using regular expression

2022-05-16 12:14:58 - [TEST_STEP][PASSED] - closeBrowser(): Browser is closed

2022-05-16 12:14:59 - [MESSAGE][PASSED] - Browser is closed]]></system-out>
         <system-err><![CDATA[]]></system-err>
      </testcase>
      <testcase name="Test Cases/Admin Suite Bootstrap/VSP_Error_TestCases/AddCreditCard_MRF_Generic_TC" time="69.869" classname="Test Cases/Admin Suite Bootstrap/VSP_Error_TestCases/AddCreditCard_MRF_Generic_TC" status="PASSED">
         <system-out><![CDATA[2022-05-16 12:14:59 - [TEST_CASE][PASSED] - Test Cases/Admin Suite Bootstrap/VSP_Error_TestCases/AddCreditCard_MRF_Generic_TC: Test Cases/Admin Suite Bootstrap/VSP_Error_TestCases/AddCreditCard_MRF_Generic_TC

2022-05-16 12:14:59 - [TEST_STEP][PASSED] - path_Dashboard = "Object Repository/AdminSuiteBootstrap_Pages/Dashboard_Bootstrap/": null

2022-05-16 12:14:59 - [TEST_STEP][PASSED] - path_VT = "Object Repository/AdminSuiteBootstrap_Pages/VT_Bootstrap/IssueTransactions/": null

2022-05-16 12:14:59 - [TEST_STEP][PASSED] - path_CreateProfile = "Object Repository/AdminSuiteBootstrap_Pages/VSP_Bootstrap/CreateProfile/": null

2022-05-16 12:14:59 - [TEST_STEP][PASSED] - path_AddAccount = "Object Repository/AdminSuiteBootstrap_Pages/VSP_Bootstrap/AddAccount/": null

2022-05-16 12:14:59 - [TEST_STEP][PASSED] - path_Add_ACH = "Object Repository/AdminSuiteBootstrap_Pages/VSP_Bootstrap/AddACH/": null

2022-05-16 12:14:59 - [TEST_STEP][PASSED] - path_Add_CC = "Object Repository/AdminSuiteBootstrap_Pages/VSP_Bootstrap/AddCreditCard/": null

2022-05-16 12:14:59 - [TEST_STEP][PASSED] - path_App_Plan = "Object Repository/AdminSuiteBootstrap_Pages/VSP_Bootstrap/AddPaymentPlan/": null

2022-05-16 12:14:59 - [TEST_STEP][PASSED] - path_DeleteProfile = "Object Repository/AdminSuiteBootstrap_Pages/VSP_Bootstrap/DeleteProfile/": null

2022-05-16 12:14:59 - [TEST_STEP][PASSED] - path_ModifyProfile = "Object Repository/AdminSuiteBootstrap_Pages/VSP_Bootstrap/ModifyProfile/": null

2022-05-16 12:14:59 - [TEST_STEP][PASSED] - path_ViewProfile = "Object Repository/AdminSuiteBootstrap_Pages/VSP_Bootstrap/View Profile/": null

2022-05-16 12:14:59 - [TEST_STEP][PASSED] - path_VSPAuth = "Object Repository/AdminSuiteBootstrap_Pages/VSP_Bootstrap/VSP_Auth/": null

2022-05-16 12:14:59 - [TEST_STEP][PASSED] - path_VSPAuthCap = "Object Repository/AdminSuiteBootstrap_Pages/VSP_Bootstrap/VSP_Authcap/": null

2022-05-16 12:14:59 - [TEST_STEP][PASSED] - path_Debit = "Object Repository/AdminSuiteBootstrap_Pages/VSP_Bootstrap/VSP_Debit/": null

2022-05-16 12:14:59 - [TEST_STEP][PASSED] - path_DeleteProfileConfirm = "Object Repository/AdminSuiteBootstrap_Pages/VSP_Bootstrap/DeleteProfileConfirm/": null

2022-05-16 12:14:59 - [TEST_STEP][PASSED] - executionProfile = getExecutionProfile(): null

2022-05-16 12:14:59 - [TEST_STEP][PASSED] - out.println("executionProfile : " + executionProfile): null

2022-05-16 12:14:59 - [TEST_STEP][PASSED] - appName = <not implemented yet for class: org.codehaus.groovy.ast.expr.EmptyExpression>: null

2022-05-16 12:14:59 - [TEST_STEP][PASSED] - appID = <not implemented yet for class: org.codehaus.groovy.ast.expr.EmptyExpression>: null

2022-05-16 12:14:59 - [TEST_STEP][PASSED] - cardNameV = <not implemented yet for class: org.codehaus.groovy.ast.expr.EmptyExpression>: null

2022-05-16 12:14:59 - [TEST_STEP][PASSED] - al1V = <not implemented yet for class: org.codehaus.groovy.ast.expr.EmptyExpression>: null

2022-05-16 12:14:59 - [TEST_STEP][PASSED] - al2V = <not implemented yet for class: org.codehaus.groovy.ast.expr.EmptyExpression>: null

2022-05-16 12:14:59 - [TEST_STEP][PASSED] - zipV = <not implemented yet for class: org.codehaus.groovy.ast.expr.EmptyExpression>: null

2022-05-16 12:14:59 - [TEST_STEP][PASSED] - cardTypeV = <not implemented yet for class: org.codehaus.groovy.ast.expr.EmptyExpression>: null

2022-05-16 12:14:59 - [TEST_STEP][PASSED] - last4V = <not implemented yet for class: org.codehaus.groovy.ast.expr.EmptyExpression>: null

2022-05-16 12:14:59 - [TEST_STEP][PASSED] - nameSheet = "AddCCUI": null

2022-05-16 12:14:59 - [TEST_STEP][PASSED] - numOfRows = findTestData("QA/Bootstrap/VSP-Profile-TestData/AddCCUI").getRowNumbers(): null

2022-05-16 12:15:00 - [TEST_STEP][PASSED] - println("Number of Records: " + numOfRows): null

2022-05-16 12:15:00 - [TEST_STEP][PASSED] - dataFile = "QA/Bootstrap/VSP-Profile-TestData/AddCCUI": null

2022-05-16 12:15:00 - [TEST_STEP][PASSED] - for ([row = 1, row <= numOfRows, (row++)]): Browser is closed

2022-05-16 12:15:00 - [TEST_STEP][PASSED] - ExecuteTC = findTestData(dataFile).getValue("Execute", row): null

2022-05-16 12:15:00 - [TEST_STEP][PASSED] - out.println("Value of Execute is : " + ExecuteTC): null

2022-05-16 12:15:00 - [TEST_STEP][PASSED] - switch (executionProfile): null

2022-05-16 12:15:00 - [TEST_STEP][PASSED] - case "DemoProfile":: null

2022-05-16 12:15:00 - [TEST_STEP][PASSED] - appName = findTestData(dataFile).getValue("AppNameDemo", row): null

2022-05-16 12:15:01 - [TEST_STEP][PASSED] - appID = findTestData(dataFile).getValue("AppIDDemo", row): null

2022-05-16 12:15:01 - [TEST_STEP][PASSED] - break: null

2022-05-16 12:15:01 - [TEST_STEP][PASSED] - if (ExecuteTC.equalsIgnoreCase("Y")): Browser is closed

2022-05-16 12:15:01 - [TEST_STEP][PASSED] - out.println("Begin Record Number: " + row): null

2022-05-16 12:15:01 - [TEST_STEP][PASSED] - today = new java.util.Date(): null

2022-05-16 12:15:01 - [TEST_STEP][PASSED] - println(today): null

2022-05-16 12:15:01 - [TEST_STEP][PASSED] - datText = today: null

2022-05-16 12:15:01 - [TEST_STEP][PASSED] - adminSuiteBootstrap.loginFunctionality.login_AdminSuite(): adminSuiteBootstrap.loginFunctionality.login_AdminSuite is PASSED

2022-05-16 12:15:01 - [MESSAGE][INFO] - Starting 'Chrome' driver

2022-05-16 12:15:01 - [MESSAGE][INFO] - User set preference: ['acceptInsecureCerts', 'true']

2022-05-16 12:15:01 - [MESSAGE][INFO] - Action delay is set to 0 milliseconds

2022-05-16 12:15:03 - [MESSAGE][PASSED] - Browser is opened with url: 'https://demo.velocitypayment.com/admin/imtiazdemo'

2022-05-16 12:15:03 - [MESSAGE][PASSED] - Current window maximized

2022-05-16 12:15:04 - [MESSAGE][PASSED] - Object 'Object Repository/Login_Page/Login_Username' is present

2022-05-16 12:15:04 - [MESSAGE][PASSED] - Text 'iahmed' is set on object 'Object Repository/Login_Page/Login_Username'

2022-05-16 12:15:05 - [MESSAGE][PASSED] - Text 'hello2222' is set on object 'Object Repository/Login_Page/Login_Password'

2022-05-16 12:15:09 - [MESSAGE][PASSED] - Object: 'Object Repository/Login_Page/Login_Submit' is clicked on

2022-05-16 12:15:09 - [MESSAGE][PASSED] - adminSuiteBootstrap.loginFunctionality.login_AdminSuite is PASSED

2022-05-16 12:15:09 - [TEST_STEP][PASSED] - click(findTestObject(path_Dashboard + appName)): Object: 'Object Repository/AdminSuiteBootstrap_Pages/Dashboard_Bootstrap/a_Access AutoNoCFtpDemo' is clicked on

2022-05-16 12:15:12 - [MESSAGE][PASSED] - Object: 'Object Repository/AdminSuiteBootstrap_Pages/Dashboard_Bootstrap/a_Access AutoNoCFtpDemo' is clicked on

2022-05-16 12:15:12 - [TEST_STEP][PASSED] - click(findTestObject(path_VT + "a_Create")): Object: 'Object Repository/AdminSuiteBootstrap_Pages/VT_Bootstrap/IssueTransactions/a_Create' is clicked on

2022-05-16 12:15:15 - [MESSAGE][PASSED] - Object: 'Object Repository/AdminSuiteBootstrap_Pages/VT_Bootstrap/IssueTransactions/a_Create' is clicked on

2022-05-16 12:15:15 - [TEST_STEP][PASSED] - vspBootstrap.CreateProfilePage.setDataONLYCreateProfile(row, dataFile): vspBootstrap.CreateProfilePage.setDataONLYCreateProfile is PASSED

2022-05-16 12:15:18 - [MESSAGE][PASSED] - Text '22201' is set on object 'Object Repository/AdminSuiteBootstrap_Pages/VSP_Bootstrap/CreateProfile/input_PostalCode'

2022-05-16 12:15:19 - [MESSAGE][PASSED] - Text 'GvhyTJUdAfAD' is set on object 'Object Repository/AdminSuiteBootstrap_Pages/VSP_Bootstrap/CreateProfile/input_profileName'

2022-05-16 12:15:21 - [MESSAGE][PASSED] - Text '' is set on object 'Object Repository/AdminSuiteBootstrap_Pages/VSP_Bootstrap/CreateProfile/input_CompanyName'

2022-05-16 12:15:22 - [MESSAGE][PASSED] - All options with label '' are selected in object 'Object Repository/AdminSuiteBootstrap_Pages/VSP_Bootstrap/CreateProfile/select_Title'  using regular expression

2022-05-16 12:15:23 - [MESSAGE][PASSED] - Text '' is set on object 'Object Repository/AdminSuiteBootstrap_Pages/VSP_Bootstrap/CreateProfile/input_FirstName'

2022-05-16 12:15:24 - [MESSAGE][PASSED] - Text '' is set on object 'Object Repository/AdminSuiteBootstrap_Pages/VSP_Bootstrap/CreateProfile/input_MiddleName'

2022-05-16 12:15:24 - [MESSAGE][PASSED] - Text '' is set on object 'Object Repository/AdminSuiteBootstrap_Pages/VSP_Bootstrap/CreateProfile/input_LastName'

2022-05-16 12:15:25 - [MESSAGE][PASSED] - All options with label '' are selected in object 'Object Repository/AdminSuiteBootstrap_Pages/VSP_Bootstrap/CreateProfile/select_Suffix'  using regular expression

2022-05-16 12:15:26 - [MESSAGE][PASSED] - Text '15 Toledo Road' is set on object 'Object Repository/AdminSuiteBootstrap_Pages/VSP_Bootstrap/CreateProfile/input_address1'

2022-05-16 12:15:27 - [MESSAGE][PASSED] - Text '' is set on object 'Object Repository/AdminSuiteBootstrap_Pages/VSP_Bootstrap/CreateProfile/input_AddressLine2'

2022-05-16 12:15:28 - [MESSAGE][PASSED] - Text '' is set on object 'Object Repository/AdminSuiteBootstrap_Pages/VSP_Bootstrap/CreateProfile/input_PostalCodeExt'

2022-05-16 12:15:28 - [MESSAGE][PASSED] - Text '' is set on object 'Object Repository/AdminSuiteBootstrap_Pages/VSP_Bootstrap/CreateProfile/input_EmaiAddress'

2022-05-16 12:15:29 - [MESSAGE][PASSED] - Text '' is set on object 'Object Repository/AdminSuiteBootstrap_Pages/VSP_Bootstrap/CreateProfile/input_HomePhoneNumber_HomeAreaCode'

2022-05-16 12:15:30 - [MESSAGE][PASSED] - Text '' is set on object 'Object Repository/AdminSuiteBootstrap_Pages/VSP_Bootstrap/CreateProfile/input_homePrefixNumber'

2022-05-16 12:15:30 - [MESSAGE][PASSED] - Text '' is set on object 'Object Repository/AdminSuiteBootstrap_Pages/VSP_Bootstrap/CreateProfile/input_homeSuffixNumber'

2022-05-16 12:15:31 - [MESSAGE][PASSED] - Text '' is set on object 'Object Repository/AdminSuiteBootstrap_Pages/VSP_Bootstrap/CreateProfile/input_MobilePhoneNumber_mobileAreaCode'

2022-05-16 12:15:31 - [MESSAGE][PASSED] - Text '' is set on object 'Object Repository/AdminSuiteBootstrap_Pages/VSP_Bootstrap/CreateProfile/input_mobilePrefixNumber'

2022-05-16 12:15:32 - [MESSAGE][PASSED] - Text '' is set on object 'Object Repository/AdminSuiteBootstrap_Pages/VSP_Bootstrap/CreateProfile/input_mobileSuffixNumber'

2022-05-16 12:15:33 - [MESSAGE][PASSED] - Text '' is set on object 'Object Repository/AdminSuiteBootstrap_Pages/VSP_Bootstrap/CreateProfile/input_WorkPhoneNumber_workAreaCode'

2022-05-16 12:15:33 - [MESSAGE][PASSED] - Text '' is set on object 'Object Repository/AdminSuiteBootstrap_Pages/VSP_Bootstrap/CreateProfile/input_workPrefixNumber'

2022-05-16 12:15:34 - [MESSAGE][PASSED] - Text '' is set on object 'Object Repository/AdminSuiteBootstrap_Pages/VSP_Bootstrap/CreateProfile/input_workSuffixNumber'

2022-05-16 12:15:35 - [MESSAGE][PASSED] - Text '' is set on object 'Object Repository/AdminSuiteBootstrap_Pages/VSP_Bootstrap/CreateProfile/input_Ext_workExtension'

2022-05-16 12:15:35 - [MESSAGE][PASSED] - Text '' is set on object 'Object Repository/AdminSuiteBootstrap_Pages/VSP_Bootstrap/CreateProfile/textarea_NotesComments_note'

2022-05-16 12:15:35 - [MESSAGE][PASSED] - vspBootstrap.CreateProfilePage.setDataONLYCreateProfile is PASSED

2022-05-16 12:15:35 - [TEST_STEP][PASSED] - click(findTestObject(path_CreateProfile + "button_Save  Add Credit Card")): Object: 'Object Repository/AdminSuiteBootstrap_Pages/VSP_Bootstrap/CreateProfile/button_Save  Add Credit Card' is clicked on

2022-05-16 12:15:41 - [MESSAGE][PASSED] - Object: 'Object Repository/AdminSuiteBootstrap_Pages/VSP_Bootstrap/CreateProfile/button_Save  Add Credit Card' is clicked on

2022-05-16 12:15:41 - [TEST_STEP][PASSED] - verifyTextPresent("Profile successfully created", true): Text 'Profile successfully created' is present on page  using regular expression

2022-05-16 12:15:44 - [MESSAGE][PASSED] - Text 'Profile successfully created' is present on page  using regular expression

2022-05-16 12:15:44 - [TEST_STEP][PASSED] - click(findTestObject(path_Add_CC + "button_Create")): Object: 'Object Repository/AdminSuiteBootstrap_Pages/VSP_Bootstrap/AddCreditCard/button_Create' is clicked on

2022-05-16 12:15:47 - [MESSAGE][PASSED] - Object: 'Object Repository/AdminSuiteBootstrap_Pages/VSP_Bootstrap/AddCreditCard/button_Create' is clicked on

2022-05-16 12:15:47 - [TEST_STEP][PASSED] - verifyTextPresent("Please correct the error", true): Text 'Please correct the error' is present on page  using regular expression

2022-05-16 12:15:50 - [MESSAGE][PASSED] - Text 'Please correct the error' is present on page  using regular expression

2022-05-16 12:15:50 - [TEST_STEP][PASSED] - verifyTextPresent("A customer's first name is required", true): Text 'A customer's first name is required' is present on page  using regular expression

2022-05-16 12:15:50 - [MESSAGE][PASSED] - Text 'A customer's first name is required' is present on page  using regular expression

2022-05-16 12:15:50 - [TEST_STEP][PASSED] - verifyTextPresent("A customer's last name is required", true): Text 'A customer's last name is required' is present on page  using regular expression

2022-05-16 12:15:51 - [MESSAGE][PASSED] - Text 'A customer's last name is required' is present on page  using regular expression

2022-05-16 12:15:51 - [TEST_STEP][PASSED] - verifyTextPresent("Nickname is required", true): Text 'Nickname is required' is present on page  using regular expression

2022-05-16 12:15:51 - [MESSAGE][PASSED] - Text 'Nickname is required' is present on page  using regular expression

2022-05-16 12:15:51 - [TEST_STEP][PASSED] - verifyTextPresent("Card number length invalid", true): Text 'Card number length invalid' is present on page  using regular expression

2022-05-16 12:15:52 - [MESSAGE][PASSED] - Text 'Card number length invalid' is present on page  using regular expression

2022-05-16 12:15:52 - [TEST_STEP][PASSED] - verifyTextPresent("Invalid expiration date", true): Text 'Invalid expiration date' is present on page  using regular expression

2022-05-16 12:15:52 - [MESSAGE][PASSED] - Text 'Invalid expiration date' is present on page  using regular expression

2022-05-16 12:15:52 - [TEST_STEP][PASSED] - click(findTestObject(path_Add_CC + "button_Cancel")): Object: 'Object Repository/AdminSuiteBootstrap_Pages/VSP_Bootstrap/AddCreditCard/button_Cancel' is clicked on

2022-05-16 12:15:58 - [MESSAGE][PASSED] - Object: 'Object Repository/AdminSuiteBootstrap_Pages/VSP_Bootstrap/AddCreditCard/button_Cancel' is clicked on

2022-05-16 12:15:58 - [TEST_STEP][PASSED] - click(findTestObject(path_ViewProfile + "a_Delete Profile")): Object: 'Object Repository/AdminSuiteBootstrap_Pages/VSP_Bootstrap/View Profile/a_Delete Profile' is clicked on

2022-05-16 12:16:01 - [MESSAGE][PASSED] - Object: 'Object Repository/AdminSuiteBootstrap_Pages/VSP_Bootstrap/View Profile/a_Delete Profile' is clicked on

2022-05-16 12:16:01 - [TEST_STEP][PASSED] - verifyTextPresent("This will delete all of the following information. Are you sure you want to do this?", true): Text 'This will delete all of the following information. Are you sure you want to do this?' is present on page  using regular expression

2022-05-16 12:16:02 - [MESSAGE][PASSED] - Text 'This will delete all of the following information. Are you sure you want to do this?' is present on page  using regular expression

2022-05-16 12:16:02 - [TEST_STEP][PASSED] - click(findTestObject(path_DeleteProfileConfirm + "button_Delete")): Object: 'Object Repository/AdminSuiteBootstrap_Pages/VSP_Bootstrap/DeleteProfileConfirm/button_Delete' is clicked on

2022-05-16 12:16:07 - [MESSAGE][PASSED] - Object: 'Object Repository/AdminSuiteBootstrap_Pages/VSP_Bootstrap/DeleteProfileConfirm/button_Delete' is clicked on

2022-05-16 12:16:07 - [TEST_STEP][PASSED] - verifyTextPresent("No Search String", true): Text 'No Search String' is present on page  using regular expression

2022-05-16 12:16:07 - [MESSAGE][PASSED] - Text 'No Search String' is present on page  using regular expression

2022-05-16 12:16:07 - [TEST_STEP][PASSED] - verifyTextPresent("You must provide a search string of at least 2 characters", true): Text 'You must provide a search string of at least 2 characters' is present on page  using regular expression

2022-05-16 12:16:08 - [MESSAGE][PASSED] - Text 'You must provide a search string of at least 2 characters' is present on page  using regular expression

2022-05-16 12:16:08 - [TEST_STEP][PASSED] - closeBrowser(): Browser is closed

2022-05-16 12:16:09 - [MESSAGE][PASSED] - Browser is closed]]></system-out>
         <system-err><![CDATA[]]></system-err>
      </testcase>
      <testcase name="Test Cases/Admin Suite Bootstrap/VSP_Error_TestCases/AddCorp_MRF_Generic_TC" time="77.046" classname="Test Cases/Admin Suite Bootstrap/VSP_Error_TestCases/AddCorp_MRF_Generic_TC" status="PASSED">
         <system-out><![CDATA[2022-05-16 12:16:09 - [TEST_CASE][PASSED] - Test Cases/Admin Suite Bootstrap/VSP_Error_TestCases/AddCorp_MRF_Generic_TC: Test Cases/Admin Suite Bootstrap/VSP_Error_TestCases/AddCorp_MRF_Generic_TC

2022-05-16 12:16:09 - [TEST_STEP][PASSED] - path_Dashboard = "Object Repository/AdminSuiteBootstrap_Pages/Dashboard_Bootstrap/": null

2022-05-16 12:16:09 - [TEST_STEP][PASSED] - path_VT = "Object Repository/AdminSuiteBootstrap_Pages/VT_Bootstrap/IssueTransactions/": null

2022-05-16 12:16:09 - [TEST_STEP][PASSED] - path_CreateProfile = "Object Repository/AdminSuiteBootstrap_Pages/VSP_Bootstrap/CreateProfile/": null

2022-05-16 12:16:09 - [TEST_STEP][PASSED] - path_AddAccount = "Object Repository/AdminSuiteBootstrap_Pages/VSP_Bootstrap/AddAccount/": null

2022-05-16 12:16:09 - [TEST_STEP][PASSED] - path_Add_ACH = "Object Repository/AdminSuiteBootstrap_Pages/VSP_Bootstrap/AddACH/": null

2022-05-16 12:16:09 - [TEST_STEP][PASSED] - path_Add_CC = "Object Repository/AdminSuiteBootstrap_Pages/VSP_Bootstrap/AddCreditCard/": null

2022-05-16 12:16:09 - [TEST_STEP][PASSED] - path_App_Plan = "Object Repository/AdminSuiteBootstrap_Pages/VSP_Bootstrap/AddPaymentPlan/": null

2022-05-16 12:16:09 - [TEST_STEP][PASSED] - path_DeleteProfile = "Object Repository/AdminSuiteBootstrap_Pages/VSP_Bootstrap/DeleteProfile/": null

2022-05-16 12:16:09 - [TEST_STEP][PASSED] - path_ModifyProfile = "Object Repository/AdminSuiteBootstrap_Pages/VSP_Bootstrap/ModifyProfile/": null

2022-05-16 12:16:09 - [TEST_STEP][PASSED] - path_ViewProfile = "Object Repository/AdminSuiteBootstrap_Pages/VSP_Bootstrap/View Profile/": null

2022-05-16 12:16:09 - [TEST_STEP][PASSED] - path_VSPAuth = "Object Repository/AdminSuiteBootstrap_Pages/VSP_Bootstrap/VSP_Auth/": null

2022-05-16 12:16:09 - [TEST_STEP][PASSED] - path_VSPAuthCap = "Object Repository/AdminSuiteBootstrap_Pages/VSP_Bootstrap/VSP_Authcap/": null

2022-05-16 12:16:09 - [TEST_STEP][PASSED] - path_Debit = "Object Repository/AdminSuiteBootstrap_Pages/VSP_Bootstrap/VSP_Debit/": null

2022-05-16 12:16:09 - [TEST_STEP][PASSED] - path_DeleteProfileConfirm = "Object Repository/AdminSuiteBootstrap_Pages/VSP_Bootstrap/DeleteProfileConfirm/": null

2022-05-16 12:16:09 - [TEST_STEP][PASSED] - executionProfile = getExecutionProfile(): null

2022-05-16 12:16:09 - [TEST_STEP][PASSED] - out.println("executionProfile : " + executionProfile): null

2022-05-16 12:16:09 - [TEST_STEP][PASSED] - appName = <not implemented yet for class: org.codehaus.groovy.ast.expr.EmptyExpression>: null

2022-05-16 12:16:09 - [TEST_STEP][PASSED] - appID = <not implemented yet for class: org.codehaus.groovy.ast.expr.EmptyExpression>: null

2022-05-16 12:16:09 - [TEST_STEP][PASSED] - cardNameV = <not implemented yet for class: org.codehaus.groovy.ast.expr.EmptyExpression>: null

2022-05-16 12:16:09 - [TEST_STEP][PASSED] - al1V = <not implemented yet for class: org.codehaus.groovy.ast.expr.EmptyExpression>: null

2022-05-16 12:16:09 - [TEST_STEP][PASSED] - al2V = <not implemented yet for class: org.codehaus.groovy.ast.expr.EmptyExpression>: null

2022-05-16 12:16:09 - [TEST_STEP][PASSED] - zipV = <not implemented yet for class: org.codehaus.groovy.ast.expr.EmptyExpression>: null

2022-05-16 12:16:09 - [TEST_STEP][PASSED] - cardTypeV = <not implemented yet for class: org.codehaus.groovy.ast.expr.EmptyExpression>: null

2022-05-16 12:16:09 - [TEST_STEP][PASSED] - last4V = <not implemented yet for class: org.codehaus.groovy.ast.expr.EmptyExpression>: null

2022-05-16 12:16:09 - [TEST_STEP][PASSED] - nameSheet = "AddACHMRF": null

2022-05-16 12:16:09 - [TEST_STEP][PASSED] - numOfRows = findTestData("QA/Bootstrap/VSP-Profile-TestData/AddACHMRF").getRowNumbers(): null

2022-05-16 12:16:09 - [TEST_STEP][PASSED] - println("Number of Records: " + numOfRows): null

2022-05-16 12:16:09 - [TEST_STEP][PASSED] - dataFile = "QA/Bootstrap/VSP-Profile-TestData/AddACHMRF": null

2022-05-16 12:16:09 - [TEST_STEP][PASSED] - for ([row = 1, row <= numOfRows, (row++)]): Browser is closed

2022-05-16 12:16:09 - [TEST_STEP][PASSED] - ExecuteTC = findTestData(dataFile).getValue("Execute", row): null

2022-05-16 12:16:09 - [TEST_STEP][PASSED] - out.println("Value of Execute is : " + ExecuteTC): null

2022-05-16 12:16:09 - [TEST_STEP][PASSED] - switch (executionProfile): null

2022-05-16 12:16:09 - [TEST_STEP][PASSED] - case "DemoProfile":: null

2022-05-16 12:16:09 - [TEST_STEP][PASSED] - appName = findTestData(dataFile).getValue("AppNameDemo", row): null

2022-05-16 12:16:09 - [TEST_STEP][PASSED] - appID = findTestData(dataFile).getValue("AppIDDemo", row): null

2022-05-16 12:16:10 - [TEST_STEP][PASSED] - break: null

2022-05-16 12:16:10 - [TEST_STEP][PASSED] - if (ExecuteTC.equalsIgnoreCase("Y")): Browser is closed

2022-05-16 12:16:10 - [TEST_STEP][PASSED] - out.println("Begin Record Number: " + row): null

2022-05-16 12:16:10 - [TEST_STEP][PASSED] - today = new java.util.Date(): null

2022-05-16 12:16:10 - [TEST_STEP][PASSED] - println(today): null

2022-05-16 12:16:10 - [TEST_STEP][PASSED] - datText = today: null

2022-05-16 12:16:10 - [TEST_STEP][PASSED] - adminSuiteBootstrap.loginFunctionality.login_AdminSuite(): adminSuiteBootstrap.loginFunctionality.login_AdminSuite is PASSED

2022-05-16 12:16:10 - [MESSAGE][INFO] - Starting 'Chrome' driver

2022-05-16 12:16:10 - [MESSAGE][INFO] - User set preference: ['acceptInsecureCerts', 'true']

2022-05-16 12:16:10 - [MESSAGE][INFO] - Action delay is set to 0 milliseconds

2022-05-16 12:16:12 - [MESSAGE][PASSED] - Browser is opened with url: 'https://demo.velocitypayment.com/admin/imtiazdemo'

2022-05-16 12:16:12 - [MESSAGE][PASSED] - Current window maximized

2022-05-16 12:16:12 - [MESSAGE][PASSED] - Object 'Object Repository/Login_Page/Login_Username' is present

2022-05-16 12:16:13 - [MESSAGE][PASSED] - Text 'iahmed' is set on object 'Object Repository/Login_Page/Login_Username'

2022-05-16 12:16:14 - [MESSAGE][PASSED] - Text 'hello2222' is set on object 'Object Repository/Login_Page/Login_Password'

2022-05-16 12:16:17 - [MESSAGE][PASSED] - Object: 'Object Repository/Login_Page/Login_Submit' is clicked on

2022-05-16 12:16:17 - [MESSAGE][PASSED] - adminSuiteBootstrap.loginFunctionality.login_AdminSuite is PASSED

2022-05-16 12:16:17 - [TEST_STEP][PASSED] - click(findTestObject(path_Dashboard + appName)): Object: 'Object Repository/AdminSuiteBootstrap_Pages/Dashboard_Bootstrap/a_Access AutoNoCFtpDemo' is clicked on

2022-05-16 12:16:19 - [MESSAGE][PASSED] - Object: 'Object Repository/AdminSuiteBootstrap_Pages/Dashboard_Bootstrap/a_Access AutoNoCFtpDemo' is clicked on

2022-05-16 12:16:19 - [TEST_STEP][PASSED] - click(findTestObject(path_VT + "a_Create")): Object: 'Object Repository/AdminSuiteBootstrap_Pages/VT_Bootstrap/IssueTransactions/a_Create' is clicked on

2022-05-16 12:16:22 - [MESSAGE][PASSED] - Object: 'Object Repository/AdminSuiteBootstrap_Pages/VT_Bootstrap/IssueTransactions/a_Create' is clicked on

2022-05-16 12:16:22 - [TEST_STEP][PASSED] - vspBootstrap.CreateProfilePage.setDataCreateProfile(row, dataFile): vspBootstrap.CreateProfilePage.setDataCreateProfile is PASSED

2022-05-16 12:16:25 - [MESSAGE][PASSED] - Text '22201' is set on object 'Object Repository/AdminSuiteBootstrap_Pages/VSP_Bootstrap/CreateProfile/input_PostalCode'

2022-05-16 12:16:25 - [MESSAGE][PASSED] - Text 'lQb1BKu7lW0m' is set on object 'Object Repository/AdminSuiteBootstrap_Pages/VSP_Bootstrap/CreateProfile/input_profileName'

2022-05-16 12:16:28 - [MESSAGE][PASSED] - Text '' is set on object 'Object Repository/AdminSuiteBootstrap_Pages/VSP_Bootstrap/CreateProfile/input_CompanyName'

2022-05-16 12:16:28 - [MESSAGE][PASSED] - All options with label '' are selected in object 'Object Repository/AdminSuiteBootstrap_Pages/VSP_Bootstrap/CreateProfile/select_Title'  using regular expression

2022-05-16 12:16:29 - [MESSAGE][PASSED] - Text '' is set on object 'Object Repository/AdminSuiteBootstrap_Pages/VSP_Bootstrap/CreateProfile/input_FirstName'

2022-05-16 12:16:30 - [MESSAGE][PASSED] - Text '' is set on object 'Object Repository/AdminSuiteBootstrap_Pages/VSP_Bootstrap/CreateProfile/input_MiddleName'

2022-05-16 12:16:30 - [MESSAGE][PASSED] - Text '' is set on object 'Object Repository/AdminSuiteBootstrap_Pages/VSP_Bootstrap/CreateProfile/input_LastName'

2022-05-16 12:16:31 - [MESSAGE][PASSED] - All options with label '' are selected in object 'Object Repository/AdminSuiteBootstrap_Pages/VSP_Bootstrap/CreateProfile/select_Suffix'  using regular expression

2022-05-16 12:16:32 - [MESSAGE][PASSED] - Text '15 Toledo Road' is set on object 'Object Repository/AdminSuiteBootstrap_Pages/VSP_Bootstrap/CreateProfile/input_address1'

2022-05-16 12:16:33 - [MESSAGE][PASSED] - Text '' is set on object 'Object Repository/AdminSuiteBootstrap_Pages/VSP_Bootstrap/CreateProfile/input_AddressLine2'

2022-05-16 12:16:33 - [MESSAGE][PASSED] - Text '' is set on object 'Object Repository/AdminSuiteBootstrap_Pages/VSP_Bootstrap/CreateProfile/input_PostalCodeExt'

2022-05-16 12:16:34 - [MESSAGE][PASSED] - Text '' is set on object 'Object Repository/AdminSuiteBootstrap_Pages/VSP_Bootstrap/CreateProfile/input_EmaiAddress'

2022-05-16 12:16:35 - [MESSAGE][PASSED] - Text '' is set on object 'Object Repository/AdminSuiteBootstrap_Pages/VSP_Bootstrap/CreateProfile/input_HomePhoneNumber_HomeAreaCode'

2022-05-16 12:16:35 - [MESSAGE][PASSED] - Text '' is set on object 'Object Repository/AdminSuiteBootstrap_Pages/VSP_Bootstrap/CreateProfile/input_homePrefixNumber'

2022-05-16 12:16:36 - [MESSAGE][PASSED] - Text '' is set on object 'Object Repository/AdminSuiteBootstrap_Pages/VSP_Bootstrap/CreateProfile/input_homeSuffixNumber'

2022-05-16 12:16:37 - [MESSAGE][PASSED] - Text '' is set on object 'Object Repository/AdminSuiteBootstrap_Pages/VSP_Bootstrap/CreateProfile/input_MobilePhoneNumber_mobileAreaCode'

2022-05-16 12:16:37 - [MESSAGE][PASSED] - Text '' is set on object 'Object Repository/AdminSuiteBootstrap_Pages/VSP_Bootstrap/CreateProfile/input_mobilePrefixNumber'

2022-05-16 12:16:38 - [MESSAGE][PASSED] - Text '' is set on object 'Object Repository/AdminSuiteBootstrap_Pages/VSP_Bootstrap/CreateProfile/input_mobileSuffixNumber'

2022-05-16 12:16:38 - [MESSAGE][PASSED] - Text '' is set on object 'Object Repository/AdminSuiteBootstrap_Pages/VSP_Bootstrap/CreateProfile/input_WorkPhoneNumber_workAreaCode'

2022-05-16 12:16:39 - [MESSAGE][PASSED] - Text '' is set on object 'Object Repository/AdminSuiteBootstrap_Pages/VSP_Bootstrap/CreateProfile/input_workPrefixNumber'

2022-05-16 12:16:40 - [MESSAGE][PASSED] - Text '' is set on object 'Object Repository/AdminSuiteBootstrap_Pages/VSP_Bootstrap/CreateProfile/input_workSuffixNumber'

2022-05-16 12:16:40 - [MESSAGE][PASSED] - Text '' is set on object 'Object Repository/AdminSuiteBootstrap_Pages/VSP_Bootstrap/CreateProfile/input_Ext_workExtension'

2022-05-16 12:16:41 - [MESSAGE][PASSED] - Text '' is set on object 'Object Repository/AdminSuiteBootstrap_Pages/VSP_Bootstrap/CreateProfile/textarea_NotesComments_note'

2022-05-16 12:16:48 - [MESSAGE][PASSED] - Object: 'Object Repository/AdminSuiteBootstrap_Pages/VSP_Bootstrap/CreateProfile/button_Save' is clicked on

2022-05-16 12:16:48 - [MESSAGE][PASSED] - vspBootstrap.CreateProfilePage.setDataCreateProfile is PASSED

2022-05-16 12:16:48 - [TEST_STEP][PASSED] - verifyTextPresent("Profile successfully created", true): Text 'Profile successfully created' is present on page  using regular expression

2022-05-16 12:16:49 - [MESSAGE][PASSED] - Text 'Profile successfully created' is present on page  using regular expression

2022-05-16 12:16:49 - [TEST_STEP][PASSED] - click(findTestObject(path_ViewProfile + "button_Add ACH")): Object: 'Object Repository/AdminSuiteBootstrap_Pages/VSP_Bootstrap/View Profile/button_Add ACH' is clicked on

2022-05-16 12:16:53 - [MESSAGE][PASSED] - Object: 'Object Repository/AdminSuiteBootstrap_Pages/VSP_Bootstrap/View Profile/button_Add ACH' is clicked on

2022-05-16 12:16:53 - [TEST_STEP][PASSED] - delay(5): Delayed 5 second(s)

2022-05-16 12:16:58 - [MESSAGE][PASSED] - Delayed 5 second(s)

2022-05-16 12:16:58 - [TEST_STEP][PASSED] - click(findTestObject(path_Add_ACH + "button_Create")): Object: 'Object Repository/AdminSuiteBootstrap_Pages/VSP_Bootstrap/AddACH/button_Create' is clicked on

2022-05-16 12:17:02 - [MESSAGE][PASSED] - Object: 'Object Repository/AdminSuiteBootstrap_Pages/VSP_Bootstrap/AddACH/button_Create' is clicked on

2022-05-16 12:17:02 - [TEST_STEP][PASSED] - verifyTextPresent("Please correct the error", true): Text 'Please correct the error' is present on page  using regular expression

2022-05-16 12:17:04 - [MESSAGE][PASSED] - Text 'Please correct the error' is present on page  using regular expression

2022-05-16 12:17:04 - [TEST_STEP][PASSED] - verifyTextPresent("A customer's first name is required", true): Text 'A customer's first name is required' is present on page  using regular expression

2022-05-16 12:17:05 - [MESSAGE][PASSED] - Text 'A customer's first name is required' is present on page  using regular expression

2022-05-16 12:17:05 - [TEST_STEP][PASSED] - verifyTextPresent("A customer's last name is required", true): Text 'A customer's last name is required' is present on page  using regular expression

2022-05-16 12:17:05 - [MESSAGE][PASSED] - Text 'A customer's last name is required' is present on page  using regular expression

2022-05-16 12:17:05 - [TEST_STEP][PASSED] - verifyTextPresent("Nickname is required", true): Text 'Nickname is required' is present on page  using regular expression

2022-05-16 12:17:06 - [MESSAGE][PASSED] - Text 'Nickname is required' is present on page  using regular expression

2022-05-16 12:17:06 - [TEST_STEP][PASSED] - verifyTextPresent("Must provide a payment type", true): Text 'Must provide a payment type' is present on page  using regular expression

2022-05-16 12:17:06 - [MESSAGE][PASSED] - Text 'Must provide a payment type' is present on page  using regular expression

2022-05-16 12:17:06 - [TEST_STEP][PASSED] - verifyTextPresent("RTN length invalid  Invalid Routing Transit Number", true): Text 'RTN length invalid  Invalid Routing Transit Number' is present on page  using regular expression

2022-05-16 12:17:06 - [MESSAGE][PASSED] - Text 'RTN length invalid  Invalid Routing Transit Number' is present on page  using regular expression

2022-05-16 12:17:06 - [TEST_STEP][PASSED] - verifyTextPresent("Account Number is required", true): Text 'Account Number is required' is present on page  using regular expression

2022-05-16 12:17:07 - [MESSAGE][PASSED] - Text 'Account Number is required' is present on page  using regular expression

2022-05-16 12:17:07 - [TEST_STEP][PASSED] - click(findTestObject(path_Add_ACH + "button_Cancel")): Object: 'Object Repository/AdminSuiteBootstrap_Pages/VSP_Bootstrap/AddACH/button_Cancel' is clicked on

2022-05-16 12:17:13 - [MESSAGE][PASSED] - Object: 'Object Repository/AdminSuiteBootstrap_Pages/VSP_Bootstrap/AddACH/button_Cancel' is clicked on

2022-05-16 12:17:13 - [TEST_STEP][PASSED] - click(findTestObject(path_ViewProfile + "a_Delete Profile")): Object: 'Object Repository/AdminSuiteBootstrap_Pages/VSP_Bootstrap/View Profile/a_Delete Profile' is clicked on

2022-05-16 12:17:18 - [MESSAGE][PASSED] - Object: 'Object Repository/AdminSuiteBootstrap_Pages/VSP_Bootstrap/View Profile/a_Delete Profile' is clicked on

2022-05-16 12:17:18 - [TEST_STEP][PASSED] - verifyTextPresent("This will delete all of the following information. Are you sure you want to do this?", true): Text 'This will delete all of the following information. Are you sure you want to do this?' is present on page  using regular expression

2022-05-16 12:17:18 - [MESSAGE][PASSED] - Text 'This will delete all of the following information. Are you sure you want to do this?' is present on page  using regular expression

2022-05-16 12:17:18 - [TEST_STEP][PASSED] - click(findTestObject(path_DeleteProfileConfirm + "button_Delete")): Object: 'Object Repository/AdminSuiteBootstrap_Pages/VSP_Bootstrap/DeleteProfileConfirm/button_Delete' is clicked on

2022-05-16 12:17:24 - [MESSAGE][PASSED] - Object: 'Object Repository/AdminSuiteBootstrap_Pages/VSP_Bootstrap/DeleteProfileConfirm/button_Delete' is clicked on

2022-05-16 12:17:24 - [TEST_STEP][PASSED] - verifyTextPresent("No Search String", true): Text 'No Search String' is present on page  using regular expression

2022-05-16 12:17:25 - [MESSAGE][PASSED] - Text 'No Search String' is present on page  using regular expression

2022-05-16 12:17:25 - [TEST_STEP][PASSED] - verifyTextPresent("You must provide a search string of at least 2 characters", true): Text 'You must provide a search string of at least 2 characters' is present on page  using regular expression

2022-05-16 12:17:25 - [MESSAGE][PASSED] - Text 'You must provide a search string of at least 2 characters' is present on page  using regular expression

2022-05-16 12:17:25 - [TEST_STEP][PASSED] - closeBrowser(): Browser is closed

2022-05-16 12:17:26 - [MESSAGE][PASSED] - Browser is closed]]></system-out>
         <system-err><![CDATA[]]></system-err>
      </testcase>
      <testcase name="Test Cases/Admin Suite Bootstrap/VSP_Error_TestCases/AddPCandPS_MRF_Generic_TC" time="65.222" classname="Test Cases/Admin Suite Bootstrap/VSP_Error_TestCases/AddPCandPS_MRF_Generic_TC" status="PASSED">
         <system-out><![CDATA[2022-05-16 12:17:26 - [TEST_CASE][PASSED] - Test Cases/Admin Suite Bootstrap/VSP_Error_TestCases/AddPCandPS_MRF_Generic_TC: Test Cases/Admin Suite Bootstrap/VSP_Error_TestCases/AddPCandPS_MRF_Generic_TC

2022-05-16 12:17:26 - [TEST_STEP][PASSED] - path_Dashboard = "Object Repository/AdminSuiteBootstrap_Pages/Dashboard_Bootstrap/": null

2022-05-16 12:17:26 - [TEST_STEP][PASSED] - path_VT = "Object Repository/AdminSuiteBootstrap_Pages/VT_Bootstrap/IssueTransactions/": null

2022-05-16 12:17:26 - [TEST_STEP][PASSED] - path_CreateProfile = "Object Repository/AdminSuiteBootstrap_Pages/VSP_Bootstrap/CreateProfile/": null

2022-05-16 12:17:26 - [TEST_STEP][PASSED] - path_AddAccount = "Object Repository/AdminSuiteBootstrap_Pages/VSP_Bootstrap/AddAccount/": null

2022-05-16 12:17:26 - [TEST_STEP][PASSED] - path_Add_ACH = "Object Repository/AdminSuiteBootstrap_Pages/VSP_Bootstrap/AddACH/": null

2022-05-16 12:17:26 - [TEST_STEP][PASSED] - path_Add_CC = "Object Repository/AdminSuiteBootstrap_Pages/VSP_Bootstrap/AddCreditCard/": null

2022-05-16 12:17:26 - [TEST_STEP][PASSED] - path_App_Plan = "Object Repository/AdminSuiteBootstrap_Pages/VSP_Bootstrap/AddPaymentPlan/": null

2022-05-16 12:17:26 - [TEST_STEP][PASSED] - path_DeleteProfile = "Object Repository/AdminSuiteBootstrap_Pages/VSP_Bootstrap/DeleteProfile/": null

2022-05-16 12:17:26 - [TEST_STEP][PASSED] - path_ModifyProfile = "Object Repository/AdminSuiteBootstrap_Pages/VSP_Bootstrap/ModifyProfile/": null

2022-05-16 12:17:26 - [TEST_STEP][PASSED] - path_ViewProfile = "Object Repository/AdminSuiteBootstrap_Pages/VSP_Bootstrap/View Profile/": null

2022-05-16 12:17:26 - [TEST_STEP][PASSED] - path_VSPAuth = "Object Repository/AdminSuiteBootstrap_Pages/VSP_Bootstrap/VSP_Auth/": null

2022-05-16 12:17:26 - [TEST_STEP][PASSED] - path_VSPAuthCap = "Object Repository/AdminSuiteBootstrap_Pages/VSP_Bootstrap/VSP_Authcap/": null

2022-05-16 12:17:26 - [TEST_STEP][PASSED] - path_Debit = "Object Repository/AdminSuiteBootstrap_Pages/VSP_Bootstrap/VSP_Debit/": null

2022-05-16 12:17:26 - [TEST_STEP][PASSED] - path_DeleteProfileConfirm = "Object Repository/AdminSuiteBootstrap_Pages/VSP_Bootstrap/DeleteProfileConfirm/": null

2022-05-16 12:17:26 - [TEST_STEP][PASSED] - executionProfile = getExecutionProfile(): null

2022-05-16 12:17:26 - [TEST_STEP][PASSED] - out.println("executionProfile : " + executionProfile): null

2022-05-16 12:17:26 - [TEST_STEP][PASSED] - appName = <not implemented yet for class: org.codehaus.groovy.ast.expr.EmptyExpression>: null

2022-05-16 12:17:26 - [TEST_STEP][PASSED] - appID = <not implemented yet for class: org.codehaus.groovy.ast.expr.EmptyExpression>: null

2022-05-16 12:17:26 - [TEST_STEP][PASSED] - cardNameV = <not implemented yet for class: org.codehaus.groovy.ast.expr.EmptyExpression>: null

2022-05-16 12:17:26 - [TEST_STEP][PASSED] - al1V = <not implemented yet for class: org.codehaus.groovy.ast.expr.EmptyExpression>: null

2022-05-16 12:17:26 - [TEST_STEP][PASSED] - al2V = <not implemented yet for class: org.codehaus.groovy.ast.expr.EmptyExpression>: null

2022-05-16 12:17:26 - [TEST_STEP][PASSED] - zipV = <not implemented yet for class: org.codehaus.groovy.ast.expr.EmptyExpression>: null

2022-05-16 12:17:26 - [TEST_STEP][PASSED] - cardTypeV = <not implemented yet for class: org.codehaus.groovy.ast.expr.EmptyExpression>: null

2022-05-16 12:17:26 - [TEST_STEP][PASSED] - last4V = <not implemented yet for class: org.codehaus.groovy.ast.expr.EmptyExpression>: null

2022-05-16 12:17:26 - [TEST_STEP][PASSED] - nameSheet = "AddACHMRF": null

2022-05-16 12:17:26 - [TEST_STEP][PASSED] - numOfRows = findTestData("QA/Bootstrap/VSP-Profile-TestData/AddACHMRF").getRowNumbers(): null

2022-05-16 12:17:26 - [TEST_STEP][PASSED] - println("Number of Records: " + numOfRows): null

2022-05-16 12:17:26 - [TEST_STEP][PASSED] - dataFile = "QA/Bootstrap/VSP-Profile-TestData/AddACHMRF": null

2022-05-16 12:17:26 - [TEST_STEP][PASSED] - for ([row = 1, row <= numOfRows, (row++)]): Browser is closed

2022-05-16 12:17:26 - [TEST_STEP][PASSED] - ExecuteTC = findTestData(dataFile).getValue("Execute", row): null

2022-05-16 12:17:26 - [TEST_STEP][PASSED] - out.println("Value of Execute is : " + ExecuteTC): null

2022-05-16 12:17:26 - [TEST_STEP][PASSED] - switch (executionProfile): null

2022-05-16 12:17:26 - [TEST_STEP][PASSED] - case "DemoProfile":: null

2022-05-16 12:17:26 - [TEST_STEP][PASSED] - appName = findTestData(dataFile).getValue("AppNameDemo", row): null

2022-05-16 12:17:26 - [TEST_STEP][PASSED] - appID = findTestData(dataFile).getValue("AppIDDemo", row): null

2022-05-16 12:17:26 - [TEST_STEP][PASSED] - break: null

2022-05-16 12:17:26 - [TEST_STEP][PASSED] - if (ExecuteTC.equalsIgnoreCase("Y")): Browser is closed

2022-05-16 12:17:26 - [TEST_STEP][PASSED] - out.println("Begin Record Number: " + row): null

2022-05-16 12:17:26 - [TEST_STEP][PASSED] - today = new java.util.Date(): null

2022-05-16 12:17:26 - [TEST_STEP][PASSED] - println(today): null

2022-05-16 12:17:26 - [TEST_STEP][PASSED] - datText = today: null

2022-05-16 12:17:26 - [TEST_STEP][PASSED] - adminSuiteBootstrap.loginFunctionality.login_AdminSuite(): adminSuiteBootstrap.loginFunctionality.login_AdminSuite is PASSED

2022-05-16 12:17:26 - [MESSAGE][INFO] - Starting 'Chrome' driver

2022-05-16 12:17:26 - [MESSAGE][INFO] - User set preference: ['acceptInsecureCerts', 'true']

2022-05-16 12:17:26 - [MESSAGE][INFO] - Action delay is set to 0 milliseconds

2022-05-16 12:17:29 - [MESSAGE][PASSED] - Browser is opened with url: 'https://demo.velocitypayment.com/admin/imtiazdemo'

2022-05-16 12:17:29 - [MESSAGE][PASSED] - Current window maximized

2022-05-16 12:17:29 - [MESSAGE][PASSED] - Object 'Object Repository/Login_Page/Login_Username' is present

2022-05-16 12:17:30 - [MESSAGE][PASSED] - Text 'iahmed' is set on object 'Object Repository/Login_Page/Login_Username'

2022-05-16 12:17:31 - [MESSAGE][PASSED] - Text 'hello2222' is set on object 'Object Repository/Login_Page/Login_Password'

2022-05-16 12:17:34 - [MESSAGE][PASSED] - Object: 'Object Repository/Login_Page/Login_Submit' is clicked on

2022-05-16 12:17:34 - [MESSAGE][PASSED] - adminSuiteBootstrap.loginFunctionality.login_AdminSuite is PASSED

2022-05-16 12:17:34 - [TEST_STEP][PASSED] - click(findTestObject(path_Dashboard + appName)): Object: 'Object Repository/AdminSuiteBootstrap_Pages/Dashboard_Bootstrap/a_Access AutoNoCFtpDemo' is clicked on

2022-05-16 12:17:36 - [MESSAGE][PASSED] - Object: 'Object Repository/AdminSuiteBootstrap_Pages/Dashboard_Bootstrap/a_Access AutoNoCFtpDemo' is clicked on

2022-05-16 12:17:36 - [TEST_STEP][PASSED] - click(findTestObject(path_VT + "a_Create")): Object: 'Object Repository/AdminSuiteBootstrap_Pages/VT_Bootstrap/IssueTransactions/a_Create' is clicked on

2022-05-16 12:17:38 - [MESSAGE][PASSED] - Object: 'Object Repository/AdminSuiteBootstrap_Pages/VT_Bootstrap/IssueTransactions/a_Create' is clicked on

2022-05-16 12:17:38 - [TEST_STEP][PASSED] - vspBootstrap.CreateProfilePage.setDataCreateProfile(row, dataFile): vspBootstrap.CreateProfilePage.setDataCreateProfile is PASSED

2022-05-16 12:17:41 - [MESSAGE][PASSED] - Text '22201' is set on object 'Object Repository/AdminSuiteBootstrap_Pages/VSP_Bootstrap/CreateProfile/input_PostalCode'

2022-05-16 12:17:42 - [MESSAGE][PASSED] - Text 'YUExh5vIgWXR' is set on object 'Object Repository/AdminSuiteBootstrap_Pages/VSP_Bootstrap/CreateProfile/input_profileName'

2022-05-16 12:17:44 - [MESSAGE][PASSED] - Text '' is set on object 'Object Repository/AdminSuiteBootstrap_Pages/VSP_Bootstrap/CreateProfile/input_CompanyName'

2022-05-16 12:17:45 - [MESSAGE][PASSED] - All options with label '' are selected in object 'Object Repository/AdminSuiteBootstrap_Pages/VSP_Bootstrap/CreateProfile/select_Title'  using regular expression

2022-05-16 12:17:45 - [MESSAGE][PASSED] - Text '' is set on object 'Object Repository/AdminSuiteBootstrap_Pages/VSP_Bootstrap/CreateProfile/input_FirstName'

2022-05-16 12:17:46 - [MESSAGE][PASSED] - Text '' is set on object 'Object Repository/AdminSuiteBootstrap_Pages/VSP_Bootstrap/CreateProfile/input_MiddleName'

2022-05-16 12:17:47 - [MESSAGE][PASSED] - Text '' is set on object 'Object Repository/AdminSuiteBootstrap_Pages/VSP_Bootstrap/CreateProfile/input_LastName'

2022-05-16 12:17:48 - [MESSAGE][PASSED] - All options with label '' are selected in object 'Object Repository/AdminSuiteBootstrap_Pages/VSP_Bootstrap/CreateProfile/select_Suffix'  using regular expression

2022-05-16 12:17:48 - [MESSAGE][PASSED] - Text '15 Toledo Road' is set on object 'Object Repository/AdminSuiteBootstrap_Pages/VSP_Bootstrap/CreateProfile/input_address1'

2022-05-16 12:17:49 - [MESSAGE][PASSED] - Text '' is set on object 'Object Repository/AdminSuiteBootstrap_Pages/VSP_Bootstrap/CreateProfile/input_AddressLine2'

2022-05-16 12:17:50 - [MESSAGE][PASSED] - Text '' is set on object 'Object Repository/AdminSuiteBootstrap_Pages/VSP_Bootstrap/CreateProfile/input_PostalCodeExt'

2022-05-16 12:17:50 - [MESSAGE][PASSED] - Text '' is set on object 'Object Repository/AdminSuiteBootstrap_Pages/VSP_Bootstrap/CreateProfile/input_EmaiAddress'

2022-05-16 12:17:51 - [MESSAGE][PASSED] - Text '' is set on object 'Object Repository/AdminSuiteBootstrap_Pages/VSP_Bootstrap/CreateProfile/input_HomePhoneNumber_HomeAreaCode'

2022-05-16 12:17:52 - [MESSAGE][PASSED] - Text '' is set on object 'Object Repository/AdminSuiteBootstrap_Pages/VSP_Bootstrap/CreateProfile/input_homePrefixNumber'

2022-05-16 12:17:52 - [MESSAGE][PASSED] - Text '' is set on object 'Object Repository/AdminSuiteBootstrap_Pages/VSP_Bootstrap/CreateProfile/input_homeSuffixNumber'

2022-05-16 12:17:53 - [MESSAGE][PASSED] - Text '' is set on object 'Object Repository/AdminSuiteBootstrap_Pages/VSP_Bootstrap/CreateProfile/input_MobilePhoneNumber_mobileAreaCode'

2022-05-16 12:17:54 - [MESSAGE][PASSED] - Text '' is set on object 'Object Repository/AdminSuiteBootstrap_Pages/VSP_Bootstrap/CreateProfile/input_mobilePrefixNumber'

2022-05-16 12:17:54 - [MESSAGE][PASSED] - Text '' is set on object 'Object Repository/AdminSuiteBootstrap_Pages/VSP_Bootstrap/CreateProfile/input_mobileSuffixNumber'

2022-05-16 12:17:55 - [MESSAGE][PASSED] - Text '' is set on object 'Object Repository/AdminSuiteBootstrap_Pages/VSP_Bootstrap/CreateProfile/input_WorkPhoneNumber_workAreaCode'

2022-05-16 12:17:56 - [MESSAGE][PASSED] - Text '' is set on object 'Object Repository/AdminSuiteBootstrap_Pages/VSP_Bootstrap/CreateProfile/input_workPrefixNumber'

2022-05-16 12:17:56 - [MESSAGE][PASSED] - Text '' is set on object 'Object Repository/AdminSuiteBootstrap_Pages/VSP_Bootstrap/CreateProfile/input_workSuffixNumber'

2022-05-16 12:17:57 - [MESSAGE][PASSED] - Text '' is set on object 'Object Repository/AdminSuiteBootstrap_Pages/VSP_Bootstrap/CreateProfile/input_Ext_workExtension'

2022-05-16 12:17:58 - [MESSAGE][PASSED] - Text '' is set on object 'Object Repository/AdminSuiteBootstrap_Pages/VSP_Bootstrap/CreateProfile/textarea_NotesComments_note'

2022-05-16 12:18:02 - [MESSAGE][PASSED] - Object: 'Object Repository/AdminSuiteBootstrap_Pages/VSP_Bootstrap/CreateProfile/button_Save' is clicked on

2022-05-16 12:18:02 - [MESSAGE][PASSED] - vspBootstrap.CreateProfilePage.setDataCreateProfile is PASSED

2022-05-16 12:18:02 - [TEST_STEP][PASSED] - verifyTextPresent("Profile successfully created", true): Text 'Profile successfully created' is present on page  using regular expression

2022-05-16 12:18:02 - [MESSAGE][PASSED] - Text 'Profile successfully created' is present on page  using regular expression

2022-05-16 12:18:02 - [TEST_STEP][PASSED] - click(findTestObject(path_ViewProfile + "button_Add ACH")): Object: 'Object Repository/AdminSuiteBootstrap_Pages/VSP_Bootstrap/View Profile/button_Add ACH' is clicked on

2022-05-16 12:18:05 - [MESSAGE][PASSED] - Object: 'Object Repository/AdminSuiteBootstrap_Pages/VSP_Bootstrap/View Profile/button_Add ACH' is clicked on

2022-05-16 12:18:05 - [TEST_STEP][PASSED] - delay(5): Delayed 5 second(s)

2022-05-16 12:18:10 - [MESSAGE][PASSED] - Delayed 5 second(s)

2022-05-16 12:18:10 - [TEST_STEP][PASSED] - selectOptionByLabel(findTestObject(path_Add_ACH + "select_PaymentType"), "Business Checking", true): All options with label 'Business Checking' are selected in object 'Object Repository/AdminSuiteBootstrap_Pages/VSP_Bootstrap/AddACH/select_PaymentType'  using regular expression

2022-05-16 12:18:11 - [MESSAGE][PASSED] - All options with label 'Business Checking' are selected in object 'Object Repository/AdminSuiteBootstrap_Pages/VSP_Bootstrap/AddACH/select_PaymentType'  using regular expression

2022-05-16 12:18:11 - [TEST_STEP][PASSED] - click(findTestObject(path_Add_ACH + "button_Create")): Object: 'Object Repository/AdminSuiteBootstrap_Pages/VSP_Bootstrap/AddACH/button_Create' is clicked on

2022-05-16 12:18:13 - [MESSAGE][PASSED] - Object: 'Object Repository/AdminSuiteBootstrap_Pages/VSP_Bootstrap/AddACH/button_Create' is clicked on

2022-05-16 12:18:13 - [TEST_STEP][PASSED] - verifyTextPresent("Please correct the error", true): Text 'Please correct the error' is present on page  using regular expression

2022-05-16 12:18:15 - [MESSAGE][PASSED] - Text 'Please correct the error' is present on page  using regular expression

2022-05-16 12:18:15 - [TEST_STEP][PASSED] - verifyTextPresent("A customer's first name is required", true): Text 'A customer's first name is required' is present on page  using regular expression

2022-05-16 12:18:16 - [MESSAGE][PASSED] - Text 'A customer's first name is required' is present on page  using regular expression

2022-05-16 12:18:16 - [TEST_STEP][PASSED] - verifyTextPresent("A customer's last name is required", true): Text 'A customer's last name is required' is present on page  using regular expression

2022-05-16 12:18:16 - [MESSAGE][PASSED] - Text 'A customer's last name is required' is present on page  using regular expression

2022-05-16 12:18:16 - [TEST_STEP][PASSED] - verifyTextPresent("Nickname is required", true): Text 'Nickname is required' is present on page  using regular expression

2022-05-16 12:18:16 - [MESSAGE][PASSED] - Text 'Nickname is required' is present on page  using regular expression

2022-05-16 12:18:16 - [TEST_STEP][PASSED] - verifyTextPresent("RTN length invalid  Invalid Routing Transit Number", true): Text 'RTN length invalid  Invalid Routing Transit Number' is present on page  using regular expression

2022-05-16 12:18:17 - [MESSAGE][PASSED] - Text 'RTN length invalid  Invalid Routing Transit Number' is present on page  using regular expression

2022-05-16 12:18:17 - [TEST_STEP][PASSED] - verifyTextPresent("Account Number is required", true): Text 'Account Number is required' is present on page  using regular expression

2022-05-16 12:18:17 - [MESSAGE][PASSED] - Text 'Account Number is required' is present on page  using regular expression

2022-05-16 12:18:17 - [TEST_STEP][PASSED] - verifyTextPresent("Must provide a company name", true): Text 'Must provide a company name' is present on page  using regular expression

2022-05-16 12:18:17 - [MESSAGE][PASSED] - Text 'Must provide a company name' is present on page  using regular expression

2022-05-16 12:18:17 - [TEST_STEP][PASSED] - click(findTestObject(path_Add_ACH + "button_Cancel")): Object: 'Object Repository/AdminSuiteBootstrap_Pages/VSP_Bootstrap/AddACH/button_Cancel' is clicked on

2022-05-16 12:18:22 - [MESSAGE][PASSED] - Object: 'Object Repository/AdminSuiteBootstrap_Pages/VSP_Bootstrap/AddACH/button_Cancel' is clicked on

2022-05-16 12:18:22 - [TEST_STEP][PASSED] - click(findTestObject(path_ViewProfile + "a_Delete Profile")): Object: 'Object Repository/AdminSuiteBootstrap_Pages/VSP_Bootstrap/View Profile/a_Delete Profile' is clicked on

2022-05-16 12:18:24 - [MESSAGE][PASSED] - Object: 'Object Repository/AdminSuiteBootstrap_Pages/VSP_Bootstrap/View Profile/a_Delete Profile' is clicked on

2022-05-16 12:18:24 - [TEST_STEP][PASSED] - verifyTextPresent("This will delete all of the following information. Are you sure you want to do this?", true): Text 'This will delete all of the following information. Are you sure you want to do this?' is present on page  using regular expression

2022-05-16 12:18:25 - [MESSAGE][PASSED] - Text 'This will delete all of the following information. Are you sure you want to do this?' is present on page  using regular expression

2022-05-16 12:18:25 - [TEST_STEP][PASSED] - click(findTestObject(path_DeleteProfileConfirm + "button_Delete")): Object: 'Object Repository/AdminSuiteBootstrap_Pages/VSP_Bootstrap/DeleteProfileConfirm/button_Delete' is clicked on

2022-05-16 12:18:29 - [MESSAGE][PASSED] - Object: 'Object Repository/AdminSuiteBootstrap_Pages/VSP_Bootstrap/DeleteProfileConfirm/button_Delete' is clicked on

2022-05-16 12:18:29 - [TEST_STEP][PASSED] - verifyTextPresent("No Search String", true): Text 'No Search String' is present on page  using regular expression

2022-05-16 12:18:30 - [MESSAGE][PASSED] - Text 'No Search String' is present on page  using regular expression

2022-05-16 12:18:30 - [TEST_STEP][PASSED] - verifyTextPresent("You must provide a search string of at least 2 characters", true): Text 'You must provide a search string of at least 2 characters' is present on page  using regular expression

2022-05-16 12:18:30 - [MESSAGE][PASSED] - Text 'You must provide a search string of at least 2 characters' is present on page  using regular expression

2022-05-16 12:18:30 - [TEST_STEP][PASSED] - closeBrowser(): Browser is closed

2022-05-16 12:18:31 - [MESSAGE][PASSED] - Browser is closed]]></system-out>
         <system-err><![CDATA[]]></system-err>
      </testcase>
      <system-out><![CDATA[2022-05-16 12:14:28 - [TEST_SUITE][PASSED] - VSP-Errors-TestSuite: Test Cases/Admin Suite Bootstrap/VSP_Error_TestCases/AddPCandPS_MRF_Generic_TC]]></system-out>
      <system-err><![CDATA[]]></system-err>
   </testsuite>
</testsuites>
