<?xml version="1.0" encoding="UTF-8"?>
<testsuites name="QA_BBP_Regression" time="113.649" tests="4" failures="0" errors="0">
   <testsuite name="QA_BBP_Regression" tests="4" failures="0" errors="0" time="113.649" skipped="0" timestamp="2023-11-16 16:22:57" hostname="imtiaz - DESKTOP-B2QI6NS.govolution.com" id="Test Suites/QA/BBP/QA_BBP_Regression">
      <properties>
         <property name="deviceName" value=""/>
         <property name="devicePlatform" value=""/>
         <property name="logFolder" value="E:\\Cloned-Project-Katalon\\VPS-Katalon\\Reports\\20231116_162250\\QA\\BBP\\QA_BBP_Regression\\20231116_162250"/>
         <property name="logFiles" value="E:\\Cloned-Project-Katalon\\VPS-Katalon\\Reports\\20231116_162250\\QA\\BBP\\QA_BBP_Regression\\20231116_162250\\execution0.log"/>
         <property name="attachments" value=""/>
         <property name="hostName" value="imtiaz - DESKTOP-B2QI6NS.govolution.com"/>
         <property name="os" value="Windows 10 64bit"/>
         <property name="katalonVersion" value="8.6.6.208"/>
         <property name="browser" value="Chrome 119.0.0.0"/>
         <property name="hostAddress" value="172.31.253.139"/>
         <property name="sessionId" value="8aa3e162a3d33b88d1913febd3151872"/>
         <property name="seleniumVersion" value="3.141.59"/>
         <property name="proxyInformation" value="ProxyInformation { proxyOption=NO_PROXY, proxyServerType=HTTP, username=, password=********, proxyServerAddress=, proxyServerPort=0, executionList=&quot;&quot;, isApplyToDesiredCapabilities=true }"/>
         <property name="platform" value="Windows 10"/>
      </properties>
      <testcase name="Test Cases/BBP-SelIDE/SuccessfulPaymentCCDualCFAboveCeiling" time="28.305" classname="Test Cases/BBP-SelIDE/SuccessfulPaymentCCDualCFAboveCeiling" status="PASSED">
         <system-out><![CDATA[2023-11-16 16:22:57 - [TEST_CASE][PASSED] - Test Cases/BBP-SelIDE/SuccessfulPaymentCCDualCFAboveCeiling: Test Cases/BBP-SelIDE/SuccessfulPaymentCCDualCFAboveCeiling

2023-11-16 16:22:58 - [TEST_STEP][PASSED] - softAssertion = new org.testng.asserts.SoftAssert(): null

2023-11-16 16:22:58 - [TEST_STEP][PASSED] - openBrowser("https://www.google.com/"): Browser is opened with url: 'https://www.google.com/'

2023-11-16 16:23:00 - [MESSAGE][PASSED] - Browser is opened with url: 'https://www.google.com/'

2023-11-16 16:23:00 - [TEST_STEP][PASSED] - driver = getWebDriver(): null

2023-11-16 16:23:00 - [TEST_STEP][PASSED] - baseUrl = "https://www.google.com/": null

2023-11-16 16:23:00 - [TEST_STEP][PASSED] - selenium = new com.thoughtworks.selenium.webdriven.WebDriverBackedSelenium(driver, baseUrl): null

2023-11-16 16:23:00 - [TEST_STEP][PASSED] - dCFBBPURL = DCFBBPURL: null

2023-11-16 16:23:01 - [TEST_STEP][PASSED] - selenium.open(dCFBBPURL): null

2023-11-16 16:23:01 - [TEST_STEP][PASSED] - selenium.type("id=field1", "101110"): null

2023-11-16 16:23:01 - [TEST_STEP][PASSED] - selenium.type("id=field2", "101111"): null

2023-11-16 16:23:01 - [TEST_STEP][PASSED] - selenium.click("name=Test"): null

2023-11-16 16:23:02 - [TEST_STEP][PASSED] - Thread.sleep(2000): null

2023-11-16 16:23:04 - [TEST_STEP][PASSED] - selenium.click("name=paysubmit"): null

2023-11-16 16:23:04 - [TEST_STEP][PASSED] - selenium.waitForPageToLoad("30000"): null

2023-11-16 16:23:04 - [TEST_STEP][PASSED] - selenium.click("name=paymentMethod"): null

2023-11-16 16:23:05 - [TEST_STEP][PASSED] - selenium.click("css=input[type="submit"]"): null

2023-11-16 16:23:05 - [TEST_STEP][PASSED] - selenium.waitForPageToLoad("30000"): null

2023-11-16 16:23:06 - [TEST_STEP][PASSED] - selenium.type("name=amount", 00".toString()): null

2023-11-16 16:23:06 - [TEST_STEP][PASSED] - selenium.type("name=userDefined2", "UDF2 Data1".toString()): null

2023-11-16 16:23:06 - [TEST_STEP][PASSED] - selenium.type("name=userDefined3", "UDF3 Data1".toString()): null

2023-11-16 16:23:06 - [TEST_STEP][PASSED] - selenium.type("name=userDefined5", "UDF5 Data1".toString()): null

2023-11-16 16:23:06 - [TEST_STEP][PASSED] - selenium.type("name=userDefined6", "UDF6 Data1".toString()): null

2023-11-16 16:23:06 - [TEST_STEP][PASSED] - selenium.type("name=userDefined8", "UDF8 Data1".toString()): null

2023-11-16 16:23:06 - [TEST_STEP][PASSED] - selenium.type("name=billingName", "Hunter Helms".toString()): null

2023-11-16 16:23:06 - [TEST_STEP][PASSED] - selenium.type("id=cardNumber", "4111111111111111"): null

2023-11-16 16:23:06 - [TEST_STEP][PASSED] - selenium.type("id=spc", "123"): null

2023-11-16 16:23:06 - [TEST_STEP][PASSED] - selenium.select("name=cardExpMonth", "label=04"): null

2023-11-16 16:23:06 - [TEST_STEP][PASSED] - selenium.select("name=cardExpYear", "label=2025"): null

2023-11-16 16:23:07 - [TEST_STEP][PASSED] - selenium.type("name=billingAddress", "2311 york road".toString()): null

2023-11-16 16:23:07 - [TEST_STEP][PASSED] - selenium.type("name=billingAddress2", "Suite 600".toString()): null

2023-11-16 16:23:07 - [TEST_STEP][PASSED] - selenium.type("id=billing-zip-input", "21054"): null

2023-11-16 16:23:07 - [TEST_STEP][PASSED] - selenium.type("name=emailAddress", com".toString()): null

2023-11-16 16:23:07 - [TEST_STEP][PASSED] - selenium.click("id=checkedAcceptCondition"): null

2023-11-16 16:23:07 - [TEST_STEP][PASSED] - selenium.click("name=ccSubmit"): null

2023-11-16 16:23:07 - [TEST_STEP][PASSED] - selenium.waitForPageToLoad("30000"): null

2023-11-16 16:23:08 - [TEST_STEP][PASSED] - verifyTextPresent("Please verify the following information:", true): Text 'Please verify the following information:' is present on page  using regular expression

2023-11-16 16:23:08 - [MESSAGE][PASSED] - Text 'Please verify the following information:' is present on page  using regular expression

2023-11-16 16:23:08 - [TEST_STEP][PASSED] - verifyTextPresent("Is this information correct", true): Text 'Is this information correct' is present on page  using regular expression

2023-11-16 16:23:09 - [MESSAGE][PASSED] - Text 'Is this information correct' is present on page  using regular expression

2023-11-16 16:23:09 - [TEST_STEP][PASSED] - selenium.click("name=confirmNotifyAction"): null

2023-11-16 16:23:09 - [TEST_STEP][PASSED] - selenium.waitForPageToLoad("30000"): null

2023-11-16 16:23:10 - [TEST_STEP][PASSED] - Thread.sleep(15000): null

2023-11-16 16:23:25 - [TEST_STEP][PASSED] - verifyTextPresent("101.00", true): Text '101.00' is present on page  using regular expression

2023-11-16 16:23:25 - [MESSAGE][PASSED] - Text '101.00' is present on page  using regular expression

2023-11-16 16:23:25 - [TEST_STEP][PASSED] - verifyTextPresent("Authorization and Capture", true): Text 'Authorization and Capture' is present on page  using regular expression

2023-11-16 16:23:25 - [MESSAGE][PASSED] - Text 'Authorization and Capture' is present on page  using regular expression

2023-11-16 16:23:25 - [TEST_STEP][PASSED] - verifyTextPresent("Visa", true): Text 'Visa' is present on page  using regular expression

2023-11-16 16:23:25 - [MESSAGE][PASSED] - Text 'Visa' is present on page  using regular expression]]></system-out>
         <system-err><![CDATA[]]></system-err>
      </testcase>
      <testcase name="Test Cases/BBP-SelIDE/SuccessfulPaymentCCDualCFFlat" time="29.515" classname="Test Cases/BBP-SelIDE/SuccessfulPaymentCCDualCFFlat" status="PASSED">
         <system-out><![CDATA[2023-11-16 16:23:25 - [TEST_CASE][PASSED] - Test Cases/BBP-SelIDE/SuccessfulPaymentCCDualCFFlat: Test Cases/BBP-SelIDE/SuccessfulPaymentCCDualCFFlat

2023-11-16 16:23:26 - [TEST_STEP][PASSED] - softAssertion = new org.testng.asserts.SoftAssert(): null

2023-11-16 16:23:26 - [TEST_STEP][PASSED] - openBrowser("https://www.google.com/"): Browser is opened with url: 'https://www.google.com/'

2023-11-16 16:23:27 - [MESSAGE][PASSED] - Browser is opened with url: 'https://www.google.com/'

2023-11-16 16:23:27 - [TEST_STEP][PASSED] - driver = getWebDriver(): null

2023-11-16 16:23:27 - [TEST_STEP][PASSED] - baseUrl = "https://www.google.com/": null

2023-11-16 16:23:27 - [TEST_STEP][PASSED] - selenium = new com.thoughtworks.selenium.webdriven.WebDriverBackedSelenium(driver, baseUrl): null

2023-11-16 16:23:27 - [TEST_STEP][PASSED] - dCFBBPURL = DCFBBPURL: null

2023-11-16 16:23:27 - [TEST_STEP][PASSED] - selenium.open(dCFBBPURL): null

2023-11-16 16:23:27 - [TEST_STEP][PASSED] - selenium.type("id=field1", "101110"): null

2023-11-16 16:23:27 - [TEST_STEP][PASSED] - selenium.type("id=field2", "101111"): null

2023-11-16 16:23:27 - [TEST_STEP][PASSED] - selenium.click("name=Test"): null

2023-11-16 16:23:27 - [TEST_STEP][PASSED] - Thread.sleep(2000): null

2023-11-16 16:23:29 - [TEST_STEP][PASSED] - selenium.click("name=paysubmit"): null

2023-11-16 16:23:30 - [TEST_STEP][PASSED] - selenium.waitForPageToLoad("30000"): null

2023-11-16 16:23:30 - [TEST_STEP][PASSED] - selenium.click("name=paymentMethod"): null

2023-11-16 16:23:30 - [TEST_STEP][PASSED] - selenium.click("css=input[type="submit"]"): null

2023-11-16 16:23:31 - [TEST_STEP][PASSED] - selenium.waitForPageToLoad("30000"): null

2023-11-16 16:23:32 - [TEST_STEP][PASSED] - selenium.type("name=amount", 00".toString()): null

2023-11-16 16:23:32 - [TEST_STEP][PASSED] - selenium.type("name=userDefined2", "UDF2 Data1".toString()): null

2023-11-16 16:23:32 - [TEST_STEP][PASSED] - selenium.type("name=userDefined3", "UDF3 Data1".toString()): null

2023-11-16 16:23:32 - [TEST_STEP][PASSED] - selenium.type("name=userDefined5", "UDF5 Data1".toString()): null

2023-11-16 16:23:32 - [TEST_STEP][PASSED] - selenium.type("name=userDefined6", "UDF6 Data1".toString()): null

2023-11-16 16:23:32 - [TEST_STEP][PASSED] - selenium.type("name=userDefined8", "UDF8 Data1".toString()): null

2023-11-16 16:23:32 - [TEST_STEP][PASSED] - selenium.type("name=billingName", "Hunter Helms".toString()): null

2023-11-16 16:23:32 - [TEST_STEP][PASSED] - selenium.type("id=cardNumber", "4111111111111111"): null

2023-11-16 16:23:32 - [TEST_STEP][PASSED] - selenium.type("id=spc", "123"): null

2023-11-16 16:23:32 - [TEST_STEP][PASSED] - selenium.select("name=cardExpMonth", "label=04"): null

2023-11-16 16:23:32 - [TEST_STEP][PASSED] - selenium.select("name=cardExpYear", "label=2025"): null

2023-11-16 16:23:32 - [TEST_STEP][PASSED] - selenium.type("name=billingAddress", "2311 york road".toString()): null

2023-11-16 16:23:32 - [TEST_STEP][PASSED] - selenium.type("name=billingAddress2", "Suite 600".toString()): null

2023-11-16 16:23:32 - [TEST_STEP][PASSED] - selenium.type("id=billing-zip-input", "21054"): null

2023-11-16 16:23:33 - [TEST_STEP][PASSED] - selenium.type("name=emailAddress", com".toString()): null

2023-11-16 16:23:33 - [TEST_STEP][PASSED] - selenium.click("id=checkedAcceptCondition"): null

2023-11-16 16:23:33 - [TEST_STEP][PASSED] - selenium.click("name=ccSubmit"): null

2023-11-16 16:23:33 - [TEST_STEP][PASSED] - selenium.waitForPageToLoad("30000"): null

2023-11-16 16:23:34 - [TEST_STEP][PASSED] - verifyTextPresent("Please verify the following information:", true): Text 'Please verify the following information:' is present on page  using regular expression

2023-11-16 16:23:34 - [MESSAGE][PASSED] - Text 'Please verify the following information:' is present on page  using regular expression

2023-11-16 16:23:34 - [TEST_STEP][PASSED] - verifyTextPresent("Is this information correct", true): Text 'Is this information correct' is present on page  using regular expression

2023-11-16 16:23:34 - [MESSAGE][PASSED] - Text 'Is this information correct' is present on page  using regular expression

2023-11-16 16:23:34 - [TEST_STEP][PASSED] - selenium.click("name=confirmNotifyAction"): null

2023-11-16 16:23:35 - [TEST_STEP][PASSED] - selenium.waitForPageToLoad("30000"): null

2023-11-16 16:23:35 - [TEST_STEP][PASSED] - verifyTextPresent("This transaction is subject to a Convenience Fees of $2.00.", false): Text 'This transaction is subject to a Convenience Fees of $2.00.' is present on page 

2023-11-16 16:23:35 - [MESSAGE][PASSED] - Text 'This transaction is subject to a Convenience Fees of $2.00.' is present on page 

2023-11-16 16:23:35 - [TEST_STEP][PASSED] - verifyTextPresent("Payment Amount:", true): Text 'Payment Amount:' is present on page  using regular expression

2023-11-16 16:23:36 - [MESSAGE][PASSED] - Text 'Payment Amount:' is present on page  using regular expression

2023-11-16 16:23:36 - [TEST_STEP][PASSED] - verifyTextPresent("$10.00", false): Text '$10.00' is present on page 

2023-11-16 16:23:36 - [MESSAGE][PASSED] - Text '$10.00' is present on page 

2023-11-16 16:23:36 - [TEST_STEP][PASSED] - verifyTextPresent("Convenience Fees:", true): Text 'Convenience Fees:' is present on page  using regular expression

2023-11-16 16:23:36 - [MESSAGE][PASSED] - Text 'Convenience Fees:' is present on page  using regular expression

2023-11-16 16:23:36 - [TEST_STEP][PASSED] - verifyTextPresent("$2.00", false): Text '$2.00' is present on page 

2023-11-16 16:23:37 - [MESSAGE][PASSED] - Text '$2.00' is present on page 

2023-11-16 16:23:37 - [TEST_STEP][PASSED] - verifyTextPresent("Total Amount:", true): Text 'Total Amount:' is present on page  using regular expression

2023-11-16 16:23:37 - [MESSAGE][PASSED] - Text 'Total Amount:' is present on page  using regular expression

2023-11-16 16:23:37 - [TEST_STEP][PASSED] - verifyTextPresent("$12.00", false): Text '$12.00' is present on page 

2023-11-16 16:23:37 - [MESSAGE][PASSED] - Text '$12.00' is present on page 

2023-11-16 16:23:37 - [TEST_STEP][PASSED] - verifyTextPresent("Two transactions will appear on your bank statement, one in the amount of $10.00 and one in the amount of $2.00.", false): Text 'Two transactions will appear on your bank statement, one in the amount of $10.00 and one in the amount of $2.00.' is present on page 

2023-11-16 16:23:37 - [MESSAGE][PASSED] - Text 'Two transactions will appear on your bank statement, one in the amount of $10.00 and one in the amount of $2.00.' is present on page 

2023-11-16 16:23:37 - [TEST_STEP][PASSED] - selenium.click("name=convFeeNotifyAction"): null

2023-11-16 16:23:38 - [TEST_STEP][PASSED] - selenium.waitForPageToLoad("30000"): null

2023-11-16 16:23:38 - [TEST_STEP][PASSED] - Thread.sleep(15000): null

2023-11-16 16:23:53 - [TEST_STEP][PASSED] - verifyTextPresent("$10.00", false): Text '$10.00' is present on page 

2023-11-16 16:23:54 - [MESSAGE][PASSED] - Text '$10.00' is present on page 

2023-11-16 16:23:54 - [TEST_STEP][PASSED] - verifyTextPresent("$2.00", false): Text '$2.00' is present on page 

2023-11-16 16:23:54 - [MESSAGE][PASSED] - Text '$2.00' is present on page 

2023-11-16 16:23:54 - [TEST_STEP][PASSED] - verifyTextPresent("Dual Transaction", true): Text 'Dual Transaction' is present on page  using regular expression

2023-11-16 16:23:54 - [MESSAGE][PASSED] - Text 'Dual Transaction' is present on page  using regular expression

2023-11-16 16:23:54 - [TEST_STEP][PASSED] - verifyTextPresent("$12.00", false): Text '$12.00' is present on page 

2023-11-16 16:23:54 - [MESSAGE][PASSED] - Text '$12.00' is present on page 

2023-11-16 16:23:54 - [TEST_STEP][PASSED] - verifyTextPresent("Authorization and Capture", true): Text 'Authorization and Capture' is present on page  using regular expression

2023-11-16 16:23:55 - [MESSAGE][PASSED] - Text 'Authorization and Capture' is present on page  using regular expression

2023-11-16 16:23:55 - [TEST_STEP][PASSED] - verifyTextPresent("Visa", true): Text 'Visa' is present on page  using regular expression

2023-11-16 16:23:55 - [MESSAGE][PASSED] - Text 'Visa' is present on page  using regular expression]]></system-out>
         <system-err><![CDATA[]]></system-err>
      </testcase>
      <testcase name="Test Cases/BBP-SelIDE/SuccessfulPaymentCCDualCFNotInSchedule" time="25.984" classname="Test Cases/BBP-SelIDE/SuccessfulPaymentCCDualCFNotInSchedule" status="PASSED">
         <system-out><![CDATA[2023-11-16 16:23:55 - [TEST_CASE][PASSED] - Test Cases/BBP-SelIDE/SuccessfulPaymentCCDualCFNotInSchedule: Test Cases/BBP-SelIDE/SuccessfulPaymentCCDualCFNotInSchedule

2023-11-16 16:23:56 - [TEST_STEP][PASSED] - softAssertion = new org.testng.asserts.SoftAssert(): null

2023-11-16 16:23:56 - [TEST_STEP][PASSED] - openBrowser("https://www.google.com/"): Browser is opened with url: 'https://www.google.com/'

2023-11-16 16:23:56 - [MESSAGE][PASSED] - Browser is opened with url: 'https://www.google.com/'

2023-11-16 16:23:56 - [TEST_STEP][PASSED] - driver = getWebDriver(): null

2023-11-16 16:23:56 - [TEST_STEP][PASSED] - baseUrl = "https://www.google.com/": null

2023-11-16 16:23:56 - [TEST_STEP][PASSED] - selenium = new com.thoughtworks.selenium.webdriven.WebDriverBackedSelenium(driver, baseUrl): null

2023-11-16 16:23:56 - [TEST_STEP][PASSED] - dCFBBPURL = DCFBBPURL: null

2023-11-16 16:23:56 - [TEST_STEP][PASSED] - selenium.open(dCFBBPURL): null

2023-11-16 16:23:57 - [TEST_STEP][PASSED] - selenium.type("id=field1", "101110"): null

2023-11-16 16:23:57 - [TEST_STEP][PASSED] - selenium.type("id=field2", "101111"): null

2023-11-16 16:23:57 - [TEST_STEP][PASSED] - selenium.click("name=Test"): null

2023-11-16 16:23:57 - [TEST_STEP][PASSED] - Thread.sleep(2000): null

2023-11-16 16:23:59 - [TEST_STEP][PASSED] - selenium.click("name=paysubmit"): null

2023-11-16 16:23:59 - [TEST_STEP][PASSED] - selenium.waitForPageToLoad("30000"): null

2023-11-16 16:24:00 - [TEST_STEP][PASSED] - selenium.click("name=paymentMethod"): null

2023-11-16 16:24:00 - [TEST_STEP][PASSED] - selenium.click("css=input[type="submit"]"): null

2023-11-16 16:24:01 - [TEST_STEP][PASSED] - selenium.waitForPageToLoad("30000"): null

2023-11-16 16:24:01 - [TEST_STEP][PASSED] - selenium.type("name=amount", 00".toString()): null

2023-11-16 16:24:01 - [TEST_STEP][PASSED] - selenium.type("name=userDefined2", "UDF2 Data1".toString()): null

2023-11-16 16:24:01 - [TEST_STEP][PASSED] - selenium.type("name=userDefined3", "UDF3 Data1".toString()): null

2023-11-16 16:24:02 - [TEST_STEP][PASSED] - selenium.type("name=userDefined5", "UDF5 Data1".toString()): null

2023-11-16 16:24:02 - [TEST_STEP][PASSED] - selenium.type("name=userDefined6", "UDF6 Data1".toString()): null

2023-11-16 16:24:02 - [TEST_STEP][PASSED] - selenium.type("name=userDefined8", "UDF8 Data1".toString()): null

2023-11-16 16:24:02 - [TEST_STEP][PASSED] - selenium.type("name=billingName", "Hunter Helms".toString()): null

2023-11-16 16:24:02 - [TEST_STEP][PASSED] - selenium.type("id=cardNumber", "5424000000000015"): null

2023-11-16 16:24:02 - [TEST_STEP][PASSED] - selenium.type("id=spc", "123"): null

2023-11-16 16:24:02 - [TEST_STEP][PASSED] - selenium.select("name=cardExpMonth", "label=04"): null

2023-11-16 16:24:02 - [TEST_STEP][PASSED] - selenium.select("name=cardExpYear", "label=2025"): null

2023-11-16 16:24:02 - [TEST_STEP][PASSED] - selenium.type("name=billingAddress", "2311 york road".toString()): null

2023-11-16 16:24:02 - [TEST_STEP][PASSED] - selenium.type("name=billingAddress2", "Suite 600".toString()): null

2023-11-16 16:24:02 - [TEST_STEP][PASSED] - selenium.type("id=billing-zip-input", "21054"): null

2023-11-16 16:24:02 - [TEST_STEP][PASSED] - selenium.type("name=emailAddress", com".toString()): null

2023-11-16 16:24:02 - [TEST_STEP][PASSED] - selenium.click("id=checkedAcceptCondition"): null

2023-11-16 16:24:02 - [TEST_STEP][PASSED] - selenium.click("name=ccSubmit"): null

2023-11-16 16:24:03 - [TEST_STEP][PASSED] - selenium.waitForPageToLoad("30000"): null

2023-11-16 16:24:04 - [TEST_STEP][PASSED] - verifyTextPresent("Please verify the following information:", true): Text 'Please verify the following information:' is present on page  using regular expression

2023-11-16 16:24:04 - [MESSAGE][PASSED] - Text 'Please verify the following information:' is present on page  using regular expression

2023-11-16 16:24:04 - [TEST_STEP][PASSED] - verifyTextPresent("Is this information correct", true): Text 'Is this information correct' is present on page  using regular expression

2023-11-16 16:24:04 - [MESSAGE][PASSED] - Text 'Is this information correct' is present on page  using regular expression

2023-11-16 16:24:04 - [TEST_STEP][PASSED] - selenium.click("name=confirmNotifyAction"): null

2023-11-16 16:24:05 - [TEST_STEP][PASSED] - selenium.waitForPageToLoad("30000"): null

2023-11-16 16:24:05 - [TEST_STEP][PASSED] - Thread.sleep(15000): null

2023-11-16 16:24:20 - [TEST_STEP][PASSED] - verifyTextPresent("$10.00", false): Text '$10.00' is present on page 

2023-11-16 16:24:20 - [MESSAGE][PASSED] - Text '$10.00' is present on page 

2023-11-16 16:24:20 - [TEST_STEP][PASSED] - verifyTextPresent("Authorization and Capture", true): Text 'Authorization and Capture' is present on page  using regular expression

2023-11-16 16:24:21 - [MESSAGE][PASSED] - Text 'Authorization and Capture' is present on page  using regular expression

2023-11-16 16:24:21 - [TEST_STEP][PASSED] - verifyTextPresent("MasterCard", true): Text 'MasterCard' is present on page  using regular expression

2023-11-16 16:24:21 - [MESSAGE][PASSED] - Text 'MasterCard' is present on page  using regular expression]]></system-out>
         <system-err><![CDATA[]]></system-err>
      </testcase>
      <testcase name="Test Cases/BBP-SelIDE/SuccessfulPaymentCCDualCFPercentage" time="29.355" classname="Test Cases/BBP-SelIDE/SuccessfulPaymentCCDualCFPercentage" status="PASSED">
         <system-out><![CDATA[2023-11-16 16:24:21 - [TEST_CASE][PASSED] - Test Cases/BBP-SelIDE/SuccessfulPaymentCCDualCFPercentage: Test Cases/BBP-SelIDE/SuccessfulPaymentCCDualCFPercentage

2023-11-16 16:24:22 - [TEST_STEP][PASSED] - softAssertion = new org.testng.asserts.SoftAssert(): null

2023-11-16 16:24:22 - [TEST_STEP][PASSED] - openBrowser("https://www.google.com/"): Browser is opened with url: 'https://www.google.com/'

2023-11-16 16:24:22 - [MESSAGE][PASSED] - Browser is opened with url: 'https://www.google.com/'

2023-11-16 16:24:22 - [TEST_STEP][PASSED] - driver = getWebDriver(): null

2023-11-16 16:24:22 - [TEST_STEP][PASSED] - baseUrl = "https://www.google.com/": null

2023-11-16 16:24:22 - [TEST_STEP][PASSED] - selenium = new com.thoughtworks.selenium.webdriven.WebDriverBackedSelenium(driver, baseUrl): null

2023-11-16 16:24:22 - [TEST_STEP][PASSED] - dCFBBPURL = DCFBBPURL: null

2023-11-16 16:24:22 - [TEST_STEP][PASSED] - selenium.open(dCFBBPURL): null

2023-11-16 16:24:23 - [TEST_STEP][PASSED] - selenium.type("id=field1", "101110"): null

2023-11-16 16:24:23 - [TEST_STEP][PASSED] - selenium.type("id=field2", "101111"): null

2023-11-16 16:24:23 - [TEST_STEP][PASSED] - selenium.click("name=Test"): null

2023-11-16 16:24:23 - [TEST_STEP][PASSED] - Thread.sleep(2000): null

2023-11-16 16:24:25 - [TEST_STEP][PASSED] - selenium.click("name=paysubmit"): null

2023-11-16 16:24:25 - [TEST_STEP][PASSED] - selenium.waitForPageToLoad("30000"): null

2023-11-16 16:24:26 - [TEST_STEP][PASSED] - selenium.click("name=paymentMethod"): null

2023-11-16 16:24:26 - [TEST_STEP][PASSED] - selenium.click("css=input[type="submit"]"): null

2023-11-16 16:24:26 - [TEST_STEP][PASSED] - selenium.waitForPageToLoad("30000"): null

2023-11-16 16:24:27 - [TEST_STEP][PASSED] - selenium.type("name=amount", 00".toString()): null

2023-11-16 16:24:27 - [TEST_STEP][PASSED] - selenium.type("name=userDefined2", "UDF2 Data1".toString()): null

2023-11-16 16:24:27 - [TEST_STEP][PASSED] - selenium.type("name=userDefined3", "UDF3 Data1".toString()): null

2023-11-16 16:24:27 - [TEST_STEP][PASSED] - selenium.type("name=userDefined5", "UDF5 Data1".toString()): null

2023-11-16 16:24:27 - [TEST_STEP][PASSED] - selenium.type("name=userDefined6", "UDF6 Data1".toString()): null

2023-11-16 16:24:27 - [TEST_STEP][PASSED] - selenium.type("name=userDefined8", "UDF8 Data1".toString()): null

2023-11-16 16:24:27 - [TEST_STEP][PASSED] - selenium.type("name=billingName", "Hunter Helms".toString()): null

2023-11-16 16:24:27 - [TEST_STEP][PASSED] - selenium.type("id=cardNumber", "4111111111111111"): null

2023-11-16 16:24:27 - [TEST_STEP][PASSED] - selenium.type("id=spc", "123"): null

2023-11-16 16:24:27 - [TEST_STEP][PASSED] - selenium.select("name=cardExpMonth", "label=04"): null

2023-11-16 16:24:28 - [TEST_STEP][PASSED] - selenium.select("name=cardExpYear", "label=2025"): null

2023-11-16 16:24:28 - [TEST_STEP][PASSED] - selenium.type("name=billingAddress", "2311 york road".toString()): null

2023-11-16 16:24:28 - [TEST_STEP][PASSED] - selenium.type("name=billingAddress2", "Suite 600".toString()): null

2023-11-16 16:24:28 - [TEST_STEP][PASSED] - selenium.type("id=billing-zip-input", "21054"): null

2023-11-16 16:24:28 - [TEST_STEP][PASSED] - selenium.type("name=emailAddress", com".toString()): null

2023-11-16 16:24:28 - [TEST_STEP][PASSED] - selenium.click("id=checkedAcceptCondition"): null

2023-11-16 16:24:28 - [TEST_STEP][PASSED] - selenium.click("name=ccSubmit"): null

2023-11-16 16:24:28 - [TEST_STEP][PASSED] - selenium.waitForPageToLoad("30000"): null

2023-11-16 16:24:29 - [TEST_STEP][PASSED] - verifyTextPresent("Please verify the following information:", true): Text 'Please verify the following information:' is present on page  using regular expression

2023-11-16 16:24:29 - [MESSAGE][PASSED] - Text 'Please verify the following information:' is present on page  using regular expression

2023-11-16 16:24:29 - [TEST_STEP][PASSED] - verifyTextPresent("Is this information correct", true): Text 'Is this information correct' is present on page  using regular expression

2023-11-16 16:24:30 - [MESSAGE][PASSED] - Text 'Is this information correct' is present on page  using regular expression

2023-11-16 16:24:30 - [TEST_STEP][PASSED] - selenium.click("name=confirmNotifyAction"): null

2023-11-16 16:24:30 - [TEST_STEP][PASSED] - selenium.waitForPageToLoad("30000"): null

2023-11-16 16:24:31 - [TEST_STEP][PASSED] - verifyTextPresent("This transaction is subject to a Convenience Fees of $6.00.", false): Text 'This transaction is subject to a Convenience Fees of $6.00.' is present on page 

2023-11-16 16:24:31 - [MESSAGE][PASSED] - Text 'This transaction is subject to a Convenience Fees of $6.00.' is present on page 

2023-11-16 16:24:31 - [TEST_STEP][PASSED] - verifyTextPresent("Payment Amount:", true): Text 'Payment Amount:' is present on page  using regular expression

2023-11-16 16:24:31 - [MESSAGE][PASSED] - Text 'Payment Amount:' is present on page  using regular expression

2023-11-16 16:24:31 - [TEST_STEP][PASSED] - verifyTextPresent("$60.00", false): Text '$60.00' is present on page 

2023-11-16 16:24:31 - [MESSAGE][PASSED] - Text '$60.00' is present on page 

2023-11-16 16:24:31 - [TEST_STEP][PASSED] - verifyTextPresent("Convenience Fees:", true): Text 'Convenience Fees:' is present on page  using regular expression

2023-11-16 16:24:32 - [MESSAGE][PASSED] - Text 'Convenience Fees:' is present on page  using regular expression

2023-11-16 16:24:32 - [TEST_STEP][PASSED] - verifyTextPresent("$6.00", false): Text '$6.00' is present on page 

2023-11-16 16:24:32 - [MESSAGE][PASSED] - Text '$6.00' is present on page 

2023-11-16 16:24:32 - [TEST_STEP][PASSED] - verifyTextPresent("Total Amount:", true): Text 'Total Amount:' is present on page  using regular expression

2023-11-16 16:24:32 - [MESSAGE][PASSED] - Text 'Total Amount:' is present on page  using regular expression

2023-11-16 16:24:32 - [TEST_STEP][PASSED] - verifyTextPresent("$66.00", false): Text '$66.00' is present on page 

2023-11-16 16:24:32 - [MESSAGE][PASSED] - Text '$66.00' is present on page 

2023-11-16 16:24:32 - [TEST_STEP][PASSED] - verifyTextPresent("Two transactions will appear on your bank statement, one in the amount of $60.00 and one in the amount of $6.00.", false): Text 'Two transactions will appear on your bank statement, one in the amount of $60.00 and one in the amount of $6.00.' is present on page 

2023-11-16 16:24:33 - [MESSAGE][PASSED] - Text 'Two transactions will appear on your bank statement, one in the amount of $60.00 and one in the amount of $6.00.' is present on page 

2023-11-16 16:24:33 - [TEST_STEP][PASSED] - selenium.click("name=convFeeNotifyAction"): null

2023-11-16 16:24:33 - [TEST_STEP][PASSED] - selenium.waitForPageToLoad("30000"): null

2023-11-16 16:24:34 - [TEST_STEP][PASSED] - Thread.sleep(15000): null

2023-11-16 16:24:49 - [TEST_STEP][PASSED] - verifyTextPresent("$60.00", false): Text '$60.00' is present on page 

2023-11-16 16:24:49 - [MESSAGE][PASSED] - Text '$60.00' is present on page 

2023-11-16 16:24:49 - [TEST_STEP][PASSED] - verifyTextPresent("$6.00", false): Text '$6.00' is present on page 

2023-11-16 16:24:49 - [MESSAGE][PASSED] - Text '$6.00' is present on page 

2023-11-16 16:24:49 - [TEST_STEP][PASSED] - verifyTextPresent("Dual Transaction", true): Text 'Dual Transaction' is present on page  using regular expression

2023-11-16 16:24:50 - [MESSAGE][PASSED] - Text 'Dual Transaction' is present on page  using regular expression

2023-11-16 16:24:50 - [TEST_STEP][PASSED] - verifyTextPresent("$66.00", false): Text '$66.00' is present on page 

2023-11-16 16:24:50 - [MESSAGE][PASSED] - Text '$66.00' is present on page 

2023-11-16 16:24:50 - [TEST_STEP][PASSED] - verifyTextPresent("Authorization and Capture", true): Text 'Authorization and Capture' is present on page  using regular expression

2023-11-16 16:24:50 - [MESSAGE][PASSED] - Text 'Authorization and Capture' is present on page  using regular expression

2023-11-16 16:24:50 - [TEST_STEP][PASSED] - verifyTextPresent("Visa", true): Text 'Visa' is present on page  using regular expression

2023-11-16 16:24:50 - [MESSAGE][PASSED] - Text 'Visa' is present on page  using regular expression]]></system-out>
         <system-err><![CDATA[]]></system-err>
      </testcase>
      <system-out><![CDATA[2023-11-16 16:22:57 - [TEST_SUITE][PASSED] - QA_BBP_Regression: Test Cases/BBP-SelIDE/SuccessfulPaymentCCDualCFPercentage]]></system-out>
      <system-err><![CDATA[]]></system-err>
   </testsuite>
</testsuites>
